<?xml version="1.0" encoding="UTF-8"?>

<!-- generated on Mon Feb 27 13:04:35 2017 by SUMO Version 0.29.0
<?xml version="1.0" encoding="UTF-8"?>

<configuration xmlns:xsi="http://www.w3.org/2001/XMLSchema-instance" xsi:noNamespaceSchemaLocation="http://sumo.dlr.de/xsd/sumoConfiguration.xsd">

    <input>
        <net-file value="tests/debug/cfg/test-two-lane-two-controller-200m2l.net.xml"/>
        <route-files value="tests/debug/cfg/test-two-lane-two-controller-200m2l.rou.xml"/>
        <additional-files value="tests/debug/cfg/test-two-lane-two-controller-200m2l.add.xml"/>
    </input>

    <output>
        <netstate-dump value="tests/debug/cfg/data/test-two-lane-two-controller-200m2l.netstate.xml"/>
        <emission-output value="tests/debug/cfg/data/test-two-lane-two-controller-200m2l.emission.xml"/>
        <amitran-output value="tests/debug/cfg/data/test-two-lane-two-controller-200m2l.amitran.xml"/>
        <lanechange-output value="tests/debug/cfg/data/test-two-lane-two-controller-200m2l.lanechange.xml"/>
    </output>

    <time>
        <begin value="0"/>
        <end value="1000"/>
        <step-length value="0.01"/>
    </time>

    <traci_server>
        <remote-port value="8873"/>
    </traci_server>

    <gui_only>
        <gui-settings-file value="tests/debug/cfg/test-two-lane-two-controller-200m2l.gui.cfg"/>
    </gui_only>

</configuration>
-->

<emission-export xmlns:xsi="http://www.w3.org/2001/XMLSchema-instance" xsi:noNamespaceSchemaLocation="http://sumo.dlr.de/xsd/emission_file.xsd">
    <timestep time="0.00">
        <vehicle id="cfm-fast_0" eclass="HBEFA3/PC_G_EU4" CO2="2624.72" CO="164.78" HC="0.81" NOx="1.20" PMx="0.07" fuel="1.13" electricity="0.00" noise="55.94" route="routeright" type="cfm-fast" waiting="0.00" lane="right_0" pos="46.00" speed="0.00" angle="281.75" x="72.34" y="131.72"/>
        <vehicle id="cfm-fast_1" eclass="HBEFA3/PC_G_EU4" CO2="2624.72" CO="164.78" HC="0.81" NOx="1.20" PMx="0.07" fuel="1.13" electricity="0.00" noise="55.94" route="routetop" type="cfm-fast" waiting="0.00" lane="top_0" pos="11.83" speed="0.00" angle="253.14" x="38.70" y="127.56"/>
        <vehicle id="cfm-fast_2" eclass="HBEFA3/PC_G_EU4" CO2="2624.72" CO="164.78" HC="0.81" NOx="1.20" PMx="0.07" fuel="1.13" electricity="0.00" noise="55.94" route="routetop" type="cfm-fast" waiting="0.00" lane="top_0" pos="27.67" speed="0.00" angle="224.69" x="11.28" y="107.95"/>
        <vehicle id="cfm-fast_3" eclass="HBEFA3/PC_G_EU4" CO2="2624.72" CO="164.78" HC="0.81" NOx="1.20" PMx="0.07" fuel="1.13" electricity="0.00" noise="55.94" route="routetop" type="cfm-fast" waiting="0.00" lane="top_0" pos="43.50" speed="0.00" angle="196.26" x="-3.51" y="77.65"/>
        <vehicle id="cfm-fast_4" eclass="HBEFA3/PC_G_EU4" CO2="2624.72" CO="164.78" HC="0.81" NOx="1.20" PMx="0.07" fuel="1.13" electricity="0.00" noise="55.94" route="routeleft" type="cfm-fast" waiting="0.00" lane="left_0" pos="9.33" speed="0.00" angle="167.63" x="-1.99" y="43.78"/>
        <vehicle id="cfm-fast_5" eclass="HBEFA3/PC_G_EU4" CO2="2624.72" CO="164.78" HC="0.81" NOx="1.20" PMx="0.07" fuel="1.13" electricity="0.00" noise="55.94" route="routeleft" type="cfm-fast" waiting="0.00" lane="left_0" pos="25.17" speed="0.00" angle="139.20" x="15.41" y="14.90"/>
        <vehicle id="cfm-slow_0" eclass="HBEFA3/PC_G_EU4" CO2="2624.72" CO="164.78" HC="0.81" NOx="1.20" PMx="0.07" fuel="1.13" electricity="0.00" noise="55.94" route="routebottom" type="cfm-slow" waiting="0.00" lane="bottom_0" pos="1.00" speed="0.00" angle="92.66" x="65.91" y="-4.90"/>
        <vehicle id="cfm-slow_1" eclass="HBEFA3/PC_G_EU4" CO2="2624.72" CO="164.78" HC="0.81" NOx="1.20" PMx="0.07" fuel="1.13" electricity="0.00" noise="55.94" route="routebottom" type="cfm-slow" waiting="0.00" lane="bottom_0" pos="16.83" speed="0.00" angle="64.18" x="98.30" y="4.45"/>
        <vehicle id="cfm-slow_2" eclass="HBEFA3/PC_G_EU4" CO2="2624.72" CO="164.78" HC="0.81" NOx="1.20" PMx="0.07" fuel="1.13" electricity="0.00" noise="55.94" route="routebottom" type="cfm-slow" waiting="0.00" lane="bottom_0" pos="32.67" speed="0.00" angle="35.75" x="122.33" y="28.10"/>
        <vehicle id="cfm-slow_3" eclass="HBEFA3/PC_G_EU4" CO2="2624.72" CO="164.78" HC="0.81" NOx="1.20" PMx="0.07" fuel="1.13" electricity="0.00" noise="55.94" route="routebottom" type="cfm-slow" waiting="0.00" lane="bottom_0" pos="48.50" speed="0.00" angle="7.24" x="132.19" y="60.34"/>
        <vehicle id="cfm-slow_4" eclass="HBEFA3/PC_G_EU4" CO2="2624.72" CO="164.78" HC="0.81" NOx="1.20" PMx="0.07" fuel="1.13" electricity="0.00" noise="55.94" route="routeright" type="cfm-slow" waiting="0.00" lane="right_0" pos="14.33" speed="0.00" angle="338.68" x="125.41" y="93.56"/>
        <vehicle id="cfm-slow_5" eclass="HBEFA3/PC_G_EU4" CO2="2624.72" CO="164.78" HC="0.81" NOx="1.20" PMx="0.07" fuel="1.13" electricity="0.00" noise="55.94" route="routeright" type="cfm-slow" waiting="0.00" lane="right_0" pos="30.17" speed="0.00" angle="310.20" x="103.71" y="119.35"/>
    </timestep>
    <timestep time="0.01">
        <vehicle id="cfm-fast_0" eclass="HBEFA3/PC_G_EU4" CO2="3091.89" CO="171.99" HC="0.86" NOx="1.42" PMx="0.08" fuel="1.33" electricity="0.00" noise="115.99" route="routeright" type="cfm-fast" waiting="0.00" lane="right_0" pos="46.00" speed="0.14" angle="281.75" x="72.34" y="131.72"/>
        <vehicle id="cfm-fast_1" eclass="HBEFA3/PC_G_EU4" CO2="3091.89" CO="171.99" HC="0.86" NOx="1.42" PMx="0.08" fuel="1.33" electricity="0.00" noise="115.99" route="routetop" type="cfm-fast" waiting="0.00" lane="top_0" pos="11.83" speed="0.14" angle="253.14" x="38.70" y="127.56"/>
        <vehicle id="cfm-fast_2" eclass="HBEFA3/PC_G_EU4" CO2="3091.89" CO="171.99" HC="0.86" NOx="1.42" PMx="0.08" fuel="1.33" electricity="0.00" noise="115.99" route="routetop" type="cfm-fast" waiting="0.00" lane="top_0" pos="27.67" speed="0.14" angle="224.68" x="11.27" y="107.95"/>
        <vehicle id="cfm-fast_3" eclass="HBEFA3/PC_G_EU4" CO2="3091.89" CO="171.99" HC="0.86" NOx="1.42" PMx="0.08" fuel="1.33" electricity="0.00" noise="115.99" route="routetop" type="cfm-fast" waiting="0.00" lane="top_0" pos="43.50" speed="0.14" angle="196.26" x="-3.51" y="77.64"/>
        <vehicle id="cfm-fast_4" eclass="HBEFA3/PC_G_EU4" CO2="3091.89" CO="171.99" HC="0.86" NOx="1.42" PMx="0.08" fuel="1.33" electricity="0.00" noise="115.99" route="routeleft" type="cfm-fast" waiting="0.00" lane="left_0" pos="9.33" speed="0.14" angle="167.62" x="-1.99" y="43.78"/>
        <vehicle id="cfm-fast_5" eclass="HBEFA3/PC_G_EU4" CO2="3091.89" CO="171.99" HC="0.86" NOx="1.42" PMx="0.08" fuel="1.33" electricity="0.00" noise="115.99" route="routeleft" type="cfm-fast" waiting="0.00" lane="left_0" pos="25.17" speed="0.14" angle="139.20" x="15.41" y="14.90"/>
        <vehicle id="cfm-slow_0" eclass="HBEFA3/PC_G_EU4" CO2="3091.89" CO="171.99" HC="0.86" NOx="1.42" PMx="0.08" fuel="1.33" electricity="0.00" noise="115.99" route="routebottom" type="cfm-slow" waiting="0.00" lane="bottom_0" pos="1.00" speed="0.14" angle="92.66" x="65.91" y="-4.90"/>
        <vehicle id="cfm-slow_1" eclass="HBEFA3/PC_G_EU4" CO2="3091.89" CO="171.99" HC="0.86" NOx="1.42" PMx="0.08" fuel="1.33" electricity="0.00" noise="115.99" route="routebottom" type="cfm-slow" waiting="0.00" lane="bottom_0" pos="16.83" speed="0.14" angle="64.18" x="98.31" y="4.45"/>
        <vehicle id="cfm-slow_2" eclass="HBEFA3/PC_G_EU4" CO2="3091.89" CO="171.99" HC="0.86" NOx="1.42" PMx="0.08" fuel="1.33" electricity="0.00" noise="115.99" route="routebottom" type="cfm-slow" waiting="0.00" lane="bottom_0" pos="32.67" speed="0.14" angle="35.75" x="122.33" y="28.10"/>
        <vehicle id="cfm-slow_3" eclass="HBEFA3/PC_G_EU4" CO2="3091.89" CO="171.99" HC="0.86" NOx="1.42" PMx="0.08" fuel="1.33" electricity="0.00" noise="115.99" route="routebottom" type="cfm-slow" waiting="0.00" lane="bottom_0" pos="48.50" speed="0.14" angle="7.24" x="132.19" y="60.35"/>
        <vehicle id="cfm-slow_4" eclass="HBEFA3/PC_G_EU4" CO2="3091.89" CO="171.99" HC="0.86" NOx="1.42" PMx="0.08" fuel="1.33" electricity="0.00" noise="115.99" route="routeright" type="cfm-slow" waiting="0.00" lane="right_0" pos="14.33" speed="0.14" angle="338.68" x="125.41" y="93.56"/>
        <vehicle id="cfm-slow_5" eclass="HBEFA3/PC_G_EU4" CO2="3091.89" CO="171.99" HC="0.86" NOx="1.42" PMx="0.08" fuel="1.33" electricity="0.00" noise="115.99" route="routeright" type="cfm-slow" waiting="0.00" lane="right_0" pos="30.17" speed="0.14" angle="310.20" x="103.70" y="119.36"/>
    </timestep>
    <timestep time="0.02">
        <vehicle id="cfm-fast_0" eclass="HBEFA3/PC_G_EU4" CO2="3559.34" CO="179.23" HC="0.90" NOx="1.64" PMx="0.09" fuel="1.53" electricity="0.00" noise="116.04" route="routeright" type="cfm-fast" waiting="0.00" lane="right_0" pos="46.00" speed="0.27" angle="281.75" x="72.33" y="131.72"/>
        <vehicle id="cfm-fast_1" eclass="HBEFA3/PC_G_EU4" CO2="3559.34" CO="179.23" HC="0.90" NOx="1.64" PMx="0.09" fuel="1.53" electricity="0.00" noise="116.04" route="routetop" type="cfm-fast" waiting="0.00" lane="top_0" pos="11.84" speed="0.27" angle="253.14" x="38.69" y="127.55"/>
        <vehicle id="cfm-fast_2" eclass="HBEFA3/PC_G_EU4" CO2="3559.34" CO="179.23" HC="0.90" NOx="1.64" PMx="0.09" fuel="1.53" electricity="0.00" noise="116.04" route="routetop" type="cfm-fast" waiting="0.00" lane="top_0" pos="27.67" speed="0.27" angle="224.68" x="11.27" y="107.94"/>
        <vehicle id="cfm-fast_3" eclass="HBEFA3/PC_G_EU4" CO2="3559.34" CO="179.23" HC="0.90" NOx="1.64" PMx="0.09" fuel="1.53" electricity="0.00" noise="116.04" route="routetop" type="cfm-fast" waiting="0.00" lane="top_0" pos="43.50" speed="0.27" angle="196.26" x="-3.51" y="77.64"/>
        <vehicle id="cfm-fast_4" eclass="HBEFA3/PC_G_EU4" CO2="3559.34" CO="179.23" HC="0.90" NOx="1.64" PMx="0.09" fuel="1.53" electricity="0.00" noise="116.04" route="routeleft" type="cfm-fast" waiting="0.00" lane="left_0" pos="9.34" speed="0.27" angle="167.62" x="-1.99" y="43.77"/>
        <vehicle id="cfm-fast_5" eclass="HBEFA3/PC_G_EU4" CO2="3559.34" CO="179.23" HC="0.90" NOx="1.64" PMx="0.09" fuel="1.53" electricity="0.00" noise="116.04" route="routeleft" type="cfm-fast" waiting="0.00" lane="left_0" pos="25.17" speed="0.27" angle="139.19" x="15.41" y="14.90"/>
        <vehicle id="cfm-slow_0" eclass="HBEFA3/PC_G_EU4" CO2="3559.34" CO="179.23" HC="0.90" NOx="1.64" PMx="0.09" fuel="1.53" electricity="0.00" noise="116.04" route="routebottom" type="cfm-slow" waiting="0.00" lane="bottom_0" pos="1.00" speed="0.27" angle="92.65" x="65.92" y="-4.90"/>
        <vehicle id="cfm-slow_1" eclass="HBEFA3/PC_G_EU4" CO2="3559.34" CO="179.23" HC="0.90" NOx="1.64" PMx="0.09" fuel="1.53" electricity="0.00" noise="116.04" route="routebottom" type="cfm-slow" waiting="0.00" lane="bottom_0" pos="16.84" speed="0.27" angle="64.17" x="98.31" y="4.45"/>
        <vehicle id="cfm-slow_2" eclass="HBEFA3/PC_G_EU4" CO2="3559.34" CO="179.23" HC="0.90" NOx="1.64" PMx="0.09" fuel="1.53" electricity="0.00" noise="116.04" route="routebottom" type="cfm-slow" waiting="0.00" lane="bottom_0" pos="32.67" speed="0.27" angle="35.74" x="122.33" y="28.11"/>
        <vehicle id="cfm-slow_3" eclass="HBEFA3/PC_G_EU4" CO2="3559.34" CO="179.23" HC="0.90" NOx="1.64" PMx="0.09" fuel="1.53" electricity="0.00" noise="116.04" route="routebottom" type="cfm-slow" waiting="0.00" lane="bottom_0" pos="48.50" speed="0.27" angle="7.24" x="132.19" y="60.35"/>
        <vehicle id="cfm-slow_4" eclass="HBEFA3/PC_G_EU4" CO2="3559.34" CO="179.23" HC="0.90" NOx="1.64" PMx="0.09" fuel="1.53" electricity="0.00" noise="116.04" route="routeright" type="cfm-slow" waiting="0.00" lane="right_0" pos="14.34" speed="0.27" angle="338.68" x="125.41" y="93.57"/>
        <vehicle id="cfm-slow_5" eclass="HBEFA3/PC_G_EU4" CO2="3559.34" CO="179.23" HC="0.90" NOx="1.64" PMx="0.09" fuel="1.53" electricity="0.00" noise="116.04" route="routeright" type="cfm-slow" waiting="0.00" lane="right_0" pos="30.17" speed="0.27" angle="310.20" x="103.70" y="119.36"/>
    </timestep>
    <timestep time="0.03">
        <vehicle id="cfm-fast_0" eclass="HBEFA3/PC_G_EU4" CO2="4027.09" CO="186.49" HC="0.95" NOx="1.85" PMx="0.10" fuel="1.73" electricity="0.00" noise="116.09" route="routeright" type="cfm-fast" waiting="0.00" lane="right_0" pos="46.01" speed="0.41" angle="281.74" x="72.33" y="131.72"/>
        <vehicle id="cfm-fast_1" eclass="HBEFA3/PC_G_EU4" CO2="4027.09" CO="186.49" HC="0.95" NOx="1.85" PMx="0.10" fuel="1.73" electricity="0.00" noise="116.09" route="routetop" type="cfm-fast" waiting="0.00" lane="top_0" pos="11.84" speed="0.41" angle="253.13" x="38.68" y="127.55"/>
        <vehicle id="cfm-fast_2" eclass="HBEFA3/PC_G_EU4" CO2="4027.09" CO="186.49" HC="0.95" NOx="1.85" PMx="0.10" fuel="1.73" electricity="0.00" noise="116.09" route="routetop" type="cfm-fast" waiting="0.00" lane="top_0" pos="27.67" speed="0.41" angle="224.67" x="11.27" y="107.94"/>
        <vehicle id="cfm-fast_3" eclass="HBEFA3/PC_G_EU4" CO2="4027.09" CO="186.49" HC="0.95" NOx="1.85" PMx="0.10" fuel="1.73" electricity="0.00" noise="116.09" route="routetop" type="cfm-fast" waiting="0.00" lane="top_0" pos="43.51" speed="0.41" angle="196.25" x="-3.51" y="77.63"/>
        <vehicle id="cfm-fast_4" eclass="HBEFA3/PC_G_EU4" CO2="4027.09" CO="186.49" HC="0.95" NOx="1.85" PMx="0.10" fuel="1.73" electricity="0.00" noise="116.09" route="routeleft" type="cfm-fast" waiting="0.00" lane="left_0" pos="9.34" speed="0.41" angle="167.61" x="-1.99" y="43.76"/>
        <vehicle id="cfm-fast_5" eclass="HBEFA3/PC_G_EU4" CO2="4027.09" CO="186.49" HC="0.95" NOx="1.85" PMx="0.10" fuel="1.73" electricity="0.00" noise="116.09" route="routeleft" type="cfm-fast" waiting="0.00" lane="left_0" pos="25.17" speed="0.41" angle="139.18" x="15.42" y="14.89"/>
        <vehicle id="cfm-slow_0" eclass="HBEFA3/PC_G_EU4" CO2="4027.09" CO="186.49" HC="0.95" NOx="1.85" PMx="0.10" fuel="1.73" electricity="0.00" noise="116.09" route="routebottom" type="cfm-slow" waiting="0.00" lane="bottom_0" pos="1.01" speed="0.41" angle="92.65" x="65.93" y="-4.90"/>
        <vehicle id="cfm-slow_1" eclass="HBEFA3/PC_G_EU4" CO2="4027.09" CO="186.49" HC="0.95" NOx="1.85" PMx="0.10" fuel="1.73" electricity="0.00" noise="116.09" route="routebottom" type="cfm-slow" waiting="0.00" lane="bottom_0" pos="16.84" speed="0.41" angle="64.16" x="98.32" y="4.46"/>
        <vehicle id="cfm-slow_2" eclass="HBEFA3/PC_G_EU4" CO2="4027.09" CO="186.49" HC="0.95" NOx="1.85" PMx="0.10" fuel="1.73" electricity="0.00" noise="116.09" route="routebottom" type="cfm-slow" waiting="0.00" lane="bottom_0" pos="32.67" speed="0.41" angle="35.74" x="122.34" y="28.12"/>
        <vehicle id="cfm-slow_3" eclass="HBEFA3/PC_G_EU4" CO2="4027.09" CO="186.49" HC="0.95" NOx="1.85" PMx="0.10" fuel="1.73" electricity="0.00" noise="116.09" route="routebottom" type="cfm-slow" waiting="0.00" lane="bottom_0" pos="48.51" speed="0.41" angle="7.23" x="132.19" y="60.36"/>
        <vehicle id="cfm-slow_4" eclass="HBEFA3/PC_G_EU4" CO2="4027.09" CO="186.49" HC="0.95" NOx="1.85" PMx="0.10" fuel="1.73" electricity="0.00" noise="116.09" route="routeright" type="cfm-slow" waiting="0.00" lane="right_0" pos="14.34" speed="0.41" angle="338.67" x="125.41" y="93.58"/>
        <vehicle id="cfm-slow_5" eclass="HBEFA3/PC_G_EU4" CO2="4027.09" CO="186.49" HC="0.95" NOx="1.85" PMx="0.10" fuel="1.73" electricity="0.00" noise="116.09" route="routeright" type="cfm-slow" waiting="0.00" lane="right_0" pos="30.17" speed="0.41" angle="310.19" x="103.69" y="119.36"/>
    </timestep>
    <timestep time="0.04">
        <vehicle id="cfm-fast_0" eclass="HBEFA3/PC_G_EU4" CO2="4495.13" CO="193.77" HC="0.99" NOx="2.07" PMx="0.11" fuel="1.93" electricity="0.00" noise="116.14" route="routeright" type="cfm-fast" waiting="0.00" lane="right_0" pos="46.01" speed="0.55" angle="281.73" x="72.31" y="131.73"/>
        <vehicle id="cfm-fast_1" eclass="HBEFA3/PC_G_EU4" CO2="4495.13" CO="193.77" HC="0.99" NOx="2.07" PMx="0.11" fuel="1.93" electricity="0.00" noise="116.14" route="routetop" type="cfm-fast" waiting="0.00" lane="top_0" pos="11.85" speed="0.55" angle="253.12" x="38.67" y="127.55"/>
        <vehicle id="cfm-fast_2" eclass="HBEFA3/PC_G_EU4" CO2="4495.13" CO="193.77" HC="0.99" NOx="2.07" PMx="0.11" fuel="1.93" electricity="0.00" noise="116.14" route="routetop" type="cfm-fast" waiting="0.00" lane="top_0" pos="27.68" speed="0.55" angle="224.66" x="11.26" y="107.93"/>
        <vehicle id="cfm-fast_3" eclass="HBEFA3/PC_G_EU4" CO2="4495.13" CO="193.77" HC="0.99" NOx="2.07" PMx="0.11" fuel="1.93" electricity="0.00" noise="116.14" route="routetop" type="cfm-fast" waiting="0.00" lane="top_0" pos="43.51" speed="0.55" angle="196.24" x="-3.52" y="77.62"/>
        <vehicle id="cfm-fast_4" eclass="HBEFA3/PC_G_EU4" CO2="4495.13" CO="193.77" HC="0.99" NOx="2.07" PMx="0.11" fuel="1.93" electricity="0.00" noise="116.14" route="routeleft" type="cfm-fast" waiting="0.00" lane="left_0" pos="9.35" speed="0.55" angle="167.60" x="-1.98" y="43.75"/>
        <vehicle id="cfm-fast_5" eclass="HBEFA3/PC_G_EU4" CO2="4495.13" CO="193.77" HC="0.99" NOx="2.07" PMx="0.11" fuel="1.93" electricity="0.00" noise="116.14" route="routeleft" type="cfm-fast" waiting="0.00" lane="left_0" pos="25.18" speed="0.55" angle="139.17" x="15.43" y="14.88"/>
        <vehicle id="cfm-slow_0" eclass="HBEFA3/PC_G_EU4" CO2="4495.13" CO="193.77" HC="0.99" NOx="2.07" PMx="0.11" fuel="1.93" electricity="0.00" noise="116.14" route="routebottom" type="cfm-slow" waiting="0.00" lane="bottom_0" pos="1.01" speed="0.55" angle="92.64" x="65.94" y="-4.90"/>
        <vehicle id="cfm-slow_1" eclass="HBEFA3/PC_G_EU4" CO2="4495.13" CO="193.77" HC="0.99" NOx="2.07" PMx="0.11" fuel="1.93" electricity="0.00" noise="116.14" route="routebottom" type="cfm-slow" waiting="0.00" lane="bottom_0" pos="16.85" speed="0.55" angle="64.15" x="98.33" y="4.46"/>
        <vehicle id="cfm-slow_2" eclass="HBEFA3/PC_G_EU4" CO2="4495.13" CO="193.77" HC="0.99" NOx="2.07" PMx="0.11" fuel="1.93" electricity="0.00" noise="116.14" route="routebottom" type="cfm-slow" waiting="0.00" lane="bottom_0" pos="32.68" speed="0.55" angle="35.73" x="122.34" y="28.13"/>
        <vehicle id="cfm-slow_3" eclass="HBEFA3/PC_G_EU4" CO2="4495.13" CO="193.77" HC="0.99" NOx="2.07" PMx="0.11" fuel="1.93" electricity="0.00" noise="116.14" route="routebottom" type="cfm-slow" waiting="0.00" lane="bottom_0" pos="48.51" speed="0.55" angle="7.22" x="132.19" y="60.37"/>
        <vehicle id="cfm-slow_4" eclass="HBEFA3/PC_G_EU4" CO2="4495.13" CO="193.77" HC="0.99" NOx="2.07" PMx="0.11" fuel="1.93" electricity="0.00" noise="116.14" route="routeright" type="cfm-slow" waiting="0.00" lane="right_0" pos="14.35" speed="0.55" angle="338.66" x="125.40" y="93.59"/>
        <vehicle id="cfm-slow_5" eclass="HBEFA3/PC_G_EU4" CO2="4495.13" CO="193.77" HC="0.99" NOx="2.07" PMx="0.11" fuel="1.93" electricity="0.00" noise="116.14" route="routeright" type="cfm-slow" waiting="0.00" lane="right_0" pos="30.18" speed="0.55" angle="310.18" x="103.68" y="119.37"/>
    </timestep>
    <timestep time="0.05">
        <vehicle id="cfm-fast_0" eclass="HBEFA3/PC_G_EU4" CO2="4963.46" CO="201.07" HC="1.03" NOx="2.29" PMx="0.12" fuel="2.13" electricity="0.00" noise="116.20" route="routeright" type="cfm-fast" waiting="0.00" lane="right_0" pos="46.02" speed="0.68" angle="281.72" x="72.30" y="131.73"/>
        <vehicle id="cfm-fast_1" eclass="HBEFA3/PC_G_EU4" CO2="4963.46" CO="201.07" HC="1.03" NOx="2.29" PMx="0.12" fuel="2.13" electricity="0.00" noise="116.20" route="routetop" type="cfm-fast" waiting="0.00" lane="top_0" pos="11.85" speed="0.68" angle="253.11" x="38.66" y="127.54"/>
        <vehicle id="cfm-fast_2" eclass="HBEFA3/PC_G_EU4" CO2="4963.46" CO="201.07" HC="1.03" NOx="2.29" PMx="0.12" fuel="2.13" electricity="0.00" noise="116.20" route="routetop" type="cfm-fast" waiting="0.00" lane="top_0" pos="27.69" speed="0.68" angle="224.65" x="11.25" y="107.92"/>
        <vehicle id="cfm-fast_3" eclass="HBEFA3/PC_G_EU4" CO2="4963.46" CO="201.07" HC="1.03" NOx="2.29" PMx="0.12" fuel="2.13" electricity="0.00" noise="116.20" route="routetop" type="cfm-fast" waiting="0.00" lane="top_0" pos="43.52" speed="0.68" angle="196.23" x="-3.52" y="77.60"/>
        <vehicle id="cfm-fast_4" eclass="HBEFA3/PC_G_EU4" CO2="4963.46" CO="201.07" HC="1.03" NOx="2.29" PMx="0.12" fuel="2.13" electricity="0.00" noise="116.20" route="routeleft" type="cfm-fast" waiting="0.00" lane="left_0" pos="9.35" speed="0.68" angle="167.59" x="-1.98" y="43.74"/>
        <vehicle id="cfm-fast_5" eclass="HBEFA3/PC_G_EU4" CO2="4963.46" CO="201.07" HC="1.03" NOx="2.29" PMx="0.12" fuel="2.13" electricity="0.00" noise="116.20" route="routeleft" type="cfm-fast" waiting="0.00" lane="left_0" pos="25.19" speed="0.68" angle="139.16" x="15.44" y="14.87"/>
        <vehicle id="cfm-slow_0" eclass="HBEFA3/PC_G_EU4" CO2="4963.46" CO="201.07" HC="1.03" NOx="2.29" PMx="0.12" fuel="2.13" electricity="0.00" noise="116.20" route="routebottom" type="cfm-slow" waiting="0.00" lane="bottom_0" pos="1.02" speed="0.68" angle="92.62" x="65.96" y="-4.90"/>
        <vehicle id="cfm-slow_1" eclass="HBEFA3/PC_G_EU4" CO2="4963.46" CO="201.07" HC="1.03" NOx="2.29" PMx="0.12" fuel="2.13" electricity="0.00" noise="116.20" route="routebottom" type="cfm-slow" waiting="0.00" lane="bottom_0" pos="16.85" speed="0.68" angle="64.14" x="98.34" y="4.47"/>
        <vehicle id="cfm-slow_2" eclass="HBEFA3/PC_G_EU4" CO2="4963.46" CO="201.07" HC="1.03" NOx="2.29" PMx="0.12" fuel="2.13" electricity="0.00" noise="116.20" route="routebottom" type="cfm-slow" waiting="0.00" lane="bottom_0" pos="32.69" speed="0.68" angle="35.71" x="122.35" y="28.14"/>
        <vehicle id="cfm-slow_3" eclass="HBEFA3/PC_G_EU4" CO2="4963.46" CO="201.07" HC="1.03" NOx="2.29" PMx="0.12" fuel="2.13" electricity="0.00" noise="116.20" route="routebottom" type="cfm-slow" waiting="0.00" lane="bottom_0" pos="48.52" speed="0.68" angle="7.21" x="132.19" y="60.39"/>
        <vehicle id="cfm-slow_4" eclass="HBEFA3/PC_G_EU4" CO2="4963.46" CO="201.07" HC="1.03" NOx="2.29" PMx="0.12" fuel="2.13" electricity="0.00" noise="116.20" route="routeright" type="cfm-slow" waiting="0.00" lane="right_0" pos="14.35" speed="0.68" angle="338.64" x="125.39" y="93.60"/>
        <vehicle id="cfm-slow_5" eclass="HBEFA3/PC_G_EU4" CO2="4963.46" CO="201.07" HC="1.03" NOx="2.29" PMx="0.12" fuel="2.13" electricity="0.00" noise="116.20" route="routeright" type="cfm-slow" waiting="0.00" lane="right_0" pos="30.19" speed="0.68" angle="310.17" x="103.67" y="119.38"/>
    </timestep>
    <timestep time="0.06">
        <vehicle id="cfm-fast_0" eclass="HBEFA3/PC_G_EU4" CO2="5432.08" CO="208.39" HC="1.08" NOx="2.51" PMx="0.13" fuel="2.34" electricity="0.00" noise="116.25" route="routeright" type="cfm-fast" waiting="0.00" lane="right_0" pos="46.03" speed="0.82" angle="281.70" x="72.28" y="131.73"/>
        <vehicle id="cfm-fast_1" eclass="HBEFA3/PC_G_EU4" CO2="5432.08" CO="208.39" HC="1.08" NOx="2.51" PMx="0.13" fuel="2.34" electricity="0.00" noise="116.25" route="routetop" type="cfm-fast" waiting="0.00" lane="top_0" pos="11.86" speed="0.82" angle="253.09" x="38.64" y="127.54"/>
        <vehicle id="cfm-fast_2" eclass="HBEFA3/PC_G_EU4" CO2="5432.08" CO="208.39" HC="1.08" NOx="2.51" PMx="0.13" fuel="2.34" electricity="0.00" noise="116.25" route="routetop" type="cfm-fast" waiting="0.00" lane="top_0" pos="27.70" speed="0.82" angle="224.63" x="11.24" y="107.90"/>
        <vehicle id="cfm-fast_3" eclass="HBEFA3/PC_G_EU4" CO2="5432.08" CO="208.39" HC="1.08" NOx="2.51" PMx="0.13" fuel="2.34" electricity="0.00" noise="116.25" route="routetop" type="cfm-fast" waiting="0.00" lane="top_0" pos="43.53" speed="0.82" angle="196.22" x="-3.52" y="77.59"/>
        <vehicle id="cfm-fast_4" eclass="HBEFA3/PC_G_EU4" CO2="5432.08" CO="208.39" HC="1.08" NOx="2.51" PMx="0.13" fuel="2.34" electricity="0.00" noise="116.25" route="routeleft" type="cfm-fast" waiting="0.00" lane="left_0" pos="9.36" speed="0.82" angle="167.57" x="-1.97" y="43.72"/>
        <vehicle id="cfm-fast_5" eclass="HBEFA3/PC_G_EU4" CO2="5432.08" CO="208.39" HC="1.08" NOx="2.51" PMx="0.13" fuel="2.34" electricity="0.00" noise="116.25" route="routeleft" type="cfm-fast" waiting="0.00" lane="left_0" pos="25.20" speed="0.82" angle="139.15" x="15.45" y="14.86"/>
        <vehicle id="cfm-slow_0" eclass="HBEFA3/PC_G_EU4" CO2="5432.08" CO="208.39" HC="1.08" NOx="2.51" PMx="0.13" fuel="2.34" electricity="0.00" noise="116.25" route="routebottom" type="cfm-slow" waiting="0.00" lane="bottom_0" pos="1.03" speed="0.82" angle="92.61" x="65.97" y="-4.90"/>
        <vehicle id="cfm-slow_1" eclass="HBEFA3/PC_G_EU4" CO2="5432.08" CO="208.39" HC="1.08" NOx="2.51" PMx="0.13" fuel="2.34" electricity="0.00" noise="116.25" route="routebottom" type="cfm-slow" waiting="0.00" lane="bottom_0" pos="16.86" speed="0.82" angle="64.13" x="98.36" y="4.48"/>
        <vehicle id="cfm-slow_2" eclass="HBEFA3/PC_G_EU4" CO2="5432.08" CO="208.39" HC="1.08" NOx="2.51" PMx="0.13" fuel="2.34" electricity="0.00" noise="116.25" route="routebottom" type="cfm-slow" waiting="0.00" lane="bottom_0" pos="32.70" speed="0.82" angle="35.70" x="122.36" y="28.15"/>
        <vehicle id="cfm-slow_3" eclass="HBEFA3/PC_G_EU4" CO2="5432.08" CO="208.39" HC="1.08" NOx="2.51" PMx="0.13" fuel="2.34" electricity="0.00" noise="116.25" route="routebottom" type="cfm-slow" waiting="0.00" lane="bottom_0" pos="48.53" speed="0.82" angle="7.19" x="132.19" y="60.41"/>
        <vehicle id="cfm-slow_4" eclass="HBEFA3/PC_G_EU4" CO2="5432.08" CO="208.39" HC="1.08" NOx="2.51" PMx="0.13" fuel="2.34" electricity="0.00" noise="116.25" route="routeright" type="cfm-slow" waiting="0.00" lane="right_0" pos="14.36" speed="0.82" angle="338.63" x="125.39" y="93.61"/>
        <vehicle id="cfm-slow_5" eclass="HBEFA3/PC_G_EU4" CO2="5432.08" CO="208.39" HC="1.08" NOx="2.51" PMx="0.13" fuel="2.34" electricity="0.00" noise="116.25" route="routeright" type="cfm-slow" waiting="0.00" lane="right_0" pos="30.20" speed="0.82" angle="310.15" x="103.66" y="119.39"/>
    </timestep>
    <timestep time="0.07">
        <vehicle id="cfm-fast_0" eclass="HBEFA3/PC_G_EU4" CO2="5901.00" CO="215.74" HC="1.12" NOx="2.72" PMx="0.15" fuel="2.54" electricity="0.00" noise="116.30" route="routeright" type="cfm-fast" waiting="0.00" lane="right_0" pos="46.04" speed="0.95" angle="281.69" x="72.26" y="131.73"/>
        <vehicle id="cfm-fast_1" eclass="HBEFA3/PC_G_EU4" CO2="5901.00" CO="215.74" HC="1.12" NOx="2.72" PMx="0.15" fuel="2.54" electricity="0.00" noise="116.30" route="routetop" type="cfm-fast" waiting="0.00" lane="top_0" pos="11.87" speed="0.95" angle="253.07" x="38.62" y="127.53"/>
        <vehicle id="cfm-fast_2" eclass="HBEFA3/PC_G_EU4" CO2="5901.00" CO="215.74" HC="1.12" NOx="2.72" PMx="0.15" fuel="2.54" electricity="0.00" noise="116.30" route="routetop" type="cfm-fast" waiting="0.00" lane="top_0" pos="27.70" speed="0.95" angle="224.61" x="11.22" y="107.89"/>
        <vehicle id="cfm-fast_3" eclass="HBEFA3/PC_G_EU4" CO2="5901.00" CO="215.74" HC="1.12" NOx="2.72" PMx="0.15" fuel="2.54" electricity="0.00" noise="116.30" route="routetop" type="cfm-fast" waiting="0.00" lane="top_0" pos="43.54" speed="0.95" angle="196.21" x="-3.53" y="77.57"/>
        <vehicle id="cfm-fast_4" eclass="HBEFA3/PC_G_EU4" CO2="5901.00" CO="215.74" HC="1.12" NOx="2.72" PMx="0.15" fuel="2.54" electricity="0.00" noise="116.30" route="routeleft" type="cfm-fast" waiting="0.00" lane="left_0" pos="9.37" speed="0.95" angle="167.56" x="-1.97" y="43.70"/>
        <vehicle id="cfm-fast_5" eclass="HBEFA3/PC_G_EU4" CO2="5901.00" CO="215.74" HC="1.12" NOx="2.72" PMx="0.15" fuel="2.54" electricity="0.00" noise="116.30" route="routeleft" type="cfm-fast" waiting="0.00" lane="left_0" pos="25.20" speed="0.95" angle="139.13" x="15.47" y="14.84"/>
        <vehicle id="cfm-slow_0" eclass="HBEFA3/PC_G_EU4" CO2="5901.00" CO="215.74" HC="1.12" NOx="2.72" PMx="0.15" fuel="2.54" electricity="0.00" noise="116.30" route="routebottom" type="cfm-slow" waiting="0.00" lane="bottom_0" pos="1.04" speed="0.95" angle="92.59" x="65.99" y="-4.90"/>
        <vehicle id="cfm-slow_1" eclass="HBEFA3/PC_G_EU4" CO2="5901.00" CO="215.74" HC="1.12" NOx="2.72" PMx="0.15" fuel="2.54" electricity="0.00" noise="116.30" route="routebottom" type="cfm-slow" waiting="0.00" lane="bottom_0" pos="16.87" speed="0.95" angle="64.11" x="98.37" y="4.49"/>
        <vehicle id="cfm-slow_2" eclass="HBEFA3/PC_G_EU4" CO2="5901.00" CO="215.74" HC="1.12" NOx="2.72" PMx="0.15" fuel="2.54" electricity="0.00" noise="116.30" route="routebottom" type="cfm-slow" waiting="0.00" lane="bottom_0" pos="32.70" speed="0.95" angle="35.68" x="122.37" y="28.17"/>
        <vehicle id="cfm-slow_3" eclass="HBEFA3/PC_G_EU4" CO2="5901.00" CO="215.74" HC="1.12" NOx="2.72" PMx="0.15" fuel="2.54" electricity="0.00" noise="116.30" route="routebottom" type="cfm-slow" waiting="0.00" lane="bottom_0" pos="48.54" speed="0.95" angle="7.17" x="132.19" y="60.43"/>
        <vehicle id="cfm-slow_4" eclass="HBEFA3/PC_G_EU4" CO2="5901.00" CO="215.74" HC="1.12" NOx="2.72" PMx="0.15" fuel="2.54" electricity="0.00" noise="116.30" route="routeright" type="cfm-slow" waiting="0.00" lane="right_0" pos="14.37" speed="0.95" angle="338.61" x="125.38" y="93.63"/>
        <vehicle id="cfm-slow_5" eclass="HBEFA3/PC_G_EU4" CO2="5901.00" CO="215.74" HC="1.12" NOx="2.72" PMx="0.15" fuel="2.54" electricity="0.00" noise="116.30" route="routeright" type="cfm-slow" waiting="0.00" lane="right_0" pos="30.20" speed="0.95" angle="310.13" x="103.64" y="119.40"/>
    </timestep>
    <timestep time="0.08">
        <vehicle id="cfm-fast_0" eclass="HBEFA3/PC_G_EU4" CO2="6370.20" CO="223.11" HC="1.17" NOx="2.94" PMx="0.16" fuel="2.74" electricity="0.00" noise="116.35" route="routeright" type="cfm-fast" waiting="0.00" lane="right_0" pos="46.05" speed="1.09" angle="281.67" x="72.24" y="131.74"/>
        <vehicle id="cfm-fast_1" eclass="HBEFA3/PC_G_EU4" CO2="6370.20" CO="223.11" HC="1.17" NOx="2.94" PMx="0.16" fuel="2.74" electricity="0.00" noise="116.35" route="routetop" type="cfm-fast" waiting="0.00" lane="top_0" pos="11.88" speed="1.09" angle="253.05" x="38.60" y="127.52"/>
        <vehicle id="cfm-fast_2" eclass="HBEFA3/PC_G_EU4" CO2="6370.20" CO="223.11" HC="1.17" NOx="2.94" PMx="0.16" fuel="2.74" electricity="0.00" noise="116.35" route="routetop" type="cfm-fast" waiting="0.00" lane="top_0" pos="27.72" speed="1.09" angle="224.59" x="11.21" y="107.87"/>
        <vehicle id="cfm-fast_3" eclass="HBEFA3/PC_G_EU4" CO2="6370.20" CO="223.11" HC="1.17" NOx="2.94" PMx="0.16" fuel="2.74" electricity="0.00" noise="116.35" route="routetop" type="cfm-fast" waiting="0.00" lane="top_0" pos="43.55" speed="1.09" angle="196.20" x="-3.53" y="77.54"/>
        <vehicle id="cfm-fast_4" eclass="HBEFA3/PC_G_EU4" CO2="6370.20" CO="223.11" HC="1.17" NOx="2.94" PMx="0.16" fuel="2.74" electricity="0.00" noise="116.35" route="routeleft" type="cfm-fast" waiting="0.00" lane="left_0" pos="9.38" speed="1.09" angle="167.54" x="-1.96" y="43.68"/>
        <vehicle id="cfm-fast_5" eclass="HBEFA3/PC_G_EU4" CO2="6370.20" CO="223.11" HC="1.17" NOx="2.94" PMx="0.16" fuel="2.74" electricity="0.00" noise="116.35" route="routeleft" type="cfm-fast" waiting="0.00" lane="left_0" pos="25.22" speed="1.09" angle="139.11" x="15.48" y="14.83"/>
        <vehicle id="cfm-slow_0" eclass="HBEFA3/PC_G_EU4" CO2="6370.20" CO="223.11" HC="1.17" NOx="2.94" PMx="0.16" fuel="2.74" electricity="0.00" noise="116.35" route="routebottom" type="cfm-slow" waiting="0.00" lane="bottom_0" pos="1.05" speed="1.09" angle="92.57" x="66.02" y="-4.90"/>
        <vehicle id="cfm-slow_1" eclass="HBEFA3/PC_G_EU4" CO2="6370.20" CO="223.11" HC="1.17" NOx="2.94" PMx="0.16" fuel="2.74" electricity="0.00" noise="116.35" route="routebottom" type="cfm-slow" waiting="0.00" lane="bottom_0" pos="16.88" speed="1.09" angle="64.09" x="98.39" y="4.50"/>
        <vehicle id="cfm-slow_2" eclass="HBEFA3/PC_G_EU4" CO2="6370.20" CO="223.11" HC="1.17" NOx="2.94" PMx="0.16" fuel="2.74" electricity="0.00" noise="116.35" route="routebottom" type="cfm-slow" waiting="0.00" lane="bottom_0" pos="32.72" speed="1.09" angle="35.66" x="122.38" y="28.19"/>
        <vehicle id="cfm-slow_3" eclass="HBEFA3/PC_G_EU4" CO2="6370.20" CO="223.11" HC="1.17" NOx="2.94" PMx="0.16" fuel="2.74" electricity="0.00" noise="116.35" route="routebottom" type="cfm-slow" waiting="0.00" lane="bottom_0" pos="48.55" speed="1.09" angle="7.15" x="132.19" y="60.45"/>
        <vehicle id="cfm-slow_4" eclass="HBEFA3/PC_G_EU4" CO2="6370.20" CO="223.11" HC="1.17" NOx="2.94" PMx="0.16" fuel="2.74" electricity="0.00" noise="116.35" route="routeright" type="cfm-slow" waiting="0.00" lane="right_0" pos="14.38" speed="1.09" angle="338.59" x="125.37" y="93.65"/>
        <vehicle id="cfm-slow_5" eclass="HBEFA3/PC_G_EU4" CO2="6370.20" CO="223.11" HC="1.17" NOx="2.94" PMx="0.16" fuel="2.74" electricity="0.00" noise="116.35" route="routeright" type="cfm-slow" waiting="0.00" lane="right_0" pos="30.22" speed="1.09" angle="310.11" x="103.62" y="119.42"/>
    </timestep>
    <timestep time="0.09">
        <vehicle id="cfm-fast_0" eclass="HBEFA3/PC_G_EU4" CO2="6839.70" CO="230.49" HC="1.22" NOx="3.16" PMx="0.17" fuel="2.94" electricity="0.00" noise="116.40" route="routeright" type="cfm-fast" waiting="0.00" lane="right_0" pos="46.06" speed="1.23" angle="281.64" x="72.21" y="131.74"/>
        <vehicle id="cfm-fast_1" eclass="HBEFA3/PC_G_EU4" CO2="6839.70" CO="230.49" HC="1.22" NOx="3.16" PMx="0.17" fuel="2.94" electricity="0.00" noise="116.40" route="routetop" type="cfm-fast" waiting="0.00" lane="top_0" pos="11.89" speed="1.23" angle="253.03" x="38.58" y="127.51"/>
        <vehicle id="cfm-fast_2" eclass="HBEFA3/PC_G_EU4" CO2="6839.70" CO="230.49" HC="1.22" NOx="3.16" PMx="0.17" fuel="2.94" electricity="0.00" noise="116.40" route="routetop" type="cfm-fast" waiting="0.00" lane="top_0" pos="27.73" speed="1.23" angle="224.57" x="11.19" y="107.85"/>
        <vehicle id="cfm-fast_3" eclass="HBEFA3/PC_G_EU4" CO2="6839.70" CO="230.49" HC="1.22" NOx="3.16" PMx="0.17" fuel="2.94" electricity="0.00" noise="116.40" route="routetop" type="cfm-fast" waiting="0.00" lane="top_0" pos="43.56" speed="1.23" angle="196.18" x="-3.54" y="77.52"/>
        <vehicle id="cfm-fast_4" eclass="HBEFA3/PC_G_EU4" CO2="6839.70" CO="230.49" HC="1.22" NOx="3.16" PMx="0.17" fuel="2.94" electricity="0.00" noise="116.40" route="routeleft" type="cfm-fast" waiting="0.00" lane="left_0" pos="9.39" speed="1.23" angle="167.51" x="-1.95" y="43.65"/>
        <vehicle id="cfm-fast_5" eclass="HBEFA3/PC_G_EU4" CO2="6839.70" CO="230.49" HC="1.22" NOx="3.16" PMx="0.17" fuel="2.94" electricity="0.00" noise="116.40" route="routeleft" type="cfm-fast" waiting="0.00" lane="left_0" pos="25.23" speed="1.23" angle="139.09" x="15.50" y="14.81"/>
        <vehicle id="cfm-slow_0" eclass="HBEFA3/PC_G_EU4" CO2="6839.70" CO="230.49" HC="1.22" NOx="3.16" PMx="0.17" fuel="2.94" electricity="0.00" noise="116.40" route="routebottom" type="cfm-slow" waiting="0.00" lane="bottom_0" pos="1.06" speed="1.23" angle="92.55" x="66.04" y="-4.90"/>
        <vehicle id="cfm-slow_1" eclass="HBEFA3/PC_G_EU4" CO2="6839.70" CO="230.49" HC="1.22" NOx="3.16" PMx="0.17" fuel="2.94" electricity="0.00" noise="116.40" route="routebottom" type="cfm-slow" waiting="0.00" lane="bottom_0" pos="16.89" speed="1.23" angle="64.07" x="98.42" y="4.51"/>
        <vehicle id="cfm-slow_2" eclass="HBEFA3/PC_G_EU4" CO2="6839.70" CO="230.49" HC="1.22" NOx="3.16" PMx="0.17" fuel="2.94" electricity="0.00" noise="116.40" route="routebottom" type="cfm-slow" waiting="0.00" lane="bottom_0" pos="32.73" speed="1.23" angle="35.64" x="122.40" y="28.22"/>
        <vehicle id="cfm-slow_3" eclass="HBEFA3/PC_G_EU4" CO2="6839.70" CO="230.49" HC="1.22" NOx="3.16" PMx="0.17" fuel="2.94" electricity="0.00" noise="116.40" route="routebottom" type="cfm-slow" waiting="0.00" lane="bottom_0" pos="48.56" speed="1.23" angle="7.13" x="132.19" y="60.48"/>
        <vehicle id="cfm-slow_4" eclass="HBEFA3/PC_G_EU4" CO2="6839.70" CO="230.49" HC="1.22" NOx="3.16" PMx="0.17" fuel="2.94" electricity="0.00" noise="116.40" route="routeright" type="cfm-slow" waiting="0.00" lane="right_0" pos="14.39" speed="1.23" angle="338.57" x="125.35" y="93.68"/>
        <vehicle id="cfm-slow_5" eclass="HBEFA3/PC_G_EU4" CO2="6839.70" CO="230.49" HC="1.22" NOx="3.16" PMx="0.17" fuel="2.94" electricity="0.00" noise="116.40" route="routeright" type="cfm-slow" waiting="0.00" lane="right_0" pos="30.23" speed="1.23" angle="310.09" x="103.60" y="119.43"/>
    </timestep>
    <timestep time="0.10">
        <vehicle id="cfm-fast_0" eclass="HBEFA3/PC_G_EU4" CO2="7309.49" CO="237.90" HC="1.26" NOx="3.38" PMx="0.18" fuel="3.14" electricity="0.00" noise="116.45" route="routeright" type="cfm-fast" waiting="0.00" lane="right_0" pos="46.08" speed="1.36" angle="281.63" x="72.18" y="131.74"/>
        <vehicle id="cfm-fast_1" eclass="HBEFA3/PC_G_EU4" CO2="7309.49" CO="237.90" HC="1.26" NOx="3.38" PMx="0.18" fuel="3.14" electricity="0.00" noise="116.45" route="routetop" type="cfm-fast" waiting="0.00" lane="top_0" pos="11.91" speed="1.36" angle="253.01" x="38.55" y="127.50"/>
        <vehicle id="cfm-fast_2" eclass="HBEFA3/PC_G_EU4" CO2="7309.49" CO="237.90" HC="1.26" NOx="3.38" PMx="0.18" fuel="3.14" electricity="0.00" noise="116.45" route="routetop" type="cfm-fast" waiting="0.00" lane="top_0" pos="27.74" speed="1.36" angle="224.55" x="11.17" y="107.83"/>
        <vehicle id="cfm-fast_3" eclass="HBEFA3/PC_G_EU4" CO2="7309.49" CO="237.90" HC="1.26" NOx="3.38" PMx="0.18" fuel="3.14" electricity="0.00" noise="116.45" route="routetop" type="cfm-fast" waiting="0.00" lane="top_0" pos="43.58" speed="1.36" angle="196.16" x="-3.54" y="77.49"/>
        <vehicle id="cfm-fast_4" eclass="HBEFA3/PC_G_EU4" CO2="7309.49" CO="237.90" HC="1.26" NOx="3.38" PMx="0.18" fuel="3.14" electricity="0.00" noise="116.45" route="routeleft" type="cfm-fast" waiting="0.00" lane="left_0" pos="9.41" speed="1.36" angle="167.49" x="-1.94" y="43.63"/>
        <vehicle id="cfm-fast_5" eclass="HBEFA3/PC_G_EU4" CO2="7309.49" CO="237.90" HC="1.26" NOx="3.38" PMx="0.18" fuel="3.14" electricity="0.00" noise="116.45" route="routeleft" type="cfm-fast" waiting="0.00" lane="left_0" pos="25.24" speed="1.36" angle="139.06" x="15.52" y="14.79"/>
        <vehicle id="cfm-slow_0" eclass="HBEFA3/PC_G_EU4" CO2="7309.49" CO="237.90" HC="1.26" NOx="3.38" PMx="0.18" fuel="3.14" electricity="0.00" noise="116.45" route="routebottom" type="cfm-slow" waiting="0.00" lane="bottom_0" pos="1.08" speed="1.36" angle="92.52" x="66.07" y="-4.90"/>
        <vehicle id="cfm-slow_1" eclass="HBEFA3/PC_G_EU4" CO2="7309.49" CO="237.90" HC="1.26" NOx="3.38" PMx="0.18" fuel="3.14" electricity="0.00" noise="116.45" route="routebottom" type="cfm-slow" waiting="0.00" lane="bottom_0" pos="16.91" speed="1.36" angle="64.04" x="98.44" y="4.53"/>
        <vehicle id="cfm-slow_2" eclass="HBEFA3/PC_G_EU4" CO2="7309.49" CO="237.90" HC="1.26" NOx="3.38" PMx="0.18" fuel="3.14" electricity="0.00" noise="116.45" route="routebottom" type="cfm-slow" waiting="0.00" lane="bottom_0" pos="32.74" speed="1.36" angle="35.61" x="122.41" y="28.24"/>
        <vehicle id="cfm-slow_3" eclass="HBEFA3/PC_G_EU4" CO2="7309.49" CO="237.90" HC="1.26" NOx="3.38" PMx="0.18" fuel="3.14" electricity="0.00" noise="116.45" route="routebottom" type="cfm-slow" waiting="0.00" lane="bottom_0" pos="48.58" speed="1.36" angle="7.10" x="132.20" y="60.51"/>
        <vehicle id="cfm-slow_4" eclass="HBEFA3/PC_G_EU4" CO2="7309.49" CO="237.90" HC="1.26" NOx="3.38" PMx="0.18" fuel="3.14" electricity="0.00" noise="116.45" route="routeright" type="cfm-slow" waiting="0.00" lane="right_0" pos="14.41" speed="1.36" angle="338.54" x="125.34" y="93.70"/>
        <vehicle id="cfm-slow_5" eclass="HBEFA3/PC_G_EU4" CO2="7309.49" CO="237.90" HC="1.26" NOx="3.38" PMx="0.18" fuel="3.14" electricity="0.00" noise="116.45" route="routeright" type="cfm-slow" waiting="0.00" lane="right_0" pos="30.24" speed="1.36" angle="310.06" x="103.57" y="119.45"/>
    </timestep>
    <timestep time="0.11">
        <vehicle id="cfm-fast_0" eclass="HBEFA3/PC_G_EU4" CO2="7779.58" CO="245.33" HC="1.31" NOx="3.60" PMx="0.19" fuel="3.34" electricity="0.00" noise="116.51" route="routeright" type="cfm-fast" waiting="0.00" lane="right_0" pos="46.09" speed="1.50" angle="281.60" x="72.15" y="131.75"/>
        <vehicle id="cfm-fast_1" eclass="HBEFA3/PC_G_EU4" CO2="7779.58" CO="245.33" HC="1.31" NOx="3.60" PMx="0.19" fuel="3.34" electricity="0.00" noise="116.51" route="routetop" type="cfm-fast" waiting="0.00" lane="top_0" pos="11.92" speed="1.50" angle="252.98" x="38.52" y="127.49"/>
        <vehicle id="cfm-fast_2" eclass="HBEFA3/PC_G_EU4" CO2="7779.58" CO="245.33" HC="1.31" NOx="3.60" PMx="0.19" fuel="3.34" electricity="0.00" noise="116.51" route="routetop" type="cfm-fast" waiting="0.00" lane="top_0" pos="27.76" speed="1.50" angle="224.52" x="11.15" y="107.80"/>
        <vehicle id="cfm-fast_3" eclass="HBEFA3/PC_G_EU4" CO2="7779.58" CO="245.33" HC="1.31" NOx="3.60" PMx="0.19" fuel="3.34" electricity="0.00" noise="116.51" route="routetop" type="cfm-fast" waiting="0.00" lane="top_0" pos="43.59" speed="1.50" angle="196.14" x="-3.55" y="77.46"/>
        <vehicle id="cfm-fast_4" eclass="HBEFA3/PC_G_EU4" CO2="7779.58" CO="245.33" HC="1.31" NOx="3.60" PMx="0.19" fuel="3.34" electricity="0.00" noise="116.51" route="routeleft" type="cfm-fast" waiting="0.00" lane="left_0" pos="9.42" speed="1.50" angle="167.46" x="-1.94" y="43.59"/>
        <vehicle id="cfm-fast_5" eclass="HBEFA3/PC_G_EU4" CO2="7779.58" CO="245.33" HC="1.31" NOx="3.60" PMx="0.19" fuel="3.34" electricity="0.00" noise="116.51" route="routeleft" type="cfm-fast" waiting="0.00" lane="left_0" pos="25.26" speed="1.50" angle="139.03" x="15.55" y="14.76"/>
        <vehicle id="cfm-slow_0" eclass="HBEFA3/PC_G_EU4" CO2="7779.58" CO="245.33" HC="1.31" NOx="3.60" PMx="0.19" fuel="3.34" electricity="0.00" noise="116.51" route="routebottom" type="cfm-slow" waiting="0.00" lane="bottom_0" pos="1.09" speed="1.50" angle="92.50" x="66.10" y="-4.90"/>
        <vehicle id="cfm-slow_1" eclass="HBEFA3/PC_G_EU4" CO2="7779.58" CO="245.33" HC="1.31" NOx="3.60" PMx="0.19" fuel="3.34" electricity="0.00" noise="116.51" route="routebottom" type="cfm-slow" waiting="0.00" lane="bottom_0" pos="16.92" speed="1.50" angle="64.01" x="98.47" y="4.55"/>
        <vehicle id="cfm-slow_2" eclass="HBEFA3/PC_G_EU4" CO2="7779.58" CO="245.33" HC="1.31" NOx="3.60" PMx="0.19" fuel="3.34" electricity="0.00" noise="116.51" route="routebottom" type="cfm-slow" waiting="0.00" lane="bottom_0" pos="32.76" speed="1.50" angle="35.58" x="122.43" y="28.27"/>
        <vehicle id="cfm-slow_3" eclass="HBEFA3/PC_G_EU4" CO2="7779.58" CO="245.33" HC="1.31" NOx="3.60" PMx="0.19" fuel="3.34" electricity="0.00" noise="116.51" route="routebottom" type="cfm-slow" waiting="0.00" lane="bottom_0" pos="48.59" speed="1.50" angle="7.07" x="132.20" y="60.54"/>
        <vehicle id="cfm-slow_4" eclass="HBEFA3/PC_G_EU4" CO2="7779.58" CO="245.33" HC="1.31" NOx="3.60" PMx="0.19" fuel="3.34" electricity="0.00" noise="116.51" route="routeright" type="cfm-slow" waiting="0.00" lane="right_0" pos="14.42" speed="1.50" angle="338.51" x="125.33" y="93.73"/>
        <vehicle id="cfm-slow_5" eclass="HBEFA3/PC_G_EU4" CO2="7779.58" CO="245.33" HC="1.31" NOx="3.60" PMx="0.19" fuel="3.34" electricity="0.00" noise="116.51" route="routeright" type="cfm-slow" waiting="0.00" lane="right_0" pos="30.26" speed="1.50" angle="310.04" x="103.55" y="119.47"/>
    </timestep>
    <timestep time="0.12">
        <vehicle id="cfm-fast_0" eclass="HBEFA3/PC_G_EU4" CO2="8249.95" CO="252.79" HC="1.35" NOx="3.81" PMx="0.20" fuel="3.55" electricity="0.00" noise="116.56" route="routeright" type="cfm-fast" waiting="0.00" lane="right_0" pos="46.11" speed="1.64" angle="281.58" x="72.12" y="131.75"/>
        <vehicle id="cfm-fast_1" eclass="HBEFA3/PC_G_EU4" CO2="8249.95" CO="252.79" HC="1.35" NOx="3.81" PMx="0.20" fuel="3.55" electricity="0.00" noise="116.56" route="routetop" type="cfm-fast" waiting="0.00" lane="top_0" pos="11.94" speed="1.64" angle="252.95" x="38.49" y="127.47"/>
        <vehicle id="cfm-fast_2" eclass="HBEFA3/PC_G_EU4" CO2="8249.95" CO="252.79" HC="1.35" NOx="3.81" PMx="0.20" fuel="3.55" electricity="0.00" noise="116.56" route="routetop" type="cfm-fast" waiting="0.00" lane="top_0" pos="27.77" speed="1.64" angle="224.49" x="11.13" y="107.77"/>
        <vehicle id="cfm-fast_3" eclass="HBEFA3/PC_G_EU4" CO2="8249.95" CO="252.79" HC="1.35" NOx="3.81" PMx="0.20" fuel="3.55" electricity="0.00" noise="116.56" route="routetop" type="cfm-fast" waiting="0.00" lane="top_0" pos="43.61" speed="1.64" angle="196.12" x="-3.56" y="77.42"/>
        <vehicle id="cfm-fast_4" eclass="HBEFA3/PC_G_EU4" CO2="8249.95" CO="252.79" HC="1.35" NOx="3.81" PMx="0.20" fuel="3.55" electricity="0.00" noise="116.56" route="routeleft" type="cfm-fast" waiting="0.00" lane="left_0" pos="9.44" speed="1.64" angle="167.43" x="-1.92" y="43.56"/>
        <vehicle id="cfm-fast_5" eclass="HBEFA3/PC_G_EU4" CO2="8249.95" CO="252.79" HC="1.35" NOx="3.81" PMx="0.20" fuel="3.55" electricity="0.00" noise="116.56" route="routeleft" type="cfm-fast" waiting="0.00" lane="left_0" pos="25.27" speed="1.64" angle="139.00" x="15.57" y="14.74"/>
        <vehicle id="cfm-slow_0" eclass="HBEFA3/PC_G_EU4" CO2="8249.95" CO="252.79" HC="1.35" NOx="3.81" PMx="0.20" fuel="3.55" electricity="0.00" noise="116.56" route="routebottom" type="cfm-slow" waiting="0.00" lane="bottom_0" pos="1.11" speed="1.64" angle="92.47" x="66.14" y="-4.90"/>
        <vehicle id="cfm-slow_1" eclass="HBEFA3/PC_G_EU4" CO2="8249.95" CO="252.79" HC="1.35" NOx="3.81" PMx="0.20" fuel="3.55" electricity="0.00" noise="116.56" route="routebottom" type="cfm-slow" waiting="0.00" lane="bottom_0" pos="16.94" speed="1.64" angle="63.98" x="98.50" y="4.56"/>
        <vehicle id="cfm-slow_2" eclass="HBEFA3/PC_G_EU4" CO2="8249.95" CO="252.79" HC="1.35" NOx="3.81" PMx="0.20" fuel="3.55" electricity="0.00" noise="116.56" route="routebottom" type="cfm-slow" waiting="0.00" lane="bottom_0" pos="32.77" speed="1.64" angle="35.55" x="122.45" y="28.30"/>
        <vehicle id="cfm-slow_3" eclass="HBEFA3/PC_G_EU4" CO2="8249.95" CO="252.79" HC="1.35" NOx="3.81" PMx="0.20" fuel="3.55" electricity="0.00" noise="116.56" route="routebottom" type="cfm-slow" waiting="0.00" lane="bottom_0" pos="48.61" speed="1.64" angle="7.04" x="132.20" y="60.57"/>
        <vehicle id="cfm-slow_4" eclass="HBEFA3/PC_G_EU4" CO2="8249.95" CO="252.79" HC="1.35" NOx="3.81" PMx="0.20" fuel="3.55" electricity="0.00" noise="116.56" route="routeright" type="cfm-slow" waiting="0.00" lane="right_0" pos="14.44" speed="1.64" angle="338.48" x="125.31" y="93.76"/>
        <vehicle id="cfm-slow_5" eclass="HBEFA3/PC_G_EU4" CO2="8249.95" CO="252.79" HC="1.35" NOx="3.81" PMx="0.20" fuel="3.55" electricity="0.00" noise="116.56" route="routeright" type="cfm-slow" waiting="0.00" lane="right_0" pos="30.27" speed="1.64" angle="310.01" x="103.52" y="119.49"/>
    </timestep>
    <timestep time="0.13">
        <vehicle id="cfm-fast_0" eclass="HBEFA3/PC_G_EU4" CO2="8720.62" CO="260.26" HC="1.40" NOx="4.03" PMx="0.22" fuel="3.75" electricity="0.00" noise="116.61" route="routeright" type="cfm-fast" waiting="0.00" lane="right_0" pos="46.12" speed="1.77" angle="281.56" x="72.08" y="131.76"/>
        <vehicle id="cfm-fast_1" eclass="HBEFA3/PC_G_EU4" CO2="8720.62" CO="260.26" HC="1.40" NOx="4.03" PMx="0.22" fuel="3.75" electricity="0.00" noise="116.61" route="routetop" type="cfm-fast" waiting="0.00" lane="top_0" pos="11.96" speed="1.77" angle="252.92" x="38.45" y="127.46"/>
        <vehicle id="cfm-fast_2" eclass="HBEFA3/PC_G_EU4" CO2="8720.62" CO="260.26" HC="1.40" NOx="4.03" PMx="0.22" fuel="3.75" electricity="0.00" noise="116.61" route="routetop" type="cfm-fast" waiting="0.00" lane="top_0" pos="27.79" speed="1.77" angle="224.45" x="11.10" y="107.75"/>
        <vehicle id="cfm-fast_3" eclass="HBEFA3/PC_G_EU4" CO2="8720.62" CO="260.26" HC="1.40" NOx="4.03" PMx="0.22" fuel="3.75" electricity="0.00" noise="116.61" route="routetop" type="cfm-fast" waiting="0.00" lane="top_0" pos="43.62" speed="1.77" angle="196.09" x="-3.57" y="77.39"/>
        <vehicle id="cfm-fast_4" eclass="HBEFA3/PC_G_EU4" CO2="8720.62" CO="260.26" HC="1.40" NOx="4.03" PMx="0.22" fuel="3.75" electricity="0.00" noise="116.61" route="routeleft" type="cfm-fast" waiting="0.00" lane="left_0" pos="9.46" speed="1.77" angle="167.40" x="-1.91" y="43.52"/>
        <vehicle id="cfm-fast_5" eclass="HBEFA3/PC_G_EU4" CO2="8720.62" CO="260.26" HC="1.40" NOx="4.03" PMx="0.22" fuel="3.75" electricity="0.00" noise="116.61" route="routeleft" type="cfm-fast" waiting="0.00" lane="left_0" pos="25.29" speed="1.77" angle="138.97" x="15.60" y="14.71"/>
        <vehicle id="cfm-slow_0" eclass="HBEFA3/PC_G_EU4" CO2="8720.62" CO="260.26" HC="1.40" NOx="4.03" PMx="0.22" fuel="3.75" electricity="0.00" noise="116.61" route="routebottom" type="cfm-slow" waiting="0.00" lane="bottom_0" pos="1.12" speed="1.77" angle="92.44" x="66.18" y="-4.90"/>
        <vehicle id="cfm-slow_1" eclass="HBEFA3/PC_G_EU4" CO2="8720.62" CO="260.26" HC="1.40" NOx="4.03" PMx="0.22" fuel="3.75" electricity="0.00" noise="116.61" route="routebottom" type="cfm-slow" waiting="0.00" lane="bottom_0" pos="16.96" speed="1.77" angle="63.95" x="98.53" y="4.58"/>
        <vehicle id="cfm-slow_2" eclass="HBEFA3/PC_G_EU4" CO2="8720.62" CO="260.26" HC="1.40" NOx="4.03" PMx="0.22" fuel="3.75" electricity="0.00" noise="116.61" route="routebottom" type="cfm-slow" waiting="0.00" lane="bottom_0" pos="32.79" speed="1.77" angle="35.52" x="122.47" y="28.33"/>
        <vehicle id="cfm-slow_3" eclass="HBEFA3/PC_G_EU4" CO2="8720.62" CO="260.26" HC="1.40" NOx="4.03" PMx="0.22" fuel="3.75" electricity="0.00" noise="116.61" route="routebottom" type="cfm-slow" waiting="0.00" lane="bottom_0" pos="48.62" speed="1.77" angle="7.01" x="132.20" y="60.61"/>
        <vehicle id="cfm-slow_4" eclass="HBEFA3/PC_G_EU4" CO2="8720.62" CO="260.26" HC="1.40" NOx="4.03" PMx="0.22" fuel="3.75" electricity="0.00" noise="116.61" route="routeright" type="cfm-slow" waiting="0.00" lane="right_0" pos="14.46" speed="1.77" angle="338.45" x="125.29" y="93.80"/>
        <vehicle id="cfm-slow_5" eclass="HBEFA3/PC_G_EU4" CO2="8720.62" CO="260.26" HC="1.40" NOx="4.03" PMx="0.22" fuel="3.75" electricity="0.00" noise="116.61" route="routeright" type="cfm-slow" waiting="0.00" lane="right_0" pos="30.29" speed="1.77" angle="309.97" x="103.49" y="119.51"/>
    </timestep>
    <timestep time="0.14">
        <vehicle id="cfm-fast_0" eclass="HBEFA3/PC_G_EU4" CO2="9191.58" CO="267.76" HC="1.44" NOx="4.25" PMx="0.23" fuel="3.95" electricity="0.00" noise="116.67" route="routeright" type="cfm-fast" waiting="0.00" lane="right_0" pos="46.14" speed="1.91" angle="281.53" x="72.04" y="131.76"/>
        <vehicle id="cfm-fast_1" eclass="HBEFA3/PC_G_EU4" CO2="9191.58" CO="267.76" HC="1.44" NOx="4.25" PMx="0.23" fuel="3.95" electricity="0.00" noise="116.67" route="routetop" type="cfm-fast" waiting="0.00" lane="top_0" pos="11.98" speed="1.91" angle="252.88" x="38.41" y="127.44"/>
        <vehicle id="cfm-fast_2" eclass="HBEFA3/PC_G_EU4" CO2="9191.58" CO="267.76" HC="1.44" NOx="4.25" PMx="0.23" fuel="3.95" electricity="0.00" noise="116.67" route="routetop" type="cfm-fast" waiting="0.00" lane="top_0" pos="27.81" speed="1.91" angle="224.42" x="11.08" y="107.71"/>
        <vehicle id="cfm-fast_3" eclass="HBEFA3/PC_G_EU4" CO2="9191.58" CO="267.76" HC="1.44" NOx="4.25" PMx="0.23" fuel="3.95" electricity="0.00" noise="116.67" route="routetop" type="cfm-fast" waiting="0.00" lane="top_0" pos="43.64" speed="1.91" angle="196.06" x="-3.58" y="77.35"/>
        <vehicle id="cfm-fast_4" eclass="HBEFA3/PC_G_EU4" CO2="9191.58" CO="267.76" HC="1.44" NOx="4.25" PMx="0.23" fuel="3.95" electricity="0.00" noise="116.67" route="routeleft" type="cfm-fast" waiting="0.00" lane="left_0" pos="9.48" speed="1.91" angle="167.36" x="-1.90" y="43.49"/>
        <vehicle id="cfm-fast_5" eclass="HBEFA3/PC_G_EU4" CO2="9191.58" CO="267.76" HC="1.44" NOx="4.25" PMx="0.23" fuel="3.95" electricity="0.00" noise="116.67" route="routeleft" type="cfm-fast" waiting="0.00" lane="left_0" pos="25.31" speed="1.91" angle="138.94" x="15.63" y="14.68"/>
        <vehicle id="cfm-slow_0" eclass="HBEFA3/PC_G_EU4" CO2="9191.58" CO="267.76" HC="1.44" NOx="4.25" PMx="0.23" fuel="3.95" electricity="0.00" noise="116.67" route="routebottom" type="cfm-slow" waiting="0.00" lane="bottom_0" pos="1.14" speed="1.91" angle="92.40" x="66.22" y="-4.89"/>
        <vehicle id="cfm-slow_1" eclass="HBEFA3/PC_G_EU4" CO2="9191.58" CO="267.76" HC="1.44" NOx="4.25" PMx="0.23" fuel="3.95" electricity="0.00" noise="116.67" route="routebottom" type="cfm-slow" waiting="0.00" lane="bottom_0" pos="16.98" speed="1.91" angle="63.92" x="98.57" y="4.61"/>
        <vehicle id="cfm-slow_2" eclass="HBEFA3/PC_G_EU4" CO2="9191.58" CO="267.76" HC="1.44" NOx="4.25" PMx="0.23" fuel="3.95" electricity="0.00" noise="116.67" route="routebottom" type="cfm-slow" waiting="0.00" lane="bottom_0" pos="32.81" speed="1.91" angle="35.48" x="122.49" y="28.37"/>
        <vehicle id="cfm-slow_3" eclass="HBEFA3/PC_G_EU4" CO2="9191.58" CO="267.76" HC="1.44" NOx="4.25" PMx="0.23" fuel="3.95" electricity="0.00" noise="116.67" route="routebottom" type="cfm-slow" waiting="0.00" lane="bottom_0" pos="48.64" speed="1.91" angle="6.98" x="132.21" y="60.65"/>
        <vehicle id="cfm-slow_4" eclass="HBEFA3/PC_G_EU4" CO2="9191.58" CO="267.76" HC="1.44" NOx="4.25" PMx="0.23" fuel="3.95" electricity="0.00" noise="116.67" route="routeright" type="cfm-slow" waiting="0.00" lane="right_0" pos="14.48" speed="1.91" angle="338.41" x="125.28" y="93.84"/>
        <vehicle id="cfm-slow_5" eclass="HBEFA3/PC_G_EU4" CO2="9191.58" CO="267.76" HC="1.44" NOx="4.25" PMx="0.23" fuel="3.95" electricity="0.00" noise="116.67" route="routeright" type="cfm-slow" waiting="0.00" lane="right_0" pos="30.31" speed="1.91" angle="309.94" x="103.46" y="119.53"/>
    </timestep>
    <timestep time="0.15">
        <vehicle id="cfm-fast_0" eclass="HBEFA3/PC_G_EU4" CO2="9662.83" CO="275.27" HC="1.49" NOx="4.47" PMx="0.24" fuel="4.15" electricity="0.00" noise="116.72" route="routeright" type="cfm-fast" waiting="0.00" lane="right_0" pos="46.16" speed="2.05" angle="281.50" x="71.99" y="131.77"/>
        <vehicle id="cfm-fast_1" eclass="HBEFA3/PC_G_EU4" CO2="9662.83" CO="275.27" HC="1.49" NOx="4.47" PMx="0.24" fuel="4.15" electricity="0.00" noise="116.72" route="routetop" type="cfm-fast" waiting="0.00" lane="top_0" pos="12.00" speed="2.05" angle="252.85" x="38.37" y="127.43"/>
        <vehicle id="cfm-fast_2" eclass="HBEFA3/PC_G_EU4" CO2="9662.83" CO="275.27" HC="1.49" NOx="4.47" PMx="0.24" fuel="4.15" electricity="0.00" noise="116.72" route="routetop" type="cfm-fast" waiting="0.00" lane="top_0" pos="27.83" speed="2.05" angle="224.38" x="11.05" y="107.68"/>
        <vehicle id="cfm-fast_3" eclass="HBEFA3/PC_G_EU4" CO2="9662.83" CO="275.27" HC="1.49" NOx="4.47" PMx="0.24" fuel="4.15" electricity="0.00" noise="116.72" route="routetop" type="cfm-fast" waiting="0.00" lane="top_0" pos="43.66" speed="2.05" angle="196.02" x="-3.58" y="77.30"/>
        <vehicle id="cfm-fast_4" eclass="HBEFA3/PC_G_EU4" CO2="9662.83" CO="275.27" HC="1.49" NOx="4.47" PMx="0.24" fuel="4.15" electricity="0.00" noise="116.72" route="routeleft" type="cfm-fast" waiting="0.00" lane="left_0" pos="9.50" speed="2.05" angle="167.32" x="-1.89" y="43.44"/>
        <vehicle id="cfm-fast_5" eclass="HBEFA3/PC_G_EU4" CO2="9662.83" CO="275.27" HC="1.49" NOx="4.47" PMx="0.24" fuel="4.15" electricity="0.00" noise="116.72" route="routeleft" type="cfm-fast" waiting="0.00" lane="left_0" pos="25.33" speed="2.05" angle="138.90" x="15.66" y="14.65"/>
        <vehicle id="cfm-slow_0" eclass="HBEFA3/PC_G_EU4" CO2="9662.83" CO="275.27" HC="1.49" NOx="4.47" PMx="0.24" fuel="4.15" electricity="0.00" noise="116.72" route="routebottom" type="cfm-slow" waiting="0.00" lane="bottom_0" pos="1.16" speed="2.05" angle="92.36" x="66.26" y="-4.89"/>
        <vehicle id="cfm-slow_1" eclass="HBEFA3/PC_G_EU4" CO2="9662.83" CO="275.27" HC="1.49" NOx="4.47" PMx="0.24" fuel="4.15" electricity="0.00" noise="116.72" route="routebottom" type="cfm-slow" waiting="0.00" lane="bottom_0" pos="17.00" speed="2.05" angle="63.88" x="98.61" y="4.63"/>
        <vehicle id="cfm-slow_2" eclass="HBEFA3/PC_G_EU4" CO2="9662.83" CO="275.27" HC="1.49" NOx="4.47" PMx="0.24" fuel="4.15" electricity="0.00" noise="116.72" route="routebottom" type="cfm-slow" waiting="0.00" lane="bottom_0" pos="32.83" speed="2.05" angle="35.44" x="122.51" y="28.40"/>
        <vehicle id="cfm-slow_3" eclass="HBEFA3/PC_G_EU4" CO2="9662.83" CO="275.27" HC="1.49" NOx="4.47" PMx="0.24" fuel="4.15" electricity="0.00" noise="116.72" route="routebottom" type="cfm-slow" waiting="0.00" lane="bottom_0" pos="48.66" speed="2.05" angle="6.96" x="132.21" y="60.70"/>
        <vehicle id="cfm-slow_4" eclass="HBEFA3/PC_G_EU4" CO2="9662.83" CO="275.27" HC="1.49" NOx="4.47" PMx="0.24" fuel="4.15" electricity="0.00" noise="116.72" route="routeright" type="cfm-slow" waiting="0.00" lane="right_0" pos="14.50" speed="2.05" angle="338.37" x="125.26" y="93.87"/>
        <vehicle id="cfm-slow_5" eclass="HBEFA3/PC_G_EU4" CO2="9662.83" CO="275.27" HC="1.49" NOx="4.47" PMx="0.24" fuel="4.15" electricity="0.00" noise="116.72" route="routeright" type="cfm-slow" waiting="0.00" lane="right_0" pos="30.33" speed="2.05" angle="309.90" x="103.42" y="119.56"/>
    </timestep>
    <timestep time="0.16">
        <vehicle id="cfm-fast_0" eclass="HBEFA3/PC_G_EU4" CO2="10134.37" CO="282.81" HC="1.53" NOx="4.69" PMx="0.25" fuel="4.36" electricity="0.00" noise="116.77" route="routeright" type="cfm-fast" waiting="0.00" lane="right_0" pos="46.19" speed="2.18" angle="281.47" x="71.95" y="131.78"/>
        <vehicle id="cfm-fast_1" eclass="HBEFA3/PC_G_EU4" CO2="10134.37" CO="282.81" HC="1.53" NOx="4.69" PMx="0.25" fuel="4.36" electricity="0.00" noise="116.77" route="routetop" type="cfm-fast" waiting="0.00" lane="top_0" pos="12.02" speed="2.18" angle="252.81" x="38.33" y="127.41"/>
        <vehicle id="cfm-fast_2" eclass="HBEFA3/PC_G_EU4" CO2="10134.37" CO="282.81" HC="1.53" NOx="4.69" PMx="0.25" fuel="4.36" electricity="0.00" noise="116.77" route="routetop" type="cfm-fast" waiting="0.00" lane="top_0" pos="27.85" speed="2.18" angle="224.34" x="11.02" y="107.64"/>
        <vehicle id="cfm-fast_3" eclass="HBEFA3/PC_G_EU4" CO2="10134.37" CO="282.81" HC="1.53" NOx="4.69" PMx="0.25" fuel="4.36" electricity="0.00" noise="116.77" route="routetop" type="cfm-fast" waiting="0.00" lane="top_0" pos="43.69" speed="2.18" angle="195.98" x="-3.59" y="77.26"/>
        <vehicle id="cfm-fast_4" eclass="HBEFA3/PC_G_EU4" CO2="10134.37" CO="282.81" HC="1.53" NOx="4.69" PMx="0.25" fuel="4.36" electricity="0.00" noise="116.77" route="routeleft" type="cfm-fast" waiting="0.00" lane="left_0" pos="9.52" speed="2.18" angle="167.28" x="-1.87" y="43.40"/>
        <vehicle id="cfm-fast_5" eclass="HBEFA3/PC_G_EU4" CO2="10134.37" CO="282.81" HC="1.53" NOx="4.69" PMx="0.25" fuel="4.36" electricity="0.00" noise="116.77" route="routeleft" type="cfm-fast" waiting="0.00" lane="left_0" pos="25.35" speed="2.18" angle="138.86" x="15.69" y="14.62"/>
        <vehicle id="cfm-slow_0" eclass="HBEFA3/PC_G_EU4" CO2="10134.37" CO="282.81" HC="1.53" NOx="4.69" PMx="0.25" fuel="4.36" electricity="0.00" noise="116.77" route="routebottom" type="cfm-slow" waiting="0.00" lane="bottom_0" pos="1.19" speed="2.18" angle="92.32" x="66.31" y="-4.89"/>
        <vehicle id="cfm-slow_1" eclass="HBEFA3/PC_G_EU4" CO2="10134.37" CO="282.81" HC="1.53" NOx="4.69" PMx="0.25" fuel="4.36" electricity="0.00" noise="116.77" route="routebottom" type="cfm-slow" waiting="0.00" lane="bottom_0" pos="17.02" speed="2.18" angle="63.84" x="98.65" y="4.65"/>
        <vehicle id="cfm-slow_2" eclass="HBEFA3/PC_G_EU4" CO2="10134.37" CO="282.81" HC="1.53" NOx="4.69" PMx="0.25" fuel="4.36" electricity="0.00" noise="116.77" route="routebottom" type="cfm-slow" waiting="0.00" lane="bottom_0" pos="32.85" speed="2.18" angle="35.40" x="122.53" y="28.44"/>
        <vehicle id="cfm-slow_3" eclass="HBEFA3/PC_G_EU4" CO2="10134.37" CO="282.81" HC="1.53" NOx="4.69" PMx="0.25" fuel="4.36" electricity="0.00" noise="116.77" route="routebottom" type="cfm-slow" waiting="0.00" lane="bottom_0" pos="48.69" speed="2.18" angle="6.92" x="132.21" y="60.74"/>
        <vehicle id="cfm-slow_4" eclass="HBEFA3/PC_G_EU4" CO2="10134.37" CO="282.81" HC="1.53" NOx="4.69" PMx="0.25" fuel="4.36" electricity="0.00" noise="116.77" route="routeright" type="cfm-slow" waiting="0.00" lane="right_0" pos="14.52" speed="2.18" angle="338.33" x="125.24" y="93.92"/>
        <vehicle id="cfm-slow_5" eclass="HBEFA3/PC_G_EU4" CO2="10134.37" CO="282.81" HC="1.53" NOx="4.69" PMx="0.25" fuel="4.36" electricity="0.00" noise="116.77" route="routeright" type="cfm-slow" waiting="0.00" lane="right_0" pos="30.35" speed="2.18" angle="309.86" x="103.38" y="119.59"/>
    </timestep>
    <timestep time="0.17">
        <vehicle id="cfm-fast_0" eclass="HBEFA3/PC_G_EU4" CO2="10606.21" CO="290.37" HC="1.58" NOx="4.91" PMx="0.26" fuel="4.56" electricity="0.00" noise="116.82" route="routeright" type="cfm-fast" waiting="0.00" lane="right_0" pos="46.21" speed="2.32" angle="281.43" x="71.90" y="131.78"/>
        <vehicle id="cfm-fast_1" eclass="HBEFA3/PC_G_EU4" CO2="10606.21" CO="290.37" HC="1.58" NOx="4.91" PMx="0.26" fuel="4.56" electricity="0.00" noise="116.82" route="routetop" type="cfm-fast" waiting="0.00" lane="top_0" pos="12.04" speed="2.32" angle="252.76" x="38.28" y="127.39"/>
        <vehicle id="cfm-fast_2" eclass="HBEFA3/PC_G_EU4" CO2="10606.21" CO="290.37" HC="1.58" NOx="4.91" PMx="0.26" fuel="4.56" electricity="0.00" noise="116.82" route="routetop" type="cfm-fast" waiting="0.00" lane="top_0" pos="27.88" speed="2.32" angle="224.30" x="10.99" y="107.61"/>
        <vehicle id="cfm-fast_3" eclass="HBEFA3/PC_G_EU4" CO2="10606.21" CO="290.37" HC="1.58" NOx="4.91" PMx="0.26" fuel="4.56" electricity="0.00" noise="116.82" route="routetop" type="cfm-fast" waiting="0.00" lane="top_0" pos="43.71" speed="2.32" angle="195.94" x="-3.60" y="77.21"/>
        <vehicle id="cfm-fast_4" eclass="HBEFA3/PC_G_EU4" CO2="10606.21" CO="290.37" HC="1.58" NOx="4.91" PMx="0.26" fuel="4.56" electricity="0.00" noise="116.82" route="routeleft" type="cfm-fast" waiting="0.00" lane="left_0" pos="9.54" speed="2.32" angle="167.24" x="-1.86" y="43.35"/>
        <vehicle id="cfm-fast_5" eclass="HBEFA3/PC_G_EU4" CO2="10606.21" CO="290.37" HC="1.58" NOx="4.91" PMx="0.26" fuel="4.56" electricity="0.00" noise="116.82" route="routeleft" type="cfm-fast" waiting="0.00" lane="left_0" pos="25.38" speed="2.32" angle="138.82" x="15.73" y="14.58"/>
        <vehicle id="cfm-slow_0" eclass="HBEFA3/PC_G_EU4" CO2="10606.21" CO="290.37" HC="1.58" NOx="4.91" PMx="0.26" fuel="4.56" electricity="0.00" noise="116.82" route="routebottom" type="cfm-slow" waiting="0.00" lane="bottom_0" pos="1.21" speed="2.32" angle="92.29" x="66.36" y="-4.89"/>
        <vehicle id="cfm-slow_1" eclass="HBEFA3/PC_G_EU4" CO2="10606.21" CO="290.37" HC="1.58" NOx="4.91" PMx="0.26" fuel="4.56" electricity="0.00" noise="116.82" route="routebottom" type="cfm-slow" waiting="0.00" lane="bottom_0" pos="17.04" speed="2.32" angle="63.80" x="98.69" y="4.68"/>
        <vehicle id="cfm-slow_2" eclass="HBEFA3/PC_G_EU4" CO2="10606.21" CO="290.37" HC="1.58" NOx="4.91" PMx="0.26" fuel="4.56" electricity="0.00" noise="116.82" route="routebottom" type="cfm-slow" waiting="0.00" lane="bottom_0" pos="32.88" speed="2.32" angle="35.36" x="122.56" y="28.49"/>
        <vehicle id="cfm-slow_3" eclass="HBEFA3/PC_G_EU4" CO2="10606.21" CO="290.37" HC="1.58" NOx="4.91" PMx="0.26" fuel="4.56" electricity="0.00" noise="116.82" route="routebottom" type="cfm-slow" waiting="0.00" lane="bottom_0" pos="48.71" speed="2.32" angle="6.89" x="132.21" y="60.79"/>
        <vehicle id="cfm-slow_4" eclass="HBEFA3/PC_G_EU4" CO2="10606.21" CO="290.37" HC="1.58" NOx="4.91" PMx="0.26" fuel="4.56" electricity="0.00" noise="116.82" route="routeright" type="cfm-slow" waiting="0.00" lane="right_0" pos="14.54" speed="2.32" angle="338.29" x="125.21" y="93.96"/>
        <vehicle id="cfm-slow_5" eclass="HBEFA3/PC_G_EU4" CO2="10606.21" CO="290.37" HC="1.58" NOx="4.91" PMx="0.26" fuel="4.56" electricity="0.00" noise="116.82" route="routeright" type="cfm-slow" waiting="0.00" lane="right_0" pos="30.38" speed="2.32" angle="309.82" x="103.34" y="119.62"/>
    </timestep>
    <timestep time="0.18">
        <vehicle id="cfm-fast_0" eclass="HBEFA3/PC_G_EU4" CO2="11078.33" CO="297.95" HC="1.63" NOx="5.13" PMx="0.27" fuel="4.76" electricity="0.00" noise="116.88" route="routeright" type="cfm-fast" waiting="0.00" lane="right_0" pos="46.23" speed="2.45" angle="281.39" x="71.85" y="131.79"/>
        <vehicle id="cfm-fast_1" eclass="HBEFA3/PC_G_EU4" CO2="11078.33" CO="297.95" HC="1.63" NOx="5.13" PMx="0.27" fuel="4.76" electricity="0.00" noise="116.88" route="routetop" type="cfm-fast" waiting="0.00" lane="top_0" pos="12.07" speed="2.45" angle="252.72" x="38.23" y="127.37"/>
        <vehicle id="cfm-fast_2" eclass="HBEFA3/PC_G_EU4" CO2="11078.33" CO="297.95" HC="1.63" NOx="5.13" PMx="0.27" fuel="4.76" electricity="0.00" noise="116.88" route="routetop" type="cfm-fast" waiting="0.00" lane="top_0" pos="27.90" speed="2.45" angle="224.25" x="10.95" y="107.57"/>
        <vehicle id="cfm-fast_3" eclass="HBEFA3/PC_G_EU4" CO2="11078.33" CO="297.95" HC="1.63" NOx="5.13" PMx="0.27" fuel="4.76" electricity="0.00" noise="116.88" route="routetop" type="cfm-fast" waiting="0.00" lane="top_0" pos="43.73" speed="2.45" angle="195.89" x="-3.61" y="77.16"/>
        <vehicle id="cfm-fast_4" eclass="HBEFA3/PC_G_EU4" CO2="11078.33" CO="297.95" HC="1.63" NOx="5.13" PMx="0.27" fuel="4.76" electricity="0.00" noise="116.88" route="routeleft" type="cfm-fast" waiting="0.00" lane="left_0" pos="9.57" speed="2.45" angle="167.19" x="-1.84" y="43.30"/>
        <vehicle id="cfm-fast_5" eclass="HBEFA3/PC_G_EU4" CO2="11078.33" CO="297.95" HC="1.63" NOx="5.13" PMx="0.27" fuel="4.76" electricity="0.00" noise="116.88" route="routeleft" type="cfm-fast" waiting="0.00" lane="left_0" pos="25.40" speed="2.45" angle="138.77" x="15.76" y="14.55"/>
        <vehicle id="cfm-slow_0" eclass="HBEFA3/PC_G_EU4" CO2="11078.33" CO="297.95" HC="1.63" NOx="5.13" PMx="0.27" fuel="4.76" electricity="0.00" noise="116.88" route="routebottom" type="cfm-slow" waiting="0.00" lane="bottom_0" pos="1.23" speed="2.45" angle="92.26" x="66.41" y="-4.89"/>
        <vehicle id="cfm-slow_1" eclass="HBEFA3/PC_G_EU4" CO2="11078.33" CO="297.95" HC="1.63" NOx="5.13" PMx="0.27" fuel="4.76" electricity="0.00" noise="116.88" route="routebottom" type="cfm-slow" waiting="0.00" lane="bottom_0" pos="17.07" speed="2.45" angle="63.75" x="98.73" y="4.71"/>
        <vehicle id="cfm-slow_2" eclass="HBEFA3/PC_G_EU4" CO2="11078.33" CO="297.95" HC="1.63" NOx="5.13" PMx="0.27" fuel="4.76" electricity="0.00" noise="116.88" route="routebottom" type="cfm-slow" waiting="0.00" lane="bottom_0" pos="32.90" speed="2.45" angle="35.31" x="122.59" y="28.53"/>
        <vehicle id="cfm-slow_3" eclass="HBEFA3/PC_G_EU4" CO2="11078.33" CO="297.95" HC="1.63" NOx="5.13" PMx="0.27" fuel="4.76" electricity="0.00" noise="116.88" route="routebottom" type="cfm-slow" waiting="0.00" lane="bottom_0" pos="48.73" speed="2.45" angle="6.86" x="132.22" y="60.84"/>
        <vehicle id="cfm-slow_4" eclass="HBEFA3/PC_G_EU4" CO2="11078.33" CO="297.95" HC="1.63" NOx="5.13" PMx="0.27" fuel="4.76" electricity="0.00" noise="116.88" route="routeright" type="cfm-slow" waiting="0.00" lane="right_0" pos="14.57" speed="2.45" angle="338.24" x="125.19" y="94.01"/>
        <vehicle id="cfm-slow_5" eclass="HBEFA3/PC_G_EU4" CO2="11078.33" CO="297.95" HC="1.63" NOx="5.13" PMx="0.27" fuel="4.76" electricity="0.00" noise="116.88" route="routeright" type="cfm-slow" waiting="0.00" lane="right_0" pos="30.40" speed="2.45" angle="309.77" x="103.30" y="119.65"/>
    </timestep>
    <timestep time="0.19">
        <vehicle id="cfm-fast_0" eclass="HBEFA3/PC_G_EU4" CO2="11550.75" CO="305.56" HC="1.67" NOx="5.35" PMx="0.29" fuel="4.97" electricity="0.00" noise="116.93" route="routeright" type="cfm-fast" waiting="0.00" lane="right_0" pos="46.26" speed="2.59" angle="281.34" x="71.79" y="131.79"/>
        <vehicle id="cfm-fast_1" eclass="HBEFA3/PC_G_EU4" CO2="11550.75" CO="305.56" HC="1.67" NOx="5.35" PMx="0.29" fuel="4.97" electricity="0.00" noise="116.93" route="routetop" type="cfm-fast" waiting="0.00" lane="top_0" pos="12.09" speed="2.59" angle="252.67" x="38.18" y="127.35"/>
        <vehicle id="cfm-fast_2" eclass="HBEFA3/PC_G_EU4" CO2="11550.75" CO="305.56" HC="1.67" NOx="5.35" PMx="0.29" fuel="4.97" electricity="0.00" noise="116.93" route="routetop" type="cfm-fast" waiting="0.00" lane="top_0" pos="27.93" speed="2.59" angle="224.20" x="10.91" y="107.52"/>
        <vehicle id="cfm-fast_3" eclass="HBEFA3/PC_G_EU4" CO2="11550.75" CO="305.56" HC="1.67" NOx="5.35" PMx="0.29" fuel="4.97" electricity="0.00" noise="116.93" route="routetop" type="cfm-fast" waiting="0.00" lane="top_0" pos="43.76" speed="2.59" angle="195.84" x="-3.62" y="77.10"/>
        <vehicle id="cfm-fast_4" eclass="HBEFA3/PC_G_EU4" CO2="11550.75" CO="305.56" HC="1.67" NOx="5.35" PMx="0.29" fuel="4.97" electricity="0.00" noise="116.93" route="routeleft" type="cfm-fast" waiting="0.00" lane="left_0" pos="9.59" speed="2.59" angle="167.15" x="-1.83" y="43.25"/>
        <vehicle id="cfm-fast_5" eclass="HBEFA3/PC_G_EU4" CO2="11550.75" CO="305.56" HC="1.67" NOx="5.35" PMx="0.29" fuel="4.97" electricity="0.00" noise="116.93" route="routeleft" type="cfm-fast" waiting="0.00" lane="left_0" pos="25.43" speed="2.59" angle="138.72" x="15.80" y="14.51"/>
        <vehicle id="cfm-slow_0" eclass="HBEFA3/PC_G_EU4" CO2="11550.75" CO="305.56" HC="1.67" NOx="5.35" PMx="0.29" fuel="4.97" electricity="0.00" noise="116.93" route="routebottom" type="cfm-slow" waiting="0.00" lane="bottom_0" pos="1.26" speed="2.59" angle="92.21" x="66.47" y="-4.89"/>
        <vehicle id="cfm-slow_1" eclass="HBEFA3/PC_G_EU4" CO2="11550.75" CO="305.56" HC="1.67" NOx="5.35" PMx="0.29" fuel="4.97" electricity="0.00" noise="116.93" route="routebottom" type="cfm-slow" waiting="0.00" lane="bottom_0" pos="17.09" speed="2.59" angle="63.70" x="98.78" y="4.73"/>
        <vehicle id="cfm-slow_2" eclass="HBEFA3/PC_G_EU4" CO2="11550.75" CO="305.56" HC="1.67" NOx="5.35" PMx="0.29" fuel="4.97" electricity="0.00" noise="116.93" route="routebottom" type="cfm-slow" waiting="0.00" lane="bottom_0" pos="32.93" speed="2.59" angle="35.27" x="122.62" y="28.58"/>
        <vehicle id="cfm-slow_3" eclass="HBEFA3/PC_G_EU4" CO2="11550.75" CO="305.56" HC="1.67" NOx="5.35" PMx="0.29" fuel="4.97" electricity="0.00" noise="116.93" route="routebottom" type="cfm-slow" waiting="0.00" lane="bottom_0" pos="48.76" speed="2.59" angle="6.82" x="132.22" y="60.90"/>
        <vehicle id="cfm-slow_4" eclass="HBEFA3/PC_G_EU4" CO2="11550.75" CO="305.56" HC="1.67" NOx="5.35" PMx="0.29" fuel="4.97" electricity="0.00" noise="116.93" route="routeright" type="cfm-slow" waiting="0.00" lane="right_0" pos="14.59" speed="2.59" angle="338.19" x="125.16" y="94.06"/>
        <vehicle id="cfm-slow_5" eclass="HBEFA3/PC_G_EU4" CO2="11550.75" CO="305.56" HC="1.67" NOx="5.35" PMx="0.29" fuel="4.97" electricity="0.00" noise="116.93" route="routeright" type="cfm-slow" waiting="0.00" lane="right_0" pos="30.43" speed="2.59" angle="309.72" x="103.25" y="119.68"/>
    </timestep>
    <timestep time="0.20">
        <vehicle id="cfm-fast_0" eclass="HBEFA3/PC_G_EU4" CO2="12023.46" CO="313.18" HC="1.72" NOx="5.56" PMx="0.30" fuel="5.17" electricity="0.00" noise="116.99" route="routeright" type="cfm-fast" waiting="0.00" lane="right_0" pos="46.29" speed="2.73" angle="281.29" x="71.73" y="131.80"/>
        <vehicle id="cfm-fast_1" eclass="HBEFA3/PC_G_EU4" CO2="12023.46" CO="313.18" HC="1.72" NOx="5.56" PMx="0.30" fuel="5.17" electricity="0.00" noise="116.99" route="routetop" type="cfm-fast" waiting="0.00" lane="top_0" pos="12.12" speed="2.73" angle="252.62" x="38.13" y="127.33"/>
        <vehicle id="cfm-fast_2" eclass="HBEFA3/PC_G_EU4" CO2="12023.46" CO="313.18" HC="1.72" NOx="5.56" PMx="0.30" fuel="5.17" electricity="0.00" noise="116.99" route="routetop" type="cfm-fast" waiting="0.00" lane="top_0" pos="27.95" speed="2.73" angle="224.15" x="10.88" y="107.48"/>
        <vehicle id="cfm-fast_3" eclass="HBEFA3/PC_G_EU4" CO2="12023.46" CO="313.18" HC="1.72" NOx="5.56" PMx="0.30" fuel="5.17" electricity="0.00" noise="116.99" route="routetop" type="cfm-fast" waiting="0.00" lane="top_0" pos="43.79" speed="2.73" angle="195.79" x="-3.63" y="77.04"/>
        <vehicle id="cfm-fast_4" eclass="HBEFA3/PC_G_EU4" CO2="12023.46" CO="313.18" HC="1.72" NOx="5.56" PMx="0.30" fuel="5.17" electricity="0.00" noise="116.99" route="routeleft" type="cfm-fast" waiting="0.00" lane="left_0" pos="9.62" speed="2.73" angle="167.10" x="-1.81" y="43.19"/>
        <vehicle id="cfm-fast_5" eclass="HBEFA3/PC_G_EU4" CO2="12023.46" CO="313.18" HC="1.72" NOx="5.56" PMx="0.30" fuel="5.17" electricity="0.00" noise="116.99" route="routeleft" type="cfm-fast" waiting="0.00" lane="left_0" pos="25.45" speed="2.73" angle="138.67" x="15.84" y="14.47"/>
        <vehicle id="cfm-slow_0" eclass="HBEFA3/PC_G_EU4" CO2="12023.46" CO="313.18" HC="1.72" NOx="5.56" PMx="0.30" fuel="5.17" electricity="0.00" noise="116.99" route="routebottom" type="cfm-slow" waiting="0.00" lane="bottom_0" pos="1.29" speed="2.73" angle="92.16" x="66.53" y="-4.88"/>
        <vehicle id="cfm-slow_1" eclass="HBEFA3/PC_G_EU4" CO2="12023.46" CO="313.18" HC="1.72" NOx="5.56" PMx="0.30" fuel="5.17" electricity="0.00" noise="116.99" route="routebottom" type="cfm-slow" waiting="0.00" lane="bottom_0" pos="17.12" speed="2.73" angle="63.65" x="98.83" y="4.76"/>
        <vehicle id="cfm-slow_2" eclass="HBEFA3/PC_G_EU4" CO2="12023.46" CO="313.18" HC="1.72" NOx="5.56" PMx="0.30" fuel="5.17" electricity="0.00" noise="116.99" route="routebottom" type="cfm-slow" waiting="0.00" lane="bottom_0" pos="32.95" speed="2.73" angle="35.22" x="122.65" y="28.63"/>
        <vehicle id="cfm-slow_3" eclass="HBEFA3/PC_G_EU4" CO2="12023.46" CO="313.18" HC="1.72" NOx="5.56" PMx="0.30" fuel="5.17" electricity="0.00" noise="116.99" route="routebottom" type="cfm-slow" waiting="0.00" lane="bottom_0" pos="48.79" speed="2.73" angle="6.77" x="132.22" y="60.96"/>
        <vehicle id="cfm-slow_4" eclass="HBEFA3/PC_G_EU4" CO2="12023.46" CO="313.18" HC="1.72" NOx="5.56" PMx="0.30" fuel="5.17" electricity="0.00" noise="116.99" route="routeright" type="cfm-slow" waiting="0.00" lane="right_0" pos="14.62" speed="2.73" angle="338.14" x="125.14" y="94.11"/>
        <vehicle id="cfm-slow_5" eclass="HBEFA3/PC_G_EU4" CO2="12023.46" CO="313.18" HC="1.72" NOx="5.56" PMx="0.30" fuel="5.17" electricity="0.00" noise="116.99" route="routeright" type="cfm-slow" waiting="0.00" lane="right_0" pos="30.45" speed="2.73" angle="309.67" x="103.20" y="119.71"/>
    </timestep>
    <timestep time="0.21">
        <vehicle id="cfm-fast_0" eclass="HBEFA3/PC_G_EU4" CO2="12496.46" CO="320.83" HC="1.77" NOx="5.78" PMx="0.31" fuel="5.37" electricity="0.00" noise="117.04" route="routeright" type="cfm-fast" waiting="0.00" lane="right_0" pos="46.31" speed="2.86" angle="281.24" x="71.67" y="131.81"/>
        <vehicle id="cfm-fast_1" eclass="HBEFA3/PC_G_EU4" CO2="12496.46" CO="320.83" HC="1.77" NOx="5.78" PMx="0.31" fuel="5.37" electricity="0.00" noise="117.04" route="routetop" type="cfm-fast" waiting="0.00" lane="top_0" pos="12.15" speed="2.86" angle="252.57" x="38.07" y="127.31"/>
        <vehicle id="cfm-fast_2" eclass="HBEFA3/PC_G_EU4" CO2="12496.46" CO="320.83" HC="1.77" NOx="5.78" PMx="0.31" fuel="5.37" electricity="0.00" noise="117.04" route="routetop" type="cfm-fast" waiting="0.00" lane="top_0" pos="27.98" speed="2.86" angle="224.10" x="10.84" y="107.43"/>
        <vehicle id="cfm-fast_3" eclass="HBEFA3/PC_G_EU4" CO2="12496.46" CO="320.83" HC="1.77" NOx="5.78" PMx="0.31" fuel="5.37" electricity="0.00" noise="117.04" route="routetop" type="cfm-fast" waiting="0.00" lane="top_0" pos="43.81" speed="2.86" angle="195.74" x="-3.64" y="76.98"/>
        <vehicle id="cfm-fast_4" eclass="HBEFA3/PC_G_EU4" CO2="12496.46" CO="320.83" HC="1.77" NOx="5.78" PMx="0.31" fuel="5.37" electricity="0.00" noise="117.04" route="routeleft" type="cfm-fast" waiting="0.00" lane="left_0" pos="9.65" speed="2.86" angle="167.04" x="-1.79" y="43.13"/>
        <vehicle id="cfm-fast_5" eclass="HBEFA3/PC_G_EU4" CO2="12496.46" CO="320.83" HC="1.77" NOx="5.78" PMx="0.31" fuel="5.37" electricity="0.00" noise="117.04" route="routeleft" type="cfm-fast" waiting="0.00" lane="left_0" pos="25.48" speed="2.86" angle="138.62" x="15.89" y="14.42"/>
        <vehicle id="cfm-slow_0" eclass="HBEFA3/PC_G_EU4" CO2="12496.46" CO="320.83" HC="1.77" NOx="5.78" PMx="0.31" fuel="5.37" electricity="0.00" noise="117.04" route="routebottom" type="cfm-slow" waiting="0.00" lane="bottom_0" pos="1.32" speed="2.86" angle="92.11" x="66.59" y="-4.88"/>
        <vehicle id="cfm-slow_1" eclass="HBEFA3/PC_G_EU4" CO2="12496.46" CO="320.83" HC="1.77" NOx="5.78" PMx="0.31" fuel="5.37" electricity="0.00" noise="117.04" route="routebottom" type="cfm-slow" waiting="0.00" lane="bottom_0" pos="17.15" speed="2.86" angle="63.60" x="98.88" y="4.80"/>
        <vehicle id="cfm-slow_2" eclass="HBEFA3/PC_G_EU4" CO2="12496.46" CO="320.83" HC="1.77" NOx="5.78" PMx="0.31" fuel="5.37" electricity="0.00" noise="117.04" route="routebottom" type="cfm-slow" waiting="0.00" lane="bottom_0" pos="32.98" speed="2.86" angle="35.16" x="122.68" y="28.68"/>
        <vehicle id="cfm-slow_3" eclass="HBEFA3/PC_G_EU4" CO2="12496.46" CO="320.83" HC="1.77" NOx="5.78" PMx="0.31" fuel="5.37" electricity="0.00" noise="117.04" route="routebottom" type="cfm-slow" waiting="0.00" lane="bottom_0" pos="48.82" speed="2.86" angle="6.72" x="132.22" y="61.02"/>
        <vehicle id="cfm-slow_4" eclass="HBEFA3/PC_G_EU4" CO2="12496.46" CO="320.83" HC="1.77" NOx="5.78" PMx="0.31" fuel="5.37" electricity="0.00" noise="117.04" route="routeright" type="cfm-slow" waiting="0.00" lane="right_0" pos="14.65" speed="2.86" angle="338.08" x="125.11" y="94.17"/>
        <vehicle id="cfm-slow_5" eclass="HBEFA3/PC_G_EU4" CO2="12496.46" CO="320.83" HC="1.77" NOx="5.78" PMx="0.31" fuel="5.37" electricity="0.00" noise="117.04" route="routeright" type="cfm-slow" waiting="0.00" lane="right_0" pos="30.48" speed="2.86" angle="309.62" x="103.15" y="119.75"/>
    </timestep>
    <timestep time="0.22">
        <vehicle id="cfm-fast_0" eclass="HBEFA3/PC_G_EU4" CO2="12969.76" CO="328.50" HC="1.81" NOx="6.00" PMx="0.32" fuel="5.58" electricity="0.00" noise="117.09" route="routeright" type="cfm-fast" waiting="0.00" lane="right_0" pos="46.34" speed="3.00" angle="281.18" x="71.61" y="131.81"/>
        <vehicle id="cfm-fast_1" eclass="HBEFA3/PC_G_EU4" CO2="12969.76" CO="328.50" HC="1.81" NOx="6.00" PMx="0.32" fuel="5.58" electricity="0.00" noise="117.09" route="routetop" type="cfm-fast" waiting="0.00" lane="top_0" pos="12.18" speed="3.00" angle="252.52" x="38.01" y="127.28"/>
        <vehicle id="cfm-fast_2" eclass="HBEFA3/PC_G_EU4" CO2="12969.76" CO="328.50" HC="1.81" NOx="6.00" PMx="0.32" fuel="5.58" electricity="0.00" noise="117.09" route="routetop" type="cfm-fast" waiting="0.00" lane="top_0" pos="28.01" speed="3.00" angle="224.04" x="10.79" y="107.38"/>
        <vehicle id="cfm-fast_3" eclass="HBEFA3/PC_G_EU4" CO2="12969.76" CO="328.50" HC="1.81" NOx="6.00" PMx="0.32" fuel="5.58" electricity="0.00" noise="117.09" route="routetop" type="cfm-fast" waiting="0.00" lane="top_0" pos="43.84" speed="3.00" angle="195.68" x="-3.65" y="76.92"/>
        <vehicle id="cfm-fast_4" eclass="HBEFA3/PC_G_EU4" CO2="12969.76" CO="328.50" HC="1.81" NOx="6.00" PMx="0.32" fuel="5.58" electricity="0.00" noise="117.09" route="routeleft" type="cfm-fast" waiting="0.00" lane="left_0" pos="9.68" speed="3.00" angle="166.99" x="-1.77" y="43.07"/>
        <vehicle id="cfm-fast_5" eclass="HBEFA3/PC_G_EU4" CO2="12969.76" CO="328.50" HC="1.81" NOx="6.00" PMx="0.32" fuel="5.58" electricity="0.00" noise="117.09" route="routeleft" type="cfm-fast" waiting="0.00" lane="left_0" pos="25.51" speed="3.00" angle="138.57" x="15.93" y="14.38"/>
        <vehicle id="cfm-slow_0" eclass="HBEFA3/PC_G_EU4" CO2="12969.76" CO="328.50" HC="1.81" NOx="6.00" PMx="0.32" fuel="5.58" electricity="0.00" noise="117.09" route="routebottom" type="cfm-slow" waiting="0.00" lane="bottom_0" pos="1.35" speed="3.00" angle="92.06" x="66.65" y="-4.88"/>
        <vehicle id="cfm-slow_1" eclass="HBEFA3/PC_G_EU4" CO2="12969.76" CO="328.50" HC="1.81" NOx="6.00" PMx="0.32" fuel="5.58" electricity="0.00" noise="117.09" route="routebottom" type="cfm-slow" waiting="0.00" lane="bottom_0" pos="17.18" speed="3.00" angle="63.55" x="98.94" y="4.83"/>
        <vehicle id="cfm-slow_2" eclass="HBEFA3/PC_G_EU4" CO2="12969.76" CO="328.50" HC="1.81" NOx="6.00" PMx="0.32" fuel="5.58" electricity="0.00" noise="117.09" route="routebottom" type="cfm-slow" waiting="0.00" lane="bottom_0" pos="33.01" speed="3.00" angle="35.11" x="122.71" y="28.74"/>
        <vehicle id="cfm-slow_3" eclass="HBEFA3/PC_G_EU4" CO2="12969.76" CO="328.50" HC="1.81" NOx="6.00" PMx="0.32" fuel="5.58" electricity="0.00" noise="117.09" route="routebottom" type="cfm-slow" waiting="0.00" lane="bottom_0" pos="48.85" speed="3.00" angle="6.66" x="132.22" y="61.09"/>
        <vehicle id="cfm-slow_4" eclass="HBEFA3/PC_G_EU4" CO2="12969.76" CO="328.50" HC="1.81" NOx="6.00" PMx="0.32" fuel="5.58" electricity="0.00" noise="117.09" route="routeright" type="cfm-slow" waiting="0.00" lane="right_0" pos="14.68" speed="3.00" angle="338.03" x="125.08" y="94.22"/>
        <vehicle id="cfm-slow_5" eclass="HBEFA3/PC_G_EU4" CO2="12969.76" CO="328.50" HC="1.81" NOx="6.00" PMx="0.32" fuel="5.58" electricity="0.00" noise="117.09" route="routeright" type="cfm-slow" waiting="0.00" lane="right_0" pos="30.51" speed="3.00" angle="309.56" x="103.10" y="119.79"/>
    </timestep>
    <timestep time="0.23">
        <vehicle id="cfm-fast_0" eclass="HBEFA3/PC_G_EU4" CO2="13443.34" CO="336.19" HC="1.86" NOx="6.22" PMx="0.33" fuel="5.78" electricity="0.00" noise="117.15" route="routeright" type="cfm-fast" waiting="0.00" lane="right_0" pos="46.38" speed="3.14" angle="281.13" x="71.54" y="131.82"/>
        <vehicle id="cfm-fast_1" eclass="HBEFA3/PC_G_EU4" CO2="13443.34" CO="336.19" HC="1.86" NOx="6.22" PMx="0.33" fuel="5.78" electricity="0.00" noise="117.15" route="routetop" type="cfm-fast" waiting="0.00" lane="top_0" pos="12.21" speed="3.14" angle="252.46" x="37.95" y="127.26"/>
        <vehicle id="cfm-fast_2" eclass="HBEFA3/PC_G_EU4" CO2="13443.34" CO="336.19" HC="1.86" NOx="6.22" PMx="0.33" fuel="5.78" electricity="0.00" noise="117.15" route="routetop" type="cfm-fast" waiting="0.00" lane="top_0" pos="28.04" speed="3.14" angle="223.98" x="10.75" y="107.33"/>
        <vehicle id="cfm-fast_3" eclass="HBEFA3/PC_G_EU4" CO2="13443.34" CO="336.19" HC="1.86" NOx="6.22" PMx="0.33" fuel="5.78" electricity="0.00" noise="117.15" route="routetop" type="cfm-fast" waiting="0.00" lane="top_0" pos="43.88" speed="3.14" angle="195.62" x="-3.67" y="76.85"/>
        <vehicle id="cfm-fast_4" eclass="HBEFA3/PC_G_EU4" CO2="13443.34" CO="336.19" HC="1.86" NOx="6.22" PMx="0.33" fuel="5.78" electricity="0.00" noise="117.15" route="routeleft" type="cfm-fast" waiting="0.00" lane="left_0" pos="9.71" speed="3.14" angle="166.93" x="-1.75" y="43.01"/>
        <vehicle id="cfm-fast_5" eclass="HBEFA3/PC_G_EU4" CO2="13443.34" CO="336.19" HC="1.86" NOx="6.22" PMx="0.33" fuel="5.78" electricity="0.00" noise="117.15" route="routeleft" type="cfm-fast" waiting="0.00" lane="left_0" pos="25.54" speed="3.14" angle="138.53" x="15.98" y="14.33"/>
        <vehicle id="cfm-slow_0" eclass="HBEFA3/PC_G_EU4" CO2="13443.34" CO="336.19" HC="1.86" NOx="6.22" PMx="0.33" fuel="5.78" electricity="0.00" noise="117.15" route="routebottom" type="cfm-slow" waiting="0.00" lane="bottom_0" pos="1.38" speed="3.14" angle="92.00" x="66.72" y="-4.87"/>
        <vehicle id="cfm-slow_1" eclass="HBEFA3/PC_G_EU4" CO2="13443.34" CO="336.19" HC="1.86" NOx="6.22" PMx="0.33" fuel="5.78" electricity="0.00" noise="117.15" route="routebottom" type="cfm-slow" waiting="0.00" lane="bottom_0" pos="17.21" speed="3.14" angle="63.49" x="99.00" y="4.86"/>
        <vehicle id="cfm-slow_2" eclass="HBEFA3/PC_G_EU4" CO2="13443.34" CO="336.19" HC="1.86" NOx="6.22" PMx="0.33" fuel="5.78" electricity="0.00" noise="117.15" route="routebottom" type="cfm-slow" waiting="0.00" lane="bottom_0" pos="33.04" speed="3.14" angle="35.05" x="122.74" y="28.80"/>
        <vehicle id="cfm-slow_3" eclass="HBEFA3/PC_G_EU4" CO2="13443.34" CO="336.19" HC="1.86" NOx="6.22" PMx="0.33" fuel="5.78" electricity="0.00" noise="117.15" route="routebottom" type="cfm-slow" waiting="0.00" lane="bottom_0" pos="48.88" speed="3.14" angle="6.60" x="132.22" y="61.15"/>
        <vehicle id="cfm-slow_4" eclass="HBEFA3/PC_G_EU4" CO2="13443.34" CO="336.19" HC="1.86" NOx="6.22" PMx="0.33" fuel="5.78" electricity="0.00" noise="117.15" route="routeright" type="cfm-slow" waiting="0.00" lane="right_0" pos="14.71" speed="3.14" angle="337.97" x="125.05" y="94.28"/>
        <vehicle id="cfm-slow_5" eclass="HBEFA3/PC_G_EU4" CO2="13443.34" CO="336.19" HC="1.86" NOx="6.22" PMx="0.33" fuel="5.78" electricity="0.00" noise="117.15" route="routeright" type="cfm-slow" waiting="0.00" lane="right_0" pos="30.54" speed="3.14" angle="309.50" x="103.05" y="119.83"/>
    </timestep>
    <timestep time="0.24">
        <vehicle id="cfm-fast_0" eclass="HBEFA3/PC_G_EU4" CO2="13917.22" CO="343.90" HC="1.91" NOx="6.44" PMx="0.34" fuel="5.98" electricity="0.00" noise="117.20" route="routeright" type="cfm-fast" waiting="0.00" lane="right_0" pos="46.41" speed="3.27" angle="281.07" x="71.47" y="131.83"/>
        <vehicle id="cfm-fast_1" eclass="HBEFA3/PC_G_EU4" CO2="13917.22" CO="343.90" HC="1.91" NOx="6.44" PMx="0.34" fuel="5.98" electricity="0.00" noise="117.20" route="routetop" type="cfm-fast" waiting="0.00" lane="top_0" pos="12.24" speed="3.27" angle="252.40" x="37.88" y="127.23"/>
        <vehicle id="cfm-fast_2" eclass="HBEFA3/PC_G_EU4" CO2="13917.22" CO="343.90" HC="1.91" NOx="6.44" PMx="0.34" fuel="5.98" electricity="0.00" noise="117.20" route="routetop" type="cfm-fast" waiting="0.00" lane="top_0" pos="28.08" speed="3.27" angle="223.92" x="10.71" y="107.28"/>
        <vehicle id="cfm-fast_3" eclass="HBEFA3/PC_G_EU4" CO2="13917.22" CO="343.90" HC="1.91" NOx="6.44" PMx="0.34" fuel="5.98" electricity="0.00" noise="117.20" route="routetop" type="cfm-fast" waiting="0.00" lane="top_0" pos="43.91" speed="3.27" angle="195.56" x="-3.68" y="76.78"/>
        <vehicle id="cfm-fast_4" eclass="HBEFA3/PC_G_EU4" CO2="13917.22" CO="343.90" HC="1.91" NOx="6.44" PMx="0.34" fuel="5.98" electricity="0.00" noise="117.20" route="routeleft" type="cfm-fast" waiting="0.00" lane="left_0" pos="9.74" speed="3.27" angle="166.87" x="-1.73" y="42.94"/>
        <vehicle id="cfm-fast_5" eclass="HBEFA3/PC_G_EU4" CO2="13917.22" CO="343.90" HC="1.91" NOx="6.44" PMx="0.34" fuel="5.98" electricity="0.00" noise="117.20" route="routeleft" type="cfm-fast" waiting="0.00" lane="left_0" pos="25.58" speed="3.27" angle="138.48" x="16.03" y="14.28"/>
        <vehicle id="cfm-slow_0" eclass="HBEFA3/PC_G_EU4" CO2="13917.22" CO="343.90" HC="1.91" NOx="6.44" PMx="0.34" fuel="5.98" electricity="0.00" noise="117.20" route="routebottom" type="cfm-slow" waiting="0.00" lane="bottom_0" pos="1.41" speed="3.27" angle="91.94" x="66.79" y="-4.87"/>
        <vehicle id="cfm-slow_1" eclass="HBEFA3/PC_G_EU4" CO2="13917.22" CO="343.90" HC="1.91" NOx="6.44" PMx="0.34" fuel="5.98" electricity="0.00" noise="117.20" route="routebottom" type="cfm-slow" waiting="0.00" lane="bottom_0" pos="17.24" speed="3.27" angle="63.43" x="99.06" y="4.90"/>
        <vehicle id="cfm-slow_2" eclass="HBEFA3/PC_G_EU4" CO2="13917.22" CO="343.90" HC="1.91" NOx="6.44" PMx="0.34" fuel="5.98" electricity="0.00" noise="117.20" route="routebottom" type="cfm-slow" waiting="0.00" lane="bottom_0" pos="33.08" speed="3.27" angle="34.99" x="122.78" y="28.86"/>
        <vehicle id="cfm-slow_3" eclass="HBEFA3/PC_G_EU4" CO2="13917.22" CO="343.90" HC="1.91" NOx="6.44" PMx="0.34" fuel="5.98" electricity="0.00" noise="117.20" route="routebottom" type="cfm-slow" waiting="0.00" lane="bottom_0" pos="48.91" speed="3.27" angle="6.54" x="132.23" y="61.22"/>
        <vehicle id="cfm-slow_4" eclass="HBEFA3/PC_G_EU4" CO2="13917.22" CO="343.90" HC="1.91" NOx="6.44" PMx="0.34" fuel="5.98" electricity="0.00" noise="117.20" route="routeright" type="cfm-slow" waiting="0.00" lane="right_0" pos="14.74" speed="3.27" angle="337.90" x="125.02" y="94.35"/>
        <vehicle id="cfm-slow_5" eclass="HBEFA3/PC_G_EU4" CO2="13917.22" CO="343.90" HC="1.91" NOx="6.44" PMx="0.34" fuel="5.98" electricity="0.00" noise="117.20" route="routeright" type="cfm-slow" waiting="0.00" lane="right_0" pos="30.58" speed="3.27" angle="309.44" x="102.99" y="119.87"/>
    </timestep>
    <timestep time="0.25">
        <vehicle id="cfm-fast_0" eclass="HBEFA3/PC_G_EU4" CO2="14391.39" CO="351.63" HC="1.95" NOx="6.66" PMx="0.36" fuel="6.19" electricity="0.00" noise="117.26" route="routeright" type="cfm-fast" waiting="0.00" lane="right_0" pos="46.44" speed="3.41" angle="281.00" x="71.40" y="131.83"/>
        <vehicle id="cfm-fast_1" eclass="HBEFA3/PC_G_EU4" CO2="14391.39" CO="351.63" HC="1.95" NOx="6.66" PMx="0.36" fuel="6.19" electricity="0.00" noise="117.26" route="routetop" type="cfm-fast" waiting="0.00" lane="top_0" pos="12.28" speed="3.41" angle="252.34" x="37.81" y="127.20"/>
        <vehicle id="cfm-fast_2" eclass="HBEFA3/PC_G_EU4" CO2="14391.39" CO="351.63" HC="1.95" NOx="6.66" PMx="0.36" fuel="6.19" electricity="0.00" noise="117.26" route="routetop" type="cfm-fast" waiting="0.00" lane="top_0" pos="28.11" speed="3.41" angle="223.87" x="10.66" y="107.22"/>
        <vehicle id="cfm-fast_3" eclass="HBEFA3/PC_G_EU4" CO2="14391.39" CO="351.63" HC="1.95" NOx="6.66" PMx="0.36" fuel="6.19" electricity="0.00" noise="117.26" route="routetop" type="cfm-fast" waiting="0.00" lane="top_0" pos="43.94" speed="3.41" angle="195.50" x="-3.69" y="76.71"/>
        <vehicle id="cfm-fast_4" eclass="HBEFA3/PC_G_EU4" CO2="14391.39" CO="351.63" HC="1.95" NOx="6.66" PMx="0.36" fuel="6.19" electricity="0.00" noise="117.26" route="routeleft" type="cfm-fast" waiting="0.00" lane="left_0" pos="9.78" speed="3.41" angle="166.81" x="-1.71" y="42.87"/>
        <vehicle id="cfm-fast_5" eclass="HBEFA3/PC_G_EU4" CO2="14391.39" CO="351.63" HC="1.95" NOx="6.66" PMx="0.36" fuel="6.19" electricity="0.00" noise="117.26" route="routeleft" type="cfm-fast" waiting="0.00" lane="left_0" pos="25.61" speed="3.41" angle="138.44" x="16.08" y="14.23"/>
        <vehicle id="cfm-slow_0" eclass="HBEFA3/PC_G_EU4" CO2="14391.39" CO="351.63" HC="1.95" NOx="6.66" PMx="0.36" fuel="6.19" electricity="0.00" noise="117.26" route="routebottom" type="cfm-slow" waiting="0.00" lane="bottom_0" pos="1.44" speed="3.41" angle="91.88" x="66.86" y="-4.86"/>
        <vehicle id="cfm-slow_1" eclass="HBEFA3/PC_G_EU4" CO2="14391.39" CO="351.63" HC="1.95" NOx="6.66" PMx="0.36" fuel="6.19" electricity="0.00" noise="117.26" route="routebottom" type="cfm-slow" waiting="0.00" lane="bottom_0" pos="17.28" speed="3.41" angle="63.36" x="99.12" y="4.94"/>
        <vehicle id="cfm-slow_2" eclass="HBEFA3/PC_G_EU4" CO2="14391.39" CO="351.63" HC="1.95" NOx="6.66" PMx="0.36" fuel="6.19" electricity="0.00" noise="117.26" route="routebottom" type="cfm-slow" waiting="0.00" lane="bottom_0" pos="33.11" speed="3.41" angle="34.92" x="122.82" y="28.92"/>
        <vehicle id="cfm-slow_3" eclass="HBEFA3/PC_G_EU4" CO2="14391.39" CO="351.63" HC="1.95" NOx="6.66" PMx="0.36" fuel="6.19" electricity="0.00" noise="117.26" route="routebottom" type="cfm-slow" waiting="0.00" lane="bottom_0" pos="48.94" speed="3.41" angle="6.48" x="132.23" y="61.30"/>
        <vehicle id="cfm-slow_4" eclass="HBEFA3/PC_G_EU4" CO2="14391.39" CO="351.63" HC="1.95" NOx="6.66" PMx="0.36" fuel="6.19" electricity="0.00" noise="117.26" route="routeright" type="cfm-slow" waiting="0.00" lane="right_0" pos="14.78" speed="3.41" angle="337.84" x="124.99" y="94.41"/>
        <vehicle id="cfm-slow_5" eclass="HBEFA3/PC_G_EU4" CO2="14391.39" CO="351.63" HC="1.95" NOx="6.66" PMx="0.36" fuel="6.19" electricity="0.00" noise="117.26" route="routeright" type="cfm-slow" waiting="0.00" lane="right_0" pos="30.61" speed="3.41" angle="309.38" x="102.93" y="119.91"/>
    </timestep>
    <timestep time="0.26">
        <vehicle id="cfm-fast_0" eclass="HBEFA3/PC_G_EU4" CO2="14865.86" CO="359.38" HC="2.00" NOx="6.88" PMx="0.37" fuel="6.39" electricity="0.00" noise="117.31" route="routeright" type="cfm-fast" waiting="0.00" lane="right_0" pos="46.48" speed="3.55" angle="280.94" x="71.32" y="131.84"/>
        <vehicle id="cfm-fast_1" eclass="HBEFA3/PC_G_EU4" CO2="14865.86" CO="359.38" HC="2.00" NOx="6.88" PMx="0.37" fuel="6.39" electricity="0.00" noise="117.31" route="routetop" type="cfm-fast" waiting="0.00" lane="top_0" pos="12.31" speed="3.55" angle="252.28" x="37.74" y="127.18"/>
        <vehicle id="cfm-fast_2" eclass="HBEFA3/PC_G_EU4" CO2="14865.86" CO="359.38" HC="2.00" NOx="6.88" PMx="0.37" fuel="6.39" electricity="0.00" noise="117.31" route="routetop" type="cfm-fast" waiting="0.00" lane="top_0" pos="28.15" speed="3.55" angle="223.83" x="10.61" y="107.17"/>
        <vehicle id="cfm-fast_3" eclass="HBEFA3/PC_G_EU4" CO2="14865.86" CO="359.38" HC="2.00" NOx="6.88" PMx="0.37" fuel="6.39" electricity="0.00" noise="117.31" route="routetop" type="cfm-fast" waiting="0.00" lane="top_0" pos="43.98" speed="3.55" angle="195.43" x="-3.71" y="76.64"/>
        <vehicle id="cfm-fast_4" eclass="HBEFA3/PC_G_EU4" CO2="14865.86" CO="359.38" HC="2.00" NOx="6.88" PMx="0.37" fuel="6.39" electricity="0.00" noise="117.31" route="routeleft" type="cfm-fast" waiting="0.00" lane="left_0" pos="9.81" speed="3.55" angle="166.74" x="-1.69" y="42.80"/>
        <vehicle id="cfm-fast_5" eclass="HBEFA3/PC_G_EU4" CO2="14865.86" CO="359.38" HC="2.00" NOx="6.88" PMx="0.37" fuel="6.39" electricity="0.00" noise="117.31" route="routeleft" type="cfm-fast" waiting="0.00" lane="left_0" pos="25.65" speed="3.55" angle="138.38" x="16.14" y="14.17"/>
        <vehicle id="cfm-slow_0" eclass="HBEFA3/PC_G_EU4" CO2="14865.86" CO="359.38" HC="2.00" NOx="6.88" PMx="0.37" fuel="6.39" electricity="0.00" noise="117.31" route="routebottom" type="cfm-slow" waiting="0.00" lane="bottom_0" pos="1.48" speed="3.55" angle="91.82" x="66.94" y="-4.86"/>
        <vehicle id="cfm-slow_1" eclass="HBEFA3/PC_G_EU4" CO2="14865.86" CO="359.38" HC="2.00" NOx="6.88" PMx="0.37" fuel="6.39" electricity="0.00" noise="117.31" route="routebottom" type="cfm-slow" waiting="0.00" lane="bottom_0" pos="17.31" speed="3.55" angle="63.30" x="99.19" y="4.98"/>
        <vehicle id="cfm-slow_2" eclass="HBEFA3/PC_G_EU4" CO2="14865.86" CO="359.38" HC="2.00" NOx="6.88" PMx="0.37" fuel="6.39" electricity="0.00" noise="117.31" route="routebottom" type="cfm-slow" waiting="0.00" lane="bottom_0" pos="33.15" speed="3.55" angle="34.86" x="122.86" y="28.99"/>
        <vehicle id="cfm-slow_3" eclass="HBEFA3/PC_G_EU4" CO2="14865.86" CO="359.38" HC="2.00" NOx="6.88" PMx="0.37" fuel="6.39" electricity="0.00" noise="117.31" route="routebottom" type="cfm-slow" waiting="0.00" lane="bottom_0" pos="48.98" speed="3.55" angle="6.41" x="132.23" y="61.37"/>
        <vehicle id="cfm-slow_4" eclass="HBEFA3/PC_G_EU4" CO2="14865.86" CO="359.38" HC="2.00" NOx="6.88" PMx="0.37" fuel="6.39" electricity="0.00" noise="117.31" route="routeright" type="cfm-slow" waiting="0.00" lane="right_0" pos="14.81" speed="3.55" angle="337.77" x="124.95" y="94.48"/>
        <vehicle id="cfm-slow_5" eclass="HBEFA3/PC_G_EU4" CO2="14865.86" CO="359.38" HC="2.00" NOx="6.88" PMx="0.37" fuel="6.39" electricity="0.00" noise="117.31" route="routeright" type="cfm-slow" waiting="0.00" lane="right_0" pos="30.65" speed="3.55" angle="309.32" x="102.87" y="119.96"/>
    </timestep>
    <timestep time="0.27">
        <vehicle id="cfm-fast_0" eclass="HBEFA3/PC_G_EU4" CO2="15340.61" CO="367.16" HC="2.05" NOx="7.10" PMx="0.38" fuel="6.59" electricity="0.00" noise="117.37" route="routeright" type="cfm-fast" waiting="0.00" lane="right_0" pos="46.52" speed="3.68" angle="280.87" x="71.24" y="131.85"/>
        <vehicle id="cfm-fast_1" eclass="HBEFA3/PC_G_EU4" CO2="15340.61" CO="367.16" HC="2.05" NOx="7.10" PMx="0.38" fuel="6.59" electricity="0.00" noise="117.37" route="routetop" type="cfm-fast" waiting="0.00" lane="top_0" pos="12.35" speed="3.68" angle="252.21" x="37.67" y="127.15"/>
        <vehicle id="cfm-fast_2" eclass="HBEFA3/PC_G_EU4" CO2="15340.61" CO="367.16" HC="2.05" NOx="7.10" PMx="0.38" fuel="6.59" electricity="0.00" noise="117.37" route="routetop" type="cfm-fast" waiting="0.00" lane="top_0" pos="28.18" speed="3.68" angle="223.78" x="10.56" y="107.10"/>
        <vehicle id="cfm-fast_3" eclass="HBEFA3/PC_G_EU4" CO2="15340.61" CO="367.16" HC="2.05" NOx="7.10" PMx="0.38" fuel="6.59" electricity="0.00" noise="117.37" route="routetop" type="cfm-fast" waiting="0.00" lane="top_0" pos="44.02" speed="3.68" angle="195.36" x="-3.72" y="76.56"/>
        <vehicle id="cfm-fast_4" eclass="HBEFA3/PC_G_EU4" CO2="15340.61" CO="367.16" HC="2.05" NOx="7.10" PMx="0.38" fuel="6.59" electricity="0.00" noise="117.37" route="routeleft" type="cfm-fast" waiting="0.00" lane="left_0" pos="9.85" speed="3.68" angle="166.67" x="-1.66" y="42.72"/>
        <vehicle id="cfm-fast_5" eclass="HBEFA3/PC_G_EU4" CO2="15340.61" CO="367.16" HC="2.05" NOx="7.10" PMx="0.38" fuel="6.59" electricity="0.00" noise="117.37" route="routeleft" type="cfm-fast" waiting="0.00" lane="left_0" pos="25.68" speed="3.68" angle="138.32" x="16.20" y="14.12"/>
        <vehicle id="cfm-slow_0" eclass="HBEFA3/PC_G_EU4" CO2="15340.61" CO="367.16" HC="2.05" NOx="7.10" PMx="0.38" fuel="6.59" electricity="0.00" noise="117.37" route="routebottom" type="cfm-slow" waiting="0.00" lane="bottom_0" pos="1.52" speed="3.68" angle="91.75" x="67.02" y="-4.86"/>
        <vehicle id="cfm-slow_1" eclass="HBEFA3/PC_G_EU4" CO2="15340.61" CO="367.16" HC="2.05" NOx="7.10" PMx="0.38" fuel="6.59" electricity="0.00" noise="117.37" route="routebottom" type="cfm-slow" waiting="0.00" lane="bottom_0" pos="17.35" speed="3.68" angle="63.23" x="99.25" y="5.02"/>
        <vehicle id="cfm-slow_2" eclass="HBEFA3/PC_G_EU4" CO2="15340.61" CO="367.16" HC="2.05" NOx="7.10" PMx="0.38" fuel="6.59" electricity="0.00" noise="117.37" route="routebottom" type="cfm-slow" waiting="0.00" lane="bottom_0" pos="33.18" speed="3.68" angle="34.79" x="122.90" y="29.05"/>
        <vehicle id="cfm-slow_3" eclass="HBEFA3/PC_G_EU4" CO2="15340.61" CO="367.16" HC="2.05" NOx="7.10" PMx="0.38" fuel="6.59" electricity="0.00" noise="117.37" route="routebottom" type="cfm-slow" waiting="0.00" lane="bottom_0" pos="49.02" speed="3.68" angle="6.34" x="132.23" y="61.45"/>
        <vehicle id="cfm-slow_4" eclass="HBEFA3/PC_G_EU4" CO2="15340.61" CO="367.16" HC="2.05" NOx="7.10" PMx="0.38" fuel="6.59" electricity="0.00" noise="117.37" route="routeright" type="cfm-slow" waiting="0.00" lane="right_0" pos="14.85" speed="3.68" angle="337.70" x="124.92" y="94.55"/>
        <vehicle id="cfm-slow_5" eclass="HBEFA3/PC_G_EU4" CO2="15340.61" CO="367.16" HC="2.05" NOx="7.10" PMx="0.38" fuel="6.59" electricity="0.00" noise="117.37" route="routeright" type="cfm-slow" waiting="0.00" lane="right_0" pos="30.68" speed="3.68" angle="309.26" x="102.80" y="120.00"/>
    </timestep>
    <timestep time="0.28">
        <vehicle id="cfm-fast_0" eclass="HBEFA3/PC_G_EU4" CO2="15815.66" CO="374.96" HC="2.09" NOx="7.32" PMx="0.39" fuel="6.80" electricity="0.00" noise="117.42" route="routeright" type="cfm-fast" waiting="0.00" lane="right_0" pos="46.55" speed="3.82" angle="280.80" x="71.16" y="131.86"/>
        <vehicle id="cfm-fast_1" eclass="HBEFA3/PC_G_EU4" CO2="15815.66" CO="374.96" HC="2.09" NOx="7.32" PMx="0.39" fuel="6.80" electricity="0.00" noise="117.42" route="routetop" type="cfm-fast" waiting="0.00" lane="top_0" pos="12.39" speed="3.82" angle="252.14" x="37.59" y="127.12"/>
        <vehicle id="cfm-fast_2" eclass="HBEFA3/PC_G_EU4" CO2="15815.66" CO="374.96" HC="2.09" NOx="7.32" PMx="0.39" fuel="6.80" electricity="0.00" noise="117.42" route="routetop" type="cfm-fast" waiting="0.00" lane="top_0" pos="28.22" speed="3.82" angle="223.72" x="10.50" y="107.04"/>
        <vehicle id="cfm-fast_3" eclass="HBEFA3/PC_G_EU4" CO2="15815.66" CO="374.96" HC="2.09" NOx="7.32" PMx="0.39" fuel="6.80" electricity="0.00" noise="117.42" route="routetop" type="cfm-fast" waiting="0.00" lane="top_0" pos="44.05" speed="3.82" angle="195.29" x="-3.74" y="76.48"/>
        <vehicle id="cfm-fast_4" eclass="HBEFA3/PC_G_EU4" CO2="15815.66" CO="374.96" HC="2.09" NOx="7.32" PMx="0.39" fuel="6.80" electricity="0.00" noise="117.42" route="routeleft" type="cfm-fast" waiting="0.00" lane="left_0" pos="9.89" speed="3.82" angle="166.60" x="-1.64" y="42.64"/>
        <vehicle id="cfm-fast_5" eclass="HBEFA3/PC_G_EU4" CO2="15815.66" CO="374.96" HC="2.09" NOx="7.32" PMx="0.39" fuel="6.80" electricity="0.00" noise="117.42" route="routeleft" type="cfm-fast" waiting="0.00" lane="left_0" pos="25.72" speed="3.82" angle="138.24" x="16.26" y="14.06"/>
        <vehicle id="cfm-slow_0" eclass="HBEFA3/PC_G_EU4" CO2="15815.66" CO="374.96" HC="2.09" NOx="7.32" PMx="0.39" fuel="6.80" electricity="0.00" noise="117.42" route="routebottom" type="cfm-slow" waiting="0.00" lane="bottom_0" pos="1.55" speed="3.82" angle="91.68" x="67.10" y="-4.85"/>
        <vehicle id="cfm-slow_1" eclass="HBEFA3/PC_G_EU4" CO2="15815.66" CO="374.96" HC="2.09" NOx="7.32" PMx="0.39" fuel="6.80" electricity="0.00" noise="117.42" route="routebottom" type="cfm-slow" waiting="0.00" lane="bottom_0" pos="17.39" speed="3.82" angle="63.16" x="99.33" y="5.06"/>
        <vehicle id="cfm-slow_2" eclass="HBEFA3/PC_G_EU4" CO2="15815.66" CO="374.96" HC="2.09" NOx="7.32" PMx="0.39" fuel="6.80" electricity="0.00" noise="117.42" route="routebottom" type="cfm-slow" waiting="0.00" lane="bottom_0" pos="33.22" speed="3.82" angle="34.72" x="122.94" y="29.12"/>
        <vehicle id="cfm-slow_3" eclass="HBEFA3/PC_G_EU4" CO2="15815.66" CO="374.96" HC="2.09" NOx="7.32" PMx="0.39" fuel="6.80" electricity="0.00" noise="117.42" route="routebottom" type="cfm-slow" waiting="0.00" lane="bottom_0" pos="49.05" speed="3.82" angle="6.27" x="132.23" y="61.53"/>
        <vehicle id="cfm-slow_4" eclass="HBEFA3/PC_G_EU4" CO2="15815.66" CO="374.96" HC="2.09" NOx="7.32" PMx="0.39" fuel="6.80" electricity="0.00" noise="117.42" route="routeright" type="cfm-slow" waiting="0.00" lane="right_0" pos="14.89" speed="3.82" angle="337.63" x="124.88" y="94.62"/>
        <vehicle id="cfm-slow_5" eclass="HBEFA3/PC_G_EU4" CO2="15815.66" CO="374.96" HC="2.09" NOx="7.32" PMx="0.39" fuel="6.80" electricity="0.00" noise="117.42" route="routeright" type="cfm-slow" waiting="0.00" lane="right_0" pos="30.72" speed="3.82" angle="309.21" x="102.74" y="120.05"/>
    </timestep>
    <timestep time="0.29">
        <vehicle id="cfm-fast_0" eclass="HBEFA3/PC_G_EU4" CO2="16290.99" CO="382.78" HC="2.14" NOx="7.54" PMx="0.40" fuel="7.00" electricity="0.00" noise="117.48" route="routeright" type="cfm-fast" waiting="0.00" lane="right_0" pos="46.59" speed="3.95" angle="280.73" x="71.07" y="131.87"/>
        <vehicle id="cfm-fast_1" eclass="HBEFA3/PC_G_EU4" CO2="16290.99" CO="382.78" HC="2.14" NOx="7.54" PMx="0.40" fuel="7.00" electricity="0.00" noise="117.48" route="routetop" type="cfm-fast" waiting="0.00" lane="top_0" pos="12.43" speed="3.95" angle="252.07" x="37.52" y="127.08"/>
        <vehicle id="cfm-fast_2" eclass="HBEFA3/PC_G_EU4" CO2="16290.99" CO="382.78" HC="2.14" NOx="7.54" PMx="0.40" fuel="7.00" electricity="0.00" noise="117.48" route="routetop" type="cfm-fast" waiting="0.00" lane="top_0" pos="28.26" speed="3.95" angle="223.65" x="10.45" y="106.97"/>
        <vehicle id="cfm-fast_3" eclass="HBEFA3/PC_G_EU4" CO2="16290.99" CO="382.78" HC="2.14" NOx="7.54" PMx="0.40" fuel="7.00" electricity="0.00" noise="117.48" route="routetop" type="cfm-fast" waiting="0.00" lane="top_0" pos="44.09" speed="3.95" angle="195.22" x="-3.75" y="76.39"/>
        <vehicle id="cfm-fast_4" eclass="HBEFA3/PC_G_EU4" CO2="16290.99" CO="382.78" HC="2.14" NOx="7.54" PMx="0.40" fuel="7.00" electricity="0.00" noise="117.48" route="routeleft" type="cfm-fast" waiting="0.00" lane="left_0" pos="9.93" speed="3.95" angle="166.53" x="-1.62" y="42.56"/>
        <vehicle id="cfm-fast_5" eclass="HBEFA3/PC_G_EU4" CO2="16290.99" CO="382.78" HC="2.14" NOx="7.54" PMx="0.40" fuel="7.00" electricity="0.00" noise="117.48" route="routeleft" type="cfm-fast" waiting="0.00" lane="left_0" pos="25.76" speed="3.95" angle="138.17" x="16.32" y="14.01"/>
        <vehicle id="cfm-slow_0" eclass="HBEFA3/PC_G_EU4" CO2="16290.99" CO="382.78" HC="2.14" NOx="7.54" PMx="0.40" fuel="7.00" electricity="0.00" noise="117.48" route="routebottom" type="cfm-slow" waiting="0.00" lane="bottom_0" pos="1.59" speed="3.95" angle="91.61" x="67.19" y="-4.85"/>
        <vehicle id="cfm-slow_1" eclass="HBEFA3/PC_G_EU4" CO2="16290.99" CO="382.78" HC="2.14" NOx="7.54" PMx="0.40" fuel="7.00" electricity="0.00" noise="117.48" route="routebottom" type="cfm-slow" waiting="0.00" lane="bottom_0" pos="17.43" speed="3.95" angle="63.09" x="99.40" y="5.10"/>
        <vehicle id="cfm-slow_2" eclass="HBEFA3/PC_G_EU4" CO2="16290.99" CO="382.78" HC="2.14" NOx="7.54" PMx="0.40" fuel="7.00" electricity="0.00" noise="117.48" route="routebottom" type="cfm-slow" waiting="0.00" lane="bottom_0" pos="33.26" speed="3.95" angle="34.66" x="122.98" y="29.20"/>
        <vehicle id="cfm-slow_3" eclass="HBEFA3/PC_G_EU4" CO2="16290.99" CO="382.78" HC="2.14" NOx="7.54" PMx="0.40" fuel="7.00" electricity="0.00" noise="117.48" route="routebottom" type="cfm-slow" waiting="0.00" lane="bottom_0" pos="49.09" speed="3.95" angle="6.20" x="132.23" y="61.62"/>
        <vehicle id="cfm-slow_4" eclass="HBEFA3/PC_G_EU4" CO2="16290.99" CO="382.78" HC="2.14" NOx="7.54" PMx="0.40" fuel="7.00" electricity="0.00" noise="117.48" route="routeright" type="cfm-slow" waiting="0.00" lane="right_0" pos="14.93" speed="3.95" angle="337.55" x="124.84" y="94.70"/>
        <vehicle id="cfm-slow_5" eclass="HBEFA3/PC_G_EU4" CO2="16290.99" CO="382.78" HC="2.14" NOx="7.54" PMx="0.40" fuel="7.00" electricity="0.00" noise="117.48" route="routeright" type="cfm-slow" waiting="0.00" lane="right_0" pos="30.76" speed="3.95" angle="309.15" x="102.67" y="120.10"/>
    </timestep>
    <timestep time="0.30">
        <vehicle id="cfm-fast_0" eclass="HBEFA3/PC_G_EU4" CO2="16766.62" CO="390.62" HC="2.19" NOx="7.77" PMx="0.41" fuel="7.21" electricity="0.00" noise="117.53" route="routeright" type="cfm-fast" waiting="0.00" lane="right_0" pos="46.63" speed="4.09" angle="280.65" x="70.99" y="131.88"/>
        <vehicle id="cfm-fast_1" eclass="HBEFA3/PC_G_EU4" CO2="16766.62" CO="390.62" HC="2.19" NOx="7.77" PMx="0.41" fuel="7.21" electricity="0.00" noise="117.53" route="routetop" type="cfm-fast" waiting="0.00" lane="top_0" pos="12.47" speed="4.09" angle="251.99" x="37.43" y="127.05"/>
        <vehicle id="cfm-fast_2" eclass="HBEFA3/PC_G_EU4" CO2="16766.62" CO="390.62" HC="2.19" NOx="7.77" PMx="0.41" fuel="7.21" electricity="0.00" noise="117.53" route="routetop" type="cfm-fast" waiting="0.00" lane="top_0" pos="28.30" speed="4.09" angle="223.58" x="10.40" y="106.91"/>
        <vehicle id="cfm-fast_3" eclass="HBEFA3/PC_G_EU4" CO2="16766.62" CO="390.62" HC="2.19" NOx="7.77" PMx="0.41" fuel="7.21" electricity="0.00" noise="117.53" route="routetop" type="cfm-fast" waiting="0.00" lane="top_0" pos="44.13" speed="4.09" angle="195.14" x="-3.77" y="76.31"/>
        <vehicle id="cfm-fast_4" eclass="HBEFA3/PC_G_EU4" CO2="16766.62" CO="390.62" HC="2.19" NOx="7.77" PMx="0.41" fuel="7.21" electricity="0.00" noise="117.53" route="routeleft" type="cfm-fast" waiting="0.00" lane="left_0" pos="9.97" speed="4.09" angle="166.45" x="-1.59" y="42.48"/>
        <vehicle id="cfm-fast_5" eclass="HBEFA3/PC_G_EU4" CO2="16766.62" CO="390.62" HC="2.19" NOx="7.77" PMx="0.41" fuel="7.21" electricity="0.00" noise="117.53" route="routeleft" type="cfm-fast" waiting="0.00" lane="left_0" pos="25.80" speed="4.09" angle="138.10" x="16.38" y="13.95"/>
        <vehicle id="cfm-slow_0" eclass="HBEFA3/PC_G_EU4" CO2="16766.62" CO="390.62" HC="2.19" NOx="7.77" PMx="0.41" fuel="7.21" electricity="0.00" noise="117.53" route="routebottom" type="cfm-slow" waiting="0.00" lane="bottom_0" pos="1.63" speed="4.09" angle="91.54" x="67.27" y="-4.84"/>
        <vehicle id="cfm-slow_1" eclass="HBEFA3/PC_G_EU4" CO2="16766.62" CO="390.62" HC="2.19" NOx="7.77" PMx="0.41" fuel="7.21" electricity="0.00" noise="117.53" route="routebottom" type="cfm-slow" waiting="0.00" lane="bottom_0" pos="17.47" speed="4.09" angle="63.01" x="99.47" y="5.15"/>
        <vehicle id="cfm-slow_2" eclass="HBEFA3/PC_G_EU4" CO2="16766.62" CO="390.62" HC="2.19" NOx="7.77" PMx="0.41" fuel="7.21" electricity="0.00" noise="117.53" route="routebottom" type="cfm-slow" waiting="0.00" lane="bottom_0" pos="33.30" speed="4.09" angle="34.60" x="123.03" y="29.27"/>
        <vehicle id="cfm-slow_3" eclass="HBEFA3/PC_G_EU4" CO2="16766.62" CO="390.62" HC="2.19" NOx="7.77" PMx="0.41" fuel="7.21" electricity="0.00" noise="117.53" route="routebottom" type="cfm-slow" waiting="0.00" lane="bottom_0" pos="49.13" speed="4.09" angle="6.12" x="132.23" y="61.71"/>
        <vehicle id="cfm-slow_4" eclass="HBEFA3/PC_G_EU4" CO2="16766.62" CO="390.62" HC="2.19" NOx="7.77" PMx="0.41" fuel="7.21" electricity="0.00" noise="117.53" route="routeright" type="cfm-slow" waiting="0.00" lane="right_0" pos="14.97" speed="4.09" angle="337.48" x="124.80" y="94.78"/>
        <vehicle id="cfm-slow_5" eclass="HBEFA3/PC_G_EU4" CO2="16766.62" CO="390.62" HC="2.19" NOx="7.77" PMx="0.41" fuel="7.21" electricity="0.00" noise="117.53" route="routeright" type="cfm-slow" waiting="0.00" lane="right_0" pos="30.80" speed="4.09" angle="309.09" x="102.60" y="120.15"/>
    </timestep>
    <timestep time="0.31">
        <vehicle id="cfm-fast_0" eclass="HBEFA3/PC_G_EU4" CO2="17242.54" CO="398.48" HC="2.24" NOx="7.99" PMx="0.43" fuel="7.41" electricity="0.00" noise="117.59" route="routeright" type="cfm-fast" waiting="0.00" lane="right_0" pos="46.68" speed="4.23" angle="280.58" x="70.90" y="131.89"/>
        <vehicle id="cfm-fast_1" eclass="HBEFA3/PC_G_EU4" CO2="17242.54" CO="398.48" HC="2.24" NOx="7.99" PMx="0.43" fuel="7.41" electricity="0.00" noise="117.59" route="routetop" type="cfm-fast" waiting="0.00" lane="top_0" pos="12.51" speed="4.23" angle="251.92" x="37.35" y="127.02"/>
        <vehicle id="cfm-fast_2" eclass="HBEFA3/PC_G_EU4" CO2="17242.54" CO="398.48" HC="2.24" NOx="7.99" PMx="0.43" fuel="7.41" electricity="0.00" noise="117.59" route="routetop" type="cfm-fast" waiting="0.00" lane="top_0" pos="28.34" speed="4.23" angle="223.50" x="10.34" y="106.83"/>
        <vehicle id="cfm-fast_3" eclass="HBEFA3/PC_G_EU4" CO2="17242.54" CO="398.48" HC="2.24" NOx="7.99" PMx="0.43" fuel="7.41" electricity="0.00" noise="117.59" route="routetop" type="cfm-fast" waiting="0.00" lane="top_0" pos="44.18" speed="4.23" angle="195.06" x="-3.78" y="76.22"/>
        <vehicle id="cfm-fast_4" eclass="HBEFA3/PC_G_EU4" CO2="17242.54" CO="398.48" HC="2.24" NOx="7.99" PMx="0.43" fuel="7.41" electricity="0.00" noise="117.59" route="routeleft" type="cfm-fast" waiting="0.00" lane="left_0" pos="10.01" speed="4.23" angle="166.37" x="-1.56" y="42.39"/>
        <vehicle id="cfm-fast_5" eclass="HBEFA3/PC_G_EU4" CO2="17242.54" CO="398.48" HC="2.24" NOx="7.99" PMx="0.43" fuel="7.41" electricity="0.00" noise="117.59" route="routeleft" type="cfm-fast" waiting="0.00" lane="left_0" pos="25.84" speed="4.23" angle="138.02" x="16.45" y="13.89"/>
        <vehicle id="cfm-slow_0" eclass="HBEFA3/PC_G_EU4" CO2="17242.54" CO="398.48" HC="2.24" NOx="7.99" PMx="0.43" fuel="7.41" electricity="0.00" noise="117.59" route="routebottom" type="cfm-slow" waiting="0.00" lane="bottom_0" pos="1.68" speed="4.23" angle="91.46" x="67.36" y="-4.84"/>
        <vehicle id="cfm-slow_1" eclass="HBEFA3/PC_G_EU4" CO2="17242.54" CO="398.48" HC="2.24" NOx="7.99" PMx="0.43" fuel="7.41" electricity="0.00" noise="117.59" route="routebottom" type="cfm-slow" waiting="0.00" lane="bottom_0" pos="17.51" speed="4.23" angle="62.94" x="99.55" y="5.20"/>
        <vehicle id="cfm-slow_2" eclass="HBEFA3/PC_G_EU4" CO2="17242.54" CO="398.48" HC="2.24" NOx="7.99" PMx="0.43" fuel="7.41" electricity="0.00" noise="117.59" route="routebottom" type="cfm-slow" waiting="0.00" lane="bottom_0" pos="33.34" speed="4.23" angle="34.54" x="123.08" y="29.35"/>
        <vehicle id="cfm-slow_3" eclass="HBEFA3/PC_G_EU4" CO2="17242.54" CO="398.48" HC="2.24" NOx="7.99" PMx="0.43" fuel="7.41" electricity="0.00" noise="117.59" route="routebottom" type="cfm-slow" waiting="0.00" lane="bottom_0" pos="49.18" speed="4.23" angle="6.04" x="132.24" y="61.80"/>
        <vehicle id="cfm-slow_4" eclass="HBEFA3/PC_G_EU4" CO2="17242.54" CO="398.48" HC="2.24" NOx="7.99" PMx="0.43" fuel="7.41" electricity="0.00" noise="117.59" route="routeright" type="cfm-slow" waiting="0.00" lane="right_0" pos="15.01" speed="4.23" angle="337.39" x="124.76" y="94.86"/>
        <vehicle id="cfm-slow_5" eclass="HBEFA3/PC_G_EU4" CO2="17242.54" CO="398.48" HC="2.24" NOx="7.99" PMx="0.43" fuel="7.41" electricity="0.00" noise="117.59" route="routeright" type="cfm-slow" waiting="0.00" lane="right_0" pos="30.84" speed="4.23" angle="309.01" x="102.52" y="120.20"/>
    </timestep>
    <timestep time="0.32">
        <vehicle id="cfm-fast_0" eclass="HBEFA3/PC_G_EU4" CO2="17718.76" CO="406.36" HC="2.28" NOx="8.21" PMx="0.44" fuel="7.62" electricity="0.00" noise="117.64" route="routeright" type="cfm-fast" waiting="0.00" lane="right_0" pos="46.72" speed="4.36" angle="280.50" x="70.80" y="131.89"/>
        <vehicle id="cfm-fast_1" eclass="HBEFA3/PC_G_EU4" CO2="17718.76" CO="406.36" HC="2.28" NOx="8.21" PMx="0.44" fuel="7.62" electricity="0.00" noise="117.64" route="routetop" type="cfm-fast" waiting="0.00" lane="top_0" pos="12.55" speed="4.36" angle="251.84" x="37.26" y="126.98"/>
        <vehicle id="cfm-fast_2" eclass="HBEFA3/PC_G_EU4" CO2="17718.76" CO="406.36" HC="2.28" NOx="8.21" PMx="0.44" fuel="7.62" electricity="0.00" noise="117.64" route="routetop" type="cfm-fast" waiting="0.00" lane="top_0" pos="28.39" speed="4.36" angle="223.42" x="10.28" y="106.76"/>
        <vehicle id="cfm-fast_3" eclass="HBEFA3/PC_G_EU4" CO2="17718.76" CO="406.36" HC="2.28" NOx="8.21" PMx="0.44" fuel="7.62" electricity="0.00" noise="117.64" route="routetop" type="cfm-fast" waiting="0.00" lane="top_0" pos="44.22" speed="4.36" angle="194.98" x="-3.80" y="76.13"/>
        <vehicle id="cfm-fast_4" eclass="HBEFA3/PC_G_EU4" CO2="17718.76" CO="406.36" HC="2.28" NOx="8.21" PMx="0.44" fuel="7.62" electricity="0.00" noise="117.64" route="routeleft" type="cfm-fast" waiting="0.00" lane="left_0" pos="10.05" speed="4.36" angle="166.29" x="-1.53" y="42.30"/>
        <vehicle id="cfm-fast_5" eclass="HBEFA3/PC_G_EU4" CO2="17718.76" CO="406.36" HC="2.28" NOx="8.21" PMx="0.44" fuel="7.62" electricity="0.00" noise="117.64" route="routeleft" type="cfm-fast" waiting="0.00" lane="left_0" pos="25.89" speed="4.36" angle="137.94" x="16.52" y="13.82"/>
        <vehicle id="cfm-slow_0" eclass="HBEFA3/PC_G_EU4" CO2="17718.76" CO="406.36" HC="2.28" NOx="8.21" PMx="0.44" fuel="7.62" electricity="0.00" noise="117.64" route="routebottom" type="cfm-slow" waiting="0.00" lane="bottom_0" pos="1.72" speed="4.36" angle="91.39" x="67.46" y="-4.83"/>
        <vehicle id="cfm-slow_1" eclass="HBEFA3/PC_G_EU4" CO2="17718.76" CO="406.36" HC="2.28" NOx="8.21" PMx="0.44" fuel="7.62" electricity="0.00" noise="117.64" route="routebottom" type="cfm-slow" waiting="0.00" lane="bottom_0" pos="17.55" speed="4.36" angle="62.86" x="99.63" y="5.24"/>
        <vehicle id="cfm-slow_2" eclass="HBEFA3/PC_G_EU4" CO2="17718.76" CO="406.36" HC="2.28" NOx="8.21" PMx="0.44" fuel="7.62" electricity="0.00" noise="117.64" route="routebottom" type="cfm-slow" waiting="0.00" lane="bottom_0" pos="33.39" speed="4.36" angle="34.46" x="123.12" y="29.43"/>
        <vehicle id="cfm-slow_3" eclass="HBEFA3/PC_G_EU4" CO2="17718.76" CO="406.36" HC="2.28" NOx="8.21" PMx="0.44" fuel="7.62" electricity="0.00" noise="117.64" route="routebottom" type="cfm-slow" waiting="0.00" lane="bottom_0" pos="49.22" speed="4.36" angle="5.96" x="132.24" y="61.89"/>
        <vehicle id="cfm-slow_4" eclass="HBEFA3/PC_G_EU4" CO2="17718.76" CO="406.36" HC="2.28" NOx="8.21" PMx="0.44" fuel="7.62" electricity="0.00" noise="117.64" route="routeright" type="cfm-slow" waiting="0.00" lane="right_0" pos="15.05" speed="4.36" angle="337.31" x="124.72" y="94.94"/>
        <vehicle id="cfm-slow_5" eclass="HBEFA3/PC_G_EU4" CO2="17718.76" CO="406.36" HC="2.28" NOx="8.21" PMx="0.44" fuel="7.62" electricity="0.00" noise="117.64" route="routeright" type="cfm-slow" waiting="0.00" lane="right_0" pos="30.89" speed="4.36" angle="308.93" x="102.44" y="120.25"/>
    </timestep>
    <timestep time="0.33">
        <vehicle id="cfm-fast_0" eclass="HBEFA3/PC_G_EU4" CO2="18195.26" CO="414.27" HC="2.33" NOx="8.43" PMx="0.45" fuel="7.82" electricity="0.00" noise="117.70" route="routeright" type="cfm-fast" waiting="0.00" lane="right_0" pos="46.77" speed="4.50" angle="280.41" x="70.71" y="131.90"/>
        <vehicle id="cfm-fast_1" eclass="HBEFA3/PC_G_EU4" CO2="18195.26" CO="414.27" HC="2.33" NOx="8.43" PMx="0.45" fuel="7.82" electricity="0.00" noise="117.70" route="routetop" type="cfm-fast" waiting="0.00" lane="top_0" pos="12.60" speed="4.50" angle="251.76" x="37.17" y="126.95"/>
        <vehicle id="cfm-fast_2" eclass="HBEFA3/PC_G_EU4" CO2="18195.26" CO="414.27" HC="2.33" NOx="8.43" PMx="0.45" fuel="7.82" electricity="0.00" noise="117.70" route="routetop" type="cfm-fast" waiting="0.00" lane="top_0" pos="28.43" speed="4.50" angle="223.34" x="10.22" y="106.68"/>
        <vehicle id="cfm-fast_3" eclass="HBEFA3/PC_G_EU4" CO2="18195.26" CO="414.27" HC="2.33" NOx="8.43" PMx="0.45" fuel="7.82" electricity="0.00" noise="117.70" route="routetop" type="cfm-fast" waiting="0.00" lane="top_0" pos="44.27" speed="4.50" angle="194.90" x="-3.82" y="76.03"/>
        <vehicle id="cfm-fast_4" eclass="HBEFA3/PC_G_EU4" CO2="18195.26" CO="414.27" HC="2.33" NOx="8.43" PMx="0.45" fuel="7.82" electricity="0.00" noise="117.70" route="routeleft" type="cfm-fast" waiting="0.00" lane="left_0" pos="10.10" speed="4.50" angle="166.21" x="-1.51" y="42.21"/>
        <vehicle id="cfm-fast_5" eclass="HBEFA3/PC_G_EU4" CO2="18195.26" CO="414.27" HC="2.33" NOx="8.43" PMx="0.45" fuel="7.82" electricity="0.00" noise="117.70" route="routeleft" type="cfm-fast" waiting="0.00" lane="left_0" pos="25.93" speed="4.50" angle="137.85" x="16.59" y="13.76"/>
        <vehicle id="cfm-slow_0" eclass="HBEFA3/PC_G_EU4" CO2="18195.26" CO="414.27" HC="2.33" NOx="8.43" PMx="0.45" fuel="7.82" electricity="0.00" noise="117.70" route="routebottom" type="cfm-slow" waiting="0.00" lane="bottom_0" pos="1.76" speed="4.50" angle="91.31" x="67.55" y="-4.82"/>
        <vehicle id="cfm-slow_1" eclass="HBEFA3/PC_G_EU4" CO2="18195.26" CO="414.27" HC="2.33" NOx="8.43" PMx="0.45" fuel="7.82" electricity="0.00" noise="117.70" route="routebottom" type="cfm-slow" waiting="0.00" lane="bottom_0" pos="17.60" speed="4.50" angle="62.77" x="99.71" y="5.29"/>
        <vehicle id="cfm-slow_2" eclass="HBEFA3/PC_G_EU4" CO2="18195.26" CO="414.27" HC="2.33" NOx="8.43" PMx="0.45" fuel="7.82" electricity="0.00" noise="117.70" route="routebottom" type="cfm-slow" waiting="0.00" lane="bottom_0" pos="33.43" speed="4.50" angle="34.38" x="123.17" y="29.52"/>
        <vehicle id="cfm-slow_3" eclass="HBEFA3/PC_G_EU4" CO2="18195.26" CO="414.27" HC="2.33" NOx="8.43" PMx="0.45" fuel="7.82" electricity="0.00" noise="117.70" route="routebottom" type="cfm-slow" waiting="0.00" lane="bottom_0" pos="49.27" speed="4.50" angle="5.88" x="132.24" y="61.99"/>
        <vehicle id="cfm-slow_4" eclass="HBEFA3/PC_G_EU4" CO2="18195.26" CO="414.27" HC="2.33" NOx="8.43" PMx="0.45" fuel="7.82" electricity="0.00" noise="117.70" route="routeright" type="cfm-slow" waiting="0.00" lane="right_0" pos="15.10" speed="4.50" angle="337.23" x="124.68" y="95.03"/>
        <vehicle id="cfm-slow_5" eclass="HBEFA3/PC_G_EU4" CO2="18195.26" CO="414.27" HC="2.33" NOx="8.43" PMx="0.45" fuel="7.82" electricity="0.00" noise="117.70" route="routeright" type="cfm-slow" waiting="0.00" lane="right_0" pos="30.93" speed="4.50" angle="308.85" x="102.36" y="120.31"/>
    </timestep>
    <timestep time="0.34">
        <vehicle id="cfm-fast_0" eclass="HBEFA3/PC_G_EU4" CO2="18672.06" CO="422.19" HC="2.38" NOx="8.65" PMx="0.46" fuel="8.03" electricity="0.00" noise="117.75" route="routeright" type="cfm-fast" waiting="0.00" lane="right_0" pos="46.81" speed="4.64" angle="280.33" x="70.61" y="131.91"/>
        <vehicle id="cfm-fast_1" eclass="HBEFA3/PC_G_EU4" CO2="18672.06" CO="422.19" HC="2.38" NOx="8.65" PMx="0.46" fuel="8.03" electricity="0.00" noise="117.75" route="routetop" type="cfm-fast" waiting="0.00" lane="top_0" pos="12.64" speed="4.64" angle="251.67" x="37.08" y="126.91"/>
        <vehicle id="cfm-fast_2" eclass="HBEFA3/PC_G_EU4" CO2="18672.06" CO="422.19" HC="2.38" NOx="8.65" PMx="0.46" fuel="8.03" electricity="0.00" noise="117.75" route="routetop" type="cfm-fast" waiting="0.00" lane="top_0" pos="28.48" speed="4.64" angle="223.25" x="10.16" y="106.61"/>
        <vehicle id="cfm-fast_3" eclass="HBEFA3/PC_G_EU4" CO2="18672.06" CO="422.19" HC="2.38" NOx="8.65" PMx="0.46" fuel="8.03" electricity="0.00" noise="117.75" route="routetop" type="cfm-fast" waiting="0.00" lane="top_0" pos="44.31" speed="4.64" angle="194.81" x="-3.84" y="75.93"/>
        <vehicle id="cfm-fast_4" eclass="HBEFA3/PC_G_EU4" CO2="18672.06" CO="422.19" HC="2.38" NOx="8.65" PMx="0.46" fuel="8.03" electricity="0.00" noise="117.75" route="routeleft" type="cfm-fast" waiting="0.00" lane="left_0" pos="10.14" speed="4.64" angle="166.15" x="-1.48" y="42.11"/>
        <vehicle id="cfm-fast_5" eclass="HBEFA3/PC_G_EU4" CO2="18672.06" CO="422.19" HC="2.38" NOx="8.65" PMx="0.46" fuel="8.03" electricity="0.00" noise="117.75" route="routeleft" type="cfm-fast" waiting="0.00" lane="left_0" pos="25.98" speed="4.64" angle="137.77" x="16.66" y="13.69"/>
        <vehicle id="cfm-slow_0" eclass="HBEFA3/PC_G_EU4" CO2="18672.06" CO="422.19" HC="2.38" NOx="8.65" PMx="0.46" fuel="8.03" electricity="0.00" noise="117.75" route="routebottom" type="cfm-slow" waiting="0.00" lane="bottom_0" pos="1.81" speed="4.64" angle="91.22" x="67.65" y="-4.82"/>
        <vehicle id="cfm-slow_1" eclass="HBEFA3/PC_G_EU4" CO2="18672.06" CO="422.19" HC="2.38" NOx="8.65" PMx="0.46" fuel="8.03" electricity="0.00" noise="117.75" route="routebottom" type="cfm-slow" waiting="0.00" lane="bottom_0" pos="17.64" speed="4.64" angle="62.69" x="99.80" y="5.35"/>
        <vehicle id="cfm-slow_2" eclass="HBEFA3/PC_G_EU4" CO2="18672.06" CO="422.19" HC="2.38" NOx="8.65" PMx="0.46" fuel="8.03" electricity="0.00" noise="117.75" route="routebottom" type="cfm-slow" waiting="0.00" lane="bottom_0" pos="33.48" speed="4.64" angle="34.29" x="123.22" y="29.61"/>
        <vehicle id="cfm-slow_3" eclass="HBEFA3/PC_G_EU4" CO2="18672.06" CO="422.19" HC="2.38" NOx="8.65" PMx="0.46" fuel="8.03" electricity="0.00" noise="117.75" route="routebottom" type="cfm-slow" waiting="0.00" lane="bottom_0" pos="49.31" speed="4.64" angle="5.79" x="132.24" y="62.09"/>
        <vehicle id="cfm-slow_4" eclass="HBEFA3/PC_G_EU4" CO2="18672.06" CO="422.19" HC="2.38" NOx="8.65" PMx="0.46" fuel="8.03" electricity="0.00" noise="117.75" route="routeright" type="cfm-slow" waiting="0.00" lane="right_0" pos="15.14" speed="4.64" angle="337.14" x="124.63" y="95.12"/>
        <vehicle id="cfm-slow_5" eclass="HBEFA3/PC_G_EU4" CO2="18672.06" CO="422.19" HC="2.38" NOx="8.65" PMx="0.46" fuel="8.03" electricity="0.00" noise="117.75" route="routeright" type="cfm-slow" waiting="0.00" lane="right_0" pos="30.98" speed="4.64" angle="308.77" x="102.28" y="120.36"/>
    </timestep>
    <timestep time="0.35">
        <vehicle id="cfm-fast_0" eclass="HBEFA3/PC_G_EU4" CO2="19149.15" CO="430.14" HC="2.43" NOx="8.87" PMx="0.47" fuel="8.23" electricity="0.00" noise="117.81" route="routeright" type="cfm-fast" waiting="0.00" lane="right_0" pos="46.86" speed="4.77" angle="280.24" x="70.51" y="131.93"/>
        <vehicle id="cfm-fast_1" eclass="HBEFA3/PC_G_EU4" CO2="19149.15" CO="430.14" HC="2.43" NOx="8.87" PMx="0.47" fuel="8.23" electricity="0.00" noise="117.81" route="routetop" type="cfm-fast" waiting="0.00" lane="top_0" pos="12.69" speed="4.77" angle="251.60" x="36.98" y="126.87"/>
        <vehicle id="cfm-fast_2" eclass="HBEFA3/PC_G_EU4" CO2="19149.15" CO="430.14" HC="2.43" NOx="8.87" PMx="0.47" fuel="8.23" electricity="0.00" noise="117.81" route="routetop" type="cfm-fast" waiting="0.00" lane="top_0" pos="28.53" speed="4.77" angle="223.17" x="10.10" y="106.52"/>
        <vehicle id="cfm-fast_3" eclass="HBEFA3/PC_G_EU4" CO2="19149.15" CO="430.14" HC="2.43" NOx="8.87" PMx="0.47" fuel="8.23" electricity="0.00" noise="117.81" route="routetop" type="cfm-fast" waiting="0.00" lane="top_0" pos="44.36" speed="4.77" angle="194.72" x="-3.85" y="75.83"/>
        <vehicle id="cfm-fast_4" eclass="HBEFA3/PC_G_EU4" CO2="19149.15" CO="430.14" HC="2.43" NOx="8.87" PMx="0.47" fuel="8.23" electricity="0.00" noise="117.81" route="routeleft" type="cfm-fast" waiting="0.00" lane="left_0" pos="10.19" speed="4.77" angle="166.08" x="-1.45" y="42.01"/>
        <vehicle id="cfm-fast_5" eclass="HBEFA3/PC_G_EU4" CO2="19149.15" CO="430.14" HC="2.43" NOx="8.87" PMx="0.47" fuel="8.23" electricity="0.00" noise="117.81" route="routeleft" type="cfm-fast" waiting="0.00" lane="left_0" pos="26.03" speed="4.77" angle="137.68" x="16.74" y="13.62"/>
        <vehicle id="cfm-slow_0" eclass="HBEFA3/PC_G_EU4" CO2="19149.15" CO="430.14" HC="2.43" NOx="8.87" PMx="0.47" fuel="8.23" electricity="0.00" noise="117.81" route="routebottom" type="cfm-slow" waiting="0.00" lane="bottom_0" pos="1.86" speed="4.77" angle="91.14" x="67.76" y="-4.81"/>
        <vehicle id="cfm-slow_1" eclass="HBEFA3/PC_G_EU4" CO2="19149.15" CO="430.14" HC="2.43" NOx="8.87" PMx="0.47" fuel="8.23" electricity="0.00" noise="117.81" route="routebottom" type="cfm-slow" waiting="0.00" lane="bottom_0" pos="17.69" speed="4.77" angle="62.60" x="99.89" y="5.40"/>
        <vehicle id="cfm-slow_2" eclass="HBEFA3/PC_G_EU4" CO2="19149.15" CO="430.14" HC="2.43" NOx="8.87" PMx="0.47" fuel="8.23" electricity="0.00" noise="117.81" route="routebottom" type="cfm-slow" waiting="0.00" lane="bottom_0" pos="33.53" speed="4.77" angle="34.21" x="123.27" y="29.70"/>
        <vehicle id="cfm-slow_3" eclass="HBEFA3/PC_G_EU4" CO2="19149.15" CO="430.14" HC="2.43" NOx="8.87" PMx="0.47" fuel="8.23" electricity="0.00" noise="117.81" route="routebottom" type="cfm-slow" waiting="0.00" lane="bottom_0" pos="49.36" speed="4.77" angle="5.70" x="132.24" y="62.19"/>
        <vehicle id="cfm-slow_4" eclass="HBEFA3/PC_G_EU4" CO2="19149.15" CO="430.14" HC="2.43" NOx="8.87" PMx="0.47" fuel="8.23" electricity="0.00" noise="117.81" route="routeright" type="cfm-slow" waiting="0.00" lane="right_0" pos="15.19" speed="4.77" angle="337.05" x="124.58" y="95.21"/>
        <vehicle id="cfm-slow_5" eclass="HBEFA3/PC_G_EU4" CO2="19149.15" CO="430.14" HC="2.43" NOx="8.87" PMx="0.47" fuel="8.23" electricity="0.00" noise="117.81" route="routeright" type="cfm-slow" waiting="0.00" lane="right_0" pos="31.03" speed="4.77" angle="308.68" x="102.19" y="120.42"/>
    </timestep>
    <timestep time="0.36">
        <vehicle id="cfm-fast_0" eclass="HBEFA3/PC_G_EU4" CO2="19626.53" CO="438.11" HC="2.48" NOx="9.09" PMx="0.49" fuel="8.44" electricity="0.00" noise="117.87" route="routeright" type="cfm-fast" waiting="0.00" lane="right_0" pos="46.91" speed="4.91" angle="280.15" x="70.40" y="131.94"/>
        <vehicle id="cfm-fast_1" eclass="HBEFA3/PC_G_EU4" CO2="19626.53" CO="438.11" HC="2.48" NOx="9.09" PMx="0.49" fuel="8.44" electricity="0.00" noise="117.87" route="routetop" type="cfm-fast" waiting="0.00" lane="top_0" pos="12.74" speed="4.91" angle="251.53" x="36.89" y="126.83"/>
        <vehicle id="cfm-fast_2" eclass="HBEFA3/PC_G_EU4" CO2="19626.53" CO="438.11" HC="2.48" NOx="9.09" PMx="0.49" fuel="8.44" electricity="0.00" noise="117.87" route="routetop" type="cfm-fast" waiting="0.00" lane="top_0" pos="28.57" speed="4.91" angle="223.08" x="10.03" y="106.44"/>
        <vehicle id="cfm-fast_3" eclass="HBEFA3/PC_G_EU4" CO2="19626.53" CO="438.11" HC="2.48" NOx="9.09" PMx="0.49" fuel="8.44" electricity="0.00" noise="117.87" route="routetop" type="cfm-fast" waiting="0.00" lane="top_0" pos="44.41" speed="4.91" angle="194.63" x="-3.87" y="75.73"/>
        <vehicle id="cfm-fast_4" eclass="HBEFA3/PC_G_EU4" CO2="19626.53" CO="438.11" HC="2.48" NOx="9.09" PMx="0.49" fuel="8.44" electricity="0.00" noise="117.87" route="routeleft" type="cfm-fast" waiting="0.00" lane="left_0" pos="10.24" speed="4.91" angle="166.01" x="-1.41" y="41.91"/>
        <vehicle id="cfm-fast_5" eclass="HBEFA3/PC_G_EU4" CO2="19626.53" CO="438.11" HC="2.48" NOx="9.09" PMx="0.49" fuel="8.44" electricity="0.00" noise="117.87" route="routeleft" type="cfm-fast" waiting="0.00" lane="left_0" pos="26.07" speed="4.91" angle="137.59" x="16.82" y="13.55"/>
        <vehicle id="cfm-slow_0" eclass="HBEFA3/PC_G_EU4" CO2="19626.53" CO="438.11" HC="2.48" NOx="9.09" PMx="0.49" fuel="8.44" electricity="0.00" noise="117.87" route="routebottom" type="cfm-slow" waiting="0.00" lane="bottom_0" pos="1.91" speed="4.91" angle="91.05" x="67.86" y="-4.81"/>
        <vehicle id="cfm-slow_1" eclass="HBEFA3/PC_G_EU4" CO2="19626.53" CO="438.11" HC="2.48" NOx="9.09" PMx="0.49" fuel="8.44" electricity="0.00" noise="117.87" route="routebottom" type="cfm-slow" waiting="0.00" lane="bottom_0" pos="17.74" speed="4.91" angle="62.51" x="99.98" y="5.45"/>
        <vehicle id="cfm-slow_2" eclass="HBEFA3/PC_G_EU4" CO2="19626.53" CO="438.11" HC="2.48" NOx="9.09" PMx="0.49" fuel="8.44" electricity="0.00" noise="117.87" route="routebottom" type="cfm-slow" waiting="0.00" lane="bottom_0" pos="33.57" speed="4.91" angle="34.12" x="123.32" y="29.79"/>
        <vehicle id="cfm-slow_3" eclass="HBEFA3/PC_G_EU4" CO2="19626.53" CO="438.11" HC="2.48" NOx="9.09" PMx="0.49" fuel="8.44" electricity="0.00" noise="117.87" route="routebottom" type="cfm-slow" waiting="0.00" lane="bottom_0" pos="49.41" speed="4.91" angle="5.61" x="132.25" y="62.30"/>
        <vehicle id="cfm-slow_4" eclass="HBEFA3/PC_G_EU4" CO2="19626.53" CO="438.11" HC="2.48" NOx="9.09" PMx="0.49" fuel="8.44" electricity="0.00" noise="117.87" route="routeright" type="cfm-slow" waiting="0.00" lane="right_0" pos="15.24" speed="4.91" angle="336.96" x="124.54" y="95.31"/>
        <vehicle id="cfm-slow_5" eclass="HBEFA3/PC_G_EU4" CO2="19626.53" CO="438.11" HC="2.48" NOx="9.09" PMx="0.49" fuel="8.44" electricity="0.00" noise="117.87" route="routeright" type="cfm-slow" waiting="0.00" lane="right_0" pos="31.07" speed="4.91" angle="308.59" x="102.11" y="120.48"/>
    </timestep>
    <timestep time="0.37">
        <vehicle id="cfm-fast_0" eclass="HBEFA3/PC_G_EU4" CO2="20104.21" CO="446.10" HC="2.52" NOx="9.31" PMx="0.50" fuel="8.64" electricity="0.00" noise="117.92" route="routeright" type="cfm-fast" waiting="0.00" lane="right_0" pos="46.96" speed="5.05" angle="280.06" x="70.29" y="131.95"/>
        <vehicle id="cfm-fast_1" eclass="HBEFA3/PC_G_EU4" CO2="20104.21" CO="446.10" HC="2.52" NOx="9.31" PMx="0.50" fuel="8.64" electricity="0.00" noise="117.92" route="routetop" type="cfm-fast" waiting="0.00" lane="top_0" pos="12.79" speed="5.05" angle="251.46" x="36.79" y="126.79"/>
        <vehicle id="cfm-fast_2" eclass="HBEFA3/PC_G_EU4" CO2="20104.21" CO="446.10" HC="2.52" NOx="9.31" PMx="0.50" fuel="8.64" electricity="0.00" noise="117.92" route="routetop" type="cfm-fast" waiting="0.00" lane="top_0" pos="28.63" speed="5.05" angle="222.98" x="9.97" y="106.36"/>
        <vehicle id="cfm-fast_3" eclass="HBEFA3/PC_G_EU4" CO2="20104.21" CO="446.10" HC="2.52" NOx="9.31" PMx="0.50" fuel="8.64" electricity="0.00" noise="117.92" route="routetop" type="cfm-fast" waiting="0.00" lane="top_0" pos="44.46" speed="5.05" angle="194.54" x="-3.89" y="75.62"/>
        <vehicle id="cfm-fast_4" eclass="HBEFA3/PC_G_EU4" CO2="20104.21" CO="446.10" HC="2.52" NOx="9.31" PMx="0.50" fuel="8.64" electricity="0.00" noise="117.92" route="routeleft" type="cfm-fast" waiting="0.00" lane="left_0" pos="10.29" speed="5.05" angle="165.92" x="-1.38" y="41.81"/>
        <vehicle id="cfm-fast_5" eclass="HBEFA3/PC_G_EU4" CO2="20104.21" CO="446.10" HC="2.52" NOx="9.31" PMx="0.50" fuel="8.64" electricity="0.00" noise="117.92" route="routeleft" type="cfm-fast" waiting="0.00" lane="left_0" pos="26.13" speed="5.05" angle="137.49" x="16.90" y="13.47"/>
        <vehicle id="cfm-slow_0" eclass="HBEFA3/PC_G_EU4" CO2="20104.21" CO="446.10" HC="2.52" NOx="9.31" PMx="0.50" fuel="8.64" electricity="0.00" noise="117.92" route="routebottom" type="cfm-slow" waiting="0.00" lane="bottom_0" pos="1.96" speed="5.05" angle="90.96" x="67.97" y="-4.80"/>
        <vehicle id="cfm-slow_1" eclass="HBEFA3/PC_G_EU4" CO2="20104.21" CO="446.10" HC="2.52" NOx="9.31" PMx="0.50" fuel="8.64" electricity="0.00" noise="117.92" route="routebottom" type="cfm-slow" waiting="0.00" lane="bottom_0" pos="17.79" speed="5.05" angle="62.42" x="100.07" y="5.51"/>
        <vehicle id="cfm-slow_2" eclass="HBEFA3/PC_G_EU4" CO2="20104.21" CO="446.10" HC="2.52" NOx="9.31" PMx="0.50" fuel="8.64" electricity="0.00" noise="117.92" route="routebottom" type="cfm-slow" waiting="0.00" lane="bottom_0" pos="33.63" speed="5.05" angle="34.02" x="123.37" y="29.88"/>
        <vehicle id="cfm-slow_3" eclass="HBEFA3/PC_G_EU4" CO2="20104.21" CO="446.10" HC="2.52" NOx="9.31" PMx="0.50" fuel="8.64" electricity="0.00" noise="117.92" route="routebottom" type="cfm-slow" waiting="0.00" lane="bottom_0" pos="49.46" speed="5.05" angle="5.52" x="132.25" y="62.41"/>
        <vehicle id="cfm-slow_4" eclass="HBEFA3/PC_G_EU4" CO2="20104.21" CO="446.10" HC="2.52" NOx="9.31" PMx="0.50" fuel="8.64" electricity="0.00" noise="117.92" route="routeright" type="cfm-slow" waiting="0.00" lane="right_0" pos="15.29" speed="5.05" angle="336.89" x="124.49" y="95.40"/>
        <vehicle id="cfm-slow_5" eclass="HBEFA3/PC_G_EU4" CO2="20104.21" CO="446.10" HC="2.52" NOx="9.31" PMx="0.50" fuel="8.64" electricity="0.00" noise="117.92" route="routeright" type="cfm-slow" waiting="0.00" lane="right_0" pos="31.13" speed="5.05" angle="308.50" x="102.02" y="120.54"/>
    </timestep>
    <timestep time="0.38">
        <vehicle id="cfm-fast_0" eclass="HBEFA3/PC_G_EU4" CO2="20582.17" CO="454.12" HC="2.57" NOx="9.54" PMx="0.51" fuel="8.85" electricity="0.00" noise="117.98" route="routeright" type="cfm-fast" waiting="0.00" lane="right_0" pos="47.01" speed="5.18" angle="279.96" x="70.18" y="131.96"/>
        <vehicle id="cfm-fast_1" eclass="HBEFA3/PC_G_EU4" CO2="20582.17" CO="454.12" HC="2.57" NOx="9.54" PMx="0.51" fuel="8.85" electricity="0.00" noise="117.98" route="routetop" type="cfm-fast" waiting="0.00" lane="top_0" pos="12.84" speed="5.18" angle="251.37" x="36.68" y="126.75"/>
        <vehicle id="cfm-fast_2" eclass="HBEFA3/PC_G_EU4" CO2="20582.17" CO="454.12" HC="2.57" NOx="9.54" PMx="0.51" fuel="8.85" electricity="0.00" noise="117.98" route="routetop" type="cfm-fast" waiting="0.00" lane="top_0" pos="28.68" speed="5.18" angle="222.89" x="9.90" y="106.27"/>
        <vehicle id="cfm-fast_3" eclass="HBEFA3/PC_G_EU4" CO2="20582.17" CO="454.12" HC="2.57" NOx="9.54" PMx="0.51" fuel="8.85" electricity="0.00" noise="117.98" route="routetop" type="cfm-fast" waiting="0.00" lane="top_0" pos="44.51" speed="5.18" angle="194.44" x="-3.91" y="75.51"/>
        <vehicle id="cfm-fast_4" eclass="HBEFA3/PC_G_EU4" CO2="20582.17" CO="454.12" HC="2.57" NOx="9.54" PMx="0.51" fuel="8.85" electricity="0.00" noise="117.98" route="routeleft" type="cfm-fast" waiting="0.00" lane="left_0" pos="10.34" speed="5.18" angle="165.82" x="-1.34" y="41.71"/>
        <vehicle id="cfm-fast_5" eclass="HBEFA3/PC_G_EU4" CO2="20582.17" CO="454.12" HC="2.57" NOx="9.54" PMx="0.51" fuel="8.85" electricity="0.00" noise="117.98" route="routeleft" type="cfm-fast" waiting="0.00" lane="left_0" pos="26.18" speed="5.18" angle="137.40" x="16.98" y="13.40"/>
        <vehicle id="cfm-slow_0" eclass="HBEFA3/PC_G_EU4" CO2="20582.17" CO="454.12" HC="2.57" NOx="9.54" PMx="0.51" fuel="8.85" electricity="0.00" noise="117.98" route="routebottom" type="cfm-slow" waiting="0.00" lane="bottom_0" pos="2.01" speed="5.18" angle="90.87" x="68.08" y="-4.79"/>
        <vehicle id="cfm-slow_1" eclass="HBEFA3/PC_G_EU4" CO2="20582.17" CO="454.12" HC="2.57" NOx="9.54" PMx="0.51" fuel="8.85" electricity="0.00" noise="117.98" route="routebottom" type="cfm-slow" waiting="0.00" lane="bottom_0" pos="17.84" speed="5.18" angle="62.35" x="100.17" y="5.57"/>
        <vehicle id="cfm-slow_2" eclass="HBEFA3/PC_G_EU4" CO2="20582.17" CO="454.12" HC="2.57" NOx="9.54" PMx="0.51" fuel="8.85" electricity="0.00" noise="117.98" route="routebottom" type="cfm-slow" waiting="0.00" lane="bottom_0" pos="33.68" speed="5.18" angle="33.93" x="123.42" y="29.98"/>
        <vehicle id="cfm-slow_3" eclass="HBEFA3/PC_G_EU4" CO2="20582.17" CO="454.12" HC="2.57" NOx="9.54" PMx="0.51" fuel="8.85" electricity="0.00" noise="117.98" route="routebottom" type="cfm-slow" waiting="0.00" lane="bottom_0" pos="49.51" speed="5.18" angle="5.42" x="132.25" y="62.52"/>
        <vehicle id="cfm-slow_4" eclass="HBEFA3/PC_G_EU4" CO2="20582.17" CO="454.12" HC="2.57" NOx="9.54" PMx="0.51" fuel="8.85" electricity="0.00" noise="117.98" route="routeright" type="cfm-slow" waiting="0.00" lane="right_0" pos="15.34" speed="5.18" angle="336.82" x="124.44" y="95.50"/>
        <vehicle id="cfm-slow_5" eclass="HBEFA3/PC_G_EU4" CO2="20582.17" CO="454.12" HC="2.57" NOx="9.54" PMx="0.51" fuel="8.85" electricity="0.00" noise="117.98" route="routeright" type="cfm-slow" waiting="0.00" lane="right_0" pos="31.18" speed="5.18" angle="308.41" x="101.92" y="120.60"/>
    </timestep>
    <timestep time="0.39">
        <vehicle id="cfm-fast_0" eclass="HBEFA3/PC_G_EU4" CO2="21060.43" CO="462.15" HC="2.62" NOx="9.76" PMx="0.52" fuel="9.05" electricity="0.00" noise="118.03" route="routeright" type="cfm-fast" waiting="0.00" lane="right_0" pos="47.06" speed="5.32" angle="279.86" x="70.07" y="131.97"/>
        <vehicle id="cfm-fast_1" eclass="HBEFA3/PC_G_EU4" CO2="21060.43" CO="462.15" HC="2.62" NOx="9.76" PMx="0.52" fuel="9.05" electricity="0.00" noise="118.03" route="routetop" type="cfm-fast" waiting="0.00" lane="top_0" pos="12.90" speed="5.32" angle="251.27" x="36.58" y="126.70"/>
        <vehicle id="cfm-fast_2" eclass="HBEFA3/PC_G_EU4" CO2="21060.43" CO="462.15" HC="2.62" NOx="9.76" PMx="0.52" fuel="9.05" electricity="0.00" noise="118.03" route="routetop" type="cfm-fast" waiting="0.00" lane="top_0" pos="28.73" speed="5.32" angle="222.79" x="9.83" y="106.18"/>
        <vehicle id="cfm-fast_3" eclass="HBEFA3/PC_G_EU4" CO2="21060.43" CO="462.15" HC="2.62" NOx="9.76" PMx="0.52" fuel="9.05" electricity="0.00" noise="118.03" route="routetop" type="cfm-fast" waiting="0.00" lane="top_0" pos="44.56" speed="5.32" angle="194.34" x="-3.93" y="75.40"/>
        <vehicle id="cfm-fast_4" eclass="HBEFA3/PC_G_EU4" CO2="21060.43" CO="462.15" HC="2.62" NOx="9.76" PMx="0.52" fuel="9.05" electricity="0.00" noise="118.03" route="routeleft" type="cfm-fast" waiting="0.00" lane="left_0" pos="10.40" speed="5.32" angle="165.73" x="-1.30" y="41.60"/>
        <vehicle id="cfm-fast_5" eclass="HBEFA3/PC_G_EU4" CO2="21060.43" CO="462.15" HC="2.62" NOx="9.76" PMx="0.52" fuel="9.05" electricity="0.00" noise="118.03" route="routeleft" type="cfm-fast" waiting="0.00" lane="left_0" pos="26.23" speed="5.32" angle="137.30" x="17.06" y="13.32"/>
        <vehicle id="cfm-slow_0" eclass="HBEFA3/PC_G_EU4" CO2="21060.43" CO="462.15" HC="2.62" NOx="9.76" PMx="0.52" fuel="9.05" electricity="0.00" noise="118.03" route="routebottom" type="cfm-slow" waiting="0.00" lane="bottom_0" pos="2.06" speed="5.32" angle="90.77" x="68.20" y="-4.79"/>
        <vehicle id="cfm-slow_1" eclass="HBEFA3/PC_G_EU4" CO2="21060.43" CO="462.15" HC="2.62" NOx="9.76" PMx="0.52" fuel="9.05" electricity="0.00" noise="118.03" route="routebottom" type="cfm-slow" waiting="0.00" lane="bottom_0" pos="17.90" speed="5.32" angle="62.28" x="100.27" y="5.63"/>
        <vehicle id="cfm-slow_2" eclass="HBEFA3/PC_G_EU4" CO2="21060.43" CO="462.15" HC="2.62" NOx="9.76" PMx="0.52" fuel="9.05" electricity="0.00" noise="118.03" route="routebottom" type="cfm-slow" waiting="0.00" lane="bottom_0" pos="33.73" speed="5.32" angle="33.83" x="123.48" y="30.08"/>
        <vehicle id="cfm-slow_3" eclass="HBEFA3/PC_G_EU4" CO2="21060.43" CO="462.15" HC="2.62" NOx="9.76" PMx="0.52" fuel="9.05" electricity="0.00" noise="118.03" route="routebottom" type="cfm-slow" waiting="0.00" lane="bottom_0" pos="49.56" speed="5.32" angle="5.32" x="132.25" y="62.63"/>
        <vehicle id="cfm-slow_4" eclass="HBEFA3/PC_G_EU4" CO2="21060.43" CO="462.15" HC="2.62" NOx="9.76" PMx="0.52" fuel="9.05" electricity="0.00" noise="118.03" route="routeright" type="cfm-slow" waiting="0.00" lane="right_0" pos="15.40" speed="5.32" angle="336.74" x="124.39" y="95.60"/>
        <vehicle id="cfm-slow_5" eclass="HBEFA3/PC_G_EU4" CO2="21060.43" CO="462.15" HC="2.62" NOx="9.76" PMx="0.52" fuel="9.05" electricity="0.00" noise="118.03" route="routeright" type="cfm-slow" waiting="0.00" lane="right_0" pos="31.23" speed="5.32" angle="308.31" x="101.83" y="120.66"/>
    </timestep>
    <timestep time="0.40">
        <vehicle id="cfm-fast_0" eclass="HBEFA3/PC_G_EU4" CO2="21538.98" CO="470.21" HC="2.67" NOx="9.98" PMx="0.53" fuel="9.26" electricity="0.00" noise="118.09" route="routeright" type="cfm-fast" waiting="0.00" lane="right_0" pos="47.12" speed="5.45" angle="279.76" x="69.95" y="131.98"/>
        <vehicle id="cfm-fast_1" eclass="HBEFA3/PC_G_EU4" CO2="21538.98" CO="470.21" HC="2.67" NOx="9.98" PMx="0.53" fuel="9.26" electricity="0.00" noise="118.09" route="routetop" type="cfm-fast" waiting="0.00" lane="top_0" pos="12.95" speed="5.45" angle="251.17" x="36.47" y="126.65"/>
        <vehicle id="cfm-fast_2" eclass="HBEFA3/PC_G_EU4" CO2="21538.98" CO="470.21" HC="2.67" NOx="9.98" PMx="0.53" fuel="9.26" electricity="0.00" noise="118.09" route="routetop" type="cfm-fast" waiting="0.00" lane="top_0" pos="28.78" speed="5.45" angle="222.69" x="9.75" y="106.09"/>
        <vehicle id="cfm-fast_3" eclass="HBEFA3/PC_G_EU4" CO2="21538.98" CO="470.21" HC="2.67" NOx="9.98" PMx="0.53" fuel="9.26" electricity="0.00" noise="118.09" route="routetop" type="cfm-fast" waiting="0.00" lane="top_0" pos="44.62" speed="5.45" angle="194.24" x="-3.96" y="75.28"/>
        <vehicle id="cfm-fast_4" eclass="HBEFA3/PC_G_EU4" CO2="21538.98" CO="470.21" HC="2.67" NOx="9.98" PMx="0.53" fuel="9.26" electricity="0.00" noise="118.09" route="routeleft" type="cfm-fast" waiting="0.00" lane="left_0" pos="10.45" speed="5.45" angle="165.62" x="-1.26" y="41.49"/>
        <vehicle id="cfm-fast_5" eclass="HBEFA3/PC_G_EU4" CO2="21538.98" CO="470.21" HC="2.67" NOx="9.98" PMx="0.53" fuel="9.26" electricity="0.00" noise="118.09" route="routeleft" type="cfm-fast" waiting="0.00" lane="left_0" pos="26.28" speed="5.45" angle="137.20" x="17.15" y="13.24"/>
        <vehicle id="cfm-slow_0" eclass="HBEFA3/PC_G_EU4" CO2="21538.98" CO="470.21" HC="2.67" NOx="9.98" PMx="0.53" fuel="9.26" electricity="0.00" noise="118.09" route="routebottom" type="cfm-slow" waiting="0.00" lane="bottom_0" pos="2.12" speed="5.45" angle="90.67" x="68.31" y="-4.78"/>
        <vehicle id="cfm-slow_1" eclass="HBEFA3/PC_G_EU4" CO2="21538.98" CO="470.21" HC="2.67" NOx="9.98" PMx="0.53" fuel="9.26" electricity="0.00" noise="118.09" route="routebottom" type="cfm-slow" waiting="0.00" lane="bottom_0" pos="17.95" speed="5.45" angle="62.20" x="100.37" y="5.69"/>
        <vehicle id="cfm-slow_2" eclass="HBEFA3/PC_G_EU4" CO2="21538.98" CO="470.21" HC="2.67" NOx="9.98" PMx="0.53" fuel="9.26" electricity="0.00" noise="118.09" route="routebottom" type="cfm-slow" waiting="0.00" lane="bottom_0" pos="33.78" speed="5.45" angle="33.73" x="123.53" y="30.18"/>
        <vehicle id="cfm-slow_3" eclass="HBEFA3/PC_G_EU4" CO2="21538.98" CO="470.21" HC="2.67" NOx="9.98" PMx="0.53" fuel="9.26" electricity="0.00" noise="118.09" route="routebottom" type="cfm-slow" waiting="0.00" lane="bottom_0" pos="49.62" speed="5.45" angle="5.22" x="132.25" y="62.75"/>
        <vehicle id="cfm-slow_4" eclass="HBEFA3/PC_G_EU4" CO2="21538.98" CO="470.21" HC="2.67" NOx="9.98" PMx="0.53" fuel="9.26" electricity="0.00" noise="118.09" route="routeright" type="cfm-slow" waiting="0.00" lane="right_0" pos="15.45" speed="5.45" angle="336.64" x="124.33" y="95.71"/>
        <vehicle id="cfm-slow_5" eclass="HBEFA3/PC_G_EU4" CO2="21538.98" CO="470.21" HC="2.67" NOx="9.98" PMx="0.53" fuel="9.26" electricity="0.00" noise="118.09" route="routeright" type="cfm-slow" waiting="0.00" lane="right_0" pos="31.28" speed="5.45" angle="308.22" x="101.73" y="120.73"/>
    </timestep>
    <timestep time="0.41">
        <vehicle id="cfm-fast_0" eclass="HBEFA3/PC_G_EU4" CO2="22017.82" CO="478.28" HC="2.72" NOx="10.20" PMx="0.55" fuel="9.46" electricity="0.00" noise="118.15" route="routeright" type="cfm-fast" waiting="0.00" lane="right_0" pos="47.17" speed="5.59" angle="279.66" x="69.83" y="131.99"/>
        <vehicle id="cfm-fast_1" eclass="HBEFA3/PC_G_EU4" CO2="22017.82" CO="478.28" HC="2.72" NOx="10.20" PMx="0.55" fuel="9.46" electricity="0.00" noise="118.15" route="routetop" type="cfm-fast" waiting="0.00" lane="top_0" pos="13.01" speed="5.59" angle="251.07" x="36.36" y="126.60"/>
        <vehicle id="cfm-fast_2" eclass="HBEFA3/PC_G_EU4" CO2="22017.82" CO="478.28" HC="2.72" NOx="10.20" PMx="0.55" fuel="9.46" electricity="0.00" noise="118.15" route="routetop" type="cfm-fast" waiting="0.00" lane="top_0" pos="28.84" speed="5.59" angle="222.59" x="9.68" y="105.99"/>
        <vehicle id="cfm-fast_3" eclass="HBEFA3/PC_G_EU4" CO2="22017.82" CO="478.28" HC="2.72" NOx="10.20" PMx="0.55" fuel="9.46" electricity="0.00" noise="118.15" route="routetop" type="cfm-fast" waiting="0.00" lane="top_0" pos="44.67" speed="5.59" angle="194.13" x="-3.98" y="75.16"/>
        <vehicle id="cfm-fast_4" eclass="HBEFA3/PC_G_EU4" CO2="22017.82" CO="478.28" HC="2.72" NOx="10.20" PMx="0.55" fuel="9.46" electricity="0.00" noise="118.15" route="routeleft" type="cfm-fast" waiting="0.00" lane="left_0" pos="10.51" speed="5.59" angle="165.52" x="-1.22" y="41.37"/>
        <vehicle id="cfm-fast_5" eclass="HBEFA3/PC_G_EU4" CO2="22017.82" CO="478.28" HC="2.72" NOx="10.20" PMx="0.55" fuel="9.46" electricity="0.00" noise="118.15" route="routeleft" type="cfm-fast" waiting="0.00" lane="left_0" pos="26.34" speed="5.59" angle="137.09" x="17.24" y="13.16"/>
        <vehicle id="cfm-slow_0" eclass="HBEFA3/PC_G_EU4" CO2="22017.82" CO="478.28" HC="2.72" NOx="10.20" PMx="0.55" fuel="9.46" electricity="0.00" noise="118.15" route="routebottom" type="cfm-slow" waiting="0.00" lane="bottom_0" pos="2.17" speed="5.59" angle="90.57" x="68.43" y="-4.77"/>
        <vehicle id="cfm-slow_1" eclass="HBEFA3/PC_G_EU4" CO2="22017.82" CO="478.28" HC="2.72" NOx="10.20" PMx="0.55" fuel="9.46" electricity="0.00" noise="118.15" route="routebottom" type="cfm-slow" waiting="0.00" lane="bottom_0" pos="18.01" speed="5.59" angle="62.09" x="100.47" y="5.75"/>
        <vehicle id="cfm-slow_2" eclass="HBEFA3/PC_G_EU4" CO2="22017.82" CO="478.28" HC="2.72" NOx="10.20" PMx="0.55" fuel="9.46" electricity="0.00" noise="118.15" route="routebottom" type="cfm-slow" waiting="0.00" lane="bottom_0" pos="33.84" speed="5.59" angle="33.63" x="123.59" y="30.29"/>
        <vehicle id="cfm-slow_3" eclass="HBEFA3/PC_G_EU4" CO2="22017.82" CO="478.28" HC="2.72" NOx="10.20" PMx="0.55" fuel="9.46" electricity="0.00" noise="118.15" route="routebottom" type="cfm-slow" waiting="0.00" lane="bottom_0" pos="49.67" speed="5.59" angle="5.11" x="132.26" y="62.87"/>
        <vehicle id="cfm-slow_4" eclass="HBEFA3/PC_G_EU4" CO2="22017.82" CO="478.28" HC="2.72" NOx="10.20" PMx="0.55" fuel="9.46" electricity="0.00" noise="118.15" route="routeright" type="cfm-slow" waiting="0.00" lane="right_0" pos="15.51" speed="5.59" angle="336.54" x="124.27" y="95.81"/>
        <vehicle id="cfm-slow_5" eclass="HBEFA3/PC_G_EU4" CO2="22017.82" CO="478.28" HC="2.72" NOx="10.20" PMx="0.55" fuel="9.46" electricity="0.00" noise="118.15" route="routeright" type="cfm-slow" waiting="0.00" lane="right_0" pos="31.34" speed="5.59" angle="308.11" x="101.63" y="120.80"/>
    </timestep>
    <timestep time="0.42">
        <vehicle id="cfm-fast_0" eclass="HBEFA3/PC_G_EU4" CO2="22496.95" CO="486.38" HC="2.77" NOx="10.43" PMx="0.56" fuel="9.67" electricity="0.00" noise="118.20" route="routeright" type="cfm-fast" waiting="0.00" lane="right_0" pos="47.23" speed="5.73" angle="279.56" x="69.71" y="132.01"/>
        <vehicle id="cfm-fast_1" eclass="HBEFA3/PC_G_EU4" CO2="22496.95" CO="486.38" HC="2.77" NOx="10.43" PMx="0.56" fuel="9.67" electricity="0.00" noise="118.20" route="routetop" type="cfm-fast" waiting="0.00" lane="top_0" pos="13.06" speed="5.73" angle="250.96" x="36.25" y="126.55"/>
        <vehicle id="cfm-fast_2" eclass="HBEFA3/PC_G_EU4" CO2="22496.95" CO="486.38" HC="2.77" NOx="10.43" PMx="0.56" fuel="9.67" electricity="0.00" noise="118.20" route="routetop" type="cfm-fast" waiting="0.00" lane="top_0" pos="28.90" speed="5.73" angle="222.49" x="9.60" y="105.89"/>
        <vehicle id="cfm-fast_3" eclass="HBEFA3/PC_G_EU4" CO2="22496.95" CO="486.38" HC="2.77" NOx="10.43" PMx="0.56" fuel="9.67" electricity="0.00" noise="118.20" route="routetop" type="cfm-fast" waiting="0.00" lane="top_0" pos="44.73" speed="5.73" angle="194.03" x="-4.00" y="75.04"/>
        <vehicle id="cfm-fast_4" eclass="HBEFA3/PC_G_EU4" CO2="22496.95" CO="486.38" HC="2.77" NOx="10.43" PMx="0.56" fuel="9.67" electricity="0.00" noise="118.20" route="routeleft" type="cfm-fast" waiting="0.00" lane="left_0" pos="10.56" speed="5.73" angle="165.42" x="-1.18" y="41.26"/>
        <vehicle id="cfm-fast_5" eclass="HBEFA3/PC_G_EU4" CO2="22496.95" CO="486.38" HC="2.77" NOx="10.43" PMx="0.56" fuel="9.67" electricity="0.00" noise="118.20" route="routeleft" type="cfm-fast" waiting="0.00" lane="left_0" pos="26.40" speed="5.73" angle="136.99" x="17.33" y="13.08"/>
        <vehicle id="cfm-slow_0" eclass="HBEFA3/PC_G_EU4" CO2="22496.95" CO="486.38" HC="2.77" NOx="10.43" PMx="0.56" fuel="9.67" electricity="0.00" noise="118.20" route="routebottom" type="cfm-slow" waiting="0.00" lane="bottom_0" pos="2.23" speed="5.73" angle="90.47" x="68.56" y="-4.77"/>
        <vehicle id="cfm-slow_1" eclass="HBEFA3/PC_G_EU4" CO2="22496.95" CO="486.38" HC="2.77" NOx="10.43" PMx="0.56" fuel="9.67" electricity="0.00" noise="118.20" route="routebottom" type="cfm-slow" waiting="0.00" lane="bottom_0" pos="18.06" speed="5.73" angle="61.98" x="100.57" y="5.82"/>
        <vehicle id="cfm-slow_2" eclass="HBEFA3/PC_G_EU4" CO2="22496.95" CO="486.38" HC="2.77" NOx="10.43" PMx="0.56" fuel="9.67" electricity="0.00" noise="118.20" route="routebottom" type="cfm-slow" waiting="0.00" lane="bottom_0" pos="33.90" speed="5.73" angle="33.52" x="123.65" y="30.40"/>
        <vehicle id="cfm-slow_3" eclass="HBEFA3/PC_G_EU4" CO2="22496.95" CO="486.38" HC="2.77" NOx="10.43" PMx="0.56" fuel="9.67" electricity="0.00" noise="118.20" route="routebottom" type="cfm-slow" waiting="0.00" lane="bottom_0" pos="49.73" speed="5.73" angle="5.01" x="132.26" y="62.99"/>
        <vehicle id="cfm-slow_4" eclass="HBEFA3/PC_G_EU4" CO2="22496.95" CO="486.38" HC="2.77" NOx="10.43" PMx="0.56" fuel="9.67" electricity="0.00" noise="118.20" route="routeright" type="cfm-slow" waiting="0.00" lane="right_0" pos="15.56" speed="5.73" angle="336.43" x="124.21" y="95.92"/>
        <vehicle id="cfm-slow_5" eclass="HBEFA3/PC_G_EU4" CO2="22496.95" CO="486.38" HC="2.77" NOx="10.43" PMx="0.56" fuel="9.67" electricity="0.00" noise="118.20" route="routeright" type="cfm-slow" waiting="0.00" lane="right_0" pos="31.40" speed="5.73" angle="308.01" x="101.53" y="120.86"/>
    </timestep>
    <timestep time="0.43">
        <vehicle id="cfm-fast_0" eclass="HBEFA3/PC_G_EU4" CO2="22976.38" CO="494.50" HC="2.82" NOx="10.65" PMx="0.57" fuel="9.88" electricity="0.00" noise="118.26" route="routeright" type="cfm-fast" waiting="0.00" lane="right_0" pos="47.29" speed="5.86" angle="279.45" x="69.58" y="132.02"/>
        <vehicle id="cfm-fast_1" eclass="HBEFA3/PC_G_EU4" CO2="22976.38" CO="494.50" HC="2.82" NOx="10.65" PMx="0.57" fuel="9.88" electricity="0.00" noise="118.26" route="routetop" type="cfm-fast" waiting="0.00" lane="top_0" pos="13.12" speed="5.86" angle="250.86" x="36.13" y="126.50"/>
        <vehicle id="cfm-fast_2" eclass="HBEFA3/PC_G_EU4" CO2="22976.38" CO="494.50" HC="2.82" NOx="10.65" PMx="0.57" fuel="9.88" electricity="0.00" noise="118.26" route="routetop" type="cfm-fast" waiting="0.00" lane="top_0" pos="28.96" speed="5.86" angle="222.38" x="9.53" y="105.79"/>
        <vehicle id="cfm-fast_3" eclass="HBEFA3/PC_G_EU4" CO2="22976.38" CO="494.50" HC="2.82" NOx="10.65" PMx="0.57" fuel="9.88" electricity="0.00" noise="118.26" route="routetop" type="cfm-fast" waiting="0.00" lane="top_0" pos="44.79" speed="5.86" angle="193.93" x="-4.02" y="74.92"/>
        <vehicle id="cfm-fast_4" eclass="HBEFA3/PC_G_EU4" CO2="22976.38" CO="494.50" HC="2.82" NOx="10.65" PMx="0.57" fuel="9.88" electricity="0.00" noise="118.26" route="routeleft" type="cfm-fast" waiting="0.00" lane="left_0" pos="10.62" speed="5.86" angle="165.31" x="-1.14" y="41.14"/>
        <vehicle id="cfm-fast_5" eclass="HBEFA3/PC_G_EU4" CO2="22976.38" CO="494.50" HC="2.82" NOx="10.65" PMx="0.57" fuel="9.88" electricity="0.00" noise="118.26" route="routeleft" type="cfm-fast" waiting="0.00" lane="left_0" pos="26.46" speed="5.86" angle="136.88" x="17.42" y="12.99"/>
        <vehicle id="cfm-slow_0" eclass="HBEFA3/PC_G_EU4" CO2="22976.38" CO="494.50" HC="2.82" NOx="10.65" PMx="0.57" fuel="9.88" electricity="0.00" noise="118.26" route="routebottom" type="cfm-slow" waiting="0.00" lane="bottom_0" pos="2.29" speed="5.86" angle="90.37" x="68.68" y="-4.76"/>
        <vehicle id="cfm-slow_1" eclass="HBEFA3/PC_G_EU4" CO2="22976.38" CO="494.50" HC="2.82" NOx="10.65" PMx="0.57" fuel="9.88" electricity="0.00" noise="118.26" route="routebottom" type="cfm-slow" waiting="0.00" lane="bottom_0" pos="18.12" speed="5.86" angle="61.87" x="100.67" y="5.89"/>
        <vehicle id="cfm-slow_2" eclass="HBEFA3/PC_G_EU4" CO2="22976.38" CO="494.50" HC="2.82" NOx="10.65" PMx="0.57" fuel="9.88" electricity="0.00" noise="118.26" route="routebottom" type="cfm-slow" waiting="0.00" lane="bottom_0" pos="33.96" speed="5.86" angle="33.41" x="123.71" y="30.51"/>
        <vehicle id="cfm-slow_3" eclass="HBEFA3/PC_G_EU4" CO2="22976.38" CO="494.50" HC="2.82" NOx="10.65" PMx="0.57" fuel="9.88" electricity="0.00" noise="118.26" route="routebottom" type="cfm-slow" waiting="0.00" lane="bottom_0" pos="49.79" speed="5.86" angle="4.90" x="132.26" y="63.12"/>
        <vehicle id="cfm-slow_4" eclass="HBEFA3/PC_G_EU4" CO2="22976.38" CO="494.50" HC="2.82" NOx="10.65" PMx="0.57" fuel="9.88" electricity="0.00" noise="118.26" route="routeright" type="cfm-slow" waiting="0.00" lane="right_0" pos="15.62" speed="5.86" angle="336.33" x="124.15" y="96.03"/>
        <vehicle id="cfm-slow_5" eclass="HBEFA3/PC_G_EU4" CO2="22976.38" CO="494.50" HC="2.82" NOx="10.65" PMx="0.57" fuel="9.88" electricity="0.00" noise="118.26" route="routeright" type="cfm-slow" waiting="0.00" lane="right_0" pos="31.46" speed="5.86" angle="307.91" x="101.42" y="120.93"/>
    </timestep>
    <timestep time="0.44">
        <vehicle id="cfm-fast_0" eclass="HBEFA3/PC_G_EU4" CO2="23456.09" CO="502.65" HC="2.87" NOx="10.87" PMx="0.58" fuel="10.08" electricity="0.00" noise="118.32" route="routeright" type="cfm-fast" waiting="0.00" lane="right_0" pos="47.35" speed="6.00" angle="279.35" x="69.45" y="132.03"/>
        <vehicle id="cfm-fast_1" eclass="HBEFA3/PC_G_EU4" CO2="23456.09" CO="502.65" HC="2.87" NOx="10.87" PMx="0.58" fuel="10.08" electricity="0.00" noise="118.32" route="routetop" type="cfm-fast" waiting="0.00" lane="top_0" pos="13.18" speed="6.00" angle="250.75" x="36.02" y="126.45"/>
        <vehicle id="cfm-fast_2" eclass="HBEFA3/PC_G_EU4" CO2="23456.09" CO="502.65" HC="2.87" NOx="10.87" PMx="0.58" fuel="10.08" electricity="0.00" noise="118.32" route="routetop" type="cfm-fast" waiting="0.00" lane="top_0" pos="29.02" speed="6.00" angle="222.27" x="9.45" y="105.69"/>
        <vehicle id="cfm-fast_3" eclass="HBEFA3/PC_G_EU4" CO2="23456.09" CO="502.65" HC="2.87" NOx="10.87" PMx="0.58" fuel="10.08" electricity="0.00" noise="118.32" route="routetop" type="cfm-fast" waiting="0.00" lane="top_0" pos="44.85" speed="6.00" angle="193.85" x="-4.05" y="74.79"/>
        <vehicle id="cfm-fast_4" eclass="HBEFA3/PC_G_EU4" CO2="23456.09" CO="502.65" HC="2.87" NOx="10.87" PMx="0.58" fuel="10.08" electricity="0.00" noise="118.32" route="routeleft" type="cfm-fast" waiting="0.00" lane="left_0" pos="10.68" speed="6.00" angle="165.20" x="-1.09" y="41.02"/>
        <vehicle id="cfm-fast_5" eclass="HBEFA3/PC_G_EU4" CO2="23456.09" CO="502.65" HC="2.87" NOx="10.87" PMx="0.58" fuel="10.08" electricity="0.00" noise="118.32" route="routeleft" type="cfm-fast" waiting="0.00" lane="left_0" pos="26.52" speed="6.00" angle="136.77" x="17.52" y="12.90"/>
        <vehicle id="cfm-slow_0" eclass="HBEFA3/PC_G_EU4" CO2="23412.04" CO="501.74" HC="2.86" NOx="10.85" PMx="0.58" fuel="10.06" electricity="0.00" noise="118.20" route="routebottom" type="cfm-slow" waiting="0.00" lane="bottom_0" pos="2.35" speed="6.00" angle="90.26" x="68.81" y="-4.75"/>
        <vehicle id="cfm-slow_1" eclass="HBEFA3/PC_G_EU4" CO2="23412.04" CO="501.74" HC="2.86" NOx="10.85" PMx="0.58" fuel="10.06" electricity="0.00" noise="118.20" route="routebottom" type="cfm-slow" waiting="0.00" lane="bottom_0" pos="18.18" speed="6.00" angle="61.76" x="100.78" y="5.96"/>
        <vehicle id="cfm-slow_2" eclass="HBEFA3/PC_G_EU4" CO2="23412.04" CO="501.74" HC="2.86" NOx="10.85" PMx="0.58" fuel="10.06" electricity="0.00" noise="118.20" route="routebottom" type="cfm-slow" waiting="0.00" lane="bottom_0" pos="34.02" speed="6.00" angle="33.30" x="123.78" y="30.62"/>
        <vehicle id="cfm-slow_3" eclass="HBEFA3/PC_G_EU4" CO2="23412.04" CO="501.74" HC="2.86" NOx="10.85" PMx="0.58" fuel="10.06" electricity="0.00" noise="118.20" route="routebottom" type="cfm-slow" waiting="0.00" lane="bottom_0" pos="49.85" speed="6.00" angle="4.78" x="132.26" y="63.25"/>
        <vehicle id="cfm-slow_4" eclass="HBEFA3/PC_G_EU4" CO2="23412.04" CO="501.74" HC="2.86" NOx="10.85" PMx="0.58" fuel="10.06" electricity="0.00" noise="118.20" route="routeright" type="cfm-slow" waiting="0.00" lane="right_0" pos="15.68" speed="6.00" angle="336.22" x="124.09" y="96.14"/>
        <vehicle id="cfm-slow_5" eclass="HBEFA3/PC_G_EU4" CO2="23412.04" CO="501.74" HC="2.86" NOx="10.85" PMx="0.58" fuel="10.06" electricity="0.00" noise="118.20" route="routeright" type="cfm-slow" waiting="0.00" lane="right_0" pos="31.52" speed="6.00" angle="307.80" x="101.32" y="121.01"/>
    </timestep>
    <timestep time="0.45">
        <vehicle id="cfm-fast_0" eclass="HBEFA3/PC_G_EU4" CO2="23936.10" CO="510.81" HC="2.91" NOx="11.09" PMx="0.59" fuel="10.29" electricity="0.00" noise="118.38" route="routeright" type="cfm-fast" waiting="0.00" lane="right_0" pos="47.41" speed="6.14" angle="279.26" x="69.32" y="132.05"/>
        <vehicle id="cfm-fast_1" eclass="HBEFA3/PC_G_EU4" CO2="23936.10" CO="510.81" HC="2.91" NOx="11.09" PMx="0.59" fuel="10.29" electricity="0.00" noise="118.38" route="routetop" type="cfm-fast" waiting="0.00" lane="top_0" pos="13.24" speed="6.14" angle="250.64" x="35.90" y="126.40"/>
        <vehicle id="cfm-fast_2" eclass="HBEFA3/PC_G_EU4" CO2="23936.10" CO="510.81" HC="2.91" NOx="11.09" PMx="0.59" fuel="10.29" electricity="0.00" noise="118.38" route="routetop" type="cfm-fast" waiting="0.00" lane="top_0" pos="29.08" speed="6.14" angle="222.16" x="9.37" y="105.59"/>
        <vehicle id="cfm-fast_3" eclass="HBEFA3/PC_G_EU4" CO2="23936.10" CO="510.81" HC="2.91" NOx="11.09" PMx="0.59" fuel="10.29" electricity="0.00" noise="118.38" route="routetop" type="cfm-fast" waiting="0.00" lane="top_0" pos="44.91" speed="6.14" angle="193.77" x="-4.07" y="74.66"/>
        <vehicle id="cfm-fast_4" eclass="HBEFA3/PC_G_EU4" CO2="23936.10" CO="510.81" HC="2.91" NOx="11.09" PMx="0.59" fuel="10.29" electricity="0.00" noise="118.38" route="routeleft" type="cfm-fast" waiting="0.00" lane="left_0" pos="10.74" speed="6.14" angle="165.08" x="-1.05" y="40.89"/>
        <vehicle id="cfm-fast_5" eclass="HBEFA3/PC_G_EU4" CO2="23936.10" CO="510.81" HC="2.91" NOx="11.09" PMx="0.59" fuel="10.29" electricity="0.00" noise="118.38" route="routeleft" type="cfm-fast" waiting="0.00" lane="left_0" pos="26.58" speed="6.14" angle="136.65" x="17.61" y="12.81"/>
        <vehicle id="cfm-slow_0" eclass="HBEFA3/PC_G_EU4" CO2="23687.92" CO="505.72" HC="2.89" NOx="10.98" PMx="0.59" fuel="10.18" electricity="0.00" noise="117.71" route="routebottom" type="cfm-slow" waiting="0.00" lane="bottom_0" pos="2.41" speed="6.13" angle="90.15" x="68.94" y="-4.74"/>
        <vehicle id="cfm-slow_1" eclass="HBEFA3/PC_G_EU4" CO2="23687.92" CO="505.72" HC="2.89" NOx="10.98" PMx="0.59" fuel="10.18" electricity="0.00" noise="117.71" route="routebottom" type="cfm-slow" waiting="0.00" lane="bottom_0" pos="18.24" speed="6.13" angle="61.65" x="100.89" y="6.04"/>
        <vehicle id="cfm-slow_2" eclass="HBEFA3/PC_G_EU4" CO2="23687.92" CO="505.72" HC="2.89" NOx="10.98" PMx="0.59" fuel="10.18" electricity="0.00" noise="117.71" route="routebottom" type="cfm-slow" waiting="0.00" lane="bottom_0" pos="34.08" speed="6.13" angle="33.19" x="123.84" y="30.74"/>
        <vehicle id="cfm-slow_3" eclass="HBEFA3/PC_G_EU4" CO2="23687.92" CO="505.72" HC="2.89" NOx="10.98" PMx="0.59" fuel="10.18" electricity="0.00" noise="117.71" route="routebottom" type="cfm-slow" waiting="0.00" lane="bottom_0" pos="49.91" speed="6.13" angle="4.67" x="132.27" y="63.38"/>
        <vehicle id="cfm-slow_4" eclass="HBEFA3/PC_G_EU4" CO2="23687.92" CO="505.72" HC="2.89" NOx="10.98" PMx="0.59" fuel="10.18" electricity="0.00" noise="117.71" route="routeright" type="cfm-slow" waiting="0.00" lane="right_0" pos="15.74" speed="6.13" angle="336.11" x="124.02" y="96.26"/>
        <vehicle id="cfm-slow_5" eclass="HBEFA3/PC_G_EU4" CO2="23688.34" CO="505.73" HC="2.89" NOx="10.98" PMx="0.59" fuel="10.18" electricity="0.00" noise="117.71" route="routeright" type="cfm-slow" waiting="0.00" lane="right_0" pos="31.58" speed="6.13" angle="307.69" x="101.21" y="121.08"/>
    </timestep>
    <timestep time="0.46">
        <vehicle id="cfm-fast_0" eclass="HBEFA3/PC_G_EU4" CO2="24416.40" CO="518.99" HC="2.96" NOx="11.32" PMx="0.61" fuel="10.50" electricity="0.00" noise="118.43" route="routeright" type="cfm-fast" waiting="0.00" lane="right_0" pos="47.47" speed="6.27" angle="279.17" x="69.19" y="132.06"/>
        <vehicle id="cfm-fast_1" eclass="HBEFA3/PC_G_EU4" CO2="24416.40" CO="518.99" HC="2.96" NOx="11.32" PMx="0.61" fuel="10.50" electricity="0.00" noise="118.43" route="routetop" type="cfm-fast" waiting="0.00" lane="top_0" pos="13.31" speed="6.27" angle="250.52" x="35.77" y="126.34"/>
        <vehicle id="cfm-fast_2" eclass="HBEFA3/PC_G_EU4" CO2="24416.40" CO="518.99" HC="2.96" NOx="11.32" PMx="0.61" fuel="10.50" electricity="0.00" noise="118.43" route="routetop" type="cfm-fast" waiting="0.00" lane="top_0" pos="29.14" speed="6.27" angle="222.04" x="9.28" y="105.48"/>
        <vehicle id="cfm-fast_3" eclass="HBEFA3/PC_G_EU4" CO2="24416.40" CO="518.99" HC="2.96" NOx="11.32" PMx="0.61" fuel="10.50" electricity="0.00" noise="118.43" route="routetop" type="cfm-fast" waiting="0.00" lane="top_0" pos="44.97" speed="6.27" angle="193.65" x="-4.09" y="74.53"/>
        <vehicle id="cfm-fast_4" eclass="HBEFA3/PC_G_EU4" CO2="24416.40" CO="518.99" HC="2.96" NOx="11.32" PMx="0.61" fuel="10.50" electricity="0.00" noise="118.43" route="routeleft" type="cfm-fast" waiting="0.00" lane="left_0" pos="10.81" speed="6.27" angle="164.97" x="-1.00" y="40.77"/>
        <vehicle id="cfm-fast_5" eclass="HBEFA3/PC_G_EU4" CO2="24416.40" CO="518.99" HC="2.96" NOx="11.32" PMx="0.61" fuel="10.50" electricity="0.00" noise="118.43" route="routeleft" type="cfm-fast" waiting="0.00" lane="left_0" pos="26.64" speed="6.27" angle="136.54" x="17.71" y="12.72"/>
        <vehicle id="cfm-slow_0" eclass="HBEFA3/PC_G_EU4" CO2="23953.00" CO="509.51" HC="2.91" NOx="11.10" PMx="0.59" fuel="10.30" electricity="0.00" noise="117.23" route="routebottom" type="cfm-slow" waiting="0.00" lane="bottom_0" pos="2.47" speed="6.27" angle="90.04" x="69.08" y="-4.74"/>
        <vehicle id="cfm-slow_1" eclass="HBEFA3/PC_G_EU4" CO2="23953.00" CO="509.51" HC="2.91" NOx="11.10" PMx="0.59" fuel="10.30" electricity="0.00" noise="117.23" route="routebottom" type="cfm-slow" waiting="0.00" lane="bottom_0" pos="18.31" speed="6.27" angle="61.53" x="101.00" y="6.11"/>
        <vehicle id="cfm-slow_2" eclass="HBEFA3/PC_G_EU4" CO2="23953.00" CO="509.51" HC="2.91" NOx="11.10" PMx="0.59" fuel="10.30" electricity="0.00" noise="117.23" route="routebottom" type="cfm-slow" waiting="0.00" lane="bottom_0" pos="34.14" speed="6.27" angle="33.08" x="123.90" y="30.85"/>
        <vehicle id="cfm-slow_3" eclass="HBEFA3/PC_G_EU4" CO2="23953.00" CO="509.51" HC="2.91" NOx="11.10" PMx="0.59" fuel="10.30" electricity="0.00" noise="117.23" route="routebottom" type="cfm-slow" waiting="0.00" lane="bottom_0" pos="49.97" speed="6.27" angle="4.58" x="132.27" y="63.51"/>
        <vehicle id="cfm-slow_4" eclass="HBEFA3/PC_G_EU4" CO2="23953.00" CO="509.51" HC="2.91" NOx="11.10" PMx="0.59" fuel="10.30" electricity="0.00" noise="117.23" route="routeright" type="cfm-slow" waiting="0.00" lane="right_0" pos="15.81" speed="6.27" angle="336.00" x="123.96" y="96.38"/>
        <vehicle id="cfm-slow_5" eclass="HBEFA3/PC_G_EU4" CO2="23955.74" CO="509.57" HC="2.91" NOx="11.10" PMx="0.59" fuel="10.30" electricity="0.00" noise="117.23" route="routeright" type="cfm-slow" waiting="0.00" lane="right_0" pos="31.64" speed="6.27" angle="307.57" x="101.09" y="121.15"/>
    </timestep>
    <timestep time="0.47">
        <vehicle id="cfm-fast_0" eclass="HBEFA3/PC_G_EU4" CO2="24897.00" CO="527.20" HC="3.01" NOx="11.54" PMx="0.62" fuel="10.70" electricity="0.00" noise="118.49" route="routeright" type="cfm-fast" waiting="0.00" lane="right_0" pos="47.54" speed="6.41" angle="279.06" x="69.05" y="132.07"/>
        <vehicle id="cfm-fast_1" eclass="HBEFA3/PC_G_EU4" CO2="24897.00" CO="527.20" HC="3.01" NOx="11.54" PMx="0.62" fuel="10.70" electricity="0.00" noise="118.49" route="routetop" type="cfm-fast" waiting="0.00" lane="top_0" pos="13.37" speed="6.41" angle="250.40" x="35.65" y="126.28"/>
        <vehicle id="cfm-fast_2" eclass="HBEFA3/PC_G_EU4" CO2="24897.00" CO="527.20" HC="3.01" NOx="11.54" PMx="0.62" fuel="10.70" electricity="0.00" noise="118.49" route="routetop" type="cfm-fast" waiting="0.00" lane="top_0" pos="29.20" speed="6.41" angle="221.93" x="9.20" y="105.37"/>
        <vehicle id="cfm-fast_3" eclass="HBEFA3/PC_G_EU4" CO2="24897.00" CO="527.20" HC="3.01" NOx="11.54" PMx="0.62" fuel="10.70" electricity="0.00" noise="118.49" route="routetop" type="cfm-fast" waiting="0.00" lane="top_0" pos="45.04" speed="6.41" angle="193.53" x="-4.11" y="74.39"/>
        <vehicle id="cfm-fast_4" eclass="HBEFA3/PC_G_EU4" CO2="24897.00" CO="527.20" HC="3.01" NOx="11.54" PMx="0.62" fuel="10.70" electricity="0.00" noise="118.49" route="routeleft" type="cfm-fast" waiting="0.00" lane="left_0" pos="10.87" speed="6.41" angle="164.85" x="-0.96" y="40.64"/>
        <vehicle id="cfm-fast_5" eclass="HBEFA3/PC_G_EU4" CO2="24897.00" CO="527.20" HC="3.01" NOx="11.54" PMx="0.62" fuel="10.70" electricity="0.00" noise="118.49" route="routeleft" type="cfm-fast" waiting="0.00" lane="left_0" pos="26.70" speed="6.41" angle="136.42" x="17.81" y="12.63"/>
        <vehicle id="cfm-slow_0" eclass="HBEFA3/PC_G_EU4" CO2="24207.52" CO="513.11" HC="2.93" NOx="11.22" PMx="0.60" fuel="10.41" electricity="0.00" noise="116.75" route="routebottom" type="cfm-slow" waiting="0.00" lane="bottom_0" pos="2.54" speed="6.40" angle="89.94" x="69.22" y="-4.73"/>
        <vehicle id="cfm-slow_1" eclass="HBEFA3/PC_G_EU4" CO2="24207.52" CO="513.11" HC="2.93" NOx="11.22" PMx="0.60" fuel="10.41" electricity="0.00" noise="116.75" route="routebottom" type="cfm-slow" waiting="0.00" lane="bottom_0" pos="18.37" speed="6.40" angle="61.41" x="101.12" y="6.19"/>
        <vehicle id="cfm-slow_2" eclass="HBEFA3/PC_G_EU4" CO2="24207.52" CO="513.11" HC="2.93" NOx="11.22" PMx="0.60" fuel="10.41" electricity="0.00" noise="116.75" route="routebottom" type="cfm-slow" waiting="0.00" lane="bottom_0" pos="34.20" speed="6.40" angle="32.96" x="123.97" y="30.97"/>
        <vehicle id="cfm-slow_3" eclass="HBEFA3/PC_G_EU4" CO2="24207.52" CO="513.11" HC="2.93" NOx="11.22" PMx="0.60" fuel="10.41" electricity="0.00" noise="116.75" route="routebottom" type="cfm-slow" waiting="0.00" lane="right_0" pos="0.04" speed="6.40" angle="4.40" x="132.27" y="63.84"/>
        <vehicle id="cfm-slow_4" eclass="HBEFA3/PC_G_EU4" CO2="24207.55" CO="513.11" HC="2.93" NOx="11.22" PMx="0.60" fuel="10.41" electricity="0.00" noise="116.75" route="routeright" type="cfm-slow" waiting="0.00" lane="right_0" pos="15.87" speed="6.40" angle="335.88" x="123.89" y="96.50"/>
        <vehicle id="cfm-slow_5" eclass="HBEFA3/PC_G_EU4" CO2="24214.63" CO="513.26" HC="2.93" NOx="11.22" PMx="0.60" fuel="10.41" electricity="0.00" noise="116.77" route="routeright" type="cfm-slow" waiting="0.00" lane="right_0" pos="31.70" speed="6.40" angle="307.46" x="100.98" y="121.23"/>
    </timestep>
    <timestep time="0.48">
        <vehicle id="cfm-fast_0" eclass="HBEFA3/PC_G_EU4" CO2="25377.88" CO="535.43" HC="3.06" NOx="11.76" PMx="0.63" fuel="10.91" electricity="0.00" noise="118.55" route="routeright" type="cfm-fast" waiting="0.00" lane="right_0" pos="47.60" speed="6.55" angle="278.93" x="68.91" y="132.08"/>
        <vehicle id="cfm-fast_1" eclass="HBEFA3/PC_G_EU4" CO2="25377.88" CO="535.43" HC="3.06" NOx="11.76" PMx="0.63" fuel="10.91" electricity="0.00" noise="118.55" route="routetop" type="cfm-fast" waiting="0.00" lane="top_0" pos="13.44" speed="6.55" angle="250.29" x="35.52" y="126.23"/>
        <vehicle id="cfm-fast_2" eclass="HBEFA3/PC_G_EU4" CO2="25377.88" CO="535.43" HC="3.06" NOx="11.76" PMx="0.63" fuel="10.91" electricity="0.00" noise="118.55" route="routetop" type="cfm-fast" waiting="0.00" lane="top_0" pos="29.27" speed="6.55" angle="221.81" x="9.11" y="105.26"/>
        <vehicle id="cfm-fast_3" eclass="HBEFA3/PC_G_EU4" CO2="25377.88" CO="535.43" HC="3.06" NOx="11.76" PMx="0.63" fuel="10.91" electricity="0.00" noise="118.55" route="routetop" type="cfm-fast" waiting="0.00" lane="top_0" pos="45.10" speed="6.55" angle="193.41" x="-4.13" y="74.25"/>
        <vehicle id="cfm-fast_4" eclass="HBEFA3/PC_G_EU4" CO2="25377.88" CO="535.43" HC="3.06" NOx="11.76" PMx="0.63" fuel="10.91" electricity="0.00" noise="118.55" route="routeleft" type="cfm-fast" waiting="0.00" lane="left_0" pos="10.94" speed="6.55" angle="164.73" x="-0.91" y="40.50"/>
        <vehicle id="cfm-fast_5" eclass="HBEFA3/PC_G_EU4" CO2="25377.88" CO="535.43" HC="3.06" NOx="11.76" PMx="0.63" fuel="10.91" electricity="0.00" noise="118.55" route="routeleft" type="cfm-fast" waiting="0.00" lane="left_0" pos="26.77" speed="6.55" angle="136.30" x="17.92" y="12.53"/>
        <vehicle id="cfm-slow_0" eclass="HBEFA3/PC_G_EU4" CO2="24451.72" CO="516.53" HC="2.95" NOx="11.33" PMx="0.61" fuel="10.51" electricity="0.00" noise="116.27" route="routebottom" type="cfm-slow" waiting="0.00" lane="bottom_0" pos="2.60" speed="6.53" angle="89.83" x="69.36" y="-4.71"/>
        <vehicle id="cfm-slow_1" eclass="HBEFA3/PC_G_EU4" CO2="24451.72" CO="516.53" HC="2.95" NOx="11.33" PMx="0.61" fuel="10.51" electricity="0.00" noise="116.27" route="routebottom" type="cfm-slow" waiting="0.00" lane="bottom_0" pos="18.44" speed="6.53" angle="61.29" x="101.23" y="6.27"/>
        <vehicle id="cfm-slow_2" eclass="HBEFA3/PC_G_EU4" CO2="24451.72" CO="516.53" HC="2.95" NOx="11.33" PMx="0.61" fuel="10.51" electricity="0.00" noise="116.27" route="routebottom" type="cfm-slow" waiting="0.00" lane="bottom_0" pos="34.27" speed="6.53" angle="32.84" x="124.04" y="31.10"/>
        <vehicle id="cfm-slow_3" eclass="HBEFA3/PC_G_EU4" CO2="24451.72" CO="516.53" HC="2.95" NOx="11.33" PMx="0.61" fuel="10.51" electricity="0.00" noise="116.27" route="routebottom" type="cfm-slow" waiting="0.00" lane="right_0" pos="0.10" speed="6.53" angle="4.28" x="132.27" y="63.98"/>
        <vehicle id="cfm-slow_4" eclass="HBEFA3/PC_G_EU4" CO2="24451.82" CO="516.53" HC="2.95" NOx="11.33" PMx="0.61" fuel="10.51" electricity="0.00" noise="116.27" route="routeright" type="cfm-slow" waiting="0.00" lane="right_0" pos="15.94" speed="6.53" angle="335.76" x="123.82" y="96.62"/>
        <vehicle id="cfm-slow_5" eclass="HBEFA3/PC_G_EU4" CO2="24465.36" CO="516.81" HC="2.95" NOx="11.33" PMx="0.61" fuel="10.52" electricity="0.00" noise="116.31" route="routeright" type="cfm-slow" waiting="0.00" lane="right_0" pos="31.77" speed="6.53" angle="307.34" x="100.86" y="121.31"/>
    </timestep>
    <timestep time="0.49">
        <vehicle id="cfm-fast_0" eclass="HBEFA3/PC_G_EU4" CO2="25859.06" CO="543.68" HC="3.11" NOx="11.99" PMx="0.64" fuel="11.12" electricity="0.00" noise="118.61" route="routeright" type="cfm-fast" waiting="0.00" lane="right_0" pos="47.67" speed="6.68" angle="278.81" x="68.77" y="132.08"/>
        <vehicle id="cfm-fast_1" eclass="HBEFA3/PC_G_EU4" CO2="25859.06" CO="543.68" HC="3.11" NOx="11.99" PMx="0.64" fuel="11.12" electricity="0.00" noise="118.61" route="routetop" type="cfm-fast" waiting="0.00" lane="top_0" pos="13.50" speed="6.68" angle="250.16" x="35.39" y="126.17"/>
        <vehicle id="cfm-fast_2" eclass="HBEFA3/PC_G_EU4" CO2="25859.06" CO="543.68" HC="3.11" NOx="11.99" PMx="0.64" fuel="11.12" electricity="0.00" noise="118.61" route="routetop" type="cfm-fast" waiting="0.00" lane="top_0" pos="29.34" speed="6.68" angle="221.69" x="9.02" y="105.15"/>
        <vehicle id="cfm-fast_3" eclass="HBEFA3/PC_G_EU4" CO2="25859.06" CO="543.68" HC="3.11" NOx="11.99" PMx="0.64" fuel="11.12" electricity="0.00" noise="118.61" route="routetop" type="cfm-fast" waiting="0.00" lane="top_0" pos="45.17" speed="6.68" angle="193.29" x="-4.15" y="74.11"/>
        <vehicle id="cfm-fast_4" eclass="HBEFA3/PC_G_EU4" CO2="25859.06" CO="543.68" HC="3.11" NOx="11.99" PMx="0.64" fuel="11.12" electricity="0.00" noise="118.61" route="routeleft" type="cfm-fast" waiting="0.00" lane="left_0" pos="11.00" speed="6.68" angle="164.60" x="-0.86" y="40.37"/>
        <vehicle id="cfm-fast_5" eclass="HBEFA3/PC_G_EU4" CO2="25859.06" CO="543.68" HC="3.11" NOx="11.99" PMx="0.64" fuel="11.12" electricity="0.00" noise="118.61" route="routeleft" type="cfm-fast" waiting="0.00" lane="left_0" pos="26.84" speed="6.68" angle="136.20" x="18.02" y="12.44"/>
        <vehicle id="cfm-slow_0" eclass="HBEFA3/PC_G_EU4" CO2="24685.85" CO="519.77" HC="2.97" NOx="11.43" PMx="0.61" fuel="10.61" electricity="0.00" noise="115.80" route="routebottom" type="cfm-slow" waiting="0.00" lane="bottom_0" pos="2.67" speed="6.66" angle="89.71" x="69.50" y="-4.70"/>
        <vehicle id="cfm-slow_1" eclass="HBEFA3/PC_G_EU4" CO2="24685.85" CO="519.77" HC="2.97" NOx="11.43" PMx="0.61" fuel="10.61" electricity="0.00" noise="115.80" route="routebottom" type="cfm-slow" waiting="0.00" lane="bottom_0" pos="18.50" speed="6.66" angle="61.16" x="101.35" y="6.34"/>
        <vehicle id="cfm-slow_2" eclass="HBEFA3/PC_G_EU4" CO2="24685.85" CO="519.77" HC="2.97" NOx="11.43" PMx="0.61" fuel="10.61" electricity="0.00" noise="115.80" route="routebottom" type="cfm-slow" waiting="0.00" lane="bottom_0" pos="34.34" speed="6.66" angle="32.72" x="124.11" y="31.22"/>
        <vehicle id="cfm-slow_3" eclass="HBEFA3/PC_G_EU4" CO2="24685.85" CO="519.77" HC="2.97" NOx="11.43" PMx="0.61" fuel="10.61" electricity="0.00" noise="115.80" route="routebottom" type="cfm-slow" waiting="0.00" lane="right_0" pos="0.17" speed="6.66" angle="4.16" x="132.26" y="64.13"/>
        <vehicle id="cfm-slow_4" eclass="HBEFA3/PC_G_EU4" CO2="24686.08" CO="519.77" HC="2.97" NOx="11.43" PMx="0.61" fuel="10.61" electricity="0.00" noise="115.80" route="routeright" type="cfm-slow" waiting="0.00" lane="right_0" pos="16.00" speed="6.66" angle="335.64" x="123.75" y="96.74"/>
        <vehicle id="cfm-slow_5" eclass="HBEFA3/PC_G_EU4" CO2="24708.28" CO="520.23" HC="2.98" NOx="11.44" PMx="0.61" fuel="10.62" electricity="0.00" noise="115.86" route="routeright" type="cfm-slow" waiting="0.00" lane="right_0" pos="31.84" speed="6.66" angle="307.22" x="100.74" y="121.39"/>
    </timestep>
    <timestep time="0.50">
        <vehicle id="cfm-fast_0" eclass="HBEFA3/PC_G_EU4" CO2="26340.53" CO="551.95" HC="3.16" NOx="12.21" PMx="0.65" fuel="11.32" electricity="0.00" noise="118.66" route="routeright" type="cfm-fast" waiting="0.00" lane="right_0" pos="47.74" speed="6.82" angle="278.68" x="68.62" y="132.09"/>
        <vehicle id="cfm-fast_1" eclass="HBEFA3/PC_G_EU4" CO2="26340.53" CO="551.95" HC="3.16" NOx="12.21" PMx="0.65" fuel="11.32" electricity="0.00" noise="118.66" route="routetop" type="cfm-fast" waiting="0.00" lane="top_0" pos="13.57" speed="6.82" angle="250.04" x="35.25" y="126.11"/>
        <vehicle id="cfm-fast_2" eclass="HBEFA3/PC_G_EU4" CO2="26340.53" CO="551.95" HC="3.16" NOx="12.21" PMx="0.65" fuel="11.32" electricity="0.00" noise="118.66" route="routetop" type="cfm-fast" waiting="0.00" lane="top_0" pos="29.41" speed="6.82" angle="221.58" x="8.93" y="105.03"/>
        <vehicle id="cfm-fast_3" eclass="HBEFA3/PC_G_EU4" CO2="26340.53" CO="551.95" HC="3.16" NOx="12.21" PMx="0.65" fuel="11.32" electricity="0.00" noise="118.66" route="routetop" type="cfm-fast" waiting="0.00" lane="top_0" pos="45.24" speed="6.82" angle="193.16" x="-4.17" y="73.97"/>
        <vehicle id="cfm-fast_4" eclass="HBEFA3/PC_G_EU4" CO2="26340.53" CO="551.95" HC="3.16" NOx="12.21" PMx="0.65" fuel="11.32" electricity="0.00" noise="118.66" route="routeleft" type="cfm-fast" waiting="0.00" lane="left_0" pos="11.07" speed="6.82" angle="164.47" x="-0.81" y="40.23"/>
        <vehicle id="cfm-fast_5" eclass="HBEFA3/PC_G_EU4" CO2="26340.53" CO="551.95" HC="3.16" NOx="12.21" PMx="0.65" fuel="11.32" electricity="0.00" noise="118.66" route="routeleft" type="cfm-fast" waiting="0.00" lane="left_0" pos="26.91" speed="6.82" angle="136.10" x="18.13" y="12.34"/>
        <vehicle id="cfm-slow_0" eclass="HBEFA3/PC_G_EU4" CO2="24910.14" CO="522.83" HC="2.99" NOx="11.54" PMx="0.62" fuel="10.71" electricity="0.00" noise="115.34" route="routebottom" type="cfm-slow" waiting="0.00" lane="bottom_0" pos="2.74" speed="6.79" angle="89.58" x="69.64" y="-4.68"/>
        <vehicle id="cfm-slow_1" eclass="HBEFA3/PC_G_EU4" CO2="24910.14" CO="522.83" HC="2.99" NOx="11.54" PMx="0.62" fuel="10.71" electricity="0.00" noise="115.34" route="routebottom" type="cfm-slow" waiting="0.00" lane="bottom_0" pos="18.57" speed="6.79" angle="61.03" x="101.48" y="6.43"/>
        <vehicle id="cfm-slow_2" eclass="HBEFA3/PC_G_EU4" CO2="24910.14" CO="522.83" HC="2.99" NOx="11.54" PMx="0.62" fuel="10.71" electricity="0.00" noise="115.34" route="routebottom" type="cfm-slow" waiting="0.00" lane="bottom_0" pos="34.40" speed="6.79" angle="32.59" x="124.18" y="31.35"/>
        <vehicle id="cfm-slow_3" eclass="HBEFA3/PC_G_EU4" CO2="24910.14" CO="522.83" HC="2.99" NOx="11.54" PMx="0.62" fuel="10.71" electricity="0.00" noise="115.34" route="routebottom" type="cfm-slow" waiting="0.00" lane="right_0" pos="0.24" speed="6.79" angle="4.04" x="132.26" y="64.27"/>
        <vehicle id="cfm-slow_4" eclass="HBEFA3/PC_G_EU4" CO2="24910.58" CO="522.84" HC="2.99" NOx="11.54" PMx="0.62" fuel="10.71" electricity="0.00" noise="115.34" route="routeright" type="cfm-slow" waiting="0.00" lane="right_0" pos="16.07" speed="6.79" angle="335.52" x="123.68" y="96.87"/>
        <vehicle id="cfm-slow_5" eclass="HBEFA3/PC_G_EU4" CO2="24943.71" CO="523.52" HC="3.00" NOx="11.55" PMx="0.62" fuel="10.72" electricity="0.00" noise="115.42" route="routeright" type="cfm-slow" waiting="0.00" lane="right_0" pos="31.90" speed="6.79" angle="307.10" x="100.62" y="121.47"/>
    </timestep>
    <timestep time="0.51">
        <vehicle id="cfm-fast_0" eclass="HBEFA3/PC_G_EU4" CO2="26822.29" CO="560.24" HC="3.21" NOx="12.43" PMx="0.67" fuel="11.53" electricity="0.00" noise="118.72" route="routeright" type="cfm-fast" waiting="0.00" lane="right_0" pos="47.81" speed="6.95" angle="278.55" x="68.47" y="132.10"/>
        <vehicle id="cfm-fast_1" eclass="HBEFA3/PC_G_EU4" CO2="26822.29" CO="560.24" HC="3.21" NOx="12.43" PMx="0.67" fuel="11.53" electricity="0.00" noise="118.72" route="routetop" type="cfm-fast" waiting="0.00" lane="top_0" pos="13.64" speed="6.95" angle="249.91" x="35.12" y="126.05"/>
        <vehicle id="cfm-fast_2" eclass="HBEFA3/PC_G_EU4" CO2="26822.29" CO="560.24" HC="3.21" NOx="12.43" PMx="0.67" fuel="11.53" electricity="0.00" noise="118.72" route="routetop" type="cfm-fast" waiting="0.00" lane="top_0" pos="29.47" speed="6.95" angle="221.48" x="8.84" y="104.92"/>
        <vehicle id="cfm-fast_3" eclass="HBEFA3/PC_G_EU4" CO2="26822.29" CO="560.24" HC="3.21" NOx="12.43" PMx="0.67" fuel="11.53" electricity="0.00" noise="118.72" route="routetop" type="cfm-fast" waiting="0.00" lane="top_0" pos="45.31" speed="6.95" angle="193.04" x="-4.19" y="73.82"/>
        <vehicle id="cfm-fast_4" eclass="HBEFA3/PC_G_EU4" CO2="26822.29" CO="560.24" HC="3.21" NOx="12.43" PMx="0.67" fuel="11.53" electricity="0.00" noise="118.72" route="routeleft" type="cfm-fast" waiting="0.00" lane="left_0" pos="11.14" speed="6.95" angle="164.35" x="-0.76" y="40.09"/>
        <vehicle id="cfm-fast_5" eclass="HBEFA3/PC_G_EU4" CO2="26822.29" CO="560.24" HC="3.21" NOx="12.43" PMx="0.67" fuel="11.53" electricity="0.00" noise="118.72" route="routeleft" type="cfm-fast" waiting="0.00" lane="left_0" pos="26.97" speed="6.95" angle="135.98" x="18.24" y="12.24"/>
        <vehicle id="cfm-slow_0" eclass="HBEFA3/PC_G_EU4" CO2="25124.81" CO="525.73" HC="3.01" NOx="11.63" PMx="0.62" fuel="10.80" electricity="0.00" noise="114.88" route="routebottom" type="cfm-slow" waiting="0.00" lane="bottom_0" pos="2.81" speed="6.92" angle="89.46" x="69.79" y="-4.67"/>
        <vehicle id="cfm-slow_1" eclass="HBEFA3/PC_G_EU4" CO2="25124.81" CO="525.73" HC="3.01" NOx="11.63" PMx="0.62" fuel="10.80" electricity="0.00" noise="114.88" route="routebottom" type="cfm-slow" waiting="0.00" lane="bottom_0" pos="18.64" speed="6.92" angle="60.90" x="101.60" y="6.51"/>
        <vehicle id="cfm-slow_2" eclass="HBEFA3/PC_G_EU4" CO2="25124.81" CO="525.73" HC="3.01" NOx="11.63" PMx="0.62" fuel="10.80" electricity="0.00" noise="114.88" route="routebottom" type="cfm-slow" waiting="0.00" lane="bottom_0" pos="34.47" speed="6.92" angle="32.47" x="124.25" y="31.48"/>
        <vehicle id="cfm-slow_3" eclass="HBEFA3/PC_G_EU4" CO2="25124.82" CO="525.73" HC="3.01" NOx="11.63" PMx="0.62" fuel="10.80" electricity="0.00" noise="114.88" route="routebottom" type="cfm-slow" waiting="0.00" lane="right_0" pos="0.31" speed="6.92" angle="3.91" x="132.26" y="64.42"/>
        <vehicle id="cfm-slow_4" eclass="HBEFA3/PC_G_EU4" CO2="25125.57" CO="525.74" HC="3.01" NOx="11.63" PMx="0.62" fuel="10.80" electricity="0.00" noise="114.88" route="routeright" type="cfm-slow" waiting="0.00" lane="right_0" pos="16.14" speed="6.92" angle="335.39" x="123.61" y="97.00"/>
        <vehicle id="cfm-slow_5" eclass="HBEFA3/PC_G_EU4" CO2="25172.00" CO="526.69" HC="3.02" NOx="11.66" PMx="0.62" fuel="10.82" electricity="0.00" noise="114.99" route="routeright" type="cfm-slow" waiting="0.00" lane="right_0" pos="31.97" speed="6.92" angle="307.00" x="100.50" y="121.55"/>
    </timestep>
    <timestep time="0.52">
        <vehicle id="cfm-fast_0" eclass="HBEFA3/PC_G_EU4" CO2="27304.34" CO="568.56" HC="3.26" NOx="12.66" PMx="0.68" fuel="11.74" electricity="0.00" noise="118.78" route="routeright" type="cfm-fast" waiting="0.00" lane="right_0" pos="47.88" speed="7.09" angle="278.42" x="68.32" y="132.11"/>
        <vehicle id="cfm-fast_1" eclass="HBEFA3/PC_G_EU4" CO2="27304.34" CO="568.56" HC="3.26" NOx="12.66" PMx="0.68" fuel="11.74" electricity="0.00" noise="118.78" route="routetop" type="cfm-fast" waiting="0.00" lane="top_0" pos="13.71" speed="7.09" angle="249.78" x="34.98" y="125.98"/>
        <vehicle id="cfm-fast_2" eclass="HBEFA3/PC_G_EU4" CO2="27304.34" CO="568.56" HC="3.26" NOx="12.66" PMx="0.68" fuel="11.74" electricity="0.00" noise="118.78" route="routetop" type="cfm-fast" waiting="0.00" lane="top_0" pos="29.55" speed="7.09" angle="221.36" x="8.75" y="104.79"/>
        <vehicle id="cfm-fast_3" eclass="HBEFA3/PC_G_EU4" CO2="27304.34" CO="568.56" HC="3.26" NOx="12.66" PMx="0.68" fuel="11.74" electricity="0.00" noise="118.78" route="routetop" type="cfm-fast" waiting="0.00" lane="top_0" pos="45.38" speed="7.09" angle="192.91" x="-4.21" y="73.67"/>
        <vehicle id="cfm-fast_4" eclass="HBEFA3/PC_G_EU4" CO2="27304.34" CO="568.56" HC="3.26" NOx="12.66" PMx="0.68" fuel="11.74" electricity="0.00" noise="118.78" route="routeleft" type="cfm-fast" waiting="0.00" lane="left_0" pos="11.21" speed="7.09" angle="164.21" x="-0.71" y="39.95"/>
        <vehicle id="cfm-fast_5" eclass="HBEFA3/PC_G_EU4" CO2="27304.34" CO="568.56" HC="3.26" NOx="12.66" PMx="0.68" fuel="11.74" electricity="0.00" noise="118.78" route="routeleft" type="cfm-fast" waiting="0.00" lane="left_0" pos="27.05" speed="7.09" angle="135.85" x="18.36" y="12.14"/>
        <vehicle id="cfm-slow_0" eclass="HBEFA3/PC_G_EU4" CO2="25330.10" CO="528.45" HC="3.03" NOx="11.73" PMx="0.63" fuel="10.89" electricity="0.00" noise="114.42" route="routebottom" type="cfm-slow" waiting="0.00" lane="bottom_0" pos="2.88" speed="7.04" angle="89.33" x="69.94" y="-4.65"/>
        <vehicle id="cfm-slow_1" eclass="HBEFA3/PC_G_EU4" CO2="25330.10" CO="528.45" HC="3.03" NOx="11.73" PMx="0.63" fuel="10.89" electricity="0.00" noise="114.42" route="routebottom" type="cfm-slow" waiting="0.00" lane="bottom_0" pos="18.71" speed="7.04" angle="60.77" x="101.73" y="6.59"/>
        <vehicle id="cfm-slow_2" eclass="HBEFA3/PC_G_EU4" CO2="25330.10" CO="528.45" HC="3.03" NOx="11.73" PMx="0.63" fuel="10.89" electricity="0.00" noise="114.42" route="routebottom" type="cfm-slow" waiting="0.00" lane="bottom_0" pos="34.54" speed="7.04" angle="32.36" x="124.32" y="31.61"/>
        <vehicle id="cfm-slow_3" eclass="HBEFA3/PC_G_EU4" CO2="25330.12" CO="528.45" HC="3.03" NOx="11.73" PMx="0.63" fuel="10.89" electricity="0.00" noise="114.42" route="routebottom" type="cfm-slow" waiting="0.00" lane="right_0" pos="0.38" speed="7.04" angle="3.78" x="132.25" y="64.57"/>
        <vehicle id="cfm-slow_4" eclass="HBEFA3/PC_G_EU4" CO2="25331.30" CO="528.48" HC="3.03" NOx="11.73" PMx="0.63" fuel="10.89" electricity="0.00" noise="114.42" route="routeright" type="cfm-slow" waiting="0.00" lane="right_0" pos="16.21" speed="7.04" angle="335.27" x="123.54" y="97.14"/>
        <vehicle id="cfm-slow_5" eclass="HBEFA3/PC_G_EU4" CO2="25393.46" CO="529.75" HC="3.04" NOx="11.76" PMx="0.63" fuel="10.92" electricity="0.00" noise="114.56" route="routeright" type="cfm-slow" waiting="0.00" lane="right_0" pos="32.04" speed="7.05" angle="306.91" x="100.37" y="121.64"/>
    </timestep>
    <timestep time="0.53">
        <vehicle id="cfm-fast_0" eclass="HBEFA3/PC_G_EU4" CO2="27786.69" CO="576.89" HC="3.31" NOx="12.88" PMx="0.69" fuel="11.94" electricity="0.00" noise="118.84" route="routeright" type="cfm-fast" waiting="0.00" lane="right_0" pos="47.95" speed="7.23" angle="278.28" x="68.16" y="132.12"/>
        <vehicle id="cfm-fast_1" eclass="HBEFA3/PC_G_EU4" CO2="27786.69" CO="576.89" HC="3.31" NOx="12.88" PMx="0.69" fuel="11.94" electricity="0.00" noise="118.84" route="routetop" type="cfm-fast" waiting="0.00" lane="top_0" pos="13.78" speed="7.23" angle="249.65" x="34.83" y="125.92"/>
        <vehicle id="cfm-fast_2" eclass="HBEFA3/PC_G_EU4" CO2="27786.69" CO="576.89" HC="3.31" NOx="12.88" PMx="0.69" fuel="11.94" electricity="0.00" noise="118.84" route="routetop" type="cfm-fast" waiting="0.00" lane="top_0" pos="29.62" speed="7.23" angle="221.23" x="8.66" y="104.67"/>
        <vehicle id="cfm-fast_3" eclass="HBEFA3/PC_G_EU4" CO2="27786.69" CO="576.89" HC="3.31" NOx="12.88" PMx="0.69" fuel="11.94" electricity="0.00" noise="118.84" route="routetop" type="cfm-fast" waiting="0.00" lane="top_0" pos="45.45" speed="7.23" angle="192.77" x="-4.23" y="73.51"/>
        <vehicle id="cfm-fast_4" eclass="HBEFA3/PC_G_EU4" CO2="27786.69" CO="576.89" HC="3.31" NOx="12.88" PMx="0.69" fuel="11.94" electricity="0.00" noise="118.84" route="routeleft" type="cfm-fast" waiting="0.00" lane="left_0" pos="11.28" speed="7.23" angle="164.08" x="-0.66" y="39.80"/>
        <vehicle id="cfm-fast_5" eclass="HBEFA3/PC_G_EU4" CO2="27786.69" CO="576.89" HC="3.31" NOx="12.88" PMx="0.69" fuel="11.94" electricity="0.00" noise="118.84" route="routeleft" type="cfm-fast" waiting="0.00" lane="left_0" pos="27.12" speed="7.23" angle="135.71" x="18.48" y="12.04"/>
        <vehicle id="cfm-slow_0" eclass="HBEFA3/PC_G_EU4" CO2="25526.22" CO="531.02" HC="3.05" NOx="11.82" PMx="0.63" fuel="10.97" electricity="0.00" noise="113.97" route="routebottom" type="cfm-slow" waiting="0.00" lane="bottom_0" pos="2.95" speed="7.17" angle="89.20" x="70.10" y="-4.64"/>
        <vehicle id="cfm-slow_1" eclass="HBEFA3/PC_G_EU4" CO2="25526.22" CO="531.02" HC="3.05" NOx="11.82" PMx="0.63" fuel="10.97" electricity="0.00" noise="113.97" route="routebottom" type="cfm-slow" waiting="0.00" lane="bottom_0" pos="18.78" speed="7.17" angle="60.64" x="101.85" y="6.68"/>
        <vehicle id="cfm-slow_2" eclass="HBEFA3/PC_G_EU4" CO2="25526.22" CO="531.02" HC="3.05" NOx="11.82" PMx="0.63" fuel="10.97" electricity="0.00" noise="113.97" route="routebottom" type="cfm-slow" waiting="0.00" lane="bottom_0" pos="34.62" speed="7.17" angle="32.26" x="124.40" y="31.75"/>
        <vehicle id="cfm-slow_3" eclass="HBEFA3/PC_G_EU4" CO2="25526.25" CO="531.02" HC="3.05" NOx="11.82" PMx="0.63" fuel="10.97" electricity="0.00" noise="113.97" route="routebottom" type="cfm-slow" waiting="0.00" lane="right_0" pos="0.45" speed="7.17" angle="3.65" x="132.25" y="64.73"/>
        <vehicle id="cfm-slow_4" eclass="HBEFA3/PC_G_EU4" CO2="25528.02" CO="531.06" HC="3.05" NOx="11.82" PMx="0.63" fuel="10.97" electricity="0.00" noise="113.97" route="routeright" type="cfm-slow" waiting="0.00" lane="right_0" pos="16.28" speed="7.17" angle="335.14" x="123.46" y="97.27"/>
        <vehicle id="cfm-slow_5" eclass="HBEFA3/PC_G_EU4" CO2="25608.39" CO="532.70" HC="3.06" NOx="11.86" PMx="0.63" fuel="11.01" electricity="0.00" noise="114.15" route="routeright" type="cfm-slow" waiting="0.00" lane="right_0" pos="32.12" speed="7.17" angle="306.78" x="100.24" y="121.72"/>
    </timestep>
    <timestep time="0.54">
        <vehicle id="cfm-fast_0" eclass="HBEFA3/PC_G_EU4" CO2="28269.32" CO="585.25" HC="3.36" NOx="13.11" PMx="0.70" fuel="12.15" electricity="0.00" noise="118.89" route="routeright" type="cfm-fast" waiting="0.00" lane="right_0" pos="48.02" speed="7.36" angle="278.14" x="68.01" y="132.13"/>
        <vehicle id="cfm-fast_1" eclass="HBEFA3/PC_G_EU4" CO2="28269.32" CO="585.25" HC="3.36" NOx="13.11" PMx="0.70" fuel="12.15" electricity="0.00" noise="118.89" route="routetop" type="cfm-fast" waiting="0.00" lane="top_0" pos="13.86" speed="7.36" angle="249.52" x="34.69" y="125.86"/>
        <vehicle id="cfm-fast_2" eclass="HBEFA3/PC_G_EU4" CO2="28269.32" CO="585.25" HC="3.36" NOx="13.11" PMx="0.70" fuel="12.15" electricity="0.00" noise="118.89" route="routetop" type="cfm-fast" waiting="0.00" lane="top_0" pos="29.69" speed="7.36" angle="221.09" x="8.57" y="104.54"/>
        <vehicle id="cfm-fast_3" eclass="HBEFA3/PC_G_EU4" CO2="28269.32" CO="585.25" HC="3.36" NOx="13.11" PMx="0.70" fuel="12.15" electricity="0.00" noise="118.89" route="routetop" type="cfm-fast" waiting="0.00" lane="top_0" pos="45.52" speed="7.36" angle="192.64" x="-4.25" y="73.36"/>
        <vehicle id="cfm-fast_4" eclass="HBEFA3/PC_G_EU4" CO2="28269.32" CO="585.25" HC="3.36" NOx="13.11" PMx="0.70" fuel="12.15" electricity="0.00" noise="118.89" route="routeleft" type="cfm-fast" waiting="0.00" lane="left_0" pos="11.36" speed="7.36" angle="163.94" x="-0.60" y="39.65"/>
        <vehicle id="cfm-fast_5" eclass="HBEFA3/PC_G_EU4" CO2="28269.32" CO="585.25" HC="3.36" NOx="13.11" PMx="0.70" fuel="12.15" electricity="0.00" noise="118.89" route="routeleft" type="cfm-fast" waiting="0.00" lane="left_0" pos="27.19" speed="7.36" angle="135.58" x="18.60" y="11.94"/>
        <vehicle id="cfm-slow_0" eclass="HBEFA3/PC_G_EU4" CO2="25713.39" CO="533.43" HC="3.06" NOx="11.90" PMx="0.64" fuel="11.05" electricity="0.00" noise="113.52" route="routebottom" type="cfm-slow" waiting="0.00" lane="bottom_0" pos="3.02" speed="7.29" angle="89.07" x="70.25" y="-4.62"/>
        <vehicle id="cfm-slow_1" eclass="HBEFA3/PC_G_EU4" CO2="25713.39" CO="533.43" HC="3.06" NOx="11.90" PMx="0.64" fuel="11.05" electricity="0.00" noise="113.52" route="routebottom" type="cfm-slow" waiting="0.00" lane="bottom_0" pos="18.86" speed="7.29" angle="60.50" x="101.98" y="6.76"/>
        <vehicle id="cfm-slow_2" eclass="HBEFA3/PC_G_EU4" CO2="25713.39" CO="533.43" HC="3.06" NOx="11.90" PMx="0.64" fuel="11.05" electricity="0.00" noise="113.52" route="routebottom" type="cfm-slow" waiting="0.00" lane="bottom_0" pos="34.69" speed="7.29" angle="32.13" x="124.47" y="31.89"/>
        <vehicle id="cfm-slow_3" eclass="HBEFA3/PC_G_EU4" CO2="25713.43" CO="533.43" HC="3.06" NOx="11.90" PMx="0.64" fuel="11.05" electricity="0.00" noise="113.52" route="routebottom" type="cfm-slow" waiting="0.00" lane="right_0" pos="0.52" speed="7.29" angle="3.52" x="132.25" y="64.88"/>
        <vehicle id="cfm-slow_4" eclass="HBEFA3/PC_G_EU4" CO2="25715.97" CO="533.48" HC="3.06" NOx="11.90" PMx="0.64" fuel="11.05" electricity="0.00" noise="113.52" route="routeright" type="cfm-slow" waiting="0.00" lane="right_0" pos="16.36" speed="7.29" angle="335.00" x="123.39" y="97.41"/>
        <vehicle id="cfm-slow_5" eclass="HBEFA3/PC_G_EU4" CO2="25817.08" CO="535.54" HC="3.07" NOx="11.95" PMx="0.64" fuel="11.10" electricity="0.00" noise="113.74" route="routeright" type="cfm-slow" waiting="0.00" lane="right_0" pos="32.19" speed="7.30" angle="306.64" x="100.11" y="121.80"/>
    </timestep>
    <timestep time="0.55">
        <vehicle id="cfm-fast_0" eclass="HBEFA3/PC_G_EU4" CO2="28752.25" CO="593.63" HC="3.41" NOx="13.33" PMx="0.71" fuel="12.36" electricity="0.00" noise="118.95" route="routeright" type="cfm-fast" waiting="0.00" lane="right_0" pos="48.10" speed="7.50" angle="278.00" x="67.84" y="132.14"/>
        <vehicle id="cfm-fast_1" eclass="HBEFA3/PC_G_EU4" CO2="28752.25" CO="593.63" HC="3.41" NOx="13.33" PMx="0.71" fuel="12.36" electricity="0.00" noise="118.95" route="routetop" type="cfm-fast" waiting="0.00" lane="top_0" pos="13.93" speed="7.50" angle="249.38" x="34.54" y="125.79"/>
        <vehicle id="cfm-fast_2" eclass="HBEFA3/PC_G_EU4" CO2="28752.25" CO="593.63" HC="3.41" NOx="13.33" PMx="0.71" fuel="12.36" electricity="0.00" noise="118.95" route="routetop" type="cfm-fast" waiting="0.00" lane="top_0" pos="29.77" speed="7.50" angle="220.95" x="8.47" y="104.41"/>
        <vehicle id="cfm-fast_3" eclass="HBEFA3/PC_G_EU4" CO2="28752.25" CO="593.63" HC="3.41" NOx="13.33" PMx="0.71" fuel="12.36" electricity="0.00" noise="118.95" route="routetop" type="cfm-fast" waiting="0.00" lane="top_0" pos="45.60" speed="7.50" angle="192.50" x="-4.27" y="73.20"/>
        <vehicle id="cfm-fast_4" eclass="HBEFA3/PC_G_EU4" CO2="28752.25" CO="593.63" HC="3.41" NOx="13.33" PMx="0.71" fuel="12.36" electricity="0.00" noise="118.95" route="routeleft" type="cfm-fast" waiting="0.00" lane="left_0" pos="11.43" speed="7.50" angle="163.83" x="-0.55" y="39.50"/>
        <vehicle id="cfm-fast_5" eclass="HBEFA3/PC_G_EU4" CO2="28752.25" CO="593.63" HC="3.41" NOx="13.33" PMx="0.71" fuel="12.36" electricity="0.00" noise="118.95" route="routeleft" type="cfm-fast" waiting="0.00" lane="left_0" pos="27.27" speed="7.50" angle="135.44" x="18.72" y="11.83"/>
        <vehicle id="cfm-slow_0" eclass="HBEFA3/PC_G_EU4" CO2="25891.81" CO="535.68" HC="3.08" NOx="11.98" PMx="0.64" fuel="11.13" electricity="0.00" noise="113.07" route="routebottom" type="cfm-slow" waiting="0.00" lane="bottom_0" pos="3.10" speed="7.42" angle="88.94" x="70.41" y="-4.60"/>
        <vehicle id="cfm-slow_1" eclass="HBEFA3/PC_G_EU4" CO2="25891.81" CO="535.68" HC="3.08" NOx="11.98" PMx="0.64" fuel="11.13" electricity="0.00" noise="113.07" route="routebottom" type="cfm-slow" waiting="0.00" lane="bottom_0" pos="18.93" speed="7.42" angle="60.36" x="102.12" y="6.85"/>
        <vehicle id="cfm-slow_2" eclass="HBEFA3/PC_G_EU4" CO2="25891.81" CO="535.68" HC="3.08" NOx="11.98" PMx="0.64" fuel="11.13" electricity="0.00" noise="113.07" route="routebottom" type="cfm-slow" waiting="0.00" lane="bottom_0" pos="34.76" speed="7.42" angle="32.00" x="124.54" y="32.03"/>
        <vehicle id="cfm-slow_3" eclass="HBEFA3/PC_G_EU4" CO2="25891.88" CO="535.69" HC="3.08" NOx="11.98" PMx="0.64" fuel="11.13" electricity="0.00" noise="113.07" route="routebottom" type="cfm-slow" waiting="0.00" lane="right_0" pos="0.60" speed="7.42" angle="3.39" x="132.25" y="65.04"/>
        <vehicle id="cfm-slow_4" eclass="HBEFA3/PC_G_EU4" CO2="25895.38" CO="535.76" HC="3.08" NOx="11.98" PMx="0.64" fuel="11.13" electricity="0.00" noise="113.08" route="routeright" type="cfm-slow" waiting="0.00" lane="right_0" pos="16.43" speed="7.42" angle="334.87" x="123.31" y="97.55"/>
        <vehicle id="cfm-slow_5" eclass="HBEFA3/PC_G_EU4" CO2="26019.84" CO="538.29" HC="3.09" NOx="12.04" PMx="0.64" fuel="11.18" electricity="0.00" noise="113.35" route="routeright" type="cfm-slow" waiting="0.00" lane="right_0" pos="32.26" speed="7.42" angle="306.50" x="99.97" y="121.88"/>
    </timestep>
    <timestep time="0.56">
        <vehicle id="cfm-fast_0" eclass="HBEFA3/PC_G_EU4" CO2="29235.47" CO="602.03" HC="3.46" NOx="13.56" PMx="0.73" fuel="12.57" electricity="0.00" noise="119.01" route="routeright" type="cfm-fast" waiting="0.00" lane="right_0" pos="48.18" speed="7.64" angle="277.86" x="67.68" y="132.15"/>
        <vehicle id="cfm-fast_1" eclass="HBEFA3/PC_G_EU4" CO2="29235.47" CO="602.03" HC="3.46" NOx="13.56" PMx="0.73" fuel="12.57" electricity="0.00" noise="119.01" route="routetop" type="cfm-fast" waiting="0.00" lane="top_0" pos="14.01" speed="7.64" angle="249.27" x="34.39" y="125.72"/>
        <vehicle id="cfm-fast_2" eclass="HBEFA3/PC_G_EU4" CO2="29235.47" CO="602.03" HC="3.46" NOx="13.56" PMx="0.73" fuel="12.57" electricity="0.00" noise="119.01" route="routetop" type="cfm-fast" waiting="0.00" lane="top_0" pos="29.84" speed="7.64" angle="220.81" x="8.38" y="104.28"/>
        <vehicle id="cfm-fast_3" eclass="HBEFA3/PC_G_EU4" CO2="29235.47" CO="602.03" HC="3.46" NOx="13.56" PMx="0.73" fuel="12.57" electricity="0.00" noise="119.01" route="routetop" type="cfm-fast" waiting="0.00" lane="top_0" pos="45.68" speed="7.64" angle="192.36" x="-4.30" y="73.03"/>
        <vehicle id="cfm-fast_4" eclass="HBEFA3/PC_G_EU4" CO2="29235.47" CO="602.03" HC="3.46" NOx="13.56" PMx="0.73" fuel="12.57" electricity="0.00" noise="119.01" route="routeleft" type="cfm-fast" waiting="0.00" lane="left_0" pos="11.51" speed="7.64" angle="163.73" x="-0.49" y="39.34"/>
        <vehicle id="cfm-fast_5" eclass="HBEFA3/PC_G_EU4" CO2="29235.47" CO="602.03" HC="3.46" NOx="13.56" PMx="0.73" fuel="12.57" electricity="0.00" noise="119.01" route="routeleft" type="cfm-fast" waiting="0.00" lane="left_0" pos="27.34" speed="7.64" angle="135.29" x="18.85" y="11.73"/>
        <vehicle id="cfm-slow_0" eclass="HBEFA3/PC_G_EU4" CO2="26061.70" CO="537.79" HC="3.09" NOx="12.06" PMx="0.64" fuel="11.20" electricity="0.00" noise="112.63" route="routebottom" type="cfm-slow" waiting="0.00" lane="bottom_0" pos="3.17" speed="7.54" angle="88.81" x="70.57" y="-4.59"/>
        <vehicle id="cfm-slow_1" eclass="HBEFA3/PC_G_EU4" CO2="26061.70" CO="537.79" HC="3.09" NOx="12.06" PMx="0.64" fuel="11.20" electricity="0.00" noise="112.63" route="routebottom" type="cfm-slow" waiting="0.00" lane="bottom_0" pos="19.01" speed="7.54" angle="60.22" x="102.25" y="6.94"/>
        <vehicle id="cfm-slow_2" eclass="HBEFA3/PC_G_EU4" CO2="26061.70" CO="537.79" HC="3.09" NOx="12.06" PMx="0.64" fuel="11.20" electricity="0.00" noise="112.63" route="routebottom" type="cfm-slow" waiting="0.00" lane="bottom_0" pos="34.84" speed="7.54" angle="31.86" x="124.61" y="32.18"/>
        <vehicle id="cfm-slow_3" eclass="HBEFA3/PC_G_EU4" CO2="26061.80" CO="537.79" HC="3.09" NOx="12.06" PMx="0.64" fuel="11.20" electricity="0.00" noise="112.63" route="routebottom" type="cfm-slow" waiting="0.00" lane="right_0" pos="0.67" speed="7.54" angle="3.25" x="132.24" y="65.20"/>
        <vehicle id="cfm-slow_4" eclass="HBEFA3/PC_G_EU4" CO2="26066.49" CO="537.89" HC="3.09" NOx="12.06" PMx="0.64" fuel="11.20" electricity="0.00" noise="112.64" route="routeright" type="cfm-slow" waiting="0.00" lane="right_0" pos="16.51" speed="7.54" angle="334.73" x="123.23" y="97.69"/>
        <vehicle id="cfm-slow_5" eclass="HBEFA3/PC_G_EU4" CO2="26216.93" CO="540.95" HC="3.11" NOx="12.13" PMx="0.65" fuel="11.27" electricity="0.00" noise="112.96" route="routeright" type="cfm-slow" waiting="0.00" lane="right_0" pos="32.34" speed="7.54" angle="306.36" x="99.83" y="121.96"/>
    </timestep>
    <timestep time="0.57">
        <vehicle id="cfm-fast_0" eclass="HBEFA3/PC_G_EU4" CO2="29718.98" CO="610.45" HC="3.51" NOx="13.78" PMx="0.74" fuel="12.77" electricity="0.00" noise="119.07" route="routeright" type="cfm-fast" waiting="0.00" lane="right_0" pos="48.25" speed="7.77" angle="277.72" x="67.51" y="132.16"/>
        <vehicle id="cfm-fast_1" eclass="HBEFA3/PC_G_EU4" CO2="29718.98" CO="610.45" HC="3.51" NOx="13.78" PMx="0.74" fuel="12.77" electricity="0.00" noise="119.07" route="routetop" type="cfm-fast" waiting="0.00" lane="top_0" pos="14.09" speed="7.77" angle="249.16" x="34.24" y="125.66"/>
        <vehicle id="cfm-fast_2" eclass="HBEFA3/PC_G_EU4" CO2="29718.98" CO="610.45" HC="3.51" NOx="13.78" PMx="0.74" fuel="12.77" electricity="0.00" noise="119.07" route="routetop" type="cfm-fast" waiting="0.00" lane="top_0" pos="29.92" speed="7.77" angle="220.67" x="8.28" y="104.14"/>
        <vehicle id="cfm-fast_3" eclass="HBEFA3/PC_G_EU4" CO2="29718.98" CO="610.45" HC="3.51" NOx="13.78" PMx="0.74" fuel="12.77" electricity="0.00" noise="119.07" route="routetop" type="cfm-fast" waiting="0.00" lane="top_0" pos="45.75" speed="7.77" angle="192.22" x="-4.32" y="72.87"/>
        <vehicle id="cfm-fast_4" eclass="HBEFA3/PC_G_EU4" CO2="29718.98" CO="610.45" HC="3.51" NOx="13.78" PMx="0.74" fuel="12.77" electricity="0.00" noise="119.07" route="routeleft" type="cfm-fast" waiting="0.00" lane="left_0" pos="11.59" speed="7.77" angle="163.60" x="-0.43" y="39.19"/>
        <vehicle id="cfm-fast_5" eclass="HBEFA3/PC_G_EU4" CO2="29718.98" CO="610.45" HC="3.51" NOx="13.78" PMx="0.74" fuel="12.77" electricity="0.00" noise="119.07" route="routeleft" type="cfm-fast" waiting="0.00" lane="left_0" pos="27.42" speed="7.77" angle="135.15" x="18.98" y="11.62"/>
        <vehicle id="cfm-slow_0" eclass="HBEFA3/PC_G_EU4" CO2="26223.26" CO="539.75" HC="3.10" NOx="12.13" PMx="0.65" fuel="11.27" electricity="0.00" noise="112.20" route="routebottom" type="cfm-slow" waiting="0.00" lane="bottom_0" pos="3.25" speed="7.66" angle="88.67" x="70.74" y="-4.57"/>
        <vehicle id="cfm-slow_1" eclass="HBEFA3/PC_G_EU4" CO2="26223.26" CO="539.75" HC="3.10" NOx="12.13" PMx="0.65" fuel="11.27" electricity="0.00" noise="112.20" route="routebottom" type="cfm-slow" waiting="0.00" lane="bottom_0" pos="19.08" speed="7.66" angle="60.08" x="102.39" y="7.03"/>
        <vehicle id="cfm-slow_2" eclass="HBEFA3/PC_G_EU4" CO2="26223.26" CO="539.75" HC="3.10" NOx="12.13" PMx="0.65" fuel="11.27" electricity="0.00" noise="112.20" route="routebottom" type="cfm-slow" waiting="0.00" lane="bottom_0" pos="34.91" speed="7.66" angle="31.72" x="124.69" y="32.32"/>
        <vehicle id="cfm-slow_3" eclass="HBEFA3/PC_G_EU4" CO2="26223.41" CO="539.75" HC="3.10" NOx="12.13" PMx="0.65" fuel="11.27" electricity="0.00" noise="112.20" route="routebottom" type="cfm-slow" waiting="0.00" lane="right_0" pos="0.75" speed="7.66" angle="3.11" x="132.24" y="65.37"/>
        <vehicle id="cfm-slow_4" eclass="HBEFA3/PC_G_EU4" CO2="26229.52" CO="539.87" HC="3.10" NOx="12.14" PMx="0.65" fuel="11.27" electricity="0.00" noise="112.21" route="routeright" type="cfm-slow" waiting="0.00" lane="right_0" pos="16.58" speed="7.66" angle="334.62" x="123.15" y="97.83"/>
        <vehicle id="cfm-slow_5" eclass="HBEFA3/PC_G_EU4" CO2="26408.62" CO="543.52" HC="3.12" NOx="12.22" PMx="0.65" fuel="11.35" electricity="0.00" noise="112.58" route="routeright" type="cfm-slow" waiting="0.00" lane="right_0" pos="32.42" speed="7.66" angle="306.21" x="99.69" y="122.05"/>
    </timestep>
    <timestep time="0.58">
        <vehicle id="cfm-fast_0" eclass="HBEFA3/PC_G_EU4" CO2="30202.79" CO="618.90" HC="3.56" NOx="14.00" PMx="0.75" fuel="12.98" electricity="0.00" noise="119.13" route="routeright" type="cfm-fast" waiting="0.00" lane="right_0" pos="48.33" speed="7.91" angle="277.57" x="67.34" y="132.17"/>
        <vehicle id="cfm-fast_1" eclass="HBEFA3/PC_G_EU4" CO2="30202.79" CO="618.90" HC="3.56" NOx="14.00" PMx="0.75" fuel="12.98" electricity="0.00" noise="119.13" route="routetop" type="cfm-fast" waiting="0.00" lane="top_0" pos="14.17" speed="7.91" angle="249.01" x="34.09" y="125.58"/>
        <vehicle id="cfm-fast_2" eclass="HBEFA3/PC_G_EU4" CO2="30202.79" CO="618.90" HC="3.56" NOx="14.00" PMx="0.75" fuel="12.98" electricity="0.00" noise="119.13" route="routetop" type="cfm-fast" waiting="0.00" lane="top_0" pos="30.00" speed="7.91" angle="220.52" x="8.18" y="104.00"/>
        <vehicle id="cfm-fast_3" eclass="HBEFA3/PC_G_EU4" CO2="30202.79" CO="618.90" HC="3.56" NOx="14.00" PMx="0.75" fuel="12.98" electricity="0.00" noise="119.13" route="routetop" type="cfm-fast" waiting="0.00" lane="top_0" pos="45.83" speed="7.91" angle="192.07" x="-4.34" y="72.70"/>
        <vehicle id="cfm-fast_4" eclass="HBEFA3/PC_G_EU4" CO2="30202.79" CO="618.90" HC="3.56" NOx="14.00" PMx="0.75" fuel="12.98" electricity="0.00" noise="119.13" route="routeleft" type="cfm-fast" waiting="0.00" lane="left_0" pos="11.67" speed="7.91" angle="163.46" x="-0.37" y="39.03"/>
        <vehicle id="cfm-fast_5" eclass="HBEFA3/PC_G_EU4" CO2="30202.79" CO="618.90" HC="3.56" NOx="14.00" PMx="0.75" fuel="12.98" electricity="0.00" noise="119.13" route="routeleft" type="cfm-fast" waiting="0.00" lane="left_0" pos="27.50" speed="7.91" angle="135.00" x="19.11" y="11.51"/>
        <vehicle id="cfm-slow_0" eclass="HBEFA3/PC_G_EU4" CO2="26376.69" CO="541.56" HC="3.11" NOx="12.20" PMx="0.65" fuel="11.34" electricity="0.00" noise="111.76" route="routebottom" type="cfm-slow" waiting="0.00" lane="bottom_0" pos="3.33" speed="7.78" angle="88.53" x="70.90" y="-4.55"/>
        <vehicle id="cfm-slow_1" eclass="HBEFA3/PC_G_EU4" CO2="26376.69" CO="541.56" HC="3.11" NOx="12.20" PMx="0.65" fuel="11.34" electricity="0.00" noise="111.76" route="routebottom" type="cfm-slow" waiting="0.00" lane="bottom_0" pos="19.16" speed="7.78" angle="59.97" x="102.53" y="7.13"/>
        <vehicle id="cfm-slow_2" eclass="HBEFA3/PC_G_EU4" CO2="26376.69" CO="541.56" HC="3.11" NOx="12.20" PMx="0.65" fuel="11.34" electricity="0.00" noise="111.76" route="routebottom" type="cfm-slow" waiting="0.00" lane="bottom_0" pos="34.99" speed="7.78" angle="31.58" x="124.76" y="32.47"/>
        <vehicle id="cfm-slow_3" eclass="HBEFA3/PC_G_EU4" CO2="26376.89" CO="541.56" HC="3.11" NOx="12.20" PMx="0.65" fuel="11.34" electricity="0.00" noise="111.77" route="routebottom" type="cfm-slow" waiting="0.00" lane="right_0" pos="0.83" speed="7.78" angle="2.97" x="132.24" y="65.54"/>
        <vehicle id="cfm-slow_4" eclass="HBEFA3/PC_G_EU4" CO2="26384.71" CO="541.72" HC="3.12" NOx="12.21" PMx="0.65" fuel="11.34" electricity="0.00" noise="111.78" route="routeright" type="cfm-slow" waiting="0.00" lane="right_0" pos="16.66" speed="7.78" angle="334.50" x="123.07" y="97.98"/>
        <vehicle id="cfm-slow_5" eclass="HBEFA3/PC_G_EU4" CO2="26595.19" CO="546.00" HC="3.14" NOx="12.31" PMx="0.66" fuel="11.43" electricity="0.00" noise="112.21" route="routeright" type="cfm-slow" waiting="0.00" lane="right_0" pos="32.49" speed="7.79" angle="306.07" x="99.55" y="122.13"/>
    </timestep>
    <timestep time="0.59">
        <vehicle id="cfm-fast_0" eclass="HBEFA3/PC_G_EU4" CO2="30686.88" CO="627.36" HC="3.61" NOx="14.23" PMx="0.76" fuel="13.19" electricity="0.00" noise="119.19" route="routeright" type="cfm-fast" waiting="0.00" lane="right_0" pos="48.41" speed="8.05" angle="277.42" x="67.17" y="132.18"/>
        <vehicle id="cfm-fast_1" eclass="HBEFA3/PC_G_EU4" CO2="30686.88" CO="627.36" HC="3.61" NOx="14.23" PMx="0.76" fuel="13.19" electricity="0.00" noise="119.19" route="routetop" type="cfm-fast" waiting="0.00" lane="top_0" pos="14.25" speed="8.05" angle="248.86" x="33.93" y="125.50"/>
        <vehicle id="cfm-fast_2" eclass="HBEFA3/PC_G_EU4" CO2="30686.88" CO="627.36" HC="3.61" NOx="14.23" PMx="0.76" fuel="13.19" electricity="0.00" noise="119.19" route="routetop" type="cfm-fast" waiting="0.00" lane="top_0" pos="30.08" speed="8.05" angle="220.37" x="8.08" y="103.86"/>
        <vehicle id="cfm-fast_3" eclass="HBEFA3/PC_G_EU4" CO2="30686.88" CO="627.36" HC="3.61" NOx="14.23" PMx="0.76" fuel="13.19" electricity="0.00" noise="119.19" route="routetop" type="cfm-fast" waiting="0.00" lane="top_0" pos="45.91" speed="8.05" angle="191.92" x="-4.37" y="72.53"/>
        <vehicle id="cfm-fast_4" eclass="HBEFA3/PC_G_EU4" CO2="30686.88" CO="627.36" HC="3.61" NOx="14.23" PMx="0.76" fuel="13.19" electricity="0.00" noise="119.19" route="routeleft" type="cfm-fast" waiting="0.00" lane="left_0" pos="11.75" speed="8.05" angle="163.31" x="-0.31" y="38.87"/>
        <vehicle id="cfm-fast_5" eclass="HBEFA3/PC_G_EU4" CO2="30686.88" CO="627.36" HC="3.61" NOx="14.23" PMx="0.76" fuel="13.19" electricity="0.00" noise="119.19" route="routeleft" type="cfm-fast" waiting="0.00" lane="left_0" pos="27.58" speed="8.05" angle="134.85" x="19.24" y="11.40"/>
        <vehicle id="cfm-slow_0" eclass="HBEFA3/PC_G_EU4" CO2="26522.17" CO="543.24" HC="3.13" NOx="12.27" PMx="0.66" fuel="11.40" electricity="0.00" noise="111.34" route="routebottom" type="cfm-slow" waiting="0.00" lane="bottom_0" pos="3.41" speed="7.90" angle="88.39" x="71.07" y="-4.54"/>
        <vehicle id="cfm-slow_1" eclass="HBEFA3/PC_G_EU4" CO2="26522.17" CO="543.24" HC="3.13" NOx="12.27" PMx="0.66" fuel="11.40" electricity="0.00" noise="111.34" route="routebottom" type="cfm-slow" waiting="0.00" lane="bottom_0" pos="19.24" speed="7.90" angle="59.85" x="102.67" y="7.22"/>
        <vehicle id="cfm-slow_2" eclass="HBEFA3/PC_G_EU4" CO2="26522.18" CO="543.24" HC="3.13" NOx="12.27" PMx="0.66" fuel="11.40" electricity="0.00" noise="111.34" route="routebottom" type="cfm-slow" waiting="0.00" lane="bottom_0" pos="35.07" speed="7.90" angle="31.44" x="124.84" y="32.62"/>
        <vehicle id="cfm-slow_3" eclass="HBEFA3/PC_G_EU4" CO2="26522.46" CO="543.24" HC="3.13" NOx="12.27" PMx="0.66" fuel="11.40" electricity="0.00" noise="111.34" route="routebottom" type="cfm-slow" waiting="0.00" lane="right_0" pos="0.91" speed="7.90" angle="2.83" x="132.23" y="65.71"/>
        <vehicle id="cfm-slow_4" eclass="HBEFA3/PC_G_EU4" CO2="26532.27" CO="543.44" HC="3.13" NOx="12.27" PMx="0.66" fuel="11.40" electricity="0.00" noise="111.36" route="routeright" type="cfm-slow" waiting="0.00" lane="right_0" pos="16.74" speed="7.90" angle="334.36" x="122.98" y="98.13"/>
        <vehicle id="cfm-slow_5" eclass="HBEFA3/PC_G_EU4" CO2="26776.87" CO="548.41" HC="3.16" NOx="12.39" PMx="0.66" fuel="11.51" electricity="0.00" noise="111.84" route="routeright" type="cfm-slow" waiting="0.00" lane="right_0" pos="32.57" speed="7.91" angle="305.92" x="99.40" y="122.22"/>
    </timestep>
    <timestep time="0.60">
        <vehicle id="cfm-fast_0" eclass="HBEFA3/PC_G_EU4" CO2="31171.27" CO="635.85" HC="3.66" NOx="14.45" PMx="0.78" fuel="13.40" electricity="0.00" noise="119.25" route="routeright" type="cfm-fast" waiting="0.00" lane="right_0" pos="48.50" speed="8.18" angle="277.26" x="67.00" y="132.19"/>
        <vehicle id="cfm-fast_1" eclass="HBEFA3/PC_G_EU4" CO2="31171.27" CO="635.85" HC="3.66" NOx="14.45" PMx="0.78" fuel="13.40" electricity="0.00" noise="119.25" route="routetop" type="cfm-fast" waiting="0.00" lane="top_0" pos="14.33" speed="8.18" angle="248.70" x="33.78" y="125.42"/>
        <vehicle id="cfm-fast_2" eclass="HBEFA3/PC_G_EU4" CO2="31171.27" CO="635.85" HC="3.66" NOx="14.45" PMx="0.78" fuel="13.40" electricity="0.00" noise="119.25" route="routetop" type="cfm-fast" waiting="0.00" lane="top_0" pos="30.16" speed="8.18" angle="220.22" x="7.97" y="103.72"/>
        <vehicle id="cfm-fast_3" eclass="HBEFA3/PC_G_EU4" CO2="31171.27" CO="635.85" HC="3.66" NOx="14.45" PMx="0.78" fuel="13.40" electricity="0.00" noise="119.25" route="routetop" type="cfm-fast" waiting="0.00" lane="top_0" pos="46.00" speed="8.18" angle="191.77" x="-4.39" y="72.35"/>
        <vehicle id="cfm-fast_4" eclass="HBEFA3/PC_G_EU4" CO2="31171.27" CO="635.85" HC="3.66" NOx="14.45" PMx="0.78" fuel="13.40" electricity="0.00" noise="119.25" route="routeleft" type="cfm-fast" waiting="0.00" lane="left_0" pos="11.83" speed="8.18" angle="163.17" x="-0.24" y="38.71"/>
        <vehicle id="cfm-fast_5" eclass="HBEFA3/PC_G_EU4" CO2="31171.27" CO="635.85" HC="3.66" NOx="14.45" PMx="0.78" fuel="13.40" electricity="0.00" noise="119.25" route="routeleft" type="cfm-fast" waiting="0.00" lane="left_0" pos="27.66" speed="8.18" angle="134.70" x="19.37" y="11.28"/>
        <vehicle id="cfm-slow_0" eclass="HBEFA3/PC_G_EU4" CO2="26659.91" CO="544.77" HC="3.14" NOx="12.33" PMx="0.66" fuel="11.46" electricity="0.00" noise="110.91" route="routebottom" type="cfm-slow" waiting="0.00" lane="bottom_0" pos="3.49" speed="8.02" angle="88.24" x="71.24" y="-4.52"/>
        <vehicle id="cfm-slow_1" eclass="HBEFA3/PC_G_EU4" CO2="26659.91" CO="544.77" HC="3.14" NOx="12.33" PMx="0.66" fuel="11.46" electricity="0.00" noise="110.91" route="routebottom" type="cfm-slow" waiting="0.00" lane="bottom_0" pos="19.32" speed="8.02" angle="59.70" x="102.81" y="7.32"/>
        <vehicle id="cfm-slow_2" eclass="HBEFA3/PC_G_EU4" CO2="26659.92" CO="544.77" HC="3.14" NOx="12.33" PMx="0.66" fuel="11.46" electricity="0.00" noise="110.91" route="routebottom" type="cfm-slow" waiting="0.00" lane="bottom_0" pos="35.15" speed="8.02" angle="31.29" x="124.92" y="32.78"/>
        <vehicle id="cfm-slow_3" eclass="HBEFA3/PC_G_EU4" CO2="26660.29" CO="544.78" HC="3.14" NOx="12.33" PMx="0.66" fuel="11.46" electricity="0.00" noise="110.91" route="routebottom" type="cfm-slow" waiting="0.00" lane="right_0" pos="0.99" speed="8.02" angle="2.68" x="132.23" y="65.88"/>
        <vehicle id="cfm-slow_4" eclass="HBEFA3/PC_G_EU4" CO2="26672.43" CO="545.03" HC="3.14" NOx="12.34" PMx="0.66" fuel="11.47" electricity="0.00" noise="110.94" route="routeright" type="cfm-slow" waiting="0.00" lane="right_0" pos="16.82" speed="8.02" angle="334.22" x="122.89" y="98.27"/>
        <vehicle id="cfm-slow_5" eclass="HBEFA3/PC_G_EU4" CO2="26953.93" CO="550.74" HC="3.17" NOx="12.47" PMx="0.67" fuel="11.59" electricity="0.00" noise="111.49" route="routeright" type="cfm-slow" waiting="0.00" lane="right_0" pos="32.65" speed="8.02" angle="305.76" x="99.25" y="122.31"/>
    </timestep>
    <timestep time="0.61">
        <vehicle id="cfm-fast_0" eclass="HBEFA3/PC_G_EU4" CO2="31655.95" CO="644.36" HC="3.71" NOx="14.68" PMx="0.79" fuel="13.61" electricity="0.00" noise="119.30" route="routeright" type="cfm-fast" waiting="0.00" lane="right_0" pos="48.58" speed="8.32" angle="277.11" x="66.82" y="132.20"/>
        <vehicle id="cfm-fast_1" eclass="HBEFA3/PC_G_EU4" CO2="31655.95" CO="644.36" HC="3.71" NOx="14.68" PMx="0.79" fuel="13.61" electricity="0.00" noise="119.30" route="routetop" type="cfm-fast" waiting="0.00" lane="top_0" pos="14.41" speed="8.32" angle="248.54" x="33.62" y="125.34"/>
        <vehicle id="cfm-fast_2" eclass="HBEFA3/PC_G_EU4" CO2="31655.95" CO="644.36" HC="3.71" NOx="14.68" PMx="0.79" fuel="13.61" electricity="0.00" noise="119.30" route="routetop" type="cfm-fast" waiting="0.00" lane="top_0" pos="30.25" speed="8.32" angle="220.06" x="7.87" y="103.57"/>
        <vehicle id="cfm-fast_3" eclass="HBEFA3/PC_G_EU4" CO2="31655.95" CO="644.36" HC="3.71" NOx="14.68" PMx="0.79" fuel="13.61" electricity="0.00" noise="119.30" route="routetop" type="cfm-fast" waiting="0.00" lane="top_0" pos="46.08" speed="8.32" angle="191.63" x="-4.42" y="72.18"/>
        <vehicle id="cfm-fast_4" eclass="HBEFA3/PC_G_EU4" CO2="31655.95" CO="644.36" HC="3.71" NOx="14.68" PMx="0.79" fuel="13.61" electricity="0.00" noise="119.30" route="routeleft" type="cfm-fast" waiting="0.00" lane="left_0" pos="11.91" speed="8.32" angle="163.02" x="-0.17" y="38.54"/>
        <vehicle id="cfm-fast_5" eclass="HBEFA3/PC_G_EU4" CO2="31655.95" CO="644.36" HC="3.71" NOx="14.68" PMx="0.79" fuel="13.61" electricity="0.00" noise="119.30" route="routeleft" type="cfm-fast" waiting="0.00" lane="left_0" pos="27.75" speed="8.32" angle="134.54" x="19.51" y="11.17"/>
        <vehicle id="cfm-slow_0" eclass="HBEFA3/PC_G_EU4" CO2="26790.09" CO="546.18" HC="3.15" NOx="12.39" PMx="0.66" fuel="11.52" electricity="0.00" noise="110.49" route="routebottom" type="cfm-slow" waiting="0.00" lane="bottom_0" pos="3.57" speed="8.13" angle="88.10" x="71.42" y="-4.50"/>
        <vehicle id="cfm-slow_1" eclass="HBEFA3/PC_G_EU4" CO2="26790.09" CO="546.18" HC="3.15" NOx="12.39" PMx="0.66" fuel="11.52" electricity="0.00" noise="110.49" route="routebottom" type="cfm-slow" waiting="0.00" lane="bottom_0" pos="19.40" speed="8.13" angle="59.55" x="102.95" y="7.42"/>
        <vehicle id="cfm-slow_2" eclass="HBEFA3/PC_G_EU4" CO2="26790.10" CO="546.18" HC="3.15" NOx="12.39" PMx="0.66" fuel="11.52" electricity="0.00" noise="110.49" route="routebottom" type="cfm-slow" waiting="0.00" lane="bottom_0" pos="35.23" speed="8.13" angle="31.14" x="125.00" y="32.94"/>
        <vehicle id="cfm-slow_3" eclass="HBEFA3/PC_G_EU4" CO2="26790.59" CO="546.19" HC="3.15" NOx="12.39" PMx="0.66" fuel="11.52" electricity="0.00" noise="110.49" route="routebottom" type="cfm-slow" waiting="0.00" lane="right_0" pos="1.07" speed="8.13" angle="2.54" x="132.23" y="66.05"/>
        <vehicle id="cfm-slow_4" eclass="HBEFA3/PC_G_EU4" CO2="26805.39" CO="546.49" HC="3.15" NOx="12.40" PMx="0.66" fuel="11.52" electricity="0.00" noise="110.52" route="routeright" type="cfm-slow" waiting="0.00" lane="right_0" pos="16.90" speed="8.13" angle="334.07" x="122.80" y="98.42"/>
        <vehicle id="cfm-slow_5" eclass="HBEFA3/PC_G_EU4" CO2="27126.58" CO="553.01" HC="3.19" NOx="12.55" PMx="0.67" fuel="11.66" electricity="0.00" noise="111.14" route="routeright" type="cfm-slow" waiting="0.00" lane="right_0" pos="32.73" speed="8.14" angle="305.61" x="99.10" y="122.40"/>
    </timestep>
    <timestep time="0.62">
        <vehicle id="cfm-fast_0" eclass="HBEFA3/PC_G_EU4" CO2="32140.92" CO="652.89" HC="3.76" NOx="14.90" PMx="0.80" fuel="13.82" electricity="0.00" noise="119.36" route="routeright" type="cfm-fast" waiting="0.00" lane="right_0" pos="48.66" speed="8.45" angle="276.97" x="66.64" y="132.21"/>
        <vehicle id="cfm-fast_1" eclass="HBEFA3/PC_G_EU4" CO2="32140.92" CO="652.89" HC="3.76" NOx="14.90" PMx="0.80" fuel="13.82" electricity="0.00" noise="119.36" route="routetop" type="cfm-fast" waiting="0.00" lane="top_0" pos="14.50" speed="8.45" angle="248.38" x="33.45" y="125.26"/>
        <vehicle id="cfm-fast_2" eclass="HBEFA3/PC_G_EU4" CO2="32140.92" CO="652.89" HC="3.76" NOx="14.90" PMx="0.80" fuel="13.82" electricity="0.00" noise="119.36" route="routetop" type="cfm-fast" waiting="0.00" lane="top_0" pos="30.33" speed="8.45" angle="219.91" x="7.76" y="103.42"/>
        <vehicle id="cfm-fast_3" eclass="HBEFA3/PC_G_EU4" CO2="32140.92" CO="652.89" HC="3.76" NOx="14.90" PMx="0.80" fuel="13.82" electricity="0.00" noise="119.36" route="routetop" type="cfm-fast" waiting="0.00" lane="top_0" pos="46.16" speed="8.45" angle="191.51" x="-4.44" y="72.00"/>
        <vehicle id="cfm-fast_4" eclass="HBEFA3/PC_G_EU4" CO2="32140.92" CO="652.89" HC="3.76" NOx="14.90" PMx="0.80" fuel="13.82" electricity="0.00" noise="119.36" route="routeleft" type="cfm-fast" waiting="0.00" lane="left_0" pos="12.00" speed="8.45" angle="162.87" x="-0.11" y="38.37"/>
        <vehicle id="cfm-fast_5" eclass="HBEFA3/PC_G_EU4" CO2="32140.92" CO="652.89" HC="3.76" NOx="14.90" PMx="0.80" fuel="13.82" electricity="0.00" noise="119.36" route="routeleft" type="cfm-fast" waiting="0.00" lane="left_0" pos="27.83" speed="8.45" angle="134.38" x="19.65" y="11.05"/>
        <vehicle id="cfm-slow_0" eclass="HBEFA3/PC_G_EU4" CO2="26912.89" CO="547.46" HC="3.15" NOx="12.44" PMx="0.66" fuel="11.57" electricity="0.00" noise="110.08" route="routebottom" type="cfm-slow" waiting="0.00" lane="bottom_0" pos="3.65" speed="8.25" angle="87.95" x="71.59" y="-4.48"/>
        <vehicle id="cfm-slow_1" eclass="HBEFA3/PC_G_EU4" CO2="26912.89" CO="547.46" HC="3.15" NOx="12.44" PMx="0.66" fuel="11.57" electricity="0.00" noise="110.08" route="routebottom" type="cfm-slow" waiting="0.00" lane="bottom_0" pos="19.48" speed="8.25" angle="59.40" x="103.10" y="7.53"/>
        <vehicle id="cfm-slow_2" eclass="HBEFA3/PC_G_EU4" CO2="26912.91" CO="547.46" HC="3.15" NOx="12.44" PMx="0.66" fuel="11.57" electricity="0.00" noise="110.08" route="routebottom" type="cfm-slow" waiting="0.00" lane="bottom_0" pos="35.32" speed="8.25" angle="30.99" x="125.08" y="33.09"/>
        <vehicle id="cfm-slow_3" eclass="HBEFA3/PC_G_EU4" CO2="26913.53" CO="547.47" HC="3.15" NOx="12.44" PMx="0.66" fuel="11.57" electricity="0.00" noise="110.08" route="routebottom" type="cfm-slow" waiting="0.00" lane="right_0" pos="1.15" speed="8.25" angle="2.39" x="132.22" y="66.23"/>
        <vehicle id="cfm-slow_4" eclass="HBEFA3/PC_G_EU4" CO2="26931.38" CO="547.84" HC="3.16" NOx="12.45" PMx="0.67" fuel="11.58" electricity="0.00" noise="110.11" route="routeright" type="cfm-slow" waiting="0.00" lane="right_0" pos="16.98" speed="8.25" angle="333.92" x="122.71" y="98.58"/>
        <vehicle id="cfm-slow_5" eclass="HBEFA3/PC_G_EU4" CO2="27295.08" CO="555.21" HC="3.20" NOx="12.62" PMx="0.67" fuel="11.73" electricity="0.00" noise="110.80" route="routeright" type="cfm-slow" waiting="0.00" lane="right_0" pos="32.82" speed="8.26" angle="305.45" x="98.95" y="122.49"/>
    </timestep>
    <timestep time="0.63">
        <vehicle id="cfm-fast_0" eclass="HBEFA3/PC_G_EU4" CO2="32626.19" CO="661.44" HC="3.82" NOx="15.13" PMx="0.81" fuel="14.02" electricity="0.00" noise="119.42" route="routeright" type="cfm-fast" waiting="0.00" lane="right_0" pos="48.75" speed="8.59" angle="276.84" x="66.45" y="132.22"/>
        <vehicle id="cfm-fast_1" eclass="HBEFA3/PC_G_EU4" CO2="32626.19" CO="661.44" HC="3.82" NOx="15.13" PMx="0.81" fuel="14.02" electricity="0.00" noise="119.42" route="routetop" type="cfm-fast" waiting="0.00" lane="top_0" pos="14.58" speed="8.59" angle="248.21" x="33.29" y="125.18"/>
        <vehicle id="cfm-fast_2" eclass="HBEFA3/PC_G_EU4" CO2="32626.19" CO="661.44" HC="3.82" NOx="15.13" PMx="0.81" fuel="14.02" electricity="0.00" noise="119.42" route="routetop" type="cfm-fast" waiting="0.00" lane="top_0" pos="30.42" speed="8.59" angle="219.75" x="7.66" y="103.27"/>
        <vehicle id="cfm-fast_3" eclass="HBEFA3/PC_G_EU4" CO2="32626.19" CO="661.44" HC="3.82" NOx="15.13" PMx="0.81" fuel="14.02" electricity="0.00" noise="119.42" route="routetop" type="cfm-fast" waiting="0.00" lane="top_0" pos="46.25" speed="8.59" angle="191.36" x="-4.46" y="71.81"/>
        <vehicle id="cfm-fast_4" eclass="HBEFA3/PC_G_EU4" CO2="32626.19" CO="661.44" HC="3.82" NOx="15.13" PMx="0.81" fuel="14.02" electricity="0.00" noise="119.42" route="routeleft" type="cfm-fast" waiting="0.00" lane="left_0" pos="12.08" speed="8.59" angle="162.72" x="-0.04" y="38.20"/>
        <vehicle id="cfm-fast_5" eclass="HBEFA3/PC_G_EU4" CO2="32626.19" CO="661.44" HC="3.82" NOx="15.13" PMx="0.81" fuel="14.02" electricity="0.00" noise="119.42" route="routeleft" type="cfm-fast" waiting="0.00" lane="left_0" pos="27.92" speed="8.59" angle="134.22" x="19.79" y="10.93"/>
        <vehicle id="cfm-slow_0" eclass="HBEFA3/PC_G_EU4" CO2="27028.49" CO="548.61" HC="3.16" NOx="12.49" PMx="0.67" fuel="11.62" electricity="0.00" noise="109.66" route="routebottom" type="cfm-slow" waiting="0.00" lane="bottom_0" pos="3.73" speed="8.36" angle="87.80" x="71.77" y="-4.47"/>
        <vehicle id="cfm-slow_1" eclass="HBEFA3/PC_G_EU4" CO2="27028.49" CO="548.61" HC="3.16" NOx="12.49" PMx="0.67" fuel="11.62" electricity="0.00" noise="109.66" route="routebottom" type="cfm-slow" waiting="0.00" lane="bottom_0" pos="19.57" speed="8.36" angle="59.24" x="103.24" y="7.63"/>
        <vehicle id="cfm-slow_2" eclass="HBEFA3/PC_G_EU4" CO2="27028.51" CO="548.61" HC="3.16" NOx="12.49" PMx="0.67" fuel="11.62" electricity="0.00" noise="109.66" route="routebottom" type="cfm-slow" waiting="0.00" lane="bottom_0" pos="35.40" speed="8.36" angle="30.84" x="125.16" y="33.25"/>
        <vehicle id="cfm-slow_3" eclass="HBEFA3/PC_G_EU4" CO2="27029.30" CO="548.63" HC="3.16" NOx="12.50" PMx="0.67" fuel="11.62" electricity="0.00" noise="109.67" route="routebottom" type="cfm-slow" waiting="0.00" lane="right_0" pos="1.23" speed="8.36" angle="2.26" x="132.22" y="66.41"/>
        <vehicle id="cfm-slow_4" eclass="HBEFA3/PC_G_EU4" CO2="27050.60" CO="549.06" HC="3.17" NOx="12.51" PMx="0.67" fuel="11.63" electricity="0.00" noise="109.71" route="routeright" type="cfm-slow" waiting="0.00" lane="right_0" pos="17.07" speed="8.36" angle="333.77" x="122.62" y="98.73"/>
        <vehicle id="cfm-slow_5" eclass="HBEFA3/PC_G_EU4" CO2="27459.63" CO="557.35" HC="3.21" NOx="12.70" PMx="0.68" fuel="11.80" electricity="0.00" noise="110.46" route="routeright" type="cfm-slow" waiting="0.00" lane="right_0" pos="32.90" speed="8.38" angle="305.29" x="98.79" y="122.58"/>
    </timestep>
    <timestep time="0.64">
        <vehicle id="cfm-fast_0" eclass="HBEFA3/PC_G_EU4" CO2="33111.74" CO="670.01" HC="3.87" NOx="15.36" PMx="0.83" fuel="14.23" electricity="0.00" noise="119.48" route="routeright" type="cfm-fast" waiting="0.00" lane="right_0" pos="48.84" speed="8.73" angle="276.69" x="66.26" y="132.22"/>
        <vehicle id="cfm-fast_1" eclass="HBEFA3/PC_G_EU4" CO2="33111.74" CO="670.01" HC="3.87" NOx="15.36" PMx="0.83" fuel="14.23" electricity="0.00" noise="119.48" route="routetop" type="cfm-fast" waiting="0.00" lane="top_0" pos="14.67" speed="8.73" angle="248.05" x="33.12" y="125.09"/>
        <vehicle id="cfm-fast_2" eclass="HBEFA3/PC_G_EU4" CO2="33111.74" CO="670.01" HC="3.87" NOx="15.36" PMx="0.83" fuel="14.23" electricity="0.00" noise="119.48" route="routetop" type="cfm-fast" waiting="0.00" lane="top_0" pos="30.50" speed="8.73" angle="219.58" x="7.55" y="103.12"/>
        <vehicle id="cfm-fast_3" eclass="HBEFA3/PC_G_EU4" CO2="33111.74" CO="670.01" HC="3.87" NOx="15.36" PMx="0.83" fuel="14.23" electricity="0.00" noise="119.48" route="routetop" type="cfm-fast" waiting="0.00" lane="top_0" pos="46.34" speed="8.73" angle="191.20" x="-4.48" y="71.62"/>
        <vehicle id="cfm-fast_4" eclass="HBEFA3/PC_G_EU4" CO2="33111.74" CO="670.01" HC="3.87" NOx="15.36" PMx="0.83" fuel="14.23" electricity="0.00" noise="119.48" route="routeleft" type="cfm-fast" waiting="0.00" lane="left_0" pos="12.17" speed="8.73" angle="162.56" x="0.03" y="38.02"/>
        <vehicle id="cfm-fast_5" eclass="HBEFA3/PC_G_EU4" CO2="33111.74" CO="670.01" HC="3.87" NOx="15.36" PMx="0.83" fuel="14.23" electricity="0.00" noise="119.48" route="routeleft" type="cfm-fast" waiting="0.00" lane="left_0" pos="28.00" speed="8.73" angle="134.06" x="19.93" y="10.81"/>
        <vehicle id="cfm-slow_0" eclass="HBEFA3/PC_G_EU4" CO2="27137.07" CO="549.64" HC="3.17" NOx="12.54" PMx="0.67" fuel="11.66" electricity="0.00" noise="109.25" route="routebottom" type="cfm-slow" waiting="0.00" lane="bottom_0" pos="3.82" speed="8.48" angle="87.66" x="71.95" y="-4.45"/>
        <vehicle id="cfm-slow_1" eclass="HBEFA3/PC_G_EU4" CO2="27137.07" CO="549.64" HC="3.17" NOx="12.54" PMx="0.67" fuel="11.66" electricity="0.00" noise="109.25" route="routebottom" type="cfm-slow" waiting="0.00" lane="bottom_0" pos="19.65" speed="8.48" angle="59.08" x="103.39" y="7.74"/>
        <vehicle id="cfm-slow_2" eclass="HBEFA3/PC_G_EU4" CO2="27137.10" CO="549.64" HC="3.17" NOx="12.54" PMx="0.67" fuel="11.66" electricity="0.00" noise="109.26" route="routebottom" type="cfm-slow" waiting="0.00" lane="bottom_0" pos="35.48" speed="8.48" angle="30.69" x="125.24" y="33.42"/>
        <vehicle id="cfm-slow_3" eclass="HBEFA3/PC_G_EU4" CO2="27138.09" CO="549.66" HC="3.17" NOx="12.54" PMx="0.67" fuel="11.67" electricity="0.00" noise="109.26" route="routebottom" type="cfm-slow" waiting="0.00" lane="right_0" pos="1.32" speed="8.48" angle="2.11" x="132.21" y="66.59"/>
        <vehicle id="cfm-slow_4" eclass="HBEFA3/PC_G_EU4" CO2="27163.26" CO="550.17" HC="3.17" NOx="12.56" PMx="0.67" fuel="11.68" electricity="0.00" noise="109.30" route="routeright" type="cfm-slow" waiting="0.00" lane="right_0" pos="17.15" speed="8.48" angle="333.62" x="122.53" y="98.89"/>
        <vehicle id="cfm-slow_5" eclass="HBEFA3/PC_G_EU4" CO2="27620.46" CO="559.44" HC="3.23" NOx="12.77" PMx="0.68" fuel="11.87" electricity="0.00" noise="110.14" route="routeright" type="cfm-slow" waiting="0.00" lane="right_0" pos="32.98" speed="8.49" angle="305.13" x="98.64" y="122.68"/>
    </timestep>
    <timestep time="0.65">
        <vehicle id="cfm-fast_0" eclass="HBEFA3/PC_G_EU4" CO2="33597.59" CO="678.61" HC="3.92" NOx="15.58" PMx="0.84" fuel="14.44" electricity="0.00" noise="119.54" route="routeright" type="cfm-fast" waiting="0.00" lane="right_0" pos="48.92" speed="8.86" angle="276.52" x="66.07" y="132.23"/>
        <vehicle id="cfm-fast_1" eclass="HBEFA3/PC_G_EU4" CO2="33597.59" CO="678.61" HC="3.92" NOx="15.58" PMx="0.84" fuel="14.44" electricity="0.00" noise="119.54" route="routetop" type="cfm-fast" waiting="0.00" lane="top_0" pos="14.76" speed="8.86" angle="247.88" x="32.95" y="125.01"/>
        <vehicle id="cfm-fast_2" eclass="HBEFA3/PC_G_EU4" CO2="33597.59" CO="678.61" HC="3.92" NOx="15.58" PMx="0.84" fuel="14.44" electricity="0.00" noise="119.54" route="routetop" type="cfm-fast" waiting="0.00" lane="top_0" pos="30.59" speed="8.86" angle="219.42" x="7.44" y="102.97"/>
        <vehicle id="cfm-fast_3" eclass="HBEFA3/PC_G_EU4" CO2="33597.59" CO="678.61" HC="3.92" NOx="15.58" PMx="0.84" fuel="14.44" electricity="0.00" noise="119.54" route="routetop" type="cfm-fast" waiting="0.00" lane="top_0" pos="46.42" speed="8.86" angle="191.04" x="-4.50" y="71.44"/>
        <vehicle id="cfm-fast_4" eclass="HBEFA3/PC_G_EU4" CO2="33597.59" CO="678.61" HC="3.92" NOx="15.58" PMx="0.84" fuel="14.44" electricity="0.00" noise="119.54" route="routeleft" type="cfm-fast" waiting="0.00" lane="left_0" pos="12.26" speed="8.86" angle="162.41" x="0.10" y="37.85"/>
        <vehicle id="cfm-fast_5" eclass="HBEFA3/PC_G_EU4" CO2="33597.59" CO="678.61" HC="3.92" NOx="15.58" PMx="0.84" fuel="14.44" electricity="0.00" noise="119.54" route="routeleft" type="cfm-fast" waiting="0.00" lane="left_0" pos="28.09" speed="8.86" angle="133.90" x="20.08" y="10.68"/>
        <vehicle id="cfm-slow_0" eclass="HBEFA3/PC_G_EU4" CO2="27238.79" CO="550.55" HC="3.18" NOx="12.59" PMx="0.67" fuel="11.71" electricity="0.00" noise="108.85" route="routebottom" type="cfm-slow" waiting="0.00" lane="bottom_0" pos="3.90" speed="8.59" angle="87.51" x="72.14" y="-4.42"/>
        <vehicle id="cfm-slow_1" eclass="HBEFA3/PC_G_EU4" CO2="27238.79" CO="550.55" HC="3.18" NOx="12.59" PMx="0.67" fuel="11.71" electricity="0.00" noise="108.85" route="routebottom" type="cfm-slow" waiting="0.00" lane="bottom_0" pos="19.74" speed="8.59" angle="58.93" x="103.54" y="7.85"/>
        <vehicle id="cfm-slow_2" eclass="HBEFA3/PC_G_EU4" CO2="27238.83" CO="550.55" HC="3.18" NOx="12.59" PMx="0.67" fuel="11.71" electricity="0.00" noise="108.85" route="routebottom" type="cfm-slow" waiting="0.00" lane="bottom_0" pos="35.57" speed="8.59" angle="30.53" x="125.32" y="33.58"/>
        <vehicle id="cfm-slow_3" eclass="HBEFA3/PC_G_EU4" CO2="27240.06" CO="550.58" HC="3.18" NOx="12.59" PMx="0.67" fuel="11.71" electricity="0.00" noise="108.85" route="routebottom" type="cfm-slow" waiting="0.00" lane="right_0" pos="1.40" speed="8.59" angle="1.95" x="132.20" y="66.78"/>
        <vehicle id="cfm-slow_4" eclass="HBEFA3/PC_G_EU4" CO2="27269.55" CO="551.18" HC="3.18" NOx="12.60" PMx="0.67" fuel="11.72" electricity="0.00" noise="108.91" route="routeright" type="cfm-slow" waiting="0.00" lane="right_0" pos="17.24" speed="8.59" angle="333.46" x="122.43" y="99.05"/>
        <vehicle id="cfm-slow_5" eclass="HBEFA3/PC_G_EU4" CO2="27777.77" CO="561.47" HC="3.24" NOx="12.84" PMx="0.69" fuel="11.94" electricity="0.00" noise="109.82" route="routeright" type="cfm-slow" waiting="0.00" lane="right_0" pos="33.07" speed="8.61" angle="304.97" x="98.48" y="122.77"/>
    </timestep>
    <timestep time="0.66">
        <vehicle id="cfm-fast_0" eclass="HBEFA3/PC_G_EU4" CO2="34083.73" CO="687.22" HC="3.97" NOx="15.81" PMx="0.85" fuel="14.65" electricity="0.00" noise="119.60" route="routeright" type="cfm-fast" waiting="0.00" lane="right_0" pos="49.02" speed="9.00" angle="276.35" x="65.88" y="132.23"/>
        <vehicle id="cfm-fast_1" eclass="HBEFA3/PC_G_EU4" CO2="34083.73" CO="687.22" HC="3.97" NOx="15.81" PMx="0.85" fuel="14.65" electricity="0.00" noise="119.60" route="routetop" type="cfm-fast" waiting="0.00" lane="top_0" pos="14.85" speed="9.00" angle="247.71" x="32.78" y="124.92"/>
        <vehicle id="cfm-fast_2" eclass="HBEFA3/PC_G_EU4" CO2="34083.73" CO="687.22" HC="3.97" NOx="15.81" PMx="0.85" fuel="14.65" electricity="0.00" noise="119.60" route="routetop" type="cfm-fast" waiting="0.00" lane="top_0" pos="30.68" speed="9.00" angle="219.27" x="7.32" y="102.81"/>
        <vehicle id="cfm-fast_3" eclass="HBEFA3/PC_G_EU4" CO2="34083.73" CO="687.22" HC="3.97" NOx="15.81" PMx="0.85" fuel="14.65" electricity="0.00" noise="119.60" route="routetop" type="cfm-fast" waiting="0.00" lane="top_0" pos="46.52" speed="9.00" angle="190.87" x="-4.52" y="71.24"/>
        <vehicle id="cfm-fast_4" eclass="HBEFA3/PC_G_EU4" CO2="34083.73" CO="687.22" HC="3.97" NOx="15.81" PMx="0.85" fuel="14.65" electricity="0.00" noise="119.60" route="routeleft" type="cfm-fast" waiting="0.00" lane="left_0" pos="12.35" speed="9.00" angle="162.25" x="0.17" y="37.67"/>
        <vehicle id="cfm-fast_5" eclass="HBEFA3/PC_G_EU4" CO2="34083.73" CO="687.22" HC="3.97" NOx="15.81" PMx="0.85" fuel="14.65" electricity="0.00" noise="119.60" route="routeleft" type="cfm-fast" waiting="0.00" lane="left_0" pos="28.18" speed="9.00" angle="133.78" x="20.22" y="10.56"/>
        <vehicle id="cfm-slow_0" eclass="HBEFA3/PC_G_EU4" CO2="27333.83" CO="551.34" HC="3.18" NOx="12.63" PMx="0.67" fuel="11.75" electricity="0.00" noise="108.45" route="routebottom" type="cfm-slow" waiting="0.00" lane="bottom_0" pos="3.99" speed="8.70" angle="87.35" x="72.32" y="-4.40"/>
        <vehicle id="cfm-slow_1" eclass="HBEFA3/PC_G_EU4" CO2="27333.83" CO="551.34" HC="3.18" NOx="12.63" PMx="0.67" fuel="11.75" electricity="0.00" noise="108.45" route="routebottom" type="cfm-slow" waiting="0.00" lane="bottom_0" pos="19.82" speed="8.70" angle="58.76" x="103.69" y="7.96"/>
        <vehicle id="cfm-slow_2" eclass="HBEFA3/PC_G_EU4" CO2="27333.88" CO="551.34" HC="3.18" NOx="12.63" PMx="0.67" fuel="11.75" electricity="0.00" noise="108.45" route="routebottom" type="cfm-slow" waiting="0.00" lane="bottom_0" pos="35.66" speed="8.70" angle="30.37" x="125.41" y="33.75"/>
        <vehicle id="cfm-slow_3" eclass="HBEFA3/PC_G_EU4" CO2="27335.39" CO="551.37" HC="3.18" NOx="12.63" PMx="0.67" fuel="11.75" electricity="0.00" noise="108.45" route="routebottom" type="cfm-slow" waiting="0.00" lane="right_0" pos="1.49" speed="8.70" angle="1.80" x="132.19" y="66.97"/>
        <vehicle id="cfm-slow_4" eclass="HBEFA3/PC_G_EU4" CO2="27369.68" CO="552.07" HC="3.19" NOx="12.65" PMx="0.68" fuel="11.76" electricity="0.00" noise="108.51" route="routeright" type="cfm-slow" waiting="0.00" lane="right_0" pos="17.32" speed="8.70" angle="333.31" x="122.34" y="99.21"/>
        <vehicle id="cfm-slow_5" eclass="HBEFA3/PC_G_EU4" CO2="27931.77" CO="563.46" HC="3.25" NOx="12.91" PMx="0.69" fuel="12.01" electricity="0.00" noise="109.51" route="routeright" type="cfm-slow" waiting="0.00" lane="right_0" pos="33.16" speed="8.72" angle="304.80" x="98.32" y="122.87"/>
    </timestep>
    <timestep time="0.67">
        <vehicle id="cfm-fast_0" eclass="HBEFA3/PC_G_EU4" CO2="34570.16" CO="695.86" HC="4.02" NOx="16.03" PMx="0.86" fuel="14.86" electricity="0.00" noise="119.66" route="routeright" type="cfm-fast" waiting="0.00" lane="right_0" pos="49.11" speed="9.14" angle="276.18" x="65.68" y="132.23"/>
        <vehicle id="cfm-fast_1" eclass="HBEFA3/PC_G_EU4" CO2="34570.16" CO="695.86" HC="4.02" NOx="16.03" PMx="0.86" fuel="14.86" electricity="0.00" noise="119.66" route="routetop" type="cfm-fast" waiting="0.00" lane="top_0" pos="14.94" speed="9.14" angle="247.53" x="32.60" y="124.83"/>
        <vehicle id="cfm-fast_2" eclass="HBEFA3/PC_G_EU4" CO2="34570.16" CO="695.86" HC="4.02" NOx="16.03" PMx="0.86" fuel="14.86" electricity="0.00" noise="119.66" route="routetop" type="cfm-fast" waiting="0.00" lane="top_0" pos="30.77" speed="9.14" angle="219.14" x="7.21" y="102.65"/>
        <vehicle id="cfm-fast_3" eclass="HBEFA3/PC_G_EU4" CO2="34570.16" CO="695.86" HC="4.02" NOx="16.03" PMx="0.86" fuel="14.86" electricity="0.00" noise="119.66" route="routetop" type="cfm-fast" waiting="0.00" lane="top_0" pos="46.61" speed="9.14" angle="190.70" x="-4.54" y="71.05"/>
        <vehicle id="cfm-fast_4" eclass="HBEFA3/PC_G_EU4" CO2="34570.16" CO="695.86" HC="4.02" NOx="16.03" PMx="0.86" fuel="14.86" electricity="0.00" noise="119.66" route="routeleft" type="cfm-fast" waiting="0.00" lane="left_0" pos="12.44" speed="9.14" angle="162.08" x="0.25" y="37.49"/>
        <vehicle id="cfm-fast_5" eclass="HBEFA3/PC_G_EU4" CO2="34570.16" CO="695.86" HC="4.02" NOx="16.03" PMx="0.86" fuel="14.86" electricity="0.00" noise="119.66" route="routeleft" type="cfm-fast" waiting="0.00" lane="left_0" pos="28.27" speed="9.14" angle="133.62" x="20.38" y="10.43"/>
        <vehicle id="cfm-slow_0" eclass="HBEFA3/PC_G_EU4" CO2="27422.35" CO="552.02" HC="3.19" NOx="12.67" PMx="0.68" fuel="11.79" electricity="0.00" noise="108.05" route="routebottom" type="cfm-slow" waiting="0.00" lane="bottom_0" pos="4.08" speed="8.81" angle="87.19" x="72.51" y="-4.37"/>
        <vehicle id="cfm-slow_1" eclass="HBEFA3/PC_G_EU4" CO2="27422.36" CO="552.02" HC="3.19" NOx="12.67" PMx="0.68" fuel="11.79" electricity="0.00" noise="108.05" route="routebottom" type="cfm-slow" waiting="0.00" lane="bottom_0" pos="19.91" speed="8.81" angle="58.60" x="103.85" y="8.07"/>
        <vehicle id="cfm-slow_2" eclass="HBEFA3/PC_G_EU4" CO2="27422.42" CO="552.02" HC="3.19" NOx="12.67" PMx="0.68" fuel="11.79" electricity="0.00" noise="108.05" route="routebottom" type="cfm-slow" waiting="0.00" lane="bottom_0" pos="35.75" speed="8.81" angle="30.21" x="125.49" y="33.92"/>
        <vehicle id="cfm-slow_3" eclass="HBEFA3/PC_G_EU4" CO2="27424.25" CO="552.06" HC="3.19" NOx="12.67" PMx="0.68" fuel="11.79" electricity="0.00" noise="108.05" route="routebottom" type="cfm-slow" waiting="0.00" lane="right_0" pos="1.58" speed="8.81" angle="1.64" x="132.18" y="67.15"/>
        <vehicle id="cfm-slow_4" eclass="HBEFA3/PC_G_EU4" CO2="27463.84" CO="552.87" HC="3.19" NOx="12.69" PMx="0.68" fuel="11.81" electricity="0.00" noise="108.13" route="routeright" type="cfm-slow" waiting="0.00" lane="right_0" pos="17.41" speed="8.81" angle="333.15" x="122.24" y="99.37"/>
        <vehicle id="cfm-slow_5" eclass="HBEFA3/PC_G_EU4" CO2="28082.65" CO="565.39" HC="3.27" NOx="12.98" PMx="0.69" fuel="12.07" electricity="0.00" noise="109.20" route="routeright" type="cfm-slow" waiting="0.00" lane="right_0" pos="33.25" speed="8.83" angle="304.65" x="98.15" y="122.96"/>
    </timestep>
    <timestep time="0.68">
        <vehicle id="cfm-fast_0" eclass="HBEFA3/PC_G_EU4" CO2="35056.89" CO="704.52" HC="4.07" NOx="16.26" PMx="0.87" fuel="15.07" electricity="0.00" noise="119.72" route="routeright" type="cfm-fast" waiting="0.00" lane="right_0" pos="49.20" speed="9.27" angle="276.01" x="65.48" y="132.24"/>
        <vehicle id="cfm-fast_1" eclass="HBEFA3/PC_G_EU4" CO2="35056.89" CO="704.52" HC="4.07" NOx="16.26" PMx="0.87" fuel="15.07" electricity="0.00" noise="119.72" route="routetop" type="cfm-fast" waiting="0.00" lane="top_0" pos="15.03" speed="9.27" angle="247.35" x="32.42" y="124.74"/>
        <vehicle id="cfm-fast_2" eclass="HBEFA3/PC_G_EU4" CO2="35056.89" CO="704.52" HC="4.07" NOx="16.26" PMx="0.87" fuel="15.07" electricity="0.00" noise="119.72" route="routetop" type="cfm-fast" waiting="0.00" lane="top_0" pos="30.87" speed="9.27" angle="218.98" x="7.10" y="102.48"/>
        <vehicle id="cfm-fast_3" eclass="HBEFA3/PC_G_EU4" CO2="35056.89" CO="704.52" HC="4.07" NOx="16.26" PMx="0.87" fuel="15.07" electricity="0.00" noise="119.72" route="routetop" type="cfm-fast" waiting="0.00" lane="top_0" pos="46.70" speed="9.27" angle="190.53" x="-4.56" y="70.85"/>
        <vehicle id="cfm-fast_4" eclass="HBEFA3/PC_G_EU4" CO2="35056.89" CO="704.52" HC="4.07" NOx="16.26" PMx="0.87" fuel="15.07" electricity="0.00" noise="119.72" route="routeleft" type="cfm-fast" waiting="0.00" lane="left_0" pos="12.53" speed="9.27" angle="161.92" x="0.32" y="37.30"/>
        <vehicle id="cfm-fast_5" eclass="HBEFA3/PC_G_EU4" CO2="35056.89" CO="704.52" HC="4.07" NOx="16.26" PMx="0.87" fuel="15.07" electricity="0.00" noise="119.72" route="routeleft" type="cfm-fast" waiting="0.00" lane="left_0" pos="28.37" speed="9.27" angle="133.45" x="20.53" y="10.31"/>
        <vehicle id="cfm-slow_0" eclass="HBEFA3/PC_G_EU4" CO2="27504.52" CO="552.59" HC="3.19" NOx="12.70" PMx="0.68" fuel="11.82" electricity="0.00" noise="107.66" route="routebottom" type="cfm-slow" waiting="0.00" lane="bottom_0" pos="4.17" speed="8.92" angle="87.03" x="72.70" y="-4.34"/>
        <vehicle id="cfm-slow_1" eclass="HBEFA3/PC_G_EU4" CO2="27504.52" CO="552.59" HC="3.19" NOx="12.70" PMx="0.68" fuel="11.82" electricity="0.00" noise="107.66" route="routebottom" type="cfm-slow" waiting="0.00" lane="bottom_0" pos="20.00" speed="8.92" angle="58.44" x="104.00" y="8.18"/>
        <vehicle id="cfm-slow_2" eclass="HBEFA3/PC_G_EU4" CO2="27504.60" CO="552.59" HC="3.19" NOx="12.70" PMx="0.68" fuel="11.82" electricity="0.00" noise="107.66" route="routebottom" type="cfm-slow" waiting="0.00" lane="bottom_0" pos="35.83" speed="8.92" angle="30.08" x="125.58" y="34.09"/>
        <vehicle id="cfm-slow_3" eclass="HBEFA3/PC_G_EU4" CO2="27506.81" CO="552.64" HC="3.19" NOx="12.71" PMx="0.68" fuel="11.82" electricity="0.00" noise="107.66" route="routebottom" type="cfm-slow" waiting="0.00" lane="right_0" pos="1.67" speed="8.92" angle="1.48" x="132.17" y="67.35"/>
        <vehicle id="cfm-slow_4" eclass="HBEFA3/PC_G_EU4" CO2="27552.22" CO="553.56" HC="3.20" NOx="12.73" PMx="0.68" fuel="11.84" electricity="0.00" noise="107.74" route="routeright" type="cfm-slow" waiting="0.00" lane="right_0" pos="17.50" speed="8.92" angle="332.99" x="122.14" y="99.53"/>
        <vehicle id="cfm-slow_5" eclass="HBEFA3/PC_G_EU4" CO2="28230.60" CO="567.29" HC="3.28" NOx="13.05" PMx="0.70" fuel="12.13" electricity="0.00" noise="108.91" route="routeright" type="cfm-slow" waiting="0.00" lane="right_0" pos="33.34" speed="8.94" angle="304.52" x="97.99" y="123.06"/>
    </timestep>
    <timestep time="0.69">
        <vehicle id="cfm-fast_0" eclass="HBEFA3/PC_G_EU4" CO2="35543.90" CO="713.20" HC="4.12" NOx="16.49" PMx="0.89" fuel="15.28" electricity="0.00" noise="119.78" route="routeright" type="cfm-fast" waiting="0.00" lane="right_0" pos="49.29" speed="9.41" angle="275.83" x="65.28" y="132.24"/>
        <vehicle id="cfm-fast_1" eclass="HBEFA3/PC_G_EU4" CO2="35543.90" CO="713.20" HC="4.12" NOx="16.49" PMx="0.89" fuel="15.28" electricity="0.00" noise="119.78" route="routetop" type="cfm-fast" waiting="0.00" lane="top_0" pos="15.13" speed="9.41" angle="247.17" x="32.24" y="124.65"/>
        <vehicle id="cfm-fast_2" eclass="HBEFA3/PC_G_EU4" CO2="35543.90" CO="713.20" HC="4.12" NOx="16.49" PMx="0.89" fuel="15.28" electricity="0.00" noise="119.78" route="routetop" type="cfm-fast" waiting="0.00" lane="top_0" pos="30.96" speed="9.41" angle="218.81" x="6.98" y="102.32"/>
        <vehicle id="cfm-fast_3" eclass="HBEFA3/PC_G_EU4" CO2="35543.90" CO="713.20" HC="4.12" NOx="16.49" PMx="0.89" fuel="15.28" electricity="0.00" noise="119.78" route="routetop" type="cfm-fast" waiting="0.00" lane="top_0" pos="46.79" speed="9.41" angle="190.36" x="-4.58" y="70.65"/>
        <vehicle id="cfm-fast_4" eclass="HBEFA3/PC_G_EU4" CO2="35543.90" CO="713.20" HC="4.12" NOx="16.49" PMx="0.89" fuel="15.28" electricity="0.00" noise="119.78" route="routeleft" type="cfm-fast" waiting="0.00" lane="left_0" pos="12.63" speed="9.41" angle="161.75" x="0.40" y="37.11"/>
        <vehicle id="cfm-fast_5" eclass="HBEFA3/PC_G_EU4" CO2="35543.90" CO="713.20" HC="4.12" NOx="16.49" PMx="0.89" fuel="15.28" electricity="0.00" noise="119.78" route="routeleft" type="cfm-fast" waiting="0.00" lane="left_0" pos="28.46" speed="9.41" angle="133.28" x="20.69" y="10.19"/>
        <vehicle id="cfm-slow_0" eclass="HBEFA3/PC_G_EU4" CO2="27580.49" CO="553.05" HC="3.20" NOx="12.74" PMx="0.68" fuel="11.86" electricity="0.00" noise="107.27" route="routebottom" type="cfm-slow" waiting="0.00" lane="bottom_0" pos="4.26" speed="9.03" angle="86.87" x="72.89" y="-4.32"/>
        <vehicle id="cfm-slow_1" eclass="HBEFA3/PC_G_EU4" CO2="27580.49" CO="553.05" HC="3.20" NOx="12.74" PMx="0.68" fuel="11.86" electricity="0.00" noise="107.27" route="routebottom" type="cfm-slow" waiting="0.00" lane="bottom_0" pos="20.09" speed="9.03" angle="58.27" x="104.16" y="8.29"/>
        <vehicle id="cfm-slow_2" eclass="HBEFA3/PC_G_EU4" CO2="27580.59" CO="553.06" HC="3.20" NOx="12.74" PMx="0.68" fuel="11.86" electricity="0.00" noise="107.27" route="routebottom" type="cfm-slow" waiting="0.00" lane="bottom_0" pos="35.92" speed="9.03" angle="29.94" x="125.67" y="34.26"/>
        <vehicle id="cfm-slow_3" eclass="HBEFA3/PC_G_EU4" CO2="27583.22" CO="553.11" HC="3.20" NOx="12.74" PMx="0.68" fuel="11.86" electricity="0.00" noise="107.27" route="routebottom" type="cfm-slow" waiting="0.00" lane="right_0" pos="1.76" speed="9.03" angle="1.32" x="132.16" y="67.54"/>
        <vehicle id="cfm-slow_4" eclass="HBEFA3/PC_G_EU4" CO2="27635.01" CO="554.16" HC="3.20" NOx="12.76" PMx="0.68" fuel="11.88" electricity="0.00" noise="107.36" route="routeright" type="cfm-slow" waiting="0.00" lane="right_0" pos="17.59" speed="9.03" angle="332.82" x="122.04" y="99.70"/>
        <vehicle id="cfm-slow_5" eclass="HBEFA3/PC_G_EU4" CO2="28375.81" CO="569.15" HC="3.29" NOx="13.11" PMx="0.70" fuel="12.20" electricity="0.00" noise="108.62" route="routeright" type="cfm-slow" waiting="0.00" lane="right_0" pos="33.43" speed="9.06" angle="304.36" x="97.82" y="123.16"/>
    </timestep>
    <timestep time="0.70">
        <vehicle id="cfm-fast_0" eclass="HBEFA3/PC_G_EU4" CO2="36031.21" CO="721.90" HC="4.18" NOx="16.71" PMx="0.90" fuel="15.49" electricity="0.00" noise="119.84" route="routeright" type="cfm-fast" waiting="0.00" lane="right_0" pos="49.39" speed="9.55" angle="275.66" x="65.08" y="132.25"/>
        <vehicle id="cfm-fast_1" eclass="HBEFA3/PC_G_EU4" CO2="36031.21" CO="721.90" HC="4.18" NOx="16.71" PMx="0.90" fuel="15.49" electricity="0.00" noise="119.84" route="routetop" type="cfm-fast" waiting="0.00" lane="top_0" pos="15.22" speed="9.55" angle="246.99" x="32.06" y="124.56"/>
        <vehicle id="cfm-fast_2" eclass="HBEFA3/PC_G_EU4" CO2="36031.21" CO="721.90" HC="4.18" NOx="16.71" PMx="0.90" fuel="15.49" electricity="0.00" noise="119.84" route="routetop" type="cfm-fast" waiting="0.00" lane="top_0" pos="31.06" speed="9.55" angle="218.64" x="6.87" y="102.14"/>
        <vehicle id="cfm-fast_3" eclass="HBEFA3/PC_G_EU4" CO2="36031.21" CO="721.90" HC="4.18" NOx="16.71" PMx="0.90" fuel="15.49" electricity="0.00" noise="119.84" route="routetop" type="cfm-fast" waiting="0.00" lane="top_0" pos="46.89" speed="9.55" angle="190.19" x="-4.60" y="70.44"/>
        <vehicle id="cfm-fast_4" eclass="HBEFA3/PC_G_EU4" CO2="36031.21" CO="721.90" HC="4.18" NOx="16.71" PMx="0.90" fuel="15.49" electricity="0.00" noise="119.84" route="routeleft" type="cfm-fast" waiting="0.00" lane="left_0" pos="12.72" speed="9.55" angle="161.61" x="0.47" y="36.92"/>
        <vehicle id="cfm-fast_5" eclass="HBEFA3/PC_G_EU4" CO2="36031.21" CO="721.90" HC="4.18" NOx="16.71" PMx="0.90" fuel="15.49" electricity="0.00" noise="119.84" route="routeleft" type="cfm-fast" waiting="0.00" lane="left_0" pos="28.56" speed="9.55" angle="133.10" x="20.85" y="10.06"/>
        <vehicle id="cfm-slow_0" eclass="HBEFA3/PC_G_EU4" CO2="27650.41" CO="553.41" HC="3.20" NOx="12.77" PMx="0.68" fuel="11.89" electricity="0.00" noise="106.88" route="routebottom" type="cfm-slow" waiting="0.00" lane="bottom_0" pos="4.35" speed="9.13" angle="86.70" x="73.09" y="-4.29"/>
        <vehicle id="cfm-slow_1" eclass="HBEFA3/PC_G_EU4" CO2="27650.42" CO="553.41" HC="3.20" NOx="12.77" PMx="0.68" fuel="11.89" electricity="0.00" noise="106.88" route="routebottom" type="cfm-slow" waiting="0.00" lane="bottom_0" pos="20.18" speed="9.13" angle="58.10" x="104.32" y="8.41"/>
        <vehicle id="cfm-slow_2" eclass="HBEFA3/PC_G_EU4" CO2="27650.54" CO="553.41" HC="3.20" NOx="12.77" PMx="0.68" fuel="11.89" electricity="0.00" noise="106.88" route="routebottom" type="cfm-slow" waiting="0.00" lane="bottom_0" pos="36.02" speed="9.13" angle="29.77" x="125.75" y="34.44"/>
        <vehicle id="cfm-slow_3" eclass="HBEFA3/PC_G_EU4" CO2="27653.66" CO="553.48" HC="3.20" NOx="12.77" PMx="0.68" fuel="11.89" electricity="0.00" noise="106.89" route="routebottom" type="cfm-slow" waiting="0.00" lane="right_0" pos="1.85" speed="9.14" angle="1.15" x="132.14" y="67.74"/>
        <vehicle id="cfm-slow_4" eclass="HBEFA3/PC_G_EU4" CO2="27712.39" CO="554.67" HC="3.21" NOx="12.80" PMx="0.68" fuel="11.91" electricity="0.00" noise="106.99" route="routeright" type="cfm-slow" waiting="0.00" lane="right_0" pos="17.68" speed="9.14" angle="332.66" x="121.94" y="99.87"/>
        <vehicle id="cfm-slow_5" eclass="HBEFA3/PC_G_EU4" CO2="28518.45" CO="570.97" HC="3.30" NOx="13.18" PMx="0.70" fuel="12.26" electricity="0.00" noise="108.33" route="routeright" type="cfm-slow" waiting="0.00" lane="right_0" pos="33.52" speed="9.17" angle="304.20" x="97.65" y="123.25"/>
    </timestep>
    <timestep time="0.71">
        <vehicle id="cfm-fast_0" eclass="HBEFA3/PC_G_EU4" CO2="36518.81" CO="730.63" HC="4.23" NOx="16.94" PMx="0.91" fuel="15.70" electricity="0.00" noise="119.90" route="routeright" type="cfm-fast" waiting="0.00" lane="right_0" pos="49.49" speed="9.68" angle="275.47" x="64.87" y="132.25"/>
        <vehicle id="cfm-fast_1" eclass="HBEFA3/PC_G_EU4" CO2="36518.81" CO="730.63" HC="4.23" NOx="16.94" PMx="0.91" fuel="15.70" electricity="0.00" noise="119.90" route="routetop" type="cfm-fast" waiting="0.00" lane="top_0" pos="15.32" speed="9.68" angle="246.85" x="31.87" y="124.46"/>
        <vehicle id="cfm-fast_2" eclass="HBEFA3/PC_G_EU4" CO2="36518.81" CO="730.63" HC="4.23" NOx="16.94" PMx="0.91" fuel="15.70" electricity="0.00" noise="119.90" route="routetop" type="cfm-fast" waiting="0.00" lane="top_0" pos="31.15" speed="9.68" angle="218.46" x="6.76" y="101.97"/>
        <vehicle id="cfm-fast_3" eclass="HBEFA3/PC_G_EU4" CO2="36518.81" CO="730.63" HC="4.23" NOx="16.94" PMx="0.91" fuel="15.70" electricity="0.00" noise="119.90" route="routetop" type="cfm-fast" waiting="0.00" lane="top_0" pos="46.99" speed="9.68" angle="190.01" x="-4.62" y="70.24"/>
        <vehicle id="cfm-fast_4" eclass="HBEFA3/PC_G_EU4" CO2="36518.81" CO="730.63" HC="4.23" NOx="16.94" PMx="0.91" fuel="15.70" electricity="0.00" noise="119.90" route="routeleft" type="cfm-fast" waiting="0.00" lane="left_0" pos="12.82" speed="9.68" angle="161.46" x="0.55" y="36.73"/>
        <vehicle id="cfm-fast_5" eclass="HBEFA3/PC_G_EU4" CO2="36518.81" CO="730.63" HC="4.23" NOx="16.94" PMx="0.91" fuel="15.70" electricity="0.00" noise="119.90" route="routeleft" type="cfm-fast" waiting="0.00" lane="left_0" pos="28.65" speed="9.68" angle="132.92" x="21.02" y="9.93"/>
        <vehicle id="cfm-slow_0" eclass="HBEFA3/PC_G_EU4" CO2="27714.45" CO="553.67" HC="3.20" NOx="12.80" PMx="0.68" fuel="11.91" electricity="0.00" noise="106.50" route="routebottom" type="cfm-slow" waiting="0.00" lane="bottom_0" pos="4.44" speed="9.24" angle="86.53" x="73.28" y="-4.26"/>
        <vehicle id="cfm-slow_1" eclass="HBEFA3/PC_G_EU4" CO2="27714.45" CO="553.67" HC="3.20" NOx="12.80" PMx="0.68" fuel="11.91" electricity="0.00" noise="106.50" route="routebottom" type="cfm-slow" waiting="0.00" lane="bottom_0" pos="20.28" speed="9.24" angle="57.93" x="104.48" y="8.52"/>
        <vehicle id="cfm-slow_2" eclass="HBEFA3/PC_G_EU4" CO2="27714.61" CO="553.67" HC="3.20" NOx="12.80" PMx="0.68" fuel="11.91" electricity="0.00" noise="106.50" route="routebottom" type="cfm-slow" waiting="0.00" lane="bottom_0" pos="36.11" speed="9.24" angle="29.59" x="125.83" y="34.62"/>
        <vehicle id="cfm-slow_3" eclass="HBEFA3/PC_G_EU4" CO2="27718.27" CO="553.74" HC="3.20" NOx="12.80" PMx="0.68" fuel="11.91" electricity="0.00" noise="106.50" route="routebottom" type="cfm-slow" waiting="0.00" lane="right_0" pos="1.94" speed="9.24" angle="0.99" x="132.13" y="67.93"/>
        <vehicle id="cfm-slow_4" eclass="HBEFA3/PC_G_EU4" CO2="27784.55" CO="555.09" HC="3.21" NOx="12.83" PMx="0.68" fuel="11.94" electricity="0.00" noise="106.62" route="routeright" type="cfm-slow" waiting="0.00" lane="right_0" pos="17.78" speed="9.24" angle="332.49" x="121.84" y="100.04"/>
        <vehicle id="cfm-slow_5" eclass="HBEFA3/PC_G_EU4" CO2="28658.70" CO="572.77" HC="3.31" NOx="13.24" PMx="0.71" fuel="12.32" electricity="0.00" noise="108.06" route="routeright" type="cfm-slow" waiting="0.00" lane="right_0" pos="33.61" speed="9.28" angle="304.03" x="97.47" y="123.35"/>
    </timestep>
    <timestep time="0.72">
        <vehicle id="cfm-fast_0" eclass="HBEFA3/PC_G_EU4" CO2="37006.70" CO="739.37" HC="4.28" NOx="17.17" PMx="0.92" fuel="15.91" electricity="0.00" noise="119.96" route="routeright" type="cfm-fast" waiting="0.00" lane="right_0" pos="49.58" speed="9.82" angle="275.29" x="64.66" y="132.25"/>
        <vehicle id="cfm-fast_1" eclass="HBEFA3/PC_G_EU4" CO2="37006.70" CO="739.37" HC="4.28" NOx="17.17" PMx="0.92" fuel="15.91" electricity="0.00" noise="119.96" route="routetop" type="cfm-fast" waiting="0.00" lane="top_0" pos="15.42" speed="9.82" angle="246.70" x="31.69" y="124.36"/>
        <vehicle id="cfm-fast_2" eclass="HBEFA3/PC_G_EU4" CO2="37006.70" CO="739.37" HC="4.28" NOx="17.17" PMx="0.92" fuel="15.91" electricity="0.00" noise="119.96" route="routetop" type="cfm-fast" waiting="0.00" lane="top_0" pos="31.25" speed="9.82" angle="218.28" x="6.64" y="101.80"/>
        <vehicle id="cfm-fast_3" eclass="HBEFA3/PC_G_EU4" CO2="37006.70" CO="739.37" HC="4.28" NOx="17.17" PMx="0.92" fuel="15.91" electricity="0.00" noise="119.96" route="routetop" type="cfm-fast" waiting="0.00" lane="top_0" pos="47.08" speed="9.82" angle="189.83" x="-4.64" y="70.03"/>
        <vehicle id="cfm-fast_4" eclass="HBEFA3/PC_G_EU4" CO2="37006.70" CO="739.37" HC="4.28" NOx="17.17" PMx="0.92" fuel="15.91" electricity="0.00" noise="119.96" route="routeleft" type="cfm-fast" waiting="0.00" lane="left_0" pos="12.92" speed="9.82" angle="161.28" x="0.64" y="36.54"/>
        <vehicle id="cfm-fast_5" eclass="HBEFA3/PC_G_EU4" CO2="37006.70" CO="739.37" HC="4.28" NOx="17.17" PMx="0.92" fuel="15.91" electricity="0.00" noise="119.96" route="routeleft" type="cfm-fast" waiting="0.00" lane="left_0" pos="28.75" speed="9.82" angle="132.74" x="21.18" y="9.80"/>
        <vehicle id="cfm-slow_0" eclass="HBEFA3/PC_G_EU4" CO2="27772.74" CO="553.82" HC="3.21" NOx="12.82" PMx="0.68" fuel="11.94" electricity="0.00" noise="106.12" route="routebottom" type="cfm-slow" waiting="0.00" lane="bottom_0" pos="4.54" speed="9.35" angle="86.36" x="73.48" y="-4.23"/>
        <vehicle id="cfm-slow_1" eclass="HBEFA3/PC_G_EU4" CO2="27772.74" CO="553.82" HC="3.21" NOx="12.82" PMx="0.68" fuel="11.94" electricity="0.00" noise="106.12" route="routebottom" type="cfm-slow" waiting="0.00" lane="bottom_0" pos="20.37" speed="9.35" angle="57.76" x="104.64" y="8.64"/>
        <vehicle id="cfm-slow_2" eclass="HBEFA3/PC_G_EU4" CO2="27772.93" CO="553.83" HC="3.21" NOx="12.82" PMx="0.68" fuel="11.94" electricity="0.00" noise="106.12" route="routebottom" type="cfm-slow" waiting="0.00" lane="bottom_0" pos="36.20" speed="9.35" angle="29.40" x="125.91" y="34.81"/>
        <vehicle id="cfm-slow_3" eclass="HBEFA3/PC_G_EU4" CO2="27777.22" CO="553.91" HC="3.21" NOx="12.82" PMx="0.68" fuel="11.94" electricity="0.00" noise="106.13" route="routebottom" type="cfm-slow" waiting="0.00" lane="right_0" pos="2.04" speed="9.35" angle="0.82" x="132.12" y="68.14"/>
        <vehicle id="cfm-slow_4" eclass="HBEFA3/PC_G_EU4" CO2="27851.66" CO="555.42" HC="3.21" NOx="12.86" PMx="0.69" fuel="11.97" electricity="0.00" noise="106.25" route="routeright" type="cfm-slow" waiting="0.00" lane="right_0" pos="17.87" speed="9.35" angle="332.36" x="121.74" y="100.21"/>
        <vehicle id="cfm-slow_5" eclass="HBEFA3/PC_G_EU4" CO2="28796.73" CO="574.53" HC="3.32" NOx="13.30" PMx="0.71" fuel="12.38" electricity="0.00" noise="107.79" route="routeright" type="cfm-slow" waiting="0.00" lane="right_0" pos="33.70" speed="9.38" angle="303.86" x="97.29" y="123.45"/>
    </timestep>
    <timestep time="0.73">
        <vehicle id="cfm-fast_0" eclass="HBEFA3/PC_G_EU4" CO2="37494.88" CO="748.14" HC="4.33" NOx="17.39" PMx="0.94" fuel="16.12" electricity="0.00" noise="120.02" route="routeright" type="cfm-fast" waiting="0.00" lane="right_0" pos="49.68" speed="9.95" angle="275.11" x="64.44" y="132.26"/>
        <vehicle id="cfm-fast_1" eclass="HBEFA3/PC_G_EU4" CO2="37494.88" CO="748.14" HC="4.33" NOx="17.39" PMx="0.94" fuel="16.12" electricity="0.00" noise="120.02" route="routetop" type="cfm-fast" waiting="0.00" lane="top_0" pos="15.52" speed="9.95" angle="246.52" x="31.50" y="124.26"/>
        <vehicle id="cfm-fast_2" eclass="HBEFA3/PC_G_EU4" CO2="37494.88" CO="748.14" HC="4.33" NOx="17.39" PMx="0.94" fuel="16.12" electricity="0.00" noise="120.02" route="routetop" type="cfm-fast" waiting="0.00" lane="top_0" pos="31.35" speed="9.95" angle="218.10" x="6.52" y="101.62"/>
        <vehicle id="cfm-fast_3" eclass="HBEFA3/PC_G_EU4" CO2="37494.88" CO="748.14" HC="4.33" NOx="17.39" PMx="0.94" fuel="16.12" electricity="0.00" noise="120.02" route="routetop" type="cfm-fast" waiting="0.00" lane="top_0" pos="47.18" speed="9.95" angle="189.64" x="-4.67" y="69.81"/>
        <vehicle id="cfm-fast_4" eclass="HBEFA3/PC_G_EU4" CO2="37494.88" CO="748.14" HC="4.33" NOx="17.39" PMx="0.94" fuel="16.12" electricity="0.00" noise="120.02" route="routeleft" type="cfm-fast" waiting="0.00" lane="left_0" pos="13.02" speed="9.95" angle="161.09" x="0.73" y="36.34"/>
        <vehicle id="cfm-fast_5" eclass="HBEFA3/PC_G_EU4" CO2="37494.88" CO="748.14" HC="4.33" NOx="17.39" PMx="0.94" fuel="16.12" electricity="0.00" noise="120.02" route="routeleft" type="cfm-fast" waiting="0.00" lane="left_0" pos="28.85" speed="9.95" angle="132.55" x="21.35" y="9.67"/>
        <vehicle id="cfm-slow_0" eclass="HBEFA3/PC_G_EU4" CO2="27825.43" CO="553.88" HC="3.21" NOx="12.84" PMx="0.69" fuel="11.96" electricity="0.00" noise="105.74" route="routebottom" type="cfm-slow" waiting="0.00" lane="bottom_0" pos="4.63" speed="9.45" angle="86.19" x="73.68" y="-4.21"/>
        <vehicle id="cfm-slow_1" eclass="HBEFA3/PC_G_EU4" CO2="27825.44" CO="553.88" HC="3.21" NOx="12.84" PMx="0.69" fuel="11.96" electricity="0.00" noise="105.74" route="routebottom" type="cfm-slow" waiting="0.00" lane="bottom_0" pos="20.46" speed="9.45" angle="57.63" x="104.81" y="8.76"/>
        <vehicle id="cfm-slow_2" eclass="HBEFA3/PC_G_EU4" CO2="27825.67" CO="553.89" HC="3.21" NOx="12.84" PMx="0.69" fuel="11.96" electricity="0.00" noise="105.74" route="routebottom" type="cfm-slow" waiting="0.00" lane="bottom_0" pos="36.30" speed="9.45" angle="29.22" x="125.99" y="34.99"/>
        <vehicle id="cfm-slow_3" eclass="HBEFA3/PC_G_EU4" CO2="27830.65" CO="553.99" HC="3.21" NOx="12.85" PMx="0.69" fuel="11.96" electricity="0.00" noise="105.75" route="routebottom" type="cfm-slow" waiting="0.00" lane="right_0" pos="2.13" speed="9.45" angle="0.65" x="132.11" y="68.34"/>
        <vehicle id="cfm-slow_4" eclass="HBEFA3/PC_G_EU4" CO2="27913.90" CO="555.68" HC="3.22" NOx="12.88" PMx="0.69" fuel="12.00" electricity="0.00" noise="105.89" route="routeright" type="cfm-slow" waiting="0.00" lane="right_0" pos="17.96" speed="9.45" angle="332.21" x="121.63" y="100.39"/>
        <vehicle id="cfm-slow_5" eclass="HBEFA3/PC_G_EU4" CO2="28932.69" CO="576.27" HC="3.34" NOx="13.36" PMx="0.71" fuel="12.44" electricity="0.00" noise="107.53" route="routeright" type="cfm-slow" waiting="0.00" lane="right_0" pos="33.80" speed="9.49" angle="303.69" x="97.12" y="123.55"/>
    </timestep>
    <timestep time="0.74">
        <vehicle id="cfm-fast_0" eclass="HBEFA3/PC_G_EU4" CO2="37689.60" CO="750.89" HC="4.35" NOx="17.48" PMx="0.94" fuel="16.20" electricity="0.00" noise="119.59" route="routeright" type="cfm-fast" waiting="0.00" lane="right_0" pos="49.78" speed="10.09" angle="274.92" x="64.22" y="132.26"/>
        <vehicle id="cfm-fast_1" eclass="HBEFA3/PC_G_EU4" CO2="37689.60" CO="750.89" HC="4.35" NOx="17.48" PMx="0.94" fuel="16.20" electricity="0.00" noise="119.59" route="routetop" type="cfm-fast" waiting="0.00" lane="top_0" pos="15.62" speed="10.09" angle="246.34" x="31.31" y="124.16"/>
        <vehicle id="cfm-fast_2" eclass="HBEFA3/PC_G_EU4" CO2="37689.60" CO="750.89" HC="4.35" NOx="17.48" PMx="0.94" fuel="16.20" electricity="0.00" noise="119.59" route="routetop" type="cfm-fast" waiting="0.00" lane="top_0" pos="31.45" speed="10.09" angle="217.92" x="6.40" y="101.44"/>
        <vehicle id="cfm-fast_3" eclass="HBEFA3/PC_G_EU4" CO2="37689.60" CO="750.89" HC="4.35" NOx="17.48" PMx="0.94" fuel="16.20" electricity="0.00" noise="119.59" route="routetop" type="cfm-fast" waiting="0.00" lane="top_0" pos="47.28" speed="10.09" angle="189.46" x="-4.69" y="69.60"/>
        <vehicle id="cfm-fast_4" eclass="HBEFA3/PC_G_EU4" CO2="37689.60" CO="750.89" HC="4.35" NOx="17.48" PMx="0.94" fuel="16.20" electricity="0.00" noise="119.59" route="routeleft" type="cfm-fast" waiting="0.00" lane="left_0" pos="13.12" speed="10.09" angle="160.90" x="0.82" y="36.14"/>
        <vehicle id="cfm-fast_5" eclass="HBEFA3/PC_G_EU4" CO2="37983.36" CO="756.93" HC="4.38" NOx="17.62" PMx="0.95" fuel="16.33" electricity="0.00" noise="120.08" route="routeleft" type="cfm-fast" waiting="0.00" lane="left_0" pos="28.95" speed="10.09" angle="132.37" x="21.52" y="9.54"/>
        <vehicle id="cfm-slow_0" eclass="HBEFA3/PC_G_EU4" CO2="27872.67" CO="553.85" HC="3.21" NOx="12.86" PMx="0.69" fuel="11.98" electricity="0.00" noise="105.37" route="routebottom" type="cfm-slow" waiting="0.00" lane="bottom_0" pos="4.73" speed="9.55" angle="86.02" x="73.89" y="-4.18"/>
        <vehicle id="cfm-slow_1" eclass="HBEFA3/PC_G_EU4" CO2="27872.68" CO="553.85" HC="3.21" NOx="12.86" PMx="0.69" fuel="11.98" electricity="0.00" noise="105.37" route="routebottom" type="cfm-slow" waiting="0.00" lane="bottom_0" pos="20.56" speed="9.55" angle="57.48" x="104.97" y="8.88"/>
        <vehicle id="cfm-slow_2" eclass="HBEFA3/PC_G_EU4" CO2="27872.95" CO="553.85" HC="3.21" NOx="12.86" PMx="0.69" fuel="11.98" electricity="0.00" noise="105.37" route="routebottom" type="cfm-slow" waiting="0.00" lane="bottom_0" pos="36.39" speed="9.55" angle="29.03" x="126.08" y="35.18"/>
        <vehicle id="cfm-slow_3" eclass="HBEFA3/PC_G_EU4" CO2="27878.71" CO="553.97" HC="3.21" NOx="12.87" PMx="0.69" fuel="11.98" electricity="0.00" noise="105.38" route="routebottom" type="cfm-slow" waiting="0.00" lane="right_0" pos="2.23" speed="9.55" angle="0.48" x="132.10" y="68.54"/>
        <vehicle id="cfm-slow_4" eclass="HBEFA3/PC_G_EU4" CO2="27971.44" CO="555.85" HC="3.22" NOx="12.91" PMx="0.69" fuel="12.02" electricity="0.00" noise="105.53" route="routeright" type="cfm-slow" waiting="0.00" lane="right_0" pos="18.06" speed="9.56" angle="332.03" x="121.51" y="100.56"/>
        <vehicle id="cfm-slow_5" eclass="HBEFA3/PC_G_EU4" CO2="29066.74" CO="577.98" HC="3.35" NOx="13.42" PMx="0.72" fuel="12.49" electricity="0.00" noise="107.27" route="routeright" type="cfm-slow" waiting="0.00" lane="right_0" pos="33.90" speed="9.60" angle="303.51" x="96.94" y="123.65"/>
    </timestep>
    <timestep time="0.75">
        <vehicle id="cfm-fast_0" eclass="HBEFA3/PC_G_EU4" CO2="37838.45" CO="752.72" HC="4.36" NOx="17.55" PMx="0.94" fuel="16.26" electricity="0.00" noise="119.11" route="routeright" type="cfm-fast" waiting="0.00" lane="right_0" pos="49.89" speed="10.22" angle="274.73" x="64.00" y="132.27"/>
        <vehicle id="cfm-fast_1" eclass="HBEFA3/PC_G_EU4" CO2="37838.45" CO="752.72" HC="4.36" NOx="17.55" PMx="0.94" fuel="16.26" electricity="0.00" noise="119.11" route="routetop" type="cfm-fast" waiting="0.00" lane="top_0" pos="15.72" speed="10.22" angle="246.15" x="31.12" y="124.05"/>
        <vehicle id="cfm-fast_2" eclass="HBEFA3/PC_G_EU4" CO2="37838.45" CO="752.72" HC="4.36" NOx="17.55" PMx="0.94" fuel="16.26" electricity="0.00" noise="119.11" route="routetop" type="cfm-fast" waiting="0.00" lane="top_0" pos="31.55" speed="10.22" angle="217.74" x="6.28" y="101.25"/>
        <vehicle id="cfm-fast_3" eclass="HBEFA3/PC_G_EU4" CO2="37838.45" CO="752.72" HC="4.36" NOx="17.55" PMx="0.94" fuel="16.26" electricity="0.00" noise="119.11" route="routetop" type="cfm-fast" waiting="0.00" lane="top_0" pos="47.39" speed="10.22" angle="189.29" x="-4.71" y="69.38"/>
        <vehicle id="cfm-fast_4" eclass="HBEFA3/PC_G_EU4" CO2="37841.18" CO="752.78" HC="4.36" NOx="17.55" PMx="0.94" fuel="16.27" electricity="0.00" noise="119.11" route="routeleft" type="cfm-fast" waiting="0.00" lane="left_0" pos="13.22" speed="10.22" angle="160.71" x="0.91" y="35.94"/>
        <vehicle id="cfm-fast_5" eclass="HBEFA3/PC_G_EU4" CO2="38472.13" CO="765.74" HC="4.44" NOx="17.85" PMx="0.96" fuel="16.54" electricity="0.00" noise="120.14" route="routeleft" type="cfm-fast" waiting="0.00" lane="left_0" pos="29.05" speed="10.23" angle="132.18" x="21.70" y="9.40"/>
        <vehicle id="cfm-slow_0" eclass="HBEFA3/PC_G_EU4" CO2="27914.59" CO="553.72" HC="3.21" NOx="12.88" PMx="0.69" fuel="12.00" electricity="0.00" noise="105.00" route="routebottom" type="cfm-slow" waiting="0.00" lane="bottom_0" pos="4.82" speed="9.66" angle="85.84" x="74.09" y="-4.15"/>
        <vehicle id="cfm-slow_1" eclass="HBEFA3/PC_G_EU4" CO2="27914.60" CO="553.72" HC="3.21" NOx="12.88" PMx="0.69" fuel="12.00" electricity="0.00" noise="105.00" route="routebottom" type="cfm-slow" waiting="0.00" lane="bottom_0" pos="20.66" speed="9.66" angle="57.30" x="105.14" y="9.01"/>
        <vehicle id="cfm-slow_2" eclass="HBEFA3/PC_G_EU4" CO2="27914.93" CO="553.73" HC="3.21" NOx="12.88" PMx="0.69" fuel="12.00" electricity="0.00" noise="105.00" route="routebottom" type="cfm-slow" waiting="0.00" lane="bottom_0" pos="36.49" speed="9.66" angle="28.85" x="126.16" y="35.37"/>
        <vehicle id="cfm-slow_3" eclass="HBEFA3/PC_G_EU4" CO2="27921.56" CO="553.86" HC="3.21" NOx="12.88" PMx="0.69" fuel="12.00" electricity="0.00" noise="105.01" route="routebottom" type="cfm-slow" waiting="0.00" lane="right_0" pos="2.32" speed="9.66" angle="0.31" x="132.08" y="68.75"/>
        <vehicle id="cfm-slow_4" eclass="HBEFA3/PC_G_EU4" CO2="28024.44" CO="555.95" HC="3.22" NOx="12.93" PMx="0.69" fuel="12.05" electricity="0.00" noise="105.18" route="routeright" type="cfm-slow" waiting="0.00" lane="right_0" pos="18.16" speed="9.66" angle="331.84" x="121.40" y="100.73"/>
        <vehicle id="cfm-slow_5" eclass="HBEFA3/PC_G_EU4" CO2="29196.44" CO="579.62" HC="3.36" NOx="13.48" PMx="0.72" fuel="12.55" electricity="0.00" noise="107.01" route="routeright" type="cfm-slow" waiting="0.00" lane="right_0" pos="33.99" speed="9.71" angle="303.33" x="96.75" y="123.75"/>
    </timestep>
    <timestep time="0.76">
        <vehicle id="cfm-fast_0" eclass="HBEFA3/PC_G_EU4" CO2="37977.75" CO="754.39" HC="4.37" NOx="17.61" PMx="0.95" fuel="16.32" electricity="0.00" noise="118.63" route="routeright" type="cfm-fast" waiting="0.00" lane="right_0" pos="49.99" speed="10.36" angle="274.57" x="63.78" y="132.27"/>
        <vehicle id="cfm-fast_1" eclass="HBEFA3/PC_G_EU4" CO2="37977.75" CO="754.39" HC="4.37" NOx="17.61" PMx="0.95" fuel="16.32" electricity="0.00" noise="118.63" route="routetop" type="cfm-fast" waiting="0.00" lane="top_0" pos="15.82" speed="10.36" angle="245.97" x="30.92" y="123.94"/>
        <vehicle id="cfm-fast_2" eclass="HBEFA3/PC_G_EU4" CO2="37977.75" CO="754.39" HC="4.37" NOx="17.61" PMx="0.95" fuel="16.32" electricity="0.00" noise="118.63" route="routetop" type="cfm-fast" waiting="0.00" lane="top_0" pos="31.66" speed="10.36" angle="217.55" x="6.15" y="101.07"/>
        <vehicle id="cfm-fast_3" eclass="HBEFA3/PC_G_EU4" CO2="37977.77" CO="754.39" HC="4.37" NOx="17.61" PMx="0.95" fuel="16.32" electricity="0.00" noise="118.63" route="routetop" type="cfm-fast" waiting="0.00" lane="top_0" pos="47.49" speed="10.36" angle="189.14" x="-4.73" y="69.16"/>
        <vehicle id="cfm-fast_4" eclass="HBEFA3/PC_G_EU4" CO2="37986.38" CO="754.56" HC="4.37" NOx="17.61" PMx="0.95" fuel="16.33" electricity="0.00" noise="118.65" route="routeleft" type="cfm-fast" waiting="0.00" lane="left_0" pos="13.32" speed="10.36" angle="160.52" x="1.00" y="35.74"/>
        <vehicle id="cfm-fast_5" eclass="HBEFA3/PC_G_EU4" CO2="38961.19" CO="774.57" HC="4.49" NOx="18.07" PMx="0.97" fuel="16.75" electricity="0.00" noise="120.20" route="routeleft" type="cfm-fast" waiting="0.00" lane="left_0" pos="29.16" speed="10.36" angle="131.98" x="21.87" y="9.26"/>
        <vehicle id="cfm-slow_0" eclass="HBEFA3/PC_G_EU4" CO2="27951.33" CO="553.50" HC="3.21" NOx="12.89" PMx="0.69" fuel="12.01" electricity="0.00" noise="104.64" route="routebottom" type="cfm-slow" waiting="0.00" lane="bottom_0" pos="4.92" speed="9.76" angle="85.67" x="74.30" y="-4.12"/>
        <vehicle id="cfm-slow_1" eclass="HBEFA3/PC_G_EU4" CO2="27951.35" CO="553.51" HC="3.21" NOx="12.89" PMx="0.69" fuel="12.01" electricity="0.00" noise="104.64" route="routebottom" type="cfm-slow" waiting="0.00" lane="bottom_0" pos="20.75" speed="9.76" angle="57.12" x="105.30" y="9.14"/>
        <vehicle id="cfm-slow_2" eclass="HBEFA3/PC_G_EU4" CO2="27951.74" CO="553.51" HC="3.21" NOx="12.89" PMx="0.69" fuel="12.02" electricity="0.00" noise="104.64" route="routebottom" type="cfm-slow" waiting="0.00" lane="bottom_0" pos="36.59" speed="9.76" angle="28.66" x="126.25" y="35.56"/>
        <vehicle id="cfm-slow_3" eclass="HBEFA3/PC_G_EU4" CO2="27959.33" CO="553.67" HC="3.21" NOx="12.90" PMx="0.69" fuel="12.02" electricity="0.00" noise="104.65" route="routebottom" type="cfm-slow" waiting="0.00" lane="right_0" pos="2.42" speed="9.76" angle="0.13" x="132.07" y="68.96"/>
        <vehicle id="cfm-slow_4" eclass="HBEFA3/PC_G_EU4" CO2="28073.06" CO="555.97" HC="3.22" NOx="12.95" PMx="0.69" fuel="12.07" electricity="0.00" noise="104.83" route="routeright" type="cfm-slow" waiting="0.00" lane="right_0" pos="18.25" speed="9.76" angle="331.65" x="121.28" y="100.90"/>
        <vehicle id="cfm-slow_5" eclass="HBEFA3/PC_G_EU4" CO2="29321.54" CO="581.19" HC="3.37" NOx="13.54" PMx="0.72" fuel="12.60" electricity="0.00" noise="106.76" route="routeright" type="cfm-slow" waiting="0.00" lane="right_0" pos="34.09" speed="9.81" angle="303.16" x="96.57" y="123.85"/>
    </timestep>
    <timestep time="0.77">
        <vehicle id="cfm-fast_0" eclass="HBEFA3/PC_G_EU4" CO2="38107.73" CO="755.88" HC="4.38" NOx="17.67" PMx="0.95" fuel="16.38" electricity="0.00" noise="118.16" route="routetop" type="cfm-fast" waiting="0.00" lane="top_0" pos="0.09" speed="10.49" angle="274.30" x="63.37" y="132.27"/>
        <vehicle id="cfm-fast_1" eclass="HBEFA3/PC_G_EU4" CO2="38107.73" CO="755.88" HC="4.38" NOx="17.67" PMx="0.95" fuel="16.38" electricity="0.00" noise="118.16" route="routetop" type="cfm-fast" waiting="0.00" lane="top_0" pos="15.93" speed="10.49" angle="245.78" x="30.72" y="123.83"/>
        <vehicle id="cfm-fast_2" eclass="HBEFA3/PC_G_EU4" CO2="38107.73" CO="755.88" HC="4.38" NOx="17.67" PMx="0.95" fuel="16.38" electricity="0.00" noise="118.16" route="routetop" type="cfm-fast" waiting="0.00" lane="top_0" pos="31.76" speed="10.49" angle="217.36" x="6.03" y="100.88"/>
        <vehicle id="cfm-fast_3" eclass="HBEFA3/PC_G_EU4" CO2="38107.84" CO="755.89" HC="4.38" NOx="17.67" PMx="0.95" fuel="16.38" electricity="0.00" noise="118.16" route="routetop" type="cfm-fast" waiting="0.00" lane="top_0" pos="47.59" speed="10.49" angle="188.94" x="-4.74" y="68.93"/>
        <vehicle id="cfm-fast_4" eclass="HBEFA3/PC_G_EU4" CO2="38125.53" CO="756.25" HC="4.38" NOx="17.68" PMx="0.95" fuel="16.39" electricity="0.00" noise="118.19" route="routeleft" type="cfm-fast" waiting="0.00" lane="left_0" pos="13.43" speed="10.49" angle="160.33" x="1.09" y="35.53"/>
        <vehicle id="cfm-fast_5" eclass="HBEFA3/PC_G_EU4" CO2="39450.54" CO="783.42" HC="4.54" NOx="18.30" PMx="0.99" fuel="16.96" electricity="0.00" noise="120.26" route="routeleft" type="cfm-fast" waiting="0.00" lane="left_0" pos="29.26" speed="10.50" angle="131.79" x="22.05" y="9.12"/>
        <vehicle id="cfm-slow_0" eclass="HBEFA3/PC_G_EU4" CO2="27983.03" CO="553.20" HC="3.21" NOx="12.91" PMx="0.69" fuel="12.03" electricity="0.00" noise="104.27" route="routebottom" type="cfm-slow" waiting="0.00" lane="bottom_0" pos="5.02" speed="9.86" angle="85.42" x="74.51" y="-4.09"/>
        <vehicle id="cfm-slow_1" eclass="HBEFA3/PC_G_EU4" CO2="27983.05" CO="553.20" HC="3.21" NOx="12.91" PMx="0.69" fuel="12.03" electricity="0.00" noise="104.27" route="routebottom" type="cfm-slow" waiting="0.00" lane="bottom_0" pos="20.85" speed="9.86" angle="56.94" x="105.47" y="9.27"/>
        <vehicle id="cfm-slow_2" eclass="HBEFA3/PC_G_EU4" CO2="27983.52" CO="553.21" HC="3.21" NOx="12.91" PMx="0.69" fuel="12.03" electricity="0.00" noise="104.27" route="routebottom" type="cfm-slow" waiting="0.00" lane="bottom_0" pos="36.68" speed="9.86" angle="28.46" x="126.33" y="35.76"/>
        <vehicle id="cfm-slow_3" eclass="HBEFA3/PC_G_EU4" CO2="27992.16" CO="553.39" HC="3.21" NOx="12.91" PMx="0.69" fuel="12.03" electricity="0.00" noise="104.29" route="routebottom" type="cfm-slow" waiting="0.00" lane="right_0" pos="2.52" speed="9.86" angle="359.98" x="132.06" y="69.17"/>
        <vehicle id="cfm-slow_4" eclass="HBEFA3/PC_G_EU4" CO2="28117.42" CO="555.93" HC="3.22" NOx="12.97" PMx="0.69" fuel="12.09" electricity="0.00" noise="104.49" route="routeright" type="cfm-slow" waiting="0.00" lane="right_0" pos="18.35" speed="9.86" angle="331.46" x="121.16" y="101.08"/>
        <vehicle id="cfm-slow_5" eclass="HBEFA3/PC_G_EU4" CO2="29442.13" CO="582.67" HC="3.38" NOx="13.59" PMx="0.73" fuel="12.66" electricity="0.00" noise="106.51" route="routeright" type="cfm-slow" waiting="0.00" lane="right_0" pos="34.19" speed="9.92" angle="302.98" x="96.38" y="123.96"/>
    </timestep>
    <timestep time="0.78">
        <vehicle id="cfm-fast_0" eclass="HBEFA3/PC_G_EU4" CO2="38228.64" CO="757.22" HC="4.39" NOx="17.72" PMx="0.95" fuel="16.43" electricity="0.00" noise="117.69" route="routetop" type="cfm-fast" waiting="0.00" lane="top_0" pos="0.20" speed="10.62" angle="274.11" x="63.14" y="132.26"/>
        <vehicle id="cfm-fast_1" eclass="HBEFA3/PC_G_EU4" CO2="38228.64" CO="757.22" HC="4.39" NOx="17.72" PMx="0.95" fuel="16.43" electricity="0.00" noise="117.69" route="routetop" type="cfm-fast" waiting="0.00" lane="top_0" pos="16.03" speed="10.62" angle="245.59" x="30.52" y="123.72"/>
        <vehicle id="cfm-fast_2" eclass="HBEFA3/PC_G_EU4" CO2="38228.64" CO="757.22" HC="4.39" NOx="17.72" PMx="0.95" fuel="16.43" electricity="0.00" noise="117.69" route="routetop" type="cfm-fast" waiting="0.00" lane="top_0" pos="31.87" speed="10.62" angle="217.17" x="5.90" y="100.69"/>
        <vehicle id="cfm-fast_3" eclass="HBEFA3/PC_G_EU4" CO2="38228.91" CO="757.22" HC="4.39" NOx="17.72" PMx="0.95" fuel="16.43" electricity="0.00" noise="117.69" route="routetop" type="cfm-fast" waiting="0.00" lane="top_0" pos="47.70" speed="10.62" angle="188.74" x="-4.76" y="68.70"/>
        <vehicle id="cfm-fast_4" eclass="HBEFA3/PC_G_EU4" CO2="38258.96" CO="757.84" HC="4.39" NOx="17.74" PMx="0.95" fuel="16.45" electricity="0.00" noise="117.74" route="routeleft" type="cfm-fast" waiting="0.00" lane="left_0" pos="13.53" speed="10.62" angle="160.13" x="1.19" y="35.33"/>
        <vehicle id="cfm-fast_5" eclass="HBEFA3/PC_G_EU4" CO2="39940.18" CO="792.30" HC="4.59" NOx="18.53" PMx="1.00" fuel="17.17" electricity="0.00" noise="120.32" route="routeleft" type="cfm-fast" waiting="0.00" lane="left_0" pos="29.37" speed="10.64" angle="131.60" x="22.23" y="8.98"/>
        <vehicle id="cfm-slow_0" eclass="HBEFA3/PC_G_EU4" CO2="28009.82" CO="552.82" HC="3.21" NOx="12.92" PMx="0.69" fuel="12.04" electricity="0.00" noise="103.91" route="routebottom" type="cfm-slow" waiting="0.00" lane="bottom_0" pos="5.12" speed="9.96" angle="85.27" x="74.72" y="-4.06"/>
        <vehicle id="cfm-slow_1" eclass="HBEFA3/PC_G_EU4" CO2="28009.85" CO="552.82" HC="3.21" NOx="12.92" PMx="0.69" fuel="12.04" electricity="0.00" noise="103.91" route="routebottom" type="cfm-slow" waiting="0.00" lane="bottom_0" pos="20.95" speed="9.96" angle="56.76" x="105.64" y="9.40"/>
        <vehicle id="cfm-slow_2" eclass="HBEFA3/PC_G_EU4" CO2="28010.39" CO="552.83" HC="3.21" NOx="12.92" PMx="0.69" fuel="12.04" electricity="0.00" noise="103.92" route="routebottom" type="cfm-slow" waiting="0.00" lane="bottom_0" pos="36.78" speed="9.96" angle="28.27" x="126.42" y="35.95"/>
        <vehicle id="cfm-slow_3" eclass="HBEFA3/PC_G_EU4" CO2="28020.19" CO="553.03" HC="3.21" NOx="12.92" PMx="0.69" fuel="12.04" electricity="0.00" noise="103.93" route="routebottom" type="cfm-slow" waiting="0.00" lane="right_0" pos="2.62" speed="9.96" angle="359.80" x="132.04" y="69.39"/>
        <vehicle id="cfm-slow_4" eclass="HBEFA3/PC_G_EU4" CO2="28157.66" CO="555.82" HC="3.22" NOx="12.99" PMx="0.69" fuel="12.10" electricity="0.00" noise="104.15" route="routeright" type="cfm-slow" waiting="0.00" lane="right_0" pos="18.45" speed="9.96" angle="331.26" x="121.04" y="101.26"/>
        <vehicle id="cfm-slow_5" eclass="HBEFA3/PC_G_EU4" CO2="29558.26" CO="584.08" HC="3.39" NOx="13.65" PMx="0.73" fuel="12.71" electricity="0.00" noise="106.26" route="routeright" type="cfm-slow" waiting="0.00" lane="right_0" pos="34.29" speed="10.03" angle="302.79" x="96.19" y="124.06"/>
    </timestep>
    <timestep time="0.79">
        <vehicle id="cfm-fast_0" eclass="HBEFA3/PC_G_EU4" CO2="38340.68" CO="758.39" HC="4.40" NOx="17.77" PMx="0.96" fuel="16.48" electricity="0.00" noise="117.23" route="routetop" type="cfm-fast" waiting="0.00" lane="top_0" pos="0.31" speed="10.75" angle="273.92" x="62.91" y="132.26"/>
        <vehicle id="cfm-fast_1" eclass="HBEFA3/PC_G_EU4" CO2="38340.68" CO="758.39" HC="4.40" NOx="17.77" PMx="0.96" fuel="16.48" electricity="0.00" noise="117.23" route="routetop" type="cfm-fast" waiting="0.00" lane="top_0" pos="16.14" speed="10.75" angle="245.39" x="30.32" y="123.61"/>
        <vehicle id="cfm-fast_2" eclass="HBEFA3/PC_G_EU4" CO2="38340.68" CO="758.39" HC="4.40" NOx="17.77" PMx="0.96" fuel="16.48" electricity="0.00" noise="117.23" route="routetop" type="cfm-fast" waiting="0.00" lane="top_0" pos="31.98" speed="10.75" angle="217.00" x="5.77" y="100.50"/>
        <vehicle id="cfm-fast_3" eclass="HBEFA3/PC_G_EU4" CO2="38341.23" CO="758.41" HC="4.40" NOx="17.77" PMx="0.96" fuel="16.48" electricity="0.00" noise="117.23" route="routetop" type="cfm-fast" waiting="0.00" lane="top_0" pos="47.81" speed="10.75" angle="188.53" x="-4.77" y="68.47"/>
        <vehicle id="cfm-fast_4" eclass="HBEFA3/PC_G_EU4" CO2="38386.97" CO="759.34" HC="4.40" NOx="17.79" PMx="0.96" fuel="16.50" electricity="0.00" noise="117.30" route="routeleft" type="cfm-fast" waiting="0.00" lane="left_0" pos="13.64" speed="10.75" angle="159.93" x="1.28" y="35.11"/>
        <vehicle id="cfm-fast_5" eclass="HBEFA3/PC_G_EU4" CO2="40430.12" CO="801.20" HC="4.65" NOx="18.76" PMx="1.01" fuel="17.38" electricity="0.00" noise="120.38" route="routeleft" type="cfm-fast" waiting="0.00" lane="left_0" pos="29.48" speed="10.77" angle="131.45" x="22.41" y="8.84"/>
        <vehicle id="cfm-slow_0" eclass="HBEFA3/PC_G_EU4" CO2="28031.82" CO="552.35" HC="3.20" NOx="12.92" PMx="0.69" fuel="12.05" electricity="0.00" noise="103.56" route="routebottom" type="cfm-slow" waiting="0.00" lane="bottom_0" pos="5.22" speed="10.06" angle="85.09" x="74.94" y="-4.02"/>
        <vehicle id="cfm-slow_1" eclass="HBEFA3/PC_G_EU4" CO2="28031.85" CO="552.35" HC="3.20" NOx="12.92" PMx="0.69" fuel="12.05" electricity="0.00" noise="103.56" route="routebottom" type="cfm-slow" waiting="0.00" lane="bottom_0" pos="21.05" speed="10.06" angle="56.58" x="105.81" y="9.54"/>
        <vehicle id="cfm-slow_2" eclass="HBEFA3/PC_G_EU4" CO2="28032.49" CO="552.36" HC="3.20" NOx="12.92" PMx="0.69" fuel="12.05" electricity="0.00" noise="103.56" route="routebottom" type="cfm-slow" waiting="0.00" lane="bottom_0" pos="36.88" speed="10.06" angle="28.07" x="126.51" y="36.15"/>
        <vehicle id="cfm-slow_3" eclass="HBEFA3/PC_G_EU4" CO2="28043.56" CO="552.59" HC="3.21" NOx="12.93" PMx="0.69" fuel="12.05" electricity="0.00" noise="103.58" route="routebottom" type="cfm-slow" waiting="0.00" lane="right_0" pos="2.72" speed="10.06" angle="359.62" x="132.02" y="69.60"/>
        <vehicle id="cfm-slow_4" eclass="HBEFA3/PC_G_EU4" CO2="28193.90" CO="555.64" HC="3.22" NOx="13.00" PMx="0.69" fuel="12.12" electricity="0.00" noise="103.81" route="routeright" type="cfm-slow" waiting="0.00" lane="right_0" pos="18.55" speed="10.06" angle="331.07" x="120.92" y="101.44"/>
        <vehicle id="cfm-slow_5" eclass="HBEFA3/PC_G_EU4" CO2="29670.00" CO="585.42" HC="3.40" NOx="13.70" PMx="0.73" fuel="12.75" electricity="0.00" noise="106.01" route="routeright" type="cfm-slow" waiting="0.00" lane="right_0" pos="34.39" speed="10.13" angle="302.61" x="96.00" y="124.17"/>
    </timestep>
    <timestep time="0.80">
        <vehicle id="cfm-fast_0" eclass="HBEFA3/PC_G_EU4" CO2="38444.08" CO="759.42" HC="4.41" NOx="17.82" PMx="0.96" fuel="16.53" electricity="0.00" noise="116.77" route="routetop" type="cfm-fast" waiting="0.00" lane="top_0" pos="0.42" speed="10.88" angle="273.72" x="62.67" y="132.25"/>
        <vehicle id="cfm-fast_1" eclass="HBEFA3/PC_G_EU4" CO2="38444.08" CO="759.42" HC="4.41" NOx="17.82" PMx="0.96" fuel="16.53" electricity="0.00" noise="116.77" route="routetop" type="cfm-fast" waiting="0.00" lane="top_0" pos="16.25" speed="10.88" angle="245.20" x="30.12" y="123.50"/>
        <vehicle id="cfm-fast_2" eclass="HBEFA3/PC_G_EU4" CO2="38444.09" CO="759.42" HC="4.41" NOx="17.82" PMx="0.96" fuel="16.53" electricity="0.00" noise="116.77" route="routetop" type="cfm-fast" waiting="0.00" lane="top_0" pos="32.08" speed="10.88" angle="216.84" x="5.65" y="100.30"/>
        <vehicle id="cfm-fast_3" eclass="HBEFA3/PC_G_EU4" CO2="38445.07" CO="759.44" HC="4.41" NOx="17.82" PMx="0.96" fuel="16.53" electricity="0.00" noise="116.77" route="routetop" type="cfm-fast" waiting="0.00" lane="top_0" pos="47.92" speed="10.88" angle="188.32" x="-4.78" y="68.24"/>
        <vehicle id="cfm-fast_4" eclass="HBEFA3/PC_G_EU4" CO2="38509.86" CO="760.77" HC="4.41" NOx="17.85" PMx="0.96" fuel="16.55" electricity="0.00" noise="116.86" route="routeleft" type="cfm-fast" waiting="0.00" lane="left_0" pos="13.75" speed="10.88" angle="159.73" x="1.38" y="34.90"/>
        <vehicle id="cfm-fast_5" eclass="HBEFA3/PC_G_EU4" CO2="40920.34" CO="810.11" HC="4.70" NOx="18.98" PMx="1.02" fuel="17.59" electricity="0.00" noise="120.44" route="routeleft" type="cfm-fast" waiting="0.00" lane="left_0" pos="29.58" speed="10.91" angle="131.26" x="22.60" y="8.70"/>
        <vehicle id="cfm-slow_0" eclass="HBEFA3/PC_G_EU4" CO2="28049.17" CO="551.80" HC="3.20" NOx="12.93" PMx="0.69" fuel="12.06" electricity="0.00" noise="103.21" route="routebottom" type="cfm-slow" waiting="0.00" lane="bottom_0" pos="5.32" speed="10.16" angle="84.90" x="75.15" y="-3.98"/>
        <vehicle id="cfm-slow_1" eclass="HBEFA3/PC_G_EU4" CO2="28049.20" CO="551.80" HC="3.20" NOx="12.93" PMx="0.69" fuel="12.06" electricity="0.00" noise="103.21" route="routebottom" type="cfm-slow" waiting="0.00" lane="bottom_0" pos="21.15" speed="10.16" angle="56.40" x="105.98" y="9.67"/>
        <vehicle id="cfm-slow_2" eclass="HBEFA3/PC_G_EU4" CO2="28049.94" CO="551.82" HC="3.20" NOx="12.93" PMx="0.69" fuel="12.06" electricity="0.00" noise="103.21" route="routebottom" type="cfm-slow" waiting="0.00" lane="bottom_0" pos="36.99" speed="10.16" angle="27.88" x="126.60" y="36.35"/>
        <vehicle id="cfm-slow_3" eclass="HBEFA3/PC_G_EU4" CO2="28062.41" CO="552.07" HC="3.20" NOx="12.94" PMx="0.69" fuel="12.06" electricity="0.00" noise="103.23" route="routebottom" type="cfm-slow" waiting="0.00" lane="right_0" pos="2.82" speed="10.16" angle="359.44" x="132.00" y="69.82"/>
        <vehicle id="cfm-slow_4" eclass="HBEFA3/PC_G_EU4" CO2="28226.27" CO="555.39" HC="3.22" NOx="13.01" PMx="0.69" fuel="12.13" electricity="0.00" noise="103.48" route="routeright" type="cfm-slow" waiting="0.00" lane="right_0" pos="18.65" speed="10.16" angle="330.87" x="120.80" y="101.62"/>
        <vehicle id="cfm-slow_5" eclass="HBEFA3/PC_G_EU4" CO2="29777.42" CO="586.68" HC="3.40" NOx="13.74" PMx="0.73" fuel="12.80" electricity="0.00" noise="105.76" route="routeright" type="cfm-slow" waiting="0.00" lane="right_0" pos="34.49" speed="10.23" angle="302.42" x="95.81" y="124.27"/>
    </timestep>
    <timestep time="0.81">
        <vehicle id="cfm-fast_0" eclass="HBEFA3/PC_G_EU4" CO2="38539.06" CO="760.29" HC="4.41" NOx="17.86" PMx="0.96" fuel="16.57" electricity="0.00" noise="116.31" route="routetop" type="cfm-fast" waiting="0.00" lane="top_0" pos="0.53" speed="11.00" angle="273.52" x="62.44" y="132.25"/>
        <vehicle id="cfm-fast_1" eclass="HBEFA3/PC_G_EU4" CO2="38539.06" CO="760.29" HC="4.41" NOx="17.86" PMx="0.96" fuel="16.57" electricity="0.00" noise="116.31" route="routetop" type="cfm-fast" waiting="0.00" lane="top_0" pos="16.36" speed="11.00" angle="245.00" x="29.91" y="123.38"/>
        <vehicle id="cfm-fast_2" eclass="HBEFA3/PC_G_EU4" CO2="38539.08" CO="760.29" HC="4.41" NOx="17.86" PMx="0.96" fuel="16.57" electricity="0.00" noise="116.31" route="routetop" type="cfm-fast" waiting="0.00" lane="top_0" pos="32.19" speed="11.00" angle="216.63" x="5.52" y="100.10"/>
        <vehicle id="cfm-fast_3" eclass="HBEFA3/PC_G_EU4" CO2="38540.66" CO="760.32" HC="4.41" NOx="17.86" PMx="0.96" fuel="16.57" electricity="0.00" noise="116.31" route="routetop" type="cfm-fast" waiting="0.00" lane="top_0" pos="48.03" speed="11.00" angle="188.11" x="-4.80" y="68.00"/>
        <vehicle id="cfm-fast_4" eclass="HBEFA3/PC_G_EU4" CO2="38627.93" CO="762.11" HC="4.42" NOx="17.90" PMx="0.96" fuel="16.60" electricity="0.00" noise="116.44" route="routeleft" type="cfm-fast" waiting="0.00" lane="left_0" pos="13.86" speed="11.00" angle="159.52" x="1.47" y="34.69"/>
        <vehicle id="cfm-fast_5" eclass="HBEFA3/PC_G_EU4" CO2="41410.86" CO="819.05" HC="4.75" NOx="19.21" PMx="1.04" fuel="17.80" electricity="0.00" noise="120.50" route="routeleft" type="cfm-fast" waiting="0.00" lane="left_0" pos="29.70" speed="11.05" angle="131.05" x="22.80" y="8.56"/>
        <vehicle id="cfm-slow_0" eclass="HBEFA3/PC_G_EU4" CO2="28061.97" CO="551.18" HC="3.20" NOx="12.93" PMx="0.69" fuel="12.06" electricity="0.00" noise="102.86" route="routebottom" type="cfm-slow" waiting="0.00" lane="bottom_0" pos="5.42" speed="10.25" angle="84.72" x="75.37" y="-3.94"/>
        <vehicle id="cfm-slow_1" eclass="HBEFA3/PC_G_EU4" CO2="28062.02" CO="551.18" HC="3.20" NOx="12.93" PMx="0.69" fuel="12.06" electricity="0.00" noise="102.86" route="routebottom" type="cfm-slow" waiting="0.00" lane="bottom_0" pos="21.26" speed="10.25" angle="56.21" x="106.15" y="9.81"/>
        <vehicle id="cfm-slow_2" eclass="HBEFA3/PC_G_EU4" CO2="28062.87" CO="551.20" HC="3.20" NOx="12.93" PMx="0.69" fuel="12.06" electricity="0.00" noise="102.86" route="routebottom" type="cfm-slow" waiting="0.00" lane="bottom_0" pos="37.09" speed="10.25" angle="27.69" x="126.69" y="36.55"/>
        <vehicle id="cfm-slow_3" eclass="HBEFA3/PC_G_EU4" CO2="28076.85" CO="551.48" HC="3.20" NOx="12.94" PMx="0.69" fuel="12.07" electricity="0.00" noise="102.88" route="routebottom" type="cfm-slow" waiting="0.00" lane="right_0" pos="2.92" speed="10.25" angle="359.25" x="131.97" y="70.04"/>
        <vehicle id="cfm-slow_4" eclass="HBEFA3/PC_G_EU4" CO2="28254.89" CO="555.09" HC="3.22" NOx="13.02" PMx="0.69" fuel="12.15" electricity="0.00" noise="103.15" route="routeright" type="cfm-slow" waiting="0.00" lane="right_0" pos="18.76" speed="10.26" angle="330.67" x="120.68" y="101.80"/>
        <vehicle id="cfm-slow_5" eclass="HBEFA3/PC_G_EU4" CO2="29880.59" CO="587.87" HC="3.41" NOx="13.79" PMx="0.74" fuel="12.84" electricity="0.00" noise="105.52" route="routeright" type="cfm-slow" waiting="0.00" lane="right_0" pos="34.60" speed="10.34" angle="302.29" x="95.61" y="124.38"/>
    </timestep>
    <timestep time="0.82">
        <vehicle id="cfm-fast_0" eclass="HBEFA3/PC_G_EU4" CO2="38625.83" CO="761.02" HC="4.42" NOx="17.90" PMx="0.96" fuel="16.60" electricity="0.00" noise="115.86" route="routetop" type="cfm-fast" waiting="0.00" lane="top_0" pos="0.64" speed="11.13" angle="273.32" x="62.20" y="132.24"/>
        <vehicle id="cfm-fast_1" eclass="HBEFA3/PC_G_EU4" CO2="38625.83" CO="761.02" HC="4.42" NOx="17.90" PMx="0.96" fuel="16.60" electricity="0.00" noise="115.86" route="routetop" type="cfm-fast" waiting="0.00" lane="top_0" pos="16.47" speed="11.13" angle="244.80" x="29.70" y="123.27"/>
        <vehicle id="cfm-fast_2" eclass="HBEFA3/PC_G_EU4" CO2="38625.87" CO="761.02" HC="4.42" NOx="17.90" PMx="0.96" fuel="16.60" electricity="0.00" noise="115.86" route="routetop" type="cfm-fast" waiting="0.00" lane="top_0" pos="32.31" speed="11.13" angle="216.42" x="5.40" y="99.89"/>
        <vehicle id="cfm-fast_3" eclass="HBEFA3/PC_G_EU4" CO2="38628.26" CO="761.07" HC="4.42" NOx="17.90" PMx="0.96" fuel="16.60" electricity="0.00" noise="115.86" route="routetop" type="cfm-fast" waiting="0.00" lane="top_0" pos="48.14" speed="11.13" angle="187.90" x="-4.81" y="67.76"/>
        <vehicle id="cfm-fast_4" eclass="HBEFA3/PC_G_EU4" CO2="38741.46" CO="763.39" HC="4.43" NOx="17.95" PMx="0.97" fuel="16.65" electricity="0.00" noise="116.03" route="routeleft" type="cfm-fast" waiting="0.00" lane="left_0" pos="13.97" speed="11.13" angle="159.33" x="1.57" y="34.47"/>
        <vehicle id="cfm-fast_5" eclass="HBEFA3/PC_G_EU4" CO2="41901.67" CO="828.01" HC="4.80" NOx="19.44" PMx="1.05" fuel="18.01" electricity="0.00" noise="120.56" route="routeleft" type="cfm-fast" waiting="0.00" lane="left_0" pos="29.81" speed="11.18" angle="130.85" x="22.99" y="8.42"/>
        <vehicle id="cfm-slow_0" eclass="HBEFA3/PC_G_EU4" CO2="28070.37" CO="550.48" HC="3.20" NOx="12.94" PMx="0.69" fuel="12.07" electricity="0.00" noise="102.51" route="routebottom" type="cfm-slow" waiting="0.00" lane="bottom_0" pos="5.53" speed="10.35" angle="84.53" x="75.59" y="-3.90"/>
        <vehicle id="cfm-slow_1" eclass="HBEFA3/PC_G_EU4" CO2="28070.42" CO="550.48" HC="3.20" NOx="12.94" PMx="0.69" fuel="12.07" electricity="0.00" noise="102.51" route="routebottom" type="cfm-slow" waiting="0.00" lane="bottom_0" pos="21.36" speed="10.35" angle="56.02" x="106.33" y="9.95"/>
        <vehicle id="cfm-slow_2" eclass="HBEFA3/PC_G_EU4" CO2="28071.40" CO="550.50" HC="3.20" NOx="12.94" PMx="0.69" fuel="12.07" electricity="0.00" noise="102.51" route="routebottom" type="cfm-slow" waiting="0.00" lane="bottom_0" pos="37.19" speed="10.35" angle="27.56" x="126.78" y="36.75"/>
        <vehicle id="cfm-slow_3" eclass="HBEFA3/PC_G_EU4" CO2="28087.02" CO="550.82" HC="3.20" NOx="12.94" PMx="0.69" fuel="12.07" electricity="0.00" noise="102.54" route="routebottom" type="cfm-slow" waiting="0.00" lane="right_0" pos="3.03" speed="10.35" angle="359.07" x="131.95" y="70.26"/>
        <vehicle id="cfm-slow_4" eclass="HBEFA3/PC_G_EU4" CO2="28279.87" CO="554.73" HC="3.22" NOx="13.03" PMx="0.69" fuel="12.16" electricity="0.00" noise="102.83" route="routeright" type="cfm-slow" waiting="0.00" lane="right_0" pos="18.86" speed="10.36" angle="330.47" x="120.56" y="101.99"/>
        <vehicle id="cfm-slow_5" eclass="HBEFA3/PC_G_EU4" CO2="29979.58" CO="588.98" HC="3.42" NOx="13.83" PMx="0.74" fuel="12.89" electricity="0.00" noise="105.27" route="routeright" type="cfm-slow" waiting="0.00" lane="right_0" pos="34.70" speed="10.44" angle="302.11" x="95.42" y="124.48"/>
    </timestep>
    <timestep time="0.83">
        <vehicle id="cfm-fast_0" eclass="HBEFA3/PC_G_EU4" CO2="38704.60" CO="761.60" HC="4.42" NOx="17.93" PMx="0.97" fuel="16.64" electricity="0.00" noise="115.41" route="routetop" type="cfm-fast" waiting="0.00" lane="top_0" pos="0.75" speed="11.25" angle="273.12" x="61.95" y="132.24"/>
        <vehicle id="cfm-fast_1" eclass="HBEFA3/PC_G_EU4" CO2="38704.60" CO="761.60" HC="4.42" NOx="17.93" PMx="0.97" fuel="16.64" electricity="0.00" noise="115.41" route="routetop" type="cfm-fast" waiting="0.00" lane="top_0" pos="16.58" speed="11.25" angle="244.62" x="29.49" y="123.15"/>
        <vehicle id="cfm-fast_2" eclass="HBEFA3/PC_G_EU4" CO2="38704.66" CO="761.60" HC="4.42" NOx="17.93" PMx="0.97" fuel="16.64" electricity="0.00" noise="115.41" route="routetop" type="cfm-fast" waiting="0.00" lane="top_0" pos="32.42" speed="11.25" angle="216.21" x="5.28" y="99.69"/>
        <vehicle id="cfm-fast_3" eclass="HBEFA3/PC_G_EU4" CO2="38708.11" CO="761.67" HC="4.42" NOx="17.93" PMx="0.97" fuel="16.64" electricity="0.00" noise="115.42" route="routetop" type="cfm-fast" waiting="0.00" lane="top_0" pos="48.25" speed="11.25" angle="187.68" x="-4.83" y="67.52"/>
        <vehicle id="cfm-fast_4" eclass="HBEFA3/PC_G_EU4" CO2="38850.71" CO="764.59" HC="4.44" NOx="18.00" PMx="0.97" fuel="16.70" electricity="0.00" noise="115.62" route="routeleft" type="cfm-fast" waiting="0.00" lane="left_0" pos="14.08" speed="11.25" angle="159.17" x="1.67" y="34.25"/>
        <vehicle id="cfm-fast_5" eclass="HBEFA3/PC_G_EU4" CO2="42392.77" CO="837.00" HC="4.86" NOx="19.67" PMx="1.06" fuel="18.22" electricity="0.00" noise="120.62" route="routeleft" type="cfm-fast" waiting="0.00" lane="left_0" pos="29.92" speed="11.32" angle="130.64" x="23.19" y="8.28"/>
        <vehicle id="cfm-slow_0" eclass="HBEFA3/PC_G_EU4" CO2="28074.46" CO="549.71" HC="3.19" NOx="12.93" PMx="0.69" fuel="12.07" electricity="0.00" noise="102.17" route="routebottom" type="cfm-slow" waiting="0.00" lane="bottom_0" pos="5.63" speed="10.44" angle="84.34" x="75.81" y="-3.86"/>
        <vehicle id="cfm-slow_1" eclass="HBEFA3/PC_G_EU4" CO2="28074.52" CO="549.71" HC="3.19" NOx="12.93" PMx="0.69" fuel="12.07" electricity="0.00" noise="102.17" route="routebottom" type="cfm-slow" waiting="0.00" lane="bottom_0" pos="21.46" speed="10.44" angle="55.83" x="106.51" y="10.08"/>
        <vehicle id="cfm-slow_2" eclass="HBEFA3/PC_G_EU4" CO2="28075.64" CO="549.73" HC="3.19" NOx="12.94" PMx="0.69" fuel="12.07" electricity="0.00" noise="102.17" route="routebottom" type="cfm-slow" waiting="0.00" lane="bottom_0" pos="37.30" speed="10.44" angle="27.37" x="126.86" y="36.96"/>
        <vehicle id="cfm-slow_3" eclass="HBEFA3/PC_G_EU4" CO2="28093.04" CO="550.08" HC="3.20" NOx="12.94" PMx="0.69" fuel="12.08" electricity="0.00" noise="102.20" route="routebottom" type="cfm-slow" waiting="0.00" lane="right_0" pos="3.13" speed="10.45" angle="358.88" x="131.93" y="70.48"/>
        <vehicle id="cfm-slow_4" eclass="HBEFA3/PC_G_EU4" CO2="28301.33" CO="554.30" HC="3.22" NOx="13.04" PMx="0.70" fuel="12.17" electricity="0.00" noise="102.51" route="routeright" type="cfm-slow" waiting="0.00" lane="right_0" pos="18.96" speed="10.45" angle="330.27" x="120.43" y="102.18"/>
        <vehicle id="cfm-slow_5" eclass="HBEFA3/PC_G_EU4" CO2="30074.45" CO="590.03" HC="3.43" NOx="13.88" PMx="0.74" fuel="12.93" electricity="0.00" noise="105.03" route="routeright" type="cfm-slow" waiting="0.00" lane="right_0" pos="34.81" speed="10.54" angle="301.92" x="95.21" y="124.58"/>
    </timestep>
    <timestep time="0.84">
        <vehicle id="cfm-fast_0" eclass="HBEFA3/PC_G_EU4" CO2="38775.57" CO="762.05" HC="4.43" NOx="17.96" PMx="0.97" fuel="16.67" electricity="0.00" noise="114.97" route="routetop" type="cfm-fast" waiting="0.00" lane="top_0" pos="0.86" speed="11.38" angle="272.91" x="61.71" y="132.24"/>
        <vehicle id="cfm-fast_1" eclass="HBEFA3/PC_G_EU4" CO2="38775.58" CO="762.05" HC="4.43" NOx="17.96" PMx="0.97" fuel="16.67" electricity="0.00" noise="114.97" route="routetop" type="cfm-fast" waiting="0.00" lane="top_0" pos="16.70" speed="11.38" angle="244.44" x="29.28" y="123.03"/>
        <vehicle id="cfm-fast_2" eclass="HBEFA3/PC_G_EU4" CO2="38775.66" CO="762.05" HC="4.43" NOx="17.96" PMx="0.97" fuel="16.67" electricity="0.00" noise="114.97" route="routetop" type="cfm-fast" waiting="0.00" lane="top_0" pos="32.53" speed="11.38" angle="215.99" x="5.15" y="99.48"/>
        <vehicle id="cfm-fast_3" eclass="HBEFA3/PC_G_EU4" CO2="38780.44" CO="762.15" HC="4.43" NOx="17.96" PMx="0.97" fuel="16.67" electricity="0.00" noise="114.97" route="routetop" type="cfm-fast" waiting="0.00" lane="top_0" pos="48.36" speed="11.38" angle="187.47" x="-4.84" y="67.28"/>
        <vehicle id="cfm-fast_4" eclass="HBEFA3/PC_G_EU4" CO2="38955.96" CO="765.74" HC="4.45" NOx="18.05" PMx="0.97" fuel="16.75" electricity="0.00" noise="115.22" route="routeleft" type="cfm-fast" waiting="0.00" lane="left_0" pos="14.20" speed="11.38" angle="158.95" x="1.78" y="34.03"/>
        <vehicle id="cfm-fast_5" eclass="HBEFA3/PC_G_EU4" CO2="42884.17" CO="846.00" HC="4.91" NOx="19.90" PMx="1.07" fuel="18.43" electricity="0.00" noise="120.68" route="routeleft" type="cfm-fast" waiting="0.00" lane="left_0" pos="30.03" speed="11.45" angle="130.43" x="23.39" y="8.13"/>
        <vehicle id="cfm-slow_0" eclass="HBEFA3/PC_G_EU4" CO2="28074.37" CO="548.86" HC="3.19" NOx="12.93" PMx="0.69" fuel="12.07" electricity="0.00" noise="101.83" route="routebottom" type="cfm-slow" waiting="0.00" lane="bottom_0" pos="5.74" speed="10.54" angle="84.14" x="76.03" y="-3.82"/>
        <vehicle id="cfm-slow_1" eclass="HBEFA3/PC_G_EU4" CO2="28074.44" CO="548.86" HC="3.19" NOx="12.93" PMx="0.69" fuel="12.07" electricity="0.00" noise="101.83" route="routebottom" type="cfm-slow" waiting="0.00" lane="bottom_0" pos="21.57" speed="10.54" angle="55.64" x="106.68" y="10.22"/>
        <vehicle id="cfm-slow_2" eclass="HBEFA3/PC_G_EU4" CO2="28075.73" CO="548.89" HC="3.19" NOx="12.93" PMx="0.69" fuel="12.07" electricity="0.00" noise="101.83" route="routebottom" type="cfm-slow" waiting="0.00" lane="bottom_0" pos="37.40" speed="10.54" angle="27.18" x="126.95" y="37.17"/>
        <vehicle id="cfm-slow_3" eclass="HBEFA3/PC_G_EU4" CO2="28095.04" CO="549.28" HC="3.19" NOx="12.94" PMx="0.69" fuel="12.08" electricity="0.00" noise="101.86" route="routebottom" type="cfm-slow" waiting="0.00" lane="right_0" pos="3.24" speed="10.54" angle="358.69" x="131.90" y="70.71"/>
        <vehicle id="cfm-slow_4" eclass="HBEFA3/PC_G_EU4" CO2="28319.37" CO="553.83" HC="3.22" NOx="13.05" PMx="0.70" fuel="12.17" electricity="0.00" noise="102.19" route="routeright" type="cfm-slow" waiting="0.00" lane="right_0" pos="19.07" speed="10.55" angle="330.06" x="120.30" y="102.36"/>
        <vehicle id="cfm-slow_5" eclass="HBEFA3/PC_G_EU4" CO2="30165.26" CO="591.01" HC="3.43" NOx="13.92" PMx="0.74" fuel="12.97" electricity="0.00" noise="104.79" route="routeright" type="cfm-slow" waiting="0.00" lane="right_0" pos="34.91" speed="10.64" angle="301.73" x="95.01" y="124.69"/>
    </timestep>
    <timestep time="0.85">
        <vehicle id="cfm-fast_0" eclass="HBEFA3/PC_G_EU4" CO2="38838.95" CO="762.36" HC="4.43" NOx="17.99" PMx="0.97" fuel="16.69" electricity="0.00" noise="114.53" route="routetop" type="cfm-fast" waiting="0.00" lane="top_0" pos="0.98" speed="11.50" angle="272.70" x="61.46" y="132.23"/>
        <vehicle id="cfm-fast_1" eclass="HBEFA3/PC_G_EU4" CO2="38838.95" CO="762.36" HC="4.43" NOx="17.99" PMx="0.97" fuel="16.69" electricity="0.00" noise="114.53" route="routetop" type="cfm-fast" waiting="0.00" lane="top_0" pos="16.81" speed="11.50" angle="244.23" x="29.06" y="122.90"/>
        <vehicle id="cfm-fast_2" eclass="HBEFA3/PC_G_EU4" CO2="38839.08" CO="762.36" HC="4.43" NOx="17.99" PMx="0.97" fuel="16.69" electricity="0.00" noise="114.53" route="routetop" type="cfm-fast" waiting="0.00" lane="top_0" pos="32.65" speed="11.50" angle="215.77" x="5.02" y="99.26"/>
        <vehicle id="cfm-fast_3" eclass="HBEFA3/PC_G_EU4" CO2="38845.49" CO="762.49" HC="4.43" NOx="17.99" PMx="0.97" fuel="16.70" electricity="0.00" noise="114.54" route="routetop" type="cfm-fast" waiting="0.00" lane="top_0" pos="48.48" speed="11.50" angle="187.25" x="-4.85" y="67.03"/>
        <vehicle id="cfm-fast_4" eclass="HBEFA3/PC_G_EU4" CO2="39057.46" CO="766.83" HC="4.46" NOx="18.09" PMx="0.97" fuel="16.79" electricity="0.00" noise="114.84" route="routeleft" type="cfm-fast" waiting="0.00" lane="left_0" pos="14.31" speed="11.50" angle="158.74" x="1.89" y="33.81"/>
        <vehicle id="cfm-fast_5" eclass="HBEFA3/PC_G_EU4" CO2="43375.86" CO="855.03" HC="4.96" NOx="20.13" PMx="1.09" fuel="18.65" electricity="0.00" noise="120.74" route="routeleft" type="cfm-fast" waiting="0.00" lane="left_0" pos="30.15" speed="11.59" angle="130.22" x="23.59" y="7.99"/>
        <vehicle id="cfm-slow_0" eclass="HBEFA3/PC_G_EU4" CO2="28070.21" CO="547.95" HC="3.19" NOx="12.93" PMx="0.69" fuel="12.07" electricity="0.00" noise="101.49" route="routebottom" type="cfm-slow" waiting="0.00" lane="bottom_0" pos="5.84" speed="10.63" angle="83.95" x="76.26" y="-3.78"/>
        <vehicle id="cfm-slow_1" eclass="HBEFA3/PC_G_EU4" CO2="28070.29" CO="547.95" HC="3.19" NOx="12.93" PMx="0.69" fuel="12.07" electricity="0.00" noise="101.49" route="routebottom" type="cfm-slow" waiting="0.00" lane="bottom_0" pos="21.68" speed="10.63" angle="55.46" x="106.86" y="10.37"/>
        <vehicle id="cfm-slow_2" eclass="HBEFA3/PC_G_EU4" CO2="28071.76" CO="547.98" HC="3.19" NOx="12.93" PMx="0.69" fuel="12.07" electricity="0.00" noise="101.50" route="routebottom" type="cfm-slow" waiting="0.00" lane="bottom_0" pos="37.51" speed="10.63" angle="26.99" x="127.03" y="37.39"/>
        <vehicle id="cfm-slow_3" eclass="HBEFA3/PC_G_EU4" CO2="28093.12" CO="548.42" HC="3.19" NOx="12.94" PMx="0.69" fuel="12.08" electricity="0.00" noise="101.53" route="routebottom" type="cfm-slow" waiting="0.00" lane="right_0" pos="3.34" speed="10.63" angle="358.50" x="131.88" y="70.94"/>
        <vehicle id="cfm-slow_4" eclass="HBEFA3/PC_G_EU4" CO2="28334.12" CO="553.30" HC="3.22" NOx="13.05" PMx="0.70" fuel="12.18" electricity="0.00" noise="101.88" route="routeright" type="cfm-slow" waiting="0.00" lane="right_0" pos="19.18" speed="10.64" angle="329.90" x="120.18" y="102.56"/>
        <vehicle id="cfm-slow_5" eclass="HBEFA3/PC_G_EU4" CO2="30252.09" CO="591.92" HC="3.44" NOx="13.95" PMx="0.75" fuel="13.00" electricity="0.00" noise="104.55" route="routeright" type="cfm-slow" waiting="0.00" lane="right_0" pos="35.02" speed="10.74" angle="301.53" x="94.80" y="124.79"/>
    </timestep>
    <timestep time="0.86">
        <vehicle id="cfm-fast_0" eclass="HBEFA3/PC_G_EU4" CO2="38894.91" CO="762.54" HC="4.43" NOx="18.01" PMx="0.97" fuel="16.72" electricity="0.00" noise="114.09" route="routetop" type="cfm-fast" waiting="0.00" lane="top_0" pos="1.10" speed="11.62" angle="272.49" x="61.21" y="132.23"/>
        <vehicle id="cfm-fast_1" eclass="HBEFA3/PC_G_EU4" CO2="38894.91" CO="762.54" HC="4.43" NOx="18.01" PMx="0.97" fuel="16.72" electricity="0.00" noise="114.09" route="routetop" type="cfm-fast" waiting="0.00" lane="top_0" pos="16.93" speed="11.62" angle="244.02" x="28.85" y="122.77"/>
        <vehicle id="cfm-fast_2" eclass="HBEFA3/PC_G_EU4" CO2="38895.11" CO="762.54" HC="4.43" NOx="18.01" PMx="0.97" fuel="16.72" electricity="0.00" noise="114.09" route="routetop" type="cfm-fast" waiting="0.00" lane="top_0" pos="32.76" speed="11.62" angle="215.55" x="4.89" y="99.05"/>
        <vehicle id="cfm-fast_3" eclass="HBEFA3/PC_G_EU4" CO2="38903.49" CO="762.71" HC="4.43" NOx="18.01" PMx="0.97" fuel="16.72" electricity="0.00" noise="114.10" route="routetop" type="cfm-fast" waiting="0.00" lane="top_0" pos="48.60" speed="11.62" angle="187.02" x="-4.87" y="66.78"/>
        <vehicle id="cfm-fast_4" eclass="HBEFA3/PC_G_EU4" CO2="39155.45" CO="767.87" HC="4.46" NOx="18.13" PMx="0.98" fuel="16.83" electricity="0.00" noise="114.45" route="routeleft" type="cfm-fast" waiting="0.00" lane="left_0" pos="14.43" speed="11.62" angle="158.52" x="2.00" y="33.58"/>
        <vehicle id="cfm-fast_5" eclass="HBEFA3/PC_G_EU4" CO2="43867.83" CO="864.07" HC="5.02" NOx="20.35" PMx="1.10" fuel="18.86" electricity="0.00" noise="120.80" route="routeleft" type="cfm-fast" waiting="0.00" lane="left_0" pos="30.27" speed="11.73" angle="130.00" x="23.79" y="7.84"/>
        <vehicle id="cfm-slow_0" eclass="HBEFA3/PC_G_EU4" CO2="28062.10" CO="546.97" HC="3.18" NOx="12.92" PMx="0.69" fuel="12.06" electricity="0.00" noise="101.16" route="routebottom" type="cfm-slow" waiting="0.00" lane="bottom_0" pos="5.95" speed="10.73" angle="83.75" x="76.48" y="-3.73"/>
        <vehicle id="cfm-slow_1" eclass="HBEFA3/PC_G_EU4" CO2="28062.19" CO="546.97" HC="3.18" NOx="12.92" PMx="0.69" fuel="12.06" electricity="0.00" noise="101.16" route="routebottom" type="cfm-slow" waiting="0.00" lane="bottom_0" pos="21.78" speed="10.73" angle="55.31" x="107.05" y="10.51"/>
        <vehicle id="cfm-slow_2" eclass="HBEFA3/PC_G_EU4" CO2="28063.85" CO="547.01" HC="3.18" NOx="12.92" PMx="0.69" fuel="12.06" electricity="0.00" noise="101.16" route="routebottom" type="cfm-slow" waiting="0.00" lane="bottom_0" pos="37.62" speed="10.73" angle="26.80" x="127.12" y="37.60"/>
        <vehicle id="cfm-slow_3" eclass="HBEFA3/PC_G_EU4" CO2="28087.42" CO="547.49" HC="3.18" NOx="12.93" PMx="0.69" fuel="12.07" electricity="0.00" noise="101.20" route="routebottom" type="cfm-slow" waiting="0.00" lane="right_0" pos="3.45" speed="10.73" angle="358.31" x="131.86" y="71.17"/>
        <vehicle id="cfm-slow_4" eclass="HBEFA3/PC_G_EU4" CO2="28345.67" CO="552.72" HC="3.21" NOx="13.06" PMx="0.70" fuel="12.18" electricity="0.00" noise="101.57" route="routeright" type="cfm-slow" waiting="0.00" lane="right_0" pos="19.28" speed="10.74" angle="329.73" x="120.04" y="102.74"/>
        <vehicle id="cfm-slow_5" eclass="HBEFA3/PC_G_EU4" CO2="30334.98" CO="592.76" HC="3.45" NOx="13.99" PMx="0.75" fuel="13.04" electricity="0.00" noise="104.31" route="routeright" type="cfm-slow" waiting="0.00" lane="right_0" pos="35.13" speed="10.84" angle="301.34" x="94.59" y="124.90"/>
    </timestep>
    <timestep time="0.87">
        <vehicle id="cfm-fast_0" eclass="HBEFA3/PC_G_EU4" CO2="38943.66" CO="762.59" HC="4.43" NOx="18.03" PMx="0.97" fuel="16.74" electricity="0.00" noise="113.66" route="routetop" type="cfm-fast" waiting="0.00" lane="top_0" pos="1.21" speed="11.74" angle="272.29" x="60.96" y="132.22"/>
        <vehicle id="cfm-fast_1" eclass="HBEFA3/PC_G_EU4" CO2="38943.67" CO="762.59" HC="4.43" NOx="18.03" PMx="0.97" fuel="16.74" electricity="0.00" noise="113.66" route="routetop" type="cfm-fast" waiting="0.00" lane="top_0" pos="17.05" speed="11.74" angle="243.81" x="28.63" y="122.65"/>
        <vehicle id="cfm-fast_2" eclass="HBEFA3/PC_G_EU4" CO2="38943.94" CO="762.60" HC="4.43" NOx="18.03" PMx="0.97" fuel="16.74" electricity="0.00" noise="113.66" route="routetop" type="cfm-fast" waiting="0.00" lane="top_0" pos="32.88" speed="11.74" angle="215.33" x="4.76" y="98.83"/>
        <vehicle id="cfm-fast_3" eclass="HBEFA3/PC_G_EU4" CO2="38954.67" CO="762.82" HC="4.43" NOx="18.04" PMx="0.97" fuel="16.74" electricity="0.00" noise="113.68" route="routetop" type="cfm-fast" waiting="0.00" lane="top_0" pos="48.71" speed="11.74" angle="186.84" x="-4.88" y="66.53"/>
        <vehicle id="cfm-fast_4" eclass="HBEFA3/PC_G_EU4" CO2="39250.17" CO="768.86" HC="4.47" NOx="18.17" PMx="0.98" fuel="16.87" electricity="0.00" noise="114.08" route="routeleft" type="cfm-fast" waiting="0.00" lane="left_0" pos="14.55" speed="11.75" angle="158.30" x="2.12" y="33.36"/>
        <vehicle id="cfm-fast_5" eclass="HBEFA3/PC_G_EU4" CO2="44360.11" CO="873.14" HC="5.07" NOx="20.58" PMx="1.11" fuel="19.07" electricity="0.00" noise="120.86" route="routeleft" type="cfm-fast" waiting="0.00" lane="left_0" pos="30.39" speed="11.86" angle="129.78" x="24.00" y="7.69"/>
        <vehicle id="cfm-slow_0" eclass="HBEFA3/PC_G_EU4" CO2="28050.13" CO="545.93" HC="3.18" NOx="12.91" PMx="0.69" fuel="12.06" electricity="0.00" noise="100.83" route="routebottom" type="cfm-slow" waiting="0.00" lane="bottom_0" pos="6.06" speed="10.82" angle="83.56" x="76.71" y="-3.69"/>
        <vehicle id="cfm-slow_1" eclass="HBEFA3/PC_G_EU4" CO2="28050.24" CO="545.93" HC="3.18" NOx="12.91" PMx="0.69" fuel="12.06" electricity="0.00" noise="100.83" route="routebottom" type="cfm-slow" waiting="0.00" lane="bottom_0" pos="21.89" speed="10.82" angle="55.10" x="107.22" y="10.66"/>
        <vehicle id="cfm-slow_2" eclass="HBEFA3/PC_G_EU4" CO2="28052.12" CO="545.97" HC="3.18" NOx="12.91" PMx="0.69" fuel="12.06" electricity="0.00" noise="100.83" route="routebottom" type="cfm-slow" waiting="0.00" lane="bottom_0" pos="37.72" speed="10.82" angle="26.60" x="127.20" y="37.82"/>
        <vehicle id="cfm-slow_3" eclass="HBEFA3/PC_G_EU4" CO2="28078.05" CO="546.50" HC="3.18" NOx="12.93" PMx="0.69" fuel="12.07" electricity="0.00" noise="100.87" route="routebottom" type="cfm-slow" waiting="0.00" lane="right_0" pos="3.56" speed="10.82" angle="358.11" x="131.83" y="71.40"/>
        <vehicle id="cfm-slow_4" eclass="HBEFA3/PC_G_EU4" CO2="28354.12" CO="552.09" HC="3.21" NOx="13.06" PMx="0.70" fuel="12.19" electricity="0.00" noise="101.26" route="routeright" type="cfm-slow" waiting="0.00" lane="right_0" pos="19.39" speed="10.83" angle="329.53" x="119.91" y="102.93"/>
        <vehicle id="cfm-slow_5" eclass="HBEFA3/PC_G_EU4" CO2="30414.02" CO="593.54" HC="3.45" NOx="14.03" PMx="0.75" fuel="13.07" electricity="0.00" noise="104.07" route="routeright" type="cfm-slow" waiting="0.00" lane="right_0" pos="35.24" speed="10.94" angle="301.14" x="94.38" y="125.00"/>
    </timestep>
    <timestep time="0.88">
        <vehicle id="cfm-fast_0" eclass="HBEFA3/PC_G_EU4" CO2="38985.39" CO="762.52" HC="4.43" NOx="18.05" PMx="0.97" fuel="16.76" electricity="0.00" noise="113.23" route="routetop" type="cfm-fast" waiting="0.00" lane="top_0" pos="1.33" speed="11.86" angle="272.09" x="60.70" y="132.21"/>
        <vehicle id="cfm-fast_1" eclass="HBEFA3/PC_G_EU4" CO2="38985.40" CO="762.52" HC="4.43" NOx="18.05" PMx="0.97" fuel="16.76" electricity="0.00" noise="113.23" route="routetop" type="cfm-fast" waiting="0.00" lane="top_0" pos="17.17" speed="11.86" angle="243.60" x="28.41" y="122.51"/>
        <vehicle id="cfm-fast_2" eclass="HBEFA3/PC_G_EU4" CO2="38985.77" CO="762.53" HC="4.43" NOx="18.05" PMx="0.97" fuel="16.76" electricity="0.00" noise="113.23" route="routetop" type="cfm-fast" waiting="0.00" lane="top_0" pos="33.00" speed="11.86" angle="215.11" x="4.63" y="98.61"/>
        <vehicle id="cfm-fast_3" eclass="HBEFA3/PC_G_EU4" CO2="38999.25" CO="762.80" HC="4.44" NOx="18.05" PMx="0.97" fuel="16.76" electricity="0.00" noise="113.25" route="routetop" type="cfm-fast" waiting="0.00" lane="top_0" pos="48.83" speed="11.86" angle="186.65" x="-4.89" y="66.27"/>
        <vehicle id="cfm-fast_4" eclass="HBEFA3/PC_G_EU4" CO2="39341.85" CO="769.81" HC="4.48" NOx="18.22" PMx="0.98" fuel="16.91" electricity="0.00" noise="113.72" route="routeleft" type="cfm-fast" waiting="0.00" lane="left_0" pos="14.67" speed="11.87" angle="158.08" x="2.23" y="33.13"/>
        <vehicle id="cfm-fast_5" eclass="HBEFA3/PC_G_EU4" CO2="44852.67" CO="882.23" HC="5.13" NOx="20.81" PMx="1.12" fuel="19.28" electricity="0.00" noise="120.92" route="routeleft" type="cfm-fast" waiting="0.00" lane="left_0" pos="30.51" speed="12.00" angle="129.56" x="24.21" y="7.54"/>
        <vehicle id="cfm-slow_0" eclass="HBEFA3/PC_G_EU4" CO2="28034.42" CO="544.82" HC="3.17" NOx="12.90" PMx="0.69" fuel="12.05" electricity="0.00" noise="100.50" route="routebottom" type="cfm-slow" waiting="0.00" lane="bottom_0" pos="6.17" speed="10.91" angle="83.36" x="76.94" y="-3.65"/>
        <vehicle id="cfm-slow_1" eclass="HBEFA3/PC_G_EU4" CO2="28034.55" CO="544.83" HC="3.17" NOx="12.90" PMx="0.69" fuel="12.05" electricity="0.00" noise="100.50" route="routebottom" type="cfm-slow" waiting="0.00" lane="bottom_0" pos="22.00" speed="10.91" angle="54.90" x="107.40" y="10.81"/>
        <vehicle id="cfm-slow_2" eclass="HBEFA3/PC_G_EU4" CO2="28036.66" CO="544.87" HC="3.17" NOx="12.90" PMx="0.69" fuel="12.05" electricity="0.00" noise="100.51" route="routebottom" type="cfm-slow" waiting="0.00" lane="bottom_0" pos="37.83" speed="10.91" angle="26.41" x="127.29" y="38.03"/>
        <vehicle id="cfm-slow_3" eclass="HBEFA3/PC_G_EU4" CO2="28065.11" CO="545.45" HC="3.17" NOx="12.92" PMx="0.69" fuel="12.06" electricity="0.00" noise="100.55" route="routebottom" type="cfm-slow" waiting="0.00" lane="right_0" pos="3.67" speed="10.91" angle="357.92" x="131.81" y="71.63"/>
        <vehicle id="cfm-slow_4" eclass="HBEFA3/PC_G_EU4" CO2="28359.58" CO="551.41" HC="3.21" NOx="13.06" PMx="0.70" fuel="12.19" electricity="0.00" noise="100.96" route="routeright" type="cfm-slow" waiting="0.00" lane="right_0" pos="19.50" speed="10.92" angle="329.33" x="119.77" y="103.12"/>
        <vehicle id="cfm-slow_5" eclass="HBEFA3/PC_G_EU4" CO2="30489.24" CO="594.25" HC="3.46" NOx="14.06" PMx="0.75" fuel="13.11" electricity="0.00" noise="103.83" route="routeright" type="cfm-slow" waiting="0.00" lane="right_0" pos="35.35" speed="11.04" angle="300.94" x="94.17" y="125.11"/>
    </timestep>
    <timestep time="0.89">
        <vehicle id="cfm-fast_0" eclass="HBEFA3/PC_G_EU4" CO2="39020.27" CO="762.33" HC="4.43" NOx="18.06" PMx="0.97" fuel="16.77" electricity="0.00" noise="112.81" route="routetop" type="cfm-fast" waiting="0.00" lane="top_0" pos="1.45" speed="11.98" angle="271.87" x="60.45" y="132.19"/>
        <vehicle id="cfm-fast_1" eclass="HBEFA3/PC_G_EU4" CO2="39020.28" CO="762.33" HC="4.43" NOx="18.06" PMx="0.97" fuel="16.77" electricity="0.00" noise="112.81" route="routetop" type="cfm-fast" waiting="0.00" lane="top_0" pos="17.29" speed="11.98" angle="243.38" x="28.19" y="122.38"/>
        <vehicle id="cfm-fast_2" eclass="HBEFA3/PC_G_EU4" CO2="39020.78" CO="762.34" HC="4.43" NOx="18.06" PMx="0.97" fuel="16.77" electricity="0.00" noise="112.81" route="routetop" type="cfm-fast" waiting="0.00" lane="top_0" pos="33.12" speed="11.98" angle="214.88" x="4.50" y="98.39"/>
        <vehicle id="cfm-fast_3" eclass="HBEFA3/PC_G_EU4" CO2="39037.44" CO="762.68" HC="4.44" NOx="18.07" PMx="0.97" fuel="16.78" electricity="0.00" noise="112.83" route="routetop" type="cfm-fast" waiting="0.00" lane="top_0" pos="48.95" speed="11.98" angle="186.43" x="-4.90" y="66.01"/>
        <vehicle id="cfm-fast_4" eclass="HBEFA3/PC_G_EU4" CO2="39430.72" CO="770.72" HC="4.48" NOx="18.25" PMx="0.98" fuel="16.95" electricity="0.00" noise="113.36" route="routeleft" type="cfm-fast" waiting="0.00" lane="left_0" pos="14.79" speed="11.98" angle="157.85" x="2.35" y="32.90"/>
        <vehicle id="cfm-fast_5" eclass="HBEFA3/PC_G_EU4" CO2="45345.52" CO="891.34" HC="5.18" NOx="21.04" PMx="1.14" fuel="19.49" electricity="0.00" noise="120.99" route="routeleft" type="cfm-fast" waiting="0.00" lane="left_0" pos="30.63" speed="12.14" angle="129.34" x="24.42" y="7.39"/>
        <vehicle id="cfm-slow_0" eclass="HBEFA3/PC_G_EU4" CO2="28015.07" CO="543.66" HC="3.16" NOx="12.89" PMx="0.69" fuel="12.04" electricity="0.00" noise="100.18" route="routebottom" type="cfm-slow" waiting="0.00" lane="bottom_0" pos="6.28" speed="11.00" angle="83.17" x="77.18" y="-3.61"/>
        <vehicle id="cfm-slow_1" eclass="HBEFA3/PC_G_EU4" CO2="28015.22" CO="543.66" HC="3.16" NOx="12.89" PMx="0.69" fuel="12.04" electricity="0.00" noise="100.18" route="routebottom" type="cfm-slow" waiting="0.00" lane="bottom_0" pos="22.11" speed="11.00" angle="54.69" x="107.58" y="10.96"/>
        <vehicle id="cfm-slow_2" eclass="HBEFA3/PC_G_EU4" CO2="28017.59" CO="543.71" HC="3.17" NOx="12.89" PMx="0.69" fuel="12.04" electricity="0.00" noise="100.18" route="routebottom" type="cfm-slow" waiting="0.00" lane="bottom_0" pos="37.94" speed="11.00" angle="26.21" x="127.38" y="38.25"/>
        <vehicle id="cfm-slow_3" eclass="HBEFA3/PC_G_EU4" CO2="28048.71" CO="544.34" HC="3.17" NOx="12.91" PMx="0.69" fuel="12.06" electricity="0.00" noise="100.23" route="routebottom" type="cfm-slow" waiting="0.00" lane="right_0" pos="3.78" speed="11.00" angle="357.73" x="131.79" y="71.87"/>
        <vehicle id="cfm-slow_4" eclass="HBEFA3/PC_G_EU4" CO2="28362.13" CO="550.68" HC="3.21" NOx="13.06" PMx="0.70" fuel="12.19" electricity="0.00" noise="100.67" route="routeright" type="cfm-slow" waiting="0.00" lane="right_0" pos="19.61" speed="11.01" angle="329.13" x="119.63" y="103.32"/>
        <vehicle id="cfm-slow_5" eclass="HBEFA3/PC_G_EU4" CO2="30560.73" CO="594.90" HC="3.46" NOx="14.09" PMx="0.75" fuel="13.14" electricity="0.00" noise="103.60" route="routeright" type="cfm-slow" waiting="0.00" lane="right_0" pos="35.46" speed="11.14" angle="300.74" x="93.96" y="125.22"/>
    </timestep>
    <timestep time="0.90">
        <vehicle id="cfm-fast_0" eclass="HBEFA3/PC_G_EU4" CO2="39048.49" CO="762.02" HC="4.43" NOx="18.07" PMx="0.97" fuel="16.78" electricity="0.00" noise="112.39" route="routetop" type="cfm-fast" waiting="0.00" lane="top_0" pos="1.57" speed="12.09" angle="271.65" x="60.19" y="132.18"/>
        <vehicle id="cfm-fast_1" eclass="HBEFA3/PC_G_EU4" CO2="39048.50" CO="762.02" HC="4.43" NOx="18.07" PMx="0.97" fuel="16.78" electricity="0.00" noise="112.39" route="routetop" type="cfm-fast" waiting="0.00" lane="top_0" pos="17.41" speed="12.09" angle="243.16" x="27.97" y="122.25"/>
        <vehicle id="cfm-fast_2" eclass="HBEFA3/PC_G_EU4" CO2="39049.15" CO="762.03" HC="4.43" NOx="18.07" PMx="0.97" fuel="16.79" electricity="0.00" noise="112.39" route="routetop" type="cfm-fast" waiting="0.00" lane="top_0" pos="33.24" speed="12.09" angle="214.66" x="4.37" y="98.17"/>
        <vehicle id="cfm-fast_3" eclass="HBEFA3/PC_G_EU4" CO2="39069.46" CO="762.45" HC="4.44" NOx="18.08" PMx="0.97" fuel="16.79" electricity="0.00" noise="112.42" route="routetop" type="cfm-fast" waiting="0.00" lane="top_0" pos="49.07" speed="12.09" angle="186.21" x="-4.91" y="65.75"/>
        <vehicle id="cfm-fast_4" eclass="HBEFA3/PC_G_EU4" CO2="39516.99" CO="771.60" HC="4.49" NOx="18.29" PMx="0.98" fuel="16.99" electricity="0.00" noise="113.01" route="routeleft" type="cfm-fast" waiting="0.00" lane="left_0" pos="14.91" speed="12.10" angle="157.63" x="2.46" y="32.66"/>
        <vehicle id="cfm-fast_5" eclass="HBEFA3/PC_G_EU4" CO2="45838.67" CO="900.48" HC="5.23" NOx="21.27" PMx="1.15" fuel="19.70" electricity="0.00" noise="121.05" route="routeleft" type="cfm-fast" waiting="0.00" lane="left_0" pos="30.75" speed="12.27" angle="129.17" x="24.64" y="7.23"/>
        <vehicle id="cfm-slow_0" eclass="HBEFA3/PC_G_EU4" CO2="27992.18" CO="542.43" HC="3.16" NOx="12.88" PMx="0.69" fuel="12.03" electricity="0.00" noise="99.86" route="routebottom" type="cfm-slow" waiting="0.00" lane="bottom_0" pos="6.39" speed="11.09" angle="83.01" x="77.41" y="-3.56"/>
        <vehicle id="cfm-slow_1" eclass="HBEFA3/PC_G_EU4" CO2="27992.35" CO="542.43" HC="3.16" NOx="12.88" PMx="0.69" fuel="12.03" electricity="0.00" noise="99.86" route="routebottom" type="cfm-slow" waiting="0.00" lane="bottom_0" pos="22.22" speed="11.09" angle="54.48" x="107.76" y="11.12"/>
        <vehicle id="cfm-slow_2" eclass="HBEFA3/PC_G_EU4" CO2="27995.01" CO="542.49" HC="3.16" NOx="12.88" PMx="0.69" fuel="12.03" electricity="0.00" noise="99.86" route="routebottom" type="cfm-slow" waiting="0.00" lane="bottom_0" pos="38.05" speed="11.09" angle="26.01" x="127.47" y="38.48"/>
        <vehicle id="cfm-slow_3" eclass="HBEFA3/PC_G_EU4" CO2="28028.97" CO="543.18" HC="3.16" NOx="12.90" PMx="0.69" fuel="12.05" electricity="0.00" noise="99.91" route="routebottom" type="cfm-slow" waiting="0.00" lane="right_0" pos="3.89" speed="11.09" angle="357.54" x="131.76" y="72.10"/>
        <vehicle id="cfm-slow_4" eclass="HBEFA3/PC_G_EU4" CO2="28361.88" CO="549.91" HC="3.20" NOx="13.05" PMx="0.70" fuel="12.19" electricity="0.00" noise="100.37" route="routeright" type="cfm-slow" waiting="0.00" lane="right_0" pos="19.72" speed="11.10" angle="328.93" x="119.49" y="103.51"/>
        <vehicle id="cfm-slow_5" eclass="HBEFA3/PC_G_EU4" CO2="30628.54" CO="595.49" HC="3.47" NOx="14.12" PMx="0.75" fuel="13.17" electricity="0.00" noise="103.36" route="routeright" type="cfm-slow" waiting="0.00" lane="right_0" pos="35.57" speed="11.23" angle="300.53" x="93.74" y="125.32"/>
    </timestep>
    <timestep time="0.91">
        <vehicle id="cfm-fast_0" eclass="HBEFA3/PC_G_EU4" CO2="39070.21" CO="761.60" HC="4.43" NOx="18.08" PMx="0.97" fuel="16.79" electricity="0.00" noise="111.98" route="routetop" type="cfm-fast" waiting="0.00" lane="top_0" pos="1.69" speed="12.21" angle="271.43" x="59.93" y="132.16"/>
        <vehicle id="cfm-fast_1" eclass="HBEFA3/PC_G_EU4" CO2="39070.24" CO="761.60" HC="4.43" NOx="18.08" PMx="0.97" fuel="16.79" electricity="0.00" noise="111.98" route="routetop" type="cfm-fast" waiting="0.00" lane="top_0" pos="17.53" speed="12.21" angle="242.94" x="27.74" y="122.11"/>
        <vehicle id="cfm-fast_2" eclass="HBEFA3/PC_G_EU4" CO2="39071.07" CO="761.61" HC="4.43" NOx="18.08" PMx="0.97" fuel="16.79" electricity="0.00" noise="111.98" route="routetop" type="cfm-fast" waiting="0.00" lane="top_0" pos="33.36" speed="12.21" angle="214.49" x="4.23" y="97.94"/>
        <vehicle id="cfm-fast_3" eclass="HBEFA3/PC_G_EU4" CO2="39095.53" CO="762.11" HC="4.44" NOx="18.09" PMx="0.97" fuel="16.81" electricity="0.00" noise="112.01" route="routetop" type="cfm-fast" waiting="0.00" lane="top_0" pos="49.19" speed="12.21" angle="185.98" x="-4.91" y="65.49"/>
        <vehicle id="cfm-fast_4" eclass="HBEFA3/PC_G_EU4" CO2="39600.86" CO="772.44" HC="4.49" NOx="18.33" PMx="0.99" fuel="17.02" electricity="0.00" noise="112.67" route="routeleft" type="cfm-fast" waiting="0.00" lane="left_0" pos="15.03" speed="12.22" angle="157.40" x="2.58" y="32.43"/>
        <vehicle id="cfm-fast_5" eclass="HBEFA3/PC_G_EU4" CO2="46332.11" CO="909.63" HC="5.29" NOx="21.50" PMx="1.16" fuel="19.92" electricity="0.00" noise="121.11" route="routeleft" type="cfm-fast" waiting="0.00" lane="left_0" pos="30.87" speed="12.41" angle="128.96" x="24.86" y="7.08"/>
        <vehicle id="cfm-slow_0" eclass="HBEFA3/PC_G_EU4" CO2="27965.85" CO="541.15" HC="3.15" NOx="12.86" PMx="0.68" fuel="12.02" electricity="0.00" noise="99.54" route="routebottom" type="cfm-slow" waiting="0.00" lane="bottom_0" pos="6.50" speed="11.18" angle="82.79" x="77.65" y="-3.51"/>
        <vehicle id="cfm-slow_1" eclass="HBEFA3/PC_G_EU4" CO2="27966.05" CO="541.15" HC="3.15" NOx="12.86" PMx="0.68" fuel="12.02" electricity="0.00" noise="99.54" route="routebottom" type="cfm-slow" waiting="0.00" lane="bottom_0" pos="22.33" speed="11.18" angle="54.27" x="107.95" y="11.28"/>
        <vehicle id="cfm-slow_2" eclass="HBEFA3/PC_G_EU4" CO2="27969.02" CO="541.21" HC="3.15" NOx="12.87" PMx="0.68" fuel="12.02" electricity="0.00" noise="99.54" route="routebottom" type="cfm-slow" waiting="0.00" lane="bottom_0" pos="38.17" speed="11.18" angle="25.81" x="127.56" y="38.70"/>
        <vehicle id="cfm-slow_3" eclass="HBEFA3/PC_G_EU4" CO2="28005.99" CO="541.96" HC="3.16" NOx="12.88" PMx="0.69" fuel="12.04" electricity="0.00" noise="99.60" route="routebottom" type="cfm-slow" waiting="0.00" lane="right_0" pos="4.00" speed="11.18" angle="357.34" x="131.72" y="72.34"/>
        <vehicle id="cfm-slow_4" eclass="HBEFA3/PC_G_EU4" CO2="28358.91" CO="549.10" HC="3.20" NOx="13.05" PMx="0.70" fuel="12.19" electricity="0.00" noise="100.08" route="routeright" type="cfm-slow" waiting="0.00" lane="right_0" pos="19.83" speed="11.19" angle="328.73" x="119.35" y="103.71"/>
        <vehicle id="cfm-slow_5" eclass="HBEFA3/PC_G_EU4" CO2="30692.72" CO="596.01" HC="3.47" NOx="14.15" PMx="0.76" fuel="13.19" electricity="0.00" noise="103.13" route="routeright" type="cfm-slow" waiting="0.00" lane="right_0" pos="35.69" speed="11.33" angle="300.33" x="93.52" y="125.43"/>
    </timestep>
    <timestep time="0.92">
        <vehicle id="cfm-fast_0" eclass="HBEFA3/PC_G_EU4" CO2="39085.62" CO="761.06" HC="4.43" NOx="18.08" PMx="0.97" fuel="16.80" electricity="0.00" noise="111.56" route="routetop" type="cfm-fast" waiting="0.00" lane="top_0" pos="1.82" speed="12.32" angle="271.21" x="59.66" y="132.15"/>
        <vehicle id="cfm-fast_1" eclass="HBEFA3/PC_G_EU4" CO2="39085.65" CO="761.06" HC="4.43" NOx="18.08" PMx="0.97" fuel="16.80" electricity="0.00" noise="111.56" route="routetop" type="cfm-fast" waiting="0.00" lane="top_0" pos="17.65" speed="12.32" angle="242.72" x="27.51" y="121.98"/>
        <vehicle id="cfm-fast_2" eclass="HBEFA3/PC_G_EU4" CO2="39086.72" CO="761.08" HC="4.43" NOx="18.08" PMx="0.97" fuel="16.80" electricity="0.00" noise="111.57" route="routetop" type="cfm-fast" waiting="0.00" lane="top_0" pos="33.48" speed="12.32" angle="214.26" x="4.10" y="97.71"/>
        <vehicle id="cfm-fast_3" eclass="HBEFA3/PC_G_EU4" CO2="39115.86" CO="761.68" HC="4.43" NOx="18.10" PMx="0.97" fuel="16.81" electricity="0.00" noise="111.60" route="routetop" type="cfm-fast" waiting="0.00" lane="top_0" pos="49.32" speed="12.33" angle="185.76" x="-4.92" y="65.23"/>
        <vehicle id="cfm-fast_4" eclass="HBEFA3/PC_G_EU4" CO2="39682.54" CO="773.26" HC="4.50" NOx="18.36" PMx="0.99" fuel="17.06" electricity="0.00" noise="112.34" route="routeleft" type="cfm-fast" waiting="0.00" lane="left_0" pos="15.15" speed="12.34" angle="157.17" x="2.70" y="32.19"/>
        <vehicle id="cfm-fast_5" eclass="HBEFA3/PC_G_EU4" CO2="46825.84" CO="918.81" HC="5.34" NOx="21.73" PMx="1.17" fuel="20.13" electricity="0.00" noise="121.17" route="routeleft" type="cfm-fast" waiting="0.00" lane="left_0" pos="31.00" speed="12.55" angle="128.73" x="25.08" y="6.93"/>
        <vehicle id="cfm-slow_0" eclass="HBEFA3/PC_G_EU4" CO2="27936.18" CO="539.81" HC="3.15" NOx="12.85" PMx="0.68" fuel="12.01" electricity="0.00" noise="99.22" route="routebottom" type="cfm-slow" waiting="0.00" lane="bottom_0" pos="6.61" speed="11.26" angle="82.58" x="77.88" y="-3.46"/>
        <vehicle id="cfm-slow_1" eclass="HBEFA3/PC_G_EU4" CO2="27936.40" CO="539.81" HC="3.15" NOx="12.85" PMx="0.68" fuel="12.01" electricity="0.00" noise="99.22" route="routebottom" type="cfm-slow" waiting="0.00" lane="bottom_0" pos="22.44" speed="11.26" angle="54.05" x="108.13" y="11.43"/>
        <vehicle id="cfm-slow_2" eclass="HBEFA3/PC_G_EU4" CO2="27939.71" CO="539.88" HC="3.15" NOx="12.85" PMx="0.68" fuel="12.01" electricity="0.00" noise="99.23" route="routebottom" type="cfm-slow" waiting="0.00" lane="bottom_0" pos="38.28" speed="11.26" angle="25.60" x="127.65" y="38.92"/>
        <vehicle id="cfm-slow_3" eclass="HBEFA3/PC_G_EU4" CO2="27979.87" CO="540.69" HC="3.15" NOx="12.87" PMx="0.69" fuel="12.03" electricity="0.00" noise="99.29" route="routebottom" type="cfm-slow" waiting="0.00" lane="right_0" pos="4.11" speed="11.27" angle="357.13" x="131.69" y="72.58"/>
        <vehicle id="cfm-slow_4" eclass="HBEFA3/PC_G_EU4" CO2="28353.32" CO="548.25" HC="3.19" NOx="13.04" PMx="0.69" fuel="12.19" electricity="0.00" noise="99.79" route="routeright" type="cfm-slow" waiting="0.00" lane="right_0" pos="19.95" speed="11.28" angle="328.53" x="119.21" y="103.90"/>
        <vehicle id="cfm-slow_5" eclass="HBEFA3/PC_G_EU4" CO2="30753.34" CO="596.47" HC="3.47" NOx="14.17" PMx="0.76" fuel="13.22" electricity="0.00" noise="102.90" route="routeright" type="cfm-slow" waiting="0.00" lane="right_0" pos="35.80" speed="11.43" angle="300.13" x="93.30" y="125.54"/>
    </timestep>
    <timestep time="0.93">
        <vehicle id="cfm-fast_0" eclass="HBEFA3/PC_G_EU4" CO2="39094.88" CO="760.42" HC="4.43" NOx="18.08" PMx="0.97" fuel="16.80" electricity="0.00" noise="111.16" route="routetop" type="cfm-fast" waiting="0.00" lane="top_0" pos="1.94" speed="12.44" angle="270.99" x="59.39" y="132.13"/>
        <vehicle id="cfm-fast_1" eclass="HBEFA3/PC_G_EU4" CO2="39094.92" CO="760.42" HC="4.43" NOx="18.08" PMx="0.97" fuel="16.80" electricity="0.00" noise="111.16" route="routetop" type="cfm-fast" waiting="0.00" lane="top_0" pos="17.78" speed="12.44" angle="242.50" x="27.28" y="121.84"/>
        <vehicle id="cfm-fast_2" eclass="HBEFA3/PC_G_EU4" CO2="39096.26" CO="760.45" HC="4.43" NOx="18.08" PMx="0.97" fuel="16.81" electricity="0.00" noise="111.16" route="routetop" type="cfm-fast" waiting="0.00" lane="top_0" pos="33.61" speed="12.44" angle="214.04" x="3.97" y="97.48"/>
        <vehicle id="cfm-fast_3" eclass="HBEFA3/PC_G_EU4" CO2="39130.64" CO="761.15" HC="4.43" NOx="18.10" PMx="0.97" fuel="16.82" electricity="0.00" noise="111.20" route="routetop" type="cfm-fast" waiting="0.00" lane="top_0" pos="49.44" speed="12.44" angle="185.53" x="-4.92" y="64.96"/>
        <vehicle id="cfm-fast_4" eclass="HBEFA3/PC_G_EU4" CO2="39762.22" CO="774.06" HC="4.51" NOx="18.40" PMx="0.99" fuel="17.09" electricity="0.00" noise="112.01" route="routeleft" type="cfm-fast" waiting="0.00" lane="left_0" pos="15.28" speed="12.45" angle="156.95" x="2.82" y="31.95"/>
        <vehicle id="cfm-fast_5" eclass="HBEFA3/PC_G_EU4" CO2="47319.86" CO="928.01" HC="5.40" NOx="21.96" PMx="1.19" fuel="20.34" electricity="0.00" noise="121.23" route="routeleft" type="cfm-fast" waiting="0.00" lane="left_0" pos="31.13" speed="12.68" angle="128.50" x="25.31" y="6.78"/>
        <vehicle id="cfm-slow_0" eclass="HBEFA3/PC_G_EU4" CO2="27903.27" CO="538.41" HC="3.14" NOx="12.83" PMx="0.68" fuel="11.99" electricity="0.00" noise="98.91" route="routebottom" type="cfm-slow" waiting="0.00" lane="bottom_0" pos="6.73" speed="11.35" angle="82.36" x="78.12" y="-3.40"/>
        <vehicle id="cfm-slow_1" eclass="HBEFA3/PC_G_EU4" CO2="27903.52" CO="538.42" HC="3.14" NOx="12.83" PMx="0.68" fuel="11.99" electricity="0.00" noise="98.91" route="routebottom" type="cfm-slow" waiting="0.00" lane="bottom_0" pos="22.56" speed="11.35" angle="53.84" x="108.32" y="11.59"/>
        <vehicle id="cfm-slow_2" eclass="HBEFA3/PC_G_EU4" CO2="27907.19" CO="538.49" HC="3.14" NOx="12.83" PMx="0.68" fuel="12.00" electricity="0.00" noise="98.92" route="routebottom" type="cfm-slow" waiting="0.00" lane="bottom_0" pos="38.39" speed="11.35" angle="25.41" x="127.74" y="39.15"/>
        <vehicle id="cfm-slow_3" eclass="HBEFA3/PC_G_EU4" CO2="27950.71" CO="539.38" HC="3.14" NOx="12.85" PMx="0.68" fuel="12.01" electricity="0.00" noise="98.98" route="routebottom" type="cfm-slow" waiting="0.00" lane="right_0" pos="4.23" speed="11.35" angle="356.93" x="131.65" y="72.82"/>
        <vehicle id="cfm-slow_4" eclass="HBEFA3/PC_G_EU4" CO2="28345.18" CO="547.36" HC="3.19" NOx="13.04" PMx="0.69" fuel="12.18" electricity="0.00" noise="99.51" route="routeright" type="cfm-slow" waiting="0.00" lane="right_0" pos="20.06" speed="11.37" angle="328.32" x="119.07" y="104.10"/>
        <vehicle id="cfm-slow_5" eclass="HBEFA3/PC_G_EU4" CO2="30810.46" CO="596.88" HC="3.48" NOx="14.20" PMx="0.76" fuel="13.24" electricity="0.00" noise="102.67" route="routeright" type="cfm-slow" waiting="0.00" lane="right_0" pos="35.92" speed="11.52" angle="299.97" x="93.08" y="125.65"/>
    </timestep>
    <timestep time="0.94">
        <vehicle id="cfm-fast_0" eclass="HBEFA3/PC_G_EU4" CO2="39098.16" CO="759.67" HC="4.42" NOx="18.08" PMx="0.97" fuel="16.81" electricity="0.00" noise="110.75" route="routetop" type="cfm-fast" waiting="0.00" lane="top_0" pos="2.07" speed="12.55" angle="270.76" x="59.12" y="132.12"/>
        <vehicle id="cfm-fast_1" eclass="HBEFA3/PC_G_EU4" CO2="39098.21" CO="759.67" HC="4.42" NOx="18.08" PMx="0.97" fuel="16.81" electricity="0.00" noise="110.75" route="routetop" type="cfm-fast" waiting="0.00" lane="top_0" pos="17.90" speed="12.55" angle="242.32" x="27.05" y="121.70"/>
        <vehicle id="cfm-fast_2" eclass="HBEFA3/PC_G_EU4" CO2="39099.86" CO="759.70" HC="4.42" NOx="18.08" PMx="0.97" fuel="16.81" electricity="0.00" noise="110.75" route="routetop" type="cfm-fast" waiting="0.00" lane="top_0" pos="33.73" speed="12.55" angle="213.81" x="3.84" y="97.24"/>
        <vehicle id="cfm-fast_3" eclass="HBEFA3/PC_G_EU4" CO2="39140.07" CO="760.53" HC="4.43" NOx="18.10" PMx="0.97" fuel="16.82" electricity="0.00" noise="110.81" route="routetop" type="cfm-fast" waiting="0.00" lane="top_0" pos="49.57" speed="12.55" angle="185.30" x="-4.93" y="64.69"/>
        <vehicle id="cfm-fast_4" eclass="HBEFA3/PC_G_EU4" CO2="39840.09" CO="774.83" HC="4.51" NOx="18.43" PMx="0.99" fuel="17.13" electricity="0.00" noise="111.69" route="routeleft" type="cfm-fast" waiting="0.00" lane="left_0" pos="15.40" speed="12.57" angle="156.77" x="2.94" y="31.71"/>
        <vehicle id="cfm-fast_5" eclass="HBEFA3/PC_G_EU4" CO2="47814.17" CO="937.23" HC="5.45" NOx="22.19" PMx="1.20" fuel="20.55" electricity="0.00" noise="121.29" route="routeleft" type="cfm-fast" waiting="0.00" lane="left_0" pos="31.26" speed="12.82" angle="128.27" x="25.54" y="6.63"/>
        <vehicle id="cfm-slow_0" eclass="HBEFA3/PC_G_EU4" CO2="27867.20" CO="536.97" HC="3.13" NOx="12.81" PMx="0.68" fuel="11.98" electricity="0.00" noise="98.60" route="routebottom" type="cfm-slow" waiting="0.00" lane="bottom_0" pos="6.84" speed="11.44" angle="82.14" x="78.36" y="-3.35"/>
        <vehicle id="cfm-slow_1" eclass="HBEFA3/PC_G_EU4" CO2="27867.48" CO="536.97" HC="3.13" NOx="12.81" PMx="0.68" fuel="11.98" electricity="0.00" noise="98.60" route="routebottom" type="cfm-slow" waiting="0.00" lane="bottom_0" pos="22.67" speed="11.44" angle="53.62" x="108.50" y="11.75"/>
        <vehicle id="cfm-slow_2" eclass="HBEFA3/PC_G_EU4" CO2="27871.55" CO="537.06" HC="3.13" NOx="12.81" PMx="0.68" fuel="11.98" electricity="0.00" noise="98.61" route="routebottom" type="cfm-slow" waiting="0.00" lane="bottom_0" pos="38.51" speed="11.44" angle="25.24" x="127.83" y="39.38"/>
        <vehicle id="cfm-slow_3" eclass="HBEFA3/PC_G_EU4" CO2="27918.62" CO="538.01" HC="3.14" NOx="12.84" PMx="0.68" fuel="12.00" electricity="0.00" noise="98.67" route="routebottom" type="cfm-slow" waiting="0.00" lane="right_0" pos="4.34" speed="11.44" angle="356.72" x="131.62" y="73.07"/>
        <vehicle id="cfm-slow_4" eclass="HBEFA3/PC_G_EU4" CO2="28334.58" CO="546.43" HC="3.19" NOx="13.03" PMx="0.69" fuel="12.18" electricity="0.00" noise="99.23" route="routeright" type="cfm-slow" waiting="0.00" lane="right_0" pos="20.18" speed="11.46" angle="328.11" x="118.93" y="104.30"/>
        <vehicle id="cfm-slow_5" eclass="HBEFA3/PC_G_EU4" CO2="30864.13" CO="597.23" HC="3.48" NOx="14.22" PMx="0.76" fuel="13.27" electricity="0.00" noise="102.44" route="routeright" type="cfm-slow" waiting="0.00" lane="right_0" pos="36.03" speed="11.62" angle="299.74" x="92.85" y="125.76"/>
    </timestep>
    <timestep time="0.95">
        <vehicle id="cfm-fast_0" eclass="HBEFA3/PC_G_EU4" CO2="39095.61" CO="758.82" HC="4.42" NOx="18.08" PMx="0.97" fuel="16.81" electricity="0.00" noise="110.35" route="routetop" type="cfm-fast" waiting="0.00" lane="top_0" pos="2.19" speed="12.66" angle="270.54" x="58.85" y="132.10"/>
        <vehicle id="cfm-fast_1" eclass="HBEFA3/PC_G_EU4" CO2="39095.68" CO="758.82" HC="4.42" NOx="18.08" PMx="0.97" fuel="16.81" electricity="0.00" noise="110.35" route="routetop" type="cfm-fast" waiting="0.00" lane="top_0" pos="18.03" speed="12.66" angle="242.10" x="26.82" y="121.56"/>
        <vehicle id="cfm-fast_2" eclass="HBEFA3/PC_G_EU4" CO2="39097.70" CO="758.86" HC="4.42" NOx="18.08" PMx="0.97" fuel="16.81" electricity="0.00" noise="110.35" route="routetop" type="cfm-fast" waiting="0.00" lane="top_0" pos="33.86" speed="12.66" angle="213.58" x="3.71" y="97.00"/>
        <vehicle id="cfm-fast_3" eclass="HBEFA3/PC_G_EU4" CO2="39144.37" CO="759.82" HC="4.43" NOx="18.10" PMx="0.97" fuel="16.83" electricity="0.00" noise="110.41" route="routetop" type="cfm-fast" waiting="0.00" lane="top_0" pos="49.69" speed="12.66" angle="185.07" x="-4.94" y="64.42"/>
        <vehicle id="cfm-fast_4" eclass="HBEFA3/PC_G_EU4" CO2="39916.33" CO="775.59" HC="4.52" NOx="18.47" PMx="0.99" fuel="17.16" electricity="0.00" noise="111.38" route="routeleft" type="cfm-fast" waiting="0.00" lane="left_0" pos="15.53" speed="12.68" angle="156.53" x="3.07" y="31.47"/>
        <vehicle id="cfm-fast_5" eclass="HBEFA3/PC_G_EU4" CO2="48308.78" CO="946.47" HC="5.50" NOx="22.42" PMx="1.21" fuel="20.77" electricity="0.00" noise="121.35" route="routeleft" type="cfm-fast" waiting="0.00" lane="left_0" pos="31.38" speed="12.95" angle="128.04" x="25.77" y="6.47"/>
        <vehicle id="cfm-slow_0" eclass="HBEFA3/PC_G_EU4" CO2="27828.06" CO="535.47" HC="3.12" NOx="12.79" PMx="0.68" fuel="11.96" electricity="0.00" noise="98.30" route="routebottom" type="cfm-slow" waiting="0.00" lane="bottom_0" pos="6.95" speed="11.52" angle="81.92" x="78.60" y="-3.29"/>
        <vehicle id="cfm-slow_1" eclass="HBEFA3/PC_G_EU4" CO2="27828.39" CO="535.48" HC="3.12" NOx="12.79" PMx="0.68" fuel="11.96" electricity="0.00" noise="98.30" route="routebottom" type="cfm-slow" waiting="0.00" lane="bottom_0" pos="22.79" speed="11.52" angle="53.40" x="108.69" y="11.91"/>
        <vehicle id="cfm-slow_2" eclass="HBEFA3/PC_G_EU4" CO2="27832.88" CO="535.57" HC="3.12" NOx="12.79" PMx="0.68" fuel="11.96" electricity="0.00" noise="98.30" route="routebottom" type="cfm-slow" waiting="0.00" lane="bottom_0" pos="38.62" speed="11.52" angle="25.03" x="127.91" y="39.61"/>
        <vehicle id="cfm-slow_3" eclass="HBEFA3/PC_G_EU4" CO2="27883.68" CO="536.60" HC="3.13" NOx="12.82" PMx="0.68" fuel="11.99" electricity="0.00" noise="98.37" route="routebottom" type="cfm-slow" waiting="0.00" lane="right_0" pos="4.45" speed="11.52" angle="356.51" x="131.58" y="73.31"/>
        <vehicle id="cfm-slow_4" eclass="HBEFA3/PC_G_EU4" CO2="28321.61" CO="545.46" HC="3.18" NOx="13.02" PMx="0.69" fuel="12.17" electricity="0.00" noise="98.95" route="routeright" type="cfm-slow" waiting="0.00" lane="right_0" pos="20.29" speed="11.54" angle="327.90" x="118.78" y="104.50"/>
        <vehicle id="cfm-slow_5" eclass="HBEFA3/PC_G_EU4" CO2="30914.40" CO="597.51" HC="3.48" NOx="14.24" PMx="0.76" fuel="13.29" electricity="0.00" noise="102.21" route="routeright" type="cfm-slow" waiting="0.00" lane="right_0" pos="36.15" speed="11.71" angle="299.51" x="92.62" y="125.86"/>
    </timestep>
    <timestep time="0.96">
        <vehicle id="cfm-fast_0" eclass="HBEFA3/PC_G_EU4" CO2="39087.40" CO="757.87" HC="4.42" NOx="18.07" PMx="0.97" fuel="16.80" electricity="0.00" noise="109.95" route="routetop" type="cfm-fast" waiting="0.00" lane="top_0" pos="2.32" speed="12.77" angle="270.31" x="58.58" y="132.08"/>
        <vehicle id="cfm-fast_1" eclass="HBEFA3/PC_G_EU4" CO2="39087.49" CO="757.87" HC="4.42" NOx="18.07" PMx="0.97" fuel="16.80" electricity="0.00" noise="109.95" route="routetop" type="cfm-fast" waiting="0.00" lane="top_0" pos="18.16" speed="12.77" angle="241.85" x="26.60" y="121.40"/>
        <vehicle id="cfm-fast_2" eclass="HBEFA3/PC_G_EU4" CO2="39089.94" CO="757.92" HC="4.42" NOx="18.07" PMx="0.97" fuel="16.80" electricity="0.00" noise="109.96" route="routetop" type="cfm-fast" waiting="0.00" lane="top_0" pos="33.99" speed="12.77" angle="213.35" x="3.58" y="96.76"/>
        <vehicle id="cfm-fast_3" eclass="HBEFA3/PC_G_EU4" CO2="39143.71" CO="759.02" HC="4.42" NOx="18.10" PMx="0.97" fuel="16.83" electricity="0.00" noise="110.03" route="routetop" type="cfm-fast" waiting="0.00" lane="top_0" pos="49.82" speed="12.77" angle="184.84" x="-4.94" y="64.14"/>
        <vehicle id="cfm-fast_4" eclass="HBEFA3/PC_G_EU4" CO2="39991.12" CO="776.33" HC="4.52" NOx="18.50" PMx="1.00" fuel="17.19" electricity="0.00" noise="111.08" route="routeleft" type="cfm-fast" waiting="0.00" lane="left_0" pos="15.66" speed="12.79" angle="156.30" x="3.21" y="31.23"/>
        <vehicle id="cfm-fast_5" eclass="HBEFA3/PC_G_EU4" CO2="48803.68" CO="955.73" HC="5.56" NOx="22.65" PMx="1.23" fuel="20.98" electricity="0.00" noise="121.42" route="routeleft" type="cfm-fast" waiting="0.00" lane="left_0" pos="31.52" speed="13.09" angle="127.80" x="26.01" y="6.32"/>
        <vehicle id="cfm-slow_0" eclass="HBEFA3/PC_G_EU4" CO2="27785.96" CO="533.93" HC="3.11" NOx="12.77" PMx="0.68" fuel="11.94" electricity="0.00" noise="97.99" route="routebottom" type="cfm-slow" waiting="0.00" lane="bottom_0" pos="7.07" speed="11.61" angle="81.70" x="78.84" y="-3.23"/>
        <vehicle id="cfm-slow_1" eclass="HBEFA3/PC_G_EU4" CO2="27786.32" CO="533.93" HC="3.11" NOx="12.77" PMx="0.68" fuel="11.94" electricity="0.00" noise="97.99" route="routebottom" type="cfm-slow" waiting="0.00" lane="bottom_0" pos="22.90" speed="11.61" angle="53.18" x="108.88" y="12.07"/>
        <vehicle id="cfm-slow_2" eclass="HBEFA3/PC_G_EU4" CO2="27791.27" CO="534.03" HC="3.12" NOx="12.77" PMx="0.68" fuel="11.95" electricity="0.00" noise="98.00" route="routebottom" type="cfm-slow" waiting="0.00" lane="bottom_0" pos="38.74" speed="11.61" angle="24.83" x="128.00" y="39.85"/>
        <vehicle id="cfm-slow_3" eclass="HBEFA3/PC_G_EU4" CO2="27845.99" CO="535.14" HC="3.12" NOx="12.80" PMx="0.68" fuel="11.97" electricity="0.00" noise="98.07" route="routebottom" type="cfm-slow" waiting="0.00" lane="right_0" pos="4.57" speed="11.61" angle="356.30" x="131.55" y="73.56"/>
        <vehicle id="cfm-slow_4" eclass="HBEFA3/PC_G_EU4" CO2="28306.34" CO="544.45" HC="3.18" NOx="13.01" PMx="0.69" fuel="12.17" electricity="0.00" noise="98.68" route="routeright" type="cfm-slow" waiting="0.00" lane="right_0" pos="20.41" speed="11.63" angle="327.71" x="118.63" y="104.71"/>
        <vehicle id="cfm-slow_5" eclass="HBEFA3/PC_G_EU4" CO2="30961.35" CO="597.75" HC="3.48" NOx="14.26" PMx="0.76" fuel="13.31" electricity="0.00" noise="101.98" route="routeright" type="cfm-slow" waiting="0.00" lane="right_0" pos="36.27" speed="11.80" angle="299.28" x="92.39" y="125.96"/>
    </timestep>
    <timestep time="0.97">
        <vehicle id="cfm-fast_0" eclass="HBEFA3/PC_G_EU4" CO2="39073.68" CO="756.83" HC="4.41" NOx="18.06" PMx="0.97" fuel="16.80" electricity="0.00" noise="109.56" route="routetop" type="cfm-fast" waiting="0.00" lane="top_0" pos="2.45" speed="12.88" angle="270.08" x="58.30" y="132.07"/>
        <vehicle id="cfm-fast_1" eclass="HBEFA3/PC_G_EU4" CO2="39073.78" CO="756.83" HC="4.41" NOx="18.06" PMx="0.97" fuel="16.80" electricity="0.00" noise="109.56" route="routetop" type="cfm-fast" waiting="0.00" lane="top_0" pos="18.28" speed="12.88" angle="241.60" x="26.37" y="121.25"/>
        <vehicle id="cfm-fast_2" eclass="HBEFA3/PC_G_EU4" CO2="39076.74" CO="756.89" HC="4.41" NOx="18.06" PMx="0.97" fuel="16.80" electricity="0.00" noise="109.56" route="routetop" type="cfm-fast" waiting="0.00" lane="top_0" pos="34.12" speed="12.88" angle="213.11" x="3.44" y="96.52"/>
        <vehicle id="cfm-fast_3" eclass="HBEFA3/PC_G_EU4" CO2="39138.29" CO="758.15" HC="4.42" NOx="18.09" PMx="0.97" fuel="16.82" electricity="0.00" noise="109.64" route="routetop" type="cfm-fast" waiting="0.00" lane="top_0" pos="49.95" speed="12.88" angle="184.62" x="-4.95" y="63.86"/>
        <vehicle id="cfm-fast_4" eclass="HBEFA3/PC_G_EU4" CO2="40064.61" CO="777.07" HC="4.53" NOx="18.53" PMx="1.00" fuel="17.22" electricity="0.00" noise="110.78" route="routeleft" type="cfm-fast" waiting="0.00" lane="left_0" pos="15.79" speed="12.91" angle="156.06" x="3.34" y="30.99"/>
        <vehicle id="cfm-fast_5" eclass="HBEFA3/PC_G_EU4" CO2="49298.87" CO="965.02" HC="5.61" NOx="22.88" PMx="1.24" fuel="21.19" electricity="0.00" noise="121.48" route="routeleft" type="cfm-fast" waiting="0.00" lane="left_0" pos="31.65" speed="13.23" angle="127.56" x="26.24" y="6.16"/>
        <vehicle id="cfm-slow_0" eclass="HBEFA3/PC_G_EU4" CO2="27740.97" CO="532.33" HC="3.11" NOx="12.75" PMx="0.68" fuel="11.92" electricity="0.00" noise="97.69" route="routebottom" type="cfm-slow" waiting="0.00" lane="bottom_0" pos="7.19" speed="11.69" angle="81.48" x="79.09" y="-3.18"/>
        <vehicle id="cfm-slow_1" eclass="HBEFA3/PC_G_EU4" CO2="27741.37" CO="532.34" HC="3.11" NOx="12.75" PMx="0.68" fuel="11.92" electricity="0.00" noise="97.69" route="routebottom" type="cfm-slow" waiting="0.00" lane="bottom_0" pos="23.02" speed="11.69" angle="53.01" x="109.07" y="12.24"/>
        <vehicle id="cfm-slow_2" eclass="HBEFA3/PC_G_EU4" CO2="27746.82" CO="532.45" HC="3.11" NOx="12.75" PMx="0.68" fuel="11.93" electricity="0.00" noise="97.70" route="routebottom" type="cfm-slow" waiting="0.00" lane="bottom_0" pos="38.85" speed="11.69" angle="24.61" x="128.08" y="40.08"/>
        <vehicle id="cfm-slow_3" eclass="HBEFA3/PC_G_EU4" CO2="27805.64" CO="533.65" HC="3.11" NOx="12.78" PMx="0.68" fuel="11.95" electricity="0.00" noise="97.78" route="routebottom" type="cfm-slow" waiting="0.00" lane="right_0" pos="4.69" speed="11.69" angle="356.09" x="131.51" y="73.81"/>
        <vehicle id="cfm-slow_4" eclass="HBEFA3/PC_G_EU4" CO2="28288.85" CO="543.42" HC="3.17" NOx="13.00" PMx="0.69" fuel="12.16" electricity="0.00" noise="98.41" route="routeright" type="cfm-slow" waiting="0.00" lane="right_0" pos="20.52" speed="11.72" angle="327.54" x="118.49" y="104.91"/>
        <vehicle id="cfm-slow_5" eclass="HBEFA3/PC_G_EU4" CO2="31005.01" CO="597.92" HC="3.49" NOx="14.28" PMx="0.76" fuel="13.33" electricity="0.00" noise="101.76" route="routeright" type="cfm-slow" waiting="0.00" lane="right_0" pos="36.39" speed="11.90" angle="299.05" x="92.16" y="126.07"/>
    </timestep>
    <timestep time="0.98">
        <vehicle id="cfm-fast_0" eclass="HBEFA3/PC_G_EU4" CO2="39054.59" CO="755.69" HC="4.40" NOx="18.05" PMx="0.97" fuel="16.79" electricity="0.00" noise="109.17" route="routetop" type="cfm-fast" waiting="0.00" lane="top_0" pos="2.58" speed="12.99" angle="269.87" x="58.02" y="132.05"/>
        <vehicle id="cfm-fast_1" eclass="HBEFA3/PC_G_EU4" CO2="39054.73" CO="755.69" HC="4.40" NOx="18.05" PMx="0.97" fuel="16.79" electricity="0.00" noise="109.17" route="routetop" type="cfm-fast" waiting="0.00" lane="top_0" pos="18.41" speed="12.99" angle="241.34" x="26.13" y="121.09"/>
        <vehicle id="cfm-fast_2" eclass="HBEFA3/PC_G_EU4" CO2="39058.25" CO="755.76" HC="4.41" NOx="18.05" PMx="0.97" fuel="16.79" electricity="0.00" noise="109.18" route="routetop" type="cfm-fast" waiting="0.00" lane="top_0" pos="34.25" speed="12.99" angle="212.88" x="3.31" y="96.28"/>
        <vehicle id="cfm-fast_3" eclass="HBEFA3/PC_G_EU4" CO2="39128.29" CO="757.20" HC="4.41" NOx="18.09" PMx="0.97" fuel="16.82" electricity="0.00" noise="109.26" route="routetop" type="cfm-fast" waiting="0.00" lane="left_0" pos="0.08" speed="12.99" angle="184.33" x="-4.95" y="63.40"/>
        <vehicle id="cfm-fast_4" eclass="HBEFA3/PC_G_EU4" CO2="40136.98" CO="777.79" HC="4.53" NOx="18.56" PMx="1.00" fuel="17.25" electricity="0.00" noise="110.49" route="routeleft" type="cfm-fast" waiting="0.00" lane="left_0" pos="15.92" speed="13.02" angle="155.82" x="3.48" y="30.74"/>
        <vehicle id="cfm-fast_5" eclass="HBEFA3/PC_G_EU4" CO2="49794.35" CO="974.32" HC="5.67" NOx="23.11" PMx="1.25" fuel="21.40" electricity="0.00" noise="121.54" route="routeleft" type="cfm-fast" waiting="0.00" lane="left_0" pos="31.78" speed="13.36" angle="127.32" x="26.48" y="6.00"/>
        <vehicle id="cfm-slow_0" eclass="HBEFA3/PC_G_EU4" CO2="27693.18" CO="530.70" HC="3.10" NOx="12.72" PMx="0.68" fuel="11.90" electricity="0.00" noise="97.39" route="routebottom" type="cfm-slow" waiting="0.00" lane="bottom_0" pos="7.31" speed="11.77" angle="81.25" x="79.34" y="-3.12"/>
        <vehicle id="cfm-slow_1" eclass="HBEFA3/PC_G_EU4" CO2="27693.63" CO="530.70" HC="3.10" NOx="12.72" PMx="0.68" fuel="11.90" electricity="0.00" noise="97.39" route="routebottom" type="cfm-slow" waiting="0.00" lane="bottom_0" pos="23.14" speed="11.77" angle="52.82" x="109.26" y="12.41"/>
        <vehicle id="cfm-slow_2" eclass="HBEFA3/PC_G_EU4" CO2="27699.61" CO="530.83" HC="3.10" NOx="12.72" PMx="0.68" fuel="11.91" electricity="0.00" noise="97.40" route="routebottom" type="cfm-slow" waiting="0.00" lane="bottom_0" pos="38.97" speed="11.77" angle="24.40" x="128.17" y="40.32"/>
        <vehicle id="cfm-slow_3" eclass="HBEFA3/PC_G_EU4" CO2="27762.72" CO="532.11" HC="3.11" NOx="12.75" PMx="0.68" fuel="11.93" electricity="0.00" noise="97.48" route="routebottom" type="cfm-slow" waiting="0.00" lane="right_0" pos="4.81" speed="11.78" angle="355.88" x="131.48" y="74.06"/>
        <vehicle id="cfm-slow_4" eclass="HBEFA3/PC_G_EU4" CO2="28269.21" CO="542.35" HC="3.17" NOx="12.99" PMx="0.69" fuel="12.15" electricity="0.00" noise="98.14" route="routeright" type="cfm-slow" waiting="0.00" lane="right_0" pos="20.64" speed="11.80" angle="327.33" x="118.33" y="105.11"/>
        <vehicle id="cfm-slow_5" eclass="HBEFA3/PC_G_EU4" CO2="31045.45" CO="598.05" HC="3.49" NOx="14.30" PMx="0.76" fuel="13.34" electricity="0.00" noise="101.53" route="routeright" type="cfm-slow" waiting="0.00" lane="right_0" pos="36.51" speed="11.99" angle="298.82" x="91.92" y="126.17"/>
    </timestep>
    <timestep time="0.99">
        <vehicle id="cfm-fast_0" eclass="HBEFA3/PC_G_EU4" CO2="39030.30" CO="754.46" HC="4.40" NOx="18.04" PMx="0.97" fuel="16.78" electricity="0.00" noise="108.79" route="routetop" type="cfm-fast" waiting="0.00" lane="top_0" pos="2.71" speed="13.10" angle="269.63" x="57.74" y="132.02"/>
        <vehicle id="cfm-fast_1" eclass="HBEFA3/PC_G_EU4" CO2="39030.47" CO="754.46" HC="4.40" NOx="18.04" PMx="0.97" fuel="16.78" electricity="0.00" noise="108.79" route="routetop" type="cfm-fast" waiting="0.00" lane="top_0" pos="18.55" speed="13.10" angle="241.09" x="25.90" y="120.94"/>
        <vehicle id="cfm-fast_2" eclass="HBEFA3/PC_G_EU4" CO2="39034.63" CO="754.55" HC="4.40" NOx="18.04" PMx="0.97" fuel="16.78" electricity="0.00" noise="108.79" route="routetop" type="cfm-fast" waiting="0.00" lane="top_0" pos="34.38" speed="13.10" angle="212.64" x="3.17" y="96.03"/>
        <vehicle id="cfm-fast_3" eclass="HBEFA3/PC_G_EU4" CO2="39113.91" CO="756.17" HC="4.41" NOx="18.08" PMx="0.97" fuel="16.81" electricity="0.00" noise="108.89" route="routetop" type="cfm-fast" waiting="0.00" lane="left_0" pos="0.21" speed="13.10" angle="184.09" x="-4.94" y="63.11"/>
        <vehicle id="cfm-fast_4" eclass="HBEFA3/PC_G_EU4" CO2="40208.38" CO="778.51" HC="4.54" NOx="18.59" PMx="1.00" fuel="17.28" electricity="0.00" noise="110.20" route="routeleft" type="cfm-fast" waiting="0.00" lane="left_0" pos="16.05" speed="13.13" angle="155.58" x="3.61" y="30.50"/>
        <vehicle id="cfm-fast_5" eclass="HBEFA3/PC_G_EU4" CO2="50290.12" CO="983.65" HC="5.72" NOx="23.34" PMx="1.26" fuel="21.62" electricity="0.00" noise="121.60" route="routeleft" type="cfm-fast" waiting="0.00" lane="left_0" pos="31.92" speed="13.50" angle="127.08" x="26.72" y="5.84"/>
        <vehicle id="cfm-slow_0" eclass="HBEFA3/PC_G_EU4" CO2="27642.67" CO="529.01" HC="3.09" NOx="12.69" PMx="0.68" fuel="11.88" electricity="0.00" noise="97.10" route="routebottom" type="cfm-slow" waiting="0.00" lane="bottom_0" pos="7.42" speed="11.86" angle="81.02" x="79.59" y="-3.07"/>
        <vehicle id="cfm-slow_1" eclass="HBEFA3/PC_G_EU4" CO2="27643.18" CO="529.02" HC="3.09" NOx="12.70" PMx="0.68" fuel="11.88" electricity="0.00" noise="97.10" route="routebottom" type="cfm-slow" waiting="0.00" lane="bottom_0" pos="23.26" speed="11.86" angle="52.60" x="109.45" y="12.58"/>
        <vehicle id="cfm-slow_2" eclass="HBEFA3/PC_G_EU4" CO2="27649.72" CO="529.16" HC="3.09" NOx="12.70" PMx="0.68" fuel="11.89" electricity="0.00" noise="97.11" route="routebottom" type="cfm-slow" waiting="0.00" lane="bottom_0" pos="39.09" speed="11.86" angle="24.19" x="128.26" y="40.56"/>
        <vehicle id="cfm-slow_3" eclass="HBEFA3/PC_G_EU4" CO2="27717.33" CO="530.53" HC="3.10" NOx="12.73" PMx="0.68" fuel="11.91" electricity="0.00" noise="97.20" route="routebottom" type="cfm-slow" waiting="0.00" lane="right_0" pos="4.92" speed="11.86" angle="355.66" x="131.44" y="74.31"/>
        <vehicle id="cfm-slow_4" eclass="HBEFA3/PC_G_EU4" CO2="28247.50" CO="541.25" HC="3.16" NOx="12.98" PMx="0.69" fuel="12.14" electricity="0.00" noise="97.88" route="routeright" type="cfm-slow" waiting="0.00" lane="right_0" pos="20.76" speed="11.89" angle="327.11" x="118.17" y="105.31"/>
        <vehicle id="cfm-slow_5" eclass="HBEFA3/PC_G_EU4" CO2="31082.72" CO="598.11" HC="3.49" NOx="14.31" PMx="0.76" fuel="13.36" electricity="0.00" noise="101.31" route="routeright" type="cfm-slow" waiting="0.00" lane="right_0" pos="36.63" speed="12.08" angle="298.58" x="91.68" y="126.28"/>
    </timestep>
    <timestep time="1.00">
        <vehicle id="cfm-fast_0" eclass="HBEFA3/PC_G_EU4" CO2="39000.94" CO="753.14" HC="4.39" NOx="18.02" PMx="0.97" fuel="16.76" electricity="0.00" noise="108.40" route="routetop" type="cfm-fast" waiting="0.00" lane="top_0" pos="2.84" speed="13.21" angle="269.39" x="57.46" y="131.99"/>
        <vehicle id="cfm-fast_1" eclass="HBEFA3/PC_G_EU4" CO2="39001.14" CO="753.14" HC="4.39" NOx="18.02" PMx="0.97" fuel="16.76" electricity="0.00" noise="108.40" route="routetop" type="cfm-fast" waiting="0.00" lane="top_0" pos="18.68" speed="13.21" angle="240.83" x="25.66" y="120.78"/>
        <vehicle id="cfm-fast_2" eclass="HBEFA3/PC_G_EU4" CO2="39006.03" CO="753.24" HC="4.39" NOx="18.02" PMx="0.97" fuel="16.77" electricity="0.00" noise="108.41" route="routetop" type="cfm-fast" waiting="0.00" lane="top_0" pos="34.51" speed="13.21" angle="212.40" x="3.03" y="95.78"/>
        <vehicle id="cfm-fast_3" eclass="HBEFA3/PC_G_EU4" CO2="39095.32" CO="755.07" HC="4.40" NOx="18.07" PMx="0.97" fuel="16.81" electricity="0.00" noise="108.52" route="routetop" type="cfm-fast" waiting="0.00" lane="left_0" pos="0.34" speed="13.21" angle="183.86" x="-4.93" y="62.83"/>
        <vehicle id="cfm-fast_4" eclass="HBEFA3/PC_G_EU4" CO2="40278.96" CO="779.23" HC="4.54" NOx="18.62" PMx="1.00" fuel="17.31" electricity="0.00" noise="109.93" route="routeleft" type="cfm-fast" waiting="0.00" lane="left_1" pos="16.18" speed="13.24" angle="155.39" x="6.62" y="31.87"/>
        <vehicle id="cfm-fast_5" eclass="HBEFA3/PC_G_EU4" CO2="50786.19" CO="993.00" HC="5.78" NOx="23.57" PMx="1.28" fuel="21.83" electricity="0.00" noise="121.66" route="routeleft" type="cfm-fast" waiting="0.00" lane="left_0" pos="32.05" speed="13.64" angle="126.89" x="26.97" y="5.68"/>
        <vehicle id="cfm-slow_0" eclass="HBEFA3/PC_G_EU4" CO2="27589.52" CO="527.29" HC="3.08" NOx="12.67" PMx="0.67" fuel="11.86" electricity="0.00" noise="96.80" route="routebottom" type="cfm-slow" waiting="0.00" lane="bottom_0" pos="7.54" speed="11.94" angle="80.81" x="79.84" y="-3.01"/>
        <vehicle id="cfm-slow_1" eclass="HBEFA3/PC_G_EU4" CO2="27590.09" CO="527.30" HC="3.08" NOx="12.67" PMx="0.67" fuel="11.86" electricity="0.00" noise="96.80" route="routebottom" type="cfm-slow" waiting="0.00" lane="bottom_0" pos="23.38" speed="11.94" angle="52.39" x="109.64" y="12.75"/>
        <vehicle id="cfm-slow_2" eclass="HBEFA3/PC_G_EU4" CO2="27597.24" CO="527.44" HC="3.08" NOx="12.67" PMx="0.67" fuel="11.86" electricity="0.00" noise="96.81" route="routebottom" type="cfm-slow" waiting="0.00" lane="bottom_0" pos="39.21" speed="11.94" angle="23.97" x="128.34" y="40.80"/>
        <vehicle id="cfm-slow_3" eclass="HBEFA3/PC_G_EU4" CO2="27669.55" CO="528.91" HC="3.09" NOx="12.71" PMx="0.68" fuel="11.89" electricity="0.00" noise="96.91" route="routebottom" type="cfm-slow" waiting="0.00" lane="right_0" pos="5.04" speed="11.94" angle="355.38" x="131.40" y="74.57"/>
        <vehicle id="cfm-slow_4" eclass="HBEFA3/PC_G_EU4" CO2="28223.78" CO="540.11" HC="3.15" NOx="12.97" PMx="0.69" fuel="12.13" electricity="0.00" noise="97.62" route="routeright" type="cfm-slow" waiting="0.00" lane="right_0" pos="20.88" speed="11.97" angle="326.90" x="118.01" y="105.51"/>
        <vehicle id="cfm-slow_5" eclass="HBEFA3/PC_G_EU4" CO2="31116.88" CO="598.13" HC="3.49" NOx="14.33" PMx="0.77" fuel="13.38" electricity="0.00" noise="101.09" route="routeright" type="cfm-slow" waiting="0.00" lane="right_0" pos="36.75" speed="12.17" angle="298.35" x="91.45" y="126.39"/>
    </timestep>
    <timestep time="1.01">
        <vehicle id="cfm-fast_0" eclass="HBEFA3/PC_G_EU4" CO2="38966.65" CO="751.74" HC="4.38" NOx="18.00" PMx="0.97" fuel="16.75" electricity="0.00" noise="108.02" route="routetop" type="cfm-fast" waiting="0.00" lane="top_0" pos="2.98" speed="13.31" angle="269.16" x="57.17" y="131.96"/>
        <vehicle id="cfm-fast_1" eclass="HBEFA3/PC_G_EU4" CO2="38966.90" CO="751.74" HC="4.38" NOx="18.00" PMx="0.97" fuel="16.75" electricity="0.00" noise="108.02" route="routetop" type="cfm-fast" waiting="0.00" lane="top_0" pos="18.81" speed="13.31" angle="240.57" x="25.42" y="120.62"/>
        <vehicle id="cfm-fast_2" eclass="HBEFA3/PC_G_EU4" CO2="38972.61" CO="751.86" HC="4.39" NOx="18.00" PMx="0.97" fuel="16.75" electricity="0.00" noise="108.03" route="routetop" type="cfm-fast" waiting="0.00" lane="top_0" pos="34.64" speed="13.31" angle="212.22" x="2.90" y="95.53"/>
        <vehicle id="cfm-fast_3" eclass="HBEFA3/PC_G_EU4" CO2="49723.76" CO="972.99" HC="5.66" NOx="23.08" PMx="1.25" fuel="21.37" electricity="0.00" noise="121.53" route="routetop" type="cfm-fast" waiting="0.00" lane="left_0" pos="0.48" speed="13.34" angle="183.61" x="-4.93" y="62.54"/>
        <vehicle id="cfm-fast_4" eclass="HBEFA3/PC_G_EU4" CO2="49837.20" CO="975.13" HC="5.67" NOx="23.13" PMx="1.25" fuel="21.42" electricity="0.00" noise="121.54" route="routeleft" type="cfm-fast" waiting="0.00" lane="left_1" pos="16.31" speed="13.38" angle="155.14" x="6.76" y="31.63"/>
        <vehicle id="cfm-fast_5" eclass="HBEFA3/PC_G_EU4" CO2="51282.55" CO="1002.37" HC="5.83" NOx="23.80" PMx="1.29" fuel="22.04" electricity="0.00" noise="121.72" route="routeleft" type="cfm-fast" waiting="0.00" lane="left_0" pos="32.19" speed="13.77" angle="126.64" x="27.22" y="5.52"/>
        <vehicle id="cfm-slow_0" eclass="HBEFA3/PC_G_EU4" CO2="27533.83" CO="525.52" HC="3.07" NOx="12.64" PMx="0.67" fuel="11.84" electricity="0.00" noise="96.51" route="routebottom" type="cfm-slow" waiting="0.00" lane="bottom_0" pos="7.66" speed="12.02" angle="80.64" x="80.09" y="-2.95"/>
        <vehicle id="cfm-slow_1" eclass="HBEFA3/PC_G_EU4" CO2="27534.46" CO="525.53" HC="3.07" NOx="12.64" PMx="0.67" fuel="11.84" electricity="0.00" noise="96.51" route="routebottom" type="cfm-slow" waiting="0.00" lane="bottom_0" pos="23.50" speed="12.02" angle="52.17" x="109.83" y="12.93"/>
        <vehicle id="cfm-slow_2" eclass="HBEFA3/PC_G_EU4" CO2="27542.26" CO="525.69" HC="3.07" NOx="12.64" PMx="0.67" fuel="11.84" electricity="0.00" noise="96.52" route="routebottom" type="cfm-slow" waiting="0.00" lane="bottom_0" pos="39.33" speed="12.02" angle="23.76" x="128.43" y="41.05"/>
        <vehicle id="cfm-slow_3" eclass="HBEFA3/PC_G_EU4" CO2="27619.45" CO="527.26" HC="3.08" NOx="12.68" PMx="0.67" fuel="11.87" electricity="0.00" noise="96.63" route="routebottom" type="cfm-slow" waiting="0.00" lane="right_0" pos="5.16" speed="12.02" angle="355.18" x="131.36" y="74.82"/>
        <vehicle id="cfm-slow_4" eclass="HBEFA3/PC_G_EU4" CO2="28198.13" CO="538.95" HC="3.15" NOx="12.95" PMx="0.69" fuel="12.12" electricity="0.00" noise="97.36" route="routeright" type="cfm-slow" waiting="0.00" lane="right_0" pos="21.00" speed="12.05" angle="326.68" x="117.85" y="105.72"/>
        <vehicle id="cfm-slow_5" eclass="HBEFA3/PC_G_EU4" CO2="31147.97" CO="598.09" HC="3.49" NOx="14.34" PMx="0.77" fuel="13.39" electricity="0.00" noise="100.87" route="routeright" type="cfm-slow" waiting="0.00" lane="right_0" pos="36.87" speed="12.26" angle="298.11" x="91.20" y="126.49"/>
    </timestep>
    <timestep time="1.02">
        <vehicle id="cfm-fast_0" eclass="HBEFA3/PC_G_EU4" CO2="38927.58" CO="750.25" HC="4.38" NOx="17.98" PMx="0.97" fuel="16.73" electricity="0.00" noise="107.65" route="routetop" type="cfm-fast" waiting="0.00" lane="top_0" pos="3.11" speed="13.42" angle="268.92" x="56.89" y="131.93"/>
        <vehicle id="cfm-fast_1" eclass="HBEFA3/PC_G_EU4" CO2="38927.88" CO="750.26" HC="4.38" NOx="17.98" PMx="0.97" fuel="16.73" electricity="0.00" noise="107.65" route="routetop" type="cfm-fast" waiting="0.00" lane="top_0" pos="18.94" speed="13.42" angle="240.31" x="25.18" y="120.46"/>
        <vehicle id="cfm-fast_2" eclass="HBEFA3/PC_G_EU4" CO2="39032.82" CO="752.42" HC="4.39" NOx="18.03" PMx="0.97" fuel="16.78" electricity="0.00" noise="107.78" route="routetop" type="cfm-fast" waiting="0.00" lane="top_0" pos="34.78" speed="13.42" angle="211.97" x="2.77" y="95.27"/>
        <vehicle id="cfm-fast_3" eclass="HBEFA3/PC_G_EU4" CO2="50219.50" CO="982.32" HC="5.71" NOx="23.31" PMx="1.26" fuel="21.59" electricity="0.00" noise="121.59" route="routetop" type="cfm-fast" waiting="0.00" lane="left_0" pos="0.61" speed="13.48" angle="183.37" x="-4.92" y="62.25"/>
        <vehicle id="cfm-fast_4" eclass="HBEFA3/PC_G_EU4" CO2="50333.00" CO="984.46" HC="5.73" NOx="23.36" PMx="1.27" fuel="21.64" electricity="0.00" noise="121.61" route="routeleft" type="cfm-fast" waiting="0.00" lane="left_1" pos="16.45" speed="13.51" angle="154.90" x="6.89" y="31.39"/>
        <vehicle id="cfm-fast_5" eclass="HBEFA3/PC_G_EU4" CO2="51779.20" CO="1011.76" HC="5.89" NOx="24.03" PMx="1.30" fuel="22.26" electricity="0.00" noise="121.79" route="routeleft" type="cfm-fast" waiting="0.00" lane="left_0" pos="32.33" speed="13.91" angle="126.38" x="27.48" y="5.37"/>
        <vehicle id="cfm-slow_0" eclass="HBEFA3/PC_G_EU4" CO2="27475.65" CO="523.71" HC="3.06" NOx="12.61" PMx="0.67" fuel="11.81" electricity="0.00" noise="96.23" route="routebottom" type="cfm-slow" waiting="0.00" lane="bottom_0" pos="7.78" speed="12.10" angle="80.41" x="80.34" y="-2.88"/>
        <vehicle id="cfm-slow_1" eclass="HBEFA3/PC_G_EU4" CO2="27476.36" CO="523.73" HC="3.06" NOx="12.61" PMx="0.67" fuel="11.81" electricity="0.00" noise="96.23" route="routebottom" type="cfm-slow" waiting="0.00" lane="bottom_0" pos="23.62" speed="12.10" angle="51.95" x="110.02" y="13.10"/>
        <vehicle id="cfm-slow_2" eclass="HBEFA3/PC_G_EU4" CO2="27484.84" CO="523.90" HC="3.06" NOx="12.61" PMx="0.67" fuel="11.81" electricity="0.00" noise="96.24" route="routebottom" type="cfm-slow" waiting="0.00" lane="bottom_0" pos="39.45" speed="12.10" angle="23.54" x="128.52" y="41.29"/>
        <vehicle id="cfm-slow_3" eclass="HBEFA3/PC_G_EU4" CO2="27567.13" CO="525.57" HC="3.07" NOx="12.65" PMx="0.67" fuel="11.85" electricity="0.00" noise="96.34" route="routebottom" type="cfm-slow" waiting="0.00" lane="right_0" pos="5.29" speed="12.10" angle="354.95" x="131.31" y="75.08"/>
        <vehicle id="cfm-slow_4" eclass="HBEFA3/PC_G_EU4" CO2="28170.60" CO="537.77" HC="3.14" NOx="12.94" PMx="0.69" fuel="12.11" electricity="0.00" noise="97.11" route="routeright" type="cfm-slow" waiting="0.00" lane="right_0" pos="21.12" speed="12.13" angle="326.46" x="117.69" y="105.92"/>
        <vehicle id="cfm-slow_5" eclass="HBEFA3/PC_G_EU4" CO2="31176.04" CO="598.01" HC="3.49" NOx="14.35" PMx="0.77" fuel="13.40" electricity="0.00" noise="100.65" route="routeright" type="cfm-slow" waiting="0.00" lane="right_0" pos="36.99" speed="12.35" angle="297.87" x="90.96" y="126.60"/>
    </timestep>
    <timestep time="1.03">
        <vehicle id="cfm-fast_0" eclass="HBEFA3/PC_G_EU4" CO2="38883.85" CO="748.68" HC="4.37" NOx="17.96" PMx="0.97" fuel="16.71" electricity="0.00" noise="107.28" route="routetop" type="cfm-fast" waiting="0.00" lane="top_0" pos="3.25" speed="13.52" angle="268.67" x="56.60" y="131.90"/>
        <vehicle id="cfm-fast_1" eclass="HBEFA3/PC_G_EU4" CO2="38885.13" CO="748.71" HC="4.37" NOx="17.96" PMx="0.97" fuel="16.71" electricity="0.00" noise="107.28" route="routetop" type="cfm-fast" waiting="0.00" lane="top_0" pos="19.08" speed="13.52" angle="240.05" x="24.94" y="120.30"/>
        <vehicle id="cfm-fast_2" eclass="HBEFA3/PC_G_EU4" CO2="39092.98" CO="752.98" HC="4.39" NOx="18.06" PMx="0.97" fuel="16.80" electricity="0.00" noise="107.54" route="routetop" type="cfm-fast" waiting="0.00" lane="top_0" pos="34.91" speed="13.52" angle="211.72" x="2.64" y="95.01"/>
        <vehicle id="cfm-fast_3" eclass="HBEFA3/PC_G_EU4" CO2="50715.52" CO="991.66" HC="5.77" NOx="23.54" PMx="1.27" fuel="21.80" electricity="0.00" noise="121.65" route="routetop" type="cfm-fast" waiting="0.00" lane="left_0" pos="0.75" speed="13.62" angle="183.12" x="-4.91" y="61.96"/>
        <vehicle id="cfm-fast_4" eclass="HBEFA3/PC_G_EU4" CO2="50829.09" CO="993.81" HC="5.78" NOx="23.59" PMx="1.28" fuel="21.85" electricity="0.00" noise="121.67" route="routeleft" type="cfm-fast" waiting="0.00" lane="left_1" pos="16.59" speed="13.65" angle="154.67" x="7.03" y="31.14"/>
        <vehicle id="cfm-fast_5" eclass="HBEFA3/PC_G_EU4" CO2="52276.14" CO="1021.17" HC="5.94" NOx="24.26" PMx="1.32" fuel="22.47" electricity="0.00" noise="121.85" route="routeleft" type="cfm-fast" waiting="0.00" lane="left_0" pos="32.47" speed="14.05" angle="126.12" x="27.74" y="5.21"/>
        <vehicle id="cfm-slow_0" eclass="HBEFA3/PC_G_EU4" CO2="27415.08" CO="521.87" HC="3.05" NOx="12.58" PMx="0.67" fuel="11.78" electricity="0.00" noise="95.94" route="routebottom" type="cfm-slow" waiting="0.00" lane="bottom_0" pos="7.91" speed="12.18" angle="80.19" x="80.59" y="-2.82"/>
        <vehicle id="cfm-slow_1" eclass="HBEFA3/PC_G_EU4" CO2="27415.86" CO="521.89" HC="3.05" NOx="12.58" PMx="0.67" fuel="11.78" electricity="0.00" noise="95.94" route="routebottom" type="cfm-slow" waiting="0.00" lane="bottom_0" pos="23.74" speed="12.18" angle="51.73" x="110.21" y="13.28"/>
        <vehicle id="cfm-slow_2" eclass="HBEFA3/PC_G_EU4" CO2="27425.08" CO="522.07" HC="3.05" NOx="12.58" PMx="0.67" fuel="11.79" electricity="0.00" noise="95.95" route="routebottom" type="cfm-slow" waiting="0.00" lane="bottom_0" pos="39.57" speed="12.18" angle="23.32" x="128.61" y="41.54"/>
        <vehicle id="cfm-slow_3" eclass="HBEFA3/PC_G_EU4" CO2="27512.66" CO="523.85" HC="3.06" NOx="12.63" PMx="0.67" fuel="11.83" electricity="0.00" noise="96.07" route="routebottom" type="cfm-slow" waiting="0.00" lane="right_0" pos="5.41" speed="12.18" angle="354.73" x="131.27" y="75.33"/>
        <vehicle id="cfm-slow_4" eclass="HBEFA3/PC_G_EU4" CO2="28141.28" CO="536.55" HC="3.14" NOx="12.92" PMx="0.69" fuel="12.10" electricity="0.00" noise="96.85" route="routeright" type="cfm-slow" waiting="0.00" lane="right_0" pos="21.24" speed="12.21" angle="326.23" x="117.53" y="106.13"/>
        <vehicle id="cfm-slow_5" eclass="HBEFA3/PC_G_EU4" CO2="31201.16" CO="597.87" HC="3.49" NOx="14.36" PMx="0.77" fuel="13.41" electricity="0.00" noise="100.43" route="routeright" type="cfm-slow" waiting="0.00" lane="right_0" pos="37.12" speed="12.44" angle="297.66" x="90.72" y="126.71"/>
    </timestep>
    <timestep time="1.04">
        <vehicle id="cfm-fast_0" eclass="HBEFA3/PC_G_EU4" CO2="38835.62" CO="747.04" HC="4.36" NOx="17.93" PMx="0.96" fuel="16.69" electricity="0.00" noise="106.91" route="routetop" type="cfm-fast" waiting="0.00" lane="top_0" pos="3.38" speed="13.62" angle="268.43" x="56.31" y="131.87"/>
        <vehicle id="cfm-fast_1" eclass="HBEFA3/PC_G_EU4" CO2="38838.82" CO="747.11" HC="4.36" NOx="17.93" PMx="0.96" fuel="16.69" electricity="0.00" noise="106.91" route="routetop" type="cfm-fast" waiting="0.00" lane="top_0" pos="19.22" speed="13.62" angle="239.85" x="24.70" y="120.13"/>
        <vehicle id="cfm-fast_2" eclass="HBEFA3/PC_G_EU4" CO2="39153.21" CO="753.57" HC="4.40" NOx="18.08" PMx="0.97" fuel="16.83" electricity="0.00" noise="107.30" route="routetop" type="cfm-fast" waiting="0.00" lane="top_0" pos="35.05" speed="13.62" angle="211.47" x="2.51" y="94.75"/>
        <vehicle id="cfm-fast_3" eclass="HBEFA3/PC_G_EU4" CO2="51211.84" CO="1001.03" HC="5.82" NOx="23.77" PMx="1.29" fuel="22.01" electricity="0.00" noise="121.71" route="routetop" type="cfm-fast" waiting="0.00" lane="left_0" pos="0.89" speed="13.75" angle="182.87" x="-4.91" y="61.66"/>
        <vehicle id="cfm-fast_4" eclass="HBEFA3/PC_G_EU4" CO2="51325.47" CO="1003.18" HC="5.84" NOx="23.82" PMx="1.29" fuel="22.06" electricity="0.00" noise="121.73" route="routeleft" type="cfm-fast" waiting="0.00" lane="left_1" pos="16.72" speed="13.78" angle="154.44" x="7.17" y="30.90"/>
        <vehicle id="cfm-fast_5" eclass="HBEFA3/PC_G_EU4" CO2="52773.37" CO="1030.61" HC="6.00" NOx="24.49" PMx="1.33" fuel="22.68" electricity="0.00" noise="121.91" route="routeleft" type="cfm-fast" waiting="0.00" lane="left_0" pos="32.61" speed="14.18" angle="125.85" x="28.00" y="5.06"/>
        <vehicle id="cfm-slow_0" eclass="HBEFA3/PC_G_EU4" CO2="27352.18" CO="519.99" HC="3.04" NOx="12.55" PMx="0.67" fuel="11.76" electricity="0.00" noise="95.66" route="routebottom" type="cfm-slow" waiting="0.00" lane="bottom_0" pos="8.03" speed="12.26" angle="79.97" x="80.85" y="-2.75"/>
        <vehicle id="cfm-slow_1" eclass="HBEFA3/PC_G_EU4" CO2="27353.04" CO="520.00" HC="3.04" NOx="12.55" PMx="0.67" fuel="11.76" electricity="0.00" noise="95.66" route="routebottom" type="cfm-slow" waiting="0.00" lane="bottom_0" pos="23.86" speed="12.26" angle="51.51" x="110.41" y="13.46"/>
        <vehicle id="cfm-slow_2" eclass="HBEFA3/PC_G_EU4" CO2="27363.04" CO="520.21" HC="3.04" NOx="12.55" PMx="0.67" fuel="11.76" electricity="0.00" noise="95.67" route="routebottom" type="cfm-slow" waiting="0.00" lane="bottom_0" pos="39.70" speed="12.26" angle="23.13" x="128.70" y="41.79"/>
        <vehicle id="cfm-slow_3" eclass="HBEFA3/PC_G_EU4" CO2="27456.12" CO="522.10" HC="3.05" NOx="12.60" PMx="0.67" fuel="11.80" electricity="0.00" noise="95.79" route="routebottom" type="cfm-slow" waiting="0.00" lane="right_0" pos="5.53" speed="12.26" angle="354.50" x="131.22" y="75.59"/>
        <vehicle id="cfm-slow_4" eclass="HBEFA3/PC_G_EU4" CO2="28110.21" CO="535.31" HC="3.13" NOx="12.90" PMx="0.69" fuel="12.08" electricity="0.00" noise="96.61" route="routeright" type="cfm-slow" waiting="0.00" lane="right_0" pos="21.37" speed="12.30" angle="326.01" x="117.37" y="106.34"/>
        <vehicle id="cfm-slow_5" eclass="HBEFA3/PC_G_EU4" CO2="31223.37" CO="597.69" HC="3.49" NOx="14.37" PMx="0.77" fuel="13.42" electricity="0.00" noise="100.22" route="routeright" type="cfm-slow" waiting="0.00" lane="right_0" pos="37.24" speed="12.53" angle="297.47" x="90.47" y="126.82"/>
    </timestep>
    <timestep time="1.05">
        <vehicle id="cfm-fast_0" eclass="HBEFA3/PC_G_EU4" CO2="38783.02" CO="745.32" HC="4.35" NOx="17.90" PMx="0.96" fuel="16.67" electricity="0.00" noise="106.54" route="routetop" type="cfm-fast" waiting="0.00" lane="top_0" pos="3.52" speed="13.72" angle="268.18" x="56.01" y="131.84"/>
        <vehicle id="cfm-fast_1" eclass="HBEFA3/PC_G_EU4" CO2="38789.12" CO="745.45" HC="4.35" NOx="17.91" PMx="0.96" fuel="16.67" electricity="0.00" noise="106.55" route="routetop" type="cfm-fast" waiting="0.00" lane="top_0" pos="19.35" speed="13.73" angle="239.61" x="24.46" y="119.96"/>
        <vehicle id="cfm-fast_2" eclass="HBEFA3/PC_G_EU4" CO2="39213.63" CO="754.17" HC="4.40" NOx="18.11" PMx="0.97" fuel="16.86" electricity="0.00" noise="107.06" route="routetop" type="cfm-fast" waiting="0.00" lane="top_0" pos="35.19" speed="13.73" angle="211.22" x="2.37" y="94.48"/>
        <vehicle id="cfm-fast_3" eclass="HBEFA3/PC_G_EU4" CO2="51708.45" CO="1010.42" HC="5.88" NOx="24.00" PMx="1.30" fuel="22.23" electricity="0.00" noise="121.78" route="routetop" type="cfm-fast" waiting="0.00" lane="left_0" pos="1.03" speed="13.89" angle="182.62" x="-4.90" y="61.36"/>
        <vehicle id="cfm-fast_4" eclass="HBEFA3/PC_G_EU4" CO2="51822.15" CO="1012.57" HC="5.89" NOx="24.05" PMx="1.30" fuel="22.28" electricity="0.00" noise="121.79" route="routeleft" type="cfm-fast" waiting="0.00" lane="left_1" pos="16.86" speed="13.92" angle="154.18" x="7.31" y="30.65"/>
        <vehicle id="cfm-fast_5" eclass="HBEFA3/PC_G_EU4" CO2="53270.90" CO="1040.07" HC="6.05" NOx="24.73" PMx="1.34" fuel="22.90" electricity="0.00" noise="121.97" route="routeleft" type="cfm-fast" waiting="0.00" lane="left_0" pos="32.76" speed="14.32" angle="125.58" x="28.26" y="4.90"/>
        <vehicle id="cfm-slow_0" eclass="HBEFA3/PC_G_EU4" CO2="27287.02" CO="518.07" HC="3.03" NOx="12.52" PMx="0.67" fuel="11.73" electricity="0.00" noise="95.38" route="routebottom" type="cfm-slow" waiting="0.00" lane="bottom_0" pos="8.15" speed="12.34" angle="79.74" x="81.10" y="-2.68"/>
        <vehicle id="cfm-slow_1" eclass="HBEFA3/PC_G_EU4" CO2="27287.98" CO="518.09" HC="3.03" NOx="12.52" PMx="0.67" fuel="11.73" electricity="0.00" noise="95.38" route="routebottom" type="cfm-slow" waiting="0.00" lane="bottom_0" pos="23.99" speed="12.34" angle="51.29" x="110.60" y="13.64"/>
        <vehicle id="cfm-slow_2" eclass="HBEFA3/PC_G_EU4" CO2="27298.81" CO="518.31" HC="3.03" NOx="12.52" PMx="0.67" fuel="11.73" electricity="0.00" noise="95.39" route="routebottom" type="cfm-slow" waiting="0.00" lane="bottom_0" pos="39.82" speed="12.34" angle="22.93" x="128.78" y="42.04"/>
        <vehicle id="cfm-slow_3" eclass="HBEFA3/PC_G_EU4" CO2="27397.59" CO="520.31" HC="3.04" NOx="12.57" PMx="0.67" fuel="11.78" electricity="0.00" noise="95.52" route="routebottom" type="cfm-slow" waiting="0.00" lane="right_0" pos="5.65" speed="12.34" angle="354.27" x="131.17" y="75.86"/>
        <vehicle id="cfm-slow_4" eclass="HBEFA3/PC_G_EU4" CO2="28077.45" CO="534.05" HC="3.12" NOx="12.89" PMx="0.69" fuel="12.07" electricity="0.00" noise="96.36" route="routeright" type="cfm-slow" waiting="0.00" lane="right_0" pos="21.49" speed="12.38" angle="325.79" x="117.20" y="106.55"/>
        <vehicle id="cfm-slow_5" eclass="HBEFA3/PC_G_EU4" CO2="31242.72" CO="597.45" HC="3.49" NOx="14.37" PMx="0.77" fuel="13.43" electricity="0.00" noise="100.00" route="routeright" type="cfm-slow" waiting="0.00" lane="right_0" pos="37.37" speed="12.62" angle="297.25" x="90.22" y="126.92"/>
    </timestep>
    <timestep time="1.06">
        <vehicle id="cfm-fast_0" eclass="HBEFA3/PC_G_EU4" CO2="38726.18" CO="743.53" HC="4.34" NOx="17.88" PMx="0.96" fuel="16.65" electricity="0.00" noise="106.18" route="routetop" type="cfm-fast" waiting="0.00" lane="top_0" pos="3.66" speed="13.83" angle="267.94" x="55.72" y="131.81"/>
        <vehicle id="cfm-fast_1" eclass="HBEFA3/PC_G_EU4" CO2="38736.20" CO="743.73" HC="4.34" NOx="17.88" PMx="0.96" fuel="16.65" electricity="0.00" noise="106.19" route="routetop" type="cfm-fast" waiting="0.00" lane="top_0" pos="19.49" speed="13.83" angle="239.36" x="24.22" y="119.79"/>
        <vehicle id="cfm-fast_2" eclass="HBEFA3/PC_G_EU4" CO2="39274.34" CO="754.79" HC="4.41" NOx="18.13" PMx="0.98" fuel="16.88" electricity="0.00" noise="106.84" route="routetop" type="cfm-fast" waiting="0.00" lane="top_0" pos="35.33" speed="13.83" angle="210.96" x="2.24" y="94.22"/>
        <vehicle id="cfm-fast_3" eclass="HBEFA3/PC_G_EU4" CO2="52205.35" CO="1019.83" HC="5.93" NOx="24.23" PMx="1.31" fuel="22.44" electricity="0.00" noise="121.84" route="routetop" type="cfm-fast" waiting="0.00" lane="left_0" pos="1.17" speed="14.03" angle="182.37" x="-4.89" y="61.06"/>
        <vehicle id="cfm-fast_4" eclass="HBEFA3/PC_G_EU4" CO2="52319.12" CO="1021.99" HC="5.95" NOx="24.28" PMx="1.32" fuel="22.49" electricity="0.00" noise="121.85" route="routeleft" type="cfm-fast" waiting="0.00" lane="left_1" pos="17.00" speed="14.06" angle="153.91" x="7.46" y="30.41"/>
        <vehicle id="cfm-fast_5" eclass="HBEFA3/PC_G_EU4" CO2="53768.71" CO="1049.54" HC="6.11" NOx="24.96" PMx="1.35" fuel="23.11" electricity="0.00" noise="122.03" route="routeleft" type="cfm-fast" waiting="0.00" lane="left_0" pos="32.90" speed="14.45" angle="125.31" x="28.53" y="4.74"/>
        <vehicle id="cfm-slow_0" eclass="HBEFA3/PC_G_EU4" CO2="27219.69" CO="516.12" HC="3.02" NOx="12.48" PMx="0.66" fuel="11.70" electricity="0.00" noise="95.10" route="routebottom" type="cfm-slow" waiting="0.00" lane="bottom_0" pos="8.28" speed="12.41" angle="79.51" x="81.36" y="-2.61"/>
        <vehicle id="cfm-slow_1" eclass="HBEFA3/PC_G_EU4" CO2="27220.74" CO="516.14" HC="3.02" NOx="12.48" PMx="0.66" fuel="11.70" electricity="0.00" noise="95.10" route="routebottom" type="cfm-slow" waiting="0.00" lane="bottom_0" pos="24.11" speed="12.41" angle="51.07" x="110.80" y="13.82"/>
        <vehicle id="cfm-slow_2" eclass="HBEFA3/PC_G_EU4" CO2="27232.45" CO="516.38" HC="3.02" NOx="12.49" PMx="0.66" fuel="11.71" electricity="0.00" noise="95.12" route="routebottom" type="cfm-slow" waiting="0.00" lane="bottom_0" pos="39.94" speed="12.41" angle="22.69" x="128.86" y="42.29"/>
        <vehicle id="cfm-slow_3" eclass="HBEFA3/PC_G_EU4" CO2="27337.14" CO="518.50" HC="3.03" NOx="12.54" PMx="0.67" fuel="11.75" electricity="0.00" noise="95.25" route="routebottom" type="cfm-slow" waiting="0.00" lane="right_0" pos="5.78" speed="12.42" angle="354.04" x="131.12" y="76.12"/>
        <vehicle id="cfm-slow_4" eclass="HBEFA3/PC_G_EU4" CO2="28043.08" CO="532.76" HC="3.12" NOx="12.87" PMx="0.68" fuel="12.05" electricity="0.00" noise="96.12" route="routeright" type="cfm-slow" waiting="0.00" lane="right_0" pos="21.62" speed="12.46" angle="325.56" x="117.04" y="106.76"/>
        <vehicle id="cfm-slow_5" eclass="HBEFA3/PC_G_EU4" CO2="31259.26" CO="597.17" HC="3.49" NOx="14.38" PMx="0.77" fuel="13.44" electricity="0.00" noise="99.79" route="routeright" type="cfm-slow" waiting="0.00" lane="right_0" pos="37.50" speed="12.71" angle="297.02" x="89.96" y="127.02"/>
    </timestep>
    <timestep time="1.07">
        <vehicle id="cfm-fast_0" eclass="HBEFA3/PC_G_EU4" CO2="38665.25" CO="741.66" HC="4.33" NOx="17.84" PMx="0.96" fuel="16.62" electricity="0.00" noise="105.82" route="routetop" type="cfm-fast" waiting="0.00" lane="top_0" pos="3.80" speed="13.93" angle="267.70" x="55.42" y="131.78"/>
        <vehicle id="cfm-fast_1" eclass="HBEFA3/PC_G_EU4" CO2="38680.22" CO="741.97" HC="4.33" NOx="17.85" PMx="0.96" fuel="16.63" electricity="0.00" noise="105.84" route="routetop" type="cfm-fast" waiting="0.00" lane="top_0" pos="19.63" speed="13.93" angle="239.10" x="23.98" y="119.61"/>
        <vehicle id="cfm-fast_2" eclass="HBEFA3/PC_G_EU4" CO2="39335.45" CO="755.42" HC="4.41" NOx="18.16" PMx="0.98" fuel="16.91" electricity="0.00" noise="106.62" route="routetop" type="cfm-fast" waiting="0.00" lane="top_0" pos="35.46" speed="13.93" angle="210.70" x="2.11" y="93.95"/>
        <vehicle id="cfm-fast_3" eclass="HBEFA3/PC_G_EU4" CO2="52702.54" CO="1029.26" HC="5.99" NOx="24.46" PMx="1.33" fuel="22.65" electricity="0.00" noise="121.90" route="routetop" type="cfm-fast" waiting="0.00" lane="left_0" pos="1.31" speed="14.16" angle="182.13" x="-4.88" y="60.76"/>
        <vehicle id="cfm-fast_4" eclass="HBEFA3/PC_G_EU4" CO2="52816.37" CO="1031.43" HC="6.00" NOx="24.51" PMx="1.33" fuel="22.70" electricity="0.00" noise="121.91" route="routeleft" type="cfm-fast" waiting="0.00" lane="left_1" pos="17.14" speed="14.19" angle="153.65" x="7.61" y="30.16"/>
        <vehicle id="cfm-fast_5" eclass="HBEFA3/PC_G_EU4" CO2="54266.82" CO="1059.04" HC="6.16" NOx="25.19" PMx="1.37" fuel="23.33" electricity="0.00" noise="122.10" route="routeleft" type="cfm-fast" waiting="0.00" lane="left_0" pos="33.05" speed="14.59" angle="125.04" x="28.80" y="4.58"/>
        <vehicle id="cfm-slow_0" eclass="HBEFA3/PC_G_EU4" CO2="27150.25" CO="514.13" HC="3.01" NOx="12.45" PMx="0.66" fuel="11.67" electricity="0.00" noise="94.83" route="routebottom" type="cfm-slow" waiting="0.00" lane="bottom_0" pos="8.40" speed="12.49" angle="79.28" x="81.62" y="-2.54"/>
        <vehicle id="cfm-slow_1" eclass="HBEFA3/PC_G_EU4" CO2="27151.41" CO="514.15" HC="3.01" NOx="12.45" PMx="0.66" fuel="11.67" electricity="0.00" noise="94.83" route="routebottom" type="cfm-slow" waiting="0.00" lane="bottom_0" pos="24.23" speed="12.49" angle="50.85" x="111.00" y="14.00"/>
        <vehicle id="cfm-slow_2" eclass="HBEFA3/PC_G_EU4" CO2="27164.04" CO="514.41" HC="3.01" NOx="12.45" PMx="0.66" fuel="11.68" electricity="0.00" noise="94.85" route="routebottom" type="cfm-slow" waiting="0.00" lane="bottom_0" pos="40.07" speed="12.49" angle="22.45" x="128.94" y="42.55"/>
        <vehicle id="cfm-slow_3" eclass="HBEFA3/PC_G_EU4" CO2="27274.85" CO="516.66" HC="3.02" NOx="12.51" PMx="0.66" fuel="11.72" electricity="0.00" noise="94.98" route="routebottom" type="cfm-slow" waiting="0.00" lane="right_0" pos="5.90" speed="12.49" angle="353.80" x="131.07" y="76.38"/>
        <vehicle id="cfm-slow_4" eclass="HBEFA3/PC_G_EU4" CO2="28007.14" CO="531.45" HC="3.11" NOx="12.85" PMx="0.68" fuel="12.04" electricity="0.00" noise="95.88" route="routeright" type="cfm-slow" waiting="0.00" lane="right_0" pos="21.74" speed="12.53" angle="325.37" x="116.87" y="106.97"/>
        <vehicle id="cfm-slow_5" eclass="HBEFA3/PC_G_EU4" CO2="31273.03" CO="596.84" HC="3.49" NOx="14.38" PMx="0.77" fuel="13.44" electricity="0.00" noise="99.57" route="routeright" type="cfm-slow" waiting="0.00" lane="right_0" pos="37.63" speed="12.79" angle="296.79" x="89.71" y="127.12"/>
    </timestep>
    <timestep time="1.08">
        <vehicle id="cfm-fast_0" eclass="HBEFA3/PC_G_EU4" CO2="38600.34" CO="739.73" HC="4.32" NOx="17.81" PMx="0.96" fuel="16.59" electricity="0.00" noise="105.47" route="routetop" type="cfm-fast" waiting="0.00" lane="top_0" pos="3.94" speed="14.03" angle="267.45" x="55.12" y="131.74"/>
        <vehicle id="cfm-fast_1" eclass="HBEFA3/PC_G_EU4" CO2="38621.35" CO="740.17" HC="4.32" NOx="17.82" PMx="0.96" fuel="16.60" electricity="0.00" noise="105.49" route="routetop" type="cfm-fast" waiting="0.00" lane="top_0" pos="19.77" speed="14.03" angle="238.85" x="23.73" y="119.43"/>
        <vehicle id="cfm-fast_2" eclass="HBEFA3/PC_G_EU4" CO2="39397.07" CO="756.09" HC="4.42" NOx="18.19" PMx="0.98" fuel="16.93" electricity="0.00" noise="106.40" route="routetop" type="cfm-fast" waiting="0.00" lane="top_0" pos="35.60" speed="14.03" angle="210.44" x="1.97" y="93.68"/>
        <vehicle id="cfm-fast_3" eclass="HBEFA3/PC_G_EU4" CO2="53200.02" CO="1038.72" HC="6.05" NOx="24.69" PMx="1.34" fuel="22.87" electricity="0.00" noise="121.96" route="routetop" type="cfm-fast" waiting="0.00" lane="left_0" pos="1.45" speed="14.30" angle="181.87" x="-4.86" y="60.45"/>
        <vehicle id="cfm-fast_4" eclass="HBEFA3/PC_G_EU4" CO2="53313.93" CO="1040.88" HC="6.06" NOx="24.75" PMx="1.34" fuel="22.92" electricity="0.00" noise="121.98" route="routeleft" type="cfm-fast" waiting="0.00" lane="left_1" pos="17.29" speed="14.33" angle="153.38" x="7.76" y="29.91"/>
        <vehicle id="cfm-fast_5" eclass="HBEFA3/PC_G_EU4" CO2="54765.23" CO="1068.56" HC="6.22" NOx="25.42" PMx="1.38" fuel="23.54" electricity="0.00" noise="122.16" route="routeleft" type="cfm-fast" waiting="0.00" lane="left_0" pos="33.19" speed="14.73" angle="124.77" x="29.07" y="4.41"/>
        <vehicle id="cfm-slow_0" eclass="HBEFA3/PC_G_EU4" CO2="27078.77" CO="512.11" HC="3.00" NOx="12.41" PMx="0.66" fuel="11.64" electricity="0.00" noise="94.56" route="routebottom" type="cfm-slow" waiting="0.00" lane="bottom_0" pos="8.53" speed="12.57" angle="79.05" x="81.88" y="-2.47"/>
        <vehicle id="cfm-slow_1" eclass="HBEFA3/PC_G_EU4" CO2="27080.04" CO="512.14" HC="3.00" NOx="12.41" PMx="0.66" fuel="11.64" electricity="0.00" noise="94.56" route="routebottom" type="cfm-slow" waiting="0.00" lane="bottom_0" pos="24.36" speed="12.57" angle="50.67" x="111.20" y="14.19"/>
        <vehicle id="cfm-slow_2" eclass="HBEFA3/PC_G_EU4" CO2="27093.65" CO="512.41" HC="3.00" NOx="12.42" PMx="0.66" fuel="11.65" electricity="0.00" noise="94.57" route="routebottom" type="cfm-slow" waiting="0.00" lane="bottom_0" pos="40.19" speed="12.57" angle="22.21" x="129.02" y="42.81"/>
        <vehicle id="cfm-slow_3" eclass="HBEFA3/PC_G_EU4" CO2="27210.79" CO="514.79" HC="3.01" NOx="12.47" PMx="0.66" fuel="11.70" electricity="0.00" noise="94.72" route="routebottom" type="cfm-slow" waiting="0.00" lane="right_0" pos="6.03" speed="12.57" angle="353.57" x="131.02" y="76.65"/>
        <vehicle id="cfm-slow_4" eclass="HBEFA3/PC_G_EU4" CO2="27969.69" CO="530.11" HC="3.10" NOx="12.83" PMx="0.68" fuel="12.02" electricity="0.00" noise="95.64" route="routeright" type="cfm-slow" waiting="0.00" lane="right_0" pos="21.87" speed="12.61" angle="325.15" x="116.70" y="107.18"/>
        <vehicle id="cfm-slow_5" eclass="HBEFA3/PC_G_EU4" CO2="31284.10" CO="596.47" HC="3.49" NOx="14.39" PMx="0.77" fuel="13.45" electricity="0.00" noise="99.36" route="routeright" type="cfm-slow" waiting="0.00" lane="right_0" pos="37.75" speed="12.88" angle="296.55" x="89.45" y="127.23"/>
    </timestep>
    <timestep time="1.09">
        <vehicle id="cfm-fast_0" eclass="HBEFA3/PC_G_EU4" CO2="38531.60" CO="737.74" HC="4.31" NOx="17.78" PMx="0.96" fuel="16.56" electricity="0.00" noise="105.12" route="routetop" type="cfm-fast" waiting="0.00" lane="top_0" pos="4.08" speed="14.12" angle="267.20" x="54.82" y="131.70"/>
        <vehicle id="cfm-fast_1" eclass="HBEFA3/PC_G_EU4" CO2="38559.74" CO="738.31" HC="4.31" NOx="17.79" PMx="0.96" fuel="16.57" electricity="0.00" noise="105.15" route="routetop" type="cfm-fast" waiting="0.00" lane="top_0" pos="19.91" speed="14.12" angle="238.59" x="23.48" y="119.26"/>
        <vehicle id="cfm-fast_2" eclass="HBEFA3/PC_G_EU4" CO2="39459.30" CO="756.77" HC="4.42" NOx="18.21" PMx="0.98" fuel="16.96" electricity="0.00" noise="106.19" route="routetop" type="cfm-fast" waiting="0.00" lane="top_0" pos="35.75" speed="14.13" angle="210.18" x="1.84" y="93.41"/>
        <vehicle id="cfm-fast_3" eclass="HBEFA3/PC_G_EU4" CO2="53697.80" CO="1048.19" HC="6.10" NOx="24.92" PMx="1.35" fuel="23.08" electricity="0.00" noise="122.02" route="routetop" type="cfm-fast" waiting="0.00" lane="left_0" pos="1.59" speed="14.44" angle="181.61" x="-4.85" y="60.14"/>
        <vehicle id="cfm-fast_4" eclass="HBEFA3/PC_G_EU4" CO2="53811.77" CO="1050.36" HC="6.11" NOx="24.98" PMx="1.35" fuel="23.13" electricity="0.00" noise="122.04" route="routeleft" type="cfm-fast" waiting="0.00" lane="left_1" pos="17.43" speed="14.47" angle="153.11" x="7.92" y="29.65"/>
        <vehicle id="cfm-fast_5" eclass="HBEFA3/PC_G_EU4" CO2="55263.92" CO="1078.11" HC="6.28" NOx="25.65" PMx="1.39" fuel="23.76" electricity="0.00" noise="122.22" route="routeleft" type="cfm-fast" waiting="0.00" lane="left_0" pos="33.34" speed="14.86" angle="124.55" x="29.35" y="4.25"/>
        <vehicle id="cfm-slow_0" eclass="HBEFA3/PC_G_EU4" CO2="27005.31" CO="510.06" HC="2.99" NOx="12.37" PMx="0.66" fuel="11.61" electricity="0.00" noise="94.29" route="routebottom" type="cfm-slow" waiting="0.00" lane="bottom_0" pos="8.65" speed="12.64" angle="78.82" x="82.14" y="-2.40"/>
        <vehicle id="cfm-slow_1" eclass="HBEFA3/PC_G_EU4" CO2="27006.70" CO="510.09" HC="2.99" NOx="12.38" PMx="0.66" fuel="11.61" electricity="0.00" noise="94.29" route="routebottom" type="cfm-slow" waiting="0.00" lane="bottom_0" pos="24.49" speed="12.64" angle="50.43" x="111.39" y="14.38"/>
        <vehicle id="cfm-slow_2" eclass="HBEFA3/PC_G_EU4" CO2="27021.34" CO="510.39" HC="2.99" NOx="12.38" PMx="0.66" fuel="11.62" electricity="0.00" noise="94.31" route="routebottom" type="cfm-slow" waiting="0.00" lane="bottom_0" pos="40.32" speed="12.64" angle="21.97" x="129.10" y="43.07"/>
        <vehicle id="cfm-slow_3" eclass="HBEFA3/PC_G_EU4" CO2="27145.02" CO="512.90" HC="3.00" NOx="12.44" PMx="0.66" fuel="11.67" electricity="0.00" noise="94.46" route="routebottom" type="cfm-slow" waiting="0.00" lane="right_0" pos="6.15" speed="12.65" angle="353.33" x="130.98" y="76.92"/>
        <vehicle id="cfm-slow_4" eclass="HBEFA3/PC_G_EU4" CO2="27930.79" CO="528.76" HC="3.10" NOx="12.81" PMx="0.68" fuel="12.01" electricity="0.00" noise="95.41" route="routeright" type="cfm-slow" waiting="0.00" lane="right_0" pos="21.99" speed="12.69" angle="324.91" x="116.52" y="107.39"/>
        <vehicle id="cfm-slow_5" eclass="HBEFA3/PC_G_EU4" CO2="31292.50" CO="596.05" HC="3.49" NOx="14.39" PMx="0.77" fuel="13.45" electricity="0.00" noise="99.15" route="routeright" type="cfm-slow" waiting="0.00" lane="right_0" pos="37.88" speed="12.97" angle="296.32" x="89.19" y="127.33"/>
    </timestep>
    <timestep time="1.10">
        <vehicle id="cfm-fast_0" eclass="HBEFA3/PC_G_EU4" CO2="38459.15" CO="735.68" HC="4.30" NOx="17.74" PMx="0.95" fuel="16.53" electricity="0.00" noise="104.77" route="routetop" type="cfm-fast" waiting="0.00" lane="top_0" pos="4.22" speed="14.22" angle="266.94" x="54.52" y="131.66"/>
        <vehicle id="cfm-fast_1" eclass="HBEFA3/PC_G_EU4" CO2="38495.54" CO="736.42" HC="4.30" NOx="17.76" PMx="0.96" fuel="16.55" electricity="0.00" noise="104.81" route="routetop" type="cfm-fast" waiting="0.00" lane="top_0" pos="20.05" speed="14.22" angle="238.34" x="23.24" y="119.08"/>
        <vehicle id="cfm-fast_2" eclass="HBEFA3/PC_G_EU4" CO2="39522.23" CO="757.49" HC="4.43" NOx="18.24" PMx="0.98" fuel="16.99" electricity="0.00" noise="105.99" route="routetop" type="cfm-fast" waiting="0.00" lane="top_0" pos="35.89" speed="14.23" angle="209.97" x="1.70" y="93.13"/>
        <vehicle id="cfm-fast_3" eclass="HBEFA3/PC_G_EU4" CO2="54195.86" CO="1057.69" HC="6.16" NOx="25.16" PMx="1.36" fuel="23.30" electricity="0.00" noise="122.09" route="routetop" type="cfm-fast" waiting="0.00" lane="left_0" pos="1.74" speed="14.57" angle="181.35" x="-4.83" y="59.83"/>
        <vehicle id="cfm-fast_4" eclass="HBEFA3/PC_G_EU4" CO2="54309.90" CO="1059.87" HC="6.17" NOx="25.21" PMx="1.37" fuel="23.35" electricity="0.00" noise="122.10" route="routeleft" type="cfm-fast" waiting="0.00" lane="left_1" pos="17.58" speed="14.60" angle="152.84" x="8.07" y="29.40"/>
        <vehicle id="cfm-fast_5" eclass="HBEFA3/PC_G_EU4" CO2="55762.90" CO="1087.67" HC="6.33" NOx="25.89" PMx="1.41" fuel="23.97" electricity="0.00" noise="122.28" route="routeleft" type="cfm-fast" waiting="0.00" lane="left_0" pos="33.49" speed="15.00" angle="124.27" x="29.63" y="4.09"/>
        <vehicle id="cfm-slow_0" eclass="HBEFA3/PC_G_EU4" CO2="26929.94" CO="507.98" HC="2.98" NOx="12.34" PMx="0.66" fuel="11.58" electricity="0.00" noise="94.02" route="routebottom" type="cfm-slow" waiting="0.00" lane="bottom_0" pos="8.78" speed="12.71" angle="78.58" x="82.41" y="-2.33"/>
        <vehicle id="cfm-slow_1" eclass="HBEFA3/PC_G_EU4" CO2="26931.46" CO="508.01" HC="2.98" NOx="12.34" PMx="0.66" fuel="11.58" electricity="0.00" noise="94.02" route="routebottom" type="cfm-slow" waiting="0.00" lane="bottom_0" pos="24.61" speed="12.71" angle="50.20" x="111.58" y="14.57"/>
        <vehicle id="cfm-slow_2" eclass="HBEFA3/PC_G_EU4" CO2="26947.19" CO="508.33" HC="2.98" NOx="12.35" PMx="0.66" fuel="11.58" electricity="0.00" noise="94.04" route="routebottom" type="cfm-slow" waiting="0.00" lane="bottom_0" pos="40.45" speed="12.72" angle="21.73" x="129.18" y="43.33"/>
        <vehicle id="cfm-slow_3" eclass="HBEFA3/PC_G_EU4" CO2="27077.62" CO="510.98" HC="2.99" NOx="12.41" PMx="0.66" fuel="11.64" electricity="0.00" noise="94.20" route="routebottom" type="cfm-slow" waiting="0.00" lane="right_0" pos="6.28" speed="12.72" angle="353.11" x="130.93" y="77.18"/>
        <vehicle id="cfm-slow_4" eclass="HBEFA3/PC_G_EU4" CO2="27890.48" CO="527.39" HC="3.09" NOx="12.79" PMx="0.68" fuel="11.99" electricity="0.00" noise="95.17" route="routeright" type="cfm-slow" waiting="0.00" lane="right_0" pos="22.12" speed="12.77" angle="324.66" x="116.34" y="107.60"/>
        <vehicle id="cfm-slow_5" eclass="HBEFA3/PC_G_EU4" CO2="31298.29" CO="595.59" HC="3.48" NOx="14.39" PMx="0.77" fuel="13.45" electricity="0.00" noise="98.94" route="routeright" type="cfm-slow" waiting="0.00" lane="right_0" pos="38.01" speed="13.05" angle="296.08" x="88.93" y="127.43"/>
    </timestep>
    <timestep time="1.11">
        <vehicle id="cfm-fast_0" eclass="HBEFA3/PC_G_EU4" CO2="38383.11" CO="733.56" HC="4.29" NOx="17.70" PMx="0.95" fuel="16.50" electricity="0.00" noise="104.42" route="routetop" type="cfm-fast" waiting="0.00" lane="top_0" pos="4.36" speed="14.32" angle="266.68" x="54.21" y="131.61"/>
        <vehicle id="cfm-fast_1" eclass="HBEFA3/PC_G_EU4" CO2="38428.90" CO="734.50" HC="4.29" NOx="17.72" PMx="0.95" fuel="16.52" electricity="0.00" noise="104.48" route="routetop" type="cfm-fast" waiting="0.00" lane="top_0" pos="20.20" speed="14.32" angle="238.08" x="22.99" y="118.90"/>
        <vehicle id="cfm-fast_2" eclass="HBEFA3/PC_G_EU4" CO2="39585.95" CO="758.23" HC="4.43" NOx="18.27" PMx="0.98" fuel="17.02" electricity="0.00" noise="105.80" route="routetop" type="cfm-fast" waiting="0.00" lane="top_0" pos="36.03" speed="14.33" angle="209.71" x="1.57" y="92.85"/>
        <vehicle id="cfm-fast_3" eclass="HBEFA3/PC_G_EU4" CO2="54694.22" CO="1067.21" HC="6.21" NOx="25.39" PMx="1.38" fuel="23.51" electricity="0.00" noise="122.15" route="routetop" type="cfm-fast" waiting="0.00" lane="left_0" pos="1.89" speed="14.71" angle="181.09" x="-4.81" y="59.51"/>
        <vehicle id="cfm-fast_4" eclass="HBEFA3/PC_G_EU4" CO2="54808.33" CO="1069.39" HC="6.23" NOx="25.44" PMx="1.38" fuel="23.56" electricity="0.00" noise="122.16" route="routeleft" type="cfm-fast" waiting="0.00" lane="left_1" pos="17.73" speed="14.74" angle="152.56" x="8.23" y="29.14"/>
        <vehicle id="cfm-fast_5" eclass="HBEFA3/PC_G_EU4" CO2="56262.18" CO="1097.26" HC="6.39" NOx="26.12" PMx="1.42" fuel="24.18" electricity="0.00" noise="122.35" route="routeleft" type="cfm-fast" waiting="0.00" lane="left_0" pos="33.64" speed="15.14" angle="124.00" x="29.91" y="3.93"/>
        <vehicle id="cfm-slow_0" eclass="HBEFA3/PC_G_EU4" CO2="26852.73" CO="505.87" HC="2.96" NOx="12.30" PMx="0.65" fuel="11.54" electricity="0.00" noise="93.76" route="routebottom" type="cfm-slow" waiting="0.00" lane="bottom_0" pos="8.91" speed="12.79" angle="78.39" x="82.67" y="-2.26"/>
        <vehicle id="cfm-slow_1" eclass="HBEFA3/PC_G_EU4" CO2="26854.39" CO="505.91" HC="2.96" NOx="12.30" PMx="0.65" fuel="11.54" electricity="0.00" noise="93.76" route="routebottom" type="cfm-slow" waiting="0.00" lane="bottom_0" pos="24.74" speed="12.79" angle="49.96" x="111.78" y="14.77"/>
        <vehicle id="cfm-slow_2" eclass="HBEFA3/PC_G_EU4" CO2="26871.27" CO="506.25" HC="2.97" NOx="12.31" PMx="0.65" fuel="11.55" electricity="0.00" noise="93.78" route="routebottom" type="cfm-slow" waiting="0.00" lane="bottom_0" pos="40.58" speed="12.79" angle="21.48" x="129.26" y="43.59"/>
        <vehicle id="cfm-slow_3" eclass="HBEFA3/PC_G_EU4" CO2="27008.66" CO="509.04" HC="2.98" NOx="12.37" PMx="0.66" fuel="11.61" electricity="0.00" noise="93.95" route="routebottom" type="cfm-slow" waiting="0.00" lane="right_0" pos="6.41" speed="12.80" angle="352.92" x="130.87" y="77.46"/>
        <vehicle id="cfm-slow_4" eclass="HBEFA3/PC_G_EU4" CO2="27848.82" CO="526.00" HC="3.08" NOx="12.77" PMx="0.68" fuel="11.97" electricity="0.00" noise="94.94" route="routeright" type="cfm-slow" waiting="0.00" lane="right_0" pos="22.25" speed="12.84" angle="324.42" x="116.17" y="107.81"/>
        <vehicle id="cfm-slow_5" eclass="HBEFA3/PC_G_EU4" CO2="31301.51" CO="595.09" HC="3.48" NOx="14.39" PMx="0.77" fuel="13.45" electricity="0.00" noise="98.73" route="routeright" type="cfm-slow" waiting="0.00" lane="right_0" pos="38.15" speed="13.14" angle="295.85" x="88.67" y="127.54"/>
    </timestep>
    <timestep time="1.12">
        <vehicle id="cfm-fast_0" eclass="HBEFA3/PC_G_EU4" CO2="38303.61" CO="731.38" HC="4.28" NOx="17.66" PMx="0.95" fuel="16.46" electricity="0.00" noise="104.08" route="routetop" type="cfm-fast" waiting="0.00" lane="top_0" pos="4.51" speed="14.41" angle="266.42" x="53.90" y="131.57"/>
        <vehicle id="cfm-fast_1" eclass="HBEFA3/PC_G_EU4" CO2="38359.98" CO="732.54" HC="4.28" NOx="17.69" PMx="0.95" fuel="16.49" electricity="0.00" noise="104.15" route="routetop" type="cfm-fast" waiting="0.00" lane="top_0" pos="20.34" speed="14.41" angle="237.81" x="22.74" y="118.72"/>
        <vehicle id="cfm-fast_2" eclass="HBEFA3/PC_G_EU4" CO2="39650.56" CO="759.00" HC="4.44" NOx="18.30" PMx="0.99" fuel="17.04" electricity="0.00" noise="105.60" route="routetop" type="cfm-fast" waiting="0.00" lane="top_0" pos="36.18" speed="14.43" angle="209.44" x="1.44" y="92.57"/>
        <vehicle id="cfm-fast_3" eclass="HBEFA3/PC_G_EU4" CO2="55192.88" CO="1076.75" HC="6.27" NOx="25.62" PMx="1.39" fuel="23.72" electricity="0.00" noise="122.21" route="routetop" type="cfm-fast" waiting="0.00" lane="left_0" pos="2.04" speed="14.84" angle="180.82" x="-4.79" y="59.19"/>
        <vehicle id="cfm-fast_4" eclass="HBEFA3/PC_G_EU4" CO2="55307.05" CO="1078.93" HC="6.28" NOx="25.67" PMx="1.39" fuel="23.77" electricity="0.00" noise="122.23" route="routeleft" type="cfm-fast" waiting="0.00" lane="left_1" pos="17.87" speed="14.88" angle="152.32" x="8.38" y="28.88"/>
        <vehicle id="cfm-fast_5" eclass="HBEFA3/PC_G_EU4" CO2="56761.75" CO="1106.87" HC="6.44" NOx="26.35" PMx="1.43" fuel="24.40" electricity="0.00" noise="122.41" route="routeleft" type="cfm-fast" waiting="0.00" lane="left_0" pos="33.80" speed="15.27" angle="123.71" x="30.20" y="3.78"/>
        <vehicle id="cfm-slow_0" eclass="HBEFA3/PC_G_EU4" CO2="26773.74" CO="503.74" HC="2.95" NOx="12.26" PMx="0.65" fuel="11.51" electricity="0.00" noise="93.49" route="routebottom" type="cfm-slow" waiting="0.00" lane="bottom_0" pos="9.04" speed="12.86" angle="78.17" x="82.94" y="-2.18"/>
        <vehicle id="cfm-slow_1" eclass="HBEFA3/PC_G_EU4" CO2="26775.55" CO="503.78" HC="2.95" NOx="12.26" PMx="0.65" fuel="11.51" electricity="0.00" noise="93.50" route="routebottom" type="cfm-slow" waiting="0.00" lane="bottom_0" pos="24.87" speed="12.86" angle="49.72" x="111.97" y="14.96"/>
        <vehicle id="cfm-slow_2" eclass="HBEFA3/PC_G_EU4" CO2="26793.63" CO="504.14" HC="2.95" NOx="12.27" PMx="0.65" fuel="11.52" electricity="0.00" noise="93.52" route="routebottom" type="cfm-slow" waiting="0.00" lane="bottom_0" pos="40.70" speed="12.86" angle="21.24" x="129.35" y="43.86"/>
        <vehicle id="cfm-slow_3" eclass="HBEFA3/PC_G_EU4" CO2="26938.18" CO="507.08" HC="2.97" NOx="12.34" PMx="0.66" fuel="11.58" electricity="0.00" noise="93.69" route="routebottom" type="cfm-slow" waiting="0.00" lane="right_0" pos="6.54" speed="12.87" angle="352.67" x="130.81" y="77.73"/>
        <vehicle id="cfm-slow_4" eclass="HBEFA3/PC_G_EU4" CO2="27805.85" CO="524.59" HC="3.07" NOx="12.75" PMx="0.68" fuel="11.95" electricity="0.00" noise="94.72" route="routeright" type="cfm-slow" waiting="0.00" lane="right_0" pos="22.38" speed="12.92" angle="324.17" x="115.99" y="108.02"/>
        <vehicle id="cfm-slow_5" eclass="HBEFA3/PC_G_EU4" CO2="31302.21" CO="594.54" HC="3.48" NOx="14.39" PMx="0.77" fuel="13.46" electricity="0.00" noise="98.53" route="routeright" type="cfm-slow" waiting="0.00" lane="right_0" pos="38.28" speed="13.22" angle="295.61" x="88.40" y="127.64"/>
    </timestep>
    <timestep time="1.13">
        <vehicle id="cfm-fast_0" eclass="HBEFA3/PC_G_EU4" CO2="38220.76" CO="729.14" HC="4.26" NOx="17.62" PMx="0.95" fuel="16.43" electricity="0.00" noise="103.74" route="routetop" type="cfm-fast" waiting="0.00" lane="top_0" pos="4.65" speed="14.51" angle="266.16" x="53.59" y="131.52"/>
        <vehicle id="cfm-fast_1" eclass="HBEFA3/PC_G_EU4" CO2="38288.91" CO="730.54" HC="4.27" NOx="17.65" PMx="0.95" fuel="16.46" electricity="0.00" noise="103.82" route="routetop" type="cfm-fast" waiting="0.00" lane="top_0" pos="20.49" speed="14.51" angle="237.60" x="22.48" y="118.53"/>
        <vehicle id="cfm-fast_2" eclass="HBEFA3/PC_G_EU4" CO2="39716.14" CO="759.80" HC="4.44" NOx="18.33" PMx="0.99" fuel="17.07" electricity="0.00" noise="105.42" route="routetop" type="cfm-fast" waiting="0.00" lane="top_0" pos="36.32" speed="14.53" angle="209.17" x="1.32" y="92.29"/>
        <vehicle id="cfm-fast_3" eclass="HBEFA3/PC_G_EU4" CO2="55691.82" CO="1086.31" HC="6.32" NOx="25.85" PMx="1.40" fuel="23.94" electricity="0.00" noise="122.27" route="routetop" type="cfm-fast" waiting="0.00" lane="left_0" pos="2.19" speed="14.98" angle="180.55" x="-4.77" y="58.87"/>
        <vehicle id="cfm-fast_4" eclass="HBEFA3/PC_G_EU4" CO2="55806.06" CO="1088.50" HC="6.34" NOx="25.91" PMx="1.41" fuel="23.99" electricity="0.00" noise="122.29" route="routeleft" type="cfm-fast" waiting="0.00" lane="left_1" pos="18.03" speed="15.01" angle="152.07" x="8.55" y="28.62"/>
        <vehicle id="cfm-fast_5" eclass="HBEFA3/PC_G_EU4" CO2="57261.61" CO="1116.49" HC="6.50" NOx="26.58" PMx="1.44" fuel="24.61" electricity="0.00" noise="122.47" route="routeleft" type="cfm-fast" waiting="0.00" lane="left_0" pos="33.95" speed="15.41" angle="123.43" x="30.49" y="3.62"/>
        <vehicle id="cfm-slow_0" eclass="HBEFA3/PC_G_EU4" CO2="26693.02" CO="501.58" HC="2.94" NOx="12.22" PMx="0.65" fuel="11.47" electricity="0.00" noise="93.23" route="routebottom" type="cfm-slow" waiting="0.00" lane="bottom_0" pos="9.17" speed="12.93" angle="77.93" x="83.21" y="-2.10"/>
        <vehicle id="cfm-slow_1" eclass="HBEFA3/PC_G_EU4" CO2="26694.99" CO="501.62" HC="2.94" NOx="12.22" PMx="0.65" fuel="11.47" electricity="0.00" noise="93.24" route="routebottom" type="cfm-slow" waiting="0.00" lane="bottom_0" pos="25.00" speed="12.93" angle="49.48" x="112.17" y="15.16"/>
        <vehicle id="cfm-slow_2" eclass="HBEFA3/PC_G_EU4" CO2="26714.34" CO="502.01" HC="2.94" NOx="12.23" PMx="0.65" fuel="11.48" electricity="0.00" noise="93.26" route="routebottom" type="cfm-slow" waiting="0.00" lane="bottom_0" pos="40.83" speed="12.93" angle="20.99" x="129.43" y="44.12"/>
        <vehicle id="cfm-slow_3" eclass="HBEFA3/PC_G_EU4" CO2="26866.27" CO="505.09" HC="2.96" NOx="12.30" PMx="0.65" fuel="11.55" electricity="0.00" noise="93.44" route="routebottom" type="cfm-slow" waiting="0.00" lane="right_0" pos="6.67" speed="12.94" angle="352.43" x="130.75" y="78.00"/>
        <vehicle id="cfm-slow_4" eclass="HBEFA3/PC_G_EU4" CO2="27761.64" CO="523.16" HC="3.07" NOx="12.72" PMx="0.68" fuel="11.93" electricity="0.00" noise="94.49" route="routeright" type="cfm-slow" waiting="0.00" lane="right_0" pos="22.51" speed="12.99" angle="323.93" x="115.80" y="108.24"/>
        <vehicle id="cfm-slow_5" eclass="HBEFA3/PC_G_EU4" CO2="31300.43" CO="593.95" HC="3.48" NOx="14.38" PMx="0.77" fuel="13.45" electricity="0.00" noise="98.32" route="routeright" type="cfm-slow" waiting="0.00" lane="right_0" pos="38.41" speed="13.30" angle="295.39" x="88.14" y="127.75"/>
    </timestep>
    <timestep time="1.14">
        <vehicle id="cfm-fast_0" eclass="HBEFA3/PC_G_EU4" CO2="38134.69" CO="726.85" HC="4.25" NOx="17.58" PMx="0.95" fuel="16.39" electricity="0.00" noise="103.41" route="routetop" type="cfm-fast" waiting="0.00" lane="top_0" pos="4.80" speed="14.60" angle="265.89" x="53.28" y="131.48"/>
        <vehicle id="cfm-fast_1" eclass="HBEFA3/PC_G_EU4" CO2="38215.84" CO="728.52" HC="4.26" NOx="17.62" PMx="0.95" fuel="16.43" electricity="0.00" noise="103.50" route="routetop" type="cfm-fast" waiting="0.00" lane="top_0" pos="20.63" speed="14.60" angle="237.34" x="22.23" y="118.34"/>
        <vehicle id="cfm-fast_2" eclass="HBEFA3/PC_G_EU4" CO2="39782.76" CO="760.63" HC="4.45" NOx="18.35" PMx="0.99" fuel="17.10" electricity="0.00" noise="105.24" route="routetop" type="cfm-fast" waiting="0.00" lane="top_0" pos="36.47" speed="14.63" angle="208.89" x="1.19" y="92.00"/>
        <vehicle id="cfm-fast_3" eclass="HBEFA3/PC_G_EU4" CO2="56191.06" CO="1095.89" HC="6.38" NOx="26.08" PMx="1.42" fuel="24.15" electricity="0.00" noise="122.34" route="routetop" type="cfm-fast" waiting="0.00" lane="left_0" pos="2.34" speed="15.12" angle="180.28" x="-4.75" y="58.55"/>
        <vehicle id="cfm-fast_4" eclass="HBEFA3/PC_G_EU4" CO2="56305.36" CO="1098.09" HC="6.39" NOx="26.14" PMx="1.42" fuel="24.20" electricity="0.00" noise="122.35" route="routeleft" type="cfm-fast" waiting="0.00" lane="left_1" pos="18.18" speed="15.15" angle="151.78" x="8.72" y="28.36"/>
        <vehicle id="cfm-fast_5" eclass="HBEFA3/PC_G_EU4" CO2="57761.76" CO="1126.14" HC="6.56" NOx="26.82" PMx="1.46" fuel="24.83" electricity="0.00" noise="122.53" route="routeleft" type="cfm-fast" waiting="0.00" lane="left_0" pos="34.11" speed="15.55" angle="123.15" x="30.78" y="3.45"/>
        <vehicle id="cfm-slow_0" eclass="HBEFA3/PC_G_EU4" CO2="26610.65" CO="499.39" HC="2.93" NOx="12.18" PMx="0.65" fuel="11.44" electricity="0.00" noise="92.98" route="routebottom" type="cfm-slow" waiting="0.00" lane="bottom_0" pos="9.30" speed="13.01" angle="77.69" x="83.47" y="-2.01"/>
        <vehicle id="cfm-slow_1" eclass="HBEFA3/PC_G_EU4" CO2="26612.79" CO="499.43" HC="2.93" NOx="12.18" PMx="0.65" fuel="11.44" electricity="0.00" noise="92.98" route="routebottom" type="cfm-slow" waiting="0.00" lane="bottom_0" pos="25.13" speed="13.01" angle="49.24" x="112.37" y="15.36"/>
        <vehicle id="cfm-slow_2" eclass="HBEFA3/PC_G_EU4" CO2="26633.46" CO="499.85" HC="2.93" NOx="12.19" PMx="0.65" fuel="11.45" electricity="0.00" noise="93.00" route="routebottom" type="cfm-slow" waiting="0.00" lane="bottom_0" pos="40.96" speed="13.01" angle="20.77" x="129.51" y="44.39"/>
        <vehicle id="cfm-slow_3" eclass="HBEFA3/PC_G_EU4" CO2="26792.98" CO="503.09" HC="2.95" NOx="12.26" PMx="0.65" fuel="11.52" electricity="0.00" noise="93.20" route="routebottom" type="cfm-slow" waiting="0.00" lane="right_0" pos="6.80" speed="13.01" angle="352.19" x="130.69" y="78.27"/>
        <vehicle id="cfm-slow_4" eclass="HBEFA3/PC_G_EU4" CO2="27716.21" CO="521.72" HC="3.06" NOx="12.70" PMx="0.68" fuel="11.91" electricity="0.00" noise="94.27" route="routeright" type="cfm-slow" waiting="0.00" lane="right_0" pos="22.64" speed="13.07" angle="323.68" x="115.62" y="108.45"/>
        <vehicle id="cfm-slow_5" eclass="HBEFA3/PC_G_EU4" CO2="31296.22" CO="593.32" HC="3.47" NOx="14.38" PMx="0.77" fuel="13.45" electricity="0.00" noise="98.12" route="routeright" type="cfm-slow" waiting="0.00" lane="right_0" pos="38.54" speed="13.39" angle="295.18" x="87.87" y="127.85"/>
    </timestep>
    <timestep time="1.15">
        <vehicle id="cfm-fast_0" eclass="HBEFA3/PC_G_EU4" CO2="38045.52" CO="724.51" HC="4.24" NOx="17.53" PMx="0.94" fuel="16.35" electricity="0.00" noise="103.07" route="routetop" type="cfm-fast" waiting="0.00" lane="top_0" pos="4.95" speed="14.69" angle="265.63" x="52.97" y="131.43"/>
        <vehicle id="cfm-fast_1" eclass="HBEFA3/PC_G_EU4" CO2="38140.90" CO="726.47" HC="4.25" NOx="17.58" PMx="0.95" fuel="16.39" electricity="0.00" noise="103.18" route="routetop" type="cfm-fast" waiting="0.00" lane="top_0" pos="20.78" speed="14.70" angle="237.07" x="21.98" y="118.15"/>
        <vehicle id="cfm-fast_2" eclass="HBEFA3/PC_G_EU4" CO2="39850.52" CO="761.50" HC="4.45" NOx="18.38" PMx="0.99" fuel="17.13" electricity="0.00" noise="105.06" route="routetop" type="cfm-fast" waiting="0.00" lane="top_0" pos="36.62" speed="14.73" angle="208.62" x="1.06" y="91.71"/>
        <vehicle id="cfm-fast_3" eclass="HBEFA3/PC_G_EU4" CO2="56690.58" CO="1105.50" HC="6.44" NOx="26.32" PMx="1.43" fuel="24.37" electricity="0.00" noise="122.40" route="routetop" type="cfm-fast" waiting="0.00" lane="left_0" pos="2.49" speed="15.25" angle="180.01" x="-4.73" y="58.22"/>
        <vehicle id="cfm-fast_4" eclass="HBEFA3/PC_G_EU4" CO2="56804.95" CO="1107.70" HC="6.45" NOx="26.37" PMx="1.43" fuel="24.42" electricity="0.00" noise="122.41" route="routeleft" type="cfm-fast" waiting="0.00" lane="left_1" pos="18.33" speed="15.28" angle="151.49" x="8.90" y="28.10"/>
        <vehicle id="cfm-fast_5" eclass="HBEFA3/PC_G_EU4" CO2="58262.21" CO="1135.82" HC="6.61" NOx="27.05" PMx="1.47" fuel="25.04" electricity="0.00" noise="122.60" route="routeleft" type="cfm-fast" waiting="0.00" lane="left_0" pos="34.26" speed="15.68" angle="122.86" x="31.08" y="3.29"/>
        <vehicle id="cfm-slow_0" eclass="HBEFA3/PC_G_EU4" CO2="26526.67" CO="497.18" HC="2.92" NOx="12.14" PMx="0.64" fuel="11.40" electricity="0.00" noise="92.72" route="routebottom" type="cfm-slow" waiting="0.00" lane="bottom_0" pos="9.43" speed="13.08" angle="77.45" x="83.74" y="-1.93"/>
        <vehicle id="cfm-slow_1" eclass="HBEFA3/PC_G_EU4" CO2="26528.99" CO="497.23" HC="2.92" NOx="12.14" PMx="0.64" fuel="11.40" electricity="0.00" noise="92.72" route="routebottom" type="cfm-slow" waiting="0.00" lane="bottom_0" pos="25.26" speed="13.08" angle="49.00" x="112.57" y="15.56"/>
        <vehicle id="cfm-slow_2" eclass="HBEFA3/PC_G_EU4" CO2="26551.05" CO="497.68" HC="2.92" NOx="12.15" PMx="0.64" fuel="11.41" electricity="0.00" noise="92.75" route="routebottom" type="cfm-slow" waiting="0.00" lane="bottom_0" pos="41.09" speed="13.08" angle="20.57" x="129.59" y="44.66"/>
        <vehicle id="cfm-slow_3" eclass="HBEFA3/PC_G_EU4" CO2="26718.38" CO="501.07" HC="2.94" NOx="12.23" PMx="0.65" fuel="11.48" electricity="0.00" noise="92.95" route="routebottom" type="cfm-slow" waiting="0.00" lane="right_0" pos="6.93" speed="13.09" angle="351.94" x="130.63" y="78.54"/>
        <vehicle id="cfm-slow_4" eclass="HBEFA3/PC_G_EU4" CO2="27669.63" CO="520.26" HC="3.05" NOx="12.68" PMx="0.67" fuel="11.89" electricity="0.00" noise="94.05" route="routeright" type="cfm-slow" waiting="0.00" lane="right_0" pos="22.77" speed="13.14" angle="323.43" x="115.44" y="108.67"/>
        <vehicle id="cfm-slow_5" eclass="HBEFA3/PC_G_EU4" CO2="31289.63" CO="592.66" HC="3.47" NOx="14.38" PMx="0.77" fuel="13.45" electricity="0.00" noise="97.91" route="routeright" type="cfm-slow" waiting="0.00" lane="right_0" pos="38.68" speed="13.47" angle="294.93" x="87.60" y="127.95"/>
    </timestep>
    <timestep time="1.16">
        <vehicle id="cfm-fast_0" eclass="HBEFA3/PC_G_EU4" CO2="37953.34" CO="722.12" HC="4.23" NOx="17.49" PMx="0.94" fuel="16.31" electricity="0.00" noise="102.75" route="routetop" type="cfm-fast" waiting="0.00" lane="top_0" pos="5.09" speed="14.79" angle="265.32" x="52.66" y="131.39"/>
        <vehicle id="cfm-fast_1" eclass="HBEFA3/PC_G_EU4" CO2="38064.23" CO="724.39" HC="4.24" NOx="17.54" PMx="0.94" fuel="16.36" electricity="0.00" noise="102.87" route="routetop" type="cfm-fast" waiting="0.00" lane="top_0" pos="20.93" speed="14.79" angle="236.80" x="21.73" y="117.95"/>
        <vehicle id="cfm-fast_2" eclass="HBEFA3/PC_G_EU4" CO2="39919.47" CO="762.40" HC="4.46" NOx="18.41" PMx="0.99" fuel="17.16" electricity="0.00" noise="104.89" route="routetop" type="cfm-fast" waiting="0.00" lane="top_0" pos="36.76" speed="14.82" angle="208.34" x="0.93" y="91.42"/>
        <vehicle id="cfm-fast_3" eclass="HBEFA3/PC_G_EU4" CO2="57190.40" CO="1115.12" HC="6.49" NOx="26.55" PMx="1.44" fuel="24.58" electricity="0.00" noise="122.46" route="routetop" type="cfm-fast" waiting="0.00" lane="left_0" pos="2.64" speed="15.39" angle="179.75" x="-4.70" y="57.89"/>
        <vehicle id="cfm-fast_4" eclass="HBEFA3/PC_G_EU4" CO2="57304.84" CO="1117.33" HC="6.51" NOx="26.60" PMx="1.45" fuel="24.63" electricity="0.00" noise="122.48" route="routeleft" type="cfm-fast" waiting="0.00" lane="left_1" pos="18.48" speed="15.42" angle="151.19" x="9.07" y="27.83"/>
        <vehicle id="cfm-fast_5" eclass="HBEFA3/PC_G_EU4" CO2="58762.95" CO="1145.51" HC="6.67" NOx="27.28" PMx="1.48" fuel="25.26" electricity="0.00" noise="122.66" route="routeleft" type="cfm-fast" waiting="0.00" lane="left_0" pos="34.42" speed="15.82" angle="122.57" x="31.38" y="3.13"/>
        <vehicle id="cfm-slow_0" eclass="HBEFA3/PC_G_EU4" CO2="26441.15" CO="494.95" HC="2.90" NOx="12.10" PMx="0.64" fuel="11.37" electricity="0.00" noise="92.47" route="routebottom" type="cfm-slow" waiting="0.00" lane="bottom_0" pos="9.56" speed="13.15" angle="77.21" x="84.01" y="-1.85"/>
        <vehicle id="cfm-slow_1" eclass="HBEFA3/PC_G_EU4" CO2="26443.66" CO="495.00" HC="2.90" NOx="12.10" PMx="0.64" fuel="11.37" electricity="0.00" noise="92.47" route="routebottom" type="cfm-slow" waiting="0.00" lane="bottom_0" pos="25.39" speed="13.15" angle="48.75" x="112.77" y="15.76"/>
        <vehicle id="cfm-slow_2" eclass="HBEFA3/PC_G_EU4" CO2="26467.17" CO="495.47" HC="2.91" NOx="12.11" PMx="0.64" fuel="11.38" electricity="0.00" noise="92.50" route="routebottom" type="cfm-slow" waiting="0.00" lane="bottom_0" pos="41.23" speed="13.15" angle="20.33" x="129.66" y="44.93"/>
        <vehicle id="cfm-slow_3" eclass="HBEFA3/PC_G_EU4" CO2="26642.51" CO="499.03" HC="2.93" NOx="12.19" PMx="0.65" fuel="11.45" electricity="0.00" noise="92.71" route="routebottom" type="cfm-slow" waiting="0.00" lane="right_0" pos="7.06" speed="13.16" angle="351.70" x="130.57" y="78.82"/>
        <vehicle id="cfm-slow_4" eclass="HBEFA3/PC_G_EU4" CO2="27621.92" CO="518.79" HC="3.04" NOx="12.65" PMx="0.67" fuel="11.87" electricity="0.00" noise="93.84" route="routeright" type="cfm-slow" waiting="0.00" lane="right_0" pos="22.90" speed="13.22" angle="323.18" x="115.26" y="108.88"/>
        <vehicle id="cfm-slow_5" eclass="HBEFA3/PC_G_EU4" CO2="31280.69" CO="591.95" HC="3.47" NOx="14.37" PMx="0.77" fuel="13.45" electricity="0.00" noise="97.71" route="routeright" type="cfm-slow" waiting="0.00" lane="right_0" pos="38.82" speed="13.55" angle="294.69" x="87.32" y="128.05"/>
    </timestep>
    <timestep time="1.17">
        <vehicle id="cfm-fast_0" eclass="HBEFA3/PC_G_EU4" CO2="37858.29" CO="719.68" HC="4.21" NOx="17.44" PMx="0.94" fuel="16.27" electricity="0.00" noise="102.42" route="routetop" type="cfm-fast" waiting="0.00" lane="top_0" pos="5.24" speed="14.88" angle="265.04" x="52.34" y="131.33"/>
        <vehicle id="cfm-fast_1" eclass="HBEFA3/PC_G_EU4" CO2="37985.96" CO="722.30" HC="4.23" NOx="17.50" PMx="0.94" fuel="16.33" electricity="0.00" noise="102.56" route="routetop" type="cfm-fast" waiting="0.00" lane="top_0" pos="21.08" speed="14.88" angle="236.52" x="21.48" y="117.75"/>
        <vehicle id="cfm-fast_2" eclass="HBEFA3/PC_G_EU4" CO2="39989.70" CO="763.34" HC="4.46" NOx="18.44" PMx="0.99" fuel="17.19" electricity="0.00" noise="104.73" route="routetop" type="cfm-fast" waiting="0.00" lane="top_0" pos="36.91" speed="14.92" angle="208.06" x="0.79" y="91.13"/>
        <vehicle id="cfm-fast_3" eclass="HBEFA3/PC_G_EU4" CO2="57690.51" CO="1124.77" HC="6.55" NOx="26.78" PMx="1.46" fuel="24.80" electricity="0.00" noise="122.52" route="routetop" type="cfm-fast" waiting="0.00" lane="left_0" pos="2.80" speed="15.53" angle="179.48" x="-4.67" y="57.56"/>
        <vehicle id="cfm-fast_4" eclass="HBEFA3/PC_G_EU4" CO2="57805.02" CO="1126.98" HC="6.56" NOx="26.84" PMx="1.46" fuel="24.85" electricity="0.00" noise="122.54" route="routeleft" type="cfm-fast" waiting="0.00" lane="left_1" pos="18.64" speed="15.56" angle="150.89" x="9.25" y="27.57"/>
        <vehicle id="cfm-fast_5" eclass="HBEFA3/PC_G_EU4" CO2="59263.98" CO="1155.23" HC="6.73" NOx="27.51" PMx="1.50" fuel="25.47" electricity="0.00" noise="122.72" route="routeleft" type="cfm-fast" waiting="0.00" lane="left_0" pos="34.58" speed="15.95" angle="122.31" x="31.68" y="2.96"/>
        <vehicle id="cfm-slow_0" eclass="HBEFA3/PC_G_EU4" CO2="26354.13" CO="492.69" HC="2.89" NOx="12.05" PMx="0.64" fuel="11.33" electricity="0.00" noise="92.22" route="routebottom" type="cfm-slow" waiting="0.00" lane="bottom_0" pos="9.69" speed="13.22" angle="76.97" x="84.28" y="-1.76"/>
        <vehicle id="cfm-slow_1" eclass="HBEFA3/PC_G_EU4" CO2="26356.86" CO="492.74" HC="2.89" NOx="12.05" PMx="0.64" fuel="11.33" electricity="0.00" noise="92.22" route="routebottom" type="cfm-slow" waiting="0.00" lane="bottom_0" pos="25.52" speed="13.22" angle="48.52" x="112.97" y="15.96"/>
        <vehicle id="cfm-slow_2" eclass="HBEFA3/PC_G_EU4" CO2="26381.88" CO="493.25" HC="2.89" NOx="12.07" PMx="0.64" fuel="11.34" electricity="0.00" noise="92.25" route="routebottom" type="cfm-slow" waiting="0.00" lane="bottom_0" pos="41.36" speed="13.22" angle="20.09" x="129.74" y="45.21"/>
        <vehicle id="cfm-slow_3" eclass="HBEFA3/PC_G_EU4" CO2="26565.44" CO="496.97" HC="2.92" NOx="12.15" PMx="0.64" fuel="11.42" electricity="0.00" noise="92.47" route="routebottom" type="cfm-slow" waiting="0.00" lane="right_0" pos="7.19" speed="13.23" angle="351.45" x="130.50" y="79.10"/>
        <vehicle id="cfm-slow_4" eclass="HBEFA3/PC_G_EU4" CO2="27573.14" CO="517.31" HC="3.03" NOx="12.63" PMx="0.67" fuel="11.85" electricity="0.00" noise="93.62" route="routeright" type="cfm-slow" waiting="0.00" lane="right_0" pos="23.04" speed="13.29" angle="322.99" x="115.07" y="109.10"/>
        <vehicle id="cfm-slow_5" eclass="HBEFA3/PC_G_EU4" CO2="31269.46" CO="591.20" HC="3.46" NOx="14.36" PMx="0.77" fuel="13.44" electricity="0.00" noise="97.51" route="routeright" type="cfm-slow" waiting="0.00" lane="right_0" pos="38.95" speed="13.63" angle="294.44" x="87.05" y="128.15"/>
    </timestep>
    <timestep time="1.18">
        <vehicle id="cfm-fast_0" eclass="HBEFA3/PC_G_EU4" CO2="37760.46" CO="717.20" HC="4.20" NOx="17.39" PMx="0.94" fuel="16.23" electricity="0.00" noise="102.10" route="routetop" type="cfm-fast" waiting="0.00" lane="top_0" pos="5.39" speed="14.97" angle="264.76" x="52.02" y="131.27"/>
        <vehicle id="cfm-fast_1" eclass="HBEFA3/PC_G_EU4" CO2="37906.21" CO="720.18" HC="4.22" NOx="17.46" PMx="0.94" fuel="16.29" electricity="0.00" noise="102.26" route="routetop" type="cfm-fast" waiting="0.00" lane="top_0" pos="21.23" speed="14.97" angle="236.25" x="21.23" y="117.55"/>
        <vehicle id="cfm-fast_2" eclass="HBEFA3/PC_G_EU4" CO2="40061.28" CO="764.32" HC="4.47" NOx="18.48" PMx="1.00" fuel="17.22" electricity="0.00" noise="104.57" route="routetop" type="cfm-fast" waiting="0.00" lane="top_0" pos="37.06" speed="15.02" angle="207.78" x="0.66" y="90.83"/>
        <vehicle id="cfm-fast_3" eclass="HBEFA3/PC_G_EU4" CO2="58190.92" CO="1134.44" HC="6.61" NOx="27.01" PMx="1.47" fuel="25.01" electricity="0.00" noise="122.59" route="routetop" type="cfm-fast" waiting="0.00" lane="left_0" pos="2.95" speed="15.66" angle="179.20" x="-4.64" y="57.22"/>
        <vehicle id="cfm-fast_4" eclass="HBEFA3/PC_G_EU4" CO2="58305.49" CO="1136.65" HC="6.62" NOx="27.07" PMx="1.47" fuel="25.06" electricity="0.00" noise="122.60" route="routeleft" type="cfm-fast" waiting="0.00" lane="left_1" pos="18.80" speed="15.69" angle="150.59" x="9.43" y="27.30"/>
        <vehicle id="cfm-fast_5" eclass="HBEFA3/PC_G_EU4" CO2="59765.30" CO="1164.96" HC="6.78" NOx="27.75" PMx="1.51" fuel="25.69" electricity="0.00" noise="122.78" route="routeleft" type="cfm-fast" waiting="0.00" lane="left_0" pos="34.74" speed="16.09" angle="122.04" x="31.99" y="2.80"/>
        <vehicle id="cfm-slow_0" eclass="HBEFA3/PC_G_EU4" CO2="26265.69" CO="490.41" HC="2.88" NOx="12.01" PMx="0.64" fuel="11.29" electricity="0.00" noise="91.97" route="routebottom" type="cfm-slow" waiting="0.00" lane="bottom_0" pos="9.82" speed="13.29" angle="76.72" x="84.56" y="-1.68"/>
        <vehicle id="cfm-slow_1" eclass="HBEFA3/PC_G_EU4" CO2="26268.63" CO="490.47" HC="2.88" NOx="12.01" PMx="0.64" fuel="11.29" electricity="0.00" noise="91.97" route="routebottom" type="cfm-slow" waiting="0.00" lane="bottom_0" pos="25.66" speed="13.29" angle="48.32" x="113.17" y="16.16"/>
        <vehicle id="cfm-slow_2" eclass="HBEFA3/PC_G_EU4" CO2="26295.24" CO="491.01" HC="2.88" NOx="12.02" PMx="0.64" fuel="11.30" electricity="0.00" noise="92.01" route="routebottom" type="cfm-slow" waiting="0.00" lane="bottom_0" pos="41.49" speed="13.29" angle="19.85" x="129.81" y="45.48"/>
        <vehicle id="cfm-slow_3" eclass="HBEFA3/PC_G_EU4" CO2="26487.22" CO="494.90" HC="2.91" NOx="12.11" PMx="0.64" fuel="11.39" electricity="0.00" noise="92.23" route="routebottom" type="cfm-slow" waiting="0.00" lane="right_0" pos="7.33" speed="13.30" angle="351.20" x="130.44" y="79.38"/>
        <vehicle id="cfm-slow_4" eclass="HBEFA3/PC_G_EU4" CO2="27523.32" CO="515.81" HC="3.03" NOx="12.60" PMx="0.67" fuel="11.83" electricity="0.00" noise="93.41" route="routeright" type="cfm-slow" waiting="0.00" lane="right_0" pos="23.17" speed="13.36" angle="322.77" x="114.88" y="109.31"/>
        <vehicle id="cfm-slow_5" eclass="HBEFA3/PC_G_EU4" CO2="31255.98" CO="590.42" HC="3.46" NOx="14.35" PMx="0.77" fuel="13.44" electricity="0.00" noise="97.31" route="routeright" type="cfm-slow" waiting="0.00" lane="right_0" pos="39.09" speed="13.71" angle="294.19" x="86.77" y="128.25"/>
    </timestep>
    <timestep time="1.19">
        <vehicle id="cfm-fast_0" eclass="HBEFA3/PC_G_EU4" CO2="37659.97" CO="714.67" HC="4.18" NOx="17.34" PMx="0.93" fuel="16.19" electricity="0.00" noise="101.78" route="routetop" type="cfm-fast" waiting="0.00" lane="top_0" pos="5.54" speed="15.06" angle="264.48" x="51.71" y="131.21"/>
        <vehicle id="cfm-fast_1" eclass="HBEFA3/PC_G_EU4" CO2="37825.12" CO="718.05" HC="4.20" NOx="17.42" PMx="0.94" fuel="16.26" electricity="0.00" noise="101.96" route="routetop" type="cfm-fast" waiting="0.00" lane="top_0" pos="21.38" speed="15.06" angle="235.97" x="20.97" y="117.35"/>
        <vehicle id="cfm-fast_2" eclass="HBEFA3/PC_G_EU4" CO2="40134.27" CO="765.33" HC="4.48" NOx="18.51" PMx="1.00" fuel="17.25" electricity="0.00" noise="104.42" route="routetop" type="cfm-fast" waiting="0.00" lane="top_0" pos="37.21" speed="15.11" angle="207.57" x="0.53" y="90.53"/>
        <vehicle id="cfm-fast_3" eclass="HBEFA3/PC_G_EU4" CO2="58691.61" CO="1144.13" HC="6.66" NOx="27.25" PMx="1.48" fuel="25.23" electricity="0.00" noise="122.65" route="routetop" type="cfm-fast" waiting="0.00" lane="left_0" pos="3.11" speed="15.80" angle="178.91" x="-4.60" y="56.88"/>
        <vehicle id="cfm-fast_4" eclass="HBEFA3/PC_G_EU4" CO2="58806.25" CO="1146.35" HC="6.68" NOx="27.30" PMx="1.48" fuel="25.28" electricity="0.00" noise="122.66" route="routeleft" type="cfm-fast" waiting="0.00" lane="left_1" pos="18.95" speed="15.83" angle="150.29" x="9.61" y="27.03"/>
        <vehicle id="cfm-fast_5" eclass="HBEFA3/PC_G_EU4" CO2="60266.91" CO="1174.72" HC="6.84" NOx="27.98" PMx="1.52" fuel="25.91" electricity="0.00" noise="122.85" route="routeleft" type="cfm-fast" waiting="0.00" lane="left_0" pos="34.90" speed="16.23" angle="121.74" x="32.30" y="2.65"/>
        <vehicle id="cfm-slow_0" eclass="HBEFA3/PC_G_EU4" CO2="26175.86" CO="488.11" HC="2.87" NOx="11.97" PMx="0.63" fuel="11.25" electricity="0.00" noise="91.72" route="routebottom" type="cfm-slow" waiting="0.00" lane="bottom_0" pos="9.96" speed="13.36" angle="76.47" x="84.83" y="-1.60"/>
        <vehicle id="cfm-slow_1" eclass="HBEFA3/PC_G_EU4" CO2="26179.04" CO="488.18" HC="2.87" NOx="11.97" PMx="0.63" fuel="11.25" electricity="0.00" noise="91.73" route="routebottom" type="cfm-slow" waiting="0.00" lane="bottom_0" pos="25.79" speed="13.36" angle="48.08" x="113.36" y="16.37"/>
        <vehicle id="cfm-slow_2" eclass="HBEFA3/PC_G_EU4" CO2="26207.30" CO="488.75" HC="2.87" NOx="11.98" PMx="0.64" fuel="11.27" electricity="0.00" noise="91.76" route="routebottom" type="cfm-slow" waiting="0.00" lane="bottom_0" pos="41.62" speed="13.36" angle="19.60" x="129.89" y="45.76"/>
        <vehicle id="cfm-slow_3" eclass="HBEFA3/PC_G_EU4" CO2="26407.92" CO="492.82" HC="2.89" NOx="12.07" PMx="0.64" fuel="11.35" electricity="0.00" noise="92.00" route="routebottom" type="cfm-slow" waiting="0.00" lane="right_0" pos="7.46" speed="13.37" angle="350.95" x="130.38" y="79.66"/>
        <vehicle id="cfm-slow_4" eclass="HBEFA3/PC_G_EU4" CO2="27472.51" CO="514.30" HC="3.02" NOx="12.57" PMx="0.67" fuel="11.81" electricity="0.00" noise="93.20" route="routeright" type="cfm-slow" waiting="0.00" lane="right_0" pos="23.30" speed="13.43" angle="322.52" x="114.68" y="109.53"/>
        <vehicle id="cfm-slow_5" eclass="HBEFA3/PC_G_EU4" CO2="31240.29" CO="589.60" HC="3.45" NOx="14.34" PMx="0.77" fuel="13.43" electricity="0.00" noise="97.11" route="routeright" type="cfm-slow" waiting="0.00" lane="right_0" pos="39.23" speed="13.79" angle="293.94" x="86.49" y="128.35"/>
    </timestep>
    <timestep time="1.20">
        <vehicle id="cfm-fast_0" eclass="HBEFA3/PC_G_EU4" CO2="37556.93" CO="712.10" HC="4.17" NOx="17.29" PMx="0.93" fuel="16.14" electricity="0.00" noise="101.46" route="routetop" type="cfm-fast" waiting="0.00" lane="top_0" pos="5.70" speed="15.15" angle="264.20" x="51.38" y="131.16"/>
        <vehicle id="cfm-fast_1" eclass="HBEFA3/PC_G_EU4" CO2="37742.81" CO="715.91" HC="4.19" NOx="17.38" PMx="0.93" fuel="16.22" electricity="0.00" noise="101.66" route="routetop" type="cfm-fast" waiting="0.00" lane="top_0" pos="21.53" speed="15.15" angle="235.69" x="20.72" y="117.15"/>
        <vehicle id="cfm-fast_2" eclass="HBEFA3/PC_G_EU4" CO2="40208.74" CO="766.39" HC="4.48" NOx="18.54" PMx="1.00" fuel="17.28" electricity="0.00" noise="104.27" route="routetop" type="cfm-fast" waiting="0.00" lane="top_0" pos="37.37" speed="15.21" angle="207.29" x="0.41" y="90.23"/>
        <vehicle id="cfm-fast_3" eclass="HBEFA3/PC_G_EU4" CO2="59192.60" CO="1153.84" HC="6.72" NOx="27.48" PMx="1.49" fuel="25.44" electricity="0.00" noise="122.71" route="routetop" type="cfm-fast" waiting="0.00" lane="left_0" pos="3.27" speed="15.94" angle="178.63" x="-4.57" y="56.54"/>
        <vehicle id="cfm-fast_4" eclass="HBEFA3/PC_G_EU4" CO2="59307.31" CO="1156.07" HC="6.73" NOx="27.53" PMx="1.50" fuel="25.49" electricity="0.00" noise="122.73" route="routeleft" type="cfm-fast" waiting="0.00" lane="left_1" pos="19.11" speed="15.97" angle="150.00" x="9.79" y="26.76"/>
        <vehicle id="cfm-fast_5" eclass="HBEFA3/PC_G_EU4" CO2="60593.39" CO="1180.89" HC="6.88" NOx="28.13" PMx="1.53" fuel="26.05" electricity="0.00" noise="122.73" route="routeleft" type="cfm-fast" waiting="0.00" lane="left_0" pos="35.07" speed="16.36" angle="121.43" x="32.61" y="2.49"/>
        <vehicle id="cfm-slow_0" eclass="HBEFA3/PC_G_EU4" CO2="26084.71" CO="485.79" HC="2.85" NOx="11.92" PMx="0.63" fuel="11.21" electricity="0.00" noise="91.48" route="routebottom" type="cfm-slow" waiting="0.00" lane="bottom_0" pos="10.09" speed="13.42" angle="76.23" x="85.11" y="-1.51"/>
        <vehicle id="cfm-slow_1" eclass="HBEFA3/PC_G_EU4" CO2="26088.13" CO="485.86" HC="2.85" NOx="11.92" PMx="0.63" fuel="11.21" electricity="0.00" noise="91.49" route="routebottom" type="cfm-slow" waiting="0.00" lane="bottom_0" pos="25.92" speed="13.42" angle="47.84" x="113.56" y="16.58"/>
        <vehicle id="cfm-slow_2" eclass="HBEFA3/PC_G_EU4" CO2="26118.12" CO="486.47" HC="2.86" NOx="11.94" PMx="0.63" fuel="11.23" electricity="0.00" noise="91.52" route="routebottom" type="cfm-slow" waiting="0.00" lane="bottom_0" pos="41.76" speed="13.42" angle="19.36" x="129.96" y="46.04"/>
        <vehicle id="cfm-slow_3" eclass="HBEFA3/PC_G_EU4" CO2="26327.57" CO="490.72" HC="2.88" NOx="12.03" PMx="0.64" fuel="11.32" electricity="0.00" noise="91.76" route="routebottom" type="cfm-slow" waiting="0.00" lane="right_0" pos="7.59" speed="13.43" angle="350.73" x="130.31" y="79.94"/>
        <vehicle id="cfm-slow_4" eclass="HBEFA3/PC_G_EU4" CO2="27420.75" CO="512.77" HC="3.01" NOx="12.55" PMx="0.67" fuel="11.79" electricity="0.00" noise="93.00" route="routeright" type="cfm-slow" waiting="0.00" lane="right_0" pos="23.44" speed="13.51" angle="322.28" x="114.48" y="109.74"/>
        <vehicle id="cfm-slow_5" eclass="HBEFA3/PC_G_EU4" CO2="31222.43" CO="588.74" HC="3.45" NOx="14.33" PMx="0.77" fuel="13.42" electricity="0.00" noise="96.91" route="routeright" type="cfm-slow" waiting="0.00" lane="right_0" pos="39.37" speed="13.87" angle="293.69" x="86.21" y="128.46"/>
    </timestep>
    <timestep time="1.21">
        <vehicle id="cfm-fast_0" eclass="HBEFA3/PC_G_EU4" CO2="37451.43" CO="709.48" HC="4.16" NOx="17.24" PMx="0.93" fuel="16.10" electricity="0.00" noise="101.15" route="routetop" type="cfm-fast" waiting="0.00" lane="top_0" pos="5.85" speed="15.24" angle="263.91" x="51.06" y="131.10"/>
        <vehicle id="cfm-fast_1" eclass="HBEFA3/PC_G_EU4" CO2="37659.39" CO="713.75" HC="4.18" NOx="17.34" PMx="0.93" fuel="16.19" electricity="0.00" noise="101.37" route="routetop" type="cfm-fast" waiting="0.00" lane="top_0" pos="21.68" speed="15.24" angle="235.43" x="20.46" y="116.95"/>
        <vehicle id="cfm-fast_2" eclass="HBEFA3/PC_G_EU4" CO2="40284.74" CO="767.49" HC="4.49" NOx="18.57" PMx="1.00" fuel="17.32" electricity="0.00" noise="104.13" route="routetop" type="cfm-fast" waiting="0.00" lane="top_0" pos="37.52" speed="15.30" angle="207.01" x="0.28" y="89.93"/>
        <vehicle id="cfm-fast_3" eclass="HBEFA3/PC_G_EU4" CO2="59693.88" CO="1163.57" HC="6.78" NOx="27.71" PMx="1.51" fuel="25.66" electricity="0.00" noise="122.77" route="routetop" type="cfm-fast" waiting="0.00" lane="left_0" pos="3.43" speed="16.07" angle="178.34" x="-4.53" y="56.20"/>
        <vehicle id="cfm-fast_4" eclass="HBEFA3/PC_G_EU4" CO2="59808.65" CO="1165.81" HC="6.79" NOx="27.77" PMx="1.51" fuel="25.71" electricity="0.00" noise="122.79" route="routeleft" type="cfm-fast" waiting="0.00" lane="left_1" pos="19.28" speed="16.10" angle="149.75" x="9.97" y="26.49"/>
        <vehicle id="cfm-fast_5" eclass="HBEFA3/PC_G_EU4" CO2="60172.70" CO="1171.70" HC="6.83" NOx="27.93" PMx="1.52" fuel="25.87" electricity="0.00" noise="121.86" route="routeleft" type="cfm-fast" waiting="0.00" lane="left_0" pos="35.23" speed="16.50" angle="121.13" x="32.93" y="2.33"/>
        <vehicle id="cfm-slow_0" eclass="HBEFA3/PC_G_EU4" CO2="25992.27" CO="483.46" HC="2.84" NOx="11.88" PMx="0.63" fuel="11.17" electricity="0.00" noise="91.24" route="routebottom" type="cfm-slow" waiting="0.00" lane="bottom_0" pos="10.23" speed="13.49" angle="76.05" x="85.39" y="-1.42"/>
        <vehicle id="cfm-slow_1" eclass="HBEFA3/PC_G_EU4" CO2="25995.96" CO="483.53" HC="2.84" NOx="11.88" PMx="0.63" fuel="11.17" electricity="0.00" noise="91.24" route="routebottom" type="cfm-slow" waiting="0.00" lane="bottom_0" pos="26.06" speed="13.49" angle="47.59" x="113.76" y="16.80"/>
        <vehicle id="cfm-slow_2" eclass="HBEFA3/PC_G_EU4" CO2="26027.74" CO="484.18" HC="2.84" NOx="11.89" PMx="0.63" fuel="11.19" electricity="0.00" noise="91.28" route="routebottom" type="cfm-slow" waiting="0.00" lane="bottom_0" pos="41.89" speed="13.49" angle="19.11" x="130.03" y="46.32"/>
        <vehicle id="cfm-slow_3" eclass="HBEFA3/PC_G_EU4" CO2="26246.24" CO="488.61" HC="2.87" NOx="11.99" PMx="0.64" fuel="11.28" electricity="0.00" noise="91.54" route="routebottom" type="cfm-slow" waiting="0.00" lane="right_0" pos="7.73" speed="13.50" angle="350.52" x="130.24" y="80.22"/>
        <vehicle id="cfm-slow_4" eclass="HBEFA3/PC_G_EU4" CO2="27368.06" CO="511.24" HC="3.00" NOx="12.52" PMx="0.67" fuel="11.76" electricity="0.00" noise="92.79" route="routeright" type="cfm-slow" waiting="0.00" lane="right_0" pos="23.58" speed="13.58" angle="322.04" x="114.29" y="109.95"/>
        <vehicle id="cfm-slow_5" eclass="HBEFA3/PC_G_EU4" CO2="31202.45" CO="587.85" HC="3.45" NOx="14.32" PMx="0.77" fuel="13.41" electricity="0.00" noise="96.72" route="routeright" type="cfm-slow" waiting="0.00" lane="right_0" pos="39.50" speed="13.95" angle="293.44" x="85.93" y="128.56"/>
    </timestep>
    <timestep time="1.22">
        <vehicle id="cfm-fast_0" eclass="HBEFA3/PC_G_EU4" CO2="37343.58" CO="706.84" HC="4.14" NOx="17.19" PMx="0.92" fuel="16.05" electricity="0.00" noise="100.84" route="routetop" type="cfm-fast" waiting="0.00" lane="top_0" pos="6.00" speed="15.32" angle="263.63" x="50.74" y="131.04"/>
        <vehicle id="cfm-fast_1" eclass="HBEFA3/PC_G_EU4" CO2="37574.99" CO="711.58" HC="4.17" NOx="17.30" PMx="0.93" fuel="16.15" electricity="0.00" noise="101.08" route="routetop" type="cfm-fast" waiting="0.00" lane="top_0" pos="21.83" speed="15.33" angle="235.18" x="20.20" y="116.74"/>
        <vehicle id="cfm-fast_2" eclass="HBEFA3/PC_G_EU4" CO2="40362.34" CO="768.63" HC="4.50" NOx="18.61" PMx="1.00" fuel="17.35" electricity="0.00" noise="103.99" route="routetop" type="cfm-fast" waiting="0.00" lane="top_0" pos="37.67" speed="15.40" angle="206.73" x="0.16" y="89.62"/>
        <vehicle id="cfm-fast_3" eclass="HBEFA3/PC_G_EU4" CO2="60195.45" CO="1173.33" HC="6.83" NOx="27.95" PMx="1.52" fuel="25.87" electricity="0.00" noise="122.84" route="routetop" type="cfm-fast" waiting="0.00" lane="left_0" pos="3.59" speed="16.21" angle="178.05" x="-4.50" y="55.85"/>
        <vehicle id="cfm-fast_4" eclass="HBEFA3/PC_G_EU4" CO2="60310.29" CO="1175.57" HC="6.85" NOx="28.00" PMx="1.52" fuel="25.92" electricity="0.00" noise="122.85" route="routeleft" type="cfm-fast" waiting="0.00" lane="left_1" pos="19.44" speed="16.24" angle="149.45" x="10.17" y="26.21"/>
        <vehicle id="cfm-fast_5" eclass="HBEFA3/PC_G_EU4" CO2="59741.68" CO="1162.32" HC="6.77" NOx="27.72" PMx="1.51" fuel="25.68" electricity="0.00" noise="121.00" route="routeleft" type="cfm-fast" waiting="0.00" lane="left_0" pos="35.40" speed="16.63" angle="120.82" x="33.25" y="2.17"/>
        <vehicle id="cfm-slow_0" eclass="HBEFA3/PC_G_EU4" CO2="25898.61" CO="481.10" HC="2.83" NOx="11.83" PMx="0.63" fuel="11.13" electricity="0.00" noise="91.00" route="routebottom" type="cfm-slow" waiting="0.00" lane="bottom_0" pos="10.36" speed="13.56" angle="75.80" x="85.66" y="-1.33"/>
        <vehicle id="cfm-slow_1" eclass="HBEFA3/PC_G_EU4" CO2="25902.57" CO="481.18" HC="2.83" NOx="11.83" PMx="0.63" fuel="11.13" electricity="0.00" noise="91.01" route="routebottom" type="cfm-slow" waiting="0.00" lane="bottom_0" pos="26.20" speed="13.56" angle="47.34" x="113.95" y="17.01"/>
        <vehicle id="cfm-slow_2" eclass="HBEFA3/PC_G_EU4" CO2="25936.23" CO="481.87" HC="2.83" NOx="11.85" PMx="0.63" fuel="11.15" electricity="0.00" noise="91.05" route="routebottom" type="cfm-slow" waiting="0.00" lane="bottom_0" pos="42.03" speed="13.56" angle="18.86" x="130.11" y="46.60"/>
        <vehicle id="cfm-slow_3" eclass="HBEFA3/PC_G_EU4" CO2="26163.97" CO="486.49" HC="2.86" NOx="11.95" PMx="0.63" fuel="11.25" electricity="0.00" noise="91.31" route="routebottom" type="cfm-slow" waiting="0.00" lane="right_0" pos="7.86" speed="13.57" angle="350.27" x="130.17" y="80.50"/>
        <vehicle id="cfm-slow_4" eclass="HBEFA3/PC_G_EU4" CO2="27314.50" CO="509.69" HC="2.99" NOx="12.50" PMx="0.66" fuel="11.74" electricity="0.00" noise="92.59" route="routeright" type="cfm-slow" waiting="0.00" lane="right_0" pos="23.71" speed="13.65" angle="321.79" x="114.09" y="110.17"/>
        <vehicle id="cfm-slow_5" eclass="HBEFA3/PC_G_EU4" CO2="31180.39" CO="586.93" HC="3.44" NOx="14.31" PMx="0.76" fuel="13.40" electricity="0.00" noise="96.52" route="routeright" type="cfm-slow" waiting="0.00" lane="right_0" pos="39.65" speed="14.03" angle="293.19" x="85.65" y="128.66"/>
    </timestep>
    <timestep time="1.23">
        <vehicle id="cfm-fast_0" eclass="HBEFA3/PC_G_EU4" CO2="37233.49" CO="704.15" HC="4.13" NOx="17.13" PMx="0.92" fuel="16.00" electricity="0.00" noise="100.53" route="routetop" type="cfm-fast" waiting="0.00" lane="top_0" pos="6.15" speed="15.41" angle="263.34" x="50.41" y="130.98"/>
        <vehicle id="cfm-fast_1" eclass="HBEFA3/PC_G_EU4" CO2="37489.71" CO="709.40" HC="4.16" NOx="17.25" PMx="0.93" fuel="16.11" electricity="0.00" noise="100.80" route="routetop" type="cfm-fast" waiting="0.00" lane="top_0" pos="21.99" speed="15.41" angle="234.89" x="19.95" y="116.53"/>
        <vehicle id="cfm-fast_2" eclass="HBEFA3/PC_G_EU4" CO2="40441.60" CO="769.81" HC="4.50" NOx="18.64" PMx="1.01" fuel="17.38" electricity="0.00" noise="103.85" route="routetop" type="cfm-fast" waiting="0.00" lane="top_0" pos="37.83" speed="15.49" angle="206.44" x="0.04" y="89.31"/>
        <vehicle id="cfm-fast_3" eclass="HBEFA3/PC_G_EU4" CO2="60697.31" CO="1183.11" HC="6.89" NOx="28.18" PMx="1.53" fuel="26.09" electricity="0.00" noise="122.90" route="routetop" type="cfm-fast" waiting="0.00" lane="left_0" pos="3.76" speed="16.34" angle="177.76" x="-4.46" y="55.50"/>
        <vehicle id="cfm-fast_4" eclass="HBEFA3/PC_G_EU4" CO2="60812.22" CO="1185.35" HC="6.90" NOx="28.23" PMx="1.54" fuel="26.14" electricity="0.00" noise="122.91" route="routeleft" type="cfm-fast" waiting="0.00" lane="left_1" pos="19.60" speed="16.38" angle="149.15" x="10.36" y="25.94"/>
        <vehicle id="cfm-fast_5" eclass="HBEFA3/PC_G_EU4" CO2="59300.92" CO="1152.76" HC="6.72" NOx="27.51" PMx="1.50" fuel="25.49" electricity="0.00" noise="120.15" route="routeleft" type="cfm-fast" waiting="0.00" lane="left_0" pos="35.57" speed="16.76" angle="120.51" x="33.57" y="2.01"/>
        <vehicle id="cfm-slow_0" eclass="HBEFA3/PC_G_EU4" CO2="25803.77" CO="478.73" HC="2.81" NOx="11.78" PMx="0.62" fuel="11.09" electricity="0.00" noise="90.76" route="routebottom" type="cfm-slow" waiting="0.00" lane="bottom_0" pos="10.50" speed="13.62" angle="75.54" x="85.94" y="-1.23"/>
        <vehicle id="cfm-slow_1" eclass="HBEFA3/PC_G_EU4" CO2="25808.03" CO="478.82" HC="2.82" NOx="11.78" PMx="0.62" fuel="11.09" electricity="0.00" noise="90.77" route="routebottom" type="cfm-slow" waiting="0.00" lane="bottom_0" pos="26.33" speed="13.62" angle="47.09" x="114.15" y="17.23"/>
        <vehicle id="cfm-slow_2" eclass="HBEFA3/PC_G_EU4" CO2="25843.63" CO="479.54" HC="2.82" NOx="11.80" PMx="0.63" fuel="11.11" electricity="0.00" noise="90.81" route="routebottom" type="cfm-slow" waiting="0.00" lane="bottom_0" pos="42.17" speed="13.63" angle="18.62" x="130.19" y="46.89"/>
        <vehicle id="cfm-slow_3" eclass="HBEFA3/PC_G_EU4" CO2="26080.81" CO="484.35" HC="2.85" NOx="11.91" PMx="0.63" fuel="11.21" electricity="0.00" noise="91.08" route="routebottom" type="cfm-slow" waiting="0.00" lane="right_0" pos="8.00" speed="13.64" angle="350.02" x="130.09" y="80.79"/>
        <vehicle id="cfm-slow_4" eclass="HBEFA3/PC_G_EU4" CO2="27260.09" CO="508.14" HC="2.98" NOx="12.47" PMx="0.66" fuel="11.72" electricity="0.00" noise="92.39" route="routeright" type="cfm-slow" waiting="0.00" lane="right_0" pos="23.85" speed="13.72" angle="321.54" x="113.89" y="110.38"/>
        <vehicle id="cfm-slow_5" eclass="HBEFA3/PC_G_EU4" CO2="31156.29" CO="585.97" HC="3.44" NOx="14.30" PMx="0.76" fuel="13.39" electricity="0.00" noise="96.33" route="routeright" type="cfm-slow" waiting="0.00" lane="right_0" pos="39.79" speed="14.11" angle="292.99" x="85.36" y="128.76"/>
    </timestep>
    <timestep time="1.24">
        <vehicle id="cfm-fast_0" eclass="HBEFA3/PC_G_EU4" CO2="37121.24" CO="701.43" HC="4.11" NOx="17.08" PMx="0.92" fuel="15.96" electricity="0.00" noise="100.23" route="routetop" type="cfm-fast" waiting="0.00" lane="top_0" pos="6.31" speed="15.49" angle="263.08" x="50.08" y="130.92"/>
        <vehicle id="cfm-fast_1" eclass="HBEFA3/PC_G_EU4" CO2="37403.68" CO="707.22" HC="4.14" NOx="17.21" PMx="0.93" fuel="16.08" electricity="0.00" noise="100.52" route="routetop" type="cfm-fast" waiting="0.00" lane="top_0" pos="22.14" speed="15.50" angle="234.60" x="19.69" y="116.31"/>
        <vehicle id="cfm-fast_2" eclass="HBEFA3/PC_G_EU4" CO2="40522.55" CO="771.04" HC="4.51" NOx="18.68" PMx="1.01" fuel="17.42" electricity="0.00" noise="103.72" route="routetop" type="cfm-fast" waiting="0.00" lane="top_0" pos="37.98" speed="15.58" angle="206.16" x="-0.09" y="89.00"/>
        <vehicle id="cfm-fast_3" eclass="HBEFA3/PC_G_EU4" CO2="61199.47" CO="1192.91" HC="6.95" NOx="28.41" PMx="1.55" fuel="26.31" electricity="0.00" noise="122.96" route="routetop" type="cfm-fast" waiting="0.00" lane="left_0" pos="3.92" speed="16.48" angle="177.48" x="-4.42" y="55.15"/>
        <vehicle id="cfm-fast_4" eclass="HBEFA3/PC_G_EU4" CO2="61314.44" CO="1195.15" HC="6.96" NOx="28.47" PMx="1.55" fuel="26.36" electricity="0.00" noise="122.98" route="routeleft" type="cfm-fast" waiting="0.00" lane="left_1" pos="19.77" speed="16.51" angle="148.85" x="10.56" y="25.67"/>
        <vehicle id="cfm-fast_5" eclass="HBEFA3/PC_G_EU4" CO2="58850.95" CO="1143.04" HC="6.66" NOx="27.30" PMx="1.49" fuel="25.30" electricity="0.00" noise="119.31" route="routeleft" type="cfm-fast" waiting="0.00" lane="left_0" pos="35.73" speed="16.89" angle="120.20" x="33.90" y="1.85"/>
        <vehicle id="cfm-slow_0" eclass="HBEFA3/PC_G_EU4" CO2="25707.80" CO="476.35" HC="2.80" NOx="11.74" PMx="0.62" fuel="11.05" electricity="0.00" noise="90.53" route="routebottom" type="cfm-slow" waiting="0.00" lane="bottom_0" pos="10.64" speed="13.69" angle="75.29" x="86.21" y="-1.13"/>
        <vehicle id="cfm-slow_1" eclass="HBEFA3/PC_G_EU4" CO2="25712.37" CO="476.44" HC="2.80" NOx="11.74" PMx="0.62" fuel="11.05" electricity="0.00" noise="90.54" route="routebottom" type="cfm-slow" waiting="0.00" lane="bottom_0" pos="26.47" speed="13.69" angle="46.84" x="114.35" y="17.44"/>
        <vehicle id="cfm-slow_2" eclass="HBEFA3/PC_G_EU4" CO2="25749.98" CO="477.21" HC="2.81" NOx="11.76" PMx="0.62" fuel="11.07" electricity="0.00" noise="90.58" route="routebottom" type="cfm-slow" waiting="0.00" lane="bottom_0" pos="42.30" speed="13.69" angle="18.41" x="130.26" y="47.17"/>
        <vehicle id="cfm-slow_3" eclass="HBEFA3/PC_G_EU4" CO2="25996.82" CO="482.21" HC="2.84" NOx="11.87" PMx="0.63" fuel="11.17" electricity="0.00" noise="90.86" route="routebottom" type="cfm-slow" waiting="0.00" lane="right_0" pos="8.14" speed="13.70" angle="349.77" x="130.02" y="81.07"/>
        <vehicle id="cfm-slow_4" eclass="HBEFA3/PC_G_EU4" CO2="27204.87" CO="506.57" HC="2.98" NOx="12.44" PMx="0.66" fuel="11.69" electricity="0.00" noise="92.19" route="routeright" type="cfm-slow" waiting="0.00" lane="right_0" pos="23.99" speed="13.79" angle="321.30" x="113.68" y="110.60"/>
        <vehicle id="cfm-slow_5" eclass="HBEFA3/PC_G_EU4" CO2="31130.19" CO="584.97" HC="3.43" NOx="14.28" PMx="0.76" fuel="13.38" electricity="0.00" noise="96.14" route="routeright" type="cfm-slow" waiting="0.00" lane="right_0" pos="39.93" speed="14.19" angle="292.72" x="85.07" y="128.85"/>
    </timestep>
    <timestep time="1.25">
        <vehicle id="cfm-fast_0" eclass="HBEFA3/PC_G_EU4" CO2="37006.94" CO="698.68" HC="4.10" NOx="17.02" PMx="0.92" fuel="15.91" electricity="0.00" noise="99.93" route="routetop" type="cfm-fast" waiting="0.00" lane="top_0" pos="6.47" speed="15.58" angle="262.82" x="49.76" y="130.85"/>
        <vehicle id="cfm-fast_1" eclass="HBEFA3/PC_G_EU4" CO2="37316.99" CO="705.03" HC="4.13" NOx="17.17" PMx="0.92" fuel="16.04" electricity="0.00" noise="100.25" route="routetop" type="cfm-fast" waiting="0.00" lane="top_0" pos="22.30" speed="15.59" angle="234.31" x="19.44" y="116.10"/>
        <vehicle id="cfm-fast_2" eclass="HBEFA3/PC_G_EU4" CO2="40605.27" CO="772.31" HC="4.52" NOx="18.72" PMx="1.01" fuel="17.45" electricity="0.00" noise="103.60" route="routetop" type="cfm-fast" waiting="0.00" lane="top_0" pos="38.14" speed="15.68" angle="205.87" x="-0.21" y="88.68"/>
        <vehicle id="cfm-fast_3" eclass="HBEFA3/PC_G_EU4" CO2="61701.92" CO="1202.73" HC="7.00" NOx="28.65" PMx="1.56" fuel="26.52" electricity="0.00" noise="123.03" route="routetop" type="cfm-fast" waiting="0.00" lane="left_0" pos="4.09" speed="16.62" angle="177.18" x="-4.37" y="54.80"/>
        <vehicle id="cfm-fast_4" eclass="HBEFA3/PC_G_EU4" CO2="61816.96" CO="1204.98" HC="7.02" NOx="28.70" PMx="1.56" fuel="26.57" electricity="0.00" noise="123.04" route="routeleft" type="cfm-fast" waiting="0.00" lane="left_1" pos="19.93" speed="16.65" angle="148.55" x="10.76" y="25.39"/>
        <vehicle id="cfm-fast_5" eclass="HBEFA3/PC_G_EU4" CO2="58392.31" CO="1133.15" HC="6.61" NOx="27.08" PMx="1.47" fuel="25.10" electricity="0.00" noise="118.48" route="routeleft" type="cfm-fast" waiting="0.00" lane="left_0" pos="35.90" speed="17.01" angle="119.94" x="34.22" y="1.68"/>
        <vehicle id="cfm-slow_0" eclass="HBEFA3/PC_G_EU4" CO2="25610.75" CO="473.95" HC="2.79" NOx="11.69" PMx="0.62" fuel="11.01" electricity="0.00" noise="90.30" route="routebottom" type="cfm-slow" waiting="0.00" lane="bottom_0" pos="10.77" speed="13.75" angle="75.03" x="86.49" y="-1.03"/>
        <vehicle id="cfm-slow_1" eclass="HBEFA3/PC_G_EU4" CO2="25615.64" CO="474.05" HC="2.79" NOx="11.69" PMx="0.62" fuel="11.01" electricity="0.00" noise="90.30" route="routebottom" type="cfm-slow" waiting="0.00" lane="bottom_0" pos="26.61" speed="13.75" angle="46.59" x="114.56" y="17.66"/>
        <vehicle id="cfm-slow_2" eclass="HBEFA3/PC_G_EU4" CO2="25655.35" CO="474.85" HC="2.79" NOx="11.71" PMx="0.62" fuel="11.03" electricity="0.00" noise="90.35" route="routebottom" type="cfm-slow" waiting="0.00" lane="bottom_0" pos="42.44" speed="13.76" angle="18.18" x="130.33" y="47.46"/>
        <vehicle id="cfm-slow_3" eclass="HBEFA3/PC_G_EU4" CO2="25912.03" CO="480.06" HC="2.82" NOx="11.83" PMx="0.63" fuel="11.14" electricity="0.00" noise="90.64" route="routebottom" type="cfm-slow" waiting="0.00" lane="right_0" pos="8.28" speed="13.77" angle="349.51" x="129.94" y="81.36"/>
        <vehicle id="cfm-slow_4" eclass="HBEFA3/PC_G_EU4" CO2="27148.87" CO="505.00" HC="2.97" NOx="12.41" PMx="0.66" fuel="11.67" electricity="0.00" noise="92.00" route="routeright" type="cfm-slow" waiting="0.00" lane="right_0" pos="24.13" speed="13.85" angle="321.05" x="113.48" y="110.82"/>
        <vehicle id="cfm-slow_5" eclass="HBEFA3/PC_G_EU4" CO2="31102.13" CO="583.95" HC="3.43" NOx="14.27" PMx="0.76" fuel="13.37" electricity="0.00" noise="95.94" route="routeright" type="cfm-slow" waiting="0.00" lane="right_0" pos="40.07" speed="14.27" angle="292.45" x="84.77" y="128.94"/>
    </timestep>
    <timestep time="1.26">
        <vehicle id="cfm-fast_0" eclass="HBEFA3/PC_G_EU4" CO2="36890.69" CO="695.90" HC="4.08" NOx="16.96" PMx="0.91" fuel="15.86" electricity="0.00" noise="99.63" route="routetop" type="cfm-fast" waiting="0.00" lane="top_0" pos="6.62" speed="15.66" angle="262.53" x="49.43" y="130.77"/>
        <vehicle id="cfm-fast_1" eclass="HBEFA3/PC_G_EU4" CO2="37229.76" CO="702.85" HC="4.12" NOx="17.12" PMx="0.92" fuel="16.00" electricity="0.00" noise="99.98" route="routetop" type="cfm-fast" waiting="0.00" lane="top_0" pos="22.46" speed="15.67" angle="234.02" x="19.18" y="115.88"/>
        <vehicle id="cfm-fast_2" eclass="HBEFA3/PC_G_EU4" CO2="40689.79" CO="773.63" HC="4.53" NOx="18.75" PMx="1.01" fuel="17.49" electricity="0.00" noise="103.48" route="routetop" type="cfm-fast" waiting="0.00" lane="top_0" pos="38.30" speed="15.77" angle="205.58" x="-0.34" y="88.37"/>
        <vehicle id="cfm-fast_3" eclass="HBEFA3/PC_G_EU4" CO2="62204.65" CO="1212.57" HC="7.06" NOx="28.88" PMx="1.57" fuel="26.74" electricity="0.00" noise="123.09" route="routetop" type="cfm-fast" waiting="0.00" lane="left_0" pos="4.26" speed="16.75" angle="176.87" x="-4.32" y="54.44"/>
        <vehicle id="cfm-fast_4" eclass="HBEFA3/PC_G_EU4" CO2="62319.76" CO="1214.82" HC="7.08" NOx="28.94" PMx="1.58" fuel="26.79" electricity="0.00" noise="123.10" route="routeleft" type="cfm-fast" waiting="0.00" lane="left_1" pos="20.10" speed="16.78" angle="148.24" x="10.96" y="25.11"/>
        <vehicle id="cfm-fast_5" eclass="HBEFA3/PC_G_EU4" CO2="57925.51" CO="1123.12" HC="6.55" NOx="26.85" PMx="1.46" fuel="24.90" electricity="0.00" noise="117.66" route="routeleft" type="cfm-fast" waiting="0.00" lane="left_0" pos="36.08" speed="17.14" angle="119.62" x="34.56" y="1.53"/>
        <vehicle id="cfm-slow_0" eclass="HBEFA3/PC_G_EU4" CO2="25512.66" CO="471.53" HC="2.77" NOx="11.64" PMx="0.62" fuel="10.97" electricity="0.00" noise="90.07" route="routebottom" type="cfm-slow" waiting="0.00" lane="bottom_0" pos="10.91" speed="13.82" angle="74.77" x="86.77" y="-0.93"/>
        <vehicle id="cfm-slow_1" eclass="HBEFA3/PC_G_EU4" CO2="25517.89" CO="471.64" HC="2.78" NOx="11.64" PMx="0.62" fuel="10.97" electricity="0.00" noise="90.07" route="routebottom" type="cfm-slow" waiting="0.00" lane="bottom_0" pos="26.74" speed="13.82" angle="46.34" x="114.76" y="17.88"/>
        <vehicle id="cfm-slow_2" eclass="HBEFA3/PC_G_EU4" CO2="25559.78" CO="472.49" HC="2.78" NOx="11.66" PMx="0.62" fuel="10.99" electricity="0.00" noise="90.12" route="routebottom" type="cfm-slow" waiting="0.00" lane="bottom_0" pos="42.58" speed="13.82" angle="17.92" x="130.39" y="47.75"/>
        <vehicle id="cfm-slow_3" eclass="HBEFA3/PC_G_EU4" CO2="25826.49" CO="477.89" HC="2.81" NOx="11.79" PMx="0.62" fuel="11.10" electricity="0.00" noise="90.42" route="routebottom" type="cfm-slow" waiting="0.00" lane="right_0" pos="8.41" speed="13.83" angle="349.26" x="129.86" y="81.65"/>
        <vehicle id="cfm-slow_4" eclass="HBEFA3/PC_G_EU4" CO2="27092.13" CO="503.41" HC="2.96" NOx="12.38" PMx="0.66" fuel="11.65" electricity="0.00" noise="91.81" route="routeright" type="cfm-slow" waiting="0.00" lane="right_0" pos="24.26" speed="13.92" angle="320.81" x="113.28" y="111.04"/>
        <vehicle id="cfm-slow_5" eclass="HBEFA3/PC_G_EU4" CO2="31072.16" CO="582.89" HC="3.42" NOx="14.25" PMx="0.76" fuel="13.36" electricity="0.00" noise="95.75" route="routeright" type="cfm-slow" waiting="0.00" lane="right_0" pos="40.21" speed="14.34" angle="292.18" x="84.48" y="129.03"/>
    </timestep>
    <timestep time="1.27">
        <vehicle id="cfm-fast_0" eclass="HBEFA3/PC_G_EU4" CO2="36772.57" CO="693.09" HC="4.06" NOx="16.91" PMx="0.91" fuel="15.81" electricity="0.00" noise="99.33" route="routetop" type="cfm-fast" waiting="0.00" lane="top_0" pos="6.78" speed="15.75" angle="262.23" x="49.10" y="130.70"/>
        <vehicle id="cfm-fast_1" eclass="HBEFA3/PC_G_EU4" CO2="37142.08" CO="700.66" HC="4.11" NOx="17.08" PMx="0.92" fuel="15.97" electricity="0.00" noise="99.71" route="routetop" type="cfm-fast" waiting="0.00" lane="top_0" pos="22.61" speed="15.76" angle="233.72" x="18.92" y="115.66"/>
        <vehicle id="cfm-fast_2" eclass="HBEFA3/PC_G_EU4" CO2="40776.17" CO="775.00" HC="4.54" NOx="18.79" PMx="1.01" fuel="17.53" electricity="0.00" noise="103.36" route="routetop" type="cfm-fast" waiting="0.00" lane="top_0" pos="38.46" speed="15.86" angle="205.33" x="-0.47" y="88.05"/>
        <vehicle id="cfm-fast_3" eclass="HBEFA3/PC_G_EU4" CO2="62707.69" CO="1222.43" HC="7.12" NOx="29.12" PMx="1.59" fuel="26.95" electricity="0.00" noise="123.15" route="routetop" type="cfm-fast" waiting="0.00" lane="left_0" pos="4.43" speed="16.89" angle="176.57" x="-4.27" y="54.08"/>
        <vehicle id="cfm-fast_4" eclass="HBEFA3/PC_G_EU4" CO2="62822.86" CO="1224.69" HC="7.13" NOx="29.17" PMx="1.59" fuel="27.00" electricity="0.00" noise="123.17" route="routeleft" type="cfm-fast" waiting="0.00" lane="left_1" pos="20.27" speed="16.92" angle="147.93" x="11.16" y="24.83"/>
        <vehicle id="cfm-fast_5" eclass="HBEFA3/PC_G_EU4" CO2="57451.07" CO="1112.95" HC="6.49" NOx="26.63" PMx="1.45" fuel="24.70" electricity="0.00" noise="116.85" route="routeleft" type="cfm-fast" waiting="0.00" lane="left_0" pos="36.25" speed="17.26" angle="119.30" x="34.90" y="1.38"/>
        <vehicle id="cfm-slow_0" eclass="HBEFA3/PC_G_EU4" CO2="25413.57" CO="469.10" HC="2.76" NOx="11.59" PMx="0.61" fuel="10.92" electricity="0.00" noise="89.84" route="routebottom" type="cfm-slow" waiting="0.00" lane="bottom_0" pos="11.05" speed="13.88" angle="74.51" x="87.05" y="-0.83"/>
        <vehicle id="cfm-slow_1" eclass="HBEFA3/PC_G_EU4" CO2="25419.16" CO="469.21" HC="2.76" NOx="11.59" PMx="0.61" fuel="10.93" electricity="0.00" noise="89.85" route="routebottom" type="cfm-slow" waiting="0.00" lane="bottom_0" pos="26.88" speed="13.88" angle="46.13" x="114.96" y="18.10"/>
        <vehicle id="cfm-slow_2" eclass="HBEFA3/PC_G_EU4" CO2="25463.30" CO="470.11" HC="2.77" NOx="11.62" PMx="0.62" fuel="10.95" electricity="0.00" noise="89.90" route="routebottom" type="cfm-slow" waiting="0.00" lane="bottom_0" pos="42.72" speed="13.88" angle="17.67" x="130.46" y="48.04"/>
        <vehicle id="cfm-slow_3" eclass="HBEFA3/PC_G_EU4" CO2="25740.25" CO="475.73" HC="2.80" NOx="11.75" PMx="0.62" fuel="11.06" electricity="0.00" noise="90.21" route="routebottom" type="cfm-slow" waiting="0.00" lane="right_0" pos="8.55" speed="13.90" angle="349.00" x="129.79" y="81.93"/>
        <vehicle id="cfm-slow_4" eclass="HBEFA3/PC_G_EU4" CO2="27034.68" CO="501.82" HC="2.95" NOx="12.35" PMx="0.66" fuel="11.62" electricity="0.00" noise="91.61" route="routeright" type="cfm-slow" waiting="0.00" lane="right_0" pos="24.40" speed="13.99" angle="320.59" x="113.07" y="111.26"/>
        <vehicle id="cfm-slow_5" eclass="HBEFA3/PC_G_EU4" CO2="31040.31" CO="581.81" HC="3.41" NOx="14.23" PMx="0.76" fuel="13.34" electricity="0.00" noise="95.56" route="routeright" type="cfm-slow" waiting="0.00" lane="right_0" pos="40.36" speed="14.42" angle="291.90" x="84.18" y="129.13"/>
    </timestep>
    <timestep time="1.28">
        <vehicle id="cfm-fast_0" eclass="HBEFA3/PC_G_EU4" CO2="36652.68" CO="690.25" HC="4.05" NOx="16.85" PMx="0.91" fuel="15.76" electricity="0.00" noise="99.04" route="routetop" type="cfm-fast" waiting="0.00" lane="top_0" pos="6.94" speed="15.83" angle="261.93" x="48.76" y="130.62"/>
        <vehicle id="cfm-fast_1" eclass="HBEFA3/PC_G_EU4" CO2="37054.06" CO="698.47" HC="4.10" NOx="17.04" PMx="0.92" fuel="15.93" electricity="0.00" noise="99.45" route="routetop" type="cfm-fast" waiting="0.00" lane="top_0" pos="22.77" speed="15.84" angle="233.43" x="18.66" y="115.44"/>
        <vehicle id="cfm-fast_2" eclass="HBEFA3/PC_G_EU4" CO2="40864.45" CO="776.41" HC="4.55" NOx="18.83" PMx="1.02" fuel="17.57" electricity="0.00" noise="103.25" route="routetop" type="cfm-fast" waiting="0.00" lane="top_0" pos="38.62" speed="15.95" angle="205.05" x="-0.58" y="87.73"/>
        <vehicle id="cfm-fast_3" eclass="HBEFA3/PC_G_EU4" CO2="63211.01" CO="1232.31" HC="7.18" NOx="29.35" PMx="1.60" fuel="27.17" electricity="0.00" noise="123.21" route="routetop" type="cfm-fast" waiting="0.00" lane="left_0" pos="4.60" speed="17.03" angle="176.26" x="-4.22" y="53.72"/>
        <vehicle id="cfm-fast_4" eclass="HBEFA3/PC_G_EU4" CO2="63326.25" CO="1234.58" HC="7.19" NOx="29.40" PMx="1.60" fuel="27.22" electricity="0.00" noise="123.23" route="routeleft" type="cfm-fast" waiting="0.00" lane="left_1" pos="20.44" speed="17.06" angle="147.65" x="11.37" y="24.54"/>
        <vehicle id="cfm-fast_5" eclass="HBEFA3/PC_G_EU4" CO2="56969.45" CO="1102.65" HC="6.43" NOx="26.40" PMx="1.44" fuel="24.49" electricity="0.00" noise="116.06" route="routeleft" type="cfm-fast" waiting="0.00" lane="left_0" pos="36.42" speed="17.38" angle="118.97" x="35.24" y="1.22"/>
        <vehicle id="cfm-slow_0" eclass="HBEFA3/PC_G_EU4" CO2="25313.53" CO="466.66" HC="2.75" NOx="11.54" PMx="0.61" fuel="10.88" electricity="0.00" noise="89.61" route="routebottom" type="cfm-slow" waiting="0.00" lane="bottom_0" pos="11.19" speed="13.95" angle="74.25" x="87.34" y="-0.73"/>
        <vehicle id="cfm-slow_1" eclass="HBEFA3/PC_G_EU4" CO2="25319.51" CO="466.78" HC="2.75" NOx="11.55" PMx="0.61" fuel="10.88" electricity="0.00" noise="89.62" route="routebottom" type="cfm-slow" waiting="0.00" lane="bottom_0" pos="27.02" speed="13.95" angle="45.90" x="115.16" y="18.32"/>
        <vehicle id="cfm-slow_2" eclass="HBEFA3/PC_G_EU4" CO2="25365.98" CO="467.73" HC="2.75" NOx="11.57" PMx="0.61" fuel="10.90" electricity="0.00" noise="89.67" route="routebottom" type="cfm-slow" waiting="0.00" lane="bottom_0" pos="42.86" speed="13.95" angle="17.42" x="130.53" y="48.33"/>
        <vehicle id="cfm-slow_3" eclass="HBEFA3/PC_G_EU4" CO2="25653.36" CO="473.55" HC="2.79" NOx="11.70" PMx="0.62" fuel="11.03" electricity="0.00" noise="90.00" route="routebottom" type="cfm-slow" waiting="0.00" lane="right_0" pos="8.69" speed="13.96" angle="348.75" x="129.71" y="82.23"/>
        <vehicle id="cfm-slow_4" eclass="HBEFA3/PC_G_EU4" CO2="26976.54" CO="500.23" HC="2.94" NOx="12.33" PMx="0.65" fuel="11.60" electricity="0.00" noise="91.43" route="routeright" type="cfm-slow" waiting="0.00" lane="right_0" pos="24.55" speed="14.06" angle="320.33" x="112.86" y="111.47"/>
        <vehicle id="cfm-slow_5" eclass="HBEFA3/PC_G_EU4" CO2="31006.62" CO="580.69" HC="3.41" NOx="14.22" PMx="0.76" fuel="13.33" electricity="0.00" noise="95.38" route="routeright" type="cfm-slow" waiting="0.00" lane="right_0" pos="40.50" speed="14.49" angle="291.63" x="83.88" y="129.22"/>
    </timestep>
    <timestep time="1.29">
        <vehicle id="cfm-fast_0" eclass="HBEFA3/PC_G_EU4" CO2="36531.11" CO="687.38" HC="4.03" NOx="16.79" PMx="0.90" fuel="15.70" electricity="0.00" noise="98.75" route="routetop" type="cfm-fast" waiting="0.00" lane="top_0" pos="7.10" speed="15.91" angle="261.63" x="48.43" y="130.55"/>
        <vehicle id="cfm-fast_1" eclass="HBEFA3/PC_G_EU4" CO2="36965.81" CO="696.29" HC="4.08" NOx="16.99" PMx="0.91" fuel="15.89" electricity="0.00" noise="99.19" route="routetop" type="cfm-fast" waiting="0.00" lane="top_0" pos="22.93" speed="15.92" angle="233.13" x="18.40" y="115.22"/>
        <vehicle id="cfm-fast_2" eclass="HBEFA3/PC_G_EU4" CO2="40954.66" CO="777.87" HC="4.55" NOx="18.87" PMx="1.02" fuel="17.60" electricity="0.00" noise="103.15" route="routetop" type="cfm-fast" waiting="0.00" lane="top_0" pos="38.78" speed="16.05" angle="204.75" x="-0.70" y="87.40"/>
        <vehicle id="cfm-fast_3" eclass="HBEFA3/PC_G_EU4" CO2="63714.62" CO="1242.22" HC="7.23" NOx="29.58" PMx="1.61" fuel="27.39" electricity="0.00" noise="123.28" route="routetop" type="cfm-fast" waiting="0.00" lane="left_0" pos="4.77" speed="17.16" angle="175.95" x="-4.17" y="53.35"/>
        <vehicle id="cfm-fast_4" eclass="HBEFA3/PC_G_EU4" CO2="63829.93" CO="1244.49" HC="7.25" NOx="29.64" PMx="1.62" fuel="27.44" electricity="0.00" noise="123.29" route="routeleft" type="cfm-fast" waiting="0.00" lane="left_1" pos="20.61" speed="17.19" angle="147.37" x="11.58" y="24.26"/>
        <vehicle id="cfm-fast_5" eclass="HBEFA3/PC_G_EU4" CO2="56481.13" CO="1092.23" HC="6.37" NOx="26.16" PMx="1.42" fuel="24.28" electricity="0.00" noise="115.27" route="routeleft" type="cfm-fast" waiting="0.00" lane="left_0" pos="36.60" speed="17.49" angle="118.64" x="35.58" y="1.07"/>
        <vehicle id="cfm-slow_0" eclass="HBEFA3/PC_G_EU4" CO2="25212.58" CO="464.21" HC="2.73" NOx="11.49" PMx="0.61" fuel="10.84" electricity="0.00" noise="89.39" route="routebottom" type="cfm-slow" waiting="0.00" lane="bottom_0" pos="11.33" speed="14.01" angle="73.99" x="87.62" y="-0.62"/>
        <vehicle id="cfm-slow_1" eclass="HBEFA3/PC_G_EU4" CO2="25218.96" CO="464.34" HC="2.73" NOx="11.50" PMx="0.61" fuel="10.84" electricity="0.00" noise="89.40" route="routebottom" type="cfm-slow" waiting="0.00" lane="bottom_0" pos="27.16" speed="14.01" angle="45.63" x="115.35" y="18.55"/>
        <vehicle id="cfm-slow_2" eclass="HBEFA3/PC_G_EU4" CO2="25267.85" CO="465.33" HC="2.74" NOx="11.52" PMx="0.61" fuel="10.86" electricity="0.00" noise="89.45" route="routebottom" type="cfm-slow" waiting="0.00" lane="bottom_0" pos="43.00" speed="14.01" angle="17.17" x="130.59" y="48.63"/>
        <vehicle id="cfm-slow_3" eclass="HBEFA3/PC_G_EU4" CO2="25565.84" CO="471.37" HC="2.78" NOx="11.66" PMx="0.62" fuel="10.99" electricity="0.00" noise="89.78" route="routebottom" type="cfm-slow" waiting="0.00" lane="right_0" pos="8.83" speed="14.03" angle="348.50" x="129.63" y="82.52"/>
        <vehicle id="cfm-slow_4" eclass="HBEFA3/PC_G_EU4" CO2="26917.76" CO="498.62" HC="2.93" NOx="12.30" PMx="0.65" fuel="11.57" electricity="0.00" noise="91.24" route="routeright" type="cfm-slow" waiting="0.00" lane="right_0" pos="24.69" speed="14.12" angle="320.07" x="112.64" y="111.69"/>
        <vehicle id="cfm-slow_5" eclass="HBEFA3/PC_G_EU4" CO2="30971.13" CO="579.54" HC="3.40" NOx="14.20" PMx="0.76" fuel="13.31" electricity="0.00" noise="95.19" route="routeright" type="cfm-slow" waiting="0.00" lane="right_0" pos="40.65" speed="14.57" angle="291.35" x="83.59" y="129.31"/>
    </timestep>
    <timestep time="1.30">
        <vehicle id="cfm-fast_0" eclass="HBEFA3/PC_G_EU4" CO2="36407.94" CO="684.49" HC="4.02" NOx="16.73" PMx="0.90" fuel="15.65" electricity="0.00" noise="98.47" route="routetop" type="cfm-fast" waiting="0.00" lane="top_0" pos="7.26" speed="15.99" angle="261.33" x="48.10" y="130.47"/>
        <vehicle id="cfm-fast_1" eclass="HBEFA3/PC_G_EU4" CO2="36877.40" CO="694.11" HC="4.07" NOx="16.95" PMx="0.91" fuel="15.85" electricity="0.00" noise="98.94" route="routetop" type="cfm-fast" waiting="0.00" lane="top_0" pos="23.09" speed="16.00" angle="232.91" x="18.14" y="115.00"/>
        <vehicle id="cfm-fast_2" eclass="HBEFA3/PC_G_EU4" CO2="41046.86" CO="779.38" HC="4.56" NOx="18.91" PMx="1.02" fuel="17.64" electricity="0.00" noise="103.05" route="routetop" type="cfm-fast" waiting="0.00" lane="top_0" pos="38.94" speed="16.14" angle="204.45" x="-0.82" y="87.08"/>
        <vehicle id="cfm-fast_3" eclass="HBEFA3/PC_G_EU4" CO2="64218.53" CO="1252.15" HC="7.29" NOx="29.82" PMx="1.63" fuel="27.60" electricity="0.00" noise="123.34" route="routetop" type="cfm-fast" waiting="0.00" lane="left_0" pos="4.94" speed="17.30" angle="175.64" x="-4.11" y="52.98"/>
        <vehicle id="cfm-fast_4" eclass="HBEFA3/PC_G_EU4" CO2="64333.90" CO="1254.42" HC="7.31" NOx="29.87" PMx="1.63" fuel="27.65" electricity="0.00" noise="123.36" route="routeleft" type="cfm-fast" waiting="0.00" lane="left_1" pos="20.79" speed="17.33" angle="147.06" x="11.80" y="23.98"/>
        <vehicle id="cfm-fast_5" eclass="HBEFA3/PC_G_EU4" CO2="55986.57" CO="1081.70" HC="6.31" NOx="25.93" PMx="1.41" fuel="24.07" electricity="0.00" noise="114.49" route="routeleft" type="cfm-fast" waiting="0.00" lane="left_0" pos="36.77" speed="17.61" angle="118.31" x="35.93" y="0.91"/>
        <vehicle id="cfm-slow_0" eclass="HBEFA3/PC_G_EU4" CO2="25110.77" CO="461.74" HC="2.72" NOx="11.44" PMx="0.61" fuel="10.79" electricity="0.00" noise="89.17" route="routebottom" type="cfm-slow" waiting="0.00" lane="bottom_0" pos="11.47" speed="14.07" angle="73.78" x="87.90" y="-0.52"/>
        <vehicle id="cfm-slow_1" eclass="HBEFA3/PC_G_EU4" CO2="25117.56" CO="461.88" HC="2.72" NOx="11.45" PMx="0.61" fuel="10.80" electricity="0.00" noise="89.18" route="routebottom" type="cfm-slow" waiting="0.00" lane="bottom_0" pos="27.30" speed="14.07" angle="45.37" x="115.55" y="18.78"/>
        <vehicle id="cfm-slow_2" eclass="HBEFA3/PC_G_EU4" CO2="25168.95" CO="462.92" HC="2.73" NOx="11.47" PMx="0.61" fuel="10.82" electricity="0.00" noise="89.23" route="routebottom" type="cfm-slow" waiting="0.00" lane="bottom_0" pos="43.14" speed="14.07" angle="16.91" x="130.66" y="48.92"/>
        <vehicle id="cfm-slow_3" eclass="HBEFA3/PC_G_EU4" CO2="25477.75" CO="469.18" HC="2.76" NOx="11.62" PMx="0.62" fuel="10.95" electricity="0.00" noise="89.58" route="routebottom" type="cfm-slow" waiting="0.00" lane="right_0" pos="8.97" speed="14.09" angle="348.29" x="129.55" y="82.81"/>
        <vehicle id="cfm-slow_4" eclass="HBEFA3/PC_G_EU4" CO2="26858.34" CO="497.01" HC="2.92" NOx="12.27" PMx="0.65" fuel="11.55" electricity="0.00" noise="91.05" route="routeright" type="cfm-slow" waiting="0.00" lane="right_0" pos="24.83" speed="14.19" angle="319.81" x="112.43" y="111.90"/>
        <vehicle id="cfm-slow_5" eclass="HBEFA3/PC_G_EU4" CO2="30933.89" CO="578.37" HC="3.40" NOx="14.18" PMx="0.76" fuel="13.30" electricity="0.00" noise="95.00" route="routeright" type="cfm-slow" waiting="0.00" lane="right_0" pos="40.80" speed="14.64" angle="291.07" x="83.28" y="129.40"/>
    </timestep>
    <timestep time="1.31">
        <vehicle id="cfm-fast_0" eclass="HBEFA3/PC_G_EU4" CO2="36283.28" CO="681.58" HC="4.00" NOx="16.67" PMx="0.90" fuel="15.60" electricity="0.00" noise="98.18" route="routetop" type="cfm-fast" waiting="0.00" lane="top_0" pos="7.42" speed="16.07" angle="261.03" x="47.76" y="130.40"/>
        <vehicle id="cfm-fast_1" eclass="HBEFA3/PC_G_EU4" CO2="36788.95" CO="691.94" HC="4.06" NOx="16.91" PMx="0.91" fuel="15.81" electricity="0.00" noise="98.69" route="routetop" type="cfm-fast" waiting="0.00" lane="top_0" pos="23.25" speed="16.09" angle="232.62" x="17.88" y="114.76"/>
        <vehicle id="cfm-fast_2" eclass="HBEFA3/PC_G_EU4" CO2="41141.09" CO="780.95" HC="4.57" NOx="18.96" PMx="1.02" fuel="17.68" electricity="0.00" noise="102.95" route="routetop" type="cfm-fast" waiting="0.00" lane="top_0" pos="39.10" speed="16.23" angle="204.15" x="-0.94" y="86.75"/>
        <vehicle id="cfm-fast_3" eclass="HBEFA3/PC_G_EU4" CO2="64722.73" CO="1262.10" HC="7.35" NOx="30.05" PMx="1.64" fuel="27.82" electricity="0.00" noise="123.40" route="routetop" type="cfm-fast" waiting="0.00" lane="left_0" pos="5.12" speed="17.44" angle="175.29" x="-4.06" y="52.61"/>
        <vehicle id="cfm-fast_4" eclass="HBEFA3/PC_G_EU4" CO2="64838.17" CO="1264.38" HC="7.36" NOx="30.11" PMx="1.64" fuel="27.87" electricity="0.00" noise="123.42" route="routeleft" type="cfm-fast" waiting="0.00" lane="left_1" pos="20.96" speed="17.47" angle="146.74" x="12.02" y="23.70"/>
        <vehicle id="cfm-fast_5" eclass="HBEFA3/PC_G_EU4" CO2="55486.19" CO="1071.07" HC="6.25" NOx="25.69" PMx="1.40" fuel="23.85" electricity="0.00" noise="113.72" route="routeleft" type="cfm-fast" waiting="0.00" lane="left_0" pos="36.95" speed="17.72" angle="117.98" x="36.28" y="0.76"/>
        <vehicle id="cfm-slow_0" eclass="HBEFA3/PC_G_EU4" CO2="25008.13" CO="459.26" HC="2.71" NOx="11.39" PMx="0.60" fuel="10.75" electricity="0.00" noise="88.95" route="routebottom" type="cfm-slow" waiting="0.00" lane="bottom_0" pos="11.61" speed="14.13" angle="73.54" x="88.19" y="-0.41"/>
        <vehicle id="cfm-slow_1" eclass="HBEFA3/PC_G_EU4" CO2="25015.36" CO="459.41" HC="2.71" NOx="11.40" PMx="0.60" fuel="10.75" electricity="0.00" noise="88.96" route="routebottom" type="cfm-slow" waiting="0.00" lane="bottom_0" pos="27.44" speed="14.13" angle="45.11" x="115.74" y="19.02"/>
        <vehicle id="cfm-slow_2" eclass="HBEFA3/PC_G_EU4" CO2="25069.33" CO="460.51" HC="2.71" NOx="11.42" PMx="0.60" fuel="10.78" electricity="0.00" noise="89.02" route="routebottom" type="cfm-slow" waiting="0.00" lane="bottom_0" pos="43.28" speed="14.13" angle="16.65" x="130.73" y="49.22"/>
        <vehicle id="cfm-slow_3" eclass="HBEFA3/PC_G_EU4" CO2="25389.12" CO="466.99" HC="2.75" NOx="11.57" PMx="0.61" fuel="10.91" electricity="0.00" noise="89.37" route="routebottom" type="cfm-slow" waiting="0.00" lane="right_0" pos="9.11" speed="14.15" angle="348.04" x="129.46" y="83.10"/>
        <vehicle id="cfm-slow_4" eclass="HBEFA3/PC_G_EU4" CO2="26798.34" CO="495.40" HC="2.92" NOx="12.24" PMx="0.65" fuel="11.52" electricity="0.00" noise="90.87" route="routeright" type="cfm-slow" waiting="0.00" lane="right_0" pos="24.97" speed="14.26" angle="319.54" x="112.21" y="112.12"/>
        <vehicle id="cfm-slow_5" eclass="HBEFA3/PC_G_EU4" CO2="30894.92" CO="577.16" HC="3.39" NOx="14.16" PMx="0.76" fuel="13.28" electricity="0.00" noise="94.82" route="routeright" type="cfm-slow" waiting="0.00" lane="right_0" pos="40.94" speed="14.72" angle="290.80" x="82.98" y="129.50"/>
    </timestep>
    <timestep time="1.32">
        <vehicle id="cfm-fast_0" eclass="HBEFA3/PC_G_EU4" CO2="36157.19" CO="678.65" HC="3.98" NOx="16.61" PMx="0.89" fuel="15.54" electricity="0.00" noise="97.90" route="routetop" type="cfm-fast" waiting="0.00" lane="top_0" pos="7.58" speed="16.15" angle="260.75" x="47.42" y="130.32"/>
        <vehicle id="cfm-fast_1" eclass="HBEFA3/PC_G_EU4" CO2="36700.53" CO="689.78" HC="4.05" NOx="16.86" PMx="0.91" fuel="15.78" electricity="0.00" noise="98.45" route="routetop" type="cfm-fast" waiting="0.00" lane="top_0" pos="23.41" speed="16.17" angle="232.33" x="17.63" y="114.53"/>
        <vehicle id="cfm-fast_2" eclass="HBEFA3/PC_G_EU4" CO2="41237.37" CO="782.56" HC="4.58" NOx="19.00" PMx="1.03" fuel="17.73" electricity="0.00" noise="102.85" route="routetop" type="cfm-fast" waiting="0.00" lane="top_0" pos="39.26" speed="16.32" angle="203.85" x="-1.05" y="86.42"/>
        <vehicle id="cfm-fast_3" eclass="HBEFA3/PC_G_EU4" CO2="65227.22" CO="1272.07" HC="7.41" NOx="30.29" PMx="1.65" fuel="28.04" electricity="0.00" noise="123.47" route="routetop" type="cfm-fast" waiting="0.00" lane="left_0" pos="5.29" speed="17.57" angle="174.96" x="-3.99" y="52.24"/>
        <vehicle id="cfm-fast_4" eclass="HBEFA3/PC_G_EU4" CO2="65342.73" CO="1274.35" HC="7.42" NOx="30.34" PMx="1.65" fuel="28.09" electricity="0.00" noise="123.48" route="routeleft" type="cfm-fast" waiting="0.00" lane="left_1" pos="21.14" speed="17.60" angle="146.42" x="12.24" y="23.42"/>
        <vehicle id="cfm-fast_5" eclass="HBEFA3/PC_G_EU4" CO2="54980.43" CO="1060.34" HC="6.19" NOx="25.45" PMx="1.38" fuel="23.63" electricity="0.00" noise="112.96" route="routeleft" type="cfm-fast" waiting="0.00" lane="left_0" pos="37.13" speed="17.84" angle="117.68" x="36.63" y="0.60"/>
        <vehicle id="cfm-slow_0" eclass="HBEFA3/PC_G_EU4" CO2="24904.70" CO="456.78" HC="2.69" NOx="11.34" PMx="0.60" fuel="10.71" electricity="0.00" noise="88.73" route="routebottom" type="cfm-slow" waiting="0.00" lane="bottom_0" pos="11.75" speed="14.19" angle="73.29" x="88.47" y="-0.30"/>
        <vehicle id="cfm-slow_1" eclass="HBEFA3/PC_G_EU4" CO2="24912.40" CO="456.94" HC="2.69" NOx="11.35" PMx="0.60" fuel="10.71" electricity="0.00" noise="88.74" route="routebottom" type="cfm-slow" waiting="0.00" lane="bottom_0" pos="27.59" speed="14.19" angle="44.84" x="115.94" y="19.25"/>
        <vehicle id="cfm-slow_2" eclass="HBEFA3/PC_G_EU4" CO2="24969.03" CO="458.09" HC="2.70" NOx="11.37" PMx="0.60" fuel="10.73" electricity="0.00" noise="88.80" route="routebottom" type="cfm-slow" waiting="0.00" lane="bottom_0" pos="43.42" speed="14.20" angle="16.40" x="130.79" y="49.52"/>
        <vehicle id="cfm-slow_3" eclass="HBEFA3/PC_G_EU4" CO2="25299.99" CO="464.79" HC="2.74" NOx="11.53" PMx="0.61" fuel="10.88" electricity="0.00" noise="89.17" route="routebottom" type="cfm-slow" waiting="0.00" lane="right_0" pos="9.26" speed="14.21" angle="347.78" x="129.37" y="83.39"/>
        <vehicle id="cfm-slow_4" eclass="HBEFA3/PC_G_EU4" CO2="26737.76" CO="493.78" HC="2.91" NOx="12.21" PMx="0.65" fuel="11.49" electricity="0.00" noise="90.69" route="routeright" type="cfm-slow" waiting="0.00" lane="right_0" pos="25.11" speed="14.32" angle="319.27" x="111.99" y="112.34"/>
        <vehicle id="cfm-slow_5" eclass="HBEFA3/PC_G_EU4" CO2="30854.27" CO="575.93" HC="3.38" NOx="14.14" PMx="0.76" fuel="13.26" electricity="0.00" noise="94.63" route="routeright" type="cfm-slow" waiting="0.00" lane="right_0" pos="41.09" speed="14.79" angle="290.58" x="82.68" y="129.59"/>
    </timestep>
    <timestep time="1.33">
        <vehicle id="cfm-fast_0" eclass="HBEFA3/PC_G_EU4" CO2="36029.77" CO="675.70" HC="3.97" NOx="16.54" PMx="0.89" fuel="15.49" electricity="0.00" noise="97.63" route="routetop" type="cfm-fast" waiting="0.00" lane="top_0" pos="7.74" speed="16.23" angle="260.49" x="47.08" y="130.24"/>
        <vehicle id="cfm-fast_1" eclass="HBEFA3/PC_G_EU4" CO2="36612.24" CO="687.63" HC="4.04" NOx="16.82" PMx="0.90" fuel="15.74" electricity="0.00" noise="98.21" route="routetop" type="cfm-fast" waiting="0.00" lane="top_0" pos="23.58" speed="16.25" angle="232.04" x="17.37" y="114.29"/>
        <vehicle id="cfm-fast_2" eclass="HBEFA3/PC_G_EU4" CO2="41335.75" CO="784.22" HC="4.59" NOx="19.04" PMx="1.03" fuel="17.77" electricity="0.00" noise="102.76" route="routetop" type="cfm-fast" waiting="0.00" lane="top_0" pos="39.43" speed="16.41" angle="203.55" x="-1.17" y="86.09"/>
        <vehicle id="cfm-fast_3" eclass="HBEFA3/PC_G_EU4" CO2="65732.00" CO="1282.06" HC="7.47" NOx="30.52" PMx="1.66" fuel="28.25" electricity="0.00" noise="123.53" route="routetop" type="cfm-fast" waiting="0.00" lane="left_0" pos="5.47" speed="17.71" angle="174.64" x="-3.92" y="51.86"/>
        <vehicle id="cfm-fast_4" eclass="HBEFA3/PC_G_EU4" CO2="65847.58" CO="1284.35" HC="7.48" NOx="30.58" PMx="1.67" fuel="28.30" electricity="0.00" noise="123.54" route="routeleft" type="cfm-fast" waiting="0.00" lane="left_1" pos="21.31" speed="17.74" angle="146.10" x="12.47" y="23.13"/>
        <vehicle id="cfm-fast_5" eclass="HBEFA3/PC_G_EU4" CO2="54469.70" CO="1049.52" HC="6.13" NOx="25.20" PMx="1.37" fuel="23.41" electricity="0.00" noise="112.22" route="routeleft" type="cfm-fast" waiting="0.00" lane="left_0" pos="37.31" speed="17.95" angle="117.39" x="36.98" y="0.45"/>
        <vehicle id="cfm-slow_0" eclass="HBEFA3/PC_G_EU4" CO2="24800.53" CO="454.29" HC="2.68" NOx="11.29" PMx="0.60" fuel="10.66" electricity="0.00" noise="88.52" route="routebottom" type="cfm-slow" waiting="0.00" lane="bottom_0" pos="11.90" speed="14.25" angle="73.04" x="88.76" y="-0.18"/>
        <vehicle id="cfm-slow_1" eclass="HBEFA3/PC_G_EU4" CO2="24808.71" CO="454.45" HC="2.68" NOx="11.30" PMx="0.60" fuel="10.66" electricity="0.00" noise="88.52" route="routebottom" type="cfm-slow" waiting="0.00" lane="bottom_0" pos="27.73" speed="14.25" angle="44.57" x="116.14" y="19.48"/>
        <vehicle id="cfm-slow_2" eclass="HBEFA3/PC_G_EU4" CO2="24868.09" CO="455.66" HC="2.69" NOx="11.33" PMx="0.60" fuel="10.69" electricity="0.00" noise="88.59" route="routebottom" type="cfm-slow" waiting="0.00" lane="bottom_0" pos="43.56" speed="14.26" angle="16.17" x="130.86" y="49.82"/>
        <vehicle id="cfm-slow_3" eclass="HBEFA3/PC_G_EU4" CO2="25210.40" CO="462.60" HC="2.73" NOx="11.49" PMx="0.61" fuel="10.84" electricity="0.00" noise="88.97" route="routebottom" type="cfm-slow" waiting="0.00" lane="right_0" pos="9.40" speed="14.28" angle="347.53" x="129.28" y="83.69"/>
        <vehicle id="cfm-slow_4" eclass="HBEFA3/PC_G_EU4" CO2="26676.64" CO="492.15" HC="2.90" NOx="12.18" PMx="0.65" fuel="11.47" electricity="0.00" noise="90.51" route="routeright" type="cfm-slow" waiting="0.00" lane="right_0" pos="25.26" speed="14.39" angle="319.01" x="111.77" y="112.56"/>
        <vehicle id="cfm-slow_5" eclass="HBEFA3/PC_G_EU4" CO2="30811.97" CO="574.67" HC="3.38" NOx="14.12" PMx="0.75" fuel="13.24" electricity="0.00" noise="94.45" route="routeright" type="cfm-slow" waiting="0.00" lane="right_0" pos="41.24" speed="14.87" angle="290.31" x="82.37" y="129.67"/>
    </timestep>
    <timestep time="1.34">
        <vehicle id="cfm-fast_0" eclass="HBEFA3/PC_G_EU4" CO2="35901.09" CO="672.73" HC="3.95" NOx="16.48" PMx="0.89" fuel="15.43" electricity="0.00" noise="97.35" route="routetop" type="cfm-fast" waiting="0.00" lane="top_0" pos="7.90" speed="16.31" angle="260.19" x="46.74" y="130.15"/>
        <vehicle id="cfm-fast_1" eclass="HBEFA3/PC_G_EU4" CO2="36524.17" CO="685.50" HC="4.02" NOx="16.77" PMx="0.90" fuel="15.70" electricity="0.00" noise="97.97" route="routetop" type="cfm-fast" waiting="0.00" lane="top_0" pos="23.74" speed="16.33" angle="231.75" x="17.11" y="114.05"/>
        <vehicle id="cfm-fast_2" eclass="HBEFA3/PC_G_EU4" CO2="41436.26" CO="785.94" HC="4.60" NOx="19.09" PMx="1.03" fuel="17.81" electricity="0.00" noise="102.68" route="routetop" type="cfm-fast" waiting="0.00" lane="top_0" pos="39.59" speed="16.50" angle="203.24" x="-1.29" y="85.75"/>
        <vehicle id="cfm-fast_3" eclass="HBEFA3/PC_G_EU4" CO2="66237.08" CO="1292.07" HC="7.52" NOx="30.76" PMx="1.68" fuel="28.47" electricity="0.00" noise="123.59" route="routetop" type="cfm-fast" waiting="0.00" lane="left_0" pos="5.65" speed="17.84" angle="174.32" x="-3.85" y="51.49"/>
        <vehicle id="cfm-fast_4" eclass="HBEFA3/PC_G_EU4" CO2="66352.72" CO="1294.37" HC="7.54" NOx="30.81" PMx="1.68" fuel="28.52" electricity="0.00" noise="123.61" route="routeleft" type="cfm-fast" waiting="0.00" lane="left_1" pos="21.49" speed="17.88" angle="145.78" x="12.69" y="22.84"/>
        <vehicle id="cfm-fast_5" eclass="HBEFA3/PC_G_EU4" CO2="53954.38" CO="1038.63" HC="6.07" NOx="24.96" PMx="1.36" fuel="23.19" electricity="0.00" noise="111.48" route="routeleft" type="cfm-fast" waiting="0.00" lane="left_0" pos="37.49" speed="18.06" angle="117.06" x="37.34" y="0.30"/>
        <vehicle id="cfm-slow_0" eclass="HBEFA3/PC_G_EU4" CO2="24695.64" CO="451.78" HC="2.66" NOx="11.24" PMx="0.59" fuel="10.62" electricity="0.00" noise="88.30" route="routebottom" type="cfm-slow" waiting="0.00" lane="bottom_0" pos="12.04" speed="14.31" angle="72.78" x="89.04" y="-0.07"/>
        <vehicle id="cfm-slow_1" eclass="HBEFA3/PC_G_EU4" CO2="24704.33" CO="451.96" HC="2.67" NOx="11.25" PMx="0.60" fuel="10.62" electricity="0.00" noise="88.31" route="routebottom" type="cfm-slow" waiting="0.00" lane="bottom_0" pos="27.87" speed="14.31" angle="44.31" x="116.34" y="19.72"/>
        <vehicle id="cfm-slow_2" eclass="HBEFA3/PC_G_EU4" CO2="24766.55" CO="453.22" HC="2.67" NOx="11.28" PMx="0.60" fuel="10.65" electricity="0.00" noise="88.38" route="routebottom" type="cfm-slow" waiting="0.00" lane="bottom_0" pos="43.71" speed="14.32" angle="15.93" x="130.92" y="50.12"/>
        <vehicle id="cfm-slow_3" eclass="HBEFA3/PC_G_EU4" CO2="25120.39" CO="460.39" HC="2.71" NOx="11.44" PMx="0.61" fuel="10.80" electricity="0.00" noise="88.77" route="routebottom" type="cfm-slow" waiting="0.00" lane="right_0" pos="9.54" speed="14.34" angle="347.27" x="129.19" y="83.98"/>
        <vehicle id="cfm-slow_4" eclass="HBEFA3/PC_G_EU4" CO2="26615.01" CO="490.52" HC="2.89" NOx="12.15" PMx="0.64" fuel="11.44" electricity="0.00" noise="90.34" route="routeright" type="cfm-slow" waiting="0.00" lane="right_0" pos="25.40" speed="14.45" angle="318.74" x="111.55" y="112.78"/>
        <vehicle id="cfm-slow_5" eclass="HBEFA3/PC_G_EU4" CO2="30768.07" CO="573.39" HC="3.37" NOx="14.09" PMx="0.75" fuel="13.23" electricity="0.00" noise="94.27" route="routeright" type="cfm-slow" waiting="0.00" lane="right_0" pos="41.39" speed="14.94" angle="290.04" x="82.06" y="129.75"/>
    </timestep>
    <timestep time="1.35">
        <vehicle id="cfm-fast_0" eclass="HBEFA3/PC_G_EU4" CO2="35771.24" CO="669.75" HC="3.93" NOx="16.42" PMx="0.88" fuel="15.38" electricity="0.00" noise="97.08" route="routetop" type="cfm-fast" waiting="0.00" lane="top_0" pos="8.07" speed="16.39" angle="259.89" x="46.40" y="130.06"/>
        <vehicle id="cfm-fast_1" eclass="HBEFA3/PC_G_EU4" CO2="36436.40" CO="683.37" HC="4.01" NOx="16.73" PMx="0.90" fuel="15.66" electricity="0.00" noise="97.74" route="routetop" type="cfm-fast" waiting="0.00" lane="top_0" pos="23.90" speed="16.41" angle="231.45" x="16.85" y="113.81"/>
        <vehicle id="cfm-fast_2" eclass="HBEFA3/PC_G_EU4" CO2="41538.93" CO="787.70" HC="4.61" NOx="19.13" PMx="1.03" fuel="17.86" electricity="0.00" noise="102.60" route="routetop" type="cfm-fast" waiting="0.00" lane="top_0" pos="39.76" speed="16.59" angle="203.00" x="-1.41" y="85.42"/>
        <vehicle id="cfm-fast_3" eclass="HBEFA3/PC_G_EU4" CO2="66742.44" CO="1302.11" HC="7.58" NOx="30.99" PMx="1.69" fuel="28.69" electricity="0.00" noise="123.66" route="routetop" type="cfm-fast" waiting="0.00" lane="left_0" pos="5.83" speed="17.98" angle="173.99" x="-3.78" y="51.11"/>
        <vehicle id="cfm-fast_4" eclass="HBEFA3/PC_G_EU4" CO2="66858.15" CO="1304.41" HC="7.60" NOx="31.05" PMx="1.69" fuel="28.74" electricity="0.00" noise="123.67" route="routeleft" type="cfm-fast" waiting="0.00" lane="left_1" pos="21.67" speed="18.01" angle="145.46" x="12.92" y="22.55"/>
        <vehicle id="cfm-fast_5" eclass="HBEFA3/PC_G_EU4" CO2="53434.87" CO="1027.66" HC="6.00" NOx="24.71" PMx="1.34" fuel="22.97" electricity="0.00" noise="110.75" route="routeleft" type="cfm-fast" waiting="0.00" lane="left_0" pos="37.67" speed="18.16" angle="116.73" x="37.71" y="0.16"/>
        <vehicle id="cfm-slow_0" eclass="HBEFA3/PC_G_EU4" CO2="24590.08" CO="449.27" HC="2.65" NOx="11.19" PMx="0.59" fuel="10.57" electricity="0.00" noise="88.09" route="routebottom" type="cfm-slow" waiting="0.00" lane="bottom_0" pos="12.18" speed="14.37" angle="72.53" x="89.33" y="0.05"/>
        <vehicle id="cfm-slow_1" eclass="HBEFA3/PC_G_EU4" CO2="24599.29" CO="449.46" HC="2.65" NOx="11.20" PMx="0.59" fuel="10.57" electricity="0.00" noise="88.10" route="routebottom" type="cfm-slow" waiting="0.00" lane="bottom_0" pos="28.02" speed="14.37" angle="44.04" x="116.54" y="19.96"/>
        <vehicle id="cfm-slow_2" eclass="HBEFA3/PC_G_EU4" CO2="24664.44" CO="450.78" HC="2.66" NOx="11.23" PMx="0.59" fuel="10.60" electricity="0.00" noise="88.17" route="routebottom" type="cfm-slow" waiting="0.00" lane="bottom_0" pos="43.85" speed="14.38" angle="15.65" x="130.98" y="50.42"/>
        <vehicle id="cfm-slow_3" eclass="HBEFA3/PC_G_EU4" CO2="25029.98" CO="458.19" HC="2.70" NOx="11.40" PMx="0.60" fuel="10.76" electricity="0.00" noise="88.57" route="routebottom" type="cfm-slow" waiting="0.00" lane="right_0" pos="9.69" speed="14.40" angle="347.01" x="129.10" y="84.28"/>
        <vehicle id="cfm-slow_4" eclass="HBEFA3/PC_G_EU4" CO2="26552.88" CO="488.88" HC="2.88" NOx="12.11" PMx="0.64" fuel="11.41" electricity="0.00" noise="90.16" route="routeright" type="cfm-slow" waiting="0.00" lane="right_0" pos="25.55" speed="14.51" angle="318.49" x="111.33" y="113.00"/>
        <vehicle id="cfm-slow_5" eclass="HBEFA3/PC_G_EU4" CO2="30722.60" CO="572.08" HC="3.36" NOx="14.07" PMx="0.75" fuel="13.21" electricity="0.00" noise="94.09" route="routeright" type="cfm-slow" waiting="0.00" lane="right_0" pos="41.54" speed="15.01" angle="289.77" x="81.75" y="129.84"/>
    </timestep>
    <timestep time="1.36">
        <vehicle id="cfm-fast_0" eclass="HBEFA3/PC_G_EU4" CO2="35640.30" CO="666.75" HC="3.92" NOx="16.35" PMx="0.88" fuel="15.32" electricity="0.00" noise="96.81" route="routetop" type="cfm-fast" waiting="0.00" lane="top_0" pos="8.23" speed="16.47" angle="259.59" x="46.06" y="129.96"/>
        <vehicle id="cfm-fast_1" eclass="HBEFA3/PC_G_EU4" CO2="36349.00" CO="681.26" HC="4.00" NOx="16.69" PMx="0.90" fuel="15.62" electricity="0.00" noise="97.51" route="routetop" type="cfm-fast" waiting="0.00" lane="top_0" pos="24.07" speed="16.48" angle="231.16" x="16.59" y="113.57"/>
        <vehicle id="cfm-fast_2" eclass="HBEFA3/PC_G_EU4" CO2="41643.79" CO="789.52" HC="4.62" NOx="19.18" PMx="1.04" fuel="17.90" electricity="0.00" noise="102.52" route="routetop" type="cfm-fast" waiting="0.00" lane="top_0" pos="39.93" speed="16.68" angle="202.69" x="-1.52" y="85.07"/>
        <vehicle id="cfm-fast_3" eclass="HBEFA3/PC_G_EU4" CO2="67248.10" CO="1312.17" HC="7.64" NOx="31.23" PMx="1.70" fuel="28.91" electricity="0.00" noise="123.72" route="routetop" type="cfm-fast" waiting="0.00" lane="left_0" pos="6.01" speed="18.12" angle="173.66" x="-3.71" y="50.72"/>
        <vehicle id="cfm-fast_4" eclass="HBEFA3/PC_G_EU4" CO2="67363.87" CO="1314.47" HC="7.65" NOx="31.28" PMx="1.71" fuel="28.96" electricity="0.00" noise="123.73" route="routeleft" type="cfm-fast" waiting="0.00" lane="left_1" pos="21.85" speed="18.15" angle="145.18" x="13.15" y="22.26"/>
        <vehicle id="cfm-fast_5" eclass="HBEFA3/PC_G_EU4" CO2="52911.54" CO="1016.63" HC="5.94" NOx="24.46" PMx="1.33" fuel="22.74" electricity="0.00" noise="110.03" route="routeleft" type="cfm-fast" waiting="0.00" lane="left_0" pos="37.85" speed="18.27" angle="116.39" x="38.07" y="0.01"/>
        <vehicle id="cfm-slow_0" eclass="HBEFA3/PC_G_EU4" CO2="24483.88" CO="446.75" HC="2.64" NOx="11.14" PMx="0.59" fuel="10.52" electricity="0.00" noise="87.88" route="routebottom" type="cfm-slow" waiting="0.00" lane="bottom_0" pos="12.33" speed="14.43" angle="72.27" x="89.62" y="0.16"/>
        <vehicle id="cfm-slow_1" eclass="HBEFA3/PC_G_EU4" CO2="24493.65" CO="446.95" HC="2.64" NOx="11.14" PMx="0.59" fuel="10.53" electricity="0.00" noise="87.89" route="routebottom" type="cfm-slow" waiting="0.00" lane="bottom_0" pos="28.16" speed="14.43" angle="43.80" x="116.74" y="20.19"/>
        <vehicle id="cfm-slow_2" eclass="HBEFA3/PC_G_EU4" CO2="24561.81" CO="448.34" HC="2.65" NOx="11.18" PMx="0.59" fuel="10.56" electricity="0.00" noise="87.97" route="routebottom" type="cfm-slow" waiting="0.00" lane="bottom_0" pos="43.99" speed="14.43" angle="15.38" x="131.03" y="50.73"/>
        <vehicle id="cfm-slow_3" eclass="HBEFA3/PC_G_EU4" CO2="24939.23" CO="455.99" HC="2.69" NOx="11.35" PMx="0.60" fuel="10.72" electricity="0.00" noise="88.37" route="routebottom" type="cfm-slow" waiting="0.00" lane="right_0" pos="9.83" speed="14.46" angle="346.75" x="129.00" y="84.57"/>
        <vehicle id="cfm-slow_4" eclass="HBEFA3/PC_G_EU4" CO2="26490.29" CO="487.24" HC="2.87" NOx="12.08" PMx="0.64" fuel="11.39" electricity="0.00" noise="89.99" route="routeright" type="cfm-slow" waiting="0.00" lane="right_0" pos="25.69" speed="14.58" angle="318.26" x="111.11" y="113.22"/>
        <vehicle id="cfm-slow_5" eclass="HBEFA3/PC_G_EU4" CO2="30675.59" CO="570.75" HC="3.36" NOx="14.05" PMx="0.75" fuel="13.19" electricity="0.00" noise="93.91" route="routeright" type="cfm-slow" waiting="0.00" lane="right_0" pos="41.69" speed="15.08" angle="289.50" x="81.43" y="129.92"/>
    </timestep>
    <timestep time="1.37">
        <vehicle id="cfm-fast_0" eclass="HBEFA3/PC_G_EU4" CO2="35508.35" CO="663.73" HC="3.90" NOx="16.29" PMx="0.88" fuel="15.26" electricity="0.00" noise="96.55" route="routetop" type="cfm-fast" waiting="0.00" lane="top_0" pos="8.40" speed="16.54" angle="259.29" x="45.71" y="129.87"/>
        <vehicle id="cfm-fast_1" eclass="HBEFA3/PC_G_EU4" CO2="36262.07" CO="679.17" HC="3.99" NOx="16.65" PMx="0.90" fuel="15.59" electricity="0.00" noise="97.28" route="routetop" type="cfm-fast" waiting="0.00" lane="top_0" pos="24.23" speed="16.56" angle="230.86" x="16.33" y="113.33"/>
        <vehicle id="cfm-fast_2" eclass="HBEFA3/PC_G_EU4" CO2="41750.87" CO="791.40" HC="4.64" NOx="19.23" PMx="1.04" fuel="17.95" electricity="0.00" noise="102.45" route="routetop" type="cfm-fast" waiting="0.00" lane="top_0" pos="40.09" speed="16.77" angle="202.38" x="-1.63" y="84.73"/>
        <vehicle id="cfm-fast_3" eclass="HBEFA3/PC_G_EU4" CO2="67754.05" CO="1322.24" HC="7.70" NOx="31.46" PMx="1.72" fuel="29.12" electricity="0.00" noise="123.78" route="routetop" type="cfm-fast" waiting="0.00" lane="left_0" pos="6.19" speed="18.25" angle="173.32" x="-3.64" y="50.34"/>
        <vehicle id="cfm-fast_4" eclass="HBEFA3/PC_G_EU4" CO2="67869.89" CO="1324.55" HC="7.71" NOx="31.52" PMx="1.72" fuel="29.17" electricity="0.00" noise="123.80" route="routeleft" type="cfm-fast" waiting="0.00" lane="left_1" pos="22.04" speed="18.28" angle="144.83" x="13.40" y="21.98"/>
        <vehicle id="cfm-fast_5" eclass="HBEFA3/PC_G_EU4" CO2="52384.74" CO="1005.54" HC="5.88" NOx="24.21" PMx="1.32" fuel="22.52" electricity="0.00" noise="109.32" route="routeleft" type="cfm-fast" waiting="0.00" lane="left_0" pos="38.04" speed="18.37" angle="116.05" x="38.44" y="-0.13"/>
        <vehicle id="cfm-slow_0" eclass="HBEFA3/PC_G_EU4" CO2="24377.08" CO="444.23" HC="2.62" NOx="11.09" PMx="0.59" fuel="10.48" electricity="0.00" noise="87.67" route="routebottom" type="cfm-slow" waiting="0.00" lane="bottom_0" pos="12.47" speed="14.49" angle="72.01" x="89.91" y="0.28"/>
        <vehicle id="cfm-slow_1" eclass="HBEFA3/PC_G_EU4" CO2="24387.43" CO="444.44" HC="2.62" NOx="11.09" PMx="0.59" fuel="10.48" electricity="0.00" noise="87.68" route="routebottom" type="cfm-slow" waiting="0.00" lane="bottom_0" pos="28.31" speed="14.49" angle="43.56" x="116.93" y="20.44"/>
        <vehicle id="cfm-slow_2" eclass="HBEFA3/PC_G_EU4" CO2="24458.69" CO="445.89" HC="2.63" NOx="11.13" PMx="0.59" fuel="10.51" electricity="0.00" noise="87.76" route="routebottom" type="cfm-slow" waiting="0.00" lane="bottom_0" pos="44.14" speed="14.49" angle="15.11" x="131.09" y="51.03"/>
        <vehicle id="cfm-slow_3" eclass="HBEFA3/PC_G_EU4" CO2="24848.15" CO="453.78" HC="2.68" NOx="11.31" PMx="0.60" fuel="10.68" electricity="0.00" noise="88.18" route="routebottom" type="cfm-slow" waiting="0.00" lane="right_0" pos="9.98" speed="14.52" angle="346.49" x="128.91" y="84.87"/>
        <vehicle id="cfm-slow_4" eclass="HBEFA3/PC_G_EU4" CO2="26427.25" CO="485.60" HC="2.86" NOx="12.05" PMx="0.64" fuel="11.36" electricity="0.00" noise="89.82" route="routeright" type="cfm-slow" waiting="0.00" lane="right_0" pos="25.84" speed="14.64" angle="318.00" x="110.88" y="113.43"/>
        <vehicle id="cfm-slow_5" eclass="HBEFA3/PC_G_EU4" CO2="30627.09" CO="569.39" HC="3.35" NOx="14.02" PMx="0.75" fuel="13.17" electricity="0.00" noise="93.73" route="routeright" type="cfm-slow" waiting="0.00" lane="right_0" pos="41.84" speed="15.15" angle="289.22" x="81.12" y="130.00"/>
    </timestep>
    <timestep time="1.38">
        <vehicle id="cfm-fast_0" eclass="HBEFA3/PC_G_EU4" CO2="35375.45" CO="660.71" HC="3.88" NOx="16.23" PMx="0.87" fuel="15.21" electricity="0.00" noise="96.28" route="routetop" type="cfm-fast" waiting="0.00" lane="top_0" pos="8.56" speed="16.62" angle="258.99" x="45.37" y="129.78"/>
        <vehicle id="cfm-fast_1" eclass="HBEFA3/PC_G_EU4" CO2="36175.68" CO="677.10" HC="3.98" NOx="16.60" PMx="0.89" fuel="15.55" electricity="0.00" noise="97.06" route="routetop" type="cfm-fast" waiting="0.00" lane="top_0" pos="24.40" speed="16.64" angle="230.61" x="16.07" y="113.08"/>
        <vehicle id="cfm-fast_2" eclass="HBEFA3/PC_G_EU4" CO2="41860.20" CO="793.33" HC="4.65" NOx="19.28" PMx="1.04" fuel="17.99" electricity="0.00" noise="102.38" route="routetop" type="cfm-fast" waiting="0.00" lane="top_0" pos="40.26" speed="16.86" angle="202.06" x="-1.73" y="84.38"/>
        <vehicle id="cfm-fast_3" eclass="HBEFA3/PC_G_EU4" CO2="68260.29" CO="1332.35" HC="7.76" NOx="31.70" PMx="1.73" fuel="29.34" electricity="0.00" noise="123.85" route="routetop" type="cfm-fast" waiting="0.00" lane="left_0" pos="6.37" speed="18.39" angle="173.04" x="-3.57" y="49.95"/>
        <vehicle id="cfm-fast_4" eclass="HBEFA3/PC_G_EU4" CO2="68376.20" CO="1334.66" HC="7.77" NOx="31.75" PMx="1.73" fuel="29.39" electricity="0.00" noise="123.86" route="routeleft" type="cfm-fast" waiting="0.00" lane="left_1" pos="22.22" speed="18.42" angle="144.49" x="13.64" y="21.69"/>
        <vehicle id="cfm-fast_5" eclass="HBEFA3/PC_G_EU4" CO2="51854.82" CO="994.40" HC="5.81" NOx="23.96" PMx="1.30" fuel="22.29" electricity="0.00" noise="108.61" route="routeleft" type="cfm-fast" waiting="0.00" lane="left_0" pos="38.22" speed="18.47" angle="115.71" x="38.81" y="-0.28"/>
        <vehicle id="cfm-slow_0" eclass="HBEFA3/PC_G_EU4" CO2="24269.71" CO="441.70" HC="2.61" NOx="11.04" PMx="0.58" fuel="10.43" electricity="0.00" noise="87.47" route="routebottom" type="cfm-slow" waiting="0.00" lane="bottom_0" pos="12.62" speed="14.55" angle="71.75" x="90.20" y="0.39"/>
        <vehicle id="cfm-slow_1" eclass="HBEFA3/PC_G_EU4" CO2="24280.66" CO="441.92" HC="2.61" NOx="11.04" PMx="0.58" fuel="10.44" electricity="0.00" noise="87.48" route="routebottom" type="cfm-slow" waiting="0.00" lane="bottom_0" pos="28.45" speed="14.55" angle="43.29" x="117.12" y="20.68"/>
        <vehicle id="cfm-slow_2" eclass="HBEFA3/PC_G_EU4" CO2="24355.12" CO="443.44" HC="2.62" NOx="11.08" PMx="0.59" fuel="10.47" electricity="0.00" noise="87.56" route="routebottom" type="cfm-slow" waiting="0.00" lane="bottom_0" pos="44.28" speed="14.55" angle="14.83" x="131.15" y="51.34"/>
        <vehicle id="cfm-slow_3" eclass="HBEFA3/PC_G_EU4" CO2="24756.78" CO="451.57" HC="2.67" NOx="11.27" PMx="0.60" fuel="10.64" electricity="0.00" noise="87.99" route="routebottom" type="cfm-slow" waiting="0.00" lane="right_0" pos="10.12" speed="14.57" angle="346.24" x="128.82" y="85.17"/>
        <vehicle id="cfm-slow_4" eclass="HBEFA3/PC_G_EU4" CO2="26363.79" CO="483.96" HC="2.85" NOx="12.02" PMx="0.64" fuel="11.33" electricity="0.00" noise="89.65" route="routeright" type="cfm-slow" waiting="0.00" lane="right_0" pos="25.99" speed="14.70" angle="317.73" x="110.64" y="113.65"/>
        <vehicle id="cfm-slow_5" eclass="HBEFA3/PC_G_EU4" CO2="30577.12" CO="568.01" HC="3.34" NOx="14.00" PMx="0.75" fuel="13.14" electricity="0.00" noise="93.55" route="routeright" type="cfm-slow" waiting="0.00" lane="right_0" pos="41.99" speed="15.22" angle="288.95" x="80.80" y="130.09"/>
    </timestep>
    <timestep time="1.39">
        <vehicle id="cfm-fast_0" eclass="HBEFA3/PC_G_EU4" CO2="35241.70" CO="657.67" HC="3.86" NOx="16.16" PMx="0.87" fuel="15.15" electricity="0.00" noise="96.03" route="routetop" type="cfm-fast" waiting="0.00" lane="top_0" pos="8.73" speed="16.69" angle="258.68" x="45.02" y="129.69"/>
        <vehicle id="cfm-fast_1" eclass="HBEFA3/PC_G_EU4" CO2="36089.91" CO="675.05" HC="3.97" NOx="16.56" PMx="0.89" fuel="15.51" electricity="0.00" noise="96.84" route="routetop" type="cfm-fast" waiting="0.00" lane="top_0" pos="24.57" speed="16.72" angle="230.30" x="15.82" y="112.83"/>
        <vehicle id="cfm-fast_2" eclass="HBEFA3/PC_G_EU4" CO2="41971.81" CO="795.31" HC="4.66" NOx="19.33" PMx="1.04" fuel="18.04" electricity="0.00" noise="102.31" route="routetop" type="cfm-fast" waiting="0.00" lane="top_0" pos="40.43" speed="16.95" angle="201.75" x="-1.84" y="84.03"/>
        <vehicle id="cfm-fast_3" eclass="HBEFA3/PC_G_EU4" CO2="68766.83" CO="1342.47" HC="7.82" NOx="31.94" PMx="1.74" fuel="29.56" electricity="0.00" noise="123.91" route="routetop" type="cfm-fast" waiting="0.00" lane="left_0" pos="6.56" speed="18.53" angle="172.69" x="-3.48" y="49.56"/>
        <vehicle id="cfm-fast_4" eclass="HBEFA3/PC_G_EU4" CO2="68882.80" CO="1344.79" HC="7.83" NOx="31.99" PMx="1.75" fuel="29.61" electricity="0.00" noise="123.93" route="routeleft" type="cfm-fast" waiting="0.00" lane="left_1" pos="22.41" speed="18.56" angle="144.14" x="13.89" y="21.40"/>
        <vehicle id="cfm-fast_5" eclass="HBEFA3/PC_G_EU4" CO2="51322.11" CO="983.21" HC="5.75" NOx="23.70" PMx="1.29" fuel="22.06" electricity="0.00" noise="107.92" route="routeleft" type="cfm-fast" waiting="0.00" lane="left_0" pos="38.41" speed="18.57" angle="115.39" x="39.18" y="-0.43"/>
        <vehicle id="cfm-slow_0" eclass="HBEFA3/PC_G_EU4" CO2="24161.81" CO="439.16" HC="2.59" NOx="10.98" PMx="0.58" fuel="10.39" electricity="0.00" noise="87.26" route="routebottom" type="cfm-slow" waiting="0.00" lane="bottom_0" pos="12.76" speed="14.60" angle="71.53" x="90.49" y="0.51"/>
        <vehicle id="cfm-slow_1" eclass="HBEFA3/PC_G_EU4" CO2="24173.38" CO="439.40" HC="2.60" NOx="10.99" PMx="0.58" fuel="10.39" electricity="0.00" noise="87.28" route="routebottom" type="cfm-slow" waiting="0.00" lane="bottom_0" pos="28.60" speed="14.60" angle="43.02" x="117.32" y="20.93"/>
        <vehicle id="cfm-slow_2" eclass="HBEFA3/PC_G_EU4" CO2="24251.12" CO="440.98" HC="2.60" NOx="11.03" PMx="0.58" fuel="10.42" electricity="0.00" noise="87.36" route="routebottom" type="cfm-slow" waiting="0.00" lane="bottom_0" pos="44.43" speed="14.61" angle="14.55" x="131.20" y="51.65"/>
        <vehicle id="cfm-slow_3" eclass="HBEFA3/PC_G_EU4" CO2="24665.16" CO="449.37" HC="2.65" NOx="11.22" PMx="0.59" fuel="10.60" electricity="0.00" noise="87.80" route="routebottom" type="cfm-slow" waiting="0.00" lane="right_0" pos="10.27" speed="14.63" angle="346.02" x="128.72" y="85.47"/>
        <vehicle id="cfm-slow_4" eclass="HBEFA3/PC_G_EU4" CO2="26299.93" CO="482.31" HC="2.84" NOx="11.99" PMx="0.64" fuel="11.31" electricity="0.00" noise="89.48" route="routeright" type="cfm-slow" waiting="0.00" lane="right_0" pos="26.13" speed="14.77" angle="317.46" x="110.41" y="113.86"/>
        <vehicle id="cfm-slow_5" eclass="HBEFA3/PC_G_EU4" CO2="30525.73" CO="566.60" HC="3.33" NOx="13.97" PMx="0.75" fuel="13.12" electricity="0.00" noise="93.38" route="routeright" type="cfm-slow" waiting="0.00" lane="right_0" pos="42.15" speed="15.30" angle="288.67" x="80.48" y="130.17"/>
    </timestep>
    <timestep time="1.40">
        <vehicle id="cfm-fast_0" eclass="HBEFA3/PC_G_EU4" CO2="35107.15" CO="654.63" HC="3.85" NOx="16.10" PMx="0.87" fuel="15.09" electricity="0.00" noise="95.77" route="routetop" type="cfm-fast" waiting="0.00" lane="top_0" pos="8.90" speed="16.77" angle="258.42" x="44.67" y="129.59"/>
        <vehicle id="cfm-fast_1" eclass="HBEFA3/PC_G_EU4" CO2="36004.82" CO="673.02" HC="3.95" NOx="16.52" PMx="0.89" fuel="15.48" electricity="0.00" noise="96.63" route="routetop" type="cfm-fast" waiting="0.00" lane="top_0" pos="24.74" speed="16.79" angle="230.00" x="15.56" y="112.57"/>
        <vehicle id="cfm-fast_2" eclass="HBEFA3/PC_G_EU4" CO2="42085.72" CO="797.34" HC="4.67" NOx="19.38" PMx="1.05" fuel="18.09" electricity="0.00" noise="102.25" route="routetop" type="cfm-fast" waiting="0.00" lane="top_0" pos="40.60" speed="17.04" angle="201.43" x="-1.95" y="83.68"/>
        <vehicle id="cfm-fast_3" eclass="HBEFA3/PC_G_EU4" CO2="69273.65" CO="1352.61" HC="7.88" NOx="32.17" PMx="1.76" fuel="29.78" electricity="0.00" noise="123.97" route="routetop" type="cfm-fast" waiting="0.00" lane="left_0" pos="6.75" speed="18.66" angle="172.33" x="-3.39" y="49.17"/>
        <vehicle id="cfm-fast_4" eclass="HBEFA3/PC_G_EU4" CO2="69389.69" CO="1354.93" HC="7.89" NOx="32.23" PMx="1.76" fuel="29.83" electricity="0.00" noise="123.99" route="routeleft" type="cfm-fast" waiting="0.00" lane="left_1" pos="22.59" speed="18.69" angle="143.79" x="14.14" y="21.11"/>
        <vehicle id="cfm-fast_5" eclass="HBEFA3/PC_G_EU4" CO2="50786.94" CO="971.98" HC="5.68" NOx="23.45" PMx="1.27" fuel="21.83" electricity="0.00" noise="107.24" route="routeleft" type="cfm-fast" waiting="0.00" lane="left_0" pos="38.59" speed="18.67" angle="115.08" x="39.55" y="-0.57"/>
        <vehicle id="cfm-slow_0" eclass="HBEFA3/PC_G_EU4" CO2="24053.40" CO="436.62" HC="2.58" NOx="10.93" PMx="0.58" fuel="10.34" electricity="0.00" noise="87.06" route="routebottom" type="cfm-slow" waiting="0.00" lane="bottom_0" pos="12.91" speed="14.66" angle="71.27" x="90.78" y="0.64"/>
        <vehicle id="cfm-slow_1" eclass="HBEFA3/PC_G_EU4" CO2="24065.63" CO="436.87" HC="2.58" NOx="10.94" PMx="0.58" fuel="10.34" electricity="0.00" noise="87.08" route="routebottom" type="cfm-slow" waiting="0.00" lane="bottom_0" pos="28.74" speed="14.66" angle="42.74" x="117.51" y="21.18"/>
        <vehicle id="cfm-slow_2" eclass="HBEFA3/PC_G_EU4" CO2="24146.75" CO="438.52" HC="2.59" NOx="10.98" PMx="0.58" fuel="10.38" electricity="0.00" noise="87.16" route="routebottom" type="cfm-slow" waiting="0.00" lane="bottom_0" pos="44.58" speed="14.66" angle="14.28" x="131.26" y="51.96"/>
        <vehicle id="cfm-slow_3" eclass="HBEFA3/PC_G_EU4" CO2="24573.31" CO="447.16" HC="2.64" NOx="11.18" PMx="0.59" fuel="10.56" electricity="0.00" noise="87.62" route="routebottom" type="cfm-slow" waiting="0.00" lane="right_0" pos="10.42" speed="14.69" angle="345.74" x="128.62" y="85.77"/>
        <vehicle id="cfm-slow_4" eclass="HBEFA3/PC_G_EU4" CO2="26235.70" CO="480.66" HC="2.83" NOx="11.96" PMx="0.63" fuel="11.28" electricity="0.00" noise="89.32" route="routeright" type="cfm-slow" waiting="0.00" lane="right_0" pos="26.28" speed="14.83" angle="317.19" x="110.18" y="114.08"/>
        <vehicle id="cfm-slow_5" eclass="HBEFA3/PC_G_EU4" CO2="30472.95" CO="565.18" HC="3.32" NOx="13.94" PMx="0.74" fuel="13.10" electricity="0.00" noise="93.20" route="routeright" type="cfm-slow" waiting="0.00" lane="right_0" pos="42.30" speed="15.37" angle="288.43" x="80.16" y="130.26"/>
    </timestep>
    <timestep time="1.41">
        <vehicle id="cfm-fast_0" eclass="HBEFA3/PC_G_EU4" CO2="34971.89" CO="651.58" HC="3.83" NOx="16.03" PMx="0.86" fuel="15.03" electricity="0.00" noise="95.51" route="routetop" type="cfm-fast" waiting="0.00" lane="top_0" pos="9.07" speed="16.84" angle="258.13" x="44.33" y="129.49"/>
        <vehicle id="cfm-fast_1" eclass="HBEFA3/PC_G_EU4" CO2="35920.50" CO="671.01" HC="3.94" NOx="16.48" PMx="0.89" fuel="15.44" electricity="0.00" noise="96.42" route="routetop" type="cfm-fast" waiting="0.00" lane="top_0" pos="24.90" speed="16.87" angle="229.69" x="15.31" y="112.32"/>
        <vehicle id="cfm-fast_2" eclass="HBEFA3/PC_G_EU4" CO2="42201.95" CO="799.44" HC="4.68" NOx="19.43" PMx="1.05" fuel="18.14" electricity="0.00" noise="102.19" route="routetop" type="cfm-fast" waiting="0.00" lane="top_0" pos="40.77" speed="17.13" angle="201.11" x="-2.06" y="83.33"/>
        <vehicle id="cfm-fast_3" eclass="HBEFA3/PC_G_EU4" CO2="69780.77" CO="1362.77" HC="7.94" NOx="32.41" PMx="1.77" fuel="30.00" electricity="0.00" noise="124.04" route="routetop" type="cfm-fast" waiting="0.00" lane="left_0" pos="6.93" speed="18.80" angle="171.97" x="-3.30" y="48.77"/>
        <vehicle id="cfm-fast_4" eclass="HBEFA3/PC_G_EU4" CO2="69896.88" CO="1365.10" HC="7.95" NOx="32.46" PMx="1.77" fuel="30.05" electricity="0.00" noise="124.05" route="routeleft" type="cfm-fast" waiting="0.00" lane="left_1" pos="22.78" speed="18.83" angle="143.44" x="14.39" y="20.81"/>
        <vehicle id="cfm-fast_5" eclass="HBEFA3/PC_G_EU4" CO2="50249.61" CO="960.72" HC="5.62" NOx="23.19" PMx="1.26" fuel="21.60" electricity="0.00" noise="106.56" route="routeleft" type="cfm-fast" waiting="0.00" lane="left_0" pos="38.78" speed="18.77" angle="114.74" x="39.93" y="-0.71"/>
        <vehicle id="cfm-slow_0" eclass="HBEFA3/PC_G_EU4" CO2="23944.53" CO="434.08" HC="2.57" NOx="10.88" PMx="0.57" fuel="10.29" electricity="0.00" noise="86.86" route="routebottom" type="cfm-slow" waiting="0.00" lane="bottom_0" pos="13.06" speed="14.72" angle="71.00" x="91.07" y="0.77"/>
        <vehicle id="cfm-slow_1" eclass="HBEFA3/PC_G_EU4" CO2="23957.43" CO="434.34" HC="2.57" NOx="10.88" PMx="0.58" fuel="10.30" electricity="0.00" noise="86.88" route="routebottom" type="cfm-slow" waiting="0.00" lane="bottom_0" pos="28.89" speed="14.72" angle="42.47" x="117.71" y="21.43"/>
        <vehicle id="cfm-slow_2" eclass="HBEFA3/PC_G_EU4" CO2="24042.02" CO="436.06" HC="2.58" NOx="10.92" PMx="0.58" fuel="10.33" electricity="0.00" noise="86.97" route="routebottom" type="cfm-slow" waiting="0.00" lane="bottom_0" pos="44.72" speed="14.72" angle="14.00" x="131.32" y="52.27"/>
        <vehicle id="cfm-slow_3" eclass="HBEFA3/PC_G_EU4" CO2="24481.26" CO="444.96" HC="2.63" NOx="11.13" PMx="0.59" fuel="10.52" electricity="0.00" noise="87.43" route="routebottom" type="cfm-slow" waiting="0.00" lane="right_0" pos="10.56" speed="14.75" angle="345.46" x="128.51" y="86.07"/>
        <vehicle id="cfm-slow_4" eclass="HBEFA3/PC_G_EU4" CO2="26171.10" CO="479.01" HC="2.83" NOx="11.92" PMx="0.63" fuel="11.25" electricity="0.00" noise="89.15" route="routeright" type="cfm-slow" waiting="0.00" lane="right_0" pos="26.43" speed="14.89" angle="316.92" x="109.94" y="114.30"/>
        <vehicle id="cfm-slow_5" eclass="HBEFA3/PC_G_EU4" CO2="30418.81" CO="563.73" HC="3.32" NOx="13.92" PMx="0.74" fuel="13.08" electricity="0.00" noise="93.03" route="routeright" type="cfm-slow" waiting="0.00" lane="right_0" pos="42.45" speed="15.43" angle="288.17" x="79.84" y="130.34"/>
    </timestep>
    <timestep time="1.42">
        <vehicle id="cfm-fast_0" eclass="HBEFA3/PC_G_EU4" CO2="34835.98" CO="648.52" HC="3.81" NOx="15.96" PMx="0.86" fuel="14.97" electricity="0.00" noise="95.26" route="routetop" type="cfm-fast" waiting="0.00" lane="top_0" pos="9.24" speed="16.91" angle="257.82" x="43.98" y="129.38"/>
        <vehicle id="cfm-fast_1" eclass="HBEFA3/PC_G_EU4" CO2="35837.00" CO="669.02" HC="3.93" NOx="16.44" PMx="0.88" fuel="15.40" electricity="0.00" noise="96.21" route="routetop" type="cfm-fast" waiting="0.00" lane="top_0" pos="25.07" speed="16.94" angle="229.38" x="15.05" y="112.06"/>
        <vehicle id="cfm-fast_2" eclass="HBEFA3/PC_G_EU4" CO2="42320.52" CO="801.58" HC="4.70" NOx="19.49" PMx="1.05" fuel="18.19" electricity="0.00" noise="102.14" route="routetop" type="cfm-fast" waiting="0.00" lane="top_0" pos="40.94" speed="17.21" angle="200.80" x="-2.17" y="82.98"/>
        <vehicle id="cfm-fast_3" eclass="HBEFA3/PC_G_EU4" CO2="70288.18" CO="1372.96" HC="7.99" NOx="32.64" PMx="1.78" fuel="30.21" electricity="0.00" noise="124.10" route="routetop" type="cfm-fast" waiting="0.00" lane="left_0" pos="7.12" speed="18.94" angle="171.60" x="-3.21" y="48.38"/>
        <vehicle id="cfm-fast_4" eclass="HBEFA3/PC_G_EU4" CO2="70404.36" CO="1375.30" HC="8.01" NOx="32.70" PMx="1.79" fuel="30.26" electricity="0.00" noise="124.12" route="routeleft" type="cfm-fast" waiting="0.00" lane="left_1" pos="22.97" speed="18.97" angle="143.10" x="14.64" y="20.52"/>
        <vehicle id="cfm-fast_5" eclass="HBEFA3/PC_G_EU4" CO2="49710.43" CO="949.44" HC="5.55" NOx="22.94" PMx="1.25" fuel="21.37" electricity="0.00" noise="105.89" route="routeleft" type="cfm-fast" waiting="0.00" lane="left_0" pos="38.97" speed="18.86" angle="114.39" x="40.32" y="-0.84"/>
        <vehicle id="cfm-slow_0" eclass="HBEFA3/PC_G_EU4" CO2="23835.21" CO="431.53" HC="2.55" NOx="10.83" PMx="0.57" fuel="10.25" electricity="0.00" noise="86.66" route="routebottom" type="cfm-slow" waiting="0.00" lane="bottom_0" pos="13.20" speed="14.77" angle="70.73" x="91.36" y="0.90"/>
        <vehicle id="cfm-slow_1" eclass="HBEFA3/PC_G_EU4" CO2="23848.82" CO="431.81" HC="2.55" NOx="10.83" PMx="0.57" fuel="10.25" electricity="0.00" noise="86.68" route="routebottom" type="cfm-slow" waiting="0.00" lane="bottom_0" pos="29.04" speed="14.77" angle="42.20" x="117.90" y="21.68"/>
        <vehicle id="cfm-slow_2" eclass="HBEFA3/PC_G_EU4" CO2="23936.97" CO="433.60" HC="2.56" NOx="10.87" PMx="0.57" fuel="10.29" electricity="0.00" noise="86.77" route="routebottom" type="cfm-slow" waiting="0.00" lane="bottom_0" pos="44.87" speed="14.78" angle="13.78" x="131.38" y="52.59"/>
        <vehicle id="cfm-slow_3" eclass="HBEFA3/PC_G_EU4" CO2="24389.05" CO="442.76" HC="2.62" NOx="11.09" PMx="0.59" fuel="10.48" electricity="0.00" noise="87.25" route="routebottom" type="cfm-slow" waiting="0.00" lane="right_0" pos="10.71" speed="14.80" angle="345.18" x="128.40" y="86.37"/>
        <vehicle id="cfm-slow_4" eclass="HBEFA3/PC_G_EU4" CO2="26106.17" CO="477.36" HC="2.82" NOx="11.89" PMx="0.63" fuel="11.22" electricity="0.00" noise="88.99" route="routeright" type="cfm-slow" waiting="0.00" lane="right_0" pos="26.58" speed="14.95" angle="316.64" x="109.71" y="114.51"/>
        <vehicle id="cfm-slow_5" eclass="HBEFA3/PC_G_EU4" CO2="30363.35" CO="562.26" HC="3.31" NOx="13.89" PMx="0.74" fuel="13.05" electricity="0.00" noise="92.85" route="routeright" type="cfm-slow" waiting="0.00" lane="right_0" pos="42.61" speed="15.50" angle="287.88" x="79.51" y="130.41"/>
    </timestep>
    <timestep time="1.43">
        <vehicle id="cfm-fast_0" eclass="HBEFA3/PC_G_EU4" CO2="34699.49" CO="645.45" HC="3.80" NOx="15.90" PMx="0.85" fuel="14.92" electricity="0.00" noise="95.01" route="routetop" type="cfm-fast" waiting="0.00" lane="top_0" pos="9.41" speed="16.99" angle="257.52" x="43.63" y="129.28"/>
        <vehicle id="cfm-fast_1" eclass="HBEFA3/PC_G_EU4" CO2="35754.40" CO="667.06" HC="3.92" NOx="16.39" PMx="0.88" fuel="15.37" electricity="0.00" noise="96.01" route="routetop" type="cfm-fast" waiting="0.00" lane="top_0" pos="25.24" speed="17.02" angle="229.06" x="14.79" y="111.80"/>
        <vehicle id="cfm-fast_2" eclass="HBEFA3/PC_G_EU4" CO2="42441.47" CO="803.79" HC="4.71" NOx="19.54" PMx="1.06" fuel="18.24" electricity="0.00" noise="102.09" route="routetop" type="cfm-fast" waiting="0.00" lane="top_0" pos="41.12" speed="17.30" angle="200.53" x="-2.27" y="82.62"/>
        <vehicle id="cfm-fast_3" eclass="HBEFA3/PC_G_EU4" CO2="70795.88" CO="1383.17" HC="8.05" NOx="32.88" PMx="1.80" fuel="30.43" electricity="0.00" noise="124.16" route="routetop" type="cfm-fast" waiting="0.00" lane="left_0" pos="7.31" speed="19.07" angle="171.24" x="-3.12" y="47.98"/>
        <vehicle id="cfm-fast_4" eclass="HBEFA3/PC_G_EU4" CO2="70912.13" CO="1385.51" HC="8.07" NOx="32.93" PMx="1.80" fuel="30.48" electricity="0.00" noise="124.18" route="routeleft" type="cfm-fast" waiting="0.00" lane="left_1" pos="23.16" speed="19.10" angle="142.80" x="14.90" y="20.22"/>
        <vehicle id="cfm-fast_5" eclass="HBEFA3/PC_G_EU4" CO2="49169.69" CO="938.13" HC="5.49" NOx="22.68" PMx="1.23" fuel="21.14" electricity="0.00" noise="105.24" route="routeleft" type="cfm-fast" waiting="0.00" lane="left_0" pos="39.16" speed="18.96" angle="114.04" x="40.70" y="-0.98"/>
        <vehicle id="cfm-slow_0" eclass="HBEFA3/PC_G_EU4" CO2="23725.48" CO="428.98" HC="2.54" NOx="10.77" PMx="0.57" fuel="10.20" electricity="0.00" noise="86.47" route="routebottom" type="cfm-slow" waiting="0.00" lane="bottom_0" pos="13.35" speed="14.83" angle="70.45" x="91.65" y="1.03"/>
        <vehicle id="cfm-slow_1" eclass="HBEFA3/PC_G_EU4" CO2="23739.83" CO="429.27" HC="2.54" NOx="10.78" PMx="0.57" fuel="10.20" electricity="0.00" noise="86.48" route="routebottom" type="cfm-slow" waiting="0.00" lane="bottom_0" pos="29.19" speed="14.83" angle="41.92" x="118.10" y="21.93"/>
        <vehicle id="cfm-slow_2" eclass="HBEFA3/PC_G_EU4" CO2="23831.63" CO="431.14" HC="2.55" NOx="10.82" PMx="0.57" fuel="10.24" electricity="0.00" noise="86.58" route="routebottom" type="cfm-slow" waiting="0.00" lane="bottom_0" pos="45.02" speed="14.83" angle="13.52" x="131.42" y="52.90"/>
        <vehicle id="cfm-slow_3" eclass="HBEFA3/PC_G_EU4" CO2="24296.70" CO="440.56" HC="2.60" NOx="11.04" PMx="0.58" fuel="10.44" electricity="0.00" noise="87.07" route="routebottom" type="cfm-slow" waiting="0.00" lane="right_0" pos="10.86" speed="14.86" angle="344.90" x="128.29" y="86.67"/>
        <vehicle id="cfm-slow_4" eclass="HBEFA3/PC_G_EU4" CO2="26040.91" CO="475.70" HC="2.81" NOx="11.86" PMx="0.63" fuel="11.19" electricity="0.00" noise="88.83" route="routeright" type="cfm-slow" waiting="0.00" lane="right_0" pos="26.73" speed="15.01" angle="316.37" x="109.47" y="114.73"/>
        <vehicle id="cfm-slow_5" eclass="HBEFA3/PC_G_EU4" CO2="30306.61" CO="560.77" HC="3.30" NOx="13.86" PMx="0.74" fuel="13.03" electricity="0.00" noise="92.68" route="routeright" type="cfm-slow" waiting="0.00" lane="right_0" pos="42.77" speed="15.57" angle="287.60" x="79.19" y="130.48"/>
    </timestep>
    <timestep time="1.44">
        <vehicle id="cfm-fast_0" eclass="HBEFA3/PC_G_EU4" CO2="34562.50" CO="642.39" HC="3.78" NOx="15.83" PMx="0.85" fuel="14.86" electricity="0.00" noise="94.77" route="routetop" type="cfm-fast" waiting="0.00" lane="top_0" pos="9.58" speed="17.06" angle="257.21" x="43.28" y="129.17"/>
        <vehicle id="cfm-fast_1" eclass="HBEFA3/PC_G_EU4" CO2="35672.77" CO="665.13" HC="3.91" NOx="16.35" PMx="0.88" fuel="15.33" electricity="0.00" noise="95.81" route="routetop" type="cfm-fast" waiting="0.00" lane="top_0" pos="25.41" speed="17.09" angle="228.75" x="14.53" y="111.54"/>
        <vehicle id="cfm-fast_2" eclass="HBEFA3/PC_G_EU4" CO2="42564.80" CO="806.05" HC="4.72" NOx="19.60" PMx="1.06" fuel="18.30" electricity="0.00" noise="102.04" route="routetop" type="cfm-fast" waiting="0.00" lane="top_0" pos="41.29" speed="17.39" angle="200.21" x="-2.37" y="82.26"/>
        <vehicle id="cfm-fast_3" eclass="HBEFA3/PC_G_EU4" CO2="71303.88" CO="1393.40" HC="8.11" NOx="33.12" PMx="1.81" fuel="30.65" electricity="0.00" noise="124.23" route="routetop" type="cfm-fast" waiting="0.00" lane="left_0" pos="7.51" speed="19.21" angle="170.87" x="-3.03" y="47.57"/>
        <vehicle id="cfm-fast_4" eclass="HBEFA3/PC_G_EU4" CO2="71420.19" CO="1395.74" HC="8.13" NOx="33.17" PMx="1.81" fuel="30.70" electricity="0.00" noise="124.24" route="routeleft" type="cfm-fast" waiting="0.00" lane="left_1" pos="23.36" speed="19.24" angle="142.46" x="15.17" y="19.93"/>
        <vehicle id="cfm-fast_5" eclass="HBEFA3/PC_G_EU4" CO2="48627.66" CO="926.81" HC="5.42" NOx="22.42" PMx="1.22" fuel="20.90" electricity="0.00" noise="104.59" route="routeleft" type="cfm-fast" waiting="0.00" lane="left_0" pos="39.35" speed="19.05" angle="113.69" x="41.09" y="-1.12"/>
        <vehicle id="cfm-slow_0" eclass="HBEFA3/PC_G_EU4" CO2="23615.38" CO="426.42" HC="2.52" NOx="10.72" PMx="0.57" fuel="10.15" electricity="0.00" noise="86.27" route="routebottom" type="cfm-slow" waiting="0.00" lane="bottom_0" pos="13.50" speed="14.88" angle="70.18" x="91.94" y="1.16"/>
        <vehicle id="cfm-slow_1" eclass="HBEFA3/PC_G_EU4" CO2="23630.50" CO="426.73" HC="2.52" NOx="10.73" PMx="0.57" fuel="10.16" electricity="0.00" noise="86.29" route="routebottom" type="cfm-slow" waiting="0.00" lane="bottom_0" pos="29.34" speed="14.88" angle="41.65" x="118.30" y="22.18"/>
        <vehicle id="cfm-slow_2" eclass="HBEFA3/PC_G_EU4" CO2="23726.04" CO="428.67" HC="2.54" NOx="10.77" PMx="0.57" fuel="10.20" electricity="0.00" noise="86.39" route="routebottom" type="cfm-slow" waiting="0.00" lane="bottom_0" pos="45.17" speed="14.89" angle="13.25" x="131.47" y="53.22"/>
        <vehicle id="cfm-slow_3" eclass="HBEFA3/PC_G_EU4" CO2="24204.24" CO="438.36" HC="2.59" NOx="11.00" PMx="0.58" fuel="10.40" electricity="0.00" noise="86.89" route="routebottom" type="cfm-slow" waiting="0.00" lane="right_0" pos="11.01" speed="14.92" angle="344.61" x="128.18" y="86.97"/>
        <vehicle id="cfm-slow_4" eclass="HBEFA3/PC_G_EU4" CO2="25975.36" CO="474.05" HC="2.80" NOx="11.83" PMx="0.63" fuel="11.17" electricity="0.00" noise="88.67" route="routeright" type="cfm-slow" waiting="0.00" lane="right_0" pos="26.88" speed="15.07" angle="316.14" x="109.23" y="114.95"/>
        <vehicle id="cfm-slow_5" eclass="HBEFA3/PC_G_EU4" CO2="30248.61" CO="559.26" HC="3.29" NOx="13.83" PMx="0.74" fuel="13.00" electricity="0.00" noise="92.51" route="routeright" type="cfm-slow" waiting="0.00" lane="right_0" pos="42.92" speed="15.64" angle="287.31" x="78.86" y="130.56"/>
    </timestep>
    <timestep time="1.45">
        <vehicle id="cfm-fast_0" eclass="HBEFA3/PC_G_EU4" CO2="34425.06" CO="639.32" HC="3.76" NOx="15.76" PMx="0.85" fuel="14.80" electricity="0.00" noise="94.53" route="routetop" type="cfm-fast" waiting="0.00" lane="top_0" pos="9.75" speed="17.13" angle="256.90" x="42.93" y="129.06"/>
        <vehicle id="cfm-fast_1" eclass="HBEFA3/PC_G_EU4" CO2="35592.16" CO="663.22" HC="3.90" NOx="16.31" PMx="0.88" fuel="15.30" electricity="0.00" noise="95.62" route="routetop" type="cfm-fast" waiting="0.00" lane="top_0" pos="25.59" speed="17.16" angle="228.47" x="14.27" y="111.28"/>
        <vehicle id="cfm-fast_2" eclass="HBEFA3/PC_G_EU4" CO2="42690.53" CO="808.36" HC="4.74" NOx="19.66" PMx="1.06" fuel="18.35" electricity="0.00" noise="101.99" route="routetop" type="cfm-fast" waiting="0.00" lane="top_0" pos="41.47" speed="17.48" angle="199.88" x="-2.47" y="81.90"/>
        <vehicle id="cfm-fast_3" eclass="HBEFA3/PC_G_EU4" CO2="71812.16" CO="1403.65" HC="8.17" NOx="33.35" PMx="1.82" fuel="30.87" electricity="0.00" noise="124.29" route="routetop" type="cfm-fast" waiting="0.00" lane="left_0" pos="7.70" speed="19.34" angle="170.57" x="-2.93" y="47.17"/>
        <vehicle id="cfm-fast_4" eclass="HBEFA3/PC_G_EU4" CO2="71928.54" CO="1406.00" HC="8.19" NOx="33.41" PMx="1.83" fuel="30.92" electricity="0.00" noise="124.31" route="routeleft" type="cfm-fast" waiting="0.00" lane="left_1" pos="23.55" speed="19.38" angle="142.11" x="15.43" y="19.64"/>
        <vehicle id="cfm-fast_5" eclass="HBEFA3/PC_G_EU4" CO2="48084.62" CO="915.47" HC="5.36" NOx="22.16" PMx="1.20" fuel="20.67" electricity="0.00" noise="103.95" route="routeleft" type="cfm-fast" waiting="0.00" lane="left_0" pos="39.54" speed="19.14" angle="113.34" x="41.47" y="-1.26"/>
        <vehicle id="cfm-slow_0" eclass="HBEFA3/PC_G_EU4" CO2="23504.92" CO="423.87" HC="2.51" NOx="10.67" PMx="0.56" fuel="10.10" electricity="0.00" noise="86.08" route="routebottom" type="cfm-slow" waiting="0.00" lane="bottom_0" pos="13.65" speed="14.94" angle="69.90" x="92.23" y="1.29"/>
        <vehicle id="cfm-slow_1" eclass="HBEFA3/PC_G_EU4" CO2="23520.83" CO="424.19" HC="2.51" NOx="10.67" PMx="0.56" fuel="10.11" electricity="0.00" noise="86.10" route="routebottom" type="cfm-slow" waiting="0.00" lane="bottom_0" pos="29.48" speed="14.94" angle="41.43" x="118.50" y="22.43"/>
        <vehicle id="cfm-slow_2" eclass="HBEFA3/PC_G_EU4" CO2="23620.22" CO="426.21" HC="2.52" NOx="10.72" PMx="0.57" fuel="10.15" electricity="0.00" noise="86.20" route="routebottom" type="cfm-slow" waiting="0.00" lane="bottom_0" pos="45.32" speed="14.94" angle="12.98" x="131.52" y="53.54"/>
        <vehicle id="cfm-slow_3" eclass="HBEFA3/PC_G_EU4" CO2="24111.69" CO="436.17" HC="2.58" NOx="10.95" PMx="0.58" fuel="10.36" electricity="0.00" noise="86.72" route="routebottom" type="cfm-slow" waiting="0.00" lane="right_0" pos="11.16" speed="14.97" angle="344.33" x="128.07" y="87.27"/>
        <vehicle id="cfm-slow_4" eclass="HBEFA3/PC_G_EU4" CO2="25909.53" CO="472.39" HC="2.79" NOx="11.80" PMx="0.63" fuel="11.14" electricity="0.00" noise="88.52" route="routeright" type="cfm-slow" waiting="0.00" lane="right_0" pos="27.03" speed="15.13" angle="315.88" x="108.99" y="115.17"/>
        <vehicle id="cfm-slow_5" eclass="HBEFA3/PC_G_EU4" CO2="30189.39" CO="557.73" HC="3.28" NOx="13.80" PMx="0.74" fuel="12.98" electricity="0.00" noise="92.34" route="routeright" type="cfm-slow" waiting="0.00" lane="right_0" pos="43.08" speed="15.71" angle="287.03" x="78.53" y="130.63"/>
    </timestep>
    <timestep time="1.46">
        <vehicle id="cfm-fast_0" eclass="HBEFA3/PC_G_EU4" CO2="34287.25" CO="636.24" HC="3.74" NOx="15.70" PMx="0.84" fuel="14.74" electricity="0.00" noise="94.29" route="routetop" type="cfm-fast" waiting="0.00" lane="top_0" pos="9.92" speed="17.20" angle="256.58" x="42.57" y="128.95"/>
        <vehicle id="cfm-fast_1" eclass="HBEFA3/PC_G_EU4" CO2="35512.64" CO="661.34" HC="3.89" NOx="16.28" PMx="0.88" fuel="15.27" electricity="0.00" noise="95.43" route="routetop" type="cfm-fast" waiting="0.00" lane="top_0" pos="25.76" speed="17.24" angle="228.18" x="14.01" y="111.01"/>
        <vehicle id="cfm-fast_2" eclass="HBEFA3/PC_G_EU4" CO2="42818.69" CO="810.74" HC="4.75" NOx="19.71" PMx="1.07" fuel="18.41" electricity="0.00" noise="101.95" route="routetop" type="cfm-fast" waiting="0.00" lane="top_0" pos="41.64" speed="17.56" angle="199.56" x="-2.56" y="81.53"/>
        <vehicle id="cfm-fast_3" eclass="HBEFA3/PC_G_EU4" CO2="72320.74" CO="1413.92" HC="8.23" NOx="33.59" PMx="1.84" fuel="31.09" electricity="0.00" noise="124.36" route="routetop" type="cfm-fast" waiting="0.00" lane="left_0" pos="7.89" speed="19.48" angle="170.21" x="-2.82" y="46.76"/>
        <vehicle id="cfm-fast_4" eclass="HBEFA3/PC_G_EU4" CO2="72437.18" CO="1416.28" HC="8.25" NOx="33.64" PMx="1.84" fuel="31.14" electricity="0.00" noise="124.37" route="routeleft" type="cfm-fast" waiting="0.00" lane="left_1" pos="23.74" speed="19.51" angle="141.76" x="15.71" y="19.35"/>
        <vehicle id="cfm-fast_5" eclass="HBEFA3/PC_G_EU4" CO2="47540.82" CO="904.13" HC="5.29" NOx="21.90" PMx="1.19" fuel="20.44" electricity="0.00" noise="103.31" route="routeleft" type="cfm-fast" waiting="0.00" lane="left_0" pos="39.73" speed="19.23" angle="113.03" x="41.86" y="-1.40"/>
        <vehicle id="cfm-slow_0" eclass="HBEFA3/PC_G_EU4" CO2="23394.15" CO="421.31" HC="2.49" NOx="10.61" PMx="0.56" fuel="10.06" electricity="0.00" noise="85.89" route="routebottom" type="cfm-slow" waiting="0.00" lane="bottom_0" pos="13.80" speed="14.99" angle="69.62" x="92.53" y="1.42"/>
        <vehicle id="cfm-slow_1" eclass="HBEFA3/PC_G_EU4" CO2="23410.88" CO="421.65" HC="2.50" NOx="10.62" PMx="0.56" fuel="10.06" electricity="0.00" noise="85.91" route="routebottom" type="cfm-slow" waiting="0.00" lane="bottom_0" pos="29.63" speed="14.99" angle="41.16" x="118.69" y="22.69"/>
        <vehicle id="cfm-slow_2" eclass="HBEFA3/PC_G_EU4" CO2="23514.21" CO="423.75" HC="2.51" NOx="10.67" PMx="0.56" fuel="10.11" electricity="0.00" noise="86.02" route="routebottom" type="cfm-slow" waiting="0.00" lane="bottom_0" pos="45.47" speed="15.00" angle="12.71" x="131.56" y="53.86"/>
        <vehicle id="cfm-slow_3" eclass="HBEFA3/PC_G_EU4" CO2="24019.08" CO="433.98" HC="2.57" NOx="10.91" PMx="0.58" fuel="10.32" electricity="0.00" noise="86.54" route="routebottom" type="cfm-slow" waiting="0.00" lane="right_0" pos="11.31" speed="15.03" angle="344.04" x="127.96" y="87.57"/>
        <vehicle id="cfm-slow_4" eclass="HBEFA3/PC_G_EU4" CO2="25843.43" CO="470.73" HC="2.78" NOx="11.76" PMx="0.62" fuel="11.11" electricity="0.00" noise="88.36" route="routeright" type="cfm-slow" waiting="0.00" lane="right_0" pos="27.19" speed="15.19" angle="315.59" x="108.74" y="115.38"/>
        <vehicle id="cfm-slow_5" eclass="HBEFA3/PC_G_EU4" CO2="30128.99" CO="556.18" HC="3.28" NOx="13.77" PMx="0.74" fuel="12.95" electricity="0.00" noise="92.17" route="routeright" type="cfm-slow" waiting="0.00" lane="right_0" pos="43.24" speed="15.77" angle="286.74" x="78.20" y="130.71"/>
    </timestep>
    <timestep time="1.47">
        <vehicle id="cfm-fast_0" eclass="HBEFA3/PC_G_EU4" CO2="34149.12" CO="633.17" HC="3.73" NOx="15.63" PMx="0.84" fuel="14.68" electricity="0.00" noise="94.05" route="routetop" type="cfm-fast" waiting="0.00" lane="top_0" pos="10.09" speed="17.27" angle="256.27" x="42.22" y="128.84"/>
        <vehicle id="cfm-fast_1" eclass="HBEFA3/PC_G_EU4" CO2="35434.28" CO="659.49" HC="3.88" NOx="16.24" PMx="0.87" fuel="15.23" electricity="0.00" noise="95.24" route="routetop" type="cfm-fast" waiting="0.00" lane="top_0" pos="25.93" speed="17.31" angle="227.86" x="13.76" y="110.73"/>
        <vehicle id="cfm-fast_2" eclass="HBEFA3/PC_G_EU4" CO2="42949.28" CO="813.17" HC="4.77" NOx="19.77" PMx="1.07" fuel="18.46" electricity="0.00" noise="101.92" route="routetop" type="cfm-fast" waiting="0.00" lane="top_0" pos="41.82" speed="17.65" angle="199.23" x="-2.66" y="81.16"/>
        <vehicle id="cfm-fast_3" eclass="HBEFA3/PC_G_EU4" CO2="72829.61" CO="1424.22" HC="8.29" NOx="33.83" PMx="1.85" fuel="31.31" electricity="0.00" noise="124.42" route="routetop" type="cfm-fast" waiting="0.00" lane="left_0" pos="8.09" speed="19.62" angle="169.86" x="-2.71" y="46.36"/>
        <vehicle id="cfm-fast_4" eclass="HBEFA3/PC_G_EU4" CO2="72946.12" CO="1426.57" HC="8.30" NOx="33.88" PMx="1.85" fuel="31.36" electricity="0.00" noise="124.43" route="routeleft" type="cfm-fast" waiting="0.00" lane="left_1" pos="23.94" speed="19.65" angle="141.41" x="15.98" y="19.05"/>
        <vehicle id="cfm-fast_5" eclass="HBEFA3/PC_G_EU4" CO2="46996.51" CO="892.78" HC="5.23" NOx="21.64" PMx="1.18" fuel="20.20" electricity="0.00" noise="102.69" route="routeleft" type="cfm-fast" waiting="0.00" lane="left_0" pos="39.93" speed="19.31" angle="112.69" x="42.26" y="-1.52"/>
        <vehicle id="cfm-slow_0" eclass="HBEFA3/PC_G_EU4" CO2="23283.07" CO="418.75" HC="2.48" NOx="10.56" PMx="0.56" fuel="10.01" electricity="0.00" noise="85.70" route="routebottom" type="cfm-slow" waiting="0.00" lane="bottom_0" pos="13.95" speed="15.04" angle="69.35" x="92.82" y="1.56"/>
        <vehicle id="cfm-slow_1" eclass="HBEFA3/PC_G_EU4" CO2="23300.66" CO="419.11" HC="2.48" NOx="10.57" PMx="0.56" fuel="10.02" electricity="0.00" noise="85.72" route="routebottom" type="cfm-slow" waiting="0.00" lane="bottom_0" pos="29.78" speed="15.04" angle="40.88" x="118.88" y="22.96"/>
        <vehicle id="cfm-slow_2" eclass="HBEFA3/PC_G_EU4" CO2="23408.02" CO="421.29" HC="2.49" NOx="10.62" PMx="0.56" fuel="10.06" electricity="0.00" noise="85.83" route="routebottom" type="cfm-slow" waiting="0.00" lane="bottom_0" pos="45.62" speed="15.05" angle="12.44" x="131.61" y="54.18"/>
        <vehicle id="cfm-slow_3" eclass="HBEFA3/PC_G_EU4" CO2="23926.44" CO="431.79" HC="2.55" NOx="10.86" PMx="0.57" fuel="10.28" electricity="0.00" noise="86.37" route="routebottom" type="cfm-slow" waiting="0.00" lane="right_0" pos="11.46" speed="15.08" angle="343.79" x="127.85" y="87.88"/>
        <vehicle id="cfm-slow_4" eclass="HBEFA3/PC_G_EU4" CO2="25777.09" CO="469.08" HC="2.77" NOx="11.73" PMx="0.62" fuel="11.08" electricity="0.00" noise="88.21" route="routeright" type="cfm-slow" waiting="0.00" lane="right_0" pos="27.34" speed="15.25" angle="315.30" x="108.49" y="115.59"/>
        <vehicle id="cfm-slow_5" eclass="HBEFA3/PC_G_EU4" CO2="30067.44" CO="554.62" HC="3.27" NOx="13.74" PMx="0.73" fuel="12.92" electricity="0.00" noise="92.01" route="routeright" type="cfm-slow" waiting="0.00" lane="right_0" pos="43.39" speed="15.84" angle="286.45" x="77.87" y="130.78"/>
    </timestep>
    <timestep time="1.48">
        <vehicle id="cfm-fast_0" eclass="HBEFA3/PC_G_EU4" CO2="34010.74" CO="630.10" HC="3.71" NOx="15.56" PMx="0.84" fuel="14.62" electricity="0.00" noise="93.81" route="routetop" type="cfm-fast" waiting="0.00" lane="top_0" pos="10.27" speed="17.34" angle="256.02" x="41.86" y="128.73"/>
        <vehicle id="cfm-fast_1" eclass="HBEFA3/PC_G_EU4" CO2="35357.12" CO="657.68" HC="3.87" NOx="16.20" PMx="0.87" fuel="15.20" electricity="0.00" noise="95.06" route="routetop" type="cfm-fast" waiting="0.00" lane="top_0" pos="26.11" speed="17.38" angle="227.54" x="13.51" y="110.46"/>
        <vehicle id="cfm-fast_2" eclass="HBEFA3/PC_G_EU4" CO2="43082.33" CO="815.65" HC="4.78" NOx="19.84" PMx="1.07" fuel="18.52" electricity="0.00" noise="101.88" route="routetop" type="cfm-fast" waiting="0.00" lane="top_0" pos="42.00" speed="17.74" angle="198.90" x="-2.76" y="80.79"/>
        <vehicle id="cfm-fast_3" eclass="HBEFA3/PC_G_EU4" CO2="73338.77" CO="1434.53" HC="8.35" NOx="34.06" PMx="1.86" fuel="31.52" electricity="0.00" noise="124.48" route="routetop" type="cfm-fast" waiting="0.00" lane="left_0" pos="8.29" speed="19.75" angle="169.49" x="-2.60" y="45.94"/>
        <vehicle id="cfm-fast_4" eclass="HBEFA3/PC_G_EU4" CO2="73455.35" CO="1436.89" HC="8.36" NOx="34.12" PMx="1.87" fuel="31.57" electricity="0.00" noise="124.50" route="routeleft" type="cfm-fast" waiting="0.00" lane="left_1" pos="24.14" speed="19.78" angle="141.05" x="16.25" y="18.75"/>
        <vehicle id="cfm-fast_5" eclass="HBEFA3/PC_G_EU4" CO2="46451.95" CO="881.44" HC="5.16" NOx="21.39" PMx="1.16" fuel="19.97" electricity="0.00" noise="102.07" route="routeleft" type="cfm-fast" waiting="0.00" lane="left_0" pos="40.12" speed="19.40" angle="112.32" x="42.66" y="-1.65"/>
        <vehicle id="cfm-slow_0" eclass="HBEFA3/PC_G_EU4" CO2="23171.73" CO="416.19" HC="2.46" NOx="10.50" PMx="0.55" fuel="9.96" electricity="0.00" noise="85.51" route="routebottom" type="cfm-slow" waiting="0.00" lane="bottom_0" pos="14.10" speed="15.10" angle="69.12" x="93.12" y="1.69"/>
        <vehicle id="cfm-slow_1" eclass="HBEFA3/PC_G_EU4" CO2="23190.21" CO="416.57" HC="2.47" NOx="10.51" PMx="0.55" fuel="9.97" electricity="0.00" noise="85.53" route="routebottom" type="cfm-slow" waiting="0.00" lane="bottom_0" pos="29.94" speed="15.10" angle="40.61" x="119.07" y="23.22"/>
        <vehicle id="cfm-slow_2" eclass="HBEFA3/PC_G_EU4" CO2="23301.70" CO="418.83" HC="2.48" NOx="10.57" PMx="0.56" fuel="10.02" electricity="0.00" noise="85.65" route="routebottom" type="cfm-slow" waiting="0.00" lane="bottom_0" pos="45.77" speed="15.10" angle="12.16" x="131.65" y="54.50"/>
        <vehicle id="cfm-slow_3" eclass="HBEFA3/PC_G_EU4" CO2="23833.79" CO="429.61" HC="2.54" NOx="10.82" PMx="0.57" fuel="10.24" electricity="0.00" noise="86.20" route="routebottom" type="cfm-slow" waiting="0.00" lane="right_0" pos="11.61" speed="15.14" angle="343.54" x="127.73" y="88.18"/>
        <vehicle id="cfm-slow_4" eclass="HBEFA3/PC_G_EU4" CO2="25710.52" CO="467.42" HC="2.76" NOx="11.70" PMx="0.62" fuel="11.05" electricity="0.00" noise="88.06" route="routeright" type="cfm-slow" waiting="0.00" lane="right_0" pos="27.49" speed="15.30" angle="315.02" x="108.24" y="115.80"/>
        <vehicle id="cfm-slow_5" eclass="HBEFA3/PC_G_EU4" CO2="30004.77" CO="553.04" HC="3.26" NOx="13.71" PMx="0.73" fuel="12.90" electricity="0.00" noise="91.84" route="routeright" type="cfm-slow" waiting="0.00" lane="right_0" pos="43.55" speed="15.91" angle="286.19" x="77.53" y="130.86"/>
    </timestep>
    <timestep time="1.49">
        <vehicle id="cfm-fast_0" eclass="HBEFA3/PC_G_EU4" CO2="33872.18" CO="627.03" HC="3.69" NOx="15.50" PMx="0.83" fuel="14.56" electricity="0.00" noise="93.58" route="routetop" type="cfm-fast" waiting="0.00" lane="top_0" pos="10.44" speed="17.41" angle="255.69" x="41.51" y="128.60"/>
        <vehicle id="cfm-fast_1" eclass="HBEFA3/PC_G_EU4" CO2="35281.23" CO="655.89" HC="3.86" NOx="16.16" PMx="0.87" fuel="15.17" electricity="0.00" noise="94.88" route="routetop" type="cfm-fast" waiting="0.00" lane="top_0" pos="26.28" speed="17.45" angle="227.21" x="13.25" y="110.18"/>
        <vehicle id="cfm-fast_2" eclass="HBEFA3/PC_G_EU4" CO2="43217.85" CO="818.20" HC="4.79" NOx="19.90" PMx="1.08" fuel="18.58" electricity="0.00" noise="101.85" route="routetop" type="cfm-fast" waiting="0.00" lane="top_0" pos="42.17" speed="17.83" angle="198.57" x="-2.86" y="80.42"/>
        <vehicle id="cfm-fast_3" eclass="HBEFA3/PC_G_EU4" CO2="73848.22" CO="1444.87" HC="8.41" NOx="34.30" PMx="1.88" fuel="31.74" electricity="0.00" noise="124.55" route="routetop" type="cfm-fast" waiting="0.00" lane="left_0" pos="8.49" speed="19.89" angle="169.13" x="-2.49" y="45.53"/>
        <vehicle id="cfm-fast_4" eclass="HBEFA3/PC_G_EU4" CO2="73964.87" CO="1447.24" HC="8.42" NOx="34.36" PMx="1.88" fuel="31.79" electricity="0.00" noise="124.56" route="routeleft" type="cfm-fast" waiting="0.00" lane="left_1" pos="24.34" speed="19.92" angle="140.73" x="16.53" y="18.45"/>
        <vehicle id="cfm-fast_5" eclass="HBEFA3/PC_G_EU4" CO2="45907.34" CO="870.11" HC="5.10" NOx="21.13" PMx="1.15" fuel="19.73" electricity="0.00" noise="101.46" route="routeleft" type="cfm-fast" waiting="0.00" lane="left_0" pos="40.32" speed="19.48" angle="111.96" x="43.06" y="-1.77"/>
        <vehicle id="cfm-slow_0" eclass="HBEFA3/PC_G_EU4" CO2="23060.15" CO="413.63" HC="2.45" NOx="10.45" PMx="0.55" fuel="9.91" electricity="0.00" noise="85.33" route="routebottom" type="cfm-slow" waiting="0.00" lane="bottom_0" pos="14.25" speed="15.15" angle="68.84" x="93.41" y="1.84"/>
        <vehicle id="cfm-slow_1" eclass="HBEFA3/PC_G_EU4" CO2="23079.55" CO="414.03" HC="2.45" NOx="10.46" PMx="0.55" fuel="9.92" electricity="0.00" noise="85.35" route="routebottom" type="cfm-slow" waiting="0.00" lane="bottom_0" pos="30.09" speed="15.15" angle="40.33" x="119.26" y="23.48"/>
        <vehicle id="cfm-slow_2" eclass="HBEFA3/PC_G_EU4" CO2="23195.26" CO="416.38" HC="2.47" NOx="10.51" PMx="0.55" fuel="9.97" electricity="0.00" noise="85.47" route="routebottom" type="cfm-slow" waiting="0.00" lane="bottom_0" pos="45.92" speed="15.15" angle="11.89" x="131.70" y="54.82"/>
        <vehicle id="cfm-slow_3" eclass="HBEFA3/PC_G_EU4" CO2="23741.15" CO="427.44" HC="2.53" NOx="10.77" PMx="0.57" fuel="10.21" electricity="0.00" noise="86.03" route="routebottom" type="cfm-slow" waiting="0.00" lane="right_0" pos="11.76" speed="15.19" angle="343.26" x="127.61" y="88.49"/>
        <vehicle id="cfm-slow_4" eclass="HBEFA3/PC_G_EU4" CO2="25643.74" CO="465.76" HC="2.75" NOx="11.66" PMx="0.62" fuel="11.02" electricity="0.00" noise="87.91" route="routeright" type="cfm-slow" waiting="0.00" lane="right_0" pos="27.64" speed="15.36" angle="314.73" x="107.98" y="116.02"/>
        <vehicle id="cfm-slow_5" eclass="HBEFA3/PC_G_EU4" CO2="29941.01" CO="551.44" HC="3.25" NOx="13.68" PMx="0.73" fuel="12.87" electricity="0.00" noise="91.68" route="routeright" type="cfm-slow" waiting="0.00" lane="right_0" pos="43.71" speed="15.97" angle="285.92" x="77.20" y="130.92"/>
    </timestep>
    <timestep time="1.50">
        <vehicle id="cfm-fast_0" eclass="HBEFA3/PC_G_EU4" CO2="33733.49" CO="623.96" HC="3.67" NOx="15.43" PMx="0.83" fuel="14.50" electricity="0.00" noise="93.35" route="routetop" type="cfm-fast" waiting="0.00" lane="top_0" pos="10.62" speed="17.47" angle="255.36" x="41.16" y="128.47"/>
        <vehicle id="cfm-fast_1" eclass="HBEFA3/PC_G_EU4" CO2="35206.65" CO="654.14" HC="3.85" NOx="16.12" PMx="0.87" fuel="15.13" electricity="0.00" noise="94.70" route="routetop" type="cfm-fast" waiting="0.00" lane="top_0" pos="26.46" speed="17.52" angle="226.89" x="13.00" y="109.91"/>
        <vehicle id="cfm-fast_2" eclass="HBEFA3/PC_G_EU4" CO2="43355.85" CO="820.80" HC="4.81" NOx="19.96" PMx="1.08" fuel="18.64" electricity="0.00" noise="101.83" route="routetop" type="cfm-fast" waiting="0.00" lane="top_0" pos="42.35" speed="17.91" angle="198.30" x="-2.96" y="80.05"/>
        <vehicle id="cfm-fast_3" eclass="HBEFA3/PC_G_EU4" CO2="74357.97" CO="1455.23" HC="8.47" NOx="34.54" PMx="1.89" fuel="31.96" electricity="0.00" noise="124.61" route="routetop" type="cfm-fast" waiting="0.00" lane="left_0" pos="8.69" speed="20.03" angle="168.76" x="-2.38" y="45.11"/>
        <vehicle id="cfm-fast_4" eclass="HBEFA3/PC_G_EU4" CO2="74474.68" CO="1457.60" HC="8.48" NOx="34.59" PMx="1.89" fuel="32.01" electricity="0.00" noise="124.63" route="routeleft" type="cfm-fast" waiting="0.00" lane="left_1" pos="24.54" speed="20.06" angle="140.37" x="16.82" y="18.16"/>
        <vehicle id="cfm-fast_5" eclass="HBEFA3/PC_G_EU4" CO2="45362.93" CO="858.79" HC="5.03" NOx="20.87" PMx="1.13" fuel="19.50" electricity="0.00" noise="100.86" route="routeleft" type="cfm-fast" waiting="0.00" lane="left_0" pos="40.51" speed="19.57" angle="111.59" x="43.46" y="-1.89"/>
        <vehicle id="cfm-slow_0" eclass="HBEFA3/PC_G_EU4" CO2="22948.35" CO="411.07" HC="2.44" NOx="10.40" PMx="0.55" fuel="9.86" electricity="0.00" noise="85.14" route="routebottom" type="cfm-slow" waiting="0.00" lane="bottom_0" pos="14.41" speed="15.20" angle="68.56" x="93.70" y="1.98"/>
        <vehicle id="cfm-slow_1" eclass="HBEFA3/PC_G_EU4" CO2="22968.70" CO="411.48" HC="2.44" NOx="10.41" PMx="0.55" fuel="9.87" electricity="0.00" noise="85.17" route="routebottom" type="cfm-slow" waiting="0.00" lane="bottom_0" pos="30.24" speed="15.20" angle="40.05" x="119.45" y="23.75"/>
        <vehicle id="cfm-slow_2" eclass="HBEFA3/PC_G_EU4" CO2="23088.73" CO="413.92" HC="2.45" NOx="10.46" PMx="0.55" fuel="9.92" electricity="0.00" noise="85.29" route="routebottom" type="cfm-slow" waiting="0.00" lane="bottom_0" pos="46.07" speed="15.21" angle="11.62" x="131.74" y="55.14"/>
        <vehicle id="cfm-slow_3" eclass="HBEFA3/PC_G_EU4" CO2="23648.55" CO="425.27" HC="2.52" NOx="10.73" PMx="0.57" fuel="10.17" electricity="0.00" noise="85.87" route="routebottom" type="cfm-slow" waiting="0.00" lane="right_0" pos="11.92" speed="15.24" angle="342.98" x="127.49" y="88.79"/>
        <vehicle id="cfm-slow_4" eclass="HBEFA3/PC_G_EU4" CO2="25576.75" CO="464.11" HC="2.74" NOx="11.63" PMx="0.62" fuel="10.99" electricity="0.00" noise="87.76" route="routeright" type="cfm-slow" waiting="0.00" lane="right_0" pos="27.80" speed="15.42" angle="314.44" x="107.73" y="116.23"/>
        <vehicle id="cfm-slow_5" eclass="HBEFA3/PC_G_EU4" CO2="29876.20" CO="549.82" HC="3.24" NOx="13.64" PMx="0.73" fuel="12.84" electricity="0.00" noise="91.51" route="routeright" type="cfm-slow" waiting="0.00" lane="right_0" pos="43.87" speed="16.04" angle="285.61" x="76.86" y="130.99"/>
    </timestep>
    <timestep time="1.51">
        <vehicle id="cfm-fast_0" eclass="HBEFA3/PC_G_EU4" CO2="33594.74" CO="620.90" HC="3.66" NOx="15.36" PMx="0.83" fuel="14.44" electricity="0.00" noise="93.13" route="routetop" type="cfm-fast" waiting="0.00" lane="top_0" pos="10.79" speed="17.54" angle="255.03" x="40.80" y="128.34"/>
        <vehicle id="cfm-fast_1" eclass="HBEFA3/PC_G_EU4" CO2="35133.45" CO="652.42" HC="3.84" NOx="16.09" PMx="0.87" fuel="15.10" electricity="0.00" noise="94.53" route="routetop" type="cfm-fast" waiting="0.00" lane="top_0" pos="26.63" speed="17.60" angle="226.56" x="12.74" y="109.63"/>
        <vehicle id="cfm-fast_2" eclass="HBEFA3/PC_G_EU4" CO2="43496.35" CO="823.46" HC="4.83" NOx="20.02" PMx="1.08" fuel="18.70" electricity="0.00" noise="101.80" route="routetop" type="cfm-fast" waiting="0.00" lane="top_0" pos="42.53" speed="18.00" angle="197.98" x="-3.05" y="79.67"/>
        <vehicle id="cfm-fast_3" eclass="HBEFA3/PC_G_EU4" CO2="74868.01" CO="1465.61" HC="8.53" NOx="34.78" PMx="1.90" fuel="32.18" electricity="0.00" noise="124.67" route="routetop" type="cfm-fast" waiting="0.00" lane="left_0" pos="8.89" speed="20.16" angle="168.43" x="-2.27" y="44.70"/>
        <vehicle id="cfm-fast_4" eclass="HBEFA3/PC_G_EU4" CO2="74984.78" CO="1467.99" HC="8.54" NOx="34.83" PMx="1.91" fuel="32.23" electricity="0.00" noise="124.69" route="routeleft" type="cfm-fast" waiting="0.00" lane="left_1" pos="24.74" speed="20.19" angle="139.99" x="17.11" y="17.87"/>
        <vehicle id="cfm-fast_5" eclass="HBEFA3/PC_G_EU4" CO2="44818.93" CO="847.48" HC="4.97" NOx="20.61" PMx="1.12" fuel="19.27" electricity="0.00" noise="100.27" route="routeleft" type="cfm-fast" waiting="0.00" lane="left_0" pos="40.71" speed="19.65" angle="111.22" x="43.86" y="-2.02"/>
        <vehicle id="cfm-slow_0" eclass="HBEFA3/PC_G_EU4" CO2="22836.36" CO="408.51" HC="2.42" NOx="10.34" PMx="0.55" fuel="9.82" electricity="0.00" noise="84.96" route="routebottom" type="cfm-slow" waiting="0.00" lane="bottom_0" pos="14.56" speed="15.25" angle="68.27" x="93.99" y="2.13"/>
        <vehicle id="cfm-slow_1" eclass="HBEFA3/PC_G_EU4" CO2="22857.69" CO="408.95" HC="2.42" NOx="10.35" PMx="0.55" fuel="9.83" electricity="0.00" noise="84.99" route="routebottom" type="cfm-slow" waiting="0.00" lane="bottom_0" pos="30.39" speed="15.25" angle="39.77" x="119.64" y="24.02"/>
        <vehicle id="cfm-slow_2" eclass="HBEFA3/PC_G_EU4" CO2="22982.14" CO="411.48" HC="2.44" NOx="10.41" PMx="0.55" fuel="9.88" electricity="0.00" noise="85.11" route="routebottom" type="cfm-slow" waiting="0.00" lane="bottom_0" pos="46.23" speed="15.26" angle="11.40" x="131.79" y="55.47"/>
        <vehicle id="cfm-slow_3" eclass="HBEFA3/PC_G_EU4" CO2="23556.01" CO="423.10" HC="2.51" NOx="10.68" PMx="0.56" fuel="10.13" electricity="0.00" noise="85.70" route="routebottom" type="cfm-slow" waiting="0.00" lane="right_0" pos="12.07" speed="15.30" angle="342.70" x="127.37" y="89.10"/>
        <vehicle id="cfm-slow_4" eclass="HBEFA3/PC_G_EU4" CO2="25509.59" CO="462.45" HC="2.73" NOx="11.60" PMx="0.62" fuel="10.97" electricity="0.00" noise="87.61" route="routeright" type="cfm-slow" waiting="0.00" lane="right_0" pos="27.95" speed="15.48" angle="314.15" x="107.48" y="116.45"/>
        <vehicle id="cfm-slow_5" eclass="HBEFA3/PC_G_EU4" CO2="29810.36" CO="548.19" HC="3.23" NOx="13.61" PMx="0.73" fuel="12.81" electricity="0.00" noise="91.35" route="routeright" type="cfm-slow" waiting="0.00" lane="right_0" pos="44.04" speed="16.10" angle="285.30" x="76.52" y="131.05"/>
    </timestep>
    <timestep time="1.52">
        <vehicle id="cfm-fast_0" eclass="HBEFA3/PC_G_EU4" CO2="33455.97" CO="617.84" HC="3.64" NOx="15.30" PMx="0.82" fuel="14.38" electricity="0.00" noise="92.90" route="routetop" type="cfm-fast" waiting="0.00" lane="top_0" pos="10.97" speed="17.61" angle="254.69" x="40.45" y="128.21"/>
        <vehicle id="cfm-fast_1" eclass="HBEFA3/PC_G_EU4" CO2="35061.68" CO="650.73" HC="3.83" NOx="16.05" PMx="0.86" fuel="15.07" electricity="0.00" noise="94.36" route="routetop" type="cfm-fast" waiting="0.00" lane="top_0" pos="26.81" speed="17.67" angle="226.24" x="12.48" y="109.35"/>
        <vehicle id="cfm-fast_2" eclass="HBEFA3/PC_G_EU4" CO2="43639.35" CO="826.18" HC="4.84" NOx="20.09" PMx="1.09" fuel="18.76" electricity="0.00" noise="101.78" route="routetop" type="cfm-fast" waiting="0.00" lane="top_0" pos="42.71" speed="18.09" angle="197.66" x="-3.13" y="79.29"/>
        <vehicle id="cfm-fast_3" eclass="HBEFA3/PC_G_EU4" CO2="75378.34" CO="1476.01" HC="8.59" NOx="35.01" PMx="1.92" fuel="32.40" electricity="0.00" noise="124.74" route="routetop" type="cfm-fast" waiting="0.00" lane="left_0" pos="9.09" speed="20.30" angle="168.08" x="-2.15" y="44.28"/>
        <vehicle id="cfm-fast_4" eclass="HBEFA3/PC_G_EU4" CO2="75495.18" CO="1478.39" HC="8.60" NOx="35.07" PMx="1.92" fuel="32.45" electricity="0.00" noise="124.75" route="routeleft" type="cfm-fast" waiting="0.00" lane="left_1" pos="24.94" speed="20.33" angle="139.62" x="17.41" y="17.57"/>
        <vehicle id="cfm-fast_5" eclass="HBEFA3/PC_G_EU4" CO2="44275.53" CO="836.20" HC="4.90" NOx="20.35" PMx="1.11" fuel="19.03" electricity="0.00" noise="99.69" route="routeleft" type="cfm-fast" waiting="0.00" lane="left_0" pos="40.91" speed="19.73" angle="110.85" x="44.27" y="-2.14"/>
        <vehicle id="cfm-slow_0" eclass="HBEFA3/PC_G_EU4" CO2="22724.20" CO="405.95" HC="2.41" NOx="10.29" PMx="0.54" fuel="9.77" electricity="0.00" noise="84.78" route="routebottom" type="cfm-slow" waiting="0.00" lane="bottom_0" pos="14.71" speed="15.30" angle="67.99" x="94.29" y="2.28"/>
        <vehicle id="cfm-slow_1" eclass="HBEFA3/PC_G_EU4" CO2="22746.55" CO="406.41" HC="2.41" NOx="10.30" PMx="0.54" fuel="9.78" electricity="0.00" noise="84.81" route="routebottom" type="cfm-slow" waiting="0.00" lane="bottom_0" pos="30.54" speed="15.30" angle="39.49" x="119.83" y="24.28"/>
        <vehicle id="cfm-slow_2" eclass="HBEFA3/PC_G_EU4" CO2="22875.52" CO="409.03" HC="2.42" NOx="10.36" PMx="0.55" fuel="9.83" electricity="0.00" noise="84.94" route="routebottom" type="cfm-slow" waiting="0.00" lane="bottom_0" pos="46.38" speed="15.31" angle="11.12" x="131.82" y="55.80"/>
        <vehicle id="cfm-slow_3" eclass="HBEFA3/PC_G_EU4" CO2="23463.54" CO="420.94" HC="2.49" NOx="10.64" PMx="0.56" fuel="10.09" electricity="0.00" noise="85.54" route="routebottom" type="cfm-slow" waiting="0.00" lane="right_0" pos="12.22" speed="15.35" angle="342.42" x="127.24" y="89.40"/>
        <vehicle id="cfm-slow_4" eclass="HBEFA3/PC_G_EU4" CO2="25442.26" CO="460.80" HC="2.72" NOx="11.56" PMx="0.61" fuel="10.94" electricity="0.00" noise="87.47" route="routeright" type="cfm-slow" waiting="0.00" lane="right_0" pos="28.11" speed="15.53" angle="313.88" x="107.22" y="116.66"/>
        <vehicle id="cfm-slow_5" eclass="HBEFA3/PC_G_EU4" CO2="29743.54" CO="546.54" HC="3.22" NOx="13.58" PMx="0.73" fuel="12.79" electricity="0.00" noise="91.19" route="routeright" type="cfm-slow" waiting="0.00" lane="right_0" pos="44.20" speed="16.17" angle="284.99" x="76.17" y="131.11"/>
    </timestep>
    <timestep time="1.53">
        <vehicle id="cfm-fast_0" eclass="HBEFA3/PC_G_EU4" CO2="33317.26" CO="614.79" HC="3.62" NOx="15.23" PMx="0.82" fuel="14.32" electricity="0.00" noise="92.68" route="routetop" type="cfm-fast" waiting="0.00" lane="top_0" pos="11.14" speed="17.67" angle="254.36" x="40.09" y="128.08"/>
        <vehicle id="cfm-fast_1" eclass="HBEFA3/PC_G_EU4" CO2="34991.38" CO="649.09" HC="3.82" NOx="16.02" PMx="0.86" fuel="15.04" electricity="0.00" noise="94.19" route="routetop" type="cfm-fast" waiting="0.00" lane="top_0" pos="26.99" speed="17.74" angle="225.96" x="12.23" y="109.06"/>
        <vehicle id="cfm-fast_2" eclass="HBEFA3/PC_G_EU4" CO2="43784.87" CO="828.96" HC="4.86" NOx="20.16" PMx="1.09" fuel="18.82" electricity="0.00" noise="101.76" route="routetop" type="cfm-fast" waiting="0.00" lane="top_0" pos="42.90" speed="18.17" angle="197.33" x="-3.22" y="78.91"/>
        <vehicle id="cfm-fast_3" eclass="HBEFA3/PC_G_EU4" CO2="75888.96" CO="1486.43" HC="8.65" NOx="35.25" PMx="1.93" fuel="32.62" electricity="0.00" noise="124.80" route="routetop" type="cfm-fast" waiting="0.00" lane="left_0" pos="9.30" speed="20.44" angle="167.70" x="-2.02" y="43.86"/>
        <vehicle id="cfm-fast_4" eclass="HBEFA3/PC_G_EU4" CO2="76005.87" CO="1488.82" HC="8.66" NOx="35.31" PMx="1.93" fuel="32.67" electricity="0.00" noise="124.82" route="routeleft" type="cfm-fast" waiting="0.00" lane="left_1" pos="25.15" speed="20.47" angle="139.23" x="17.70" y="17.28"/>
        <vehicle id="cfm-fast_5" eclass="HBEFA3/PC_G_EU4" CO2="43732.94" CO="824.94" HC="4.84" NOx="20.09" PMx="1.09" fuel="18.80" electricity="0.00" noise="99.11" route="routeleft" type="cfm-fast" waiting="0.00" lane="left_0" pos="41.10" speed="19.81" angle="110.55" x="44.68" y="-2.27"/>
        <vehicle id="cfm-slow_0" eclass="HBEFA3/PC_G_EU4" CO2="22611.89" CO="403.40" HC="2.39" NOx="10.23" PMx="0.54" fuel="9.72" electricity="0.00" noise="84.60" route="routebottom" type="cfm-slow" waiting="0.00" lane="bottom_0" pos="14.87" speed="15.35" angle="67.70" x="94.58" y="2.42"/>
        <vehicle id="cfm-slow_1" eclass="HBEFA3/PC_G_EU4" CO2="22635.30" CO="403.87" HC="2.40" NOx="10.24" PMx="0.54" fuel="9.73" electricity="0.00" noise="84.63" route="routebottom" type="cfm-slow" waiting="0.00" lane="bottom_0" pos="30.70" speed="15.35" angle="39.23" x="120.03" y="24.55"/>
        <vehicle id="cfm-slow_2" eclass="HBEFA3/PC_G_EU4" CO2="22768.88" CO="406.59" HC="2.41" NOx="10.31" PMx="0.54" fuel="9.79" electricity="0.00" noise="84.77" route="routebottom" type="cfm-slow" waiting="0.00" lane="bottom_0" pos="46.53" speed="15.36" angle="10.83" x="131.85" y="56.13"/>
        <vehicle id="cfm-slow_3" eclass="HBEFA3/PC_G_EU4" CO2="23371.18" CO="418.79" HC="2.48" NOx="10.59" PMx="0.56" fuel="10.05" electricity="0.00" noise="85.38" route="routebottom" type="cfm-slow" waiting="0.00" lane="right_0" pos="12.38" speed="15.40" angle="342.14" x="127.12" y="89.71"/>
        <vehicle id="cfm-slow_4" eclass="HBEFA3/PC_G_EU4" CO2="25374.77" CO="459.15" HC="2.72" NOx="11.53" PMx="0.61" fuel="10.91" electricity="0.00" noise="87.33" route="routeright" type="cfm-slow" waiting="0.00" lane="right_0" pos="28.26" speed="15.59" angle="313.64" x="106.96" y="116.88"/>
        <vehicle id="cfm-slow_5" eclass="HBEFA3/PC_G_EU4" CO2="29675.75" CO="544.88" HC="3.21" NOx="13.55" PMx="0.72" fuel="12.76" electricity="0.00" noise="91.03" route="routeright" type="cfm-slow" waiting="0.00" lane="right_0" pos="44.36" speed="16.23" angle="284.69" x="75.83" y="131.17"/>
    </timestep>
    <timestep time="1.54">
        <vehicle id="cfm-fast_0" eclass="HBEFA3/PC_G_EU4" CO2="33178.64" CO="611.75" HC="3.61" NOx="15.16" PMx="0.81" fuel="14.26" electricity="0.00" noise="92.46" route="routetop" type="cfm-fast" waiting="0.00" lane="top_0" pos="11.32" speed="17.74" angle="254.02" x="39.73" y="127.95"/>
        <vehicle id="cfm-fast_1" eclass="HBEFA3/PC_G_EU4" CO2="34922.60" CO="647.47" HC="3.81" NOx="15.98" PMx="0.86" fuel="15.01" electricity="0.00" noise="94.03" route="routetop" type="cfm-fast" waiting="0.00" lane="top_0" pos="27.16" speed="17.80" angle="225.63" x="11.98" y="108.77"/>
        <vehicle id="cfm-fast_2" eclass="HBEFA3/PC_G_EU4" CO2="43932.92" CO="831.80" HC="4.87" NOx="20.22" PMx="1.10" fuel="18.88" electricity="0.00" noise="101.75" route="routetop" type="cfm-fast" waiting="0.00" lane="top_0" pos="43.08" speed="18.26" angle="197.01" x="-3.31" y="78.53"/>
        <vehicle id="cfm-fast_3" eclass="HBEFA3/PC_G_EU4" CO2="76399.87" CO="1496.88" HC="8.71" NOx="35.49" PMx="1.95" fuel="32.84" electricity="0.00" noise="124.87" route="routetop" type="cfm-fast" waiting="0.00" lane="left_0" pos="9.50" speed="20.57" angle="167.32" x="-1.89" y="43.43"/>
        <vehicle id="cfm-fast_4" eclass="HBEFA3/PC_G_EU4" CO2="76516.85" CO="1499.27" HC="8.73" NOx="35.54" PMx="1.95" fuel="32.89" electricity="0.00" noise="124.88" route="routeleft" type="cfm-fast" waiting="0.00" lane="left_1" pos="25.35" speed="20.60" angle="138.85" x="18.00" y="16.98"/>
        <vehicle id="cfm-fast_5" eclass="HBEFA3/PC_G_EU4" CO2="43191.36" CO="813.70" HC="4.77" NOx="19.84" PMx="1.08" fuel="18.57" electricity="0.00" noise="98.54" route="routeleft" type="cfm-fast" waiting="0.00" lane="left_0" pos="41.30" speed="19.88" angle="110.18" x="45.09" y="-2.38"/>
        <vehicle id="cfm-slow_0" eclass="HBEFA3/PC_G_EU4" CO2="22499.47" CO="400.84" HC="2.38" NOx="10.18" PMx="0.54" fuel="9.67" electricity="0.00" noise="84.43" route="routebottom" type="cfm-slow" waiting="0.00" lane="bottom_0" pos="15.02" speed="15.40" angle="67.41" x="94.88" y="2.57"/>
        <vehicle id="cfm-slow_1" eclass="HBEFA3/PC_G_EU4" CO2="22523.97" CO="401.34" HC="2.38" NOx="10.19" PMx="0.54" fuel="9.68" electricity="0.00" noise="84.45" route="routebottom" type="cfm-slow" waiting="0.00" lane="bottom_0" pos="30.85" speed="15.40" angle="38.99" x="120.22" y="24.82"/>
        <vehicle id="cfm-slow_2" eclass="HBEFA3/PC_G_EU4" CO2="22662.25" CO="404.15" HC="2.40" NOx="10.26" PMx="0.54" fuel="9.74" electricity="0.00" noise="84.60" route="routebottom" type="cfm-slow" waiting="0.00" lane="bottom_0" pos="46.69" speed="15.41" angle="10.55" x="131.89" y="56.46"/>
        <vehicle id="cfm-slow_3" eclass="HBEFA3/PC_G_EU4" CO2="23278.93" CO="416.64" HC="2.47" NOx="10.55" PMx="0.56" fuel="10.01" electricity="0.00" noise="85.22" route="routebottom" type="cfm-slow" waiting="0.00" lane="right_0" pos="12.53" speed="15.45" angle="341.86" x="127.00" y="90.02"/>
        <vehicle id="cfm-slow_4" eclass="HBEFA3/PC_G_EU4" CO2="25307.15" CO="457.50" HC="2.71" NOx="11.50" PMx="0.61" fuel="10.88" electricity="0.00" noise="87.18" route="routeright" type="cfm-slow" waiting="0.00" lane="right_0" pos="28.42" speed="15.65" angle="313.35" x="106.70" y="117.09"/>
        <vehicle id="cfm-slow_5" eclass="HBEFA3/PC_G_EU4" CO2="29607.04" CO="543.21" HC="3.20" NOx="13.51" PMx="0.72" fuel="12.73" electricity="0.00" noise="90.87" route="routeright" type="cfm-slow" waiting="0.00" lane="right_0" pos="44.52" speed="16.30" angle="284.37" x="75.49" y="131.24"/>
    </timestep>
    <timestep time="1.55">
        <vehicle id="cfm-fast_0" eclass="HBEFA3/PC_G_EU4" CO2="33040.19" CO="608.72" HC="3.59" NOx="15.09" PMx="0.81" fuel="14.20" electricity="0.00" noise="92.25" route="routetop" type="cfm-fast" waiting="0.00" lane="top_0" pos="11.50" speed="17.81" angle="253.74" x="39.37" y="127.82"/>
        <vehicle id="cfm-fast_1" eclass="HBEFA3/PC_G_EU4" CO2="34855.40" CO="645.90" HC="3.80" NOx="15.95" PMx="0.86" fuel="14.98" electricity="0.00" noise="93.87" route="routetop" type="cfm-fast" waiting="0.00" lane="top_0" pos="27.34" speed="17.87" angle="225.29" x="11.73" y="108.48"/>
        <vehicle id="cfm-fast_2" eclass="HBEFA3/PC_G_EU4" CO2="44083.50" CO="834.69" HC="4.89" NOx="20.29" PMx="1.10" fuel="18.95" electricity="0.00" noise="101.73" route="routetop" type="cfm-fast" waiting="0.00" lane="top_0" pos="43.26" speed="18.34" angle="196.68" x="-3.39" y="78.15"/>
        <vehicle id="cfm-fast_3" eclass="HBEFA3/PC_G_EU4" CO2="76911.08" CO="1507.34" HC="8.77" NOx="35.73" PMx="1.96" fuel="33.06" electricity="0.00" noise="124.93" route="routetop" type="cfm-fast" waiting="0.00" lane="left_0" pos="9.71" speed="20.71" angle="166.93" x="-1.75" y="43.01"/>
        <vehicle id="cfm-fast_4" eclass="HBEFA3/PC_G_EU4" CO2="77028.12" CO="1509.74" HC="8.79" NOx="35.78" PMx="1.96" fuel="33.11" electricity="0.00" noise="124.95" route="routeleft" type="cfm-fast" waiting="0.00" lane="left_1" pos="25.56" speed="20.74" angle="138.49" x="18.30" y="16.68"/>
        <vehicle id="cfm-fast_5" eclass="HBEFA3/PC_G_EU4" CO2="42650.95" CO="802.50" HC="4.71" NOx="19.58" PMx="1.06" fuel="18.33" electricity="0.00" noise="97.98" route="routeleft" type="cfm-fast" waiting="0.00" lane="left_0" pos="41.50" speed="19.96" angle="109.80" x="45.51" y="-2.49"/>
        <vehicle id="cfm-slow_0" eclass="HBEFA3/PC_G_EU4" CO2="22386.94" CO="398.29" HC="2.36" NOx="10.13" PMx="0.53" fuel="9.62" electricity="0.00" noise="84.25" route="routebottom" type="cfm-slow" waiting="0.00" lane="bottom_0" pos="15.17" speed="15.45" angle="67.12" x="95.18" y="2.72"/>
        <vehicle id="cfm-slow_1" eclass="HBEFA3/PC_G_EU4" CO2="22412.57" CO="398.81" HC="2.37" NOx="10.14" PMx="0.53" fuel="9.63" electricity="0.00" noise="84.28" route="routebottom" type="cfm-slow" waiting="0.00" lane="bottom_0" pos="31.01" speed="15.45" angle="38.71" x="120.40" y="25.10"/>
        <vehicle id="cfm-slow_2" eclass="HBEFA3/PC_G_EU4" CO2="22555.66" CO="401.72" HC="2.38" NOx="10.20" PMx="0.54" fuel="9.70" electricity="0.00" noise="84.43" route="routebottom" type="cfm-slow" waiting="0.00" lane="bottom_0" pos="46.84" speed="15.46" angle="10.27" x="131.92" y="56.79"/>
        <vehicle id="cfm-slow_3" eclass="HBEFA3/PC_G_EU4" CO2="23186.82" CO="414.50" HC="2.46" NOx="10.50" PMx="0.55" fuel="9.97" electricity="0.00" noise="85.06" route="routebottom" type="cfm-slow" waiting="0.00" lane="right_0" pos="12.69" speed="15.50" angle="341.59" x="126.87" y="90.33"/>
        <vehicle id="cfm-slow_4" eclass="HBEFA3/PC_G_EU4" CO2="25239.40" CO="455.85" HC="2.70" NOx="11.47" PMx="0.61" fuel="10.85" electricity="0.00" noise="87.04" route="routeright" type="cfm-slow" waiting="0.00" lane="right_0" pos="28.58" speed="15.70" angle="313.07" x="106.43" y="117.29"/>
        <vehicle id="cfm-slow_5" eclass="HBEFA3/PC_G_EU4" CO2="29537.42" CO="541.52" HC="3.19" NOx="13.48" PMx="0.72" fuel="12.70" electricity="0.00" noise="90.71" route="routeright" type="cfm-slow" waiting="0.00" lane="right_0" pos="44.69" speed="16.36" angle="284.06" x="75.14" y="131.30"/>
    </timestep>
    <timestep time="1.56">
        <vehicle id="cfm-fast_0" eclass="HBEFA3/PC_G_EU4" CO2="32901.95" CO="605.69" HC="3.57" NOx="15.03" PMx="0.81" fuel="14.14" electricity="0.00" noise="92.04" route="routetop" type="cfm-fast" waiting="0.00" lane="top_0" pos="11.68" speed="17.87" angle="253.43" x="39.01" y="127.68"/>
        <vehicle id="cfm-fast_1" eclass="HBEFA3/PC_G_EU4" CO2="34789.81" CO="644.37" HC="3.79" NOx="15.92" PMx="0.86" fuel="14.95" electricity="0.00" noise="93.72" route="routetop" type="cfm-fast" waiting="0.00" lane="top_0" pos="27.52" speed="17.94" angle="224.96" x="11.48" y="108.19"/>
        <vehicle id="cfm-fast_2" eclass="HBEFA3/PC_G_EU4" CO2="44236.63" CO="837.65" HC="4.91" NOx="20.36" PMx="1.10" fuel="19.02" electricity="0.00" noise="101.73" route="routetop" type="cfm-fast" waiting="0.00" lane="top_0" pos="43.45" speed="18.43" angle="196.35" x="-3.48" y="77.76"/>
        <vehicle id="cfm-fast_3" eclass="HBEFA3/PC_G_EU4" CO2="77422.57" CO="1517.83" HC="8.83" NOx="35.97" PMx="1.97" fuel="33.28" electricity="0.00" noise="124.99" route="routetop" type="cfm-fast" waiting="0.00" lane="left_0" pos="9.92" speed="20.84" angle="166.54" x="-1.62" y="42.58"/>
        <vehicle id="cfm-fast_4" eclass="HBEFA3/PC_G_EU4" CO2="77539.69" CO="1520.23" HC="8.85" NOx="36.02" PMx="1.98" fuel="33.33" electricity="0.00" noise="125.01" route="routeleft" type="cfm-fast" waiting="0.00" lane="left_1" pos="25.77" speed="20.88" angle="138.14" x="18.61" y="16.38"/>
        <vehicle id="cfm-fast_5" eclass="HBEFA3/PC_G_EU4" CO2="42111.91" CO="791.33" HC="4.65" NOx="19.32" PMx="1.05" fuel="18.10" electricity="0.00" noise="97.42" route="routeleft" type="cfm-fast" waiting="0.00" lane="left_0" pos="41.70" speed="20.04" angle="109.43" x="45.92" y="-2.60"/>
        <vehicle id="cfm-slow_0" eclass="HBEFA3/PC_G_EU4" CO2="22274.35" CO="395.74" HC="2.35" NOx="10.07" PMx="0.53" fuel="9.57" electricity="0.00" noise="84.08" route="routebottom" type="cfm-slow" waiting="0.00" lane="bottom_0" pos="15.33" speed="15.50" angle="66.88" x="95.48" y="2.87"/>
        <vehicle id="cfm-slow_1" eclass="HBEFA3/PC_G_EU4" CO2="22301.13" CO="396.28" HC="2.35" NOx="10.08" PMx="0.53" fuel="9.59" electricity="0.00" noise="84.11" route="routebottom" type="cfm-slow" waiting="0.00" lane="bottom_0" pos="31.16" speed="15.50" angle="38.43" x="120.59" y="25.38"/>
        <vehicle id="cfm-slow_2" eclass="HBEFA3/PC_G_EU4" CO2="22449.13" CO="399.29" HC="2.37" NOx="10.15" PMx="0.54" fuel="9.65" electricity="0.00" noise="84.26" route="routebottom" type="cfm-slow" waiting="0.00" lane="bottom_0" pos="47.00" speed="15.51" angle="9.99" x="131.96" y="57.12"/>
        <vehicle id="cfm-slow_3" eclass="HBEFA3/PC_G_EU4" CO2="23094.87" CO="412.37" HC="2.45" NOx="10.46" PMx="0.55" fuel="9.93" electricity="0.00" noise="84.91" route="routebottom" type="cfm-slow" waiting="0.00" lane="right_0" pos="12.84" speed="15.55" angle="341.35" x="126.75" y="90.64"/>
        <vehicle id="cfm-slow_4" eclass="HBEFA3/PC_G_EU4" CO2="25171.54" CO="454.20" HC="2.69" NOx="11.43" PMx="0.61" fuel="10.82" electricity="0.00" noise="86.90" route="routeright" type="cfm-slow" waiting="0.00" lane="right_0" pos="28.74" speed="15.76" angle="312.78" x="106.17" y="117.50"/>
        <vehicle id="cfm-slow_5" eclass="HBEFA3/PC_G_EU4" CO2="29466.94" CO="539.82" HC="3.18" NOx="13.44" PMx="0.72" fuel="12.67" electricity="0.00" noise="90.55" route="routeright" type="cfm-slow" waiting="0.00" lane="right_0" pos="44.85" speed="16.42" angle="283.80" x="74.79" y="131.37"/>
    </timestep>
    <timestep time="1.57">
        <vehicle id="cfm-fast_0" eclass="HBEFA3/PC_G_EU4" CO2="32763.97" CO="602.68" HC="3.55" NOx="14.96" PMx="0.80" fuel="14.08" electricity="0.00" noise="91.83" route="routetop" type="cfm-fast" waiting="0.00" lane="top_0" pos="11.86" speed="17.93" angle="253.10" x="38.65" y="127.54"/>
        <vehicle id="cfm-fast_1" eclass="HBEFA3/PC_G_EU4" CO2="34725.88" CO="642.87" HC="3.79" NOx="15.89" PMx="0.86" fuel="14.93" electricity="0.00" noise="93.57" route="routetop" type="cfm-fast" waiting="0.00" lane="top_0" pos="27.70" speed="18.01" angle="224.62" x="11.23" y="107.89"/>
        <vehicle id="cfm-fast_2" eclass="HBEFA3/PC_G_EU4" CO2="44392.30" CO="840.66" HC="4.93" NOx="20.43" PMx="1.11" fuel="19.08" electricity="0.00" noise="101.72" route="routetop" type="cfm-fast" waiting="0.00" lane="top_0" pos="43.63" speed="18.52" angle="196.08" x="-3.57" y="77.37"/>
        <vehicle id="cfm-fast_3" eclass="HBEFA3/PC_G_EU4" CO2="77934.36" CO="1528.34" HC="8.89" NOx="36.20" PMx="1.99" fuel="33.50" electricity="0.00" noise="125.06" route="routetop" type="cfm-fast" waiting="0.00" lane="left_0" pos="10.13" speed="20.98" angle="166.17" x="-1.49" y="42.15"/>
        <vehicle id="cfm-fast_4" eclass="HBEFA3/PC_G_EU4" CO2="78051.54" CO="1530.75" HC="8.91" NOx="36.26" PMx="1.99" fuel="33.55" electricity="0.00" noise="125.07" route="routeleft" type="cfm-fast" waiting="0.00" lane="left_1" pos="25.98" speed="21.01" angle="137.75" x="18.93" y="16.09"/>
        <vehicle id="cfm-fast_5" eclass="HBEFA3/PC_G_EU4" CO2="41574.39" CO="780.20" HC="4.58" NOx="19.07" PMx="1.04" fuel="17.87" electricity="0.00" noise="96.87" route="routeleft" type="cfm-fast" waiting="0.00" lane="left_0" pos="41.90" speed="20.11" angle="109.06" x="46.34" y="-2.71"/>
        <vehicle id="cfm-slow_0" eclass="HBEFA3/PC_G_EU4" CO2="22161.69" CO="393.19" HC="2.34" NOx="10.02" PMx="0.53" fuel="9.53" electricity="0.00" noise="83.91" route="routebottom" type="cfm-slow" waiting="0.00" lane="bottom_0" pos="15.48" speed="15.55" angle="66.62" x="95.77" y="3.03"/>
        <vehicle id="cfm-slow_1" eclass="HBEFA3/PC_G_EU4" CO2="22189.67" CO="393.76" HC="2.34" NOx="10.03" PMx="0.53" fuel="9.54" electricity="0.00" noise="83.94" route="routebottom" type="cfm-slow" waiting="0.00" lane="bottom_0" pos="31.32" speed="15.55" angle="38.15" x="120.77" y="25.65"/>
        <vehicle id="cfm-slow_2" eclass="HBEFA3/PC_G_EU4" CO2="22342.67" CO="396.87" HC="2.36" NOx="10.10" PMx="0.53" fuel="9.60" electricity="0.00" noise="84.09" route="routebottom" type="cfm-slow" waiting="0.00" lane="bottom_0" pos="47.15" speed="15.56" angle="9.70" x="131.99" y="57.45"/>
        <vehicle id="cfm-slow_3" eclass="HBEFA3/PC_G_EU4" CO2="23003.10" CO="410.25" HC="2.43" NOx="10.41" PMx="0.55" fuel="9.89" electricity="0.00" noise="84.75" route="routebottom" type="cfm-slow" waiting="0.00" lane="right_0" pos="13.00" speed="15.60" angle="341.07" x="126.61" y="90.95"/>
        <vehicle id="cfm-slow_4" eclass="HBEFA3/PC_G_EU4" CO2="25103.57" CO="452.56" HC="2.68" NOx="11.40" PMx="0.60" fuel="10.79" electricity="0.00" noise="86.77" route="routeright" type="cfm-slow" waiting="0.00" lane="right_0" pos="28.89" speed="15.81" angle="312.49" x="105.90" y="117.71"/>
        <vehicle id="cfm-slow_5" eclass="HBEFA3/PC_G_EU4" CO2="29395.62" CO="538.11" HC="3.18" NOx="13.41" PMx="0.72" fuel="12.64" electricity="0.00" noise="90.39" route="routeright" type="cfm-slow" waiting="0.00" lane="right_0" pos="45.01" speed="16.48" angle="283.53" x="74.44" y="131.42"/>
    </timestep>
    <timestep time="1.58">
        <vehicle id="cfm-fast_0" eclass="HBEFA3/PC_G_EU4" CO2="32626.31" CO="599.67" HC="3.54" NOx="14.90" PMx="0.80" fuel="14.02" electricity="0.00" noise="91.62" route="routetop" type="cfm-fast" waiting="0.00" lane="top_0" pos="12.04" speed="18.00" angle="252.77" x="38.29" y="127.40"/>
        <vehicle id="cfm-fast_1" eclass="HBEFA3/PC_G_EU4" CO2="34663.66" CO="641.41" HC="3.78" NOx="15.85" PMx="0.85" fuel="14.90" electricity="0.00" noise="93.42" route="routetop" type="cfm-fast" waiting="0.00" lane="top_0" pos="27.88" speed="18.08" angle="224.28" x="10.98" y="107.60"/>
        <vehicle id="cfm-fast_2" eclass="HBEFA3/PC_G_EU4" CO2="44550.54" CO="843.73" HC="4.94" NOx="20.51" PMx="1.11" fuel="19.15" electricity="0.00" noise="101.72" route="routetop" type="cfm-fast" waiting="0.00" lane="top_0" pos="43.82" speed="18.60" angle="195.73" x="-3.64" y="76.98"/>
        <vehicle id="cfm-fast_3" eclass="HBEFA3/PC_G_EU4" CO2="78446.44" CO="1538.87" HC="8.95" NOx="36.44" PMx="2.00" fuel="33.72" electricity="0.00" noise="125.12" route="routetop" type="cfm-fast" waiting="0.00" lane="left_0" pos="10.34" speed="21.12" angle="165.84" x="-1.34" y="41.72"/>
        <vehicle id="cfm-fast_4" eclass="HBEFA3/PC_G_EU4" CO2="78563.69" CO="1541.29" HC="8.97" NOx="36.50" PMx="2.00" fuel="33.77" electricity="0.00" noise="125.14" route="routeleft" type="cfm-fast" waiting="0.00" lane="left_1" pos="26.19" speed="21.15" angle="137.36" x="19.25" y="15.80"/>
        <vehicle id="cfm-fast_5" eclass="HBEFA3/PC_G_EU4" CO2="41038.56" CO="769.10" HC="4.52" NOx="18.81" PMx="1.02" fuel="17.64" electricity="0.00" noise="96.33" route="routeleft" type="cfm-fast" waiting="0.00" lane="left_0" pos="42.11" speed="20.18" angle="108.68" x="46.76" y="-2.82"/>
        <vehicle id="cfm-slow_0" eclass="HBEFA3/PC_G_EU4" CO2="22049.00" CO="390.64" HC="2.32" NOx="9.96" PMx="0.52" fuel="9.48" electricity="0.00" noise="83.74" route="routebottom" type="cfm-slow" waiting="0.00" lane="bottom_0" pos="15.64" speed="15.60" angle="66.33" x="96.07" y="3.19"/>
        <vehicle id="cfm-slow_1" eclass="HBEFA3/PC_G_EU4" CO2="22078.22" CO="391.24" HC="2.32" NOx="9.98" PMx="0.53" fuel="9.49" electricity="0.00" noise="83.77" route="routebottom" type="cfm-slow" waiting="0.00" lane="bottom_0" pos="31.47" speed="15.60" angle="37.87" x="120.96" y="25.93"/>
        <vehicle id="cfm-slow_2" eclass="HBEFA3/PC_G_EU4" CO2="22236.31" CO="394.45" HC="2.34" NOx="10.05" PMx="0.53" fuel="9.56" electricity="0.00" noise="83.93" route="routebottom" type="cfm-slow" waiting="0.00" lane="bottom_0" pos="47.31" speed="15.61" angle="9.42" x="132.02" y="57.79"/>
        <vehicle id="cfm-slow_3" eclass="HBEFA3/PC_G_EU4" CO2="22911.52" CO="408.13" HC="2.42" NOx="10.37" PMx="0.55" fuel="9.85" electricity="0.00" noise="84.60" route="routebottom" type="cfm-slow" waiting="0.00" lane="right_0" pos="13.15" speed="15.65" angle="340.79" x="126.47" y="91.25"/>
        <vehicle id="cfm-slow_4" eclass="HBEFA3/PC_G_EU4" CO2="25035.53" CO="450.91" HC="2.67" NOx="11.36" PMx="0.60" fuel="10.76" electricity="0.00" noise="86.63" route="routeright" type="cfm-slow" waiting="0.00" lane="right_0" pos="29.05" speed="15.87" angle="312.20" x="105.63" y="117.92"/>
        <vehicle id="cfm-slow_5" eclass="HBEFA3/PC_G_EU4" CO2="29323.50" CO="536.38" HC="3.17" NOx="13.37" PMx="0.71" fuel="12.60" electricity="0.00" noise="90.24" route="routeright" type="cfm-slow" waiting="0.00" lane="right_0" pos="45.18" speed="16.55" angle="283.23" x="74.09" y="131.47"/>
    </timestep>
    <timestep time="1.59">
        <vehicle id="cfm-fast_0" eclass="HBEFA3/PC_G_EU4" CO2="32489.01" CO="596.68" HC="3.52" NOx="14.83" PMx="0.80" fuel="13.97" electricity="0.00" noise="91.41" route="routetop" type="cfm-fast" waiting="0.00" lane="top_0" pos="12.22" speed="18.06" angle="252.45" x="37.93" y="127.25"/>
        <vehicle id="cfm-fast_1" eclass="HBEFA3/PC_G_EU4" CO2="34603.18" CO="640.00" HC="3.77" NOx="15.82" PMx="0.85" fuel="14.87" electricity="0.00" noise="93.28" route="routetop" type="cfm-fast" waiting="0.00" lane="top_0" pos="28.06" speed="18.14" angle="223.94" x="10.72" y="107.30"/>
        <vehicle id="cfm-fast_2" eclass="HBEFA3/PC_G_EU4" CO2="44711.34" CO="846.86" HC="4.96" NOx="20.58" PMx="1.12" fuel="19.22" electricity="0.00" noise="101.71" route="routetop" type="cfm-fast" waiting="0.00" lane="top_0" pos="44.00" speed="18.69" angle="195.38" x="-3.72" y="76.58"/>
        <vehicle id="cfm-fast_3" eclass="HBEFA3/PC_G_EU4" CO2="78958.82" CO="1549.42" HC="9.01" NOx="36.68" PMx="2.01" fuel="33.94" electricity="0.00" noise="125.19" route="routetop" type="cfm-fast" waiting="0.00" lane="left_0" pos="10.55" speed="21.25" angle="165.44" x="-1.19" y="41.29"/>
        <vehicle id="cfm-fast_4" eclass="HBEFA3/PC_G_EU4" CO2="79076.13" CO="1551.84" HC="9.03" NOx="36.74" PMx="2.02" fuel="33.99" electricity="0.00" noise="125.20" route="routeleft" type="cfm-fast" waiting="0.00" lane="left_1" pos="26.40" speed="21.28" angle="136.96" x="19.57" y="15.50"/>
        <vehicle id="cfm-fast_5" eclass="HBEFA3/PC_G_EU4" CO2="40504.57" CO="758.05" HC="4.45" NOx="18.56" PMx="1.01" fuel="17.41" electricity="0.00" noise="95.80" route="routeleft" type="cfm-fast" waiting="0.00" lane="left_0" pos="42.31" speed="20.25" angle="108.35" x="47.18" y="-2.93"/>
        <vehicle id="cfm-slow_0" eclass="HBEFA3/PC_G_EU4" CO2="21936.30" CO="388.10" HC="2.31" NOx="9.91" PMx="0.52" fuel="9.43" electricity="0.00" noise="83.57" route="routebottom" type="cfm-slow" waiting="0.00" lane="bottom_0" pos="15.80" speed="15.64" angle="66.04" x="96.36" y="3.35"/>
        <vehicle id="cfm-slow_1" eclass="HBEFA3/PC_G_EU4" CO2="21966.79" CO="388.73" HC="2.31" NOx="9.92" PMx="0.52" fuel="9.44" electricity="0.00" noise="83.60" route="routebottom" type="cfm-slow" waiting="0.00" lane="bottom_0" pos="31.63" speed="15.65" angle="37.59" x="121.15" y="26.21"/>
        <vehicle id="cfm-slow_2" eclass="HBEFA3/PC_G_EU4" CO2="22130.08" CO="392.04" HC="2.33" NOx="10.00" PMx="0.53" fuel="9.51" electricity="0.00" noise="83.77" route="routebottom" type="cfm-slow" waiting="0.00" lane="bottom_0" pos="47.47" speed="15.65" angle="9.19" x="132.06" y="58.12"/>
        <vehicle id="cfm-slow_3" eclass="HBEFA3/PC_G_EU4" CO2="22820.15" CO="406.02" HC="2.41" NOx="10.32" PMx="0.54" fuel="9.81" electricity="0.00" noise="84.45" route="routebottom" type="cfm-slow" waiting="0.00" lane="right_0" pos="13.31" speed="15.70" angle="340.50" x="126.33" y="91.56"/>
        <vehicle id="cfm-slow_4" eclass="HBEFA3/PC_G_EU4" CO2="24967.40" CO="449.27" HC="2.66" NOx="11.33" PMx="0.60" fuel="10.73" electricity="0.00" noise="86.50" route="routeright" type="cfm-slow" waiting="0.00" lane="right_0" pos="29.21" speed="15.92" angle="311.91" x="105.36" y="118.13"/>
        <vehicle id="cfm-slow_5" eclass="HBEFA3/PC_G_EU4" CO2="29250.60" CO="534.65" HC="3.16" NOx="13.34" PMx="0.71" fuel="12.57" electricity="0.00" noise="90.08" route="routeright" type="cfm-slow" waiting="0.00" lane="right_0" pos="45.35" speed="16.61" angle="282.93" x="73.74" y="131.52"/>
    </timestep>
    <timestep time="1.60">
        <vehicle id="cfm-fast_0" eclass="HBEFA3/PC_G_EU4" CO2="32352.14" CO="593.70" HC="3.50" NOx="14.76" PMx="0.79" fuel="13.91" electricity="0.00" noise="91.21" route="routetop" type="cfm-fast" waiting="0.00" lane="top_0" pos="12.40" speed="18.12" angle="252.12" x="37.57" y="127.11"/>
        <vehicle id="cfm-fast_1" eclass="HBEFA3/PC_G_EU4" CO2="34544.48" CO="638.62" HC="3.76" NOx="15.80" PMx="0.85" fuel="14.85" electricity="0.00" noise="93.13" route="routetop" type="cfm-fast" waiting="0.00" lane="top_0" pos="28.25" speed="18.21" angle="223.68" x="10.47" y="107.00"/>
        <vehicle id="cfm-fast_2" eclass="HBEFA3/PC_G_EU4" CO2="44874.71" CO="850.05" HC="4.98" NOx="20.66" PMx="1.12" fuel="19.29" electricity="0.00" noise="101.72" route="routetop" type="cfm-fast" waiting="0.00" lane="top_0" pos="44.19" speed="18.77" angle="195.03" x="-3.79" y="76.18"/>
        <vehicle id="cfm-fast_3" eclass="HBEFA3/PC_G_EU4" CO2="79471.48" CO="1560.00" HC="9.08" NOx="36.92" PMx="2.03" fuel="34.16" electricity="0.00" noise="125.25" route="routetop" type="cfm-fast" waiting="0.00" lane="left_0" pos="10.76" speed="21.39" angle="165.04" x="-1.03" y="40.85"/>
        <vehicle id="cfm-fast_4" eclass="HBEFA3/PC_G_EU4" CO2="79588.86" CO="1562.42" HC="9.09" NOx="36.97" PMx="2.03" fuel="34.21" electricity="0.00" noise="125.27" route="routeleft" type="cfm-fast" waiting="0.00" lane="left_1" pos="26.62" speed="21.42" angle="136.57" x="19.89" y="15.20"/>
        <vehicle id="cfm-fast_5" eclass="HBEFA3/PC_G_EU4" CO2="39972.58" CO="747.05" HC="4.39" NOx="18.31" PMx="0.99" fuel="17.18" electricity="0.00" noise="95.28" route="routeleft" type="cfm-fast" waiting="0.00" lane="left_0" pos="42.51" speed="20.32" angle="108.00" x="47.61" y="-3.03"/>
        <vehicle id="cfm-slow_0" eclass="HBEFA3/PC_G_EU4" CO2="21823.60" CO="385.57" HC="2.29" NOx="9.85" PMx="0.52" fuel="9.38" electricity="0.00" noise="83.40" route="routebottom" type="cfm-slow" waiting="0.00" lane="bottom_0" pos="15.95" speed="15.69" angle="65.75" x="96.65" y="3.52"/>
        <vehicle id="cfm-slow_1" eclass="HBEFA3/PC_G_EU4" CO2="21855.40" CO="386.22" HC="2.30" NOx="9.87" PMx="0.52" fuel="9.39" electricity="0.00" noise="83.44" route="routebottom" type="cfm-slow" waiting="0.00" lane="bottom_0" pos="31.79" speed="15.69" angle="37.31" x="121.33" y="26.49"/>
        <vehicle id="cfm-slow_2" eclass="HBEFA3/PC_G_EU4" CO2="22023.98" CO="389.64" HC="2.32" NOx="9.95" PMx="0.52" fuel="9.47" electricity="0.00" noise="83.61" route="routebottom" type="cfm-slow" waiting="0.00" lane="bottom_0" pos="47.62" speed="15.70" angle="8.90" x="132.08" y="58.46"/>
        <vehicle id="cfm-slow_3" eclass="HBEFA3/PC_G_EU4" CO2="22729.00" CO="403.92" HC="2.40" NOx="10.28" PMx="0.54" fuel="9.77" electricity="0.00" noise="84.30" route="routebottom" type="cfm-slow" waiting="0.00" lane="right_0" pos="13.47" speed="15.75" angle="340.22" x="126.20" y="91.87"/>
        <vehicle id="cfm-slow_4" eclass="HBEFA3/PC_G_EU4" CO2="24899.21" CO="447.64" HC="2.65" NOx="11.30" PMx="0.60" fuel="10.70" electricity="0.00" noise="86.36" route="routeright" type="cfm-slow" waiting="0.00" lane="right_0" pos="29.37" speed="15.97" angle="311.62" x="105.09" y="118.35"/>
        <vehicle id="cfm-slow_5" eclass="HBEFA3/PC_G_EU4" CO2="29176.95" CO="532.90" HC="3.15" NOx="13.30" PMx="0.71" fuel="12.54" electricity="0.00" noise="89.93" route="routeright" type="cfm-slow" waiting="0.00" lane="right_0" pos="45.51" speed="16.67" angle="282.63" x="73.38" y="131.57"/>
    </timestep>
    <timestep time="1.61">
        <vehicle id="cfm-fast_0" eclass="HBEFA3/PC_G_EU4" CO2="32215.72" CO="590.74" HC="3.49" NOx="14.70" PMx="0.79" fuel="13.85" electricity="0.00" noise="91.01" route="routetop" type="cfm-fast" waiting="0.00" lane="top_0" pos="12.58" speed="18.18" angle="251.79" x="37.21" y="126.96"/>
        <vehicle id="cfm-fast_1" eclass="HBEFA3/PC_G_EU4" CO2="34487.60" CO="637.29" HC="3.75" NOx="15.77" PMx="0.85" fuel="14.82" electricity="0.00" noise="93.00" route="routetop" type="cfm-fast" waiting="0.00" lane="top_0" pos="28.43" speed="18.28" angle="223.34" x="10.23" y="106.69"/>
        <vehicle id="cfm-fast_2" eclass="HBEFA3/PC_G_EU4" CO2="45040.66" CO="853.30" HC="5.00" NOx="20.73" PMx="1.12" fuel="19.36" electricity="0.00" noise="101.72" route="routetop" type="cfm-fast" waiting="0.00" lane="top_0" pos="44.38" speed="18.86" angle="194.68" x="-3.86" y="75.79"/>
        <vehicle id="cfm-fast_3" eclass="HBEFA3/PC_G_EU4" CO2="79984.44" CO="1570.59" HC="9.14" NOx="37.16" PMx="2.04" fuel="34.38" electricity="0.00" noise="125.31" route="routetop" type="cfm-fast" waiting="0.00" lane="left_0" pos="10.98" speed="21.53" angle="164.65" x="-0.88" y="40.42"/>
        <vehicle id="cfm-fast_4" eclass="HBEFA3/PC_G_EU4" CO2="80101.88" CO="1573.02" HC="9.15" NOx="37.21" PMx="2.04" fuel="34.43" electricity="0.00" noise="125.33" route="routeleft" type="cfm-fast" waiting="0.00" lane="left_1" pos="26.83" speed="21.56" angle="136.19" x="20.22" y="14.90"/>
        <vehicle id="cfm-fast_5" eclass="HBEFA3/PC_G_EU4" CO2="39442.71" CO="736.10" HC="4.33" NOx="18.05" PMx="0.98" fuel="16.95" electricity="0.00" noise="94.76" route="routeleft" type="cfm-fast" waiting="0.00" lane="left_0" pos="42.71" speed="20.39" angle="107.64" x="48.04" y="-3.13"/>
        <vehicle id="cfm-slow_0" eclass="HBEFA3/PC_G_EU4" CO2="21710.92" CO="383.04" HC="2.28" NOx="9.80" PMx="0.52" fuel="9.33" electricity="0.00" noise="83.24" route="routebottom" type="cfm-slow" waiting="0.00" lane="bottom_0" pos="16.11" speed="15.74" angle="65.46" x="96.95" y="3.68"/>
        <vehicle id="cfm-slow_1" eclass="HBEFA3/PC_G_EU4" CO2="21744.08" CO="383.71" HC="2.28" NOx="9.81" PMx="0.52" fuel="9.35" electricity="0.00" noise="83.27" route="routebottom" type="cfm-slow" waiting="0.00" lane="bottom_0" pos="31.94" speed="15.74" angle="37.03" x="121.52" y="26.77"/>
        <vehicle id="cfm-slow_2" eclass="HBEFA3/PC_G_EU4" CO2="21918.05" CO="387.25" HC="2.30" NOx="9.90" PMx="0.52" fuel="9.42" electricity="0.00" noise="83.45" route="routebottom" type="cfm-slow" waiting="0.00" lane="bottom_0" pos="47.78" speed="15.75" angle="8.60" x="132.10" y="58.80"/>
        <vehicle id="cfm-slow_3" eclass="HBEFA3/PC_G_EU4" CO2="22638.10" CO="401.83" HC="2.39" NOx="10.24" PMx="0.54" fuel="9.73" electricity="0.00" noise="84.16" route="routebottom" type="cfm-slow" waiting="0.00" lane="right_0" pos="13.63" speed="15.80" angle="339.93" x="126.06" y="92.18"/>
        <vehicle id="cfm-slow_4" eclass="HBEFA3/PC_G_EU4" CO2="24830.98" CO="446.00" HC="2.64" NOx="11.26" PMx="0.60" fuel="10.67" electricity="0.00" noise="86.23" route="routeright" type="cfm-slow" waiting="0.00" lane="right_0" pos="29.53" speed="16.03" angle="311.38" x="104.82" y="118.56"/>
        <vehicle id="cfm-slow_5" eclass="HBEFA3/PC_G_EU4" CO2="29102.58" CO="531.14" HC="3.14" NOx="13.26" PMx="0.71" fuel="12.51" electricity="0.00" noise="89.78" route="routeright" type="cfm-slow" waiting="0.00" lane="right_0" pos="45.68" speed="16.73" angle="282.33" x="73.02" y="131.62"/>
    </timestep>
    <timestep time="1.62">
        <vehicle id="cfm-fast_0" eclass="HBEFA3/PC_G_EU4" CO2="32079.82" CO="587.79" HC="3.47" NOx="14.63" PMx="0.79" fuel="13.79" electricity="0.00" noise="90.81" route="routetop" type="cfm-fast" waiting="0.00" lane="top_0" pos="12.76" speed="18.25" angle="251.50" x="36.84" y="126.82"/>
        <vehicle id="cfm-fast_1" eclass="HBEFA3/PC_G_EU4" CO2="34432.59" CO="636.00" HC="3.75" NOx="15.74" PMx="0.85" fuel="14.80" electricity="0.00" noise="92.86" route="routetop" type="cfm-fast" waiting="0.00" lane="top_0" pos="28.61" speed="18.34" angle="223.01" x="9.98" y="106.38"/>
        <vehicle id="cfm-fast_2" eclass="HBEFA3/PC_G_EU4" CO2="45209.18" CO="856.61" HC="5.02" NOx="20.81" PMx="1.13" fuel="19.43" electricity="0.00" noise="101.73" route="routetop" type="cfm-fast" waiting="0.00" lane="top_0" pos="44.57" speed="18.95" angle="194.33" x="-3.94" y="75.38"/>
        <vehicle id="cfm-fast_3" eclass="HBEFA3/PC_G_EU4" CO2="80497.69" CO="1581.21" HC="9.20" NOx="37.40" PMx="2.05" fuel="34.60" electricity="0.00" noise="125.38" route="routetop" type="cfm-fast" waiting="0.00" lane="left_0" pos="11.20" speed="21.66" angle="164.24" x="-0.72" y="39.98"/>
        <vehicle id="cfm-fast_4" eclass="HBEFA3/PC_G_EU4" CO2="80615.20" CO="1583.64" HC="9.21" NOx="37.45" PMx="2.06" fuel="34.65" electricity="0.00" noise="125.39" route="routeleft" type="cfm-fast" waiting="0.00" lane="left_1" pos="27.05" speed="21.69" angle="135.83" x="20.55" y="14.61"/>
        <vehicle id="cfm-fast_5" eclass="HBEFA3/PC_G_EU4" CO2="38915.12" CO="725.19" HC="4.27" NOx="17.80" PMx="0.97" fuel="16.73" electricity="0.00" noise="94.25" route="routeleft" type="cfm-fast" waiting="0.00" lane="left_0" pos="42.92" speed="20.46" angle="107.28" x="48.46" y="-3.23"/>
        <vehicle id="cfm-slow_0" eclass="HBEFA3/PC_G_EU4" CO2="21598.29" CO="380.51" HC="2.26" NOx="9.74" PMx="0.51" fuel="9.28" electricity="0.00" noise="83.07" route="routebottom" type="cfm-slow" waiting="0.00" lane="bottom_0" pos="16.27" speed="15.78" angle="65.17" x="97.25" y="3.85"/>
        <vehicle id="cfm-slow_1" eclass="HBEFA3/PC_G_EU4" CO2="21632.84" CO="381.21" HC="2.27" NOx="9.76" PMx="0.51" fuel="9.30" electricity="0.00" noise="83.11" route="routebottom" type="cfm-slow" waiting="0.00" lane="bottom_0" pos="32.10" speed="15.79" angle="36.81" x="121.71" y="27.06"/>
        <vehicle id="cfm-slow_2" eclass="HBEFA3/PC_G_EU4" CO2="21812.30" CO="384.86" HC="2.29" NOx="9.85" PMx="0.52" fuel="9.38" electricity="0.00" noise="83.29" route="routebottom" type="cfm-slow" waiting="0.00" lane="bottom_0" pos="47.94" speed="15.80" angle="8.30" x="132.12" y="59.14"/>
        <vehicle id="cfm-slow_3" eclass="HBEFA3/PC_G_EU4" CO2="22547.45" CO="399.75" HC="2.37" NOx="10.19" PMx="0.54" fuel="9.69" electricity="0.00" noise="84.01" route="routebottom" type="cfm-slow" waiting="0.00" lane="right_0" pos="13.78" speed="15.85" angle="339.64" x="125.92" y="92.49"/>
        <vehicle id="cfm-slow_4" eclass="HBEFA3/PC_G_EU4" CO2="24762.70" CO="444.37" HC="2.63" NOx="11.23" PMx="0.60" fuel="10.64" electricity="0.00" noise="86.10" route="routeright" type="cfm-slow" waiting="0.00" lane="right_0" pos="29.69" speed="16.08" angle="311.09" x="104.53" y="118.76"/>
        <vehicle id="cfm-slow_5" eclass="HBEFA3/PC_G_EU4" CO2="29027.52" CO="529.38" HC="3.13" NOx="13.23" PMx="0.71" fuel="12.48" electricity="0.00" noise="89.63" route="routeright" type="cfm-slow" waiting="0.00" lane="right_0" pos="45.85" speed="16.79" angle="282.03" x="72.67" y="131.67"/>
    </timestep>
    <timestep time="1.63">
        <vehicle id="cfm-fast_0" eclass="HBEFA3/PC_G_EU4" CO2="31944.47" CO="584.86" HC="3.45" NOx="14.57" PMx="0.78" fuel="13.73" electricity="0.00" noise="90.62" route="routetop" type="cfm-fast" waiting="0.00" lane="top_0" pos="12.95" speed="18.31" angle="251.18" x="36.48" y="126.66"/>
        <vehicle id="cfm-fast_1" eclass="HBEFA3/PC_G_EU4" CO2="34379.47" CO="634.75" HC="3.74" NOx="15.71" PMx="0.85" fuel="14.78" electricity="0.00" noise="92.73" route="routetop" type="cfm-fast" waiting="0.00" lane="top_0" pos="28.80" speed="18.41" angle="222.67" x="9.74" y="106.07"/>
        <vehicle id="cfm-fast_2" eclass="HBEFA3/PC_G_EU4" CO2="45380.29" CO="859.98" HC="5.04" NOx="20.89" PMx="1.13" fuel="19.51" electricity="0.00" noise="101.74" route="routetop" type="cfm-fast" waiting="0.00" lane="top_0" pos="44.76" speed="19.03" angle="193.97" x="-4.01" y="74.98"/>
        <vehicle id="cfm-fast_3" eclass="HBEFA3/PC_G_EU4" CO2="81011.23" CO="1591.85" HC="9.26" NOx="37.64" PMx="2.07" fuel="34.82" electricity="0.00" noise="125.44" route="routetop" type="cfm-fast" waiting="0.00" lane="left_0" pos="11.41" speed="21.80" angle="163.86" x="-0.56" y="39.54"/>
        <vehicle id="cfm-fast_4" eclass="HBEFA3/PC_G_EU4" CO2="81128.81" CO="1594.29" HC="9.27" NOx="37.69" PMx="2.07" fuel="34.87" electricity="0.00" noise="125.46" route="routeleft" type="cfm-fast" waiting="0.00" lane="left_1" pos="27.27" speed="21.83" angle="135.42" x="20.89" y="14.32"/>
        <vehicle id="cfm-fast_5" eclass="HBEFA3/PC_G_EU4" CO2="38389.93" CO="714.34" HC="4.20" NOx="17.55" PMx="0.95" fuel="16.50" electricity="0.00" noise="93.74" route="routeleft" type="cfm-fast" waiting="0.00" lane="left_0" pos="43.12" speed="20.52" angle="106.92" x="48.89" y="-3.33"/>
        <vehicle id="cfm-slow_0" eclass="HBEFA3/PC_G_EU4" CO2="21485.72" CO="377.99" HC="2.25" NOx="9.69" PMx="0.51" fuel="9.24" electricity="0.00" noise="82.91" route="routebottom" type="cfm-slow" waiting="0.00" lane="bottom_0" pos="16.43" speed="15.83" angle="64.87" x="97.55" y="4.01"/>
        <vehicle id="cfm-slow_1" eclass="HBEFA3/PC_G_EU4" CO2="21521.71" CO="378.72" HC="2.25" NOx="9.71" PMx="0.51" fuel="9.25" electricity="0.00" noise="82.95" route="routebottom" type="cfm-slow" waiting="0.00" lane="bottom_0" pos="32.26" speed="15.83" angle="36.51" x="121.88" y="27.35"/>
        <vehicle id="cfm-slow_2" eclass="HBEFA3/PC_G_EU4" CO2="21706.74" CO="382.48" HC="2.28" NOx="9.79" PMx="0.52" fuel="9.33" electricity="0.00" noise="83.13" route="routebottom" type="cfm-slow" waiting="0.00" lane="bottom_0" pos="48.10" speed="15.84" angle="8.00" x="132.14" y="59.48"/>
        <vehicle id="cfm-slow_3" eclass="HBEFA3/PC_G_EU4" CO2="22457.08" CO="397.68" HC="2.36" NOx="10.15" PMx="0.54" fuel="9.65" electricity="0.00" noise="83.87" route="routebottom" type="cfm-slow" waiting="0.00" lane="right_0" pos="13.94" speed="15.90" angle="339.36" x="125.78" y="92.81"/>
        <vehicle id="cfm-slow_4" eclass="HBEFA3/PC_G_EU4" CO2="24694.39" CO="442.74" HC="2.62" NOx="11.20" PMx="0.59" fuel="10.61" electricity="0.00" noise="85.97" route="routeright" type="cfm-slow" waiting="0.00" lane="right_0" pos="29.85" speed="16.13" angle="310.79" x="104.25" y="118.96"/>
        <vehicle id="cfm-slow_5" eclass="HBEFA3/PC_G_EU4" CO2="28951.79" CO="527.60" HC="3.12" NOx="13.19" PMx="0.70" fuel="12.44" electricity="0.00" noise="89.48" route="routeright" type="cfm-slow" waiting="0.00" lane="right_0" pos="46.02" speed="16.85" angle="281.72" x="72.31" y="131.73"/>
    </timestep>
    <timestep time="1.64">
        <vehicle id="cfm-fast_0" eclass="HBEFA3/PC_G_EU4" CO2="31809.73" CO="581.94" HC="3.44" NOx="14.50" PMx="0.78" fuel="13.67" electricity="0.00" noise="90.43" route="routetop" type="cfm-fast" waiting="0.00" lane="top_0" pos="13.13" speed="18.37" angle="250.85" x="36.12" y="126.50"/>
        <vehicle id="cfm-fast_1" eclass="HBEFA3/PC_G_EU4" CO2="34328.28" CO="633.55" HC="3.73" NOx="15.69" PMx="0.85" fuel="14.76" electricity="0.00" noise="92.60" route="routetop" type="cfm-fast" waiting="0.00" lane="top_0" pos="28.98" speed="18.47" angle="222.34" x="9.49" y="105.75"/>
        <vehicle id="cfm-fast_2" eclass="HBEFA3/PC_G_EU4" CO2="45553.98" CO="863.41" HC="5.06" NOx="20.97" PMx="1.14" fuel="19.58" electricity="0.00" noise="101.75" route="routetop" type="cfm-fast" waiting="0.00" lane="top_0" pos="44.95" speed="19.12" angle="193.69" x="-4.08" y="74.58"/>
        <vehicle id="cfm-fast_3" eclass="HBEFA3/PC_G_EU4" CO2="81525.06" CO="1602.51" HC="9.32" NOx="37.88" PMx="2.08" fuel="35.04" electricity="0.00" noise="125.51" route="routetop" type="cfm-fast" waiting="0.00" lane="left_0" pos="11.63" speed="21.94" angle="163.51" x="-0.40" y="39.10"/>
        <vehicle id="cfm-fast_4" eclass="HBEFA3/PC_G_EU4" CO2="81642.71" CO="1604.95" HC="9.34" NOx="37.93" PMx="2.08" fuel="35.09" electricity="0.00" noise="125.52" route="routeleft" type="cfm-fast" waiting="0.00" lane="left_1" pos="27.49" speed="21.97" angle="135.02" x="21.24" y="14.03"/>
        <vehicle id="cfm-fast_5" eclass="HBEFA3/PC_G_EU4" CO2="37867.26" CO="703.55" HC="4.14" NOx="17.31" PMx="0.94" fuel="16.28" electricity="0.00" noise="93.24" route="routeleft" type="cfm-fast" waiting="0.00" lane="left_0" pos="43.33" speed="20.59" angle="106.55" x="49.33" y="-3.43"/>
        <vehicle id="cfm-slow_0" eclass="HBEFA3/PC_G_EU4" CO2="21373.23" CO="375.47" HC="2.23" NOx="9.64" PMx="0.51" fuel="9.19" electricity="0.00" noise="82.75" route="routebottom" type="cfm-slow" waiting="0.00" lane="bottom_0" pos="16.59" speed="15.88" angle="64.61" x="97.84" y="4.18"/>
        <vehicle id="cfm-slow_1" eclass="HBEFA3/PC_G_EU4" CO2="21410.69" CO="376.23" HC="2.24" NOx="9.65" PMx="0.51" fuel="9.20" electricity="0.00" noise="82.79" route="routebottom" type="cfm-slow" waiting="0.00" lane="bottom_0" pos="32.42" speed="15.88" angle="36.21" x="122.06" y="27.64"/>
        <vehicle id="cfm-slow_2" eclass="HBEFA3/PC_G_EU4" CO2="21601.40" CO="380.11" HC="2.26" NOx="9.74" PMx="0.51" fuel="9.29" electricity="0.00" noise="82.98" route="routebottom" type="cfm-slow" waiting="0.00" lane="bottom_0" pos="48.25" speed="15.89" angle="7.71" x="132.16" y="59.82"/>
        <vehicle id="cfm-slow_3" eclass="HBEFA3/PC_G_EU4" CO2="22366.99" CO="395.62" HC="2.35" NOx="10.10" PMx="0.53" fuel="9.61" electricity="0.00" noise="83.73" route="routebottom" type="cfm-slow" waiting="0.00" lane="right_0" pos="14.10" speed="15.95" angle="339.12" x="125.64" y="93.12"/>
        <vehicle id="cfm-slow_4" eclass="HBEFA3/PC_G_EU4" CO2="24626.06" CO="441.12" HC="2.61" NOx="11.16" PMx="0.59" fuel="10.59" electricity="0.00" noise="85.84" route="routeright" type="cfm-slow" waiting="0.00" lane="right_0" pos="30.02" speed="16.18" angle="310.49" x="103.97" y="119.16"/>
        <vehicle id="cfm-slow_5" eclass="HBEFA3/PC_G_EU4" CO2="28875.44" CO="525.82" HC="3.11" NOx="13.15" PMx="0.70" fuel="12.41" electricity="0.00" noise="89.33" route="routeright" type="cfm-slow" waiting="0.00" lane="right_0" pos="46.19" speed="16.91" angle="281.47" x="71.95" y="131.78"/>
    </timestep>
    <timestep time="1.65">
        <vehicle id="cfm-fast_0" eclass="HBEFA3/PC_G_EU4" CO2="31675.64" CO="579.04" HC="3.42" NOx="14.44" PMx="0.78" fuel="13.62" electricity="0.00" noise="90.24" route="routetop" type="cfm-fast" waiting="0.00" lane="top_0" pos="13.31" speed="18.43" angle="250.51" x="35.76" y="126.33"/>
        <vehicle id="cfm-fast_1" eclass="HBEFA3/PC_G_EU4" CO2="34279.05" CO="632.40" HC="3.73" NOx="15.66" PMx="0.84" fuel="14.73" electricity="0.00" noise="92.48" route="routetop" type="cfm-fast" waiting="0.00" lane="top_0" pos="29.17" speed="18.54" angle="222.00" x="9.25" y="105.44"/>
        <vehicle id="cfm-fast_2" eclass="HBEFA3/PC_G_EU4" CO2="45730.26" CO="866.89" HC="5.08" NOx="21.05" PMx="1.14" fuel="19.66" electricity="0.00" noise="101.77" route="routetop" type="cfm-fast" waiting="0.00" lane="top_0" pos="45.14" speed="19.20" angle="193.34" x="-4.14" y="74.17"/>
        <vehicle id="cfm-fast_3" eclass="HBEFA3/PC_G_EU4" CO2="82039.19" CO="1613.19" HC="9.38" NOx="38.12" PMx="2.09" fuel="35.26" electricity="0.00" noise="125.57" route="routetop" type="cfm-fast" waiting="0.00" lane="left_0" pos="11.85" speed="22.07" angle="163.12" x="-0.22" y="38.65"/>
        <vehicle id="cfm-fast_4" eclass="HBEFA3/PC_G_EU4" CO2="82156.90" CO="1615.64" HC="9.40" NOx="38.17" PMx="2.10" fuel="35.32" electricity="0.00" noise="125.59" route="routeleft" type="cfm-fast" waiting="0.00" lane="left_1" pos="27.71" speed="22.10" angle="134.61" x="21.58" y="13.73"/>
        <vehicle id="cfm-fast_5" eclass="HBEFA3/PC_G_EU4" CO2="37347.23" CO="692.82" HC="4.08" NOx="17.06" PMx="0.93" fuel="16.05" electricity="0.00" noise="92.75" route="routeleft" type="cfm-fast" waiting="0.00" lane="left_0" pos="43.54" speed="20.65" angle="106.21" x="49.76" y="-3.53"/>
        <vehicle id="cfm-slow_0" eclass="HBEFA3/PC_G_EU4" CO2="21260.84" CO="372.96" HC="2.22" NOx="9.58" PMx="0.50" fuel="9.14" electricity="0.00" noise="82.59" route="routebottom" type="cfm-slow" waiting="0.00" lane="bottom_0" pos="16.74" speed="15.92" angle="64.34" x="98.14" y="4.35"/>
        <vehicle id="cfm-slow_1" eclass="HBEFA3/PC_G_EU4" CO2="21299.81" CO="373.75" HC="2.23" NOx="9.60" PMx="0.51" fuel="9.16" electricity="0.00" noise="82.63" route="routebottom" type="cfm-slow" waiting="0.00" lane="bottom_0" pos="32.58" speed="15.92" angle="35.92" x="122.23" y="27.94"/>
        <vehicle id="cfm-slow_2" eclass="HBEFA3/PC_G_EU4" CO2="21496.30" CO="377.74" HC="2.25" NOx="9.69" PMx="0.51" fuel="9.24" electricity="0.00" noise="82.83" route="routebottom" type="cfm-slow" waiting="0.00" lane="bottom_0" pos="48.41" speed="15.93" angle="7.41" x="132.18" y="60.16"/>
        <vehicle id="cfm-slow_3" eclass="HBEFA3/PC_G_EU4" CO2="22277.20" CO="393.56" HC="2.34" NOx="10.06" PMx="0.53" fuel="9.58" electricity="0.00" noise="83.59" route="routebottom" type="cfm-slow" waiting="0.00" lane="right_0" pos="14.26" speed="15.99" angle="338.82" x="125.48" y="93.42"/>
        <vehicle id="cfm-slow_4" eclass="HBEFA3/PC_G_EU4" CO2="24557.72" CO="439.50" HC="2.61" NOx="11.13" PMx="0.59" fuel="10.56" electricity="0.00" noise="85.72" route="routeright" type="cfm-slow" waiting="0.00" lane="right_0" pos="30.18" speed="16.24" angle="310.18" x="103.69" y="119.37"/>
        <vehicle id="cfm-slow_5" eclass="HBEFA3/PC_G_EU4" CO2="28798.48" CO="524.02" HC="3.10" NOx="13.11" PMx="0.70" fuel="12.38" electricity="0.00" noise="89.18" route="routeright" type="cfm-slow" waiting="0.00" lane="right_0" pos="46.36" speed="16.97" angle="281.17" x="71.58" y="131.82"/>
    </timestep>
    <timestep time="1.66">
        <vehicle id="cfm-fast_0" eclass="HBEFA3/PC_G_EU4" CO2="31542.23" CO="576.16" HC="3.40" NOx="14.37" PMx="0.77" fuel="13.56" electricity="0.00" noise="90.05" route="routetop" type="cfm-fast" waiting="0.00" lane="top_0" pos="13.50" speed="18.49" angle="250.17" x="35.40" y="126.17"/>
        <vehicle id="cfm-fast_1" eclass="HBEFA3/PC_G_EU4" CO2="34231.82" CO="631.28" HC="3.72" NOx="15.64" PMx="0.84" fuel="14.71" electricity="0.00" noise="92.36" route="routetop" type="cfm-fast" waiting="0.00" lane="top_0" pos="29.35" speed="18.60" angle="221.66" x="9.00" y="105.12"/>
        <vehicle id="cfm-fast_2" eclass="HBEFA3/PC_G_EU4" CO2="45909.14" CO="870.44" HC="5.10" NOx="21.13" PMx="1.15" fuel="19.73" electricity="0.00" noise="101.78" route="routetop" type="cfm-fast" waiting="0.00" lane="top_0" pos="45.34" speed="19.29" angle="192.98" x="-4.20" y="73.76"/>
        <vehicle id="cfm-fast_3" eclass="HBEFA3/PC_G_EU4" CO2="82553.60" CO="1623.90" HC="9.44" NOx="38.35" PMx="2.11" fuel="35.49" electricity="0.00" noise="125.64" route="routetop" type="cfm-fast" waiting="0.00" lane="left_0" pos="12.08" speed="22.21" angle="162.73" x="-0.04" y="38.21"/>
        <vehicle id="cfm-fast_4" eclass="HBEFA3/PC_G_EU4" CO2="82671.38" CO="1626.35" HC="9.46" NOx="38.41" PMx="2.11" fuel="35.54" electricity="0.00" noise="125.65" route="routeleft" type="cfm-fast" waiting="0.00" lane="left_1" pos="27.93" speed="22.24" angle="134.20" x="21.93" y="13.44"/>
        <vehicle id="cfm-fast_5" eclass="HBEFA3/PC_G_EU4" CO2="36829.96" CO="682.14" HC="4.02" NOx="16.81" PMx="0.91" fuel="15.83" electricity="0.00" noise="92.27" route="routeleft" type="cfm-fast" waiting="0.00" lane="left_0" pos="43.74" speed="20.71" angle="105.87" x="50.20" y="-3.62"/>
        <vehicle id="cfm-slow_0" eclass="HBEFA3/PC_G_EU4" CO2="21148.56" CO="370.45" HC="2.21" NOx="9.53" PMx="0.50" fuel="9.09" electricity="0.00" noise="82.44" route="routebottom" type="cfm-slow" waiting="0.00" lane="bottom_0" pos="16.90" speed="15.97" angle="64.05" x="98.44" y="4.53"/>
        <vehicle id="cfm-slow_1" eclass="HBEFA3/PC_G_EU4" CO2="21189.09" CO="371.28" HC="2.21" NOx="9.55" PMx="0.50" fuel="9.11" electricity="0.00" noise="82.48" route="routebottom" type="cfm-slow" waiting="0.00" lane="bottom_0" pos="32.74" speed="15.97" angle="35.62" x="122.41" y="28.23"/>
        <vehicle id="cfm-slow_2" eclass="HBEFA3/PC_G_EU4" CO2="21391.44" CO="375.39" HC="2.24" NOx="9.64" PMx="0.51" fuel="9.20" electricity="0.00" noise="82.68" route="routebottom" type="cfm-slow" waiting="0.00" lane="bottom_0" pos="48.57" speed="15.98" angle="7.10" x="132.20" y="60.50"/>
        <vehicle id="cfm-slow_3" eclass="HBEFA3/PC_G_EU4" CO2="22187.72" CO="391.52" HC="2.33" NOx="10.02" PMx="0.53" fuel="9.54" electricity="0.00" noise="83.45" route="routebottom" type="cfm-slow" waiting="0.00" lane="right_0" pos="14.42" speed="16.04" angle="338.51" x="125.33" y="93.73"/>
        <vehicle id="cfm-slow_4" eclass="HBEFA3/PC_G_EU4" CO2="24489.38" CO="437.88" HC="2.60" NOx="11.10" PMx="0.59" fuel="10.53" electricity="0.00" noise="85.59" route="routeright" type="cfm-slow" waiting="0.00" lane="right_0" pos="30.34" speed="16.29" angle="309.88" x="103.40" y="119.57"/>
        <vehicle id="cfm-slow_5" eclass="HBEFA3/PC_G_EU4" CO2="28720.94" CO="522.22" HC="3.09" NOx="13.08" PMx="0.70" fuel="12.35" electricity="0.00" noise="89.03" route="routeright" type="cfm-slow" waiting="0.00" lane="right_0" pos="46.53" speed="17.03" angle="280.85" x="71.22" y="131.85"/>
    </timestep>
    <timestep time="1.67">
        <vehicle id="cfm-fast_0" eclass="HBEFA3/PC_G_EU4" CO2="31409.56" CO="573.30" HC="3.39" NOx="14.31" PMx="0.77" fuel="13.50" electricity="0.00" noise="89.87" route="routetop" type="cfm-fast" waiting="0.00" lane="top_0" pos="13.68" speed="18.55" angle="249.83" x="35.03" y="126.01"/>
        <vehicle id="cfm-fast_1" eclass="HBEFA3/PC_G_EU4" CO2="34186.61" CO="630.22" HC="3.71" NOx="15.62" PMx="0.84" fuel="14.70" electricity="0.00" noise="92.24" route="routetop" type="cfm-fast" waiting="0.00" lane="top_0" pos="29.54" speed="18.67" angle="221.38" x="8.76" y="104.81"/>
        <vehicle id="cfm-fast_2" eclass="HBEFA3/PC_G_EU4" CO2="46090.60" CO="874.05" HC="5.12" NOx="21.22" PMx="1.15" fuel="19.81" electricity="0.00" noise="101.80" route="routetop" type="cfm-fast" waiting="0.00" lane="top_0" pos="45.53" speed="19.37" angle="192.63" x="-4.25" y="73.34"/>
        <vehicle id="cfm-fast_3" eclass="HBEFA3/PC_G_EU4" CO2="83068.31" CO="1634.62" HC="9.51" NOx="38.59" PMx="2.12" fuel="35.71" electricity="0.00" noise="125.70" route="routetop" type="cfm-fast" waiting="0.00" lane="left_0" pos="12.30" speed="22.34" angle="162.33" x="0.14" y="37.76"/>
        <vehicle id="cfm-fast_4" eclass="HBEFA3/PC_G_EU4" CO2="83186.16" CO="1637.08" HC="9.52" NOx="38.65" PMx="2.12" fuel="35.76" electricity="0.00" noise="125.71" route="routeleft" type="cfm-fast" waiting="0.00" lane="left_1" pos="28.16" speed="22.38" angle="133.83" x="22.28" y="13.14"/>
        <vehicle id="cfm-fast_5" eclass="HBEFA3/PC_G_EU4" CO2="36315.55" CO="671.53" HC="3.96" NOx="16.57" PMx="0.90" fuel="15.61" electricity="0.00" noise="91.79" route="routeleft" type="cfm-fast" waiting="0.00" lane="left_0" pos="43.95" speed="20.77" angle="105.48" x="50.64" y="-3.70"/>
        <vehicle id="cfm-slow_0" eclass="HBEFA3/PC_G_EU4" CO2="21036.40" CO="367.95" HC="2.19" NOx="9.47" PMx="0.50" fuel="9.04" electricity="0.00" noise="82.28" route="routebottom" type="cfm-slow" waiting="0.00" lane="bottom_0" pos="17.06" speed="16.01" angle="63.75" x="98.73" y="4.70"/>
        <vehicle id="cfm-slow_1" eclass="HBEFA3/PC_G_EU4" CO2="21078.53" CO="368.81" HC="2.20" NOx="9.49" PMx="0.50" fuel="9.06" electricity="0.00" noise="82.32" route="routebottom" type="cfm-slow" waiting="0.00" lane="bottom_0" pos="32.90" speed="16.01" angle="35.32" x="122.58" y="28.53"/>
        <vehicle id="cfm-slow_2" eclass="HBEFA3/PC_G_EU4" CO2="21286.86" CO="373.04" HC="2.22" NOx="9.59" PMx="0.50" fuel="9.15" electricity="0.00" noise="82.53" route="routebottom" type="cfm-slow" waiting="0.00" lane="bottom_0" pos="48.73" speed="16.02" angle="6.86" x="132.22" y="60.85"/>
        <vehicle id="cfm-slow_3" eclass="HBEFA3/PC_G_EU4" CO2="22098.56" CO="389.49" HC="2.32" NOx="9.97" PMx="0.53" fuel="9.50" electricity="0.00" noise="83.32" route="routebottom" type="cfm-slow" waiting="0.00" lane="right_0" pos="14.58" speed="16.09" angle="338.20" x="125.17" y="94.04"/>
        <vehicle id="cfm-slow_4" eclass="HBEFA3/PC_G_EU4" CO2="24421.05" CO="436.26" HC="2.59" NOx="11.06" PMx="0.59" fuel="10.50" electricity="0.00" noise="85.47" route="routeright" type="cfm-slow" waiting="0.00" lane="right_0" pos="30.50" speed="16.34" angle="309.58" x="103.12" y="119.78"/>
        <vehicle id="cfm-slow_5" eclass="HBEFA3/PC_G_EU4" CO2="28642.85" CO="520.42" HC="3.08" NOx="13.04" PMx="0.70" fuel="12.31" electricity="0.00" noise="88.89" route="routeright" type="cfm-slow" waiting="0.00" lane="right_0" pos="46.70" speed="17.08" angle="280.54" x="70.85" y="131.89"/>
    </timestep>
    <timestep time="1.68">
        <vehicle id="cfm-fast_0" eclass="HBEFA3/PC_G_EU4" CO2="31277.67" CO="570.46" HC="3.37" NOx="14.24" PMx="0.77" fuel="13.44" electricity="0.00" noise="89.68" route="routetop" type="cfm-fast" waiting="0.00" lane="top_0" pos="13.87" speed="18.60" angle="249.49" x="34.67" y="125.85"/>
        <vehicle id="cfm-fast_1" eclass="HBEFA3/PC_G_EU4" CO2="34143.46" CO="629.20" HC="3.71" NOx="15.59" PMx="0.84" fuel="14.68" electricity="0.00" noise="92.13" route="routetop" type="cfm-fast" waiting="0.00" lane="top_0" pos="29.73" speed="18.73" angle="221.03" x="8.52" y="104.48"/>
        <vehicle id="cfm-fast_2" eclass="HBEFA3/PC_G_EU4" CO2="46274.66" CO="877.71" HC="5.14" NOx="21.30" PMx="1.16" fuel="19.89" electricity="0.00" noise="101.83" route="routetop" type="cfm-fast" waiting="0.00" lane="top_0" pos="45.72" speed="19.46" angle="192.27" x="-4.31" y="72.93"/>
        <vehicle id="cfm-fast_3" eclass="HBEFA3/PC_G_EU4" CO2="83583.31" CO="1645.37" HC="9.57" NOx="38.83" PMx="2.14" fuel="35.93" electricity="0.00" noise="125.76" route="routetop" type="cfm-fast" waiting="0.00" lane="left_0" pos="12.52" speed="22.48" angle="161.93" x="0.32" y="37.32"/>
        <vehicle id="cfm-fast_4" eclass="HBEFA3/PC_G_EU4" CO2="83701.22" CO="1647.83" HC="9.58" NOx="38.89" PMx="2.14" fuel="35.98" electricity="0.00" noise="125.78" route="routeleft" type="cfm-fast" waiting="0.00" lane="left_1" pos="28.38" speed="22.51" angle="133.43" x="22.64" y="12.85"/>
        <vehicle id="cfm-fast_5" eclass="HBEFA3/PC_G_EU4" CO2="35804.11" CO="660.98" HC="3.90" NOx="16.33" PMx="0.89" fuel="15.39" electricity="0.00" noise="91.32" route="routeleft" type="cfm-fast" waiting="0.00" lane="left_0" pos="44.16" speed="20.83" angle="105.09" x="51.08" y="-3.78"/>
        <vehicle id="cfm-slow_0" eclass="HBEFA3/PC_G_EU4" CO2="20924.39" CO="365.46" HC="2.18" NOx="9.42" PMx="0.50" fuel="8.99" electricity="0.00" noise="82.13" route="routebottom" type="cfm-slow" waiting="0.00" lane="bottom_0" pos="17.23" speed="16.05" angle="63.46" x="99.03" y="4.88"/>
        <vehicle id="cfm-slow_1" eclass="HBEFA3/PC_G_EU4" CO2="20968.17" CO="366.35" HC="2.18" NOx="9.44" PMx="0.50" fuel="9.01" electricity="0.00" noise="82.17" route="routebottom" type="cfm-slow" waiting="0.00" lane="bottom_0" pos="33.06" speed="16.06" angle="35.02" x="122.76" y="28.83"/>
        <vehicle id="cfm-slow_2" eclass="HBEFA3/PC_G_EU4" CO2="21182.55" CO="370.71" HC="2.21" NOx="9.54" PMx="0.50" fuel="9.11" electricity="0.00" noise="82.38" route="routebottom" type="cfm-slow" waiting="0.00" lane="bottom_0" pos="48.90" speed="16.07" angle="6.57" x="132.23" y="61.19"/>
        <vehicle id="cfm-slow_3" eclass="HBEFA3/PC_G_EU4" CO2="22009.74" CO="387.46" HC="2.31" NOx="9.93" PMx="0.52" fuel="9.46" electricity="0.00" noise="83.18" route="routebottom" type="cfm-slow" waiting="0.00" lane="right_0" pos="14.75" speed="16.13" angle="337.90" x="125.02" y="94.35"/>
        <vehicle id="cfm-slow_4" eclass="HBEFA3/PC_G_EU4" CO2="24352.74" CO="434.65" HC="2.58" NOx="11.03" PMx="0.58" fuel="10.47" electricity="0.00" noise="85.35" route="routeright" type="cfm-slow" waiting="0.00" lane="right_0" pos="30.67" speed="16.39" angle="309.28" x="102.83" y="119.98"/>
        <vehicle id="cfm-slow_5" eclass="HBEFA3/PC_G_EU4" CO2="28564.24" CO="518.60" HC="3.07" NOx="13.00" PMx="0.69" fuel="12.28" electricity="0.00" noise="88.74" route="routeright" type="cfm-slow" waiting="0.00" lane="right_0" pos="46.87" speed="17.14" angle="280.22" x="70.49" y="131.93"/>
    </timestep>
    <timestep time="1.69">
        <vehicle id="cfm-fast_0" eclass="HBEFA3/PC_G_EU4" CO2="31146.58" CO="567.64" HC="3.35" NOx="14.18" PMx="0.76" fuel="13.39" electricity="0.00" noise="89.51" route="routetop" type="cfm-fast" waiting="0.00" lane="top_0" pos="14.06" speed="18.66" angle="249.20" x="34.30" y="125.68"/>
        <vehicle id="cfm-fast_1" eclass="HBEFA3/PC_G_EU4" CO2="34102.40" CO="628.23" HC="3.70" NOx="15.57" PMx="0.84" fuel="14.66" electricity="0.00" noise="92.02" route="routetop" type="cfm-fast" waiting="0.00" lane="top_0" pos="29.91" speed="18.80" angle="220.68" x="8.29" y="104.15"/>
        <vehicle id="cfm-fast_2" eclass="HBEFA3/PC_G_EU4" CO2="46461.30" CO="881.44" HC="5.16" NOx="21.39" PMx="1.16" fuel="19.97" electricity="0.00" noise="101.85" route="routetop" type="cfm-fast" waiting="0.00" lane="top_0" pos="45.92" speed="19.54" angle="191.91" x="-4.37" y="72.51"/>
        <vehicle id="cfm-fast_3" eclass="HBEFA3/PC_G_EU4" CO2="84098.60" CO="1656.14" HC="9.63" NOx="39.07" PMx="2.15" fuel="36.15" electricity="0.00" noise="125.83" route="routetop" type="cfm-fast" waiting="0.00" lane="left_0" pos="12.75" speed="22.62" angle="161.57" x="0.50" y="36.86"/>
        <vehicle id="cfm-fast_4" eclass="HBEFA3/PC_G_EU4" CO2="84216.58" CO="1658.60" HC="9.64" NOx="39.13" PMx="2.15" fuel="36.20" electricity="0.00" noise="125.84" route="routeleft" type="cfm-fast" waiting="0.00" lane="left_1" pos="28.61" speed="22.65" angle="133.01" x="23.00" y="12.57"/>
        <vehicle id="cfm-fast_5" eclass="HBEFA3/PC_G_EU4" CO2="35295.72" CO="650.50" HC="3.84" NOx="16.09" PMx="0.87" fuel="15.17" electricity="0.00" noise="90.85" route="routeleft" type="cfm-fast" waiting="0.00" lane="left_0" pos="44.37" speed="20.89" angle="104.71" x="51.52" y="-3.86"/>
        <vehicle id="cfm-slow_0" eclass="HBEFA3/PC_G_EU4" CO2="20812.55" CO="362.97" HC="2.16" NOx="9.37" PMx="0.49" fuel="8.95" electricity="0.00" noise="81.98" route="routebottom" type="cfm-slow" waiting="0.00" lane="bottom_0" pos="17.39" speed="16.10" angle="63.16" x="99.32" y="5.06"/>
        <vehicle id="cfm-slow_1" eclass="HBEFA3/PC_G_EU4" CO2="20858.01" CO="363.89" HC="2.17" NOx="9.39" PMx="0.49" fuel="8.97" electricity="0.00" noise="82.02" route="routebottom" type="cfm-slow" waiting="0.00" lane="bottom_0" pos="33.22" speed="16.10" angle="34.72" x="122.94" y="29.12"/>
        <vehicle id="cfm-slow_2" eclass="HBEFA3/PC_G_EU4" CO2="21078.55" CO="368.38" HC="2.20" NOx="9.49" PMx="0.50" fuel="9.06" electricity="0.00" noise="82.24" route="routebottom" type="cfm-slow" waiting="0.00" lane="bottom_0" pos="49.06" speed="16.11" angle="6.27" x="132.23" y="61.54"/>
        <vehicle id="cfm-slow_3" eclass="HBEFA3/PC_G_EU4" CO2="21921.27" CO="385.45" HC="2.29" NOx="9.89" PMx="0.52" fuel="9.42" electricity="0.00" noise="83.05" route="routebottom" type="cfm-slow" waiting="0.00" lane="right_0" pos="14.91" speed="16.18" angle="337.59" x="124.86" y="94.66"/>
        <vehicle id="cfm-slow_4" eclass="HBEFA3/PC_G_EU4" CO2="24284.46" CO="433.05" HC="2.57" NOx="11.00" PMx="0.58" fuel="10.44" electricity="0.00" noise="85.22" route="routeright" type="cfm-slow" waiting="0.00" lane="right_0" pos="30.83" speed="16.44" angle="309.03" x="102.54" y="120.19"/>
        <vehicle id="cfm-slow_5" eclass="HBEFA3/PC_G_EU4" CO2="28485.13" CO="516.78" HC="3.06" NOx="12.96" PMx="0.69" fuel="12.24" electricity="0.00" noise="88.60" route="routeright" type="cfm-slow" waiting="0.00" lane="right_0" pos="47.04" speed="17.20" angle="279.91" x="70.12" y="131.96"/>
    </timestep>
    <timestep time="1.70">
        <vehicle id="cfm-fast_0" eclass="HBEFA3/PC_G_EU4" CO2="31016.36" CO="564.84" HC="3.34" NOx="14.12" PMx="0.76" fuel="13.33" electricity="0.00" noise="89.33" route="routetop" type="cfm-fast" waiting="0.00" lane="top_0" pos="14.24" speed="18.72" angle="248.86" x="33.94" y="125.50"/>
        <vehicle id="cfm-fast_1" eclass="HBEFA3/PC_G_EU4" CO2="34063.44" CO="627.30" HC="3.70" NOx="15.55" PMx="0.84" fuel="14.64" electricity="0.00" noise="91.91" route="routetop" type="cfm-fast" waiting="0.00" lane="top_0" pos="30.10" speed="18.86" angle="220.33" x="8.05" y="103.82"/>
        <vehicle id="cfm-fast_2" eclass="HBEFA3/PC_G_EU4" CO2="46650.55" CO="885.22" HC="5.19" NOx="21.47" PMx="1.17" fuel="20.05" electricity="0.00" noise="101.88" route="routetop" type="cfm-fast" waiting="0.00" lane="top_0" pos="46.12" speed="19.63" angle="191.57" x="-4.43" y="72.09"/>
        <vehicle id="cfm-fast_3" eclass="HBEFA3/PC_G_EU4" CO2="84614.19" CO="1666.93" HC="9.69" NOx="39.31" PMx="2.16" fuel="36.37" electricity="0.00" noise="125.89" route="routetop" type="cfm-fast" waiting="0.00" lane="left_0" pos="12.98" speed="22.75" angle="161.16" x="0.69" y="36.42"/>
        <vehicle id="cfm-fast_4" eclass="HBEFA3/PC_G_EU4" CO2="84732.23" CO="1669.40" HC="9.71" NOx="39.37" PMx="2.17" fuel="36.42" electricity="0.00" noise="125.91" route="routeleft" type="cfm-fast" waiting="0.00" lane="left_1" pos="28.84" speed="22.78" angle="132.59" x="23.37" y="12.28"/>
        <vehicle id="cfm-fast_5" eclass="HBEFA3/PC_G_EU4" CO2="34790.50" CO="640.09" HC="3.78" NOx="15.85" PMx="0.86" fuel="14.95" electricity="0.00" noise="90.40" route="routeleft" type="cfm-fast" waiting="0.00" lane="left_0" pos="44.58" speed="20.95" angle="104.32" x="51.96" y="-3.94"/>
        <vehicle id="cfm-slow_0" eclass="HBEFA3/PC_G_EU4" CO2="20700.88" CO="360.49" HC="2.15" NOx="9.31" PMx="0.49" fuel="8.90" electricity="0.00" noise="81.82" route="routebottom" type="cfm-slow" waiting="0.00" lane="bottom_0" pos="17.55" speed="16.14" angle="62.87" x="99.62" y="5.24"/>
        <vehicle id="cfm-slow_1" eclass="HBEFA3/PC_G_EU4" CO2="20748.07" CO="361.45" HC="2.16" NOx="9.34" PMx="0.49" fuel="8.92" electricity="0.00" noise="81.87" route="routebottom" type="cfm-slow" waiting="0.00" lane="bottom_0" pos="33.38" speed="16.14" angle="34.47" x="123.12" y="29.42"/>
        <vehicle id="cfm-slow_2" eclass="HBEFA3/PC_G_EU4" CO2="20974.85" CO="366.06" HC="2.18" NOx="9.44" PMx="0.50" fuel="9.02" electricity="0.00" noise="82.09" route="routebottom" type="cfm-slow" waiting="0.00" lane="bottom_0" pos="49.22" speed="16.16" angle="5.97" x="132.24" y="61.89"/>
        <vehicle id="cfm-slow_3" eclass="HBEFA3/PC_G_EU4" CO2="21833.16" CO="383.45" HC="2.28" NOx="9.85" PMx="0.52" fuel="9.38" electricity="0.00" noise="82.92" route="routebottom" type="cfm-slow" waiting="0.00" lane="right_0" pos="15.07" speed="16.23" angle="337.28" x="124.70" y="94.98"/>
        <vehicle id="cfm-slow_4" eclass="HBEFA3/PC_G_EU4" CO2="24216.22" CO="431.45" HC="2.56" NOx="10.96" PMx="0.58" fuel="10.41" electricity="0.00" noise="85.10" route="routeright" type="cfm-slow" waiting="0.00" lane="right_0" pos="31.00" speed="16.49" angle="308.73" x="102.25" y="120.38"/>
        <vehicle id="cfm-slow_5" eclass="HBEFA3/PC_G_EU4" CO2="28405.55" CO="514.96" HC="3.05" NOx="12.92" PMx="0.69" fuel="12.21" electricity="0.00" noise="88.46" route="routeright" type="cfm-slow" waiting="0.00" lane="right_0" pos="47.21" speed="17.26" angle="279.59" x="69.75" y="132.00"/>
    </timestep>
    <timestep time="1.71">
        <vehicle id="cfm-fast_0" eclass="HBEFA3/PC_G_EU4" CO2="30887.02" CO="562.06" HC="3.32" NOx="14.06" PMx="0.76" fuel="13.28" electricity="0.00" noise="89.15" route="routetop" type="cfm-fast" waiting="0.00" lane="top_0" pos="14.43" speed="18.78" angle="248.50" x="33.58" y="125.32"/>
        <vehicle id="cfm-fast_1" eclass="HBEFA3/PC_G_EU4" CO2="34026.63" CO="626.42" HC="3.69" NOx="15.53" PMx="0.84" fuel="14.63" electricity="0.00" noise="91.80" route="routetop" type="cfm-fast" waiting="0.00" lane="top_0" pos="30.29" speed="18.92" angle="219.98" x="7.81" y="103.49"/>
        <vehicle id="cfm-fast_2" eclass="HBEFA3/PC_G_EU4" CO2="46842.38" CO="889.07" HC="5.21" NOx="21.56" PMx="1.17" fuel="20.14" electricity="0.00" noise="101.91" route="routetop" type="cfm-fast" waiting="0.00" lane="top_0" pos="46.31" speed="19.71" angle="191.24" x="-4.48" y="71.67"/>
        <vehicle id="cfm-fast_3" eclass="HBEFA3/PC_G_EU4" CO2="85130.06" CO="1677.74" HC="9.75" NOx="39.55" PMx="2.18" fuel="36.59" electricity="0.00" noise="125.96" route="routetop" type="cfm-fast" waiting="0.00" lane="left_0" pos="13.21" speed="22.89" angle="160.74" x="0.90" y="35.97"/>
        <vehicle id="cfm-fast_4" eclass="HBEFA3/PC_G_EU4" CO2="85248.18" CO="1680.21" HC="9.77" NOx="39.61" PMx="2.18" fuel="36.64" electricity="0.00" noise="125.97" route="routeleft" type="cfm-fast" waiting="0.00" lane="left_1" pos="29.07" speed="22.92" angle="132.17" x="23.74" y="11.99"/>
        <vehicle id="cfm-fast_5" eclass="HBEFA3/PC_G_EU4" CO2="34288.51" CO="629.75" HC="3.72" NOx="15.61" PMx="0.85" fuel="14.74" electricity="0.00" noise="89.94" route="routeleft" type="cfm-fast" waiting="0.00" lane="left_0" pos="44.79" speed="21.00" angle="103.94" x="52.41" y="-4.02"/>
        <vehicle id="cfm-slow_0" eclass="HBEFA3/PC_G_EU4" CO2="20589.39" CO="358.01" HC="2.14" NOx="9.26" PMx="0.49" fuel="8.85" electricity="0.00" noise="81.67" route="routebottom" type="cfm-slow" waiting="0.00" lane="bottom_0" pos="17.71" speed="16.18" angle="62.57" x="99.92" y="5.42"/>
        <vehicle id="cfm-slow_1" eclass="HBEFA3/PC_G_EU4" CO2="20638.36" CO="359.01" HC="2.14" NOx="9.28" PMx="0.49" fuel="8.87" electricity="0.00" noise="81.72" route="routebottom" type="cfm-slow" waiting="0.00" lane="bottom_0" pos="33.54" speed="16.19" angle="34.17" x="123.28" y="29.73"/>
        <vehicle id="cfm-slow_2" eclass="HBEFA3/PC_G_EU4" CO2="20871.49" CO="363.75" HC="2.17" NOx="9.39" PMx="0.49" fuel="8.97" electricity="0.00" noise="81.95" route="routebottom" type="cfm-slow" waiting="0.00" lane="bottom_0" pos="49.38" speed="16.20" angle="5.66" x="132.24" y="62.24"/>
        <vehicle id="cfm-slow_3" eclass="HBEFA3/PC_G_EU4" CO2="21745.42" CO="381.46" HC="2.27" NOx="9.80" PMx="0.52" fuel="9.35" electricity="0.00" noise="82.79" route="routebottom" type="cfm-slow" waiting="0.00" lane="right_0" pos="15.23" speed="16.27" angle="336.97" x="124.55" y="95.29"/>
        <vehicle id="cfm-slow_4" eclass="HBEFA3/PC_G_EU4" CO2="24148.02" CO="429.85" HC="2.55" NOx="10.93" PMx="0.58" fuel="10.38" electricity="0.00" noise="84.99" route="routeright" type="cfm-slow" waiting="0.00" lane="right_0" pos="31.16" speed="16.54" angle="308.44" x="101.95" y="120.58"/>
        <vehicle id="cfm-slow_5" eclass="HBEFA3/PC_G_EU4" CO2="28325.53" CO="513.13" HC="3.04" NOx="12.88" PMx="0.69" fuel="12.18" electricity="0.00" noise="88.32" route="routeright" type="cfm-slow" waiting="0.00" lane="right_0" pos="47.39" speed="17.31" angle="279.30" x="69.38" y="132.04"/>
    </timestep>
    <timestep time="1.72">
        <vehicle id="cfm-fast_0" eclass="HBEFA3/PC_G_EU4" CO2="30758.62" CO="559.31" HC="3.31" NOx="13.99" PMx="0.75" fuel="13.22" electricity="0.00" noise="88.98" route="routetop" type="cfm-fast" waiting="0.00" lane="top_0" pos="14.62" speed="18.83" angle="248.14" x="33.22" y="125.14"/>
        <vehicle id="cfm-fast_1" eclass="HBEFA3/PC_G_EU4" CO2="33991.98" CO="625.60" HC="3.69" NOx="15.52" PMx="0.84" fuel="14.61" electricity="0.00" noise="91.70" route="routetop" type="cfm-fast" waiting="0.00" lane="top_0" pos="30.48" speed="18.98" angle="219.62" x="7.57" y="103.16"/>
        <vehicle id="cfm-fast_2" eclass="HBEFA3/PC_G_EU4" CO2="47036.81" CO="892.97" HC="5.23" NOx="21.65" PMx="1.18" fuel="20.22" electricity="0.00" noise="101.94" route="routetop" type="cfm-fast" waiting="0.00" lane="top_0" pos="46.51" speed="19.80" angle="190.88" x="-4.52" y="71.25"/>
        <vehicle id="cfm-fast_3" eclass="HBEFA3/PC_G_EU4" CO2="85646.23" CO="1688.57" HC="9.82" NOx="39.80" PMx="2.19" fuel="36.81" electricity="0.00" noise="126.02" route="routetop" type="cfm-fast" waiting="0.00" lane="left_0" pos="13.44" speed="23.03" angle="160.31" x="1.10" y="35.52"/>
        <vehicle id="cfm-fast_4" eclass="HBEFA3/PC_G_EU4" CO2="85764.41" CO="1691.05" HC="9.83" NOx="39.85" PMx="2.19" fuel="36.87" electricity="0.00" noise="126.04" route="routeleft" type="cfm-fast" waiting="0.00" lane="left_1" pos="29.30" speed="23.06" angle="131.74" x="24.11" y="11.70"/>
        <vehicle id="cfm-fast_5" eclass="HBEFA3/PC_G_EU4" CO2="33789.86" CO="619.47" HC="3.66" NOx="15.37" PMx="0.83" fuel="14.52" electricity="0.00" noise="89.50" route="routeleft" type="cfm-fast" waiting="0.00" lane="left_0" pos="45.00" speed="21.06" angle="103.61" x="52.85" y="-4.10"/>
        <vehicle id="cfm-slow_0" eclass="HBEFA3/PC_G_EU4" CO2="20478.12" CO="355.55" HC="2.12" NOx="9.21" PMx="0.48" fuel="8.80" electricity="0.00" noise="81.53" route="routebottom" type="cfm-slow" waiting="0.00" lane="bottom_0" pos="17.87" speed="16.23" angle="62.31" x="100.22" y="5.60"/>
        <vehicle id="cfm-slow_1" eclass="HBEFA3/PC_G_EU4" CO2="20528.91" CO="356.58" HC="2.13" NOx="9.23" PMx="0.48" fuel="8.82" electricity="0.00" noise="81.58" route="routebottom" type="cfm-slow" waiting="0.00" lane="bottom_0" pos="33.71" speed="16.23" angle="33.88" x="123.45" y="30.03"/>
        <vehicle id="cfm-slow_2" eclass="HBEFA3/PC_G_EU4" CO2="20768.47" CO="361.45" HC="2.16" NOx="9.34" PMx="0.49" fuel="8.93" electricity="0.00" noise="81.81" route="routebottom" type="cfm-slow" waiting="0.00" lane="bottom_0" pos="49.54" speed="16.24" angle="5.36" x="132.25" y="62.59"/>
        <vehicle id="cfm-slow_3" eclass="HBEFA3/PC_G_EU4" CO2="21658.06" CO="379.47" HC="2.26" NOx="9.76" PMx="0.51" fuel="9.31" electricity="0.00" noise="82.66" route="routebottom" type="cfm-slow" waiting="0.00" lane="right_0" pos="15.40" speed="16.32" angle="336.74" x="124.39" y="95.60"/>
        <vehicle id="cfm-slow_4" eclass="HBEFA3/PC_G_EU4" CO2="24079.88" CO="428.26" HC="2.54" NOx="10.90" PMx="0.58" fuel="10.35" electricity="0.00" noise="84.87" route="routeright" type="cfm-slow" waiting="0.00" lane="right_0" pos="31.33" speed="16.59" angle="308.14" x="101.65" y="120.78"/>
        <vehicle id="cfm-slow_5" eclass="HBEFA3/PC_G_EU4" CO2="28245.09" CO="511.29" HC="3.02" NOx="12.84" PMx="0.69" fuel="12.14" electricity="0.00" noise="88.18" route="routeright" type="cfm-slow" waiting="0.00" lane="right_0" pos="47.56" speed="17.37" angle="279.02" x="69.01" y="132.07"/>
    </timestep>
    <timestep time="1.73">
        <vehicle id="cfm-fast_0" eclass="HBEFA3/PC_G_EU4" CO2="30631.19" CO="556.58" HC="3.29" NOx="13.93" PMx="0.75" fuel="13.17" electricity="0.00" noise="88.81" route="routetop" type="cfm-fast" waiting="0.00" lane="top_0" pos="14.81" speed="18.89" angle="247.78" x="32.85" y="124.96"/>
        <vehicle id="cfm-fast_1" eclass="HBEFA3/PC_G_EU4" CO2="33959.52" CO="624.82" HC="3.68" NOx="15.50" PMx="0.84" fuel="14.60" electricity="0.00" noise="91.60" route="routetop" type="cfm-fast" waiting="0.00" lane="top_0" pos="30.67" speed="19.05" angle="219.28" x="7.33" y="102.83"/>
        <vehicle id="cfm-fast_2" eclass="HBEFA3/PC_G_EU4" CO2="47233.82" CO="896.93" HC="5.25" NOx="21.74" PMx="1.18" fuel="20.30" electricity="0.00" noise="101.97" route="routetop" type="cfm-fast" waiting="0.00" lane="top_0" pos="46.71" speed="19.88" angle="190.51" x="-4.56" y="70.82"/>
        <vehicle id="cfm-fast_3" eclass="HBEFA3/PC_G_EU4" CO2="86162.69" CO="1699.42" HC="9.88" NOx="40.04" PMx="2.20" fuel="37.04" electricity="0.00" noise="126.09" route="routetop" type="cfm-fast" waiting="0.00" lane="left_0" pos="13.67" speed="23.16" angle="159.88" x="1.30" y="35.06"/>
        <vehicle id="cfm-fast_4" eclass="HBEFA3/PC_G_EU4" CO2="86280.94" CO="1701.91" HC="9.89" NOx="40.09" PMx="2.21" fuel="37.09" electricity="0.00" noise="126.10" route="routeleft" type="cfm-fast" waiting="0.00" lane="left_1" pos="29.53" speed="23.19" angle="131.37" x="24.49" y="11.41"/>
        <vehicle id="cfm-fast_5" eclass="HBEFA3/PC_G_EU4" CO2="33294.61" CO="609.28" HC="3.60" NOx="15.14" PMx="0.82" fuel="14.31" electricity="0.00" noise="89.06" route="routeleft" type="cfm-fast" waiting="0.00" lane="left_0" pos="45.21" speed="21.11" angle="103.22" x="53.30" y="-4.16"/>
        <vehicle id="cfm-slow_0" eclass="HBEFA3/PC_G_EU4" CO2="20367.06" CO="353.09" HC="2.11" NOx="9.15" PMx="0.48" fuel="8.75" electricity="0.00" noise="81.38" route="routebottom" type="cfm-slow" waiting="0.00" lane="bottom_0" pos="18.03" speed="16.27" angle="62.04" x="100.51" y="5.79"/>
        <vehicle id="cfm-slow_1" eclass="HBEFA3/PC_G_EU4" CO2="20419.71" CO="354.16" HC="2.11" NOx="9.18" PMx="0.48" fuel="8.78" electricity="0.00" noise="81.43" route="routebottom" type="cfm-slow" waiting="0.00" lane="bottom_0" pos="33.87" speed="16.27" angle="33.58" x="123.62" y="30.34"/>
        <vehicle id="cfm-slow_2" eclass="HBEFA3/PC_G_EU4" CO2="20665.80" CO="359.17" HC="2.14" NOx="9.29" PMx="0.49" fuel="8.88" electricity="0.00" noise="81.67" route="routebottom" type="cfm-slow" waiting="0.00" lane="bottom_0" pos="49.71" speed="16.29" angle="5.06" x="132.26" y="62.94"/>
        <vehicle id="cfm-slow_3" eclass="HBEFA3/PC_G_EU4" CO2="21571.08" CO="377.51" HC="2.25" NOx="9.72" PMx="0.51" fuel="9.27" electricity="0.00" noise="82.53" route="routebottom" type="cfm-slow" waiting="0.00" lane="right_0" pos="15.56" speed="16.36" angle="336.44" x="124.22" y="95.91"/>
        <vehicle id="cfm-slow_4" eclass="HBEFA3/PC_G_EU4" CO2="24011.80" CO="426.67" HC="2.53" NOx="10.86" PMx="0.58" fuel="10.32" electricity="0.00" noise="84.75" route="routeright" type="cfm-slow" waiting="0.00" lane="right_0" pos="31.49" speed="16.64" angle="307.84" x="101.36" y="120.98"/>
        <vehicle id="cfm-slow_5" eclass="HBEFA3/PC_G_EU4" CO2="28164.27" CO="509.45" HC="3.01" NOx="12.80" PMx="0.68" fuel="12.11" electricity="0.00" noise="88.04" route="routeright" type="cfm-slow" waiting="0.00" lane="right_0" pos="47.73" speed="17.43" angle="278.69" x="68.63" y="132.09"/>
    </timestep>
    <timestep time="1.74">
        <vehicle id="cfm-fast_0" eclass="HBEFA3/PC_G_EU4" CO2="30504.76" CO="553.87" HC="3.28" NOx="13.87" PMx="0.75" fuel="13.11" electricity="0.00" noise="88.65" route="routetop" type="cfm-fast" waiting="0.00" lane="top_0" pos="15.00" speed="18.95" angle="247.42" x="32.49" y="124.77"/>
        <vehicle id="cfm-fast_1" eclass="HBEFA3/PC_G_EU4" CO2="33929.27" CO="624.09" HC="3.68" NOx="15.48" PMx="0.84" fuel="14.58" electricity="0.00" noise="91.50" route="routetop" type="cfm-fast" waiting="0.00" lane="top_0" pos="30.86" speed="19.11" angle="218.98" x="7.10" y="102.49"/>
        <vehicle id="cfm-fast_2" eclass="HBEFA3/PC_G_EU4" CO2="47433.43" CO="900.95" HC="5.28" NOx="21.84" PMx="1.19" fuel="20.39" electricity="0.00" noise="102.01" route="routetop" type="cfm-fast" waiting="0.00" lane="top_0" pos="46.91" speed="19.97" angle="190.15" x="-4.61" y="70.40"/>
        <vehicle id="cfm-fast_3" eclass="HBEFA3/PC_G_EU4" CO2="86679.45" CO="1710.30" HC="9.94" NOx="40.28" PMx="2.22" fuel="37.26" electricity="0.00" noise="126.15" route="routetop" type="cfm-fast" waiting="0.00" lane="left_0" pos="13.90" speed="23.30" angle="159.44" x="1.51" y="34.60"/>
        <vehicle id="cfm-fast_4" eclass="HBEFA3/PC_G_EU4" CO2="86797.76" CO="1712.79" HC="9.96" NOx="40.33" PMx="2.22" fuel="37.31" electricity="0.00" noise="126.17" route="routeleft" type="cfm-fast" waiting="0.00" lane="left_1" pos="29.76" speed="23.33" angle="130.93" x="24.88" y="11.13"/>
        <vehicle id="cfm-fast_5" eclass="HBEFA3/PC_G_EU4" CO2="32802.84" CO="599.15" HC="3.54" NOx="14.90" PMx="0.81" fuel="14.10" electricity="0.00" noise="88.63" route="routeleft" type="cfm-fast" waiting="0.00" lane="left_0" pos="45.42" speed="21.17" angle="102.83" x="53.75" y="-4.22"/>
        <vehicle id="cfm-slow_0" eclass="HBEFA3/PC_G_EU4" CO2="20256.23" CO="350.64" HC="2.09" NOx="9.10" PMx="0.48" fuel="8.71" electricity="0.00" noise="81.24" route="routebottom" type="cfm-slow" waiting="0.00" lane="bottom_0" pos="18.20" speed="16.31" angle="61.73" x="100.81" y="5.98"/>
        <vehicle id="cfm-slow_1" eclass="HBEFA3/PC_G_EU4" CO2="20310.80" CO="351.75" HC="2.10" NOx="9.12" PMx="0.48" fuel="8.73" electricity="0.00" noise="81.29" route="routebottom" type="cfm-slow" waiting="0.00" lane="bottom_0" pos="34.03" speed="16.31" angle="33.28" x="123.79" y="30.65"/>
        <vehicle id="cfm-slow_2" eclass="HBEFA3/PC_G_EU4" CO2="20563.50" CO="356.89" HC="2.13" NOx="9.24" PMx="0.49" fuel="8.84" electricity="0.00" noise="81.53" route="routebottom" type="cfm-slow" waiting="0.00" lane="bottom_0" pos="49.87" speed="16.33" angle="4.75" x="132.26" y="63.29"/>
        <vehicle id="cfm-slow_3" eclass="HBEFA3/PC_G_EU4" CO2="21484.51" CO="375.55" HC="2.24" NOx="9.68" PMx="0.51" fuel="9.24" electricity="0.00" noise="82.41" route="routebottom" type="cfm-slow" waiting="0.00" lane="right_0" pos="15.72" speed="16.40" angle="336.15" x="124.05" y="96.22"/>
        <vehicle id="cfm-slow_4" eclass="HBEFA3/PC_G_EU4" CO2="23943.79" CO="425.08" HC="2.53" NOx="10.83" PMx="0.57" fuel="10.29" electricity="0.00" noise="84.64" route="routeright" type="cfm-slow" waiting="0.00" lane="right_0" pos="31.66" speed="16.69" angle="307.54" x="101.06" y="121.18"/>
        <vehicle id="cfm-slow_5" eclass="HBEFA3/PC_G_EU4" CO2="28083.08" CO="507.61" HC="3.00" NOx="12.76" PMx="0.68" fuel="12.07" electricity="0.00" noise="87.90" route="routeright" type="cfm-slow" waiting="0.00" lane="right_0" pos="47.91" speed="17.48" angle="278.36" x="68.26" y="132.11"/>
    </timestep>
    <timestep time="1.75">
        <vehicle id="cfm-fast_0" eclass="HBEFA3/PC_G_EU4" CO2="30379.36" CO="551.19" HC="3.26" NOx="13.81" PMx="0.74" fuel="13.06" electricity="0.00" noise="88.48" route="routetop" type="cfm-fast" waiting="0.00" lane="top_0" pos="15.19" speed="19.00" angle="247.06" x="32.12" y="124.59"/>
        <vehicle id="cfm-fast_1" eclass="HBEFA3/PC_G_EU4" CO2="33901.25" CO="623.41" HC="3.68" NOx="15.47" PMx="0.83" fuel="14.57" electricity="0.00" noise="91.41" route="routetop" type="cfm-fast" waiting="0.00" lane="top_0" pos="31.06" speed="19.17" angle="218.64" x="6.87" y="102.15"/>
        <vehicle id="cfm-fast_2" eclass="HBEFA3/PC_G_EU4" CO2="47635.62" CO="905.04" HC="5.30" NOx="21.93" PMx="1.19" fuel="20.48" electricity="0.00" noise="102.05" route="routetop" type="cfm-fast" waiting="0.00" lane="top_0" pos="47.11" speed="20.05" angle="189.78" x="-4.65" y="69.97"/>
        <vehicle id="cfm-fast_3" eclass="HBEFA3/PC_G_EU4" CO2="87196.49" CO="1721.20" HC="10.00" NOx="40.52" PMx="2.23" fuel="37.48" electricity="0.00" noise="126.22" route="routetop" type="cfm-fast" waiting="0.00" lane="left_0" pos="14.14" speed="23.44" angle="159.07" x="1.72" y="34.15"/>
        <vehicle id="cfm-fast_4" eclass="HBEFA3/PC_G_EU4" CO2="87314.87" CO="1723.69" HC="10.02" NOx="40.57" PMx="2.23" fuel="37.53" electricity="0.00" noise="126.23" route="routeleft" type="cfm-fast" waiting="0.00" lane="left_1" pos="30.00" speed="23.47" angle="130.50" x="25.27" y="10.85"/>
        <vehicle id="cfm-fast_5" eclass="HBEFA3/PC_G_EU4" CO2="32314.62" CO="589.10" HC="3.48" NOx="14.67" PMx="0.79" fuel="13.89" electricity="0.00" noise="88.20" route="routeleft" type="cfm-fast" waiting="0.00" lane="left_0" pos="45.63" speed="21.22" angle="102.43" x="54.21" y="-4.29"/>
        <vehicle id="cfm-slow_0" eclass="HBEFA3/PC_G_EU4" CO2="20145.64" CO="348.20" HC="2.08" NOx="9.05" PMx="0.47" fuel="8.66" electricity="0.00" noise="81.09" route="routebottom" type="cfm-slow" waiting="0.00" lane="bottom_0" pos="18.36" speed="16.35" angle="61.43" x="101.10" y="6.17"/>
        <vehicle id="cfm-slow_1" eclass="HBEFA3/PC_G_EU4" CO2="20202.17" CO="349.35" HC="2.09" NOx="9.07" PMx="0.48" fuel="8.68" electricity="0.00" noise="81.15" route="routebottom" type="cfm-slow" waiting="0.00" lane="bottom_0" pos="34.19" speed="16.35" angle="32.98" x="123.96" y="30.96"/>
        <vehicle id="cfm-slow_2" eclass="HBEFA3/PC_G_EU4" CO2="20461.59" CO="354.62" HC="2.12" NOx="9.19" PMx="0.48" fuel="8.80" electricity="0.00" noise="81.40" route="routebottom" type="cfm-slow" waiting="0.00" lane="right_0" pos="0.03" speed="16.37" angle="4.41" x="132.27" y="63.83"/>
        <vehicle id="cfm-slow_3" eclass="HBEFA3/PC_G_EU4" CO2="21398.35" CO="373.60" HC="2.23" NOx="9.63" PMx="0.51" fuel="9.20" electricity="0.00" noise="82.28" route="routebottom" type="cfm-slow" waiting="0.00" lane="right_0" pos="15.89" speed="16.45" angle="335.85" x="123.87" y="96.53"/>
        <vehicle id="cfm-slow_4" eclass="HBEFA3/PC_G_EU4" CO2="23875.86" CO="423.50" HC="2.52" NOx="10.80" PMx="0.57" fuel="10.26" electricity="0.00" noise="84.52" route="routeright" type="cfm-slow" waiting="0.00" lane="right_0" pos="31.83" speed="16.74" angle="307.24" x="100.76" y="121.38"/>
        <vehicle id="cfm-slow_5" eclass="HBEFA3/PC_G_EU4" CO2="28001.55" CO="505.76" HC="2.99" NOx="12.72" PMx="0.68" fuel="12.04" electricity="0.00" noise="87.76" route="routeright" type="cfm-slow" waiting="0.00" lane="right_0" pos="48.08" speed="17.54" angle="278.03" x="67.88" y="132.14"/>
    </timestep>
    <timestep time="1.76">
        <vehicle id="cfm-fast_0" eclass="HBEFA3/PC_G_EU4" CO2="30255.05" CO="548.53" HC="3.25" NOx="13.75" PMx="0.74" fuel="13.01" electricity="0.00" noise="88.32" route="routetop" type="cfm-fast" waiting="0.00" lane="top_0" pos="15.38" speed="19.06" angle="246.77" x="31.76" y="124.40"/>
        <vehicle id="cfm-fast_1" eclass="HBEFA3/PC_G_EU4" CO2="33875.49" CO="622.77" HC="3.67" NOx="15.46" PMx="0.83" fuel="14.56" electricity="0.00" noise="91.32" route="routetop" type="cfm-fast" waiting="0.00" lane="top_0" pos="31.25" speed="19.23" angle="218.29" x="6.64" y="101.80"/>
        <vehicle id="cfm-fast_2" eclass="HBEFA3/PC_G_EU4" CO2="47840.39" CO="909.18" HC="5.33" NOx="22.02" PMx="1.20" fuel="20.56" electricity="0.00" noise="102.09" route="routetop" type="cfm-fast" waiting="0.00" lane="top_0" pos="47.31" speed="20.14" angle="189.41" x="-4.69" y="69.54"/>
        <vehicle id="cfm-fast_3" eclass="HBEFA3/PC_G_EU4" CO2="86854.85" CO="1714.43" HC="9.96" NOx="40.35" PMx="2.22" fuel="37.33" electricity="0.00" noise="125.67" route="routetop" type="cfm-fast" waiting="0.00" lane="left_0" pos="14.37" speed="23.57" angle="158.63" x="1.95" y="33.69"/>
        <vehicle id="cfm-fast_4" eclass="HBEFA3/PC_G_EU4" CO2="87832.27" CO="1734.62" HC="10.08" NOx="40.81" PMx="2.25" fuel="37.75" electricity="0.00" noise="126.29" route="routeleft" type="cfm-fast" waiting="0.00" lane="left_1" pos="30.23" speed="23.60" angle="130.06" x="25.66" y="10.56"/>
        <vehicle id="cfm-fast_5" eclass="HBEFA3/PC_G_EU4" CO2="31830.02" CO="579.13" HC="3.43" NOx="14.44" PMx="0.78" fuel="13.68" electricity="0.00" noise="87.78" route="routeleft" type="cfm-fast" waiting="0.00" lane="left_0" pos="45.85" speed="21.27" angle="102.04" x="54.66" y="-4.35"/>
        <vehicle id="cfm-slow_0" eclass="HBEFA3/PC_G_EU4" CO2="20035.32" CO="345.76" HC="2.07" NOx="8.99" PMx="0.47" fuel="8.61" electricity="0.00" noise="80.95" route="routebottom" type="cfm-slow" waiting="0.00" lane="bottom_0" pos="18.52" speed="16.39" angle="61.12" x="101.39" y="6.37"/>
        <vehicle id="cfm-slow_1" eclass="HBEFA3/PC_G_EU4" CO2="20093.85" CO="346.96" HC="2.07" NOx="9.02" PMx="0.47" fuel="8.64" electricity="0.00" noise="81.01" route="routebottom" type="cfm-slow" waiting="0.00" lane="bottom_0" pos="34.36" speed="16.39" angle="32.68" x="124.13" y="31.26"/>
        <vehicle id="cfm-slow_2" eclass="HBEFA3/PC_G_EU4" CO2="20360.07" CO="352.37" HC="2.10" NOx="9.15" PMx="0.48" fuel="8.75" electricity="0.00" noise="81.26" route="routebottom" type="cfm-slow" waiting="0.00" lane="right_0" pos="0.20" speed="16.41" angle="4.11" x="132.26" y="64.18"/>
        <vehicle id="cfm-slow_3" eclass="HBEFA3/PC_G_EU4" CO2="21312.60" CO="371.66" HC="2.22" NOx="9.59" PMx="0.51" fuel="9.16" electricity="0.00" noise="82.16" route="routebottom" type="cfm-slow" waiting="0.00" lane="right_0" pos="16.05" speed="16.49" angle="335.55" x="123.70" y="96.84"/>
        <vehicle id="cfm-slow_4" eclass="HBEFA3/PC_G_EU4" CO2="23808.02" CO="421.93" HC="2.51" NOx="10.76" PMx="0.57" fuel="10.23" electricity="0.00" noise="84.41" route="routeright" type="cfm-slow" waiting="0.00" lane="right_0" pos="32.00" speed="16.79" angle="306.97" x="100.46" y="121.58"/>
        <vehicle id="cfm-slow_5" eclass="HBEFA3/PC_G_EU4" CO2="27919.70" CO="503.91" HC="2.98" NOx="12.68" PMx="0.68" fuel="12.00" electricity="0.00" noise="87.63" route="routeright" type="cfm-slow" waiting="0.00" lane="right_0" pos="48.26" speed="17.59" angle="277.71" x="67.50" y="132.16"/>
    </timestep>
    <timestep time="1.77">
        <vehicle id="cfm-fast_0" eclass="HBEFA3/PC_G_EU4" CO2="30131.84" CO="545.90" HC="3.23" NOx="13.69" PMx="0.74" fuel="12.95" electricity="0.00" noise="88.16" route="routetop" type="cfm-fast" waiting="0.00" lane="top_0" pos="15.57" speed="19.11" angle="246.42" x="31.40" y="124.20"/>
        <vehicle id="cfm-fast_1" eclass="HBEFA3/PC_G_EU4" CO2="33852.01" CO="622.19" HC="3.67" NOx="15.44" PMx="0.83" fuel="14.55" electricity="0.00" noise="91.24" route="routetop" type="cfm-fast" waiting="0.00" lane="top_0" pos="31.44" speed="19.29" angle="217.94" x="6.41" y="101.45"/>
        <vehicle id="cfm-fast_2" eclass="HBEFA3/PC_G_EU4" CO2="48041.00" CO="913.24" HC="5.35" NOx="22.12" PMx="1.20" fuel="20.65" electricity="0.00" noise="102.12" route="routetop" type="cfm-fast" waiting="0.00" lane="top_0" pos="47.51" speed="20.22" angle="189.09" x="-4.73" y="69.10"/>
        <vehicle id="cfm-fast_3" eclass="HBEFA3/PC_G_EU4" CO2="85996.48" CO="1697.03" HC="9.86" NOx="39.95" PMx="2.20" fuel="36.97" electricity="0.00" noise="124.76" route="routetop" type="cfm-fast" waiting="0.00" lane="left_0" pos="14.61" speed="23.70" angle="158.18" x="2.18" y="33.24"/>
        <vehicle id="cfm-fast_4" eclass="HBEFA3/PC_G_EU4" CO2="88349.97" CO="1745.56" HC="10.14" NOx="41.05" PMx="2.26" fuel="37.98" electricity="0.00" noise="126.36" route="routeleft" type="cfm-fast" waiting="0.00" lane="left_1" pos="30.47" speed="23.74" angle="129.62" x="26.06" y="10.28"/>
        <vehicle id="cfm-fast_5" eclass="HBEFA3/PC_G_EU4" CO2="31349.10" CO="569.23" HC="3.37" NOx="14.21" PMx="0.77" fuel="13.48" electricity="0.00" noise="87.37" route="routeleft" type="cfm-fast" waiting="0.00" lane="left_0" pos="46.06" speed="21.32" angle="101.65" x="55.11" y="-4.41"/>
        <vehicle id="cfm-slow_0" eclass="HBEFA3/PC_G_EU4" CO2="19925.26" CO="343.34" HC="2.05" NOx="8.94" PMx="0.47" fuel="8.56" electricity="0.00" noise="80.81" route="routebottom" type="cfm-slow" waiting="0.00" lane="bottom_0" pos="18.69" speed="16.43" angle="60.81" x="101.69" y="6.57"/>
        <vehicle id="cfm-slow_1" eclass="HBEFA3/PC_G_EU4" CO2="19985.85" CO="344.57" HC="2.06" NOx="8.97" PMx="0.47" fuel="8.59" electricity="0.00" noise="80.87" route="routebottom" type="cfm-slow" waiting="0.00" lane="bottom_0" pos="34.52" speed="16.43" angle="32.39" x="124.30" y="31.57"/>
        <vehicle id="cfm-slow_2" eclass="HBEFA3/PC_G_EU4" CO2="20258.95" CO="350.12" HC="2.09" NOx="9.10" PMx="0.48" fuel="8.71" electricity="0.00" noise="81.13" route="routebottom" type="cfm-slow" waiting="0.00" lane="right_0" pos="0.36" speed="16.45" angle="3.82" x="132.26" y="64.54"/>
        <vehicle id="cfm-slow_3" eclass="HBEFA3/PC_G_EU4" CO2="21227.28" CO="369.74" HC="2.21" NOx="9.55" PMx="0.50" fuel="9.12" electricity="0.00" noise="82.04" route="routebottom" type="cfm-slow" waiting="0.00" lane="right_0" pos="16.22" speed="16.53" angle="335.25" x="123.53" y="97.15"/>
        <vehicle id="cfm-slow_4" eclass="HBEFA3/PC_G_EU4" CO2="23740.27" CO="420.36" HC="2.50" NOx="10.73" PMx="0.57" fuel="10.20" electricity="0.00" noise="84.30" route="routeright" type="cfm-slow" waiting="0.00" lane="right_0" pos="32.17" speed="16.83" angle="306.69" x="100.15" y="121.77"/>
        <vehicle id="cfm-slow_5" eclass="HBEFA3/PC_G_EU4" CO2="27837.57" CO="502.06" HC="2.97" NOx="12.64" PMx="0.68" fuel="11.97" electricity="0.00" noise="87.49" route="routeright" type="cfm-slow" waiting="0.00" lane="right_0" pos="48.44" speed="17.65" angle="277.37" x="67.12" y="132.18"/>
    </timestep>
    <timestep time="1.78">
        <vehicle id="cfm-fast_0" eclass="HBEFA3/PC_G_EU4" CO2="30009.77" CO="543.30" HC="3.22" NOx="13.63" PMx="0.73" fuel="12.90" electricity="0.00" noise="88.01" route="routetop" type="cfm-fast" waiting="0.00" lane="top_0" pos="15.76" speed="19.16" angle="246.08" x="31.04" y="124.01"/>
        <vehicle id="cfm-fast_1" eclass="HBEFA3/PC_G_EU4" CO2="33830.77" CO="621.66" HC="3.67" NOx="15.43" PMx="0.83" fuel="14.54" electricity="0.00" noise="91.15" route="routetop" type="cfm-fast" waiting="0.00" lane="top_0" pos="31.63" speed="19.35" angle="217.59" x="6.18" y="101.11"/>
        <vehicle id="cfm-fast_2" eclass="HBEFA3/PC_G_EU4" CO2="48233.42" CO="917.14" HC="5.37" NOx="22.20" PMx="1.21" fuel="20.73" electricity="0.00" noise="102.15" route="routetop" type="cfm-fast" waiting="0.00" lane="top_0" pos="47.72" speed="20.31" angle="188.71" x="-4.76" y="68.67"/>
        <vehicle id="cfm-fast_3" eclass="HBEFA3/PC_G_EU4" CO2="85129.73" CO="1679.47" HC="9.76" NOx="39.53" PMx="2.18" fuel="36.59" electricity="0.00" noise="123.87" route="routetop" type="cfm-fast" waiting="0.00" lane="left_0" pos="14.85" speed="23.83" angle="157.74" x="2.41" y="32.78"/>
        <vehicle id="cfm-fast_4" eclass="HBEFA3/PC_G_EU4" CO2="88867.95" CO="1756.53" HC="10.21" NOx="41.30" PMx="2.28" fuel="38.20" electricity="0.00" noise="126.42" route="routeleft" type="cfm-fast" waiting="0.00" lane="left_1" pos="30.71" speed="23.88" angle="129.20" x="26.46" y="9.99"/>
        <vehicle id="cfm-fast_5" eclass="HBEFA3/PC_G_EU4" CO2="30871.92" CO="559.42" HC="3.31" NOx="13.99" PMx="0.76" fuel="13.27" electricity="0.00" noise="86.96" route="routeleft" type="cfm-fast" waiting="0.00" lane="left_0" pos="46.27" speed="21.37" angle="101.31" x="55.57" y="-4.47"/>
        <vehicle id="cfm-slow_0" eclass="HBEFA3/PC_G_EU4" CO2="19815.48" CO="340.92" HC="2.04" NOx="8.89" PMx="0.47" fuel="8.52" electricity="0.00" noise="80.67" route="routebottom" type="cfm-slow" waiting="0.00" lane="bottom_0" pos="18.85" speed="16.47" angle="60.50" x="101.98" y="6.76"/>
        <vehicle id="cfm-slow_1" eclass="HBEFA3/PC_G_EU4" CO2="19878.17" CO="342.20" HC="2.05" NOx="8.92" PMx="0.47" fuel="8.54" electricity="0.00" noise="80.73" route="routebottom" type="cfm-slow" waiting="0.00" lane="bottom_0" pos="34.69" speed="16.47" angle="32.13" x="124.47" y="31.89"/>
        <vehicle id="cfm-slow_2" eclass="HBEFA3/PC_G_EU4" CO2="20158.25" CO="347.89" HC="2.08" NOx="9.05" PMx="0.48" fuel="8.67" electricity="0.00" noise="81.00" route="routebottom" type="cfm-slow" waiting="0.00" lane="right_0" pos="0.53" speed="16.49" angle="3.52" x="132.25" y="64.89"/>
        <vehicle id="cfm-slow_3" eclass="HBEFA3/PC_G_EU4" CO2="21142.39" CO="367.83" HC="2.19" NOx="9.51" PMx="0.50" fuel="9.09" electricity="0.00" noise="81.92" route="routebottom" type="cfm-slow" waiting="0.00" lane="right_0" pos="16.38" speed="16.58" angle="334.95" x="123.36" y="97.46"/>
        <vehicle id="cfm-slow_4" eclass="HBEFA3/PC_G_EU4" CO2="23672.62" CO="418.80" HC="2.49" NOx="10.70" PMx="0.57" fuel="10.18" electricity="0.00" noise="84.19" route="routeright" type="cfm-slow" waiting="0.00" lane="right_0" pos="32.33" speed="16.88" angle="306.37" x="99.84" y="121.96"/>
        <vehicle id="cfm-slow_5" eclass="HBEFA3/PC_G_EU4" CO2="27755.17" CO="500.21" HC="2.96" NOx="12.60" PMx="0.67" fuel="11.93" electricity="0.00" noise="87.36" route="routeright" type="cfm-slow" waiting="0.00" lane="right_0" pos="48.61" speed="17.70" angle="277.04" x="66.74" y="132.20"/>
    </timestep>
    <timestep time="1.79">
        <vehicle id="cfm-fast_0" eclass="HBEFA3/PC_G_EU4" CO2="29888.87" CO="540.72" HC="3.20" NOx="13.57" PMx="0.73" fuel="12.85" electricity="0.00" noise="87.85" route="routetop" type="cfm-fast" waiting="0.00" lane="top_0" pos="15.95" speed="19.22" angle="245.73" x="30.68" y="123.81"/>
        <vehicle id="cfm-fast_1" eclass="HBEFA3/PC_G_EU4" CO2="33811.68" CO="621.18" HC="3.66" NOx="15.42" PMx="0.83" fuel="14.53" electricity="0.00" noise="91.07" route="routetop" type="cfm-fast" waiting="0.00" lane="top_0" pos="31.83" speed="19.41" angle="217.24" x="5.95" y="100.76"/>
        <vehicle id="cfm-fast_2" eclass="HBEFA3/PC_G_EU4" CO2="48417.68" CO="920.87" HC="5.39" NOx="22.29" PMx="1.21" fuel="20.81" electricity="0.00" noise="102.18" route="routetop" type="cfm-fast" waiting="0.00" lane="top_0" pos="47.92" speed="20.39" angle="188.32" x="-4.79" y="68.23"/>
        <vehicle id="cfm-fast_3" eclass="HBEFA3/PC_G_EU4" CO2="84255.17" CO="1661.76" HC="9.66" NOx="39.12" PMx="2.16" fuel="36.22" electricity="0.00" noise="122.98" route="routetop" type="cfm-fast" waiting="0.00" lane="left_0" pos="15.09" speed="23.96" angle="157.29" x="2.64" y="32.32"/>
        <vehicle id="cfm-fast_4" eclass="HBEFA3/PC_G_EU4" CO2="89386.23" CO="1767.52" HC="10.27" NOx="41.54" PMx="2.29" fuel="38.42" electricity="0.00" noise="126.49" route="routeleft" type="cfm-fast" waiting="0.00" lane="left_1" pos="30.95" speed="24.01" angle="128.80" x="26.86" y="9.72"/>
        <vehicle id="cfm-fast_5" eclass="HBEFA3/PC_G_EU4" CO2="30398.53" CO="549.68" HC="3.26" NOx="13.76" PMx="0.75" fuel="13.07" electricity="0.00" noise="86.56" route="routeleft" type="cfm-fast" waiting="0.00" lane="left_0" pos="46.49" speed="21.42" angle="100.92" x="56.03" y="-4.51"/>
        <vehicle id="cfm-slow_0" eclass="HBEFA3/PC_G_EU4" CO2="19706.00" CO="338.51" HC="2.03" NOx="8.83" PMx="0.46" fuel="8.47" electricity="0.00" noise="80.53" route="routebottom" type="cfm-slow" waiting="0.00" lane="bottom_0" pos="19.02" speed="16.51" angle="60.19" x="102.28" y="6.96"/>
        <vehicle id="cfm-slow_1" eclass="HBEFA3/PC_G_EU4" CO2="19770.84" CO="339.83" HC="2.03" NOx="8.86" PMx="0.46" fuel="8.50" electricity="0.00" noise="80.60" route="routebottom" type="cfm-slow" waiting="0.00" lane="bottom_0" pos="34.85" speed="16.51" angle="31.83" x="124.63" y="32.20"/>
        <vehicle id="cfm-slow_2" eclass="HBEFA3/PC_G_EU4" CO2="20057.98" CO="345.67" HC="2.07" NOx="9.00" PMx="0.47" fuel="8.62" electricity="0.00" noise="80.87" route="routebottom" type="cfm-slow" waiting="0.00" lane="right_0" pos="0.69" speed="16.53" angle="3.22" x="132.24" y="65.25"/>
        <vehicle id="cfm-slow_3" eclass="HBEFA3/PC_G_EU4" CO2="21057.94" CO="365.93" HC="2.18" NOx="9.47" PMx="0.50" fuel="9.05" electricity="0.00" noise="81.81" route="routebottom" type="cfm-slow" waiting="0.00" lane="right_0" pos="16.55" speed="16.62" angle="334.67" x="123.18" y="97.77"/>
        <vehicle id="cfm-slow_4" eclass="HBEFA3/PC_G_EU4" CO2="23605.08" CO="417.24" HC="2.48" NOx="10.66" PMx="0.56" fuel="10.15" electricity="0.00" noise="84.08" route="routeright" type="cfm-slow" waiting="0.00" lane="right_0" pos="32.50" speed="16.93" angle="306.05" x="99.53" y="122.15"/>
        <vehicle id="cfm-slow_5" eclass="HBEFA3/PC_G_EU4" CO2="27672.54" CO="498.35" HC="2.95" NOx="12.56" PMx="0.67" fuel="11.90" electricity="0.00" noise="87.23" route="routeright" type="cfm-slow" waiting="0.00" lane="right_0" pos="48.79" speed="17.75" angle="276.77" x="66.36" y="132.22"/>
    </timestep>
    <timestep time="1.80">
        <vehicle id="cfm-fast_0" eclass="HBEFA3/PC_G_EU4" CO2="29769.18" CO="538.17" HC="3.19" NOx="13.52" PMx="0.73" fuel="12.80" electricity="0.00" noise="87.70" route="routetop" type="cfm-fast" waiting="0.00" lane="top_0" pos="16.15" speed="19.27" angle="245.38" x="30.31" y="123.61"/>
        <vehicle id="cfm-fast_1" eclass="HBEFA3/PC_G_EU4" CO2="33794.69" CO="620.75" HC="3.66" NOx="15.41" PMx="0.83" fuel="14.53" electricity="0.00" noise="90.99" route="routetop" type="cfm-fast" waiting="0.00" lane="top_0" pos="32.02" speed="19.48" angle="216.93" x="5.72" y="100.41"/>
        <vehicle id="cfm-fast_2" eclass="HBEFA3/PC_G_EU4" CO2="48593.80" CO="924.45" HC="5.41" NOx="22.37" PMx="1.22" fuel="20.89" electricity="0.00" noise="102.19" route="routetop" type="cfm-fast" waiting="0.00" lane="top_0" pos="48.13" speed="20.48" angle="187.92" x="-4.81" y="67.79"/>
        <vehicle id="cfm-fast_3" eclass="HBEFA3/PC_G_EU4" CO2="83373.32" CO="1643.91" HC="9.56" NOx="38.70" PMx="2.13" fuel="35.84" electricity="0.00" noise="122.11" route="routetop" type="cfm-fast" waiting="0.00" lane="left_0" pos="15.33" speed="24.09" angle="156.88" x="2.87" y="31.85"/>
        <vehicle id="cfm-fast_4" eclass="HBEFA3/PC_G_EU4" CO2="89904.80" CO="1778.53" HC="10.33" NOx="41.78" PMx="2.30" fuel="38.65" electricity="0.00" noise="126.55" route="routeleft" type="cfm-fast" waiting="0.00" lane="left_1" pos="31.19" speed="24.15" angle="128.36" x="27.28" y="9.44"/>
        <vehicle id="cfm-fast_5" eclass="HBEFA3/PC_G_EU4" CO2="29929.00" CO="540.02" HC="3.20" NOx="13.54" PMx="0.73" fuel="12.86" electricity="0.00" noise="86.16" route="routeleft" type="cfm-fast" waiting="0.00" lane="left_0" pos="46.70" speed="21.47" angle="100.52" x="56.49" y="-4.56"/>
        <vehicle id="cfm-slow_0" eclass="HBEFA3/PC_G_EU4" CO2="19596.82" CO="336.11" HC="2.01" NOx="8.78" PMx="0.46" fuel="8.42" electricity="0.00" noise="80.40" route="routebottom" type="cfm-slow" waiting="0.00" lane="bottom_0" pos="19.18" speed="16.55" angle="59.93" x="102.57" y="7.16"/>
        <vehicle id="cfm-slow_1" eclass="HBEFA3/PC_G_EU4" CO2="19663.86" CO="337.48" HC="2.02" NOx="8.81" PMx="0.46" fuel="8.45" electricity="0.00" noise="80.46" route="routebottom" type="cfm-slow" waiting="0.00" lane="bottom_0" pos="35.02" speed="16.55" angle="31.53" x="124.79" y="32.52"/>
        <vehicle id="cfm-slow_2" eclass="HBEFA3/PC_G_EU4" CO2="19958.16" CO="343.46" HC="2.05" NOx="8.95" PMx="0.47" fuel="8.58" electricity="0.00" noise="80.74" route="routebottom" type="cfm-slow" waiting="0.00" lane="right_0" pos="0.86" speed="16.57" angle="2.92" x="132.24" y="65.60"/>
        <vehicle id="cfm-slow_3" eclass="HBEFA3/PC_G_EU4" CO2="20973.94" CO="364.04" HC="2.17" NOx="9.43" PMx="0.50" fuel="9.02" electricity="0.00" noise="81.69" route="routebottom" type="cfm-slow" waiting="0.00" lane="right_0" pos="16.72" speed="16.66" angle="334.40" x="123.01" y="98.09"/>
        <vehicle id="cfm-slow_4" eclass="HBEFA3/PC_G_EU4" CO2="23537.65" CO="415.68" HC="2.47" NOx="10.63" PMx="0.56" fuel="10.12" electricity="0.00" noise="83.97" route="routeright" type="cfm-slow" waiting="0.00" lane="right_0" pos="32.67" speed="16.98" angle="305.73" x="99.21" y="122.33"/>
        <vehicle id="cfm-slow_5" eclass="HBEFA3/PC_G_EU4" CO2="27589.69" CO="496.50" HC="2.94" NOx="12.52" PMx="0.67" fuel="11.86" electricity="0.00" noise="87.10" route="routeright" type="cfm-slow" waiting="0.00" lane="right_0" pos="48.97" speed="17.81" angle="276.44" x="65.98" y="132.23"/>
    </timestep>
    <timestep time="1.81">
        <vehicle id="cfm-fast_0" eclass="HBEFA3/PC_G_EU4" CO2="29650.71" CO="535.65" HC="3.17" NOx="13.46" PMx="0.72" fuel="12.75" electricity="0.00" noise="87.55" route="routetop" type="cfm-fast" waiting="0.00" lane="top_0" pos="16.34" speed="19.32" angle="245.03" x="29.95" y="123.40"/>
        <vehicle id="cfm-fast_1" eclass="HBEFA3/PC_G_EU4" CO2="33779.71" CO="620.35" HC="3.66" NOx="15.40" PMx="0.83" fuel="14.52" electricity="0.00" noise="90.92" route="routetop" type="cfm-fast" waiting="0.00" lane="top_0" pos="32.22" speed="19.54" angle="216.58" x="5.50" y="100.05"/>
        <vehicle id="cfm-fast_2" eclass="HBEFA3/PC_G_EU4" CO2="48761.80" CO="927.86" HC="5.43" NOx="22.45" PMx="1.22" fuel="20.96" electricity="0.00" noise="102.20" route="routetop" type="cfm-fast" waiting="0.00" lane="top_0" pos="48.33" speed="20.56" angle="187.53" x="-4.84" y="67.35"/>
        <vehicle id="cfm-fast_3" eclass="HBEFA3/PC_G_EU4" CO2="82484.73" CO="1625.93" HC="9.45" NOx="38.28" PMx="2.11" fuel="35.46" electricity="0.00" noise="121.24" route="routetop" type="cfm-fast" waiting="0.00" lane="left_0" pos="15.57" speed="24.21" angle="156.46" x="3.12" y="31.39"/>
        <vehicle id="cfm-fast_4" eclass="HBEFA3/PC_G_EU4" CO2="90423.67" CO="1789.56" HC="10.40" NOx="42.02" PMx="2.32" fuel="38.87" electricity="0.00" noise="126.62" route="routeleft" type="cfm-fast" waiting="0.00" lane="left_1" pos="31.43" speed="24.28" angle="127.92" x="27.69" y="9.17"/>
        <vehicle id="cfm-fast_5" eclass="HBEFA3/PC_G_EU4" CO2="29463.36" CO="530.45" HC="3.14" NOx="13.32" PMx="0.72" fuel="12.66" electricity="0.00" noise="85.77" route="routeleft" type="cfm-fast" waiting="0.00" lane="left_0" pos="46.92" speed="21.51" angle="100.13" x="56.95" y="-4.61"/>
        <vehicle id="cfm-slow_0" eclass="HBEFA3/PC_G_EU4" CO2="19487.96" CO="333.72" HC="2.00" NOx="8.73" PMx="0.46" fuel="8.38" electricity="0.00" noise="80.26" route="routebottom" type="cfm-slow" waiting="0.00" lane="bottom_0" pos="19.35" speed="16.59" angle="59.64" x="102.87" y="7.36"/>
        <vehicle id="cfm-slow_1" eclass="HBEFA3/PC_G_EU4" CO2="19557.24" CO="335.13" HC="2.01" NOx="8.76" PMx="0.46" fuel="8.41" electricity="0.00" noise="80.33" route="routebottom" type="cfm-slow" waiting="0.00" lane="bottom_0" pos="35.18" speed="16.59" angle="31.23" x="124.95" y="32.84"/>
        <vehicle id="cfm-slow_2" eclass="HBEFA3/PC_G_EU4" CO2="19858.78" CO="341.26" HC="2.04" NOx="8.90" PMx="0.47" fuel="8.54" electricity="0.00" noise="80.61" route="routebottom" type="cfm-slow" waiting="0.00" lane="right_0" pos="1.02" speed="16.61" angle="2.62" x="132.23" y="65.96"/>
        <vehicle id="cfm-slow_3" eclass="HBEFA3/PC_G_EU4" CO2="20890.40" CO="362.16" HC="2.16" NOx="9.39" PMx="0.49" fuel="8.98" electricity="0.00" noise="81.57" route="routebottom" type="cfm-slow" waiting="0.00" lane="right_0" pos="16.88" speed="16.70" angle="334.10" x="122.82" y="98.39"/>
        <vehicle id="cfm-slow_4" eclass="HBEFA3/PC_G_EU4" CO2="23470.35" CO="414.14" HC="2.46" NOx="10.60" PMx="0.56" fuel="10.09" electricity="0.00" noise="83.86" route="routeright" type="cfm-slow" waiting="0.00" lane="right_0" pos="32.84" speed="17.02" angle="305.40" x="98.90" y="122.52"/>
        <vehicle id="cfm-slow_5" eclass="HBEFA3/PC_G_EU4" CO2="27506.64" CO="494.64" HC="2.93" NOx="12.48" PMx="0.67" fuel="11.82" electricity="0.00" noise="86.97" route="routeright" type="cfm-slow" waiting="0.00" lane="right_0" pos="49.15" speed="17.86" angle="276.11" x="65.59" y="132.24"/>
    </timestep>
    <timestep time="1.82">
        <vehicle id="cfm-fast_0" eclass="HBEFA3/PC_G_EU4" CO2="29533.50" CO="533.16" HC="3.16" NOx="13.40" PMx="0.72" fuel="12.69" electricity="0.00" noise="87.40" route="routetop" type="cfm-fast" waiting="0.00" lane="top_0" pos="16.53" speed="19.38" angle="244.69" x="29.58" y="123.20"/>
        <vehicle id="cfm-fast_1" eclass="HBEFA3/PC_G_EU4" CO2="33766.66" CO="620.01" HC="3.66" NOx="15.40" PMx="0.83" fuel="14.51" electricity="0.00" noise="90.84" route="routetop" type="cfm-fast" waiting="0.00" lane="top_0" pos="32.41" speed="19.60" angle="216.21" x="5.28" y="99.69"/>
        <vehicle id="cfm-fast_2" eclass="HBEFA3/PC_G_EU4" CO2="48921.70" CO="931.12" HC="5.45" NOx="22.52" PMx="1.23" fuel="21.03" electricity="0.00" noise="102.21" route="routetop" type="cfm-fast" waiting="0.00" lane="top_0" pos="48.54" speed="20.65" angle="187.13" x="-4.86" y="66.90"/>
        <vehicle id="cfm-fast_3" eclass="HBEFA3/PC_G_EU4" CO2="81589.91" CO="1607.82" HC="9.35" NOx="37.85" PMx="2.09" fuel="35.07" electricity="0.00" noise="120.38" route="routetop" type="cfm-fast" waiting="0.00" lane="left_0" pos="15.81" speed="24.33" angle="156.01" x="3.37" y="30.94"/>
        <vehicle id="cfm-fast_4" eclass="HBEFA3/PC_G_EU4" CO2="90942.82" CO="1800.61" HC="10.46" NOx="42.26" PMx="2.33" fuel="39.09" electricity="0.00" noise="126.68" route="routeleft" type="cfm-fast" waiting="0.00" lane="left_1" pos="31.68" speed="24.42" angle="127.48" x="28.11" y="8.89"/>
        <vehicle id="cfm-fast_5" eclass="HBEFA3/PC_G_EU4" CO2="29001.66" CO="520.96" HC="3.09" NOx="13.10" PMx="0.71" fuel="12.47" electricity="0.00" noise="85.39" route="routeleft" type="cfm-fast" waiting="0.00" lane="left_0" pos="47.13" speed="21.56" angle="99.74" x="57.41" y="-4.66"/>
        <vehicle id="cfm-slow_0" eclass="HBEFA3/PC_G_EU4" CO2="19379.42" CO="331.34" HC="1.98" NOx="8.68" PMx="0.45" fuel="8.33" electricity="0.00" noise="80.13" route="routebottom" type="cfm-slow" waiting="0.00" lane="bottom_0" pos="19.52" speed="16.63" angle="59.33" x="103.16" y="7.57"/>
        <vehicle id="cfm-slow_1" eclass="HBEFA3/PC_G_EU4" CO2="19450.99" CO="332.80" HC="1.99" NOx="8.71" PMx="0.46" fuel="8.36" electricity="0.00" noise="80.20" route="routebottom" type="cfm-slow" waiting="0.00" lane="bottom_0" pos="35.35" speed="16.63" angle="30.93" x="125.11" y="33.16"/>
        <vehicle id="cfm-slow_2" eclass="HBEFA3/PC_G_EU4" CO2="19759.86" CO="339.08" HC="2.03" NOx="8.86" PMx="0.46" fuel="8.49" electricity="0.00" noise="80.49" route="routebottom" type="cfm-slow" waiting="0.00" lane="right_0" pos="1.19" speed="16.65" angle="2.32" x="132.22" y="66.32"/>
        <vehicle id="cfm-slow_3" eclass="HBEFA3/PC_G_EU4" CO2="20807.32" CO="360.30" HC="2.15" NOx="9.35" PMx="0.49" fuel="8.94" electricity="0.00" noise="81.46" route="routebottom" type="cfm-slow" waiting="0.00" lane="right_0" pos="17.05" speed="16.75" angle="333.80" x="122.64" y="98.70"/>
        <vehicle id="cfm-slow_4" eclass="HBEFA3/PC_G_EU4" CO2="23403.17" CO="412.59" HC="2.45" NOx="10.57" PMx="0.56" fuel="10.06" electricity="0.00" noise="83.76" route="routeright" type="cfm-slow" waiting="0.00" lane="right_0" pos="33.01" speed="17.07" angle="305.08" x="98.58" y="122.71"/>
        <vehicle id="cfm-slow_5" eclass="HBEFA3/PC_G_EU4" CO2="27423.43" CO="492.78" HC="2.92" NOx="12.44" PMx="0.66" fuel="11.79" electricity="0.00" noise="86.84" route="routeright" type="cfm-slow" waiting="0.00" lane="right_0" pos="49.33" speed="17.91" angle="275.77" x="65.21" y="132.24"/>
    </timestep>
    <timestep time="1.83">
        <vehicle id="cfm-fast_0" eclass="HBEFA3/PC_G_EU4" CO2="29417.58" CO="530.70" HC="3.14" NOx="13.35" PMx="0.72" fuel="12.65" electricity="0.00" noise="87.26" route="routetop" type="cfm-fast" waiting="0.00" lane="top_0" pos="16.73" speed="19.43" angle="244.39" x="29.22" y="123.00"/>
        <vehicle id="cfm-fast_1" eclass="HBEFA3/PC_G_EU4" CO2="33755.48" CO="619.70" HC="3.66" NOx="15.39" PMx="0.83" fuel="14.51" electricity="0.00" noise="90.77" route="routetop" type="cfm-fast" waiting="0.00" lane="top_0" pos="32.61" speed="19.66" angle="215.84" x="5.06" y="99.33"/>
        <vehicle id="cfm-fast_2" eclass="HBEFA3/PC_G_EU4" CO2="49073.53" CO="934.21" HC="5.47" NOx="22.59" PMx="1.23" fuel="21.09" electricity="0.00" noise="102.20" route="routetop" type="cfm-fast" waiting="0.00" lane="top_0" pos="48.75" speed="20.73" angle="186.80" x="-4.89" y="66.46"/>
        <vehicle id="cfm-fast_3" eclass="HBEFA3/PC_G_EU4" CO2="80689.36" CO="1589.61" HC="9.24" NOx="37.42" PMx="2.06" fuel="34.68" electricity="0.00" noise="119.53" route="routetop" type="cfm-fast" waiting="0.00" lane="left_0" pos="16.06" speed="24.45" angle="155.56" x="3.62" y="30.48"/>
        <vehicle id="cfm-fast_4" eclass="HBEFA3/PC_G_EU4" CO2="91462.27" CO="1811.69" HC="10.52" NOx="42.50" PMx="2.35" fuel="39.31" electricity="0.00" noise="126.75" route="routeleft" type="cfm-fast" waiting="0.00" lane="left_1" pos="31.92" speed="24.56" angle="127.04" x="28.53" y="8.61"/>
        <vehicle id="cfm-fast_5" eclass="HBEFA3/PC_G_EU4" CO2="28543.94" CO="511.55" HC="3.04" NOx="12.88" PMx="0.70" fuel="12.27" electricity="0.00" noise="85.01" route="routeleft" type="cfm-fast" waiting="0.00" lane="left_0" pos="47.35" speed="21.60" angle="99.35" x="57.87" y="-4.70"/>
        <vehicle id="cfm-slow_0" eclass="HBEFA3/PC_G_EU4" CO2="19271.21" CO="328.97" HC="1.97" NOx="8.63" PMx="0.45" fuel="8.28" electricity="0.00" noise="80.00" route="routebottom" type="cfm-slow" waiting="0.00" lane="bottom_0" pos="19.68" speed="16.67" angle="59.02" x="103.45" y="7.78"/>
        <vehicle id="cfm-slow_1" eclass="HBEFA3/PC_G_EU4" CO2="19345.14" CO="330.47" HC="1.98" NOx="8.66" PMx="0.45" fuel="8.32" electricity="0.00" noise="80.07" route="routebottom" type="cfm-slow" waiting="0.00" lane="bottom_0" pos="35.52" speed="16.67" angle="30.63" x="125.27" y="33.48"/>
        <vehicle id="cfm-slow_2" eclass="HBEFA3/PC_G_EU4" CO2="19661.41" CO="336.90" HC="2.02" NOx="8.81" PMx="0.46" fuel="8.45" electricity="0.00" noise="80.36" route="routebottom" type="cfm-slow" waiting="0.00" lane="right_0" pos="1.36" speed="16.69" angle="2.04" x="132.21" y="66.68"/>
        <vehicle id="cfm-slow_3" eclass="HBEFA3/PC_G_EU4" CO2="20724.70" CO="358.45" HC="2.14" NOx="9.31" PMx="0.49" fuel="8.91" electricity="0.00" noise="81.35" route="routebottom" type="cfm-slow" waiting="0.00" lane="right_0" pos="17.22" speed="16.79" angle="333.49" x="122.45" y="99.01"/>
        <vehicle id="cfm-slow_4" eclass="HBEFA3/PC_G_EU4" CO2="23336.13" CO="411.06" HC="2.45" NOx="10.53" PMx="0.56" fuel="10.03" electricity="0.00" noise="83.65" route="routeright" type="cfm-slow" waiting="0.00" lane="right_0" pos="33.19" speed="17.12" angle="304.75" x="98.27" y="122.90"/>
        <vehicle id="cfm-slow_5" eclass="HBEFA3/PC_G_EU4" CO2="27340.08" CO="490.93" HC="2.91" NOx="12.40" PMx="0.66" fuel="11.75" electricity="0.00" noise="86.71" route="routeright" type="cfm-slow" waiting="0.00" lane="right_0" pos="49.51" speed="17.97" angle="275.44" x="64.82" y="132.25"/>
    </timestep>
    <timestep time="1.84">
        <vehicle id="cfm-fast_0" eclass="HBEFA3/PC_G_EU4" CO2="29302.95" CO="528.26" HC="3.13" NOx="13.29" PMx="0.71" fuel="12.60" electricity="0.00" noise="87.12" route="routetop" type="cfm-fast" waiting="0.00" lane="top_0" pos="16.92" speed="19.48" angle="244.03" x="28.86" y="122.78"/>
        <vehicle id="cfm-fast_1" eclass="HBEFA3/PC_G_EU4" CO2="33746.10" CO="619.43" HC="3.66" NOx="15.38" PMx="0.83" fuel="14.51" electricity="0.00" noise="90.70" route="routetop" type="cfm-fast" waiting="0.00" lane="top_0" pos="32.81" speed="19.72" angle="215.47" x="4.84" y="98.97"/>
        <vehicle id="cfm-fast_2" eclass="HBEFA3/PC_G_EU4" CO2="49217.32" CO="937.14" HC="5.49" NOx="22.66" PMx="1.24" fuel="21.16" electricity="0.00" noise="102.20" route="routetop" type="cfm-fast" waiting="0.00" lane="top_0" pos="48.95" speed="20.82" angle="186.42" x="-4.90" y="66.01"/>
        <vehicle id="cfm-fast_3" eclass="HBEFA3/PC_G_EU4" CO2="79783.56" CO="1571.29" HC="9.14" NOx="36.99" PMx="2.04" fuel="34.29" electricity="0.00" noise="118.69" route="routetop" type="cfm-fast" waiting="0.00" lane="left_0" pos="16.30" speed="24.57" angle="155.11" x="3.88" y="30.01"/>
        <vehicle id="cfm-fast_4" eclass="HBEFA3/PC_G_EU4" CO2="91982.01" CO="1822.78" HC="10.59" NOx="42.75" PMx="2.36" fuel="39.54" electricity="0.00" noise="126.81" route="routeleft" type="cfm-fast" waiting="0.00" lane="left_1" pos="32.17" speed="24.69" angle="126.65" x="28.95" y="8.34"/>
        <vehicle id="cfm-fast_5" eclass="HBEFA3/PC_G_EU4" CO2="28090.25" CO="502.23" HC="2.98" NOx="12.67" PMx="0.69" fuel="12.07" electricity="0.00" noise="84.63" route="routeleft" type="cfm-fast" waiting="0.00" lane="left_0" pos="47.57" speed="21.65" angle="98.99" x="58.34" y="-4.74"/>
        <vehicle id="cfm-slow_0" eclass="HBEFA3/PC_G_EU4" CO2="19163.36" CO="326.60" HC="1.96" NOx="8.57" PMx="0.45" fuel="8.24" electricity="0.00" noise="79.87" route="routebottom" type="cfm-slow" waiting="0.00" lane="bottom_0" pos="19.85" speed="16.70" angle="58.72" x="103.74" y="7.99"/>
        <vehicle id="cfm-slow_1" eclass="HBEFA3/PC_G_EU4" CO2="19239.67" CO="328.16" HC="1.97" NOx="8.61" PMx="0.45" fuel="8.27" electricity="0.00" noise="79.94" route="routebottom" type="cfm-slow" waiting="0.00" lane="bottom_0" pos="35.68" speed="16.71" angle="30.32" x="125.43" y="33.80"/>
        <vehicle id="cfm-slow_2" eclass="HBEFA3/PC_G_EU4" CO2="19563.44" CO="334.74" HC="2.00" NOx="8.76" PMx="0.46" fuel="8.41" electricity="0.00" noise="80.24" route="routebottom" type="cfm-slow" waiting="0.00" lane="right_0" pos="1.52" speed="16.73" angle="1.74" x="132.18" y="67.04"/>
        <vehicle id="cfm-slow_3" eclass="HBEFA3/PC_G_EU4" CO2="20642.56" CO="356.61" HC="2.13" NOx="9.27" PMx="0.49" fuel="8.87" electricity="0.00" noise="81.24" route="routebottom" type="cfm-slow" waiting="0.00" lane="right_0" pos="17.39" speed="16.83" angle="333.19" x="122.27" y="99.32"/>
        <vehicle id="cfm-slow_4" eclass="HBEFA3/PC_G_EU4" CO2="23269.23" CO="409.52" HC="2.44" NOx="10.50" PMx="0.56" fuel="10.00" electricity="0.00" noise="83.55" route="routeright" type="cfm-slow" waiting="0.00" lane="right_0" pos="33.36" speed="17.16" angle="304.49" x="97.95" y="123.09"/>
        <vehicle id="cfm-slow_5" eclass="HBEFA3/PC_G_EU4" CO2="27256.61" CO="489.07" HC="2.90" NOx="12.36" PMx="0.66" fuel="11.72" electricity="0.00" noise="86.58" route="routeright" type="cfm-slow" waiting="0.00" lane="right_0" pos="49.69" speed="18.02" angle="275.10" x="64.44" y="132.26"/>
    </timestep>
    <timestep time="1.85">
        <vehicle id="cfm-fast_0" eclass="HBEFA3/PC_G_EU4" CO2="29189.66" CO="525.86" HC="3.12" NOx="13.24" PMx="0.71" fuel="12.55" electricity="0.00" noise="86.98" route="routetop" type="cfm-fast" waiting="0.00" lane="top_0" pos="17.12" speed="19.53" angle="243.68" x="28.50" y="122.57"/>
        <vehicle id="cfm-fast_1" eclass="HBEFA3/PC_G_EU4" CO2="33738.43" CO="619.21" HC="3.65" NOx="15.38" PMx="0.83" fuel="14.50" electricity="0.00" noise="90.64" route="routetop" type="cfm-fast" waiting="0.00" lane="top_0" pos="33.01" speed="19.77" angle="215.09" x="4.63" y="98.60"/>
        <vehicle id="cfm-fast_2" eclass="HBEFA3/PC_G_EU4" CO2="49353.09" CO="939.92" HC="5.50" NOx="22.72" PMx="1.24" fuel="21.21" electricity="0.00" noise="102.18" route="routetop" type="cfm-fast" waiting="0.00" lane="top_0" pos="49.16" speed="20.90" angle="186.04" x="-4.91" y="65.56"/>
        <vehicle id="cfm-fast_3" eclass="HBEFA3/PC_G_EU4" CO2="78872.99" CO="1552.88" HC="9.03" NOx="36.56" PMx="2.02" fuel="33.90" electricity="0.00" noise="117.86" route="routetop" type="cfm-fast" waiting="0.00" lane="left_0" pos="16.55" speed="24.69" angle="154.66" x="4.14" y="29.55"/>
        <vehicle id="cfm-fast_4" eclass="HBEFA3/PC_G_EU4" CO2="92502.04" CO="1833.90" HC="10.65" NOx="42.99" PMx="2.37" fuel="39.76" electricity="0.00" noise="126.88" route="routeleft" type="cfm-fast" waiting="0.00" lane="left_1" pos="32.42" speed="24.83" angle="126.19" x="29.39" y="8.08"/>
        <vehicle id="cfm-fast_5" eclass="HBEFA3/PC_G_EU4" CO2="27640.61" CO="492.99" HC="2.93" NOx="12.46" PMx="0.67" fuel="11.88" electricity="0.00" noise="84.27" route="routeleft" type="cfm-fast" waiting="0.00" lane="left_0" pos="47.78" speed="21.69" angle="98.58" x="58.80" y="-4.77"/>
        <vehicle id="cfm-slow_0" eclass="HBEFA3/PC_G_EU4" CO2="19055.85" CO="324.25" HC="1.94" NOx="8.52" PMx="0.45" fuel="8.19" electricity="0.00" noise="79.74" route="routebottom" type="cfm-slow" waiting="0.00" lane="bottom_0" pos="20.02" speed="16.74" angle="58.41" x="104.03" y="8.20"/>
        <vehicle id="cfm-slow_1" eclass="HBEFA3/PC_G_EU4" CO2="19134.62" CO="325.86" HC="1.95" NOx="8.56" PMx="0.45" fuel="8.23" electricity="0.00" noise="79.81" route="routebottom" type="cfm-slow" waiting="0.00" lane="bottom_0" pos="35.85" speed="16.75" angle="30.05" x="125.60" y="34.12"/>
        <vehicle id="cfm-slow_2" eclass="HBEFA3/PC_G_EU4" CO2="19465.96" CO="332.59" HC="1.99" NOx="8.71" PMx="0.46" fuel="8.37" electricity="0.00" noise="80.12" route="routebottom" type="cfm-slow" waiting="0.00" lane="right_0" pos="1.69" speed="16.77" angle="1.44" x="132.16" y="67.40"/>
        <vehicle id="cfm-slow_3" eclass="HBEFA3/PC_G_EU4" CO2="20560.90" CO="354.78" HC="2.12" NOx="9.23" PMx="0.49" fuel="8.84" electricity="0.00" noise="81.13" route="routebottom" type="cfm-slow" waiting="0.00" lane="right_0" pos="17.56" speed="16.87" angle="332.89" x="122.08" y="99.64"/>
        <vehicle id="cfm-slow_4" eclass="HBEFA3/PC_G_EU4" CO2="23202.48" CO="408.00" HC="2.43" NOx="10.47" PMx="0.55" fuel="9.97" electricity="0.00" noise="83.45" route="routeright" type="cfm-slow" waiting="0.00" lane="right_0" pos="33.53" speed="17.21" angle="304.18" x="97.63" y="123.27"/>
        <vehicle id="cfm-slow_5" eclass="HBEFA3/PC_G_EU4" CO2="27173.03" CO="487.21" HC="2.89" NOx="12.32" PMx="0.66" fuel="11.68" electricity="0.00" noise="86.46" route="routeright" type="cfm-slow" waiting="0.00" lane="right_0" pos="49.87" speed="18.07" angle="274.76" x="64.05" y="132.26"/>
    </timestep>
    <timestep time="1.86">
        <vehicle id="cfm-fast_0" eclass="HBEFA3/PC_G_EU4" CO2="29077.72" CO="523.49" HC="3.10" NOx="13.18" PMx="0.71" fuel="12.50" electricity="0.00" noise="86.84" route="routetop" type="cfm-fast" waiting="0.00" lane="top_0" pos="17.31" speed="19.58" angle="243.33" x="28.14" y="122.35"/>
        <vehicle id="cfm-fast_1" eclass="HBEFA3/PC_G_EU4" CO2="33732.41" CO="619.01" HC="3.65" NOx="15.37" PMx="0.83" fuel="14.50" electricity="0.00" noise="90.57" route="routetop" type="cfm-fast" waiting="0.00" lane="top_0" pos="33.20" speed="19.83" angle="214.72" x="4.41" y="98.24"/>
        <vehicle id="cfm-fast_2" eclass="HBEFA3/PC_G_EU4" CO2="49480.88" CO="942.53" HC="5.52" NOx="22.78" PMx="1.24" fuel="21.27" electricity="0.00" noise="102.16" route="routetop" type="cfm-fast" waiting="0.00" lane="top_0" pos="49.37" speed="20.99" angle="185.66" x="-4.92" y="65.11"/>
        <vehicle id="cfm-fast_3" eclass="HBEFA3/PC_G_EU4" CO2="77958.11" CO="1534.39" HC="8.92" NOx="36.13" PMx="1.99" fuel="33.51" electricity="0.00" noise="117.04" route="routetop" type="cfm-fast" waiting="0.00" lane="left_0" pos="16.80" speed="24.80" angle="154.25" x="4.40" y="29.09"/>
        <vehicle id="cfm-fast_4" eclass="HBEFA3/PC_G_EU4" CO2="93022.36" CO="1845.04" HC="10.71" NOx="43.23" PMx="2.39" fuel="39.99" electricity="0.00" noise="126.94" route="routeleft" type="cfm-fast" waiting="0.00" lane="left_1" pos="32.67" speed="24.97" angle="125.72" x="29.83" y="7.81"/>
        <vehicle id="cfm-fast_5" eclass="HBEFA3/PC_G_EU4" CO2="27195.07" CO="483.84" HC="2.88" NOx="12.24" PMx="0.66" fuel="11.69" electricity="0.00" noise="83.91" route="routeleft" type="cfm-fast" waiting="0.00" lane="left_0" pos="48.00" speed="21.73" angle="98.16" x="59.27" y="-4.79"/>
        <vehicle id="cfm-slow_0" eclass="HBEFA3/PC_G_EU4" CO2="18948.71" CO="321.91" HC="1.93" NOx="8.47" PMx="0.44" fuel="8.15" electricity="0.00" noise="79.61" route="routebottom" type="cfm-slow" waiting="0.00" lane="bottom_0" pos="20.19" speed="16.78" angle="58.10" x="104.32" y="8.41"/>
        <vehicle id="cfm-slow_1" eclass="HBEFA3/PC_G_EU4" CO2="19029.98" CO="323.57" HC="1.94" NOx="8.51" PMx="0.45" fuel="8.18" electricity="0.00" noise="79.68" route="routebottom" type="cfm-slow" waiting="0.00" lane="bottom_0" pos="36.02" speed="16.78" angle="29.76" x="125.75" y="34.45"/>
        <vehicle id="cfm-slow_2" eclass="HBEFA3/PC_G_EU4" CO2="19368.98" CO="330.46" HC="1.98" NOx="8.67" PMx="0.45" fuel="8.33" electricity="0.00" noise="80.00" route="routebottom" type="cfm-slow" waiting="0.00" lane="right_0" pos="1.86" speed="16.81" angle="1.14" x="132.14" y="67.76"/>
        <vehicle id="cfm-slow_3" eclass="HBEFA3/PC_G_EU4" CO2="20479.72" CO="352.96" HC="2.11" NOx="9.19" PMx="0.48" fuel="8.80" electricity="0.00" noise="81.02" route="routebottom" type="cfm-slow" waiting="0.00" lane="right_0" pos="17.73" speed="16.91" angle="332.58" x="121.89" y="99.95"/>
        <vehicle id="cfm-slow_4" eclass="HBEFA3/PC_G_EU4" CO2="23135.88" CO="406.48" HC="2.42" NOx="10.43" PMx="0.55" fuel="9.94" electricity="0.00" noise="83.35" route="routeright" type="cfm-slow" waiting="0.00" lane="right_0" pos="33.70" speed="17.25" angle="303.86" x="97.30" y="123.45"/>
        <vehicle id="cfm-slow_5" eclass="HBEFA3/PC_G_EU4" CO2="27089.39" CO="485.36" HC="2.88" NOx="12.28" PMx="0.66" fuel="11.64" electricity="0.00" noise="86.33" route="routetop" type="cfm-slow" waiting="0.00" lane="top_0" pos="0.05" speed="18.12" angle="274.39" x="63.47" y="132.27"/>
    </timestep>
    <timestep time="1.87">
        <vehicle id="cfm-fast_0" eclass="HBEFA3/PC_G_EU4" CO2="28967.14" CO="521.14" HC="3.09" NOx="13.13" PMx="0.71" fuel="12.45" electricity="0.00" noise="86.70" route="routetop" type="cfm-fast" waiting="0.00" lane="top_0" pos="17.51" speed="19.63" angle="242.97" x="27.77" y="122.13"/>
        <vehicle id="cfm-fast_1" eclass="HBEFA3/PC_G_EU4" CO2="33727.96" CO="618.86" HC="3.65" NOx="15.37" PMx="0.83" fuel="14.50" electricity="0.00" noise="90.51" route="routetop" type="cfm-fast" waiting="0.00" lane="top_0" pos="33.40" speed="19.89" angle="214.41" x="4.19" y="97.87"/>
        <vehicle id="cfm-fast_2" eclass="HBEFA3/PC_G_EU4" CO2="49600.71" CO="944.99" HC="5.53" NOx="22.83" PMx="1.25" fuel="21.32" electricity="0.00" noise="102.13" route="routetop" type="cfm-fast" waiting="0.00" lane="top_0" pos="49.58" speed="21.07" angle="185.27" x="-4.93" y="64.66"/>
        <vehicle id="cfm-fast_3" eclass="HBEFA3/PC_G_EU4" CO2="77039.37" CO="1515.82" HC="8.82" NOx="35.69" PMx="1.97" fuel="33.12" electricity="0.00" noise="116.22" route="routetop" type="cfm-fast" waiting="0.00" lane="left_0" pos="17.05" speed="24.91" angle="153.79" x="4.68" y="28.63"/>
        <vehicle id="cfm-fast_4" eclass="HBEFA3/PC_G_EU4" CO2="93542.97" CO="1856.20" HC="10.78" NOx="43.47" PMx="2.40" fuel="40.21" electricity="0.00" noise="127.01" route="routeleft" type="cfm-fast" waiting="0.00" lane="left_1" pos="32.92" speed="25.10" angle="125.25" x="30.27" y="7.55"/>
        <vehicle id="cfm-fast_5" eclass="HBEFA3/PC_G_EU4" CO2="26753.64" CO="474.77" HC="2.82" NOx="12.03" PMx="0.65" fuel="11.50" electricity="0.00" noise="83.55" route="routeleft" type="cfm-fast" waiting="0.00" lane="left_0" pos="48.22" speed="21.77" angle="97.74" x="59.74" y="-4.82"/>
        <vehicle id="cfm-slow_0" eclass="HBEFA3/PC_G_EU4" CO2="18841.95" CO="319.58" HC="1.92" NOx="8.42" PMx="0.44" fuel="8.10" electricity="0.00" noise="79.48" route="routebottom" type="cfm-slow" waiting="0.00" lane="bottom_0" pos="20.35" speed="16.82" angle="57.79" x="104.62" y="8.62"/>
        <vehicle id="cfm-slow_1" eclass="HBEFA3/PC_G_EU4" CO2="18925.76" CO="321.29" HC="1.93" NOx="8.46" PMx="0.44" fuel="8.14" electricity="0.00" noise="79.56" route="routebottom" type="cfm-slow" waiting="0.00" lane="bottom_0" pos="36.19" speed="16.82" angle="29.43" x="125.90" y="34.78"/>
        <vehicle id="cfm-slow_2" eclass="HBEFA3/PC_G_EU4" CO2="19272.50" CO="328.34" HC="1.97" NOx="8.62" PMx="0.45" fuel="8.28" electricity="0.00" noise="79.88" route="routebottom" type="cfm-slow" waiting="0.00" lane="right_0" pos="2.03" speed="16.84" angle="0.84" x="132.12" y="68.12"/>
        <vehicle id="cfm-slow_3" eclass="HBEFA3/PC_G_EU4" CO2="20399.03" CO="351.16" HC="2.10" NOx="9.15" PMx="0.48" fuel="8.77" electricity="0.00" noise="80.92" route="routebottom" type="cfm-slow" waiting="0.00" lane="right_0" pos="17.89" speed="16.95" angle="332.32" x="121.71" y="100.26"/>
        <vehicle id="cfm-slow_4" eclass="HBEFA3/PC_G_EU4" CO2="23069.44" CO="404.97" HC="2.41" NOx="10.40" PMx="0.55" fuel="9.92" electricity="0.00" noise="83.25" route="routeright" type="cfm-slow" waiting="0.00" lane="right_0" pos="33.87" speed="17.30" angle="303.55" x="96.98" y="123.63"/>
        <vehicle id="cfm-slow_5" eclass="HBEFA3/PC_G_EU4" CO2="27005.69" CO="483.51" HC="2.87" NOx="12.24" PMx="0.65" fuel="11.61" electricity="0.00" noise="86.21" route="routetop" type="cfm-slow" waiting="0.00" lane="top_0" pos="0.23" speed="18.17" angle="274.06" x="63.08" y="132.26"/>
    </timestep>
    <timestep time="1.88">
        <vehicle id="cfm-fast_0" eclass="HBEFA3/PC_G_EU4" CO2="28857.95" CO="518.83" HC="3.08" NOx="13.08" PMx="0.70" fuel="12.40" electricity="0.00" noise="86.57" route="routetop" type="cfm-fast" waiting="0.00" lane="top_0" pos="17.71" speed="19.68" angle="242.62" x="27.41" y="121.92"/>
        <vehicle id="cfm-fast_1" eclass="HBEFA3/PC_G_EU4" CO2="33725.02" CO="618.74" HC="3.65" NOx="15.37" PMx="0.83" fuel="14.50" electricity="0.00" noise="90.45" route="routetop" type="cfm-fast" waiting="0.00" lane="top_0" pos="33.60" speed="19.95" angle="214.05" x="3.98" y="97.49"/>
        <vehicle id="cfm-fast_2" eclass="HBEFA3/PC_G_EU4" CO2="49712.61" CO="947.29" HC="5.55" NOx="22.88" PMx="1.25" fuel="21.37" electricity="0.00" noise="102.10" route="routetop" type="cfm-fast" waiting="0.00" lane="top_0" pos="49.79" speed="21.15" angle="184.89" x="-4.94" y="64.20"/>
        <vehicle id="cfm-fast_3" eclass="HBEFA3/PC_G_EU4" CO2="76117.20" CO="1497.18" HC="8.71" NOx="35.25" PMx="1.95" fuel="32.72" electricity="0.00" noise="115.41" route="routetop" type="cfm-fast" waiting="0.00" lane="left_0" pos="17.30" speed="25.02" angle="153.33" x="4.96" y="28.17"/>
        <vehicle id="cfm-fast_4" eclass="HBEFA3/PC_G_EU4" CO2="94063.88" CO="1867.39" HC="10.84" NOx="43.72" PMx="2.41" fuel="40.43" electricity="0.00" noise="127.07" route="routeleft" type="cfm-fast" waiting="0.00" lane="left_1" pos="33.17" speed="25.24" angle="124.78" x="30.71" y="7.28"/>
        <vehicle id="cfm-fast_5" eclass="HBEFA3/PC_G_EU4" CO2="26316.37" CO="465.79" HC="2.77" NOx="11.83" PMx="0.64" fuel="11.31" electricity="0.00" noise="83.20" route="routeleft" type="cfm-fast" waiting="0.00" lane="left_0" pos="48.44" speed="21.81" angle="97.32" x="60.21" y="-4.85"/>
        <vehicle id="cfm-slow_0" eclass="HBEFA3/PC_G_EU4" CO2="18735.57" CO="317.26" HC="1.90" NOx="8.37" PMx="0.44" fuel="8.05" electricity="0.00" noise="79.36" route="routebottom" type="cfm-slow" waiting="0.00" lane="bottom_0" pos="20.52" speed="16.85" angle="57.54" x="104.91" y="8.83"/>
        <vehicle id="cfm-slow_1" eclass="HBEFA3/PC_G_EU4" CO2="18821.97" CO="319.02" HC="1.91" NOx="8.41" PMx="0.44" fuel="8.09" electricity="0.00" noise="79.44" route="routebottom" type="cfm-slow" waiting="0.00" lane="bottom_0" pos="36.36" speed="16.86" angle="29.10" x="126.05" y="35.11"/>
        <vehicle id="cfm-slow_2" eclass="HBEFA3/PC_G_EU4" CO2="19176.53" CO="326.23" HC="1.96" NOx="8.58" PMx="0.45" fuel="8.24" electricity="0.00" noise="79.77" route="routebottom" type="cfm-slow" waiting="0.00" lane="right_0" pos="2.20" speed="16.88" angle="0.53" x="132.10" y="68.48"/>
        <vehicle id="cfm-slow_3" eclass="HBEFA3/PC_G_EU4" CO2="20318.84" CO="349.37" HC="2.09" NOx="9.11" PMx="0.48" fuel="8.73" electricity="0.00" noise="80.81" route="routebottom" type="cfm-slow" waiting="0.00" lane="right_0" pos="18.06" speed="16.99" angle="332.02" x="121.51" y="100.57"/>
        <vehicle id="cfm-slow_4" eclass="HBEFA3/PC_G_EU4" CO2="23003.16" CO="403.46" HC="2.40" NOx="10.37" PMx="0.55" fuel="9.89" electricity="0.00" noise="83.15" route="routeright" type="cfm-slow" waiting="0.00" lane="right_0" pos="34.05" speed="17.34" angle="303.23" x="96.65" y="123.81"/>
        <vehicle id="cfm-slow_5" eclass="HBEFA3/PC_G_EU4" CO2="26921.96" CO="481.66" HC="2.86" NOx="12.20" PMx="0.65" fuel="11.57" electricity="0.00" noise="86.09" route="routetop" type="cfm-slow" waiting="0.00" lane="top_0" pos="0.41" speed="18.22" angle="273.73" x="62.68" y="132.25"/>
    </timestep>
    <timestep time="1.89">
        <vehicle id="cfm-fast_0" eclass="HBEFA3/PC_G_EU4" CO2="28750.16" CO="516.55" HC="3.06" NOx="13.02" PMx="0.70" fuel="12.36" electricity="0.00" noise="86.44" route="routetop" type="cfm-fast" waiting="0.00" lane="top_0" pos="17.90" speed="19.73" angle="242.31" x="27.05" y="121.70"/>
        <vehicle id="cfm-fast_1" eclass="HBEFA3/PC_G_EU4" CO2="33723.50" CO="618.65" HC="3.65" NOx="15.36" PMx="0.83" fuel="14.50" electricity="0.00" noise="90.39" route="routetop" type="cfm-fast" waiting="0.00" lane="top_0" pos="33.80" speed="20.01" angle="213.68" x="3.77" y="97.11"/>
        <vehicle id="cfm-fast_2" eclass="HBEFA3/PC_G_EU4" CO2="49816.63" CO="949.44" HC="5.56" NOx="22.93" PMx="1.25" fuel="21.41" electricity="0.00" noise="102.07" route="routetop" type="cfm-fast" waiting="0.00" lane="left_0" pos="0.01" speed="21.24" angle="184.47" x="-4.95" y="63.55"/>
        <vehicle id="cfm-fast_3" eclass="HBEFA3/PC_G_EU4" CO2="75192.02" CO="1478.49" HC="8.60" NOx="34.81" PMx="1.92" fuel="32.32" electricity="0.00" noise="114.62" route="routetop" type="cfm-fast" waiting="0.00" lane="left_0" pos="17.55" speed="25.13" angle="152.87" x="5.24" y="27.70"/>
        <vehicle id="cfm-fast_4" eclass="HBEFA3/PC_G_EU4" CO2="94585.08" CO="1878.59" HC="10.91" NOx="43.96" PMx="2.43" fuel="40.66" electricity="0.00" noise="127.13" route="routeleft" type="cfm-fast" waiting="0.00" lane="left_1" pos="33.42" speed="25.38" angle="124.37" x="31.16" y="7.02"/>
        <vehicle id="cfm-fast_5" eclass="HBEFA3/PC_G_EU4" CO2="25883.27" CO="456.89" HC="2.72" NOx="11.62" PMx="0.63" fuel="11.13" electricity="0.00" noise="82.86" route="routeleft" type="cfm-fast" waiting="0.00" lane="left_0" pos="48.65" speed="21.85" angle="96.92" x="60.68" y="-4.88"/>
        <vehicle id="cfm-slow_0" eclass="HBEFA3/PC_G_EU4" CO2="18629.58" CO="314.94" HC="1.89" NOx="8.32" PMx="0.44" fuel="8.01" electricity="0.00" noise="79.23" route="routebottom" type="cfm-slow" waiting="0.00" lane="bottom_0" pos="20.69" speed="16.89" angle="57.24" x="105.20" y="9.06"/>
        <vehicle id="cfm-slow_1" eclass="HBEFA3/PC_G_EU4" CO2="18718.63" CO="316.76" HC="1.90" NOx="8.36" PMx="0.44" fuel="8.05" electricity="0.00" noise="79.32" route="routebottom" type="cfm-slow" waiting="0.00" lane="bottom_0" pos="36.53" speed="16.89" angle="28.77" x="126.19" y="35.44"/>
        <vehicle id="cfm-slow_2" eclass="HBEFA3/PC_G_EU4" CO2="19081.09" CO="324.13" HC="1.94" NOx="8.53" PMx="0.45" fuel="8.20" electricity="0.00" noise="79.65" route="routebottom" type="cfm-slow" waiting="0.00" lane="right_0" pos="2.37" speed="16.92" angle="0.23" x="132.08" y="68.85"/>
        <vehicle id="cfm-slow_3" eclass="HBEFA3/PC_G_EU4" CO2="20239.15" CO="347.59" HC="2.08" NOx="9.07" PMx="0.48" fuel="8.70" electricity="0.00" noise="80.71" route="routebottom" type="cfm-slow" waiting="0.00" lane="right_0" pos="18.23" speed="17.03" angle="331.69" x="121.30" y="100.87"/>
        <vehicle id="cfm-slow_4" eclass="HBEFA3/PC_G_EU4" CO2="22937.06" CO="401.96" HC="2.40" NOx="10.34" PMx="0.55" fuel="9.86" electricity="0.00" noise="83.05" route="routeright" type="cfm-slow" waiting="0.00" lane="right_0" pos="34.22" speed="17.39" angle="302.92" x="96.32" y="123.99"/>
        <vehicle id="cfm-slow_5" eclass="HBEFA3/PC_G_EU4" CO2="26838.23" CO="479.81" HC="2.85" NOx="12.16" PMx="0.65" fuel="11.54" electricity="0.00" noise="85.97" route="routetop" type="cfm-slow" waiting="0.00" lane="top_0" pos="0.59" speed="18.27" angle="273.40" x="62.29" y="132.25"/>
    </timestep>
    <timestep time="1.90">
        <vehicle id="cfm-fast_0" eclass="HBEFA3/PC_G_EU4" CO2="28643.78" CO="514.31" HC="3.05" NOx="12.97" PMx="0.70" fuel="12.31" electricity="0.00" noise="86.31" route="routetop" type="cfm-fast" waiting="0.00" lane="top_0" pos="18.10" speed="19.78" angle="241.95" x="26.69" y="121.47"/>
        <vehicle id="cfm-fast_1" eclass="HBEFA3/PC_G_EU4" CO2="33723.35" CO="618.59" HC="3.65" NOx="15.36" PMx="0.83" fuel="14.50" electricity="0.00" noise="90.34" route="routetop" type="cfm-fast" waiting="0.00" lane="top_0" pos="34.00" speed="20.07" angle="213.32" x="3.56" y="96.74"/>
        <vehicle id="cfm-fast_2" eclass="HBEFA3/PC_G_EU4" CO2="49912.79" CO="951.43" HC="5.57" NOx="22.97" PMx="1.25" fuel="21.45" electricity="0.00" noise="102.02" route="routetop" type="cfm-fast" waiting="0.00" lane="left_0" pos="0.22" speed="21.32" angle="184.08" x="-4.94" y="63.10"/>
        <vehicle id="cfm-fast_3" eclass="HBEFA3/PC_G_EU4" CO2="74264.23" CO="1459.75" HC="8.49" NOx="34.37" PMx="1.90" fuel="31.92" electricity="0.00" noise="113.83" route="routetop" type="cfm-fast" waiting="0.00" lane="left_0" pos="17.80" speed="25.24" angle="152.41" x="5.52" y="27.24"/>
        <vehicle id="cfm-fast_4" eclass="HBEFA3/PC_G_EU4" CO2="95106.57" CO="1889.82" HC="10.97" NOx="44.20" PMx="2.44" fuel="40.88" electricity="0.00" noise="127.20" route="routeleft" type="cfm-fast" waiting="0.00" lane="left_1" pos="33.68" speed="25.51" angle="123.91" x="31.62" y="6.76"/>
        <vehicle id="cfm-fast_5" eclass="HBEFA3/PC_G_EU4" CO2="25454.36" CO="448.08" HC="2.67" NOx="11.42" PMx="0.62" fuel="10.94" electricity="0.00" noise="82.52" route="routeleft" type="cfm-fast" waiting="0.00" lane="left_0" pos="48.87" speed="21.89" angle="96.56" x="61.15" y="-4.90"/>
        <vehicle id="cfm-slow_0" eclass="HBEFA3/PC_G_EU4" CO2="18523.98" CO="312.64" HC="1.88" NOx="8.27" PMx="0.43" fuel="7.96" electricity="0.00" noise="79.11" route="routebottom" type="cfm-slow" waiting="0.00" lane="bottom_0" pos="20.86" speed="16.92" angle="56.93" x="105.48" y="9.28"/>
        <vehicle id="cfm-slow_1" eclass="HBEFA3/PC_G_EU4" CO2="18615.74" CO="314.51" HC="1.89" NOx="8.31" PMx="0.43" fuel="8.00" electricity="0.00" noise="79.19" route="routebottom" type="cfm-slow" waiting="0.00" lane="bottom_0" pos="36.69" speed="16.93" angle="28.44" x="126.34" y="35.78"/>
        <vehicle id="cfm-slow_2" eclass="HBEFA3/PC_G_EU4" CO2="18986.17" CO="322.04" HC="1.93" NOx="8.48" PMx="0.44" fuel="8.16" electricity="0.00" noise="79.54" route="routebottom" type="cfm-slow" waiting="0.00" lane="right_0" pos="2.54" speed="16.96" angle="359.95" x="132.06" y="69.21"/>
        <vehicle id="cfm-slow_3" eclass="HBEFA3/PC_G_EU4" CO2="20159.95" CO="345.83" HC="2.07" NOx="9.04" PMx="0.47" fuel="8.67" electricity="0.00" noise="80.60" route="routebottom" type="cfm-slow" waiting="0.00" lane="right_0" pos="18.41" speed="17.07" angle="331.35" x="121.10" y="101.18"/>
        <vehicle id="cfm-slow_4" eclass="HBEFA3/PC_G_EU4" CO2="22871.13" CO="400.46" HC="2.39" NOx="10.31" PMx="0.55" fuel="9.83" electricity="0.00" noise="82.95" route="routeright" type="cfm-slow" waiting="0.00" lane="right_0" pos="34.40" speed="17.43" angle="302.60" x="95.99" y="124.17"/>
        <vehicle id="cfm-slow_5" eclass="HBEFA3/PC_G_EU4" CO2="26754.50" CO="477.97" HC="2.84" NOx="12.12" PMx="0.65" fuel="11.50" electricity="0.00" noise="85.85" route="routetop" type="cfm-slow" waiting="0.00" lane="top_0" pos="0.78" speed="18.32" angle="273.07" x="61.90" y="132.24"/>
    </timestep>
    <timestep time="1.91">
        <vehicle id="cfm-fast_0" eclass="HBEFA3/PC_G_EU4" CO2="28538.84" CO="512.09" HC="3.04" NOx="12.92" PMx="0.69" fuel="12.27" electricity="0.00" noise="86.18" route="routetop" type="cfm-fast" waiting="0.00" lane="top_0" pos="18.30" speed="19.83" angle="241.56" x="26.34" y="121.23"/>
        <vehicle id="cfm-fast_1" eclass="HBEFA3/PC_G_EU4" CO2="33724.50" CO="618.56" HC="3.65" NOx="15.36" PMx="0.83" fuel="14.50" electricity="0.00" noise="90.28" route="routetop" type="cfm-fast" waiting="0.00" lane="top_0" pos="34.20" speed="20.13" angle="212.95" x="3.35" y="96.36"/>
        <vehicle id="cfm-fast_2" eclass="HBEFA3/PC_G_EU4" CO2="50001.13" CO="953.26" HC="5.58" NOx="23.01" PMx="1.26" fuel="21.49" electricity="0.00" noise="101.97" route="routetop" type="cfm-fast" waiting="0.00" lane="left_0" pos="0.43" speed="21.40" angle="183.69" x="-4.93" y="62.64"/>
        <vehicle id="cfm-fast_3" eclass="HBEFA3/PC_G_EU4" CO2="73334.25" CO="1440.96" HC="8.38" NOx="33.93" PMx="1.87" fuel="31.52" electricity="0.00" noise="113.05" route="routetop" type="cfm-fast" waiting="0.00" lane="left_0" pos="18.06" speed="25.34" angle="152.01" x="5.81" y="26.77"/>
        <vehicle id="cfm-fast_4" eclass="HBEFA3/PC_G_EU4" CO2="95628.35" CO="1901.06" HC="11.03" NOx="44.45" PMx="2.46" fuel="41.11" electricity="0.00" noise="127.26" route="routeleft" type="cfm-fast" waiting="0.00" lane="left_1" pos="33.94" speed="25.65" angle="123.45" x="32.08" y="6.51"/>
        <vehicle id="cfm-fast_5" eclass="HBEFA3/PC_G_EU4" CO2="25029.67" CO="439.36" HC="2.62" NOx="11.22" PMx="0.61" fuel="10.76" electricity="0.00" noise="82.19" route="routeleft" type="cfm-fast" waiting="0.00" lane="left_0" pos="49.09" speed="21.93" angle="96.16" x="61.62" y="-4.91"/>
        <vehicle id="cfm-slow_0" eclass="HBEFA3/PC_G_EU4" CO2="18418.80" CO="310.35" HC="1.87" NOx="8.22" PMx="0.43" fuel="7.92" electricity="0.00" noise="78.99" route="routebottom" type="cfm-slow" waiting="0.00" lane="bottom_0" pos="21.03" speed="16.96" angle="56.62" x="105.77" y="9.51"/>
        <vehicle id="cfm-slow_1" eclass="HBEFA3/PC_G_EU4" CO2="18513.31" CO="312.28" HC="1.88" NOx="8.26" PMx="0.43" fuel="7.96" electricity="0.00" noise="79.08" route="routebottom" type="cfm-slow" waiting="0.00" lane="bottom_0" pos="36.86" speed="16.97" angle="28.11" x="126.49" y="36.11"/>
        <vehicle id="cfm-slow_2" eclass="HBEFA3/PC_G_EU4" CO2="18891.79" CO="319.97" HC="1.92" NOx="8.44" PMx="0.44" fuel="8.12" electricity="0.00" noise="79.42" route="routebottom" type="cfm-slow" waiting="0.00" lane="right_0" pos="2.71" speed="16.99" angle="359.64" x="132.02" y="69.57"/>
        <vehicle id="cfm-slow_3" eclass="HBEFA3/PC_G_EU4" CO2="20081.27" CO="344.08" HC="2.06" NOx="9.00" PMx="0.47" fuel="8.63" electricity="0.00" noise="80.50" route="routebottom" type="cfm-slow" waiting="0.00" lane="right_0" pos="18.58" speed="17.11" angle="331.02" x="120.89" y="101.48"/>
        <vehicle id="cfm-slow_4" eclass="HBEFA3/PC_G_EU4" CO2="22805.38" CO="398.97" HC="2.38" NOx="10.27" PMx="0.54" fuel="9.80" electricity="0.00" noise="82.85" route="routeright" type="cfm-slow" waiting="0.00" lane="right_0" pos="34.57" speed="17.48" angle="302.32" x="95.66" y="124.35"/>
        <vehicle id="cfm-slow_5" eclass="HBEFA3/PC_G_EU4" CO2="26670.82" CO="476.13" HC="2.83" NOx="12.08" PMx="0.65" fuel="11.46" electricity="0.00" noise="85.73" route="routetop" type="cfm-slow" waiting="0.00" lane="top_0" pos="0.96" speed="18.37" angle="272.73" x="61.50" y="132.23"/>
    </timestep>
    <timestep time="1.92">
        <vehicle id="cfm-fast_0" eclass="HBEFA3/PC_G_EU4" CO2="28435.34" CO="509.91" HC="3.02" NOx="12.87" PMx="0.69" fuel="12.22" electricity="0.00" noise="86.06" route="routetop" type="cfm-fast" waiting="0.00" lane="top_0" pos="18.50" speed="19.88" angle="241.18" x="25.98" y="120.99"/>
        <vehicle id="cfm-fast_1" eclass="HBEFA3/PC_G_EU4" CO2="33726.86" CO="618.57" HC="3.65" NOx="15.36" PMx="0.83" fuel="14.50" electricity="0.00" noise="90.23" route="routetop" type="cfm-fast" waiting="0.00" lane="top_0" pos="34.41" speed="20.18" angle="212.59" x="3.14" y="95.98"/>
        <vehicle id="cfm-fast_2" eclass="HBEFA3/PC_G_EU4" CO2="50081.70" CO="954.94" HC="5.59" NOx="23.05" PMx="1.26" fuel="21.53" electricity="0.00" noise="101.92" route="routetop" type="cfm-fast" waiting="0.00" lane="left_0" pos="0.65" speed="21.49" angle="183.30" x="-4.92" y="62.17"/>
        <vehicle id="cfm-fast_3" eclass="HBEFA3/PC_G_EU4" CO2="72402.45" CO="1422.14" HC="8.28" NOx="33.49" PMx="1.85" fuel="31.12" electricity="0.00" noise="112.27" route="routetop" type="cfm-fast" waiting="0.00" lane="left_0" pos="18.31" speed="25.45" angle="151.53" x="6.11" y="26.32"/>
        <vehicle id="cfm-fast_4" eclass="HBEFA3/PC_G_EU4" CO2="96150.42" CO="1912.33" HC="11.10" NOx="44.69" PMx="2.47" fuel="41.33" electricity="0.00" noise="127.33" route="routeleft" type="cfm-fast" waiting="0.00" lane="left_1" pos="34.19" speed="25.78" angle="122.98" x="32.54" y="6.25"/>
        <vehicle id="cfm-fast_5" eclass="HBEFA3/PC_G_EU4" CO2="24609.22" CO="430.73" HC="2.57" NOx="11.02" PMx="0.59" fuel="10.58" electricity="0.00" noise="81.86" route="routeleft" type="cfm-fast" waiting="0.00" lane="left_0" pos="49.31" speed="21.96" angle="95.76" x="62.09" y="-4.92"/>
        <vehicle id="cfm-slow_0" eclass="HBEFA3/PC_G_EU4" CO2="18314.03" CO="308.07" HC="1.85" NOx="8.17" PMx="0.43" fuel="7.87" electricity="0.00" noise="78.87" route="routebottom" type="cfm-slow" waiting="0.00" lane="bottom_0" pos="21.20" speed="17.00" angle="56.31" x="106.06" y="9.73"/>
        <vehicle id="cfm-slow_1" eclass="HBEFA3/PC_G_EU4" CO2="18411.35" CO="310.05" HC="1.86" NOx="8.21" PMx="0.43" fuel="7.91" electricity="0.00" noise="78.96" route="routebottom" type="cfm-slow" waiting="0.00" lane="bottom_0" pos="37.03" speed="17.00" angle="27.78" x="126.64" y="36.44"/>
        <vehicle id="cfm-slow_2" eclass="HBEFA3/PC_G_EU4" CO2="18797.96" CO="317.92" HC="1.91" NOx="8.39" PMx="0.44" fuel="8.08" electricity="0.00" noise="79.31" route="routebottom" type="cfm-slow" waiting="0.00" lane="right_0" pos="2.88" speed="17.03" angle="359.34" x="131.98" y="69.94"/>
        <vehicle id="cfm-slow_3" eclass="HBEFA3/PC_G_EU4" CO2="20003.10" CO="342.34" HC="2.05" NOx="8.96" PMx="0.47" fuel="8.60" electricity="0.00" noise="80.40" route="routebottom" type="cfm-slow" waiting="0.00" lane="right_0" pos="18.75" speed="17.14" angle="330.69" x="120.69" y="101.79"/>
        <vehicle id="cfm-slow_4" eclass="HBEFA3/PC_G_EU4" CO2="22739.83" CO="397.49" HC="2.37" NOx="10.24" PMx="0.54" fuel="9.77" electricity="0.00" noise="82.76" route="routeright" type="cfm-slow" waiting="0.00" lane="right_0" pos="34.75" speed="17.52" angle="302.03" x="95.33" y="124.53"/>
        <vehicle id="cfm-slow_5" eclass="HBEFA3/PC_G_EU4" CO2="26587.18" CO="474.30" HC="2.82" NOx="12.04" PMx="0.64" fuel="11.43" electricity="0.00" noise="85.61" route="routetop" type="cfm-slow" waiting="0.00" lane="top_0" pos="1.15" speed="18.42" angle="272.40" x="61.10" y="132.22"/>
    </timestep>
    <timestep time="1.93">
        <vehicle id="cfm-fast_0" eclass="HBEFA3/PC_G_EU4" CO2="28333.30" CO="507.76" HC="3.01" NOx="12.82" PMx="0.69" fuel="12.18" electricity="0.00" noise="85.94" route="routetop" type="cfm-fast" waiting="0.00" lane="top_0" pos="18.70" speed="19.93" angle="240.79" x="25.62" y="120.75"/>
        <vehicle id="cfm-fast_1" eclass="HBEFA3/PC_G_EU4" CO2="33730.38" CO="618.59" HC="3.65" NOx="15.36" PMx="0.83" fuel="14.50" electricity="0.00" noise="90.18" route="routetop" type="cfm-fast" waiting="0.00" lane="top_0" pos="34.61" speed="20.24" angle="212.27" x="2.93" y="95.60"/>
        <vehicle id="cfm-fast_2" eclass="HBEFA3/PC_G_EU4" CO2="50154.52" CO="956.46" HC="5.60" NOx="23.08" PMx="1.26" fuel="21.56" electricity="0.00" noise="101.86" route="routetop" type="cfm-fast" waiting="0.00" lane="left_0" pos="0.87" speed="21.57" angle="182.91" x="-4.91" y="61.71"/>
        <vehicle id="cfm-fast_3" eclass="HBEFA3/PC_G_EU4" CO2="71469.20" CO="1403.29" HC="8.17" NOx="33.05" PMx="1.83" fuel="30.72" electricity="0.00" noise="111.51" route="routetop" type="cfm-fast" waiting="0.00" lane="left_0" pos="18.57" speed="25.55" angle="151.05" x="6.41" y="25.86"/>
        <vehicle id="cfm-fast_4" eclass="HBEFA3/PC_G_EU4" CO2="96672.79" CO="1923.62" HC="11.16" NOx="44.93" PMx="2.48" fuel="41.55" electricity="0.00" noise="127.39" route="routeleft" type="cfm-fast" waiting="0.00" lane="left_1" pos="34.45" speed="25.92" angle="122.51" x="33.01" y="5.99"/>
        <vehicle id="cfm-fast_5" eclass="HBEFA3/PC_G_EU4" CO2="24193.01" CO="422.19" HC="2.52" NOx="10.82" PMx="0.58" fuel="10.40" electricity="0.00" noise="81.54" route="routeleft" type="cfm-fast" waiting="0.00" lane="left_0" pos="49.53" speed="22.00" angle="95.36" x="62.56" y="-4.93"/>
        <vehicle id="cfm-slow_0" eclass="HBEFA3/PC_G_EU4" CO2="18209.68" CO="305.80" HC="1.84" NOx="8.12" PMx="0.42" fuel="7.83" electricity="0.00" noise="78.75" route="routebottom" type="cfm-slow" waiting="0.00" lane="bottom_0" pos="21.37" speed="17.03" angle="56.00" x="106.35" y="9.96"/>
        <vehicle id="cfm-slow_1" eclass="HBEFA3/PC_G_EU4" CO2="18309.86" CO="307.84" HC="1.85" NOx="8.16" PMx="0.43" fuel="7.87" electricity="0.00" noise="78.84" route="routebottom" type="cfm-slow" waiting="0.00" lane="bottom_0" pos="37.20" speed="17.04" angle="27.54" x="126.79" y="36.78"/>
        <vehicle id="cfm-slow_2" eclass="HBEFA3/PC_G_EU4" CO2="18704.67" CO="315.87" HC="1.90" NOx="8.35" PMx="0.44" fuel="8.04" electricity="0.00" noise="79.20" route="routebottom" type="cfm-slow" waiting="0.00" lane="right_0" pos="3.05" speed="17.07" angle="359.03" x="131.95" y="70.30"/>
        <vehicle id="cfm-slow_3" eclass="HBEFA3/PC_G_EU4" CO2="19925.44" CO="340.61" HC="2.04" NOx="8.92" PMx="0.47" fuel="8.56" electricity="0.00" noise="80.30" route="routebottom" type="cfm-slow" waiting="0.00" lane="right_0" pos="18.92" speed="17.18" angle="330.35" x="120.48" y="102.10"/>
        <vehicle id="cfm-slow_4" eclass="HBEFA3/PC_G_EU4" CO2="22674.46" CO="396.01" HC="2.36" NOx="10.21" PMx="0.54" fuel="9.75" electricity="0.00" noise="82.66" route="routeright" type="cfm-slow" waiting="0.00" lane="right_0" pos="34.92" speed="17.56" angle="301.71" x="94.99" y="124.69"/>
        <vehicle id="cfm-slow_5" eclass="HBEFA3/PC_G_EU4" CO2="26503.63" CO="472.47" HC="2.81" NOx="11.99" PMx="0.64" fuel="11.39" electricity="0.00" noise="85.49" route="routetop" type="cfm-slow" waiting="0.00" lane="top_0" pos="1.33" speed="18.47" angle="272.09" x="60.71" y="132.21"/>
    </timestep>
    <timestep time="1.94">
        <vehicle id="cfm-fast_0" eclass="HBEFA3/PC_G_EU4" CO2="28232.72" CO="505.64" HC="3.00" NOx="12.77" PMx="0.69" fuel="12.14" electricity="0.00" noise="85.82" route="routetop" type="cfm-fast" waiting="0.00" lane="top_0" pos="18.90" speed="19.98" angle="240.40" x="25.27" y="120.51"/>
        <vehicle id="cfm-fast_1" eclass="HBEFA3/PC_G_EU4" CO2="33734.99" CO="618.64" HC="3.65" NOx="15.36" PMx="0.83" fuel="14.50" electricity="0.00" noise="90.13" route="routetop" type="cfm-fast" waiting="0.00" lane="top_0" pos="34.81" speed="20.30" angle="211.91" x="2.73" y="95.21"/>
        <vehicle id="cfm-fast_2" eclass="HBEFA3/PC_G_EU4" CO2="50219.66" CO="957.84" HC="5.61" NOx="23.11" PMx="1.26" fuel="21.59" electricity="0.00" noise="101.80" route="routetop" type="cfm-fast" waiting="0.00" lane="left_0" pos="1.08" speed="21.65" angle="182.52" x="-4.90" y="61.24"/>
        <vehicle id="cfm-fast_3" eclass="HBEFA3/PC_G_EU4" CO2="70534.87" CO="1384.42" HC="8.06" NOx="32.61" PMx="1.80" fuel="30.32" electricity="0.00" noise="110.75" route="routetop" type="cfm-fast" waiting="0.00" lane="left_0" pos="18.82" speed="25.65" angle="150.57" x="6.72" y="25.40"/>
        <vehicle id="cfm-fast_4" eclass="HBEFA3/PC_G_EU4" CO2="97195.45" CO="1934.93" HC="11.23" NOx="45.18" PMx="2.50" fuel="41.78" electricity="0.00" noise="127.46" route="routeleft" type="cfm-fast" waiting="0.00" lane="left_1" pos="34.71" speed="26.06" angle="122.10" x="33.48" y="5.74"/>
        <vehicle id="cfm-fast_5" eclass="HBEFA3/PC_G_EU4" CO2="23781.07" CO="413.73" HC="2.47" NOx="10.63" PMx="0.57" fuel="10.22" electricity="0.00" noise="81.23" route="routeleft" type="cfm-fast" waiting="0.00" lane="left_0" pos="49.75" speed="22.03" angle="94.96" x="63.04" y="-4.94"/>
        <vehicle id="cfm-slow_0" eclass="HBEFA3/PC_G_EU4" CO2="18105.76" CO="303.54" HC="1.83" NOx="8.07" PMx="0.42" fuel="7.78" electricity="0.00" noise="78.63" route="routebottom" type="cfm-slow" waiting="0.00" lane="bottom_0" pos="21.54" speed="17.06" angle="55.69" x="106.64" y="10.19"/>
        <vehicle id="cfm-slow_1" eclass="HBEFA3/PC_G_EU4" CO2="18208.85" CO="305.64" HC="1.84" NOx="8.11" PMx="0.42" fuel="7.83" electricity="0.00" noise="78.73" route="routebottom" type="cfm-slow" waiting="0.00" lane="bottom_0" pos="37.38" speed="17.07" angle="27.23" x="126.93" y="37.12"/>
        <vehicle id="cfm-slow_2" eclass="HBEFA3/PC_G_EU4" CO2="18611.93" CO="313.84" HC="1.89" NOx="8.30" PMx="0.43" fuel="8.00" electricity="0.00" noise="79.10" route="routebottom" type="cfm-slow" waiting="0.00" lane="right_0" pos="3.22" speed="17.10" angle="358.72" x="131.91" y="70.67"/>
        <vehicle id="cfm-slow_3" eclass="HBEFA3/PC_G_EU4" CO2="19848.30" CO="338.89" HC="2.03" NOx="8.88" PMx="0.47" fuel="8.53" electricity="0.00" noise="80.21" route="routebottom" type="cfm-slow" waiting="0.00" lane="right_0" pos="19.09" speed="17.22" angle="330.02" x="120.28" y="102.40"/>
        <vehicle id="cfm-slow_4" eclass="HBEFA3/PC_G_EU4" CO2="22609.29" CO="394.54" HC="2.35" NOx="10.18" PMx="0.54" fuel="9.72" electricity="0.00" noise="82.57" route="routeright" type="cfm-slow" waiting="0.00" lane="right_0" pos="35.10" speed="17.61" angle="301.39" x="94.65" y="124.86"/>
        <vehicle id="cfm-slow_5" eclass="HBEFA3/PC_G_EU4" CO2="26420.17" CO="470.64" HC="2.79" NOx="11.95" PMx="0.64" fuel="11.36" electricity="0.00" noise="85.38" route="routetop" type="cfm-slow" waiting="0.00" lane="top_0" pos="1.52" speed="18.52" angle="271.76" x="60.31" y="132.19"/>
    </timestep>
    <timestep time="1.95">
        <vehicle id="cfm-fast_0" eclass="HBEFA3/PC_G_EU4" CO2="28133.62" CO="503.55" HC="2.99" NOx="12.73" PMx="0.68" fuel="12.09" electricity="0.00" noise="85.70" route="routetop" type="cfm-fast" waiting="0.00" lane="top_0" pos="19.10" speed="20.02" angle="240.02" x="24.91" y="120.27"/>
        <vehicle id="cfm-fast_1" eclass="HBEFA3/PC_G_EU4" CO2="33740.61" CO="618.72" HC="3.65" NOx="15.36" PMx="0.83" fuel="14.50" electricity="0.00" noise="90.08" route="routetop" type="cfm-fast" waiting="0.00" lane="top_0" pos="35.02" speed="20.36" angle="211.53" x="2.54" y="94.82"/>
        <vehicle id="cfm-fast_2" eclass="HBEFA3/PC_G_EU4" CO2="50277.13" CO="959.06" HC="5.61" NOx="23.14" PMx="1.26" fuel="21.61" electricity="0.00" noise="101.73" route="routetop" type="cfm-fast" waiting="0.00" lane="left_0" pos="1.30" speed="21.74" angle="182.14" x="-4.88" y="60.78"/>
        <vehicle id="cfm-fast_3" eclass="HBEFA3/PC_G_EU4" CO2="69599.81" CO="1365.54" HC="7.95" NOx="32.16" PMx="1.78" fuel="29.92" electricity="0.00" noise="110.01" route="routetop" type="cfm-fast" waiting="0.00" lane="left_0" pos="19.08" speed="25.74" angle="150.09" x="7.03" y="24.94"/>
        <vehicle id="cfm-fast_4" eclass="HBEFA3/PC_G_EU4" CO2="97718.40" CO="1946.27" HC="11.29" NOx="45.42" PMx="2.51" fuel="42.00" electricity="0.00" noise="127.52" route="routeleft" type="cfm-fast" waiting="0.00" lane="left_1" pos="34.98" speed="26.19" angle="121.62" x="33.96" y="5.50"/>
        <vehicle id="cfm-fast_5" eclass="HBEFA3/PC_G_EU4" CO2="23373.40" CO="405.37" HC="2.42" NOx="10.43" PMx="0.56" fuel="10.05" electricity="0.00" noise="80.92" route="routeleft" type="cfm-fast" waiting="0.00" lane="left_0" pos="49.97" speed="22.07" angle="94.59" x="63.51" y="-4.95"/>
        <vehicle id="cfm-slow_0" eclass="HBEFA3/PC_G_EU4" CO2="18002.28" CO="301.30" HC="1.81" NOx="8.02" PMx="0.42" fuel="7.74" electricity="0.00" noise="78.52" route="routebottom" type="cfm-slow" waiting="0.00" lane="bottom_0" pos="21.71" speed="17.10" angle="55.41" x="106.93" y="10.41"/>
        <vehicle id="cfm-slow_1" eclass="HBEFA3/PC_G_EU4" CO2="18108.33" CO="303.46" HC="1.83" NOx="8.07" PMx="0.42" fuel="7.78" electricity="0.00" noise="78.61" route="routebottom" type="cfm-slow" waiting="0.00" lane="bottom_0" pos="37.55" speed="17.11" angle="26.92" x="127.06" y="37.46"/>
        <vehicle id="cfm-slow_2" eclass="HBEFA3/PC_G_EU4" CO2="18519.76" CO="311.82" HC="1.87" NOx="8.26" PMx="0.43" fuel="7.96" electricity="0.00" noise="78.99" route="routebottom" type="cfm-slow" waiting="0.00" lane="right_0" pos="3.39" speed="17.14" angle="358.42" x="131.87" y="71.04"/>
        <vehicle id="cfm-slow_3" eclass="HBEFA3/PC_G_EU4" CO2="19771.68" CO="337.19" HC="2.02" NOx="8.85" PMx="0.46" fuel="8.50" electricity="0.00" noise="80.11" route="routebottom" type="cfm-slow" waiting="0.00" lane="right_0" pos="19.26" speed="17.26" angle="329.76" x="120.07" y="102.71"/>
        <vehicle id="cfm-slow_4" eclass="HBEFA3/PC_G_EU4" CO2="22544.33" CO="393.07" HC="2.34" NOx="10.15" PMx="0.54" fuel="9.69" electricity="0.00" noise="82.48" route="routeright" type="cfm-slow" waiting="0.00" lane="right_0" pos="35.27" speed="17.65" angle="301.07" x="94.31" y="125.04"/>
        <vehicle id="cfm-slow_5" eclass="HBEFA3/PC_G_EU4" CO2="26336.83" CO="468.82" HC="2.78" NOx="11.91" PMx="0.64" fuel="11.32" electricity="0.00" noise="85.26" route="routetop" type="cfm-slow" waiting="0.00" lane="top_0" pos="1.70" speed="18.57" angle="271.42" x="59.91" y="132.16"/>
    </timestep>
    <timestep time="1.96">
        <vehicle id="cfm-fast_0" eclass="HBEFA3/PC_G_EU4" CO2="28036.00" CO="501.50" HC="2.98" NOx="12.68" PMx="0.68" fuel="12.05" electricity="0.00" noise="85.59" route="routetop" type="cfm-fast" waiting="0.00" lane="top_0" pos="19.30" speed="20.07" angle="239.71" x="24.55" y="120.03"/>
        <vehicle id="cfm-fast_1" eclass="HBEFA3/PC_G_EU4" CO2="33747.19" CO="618.82" HC="3.65" NOx="15.37" PMx="0.83" fuel="14.51" electricity="0.00" noise="90.03" route="routetop" type="cfm-fast" waiting="0.00" lane="top_0" pos="35.22" speed="20.41" angle="211.16" x="2.34" y="94.42"/>
        <vehicle id="cfm-fast_2" eclass="HBEFA3/PC_G_EU4" CO2="50327.01" CO="960.13" HC="5.62" NOx="23.16" PMx="1.27" fuel="21.63" electricity="0.00" noise="101.66" route="routetop" type="cfm-fast" waiting="0.00" lane="left_0" pos="1.52" speed="21.82" angle="181.75" x="-4.86" y="60.31"/>
        <vehicle id="cfm-fast_3" eclass="HBEFA3/PC_G_EU4" CO2="68664.37" CO="1346.65" HC="7.84" NOx="31.72" PMx="1.75" fuel="29.52" electricity="0.00" noise="109.26" route="routetop" type="cfm-fast" waiting="0.00" lane="left_0" pos="19.34" speed="25.84" angle="149.67" x="7.34" y="24.48"/>
        <vehicle id="cfm-fast_4" eclass="HBEFA3/PC_G_EU4" CO2="98241.64" CO="1957.62" HC="11.36" NOx="45.66" PMx="2.53" fuel="42.23" electricity="0.00" noise="127.59" route="routeleft" type="cfm-fast" waiting="0.00" lane="left_1" pos="35.24" speed="26.33" angle="121.14" x="34.44" y="5.26"/>
        <vehicle id="cfm-fast_5" eclass="HBEFA3/PC_G_EU4" CO2="22970.02" CO="397.09" HC="2.38" NOx="10.24" PMx="0.55" fuel="9.87" electricity="0.00" noise="80.61" route="routebottom" type="cfm-fast" waiting="0.00" lane="bottom_0" pos="0.19" speed="22.10" angle="94.12" x="64.18" y="-4.94"/>
        <vehicle id="cfm-slow_0" eclass="HBEFA3/PC_G_EU4" CO2="17899.24" CO="299.06" HC="1.80" NOx="7.97" PMx="0.42" fuel="7.69" electricity="0.00" noise="78.40" route="routebottom" type="cfm-slow" waiting="0.00" lane="bottom_0" pos="21.88" speed="17.13" angle="55.12" x="107.21" y="10.65"/>
        <vehicle id="cfm-slow_1" eclass="HBEFA3/PC_G_EU4" CO2="18008.30" CO="301.28" HC="1.81" NOx="8.02" PMx="0.42" fuel="7.74" electricity="0.00" noise="78.50" route="routebottom" type="cfm-slow" waiting="0.00" lane="bottom_0" pos="37.72" speed="17.14" angle="26.61" x="127.20" y="37.80"/>
        <vehicle id="cfm-slow_2" eclass="HBEFA3/PC_G_EU4" CO2="18428.16" CO="309.82" HC="1.86" NOx="8.22" PMx="0.43" fuel="7.92" electricity="0.00" noise="78.88" route="routebottom" type="cfm-slow" waiting="0.00" lane="right_0" pos="3.56" speed="17.17" angle="358.11" x="131.83" y="71.40"/>
        <vehicle id="cfm-slow_3" eclass="HBEFA3/PC_G_EU4" CO2="19695.58" CO="335.50" HC="2.01" NOx="8.81" PMx="0.46" fuel="8.47" electricity="0.00" noise="80.02" route="routebottom" type="cfm-slow" waiting="0.00" lane="right_0" pos="19.44" speed="17.30" angle="329.45" x="119.85" y="103.01"/>
        <vehicle id="cfm-slow_4" eclass="HBEFA3/PC_G_EU4" CO2="22479.57" CO="391.62" HC="2.34" NOx="10.11" PMx="0.54" fuel="9.66" electricity="0.00" noise="82.39" route="routeright" type="cfm-slow" waiting="0.00" lane="right_0" pos="35.45" speed="17.69" angle="300.75" x="93.97" y="125.21"/>
        <vehicle id="cfm-slow_5" eclass="HBEFA3/PC_G_EU4" CO2="26253.62" CO="467.00" HC="2.77" NOx="11.87" PMx="0.63" fuel="11.29" electricity="0.00" noise="85.15" route="routetop" type="cfm-slow" waiting="0.00" lane="top_0" pos="1.89" speed="18.62" angle="271.09" x="59.51" y="132.14"/>
    </timestep>
    <timestep time="1.97">
        <vehicle id="cfm-fast_0" eclass="HBEFA3/PC_G_EU4" CO2="27939.87" CO="499.48" HC="2.96" NOx="12.63" PMx="0.68" fuel="12.01" electricity="0.00" noise="85.47" route="routetop" type="cfm-fast" waiting="0.00" lane="top_0" pos="19.50" speed="20.12" angle="239.34" x="24.20" y="119.78"/>
        <vehicle id="cfm-fast_1" eclass="HBEFA3/PC_G_EU4" CO2="33754.66" CO="618.94" HC="3.65" NOx="15.37" PMx="0.83" fuel="14.51" electricity="0.00" noise="89.99" route="routetop" type="cfm-fast" waiting="0.00" lane="top_0" pos="35.42" speed="20.47" angle="210.78" x="2.15" y="94.03"/>
        <vehicle id="cfm-fast_2" eclass="HBEFA3/PC_G_EU4" CO2="50369.32" CO="961.05" HC="5.63" NOx="23.18" PMx="1.27" fuel="21.65" electricity="0.00" noise="101.58" route="routetop" type="cfm-fast" waiting="0.00" lane="left_0" pos="1.74" speed="21.90" angle="181.36" x="-4.83" y="59.84"/>
        <vehicle id="cfm-fast_3" eclass="HBEFA3/PC_G_EU4" CO2="67728.86" CO="1327.76" HC="7.73" NOx="31.27" PMx="1.73" fuel="29.11" electricity="0.00" noise="108.53" route="routetop" type="cfm-fast" waiting="0.00" lane="left_0" pos="19.60" speed="25.93" angle="149.19" x="7.67" y="24.03"/>
        <vehicle id="cfm-fast_4" eclass="HBEFA3/PC_G_EU4" CO2="98765.17" CO="1969.00" HC="11.42" NOx="45.91" PMx="2.54" fuel="42.45" electricity="0.00" noise="127.65" route="routeleft" type="cfm-fast" waiting="0.00" lane="left_1" pos="35.50" speed="26.47" angle="120.66" x="34.93" y="5.02"/>
        <vehicle id="cfm-fast_5" eclass="HBEFA3/PC_G_EU4" CO2="22570.92" CO="388.90" HC="2.33" NOx="10.05" PMx="0.54" fuel="9.70" electricity="0.00" noise="80.32" route="routebottom" type="cfm-fast" waiting="0.00" lane="bottom_0" pos="0.42" speed="22.14" angle="93.72" x="64.65" y="-4.93"/>
        <vehicle id="cfm-slow_0" eclass="HBEFA3/PC_G_EU4" CO2="17796.64" CO="296.84" HC="1.79" NOx="7.92" PMx="0.41" fuel="7.65" electricity="0.00" noise="78.29" route="routebottom" type="cfm-slow" waiting="0.00" lane="bottom_0" pos="22.05" speed="17.17" angle="54.79" x="107.49" y="10.89"/>
        <vehicle id="cfm-slow_1" eclass="HBEFA3/PC_G_EU4" CO2="17908.78" CO="299.12" HC="1.80" NOx="7.97" PMx="0.42" fuel="7.70" electricity="0.00" noise="78.39" route="routebottom" type="cfm-slow" waiting="0.00" lane="bottom_0" pos="37.89" speed="17.17" angle="26.30" x="127.34" y="38.15"/>
        <vehicle id="cfm-slow_2" eclass="HBEFA3/PC_G_EU4" CO2="18337.12" CO="307.83" HC="1.85" NOx="8.17" PMx="0.43" fuel="7.88" electricity="0.00" noise="78.78" route="routebottom" type="cfm-slow" waiting="0.00" lane="right_0" pos="3.73" speed="17.21" angle="357.80" x="131.80" y="71.77"/>
        <vehicle id="cfm-slow_3" eclass="HBEFA3/PC_G_EU4" CO2="19620.01" CO="333.83" HC="2.00" NOx="8.77" PMx="0.46" fuel="8.43" electricity="0.00" noise="79.92" route="routebottom" type="cfm-slow" waiting="0.00" lane="right_0" pos="19.61" speed="17.33" angle="329.13" x="119.63" y="103.32"/>
        <vehicle id="cfm-slow_4" eclass="HBEFA3/PC_G_EU4" CO2="22415.03" CO="390.17" HC="2.33" NOx="10.08" PMx="0.53" fuel="9.64" electricity="0.00" noise="82.30" route="routeright" type="cfm-slow" waiting="0.00" lane="right_0" pos="35.63" speed="17.73" angle="300.43" x="93.63" y="125.38"/>
        <vehicle id="cfm-slow_5" eclass="HBEFA3/PC_G_EU4" CO2="26170.57" CO="465.19" HC="2.76" NOx="11.83" PMx="0.63" fuel="11.25" electricity="0.00" noise="85.03" route="routetop" type="cfm-slow" waiting="0.00" lane="top_0" pos="2.07" speed="18.66" angle="270.75" x="59.11" y="132.12"/>
    </timestep>
    <timestep time="1.98">
        <vehicle id="cfm-fast_0" eclass="HBEFA3/PC_G_EU4" CO2="27845.23" CO="497.49" HC="2.95" NOx="12.59" PMx="0.68" fuel="11.97" electricity="0.00" noise="85.36" route="routetop" type="cfm-fast" waiting="0.00" lane="top_0" pos="19.70" speed="20.17" angle="238.97" x="23.85" y="119.52"/>
        <vehicle id="cfm-fast_1" eclass="HBEFA3/PC_G_EU4" CO2="33762.95" CO="619.08" HC="3.65" NOx="15.37" PMx="0.83" fuel="14.51" electricity="0.00" noise="89.94" route="routetop" type="cfm-fast" waiting="0.00" lane="top_0" pos="35.63" speed="20.53" angle="210.40" x="1.95" y="93.63"/>
        <vehicle id="cfm-fast_2" eclass="HBEFA3/PC_G_EU4" CO2="50404.11" CO="961.82" HC="5.63" NOx="23.19" PMx="1.27" fuel="21.67" electricity="0.00" noise="101.50" route="routetop" type="cfm-fast" waiting="0.00" lane="left_0" pos="1.96" speed="21.98" angle="180.97" x="-4.80" y="59.36"/>
        <vehicle id="cfm-fast_3" eclass="HBEFA3/PC_G_EU4" CO2="66793.61" CO="1308.87" HC="7.62" NOx="30.83" PMx="1.70" fuel="28.71" electricity="0.00" noise="107.81" route="routetop" type="cfm-fast" waiting="0.00" lane="left_0" pos="19.86" speed="26.02" angle="148.71" x="8.00" y="23.58"/>
        <vehicle id="cfm-fast_4" eclass="HBEFA3/PC_G_EU4" CO2="99289.00" CO="1980.40" HC="11.49" NOx="46.15" PMx="2.56" fuel="42.68" electricity="0.00" noise="127.72" route="routeleft" type="cfm-fast" waiting="0.00" lane="left_1" pos="35.77" speed="26.60" angle="120.17" x="35.41" y="4.77"/>
        <vehicle id="cfm-fast_5" eclass="HBEFA3/PC_G_EU4" CO2="22176.12" CO="380.80" HC="2.28" NOx="9.87" PMx="0.53" fuel="9.53" electricity="0.00" noise="80.02" route="routebottom" type="cfm-fast" waiting="0.00" lane="bottom_0" pos="0.64" speed="22.17" angle="93.32" x="65.13" y="-4.92"/>
        <vehicle id="cfm-slow_0" eclass="HBEFA3/PC_G_EU4" CO2="17694.51" CO="294.62" HC="1.78" NOx="7.87" PMx="0.41" fuel="7.61" electricity="0.00" noise="78.17" route="routebottom" type="cfm-slow" waiting="0.00" lane="bottom_0" pos="22.23" speed="17.20" angle="54.47" x="107.77" y="11.13"/>
        <vehicle id="cfm-slow_1" eclass="HBEFA3/PC_G_EU4" CO2="17809.77" CO="296.97" HC="1.79" NOx="7.92" PMx="0.41" fuel="7.66" electricity="0.00" noise="78.28" route="routebottom" type="cfm-slow" waiting="0.00" lane="bottom_0" pos="38.06" speed="17.21" angle="25.99" x="127.47" y="38.49"/>
        <vehicle id="cfm-slow_2" eclass="HBEFA3/PC_G_EU4" CO2="18246.67" CO="305.86" HC="1.84" NOx="8.13" PMx="0.43" fuel="7.84" electricity="0.00" noise="78.67" route="routebottom" type="cfm-slow" waiting="0.00" lane="right_0" pos="3.90" speed="17.24" angle="357.51" x="131.75" y="72.14"/>
        <vehicle id="cfm-slow_3" eclass="HBEFA3/PC_G_EU4" CO2="19544.97" CO="332.17" HC="1.99" NOx="8.74" PMx="0.46" fuel="8.40" electricity="0.00" noise="79.83" route="routebottom" type="cfm-slow" waiting="0.00" lane="right_0" pos="19.78" speed="17.37" angle="328.82" x="119.42" y="103.62"/>
        <vehicle id="cfm-slow_4" eclass="HBEFA3/PC_G_EU4" CO2="22350.71" CO="388.72" HC="2.32" NOx="10.05" PMx="0.53" fuel="9.61" electricity="0.00" noise="82.21" route="routeright" type="cfm-slow" waiting="0.00" lane="right_0" pos="35.81" speed="17.78" angle="300.12" x="93.29" y="125.55"/>
        <vehicle id="cfm-slow_5" eclass="HBEFA3/PC_G_EU4" CO2="26087.69" CO="463.39" HC="2.75" NOx="11.79" PMx="0.63" fuel="11.21" electricity="0.00" noise="84.92" route="routetop" type="cfm-slow" waiting="0.00" lane="top_0" pos="2.26" speed="18.71" angle="270.42" x="58.71" y="132.09"/>
    </timestep>
    <timestep time="1.99">
        <vehicle id="cfm-fast_0" eclass="HBEFA3/PC_G_EU4" CO2="27752.09" CO="495.53" HC="2.94" NOx="12.54" PMx="0.67" fuel="11.93" electricity="0.00" noise="85.25" route="routetop" type="cfm-fast" waiting="0.00" lane="top_0" pos="19.90" speed="20.21" angle="238.61" x="23.50" y="119.27"/>
        <vehicle id="cfm-fast_1" eclass="HBEFA3/PC_G_EU4" CO2="33771.99" CO="619.24" HC="3.66" NOx="15.37" PMx="0.83" fuel="14.52" electricity="0.00" noise="89.90" route="routetop" type="cfm-fast" waiting="0.00" lane="top_0" pos="35.84" speed="20.59" angle="210.04" x="1.75" y="93.24"/>
        <vehicle id="cfm-fast_2" eclass="HBEFA3/PC_G_EU4" CO2="50431.45" CO="962.44" HC="5.63" NOx="23.20" PMx="1.27" fuel="21.68" electricity="0.00" noise="101.41" route="routetop" type="cfm-fast" waiting="0.00" lane="left_0" pos="2.18" speed="22.06" angle="180.57" x="-4.77" y="58.89"/>
        <vehicle id="cfm-fast_3" eclass="HBEFA3/PC_G_EU4" CO2="65858.94" CO="1290.00" HC="7.51" NOx="30.39" PMx="1.68" fuel="28.31" electricity="0.00" noise="107.09" route="routetop" type="cfm-fast" waiting="0.00" lane="left_0" pos="20.12" speed="26.11" angle="148.22" x="8.33" y="23.12"/>
        <vehicle id="cfm-fast_4" eclass="HBEFA3/PC_G_EU4" CO2="99813.11" CO="1991.82" HC="11.55" NOx="46.40" PMx="2.57" fuel="42.90" electricity="0.00" noise="127.78" route="routeleft" type="cfm-fast" waiting="0.00" lane="left_1" pos="36.04" speed="26.74" angle="119.73" x="35.91" y="4.54"/>
        <vehicle id="cfm-fast_5" eclass="HBEFA3/PC_G_EU4" CO2="21785.62" CO="372.78" HC="2.24" NOx="9.68" PMx="0.52" fuel="9.36" electricity="0.00" noise="79.74" route="routebottom" type="cfm-fast" waiting="0.00" lane="bottom_0" pos="0.86" speed="22.20" angle="92.92" x="65.61" y="-4.91"/>
        <vehicle id="cfm-slow_0" eclass="HBEFA3/PC_G_EU4" CO2="17592.83" CO="292.42" HC="1.76" NOx="7.82" PMx="0.41" fuel="7.56" electricity="0.00" noise="78.06" route="routebottom" type="cfm-slow" waiting="0.00" lane="bottom_0" pos="22.40" speed="17.23" angle="54.14" x="108.06" y="11.37"/>
        <vehicle id="cfm-slow_1" eclass="HBEFA3/PC_G_EU4" CO2="17711.27" CO="294.83" HC="1.78" NOx="7.88" PMx="0.41" fuel="7.61" electricity="0.00" noise="78.17" route="routebottom" type="cfm-slow" waiting="0.00" lane="bottom_0" pos="38.23" speed="17.24" angle="25.68" x="127.61" y="38.84"/>
        <vehicle id="cfm-slow_2" eclass="HBEFA3/PC_G_EU4" CO2="18156.79" CO="303.89" HC="1.83" NOx="8.08" PMx="0.42" fuel="7.80" electricity="0.00" noise="78.57" route="routebottom" type="cfm-slow" waiting="0.00" lane="right_0" pos="4.08" speed="17.28" angle="357.19" x="131.70" y="72.51"/>
        <vehicle id="cfm-slow_3" eclass="HBEFA3/PC_G_EU4" CO2="19470.46" CO="330.52" HC="1.98" NOx="8.70" PMx="0.46" fuel="8.37" electricity="0.00" noise="79.74" route="routebottom" type="cfm-slow" waiting="0.00" lane="right_0" pos="19.96" speed="17.41" angle="328.50" x="119.20" y="103.92"/>
        <vehicle id="cfm-slow_4" eclass="HBEFA3/PC_G_EU4" CO2="22286.60" CO="387.28" HC="2.31" NOx="10.02" PMx="0.53" fuel="9.58" electricity="0.00" noise="82.12" route="routeright" type="cfm-slow" waiting="0.00" lane="right_0" pos="35.98" speed="17.82" angle="299.84" x="92.95" y="125.72"/>
        <vehicle id="cfm-slow_5" eclass="HBEFA3/PC_G_EU4" CO2="26005.01" CO="461.59" HC="2.74" NOx="11.75" PMx="0.63" fuel="11.18" electricity="0.00" noise="84.81" route="routetop" type="cfm-slow" waiting="0.00" lane="top_0" pos="2.45" speed="18.76" angle="270.08" x="58.31" y="132.07"/>
    </timestep>
    <timestep time="2.00">
        <vehicle id="cfm-fast_0" eclass="HBEFA3/PC_G_EU4" CO2="27660.45" CO="493.61" HC="2.93" NOx="12.50" PMx="0.67" fuel="11.89" electricity="0.00" noise="85.15" route="routetop" type="cfm-fast" waiting="0.00" lane="top_0" pos="20.11" speed="20.26" angle="238.24" x="23.14" y="119.01"/>
        <vehicle id="cfm-fast_1" eclass="HBEFA3/PC_G_EU4" CO2="33781.74" CO="619.41" HC="3.66" NOx="15.38" PMx="0.83" fuel="14.52" electricity="0.00" noise="89.85" route="routetop" type="cfm-fast" waiting="0.00" lane="top_0" pos="36.04" speed="20.64" angle="209.69" x="1.56" y="92.83"/>
        <vehicle id="cfm-fast_2" eclass="HBEFA3/PC_G_EU4" CO2="50451.37" CO="962.91" HC="5.64" NOx="23.21" PMx="1.27" fuel="21.69" electricity="0.00" noise="101.32" route="routetop" type="cfm-fast" waiting="0.00" lane="left_0" pos="2.40" speed="22.14" angle="180.17" x="-4.75" y="58.41"/>
        <vehicle id="cfm-fast_3" eclass="HBEFA3/PC_G_EU4" CO2="64925.13" CO="1271.14" HC="7.40" NOx="29.95" PMx="1.66" fuel="27.91" electricity="0.00" noise="106.38" route="routetop" type="cfm-fast" waiting="0.00" lane="left_0" pos="20.38" speed="26.20" angle="147.74" x="8.66" y="22.66"/>
        <vehicle id="cfm-fast_4" eclass="HBEFA3/PC_G_EU4" CO2="100337.52" CO="2003.26" HC="11.62" NOx="46.64" PMx="2.58" fuel="43.13" electricity="0.00" noise="127.85" route="routeleft" type="cfm-fast" waiting="0.00" lane="left_1" pos="36.31" speed="26.88" angle="119.21" x="36.41" y="4.31"/>
        <vehicle id="cfm-fast_5" eclass="HBEFA3/PC_G_EU4" CO2="21399.41" CO="364.86" HC="2.19" NOx="9.50" PMx="0.51" fuel="9.20" electricity="0.00" noise="79.45" route="routebottom" type="cfm-fast" waiting="0.00" lane="bottom_0" pos="1.08" speed="22.23" angle="92.51" x="66.09" y="-4.90"/>
        <vehicle id="cfm-slow_0" eclass="HBEFA3/PC_G_EU4" CO2="17491.63" CO="290.23" HC="1.75" NOx="7.77" PMx="0.41" fuel="7.52" electricity="0.00" noise="77.95" route="routebottom" type="cfm-slow" waiting="0.00" lane="bottom_0" pos="22.57" speed="17.27" angle="53.81" x="108.34" y="11.61"/>
        <vehicle id="cfm-slow_1" eclass="HBEFA3/PC_G_EU4" CO2="17613.30" CO="292.71" HC="1.77" NOx="7.83" PMx="0.41" fuel="7.57" electricity="0.00" noise="78.06" route="routebottom" type="cfm-slow" waiting="0.00" lane="bottom_0" pos="38.41" speed="17.27" angle="25.39" x="127.75" y="39.18"/>
        <vehicle id="cfm-slow_2" eclass="HBEFA3/PC_G_EU4" CO2="18067.51" CO="301.95" HC="1.82" NOx="8.04" PMx="0.42" fuel="7.77" electricity="0.00" noise="78.47" route="routebottom" type="cfm-slow" waiting="0.00" lane="right_0" pos="4.25" speed="17.31" angle="356.88" x="131.64" y="72.88"/>
        <vehicle id="cfm-slow_3" eclass="HBEFA3/PC_G_EU4" CO2="19396.48" CO="328.88" HC="1.97" NOx="8.67" PMx="0.46" fuel="8.34" electricity="0.00" noise="79.65" route="routebottom" type="cfm-slow" waiting="0.00" lane="right_0" pos="20.13" speed="17.44" angle="328.19" x="118.98" y="104.23"/>
        <vehicle id="cfm-slow_4" eclass="HBEFA3/PC_G_EU4" CO2="22222.73" CO="385.85" HC="2.30" NOx="9.99" PMx="0.53" fuel="9.55" electricity="0.00" noise="82.03" route="routeright" type="cfm-slow" waiting="0.00" lane="right_0" pos="36.16" speed="17.86" angle="299.49" x="92.60" y="125.87"/>
        <vehicle id="cfm-slow_5" eclass="HBEFA3/PC_G_EU4" CO2="25922.55" CO="459.80" HC="2.73" NOx="11.71" PMx="0.63" fuel="11.14" electricity="0.00" noise="84.70" route="routetop" type="cfm-slow" waiting="0.00" lane="top_0" pos="2.64" speed="18.80" angle="269.77" x="57.90" y="132.03"/>
    </timestep>
    <timestep time="2.01">
        <vehicle id="cfm-fast_0" eclass="HBEFA3/PC_G_EU4" CO2="27570.31" CO="491.72" HC="2.92" NOx="12.45" PMx="0.67" fuel="11.85" electricity="0.00" noise="85.04" route="routetop" type="cfm-fast" waiting="0.00" lane="top_0" pos="20.31" speed="20.30" angle="237.87" x="22.79" y="118.76"/>
        <vehicle id="cfm-fast_1" eclass="HBEFA3/PC_G_EU4" CO2="33792.11" CO="619.60" HC="3.66" NOx="15.38" PMx="0.83" fuel="14.53" electricity="0.00" noise="89.81" route="routetop" type="cfm-fast" waiting="0.00" lane="top_0" pos="36.25" speed="20.70" angle="209.30" x="1.38" y="92.43"/>
        <vehicle id="cfm-fast_2" eclass="HBEFA3/PC_G_EU4" CO2="50463.92" CO="963.24" HC="5.64" NOx="23.21" PMx="1.27" fuel="21.69" electricity="0.00" noise="101.22" route="routetop" type="cfm-fast" waiting="0.00" lane="left_0" pos="2.62" speed="22.23" angle="179.79" x="-4.71" y="57.94"/>
        <vehicle id="cfm-fast_3" eclass="HBEFA3/PC_G_EU4" CO2="63992.49" CO="1252.31" HC="7.29" NOx="29.50" PMx="1.63" fuel="27.51" electricity="0.00" noise="105.68" route="routetop" type="cfm-fast" waiting="0.00" lane="left_0" pos="20.64" speed="26.29" angle="147.32" x="9.00" y="22.21"/>
        <vehicle id="cfm-fast_4" eclass="HBEFA3/PC_G_EU4" CO2="100862.22" CO="2014.72" HC="11.68" NOx="46.89" PMx="2.60" fuel="43.36" electricity="0.00" noise="127.91" route="routeleft" type="cfm-fast" waiting="0.00" lane="left_1" pos="36.58" speed="27.01" angle="118.70" x="36.92" y="4.09"/>
        <vehicle id="cfm-fast_5" eclass="HBEFA3/PC_G_EU4" CO2="21017.51" CO="357.02" HC="2.15" NOx="9.32" PMx="0.50" fuel="9.03" electricity="0.00" noise="79.18" route="routebottom" type="cfm-fast" waiting="0.00" lane="bottom_0" pos="1.30" speed="22.26" angle="92.13" x="66.56" y="-4.88"/>
        <vehicle id="cfm-slow_0" eclass="HBEFA3/PC_G_EU4" CO2="17390.89" CO="288.05" HC="1.74" NOx="7.72" PMx="0.40" fuel="7.48" electricity="0.00" noise="77.84" route="routebottom" type="cfm-slow" waiting="0.00" lane="bottom_0" pos="22.74" speed="17.30" angle="53.49" x="108.62" y="11.85"/>
        <vehicle id="cfm-slow_1" eclass="HBEFA3/PC_G_EU4" CO2="17515.85" CO="290.60" HC="1.75" NOx="7.78" PMx="0.41" fuel="7.53" electricity="0.00" noise="77.96" route="routebottom" type="cfm-slow" waiting="0.00" lane="bottom_0" pos="38.58" speed="17.31" angle="25.11" x="127.88" y="39.53"/>
        <vehicle id="cfm-slow_2" eclass="HBEFA3/PC_G_EU4" CO2="17978.81" CO="300.01" HC="1.81" NOx="8.00" PMx="0.42" fuel="7.73" electricity="0.00" noise="78.37" route="routebottom" type="cfm-slow" waiting="0.00" lane="right_0" pos="4.42" speed="17.34" angle="356.57" x="131.59" y="73.25"/>
        <vehicle id="cfm-slow_3" eclass="HBEFA3/PC_G_EU4" CO2="19323.03" CO="327.25" HC="1.97" NOx="8.63" PMx="0.45" fuel="8.31" electricity="0.00" noise="79.56" route="routebottom" type="cfm-slow" waiting="0.00" lane="right_0" pos="20.31" speed="17.48" angle="327.87" x="118.76" y="104.53"/>
        <vehicle id="cfm-slow_4" eclass="HBEFA3/PC_G_EU4" CO2="22159.09" CO="384.43" HC="2.30" NOx="9.96" PMx="0.53" fuel="9.53" electricity="0.00" noise="81.94" route="routeright" type="cfm-slow" waiting="0.00" lane="right_0" pos="36.34" speed="17.90" angle="299.14" x="92.24" y="126.03"/>
        <vehicle id="cfm-slow_5" eclass="HBEFA3/PC_G_EU4" CO2="25840.31" CO="458.02" HC="2.72" NOx="11.67" PMx="0.62" fuel="11.11" electricity="0.00" noise="84.60" route="routetop" type="cfm-slow" waiting="0.00" lane="top_0" pos="2.83" speed="18.85" angle="269.43" x="57.50" y="131.99"/>
    </timestep>
    <timestep time="2.02">
        <vehicle id="cfm-fast_0" eclass="HBEFA3/PC_G_EU4" CO2="27481.68" CO="489.87" HC="2.91" NOx="12.41" PMx="0.67" fuel="11.81" electricity="0.00" noise="84.94" route="routetop" type="cfm-fast" waiting="0.00" lane="top_0" pos="20.51" speed="20.35" angle="237.56" x="22.44" y="118.50"/>
        <vehicle id="cfm-fast_1" eclass="HBEFA3/PC_G_EU4" CO2="33803.06" CO="619.81" HC="3.66" NOx="15.38" PMx="0.83" fuel="14.53" electricity="0.00" noise="89.77" route="routetop" type="cfm-fast" waiting="0.00" lane="top_0" pos="36.46" speed="20.76" angle="208.92" x="1.20" y="92.02"/>
        <vehicle id="cfm-fast_2" eclass="HBEFA3/PC_G_EU4" CO2="50469.17" CO="963.42" HC="5.64" NOx="23.21" PMx="1.27" fuel="21.69" electricity="0.00" noise="101.12" route="routetop" type="cfm-fast" waiting="0.00" lane="left_0" pos="2.84" speed="22.31" angle="179.40" x="-4.66" y="57.46"/>
        <vehicle id="cfm-fast_3" eclass="HBEFA3/PC_G_EU4" CO2="63061.28" CO="1233.51" HC="7.19" NOx="29.06" PMx="1.61" fuel="27.11" electricity="0.00" noise="104.99" route="routetop" type="cfm-fast" waiting="0.00" lane="left_0" pos="20.91" speed="26.37" angle="146.83" x="9.35" y="21.77"/>
        <vehicle id="cfm-fast_4" eclass="HBEFA3/PC_G_EU4" CO2="101387.22" CO="2026.20" HC="11.75" NOx="47.13" PMx="2.61" fuel="43.58" electricity="0.00" noise="127.98" route="routeleft" type="cfm-fast" waiting="0.00" lane="left_1" pos="36.85" speed="27.15" angle="118.18" x="37.42" y="3.86"/>
        <vehicle id="cfm-fast_5" eclass="HBEFA3/PC_G_EU4" CO2="20639.91" CO="349.28" HC="2.10" NOx="9.14" PMx="0.49" fuel="8.87" electricity="0.00" noise="78.91" route="routebottom" type="cfm-fast" waiting="0.00" lane="bottom_0" pos="1.53" speed="22.29" angle="91.73" x="67.04" y="-4.85"/>
        <vehicle id="cfm-slow_0" eclass="HBEFA3/PC_G_EU4" CO2="17290.64" CO="285.88" HC="1.73" NOx="7.67" PMx="0.40" fuel="7.43" electricity="0.00" noise="77.74" route="routebottom" type="cfm-slow" waiting="0.00" lane="bottom_0" pos="22.92" speed="17.33" angle="53.16" x="108.91" y="12.09"/>
        <vehicle id="cfm-slow_1" eclass="HBEFA3/PC_G_EU4" CO2="17418.93" CO="288.50" HC="1.74" NOx="7.74" PMx="0.40" fuel="7.49" electricity="0.00" noise="77.85" route="routebottom" type="cfm-slow" waiting="0.00" lane="bottom_0" pos="38.75" speed="17.34" angle="24.80" x="128.01" y="39.88"/>
        <vehicle id="cfm-slow_2" eclass="HBEFA3/PC_G_EU4" CO2="17890.71" CO="298.09" HC="1.80" NOx="7.96" PMx="0.42" fuel="7.69" electricity="0.00" noise="78.27" route="routebottom" type="cfm-slow" waiting="0.00" lane="right_0" pos="4.60" speed="17.38" angle="356.25" x="131.54" y="73.62"/>
        <vehicle id="cfm-slow_3" eclass="HBEFA3/PC_G_EU4" CO2="19250.13" CO="325.64" HC="1.96" NOx="8.59" PMx="0.45" fuel="8.27" electricity="0.00" noise="79.47" route="routebottom" type="cfm-slow" waiting="0.00" lane="right_0" pos="20.48" speed="17.52" angle="327.61" x="118.54" y="104.84"/>
        <vehicle id="cfm-slow_4" eclass="HBEFA3/PC_G_EU4" CO2="22095.68" CO="383.01" HC="2.29" NOx="9.93" PMx="0.53" fuel="9.50" electricity="0.00" noise="81.86" route="routeright" type="cfm-slow" waiting="0.00" lane="right_0" pos="36.52" speed="17.94" angle="298.79" x="91.89" y="126.19"/>
        <vehicle id="cfm-slow_5" eclass="HBEFA3/PC_G_EU4" CO2="25758.32" CO="456.24" HC="2.71" NOx="11.63" PMx="0.62" fuel="11.07" electricity="0.00" noise="84.49" route="routetop" type="cfm-slow" waiting="0.00" lane="top_0" pos="3.01" speed="18.90" angle="269.09" x="57.09" y="131.95"/>
    </timestep>
    <timestep time="2.03">
        <vehicle id="cfm-fast_0" eclass="HBEFA3/PC_G_EU4" CO2="27394.56" CO="488.04" HC="2.90" NOx="12.37" PMx="0.67" fuel="11.78" electricity="0.00" noise="84.84" route="routetop" type="cfm-fast" waiting="0.00" lane="top_0" pos="20.72" speed="20.40" angle="237.18" x="22.09" y="118.23"/>
        <vehicle id="cfm-fast_1" eclass="HBEFA3/PC_G_EU4" CO2="33814.51" CO="620.03" HC="3.66" NOx="15.39" PMx="0.83" fuel="14.54" electricity="0.00" noise="89.73" route="routetop" type="cfm-fast" waiting="0.00" lane="top_0" pos="36.66" speed="20.81" angle="208.53" x="1.01" y="91.61"/>
        <vehicle id="cfm-fast_2" eclass="HBEFA3/PC_G_EU4" CO2="50467.17" CO="963.46" HC="5.64" NOx="23.21" PMx="1.27" fuel="21.69" electricity="0.00" noise="101.02" route="routetop" type="cfm-fast" waiting="0.00" lane="left_0" pos="3.07" speed="22.39" angle="178.99" x="-4.61" y="56.98"/>
        <vehicle id="cfm-fast_3" eclass="HBEFA3/PC_G_EU4" CO2="62131.79" CO="1214.74" HC="7.08" NOx="28.62" PMx="1.58" fuel="26.71" electricity="0.00" noise="104.30" route="routetop" type="cfm-fast" waiting="0.00" lane="left_0" pos="21.17" speed="26.46" angle="146.35" x="9.70" y="21.32"/>
        <vehicle id="cfm-fast_4" eclass="HBEFA3/PC_G_EU4" CO2="101912.50" CO="2037.71" HC="11.81" NOx="47.37" PMx="2.63" fuel="43.81" electricity="0.00" noise="128.04" route="routeleft" type="cfm-fast" waiting="0.00" lane="left_1" pos="37.12" speed="27.28" angle="117.69" x="37.94" y="3.63"/>
        <vehicle id="cfm-fast_5" eclass="HBEFA3/PC_G_EU4" CO2="20266.60" CO="341.62" HC="2.06" NOx="8.96" PMx="0.48" fuel="8.71" electricity="0.00" noise="78.64" route="routebottom" type="cfm-fast" waiting="0.00" lane="bottom_0" pos="1.75" speed="22.32" angle="91.33" x="67.52" y="-4.83"/>
        <vehicle id="cfm-slow_0" eclass="HBEFA3/PC_G_EU4" CO2="17190.86" CO="283.73" HC="1.71" NOx="7.63" PMx="0.40" fuel="7.39" electricity="0.00" noise="77.63" route="routebottom" type="cfm-slow" waiting="0.00" lane="bottom_0" pos="23.09" speed="17.36" angle="52.90" x="109.19" y="12.34"/>
        <vehicle id="cfm-slow_1" eclass="HBEFA3/PC_G_EU4" CO2="17322.55" CO="286.41" HC="1.73" NOx="7.69" PMx="0.40" fuel="7.45" electricity="0.00" noise="77.75" route="routebottom" type="cfm-slow" waiting="0.00" lane="bottom_0" pos="38.93" speed="17.37" angle="24.48" x="128.14" y="40.23"/>
        <vehicle id="cfm-slow_2" eclass="HBEFA3/PC_G_EU4" CO2="17803.21" CO="296.19" HC="1.79" NOx="7.91" PMx="0.41" fuel="7.65" electricity="0.00" noise="78.18" route="routebottom" type="cfm-slow" waiting="0.00" lane="right_0" pos="4.77" speed="17.41" angle="355.94" x="131.49" y="73.99"/>
        <vehicle id="cfm-slow_3" eclass="HBEFA3/PC_G_EU4" CO2="19177.76" CO="324.05" HC="1.95" NOx="8.56" PMx="0.45" fuel="8.24" electricity="0.00" noise="79.38" route="routebottom" type="cfm-slow" waiting="0.00" lane="right_0" pos="20.66" speed="17.55" angle="327.30" x="118.31" y="105.14"/>
        <vehicle id="cfm-slow_4" eclass="HBEFA3/PC_G_EU4" CO2="22032.51" CO="381.60" HC="2.28" NOx="9.90" PMx="0.52" fuel="9.47" electricity="0.00" noise="81.77" route="routeright" type="cfm-slow" waiting="0.00" lane="right_0" pos="36.70" speed="17.98" angle="298.44" x="91.54" y="126.34"/>
        <vehicle id="cfm-slow_5" eclass="HBEFA3/PC_G_EU4" CO2="25676.59" CO="454.47" HC="2.70" NOx="11.59" PMx="0.62" fuel="11.04" electricity="0.00" noise="84.38" route="routetop" type="cfm-slow" waiting="0.00" lane="top_0" pos="3.20" speed="18.94" angle="268.75" x="56.69" y="131.91"/>
    </timestep>
    <timestep time="2.04">
        <vehicle id="cfm-fast_0" eclass="HBEFA3/PC_G_EU4" CO2="27308.94" CO="486.25" HC="2.89" NOx="12.33" PMx="0.66" fuel="11.74" electricity="0.00" noise="84.74" route="routetop" type="cfm-fast" waiting="0.00" lane="top_0" pos="20.92" speed="20.44" angle="236.81" x="21.74" y="117.96"/>
        <vehicle id="cfm-fast_1" eclass="HBEFA3/PC_G_EU4" CO2="33826.42" CO="620.26" HC="3.66" NOx="15.39" PMx="0.83" fuel="14.54" electricity="0.00" noise="89.69" route="routetop" type="cfm-fast" waiting="0.00" lane="top_0" pos="36.87" speed="20.87" angle="208.13" x="0.83" y="91.20"/>
        <vehicle id="cfm-fast_2" eclass="HBEFA3/PC_G_EU4" CO2="50457.97" CO="963.36" HC="5.64" NOx="23.20" PMx="1.27" fuel="21.69" electricity="0.00" noise="100.91" route="routetop" type="cfm-fast" waiting="0.00" lane="left_0" pos="3.29" speed="22.47" angle="178.59" x="-4.56" y="56.50"/>
        <vehicle id="cfm-fast_3" eclass="HBEFA3/PC_G_EU4" CO2="61204.27" CO="1196.01" HC="6.97" NOx="28.18" PMx="1.56" fuel="26.31" electricity="0.00" noise="103.62" route="routetop" type="cfm-fast" waiting="0.00" lane="left_0" pos="21.44" speed="26.54" angle="145.86" x="10.05" y="20.87"/>
        <vehicle id="cfm-fast_4" eclass="HBEFA3/PC_G_EU4" CO2="102438.08" CO="2049.24" HC="11.88" NOx="47.62" PMx="2.64" fuel="44.03" electricity="0.00" noise="128.11" route="routeleft" type="cfm-fast" waiting="0.00" lane="left_1" pos="37.39" speed="27.42" angle="117.21" x="38.46" y="3.42"/>
        <vehicle id="cfm-fast_5" eclass="HBEFA3/PC_G_EU4" CO2="19897.58" CO="334.05" HC="2.01" NOx="8.79" PMx="0.47" fuel="8.55" electricity="0.00" noise="78.38" route="routebottom" type="cfm-fast" waiting="0.00" lane="bottom_0" pos="1.97" speed="22.35" angle="90.93" x="68.00" y="-4.80"/>
        <vehicle id="cfm-slow_0" eclass="HBEFA3/PC_G_EU4" CO2="17091.58" CO="281.58" HC="1.70" NOx="7.58" PMx="0.39" fuel="7.35" electricity="0.00" noise="77.53" route="routebottom" type="cfm-slow" waiting="0.00" lane="bottom_0" pos="23.27" speed="17.39" angle="52.59" x="109.46" y="12.59"/>
        <vehicle id="cfm-slow_1" eclass="HBEFA3/PC_G_EU4" CO2="17226.71" CO="284.34" HC="1.72" NOx="7.64" PMx="0.40" fuel="7.40" electricity="0.00" noise="77.65" route="routebottom" type="cfm-slow" waiting="0.00" lane="bottom_0" pos="39.10" speed="17.40" angle="24.17" x="128.26" y="40.58"/>
        <vehicle id="cfm-slow_2" eclass="HBEFA3/PC_G_EU4" CO2="17716.32" CO="294.30" HC="1.78" NOx="7.87" PMx="0.41" fuel="7.62" electricity="0.00" noise="78.08" route="routebottom" type="cfm-slow" waiting="0.00" lane="right_0" pos="4.95" speed="17.44" angle="355.62" x="131.43" y="74.36"/>
        <vehicle id="cfm-slow_3" eclass="HBEFA3/PC_G_EU4" CO2="19105.93" CO="322.46" HC="1.94" NOx="8.53" PMx="0.45" fuel="8.21" electricity="0.00" noise="79.30" route="routebottom" type="cfm-slow" waiting="0.00" lane="right_0" pos="20.83" speed="17.59" angle="326.98" x="118.07" y="105.44"/>
        <vehicle id="cfm-slow_4" eclass="HBEFA3/PC_G_EU4" CO2="21969.60" CO="380.20" HC="2.27" NOx="9.87" PMx="0.52" fuel="9.44" electricity="0.00" noise="81.69" route="routeright" type="cfm-slow" waiting="0.00" lane="right_0" pos="36.88" speed="18.02" angle="298.09" x="91.18" y="126.50"/>
        <vehicle id="cfm-slow_5" eclass="HBEFA3/PC_G_EU4" CO2="25595.15" CO="452.71" HC="2.69" NOx="11.55" PMx="0.62" fuel="11.00" electricity="0.00" noise="84.28" route="routetop" type="cfm-slow" waiting="0.00" lane="top_0" pos="3.39" speed="18.99" angle="268.41" x="56.28" y="131.87"/>
    </timestep>
    <timestep time="2.05">
        <vehicle id="cfm-fast_0" eclass="HBEFA3/PC_G_EU4" CO2="27224.83" CO="484.49" HC="2.88" NOx="12.29" PMx="0.66" fuel="11.70" electricity="0.00" noise="84.64" route="routetop" type="cfm-fast" waiting="0.00" lane="top_0" pos="21.13" speed="20.49" angle="236.43" x="21.40" y="117.69"/>
        <vehicle id="cfm-fast_1" eclass="HBEFA3/PC_G_EU4" CO2="33838.71" CO="620.50" HC="3.66" NOx="15.40" PMx="0.83" fuel="14.55" electricity="0.00" noise="89.65" route="routetop" type="cfm-fast" waiting="0.00" lane="top_0" pos="37.08" speed="20.92" angle="207.75" x="0.64" y="90.79"/>
        <vehicle id="cfm-fast_2" eclass="HBEFA3/PC_G_EU4" CO2="50441.63" CO="963.11" HC="5.64" NOx="23.19" PMx="1.27" fuel="21.68" electricity="0.00" noise="100.80" route="routetop" type="cfm-fast" waiting="0.00" lane="left_0" pos="3.52" speed="22.55" angle="178.19" x="-4.51" y="56.02"/>
        <vehicle id="cfm-fast_3" eclass="HBEFA3/PC_G_EU4" CO2="60278.98" CO="1177.32" HC="6.86" NOx="27.74" PMx="1.54" fuel="25.91" electricity="0.00" noise="102.95" route="routetop" type="cfm-fast" waiting="0.00" lane="left_0" pos="21.70" speed="26.62" angle="145.39" x="10.40" y="20.42"/>
        <vehicle id="cfm-fast_4" eclass="HBEFA3/PC_G_EU4" CO2="102963.95" CO="2060.78" HC="11.95" NOx="47.86" PMx="2.65" fuel="44.26" electricity="0.00" noise="128.17" route="routeleft" type="cfm-fast" waiting="0.00" lane="left_1" pos="37.67" speed="27.56" angle="116.70" x="38.98" y="3.21"/>
        <vehicle id="cfm-fast_5" eclass="HBEFA3/PC_G_EU4" CO2="19532.85" CO="326.57" HC="1.97" NOx="8.61" PMx="0.46" fuel="8.40" electricity="0.00" noise="78.13" route="routebottom" type="cfm-fast" waiting="0.00" lane="bottom_0" pos="2.20" speed="22.37" angle="90.53" x="68.48" y="-4.77"/>
        <vehicle id="cfm-slow_0" eclass="HBEFA3/PC_G_EU4" CO2="16992.79" CO="279.45" HC="1.69" NOx="7.53" PMx="0.39" fuel="7.30" electricity="0.00" noise="77.42" route="routebottom" type="cfm-slow" waiting="0.00" lane="bottom_0" pos="23.44" speed="17.43" angle="52.27" x="109.74" y="12.84"/>
        <vehicle id="cfm-slow_1" eclass="HBEFA3/PC_G_EU4" CO2="17131.42" CO="282.28" HC="1.71" NOx="7.60" PMx="0.40" fuel="7.36" electricity="0.00" noise="77.55" route="routebottom" type="cfm-slow" waiting="0.00" lane="bottom_0" pos="39.28" speed="17.43" angle="23.86" x="128.39" y="40.94"/>
        <vehicle id="cfm-slow_2" eclass="HBEFA3/PC_G_EU4" CO2="17630.03" CO="292.42" HC="1.76" NOx="7.83" PMx="0.41" fuel="7.58" electricity="0.00" noise="77.99" route="routebottom" type="cfm-slow" waiting="0.00" lane="right_0" pos="5.12" speed="17.48" angle="355.26" x="131.38" y="74.73"/>
        <vehicle id="cfm-slow_3" eclass="HBEFA3/PC_G_EU4" CO2="19034.64" CO="320.89" HC="1.93" NOx="8.49" PMx="0.45" fuel="8.18" electricity="0.00" noise="79.21" route="routebottom" type="cfm-slow" waiting="0.00" lane="right_0" pos="21.01" speed="17.62" angle="326.66" x="117.84" y="105.74"/>
        <vehicle id="cfm-slow_4" eclass="HBEFA3/PC_G_EU4" CO2="21906.93" CO="378.81" HC="2.26" NOx="9.84" PMx="0.52" fuel="9.42" electricity="0.00" noise="81.60" route="routeright" type="cfm-slow" waiting="0.00" lane="right_0" pos="37.06" speed="18.06" angle="297.74" x="90.83" y="126.66"/>
        <vehicle id="cfm-slow_5" eclass="HBEFA3/PC_G_EU4" CO2="25514.01" CO="450.96" HC="2.68" NOx="11.51" PMx="0.62" fuel="10.97" electricity="0.00" noise="84.17" route="routetop" type="cfm-slow" waiting="0.00" lane="top_0" pos="3.58" speed="19.03" angle="268.07" x="55.88" y="131.83"/>
    </timestep>
    <timestep time="2.06">
        <vehicle id="cfm-fast_0" eclass="HBEFA3/PC_G_EU4" CO2="27142.21" CO="482.77" HC="2.87" NOx="12.25" PMx="0.66" fuel="11.67" electricity="0.00" noise="84.55" route="routetop" type="cfm-fast" waiting="0.00" lane="top_0" pos="21.33" speed="20.53" angle="236.05" x="21.05" y="117.41"/>
        <vehicle id="cfm-fast_1" eclass="HBEFA3/PC_G_EU4" CO2="33851.33" CO="620.75" HC="3.66" NOx="15.40" PMx="0.83" fuel="14.55" electricity="0.00" noise="89.62" route="routetop" type="cfm-fast" waiting="0.00" lane="top_0" pos="37.29" speed="20.98" angle="207.43" x="0.47" y="90.38"/>
        <vehicle id="cfm-fast_2" eclass="HBEFA3/PC_G_EU4" CO2="50418.21" CO="962.73" HC="5.63" NOx="23.18" PMx="1.27" fuel="21.67" electricity="0.00" noise="100.68" route="routetop" type="cfm-fast" waiting="0.00" lane="left_0" pos="3.74" speed="22.62" angle="177.78" x="-4.46" y="55.53"/>
        <vehicle id="cfm-fast_3" eclass="HBEFA3/PC_G_EU4" CO2="59356.16" CO="1158.68" HC="6.75" NOx="27.31" PMx="1.51" fuel="25.51" electricity="0.00" noise="102.29" route="routetop" type="cfm-fast" waiting="0.00" lane="left_0" pos="21.97" speed="26.70" angle="144.93" x="10.77" y="19.98"/>
        <vehicle id="cfm-fast_4" eclass="HBEFA3/PC_G_EU4" CO2="103490.11" CO="2072.36" HC="12.01" NOx="48.11" PMx="2.67" fuel="44.49" electricity="0.00" noise="128.24" route="routeleft" type="cfm-fast" waiting="0.00" lane="left_1" pos="37.95" speed="27.69" angle="116.18" x="39.51" y="3.00"/>
        <vehicle id="cfm-fast_5" eclass="HBEFA3/PC_G_EU4" CO2="19172.40" CO="319.17" HC="1.93" NOx="8.44" PMx="0.45" fuel="8.24" electricity="0.00" noise="77.88" route="routebottom" type="cfm-fast" waiting="0.00" lane="bottom_0" pos="2.42" speed="22.40" angle="90.13" x="68.96" y="-4.74"/>
        <vehicle id="cfm-slow_0" eclass="HBEFA3/PC_G_EU4" CO2="16894.49" CO="277.33" HC="1.68" NOx="7.48" PMx="0.39" fuel="7.26" electricity="0.00" noise="77.32" route="routebottom" type="cfm-slow" waiting="0.00" lane="bottom_0" pos="23.61" speed="17.46" angle="51.96" x="110.02" y="13.10"/>
        <vehicle id="cfm-slow_1" eclass="HBEFA3/PC_G_EU4" CO2="17036.68" CO="280.23" HC="1.69" NOx="7.55" PMx="0.39" fuel="7.32" electricity="0.00" noise="77.45" route="routebottom" type="cfm-slow" waiting="0.00" lane="bottom_0" pos="39.45" speed="17.47" angle="23.54" x="128.52" y="41.29"/>
        <vehicle id="cfm-slow_2" eclass="HBEFA3/PC_G_EU4" CO2="17544.35" CO="290.55" HC="1.75" NOx="7.79" PMx="0.41" fuel="7.54" electricity="0.00" noise="77.89" route="routebottom" type="cfm-slow" waiting="0.00" lane="right_0" pos="5.30" speed="17.51" angle="354.93" x="131.31" y="75.10"/>
        <vehicle id="cfm-slow_3" eclass="HBEFA3/PC_G_EU4" CO2="18963.89" CO="319.33" HC="1.92" NOx="8.46" PMx="0.44" fuel="8.15" electricity="0.00" noise="79.13" route="routebottom" type="cfm-slow" waiting="0.00" lane="right_0" pos="21.19" speed="17.66" angle="326.34" x="117.61" y="106.03"/>
        <vehicle id="cfm-slow_4" eclass="HBEFA3/PC_G_EU4" CO2="21844.51" CO="377.42" HC="2.26" NOx="9.80" PMx="0.52" fuel="9.39" electricity="0.00" noise="81.52" route="routeright" type="cfm-slow" waiting="0.00" lane="right_0" pos="37.24" speed="18.10" angle="297.48" x="90.47" y="126.82"/>
        <vehicle id="cfm-slow_5" eclass="HBEFA3/PC_G_EU4" CO2="25433.18" CO="449.22" HC="2.67" NOx="11.47" PMx="0.61" fuel="10.93" electricity="0.00" noise="84.07" route="routetop" type="cfm-slow" waiting="0.00" lane="top_0" pos="3.77" speed="19.08" angle="267.73" x="55.47" y="131.79"/>
    </timestep>
    <timestep time="2.07">
        <vehicle id="cfm-fast_0" eclass="HBEFA3/PC_G_EU4" CO2="27061.10" CO="481.08" HC="2.86" NOx="12.21" PMx="0.66" fuel="11.63" electricity="0.00" noise="84.45" route="routetop" type="cfm-fast" waiting="0.00" lane="top_0" pos="21.54" speed="20.57" angle="235.68" x="20.70" y="117.14"/>
        <vehicle id="cfm-fast_1" eclass="HBEFA3/PC_G_EU4" CO2="33864.23" CO="621.01" HC="3.67" NOx="15.41" PMx="0.84" fuel="14.56" electricity="0.00" noise="89.58" route="routetop" type="cfm-fast" waiting="0.00" lane="top_0" pos="37.50" speed="21.03" angle="207.04" x="0.30" y="89.96"/>
        <vehicle id="cfm-fast_2" eclass="HBEFA3/PC_G_EU4" CO2="50387.77" CO="962.20" HC="5.63" NOx="23.17" PMx="1.27" fuel="21.66" electricity="0.00" noise="100.57" route="routetop" type="cfm-fast" waiting="0.00" lane="left_0" pos="3.97" speed="22.70" angle="177.39" x="-4.40" y="55.05"/>
        <vehicle id="cfm-fast_3" eclass="HBEFA3/PC_G_EU4" CO2="58436.05" CO="1140.10" HC="6.65" NOx="26.87" PMx="1.49" fuel="25.12" electricity="0.00" noise="101.63" route="routetop" type="cfm-fast" waiting="0.00" lane="left_0" pos="22.24" speed="26.77" angle="144.43" x="11.14" y="19.54"/>
        <vehicle id="cfm-fast_4" eclass="HBEFA3/PC_G_EU4" CO2="104016.56" CO="2083.95" HC="12.08" NOx="48.36" PMx="2.68" fuel="44.71" electricity="0.00" noise="128.30" route="routeleft" type="cfm-fast" waiting="0.00" lane="left_1" pos="38.22" speed="27.83" angle="115.66" x="40.04" y="2.79"/>
        <vehicle id="cfm-fast_5" eclass="HBEFA3/PC_G_EU4" CO2="18816.21" CO="311.87" HC="1.89" NOx="8.27" PMx="0.44" fuel="8.09" electricity="0.00" noise="77.63" route="routebottom" type="cfm-fast" waiting="0.00" lane="bottom_0" pos="2.65" speed="22.43" angle="89.75" x="69.45" y="-4.70"/>
        <vehicle id="cfm-slow_0" eclass="HBEFA3/PC_G_EU4" CO2="16796.70" CO="275.22" HC="1.67" NOx="7.44" PMx="0.39" fuel="7.22" electricity="0.00" noise="77.22" route="routebottom" type="cfm-slow" waiting="0.00" lane="bottom_0" pos="23.79" speed="17.49" angle="51.64" x="110.29" y="13.35"/>
        <vehicle id="cfm-slow_1" eclass="HBEFA3/PC_G_EU4" CO2="16942.49" CO="278.19" HC="1.68" NOx="7.51" PMx="0.39" fuel="7.28" electricity="0.00" noise="77.35" route="routebottom" type="cfm-slow" waiting="0.00" lane="bottom_0" pos="39.63" speed="17.50" angle="23.22" x="128.65" y="41.64"/>
        <vehicle id="cfm-slow_2" eclass="HBEFA3/PC_G_EU4" CO2="17459.28" CO="288.71" HC="1.74" NOx="7.75" PMx="0.40" fuel="7.50" electricity="0.00" noise="77.80" route="routebottom" type="cfm-slow" waiting="0.00" lane="right_0" pos="5.47" speed="17.54" angle="354.61" x="131.24" y="75.47"/>
        <vehicle id="cfm-slow_3" eclass="HBEFA3/PC_G_EU4" CO2="18893.68" CO="317.78" HC="1.91" NOx="8.42" PMx="0.44" fuel="8.12" electricity="0.00" noise="79.05" route="routebottom" type="cfm-slow" waiting="0.00" lane="right_0" pos="21.36" speed="17.69" angle="326.02" x="117.37" y="106.33"/>
        <vehicle id="cfm-slow_4" eclass="HBEFA3/PC_G_EU4" CO2="21782.35" CO="376.04" HC="2.25" NOx="9.77" PMx="0.52" fuel="9.36" electricity="0.00" noise="81.44" route="routeright" type="cfm-slow" waiting="0.00" lane="right_0" pos="37.42" speed="18.14" angle="297.15" x="90.11" y="126.96"/>
        <vehicle id="cfm-slow_5" eclass="HBEFA3/PC_G_EU4" CO2="25352.69" CO="447.48" HC="2.66" NOx="11.44" PMx="0.61" fuel="10.90" electricity="0.00" noise="83.97" route="routetop" type="cfm-slow" waiting="0.00" lane="top_0" pos="3.97" speed="19.12" angle="267.40" x="55.06" y="131.73"/>
    </timestep>
    <timestep time="2.08">
        <vehicle id="cfm-fast_0" eclass="HBEFA3/PC_G_EU4" CO2="26981.48" CO="479.42" HC="2.85" NOx="12.17" PMx="0.65" fuel="11.60" electricity="0.00" noise="84.36" route="routetop" type="cfm-fast" waiting="0.00" lane="top_0" pos="21.74" speed="20.62" angle="235.33" x="20.35" y="116.87"/>
        <vehicle id="cfm-fast_1" eclass="HBEFA3/PC_G_EU4" CO2="33877.34" CO="621.27" HC="3.67" NOx="15.41" PMx="0.84" fuel="14.56" electricity="0.00" noise="89.54" route="routetop" type="cfm-fast" waiting="0.00" lane="top_0" pos="37.71" speed="21.09" angle="206.65" x="0.13" y="89.54"/>
        <vehicle id="cfm-fast_2" eclass="HBEFA3/PC_G_EU4" CO2="50350.37" CO="961.53" HC="5.63" NOx="23.15" PMx="1.27" fuel="21.64" electricity="0.00" noise="100.44" route="routetop" type="cfm-fast" waiting="0.00" lane="left_0" pos="4.20" speed="22.78" angle="176.98" x="-4.33" y="54.56"/>
        <vehicle id="cfm-fast_3" eclass="HBEFA3/PC_G_EU4" CO2="57518.88" CO="1121.57" HC="6.54" NOx="26.44" PMx="1.47" fuel="24.72" electricity="0.00" noise="100.98" route="routetop" type="cfm-fast" waiting="0.00" lane="left_0" pos="22.51" speed="26.85" angle="143.93" x="11.52" y="19.10"/>
        <vehicle id="cfm-fast_4" eclass="HBEFA3/PC_G_EU4" CO2="104543.31" CO="2095.56" HC="12.14" NOx="48.60" PMx="2.70" fuel="44.94" electricity="0.00" noise="128.37" route="routeleft" type="cfm-fast" waiting="0.00" lane="left_1" pos="38.50" speed="27.97" angle="115.19" x="40.57" y="2.58"/>
        <vehicle id="cfm-fast_5" eclass="HBEFA3/PC_G_EU4" CO2="18464.28" CO="304.65" HC="1.84" NOx="8.11" PMx="0.44" fuel="7.94" electricity="0.00" noise="77.40" route="routebottom" type="cfm-fast" waiting="0.00" lane="bottom_0" pos="2.87" speed="22.45" angle="89.35" x="69.93" y="-4.65"/>
        <vehicle id="cfm-slow_0" eclass="HBEFA3/PC_G_EU4" CO2="16699.42" CO="273.13" HC="1.65" NOx="7.39" PMx="0.38" fuel="7.18" electricity="0.00" noise="77.12" route="routebottom" type="cfm-slow" waiting="0.00" lane="bottom_0" pos="23.96" speed="17.52" angle="51.33" x="110.57" y="13.61"/>
        <vehicle id="cfm-slow_1" eclass="HBEFA3/PC_G_EU4" CO2="16848.87" CO="276.17" HC="1.67" NOx="7.46" PMx="0.39" fuel="7.24" electricity="0.00" noise="77.25" route="routebottom" type="cfm-slow" waiting="0.00" lane="bottom_0" pos="39.80" speed="17.53" angle="22.97" x="128.77" y="42.00"/>
        <vehicle id="cfm-slow_2" eclass="HBEFA3/PC_G_EU4" CO2="17374.83" CO="286.87" HC="1.73" NOx="7.71" PMx="0.40" fuel="7.47" electricity="0.00" noise="77.71" route="routebottom" type="cfm-slow" waiting="0.00" lane="right_0" pos="5.65" speed="17.57" angle="354.28" x="131.17" y="75.84"/>
        <vehicle id="cfm-slow_3" eclass="HBEFA3/PC_G_EU4" CO2="18824.02" CO="316.25" HC="1.90" NOx="8.39" PMx="0.44" fuel="8.09" electricity="0.00" noise="78.97" route="routebottom" type="cfm-slow" waiting="0.00" lane="right_0" pos="21.54" speed="17.73" angle="325.69" x="117.14" y="106.63"/>
        <vehicle id="cfm-slow_4" eclass="HBEFA3/PC_G_EU4" CO2="21720.46" CO="374.66" HC="2.24" NOx="9.74" PMx="0.52" fuel="9.34" electricity="0.00" noise="81.36" route="routeright" type="cfm-slow" waiting="0.00" lane="right_0" pos="37.61" speed="18.18" angle="296.82" x="89.75" y="127.11"/>
        <vehicle id="cfm-slow_5" eclass="HBEFA3/PC_G_EU4" CO2="25272.54" CO="445.76" HC="2.65" NOx="11.40" PMx="0.61" fuel="10.86" electricity="0.00" noise="83.87" route="routetop" type="cfm-slow" waiting="0.00" lane="top_0" pos="4.16" speed="19.17" angle="267.06" x="54.65" y="131.67"/>
    </timestep>
    <timestep time="2.09">
        <vehicle id="cfm-fast_0" eclass="HBEFA3/PC_G_EU4" CO2="26903.35" CO="477.79" HC="2.84" NOx="12.13" PMx="0.65" fuel="11.56" electricity="0.00" noise="84.27" route="routetop" type="cfm-fast" waiting="0.00" lane="top_0" pos="21.95" speed="20.66" angle="234.96" x="20.01" y="116.58"/>
        <vehicle id="cfm-fast_1" eclass="HBEFA3/PC_G_EU4" CO2="33890.61" CO="621.55" HC="3.67" NOx="15.42" PMx="0.84" fuel="14.57" electricity="0.00" noise="89.51" route="routetop" type="cfm-fast" waiting="0.00" lane="top_0" pos="37.92" speed="21.15" angle="206.27" x="-0.04" y="89.11"/>
        <vehicle id="cfm-fast_2" eclass="HBEFA3/PC_G_EU4" CO2="50306.07" CO="960.73" HC="5.62" NOx="23.12" PMx="1.27" fuel="21.62" electricity="0.00" noise="100.31" route="routetop" type="cfm-fast" waiting="0.00" lane="left_0" pos="4.43" speed="22.86" angle="176.57" x="-4.27" y="54.08"/>
        <vehicle id="cfm-fast_3" eclass="HBEFA3/PC_G_EU4" CO2="56604.87" CO="1103.10" HC="6.43" NOx="26.00" PMx="1.44" fuel="24.33" electricity="0.00" noise="100.34" route="routetop" type="cfm-fast" waiting="0.00" lane="left_0" pos="22.78" speed="26.92" angle="143.43" x="11.89" y="18.65"/>
        <vehicle id="cfm-fast_4" eclass="HBEFA3/PC_G_EU4" CO2="105070.35" CO="2107.20" HC="12.21" NOx="48.85" PMx="2.71" fuel="45.16" electricity="0.00" noise="128.43" route="routeleft" type="cfm-fast" waiting="0.00" lane="left_1" pos="38.79" speed="28.10" angle="114.67" x="41.11" y="2.38"/>
        <vehicle id="cfm-fast_5" eclass="HBEFA3/PC_G_EU4" CO2="18116.60" CO="297.52" HC="1.80" NOx="7.94" PMx="0.43" fuel="7.79" electricity="0.00" noise="77.16" route="routebottom" type="cfm-fast" waiting="0.00" lane="bottom_0" pos="3.09" speed="22.48" angle="88.94" x="70.41" y="-4.61"/>
        <vehicle id="cfm-slow_0" eclass="HBEFA3/PC_G_EU4" CO2="16602.64" CO="271.04" HC="1.64" NOx="7.34" PMx="0.38" fuel="7.14" electricity="0.00" noise="77.02" route="routebottom" type="cfm-slow" waiting="0.00" lane="bottom_0" pos="24.14" speed="17.55" angle="51.01" x="110.85" y="13.86"/>
        <vehicle id="cfm-slow_1" eclass="HBEFA3/PC_G_EU4" CO2="16755.81" CO="274.17" HC="1.66" NOx="7.42" PMx="0.39" fuel="7.20" electricity="0.00" noise="77.15" route="routebottom" type="cfm-slow" waiting="0.00" lane="bottom_0" pos="39.98" speed="17.56" angle="22.63" x="128.88" y="42.36"/>
        <vehicle id="cfm-slow_2" eclass="HBEFA3/PC_G_EU4" CO2="17291.00" CO="285.05" HC="1.72" NOx="7.67" PMx="0.40" fuel="7.43" electricity="0.00" noise="77.62" route="routebottom" type="cfm-slow" waiting="0.00" lane="right_0" pos="5.82" speed="17.60" angle="353.95" x="131.10" y="76.22"/>
        <vehicle id="cfm-slow_3" eclass="HBEFA3/PC_G_EU4" CO2="18754.90" CO="314.73" HC="1.89" NOx="8.36" PMx="0.44" fuel="8.06" electricity="0.00" noise="78.89" route="routebottom" type="cfm-slow" waiting="0.00" lane="right_0" pos="21.72" speed="17.76" angle="325.40" x="116.90" y="106.94"/>
        <vehicle id="cfm-slow_4" eclass="HBEFA3/PC_G_EU4" CO2="21658.83" CO="373.30" HC="2.23" NOx="9.71" PMx="0.51" fuel="9.31" electricity="0.00" noise="81.28" route="routeright" type="cfm-slow" waiting="0.00" lane="right_0" pos="37.79" speed="18.22" angle="296.49" x="89.38" y="127.25"/>
        <vehicle id="cfm-slow_5" eclass="HBEFA3/PC_G_EU4" CO2="25192.75" CO="444.04" HC="2.64" NOx="11.36" PMx="0.61" fuel="10.83" electricity="0.00" noise="83.77" route="routetop" type="cfm-slow" waiting="0.00" lane="top_0" pos="4.35" speed="19.21" angle="266.71" x="54.24" y="131.62"/>
    </timestep>
    <timestep time="2.10">
        <vehicle id="cfm-fast_0" eclass="HBEFA3/PC_G_EU4" CO2="26826.70" CO="476.19" HC="2.83" NOx="12.09" PMx="0.65" fuel="11.53" electricity="0.00" noise="84.19" route="routetop" type="cfm-fast" waiting="0.00" lane="top_0" pos="22.16" speed="20.71" angle="234.58" x="19.67" y="116.29"/>
        <vehicle id="cfm-fast_1" eclass="HBEFA3/PC_G_EU4" CO2="33903.98" CO="621.82" HC="3.67" NOx="15.42" PMx="0.84" fuel="14.57" electricity="0.00" noise="89.47" route="routetop" type="cfm-fast" waiting="0.00" lane="top_0" pos="38.14" speed="21.20" angle="205.88" x="-0.21" y="88.69"/>
        <vehicle id="cfm-fast_2" eclass="HBEFA3/PC_G_EU4" CO2="50254.94" CO="959.79" HC="5.62" NOx="23.10" PMx="1.27" fuel="21.60" electricity="0.00" noise="100.18" route="routetop" type="cfm-fast" waiting="0.00" lane="left_0" pos="4.66" speed="22.94" angle="176.15" x="-4.20" y="53.59"/>
        <vehicle id="cfm-fast_3" eclass="HBEFA3/PC_G_EU4" CO2="55694.23" CO="1084.71" HC="6.33" NOx="25.57" PMx="1.42" fuel="23.94" electricity="0.00" noise="99.71" route="routetop" type="cfm-fast" waiting="0.00" lane="left_0" pos="23.05" speed="26.99" angle="142.98" x="12.27" y="18.21"/>
        <vehicle id="cfm-fast_4" eclass="HBEFA3/PC_G_EU4" CO2="105597.67" CO="2118.85" HC="12.28" NOx="49.09" PMx="2.73" fuel="45.39" electricity="0.00" noise="128.50" route="routeleft" type="cfm-fast" waiting="0.00" lane="left_1" pos="39.07" speed="28.24" angle="114.15" x="41.66" y="2.19"/>
        <vehicle id="cfm-fast_5" eclass="HBEFA3/PC_G_EU4" CO2="17773.15" CO="290.47" HC="1.76" NOx="7.78" PMx="0.42" fuel="7.64" electricity="0.00" noise="76.93" route="routebottom" type="cfm-fast" waiting="0.00" lane="bottom_0" pos="3.32" speed="22.50" angle="88.54" x="70.89" y="-4.56"/>
        <vehicle id="cfm-slow_0" eclass="HBEFA3/PC_G_EU4" CO2="16506.38" CO="268.97" HC="1.63" NOx="7.30" PMx="0.38" fuel="7.10" electricity="0.00" noise="76.92" route="routebottom" type="cfm-slow" waiting="0.00" lane="bottom_0" pos="24.32" speed="17.58" angle="50.73" x="111.13" y="14.12"/>
        <vehicle id="cfm-slow_1" eclass="HBEFA3/PC_G_EU4" CO2="16663.32" CO="272.17" HC="1.65" NOx="7.37" PMx="0.38" fuel="7.16" electricity="0.00" noise="77.06" route="routebottom" type="cfm-slow" waiting="0.00" lane="bottom_0" pos="40.15" speed="17.59" angle="22.29" x="128.99" y="42.72"/>
        <vehicle id="cfm-slow_2" eclass="HBEFA3/PC_G_EU4" CO2="17207.79" CO="283.25" HC="1.71" NOx="7.63" PMx="0.40" fuel="7.40" electricity="0.00" noise="77.53" route="routebottom" type="cfm-slow" waiting="0.00" lane="right_0" pos="6.00" speed="17.63" angle="353.62" x="131.04" y="76.59"/>
        <vehicle id="cfm-slow_3" eclass="HBEFA3/PC_G_EU4" CO2="18686.32" CO="313.22" HC="1.89" NOx="8.32" PMx="0.44" fuel="8.03" electricity="0.00" noise="78.81" route="routebottom" type="cfm-slow" waiting="0.00" lane="right_0" pos="21.90" speed="17.80" angle="325.09" x="116.66" y="107.23"/>
        <vehicle id="cfm-slow_4" eclass="HBEFA3/PC_G_EU4" CO2="21597.48" CO="371.94" HC="2.23" NOx="9.68" PMx="0.51" fuel="9.28" electricity="0.00" noise="81.20" route="routeright" type="cfm-slow" waiting="0.00" lane="right_0" pos="37.97" speed="18.26" angle="296.16" x="89.02" y="127.40"/>
        <vehicle id="cfm-slow_5" eclass="HBEFA3/PC_G_EU4" CO2="25113.35" CO="442.34" HC="2.63" NOx="11.32" PMx="0.60" fuel="10.79" electricity="0.00" noise="83.67" route="routetop" type="cfm-slow" waiting="0.00" lane="top_0" pos="4.54" speed="19.26" angle="266.36" x="53.83" y="131.56"/>
    </timestep>
    <timestep time="2.11">
        <vehicle id="cfm-fast_0" eclass="HBEFA3/PC_G_EU4" CO2="26751.52" CO="474.63" HC="2.82" NOx="12.06" PMx="0.65" fuel="11.50" electricity="0.00" noise="84.10" route="routetop" type="cfm-fast" waiting="0.00" lane="top_0" pos="22.37" speed="20.75" angle="234.19" x="19.33" y="116.01"/>
        <vehicle id="cfm-fast_1" eclass="HBEFA3/PC_G_EU4" CO2="33917.41" CO="622.10" HC="3.67" NOx="15.43" PMx="0.84" fuel="14.58" electricity="0.00" noise="89.44" route="routetop" type="cfm-fast" waiting="0.00" lane="top_0" pos="38.35" speed="21.26" angle="205.48" x="-0.38" y="88.27"/>
        <vehicle id="cfm-fast_2" eclass="HBEFA3/PC_G_EU4" CO2="50197.04" CO="958.72" HC="5.61" NOx="23.07" PMx="1.26" fuel="21.58" electricity="0.00" noise="100.05" route="routetop" type="cfm-fast" waiting="0.00" lane="left_0" pos="4.89" speed="23.02" angle="175.73" x="-4.13" y="53.10"/>
        <vehicle id="cfm-fast_3" eclass="HBEFA3/PC_G_EU4" CO2="54787.16" CO="1066.38" HC="6.22" NOx="25.14" PMx="1.39" fuel="23.55" electricity="0.00" noise="99.08" route="routetop" type="cfm-fast" waiting="0.00" lane="left_0" pos="23.32" speed="27.07" angle="142.50" x="12.66" y="17.78"/>
        <vehicle id="cfm-fast_4" eclass="HBEFA3/PC_G_EU4" CO2="106125.30" CO="2130.53" HC="12.34" NOx="49.34" PMx="2.74" fuel="45.62" electricity="0.00" noise="128.56" route="routeleft" type="cfm-fast" waiting="0.00" lane="left_1" pos="39.35" speed="28.38" angle="113.63" x="42.21" y="1.99"/>
        <vehicle id="cfm-fast_5" eclass="HBEFA3/PC_G_EU4" CO2="17433.92" CO="283.52" HC="1.72" NOx="7.62" PMx="0.41" fuel="7.49" electricity="0.00" noise="76.71" route="routebottom" type="cfm-fast" waiting="0.00" lane="bottom_0" pos="3.55" speed="22.52" angle="88.14" x="71.37" y="-4.51"/>
        <vehicle id="cfm-slow_0" eclass="HBEFA3/PC_G_EU4" CO2="16410.64" CO="266.91" HC="1.62" NOx="7.25" PMx="0.38" fuel="7.05" electricity="0.00" noise="76.82" route="routebottom" type="cfm-slow" waiting="0.00" lane="bottom_0" pos="24.49" speed="17.61" angle="50.43" x="111.40" y="14.39"/>
        <vehicle id="cfm-slow_1" eclass="HBEFA3/PC_G_EU4" CO2="16571.40" CO="270.19" HC="1.64" NOx="7.33" PMx="0.38" fuel="7.12" electricity="0.00" noise="76.96" route="routebottom" type="cfm-slow" waiting="0.00" lane="bottom_0" pos="40.33" speed="17.62" angle="21.96" x="129.11" y="43.08"/>
        <vehicle id="cfm-slow_2" eclass="HBEFA3/PC_G_EU4" CO2="17125.20" CO="281.45" HC="1.70" NOx="7.59" PMx="0.40" fuel="7.36" electricity="0.00" noise="77.45" route="routebottom" type="cfm-slow" waiting="0.00" lane="right_0" pos="6.18" speed="17.67" angle="353.29" x="130.97" y="76.96"/>
        <vehicle id="cfm-slow_3" eclass="HBEFA3/PC_G_EU4" CO2="18618.29" CO="311.72" HC="1.88" NOx="8.29" PMx="0.43" fuel="8.00" electricity="0.00" noise="78.73" route="routebottom" type="cfm-slow" waiting="0.00" lane="right_0" pos="22.08" speed="17.83" angle="324.75" x="116.41" y="107.52"/>
        <vehicle id="cfm-slow_4" eclass="HBEFA3/PC_G_EU4" CO2="21536.40" CO="370.59" HC="2.22" NOx="9.65" PMx="0.51" fuel="9.26" electricity="0.00" noise="81.12" route="routeright" type="cfm-slow" waiting="0.00" lane="right_0" pos="38.15" speed="18.30" angle="295.83" x="88.65" y="127.55"/>
        <vehicle id="cfm-slow_5" eclass="HBEFA3/PC_G_EU4" CO2="25034.33" CO="440.64" HC="2.62" NOx="11.28" PMx="0.60" fuel="10.76" electricity="0.00" noise="83.58" route="routetop" type="cfm-slow" waiting="0.00" lane="top_0" pos="4.74" speed="19.30" angle="266.01" x="53.42" y="131.50"/>
    </timestep>
    <timestep time="2.12">
        <vehicle id="cfm-fast_0" eclass="HBEFA3/PC_G_EU4" CO2="26677.82" CO="473.10" HC="2.81" NOx="12.02" PMx="0.65" fuel="11.47" electricity="0.00" noise="84.02" route="routetop" type="cfm-fast" waiting="0.00" lane="top_0" pos="22.57" speed="20.79" angle="233.80" x="18.99" y="115.72"/>
        <vehicle id="cfm-fast_1" eclass="HBEFA3/PC_G_EU4" CO2="33930.82" CO="622.38" HC="3.67" NOx="15.43" PMx="0.84" fuel="14.59" electricity="0.00" noise="89.40" route="routetop" type="cfm-fast" waiting="0.00" lane="top_0" pos="38.56" speed="21.31" angle="205.15" x="-0.54" y="87.84"/>
        <vehicle id="cfm-fast_2" eclass="HBEFA3/PC_G_EU4" CO2="50132.44" CO="957.51" HC="5.60" NOx="23.04" PMx="1.26" fuel="21.55" electricity="0.00" noise="99.91" route="routetop" type="cfm-fast" waiting="0.00" lane="left_0" pos="5.12" speed="23.09" angle="175.28" x="-4.06" y="52.61"/>
        <vehicle id="cfm-fast_3" eclass="HBEFA3/PC_G_EU4" CO2="53883.86" CO="1048.13" HC="6.11" NOx="24.71" PMx="1.37" fuel="23.16" electricity="0.00" noise="98.46" route="routetop" type="cfm-fast" waiting="0.00" lane="left_0" pos="23.59" speed="27.13" angle="142.01" x="13.05" y="17.35"/>
        <vehicle id="cfm-fast_4" eclass="HBEFA3/PC_G_EU4" CO2="106653.21" CO="2142.23" HC="12.41" NOx="49.58" PMx="2.75" fuel="45.84" electricity="0.00" noise="128.63" route="routeleft" type="cfm-fast" waiting="0.00" lane="left_1" pos="39.64" speed="28.51" angle="113.12" x="42.76" y="1.79"/>
        <vehicle id="cfm-fast_5" eclass="HBEFA3/PC_G_EU4" CO2="17098.90" CO="276.64" HC="1.68" NOx="7.46" PMx="0.40" fuel="7.35" electricity="0.00" noise="76.49" route="routebottom" type="cfm-fast" waiting="0.00" lane="bottom_0" pos="3.77" speed="22.55" angle="87.73" x="71.85" y="-4.46"/>
        <vehicle id="cfm-slow_0" eclass="HBEFA3/PC_G_EU4" CO2="16315.42" CO="264.86" HC="1.61" NOx="7.21" PMx="0.37" fuel="7.01" electricity="0.00" noise="76.73" route="routebottom" type="cfm-slow" waiting="0.00" lane="bottom_0" pos="24.67" speed="17.64" angle="50.10" x="111.66" y="14.65"/>
        <vehicle id="cfm-slow_1" eclass="HBEFA3/PC_G_EU4" CO2="16480.06" CO="268.22" HC="1.63" NOx="7.28" PMx="0.38" fuel="7.08" electricity="0.00" noise="76.87" route="routebottom" type="cfm-slow" waiting="0.00" lane="bottom_0" pos="40.50" speed="17.65" angle="21.62" x="129.22" y="43.45"/>
        <vehicle id="cfm-slow_2" eclass="HBEFA3/PC_G_EU4" CO2="17043.24" CO="279.68" HC="1.69" NOx="7.55" PMx="0.39" fuel="7.33" electricity="0.00" noise="77.36" route="routebottom" type="cfm-slow" waiting="0.00" lane="right_0" pos="6.35" speed="17.70" angle="353.01" x="130.90" y="77.34"/>
        <vehicle id="cfm-slow_3" eclass="HBEFA3/PC_G_EU4" CO2="18550.80" CO="310.24" HC="1.87" NOx="8.26" PMx="0.43" fuel="7.97" electricity="0.00" noise="78.65" route="routebottom" type="cfm-slow" waiting="0.00" lane="right_0" pos="22.25" speed="17.87" angle="324.41" x="116.16" y="107.82"/>
        <vehicle id="cfm-slow_4" eclass="HBEFA3/PC_G_EU4" CO2="21475.60" CO="369.24" HC="2.21" NOx="9.63" PMx="0.51" fuel="9.23" electricity="0.00" noise="81.05" route="routeright" type="cfm-slow" waiting="0.00" lane="right_0" pos="38.34" speed="18.34" angle="295.50" x="88.29" y="127.69"/>
        <vehicle id="cfm-slow_5" eclass="HBEFA3/PC_G_EU4" CO2="24955.73" CO="438.96" HC="2.61" NOx="11.24" PMx="0.60" fuel="10.73" electricity="0.00" noise="83.48" route="routetop" type="cfm-slow" waiting="0.00" lane="top_0" pos="4.93" speed="19.34" angle="265.66" x="53.01" y="131.44"/>
    </timestep>
    <timestep time="2.13">
        <vehicle id="cfm-fast_0" eclass="HBEFA3/PC_G_EU4" CO2="26605.58" CO="471.60" HC="2.81" NOx="11.99" PMx="0.65" fuel="11.44" electricity="0.00" noise="83.93" route="routetop" type="cfm-fast" waiting="0.00" lane="top_0" pos="22.78" speed="20.84" angle="233.41" x="18.64" y="115.43"/>
        <vehicle id="cfm-fast_1" eclass="HBEFA3/PC_G_EU4" CO2="33944.18" CO="622.67" HC="3.68" NOx="15.44" PMx="0.84" fuel="14.59" electricity="0.00" noise="89.37" route="routetop" type="cfm-fast" waiting="0.00" lane="top_0" pos="38.78" speed="21.37" angle="204.75" x="-0.70" y="87.41"/>
        <vehicle id="cfm-fast_2" eclass="HBEFA3/PC_G_EU4" CO2="50061.20" CO="956.17" HC="5.60" NOx="23.00" PMx="1.26" fuel="21.52" electricity="0.00" noise="99.77" route="routetop" type="cfm-fast" waiting="0.00" lane="left_0" pos="5.35" speed="23.17" angle="174.86" x="-3.97" y="52.11"/>
        <vehicle id="cfm-fast_3" eclass="HBEFA3/PC_G_EU4" CO2="52984.53" CO="1029.95" HC="6.01" NOx="24.29" PMx="1.35" fuel="22.78" electricity="0.00" noise="97.85" route="routetop" type="cfm-fast" waiting="0.00" lane="left_0" pos="23.86" speed="27.20" angle="141.52" x="13.45" y="16.92"/>
        <vehicle id="cfm-fast_4" eclass="HBEFA3/PC_G_EU4" CO2="107181.41" CO="2153.95" HC="12.48" NOx="49.83" PMx="2.77" fuel="46.07" electricity="0.00" noise="128.69" route="routeleft" type="cfm-fast" waiting="0.00" lane="left_1" pos="39.92" speed="28.65" angle="112.64" x="43.31" y="1.61"/>
        <vehicle id="cfm-fast_5" eclass="HBEFA3/PC_G_EU4" CO2="16768.06" CO="269.86" HC="1.64" NOx="7.30" PMx="0.39" fuel="7.21" electricity="0.00" noise="76.28" route="routebottom" type="cfm-fast" waiting="0.00" lane="bottom_0" pos="4.00" speed="22.57" angle="87.34" x="72.33" y="-4.39"/>
        <vehicle id="cfm-slow_0" eclass="HBEFA3/PC_G_EU4" CO2="16220.72" CO="262.83" HC="1.59" NOx="7.16" PMx="0.37" fuel="6.97" electricity="0.00" noise="76.63" route="routebottom" type="cfm-slow" waiting="0.00" lane="bottom_0" pos="24.84" speed="17.67" angle="49.77" x="111.93" y="14.92"/>
        <vehicle id="cfm-slow_1" eclass="HBEFA3/PC_G_EU4" CO2="16389.29" CO="266.27" HC="1.61" NOx="7.24" PMx="0.38" fuel="7.04" electricity="0.00" noise="76.78" route="routebottom" type="cfm-slow" waiting="0.00" lane="bottom_0" pos="40.68" speed="17.68" angle="21.28" x="129.33" y="43.81"/>
        <vehicle id="cfm-slow_2" eclass="HBEFA3/PC_G_EU4" CO2="16961.91" CO="277.91" HC="1.68" NOx="7.51" PMx="0.39" fuel="7.29" electricity="0.00" noise="77.28" route="routebottom" type="cfm-slow" waiting="0.00" lane="right_0" pos="6.53" speed="17.73" angle="352.69" x="130.82" y="77.71"/>
        <vehicle id="cfm-slow_3" eclass="HBEFA3/PC_G_EU4" CO2="18483.86" CO="308.77" HC="1.86" NOx="8.22" PMx="0.43" fuel="7.95" electricity="0.00" noise="78.58" route="routebottom" type="cfm-slow" waiting="0.00" lane="right_0" pos="22.43" speed="17.90" angle="324.07" x="115.91" y="108.11"/>
        <vehicle id="cfm-slow_4" eclass="HBEFA3/PC_G_EU4" CO2="21415.08" CO="367.91" HC="2.20" NOx="9.60" PMx="0.51" fuel="9.21" electricity="0.00" noise="80.97" route="routeright" type="cfm-slow" waiting="0.00" lane="right_0" pos="38.52" speed="18.38" angle="295.22" x="87.92" y="127.84"/>
        <vehicle id="cfm-slow_5" eclass="HBEFA3/PC_G_EU4" CO2="24877.54" CO="437.28" HC="2.61" NOx="11.21" PMx="0.60" fuel="10.69" electricity="0.00" noise="83.39" route="routetop" type="cfm-slow" waiting="0.00" lane="top_0" pos="5.12" speed="19.39" angle="265.27" x="52.60" y="131.38"/>
    </timestep>
    <timestep time="2.14">
        <vehicle id="cfm-fast_0" eclass="HBEFA3/PC_G_EU4" CO2="26534.79" CO="470.13" HC="2.80" NOx="11.95" PMx="0.64" fuel="11.41" electricity="0.00" noise="83.85" route="routetop" type="cfm-fast" waiting="0.00" lane="top_0" pos="22.99" speed="20.88" angle="233.05" x="18.30" y="115.14"/>
        <vehicle id="cfm-fast_1" eclass="HBEFA3/PC_G_EU4" CO2="33957.44" CO="622.95" HC="3.68" NOx="15.44" PMx="0.84" fuel="14.60" electricity="0.00" noise="89.34" route="routetop" type="cfm-fast" waiting="0.00" lane="top_0" pos="38.99" speed="21.42" angle="204.35" x="-0.86" y="86.97"/>
        <vehicle id="cfm-fast_2" eclass="HBEFA3/PC_G_EU4" CO2="49983.40" CO="954.70" HC="5.59" NOx="22.96" PMx="1.26" fuel="21.49" electricity="0.00" noise="99.63" route="routetop" type="cfm-fast" waiting="0.00" lane="left_0" pos="5.58" speed="23.25" angle="174.43" x="-3.88" y="51.62"/>
        <vehicle id="cfm-fast_3" eclass="HBEFA3/PC_G_EU4" CO2="52089.34" CO="1011.86" HC="5.90" NOx="23.87" PMx="1.32" fuel="22.39" electricity="0.00" noise="97.24" route="routetop" type="cfm-fast" waiting="0.00" lane="left_0" pos="24.13" speed="27.27" angle="141.03" x="13.85" y="16.49"/>
        <vehicle id="cfm-fast_4" eclass="HBEFA3/PC_G_EU4" CO2="107709.91" CO="2165.69" HC="12.54" NOx="50.08" PMx="2.78" fuel="46.30" electricity="0.00" noise="128.76" route="routeleft" type="cfm-fast" waiting="0.00" lane="left_1" pos="40.21" speed="28.78" angle="112.11" x="43.88" y="1.43"/>
        <vehicle id="cfm-fast_5" eclass="HBEFA3/PC_G_EU4" CO2="16441.40" CO="263.16" HC="1.60" NOx="7.15" PMx="0.38" fuel="7.07" electricity="0.00" noise="76.07" route="routebottom" type="cfm-fast" waiting="0.00" lane="bottom_0" pos="4.22" speed="22.59" angle="86.93" x="72.82" y="-4.33"/>
        <vehicle id="cfm-slow_0" eclass="HBEFA3/PC_G_EU4" CO2="16126.55" CO="260.81" HC="1.58" NOx="7.12" PMx="0.37" fuel="6.93" electricity="0.00" noise="76.54" route="routebottom" type="cfm-slow" waiting="0.00" lane="bottom_0" pos="25.02" speed="17.70" angle="49.44" x="112.20" y="15.19"/>
        <vehicle id="cfm-slow_1" eclass="HBEFA3/PC_G_EU4" CO2="16299.11" CO="264.32" HC="1.60" NOx="7.20" PMx="0.37" fuel="7.01" electricity="0.00" noise="76.69" route="routebottom" type="cfm-slow" waiting="0.00" lane="bottom_0" pos="40.86" speed="17.71" angle="20.94" x="129.44" y="44.17"/>
        <vehicle id="cfm-slow_2" eclass="HBEFA3/PC_G_EU4" CO2="16881.21" CO="276.17" HC="1.67" NOx="7.47" PMx="0.39" fuel="7.26" electricity="0.00" noise="77.19" route="routebottom" type="cfm-slow" waiting="0.00" lane="right_0" pos="6.71" speed="17.76" angle="352.36" x="130.73" y="78.08"/>
        <vehicle id="cfm-slow_3" eclass="HBEFA3/PC_G_EU4" CO2="18417.46" CO="307.31" HC="1.85" NOx="8.19" PMx="0.43" fuel="7.92" electricity="0.00" noise="78.50" route="routebottom" type="cfm-slow" waiting="0.00" lane="right_0" pos="22.61" speed="17.93" angle="323.73" x="115.66" y="108.40"/>
        <vehicle id="cfm-slow_4" eclass="HBEFA3/PC_G_EU4" CO2="21354.84" CO="366.58" HC="2.20" NOx="9.57" PMx="0.51" fuel="9.18" electricity="0.00" noise="80.89" route="routeright" type="cfm-slow" waiting="0.00" lane="right_0" pos="38.71" speed="18.42" angle="294.89" x="87.55" y="127.97"/>
        <vehicle id="cfm-slow_5" eclass="HBEFA3/PC_G_EU4" CO2="24799.79" CO="435.62" HC="2.60" NOx="11.17" PMx="0.60" fuel="10.66" electricity="0.00" noise="83.29" route="routetop" type="cfm-slow" waiting="0.00" lane="top_0" pos="5.32" speed="19.43" angle="264.90" x="52.18" y="131.30"/>
    </timestep>
    <timestep time="2.15">
        <vehicle id="cfm-fast_0" eclass="HBEFA3/PC_G_EU4" CO2="26465.45" CO="468.70" HC="2.79" NOx="11.92" PMx="0.64" fuel="11.38" electricity="0.00" noise="83.78" route="routetop" type="cfm-fast" waiting="0.00" lane="top_0" pos="23.20" speed="20.92" angle="232.72" x="17.96" y="114.84"/>
        <vehicle id="cfm-fast_1" eclass="HBEFA3/PC_G_EU4" CO2="33970.53" CO="623.23" HC="3.68" NOx="15.45" PMx="0.84" fuel="14.60" electricity="0.00" noise="89.30" route="routetop" type="cfm-fast" waiting="0.00" lane="top_0" pos="39.21" speed="21.47" angle="203.96" x="-1.01" y="86.54"/>
        <vehicle id="cfm-fast_2" eclass="HBEFA3/PC_G_EU4" CO2="49899.10" CO="953.10" HC="5.58" NOx="22.92" PMx="1.26" fuel="21.45" electricity="0.00" noise="99.48" route="routetop" type="cfm-fast" waiting="0.00" lane="left_0" pos="5.81" speed="23.32" angle="174.01" x="-3.79" y="51.13"/>
        <vehicle id="cfm-fast_3" eclass="HBEFA3/PC_G_EU4" CO2="51198.46" CO="993.85" HC="5.80" NOx="23.44" PMx="1.30" fuel="22.01" electricity="0.00" noise="96.64" route="routetop" type="cfm-fast" waiting="0.00" lane="left_0" pos="24.41" speed="27.33" angle="140.60" x="14.25" y="16.06"/>
        <vehicle id="cfm-fast_4" eclass="HBEFA3/PC_G_EU4" CO2="108238.70" CO="2177.46" HC="12.61" NOx="50.32" PMx="2.80" fuel="46.53" electricity="0.00" noise="128.82" route="routeleft" type="cfm-fast" waiting="0.00" lane="left_1" pos="40.50" speed="28.92" angle="111.57" x="44.44" y="1.26"/>
        <vehicle id="cfm-fast_5" eclass="HBEFA3/PC_G_EU4" CO2="16118.90" CO="256.55" HC="1.57" NOx="7.00" PMx="0.37" fuel="6.93" electricity="0.00" noise="75.87" route="routebottom" type="cfm-fast" waiting="0.00" lane="bottom_0" pos="4.45" speed="22.61" angle="86.52" x="73.30" y="-4.26"/>
        <vehicle id="cfm-slow_0" eclass="HBEFA3/PC_G_EU4" CO2="16032.91" CO="258.80" HC="1.57" NOx="7.07" PMx="0.37" fuel="6.89" electricity="0.00" noise="76.45" route="routebottom" type="cfm-slow" waiting="0.00" lane="bottom_0" pos="25.20" speed="17.72" angle="49.11" x="112.47" y="15.46"/>
        <vehicle id="cfm-slow_1" eclass="HBEFA3/PC_G_EU4" CO2="16209.51" CO="262.40" HC="1.59" NOx="7.15" PMx="0.37" fuel="6.97" electricity="0.00" noise="76.60" route="routebottom" type="cfm-slow" waiting="0.00" lane="bottom_0" pos="41.04" speed="17.74" angle="20.67" x="129.56" y="44.54"/>
        <vehicle id="cfm-slow_2" eclass="HBEFA3/PC_G_EU4" CO2="16801.14" CO="274.43" HC="1.66" NOx="7.43" PMx="0.39" fuel="7.22" electricity="0.00" noise="77.11" route="routebottom" type="cfm-slow" waiting="0.00" lane="right_0" pos="6.89" speed="17.79" angle="352.02" x="130.65" y="78.46"/>
        <vehicle id="cfm-slow_3" eclass="HBEFA3/PC_G_EU4" CO2="18351.61" CO="305.87" HC="1.84" NOx="8.16" PMx="0.43" fuel="7.89" electricity="0.00" noise="78.43" route="routebottom" type="cfm-slow" waiting="0.00" lane="right_0" pos="22.79" speed="17.97" angle="323.39" x="115.41" y="108.70"/>
        <vehicle id="cfm-slow_4" eclass="HBEFA3/PC_G_EU4" CO2="21294.90" CO="365.26" HC="2.19" NOx="9.54" PMx="0.50" fuel="9.15" electricity="0.00" noise="80.82" route="routeright" type="cfm-slow" waiting="0.00" lane="right_0" pos="38.89" speed="18.46" angle="294.55" x="87.17" y="128.11"/>
        <vehicle id="cfm-slow_5" eclass="HBEFA3/PC_G_EU4" CO2="24722.49" CO="433.97" HC="2.59" NOx="11.13" PMx="0.59" fuel="10.63" electricity="0.00" noise="83.20" route="routetop" type="cfm-slow" waiting="0.00" lane="top_0" pos="5.51" speed="19.47" angle="264.54" x="51.77" y="131.23"/>
    </timestep>
    <timestep time="2.16">
        <vehicle id="cfm-fast_0" eclass="HBEFA3/PC_G_EU4" CO2="26397.54" CO="467.29" HC="2.78" NOx="11.89" PMx="0.64" fuel="11.35" electricity="0.00" noise="83.70" route="routetop" type="cfm-fast" waiting="0.00" lane="top_0" pos="23.41" speed="20.96" angle="232.34" x="17.63" y="114.53"/>
        <vehicle id="cfm-fast_1" eclass="HBEFA3/PC_G_EU4" CO2="33983.40" CO="623.52" HC="3.68" NOx="15.45" PMx="0.84" fuel="14.61" electricity="0.00" noise="89.27" route="routetop" type="cfm-fast" waiting="0.00" lane="top_0" pos="39.42" speed="21.53" angle="203.56" x="-1.17" y="86.10"/>
        <vehicle id="cfm-fast_2" eclass="HBEFA3/PC_G_EU4" CO2="49808.36" CO="951.37" HC="5.57" NOx="22.88" PMx="1.26" fuel="21.41" electricity="0.00" noise="99.33" route="routetop" type="cfm-fast" waiting="0.00" lane="left_0" pos="6.05" speed="23.40" angle="173.58" x="-3.70" y="50.63"/>
        <vehicle id="cfm-fast_3" eclass="HBEFA3/PC_G_EU4" CO2="50312.08" CO="975.93" HC="5.70" NOx="23.02" PMx="1.28" fuel="21.63" electricity="0.00" noise="96.05" route="routetop" type="cfm-fast" waiting="0.00" lane="left_0" pos="24.68" speed="27.40" angle="140.09" x="14.67" y="15.64"/>
        <vehicle id="cfm-fast_4" eclass="HBEFA3/PC_G_EU4" CO2="108767.78" CO="2189.24" HC="12.68" NOx="50.57" PMx="2.81" fuel="46.75" electricity="0.00" noise="128.89" route="routeleft" type="cfm-fast" waiting="0.00" lane="left_1" pos="40.79" speed="29.06" angle="111.03" x="45.01" y="1.08"/>
        <vehicle id="cfm-fast_5" eclass="HBEFA3/PC_G_EU4" CO2="15800.53" CO="250.02" HC="1.53" NOx="6.85" PMx="0.37" fuel="6.79" electricity="0.00" noise="75.68" route="routebottom" type="cfm-fast" waiting="0.00" lane="bottom_0" pos="4.67" speed="22.63" angle="86.11" x="73.78" y="-4.19"/>
        <vehicle id="cfm-slow_0" eclass="HBEFA3/PC_G_EU4" CO2="15939.81" CO="256.80" HC="1.56" NOx="7.03" PMx="0.36" fuel="6.85" electricity="0.00" noise="76.35" route="routebottom" type="cfm-slow" waiting="0.00" lane="bottom_0" pos="25.38" speed="17.75" angle="48.78" x="112.74" y="15.73"/>
        <vehicle id="cfm-slow_1" eclass="HBEFA3/PC_G_EU4" CO2="16120.50" CO="260.48" HC="1.58" NOx="7.11" PMx="0.37" fuel="6.93" electricity="0.00" noise="76.51" route="routebottom" type="cfm-slow" waiting="0.00" lane="bottom_0" pos="41.21" speed="17.77" angle="20.35" x="129.66" y="44.91"/>
        <vehicle id="cfm-slow_2" eclass="HBEFA3/PC_G_EU4" CO2="16721.70" CO="272.71" HC="1.65" NOx="7.39" PMx="0.39" fuel="7.19" electricity="0.00" noise="77.03" route="routebottom" type="cfm-slow" waiting="0.00" lane="right_0" pos="7.06" speed="17.82" angle="351.69" x="130.56" y="78.83"/>
        <vehicle id="cfm-slow_3" eclass="HBEFA3/PC_G_EU4" CO2="18286.30" CO="304.44" HC="1.84" NOx="8.13" PMx="0.43" fuel="7.86" electricity="0.00" noise="78.36" route="routebottom" type="cfm-slow" waiting="0.00" lane="right_0" pos="22.97" speed="18.00" angle="323.07" x="115.16" y="108.99"/>
        <vehicle id="cfm-slow_4" eclass="HBEFA3/PC_G_EU4" CO2="21235.25" CO="363.94" HC="2.18" NOx="9.51" PMx="0.50" fuel="9.13" electricity="0.00" noise="80.74" route="routeright" type="cfm-slow" waiting="0.00" lane="right_0" pos="39.08" speed="18.49" angle="294.22" x="86.80" y="128.24"/>
        <vehicle id="cfm-slow_5" eclass="HBEFA3/PC_G_EU4" CO2="24645.65" CO="432.33" HC="2.58" NOx="11.09" PMx="0.59" fuel="10.59" electricity="0.00" noise="83.11" route="routetop" type="cfm-slow" waiting="0.00" lane="top_0" pos="5.71" speed="19.52" angle="264.18" x="51.36" y="131.15"/>
    </timestep>
    <timestep time="2.17">
        <vehicle id="cfm-fast_0" eclass="HBEFA3/PC_G_EU4" CO2="26331.05" CO="465.92" HC="2.77" NOx="11.85" PMx="0.64" fuel="11.32" electricity="0.00" noise="83.62" route="routetop" type="cfm-fast" waiting="0.00" lane="top_0" pos="23.62" speed="21.00" angle="231.96" x="17.30" y="114.23"/>
        <vehicle id="cfm-fast_1" eclass="HBEFA3/PC_G_EU4" CO2="33996.02" CO="623.79" HC="3.68" NOx="15.46" PMx="0.84" fuel="14.61" electricity="0.00" noise="89.24" route="routetop" type="cfm-fast" waiting="0.00" lane="top_0" pos="39.64" speed="21.58" angle="203.16" x="-1.33" y="85.66"/>
        <vehicle id="cfm-fast_2" eclass="HBEFA3/PC_G_EU4" CO2="49711.28" CO="949.51" HC="5.56" NOx="22.83" PMx="1.25" fuel="21.37" electricity="0.00" noise="99.18" route="routetop" type="cfm-fast" waiting="0.00" lane="left_0" pos="6.28" speed="23.47" angle="173.17" x="-3.61" y="50.14"/>
        <vehicle id="cfm-fast_3" eclass="HBEFA3/PC_G_EU4" CO2="49430.35" CO="958.10" HC="5.59" NOx="22.61" PMx="1.26" fuel="21.25" electricity="0.00" noise="95.46" route="routetop" type="cfm-fast" waiting="0.00" lane="left_0" pos="24.95" speed="27.46" angle="139.59" x="15.08" y="15.23"/>
        <vehicle id="cfm-fast_4" eclass="HBEFA3/PC_G_EU4" CO2="109297.15" CO="2201.05" HC="12.74" NOx="50.82" PMx="2.83" fuel="46.98" electricity="0.00" noise="128.95" route="routeleft" type="cfm-fast" waiting="0.00" lane="left_1" pos="41.08" speed="29.19" angle="110.55" x="45.59" y="0.90"/>
        <vehicle id="cfm-fast_5" eclass="HBEFA3/PC_G_EU4" CO2="15486.28" CO="243.57" HC="1.49" NOx="6.70" PMx="0.36" fuel="6.66" electricity="0.00" noise="75.48" route="routebottom" type="cfm-fast" waiting="0.00" lane="bottom_0" pos="4.90" speed="22.65" angle="85.70" x="74.26" y="-4.13"/>
        <vehicle id="cfm-slow_0" eclass="HBEFA3/PC_G_EU4" CO2="15847.24" CO="254.81" HC="1.55" NOx="6.98" PMx="0.36" fuel="6.81" electricity="0.00" noise="76.26" route="routebottom" type="cfm-slow" waiting="0.00" lane="bottom_0" pos="25.55" speed="17.78" angle="48.47" x="113.01" y="16.00"/>
        <vehicle id="cfm-slow_1" eclass="HBEFA3/PC_G_EU4" CO2="16032.08" CO="258.58" HC="1.57" NOx="7.07" PMx="0.37" fuel="6.89" electricity="0.00" noise="76.42" route="routebottom" type="cfm-slow" waiting="0.00" lane="bottom_0" pos="41.39" speed="17.79" angle="20.03" x="129.76" y="45.28"/>
        <vehicle id="cfm-slow_2" eclass="HBEFA3/PC_G_EU4" CO2="16642.89" CO="271.01" HC="1.64" NOx="7.36" PMx="0.38" fuel="7.15" electricity="0.00" noise="76.95" route="routebottom" type="cfm-slow" waiting="0.00" lane="right_0" pos="7.24" speed="17.85" angle="351.35" x="130.48" y="79.20"/>
        <vehicle id="cfm-slow_3" eclass="HBEFA3/PC_G_EU4" CO2="18221.53" CO="303.02" HC="1.83" NOx="8.10" PMx="0.42" fuel="7.83" electricity="0.00" noise="78.29" route="routebottom" type="cfm-slow" waiting="0.00" lane="right_0" pos="23.15" speed="18.03" angle="322.80" x="114.90" y="109.29"/>
        <vehicle id="cfm-slow_4" eclass="HBEFA3/PC_G_EU4" CO2="21175.90" CO="362.64" HC="2.17" NOx="9.48" PMx="0.50" fuel="9.10" electricity="0.00" noise="80.67" route="routeright" type="cfm-slow" waiting="0.00" lane="right_0" pos="39.26" speed="18.53" angle="293.88" x="86.42" y="128.38"/>
        <vehicle id="cfm-slow_5" eclass="HBEFA3/PC_G_EU4" CO2="24569.28" CO="430.70" HC="2.57" NOx="11.06" PMx="0.59" fuel="10.56" electricity="0.00" noise="83.02" route="routetop" type="cfm-slow" waiting="0.00" lane="top_0" pos="5.90" speed="19.56" angle="263.81" x="50.95" y="131.07"/>
    </timestep>
    <timestep time="2.18">
        <vehicle id="cfm-fast_0" eclass="HBEFA3/PC_G_EU4" CO2="26265.98" CO="464.57" HC="2.77" NOx="11.82" PMx="0.64" fuel="11.29" electricity="0.00" noise="83.55" route="routetop" type="cfm-fast" waiting="0.00" lane="top_0" pos="23.83" speed="21.05" angle="231.58" x="16.97" y="113.92"/>
        <vehicle id="cfm-fast_1" eclass="HBEFA3/PC_G_EU4" CO2="34008.33" CO="624.07" HC="3.68" NOx="15.46" PMx="0.84" fuel="14.62" electricity="0.00" noise="89.20" route="routetop" type="cfm-fast" waiting="0.00" lane="top_0" pos="39.85" speed="21.64" angle="202.83" x="-1.47" y="85.22"/>
        <vehicle id="cfm-fast_2" eclass="HBEFA3/PC_G_EU4" CO2="49607.90" CO="947.53" HC="5.55" NOx="22.78" PMx="1.25" fuel="21.32" electricity="0.00" noise="99.02" route="routetop" type="cfm-fast" waiting="0.00" lane="left_0" pos="6.52" speed="23.55" angle="172.77" x="-3.50" y="49.64"/>
        <vehicle id="cfm-fast_3" eclass="HBEFA3/PC_G_EU4" CO2="48553.42" CO="940.37" HC="5.49" NOx="22.19" PMx="1.23" fuel="20.87" electricity="0.00" noise="94.89" route="routetop" type="cfm-fast" waiting="0.00" lane="left_0" pos="25.23" speed="27.52" angle="139.09" x="15.50" y="14.81"/>
        <vehicle id="cfm-fast_4" eclass="HBEFA3/PC_G_EU4" CO2="109826.82" CO="2212.88" HC="12.81" NOx="51.06" PMx="2.84" fuel="47.21" electricity="0.00" noise="129.02" route="routeleft" type="cfm-fast" waiting="0.00" lane="left_1" pos="41.38" speed="29.33" angle="110.01" x="46.17" y="0.75"/>
        <vehicle id="cfm-fast_5" eclass="HBEFA3/PC_G_EU4" CO2="15176.12" CO="237.21" HC="1.46" NOx="6.55" PMx="0.35" fuel="6.52" electricity="0.00" noise="75.30" route="routebottom" type="cfm-fast" waiting="0.00" lane="bottom_0" pos="5.13" speed="22.67" angle="85.25" x="74.75" y="-4.05"/>
        <vehicle id="cfm-slow_0" eclass="HBEFA3/PC_G_EU4" CO2="15755.21" CO="252.84" HC="1.54" NOx="6.94" PMx="0.36" fuel="6.77" electricity="0.00" noise="76.17" route="routebottom" type="cfm-slow" waiting="0.00" lane="bottom_0" pos="25.73" speed="17.81" angle="48.19" x="113.28" y="16.28"/>
        <vehicle id="cfm-slow_1" eclass="HBEFA3/PC_G_EU4" CO2="15944.25" CO="256.69" HC="1.56" NOx="7.03" PMx="0.36" fuel="6.85" electricity="0.00" noise="76.34" route="routebottom" type="cfm-slow" waiting="0.00" lane="bottom_0" pos="41.57" speed="17.82" angle="19.70" x="129.85" y="45.65"/>
        <vehicle id="cfm-slow_2" eclass="HBEFA3/PC_G_EU4" CO2="16564.72" CO="269.32" HC="1.63" NOx="7.32" PMx="0.38" fuel="7.12" electricity="0.00" noise="76.87" route="routebottom" type="cfm-slow" waiting="0.00" lane="right_0" pos="7.42" speed="17.88" angle="351.02" x="130.39" y="79.58"/>
        <vehicle id="cfm-slow_3" eclass="HBEFA3/PC_G_EU4" CO2="18157.31" CO="301.61" HC="1.82" NOx="8.07" PMx="0.42" fuel="7.80" electricity="0.00" noise="78.21" route="routebottom" type="cfm-slow" waiting="0.00" lane="right_0" pos="23.33" speed="18.06" angle="322.47" x="114.64" y="109.57"/>
        <vehicle id="cfm-slow_4" eclass="HBEFA3/PC_G_EU4" CO2="21116.86" CO="361.34" HC="2.17" NOx="9.45" PMx="0.50" fuel="9.08" electricity="0.00" noise="80.60" route="routeright" type="cfm-slow" waiting="0.00" lane="right_0" pos="39.45" speed="18.57" angle="293.55" x="86.05" y="128.51"/>
        <vehicle id="cfm-slow_5" eclass="HBEFA3/PC_G_EU4" CO2="24493.39" CO="429.08" HC="2.56" NOx="11.02" PMx="0.59" fuel="10.53" electricity="0.00" noise="82.93" route="routetop" type="cfm-slow" waiting="0.00" lane="top_0" pos="6.10" speed="19.60" angle="263.44" x="50.53" y="131.00"/>
    </timestep>
    <timestep time="2.19">
        <vehicle id="cfm-fast_0" eclass="HBEFA3/PC_G_EU4" CO2="26202.30" CO="463.26" HC="2.76" NOx="11.79" PMx="0.64" fuel="11.26" electricity="0.00" noise="83.48" route="routetop" type="cfm-fast" waiting="0.00" lane="top_0" pos="24.04" speed="21.09" angle="231.20" x="16.64" y="113.61"/>
        <vehicle id="cfm-fast_1" eclass="HBEFA3/PC_G_EU4" CO2="34020.28" CO="624.34" HC="3.69" NOx="15.47" PMx="0.84" fuel="14.62" electricity="0.00" noise="89.17" route="routetop" type="cfm-fast" waiting="0.00" lane="top_0" pos="40.07" speed="21.69" angle="202.42" x="-1.61" y="84.78"/>
        <vehicle id="cfm-fast_2" eclass="HBEFA3/PC_G_EU4" CO2="49498.31" CO="945.42" HC="5.53" NOx="22.72" PMx="1.25" fuel="21.28" electricity="0.00" noise="98.87" route="routetop" type="cfm-fast" waiting="0.00" lane="left_0" pos="6.76" speed="23.62" angle="172.31" x="-3.39" y="49.15"/>
        <vehicle id="cfm-fast_3" eclass="HBEFA3/PC_G_EU4" CO2="47681.45" CO="922.74" HC="5.39" NOx="21.78" PMx="1.21" fuel="20.50" electricity="0.00" noise="94.32" route="routetop" type="cfm-fast" waiting="0.00" lane="left_0" pos="25.50" speed="27.58" angle="138.58" x="15.92" y="14.39"/>
        <vehicle id="cfm-fast_4" eclass="HBEFA3/PC_G_EU4" CO2="110356.77" CO="2224.73" HC="12.88" NOx="51.31" PMx="2.85" fuel="47.44" electricity="0.00" noise="129.08" route="routeleft" type="cfm-fast" waiting="0.00" lane="left_1" pos="41.67" speed="29.47" angle="109.48" x="46.75" y="0.59"/>
        <vehicle id="cfm-fast_5" eclass="HBEFA3/PC_G_EU4" CO2="14870.04" CO="230.93" HC="1.42" NOx="6.41" PMx="0.34" fuel="6.39" electricity="0.00" noise="75.11" route="routebottom" type="cfm-fast" waiting="0.00" lane="bottom_0" pos="5.35" speed="22.69" angle="84.84" x="75.23" y="-3.97"/>
        <vehicle id="cfm-slow_0" eclass="HBEFA3/PC_G_EU4" CO2="15663.72" CO="250.88" HC="1.53" NOx="6.89" PMx="0.36" fuel="6.73" electricity="0.00" noise="76.09" route="routebottom" type="cfm-slow" waiting="0.00" lane="bottom_0" pos="25.91" speed="17.84" angle="47.86" x="113.54" y="16.56"/>
        <vehicle id="cfm-slow_1" eclass="HBEFA3/PC_G_EU4" CO2="15857.02" CO="254.82" HC="1.55" NOx="6.99" PMx="0.36" fuel="6.82" electricity="0.00" noise="76.25" route="routebottom" type="cfm-slow" waiting="0.00" lane="bottom_0" pos="41.75" speed="17.85" angle="19.38" x="129.95" y="46.02"/>
        <vehicle id="cfm-slow_2" eclass="HBEFA3/PC_G_EU4" CO2="16487.19" CO="267.64" HC="1.62" NOx="7.28" PMx="0.38" fuel="7.09" electricity="0.00" noise="76.79" route="routebottom" type="cfm-slow" waiting="0.00" lane="right_0" pos="7.60" speed="17.91" angle="350.72" x="130.31" y="79.96"/>
        <vehicle id="cfm-slow_3" eclass="HBEFA3/PC_G_EU4" CO2="18093.63" CO="300.22" HC="1.81" NOx="8.04" PMx="0.42" fuel="7.78" electricity="0.00" noise="78.14" route="routebottom" type="cfm-slow" waiting="0.00" lane="right_0" pos="23.51" speed="18.10" angle="322.15" x="114.38" y="109.86"/>
        <vehicle id="cfm-slow_4" eclass="HBEFA3/PC_G_EU4" CO2="21058.11" CO="360.05" HC="2.16" NOx="9.42" PMx="0.50" fuel="9.05" electricity="0.00" noise="80.53" route="routeright" type="cfm-slow" waiting="0.00" lane="right_0" pos="39.63" speed="18.61" angle="293.21" x="85.67" y="128.65"/>
        <vehicle id="cfm-slow_5" eclass="HBEFA3/PC_G_EU4" CO2="24418.01" CO="427.48" HC="2.55" NOx="10.98" PMx="0.59" fuel="10.50" electricity="0.00" noise="82.84" route="routetop" type="cfm-slow" waiting="0.00" lane="top_0" pos="6.29" speed="19.64" angle="263.10" x="50.12" y="130.92"/>
    </timestep>
    <timestep time="2.20">
        <vehicle id="cfm-fast_0" eclass="HBEFA3/PC_G_EU4" CO2="26140.01" CO="461.97" HC="2.75" NOx="11.76" PMx="0.63" fuel="11.24" electricity="0.00" noise="83.41" route="routetop" type="cfm-fast" waiting="0.00" lane="top_0" pos="24.25" speed="21.13" angle="230.83" x="16.30" y="113.30"/>
        <vehicle id="cfm-fast_1" eclass="HBEFA3/PC_G_EU4" CO2="34031.82" CO="624.60" HC="3.69" NOx="15.47" PMx="0.84" fuel="14.63" electricity="0.00" noise="89.14" route="routetop" type="cfm-fast" waiting="0.00" lane="top_0" pos="40.29" speed="21.75" angle="202.02" x="-1.75" y="84.33"/>
        <vehicle id="cfm-fast_2" eclass="HBEFA3/PC_G_EU4" CO2="49382.59" CO="943.19" HC="5.52" NOx="22.67" PMx="1.24" fuel="21.23" electricity="0.00" noise="98.70" route="routetop" type="cfm-fast" waiting="0.00" lane="left_0" pos="6.99" speed="23.69" angle="171.86" x="-3.27" y="48.65"/>
        <vehicle id="cfm-fast_3" eclass="HBEFA3/PC_G_EU4" CO2="46814.57" CO="905.20" HC="5.29" NOx="21.37" PMx="1.19" fuel="20.12" electricity="0.00" noise="93.75" route="routetop" type="cfm-fast" waiting="0.00" lane="left_0" pos="25.78" speed="27.64" angle="138.13" x="16.35" y="13.98"/>
        <vehicle id="cfm-fast_4" eclass="HBEFA3/PC_G_EU4" CO2="110887.02" CO="2236.60" HC="12.95" NOx="51.56" PMx="2.87" fuel="47.66" electricity="0.00" noise="129.15" route="routeleft" type="cfm-fast" waiting="0.00" lane="left_1" pos="41.97" speed="29.60" angle="108.93" x="47.34" y="0.44"/>
        <vehicle id="cfm-fast_5" eclass="HBEFA3/PC_G_EU4" CO2="14568.02" CO="224.74" HC="1.38" NOx="6.26" PMx="0.33" fuel="6.26" electricity="0.00" noise="74.94" route="routebottom" type="cfm-fast" waiting="0.00" lane="bottom_0" pos="5.58" speed="22.71" angle="84.42" x="75.71" y="-3.88"/>
        <vehicle id="cfm-slow_0" eclass="HBEFA3/PC_G_EU4" CO2="15572.78" CO="248.93" HC="1.52" NOx="6.85" PMx="0.36" fuel="6.69" electricity="0.00" noise="76.00" route="routebottom" type="cfm-slow" waiting="0.00" lane="bottom_0" pos="26.09" speed="17.86" angle="47.54" x="113.80" y="16.84"/>
        <vehicle id="cfm-slow_1" eclass="HBEFA3/PC_G_EU4" CO2="15770.39" CO="252.96" HC="1.54" NOx="6.94" PMx="0.36" fuel="6.78" electricity="0.00" noise="76.17" route="routebottom" type="cfm-slow" waiting="0.00" lane="bottom_0" pos="41.93" speed="17.88" angle="19.05" x="130.05" y="46.39"/>
        <vehicle id="cfm-slow_2" eclass="HBEFA3/PC_G_EU4" CO2="16410.29" CO="265.98" HC="1.61" NOx="7.24" PMx="0.38" fuel="7.05" electricity="0.00" noise="76.71" route="routebottom" type="cfm-slow" waiting="0.00" lane="right_0" pos="7.78" speed="17.94" angle="350.42" x="130.22" y="80.33"/>
        <vehicle id="cfm-slow_3" eclass="HBEFA3/PC_G_EU4" CO2="18030.49" CO="298.83" HC="1.80" NOx="8.00" PMx="0.42" fuel="7.75" electricity="0.00" noise="78.08" route="routebottom" type="cfm-slow" waiting="0.00" lane="right_0" pos="23.70" speed="18.13" angle="321.82" x="114.11" y="110.14"/>
        <vehicle id="cfm-slow_4" eclass="HBEFA3/PC_G_EU4" CO2="20999.68" CO="358.77" HC="2.15" NOx="9.39" PMx="0.50" fuel="9.03" electricity="0.00" noise="80.46" route="routeright" type="cfm-slow" waiting="0.00" lane="right_0" pos="39.82" speed="18.64" angle="292.93" x="85.29" y="128.78"/>
        <vehicle id="cfm-slow_5" eclass="HBEFA3/PC_G_EU4" CO2="24343.13" CO="425.88" HC="2.54" NOx="10.95" PMx="0.59" fuel="10.46" electricity="0.00" noise="82.75" route="routetop" type="cfm-slow" waiting="0.00" lane="top_0" pos="6.49" speed="19.68" angle="262.77" x="49.70" y="130.84"/>
    </timestep>
    <timestep time="2.21">
        <vehicle id="cfm-fast_0" eclass="HBEFA3/PC_G_EU4" CO2="26079.10" CO="460.72" HC="2.74" NOx="11.73" PMx="0.63" fuel="11.21" electricity="0.00" noise="83.34" route="routetop" type="cfm-fast" waiting="0.00" lane="top_0" pos="24.46" speed="21.17" angle="230.49" x="15.98" y="112.99"/>
        <vehicle id="cfm-fast_1" eclass="HBEFA3/PC_G_EU4" CO2="34042.91" CO="624.86" HC="3.69" NOx="15.47" PMx="0.84" fuel="14.63" electricity="0.00" noise="89.10" route="routetop" type="cfm-fast" waiting="0.00" lane="top_0" pos="40.50" speed="21.80" angle="201.61" x="-1.89" y="83.88"/>
        <vehicle id="cfm-fast_2" eclass="HBEFA3/PC_G_EU4" CO2="49260.80" CO="940.84" HC="5.51" NOx="22.61" PMx="1.24" fuel="21.17" electricity="0.00" noise="98.54" route="routetop" type="cfm-fast" waiting="0.00" lane="left_0" pos="7.23" speed="23.77" angle="171.40" x="-3.16" y="48.15"/>
        <vehicle id="cfm-fast_3" eclass="HBEFA3/PC_G_EU4" CO2="45952.93" CO="887.77" HC="5.19" NOx="20.96" PMx="1.17" fuel="19.75" electricity="0.00" noise="93.19" route="routetop" type="cfm-fast" waiting="0.00" lane="left_0" pos="26.06" speed="27.69" angle="137.62" x="16.79" y="13.57"/>
        <vehicle id="cfm-fast_4" eclass="HBEFA3/PC_G_EU4" CO2="111417.56" CO="2248.50" HC="13.01" NOx="51.81" PMx="2.88" fuel="47.89" electricity="0.00" noise="129.21" route="routeleft" type="cfm-fast" waiting="0.00" lane="left_1" pos="42.26" speed="29.74" angle="108.42" x="47.93" y="0.28"/>
        <vehicle id="cfm-fast_5" eclass="HBEFA3/PC_G_EU4" CO2="14270.03" CO="218.63" HC="1.35" NOx="6.12" PMx="0.33" fuel="6.13" electricity="0.00" noise="74.76" route="routebottom" type="cfm-fast" waiting="0.00" lane="bottom_0" pos="5.81" speed="22.73" angle="84.01" x="76.19" y="-3.79"/>
        <vehicle id="cfm-slow_0" eclass="HBEFA3/PC_G_EU4" CO2="15482.38" CO="247.00" HC="1.50" NOx="6.81" PMx="0.35" fuel="6.66" electricity="0.00" noise="75.91" route="routebottom" type="cfm-slow" waiting="0.00" lane="bottom_0" pos="26.27" speed="17.89" angle="47.21" x="114.06" y="17.13"/>
        <vehicle id="cfm-slow_1" eclass="HBEFA3/PC_G_EU4" CO2="15684.35" CO="251.11" HC="1.53" NOx="6.90" PMx="0.36" fuel="6.74" electricity="0.00" noise="76.09" route="routebottom" type="cfm-slow" waiting="0.00" lane="bottom_0" pos="42.11" speed="17.91" angle="18.72" x="130.15" y="46.76"/>
        <vehicle id="cfm-slow_2" eclass="HBEFA3/PC_G_EU4" CO2="16334.03" CO="264.33" HC="1.60" NOx="7.21" PMx="0.38" fuel="7.02" electricity="0.00" noise="76.64" route="routebottom" type="cfm-slow" waiting="0.00" lane="right_0" pos="7.96" speed="17.96" angle="350.09" x="130.12" y="80.70"/>
        <vehicle id="cfm-slow_3" eclass="HBEFA3/PC_G_EU4" CO2="17967.89" CO="297.46" HC="1.80" NOx="7.97" PMx="0.42" fuel="7.72" electricity="0.00" noise="78.01" route="routebottom" type="cfm-slow" waiting="0.00" lane="right_0" pos="23.88" speed="18.16" angle="321.49" x="113.84" y="110.43"/>
        <vehicle id="cfm-slow_4" eclass="HBEFA3/PC_G_EU4" CO2="20941.56" CO="357.50" HC="2.14" NOx="9.37" PMx="0.50" fuel="9.00" electricity="0.00" noise="80.39" route="routeright" type="cfm-slow" waiting="0.00" lane="right_0" pos="40.01" speed="18.68" angle="292.58" x="84.91" y="128.90"/>
        <vehicle id="cfm-slow_5" eclass="HBEFA3/PC_G_EU4" CO2="24268.78" CO="424.30" HC="2.53" NOx="10.91" PMx="0.58" fuel="10.43" electricity="0.00" noise="82.67" route="routetop" type="cfm-slow" waiting="0.00" lane="top_0" pos="6.69" speed="19.72" angle="262.40" x="49.29" y="130.74"/>
    </timestep>
    <timestep time="2.22">
        <vehicle id="cfm-fast_0" eclass="HBEFA3/PC_G_EU4" CO2="26019.54" CO="459.50" HC="2.74" NOx="11.70" PMx="0.63" fuel="11.18" electricity="0.00" noise="83.27" route="routetop" type="cfm-fast" waiting="0.00" lane="top_0" pos="24.68" speed="21.21" angle="230.11" x="15.65" y="112.66"/>
        <vehicle id="cfm-fast_1" eclass="HBEFA3/PC_G_EU4" CO2="34053.51" CO="625.10" HC="3.69" NOx="15.48" PMx="0.84" fuel="14.64" electricity="0.00" noise="89.07" route="routetop" type="cfm-fast" waiting="0.00" lane="top_0" pos="40.72" speed="21.85" angle="201.20" x="-2.03" y="83.43"/>
        <vehicle id="cfm-fast_2" eclass="HBEFA3/PC_G_EU4" CO2="49133.02" CO="938.37" HC="5.49" NOx="22.55" PMx="1.24" fuel="21.12" electricity="0.00" noise="98.37" route="routetop" type="cfm-fast" waiting="0.00" lane="left_0" pos="7.47" speed="23.84" angle="170.94" x="-3.04" y="47.65"/>
        <vehicle id="cfm-fast_3" eclass="HBEFA3/PC_G_EU4" CO2="45096.66" CO="870.44" HC="5.09" NOx="20.56" PMx="1.14" fuel="19.38" electricity="0.00" noise="92.64" route="routetop" type="cfm-fast" waiting="0.00" lane="left_0" pos="26.34" speed="27.75" angle="137.10" x="17.23" y="13.17"/>
        <vehicle id="cfm-fast_4" eclass="HBEFA3/PC_G_EU4" CO2="111948.39" CO="2260.41" HC="13.08" NOx="52.05" PMx="2.90" fuel="48.12" electricity="0.00" noise="129.28" route="routeleft" type="cfm-fast" waiting="0.00" lane="left_1" pos="42.56" speed="29.88" angle="107.91" x="48.52" y="0.14"/>
        <vehicle id="cfm-fast_5" eclass="HBEFA3/PC_G_EU4" CO2="13976.04" CO="212.60" HC="1.31" NOx="5.98" PMx="0.32" fuel="6.01" electricity="0.00" noise="74.59" route="routebottom" type="cfm-fast" waiting="0.00" lane="bottom_0" pos="6.04" speed="22.74" angle="83.59" x="76.67" y="-3.70"/>
        <vehicle id="cfm-slow_0" eclass="HBEFA3/PC_G_EU4" CO2="15392.54" CO="245.07" HC="1.49" NOx="6.76" PMx="0.35" fuel="6.62" electricity="0.00" noise="75.83" route="routebottom" type="cfm-slow" waiting="0.00" lane="bottom_0" pos="26.45" speed="17.92" angle="46.88" x="114.32" y="17.41"/>
        <vehicle id="cfm-slow_1" eclass="HBEFA3/PC_G_EU4" CO2="15598.92" CO="249.28" HC="1.52" NOx="6.86" PMx="0.36" fuel="6.71" electricity="0.00" noise="76.00" route="routebottom" type="cfm-slow" waiting="0.00" lane="bottom_0" pos="42.29" speed="17.93" angle="18.43" x="130.25" y="47.14"/>
        <vehicle id="cfm-slow_2" eclass="HBEFA3/PC_G_EU4" CO2="16258.41" CO="262.70" HC="1.60" NOx="7.17" PMx="0.37" fuel="6.99" electricity="0.00" noise="76.56" route="routebottom" type="cfm-slow" waiting="0.00" lane="right_0" pos="8.14" speed="17.99" angle="349.76" x="130.02" y="81.08"/>
        <vehicle id="cfm-slow_3" eclass="HBEFA3/PC_G_EU4" CO2="17905.84" CO="296.11" HC="1.79" NOx="7.94" PMx="0.42" fuel="7.70" electricity="0.00" noise="77.94" route="routebottom" type="cfm-slow" waiting="0.00" lane="right_0" pos="24.06" speed="18.19" angle="321.17" x="113.58" y="110.72"/>
        <vehicle id="cfm-slow_4" eclass="HBEFA3/PC_G_EU4" CO2="20883.75" CO="356.23" HC="2.14" NOx="9.34" PMx="0.49" fuel="8.98" electricity="0.00" noise="80.32" route="routeright" type="cfm-slow" waiting="0.00" lane="right_0" pos="40.19" speed="18.72" angle="292.22" x="84.52" y="129.02"/>
        <vehicle id="cfm-slow_5" eclass="HBEFA3/PC_G_EU4" CO2="24194.95" CO="422.73" HC="2.52" NOx="10.87" PMx="0.58" fuel="10.40" electricity="0.00" noise="82.58" route="routetop" type="cfm-slow" waiting="0.00" lane="top_0" pos="6.89" speed="19.76" angle="262.03" x="48.87" y="130.65"/>
    </timestep>
    <timestep time="2.23">
        <vehicle id="cfm-fast_0" eclass="HBEFA3/PC_G_EU4" CO2="25961.34" CO="458.30" HC="2.73" NOx="11.67" PMx="0.63" fuel="11.16" electricity="0.00" noise="83.20" route="routetop" type="cfm-fast" waiting="0.00" lane="top_0" pos="24.89" speed="21.25" angle="229.72" x="15.33" y="112.34"/>
        <vehicle id="cfm-fast_1" eclass="HBEFA3/PC_G_EU4" CO2="34063.57" CO="625.34" HC="3.69" NOx="15.48" PMx="0.84" fuel="14.64" electricity="0.00" noise="89.04" route="routetop" type="cfm-fast" waiting="0.00" lane="top_0" pos="40.94" speed="21.91" angle="200.80" x="-2.17" y="82.98"/>
        <vehicle id="cfm-fast_2" eclass="HBEFA3/PC_G_EU4" CO2="48999.32" CO="935.79" HC="5.48" NOx="22.48" PMx="1.24" fuel="21.06" electricity="0.00" noise="98.21" route="routetop" type="cfm-fast" waiting="0.00" lane="left_0" pos="7.71" speed="23.91" angle="170.56" x="-2.93" y="47.15"/>
        <vehicle id="cfm-fast_3" eclass="HBEFA3/PC_G_EU4" CO2="44245.87" CO="853.23" HC="4.99" NOx="20.15" PMx="1.12" fuel="19.02" electricity="0.00" noise="92.10" route="routetop" type="cfm-fast" waiting="0.00" lane="left_0" pos="26.61" speed="27.80" angle="136.59" x="17.67" y="12.76"/>
        <vehicle id="cfm-fast_4" eclass="HBEFA3/PC_G_EU4" CO2="112479.52" CO="2272.35" HC="13.15" NOx="52.30" PMx="2.91" fuel="48.35" electricity="0.00" noise="129.35" route="routeleft" type="cfm-fast" waiting="0.00" lane="left_1" pos="42.86" speed="30.01" angle="107.38" x="49.12" y="0.00"/>
        <vehicle id="cfm-fast_5" eclass="HBEFA3/PC_G_EU4" CO2="13686.04" CO="206.65" HC="1.28" NOx="5.85" PMx="0.31" fuel="5.88" electricity="0.00" noise="74.43" route="routebottom" type="cfm-fast" waiting="0.00" lane="bottom_0" pos="6.26" speed="22.76" angle="83.19" x="77.15" y="-3.61"/>
        <vehicle id="cfm-slow_0" eclass="HBEFA3/PC_G_EU4" CO2="15303.24" CO="243.16" HC="1.48" NOx="6.72" PMx="0.35" fuel="6.58" electricity="0.00" noise="75.74" route="routebottom" type="cfm-slow" waiting="0.00" lane="bottom_0" pos="26.63" speed="17.94" angle="46.55" x="114.59" y="17.69"/>
        <vehicle id="cfm-slow_1" eclass="HBEFA3/PC_G_EU4" CO2="15514.08" CO="247.46" HC="1.51" NOx="6.82" PMx="0.35" fuel="6.67" electricity="0.00" noise="75.92" route="routebottom" type="cfm-slow" waiting="0.00" lane="bottom_0" pos="42.46" speed="17.96" angle="18.13" x="130.34" y="47.51"/>
        <vehicle id="cfm-slow_2" eclass="HBEFA3/PC_G_EU4" CO2="16183.42" CO="261.08" HC="1.59" NOx="7.14" PMx="0.37" fuel="6.96" electricity="0.00" noise="76.49" route="routebottom" type="cfm-slow" waiting="0.00" lane="right_0" pos="8.32" speed="18.02" angle="349.43" x="129.92" y="81.45"/>
        <vehicle id="cfm-slow_3" eclass="HBEFA3/PC_G_EU4" CO2="17844.32" CO="294.76" HC="1.78" NOx="7.91" PMx="0.41" fuel="7.67" electricity="0.00" noise="77.87" route="routebottom" type="cfm-slow" waiting="0.00" lane="right_0" pos="24.24" speed="18.22" angle="320.84" x="113.31" y="111.00"/>
        <vehicle id="cfm-slow_4" eclass="HBEFA3/PC_G_EU4" CO2="20826.26" CO="354.97" HC="2.13" NOx="9.31" PMx="0.49" fuel="8.95" electricity="0.00" noise="80.25" route="routeright" type="cfm-slow" waiting="0.00" lane="right_0" pos="40.38" speed="18.75" angle="291.86" x="84.14" y="129.14"/>
        <vehicle id="cfm-slow_5" eclass="HBEFA3/PC_G_EU4" CO2="24121.67" CO="421.18" HC="2.51" NOx="10.84" PMx="0.58" fuel="10.37" electricity="0.00" noise="82.50" route="routetop" type="cfm-slow" waiting="0.00" lane="top_0" pos="7.08" speed="19.80" angle="261.65" x="48.46" y="130.55"/>
    </timestep>
    <timestep time="2.24">
        <vehicle id="cfm-fast_0" eclass="HBEFA3/PC_G_EU4" CO2="25904.46" CO="457.13" HC="2.72" NOx="11.65" PMx="0.63" fuel="11.14" electricity="0.00" noise="83.14" route="routetop" type="cfm-fast" waiting="0.00" lane="top_0" pos="25.10" speed="21.29" angle="229.32" x="15.01" y="112.02"/>
        <vehicle id="cfm-fast_1" eclass="HBEFA3/PC_G_EU4" CO2="34073.04" CO="625.57" HC="3.69" NOx="15.48" PMx="0.84" fuel="14.65" electricity="0.00" noise="89.00" route="routetop" type="cfm-fast" waiting="0.00" lane="top_0" pos="41.16" speed="21.96" angle="200.45" x="-2.30" y="82.53"/>
        <vehicle id="cfm-fast_2" eclass="HBEFA3/PC_G_EU4" CO2="48859.79" CO="933.08" HC="5.46" NOx="22.42" PMx="1.23" fuel="21.00" electricity="0.00" noise="98.03" route="routetop" type="cfm-fast" waiting="0.00" lane="left_0" pos="7.95" speed="23.98" angle="170.12" x="-2.79" y="46.65"/>
        <vehicle id="cfm-fast_3" eclass="HBEFA3/PC_G_EU4" CO2="43400.70" CO="836.12" HC="4.89" NOx="19.75" PMx="1.10" fuel="18.66" electricity="0.00" noise="91.56" route="routetop" type="cfm-fast" waiting="0.00" lane="left_0" pos="26.89" speed="27.86" angle="136.12" x="18.11" y="12.36"/>
        <vehicle id="cfm-fast_4" eclass="HBEFA3/PC_G_EU4" CO2="113010.93" CO="2284.31" HC="13.22" NOx="52.55" PMx="2.93" fuel="48.58" electricity="0.00" noise="129.41" route="routeleft" type="cfm-fast" waiting="0.00" lane="left_1" pos="43.16" speed="30.15" angle="106.83" x="49.72" y="-0.13"/>
        <vehicle id="cfm-fast_5" eclass="HBEFA3/PC_G_EU4" CO2="13400.00" CO="200.78" HC="1.25" NOx="5.71" PMx="0.30" fuel="5.76" electricity="0.00" noise="74.27" route="routebottom" type="cfm-fast" waiting="0.00" lane="bottom_0" pos="6.49" speed="22.78" angle="82.81" x="77.63" y="-3.51"/>
        <vehicle id="cfm-slow_0" eclass="HBEFA3/PC_G_EU4" CO2="15214.49" CO="241.26" HC="1.47" NOx="6.68" PMx="0.35" fuel="6.54" electricity="0.00" noise="75.66" route="routebottom" type="cfm-slow" waiting="0.00" lane="bottom_0" pos="26.81" speed="17.97" angle="46.24" x="114.85" y="17.98"/>
        <vehicle id="cfm-slow_1" eclass="HBEFA3/PC_G_EU4" CO2="15429.86" CO="245.66" HC="1.50" NOx="6.78" PMx="0.35" fuel="6.63" electricity="0.00" noise="75.84" route="routebottom" type="cfm-slow" waiting="0.00" lane="bottom_0" pos="42.64" speed="17.99" angle="17.80" x="130.43" y="47.89"/>
        <vehicle id="cfm-slow_2" eclass="HBEFA3/PC_G_EU4" CO2="16109.08" CO="259.48" HC="1.58" NOx="7.10" PMx="0.37" fuel="6.92" electricity="0.00" noise="76.42" route="routebottom" type="cfm-slow" waiting="0.00" lane="right_0" pos="8.50" speed="18.05" angle="349.10" x="129.81" y="81.83"/>
        <vehicle id="cfm-slow_3" eclass="HBEFA3/PC_G_EU4" CO2="17783.34" CO="293.43" HC="1.77" NOx="7.88" PMx="0.41" fuel="7.64" electricity="0.00" noise="77.81" route="routebottom" type="cfm-slow" waiting="0.00" lane="right_0" pos="24.42" speed="18.25" angle="320.56" x="113.04" y="111.29"/>
        <vehicle id="cfm-slow_4" eclass="HBEFA3/PC_G_EU4" CO2="20769.10" CO="353.73" HC="2.12" NOx="9.28" PMx="0.49" fuel="8.93" electricity="0.00" noise="80.18" route="routeright" type="cfm-slow" waiting="0.00" lane="right_0" pos="40.57" speed="18.79" angle="291.50" x="83.75" y="129.26"/>
        <vehicle id="cfm-slow_5" eclass="HBEFA3/PC_G_EU4" CO2="24048.93" CO="419.64" HC="2.50" NOx="10.80" PMx="0.58" fuel="10.34" electricity="0.00" noise="82.41" route="routetop" type="cfm-slow" waiting="0.00" lane="top_0" pos="7.28" speed="19.85" angle="261.28" x="48.04" y="130.46"/>
    </timestep>
    <timestep time="2.25">
        <vehicle id="cfm-fast_0" eclass="HBEFA3/PC_G_EU4" CO2="25848.91" CO="455.99" HC="2.72" NOx="11.62" PMx="0.63" fuel="11.11" electricity="0.00" noise="83.08" route="routetop" type="cfm-fast" waiting="0.00" lane="top_0" pos="25.31" speed="21.33" angle="228.93" x="14.68" y="111.69"/>
        <vehicle id="cfm-fast_1" eclass="HBEFA3/PC_G_EU4" CO2="34081.89" CO="625.79" HC="3.69" NOx="15.49" PMx="0.84" fuel="14.65" electricity="0.00" noise="88.97" route="routetop" type="cfm-fast" waiting="0.00" lane="top_0" pos="41.38" speed="22.01" angle="200.04" x="-2.42" y="82.07"/>
        <vehicle id="cfm-fast_2" eclass="HBEFA3/PC_G_EU4" CO2="48714.50" CO="930.26" HC="5.45" NOx="22.34" PMx="1.23" fuel="20.94" electricity="0.00" noise="97.86" route="routetop" type="cfm-fast" waiting="0.00" lane="left_0" pos="8.19" speed="24.05" angle="169.68" x="-2.66" y="46.15"/>
        <vehicle id="cfm-fast_3" eclass="HBEFA3/PC_G_EU4" CO2="42561.25" CO="819.13" HC="4.79" NOx="19.36" PMx="1.08" fuel="18.29" electricity="0.00" noise="91.03" route="routetop" type="cfm-fast" waiting="0.00" lane="left_0" pos="27.17" speed="27.91" angle="135.61" x="18.57" y="11.96"/>
        <vehicle id="cfm-fast_4" eclass="HBEFA3/PC_G_EU4" CO2="113542.64" CO="2296.29" HC="13.28" NOx="52.80" PMx="2.94" fuel="48.81" electricity="0.00" noise="129.48" route="routeleft" type="cfm-fast" waiting="0.00" lane="left_1" pos="43.47" speed="30.28" angle="106.29" x="50.33" y="-0.27"/>
        <vehicle id="cfm-fast_5" eclass="HBEFA3/PC_G_EU4" CO2="13117.89" CO="194.99" HC="1.21" NOx="5.58" PMx="0.30" fuel="5.64" electricity="0.00" noise="74.12" route="routebottom" type="cfm-fast" waiting="0.00" lane="bottom_0" pos="6.72" speed="22.79" angle="82.37" x="78.11" y="-3.40"/>
        <vehicle id="cfm-slow_0" eclass="HBEFA3/PC_G_EU4" CO2="15126.30" CO="239.38" HC="1.46" NOx="6.64" PMx="0.34" fuel="6.50" electricity="0.00" noise="75.58" route="routebottom" type="cfm-slow" waiting="0.00" lane="bottom_0" pos="26.99" speed="18.00" angle="45.96" x="115.11" y="18.26"/>
        <vehicle id="cfm-slow_1" eclass="HBEFA3/PC_G_EU4" CO2="15346.24" CO="243.87" HC="1.49" NOx="6.74" PMx="0.35" fuel="6.60" electricity="0.00" noise="75.76" route="routebottom" type="cfm-slow" waiting="0.00" lane="bottom_0" pos="42.82" speed="18.01" angle="17.48" x="130.51" y="48.27"/>
        <vehicle id="cfm-slow_2" eclass="HBEFA3/PC_G_EU4" CO2="16035.37" CO="257.89" HC="1.57" NOx="7.06" PMx="0.37" fuel="6.89" electricity="0.00" noise="76.34" route="routebottom" type="cfm-slow" waiting="0.00" lane="right_0" pos="8.68" speed="18.08" angle="348.77" x="129.71" y="82.20"/>
        <vehicle id="cfm-slow_3" eclass="HBEFA3/PC_G_EU4" CO2="17722.91" CO="292.11" HC="1.77" NOx="7.86" PMx="0.41" fuel="7.62" electricity="0.00" noise="77.74" route="routebottom" type="cfm-slow" waiting="0.00" lane="right_0" pos="24.61" speed="18.29" angle="320.22" x="112.76" y="111.57"/>
        <vehicle id="cfm-slow_4" eclass="HBEFA3/PC_G_EU4" CO2="20712.26" CO="352.48" HC="2.12" NOx="9.25" PMx="0.49" fuel="8.90" electricity="0.00" noise="80.11" route="routeright" type="cfm-slow" waiting="0.00" lane="right_0" pos="40.76" speed="18.83" angle="291.15" x="83.36" y="129.38"/>
        <vehicle id="cfm-slow_5" eclass="HBEFA3/PC_G_EU4" CO2="23976.76" CO="418.11" HC="2.50" NOx="10.77" PMx="0.58" fuel="10.31" electricity="0.00" noise="82.33" route="routetop" type="cfm-slow" waiting="0.00" lane="top_0" pos="7.48" speed="19.89" angle="260.91" x="47.62" y="130.37"/>
    </timestep>
    <timestep time="2.26">
        <vehicle id="cfm-fast_0" eclass="HBEFA3/PC_G_EU4" CO2="25794.65" CO="454.88" HC="2.71" NOx="11.59" PMx="0.62" fuel="11.09" electricity="0.00" noise="83.02" route="routetop" type="cfm-fast" waiting="0.00" lane="top_0" pos="25.53" speed="21.37" angle="228.55" x="14.36" y="111.37"/>
        <vehicle id="cfm-fast_1" eclass="HBEFA3/PC_G_EU4" CO2="34090.06" CO="626.00" HC="3.70" NOx="15.49" PMx="0.84" fuel="14.65" electricity="0.00" noise="88.94" route="routetop" type="cfm-fast" waiting="0.00" lane="top_0" pos="41.60" speed="22.07" angle="199.63" x="-2.54" y="81.61"/>
        <vehicle id="cfm-fast_2" eclass="HBEFA3/PC_G_EU4" CO2="48563.53" CO="927.33" HC="5.43" NOx="22.27" PMx="1.22" fuel="20.87" electricity="0.00" noise="97.68" route="routetop" type="cfm-fast" waiting="0.00" lane="left_0" pos="8.43" speed="24.12" angle="169.23" x="-2.53" y="45.65"/>
        <vehicle id="cfm-fast_3" eclass="HBEFA3/PC_G_EU4" CO2="41727.64" CO="802.25" HC="4.69" NOx="18.96" PMx="1.06" fuel="17.94" electricity="0.00" noise="90.51" route="routetop" type="cfm-fast" waiting="0.00" lane="left_0" pos="27.45" speed="27.96" angle="135.09" x="19.03" y="11.58"/>
        <vehicle id="cfm-fast_4" eclass="HBEFA3/PC_G_EU4" CO2="114074.64" CO="2308.29" HC="13.35" NOx="53.05" PMx="2.96" fuel="49.03" electricity="0.00" noise="129.54" route="routeleft" type="cfm-fast" waiting="0.00" lane="left_1" pos="43.77" speed="30.42" angle="105.78" x="50.94" y="-0.39"/>
        <vehicle id="cfm-fast_5" eclass="HBEFA3/PC_G_EU4" CO2="12839.69" CO="189.29" HC="1.18" NOx="5.45" PMx="0.29" fuel="5.52" electricity="0.00" noise="73.96" route="routebottom" type="cfm-fast" waiting="0.00" lane="bottom_0" pos="6.95" speed="22.81" angle="81.94" x="78.59" y="-3.29"/>
        <vehicle id="cfm-slow_0" eclass="HBEFA3/PC_G_EU4" CO2="15038.66" CO="237.51" HC="1.45" NOx="6.60" PMx="0.34" fuel="6.46" electricity="0.00" noise="75.50" route="routebottom" type="cfm-slow" waiting="0.00" lane="bottom_0" pos="27.17" speed="18.02" angle="45.63" x="115.36" y="18.56"/>
        <vehicle id="cfm-slow_1" eclass="HBEFA3/PC_G_EU4" CO2="15263.22" CO="242.09" HC="1.48" NOx="6.70" PMx="0.35" fuel="6.56" electricity="0.00" noise="75.69" route="routebottom" type="cfm-slow" waiting="0.00" lane="bottom_0" pos="43.01" speed="18.04" angle="17.15" x="130.60" y="48.65"/>
        <vehicle id="cfm-slow_2" eclass="HBEFA3/PC_G_EU4" CO2="15962.30" CO="256.31" HC="1.56" NOx="7.03" PMx="0.37" fuel="6.86" electricity="0.00" noise="76.27" route="routebottom" type="cfm-slow" waiting="0.00" lane="right_0" pos="8.86" speed="18.11" angle="348.46" x="129.61" y="82.58"/>
        <vehicle id="cfm-slow_3" eclass="HBEFA3/PC_G_EU4" CO2="17663.00" CO="290.81" HC="1.76" NOx="7.83" PMx="0.41" fuel="7.59" electricity="0.00" noise="77.68" route="routebottom" type="cfm-slow" waiting="0.00" lane="right_0" pos="24.79" speed="18.32" angle="319.88" x="112.49" y="111.84"/>
        <vehicle id="cfm-slow_4" eclass="HBEFA3/PC_G_EU4" CO2="20655.75" CO="351.25" HC="2.11" NOx="9.23" PMx="0.49" fuel="8.88" electricity="0.00" noise="80.05" route="routeright" type="cfm-slow" waiting="0.00" lane="right_0" pos="40.95" speed="18.86" angle="290.80" x="82.98" y="129.50"/>
        <vehicle id="cfm-slow_5" eclass="HBEFA3/PC_G_EU4" CO2="23905.16" CO="416.59" HC="2.49" NOx="10.73" PMx="0.57" fuel="10.28" electricity="0.00" noise="82.25" route="routetop" type="cfm-slow" waiting="0.00" lane="top_0" pos="7.68" speed="19.93" angle="260.60" x="47.20" y="130.27"/>
    </timestep>
    <timestep time="2.27">
        <vehicle id="cfm-fast_0" eclass="HBEFA3/PC_G_EU4" CO2="25741.69" CO="453.80" HC="2.70" NOx="11.57" PMx="0.62" fuel="11.07" electricity="0.00" noise="82.96" route="routetop" type="cfm-fast" waiting="0.00" lane="top_0" pos="25.74" speed="21.41" angle="228.21" x="14.04" y="111.03"/>
        <vehicle id="cfm-fast_1" eclass="HBEFA3/PC_G_EU4" CO2="34097.53" CO="626.20" HC="3.70" NOx="15.49" PMx="0.84" fuel="14.66" electricity="0.00" noise="88.90" route="routetop" type="cfm-fast" waiting="0.00" lane="top_0" pos="41.82" speed="22.12" angle="199.22" x="-2.67" y="81.15"/>
        <vehicle id="cfm-fast_2" eclass="HBEFA3/PC_G_EU4" CO2="48406.95" CO="924.28" HC="5.41" NOx="22.20" PMx="1.22" fuel="20.81" electricity="0.00" noise="97.51" route="routetop" type="cfm-fast" waiting="0.00" lane="left_0" pos="8.67" speed="24.19" angle="168.79" x="-2.39" y="45.15"/>
        <vehicle id="cfm-fast_3" eclass="HBEFA3/PC_G_EU4" CO2="40899.96" CO="785.49" HC="4.60" NOx="18.57" PMx="1.04" fuel="17.58" electricity="0.00" noise="89.99" route="routetop" type="cfm-fast" waiting="0.00" lane="left_0" pos="27.73" speed="28.01" angle="134.57" x="19.48" y="11.19"/>
        <vehicle id="cfm-fast_4" eclass="HBEFA3/PC_G_EU4" CO2="114606.93" CO="2320.31" HC="13.42" NOx="53.29" PMx="2.97" fuel="49.26" electricity="0.00" noise="129.61" route="routeleft" type="cfm-fast" waiting="0.00" lane="left_1" pos="44.08" speed="30.56" angle="105.21" x="51.56" y="-0.51"/>
        <vehicle id="cfm-fast_5" eclass="HBEFA3/PC_G_EU4" CO2="12565.37" CO="183.66" HC="1.15" NOx="5.32" PMx="0.28" fuel="5.40" electricity="0.00" noise="73.82" route="routebottom" type="cfm-fast" waiting="0.00" lane="bottom_0" pos="7.18" speed="22.82" angle="81.50" x="79.06" y="-3.18"/>
        <vehicle id="cfm-slow_0" eclass="HBEFA3/PC_G_EU4" CO2="14951.58" CO="235.65" HC="1.44" NOx="6.55" PMx="0.34" fuel="6.43" electricity="0.00" noise="75.42" route="routebottom" type="cfm-slow" waiting="0.00" lane="bottom_0" pos="27.35" speed="18.05" angle="45.29" x="115.61" y="18.86"/>
        <vehicle id="cfm-slow_1" eclass="HBEFA3/PC_G_EU4" CO2="15180.82" CO="240.32" HC="1.47" NOx="6.66" PMx="0.35" fuel="6.53" electricity="0.00" noise="75.61" route="routebottom" type="cfm-slow" waiting="0.00" lane="bottom_0" pos="43.19" speed="18.07" angle="16.82" x="130.68" y="49.02"/>
        <vehicle id="cfm-slow_2" eclass="HBEFA3/PC_G_EU4" CO2="15889.87" CO="254.75" HC="1.55" NOx="6.99" PMx="0.36" fuel="6.83" electricity="0.00" noise="76.20" route="routebottom" type="cfm-slow" waiting="0.00" lane="right_0" pos="9.04" speed="18.13" angle="348.17" x="129.50" y="82.95"/>
        <vehicle id="cfm-slow_3" eclass="HBEFA3/PC_G_EU4" CO2="17603.63" CO="289.51" HC="1.75" NOx="7.80" PMx="0.41" fuel="7.57" electricity="0.00" noise="77.62" route="routebottom" type="cfm-slow" waiting="0.00" lane="right_0" pos="24.97" speed="18.35" angle="319.54" x="112.21" y="112.12"/>
        <vehicle id="cfm-slow_4" eclass="HBEFA3/PC_G_EU4" CO2="20599.57" CO="350.03" HC="2.10" NOx="9.20" PMx="0.49" fuel="8.85" electricity="0.00" noise="79.98" route="routeright" type="cfm-slow" waiting="0.00" lane="right_0" pos="41.13" speed="18.90" angle="290.51" x="82.59" y="129.61"/>
        <vehicle id="cfm-slow_5" eclass="HBEFA3/PC_G_EU4" CO2="23834.14" CO="415.09" HC="2.48" NOx="10.70" PMx="0.57" fuel="10.25" electricity="0.00" noise="82.17" route="routetop" type="cfm-slow" waiting="0.00" lane="top_0" pos="7.88" speed="19.97" angle="260.24" x="46.79" y="130.16"/>
    </timestep>
    <timestep time="2.28">
        <vehicle id="cfm-fast_0" eclass="HBEFA3/PC_G_EU4" CO2="25689.99" CO="452.75" HC="2.70" NOx="11.54" PMx="0.62" fuel="11.04" electricity="0.00" noise="82.90" route="routetop" type="cfm-fast" waiting="0.00" lane="top_0" pos="25.96" speed="21.45" angle="227.81" x="13.72" y="110.69"/>
        <vehicle id="cfm-fast_1" eclass="HBEFA3/PC_G_EU4" CO2="34104.24" CO="626.38" HC="3.70" NOx="15.49" PMx="0.84" fuel="14.66" electricity="0.00" noise="88.87" route="routetop" type="cfm-fast" waiting="0.00" lane="top_0" pos="42.05" speed="22.17" angle="198.81" x="-2.79" y="80.69"/>
        <vehicle id="cfm-fast_2" eclass="HBEFA3/PC_G_EU4" CO2="48244.85" CO="921.12" HC="5.39" NOx="22.12" PMx="1.22" fuel="20.74" electricity="0.00" noise="97.33" route="routetop" type="cfm-fast" waiting="0.00" lane="left_0" pos="8.91" speed="24.26" angle="168.39" x="-2.26" y="44.64"/>
        <vehicle id="cfm-fast_3" eclass="HBEFA3/PC_G_EU4" CO2="40078.32" CO="768.85" HC="4.50" NOx="18.18" PMx="1.01" fuel="17.23" electricity="0.00" noise="89.48" route="routetop" type="cfm-fast" waiting="0.00" lane="left_0" pos="28.01" speed="28.05" angle="134.04" x="19.94" y="10.79"/>
        <vehicle id="cfm-fast_4" eclass="HBEFA3/PC_G_EU4" CO2="115139.52" CO="2332.36" HC="13.49" NOx="53.54" PMx="2.98" fuel="49.49" electricity="0.00" noise="129.67" route="routeleft" type="cfm-fast" waiting="0.00" lane="left_1" pos="44.38" speed="30.69" angle="104.64" x="52.18" y="-0.62"/>
        <vehicle id="cfm-fast_5" eclass="HBEFA3/PC_G_EU4" CO2="12294.91" CO="178.11" HC="1.11" NOx="5.19" PMx="0.27" fuel="5.28" electricity="0.00" noise="73.68" route="routebottom" type="cfm-fast" waiting="0.00" lane="bottom_0" pos="7.40" speed="22.84" angle="81.06" x="79.54" y="-3.08"/>
        <vehicle id="cfm-slow_0" eclass="HBEFA3/PC_G_EU4" CO2="14865.06" CO="233.80" HC="1.43" NOx="6.51" PMx="0.34" fuel="6.39" electricity="0.00" noise="75.34" route="routebottom" type="cfm-slow" waiting="0.00" lane="bottom_0" pos="27.53" speed="18.07" angle="44.95" x="115.86" y="19.15"/>
        <vehicle id="cfm-slow_1" eclass="HBEFA3/PC_G_EU4" CO2="15099.02" CO="238.57" HC="1.46" NOx="6.62" PMx="0.34" fuel="6.49" electricity="0.00" noise="75.54" route="routebottom" type="cfm-slow" waiting="0.00" lane="bottom_0" pos="43.37" speed="18.09" angle="16.49" x="130.77" y="49.40"/>
        <vehicle id="cfm-slow_2" eclass="HBEFA3/PC_G_EU4" CO2="15818.08" CO="253.20" HC="1.54" NOx="6.96" PMx="0.36" fuel="6.80" electricity="0.00" noise="76.13" route="routebottom" type="cfm-slow" waiting="0.00" lane="right_0" pos="9.22" speed="18.16" angle="347.84" x="129.39" y="83.33"/>
        <vehicle id="cfm-slow_3" eclass="HBEFA3/PC_G_EU4" CO2="17544.80" CO="288.23" HC="1.74" NOx="7.77" PMx="0.41" fuel="7.54" electricity="0.00" noise="77.56" route="routebottom" type="cfm-slow" waiting="0.00" lane="right_0" pos="25.16" speed="18.38" angle="319.19" x="111.93" y="112.40"/>
        <vehicle id="cfm-slow_4" eclass="HBEFA3/PC_G_EU4" CO2="20543.73" CO="348.81" HC="2.09" NOx="9.17" PMx="0.49" fuel="8.83" electricity="0.00" noise="79.92" route="routeright" type="cfm-slow" waiting="0.00" lane="right_0" pos="41.32" speed="18.93" angle="290.16" x="82.19" y="129.72"/>
        <vehicle id="cfm-slow_5" eclass="HBEFA3/PC_G_EU4" CO2="23763.71" CO="413.60" HC="2.47" NOx="10.67" PMx="0.57" fuel="10.21" electricity="0.00" noise="82.09" route="routetop" type="cfm-slow" waiting="0.00" lane="top_0" pos="8.08" speed="20.00" angle="259.87" x="46.37" y="130.05"/>
    </timestep>
    <timestep time="2.29">
        <vehicle id="cfm-fast_0" eclass="HBEFA3/PC_G_EU4" CO2="25639.54" CO="451.72" HC="2.69" NOx="11.52" PMx="0.62" fuel="11.02" electricity="0.00" noise="82.84" route="routetop" type="cfm-fast" waiting="0.00" lane="top_0" pos="26.17" speed="21.49" angle="227.41" x="13.41" y="110.35"/>
        <vehicle id="cfm-fast_1" eclass="HBEFA3/PC_G_EU4" CO2="34110.17" CO="626.55" HC="3.70" NOx="15.50" PMx="0.84" fuel="14.66" electricity="0.00" noise="88.84" route="routetop" type="cfm-fast" waiting="0.00" lane="top_0" pos="42.27" speed="22.22" angle="198.43" x="-2.91" y="80.23"/>
        <vehicle id="cfm-fast_2" eclass="HBEFA3/PC_G_EU4" CO2="48077.31" CO="917.85" HC="5.37" NOx="22.04" PMx="1.21" fuel="20.67" electricity="0.00" noise="97.14" route="routetop" type="cfm-fast" waiting="0.00" lane="left_0" pos="9.16" speed="24.33" angle="167.95" x="-2.10" y="44.14"/>
        <vehicle id="cfm-fast_3" eclass="HBEFA3/PC_G_EU4" CO2="39262.80" CO="752.33" HC="4.41" NOx="17.79" PMx="0.99" fuel="16.88" electricity="0.00" noise="88.98" route="routetop" type="cfm-fast" waiting="0.00" lane="left_0" pos="28.29" speed="28.10" angle="133.59" x="20.41" y="10.41"/>
        <vehicle id="cfm-fast_4" eclass="HBEFA3/PC_G_EU4" CO2="115672.39" CO="2344.42" HC="13.56" NOx="53.79" PMx="3.00" fuel="49.72" electricity="0.00" noise="129.74" route="routeleft" type="cfm-fast" waiting="0.00" lane="left_1" pos="44.69" speed="30.83" angle="104.07" x="52.80" y="-0.74"/>
        <vehicle id="cfm-fast_5" eclass="HBEFA3/PC_G_EU4" CO2="12028.28" CO="172.64" HC="1.08" NOx="5.06" PMx="0.27" fuel="5.17" electricity="0.00" noise="73.54" route="routebottom" type="cfm-fast" waiting="0.00" lane="bottom_0" pos="7.63" speed="22.85" angle="80.68" x="80.02" y="-2.97"/>
        <vehicle id="cfm-slow_0" eclass="HBEFA3/PC_G_EU4" CO2="14779.10" CO="231.97" HC="1.42" NOx="6.47" PMx="0.33" fuel="6.35" electricity="0.00" noise="75.26" route="routebottom" type="cfm-slow" waiting="0.00" lane="bottom_0" pos="27.71" speed="18.10" angle="44.61" x="116.11" y="19.45"/>
        <vehicle id="cfm-slow_1" eclass="HBEFA3/PC_G_EU4" CO2="15017.84" CO="236.83" HC="1.45" NOx="6.58" PMx="0.34" fuel="6.46" electricity="0.00" noise="75.46" route="routebottom" type="cfm-slow" waiting="0.00" lane="bottom_0" pos="43.55" speed="18.12" angle="16.19" x="130.85" y="49.78"/>
        <vehicle id="cfm-slow_2" eclass="HBEFA3/PC_G_EU4" CO2="15746.93" CO="251.67" HC="1.53" NOx="6.93" PMx="0.36" fuel="6.77" electricity="0.00" noise="76.07" route="routebottom" type="cfm-slow" waiting="0.00" lane="right_0" pos="9.41" speed="18.19" angle="347.51" x="129.27" y="83.70"/>
        <vehicle id="cfm-slow_3" eclass="HBEFA3/PC_G_EU4" CO2="17486.50" CO="286.96" HC="1.74" NOx="7.74" PMx="0.41" fuel="7.52" electricity="0.00" noise="77.50" route="routebottom" type="cfm-slow" waiting="0.00" lane="right_0" pos="25.34" speed="18.41" angle="318.85" x="111.65" y="112.68"/>
        <vehicle id="cfm-slow_4" eclass="HBEFA3/PC_G_EU4" CO2="20488.23" CO="347.60" HC="2.09" NOx="9.14" PMx="0.48" fuel="8.81" electricity="0.00" noise="79.85" route="routeright" type="cfm-slow" waiting="0.00" lane="right_0" pos="41.51" speed="18.97" angle="289.82" x="81.80" y="129.82"/>
        <vehicle id="cfm-slow_5" eclass="HBEFA3/PC_G_EU4" CO2="23693.88" CO="412.13" HC="2.46" NOx="10.63" PMx="0.57" fuel="10.18" electricity="0.00" noise="82.02" route="routetop" type="cfm-slow" waiting="0.00" lane="top_0" pos="8.28" speed="20.04" angle="259.50" x="45.96" y="129.94"/>
    </timestep>
    <timestep time="2.30">
        <vehicle id="cfm-fast_0" eclass="HBEFA3/PC_G_EU4" CO2="25590.33" CO="450.72" HC="2.69" NOx="11.49" PMx="0.62" fuel="11.00" electricity="0.00" noise="82.78" route="routetop" type="cfm-fast" waiting="0.00" lane="top_0" pos="26.39" speed="21.53" angle="227.01" x="13.10" y="110.01"/>
        <vehicle id="cfm-fast_1" eclass="HBEFA3/PC_G_EU4" CO2="34115.27" CO="626.70" HC="3.70" NOx="15.50" PMx="0.84" fuel="14.66" electricity="0.00" noise="88.80" route="routetop" type="cfm-fast" waiting="0.00" lane="top_0" pos="42.49" speed="22.28" angle="198.06" x="-3.02" y="79.76"/>
        <vehicle id="cfm-fast_2" eclass="HBEFA3/PC_G_EU4" CO2="47904.41" CO="914.48" HC="5.35" NOx="21.95" PMx="1.21" fuel="20.59" electricity="0.00" noise="96.96" route="routetop" type="cfm-fast" waiting="0.00" lane="left_0" pos="9.40" speed="24.40" angle="167.50" x="-1.95" y="43.64"/>
        <vehicle id="cfm-fast_3" eclass="HBEFA3/PC_G_EU4" CO2="38453.51" CO="735.93" HC="4.31" NOx="17.41" PMx="0.97" fuel="16.53" electricity="0.00" noise="88.48" route="routetop" type="cfm-fast" waiting="0.00" lane="left_0" pos="28.57" speed="28.15" angle="133.06" x="20.89" y="10.03"/>
        <vehicle id="cfm-fast_4" eclass="HBEFA3/PC_G_EU4" CO2="116205.56" CO="2356.51" HC="13.63" NOx="54.04" PMx="3.01" fuel="49.95" electricity="0.00" noise="129.80" route="routeleft" type="cfm-fast" waiting="0.00" lane="left_1" pos="45.00" speed="30.97" angle="103.56" x="53.42" y="-0.84"/>
        <vehicle id="cfm-fast_5" eclass="HBEFA3/PC_G_EU4" CO2="11765.45" CO="167.25" HC="1.05" NOx="4.94" PMx="0.26" fuel="5.06" electricity="0.00" noise="73.40" route="routebottom" type="cfm-fast" waiting="0.00" lane="bottom_0" pos="7.86" speed="22.86" angle="80.27" x="80.50" y="-2.84"/>
        <vehicle id="cfm-slow_0" eclass="HBEFA3/PC_G_EU4" CO2="14693.69" CO="230.14" HC="1.41" NOx="6.43" PMx="0.33" fuel="6.32" electricity="0.00" noise="75.19" route="routebottom" type="cfm-slow" waiting="0.00" lane="bottom_0" pos="27.89" speed="18.12" angle="44.27" x="116.36" y="19.75"/>
        <vehicle id="cfm-slow_1" eclass="HBEFA3/PC_G_EU4" CO2="14937.27" CO="235.11" HC="1.44" NOx="6.54" PMx="0.34" fuel="6.42" electricity="0.00" noise="75.39" route="routebottom" type="cfm-slow" waiting="0.00" lane="bottom_0" pos="43.73" speed="18.14" angle="15.88" x="130.93" y="50.17"/>
        <vehicle id="cfm-slow_2" eclass="HBEFA3/PC_G_EU4" CO2="15676.41" CO="250.15" HC="1.52" NOx="6.89" PMx="0.36" fuel="6.74" electricity="0.00" noise="76.00" route="routebottom" type="cfm-slow" waiting="0.00" lane="right_0" pos="9.59" speed="18.21" angle="347.19" x="129.16" y="84.07"/>
        <vehicle id="cfm-slow_3" eclass="HBEFA3/PC_G_EU4" CO2="17428.73" CO="285.70" HC="1.73" NOx="7.71" PMx="0.40" fuel="7.49" electricity="0.00" noise="77.44" route="routebottom" type="cfm-slow" waiting="0.00" lane="right_0" pos="25.53" speed="18.44" angle="318.52" x="111.37" y="112.96"/>
        <vehicle id="cfm-slow_4" eclass="HBEFA3/PC_G_EU4" CO2="20433.06" CO="346.40" HC="2.08" NOx="9.12" PMx="0.48" fuel="8.78" electricity="0.00" noise="79.79" route="routeright" type="cfm-slow" waiting="0.00" lane="right_0" pos="41.70" speed="19.01" angle="289.47" x="81.40" y="129.93"/>
        <vehicle id="cfm-slow_5" eclass="HBEFA3/PC_G_EU4" CO2="23624.65" CO="410.66" HC="2.45" NOx="10.60" PMx="0.57" fuel="10.16" electricity="0.00" noise="81.94" route="routetop" type="cfm-slow" waiting="0.00" lane="top_0" pos="8.48" speed="20.08" angle="259.14" x="45.54" y="129.83"/>
    </timestep>
    <timestep time="2.31">
        <vehicle id="cfm-fast_0" eclass="HBEFA3/PC_G_EU4" CO2="25542.34" CO="449.74" HC="2.68" NOx="11.47" PMx="0.62" fuel="10.98" electricity="0.00" noise="82.73" route="routetop" type="cfm-fast" waiting="0.00" lane="top_0" pos="26.60" speed="21.57" angle="226.61" x="12.78" y="109.67"/>
        <vehicle id="cfm-fast_1" eclass="HBEFA3/PC_G_EU4" CO2="34119.50" CO="626.84" HC="3.70" NOx="15.50" PMx="0.84" fuel="14.67" electricity="0.00" noise="88.77" route="routetop" type="cfm-fast" waiting="0.00" lane="top_0" pos="42.71" speed="22.33" angle="197.66" x="-3.13" y="79.30"/>
        <vehicle id="cfm-fast_2" eclass="HBEFA3/PC_G_EU4" CO2="47726.22" CO="911.00" HC="5.33" NOx="21.87" PMx="1.20" fuel="20.52" electricity="0.00" noise="96.77" route="routetop" type="cfm-fast" waiting="0.00" lane="left_0" pos="9.65" speed="24.47" angle="167.05" x="-1.79" y="43.14"/>
        <vehicle id="cfm-fast_3" eclass="HBEFA3/PC_G_EU4" CO2="37650.52" CO="719.66" HC="4.22" NOx="17.03" PMx="0.95" fuel="16.18" electricity="0.00" noise="87.99" route="routetop" type="cfm-fast" waiting="0.00" lane="left_0" pos="28.86" speed="28.19" angle="132.54" x="21.36" y="9.66"/>
        <vehicle id="cfm-fast_4" eclass="HBEFA3/PC_G_EU4" CO2="116739.02" CO="2368.62" HC="13.69" NOx="54.29" PMx="3.03" fuel="50.18" electricity="0.00" noise="129.87" route="routeleft" type="cfm-fast" waiting="0.00" lane="left_1" pos="45.31" speed="31.10" angle="102.99" x="54.06" y="-0.93"/>
        <vehicle id="cfm-fast_5" eclass="HBEFA3/PC_G_EU4" CO2="11506.40" CO="161.94" HC="1.02" NOx="4.81" PMx="0.25" fuel="4.95" electricity="0.00" noise="73.27" route="routebottom" type="cfm-fast" waiting="0.00" lane="bottom_0" pos="8.09" speed="22.88" angle="79.85" x="80.97" y="-2.71"/>
        <vehicle id="cfm-slow_0" eclass="HBEFA3/PC_G_EU4" CO2="14608.85" CO="228.33" HC="1.40" NOx="6.39" PMx="0.33" fuel="6.28" electricity="0.00" noise="75.11" route="routebottom" type="cfm-slow" waiting="0.00" lane="bottom_0" pos="28.07" speed="18.15" angle="43.93" x="116.61" y="20.05"/>
        <vehicle id="cfm-slow_1" eclass="HBEFA3/PC_G_EU4" CO2="14857.31" CO="233.40" HC="1.43" NOx="6.51" PMx="0.34" fuel="6.39" electricity="0.00" noise="75.31" route="routebottom" type="cfm-slow" waiting="0.00" lane="bottom_0" pos="43.91" speed="18.17" angle="15.54" x="131.00" y="50.55"/>
        <vehicle id="cfm-slow_2" eclass="HBEFA3/PC_G_EU4" CO2="15606.54" CO="248.65" HC="1.52" NOx="6.86" PMx="0.36" fuel="6.71" electricity="0.00" noise="75.93" route="routebottom" type="cfm-slow" waiting="0.00" lane="right_0" pos="9.77" speed="18.24" angle="346.86" x="129.04" y="84.45"/>
        <vehicle id="cfm-slow_3" eclass="HBEFA3/PC_G_EU4" CO2="17371.49" CO="284.45" HC="1.72" NOx="7.69" PMx="0.40" fuel="7.47" electricity="0.00" noise="77.38" route="routebottom" type="cfm-slow" waiting="0.00" lane="right_0" pos="25.71" speed="18.47" angle="318.23" x="111.08" y="113.24"/>
        <vehicle id="cfm-slow_4" eclass="HBEFA3/PC_G_EU4" CO2="20378.25" CO="345.21" HC="2.07" NOx="9.09" PMx="0.48" fuel="8.76" electricity="0.00" noise="79.73" route="routeright" type="cfm-slow" waiting="0.00" lane="right_0" pos="41.89" speed="19.04" angle="289.13" x="81.01" y="130.03"/>
        <vehicle id="cfm-slow_5" eclass="HBEFA3/PC_G_EU4" CO2="23556.03" CO="409.22" HC="2.45" NOx="10.56" PMx="0.56" fuel="10.13" electricity="0.00" noise="81.86" route="routetop" type="cfm-slow" waiting="0.00" lane="top_0" pos="8.68" speed="20.12" angle="258.77" x="45.12" y="129.71"/>
    </timestep>
    <timestep time="2.32">
        <vehicle id="cfm-fast_0" eclass="HBEFA3/PC_G_EU4" CO2="25495.56" CO="448.79" HC="2.67" NOx="11.44" PMx="0.62" fuel="10.96" electricity="0.00" noise="82.68" route="routetop" type="cfm-fast" waiting="0.00" lane="top_0" pos="26.82" speed="21.61" angle="226.23" x="12.47" y="109.33"/>
        <vehicle id="cfm-fast_1" eclass="HBEFA3/PC_G_EU4" CO2="34122.83" CO="626.96" HC="3.70" NOx="15.50" PMx="0.84" fuel="14.67" electricity="0.00" noise="88.73" route="routetop" type="cfm-fast" waiting="0.00" lane="top_0" pos="42.94" speed="22.38" angle="197.26" x="-3.24" y="78.83"/>
        <vehicle id="cfm-fast_2" eclass="HBEFA3/PC_G_EU4" CO2="47542.83" CO="907.41" HC="5.31" NOx="21.78" PMx="1.20" fuel="20.44" electricity="0.00" noise="96.58" route="routetop" type="cfm-fast" waiting="0.00" lane="left_0" pos="9.89" speed="24.54" angle="166.59" x="-1.64" y="42.63"/>
        <vehicle id="cfm-fast_3" eclass="HBEFA3/PC_G_EU4" CO2="36853.91" CO="703.51" HC="4.12" NOx="16.65" PMx="0.93" fuel="15.84" electricity="0.00" noise="87.51" route="routetop" type="cfm-fast" waiting="0.00" lane="left_0" pos="29.14" speed="28.23" angle="132.02" x="21.84" y="9.29"/>
        <vehicle id="cfm-fast_4" eclass="HBEFA3/PC_G_EU4" CO2="117272.77" CO="2380.75" HC="13.76" NOx="54.54" PMx="3.04" fuel="50.41" electricity="0.00" noise="129.93" route="routeleft" type="cfm-fast" waiting="0.00" lane="left_1" pos="45.63" speed="31.24" angle="102.42" x="54.69" y="-1.02"/>
        <vehicle id="cfm-fast_5" eclass="HBEFA3/PC_G_EU4" CO2="11251.08" CO="156.70" HC="0.99" NOx="4.69" PMx="0.25" fuel="4.84" electricity="0.00" noise="73.15" route="routebottom" type="cfm-fast" waiting="0.00" lane="bottom_0" pos="8.32" speed="22.89" angle="79.43" x="81.45" y="-2.59"/>
        <vehicle id="cfm-slow_0" eclass="HBEFA3/PC_G_EU4" CO2="14524.57" CO="226.54" HC="1.39" NOx="6.35" PMx="0.33" fuel="6.24" electricity="0.00" noise="75.03" route="routebottom" type="cfm-slow" waiting="0.00" lane="bottom_0" pos="28.25" speed="18.17" angle="43.65" x="116.86" y="20.35"/>
        <vehicle id="cfm-slow_1" eclass="HBEFA3/PC_G_EU4" CO2="14777.96" CO="231.71" HC="1.42" NOx="6.47" PMx="0.33" fuel="6.35" electricity="0.00" noise="75.24" route="routebottom" type="cfm-slow" waiting="0.00" lane="bottom_0" pos="44.09" speed="18.19" angle="15.19" x="131.07" y="50.94"/>
        <vehicle id="cfm-slow_2" eclass="HBEFA3/PC_G_EU4" CO2="15537.29" CO="247.16" HC="1.51" NOx="6.82" PMx="0.35" fuel="6.68" electricity="0.00" noise="75.87" route="routebottom" type="cfm-slow" waiting="0.00" lane="right_0" pos="9.95" speed="18.27" angle="346.53" x="128.93" y="84.83"/>
        <vehicle id="cfm-slow_3" eclass="HBEFA3/PC_G_EU4" CO2="17314.78" CO="283.22" HC="1.72" NOx="7.66" PMx="0.40" fuel="7.44" electricity="0.00" noise="77.32" route="routebottom" type="cfm-slow" waiting="0.00" lane="right_0" pos="25.90" speed="18.50" angle="317.90" x="110.79" y="113.51"/>
        <vehicle id="cfm-slow_4" eclass="HBEFA3/PC_G_EU4" CO2="20323.78" CO="344.03" HC="2.07" NOx="9.06" PMx="0.48" fuel="8.74" electricity="0.00" noise="79.67" route="routeright" type="cfm-slow" waiting="0.00" lane="right_0" pos="42.08" speed="19.08" angle="288.78" x="80.61" y="130.14"/>
        <vehicle id="cfm-slow_5" eclass="HBEFA3/PC_G_EU4" CO2="23488.03" CO="407.79" HC="2.44" NOx="10.53" PMx="0.56" fuel="10.10" electricity="0.00" noise="81.79" route="routetop" type="cfm-slow" waiting="0.00" lane="top_0" pos="8.89" speed="20.16" angle="258.43" x="44.70" y="129.60"/>
    </timestep>
    <timestep time="2.33">
        <vehicle id="cfm-fast_0" eclass="HBEFA3/PC_G_EU4" CO2="25449.95" CO="447.87" HC="2.67" NOx="11.42" PMx="0.62" fuel="10.94" electricity="0.00" noise="82.62" route="routetop" type="cfm-fast" waiting="0.00" lane="top_0" pos="27.04" speed="21.65" angle="225.87" x="12.16" y="108.98"/>
        <vehicle id="cfm-fast_1" eclass="HBEFA3/PC_G_EU4" CO2="34125.22" CO="627.06" HC="3.70" NOx="15.50" PMx="0.84" fuel="14.67" electricity="0.00" noise="88.70" route="routetop" type="cfm-fast" waiting="0.00" lane="top_0" pos="43.16" speed="22.43" angle="196.86" x="-3.35" y="78.36"/>
        <vehicle id="cfm-fast_2" eclass="HBEFA3/PC_G_EU4" CO2="47354.32" CO="903.72" HC="5.29" NOx="21.69" PMx="1.19" fuel="20.36" electricity="0.00" noise="96.39" route="routetop" type="cfm-fast" waiting="0.00" lane="left_0" pos="10.14" speed="24.61" angle="166.16" x="-1.48" y="42.13"/>
        <vehicle id="cfm-fast_3" eclass="HBEFA3/PC_G_EU4" CO2="36063.75" CO="687.49" HC="4.03" NOx="16.28" PMx="0.91" fuel="15.50" electricity="0.00" noise="87.04" route="routetop" type="cfm-fast" waiting="0.00" lane="left_0" pos="29.42" speed="28.28" angle="131.52" x="22.32" y="8.91"/>
        <vehicle id="cfm-fast_4" eclass="HBEFA3/PC_G_EU4" CO2="117806.81" CO="2392.90" HC="13.83" NOx="54.79" PMx="3.06" fuel="50.64" electricity="0.00" noise="130.00" route="routeleft" type="cfm-fast" waiting="0.00" lane="left_1" pos="45.94" speed="31.38" angle="101.84" x="55.33" y="-1.11"/>
        <vehicle id="cfm-fast_5" eclass="HBEFA3/PC_G_EU4" CO2="10999.49" CO="151.53" HC="0.96" NOx="4.57" PMx="0.24" fuel="4.73" electricity="0.00" noise="73.03" route="routebottom" type="cfm-fast" waiting="0.00" lane="bottom_0" pos="8.55" speed="22.90" angle="79.01" x="81.93" y="-2.46"/>
        <vehicle id="cfm-slow_0" eclass="HBEFA3/PC_G_EU4" CO2="14440.86" CO="224.75" HC="1.38" NOx="6.31" PMx="0.33" fuel="6.21" electricity="0.00" noise="74.96" route="routebottom" type="cfm-slow" waiting="0.00" lane="bottom_0" pos="28.44" speed="18.20" angle="43.32" x="117.10" y="20.66"/>
        <vehicle id="cfm-slow_1" eclass="HBEFA3/PC_G_EU4" CO2="14699.23" CO="230.02" HC="1.41" NOx="6.43" PMx="0.33" fuel="6.32" electricity="0.00" noise="75.17" route="routebottom" type="cfm-slow" waiting="0.00" lane="bottom_0" pos="44.28" speed="18.22" angle="14.85" x="131.14" y="51.32"/>
        <vehicle id="cfm-slow_2" eclass="HBEFA3/PC_G_EU4" CO2="15468.69" CO="245.68" HC="1.50" NOx="6.79" PMx="0.35" fuel="6.65" electricity="0.00" noise="75.80" route="routebottom" type="cfm-slow" waiting="0.00" lane="right_0" pos="10.14" speed="18.29" angle="346.22" x="128.81" y="85.20"/>
        <vehicle id="cfm-slow_3" eclass="HBEFA3/PC_G_EU4" CO2="17258.59" CO="282.00" HC="1.71" NOx="7.63" PMx="0.40" fuel="7.42" electricity="0.00" noise="77.26" route="routebottom" type="cfm-slow" waiting="0.00" lane="right_0" pos="26.08" speed="18.53" angle="317.56" x="110.50" y="113.78"/>
        <vehicle id="cfm-slow_4" eclass="HBEFA3/PC_G_EU4" CO2="20269.66" CO="342.86" HC="2.06" NOx="9.04" PMx="0.48" fuel="8.71" electricity="0.00" noise="79.61" route="routeright" type="cfm-slow" waiting="0.00" lane="right_0" pos="42.28" speed="19.11" angle="288.47" x="80.21" y="130.25"/>
        <vehicle id="cfm-slow_5" eclass="HBEFA3/PC_G_EU4" CO2="23420.67" CO="406.37" HC="2.43" NOx="10.50" PMx="0.56" fuel="10.07" electricity="0.00" noise="81.72" route="routetop" type="cfm-slow" waiting="0.00" lane="top_0" pos="9.09" speed="20.20" angle="258.09" x="44.29" y="129.48"/>
    </timestep>
    <timestep time="2.34">
        <vehicle id="cfm-fast_0" eclass="HBEFA3/PC_G_EU4" CO2="25405.51" CO="446.97" HC="2.66" NOx="11.40" PMx="0.62" fuel="10.92" electricity="0.00" noise="82.57" route="routetop" type="cfm-fast" waiting="0.00" lane="top_0" pos="27.25" speed="21.69" angle="225.46" x="11.85" y="108.63"/>
        <vehicle id="cfm-fast_1" eclass="HBEFA3/PC_G_EU4" CO2="34126.64" CO="627.15" HC="3.70" NOx="15.50" PMx="0.84" fuel="14.67" electricity="0.00" noise="88.66" route="routetop" type="cfm-fast" waiting="0.00" lane="top_0" pos="43.39" speed="22.48" angle="196.46" x="-3.45" y="77.88"/>
        <vehicle id="cfm-fast_2" eclass="HBEFA3/PC_G_EU4" CO2="47160.77" CO="899.93" HC="5.27" NOx="21.60" PMx="1.19" fuel="20.27" electricity="0.00" noise="96.20" route="routetop" type="cfm-fast" waiting="0.00" lane="left_0" pos="10.38" speed="24.67" angle="165.75" x="-1.31" y="41.62"/>
        <vehicle id="cfm-fast_3" eclass="HBEFA3/PC_G_EU4" CO2="35280.12" CO="671.60" HC="3.94" NOx="15.91" PMx="0.89" fuel="15.17" electricity="0.00" noise="86.57" route="routetop" type="cfm-fast" waiting="0.00" lane="left_0" pos="29.70" speed="28.32" angle="131.04" x="22.81" y="8.55"/>
        <vehicle id="cfm-fast_4" eclass="HBEFA3/PC_G_EU4" CO2="118341.15" CO="2405.07" HC="13.90" NOx="55.04" PMx="3.07" fuel="50.87" electricity="0.00" noise="130.06" route="routeleft" type="cfm-fast" waiting="0.00" lane="left_1" pos="46.25" speed="31.51" angle="101.32" x="55.97" y="-1.20"/>
        <vehicle id="cfm-fast_5" eclass="HBEFA3/PC_G_EU4" CO2="10751.58" CO="146.45" HC="0.93" NOx="4.46" PMx="0.23" fuel="4.62" electricity="0.00" noise="72.91" route="routebottom" type="cfm-fast" waiting="0.00" lane="bottom_0" pos="8.78" speed="22.91" angle="78.59" x="82.40" y="-2.33"/>
        <vehicle id="cfm-slow_0" eclass="HBEFA3/PC_G_EU4" CO2="14357.71" CO="222.98" HC="1.37" NOx="6.27" PMx="0.32" fuel="6.17" electricity="0.00" noise="74.89" route="routebottom" type="cfm-slow" waiting="0.00" lane="bottom_0" pos="28.62" speed="18.22" angle="42.98" x="117.35" y="20.97"/>
        <vehicle id="cfm-slow_1" eclass="HBEFA3/PC_G_EU4" CO2="14621.11" CO="228.36" HC="1.40" NOx="6.39" PMx="0.33" fuel="6.28" electricity="0.00" noise="75.10" route="routebottom" type="cfm-slow" waiting="0.00" lane="bottom_0" pos="44.46" speed="18.24" angle="14.50" x="131.22" y="51.71"/>
        <vehicle id="cfm-slow_2" eclass="HBEFA3/PC_G_EU4" CO2="15400.72" CO="244.22" HC="1.49" NOx="6.76" PMx="0.35" fuel="6.62" electricity="0.00" noise="75.74" route="routebottom" type="cfm-slow" waiting="0.00" lane="right_0" pos="10.32" speed="18.32" angle="345.93" x="128.69" y="85.58"/>
        <vehicle id="cfm-slow_3" eclass="HBEFA3/PC_G_EU4" CO2="17202.94" CO="280.79" HC="1.70" NOx="7.60" PMx="0.40" fuel="7.39" electricity="0.00" noise="77.20" route="routebottom" type="cfm-slow" waiting="0.00" lane="right_0" pos="26.27" speed="18.56" angle="317.22" x="110.20" y="114.05"/>
        <vehicle id="cfm-slow_4" eclass="HBEFA3/PC_G_EU4" CO2="20215.89" CO="341.69" HC="2.05" NOx="9.01" PMx="0.48" fuel="8.69" electricity="0.00" noise="79.55" route="routeright" type="cfm-slow" waiting="0.00" lane="right_0" pos="42.47" speed="19.14" angle="288.14" x="79.81" y="130.34"/>
        <vehicle id="cfm-slow_5" eclass="HBEFA3/PC_G_EU4" CO2="23353.93" CO="404.96" HC="2.42" NOx="10.47" PMx="0.56" fuel="10.04" electricity="0.00" noise="81.64" route="routetop" type="cfm-slow" waiting="0.00" lane="top_0" pos="9.29" speed="20.24" angle="257.73" x="43.87" y="129.35"/>
    </timestep>
    <timestep time="2.35">
        <vehicle id="cfm-fast_0" eclass="HBEFA3/PC_G_EU4" CO2="25362.21" CO="446.10" HC="2.66" NOx="11.38" PMx="0.61" fuel="10.90" electricity="0.00" noise="82.52" route="routetop" type="cfm-fast" waiting="0.00" lane="top_0" pos="27.47" speed="21.73" angle="225.05" x="11.55" y="108.27"/>
        <vehicle id="cfm-fast_1" eclass="HBEFA3/PC_G_EU4" CO2="34127.05" CO="627.21" HC="3.70" NOx="15.50" PMx="0.84" fuel="14.67" electricity="0.00" noise="88.63" route="routetop" type="cfm-fast" waiting="0.00" lane="top_0" pos="43.61" speed="22.54" angle="196.11" x="-3.56" y="77.41"/>
        <vehicle id="cfm-fast_2" eclass="HBEFA3/PC_G_EU4" CO2="46962.27" CO="896.04" HC="5.25" NOx="21.50" PMx="1.18" fuel="20.19" electricity="0.00" noise="96.01" route="routetop" type="cfm-fast" waiting="0.00" lane="left_0" pos="10.63" speed="24.74" angle="165.29" x="-1.13" y="41.12"/>
        <vehicle id="cfm-fast_3" eclass="HBEFA3/PC_G_EU4" CO2="34503.09" CO="655.84" HC="3.85" NOx="15.54" PMx="0.87" fuel="14.83" electricity="0.00" noise="86.11" route="routetop" type="cfm-fast" waiting="0.00" lane="left_0" pos="29.99" speed="28.36" angle="130.52" x="23.31" y="8.19"/>
        <vehicle id="cfm-fast_4" eclass="HBEFA3/PC_G_EU4" CO2="118875.78" CO="2417.27" HC="13.97" NOx="55.28" PMx="3.09" fuel="51.10" electricity="0.00" noise="130.13" route="routeleft" type="cfm-fast" waiting="0.00" lane="left_1" pos="46.57" speed="31.65" angle="100.73" x="56.61" y="-1.26"/>
        <vehicle id="cfm-fast_5" eclass="HBEFA3/PC_G_EU4" CO2="10507.34" CO="141.44" HC="0.90" NOx="4.34" PMx="0.23" fuel="4.52" electricity="0.00" noise="72.79" route="routebottom" type="cfm-fast" waiting="0.00" lane="bottom_0" pos="9.01" speed="22.92" angle="78.23" x="82.88" y="-2.20"/>
        <vehicle id="cfm-slow_0" eclass="HBEFA3/PC_G_EU4" CO2="14275.12" CO="221.22" HC="1.36" NOx="6.23" PMx="0.32" fuel="6.14" electricity="0.00" noise="74.81" route="routebottom" type="cfm-slow" waiting="0.00" lane="bottom_0" pos="28.80" speed="18.25" angle="42.64" x="117.59" y="21.27"/>
        <vehicle id="cfm-slow_1" eclass="HBEFA3/PC_G_EU4" CO2="14543.61" CO="226.70" HC="1.39" NOx="6.36" PMx="0.33" fuel="6.25" electricity="0.00" noise="75.03" route="routebottom" type="cfm-slow" waiting="0.00" lane="bottom_0" pos="44.64" speed="18.27" angle="14.16" x="131.29" y="52.09"/>
        <vehicle id="cfm-slow_2" eclass="HBEFA3/PC_G_EU4" CO2="15333.38" CO="242.77" HC="1.48" NOx="6.73" PMx="0.35" fuel="6.59" electricity="0.00" noise="75.68" route="routebottom" type="cfm-slow" waiting="0.00" lane="right_0" pos="10.50" speed="18.35" angle="345.58" x="128.55" y="85.95"/>
        <vehicle id="cfm-slow_3" eclass="HBEFA3/PC_G_EU4" CO2="17147.80" CO="279.59" HC="1.69" NOx="7.58" PMx="0.40" fuel="7.37" electricity="0.00" noise="77.15" route="routebottom" type="cfm-slow" waiting="0.00" lane="right_0" pos="26.45" speed="18.59" angle="316.88" x="109.91" y="114.33"/>
        <vehicle id="cfm-slow_4" eclass="HBEFA3/PC_G_EU4" CO2="20162.48" CO="340.53" HC="2.05" NOx="8.99" PMx="0.48" fuel="8.67" electricity="0.00" noise="79.49" route="routeright" type="cfm-slow" waiting="0.00" lane="right_0" pos="42.66" speed="19.18" angle="287.79" x="79.41" y="130.43"/>
        <vehicle id="cfm-slow_5" eclass="HBEFA3/PC_G_EU4" CO2="23287.84" CO="403.57" HC="2.41" NOx="10.43" PMx="0.56" fuel="10.01" electricity="0.00" noise="81.57" route="routetop" type="cfm-slow" waiting="0.00" lane="top_0" pos="9.49" speed="20.27" angle="257.36" x="43.45" y="129.22"/>
    </timestep>
    <timestep time="2.36">
        <vehicle id="cfm-fast_0" eclass="HBEFA3/PC_G_EU4" CO2="25320.04" CO="445.25" HC="2.65" NOx="11.36" PMx="0.61" fuel="10.88" electricity="0.00" noise="82.47" route="routetop" type="cfm-fast" waiting="0.00" lane="top_0" pos="27.69" speed="21.76" angle="224.65" x="11.25" y="107.91"/>
        <vehicle id="cfm-fast_1" eclass="HBEFA3/PC_G_EU4" CO2="34126.42" CO="627.26" HC="3.70" NOx="15.49" PMx="0.84" fuel="14.67" electricity="0.00" noise="88.59" route="routetop" type="cfm-fast" waiting="0.00" lane="top_0" pos="43.84" speed="22.59" angle="195.69" x="-3.65" y="76.93"/>
        <vehicle id="cfm-fast_2" eclass="HBEFA3/PC_G_EU4" CO2="46758.89" CO="892.06" HC="5.22" NOx="21.41" PMx="1.18" fuel="20.10" electricity="0.00" noise="95.81" route="routetop" type="cfm-fast" waiting="0.00" lane="left_0" pos="10.88" speed="24.81" angle="164.83" x="-0.95" y="40.62"/>
        <vehicle id="cfm-fast_3" eclass="HBEFA3/PC_G_EU4" CO2="33732.71" CO="640.21" HC="3.76" NOx="15.18" PMx="0.85" fuel="14.50" electricity="0.00" noise="85.65" route="routetop" type="cfm-fast" waiting="0.00" lane="left_0" pos="30.27" speed="28.39" angle="130.00" x="23.80" y="7.83"/>
        <vehicle id="cfm-fast_4" eclass="HBEFA3/PC_G_EU4" CO2="119410.70" CO="2429.49" HC="14.04" NOx="55.53" PMx="3.10" fuel="51.33" electricity="0.00" noise="130.19" route="routeleft" type="cfm-fast" waiting="0.00" lane="left_1" pos="46.89" speed="31.78" angle="100.14" x="57.26" y="-1.33"/>
        <vehicle id="cfm-fast_5" eclass="HBEFA3/PC_G_EU4" CO2="10266.72" CO="136.50" HC="0.87" NOx="4.23" PMx="0.22" fuel="4.41" electricity="0.00" noise="72.68" route="routebottom" type="cfm-fast" waiting="0.00" lane="bottom_0" pos="9.24" speed="22.93" angle="77.80" x="83.35" y="-2.05"/>
        <vehicle id="cfm-slow_0" eclass="HBEFA3/PC_G_EU4" CO2="14193.10" CO="219.48" HC="1.35" NOx="6.19" PMx="0.32" fuel="6.10" electricity="0.00" noise="74.74" route="routebottom" type="cfm-slow" waiting="0.00" lane="bottom_0" pos="28.98" speed="18.27" angle="42.30" x="117.83" y="21.58"/>
        <vehicle id="cfm-slow_1" eclass="HBEFA3/PC_G_EU4" CO2="14466.72" CO="225.06" HC="1.38" NOx="6.32" PMx="0.33" fuel="6.22" electricity="0.00" noise="74.97" route="routebottom" type="cfm-slow" waiting="0.00" lane="bottom_0" pos="44.82" speed="18.29" angle="13.84" x="131.36" y="52.48"/>
        <vehicle id="cfm-slow_2" eclass="HBEFA3/PC_G_EU4" CO2="15266.67" CO="241.34" HC="1.47" NOx="6.69" PMx="0.35" fuel="6.56" electricity="0.00" noise="75.62" route="routebottom" type="cfm-slow" waiting="0.00" lane="right_0" pos="10.69" speed="18.37" angle="345.23" x="128.42" y="86.32"/>
        <vehicle id="cfm-slow_3" eclass="HBEFA3/PC_G_EU4" CO2="17093.19" CO="278.40" HC="1.69" NOx="7.55" PMx="0.40" fuel="7.35" electricity="0.00" noise="77.09" route="routebottom" type="cfm-slow" waiting="0.00" lane="right_0" pos="26.64" speed="18.62" angle="316.54" x="109.62" y="114.60"/>
        <vehicle id="cfm-slow_4" eclass="HBEFA3/PC_G_EU4" CO2="20109.43" CO="339.39" HC="2.04" NOx="8.96" PMx="0.47" fuel="8.64" electricity="0.00" noise="79.43" route="routeright" type="cfm-slow" waiting="0.00" lane="right_0" pos="42.85" speed="19.21" angle="287.44" x="79.01" y="130.52"/>
        <vehicle id="cfm-slow_5" eclass="HBEFA3/PC_G_EU4" CO2="23222.39" CO="402.20" HC="2.40" NOx="10.40" PMx="0.56" fuel="9.98" electricity="0.00" noise="81.50" route="routetop" type="cfm-slow" waiting="0.00" lane="top_0" pos="9.70" speed="20.31" angle="256.99" x="43.04" y="129.09"/>
    </timestep>
    <timestep time="2.37">
        <vehicle id="cfm-fast_0" eclass="HBEFA3/PC_G_EU4" CO2="25278.98" CO="444.42" HC="2.65" NOx="11.34" PMx="0.61" fuel="10.87" electricity="0.00" noise="82.43" route="routetop" type="cfm-fast" waiting="0.00" lane="top_0" pos="27.91" speed="21.80" angle="224.24" x="10.94" y="107.56"/>
        <vehicle id="cfm-fast_1" eclass="HBEFA3/PC_G_EU4" CO2="34124.71" CO="627.29" HC="3.70" NOx="15.49" PMx="0.84" fuel="14.67" electricity="0.00" noise="88.55" route="routetop" type="cfm-fast" waiting="0.00" lane="top_0" pos="44.06" speed="22.64" angle="195.27" x="-3.74" y="76.45"/>
        <vehicle id="cfm-fast_2" eclass="HBEFA3/PC_G_EU4" CO2="46550.73" CO="887.97" HC="5.20" NOx="21.31" PMx="1.17" fuel="20.01" electricity="0.00" noise="95.61" route="routetop" type="cfm-fast" waiting="0.00" lane="left_0" pos="11.13" speed="24.87" angle="164.37" x="-0.77" y="40.12"/>
        <vehicle id="cfm-fast_3" eclass="HBEFA3/PC_G_EU4" CO2="32969.04" CO="624.71" HC="3.67" NOx="14.82" PMx="0.83" fuel="14.17" electricity="0.00" noise="85.21" route="routetop" type="cfm-fast" waiting="0.00" lane="left_0" pos="30.56" speed="28.43" angle="129.47" x="24.30" y="7.48"/>
        <vehicle id="cfm-fast_4" eclass="HBEFA3/PC_G_EU4" CO2="119945.91" CO="2441.73" HC="14.11" NOx="55.78" PMx="3.12" fuel="51.56" electricity="0.00" noise="130.26" route="routeleft" type="cfm-fast" waiting="0.00" lane="left_1" pos="47.21" speed="31.92" angle="99.55" x="57.91" y="-1.39"/>
        <vehicle id="cfm-fast_5" eclass="HBEFA3/PC_G_EU4" CO2="10029.69" CO="131.63" HC="0.85" NOx="4.12" PMx="0.22" fuel="4.31" electricity="0.00" noise="72.57" route="routebottom" type="cfm-fast" waiting="0.00" lane="bottom_0" pos="9.47" speed="22.94" angle="77.38" x="83.82" y="-1.91"/>
        <vehicle id="cfm-slow_0" eclass="HBEFA3/PC_G_EU4" CO2="14111.65" CO="217.74" HC="1.34" NOx="6.15" PMx="0.32" fuel="6.07" electricity="0.00" noise="74.67" route="routebottom" type="cfm-slow" waiting="0.00" lane="bottom_0" pos="29.17" speed="18.29" angle="41.96" x="118.07" y="21.89"/>
        <vehicle id="cfm-slow_1" eclass="HBEFA3/PC_G_EU4" CO2="14390.44" CO="223.43" HC="1.37" NOx="6.28" PMx="0.32" fuel="6.19" electricity="0.00" noise="74.90" route="routebottom" type="cfm-slow" waiting="0.00" lane="bottom_0" pos="45.01" speed="18.32" angle="13.55" x="131.42" y="52.87"/>
        <vehicle id="cfm-slow_2" eclass="HBEFA3/PC_G_EU4" CO2="15200.60" CO="239.92" HC="1.47" NOx="6.66" PMx="0.35" fuel="6.53" electricity="0.00" noise="75.56" route="routebottom" type="cfm-slow" waiting="0.00" lane="right_0" pos="10.87" speed="18.40" angle="344.88" x="128.28" y="86.69"/>
        <vehicle id="cfm-slow_3" eclass="HBEFA3/PC_G_EU4" CO2="17039.10" CO="277.23" HC="1.68" NOx="7.52" PMx="0.39" fuel="7.32" electricity="0.00" noise="77.04" route="routebottom" type="cfm-slow" waiting="0.00" lane="right_0" pos="26.82" speed="18.65" angle="316.22" x="109.32" y="114.87"/>
        <vehicle id="cfm-slow_4" eclass="HBEFA3/PC_G_EU4" CO2="20056.74" CO="338.25" HC="2.03" NOx="8.93" PMx="0.47" fuel="8.62" electricity="0.00" noise="79.37" route="routeright" type="cfm-slow" waiting="0.00" lane="right_0" pos="43.04" speed="19.25" angle="287.09" x="78.60" y="130.61"/>
        <vehicle id="cfm-slow_5" eclass="HBEFA3/PC_G_EU4" CO2="23157.60" CO="400.84" HC="2.40" NOx="10.37" PMx="0.55" fuel="9.95" electricity="0.00" noise="81.43" route="routetop" type="cfm-slow" waiting="0.00" lane="top_0" pos="9.90" speed="20.35" angle="256.62" x="42.62" y="128.96"/>
    </timestep>
    <timestep time="2.38">
        <vehicle id="cfm-fast_0" eclass="HBEFA3/PC_G_EU4" CO2="25239.01" CO="443.62" HC="2.64" NOx="11.32" PMx="0.61" fuel="10.85" electricity="0.00" noise="82.38" route="routetop" type="cfm-fast" waiting="0.00" lane="top_0" pos="28.12" speed="21.84" angle="223.86" x="10.64" y="107.20"/>
        <vehicle id="cfm-fast_1" eclass="HBEFA3/PC_G_EU4" CO2="34121.90" CO="627.30" HC="3.70" NOx="15.49" PMx="0.84" fuel="14.67" electricity="0.00" noise="88.52" route="routetop" type="cfm-fast" waiting="0.00" lane="top_0" pos="44.29" speed="22.69" angle="194.85" x="-3.83" y="75.97"/>
        <vehicle id="cfm-fast_2" eclass="HBEFA3/PC_G_EU4" CO2="46337.86" CO="883.79" HC="5.18" NOx="21.20" PMx="1.17" fuel="19.92" electricity="0.00" noise="95.41" route="routetop" type="cfm-fast" waiting="0.00" lane="left_0" pos="11.38" speed="24.93" angle="163.91" x="-0.59" y="39.61"/>
        <vehicle id="cfm-fast_3" eclass="HBEFA3/PC_G_EU4" CO2="32212.15" CO="609.35" HC="3.58" NOx="14.46" PMx="0.81" fuel="13.85" electricity="0.00" noise="84.77" route="routetop" type="cfm-fast" waiting="0.00" lane="left_0" pos="30.84" speed="28.47" angle="129.02" x="24.80" y="7.12"/>
        <vehicle id="cfm-fast_4" eclass="HBEFA3/PC_G_EU4" CO2="120481.41" CO="2453.99" HC="14.18" NOx="56.03" PMx="3.13" fuel="51.79" electricity="0.00" noise="130.32" route="routeleft" type="cfm-fast" waiting="0.00" lane="left_1" pos="47.53" speed="32.06" angle="99.01" x="58.57" y="-1.45"/>
        <vehicle id="cfm-fast_5" eclass="HBEFA3/PC_G_EU4" CO2="9796.24" CO="126.84" HC="0.82" NOx="4.01" PMx="0.21" fuel="4.21" electricity="0.00" noise="72.47" route="routebottom" type="cfm-fast" waiting="0.00" lane="bottom_0" pos="9.69" speed="22.95" angle="76.96" x="84.29" y="-1.76"/>
        <vehicle id="cfm-slow_0" eclass="HBEFA3/PC_G_EU4" CO2="14030.76" CO="216.02" HC="1.33" NOx="6.11" PMx="0.32" fuel="6.03" electricity="0.00" noise="74.60" route="routebottom" type="cfm-slow" waiting="0.00" lane="bottom_0" pos="29.35" speed="18.32" angle="41.62" x="118.32" y="22.20"/>
        <vehicle id="cfm-slow_1" eclass="HBEFA3/PC_G_EU4" CO2="14314.78" CO="221.82" HC="1.36" NOx="6.25" PMx="0.32" fuel="6.15" electricity="0.00" noise="74.83" route="routebottom" type="cfm-slow" waiting="0.00" lane="bottom_0" pos="45.19" speed="18.34" angle="13.22" x="131.48" y="53.26"/>
        <vehicle id="cfm-slow_2" eclass="HBEFA3/PC_G_EU4" CO2="15135.15" CO="238.51" HC="1.46" NOx="6.63" PMx="0.34" fuel="6.51" electricity="0.00" noise="75.50" route="routebottom" type="cfm-slow" waiting="0.00" lane="right_0" pos="11.06" speed="18.42" angle="344.52" x="128.15" y="87.06"/>
        <vehicle id="cfm-slow_3" eclass="HBEFA3/PC_G_EU4" CO2="16985.52" CO="276.06" HC="1.67" NOx="7.50" PMx="0.39" fuel="7.30" electricity="0.00" noise="76.99" route="routebottom" type="cfm-slow" waiting="0.00" lane="right_0" pos="27.01" speed="18.67" angle="315.92" x="109.02" y="115.14"/>
        <vehicle id="cfm-slow_4" eclass="HBEFA3/PC_G_EU4" CO2="20004.42" CO="337.12" HC="2.03" NOx="8.91" PMx="0.47" fuel="8.60" electricity="0.00" noise="79.31" route="routeright" type="cfm-slow" waiting="0.00" lane="right_0" pos="43.24" speed="19.28" angle="286.74" x="78.20" y="130.71"/>
        <vehicle id="cfm-slow_5" eclass="HBEFA3/PC_G_EU4" CO2="23093.46" CO="399.50" HC="2.39" NOx="10.34" PMx="0.55" fuel="9.93" electricity="0.00" noise="81.36" route="routetop" type="cfm-slow" waiting="0.00" lane="top_0" pos="10.10" speed="20.39" angle="256.26" x="42.20" y="128.83"/>
    </timestep>
    <timestep time="2.39">
        <vehicle id="cfm-fast_0" eclass="HBEFA3/PC_G_EU4" CO2="25200.10" CO="442.84" HC="2.64" NOx="11.30" PMx="0.61" fuel="10.83" electricity="0.00" noise="82.34" route="routetop" type="cfm-fast" waiting="0.00" lane="top_0" pos="28.34" speed="21.88" angle="223.50" x="10.34" y="106.83"/>
        <vehicle id="cfm-fast_1" eclass="HBEFA3/PC_G_EU4" CO2="34117.95" CO="627.28" HC="3.70" NOx="15.49" PMx="0.84" fuel="14.67" electricity="0.00" noise="88.48" route="routetop" type="cfm-fast" waiting="0.00" lane="top_0" pos="44.52" speed="22.74" angle="194.42" x="-3.92" y="75.49"/>
        <vehicle id="cfm-fast_2" eclass="HBEFA3/PC_G_EU4" CO2="46120.36" CO="879.52" HC="5.15" NOx="21.10" PMx="1.16" fuel="19.82" electricity="0.00" noise="95.21" route="routetop" type="cfm-fast" waiting="0.00" lane="left_0" pos="11.63" speed="25.00" angle="163.53" x="-0.40" y="39.11"/>
        <vehicle id="cfm-fast_3" eclass="HBEFA3/PC_G_EU4" CO2="31462.07" CO="594.12" HC="3.49" NOx="14.10" PMx="0.79" fuel="13.52" electricity="0.00" noise="84.34" route="routetop" type="cfm-fast" waiting="0.00" lane="left_0" pos="31.13" speed="28.50" angle="128.50" x="25.31" y="6.78"/>
        <vehicle id="cfm-fast_4" eclass="HBEFA3/PC_G_EU4" CO2="121017.21" CO="2466.27" HC="14.25" NOx="56.28" PMx="3.14" fuel="52.02" electricity="0.00" noise="130.39" route="routeleft" type="cfm-fast" waiting="0.00" lane="left_1" pos="47.85" speed="32.19" angle="98.42" x="59.23" y="-1.49"/>
        <vehicle id="cfm-fast_5" eclass="HBEFA3/PC_G_EU4" CO2="9566.33" CO="122.12" HC="0.79" NOx="3.90" PMx="0.20" fuel="4.11" electricity="0.00" noise="72.37" route="routebottom" type="cfm-fast" waiting="0.00" lane="bottom_0" pos="9.92" speed="22.96" angle="76.54" x="84.76" y="-1.62"/>
        <vehicle id="cfm-slow_0" eclass="HBEFA3/PC_G_EU4" CO2="13950.43" CO="214.31" HC="1.32" NOx="6.07" PMx="0.31" fuel="6.00" electricity="0.00" noise="74.54" route="routebottom" type="cfm-slow" waiting="0.00" lane="bottom_0" pos="29.53" speed="18.34" angle="41.35" x="118.56" y="22.52"/>
        <vehicle id="cfm-slow_1" eclass="HBEFA3/PC_G_EU4" CO2="14239.74" CO="220.22" HC="1.35" NOx="6.21" PMx="0.32" fuel="6.12" electricity="0.00" noise="74.77" route="routebottom" type="cfm-slow" waiting="0.00" lane="bottom_0" pos="45.37" speed="18.36" angle="12.88" x="131.53" y="53.65"/>
        <vehicle id="cfm-slow_2" eclass="HBEFA3/PC_G_EU4" CO2="15070.34" CO="237.12" HC="1.45" NOx="6.60" PMx="0.34" fuel="6.48" electricity="0.00" noise="75.44" route="routebottom" type="cfm-slow" waiting="0.00" lane="right_0" pos="11.24" speed="18.45" angle="344.17" x="128.01" y="87.44"/>
        <vehicle id="cfm-slow_3" eclass="HBEFA3/PC_G_EU4" CO2="16932.46" CO="274.91" HC="1.67" NOx="7.47" PMx="0.39" fuel="7.28" electricity="0.00" noise="76.93" route="routebottom" type="cfm-slow" waiting="0.00" lane="right_0" pos="27.20" speed="18.70" angle="315.57" x="108.71" y="115.40"/>
        <vehicle id="cfm-slow_4" eclass="HBEFA3/PC_G_EU4" CO2="19952.46" CO="336.00" HC="2.02" NOx="8.88" PMx="0.47" fuel="8.58" electricity="0.00" noise="79.25" route="routeright" type="cfm-slow" waiting="0.00" lane="right_0" pos="43.43" speed="19.31" angle="286.39" x="77.79" y="130.80"/>
        <vehicle id="cfm-slow_5" eclass="HBEFA3/PC_G_EU4" CO2="23029.99" CO="398.17" HC="2.38" NOx="10.31" PMx="0.55" fuel="9.90" electricity="0.00" noise="81.30" route="routetop" type="cfm-slow" waiting="0.00" lane="top_0" pos="10.31" speed="20.42" angle="255.94" x="41.78" y="128.70"/>
    </timestep>
    <timestep time="2.40">
        <vehicle id="cfm-fast_0" eclass="HBEFA3/PC_G_EU4" CO2="25162.25" CO="442.09" HC="2.64" NOx="11.28" PMx="0.61" fuel="10.82" electricity="0.00" noise="82.29" route="routetop" type="cfm-fast" waiting="0.00" lane="top_0" pos="28.56" speed="21.92" angle="223.10" x="10.05" y="106.46"/>
        <vehicle id="cfm-fast_1" eclass="HBEFA3/PC_G_EU4" CO2="34112.83" CO="627.25" HC="3.70" NOx="15.48" PMx="0.84" fuel="14.66" electricity="0.00" noise="88.44" route="routetop" type="cfm-fast" waiting="0.00" lane="top_0" pos="44.75" speed="22.79" angle="194.00" x="-4.01" y="75.01"/>
        <vehicle id="cfm-fast_2" eclass="HBEFA3/PC_G_EU4" CO2="45898.33" CO="875.15" HC="5.13" NOx="20.99" PMx="1.16" fuel="19.73" electricity="0.00" noise="95.01" route="routetop" type="cfm-fast" waiting="0.00" lane="left_0" pos="11.88" speed="25.06" angle="163.08" x="-0.20" y="38.61"/>
        <vehicle id="cfm-fast_3" eclass="HBEFA3/PC_G_EU4" CO2="30718.86" CO="579.03" HC="3.40" NOx="13.75" PMx="0.77" fuel="13.20" electricity="0.00" noise="83.91" route="routetop" type="cfm-fast" waiting="0.00" lane="left_0" pos="31.41" speed="28.54" angle="127.99" x="25.82" y="6.44"/>
        <vehicle id="cfm-fast_4" eclass="HBEFA3/PC_G_EU4" CO2="121553.29" CO="2478.57" HC="14.32" NOx="56.53" PMx="3.16" fuel="52.25" electricity="0.00" noise="130.46" route="routeleft" type="cfm-fast" waiting="0.00" lane="left_1" pos="48.17" speed="32.33" angle="97.82" x="59.89" y="-1.53"/>
        <vehicle id="cfm-fast_5" eclass="HBEFA3/PC_G_EU4" CO2="9339.92" CO="117.48" HC="0.77" NOx="3.79" PMx="0.20" fuel="4.01" electricity="0.00" noise="72.27" route="routebottom" type="cfm-fast" waiting="0.00" lane="bottom_0" pos="10.15" speed="22.97" angle="76.15" x="85.24" y="-1.47"/>
        <vehicle id="cfm-slow_0" eclass="HBEFA3/PC_G_EU4" CO2="13870.68" CO="212.62" HC="1.31" NOx="6.04" PMx="0.31" fuel="5.96" electricity="0.00" noise="74.47" route="routebottom" type="cfm-slow" waiting="0.00" lane="bottom_0" pos="29.72" speed="18.36" angle="41.01" x="118.79" y="22.84"/>
        <vehicle id="cfm-slow_1" eclass="HBEFA3/PC_G_EU4" CO2="14165.31" CO="218.63" HC="1.34" NOx="6.17" PMx="0.32" fuel="6.09" electricity="0.00" noise="74.70" route="routebottom" type="cfm-slow" waiting="0.00" lane="bottom_0" pos="45.56" speed="18.39" angle="12.55" x="131.59" y="54.04"/>
        <vehicle id="cfm-slow_2" eclass="HBEFA3/PC_G_EU4" CO2="15006.15" CO="235.74" HC="1.44" NOx="6.57" PMx="0.34" fuel="6.45" electricity="0.00" noise="75.38" route="routebottom" type="cfm-slow" waiting="0.00" lane="right_0" pos="11.42" speed="18.47" angle="343.84" x="127.88" y="87.81"/>
        <vehicle id="cfm-slow_3" eclass="HBEFA3/PC_G_EU4" CO2="16879.92" CO="273.77" HC="1.66" NOx="7.45" PMx="0.39" fuel="7.26" electricity="0.00" noise="76.88" route="routebottom" type="cfm-slow" waiting="0.00" lane="right_0" pos="27.39" speed="18.73" angle="315.21" x="108.41" y="115.66"/>
        <vehicle id="cfm-slow_4" eclass="HBEFA3/PC_G_EU4" CO2="19900.87" CO="334.88" HC="2.02" NOx="8.86" PMx="0.47" fuel="8.55" electricity="0.00" noise="79.20" route="routeright" type="cfm-slow" waiting="0.00" lane="right_0" pos="43.62" speed="19.35" angle="286.09" x="77.39" y="130.89"/>
        <vehicle id="cfm-slow_5" eclass="HBEFA3/PC_G_EU4" CO2="22967.18" CO="396.85" HC="2.37" NOx="10.28" PMx="0.55" fuel="9.87" electricity="0.00" noise="81.23" route="routetop" type="cfm-slow" waiting="0.00" lane="top_0" pos="10.51" speed="20.46" angle="255.55" x="41.37" y="128.55"/>
    </timestep>
    <timestep time="2.41">
        <vehicle id="cfm-fast_0" eclass="HBEFA3/PC_G_EU4" CO2="25125.42" CO="441.35" HC="2.63" NOx="11.26" PMx="0.61" fuel="10.80" electricity="0.00" noise="82.25" route="routetop" type="cfm-fast" waiting="0.00" lane="top_0" pos="28.78" speed="21.95" angle="222.70" x="9.76" y="106.09"/>
        <vehicle id="cfm-fast_1" eclass="HBEFA3/PC_G_EU4" CO2="34106.52" CO="627.19" HC="3.70" NOx="15.48" PMx="0.84" fuel="14.66" electricity="0.00" noise="88.40" route="routetop" type="cfm-fast" waiting="0.00" lane="top_0" pos="44.98" speed="22.84" angle="193.65" x="-4.09" y="74.53"/>
        <vehicle id="cfm-fast_2" eclass="HBEFA3/PC_G_EU4" CO2="45671.84" CO="870.70" HC="5.10" NOx="20.88" PMx="1.15" fuel="19.63" electricity="0.00" noise="94.81" route="routetop" type="cfm-fast" waiting="0.00" lane="left_0" pos="12.13" speed="25.13" angle="162.63" x="-0.00" y="38.11"/>
        <vehicle id="cfm-fast_3" eclass="HBEFA3/PC_G_EU4" CO2="29982.55" CO="564.08" HC="3.32" NOx="13.41" PMx="0.75" fuel="12.89" electricity="0.00" noise="83.50" route="routetop" type="cfm-fast" waiting="0.00" lane="left_0" pos="31.70" speed="28.57" angle="127.47" x="26.33" y="6.10"/>
        <vehicle id="cfm-fast_4" eclass="HBEFA3/PC_G_EU4" CO2="122089.67" CO="2490.89" HC="14.39" NOx="56.78" PMx="3.17" fuel="52.48" electricity="0.00" noise="130.52" route="routeleft" type="cfm-fast" waiting="0.00" lane="left_1" pos="48.50" speed="32.47" angle="97.22" x="60.55" y="-1.57"/>
        <vehicle id="cfm-fast_5" eclass="HBEFA3/PC_G_EU4" CO2="9116.99" CO="112.90" HC="0.74" NOx="3.68" PMx="0.19" fuel="3.92" electricity="0.00" noise="72.17" route="routebottom" type="cfm-fast" waiting="0.00" lane="bottom_0" pos="10.38" speed="22.98" angle="75.76" x="85.70" y="-1.31"/>
        <vehicle id="cfm-slow_0" eclass="HBEFA3/PC_G_EU4" CO2="13791.49" CO="210.94" HC="1.30" NOx="6.00" PMx="0.31" fuel="5.93" electricity="0.00" noise="74.40" route="routebottom" type="cfm-slow" waiting="0.00" lane="bottom_0" pos="29.90" speed="18.39" angle="40.67" x="119.02" y="23.16"/>
        <vehicle id="cfm-slow_1" eclass="HBEFA3/PC_G_EU4" CO2="14091.49" CO="217.06" HC="1.33" NOx="6.14" PMx="0.32" fuel="6.06" electricity="0.00" noise="74.64" route="routebottom" type="cfm-slow" waiting="0.00" lane="bottom_0" pos="45.74" speed="18.41" angle="12.22" x="131.64" y="54.44"/>
        <vehicle id="cfm-slow_2" eclass="HBEFA3/PC_G_EU4" CO2="14942.58" CO="234.38" HC="1.43" NOx="6.54" PMx="0.34" fuel="6.42" electricity="0.00" noise="75.32" route="routebottom" type="cfm-slow" waiting="0.00" lane="right_0" pos="11.61" speed="18.50" angle="343.54" x="127.73" y="88.18"/>
        <vehicle id="cfm-slow_3" eclass="HBEFA3/PC_G_EU4" CO2="16827.89" CO="272.64" HC="1.66" NOx="7.42" PMx="0.39" fuel="7.23" electricity="0.00" noise="76.83" route="routebottom" type="cfm-slow" waiting="0.00" lane="right_0" pos="27.57" speed="18.76" angle="314.86" x="108.10" y="115.92"/>
        <vehicle id="cfm-slow_4" eclass="HBEFA3/PC_G_EU4" CO2="19849.66" CO="333.78" HC="2.01" NOx="8.83" PMx="0.47" fuel="8.53" electricity="0.00" noise="79.14" route="routeright" type="cfm-slow" waiting="0.00" lane="right_0" pos="43.82" speed="19.38" angle="285.72" x="76.98" y="130.96"/>
        <vehicle id="cfm-slow_5" eclass="HBEFA3/PC_G_EU4" CO2="22905.05" CO="395.55" HC="2.37" NOx="10.25" PMx="0.55" fuel="9.85" electricity="0.00" noise="81.16" route="routetop" type="cfm-slow" waiting="0.00" lane="top_0" pos="10.72" speed="20.50" angle="255.17" x="40.95" y="128.40"/>
    </timestep>
    <timestep time="2.42">
        <vehicle id="cfm-fast_0" eclass="HBEFA3/PC_G_EU4" CO2="25089.60" CO="440.64" HC="2.63" NOx="11.24" PMx="0.61" fuel="10.78" electricity="0.00" noise="82.21" route="routetop" type="cfm-fast" waiting="0.00" lane="top_0" pos="29.00" speed="21.99" angle="222.30" x="9.47" y="105.72"/>
        <vehicle id="cfm-fast_1" eclass="HBEFA3/PC_G_EU4" CO2="34098.98" CO="627.11" HC="3.70" NOx="15.47" PMx="0.84" fuel="14.66" electricity="0.00" noise="88.36" route="routetop" type="cfm-fast" waiting="0.00" lane="top_0" pos="45.20" speed="22.90" angle="193.23" x="-4.16" y="74.04"/>
        <vehicle id="cfm-fast_2" eclass="HBEFA3/PC_G_EU4" CO2="45440.98" CO="866.15" HC="5.07" NOx="20.77" PMx="1.15" fuel="19.53" electricity="0.00" noise="94.61" route="routetop" type="cfm-fast" waiting="0.00" lane="left_0" pos="12.38" speed="25.19" angle="162.19" x="0.20" y="37.60"/>
        <vehicle id="cfm-fast_3" eclass="HBEFA3/PC_G_EU4" CO2="29253.20" CO="549.26" HC="3.23" NOx="13.06" PMx="0.73" fuel="12.57" electricity="0.00" noise="83.09" route="routetop" type="cfm-fast" waiting="0.00" lane="left_0" pos="31.98" speed="28.60" angle="126.98" x="26.84" y="5.76"/>
        <vehicle id="cfm-fast_4" eclass="HBEFA3/PC_G_EU4" CO2="122626.34" CO="2503.24" HC="14.46" NOx="57.03" PMx="3.19" fuel="52.71" electricity="0.00" noise="130.59" route="routeleft" type="cfm-fast" waiting="0.00" lane="left_1" pos="48.82" speed="32.60" angle="96.68" x="61.22" y="-1.60"/>
        <vehicle id="cfm-fast_5" eclass="HBEFA3/PC_G_EU4" CO2="8897.51" CO="108.39" HC="0.71" NOx="3.58" PMx="0.19" fuel="3.82" electricity="0.00" noise="72.08" route="routebottom" type="cfm-fast" waiting="0.00" lane="bottom_0" pos="10.61" speed="22.99" angle="75.33" x="86.17" y="-1.14"/>
        <vehicle id="cfm-slow_0" eclass="HBEFA3/PC_G_EU4" CO2="13712.86" CO="209.27" HC="1.29" NOx="5.96" PMx="0.31" fuel="5.89" electricity="0.00" noise="74.33" route="routebottom" type="cfm-slow" waiting="0.00" lane="bottom_0" pos="30.08" speed="18.41" angle="40.33" x="119.25" y="23.48"/>
        <vehicle id="cfm-slow_1" eclass="HBEFA3/PC_G_EU4" CO2="14018.29" CO="215.50" HC="1.32" NOx="6.10" PMx="0.31" fuel="6.03" electricity="0.00" noise="74.58" route="routebottom" type="cfm-slow" waiting="0.00" lane="bottom_0" pos="45.93" speed="18.43" angle="11.88" x="131.70" y="54.83"/>
        <vehicle id="cfm-slow_2" eclass="HBEFA3/PC_G_EU4" CO2="14879.64" CO="233.03" HC="1.43" NOx="6.51" PMx="0.34" fuel="6.40" electricity="0.00" noise="75.27" route="routebottom" type="cfm-slow" waiting="0.00" lane="right_0" pos="11.79" speed="18.52" angle="343.20" x="127.59" y="88.55"/>
        <vehicle id="cfm-slow_3" eclass="HBEFA3/PC_G_EU4" CO2="16776.38" CO="271.53" HC="1.65" NOx="7.40" PMx="0.39" fuel="7.21" electricity="0.00" noise="76.78" route="routebottom" type="cfm-slow" waiting="0.00" lane="right_0" pos="27.76" speed="18.79" angle="314.51" x="107.79" y="116.18"/>
        <vehicle id="cfm-slow_4" eclass="HBEFA3/PC_G_EU4" CO2="19798.82" CO="332.68" HC="2.00" NOx="8.81" PMx="0.47" fuel="8.51" electricity="0.00" noise="79.09" route="routeright" type="cfm-slow" waiting="0.00" lane="right_0" pos="44.01" speed="19.41" angle="285.35" x="76.57" y="131.04"/>
        <vehicle id="cfm-slow_5" eclass="HBEFA3/PC_G_EU4" CO2="22843.60" CO="394.27" HC="2.36" NOx="10.22" PMx="0.55" fuel="9.82" electricity="0.00" noise="81.10" route="routetop" type="cfm-slow" waiting="0.00" lane="top_0" pos="10.92" speed="20.54" angle="254.78" x="40.54" y="128.25"/>
    </timestep>
    <timestep time="2.43">
        <vehicle id="cfm-fast_0" eclass="HBEFA3/PC_G_EU4" CO2="25054.77" CO="439.95" HC="2.62" NOx="11.23" PMx="0.61" fuel="10.77" electricity="0.00" noise="82.17" route="routetop" type="cfm-fast" waiting="0.00" lane="top_0" pos="29.22" speed="22.03" angle="221.90" x="9.18" y="105.35"/>
        <vehicle id="cfm-fast_1" eclass="HBEFA3/PC_G_EU4" CO2="34090.18" CO="627.00" HC="3.70" NOx="15.47" PMx="0.84" fuel="14.65" electricity="0.00" noise="88.32" route="routetop" type="cfm-fast" waiting="0.00" lane="top_0" pos="45.43" speed="22.95" angle="192.80" x="-4.22" y="73.55"/>
        <vehicle id="cfm-fast_2" eclass="HBEFA3/PC_G_EU4" CO2="45205.83" CO="861.52" HC="5.05" NOx="20.66" PMx="1.14" fuel="19.43" electricity="0.00" noise="94.40" route="routetop" type="cfm-fast" waiting="0.00" lane="left_0" pos="12.63" speed="25.25" angle="161.74" x="0.40" y="37.10"/>
        <vehicle id="cfm-fast_3" eclass="HBEFA3/PC_G_EU4" CO2="28530.83" CO="534.58" HC="3.15" NOx="12.72" PMx="0.71" fuel="12.26" electricity="0.00" noise="82.69" route="routetop" type="cfm-fast" waiting="0.00" lane="left_0" pos="32.27" speed="28.63" angle="126.49" x="27.37" y="5.44"/>
        <vehicle id="cfm-fast_4" eclass="HBEFA3/PC_G_EU4" CO2="123163.31" CO="2515.61" HC="14.53" NOx="57.28" PMx="3.20" fuel="52.94" electricity="0.00" noise="130.65" route="routeleft" type="cfm-fast" waiting="0.00" lane="left_1" pos="49.15" speed="32.74" angle="96.06" x="61.89" y="-1.62"/>
        <vehicle id="cfm-fast_5" eclass="HBEFA3/PC_G_EU4" CO2="8681.44" CO="103.96" HC="0.69" NOx="3.48" PMx="0.18" fuel="3.73" electricity="0.00" noise="71.99" route="routebottom" type="cfm-fast" waiting="0.00" lane="bottom_0" pos="10.84" speed="23.00" angle="74.90" x="86.64" y="-0.98"/>
        <vehicle id="cfm-slow_0" eclass="HBEFA3/PC_G_EU4" CO2="13634.81" CO="207.61" HC="1.28" NOx="5.92" PMx="0.30" fuel="5.86" electricity="0.00" noise="74.27" route="routebottom" type="cfm-slow" waiting="0.00" lane="bottom_0" pos="30.27" speed="18.43" angle="40.00" x="119.48" y="23.80"/>
        <vehicle id="cfm-slow_1" eclass="HBEFA3/PC_G_EU4" CO2="13945.70" CO="213.95" HC="1.32" NOx="6.07" PMx="0.31" fuel="5.99" electricity="0.00" noise="74.52" route="routebottom" type="cfm-slow" waiting="0.00" lane="bottom_0" pos="46.11" speed="18.46" angle="11.57" x="131.76" y="55.22"/>
        <vehicle id="cfm-slow_2" eclass="HBEFA3/PC_G_EU4" CO2="14817.33" CO="231.69" HC="1.42" NOx="6.48" PMx="0.34" fuel="6.37" electricity="0.00" noise="75.21" route="routebottom" type="cfm-slow" waiting="0.00" lane="right_0" pos="11.98" speed="18.55" angle="342.86" x="127.44" y="88.92"/>
        <vehicle id="cfm-slow_3" eclass="HBEFA3/PC_G_EU4" CO2="16725.37" CO="270.42" HC="1.64" NOx="7.37" PMx="0.39" fuel="7.19" electricity="0.00" noise="76.73" route="routebottom" type="cfm-slow" waiting="0.00" lane="right_0" pos="27.95" speed="18.82" angle="314.16" x="107.48" y="116.44"/>
        <vehicle id="cfm-slow_4" eclass="HBEFA3/PC_G_EU4" CO2="19748.35" CO="331.60" HC="2.00" NOx="8.78" PMx="0.46" fuel="8.49" electricity="0.00" noise="79.03" route="routeright" type="cfm-slow" waiting="0.00" lane="right_0" pos="44.21" speed="19.45" angle="284.98" x="76.16" y="131.12"/>
        <vehicle id="cfm-slow_5" eclass="HBEFA3/PC_G_EU4" CO2="22782.82" CO="393.00" HC="2.35" NOx="10.19" PMx="0.55" fuel="9.79" electricity="0.00" noise="81.03" route="routetop" type="cfm-slow" waiting="0.00" lane="top_0" pos="11.13" speed="20.57" angle="254.39" x="40.12" y="128.10"/>
    </timestep>
    <timestep time="2.44">
        <vehicle id="cfm-fast_0" eclass="HBEFA3/PC_G_EU4" CO2="25020.90" CO="439.28" HC="2.62" NOx="11.21" PMx="0.61" fuel="10.76" electricity="0.00" noise="82.13" route="routetop" type="cfm-fast" waiting="0.00" lane="top_0" pos="29.44" speed="22.07" angle="221.53" x="8.88" y="104.97"/>
        <vehicle id="cfm-fast_1" eclass="HBEFA3/PC_G_EU4" CO2="34080.11" CO="626.87" HC="3.70" NOx="15.46" PMx="0.84" fuel="14.65" electricity="0.00" noise="88.28" route="routetop" type="cfm-fast" waiting="0.00" lane="top_0" pos="45.66" speed="23.00" angle="192.38" x="-4.29" y="73.06"/>
        <vehicle id="cfm-fast_2" eclass="HBEFA3/PC_G_EU4" CO2="44966.48" CO="856.81" HC="5.02" NOx="20.55" PMx="1.13" fuel="19.33" electricity="0.00" noise="94.19" route="routetop" type="cfm-fast" waiting="0.00" lane="left_0" pos="12.89" speed="25.31" angle="161.33" x="0.61" y="36.60"/>
        <vehicle id="cfm-fast_3" eclass="HBEFA3/PC_G_EU4" CO2="27815.48" CO="520.04" HC="3.06" NOx="12.38" PMx="0.70" fuel="11.96" electricity="0.00" noise="82.29" route="routetop" type="cfm-fast" waiting="0.00" lane="left_0" pos="32.56" speed="28.66" angle="125.96" x="27.90" y="5.12"/>
        <vehicle id="cfm-fast_4" eclass="HBEFA3/PC_G_EU4" CO2="123700.56" CO="2528.00" HC="14.60" NOx="57.54" PMx="3.22" fuel="53.17" electricity="0.00" noise="130.72" route="routeleft" type="cfm-fast" waiting="0.00" lane="left_1" pos="49.48" speed="32.88" angle="95.44" x="62.56" y="-1.63"/>
        <vehicle id="cfm-fast_5" eclass="HBEFA3/PC_G_EU4" CO2="8468.76" CO="99.59" HC="0.66" NOx="3.38" PMx="0.18" fuel="3.64" electricity="0.00" noise="71.90" route="routebottom" type="cfm-fast" waiting="0.00" lane="bottom_0" pos="11.07" speed="23.01" angle="74.47" x="87.10" y="-0.81"/>
        <vehicle id="cfm-slow_0" eclass="HBEFA3/PC_G_EU4" CO2="13557.32" CO="205.96" HC="1.27" NOx="5.89" PMx="0.30" fuel="5.83" electricity="0.00" noise="74.21" route="routebottom" type="cfm-slow" waiting="0.00" lane="bottom_0" pos="30.45" speed="18.45" angle="39.66" x="119.72" y="24.12"/>
        <vehicle id="cfm-slow_1" eclass="HBEFA3/PC_G_EU4" CO2="13873.72" CO="212.42" HC="1.31" NOx="6.03" PMx="0.31" fuel="5.96" electricity="0.00" noise="74.46" route="routebottom" type="cfm-slow" waiting="0.00" lane="bottom_0" pos="46.30" speed="18.48" angle="11.27" x="131.80" y="55.62"/>
        <vehicle id="cfm-slow_2" eclass="HBEFA3/PC_G_EU4" CO2="14755.63" CO="230.37" HC="1.41" NOx="6.45" PMx="0.33" fuel="6.34" electricity="0.00" noise="75.16" route="routebottom" type="cfm-slow" waiting="0.00" lane="right_0" pos="12.17" speed="18.57" angle="342.53" x="127.29" y="89.29"/>
        <vehicle id="cfm-slow_3" eclass="HBEFA3/PC_G_EU4" CO2="16674.87" CO="269.33" HC="1.64" NOx="7.35" PMx="0.38" fuel="7.17" electricity="0.00" noise="76.68" route="routebottom" type="cfm-slow" waiting="0.00" lane="right_0" pos="28.14" speed="18.84" angle="313.84" x="107.17" y="116.71"/>
        <vehicle id="cfm-slow_4" eclass="HBEFA3/PC_G_EU4" CO2="19698.27" CO="330.52" HC="1.99" NOx="8.76" PMx="0.46" fuel="8.47" electricity="0.00" noise="78.98" route="routeright" type="cfm-slow" waiting="0.00" lane="right_0" pos="44.40" speed="19.48" angle="284.61" x="75.74" y="131.19"/>
        <vehicle id="cfm-slow_5" eclass="HBEFA3/PC_G_EU4" CO2="22722.73" CO="391.74" HC="2.35" NOx="10.16" PMx="0.54" fuel="9.77" electricity="0.00" noise="80.97" route="routetop" type="cfm-slow" waiting="0.00" lane="top_0" pos="11.33" speed="20.61" angle="254.00" x="39.70" y="127.94"/>
    </timestep>
    <timestep time="2.45">
        <vehicle id="cfm-fast_0" eclass="HBEFA3/PC_G_EU4" CO2="24987.98" CO="438.63" HC="2.62" NOx="11.19" PMx="0.60" fuel="10.74" electricity="0.00" noise="82.09" route="routetop" type="cfm-fast" waiting="0.00" lane="top_0" pos="29.66" speed="22.10" angle="221.14" x="8.60" y="104.59"/>
        <vehicle id="cfm-fast_1" eclass="HBEFA3/PC_G_EU4" CO2="34068.73" CO="626.71" HC="3.70" NOx="15.46" PMx="0.84" fuel="14.64" electricity="0.00" noise="88.24" route="routetop" type="cfm-fast" waiting="0.00" lane="top_0" pos="45.89" speed="23.05" angle="191.96" x="-4.36" y="72.57"/>
        <vehicle id="cfm-fast_2" eclass="HBEFA3/PC_G_EU4" CO2="44723.01" CO="852.01" HC="4.99" NOx="20.43" PMx="1.13" fuel="19.22" electricity="0.00" noise="93.98" route="routetop" type="cfm-fast" waiting="0.00" lane="left_0" pos="13.14" speed="25.37" angle="160.86" x="0.84" y="36.10"/>
        <vehicle id="cfm-fast_3" eclass="HBEFA3/PC_G_EU4" CO2="27107.18" CO="505.64" HC="2.98" NOx="12.05" PMx="0.68" fuel="11.65" electricity="0.00" noise="81.91" route="routetop" type="cfm-fast" waiting="0.00" lane="left_0" pos="32.84" speed="28.69" angle="125.42" x="28.43" y="4.80"/>
        <vehicle id="cfm-fast_4" eclass="HBEFA3/PC_G_EU4" CO2="124238.11" CO="2540.41" HC="14.67" NOx="57.79" PMx="3.23" fuel="53.40" electricity="0.00" noise="130.78" route="routeleft" type="cfm-fast" waiting="0.00" lane="left_1" pos="49.81" speed="33.01" angle="94.82" x="63.24" y="-1.64"/>
        <vehicle id="cfm-fast_5" eclass="HBEFA3/PC_G_EU4" CO2="8259.43" CO="95.29" HC="0.64" NOx="3.28" PMx="0.17" fuel="3.55" electricity="0.00" noise="71.82" route="routebottom" type="cfm-fast" waiting="0.00" lane="bottom_0" pos="11.30" speed="23.01" angle="74.04" x="87.57" y="-0.64"/>
        <vehicle id="cfm-slow_0" eclass="HBEFA3/PC_G_EU4" CO2="13480.39" CO="204.33" HC="1.26" NOx="5.85" PMx="0.30" fuel="5.79" electricity="0.00" noise="74.14" route="routebottom" type="cfm-slow" waiting="0.00" lane="bottom_0" pos="30.64" speed="18.48" angle="39.32" x="119.95" y="24.44"/>
        <vehicle id="cfm-slow_1" eclass="HBEFA3/PC_G_EU4" CO2="13802.36" CO="210.90" HC="1.30" NOx="6.00" PMx="0.31" fuel="5.93" electricity="0.00" noise="74.40" route="routebottom" type="cfm-slow" waiting="0.00" lane="bottom_0" pos="46.48" speed="18.50" angle="10.93" x="131.84" y="56.01"/>
        <vehicle id="cfm-slow_2" eclass="HBEFA3/PC_G_EU4" CO2="14694.55" CO="229.06" HC="1.40" NOx="6.42" PMx="0.33" fuel="6.32" electricity="0.00" noise="75.11" route="routebottom" type="cfm-slow" waiting="0.00" lane="right_0" pos="12.35" speed="18.60" angle="342.19" x="127.14" y="89.66"/>
        <vehicle id="cfm-slow_3" eclass="HBEFA3/PC_G_EU4" CO2="16624.88" CO="268.25" HC="1.63" NOx="7.32" PMx="0.38" fuel="7.15" electricity="0.00" noise="76.63" route="routebottom" type="cfm-slow" waiting="0.00" lane="right_0" pos="28.33" speed="18.87" angle="313.53" x="106.86" y="116.96"/>
        <vehicle id="cfm-slow_4" eclass="HBEFA3/PC_G_EU4" CO2="19648.57" CO="329.45" HC="1.98" NOx="8.74" PMx="0.46" fuel="8.45" electricity="0.00" noise="78.93" route="routeright" type="cfm-slow" waiting="0.00" lane="right_0" pos="44.59" speed="19.51" angle="284.24" x="75.33" y="131.27"/>
        <vehicle id="cfm-slow_5" eclass="HBEFA3/PC_G_EU4" CO2="22663.33" CO="390.50" HC="2.34" NOx="10.13" PMx="0.54" fuel="9.74" electricity="0.00" noise="80.91" route="routetop" type="cfm-slow" waiting="0.00" lane="top_0" pos="11.54" speed="20.64" angle="253.68" x="39.29" y="127.79"/>
    </timestep>
    <timestep time="2.46">
        <vehicle id="cfm-fast_0" eclass="HBEFA3/PC_G_EU4" CO2="24955.98" CO="438.01" HC="2.61" NOx="11.18" PMx="0.60" fuel="10.73" electricity="0.00" noise="82.05" route="routetop" type="cfm-fast" waiting="0.00" lane="top_0" pos="29.88" speed="22.14" angle="220.73" x="8.32" y="104.20"/>
        <vehicle id="cfm-fast_1" eclass="HBEFA3/PC_G_EU4" CO2="34056.01" CO="626.53" HC="3.70" NOx="15.45" PMx="0.84" fuel="14.64" electricity="0.00" noise="88.20" route="routetop" type="cfm-fast" waiting="0.00" lane="top_0" pos="46.13" speed="23.10" angle="191.56" x="-4.43" y="72.08"/>
        <vehicle id="cfm-fast_2" eclass="HBEFA3/PC_G_EU4" CO2="44475.51" CO="847.13" HC="4.96" NOx="20.31" PMx="1.12" fuel="19.12" electricity="0.00" noise="93.78" route="routetop" type="cfm-fast" waiting="0.00" lane="left_0" pos="13.39" speed="25.43" angle="160.39" x="1.06" y="35.60"/>
        <vehicle id="cfm-fast_3" eclass="HBEFA3/PC_G_EU4" CO2="26405.95" CO="491.38" HC="2.90" NOx="11.71" PMx="0.66" fuel="11.35" electricity="0.00" noise="81.53" route="routetop" type="cfm-fast" waiting="0.00" lane="left_0" pos="33.13" speed="28.72" angle="124.88" x="28.95" y="4.48"/>
        <vehicle id="cfm-fast_4" eclass="HBEFA3/PC_G_EU4" CO2="124775.95" CO="2552.84" HC="14.74" NOx="58.04" PMx="3.25" fuel="53.63" electricity="0.00" noise="130.85" route="routebottom" type="cfm-fast" waiting="0.00" lane="bottom_1" pos="0.14" speed="33.15" angle="94.23" x="63.98" y="-1.64"/>
        <vehicle id="cfm-fast_5" eclass="HBEFA3/PC_G_EU4" CO2="8053.42" CO="91.06" HC="0.61" NOx="3.18" PMx="0.16" fuel="3.46" electricity="0.00" noise="71.74" route="routebottom" type="cfm-fast" waiting="0.00" lane="bottom_0" pos="11.53" speed="23.02" angle="73.68" x="88.03" y="-0.47"/>
        <vehicle id="cfm-slow_0" eclass="HBEFA3/PC_G_EU4" CO2="13404.04" CO="202.71" HC="1.25" NOx="5.81" PMx="0.30" fuel="5.76" electricity="0.00" noise="74.08" route="routebottom" type="cfm-slow" waiting="0.00" lane="bottom_0" pos="30.82" speed="18.50" angle="39.04" x="120.18" y="24.77"/>
        <vehicle id="cfm-slow_1" eclass="HBEFA3/PC_G_EU4" CO2="13731.61" CO="209.39" HC="1.29" NOx="5.97" PMx="0.31" fuel="5.90" electricity="0.00" noise="74.34" route="routebottom" type="cfm-slow" waiting="0.00" lane="bottom_0" pos="46.67" speed="18.52" angle="10.59" x="131.88" y="56.41"/>
        <vehicle id="cfm-slow_2" eclass="HBEFA3/PC_G_EU4" CO2="14634.09" CO="227.76" HC="1.40" NOx="6.39" PMx="0.33" fuel="6.29" electricity="0.00" noise="75.05" route="routebottom" type="cfm-slow" waiting="0.00" lane="right_0" pos="12.54" speed="18.62" angle="341.85" x="126.99" y="90.04"/>
        <vehicle id="cfm-slow_3" eclass="HBEFA3/PC_G_EU4" CO2="16575.38" CO="267.18" HC="1.62" NOx="7.30" PMx="0.38" fuel="7.12" electricity="0.00" noise="76.59" route="routebottom" type="cfm-slow" waiting="0.00" lane="right_0" pos="28.52" speed="18.90" angle="313.18" x="106.54" y="117.21"/>
        <vehicle id="cfm-slow_4" eclass="HBEFA3/PC_G_EU4" CO2="19599.25" CO="328.39" HC="1.98" NOx="8.71" PMx="0.46" fuel="8.42" electricity="0.00" noise="78.88" route="routeright" type="cfm-slow" waiting="0.00" lane="right_0" pos="44.79" speed="19.54" angle="283.88" x="74.92" y="131.34"/>
        <vehicle id="cfm-slow_5" eclass="HBEFA3/PC_G_EU4" CO2="22604.61" CO="389.28" HC="2.33" NOx="10.10" PMx="0.54" fuel="9.72" electricity="0.00" noise="80.85" route="routetop" type="cfm-slow" waiting="0.00" lane="top_0" pos="11.75" speed="20.68" angle="253.30" x="38.87" y="127.63"/>
    </timestep>
    <timestep time="2.47">
        <vehicle id="cfm-fast_0" eclass="HBEFA3/PC_G_EU4" CO2="24924.89" CO="437.40" HC="2.61" NOx="11.16" PMx="0.60" fuel="10.71" electricity="0.00" noise="82.01" route="routetop" type="cfm-fast" waiting="0.00" lane="top_0" pos="30.11" speed="22.18" angle="220.32" x="8.04" y="103.81"/>
        <vehicle id="cfm-fast_1" eclass="HBEFA3/PC_G_EU4" CO2="34041.94" CO="626.32" HC="3.70" NOx="15.44" PMx="0.84" fuel="14.63" electricity="0.00" noise="88.16" route="routetop" type="cfm-fast" waiting="0.00" lane="top_0" pos="46.36" speed="23.15" angle="191.16" x="-4.49" y="71.58"/>
        <vehicle id="cfm-fast_2" eclass="HBEFA3/PC_G_EU4" CO2="44224.05" CO="842.17" HC="4.93" NOx="20.19" PMx="1.11" fuel="19.01" electricity="0.00" noise="93.56" route="routetop" type="cfm-fast" waiting="0.00" lane="left_0" pos="13.65" speed="25.49" angle="159.91" x="1.29" y="35.10"/>
        <vehicle id="cfm-fast_3" eclass="HBEFA3/PC_G_EU4" CO2="25711.82" CO="477.27" HC="2.82" NOx="11.39" PMx="0.64" fuel="11.05" electricity="0.00" noise="81.16" route="routetop" type="cfm-fast" waiting="0.00" lane="left_0" pos="33.42" speed="28.75" angle="124.41" x="29.49" y="4.17"/>
        <vehicle id="cfm-fast_4" eclass="HBEFA3/PC_G_EU4" CO2="125314.08" CO="2565.29" HC="14.81" NOx="58.29" PMx="3.26" fuel="53.87" electricity="0.00" noise="130.91" route="routebottom" type="cfm-fast" waiting="0.00" lane="bottom_1" pos="0.47" speed="33.28" angle="93.63" x="64.66" y="-1.63"/>
        <vehicle id="cfm-fast_5" eclass="HBEFA3/PC_G_EU4" CO2="7850.70" CO="86.90" HC="0.59" NOx="3.09" PMx="0.16" fuel="3.37" electricity="0.00" noise="71.66" route="routebottom" type="cfm-fast" waiting="0.00" lane="bottom_0" pos="11.76" speed="23.03" angle="73.27" x="88.49" y="-0.29"/>
        <vehicle id="cfm-slow_0" eclass="HBEFA3/PC_G_EU4" CO2="13328.24" CO="201.10" HC="1.24" NOx="5.78" PMx="0.30" fuel="5.73" electricity="0.00" noise="74.02" route="routebottom" type="cfm-slow" waiting="0.00" lane="bottom_0" pos="31.01" speed="18.52" angle="38.71" x="120.40" y="25.10"/>
        <vehicle id="cfm-slow_1" eclass="HBEFA3/PC_G_EU4" CO2="13661.47" CO="207.90" HC="1.28" NOx="5.93" PMx="0.31" fuel="5.87" electricity="0.00" noise="74.28" route="routebottom" type="cfm-slow" waiting="0.00" lane="bottom_0" pos="46.85" speed="18.55" angle="10.25" x="131.92" y="56.81"/>
        <vehicle id="cfm-slow_2" eclass="HBEFA3/PC_G_EU4" CO2="14574.25" CO="226.48" HC="1.39" NOx="6.36" PMx="0.33" fuel="6.26" electricity="0.00" noise="75.00" route="routebottom" type="cfm-slow" waiting="0.00" lane="right_0" pos="12.72" speed="18.65" angle="341.53" x="126.84" y="90.41"/>
        <vehicle id="cfm-slow_3" eclass="HBEFA3/PC_G_EU4" CO2="16526.40" CO="266.12" HC="1.62" NOx="7.28" PMx="0.38" fuel="7.10" electricity="0.00" noise="76.54" route="routebottom" type="cfm-slow" waiting="0.00" lane="right_0" pos="28.70" speed="18.93" angle="312.84" x="106.22" y="117.46"/>
        <vehicle id="cfm-slow_4" eclass="HBEFA3/PC_G_EU4" CO2="19550.32" CO="327.34" HC="1.97" NOx="8.69" PMx="0.46" fuel="8.40" electricity="0.00" noise="78.82" route="routeright" type="cfm-slow" waiting="0.00" lane="right_0" pos="44.99" speed="19.58" angle="283.58" x="74.50" y="131.41"/>
        <vehicle id="cfm-slow_5" eclass="HBEFA3/PC_G_EU4" CO2="22546.59" CO="388.07" HC="2.32" NOx="10.07" PMx="0.54" fuel="9.69" electricity="0.00" noise="80.79" route="routetop" type="cfm-slow" waiting="0.00" lane="top_0" pos="11.95" speed="20.72" angle="252.92" x="38.46" y="127.46"/>
    </timestep>
    <timestep time="2.48">
        <vehicle id="cfm-fast_0" eclass="HBEFA3/PC_G_EU4" CO2="24894.68" CO="436.81" HC="2.61" NOx="11.15" PMx="0.60" fuel="10.70" electricity="0.00" noise="81.98" route="routetop" type="cfm-fast" waiting="0.00" lane="top_0" pos="30.33" speed="22.21" angle="219.91" x="7.77" y="103.43"/>
        <vehicle id="cfm-fast_1" eclass="HBEFA3/PC_G_EU4" CO2="34026.49" CO="626.09" HC="3.70" NOx="15.43" PMx="0.84" fuel="14.63" electricity="0.00" noise="88.12" route="routetop" type="cfm-fast" waiting="0.00" lane="top_0" pos="46.59" speed="23.20" angle="190.74" x="-4.54" y="71.08"/>
        <vehicle id="cfm-fast_2" eclass="HBEFA3/PC_G_EU4" CO2="43968.73" CO="837.13" HC="4.91" NOx="20.07" PMx="1.11" fuel="18.90" electricity="0.00" noise="93.35" route="routetop" type="cfm-fast" waiting="0.00" lane="left_0" pos="13.91" speed="25.55" angle="159.44" x="1.51" y="34.60"/>
        <vehicle id="cfm-fast_3" eclass="HBEFA3/PC_G_EU4" CO2="25024.82" CO="463.29" HC="2.74" NOx="11.06" PMx="0.62" fuel="10.76" electricity="0.00" noise="80.80" route="routetop" type="cfm-fast" waiting="0.00" lane="left_0" pos="33.71" speed="28.77" angle="123.88" x="30.03" y="3.87"/>
        <vehicle id="cfm-fast_4" eclass="HBEFA3/PC_G_EU4" CO2="125852.50" CO="2577.77" HC="14.88" NOx="58.54" PMx="3.28" fuel="54.10" electricity="0.00" noise="130.98" route="routebottom" type="cfm-fast" waiting="0.00" lane="bottom_1" pos="0.81" speed="33.42" angle="93.01" x="65.35" y="-1.62"/>
        <vehicle id="cfm-fast_5" eclass="HBEFA3/PC_G_EU4" CO2="7651.24" CO="82.80" HC="0.57" NOx="2.99" PMx="0.15" fuel="3.29" electricity="0.00" noise="71.58" route="routebottom" type="cfm-fast" waiting="0.00" lane="bottom_0" pos="11.99" speed="23.03" angle="72.86" x="88.95" y="-0.10"/>
        <vehicle id="cfm-slow_0" eclass="HBEFA3/PC_G_EU4" CO2="13253.02" CO="199.50" HC="1.23" NOx="5.74" PMx="0.29" fuel="5.70" electricity="0.00" noise="73.96" route="routebottom" type="cfm-slow" waiting="0.00" lane="bottom_0" pos="31.19" speed="18.54" angle="38.37" x="120.62" y="25.43"/>
        <vehicle id="cfm-slow_1" eclass="HBEFA3/PC_G_EU4" CO2="13591.94" CO="206.42" HC="1.27" NOx="5.90" PMx="0.30" fuel="5.84" electricity="0.00" noise="74.22" route="routebottom" type="cfm-slow" waiting="0.00" lane="bottom_0" pos="47.04" speed="18.57" angle="9.91" x="131.96" y="57.20"/>
        <vehicle id="cfm-slow_2" eclass="HBEFA3/PC_G_EU4" CO2="14515.02" CO="225.21" HC="1.38" NOx="6.33" PMx="0.33" fuel="6.24" electricity="0.00" noise="74.95" route="routebottom" type="cfm-slow" waiting="0.00" lane="right_0" pos="12.91" speed="18.67" angle="341.23" x="126.68" y="90.78"/>
        <vehicle id="cfm-slow_3" eclass="HBEFA3/PC_G_EU4" CO2="16477.91" CO="265.07" HC="1.61" NOx="7.25" PMx="0.38" fuel="7.08" electricity="0.00" noise="76.49" route="routebottom" type="cfm-slow" waiting="0.00" lane="right_0" pos="28.89" speed="18.95" angle="312.49" x="105.90" y="117.71"/>
        <vehicle id="cfm-slow_4" eclass="HBEFA3/PC_G_EU4" CO2="19501.78" CO="326.30" HC="1.97" NOx="8.66" PMx="0.46" fuel="8.38" electricity="0.00" noise="78.77" route="routeright" type="cfm-slow" waiting="0.00" lane="right_0" pos="45.18" speed="19.61" angle="283.23" x="74.08" y="131.47"/>
        <vehicle id="cfm-slow_5" eclass="HBEFA3/PC_G_EU4" CO2="22489.27" CO="386.88" HC="2.32" NOx="10.05" PMx="0.54" fuel="9.67" electricity="0.00" noise="80.73" route="routetop" type="cfm-slow" waiting="0.00" lane="top_0" pos="12.16" speed="20.75" angle="252.55" x="38.04" y="127.30"/>
    </timestep>
    <timestep time="2.49">
        <vehicle id="cfm-fast_0" eclass="HBEFA3/PC_G_EU4" CO2="24865.33" CO="436.24" HC="2.60" NOx="11.13" PMx="0.60" fuel="10.69" electricity="0.00" noise="81.94" route="routetop" type="cfm-fast" waiting="0.00" lane="top_0" pos="30.55" speed="22.25" angle="219.49" x="7.49" y="103.04"/>
        <vehicle id="cfm-fast_1" eclass="HBEFA3/PC_G_EU4" CO2="34009.64" CO="625.83" HC="3.69" NOx="15.42" PMx="0.84" fuel="14.62" electricity="0.00" noise="88.07" route="routetop" type="cfm-fast" waiting="0.00" lane="top_0" pos="46.82" speed="23.25" angle="190.31" x="-4.59" y="70.59"/>
        <vehicle id="cfm-fast_2" eclass="HBEFA3/PC_G_EU4" CO2="43709.63" CO="832.01" HC="4.88" NOx="19.95" PMx="1.10" fuel="18.79" electricity="0.00" noise="93.14" route="routetop" type="cfm-fast" waiting="0.00" lane="left_0" pos="14.16" speed="25.61" angle="159.02" x="1.75" y="34.10"/>
        <vehicle id="cfm-fast_3" eclass="HBEFA3/PC_G_EU4" CO2="24344.95" CO="449.45" HC="2.66" NOx="10.74" PMx="0.61" fuel="10.46" electricity="0.00" noise="80.45" route="routetop" type="cfm-fast" waiting="0.00" lane="left_0" pos="33.99" speed="28.80" angle="123.35" x="30.57" y="3.57"/>
        <vehicle id="cfm-fast_4" eclass="HBEFA3/PC_G_EU4" CO2="126391.21" CO="2590.27" HC="14.95" NOx="58.79" PMx="3.29" fuel="54.33" electricity="0.00" noise="131.04" route="routebottom" type="cfm-fast" waiting="0.00" lane="bottom_1" pos="1.14" speed="33.56" angle="92.40" x="66.04" y="-1.60"/>
        <vehicle id="cfm-fast_5" eclass="HBEFA3/PC_G_EU4" CO2="7455.01" CO="78.77" HC="0.54" NOx="2.90" PMx="0.15" fuel="3.20" electricity="0.00" noise="71.51" route="routebottom" type="cfm-fast" waiting="0.00" lane="bottom_0" pos="12.23" speed="23.04" angle="72.45" x="89.41" y="0.08"/>
        <vehicle id="cfm-slow_0" eclass="HBEFA3/PC_G_EU4" CO2="13178.36" CO="197.92" HC="1.22" NOx="5.70" PMx="0.29" fuel="5.66" electricity="0.00" noise="73.90" route="routebottom" type="cfm-slow" waiting="0.00" lane="bottom_0" pos="31.38" speed="18.56" angle="38.04" x="120.85" y="25.76"/>
        <vehicle id="cfm-slow_1" eclass="HBEFA3/PC_G_EU4" CO2="13523.02" CO="204.95" HC="1.26" NOx="5.87" PMx="0.30" fuel="5.81" electricity="0.00" noise="74.17" route="routebottom" type="cfm-slow" waiting="0.00" lane="bottom_0" pos="47.22" speed="18.59" angle="9.57" x="132.00" y="57.60"/>
        <vehicle id="cfm-slow_2" eclass="HBEFA3/PC_G_EU4" CO2="14456.40" CO="223.96" HC="1.37" NOx="6.30" PMx="0.33" fuel="6.21" electricity="0.00" noise="74.90" route="routebottom" type="cfm-slow" waiting="0.00" lane="right_0" pos="13.10" speed="18.69" angle="340.89" x="126.52" y="91.14"/>
        <vehicle id="cfm-slow_3" eclass="HBEFA3/PC_G_EU4" CO2="16429.91" CO="264.03" HC="1.61" NOx="7.23" PMx="0.38" fuel="7.06" electricity="0.00" noise="76.45" route="routebottom" type="cfm-slow" waiting="0.00" lane="right_0" pos="29.08" speed="18.98" angle="312.14" x="105.57" y="117.97"/>
        <vehicle id="cfm-slow_4" eclass="HBEFA3/PC_G_EU4" CO2="19453.62" CO="325.27" HC="1.96" NOx="8.64" PMx="0.46" fuel="8.36" electricity="0.00" noise="78.72" route="routeright" type="cfm-slow" waiting="0.00" lane="right_0" pos="45.38" speed="19.64" angle="282.87" x="73.67" y="131.53"/>
        <vehicle id="cfm-slow_5" eclass="HBEFA3/PC_G_EU4" CO2="22432.64" CO="385.70" HC="2.31" NOx="10.02" PMx="0.54" fuel="9.64" electricity="0.00" noise="80.67" route="routetop" type="cfm-slow" waiting="0.00" lane="top_0" pos="12.37" speed="20.79" angle="252.17" x="37.63" y="127.13"/>
    </timestep>
    <timestep time="2.50">
        <vehicle id="cfm-fast_0" eclass="HBEFA3/PC_G_EU4" CO2="24836.82" CO="435.68" HC="2.60" NOx="11.12" PMx="0.60" fuel="10.68" electricity="0.00" noise="81.91" route="routetop" type="cfm-fast" waiting="0.00" lane="top_0" pos="30.77" speed="22.29" angle="219.14" x="7.21" y="102.65"/>
        <vehicle id="cfm-fast_1" eclass="HBEFA3/PC_G_EU4" CO2="33991.35" CO="625.54" HC="3.69" NOx="15.41" PMx="0.84" fuel="14.61" electricity="0.00" noise="88.03" route="routetop" type="cfm-fast" waiting="0.00" lane="top_0" pos="47.05" speed="23.30" angle="189.88" x="-4.64" y="70.09"/>
        <vehicle id="cfm-fast_2" eclass="HBEFA3/PC_G_EU4" CO2="43446.83" CO="826.82" HC="4.85" NOx="19.82" PMx="1.09" fuel="18.68" electricity="0.00" noise="92.93" route="routetop" type="cfm-fast" waiting="0.00" lane="left_0" pos="14.42" speed="25.67" angle="158.54" x="1.99" y="33.60"/>
        <vehicle id="cfm-fast_3" eclass="HBEFA3/PC_G_EU4" CO2="23672.23" CO="435.76" HC="2.58" NOx="10.42" PMx="0.59" fuel="10.18" electricity="0.00" noise="80.11" route="routetop" type="cfm-fast" waiting="0.00" lane="left_0" pos="34.28" speed="28.82" angle="122.82" x="31.12" y="3.27"/>
        <vehicle id="cfm-fast_4" eclass="HBEFA3/PC_G_EU4" CO2="126930.22" CO="2602.79" HC="15.02" NOx="59.04" PMx="3.31" fuel="54.56" electricity="0.00" noise="131.11" route="routebottom" type="cfm-fast" waiting="0.00" lane="bottom_1" pos="1.48" speed="33.69" angle="91.83" x="66.73" y="-1.57"/>
        <vehicle id="cfm-fast_5" eclass="HBEFA3/PC_G_EU4" CO2="7261.97" CO="74.81" HC="0.52" NOx="2.81" PMx="0.14" fuel="3.12" electricity="0.00" noise="71.44" route="routebottom" type="cfm-fast" waiting="0.00" lane="bottom_0" pos="12.46" speed="23.05" angle="72.04" x="89.87" y="0.26"/>
        <vehicle id="cfm-slow_0" eclass="HBEFA3/PC_G_EU4" CO2="13104.26" CO="196.35" HC="1.21" NOx="5.67" PMx="0.29" fuel="5.63" electricity="0.00" noise="73.84" route="routebottom" type="cfm-slow" waiting="0.00" lane="bottom_0" pos="31.56" speed="18.58" angle="37.71" x="121.07" y="26.10"/>
        <vehicle id="cfm-slow_1" eclass="HBEFA3/PC_G_EU4" CO2="13454.71" CO="203.50" HC="1.26" NOx="5.83" PMx="0.30" fuel="5.78" electricity="0.00" noise="74.11" route="routebottom" type="cfm-slow" waiting="0.00" lane="bottom_0" pos="47.41" speed="18.61" angle="9.26" x="132.04" y="58.00"/>
        <vehicle id="cfm-slow_2" eclass="HBEFA3/PC_G_EU4" CO2="14398.39" CO="222.71" HC="1.37" NOx="6.28" PMx="0.32" fuel="6.19" electricity="0.00" noise="74.85" route="routebottom" type="cfm-slow" waiting="0.00" lane="right_0" pos="13.29" speed="18.72" angle="340.55" x="126.36" y="91.51"/>
        <vehicle id="cfm-slow_3" eclass="HBEFA3/PC_G_EU4" CO2="16382.42" CO="263.00" HC="1.60" NOx="7.21" PMx="0.38" fuel="7.04" electricity="0.00" noise="76.40" route="routebottom" type="cfm-slow" waiting="0.00" lane="right_0" pos="29.27" speed="19.01" angle="311.80" x="105.25" y="118.22"/>
        <vehicle id="cfm-slow_4" eclass="HBEFA3/PC_G_EU4" CO2="19405.86" CO="324.25" HC="1.95" NOx="8.62" PMx="0.46" fuel="8.34" electricity="0.00" noise="78.67" route="routeright" type="cfm-slow" waiting="0.00" lane="right_0" pos="45.58" speed="19.67" angle="282.52" x="73.25" y="131.59"/>
        <vehicle id="cfm-slow_5" eclass="HBEFA3/PC_G_EU4" CO2="22376.71" CO="384.54" HC="2.30" NOx="9.99" PMx="0.53" fuel="9.62" electricity="0.00" noise="80.62" route="routetop" type="cfm-slow" waiting="0.00" lane="top_0" pos="12.58" speed="20.82" angle="251.79" x="37.21" y="126.96"/>
    </timestep>
    <timestep time="2.51">
        <vehicle id="cfm-fast_0" eclass="HBEFA3/PC_G_EU4" CO2="24809.13" CO="435.15" HC="2.60" NOx="11.10" PMx="0.60" fuel="10.66" electricity="0.00" noise="81.87" route="routetop" type="cfm-fast" waiting="0.00" lane="top_0" pos="31.00" speed="22.32" angle="218.74" x="6.94" y="102.25"/>
        <vehicle id="cfm-fast_1" eclass="HBEFA3/PC_G_EU4" CO2="33971.63" CO="625.22" HC="3.69" NOx="15.40" PMx="0.84" fuel="14.60" electricity="0.00" noise="87.98" route="routetop" type="cfm-fast" waiting="0.00" lane="top_0" pos="47.29" speed="23.35" angle="189.45" x="-4.69" y="69.59"/>
        <vehicle id="cfm-fast_2" eclass="HBEFA3/PC_G_EU4" CO2="43180.42" CO="821.55" HC="4.82" NOx="19.70" PMx="1.09" fuel="18.56" electricity="0.00" noise="92.71" route="routetop" type="cfm-fast" waiting="0.00" lane="left_0" pos="14.68" speed="25.73" angle="158.06" x="2.24" y="33.11"/>
        <vehicle id="cfm-fast_3" eclass="HBEFA3/PC_G_EU4" CO2="23006.68" CO="422.20" HC="2.50" NOx="10.11" PMx="0.57" fuel="9.89" electricity="0.00" noise="79.77" route="routetop" type="cfm-fast" waiting="0.00" lane="left_0" pos="34.57" speed="28.85" angle="122.33" x="31.66" y="2.97"/>
        <vehicle id="cfm-fast_4" eclass="HBEFA3/PC_G_EU4" CO2="127469.52" CO="2615.33" HC="15.09" NOx="59.29" PMx="3.32" fuel="54.79" electricity="0.00" noise="131.18" route="routebottom" type="cfm-fast" waiting="0.00" lane="bottom_1" pos="1.82" speed="33.83" angle="91.22" x="67.42" y="-1.53"/>
        <vehicle id="cfm-fast_5" eclass="HBEFA3/PC_G_EU4" CO2="7072.10" CO="70.91" HC="0.50" NOx="2.72" PMx="0.14" fuel="3.04" electricity="0.00" noise="71.37" route="routebottom" type="cfm-fast" waiting="0.00" lane="bottom_0" pos="12.69" speed="23.05" angle="71.64" x="90.33" y="0.45"/>
        <vehicle id="cfm-slow_0" eclass="HBEFA3/PC_G_EU4" CO2="13030.72" CO="194.79" HC="1.21" NOx="5.63" PMx="0.29" fuel="5.60" electricity="0.00" noise="73.78" route="routebottom" type="cfm-slow" waiting="0.00" lane="bottom_0" pos="31.75" speed="18.60" angle="37.37" x="121.29" y="26.43"/>
        <vehicle id="cfm-slow_1" eclass="HBEFA3/PC_G_EU4" CO2="13387.00" CO="202.06" HC="1.25" NOx="5.80" PMx="0.30" fuel="5.75" electricity="0.00" noise="74.06" route="routebottom" type="cfm-slow" waiting="0.00" lane="bottom_0" pos="47.60" speed="18.63" angle="8.95" x="132.07" y="58.40"/>
        <vehicle id="cfm-slow_2" eclass="HBEFA3/PC_G_EU4" CO2="14340.98" CO="221.49" HC="1.36" NOx="6.25" PMx="0.32" fuel="6.16" electricity="0.00" noise="74.80" route="routebottom" type="cfm-slow" waiting="0.00" lane="right_0" pos="13.47" speed="18.74" angle="340.21" x="126.19" y="91.88"/>
        <vehicle id="cfm-slow_3" eclass="HBEFA3/PC_G_EU4" CO2="16335.41" CO="261.99" HC="1.59" NOx="7.18" PMx="0.38" fuel="7.02" electricity="0.00" noise="76.36" route="routebottom" type="cfm-slow" waiting="0.00" lane="right_0" pos="29.46" speed="19.04" angle="311.50" x="104.93" y="118.47"/>
        <vehicle id="cfm-slow_4" eclass="HBEFA3/PC_G_EU4" CO2="19358.50" CO="323.23" HC="1.95" NOx="8.59" PMx="0.45" fuel="8.32" electricity="0.00" noise="78.63" route="routeright" type="cfm-slow" waiting="0.00" lane="right_0" pos="45.77" speed="19.70" angle="282.16" x="72.83" y="131.65"/>
        <vehicle id="cfm-slow_5" eclass="HBEFA3/PC_G_EU4" CO2="22321.49" CO="383.39" HC="2.30" NOx="9.96" PMx="0.53" fuel="9.59" electricity="0.00" noise="80.56" route="routetop" type="cfm-slow" waiting="0.00" lane="top_0" pos="12.79" speed="20.86" angle="251.47" x="36.80" y="126.80"/>
    </timestep>
    <timestep time="2.52">
        <vehicle id="cfm-fast_0" eclass="HBEFA3/PC_G_EU4" CO2="24782.23" CO="434.63" HC="2.59" NOx="11.09" PMx="0.60" fuel="10.65" electricity="0.00" noise="81.84" route="routetop" type="cfm-fast" waiting="0.00" lane="top_0" pos="31.22" speed="22.36" angle="218.34" x="6.67" y="101.85"/>
        <vehicle id="cfm-fast_1" eclass="HBEFA3/PC_G_EU4" CO2="33950.43" CO="624.88" HC="3.69" NOx="15.39" PMx="0.84" fuel="14.59" electricity="0.00" noise="87.94" route="routetop" type="cfm-fast" waiting="0.00" lane="top_0" pos="47.52" speed="23.40" angle="189.08" x="-4.74" y="69.09"/>
        <vehicle id="cfm-fast_2" eclass="HBEFA3/PC_G_EU4" CO2="42910.48" CO="816.22" HC="4.78" NOx="19.57" PMx="1.08" fuel="18.45" electricity="0.00" noise="92.50" route="routetop" type="cfm-fast" waiting="0.00" lane="left_0" pos="14.93" speed="25.78" angle="157.58" x="2.49" y="32.61"/>
        <vehicle id="cfm-fast_3" eclass="HBEFA3/PC_G_EU4" CO2="22348.30" CO="408.79" HC="2.42" NOx="9.80" PMx="0.55" fuel="9.61" electricity="0.00" noise="79.45" route="routetop" type="cfm-fast" waiting="0.00" lane="left_0" pos="34.86" speed="28.87" angle="121.82" x="32.21" y="2.69"/>
        <vehicle id="cfm-fast_4" eclass="HBEFA3/PC_G_EU4" CO2="128009.11" CO="2627.89" HC="15.16" NOx="59.55" PMx="3.34" fuel="55.02" electricity="0.00" noise="131.24" route="routebottom" type="cfm-fast" waiting="0.00" lane="bottom_1" pos="2.16" speed="33.97" angle="90.60" x="68.11" y="-1.49"/>
        <vehicle id="cfm-fast_5" eclass="HBEFA3/PC_G_EU4" CO2="6885.36" CO="67.07" HC="0.47" NOx="2.63" PMx="0.13" fuel="2.96" electricity="0.00" noise="71.30" route="routebottom" type="cfm-fast" waiting="0.00" lane="bottom_0" pos="12.92" speed="23.06" angle="71.26" x="90.79" y="0.64"/>
        <vehicle id="cfm-slow_0" eclass="HBEFA3/PC_G_EU4" CO2="12957.75" CO="193.25" HC="1.20" NOx="5.60" PMx="0.29" fuel="5.57" electricity="0.00" noise="73.72" route="routebottom" type="cfm-slow" waiting="0.00" lane="bottom_0" pos="31.94" speed="18.62" angle="37.04" x="121.51" y="26.76"/>
        <vehicle id="cfm-slow_1" eclass="HBEFA3/PC_G_EU4" CO2="13319.90" CO="200.64" HC="1.24" NOx="5.77" PMx="0.30" fuel="5.73" electricity="0.00" noise="74.00" route="routebottom" type="cfm-slow" waiting="0.00" lane="bottom_0" pos="47.78" speed="18.66" angle="8.60" x="132.10" y="58.80"/>
        <vehicle id="cfm-slow_2" eclass="HBEFA3/PC_G_EU4" CO2="14284.18" CO="220.27" HC="1.35" NOx="6.22" PMx="0.32" fuel="6.14" electricity="0.00" noise="74.75" route="routebottom" type="cfm-slow" waiting="0.00" lane="right_0" pos="13.66" speed="18.76" angle="339.87" x="126.03" y="92.25"/>
        <vehicle id="cfm-slow_3" eclass="HBEFA3/PC_G_EU4" CO2="16288.90" CO="260.98" HC="1.59" NOx="7.16" PMx="0.37" fuel="7.00" electricity="0.00" noise="76.31" route="routebottom" type="cfm-slow" waiting="0.00" lane="right_0" pos="29.65" speed="19.06" angle="311.16" x="104.60" y="118.71"/>
        <vehicle id="cfm-slow_4" eclass="HBEFA3/PC_G_EU4" CO2="19311.53" CO="322.23" HC="1.94" NOx="8.57" PMx="0.45" fuel="8.30" electricity="0.00" noise="78.58" route="routeright" type="cfm-slow" waiting="0.00" lane="right_0" pos="45.97" speed="19.74" angle="281.81" x="72.41" y="131.71"/>
        <vehicle id="cfm-slow_5" eclass="HBEFA3/PC_G_EU4" CO2="22266.96" CO="382.26" HC="2.29" NOx="9.94" PMx="0.53" fuel="9.57" electricity="0.00" noise="80.50" route="routetop" type="cfm-slow" waiting="0.00" lane="top_0" pos="13.00" speed="20.89" angle="251.09" x="36.39" y="126.61"/>
    </timestep>
    <timestep time="2.53">
        <vehicle id="cfm-fast_0" eclass="HBEFA3/PC_G_EU4" CO2="24756.11" CO="434.13" HC="2.59" NOx="11.08" PMx="0.60" fuel="10.64" electricity="0.00" noise="81.81" route="routetop" type="cfm-fast" waiting="0.00" lane="top_0" pos="31.44" speed="22.40" angle="217.93" x="6.41" y="101.45"/>
        <vehicle id="cfm-fast_1" eclass="HBEFA3/PC_G_EU4" CO2="33927.74" CO="624.51" HC="3.69" NOx="15.38" PMx="0.84" fuel="14.58" electricity="0.00" noise="87.89" route="routetop" type="cfm-fast" waiting="0.00" lane="top_0" pos="47.76" speed="23.44" angle="188.63" x="-4.76" y="68.58"/>
        <vehicle id="cfm-fast_2" eclass="HBEFA3/PC_G_EU4" CO2="42637.09" CO="810.81" HC="4.75" NOx="19.44" PMx="1.07" fuel="18.33" electricity="0.00" noise="92.28" route="routetop" type="cfm-fast" waiting="0.00" lane="left_0" pos="15.19" speed="25.84" angle="157.09" x="2.74" y="32.12"/>
        <vehicle id="cfm-fast_3" eclass="HBEFA3/PC_G_EU4" CO2="21697.11" CO="395.53" HC="2.34" NOx="9.49" PMx="0.54" fuel="9.33" electricity="0.00" noise="79.13" route="routetop" type="cfm-fast" waiting="0.00" lane="left_0" pos="35.15" speed="28.89" angle="121.28" x="32.77" y="2.41"/>
        <vehicle id="cfm-fast_4" eclass="HBEFA3/PC_G_EU4" CO2="128548.99" CO="2640.47" HC="15.23" NOx="59.80" PMx="3.35" fuel="55.26" electricity="0.00" noise="131.31" route="routebottom" type="cfm-fast" waiting="0.00" lane="bottom_1" pos="2.50" speed="34.10" angle="90.00" x="68.81" y="-1.45"/>
        <vehicle id="cfm-fast_5" eclass="HBEFA3/PC_G_EU4" CO2="6701.71" CO="63.30" HC="0.45" NOx="2.54" PMx="0.13" fuel="2.88" electricity="0.00" noise="71.24" route="routebottom" type="cfm-fast" waiting="0.00" lane="bottom_0" pos="13.15" speed="23.06" angle="70.83" x="91.24" y="0.85"/>
        <vehicle id="cfm-slow_0" eclass="HBEFA3/PC_G_EU4" CO2="12885.35" CO="191.71" HC="1.19" NOx="5.56" PMx="0.29" fuel="5.54" electricity="0.00" noise="73.67" route="routebottom" type="cfm-slow" waiting="0.00" lane="bottom_0" pos="32.12" speed="18.64" angle="36.77" x="121.73" y="27.10"/>
        <vehicle id="cfm-slow_1" eclass="HBEFA3/PC_G_EU4" CO2="13253.41" CO="199.22" HC="1.23" NOx="5.74" PMx="0.29" fuel="5.70" electricity="0.00" noise="73.95" route="routebottom" type="cfm-slow" waiting="0.00" lane="bottom_0" pos="47.97" speed="18.68" angle="8.25" x="132.12" y="59.20"/>
        <vehicle id="cfm-slow_2" eclass="HBEFA3/PC_G_EU4" CO2="14227.98" CO="219.07" HC="1.35" NOx="6.19" PMx="0.32" fuel="6.12" electricity="0.00" noise="74.71" route="routebottom" type="cfm-slow" waiting="0.00" lane="right_0" pos="13.85" speed="18.79" angle="339.53" x="125.86" y="92.62"/>
        <vehicle id="cfm-slow_3" eclass="HBEFA3/PC_G_EU4" CO2="16242.88" CO="259.99" HC="1.58" NOx="7.14" PMx="0.37" fuel="6.98" electricity="0.00" noise="76.27" route="routebottom" type="cfm-slow" waiting="0.00" lane="right_0" pos="29.85" speed="19.09" angle="310.80" x="104.27" y="118.95"/>
        <vehicle id="cfm-slow_4" eclass="HBEFA3/PC_G_EU4" CO2="19264.96" CO="321.23" HC="1.94" NOx="8.55" PMx="0.45" fuel="8.28" electricity="0.00" noise="78.53" route="routeright" type="cfm-slow" waiting="0.00" lane="right_0" pos="46.17" speed="19.77" angle="281.50" x="71.99" y="131.77"/>
        <vehicle id="cfm-slow_5" eclass="HBEFA3/PC_G_EU4" CO2="22213.14" CO="381.15" HC="2.28" NOx="9.91" PMx="0.53" fuel="9.55" electricity="0.00" noise="80.45" route="routetop" type="cfm-slow" waiting="0.00" lane="top_0" pos="13.20" speed="20.93" angle="250.71" x="35.97" y="126.43"/>
    </timestep>
    <timestep time="2.54">
        <vehicle id="cfm-fast_0" eclass="HBEFA3/PC_G_EU4" CO2="24730.74" CO="433.64" HC="2.59" NOx="11.06" PMx="0.60" fuel="10.63" electricity="0.00" noise="81.78" route="routetop" type="cfm-fast" waiting="0.00" lane="top_0" pos="31.67" speed="22.43" angle="217.53" x="6.14" y="101.05"/>
        <vehicle id="cfm-fast_1" eclass="HBEFA3/PC_G_EU4" CO2="33903.54" CO="624.10" HC="3.68" NOx="15.37" PMx="0.84" fuel="14.57" electricity="0.00" noise="87.84" route="routetop" type="cfm-fast" waiting="0.00" lane="top_0" pos="47.99" speed="23.49" angle="188.18" x="-4.79" y="68.08"/>
        <vehicle id="cfm-fast_2" eclass="HBEFA3/PC_G_EU4" CO2="42360.34" CO="805.33" HC="4.72" NOx="19.30" PMx="1.07" fuel="18.21" electricity="0.00" noise="92.07" route="routetop" type="cfm-fast" waiting="0.00" lane="left_0" pos="15.45" speed="25.90" angle="156.68" x="2.99" y="31.62"/>
        <vehicle id="cfm-fast_3" eclass="HBEFA3/PC_G_EU4" CO2="21053.10" CO="382.40" HC="2.27" NOx="9.18" PMx="0.52" fuel="9.05" electricity="0.00" noise="78.82" route="routetop" type="cfm-fast" waiting="0.00" lane="left_0" pos="35.44" speed="28.91" angle="120.75" x="33.32" y="2.13"/>
        <vehicle id="cfm-fast_4" eclass="HBEFA3/PC_G_EU4" CO2="129089.17" CO="2653.08" HC="15.30" NOx="60.05" PMx="3.37" fuel="55.49" electricity="0.00" noise="131.37" route="routebottom" type="cfm-fast" waiting="0.00" lane="bottom_1" pos="2.84" speed="34.24" angle="89.40" x="69.51" y="-1.38"/>
        <vehicle id="cfm-fast_5" eclass="HBEFA3/PC_G_EU4" CO2="6521.14" CO="59.59" HC="0.43" NOx="2.46" PMx="0.12" fuel="2.80" electricity="0.00" noise="71.18" route="routebottom" type="cfm-fast" waiting="0.00" lane="bottom_0" pos="13.38" speed="23.07" angle="70.41" x="91.70" y="1.05"/>
        <vehicle id="cfm-slow_0" eclass="HBEFA3/PC_G_EU4" CO2="12813.50" CO="190.19" HC="1.18" NOx="5.53" PMx="0.28" fuel="5.51" electricity="0.00" noise="73.61" route="routebottom" type="cfm-slow" waiting="0.00" lane="bottom_0" pos="32.31" speed="18.66" angle="36.42" x="121.94" y="27.44"/>
        <vehicle id="cfm-slow_1" eclass="HBEFA3/PC_G_EU4" CO2="13187.52" CO="197.82" HC="1.22" NOx="5.71" PMx="0.29" fuel="5.67" electricity="0.00" noise="73.90" route="routebottom" type="cfm-slow" waiting="0.00" lane="bottom_0" pos="48.16" speed="18.70" angle="7.89" x="132.14" y="59.60"/>
        <vehicle id="cfm-slow_2" eclass="HBEFA3/PC_G_EU4" CO2="14172.38" CO="217.88" HC="1.34" NOx="6.17" PMx="0.32" fuel="6.09" electricity="0.00" noise="74.66" route="routebottom" type="cfm-slow" waiting="0.00" lane="right_0" pos="14.04" speed="18.81" angle="339.23" x="125.70" y="92.99"/>
        <vehicle id="cfm-slow_3" eclass="HBEFA3/PC_G_EU4" CO2="16197.35" CO="259.01" HC="1.58" NOx="7.12" PMx="0.37" fuel="6.96" electricity="0.00" noise="76.23" route="routebottom" type="cfm-slow" waiting="0.00" lane="right_0" pos="30.04" speed="19.12" angle="310.45" x="103.93" y="119.19"/>
        <vehicle id="cfm-slow_4" eclass="HBEFA3/PC_G_EU4" CO2="19218.79" CO="320.24" HC="1.93" NOx="8.53" PMx="0.45" fuel="8.26" electricity="0.00" noise="78.48" route="routeright" type="cfm-slow" waiting="0.00" lane="right_0" pos="46.37" speed="19.80" angle="281.15" x="71.56" y="131.82"/>
        <vehicle id="cfm-slow_5" eclass="HBEFA3/PC_G_EU4" CO2="22160.02" CO="380.05" HC="2.28" NOx="9.89" PMx="0.53" fuel="9.53" electricity="0.00" noise="80.40" route="routetop" type="cfm-slow" waiting="0.00" lane="top_0" pos="13.41" speed="20.96" angle="250.33" x="35.56" y="126.25"/>
    </timestep>
    <timestep time="2.55">
        <vehicle id="cfm-fast_0" eclass="HBEFA3/PC_G_EU4" CO2="24706.10" CO="433.18" HC="2.58" NOx="11.05" PMx="0.60" fuel="10.62" electricity="0.00" noise="81.75" route="routetop" type="cfm-fast" waiting="0.00" lane="top_0" pos="31.89" speed="22.47" angle="217.12" x="5.87" y="100.64"/>
        <vehicle id="cfm-fast_1" eclass="HBEFA3/PC_G_EU4" CO2="33877.82" CO="623.67" HC="3.68" NOx="15.36" PMx="0.84" fuel="14.56" electricity="0.00" noise="87.80" route="routetop" type="cfm-fast" waiting="0.00" lane="top_0" pos="48.23" speed="23.54" angle="187.73" x="-4.82" y="67.57"/>
        <vehicle id="cfm-fast_2" eclass="HBEFA3/PC_G_EU4" CO2="42080.31" CO="799.79" HC="4.69" NOx="19.17" PMx="1.06" fuel="18.09" electricity="0.00" noise="91.85" route="routetop" type="cfm-fast" waiting="0.00" lane="left_0" pos="15.71" speed="25.95" angle="156.20" x="3.26" y="31.13"/>
        <vehicle id="cfm-fast_3" eclass="HBEFA3/PC_G_EU4" CO2="20416.28" CO="369.42" HC="2.19" NOx="8.88" PMx="0.50" fuel="8.78" electricity="0.00" noise="78.53" route="routetop" type="cfm-fast" waiting="0.00" lane="left_0" pos="35.73" speed="28.93" angle="120.21" x="33.88" y="1.85"/>
        <vehicle id="cfm-fast_4" eclass="HBEFA3/PC_G_EU4" CO2="129629.63" CO="2665.70" HC="15.37" NOx="60.30" PMx="3.38" fuel="55.72" electricity="0.00" noise="131.44" route="routebottom" type="cfm-fast" waiting="0.00" lane="bottom_1" pos="3.19" speed="34.38" angle="88.77" x="70.21" y="-1.31"/>
        <vehicle id="cfm-fast_5" eclass="HBEFA3/PC_G_EU4" CO2="6343.61" CO="55.94" HC="0.41" NOx="2.37" PMx="0.12" fuel="2.73" electricity="0.00" noise="71.12" route="routebottom" type="cfm-fast" waiting="0.00" lane="bottom_0" pos="13.61" speed="23.07" angle="69.98" x="92.15" y="1.25"/>
        <vehicle id="cfm-slow_0" eclass="HBEFA3/PC_G_EU4" CO2="12742.21" CO="188.68" HC="1.17" NOx="5.50" PMx="0.28" fuel="5.48" electricity="0.00" noise="73.55" route="routebottom" type="cfm-slow" waiting="0.00" lane="bottom_0" pos="32.50" speed="18.68" angle="36.07" x="122.14" y="27.79"/>
        <vehicle id="cfm-slow_1" eclass="HBEFA3/PC_G_EU4" CO2="13122.23" CO="196.44" HC="1.22" NOx="5.67" PMx="0.29" fuel="5.64" electricity="0.00" noise="73.85" route="routebottom" type="cfm-slow" waiting="0.00" lane="bottom_0" pos="48.34" speed="18.72" angle="7.54" x="132.17" y="60.01"/>
        <vehicle id="cfm-slow_2" eclass="HBEFA3/PC_G_EU4" CO2="14117.38" CO="216.70" HC="1.33" NOx="6.14" PMx="0.32" fuel="6.07" electricity="0.00" noise="74.61" route="routebottom" type="cfm-slow" waiting="0.00" lane="right_0" pos="14.22" speed="18.83" angle="338.89" x="125.52" y="93.35"/>
        <vehicle id="cfm-slow_3" eclass="HBEFA3/PC_G_EU4" CO2="16152.30" CO="258.03" HC="1.57" NOx="7.09" PMx="0.37" fuel="6.94" electricity="0.00" noise="76.19" route="routebottom" type="cfm-slow" waiting="0.00" lane="right_0" pos="30.23" speed="19.14" angle="310.09" x="103.60" y="119.43"/>
        <vehicle id="cfm-slow_4" eclass="HBEFA3/PC_G_EU4" CO2="19173.02" CO="319.27" HC="1.93" NOx="8.50" PMx="0.45" fuel="8.24" electricity="0.00" noise="78.44" route="routeright" type="cfm-slow" waiting="0.00" lane="right_0" pos="46.56" speed="19.83" angle="280.78" x="71.14" y="131.86"/>
        <vehicle id="cfm-slow_5" eclass="HBEFA3/PC_G_EU4" CO2="22107.61" CO="378.96" HC="2.27" NOx="9.86" PMx="0.53" fuel="9.50" electricity="0.00" noise="80.34" route="routetop" type="cfm-slow" waiting="0.00" lane="top_0" pos="13.62" speed="20.99" angle="249.94" x="35.15" y="126.06"/>
    </timestep>
    <timestep time="2.56">
        <vehicle id="cfm-fast_0" eclass="HBEFA3/PC_G_EU4" CO2="24682.17" CO="432.72" HC="2.58" NOx="11.04" PMx="0.60" fuel="10.61" electricity="0.00" noise="81.72" route="routetop" type="cfm-fast" waiting="0.00" lane="top_0" pos="32.12" speed="22.50" angle="216.77" x="5.61" y="100.24"/>
        <vehicle id="cfm-fast_1" eclass="HBEFA3/PC_G_EU4" CO2="33850.55" CO="623.21" HC="3.68" NOx="15.34" PMx="0.84" fuel="14.55" electricity="0.00" noise="87.75" route="routetop" type="cfm-fast" waiting="0.00" lane="top_0" pos="48.46" speed="23.59" angle="187.28" x="-4.85" y="67.07"/>
        <vehicle id="cfm-fast_2" eclass="HBEFA3/PC_G_EU4" CO2="41797.09" CO="794.18" HC="4.66" NOx="19.04" PMx="1.05" fuel="17.97" electricity="0.00" noise="91.63" route="routetop" type="cfm-fast" waiting="0.00" lane="left_0" pos="15.97" speed="26.01" angle="155.72" x="3.53" y="30.64"/>
        <vehicle id="cfm-fast_3" eclass="HBEFA3/PC_G_EU4" CO2="19786.66" CO="356.58" HC="2.12" NOx="8.59" PMx="0.49" fuel="8.51" electricity="0.00" noise="78.24" route="routetop" type="cfm-fast" waiting="0.00" lane="left_0" pos="36.02" speed="28.95" angle="119.74" x="34.44" y="1.58"/>
        <vehicle id="cfm-fast_4" eclass="HBEFA3/PC_G_EU4" CO2="130170.39" CO="2678.35" HC="15.44" NOx="60.55" PMx="3.40" fuel="55.95" electricity="0.00" noise="131.50" route="routebottom" type="cfm-fast" waiting="0.00" lane="bottom_1" pos="3.53" speed="34.51" angle="88.14" x="70.92" y="-1.24"/>
        <vehicle id="cfm-fast_5" eclass="HBEFA3/PC_G_EU4" CO2="6169.07" CO="52.35" HC="0.39" NOx="2.29" PMx="0.12" fuel="2.65" electricity="0.00" noise="71.06" route="routebottom" type="cfm-fast" waiting="0.00" lane="bottom_0" pos="13.84" speed="23.07" angle="69.55" x="92.60" y="1.46"/>
        <vehicle id="cfm-slow_0" eclass="HBEFA3/PC_G_EU4" CO2="12671.49" CO="187.18" HC="1.16" NOx="5.46" PMx="0.28" fuel="5.45" electricity="0.00" noise="73.50" route="routebottom" type="cfm-slow" waiting="0.00" lane="bottom_0" pos="32.68" speed="18.70" angle="35.72" x="122.35" y="28.13"/>
        <vehicle id="cfm-slow_1" eclass="HBEFA3/PC_G_EU4" CO2="13057.55" CO="195.06" HC="1.21" NOx="5.64" PMx="0.29" fuel="5.61" electricity="0.00" noise="73.80" route="routebottom" type="cfm-slow" waiting="0.00" lane="bottom_0" pos="48.53" speed="18.74" angle="7.19" x="132.19" y="60.41"/>
        <vehicle id="cfm-slow_2" eclass="HBEFA3/PC_G_EU4" CO2="14062.97" CO="215.54" HC="1.33" NOx="6.12" PMx="0.32" fuel="6.04" electricity="0.00" noise="74.57" route="routebottom" type="cfm-slow" waiting="0.00" lane="right_0" pos="14.41" speed="18.85" angle="338.53" x="125.34" y="93.71"/>
        <vehicle id="cfm-slow_3" eclass="HBEFA3/PC_G_EU4" CO2="16107.73" CO="257.07" HC="1.57" NOx="7.07" PMx="0.37" fuel="6.92" electricity="0.00" noise="76.15" route="routebottom" type="cfm-slow" waiting="0.00" lane="right_0" pos="30.42" speed="19.17" angle="309.73" x="103.26" y="119.67"/>
        <vehicle id="cfm-slow_4" eclass="HBEFA3/PC_G_EU4" CO2="19127.66" CO="318.30" HC="1.92" NOx="8.48" PMx="0.45" fuel="8.22" electricity="0.00" noise="78.39" route="routeright" type="cfm-slow" waiting="0.00" lane="right_0" pos="46.76" speed="19.86" angle="280.42" x="70.71" y="131.90"/>
        <vehicle id="cfm-slow_5" eclass="HBEFA3/PC_G_EU4" CO2="22055.90" CO="377.90" HC="2.27" NOx="9.84" PMx="0.53" fuel="9.48" electricity="0.00" noise="80.29" route="routetop" type="cfm-slow" waiting="0.00" lane="top_0" pos="13.83" speed="21.03" angle="249.56" x="34.74" y="125.88"/>
    </timestep>
    <timestep time="2.57">
        <vehicle id="cfm-fast_0" eclass="HBEFA3/PC_G_EU4" CO2="24658.93" CO="432.29" HC="2.58" NOx="11.03" PMx="0.60" fuel="10.60" electricity="0.00" noise="81.69" route="routetop" type="cfm-fast" waiting="0.00" lane="top_0" pos="32.34" speed="22.54" angle="216.35" x="5.36" y="99.82"/>
        <vehicle id="cfm-fast_1" eclass="HBEFA3/PC_G_EU4" CO2="33821.73" CO="622.71" HC="3.68" NOx="15.33" PMx="0.84" fuel="14.54" electricity="0.00" noise="87.70" route="routetop" type="cfm-fast" waiting="0.00" lane="top_0" pos="48.70" speed="23.64" angle="186.86" x="-4.88" y="66.56"/>
        <vehicle id="cfm-fast_2" eclass="HBEFA3/PC_G_EU4" CO2="41510.75" CO="788.50" HC="4.62" NOx="18.90" PMx="1.04" fuel="17.84" electricity="0.00" noise="91.42" route="routetop" type="cfm-fast" waiting="0.00" lane="left_0" pos="16.23" speed="26.06" angle="155.24" x="3.80" y="30.15"/>
        <vehicle id="cfm-fast_3" eclass="HBEFA3/PC_G_EU4" CO2="19164.22" CO="343.88" HC="2.05" NOx="8.29" PMx="0.47" fuel="8.24" electricity="0.00" noise="77.95" route="routetop" type="cfm-fast" waiting="0.00" lane="left_0" pos="36.31" speed="28.97" angle="119.19" x="35.01" y="1.33"/>
        <vehicle id="cfm-fast_4" eclass="HBEFA3/PC_G_EU4" CO2="130711.44" CO="2691.02" HC="15.52" NOx="60.81" PMx="3.41" fuel="56.19" electricity="0.00" noise="131.57" route="routebottom" type="cfm-fast" waiting="0.00" lane="bottom_1" pos="3.88" speed="34.65" angle="87.56" x="71.62" y="-1.17"/>
        <vehicle id="cfm-fast_5" eclass="HBEFA3/PC_G_EU4" CO2="5997.52" CO="48.83" HC="0.37" NOx="2.21" PMx="0.11" fuel="2.58" electricity="0.00" noise="71.00" route="routebottom" type="cfm-fast" waiting="0.00" lane="bottom_0" pos="14.07" speed="23.08" angle="69.18" x="93.05" y="1.66"/>
        <vehicle id="cfm-slow_0" eclass="HBEFA3/PC_G_EU4" CO2="12601.32" CO="185.70" HC="1.15" NOx="5.43" PMx="0.28" fuel="5.42" electricity="0.00" noise="73.45" route="routebottom" type="cfm-slow" waiting="0.00" lane="bottom_0" pos="32.87" speed="18.72" angle="35.37" x="122.56" y="28.48"/>
        <vehicle id="cfm-slow_1" eclass="HBEFA3/PC_G_EU4" CO2="12993.46" CO="193.70" HC="1.20" NOx="5.61" PMx="0.29" fuel="5.59" electricity="0.00" noise="73.75" route="routebottom" type="cfm-slow" waiting="0.00" lane="bottom_0" pos="48.72" speed="18.76" angle="6.88" x="132.21" y="60.81"/>
        <vehicle id="cfm-slow_2" eclass="HBEFA3/PC_G_EU4" CO2="14009.16" CO="214.39" HC="1.32" NOx="6.09" PMx="0.31" fuel="6.02" electricity="0.00" noise="74.53" route="routebottom" type="cfm-slow" waiting="0.00" lane="right_0" pos="14.60" speed="18.88" angle="338.17" x="125.15" y="94.08"/>
        <vehicle id="cfm-slow_3" eclass="HBEFA3/PC_G_EU4" CO2="16063.64" CO="256.12" HC="1.56" NOx="7.05" PMx="0.37" fuel="6.90" electricity="0.00" noise="76.11" route="routebottom" type="cfm-slow" waiting="0.00" lane="right_0" pos="30.61" speed="19.19" angle="309.38" x="102.93" y="119.91"/>
        <vehicle id="cfm-slow_4" eclass="HBEFA3/PC_G_EU4" CO2="19082.70" CO="317.34" HC="1.92" NOx="8.46" PMx="0.45" fuel="8.20" electricity="0.00" noise="78.34" route="routeright" type="cfm-slow" waiting="0.00" lane="right_0" pos="46.96" speed="19.89" angle="280.05" x="70.29" y="131.95"/>
        <vehicle id="cfm-slow_5" eclass="HBEFA3/PC_G_EU4" CO2="22004.90" CO="376.84" HC="2.26" NOx="9.81" PMx="0.53" fuel="9.46" electricity="0.00" noise="80.24" route="routetop" type="cfm-slow" waiting="0.00" lane="top_0" pos="14.04" speed="21.06" angle="249.22" x="34.32" y="125.69"/>
    </timestep>
    <timestep time="2.58">
        <vehicle id="cfm-fast_0" eclass="HBEFA3/PC_G_EU4" CO2="24636.35" CO="431.86" HC="2.58" NOx="11.02" PMx="0.60" fuel="10.59" electricity="0.00" noise="81.66" route="routetop" type="cfm-fast" waiting="0.00" lane="top_0" pos="32.57" speed="22.58" angle="215.92" x="5.11" y="99.40"/>
        <vehicle id="cfm-fast_1" eclass="HBEFA3/PC_G_EU4" CO2="33791.32" CO="622.19" HC="3.67" NOx="15.31" PMx="0.84" fuel="14.53" electricity="0.00" noise="87.65" route="routetop" type="cfm-fast" waiting="0.00" lane="top_0" pos="48.94" speed="23.69" angle="186.46" x="-4.90" y="66.05"/>
        <vehicle id="cfm-fast_2" eclass="HBEFA3/PC_G_EU4" CO2="41221.38" CO="782.77" HC="4.59" NOx="18.76" PMx="1.04" fuel="17.72" electricity="0.00" noise="91.20" route="routetop" type="cfm-fast" waiting="0.00" lane="left_0" pos="16.49" speed="26.12" angle="154.76" x="4.08" y="29.66"/>
        <vehicle id="cfm-fast_3" eclass="HBEFA3/PC_G_EU4" CO2="18548.96" CO="331.33" HC="1.97" NOx="8.00" PMx="0.46" fuel="7.97" electricity="0.00" noise="77.68" route="routetop" type="cfm-fast" waiting="0.00" lane="left_0" pos="36.60" speed="28.99" angle="118.65" x="35.58" y="1.07"/>
        <vehicle id="cfm-fast_4" eclass="HBEFA3/PC_G_EU4" CO2="131252.78" CO="2703.71" HC="15.59" NOx="61.06" PMx="3.43" fuel="56.42" electricity="0.00" noise="131.63" route="routebottom" type="cfm-fast" waiting="0.00" lane="bottom_1" pos="4.23" speed="34.78" angle="86.92" x="72.33" y="-1.07"/>
        <vehicle id="cfm-fast_5" eclass="HBEFA3/PC_G_EU4" CO2="5828.90" CO="45.36" HC="0.35" NOx="2.13" PMx="0.11" fuel="2.51" electricity="0.00" noise="70.95" route="routebottom" type="cfm-fast" waiting="0.00" lane="bottom_0" pos="14.30" speed="23.08" angle="68.75" x="93.50" y="1.88"/>
        <vehicle id="cfm-slow_0" eclass="HBEFA3/PC_G_EU4" CO2="12531.71" CO="184.23" HC="1.15" NOx="5.40" PMx="0.28" fuel="5.39" electricity="0.00" noise="73.39" route="routebottom" type="cfm-slow" waiting="0.00" lane="bottom_0" pos="33.06" speed="18.74" angle="35.02" x="122.76" y="28.83"/>
        <vehicle id="cfm-slow_1" eclass="HBEFA3/PC_G_EU4" CO2="12929.98" CO="192.35" HC="1.19" NOx="5.58" PMx="0.29" fuel="5.56" electricity="0.00" noise="73.70" route="routebottom" type="cfm-slow" waiting="0.00" lane="bottom_0" pos="48.91" speed="18.78" angle="6.55" x="132.23" y="61.22"/>
        <vehicle id="cfm-slow_2" eclass="HBEFA3/PC_G_EU4" CO2="13955.94" CO="213.25" HC="1.31" NOx="6.06" PMx="0.31" fuel="6.00" electricity="0.00" noise="74.48" route="routebottom" type="cfm-slow" waiting="0.00" lane="right_0" pos="14.79" speed="18.90" angle="337.81" x="124.97" y="94.44"/>
        <vehicle id="cfm-slow_3" eclass="HBEFA3/PC_G_EU4" CO2="16020.03" CO="255.18" HC="1.56" NOx="7.03" PMx="0.37" fuel="6.89" electricity="0.00" noise="76.07" route="routebottom" type="cfm-slow" waiting="0.00" lane="right_0" pos="30.80" speed="19.22" angle="309.08" x="102.59" y="120.15"/>
        <vehicle id="cfm-slow_4" eclass="HBEFA3/PC_G_EU4" CO2="19038.15" CO="316.39" HC="1.91" NOx="8.44" PMx="0.45" fuel="8.18" electricity="0.00" noise="78.30" route="routeright" type="cfm-slow" waiting="0.00" lane="right_0" pos="47.16" speed="19.92" angle="279.69" x="69.86" y="131.99"/>
        <vehicle id="cfm-slow_5" eclass="HBEFA3/PC_G_EU4" CO2="21954.60" CO="375.81" HC="2.25" NOx="9.79" PMx="0.52" fuel="9.44" electricity="0.00" noise="80.19" route="routetop" type="cfm-slow" waiting="0.00" lane="top_0" pos="14.26" speed="21.10" angle="248.84" x="33.92" y="125.49"/>
    </timestep>
    <timestep time="2.59">
        <vehicle id="cfm-fast_0" eclass="HBEFA3/PC_G_EU4" CO2="24614.42" CO="431.45" HC="2.57" NOx="11.01" PMx="0.60" fuel="10.58" electricity="0.00" noise="81.63" route="routetop" type="cfm-fast" waiting="0.00" lane="top_0" pos="32.80" speed="22.61" angle="215.49" x="4.86" y="98.99"/>
        <vehicle id="cfm-fast_1" eclass="HBEFA3/PC_G_EU4" CO2="33759.32" CO="621.63" HC="3.67" NOx="15.30" PMx="0.84" fuel="14.51" electricity="0.00" noise="87.60" route="routetop" type="cfm-fast" waiting="0.00" lane="top_0" pos="49.17" speed="23.74" angle="186.02" x="-4.91" y="65.54"/>
        <vehicle id="cfm-fast_2" eclass="HBEFA3/PC_G_EU4" CO2="40929.07" CO="776.97" HC="4.56" NOx="18.62" PMx="1.03" fuel="17.59" electricity="0.00" noise="90.98" route="routetop" type="cfm-fast" waiting="0.00" lane="left_0" pos="16.75" speed="26.17" angle="154.33" x="4.35" y="29.17"/>
        <vehicle id="cfm-fast_3" eclass="HBEFA3/PC_G_EU4" CO2="17940.89" CO="318.92" HC="1.90" NOx="7.71" PMx="0.44" fuel="7.71" electricity="0.00" noise="77.42" route="routetop" type="cfm-fast" waiting="0.00" lane="left_0" pos="36.89" speed="29.00" angle="118.10" x="36.15" y="0.81"/>
        <vehicle id="cfm-fast_4" eclass="HBEFA3/PC_G_EU4" CO2="131794.42" CO="2716.42" HC="15.66" NOx="61.31" PMx="3.44" fuel="56.65" electricity="0.00" noise="131.70" route="routebottom" type="cfm-fast" waiting="0.00" lane="bottom_1" pos="4.58" speed="34.92" angle="86.29" x="73.04" y="-0.97"/>
        <vehicle id="cfm-fast_5" eclass="HBEFA3/PC_G_EU4" CO2="5663.20" CO="41.95" HC="0.33" NOx="2.05" PMx="0.10" fuel="2.43" electricity="0.00" noise="70.89" route="routebottom" type="cfm-fast" waiting="0.00" lane="bottom_0" pos="14.53" speed="23.08" angle="68.32" x="93.94" y="2.10"/>
        <vehicle id="cfm-slow_0" eclass="HBEFA3/PC_G_EU4" CO2="12462.66" CO="182.77" HC="1.14" NOx="5.36" PMx="0.27" fuel="5.36" electricity="0.00" noise="73.34" route="routebottom" type="cfm-slow" waiting="0.00" lane="bottom_0" pos="33.25" speed="18.76" angle="34.68" x="122.97" y="29.17"/>
        <vehicle id="cfm-slow_1" eclass="HBEFA3/PC_G_EU4" CO2="12867.08" CO="191.02" HC="1.18" NOx="5.55" PMx="0.28" fuel="5.53" electricity="0.00" noise="73.65" route="routebottom" type="cfm-slow" waiting="0.00" lane="bottom_0" pos="49.09" speed="18.80" angle="6.20" x="132.23" y="61.62"/>
        <vehicle id="cfm-slow_2" eclass="HBEFA3/PC_G_EU4" CO2="13903.30" CO="212.12" HC="1.31" NOx="6.04" PMx="0.31" fuel="5.98" electricity="0.00" noise="74.44" route="routebottom" type="cfm-slow" waiting="0.00" lane="right_0" pos="14.98" speed="18.92" angle="337.45" x="124.79" y="94.80"/>
        <vehicle id="cfm-slow_3" eclass="HBEFA3/PC_G_EU4" CO2="15976.90" CO="254.25" HC="1.55" NOx="7.01" PMx="0.37" fuel="6.87" electricity="0.00" noise="76.03" route="routebottom" type="cfm-slow" waiting="0.00" lane="right_0" pos="31.00" speed="19.25" angle="308.73" x="102.25" y="120.38"/>
        <vehicle id="cfm-slow_4" eclass="HBEFA3/PC_G_EU4" CO2="18994.01" CO="315.45" HC="1.90" NOx="8.42" PMx="0.45" fuel="8.16" electricity="0.00" noise="78.26" route="routeright" type="cfm-slow" waiting="0.00" lane="right_0" pos="47.36" speed="19.95" angle="279.33" x="69.43" y="132.03"/>
        <vehicle id="cfm-slow_5" eclass="HBEFA3/PC_G_EU4" CO2="21905.01" CO="374.78" HC="2.25" NOx="9.76" PMx="0.52" fuel="9.42" electricity="0.00" noise="80.14" route="routetop" type="cfm-slow" waiting="0.00" lane="top_0" pos="14.47" speed="21.13" angle="248.43" x="33.51" y="125.29"/>
    </timestep>
    <timestep time="2.60">
        <vehicle id="cfm-fast_0" eclass="HBEFA3/PC_G_EU4" CO2="24593.11" CO="431.06" HC="2.57" NOx="11.00" PMx="0.60" fuel="10.57" electricity="0.00" noise="81.60" route="routetop" type="cfm-fast" waiting="0.00" lane="top_0" pos="33.02" speed="22.65" angle="215.06" x="4.61" y="98.57"/>
        <vehicle id="cfm-fast_1" eclass="HBEFA3/PC_G_EU4" CO2="33725.71" CO="621.04" HC="3.67" NOx="15.28" PMx="0.84" fuel="14.50" electricity="0.00" noise="87.55" route="routetop" type="cfm-fast" waiting="0.00" lane="top_0" pos="49.41" speed="23.78" angle="185.59" x="-4.92" y="65.03"/>
        <vehicle id="cfm-fast_2" eclass="HBEFA3/PC_G_EU4" CO2="40633.88" CO="771.12" HC="4.52" NOx="18.48" PMx="1.02" fuel="17.47" electricity="0.00" noise="90.76" route="routetop" type="cfm-fast" waiting="0.00" lane="left_0" pos="17.02" speed="26.22" angle="153.85" x="4.64" y="28.69"/>
        <vehicle id="cfm-fast_3" eclass="HBEFA3/PC_G_EU4" CO2="17339.98" CO="306.65" HC="1.83" NOx="7.43" PMx="0.42" fuel="7.45" electricity="0.00" noise="77.16" route="routetop" type="cfm-fast" waiting="0.00" lane="left_0" pos="37.18" speed="29.02" angle="117.62" x="36.72" y="0.56"/>
        <vehicle id="cfm-fast_4" eclass="HBEFA3/PC_G_EU4" CO2="132336.34" CO="2729.16" HC="15.73" NOx="61.57" PMx="3.46" fuel="56.88" electricity="0.00" noise="131.76" route="routebottom" type="cfm-fast" waiting="0.00" lane="bottom_1" pos="4.93" speed="35.06" angle="85.65" x="73.75" y="-0.87"/>
        <vehicle id="cfm-fast_5" eclass="HBEFA3/PC_G_EU4" CO2="5500.38" CO="38.61" HC="0.31" NOx="1.98" PMx="0.10" fuel="2.36" electricity="0.00" noise="70.84" route="routebottom" type="cfm-fast" waiting="0.00" lane="bottom_0" pos="14.76" speed="23.09" angle="67.89" x="94.39" y="2.33"/>
        <vehicle id="cfm-slow_0" eclass="HBEFA3/PC_G_EU4" CO2="12394.16" CO="181.32" HC="1.13" NOx="5.33" PMx="0.27" fuel="5.33" electricity="0.00" noise="73.29" route="routebottom" type="cfm-slow" waiting="0.00" lane="bottom_0" pos="33.43" speed="18.78" angle="34.37" x="123.17" y="29.52"/>
        <vehicle id="cfm-slow_1" eclass="HBEFA3/PC_G_EU4" CO2="12804.79" CO="189.70" HC="1.18" NOx="5.52" PMx="0.28" fuel="5.50" electricity="0.00" noise="73.60" route="routebottom" type="cfm-slow" waiting="0.00" lane="bottom_0" pos="49.28" speed="18.82" angle="5.85" x="132.24" y="62.02"/>
        <vehicle id="cfm-slow_2" eclass="HBEFA3/PC_G_EU4" CO2="13851.25" CO="211.01" HC="1.30" NOx="6.01" PMx="0.31" fuel="5.95" electricity="0.00" noise="74.40" route="routebottom" type="cfm-slow" waiting="0.00" lane="right_0" pos="15.17" speed="18.94" angle="337.09" x="124.61" y="95.17"/>
        <vehicle id="cfm-slow_3" eclass="HBEFA3/PC_G_EU4" CO2="15934.25" CO="253.33" HC="1.55" NOx="6.99" PMx="0.37" fuel="6.85" electricity="0.00" noise="75.99" route="routebottom" type="cfm-slow" waiting="0.00" lane="right_0" pos="31.19" speed="19.27" angle="308.39" x="101.90" y="120.61"/>
        <vehicle id="cfm-slow_4" eclass="HBEFA3/PC_G_EU4" CO2="18950.28" CO="314.52" HC="1.90" NOx="8.39" PMx="0.44" fuel="8.15" electricity="0.00" noise="78.21" route="routeright" type="cfm-slow" waiting="0.00" lane="right_0" pos="47.56" speed="19.98" angle="279.02" x="69.01" y="132.07"/>
        <vehicle id="cfm-slow_5" eclass="HBEFA3/PC_G_EU4" CO2="21856.11" CO="373.78" HC="2.24" NOx="9.74" PMx="0.52" fuel="9.39" electricity="0.00" noise="80.09" route="routetop" type="cfm-slow" waiting="0.00" lane="top_0" pos="14.68" speed="21.16" angle="248.03" x="33.10" y="125.08"/>
    </timestep>
    <timestep time="2.61">
        <vehicle id="cfm-fast_0" eclass="HBEFA3/PC_G_EU4" CO2="24572.39" CO="430.68" HC="2.57" NOx="10.98" PMx="0.59" fuel="10.56" electricity="0.00" noise="81.58" route="routetop" type="cfm-fast" waiting="0.00" lane="top_0" pos="33.25" speed="22.68" angle="214.65" x="4.36" y="98.15"/>
        <vehicle id="cfm-fast_1" eclass="HBEFA3/PC_G_EU4" CO2="33690.47" CO="620.43" HC="3.66" NOx="15.26" PMx="0.84" fuel="14.48" electricity="0.00" noise="87.50" route="routetop" type="cfm-fast" waiting="0.00" lane="top_0" pos="49.65" speed="23.83" angle="185.15" x="-4.93" y="64.51"/>
        <vehicle id="cfm-fast_2" eclass="HBEFA3/PC_G_EU4" CO2="40335.92" CO="765.20" HC="4.49" NOx="18.34" PMx="1.01" fuel="17.34" electricity="0.00" noise="90.54" route="routetop" type="cfm-fast" waiting="0.00" lane="left_0" pos="17.28" speed="26.27" angle="153.37" x="4.94" y="28.20"/>
        <vehicle id="cfm-fast_3" eclass="HBEFA3/PC_G_EU4" CO2="16746.24" CO="294.53" HC="1.76" NOx="7.15" PMx="0.41" fuel="7.20" electricity="0.00" noise="76.92" route="routetop" type="cfm-fast" waiting="0.00" lane="left_0" pos="37.47" speed="29.03" angle="117.10" x="37.30" y="0.32"/>
        <vehicle id="cfm-fast_4" eclass="HBEFA3/PC_G_EU4" CO2="132878.56" CO="2741.91" HC="15.80" NOx="61.82" PMx="3.47" fuel="57.12" electricity="0.00" noise="131.83" route="routebottom" type="cfm-fast" waiting="0.00" lane="bottom_1" pos="5.28" speed="35.19" angle="85.02" x="74.46" y="-0.75"/>
        <vehicle id="cfm-fast_5" eclass="HBEFA3/PC_G_EU4" CO2="5340.40" CO="35.32" HC="0.29" NOx="1.90" PMx="0.09" fuel="2.30" electricity="0.00" noise="70.79" route="routebottom" type="cfm-fast" waiting="0.00" lane="bottom_0" pos="14.99" speed="23.09" angle="67.46" x="94.83" y="2.55"/>
        <vehicle id="cfm-slow_0" eclass="HBEFA3/PC_G_EU4" CO2="12326.22" CO="179.88" HC="1.12" NOx="5.30" PMx="0.27" fuel="5.30" electricity="0.00" noise="73.24" route="routebottom" type="cfm-slow" waiting="0.00" lane="bottom_0" pos="33.62" speed="18.80" angle="34.03" x="123.37" y="29.88"/>
        <vehicle id="cfm-slow_1" eclass="HBEFA3/PC_G_EU4" CO2="12743.09" CO="188.39" HC="1.17" NOx="5.49" PMx="0.28" fuel="5.48" electricity="0.00" noise="73.55" route="routebottom" type="cfm-slow" waiting="0.00" lane="bottom_0" pos="49.47" speed="18.84" angle="5.49" x="132.25" y="62.43"/>
        <vehicle id="cfm-slow_2" eclass="HBEFA3/PC_G_EU4" CO2="13799.78" CO="209.91" HC="1.29" NOx="5.99" PMx="0.31" fuel="5.93" electricity="0.00" noise="74.36" route="routebottom" type="cfm-slow" waiting="0.00" lane="right_0" pos="15.36" speed="18.96" angle="336.80" x="124.42" y="95.53"/>
        <vehicle id="cfm-slow_3" eclass="HBEFA3/PC_G_EU4" CO2="15892.06" CO="252.43" HC="1.54" NOx="6.97" PMx="0.36" fuel="6.83" electricity="0.00" noise="75.95" route="routebottom" type="cfm-slow" waiting="0.00" lane="right_0" pos="31.38" speed="19.30" angle="308.04" x="101.56" y="120.85"/>
        <vehicle id="cfm-slow_4" eclass="HBEFA3/PC_G_EU4" CO2="18906.96" CO="313.60" HC="1.89" NOx="8.37" PMx="0.44" fuel="8.13" electricity="0.00" noise="78.17" route="routeright" type="cfm-slow" waiting="0.00" lane="right_0" pos="47.76" speed="20.01" angle="278.64" x="68.58" y="132.10"/>
        <vehicle id="cfm-slow_5" eclass="HBEFA3/PC_G_EU4" CO2="21807.92" CO="372.78" HC="2.24" NOx="9.71" PMx="0.52" fuel="9.37" electricity="0.00" noise="80.05" route="routetop" type="cfm-slow" waiting="0.00" lane="top_0" pos="14.89" speed="21.20" angle="247.63" x="32.70" y="124.88"/>
    </timestep>
    <timestep time="2.62">
        <vehicle id="cfm-fast_0" eclass="HBEFA3/PC_G_EU4" CO2="24552.26" CO="430.31" HC="2.57" NOx="10.97" PMx="0.59" fuel="10.55" electricity="0.00" noise="81.55" route="routetop" type="cfm-fast" waiting="0.00" lane="top_0" pos="33.48" speed="22.72" angle="214.28" x="4.11" y="97.73"/>
        <vehicle id="cfm-fast_1" eclass="HBEFA3/PC_G_EU4" CO2="33653.60" CO="619.77" HC="3.66" NOx="15.24" PMx="0.83" fuel="14.47" electricity="0.00" noise="87.44" route="routetop" type="cfm-fast" waiting="0.00" lane="top_0" pos="49.89" speed="23.88" angle="184.72" x="-4.94" y="64.00"/>
        <vehicle id="cfm-fast_2" eclass="HBEFA3/PC_G_EU4" CO2="40035.25" CO="759.24" HC="4.45" NOx="18.20" PMx="1.01" fuel="17.21" electricity="0.00" noise="90.32" route="routetop" type="cfm-fast" waiting="0.00" lane="left_0" pos="17.54" speed="26.33" angle="152.88" x="5.23" y="27.72"/>
        <vehicle id="cfm-fast_3" eclass="HBEFA3/PC_G_EU4" CO2="16159.64" CO="282.54" HC="1.69" NOx="6.87" PMx="0.39" fuel="6.95" electricity="0.00" noise="76.68" route="routetop" type="cfm-fast" waiting="0.00" lane="left_0" pos="37.76" speed="29.05" angle="116.57" x="37.88" y="0.09"/>
        <vehicle id="cfm-fast_4" eclass="HBEFA3/PC_G_EU4" CO2="133421.07" CO="2754.69" HC="15.87" NOx="62.07" PMx="3.49" fuel="57.35" electricity="0.00" noise="131.90" route="routebottom" type="cfm-fast" waiting="0.00" lane="bottom_1" pos="5.63" speed="35.33" angle="84.35" x="75.17" y="-0.62"/>
        <vehicle id="cfm-fast_5" eclass="HBEFA3/PC_G_EU4" CO2="5183.25" CO="32.08" HC="0.27" NOx="1.83" PMx="0.09" fuel="2.23" electricity="0.00" noise="70.74" route="routebottom" type="cfm-fast" waiting="0.00" lane="bottom_0" pos="15.22" speed="23.09" angle="67.03" x="95.28" y="2.77"/>
        <vehicle id="cfm-slow_0" eclass="HBEFA3/PC_G_EU4" CO2="12258.84" CO="178.46" HC="1.11" NOx="5.26" PMx="0.27" fuel="5.27" electricity="0.00" noise="73.19" route="routebottom" type="cfm-slow" waiting="0.00" lane="bottom_0" pos="33.81" speed="18.82" angle="33.68" x="123.56" y="30.23"/>
        <vehicle id="cfm-slow_1" eclass="HBEFA3/PC_G_EU4" CO2="12681.98" CO="187.09" HC="1.16" NOx="5.46" PMx="0.28" fuel="5.45" electricity="0.00" noise="73.51" route="routebottom" type="cfm-slow" waiting="0.00" lane="bottom_0" pos="49.66" speed="18.86" angle="5.14" x="132.26" y="62.84"/>
        <vehicle id="cfm-slow_2" eclass="HBEFA3/PC_G_EU4" CO2="13748.89" CO="208.82" HC="1.29" NOx="5.96" PMx="0.31" fuel="5.91" electricity="0.00" noise="74.32" route="routebottom" type="cfm-slow" waiting="0.00" lane="right_0" pos="15.55" speed="18.99" angle="336.46" x="124.23" y="95.89"/>
        <vehicle id="cfm-slow_3" eclass="HBEFA3/PC_G_EU4" CO2="15850.35" CO="251.53" HC="1.53" NOx="6.95" PMx="0.36" fuel="6.81" electricity="0.00" noise="75.91" route="routebottom" type="cfm-slow" waiting="0.00" lane="right_0" pos="31.58" speed="19.32" angle="307.69" x="101.21" y="121.08"/>
        <vehicle id="cfm-slow_4" eclass="HBEFA3/PC_G_EU4" CO2="18864.05" CO="312.69" HC="1.89" NOx="8.35" PMx="0.44" fuel="8.11" electricity="0.00" noise="78.13" route="routeright" type="cfm-slow" waiting="0.00" lane="right_0" pos="47.96" speed="20.04" angle="278.27" x="68.14" y="132.12"/>
        <vehicle id="cfm-slow_5" eclass="HBEFA3/PC_G_EU4" CO2="21760.43" CO="371.81" HC="2.23" NOx="9.69" PMx="0.52" fuel="9.35" electricity="0.00" noise="80.00" route="routetop" type="cfm-slow" waiting="0.00" lane="top_0" pos="15.10" speed="21.23" angle="247.22" x="32.29" y="124.67"/>
    </timestep>
    <timestep time="2.63">
        <vehicle id="cfm-fast_0" eclass="HBEFA3/PC_G_EU4" CO2="24532.68" CO="429.95" HC="2.57" NOx="10.96" PMx="0.59" fuel="10.55" electricity="0.00" noise="81.52" route="routetop" type="cfm-fast" waiting="0.00" lane="top_0" pos="33.70" speed="22.75" angle="213.86" x="3.87" y="97.30"/>
        <vehicle id="cfm-fast_1" eclass="HBEFA3/PC_G_EU4" CO2="33615.09" CO="619.09" HC="3.65" NOx="15.22" PMx="0.83" fuel="14.45" electricity="0.00" noise="87.39" route="routetop" type="cfm-fast" waiting="0.00" lane="left_0" pos="0.13" speed="23.93" angle="184.25" x="-4.94" y="63.30"/>
        <vehicle id="cfm-fast_2" eclass="HBEFA3/PC_G_EU4" CO2="39731.96" CO="753.21" HC="4.42" NOx="18.05" PMx="1.00" fuel="17.08" electricity="0.00" noise="90.10" route="routetop" type="cfm-fast" waiting="0.00" lane="left_0" pos="17.81" speed="26.38" angle="152.40" x="5.52" y="27.23"/>
        <vehicle id="cfm-fast_3" eclass="HBEFA3/PC_G_EU4" CO2="15580.17" CO="270.70" HC="1.62" NOx="6.60" PMx="0.38" fuel="6.70" electricity="0.00" noise="76.46" route="routetop" type="cfm-fast" waiting="0.00" lane="left_0" pos="38.05" speed="29.06" angle="116.03" x="38.46" y="-0.14"/>
        <vehicle id="cfm-fast_4" eclass="HBEFA3/PC_G_EU4" CO2="133963.87" CO="2767.49" HC="15.95" NOx="62.33" PMx="3.50" fuel="57.58" electricity="0.00" noise="131.96" route="routebottom" type="cfm-fast" waiting="0.00" lane="bottom_1" pos="5.99" speed="35.47" angle="83.68" x="75.89" y="-0.48"/>
        <vehicle id="cfm-fast_5" eclass="HBEFA3/PC_G_EU4" CO2="5028.87" CO="28.91" HC="0.25" NOx="1.75" PMx="0.09" fuel="2.16" electricity="0.00" noise="70.69" route="routebottom" type="cfm-fast" waiting="0.00" lane="bottom_0" pos="15.46" speed="23.09" angle="66.67" x="95.72" y="3.00"/>
        <vehicle id="cfm-slow_0" eclass="HBEFA3/PC_G_EU4" CO2="12192.00" CO="177.04" HC="1.10" NOx="5.23" PMx="0.27" fuel="5.24" electricity="0.00" noise="73.14" route="routebottom" type="cfm-slow" waiting="0.00" lane="bottom_0" pos="34.00" speed="18.84" angle="33.34" x="123.76" y="30.59"/>
        <vehicle id="cfm-slow_1" eclass="HBEFA3/PC_G_EU4" CO2="12621.46" CO="185.81" HC="1.16" NOx="5.43" PMx="0.28" fuel="5.43" electricity="0.00" noise="73.46" route="routebottom" type="cfm-slow" waiting="0.00" lane="bottom_0" pos="49.85" speed="18.88" angle="4.79" x="132.26" y="63.24"/>
        <vehicle id="cfm-slow_2" eclass="HBEFA3/PC_G_EU4" CO2="13698.57" CO="207.75" HC="1.28" NOx="5.94" PMx="0.31" fuel="5.89" electricity="0.00" noise="74.28" route="routebottom" type="cfm-slow" waiting="0.00" lane="right_0" pos="15.74" speed="19.01" angle="336.12" x="124.03" y="96.25"/>
        <vehicle id="cfm-slow_3" eclass="HBEFA3/PC_G_EU4" CO2="15809.10" CO="250.64" HC="1.53" NOx="6.93" PMx="0.36" fuel="6.80" electricity="0.00" noise="75.88" route="routebottom" type="cfm-slow" waiting="0.00" lane="right_0" pos="31.77" speed="19.35" angle="307.34" x="100.87" y="121.31"/>
        <vehicle id="cfm-slow_4" eclass="HBEFA3/PC_G_EU4" CO2="18821.56" CO="311.79" HC="1.88" NOx="8.33" PMx="0.44" fuel="8.09" electricity="0.00" noise="78.09" route="routeright" type="cfm-slow" waiting="0.00" lane="right_0" pos="48.16" speed="20.07" angle="277.89" x="67.71" y="132.14"/>
        <vehicle id="cfm-slow_5" eclass="HBEFA3/PC_G_EU4" CO2="21713.64" CO="370.85" HC="2.23" NOx="9.67" PMx="0.52" fuel="9.33" electricity="0.00" noise="79.95" route="routetop" type="cfm-slow" waiting="0.00" lane="top_0" pos="15.32" speed="21.26" angle="246.86" x="31.88" y="124.47"/>
    </timestep>
    <timestep time="2.64">
        <vehicle id="cfm-fast_0" eclass="HBEFA3/PC_G_EU4" CO2="24513.63" CO="429.61" HC="2.56" NOx="10.95" PMx="0.59" fuel="10.54" electricity="0.00" noise="81.50" route="routetop" type="cfm-fast" waiting="0.00" lane="top_0" pos="33.93" speed="22.79" angle="213.45" x="3.64" y="96.87"/>
        <vehicle id="cfm-fast_1" eclass="HBEFA3/PC_G_EU4" CO2="33574.90" CO="618.37" HC="3.65" NOx="15.20" PMx="0.83" fuel="14.43" electricity="0.00" noise="87.34" route="routetop" type="cfm-fast" waiting="0.00" lane="left_0" pos="0.37" speed="23.97" angle="183.81" x="-4.93" y="62.78"/>
        <vehicle id="cfm-fast_2" eclass="HBEFA3/PC_G_EU4" CO2="39426.12" CO="747.14" HC="4.38" NOx="17.91" PMx="0.99" fuel="16.95" electricity="0.00" noise="89.88" route="routetop" type="cfm-fast" waiting="0.00" lane="left_0" pos="18.07" speed="26.43" angle="151.98" x="5.82" y="26.75"/>
        <vehicle id="cfm-fast_3" eclass="HBEFA3/PC_G_EU4" CO2="15007.82" CO="259.00" HC="1.56" NOx="6.33" PMx="0.36" fuel="6.45" electricity="0.00" noise="76.24" route="routetop" type="cfm-fast" waiting="0.00" lane="left_0" pos="38.34" speed="29.07" angle="115.50" x="39.04" y="-0.37"/>
        <vehicle id="cfm-fast_4" eclass="HBEFA3/PC_G_EU4" CO2="134506.97" CO="2780.31" HC="16.02" NOx="62.58" PMx="3.52" fuel="57.82" electricity="0.00" noise="132.03" route="routebottom" type="cfm-fast" waiting="0.00" lane="bottom_1" pos="6.34" speed="35.60" angle="83.05" x="76.61" y="-0.35"/>
        <vehicle id="cfm-fast_5" eclass="HBEFA3/PC_G_EU4" CO2="4877.26" CO="25.79" HC="0.24" NOx="1.68" PMx="0.08" fuel="2.10" electricity="0.00" noise="70.65" route="routebottom" type="cfm-fast" waiting="0.00" lane="bottom_0" pos="15.69" speed="23.10" angle="66.24" x="96.15" y="3.24"/>
        <vehicle id="cfm-slow_0" eclass="HBEFA3/PC_G_EU4" CO2="12125.72" CO="175.64" HC="1.10" NOx="5.20" PMx="0.27" fuel="5.21" electricity="0.00" noise="73.09" route="routebottom" type="cfm-slow" waiting="0.00" lane="bottom_0" pos="34.19" speed="18.86" angle="32.99" x="123.95" y="30.94"/>
        <vehicle id="cfm-slow_1" eclass="HBEFA3/PC_G_EU4" CO2="12561.52" CO="184.54" HC="1.15" NOx="5.41" PMx="0.28" fuel="5.40" electricity="0.00" noise="73.42" route="routebottom" type="cfm-slow" waiting="0.00" lane="right_0" pos="0.04" speed="18.90" angle="4.40" x="132.27" y="63.84"/>
        <vehicle id="cfm-slow_2" eclass="HBEFA3/PC_G_EU4" CO2="13648.83" CO="206.69" HC="1.28" NOx="5.92" PMx="0.31" fuel="5.87" electricity="0.00" noise="74.24" route="routebottom" type="cfm-slow" waiting="0.00" lane="right_0" pos="15.93" speed="19.03" angle="335.77" x="123.83" y="96.61"/>
        <vehicle id="cfm-slow_3" eclass="HBEFA3/PC_G_EU4" CO2="15768.32" CO="249.76" HC="1.52" NOx="6.91" PMx="0.36" fuel="6.78" electricity="0.00" noise="75.84" route="routebottom" type="cfm-slow" waiting="0.00" lane="right_0" pos="31.96" speed="19.37" angle="307.01" x="100.52" y="121.54"/>
        <vehicle id="cfm-slow_4" eclass="HBEFA3/PC_G_EU4" CO2="18779.48" CO="310.89" HC="1.88" NOx="8.31" PMx="0.44" fuel="8.07" electricity="0.00" noise="78.05" route="routeright" type="cfm-slow" waiting="0.00" lane="right_0" pos="48.36" speed="20.10" angle="277.51" x="67.28" y="132.17"/>
        <vehicle id="cfm-slow_5" eclass="HBEFA3/PC_G_EU4" CO2="21667.55" CO="369.90" HC="2.22" NOx="9.65" PMx="0.52" fuel="9.31" electricity="0.00" noise="79.91" route="routetop" type="cfm-slow" waiting="0.00" lane="top_0" pos="15.53" speed="21.30" angle="246.50" x="31.48" y="124.25"/>
    </timestep>
    <timestep time="2.65">
        <vehicle id="cfm-fast_0" eclass="HBEFA3/PC_G_EU4" CO2="24495.10" CO="429.27" HC="2.56" NOx="10.94" PMx="0.59" fuel="10.53" electricity="0.00" noise="81.47" route="routetop" type="cfm-fast" waiting="0.00" lane="top_0" pos="34.16" speed="22.82" angle="213.04" x="3.40" y="96.44"/>
        <vehicle id="cfm-fast_1" eclass="HBEFA3/PC_G_EU4" CO2="33533.05" CO="617.62" HC="3.65" NOx="15.18" PMx="0.83" fuel="14.41" electricity="0.00" noise="87.28" route="routetop" type="cfm-fast" waiting="0.00" lane="left_0" pos="0.61" speed="24.02" angle="183.38" x="-4.92" y="62.26"/>
        <vehicle id="cfm-fast_2" eclass="HBEFA3/PC_G_EU4" CO2="39117.83" CO="741.01" HC="4.35" NOx="17.76" PMx="0.98" fuel="16.81" electricity="0.00" noise="89.66" route="routetop" type="cfm-fast" waiting="0.00" lane="left_0" pos="18.33" speed="26.48" angle="151.48" x="6.14" y="26.27"/>
        <vehicle id="cfm-fast_3" eclass="HBEFA3/PC_G_EU4" CO2="14442.57" CO="247.44" HC="1.49" NOx="6.06" PMx="0.35" fuel="6.21" electricity="0.00" noise="76.03" route="routetop" type="cfm-fast" waiting="0.00" lane="left_0" pos="38.63" speed="29.09" angle="115.02" x="39.62" y="-0.59"/>
        <vehicle id="cfm-fast_4" eclass="HBEFA3/PC_G_EU4" CO2="135050.35" CO="2793.15" HC="16.09" NOx="62.83" PMx="3.53" fuel="58.05" electricity="0.00" noise="132.09" route="routebottom" type="cfm-fast" waiting="0.00" lane="bottom_1" pos="6.70" speed="35.74" angle="82.41" x="77.32" y="-0.19"/>
        <vehicle id="cfm-fast_5" eclass="HBEFA3/PC_G_EU4" CO2="4728.37" CO="22.73" HC="0.22" NOx="1.61" PMx="0.08" fuel="2.03" electricity="0.00" noise="70.61" route="routebottom" type="cfm-fast" waiting="0.00" lane="bottom_0" pos="15.92" speed="23.10" angle="65.82" x="96.59" y="3.48"/>
        <vehicle id="cfm-slow_0" eclass="HBEFA3/PC_G_EU4" CO2="12059.98" CO="174.25" HC="1.09" NOx="5.17" PMx="0.26" fuel="5.18" electricity="0.00" noise="73.04" route="routebottom" type="cfm-slow" waiting="0.00" lane="bottom_0" pos="34.38" speed="18.88" angle="32.64" x="124.15" y="31.30"/>
        <vehicle id="cfm-slow_1" eclass="HBEFA3/PC_G_EU4" CO2="12502.18" CO="183.28" HC="1.14" NOx="5.38" PMx="0.28" fuel="5.37" electricity="0.00" noise="73.37" route="routebottom" type="cfm-slow" waiting="0.00" lane="right_0" pos="0.23" speed="18.92" angle="4.06" x="132.26" y="64.25"/>
        <vehicle id="cfm-slow_2" eclass="HBEFA3/PC_G_EU4" CO2="13599.67" CO="205.64" HC="1.27" NOx="5.89" PMx="0.30" fuel="5.85" electricity="0.00" noise="74.20" route="routebottom" type="cfm-slow" waiting="0.00" lane="right_0" pos="16.12" speed="19.05" angle="335.43" x="123.63" y="96.96"/>
        <vehicle id="cfm-slow_3" eclass="HBEFA3/PC_G_EU4" CO2="15728.00" CO="248.90" HC="1.52" NOx="6.89" PMx="0.36" fuel="6.76" electricity="0.00" noise="75.81" route="routebottom" type="cfm-slow" waiting="0.00" lane="right_0" pos="32.16" speed="19.40" angle="306.70" x="100.17" y="121.76"/>
        <vehicle id="cfm-slow_4" eclass="HBEFA3/PC_G_EU4" CO2="18737.82" CO="310.01" HC="1.87" NOx="8.29" PMx="0.44" fuel="8.05" electricity="0.00" noise="78.00" route="routeright" type="cfm-slow" waiting="0.00" lane="right_0" pos="48.56" speed="20.13" angle="277.14" x="66.85" y="132.20"/>
        <vehicle id="cfm-slow_5" eclass="HBEFA3/PC_G_EU4" CO2="21622.15" CO="368.97" HC="2.21" NOx="9.62" PMx="0.52" fuel="9.29" electricity="0.00" noise="79.86" route="routetop" type="cfm-slow" waiting="0.00" lane="top_0" pos="15.74" speed="21.33" angle="246.11" x="31.08" y="124.03"/>
    </timestep>
    <timestep time="2.66">
        <vehicle id="cfm-fast_0" eclass="HBEFA3/PC_G_EU4" CO2="24477.05" CO="428.95" HC="2.56" NOx="10.94" PMx="0.59" fuel="10.52" electricity="0.00" noise="81.45" route="routetop" type="cfm-fast" waiting="0.00" lane="top_0" pos="34.39" speed="22.86" angle="212.62" x="3.16" y="96.01"/>
        <vehicle id="cfm-fast_1" eclass="HBEFA3/PC_G_EU4" CO2="33489.51" CO="616.84" HC="3.64" NOx="15.16" PMx="0.83" fuel="14.40" electricity="0.00" noise="87.23" route="routetop" type="cfm-fast" waiting="0.00" lane="left_0" pos="0.85" speed="24.07" angle="182.94" x="-4.91" y="61.75"/>
        <vehicle id="cfm-fast_2" eclass="HBEFA3/PC_G_EU4" CO2="38807.16" CO="734.84" HC="4.31" NOx="17.61" PMx="0.98" fuel="16.68" electricity="0.00" noise="89.43" route="routetop" type="cfm-fast" waiting="0.00" lane="left_0" pos="18.60" speed="26.53" angle="150.99" x="6.46" y="25.80"/>
        <vehicle id="cfm-fast_3" eclass="HBEFA3/PC_G_EU4" CO2="13884.40" CO="236.02" HC="1.42" NOx="5.80" PMx="0.33" fuel="5.97" electricity="0.00" noise="75.82" route="routetop" type="cfm-fast" waiting="0.00" lane="left_0" pos="38.92" speed="29.10" angle="114.48" x="40.21" y="-0.81"/>
        <vehicle id="cfm-fast_4" eclass="HBEFA3/PC_G_EU4" CO2="135594.03" CO="2806.01" HC="16.16" NOx="63.09" PMx="3.55" fuel="58.28" electricity="0.00" noise="132.16" route="routebottom" type="cfm-fast" waiting="0.00" lane="bottom_1" pos="7.06" speed="35.88" angle="81.76" x="78.04" y="-0.03"/>
        <vehicle id="cfm-fast_5" eclass="HBEFA3/PC_G_EU4" CO2="4582.17" CO="19.72" HC="0.20" NOx="1.54" PMx="0.07" fuel="1.97" electricity="0.00" noise="70.56" route="routebottom" type="cfm-fast" waiting="0.00" lane="bottom_0" pos="16.15" speed="23.10" angle="65.39" x="97.02" y="3.72"/>
        <vehicle id="cfm-slow_0" eclass="HBEFA3/PC_G_EU4" CO2="11994.80" CO="172.88" HC="1.08" NOx="5.14" PMx="0.26" fuel="5.16" electricity="0.00" noise="73.00" route="routebottom" type="cfm-slow" waiting="0.00" lane="bottom_0" pos="34.57" speed="18.90" angle="32.33" x="124.35" y="31.65"/>
        <vehicle id="cfm-slow_1" eclass="HBEFA3/PC_G_EU4" CO2="12443.42" CO="182.03" HC="1.13" NOx="5.35" PMx="0.27" fuel="5.35" electricity="0.00" noise="73.33" route="routebottom" type="cfm-slow" waiting="0.00" lane="right_0" pos="0.41" speed="18.94" angle="3.72" x="132.25" y="64.65"/>
        <vehicle id="cfm-slow_2" eclass="HBEFA3/PC_G_EU4" CO2="13551.07" CO="204.60" HC="1.26" NOx="5.87" PMx="0.30" fuel="5.82" electricity="0.00" noise="74.16" route="routebottom" type="cfm-slow" waiting="0.00" lane="right_0" pos="16.31" speed="19.07" angle="335.08" x="123.43" y="97.32"/>
        <vehicle id="cfm-slow_3" eclass="HBEFA3/PC_G_EU4" CO2="15688.15" CO="248.04" HC="1.52" NOx="6.87" PMx="0.36" fuel="6.74" electricity="0.00" noise="75.77" route="routebottom" type="cfm-slow" waiting="0.00" lane="right_0" pos="32.35" speed="19.42" angle="306.34" x="99.81" y="121.98"/>
        <vehicle id="cfm-slow_4" eclass="HBEFA3/PC_G_EU4" CO2="18696.58" CO="309.14" HC="1.87" NOx="8.27" PMx="0.44" fuel="8.04" electricity="0.00" noise="77.96" route="routeright" type="cfm-slow" waiting="0.00" lane="right_0" pos="48.76" speed="20.16" angle="276.82" x="66.42" y="132.22"/>
        <vehicle id="cfm-slow_5" eclass="HBEFA3/PC_G_EU4" CO2="21577.44" CO="368.06" HC="2.21" NOx="9.60" PMx="0.51" fuel="9.28" electricity="0.00" noise="79.82" route="routetop" type="cfm-slow" waiting="0.00" lane="top_0" pos="15.96" speed="21.36" angle="245.73" x="30.67" y="123.80"/>
    </timestep>
    <timestep time="2.67">
        <vehicle id="cfm-fast_0" eclass="HBEFA3/PC_G_EU4" CO2="24459.48" CO="428.64" HC="2.56" NOx="10.93" PMx="0.59" fuel="10.51" electricity="0.00" noise="81.43" route="routetop" type="cfm-fast" waiting="0.00" lane="top_0" pos="34.62" speed="22.89" angle="212.26" x="2.92" y="95.58"/>
        <vehicle id="cfm-fast_1" eclass="HBEFA3/PC_G_EU4" CO2="33444.28" CO="616.02" HC="3.64" NOx="15.14" PMx="0.83" fuel="14.38" electricity="0.00" noise="87.17" route="routetop" type="cfm-fast" waiting="0.00" lane="left_0" pos="1.09" speed="24.11" angle="182.51" x="-4.90" y="61.23"/>
        <vehicle id="cfm-fast_2" eclass="HBEFA3/PC_G_EU4" CO2="38494.18" CO="728.61" HC="4.28" NOx="17.47" PMx="0.97" fuel="16.55" electricity="0.00" noise="89.21" route="routetop" type="cfm-fast" waiting="0.00" lane="left_0" pos="18.87" speed="26.58" angle="150.49" x="6.77" y="25.32"/>
        <vehicle id="cfm-fast_3" eclass="HBEFA3/PC_G_EU4" CO2="13333.29" CO="224.74" HC="1.36" NOx="5.54" PMx="0.32" fuel="5.73" electricity="0.00" noise="75.63" route="routetop" type="cfm-fast" waiting="0.00" lane="left_0" pos="39.21" speed="29.11" angle="113.95" x="40.80" y="-1.02"/>
        <vehicle id="cfm-fast_4" eclass="HBEFA3/PC_G_EU4" CO2="136138.00" CO="2818.90" HC="16.23" NOx="63.34" PMx="3.56" fuel="58.52" electricity="0.00" noise="132.22" route="routebottom" type="cfm-fast" waiting="0.00" lane="bottom_1" pos="7.42" speed="36.01" angle="81.10" x="78.76" y="0.13"/>
        <vehicle id="cfm-fast_5" eclass="HBEFA3/PC_G_EU4" CO2="4438.63" CO="16.77" HC="0.19" NOx="1.47" PMx="0.07" fuel="1.91" electricity="0.00" noise="70.52" route="routebottom" type="cfm-fast" waiting="0.00" lane="bottom_0" pos="16.38" speed="23.10" angle="64.96" x="97.46" y="3.96"/>
        <vehicle id="cfm-slow_0" eclass="HBEFA3/PC_G_EU4" CO2="11930.16" CO="171.51" HC="1.07" NOx="5.11" PMx="0.26" fuel="5.13" electricity="0.00" noise="72.95" route="routebottom" type="cfm-slow" waiting="0.00" lane="bottom_0" pos="34.75" speed="18.91" angle="32.01" x="124.53" y="32.01"/>
        <vehicle id="cfm-slow_1" eclass="HBEFA3/PC_G_EU4" CO2="12385.24" CO="180.80" HC="1.13" NOx="5.32" PMx="0.27" fuel="5.32" electricity="0.00" noise="73.29" route="routebottom" type="cfm-slow" waiting="0.00" lane="right_0" pos="0.60" speed="18.96" angle="3.37" x="132.25" y="65.06"/>
        <vehicle id="cfm-slow_2" eclass="HBEFA3/PC_G_EU4" CO2="13503.03" CO="203.57" HC="1.26" NOx="5.85" PMx="0.30" fuel="5.80" electricity="0.00" noise="74.12" route="routebottom" type="cfm-slow" waiting="0.00" lane="right_0" pos="16.50" speed="19.09" angle="334.74" x="123.23" y="97.68"/>
        <vehicle id="cfm-slow_3" eclass="HBEFA3/PC_G_EU4" CO2="15648.75" CO="247.19" HC="1.51" NOx="6.85" PMx="0.36" fuel="6.73" electricity="0.00" noise="75.74" route="routebottom" type="cfm-slow" waiting="0.00" lane="right_0" pos="32.55" speed="19.45" angle="305.97" x="99.45" y="122.19"/>
        <vehicle id="cfm-slow_4" eclass="HBEFA3/PC_G_EU4" CO2="18655.76" CO="308.27" HC="1.86" NOx="8.25" PMx="0.44" fuel="8.02" electricity="0.00" noise="77.93" route="routeright" type="cfm-slow" waiting="0.00" lane="right_0" pos="48.97" speed="20.19" angle="276.44" x="65.98" y="132.23"/>
        <vehicle id="cfm-slow_5" eclass="HBEFA3/PC_G_EU4" CO2="21533.43" CO="367.16" HC="2.20" NOx="9.58" PMx="0.51" fuel="9.26" electricity="0.00" noise="79.78" route="routetop" type="cfm-slow" waiting="0.00" lane="top_0" pos="16.17" speed="21.39" angle="245.34" x="30.27" y="123.58"/>
    </timestep>
    <timestep time="2.68">
        <vehicle id="cfm-fast_0" eclass="HBEFA3/PC_G_EU4" CO2="24442.35" CO="428.34" HC="2.56" NOx="10.92" PMx="0.59" fuel="10.51" electricity="0.00" noise="81.40" route="routetop" type="cfm-fast" waiting="0.00" lane="top_0" pos="34.85" speed="22.93" angle="211.84" x="2.70" y="95.14"/>
        <vehicle id="cfm-fast_1" eclass="HBEFA3/PC_G_EU4" CO2="33397.34" CO="615.17" HC="3.63" NOx="15.11" PMx="0.83" fuel="14.36" electricity="0.00" noise="87.11" route="routetop" type="cfm-fast" waiting="0.00" lane="left_0" pos="1.33" speed="24.16" angle="182.09" x="-4.88" y="60.71"/>
        <vehicle id="cfm-fast_2" eclass="HBEFA3/PC_G_EU4" CO2="38178.98" CO="722.34" HC="4.24" NOx="17.32" PMx="0.96" fuel="16.41" electricity="0.00" noise="88.99" route="routetop" type="cfm-fast" waiting="0.00" lane="left_0" pos="19.13" speed="26.62" angle="150.01" x="7.09" y="24.85"/>
        <vehicle id="cfm-fast_3" eclass="HBEFA3/PC_G_EU4" CO2="12789.22" CO="213.61" HC="1.30" NOx="5.28" PMx="0.31" fuel="5.50" electricity="0.00" noise="75.44" route="routetop" type="cfm-fast" waiting="0.00" lane="left_0" pos="39.50" speed="29.12" angle="113.41" x="41.39" y="-1.23"/>
        <vehicle id="cfm-fast_4" eclass="HBEFA3/PC_G_EU4" CO2="136682.26" CO="2831.80" HC="16.31" NOx="63.59" PMx="3.58" fuel="58.75" electricity="0.00" noise="132.29" route="routebottom" type="cfm-fast" waiting="0.00" lane="bottom_1" pos="7.78" speed="36.15" angle="80.49" x="79.48" y="0.30"/>
        <vehicle id="cfm-fast_5" eclass="HBEFA3/PC_G_EU4" CO2="4297.73" CO="13.87" HC="0.17" NOx="1.41" PMx="0.07" fuel="1.85" electricity="0.00" noise="70.48" route="routebottom" type="cfm-fast" waiting="0.00" lane="bottom_0" pos="16.61" speed="23.10" angle="64.58" x="97.89" y="4.20"/>
        <vehicle id="cfm-slow_0" eclass="HBEFA3/PC_G_EU4" CO2="11866.07" CO="170.16" HC="1.07" NOx="5.08" PMx="0.26" fuel="5.10" electricity="0.00" noise="72.90" route="routebottom" type="cfm-slow" waiting="0.00" lane="bottom_0" pos="34.94" speed="18.93" angle="31.67" x="124.72" y="32.38"/>
        <vehicle id="cfm-slow_1" eclass="HBEFA3/PC_G_EU4" CO2="12327.64" CO="179.58" HC="1.12" NOx="5.29" PMx="0.27" fuel="5.30" electricity="0.00" noise="73.24" route="routebottom" type="cfm-slow" waiting="0.00" lane="right_0" pos="0.79" speed="18.98" angle="3.03" x="132.24" y="65.47"/>
        <vehicle id="cfm-slow_2" eclass="HBEFA3/PC_G_EU4" CO2="13455.56" CO="202.56" HC="1.25" NOx="5.82" PMx="0.30" fuel="5.78" electricity="0.00" noise="74.09" route="routebottom" type="cfm-slow" waiting="0.00" lane="right_0" pos="16.69" speed="19.11" angle="334.44" x="123.03" y="98.04"/>
        <vehicle id="cfm-slow_3" eclass="HBEFA3/PC_G_EU4" CO2="15609.81" CO="246.36" HC="1.51" NOx="6.83" PMx="0.36" fuel="6.71" electricity="0.00" noise="75.70" route="routebottom" type="cfm-slow" waiting="0.00" lane="right_0" pos="32.74" speed="19.47" angle="305.60" x="99.09" y="122.41"/>
        <vehicle id="cfm-slow_4" eclass="HBEFA3/PC_G_EU4" CO2="18615.35" CO="307.42" HC="1.86" NOx="8.23" PMx="0.44" fuel="8.00" electricity="0.00" noise="77.89" route="routeright" type="cfm-slow" waiting="0.00" lane="right_0" pos="49.17" speed="20.22" angle="276.07" x="65.55" y="132.24"/>
        <vehicle id="cfm-slow_5" eclass="HBEFA3/PC_G_EU4" CO2="21490.10" CO="366.27" HC="2.20" NOx="9.56" PMx="0.51" fuel="9.24" electricity="0.00" noise="79.74" route="routetop" type="cfm-slow" waiting="0.00" lane="top_0" pos="16.38" speed="21.43" angle="244.96" x="29.87" y="123.36"/>
    </timestep>
    <timestep time="2.69">
        <vehicle id="cfm-fast_0" eclass="HBEFA3/PC_G_EU4" CO2="24425.65" CO="428.04" HC="2.55" NOx="10.91" PMx="0.59" fuel="10.50" electricity="0.00" noise="81.38" route="routetop" type="cfm-fast" waiting="0.00" lane="top_0" pos="35.08" speed="22.96" angle="211.42" x="2.48" y="94.70"/>
        <vehicle id="cfm-fast_1" eclass="HBEFA3/PC_G_EU4" CO2="33348.69" CO="614.29" HC="3.63" NOx="15.09" PMx="0.83" fuel="14.33" electricity="0.00" noise="87.06" route="routetop" type="cfm-fast" waiting="0.00" lane="left_0" pos="1.57" speed="24.21" angle="181.65" x="-4.85" y="60.19"/>
        <vehicle id="cfm-fast_2" eclass="HBEFA3/PC_G_EU4" CO2="37861.63" CO="716.03" HC="4.20" NOx="17.16" PMx="0.95" fuel="16.27" electricity="0.00" noise="88.77" route="routetop" type="cfm-fast" waiting="0.00" lane="left_0" pos="19.40" speed="26.67" angle="149.56" x="7.42" y="24.38"/>
        <vehicle id="cfm-fast_3" eclass="HBEFA3/PC_G_EU4" CO2="12252.17" CO="202.61" HC="1.23" NOx="5.03" PMx="0.29" fuel="5.27" electricity="0.00" noise="75.27" route="routetop" type="cfm-fast" waiting="0.00" lane="left_0" pos="39.79" speed="29.13" angle="112.94" x="41.98" y="-1.44"/>
        <vehicle id="cfm-fast_4" eclass="HBEFA3/PC_G_EU4" CO2="137226.81" CO="2844.73" HC="16.38" NOx="63.85" PMx="3.59" fuel="58.99" electricity="0.00" noise="132.35" route="routebottom" type="cfm-fast" waiting="0.00" lane="bottom_1" pos="8.14" speed="36.28" angle="79.81" x="80.20" y="0.49"/>
        <vehicle id="cfm-fast_5" eclass="HBEFA3/PC_G_EU4" CO2="4159.43" CO="11.02" HC="0.15" NOx="1.34" PMx="0.06" fuel="1.79" electricity="0.00" noise="70.44" route="routebottom" type="cfm-fast" waiting="0.00" lane="bottom_0" pos="16.84" speed="23.10" angle="64.16" x="98.32" y="4.46"/>
        <vehicle id="cfm-slow_0" eclass="HBEFA3/PC_G_EU4" CO2="11802.52" CO="168.82" HC="1.06" NOx="5.05" PMx="0.26" fuel="5.07" electricity="0.00" noise="72.86" route="routebottom" type="cfm-slow" waiting="0.00" lane="bottom_0" pos="35.13" speed="18.95" angle="31.32" x="124.90" y="32.74"/>
        <vehicle id="cfm-slow_1" eclass="HBEFA3/PC_G_EU4" CO2="12270.63" CO="178.37" HC="1.11" NOx="5.27" PMx="0.27" fuel="5.27" electricity="0.00" noise="73.20" route="routebottom" type="cfm-slow" waiting="0.00" lane="right_0" pos="0.98" speed="18.99" angle="2.69" x="132.23" y="65.88"/>
        <vehicle id="cfm-slow_2" eclass="HBEFA3/PC_G_EU4" CO2="13408.65" CO="201.56" HC="1.25" NOx="5.80" PMx="0.30" fuel="5.76" electricity="0.00" noise="74.05" route="routebottom" type="cfm-slow" waiting="0.00" lane="right_0" pos="16.88" speed="19.13" angle="334.10" x="122.82" y="98.39"/>
        <vehicle id="cfm-slow_3" eclass="HBEFA3/PC_G_EU4" CO2="15571.32" CO="245.53" HC="1.50" NOx="6.81" PMx="0.36" fuel="6.69" electricity="0.00" noise="75.67" route="routebottom" type="cfm-slow" waiting="0.00" lane="right_0" pos="32.94" speed="19.50" angle="305.23" x="98.73" y="122.62"/>
        <vehicle id="cfm-slow_4" eclass="HBEFA3/PC_G_EU4" CO2="18575.37" CO="306.57" HC="1.85" NOx="8.21" PMx="0.44" fuel="7.98" electricity="0.00" noise="77.85" route="routeright" type="cfm-slow" waiting="0.00" lane="right_0" pos="49.37" speed="20.25" angle="275.69" x="65.11" y="132.24"/>
        <vehicle id="cfm-slow_5" eclass="HBEFA3/PC_G_EU4" CO2="21447.45" CO="365.40" HC="2.19" NOx="9.54" PMx="0.51" fuel="9.22" electricity="0.00" noise="79.69" route="routetop" type="cfm-slow" waiting="0.00" lane="top_0" pos="16.60" speed="21.46" angle="244.60" x="29.46" y="123.14"/>
    </timestep>
    <timestep time="2.70">
        <vehicle id="cfm-fast_0" eclass="HBEFA3/PC_G_EU4" CO2="24409.35" CO="427.76" HC="2.55" NOx="10.90" PMx="0.59" fuel="10.49" electricity="0.00" noise="81.36" route="routetop" type="cfm-fast" waiting="0.00" lane="top_0" pos="35.31" speed="22.99" angle="210.99" x="2.26" y="94.25"/>
        <vehicle id="cfm-fast_1" eclass="HBEFA3/PC_G_EU4" CO2="33298.32" CO="613.37" HC="3.62" NOx="15.07" PMx="0.83" fuel="14.31" electricity="0.00" noise="87.00" route="routetop" type="cfm-fast" waiting="0.00" lane="left_0" pos="1.82" speed="24.25" angle="181.22" x="-4.82" y="59.67"/>
        <vehicle id="cfm-fast_2" eclass="HBEFA3/PC_G_EU4" CO2="37542.22" CO="709.67" HC="4.17" NOx="17.01" PMx="0.94" fuel="16.14" electricity="0.00" noise="88.55" route="routetop" type="cfm-fast" waiting="0.00" lane="left_0" pos="19.67" speed="26.72" angle="149.06" x="7.76" y="23.91"/>
        <vehicle id="cfm-fast_3" eclass="HBEFA3/PC_G_EU4" CO2="11722.10" CO="191.75" HC="1.17" NOx="4.78" PMx="0.28" fuel="5.04" electricity="0.00" noise="75.10" route="routetop" type="cfm-fast" waiting="0.00" lane="left_0" pos="40.08" speed="29.13" angle="112.39" x="42.58" y="-1.62"/>
        <vehicle id="cfm-fast_4" eclass="HBEFA3/PC_G_EU4" CO2="137771.66" CO="2857.68" HC="16.45" NOx="64.10" PMx="3.61" fuel="59.22" electricity="0.00" noise="132.42" route="routebottom" type="cfm-fast" waiting="0.00" lane="bottom_1" pos="8.51" speed="36.42" angle="79.13" x="80.92" y="0.69"/>
        <vehicle id="cfm-fast_5" eclass="HBEFA3/PC_G_EU4" CO2="4023.69" CO="8.23" HC="0.14" NOx="1.28" PMx="0.06" fuel="1.73" electricity="0.00" noise="70.40" route="routebottom" type="cfm-fast" waiting="0.00" lane="bottom_0" pos="17.07" speed="23.10" angle="63.74" x="98.75" y="4.71"/>
        <vehicle id="cfm-slow_0" eclass="HBEFA3/PC_G_EU4" CO2="11739.51" CO="167.49" HC="1.05" NOx="5.02" PMx="0.26" fuel="5.05" electricity="0.00" noise="72.81" route="routebottom" type="cfm-slow" waiting="0.00" lane="bottom_0" pos="35.32" speed="18.97" angle="30.98" x="125.08" y="33.11"/>
        <vehicle id="cfm-slow_1" eclass="HBEFA3/PC_G_EU4" CO2="12214.19" CO="177.18" HC="1.11" NOx="5.24" PMx="0.27" fuel="5.25" electricity="0.00" noise="73.16" route="routebottom" type="cfm-slow" waiting="0.00" lane="right_0" pos="1.17" speed="19.01" angle="2.34" x="132.22" y="66.29"/>
        <vehicle id="cfm-slow_2" eclass="HBEFA3/PC_G_EU4" CO2="13362.30" CO="200.57" HC="1.24" NOx="5.78" PMx="0.30" fuel="5.74" electricity="0.00" noise="74.01" route="routebottom" type="cfm-slow" waiting="0.00" lane="right_0" pos="17.08" speed="19.16" angle="333.75" x="122.61" y="98.75"/>
        <vehicle id="cfm-slow_3" eclass="HBEFA3/PC_G_EU4" CO2="15533.29" CO="244.71" HC="1.50" NOx="6.79" PMx="0.35" fuel="6.68" electricity="0.00" noise="75.64" route="routebottom" type="cfm-slow" waiting="0.00" lane="right_0" pos="33.13" speed="19.52" angle="304.86" x="98.37" y="122.84"/>
        <vehicle id="cfm-slow_4" eclass="HBEFA3/PC_G_EU4" CO2="18535.81" CO="305.74" HC="1.85" NOx="8.19" PMx="0.43" fuel="7.97" electricity="0.00" noise="77.81" route="routeright" type="cfm-slow" waiting="0.00" lane="right_0" pos="49.57" speed="20.28" angle="275.31" x="64.68" y="132.25"/>
        <vehicle id="cfm-slow_5" eclass="HBEFA3/PC_G_EU4" CO2="21405.49" CO="364.55" HC="2.19" NOx="9.52" PMx="0.51" fuel="9.20" electricity="0.00" noise="79.65" route="routetop" type="cfm-slow" waiting="0.00" lane="top_0" pos="16.81" speed="21.49" angle="244.23" x="29.06" y="122.90"/>
    </timestep>
    <timestep time="2.71">
        <vehicle id="cfm-fast_0" eclass="HBEFA3/PC_G_EU4" CO2="24393.43" CO="427.49" HC="2.55" NOx="10.89" PMx="0.59" fuel="10.49" electricity="0.00" noise="81.34" route="routetop" type="cfm-fast" waiting="0.00" lane="top_0" pos="35.54" speed="23.03" angle="210.57" x="2.04" y="93.81"/>
        <vehicle id="cfm-fast_1" eclass="HBEFA3/PC_G_EU4" CO2="33246.22" CO="612.42" HC="3.61" NOx="15.04" PMx="0.82" fuel="14.29" electricity="0.00" noise="86.94" route="routetop" type="cfm-fast" waiting="0.00" lane="left_0" pos="2.06" speed="24.30" angle="180.78" x="-4.79" y="59.15"/>
        <vehicle id="cfm-fast_2" eclass="HBEFA3/PC_G_EU4" CO2="37220.81" CO="703.27" HC="4.13" NOx="16.86" PMx="0.94" fuel="16.00" electricity="0.00" noise="88.33" route="routetop" type="cfm-fast" waiting="0.00" lane="left_0" pos="19.93" speed="26.76" angle="148.57" x="8.09" y="23.44"/>
        <vehicle id="cfm-fast_3" eclass="HBEFA3/PC_G_EU4" CO2="11198.99" CO="181.03" HC="1.11" NOx="4.53" PMx="0.26" fuel="4.81" electricity="0.00" noise="74.93" route="routetop" type="cfm-fast" waiting="0.00" lane="left_0" pos="40.38" speed="29.14" angle="111.85" x="43.18" y="-1.81"/>
        <vehicle id="cfm-fast_4" eclass="HBEFA3/PC_G_EU4" CO2="138316.80" CO="2870.65" HC="16.53" NOx="64.36" PMx="3.62" fuel="59.46" electricity="0.00" noise="132.49" route="routebottom" type="cfm-fast" waiting="0.00" lane="bottom_1" pos="8.87" speed="36.56" angle="78.46" x="81.65" y="0.88"/>
        <vehicle id="cfm-fast_5" eclass="HBEFA3/PC_G_EU4" CO2="3890.51" CO="5.48" HC="0.12" NOx="1.22" PMx="0.06" fuel="1.67" electricity="0.00" noise="70.37" route="routebottom" type="cfm-fast" waiting="0.00" lane="bottom_0" pos="17.30" speed="23.10" angle="63.31" x="99.17" y="4.97"/>
        <vehicle id="cfm-slow_0" eclass="HBEFA3/PC_G_EU4" CO2="11677.05" CO="166.17" HC="1.04" NOx="4.99" PMx="0.25" fuel="5.02" electricity="0.00" noise="72.77" route="routebottom" type="cfm-slow" waiting="0.00" lane="bottom_0" pos="35.51" speed="18.98" angle="30.63" x="125.27" y="33.47"/>
        <vehicle id="cfm-slow_1" eclass="HBEFA3/PC_G_EU4" CO2="12158.32" CO="176.00" HC="1.10" NOx="5.21" PMx="0.27" fuel="5.23" electricity="0.00" noise="73.12" route="routebottom" type="cfm-slow" waiting="0.00" lane="right_0" pos="1.36" speed="19.03" angle="2.02" x="132.20" y="66.69"/>
        <vehicle id="cfm-slow_2" eclass="HBEFA3/PC_G_EU4" CO2="13316.49" CO="199.59" HC="1.24" NOx="5.76" PMx="0.30" fuel="5.72" electricity="0.00" noise="73.98" route="routebottom" type="cfm-slow" waiting="0.00" lane="right_0" pos="17.27" speed="19.18" angle="333.41" x="122.40" y="99.10"/>
        <vehicle id="cfm-slow_3" eclass="HBEFA3/PC_G_EU4" CO2="15495.71" CO="243.91" HC="1.49" NOx="6.77" PMx="0.35" fuel="6.66" electricity="0.00" noise="75.61" route="routebottom" type="cfm-slow" waiting="0.00" lane="right_0" pos="33.33" speed="19.55" angle="304.54" x="98.01" y="123.05"/>
        <vehicle id="cfm-slow_4" eclass="HBEFA3/PC_G_EU4" CO2="18496.67" CO="304.91" HC="1.84" NOx="8.17" PMx="0.43" fuel="7.95" electricity="0.00" noise="77.77" route="routeright" type="cfm-slow" waiting="0.00" lane="right_0" pos="49.78" speed="20.31" angle="274.93" x="64.24" y="132.26"/>
        <vehicle id="cfm-slow_5" eclass="HBEFA3/PC_G_EU4" CO2="21364.21" CO="363.71" HC="2.18" NOx="9.50" PMx="0.51" fuel="9.18" electricity="0.00" noise="79.61" route="routetop" type="cfm-slow" waiting="0.00" lane="top_0" pos="17.03" speed="21.52" angle="243.85" x="28.67" y="122.67"/>
    </timestep>
    <timestep time="2.72">
        <vehicle id="cfm-fast_0" eclass="HBEFA3/PC_G_EU4" CO2="24377.87" CO="427.22" HC="2.55" NOx="10.88" PMx="0.59" fuel="10.48" electricity="0.00" noise="81.32" route="routetop" type="cfm-fast" waiting="0.00" lane="top_0" pos="35.77" speed="23.06" angle="210.14" x="1.82" y="93.37"/>
        <vehicle id="cfm-fast_1" eclass="HBEFA3/PC_G_EU4" CO2="33192.38" CO="611.43" HC="3.61" NOx="15.01" PMx="0.82" fuel="14.27" electricity="0.00" noise="86.88" route="routetop" type="cfm-fast" waiting="0.00" lane="left_0" pos="2.30" speed="24.35" angle="180.35" x="-4.76" y="58.62"/>
        <vehicle id="cfm-fast_2" eclass="HBEFA3/PC_G_EU4" CO2="36897.49" CO="696.83" HC="4.09" NOx="16.71" PMx="0.93" fuel="15.86" electricity="0.00" noise="88.11" route="routetop" type="cfm-fast" waiting="0.00" lane="left_0" pos="20.20" speed="26.81" angle="148.07" x="8.43" y="22.98"/>
        <vehicle id="cfm-fast_3" eclass="HBEFA3/PC_G_EU4" CO2="10682.82" CO="170.45" HC="1.05" NOx="4.29" PMx="0.25" fuel="4.59" electricity="0.00" noise="74.78" route="routetop" type="cfm-fast" waiting="0.00" lane="left_0" pos="40.67" speed="29.15" angle="111.30" x="43.78" y="-1.99"/>
        <vehicle id="cfm-fast_4" eclass="HBEFA3/PC_G_EU4" CO2="138862.23" CO="2883.65" HC="16.60" NOx="64.61" PMx="3.64" fuel="59.69" electricity="0.00" noise="132.55" route="routebottom" type="cfm-fast" waiting="0.00" lane="bottom_1" pos="9.24" speed="36.69" angle="77.83" x="82.37" y="1.10"/>
        <vehicle id="cfm-fast_5" eclass="HBEFA3/PC_G_EU4" CO2="0.00" CO="0.00" HC="0.00" NOx="0.00" PMx="0.00" fuel="0.00" electricity="0.00" noise="70.33" route="routebottom" type="cfm-fast" waiting="0.00" lane="bottom_0" pos="17.53" speed="23.10" angle="62.89" x="99.60" y="5.22"/>
        <vehicle id="cfm-slow_0" eclass="HBEFA3/PC_G_EU4" CO2="11615.12" CO="164.86" HC="1.03" NOx="4.96" PMx="0.25" fuel="4.99" electricity="0.00" noise="72.73" route="routebottom" type="cfm-slow" waiting="0.00" lane="bottom_0" pos="35.70" speed="19.00" angle="30.29" x="125.45" y="33.84"/>
        <vehicle id="cfm-slow_1" eclass="HBEFA3/PC_G_EU4" CO2="12103.02" CO="174.82" HC="1.09" NOx="5.19" PMx="0.27" fuel="5.20" electricity="0.00" noise="73.08" route="routebottom" type="cfm-slow" waiting="0.00" lane="right_0" pos="1.56" speed="19.05" angle="1.68" x="132.18" y="67.10"/>
        <vehicle id="cfm-slow_2" eclass="HBEFA3/PC_G_EU4" CO2="13271.25" CO="198.63" HC="1.23" NOx="5.73" PMx="0.30" fuel="5.70" electricity="0.00" noise="73.94" route="routebottom" type="cfm-slow" waiting="0.00" lane="right_0" pos="17.46" speed="19.20" angle="333.06" x="122.19" y="99.46"/>
        <vehicle id="cfm-slow_3" eclass="HBEFA3/PC_G_EU4" CO2="15458.58" CO="243.11" HC="1.49" NOx="6.76" PMx="0.35" fuel="6.64" electricity="0.00" noise="75.57" route="routebottom" type="cfm-slow" waiting="0.00" lane="right_0" pos="33.52" speed="19.57" angle="304.19" x="97.64" y="123.26"/>
        <vehicle id="cfm-slow_4" eclass="HBEFA3/PC_G_EU4" CO2="18457.96" CO="304.09" HC="1.84" NOx="8.15" PMx="0.43" fuel="7.93" electricity="0.00" noise="77.74" route="routeright" type="cfm-slow" waiting="0.00" lane="right_0" pos="49.98" speed="20.33" angle="274.58" x="63.80" y="132.27"/>
        <vehicle id="cfm-slow_5" eclass="HBEFA3/PC_G_EU4" CO2="21323.60" CO="362.88" HC="2.18" NOx="9.48" PMx="0.51" fuel="9.17" electricity="0.00" noise="79.57" route="routetop" type="cfm-slow" waiting="0.00" lane="top_0" pos="17.24" speed="21.55" angle="243.46" x="28.27" y="122.43"/>
    </timestep>
    <timestep time="2.73">
        <vehicle id="cfm-fast_0" eclass="HBEFA3/PC_G_EU4" CO2="24362.66" CO="426.96" HC="2.55" NOx="10.88" PMx="0.59" fuel="10.47" electricity="0.00" noise="81.30" route="routetop" type="cfm-fast" waiting="0.00" lane="top_0" pos="36.00" speed="23.10" angle="209.77" x="1.60" y="92.92"/>
        <vehicle id="cfm-fast_1" eclass="HBEFA3/PC_G_EU4" CO2="33136.81" CO="610.41" HC="3.60" NOx="14.99" PMx="0.82" fuel="14.24" electricity="0.00" noise="86.82" route="routetop" type="cfm-fast" waiting="0.00" lane="left_0" pos="2.55" speed="24.39" angle="179.93" x="-4.72" y="58.10"/>
        <vehicle id="cfm-fast_2" eclass="HBEFA3/PC_G_EU4" CO2="36572.34" CO="690.35" HC="4.05" NOx="16.55" PMx="0.92" fuel="15.72" electricity="0.00" noise="87.89" route="routetop" type="cfm-fast" waiting="0.00" lane="left_0" pos="20.47" speed="26.86" angle="147.62" x="8.77" y="22.51"/>
        <vehicle id="cfm-fast_3" eclass="HBEFA3/PC_G_EU4" CO2="10173.56" CO="160.00" HC="0.99" NOx="4.05" PMx="0.24" fuel="4.37" electricity="0.00" noise="74.63" route="routetop" type="cfm-fast" waiting="0.00" lane="left_0" pos="40.96" speed="29.15" angle="110.77" x="44.38" y="-2.18"/>
        <vehicle id="cfm-fast_4" eclass="HBEFA3/PC_G_EU4" CO2="139407.95" CO="2896.66" HC="16.67" NOx="64.87" PMx="3.65" fuel="59.92" electricity="0.00" noise="132.62" route="routebottom" type="cfm-fast" waiting="0.00" lane="bottom_1" pos="9.61" speed="36.83" angle="77.16" x="83.09" y="1.32"/>
        <vehicle id="cfm-fast_5" eclass="HBEFA3/PC_G_EU4" CO2="0.00" CO="0.00" HC="0.00" NOx="0.00" PMx="0.00" fuel="0.00" electricity="0.00" noise="70.30" route="routebottom" type="cfm-fast" waiting="0.00" lane="bottom_0" pos="17.77" speed="23.10" angle="62.46" x="100.02" y="5.48"/>
        <vehicle id="cfm-slow_0" eclass="HBEFA3/PC_G_EU4" CO2="11553.74" CO="163.57" HC="1.03" NOx="4.93" PMx="0.25" fuel="4.97" electricity="0.00" noise="72.69" route="routebottom" type="cfm-slow" waiting="0.00" lane="bottom_0" pos="35.89" speed="19.02" angle="29.99" x="125.64" y="34.20"/>
        <vehicle id="cfm-slow_1" eclass="HBEFA3/PC_G_EU4" CO2="12048.30" CO="173.67" HC="1.09" NOx="5.16" PMx="0.26" fuel="5.18" electricity="0.00" noise="73.04" route="routebottom" type="cfm-slow" waiting="0.00" lane="right_0" pos="1.75" speed="19.07" angle="1.34" x="132.16" y="67.51"/>
        <vehicle id="cfm-slow_2" eclass="HBEFA3/PC_G_EU4" CO2="13226.55" CO="197.67" HC="1.22" NOx="5.71" PMx="0.29" fuel="5.69" electricity="0.00" noise="73.91" route="routebottom" type="cfm-slow" waiting="0.00" lane="right_0" pos="17.65" speed="19.22" angle="332.71" x="121.97" y="99.81"/>
        <vehicle id="cfm-slow_3" eclass="HBEFA3/PC_G_EU4" CO2="15421.89" CO="242.32" HC="1.48" NOx="6.74" PMx="0.35" fuel="6.63" electricity="0.00" noise="75.54" route="routebottom" type="cfm-slow" waiting="0.00" lane="right_0" pos="33.72" speed="19.59" angle="303.83" x="97.27" y="123.46"/>
        <vehicle id="cfm-slow_4" eclass="HBEFA3/PC_G_EU4" CO2="18419.66" CO="303.29" HC="1.84" NOx="8.14" PMx="0.43" fuel="7.92" electricity="0.00" noise="77.70" route="routetop" type="cfm-slow" waiting="0.00" lane="top_0" pos="0.18" speed="20.36" angle="274.14" x="63.17" y="132.26"/>
        <vehicle id="cfm-slow_5" eclass="HBEFA3/PC_G_EU4" CO2="21283.66" CO="362.07" HC="2.17" NOx="9.46" PMx="0.51" fuel="9.15" electricity="0.00" noise="79.54" route="routetop" type="cfm-slow" waiting="0.00" lane="top_0" pos="17.46" speed="21.58" angle="243.07" x="27.87" y="122.19"/>
    </timestep>
    <timestep time="2.74">
        <vehicle id="cfm-fast_0" eclass="HBEFA3/PC_G_EU4" CO2="24347.76" CO="426.71" HC="2.55" NOx="10.87" PMx="0.59" fuel="10.47" electricity="0.00" noise="81.28" route="routetop" type="cfm-fast" waiting="0.00" lane="top_0" pos="36.23" speed="23.13" angle="209.34" x="1.40" y="92.47"/>
        <vehicle id="cfm-fast_1" eclass="HBEFA3/PC_G_EU4" CO2="33079.49" CO="609.35" HC="3.60" NOx="14.96" PMx="0.82" fuel="14.22" electricity="0.00" noise="86.75" route="routetop" type="cfm-fast" waiting="0.00" lane="left_0" pos="2.79" speed="24.44" angle="179.49" x="-4.67" y="57.58"/>
        <vehicle id="cfm-fast_2" eclass="HBEFA3/PC_G_EU4" CO2="36245.42" CO="683.83" HC="4.02" NOx="16.40" PMx="0.91" fuel="15.58" electricity="0.00" noise="87.67" route="routetop" type="cfm-fast" waiting="0.00" lane="left_0" pos="20.74" speed="26.90" angle="147.14" x="9.12" y="22.05"/>
        <vehicle id="cfm-fast_3" eclass="HBEFA3/PC_G_EU4" CO2="9671.17" CO="149.70" HC="0.93" NOx="3.81" PMx="0.22" fuel="4.16" electricity="0.00" noise="74.49" route="routetop" type="cfm-fast" waiting="0.00" lane="left_0" pos="41.25" speed="29.16" angle="110.27" x="44.98" y="-2.35"/>
        <vehicle id="cfm-fast_4" eclass="HBEFA3/PC_G_EU4" CO2="139953.96" CO="2909.70" HC="16.74" NOx="65.12" PMx="3.67" fuel="60.16" electricity="0.00" noise="132.68" route="routebottom" type="cfm-fast" waiting="0.00" lane="bottom_1" pos="9.98" speed="36.97" angle="76.48" x="83.81" y="1.54"/>
        <vehicle id="cfm-fast_5" eclass="HBEFA3/PC_G_EU4" CO2="0.00" CO="0.00" HC="0.00" NOx="0.00" PMx="0.00" fuel="0.00" electricity="0.00" noise="70.26" route="routebottom" type="cfm-fast" waiting="0.00" lane="bottom_0" pos="18.00" speed="23.10" angle="62.11" x="100.45" y="5.74"/>
        <vehicle id="cfm-slow_0" eclass="HBEFA3/PC_G_EU4" CO2="11492.89" CO="162.29" HC="1.02" NOx="4.90" PMx="0.25" fuel="4.94" electricity="0.00" noise="72.64" route="routebottom" type="cfm-slow" waiting="0.00" lane="bottom_0" pos="36.08" speed="19.04" angle="29.64" x="125.81" y="34.58"/>
        <vehicle id="cfm-slow_1" eclass="HBEFA3/PC_G_EU4" CO2="11994.15" CO="172.52" HC="1.08" NOx="5.13" PMx="0.26" fuel="5.16" electricity="0.00" noise="73.01" route="routebottom" type="cfm-slow" waiting="0.00" lane="right_0" pos="1.94" speed="19.09" angle="1.00" x="132.13" y="67.92"/>
        <vehicle id="cfm-slow_2" eclass="HBEFA3/PC_G_EU4" CO2="13182.39" CO="196.73" HC="1.22" NOx="5.69" PMx="0.29" fuel="5.67" electricity="0.00" noise="73.88" route="routebottom" type="cfm-slow" waiting="0.00" lane="right_0" pos="17.84" speed="19.24" angle="332.39" x="121.76" y="100.17"/>
        <vehicle id="cfm-slow_3" eclass="HBEFA3/PC_G_EU4" CO2="15385.64" CO="241.54" HC="1.48" NOx="6.72" PMx="0.35" fuel="6.61" electricity="0.00" noise="75.51" route="routebottom" type="cfm-slow" waiting="0.00" lane="right_0" pos="33.91" speed="19.62" angle="303.48" x="96.90" y="123.67"/>
        <vehicle id="cfm-slow_4" eclass="HBEFA3/PC_G_EU4" CO2="18381.80" CO="302.49" HC="1.83" NOx="8.12" PMx="0.43" fuel="7.90" electricity="0.00" noise="77.67" route="routetop" type="cfm-slow" waiting="0.00" lane="top_0" pos="0.39" speed="20.39" angle="273.77" x="62.73" y="132.25"/>
        <vehicle id="cfm-slow_5" eclass="HBEFA3/PC_G_EU4" CO2="21244.39" CO="361.27" HC="2.17" NOx="9.44" PMx="0.51" fuel="9.13" electricity="0.00" noise="79.50" route="routetop" type="cfm-slow" waiting="0.00" lane="top_0" pos="17.68" speed="21.62" angle="242.68" x="27.47" y="121.95"/>
    </timestep>
    <timestep time="2.75">
        <vehicle id="cfm-fast_0" eclass="HBEFA3/PC_G_EU4" CO2="24333.16" CO="426.47" HC="2.55" NOx="10.86" PMx="0.59" fuel="10.46" electricity="0.00" noise="81.26" route="routetop" type="cfm-fast" waiting="0.00" lane="top_0" pos="36.46" speed="23.17" angle="208.91" x="1.19" y="92.01"/>
        <vehicle id="cfm-fast_1" eclass="HBEFA3/PC_G_EU4" CO2="33020.41" CO="608.26" HC="3.59" NOx="14.93" PMx="0.82" fuel="14.19" electricity="0.00" noise="86.69" route="routetop" type="cfm-fast" waiting="0.00" lane="left_0" pos="3.03" speed="24.48" angle="179.05" x="-4.62" y="57.05"/>
        <vehicle id="cfm-fast_2" eclass="HBEFA3/PC_G_EU4" CO2="35916.82" CO="677.28" HC="3.98" NOx="16.24" PMx="0.90" fuel="15.44" electricity="0.00" noise="87.45" route="routetop" type="cfm-fast" waiting="0.00" lane="left_0" pos="21.01" speed="26.94" angle="146.64" x="9.48" y="21.59"/>
        <vehicle id="cfm-fast_3" eclass="HBEFA3/PC_G_EU4" CO2="9175.62" CO="139.53" HC="0.87" NOx="3.57" PMx="0.21" fuel="3.94" electricity="0.00" noise="74.35" route="routetop" type="cfm-fast" waiting="0.00" lane="left_0" pos="41.54" speed="29.16" angle="109.73" x="45.59" y="-2.51"/>
        <vehicle id="cfm-fast_4" eclass="HBEFA3/PC_G_EU4" CO2="140500.27" CO="2922.75" HC="16.82" NOx="65.38" PMx="3.68" fuel="60.39" electricity="0.00" noise="132.75" route="routebottom" type="cfm-fast" waiting="0.00" lane="bottom_1" pos="10.35" speed="37.10" angle="75.87" x="84.54" y="1.78"/>
        <vehicle id="cfm-fast_5" eclass="HBEFA3/PC_G_EU4" CO2="0.00" CO="0.00" HC="0.00" NOx="0.00" PMx="0.00" fuel="0.00" electricity="0.00" noise="70.23" route="routebottom" type="cfm-fast" waiting="0.00" lane="bottom_0" pos="18.23" speed="23.10" angle="61.68" x="100.86" y="6.02"/>
        <vehicle id="cfm-slow_0" eclass="HBEFA3/PC_G_EU4" CO2="11432.57" CO="161.01" HC="1.01" NOx="4.87" PMx="0.25" fuel="4.91" electricity="0.00" noise="72.60" route="routebottom" type="cfm-slow" waiting="0.00" lane="bottom_0" pos="36.27" speed="19.05" angle="29.26" x="125.97" y="34.95"/>
        <vehicle id="cfm-slow_1" eclass="HBEFA3/PC_G_EU4" CO2="11940.56" CO="171.39" HC="1.07" NOx="5.11" PMx="0.26" fuel="5.13" electricity="0.00" noise="72.97" route="routebottom" type="cfm-slow" waiting="0.00" lane="right_0" pos="2.13" speed="19.10" angle="0.66" x="132.11" y="68.33"/>
        <vehicle id="cfm-slow_2" eclass="HBEFA3/PC_G_EU4" CO2="13138.78" CO="195.80" HC="1.21" NOx="5.67" PMx="0.29" fuel="5.65" electricity="0.00" noise="73.85" route="routebottom" type="cfm-slow" waiting="0.00" lane="right_0" pos="18.04" speed="19.26" angle="332.07" x="121.54" y="100.52"/>
        <vehicle id="cfm-slow_3" eclass="HBEFA3/PC_G_EU4" CO2="15349.84" CO="240.78" HC="1.47" NOx="6.70" PMx="0.35" fuel="6.60" electricity="0.00" noise="75.48" route="routebottom" type="cfm-slow" waiting="0.00" lane="right_0" pos="34.11" speed="19.64" angle="303.12" x="96.53" y="123.87"/>
        <vehicle id="cfm-slow_4" eclass="HBEFA3/PC_G_EU4" CO2="18344.36" CO="301.70" HC="1.83" NOx="8.10" PMx="0.43" fuel="7.89" electricity="0.00" noise="77.63" route="routetop" type="cfm-slow" waiting="0.00" lane="top_0" pos="0.59" speed="20.42" angle="273.40" x="62.30" y="132.25"/>
        <vehicle id="cfm-slow_5" eclass="HBEFA3/PC_G_EU4" CO2="21205.78" CO="360.49" HC="2.17" NOx="9.42" PMx="0.51" fuel="9.12" electricity="0.00" noise="79.46" route="routetop" type="cfm-slow" waiting="0.00" lane="top_0" pos="17.89" speed="21.65" angle="242.33" x="27.07" y="121.71"/>
    </timestep>
    <timestep time="2.76">
        <vehicle id="cfm-fast_0" eclass="HBEFA3/PC_G_EU4" CO2="24318.84" CO="426.23" HC="2.54" NOx="10.85" PMx="0.59" fuel="10.45" electricity="0.00" noise="81.24" route="routetop" type="cfm-fast" waiting="0.00" lane="top_0" pos="36.69" speed="23.20" angle="208.47" x="0.99" y="91.56"/>
        <vehicle id="cfm-fast_1" eclass="HBEFA3/PC_G_EU4" CO2="32959.58" CO="607.14" HC="3.58" NOx="14.90" PMx="0.82" fuel="14.17" electricity="0.00" noise="86.63" route="routetop" type="cfm-fast" waiting="0.00" lane="left_0" pos="3.28" speed="24.53" angle="178.61" x="-4.57" y="56.53"/>
        <vehicle id="cfm-fast_2" eclass="HBEFA3/PC_G_EU4" CO2="35586.61" CO="670.70" HC="3.94" NOx="16.08" PMx="0.89" fuel="15.30" electricity="0.00" noise="87.23" route="routetop" type="cfm-fast" waiting="0.00" lane="left_0" pos="21.28" speed="26.99" angle="146.15" x="9.84" y="21.14"/>
        <vehicle id="cfm-fast_3" eclass="HBEFA3/PC_G_EU4" CO2="8686.88" CO="129.49" HC="0.81" NOx="3.34" PMx="0.20" fuel="3.73" electricity="0.00" noise="74.22" route="routetop" type="cfm-fast" waiting="0.00" lane="left_0" pos="41.83" speed="29.17" angle="109.19" x="46.20" y="-2.67"/>
        <vehicle id="cfm-fast_4" eclass="HBEFA3/PC_G_EU4" CO2="141046.86" CO="2935.83" HC="16.89" NOx="65.63" PMx="3.70" fuel="60.63" electricity="0.00" noise="132.81" route="routebottom" type="cfm-fast" waiting="0.00" lane="bottom_1" pos="10.72" speed="37.24" angle="75.18" x="85.26" y="2.04"/>
        <vehicle id="cfm-fast_5" eclass="HBEFA3/PC_G_EU4" CO2="0.00" CO="0.00" HC="0.00" NOx="0.00" PMx="0.00" fuel="0.00" electricity="0.00" noise="70.20" route="routebottom" type="cfm-fast" waiting="0.00" lane="bottom_0" pos="18.46" speed="23.10" angle="61.24" x="101.27" y="6.29"/>
        <vehicle id="cfm-slow_0" eclass="HBEFA3/PC_G_EU4" CO2="11372.79" CO="159.75" HC="1.01" NOx="4.84" PMx="0.25" fuel="4.89" electricity="0.00" noise="72.56" route="routebottom" type="cfm-slow" waiting="0.00" lane="bottom_0" pos="36.46" speed="19.07" angle="28.89" x="126.14" y="35.32"/>
        <vehicle id="cfm-slow_1" eclass="HBEFA3/PC_G_EU4" CO2="11887.53" CO="170.26" HC="1.07" NOx="5.08" PMx="0.26" fuel="5.11" electricity="0.00" noise="72.93" route="routebottom" type="cfm-slow" waiting="0.00" lane="right_0" pos="2.32" speed="19.12" angle="0.31" x="132.09" y="68.74"/>
        <vehicle id="cfm-slow_2" eclass="HBEFA3/PC_G_EU4" CO2="13095.70" CO="194.88" HC="1.21" NOx="5.65" PMx="0.29" fuel="5.63" electricity="0.00" noise="73.81" route="routebottom" type="cfm-slow" waiting="0.00" lane="right_0" pos="18.23" speed="19.28" angle="331.70" x="121.31" y="100.86"/>
        <vehicle id="cfm-slow_3" eclass="HBEFA3/PC_G_EU4" CO2="15314.48" CO="240.02" HC="1.47" NOx="6.69" PMx="0.35" fuel="6.58" electricity="0.00" noise="75.45" route="routebottom" type="cfm-slow" waiting="0.00" lane="right_0" pos="34.31" speed="19.67" angle="302.76" x="96.16" y="124.08"/>
        <vehicle id="cfm-slow_4" eclass="HBEFA3/PC_G_EU4" CO2="18307.34" CO="300.92" HC="1.82" NOx="8.08" PMx="0.43" fuel="7.87" electricity="0.00" noise="77.60" route="routetop" type="cfm-slow" waiting="0.00" lane="top_0" pos="0.80" speed="20.45" angle="273.03" x="61.86" y="132.24"/>
        <vehicle id="cfm-slow_5" eclass="HBEFA3/PC_G_EU4" CO2="21167.83" CO="359.72" HC="2.16" NOx="9.40" PMx="0.50" fuel="9.10" electricity="0.00" noise="79.43" route="routetop" type="cfm-slow" waiting="0.00" lane="top_0" pos="18.11" speed="21.68" angle="241.94" x="26.68" y="121.46"/>
    </timestep>
    <timestep time="2.77">
        <vehicle id="cfm-fast_0" eclass="HBEFA3/PC_G_EU4" CO2="24304.77" CO="426.00" HC="2.54" NOx="10.85" PMx="0.59" fuel="10.45" electricity="0.00" noise="81.22" route="routetop" type="cfm-fast" waiting="0.00" lane="top_0" pos="36.93" speed="23.23" angle="208.04" x="0.78" y="91.10"/>
        <vehicle id="cfm-fast_1" eclass="HBEFA3/PC_G_EU4" CO2="32896.98" CO="605.98" HC="3.58" NOx="14.87" PMx="0.82" fuel="14.14" electricity="0.00" noise="86.56" route="routetop" type="cfm-fast" waiting="0.00" lane="left_0" pos="3.53" speed="24.57" angle="178.17" x="-4.51" y="56.00"/>
        <vehicle id="cfm-fast_2" eclass="HBEFA3/PC_G_EU4" CO2="35254.86" CO="664.08" HC="3.90" NOx="15.93" PMx="0.88" fuel="15.15" electricity="0.00" noise="87.01" route="routetop" type="cfm-fast" waiting="0.00" lane="left_0" pos="21.55" speed="27.03" angle="145.65" x="10.20" y="20.68"/>
        <vehicle id="cfm-fast_3" eclass="HBEFA3/PC_G_EU4" CO2="8204.93" CO="119.59" HC="0.75" NOx="3.12" PMx="0.19" fuel="3.53" electricity="0.00" noise="74.10" route="routetop" type="cfm-fast" waiting="0.00" lane="left_0" pos="42.13" speed="29.17" angle="108.64" x="46.80" y="-2.83"/>
        <vehicle id="cfm-fast_4" eclass="HBEFA3/PC_G_EU4" CO2="141593.75" CO="2948.93" HC="16.96" NOx="65.89" PMx="3.71" fuel="60.86" electricity="0.00" noise="132.88" route="routebottom" type="cfm-fast" waiting="0.00" lane="bottom_1" pos="11.09" speed="37.38" angle="74.48" x="85.98" y="2.30"/>
        <vehicle id="cfm-fast_5" eclass="HBEFA3/PC_G_EU4" CO2="0.00" CO="0.00" HC="0.00" NOx="0.00" PMx="0.00" fuel="0.00" electricity="0.00" noise="70.17" route="routebottom" type="cfm-fast" waiting="0.00" lane="bottom_0" pos="18.69" speed="23.10" angle="60.81" x="101.69" y="6.57"/>
        <vehicle id="cfm-slow_0" eclass="HBEFA3/PC_G_EU4" CO2="11313.54" CO="158.51" HC="1.00" NOx="4.81" PMx="0.24" fuel="4.86" electricity="0.00" noise="72.52" route="routebottom" type="cfm-slow" waiting="0.00" lane="bottom_0" pos="36.66" speed="19.09" angle="28.52" x="126.31" y="35.70"/>
        <vehicle id="cfm-slow_1" eclass="HBEFA3/PC_G_EU4" CO2="11835.07" CO="169.15" HC="1.06" NOx="5.06" PMx="0.26" fuel="5.09" electricity="0.00" noise="72.89" route="routebottom" type="cfm-slow" waiting="0.00" lane="right_0" pos="2.51" speed="19.14" angle="359.99" x="132.06" y="69.16"/>
        <vehicle id="cfm-slow_2" eclass="HBEFA3/PC_G_EU4" CO2="13053.16" CO="193.98" HC="1.20" NOx="5.63" PMx="0.29" fuel="5.61" electricity="0.00" noise="73.78" route="routebottom" type="cfm-slow" waiting="0.00" lane="right_0" pos="18.42" speed="19.30" angle="331.32" x="121.08" y="101.21"/>
        <vehicle id="cfm-slow_3" eclass="HBEFA3/PC_G_EU4" CO2="15279.56" CO="239.27" HC="1.47" NOx="6.67" PMx="0.35" fuel="6.57" electricity="0.00" noise="75.42" route="routebottom" type="cfm-slow" waiting="0.00" lane="right_0" pos="34.50" speed="19.69" angle="302.41" x="95.79" y="124.28"/>
        <vehicle id="cfm-slow_4" eclass="HBEFA3/PC_G_EU4" CO2="18270.75" CO="300.15" HC="1.82" NOx="8.06" PMx="0.43" fuel="7.85" electricity="0.00" noise="77.56" route="routetop" type="cfm-slow" waiting="0.00" lane="top_0" pos="1.00" speed="20.48" angle="272.66" x="61.41" y="132.23"/>
        <vehicle id="cfm-slow_5" eclass="HBEFA3/PC_G_EU4" CO2="21130.54" CO="358.97" HC="2.16" NOx="9.38" PMx="0.50" fuel="9.08" electricity="0.00" noise="79.39" route="routetop" type="cfm-slow" waiting="0.00" lane="top_0" pos="18.33" speed="21.71" angle="241.51" x="26.29" y="121.20"/>
    </timestep>
    <timestep time="2.78">
        <vehicle id="cfm-fast_0" eclass="HBEFA3/PC_G_EU4" CO2="24290.94" CO="425.77" HC="2.54" NOx="10.84" PMx="0.59" fuel="10.44" electricity="0.00" noise="81.20" route="routetop" type="cfm-fast" waiting="0.00" lane="top_0" pos="37.16" speed="23.27" angle="207.65" x="0.58" y="90.64"/>
        <vehicle id="cfm-fast_1" eclass="HBEFA3/PC_G_EU4" CO2="32832.63" CO="604.78" HC="3.57" NOx="14.84" PMx="0.81" fuel="14.11" electricity="0.00" noise="86.50" route="routetop" type="cfm-fast" waiting="0.00" lane="left_0" pos="3.77" speed="24.62" angle="177.74" x="-4.46" y="55.47"/>
        <vehicle id="cfm-fast_2" eclass="HBEFA3/PC_G_EU4" CO2="34921.64" CO="657.43" HC="3.86" NOx="15.77" PMx="0.88" fuel="15.01" electricity="0.00" noise="86.79" route="routetop" type="cfm-fast" waiting="0.00" lane="left_0" pos="21.82" speed="27.07" angle="145.21" x="10.56" y="20.22"/>
        <vehicle id="cfm-fast_3" eclass="HBEFA3/PC_G_EU4" CO2="7729.71" CO="109.83" HC="0.70" NOx="2.89" PMx="0.17" fuel="3.32" electricity="0.00" noise="73.98" route="routetop" type="cfm-fast" waiting="0.00" lane="left_0" pos="42.42" speed="29.17" angle="108.17" x="47.41" y="-2.99"/>
        <vehicle id="cfm-fast_4" eclass="HBEFA3/PC_G_EU4" CO2="142140.93" CO="2962.05" HC="17.04" NOx="66.14" PMx="3.73" fuel="61.10" electricity="0.00" noise="132.94" route="routebottom" type="cfm-fast" waiting="0.00" lane="bottom_1" pos="11.47" speed="37.51" angle="73.82" x="86.70" y="2.56"/>
        <vehicle id="cfm-fast_5" eclass="HBEFA3/PC_G_EU4" CO2="0.00" CO="0.00" HC="0.00" NOx="0.00" PMx="0.00" fuel="0.00" electricity="0.00" noise="70.14" route="routebottom" type="cfm-fast" waiting="0.00" lane="bottom_0" pos="18.92" speed="23.10" angle="60.38" x="102.10" y="6.84"/>
        <vehicle id="cfm-slow_0" eclass="HBEFA3/PC_G_EU4" CO2="11254.81" CO="157.27" HC="0.99" NOx="4.78" PMx="0.24" fuel="4.84" electricity="0.00" noise="72.48" route="routebottom" type="cfm-slow" waiting="0.00" lane="bottom_0" pos="36.85" speed="19.10" angle="28.15" x="126.47" y="36.07"/>
        <vehicle id="cfm-slow_1" eclass="HBEFA3/PC_G_EU4" CO2="11783.16" CO="168.06" HC="1.05" NOx="5.03" PMx="0.26" fuel="5.07" electricity="0.00" noise="72.86" route="routebottom" type="cfm-slow" waiting="0.00" lane="right_0" pos="2.70" speed="19.16" angle="359.65" x="132.02" y="69.57"/>
        <vehicle id="cfm-slow_2" eclass="HBEFA3/PC_G_EU4" CO2="13011.16" CO="193.08" HC="1.20" NOx="5.61" PMx="0.29" fuel="5.59" electricity="0.00" noise="73.75" route="routebottom" type="cfm-slow" waiting="0.00" lane="right_0" pos="18.62" speed="19.32" angle="330.94" x="120.85" y="101.55"/>
        <vehicle id="cfm-slow_3" eclass="HBEFA3/PC_G_EU4" CO2="15245.07" CO="238.53" HC="1.46" NOx="6.65" PMx="0.35" fuel="6.55" electricity="0.00" noise="75.39" route="routebottom" type="cfm-slow" waiting="0.00" lane="right_0" pos="34.70" speed="19.71" angle="302.11" x="95.42" y="124.48"/>
        <vehicle id="cfm-slow_4" eclass="HBEFA3/PC_G_EU4" CO2="18234.59" CO="299.39" HC="1.81" NOx="8.04" PMx="0.43" fuel="7.84" electricity="0.00" noise="77.53" route="routetop" type="cfm-slow" waiting="0.00" lane="top_0" pos="1.21" speed="20.50" angle="272.30" x="60.97" y="132.22"/>
        <vehicle id="cfm-slow_5" eclass="HBEFA3/PC_G_EU4" CO2="21093.89" CO="358.23" HC="2.15" NOx="9.36" PMx="0.50" fuel="9.07" electricity="0.00" noise="79.36" route="routetop" type="cfm-slow" waiting="0.00" lane="top_0" pos="18.54" speed="21.74" angle="241.09" x="25.90" y="120.94"/>
    </timestep>
    <timestep time="2.79">
        <vehicle id="cfm-fast_0" eclass="HBEFA3/PC_G_EU4" CO2="24277.33" CO="425.55" HC="2.54" NOx="10.83" PMx="0.59" fuel="10.44" electricity="0.00" noise="81.18" route="routetop" type="cfm-fast" waiting="0.00" lane="top_0" pos="37.39" speed="23.30" angle="207.25" x="0.39" y="90.18"/>
        <vehicle id="cfm-fast_1" eclass="HBEFA3/PC_G_EU4" CO2="32766.51" CO="603.55" HC="3.56" NOx="14.81" PMx="0.81" fuel="14.08" electricity="0.00" noise="86.43" route="routetop" type="cfm-fast" waiting="0.00" lane="left_0" pos="4.02" speed="24.66" angle="177.31" x="-4.39" y="54.95"/>
        <vehicle id="cfm-fast_2" eclass="HBEFA3/PC_G_EU4" CO2="34587.03" CO="650.75" HC="3.83" NOx="15.61" PMx="0.87" fuel="14.87" electricity="0.00" noise="86.57" route="routetop" type="cfm-fast" waiting="0.00" lane="left_0" pos="22.09" speed="27.12" angle="144.70" x="10.94" y="19.78"/>
        <vehicle id="cfm-fast_3" eclass="HBEFA3/PC_G_EU4" CO2="7261.20" CO="100.20" HC="0.64" NOx="2.67" PMx="0.16" fuel="3.12" electricity="0.00" noise="73.87" route="routetop" type="cfm-fast" waiting="0.00" lane="left_0" pos="42.71" speed="29.18" angle="107.65" x="48.02" y="-3.13"/>
        <vehicle id="cfm-fast_4" eclass="HBEFA3/PC_G_EU4" CO2="142688.41" CO="2975.20" HC="17.11" NOx="66.40" PMx="3.74" fuel="61.33" electricity="0.00" noise="133.01" route="routebottom" type="cfm-fast" waiting="0.00" lane="bottom_1" pos="11.85" speed="37.65" angle="73.16" x="87.42" y="2.84"/>
        <vehicle id="cfm-fast_5" eclass="HBEFA3/PC_G_EU4" CO2="0.00" CO="0.00" HC="0.00" NOx="0.00" PMx="0.00" fuel="0.00" electricity="0.00" noise="70.11" route="routebottom" type="cfm-fast" waiting="0.00" lane="bottom_0" pos="19.15" speed="23.10" angle="59.98" x="102.52" y="7.12"/>
        <vehicle id="cfm-slow_0" eclass="HBEFA3/PC_G_EU4" CO2="11196.62" CO="156.04" HC="0.98" NOx="4.76" PMx="0.24" fuel="4.81" electricity="0.00" noise="72.44" route="routebottom" type="cfm-slow" waiting="0.00" lane="bottom_0" pos="37.04" speed="19.12" angle="27.78" x="126.64" y="36.45"/>
        <vehicle id="cfm-slow_1" eclass="HBEFA3/PC_G_EU4" CO2="11731.81" CO="166.97" HC="1.05" NOx="5.01" PMx="0.26" fuel="5.04" electricity="0.00" noise="72.82" route="routebottom" type="cfm-slow" waiting="0.00" lane="right_0" pos="2.89" speed="19.17" angle="359.30" x="131.98" y="69.98"/>
        <vehicle id="cfm-slow_2" eclass="HBEFA3/PC_G_EU4" CO2="12969.69" CO="192.20" HC="1.19" NOx="5.59" PMx="0.29" fuel="5.58" electricity="0.00" noise="73.72" route="routebottom" type="cfm-slow" waiting="0.00" lane="right_0" pos="18.81" speed="19.34" angle="330.57" x="120.62" y="101.90"/>
        <vehicle id="cfm-slow_3" eclass="HBEFA3/PC_G_EU4" CO2="15211.01" CO="237.80" HC="1.46" NOx="6.64" PMx="0.35" fuel="6.54" electricity="0.00" noise="75.37" route="routebottom" type="cfm-slow" waiting="0.00" lane="right_0" pos="34.90" speed="19.74" angle="301.75" x="95.04" y="124.67"/>
        <vehicle id="cfm-slow_4" eclass="HBEFA3/PC_G_EU4" CO2="18198.85" CO="298.64" HC="1.81" NOx="8.03" PMx="0.43" fuel="7.82" electricity="0.00" noise="77.50" route="routetop" type="cfm-slow" waiting="0.00" lane="top_0" pos="1.41" speed="20.53" angle="271.94" x="60.53" y="132.20"/>
        <vehicle id="cfm-slow_5" eclass="HBEFA3/PC_G_EU4" CO2="21057.89" CO="357.50" HC="2.15" NOx="9.35" PMx="0.50" fuel="9.05" electricity="0.00" noise="79.32" route="routetop" type="cfm-slow" waiting="0.00" lane="top_0" pos="18.76" speed="21.77" angle="240.67" x="25.51" y="120.68"/>
    </timestep>
    <timestep time="2.80">
        <vehicle id="cfm-fast_0" eclass="HBEFA3/PC_G_EU4" CO2="24263.91" CO="425.34" HC="2.54" NOx="10.82" PMx="0.59" fuel="10.43" electricity="0.00" noise="81.16" route="routetop" type="cfm-fast" waiting="0.00" lane="top_0" pos="37.62" speed="23.33" angle="206.82" x="0.20" y="89.71"/>
        <vehicle id="cfm-fast_1" eclass="HBEFA3/PC_G_EU4" CO2="32698.61" CO="602.28" HC="3.56" NOx="14.77" PMx="0.81" fuel="14.06" electricity="0.00" noise="86.37" route="routetop" type="cfm-fast" waiting="0.00" lane="left_0" pos="4.27" speed="24.71" angle="176.86" x="-4.32" y="54.42"/>
        <vehicle id="cfm-fast_2" eclass="HBEFA3/PC_G_EU4" CO2="34251.10" CO="644.04" HC="3.79" NOx="15.45" PMx="0.86" fuel="14.72" electricity="0.00" noise="86.35" route="routetop" type="cfm-fast" waiting="0.00" lane="left_0" pos="22.36" speed="27.16" angle="144.20" x="11.32" y="19.33"/>
        <vehicle id="cfm-fast_3" eclass="HBEFA3/PC_G_EU4" CO2="6799.35" CO="90.70" HC="0.59" NOx="2.45" PMx="0.15" fuel="2.92" electricity="0.00" noise="73.77" route="routetop" type="cfm-fast" waiting="0.00" lane="left_0" pos="43.00" speed="29.18" angle="107.14" x="48.63" y="-3.27"/>
        <vehicle id="cfm-fast_4" eclass="HBEFA3/PC_G_EU4" CO2="143236.17" CO="2988.36" HC="17.19" NOx="66.65" PMx="3.76" fuel="61.57" electricity="0.00" noise="133.08" route="routebottom" type="cfm-fast" waiting="0.00" lane="bottom_1" pos="12.22" speed="37.78" angle="72.48" x="88.14" y="3.12"/>
        <vehicle id="cfm-fast_5" eclass="HBEFA3/PC_G_EU4" CO2="0.00" CO="0.00" HC="0.00" NOx="0.00" PMx="0.00" fuel="0.00" electricity="0.00" noise="70.08" route="routebottom" type="cfm-fast" waiting="0.00" lane="bottom_0" pos="19.38" speed="23.09" angle="59.58" x="102.92" y="7.40"/>
        <vehicle id="cfm-slow_0" eclass="HBEFA3/PC_G_EU4" CO2="11138.95" CO="154.83" HC="0.98" NOx="4.73" PMx="0.24" fuel="4.79" electricity="0.00" noise="72.40" route="routebottom" type="cfm-slow" waiting="0.00" lane="bottom_0" pos="37.23" speed="19.14" angle="27.50" x="126.81" y="36.83"/>
        <vehicle id="cfm-slow_1" eclass="HBEFA3/PC_G_EU4" CO2="11681.02" CO="165.90" HC="1.04" NOx="4.98" PMx="0.25" fuel="5.02" electricity="0.00" noise="72.79" route="routebottom" type="cfm-slow" waiting="0.00" lane="right_0" pos="3.09" speed="19.19" angle="358.96" x="131.94" y="70.39"/>
        <vehicle id="cfm-slow_2" eclass="HBEFA3/PC_G_EU4" CO2="12928.74" CO="191.33" HC="1.19" NOx="5.57" PMx="0.29" fuel="5.56" electricity="0.00" noise="73.69" route="routebottom" type="cfm-slow" waiting="0.00" lane="right_0" pos="19.00" speed="19.36" angle="330.19" x="120.38" y="102.24"/>
        <vehicle id="cfm-slow_3" eclass="HBEFA3/PC_G_EU4" CO2="15177.38" CO="237.08" HC="1.45" NOx="6.62" PMx="0.35" fuel="6.52" electricity="0.00" noise="75.34" route="routebottom" type="cfm-slow" waiting="0.00" lane="right_0" pos="35.10" speed="19.76" angle="301.40" x="94.66" y="124.86"/>
        <vehicle id="cfm-slow_4" eclass="HBEFA3/PC_G_EU4" CO2="18163.54" CO="297.90" HC="1.80" NOx="8.01" PMx="0.42" fuel="7.81" electricity="0.00" noise="77.46" route="routetop" type="cfm-slow" waiting="0.00" lane="top_0" pos="1.62" speed="20.56" angle="271.57" x="60.09" y="132.17"/>
        <vehicle id="cfm-slow_5" eclass="HBEFA3/PC_G_EU4" CO2="21022.53" CO="356.79" HC="2.14" NOx="9.33" PMx="0.50" fuel="9.04" electricity="0.00" noise="79.29" route="routetop" type="cfm-slow" waiting="0.00" lane="top_0" pos="18.98" speed="21.80" angle="240.24" x="25.12" y="120.42"/>
    </timestep>
    <timestep time="2.81">
        <vehicle id="cfm-fast_0" eclass="HBEFA3/PC_G_EU4" CO2="24250.66" CO="425.13" HC="2.54" NOx="10.82" PMx="0.59" fuel="10.42" electricity="0.00" noise="81.14" route="routetop" type="cfm-fast" waiting="0.00" lane="top_0" pos="37.86" speed="23.37" angle="206.39" x="0.01" y="89.25"/>
        <vehicle id="cfm-fast_1" eclass="HBEFA3/PC_G_EU4" CO2="32628.95" CO="600.98" HC="3.55" NOx="14.74" PMx="0.81" fuel="14.03" electricity="0.00" noise="86.30" route="routetop" type="cfm-fast" waiting="0.00" lane="left_0" pos="4.51" speed="24.75" angle="176.41" x="-4.24" y="53.89"/>
        <vehicle id="cfm-fast_2" eclass="HBEFA3/PC_G_EU4" CO2="33913.93" CO="637.30" HC="3.75" NOx="15.29" PMx="0.85" fuel="14.58" electricity="0.00" noise="86.13" route="routetop" type="cfm-fast" waiting="0.00" lane="left_0" pos="22.63" speed="27.20" angle="143.69" x="11.69" y="18.89"/>
        <vehicle id="cfm-fast_3" eclass="HBEFA3/PC_G_EU4" CO2="6344.14" CO="81.34" HC="0.53" NOx="2.24" PMx="0.14" fuel="2.73" electricity="0.00" noise="73.67" route="routetop" type="cfm-fast" waiting="0.00" lane="left_0" pos="43.29" speed="29.18" angle="106.62" x="49.25" y="-3.41"/>
        <vehicle id="cfm-fast_4" eclass="HBEFA3/PC_G_EU4" CO2="143784.23" CO="3001.55" HC="17.26" NOx="66.91" PMx="3.77" fuel="61.81" electricity="0.00" noise="133.14" route="routebottom" type="cfm-fast" waiting="0.00" lane="bottom_1" pos="12.60" speed="37.92" angle="71.80" x="88.86" y="3.41"/>
        <vehicle id="cfm-fast_5" eclass="HBEFA3/PC_G_EU4" CO2="0.00" CO="0.00" HC="0.00" NOx="0.00" PMx="0.00" fuel="0.00" electricity="0.00" noise="70.05" route="routebottom" type="cfm-fast" waiting="0.00" lane="bottom_0" pos="19.61" speed="23.09" angle="59.15" x="103.33" y="7.69"/>
        <vehicle id="cfm-slow_0" eclass="HBEFA3/PC_G_EU4" CO2="11081.81" CO="153.62" HC="0.97" NOx="4.70" PMx="0.24" fuel="4.76" electricity="0.00" noise="72.37" route="routebottom" type="cfm-slow" waiting="0.00" lane="bottom_0" pos="37.42" speed="19.15" angle="27.15" x="126.96" y="37.21"/>
        <vehicle id="cfm-slow_1" eclass="HBEFA3/PC_G_EU4" CO2="11630.78" CO="164.83" HC="1.04" NOx="4.96" PMx="0.25" fuel="5.00" electricity="0.00" noise="72.75" route="routebottom" type="cfm-slow" waiting="0.00" lane="right_0" pos="3.28" speed="19.21" angle="358.62" x="131.90" y="70.80"/>
        <vehicle id="cfm-slow_2" eclass="HBEFA3/PC_G_EU4" CO2="12888.31" CO="190.46" HC="1.18" NOx="5.55" PMx="0.29" fuel="5.54" electricity="0.00" noise="73.66" route="routebottom" type="cfm-slow" waiting="0.00" lane="right_0" pos="19.20" speed="19.38" angle="329.87" x="120.15" y="102.59"/>
        <vehicle id="cfm-slow_3" eclass="HBEFA3/PC_G_EU4" CO2="15144.19" CO="236.37" HC="1.45" NOx="6.60" PMx="0.35" fuel="6.51" electricity="0.00" noise="75.31" route="routebottom" type="cfm-slow" waiting="0.00" lane="right_0" pos="35.29" speed="19.78" angle="301.04" x="94.28" y="125.05"/>
        <vehicle id="cfm-slow_4" eclass="HBEFA3/PC_G_EU4" CO2="18128.66" CO="297.17" HC="1.80" NOx="7.99" PMx="0.42" fuel="7.79" electricity="0.00" noise="77.43" route="routetop" type="cfm-slow" waiting="0.00" lane="top_0" pos="1.82" speed="20.59" angle="271.20" x="59.65" y="132.15"/>
        <vehicle id="cfm-slow_5" eclass="HBEFA3/PC_G_EU4" CO2="20987.80" CO="356.09" HC="2.14" NOx="9.31" PMx="0.50" fuel="9.02" electricity="0.00" noise="79.26" route="routetop" type="cfm-slow" waiting="0.00" lane="top_0" pos="19.20" speed="21.83" angle="239.88" x="24.73" y="120.16"/>
    </timestep>
    <timestep time="2.82">
        <vehicle id="cfm-fast_0" eclass="HBEFA3/PC_G_EU4" CO2="24237.57" CO="424.92" HC="2.54" NOx="10.81" PMx="0.59" fuel="10.42" electricity="0.00" noise="81.12" route="routetop" type="cfm-fast" waiting="0.00" lane="top_0" pos="38.09" speed="23.40" angle="205.96" x="-0.17" y="88.78"/>
        <vehicle id="cfm-fast_1" eclass="HBEFA3/PC_G_EU4" CO2="32557.52" CO="599.64" HC="3.54" NOx="14.70" PMx="0.81" fuel="13.99" electricity="0.00" noise="86.23" route="routetop" type="cfm-fast" waiting="0.00" lane="left_0" pos="4.76" speed="24.79" angle="175.96" x="-4.17" y="53.36"/>
        <vehicle id="cfm-fast_2" eclass="HBEFA3/PC_G_EU4" CO2="33575.57" CO="630.54" HC="3.71" NOx="15.13" PMx="0.84" fuel="14.43" electricity="0.00" noise="85.91" route="routetop" type="cfm-fast" waiting="0.00" lane="left_0" pos="22.91" speed="27.24" angle="143.18" x="12.07" y="18.44"/>
        <vehicle id="cfm-fast_3" eclass="HBEFA3/PC_G_EU4" CO2="5895.53" CO="72.10" HC="0.48" NOx="2.03" PMx="0.13" fuel="2.53" electricity="0.00" noise="73.57" route="routetop" type="cfm-fast" waiting="0.00" lane="left_0" pos="43.58" speed="29.18" angle="106.14" x="49.86" y="-3.55"/>
        <vehicle id="cfm-fast_4" eclass="HBEFA3/PC_G_EU4" CO2="144332.58" CO="3014.76" HC="17.33" NOx="67.17" PMx="3.79" fuel="62.04" electricity="0.00" noise="133.21" route="routebottom" type="cfm-fast" waiting="0.00" lane="bottom_1" pos="12.98" speed="38.06" angle="71.17" x="89.58" y="3.71"/>
        <vehicle id="cfm-fast_5" eclass="HBEFA3/PC_G_EU4" CO2="0.00" CO="0.00" HC="0.00" NOx="0.00" PMx="0.00" fuel="0.00" electricity="0.00" noise="70.03" route="routebottom" type="cfm-fast" waiting="0.00" lane="bottom_0" pos="19.84" speed="23.09" angle="58.73" x="103.73" y="7.98"/>
        <vehicle id="cfm-slow_0" eclass="HBEFA3/PC_G_EU4" CO2="11025.19" CO="152.43" HC="0.96" NOx="4.67" PMx="0.24" fuel="4.74" electricity="0.00" noise="72.33" route="routebottom" type="cfm-slow" waiting="0.00" lane="bottom_0" pos="37.61" speed="19.17" angle="26.80" x="127.11" y="37.59"/>
        <vehicle id="cfm-slow_1" eclass="HBEFA3/PC_G_EU4" CO2="11581.09" CO="163.78" HC="1.03" NOx="4.94" PMx="0.25" fuel="4.98" electricity="0.00" noise="72.72" route="routebottom" type="cfm-slow" waiting="0.00" lane="right_0" pos="3.47" speed="19.23" angle="358.27" x="131.85" y="71.21"/>
        <vehicle id="cfm-slow_2" eclass="HBEFA3/PC_G_EU4" CO2="12848.41" CO="189.61" HC="1.18" NOx="5.53" PMx="0.28" fuel="5.52" electricity="0.00" noise="73.63" route="routebottom" type="cfm-slow" waiting="0.00" lane="right_0" pos="19.39" speed="19.39" angle="329.53" x="119.91" y="102.93"/>
        <vehicle id="cfm-slow_3" eclass="HBEFA3/PC_G_EU4" CO2="15111.42" CO="235.67" HC="1.44" NOx="6.59" PMx="0.34" fuel="6.50" electricity="0.00" noise="75.28" route="routebottom" type="cfm-slow" waiting="0.00" lane="right_0" pos="35.49" speed="19.81" angle="300.68" x="93.90" y="125.25"/>
        <vehicle id="cfm-slow_4" eclass="HBEFA3/PC_G_EU4" CO2="18094.20" CO="296.45" HC="1.80" NOx="7.98" PMx="0.42" fuel="7.78" electricity="0.00" noise="77.40" route="routetop" type="cfm-slow" waiting="0.00" lane="top_0" pos="2.03" speed="20.62" angle="270.83" x="59.21" y="132.12"/>
        <vehicle id="cfm-slow_5" eclass="HBEFA3/PC_G_EU4" CO2="20953.70" CO="355.41" HC="2.14" NOx="9.30" PMx="0.50" fuel="9.01" electricity="0.00" noise="79.22" route="routetop" type="cfm-slow" waiting="0.00" lane="top_0" pos="19.42" speed="21.86" angle="239.49" x="24.35" y="119.88"/>
    </timestep>
    <timestep time="2.83">
        <vehicle id="cfm-fast_0" eclass="HBEFA3/PC_G_EU4" CO2="24224.61" CO="424.71" HC="2.53" NOx="10.80" PMx="0.59" fuel="10.41" electricity="0.00" noise="81.11" route="routetop" type="cfm-fast" waiting="0.00" lane="top_0" pos="38.33" speed="23.43" angle="205.53" x="-0.36" y="88.31"/>
        <vehicle id="cfm-fast_1" eclass="HBEFA3/PC_G_EU4" CO2="32484.32" CO="598.27" HC="3.53" NOx="14.67" PMx="0.81" fuel="13.96" electricity="0.00" noise="86.16" route="routetop" type="cfm-fast" waiting="0.00" lane="left_0" pos="5.01" speed="24.84" angle="175.44" x="-4.09" y="52.84"/>
        <vehicle id="cfm-fast_2" eclass="HBEFA3/PC_G_EU4" CO2="33236.11" CO="623.75" HC="3.67" NOx="14.97" PMx="0.83" fuel="14.29" electricity="0.00" noise="85.70" route="routetop" type="cfm-fast" waiting="0.00" lane="left_0" pos="23.18" speed="27.28" angle="142.75" x="12.46" y="18.00"/>
        <vehicle id="cfm-fast_3" eclass="HBEFA3/PC_G_EU4" CO2="0.00" CO="0.00" HC="0.00" NOx="0.00" PMx="0.00" fuel="0.00" electricity="0.00" noise="73.48" route="routetop" type="cfm-fast" waiting="0.00" lane="left_0" pos="43.88" speed="29.18" angle="105.62" x="50.47" y="-3.67"/>
        <vehicle id="cfm-fast_4" eclass="HBEFA3/PC_G_EU4" CO2="144881.22" CO="3027.99" HC="17.41" NOx="67.42" PMx="3.80" fuel="62.28" electricity="0.00" noise="133.27" route="routebottom" type="cfm-fast" waiting="0.00" lane="bottom_1" pos="13.37" speed="38.19" angle="70.46" x="90.29" y="4.04"/>
        <vehicle id="cfm-fast_5" eclass="HBEFA3/PC_G_EU4" CO2="0.00" CO="0.00" HC="0.00" NOx="0.00" PMx="0.00" fuel="0.00" electricity="0.00" noise="70.00" route="routebottom" type="cfm-fast" waiting="0.00" lane="bottom_0" pos="20.08" speed="23.09" angle="58.30" x="104.13" y="8.27"/>
        <vehicle id="cfm-slow_0" eclass="HBEFA3/PC_G_EU4" CO2="10969.09" CO="151.25" HC="0.96" NOx="4.65" PMx="0.24" fuel="4.72" electricity="0.00" noise="72.29" route="routebottom" type="cfm-slow" waiting="0.00" lane="bottom_0" pos="37.80" speed="19.18" angle="26.46" x="127.27" y="37.98"/>
        <vehicle id="cfm-slow_1" eclass="HBEFA3/PC_G_EU4" CO2="11531.94" CO="162.74" HC="1.02" NOx="4.91" PMx="0.25" fuel="4.96" electricity="0.00" noise="72.69" route="routebottom" type="cfm-slow" waiting="0.00" lane="right_0" pos="3.66" speed="19.24" angle="357.92" x="131.81" y="71.62"/>
        <vehicle id="cfm-slow_2" eclass="HBEFA3/PC_G_EU4" CO2="12809.03" CO="188.77" HC="1.17" NOx="5.51" PMx="0.28" fuel="5.51" electricity="0.00" noise="73.60" route="routebottom" type="cfm-slow" waiting="0.00" lane="right_0" pos="19.58" speed="19.41" angle="329.18" x="119.67" y="103.27"/>
        <vehicle id="cfm-slow_3" eclass="HBEFA3/PC_G_EU4" CO2="15079.07" CO="234.98" HC="1.44" NOx="6.57" PMx="0.34" fuel="6.48" electricity="0.00" noise="75.26" route="routebottom" type="cfm-slow" waiting="0.00" lane="right_0" pos="35.69" speed="19.83" angle="300.32" x="93.52" y="125.44"/>
        <vehicle id="cfm-slow_4" eclass="HBEFA3/PC_G_EU4" CO2="18060.18" CO="295.73" HC="1.79" NOx="7.96" PMx="0.42" fuel="7.76" electricity="0.00" noise="77.37" route="routetop" type="cfm-slow" waiting="0.00" lane="top_0" pos="2.24" speed="20.64" angle="270.46" x="58.76" y="132.10"/>
        <vehicle id="cfm-slow_5" eclass="HBEFA3/PC_G_EU4" CO2="20920.22" CO="354.74" HC="2.13" NOx="9.28" PMx="0.50" fuel="8.99" electricity="0.00" noise="79.19" route="routetop" type="cfm-slow" waiting="0.00" lane="top_0" pos="19.64" speed="21.89" angle="239.10" x="23.97" y="119.61"/>
    </timestep>
    <timestep time="2.84">
        <vehicle id="cfm-fast_0" eclass="HBEFA3/PC_G_EU4" CO2="24211.76" CO="424.51" HC="2.53" NOx="10.80" PMx="0.59" fuel="10.41" electricity="0.00" noise="81.09" route="routetop" type="cfm-fast" waiting="0.00" lane="top_0" pos="38.56" speed="23.47" angle="205.15" x="-0.54" y="87.84"/>
        <vehicle id="cfm-fast_1" eclass="HBEFA3/PC_G_EU4" CO2="32409.34" CO="596.86" HC="3.52" NOx="14.63" PMx="0.80" fuel="13.93" electricity="0.00" noise="86.09" route="routetop" type="cfm-fast" waiting="0.00" lane="left_0" pos="5.26" speed="24.88" angle="175.02" x="-4.01" y="52.31"/>
        <vehicle id="cfm-fast_2" eclass="HBEFA3/PC_G_EU4" CO2="32895.61" CO="616.95" HC="3.63" NOx="14.81" PMx="0.82" fuel="14.14" electricity="0.00" noise="85.48" route="routetop" type="cfm-fast" waiting="0.00" lane="left_0" pos="23.45" speed="27.32" angle="142.26" x="12.86" y="17.56"/>
        <vehicle id="cfm-fast_3" eclass="HBEFA3/PC_G_EU4" CO2="0.00" CO="0.00" HC="0.00" NOx="0.00" PMx="0.00" fuel="0.00" electricity="0.00" noise="73.39" route="routetop" type="cfm-fast" waiting="0.00" lane="left_0" pos="44.17" speed="29.18" angle="105.08" x="51.09" y="-3.78"/>
        <vehicle id="cfm-fast_4" eclass="HBEFA3/PC_G_EU4" CO2="145430.15" CO="3041.24" HC="17.48" NOx="67.68" PMx="3.82" fuel="62.51" electricity="0.00" noise="133.34" route="routebottom" type="cfm-fast" waiting="0.00" lane="bottom_1" pos="13.75" speed="38.33" angle="69.76" x="91.01" y="4.36"/>
        <vehicle id="cfm-fast_5" eclass="HBEFA3/PC_G_EU4" CO2="0.00" CO="0.00" HC="0.00" NOx="0.00" PMx="0.00" fuel="0.00" electricity="0.00" noise="69.98" route="routebottom" type="cfm-fast" waiting="0.00" lane="bottom_0" pos="20.31" speed="23.09" angle="57.87" x="104.54" y="8.56"/>
        <vehicle id="cfm-slow_0" eclass="HBEFA3/PC_G_EU4" CO2="10913.51" CO="150.08" HC="0.95" NOx="4.62" PMx="0.23" fuel="4.69" electricity="0.00" noise="72.26" route="routebottom" type="cfm-slow" waiting="0.00" lane="bottom_0" pos="38.00" speed="19.20" angle="26.11" x="127.42" y="38.36"/>
        <vehicle id="cfm-slow_1" eclass="HBEFA3/PC_G_EU4" CO2="11483.34" CO="161.72" HC="1.02" NOx="4.89" PMx="0.25" fuel="4.94" electricity="0.00" noise="72.66" route="routebottom" type="cfm-slow" waiting="0.00" lane="right_0" pos="3.85" speed="19.26" angle="357.60" x="131.77" y="72.03"/>
        <vehicle id="cfm-slow_2" eclass="HBEFA3/PC_G_EU4" CO2="12770.16" CO="187.95" HC="1.17" NOx="5.49" PMx="0.28" fuel="5.49" electricity="0.00" noise="73.58" route="routebottom" type="cfm-slow" waiting="0.00" lane="right_0" pos="19.78" speed="19.43" angle="328.83" x="119.42" y="103.61"/>
        <vehicle id="cfm-slow_3" eclass="HBEFA3/PC_G_EU4" CO2="15047.15" CO="234.30" HC="1.44" NOx="6.56" PMx="0.34" fuel="6.47" electricity="0.00" noise="75.23" route="routebottom" type="cfm-slow" waiting="0.00" lane="right_0" pos="35.89" speed="19.85" angle="300.00" x="93.13" y="125.63"/>
        <vehicle id="cfm-slow_4" eclass="HBEFA3/PC_G_EU4" CO2="18026.57" CO="295.03" HC="1.79" NOx="7.94" PMx="0.42" fuel="7.75" electricity="0.00" noise="77.34" route="routetop" type="cfm-slow" waiting="0.00" lane="top_0" pos="2.44" speed="20.67" angle="270.09" x="58.32" y="132.07"/>
        <vehicle id="cfm-slow_5" eclass="HBEFA3/PC_G_EU4" CO2="20887.36" CO="354.08" HC="2.13" NOx="9.26" PMx="0.50" fuel="8.98" electricity="0.00" noise="79.16" route="routetop" type="cfm-slow" waiting="0.00" lane="top_0" pos="19.85" speed="21.92" angle="238.70" x="23.59" y="119.33"/>
    </timestep>
    <timestep time="2.85">
        <vehicle id="cfm-fast_0" eclass="HBEFA3/PC_G_EU4" CO2="24199.01" CO="424.32" HC="2.53" NOx="10.79" PMx="0.59" fuel="10.40" electricity="0.00" noise="81.07" route="routetop" type="cfm-fast" waiting="0.00" lane="top_0" pos="38.80" speed="23.50" angle="204.71" x="-0.71" y="87.36"/>
        <vehicle id="cfm-fast_1" eclass="HBEFA3/PC_G_EU4" CO2="32332.60" CO="595.41" HC="3.51" NOx="14.60" PMx="0.80" fuel="13.90" electricity="0.00" noise="86.02" route="routetop" type="cfm-fast" waiting="0.00" lane="left_0" pos="5.51" speed="24.92" angle="174.57" x="-3.91" y="51.78"/>
        <vehicle id="cfm-fast_2" eclass="HBEFA3/PC_G_EU4" CO2="32554.14" CO="610.12" HC="3.59" NOx="14.65" PMx="0.82" fuel="13.99" electricity="0.00" noise="85.26" route="routetop" type="cfm-fast" waiting="0.00" lane="left_0" pos="23.73" speed="27.36" angle="141.76" x="13.26" y="17.13"/>
        <vehicle id="cfm-fast_3" eclass="HBEFA3/PC_G_EU4" CO2="0.00" CO="0.00" HC="0.00" NOx="0.00" PMx="0.00" fuel="0.00" electricity="0.00" noise="73.31" route="routetop" type="cfm-fast" waiting="0.00" lane="left_0" pos="44.46" speed="29.18" angle="104.54" x="51.71" y="-3.90"/>
        <vehicle id="cfm-fast_4" eclass="HBEFA3/PC_G_EU4" CO2="145979.37" CO="3054.51" HC="17.56" NOx="67.93" PMx="3.83" fuel="62.75" electricity="0.00" noise="133.40" route="routebottom" type="cfm-fast" waiting="0.00" lane="bottom_1" pos="14.13" speed="38.47" angle="69.11" x="91.73" y="4.68"/>
        <vehicle id="cfm-fast_5" eclass="HBEFA3/PC_G_EU4" CO2="0.00" CO="0.00" HC="0.00" NOx="0.00" PMx="0.00" fuel="0.00" electricity="0.00" noise="69.95" route="routebottom" type="cfm-fast" waiting="0.00" lane="bottom_0" pos="20.54" speed="23.08" angle="57.52" x="104.94" y="8.85"/>
        <vehicle id="cfm-slow_0" eclass="HBEFA3/PC_G_EU4" CO2="10858.44" CO="148.92" HC="0.94" NOx="4.59" PMx="0.23" fuel="4.67" electricity="0.00" noise="72.22" route="routebottom" type="cfm-slow" waiting="0.00" lane="bottom_0" pos="38.19" speed="19.22" angle="25.76" x="127.58" y="38.74"/>
        <vehicle id="cfm-slow_1" eclass="HBEFA3/PC_G_EU4" CO2="11435.29" CO="160.70" HC="1.01" NOx="4.87" PMx="0.25" fuel="4.92" electricity="0.00" noise="72.62" route="routebottom" type="cfm-slow" waiting="0.00" lane="right_0" pos="4.05" speed="19.28" angle="357.25" x="131.71" y="72.44"/>
        <vehicle id="cfm-slow_2" eclass="HBEFA3/PC_G_EU4" CO2="12731.80" CO="187.13" HC="1.16" NOx="5.47" PMx="0.28" fuel="5.47" electricity="0.00" noise="73.55" route="routebottom" type="cfm-slow" waiting="0.00" lane="right_0" pos="19.97" speed="19.45" angle="328.48" x="119.18" y="103.95"/>
        <vehicle id="cfm-slow_3" eclass="HBEFA3/PC_G_EU4" CO2="15015.65" CO="233.62" HC="1.43" NOx="6.54" PMx="0.34" fuel="6.45" electricity="0.00" noise="75.21" route="routebottom" type="cfm-slow" waiting="0.00" lane="right_0" pos="36.09" speed="19.88" angle="299.63" x="92.74" y="125.81"/>
        <vehicle id="cfm-slow_4" eclass="HBEFA3/PC_G_EU4" CO2="17993.40" CO="294.34" HC="1.78" NOx="7.93" PMx="0.42" fuel="7.73" electricity="0.00" noise="77.31" route="routetop" type="cfm-slow" waiting="0.00" lane="top_0" pos="2.65" speed="20.70" angle="269.74" x="57.87" y="132.03"/>
        <vehicle id="cfm-slow_5" eclass="HBEFA3/PC_G_EU4" CO2="20855.12" CO="353.44" HC="2.13" NOx="9.25" PMx="0.50" fuel="8.96" electricity="0.00" noise="79.13" route="routetop" type="cfm-slow" waiting="0.00" lane="top_0" pos="20.07" speed="21.95" angle="238.30" x="23.20" y="119.05"/>
    </timestep>
    <timestep time="2.86">
        <vehicle id="cfm-fast_0" eclass="HBEFA3/PC_G_EU4" CO2="24186.34" CO="424.12" HC="2.53" NOx="10.78" PMx="0.59" fuel="10.40" electricity="0.00" noise="81.05" route="routetop" type="cfm-fast" waiting="0.00" lane="top_0" pos="39.03" speed="23.53" angle="204.28" x="-0.89" y="86.89"/>
        <vehicle id="cfm-fast_1" eclass="HBEFA3/PC_G_EU4" CO2="32254.09" CO="593.93" HC="3.51" NOx="14.56" PMx="0.80" fuel="13.86" electricity="0.00" noise="85.95" route="routetop" type="cfm-fast" waiting="0.00" lane="left_0" pos="5.76" speed="24.97" angle="174.11" x="-3.81" y="51.25"/>
        <vehicle id="cfm-fast_2" eclass="HBEFA3/PC_G_EU4" CO2="32211.77" CO="603.26" HC="3.55" NOx="14.48" PMx="0.81" fuel="13.85" electricity="0.00" noise="85.05" route="routetop" type="cfm-fast" waiting="0.00" lane="left_0" pos="24.00" speed="27.40" angle="141.27" x="13.66" y="16.70"/>
        <vehicle id="cfm-fast_3" eclass="HBEFA3/PC_G_EU4" CO2="0.00" CO="0.00" HC="0.00" NOx="0.00" PMx="0.00" fuel="0.00" electricity="0.00" noise="73.23" route="routetop" type="cfm-fast" waiting="0.00" lane="left_0" pos="44.75" speed="29.18" angle="104.00" x="52.33" y="-4.01"/>
        <vehicle id="cfm-fast_4" eclass="HBEFA3/PC_G_EU4" CO2="146528.89" CO="3067.81" HC="17.63" NOx="68.19" PMx="3.85" fuel="62.99" electricity="0.00" noise="133.47" route="routebottom" type="cfm-fast" waiting="0.00" lane="bottom_1" pos="14.52" speed="38.60" angle="68.39" x="92.44" y="5.04"/>
        <vehicle id="cfm-fast_5" eclass="HBEFA3/PC_G_EU4" CO2="0.00" CO="0.00" HC="0.00" NOx="0.00" PMx="0.00" fuel="0.00" electricity="0.00" noise="69.93" route="routebottom" type="cfm-fast" waiting="0.00" lane="bottom_0" pos="20.77" speed="23.08" angle="57.10" x="105.33" y="9.16"/>
        <vehicle id="cfm-slow_0" eclass="HBEFA3/PC_G_EU4" CO2="10803.89" CO="147.77" HC="0.94" NOx="4.57" PMx="0.23" fuel="4.64" electricity="0.00" noise="72.19" route="routebottom" type="cfm-slow" waiting="0.00" lane="bottom_0" pos="38.38" speed="19.23" angle="25.43" x="127.73" y="39.13"/>
        <vehicle id="cfm-slow_1" eclass="HBEFA3/PC_G_EU4" CO2="11387.77" CO="159.70" HC="1.01" NOx="4.84" PMx="0.25" fuel="4.90" electricity="0.00" noise="72.59" route="routebottom" type="cfm-slow" waiting="0.00" lane="right_0" pos="4.24" speed="19.29" angle="356.90" x="131.65" y="72.85"/>
        <vehicle id="cfm-slow_2" eclass="HBEFA3/PC_G_EU4" CO2="12693.95" CO="186.32" HC="1.16" NOx="5.45" PMx="0.28" fuel="5.46" electricity="0.00" noise="73.52" route="routebottom" type="cfm-slow" waiting="0.00" lane="right_0" pos="20.17" speed="19.47" angle="328.13" x="118.93" y="104.29"/>
        <vehicle id="cfm-slow_3" eclass="HBEFA3/PC_G_EU4" CO2="14984.57" CO="232.96" HC="1.43" NOx="6.53" PMx="0.34" fuel="6.44" electricity="0.00" noise="75.18" route="routebottom" type="cfm-slow" waiting="0.00" lane="right_0" pos="36.29" speed="19.90" angle="299.25" x="92.35" y="125.98"/>
        <vehicle id="cfm-slow_4" eclass="HBEFA3/PC_G_EU4" CO2="17960.65" CO="293.65" HC="1.78" NOx="7.91" PMx="0.42" fuel="7.72" electricity="0.00" noise="77.28" route="routetop" type="cfm-slow" waiting="0.00" lane="top_0" pos="2.86" speed="20.72" angle="269.37" x="57.43" y="131.99"/>
        <vehicle id="cfm-slow_5" eclass="HBEFA3/PC_G_EU4" CO2="20823.48" CO="352.81" HC="2.12" NOx="9.23" PMx="0.50" fuel="8.95" electricity="0.00" noise="79.10" route="routetop" type="cfm-slow" waiting="0.00" lane="top_0" pos="20.29" speed="21.99" angle="237.90" x="22.82" y="118.78"/>
    </timestep>
    <timestep time="2.87">
        <vehicle id="cfm-fast_0" eclass="HBEFA3/PC_G_EU4" CO2="24173.72" CO="423.93" HC="2.53" NOx="10.78" PMx="0.59" fuel="10.39" electricity="0.00" noise="81.04" route="routetop" type="cfm-fast" waiting="0.00" lane="top_0" pos="39.27" speed="23.57" angle="203.84" x="-1.06" y="86.41"/>
        <vehicle id="cfm-fast_1" eclass="HBEFA3/PC_G_EU4" CO2="32173.81" CO="592.42" HC="3.50" NOx="14.52" PMx="0.80" fuel="13.83" electricity="0.00" noise="85.88" route="routetop" type="cfm-fast" waiting="0.00" lane="left_0" pos="6.01" speed="25.01" angle="173.66" x="-3.71" y="50.72"/>
        <vehicle id="cfm-fast_2" eclass="HBEFA3/PC_G_EU4" CO2="31868.57" CO="596.40" HC="3.51" NOx="14.32" PMx="0.80" fuel="13.70" electricity="0.00" noise="84.84" route="routetop" type="cfm-fast" waiting="0.00" lane="left_0" pos="24.27" speed="27.43" angle="140.80" x="14.06" y="16.26"/>
        <vehicle id="cfm-fast_3" eclass="HBEFA3/PC_G_EU4" CO2="0.00" CO="0.00" HC="0.00" NOx="0.00" PMx="0.00" fuel="0.00" electricity="0.00" noise="73.16" route="routetop" type="cfm-fast" waiting="0.00" lane="left_0" pos="45.04" speed="29.17" angle="103.53" x="52.95" y="-4.11"/>
        <vehicle id="cfm-fast_4" eclass="HBEFA3/PC_G_EU4" CO2="147078.70" CO="3081.12" HC="17.71" NOx="68.45" PMx="3.86" fuel="63.22" electricity="0.00" noise="133.54" route="routebottom" type="cfm-fast" waiting="0.00" lane="bottom_1" pos="14.91" speed="38.74" angle="67.66" x="93.15" y="5.39"/>
        <vehicle id="cfm-fast_5" eclass="HBEFA3/PC_G_EU4" CO2="0.00" CO="0.00" HC="0.00" NOx="0.00" PMx="0.00" fuel="0.00" electricity="0.00" noise="69.90" route="routebottom" type="cfm-fast" waiting="0.00" lane="bottom_0" pos="21.00" speed="23.08" angle="56.68" x="105.72" y="9.47"/>
        <vehicle id="cfm-slow_0" eclass="HBEFA3/PC_G_EU4" CO2="10749.85" CO="146.64" HC="0.93" NOx="4.54" PMx="0.23" fuel="4.62" electricity="0.00" noise="72.15" route="routebottom" type="cfm-slow" waiting="0.00" lane="bottom_0" pos="38.57" speed="19.25" angle="25.12" x="127.88" y="39.51"/>
        <vehicle id="cfm-slow_1" eclass="HBEFA3/PC_G_EU4" CO2="11340.79" CO="158.70" HC="1.00" NOx="4.82" PMx="0.25" fuel="4.87" electricity="0.00" noise="72.56" route="routebottom" type="cfm-slow" waiting="0.00" lane="right_0" pos="4.43" speed="19.31" angle="356.55" x="131.59" y="73.27"/>
        <vehicle id="cfm-slow_2" eclass="HBEFA3/PC_G_EU4" CO2="12656.61" CO="185.53" HC="1.16" NOx="5.44" PMx="0.28" fuel="5.44" electricity="0.00" noise="73.50" route="routebottom" type="cfm-slow" waiting="0.00" lane="right_0" pos="20.36" speed="19.49" angle="327.77" x="118.69" y="104.63"/>
        <vehicle id="cfm-slow_3" eclass="HBEFA3/PC_G_EU4" CO2="14953.90" CO="232.31" HC="1.43" NOx="6.51" PMx="0.34" fuel="6.43" electricity="0.00" noise="75.16" route="routebottom" type="cfm-slow" waiting="0.00" lane="right_0" pos="36.49" speed="19.92" angle="298.86" x="91.96" y="126.15"/>
        <vehicle id="cfm-slow_4" eclass="HBEFA3/PC_G_EU4" CO2="17928.33" CO="292.98" HC="1.78" NOx="7.89" PMx="0.42" fuel="7.71" electricity="0.00" noise="77.25" route="routetop" type="cfm-slow" waiting="0.00" lane="top_0" pos="3.06" speed="20.75" angle="269.00" x="56.99" y="131.94"/>
        <vehicle id="cfm-slow_5" eclass="HBEFA3/PC_G_EU4" CO2="20792.44" CO="352.19" HC="2.12" NOx="9.22" PMx="0.50" fuel="8.94" electricity="0.00" noise="79.07" route="routetop" type="cfm-slow" waiting="0.00" lane="top_0" pos="20.51" speed="22.02" angle="237.56" x="22.44" y="118.50"/>
    </timestep>
    <timestep time="2.88">
        <vehicle id="cfm-fast_0" eclass="HBEFA3/PC_G_EU4" CO2="24161.13" CO="423.73" HC="2.53" NOx="10.77" PMx="0.59" fuel="10.39" electricity="0.00" noise="81.02" route="routetop" type="cfm-fast" waiting="0.00" lane="top_0" pos="39.50" speed="23.60" angle="203.41" x="-1.23" y="85.93"/>
        <vehicle id="cfm-fast_1" eclass="HBEFA3/PC_G_EU4" CO2="32091.76" CO="590.86" HC="3.49" NOx="14.48" PMx="0.80" fuel="13.79" electricity="0.00" noise="85.81" route="routetop" type="cfm-fast" waiting="0.00" lane="left_0" pos="6.26" speed="25.05" angle="173.21" x="-3.62" y="50.19"/>
        <vehicle id="cfm-fast_2" eclass="HBEFA3/PC_G_EU4" CO2="31524.59" CO="589.51" HC="3.47" NOx="14.16" PMx="0.79" fuel="13.55" electricity="0.00" noise="84.62" route="routetop" type="cfm-fast" waiting="0.00" lane="left_0" pos="24.55" speed="27.47" angle="140.33" x="14.47" y="15.84"/>
        <vehicle id="cfm-fast_3" eclass="HBEFA3/PC_G_EU4" CO2="0.00" CO="0.00" HC="0.00" NOx="0.00" PMx="0.00" fuel="0.00" electricity="0.00" noise="73.09" route="routetop" type="cfm-fast" waiting="0.00" lane="left_0" pos="45.33" speed="29.17" angle="102.99" x="53.57" y="-4.20"/>
        <vehicle id="cfm-fast_4" eclass="HBEFA3/PC_G_EU4" CO2="147628.80" CO="3094.46" HC="17.78" NOx="68.70" PMx="3.88" fuel="63.46" electricity="0.00" noise="133.60" route="routebottom" type="cfm-fast" waiting="0.00" lane="bottom_1" pos="15.30" speed="38.88" angle="66.95" x="93.86" y="5.75"/>
        <vehicle id="cfm-fast_5" eclass="HBEFA3/PC_G_EU4" CO2="0.00" CO="0.00" HC="0.00" NOx="0.00" PMx="0.00" fuel="0.00" electricity="0.00" noise="69.88" route="routebottom" type="cfm-fast" waiting="0.00" lane="bottom_0" pos="21.23" speed="23.07" angle="56.26" x="106.11" y="9.77"/>
        <vehicle id="cfm-slow_0" eclass="HBEFA3/PC_G_EU4" CO2="10696.32" CO="145.51" HC="0.92" NOx="4.52" PMx="0.23" fuel="4.60" electricity="0.00" noise="72.12" route="routebottom" type="cfm-slow" waiting="0.00" lane="bottom_0" pos="38.77" speed="19.26" angle="24.78" x="128.02" y="39.90"/>
        <vehicle id="cfm-slow_1" eclass="HBEFA3/PC_G_EU4" CO2="11294.34" CO="157.72" HC="0.99" NOx="4.80" PMx="0.24" fuel="4.85" electricity="0.00" noise="72.53" route="routebottom" type="cfm-slow" waiting="0.00" lane="right_0" pos="4.63" speed="19.33" angle="356.20" x="131.53" y="73.68"/>
        <vehicle id="cfm-slow_2" eclass="HBEFA3/PC_G_EU4" CO2="12619.76" CO="184.74" HC="1.15" NOx="5.42" PMx="0.28" fuel="5.42" electricity="0.00" noise="73.47" route="routebottom" type="cfm-slow" waiting="0.00" lane="right_0" pos="20.56" speed="19.51" angle="327.48" x="118.44" y="104.97"/>
        <vehicle id="cfm-slow_3" eclass="HBEFA3/PC_G_EU4" CO2="14923.65" CO="231.66" HC="1.42" NOx="6.50" PMx="0.34" fuel="6.41" electricity="0.00" noise="75.13" route="routebottom" type="cfm-slow" waiting="0.00" lane="right_0" pos="36.68" speed="19.94" angle="298.47" x="91.57" y="126.33"/>
        <vehicle id="cfm-slow_4" eclass="HBEFA3/PC_G_EU4" CO2="17896.44" CO="292.31" HC="1.77" NOx="7.88" PMx="0.42" fuel="7.69" electricity="0.00" noise="77.22" route="routetop" type="cfm-slow" waiting="0.00" lane="top_0" pos="3.27" speed="20.78" angle="268.63" x="56.54" y="131.90"/>
        <vehicle id="cfm-slow_5" eclass="HBEFA3/PC_G_EU4" CO2="20761.99" CO="351.58" HC="2.11" NOx="9.20" PMx="0.49" fuel="8.92" electricity="0.00" noise="79.04" route="routetop" type="cfm-slow" waiting="0.00" lane="top_0" pos="20.73" speed="22.04" angle="237.15" x="22.06" y="118.21"/>
    </timestep>
    <timestep time="2.89">
        <vehicle id="cfm-fast_0" eclass="HBEFA3/PC_G_EU4" CO2="24148.57" CO="423.54" HC="2.53" NOx="10.76" PMx="0.59" fuel="10.38" electricity="0.00" noise="81.00" route="routetop" type="cfm-fast" waiting="0.00" lane="top_0" pos="39.74" speed="23.63" angle="203.03" x="-1.40" y="85.45"/>
        <vehicle id="cfm-fast_1" eclass="HBEFA3/PC_G_EU4" CO2="32007.96" CO="589.28" HC="3.48" NOx="14.44" PMx="0.79" fuel="13.76" electricity="0.00" noise="85.74" route="routetop" type="cfm-fast" waiting="0.00" lane="left_0" pos="6.51" speed="25.09" angle="172.79" x="-3.51" y="49.66"/>
        <vehicle id="cfm-fast_2" eclass="HBEFA3/PC_G_EU4" CO2="31179.92" CO="582.61" HC="3.43" NOx="13.99" PMx="0.78" fuel="13.40" electricity="0.00" noise="84.41" route="routetop" type="cfm-fast" waiting="0.00" lane="left_0" pos="24.82" speed="27.51" angle="139.83" x="14.89" y="15.42"/>
        <vehicle id="cfm-fast_3" eclass="HBEFA3/PC_G_EU4" CO2="0.00" CO="0.00" HC="0.00" NOx="0.00" PMx="0.00" fuel="0.00" electricity="0.00" noise="73.02" route="routetop" type="cfm-fast" waiting="0.00" lane="left_0" pos="45.63" speed="29.17" angle="102.45" x="54.19" y="-4.28"/>
        <vehicle id="cfm-fast_4" eclass="HBEFA3/PC_G_EU4" CO2="148179.19" CO="3107.82" HC="17.85" NOx="68.96" PMx="3.89" fuel="63.69" electricity="0.00" noise="133.67" route="routebottom" type="cfm-fast" waiting="0.00" lane="bottom_1" pos="15.69" speed="39.01" angle="66.29" x="94.56" y="6.13"/>
        <vehicle id="cfm-fast_5" eclass="HBEFA3/PC_G_EU4" CO2="0.00" CO="0.00" HC="0.00" NOx="0.00" PMx="0.00" fuel="0.00" electricity="0.00" noise="69.86" route="routebottom" type="cfm-fast" waiting="0.00" lane="bottom_0" pos="21.46" speed="23.07" angle="55.84" x="106.50" y="10.08"/>
        <vehicle id="cfm-slow_0" eclass="HBEFA3/PC_G_EU4" CO2="10643.31" CO="144.39" HC="0.92" NOx="4.49" PMx="0.23" fuel="4.58" electricity="0.00" noise="72.08" route="routebottom" type="cfm-slow" waiting="0.00" lane="bottom_0" pos="38.96" speed="19.28" angle="24.43" x="128.16" y="40.29"/>
        <vehicle id="cfm-slow_1" eclass="HBEFA3/PC_G_EU4" CO2="11248.43" CO="156.75" HC="0.99" NOx="4.78" PMx="0.24" fuel="4.84" electricity="0.00" noise="72.50" route="routebottom" type="cfm-slow" waiting="0.00" lane="right_0" pos="4.82" speed="19.34" angle="355.85" x="131.47" y="74.09"/>
        <vehicle id="cfm-slow_2" eclass="HBEFA3/PC_G_EU4" CO2="12583.42" CO="183.97" HC="1.15" NOx="5.40" PMx="0.28" fuel="5.41" electricity="0.00" noise="73.45" route="routebottom" type="cfm-slow" waiting="0.00" lane="right_0" pos="20.75" speed="19.53" angle="327.13" x="118.18" y="105.30"/>
        <vehicle id="cfm-slow_3" eclass="HBEFA3/PC_G_EU4" CO2="14893.81" CO="231.02" HC="1.42" NOx="6.48" PMx="0.34" fuel="6.40" electricity="0.00" noise="75.11" route="routebottom" type="cfm-slow" waiting="0.00" lane="right_0" pos="36.88" speed="19.97" angle="298.08" x="91.18" y="126.51"/>
        <vehicle id="cfm-slow_4" eclass="HBEFA3/PC_G_EU4" CO2="17864.97" CO="291.66" HC="1.77" NOx="7.86" PMx="0.42" fuel="7.68" electricity="0.00" noise="77.20" route="routetop" type="cfm-slow" waiting="0.00" lane="top_0" pos="3.48" speed="20.81" angle="268.25" x="56.10" y="131.85"/>
        <vehicle id="cfm-slow_5" eclass="HBEFA3/PC_G_EU4" CO2="20732.13" CO="350.99" HC="2.11" NOx="9.19" PMx="0.49" fuel="8.91" electricity="0.00" noise="79.02" route="routetop" type="cfm-slow" waiting="0.00" lane="top_0" pos="20.96" speed="22.07" angle="236.75" x="21.69" y="117.91"/>
    </timestep>
    <timestep time="2.90">
        <vehicle id="cfm-fast_0" eclass="HBEFA3/PC_G_EU4" CO2="24136.00" CO="423.35" HC="2.53" NOx="10.76" PMx="0.59" fuel="10.37" electricity="0.00" noise="80.98" route="routetop" type="cfm-fast" waiting="0.00" lane="top_0" pos="39.98" speed="23.66" angle="202.60" x="-1.55" y="84.97"/>
        <vehicle id="cfm-fast_1" eclass="HBEFA3/PC_G_EU4" CO2="31922.39" CO="587.66" HC="3.47" NOx="14.40" PMx="0.79" fuel="13.72" electricity="0.00" noise="85.66" route="routetop" type="cfm-fast" waiting="0.00" lane="left_0" pos="6.76" speed="25.14" angle="172.30" x="-3.39" y="49.14"/>
        <vehicle id="cfm-fast_2" eclass="HBEFA3/PC_G_EU4" CO2="30834.61" CO="575.69" HC="3.39" NOx="13.83" PMx="0.77" fuel="13.25" electricity="0.00" noise="84.20" route="routetop" type="cfm-fast" waiting="0.00" lane="left_0" pos="25.10" speed="27.54" angle="139.32" x="15.31" y="15.00"/>
        <vehicle id="cfm-fast_3" eclass="HBEFA3/PC_G_EU4" CO2="0.00" CO="0.00" HC="0.00" NOx="0.00" PMx="0.00" fuel="0.00" electricity="0.00" noise="72.96" route="routetop" type="cfm-fast" waiting="0.00" lane="left_0" pos="45.92" speed="29.16" angle="101.91" x="54.81" y="-4.37"/>
        <vehicle id="cfm-fast_4" eclass="HBEFA3/PC_G_EU4" CO2="148729.88" CO="3121.20" HC="17.93" NOx="69.22" PMx="3.91" fuel="63.93" electricity="0.00" noise="133.73" route="routebottom" type="cfm-fast" waiting="0.00" lane="bottom_1" pos="16.08" speed="39.15" angle="65.57" x="95.27" y="6.52"/>
        <vehicle id="cfm-fast_5" eclass="HBEFA3/PC_G_EU4" CO2="0.00" CO="0.00" HC="0.00" NOx="0.00" PMx="0.00" fuel="0.00" electricity="0.00" noise="69.84" route="routebottom" type="cfm-fast" waiting="0.00" lane="bottom_0" pos="21.69" speed="23.07" angle="55.44" x="106.89" y="10.39"/>
        <vehicle id="cfm-slow_0" eclass="HBEFA3/PC_G_EU4" CO2="10590.79" CO="143.29" HC="0.91" NOx="4.47" PMx="0.23" fuel="4.55" electricity="0.00" noise="72.05" route="routebottom" type="cfm-slow" waiting="0.00" lane="bottom_0" pos="39.15" speed="19.29" angle="24.08" x="128.30" y="40.68"/>
        <vehicle id="cfm-slow_1" eclass="HBEFA3/PC_G_EU4" CO2="11203.05" CO="155.79" HC="0.98" NOx="4.75" PMx="0.24" fuel="4.82" electricity="0.00" noise="72.47" route="routebottom" type="cfm-slow" waiting="0.00" lane="right_0" pos="5.01" speed="19.36" angle="355.43" x="131.41" y="74.50"/>
        <vehicle id="cfm-slow_2" eclass="HBEFA3/PC_G_EU4" CO2="12547.57" CO="183.21" HC="1.14" NOx="5.38" PMx="0.28" fuel="5.39" electricity="0.00" noise="73.42" route="routebottom" type="cfm-slow" waiting="0.00" lane="right_0" pos="20.95" speed="19.55" angle="326.77" x="117.92" y="105.63"/>
        <vehicle id="cfm-slow_3" eclass="HBEFA3/PC_G_EU4" CO2="14864.38" CO="230.39" HC="1.41" NOx="6.47" PMx="0.34" fuel="6.39" electricity="0.00" noise="75.09" route="routebottom" type="cfm-slow" waiting="0.00" lane="right_0" pos="37.08" speed="19.99" angle="297.71" x="90.79" y="126.68"/>
        <vehicle id="cfm-slow_4" eclass="HBEFA3/PC_G_EU4" CO2="17833.93" CO="291.01" HC="1.76" NOx="7.85" PMx="0.42" fuel="7.67" electricity="0.00" noise="77.17" route="routetop" type="cfm-slow" waiting="0.00" lane="top_0" pos="3.69" speed="20.83" angle="267.88" x="55.65" y="131.81"/>
        <vehicle id="cfm-slow_5" eclass="HBEFA3/PC_G_EU4" CO2="20702.85" CO="350.41" HC="2.11" NOx="9.17" PMx="0.49" fuel="8.90" electricity="0.00" noise="78.99" route="routetop" type="cfm-slow" waiting="0.00" lane="top_0" pos="21.18" speed="22.10" angle="236.34" x="21.31" y="117.62"/>
    </timestep>
    <timestep time="2.91">
        <vehicle id="cfm-fast_0" eclass="HBEFA3/PC_G_EU4" CO2="24123.42" CO="423.16" HC="2.53" NOx="10.75" PMx="0.59" fuel="10.37" electricity="0.00" noise="80.97" route="routetop" type="cfm-fast" waiting="0.00" lane="top_0" pos="40.21" speed="23.70" angle="202.15" x="-1.70" y="84.48"/>
        <vehicle id="cfm-fast_1" eclass="HBEFA3/PC_G_EU4" CO2="31835.07" CO="586.00" HC="3.46" NOx="14.35" PMx="0.79" fuel="13.68" electricity="0.00" noise="85.59" route="routetop" type="cfm-fast" waiting="0.00" lane="left_0" pos="7.01" speed="25.18" angle="171.82" x="-3.26" y="48.61"/>
        <vehicle id="cfm-fast_2" eclass="HBEFA3/PC_G_EU4" CO2="30488.73" CO="568.76" HC="3.35" NOx="13.67" PMx="0.76" fuel="13.11" electricity="0.00" noise="83.99" route="routetop" type="cfm-fast" waiting="0.00" lane="left_0" pos="25.38" speed="27.58" angle="138.82" x="15.73" y="14.58"/>
        <vehicle id="cfm-fast_3" eclass="HBEFA3/PC_G_EU4" CO2="0.00" CO="0.00" HC="0.00" NOx="0.00" PMx="0.00" fuel="0.00" electricity="0.00" noise="72.90" route="routetop" type="cfm-fast" waiting="0.00" lane="left_0" pos="46.21" speed="29.16" angle="101.43" x="55.43" y="-4.45"/>
        <vehicle id="cfm-fast_4" eclass="HBEFA3/PC_G_EU4" CO2="149280.85" CO="3134.60" HC="18.00" NOx="69.48" PMx="3.92" fuel="64.17" electricity="0.00" noise="133.80" route="routebottom" type="cfm-fast" waiting="0.00" lane="bottom_1" pos="16.47" speed="39.28" angle="64.86" x="95.97" y="6.91"/>
        <vehicle id="cfm-fast_5" eclass="HBEFA3/PC_G_EU4" CO2="0.00" CO="0.00" HC="0.00" NOx="0.00" PMx="0.00" fuel="0.00" electricity="0.00" noise="69.82" route="routebottom" type="cfm-fast" waiting="0.00" lane="bottom_0" pos="21.92" speed="23.06" angle="55.05" x="107.27" y="10.70"/>
        <vehicle id="cfm-slow_0" eclass="HBEFA3/PC_G_EU4" CO2="10538.79" CO="142.20" HC="0.91" NOx="4.44" PMx="0.22" fuel="4.53" electricity="0.00" noise="72.02" route="routebottom" type="cfm-slow" waiting="0.00" lane="bottom_0" pos="39.34" speed="19.31" angle="23.73" x="128.44" y="41.07"/>
        <vehicle id="cfm-slow_1" eclass="HBEFA3/PC_G_EU4" CO2="11158.19" CO="154.85" HC="0.98" NOx="4.73" PMx="0.24" fuel="4.80" electricity="0.00" noise="72.44" route="routebottom" type="cfm-slow" waiting="0.00" lane="right_0" pos="5.21" speed="19.37" angle="355.10" x="131.34" y="74.91"/>
        <vehicle id="cfm-slow_2" eclass="HBEFA3/PC_G_EU4" CO2="12512.22" CO="182.46" HC="1.14" NOx="5.37" PMx="0.28" fuel="5.38" electricity="0.00" noise="73.40" route="routebottom" type="cfm-slow" waiting="0.00" lane="right_0" pos="21.14" speed="19.56" angle="326.42" x="117.66" y="105.96"/>
        <vehicle id="cfm-slow_3" eclass="HBEFA3/PC_G_EU4" CO2="14835.35" CO="229.78" HC="1.41" NOx="6.45" PMx="0.34" fuel="6.38" electricity="0.00" noise="75.07" route="routebottom" type="cfm-slow" waiting="0.00" lane="right_0" pos="37.28" speed="20.01" angle="297.40" x="90.39" y="126.85"/>
        <vehicle id="cfm-slow_4" eclass="HBEFA3/PC_G_EU4" CO2="17803.31" CO="290.37" HC="1.76" NOx="7.83" PMx="0.42" fuel="7.65" electricity="0.00" noise="77.14" route="routetop" type="cfm-slow" waiting="0.00" lane="top_0" pos="3.90" speed="20.86" angle="267.53" x="55.21" y="131.75"/>
        <vehicle id="cfm-slow_5" eclass="HBEFA3/PC_G_EU4" CO2="20674.14" CO="349.84" HC="2.10" NOx="9.16" PMx="0.49" fuel="8.89" electricity="0.00" noise="78.96" route="routetop" type="cfm-slow" waiting="0.00" lane="top_0" pos="21.40" speed="22.13" angle="235.93" x="20.94" y="117.33"/>
    </timestep>
    <timestep time="2.92">
        <vehicle id="cfm-fast_0" eclass="HBEFA3/PC_G_EU4" CO2="24110.79" CO="422.97" HC="2.52" NOx="10.74" PMx="0.58" fuel="10.36" electricity="0.00" noise="80.95" route="routetop" type="cfm-fast" waiting="0.00" lane="top_0" pos="40.45" speed="23.73" angle="201.71" x="-1.85" y="83.99"/>
        <vehicle id="cfm-fast_1" eclass="HBEFA3/PC_G_EU4" CO2="31746.00" CO="584.30" HC="3.45" NOx="14.31" PMx="0.79" fuel="13.65" electricity="0.00" noise="85.51" route="routetop" type="cfm-fast" waiting="0.00" lane="left_0" pos="7.26" speed="25.22" angle="171.33" x="-3.14" y="48.08"/>
        <vehicle id="cfm-fast_2" eclass="HBEFA3/PC_G_EU4" CO2="30142.34" CO="561.81" HC="3.31" NOx="13.50" PMx="0.75" fuel="12.96" electricity="0.00" noise="83.78" route="routetop" type="cfm-fast" waiting="0.00" lane="left_0" pos="25.65" speed="27.61" angle="138.37" x="16.15" y="14.16"/>
        <vehicle id="cfm-fast_3" eclass="HBEFA3/PC_G_EU4" CO2="0.00" CO="0.00" HC="0.00" NOx="0.00" PMx="0.00" fuel="0.00" electricity="0.00" noise="72.84" route="routetop" type="cfm-fast" waiting="0.00" lane="left_0" pos="46.50" speed="29.15" angle="100.89" x="56.06" y="-4.52"/>
        <vehicle id="cfm-fast_4" eclass="HBEFA3/PC_G_EU4" CO2="149832.12" CO="3148.02" HC="18.08" NOx="69.73" PMx="3.94" fuel="64.41" electricity="0.00" noise="133.86" route="routebottom" type="cfm-fast" waiting="0.00" lane="bottom_1" pos="16.86" speed="39.42" angle="64.18" x="96.67" y="7.31"/>
        <vehicle id="cfm-fast_5" eclass="HBEFA3/PC_G_EU4" CO2="0.00" CO="0.00" HC="0.00" NOx="0.00" PMx="0.00" fuel="0.00" electricity="0.00" noise="69.80" route="routebottom" type="cfm-fast" waiting="0.00" lane="bottom_0" pos="22.15" speed="23.06" angle="54.61" x="107.65" y="11.02"/>
        <vehicle id="cfm-slow_0" eclass="HBEFA3/PC_G_EU4" CO2="10487.28" CO="141.11" HC="0.90" NOx="4.42" PMx="0.22" fuel="4.51" electricity="0.00" noise="71.99" route="routebottom" type="cfm-slow" waiting="0.00" lane="bottom_0" pos="39.54" speed="19.32" angle="23.38" x="128.58" y="41.47"/>
        <vehicle id="cfm-slow_1" eclass="HBEFA3/PC_G_EU4" CO2="11113.86" CO="153.91" HC="0.97" NOx="4.71" PMx="0.24" fuel="4.78" electricity="0.00" noise="72.42" route="routebottom" type="cfm-slow" waiting="0.00" lane="right_0" pos="5.40" speed="19.39" angle="354.74" x="131.27" y="75.32"/>
        <vehicle id="cfm-slow_2" eclass="HBEFA3/PC_G_EU4" CO2="12477.36" CO="181.71" HC="1.13" NOx="5.35" PMx="0.28" fuel="5.36" electricity="0.00" noise="73.37" route="routebottom" type="cfm-slow" waiting="0.00" lane="right_0" pos="21.34" speed="19.58" angle="326.06" x="117.40" y="106.29"/>
        <vehicle id="cfm-slow_3" eclass="HBEFA3/PC_G_EU4" CO2="14806.74" CO="229.17" HC="1.41" NOx="6.44" PMx="0.34" fuel="6.36" electricity="0.00" noise="75.04" route="routebottom" type="cfm-slow" waiting="0.00" lane="right_0" pos="37.48" speed="20.03" angle="297.04" x="89.99" y="127.01"/>
        <vehicle id="cfm-slow_4" eclass="HBEFA3/PC_G_EU4" CO2="17773.12" CO="289.74" HC="1.76" NOx="7.82" PMx="0.41" fuel="7.64" electricity="0.00" noise="77.12" route="routetop" type="cfm-slow" waiting="0.00" lane="top_0" pos="4.11" speed="20.89" angle="267.15" x="54.76" y="131.69"/>
        <vehicle id="cfm-slow_5" eclass="HBEFA3/PC_G_EU4" CO2="20646.00" CO="349.29" HC="2.10" NOx="9.14" PMx="0.49" fuel="8.87" electricity="0.00" noise="78.94" route="routetop" type="cfm-slow" waiting="0.00" lane="top_0" pos="21.62" speed="22.16" angle="235.53" x="20.56" y="117.03"/>
    </timestep>
    <timestep time="2.93">
        <vehicle id="cfm-fast_0" eclass="HBEFA3/PC_G_EU4" CO2="24098.11" CO="422.78" HC="2.52" NOx="10.74" PMx="0.58" fuel="10.36" electricity="0.00" noise="80.93" route="routetop" type="cfm-fast" waiting="0.00" lane="top_0" pos="40.69" speed="23.76" angle="201.27" x="-2.00" y="83.51"/>
        <vehicle id="cfm-fast_1" eclass="HBEFA3/PC_G_EU4" CO2="31655.19" CO="582.58" HC="3.44" NOx="14.27" PMx="0.79" fuel="13.61" electricity="0.00" noise="85.44" route="routetop" type="cfm-fast" waiting="0.00" lane="left_0" pos="7.52" speed="25.26" angle="170.85" x="-3.02" y="47.55"/>
        <vehicle id="cfm-fast_2" eclass="HBEFA3/PC_G_EU4" CO2="29795.50" CO="554.86" HC="3.27" NOx="13.34" PMx="0.74" fuel="12.81" electricity="0.00" noise="83.57" route="routetop" type="cfm-fast" waiting="0.00" lane="left_0" pos="25.93" speed="27.65" angle="137.86" x="16.58" y="13.76"/>
        <vehicle id="cfm-fast_3" eclass="HBEFA3/PC_G_EU4" CO2="0.00" CO="0.00" HC="0.00" NOx="0.00" PMx="0.00" fuel="0.00" electricity="0.00" noise="72.78" route="routetop" type="cfm-fast" waiting="0.00" lane="left_0" pos="46.79" speed="29.15" angle="100.36" x="56.68" y="-4.58"/>
        <vehicle id="cfm-fast_4" eclass="HBEFA3/PC_G_EU4" CO2="150383.68" CO="3161.47" HC="18.16" NOx="69.99" PMx="3.96" fuel="64.64" electricity="0.00" noise="133.93" route="routebottom" type="cfm-fast" waiting="0.00" lane="bottom_1" pos="17.26" speed="39.56" angle="63.43" x="97.37" y="7.73"/>
        <vehicle id="cfm-fast_5" eclass="HBEFA3/PC_G_EU4" CO2="0.00" CO="0.00" HC="0.00" NOx="0.00" PMx="0.00" fuel="0.00" electricity="0.00" noise="69.78" route="routebottom" type="cfm-fast" waiting="0.00" lane="bottom_0" pos="22.38" speed="23.06" angle="54.17" x="108.03" y="11.35"/>
        <vehicle id="cfm-slow_0" eclass="HBEFA3/PC_G_EU4" CO2="10436.28" CO="140.04" HC="0.89" NOx="4.39" PMx="0.22" fuel="4.49" electricity="0.00" noise="71.96" route="routebottom" type="cfm-slow" waiting="0.00" lane="bottom_0" pos="39.73" speed="19.34" angle="23.08" x="128.72" y="41.86"/>
        <vehicle id="cfm-slow_1" eclass="HBEFA3/PC_G_EU4" CO2="11070.05" CO="152.98" HC="0.97" NOx="4.69" PMx="0.24" fuel="4.76" electricity="0.00" noise="72.39" route="routebottom" type="cfm-slow" waiting="0.00" lane="right_0" pos="5.60" speed="19.41" angle="354.37" x="131.19" y="75.73"/>
        <vehicle id="cfm-slow_2" eclass="HBEFA3/PC_G_EU4" CO2="12442.98" CO="180.98" HC="1.13" NOx="5.33" PMx="0.27" fuel="5.35" electricity="0.00" noise="73.35" route="routebottom" type="cfm-slow" waiting="0.00" lane="right_0" pos="21.54" speed="19.60" angle="325.70" x="117.14" y="106.62"/>
        <vehicle id="cfm-slow_3" eclass="HBEFA3/PC_G_EU4" CO2="14778.52" CO="228.56" HC="1.40" NOx="6.42" PMx="0.34" fuel="6.35" electricity="0.00" noise="75.02" route="routebottom" type="cfm-slow" waiting="0.00" lane="right_0" pos="37.69" speed="20.06" angle="296.68" x="89.59" y="127.17"/>
        <vehicle id="cfm-slow_4" eclass="HBEFA3/PC_G_EU4" CO2="17743.35" CO="289.13" HC="1.75" NOx="7.80" PMx="0.41" fuel="7.63" electricity="0.00" noise="77.09" route="routetop" type="cfm-slow" waiting="0.00" lane="top_0" pos="4.32" speed="20.91" angle="266.77" x="54.32" y="131.63"/>
        <vehicle id="cfm-slow_5" eclass="HBEFA3/PC_G_EU4" CO2="20618.42" CO="348.75" HC="2.10" NOx="9.13" PMx="0.49" fuel="8.86" electricity="0.00" noise="78.91" route="routetop" type="cfm-slow" waiting="0.00" lane="top_0" pos="21.84" speed="22.19" angle="235.17" x="20.19" y="116.73"/>
    </timestep>
    <timestep time="2.94">
        <vehicle id="cfm-fast_0" eclass="HBEFA3/PC_G_EU4" CO2="24085.35" CO="422.59" HC="2.52" NOx="10.73" PMx="0.58" fuel="10.35" electricity="0.00" noise="80.92" route="routetop" type="cfm-fast" waiting="0.00" lane="top_0" pos="40.93" speed="23.79" angle="200.83" x="-2.15" y="83.02"/>
        <vehicle id="cfm-fast_1" eclass="HBEFA3/PC_G_EU4" CO2="31562.64" CO="580.81" HC="3.43" NOx="14.22" PMx="0.78" fuel="13.57" electricity="0.00" noise="85.36" route="routetop" type="cfm-fast" waiting="0.00" lane="left_0" pos="7.77" speed="25.30" angle="170.44" x="-2.89" y="47.02"/>
        <vehicle id="cfm-fast_2" eclass="HBEFA3/PC_G_EU4" CO2="29448.28" CO="547.89" HC="3.23" NOx="13.17" PMx="0.74" fuel="12.66" electricity="0.00" noise="83.36" route="routetop" type="cfm-fast" waiting="0.00" lane="left_0" pos="26.20" speed="27.68" angle="137.35" x="17.02" y="13.36"/>
        <vehicle id="cfm-fast_3" eclass="HBEFA3/PC_G_EU4" CO2="0.00" CO="0.00" HC="0.00" NOx="0.00" PMx="0.00" fuel="0.00" electricity="0.00" noise="72.73" route="routetop" type="cfm-fast" waiting="0.00" lane="left_0" pos="47.08" speed="29.14" angle="99.83" x="57.31" y="-4.64"/>
        <vehicle id="cfm-fast_4" eclass="HBEFA3/PC_G_EU4" CO2="150935.53" CO="3174.94" HC="18.23" NOx="70.25" PMx="3.97" fuel="64.88" electricity="0.00" noise="134.00" route="routebottom" type="cfm-fast" waiting="0.00" lane="bottom_1" pos="17.66" speed="39.69" angle="62.68" x="98.06" y="8.15"/>
        <vehicle id="cfm-fast_5" eclass="HBEFA3/PC_G_EU4" CO2="0.00" CO="0.00" HC="0.00" NOx="0.00" PMx="0.00" fuel="0.00" electricity="0.00" noise="69.76" route="routebottom" type="cfm-fast" waiting="0.00" lane="bottom_0" pos="22.61" speed="23.05" angle="53.74" x="108.41" y="11.67"/>
        <vehicle id="cfm-slow_0" eclass="HBEFA3/PC_G_EU4" CO2="10385.77" CO="138.98" HC="0.89" NOx="4.37" PMx="0.22" fuel="4.46" electricity="0.00" noise="71.92" route="routebottom" type="cfm-slow" waiting="0.00" lane="bottom_0" pos="39.92" speed="19.35" angle="22.73" x="128.85" y="42.25"/>
        <vehicle id="cfm-slow_1" eclass="HBEFA3/PC_G_EU4" CO2="11026.76" CO="152.07" HC="0.96" NOx="4.67" PMx="0.24" fuel="4.74" electricity="0.00" noise="72.36" route="routebottom" type="cfm-slow" waiting="0.00" lane="right_0" pos="5.79" speed="19.42" angle="354.01" x="131.12" y="76.14"/>
        <vehicle id="cfm-slow_2" eclass="HBEFA3/PC_G_EU4" CO2="12409.09" CO="180.26" HC="1.13" NOx="5.32" PMx="0.27" fuel="5.33" electricity="0.00" noise="73.33" route="routebottom" type="cfm-slow" waiting="0.00" lane="right_0" pos="21.73" speed="19.62" angle="325.38" x="116.88" y="106.96"/>
        <vehicle id="cfm-slow_3" eclass="HBEFA3/PC_G_EU4" CO2="14750.71" CO="227.97" HC="1.40" NOx="6.41" PMx="0.34" fuel="6.34" electricity="0.00" noise="75.00" route="routebottom" type="cfm-slow" waiting="0.00" lane="right_0" pos="37.89" speed="20.08" angle="296.32" x="89.19" y="127.33"/>
        <vehicle id="cfm-slow_4" eclass="HBEFA3/PC_G_EU4" CO2="17714.00" CO="288.52" HC="1.75" NOx="7.79" PMx="0.41" fuel="7.61" electricity="0.00" noise="77.06" route="routetop" type="cfm-slow" waiting="0.00" lane="top_0" pos="4.52" speed="20.94" angle="266.39" x="53.87" y="131.56"/>
        <vehicle id="cfm-slow_5" eclass="HBEFA3/PC_G_EU4" CO2="20591.39" CO="348.22" HC="2.10" NOx="9.12" PMx="0.49" fuel="8.85" electricity="0.00" noise="78.89" route="routetop" type="cfm-slow" waiting="0.00" lane="top_0" pos="22.06" speed="22.22" angle="234.75" x="19.82" y="116.43"/>
    </timestep>
    <timestep time="2.95">
        <vehicle id="cfm-fast_0" eclass="HBEFA3/PC_G_EU4" CO2="24072.50" CO="422.40" HC="2.52" NOx="10.72" PMx="0.58" fuel="10.35" electricity="0.00" noise="80.90" route="routetop" type="cfm-fast" waiting="0.00" lane="top_0" pos="41.16" speed="23.83" angle="200.44" x="-2.30" y="82.52"/>
        <vehicle id="cfm-fast_1" eclass="HBEFA3/PC_G_EU4" CO2="31468.35" CO="579.02" HC="3.42" NOx="14.18" PMx="0.78" fuel="13.53" electricity="0.00" noise="85.28" route="routetop" type="cfm-fast" waiting="0.00" lane="left_0" pos="8.02" speed="25.34" angle="169.98" x="-2.75" y="46.49"/>
        <vehicle id="cfm-fast_2" eclass="HBEFA3/PC_G_EU4" CO2="29100.74" CO="540.92" HC="3.19" NOx="13.01" PMx="0.73" fuel="12.51" electricity="0.00" noise="83.16" route="routetop" type="cfm-fast" waiting="0.00" lane="left_0" pos="26.48" speed="27.71" angle="136.83" x="17.46" y="12.95"/>
        <vehicle id="cfm-fast_3" eclass="HBEFA3/PC_G_EU4" CO2="0.00" CO="0.00" HC="0.00" NOx="0.00" PMx="0.00" fuel="0.00" electricity="0.00" noise="72.68" route="routetop" type="cfm-fast" waiting="0.00" lane="left_0" pos="47.38" speed="29.14" angle="99.31" x="57.93" y="-4.71"/>
        <vehicle id="cfm-fast_4" eclass="HBEFA3/PC_G_EU4" CO2="151487.68" CO="3188.42" HC="18.31" NOx="70.51" PMx="3.99" fuel="65.12" electricity="0.00" noise="134.06" route="routebottom" type="cfm-fast" waiting="0.00" lane="bottom_1" pos="18.06" speed="39.83" angle="61.99" x="98.76" y="8.58"/>
        <vehicle id="cfm-fast_5" eclass="HBEFA3/PC_G_EU4" CO2="0.00" CO="0.00" HC="0.00" NOx="0.00" PMx="0.00" fuel="0.00" electricity="0.00" noise="69.74" route="routebottom" type="cfm-fast" waiting="0.00" lane="bottom_0" pos="22.84" speed="23.05" angle="53.30" x="108.78" y="11.99"/>
        <vehicle id="cfm-slow_0" eclass="HBEFA3/PC_G_EU4" CO2="10335.76" CO="137.93" HC="0.88" NOx="4.34" PMx="0.22" fuel="4.44" electricity="0.00" noise="71.89" route="routebottom" type="cfm-slow" waiting="0.00" lane="bottom_0" pos="40.12" speed="19.36" angle="22.36" x="128.97" y="42.65"/>
        <vehicle id="cfm-slow_1" eclass="HBEFA3/PC_G_EU4" CO2="10983.98" CO="151.17" HC="0.96" NOx="4.65" PMx="0.24" fuel="4.72" electricity="0.00" noise="72.33" route="routebottom" type="cfm-slow" waiting="0.00" lane="right_0" pos="5.98" speed="19.44" angle="353.65" x="131.04" y="76.56"/>
        <vehicle id="cfm-slow_2" eclass="HBEFA3/PC_G_EU4" CO2="12375.67" CO="179.55" HC="1.12" NOx="5.30" PMx="0.27" fuel="5.32" electricity="0.00" noise="73.31" route="routebottom" type="cfm-slow" waiting="0.00" lane="right_0" pos="21.93" speed="19.64" angle="325.03" x="116.61" y="107.28"/>
        <vehicle id="cfm-slow_3" eclass="HBEFA3/PC_G_EU4" CO2="14723.30" CO="227.39" HC="1.40" NOx="6.40" PMx="0.33" fuel="6.33" electricity="0.00" noise="74.98" route="routebottom" type="cfm-slow" waiting="0.00" lane="right_0" pos="38.09" speed="20.10" angle="295.95" x="88.79" y="127.49"/>
        <vehicle id="cfm-slow_4" eclass="HBEFA3/PC_G_EU4" CO2="17685.08" CO="287.92" HC="1.75" NOx="7.77" PMx="0.41" fuel="7.60" electricity="0.00" noise="77.04" route="routetop" type="cfm-slow" waiting="0.00" lane="top_0" pos="4.73" speed="20.96" angle="266.01" x="53.42" y="131.50"/>
        <vehicle id="cfm-slow_5" eclass="HBEFA3/PC_G_EU4" CO2="20564.91" CO="347.70" HC="2.09" NOx="9.10" PMx="0.49" fuel="8.84" electricity="0.00" noise="78.86" route="routetop" type="cfm-slow" waiting="0.00" lane="top_0" pos="22.29" speed="22.25" angle="234.34" x="19.46" y="116.12"/>
    </timestep>
    <timestep time="2.96">
        <vehicle id="cfm-fast_0" eclass="HBEFA3/PC_G_EU4" CO2="24059.54" CO="422.20" HC="2.52" NOx="10.72" PMx="0.58" fuel="10.34" electricity="0.00" noise="80.89" route="routetop" type="cfm-fast" waiting="0.00" lane="top_0" pos="41.40" speed="23.86" angle="200.00" x="-2.43" y="82.03"/>
        <vehicle id="cfm-fast_1" eclass="HBEFA3/PC_G_EU4" CO2="31372.33" CO="577.18" HC="3.41" NOx="14.13" PMx="0.78" fuel="13.49" electricity="0.00" noise="85.20" route="routetop" type="cfm-fast" waiting="0.00" lane="left_0" pos="8.28" speed="25.38" angle="169.51" x="-2.61" y="45.97"/>
        <vehicle id="cfm-fast_2" eclass="HBEFA3/PC_G_EU4" CO2="28752.94" CO="533.94" HC="3.15" NOx="12.84" PMx="0.72" fuel="12.36" electricity="0.00" noise="82.95" route="routetop" type="cfm-fast" waiting="0.00" lane="left_0" pos="26.76" speed="27.75" angle="136.32" x="17.90" y="12.55"/>
        <vehicle id="cfm-fast_3" eclass="HBEFA3/PC_G_EU4" CO2="0.00" CO="0.00" HC="0.00" NOx="0.00" PMx="0.00" fuel="0.00" electricity="0.00" noise="72.63" route="routetop" type="cfm-fast" waiting="0.00" lane="left_0" pos="47.67" speed="29.13" angle="98.80" x="58.55" y="-4.75"/>
        <vehicle id="cfm-fast_4" eclass="HBEFA3/PC_G_EU4" CO2="152040.11" CO="3201.93" HC="18.38" NOx="70.76" PMx="4.00" fuel="65.35" electricity="0.00" noise="134.13" route="routebottom" type="cfm-fast" waiting="0.00" lane="bottom_1" pos="18.45" speed="39.97" angle="61.23" x="99.44" y="9.04"/>
        <vehicle id="cfm-fast_5" eclass="HBEFA3/PC_G_EU4" CO2="0.00" CO="0.00" HC="0.00" NOx="0.00" PMx="0.00" fuel="0.00" electricity="0.00" noise="69.72" route="routebottom" type="cfm-fast" waiting="0.00" lane="bottom_0" pos="23.07" speed="23.04" angle="52.93" x="109.16" y="12.31"/>
        <vehicle id="cfm-slow_0" eclass="HBEFA3/PC_G_EU4" CO2="10286.25" CO="136.89" HC="0.87" NOx="4.32" PMx="0.22" fuel="4.42" electricity="0.00" noise="71.86" route="routebottom" type="cfm-slow" waiting="0.00" lane="bottom_0" pos="40.31" speed="19.38" angle="21.99" x="129.10" y="43.05"/>
        <vehicle id="cfm-slow_1" eclass="HBEFA3/PC_G_EU4" CO2="10941.72" CO="150.27" HC="0.95" NOx="4.63" PMx="0.24" fuel="4.70" electricity="0.00" noise="72.31" route="routebottom" type="cfm-slow" waiting="0.00" lane="right_0" pos="6.18" speed="19.45" angle="353.28" x="130.97" y="76.97"/>
        <vehicle id="cfm-slow_2" eclass="HBEFA3/PC_G_EU4" CO2="12342.74" CO="178.85" HC="1.12" NOx="5.28" PMx="0.27" fuel="5.31" electricity="0.00" noise="73.28" route="routebottom" type="cfm-slow" waiting="0.00" lane="right_0" pos="22.13" speed="19.66" angle="324.66" x="116.34" y="107.60"/>
        <vehicle id="cfm-slow_3" eclass="HBEFA3/PC_G_EU4" CO2="14696.28" CO="226.81" HC="1.39" NOx="6.38" PMx="0.33" fuel="6.32" electricity="0.00" noise="74.96" route="routebottom" type="cfm-slow" waiting="0.00" lane="right_0" pos="38.29" speed="20.12" angle="295.59" x="88.38" y="127.65"/>
        <vehicle id="cfm-slow_4" eclass="HBEFA3/PC_G_EU4" CO2="17656.58" CO="287.33" HC="1.74" NOx="7.76" PMx="0.41" fuel="7.59" electricity="0.00" noise="77.01" route="routetop" type="cfm-slow" waiting="0.00" lane="top_0" pos="4.94" speed="20.99" angle="265.63" x="52.98" y="131.44"/>
        <vehicle id="cfm-slow_5" eclass="HBEFA3/PC_G_EU4" CO2="20538.96" CO="347.19" HC="2.09" NOx="9.09" PMx="0.49" fuel="8.83" electricity="0.00" noise="78.84" route="routetop" type="cfm-slow" waiting="0.00" lane="top_0" pos="22.51" speed="22.28" angle="233.92" x="19.09" y="115.81"/>
    </timestep>
    <timestep time="2.97">
        <vehicle id="cfm-fast_0" eclass="HBEFA3/PC_G_EU4" CO2="24046.45" CO="422.01" HC="2.52" NOx="10.71" PMx="0.58" fuel="10.34" electricity="0.00" noise="80.87" route="routetop" type="cfm-fast" waiting="0.00" lane="top_0" pos="41.64" speed="23.89" angle="199.56" x="-2.56" y="81.53"/>
        <vehicle id="cfm-fast_1" eclass="HBEFA3/PC_G_EU4" CO2="31274.60" CO="575.31" HC="3.40" NOx="14.08" PMx="0.78" fuel="13.44" electricity="0.00" noise="85.13" route="routetop" type="cfm-fast" waiting="0.00" lane="left_0" pos="8.53" speed="25.42" angle="169.05" x="-2.47" y="45.44"/>
        <vehicle id="cfm-fast_2" eclass="HBEFA3/PC_G_EU4" CO2="28404.94" CO="526.95" HC="3.11" NOx="12.68" PMx="0.71" fuel="12.21" electricity="0.00" noise="82.75" route="routetop" type="cfm-fast" waiting="0.00" lane="left_0" pos="27.04" speed="27.78" angle="135.86" x="18.35" y="12.15"/>
        <vehicle id="cfm-fast_3" eclass="HBEFA3/PC_G_EU4" CO2="0.00" CO="0.00" HC="0.00" NOx="0.00" PMx="0.00" fuel="0.00" electricity="0.00" noise="72.58" route="routetop" type="cfm-fast" waiting="0.00" lane="left_0" pos="47.96" speed="29.12" angle="98.24" x="59.18" y="-4.79"/>
        <vehicle id="cfm-fast_4" eclass="HBEFA3/PC_G_EU4" CO2="152592.84" CO="3215.47" HC="18.46" NOx="71.02" PMx="4.02" fuel="65.59" electricity="0.00" noise="134.19" route="routebottom" type="cfm-fast" waiting="0.00" lane="bottom_1" pos="18.86" speed="40.10" angle="60.47" x="100.12" y="9.49"/>
        <vehicle id="cfm-fast_5" eclass="HBEFA3/PC_G_EU4" CO2="0.00" CO="0.00" HC="0.00" NOx="0.00" PMx="0.00" fuel="0.00" electricity="0.00" noise="69.70" route="routebottom" type="cfm-fast" waiting="0.00" lane="bottom_0" pos="23.30" speed="23.04" angle="52.52" x="109.53" y="12.65"/>
        <vehicle id="cfm-slow_0" eclass="HBEFA3/PC_G_EU4" CO2="10237.23" CO="135.86" HC="0.87" NOx="4.30" PMx="0.22" fuel="4.40" electricity="0.00" noise="71.84" route="routebottom" type="cfm-slow" waiting="0.00" lane="bottom_0" pos="40.51" speed="19.39" angle="21.62" x="129.22" y="43.45"/>
        <vehicle id="cfm-slow_1" eclass="HBEFA3/PC_G_EU4" CO2="10899.97" CO="149.39" HC="0.95" NOx="4.61" PMx="0.23" fuel="4.69" electricity="0.00" noise="72.28" route="routebottom" type="cfm-slow" waiting="0.00" lane="right_0" pos="6.37" speed="19.47" angle="352.98" x="130.89" y="77.38"/>
        <vehicle id="cfm-slow_2" eclass="HBEFA3/PC_G_EU4" CO2="12310.28" CO="178.16" HC="1.11" NOx="5.27" PMx="0.27" fuel="5.29" electricity="0.00" noise="73.26" route="routebottom" type="cfm-slow" waiting="0.00" lane="right_0" pos="22.32" speed="19.67" angle="324.28" x="116.07" y="107.93"/>
        <vehicle id="cfm-slow_3" eclass="HBEFA3/PC_G_EU4" CO2="14669.67" CO="226.25" HC="1.39" NOx="6.37" PMx="0.33" fuel="6.31" electricity="0.00" noise="74.94" route="routebottom" type="cfm-slow" waiting="0.00" lane="right_0" pos="38.49" speed="20.14" angle="295.28" x="87.98" y="127.81"/>
        <vehicle id="cfm-slow_4" eclass="HBEFA3/PC_G_EU4" CO2="17628.50" CO="286.74" HC="1.74" NOx="7.75" PMx="0.41" fuel="7.58" electricity="0.00" noise="76.99" route="routetop" type="cfm-slow" waiting="0.00" lane="top_0" pos="5.15" speed="21.02" angle="265.21" x="52.53" y="131.37"/>
        <vehicle id="cfm-slow_5" eclass="HBEFA3/PC_G_EU4" CO2="20513.55" CO="346.69" HC="2.09" NOx="9.08" PMx="0.49" fuel="8.82" electricity="0.00" noise="78.81" route="routetop" type="cfm-slow" waiting="0.00" lane="top_0" pos="22.73" speed="22.31" angle="233.50" x="18.73" y="115.50"/>
    </timestep>
    <timestep time="2.98">
        <vehicle id="cfm-fast_0" eclass="HBEFA3/PC_G_EU4" CO2="24033.21" CO="421.81" HC="2.52" NOx="10.70" PMx="0.58" fuel="10.33" electricity="0.00" noise="80.85" route="routetop" type="cfm-fast" waiting="0.00" lane="top_0" pos="41.88" speed="23.92" angle="199.11" x="-2.70" y="81.03"/>
        <vehicle id="cfm-fast_1" eclass="HBEFA3/PC_G_EU4" CO2="31175.15" CO="573.41" HC="3.39" NOx="14.04" PMx="0.77" fuel="13.40" electricity="0.00" noise="85.05" route="routetop" type="cfm-fast" waiting="0.00" lane="left_0" pos="8.79" speed="25.47" angle="168.58" x="-2.33" y="44.91"/>
        <vehicle id="cfm-fast_2" eclass="HBEFA3/PC_G_EU4" CO2="28056.79" CO="519.96" HC="3.07" NOx="12.51" PMx="0.70" fuel="12.06" electricity="0.00" noise="82.55" route="routetop" type="cfm-fast" waiting="0.00" lane="left_0" pos="27.32" speed="27.81" angle="135.34" x="18.80" y="11.76"/>
        <vehicle id="cfm-fast_3" eclass="HBEFA3/PC_G_EU4" CO2="0.00" CO="0.00" HC="0.00" NOx="0.00" PMx="0.00" fuel="0.00" electricity="0.00" noise="72.54" route="routetop" type="cfm-fast" waiting="0.00" lane="left_0" pos="48.25" speed="29.11" angle="97.68" x="59.80" y="-4.83"/>
        <vehicle id="cfm-fast_4" eclass="HBEFA3/PC_G_EU4" CO2="153145.86" CO="3229.02" HC="18.53" NOx="71.28" PMx="4.03" fuel="65.83" electricity="0.00" noise="134.26" route="routebottom" type="cfm-fast" waiting="0.00" lane="bottom_1" pos="19.26" speed="40.24" angle="59.78" x="100.81" y="9.95"/>
        <vehicle id="cfm-fast_5" eclass="HBEFA3/PC_G_EU4" CO2="0.00" CO="0.00" HC="0.00" NOx="0.00" PMx="0.00" fuel="0.00" electricity="0.00" noise="69.68" route="routebottom" type="cfm-fast" waiting="0.00" lane="bottom_0" pos="23.53" speed="23.04" angle="52.10" x="109.89" y="12.98"/>
        <vehicle id="cfm-slow_0" eclass="HBEFA3/PC_G_EU4" CO2="10188.70" CO="134.84" HC="0.86" NOx="4.27" PMx="0.22" fuel="4.38" electricity="0.00" noise="71.81" route="routebottom" type="cfm-slow" waiting="0.00" lane="bottom_0" pos="40.70" speed="19.41" angle="21.25" x="129.34" y="43.85"/>
        <vehicle id="cfm-slow_1" eclass="HBEFA3/PC_G_EU4" CO2="10858.73" CO="148.52" HC="0.94" NOx="4.59" PMx="0.23" fuel="4.67" electricity="0.00" noise="72.26" route="routebottom" type="cfm-slow" waiting="0.00" lane="right_0" pos="6.57" speed="19.48" angle="352.62" x="130.80" y="77.79"/>
        <vehicle id="cfm-slow_2" eclass="HBEFA3/PC_G_EU4" CO2="12278.29" CO="177.48" HC="1.11" NOx="5.25" PMx="0.27" fuel="5.28" electricity="0.00" noise="73.24" route="routebottom" type="cfm-slow" waiting="0.00" lane="right_0" pos="22.52" speed="19.69" angle="323.91" x="115.79" y="108.25"/>
        <vehicle id="cfm-slow_3" eclass="HBEFA3/PC_G_EU4" CO2="14643.44" CO="225.69" HC="1.39" NOx="6.36" PMx="0.33" fuel="6.29" electricity="0.00" noise="74.92" route="routebottom" type="cfm-slow" waiting="0.00" lane="right_0" pos="38.69" speed="20.17" angle="294.91" x="87.57" y="127.96"/>
        <vehicle id="cfm-slow_4" eclass="HBEFA3/PC_G_EU4" CO2="17600.83" CO="286.17" HC="1.74" NOx="7.73" PMx="0.41" fuel="7.57" electricity="0.00" noise="76.97" route="routetop" type="cfm-slow" waiting="0.00" lane="top_0" pos="5.36" speed="21.04" angle="264.81" x="52.08" y="131.28"/>
        <vehicle id="cfm-slow_5" eclass="HBEFA3/PC_G_EU4" CO2="20488.66" CO="346.21" HC="2.08" NOx="9.07" PMx="0.49" fuel="8.81" electricity="0.00" noise="78.79" route="routetop" type="cfm-slow" waiting="0.00" lane="top_0" pos="22.96" speed="22.34" angle="233.09" x="18.36" y="115.19"/>
    </timestep>
    <timestep time="2.99">
        <vehicle id="cfm-fast_0" eclass="HBEFA3/PC_G_EU4" CO2="24019.82" CO="421.61" HC="2.52" NOx="10.69" PMx="0.58" fuel="10.32" electricity="0.00" noise="80.84" route="routetop" type="cfm-fast" waiting="0.00" lane="top_0" pos="42.12" speed="23.96" angle="198.67" x="-2.83" y="80.54"/>
        <vehicle id="cfm-fast_1" eclass="HBEFA3/PC_G_EU4" CO2="31073.99" CO="571.47" HC="3.38" NOx="13.99" PMx="0.77" fuel="13.36" electricity="0.00" noise="84.97" route="routetop" type="cfm-fast" waiting="0.00" lane="left_0" pos="9.04" speed="25.51" angle="168.17" x="-2.18" y="44.38"/>
        <vehicle id="cfm-fast_2" eclass="HBEFA3/PC_G_EU4" CO2="27708.57" CO="512.97" HC="3.03" NOx="12.35" PMx="0.69" fuel="11.91" electricity="0.00" noise="82.34" route="routetop" type="cfm-fast" waiting="0.00" lane="left_0" pos="27.59" speed="27.84" angle="134.83" x="19.26" y="11.38"/>
        <vehicle id="cfm-fast_3" eclass="HBEFA3/PC_G_EU4" CO2="0.00" CO="0.00" HC="0.00" NOx="0.00" PMx="0.00" fuel="0.00" electricity="0.00" noise="72.50" route="routetop" type="cfm-fast" waiting="0.00" lane="left_0" pos="48.54" speed="29.11" angle="97.12" x="60.43" y="-4.86"/>
        <vehicle id="cfm-fast_4" eclass="HBEFA3/PC_G_EU4" CO2="153699.17" CO="3242.59" HC="18.61" NOx="71.54" PMx="4.05" fuel="66.07" electricity="0.00" noise="134.32" route="routebottom" type="cfm-fast" waiting="0.00" lane="bottom_1" pos="19.66" speed="40.38" angle="59.04" x="101.48" y="10.44"/>
        <vehicle id="cfm-fast_5" eclass="HBEFA3/PC_G_EU4" CO2="0.00" CO="0.00" HC="0.00" NOx="0.00" PMx="0.00" fuel="0.00" electricity="0.00" noise="69.67" route="routebottom" type="cfm-fast" waiting="0.00" lane="bottom_0" pos="23.76" speed="23.03" angle="51.69" x="110.25" y="13.32"/>
        <vehicle id="cfm-slow_0" eclass="HBEFA3/PC_G_EU4" CO2="10140.65" CO="133.83" HC="0.86" NOx="4.25" PMx="0.21" fuel="4.36" electricity="0.00" noise="71.78" route="routebottom" type="cfm-slow" waiting="0.00" lane="bottom_0" pos="40.89" speed="19.42" angle="20.88" x="129.47" y="44.25"/>
        <vehicle id="cfm-slow_1" eclass="HBEFA3/PC_G_EU4" CO2="10817.99" CO="147.66" HC="0.94" NOx="4.57" PMx="0.23" fuel="4.65" electricity="0.00" noise="72.23" route="routebottom" type="cfm-slow" waiting="0.00" lane="right_0" pos="6.76" speed="19.50" angle="352.25" x="130.71" y="78.20"/>
        <vehicle id="cfm-slow_2" eclass="HBEFA3/PC_G_EU4" CO2="12246.77" CO="176.81" HC="1.11" NOx="5.24" PMx="0.27" fuel="5.26" electricity="0.00" noise="73.22" route="routebottom" type="cfm-slow" waiting="0.00" lane="right_0" pos="22.72" speed="19.71" angle="323.54" x="115.52" y="108.57"/>
        <vehicle id="cfm-slow_3" eclass="HBEFA3/PC_G_EU4" CO2="14617.61" CO="225.14" HC="1.38" NOx="6.35" PMx="0.33" fuel="6.28" electricity="0.00" noise="74.90" route="routebottom" type="cfm-slow" waiting="0.00" lane="right_0" pos="38.89" speed="20.19" angle="294.55" x="87.17" y="128.11"/>
        <vehicle id="cfm-slow_4" eclass="HBEFA3/PC_G_EU4" CO2="17573.59" CO="285.61" HC="1.73" NOx="7.72" PMx="0.41" fuel="7.55" electricity="0.00" noise="76.94" route="routetop" type="cfm-slow" waiting="0.00" lane="top_0" pos="5.58" speed="21.07" angle="264.42" x="51.64" y="131.20"/>
        <vehicle id="cfm-slow_5" eclass="HBEFA3/PC_G_EU4" CO2="20464.28" CO="345.74" HC="2.08" NOx="9.05" PMx="0.49" fuel="8.80" electricity="0.00" noise="78.77" route="routetop" type="cfm-slow" waiting="0.00" lane="top_0" pos="23.18" speed="22.37" angle="232.76" x="18.00" y="114.87"/>
    </timestep>
    <timestep time="3.00">
        <vehicle id="cfm-fast_0" eclass="HBEFA3/PC_G_EU4" CO2="24006.24" CO="421.40" HC="2.51" NOx="10.69" PMx="0.58" fuel="10.32" electricity="0.00" noise="80.82" route="routetop" type="cfm-fast" waiting="0.00" lane="top_0" pos="42.36" speed="23.99" angle="198.29" x="-2.96" y="80.04"/>
        <vehicle id="cfm-fast_1" eclass="HBEFA3/PC_G_EU4" CO2="30971.14" CO="569.50" HC="3.36" NOx="13.94" PMx="0.77" fuel="13.31" electricity="0.00" noise="84.89" route="routetop" type="cfm-fast" waiting="0.00" lane="left_0" pos="9.30" speed="25.55" angle="167.70" x="-2.02" y="43.86"/>
        <vehicle id="cfm-fast_2" eclass="HBEFA3/PC_G_EU4" CO2="27360.31" CO="505.97" HC="2.99" NOx="12.18" PMx="0.68" fuel="11.76" electricity="0.00" noise="82.14" route="routetop" type="cfm-fast" waiting="0.00" lane="left_0" pos="27.87" speed="27.87" angle="134.30" x="19.72" y="10.99"/>
        <vehicle id="cfm-fast_3" eclass="HBEFA3/PC_G_EU4" CO2="0.00" CO="0.00" HC="0.00" NOx="0.00" PMx="0.00" fuel="0.00" electricity="0.00" noise="72.46" route="routetop" type="cfm-fast" waiting="0.00" lane="left_0" pos="48.83" speed="29.10" angle="96.64" x="61.06" y="-4.89"/>
        <vehicle id="cfm-fast_4" eclass="HBEFA3/PC_G_EU4" CO2="154252.77" CO="3256.19" HC="18.68" NOx="71.80" PMx="4.06" fuel="66.31" electricity="0.00" noise="134.39" route="routebottom" type="cfm-fast" waiting="0.00" lane="bottom_1" pos="20.07" speed="40.51" angle="58.30" x="102.15" y="10.92"/>
        <vehicle id="cfm-fast_5" eclass="HBEFA3/PC_G_EU4" CO2="0.00" CO="0.00" HC="0.00" NOx="0.00" PMx="0.00" fuel="0.00" electricity="0.00" noise="69.65" route="routebottom" type="cfm-fast" waiting="0.00" lane="bottom_0" pos="24.00" speed="23.03" angle="51.27" x="110.62" y="13.65"/>
        <vehicle id="cfm-slow_0" eclass="HBEFA3/PC_G_EU4" CO2="10093.09" CO="132.83" HC="0.85" NOx="4.23" PMx="0.21" fuel="4.34" electricity="0.00" noise="71.75" route="routebottom" type="cfm-slow" waiting="0.00" lane="bottom_0" pos="41.09" speed="19.44" angle="20.58" x="129.59" y="44.65"/>
        <vehicle id="cfm-slow_1" eclass="HBEFA3/PC_G_EU4" CO2="10777.76" CO="146.81" HC="0.93" NOx="4.55" PMx="0.23" fuel="4.63" electricity="0.00" noise="72.21" route="routebottom" type="cfm-slow" waiting="0.00" lane="right_0" pos="6.96" speed="19.51" angle="351.89" x="130.61" y="78.61"/>
        <vehicle id="cfm-slow_2" eclass="HBEFA3/PC_G_EU4" CO2="12215.71" CO="176.15" HC="1.10" NOx="5.22" PMx="0.27" fuel="5.25" electricity="0.00" noise="73.20" route="routebottom" type="cfm-slow" waiting="0.00" lane="right_0" pos="22.91" speed="19.73" angle="323.16" x="115.24" y="108.90"/>
        <vehicle id="cfm-slow_3" eclass="HBEFA3/PC_G_EU4" CO2="14592.16" CO="224.60" HC="1.38" NOx="6.33" PMx="0.33" fuel="6.27" electricity="0.00" noise="74.88" route="routebottom" type="cfm-slow" waiting="0.00" lane="right_0" pos="39.10" speed="20.21" angle="294.18" x="86.76" y="128.26"/>
        <vehicle id="cfm-slow_4" eclass="HBEFA3/PC_G_EU4" CO2="17546.76" CO="285.06" HC="1.73" NOx="7.71" PMx="0.41" fuel="7.54" electricity="0.00" noise="76.92" route="routetop" type="cfm-slow" waiting="0.00" lane="top_0" pos="5.79" speed="21.09" angle="264.03" x="51.19" y="131.12"/>
        <vehicle id="cfm-slow_5" eclass="HBEFA3/PC_G_EU4" CO2="20440.41" CO="345.28" HC="2.08" NOx="9.04" PMx="0.49" fuel="8.79" electricity="0.00" noise="78.75" route="routetop" type="cfm-slow" waiting="0.00" lane="top_0" pos="23.40" speed="22.40" angle="232.35" x="17.64" y="114.54"/>
    </timestep>
    <timestep time="3.01">
        <vehicle id="cfm-fast_0" eclass="HBEFA3/PC_G_EU4" CO2="23992.46" CO="421.19" HC="2.51" NOx="10.68" PMx="0.58" fuel="10.31" electricity="0.00" noise="80.80" route="routetop" type="cfm-fast" waiting="0.00" lane="top_0" pos="42.60" speed="24.02" angle="197.86" x="-3.08" y="79.53"/>
        <vehicle id="cfm-fast_1" eclass="HBEFA3/PC_G_EU4" CO2="30866.60" CO="567.50" HC="3.35" NOx="13.89" PMx="0.77" fuel="13.27" electricity="0.00" noise="84.81" route="routetop" type="cfm-fast" waiting="0.00" lane="left_0" pos="9.55" speed="25.58" angle="167.22" x="-1.85" y="43.33"/>
        <vehicle id="cfm-fast_2" eclass="HBEFA3/PC_G_EU4" CO2="27012.09" CO="498.97" HC="2.95" NOx="12.02" PMx="0.67" fuel="11.61" electricity="0.00" noise="81.95" route="routetop" type="cfm-fast" waiting="0.00" lane="left_0" pos="28.15" speed="27.90" angle="133.82" x="20.17" y="10.60"/>
        <vehicle id="cfm-fast_3" eclass="HBEFA3/PC_G_EU4" CO2="0.00" CO="0.00" HC="0.00" NOx="0.00" PMx="0.00" fuel="0.00" electricity="0.00" noise="72.42" route="routetop" type="cfm-fast" waiting="0.00" lane="left_0" pos="49.12" speed="29.09" angle="96.11" x="61.68" y="-4.91"/>
        <vehicle id="cfm-fast_4" eclass="HBEFA3/PC_G_EU4" CO2="154806.67" CO="3269.81" HC="18.76" NOx="72.06" PMx="4.08" fuel="66.54" electricity="0.00" noise="134.46" route="routebottom" type="cfm-fast" waiting="0.00" lane="bottom_1" pos="20.47" speed="40.65" angle="57.60" x="102.83" y="11.41"/>
        <vehicle id="cfm-fast_5" eclass="HBEFA3/PC_G_EU4" CO2="0.00" CO="0.00" HC="0.00" NOx="0.00" PMx="0.00" fuel="0.00" electricity="0.00" noise="69.63" route="routebottom" type="cfm-fast" waiting="0.00" lane="bottom_0" pos="24.23" speed="23.02" angle="50.86" x="110.98" y="13.99"/>
        <vehicle id="cfm-slow_0" eclass="HBEFA3/PC_G_EU4" CO2="10046.02" CO="131.84" HC="0.85" NOx="4.21" PMx="0.21" fuel="4.32" electricity="0.00" noise="71.72" route="routebottom" type="cfm-slow" waiting="0.00" lane="bottom_0" pos="41.28" speed="19.45" angle="20.23" x="129.70" y="45.05"/>
        <vehicle id="cfm-slow_1" eclass="HBEFA3/PC_G_EU4" CO2="10738.03" CO="145.98" HC="0.93" NOx="4.53" PMx="0.23" fuel="4.62" electricity="0.00" noise="72.18" route="routebottom" type="cfm-slow" waiting="0.00" lane="right_0" pos="7.15" speed="19.53" angle="351.52" x="130.52" y="79.02"/>
        <vehicle id="cfm-slow_2" eclass="HBEFA3/PC_G_EU4" CO2="12185.12" CO="175.50" HC="1.10" NOx="5.21" PMx="0.27" fuel="5.24" electricity="0.00" noise="73.18" route="routebottom" type="cfm-slow" waiting="0.00" lane="right_0" pos="23.11" speed="19.74" angle="322.87" x="114.97" y="109.22"/>
        <vehicle id="cfm-slow_3" eclass="HBEFA3/PC_G_EU4" CO2="14567.10" CO="224.06" HC="1.38" NOx="6.32" PMx="0.33" fuel="6.26" electricity="0.00" noise="74.86" route="routebottom" type="cfm-slow" waiting="0.00" lane="right_0" pos="39.30" speed="20.23" angle="293.81" x="86.35" y="128.41"/>
        <vehicle id="cfm-slow_4" eclass="HBEFA3/PC_G_EU4" CO2="17520.35" CO="284.51" HC="1.73" NOx="7.69" PMx="0.41" fuel="7.53" electricity="0.00" noise="76.90" route="routetop" type="cfm-slow" waiting="0.00" lane="top_0" pos="6.00" speed="21.12" angle="263.63" x="50.74" y="131.04"/>
        <vehicle id="cfm-slow_5" eclass="HBEFA3/PC_G_EU4" CO2="20417.05" CO="344.83" HC="2.08" NOx="9.03" PMx="0.49" fuel="8.78" electricity="0.00" noise="78.73" route="routetop" type="cfm-slow" waiting="0.00" lane="top_0" pos="23.63" speed="22.42" angle="231.95" x="17.29" y="114.21"/>
    </timestep>
    <timestep time="3.02">
        <vehicle id="cfm-fast_0" eclass="HBEFA3/PC_G_EU4" CO2="23978.48" CO="420.98" HC="2.51" NOx="10.67" PMx="0.58" fuel="10.31" electricity="0.00" noise="80.79" route="routetop" type="cfm-fast" waiting="0.00" lane="top_0" pos="42.84" speed="24.05" angle="197.43" x="-3.19" y="79.03"/>
        <vehicle id="cfm-fast_1" eclass="HBEFA3/PC_G_EU4" CO2="30760.37" CO="565.46" HC="3.34" NOx="13.84" PMx="0.76" fuel="13.22" electricity="0.00" noise="84.72" route="routetop" type="cfm-fast" waiting="0.00" lane="left_0" pos="9.81" speed="25.62" angle="166.75" x="-1.69" y="42.80"/>
        <vehicle id="cfm-fast_2" eclass="HBEFA3/PC_G_EU4" CO2="26663.95" CO="491.97" HC="2.91" NOx="11.85" PMx="0.66" fuel="11.46" electricity="0.00" noise="81.75" route="routetop" type="cfm-fast" waiting="0.00" lane="left_0" pos="28.43" speed="27.93" angle="133.33" x="20.64" y="10.23"/>
        <vehicle id="cfm-fast_3" eclass="HBEFA3/PC_G_EU4" CO2="0.00" CO="0.00" HC="0.00" NOx="0.00" PMx="0.00" fuel="0.00" electricity="0.00" noise="72.38" route="routetop" type="cfm-fast" waiting="0.00" lane="left_0" pos="49.41" speed="29.08" angle="95.58" x="62.31" y="-4.92"/>
        <vehicle id="cfm-fast_4" eclass="HBEFA3/PC_G_EU4" CO2="155360.86" CO="3283.45" HC="18.84" NOx="72.32" PMx="4.09" fuel="66.78" electricity="0.00" noise="134.52" route="routebottom" type="cfm-fast" waiting="0.00" lane="bottom_1" pos="20.88" speed="40.78" angle="56.87" x="103.49" y="11.92"/>
        <vehicle id="cfm-fast_5" eclass="HBEFA3/PC_G_EU4" CO2="0.00" CO="0.00" HC="0.00" NOx="0.00" PMx="0.00" fuel="0.00" electricity="0.00" noise="69.62" route="routebottom" type="cfm-fast" waiting="0.00" lane="bottom_0" pos="24.46" speed="23.02" angle="50.49" x="111.34" y="14.33"/>
        <vehicle id="cfm-slow_0" eclass="HBEFA3/PC_G_EU4" CO2="9999.43" CO="130.86" HC="0.84" NOx="4.18" PMx="0.21" fuel="4.30" electricity="0.00" noise="71.70" route="routebottom" type="cfm-slow" waiting="0.00" lane="bottom_0" pos="41.48" speed="19.46" angle="19.87" x="129.80" y="45.46"/>
        <vehicle id="cfm-slow_1" eclass="HBEFA3/PC_G_EU4" CO2="10698.79" CO="145.15" HC="0.92" NOx="4.51" PMx="0.23" fuel="4.60" electricity="0.00" noise="72.16" route="routebottom" type="cfm-slow" waiting="0.00" lane="right_0" pos="7.35" speed="19.54" angle="351.15" x="130.43" y="79.43"/>
        <vehicle id="cfm-slow_2" eclass="HBEFA3/PC_G_EU4" CO2="12154.98" CO="174.85" HC="1.09" NOx="5.19" PMx="0.27" fuel="5.22" electricity="0.00" noise="73.16" route="routebottom" type="cfm-slow" waiting="0.00" lane="right_0" pos="23.31" speed="19.76" angle="322.52" x="114.68" y="109.53"/>
        <vehicle id="cfm-slow_3" eclass="HBEFA3/PC_G_EU4" CO2="14542.43" CO="223.54" HC="1.38" NOx="6.31" PMx="0.33" fuel="6.25" electricity="0.00" noise="74.84" route="routebottom" type="cfm-slow" waiting="0.00" lane="right_0" pos="39.50" speed="20.25" angle="293.45" x="85.94" y="128.55"/>
        <vehicle id="cfm-slow_4" eclass="HBEFA3/PC_G_EU4" CO2="17494.36" CO="283.98" HC="1.72" NOx="7.68" PMx="0.41" fuel="7.52" electricity="0.00" noise="76.88" route="routetop" type="cfm-slow" waiting="0.00" lane="top_0" pos="6.21" speed="21.15" angle="263.24" x="50.30" y="130.96"/>
        <vehicle id="cfm-slow_5" eclass="HBEFA3/PC_G_EU4" CO2="20394.17" CO="344.38" HC="2.07" NOx="9.02" PMx="0.49" fuel="8.77" electricity="0.00" noise="78.70" route="routetop" type="cfm-slow" waiting="0.00" lane="top_0" pos="23.85" speed="22.45" angle="231.54" x="16.94" y="113.89"/>
    </timestep>
    <timestep time="3.03">
        <vehicle id="cfm-fast_0" eclass="HBEFA3/PC_G_EU4" CO2="23964.26" CO="420.77" HC="2.51" NOx="10.67" PMx="0.58" fuel="10.30" electricity="0.00" noise="80.77" route="routetop" type="cfm-fast" waiting="0.00" lane="top_0" pos="43.08" speed="24.08" angle="197.00" x="-3.31" y="78.52"/>
        <vehicle id="cfm-fast_1" eclass="HBEFA3/PC_G_EU4" CO2="30652.48" CO="563.38" HC="3.33" NOx="13.79" PMx="0.76" fuel="13.18" electricity="0.00" noise="84.64" route="routetop" type="cfm-fast" waiting="0.00" lane="left_0" pos="10.06" speed="25.66" angle="166.27" x="-1.53" y="42.28"/>
        <vehicle id="cfm-fast_2" eclass="HBEFA3/PC_G_EU4" CO2="26315.96" CO="484.97" HC="2.87" NOx="11.69" PMx="0.65" fuel="11.31" electricity="0.00" noise="81.55" route="routetop" type="cfm-fast" waiting="0.00" lane="left_0" pos="28.71" speed="27.96" angle="132.81" x="21.12" y="9.85"/>
        <vehicle id="cfm-fast_3" eclass="HBEFA3/PC_G_EU4" CO2="0.00" CO="0.00" HC="0.00" NOx="0.00" PMx="0.00" fuel="0.00" electricity="0.00" noise="72.34" route="routetop" type="cfm-fast" waiting="0.00" lane="left_0" pos="49.70" speed="29.07" angle="95.05" x="62.93" y="-4.94"/>
        <vehicle id="cfm-fast_4" eclass="HBEFA3/PC_G_EU4" CO2="155915.34" CO="3297.11" HC="18.91" NOx="72.58" PMx="4.11" fuel="67.02" electricity="0.00" noise="134.59" route="routebottom" type="cfm-fast" waiting="0.00" lane="bottom_1" pos="21.29" speed="40.92" angle="56.13" x="104.15" y="12.44"/>
        <vehicle id="cfm-fast_5" eclass="HBEFA3/PC_G_EU4" CO2="0.00" CO="0.00" HC="0.00" NOx="0.00" PMx="0.00" fuel="0.00" electricity="0.00" noise="69.60" route="routebottom" type="cfm-fast" waiting="0.00" lane="bottom_0" pos="24.69" speed="23.01" angle="50.07" x="111.69" y="14.68"/>
        <vehicle id="cfm-slow_0" eclass="HBEFA3/PC_G_EU4" CO2="9953.31" CO="129.89" HC="0.83" NOx="4.16" PMx="0.21" fuel="4.28" electricity="0.00" noise="71.67" route="routebottom" type="cfm-slow" waiting="0.00" lane="bottom_0" pos="41.67" speed="19.48" angle="19.52" x="129.91" y="45.86"/>
        <vehicle id="cfm-slow_1" eclass="HBEFA3/PC_G_EU4" CO2="10660.05" CO="144.33" HC="0.92" NOx="4.49" PMx="0.23" fuel="4.58" electricity="0.00" noise="72.14" route="routebottom" type="cfm-slow" waiting="0.00" lane="right_0" pos="7.54" speed="19.56" angle="350.80" x="130.34" y="79.84"/>
        <vehicle id="cfm-slow_2" eclass="HBEFA3/PC_G_EU4" CO2="12125.30" CO="174.22" HC="1.09" NOx="5.18" PMx="0.27" fuel="5.21" electricity="0.00" noise="73.14" route="routebottom" type="cfm-slow" waiting="0.00" lane="right_0" pos="23.51" speed="19.78" angle="322.16" x="114.39" y="109.84"/>
        <vehicle id="cfm-slow_3" eclass="HBEFA3/PC_G_EU4" CO2="14518.14" CO="223.02" HC="1.37" NOx="6.30" PMx="0.33" fuel="6.24" electricity="0.00" noise="74.82" route="routebottom" type="cfm-slow" waiting="0.00" lane="right_0" pos="39.70" speed="20.27" angle="293.12" x="85.53" y="128.70"/>
        <vehicle id="cfm-slow_4" eclass="HBEFA3/PC_G_EU4" CO2="17468.78" CO="283.45" HC="1.72" NOx="7.67" PMx="0.41" fuel="7.51" electricity="0.00" noise="76.85" route="routetop" type="cfm-slow" waiting="0.00" lane="top_0" pos="6.42" speed="21.17" angle="262.90" x="49.85" y="130.87"/>
        <vehicle id="cfm-slow_5" eclass="HBEFA3/PC_G_EU4" CO2="20371.78" CO="343.96" HC="2.07" NOx="9.01" PMx="0.48" fuel="8.76" electricity="0.00" noise="78.68" route="routetop" type="cfm-slow" waiting="0.00" lane="top_0" pos="24.08" speed="22.48" angle="231.14" x="16.58" y="113.56"/>
    </timestep>
    <timestep time="3.04">
        <vehicle id="cfm-fast_0" eclass="HBEFA3/PC_G_EU4" CO2="23949.80" CO="420.55" HC="2.51" NOx="10.66" PMx="0.58" fuel="10.29" electricity="0.00" noise="80.75" route="routetop" type="cfm-fast" waiting="0.00" lane="top_0" pos="43.32" speed="24.11" angle="196.57" x="-3.42" y="78.02"/>
        <vehicle id="cfm-fast_1" eclass="HBEFA3/PC_G_EU4" CO2="30542.92" CO="561.27" HC="3.32" NOx="13.73" PMx="0.76" fuel="13.13" electricity="0.00" noise="84.56" route="routetop" type="cfm-fast" waiting="0.00" lane="left_0" pos="10.32" speed="25.70" angle="165.86" x="-1.36" y="41.75"/>
        <vehicle id="cfm-fast_2" eclass="HBEFA3/PC_G_EU4" CO2="25968.17" CO="477.97" HC="2.83" NOx="11.52" PMx="0.65" fuel="11.16" electricity="0.00" noise="81.36" route="routetop" type="cfm-fast" waiting="0.00" lane="left_0" pos="28.99" speed="27.99" angle="132.29" x="21.59" y="9.48"/>
        <vehicle id="cfm-fast_3" eclass="HBEFA3/PC_G_EU4" CO2="0.00" CO="0.00" HC="0.00" NOx="0.00" PMx="0.00" fuel="0.00" electricity="0.00" noise="72.31" route="routetop" type="cfm-fast" waiting="0.00" lane="left_0" pos="49.99" speed="29.06" angle="94.56" x="63.56" y="-4.95"/>
        <vehicle id="cfm-fast_4" eclass="HBEFA3/PC_G_EU4" CO2="156470.11" CO="3310.79" HC="18.99" NOx="72.83" PMx="4.13" fuel="67.26" electricity="0.00" noise="134.65" route="routebottom" type="cfm-fast" waiting="0.00" lane="bottom_1" pos="21.70" speed="41.06" angle="55.39" x="104.82" y="12.96"/>
        <vehicle id="cfm-fast_5" eclass="HBEFA3/PC_G_EU4" CO2="0.00" CO="0.00" HC="0.00" NOx="0.00" PMx="0.00" fuel="0.00" electricity="0.00" noise="69.59" route="routebottom" type="cfm-fast" waiting="0.00" lane="bottom_0" pos="24.92" speed="23.01" angle="49.64" x="112.04" y="15.03"/>
        <vehicle id="cfm-slow_0" eclass="HBEFA3/PC_G_EU4" CO2="9907.67" CO="128.93" HC="0.83" NOx="4.14" PMx="0.21" fuel="4.26" electricity="0.00" noise="71.64" route="routebottom" type="cfm-slow" waiting="0.00" lane="bottom_0" pos="41.87" speed="19.49" angle="19.16" x="130.02" y="46.27"/>
        <vehicle id="cfm-slow_1" eclass="HBEFA3/PC_G_EU4" CO2="10621.80" CO="143.52" HC="0.91" NOx="4.47" PMx="0.23" fuel="4.57" electricity="0.00" noise="72.12" route="routebottom" type="cfm-slow" waiting="0.00" lane="right_0" pos="7.74" speed="19.57" angle="350.50" x="130.24" y="80.25"/>
        <vehicle id="cfm-slow_2" eclass="HBEFA3/PC_G_EU4" CO2="12096.07" CO="173.60" HC="1.09" NOx="5.16" PMx="0.27" fuel="5.20" electricity="0.00" noise="73.12" route="routebottom" type="cfm-slow" waiting="0.00" lane="right_0" pos="23.70" speed="19.80" angle="321.80" x="114.10" y="110.16"/>
        <vehicle id="cfm-slow_3" eclass="HBEFA3/PC_G_EU4" CO2="14494.24" CO="222.52" HC="1.37" NOx="6.28" PMx="0.33" fuel="6.23" electricity="0.00" noise="74.81" route="routebottom" type="cfm-slow" waiting="0.00" lane="right_0" pos="39.91" speed="20.29" angle="292.77" x="85.11" y="128.84"/>
        <vehicle id="cfm-slow_4" eclass="HBEFA3/PC_G_EU4" CO2="17443.61" CO="282.93" HC="1.72" NOx="7.66" PMx="0.41" fuel="7.50" electricity="0.00" noise="76.83" route="routetop" type="cfm-slow" waiting="0.00" lane="top_0" pos="6.63" speed="21.20" angle="262.51" x="49.40" y="130.77"/>
        <vehicle id="cfm-slow_5" eclass="HBEFA3/PC_G_EU4" CO2="20349.86" CO="343.54" HC="2.07" NOx="9.00" PMx="0.48" fuel="8.75" electricity="0.00" noise="78.66" route="routetop" type="cfm-slow" waiting="0.00" lane="top_0" pos="24.30" speed="22.51" angle="230.77" x="16.23" y="113.23"/>
    </timestep>
    <timestep time="3.05">
        <vehicle id="cfm-fast_0" eclass="HBEFA3/PC_G_EU4" CO2="23935.08" CO="420.32" HC="2.51" NOx="10.65" PMx="0.58" fuel="10.29" electricity="0.00" noise="80.74" route="routetop" type="cfm-fast" waiting="0.00" lane="top_0" pos="43.56" speed="24.15" angle="196.17" x="-3.54" y="77.51"/>
        <vehicle id="cfm-fast_1" eclass="HBEFA3/PC_G_EU4" CO2="30431.72" CO="559.13" HC="3.30" NOx="13.68" PMx="0.75" fuel="13.08" electricity="0.00" noise="84.47" route="routetop" type="cfm-fast" waiting="0.00" lane="left_0" pos="10.58" speed="25.74" angle="165.39" x="-1.17" y="41.23"/>
        <vehicle id="cfm-fast_2" eclass="HBEFA3/PC_G_EU4" CO2="25620.62" CO="470.98" HC="2.78" NOx="11.36" PMx="0.64" fuel="11.01" electricity="0.00" noise="81.17" route="routetop" type="cfm-fast" waiting="0.00" lane="left_0" pos="29.27" speed="28.02" angle="131.77" x="22.07" y="9.11"/>
        <vehicle id="cfm-fast_3" eclass="HBEFA3/PC_G_EU4" CO2="0.00" CO="0.00" HC="0.00" NOx="0.00" PMx="0.00" fuel="0.00" electricity="0.00" noise="72.28" route="routebottom" type="cfm-fast" waiting="0.00" lane="bottom_0" pos="0.28" speed="29.05" angle="93.96" x="64.37" y="-4.94"/>
        <vehicle id="cfm-fast_4" eclass="HBEFA3/PC_G_EU4" CO2="157025.17" CO="3324.49" HC="19.07" NOx="73.09" PMx="4.14" fuel="67.50" electricity="0.00" noise="134.72" route="routebottom" type="cfm-fast" waiting="0.00" lane="bottom_1" pos="22.11" speed="41.19" angle="54.68" x="105.46" y="13.50"/>
        <vehicle id="cfm-fast_5" eclass="HBEFA3/PC_G_EU4" CO2="0.00" CO="0.00" HC="0.00" NOx="0.00" PMx="0.00" fuel="0.00" electricity="0.00" noise="69.57" route="routebottom" type="cfm-fast" waiting="0.00" lane="bottom_0" pos="25.15" speed="23.00" angle="49.21" x="112.39" y="15.38"/>
        <vehicle id="cfm-slow_0" eclass="HBEFA3/PC_G_EU4" CO2="9862.51" CO="127.99" HC="0.82" NOx="4.12" PMx="0.21" fuel="4.24" electricity="0.00" noise="71.62" route="routebottom" type="cfm-slow" waiting="0.00" lane="bottom_0" pos="42.06" speed="19.50" angle="18.80" x="130.13" y="46.67"/>
        <vehicle id="cfm-slow_1" eclass="HBEFA3/PC_G_EU4" CO2="10584.05" CO="142.73" HC="0.91" NOx="4.46" PMx="0.23" fuel="4.55" electricity="0.00" noise="72.09" route="routebottom" type="cfm-slow" waiting="0.00" lane="right_0" pos="7.94" speed="19.59" angle="350.14" x="130.13" y="80.65"/>
        <vehicle id="cfm-slow_2" eclass="HBEFA3/PC_G_EU4" CO2="12067.30" CO="172.99" HC="1.08" NOx="5.15" PMx="0.26" fuel="5.19" electricity="0.00" noise="73.11" route="routebottom" type="cfm-slow" waiting="0.00" lane="right_0" pos="23.90" speed="19.81" angle="321.45" x="113.81" y="110.47"/>
        <vehicle id="cfm-slow_3" eclass="HBEFA3/PC_G_EU4" CO2="14470.71" CO="222.02" HC="1.37" NOx="6.27" PMx="0.33" fuel="6.22" electricity="0.00" noise="74.79" route="routebottom" type="cfm-slow" waiting="0.00" lane="right_0" pos="40.11" speed="20.32" angle="292.38" x="84.70" y="128.97"/>
        <vehicle id="cfm-slow_4" eclass="HBEFA3/PC_G_EU4" CO2="17418.85" CO="282.42" HC="1.72" NOx="7.64" PMx="0.41" fuel="7.49" electricity="0.00" noise="76.81" route="routetop" type="cfm-slow" waiting="0.00" lane="top_0" pos="6.85" speed="21.22" angle="262.11" x="48.96" y="130.67"/>
        <vehicle id="cfm-slow_5" eclass="HBEFA3/PC_G_EU4" CO2="20328.41" CO="343.13" HC="2.07" NOx="8.99" PMx="0.48" fuel="8.74" electricity="0.00" noise="78.64" route="routetop" type="cfm-slow" waiting="0.00" lane="top_0" pos="24.53" speed="22.54" angle="230.38" x="15.88" y="112.89"/>
    </timestep>
    <timestep time="3.06">
        <vehicle id="cfm-fast_0" eclass="HBEFA3/PC_G_EU4" CO2="23920.08" CO="420.09" HC="2.51" NOx="10.64" PMx="0.58" fuel="10.28" electricity="0.00" noise="80.72" route="routetop" type="cfm-fast" waiting="0.00" lane="top_0" pos="43.81" speed="24.18" angle="195.75" x="-3.64" y="77.00"/>
        <vehicle id="cfm-fast_1" eclass="HBEFA3/PC_G_EU4" CO2="30318.87" CO="556.96" HC="3.29" NOx="13.63" PMx="0.75" fuel="13.03" electricity="0.00" noise="84.39" route="routetop" type="cfm-fast" waiting="0.00" lane="left_0" pos="10.84" speed="25.78" angle="164.91" x="-0.98" y="40.71"/>
        <vehicle id="cfm-fast_2" eclass="HBEFA3/PC_G_EU4" CO2="25273.38" CO="463.98" HC="2.74" NOx="11.19" PMx="0.63" fuel="10.86" electricity="0.00" noise="80.98" route="routetop" type="cfm-fast" waiting="0.00" lane="left_0" pos="29.55" speed="28.05" angle="131.32" x="22.54" y="8.74"/>
        <vehicle id="cfm-fast_3" eclass="HBEFA3/PC_G_EU4" CO2="0.00" CO="0.00" HC="0.00" NOx="0.00" PMx="0.00" fuel="0.00" electricity="0.00" noise="72.24" route="routebottom" type="cfm-fast" waiting="0.00" lane="bottom_0" pos="0.57" speed="29.04" angle="93.43" x="65.00" y="-4.92"/>
        <vehicle id="cfm-fast_4" eclass="HBEFA3/PC_G_EU4" CO2="157580.53" CO="3338.22" HC="19.14" NOx="73.35" PMx="4.16" fuel="67.74" electricity="0.00" noise="134.78" route="routebottom" type="cfm-fast" waiting="0.00" lane="bottom_1" pos="22.53" speed="41.33" angle="53.93" x="106.11" y="14.04"/>
        <vehicle id="cfm-fast_5" eclass="HBEFA3/PC_G_EU4" CO2="0.00" CO="0.00" HC="0.00" NOx="0.00" PMx="0.00" fuel="0.00" electricity="0.00" noise="69.56" route="routebottom" type="cfm-fast" waiting="0.00" lane="bottom_0" pos="25.38" speed="23.00" angle="48.78" x="112.74" y="15.73"/>
        <vehicle id="cfm-slow_0" eclass="HBEFA3/PC_G_EU4" CO2="9817.82" CO="127.05" HC="0.82" NOx="4.10" PMx="0.21" fuel="4.22" electricity="0.00" noise="71.59" route="routebottom" type="cfm-slow" waiting="0.00" lane="bottom_0" pos="42.26" speed="19.52" angle="18.47" x="130.24" y="47.08"/>
        <vehicle id="cfm-slow_1" eclass="HBEFA3/PC_G_EU4" CO2="10546.77" CO="141.94" HC="0.90" NOx="4.44" PMx="0.22" fuel="4.53" electricity="0.00" noise="72.07" route="routebottom" type="cfm-slow" waiting="0.00" lane="right_0" pos="8.13" speed="19.60" angle="349.78" x="130.02" y="81.06"/>
        <vehicle id="cfm-slow_2" eclass="HBEFA3/PC_G_EU4" CO2="12038.97" CO="172.39" HC="1.08" NOx="5.14" PMx="0.26" fuel="5.17" electricity="0.00" noise="73.09" route="routebottom" type="cfm-slow" waiting="0.00" lane="right_0" pos="24.10" speed="19.83" angle="321.09" x="113.52" y="110.78"/>
        <vehicle id="cfm-slow_3" eclass="HBEFA3/PC_G_EU4" CO2="14447.56" CO="221.53" HC="1.36" NOx="6.26" PMx="0.33" fuel="6.21" electricity="0.00" noise="74.77" route="routebottom" type="cfm-slow" waiting="0.00" lane="right_0" pos="40.31" speed="20.34" angle="291.99" x="84.28" y="129.10"/>
        <vehicle id="cfm-slow_4" eclass="HBEFA3/PC_G_EU4" CO2="17394.51" CO="281.92" HC="1.71" NOx="7.63" PMx="0.41" fuel="7.48" electricity="0.00" noise="76.79" route="routetop" type="cfm-slow" waiting="0.00" lane="top_0" pos="7.06" speed="21.25" angle="261.71" x="48.51" y="130.57"/>
        <vehicle id="cfm-slow_5" eclass="HBEFA3/PC_G_EU4" CO2="20307.42" CO="342.73" HC="2.06" NOx="8.97" PMx="0.48" fuel="8.73" electricity="0.00" noise="78.62" route="routetop" type="cfm-slow" waiting="0.00" lane="top_0" pos="24.75" speed="22.57" angle="229.96" x="15.54" y="112.55"/>
    </timestep>
    <timestep time="3.07">
        <vehicle id="cfm-fast_0" eclass="HBEFA3/PC_G_EU4" CO2="23904.78" CO="419.86" HC="2.51" NOx="10.63" PMx="0.58" fuel="10.28" electricity="0.00" noise="80.70" route="routetop" type="cfm-fast" waiting="0.00" lane="top_0" pos="44.05" speed="24.21" angle="195.30" x="-3.73" y="76.49"/>
        <vehicle id="cfm-fast_1" eclass="HBEFA3/PC_G_EU4" CO2="30204.39" CO="554.75" HC="3.28" NOx="13.57" PMx="0.75" fuel="12.98" electricity="0.00" noise="84.31" route="routetop" type="cfm-fast" waiting="0.00" lane="left_0" pos="11.10" speed="25.82" angle="164.43" x="-0.80" y="40.18"/>
        <vehicle id="cfm-fast_2" eclass="HBEFA3/PC_G_EU4" CO2="24926.49" CO="457.00" HC="2.70" NOx="11.03" PMx="0.62" fuel="10.71" electricity="0.00" noise="80.79" route="routetop" type="cfm-fast" waiting="0.00" lane="left_0" pos="29.83" speed="28.07" angle="130.80" x="23.03" y="8.39"/>
        <vehicle id="cfm-fast_3" eclass="HBEFA3/PC_G_EU4" CO2="0.00" CO="0.00" HC="0.00" NOx="0.00" PMx="0.00" fuel="0.00" electricity="0.00" noise="72.21" route="routebottom" type="cfm-fast" waiting="0.00" lane="bottom_0" pos="0.87" speed="29.03" angle="92.90" x="65.62" y="-4.91"/>
        <vehicle id="cfm-fast_4" eclass="HBEFA3/PC_G_EU4" CO2="158136.17" CO="3351.96" HC="19.22" NOx="73.61" PMx="4.17" fuel="67.97" electricity="0.00" noise="134.85" route="routebottom" type="cfm-fast" waiting="0.00" lane="bottom_1" pos="22.94" speed="41.47" angle="53.17" x="106.76" y="14.59"/>
        <vehicle id="cfm-fast_5" eclass="HBEFA3/PC_G_EU4" CO2="0.00" CO="0.00" HC="0.00" NOx="0.00" PMx="0.00" fuel="0.00" electricity="0.00" noise="69.54" route="routebottom" type="cfm-fast" waiting="0.00" lane="bottom_0" pos="25.61" speed="22.99" angle="48.40" x="113.09" y="16.08"/>
        <vehicle id="cfm-slow_0" eclass="HBEFA3/PC_G_EU4" CO2="9773.60" CO="126.12" HC="0.81" NOx="4.08" PMx="0.20" fuel="4.20" electricity="0.00" noise="71.57" route="routebottom" type="cfm-slow" waiting="0.00" lane="bottom_0" pos="42.45" speed="19.53" angle="18.15" x="130.34" y="47.49"/>
        <vehicle id="cfm-slow_1" eclass="HBEFA3/PC_G_EU4" CO2="10509.98" CO="141.16" HC="0.90" NOx="4.42" PMx="0.22" fuel="4.52" electricity="0.00" noise="72.05" route="routebottom" type="cfm-slow" waiting="0.00" lane="right_0" pos="8.33" speed="19.62" angle="349.42" x="129.91" y="81.47"/>
        <vehicle id="cfm-slow_2" eclass="HBEFA3/PC_G_EU4" CO2="12011.08" CO="171.79" HC="1.08" NOx="5.12" PMx="0.26" fuel="5.16" electricity="0.00" noise="73.07" route="routebottom" type="cfm-slow" waiting="0.00" lane="right_0" pos="24.30" speed="19.85" angle="320.76" x="113.23" y="111.10"/>
        <vehicle id="cfm-slow_3" eclass="HBEFA3/PC_G_EU4" CO2="14424.78" CO="221.04" HC="1.36" NOx="6.25" PMx="0.33" fuel="6.20" electricity="0.00" noise="74.76" route="routebottom" type="cfm-slow" waiting="0.00" lane="right_0" pos="40.52" speed="20.36" angle="291.60" x="83.86" y="129.23"/>
        <vehicle id="cfm-slow_4" eclass="HBEFA3/PC_G_EU4" CO2="17370.56" CO="281.43" HC="1.71" NOx="7.62" PMx="0.40" fuel="7.47" electricity="0.00" noise="76.77" route="routetop" type="cfm-slow" waiting="0.00" lane="top_0" pos="7.27" speed="21.27" angle="261.31" x="48.07" y="130.47"/>
        <vehicle id="cfm-slow_5" eclass="HBEFA3/PC_G_EU4" CO2="20286.89" CO="342.34" HC="2.06" NOx="8.96" PMx="0.48" fuel="8.72" electricity="0.00" noise="78.61" route="routetop" type="cfm-slow" waiting="0.00" lane="top_0" pos="24.98" speed="22.59" angle="229.55" x="15.19" y="112.20"/>
    </timestep>
    <timestep time="3.08">
        <vehicle id="cfm-fast_0" eclass="HBEFA3/PC_G_EU4" CO2="23889.18" CO="419.62" HC="2.50" NOx="10.63" PMx="0.58" fuel="10.27" electricity="0.00" noise="80.69" route="routetop" type="cfm-fast" waiting="0.00" lane="top_0" pos="44.29" speed="24.24" angle="194.85" x="-3.83" y="75.98"/>
        <vehicle id="cfm-fast_1" eclass="HBEFA3/PC_G_EU4" CO2="30088.30" CO="552.50" HC="3.26" NOx="13.52" PMx="0.75" fuel="12.93" electricity="0.00" noise="84.22" route="routetop" type="cfm-fast" waiting="0.00" lane="left_0" pos="11.35" speed="25.86" angle="163.95" x="-0.61" y="39.66"/>
        <vehicle id="cfm-fast_2" eclass="HBEFA3/PC_G_EU4" CO2="24580.01" CO="450.02" HC="2.66" NOx="10.87" PMx="0.61" fuel="10.57" electricity="0.00" noise="80.60" route="routetop" type="cfm-fast" waiting="0.00" lane="left_0" pos="30.11" speed="28.10" angle="130.29" x="23.52" y="8.03"/>
        <vehicle id="cfm-fast_3" eclass="HBEFA3/PC_G_EU4" CO2="0.00" CO="0.00" HC="0.00" NOx="0.00" PMx="0.00" fuel="0.00" electricity="0.00" noise="72.18" route="routebottom" type="cfm-fast" waiting="0.00" lane="bottom_0" pos="1.16" speed="29.01" angle="92.38" x="66.24" y="-4.89"/>
        <vehicle id="cfm-fast_4" eclass="HBEFA3/PC_G_EU4" CO2="158692.11" CO="3365.73" HC="19.30" NOx="73.87" PMx="4.19" fuel="68.21" electricity="0.00" noise="134.92" route="routebottom" type="cfm-fast" waiting="0.00" lane="bottom_1" pos="23.36" speed="41.60" angle="52.49" x="107.40" y="15.16"/>
        <vehicle id="cfm-fast_5" eclass="HBEFA3/PC_G_EU4" CO2="0.00" CO="0.00" HC="0.00" NOx="0.00" PMx="0.00" fuel="0.00" electricity="0.00" noise="69.53" route="routebottom" type="cfm-fast" waiting="0.00" lane="bottom_0" pos="25.84" speed="22.99" angle="48.00" x="113.43" y="16.44"/>
        <vehicle id="cfm-slow_0" eclass="HBEFA3/PC_G_EU4" CO2="9729.85" CO="125.20" HC="0.81" NOx="4.05" PMx="0.20" fuel="4.18" electricity="0.00" noise="71.54" route="routebottom" type="cfm-slow" waiting="0.00" lane="bottom_0" pos="42.65" speed="19.54" angle="17.80" x="130.43" y="47.90"/>
        <vehicle id="cfm-slow_1" eclass="HBEFA3/PC_G_EU4" CO2="10473.68" CO="140.40" HC="0.90" NOx="4.40" PMx="0.22" fuel="4.50" electricity="0.00" noise="72.03" route="routebottom" type="cfm-slow" waiting="0.00" lane="right_0" pos="8.52" speed="19.63" angle="349.05" x="129.80" y="81.88"/>
        <vehicle id="cfm-slow_2" eclass="HBEFA3/PC_G_EU4" CO2="11983.63" CO="171.21" HC="1.07" NOx="5.11" PMx="0.26" fuel="5.15" electricity="0.00" noise="73.05" route="routebottom" type="cfm-slow" waiting="0.00" lane="right_0" pos="24.50" speed="19.87" angle="320.42" x="112.93" y="111.40"/>
        <vehicle id="cfm-slow_3" eclass="HBEFA3/PC_G_EU4" CO2="14402.38" CO="220.57" HC="1.36" NOx="6.24" PMx="0.33" fuel="6.19" electricity="0.00" noise="74.74" route="routebottom" type="cfm-slow" waiting="0.00" lane="right_0" pos="40.72" speed="20.38" angle="291.22" x="83.44" y="129.35"/>
        <vehicle id="cfm-slow_4" eclass="HBEFA3/PC_G_EU4" CO2="17347.03" CO="280.95" HC="1.71" NOx="7.61" PMx="0.40" fuel="7.46" electricity="0.00" noise="76.75" route="routetop" type="cfm-slow" waiting="0.00" lane="top_0" pos="7.48" speed="21.30" angle="260.90" x="47.62" y="130.37"/>
        <vehicle id="cfm-slow_5" eclass="HBEFA3/PC_G_EU4" CO2="20266.79" CO="341.96" HC="2.06" NOx="8.95" PMx="0.48" fuel="8.71" electricity="0.00" noise="78.59" route="routetop" type="cfm-slow" waiting="0.00" lane="top_0" pos="25.20" speed="22.62" angle="229.13" x="14.85" y="111.86"/>
    </timestep>
    <timestep time="3.09">
        <vehicle id="cfm-fast_0" eclass="HBEFA3/PC_G_EU4" CO2="23873.26" CO="419.37" HC="2.50" NOx="10.62" PMx="0.58" fuel="10.26" electricity="0.00" noise="80.67" route="routetop" type="cfm-fast" waiting="0.00" lane="top_0" pos="44.53" speed="24.27" angle="194.40" x="-3.92" y="75.46"/>
        <vehicle id="cfm-fast_1" eclass="HBEFA3/PC_G_EU4" CO2="29970.60" CO="550.23" HC="3.25" NOx="13.46" PMx="0.74" fuel="12.88" electricity="0.00" noise="84.13" route="routetop" type="cfm-fast" waiting="0.00" lane="left_0" pos="11.61" speed="25.89" angle="163.55" x="-0.41" y="39.14"/>
        <vehicle id="cfm-fast_2" eclass="HBEFA3/PC_G_EU4" CO2="24233.99" CO="443.05" HC="2.62" NOx="10.70" PMx="0.60" fuel="10.42" electricity="0.00" noise="80.42" route="routetop" type="cfm-fast" waiting="0.00" lane="left_0" pos="30.39" speed="28.12" angle="129.77" x="24.01" y="7.68"/>
        <vehicle id="cfm-fast_3" eclass="HBEFA3/PC_G_EU4" CO2="0.00" CO="0.00" HC="0.00" NOx="0.00" PMx="0.00" fuel="0.00" electricity="0.00" noise="72.15" route="routebottom" type="cfm-fast" waiting="0.00" lane="bottom_0" pos="1.45" speed="29.00" angle="91.88" x="66.87" y="-4.86"/>
        <vehicle id="cfm-fast_4" eclass="HBEFA3/PC_G_EU4" CO2="159248.34" CO="3379.52" HC="19.37" NOx="74.13" PMx="4.20" fuel="68.45" electricity="0.00" noise="134.98" route="routebottom" type="cfm-fast" waiting="0.00" lane="bottom_1" pos="23.77" speed="41.74" angle="51.74" x="108.02" y="15.74"/>
        <vehicle id="cfm-fast_5" eclass="HBEFA3/PC_G_EU4" CO2="0.00" CO="0.00" HC="0.00" NOx="0.00" PMx="0.00" fuel="0.00" electricity="0.00" noise="69.51" route="routebottom" type="cfm-fast" waiting="0.00" lane="bottom_0" pos="26.07" speed="22.98" angle="47.58" x="113.76" y="16.80"/>
        <vehicle id="cfm-slow_0" eclass="HBEFA3/PC_G_EU4" CO2="9686.57" CO="124.29" HC="0.80" NOx="4.03" PMx="0.20" fuel="4.16" electricity="0.00" noise="71.52" route="routebottom" type="cfm-slow" waiting="0.00" lane="bottom_0" pos="42.84" speed="19.56" angle="17.44" x="130.52" y="48.31"/>
        <vehicle id="cfm-slow_1" eclass="HBEFA3/PC_G_EU4" CO2="10437.85" CO="139.64" HC="0.89" NOx="4.39" PMx="0.22" fuel="4.49" electricity="0.00" noise="72.01" route="routebottom" type="cfm-slow" waiting="0.00" lane="right_0" pos="8.72" speed="19.65" angle="348.69" x="129.69" y="82.29"/>
        <vehicle id="cfm-slow_2" eclass="HBEFA3/PC_G_EU4" CO2="11956.62" CO="170.64" HC="1.07" NOx="5.10" PMx="0.26" fuel="5.14" electricity="0.00" noise="73.04" route="routebottom" type="cfm-slow" waiting="0.00" lane="right_0" pos="24.70" speed="19.88" angle="320.05" x="112.63" y="111.70"/>
        <vehicle id="cfm-slow_3" eclass="HBEFA3/PC_G_EU4" CO2="14380.35" CO="220.10" HC="1.36" NOx="6.23" PMx="0.33" fuel="6.18" electricity="0.00" noise="74.72" route="routebottom" type="cfm-slow" waiting="0.00" lane="right_0" pos="40.92" speed="20.40" angle="290.83" x="83.02" y="129.48"/>
        <vehicle id="cfm-slow_4" eclass="HBEFA3/PC_G_EU4" CO2="17323.90" CO="280.48" HC="1.70" NOx="7.60" PMx="0.40" fuel="7.45" electricity="0.00" noise="76.73" route="routetop" type="cfm-slow" waiting="0.00" lane="top_0" pos="7.70" speed="21.32" angle="260.58" x="47.17" y="130.26"/>
        <vehicle id="cfm-slow_5" eclass="HBEFA3/PC_G_EU4" CO2="20247.13" CO="341.59" HC="2.06" NOx="8.94" PMx="0.48" fuel="8.70" electricity="0.00" noise="78.57" route="routetop" type="cfm-slow" waiting="0.00" lane="top_0" pos="25.43" speed="22.65" angle="228.72" x="14.50" y="111.51"/>
    </timestep>
    <timestep time="3.10">
        <vehicle id="cfm-fast_0" eclass="HBEFA3/PC_G_EU4" CO2="23857.00" CO="419.12" HC="2.50" NOx="10.61" PMx="0.58" fuel="10.25" electricity="0.00" noise="80.65" route="routetop" type="cfm-fast" waiting="0.00" lane="top_0" pos="44.78" speed="24.30" angle="193.95" x="-4.02" y="74.95"/>
        <vehicle id="cfm-fast_1" eclass="HBEFA3/PC_G_EU4" CO2="29851.30" CO="547.92" HC="3.24" NOx="13.40" PMx="0.74" fuel="12.83" electricity="0.00" noise="84.05" route="routetop" type="cfm-fast" waiting="0.00" lane="left_0" pos="11.87" speed="25.93" angle="163.09" x="-0.21" y="38.62"/>
        <vehicle id="cfm-fast_2" eclass="HBEFA3/PC_G_EU4" CO2="23888.47" CO="436.08" HC="2.58" NOx="10.54" PMx="0.59" fuel="10.27" electricity="0.00" noise="80.23" route="routetop" type="cfm-fast" waiting="0.00" lane="left_0" pos="30.68" speed="28.15" angle="129.27" x="24.51" y="7.33"/>
        <vehicle id="cfm-fast_3" eclass="HBEFA3/PC_G_EU4" CO2="0.00" CO="0.00" HC="0.00" NOx="0.00" PMx="0.00" fuel="0.00" electricity="0.00" noise="72.13" route="routebottom" type="cfm-fast" waiting="0.00" lane="bottom_0" pos="1.74" speed="28.99" angle="91.36" x="67.49" y="-4.83"/>
        <vehicle id="cfm-fast_4" eclass="HBEFA3/PC_G_EU4" CO2="159804.87" CO="3393.33" HC="19.45" NOx="74.39" PMx="4.22" fuel="68.69" electricity="0.00" noise="135.05" route="routebottom" type="cfm-fast" waiting="0.00" lane="bottom_1" pos="24.19" speed="41.88" angle="50.99" x="108.66" y="16.33"/>
        <vehicle id="cfm-fast_5" eclass="HBEFA3/PC_G_EU4" CO2="0.00" CO="0.00" HC="0.00" NOx="0.00" PMx="0.00" fuel="0.00" electricity="0.00" noise="69.50" route="routebottom" type="cfm-fast" waiting="0.00" lane="bottom_0" pos="26.30" speed="22.97" angle="47.16" x="114.10" y="17.17"/>
        <vehicle id="cfm-slow_0" eclass="HBEFA3/PC_G_EU4" CO2="9643.74" CO="123.39" HC="0.80" NOx="4.01" PMx="0.20" fuel="4.15" electricity="0.00" noise="71.49" route="routebottom" type="cfm-slow" waiting="0.00" lane="bottom_0" pos="43.04" speed="19.57" angle="17.09" x="130.61" y="48.72"/>
        <vehicle id="cfm-slow_1" eclass="HBEFA3/PC_G_EU4" CO2="10402.49" CO="138.90" HC="0.89" NOx="4.37" PMx="0.22" fuel="4.47" electricity="0.00" noise="71.99" route="routebottom" type="cfm-slow" waiting="0.00" lane="right_0" pos="8.92" speed="19.66" angle="348.38" x="129.58" y="82.69"/>
        <vehicle id="cfm-slow_2" eclass="HBEFA3/PC_G_EU4" CO2="11930.05" CO="170.07" HC="1.07" NOx="5.08" PMx="0.26" fuel="5.13" electricity="0.00" noise="73.02" route="routebottom" type="cfm-slow" waiting="0.00" lane="right_0" pos="24.90" speed="19.90" angle="319.68" x="112.32" y="112.01"/>
        <vehicle id="cfm-slow_3" eclass="HBEFA3/PC_G_EU4" CO2="14358.69" CO="219.64" HC="1.35" NOx="6.22" PMx="0.33" fuel="6.17" electricity="0.00" noise="74.71" route="routebottom" type="cfm-slow" waiting="0.00" lane="right_0" pos="41.13" speed="20.42" angle="290.52" x="82.60" y="129.61"/>
        <vehicle id="cfm-slow_4" eclass="HBEFA3/PC_G_EU4" CO2="17301.17" CO="280.01" HC="1.70" NOx="7.58" PMx="0.40" fuel="7.44" electricity="0.00" noise="76.71" route="routetop" type="cfm-slow" waiting="0.00" lane="top_0" pos="7.91" speed="21.35" angle="260.18" x="46.73" y="130.14"/>
        <vehicle id="cfm-slow_5" eclass="HBEFA3/PC_G_EU4" CO2="20227.89" CO="341.23" HC="2.05" NOx="8.93" PMx="0.48" fuel="8.69" electricity="0.00" noise="78.55" route="routetop" type="cfm-slow" waiting="0.00" lane="top_0" pos="25.66" speed="22.68" angle="228.37" x="14.16" y="111.17"/>
    </timestep>
    <timestep time="3.11">
        <vehicle id="cfm-fast_0" eclass="HBEFA3/PC_G_EU4" CO2="23840.38" CO="418.86" HC="2.50" NOx="10.60" PMx="0.58" fuel="10.25" electricity="0.00" noise="80.64" route="routetop" type="cfm-fast" waiting="0.00" lane="top_0" pos="45.02" speed="24.33" angle="193.57" x="-4.10" y="74.43"/>
        <vehicle id="cfm-fast_1" eclass="HBEFA3/PC_G_EU4" CO2="29730.42" CO="545.58" HC="3.22" NOx="13.34" PMx="0.74" fuel="12.78" electricity="0.00" noise="83.96" route="routetop" type="cfm-fast" waiting="0.00" lane="left_0" pos="12.13" speed="25.97" angle="162.63" x="0.00" y="38.10"/>
        <vehicle id="cfm-fast_2" eclass="HBEFA3/PC_G_EU4" CO2="23543.51" CO="429.13" HC="2.54" NOx="10.38" PMx="0.58" fuel="10.12" electricity="0.00" noise="80.05" route="routetop" type="cfm-fast" waiting="0.00" lane="left_0" pos="30.96" speed="28.18" angle="128.81" x="25.01" y="6.98"/>
        <vehicle id="cfm-fast_3" eclass="HBEFA3/PC_G_EU4" CO2="0.00" CO="0.00" HC="0.00" NOx="0.00" PMx="0.00" fuel="0.00" electricity="0.00" noise="72.10" route="routebottom" type="cfm-fast" waiting="0.00" lane="bottom_0" pos="2.02" speed="28.97" angle="90.84" x="68.11" y="-4.79"/>
        <vehicle id="cfm-fast_4" eclass="HBEFA3/PC_G_EU4" CO2="160361.68" CO="3407.17" HC="19.53" NOx="74.65" PMx="4.24" fuel="68.93" electricity="0.00" noise="135.11" route="routebottom" type="cfm-fast" waiting="0.00" lane="bottom_1" pos="24.61" speed="42.01" angle="50.26" x="109.27" y="16.93"/>
        <vehicle id="cfm-fast_5" eclass="HBEFA3/PC_G_EU4" CO2="0.00" CO="0.00" HC="0.00" NOx="0.00" PMx="0.00" fuel="0.00" electricity="0.00" noise="69.49" route="routebottom" type="cfm-fast" waiting="0.00" lane="bottom_0" pos="26.52" speed="22.97" angle="46.74" x="114.44" y="17.53"/>
        <vehicle id="cfm-slow_0" eclass="HBEFA3/PC_G_EU4" CO2="9601.38" CO="122.50" HC="0.79" NOx="3.99" PMx="0.20" fuel="4.13" electricity="0.00" noise="71.47" route="routebottom" type="cfm-slow" waiting="0.00" lane="bottom_0" pos="43.23" speed="19.58" angle="16.73" x="130.71" y="49.13"/>
        <vehicle id="cfm-slow_1" eclass="HBEFA3/PC_G_EU4" CO2="10367.61" CO="138.16" HC="0.88" NOx="4.35" PMx="0.22" fuel="4.46" electricity="0.00" noise="71.97" route="routebottom" type="cfm-slow" waiting="0.00" lane="right_0" pos="9.11" speed="19.67" angle="348.04" x="129.46" y="83.10"/>
        <vehicle id="cfm-slow_2" eclass="HBEFA3/PC_G_EU4" CO2="11903.91" CO="169.52" HC="1.06" NOx="5.07" PMx="0.26" fuel="5.12" electricity="0.00" noise="73.01" route="routebottom" type="cfm-slow" waiting="0.00" lane="right_0" pos="25.09" speed="19.92" angle="319.31" x="112.02" y="112.31"/>
        <vehicle id="cfm-slow_3" eclass="HBEFA3/PC_G_EU4" CO2="14337.39" CO="219.19" HC="1.35" NOx="6.21" PMx="0.32" fuel="6.16" electricity="0.00" noise="74.69" route="routebottom" type="cfm-slow" waiting="0.00" lane="right_0" pos="41.33" speed="20.44" angle="290.15" x="82.17" y="129.72"/>
        <vehicle id="cfm-slow_4" eclass="HBEFA3/PC_G_EU4" CO2="17278.85" CO="279.56" HC="1.70" NOx="7.57" PMx="0.40" fuel="7.43" electricity="0.00" noise="76.70" route="routetop" type="cfm-slow" waiting="0.00" lane="top_0" pos="8.12" speed="21.37" angle="259.79" x="46.29" y="130.03"/>
        <vehicle id="cfm-slow_5" eclass="HBEFA3/PC_G_EU4" CO2="20209.07" CO="340.88" HC="2.05" NOx="8.92" PMx="0.48" fuel="8.69" electricity="0.00" noise="78.53" route="routetop" type="cfm-slow" waiting="0.00" lane="top_0" pos="25.89" speed="22.71" angle="227.94" x="13.83" y="110.81"/>
    </timestep>
    <timestep time="3.12">
        <vehicle id="cfm-fast_0" eclass="HBEFA3/PC_G_EU4" CO2="23823.40" CO="418.59" HC="2.50" NOx="10.59" PMx="0.58" fuel="10.24" electricity="0.00" noise="80.62" route="routetop" type="cfm-fast" waiting="0.00" lane="top_0" pos="45.26" speed="24.36" angle="193.12" x="-4.17" y="73.91"/>
        <vehicle id="cfm-fast_1" eclass="HBEFA3/PC_G_EU4" CO2="29607.97" CO="543.21" HC="3.21" NOx="13.29" PMx="0.73" fuel="12.73" electricity="0.00" noise="83.87" route="routetop" type="cfm-fast" waiting="0.00" lane="left_0" pos="12.39" speed="26.00" angle="162.17" x="0.21" y="37.58"/>
        <vehicle id="cfm-fast_2" eclass="HBEFA3/PC_G_EU4" CO2="23199.16" CO="422.18" HC="2.50" NOx="10.21" PMx="0.57" fuel="9.97" electricity="0.00" noise="79.87" route="routetop" type="cfm-fast" waiting="0.00" lane="left_0" pos="31.24" speed="28.20" angle="128.30" x="25.51" y="6.65"/>
        <vehicle id="cfm-fast_3" eclass="HBEFA3/PC_G_EU4" CO2="0.00" CO="0.00" HC="0.00" NOx="0.00" PMx="0.00" fuel="0.00" electricity="0.00" noise="72.07" route="routebottom" type="cfm-fast" waiting="0.00" lane="bottom_0" pos="2.31" speed="28.96" angle="90.32" x="68.74" y="-4.76"/>
        <vehicle id="cfm-fast_4" eclass="HBEFA3/PC_G_EU4" CO2="160918.79" CO="3421.02" HC="19.60" NOx="74.91" PMx="4.25" fuel="69.17" electricity="0.00" noise="135.18" route="routebottom" type="cfm-fast" waiting="0.00" lane="bottom_1" pos="25.03" speed="42.15" angle="49.46" x="109.88" y="17.54"/>
        <vehicle id="cfm-fast_5" eclass="HBEFA3/PC_G_EU4" CO2="0.00" CO="0.00" HC="0.00" NOx="0.00" PMx="0.00" fuel="0.00" electricity="0.00" noise="69.47" route="routebottom" type="cfm-fast" waiting="0.00" lane="bottom_0" pos="26.75" speed="22.96" angle="46.32" x="114.77" y="17.89"/>
        <vehicle id="cfm-slow_0" eclass="HBEFA3/PC_G_EU4" CO2="9559.48" CO="121.63" HC="0.79" NOx="3.97" PMx="0.20" fuel="4.11" electricity="0.00" noise="71.45" route="routebottom" type="cfm-slow" waiting="0.00" lane="bottom_0" pos="43.43" speed="19.59" angle="16.38" x="130.80" y="49.54"/>
        <vehicle id="cfm-slow_1" eclass="HBEFA3/PC_G_EU4" CO2="10333.20" CO="137.43" HC="0.88" NOx="4.34" PMx="0.22" fuel="4.44" electricity="0.00" noise="71.95" route="routebottom" type="cfm-slow" waiting="0.00" lane="right_0" pos="9.31" speed="19.69" angle="347.68" x="129.33" y="83.50"/>
        <vehicle id="cfm-slow_2" eclass="HBEFA3/PC_G_EU4" CO2="11878.19" CO="168.97" HC="1.06" NOx="5.06" PMx="0.26" fuel="5.11" electricity="0.00" noise="72.99" route="routebottom" type="cfm-slow" waiting="0.00" lane="right_0" pos="25.29" speed="19.93" angle="318.94" x="111.72" y="112.61"/>
        <vehicle id="cfm-slow_3" eclass="HBEFA3/PC_G_EU4" CO2="14316.47" CO="218.75" HC="1.35" NOx="6.20" PMx="0.32" fuel="6.15" electricity="0.00" noise="74.68" route="routebottom" type="cfm-slow" waiting="0.00" lane="right_0" pos="41.54" speed="20.46" angle="289.77" x="81.75" y="129.84"/>
        <vehicle id="cfm-slow_4" eclass="HBEFA3/PC_G_EU4" CO2="17256.92" CO="279.11" HC="1.70" NOx="7.56" PMx="0.40" fuel="7.42" electricity="0.00" noise="76.68" route="routetop" type="cfm-slow" waiting="0.00" lane="top_0" pos="8.34" speed="21.40" angle="259.40" x="45.84" y="129.91"/>
        <vehicle id="cfm-slow_5" eclass="HBEFA3/PC_G_EU4" CO2="20190.66" CO="340.53" HC="2.05" NOx="8.92" PMx="0.48" fuel="8.68" electricity="0.00" noise="78.52" route="routetop" type="cfm-slow" waiting="0.00" lane="top_0" pos="26.11" speed="22.73" angle="227.52" x="13.50" y="110.45"/>
    </timestep>
    <timestep time="3.13">
        <vehicle id="cfm-fast_0" eclass="HBEFA3/PC_G_EU4" CO2="23806.04" CO="418.32" HC="2.50" NOx="10.58" PMx="0.58" fuel="10.23" electricity="0.00" noise="80.60" route="routetop" type="cfm-fast" waiting="0.00" lane="top_0" pos="45.51" speed="24.40" angle="192.67" x="-4.25" y="73.39"/>
        <vehicle id="cfm-fast_1" eclass="HBEFA3/PC_G_EU4" CO2="29483.97" CO="540.81" HC="3.20" NOx="13.23" PMx="0.73" fuel="12.67" electricity="0.00" noise="83.79" route="routetop" type="cfm-fast" waiting="0.00" lane="left_0" pos="12.65" speed="26.04" angle="161.71" x="0.42" y="37.06"/>
        <vehicle id="cfm-fast_2" eclass="HBEFA3/PC_G_EU4" CO2="22855.46" CO="415.24" HC="2.46" NOx="10.05" PMx="0.56" fuel="9.82" electricity="0.00" noise="79.69" route="routetop" type="cfm-fast" waiting="0.00" lane="left_0" pos="31.52" speed="28.22" angle="127.79" x="26.02" y="6.31"/>
        <vehicle id="cfm-fast_3" eclass="HBEFA3/PC_G_EU4" CO2="0.00" CO="0.00" HC="0.00" NOx="0.00" PMx="0.00" fuel="0.00" electricity="0.00" noise="72.05" route="routebottom" type="cfm-fast" waiting="0.00" lane="bottom_0" pos="2.60" speed="28.95" angle="89.82" x="69.36" y="-4.71"/>
        <vehicle id="cfm-fast_4" eclass="HBEFA3/PC_G_EU4" CO2="161476.19" CO="3434.90" HC="19.68" NOx="75.17" PMx="4.27" fuel="69.41" electricity="0.00" noise="135.24" route="routebottom" type="cfm-fast" waiting="0.00" lane="bottom_1" pos="25.46" speed="42.28" angle="48.66" x="110.49" y="18.15"/>
        <vehicle id="cfm-fast_5" eclass="HBEFA3/PC_G_EU4" CO2="0.00" CO="0.00" HC="0.00" NOx="0.00" PMx="0.00" fuel="0.00" electricity="0.00" noise="69.46" route="routebottom" type="cfm-fast" waiting="0.00" lane="bottom_0" pos="26.98" speed="22.96" angle="45.97" x="115.10" y="18.26"/>
        <vehicle id="cfm-slow_0" eclass="HBEFA3/PC_G_EU4" CO2="9518.04" CO="120.76" HC="0.78" NOx="3.95" PMx="0.20" fuel="4.09" electricity="0.00" noise="71.42" route="routebottom" type="cfm-slow" waiting="0.00" lane="bottom_0" pos="43.63" speed="19.61" angle="16.07" x="130.89" y="49.95"/>
        <vehicle id="cfm-slow_1" eclass="HBEFA3/PC_G_EU4" CO2="10299.26" CO="136.72" HC="0.87" NOx="4.32" PMx="0.22" fuel="4.43" electricity="0.00" noise="71.93" route="routebottom" type="cfm-slow" waiting="0.00" lane="right_0" pos="9.51" speed="19.70" angle="347.33" x="129.21" y="83.91"/>
        <vehicle id="cfm-slow_2" eclass="HBEFA3/PC_G_EU4" CO2="11852.90" CO="168.43" HC="1.06" NOx="5.05" PMx="0.26" fuel="5.09" electricity="0.00" noise="72.98" route="routebottom" type="cfm-slow" waiting="0.00" lane="right_0" pos="25.49" speed="19.95" angle="318.57" x="111.41" y="112.92"/>
        <vehicle id="cfm-slow_3" eclass="HBEFA3/PC_G_EU4" CO2="14295.90" CO="218.31" HC="1.35" NOx="6.19" PMx="0.32" fuel="6.15" electricity="0.00" noise="74.66" route="routebottom" type="cfm-slow" waiting="0.00" lane="right_0" pos="41.74" speed="20.48" angle="289.40" x="81.32" y="129.95"/>
        <vehicle id="cfm-slow_4" eclass="HBEFA3/PC_G_EU4" CO2="17235.39" CO="278.67" HC="1.69" NOx="7.55" PMx="0.40" fuel="7.41" electricity="0.00" noise="76.66" route="routetop" type="cfm-slow" waiting="0.00" lane="top_0" pos="8.55" speed="21.42" angle="259.01" x="45.40" y="129.79"/>
        <vehicle id="cfm-slow_5" eclass="HBEFA3/PC_G_EU4" CO2="20172.64" CO="340.20" HC="2.05" NOx="8.91" PMx="0.48" fuel="8.67" electricity="0.00" noise="78.50" route="routetop" type="cfm-slow" waiting="0.00" lane="top_0" pos="26.34" speed="22.76" angle="227.10" x="13.16" y="110.09"/>
    </timestep>
    <timestep time="3.14">
        <vehicle id="cfm-fast_0" eclass="HBEFA3/PC_G_EU4" CO2="23788.29" CO="418.04" HC="2.49" NOx="10.57" PMx="0.58" fuel="10.23" electricity="0.00" noise="80.58" route="routetop" type="cfm-fast" waiting="0.00" lane="top_0" pos="45.75" speed="24.43" angle="192.22" x="-4.32" y="72.87"/>
        <vehicle id="cfm-fast_1" eclass="HBEFA3/PC_G_EU4" CO2="29358.42" CO="538.37" HC="3.18" NOx="13.17" PMx="0.73" fuel="12.62" electricity="0.00" noise="83.70" route="routetop" type="cfm-fast" waiting="0.00" lane="left_0" pos="12.91" speed="26.08" angle="161.29" x="0.64" y="36.54"/>
        <vehicle id="cfm-fast_2" eclass="HBEFA3/PC_G_EU4" CO2="22512.45" CO="408.32" HC="2.42" NOx="9.89" PMx="0.56" fuel="9.68" electricity="0.00" noise="79.52" route="routetop" type="cfm-fast" waiting="0.00" lane="left_0" pos="31.80" speed="28.25" angle="127.28" x="26.52" y="5.97"/>
        <vehicle id="cfm-fast_3" eclass="HBEFA3/PC_G_EU4" CO2="0.00" CO="0.00" HC="0.00" NOx="0.00" PMx="0.00" fuel="0.00" electricity="0.00" noise="72.02" route="routebottom" type="cfm-fast" waiting="0.00" lane="bottom_0" pos="2.89" speed="28.93" angle="89.31" x="69.98" y="-4.65"/>
        <vehicle id="cfm-fast_4" eclass="HBEFA3/PC_G_EU4" CO2="162033.88" CO="3448.80" HC="19.76" NOx="75.43" PMx="4.28" fuel="69.65" electricity="0.00" noise="135.31" route="routebottom" type="cfm-fast" waiting="0.00" lane="bottom_1" pos="25.88" speed="42.42" angle="47.94" x="111.10" y="18.78"/>
        <vehicle id="cfm-fast_5" eclass="HBEFA3/PC_G_EU4" CO2="0.00" CO="0.00" HC="0.00" NOx="0.00" PMx="0.00" fuel="0.00" electricity="0.00" noise="69.45" route="routebottom" type="cfm-fast" waiting="0.00" lane="bottom_0" pos="27.21" speed="22.95" angle="45.54" x="115.42" y="18.64"/>
        <vehicle id="cfm-slow_0" eclass="HBEFA3/PC_G_EU4" CO2="9477.05" CO="119.90" HC="0.78" NOx="3.93" PMx="0.20" fuel="4.07" electricity="0.00" noise="71.40" route="routebottom" type="cfm-slow" waiting="0.00" lane="bottom_0" pos="43.82" speed="19.62" angle="15.70" x="130.97" y="50.37"/>
        <vehicle id="cfm-slow_1" eclass="HBEFA3/PC_G_EU4" CO2="10265.78" CO="136.01" HC="0.87" NOx="4.30" PMx="0.22" fuel="4.41" electricity="0.00" noise="71.91" route="routebottom" type="cfm-slow" waiting="0.00" lane="right_0" pos="9.71" speed="19.72" angle="346.98" x="129.08" y="84.31"/>
        <vehicle id="cfm-slow_2" eclass="HBEFA3/PC_G_EU4" CO2="11828.04" CO="167.90" HC="1.05" NOx="5.03" PMx="0.26" fuel="5.08" electricity="0.00" noise="72.96" route="routebottom" type="cfm-slow" waiting="0.00" lane="right_0" pos="25.69" speed="19.97" angle="318.26" x="111.11" y="113.22"/>
        <vehicle id="cfm-slow_3" eclass="HBEFA3/PC_G_EU4" CO2="14275.70" CO="217.88" HC="1.34" NOx="6.18" PMx="0.32" fuel="6.14" electricity="0.00" noise="74.65" route="routebottom" type="cfm-slow" waiting="0.00" lane="right_0" pos="41.95" speed="20.50" angle="289.03" x="80.90" y="130.06"/>
        <vehicle id="cfm-slow_4" eclass="HBEFA3/PC_G_EU4" CO2="17214.26" CO="278.24" HC="1.69" NOx="7.54" PMx="0.40" fuel="7.40" electricity="0.00" noise="76.64" route="routetop" type="cfm-slow" waiting="0.00" lane="top_0" pos="8.77" speed="21.45" angle="258.62" x="44.95" y="129.67"/>
        <vehicle id="cfm-slow_5" eclass="HBEFA3/PC_G_EU4" CO2="20155.02" CO="339.87" HC="2.05" NOx="8.90" PMx="0.48" fuel="8.66" electricity="0.00" noise="78.49" route="routetop" type="cfm-slow" waiting="0.00" lane="top_0" pos="26.57" speed="22.79" angle="226.68" x="12.83" y="109.73"/>
    </timestep>
    <timestep time="3.15">
        <vehicle id="cfm-fast_0" eclass="HBEFA3/PC_G_EU4" CO2="23770.12" CO="417.75" HC="2.49" NOx="10.57" PMx="0.58" fuel="10.22" electricity="0.00" noise="80.57" route="routetop" type="cfm-fast" waiting="0.00" lane="top_0" pos="46.00" speed="24.46" angle="191.77" x="-4.39" y="72.35"/>
        <vehicle id="cfm-fast_1" eclass="HBEFA3/PC_G_EU4" CO2="29231.35" CO="535.91" HC="3.17" NOx="13.10" PMx="0.72" fuel="12.57" electricity="0.00" noise="83.61" route="routetop" type="cfm-fast" waiting="0.00" lane="left_0" pos="13.17" speed="26.11" angle="160.80" x="0.87" y="36.03"/>
        <vehicle id="cfm-fast_2" eclass="HBEFA3/PC_G_EU4" CO2="22170.19" CO="401.41" HC="2.38" NOx="9.73" PMx="0.55" fuel="9.53" electricity="0.00" noise="79.34" route="routetop" type="cfm-fast" waiting="0.00" lane="left_0" pos="32.09" speed="28.27" angle="126.83" x="27.03" y="5.64"/>
        <vehicle id="cfm-fast_3" eclass="HBEFA3/PC_G_EU4" CO2="0.00" CO="0.00" HC="0.00" NOx="0.00" PMx="0.00" fuel="0.00" electricity="0.00" noise="72.00" route="routebottom" type="cfm-fast" waiting="0.00" lane="bottom_0" pos="3.18" speed="28.92" angle="88.79" x="70.59" y="-4.59"/>
        <vehicle id="cfm-fast_4" eclass="HBEFA3/PC_G_EU4" CO2="162591.86" CO="3462.72" HC="19.84" NOx="75.69" PMx="4.30" fuel="69.89" electricity="0.00" noise="135.38" route="routebottom" type="cfm-fast" waiting="0.00" lane="bottom_1" pos="26.31" speed="42.56" angle="47.16" x="111.69" y="19.42"/>
        <vehicle id="cfm-fast_5" eclass="HBEFA3/PC_G_EU4" CO2="0.00" CO="0.00" HC="0.00" NOx="0.00" PMx="0.00" fuel="0.00" electricity="0.00" noise="69.44" route="routebottom" type="cfm-fast" waiting="0.00" lane="bottom_0" pos="27.44" speed="22.94" angle="45.11" x="115.74" y="19.01"/>
        <vehicle id="cfm-slow_0" eclass="HBEFA3/PC_G_EU4" CO2="9436.51" CO="119.05" HC="0.77" NOx="3.91" PMx="0.20" fuel="4.06" electricity="0.00" noise="71.38" route="routebottom" type="cfm-slow" waiting="0.00" lane="bottom_0" pos="44.02" speed="19.63" angle="15.33" x="131.04" y="50.78"/>
        <vehicle id="cfm-slow_1" eclass="HBEFA3/PC_G_EU4" CO2="10232.76" CO="135.32" HC="0.87" NOx="4.29" PMx="0.22" fuel="4.40" electricity="0.00" noise="71.89" route="routebottom" type="cfm-slow" waiting="0.00" lane="right_0" pos="9.90" speed="19.73" angle="346.62" x="128.96" y="84.72"/>
        <vehicle id="cfm-slow_2" eclass="HBEFA3/PC_G_EU4" CO2="11803.59" CO="167.38" HC="1.05" NOx="5.02" PMx="0.26" fuel="5.07" electricity="0.00" noise="72.95" route="routebottom" type="cfm-slow" waiting="0.00" lane="right_0" pos="25.89" speed="19.98" angle="317.90" x="110.79" y="113.51"/>
        <vehicle id="cfm-slow_3" eclass="HBEFA3/PC_G_EU4" CO2="14255.85" CO="217.47" HC="1.34" NOx="6.17" PMx="0.32" fuel="6.13" electricity="0.00" noise="74.64" route="routebottom" type="cfm-slow" waiting="0.00" lane="right_0" pos="42.15" speed="20.52" angle="288.66" x="80.47" y="130.18"/>
        <vehicle id="cfm-slow_4" eclass="HBEFA3/PC_G_EU4" CO2="17193.52" CO="277.82" HC="1.69" NOx="7.53" PMx="0.40" fuel="7.39" electricity="0.00" noise="76.63" route="routetop" type="cfm-slow" waiting="0.00" lane="top_0" pos="8.98" speed="21.47" angle="258.29" x="44.50" y="129.55"/>
        <vehicle id="cfm-slow_5" eclass="HBEFA3/PC_G_EU4" CO2="20137.78" CO="339.56" HC="2.04" NOx="8.89" PMx="0.48" fuel="8.66" electricity="0.00" noise="78.47" route="routetop" type="cfm-slow" waiting="0.00" lane="top_0" pos="26.80" speed="22.82" angle="226.26" x="12.50" y="109.37"/>
    </timestep>
    <timestep time="3.16">
        <vehicle id="cfm-fast_0" eclass="HBEFA3/PC_G_EU4" CO2="23751.54" CO="417.45" HC="2.49" NOx="10.56" PMx="0.58" fuel="10.21" electricity="0.00" noise="80.55" route="routetop" type="cfm-fast" waiting="0.00" lane="top_0" pos="46.24" speed="24.49" angle="191.37" x="-4.46" y="71.83"/>
        <vehicle id="cfm-fast_1" eclass="HBEFA3/PC_G_EU4" CO2="29102.76" CO="533.41" HC="3.15" NOx="13.04" PMx="0.72" fuel="12.51" electricity="0.00" noise="83.52" route="routetop" type="cfm-fast" waiting="0.00" lane="left_0" pos="13.44" speed="26.15" angle="160.31" x="1.10" y="35.52"/>
        <vehicle id="cfm-fast_2" eclass="HBEFA3/PC_G_EU4" CO2="21828.72" CO="394.52" HC="2.34" NOx="9.56" PMx="0.54" fuel="9.38" electricity="0.00" noise="79.17" route="routetop" type="cfm-fast" waiting="0.00" lane="left_0" pos="32.37" speed="28.29" angle="126.30" x="27.55" y="5.33"/>
        <vehicle id="cfm-fast_3" eclass="HBEFA3/PC_G_EU4" CO2="0.00" CO="0.00" HC="0.00" NOx="0.00" PMx="0.00" fuel="0.00" electricity="0.00" noise="71.98" route="routebottom" type="cfm-fast" waiting="0.00" lane="bottom_0" pos="3.47" speed="28.90" angle="88.27" x="71.21" y="-4.52"/>
        <vehicle id="cfm-fast_4" eclass="HBEFA3/PC_G_EU4" CO2="163150.14" CO="3476.66" HC="19.91" NOx="75.96" PMx="4.31" fuel="70.13" electricity="0.00" noise="135.44" route="routebottom" type="cfm-fast" waiting="0.00" lane="bottom_1" pos="26.73" speed="42.69" angle="46.39" x="112.28" y="20.06"/>
        <vehicle id="cfm-fast_5" eclass="HBEFA3/PC_G_EU4" CO2="0.00" CO="0.00" HC="0.00" NOx="0.00" PMx="0.00" fuel="0.00" electricity="0.00" noise="69.42" route="routebottom" type="cfm-fast" waiting="0.00" lane="bottom_0" pos="27.67" speed="22.94" angle="44.68" x="116.06" y="19.39"/>
        <vehicle id="cfm-slow_0" eclass="HBEFA3/PC_G_EU4" CO2="9396.42" CO="118.20" HC="0.77" NOx="3.89" PMx="0.19" fuel="4.04" electricity="0.00" noise="71.36" route="routebottom" type="cfm-slow" waiting="0.00" lane="bottom_0" pos="44.22" speed="19.64" angle="14.96" x="131.12" y="51.20"/>
        <vehicle id="cfm-slow_1" eclass="HBEFA3/PC_G_EU4" CO2="10200.20" CO="134.63" HC="0.86" NOx="4.27" PMx="0.22" fuel="4.38" electricity="0.00" noise="71.88" route="routebottom" type="cfm-slow" waiting="0.00" lane="right_0" pos="10.10" speed="19.74" angle="346.27" x="128.83" y="85.13"/>
        <vehicle id="cfm-slow_2" eclass="HBEFA3/PC_G_EU4" CO2="11779.56" CO="166.87" HC="1.05" NOx="5.01" PMx="0.26" fuel="5.06" electricity="0.00" noise="72.93" route="routebottom" type="cfm-slow" waiting="0.00" lane="right_0" pos="26.09" speed="20.00" angle="317.53" x="110.48" y="113.80"/>
        <vehicle id="cfm-slow_3" eclass="HBEFA3/PC_G_EU4" CO2="14236.36" CO="217.05" HC="1.34" NOx="6.16" PMx="0.32" fuel="6.12" electricity="0.00" noise="74.62" route="routebottom" type="cfm-slow" waiting="0.00" lane="right_0" pos="42.36" speed="20.54" angle="288.34" x="80.04" y="130.29"/>
        <vehicle id="cfm-slow_4" eclass="HBEFA3/PC_G_EU4" CO2="17173.17" CO="277.41" HC="1.69" NOx="7.52" PMx="0.40" fuel="7.38" electricity="0.00" noise="76.61" route="routetop" type="cfm-slow" waiting="0.00" lane="top_0" pos="9.20" speed="21.49" angle="257.90" x="44.06" y="129.41"/>
        <vehicle id="cfm-slow_5" eclass="HBEFA3/PC_G_EU4" CO2="20120.91" CO="339.25" HC="2.04" NOx="8.88" PMx="0.48" fuel="8.65" electricity="0.00" noise="78.45" route="routetop" type="cfm-slow" waiting="0.00" lane="top_0" pos="27.02" speed="22.84" angle="225.89" x="12.17" y="109.00"/>
    </timestep>
    <timestep time="3.17">
        <vehicle id="cfm-fast_0" eclass="HBEFA3/PC_G_EU4" CO2="23732.52" CO="417.14" HC="2.49" NOx="10.55" PMx="0.58" fuel="10.20" electricity="0.00" noise="80.53" route="routetop" type="cfm-fast" waiting="0.00" lane="top_0" pos="46.49" speed="24.52" angle="190.92" x="-4.51" y="71.30"/>
        <vehicle id="cfm-fast_1" eclass="HBEFA3/PC_G_EU4" CO2="28972.67" CO="530.88" HC="3.14" NOx="12.98" PMx="0.72" fuel="12.45" electricity="0.00" noise="83.43" route="routetop" type="cfm-fast" waiting="0.00" lane="left_0" pos="13.70" speed="26.19" angle="159.82" x="1.33" y="35.01"/>
        <vehicle id="cfm-fast_2" eclass="HBEFA3/PC_G_EU4" CO2="21488.08" CO="387.63" HC="2.30" NOx="9.40" PMx="0.53" fuel="9.24" electricity="0.00" noise="79.00" route="routetop" type="cfm-fast" waiting="0.00" lane="left_0" pos="32.65" speed="28.31" angle="125.78" x="28.07" y="5.01"/>
        <vehicle id="cfm-fast_3" eclass="HBEFA3/PC_G_EU4" CO2="0.00" CO="0.00" HC="0.00" NOx="0.00" PMx="0.00" fuel="0.00" electricity="0.00" noise="71.95" route="routebottom" type="cfm-fast" waiting="0.00" lane="bottom_0" pos="3.76" speed="28.89" angle="87.75" x="71.83" y="-4.46"/>
        <vehicle id="cfm-fast_4" eclass="HBEFA3/PC_G_EU4" CO2="163708.70" CO="3490.62" HC="19.99" NOx="76.22" PMx="4.33" fuel="70.37" electricity="0.00" noise="135.51" route="routebottom" type="cfm-fast" waiting="0.00" lane="bottom_1" pos="27.16" speed="42.83" angle="45.65" x="112.87" y="20.72"/>
        <vehicle id="cfm-fast_5" eclass="HBEFA3/PC_G_EU4" CO2="0.00" CO="0.00" HC="0.00" NOx="0.00" PMx="0.00" fuel="0.00" electricity="0.00" noise="69.41" route="routebottom" type="cfm-fast" waiting="0.00" lane="bottom_0" pos="27.90" speed="22.93" angle="44.25" x="116.38" y="19.77"/>
        <vehicle id="cfm-slow_0" eclass="HBEFA3/PC_G_EU4" CO2="9356.78" CO="117.37" HC="0.76" NOx="3.88" PMx="0.19" fuel="4.02" electricity="0.00" noise="71.34" route="routebottom" type="cfm-slow" waiting="0.00" lane="bottom_0" pos="44.41" speed="19.66" angle="14.59" x="131.20" y="51.61"/>
        <vehicle id="cfm-slow_1" eclass="HBEFA3/PC_G_EU4" CO2="10168.09" CO="133.95" HC="0.86" NOx="4.26" PMx="0.22" fuel="4.37" electricity="0.00" noise="71.86" route="routebottom" type="cfm-slow" waiting="0.00" lane="right_0" pos="10.30" speed="19.76" angle="345.97" x="128.70" y="85.53"/>
        <vehicle id="cfm-slow_2" eclass="HBEFA3/PC_G_EU4" CO2="11755.95" CO="166.37" HC="1.05" NOx="5.00" PMx="0.26" fuel="5.05" electricity="0.00" noise="72.92" route="routebottom" type="cfm-slow" waiting="0.00" lane="right_0" pos="26.29" speed="20.02" angle="317.17" x="110.16" y="114.09"/>
        <vehicle id="cfm-slow_3" eclass="HBEFA3/PC_G_EU4" CO2="14217.23" CO="216.65" HC="1.34" NOx="6.15" PMx="0.32" fuel="6.11" electricity="0.00" noise="74.61" route="routebottom" type="cfm-slow" waiting="0.00" lane="right_0" pos="42.56" speed="20.56" angle="287.97" x="79.61" y="130.39"/>
        <vehicle id="cfm-slow_4" eclass="HBEFA3/PC_G_EU4" CO2="17153.21" CO="277.01" HC="1.68" NOx="7.51" PMx="0.40" fuel="7.37" electricity="0.00" noise="76.59" route="routetop" type="cfm-slow" waiting="0.00" lane="top_0" pos="9.41" speed="21.52" angle="257.51" x="43.62" y="129.27"/>
        <vehicle id="cfm-slow_5" eclass="HBEFA3/PC_G_EU4" CO2="20104.41" CO="338.95" HC="2.04" NOx="8.87" PMx="0.48" fuel="8.64" electricity="0.00" noise="78.44" route="routetop" type="cfm-slow" waiting="0.00" lane="top_0" pos="27.25" speed="22.87" angle="225.46" x="11.85" y="108.62"/>
    </timestep>
    <timestep time="3.18">
        <vehicle id="cfm-fast_0" eclass="HBEFA3/PC_G_EU4" CO2="23713.05" CO="416.83" HC="2.49" NOx="10.54" PMx="0.58" fuel="10.19" electricity="0.00" noise="80.51" route="routetop" type="cfm-fast" waiting="0.00" lane="top_0" pos="46.73" speed="24.55" angle="190.47" x="-4.57" y="70.78"/>
        <vehicle id="cfm-fast_1" eclass="HBEFA3/PC_G_EU4" CO2="28841.09" CO="528.32" HC="3.12" NOx="12.92" PMx="0.71" fuel="12.40" electricity="0.00" noise="83.34" route="routetop" type="cfm-fast" waiting="0.00" lane="left_0" pos="13.96" speed="26.22" angle="159.34" x="1.56" y="34.49"/>
        <vehicle id="cfm-fast_2" eclass="HBEFA3/PC_G_EU4" CO2="21148.32" CO="380.77" HC="2.26" NOx="9.24" PMx="0.52" fuel="9.09" electricity="0.00" noise="78.84" route="routetop" type="cfm-fast" waiting="0.00" lane="left_0" pos="32.94" speed="28.34" angle="125.25" x="28.60" y="4.70"/>
        <vehicle id="cfm-fast_3" eclass="HBEFA3/PC_G_EU4" CO2="0.00" CO="0.00" HC="0.00" NOx="0.00" PMx="0.00" fuel="0.00" electricity="0.00" noise="71.93" route="routebottom" type="cfm-fast" waiting="0.00" lane="bottom_0" pos="4.05" speed="28.87" angle="87.24" x="72.45" y="-4.38"/>
        <vehicle id="cfm-fast_4" eclass="HBEFA3/PC_G_EU4" CO2="164267.56" CO="3504.60" HC="20.07" NOx="76.48" PMx="4.34" fuel="70.61" electricity="0.00" noise="135.57" route="routebottom" type="cfm-fast" waiting="0.00" lane="bottom_1" pos="27.59" speed="42.97" angle="44.83" x="113.43" y="21.40"/>
        <vehicle id="cfm-fast_5" eclass="HBEFA3/PC_G_EU4" CO2="0.00" CO="0.00" HC="0.00" NOx="0.00" PMx="0.00" fuel="0.00" electricity="0.00" noise="69.40" route="routebottom" type="cfm-fast" waiting="0.00" lane="bottom_0" pos="28.13" speed="22.93" angle="43.85" x="116.70" y="20.14"/>
        <vehicle id="cfm-slow_0" eclass="HBEFA3/PC_G_EU4" CO2="9317.59" CO="116.55" HC="0.76" NOx="3.86" PMx="0.19" fuel="4.01" electricity="0.00" noise="71.32" route="routebottom" type="cfm-slow" waiting="0.00" lane="bottom_0" pos="44.61" speed="19.67" angle="14.22" x="131.27" y="52.03"/>
        <vehicle id="cfm-slow_1" eclass="HBEFA3/PC_G_EU4" CO2="10136.44" CO="133.29" HC="0.85" NOx="4.24" PMx="0.21" fuel="4.36" electricity="0.00" noise="71.84" route="routebottom" type="cfm-slow" waiting="0.00" lane="right_0" pos="10.50" speed="19.77" angle="345.59" x="128.56" y="85.93"/>
        <vehicle id="cfm-slow_2" eclass="HBEFA3/PC_G_EU4" CO2="11732.74" CO="165.88" HC="1.04" NOx="4.99" PMx="0.26" fuel="5.04" electricity="0.00" noise="72.91" route="routebottom" type="cfm-slow" waiting="0.00" lane="right_0" pos="26.49" speed="20.03" angle="316.80" x="109.84" y="114.39"/>
        <vehicle id="cfm-slow_3" eclass="HBEFA3/PC_G_EU4" CO2="14198.45" CO="216.25" HC="1.33" NOx="6.14" PMx="0.32" fuel="6.10" electricity="0.00" noise="74.60" route="routebottom" type="cfm-slow" waiting="0.00" lane="right_0" pos="42.77" speed="20.58" angle="287.59" x="79.18" y="130.48"/>
        <vehicle id="cfm-slow_4" eclass="HBEFA3/PC_G_EU4" CO2="17133.63" CO="276.61" HC="1.68" NOx="7.50" PMx="0.40" fuel="7.36" electricity="0.00" noise="76.58" route="routetop" type="cfm-slow" waiting="0.00" lane="top_0" pos="9.63" speed="21.54" angle="257.12" x="43.18" y="129.14"/>
        <vehicle id="cfm-slow_5" eclass="HBEFA3/PC_G_EU4" CO2="20088.26" CO="338.66" HC="2.04" NOx="8.86" PMx="0.48" fuel="8.63" electricity="0.00" noise="78.42" route="routetop" type="cfm-slow" waiting="0.00" lane="top_0" pos="27.48" speed="22.90" angle="225.03" x="11.53" y="108.25"/>
    </timestep>
    <timestep time="3.19">
        <vehicle id="cfm-fast_0" eclass="HBEFA3/PC_G_EU4" CO2="23693.12" CO="416.51" HC="2.49" NOx="10.53" PMx="0.58" fuel="10.18" electricity="0.00" noise="80.49" route="routetop" type="cfm-fast" waiting="0.00" lane="top_0" pos="46.98" speed="24.58" angle="190.02" x="-4.62" y="70.25"/>
        <vehicle id="cfm-fast_1" eclass="HBEFA3/PC_G_EU4" CO2="28708.04" CO="525.73" HC="3.11" NOx="12.85" PMx="0.71" fuel="12.34" electricity="0.00" noise="83.25" route="routetop" type="cfm-fast" waiting="0.00" lane="left_0" pos="14.22" speed="26.26" angle="158.91" x="1.80" y="33.98"/>
        <vehicle id="cfm-fast_2" eclass="HBEFA3/PC_G_EU4" CO2="20809.47" CO="373.92" HC="2.22" NOx="9.08" PMx="0.51" fuel="8.94" electricity="0.00" noise="78.67" route="routetop" type="cfm-fast" waiting="0.00" lane="left_0" pos="33.22" speed="28.36" angle="124.72" x="29.12" y="4.38"/>
        <vehicle id="cfm-fast_3" eclass="HBEFA3/PC_G_EU4" CO2="0.00" CO="0.00" HC="0.00" NOx="0.00" PMx="0.00" fuel="0.00" electricity="0.00" noise="71.91" route="routebottom" type="cfm-fast" waiting="0.00" lane="bottom_0" pos="4.34" speed="28.86" angle="86.72" x="73.06" y="-4.29"/>
        <vehicle id="cfm-fast_4" eclass="HBEFA3/PC_G_EU4" CO2="164826.71" CO="3518.61" HC="20.15" NOx="76.74" PMx="4.36" fuel="70.85" electricity="0.00" noise="135.64" route="routebottom" type="cfm-fast" waiting="0.00" lane="bottom_1" pos="28.02" speed="43.10" angle="44.01" x="114.00" y="22.07"/>
        <vehicle id="cfm-fast_5" eclass="HBEFA3/PC_G_EU4" CO2="0.00" CO="0.00" HC="0.00" NOx="0.00" PMx="0.00" fuel="0.00" electricity="0.00" noise="69.39" route="routebottom" type="cfm-fast" waiting="0.00" lane="bottom_0" pos="28.36" speed="22.92" angle="43.46" x="117.00" y="20.53"/>
        <vehicle id="cfm-slow_0" eclass="HBEFA3/PC_G_EU4" CO2="9278.84" CO="115.74" HC="0.75" NOx="3.84" PMx="0.19" fuel="3.99" electricity="0.00" noise="71.30" route="routebottom" type="cfm-slow" waiting="0.00" lane="bottom_0" pos="44.81" speed="19.68" angle="13.87" x="131.35" y="52.45"/>
        <vehicle id="cfm-slow_1" eclass="HBEFA3/PC_G_EU4" CO2="10105.24" CO="132.63" HC="0.85" NOx="4.23" PMx="0.21" fuel="4.34" electricity="0.00" noise="71.82" route="routebottom" type="cfm-slow" waiting="0.00" lane="right_0" pos="10.69" speed="19.78" angle="345.21" x="128.41" y="86.33"/>
        <vehicle id="cfm-slow_2" eclass="HBEFA3/PC_G_EU4" CO2="11709.94" CO="165.39" HC="1.04" NOx="4.98" PMx="0.26" fuel="5.03" electricity="0.00" noise="72.89" route="routebottom" type="cfm-slow" waiting="0.00" lane="right_0" pos="26.69" speed="20.05" angle="316.44" x="109.53" y="114.68"/>
        <vehicle id="cfm-slow_3" eclass="HBEFA3/PC_G_EU4" CO2="14180.03" CO="215.86" HC="1.33" NOx="6.13" PMx="0.32" fuel="6.10" electricity="0.00" noise="74.59" route="routebottom" type="cfm-slow" waiting="0.00" lane="right_0" pos="42.98" speed="20.61" angle="287.22" x="78.75" y="130.58"/>
        <vehicle id="cfm-slow_4" eclass="HBEFA3/PC_G_EU4" CO2="17114.44" CO="276.23" HC="1.68" NOx="7.49" PMx="0.40" fuel="7.36" electricity="0.00" noise="76.56" route="routetop" type="cfm-slow" waiting="0.00" lane="top_0" pos="9.84" speed="21.57" angle="256.73" x="42.73" y="129.00"/>
        <vehicle id="cfm-slow_5" eclass="HBEFA3/PC_G_EU4" CO2="20072.45" CO="338.37" HC="2.04" NOx="8.86" PMx="0.48" fuel="8.63" electricity="0.00" noise="78.41" route="routetop" type="cfm-slow" waiting="0.00" lane="top_0" pos="27.71" speed="22.93" angle="224.60" x="11.21" y="107.87"/>
    </timestep>
    <timestep time="3.20">
        <vehicle id="cfm-fast_0" eclass="HBEFA3/PC_G_EU4" CO2="23672.71" CO="416.17" HC="2.48" NOx="10.52" PMx="0.58" fuel="10.18" electricity="0.00" noise="80.47" route="routetop" type="cfm-fast" waiting="0.00" lane="top_0" pos="47.22" speed="24.61" angle="189.57" x="-4.67" y="69.72"/>
        <vehicle id="cfm-fast_1" eclass="HBEFA3/PC_G_EU4" CO2="28573.54" CO="523.11" HC="3.09" NOx="12.79" PMx="0.71" fuel="12.28" electricity="0.00" noise="83.16" route="routetop" type="cfm-fast" waiting="0.00" lane="left_0" pos="14.49" speed="26.29" angle="158.41" x="2.06" y="33.47"/>
        <vehicle id="cfm-fast_2" eclass="HBEFA3/PC_G_EU4" CO2="20471.59" CO="367.09" HC="2.18" NOx="8.92" PMx="0.50" fuel="8.80" electricity="0.00" noise="78.51" route="routetop" type="cfm-fast" waiting="0.00" lane="left_0" pos="33.50" speed="28.38" angle="124.25" x="29.65" y="4.08"/>
        <vehicle id="cfm-fast_3" eclass="HBEFA3/PC_G_EU4" CO2="0.00" CO="0.00" HC="0.00" NOx="0.00" PMx="0.00" fuel="0.00" electricity="0.00" noise="71.89" route="routebottom" type="cfm-fast" waiting="0.00" lane="bottom_0" pos="4.63" speed="28.84" angle="86.20" x="73.68" y="-4.21"/>
        <vehicle id="cfm-fast_4" eclass="HBEFA3/PC_G_EU4" CO2="165386.16" CO="3532.64" HC="20.23" NOx="77.00" PMx="4.38" fuel="71.09" electricity="0.00" noise="135.70" route="routebottom" type="cfm-fast" waiting="0.00" lane="bottom_1" pos="28.46" speed="43.24" angle="43.26" x="114.56" y="22.76"/>
        <vehicle id="cfm-fast_5" eclass="HBEFA3/PC_G_EU4" CO2="0.00" CO="0.00" HC="0.00" NOx="0.00" PMx="0.00" fuel="0.00" electricity="0.00" noise="69.38" route="routebottom" type="cfm-fast" waiting="0.00" lane="bottom_0" pos="28.59" speed="22.91" angle="43.03" x="117.31" y="20.92"/>
        <vehicle id="cfm-slow_0" eclass="HBEFA3/PC_G_EU4" CO2="9240.53" CO="114.93" HC="0.75" NOx="3.82" PMx="0.19" fuel="3.97" electricity="0.00" noise="71.28" route="routebottom" type="cfm-slow" waiting="0.00" lane="bottom_0" pos="45.00" speed="19.69" angle="13.55" x="131.42" y="52.86"/>
        <vehicle id="cfm-slow_1" eclass="HBEFA3/PC_G_EU4" CO2="10074.49" CO="131.98" HC="0.85" NOx="4.21" PMx="0.21" fuel="4.33" electricity="0.00" noise="71.81" route="routebottom" type="cfm-slow" waiting="0.00" lane="right_0" pos="10.89" speed="19.80" angle="344.84" x="128.27" y="86.73"/>
        <vehicle id="cfm-slow_2" eclass="HBEFA3/PC_G_EU4" CO2="11687.55" CO="164.92" HC="1.04" NOx="4.97" PMx="0.26" fuel="5.02" electricity="0.00" noise="72.88" route="routebottom" type="cfm-slow" waiting="0.00" lane="right_0" pos="26.89" speed="20.06" angle="316.12" x="109.21" y="114.97"/>
        <vehicle id="cfm-slow_3" eclass="HBEFA3/PC_G_EU4" CO2="14161.95" CO="215.48" HC="1.33" NOx="6.12" PMx="0.32" fuel="6.09" electricity="0.00" noise="74.57" route="routebottom" type="cfm-slow" waiting="0.00" lane="right_0" pos="43.18" speed="20.63" angle="286.84" x="78.31" y="130.68"/>
        <vehicle id="cfm-slow_4" eclass="HBEFA3/PC_G_EU4" CO2="17095.63" CO="275.85" HC="1.68" NOx="7.48" PMx="0.40" fuel="7.35" electricity="0.00" noise="76.55" route="routetop" type="cfm-slow" waiting="0.00" lane="top_0" pos="10.06" speed="21.59" angle="256.33" x="42.29" y="128.86"/>
        <vehicle id="cfm-slow_5" eclass="HBEFA3/PC_G_EU4" CO2="20056.98" CO="338.09" HC="2.04" NOx="8.85" PMx="0.48" fuel="8.62" electricity="0.00" noise="78.40" route="routetop" type="cfm-slow" waiting="0.00" lane="top_0" pos="27.94" speed="22.95" angle="224.17" x="10.89" y="107.50"/>
    </timestep>
    <timestep time="3.21">
        <vehicle id="cfm-fast_0" eclass="HBEFA3/PC_G_EU4" CO2="23651.83" CO="415.83" HC="2.48" NOx="10.51" PMx="0.57" fuel="10.17" electricity="0.00" noise="80.46" route="routetop" type="cfm-fast" waiting="0.00" lane="top_0" pos="47.47" speed="24.64" angle="189.17" x="-4.73" y="69.20"/>
        <vehicle id="cfm-fast_1" eclass="HBEFA3/PC_G_EU4" CO2="28437.59" CO="520.46" HC="3.08" NOx="12.73" PMx="0.70" fuel="12.22" electricity="0.00" noise="83.07" route="routetop" type="cfm-fast" waiting="0.00" lane="left_0" pos="14.75" speed="26.33" angle="157.92" x="2.31" y="32.97"/>
        <vehicle id="cfm-fast_2" eclass="HBEFA3/PC_G_EU4" CO2="20134.71" CO="360.27" HC="2.14" NOx="8.76" PMx="0.49" fuel="8.65" electricity="0.00" noise="78.35" route="routetop" type="cfm-fast" waiting="0.00" lane="left_0" pos="33.79" speed="28.40" angle="123.73" x="30.18" y="3.79"/>
        <vehicle id="cfm-fast_3" eclass="HBEFA3/PC_G_EU4" CO2="0.00" CO="0.00" HC="0.00" NOx="0.00" PMx="0.00" fuel="0.00" electricity="0.00" noise="71.87" route="routebottom" type="cfm-fast" waiting="0.00" lane="bottom_0" pos="4.91" speed="28.82" angle="85.68" x="74.29" y="-4.12"/>
        <vehicle id="cfm-fast_4" eclass="HBEFA3/PC_G_EU4" CO2="165945.89" CO="3546.68" HC="20.30" NOx="77.26" PMx="4.39" fuel="71.33" electricity="0.00" noise="135.77" route="routebottom" type="cfm-fast" waiting="0.00" lane="bottom_1" pos="28.89" speed="43.38" angle="42.45" x="115.11" y="23.46"/>
        <vehicle id="cfm-fast_5" eclass="HBEFA3/PC_G_EU4" CO2="0.00" CO="0.00" HC="0.00" NOx="0.00" PMx="0.00" fuel="0.00" electricity="0.00" noise="69.37" route="routebottom" type="cfm-fast" waiting="0.00" lane="bottom_0" pos="28.82" speed="22.91" angle="42.61" x="117.61" y="21.30"/>
        <vehicle id="cfm-slow_0" eclass="HBEFA3/PC_G_EU4" CO2="9202.66" CO="114.14" HC="0.74" NOx="3.80" PMx="0.19" fuel="3.96" electricity="0.00" noise="71.26" route="routebottom" type="cfm-slow" waiting="0.00" lane="bottom_0" pos="45.20" speed="19.70" angle="13.20" x="131.48" y="53.28"/>
        <vehicle id="cfm-slow_1" eclass="HBEFA3/PC_G_EU4" CO2="10044.18" CO="131.34" HC="0.84" NOx="4.20" PMx="0.21" fuel="4.32" electricity="0.00" noise="71.79" route="routebottom" type="cfm-slow" waiting="0.00" lane="right_0" pos="11.09" speed="19.81" angle="344.46" x="128.12" y="87.13"/>
        <vehicle id="cfm-slow_2" eclass="HBEFA3/PC_G_EU4" CO2="11665.56" CO="164.45" HC="1.03" NOx="4.95" PMx="0.25" fuel="5.01" electricity="0.00" noise="72.87" route="routebottom" type="cfm-slow" waiting="0.00" lane="right_0" pos="27.10" speed="20.08" angle="315.76" x="108.88" y="115.25"/>
        <vehicle id="cfm-slow_3" eclass="HBEFA3/PC_G_EU4" CO2="14144.22" CO="215.11" HC="1.33" NOx="6.11" PMx="0.32" fuel="6.08" electricity="0.00" noise="74.56" route="routebottom" type="cfm-slow" waiting="0.00" lane="right_0" pos="43.39" speed="20.65" angle="286.46" x="77.88" y="130.78"/>
        <vehicle id="cfm-slow_4" eclass="HBEFA3/PC_G_EU4" CO2="17077.20" CO="275.48" HC="1.68" NOx="7.47" PMx="0.40" fuel="7.34" electricity="0.00" noise="76.53" route="routetop" type="cfm-slow" waiting="0.00" lane="top_0" pos="10.27" speed="21.62" angle="256.00" x="41.85" y="128.72"/>
        <vehicle id="cfm-slow_5" eclass="HBEFA3/PC_G_EU4" CO2="20041.84" CO="337.82" HC="2.03" NOx="8.84" PMx="0.48" fuel="8.61" electricity="0.00" noise="78.38" route="routetop" type="cfm-slow" waiting="0.00" lane="top_0" pos="28.17" speed="22.98" angle="223.79" x="10.57" y="107.12"/>
    </timestep>
    <timestep time="3.22">
        <vehicle id="cfm-fast_0" eclass="HBEFA3/PC_G_EU4" CO2="23630.44" CO="415.48" HC="2.48" NOx="10.49" PMx="0.57" fuel="10.16" electricity="0.00" noise="80.44" route="routetop" type="cfm-fast" waiting="0.00" lane="top_0" pos="47.72" speed="24.67" angle="188.71" x="-4.76" y="68.67"/>
        <vehicle id="cfm-fast_1" eclass="HBEFA3/PC_G_EU4" CO2="28300.22" CO="517.78" HC="3.06" NOx="12.66" PMx="0.70" fuel="12.16" electricity="0.00" noise="82.98" route="routetop" type="cfm-fast" waiting="0.00" lane="left_0" pos="15.01" speed="26.36" angle="157.43" x="2.56" y="32.46"/>
        <vehicle id="cfm-fast_2" eclass="HBEFA3/PC_G_EU4" CO2="19798.87" CO="353.48" HC="2.11" NOx="8.60" PMx="0.49" fuel="8.51" electricity="0.00" noise="78.19" route="routetop" type="cfm-fast" waiting="0.00" lane="left_0" pos="34.07" speed="28.42" angle="123.21" x="30.72" y="3.49"/>
        <vehicle id="cfm-fast_3" eclass="HBEFA3/PC_G_EU4" CO2="0.00" CO="0.00" HC="0.00" NOx="0.00" PMx="0.00" fuel="0.00" electricity="0.00" noise="71.85" route="routebottom" type="cfm-fast" waiting="0.00" lane="bottom_0" pos="5.20" speed="28.81" angle="85.12" x="74.90" y="-4.03"/>
        <vehicle id="cfm-fast_4" eclass="HBEFA3/PC_G_EU4" CO2="166505.92" CO="3560.75" HC="20.38" NOx="77.52" PMx="4.41" fuel="71.57" electricity="0.00" noise="135.84" route="routebottom" type="cfm-fast" waiting="0.00" lane="bottom_1" pos="29.32" speed="43.51" angle="41.65" x="115.66" y="24.16"/>
        <vehicle id="cfm-fast_5" eclass="HBEFA3/PC_G_EU4" CO2="0.00" CO="0.00" HC="0.00" NOx="0.00" PMx="0.00" fuel="0.00" electricity="0.00" noise="69.36" route="routebottom" type="cfm-fast" waiting="0.00" lane="bottom_0" pos="29.05" speed="22.90" angle="42.18" x="117.92" y="21.69"/>
        <vehicle id="cfm-slow_0" eclass="HBEFA3/PC_G_EU4" CO2="9165.22" CO="113.36" HC="0.74" NOx="3.78" PMx="0.19" fuel="3.94" electricity="0.00" noise="71.24" route="routebottom" type="cfm-slow" waiting="0.00" lane="bottom_0" pos="45.40" speed="19.72" angle="12.84" x="131.54" y="53.70"/>
        <vehicle id="cfm-slow_1" eclass="HBEFA3/PC_G_EU4" CO2="10014.32" CO="130.71" HC="0.84" NOx="4.18" PMx="0.21" fuel="4.30" electricity="0.00" noise="71.78" route="routebottom" type="cfm-slow" waiting="0.00" lane="right_0" pos="11.29" speed="19.82" angle="344.08" x="127.98" y="87.53"/>
        <vehicle id="cfm-slow_2" eclass="HBEFA3/PC_G_EU4" CO2="11643.97" CO="163.99" HC="1.03" NOx="4.94" PMx="0.25" fuel="5.01" electricity="0.00" noise="72.86" route="routebottom" type="cfm-slow" waiting="0.00" lane="right_0" pos="27.30" speed="20.10" angle="315.38" x="108.55" y="115.53"/>
        <vehicle id="cfm-slow_3" eclass="HBEFA3/PC_G_EU4" CO2="14126.84" CO="214.74" HC="1.33" NOx="6.10" PMx="0.32" fuel="6.07" electricity="0.00" noise="74.55" route="routebottom" type="cfm-slow" waiting="0.00" lane="right_0" pos="43.59" speed="20.67" angle="286.13" x="77.45" y="130.87"/>
        <vehicle id="cfm-slow_4" eclass="HBEFA3/PC_G_EU4" CO2="17059.15" CO="275.11" HC="1.67" NOx="7.46" PMx="0.40" fuel="7.33" electricity="0.00" noise="76.52" route="routetop" type="cfm-slow" waiting="0.00" lane="top_0" pos="10.49" speed="21.64" angle="255.59" x="41.41" y="128.56"/>
        <vehicle id="cfm-slow_5" eclass="HBEFA3/PC_G_EU4" CO2="20027.02" CO="337.56" HC="2.03" NOx="8.83" PMx="0.48" fuel="8.61" electricity="0.00" noise="78.37" route="routetop" type="cfm-slow" waiting="0.00" lane="top_0" pos="28.40" speed="23.01" angle="223.39" x="10.26" y="106.74"/>
    </timestep>
    <timestep time="3.23">
        <vehicle id="cfm-fast_0" eclass="HBEFA3/PC_G_EU4" CO2="23608.54" CO="415.12" HC="2.48" NOx="10.48" PMx="0.57" fuel="10.15" electricity="0.00" noise="80.42" route="routetop" type="cfm-fast" waiting="0.00" lane="top_0" pos="47.96" speed="24.70" angle="188.23" x="-4.79" y="68.14"/>
        <vehicle id="cfm-fast_1" eclass="HBEFA3/PC_G_EU4" CO2="28161.45" CO="515.07" HC="3.05" NOx="12.59" PMx="0.70" fuel="12.11" electricity="0.00" noise="82.88" route="routetop" type="cfm-fast" waiting="0.00" lane="left_0" pos="15.28" speed="26.39" angle="156.95" x="2.82" y="31.95"/>
        <vehicle id="cfm-fast_2" eclass="HBEFA3/PC_G_EU4" CO2="19464.11" CO="346.70" HC="2.07" NOx="8.44" PMx="0.48" fuel="8.37" electricity="0.00" noise="78.03" route="routetop" type="cfm-fast" waiting="0.00" lane="left_0" pos="34.36" speed="28.44" angle="122.69" x="31.26" y="3.19"/>
        <vehicle id="cfm-fast_3" eclass="HBEFA3/PC_G_EU4" CO2="0.00" CO="0.00" HC="0.00" NOx="0.00" PMx="0.00" fuel="0.00" electricity="0.00" noise="71.83" route="routebottom" type="cfm-fast" waiting="0.00" lane="bottom_0" pos="5.49" speed="28.79" angle="84.59" x="75.51" y="-3.91"/>
        <vehicle id="cfm-fast_4" eclass="HBEFA3/PC_G_EU4" CO2="167066.23" CO="3574.85" HC="20.46" NOx="77.79" PMx="4.42" fuel="71.81" electricity="0.00" noise="135.90" route="routebottom" type="cfm-fast" waiting="0.00" lane="bottom_1" pos="29.76" speed="43.65" angle="40.92" x="116.20" y="24.88"/>
        <vehicle id="cfm-fast_5" eclass="HBEFA3/PC_G_EU4" CO2="0.00" CO="0.00" HC="0.00" NOx="0.00" PMx="0.00" fuel="0.00" electricity="0.00" noise="69.35" route="routebottom" type="cfm-fast" waiting="0.00" lane="bottom_0" pos="29.28" speed="22.89" angle="41.76" x="118.22" y="22.08"/>
        <vehicle id="cfm-slow_0" eclass="HBEFA3/PC_G_EU4" CO2="9128.22" CO="112.58" HC="0.74" NOx="3.77" PMx="0.19" fuel="3.92" electricity="0.00" noise="71.22" route="routebottom" type="cfm-slow" waiting="0.00" lane="bottom_0" pos="45.59" speed="19.73" angle="12.48" x="131.60" y="54.12"/>
        <vehicle id="cfm-slow_1" eclass="HBEFA3/PC_G_EU4" CO2="9984.89" CO="130.09" HC="0.84" NOx="4.17" PMx="0.21" fuel="4.29" electricity="0.00" noise="71.76" route="routebottom" type="cfm-slow" waiting="0.00" lane="right_0" pos="11.49" speed="19.84" angle="343.75" x="127.83" y="87.93"/>
        <vehicle id="cfm-slow_2" eclass="HBEFA3/PC_G_EU4" CO2="11622.78" CO="163.54" HC="1.03" NOx="4.93" PMx="0.25" fuel="5.00" electricity="0.00" noise="72.84" route="routebottom" type="cfm-slow" waiting="0.00" lane="right_0" pos="27.50" speed="20.11" angle="315.00" x="108.22" y="115.81"/>
        <vehicle id="cfm-slow_3" eclass="HBEFA3/PC_G_EU4" CO2="14109.79" CO="214.38" HC="1.32" NOx="6.09" PMx="0.32" fuel="6.07" electricity="0.00" noise="74.54" route="routebottom" type="cfm-slow" waiting="0.00" lane="right_0" pos="43.80" speed="20.69" angle="285.75" x="77.01" y="130.96"/>
        <vehicle id="cfm-slow_4" eclass="HBEFA3/PC_G_EU4" CO2="17041.47" CO="274.76" HC="1.67" NOx="7.45" PMx="0.40" fuel="7.33" electricity="0.00" noise="76.51" route="routetop" type="cfm-slow" waiting="0.00" lane="top_0" pos="10.71" speed="21.66" angle="255.18" x="40.97" y="128.40"/>
        <vehicle id="cfm-slow_5" eclass="HBEFA3/PC_G_EU4" CO2="20012.50" CO="337.30" HC="2.03" NOx="8.82" PMx="0.48" fuel="8.60" electricity="0.00" noise="78.36" route="routetop" type="cfm-slow" waiting="0.00" lane="top_0" pos="28.63" speed="23.04" angle="222.97" x="9.96" y="106.35"/>
    </timestep>
    <timestep time="3.24">
        <vehicle id="cfm-fast_0" eclass="HBEFA3/PC_G_EU4" CO2="23586.12" CO="414.74" HC="2.47" NOx="10.47" PMx="0.57" fuel="10.14" electricity="0.00" noise="80.40" route="routetop" type="cfm-fast" waiting="0.00" lane="top_0" pos="48.21" speed="24.73" angle="187.76" x="-4.82" y="67.61"/>
        <vehicle id="cfm-fast_1" eclass="HBEFA3/PC_G_EU4" CO2="28021.28" CO="512.34" HC="3.03" NOx="12.53" PMx="0.69" fuel="12.04" electricity="0.00" noise="82.79" route="routetop" type="cfm-fast" waiting="0.00" lane="left_0" pos="15.54" speed="26.43" angle="156.51" x="3.09" y="31.45"/>
        <vehicle id="cfm-fast_2" eclass="HBEFA3/PC_G_EU4" CO2="19130.47" CO="339.94" HC="2.03" NOx="8.29" PMx="0.47" fuel="8.22" electricity="0.00" noise="77.88" route="routetop" type="cfm-fast" waiting="0.00" lane="left_0" pos="34.64" speed="28.46" angle="122.22" x="31.79" y="2.90"/>
        <vehicle id="cfm-fast_3" eclass="HBEFA3/PC_G_EU4" CO2="0.00" CO="0.00" HC="0.00" NOx="0.00" PMx="0.00" fuel="0.00" electricity="0.00" noise="71.81" route="routebottom" type="cfm-fast" waiting="0.00" lane="bottom_0" pos="5.78" speed="28.77" angle="84.07" x="76.12" y="-3.80"/>
        <vehicle id="cfm-fast_4" eclass="HBEFA3/PC_G_EU4" CO2="167626.84" CO="3588.96" HC="20.54" NOx="78.05" PMx="4.44" fuel="72.05" electricity="0.00" noise="135.97" route="routebottom" type="cfm-fast" waiting="0.00" lane="bottom_1" pos="30.20" speed="43.78" angle="40.13" x="116.72" y="25.61"/>
        <vehicle id="cfm-fast_5" eclass="HBEFA3/PC_G_EU4" CO2="0.00" CO="0.00" HC="0.00" NOx="0.00" PMx="0.00" fuel="0.00" electricity="0.00" noise="69.34" route="routebottom" type="cfm-fast" waiting="0.00" lane="bottom_0" pos="29.51" speed="22.89" angle="41.40" x="118.52" y="22.47"/>
        <vehicle id="cfm-slow_0" eclass="HBEFA3/PC_G_EU4" CO2="9091.65" CO="111.81" HC="0.73" NOx="3.75" PMx="0.19" fuel="3.91" electricity="0.00" noise="71.20" route="routebottom" type="cfm-slow" waiting="0.00" lane="bottom_0" pos="45.79" speed="19.74" angle="12.12" x="131.66" y="54.54"/>
        <vehicle id="cfm-slow_1" eclass="HBEFA3/PC_G_EU4" CO2="9955.90" CO="129.48" HC="0.83" NOx="4.15" PMx="0.21" fuel="4.28" electricity="0.00" noise="71.75" route="routebottom" type="cfm-slow" waiting="0.00" lane="right_0" pos="11.68" speed="19.85" angle="343.40" x="127.67" y="88.33"/>
        <vehicle id="cfm-slow_2" eclass="HBEFA3/PC_G_EU4" CO2="11601.98" CO="163.10" HC="1.03" NOx="4.92" PMx="0.25" fuel="4.99" electricity="0.00" noise="72.83" route="routebottom" type="cfm-slow" waiting="0.00" lane="right_0" pos="27.70" speed="20.13" angle="314.63" x="107.89" y="116.09"/>
        <vehicle id="cfm-slow_3" eclass="HBEFA3/PC_G_EU4" CO2="14093.10" CO="214.03" HC="1.32" NOx="6.09" PMx="0.32" fuel="6.06" electricity="0.00" noise="74.53" route="routebottom" type="cfm-slow" waiting="0.00" lane="right_0" pos="44.01" speed="20.71" angle="285.35" x="76.57" y="131.04"/>
        <vehicle id="cfm-slow_4" eclass="HBEFA3/PC_G_EU4" CO2="17024.17" CO="274.42" HC="1.67" NOx="7.45" PMx="0.40" fuel="7.32" electricity="0.00" noise="76.49" route="routetop" type="cfm-slow" waiting="0.00" lane="top_0" pos="10.92" speed="21.69" angle="254.77" x="40.53" y="128.24"/>
        <vehicle id="cfm-slow_5" eclass="HBEFA3/PC_G_EU4" CO2="19998.29" CO="337.05" HC="2.03" NOx="8.82" PMx="0.48" fuel="8.60" electricity="0.00" noise="78.34" route="routetop" type="cfm-slow" waiting="0.00" lane="top_0" pos="28.86" speed="23.06" angle="222.55" x="9.65" y="105.96"/>
    </timestep>
    <timestep time="3.25">
        <vehicle id="cfm-fast_0" eclass="HBEFA3/PC_G_EU4" CO2="23563.17" CO="414.36" HC="2.47" NOx="10.46" PMx="0.57" fuel="10.13" electricity="0.00" noise="80.38" route="routetop" type="cfm-fast" waiting="0.00" lane="top_0" pos="48.46" speed="24.76" angle="187.29" x="-4.85" y="67.07"/>
        <vehicle id="cfm-fast_1" eclass="HBEFA3/PC_G_EU4" CO2="27879.73" CO="509.57" HC="3.01" NOx="12.46" PMx="0.69" fuel="11.98" electricity="0.00" noise="82.70" route="routetop" type="cfm-fast" waiting="0.00" lane="left_0" pos="15.80" speed="26.46" angle="156.02" x="3.36" y="30.95"/>
        <vehicle id="cfm-fast_2" eclass="HBEFA3/PC_G_EU4" CO2="18798.00" CO="333.21" HC="1.99" NOx="8.13" PMx="0.46" fuel="8.08" electricity="0.00" noise="77.73" route="routetop" type="cfm-fast" waiting="0.00" lane="left_0" pos="34.93" speed="28.47" angle="121.70" x="32.34" y="2.63"/>
        <vehicle id="cfm-fast_3" eclass="HBEFA3/PC_G_EU4" CO2="0.00" CO="0.00" HC="0.00" NOx="0.00" PMx="0.00" fuel="0.00" electricity="0.00" noise="71.79" route="routebottom" type="cfm-fast" waiting="0.00" lane="bottom_0" pos="6.07" speed="28.76" angle="83.54" x="76.73" y="-3.69"/>
        <vehicle id="cfm-fast_4" eclass="HBEFA3/PC_G_EU4" CO2="168187.75" CO="3603.09" HC="20.62" NOx="78.31" PMx="4.46" fuel="72.30" electricity="0.00" noise="136.03" route="routebottom" type="cfm-fast" waiting="0.00" lane="bottom_1" pos="30.64" speed="43.92" angle="39.34" x="117.25" y="26.34"/>
        <vehicle id="cfm-fast_5" eclass="HBEFA3/PC_G_EU4" CO2="0.00" CO="0.00" HC="0.00" NOx="0.00" PMx="0.00" fuel="0.00" electricity="0.00" noise="69.33" route="routebottom" type="cfm-fast" waiting="0.00" lane="bottom_0" pos="29.73" speed="22.88" angle="40.98" x="118.81" y="22.87"/>
        <vehicle id="cfm-slow_0" eclass="HBEFA3/PC_G_EU4" CO2="9055.51" CO="111.06" HC="0.73" NOx="3.73" PMx="0.19" fuel="3.89" electricity="0.00" noise="71.18" route="routebottom" type="cfm-slow" waiting="0.00" lane="bottom_0" pos="45.99" speed="19.75" angle="11.77" x="131.72" y="54.96"/>
        <vehicle id="cfm-slow_1" eclass="HBEFA3/PC_G_EU4" CO2="9927.35" CO="128.88" HC="0.83" NOx="4.14" PMx="0.21" fuel="4.27" electricity="0.00" noise="71.73" route="routebottom" type="cfm-slow" waiting="0.00" lane="right_0" pos="11.88" speed="19.86" angle="343.04" x="127.51" y="88.73"/>
        <vehicle id="cfm-slow_2" eclass="HBEFA3/PC_G_EU4" CO2="11581.57" CO="162.66" HC="1.02" NOx="4.91" PMx="0.25" fuel="4.98" electricity="0.00" noise="72.82" route="routebottom" type="cfm-slow" waiting="0.00" lane="right_0" pos="27.90" speed="20.15" angle="314.25" x="107.56" y="116.37"/>
        <vehicle id="cfm-slow_3" eclass="HBEFA3/PC_G_EU4" CO2="14076.74" CO="213.69" HC="1.32" NOx="6.08" PMx="0.32" fuel="6.05" electricity="0.00" noise="74.52" route="routebottom" type="cfm-slow" waiting="0.00" lane="right_0" pos="44.22" speed="20.73" angle="284.96" x="76.13" y="131.12"/>
        <vehicle id="cfm-slow_4" eclass="HBEFA3/PC_G_EU4" CO2="17007.23" CO="274.08" HC="1.67" NOx="7.44" PMx="0.40" fuel="7.31" electricity="0.00" noise="76.48" route="routetop" type="cfm-slow" waiting="0.00" lane="top_0" pos="11.14" speed="21.71" angle="254.36" x="40.09" y="128.09"/>
        <vehicle id="cfm-slow_5" eclass="HBEFA3/PC_G_EU4" CO2="19984.36" CO="336.81" HC="2.03" NOx="8.81" PMx="0.48" fuel="8.59" electricity="0.00" noise="78.33" route="routetop" type="cfm-slow" waiting="0.00" lane="top_0" pos="29.09" speed="23.09" angle="222.13" x="9.35" y="105.56"/>
    </timestep>
    <timestep time="3.26">
        <vehicle id="cfm-fast_0" eclass="HBEFA3/PC_G_EU4" CO2="23539.68" CO="413.97" HC="2.47" NOx="10.45" PMx="0.57" fuel="10.12" electricity="0.00" noise="80.36" route="routetop" type="cfm-fast" waiting="0.00" lane="top_0" pos="48.71" speed="24.79" angle="186.85" x="-4.88" y="66.54"/>
        <vehicle id="cfm-fast_1" eclass="HBEFA3/PC_G_EU4" CO2="27736.83" CO="506.78" HC="3.00" NOx="12.39" PMx="0.69" fuel="11.92" electricity="0.00" noise="82.61" route="routetop" type="cfm-fast" waiting="0.00" lane="left_0" pos="16.07" speed="26.50" angle="155.54" x="3.64" y="30.45"/>
        <vehicle id="cfm-fast_2" eclass="HBEFA3/PC_G_EU4" CO2="18466.71" CO="326.50" HC="1.95" NOx="7.97" PMx="0.45" fuel="7.94" electricity="0.00" noise="77.58" route="routetop" type="cfm-fast" waiting="0.00" lane="left_0" pos="35.21" speed="28.49" angle="121.17" x="32.89" y="2.35"/>
        <vehicle id="cfm-fast_3" eclass="HBEFA3/PC_G_EU4" CO2="0.00" CO="0.00" HC="0.00" NOx="0.00" PMx="0.00" fuel="0.00" electricity="0.00" noise="71.77" route="routebottom" type="cfm-fast" waiting="0.00" lane="bottom_0" pos="6.35" speed="28.74" angle="83.06" x="77.34" y="-3.58"/>
        <vehicle id="cfm-fast_4" eclass="HBEFA3/PC_G_EU4" CO2="168748.94" CO="3617.25" HC="20.70" NOx="78.57" PMx="4.47" fuel="72.54" electricity="0.00" noise="136.10" route="routebottom" type="cfm-fast" waiting="0.00" lane="bottom_1" pos="31.08" speed="44.06" angle="38.59" x="117.76" y="27.08"/>
        <vehicle id="cfm-fast_5" eclass="HBEFA3/PC_G_EU4" CO2="0.00" CO="0.00" HC="0.00" NOx="0.00" PMx="0.00" fuel="0.00" electricity="0.00" noise="69.32" route="routebottom" type="cfm-fast" waiting="0.00" lane="bottom_0" pos="29.96" speed="22.87" angle="40.56" x="119.10" y="23.27"/>
        <vehicle id="cfm-slow_0" eclass="HBEFA3/PC_G_EU4" CO2="9019.80" CO="110.31" HC="0.72" NOx="3.71" PMx="0.19" fuel="3.88" electricity="0.00" noise="71.16" route="routebottom" type="cfm-slow" waiting="0.00" lane="bottom_0" pos="46.19" speed="19.76" angle="11.47" x="131.78" y="55.38"/>
        <vehicle id="cfm-slow_1" eclass="HBEFA3/PC_G_EU4" CO2="9899.22" CO="128.28" HC="0.83" NOx="4.13" PMx="0.21" fuel="4.26" electricity="0.00" noise="71.72" route="routebottom" type="cfm-slow" waiting="0.00" lane="right_0" pos="12.08" speed="19.88" angle="342.68" x="127.36" y="89.12"/>
        <vehicle id="cfm-slow_2" eclass="HBEFA3/PC_G_EU4" CO2="11561.54" CO="162.24" HC="1.02" NOx="4.90" PMx="0.25" fuel="4.97" electricity="0.00" noise="72.81" route="routebottom" type="cfm-slow" waiting="0.00" lane="right_0" pos="28.10" speed="20.16" angle="313.89" x="107.23" y="116.66"/>
        <vehicle id="cfm-slow_3" eclass="HBEFA3/PC_G_EU4" CO2="14060.71" CO="213.35" HC="1.32" NOx="6.07" PMx="0.32" fuel="6.04" electricity="0.00" noise="74.51" route="routebottom" type="cfm-slow" waiting="0.00" lane="right_0" pos="44.42" speed="20.75" angle="284.56" x="75.69" y="131.20"/>
        <vehicle id="cfm-slow_4" eclass="HBEFA3/PC_G_EU4" CO2="16990.66" CO="273.75" HC="1.67" NOx="7.43" PMx="0.40" fuel="7.30" electricity="0.00" noise="76.47" route="routetop" type="cfm-slow" waiting="0.00" lane="top_0" pos="11.36" speed="21.74" angle="253.95" x="39.65" y="127.93"/>
        <vehicle id="cfm-slow_5" eclass="HBEFA3/PC_G_EU4" CO2="19970.72" CO="336.57" HC="2.03" NOx="8.80" PMx="0.48" fuel="8.58" electricity="0.00" noise="78.32" route="routetop" type="cfm-slow" waiting="0.00" lane="top_0" pos="29.32" speed="23.12" angle="221.71" x="9.04" y="105.17"/>
    </timestep>
    <timestep time="3.27">
        <vehicle id="cfm-fast_0" eclass="HBEFA3/PC_G_EU4" CO2="23515.63" CO="413.57" HC="2.47" NOx="10.44" PMx="0.57" fuel="10.11" electricity="0.00" noise="80.34" route="routetop" type="cfm-fast" waiting="0.00" lane="top_0" pos="48.96" speed="24.82" angle="186.42" x="-4.90" y="66.01"/>
        <vehicle id="cfm-fast_1" eclass="HBEFA3/PC_G_EU4" CO2="27592.59" CO="503.96" HC="2.98" NOx="12.32" PMx="0.68" fuel="11.86" electricity="0.00" noise="82.51" route="routetop" type="cfm-fast" waiting="0.00" lane="left_0" pos="16.34" speed="26.53" angle="155.05" x="3.91" y="29.95"/>
        <vehicle id="cfm-fast_2" eclass="HBEFA3/PC_G_EU4" CO2="18136.66" CO="319.81" HC="1.91" NOx="7.82" PMx="0.44" fuel="7.80" electricity="0.00" noise="77.43" route="routetop" type="cfm-fast" waiting="0.00" lane="left_0" pos="35.50" speed="28.51" angle="120.64" x="33.44" y="2.08"/>
        <vehicle id="cfm-fast_3" eclass="HBEFA3/PC_G_EU4" CO2="0.00" CO="0.00" HC="0.00" NOx="0.00" PMx="0.00" fuel="0.00" electricity="0.00" noise="71.75" route="routebottom" type="cfm-fast" waiting="0.00" lane="bottom_0" pos="6.64" speed="28.72" angle="82.52" x="77.94" y="-3.44"/>
        <vehicle id="cfm-fast_4" eclass="HBEFA3/PC_G_EU4" CO2="169310.43" CO="3631.43" HC="20.78" NOx="78.83" PMx="4.49" fuel="72.78" electricity="0.00" noise="136.16" route="routebottom" type="cfm-fast" waiting="0.00" lane="bottom_1" pos="31.52" speed="44.19" angle="37.78" x="118.26" y="27.84"/>
        <vehicle id="cfm-fast_5" eclass="HBEFA3/PC_G_EU4" CO2="0.00" CO="0.00" HC="0.00" NOx="0.00" PMx="0.00" fuel="0.00" electricity="0.00" noise="69.31" route="routebottom" type="cfm-fast" waiting="0.00" lane="bottom_0" pos="30.19" speed="22.87" angle="40.14" x="119.39" y="23.67"/>
        <vehicle id="cfm-slow_0" eclass="HBEFA3/PC_G_EU4" CO2="8984.51" CO="109.57" HC="0.72" NOx="3.70" PMx="0.18" fuel="3.86" electricity="0.00" noise="71.15" route="routebottom" type="cfm-slow" waiting="0.00" lane="bottom_0" pos="46.38" speed="19.77" angle="11.11" x="131.82" y="55.81"/>
        <vehicle id="cfm-slow_1" eclass="HBEFA3/PC_G_EU4" CO2="9871.52" CO="127.70" HC="0.82" NOx="4.11" PMx="0.21" fuel="4.24" electricity="0.00" noise="71.70" route="routebottom" type="cfm-slow" waiting="0.00" lane="right_0" pos="12.28" speed="19.89" angle="342.32" x="127.20" y="89.52"/>
        <vehicle id="cfm-slow_2" eclass="HBEFA3/PC_G_EU4" CO2="11541.91" CO="161.82" HC="1.02" NOx="4.89" PMx="0.25" fuel="4.96" electricity="0.00" noise="72.80" route="routebottom" type="cfm-slow" waiting="0.00" lane="right_0" pos="28.30" speed="20.18" angle="313.57" x="106.90" y="116.93"/>
        <vehicle id="cfm-slow_3" eclass="HBEFA3/PC_G_EU4" CO2="14045.03" CO="213.02" HC="1.32" NOx="6.06" PMx="0.32" fuel="6.04" electricity="0.00" noise="74.50" route="routebottom" type="cfm-slow" waiting="0.00" lane="right_0" pos="44.63" speed="20.77" angle="284.17" x="75.25" y="131.28"/>
        <vehicle id="cfm-slow_4" eclass="HBEFA3/PC_G_EU4" CO2="16974.45" CO="273.43" HC="1.66" NOx="7.42" PMx="0.40" fuel="7.30" electricity="0.00" noise="76.45" route="routetop" type="cfm-slow" waiting="0.00" lane="top_0" pos="11.58" speed="21.76" angle="253.61" x="39.21" y="127.76"/>
        <vehicle id="cfm-slow_5" eclass="HBEFA3/PC_G_EU4" CO2="19957.35" CO="336.34" HC="2.03" NOx="8.80" PMx="0.48" fuel="8.58" electricity="0.00" noise="78.31" route="routetop" type="cfm-slow" waiting="0.00" lane="top_0" pos="29.56" speed="23.14" angle="221.35" x="8.74" y="104.78"/>
    </timestep>
    <timestep time="3.28">
        <vehicle id="cfm-fast_0" eclass="HBEFA3/PC_G_EU4" CO2="23491.02" CO="413.15" HC="2.47" NOx="10.42" PMx="0.57" fuel="10.10" electricity="0.00" noise="80.32" route="routetop" type="cfm-fast" waiting="0.00" lane="top_0" pos="49.20" speed="24.85" angle="185.97" x="-4.91" y="65.47"/>
        <vehicle id="cfm-fast_1" eclass="HBEFA3/PC_G_EU4" CO2="27447.02" CO="501.11" HC="2.97" NOx="12.25" PMx="0.68" fuel="11.80" electricity="0.00" noise="82.42" route="routetop" type="cfm-fast" waiting="0.00" lane="left_0" pos="16.60" speed="26.56" angle="154.59" x="4.19" y="29.45"/>
        <vehicle id="cfm-fast_2" eclass="HBEFA3/PC_G_EU4" CO2="17807.88" CO="313.14" HC="1.87" NOx="7.66" PMx="0.43" fuel="7.65" electricity="0.00" noise="77.29" route="routetop" type="cfm-fast" waiting="0.00" lane="left_0" pos="35.78" speed="28.53" angle="120.11" x="33.99" y="1.80"/>
        <vehicle id="cfm-fast_3" eclass="HBEFA3/PC_G_EU4" CO2="0.00" CO="0.00" HC="0.00" NOx="0.00" PMx="0.00" fuel="0.00" electricity="0.00" noise="71.73" route="routebottom" type="cfm-fast" waiting="0.00" lane="bottom_0" pos="6.93" speed="28.70" angle="81.97" x="78.54" y="-3.30"/>
        <vehicle id="cfm-fast_4" eclass="HBEFA3/PC_G_EU4" CO2="169872.21" CO="3645.63" HC="20.85" NOx="79.10" PMx="4.50" fuel="73.02" electricity="0.00" noise="136.23" route="routebottom" type="cfm-fast" waiting="0.00" lane="bottom_1" pos="31.96" speed="44.33" angle="36.99" x="118.77" y="28.59"/>
        <vehicle id="cfm-fast_5" eclass="HBEFA3/PC_G_EU4" CO2="0.00" CO="0.00" HC="0.00" NOx="0.00" PMx="0.00" fuel="0.00" electricity="0.00" noise="69.30" route="routebottom" type="cfm-fast" waiting="0.00" lane="bottom_0" pos="30.42" speed="22.86" angle="39.72" x="119.68" y="24.06"/>
        <vehicle id="cfm-slow_0" eclass="HBEFA3/PC_G_EU4" CO2="8949.65" CO="108.84" HC="0.71" NOx="3.68" PMx="0.18" fuel="3.85" electricity="0.00" noise="71.13" route="routebottom" type="cfm-slow" waiting="0.00" lane="bottom_0" pos="46.58" speed="19.78" angle="10.74" x="131.87" y="56.23"/>
        <vehicle id="cfm-slow_1" eclass="HBEFA3/PC_G_EU4" CO2="9844.25" CO="127.12" HC="0.82" NOx="4.10" PMx="0.21" fuel="4.23" electricity="0.00" noise="71.69" route="routebottom" type="cfm-slow" waiting="0.00" lane="right_0" pos="12.48" speed="19.90" angle="341.95" x="127.04" y="89.92"/>
        <vehicle id="cfm-slow_2" eclass="HBEFA3/PC_G_EU4" CO2="11522.65" CO="161.41" HC="1.02" NOx="4.88" PMx="0.25" fuel="4.95" electricity="0.00" noise="72.79" route="routebottom" type="cfm-slow" waiting="0.00" lane="right_0" pos="28.51" speed="20.19" angle="313.20" x="106.55" y="117.20"/>
        <vehicle id="cfm-slow_3" eclass="HBEFA3/PC_G_EU4" CO2="14029.68" CO="212.70" HC="1.31" NOx="6.05" PMx="0.32" fuel="6.03" electricity="0.00" noise="74.49" route="routebottom" type="cfm-slow" waiting="0.00" lane="right_0" pos="44.84" speed="20.79" angle="283.81" x="74.82" y="131.36"/>
        <vehicle id="cfm-slow_4" eclass="HBEFA3/PC_G_EU4" CO2="16958.61" CO="273.11" HC="1.66" NOx="7.41" PMx="0.39" fuel="7.29" electricity="0.00" noise="76.44" route="routetop" type="cfm-slow" waiting="0.00" lane="top_0" pos="11.79" speed="21.78" angle="253.21" x="38.78" y="127.59"/>
        <vehicle id="cfm-slow_5" eclass="HBEFA3/PC_G_EU4" CO2="19944.24" CO="336.11" HC="2.02" NOx="8.79" PMx="0.47" fuel="8.57" electricity="0.00" noise="78.29" route="routetop" type="cfm-slow" waiting="0.00" lane="top_0" pos="29.79" speed="23.17" angle="220.91" x="8.45" y="104.37"/>
    </timestep>
    <timestep time="3.29">
        <vehicle id="cfm-fast_0" eclass="HBEFA3/PC_G_EU4" CO2="23465.83" CO="412.72" HC="2.46" NOx="10.41" PMx="0.57" fuel="10.09" electricity="0.00" noise="80.30" route="routetop" type="cfm-fast" waiting="0.00" lane="top_0" pos="49.45" speed="24.88" angle="185.51" x="-4.92" y="64.94"/>
        <vehicle id="cfm-fast_1" eclass="HBEFA3/PC_G_EU4" CO2="27300.14" CO="498.23" HC="2.95" NOx="12.18" PMx="0.68" fuel="11.73" electricity="0.00" noise="82.32" route="routetop" type="cfm-fast" waiting="0.00" lane="left_0" pos="16.87" speed="26.59" angle="154.13" x="4.48" y="28.96"/>
        <vehicle id="cfm-fast_2" eclass="HBEFA3/PC_G_EU4" CO2="17480.40" CO="306.50" HC="1.83" NOx="7.51" PMx="0.43" fuel="7.51" electricity="0.00" noise="77.15" route="routetop" type="cfm-fast" waiting="0.00" lane="left_0" pos="36.07" speed="28.54" angle="119.64" x="34.54" y="1.54"/>
        <vehicle id="cfm-fast_3" eclass="HBEFA3/PC_G_EU4" CO2="0.00" CO="0.00" HC="0.00" NOx="0.00" PMx="0.00" fuel="0.00" electricity="0.00" noise="71.72" route="routebottom" type="cfm-fast" waiting="0.00" lane="bottom_0" pos="7.21" speed="28.68" angle="81.43" x="79.14" y="-3.17"/>
        <vehicle id="cfm-fast_4" eclass="HBEFA3/PC_G_EU4" CO2="170434.28" CO="3659.85" HC="20.93" NOx="79.36" PMx="4.52" fuel="73.26" electricity="0.00" noise="136.30" route="routebottom" type="cfm-fast" waiting="0.00" lane="bottom_1" pos="32.41" speed="44.47" angle="36.21" x="119.24" y="29.37"/>
        <vehicle id="cfm-fast_5" eclass="HBEFA3/PC_G_EU4" CO2="0.00" CO="0.00" HC="0.00" NOx="0.00" PMx="0.00" fuel="0.00" electricity="0.00" noise="69.29" route="routebottom" type="cfm-fast" waiting="0.00" lane="bottom_0" pos="30.65" speed="22.85" angle="39.30" x="119.96" y="24.46"/>
        <vehicle id="cfm-slow_0" eclass="HBEFA3/PC_G_EU4" CO2="8915.20" CO="108.11" HC="0.71" NOx="3.66" PMx="0.18" fuel="3.83" electricity="0.00" noise="71.11" route="routebottom" type="cfm-slow" waiting="0.00" lane="bottom_0" pos="46.78" speed="19.80" angle="10.38" x="131.91" y="56.66"/>
        <vehicle id="cfm-slow_1" eclass="HBEFA3/PC_G_EU4" CO2="9817.40" CO="126.56" HC="0.82" NOx="4.09" PMx="0.21" fuel="4.22" electricity="0.00" noise="71.68" route="routebottom" type="cfm-slow" waiting="0.00" lane="right_0" pos="12.68" speed="19.92" angle="341.60" x="126.88" y="90.32"/>
        <vehicle id="cfm-slow_2" eclass="HBEFA3/PC_G_EU4" CO2="11503.78" CO="161.01" HC="1.02" NOx="4.88" PMx="0.25" fuel="4.94" electricity="0.00" noise="72.78" route="routebottom" type="cfm-slow" waiting="0.00" lane="right_0" pos="28.71" speed="20.21" angle="312.83" x="106.21" y="117.47"/>
        <vehicle id="cfm-slow_3" eclass="HBEFA3/PC_G_EU4" CO2="14014.66" CO="212.38" HC="1.31" NOx="6.05" PMx="0.32" fuel="6.02" electricity="0.00" noise="74.48" route="routebottom" type="cfm-slow" waiting="0.00" lane="right_0" pos="45.05" speed="20.80" angle="283.47" x="74.37" y="131.43"/>
        <vehicle id="cfm-slow_4" eclass="HBEFA3/PC_G_EU4" CO2="16943.12" CO="272.81" HC="1.66" NOx="7.40" PMx="0.39" fuel="7.28" electricity="0.00" noise="76.43" route="routetop" type="cfm-slow" waiting="0.00" lane="top_0" pos="12.01" speed="21.81" angle="252.82" x="38.34" y="127.42"/>
        <vehicle id="cfm-slow_5" eclass="HBEFA3/PC_G_EU4" CO2="19931.38" CO="335.89" HC="2.02" NOx="8.78" PMx="0.47" fuel="8.57" electricity="0.00" noise="78.28" route="routetop" type="cfm-slow" waiting="0.00" lane="top_0" pos="30.02" speed="23.20" angle="220.48" x="8.15" y="103.97"/>
    </timestep>
    <timestep time="3.30">
        <vehicle id="cfm-fast_0" eclass="HBEFA3/PC_G_EU4" CO2="23440.05" CO="412.28" HC="2.46" NOx="10.40" PMx="0.57" fuel="10.08" electricity="0.00" noise="80.28" route="routetop" type="cfm-fast" waiting="0.00" lane="top_0" pos="49.70" speed="24.91" angle="185.06" x="-4.94" y="64.40"/>
        <vehicle id="cfm-fast_1" eclass="HBEFA3/PC_G_EU4" CO2="27151.98" CO="495.33" HC="2.93" NOx="12.11" PMx="0.67" fuel="11.67" electricity="0.00" noise="82.23" route="routetop" type="cfm-fast" waiting="0.00" lane="left_0" pos="17.13" speed="26.63" angle="153.64" x="4.77" y="28.47"/>
        <vehicle id="cfm-fast_2" eclass="HBEFA3/PC_G_EU4" CO2="17154.25" CO="299.89" HC="1.80" NOx="7.35" PMx="0.42" fuel="7.37" electricity="0.00" noise="77.01" route="routetop" type="cfm-fast" waiting="0.00" lane="left_0" pos="36.35" speed="28.56" angle="119.11" x="35.10" y="1.29"/>
        <vehicle id="cfm-fast_3" eclass="HBEFA3/PC_G_EU4" CO2="0.00" CO="0.00" HC="0.00" NOx="0.00" PMx="0.00" fuel="0.00" electricity="0.00" noise="71.70" route="routebottom" type="cfm-fast" waiting="0.00" lane="bottom_0" pos="7.50" speed="28.66" angle="80.88" x="79.75" y="-3.03"/>
        <vehicle id="cfm-fast_4" eclass="HBEFA3/PC_G_EU4" CO2="170996.64" CO="3674.09" HC="21.01" NOx="79.62" PMx="4.53" fuel="73.50" electricity="0.00" noise="136.36" route="routebottom" type="cfm-fast" waiting="0.00" lane="bottom_1" pos="32.85" speed="44.60" angle="35.37" x="119.71" y="30.16"/>
        <vehicle id="cfm-fast_5" eclass="HBEFA3/PC_G_EU4" CO2="0.00" CO="0.00" HC="0.00" NOx="0.00" PMx="0.00" fuel="0.00" electricity="0.00" noise="69.28" route="routebottom" type="cfm-fast" waiting="0.00" lane="bottom_0" pos="30.88" speed="22.84" angle="38.94" x="120.24" y="24.87"/>
        <vehicle id="cfm-slow_0" eclass="HBEFA3/PC_G_EU4" CO2="8881.18" CO="107.40" HC="0.71" NOx="3.65" PMx="0.18" fuel="3.82" electricity="0.00" noise="71.10" route="routebottom" type="cfm-slow" waiting="0.00" lane="bottom_0" pos="46.98" speed="19.81" angle="10.02" x="131.95" y="57.08"/>
        <vehicle id="cfm-slow_1" eclass="HBEFA3/PC_G_EU4" CO2="9790.97" CO="126.00" HC="0.81" NOx="4.07" PMx="0.21" fuel="4.21" electricity="0.00" noise="71.66" route="routebottom" type="cfm-slow" waiting="0.00" lane="right_0" pos="12.88" speed="19.93" angle="341.29" x="126.71" y="90.71"/>
        <vehicle id="cfm-slow_2" eclass="HBEFA3/PC_G_EU4" CO2="11485.28" CO="160.62" HC="1.01" NOx="4.87" PMx="0.25" fuel="4.94" electricity="0.00" noise="72.77" route="routebottom" type="cfm-slow" waiting="0.00" lane="right_0" pos="28.91" speed="20.22" angle="312.46" x="105.87" y="117.73"/>
        <vehicle id="cfm-slow_3" eclass="HBEFA3/PC_G_EU4" CO2="13999.96" CO="212.08" HC="1.31" NOx="6.04" PMx="0.32" fuel="6.02" electricity="0.00" noise="74.47" route="routebottom" type="cfm-slow" waiting="0.00" lane="right_0" pos="45.25" speed="20.82" angle="283.10" x="73.93" y="131.49"/>
        <vehicle id="cfm-slow_4" eclass="HBEFA3/PC_G_EU4" CO2="16927.98" CO="272.51" HC="1.66" NOx="7.40" PMx="0.39" fuel="7.28" electricity="0.00" noise="76.42" route="routetop" type="cfm-slow" waiting="0.00" lane="top_0" pos="12.23" speed="21.83" angle="252.42" x="37.91" y="127.24"/>
        <vehicle id="cfm-slow_5" eclass="HBEFA3/PC_G_EU4" CO2="19918.77" CO="335.68" HC="2.02" NOx="8.78" PMx="0.47" fuel="8.56" electricity="0.00" noise="78.27" route="routetop" type="cfm-slow" waiting="0.00" lane="top_0" pos="30.25" speed="23.22" angle="220.05" x="7.86" y="103.56"/>
    </timestep>
    <timestep time="3.31">
        <vehicle id="cfm-fast_0" eclass="HBEFA3/PC_G_EU4" CO2="23413.68" CO="411.83" HC="2.46" NOx="10.39" PMx="0.57" fuel="10.06" electricity="0.00" noise="80.26" route="routetop" type="cfm-fast" waiting="0.00" lane="top_0" pos="49.95" speed="24.94" angle="184.62" x="-4.95" y="63.87"/>
        <vehicle id="cfm-fast_1" eclass="HBEFA3/PC_G_EU4" CO2="27002.54" CO="492.40" HC="2.92" NOx="12.04" PMx="0.67" fuel="11.61" electricity="0.00" noise="82.14" route="routetop" type="cfm-fast" waiting="0.00" lane="left_0" pos="17.40" speed="26.66" angle="153.15" x="5.07" y="27.98"/>
        <vehicle id="cfm-fast_2" eclass="HBEFA3/PC_G_EU4" CO2="16829.48" CO="293.30" HC="1.76" NOx="7.20" PMx="0.41" fuel="7.23" electricity="0.00" noise="76.87" route="routetop" type="cfm-fast" waiting="0.00" lane="left_0" pos="36.64" speed="28.57" angle="118.57" x="35.66" y="1.03"/>
        <vehicle id="cfm-fast_3" eclass="HBEFA3/PC_G_EU4" CO2="0.00" CO="0.00" HC="0.00" NOx="0.00" PMx="0.00" fuel="0.00" electricity="0.00" noise="71.68" route="routebottom" type="cfm-fast" waiting="0.00" lane="bottom_0" pos="7.79" speed="28.65" angle="80.41" x="80.34" y="-2.88"/>
        <vehicle id="cfm-fast_4" eclass="HBEFA3/PC_G_EU4" CO2="171559.29" CO="3688.35" HC="21.09" NOx="79.88" PMx="4.55" fuel="73.74" electricity="0.00" noise="136.43" route="routebottom" type="cfm-fast" waiting="0.00" lane="bottom_1" pos="33.30" speed="44.74" angle="34.58" x="120.18" y="30.94"/>
        <vehicle id="cfm-fast_5" eclass="HBEFA3/PC_G_EU4" CO2="0.00" CO="0.00" HC="0.00" NOx="0.00" PMx="0.00" fuel="0.00" electricity="0.00" noise="69.27" route="routebottom" type="cfm-fast" waiting="0.00" lane="bottom_0" pos="31.11" speed="22.84" angle="38.53" x="120.52" y="25.27"/>
        <vehicle id="cfm-slow_0" eclass="HBEFA3/PC_G_EU4" CO2="8847.57" CO="106.70" HC="0.70" NOx="3.63" PMx="0.18" fuel="3.80" electricity="0.00" noise="71.08" route="routebottom" type="cfm-slow" waiting="0.00" lane="bottom_0" pos="47.18" speed="19.82" angle="9.66" x="131.99" y="57.50"/>
        <vehicle id="cfm-slow_1" eclass="HBEFA3/PC_G_EU4" CO2="9764.96" CO="125.45" HC="0.81" NOx="4.06" PMx="0.20" fuel="4.20" electricity="0.00" noise="71.65" route="routebottom" type="cfm-slow" waiting="0.00" lane="right_0" pos="13.08" speed="19.94" angle="340.92" x="126.54" y="91.10"/>
        <vehicle id="cfm-slow_2" eclass="HBEFA3/PC_G_EU4" CO2="11467.15" CO="160.23" HC="1.01" NOx="4.86" PMx="0.25" fuel="4.93" electricity="0.00" noise="72.76" route="routebottom" type="cfm-slow" waiting="0.00" lane="right_0" pos="29.11" speed="20.24" angle="312.09" x="105.53" y="118.00"/>
        <vehicle id="cfm-slow_3" eclass="HBEFA3/PC_G_EU4" CO2="13985.60" CO="211.78" HC="1.31" NOx="6.03" PMx="0.32" fuel="6.01" electricity="0.00" noise="74.46" route="routebottom" type="cfm-slow" waiting="0.00" lane="right_0" pos="45.46" speed="20.84" angle="282.72" x="73.49" y="131.56"/>
        <vehicle id="cfm-slow_4" eclass="HBEFA3/PC_G_EU4" CO2="16913.20" CO="272.22" HC="1.66" NOx="7.39" PMx="0.39" fuel="7.27" electricity="0.00" noise="76.41" route="routetop" type="cfm-slow" waiting="0.00" lane="top_0" pos="12.45" speed="21.85" angle="252.03" x="37.47" y="127.07"/>
        <vehicle id="cfm-slow_5" eclass="HBEFA3/PC_G_EU4" CO2="19906.39" CO="335.47" HC="2.02" NOx="8.77" PMx="0.47" fuel="8.56" electricity="0.00" noise="78.26" route="routetop" type="cfm-slow" waiting="0.00" lane="top_0" pos="30.48" speed="23.25" angle="219.62" x="7.57" y="103.16"/>
    </timestep>
    <timestep time="3.32">
        <vehicle id="cfm-fast_0" eclass="HBEFA3/PC_G_EU4" CO2="23386.70" CO="411.37" HC="2.45" NOx="10.37" PMx="0.57" fuel="10.05" electricity="0.00" noise="80.23" route="routetop" type="cfm-fast" waiting="0.00" lane="left_0" pos="0.20" speed="24.97" angle="184.12" x="-4.94" y="63.14"/>
        <vehicle id="cfm-fast_1" eclass="HBEFA3/PC_G_EU4" CO2="26851.85" CO="489.44" HC="2.90" NOx="11.97" PMx="0.66" fuel="11.54" electricity="0.00" noise="82.04" route="routetop" type="cfm-fast" waiting="0.00" lane="left_0" pos="17.67" speed="26.69" angle="152.65" x="5.37" y="27.49"/>
        <vehicle id="cfm-fast_2" eclass="HBEFA3/PC_G_EU4" CO2="16506.11" CO="286.73" HC="1.72" NOx="7.05" PMx="0.40" fuel="7.10" electricity="0.00" noise="76.74" route="routetop" type="cfm-fast" waiting="0.00" lane="left_0" pos="36.92" speed="28.59" angle="118.03" x="36.22" y="0.78"/>
        <vehicle id="cfm-fast_3" eclass="HBEFA3/PC_G_EU4" CO2="0.00" CO="0.00" HC="0.00" NOx="0.00" PMx="0.00" fuel="0.00" electricity="0.00" noise="71.66" route="routebottom" type="cfm-fast" waiting="0.00" lane="bottom_0" pos="8.07" speed="28.63" angle="79.88" x="80.94" y="-2.72"/>
        <vehicle id="cfm-fast_4" eclass="HBEFA3/PC_G_EU4" CO2="172122.24" CO="3702.64" HC="21.17" NOx="80.15" PMx="4.57" fuel="73.99" electricity="0.00" noise="136.49" route="routebottom" type="cfm-fast" waiting="0.00" lane="bottom_1" pos="33.75" speed="44.88" angle="33.78" x="120.63" y="31.75"/>
        <vehicle id="cfm-fast_5" eclass="HBEFA3/PC_G_EU4" CO2="0.00" CO="0.00" HC="0.00" NOx="0.00" PMx="0.00" fuel="0.00" electricity="0.00" noise="69.26" route="routebottom" type="cfm-fast" waiting="0.00" lane="bottom_0" pos="31.33" speed="22.83" angle="38.12" x="120.79" y="25.68"/>
        <vehicle id="cfm-slow_0" eclass="HBEFA3/PC_G_EU4" CO2="8814.37" CO="106.00" HC="0.70" NOx="3.62" PMx="0.18" fuel="3.79" electricity="0.00" noise="71.06" route="routebottom" type="cfm-slow" waiting="0.00" lane="bottom_0" pos="47.37" speed="19.83" angle="9.31" x="132.04" y="57.93"/>
        <vehicle id="cfm-slow_1" eclass="HBEFA3/PC_G_EU4" CO2="9739.37" CO="124.91" HC="0.81" NOx="4.05" PMx="0.20" fuel="4.19" electricity="0.00" noise="71.64" route="routebottom" type="cfm-slow" waiting="0.00" lane="right_0" pos="13.28" speed="19.95" angle="340.56" x="126.36" y="91.50"/>
        <vehicle id="cfm-slow_2" eclass="HBEFA3/PC_G_EU4" CO2="11449.40" CO="159.86" HC="1.01" NOx="4.85" PMx="0.25" fuel="4.92" electricity="0.00" noise="72.75" route="routebottom" type="cfm-slow" waiting="0.00" lane="right_0" pos="29.31" speed="20.26" angle="311.72" x="105.18" y="118.27"/>
        <vehicle id="cfm-slow_3" eclass="HBEFA3/PC_G_EU4" CO2="13971.56" CO="211.48" HC="1.31" NOx="6.02" PMx="0.32" fuel="6.01" electricity="0.00" noise="74.45" route="routebottom" type="cfm-slow" waiting="0.00" lane="right_0" pos="45.67" speed="20.86" angle="282.34" x="73.04" y="131.62"/>
        <vehicle id="cfm-slow_4" eclass="HBEFA3/PC_G_EU4" CO2="16898.77" CO="271.93" HC="1.66" NOx="7.38" PMx="0.39" fuel="7.26" electricity="0.00" noise="76.39" route="routetop" type="cfm-slow" waiting="0.00" lane="top_0" pos="12.67" speed="21.88" angle="251.63" x="37.03" y="126.89"/>
        <vehicle id="cfm-slow_5" eclass="HBEFA3/PC_G_EU4" CO2="19894.23" CO="335.27" HC="2.02" NOx="8.76" PMx="0.47" fuel="8.55" electricity="0.00" noise="78.25" route="routetop" type="cfm-slow" waiting="0.00" lane="top_0" pos="30.72" speed="23.28" angle="219.22" x="7.28" y="102.75"/>
    </timestep>
    <timestep time="3.33">
        <vehicle id="cfm-fast_0" eclass="HBEFA3/PC_G_EU4" CO2="23359.11" CO="410.90" HC="2.45" NOx="10.36" PMx="0.57" fuel="10.04" electricity="0.00" noise="80.21" route="routetop" type="cfm-fast" waiting="0.00" lane="left_0" pos="0.45" speed="25.00" angle="183.66" x="-4.93" y="62.60"/>
        <vehicle id="cfm-fast_1" eclass="HBEFA3/PC_G_EU4" CO2="26699.93" CO="486.46" HC="2.88" NOx="11.90" PMx="0.66" fuel="11.48" electricity="0.00" noise="81.95" route="routetop" type="cfm-fast" waiting="0.00" lane="left_0" pos="17.93" speed="26.72" angle="152.23" x="5.66" y="26.99"/>
        <vehicle id="cfm-fast_2" eclass="HBEFA3/PC_G_EU4" CO2="16184.17" CO="280.19" HC="1.68" NOx="6.89" PMx="0.39" fuel="6.96" electricity="0.00" noise="76.61" route="routetop" type="cfm-fast" waiting="0.00" lane="left_0" pos="37.21" speed="28.60" angle="117.58" x="36.78" y="0.53"/>
        <vehicle id="cfm-fast_3" eclass="HBEFA3/PC_G_EU4" CO2="0.00" CO="0.00" HC="0.00" NOx="0.00" PMx="0.00" fuel="0.00" electricity="0.00" noise="71.65" route="routebottom" type="cfm-fast" waiting="0.00" lane="bottom_0" pos="8.36" speed="28.61" angle="79.36" x="81.53" y="-2.56"/>
        <vehicle id="cfm-fast_4" eclass="HBEFA3/PC_G_EU4" CO2="172685.47" CO="3716.95" HC="21.25" NOx="80.41" PMx="4.58" fuel="74.23" electricity="0.00" noise="136.56" route="routebottom" type="cfm-fast" waiting="0.00" lane="bottom_1" pos="34.20" speed="45.01" angle="32.97" x="121.08" y="32.55"/>
        <vehicle id="cfm-fast_5" eclass="HBEFA3/PC_G_EU4" CO2="0.00" CO="0.00" HC="0.00" NOx="0.00" PMx="0.00" fuel="0.00" electricity="0.00" noise="69.26" route="routebottom" type="cfm-fast" waiting="0.00" lane="bottom_0" pos="31.56" speed="22.82" angle="37.71" x="121.06" y="26.09"/>
        <vehicle id="cfm-slow_0" eclass="HBEFA3/PC_G_EU4" CO2="8781.58" CO="105.31" HC="0.69" NOx="3.60" PMx="0.18" fuel="3.77" electricity="0.00" noise="71.05" route="routebottom" type="cfm-slow" waiting="0.00" lane="bottom_0" pos="47.57" speed="19.84" angle="8.99" x="132.07" y="58.35"/>
        <vehicle id="cfm-slow_1" eclass="HBEFA3/PC_G_EU4" CO2="9714.18" CO="124.38" HC="0.80" NOx="4.04" PMx="0.20" fuel="4.18" electricity="0.00" noise="71.63" route="routebottom" type="cfm-slow" waiting="0.00" lane="right_0" pos="13.48" speed="19.97" angle="340.20" x="126.19" y="91.89"/>
        <vehicle id="cfm-slow_2" eclass="HBEFA3/PC_G_EU4" CO2="11432.01" CO="159.49" HC="1.01" NOx="4.84" PMx="0.25" fuel="4.91" electricity="0.00" noise="72.74" route="routebottom" type="cfm-slow" waiting="0.00" lane="right_0" pos="29.52" speed="20.27" angle="311.41" x="104.84" y="118.54"/>
        <vehicle id="cfm-slow_3" eclass="HBEFA3/PC_G_EU4" CO2="13957.85" CO="211.20" HC="1.31" NOx="6.02" PMx="0.32" fuel="6.00" electricity="0.00" noise="74.44" route="routebottom" type="cfm-slow" waiting="0.00" lane="right_0" pos="45.88" speed="20.88" angle="281.97" x="72.60" y="131.68"/>
        <vehicle id="cfm-slow_4" eclass="HBEFA3/PC_G_EU4" CO2="16884.68" CO="271.66" HC="1.65" NOx="7.37" PMx="0.39" fuel="7.26" electricity="0.00" noise="76.38" route="routetop" type="cfm-slow" waiting="0.00" lane="top_0" pos="12.89" speed="21.90" angle="251.29" x="36.60" y="126.71"/>
        <vehicle id="cfm-slow_5" eclass="HBEFA3/PC_G_EU4" CO2="19882.29" CO="335.07" HC="2.02" NOx="8.76" PMx="0.47" fuel="8.55" electricity="0.00" noise="78.24" route="routetop" type="cfm-slow" waiting="0.00" lane="top_0" pos="30.95" speed="23.30" angle="218.83" x="7.00" y="102.33"/>
    </timestep>
    <timestep time="3.34">
        <vehicle id="cfm-fast_0" eclass="HBEFA3/PC_G_EU4" CO2="23330.89" CO="410.41" HC="2.45" NOx="10.35" PMx="0.57" fuel="10.03" electricity="0.00" noise="80.19" route="routetop" type="cfm-fast" waiting="0.00" lane="left_0" pos="0.70" speed="25.03" angle="183.21" x="-4.92" y="62.06"/>
        <vehicle id="cfm-fast_1" eclass="HBEFA3/PC_G_EU4" CO2="26546.79" CO="483.45" HC="2.86" NOx="11.82" PMx="0.66" fuel="11.41" electricity="0.00" noise="81.85" route="routetop" type="cfm-fast" waiting="0.00" lane="left_0" pos="18.20" speed="26.75" angle="151.73" x="5.98" y="26.51"/>
        <vehicle id="cfm-fast_2" eclass="HBEFA3/PC_G_EU4" CO2="15863.70" CO="273.68" HC="1.64" NOx="6.74" PMx="0.38" fuel="6.82" electricity="0.00" noise="76.48" route="routetop" type="cfm-fast" waiting="0.00" lane="left_0" pos="37.50" speed="28.62" angle="117.05" x="37.36" y="0.30"/>
        <vehicle id="cfm-fast_3" eclass="HBEFA3/PC_G_EU4" CO2="0.00" CO="0.00" HC="0.00" NOx="0.00" PMx="0.00" fuel="0.00" electricity="0.00" noise="71.63" route="routebottom" type="cfm-fast" waiting="0.00" lane="bottom_0" pos="8.65" speed="28.59" angle="78.83" x="82.13" y="-2.40"/>
        <vehicle id="cfm-fast_4" eclass="HBEFA3/PC_G_EU4" CO2="173249.00" CO="3731.28" HC="21.33" NOx="80.67" PMx="4.60" fuel="74.47" electricity="0.00" noise="136.62" route="routebottom" type="cfm-fast" waiting="0.00" lane="bottom_1" pos="34.65" speed="45.15" angle="32.20" x="121.52" y="33.37"/>
        <vehicle id="cfm-fast_5" eclass="HBEFA3/PC_G_EU4" CO2="0.00" CO="0.00" HC="0.00" NOx="0.00" PMx="0.00" fuel="0.00" electricity="0.00" noise="69.25" route="routebottom" type="cfm-fast" waiting="0.00" lane="bottom_0" pos="31.79" speed="22.82" angle="37.30" x="121.34" y="26.50"/>
        <vehicle id="cfm-slow_0" eclass="HBEFA3/PC_G_EU4" CO2="8749.20" CO="104.64" HC="0.69" NOx="3.58" PMx="0.18" fuel="3.76" electricity="0.00" noise="71.03" route="routebottom" type="cfm-slow" waiting="0.00" lane="bottom_0" pos="47.77" speed="19.85" angle="8.62" x="132.10" y="58.78"/>
        <vehicle id="cfm-slow_1" eclass="HBEFA3/PC_G_EU4" CO2="9689.41" CO="123.86" HC="0.80" NOx="4.02" PMx="0.20" fuel="4.17" electricity="0.00" noise="71.61" route="routebottom" type="cfm-slow" waiting="0.00" lane="right_0" pos="13.68" speed="19.98" angle="339.84" x="126.01" y="92.28"/>
        <vehicle id="cfm-slow_2" eclass="HBEFA3/PC_G_EU4" CO2="11414.99" CO="159.13" HC="1.00" NOx="4.83" PMx="0.25" fuel="4.91" electricity="0.00" noise="72.73" route="routebottom" type="cfm-slow" waiting="0.00" lane="right_0" pos="29.72" speed="20.29" angle="311.03" x="104.48" y="118.79"/>
        <vehicle id="cfm-slow_3" eclass="HBEFA3/PC_G_EU4" CO2="13944.46" CO="210.92" HC="1.30" NOx="6.01" PMx="0.31" fuel="5.99" electricity="0.00" noise="74.43" route="routebottom" type="cfm-slow" waiting="0.00" lane="right_0" pos="46.09" speed="20.90" angle="281.61" x="72.15" y="131.75"/>
        <vehicle id="cfm-slow_4" eclass="HBEFA3/PC_G_EU4" CO2="16870.94" CO="271.39" HC="1.65" NOx="7.37" PMx="0.39" fuel="7.25" electricity="0.00" noise="76.37" route="routetop" type="cfm-slow" waiting="0.00" lane="top_0" pos="13.11" speed="21.92" angle="250.89" x="36.17" y="126.52"/>
        <vehicle id="cfm-slow_5" eclass="HBEFA3/PC_G_EU4" CO2="19870.56" CO="334.88" HC="2.02" NOx="8.75" PMx="0.47" fuel="8.54" electricity="0.00" noise="78.23" route="routetop" type="cfm-slow" waiting="0.00" lane="top_0" pos="31.18" speed="23.33" angle="218.41" x="6.72" y="101.92"/>
    </timestep>
    <timestep time="3.35">
        <vehicle id="cfm-fast_0" eclass="HBEFA3/PC_G_EU4" CO2="23302.04" CO="409.91" HC="2.45" NOx="10.33" PMx="0.57" fuel="10.02" electricity="0.00" noise="80.17" route="routetop" type="cfm-fast" waiting="0.00" lane="left_0" pos="0.95" speed="25.06" angle="182.76" x="-4.90" y="61.52"/>
        <vehicle id="cfm-fast_1" eclass="HBEFA3/PC_G_EU4" CO2="26392.45" CO="480.42" HC="2.85" NOx="11.75" PMx="0.65" fuel="11.34" electricity="0.00" noise="81.76" route="routetop" type="cfm-fast" waiting="0.00" lane="left_0" pos="18.47" speed="26.78" angle="151.23" x="6.30" y="26.03"/>
        <vehicle id="cfm-fast_2" eclass="HBEFA3/PC_G_EU4" CO2="15544.73" CO="267.20" HC="1.61" NOx="6.59" PMx="0.38" fuel="6.68" electricity="0.00" noise="76.35" route="routetop" type="cfm-fast" waiting="0.00" lane="left_0" pos="37.78" speed="28.63" angle="116.52" x="37.93" y="0.07"/>
        <vehicle id="cfm-fast_3" eclass="HBEFA3/PC_G_EU4" CO2="0.00" CO="0.00" HC="0.00" NOx="0.00" PMx="0.00" fuel="0.00" electricity="0.00" noise="71.61" route="routebottom" type="cfm-fast" waiting="0.00" lane="bottom_0" pos="8.93" speed="28.57" angle="78.36" x="82.72" y="-2.24"/>
        <vehicle id="cfm-fast_4" eclass="HBEFA3/PC_G_EU4" CO2="173812.83" CO="3745.63" HC="21.41" NOx="80.94" PMx="4.61" fuel="74.71" electricity="0.00" noise="136.69" route="routebottom" type="cfm-fast" waiting="0.00" lane="bottom_1" pos="35.11" speed="45.28" angle="31.36" x="121.94" y="34.20"/>
        <vehicle id="cfm-fast_5" eclass="HBEFA3/PC_G_EU4" CO2="0.00" CO="0.00" HC="0.00" NOx="0.00" PMx="0.00" fuel="0.00" electricity="0.00" noise="69.24" route="routebottom" type="cfm-fast" waiting="0.00" lane="bottom_0" pos="32.02" speed="22.81" angle="36.94" x="121.61" y="26.91"/>
        <vehicle id="cfm-slow_0" eclass="HBEFA3/PC_G_EU4" CO2="8717.23" CO="103.97" HC="0.69" NOx="3.57" PMx="0.18" fuel="3.75" electricity="0.00" noise="71.02" route="routebottom" type="cfm-slow" waiting="0.00" lane="bottom_0" pos="47.97" speed="19.86" angle="8.24" x="132.12" y="59.21"/>
        <vehicle id="cfm-slow_1" eclass="HBEFA3/PC_G_EU4" CO2="9665.04" CO="123.35" HC="0.80" NOx="4.01" PMx="0.20" fuel="4.15" electricity="0.00" noise="71.60" route="routebottom" type="cfm-slow" waiting="0.00" lane="right_0" pos="13.88" speed="19.99" angle="339.47" x="125.84" y="92.67"/>
        <vehicle id="cfm-slow_2" eclass="HBEFA3/PC_G_EU4" CO2="11398.34" CO="158.77" HC="1.00" NOx="4.82" PMx="0.25" fuel="4.90" electricity="0.00" noise="72.73" route="routebottom" type="cfm-slow" waiting="0.00" lane="right_0" pos="29.92" speed="20.30" angle="310.66" x="104.13" y="119.05"/>
        <vehicle id="cfm-slow_3" eclass="HBEFA3/PC_G_EU4" CO2="13931.39" CO="210.64" HC="1.30" NOx="6.00" PMx="0.31" fuel="5.99" electricity="0.00" noise="74.42" route="routebottom" type="cfm-slow" waiting="0.00" lane="right_0" pos="46.30" speed="20.92" angle="281.27" x="71.70" y="131.80"/>
        <vehicle id="cfm-slow_4" eclass="HBEFA3/PC_G_EU4" CO2="16857.54" CO="271.13" HC="1.65" NOx="7.36" PMx="0.39" fuel="7.25" electricity="0.00" noise="76.36" route="routetop" type="cfm-slow" waiting="0.00" lane="top_0" pos="13.33" speed="21.95" angle="250.49" x="35.74" y="126.32"/>
        <vehicle id="cfm-slow_5" eclass="HBEFA3/PC_G_EU4" CO2="19859.03" CO="334.69" HC="2.02" NOx="8.74" PMx="0.47" fuel="8.54" electricity="0.00" noise="78.22" route="routetop" type="cfm-slow" waiting="0.00" lane="top_0" pos="31.42" speed="23.35" angle="217.98" x="6.44" y="101.50"/>
    </timestep>
    <timestep time="3.36">
        <vehicle id="cfm-fast_0" eclass="HBEFA3/PC_G_EU4" CO2="23272.55" CO="409.40" HC="2.44" NOx="10.32" PMx="0.57" fuel="10.00" electricity="0.00" noise="80.15" route="routetop" type="cfm-fast" waiting="0.00" lane="left_0" pos="1.20" speed="25.08" angle="182.30" x="-4.89" y="60.98"/>
        <vehicle id="cfm-fast_1" eclass="HBEFA3/PC_G_EU4" CO2="26236.93" CO="477.36" HC="2.83" NOx="11.68" PMx="0.65" fuel="11.28" electricity="0.00" noise="81.66" route="routetop" type="cfm-fast" waiting="0.00" lane="left_0" pos="18.74" speed="26.81" angle="150.73" x="6.62" y="25.55"/>
        <vehicle id="cfm-fast_2" eclass="HBEFA3/PC_G_EU4" CO2="15227.28" CO="260.75" HC="1.57" NOx="6.44" PMx="0.37" fuel="6.55" electricity="0.00" noise="76.22" route="routetop" type="cfm-fast" waiting="0.00" lane="left_0" pos="38.07" speed="28.64" angle="116.00" x="38.50" y="-0.16"/>
        <vehicle id="cfm-fast_3" eclass="HBEFA3/PC_G_EU4" CO2="0.00" CO="0.00" HC="0.00" NOx="0.00" PMx="0.00" fuel="0.00" electricity="0.00" noise="71.60" route="routebottom" type="cfm-fast" waiting="0.00" lane="bottom_0" pos="9.22" speed="28.55" angle="77.84" x="83.31" y="-2.06"/>
        <vehicle id="cfm-fast_4" eclass="HBEFA3/PC_G_EU4" CO2="174376.94" CO="3760.00" HC="21.49" NOx="81.20" PMx="4.63" fuel="74.96" electricity="0.00" noise="136.76" route="routebottom" type="cfm-fast" waiting="0.00" lane="bottom_1" pos="35.56" speed="45.42" angle="30.52" x="122.35" y="35.03"/>
        <vehicle id="cfm-fast_5" eclass="HBEFA3/PC_G_EU4" CO2="0.00" CO="0.00" HC="0.00" NOx="0.00" PMx="0.00" fuel="0.00" electricity="0.00" noise="69.23" route="routebottom" type="cfm-fast" waiting="0.00" lane="bottom_0" pos="32.25" speed="22.80" angle="36.54" x="121.87" y="27.32"/>
        <vehicle id="cfm-slow_0" eclass="HBEFA3/PC_G_EU4" CO2="8685.67" CO="103.31" HC="0.68" NOx="3.55" PMx="0.18" fuel="3.73" electricity="0.00" noise="71.00" route="routebottom" type="cfm-slow" waiting="0.00" lane="bottom_0" pos="48.17" speed="19.87" angle="7.87" x="132.15" y="59.63"/>
        <vehicle id="cfm-slow_1" eclass="HBEFA3/PC_G_EU4" CO2="9641.07" CO="122.84" HC="0.80" NOx="4.00" PMx="0.20" fuel="4.14" electricity="0.00" noise="71.59" route="routebottom" type="cfm-slow" waiting="0.00" lane="right_0" pos="14.08" speed="20.00" angle="339.17" x="125.66" y="93.07"/>
        <vehicle id="cfm-slow_2" eclass="HBEFA3/PC_G_EU4" CO2="11382.04" CO="158.42" HC="1.00" NOx="4.82" PMx="0.25" fuel="4.89" electricity="0.00" noise="72.72" route="routebottom" type="cfm-slow" waiting="0.00" lane="right_0" pos="30.13" speed="20.32" angle="310.28" x="103.78" y="119.30"/>
        <vehicle id="cfm-slow_3" eclass="HBEFA3/PC_G_EU4" CO2="13918.63" CO="210.38" HC="1.30" NOx="6.00" PMx="0.31" fuel="5.98" electricity="0.00" noise="74.42" route="routebottom" type="cfm-slow" waiting="0.00" lane="right_0" pos="46.51" speed="20.94" angle="280.88" x="71.26" y="131.85"/>
        <vehicle id="cfm-slow_4" eclass="HBEFA3/PC_G_EU4" CO2="16844.47" CO="270.88" HC="1.65" NOx="7.35" PMx="0.39" fuel="7.24" electricity="0.00" noise="76.35" route="routetop" type="cfm-slow" waiting="0.00" lane="top_0" pos="13.55" speed="21.97" angle="250.09" x="35.31" y="126.13"/>
        <vehicle id="cfm-slow_5" eclass="HBEFA3/PC_G_EU4" CO2="19847.68" CO="334.50" HC="2.02" NOx="8.74" PMx="0.47" fuel="8.53" electricity="0.00" noise="78.21" route="routetop" type="cfm-slow" waiting="0.00" lane="top_0" pos="31.65" speed="23.38" angle="217.56" x="6.16" y="101.08"/>
    </timestep>
    <timestep time="3.37">
        <vehicle id="cfm-fast_0" eclass="HBEFA3/PC_G_EU4" CO2="23242.41" CO="408.87" HC="2.44" NOx="10.30" PMx="0.57" fuel="9.99" electricity="0.00" noise="80.12" route="routetop" type="cfm-fast" waiting="0.00" lane="left_0" pos="1.45" speed="25.11" angle="181.87" x="-4.86" y="60.44"/>
        <vehicle id="cfm-fast_1" eclass="HBEFA3/PC_G_EU4" CO2="26080.26" CO="474.28" HC="2.81" NOx="11.60" PMx="0.64" fuel="11.21" electricity="0.00" noise="81.56" route="routetop" type="cfm-fast" waiting="0.00" lane="left_0" pos="19.01" speed="26.84" angle="150.23" x="6.94" y="25.07"/>
        <vehicle id="cfm-fast_2" eclass="HBEFA3/PC_G_EU4" CO2="14911.39" CO="254.32" HC="1.53" NOx="6.29" PMx="0.36" fuel="6.41" electricity="0.00" noise="76.10" route="routetop" type="cfm-fast" waiting="0.00" lane="left_0" pos="38.35" speed="28.66" angle="115.47" x="39.07" y="-0.39"/>
        <vehicle id="cfm-fast_3" eclass="HBEFA3/PC_G_EU4" CO2="0.00" CO="0.00" HC="0.00" NOx="0.00" PMx="0.00" fuel="0.00" electricity="0.00" noise="71.58" route="routebottom" type="cfm-fast" waiting="0.00" lane="bottom_0" pos="9.50" speed="28.53" angle="77.31" x="83.90" y="-1.88"/>
        <vehicle id="cfm-fast_4" eclass="HBEFA3/PC_G_EU4" CO2="174941.34" CO="3774.39" HC="21.57" NOx="81.47" PMx="4.65" fuel="75.20" electricity="0.00" noise="136.82" route="routebottom" type="cfm-fast" waiting="0.00" lane="bottom_1" pos="36.02" speed="45.56" angle="29.72" x="122.76" y="35.87"/>
        <vehicle id="cfm-fast_5" eclass="HBEFA3/PC_G_EU4" CO2="0.00" CO="0.00" HC="0.00" NOx="0.00" PMx="0.00" fuel="0.00" electricity="0.00" noise="69.22" route="routebottom" type="cfm-fast" waiting="0.00" lane="bottom_0" pos="32.47" speed="22.79" angle="36.11" x="122.12" y="27.75"/>
        <vehicle id="cfm-slow_0" eclass="HBEFA3/PC_G_EU4" CO2="8654.50" CO="102.65" HC="0.68" NOx="3.54" PMx="0.18" fuel="3.72" electricity="0.00" noise="70.99" route="routebottom" type="cfm-slow" waiting="0.00" lane="bottom_0" pos="48.37" speed="19.88" angle="7.49" x="132.17" y="60.06"/>
        <vehicle id="cfm-slow_1" eclass="HBEFA3/PC_G_EU4" CO2="9617.50" CO="122.34" HC="0.79" NOx="3.99" PMx="0.20" fuel="4.13" electricity="0.00" noise="71.58" route="routebottom" type="cfm-slow" waiting="0.00" lane="right_0" pos="14.28" speed="20.02" angle="338.79" x="125.47" y="93.45"/>
        <vehicle id="cfm-slow_2" eclass="HBEFA3/PC_G_EU4" CO2="11366.10" CO="158.09" HC="1.00" NOx="4.81" PMx="0.25" fuel="4.89" electricity="0.00" noise="72.71" route="routebottom" type="cfm-slow" waiting="0.00" lane="right_0" pos="30.33" speed="20.33" angle="309.90" x="103.42" y="119.56"/>
        <vehicle id="cfm-slow_3" eclass="HBEFA3/PC_G_EU4" CO2="13906.19" CO="210.12" HC="1.30" NOx="5.99" PMx="0.31" fuel="5.98" electricity="0.00" noise="74.41" route="routebottom" type="cfm-slow" waiting="0.00" lane="right_0" pos="46.72" speed="20.96" angle="280.50" x="70.81" y="131.89"/>
        <vehicle id="cfm-slow_4" eclass="HBEFA3/PC_G_EU4" CO2="16831.73" CO="270.63" HC="1.65" NOx="7.35" PMx="0.39" fuel="7.24" electricity="0.00" noise="76.34" route="routetop" type="cfm-slow" waiting="0.00" lane="top_0" pos="13.77" speed="21.99" angle="249.69" x="34.87" y="125.94"/>
        <vehicle id="cfm-slow_5" eclass="HBEFA3/PC_G_EU4" CO2="19836.51" CO="334.32" HC="2.01" NOx="8.73" PMx="0.47" fuel="8.53" electricity="0.00" noise="78.20" route="routetop" type="cfm-slow" waiting="0.00" lane="top_0" pos="31.88" speed="23.41" angle="217.14" x="5.88" y="100.66"/>
    </timestep>
    <timestep time="3.38">
        <vehicle id="cfm-fast_0" eclass="HBEFA3/PC_G_EU4" CO2="23211.61" CO="408.34" HC="2.44" NOx="10.29" PMx="0.56" fuel="9.98" electricity="0.00" noise="80.10" route="routetop" type="cfm-fast" waiting="0.00" lane="left_0" pos="1.70" speed="25.14" angle="181.42" x="-4.83" y="59.90"/>
        <vehicle id="cfm-fast_1" eclass="HBEFA3/PC_G_EU4" CO2="25922.44" CO="471.18" HC="2.79" NOx="11.53" PMx="0.64" fuel="11.14" electricity="0.00" noise="81.47" route="routetop" type="cfm-fast" waiting="0.00" lane="left_0" pos="19.27" speed="26.87" angle="149.79" x="7.26" y="24.59"/>
        <vehicle id="cfm-fast_2" eclass="HBEFA3/PC_G_EU4" CO2="14597.08" CO="247.93" HC="1.50" NOx="6.14" PMx="0.35" fuel="6.27" electricity="0.00" noise="75.98" route="routetop" type="cfm-fast" waiting="0.00" lane="left_0" pos="38.64" speed="28.67" angle="115.00" x="39.65" y="-0.60"/>
        <vehicle id="cfm-fast_3" eclass="HBEFA3/PC_G_EU4" CO2="0.00" CO="0.00" HC="0.00" NOx="0.00" PMx="0.00" fuel="0.00" electricity="0.00" noise="71.56" route="routebottom" type="cfm-fast" waiting="0.00" lane="bottom_0" pos="9.79" speed="28.50" angle="76.79" x="84.48" y="-1.70"/>
        <vehicle id="cfm-fast_4" eclass="HBEFA3/PC_G_EU4" CO2="175506.04" CO="3788.81" HC="21.65" NOx="81.73" PMx="4.66" fuel="75.44" electricity="0.00" noise="136.89" route="routebottom" type="cfm-fast" waiting="0.00" lane="bottom_1" pos="36.47" speed="45.69" angle="28.85" x="123.15" y="36.72"/>
        <vehicle id="cfm-fast_5" eclass="HBEFA3/PC_G_EU4" CO2="0.00" CO="0.00" HC="0.00" NOx="0.00" PMx="0.00" fuel="0.00" electricity="0.00" noise="69.22" route="routebottom" type="cfm-fast" waiting="0.00" lane="bottom_0" pos="32.70" speed="22.79" angle="35.69" x="122.37" y="28.17"/>
        <vehicle id="cfm-slow_0" eclass="HBEFA3/PC_G_EU4" CO2="8623.73" CO="102.01" HC="0.67" NOx="3.52" PMx="0.17" fuel="3.71" electricity="0.00" noise="70.97" route="routebottom" type="cfm-slow" waiting="0.00" lane="bottom_0" pos="48.57" speed="19.89" angle="7.12" x="132.20" y="60.49"/>
        <vehicle id="cfm-slow_1" eclass="HBEFA3/PC_G_EU4" CO2="9594.34" CO="121.86" HC="0.79" NOx="3.98" PMx="0.20" fuel="4.12" electricity="0.00" noise="71.57" route="routebottom" type="cfm-slow" waiting="0.00" lane="right_0" pos="14.48" speed="20.03" angle="338.41" x="125.28" y="93.84"/>
        <vehicle id="cfm-slow_2" eclass="HBEFA3/PC_G_EU4" CO2="11350.52" CO="157.75" HC="1.00" NOx="4.80" PMx="0.25" fuel="4.88" electricity="0.00" noise="72.70" route="routebottom" type="cfm-slow" waiting="0.00" lane="right_0" pos="30.53" speed="20.35" angle="309.52" x="103.06" y="119.81"/>
        <vehicle id="cfm-slow_3" eclass="HBEFA3/PC_G_EU4" CO2="13894.07" CO="209.86" HC="1.30" NOx="5.99" PMx="0.31" fuel="5.97" electricity="0.00" noise="74.40" route="routebottom" type="cfm-slow" waiting="0.00" lane="right_0" pos="46.93" speed="20.98" angle="280.11" x="70.36" y="131.94"/>
        <vehicle id="cfm-slow_4" eclass="HBEFA3/PC_G_EU4" CO2="16819.33" CO="270.39" HC="1.65" NOx="7.34" PMx="0.39" fuel="7.23" electricity="0.00" noise="76.33" route="routetop" type="cfm-slow" waiting="0.00" lane="top_0" pos="13.99" speed="22.02" angle="249.30" x="34.44" y="125.75"/>
        <vehicle id="cfm-slow_5" eclass="HBEFA3/PC_G_EU4" CO2="19825.51" CO="334.14" HC="2.01" NOx="8.73" PMx="0.47" fuel="8.52" electricity="0.00" noise="78.19" route="routetop" type="cfm-slow" waiting="0.00" lane="top_0" pos="32.12" speed="23.43" angle="216.77" x="5.61" y="100.24"/>
    </timestep>
    <timestep time="3.39">
        <vehicle id="cfm-fast_0" eclass="HBEFA3/PC_G_EU4" CO2="23180.14" CO="407.78" HC="2.43" NOx="10.27" PMx="0.56" fuel="9.96" electricity="0.00" noise="80.08" route="routetop" type="cfm-fast" waiting="0.00" lane="left_0" pos="1.96" speed="25.17" angle="180.96" x="-4.80" y="59.36"/>
        <vehicle id="cfm-fast_1" eclass="HBEFA3/PC_G_EU4" CO2="25763.50" CO="468.05" HC="2.77" NOx="11.45" PMx="0.64" fuel="11.07" electricity="0.00" noise="81.37" route="routetop" type="cfm-fast" waiting="0.00" lane="left_0" pos="19.54" speed="26.90" angle="149.29" x="7.60" y="24.12"/>
        <vehicle id="cfm-fast_2" eclass="HBEFA3/PC_G_EU4" CO2="14284.38" CO="241.57" HC="1.46" NOx="6.00" PMx="0.34" fuel="6.14" electricity="0.00" noise="75.87" route="routetop" type="cfm-fast" waiting="0.00" lane="left_0" pos="38.93" speed="28.68" angle="114.47" x="40.23" y="-0.81"/>
        <vehicle id="cfm-fast_3" eclass="HBEFA3/PC_G_EU4" CO2="0.00" CO="0.00" HC="0.00" NOx="0.00" PMx="0.00" fuel="0.00" electricity="0.00" noise="71.55" route="routebottom" type="cfm-fast" waiting="0.00" lane="bottom_0" pos="10.07" speed="28.48" angle="76.26" x="85.07" y="-1.52"/>
        <vehicle id="cfm-fast_4" eclass="HBEFA3/PC_G_EU4" CO2="176071.03" CO="3803.24" HC="21.73" NOx="81.99" PMx="4.68" fuel="75.68" electricity="0.00" noise="136.95" route="routebottom" type="cfm-fast" waiting="0.00" lane="bottom_1" pos="36.93" speed="45.83" angle="27.97" x="123.53" y="37.58"/>
        <vehicle id="cfm-fast_5" eclass="HBEFA3/PC_G_EU4" CO2="0.00" CO="0.00" HC="0.00" NOx="0.00" PMx="0.00" fuel="0.00" electricity="0.00" noise="69.21" route="routebottom" type="cfm-fast" waiting="0.00" lane="bottom_0" pos="32.93" speed="22.78" angle="35.26" x="122.62" y="28.59"/>
        <vehicle id="cfm-slow_0" eclass="HBEFA3/PC_G_EU4" CO2="8593.37" CO="101.37" HC="0.67" NOx="3.51" PMx="0.17" fuel="3.69" electricity="0.00" noise="70.96" route="routebottom" type="cfm-slow" waiting="0.00" lane="bottom_0" pos="48.77" speed="19.90" angle="6.81" x="132.22" y="60.92"/>
        <vehicle id="cfm-slow_1" eclass="HBEFA3/PC_G_EU4" CO2="9571.57" CO="121.37" HC="0.79" NOx="3.97" PMx="0.20" fuel="4.11" electricity="0.00" noise="71.56" route="routebottom" type="cfm-slow" waiting="0.00" lane="right_0" pos="14.68" speed="20.04" angle="338.03" x="125.08" y="94.22"/>
        <vehicle id="cfm-slow_2" eclass="HBEFA3/PC_G_EU4" CO2="11335.29" CO="157.43" HC="0.99" NOx="4.79" PMx="0.25" fuel="4.87" electricity="0.00" noise="72.69" route="routebottom" type="cfm-slow" waiting="0.00" lane="right_0" pos="30.74" speed="20.36" angle="309.19" x="102.71" y="120.07"/>
        <vehicle id="cfm-slow_3" eclass="HBEFA3/PC_G_EU4" CO2="13882.26" CO="209.62" HC="1.30" NOx="5.98" PMx="0.31" fuel="5.97" electricity="0.00" noise="74.40" route="routebottom" type="cfm-slow" waiting="0.00" lane="right_0" pos="47.14" speed="21.00" angle="279.73" x="69.91" y="131.99"/>
        <vehicle id="cfm-slow_4" eclass="HBEFA3/PC_G_EU4" CO2="16807.25" CO="270.16" HC="1.65" NOx="7.34" PMx="0.39" fuel="7.22" electricity="0.00" noise="76.32" route="routetop" type="cfm-slow" waiting="0.00" lane="top_0" pos="14.21" speed="22.04" angle="248.93" x="34.01" y="125.54"/>
        <vehicle id="cfm-slow_5" eclass="HBEFA3/PC_G_EU4" CO2="19814.67" CO="333.97" HC="2.01" NOx="8.72" PMx="0.47" fuel="8.52" electricity="0.00" noise="78.18" route="routetop" type="cfm-slow" waiting="0.00" lane="top_0" pos="32.35" speed="23.46" angle="216.33" x="5.35" y="99.80"/>
    </timestep>
    <timestep time="3.40">
        <vehicle id="cfm-fast_0" eclass="HBEFA3/PC_G_EU4" CO2="23148.00" CO="407.22" HC="2.43" NOx="10.25" PMx="0.56" fuel="9.95" electricity="0.00" noise="80.05" route="routetop" type="cfm-fast" waiting="0.00" lane="left_0" pos="2.21" speed="25.20" angle="180.51" x="-4.77" y="58.82"/>
        <vehicle id="cfm-fast_1" eclass="HBEFA3/PC_G_EU4" CO2="25603.46" CO="464.90" HC="2.76" NOx="11.37" PMx="0.63" fuel="11.01" electricity="0.00" noise="81.28" route="routetop" type="cfm-fast" waiting="0.00" lane="left_0" pos="19.81" speed="26.93" angle="148.79" x="7.94" y="23.65"/>
        <vehicle id="cfm-fast_2" eclass="HBEFA3/PC_G_EU4" CO2="13973.32" CO="235.24" HC="1.42" NOx="5.85" PMx="0.33" fuel="6.01" electricity="0.00" noise="75.75" route="routetop" type="cfm-fast" waiting="0.00" lane="left_0" pos="39.21" speed="28.69" angle="113.94" x="40.81" y="-1.02"/>
        <vehicle id="cfm-fast_3" eclass="HBEFA3/PC_G_EU4" CO2="0.00" CO="0.00" HC="0.00" NOx="0.00" PMx="0.00" fuel="0.00" electricity="0.00" noise="71.53" route="routebottom" type="cfm-fast" waiting="0.00" lane="bottom_0" pos="10.36" speed="28.46" angle="75.81" x="85.65" y="-1.33"/>
        <vehicle id="cfm-fast_4" eclass="HBEFA3/PC_G_EU4" CO2="176636.31" CO="3817.70" HC="21.81" NOx="82.26" PMx="4.69" fuel="75.93" electricity="0.00" noise="137.02" route="routebottom" type="cfm-fast" waiting="0.00" lane="bottom_1" pos="37.39" speed="45.97" angle="27.19" x="123.90" y="38.45"/>
        <vehicle id="cfm-fast_5" eclass="HBEFA3/PC_G_EU4" CO2="0.00" CO="0.00" HC="0.00" NOx="0.00" PMx="0.00" fuel="0.00" electricity="0.00" noise="69.20" route="routebottom" type="cfm-fast" waiting="0.00" lane="bottom_0" pos="33.16" speed="22.77" angle="34.83" x="122.87" y="29.01"/>
        <vehicle id="cfm-slow_0" eclass="HBEFA3/PC_G_EU4" CO2="8563.39" CO="100.74" HC="0.67" NOx="3.49" PMx="0.17" fuel="3.68" electricity="0.00" noise="70.95" route="routebottom" type="cfm-slow" waiting="0.00" lane="bottom_0" pos="48.97" speed="19.91" angle="6.44" x="132.23" y="61.34"/>
        <vehicle id="cfm-slow_1" eclass="HBEFA3/PC_G_EU4" CO2="9549.19" CO="120.90" HC="0.78" NOx="3.96" PMx="0.20" fuel="4.10" electricity="0.00" noise="71.55" route="routebottom" type="cfm-slow" waiting="0.00" lane="right_0" pos="14.88" speed="20.05" angle="337.64" x="124.89" y="94.61"/>
        <vehicle id="cfm-slow_2" eclass="HBEFA3/PC_G_EU4" CO2="11320.41" CO="157.11" HC="0.99" NOx="4.78" PMx="0.25" fuel="4.87" electricity="0.00" noise="72.69" route="routebottom" type="cfm-slow" waiting="0.00" lane="right_0" pos="30.94" speed="20.38" angle="308.83" x="102.35" y="120.32"/>
        <vehicle id="cfm-slow_3" eclass="HBEFA3/PC_G_EU4" CO2="13870.75" CO="209.38" HC="1.29" NOx="5.97" PMx="0.31" fuel="5.96" electricity="0.00" noise="74.39" route="routebottom" type="cfm-slow" waiting="0.00" lane="right_0" pos="47.35" speed="21.02" angle="279.35" x="69.46" y="132.03"/>
        <vehicle id="cfm-slow_4" eclass="HBEFA3/PC_G_EU4" CO2="16795.49" CO="269.93" HC="1.64" NOx="7.33" PMx="0.39" fuel="7.22" electricity="0.00" noise="76.32" route="routetop" type="cfm-slow" waiting="0.00" lane="top_0" pos="14.43" speed="22.06" angle="248.51" x="33.59" y="125.33"/>
        <vehicle id="cfm-slow_5" eclass="HBEFA3/PC_G_EU4" CO2="19803.97" CO="333.80" HC="2.01" NOx="8.72" PMx="0.47" fuel="8.51" electricity="0.00" noise="78.17" route="routetop" type="cfm-slow" waiting="0.00" lane="top_0" pos="32.59" speed="23.48" angle="215.88" x="5.09" y="99.37"/>
    </timestep>
    <timestep time="3.41">
        <vehicle id="cfm-fast_0" eclass="HBEFA3/PC_G_EU4" CO2="23115.17" CO="406.64" HC="2.43" NOx="10.24" PMx="0.56" fuel="9.94" electricity="0.00" noise="80.03" route="routetop" type="cfm-fast" waiting="0.00" lane="left_0" pos="2.46" speed="25.23" angle="180.06" x="-4.74" y="58.28"/>
        <vehicle id="cfm-fast_1" eclass="HBEFA3/PC_G_EU4" CO2="25442.34" CO="461.72" HC="2.74" NOx="11.30" PMx="0.63" fuel="10.94" electricity="0.00" noise="81.18" route="routetop" type="cfm-fast" waiting="0.00" lane="left_0" pos="20.08" speed="26.96" angle="148.29" x="8.28" y="23.18"/>
        <vehicle id="cfm-fast_2" eclass="HBEFA3/PC_G_EU4" CO2="13663.92" CO="228.94" HC="1.39" NOx="5.70" PMx="0.33" fuel="5.87" electricity="0.00" noise="75.64" route="routetop" type="cfm-fast" waiting="0.00" lane="left_0" pos="39.50" speed="28.70" angle="113.41" x="41.39" y="-1.23"/>
        <vehicle id="cfm-fast_3" eclass="HBEFA3/PC_G_EU4" CO2="0.00" CO="0.00" HC="0.00" NOx="0.00" PMx="0.00" fuel="0.00" electricity="0.00" noise="71.52" route="routebottom" type="cfm-fast" waiting="0.00" lane="bottom_0" pos="10.64" speed="28.44" angle="75.28" x="86.22" y="-1.12"/>
        <vehicle id="cfm-fast_4" eclass="HBEFA3/PC_G_EU4" CO2="177201.89" CO="3832.18" HC="21.89" NOx="82.52" PMx="4.71" fuel="76.17" electricity="0.00" noise="137.09" route="routebottom" type="cfm-fast" waiting="0.00" lane="bottom_1" pos="37.85" speed="46.10" angle="26.34" x="124.25" y="39.33"/>
        <vehicle id="cfm-fast_5" eclass="HBEFA3/PC_G_EU4" CO2="0.00" CO="0.00" HC="0.00" NOx="0.00" PMx="0.00" fuel="0.00" electricity="0.00" noise="69.19" route="routebottom" type="cfm-fast" waiting="0.00" lane="bottom_0" pos="33.38" speed="22.76" angle="34.47" x="123.12" y="29.43"/>
        <vehicle id="cfm-slow_0" eclass="HBEFA3/PC_G_EU4" CO2="8533.81" CO="100.12" HC="0.66" NOx="3.48" PMx="0.17" fuel="3.67" electricity="0.00" noise="70.93" route="routebottom" type="cfm-slow" waiting="0.00" lane="bottom_0" pos="49.16" speed="19.92" angle="6.07" x="132.24" y="61.77"/>
        <vehicle id="cfm-slow_1" eclass="HBEFA3/PC_G_EU4" CO2="9527.20" CO="120.44" HC="0.78" NOx="3.95" PMx="0.20" fuel="4.10" electricity="0.00" noise="71.54" route="routebottom" type="cfm-slow" waiting="0.00" lane="right_0" pos="15.08" speed="20.07" angle="337.26" x="124.69" y="94.99"/>
        <vehicle id="cfm-slow_2" eclass="HBEFA3/PC_G_EU4" CO2="11305.88" CO="156.81" HC="0.99" NOx="4.78" PMx="0.25" fuel="4.86" electricity="0.00" noise="72.68" route="routebottom" type="cfm-slow" waiting="0.00" lane="right_0" pos="31.14" speed="20.39" angle="308.47" x="101.98" y="120.56"/>
        <vehicle id="cfm-slow_3" eclass="HBEFA3/PC_G_EU4" CO2="13859.56" CO="209.15" HC="1.29" NOx="5.97" PMx="0.31" fuel="5.96" electricity="0.00" noise="74.38" route="routebottom" type="cfm-slow" waiting="0.00" lane="right_0" pos="47.56" speed="21.04" angle="279.02" x="69.01" y="132.07"/>
        <vehicle id="cfm-slow_4" eclass="HBEFA3/PC_G_EU4" CO2="16784.05" CO="269.72" HC="1.64" NOx="7.32" PMx="0.39" fuel="7.21" electricity="0.00" noise="76.31" route="routetop" type="cfm-slow" waiting="0.00" lane="top_0" pos="14.65" speed="22.09" angle="248.09" x="33.16" y="125.11"/>
        <vehicle id="cfm-slow_5" eclass="HBEFA3/PC_G_EU4" CO2="19793.42" CO="333.63" HC="2.01" NOx="8.71" PMx="0.47" fuel="8.51" electricity="0.00" noise="78.16" route="routetop" type="cfm-slow" waiting="0.00" lane="top_0" pos="32.82" speed="23.51" angle="215.44" x="4.83" y="98.94"/>
    </timestep>
    <timestep time="3.42">
        <vehicle id="cfm-fast_0" eclass="HBEFA3/PC_G_EU4" CO2="23081.66" CO="406.05" HC="2.42" NOx="10.22" PMx="0.56" fuel="9.92" electricity="0.00" noise="80.01" route="routetop" type="cfm-fast" waiting="0.00" lane="left_0" pos="2.71" speed="25.26" angle="179.63" x="-4.69" y="57.74"/>
        <vehicle id="cfm-fast_1" eclass="HBEFA3/PC_G_EU4" CO2="25280.16" CO="458.52" HC="2.72" NOx="11.22" PMx="0.62" fuel="10.87" electricity="0.00" noise="81.08" route="routetop" type="cfm-fast" waiting="0.00" lane="left_0" pos="20.35" speed="26.99" angle="147.79" x="8.62" y="22.71"/>
        <vehicle id="cfm-fast_2" eclass="HBEFA3/PC_G_EU4" CO2="13356.21" CO="222.67" HC="1.35" NOx="5.56" PMx="0.32" fuel="5.74" electricity="0.00" noise="75.53" route="routetop" type="cfm-fast" waiting="0.00" lane="left_0" pos="39.79" speed="28.71" angle="112.95" x="41.98" y="-1.43"/>
        <vehicle id="cfm-fast_3" eclass="HBEFA3/PC_G_EU4" CO2="0.00" CO="0.00" HC="0.00" NOx="0.00" PMx="0.00" fuel="0.00" electricity="0.00" noise="71.50" route="routebottom" type="cfm-fast" waiting="0.00" lane="bottom_0" pos="10.92" speed="28.42" angle="74.75" x="86.80" y="-0.92"/>
        <vehicle id="cfm-fast_4" eclass="HBEFA3/PC_G_EU4" CO2="177767.75" CO="3846.68" HC="21.97" NOx="82.79" PMx="4.73" fuel="76.41" electricity="0.00" noise="137.15" route="routebottom" type="cfm-fast" waiting="0.00" lane="bottom_1" pos="38.31" speed="46.24" angle="25.49" x="124.60" y="40.21"/>
        <vehicle id="cfm-fast_5" eclass="HBEFA3/PC_G_EU4" CO2="0.00" CO="0.00" HC="0.00" NOx="0.00" PMx="0.00" fuel="0.00" electricity="0.00" noise="69.19" route="routebottom" type="cfm-fast" waiting="0.00" lane="bottom_0" pos="33.61" speed="22.76" angle="34.05" x="123.36" y="29.86"/>
        <vehicle id="cfm-slow_0" eclass="HBEFA3/PC_G_EU4" CO2="8504.62" CO="99.51" HC="0.66" NOx="3.47" PMx="0.17" fuel="3.66" electricity="0.00" noise="70.92" route="routebottom" type="cfm-slow" waiting="0.00" lane="bottom_0" pos="49.36" speed="19.93" angle="5.69" x="132.24" y="62.20"/>
        <vehicle id="cfm-slow_1" eclass="HBEFA3/PC_G_EU4" CO2="9505.60" CO="119.98" HC="0.78" NOx="3.94" PMx="0.20" fuel="4.09" electricity="0.00" noise="71.53" route="routebottom" type="cfm-slow" waiting="0.00" lane="right_0" pos="15.28" speed="20.08" angle="336.91" x="124.50" y="95.38"/>
        <vehicle id="cfm-slow_2" eclass="HBEFA3/PC_G_EU4" CO2="11291.69" CO="156.50" HC="0.99" NOx="4.77" PMx="0.25" fuel="4.85" electricity="0.00" noise="72.67" route="routebottom" type="cfm-slow" waiting="0.00" lane="right_0" pos="31.35" speed="20.41" angle="308.10" x="101.62" y="120.81"/>
        <vehicle id="cfm-slow_3" eclass="HBEFA3/PC_G_EU4" CO2="13848.67" CO="208.92" HC="1.29" NOx="5.96" PMx="0.31" fuel="5.95" electricity="0.00" noise="74.38" route="routebottom" type="cfm-slow" waiting="0.00" lane="right_0" pos="47.77" speed="21.06" angle="278.62" x="68.56" y="132.10"/>
        <vehicle id="cfm-slow_4" eclass="HBEFA3/PC_G_EU4" CO2="16772.93" CO="269.50" HC="1.64" NOx="7.32" PMx="0.39" fuel="7.21" electricity="0.00" noise="76.30" route="routetop" type="cfm-slow" waiting="0.00" lane="top_0" pos="14.87" speed="22.11" angle="247.67" x="32.74" y="124.90"/>
        <vehicle id="cfm-slow_5" eclass="HBEFA3/PC_G_EU4" CO2="19783.00" CO="333.47" HC="2.01" NOx="8.70" PMx="0.47" fuel="8.50" electricity="0.00" noise="78.15" route="routetop" type="cfm-slow" waiting="0.00" lane="top_0" pos="33.06" speed="23.54" angle="214.99" x="4.57" y="98.50"/>
    </timestep>
    <timestep time="3.43">
        <vehicle id="cfm-fast_0" eclass="HBEFA3/PC_G_EU4" CO2="23047.44" CO="405.44" HC="2.42" NOx="10.21" PMx="0.56" fuel="9.91" electricity="0.00" noise="79.98" route="routetop" type="cfm-fast" waiting="0.00" lane="left_0" pos="2.97" speed="25.29" angle="179.18" x="-4.63" y="57.20"/>
        <vehicle id="cfm-fast_1" eclass="HBEFA3/PC_G_EU4" CO2="25116.93" CO="455.30" HC="2.70" NOx="11.14" PMx="0.62" fuel="10.80" electricity="0.00" noise="80.99" route="routetop" type="cfm-fast" waiting="0.00" lane="left_0" pos="20.62" speed="27.02" angle="147.35" x="8.97" y="22.25"/>
        <vehicle id="cfm-fast_2" eclass="HBEFA3/PC_G_EU4" CO2="13050.22" CO="216.43" HC="1.31" NOx="5.41" PMx="0.31" fuel="5.61" electricity="0.00" noise="75.42" route="routetop" type="cfm-fast" waiting="0.00" lane="left_0" pos="40.08" speed="28.72" angle="112.41" x="42.57" y="-1.62"/>
        <vehicle id="cfm-fast_3" eclass="HBEFA3/PC_G_EU4" CO2="0.00" CO="0.00" HC="0.00" NOx="0.00" PMx="0.00" fuel="0.00" electricity="0.00" noise="71.48" route="routebottom" type="cfm-fast" waiting="0.00" lane="bottom_0" pos="11.21" speed="28.40" angle="74.22" x="87.37" y="-0.71"/>
        <vehicle id="cfm-fast_4" eclass="HBEFA3/PC_G_EU4" CO2="178333.91" CO="3861.20" HC="22.05" NOx="83.05" PMx="4.74" fuel="76.66" electricity="0.00" noise="137.22" route="routebottom" type="cfm-fast" waiting="0.00" lane="bottom_1" pos="38.78" speed="46.38" angle="24.70" x="124.93" y="41.10"/>
        <vehicle id="cfm-fast_5" eclass="HBEFA3/PC_G_EU4" CO2="0.00" CO="0.00" HC="0.00" NOx="0.00" PMx="0.00" fuel="0.00" electricity="0.00" noise="69.18" route="routebottom" type="cfm-fast" waiting="0.00" lane="bottom_0" pos="33.84" speed="22.75" angle="33.63" x="123.59" y="30.29"/>
        <vehicle id="cfm-slow_0" eclass="HBEFA3/PC_G_EU4" CO2="8475.82" CO="98.91" HC="0.66" NOx="3.45" PMx="0.17" fuel="3.64" electricity="0.00" noise="70.91" route="routebottom" type="cfm-slow" waiting="0.00" lane="bottom_0" pos="49.56" speed="19.94" angle="5.32" x="132.25" y="62.63"/>
        <vehicle id="cfm-slow_1" eclass="HBEFA3/PC_G_EU4" CO2="9484.38" CO="119.54" HC="0.78" NOx="3.93" PMx="0.20" fuel="4.08" electricity="0.00" noise="71.52" route="routebottom" type="cfm-slow" waiting="0.00" lane="right_0" pos="15.48" speed="20.09" angle="336.59" x="124.30" y="95.76"/>
        <vehicle id="cfm-slow_2" eclass="HBEFA3/PC_G_EU4" CO2="11277.84" CO="156.21" HC="0.99" NOx="4.76" PMx="0.24" fuel="4.85" electricity="0.00" noise="72.67" route="routebottom" type="cfm-slow" waiting="0.00" lane="right_0" pos="31.55" speed="20.42" angle="307.73" x="101.25" y="121.05"/>
        <vehicle id="cfm-slow_3" eclass="HBEFA3/PC_G_EU4" CO2="13838.08" CO="208.70" HC="1.29" NOx="5.96" PMx="0.31" fuel="5.95" electricity="0.00" noise="74.37" route="routebottom" type="cfm-slow" waiting="0.00" lane="right_0" pos="47.98" speed="21.08" angle="278.23" x="68.10" y="132.12"/>
        <vehicle id="cfm-slow_4" eclass="HBEFA3/PC_G_EU4" CO2="16762.12" CO="269.30" HC="1.64" NOx="7.31" PMx="0.39" fuel="7.21" electricity="0.00" noise="76.29" route="routetop" type="cfm-slow" waiting="0.00" lane="top_0" pos="15.09" speed="22.13" angle="247.25" x="32.31" y="124.68"/>
        <vehicle id="cfm-slow_5" eclass="HBEFA3/PC_G_EU4" CO2="19772.71" CO="333.31" HC="2.01" NOx="8.70" PMx="0.47" fuel="8.50" electricity="0.00" noise="78.14" route="routetop" type="cfm-slow" waiting="0.00" lane="top_0" pos="33.29" speed="23.56" angle="214.58" x="4.31" y="98.07"/>
    </timestep>
    <timestep time="3.44">
        <vehicle id="cfm-fast_0" eclass="HBEFA3/PC_G_EU4" CO2="23012.53" CO="404.82" HC="2.42" NOx="10.19" PMx="0.56" fuel="9.89" electricity="0.00" noise="79.96" route="routetop" type="cfm-fast" waiting="0.00" lane="left_0" pos="3.22" speed="25.31" angle="178.72" x="-4.58" y="56.66"/>
        <vehicle id="cfm-fast_1" eclass="HBEFA3/PC_G_EU4" CO2="24952.68" CO="452.06" HC="2.68" NOx="11.07" PMx="0.62" fuel="10.73" electricity="0.00" noise="80.89" route="routetop" type="cfm-fast" waiting="0.00" lane="left_0" pos="20.89" speed="27.05" angle="146.86" x="9.33" y="21.79"/>
        <vehicle id="cfm-fast_2" eclass="HBEFA3/PC_G_EU4" CO2="12745.97" CO="210.23" HC="1.28" NOx="5.27" PMx="0.30" fuel="5.48" electricity="0.00" noise="75.32" route="routetop" type="cfm-fast" waiting="0.00" lane="left_0" pos="40.36" speed="28.73" angle="111.87" x="43.16" y="-1.80"/>
        <vehicle id="cfm-fast_3" eclass="HBEFA3/PC_G_EU4" CO2="0.00" CO="0.00" HC="0.00" NOx="0.00" PMx="0.00" fuel="0.00" electricity="0.00" noise="71.47" route="routebottom" type="cfm-fast" waiting="0.00" lane="bottom_0" pos="11.49" speed="28.38" angle="73.75" x="87.95" y="-0.50"/>
        <vehicle id="cfm-fast_4" eclass="HBEFA3/PC_G_EU4" CO2="178900.36" CO="3875.75" HC="22.13" NOx="83.32" PMx="4.76" fuel="76.90" electricity="0.00" noise="137.28" route="routebottom" type="cfm-fast" waiting="0.00" lane="bottom_1" pos="39.24" speed="46.51" angle="23.86" x="125.26" y="41.99"/>
        <vehicle id="cfm-fast_5" eclass="HBEFA3/PC_G_EU4" CO2="0.00" CO="0.00" HC="0.00" NOx="0.00" PMx="0.00" fuel="0.00" electricity="0.00" noise="69.17" route="routebottom" type="cfm-fast" waiting="0.00" lane="bottom_0" pos="34.07" speed="22.74" angle="33.21" x="123.83" y="30.72"/>
        <vehicle id="cfm-slow_0" eclass="HBEFA3/PC_G_EU4" CO2="8447.41" CO="98.31" HC="0.65" NOx="3.44" PMx="0.17" fuel="3.63" electricity="0.00" noise="70.89" route="routebottom" type="cfm-slow" waiting="0.00" lane="bottom_0" pos="49.76" speed="19.95" angle="4.95" x="132.26" y="63.06"/>
        <vehicle id="cfm-slow_1" eclass="HBEFA3/PC_G_EU4" CO2="9463.55" CO="119.10" HC="0.77" NOx="3.92" PMx="0.20" fuel="4.07" electricity="0.00" noise="71.51" route="routebottom" type="cfm-slow" waiting="0.00" lane="right_0" pos="15.68" speed="20.10" angle="336.22" x="124.09" y="96.14"/>
        <vehicle id="cfm-slow_2" eclass="HBEFA3/PC_G_EU4" CO2="11264.33" CO="155.92" HC="0.99" NOx="4.76" PMx="0.24" fuel="4.84" electricity="0.00" noise="72.66" route="routebottom" type="cfm-slow" waiting="0.00" lane="right_0" pos="31.76" speed="20.44" angle="307.36" x="100.89" y="121.29"/>
        <vehicle id="cfm-slow_3" eclass="HBEFA3/PC_G_EU4" CO2="13827.80" CO="208.49" HC="1.29" NOx="5.95" PMx="0.31" fuel="5.94" electricity="0.00" noise="74.36" route="routebottom" type="cfm-slow" waiting="0.00" lane="right_0" pos="48.19" speed="21.09" angle="277.83" x="67.65" y="132.15"/>
        <vehicle id="cfm-slow_4" eclass="HBEFA3/PC_G_EU4" CO2="16751.62" CO="269.10" HC="1.64" NOx="7.31" PMx="0.39" fuel="7.20" electricity="0.00" noise="76.28" route="routetop" type="cfm-slow" waiting="0.00" lane="top_0" pos="15.31" speed="22.15" angle="246.86" x="31.89" y="124.47"/>
        <vehicle id="cfm-slow_5" eclass="HBEFA3/PC_G_EU4" CO2="19762.52" CO="333.15" HC="2.01" NOx="8.69" PMx="0.47" fuel="8.49" electricity="0.00" noise="78.13" route="routetop" type="cfm-slow" waiting="0.00" lane="top_0" pos="33.53" speed="23.59" angle="214.18" x="4.06" y="97.63"/>
    </timestep>
    <timestep time="3.45">
        <vehicle id="cfm-fast_0" eclass="HBEFA3/PC_G_EU4" CO2="22976.90" CO="404.18" HC="2.41" NOx="10.17" PMx="0.56" fuel="9.88" electricity="0.00" noise="79.93" route="routetop" type="cfm-fast" waiting="0.00" lane="left_0" pos="3.47" speed="25.34" angle="178.27" x="-4.52" y="56.11"/>
        <vehicle id="cfm-fast_1" eclass="HBEFA3/PC_G_EU4" CO2="24787.43" CO="448.80" HC="2.66" NOx="10.99" PMx="0.61" fuel="10.65" electricity="0.00" noise="80.79" route="routetop" type="cfm-fast" waiting="0.00" lane="left_0" pos="21.16" speed="27.08" angle="146.36" x="9.69" y="21.33"/>
        <vehicle id="cfm-fast_2" eclass="HBEFA3/PC_G_EU4" CO2="12443.47" CO="204.06" HC="1.24" NOx="5.13" PMx="0.29" fuel="5.35" electricity="0.00" noise="75.22" route="routetop" type="cfm-fast" waiting="0.00" lane="left_0" pos="40.65" speed="28.74" angle="111.33" x="43.75" y="-1.98"/>
        <vehicle id="cfm-fast_3" eclass="HBEFA3/PC_G_EU4" CO2="0.00" CO="0.00" HC="0.00" NOx="0.00" PMx="0.00" fuel="0.00" electricity="0.00" noise="71.45" route="routebottom" type="cfm-fast" waiting="0.00" lane="bottom_0" pos="11.78" speed="28.35" angle="73.25" x="88.52" y="-0.28"/>
        <vehicle id="cfm-fast_4" eclass="HBEFA3/PC_G_EU4" CO2="179467.10" CO="3890.31" HC="22.21" NOx="83.58" PMx="4.77" fuel="77.14" electricity="0.00" noise="137.35" route="routebottom" type="cfm-fast" waiting="0.00" lane="bottom_1" pos="39.71" speed="46.65" angle="23.07" x="125.59" y="42.89"/>
        <vehicle id="cfm-fast_5" eclass="HBEFA3/PC_G_EU4" CO2="0.00" CO="0.00" HC="0.00" NOx="0.00" PMx="0.00" fuel="0.00" electricity="0.00" noise="69.17" route="routebottom" type="cfm-fast" waiting="0.00" lane="bottom_0" pos="34.29" speed="22.73" angle="32.79" x="124.06" y="31.14"/>
        <vehicle id="cfm-slow_0" eclass="HBEFA3/PC_G_EU4" CO2="8419.38" CO="97.73" HC="0.65" NOx="3.43" PMx="0.17" fuel="3.62" electricity="0.00" noise="70.88" route="routebottom" type="cfm-slow" waiting="0.00" lane="bottom_0" pos="49.96" speed="19.96" angle="4.60" x="132.27" y="63.49"/>
        <vehicle id="cfm-slow_1" eclass="HBEFA3/PC_G_EU4" CO2="9443.10" CO="118.66" HC="0.77" NOx="3.91" PMx="0.20" fuel="4.06" electricity="0.00" noise="71.50" route="routebottom" type="cfm-slow" waiting="0.00" lane="right_0" pos="15.88" speed="20.11" angle="335.86" x="123.88" y="96.52"/>
        <vehicle id="cfm-slow_2" eclass="HBEFA3/PC_G_EU4" CO2="11251.16" CO="155.64" HC="0.98" NOx="4.75" PMx="0.24" fuel="4.84" electricity="0.00" noise="72.66" route="routebottom" type="cfm-slow" waiting="0.00" lane="right_0" pos="31.96" speed="20.45" angle="307.01" x="100.52" y="121.54"/>
        <vehicle id="cfm-slow_3" eclass="HBEFA3/PC_G_EU4" CO2="13817.81" CO="208.28" HC="1.29" NOx="5.95" PMx="0.31" fuel="5.94" electricity="0.00" noise="74.36" route="routebottom" type="cfm-slow" waiting="0.00" lane="right_0" pos="48.40" speed="21.11" angle="277.44" x="67.20" y="132.17"/>
        <vehicle id="cfm-slow_4" eclass="HBEFA3/PC_G_EU4" CO2="16741.42" CO="268.91" HC="1.64" NOx="7.30" PMx="0.39" fuel="7.20" electricity="0.00" noise="76.28" route="routetop" type="cfm-slow" waiting="0.00" lane="top_0" pos="15.53" speed="22.18" angle="246.49" x="31.47" y="124.24"/>
        <vehicle id="cfm-slow_5" eclass="HBEFA3/PC_G_EU4" CO2="19752.44" CO="333.00" HC="2.01" NOx="8.69" PMx="0.47" fuel="8.49" electricity="0.00" noise="78.12" route="routetop" type="cfm-slow" waiting="0.00" lane="top_0" pos="33.77" speed="23.61" angle="213.75" x="3.81" y="97.18"/>
    </timestep>
    <timestep time="3.46">
        <vehicle id="cfm-fast_0" eclass="HBEFA3/PC_G_EU4" CO2="22940.56" CO="403.53" HC="2.41" NOx="10.15" PMx="0.56" fuel="9.86" electricity="0.00" noise="79.91" route="routetop" type="cfm-fast" waiting="0.00" lane="left_0" pos="3.73" speed="25.37" angle="177.81" x="-4.47" y="55.57"/>
        <vehicle id="cfm-fast_1" eclass="HBEFA3/PC_G_EU4" CO2="24621.20" CO="445.52" HC="2.64" NOx="10.91" PMx="0.61" fuel="10.58" electricity="0.00" noise="80.70" route="routetop" type="cfm-fast" waiting="0.00" lane="left_0" pos="21.43" speed="27.11" angle="145.86" x="10.05" y="20.87"/>
        <vehicle id="cfm-fast_2" eclass="HBEFA3/PC_G_EU4" CO2="12142.76" CO="197.93" HC="1.21" NOx="4.98" PMx="0.29" fuel="5.22" electricity="0.00" noise="75.12" route="routetop" type="cfm-fast" waiting="0.00" lane="left_0" pos="40.94" speed="28.75" angle="110.80" x="44.34" y="-2.17"/>
        <vehicle id="cfm-fast_3" eclass="HBEFA3/PC_G_EU4" CO2="0.00" CO="0.00" HC="0.00" NOx="0.00" PMx="0.00" fuel="0.00" electricity="0.00" noise="71.44" route="routebottom" type="cfm-fast" waiting="0.00" lane="bottom_0" pos="12.06" speed="28.33" angle="72.74" x="89.08" y="-0.05"/>
        <vehicle id="cfm-fast_4" eclass="HBEFA3/PC_G_EU4" CO2="180034.13" CO="3904.90" HC="22.29" NOx="83.85" PMx="4.79" fuel="77.39" electricity="0.00" noise="137.41" route="routebottom" type="cfm-fast" waiting="0.00" lane="bottom_1" pos="40.18" speed="46.78" angle="22.22" x="125.88" y="43.81"/>
        <vehicle id="cfm-fast_5" eclass="HBEFA3/PC_G_EU4" CO2="0.00" CO="0.00" HC="0.00" NOx="0.00" PMx="0.00" fuel="0.00" electricity="0.00" noise="69.16" route="routebottom" type="cfm-fast" waiting="0.00" lane="bottom_0" pos="34.52" speed="22.73" angle="32.39" x="124.30" y="31.57"/>
        <vehicle id="cfm-slow_0" eclass="HBEFA3/PC_G_EU4" CO2="8391.73" CO="97.15" HC="0.65" NOx="3.41" PMx="0.17" fuel="3.61" electricity="0.00" noise="70.87" route="routebottom" type="cfm-slow" waiting="0.00" lane="right_0" pos="0.16" speed="19.97" angle="4.17" x="132.26" y="64.11"/>
        <vehicle id="cfm-slow_1" eclass="HBEFA3/PC_G_EU4" CO2="9423.02" CO="118.24" HC="0.77" NOx="3.90" PMx="0.20" fuel="4.05" electricity="0.00" noise="71.49" route="routebottom" type="cfm-slow" waiting="0.00" lane="right_0" pos="16.08" speed="20.13" angle="335.49" x="123.67" y="96.90"/>
        <vehicle id="cfm-slow_2" eclass="HBEFA3/PC_G_EU4" CO2="11238.33" CO="155.37" HC="0.98" NOx="4.74" PMx="0.24" fuel="4.83" electricity="0.00" noise="72.65" route="routebottom" type="cfm-slow" waiting="0.00" lane="right_0" pos="32.17" speed="20.47" angle="306.69" x="100.15" y="121.77"/>
        <vehicle id="cfm-slow_3" eclass="HBEFA3/PC_G_EU4" CO2="13808.13" CO="208.08" HC="1.29" NOx="5.94" PMx="0.31" fuel="5.94" electricity="0.00" noise="74.35" route="routebottom" type="cfm-slow" waiting="0.00" lane="right_0" pos="48.61" speed="21.13" angle="277.04" x="66.74" y="132.20"/>
        <vehicle id="cfm-slow_4" eclass="HBEFA3/PC_G_EU4" CO2="16731.53" CO="268.73" HC="1.64" NOx="7.30" PMx="0.39" fuel="7.19" electricity="0.00" noise="76.27" route="routetop" type="cfm-slow" waiting="0.00" lane="top_0" pos="15.75" speed="22.20" angle="246.09" x="31.05" y="124.01"/>
        <vehicle id="cfm-slow_5" eclass="HBEFA3/PC_G_EU4" CO2="19742.45" CO="332.84" HC="2.01" NOx="8.68" PMx="0.47" fuel="8.49" electricity="0.00" noise="78.11" route="routetop" type="cfm-slow" waiting="0.00" lane="top_0" pos="34.00" speed="23.64" angle="213.32" x="3.56" y="96.74"/>
    </timestep>
    <timestep time="3.47">
        <vehicle id="cfm-fast_0" eclass="HBEFA3/PC_G_EU4" CO2="22903.49" CO="402.87" HC="2.40" NOx="10.14" PMx="0.56" fuel="9.85" electricity="0.00" noise="79.88" route="routetop" type="cfm-fast" waiting="0.00" lane="left_0" pos="3.98" speed="25.40" angle="177.38" x="-4.40" y="55.03"/>
        <vehicle id="cfm-fast_1" eclass="HBEFA3/PC_G_EU4" CO2="24454.00" CO="442.21" HC="2.62" NOx="10.83" PMx="0.60" fuel="10.51" electricity="0.00" noise="80.60" route="routetop" type="cfm-fast" waiting="0.00" lane="left_0" pos="21.71" speed="27.13" angle="145.39" x="10.41" y="20.41"/>
        <vehicle id="cfm-fast_2" eclass="HBEFA3/PC_G_EU4" CO2="11843.86" CO="191.83" HC="1.17" NOx="4.84" PMx="0.28" fuel="5.09" electricity="0.00" noise="75.02" route="routetop" type="cfm-fast" waiting="0.00" lane="left_0" pos="41.23" speed="28.76" angle="110.32" x="44.93" y="-2.33"/>
        <vehicle id="cfm-fast_3" eclass="HBEFA3/PC_G_EU4" CO2="0.00" CO="0.00" HC="0.00" NOx="0.00" PMx="0.00" fuel="0.00" electricity="0.00" noise="71.42" route="routebottom" type="cfm-fast" waiting="0.00" lane="bottom_0" pos="12.34" speed="28.31" angle="72.24" x="89.65" y="0.17"/>
        <vehicle id="cfm-fast_4" eclass="HBEFA3/PC_G_EU4" CO2="180601.46" CO="3919.51" HC="22.37" NOx="84.11" PMx="4.81" fuel="77.63" electricity="0.00" noise="137.48" route="routebottom" type="cfm-fast" waiting="0.00" lane="bottom_1" pos="40.65" speed="46.92" angle="21.35" x="126.16" y="44.73"/>
        <vehicle id="cfm-fast_5" eclass="HBEFA3/PC_G_EU4" CO2="0.00" CO="0.00" HC="0.00" NOx="0.00" PMx="0.00" fuel="0.00" electricity="0.00" noise="69.15" route="routebottom" type="cfm-fast" waiting="0.00" lane="bottom_0" pos="34.75" speed="22.72" angle="32.02" x="124.53" y="32.00"/>
        <vehicle id="cfm-slow_0" eclass="HBEFA3/PC_G_EU4" CO2="8364.46" CO="96.58" HC="0.64" NOx="3.40" PMx="0.17" fuel="3.60" electricity="0.00" noise="70.86" route="routebottom" type="cfm-slow" waiting="0.00" lane="right_0" pos="0.36" speed="19.98" angle="3.81" x="132.26" y="64.54"/>
        <vehicle id="cfm-slow_1" eclass="HBEFA3/PC_G_EU4" CO2="9403.32" CO="117.83" HC="0.77" NOx="3.89" PMx="0.20" fuel="4.04" electricity="0.00" noise="71.48" route="routebottom" type="cfm-slow" waiting="0.00" lane="right_0" pos="16.29" speed="20.14" angle="335.13" x="123.46" y="97.28"/>
        <vehicle id="cfm-slow_2" eclass="HBEFA3/PC_G_EU4" CO2="11225.82" CO="155.10" HC="0.98" NOx="4.74" PMx="0.24" fuel="4.83" electricity="0.00" noise="72.65" route="routebottom" type="cfm-slow" waiting="0.00" lane="right_0" pos="32.37" speed="20.48" angle="306.30" x="99.77" y="122.00"/>
        <vehicle id="cfm-slow_3" eclass="HBEFA3/PC_G_EU4" CO2="13798.74" CO="207.89" HC="1.29" NOx="5.94" PMx="0.31" fuel="5.93" electricity="0.00" noise="74.35" route="routebottom" type="cfm-slow" waiting="0.00" lane="right_0" pos="48.82" speed="21.15" angle="276.71" x="66.29" y="132.22"/>
        <vehicle id="cfm-slow_4" eclass="HBEFA3/PC_G_EU4" CO2="16721.93" CO="268.55" HC="1.64" NOx="7.29" PMx="0.39" fuel="7.19" electricity="0.00" noise="76.26" route="routetop" type="cfm-slow" waiting="0.00" lane="top_0" pos="15.98" speed="22.22" angle="245.69" x="30.63" y="123.78"/>
        <vehicle id="cfm-slow_5" eclass="HBEFA3/PC_G_EU4" CO2="19732.55" CO="332.69" HC="2.00" NOx="8.68" PMx="0.47" fuel="8.48" electricity="0.00" noise="78.11" route="routetop" type="cfm-slow" waiting="0.00" lane="top_0" pos="34.24" speed="23.67" angle="212.89" x="3.32" y="96.29"/>
    </timestep>
    <timestep time="3.48">
        <vehicle id="cfm-fast_0" eclass="HBEFA3/PC_G_EU4" CO2="22865.70" CO="402.19" HC="2.40" NOx="10.12" PMx="0.56" fuel="9.83" electricity="0.00" noise="79.86" route="routetop" type="cfm-fast" waiting="0.00" lane="left_0" pos="4.23" speed="25.43" angle="176.91" x="-4.32" y="54.49"/>
        <vehicle id="cfm-fast_1" eclass="HBEFA3/PC_G_EU4" CO2="24285.86" CO="438.89" HC="2.60" NOx="10.75" PMx="0.60" fuel="10.44" electricity="0.00" noise="80.51" route="routetop" type="cfm-fast" waiting="0.00" lane="left_0" pos="21.98" speed="27.16" angle="144.91" x="10.78" y="19.96"/>
        <vehicle id="cfm-fast_2" eclass="HBEFA3/PC_G_EU4" CO2="11546.79" CO="185.77" HC="1.14" NOx="4.70" PMx="0.27" fuel="4.96" electricity="0.00" noise="74.93" route="routetop" type="cfm-fast" waiting="0.00" lane="left_0" pos="41.51" speed="28.77" angle="109.78" x="45.53" y="-2.49"/>
        <vehicle id="cfm-fast_3" eclass="HBEFA3/PC_G_EU4" CO2="0.00" CO="0.00" HC="0.00" NOx="0.00" PMx="0.00" fuel="0.00" electricity="0.00" noise="71.41" route="routebottom" type="cfm-fast" waiting="0.00" lane="bottom_0" pos="12.63" speed="28.29" angle="71.74" x="90.21" y="0.40"/>
        <vehicle id="cfm-fast_4" eclass="HBEFA3/PC_G_EU4" CO2="181169.07" CO="3934.14" HC="22.46" NOx="84.38" PMx="4.82" fuel="77.88" electricity="0.00" noise="137.55" route="routebottom" type="cfm-fast" waiting="0.00" lane="bottom_1" pos="41.12" speed="47.06" angle="20.54" x="126.44" y="45.65"/>
        <vehicle id="cfm-fast_5" eclass="HBEFA3/PC_G_EU4" CO2="0.00" CO="0.00" HC="0.00" NOx="0.00" PMx="0.00" fuel="0.00" electricity="0.00" noise="69.15" route="routebottom" type="cfm-fast" waiting="0.00" lane="bottom_0" pos="34.98" speed="22.71" angle="31.61" x="124.75" y="32.44"/>
        <vehicle id="cfm-slow_0" eclass="HBEFA3/PC_G_EU4" CO2="8337.56" CO="96.01" HC="0.64" NOx="3.39" PMx="0.17" fuel="3.58" electricity="0.00" noise="70.84" route="routebottom" type="cfm-slow" waiting="0.00" lane="right_0" pos="0.56" speed="19.99" angle="3.45" x="132.25" y="64.97"/>
        <vehicle id="cfm-slow_1" eclass="HBEFA3/PC_G_EU4" CO2="9383.99" CO="117.42" HC="0.76" NOx="3.88" PMx="0.19" fuel="4.03" electricity="0.00" noise="71.48" route="routebottom" type="cfm-slow" waiting="0.00" lane="right_0" pos="16.49" speed="20.15" angle="334.77" x="123.25" y="97.66"/>
        <vehicle id="cfm-slow_2" eclass="HBEFA3/PC_G_EU4" CO2="11213.65" CO="154.85" HC="0.98" NOx="4.73" PMx="0.24" fuel="4.82" electricity="0.00" noise="72.64" route="routebottom" type="cfm-slow" waiting="0.00" lane="right_0" pos="32.58" speed="20.50" angle="305.91" x="99.39" y="122.23"/>
        <vehicle id="cfm-slow_3" eclass="HBEFA3/PC_G_EU4" CO2="13789.64" CO="207.70" HC="1.29" NOx="5.93" PMx="0.31" fuel="5.93" electricity="0.00" noise="74.34" route="routebottom" type="cfm-slow" waiting="0.00" lane="right_0" pos="49.04" speed="21.17" angle="276.31" x="65.83" y="132.23"/>
        <vehicle id="cfm-slow_4" eclass="HBEFA3/PC_G_EU4" CO2="16712.63" CO="268.38" HC="1.64" NOx="7.29" PMx="0.39" fuel="7.18" electricity="0.00" noise="76.25" route="routetop" type="cfm-slow" waiting="0.00" lane="top_0" pos="16.20" speed="22.24" angle="245.29" x="30.21" y="123.55"/>
        <vehicle id="cfm-slow_5" eclass="HBEFA3/PC_G_EU4" CO2="19722.72" CO="332.55" HC="2.00" NOx="8.67" PMx="0.47" fuel="8.48" electricity="0.00" noise="78.10" route="routetop" type="cfm-slow" waiting="0.00" lane="top_0" pos="34.48" speed="23.69" angle="212.46" x="3.07" y="95.85"/>
    </timestep>
    <timestep time="3.49">
        <vehicle id="cfm-fast_0" eclass="HBEFA3/PC_G_EU4" CO2="22827.17" CO="401.50" HC="2.40" NOx="10.10" PMx="0.56" fuel="9.81" electricity="0.00" noise="79.83" route="routetop" type="cfm-fast" waiting="0.00" lane="left_0" pos="4.49" speed="25.45" angle="176.45" x="-4.25" y="53.94"/>
        <vehicle id="cfm-fast_1" eclass="HBEFA3/PC_G_EU4" CO2="24116.81" CO="435.54" HC="2.59" NOx="10.67" PMx="0.59" fuel="10.37" electricity="0.00" noise="80.41" route="routetop" type="cfm-fast" waiting="0.00" lane="left_0" pos="22.25" speed="27.19" angle="144.41" x="11.16" y="19.52"/>
        <vehicle id="cfm-fast_2" eclass="HBEFA3/PC_G_EU4" CO2="11251.57" CO="179.74" HC="1.10" NOx="4.56" PMx="0.26" fuel="4.84" electricity="0.00" noise="74.83" route="routetop" type="cfm-fast" waiting="0.00" lane="left_0" pos="41.80" speed="28.78" angle="109.25" x="46.13" y="-2.65"/>
        <vehicle id="cfm-fast_3" eclass="HBEFA3/PC_G_EU4" CO2="0.00" CO="0.00" HC="0.00" NOx="0.00" PMx="0.00" fuel="0.00" electricity="0.00" noise="71.39" route="routebottom" type="cfm-fast" waiting="0.00" lane="bottom_0" pos="12.91" speed="28.26" angle="71.28" x="90.77" y="0.64"/>
        <vehicle id="cfm-fast_4" eclass="HBEFA3/PC_G_EU4" CO2="181736.98" CO="3948.79" HC="22.54" NOx="84.64" PMx="4.84" fuel="78.12" electricity="0.00" noise="137.61" route="routebottom" type="cfm-fast" waiting="0.00" lane="bottom_1" pos="41.59" speed="47.19" angle="19.66" x="126.69" y="46.59"/>
        <vehicle id="cfm-fast_5" eclass="HBEFA3/PC_G_EU4" CO2="0.00" CO="0.00" HC="0.00" NOx="0.00" PMx="0.00" fuel="0.00" electricity="0.00" noise="69.14" route="routebottom" type="cfm-fast" waiting="0.00" lane="bottom_0" pos="35.20" speed="22.70" angle="31.20" x="124.97" y="32.88"/>
        <vehicle id="cfm-slow_0" eclass="HBEFA3/PC_G_EU4" CO2="8311.05" CO="95.46" HC="0.64" NOx="3.37" PMx="0.17" fuel="3.57" electricity="0.00" noise="70.83" route="routebottom" type="cfm-slow" waiting="0.00" lane="right_0" pos="0.76" speed="20.00" angle="3.09" x="132.24" y="65.40"/>
        <vehicle id="cfm-slow_1" eclass="HBEFA3/PC_G_EU4" CO2="9365.03" CO="117.02" HC="0.76" NOx="3.87" PMx="0.19" fuel="4.03" electricity="0.00" noise="71.47" route="routebottom" type="cfm-slow" waiting="0.00" lane="right_0" pos="16.69" speed="20.16" angle="334.45" x="123.04" y="98.03"/>
        <vehicle id="cfm-slow_2" eclass="HBEFA3/PC_G_EU4" CO2="11201.80" CO="154.59" HC="0.98" NOx="4.73" PMx="0.24" fuel="4.82" electricity="0.00" noise="72.64" route="routebottom" type="cfm-slow" waiting="0.00" lane="right_0" pos="32.78" speed="20.51" angle="305.52" x="99.01" y="122.45"/>
        <vehicle id="cfm-slow_3" eclass="HBEFA3/PC_G_EU4" CO2="13780.83" CO="207.52" HC="1.28" NOx="5.93" PMx="0.31" fuel="5.92" electricity="0.00" noise="74.34" route="routebottom" type="cfm-slow" waiting="0.00" lane="right_0" pos="49.25" speed="21.19" angle="275.92" x="65.38" y="132.24"/>
        <vehicle id="cfm-slow_4" eclass="HBEFA3/PC_G_EU4" CO2="16703.61" CO="268.21" HC="1.63" NOx="7.28" PMx="0.39" fuel="7.18" electricity="0.00" noise="76.25" route="routetop" type="cfm-slow" waiting="0.00" lane="top_0" pos="16.42" speed="22.27" angle="244.89" x="29.79" y="123.32"/>
        <vehicle id="cfm-slow_5" eclass="HBEFA3/PC_G_EU4" CO2="19712.97" CO="332.40" HC="2.00" NOx="8.67" PMx="0.47" fuel="8.47" electricity="0.00" noise="78.09" route="routetop" type="cfm-slow" waiting="0.00" lane="top_0" pos="34.71" speed="23.72" angle="212.09" x="2.83" y="95.40"/>
    </timestep>
    <timestep time="3.50">
        <vehicle id="cfm-fast_0" eclass="HBEFA3/PC_G_EU4" CO2="22787.90" CO="400.79" HC="2.39" NOx="10.08" PMx="0.55" fuel="9.80" electricity="0.00" noise="79.80" route="routetop" type="cfm-fast" waiting="0.00" lane="left_0" pos="4.74" speed="25.48" angle="175.99" x="-4.17" y="53.40"/>
        <vehicle id="cfm-fast_1" eclass="HBEFA3/PC_G_EU4" CO2="23946.85" CO="432.18" HC="2.57" NOx="10.59" PMx="0.59" fuel="10.29" electricity="0.00" noise="80.31" route="routetop" type="cfm-fast" waiting="0.00" lane="left_0" pos="22.52" speed="27.22" angle="143.90" x="11.54" y="19.07"/>
        <vehicle id="cfm-fast_2" eclass="HBEFA3/PC_G_EU4" CO2="10958.21" CO="173.75" HC="1.07" NOx="4.42" PMx="0.26" fuel="4.71" electricity="0.00" noise="74.74" route="routetop" type="cfm-fast" waiting="0.00" lane="left_0" pos="42.09" speed="28.78" angle="108.71" x="46.73" y="-2.81"/>
        <vehicle id="cfm-fast_3" eclass="HBEFA3/PC_G_EU4" CO2="0.00" CO="0.00" HC="0.00" NOx="0.00" PMx="0.00" fuel="0.00" electricity="0.00" noise="71.38" route="routebottom" type="cfm-fast" waiting="0.00" lane="bottom_0" pos="13.19" speed="28.24" angle="70.75" x="91.33" y="0.88"/>
        <vehicle id="cfm-fast_4" eclass="HBEFA3/PC_G_EU4" CO2="182305.18" CO="3963.47" HC="22.62" NOx="84.91" PMx="4.86" fuel="78.36" electricity="0.00" noise="137.68" route="routebottom" type="cfm-fast" waiting="0.00" lane="bottom_1" pos="42.06" speed="47.33" angle="18.77" x="126.94" y="47.52"/>
        <vehicle id="cfm-fast_5" eclass="HBEFA3/PC_G_EU4" CO2="0.00" CO="0.00" HC="0.00" NOx="0.00" PMx="0.00" fuel="0.00" electricity="0.00" noise="69.14" route="routebottom" type="cfm-fast" waiting="0.00" lane="bottom_0" pos="35.43" speed="22.70" angle="30.78" x="125.19" y="33.31"/>
        <vehicle id="cfm-slow_0" eclass="HBEFA3/PC_G_EU4" CO2="8284.90" CO="94.91" HC="0.63" NOx="3.36" PMx="0.17" fuel="3.56" electricity="0.00" noise="70.82" route="routebottom" type="cfm-slow" waiting="0.00" lane="right_0" pos="0.96" speed="20.01" angle="2.73" x="132.23" y="65.83"/>
        <vehicle id="cfm-slow_1" eclass="HBEFA3/PC_G_EU4" CO2="9346.43" CO="116.63" HC="0.76" NOx="3.86" PMx="0.19" fuel="4.02" electricity="0.00" noise="71.46" route="routebottom" type="cfm-slow" waiting="0.00" lane="right_0" pos="16.89" speed="20.17" angle="334.09" x="122.81" y="98.41"/>
        <vehicle id="cfm-slow_2" eclass="HBEFA3/PC_G_EU4" CO2="11190.28" CO="154.35" HC="0.98" NOx="4.72" PMx="0.24" fuel="4.81" electricity="0.00" noise="72.63" route="routebottom" type="cfm-slow" waiting="0.00" lane="right_0" pos="32.99" speed="20.53" angle="305.13" x="98.63" y="122.68"/>
        <vehicle id="cfm-slow_3" eclass="HBEFA3/PC_G_EU4" CO2="13772.31" CO="207.35" HC="1.28" NOx="5.92" PMx="0.31" fuel="5.92" electricity="0.00" noise="74.33" route="routebottom" type="cfm-slow" waiting="0.00" lane="right_0" pos="49.46" speed="21.21" angle="275.52" x="64.92" y="132.25"/>
        <vehicle id="cfm-slow_4" eclass="HBEFA3/PC_G_EU4" CO2="16694.88" CO="268.06" HC="1.63" NOx="7.28" PMx="0.39" fuel="7.18" electricity="0.00" noise="76.24" route="routetop" type="cfm-slow" waiting="0.00" lane="top_0" pos="16.65" speed="22.29" angle="244.53" x="29.37" y="123.09"/>
        <vehicle id="cfm-slow_5" eclass="HBEFA3/PC_G_EU4" CO2="19703.26" CO="332.25" HC="2.00" NOx="8.66" PMx="0.47" fuel="8.47" electricity="0.00" noise="78.08" route="routetop" type="cfm-slow" waiting="0.00" lane="top_0" pos="34.95" speed="23.74" angle="211.65" x="2.60" y="94.94"/>
    </timestep>
    <timestep time="3.51">
        <vehicle id="cfm-fast_0" eclass="HBEFA3/PC_G_EU4" CO2="22747.88" CO="400.06" HC="2.39" NOx="10.06" PMx="0.55" fuel="9.78" electricity="0.00" noise="79.78" route="routetop" type="cfm-fast" waiting="0.00" lane="left_0" pos="5.00" speed="25.51" angle="175.53" x="-4.10" y="52.86"/>
        <vehicle id="cfm-fast_1" eclass="HBEFA3/PC_G_EU4" CO2="23776.01" CO="428.80" HC="2.55" NOx="10.51" PMx="0.59" fuel="10.22" electricity="0.00" noise="80.22" route="routetop" type="cfm-fast" waiting="0.00" lane="left_0" pos="22.79" speed="27.24" angle="143.39" x="11.92" y="18.62"/>
        <vehicle id="cfm-fast_2" eclass="HBEFA3/PC_G_EU4" CO2="10666.74" CO="167.79" HC="1.03" NOx="4.29" PMx="0.25" fuel="4.59" electricity="0.00" noise="74.66" route="routetop" type="cfm-fast" waiting="0.00" lane="left_0" pos="42.38" speed="28.79" angle="108.24" x="47.33" y="-2.97"/>
        <vehicle id="cfm-fast_3" eclass="HBEFA3/PC_G_EU4" CO2="0.00" CO="0.00" HC="0.00" NOx="0.00" PMx="0.00" fuel="0.00" electricity="0.00" noise="71.36" route="routebottom" type="cfm-fast" waiting="0.00" lane="bottom_0" pos="13.47" speed="28.22" angle="70.23" x="91.88" y="1.13"/>
        <vehicle id="cfm-fast_4" eclass="HBEFA3/PC_G_EU4" CO2="182873.68" CO="3978.16" HC="22.70" NOx="85.17" PMx="4.87" fuel="78.61" electricity="0.00" noise="137.74" route="routebottom" type="cfm-fast" waiting="0.00" lane="bottom_1" pos="42.54" speed="47.47" angle="17.97" x="127.17" y="48.47"/>
        <vehicle id="cfm-fast_5" eclass="HBEFA3/PC_G_EU4" CO2="0.00" CO="0.00" HC="0.00" NOx="0.00" PMx="0.00" fuel="0.00" electricity="0.00" noise="69.13" route="routebottom" type="cfm-fast" waiting="0.00" lane="bottom_0" pos="35.66" speed="22.69" angle="30.37" x="125.41" y="33.75"/>
        <vehicle id="cfm-slow_0" eclass="HBEFA3/PC_G_EU4" CO2="8259.13" CO="94.37" HC="0.63" NOx="3.35" PMx="0.17" fuel="3.55" electricity="0.00" noise="70.81" route="routebottom" type="cfm-slow" waiting="0.00" lane="right_0" pos="1.16" speed="20.02" angle="2.36" x="132.22" y="66.26"/>
        <vehicle id="cfm-slow_1" eclass="HBEFA3/PC_G_EU4" CO2="9328.20" CO="116.24" HC="0.76" NOx="3.85" PMx="0.19" fuel="4.01" electricity="0.00" noise="71.45" route="routebottom" type="cfm-slow" waiting="0.00" lane="right_0" pos="17.09" speed="20.18" angle="333.72" x="122.59" y="98.78"/>
        <vehicle id="cfm-slow_2" eclass="HBEFA3/PC_G_EU4" CO2="11179.07" CO="154.11" HC="0.98" NOx="4.71" PMx="0.24" fuel="4.81" electricity="0.00" noise="72.63" route="routebottom" type="cfm-slow" waiting="0.00" lane="right_0" pos="33.19" speed="20.54" angle="304.74" x="98.25" y="122.91"/>
        <vehicle id="cfm-slow_3" eclass="HBEFA3/PC_G_EU4" CO2="13764.08" CO="207.18" HC="1.28" NOx="5.92" PMx="0.31" fuel="5.92" electricity="0.00" noise="74.33" route="routebottom" type="cfm-slow" waiting="0.00" lane="right_0" pos="49.67" speed="21.23" angle="275.13" x="64.46" y="132.26"/>
        <vehicle id="cfm-slow_4" eclass="HBEFA3/PC_G_EU4" CO2="16686.44" CO="267.90" HC="1.63" NOx="7.27" PMx="0.39" fuel="7.17" electricity="0.00" noise="76.24" route="routetop" type="cfm-slow" waiting="0.00" lane="top_0" pos="16.87" speed="22.31" angle="244.13" x="28.96" y="122.84"/>
        <vehicle id="cfm-slow_5" eclass="HBEFA3/PC_G_EU4" CO2="19693.61" CO="332.11" HC="2.00" NOx="8.66" PMx="0.47" fuel="8.47" electricity="0.00" noise="78.07" route="routetop" type="cfm-slow" waiting="0.00" lane="top_0" pos="35.19" speed="23.77" angle="211.21" x="2.37" y="94.48"/>
    </timestep>
    <timestep time="3.52">
        <vehicle id="cfm-fast_0" eclass="HBEFA3/PC_G_EU4" CO2="22707.11" CO="399.33" HC="2.38" NOx="10.04" PMx="0.55" fuel="9.76" electricity="0.00" noise="79.75" route="routetop" type="cfm-fast" waiting="0.00" lane="left_0" pos="5.25" speed="25.54" angle="175.03" x="-4.01" y="52.32"/>
        <vehicle id="cfm-fast_1" eclass="HBEFA3/PC_G_EU4" CO2="23604.31" CO="425.40" HC="2.53" NOx="10.42" PMx="0.58" fuel="10.15" electricity="0.00" noise="80.12" route="routetop" type="cfm-fast" waiting="0.00" lane="left_0" pos="23.07" speed="27.27" angle="142.95" x="12.30" y="18.18"/>
        <vehicle id="cfm-fast_2" eclass="HBEFA3/PC_G_EU4" CO2="10377.19" CO="161.87" HC="1.00" NOx="4.15" PMx="0.24" fuel="4.46" electricity="0.00" noise="74.57" route="routetop" type="cfm-fast" waiting="0.00" lane="left_0" pos="42.67" speed="28.80" angle="107.73" x="47.93" y="-3.11"/>
        <vehicle id="cfm-fast_3" eclass="HBEFA3/PC_G_EU4" CO2="0.00" CO="0.00" HC="0.00" NOx="0.00" PMx="0.00" fuel="0.00" electricity="0.00" noise="71.35" route="routebottom" type="cfm-fast" waiting="0.00" lane="bottom_0" pos="13.75" speed="28.19" angle="69.71" x="92.43" y="1.38"/>
        <vehicle id="cfm-fast_4" eclass="HBEFA3/PC_G_EU4" CO2="183442.46" CO="3992.88" HC="22.78" NOx="85.44" PMx="4.89" fuel="78.85" electricity="0.00" noise="137.81" route="routebottom" type="cfm-fast" waiting="0.00" lane="bottom_1" pos="43.01" speed="47.60" angle="17.14" x="127.39" y="49.42"/>
        <vehicle id="cfm-fast_5" eclass="HBEFA3/PC_G_EU4" CO2="0.00" CO="0.00" HC="0.00" NOx="0.00" PMx="0.00" fuel="0.00" electricity="0.00" noise="69.12" route="routebottom" type="cfm-fast" waiting="0.00" lane="bottom_0" pos="35.88" speed="22.68" angle="30.01" x="125.63" y="34.19"/>
        <vehicle id="cfm-slow_0" eclass="HBEFA3/PC_G_EU4" CO2="8233.72" CO="93.84" HC="0.63" NOx="3.34" PMx="0.16" fuel="3.54" electricity="0.00" noise="70.80" route="routebottom" type="cfm-slow" waiting="0.00" lane="right_0" pos="1.36" speed="20.03" angle="2.03" x="132.20" y="66.69"/>
        <vehicle id="cfm-slow_1" eclass="HBEFA3/PC_G_EU4" CO2="9310.33" CO="115.86" HC="0.76" NOx="3.84" PMx="0.19" fuel="4.00" electricity="0.00" noise="71.45" route="routebottom" type="cfm-slow" waiting="0.00" lane="right_0" pos="17.29" speed="20.20" angle="333.36" x="122.37" y="99.15"/>
        <vehicle id="cfm-slow_2" eclass="HBEFA3/PC_G_EU4" CO2="11168.19" CO="153.88" HC="0.97" NOx="4.71" PMx="0.24" fuel="4.80" electricity="0.00" noise="72.62" route="routebottom" type="cfm-slow" waiting="0.00" lane="right_0" pos="33.40" speed="20.56" angle="304.42" x="97.87" y="123.13"/>
        <vehicle id="cfm-slow_3" eclass="HBEFA3/PC_G_EU4" CO2="13756.14" CO="207.02" HC="1.28" NOx="5.91" PMx="0.31" fuel="5.91" electricity="0.00" noise="74.33" route="routebottom" type="cfm-slow" waiting="0.00" lane="right_0" pos="49.89" speed="21.25" angle="274.73" x="64.01" y="132.27"/>
        <vehicle id="cfm-slow_4" eclass="HBEFA3/PC_G_EU4" CO2="16678.27" CO="267.76" HC="1.63" NOx="7.27" PMx="0.39" fuel="7.17" electricity="0.00" noise="76.23" route="routetop" type="cfm-slow" waiting="0.00" lane="top_0" pos="17.09" speed="22.33" angle="243.73" x="28.55" y="122.60"/>
        <vehicle id="cfm-slow_5" eclass="HBEFA3/PC_G_EU4" CO2="19684.00" CO="331.97" HC="2.00" NOx="8.65" PMx="0.47" fuel="8.46" electricity="0.00" noise="78.06" route="routetop" type="cfm-slow" waiting="0.00" lane="top_0" pos="35.43" speed="23.79" angle="210.77" x="2.14" y="94.02"/>
    </timestep>
    <timestep time="3.53">
        <vehicle id="cfm-fast_0" eclass="HBEFA3/PC_G_EU4" CO2="22665.59" CO="398.57" HC="2.38" NOx="10.02" PMx="0.55" fuel="9.74" electricity="0.00" noise="79.72" route="routetop" type="cfm-fast" waiting="0.00" lane="left_0" pos="5.51" speed="25.56" angle="174.56" x="-3.91" y="51.77"/>
        <vehicle id="cfm-fast_1" eclass="HBEFA3/PC_G_EU4" CO2="23431.77" CO="421.98" HC="2.51" NOx="10.34" PMx="0.58" fuel="10.07" electricity="0.00" noise="80.02" route="routetop" type="cfm-fast" waiting="0.00" lane="left_0" pos="23.34" speed="27.29" angle="142.46" x="12.69" y="17.74"/>
        <vehicle id="cfm-fast_2" eclass="HBEFA3/PC_G_EU4" CO2="10089.55" CO="155.99" HC="0.97" NOx="4.01" PMx="0.23" fuel="4.34" electricity="0.00" noise="74.49" route="routetop" type="cfm-fast" waiting="0.00" lane="left_0" pos="42.95" speed="28.80" angle="107.22" x="48.54" y="-3.25"/>
        <vehicle id="cfm-fast_3" eclass="HBEFA3/PC_G_EU4" CO2="0.00" CO="0.00" HC="0.00" NOx="0.00" PMx="0.00" fuel="0.00" electricity="0.00" noise="71.33" route="routebottom" type="cfm-fast" waiting="0.00" lane="bottom_0" pos="14.04" speed="28.17" angle="69.23" x="92.99" y="1.63"/>
        <vehicle id="cfm-fast_4" eclass="HBEFA3/PC_G_EU4" CO2="184011.54" CO="4007.62" HC="22.86" NOx="85.71" PMx="4.90" fuel="79.10" electricity="0.00" noise="137.88" route="routebottom" type="cfm-fast" waiting="0.00" lane="bottom_1" pos="43.49" speed="47.74" angle="16.31" x="127.61" y="50.37"/>
        <vehicle id="cfm-fast_5" eclass="HBEFA3/PC_G_EU4" CO2="0.00" CO="0.00" HC="0.00" NOx="0.00" PMx="0.00" fuel="0.00" electricity="0.00" noise="69.12" route="routebottom" type="cfm-fast" waiting="0.00" lane="bottom_0" pos="36.11" speed="22.67" angle="29.58" x="125.83" y="34.63"/>
        <vehicle id="cfm-slow_0" eclass="HBEFA3/PC_G_EU4" CO2="8208.68" CO="93.31" HC="0.62" NOx="3.32" PMx="0.16" fuel="3.53" electricity="0.00" noise="70.79" route="routebottom" type="cfm-slow" waiting="0.00" lane="right_0" pos="1.56" speed="20.04" angle="1.67" x="132.18" y="67.12"/>
        <vehicle id="cfm-slow_1" eclass="HBEFA3/PC_G_EU4" CO2="9292.82" CO="115.49" HC="0.75" NOx="3.83" PMx="0.19" fuel="3.99" electricity="0.00" noise="71.44" route="routebottom" type="cfm-slow" waiting="0.00" lane="right_0" pos="17.50" speed="20.21" angle="332.99" x="122.15" y="99.53"/>
        <vehicle id="cfm-slow_2" eclass="HBEFA3/PC_G_EU4" CO2="11157.62" CO="153.65" HC="0.97" NOx="4.70" PMx="0.24" fuel="4.80" electricity="0.00" noise="72.62" route="routebottom" type="cfm-slow" waiting="0.00" lane="right_0" pos="33.60" speed="20.57" angle="304.04" x="97.48" y="123.34"/>
        <vehicle id="cfm-slow_3" eclass="HBEFA3/PC_G_EU4" CO2="13748.48" CO="206.86" HC="1.28" NOx="5.91" PMx="0.31" fuel="5.91" electricity="0.00" noise="74.32" route="routetop" type="cfm-slow" waiting="0.00" lane="top_0" pos="0.10" speed="21.26" angle="274.30" x="63.36" y="132.27"/>
        <vehicle id="cfm-slow_4" eclass="HBEFA3/PC_G_EU4" CO2="16670.37" CO="267.62" HC="1.63" NOx="7.26" PMx="0.39" fuel="7.17" electricity="0.00" noise="76.22" route="routetop" type="cfm-slow" waiting="0.00" lane="top_0" pos="17.32" speed="22.36" angle="243.33" x="28.14" y="122.35"/>
        <vehicle id="cfm-slow_5" eclass="HBEFA3/PC_G_EU4" CO2="19674.41" CO="331.83" HC="2.00" NOx="8.65" PMx="0.47" fuel="8.46" electricity="0.00" noise="78.06" route="routetop" type="cfm-slow" waiting="0.00" lane="top_0" pos="35.66" speed="23.82" angle="210.33" x="1.92" y="93.56"/>
    </timestep>
    <timestep time="3.54">
        <vehicle id="cfm-fast_0" eclass="HBEFA3/PC_G_EU4" CO2="22623.31" CO="397.80" HC="2.37" NOx="10.00" PMx="0.55" fuel="9.72" electricity="0.00" noise="79.69" route="routetop" type="cfm-fast" waiting="0.00" lane="left_0" pos="5.77" speed="25.59" angle="174.10" x="-3.81" y="51.23"/>
        <vehicle id="cfm-fast_1" eclass="HBEFA3/PC_G_EU4" CO2="23258.42" CO="418.54" HC="2.49" NOx="10.26" PMx="0.57" fuel="10.00" electricity="0.00" noise="79.93" route="routetop" type="cfm-fast" waiting="0.00" lane="left_0" pos="23.61" speed="27.32" angle="141.97" x="13.09" y="17.31"/>
        <vehicle id="cfm-fast_2" eclass="HBEFA3/PC_G_EU4" CO2="9803.86" CO="150.14" HC="0.93" NOx="3.88" PMx="0.23" fuel="4.21" electricity="0.00" noise="74.40" route="routetop" type="cfm-fast" waiting="0.00" lane="left_0" pos="43.24" speed="28.81" angle="106.71" x="49.14" y="-3.39"/>
        <vehicle id="cfm-fast_3" eclass="HBEFA3/PC_G_EU4" CO2="0.00" CO="0.00" HC="0.00" NOx="0.00" PMx="0.00" fuel="0.00" electricity="0.00" noise="71.32" route="routebottom" type="cfm-fast" waiting="0.00" lane="bottom_0" pos="14.32" speed="28.15" angle="68.72" x="93.53" y="1.90"/>
        <vehicle id="cfm-fast_4" eclass="HBEFA3/PC_G_EU4" CO2="184580.91" CO="4022.38" HC="22.94" NOx="85.97" PMx="4.92" fuel="79.34" electricity="0.00" noise="137.94" route="routebottom" type="cfm-fast" waiting="0.00" lane="bottom_1" pos="43.97" speed="47.88" angle="15.43" x="127.79" y="51.34"/>
        <vehicle id="cfm-fast_5" eclass="HBEFA3/PC_G_EU4" CO2="0.00" CO="0.00" HC="0.00" NOx="0.00" PMx="0.00" fuel="0.00" electricity="0.00" noise="69.11" route="routebottom" type="cfm-fast" waiting="0.00" lane="bottom_0" pos="36.34" speed="22.67" angle="29.14" x="126.03" y="35.07"/>
        <vehicle id="cfm-slow_0" eclass="HBEFA3/PC_G_EU4" CO2="8184.00" CO="92.80" HC="0.62" NOx="3.31" PMx="0.16" fuel="3.52" electricity="0.00" noise="70.78" route="routebottom" type="cfm-slow" waiting="0.00" lane="right_0" pos="1.76" speed="20.05" angle="1.31" x="132.15" y="67.55"/>
        <vehicle id="cfm-slow_1" eclass="HBEFA3/PC_G_EU4" CO2="9275.67" CO="115.13" HC="0.75" NOx="3.82" PMx="0.19" fuel="3.99" electricity="0.00" noise="71.43" route="routebottom" type="cfm-slow" waiting="0.00" lane="right_0" pos="17.70" speed="20.22" angle="332.63" x="121.92" y="99.90"/>
        <vehicle id="cfm-slow_2" eclass="HBEFA3/PC_G_EU4" CO2="11147.37" CO="153.44" HC="0.97" NOx="4.70" PMx="0.24" fuel="4.79" electricity="0.00" noise="72.61" route="routebottom" type="cfm-slow" waiting="0.00" lane="right_0" pos="33.81" speed="20.59" angle="303.67" x="97.10" y="123.56"/>
        <vehicle id="cfm-slow_3" eclass="HBEFA3/PC_G_EU4" CO2="13741.10" CO="206.71" HC="1.28" NOx="5.91" PMx="0.31" fuel="5.91" electricity="0.00" noise="74.32" route="routetop" type="cfm-slow" waiting="0.00" lane="top_0" pos="0.31" speed="21.28" angle="273.91" x="62.90" y="132.26"/>
        <vehicle id="cfm-slow_4" eclass="HBEFA3/PC_G_EU4" CO2="16662.75" CO="267.48" HC="1.63" NOx="7.26" PMx="0.39" fuel="7.16" electricity="0.00" noise="76.22" route="routetop" type="cfm-slow" waiting="0.00" lane="top_0" pos="17.54" speed="22.38" angle="242.92" x="27.72" y="122.10"/>
        <vehicle id="cfm-slow_5" eclass="HBEFA3/PC_G_EU4" CO2="19664.85" CO="331.69" HC="2.00" NOx="8.64" PMx="0.47" fuel="8.45" electricity="0.00" noise="78.05" route="routetop" type="cfm-slow" waiting="0.00" lane="top_0" pos="35.90" speed="23.84" angle="209.94" x="1.69" y="93.11"/>
    </timestep>
    <timestep time="3.55">
        <vehicle id="cfm-fast_0" eclass="HBEFA3/PC_G_EU4" CO2="22580.26" CO="397.02" HC="2.37" NOx="9.98" PMx="0.55" fuel="9.71" electricity="0.00" noise="79.66" route="routetop" type="cfm-fast" waiting="0.00" lane="left_0" pos="6.02" speed="25.62" angle="173.63" x="-3.71" y="50.69"/>
        <vehicle id="cfm-fast_1" eclass="HBEFA3/PC_G_EU4" CO2="23084.27" CO="415.09" HC="2.47" NOx="10.18" PMx="0.57" fuel="9.92" electricity="0.00" noise="79.83" route="routetop" type="cfm-fast" waiting="0.00" lane="left_0" pos="23.89" speed="27.35" angle="141.47" x="13.49" y="16.88"/>
        <vehicle id="cfm-fast_2" eclass="HBEFA3/PC_G_EU4" CO2="9520.13" CO="144.34" HC="0.90" NOx="3.74" PMx="0.22" fuel="4.09" electricity="0.00" noise="74.32" route="routetop" type="cfm-fast" waiting="0.00" lane="left_0" pos="43.53" speed="28.82" angle="106.22" x="49.74" y="-3.52"/>
        <vehicle id="cfm-fast_3" eclass="HBEFA3/PC_G_EU4" CO2="0.00" CO="0.00" HC="0.00" NOx="0.00" PMx="0.00" fuel="0.00" electricity="0.00" noise="71.30" route="routebottom" type="cfm-fast" waiting="0.00" lane="bottom_0" pos="14.60" speed="28.12" angle="68.20" x="94.07" y="2.17"/>
        <vehicle id="cfm-fast_4" eclass="HBEFA3/PC_G_EU4" CO2="185150.57" CO="4037.16" HC="23.03" NOx="86.24" PMx="4.94" fuel="79.59" electricity="0.00" noise="138.01" route="routebottom" type="cfm-fast" waiting="0.00" lane="bottom_1" pos="44.45" speed="48.01" angle="14.50" x="127.97" y="52.31"/>
        <vehicle id="cfm-fast_5" eclass="HBEFA3/PC_G_EU4" CO2="0.00" CO="0.00" HC="0.00" NOx="0.00" PMx="0.00" fuel="0.00" electricity="0.00" noise="69.11" route="routebottom" type="cfm-fast" waiting="0.00" lane="bottom_0" pos="36.56" speed="22.66" angle="28.70" x="126.23" y="35.52"/>
        <vehicle id="cfm-slow_0" eclass="HBEFA3/PC_G_EU4" CO2="8159.69" CO="92.29" HC="0.62" NOx="3.30" PMx="0.16" fuel="3.51" electricity="0.00" noise="70.77" route="routebottom" type="cfm-slow" waiting="0.00" lane="right_0" pos="1.96" speed="20.06" angle="0.95" x="132.13" y="67.98"/>
        <vehicle id="cfm-slow_1" eclass="HBEFA3/PC_G_EU4" CO2="9258.87" CO="114.78" HC="0.75" NOx="3.82" PMx="0.19" fuel="3.98" electricity="0.00" noise="71.42" route="routebottom" type="cfm-slow" waiting="0.00" lane="right_0" pos="17.90" speed="20.23" angle="332.31" x="121.70" y="100.27"/>
        <vehicle id="cfm-slow_2" eclass="HBEFA3/PC_G_EU4" CO2="11137.43" CO="153.22" HC="0.97" NOx="4.69" PMx="0.24" fuel="4.79" electricity="0.00" noise="72.61" route="routebottom" type="cfm-slow" waiting="0.00" lane="right_0" pos="34.02" speed="20.60" angle="303.29" x="96.71" y="123.77"/>
        <vehicle id="cfm-slow_3" eclass="HBEFA3/PC_G_EU4" CO2="13733.99" CO="206.57" HC="1.28" NOx="5.90" PMx="0.31" fuel="5.90" electricity="0.00" noise="74.32" route="routetop" type="cfm-slow" waiting="0.00" lane="top_0" pos="0.52" speed="21.30" angle="273.53" x="62.44" y="132.25"/>
        <vehicle id="cfm-slow_4" eclass="HBEFA3/PC_G_EU4" CO2="16655.39" CO="267.35" HC="1.63" NOx="7.26" PMx="0.39" fuel="7.16" electricity="0.00" noise="76.21" route="routetop" type="cfm-slow" waiting="0.00" lane="top_0" pos="17.76" speed="22.40" angle="242.52" x="27.31" y="121.86"/>
        <vehicle id="cfm-slow_5" eclass="HBEFA3/PC_G_EU4" CO2="19655.30" CO="331.55" HC="2.00" NOx="8.64" PMx="0.47" fuel="8.45" electricity="0.00" noise="78.04" route="routetop" type="cfm-slow" waiting="0.00" lane="top_0" pos="36.14" speed="23.87" angle="209.51" x="1.48" y="92.64"/>
    </timestep>
    <timestep time="3.56">
        <vehicle id="cfm-fast_0" eclass="HBEFA3/PC_G_EU4" CO2="22536.45" CO="396.22" HC="2.37" NOx="9.96" PMx="0.55" fuel="9.69" electricity="0.00" noise="79.64" route="routetop" type="cfm-fast" waiting="0.00" lane="left_0" pos="6.28" speed="25.64" angle="173.18" x="-3.61" y="50.15"/>
        <vehicle id="cfm-fast_1" eclass="HBEFA3/PC_G_EU4" CO2="22909.34" CO="411.62" HC="2.45" NOx="10.09" PMx="0.56" fuel="9.85" electricity="0.00" noise="79.74" route="routetop" type="cfm-fast" waiting="0.00" lane="left_0" pos="24.16" speed="27.37" angle="140.98" x="13.89" y="16.44"/>
        <vehicle id="cfm-fast_2" eclass="HBEFA3/PC_G_EU4" CO2="9238.38" CO="138.57" HC="0.86" NOx="3.61" PMx="0.21" fuel="3.97" electricity="0.00" noise="74.25" route="routetop" type="cfm-fast" waiting="0.00" lane="left_0" pos="43.82" speed="28.82" angle="105.73" x="50.35" y="-3.65"/>
        <vehicle id="cfm-fast_3" eclass="HBEFA3/PC_G_EU4" CO2="0.00" CO="0.00" HC="0.00" NOx="0.00" PMx="0.00" fuel="0.00" electricity="0.00" noise="71.29" route="routebottom" type="cfm-fast" waiting="0.00" lane="bottom_0" pos="14.88" speed="28.10" angle="67.67" x="94.61" y="2.44"/>
        <vehicle id="cfm-fast_4" eclass="HBEFA3/PC_G_EU4" CO2="185720.52" CO="4051.96" HC="23.11" NOx="86.51" PMx="4.95" fuel="79.83" electricity="0.00" noise="138.07" route="routebottom" type="cfm-fast" waiting="0.00" lane="bottom_1" pos="44.93" speed="48.15" angle="13.64" x="128.14" y="53.28"/>
        <vehicle id="cfm-fast_5" eclass="HBEFA3/PC_G_EU4" CO2="0.00" CO="0.00" HC="0.00" NOx="0.00" PMx="0.00" fuel="0.00" electricity="0.00" noise="69.10" route="routebottom" type="cfm-fast" waiting="0.00" lane="bottom_0" pos="36.79" speed="22.65" angle="28.26" x="126.43" y="35.96"/>
        <vehicle id="cfm-slow_0" eclass="HBEFA3/PC_G_EU4" CO2="8135.73" CO="91.79" HC="0.62" NOx="3.29" PMx="0.16" fuel="3.50" electricity="0.00" noise="70.76" route="routebottom" type="cfm-slow" waiting="0.00" lane="right_0" pos="2.16" speed="20.07" angle="0.59" x="132.10" y="68.41"/>
        <vehicle id="cfm-slow_1" eclass="HBEFA3/PC_G_EU4" CO2="9242.42" CO="114.43" HC="0.75" NOx="3.81" PMx="0.19" fuel="3.97" electricity="0.00" noise="71.42" route="routebottom" type="cfm-slow" waiting="0.00" lane="right_0" pos="18.10" speed="20.24" angle="331.94" x="121.46" y="100.64"/>
        <vehicle id="cfm-slow_2" eclass="HBEFA3/PC_G_EU4" CO2="11127.80" CO="153.02" HC="0.97" NOx="4.69" PMx="0.24" fuel="4.78" electricity="0.00" noise="72.61" route="routebottom" type="cfm-slow" waiting="0.00" lane="right_0" pos="34.22" speed="20.62" angle="302.92" x="96.32" y="123.99"/>
        <vehicle id="cfm-slow_3" eclass="HBEFA3/PC_G_EU4" CO2="13727.17" CO="206.43" HC="1.28" NOx="5.90" PMx="0.31" fuel="5.90" electricity="0.00" noise="74.31" route="routetop" type="cfm-slow" waiting="0.00" lane="top_0" pos="0.74" speed="21.32" angle="273.14" x="61.99" y="132.24"/>
        <vehicle id="cfm-slow_4" eclass="HBEFA3/PC_G_EU4" CO2="16648.29" CO="267.23" HC="1.63" NOx="7.25" PMx="0.39" fuel="7.16" electricity="0.00" noise="76.21" route="routetop" type="cfm-slow" waiting="0.00" lane="top_0" pos="17.99" speed="22.42" angle="242.17" x="26.90" y="121.60"/>
        <vehicle id="cfm-slow_5" eclass="HBEFA3/PC_G_EU4" CO2="19645.75" CO="331.41" HC="2.00" NOx="8.63" PMx="0.47" fuel="8.44" electricity="0.00" noise="78.03" route="routetop" type="cfm-slow" waiting="0.00" lane="top_0" pos="36.38" speed="23.89" angle="209.06" x="1.26" y="92.17"/>
    </timestep>
    <timestep time="3.57">
        <vehicle id="cfm-fast_0" eclass="HBEFA3/PC_G_EU4" CO2="22491.86" CO="395.40" HC="2.36" NOx="9.93" PMx="0.55" fuel="9.67" electricity="0.00" noise="79.61" route="routetop" type="cfm-fast" waiting="0.00" lane="left_0" pos="6.54" speed="25.67" angle="172.73" x="-3.49" y="49.61"/>
        <vehicle id="cfm-fast_1" eclass="HBEFA3/PC_G_EU4" CO2="22733.66" CO="408.13" HC="2.43" NOx="10.01" PMx="0.56" fuel="9.77" electricity="0.00" noise="79.64" route="routetop" type="cfm-fast" waiting="0.00" lane="left_0" pos="24.43" speed="27.40" angle="140.54" x="14.29" y="16.02"/>
        <vehicle id="cfm-fast_2" eclass="HBEFA3/PC_G_EU4" CO2="8958.62" CO="132.84" HC="0.83" NOx="3.48" PMx="0.20" fuel="3.85" electricity="0.00" noise="74.17" route="routetop" type="cfm-fast" waiting="0.00" lane="left_0" pos="44.11" speed="28.83" angle="105.20" x="50.96" y="-3.76"/>
        <vehicle id="cfm-fast_3" eclass="HBEFA3/PC_G_EU4" CO2="0.00" CO="0.00" HC="0.00" NOx="0.00" PMx="0.00" fuel="0.00" electricity="0.00" noise="71.27" route="routebottom" type="cfm-fast" waiting="0.00" lane="bottom_0" pos="15.16" speed="28.08" angle="67.15" x="95.15" y="2.71"/>
        <vehicle id="cfm-fast_4" eclass="HBEFA3/PC_G_EU4" CO2="186290.76" CO="4066.78" HC="23.19" NOx="86.77" PMx="4.97" fuel="80.08" electricity="0.00" noise="138.14" route="routebottom" type="cfm-fast" waiting="0.00" lane="bottom_1" pos="45.41" speed="48.28" angle="12.76" x="128.28" y="54.26"/>
        <vehicle id="cfm-fast_5" eclass="HBEFA3/PC_G_EU4" CO2="0.00" CO="0.00" HC="0.00" NOx="0.00" PMx="0.00" fuel="0.00" electricity="0.00" noise="69.10" route="routebottom" type="cfm-fast" waiting="0.00" lane="bottom_0" pos="37.02" speed="22.64" angle="27.82" x="126.62" y="36.41"/>
        <vehicle id="cfm-slow_0" eclass="HBEFA3/PC_G_EU4" CO2="8112.13" CO="91.29" HC="0.61" NOx="3.28" PMx="0.16" fuel="3.49" electricity="0.00" noise="70.75" route="routebottom" type="cfm-slow" waiting="0.00" lane="right_0" pos="2.37" speed="20.08" angle="0.23" x="132.08" y="68.85"/>
        <vehicle id="cfm-slow_1" eclass="HBEFA3/PC_G_EU4" CO2="9226.32" CO="114.09" HC="0.75" NOx="3.80" PMx="0.19" fuel="3.97" electricity="0.00" noise="71.41" route="routebottom" type="cfm-slow" waiting="0.00" lane="right_0" pos="18.31" speed="20.25" angle="331.55" x="121.22" y="101.00"/>
        <vehicle id="cfm-slow_2" eclass="HBEFA3/PC_G_EU4" CO2="11118.48" CO="152.82" HC="0.97" NOx="4.68" PMx="0.24" fuel="4.78" electricity="0.00" noise="72.60" route="routebottom" type="cfm-slow" waiting="0.00" lane="right_0" pos="34.43" speed="20.63" angle="302.54" x="95.93" y="124.20"/>
        <vehicle id="cfm-slow_3" eclass="HBEFA3/PC_G_EU4" CO2="13720.62" CO="206.30" HC="1.28" NOx="5.89" PMx="0.31" fuel="5.90" electricity="0.00" noise="74.31" route="routetop" type="cfm-slow" waiting="0.00" lane="top_0" pos="0.95" speed="21.34" angle="272.76" x="61.53" y="132.23"/>
        <vehicle id="cfm-slow_4" eclass="HBEFA3/PC_G_EU4" CO2="16641.45" CO="267.11" HC="1.63" NOx="7.25" PMx="0.39" fuel="7.15" electricity="0.00" noise="76.20" route="routetop" type="cfm-slow" waiting="0.00" lane="top_0" pos="18.21" speed="22.45" angle="241.74" x="26.50" y="121.34"/>
        <vehicle id="cfm-slow_5" eclass="HBEFA3/PC_G_EU4" CO2="19636.20" CO="331.27" HC="2.00" NOx="8.63" PMx="0.47" fuel="8.44" electricity="0.00" noise="78.02" route="routetop" type="cfm-slow" waiting="0.00" lane="top_0" pos="36.62" speed="23.92" angle="208.61" x="1.05" y="91.70"/>
    </timestep>
    <timestep time="3.58">
        <vehicle id="cfm-fast_0" eclass="HBEFA3/PC_G_EU4" CO2="22446.49" CO="394.57" HC="2.36" NOx="9.91" PMx="0.55" fuel="9.65" electricity="0.00" noise="79.58" route="routetop" type="cfm-fast" waiting="0.00" lane="left_0" pos="6.79" speed="25.70" angle="172.24" x="-3.37" y="49.07"/>
        <vehicle id="cfm-fast_1" eclass="HBEFA3/PC_G_EU4" CO2="22557.25" CO="404.62" HC="2.41" NOx="9.93" PMx="0.55" fuel="9.70" electricity="0.00" noise="79.55" route="routetop" type="cfm-fast" waiting="0.00" lane="left_0" pos="24.71" speed="27.42" angle="140.04" x="14.71" y="15.60"/>
        <vehicle id="cfm-fast_2" eclass="HBEFA3/PC_G_EU4" CO2="8680.87" CO="127.15" HC="0.80" NOx="3.35" PMx="0.20" fuel="3.73" electricity="0.00" noise="74.10" route="routetop" type="cfm-fast" waiting="0.00" lane="left_0" pos="44.39" speed="28.83" angle="104.66" x="51.57" y="-3.87"/>
        <vehicle id="cfm-fast_3" eclass="HBEFA3/PC_G_EU4" CO2="0.00" CO="0.00" HC="0.00" NOx="0.00" PMx="0.00" fuel="0.00" electricity="0.00" noise="71.26" route="routebottom" type="cfm-fast" waiting="0.00" lane="bottom_0" pos="15.44" speed="28.05" angle="66.70" x="95.69" y="2.98"/>
        <vehicle id="cfm-fast_4" eclass="HBEFA3/PC_G_EU4" CO2="186861.30" CO="4081.63" HC="23.27" NOx="87.04" PMx="4.99" fuel="80.32" electricity="0.00" noise="138.20" route="routebottom" type="cfm-fast" waiting="0.00" lane="bottom_1" pos="45.90" speed="48.42" angle="11.87" x="128.42" y="55.24"/>
        <vehicle id="cfm-fast_5" eclass="HBEFA3/PC_G_EU4" CO2="0.00" CO="0.00" HC="0.00" NOx="0.00" PMx="0.00" fuel="0.00" electricity="0.00" noise="69.09" route="routebottom" type="cfm-fast" waiting="0.00" lane="bottom_0" pos="37.24" speed="22.63" angle="27.47" x="126.82" y="36.86"/>
        <vehicle id="cfm-slow_0" eclass="HBEFA3/PC_G_EU4" CO2="8088.89" CO="90.80" HC="0.61" NOx="3.27" PMx="0.16" fuel="3.48" electricity="0.00" noise="70.74" route="routebottom" type="cfm-slow" waiting="0.00" lane="right_0" pos="2.57" speed="20.09" angle="359.89" x="132.05" y="69.28"/>
        <vehicle id="cfm-slow_1" eclass="HBEFA3/PC_G_EU4" CO2="9210.56" CO="113.76" HC="0.74" NOx="3.79" PMx="0.19" fuel="3.96" electricity="0.00" noise="71.41" route="routebottom" type="cfm-slow" waiting="0.00" lane="right_0" pos="18.51" speed="20.26" angle="331.15" x="120.98" y="101.36"/>
        <vehicle id="cfm-slow_2" eclass="HBEFA3/PC_G_EU4" CO2="11109.46" CO="152.63" HC="0.97" NOx="4.68" PMx="0.24" fuel="4.78" electricity="0.00" noise="72.60" route="routebottom" type="cfm-slow" waiting="0.00" lane="right_0" pos="34.63" speed="20.65" angle="302.23" x="95.54" y="124.42"/>
        <vehicle id="cfm-slow_3" eclass="HBEFA3/PC_G_EU4" CO2="13714.34" CO="206.17" HC="1.28" NOx="5.89" PMx="0.31" fuel="5.90" electricity="0.00" noise="74.31" route="routetop" type="cfm-slow" waiting="0.00" lane="top_0" pos="1.16" speed="21.36" angle="272.37" x="61.07" y="132.22"/>
        <vehicle id="cfm-slow_4" eclass="HBEFA3/PC_G_EU4" CO2="16634.86" CO="267.00" HC="1.63" NOx="7.24" PMx="0.39" fuel="7.15" electricity="0.00" noise="76.20" route="routetop" type="cfm-slow" waiting="0.00" lane="top_0" pos="18.44" speed="22.47" angle="241.30" x="26.09" y="121.07"/>
        <vehicle id="cfm-slow_5" eclass="HBEFA3/PC_G_EU4" CO2="19626.64" CO="331.13" HC="1.99" NOx="8.62" PMx="0.47" fuel="8.44" electricity="0.00" noise="78.02" route="routetop" type="cfm-slow" waiting="0.00" lane="top_0" pos="36.86" speed="23.94" angle="208.16" x="0.84" y="91.23"/>
    </timestep>
    <timestep time="3.59">
        <vehicle id="cfm-fast_0" eclass="HBEFA3/PC_G_EU4" CO2="22400.35" CO="393.72" HC="2.35" NOx="9.89" PMx="0.55" fuel="9.63" electricity="0.00" noise="79.55" route="routetop" type="cfm-fast" waiting="0.00" lane="left_0" pos="7.05" speed="25.73" angle="171.75" x="-3.25" y="48.53"/>
        <vehicle id="cfm-fast_1" eclass="HBEFA3/PC_G_EU4" CO2="22380.12" CO="401.11" HC="2.39" NOx="9.84" PMx="0.55" fuel="9.62" electricity="0.00" noise="79.45" route="routetop" type="cfm-fast" waiting="0.00" lane="left_0" pos="24.98" speed="27.44" angle="139.54" x="15.13" y="15.18"/>
        <vehicle id="cfm-fast_2" eclass="HBEFA3/PC_G_EU4" CO2="8405.14" CO="121.50" HC="0.77" NOx="3.22" PMx="0.19" fuel="3.61" electricity="0.00" noise="74.03" route="routetop" type="cfm-fast" waiting="0.00" lane="left_0" pos="44.68" speed="28.83" angle="104.13" x="52.18" y="-3.98"/>
        <vehicle id="cfm-fast_3" eclass="HBEFA3/PC_G_EU4" CO2="0.00" CO="0.00" HC="0.00" NOx="0.00" PMx="0.00" fuel="0.00" electricity="0.00" noise="71.24" route="routebottom" type="cfm-fast" waiting="0.00" lane="bottom_0" pos="15.72" speed="28.03" angle="66.18" x="96.22" y="3.27"/>
        <vehicle id="cfm-fast_4" eclass="HBEFA3/PC_G_EU4" CO2="187432.13" CO="4096.50" HC="23.35" NOx="87.31" PMx="5.00" fuel="80.57" electricity="0.00" noise="138.27" route="routebottom" type="cfm-fast" waiting="0.00" lane="bottom_1" pos="46.38" speed="48.56" angle="11.06" x="128.55" y="56.23"/>
        <vehicle id="cfm-fast_5" eclass="HBEFA3/PC_G_EU4" CO2="0.00" CO="0.00" HC="0.00" NOx="0.00" PMx="0.00" fuel="0.00" electricity="0.00" noise="69.09" route="routebottom" type="cfm-fast" waiting="0.00" lane="bottom_0" pos="37.47" speed="22.63" angle="27.06" x="127.00" y="37.31"/>
        <vehicle id="cfm-slow_0" eclass="HBEFA3/PC_G_EU4" CO2="8066.00" CO="90.32" HC="0.61" NOx="3.26" PMx="0.16" fuel="3.47" electricity="0.00" noise="70.73" route="routebottom" type="cfm-slow" waiting="0.00" lane="right_0" pos="2.77" speed="20.10" angle="359.53" x="132.01" y="69.71"/>
        <vehicle id="cfm-slow_1" eclass="HBEFA3/PC_G_EU4" CO2="9195.15" CO="113.43" HC="0.74" NOx="3.78" PMx="0.19" fuel="3.95" electricity="0.00" noise="71.40" route="routebottom" type="cfm-slow" waiting="0.00" lane="right_0" pos="18.71" speed="20.28" angle="330.76" x="120.73" y="101.72"/>
        <vehicle id="cfm-slow_2" eclass="HBEFA3/PC_G_EU4" CO2="11100.75" CO="152.44" HC="0.97" NOx="4.67" PMx="0.24" fuel="4.77" electricity="0.00" noise="72.60" route="routebottom" type="cfm-slow" waiting="0.00" lane="right_0" pos="34.84" speed="20.66" angle="301.86" x="95.15" y="124.62"/>
        <vehicle id="cfm-slow_3" eclass="HBEFA3/PC_G_EU4" CO2="13708.33" CO="206.05" HC="1.28" NOx="5.89" PMx="0.31" fuel="5.89" electricity="0.00" noise="74.30" route="routetop" type="cfm-slow" waiting="0.00" lane="top_0" pos="1.38" speed="21.37" angle="272.00" x="60.61" y="132.20"/>
        <vehicle id="cfm-slow_4" eclass="HBEFA3/PC_G_EU4" CO2="16628.52" CO="266.90" HC="1.63" NOx="7.24" PMx="0.39" fuel="7.15" electricity="0.00" noise="76.19" route="routetop" type="cfm-slow" waiting="0.00" lane="top_0" pos="18.66" speed="22.49" angle="240.86" x="25.69" y="120.80"/>
        <vehicle id="cfm-slow_5" eclass="HBEFA3/PC_G_EU4" CO2="19617.05" CO="330.99" HC="1.99" NOx="8.62" PMx="0.47" fuel="8.43" electricity="0.00" noise="78.01" route="routetop" type="cfm-slow" waiting="0.00" lane="top_0" pos="37.10" speed="23.97" angle="207.73" x="0.63" y="90.76"/>
    </timestep>
    <timestep time="3.60">
        <vehicle id="cfm-fast_0" eclass="HBEFA3/PC_G_EU4" CO2="22353.42" CO="392.85" HC="2.35" NOx="9.87" PMx="0.54" fuel="9.61" electricity="0.00" noise="79.52" route="routetop" type="cfm-fast" waiting="0.00" lane="left_0" pos="7.31" speed="25.75" angle="171.25" x="-3.12" y="47.99"/>
        <vehicle id="cfm-fast_1" eclass="HBEFA3/PC_G_EU4" CO2="22202.30" CO="397.57" HC="2.36" NOx="9.76" PMx="0.55" fuel="9.54" electricity="0.00" noise="79.36" route="routetop" type="cfm-fast" waiting="0.00" lane="left_0" pos="25.26" speed="27.47" angle="139.03" x="15.55" y="14.76"/>
        <vehicle id="cfm-fast_2" eclass="HBEFA3/PC_G_EU4" CO2="8131.45" CO="115.89" HC="0.73" NOx="3.09" PMx="0.18" fuel="3.50" electricity="0.00" noise="73.96" route="routetop" type="cfm-fast" waiting="0.00" lane="left_0" pos="44.97" speed="28.84" angle="103.66" x="52.79" y="-4.09"/>
        <vehicle id="cfm-fast_3" eclass="HBEFA3/PC_G_EU4" CO2="0.00" CO="0.00" HC="0.00" NOx="0.00" PMx="0.00" fuel="0.00" electricity="0.00" noise="71.23" route="routebottom" type="cfm-fast" waiting="0.00" lane="bottom_0" pos="16.00" speed="28.00" angle="65.66" x="96.75" y="3.57"/>
        <vehicle id="cfm-fast_4" eclass="HBEFA3/PC_G_EU4" CO2="188003.25" CO="4111.39" HC="23.44" NOx="87.57" PMx="5.02" fuel="80.81" electricity="0.00" noise="138.34" route="routebottom" type="cfm-fast" waiting="0.00" lane="bottom_1" pos="46.87" speed="48.69" angle="10.19" x="128.65" y="57.22"/>
        <vehicle id="cfm-fast_5" eclass="HBEFA3/PC_G_EU4" CO2="0.00" CO="0.00" HC="0.00" NOx="0.00" PMx="0.00" fuel="0.00" electricity="0.00" noise="69.08" route="routebottom" type="cfm-fast" waiting="0.00" lane="bottom_0" pos="37.70" speed="22.62" angle="26.65" x="127.18" y="37.76"/>
        <vehicle id="cfm-slow_0" eclass="HBEFA3/PC_G_EU4" CO2="8043.46" CO="89.85" HC="0.61" NOx="3.24" PMx="0.16" fuel="3.46" electricity="0.00" noise="70.72" route="routebottom" type="cfm-slow" waiting="0.00" lane="right_0" pos="2.97" speed="20.11" angle="359.17" x="131.96" y="70.14"/>
        <vehicle id="cfm-slow_1" eclass="HBEFA3/PC_G_EU4" CO2="9180.09" CO="113.11" HC="0.74" NOx="3.78" PMx="0.19" fuel="3.95" electricity="0.00" noise="71.40" route="routebottom" type="cfm-slow" waiting="0.00" lane="right_0" pos="18.91" speed="20.29" angle="330.36" x="120.49" y="102.09"/>
        <vehicle id="cfm-slow_2" eclass="HBEFA3/PC_G_EU4" CO2="11092.34" CO="152.26" HC="0.97" NOx="4.67" PMx="0.24" fuel="4.77" electricity="0.00" noise="72.60" route="routebottom" type="cfm-slow" waiting="0.00" lane="right_0" pos="35.05" speed="20.67" angle="301.48" x="94.75" y="124.82"/>
        <vehicle id="cfm-slow_3" eclass="HBEFA3/PC_G_EU4" CO2="13702.59" CO="205.93" HC="1.28" NOx="5.89" PMx="0.31" fuel="5.89" electricity="0.00" noise="74.30" route="routetop" type="cfm-slow" waiting="0.00" lane="top_0" pos="1.59" speed="21.39" angle="271.62" x="60.15" y="132.18"/>
        <vehicle id="cfm-slow_4" eclass="HBEFA3/PC_G_EU4" CO2="16622.43" CO="266.80" HC="1.63" NOx="7.24" PMx="0.39" fuel="7.15" electricity="0.00" noise="76.19" route="routetop" type="cfm-slow" waiting="0.00" lane="top_0" pos="18.89" speed="22.51" angle="240.42" x="25.29" y="120.53"/>
        <vehicle id="cfm-slow_5" eclass="HBEFA3/PC_G_EU4" CO2="19607.43" CO="330.85" HC="1.99" NOx="8.61" PMx="0.47" fuel="8.43" electricity="0.00" noise="78.00" route="routetop" type="cfm-slow" waiting="0.00" lane="top_0" pos="37.34" speed="23.99" angle="207.34" x="0.43" y="90.28"/>
    </timestep>
    <timestep time="3.61">
        <vehicle id="cfm-fast_0" eclass="HBEFA3/PC_G_EU4" CO2="22305.71" CO="391.97" HC="2.34" NOx="9.84" PMx="0.54" fuel="9.59" electricity="0.00" noise="79.49" route="routetop" type="cfm-fast" waiting="0.00" lane="left_0" pos="7.56" speed="25.78" angle="170.78" x="-3.00" y="47.45"/>
        <vehicle id="cfm-fast_1" eclass="HBEFA3/PC_G_EU4" CO2="22023.81" CO="394.02" HC="2.34" NOx="9.67" PMx="0.54" fuel="9.47" electricity="0.00" noise="79.26" route="routetop" type="cfm-fast" waiting="0.00" lane="left_0" pos="25.53" speed="27.49" angle="138.54" x="15.97" y="14.34"/>
        <vehicle id="cfm-fast_2" eclass="HBEFA3/PC_G_EU4" CO2="7859.80" CO="110.32" HC="0.70" NOx="2.96" PMx="0.18" fuel="3.38" electricity="0.00" noise="73.89" route="routetop" type="cfm-fast" waiting="0.00" lane="left_0" pos="45.26" speed="28.84" angle="103.13" x="53.41" y="-4.17"/>
        <vehicle id="cfm-fast_3" eclass="HBEFA3/PC_G_EU4" CO2="0.00" CO="0.00" HC="0.00" NOx="0.00" PMx="0.00" fuel="0.00" electricity="0.00" noise="71.21" route="routebottom" type="cfm-fast" waiting="0.00" lane="bottom_0" pos="16.28" speed="27.98" angle="65.14" x="97.27" y="3.86"/>
        <vehicle id="cfm-fast_4" eclass="HBEFA3/PC_G_EU4" CO2="188574.66" CO="4126.30" HC="23.52" NOx="87.84" PMx="5.03" fuel="81.06" electricity="0.00" noise="138.40" route="routebottom" type="cfm-fast" waiting="0.00" lane="bottom_1" pos="47.36" speed="48.83" angle="9.34" x="128.75" y="58.22"/>
        <vehicle id="cfm-fast_5" eclass="HBEFA3/PC_G_EU4" CO2="0.00" CO="0.00" HC="0.00" NOx="0.00" PMx="0.00" fuel="0.00" electricity="0.00" noise="69.08" route="routebottom" type="cfm-fast" waiting="0.00" lane="bottom_0" pos="37.92" speed="22.61" angle="26.25" x="127.36" y="38.21"/>
        <vehicle id="cfm-slow_0" eclass="HBEFA3/PC_G_EU4" CO2="8021.27" CO="89.39" HC="0.60" NOx="3.23" PMx="0.16" fuel="3.45" electricity="0.00" noise="70.71" route="routebottom" type="cfm-slow" waiting="0.00" lane="right_0" pos="3.17" speed="20.12" angle="358.81" x="131.92" y="70.57"/>
        <vehicle id="cfm-slow_1" eclass="HBEFA3/PC_G_EU4" CO2="9165.36" CO="112.80" HC="0.74" NOx="3.77" PMx="0.19" fuel="3.94" electricity="0.00" noise="71.39" route="routebottom" type="cfm-slow" waiting="0.00" lane="right_0" pos="19.12" speed="20.30" angle="329.99" x="120.25" y="102.45"/>
        <vehicle id="cfm-slow_2" eclass="HBEFA3/PC_G_EU4" CO2="11084.22" CO="152.09" HC="0.96" NOx="4.67" PMx="0.24" fuel="4.76" electricity="0.00" noise="72.59" route="routebottom" type="cfm-slow" waiting="0.00" lane="right_0" pos="35.25" speed="20.69" angle="301.11" x="94.35" y="125.02"/>
        <vehicle id="cfm-slow_3" eclass="HBEFA3/PC_G_EU4" CO2="13697.12" CO="205.83" HC="1.27" NOx="5.88" PMx="0.31" fuel="5.89" electricity="0.00" noise="74.30" route="routetop" type="cfm-slow" waiting="0.00" lane="top_0" pos="1.81" speed="21.41" angle="271.24" x="59.69" y="132.15"/>
        <vehicle id="cfm-slow_4" eclass="HBEFA3/PC_G_EU4" CO2="16616.57" CO="266.70" HC="1.63" NOx="7.23" PMx="0.39" fuel="7.14" electricity="0.00" noise="76.19" route="routetop" type="cfm-slow" waiting="0.00" lane="top_0" pos="19.11" speed="22.53" angle="240.00" x="24.89" y="120.26"/>
        <vehicle id="cfm-slow_5" eclass="HBEFA3/PC_G_EU4" CO2="19597.77" CO="330.71" HC="1.99" NOx="8.61" PMx="0.47" fuel="8.42" electricity="0.00" noise="77.99" route="routetop" type="cfm-slow" waiting="0.00" lane="top_0" pos="37.58" speed="24.02" angle="206.90" x="0.24" y="89.80"/>
    </timestep>
    <timestep time="3.62">
        <vehicle id="cfm-fast_0" eclass="HBEFA3/PC_G_EU4" CO2="22257.21" CO="391.08" HC="2.33" NOx="9.82" PMx="0.54" fuel="9.57" electricity="0.00" noise="79.46" route="routetop" type="cfm-fast" waiting="0.00" lane="left_0" pos="7.82" speed="25.80" angle="170.34" x="-2.86" y="46.91"/>
        <vehicle id="cfm-fast_1" eclass="HBEFA3/PC_G_EU4" CO2="21844.67" CO="390.46" HC="2.32" NOx="9.59" PMx="0.54" fuel="9.39" electricity="0.00" noise="79.17" route="routetop" type="cfm-fast" waiting="0.00" lane="left_0" pos="25.81" speed="27.52" angle="138.08" x="16.39" y="13.94"/>
        <vehicle id="cfm-fast_2" eclass="HBEFA3/PC_G_EU4" CO2="7590.22" CO="104.78" HC="0.67" NOx="2.83" PMx="0.17" fuel="3.26" electricity="0.00" noise="73.82" route="routetop" type="cfm-fast" waiting="0.00" lane="left_0" pos="45.55" speed="28.84" angle="102.59" x="54.02" y="-4.26"/>
        <vehicle id="cfm-fast_3" eclass="HBEFA3/PC_G_EU4" CO2="0.00" CO="0.00" HC="0.00" NOx="0.00" PMx="0.00" fuel="0.00" electricity="0.00" noise="71.20" route="routebottom" type="cfm-fast" waiting="0.00" lane="bottom_0" pos="16.56" speed="27.95" angle="64.65" x="97.80" y="4.15"/>
        <vehicle id="cfm-fast_4" eclass="HBEFA3/PC_G_EU4" CO2="189146.36" CO="4141.23" HC="23.60" NOx="88.11" PMx="5.05" fuel="81.30" electricity="0.00" noise="138.47" route="routebottom" type="cfm-fast" waiting="0.00" lane="bottom_1" pos="47.85" speed="48.97" angle="8.44" x="128.82" y="59.22"/>
        <vehicle id="cfm-fast_5" eclass="HBEFA3/PC_G_EU4" CO2="0.00" CO="0.00" HC="0.00" NOx="0.00" PMx="0.00" fuel="0.00" electricity="0.00" noise="69.07" route="routebottom" type="cfm-fast" waiting="0.00" lane="bottom_0" pos="38.15" speed="22.60" angle="25.84" x="127.54" y="38.66"/>
        <vehicle id="cfm-slow_0" eclass="HBEFA3/PC_G_EU4" CO2="7999.42" CO="88.93" HC="0.60" NOx="3.22" PMx="0.16" fuel="3.44" electricity="0.00" noise="70.70" route="routebottom" type="cfm-slow" waiting="0.00" lane="right_0" pos="3.37" speed="20.13" angle="358.45" x="131.87" y="71.00"/>
        <vehicle id="cfm-slow_1" eclass="HBEFA3/PC_G_EU4" CO2="9150.96" CO="112.50" HC="0.74" NOx="3.76" PMx="0.19" fuel="3.93" electricity="0.00" noise="71.38" route="routebottom" type="cfm-slow" waiting="0.00" lane="right_0" pos="19.32" speed="20.31" angle="329.66" x="120.00" y="102.81"/>
        <vehicle id="cfm-slow_2" eclass="HBEFA3/PC_G_EU4" CO2="11076.40" CO="151.93" HC="0.96" NOx="4.66" PMx="0.24" fuel="4.76" electricity="0.00" noise="72.59" route="routebottom" type="cfm-slow" waiting="0.00" lane="right_0" pos="35.46" speed="20.70" angle="300.73" x="93.95" y="125.22"/>
        <vehicle id="cfm-slow_3" eclass="HBEFA3/PC_G_EU4" CO2="13691.91" CO="205.72" HC="1.27" NOx="5.88" PMx="0.31" fuel="5.89" electricity="0.00" noise="74.30" route="routetop" type="cfm-slow" waiting="0.00" lane="top_0" pos="2.02" speed="21.43" angle="270.85" x="59.23" y="132.12"/>
        <vehicle id="cfm-slow_4" eclass="HBEFA3/PC_G_EU4" CO2="16610.96" CO="266.61" HC="1.62" NOx="7.23" PMx="0.39" fuel="7.14" electricity="0.00" noise="76.18" route="routetop" type="cfm-slow" waiting="0.00" lane="top_0" pos="19.34" speed="22.56" angle="239.64" x="24.49" y="119.98"/>
        <vehicle id="cfm-slow_5" eclass="HBEFA3/PC_G_EU4" CO2="19588.06" CO="330.57" HC="1.99" NOx="8.60" PMx="0.47" fuel="8.42" electricity="0.00" noise="77.99" route="routetop" type="cfm-slow" waiting="0.00" lane="top_0" pos="37.82" speed="24.04" angle="206.46" x="0.04" y="89.32"/>
    </timestep>
    <timestep time="3.63">
        <vehicle id="cfm-fast_0" eclass="HBEFA3/PC_G_EU4" CO2="22207.92" CO="390.17" HC="2.33" NOx="9.80" PMx="0.54" fuel="9.55" electricity="0.00" noise="79.43" route="routetop" type="cfm-fast" waiting="0.00" lane="left_0" pos="8.08" speed="25.83" angle="169.87" x="-2.72" y="46.37"/>
        <vehicle id="cfm-fast_1" eclass="HBEFA3/PC_G_EU4" CO2="21664.90" CO="386.88" HC="2.30" NOx="9.50" PMx="0.53" fuel="9.31" electricity="0.00" noise="79.07" route="routetop" type="cfm-fast" waiting="0.00" lane="left_0" pos="26.08" speed="27.54" angle="137.57" x="16.83" y="13.54"/>
        <vehicle id="cfm-fast_2" eclass="HBEFA3/PC_G_EU4" CO2="7322.72" CO="99.29" HC="0.64" NOx="2.71" PMx="0.16" fuel="3.15" electricity="0.00" noise="73.76" route="routetop" type="cfm-fast" waiting="0.00" lane="left_0" pos="45.84" speed="28.85" angle="102.06" x="54.64" y="-4.35"/>
        <vehicle id="cfm-fast_3" eclass="HBEFA3/PC_G_EU4" CO2="0.00" CO="0.00" HC="0.00" NOx="0.00" PMx="0.00" fuel="0.00" electricity="0.00" noise="71.19" route="routebottom" type="cfm-fast" waiting="0.00" lane="bottom_0" pos="16.84" speed="27.93" angle="64.17" x="98.32" y="4.45"/>
        <vehicle id="cfm-fast_4" eclass="HBEFA3/PC_G_EU4" CO2="189718.36" CO="4156.18" HC="23.68" NOx="88.38" PMx="5.07" fuel="81.55" electricity="0.00" noise="138.53" route="routebottom" type="cfm-fast" waiting="0.00" lane="bottom_1" pos="48.34" speed="49.10" angle="7.49" x="128.87" y="60.23"/>
        <vehicle id="cfm-fast_5" eclass="HBEFA3/PC_G_EU4" CO2="0.00" CO="0.00" HC="0.00" NOx="0.00" PMx="0.00" fuel="0.00" electricity="0.00" noise="69.07" route="routebottom" type="cfm-fast" waiting="0.00" lane="bottom_0" pos="38.37" speed="22.60" angle="25.44" x="127.72" y="39.11"/>
        <vehicle id="cfm-slow_0" eclass="HBEFA3/PC_G_EU4" CO2="7977.92" CO="88.48" HC="0.60" NOx="3.21" PMx="0.16" fuel="3.43" electricity="0.00" noise="70.70" route="routebottom" type="cfm-slow" waiting="0.00" lane="right_0" pos="3.57" speed="20.14" angle="358.09" x="131.83" y="71.43"/>
        <vehicle id="cfm-slow_1" eclass="HBEFA3/PC_G_EU4" CO2="9136.90" CO="112.20" HC="0.73" NOx="3.76" PMx="0.19" fuel="3.93" electricity="0.00" noise="71.38" route="routebottom" type="cfm-slow" waiting="0.00" lane="right_0" pos="19.52" speed="20.32" angle="329.29" x="119.74" y="103.16"/>
        <vehicle id="cfm-slow_2" eclass="HBEFA3/PC_G_EU4" CO2="11068.87" CO="151.76" HC="0.96" NOx="4.66" PMx="0.24" fuel="4.76" electricity="0.00" noise="72.59" route="routebottom" type="cfm-slow" waiting="0.00" lane="right_0" pos="35.67" speed="20.72" angle="300.36" x="93.56" y="125.42"/>
        <vehicle id="cfm-slow_3" eclass="HBEFA3/PC_G_EU4" CO2="13686.96" CO="205.62" HC="1.27" NOx="5.88" PMx="0.31" fuel="5.88" electricity="0.00" noise="74.30" route="routetop" type="cfm-slow" waiting="0.00" lane="top_0" pos="2.23" speed="21.45" angle="270.47" x="58.77" y="132.10"/>
        <vehicle id="cfm-slow_4" eclass="HBEFA3/PC_G_EU4" CO2="16605.57" CO="266.53" HC="1.62" NOx="7.23" PMx="0.39" fuel="7.14" electricity="0.00" noise="76.18" route="routetop" type="cfm-slow" waiting="0.00" lane="top_0" pos="19.56" speed="22.58" angle="239.23" x="24.09" y="119.70"/>
        <vehicle id="cfm-slow_5" eclass="HBEFA3/PC_G_EU4" CO2="19578.29" CO="330.43" HC="1.99" NOx="8.60" PMx="0.47" fuel="8.42" electricity="0.00" noise="77.98" route="routetop" type="cfm-slow" waiting="0.00" lane="top_0" pos="38.06" speed="24.07" angle="206.02" x="-0.15" y="88.84"/>
    </timestep>
    <timestep time="3.64">
        <vehicle id="cfm-fast_0" eclass="HBEFA3/PC_G_EU4" CO2="22157.83" CO="389.24" HC="2.32" NOx="9.77" PMx="0.54" fuel="9.52" electricity="0.00" noise="79.40" route="routetop" type="cfm-fast" waiting="0.00" lane="left_0" pos="8.34" speed="25.86" angle="169.40" x="-2.58" y="45.84"/>
        <vehicle id="cfm-fast_1" eclass="HBEFA3/PC_G_EU4" CO2="21484.53" CO="383.29" HC="2.28" NOx="9.42" PMx="0.53" fuel="9.24" electricity="0.00" noise="78.98" route="routetop" type="cfm-fast" waiting="0.00" lane="left_0" pos="26.36" speed="27.56" angle="137.06" x="17.27" y="13.13"/>
        <vehicle id="cfm-fast_2" eclass="HBEFA3/PC_G_EU4" CO2="7057.30" CO="93.84" HC="0.61" NOx="2.58" PMx="0.15" fuel="3.03" electricity="0.00" noise="73.70" route="routetop" type="cfm-fast" waiting="0.00" lane="left_0" pos="46.12" speed="28.85" angle="101.55" x="55.25" y="-4.43"/>
        <vehicle id="cfm-fast_3" eclass="HBEFA3/PC_G_EU4" CO2="0.00" CO="0.00" HC="0.00" NOx="0.00" PMx="0.00" fuel="0.00" electricity="0.00" noise="71.17" route="routebottom" type="cfm-fast" waiting="0.00" lane="bottom_0" pos="17.12" speed="27.90" angle="63.65" x="98.83" y="4.76"/>
        <vehicle id="cfm-fast_4" eclass="HBEFA3/PC_G_EU4" CO2="190290.65" CO="4171.16" HC="23.77" NOx="88.64" PMx="5.08" fuel="81.80" electricity="0.00" noise="138.60" route="routebottom" type="cfm-fast" waiting="0.00" lane="bottom_1" pos="48.83" speed="49.24" angle="6.62" x="128.92" y="61.23"/>
        <vehicle id="cfm-fast_5" eclass="HBEFA3/PC_G_EU4" CO2="0.00" CO="0.00" HC="0.00" NOx="0.00" PMx="0.00" fuel="0.00" electricity="0.00" noise="69.06" route="routebottom" type="cfm-fast" waiting="0.00" lane="bottom_0" pos="38.60" speed="22.59" angle="25.07" x="127.90" y="39.57"/>
        <vehicle id="cfm-slow_0" eclass="HBEFA3/PC_G_EU4" CO2="7956.76" CO="88.04" HC="0.59" NOx="3.20" PMx="0.16" fuel="3.42" electricity="0.00" noise="70.69" route="routebottom" type="cfm-slow" waiting="0.00" lane="right_0" pos="3.77" speed="20.15" angle="357.73" x="131.79" y="71.86"/>
        <vehicle id="cfm-slow_1" eclass="HBEFA3/PC_G_EU4" CO2="9123.18" CO="111.91" HC="0.73" NOx="3.75" PMx="0.19" fuel="3.92" electricity="0.00" noise="71.38" route="routebottom" type="cfm-slow" waiting="0.00" lane="right_0" pos="19.73" speed="20.33" angle="328.92" x="119.49" y="103.52"/>
        <vehicle id="cfm-slow_2" eclass="HBEFA3/PC_G_EU4" CO2="11061.63" CO="151.61" HC="0.96" NOx="4.65" PMx="0.24" fuel="4.75" electricity="0.00" noise="72.59" route="routebottom" type="cfm-slow" waiting="0.00" lane="right_0" pos="35.88" speed="20.73" angle="300.02" x="93.16" y="125.62"/>
        <vehicle id="cfm-slow_3" eclass="HBEFA3/PC_G_EU4" CO2="13682.27" CO="205.53" HC="1.27" NOx="5.87" PMx="0.31" fuel="5.88" electricity="0.00" noise="74.29" route="routetop" type="cfm-slow" waiting="0.00" lane="top_0" pos="2.45" speed="21.47" angle="270.08" x="58.31" y="132.07"/>
        <vehicle id="cfm-slow_4" eclass="HBEFA3/PC_G_EU4" CO2="16600.42" CO="266.45" HC="1.62" NOx="7.22" PMx="0.39" fuel="7.14" electricity="0.00" noise="76.17" route="routetop" type="cfm-slow" waiting="0.00" lane="top_0" pos="19.79" speed="22.60" angle="238.82" x="23.70" y="119.41"/>
        <vehicle id="cfm-slow_5" eclass="HBEFA3/PC_G_EU4" CO2="19568.46" CO="330.29" HC="1.99" NOx="8.59" PMx="0.47" fuel="8.41" electricity="0.00" noise="77.97" route="routetop" type="cfm-slow" waiting="0.00" lane="top_0" pos="38.30" speed="24.09" angle="205.57" x="-0.34" y="88.36"/>
    </timestep>
    <timestep time="3.65">
        <vehicle id="cfm-fast_0" eclass="HBEFA3/PC_G_EU4" CO2="22106.94" CO="388.29" HC="2.32" NOx="9.75" PMx="0.54" fuel="9.50" electricity="0.00" noise="79.37" route="routetop" type="cfm-fast" waiting="0.00" lane="left_0" pos="8.60" speed="25.88" angle="168.92" x="-2.43" y="45.30"/>
        <vehicle id="cfm-fast_1" eclass="HBEFA3/PC_G_EU4" CO2="21303.57" CO="379.69" HC="2.26" NOx="9.33" PMx="0.52" fuel="9.16" electricity="0.00" noise="78.89" route="routetop" type="cfm-fast" waiting="0.00" lane="left_0" pos="26.63" speed="27.58" angle="136.55" x="17.70" y="12.73"/>
        <vehicle id="cfm-fast_2" eclass="HBEFA3/PC_G_EU4" CO2="6793.98" CO="88.43" HC="0.58" NOx="2.46" PMx="0.15" fuel="2.92" electricity="0.00" noise="73.64" route="routetop" type="cfm-fast" waiting="0.00" lane="left_0" pos="46.41" speed="28.85" angle="101.05" x="55.87" y="-4.50"/>
        <vehicle id="cfm-fast_3" eclass="HBEFA3/PC_G_EU4" CO2="0.00" CO="0.00" HC="0.00" NOx="0.00" PMx="0.00" fuel="0.00" electricity="0.00" noise="71.16" route="routebottom" type="cfm-fast" waiting="0.00" lane="bottom_0" pos="17.40" speed="27.88" angle="63.14" x="99.35" y="5.07"/>
        <vehicle id="cfm-fast_4" eclass="HBEFA3/PC_G_EU4" CO2="190863.23" CO="4186.15" HC="23.85" NOx="88.91" PMx="5.10" fuel="82.04" electricity="0.00" noise="138.67" route="routebottom" type="cfm-fast" waiting="0.00" lane="bottom_1" pos="49.32" speed="49.38" angle="5.71" x="128.94" y="62.25"/>
        <vehicle id="cfm-fast_5" eclass="HBEFA3/PC_G_EU4" CO2="0.00" CO="0.00" HC="0.00" NOx="0.00" PMx="0.00" fuel="0.00" electricity="0.00" noise="69.06" route="routebottom" type="cfm-fast" waiting="0.00" lane="bottom_0" pos="38.83" speed="22.58" angle="24.67" x="128.06" y="40.02"/>
        <vehicle id="cfm-slow_0" eclass="HBEFA3/PC_G_EU4" CO2="7935.94" CO="87.60" HC="0.59" NOx="3.19" PMx="0.16" fuel="3.41" electricity="0.00" noise="70.68" route="routebottom" type="cfm-slow" waiting="0.00" lane="right_0" pos="3.98" speed="20.16" angle="357.38" x="131.73" y="72.29"/>
        <vehicle id="cfm-slow_1" eclass="HBEFA3/PC_G_EU4" CO2="9109.78" CO="111.63" HC="0.73" NOx="3.74" PMx="0.19" fuel="3.92" electricity="0.00" noise="71.37" route="routebottom" type="cfm-slow" waiting="0.00" lane="right_0" pos="19.93" speed="20.34" angle="328.56" x="119.23" y="103.87"/>
        <vehicle id="cfm-slow_2" eclass="HBEFA3/PC_G_EU4" CO2="11054.68" CO="151.46" HC="0.96" NOx="4.65" PMx="0.24" fuel="4.75" electricity="0.00" noise="72.59" route="routebottom" type="cfm-slow" waiting="0.00" lane="right_0" pos="36.08" speed="20.75" angle="299.64" x="92.75" y="125.80"/>
        <vehicle id="cfm-slow_3" eclass="HBEFA3/PC_G_EU4" CO2="13677.84" CO="205.45" HC="1.27" NOx="5.87" PMx="0.31" fuel="5.88" electricity="0.00" noise="74.29" route="routetop" type="cfm-slow" waiting="0.00" lane="top_0" pos="2.66" speed="21.48" angle="269.72" x="57.85" y="132.03"/>
        <vehicle id="cfm-slow_4" eclass="HBEFA3/PC_G_EU4" CO2="16595.48" CO="266.37" HC="1.62" NOx="7.22" PMx="0.39" fuel="7.13" electricity="0.00" noise="76.17" route="routetop" type="cfm-slow" waiting="0.00" lane="top_0" pos="20.02" speed="22.62" angle="238.41" x="23.30" y="119.13"/>
        <vehicle id="cfm-slow_5" eclass="HBEFA3/PC_G_EU4" CO2="19558.55" CO="330.15" HC="1.99" NOx="8.59" PMx="0.47" fuel="8.41" electricity="0.00" noise="77.96" route="routetop" type="cfm-slow" waiting="0.00" lane="top_0" pos="38.54" speed="24.12" angle="205.18" x="-0.53" y="87.88"/>
    </timestep>
    <timestep time="3.66">
        <vehicle id="cfm-fast_0" eclass="HBEFA3/PC_G_EU4" CO2="22055.26" CO="387.33" HC="2.31" NOx="9.72" PMx="0.54" fuel="9.48" electricity="0.00" noise="79.33" route="routetop" type="cfm-fast" waiting="0.00" lane="left_0" pos="8.86" speed="25.91" angle="168.47" x="-2.29" y="44.76"/>
        <vehicle id="cfm-fast_1" eclass="HBEFA3/PC_G_EU4" CO2="21122.04" CO="376.07" HC="2.24" NOx="9.25" PMx="0.52" fuel="9.08" electricity="0.00" noise="78.80" route="routetop" type="cfm-fast" waiting="0.00" lane="left_0" pos="26.91" speed="27.61" angle="136.09" x="18.14" y="12.33"/>
        <vehicle id="cfm-fast_2" eclass="HBEFA3/PC_G_EU4" CO2="6532.77" CO="83.06" HC="0.54" NOx="2.33" PMx="0.14" fuel="2.81" electricity="0.00" noise="73.58" route="routetop" type="cfm-fast" waiting="0.00" lane="left_0" pos="46.70" speed="28.85" angle="100.53" x="56.49" y="-4.56"/>
        <vehicle id="cfm-fast_3" eclass="HBEFA3/PC_G_EU4" CO2="0.00" CO="0.00" HC="0.00" NOx="0.00" PMx="0.00" fuel="0.00" electricity="0.00" noise="71.14" route="routebottom" type="cfm-fast" waiting="0.00" lane="bottom_0" pos="17.68" speed="27.85" angle="62.63" x="99.86" y="5.38"/>
        <vehicle id="cfm-fast_4" eclass="HBEFA3/PC_G_EU4" CO2="191436.10" CO="4201.17" HC="23.93" NOx="89.18" PMx="5.12" fuel="82.29" electricity="0.00" noise="138.73" route="routebottom" type="cfm-fast" waiting="0.00" lane="bottom_1" pos="49.82" speed="49.51" angle="4.80" x="128.96" y="63.26"/>
        <vehicle id="cfm-fast_5" eclass="HBEFA3/PC_G_EU4" CO2="0.00" CO="0.00" HC="0.00" NOx="0.00" PMx="0.00" fuel="0.00" electricity="0.00" noise="69.05" route="routebottom" type="cfm-fast" waiting="0.00" lane="bottom_0" pos="39.05" speed="22.57" angle="24.26" x="128.23" y="40.48"/>
        <vehicle id="cfm-slow_0" eclass="HBEFA3/PC_G_EU4" CO2="7915.46" CO="87.17" HC="0.59" NOx="3.18" PMx="0.16" fuel="3.40" electricity="0.00" noise="70.67" route="routebottom" type="cfm-slow" waiting="0.00" lane="right_0" pos="4.18" speed="20.16" angle="357.01" x="131.67" y="72.72"/>
        <vehicle id="cfm-slow_1" eclass="HBEFA3/PC_G_EU4" CO2="9096.71" CO="111.35" HC="0.73" NOx="3.74" PMx="0.19" fuel="3.91" electricity="0.00" noise="71.37" route="routebottom" type="cfm-slow" waiting="0.00" lane="right_0" pos="20.13" speed="20.35" angle="328.19" x="118.98" y="104.23"/>
        <vehicle id="cfm-slow_2" eclass="HBEFA3/PC_G_EU4" CO2="11048.02" CO="151.32" HC="0.96" NOx="4.65" PMx="0.24" fuel="4.75" electricity="0.00" noise="72.59" route="routebottom" type="cfm-slow" waiting="0.00" lane="right_0" pos="36.29" speed="20.76" angle="299.24" x="92.34" y="125.98"/>
        <vehicle id="cfm-slow_3" eclass="HBEFA3/PC_G_EU4" CO2="13673.66" CO="205.37" HC="1.27" NOx="5.87" PMx="0.31" fuel="5.88" electricity="0.00" noise="74.29" route="routetop" type="cfm-slow" waiting="0.00" lane="top_0" pos="2.88" speed="21.50" angle="269.33" x="57.39" y="131.98"/>
        <vehicle id="cfm-slow_4" eclass="HBEFA3/PC_G_EU4" CO2="16590.77" CO="266.30" HC="1.62" NOx="7.22" PMx="0.39" fuel="7.13" electricity="0.00" noise="76.17" route="routetop" type="cfm-slow" waiting="0.00" lane="top_0" pos="20.24" speed="22.64" angle="238.00" x="22.91" y="118.84"/>
        <vehicle id="cfm-slow_5" eclass="HBEFA3/PC_G_EU4" CO2="19548.56" CO="330.00" HC="1.99" NOx="8.58" PMx="0.47" fuel="8.40" electricity="0.00" noise="77.96" route="routetop" type="cfm-slow" waiting="0.00" lane="top_0" pos="38.78" speed="24.14" angle="204.74" x="-0.71" y="87.39"/>
    </timestep>
    <timestep time="3.67">
        <vehicle id="cfm-fast_0" eclass="HBEFA3/PC_G_EU4" CO2="22002.78" CO="386.35" HC="2.31" NOx="9.70" PMx="0.54" fuel="9.46" electricity="0.00" noise="79.30" route="routetop" type="cfm-fast" waiting="0.00" lane="left_0" pos="9.12" speed="25.93" angle="168.03" x="-2.13" y="44.22"/>
        <vehicle id="cfm-fast_1" eclass="HBEFA3/PC_G_EU4" CO2="20939.97" CO="372.44" HC="2.22" NOx="9.16" PMx="0.51" fuel="9.00" electricity="0.00" noise="78.70" route="routetop" type="cfm-fast" waiting="0.00" lane="left_0" pos="27.19" speed="27.63" angle="135.58" x="18.59" y="11.94"/>
        <vehicle id="cfm-fast_2" eclass="HBEFA3/PC_G_EU4" CO2="6273.68" CO="77.74" HC="0.51" NOx="2.21" PMx="0.13" fuel="2.70" electricity="0.00" noise="73.52" route="routetop" type="cfm-fast" waiting="0.00" lane="left_0" pos="46.99" speed="28.85" angle="100.00" x="57.10" y="-4.62"/>
        <vehicle id="cfm-fast_3" eclass="HBEFA3/PC_G_EU4" CO2="0.00" CO="0.00" HC="0.00" NOx="0.00" PMx="0.00" fuel="0.00" electricity="0.00" noise="71.13" route="routebottom" type="cfm-fast" waiting="0.00" lane="bottom_0" pos="17.95" speed="27.83" angle="62.19" x="100.37" y="5.69"/>
        <vehicle id="cfm-fast_4" eclass="HBEFA3/PC_G_EU4" CO2="192009.26" CO="4216.21" HC="24.02" NOx="89.45" PMx="5.13" fuel="82.54" electricity="0.00" noise="138.80" route="routebottom" type="cfm-fast" waiting="0.00" lane="right_1" pos="0.32" speed="49.65" angle="3.92" x="128.96" y="64.34"/>
        <vehicle id="cfm-fast_5" eclass="HBEFA3/PC_G_EU4" CO2="0.00" CO="0.00" HC="0.00" NOx="0.00" PMx="0.00" fuel="0.00" electricity="0.00" noise="69.05" route="routebottom" type="cfm-fast" waiting="0.00" lane="bottom_0" pos="39.28" speed="22.56" angle="23.85" x="128.39" y="40.94"/>
        <vehicle id="cfm-slow_0" eclass="HBEFA3/PC_G_EU4" CO2="7895.32" CO="86.75" HC="0.59" NOx="3.17" PMx="0.16" fuel="3.39" electricity="0.00" noise="70.67" route="routebottom" type="cfm-slow" waiting="0.00" lane="right_0" pos="4.38" speed="20.17" angle="356.65" x="131.61" y="73.15"/>
        <vehicle id="cfm-slow_1" eclass="HBEFA3/PC_G_EU4" CO2="9083.96" CO="111.08" HC="0.73" NOx="3.73" PMx="0.19" fuel="3.90" electricity="0.00" noise="71.36" route="routebottom" type="cfm-slow" waiting="0.00" lane="right_0" pos="20.34" speed="20.36" angle="327.82" x="118.72" y="104.59"/>
        <vehicle id="cfm-slow_2" eclass="HBEFA3/PC_G_EU4" CO2="11041.64" CO="151.18" HC="0.96" NOx="4.64" PMx="0.24" fuel="4.75" electricity="0.00" noise="72.58" route="routebottom" type="cfm-slow" waiting="0.00" lane="right_0" pos="36.50" speed="20.77" angle="298.83" x="91.94" y="126.17"/>
        <vehicle id="cfm-slow_3" eclass="HBEFA3/PC_G_EU4" CO2="13669.74" CO="205.29" HC="1.27" NOx="5.87" PMx="0.31" fuel="5.88" electricity="0.00" noise="74.29" route="routetop" type="cfm-slow" waiting="0.00" lane="top_0" pos="3.09" speed="21.52" angle="268.95" x="56.92" y="131.94"/>
        <vehicle id="cfm-slow_4" eclass="HBEFA3/PC_G_EU4" CO2="16586.26" CO="266.24" HC="1.62" NOx="7.22" PMx="0.39" fuel="7.13" electricity="0.00" noise="76.17" route="routetop" type="cfm-slow" waiting="0.00" lane="top_0" pos="20.47" speed="22.67" angle="237.62" x="22.51" y="118.56"/>
        <vehicle id="cfm-slow_5" eclass="HBEFA3/PC_G_EU4" CO2="19538.48" CO="329.85" HC="1.99" NOx="8.58" PMx="0.47" fuel="8.40" electricity="0.00" noise="77.95" route="routetop" type="cfm-slow" waiting="0.00" lane="top_0" pos="39.03" speed="24.17" angle="204.29" x="-0.88" y="86.90"/>
    </timestep>
    <timestep time="3.68">
        <vehicle id="cfm-fast_0" eclass="HBEFA3/PC_G_EU4" CO2="21949.50" CO="385.36" HC="2.30" NOx="9.67" PMx="0.53" fuel="9.43" electricity="0.00" noise="79.27" route="routetop" type="cfm-fast" waiting="0.00" lane="left_0" pos="9.38" speed="25.96" angle="167.55" x="-1.96" y="43.69"/>
        <vehicle id="cfm-fast_1" eclass="HBEFA3/PC_G_EU4" CO2="20757.37" CO="368.80" HC="2.20" NOx="9.07" PMx="0.51" fuel="8.92" electricity="0.00" noise="78.61" route="routetop" type="cfm-fast" waiting="0.00" lane="left_0" pos="27.46" speed="27.65" angle="135.07" x="19.05" y="11.56"/>
        <vehicle id="cfm-fast_2" eclass="HBEFA3/PC_G_EU4" CO2="6016.71" CO="72.45" HC="0.48" NOx="2.09" PMx="0.13" fuel="2.59" electricity="0.00" noise="73.46" route="routetop" type="cfm-fast" waiting="0.00" lane="left_0" pos="47.28" speed="28.85" angle="99.47" x="57.72" y="-4.69"/>
        <vehicle id="cfm-fast_3" eclass="HBEFA3/PC_G_EU4" CO2="0.00" CO="0.00" HC="0.00" NOx="0.00" PMx="0.00" fuel="0.00" electricity="0.00" noise="71.11" route="routebottom" type="cfm-fast" waiting="0.00" lane="bottom_0" pos="18.23" speed="27.80" angle="61.67" x="100.87" y="6.02"/>
        <vehicle id="cfm-fast_4" eclass="HBEFA3/PC_G_EU4" CO2="192582.72" CO="4231.27" HC="24.10" NOx="89.71" PMx="5.15" fuel="82.78" electricity="0.00" noise="138.86" route="routebottom" type="cfm-fast" waiting="0.00" lane="right_1" pos="0.81" speed="49.78" angle="3.00" x="128.94" y="65.36"/>
        <vehicle id="cfm-fast_5" eclass="HBEFA3/PC_G_EU4" CO2="0.00" CO="0.00" HC="0.00" NOx="0.00" PMx="0.00" fuel="0.00" electricity="0.00" noise="69.05" route="routebottom" type="cfm-fast" waiting="0.00" lane="bottom_0" pos="39.50" speed="22.56" angle="23.45" x="128.56" y="41.39"/>
        <vehicle id="cfm-slow_0" eclass="HBEFA3/PC_G_EU4" CO2="7875.51" CO="86.33" HC="0.59" NOx="3.16" PMx="0.16" fuel="3.39" electricity="0.00" noise="70.66" route="routebottom" type="cfm-slow" waiting="0.00" lane="right_0" pos="4.58" speed="20.18" angle="356.28" x="131.54" y="73.58"/>
        <vehicle id="cfm-slow_1" eclass="HBEFA3/PC_G_EU4" CO2="9071.53" CO="110.82" HC="0.73" NOx="3.72" PMx="0.19" fuel="3.90" electricity="0.00" noise="71.36" route="routebottom" type="cfm-slow" waiting="0.00" lane="right_0" pos="20.54" speed="20.38" angle="327.51" x="118.46" y="104.94"/>
        <vehicle id="cfm-slow_2" eclass="HBEFA3/PC_G_EU4" CO2="11035.55" CO="151.05" HC="0.96" NOx="4.64" PMx="0.24" fuel="4.74" electricity="0.00" noise="72.58" route="routebottom" type="cfm-slow" waiting="0.00" lane="right_0" pos="36.71" speed="20.79" angle="298.43" x="91.53" y="126.35"/>
        <vehicle id="cfm-slow_3" eclass="HBEFA3/PC_G_EU4" CO2="13666.06" CO="205.22" HC="1.27" NOx="5.86" PMx="0.31" fuel="5.87" electricity="0.00" noise="74.29" route="routetop" type="cfm-slow" waiting="0.00" lane="top_0" pos="3.31" speed="21.54" angle="268.56" x="56.46" y="131.89"/>
        <vehicle id="cfm-slow_4" eclass="HBEFA3/PC_G_EU4" CO2="16581.97" CO="266.18" HC="1.62" NOx="7.21" PMx="0.39" fuel="7.13" electricity="0.00" noise="76.16" route="routetop" type="cfm-slow" waiting="0.00" lane="top_0" pos="20.70" speed="22.69" angle="237.22" x="22.13" y="118.26"/>
        <vehicle id="cfm-slow_5" eclass="HBEFA3/PC_G_EU4" CO2="19528.30" CO="329.71" HC="1.99" NOx="8.57" PMx="0.47" fuel="8.39" electricity="0.00" noise="77.94" route="routetop" type="cfm-slow" waiting="0.00" lane="top_0" pos="39.27" speed="24.19" angle="203.84" x="-1.06" y="86.41"/>
    </timestep>
    <timestep time="3.69">
        <vehicle id="cfm-fast_0" eclass="HBEFA3/PC_G_EU4" CO2="21895.41" CO="384.35" HC="2.30" NOx="9.65" PMx="0.53" fuel="9.41" electricity="0.00" noise="79.24" route="routetop" type="cfm-fast" waiting="0.00" lane="left_0" pos="9.64" speed="25.99" angle="167.07" x="-1.80" y="43.16"/>
        <vehicle id="cfm-fast_1" eclass="HBEFA3/PC_G_EU4" CO2="20574.28" CO="365.15" HC="2.18" NOx="8.99" PMx="0.50" fuel="8.84" electricity="0.00" noise="78.52" route="routetop" type="cfm-fast" waiting="0.00" lane="left_0" pos="27.74" speed="27.67" angle="134.55" x="19.50" y="11.17"/>
        <vehicle id="cfm-fast_2" eclass="HBEFA3/PC_G_EU4" CO2="5761.89" CO="67.21" HC="0.45" NOx="1.97" PMx="0.12" fuel="2.48" electricity="0.00" noise="73.41" route="routetop" type="cfm-fast" waiting="0.00" lane="left_0" pos="47.57" speed="28.85" angle="98.99" x="58.34" y="-4.74"/>
        <vehicle id="cfm-fast_3" eclass="HBEFA3/PC_G_EU4" CO2="0.00" CO="0.00" HC="0.00" NOx="0.00" PMx="0.00" fuel="0.00" electricity="0.00" noise="71.10" route="routebottom" type="cfm-fast" waiting="0.00" lane="bottom_0" pos="18.51" speed="27.78" angle="61.15" x="101.37" y="6.35"/>
        <vehicle id="cfm-fast_4" eclass="HBEFA3/PC_G_EU4" CO2="193156.47" CO="4246.36" HC="24.18" NOx="89.98" PMx="5.17" fuel="83.03" electricity="0.00" noise="138.93" route="routebottom" type="cfm-fast" waiting="0.00" lane="right_1" pos="1.31" speed="49.92" angle="2.14" x="128.91" y="66.38"/>
        <vehicle id="cfm-fast_5" eclass="HBEFA3/PC_G_EU4" CO2="0.00" CO="0.00" HC="0.00" NOx="0.00" PMx="0.00" fuel="0.00" electricity="0.00" noise="69.04" route="routebottom" type="cfm-fast" waiting="0.00" lane="bottom_0" pos="39.73" speed="22.55" angle="23.08" x="128.72" y="41.85"/>
        <vehicle id="cfm-slow_0" eclass="HBEFA3/PC_G_EU4" CO2="7856.03" CO="85.93" HC="0.58" NOx="3.15" PMx="0.16" fuel="3.38" electricity="0.00" noise="70.65" route="routebottom" type="cfm-slow" waiting="0.00" lane="right_0" pos="4.78" speed="20.19" angle="355.92" x="131.48" y="74.01"/>
        <vehicle id="cfm-slow_1" eclass="HBEFA3/PC_G_EU4" CO2="9059.43" CO="110.56" HC="0.72" NOx="3.72" PMx="0.19" fuel="3.89" electricity="0.00" noise="71.36" route="routebottom" type="cfm-slow" waiting="0.00" lane="right_0" pos="20.74" speed="20.39" angle="327.14" x="118.19" y="105.28"/>
        <vehicle id="cfm-slow_2" eclass="HBEFA3/PC_G_EU4" CO2="11029.73" CO="150.93" HC="0.96" NOx="4.64" PMx="0.24" fuel="4.74" electricity="0.00" noise="72.58" route="routebottom" type="cfm-slow" waiting="0.00" lane="right_0" pos="36.92" speed="20.80" angle="298.02" x="91.12" y="126.53"/>
        <vehicle id="cfm-slow_3" eclass="HBEFA3/PC_G_EU4" CO2="13662.64" CO="205.16" HC="1.27" NOx="5.86" PMx="0.31" fuel="5.87" electricity="0.00" noise="74.29" route="routetop" type="cfm-slow" waiting="0.00" lane="top_0" pos="3.52" speed="21.56" angle="268.18" x="56.00" y="131.84"/>
        <vehicle id="cfm-slow_4" eclass="HBEFA3/PC_G_EU4" CO2="16577.89" CO="266.12" HC="1.62" NOx="7.21" PMx="0.39" fuel="7.13" electricity="0.00" noise="76.16" route="routetop" type="cfm-slow" waiting="0.00" lane="top_0" pos="20.92" speed="22.71" angle="236.81" x="21.74" y="117.96"/>
        <vehicle id="cfm-slow_5" eclass="HBEFA3/PC_G_EU4" CO2="19518.01" CO="329.56" HC="1.99" NOx="8.56" PMx="0.47" fuel="8.39" electricity="0.00" noise="77.93" route="routetop" type="cfm-slow" waiting="0.00" lane="top_0" pos="39.51" speed="24.21" angle="203.40" x="-1.23" y="85.92"/>
    </timestep>
    <timestep time="3.70">
        <vehicle id="cfm-fast_0" eclass="HBEFA3/PC_G_EU4" CO2="21840.52" CO="383.32" HC="2.29" NOx="9.62" PMx="0.53" fuel="9.39" electricity="0.00" noise="79.20" route="routetop" type="cfm-fast" waiting="0.00" lane="left_0" pos="9.90" speed="26.01" angle="166.58" x="-1.63" y="42.62"/>
        <vehicle id="cfm-fast_1" eclass="HBEFA3/PC_G_EU4" CO2="20390.70" CO="361.48" HC="2.16" NOx="8.90" PMx="0.50" fuel="8.76" electricity="0.00" noise="78.43" route="routetop" type="cfm-fast" waiting="0.00" lane="left_0" pos="28.02" speed="27.69" angle="134.03" x="19.95" y="10.79"/>
        <vehicle id="cfm-fast_2" eclass="HBEFA3/PC_G_EU4" CO2="5509.21" CO="62.01" HC="0.42" NOx="1.85" PMx="0.11" fuel="2.37" electricity="0.00" noise="73.36" route="routetop" type="cfm-fast" waiting="0.00" lane="left_0" pos="47.86" speed="28.85" angle="98.44" x="58.96" y="-4.78"/>
        <vehicle id="cfm-fast_3" eclass="HBEFA3/PC_G_EU4" CO2="0.00" CO="0.00" HC="0.00" NOx="0.00" PMx="0.00" fuel="0.00" electricity="0.00" noise="71.08" route="routebottom" type="cfm-fast" waiting="0.00" lane="bottom_0" pos="18.79" speed="27.75" angle="60.63" x="101.86" y="6.68"/>
        <vehicle id="cfm-fast_4" eclass="HBEFA3/PC_G_EU4" CO2="193730.51" CO="4261.46" HC="24.27" NOx="90.25" PMx="5.18" fuel="83.27" electricity="0.00" noise="138.99" route="routebottom" type="cfm-fast" waiting="0.00" lane="right_1" pos="1.81" speed="50.06" angle="1.22" x="128.86" y="67.41"/>
        <vehicle id="cfm-fast_5" eclass="HBEFA3/PC_G_EU4" CO2="0.00" CO="0.00" HC="0.00" NOx="0.00" PMx="0.00" fuel="0.00" electricity="0.00" noise="69.04" route="routebottom" type="cfm-fast" waiting="0.00" lane="bottom_0" pos="39.95" speed="22.54" angle="22.67" x="128.87" y="42.31"/>
        <vehicle id="cfm-slow_0" eclass="HBEFA3/PC_G_EU4" CO2="7836.88" CO="85.52" HC="0.58" NOx="3.15" PMx="0.15" fuel="3.37" electricity="0.00" noise="70.64" route="routebottom" type="cfm-slow" waiting="0.00" lane="right_0" pos="4.98" speed="20.20" angle="355.55" x="131.42" y="74.44"/>
        <vehicle id="cfm-slow_1" eclass="HBEFA3/PC_G_EU4" CO2="9047.64" CO="110.31" HC="0.72" NOx="3.71" PMx="0.19" fuel="3.89" electricity="0.00" noise="71.35" route="routebottom" type="cfm-slow" waiting="0.00" lane="right_0" pos="20.95" speed="20.40" angle="326.77" x="117.92" y="105.63"/>
        <vehicle id="cfm-slow_2" eclass="HBEFA3/PC_G_EU4" CO2="11024.19" CO="150.81" HC="0.96" NOx="4.63" PMx="0.24" fuel="4.74" electricity="0.00" noise="72.58" route="routebottom" type="cfm-slow" waiting="0.00" lane="right_0" pos="37.12" speed="20.82" angle="297.65" x="90.71" y="126.71"/>
        <vehicle id="cfm-slow_3" eclass="HBEFA3/PC_G_EU4" CO2="13659.46" CO="205.10" HC="1.27" NOx="5.86" PMx="0.31" fuel="5.87" electricity="0.00" noise="74.29" route="routetop" type="cfm-slow" waiting="0.00" lane="top_0" pos="3.74" speed="21.58" angle="267.79" x="55.54" y="131.80"/>
        <vehicle id="cfm-slow_4" eclass="HBEFA3/PC_G_EU4" CO2="16574.00" CO="266.07" HC="1.62" NOx="7.21" PMx="0.39" fuel="7.12" electricity="0.00" noise="76.16" route="routetop" type="cfm-slow" waiting="0.00" lane="top_0" pos="21.15" speed="22.73" angle="236.39" x="21.36" y="117.66"/>
        <vehicle id="cfm-slow_5" eclass="HBEFA3/PC_G_EU4" CO2="19507.61" CO="329.41" HC="1.98" NOx="8.56" PMx="0.47" fuel="8.39" electricity="0.00" noise="77.93" route="routetop" type="cfm-slow" waiting="0.00" lane="top_0" pos="39.75" speed="24.24" angle="203.01" x="-1.41" y="85.43"/>
    </timestep>
    <timestep time="3.71">
        <vehicle id="cfm-fast_0" eclass="HBEFA3/PC_G_EU4" CO2="21784.83" CO="382.28" HC="2.28" NOx="9.59" PMx="0.53" fuel="9.36" electricity="0.00" noise="79.17" route="routetop" type="cfm-fast" waiting="0.00" lane="left_0" pos="10.16" speed="26.04" angle="166.13" x="-1.47" y="42.09"/>
        <vehicle id="cfm-fast_1" eclass="HBEFA3/PC_G_EU4" CO2="20206.66" CO="357.81" HC="2.13" NOx="8.81" PMx="0.49" fuel="8.69" electricity="0.00" noise="78.34" route="routetop" type="cfm-fast" waiting="0.00" lane="left_0" pos="28.29" speed="27.71" angle="133.58" x="20.41" y="10.41"/>
        <vehicle id="cfm-fast_2" eclass="HBEFA3/PC_G_EU4" CO2="0.00" CO="0.00" HC="0.00" NOx="0.00" PMx="0.00" fuel="0.00" electricity="0.00" noise="73.30" route="routetop" type="cfm-fast" waiting="0.00" lane="left_0" pos="48.14" speed="28.85" angle="97.88" x="59.58" y="-4.81"/>
        <vehicle id="cfm-fast_3" eclass="HBEFA3/PC_G_EU4" CO2="0.00" CO="0.00" HC="0.00" NOx="0.00" PMx="0.00" fuel="0.00" electricity="0.00" noise="71.07" route="routebottom" type="cfm-fast" waiting="0.00" lane="bottom_0" pos="19.07" speed="27.73" angle="60.11" x="102.36" y="7.01"/>
        <vehicle id="cfm-fast_4" eclass="HBEFA3/PC_G_EU4" CO2="194304.84" CO="4276.59" HC="24.35" NOx="90.52" PMx="5.20" fuel="83.52" electricity="0.00" noise="139.06" route="routebottom" type="cfm-fast" waiting="0.00" lane="right_1" pos="2.32" speed="50.19" angle="0.31" x="128.80" y="68.44"/>
        <vehicle id="cfm-fast_5" eclass="HBEFA3/PC_G_EU4" CO2="0.00" CO="0.00" HC="0.00" NOx="0.00" PMx="0.00" fuel="0.00" electricity="0.00" noise="69.03" route="routebottom" type="cfm-fast" waiting="0.00" lane="bottom_0" pos="40.18" speed="22.53" angle="22.24" x="129.01" y="42.78"/>
        <vehicle id="cfm-slow_0" eclass="HBEFA3/PC_G_EU4" CO2="7818.06" CO="85.13" HC="0.58" NOx="3.14" PMx="0.15" fuel="3.36" electricity="0.00" noise="70.64" route="routebottom" type="cfm-slow" waiting="0.00" lane="right_0" pos="5.19" speed="20.21" angle="355.14" x="131.35" y="74.87"/>
        <vehicle id="cfm-slow_1" eclass="HBEFA3/PC_G_EU4" CO2="9036.17" CO="110.07" HC="0.72" NOx="3.71" PMx="0.19" fuel="3.88" electricity="0.00" noise="71.35" route="routebottom" type="cfm-slow" waiting="0.00" lane="right_0" pos="21.15" speed="20.41" angle="326.40" x="117.65" y="105.98"/>
        <vehicle id="cfm-slow_2" eclass="HBEFA3/PC_G_EU4" CO2="11018.92" CO="150.70" HC="0.96" NOx="4.63" PMx="0.24" fuel="4.74" electricity="0.00" noise="72.58" route="routebottom" type="cfm-slow" waiting="0.00" lane="right_0" pos="37.33" speed="20.83" angle="297.32" x="90.30" y="126.89"/>
        <vehicle id="cfm-slow_3" eclass="HBEFA3/PC_G_EU4" CO2="13656.53" CO="205.04" HC="1.27" NOx="5.86" PMx="0.31" fuel="5.87" electricity="0.00" noise="74.29" route="routetop" type="cfm-slow" waiting="0.00" lane="top_0" pos="3.96" speed="21.59" angle="267.42" x="55.08" y="131.74"/>
        <vehicle id="cfm-slow_4" eclass="HBEFA3/PC_G_EU4" CO2="16570.31" CO="266.02" HC="1.62" NOx="7.21" PMx="0.39" fuel="7.12" electricity="0.00" noise="76.16" route="routetop" type="cfm-slow" waiting="0.00" lane="top_0" pos="21.38" speed="22.75" angle="235.97" x="20.97" y="117.35"/>
        <vehicle id="cfm-slow_5" eclass="HBEFA3/PC_G_EU4" CO2="19497.08" CO="329.25" HC="1.98" NOx="8.55" PMx="0.47" fuel="8.38" electricity="0.00" noise="77.92" route="routetop" type="cfm-slow" waiting="0.00" lane="top_0" pos="39.99" speed="24.26" angle="202.56" x="-1.56" y="84.93"/>
    </timestep>
    <timestep time="3.72">
        <vehicle id="cfm-fast_0" eclass="HBEFA3/PC_G_EU4" CO2="21728.33" CO="381.22" HC="2.28" NOx="9.57" PMx="0.53" fuel="9.34" electricity="0.00" noise="79.14" route="routetop" type="cfm-fast" waiting="0.00" lane="left_0" pos="10.42" speed="26.06" angle="165.69" x="-1.29" y="41.56"/>
        <vehicle id="cfm-fast_1" eclass="HBEFA3/PC_G_EU4" CO2="20022.19" CO="354.12" HC="2.11" NOx="8.72" PMx="0.49" fuel="8.61" electricity="0.00" noise="78.25" route="routetop" type="cfm-fast" waiting="0.00" lane="left_0" pos="28.57" speed="27.73" angle="133.07" x="20.88" y="10.04"/>
        <vehicle id="cfm-fast_2" eclass="HBEFA3/PC_G_EU4" CO2="0.00" CO="0.00" HC="0.00" NOx="0.00" PMx="0.00" fuel="0.00" electricity="0.00" noise="73.25" route="routetop" type="cfm-fast" waiting="0.00" lane="left_0" pos="48.43" speed="28.85" angle="97.33" x="60.20" y="-4.85"/>
        <vehicle id="cfm-fast_3" eclass="HBEFA3/PC_G_EU4" CO2="0.00" CO="0.00" HC="0.00" NOx="0.00" PMx="0.00" fuel="0.00" electricity="0.00" noise="71.06" route="routebottom" type="cfm-fast" waiting="0.00" lane="bottom_0" pos="19.34" speed="27.70" angle="59.65" x="102.85" y="7.35"/>
        <vehicle id="cfm-fast_4" eclass="HBEFA3/PC_G_EU4" CO2="194879.46" CO="4291.74" HC="24.43" NOx="90.79" PMx="5.21" fuel="83.77" electricity="0.00" noise="139.13" route="routebottom" type="cfm-fast" waiting="0.00" lane="right_1" pos="2.82" speed="50.33" angle="359.44" x="128.71" y="69.46"/>
        <vehicle id="cfm-fast_5" eclass="HBEFA3/PC_G_EU4" CO2="0.00" CO="0.00" HC="0.00" NOx="0.00" PMx="0.00" fuel="0.00" electricity="0.00" noise="69.03" route="routebottom" type="cfm-fast" waiting="0.00" lane="bottom_0" pos="40.40" speed="22.53" angle="21.81" x="129.16" y="43.24"/>
        <vehicle id="cfm-slow_0" eclass="HBEFA3/PC_G_EU4" CO2="7799.56" CO="84.74" HC="0.58" NOx="3.13" PMx="0.15" fuel="3.35" electricity="0.00" noise="70.63" route="routebottom" type="cfm-slow" waiting="0.00" lane="right_0" pos="5.39" speed="20.22" angle="354.76" x="131.27" y="75.30"/>
        <vehicle id="cfm-slow_1" eclass="HBEFA3/PC_G_EU4" CO2="9025.01" CO="109.83" HC="0.72" NOx="3.70" PMx="0.19" fuel="3.88" electricity="0.00" noise="71.35" route="routebottom" type="cfm-slow" waiting="0.00" lane="right_0" pos="21.36" speed="20.42" angle="326.03" x="117.38" y="106.32"/>
        <vehicle id="cfm-slow_2" eclass="HBEFA3/PC_G_EU4" CO2="11013.93" CO="150.59" HC="0.96" NOx="4.63" PMx="0.24" fuel="4.73" electricity="0.00" noise="72.58" route="routebottom" type="cfm-slow" waiting="0.00" lane="right_0" pos="37.54" speed="20.85" angle="296.94" x="89.88" y="127.05"/>
        <vehicle id="cfm-slow_3" eclass="HBEFA3/PC_G_EU4" CO2="13653.83" CO="204.99" HC="1.27" NOx="5.86" PMx="0.31" fuel="5.87" electricity="0.00" noise="74.29" route="routetop" type="cfm-slow" waiting="0.00" lane="top_0" pos="4.17" speed="21.61" angle="267.03" x="54.62" y="131.67"/>
        <vehicle id="cfm-slow_4" eclass="HBEFA3/PC_G_EU4" CO2="16566.81" CO="265.98" HC="1.62" NOx="7.20" PMx="0.39" fuel="7.12" electricity="0.00" noise="76.15" route="routetop" type="cfm-slow" waiting="0.00" lane="top_0" pos="21.60" speed="22.77" angle="235.55" x="20.59" y="117.05"/>
        <vehicle id="cfm-slow_5" eclass="HBEFA3/PC_G_EU4" CO2="19486.42" CO="329.10" HC="1.98" NOx="8.55" PMx="0.47" fuel="8.38" electricity="0.00" noise="77.91" route="routetop" type="cfm-slow" waiting="0.00" lane="top_0" pos="40.24" speed="24.29" angle="202.11" x="-1.72" y="84.43"/>
    </timestep>
    <timestep time="3.73">
        <vehicle id="cfm-fast_0" eclass="HBEFA3/PC_G_EU4" CO2="21671.02" CO="380.14" HC="2.27" NOx="9.54" PMx="0.53" fuel="9.32" electricity="0.00" noise="79.10" route="routetop" type="cfm-fast" waiting="0.00" lane="left_0" pos="10.68" speed="26.09" angle="165.20" x="-1.10" y="41.03"/>
        <vehicle id="cfm-fast_1" eclass="HBEFA3/PC_G_EU4" CO2="19837.29" CO="350.43" HC="2.09" NOx="8.64" PMx="0.48" fuel="8.53" electricity="0.00" noise="78.16" route="routetop" type="cfm-fast" waiting="0.00" lane="left_0" pos="28.85" speed="27.76" angle="132.55" x="21.35" y="9.67"/>
        <vehicle id="cfm-fast_2" eclass="HBEFA3/PC_G_EU4" CO2="0.00" CO="0.00" HC="0.00" NOx="0.00" PMx="0.00" fuel="0.00" electricity="0.00" noise="73.21" route="routetop" type="cfm-fast" waiting="0.00" lane="left_0" pos="48.72" speed="28.85" angle="96.82" x="60.82" y="-4.88"/>
        <vehicle id="cfm-fast_3" eclass="HBEFA3/PC_G_EU4" CO2="0.00" CO="0.00" HC="0.00" NOx="0.00" PMx="0.00" fuel="0.00" electricity="0.00" noise="71.04" route="routebottom" type="cfm-fast" waiting="0.00" lane="bottom_0" pos="19.62" speed="27.68" angle="59.14" x="103.34" y="7.70"/>
        <vehicle id="cfm-fast_4" eclass="HBEFA3/PC_G_EU4" CO2="195454.38" CO="4306.90" HC="24.52" NOx="91.06" PMx="5.23" fuel="84.02" electricity="0.00" noise="139.19" route="routebottom" type="cfm-fast" waiting="0.00" lane="right_1" pos="3.32" speed="50.47" angle="358.53" x="128.61" y="70.49"/>
        <vehicle id="cfm-fast_5" eclass="HBEFA3/PC_G_EU4" CO2="0.00" CO="0.00" HC="0.00" NOx="0.00" PMx="0.00" fuel="0.00" electricity="0.00" noise="69.03" route="routebottom" type="cfm-fast" waiting="0.00" lane="bottom_0" pos="40.63" speed="22.52" angle="21.38" x="129.30" y="43.70"/>
        <vehicle id="cfm-slow_0" eclass="HBEFA3/PC_G_EU4" CO2="7781.38" CO="84.36" HC="0.57" NOx="3.12" PMx="0.15" fuel="3.34" electricity="0.00" noise="70.62" route="routebottom" type="cfm-slow" waiting="0.00" lane="right_0" pos="5.59" speed="20.23" angle="354.38" x="131.19" y="75.72"/>
        <vehicle id="cfm-slow_1" eclass="HBEFA3/PC_G_EU4" CO2="9014.15" CO="109.60" HC="0.72" NOx="3.70" PMx="0.19" fuel="3.87" electricity="0.00" noise="71.34" route="routebottom" type="cfm-slow" waiting="0.00" lane="right_0" pos="21.56" speed="20.43" angle="325.66" x="117.11" y="106.67"/>
        <vehicle id="cfm-slow_2" eclass="HBEFA3/PC_G_EU4" CO2="11009.21" CO="150.49" HC="0.96" NOx="4.63" PMx="0.24" fuel="4.73" electricity="0.00" noise="72.58" route="routebottom" type="cfm-slow" waiting="0.00" lane="right_0" pos="37.75" speed="20.86" angle="296.56" x="89.46" y="127.22"/>
        <vehicle id="cfm-slow_3" eclass="HBEFA3/PC_G_EU4" CO2="13651.38" CO="204.95" HC="1.27" NOx="5.86" PMx="0.31" fuel="5.87" electricity="0.00" noise="74.29" route="routetop" type="cfm-slow" waiting="0.00" lane="top_0" pos="4.39" speed="21.63" angle="266.64" x="54.16" y="131.60"/>
        <vehicle id="cfm-slow_4" eclass="HBEFA3/PC_G_EU4" CO2="16563.50" CO="265.94" HC="1.62" NOx="7.20" PMx="0.39" fuel="7.12" electricity="0.00" noise="76.15" route="routetop" type="cfm-slow" waiting="0.00" lane="top_0" pos="21.83" speed="22.80" angle="235.19" x="20.20" y="116.75"/>
        <vehicle id="cfm-slow_5" eclass="HBEFA3/PC_G_EU4" CO2="19475.62" CO="328.94" HC="1.98" NOx="8.54" PMx="0.47" fuel="8.37" electricity="0.00" noise="77.90" route="routetop" type="cfm-slow" waiting="0.00" lane="top_0" pos="40.48" speed="24.31" angle="201.66" x="-1.87" y="83.93"/>
    </timestep>
    <timestep time="3.74">
        <vehicle id="cfm-fast_0" eclass="HBEFA3/PC_G_EU4" CO2="21612.91" CO="379.05" HC="2.26" NOx="9.51" PMx="0.53" fuel="9.29" electricity="0.00" noise="79.07" route="routetop" type="cfm-fast" waiting="0.00" lane="left_0" pos="10.94" speed="26.11" angle="164.72" x="-0.91" y="40.50"/>
        <vehicle id="cfm-fast_1" eclass="HBEFA3/PC_G_EU4" CO2="19652.00" CO="346.73" HC="2.07" NOx="8.55" PMx="0.48" fuel="8.45" electricity="0.00" noise="78.07" route="routetop" type="cfm-fast" waiting="0.00" lane="left_0" pos="29.13" speed="27.78" angle="132.04" x="21.82" y="9.30"/>
        <vehicle id="cfm-fast_2" eclass="HBEFA3/PC_G_EU4" CO2="0.00" CO="0.00" HC="0.00" NOx="0.00" PMx="0.00" fuel="0.00" electricity="0.00" noise="73.16" route="routetop" type="cfm-fast" waiting="0.00" lane="left_0" pos="49.01" speed="28.85" angle="96.31" x="61.44" y="-4.90"/>
        <vehicle id="cfm-fast_3" eclass="HBEFA3/PC_G_EU4" CO2="0.00" CO="0.00" HC="0.00" NOx="0.00" PMx="0.00" fuel="0.00" electricity="0.00" noise="71.03" route="routebottom" type="cfm-fast" waiting="0.00" lane="bottom_0" pos="19.90" speed="27.65" angle="58.63" x="103.82" y="8.05"/>
        <vehicle id="cfm-fast_4" eclass="HBEFA3/PC_G_EU4" CO2="196029.58" CO="4322.10" HC="24.60" NOx="91.33" PMx="5.25" fuel="84.26" electricity="0.00" noise="139.26" route="routebottom" type="cfm-fast" waiting="0.00" lane="right_1" pos="3.83" speed="50.60" angle="357.65" x="128.50" y="71.52"/>
        <vehicle id="cfm-fast_5" eclass="HBEFA3/PC_G_EU4" CO2="0.00" CO="0.00" HC="0.00" NOx="0.00" PMx="0.00" fuel="0.00" electricity="0.00" noise="69.02" route="routebottom" type="cfm-fast" waiting="0.00" lane="bottom_0" pos="40.85" speed="22.51" angle="20.95" x="129.44" y="44.16"/>
        <vehicle id="cfm-slow_0" eclass="HBEFA3/PC_G_EU4" CO2="7763.53" CO="83.99" HC="0.57" NOx="3.11" PMx="0.15" fuel="3.34" electricity="0.00" noise="70.62" route="routebottom" type="cfm-slow" waiting="0.00" lane="right_0" pos="5.79" speed="20.23" angle="354.00" x="131.12" y="76.15"/>
        <vehicle id="cfm-slow_1" eclass="HBEFA3/PC_G_EU4" CO2="9003.61" CO="109.38" HC="0.72" NOx="3.69" PMx="0.19" fuel="3.87" electricity="0.00" noise="71.34" route="routebottom" type="cfm-slow" waiting="0.00" lane="right_0" pos="21.77" speed="20.44" angle="325.33" x="116.84" y="107.01"/>
        <vehicle id="cfm-slow_2" eclass="HBEFA3/PC_G_EU4" CO2="11004.76" CO="150.40" HC="0.95" NOx="4.62" PMx="0.24" fuel="4.73" electricity="0.00" noise="72.58" route="routebottom" type="cfm-slow" waiting="0.00" lane="right_0" pos="37.96" speed="20.87" angle="296.19" x="89.05" y="127.39"/>
        <vehicle id="cfm-slow_3" eclass="HBEFA3/PC_G_EU4" CO2="13649.16" CO="204.91" HC="1.27" NOx="5.85" PMx="0.31" fuel="5.87" electricity="0.00" noise="74.29" route="routetop" type="cfm-slow" waiting="0.00" lane="top_0" pos="4.61" speed="21.65" angle="266.25" x="53.70" y="131.54"/>
        <vehicle id="cfm-slow_4" eclass="HBEFA3/PC_G_EU4" CO2="16560.37" CO="265.90" HC="1.62" NOx="7.20" PMx="0.39" fuel="7.12" electricity="0.00" noise="76.15" route="routetop" type="cfm-slow" waiting="0.00" lane="top_0" pos="22.06" speed="22.82" angle="234.76" x="19.83" y="116.43"/>
        <vehicle id="cfm-slow_5" eclass="HBEFA3/PC_G_EU4" CO2="19464.67" CO="328.78" HC="1.98" NOx="8.54" PMx="0.46" fuel="8.37" electricity="0.00" noise="77.90" route="routetop" type="cfm-slow" waiting="0.00" lane="top_0" pos="40.72" speed="24.34" angle="201.20" x="-2.03" y="83.43"/>
    </timestep>
    <timestep time="3.75">
        <vehicle id="cfm-fast_0" eclass="HBEFA3/PC_G_EU4" CO2="21553.99" CO="377.94" HC="2.26" NOx="9.48" PMx="0.52" fuel="9.26" electricity="0.00" noise="79.04" route="routetop" type="cfm-fast" waiting="0.00" lane="left_0" pos="11.20" speed="26.14" angle="164.24" x="-0.72" y="39.97"/>
        <vehicle id="cfm-fast_1" eclass="HBEFA3/PC_G_EU4" CO2="19466.33" CO="343.01" HC="2.05" NOx="8.46" PMx="0.47" fuel="8.37" electricity="0.00" noise="77.98" route="routetop" type="cfm-fast" waiting="0.00" lane="left_0" pos="29.40" speed="27.80" angle="131.54" x="22.29" y="8.93"/>
        <vehicle id="cfm-fast_2" eclass="HBEFA3/PC_G_EU4" CO2="0.00" CO="0.00" HC="0.00" NOx="0.00" PMx="0.00" fuel="0.00" electricity="0.00" noise="73.11" route="routetop" type="cfm-fast" waiting="0.00" lane="left_0" pos="49.30" speed="28.85" angle="95.78" x="62.06" y="-4.92"/>
        <vehicle id="cfm-fast_3" eclass="HBEFA3/PC_G_EU4" CO2="0.00" CO="0.00" HC="0.00" NOx="0.00" PMx="0.00" fuel="0.00" electricity="0.00" noise="71.01" route="routebottom" type="cfm-fast" waiting="0.00" lane="bottom_0" pos="20.17" speed="27.63" angle="58.12" x="104.30" y="8.39"/>
        <vehicle id="cfm-fast_4" eclass="HBEFA3/PC_G_EU4" CO2="196605.08" CO="4337.31" HC="24.68" NOx="91.60" PMx="5.26" fuel="84.51" electricity="0.00" noise="139.32" route="routebottom" type="cfm-fast" waiting="0.00" lane="right_1" pos="4.34" speed="50.74" angle="356.72" x="128.35" y="72.56"/>
        <vehicle id="cfm-fast_5" eclass="HBEFA3/PC_G_EU4" CO2="0.00" CO="0.00" HC="0.00" NOx="0.00" PMx="0.00" fuel="0.00" electricity="0.00" noise="69.02" route="routebottom" type="cfm-fast" waiting="0.00" lane="bottom_0" pos="41.08" speed="22.50" angle="20.60" x="129.58" y="44.63"/>
        <vehicle id="cfm-slow_0" eclass="HBEFA3/PC_G_EU4" CO2="7746.00" CO="83.62" HC="0.57" NOx="3.10" PMx="0.15" fuel="3.33" electricity="0.00" noise="70.61" route="routebottom" type="cfm-slow" waiting="0.00" lane="right_0" pos="6.00" speed="20.24" angle="353.63" x="131.04" y="76.58"/>
        <vehicle id="cfm-slow_1" eclass="HBEFA3/PC_G_EU4" CO2="8993.37" CO="109.16" HC="0.72" NOx="3.69" PMx="0.19" fuel="3.87" electricity="0.00" noise="71.34" route="routebottom" type="cfm-slow" waiting="0.00" lane="right_0" pos="21.97" speed="20.45" angle="324.95" x="116.56" y="107.35"/>
        <vehicle id="cfm-slow_2" eclass="HBEFA3/PC_G_EU4" CO2="11000.57" CO="150.31" HC="0.95" NOx="4.62" PMx="0.24" fuel="4.73" electricity="0.00" noise="72.58" route="routebottom" type="cfm-slow" waiting="0.00" lane="right_0" pos="38.17" speed="20.89" angle="295.81" x="88.63" y="127.55"/>
        <vehicle id="cfm-slow_3" eclass="HBEFA3/PC_G_EU4" CO2="13647.18" CO="204.88" HC="1.27" NOx="5.85" PMx="0.31" fuel="5.87" electricity="0.00" noise="74.29" route="routetop" type="cfm-slow" waiting="0.00" lane="top_0" pos="4.82" speed="21.67" angle="265.85" x="53.24" y="131.47"/>
        <vehicle id="cfm-slow_4" eclass="HBEFA3/PC_G_EU4" CO2="16557.42" CO="265.87" HC="1.62" NOx="7.20" PMx="0.39" fuel="7.12" electricity="0.00" noise="76.15" route="routetop" type="cfm-slow" waiting="0.00" lane="top_0" pos="22.29" speed="22.84" angle="234.33" x="19.45" y="116.11"/>
        <vehicle id="cfm-slow_5" eclass="HBEFA3/PC_G_EU4" CO2="19453.57" CO="328.61" HC="1.98" NOx="8.53" PMx="0.46" fuel="8.36" electricity="0.00" noise="77.89" route="routetop" type="cfm-slow" waiting="0.00" lane="top_0" pos="40.97" speed="24.36" angle="200.77" x="-2.18" y="82.93"/>
    </timestep>
    <timestep time="3.76">
        <vehicle id="cfm-fast_0" eclass="HBEFA3/PC_G_EU4" CO2="21494.26" CO="376.81" HC="2.25" NOx="9.45" PMx="0.52" fuel="9.24" electricity="0.00" noise="79.00" route="routetop" type="cfm-fast" waiting="0.00" lane="left_0" pos="11.46" speed="26.16" angle="163.79" x="-0.53" y="39.44"/>
        <vehicle id="cfm-fast_1" eclass="HBEFA3/PC_G_EU4" CO2="19280.30" CO="339.29" HC="2.03" NOx="8.37" PMx="0.47" fuel="8.29" electricity="0.00" noise="77.89" route="routetop" type="cfm-fast" waiting="0.00" lane="left_0" pos="29.68" speed="27.81" angle="131.08" x="22.77" y="8.58"/>
        <vehicle id="cfm-fast_2" eclass="HBEFA3/PC_G_EU4" CO2="0.00" CO="0.00" HC="0.00" NOx="0.00" PMx="0.00" fuel="0.00" electricity="0.00" noise="73.07" route="routetop" type="cfm-fast" waiting="0.00" lane="left_0" pos="49.59" speed="28.85" angle="95.26" x="62.68" y="-4.93"/>
        <vehicle id="cfm-fast_3" eclass="HBEFA3/PC_G_EU4" CO2="0.00" CO="0.00" HC="0.00" NOx="0.00" PMx="0.00" fuel="0.00" electricity="0.00" noise="71.00" route="routebottom" type="cfm-fast" waiting="0.00" lane="bottom_0" pos="20.45" speed="27.60" angle="57.65" x="104.78" y="8.74"/>
        <vehicle id="cfm-fast_4" eclass="HBEFA3/PC_G_EU4" CO2="197180.87" CO="4352.54" HC="24.77" NOx="91.87" PMx="5.28" fuel="84.76" electricity="0.00" noise="139.39" route="routebottom" type="cfm-fast" waiting="0.00" lane="right_1" pos="4.85" speed="50.88" angle="355.79" x="128.21" y="73.59"/>
        <vehicle id="cfm-fast_5" eclass="HBEFA3/PC_G_EU4" CO2="0.00" CO="0.00" HC="0.00" NOx="0.00" PMx="0.00" fuel="0.00" electricity="0.00" noise="69.02" route="routebottom" type="cfm-fast" waiting="0.00" lane="bottom_0" pos="41.30" speed="22.49" angle="20.19" x="129.71" y="45.10"/>
        <vehicle id="cfm-slow_0" eclass="HBEFA3/PC_G_EU4" CO2="7728.78" CO="83.26" HC="0.57" NOx="3.09" PMx="0.15" fuel="3.32" electricity="0.00" noise="70.61" route="routebottom" type="cfm-slow" waiting="0.00" lane="right_0" pos="6.20" speed="20.25" angle="353.25" x="130.96" y="77.01"/>
        <vehicle id="cfm-slow_1" eclass="HBEFA3/PC_G_EU4" CO2="8983.44" CO="108.95" HC="0.72" NOx="3.68" PMx="0.18" fuel="3.86" electricity="0.00" noise="71.33" route="routebottom" type="cfm-slow" waiting="0.00" lane="right_0" pos="22.17" speed="20.46" angle="324.56" x="116.27" y="107.69"/>
        <vehicle id="cfm-slow_2" eclass="HBEFA3/PC_G_EU4" CO2="10996.65" CO="150.23" HC="0.95" NOx="4.62" PMx="0.24" fuel="4.73" electricity="0.00" noise="72.58" route="routebottom" type="cfm-slow" waiting="0.00" lane="right_0" pos="38.38" speed="20.90" angle="295.44" x="88.21" y="127.72"/>
        <vehicle id="cfm-slow_3" eclass="HBEFA3/PC_G_EU4" CO2="13645.43" CO="204.85" HC="1.27" NOx="5.85" PMx="0.31" fuel="5.87" electricity="0.00" noise="74.29" route="routetop" type="cfm-slow" waiting="0.00" lane="top_0" pos="5.04" speed="21.68" angle="265.40" x="52.77" y="131.41"/>
        <vehicle id="cfm-slow_4" eclass="HBEFA3/PC_G_EU4" CO2="16554.64" CO="265.85" HC="1.62" NOx="7.20" PMx="0.39" fuel="7.12" electricity="0.00" noise="76.15" route="routetop" type="cfm-slow" waiting="0.00" lane="top_0" pos="22.52" speed="22.86" angle="233.90" x="19.08" y="115.79"/>
        <vehicle id="cfm-slow_5" eclass="HBEFA3/PC_G_EU4" CO2="19442.30" CO="328.45" HC="1.98" NOx="8.52" PMx="0.46" fuel="8.36" electricity="0.00" noise="77.88" route="routetop" type="cfm-slow" waiting="0.00" lane="top_0" pos="41.21" speed="24.38" angle="200.35" x="-2.32" y="82.43"/>
    </timestep>
    <timestep time="3.77">
        <vehicle id="cfm-fast_0" eclass="HBEFA3/PC_G_EU4" CO2="21433.73" CO="375.67" HC="2.24" NOx="9.42" PMx="0.52" fuel="9.21" electricity="0.00" noise="78.97" route="routetop" type="cfm-fast" waiting="0.00" lane="left_0" pos="11.72" speed="26.19" angle="163.35" x="-0.32" y="38.91"/>
        <vehicle id="cfm-fast_1" eclass="HBEFA3/PC_G_EU4" CO2="19093.94" CO="335.56" HC="2.01" NOx="8.28" PMx="0.47" fuel="8.21" electricity="0.00" noise="77.80" route="routetop" type="cfm-fast" waiting="0.00" lane="left_0" pos="29.96" speed="27.83" angle="130.57" x="23.26" y="8.23"/>
        <vehicle id="cfm-fast_2" eclass="HBEFA3/PC_G_EU4" CO2="0.00" CO="0.00" HC="0.00" NOx="0.00" PMx="0.00" fuel="0.00" electricity="0.00" noise="73.02" route="routetop" type="cfm-fast" waiting="0.00" lane="left_0" pos="49.88" speed="28.85" angle="94.73" x="63.30" y="-4.94"/>
        <vehicle id="cfm-fast_3" eclass="HBEFA3/PC_G_EU4" CO2="0.00" CO="0.00" HC="0.00" NOx="0.00" PMx="0.00" fuel="0.00" electricity="0.00" noise="70.98" route="routebottom" type="cfm-fast" waiting="0.00" lane="bottom_0" pos="20.72" speed="27.57" angle="57.18" x="105.25" y="9.10"/>
        <vehicle id="cfm-fast_4" eclass="HBEFA3/PC_G_EU4" CO2="197756.96" CO="4367.80" HC="24.85" NOx="92.14" PMx="5.30" fuel="85.01" electricity="0.00" noise="139.46" route="routebottom" type="cfm-fast" waiting="0.00" lane="right_1" pos="5.36" speed="51.01" angle="354.88" x="128.04" y="74.62"/>
        <vehicle id="cfm-fast_5" eclass="HBEFA3/PC_G_EU4" CO2="0.00" CO="0.00" HC="0.00" NOx="0.00" PMx="0.00" fuel="0.00" electricity="0.00" noise="69.01" route="routebottom" type="cfm-fast" waiting="0.00" lane="bottom_0" pos="41.53" speed="22.49" angle="19.78" x="129.83" y="45.56"/>
        <vehicle id="cfm-slow_0" eclass="HBEFA3/PC_G_EU4" CO2="7711.88" CO="82.90" HC="0.57" NOx="3.08" PMx="0.15" fuel="3.31" electricity="0.00" noise="70.60" route="routebottom" type="cfm-slow" waiting="0.00" lane="right_0" pos="6.40" speed="20.26" angle="352.93" x="130.88" y="77.44"/>
        <vehicle id="cfm-slow_1" eclass="HBEFA3/PC_G_EU4" CO2="8973.81" CO="108.75" HC="0.71" NOx="3.68" PMx="0.18" fuel="3.86" electricity="0.00" noise="71.33" route="routebottom" type="cfm-slow" waiting="0.00" lane="right_0" pos="22.38" speed="20.47" angle="324.17" x="115.99" y="108.02"/>
        <vehicle id="cfm-slow_2" eclass="HBEFA3/PC_G_EU4" CO2="10992.99" CO="150.15" HC="0.95" NOx="4.62" PMx="0.24" fuel="4.73" electricity="0.00" noise="72.58" route="routebottom" type="cfm-slow" waiting="0.00" lane="right_0" pos="38.58" speed="20.92" angle="295.10" x="87.79" y="127.88"/>
        <vehicle id="cfm-slow_3" eclass="HBEFA3/PC_G_EU4" CO2="13643.91" CO="204.83" HC="1.27" NOx="5.85" PMx="0.31" fuel="5.86" electricity="0.00" noise="74.29" route="routetop" type="cfm-slow" waiting="0.00" lane="top_0" pos="5.26" speed="21.70" angle="265.02" x="52.31" y="131.33"/>
        <vehicle id="cfm-slow_4" eclass="HBEFA3/PC_G_EU4" CO2="16552.03" CO="265.82" HC="1.62" NOx="7.20" PMx="0.39" fuel="7.11" electricity="0.00" noise="76.14" route="routetop" type="cfm-slow" waiting="0.00" lane="top_0" pos="22.75" speed="22.88" angle="233.48" x="18.70" y="115.48"/>
        <vehicle id="cfm-slow_5" eclass="HBEFA3/PC_G_EU4" CO2="19430.86" CO="328.28" HC="1.98" NOx="8.52" PMx="0.46" fuel="8.35" electricity="0.00" noise="77.87" route="routetop" type="cfm-slow" waiting="0.00" lane="top_0" pos="41.46" speed="24.41" angle="199.90" x="-2.46" y="81.92"/>
    </timestep>
    <timestep time="3.78">
        <vehicle id="cfm-fast_0" eclass="HBEFA3/PC_G_EU4" CO2="21372.39" CO="374.51" HC="2.24" NOx="9.39" PMx="0.52" fuel="9.19" electricity="0.00" noise="78.93" route="routetop" type="cfm-fast" waiting="0.00" lane="left_0" pos="11.99" speed="26.21" angle="162.89" x="-0.11" y="38.39"/>
        <vehicle id="cfm-fast_1" eclass="HBEFA3/PC_G_EU4" CO2="18907.27" CO="331.83" HC="1.98" NOx="8.19" PMx="0.46" fuel="8.13" electricity="0.00" noise="77.71" route="routetop" type="cfm-fast" waiting="0.00" lane="left_0" pos="30.24" speed="27.85" angle="130.05" x="23.75" y="7.87"/>
        <vehicle id="cfm-fast_2" eclass="HBEFA3/PC_G_EU4" CO2="0.00" CO="0.00" HC="0.00" NOx="0.00" PMx="0.00" fuel="0.00" electricity="0.00" noise="72.98" route="routebottom" type="cfm-fast" waiting="0.00" lane="bottom_0" pos="0.16" speed="28.84" angle="94.17" x="64.11" y="-4.94"/>
        <vehicle id="cfm-fast_3" eclass="HBEFA3/PC_G_EU4" CO2="0.00" CO="0.00" HC="0.00" NOx="0.00" PMx="0.00" fuel="0.00" electricity="0.00" noise="70.97" route="routebottom" type="cfm-fast" waiting="0.00" lane="bottom_0" pos="21.00" speed="27.55" angle="56.68" x="105.72" y="9.47"/>
        <vehicle id="cfm-fast_4" eclass="HBEFA3/PC_G_EU4" CO2="198333.33" CO="4383.07" HC="24.94" NOx="92.40" PMx="5.31" fuel="85.25" electricity="0.00" noise="139.52" route="routebottom" type="cfm-fast" waiting="0.00" lane="right_1" pos="5.87" speed="51.15" angle="353.94" x="127.85" y="75.65"/>
        <vehicle id="cfm-fast_5" eclass="HBEFA3/PC_G_EU4" CO2="0.00" CO="0.00" HC="0.00" NOx="0.00" PMx="0.00" fuel="0.00" electricity="0.00" noise="69.01" route="routebottom" type="cfm-fast" waiting="0.00" lane="bottom_0" pos="41.75" speed="22.48" angle="19.37" x="129.96" y="46.03"/>
        <vehicle id="cfm-slow_0" eclass="HBEFA3/PC_G_EU4" CO2="7695.29" CO="82.56" HC="0.56" NOx="3.08" PMx="0.15" fuel="3.31" electricity="0.00" noise="70.59" route="routebottom" type="cfm-slow" waiting="0.00" lane="right_0" pos="6.60" speed="20.27" angle="352.55" x="130.78" y="77.86"/>
        <vehicle id="cfm-slow_1" eclass="HBEFA3/PC_G_EU4" CO2="8964.47" CO="108.55" HC="0.71" NOx="3.67" PMx="0.18" fuel="3.85" electricity="0.00" noise="71.33" route="routebottom" type="cfm-slow" waiting="0.00" lane="right_0" pos="22.58" speed="20.48" angle="323.79" x="115.70" y="108.36"/>
        <vehicle id="cfm-slow_2" eclass="HBEFA3/PC_G_EU4" CO2="10989.59" CO="150.07" HC="0.95" NOx="4.62" PMx="0.24" fuel="4.72" electricity="0.00" noise="72.58" route="routebottom" type="cfm-slow" waiting="0.00" lane="right_0" pos="38.79" speed="20.93" angle="294.73" x="87.37" y="128.04"/>
        <vehicle id="cfm-slow_3" eclass="HBEFA3/PC_G_EU4" CO2="13642.62" CO="204.81" HC="1.27" NOx="5.85" PMx="0.31" fuel="5.86" electricity="0.00" noise="74.29" route="routetop" type="cfm-slow" waiting="0.00" lane="top_0" pos="5.47" speed="21.72" angle="264.61" x="51.85" y="131.24"/>
        <vehicle id="cfm-slow_4" eclass="HBEFA3/PC_G_EU4" CO2="16549.58" CO="265.80" HC="1.62" NOx="7.19" PMx="0.39" fuel="7.11" electricity="0.00" noise="76.14" route="routetop" type="cfm-slow" waiting="0.00" lane="top_0" pos="22.98" speed="22.90" angle="233.07" x="18.32" y="115.16"/>
        <vehicle id="cfm-slow_5" eclass="HBEFA3/PC_G_EU4" CO2="19419.24" CO="328.10" HC="1.98" NOx="8.51" PMx="0.46" fuel="8.35" electricity="0.00" noise="77.86" route="routetop" type="cfm-slow" waiting="0.00" lane="top_0" pos="41.70" speed="24.43" angle="199.45" x="-2.60" y="81.41"/>
    </timestep>
    <timestep time="3.79">
        <vehicle id="cfm-fast_0" eclass="HBEFA3/PC_G_EU4" CO2="21310.24" CO="373.34" HC="2.23" NOx="9.36" PMx="0.52" fuel="9.16" electricity="0.00" noise="78.90" route="routetop" type="cfm-fast" waiting="0.00" lane="left_0" pos="12.25" speed="26.24" angle="162.42" x="0.10" y="37.87"/>
        <vehicle id="cfm-fast_1" eclass="HBEFA3/PC_G_EU4" CO2="18720.30" CO="328.08" HC="1.96" NOx="8.11" PMx="0.46" fuel="8.05" electricity="0.00" noise="77.62" route="routetop" type="cfm-fast" waiting="0.00" lane="left_0" pos="30.52" speed="27.87" angle="129.54" x="24.23" y="7.52"/>
        <vehicle id="cfm-fast_2" eclass="HBEFA3/PC_G_EU4" CO2="0.00" CO="0.00" HC="0.00" NOx="0.00" PMx="0.00" fuel="0.00" electricity="0.00" noise="72.94" route="routebottom" type="cfm-fast" waiting="0.00" lane="bottom_0" pos="0.45" speed="28.84" angle="93.65" x="64.73" y="-4.93"/>
        <vehicle id="cfm-fast_3" eclass="HBEFA3/PC_G_EU4" CO2="0.00" CO="0.00" HC="0.00" NOx="0.00" PMx="0.00" fuel="0.00" electricity="0.00" noise="70.95" route="routebottom" type="cfm-fast" waiting="0.00" lane="bottom_0" pos="21.27" speed="27.52" angle="56.18" x="106.19" y="9.83"/>
        <vehicle id="cfm-fast_4" eclass="HBEFA3/PC_G_EU4" CO2="198910.00" CO="4398.37" HC="25.02" NOx="92.67" PMx="5.33" fuel="85.50" electricity="0.00" noise="139.59" route="routebottom" type="cfm-fast" waiting="0.00" lane="right_1" pos="6.38" speed="51.28" angle="353.04" x="127.67" y="76.69"/>
        <vehicle id="cfm-fast_5" eclass="HBEFA3/PC_G_EU4" CO2="0.00" CO="0.00" HC="0.00" NOx="0.00" PMx="0.00" fuel="0.00" electricity="0.00" noise="69.01" route="routebottom" type="cfm-fast" waiting="0.00" lane="bottom_0" pos="41.98" speed="22.47" angle="18.96" x="130.08" y="46.50"/>
        <vehicle id="cfm-slow_0" eclass="HBEFA3/PC_G_EU4" CO2="7679.01" CO="82.21" HC="0.56" NOx="3.07" PMx="0.15" fuel="3.30" electricity="0.00" noise="70.59" route="routebottom" type="cfm-slow" waiting="0.00" lane="right_0" pos="6.81" speed="20.28" angle="352.17" x="130.69" y="78.29"/>
        <vehicle id="cfm-slow_1" eclass="HBEFA3/PC_G_EU4" CO2="8955.44" CO="108.35" HC="0.71" NOx="3.67" PMx="0.18" fuel="3.85" electricity="0.00" noise="71.33" route="routebottom" type="cfm-slow" waiting="0.00" lane="right_0" pos="22.79" speed="20.49" angle="323.40" x="115.42" y="108.69"/>
        <vehicle id="cfm-slow_2" eclass="HBEFA3/PC_G_EU4" CO2="10986.45" CO="150.01" HC="0.95" NOx="4.61" PMx="0.24" fuel="4.72" electricity="0.00" noise="72.58" route="routebottom" type="cfm-slow" waiting="0.00" lane="right_0" pos="39.00" speed="20.94" angle="294.35" x="86.94" y="128.19"/>
        <vehicle id="cfm-slow_3" eclass="HBEFA3/PC_G_EU4" CO2="13641.56" CO="204.80" HC="1.27" NOx="5.85" PMx="0.31" fuel="5.86" electricity="0.00" noise="74.29" route="routetop" type="cfm-slow" waiting="0.00" lane="top_0" pos="5.69" speed="21.74" angle="264.21" x="51.39" y="131.16"/>
        <vehicle id="cfm-slow_4" eclass="HBEFA3/PC_G_EU4" CO2="16547.29" CO="265.79" HC="1.62" NOx="7.19" PMx="0.39" fuel="7.11" electricity="0.00" noise="76.14" route="routetop" type="cfm-slow" waiting="0.00" lane="top_0" pos="23.21" speed="22.92" angle="232.71" x="17.96" y="114.83"/>
        <vehicle id="cfm-slow_5" eclass="HBEFA3/PC_G_EU4" CO2="19407.44" CO="327.92" HC="1.98" NOx="8.51" PMx="0.46" fuel="8.34" electricity="0.00" noise="77.86" route="routetop" type="cfm-slow" waiting="0.00" lane="top_0" pos="41.94" speed="24.46" angle="199.00" x="-2.73" y="80.90"/>
    </timestep>
    <timestep time="3.80">
        <vehicle id="cfm-fast_0" eclass="HBEFA3/PC_G_EU4" CO2="21247.29" CO="372.14" HC="2.22" NOx="9.33" PMx="0.52" fuel="9.13" electricity="0.00" noise="78.86" route="routetop" type="cfm-fast" waiting="0.00" lane="left_0" pos="12.51" speed="26.26" angle="161.96" x="0.31" y="37.34"/>
        <vehicle id="cfm-fast_1" eclass="HBEFA3/PC_G_EU4" CO2="18533.06" CO="324.33" HC="1.94" NOx="8.02" PMx="0.45" fuel="7.97" electricity="0.00" noise="77.54" route="routetop" type="cfm-fast" waiting="0.00" lane="left_0" pos="30.80" speed="27.89" angle="129.10" x="24.72" y="7.17"/>
        <vehicle id="cfm-fast_2" eclass="HBEFA3/PC_G_EU4" CO2="0.00" CO="0.00" HC="0.00" NOx="0.00" PMx="0.00" fuel="0.00" electricity="0.00" noise="72.90" route="routebottom" type="cfm-fast" waiting="0.00" lane="bottom_0" pos="0.74" speed="28.84" angle="93.13" x="65.35" y="-4.91"/>
        <vehicle id="cfm-fast_3" eclass="HBEFA3/PC_G_EU4" CO2="0.00" CO="0.00" HC="0.00" NOx="0.00" PMx="0.00" fuel="0.00" electricity="0.00" noise="70.94" route="routebottom" type="cfm-fast" waiting="0.00" lane="bottom_0" pos="21.55" speed="27.50" angle="55.68" x="106.65" y="10.20"/>
        <vehicle id="cfm-fast_4" eclass="HBEFA3/PC_G_EU4" CO2="199486.96" CO="4413.69" HC="25.11" NOx="92.94" PMx="5.35" fuel="85.75" electricity="0.00" noise="139.65" route="routebottom" type="cfm-fast" waiting="0.00" lane="right_1" pos="6.89" speed="51.42" angle="352.06" x="127.43" y="77.72"/>
        <vehicle id="cfm-fast_5" eclass="HBEFA3/PC_G_EU4" CO2="0.00" CO="0.00" HC="0.00" NOx="0.00" PMx="0.00" fuel="0.00" electricity="0.00" noise="69.00" route="routebottom" type="cfm-fast" waiting="0.00" lane="bottom_0" pos="42.20" speed="22.46" angle="18.55" x="130.21" y="46.96"/>
        <vehicle id="cfm-slow_0" eclass="HBEFA3/PC_G_EU4" CO2="7663.04" CO="81.88" HC="0.56" NOx="3.06" PMx="0.15" fuel="3.29" electricity="0.00" noise="70.58" route="routebottom" type="cfm-slow" waiting="0.00" lane="right_0" pos="7.01" speed="20.29" angle="351.79" x="130.59" y="78.71"/>
        <vehicle id="cfm-slow_1" eclass="HBEFA3/PC_G_EU4" CO2="8946.69" CO="108.17" HC="0.71" NOx="3.66" PMx="0.18" fuel="3.85" electricity="0.00" noise="71.33" route="routebottom" type="cfm-slow" waiting="0.00" lane="right_0" pos="22.99" speed="20.51" angle="323.04" x="115.13" y="109.03"/>
        <vehicle id="cfm-slow_2" eclass="HBEFA3/PC_G_EU4" CO2="10983.56" CO="149.95" HC="0.95" NOx="4.61" PMx="0.24" fuel="4.72" electricity="0.00" noise="72.58" route="routebottom" type="cfm-slow" waiting="0.00" lane="right_0" pos="39.21" speed="20.96" angle="293.97" x="86.52" y="128.34"/>
        <vehicle id="cfm-slow_3" eclass="HBEFA3/PC_G_EU4" CO2="13640.71" CO="204.79" HC="1.27" NOx="5.85" PMx="0.31" fuel="5.86" electricity="0.00" noise="74.29" route="routetop" type="cfm-slow" waiting="0.00" lane="top_0" pos="5.91" speed="21.76" angle="263.80" x="50.93" y="131.07"/>
        <vehicle id="cfm-slow_4" eclass="HBEFA3/PC_G_EU4" CO2="16545.16" CO="265.78" HC="1.62" NOx="7.19" PMx="0.39" fuel="7.11" electricity="0.00" noise="76.14" route="routetop" type="cfm-slow" waiting="0.00" lane="top_0" pos="23.43" speed="22.95" angle="232.30" x="17.59" y="114.50"/>
        <vehicle id="cfm-slow_5" eclass="HBEFA3/PC_G_EU4" CO2="19395.44" CO="327.74" HC="1.97" NOx="8.50" PMx="0.46" fuel="8.34" electricity="0.00" noise="77.85" route="routetop" type="cfm-slow" waiting="0.00" lane="top_0" pos="42.19" speed="24.48" angle="198.54" x="-2.87" y="80.39"/>
    </timestep>
    <timestep time="3.81">
        <vehicle id="cfm-fast_0" eclass="HBEFA3/PC_G_EU4" CO2="21183.54" CO="370.93" HC="2.22" NOx="9.30" PMx="0.51" fuel="9.11" electricity="0.00" noise="78.82" route="routetop" type="cfm-fast" waiting="0.00" lane="left_0" pos="12.77" speed="26.28" angle="161.53" x="0.52" y="36.82"/>
        <vehicle id="cfm-fast_1" eclass="HBEFA3/PC_G_EU4" CO2="18345.56" CO="320.57" HC="1.92" NOx="7.93" PMx="0.45" fuel="7.89" electricity="0.00" noise="77.45" route="routetop" type="cfm-fast" waiting="0.00" lane="left_0" pos="31.08" speed="27.91" angle="128.59" x="25.22" y="6.84"/>
        <vehicle id="cfm-fast_2" eclass="HBEFA3/PC_G_EU4" CO2="0.00" CO="0.00" HC="0.00" NOx="0.00" PMx="0.00" fuel="0.00" electricity="0.00" noise="72.86" route="routebottom" type="cfm-fast" waiting="0.00" lane="bottom_0" pos="1.03" speed="28.83" angle="92.61" x="65.97" y="-4.90"/>
        <vehicle id="cfm-fast_3" eclass="HBEFA3/PC_G_EU4" CO2="0.00" CO="0.00" HC="0.00" NOx="0.00" PMx="0.00" fuel="0.00" electricity="0.00" noise="70.93" route="routebottom" type="cfm-fast" waiting="0.00" lane="bottom_0" pos="21.82" speed="27.47" angle="55.23" x="107.11" y="10.57"/>
        <vehicle id="cfm-fast_4" eclass="HBEFA3/PC_G_EU4" CO2="200064.21" CO="4429.03" HC="25.19" NOx="93.21" PMx="5.36" fuel="86.00" electricity="0.00" noise="139.72" route="routebottom" type="cfm-fast" waiting="0.00" lane="right_1" pos="7.41" speed="51.56" angle="351.07" x="127.20" y="78.75"/>
        <vehicle id="cfm-fast_5" eclass="HBEFA3/PC_G_EU4" CO2="0.00" CO="0.00" HC="0.00" NOx="0.00" PMx="0.00" fuel="0.00" electricity="0.00" noise="69.00" route="routebottom" type="cfm-fast" waiting="0.00" lane="bottom_0" pos="42.43" speed="22.46" angle="18.20" x="130.32" y="47.43"/>
        <vehicle id="cfm-slow_0" eclass="HBEFA3/PC_G_EU4" CO2="7647.38" CO="81.55" HC="0.56" NOx="3.05" PMx="0.15" fuel="3.29" electricity="0.00" noise="70.58" route="routebottom" type="cfm-slow" waiting="0.00" lane="right_0" pos="7.21" speed="20.29" angle="351.41" x="130.49" y="79.14"/>
        <vehicle id="cfm-slow_1" eclass="HBEFA3/PC_G_EU4" CO2="8938.24" CO="107.99" HC="0.71" NOx="3.66" PMx="0.18" fuel="3.84" electricity="0.00" noise="71.33" route="routebottom" type="cfm-slow" waiting="0.00" lane="right_0" pos="23.20" speed="20.52" angle="322.71" x="114.84" y="109.36"/>
        <vehicle id="cfm-slow_2" eclass="HBEFA3/PC_G_EU4" CO2="10980.92" CO="149.89" HC="0.95" NOx="4.61" PMx="0.24" fuel="4.72" electricity="0.00" noise="72.59" route="routebottom" type="cfm-slow" waiting="0.00" lane="right_0" pos="39.42" speed="20.97" angle="293.59" x="86.10" y="128.50"/>
        <vehicle id="cfm-slow_3" eclass="HBEFA3/PC_G_EU4" CO2="13640.09" CO="204.78" HC="1.27" NOx="5.85" PMx="0.31" fuel="5.86" electricity="0.00" noise="74.29" route="routetop" type="cfm-slow" waiting="0.00" lane="top_0" pos="6.13" speed="21.77" angle="263.39" x="50.47" y="130.99"/>
        <vehicle id="cfm-slow_4" eclass="HBEFA3/PC_G_EU4" CO2="16543.17" CO="265.77" HC="1.62" NOx="7.19" PMx="0.39" fuel="7.11" electricity="0.00" noise="76.14" route="routetop" type="cfm-slow" waiting="0.00" lane="top_0" pos="23.66" speed="22.97" angle="231.88" x="17.23" y="114.16"/>
        <vehicle id="cfm-slow_5" eclass="HBEFA3/PC_G_EU4" CO2="19383.24" CO="327.56" HC="1.97" NOx="8.49" PMx="0.46" fuel="8.33" electricity="0.00" noise="77.84" route="routetop" type="cfm-slow" waiting="0.00" lane="top_0" pos="42.43" speed="24.50" angle="198.16" x="-3.00" y="79.88"/>
    </timestep>
    <timestep time="3.82">
        <vehicle id="cfm-fast_0" eclass="HBEFA3/PC_G_EU4" CO2="21118.98" CO="369.71" HC="2.21" NOx="9.27" PMx="0.51" fuel="9.08" electricity="0.00" noise="78.79" route="routetop" type="cfm-fast" waiting="0.00" lane="left_0" pos="13.04" speed="26.31" angle="161.05" x="0.75" y="36.30"/>
        <vehicle id="cfm-fast_1" eclass="HBEFA3/PC_G_EU4" CO2="18157.83" CO="316.81" HC="1.90" NOx="7.84" PMx="0.44" fuel="7.81" electricity="0.00" noise="77.37" route="routetop" type="cfm-fast" waiting="0.00" lane="left_0" pos="31.36" speed="27.93" angle="128.09" x="25.72" y="6.51"/>
        <vehicle id="cfm-fast_2" eclass="HBEFA3/PC_G_EU4" CO2="0.00" CO="0.00" HC="0.00" NOx="0.00" PMx="0.00" fuel="0.00" electricity="0.00" noise="72.82" route="routebottom" type="cfm-fast" waiting="0.00" lane="bottom_0" pos="1.32" speed="28.83" angle="92.11" x="66.59" y="-4.88"/>
        <vehicle id="cfm-fast_3" eclass="HBEFA3/PC_G_EU4" CO2="0.00" CO="0.00" HC="0.00" NOx="0.00" PMx="0.00" fuel="0.00" electricity="0.00" noise="70.91" route="routebottom" type="cfm-fast" waiting="0.00" lane="bottom_0" pos="22.10" speed="27.44" angle="54.71" x="107.56" y="10.95"/>
        <vehicle id="cfm-fast_4" eclass="HBEFA3/PC_G_EU4" CO2="200641.75" CO="4444.40" HC="25.27" NOx="93.48" PMx="5.38" fuel="86.25" electricity="0.00" noise="139.78" route="routebottom" type="cfm-fast" waiting="0.00" lane="right_1" pos="7.93" speed="51.69" angle="350.18" x="126.94" y="79.78"/>
        <vehicle id="cfm-fast_5" eclass="HBEFA3/PC_G_EU4" CO2="0.00" CO="0.00" HC="0.00" NOx="0.00" PMx="0.00" fuel="0.00" electricity="0.00" noise="69.00" route="routebottom" type="cfm-fast" waiting="0.00" lane="bottom_0" pos="42.65" speed="22.45" angle="17.79" x="130.43" y="47.90"/>
        <vehicle id="cfm-slow_0" eclass="HBEFA3/PC_G_EU4" CO2="7632.03" CO="81.23" HC="0.56" NOx="3.05" PMx="0.15" fuel="3.28" electricity="0.00" noise="70.57" route="routebottom" type="cfm-slow" waiting="0.00" lane="right_0" pos="7.42" speed="20.30" angle="351.03" x="130.40" y="79.57"/>
        <vehicle id="cfm-slow_1" eclass="HBEFA3/PC_G_EU4" CO2="8930.08" CO="107.82" HC="0.71" NOx="3.65" PMx="0.18" fuel="3.84" electricity="0.00" noise="71.32" route="routebottom" type="cfm-slow" waiting="0.00" lane="right_0" pos="23.40" speed="20.53" angle="322.34" x="114.54" y="109.68"/>
        <vehicle id="cfm-slow_2" eclass="HBEFA3/PC_G_EU4" CO2="10978.54" CO="149.84" HC="0.95" NOx="4.61" PMx="0.24" fuel="4.72" electricity="0.00" noise="72.59" route="routebottom" type="cfm-slow" waiting="0.00" lane="right_0" pos="39.63" speed="20.99" angle="293.21" x="85.67" y="128.65"/>
        <vehicle id="cfm-slow_3" eclass="HBEFA3/PC_G_EU4" CO2="13639.69" CO="204.78" HC="1.27" NOx="5.85" PMx="0.31" fuel="5.86" electricity="0.00" noise="74.30" route="routetop" type="cfm-slow" waiting="0.00" lane="top_0" pos="6.34" speed="21.79" angle="263.03" x="50.01" y="130.90"/>
        <vehicle id="cfm-slow_4" eclass="HBEFA3/PC_G_EU4" CO2="16541.33" CO="265.76" HC="1.62" NOx="7.19" PMx="0.39" fuel="7.11" electricity="0.00" noise="76.14" route="routetop" type="cfm-slow" waiting="0.00" lane="top_0" pos="23.89" speed="22.99" angle="231.47" x="16.87" y="113.82"/>
        <vehicle id="cfm-slow_5" eclass="HBEFA3/PC_G_EU4" CO2="19370.84" CO="327.37" HC="1.97" NOx="8.49" PMx="0.46" fuel="8.33" electricity="0.00" noise="77.83" route="routetop" type="cfm-slow" waiting="0.00" lane="top_0" pos="42.68" speed="24.53" angle="197.72" x="-3.12" y="79.37"/>
    </timestep>
    <timestep time="3.83">
        <vehicle id="cfm-fast_0" eclass="HBEFA3/PC_G_EU4" CO2="21053.62" CO="368.46" HC="2.20" NOx="9.24" PMx="0.51" fuel="9.05" electricity="0.00" noise="78.75" route="routetop" type="cfm-fast" waiting="0.00" lane="left_0" pos="13.30" speed="26.33" angle="160.56" x="0.98" y="35.78"/>
        <vehicle id="cfm-fast_1" eclass="HBEFA3/PC_G_EU4" CO2="17969.89" CO="313.04" HC="1.88" NOx="7.75" PMx="0.44" fuel="7.72" electricity="0.00" noise="77.28" route="routetop" type="cfm-fast" waiting="0.00" lane="left_0" pos="31.64" speed="27.94" angle="127.58" x="26.22" y="6.18"/>
        <vehicle id="cfm-fast_2" eclass="HBEFA3/PC_G_EU4" CO2="0.00" CO="0.00" HC="0.00" NOx="0.00" PMx="0.00" fuel="0.00" electricity="0.00" noise="72.79" route="routebottom" type="cfm-fast" waiting="0.00" lane="bottom_0" pos="1.61" speed="28.83" angle="91.59" x="67.21" y="-4.84"/>
        <vehicle id="cfm-fast_3" eclass="HBEFA3/PC_G_EU4" CO2="0.00" CO="0.00" HC="0.00" NOx="0.00" PMx="0.00" fuel="0.00" electricity="0.00" noise="70.90" route="routebottom" type="cfm-fast" waiting="0.00" lane="bottom_0" pos="22.37" speed="27.42" angle="54.19" x="108.01" y="11.33"/>
        <vehicle id="cfm-fast_4" eclass="HBEFA3/PC_G_EU4" CO2="201219.59" CO="4459.78" HC="25.36" NOx="93.76" PMx="5.40" fuel="86.49" electricity="0.00" noise="139.85" route="routebottom" type="cfm-fast" waiting="0.00" lane="right_1" pos="8.45" speed="51.83" angle="349.26" x="126.67" y="80.80"/>
        <vehicle id="cfm-fast_5" eclass="HBEFA3/PC_G_EU4" CO2="0.00" CO="0.00" HC="0.00" NOx="0.00" PMx="0.00" fuel="0.00" electricity="0.00" noise="69.00" route="routebottom" type="cfm-fast" waiting="0.00" lane="bottom_0" pos="42.88" speed="22.44" angle="17.38" x="130.54" y="48.38"/>
        <vehicle id="cfm-slow_0" eclass="HBEFA3/PC_G_EU4" CO2="7616.97" CO="80.91" HC="0.55" NOx="3.04" PMx="0.15" fuel="3.27" electricity="0.00" noise="70.57" route="routebottom" type="cfm-slow" waiting="0.00" lane="right_0" pos="7.62" speed="20.31" angle="350.70" x="130.30" y="79.99"/>
        <vehicle id="cfm-slow_1" eclass="HBEFA3/PC_G_EU4" CO2="8922.21" CO="107.65" HC="0.71" NOx="3.65" PMx="0.18" fuel="3.84" electricity="0.00" noise="71.32" route="routebottom" type="cfm-slow" waiting="0.00" lane="right_0" pos="23.61" speed="20.54" angle="321.97" x="114.23" y="110.01"/>
        <vehicle id="cfm-slow_2" eclass="HBEFA3/PC_G_EU4" CO2="10976.41" CO="149.79" HC="0.95" NOx="4.61" PMx="0.24" fuel="4.72" electricity="0.00" noise="72.59" route="routebottom" type="cfm-slow" waiting="0.00" lane="right_0" pos="39.84" speed="21.00" angle="292.89" x="85.24" y="128.80"/>
        <vehicle id="cfm-slow_3" eclass="HBEFA3/PC_G_EU4" CO2="13639.50" CO="204.79" HC="1.27" NOx="5.85" PMx="0.31" fuel="5.86" electricity="0.00" noise="74.30" route="routetop" type="cfm-slow" waiting="0.00" lane="top_0" pos="6.56" speed="21.81" angle="262.64" x="49.55" y="130.80"/>
        <vehicle id="cfm-slow_4" eclass="HBEFA3/PC_G_EU4" CO2="16539.63" CO="265.76" HC="1.62" NOx="7.19" PMx="0.39" fuel="7.11" electricity="0.00" noise="76.14" route="routetop" type="cfm-slow" waiting="0.00" lane="top_0" pos="24.12" speed="23.01" angle="231.05" x="16.51" y="113.49"/>
        <vehicle id="cfm-slow_5" eclass="HBEFA3/PC_G_EU4" CO2="19358.21" CO="327.18" HC="1.97" NOx="8.48" PMx="0.46" fuel="8.32" electricity="0.00" noise="77.82" route="routetop" type="cfm-slow" waiting="0.00" lane="top_0" pos="42.92" speed="24.55" angle="197.28" x="-3.23" y="78.85"/>
    </timestep>
    <timestep time="3.84">
        <vehicle id="cfm-fast_0" eclass="HBEFA3/PC_G_EU4" CO2="20987.47" CO="367.21" HC="2.20" NOx="9.21" PMx="0.51" fuel="9.02" electricity="0.00" noise="78.71" route="routetop" type="cfm-fast" waiting="0.00" lane="left_0" pos="13.56" speed="26.36" angle="160.07" x="1.21" y="35.27"/>
        <vehicle id="cfm-fast_1" eclass="HBEFA3/PC_G_EU4" CO2="17781.76" CO="309.27" HC="1.85" NOx="7.66" PMx="0.43" fuel="7.64" electricity="0.00" noise="77.20" route="routetop" type="cfm-fast" waiting="0.00" lane="left_0" pos="31.91" speed="27.96" angle="127.08" x="26.72" y="5.84"/>
        <vehicle id="cfm-fast_2" eclass="HBEFA3/PC_G_EU4" CO2="0.00" CO="0.00" HC="0.00" NOx="0.00" PMx="0.00" fuel="0.00" electricity="0.00" noise="72.75" route="routebottom" type="cfm-fast" waiting="0.00" lane="bottom_0" pos="1.89" speed="28.82" angle="91.07" x="67.83" y="-4.81"/>
        <vehicle id="cfm-fast_3" eclass="HBEFA3/PC_G_EU4" CO2="0.00" CO="0.00" HC="0.00" NOx="0.00" PMx="0.00" fuel="0.00" electricity="0.00" noise="70.88" route="routebottom" type="cfm-fast" waiting="0.00" lane="bottom_0" pos="22.65" speed="27.39" angle="53.67" x="108.46" y="11.71"/>
        <vehicle id="cfm-fast_4" eclass="HBEFA3/PC_G_EU4" CO2="201797.71" CO="4475.19" HC="25.44" NOx="94.03" PMx="5.41" fuel="86.74" electricity="0.00" noise="139.92" route="routebottom" type="cfm-fast" waiting="0.00" lane="right_1" pos="8.97" speed="51.97" angle="348.38" x="126.40" y="81.83"/>
        <vehicle id="cfm-fast_5" eclass="HBEFA3/PC_G_EU4" CO2="0.00" CO="0.00" HC="0.00" NOx="0.00" PMx="0.00" fuel="0.00" electricity="0.00" noise="68.99" route="routebottom" type="cfm-fast" waiting="0.00" lane="bottom_0" pos="43.10" speed="22.43" angle="16.98" x="130.64" y="48.85"/>
        <vehicle id="cfm-slow_0" eclass="HBEFA3/PC_G_EU4" CO2="7602.22" CO="80.60" HC="0.55" NOx="3.03" PMx="0.15" fuel="3.27" electricity="0.00" noise="70.56" route="routebottom" type="cfm-slow" waiting="0.00" lane="right_0" pos="7.82" speed="20.32" angle="350.35" x="130.19" y="80.42"/>
        <vehicle id="cfm-slow_1" eclass="HBEFA3/PC_G_EU4" CO2="8914.62" CO="107.49" HC="0.71" NOx="3.65" PMx="0.18" fuel="3.83" electricity="0.00" noise="71.32" route="routebottom" type="cfm-slow" waiting="0.00" lane="right_0" pos="23.82" speed="20.55" angle="321.60" x="113.93" y="110.33"/>
        <vehicle id="cfm-slow_2" eclass="HBEFA3/PC_G_EU4" CO2="10974.52" CO="149.75" HC="0.95" NOx="4.61" PMx="0.24" fuel="4.72" electricity="0.00" noise="72.59" route="routebottom" type="cfm-slow" waiting="0.00" lane="right_0" pos="40.05" speed="21.01" angle="292.49" x="84.81" y="128.93"/>
        <vehicle id="cfm-slow_3" eclass="HBEFA3/PC_G_EU4" CO2="13639.53" CO="204.80" HC="1.27" NOx="5.85" PMx="0.31" fuel="5.86" electricity="0.00" noise="74.30" route="routetop" type="cfm-slow" waiting="0.00" lane="top_0" pos="6.78" speed="21.83" angle="262.23" x="49.10" y="130.70"/>
        <vehicle id="cfm-slow_4" eclass="HBEFA3/PC_G_EU4" CO2="16538.06" CO="265.76" HC="1.62" NOx="7.19" PMx="0.39" fuel="7.11" electricity="0.00" noise="76.14" route="routetop" type="cfm-slow" waiting="0.00" lane="top_0" pos="24.35" speed="23.03" angle="230.69" x="16.14" y="113.15"/>
        <vehicle id="cfm-slow_5" eclass="HBEFA3/PC_G_EU4" CO2="19345.37" CO="326.98" HC="1.97" NOx="8.47" PMx="0.46" fuel="8.32" electricity="0.00" noise="77.82" route="routetop" type="cfm-slow" waiting="0.00" lane="top_0" pos="43.17" speed="24.58" angle="196.85" x="-3.35" y="78.34"/>
    </timestep>
    <timestep time="3.85">
        <vehicle id="cfm-fast_0" eclass="HBEFA3/PC_G_EU4" CO2="20920.51" CO="365.93" HC="2.19" NOx="9.18" PMx="0.51" fuel="8.99" electricity="0.00" noise="78.68" route="routetop" type="cfm-fast" waiting="0.00" lane="left_0" pos="13.83" speed="26.38" angle="159.58" x="1.45" y="34.75"/>
        <vehicle id="cfm-fast_1" eclass="HBEFA3/PC_G_EU4" CO2="17593.45" CO="305.49" HC="1.83" NOx="7.57" PMx="0.43" fuel="7.56" electricity="0.00" noise="77.11" route="routetop" type="cfm-fast" waiting="0.00" lane="left_0" pos="32.19" speed="27.98" angle="126.63" x="27.23" y="5.52"/>
        <vehicle id="cfm-fast_2" eclass="HBEFA3/PC_G_EU4" CO2="0.00" CO="0.00" HC="0.00" NOx="0.00" PMx="0.00" fuel="0.00" electricity="0.00" noise="72.71" route="routebottom" type="cfm-fast" waiting="0.00" lane="bottom_0" pos="2.18" speed="28.82" angle="90.56" x="68.45" y="-4.77"/>
        <vehicle id="cfm-fast_3" eclass="HBEFA3/PC_G_EU4" CO2="0.00" CO="0.00" HC="0.00" NOx="0.00" PMx="0.00" fuel="0.00" electricity="0.00" noise="70.87" route="routebottom" type="cfm-fast" waiting="0.00" lane="bottom_0" pos="22.92" speed="27.36" angle="53.15" x="108.91" y="12.10"/>
        <vehicle id="cfm-fast_4" eclass="HBEFA3/PC_G_EU4" CO2="202376.13" CO="4490.62" HC="25.53" NOx="94.30" PMx="5.43" fuel="86.99" electricity="0.00" noise="139.98" route="routebottom" type="cfm-fast" waiting="0.00" lane="right_1" pos="9.49" speed="52.10" angle="347.43" x="126.08" y="82.85"/>
        <vehicle id="cfm-fast_5" eclass="HBEFA3/PC_G_EU4" CO2="0.00" CO="0.00" HC="0.00" NOx="0.00" PMx="0.00" fuel="0.00" electricity="0.00" noise="68.99" route="routebottom" type="cfm-fast" waiting="0.00" lane="bottom_0" pos="43.33" speed="22.43" angle="16.57" x="130.75" y="49.32"/>
        <vehicle id="cfm-slow_0" eclass="HBEFA3/PC_G_EU4" CO2="7587.77" CO="80.30" HC="0.55" NOx="3.02" PMx="0.15" fuel="3.26" electricity="0.00" noise="70.56" route="routebottom" type="cfm-slow" waiting="0.00" lane="right_0" pos="8.02" speed="20.33" angle="349.97" x="130.08" y="80.84"/>
        <vehicle id="cfm-slow_1" eclass="HBEFA3/PC_G_EU4" CO2="8907.32" CO="107.33" HC="0.71" NOx="3.64" PMx="0.18" fuel="3.83" electricity="0.00" noise="71.32" route="routebottom" type="cfm-slow" waiting="0.00" lane="right_0" pos="24.02" speed="20.56" angle="321.23" x="113.63" y="110.66"/>
        <vehicle id="cfm-slow_2" eclass="HBEFA3/PC_G_EU4" CO2="10972.88" CO="149.72" HC="0.95" NOx="4.61" PMx="0.24" fuel="4.72" electricity="0.00" noise="72.59" route="routebottom" type="cfm-slow" waiting="0.00" lane="right_0" pos="40.26" speed="21.03" angle="292.09" x="84.38" y="129.06"/>
        <vehicle id="cfm-slow_3" eclass="HBEFA3/PC_G_EU4" CO2="13639.76" CO="204.82" HC="1.27" NOx="5.85" PMx="0.31" fuel="5.86" electricity="0.00" noise="74.30" route="routetop" type="cfm-slow" waiting="0.00" lane="top_0" pos="7.00" speed="21.84" angle="261.82" x="48.64" y="130.60"/>
        <vehicle id="cfm-slow_4" eclass="HBEFA3/PC_G_EU4" CO2="16536.63" CO="265.76" HC="1.62" NOx="7.18" PMx="0.39" fuel="7.11" electricity="0.00" noise="76.14" route="routetop" type="cfm-slow" waiting="0.00" lane="top_0" pos="24.58" speed="23.05" angle="230.27" x="15.79" y="112.80"/>
        <vehicle id="cfm-slow_5" eclass="HBEFA3/PC_G_EU4" CO2="19332.29" CO="326.78" HC="1.97" NOx="8.47" PMx="0.46" fuel="8.31" electricity="0.00" noise="77.81" route="routetop" type="cfm-slow" waiting="0.00" lane="top_0" pos="43.42" speed="24.60" angle="196.41" x="-3.47" y="77.82"/>
    </timestep>
    <timestep time="3.86">
        <vehicle id="cfm-fast_0" eclass="HBEFA3/PC_G_EU4" CO2="20852.76" CO="364.64" HC="2.18" NOx="9.14" PMx="0.51" fuel="8.96" electricity="0.00" noise="78.64" route="routetop" type="cfm-fast" waiting="0.00" lane="left_0" pos="14.09" speed="26.40" angle="159.15" x="1.68" y="34.23"/>
        <vehicle id="cfm-fast_1" eclass="HBEFA3/PC_G_EU4" CO2="17404.99" CO="301.70" HC="1.81" NOx="7.48" PMx="0.42" fuel="7.48" electricity="0.00" noise="77.03" route="routetop" type="cfm-fast" waiting="0.00" lane="left_0" pos="32.47" speed="28.00" angle="126.11" x="27.75" y="5.21"/>
        <vehicle id="cfm-fast_2" eclass="HBEFA3/PC_G_EU4" CO2="0.00" CO="0.00" HC="0.00" NOx="0.00" PMx="0.00" fuel="0.00" electricity="0.00" noise="72.68" route="routebottom" type="cfm-fast" waiting="0.00" lane="bottom_0" pos="2.47" speed="28.81" angle="90.04" x="69.07" y="-4.74"/>
        <vehicle id="cfm-fast_3" eclass="HBEFA3/PC_G_EU4" CO2="0.00" CO="0.00" HC="0.00" NOx="0.00" PMx="0.00" fuel="0.00" electricity="0.00" noise="70.85" route="routebottom" type="cfm-fast" waiting="0.00" lane="bottom_0" pos="23.19" speed="27.34" angle="52.72" x="109.35" y="12.48"/>
        <vehicle id="cfm-fast_4" eclass="HBEFA3/PC_G_EU4" CO2="202954.84" CO="4506.06" HC="25.61" NOx="94.57" PMx="5.45" fuel="87.24" electricity="0.00" noise="140.05" route="routebottom" type="cfm-fast" waiting="0.00" lane="right_1" pos="10.01" speed="52.24" angle="346.48" x="125.77" y="83.88"/>
        <vehicle id="cfm-fast_5" eclass="HBEFA3/PC_G_EU4" CO2="0.00" CO="0.00" HC="0.00" NOx="0.00" PMx="0.00" fuel="0.00" electricity="0.00" noise="68.99" route="routebottom" type="cfm-fast" waiting="0.00" lane="bottom_0" pos="43.55" speed="22.42" angle="16.19" x="130.86" y="49.79"/>
        <vehicle id="cfm-slow_0" eclass="HBEFA3/PC_G_EU4" CO2="7573.61" CO="80.00" HC="0.55" NOx="3.02" PMx="0.15" fuel="3.26" electricity="0.00" noise="70.56" route="routebottom" type="cfm-slow" waiting="0.00" lane="right_0" pos="8.23" speed="20.33" angle="349.60" x="129.97" y="81.26"/>
        <vehicle id="cfm-slow_1" eclass="HBEFA3/PC_G_EU4" CO2="8900.29" CO="107.18" HC="0.71" NOx="3.64" PMx="0.18" fuel="3.83" electricity="0.00" noise="71.32" route="routebottom" type="cfm-slow" waiting="0.00" lane="right_0" pos="24.23" speed="20.57" angle="320.86" x="113.33" y="110.98"/>
        <vehicle id="cfm-slow_2" eclass="HBEFA3/PC_G_EU4" CO2="10971.48" CO="149.69" HC="0.95" NOx="4.60" PMx="0.24" fuel="4.72" electricity="0.00" noise="72.59" route="routebottom" type="cfm-slow" waiting="0.00" lane="right_0" pos="40.47" speed="21.04" angle="291.69" x="83.95" y="129.20"/>
        <vehicle id="cfm-slow_3" eclass="HBEFA3/PC_G_EU4" CO2="13640.21" CO="204.84" HC="1.27" NOx="5.84" PMx="0.31" fuel="5.86" electricity="0.00" noise="74.30" route="routetop" type="cfm-slow" waiting="0.00" lane="top_0" pos="7.22" speed="21.86" angle="261.41" x="48.18" y="130.49"/>
        <vehicle id="cfm-slow_4" eclass="HBEFA3/PC_G_EU4" CO2="16535.31" CO="265.77" HC="1.62" NOx="7.18" PMx="0.39" fuel="7.11" electricity="0.00" noise="76.14" route="routetop" type="cfm-slow" waiting="0.00" lane="top_0" pos="24.82" speed="23.07" angle="229.85" x="15.44" y="112.45"/>
        <vehicle id="cfm-slow_5" eclass="HBEFA3/PC_G_EU4" CO2="19318.98" CO="326.57" HC="1.97" NOx="8.46" PMx="0.46" fuel="8.30" electricity="0.00" noise="77.80" route="routetop" type="cfm-slow" waiting="0.00" lane="top_0" pos="43.66" speed="24.62" angle="196.02" x="-3.58" y="77.31"/>
    </timestep>
    <timestep time="3.87">
        <vehicle id="cfm-fast_0" eclass="HBEFA3/PC_G_EU4" CO2="20784.22" CO="363.33" HC="2.17" NOx="9.11" PMx="0.50" fuel="8.93" electricity="0.00" noise="78.60" route="routetop" type="cfm-fast" waiting="0.00" lane="left_0" pos="14.36" speed="26.43" angle="158.66" x="1.93" y="33.72"/>
        <vehicle id="cfm-fast_1" eclass="HBEFA3/PC_G_EU4" CO2="17216.40" CO="297.91" HC="1.79" NOx="7.39" PMx="0.42" fuel="7.40" electricity="0.00" noise="76.95" route="routetop" type="cfm-fast" waiting="0.00" lane="left_0" pos="32.75" speed="28.01" angle="125.58" x="28.26" y="4.90"/>
        <vehicle id="cfm-fast_2" eclass="HBEFA3/PC_G_EU4" CO2="0.00" CO="0.00" HC="0.00" NOx="0.00" PMx="0.00" fuel="0.00" electricity="0.00" noise="72.65" route="routebottom" type="cfm-fast" waiting="0.00" lane="bottom_0" pos="2.76" speed="28.81" angle="89.55" x="69.69" y="-4.68"/>
        <vehicle id="cfm-fast_3" eclass="HBEFA3/PC_G_EU4" CO2="0.00" CO="0.00" HC="0.00" NOx="0.00" PMx="0.00" fuel="0.00" electricity="0.00" noise="70.84" route="routebottom" type="cfm-fast" waiting="0.00" lane="bottom_0" pos="23.47" speed="27.31" angle="52.23" x="109.78" y="12.88"/>
        <vehicle id="cfm-fast_4" eclass="HBEFA3/PC_G_EU4" CO2="203533.85" CO="4521.54" HC="25.70" NOx="94.84" PMx="5.46" fuel="87.49" electricity="0.00" noise="140.11" route="routebottom" type="cfm-fast" waiting="0.00" lane="right_1" pos="10.53" speed="52.38" angle="345.55" x="125.42" y="84.89"/>
        <vehicle id="cfm-fast_5" eclass="HBEFA3/PC_G_EU4" CO2="0.00" CO="0.00" HC="0.00" NOx="0.00" PMx="0.00" fuel="0.00" electricity="0.00" noise="68.99" route="routebottom" type="cfm-fast" waiting="0.00" lane="bottom_0" pos="43.77" speed="22.41" angle="15.80" x="130.95" y="50.26"/>
        <vehicle id="cfm-slow_0" eclass="HBEFA3/PC_G_EU4" CO2="7559.75" CO="79.71" HC="0.55" NOx="3.01" PMx="0.15" fuel="3.25" electricity="0.00" noise="70.55" route="routebottom" type="cfm-slow" waiting="0.00" lane="right_0" pos="8.43" speed="20.34" angle="349.23" x="129.85" y="81.68"/>
        <vehicle id="cfm-slow_1" eclass="HBEFA3/PC_G_EU4" CO2="8893.55" CO="107.04" HC="0.70" NOx="3.64" PMx="0.18" fuel="3.82" electricity="0.00" noise="71.32" route="routebottom" type="cfm-slow" waiting="0.00" lane="right_0" pos="24.43" speed="20.58" angle="320.54" x="113.03" y="111.30"/>
        <vehicle id="cfm-slow_2" eclass="HBEFA3/PC_G_EU4" CO2="10970.32" CO="149.66" HC="0.95" NOx="4.60" PMx="0.24" fuel="4.72" electricity="0.00" noise="72.60" route="routebottom" type="cfm-slow" waiting="0.00" lane="right_0" pos="40.68" speed="21.06" angle="291.28" x="83.51" y="129.33"/>
        <vehicle id="cfm-slow_3" eclass="HBEFA3/PC_G_EU4" CO2="13640.86" CO="204.86" HC="1.27" NOx="5.84" PMx="0.31" fuel="5.86" electricity="0.00" noise="74.30" route="routetop" type="cfm-slow" waiting="0.00" lane="top_0" pos="7.44" speed="21.88" angle="260.99" x="47.72" y="130.39"/>
        <vehicle id="cfm-slow_4" eclass="HBEFA3/PC_G_EU4" CO2="16534.12" CO="265.78" HC="1.62" NOx="7.18" PMx="0.39" fuel="7.11" electricity="0.00" noise="76.14" route="routetop" type="cfm-slow" waiting="0.00" lane="top_0" pos="25.05" speed="23.09" angle="229.43" x="15.09" y="112.10"/>
        <vehicle id="cfm-slow_5" eclass="HBEFA3/PC_G_EU4" CO2="19305.42" CO="326.36" HC="1.97" NOx="8.45" PMx="0.46" fuel="8.30" electricity="0.00" noise="77.79" route="routetop" type="cfm-slow" waiting="0.00" lane="top_0" pos="43.91" speed="24.65" angle="195.56" x="-3.68" y="76.78"/>
    </timestep>
    <timestep time="3.88">
        <vehicle id="cfm-fast_0" eclass="HBEFA3/PC_G_EU4" CO2="20714.88" CO="362.01" HC="2.16" NOx="9.08" PMx="0.50" fuel="8.90" electricity="0.00" noise="78.56" route="routetop" type="cfm-fast" waiting="0.00" lane="left_0" pos="14.62" speed="26.45" angle="158.16" x="2.19" y="33.21"/>
        <vehicle id="cfm-fast_1" eclass="HBEFA3/PC_G_EU4" CO2="17027.70" CO="294.12" HC="1.77" NOx="7.30" PMx="0.41" fuel="7.32" electricity="0.00" noise="76.87" route="routetop" type="cfm-fast" waiting="0.00" lane="left_0" pos="33.03" speed="28.03" angle="125.06" x="28.78" y="4.59"/>
        <vehicle id="cfm-fast_2" eclass="HBEFA3/PC_G_EU4" CO2="0.00" CO="0.00" HC="0.00" NOx="0.00" PMx="0.00" fuel="0.00" electricity="0.00" noise="72.61" route="routebottom" type="cfm-fast" waiting="0.00" lane="bottom_0" pos="3.05" speed="28.80" angle="89.03" x="70.30" y="-4.62"/>
        <vehicle id="cfm-fast_3" eclass="HBEFA3/PC_G_EU4" CO2="0.00" CO="0.00" HC="0.00" NOx="0.00" PMx="0.00" fuel="0.00" electricity="0.00" noise="70.83" route="routebottom" type="cfm-fast" waiting="0.00" lane="bottom_0" pos="23.74" speed="27.29" angle="51.73" x="110.21" y="13.28"/>
        <vehicle id="cfm-fast_4" eclass="HBEFA3/PC_G_EU4" CO2="204113.14" CO="4537.03" HC="25.78" NOx="95.11" PMx="5.48" fuel="87.74" electricity="0.00" noise="140.18" route="routebottom" type="cfm-fast" waiting="0.00" lane="right_1" pos="11.06" speed="52.51" angle="344.53" x="125.05" y="85.91"/>
        <vehicle id="cfm-fast_5" eclass="HBEFA3/PC_G_EU4" CO2="0.00" CO="0.00" HC="0.00" NOx="0.00" PMx="0.00" fuel="0.00" electricity="0.00" noise="68.98" route="routebottom" type="cfm-fast" waiting="0.00" lane="bottom_0" pos="44.00" speed="22.40" angle="15.37" x="131.04" y="50.73"/>
        <vehicle id="cfm-slow_0" eclass="HBEFA3/PC_G_EU4" CO2="7546.18" CO="79.43" HC="0.55" NOx="3.00" PMx="0.15" fuel="3.24" electricity="0.00" noise="70.55" route="routebottom" type="cfm-slow" waiting="0.00" lane="right_0" pos="8.64" speed="20.35" angle="348.85" x="129.74" y="82.11"/>
        <vehicle id="cfm-slow_1" eclass="HBEFA3/PC_G_EU4" CO2="8887.08" CO="106.90" HC="0.70" NOx="3.63" PMx="0.18" fuel="3.82" electricity="0.00" noise="71.32" route="routebottom" type="cfm-slow" waiting="0.00" lane="right_0" pos="24.64" speed="20.59" angle="320.16" x="112.71" y="111.62"/>
        <vehicle id="cfm-slow_2" eclass="HBEFA3/PC_G_EU4" CO2="10969.40" CO="149.64" HC="0.95" NOx="4.60" PMx="0.24" fuel="4.72" electricity="0.00" noise="72.60" route="routebottom" type="cfm-slow" waiting="0.00" lane="right_0" pos="40.89" speed="21.07" angle="290.88" x="83.08" y="129.46"/>
        <vehicle id="cfm-slow_3" eclass="HBEFA3/PC_G_EU4" CO2="13641.72" CO="204.89" HC="1.27" NOx="5.84" PMx="0.31" fuel="5.86" electricity="0.00" noise="74.31" route="routetop" type="cfm-slow" waiting="0.00" lane="top_0" pos="7.65" speed="21.90" angle="260.65" x="47.26" y="130.28"/>
        <vehicle id="cfm-slow_4" eclass="HBEFA3/PC_G_EU4" CO2="16533.05" CO="265.79" HC="1.62" NOx="7.18" PMx="0.39" fuel="7.11" electricity="0.00" noise="76.14" route="routetop" type="cfm-slow" waiting="0.00" lane="top_0" pos="25.28" speed="23.11" angle="229.00" x="14.74" y="111.75"/>
        <vehicle id="cfm-slow_5" eclass="HBEFA3/PC_G_EU4" CO2="19291.62" CO="326.15" HC="1.96" NOx="8.45" PMx="0.46" fuel="8.29" electricity="0.00" noise="77.78" route="routetop" type="cfm-slow" waiting="0.00" lane="top_0" pos="44.16" speed="24.67" angle="195.10" x="-3.78" y="76.26"/>
    </timestep>
    <timestep time="3.89">
        <vehicle id="cfm-fast_0" eclass="HBEFA3/PC_G_EU4" CO2="20644.75" CO="360.66" HC="2.16" NOx="9.05" PMx="0.50" fuel="8.87" electricity="0.00" noise="78.53" route="routetop" type="cfm-fast" waiting="0.00" lane="left_0" pos="14.89" speed="26.47" angle="157.66" x="2.44" y="32.70"/>
        <vehicle id="cfm-fast_1" eclass="HBEFA3/PC_G_EU4" CO2="16838.90" CO="290.33" HC="1.74" NOx="7.21" PMx="0.41" fuel="7.24" electricity="0.00" noise="76.79" route="routetop" type="cfm-fast" waiting="0.00" lane="left_0" pos="33.32" speed="28.04" angle="124.58" x="29.30" y="4.28"/>
        <vehicle id="cfm-fast_2" eclass="HBEFA3/PC_G_EU4" CO2="0.00" CO="0.00" HC="0.00" NOx="0.00" PMx="0.00" fuel="0.00" electricity="0.00" noise="72.58" route="routebottom" type="cfm-fast" waiting="0.00" lane="bottom_0" pos="3.33" speed="28.80" angle="88.51" x="70.92" y="-4.55"/>
        <vehicle id="cfm-fast_3" eclass="HBEFA3/PC_G_EU4" CO2="0.00" CO="0.00" HC="0.00" NOx="0.00" PMx="0.00" fuel="0.00" electricity="0.00" noise="70.81" route="routebottom" type="cfm-fast" waiting="0.00" lane="bottom_0" pos="24.01" speed="27.26" angle="51.24" x="110.65" y="13.68"/>
        <vehicle id="cfm-fast_4" eclass="HBEFA3/PC_G_EU4" CO2="204692.73" CO="4552.54" HC="25.87" NOx="95.38" PMx="5.50" fuel="87.99" electricity="0.00" noise="140.25" route="routebottom" type="cfm-fast" waiting="0.00" lane="right_1" pos="11.58" speed="52.65" angle="343.59" x="124.68" y="86.92"/>
        <vehicle id="cfm-fast_5" eclass="HBEFA3/PC_G_EU4" CO2="0.00" CO="0.00" HC="0.00" NOx="0.00" PMx="0.00" fuel="0.00" electricity="0.00" noise="68.98" route="routebottom" type="cfm-fast" waiting="0.00" lane="bottom_0" pos="44.22" speed="22.40" angle="14.95" x="131.12" y="51.21"/>
        <vehicle id="cfm-slow_0" eclass="HBEFA3/PC_G_EU4" CO2="7532.91" CO="79.15" HC="0.54" NOx="3.00" PMx="0.15" fuel="3.24" electricity="0.00" noise="70.54" route="routebottom" type="cfm-slow" waiting="0.00" lane="right_0" pos="8.84" speed="20.36" angle="348.49" x="129.63" y="82.53"/>
        <vehicle id="cfm-slow_1" eclass="HBEFA3/PC_G_EU4" CO2="8880.89" CO="106.77" HC="0.70" NOx="3.63" PMx="0.18" fuel="3.82" electricity="0.00" noise="71.32" route="routebottom" type="cfm-slow" waiting="0.00" lane="right_0" pos="24.84" speed="20.60" angle="319.77" x="112.40" y="111.93"/>
        <vehicle id="cfm-slow_2" eclass="HBEFA3/PC_G_EU4" CO2="10968.72" CO="149.63" HC="0.95" NOx="4.60" PMx="0.24" fuel="4.71" electricity="0.00" noise="72.60" route="routebottom" type="cfm-slow" waiting="0.00" lane="right_0" pos="41.11" speed="21.08" angle="290.56" x="82.65" y="129.60"/>
        <vehicle id="cfm-slow_3" eclass="HBEFA3/PC_G_EU4" CO2="13642.78" CO="204.92" HC="1.27" NOx="5.84" PMx="0.31" fuel="5.86" electricity="0.00" noise="74.31" route="routetop" type="cfm-slow" waiting="0.00" lane="top_0" pos="7.87" speed="21.91" angle="260.25" x="46.80" y="130.16"/>
        <vehicle id="cfm-slow_4" eclass="HBEFA3/PC_G_EU4" CO2="16532.08" CO="265.81" HC="1.62" NOx="7.18" PMx="0.39" fuel="7.11" electricity="0.00" noise="76.14" route="routetop" type="cfm-slow" waiting="0.00" lane="top_0" pos="25.51" speed="23.14" angle="228.58" x="14.38" y="111.39"/>
        <vehicle id="cfm-slow_5" eclass="HBEFA3/PC_G_EU4" CO2="19277.55" CO="325.93" HC="1.96" NOx="8.44" PMx="0.46" fuel="8.29" electricity="0.00" noise="77.77" route="routetop" type="cfm-slow" waiting="0.00" lane="top_0" pos="44.40" speed="24.69" angle="194.64" x="-3.87" y="75.74"/>
    </timestep>
    <timestep time="3.90">
        <vehicle id="cfm-fast_0" eclass="HBEFA3/PC_G_EU4" CO2="20573.84" CO="359.31" HC="2.15" NOx="9.01" PMx="0.50" fuel="8.84" electricity="0.00" noise="78.49" route="routetop" type="cfm-fast" waiting="0.00" lane="left_0" pos="15.15" speed="26.50" angle="157.17" x="2.70" y="32.19"/>
        <vehicle id="cfm-fast_1" eclass="HBEFA3/PC_G_EU4" CO2="16650.03" CO="286.53" HC="1.72" NOx="7.13" PMx="0.40" fuel="7.16" electricity="0.00" noise="76.71" route="routetop" type="cfm-fast" waiting="0.00" lane="left_0" pos="33.60" speed="28.06" angle="124.08" x="29.82" y="3.98"/>
        <vehicle id="cfm-fast_2" eclass="HBEFA3/PC_G_EU4" CO2="0.00" CO="0.00" HC="0.00" NOx="0.00" PMx="0.00" fuel="0.00" electricity="0.00" noise="72.55" route="routebottom" type="cfm-fast" waiting="0.00" lane="bottom_0" pos="3.62" speed="28.79" angle="88.00" x="71.54" y="-4.49"/>
        <vehicle id="cfm-fast_3" eclass="HBEFA3/PC_G_EU4" CO2="0.00" CO="0.00" HC="0.00" NOx="0.00" PMx="0.00" fuel="0.00" electricity="0.00" noise="70.80" route="routebottom" type="cfm-fast" waiting="0.00" lane="bottom_0" pos="24.28" speed="27.23" angle="50.78" x="111.08" y="14.08"/>
        <vehicle id="cfm-fast_4" eclass="HBEFA3/PC_G_EU4" CO2="205272.61" CO="4568.08" HC="25.96" NOx="95.65" PMx="5.51" fuel="88.24" electricity="0.00" noise="140.31" route="routebottom" type="cfm-fast" waiting="0.00" lane="right_1" pos="12.11" speed="52.78" angle="342.66" x="124.28" y="87.92"/>
        <vehicle id="cfm-fast_5" eclass="HBEFA3/PC_G_EU4" CO2="0.00" CO="0.00" HC="0.00" NOx="0.00" PMx="0.00" fuel="0.00" electricity="0.00" noise="68.98" route="routebottom" type="cfm-fast" waiting="0.00" lane="bottom_0" pos="44.45" speed="22.39" angle="14.53" x="131.21" y="51.68"/>
        <vehicle id="cfm-slow_0" eclass="HBEFA3/PC_G_EU4" CO2="7519.92" CO="78.88" HC="0.54" NOx="2.99" PMx="0.15" fuel="3.23" electricity="0.00" noise="70.54" route="routebottom" type="cfm-slow" waiting="0.00" lane="right_0" pos="9.04" speed="20.37" angle="348.17" x="129.50" y="82.95"/>
        <vehicle id="cfm-slow_1" eclass="HBEFA3/PC_G_EU4" CO2="8874.97" CO="106.64" HC="0.70" NOx="3.63" PMx="0.18" fuel="3.81" electricity="0.00" noise="71.32" route="routebottom" type="cfm-slow" waiting="0.00" lane="right_0" pos="25.05" speed="20.61" angle="319.39" x="112.09" y="112.24"/>
        <vehicle id="cfm-slow_2" eclass="HBEFA3/PC_G_EU4" CO2="10968.27" CO="149.62" HC="0.95" NOx="4.60" PMx="0.24" fuel="4.71" electricity="0.00" noise="72.60" route="routebottom" type="cfm-slow" waiting="0.00" lane="right_0" pos="41.32" speed="21.10" angle="290.18" x="82.21" y="129.71"/>
        <vehicle id="cfm-slow_3" eclass="HBEFA3/PC_G_EU4" CO2="13644.03" CO="204.96" HC="1.27" NOx="5.85" PMx="0.31" fuel="5.86" electricity="0.00" noise="74.31" route="routetop" type="cfm-slow" waiting="0.00" lane="top_0" pos="8.09" speed="21.93" angle="259.85" x="46.35" y="130.04"/>
        <vehicle id="cfm-slow_4" eclass="HBEFA3/PC_G_EU4" CO2="16531.22" CO="265.83" HC="1.62" NOx="7.18" PMx="0.39" fuel="7.11" electricity="0.00" noise="76.13" route="routetop" type="cfm-slow" waiting="0.00" lane="top_0" pos="25.74" speed="23.16" angle="228.21" x="14.04" y="111.04"/>
        <vehicle id="cfm-slow_5" eclass="HBEFA3/PC_G_EU4" CO2="19263.22" CO="325.70" HC="1.96" NOx="8.43" PMx="0.46" fuel="8.28" electricity="0.00" noise="77.76" route="routetop" type="cfm-slow" waiting="0.00" lane="top_0" pos="44.65" speed="24.72" angle="194.18" x="-3.97" y="75.22"/>
    </timestep>
    <timestep time="3.91">
        <vehicle id="cfm-fast_0" eclass="HBEFA3/PC_G_EU4" CO2="20502.15" CO="357.93" HC="2.14" NOx="8.98" PMx="0.50" fuel="8.81" electricity="0.00" noise="78.45" route="routetop" type="cfm-fast" waiting="0.00" lane="left_0" pos="15.42" speed="26.52" angle="156.74" x="2.96" y="31.69"/>
        <vehicle id="cfm-fast_1" eclass="HBEFA3/PC_G_EU4" CO2="16461.11" CO="282.73" HC="1.70" NOx="7.04" PMx="0.40" fuel="7.08" electricity="0.00" noise="76.63" route="routetop" type="cfm-fast" waiting="0.00" lane="left_0" pos="33.88" speed="28.08" angle="123.57" x="30.35" y="3.69"/>
        <vehicle id="cfm-fast_2" eclass="HBEFA3/PC_G_EU4" CO2="0.00" CO="0.00" HC="0.00" NOx="0.00" PMx="0.00" fuel="0.00" electricity="0.00" noise="72.52" route="routebottom" type="cfm-fast" waiting="0.00" lane="bottom_0" pos="3.91" speed="28.78" angle="87.50" x="72.15" y="-4.42"/>
        <vehicle id="cfm-fast_3" eclass="HBEFA3/PC_G_EU4" CO2="0.00" CO="0.00" HC="0.00" NOx="0.00" PMx="0.00" fuel="0.00" electricity="0.00" noise="70.78" route="routebottom" type="cfm-fast" waiting="0.00" lane="bottom_0" pos="24.56" speed="27.21" angle="50.31" x="111.49" y="14.48"/>
        <vehicle id="cfm-fast_4" eclass="HBEFA3/PC_G_EU4" CO2="205852.78" CO="4583.63" HC="26.04" NOx="95.92" PMx="5.53" fuel="88.49" electricity="0.00" noise="140.38" route="routebottom" type="cfm-fast" waiting="0.00" lane="right_1" pos="12.64" speed="52.92" angle="341.73" x="123.88" y="88.93"/>
        <vehicle id="cfm-fast_5" eclass="HBEFA3/PC_G_EU4" CO2="0.00" CO="0.00" HC="0.00" NOx="0.00" PMx="0.00" fuel="0.00" electricity="0.00" noise="68.98" route="routebottom" type="cfm-fast" waiting="0.00" lane="bottom_0" pos="44.67" speed="22.38" angle="14.10" x="131.30" y="52.16"/>
        <vehicle id="cfm-slow_0" eclass="HBEFA3/PC_G_EU4" CO2="7507.22" CO="78.61" HC="0.54" NOx="2.99" PMx="0.15" fuel="3.23" electricity="0.00" noise="70.54" route="routebottom" type="cfm-slow" waiting="0.00" lane="right_0" pos="9.25" speed="20.38" angle="347.80" x="129.38" y="83.37"/>
        <vehicle id="cfm-slow_1" eclass="HBEFA3/PC_G_EU4" CO2="8869.32" CO="106.52" HC="0.70" NOx="3.62" PMx="0.18" fuel="3.81" electricity="0.00" noise="71.32" route="routebottom" type="cfm-slow" waiting="0.00" lane="right_0" pos="25.26" speed="20.62" angle="319.01" x="111.77" y="112.56"/>
        <vehicle id="cfm-slow_2" eclass="HBEFA3/PC_G_EU4" CO2="10968.06" CO="149.61" HC="0.95" NOx="4.60" PMx="0.24" fuel="4.71" electricity="0.00" noise="72.61" route="routebottom" type="cfm-slow" waiting="0.00" lane="right_0" pos="41.53" speed="21.11" angle="289.79" x="81.77" y="129.83"/>
        <vehicle id="cfm-slow_3" eclass="HBEFA3/PC_G_EU4" CO2="13645.49" CO="205.00" HC="1.27" NOx="5.85" PMx="0.31" fuel="5.87" electricity="0.00" noise="74.31" route="routetop" type="cfm-slow" waiting="0.00" lane="top_0" pos="8.31" speed="21.95" angle="259.45" x="45.89" y="129.92"/>
        <vehicle id="cfm-slow_4" eclass="HBEFA3/PC_G_EU4" CO2="16530.46" CO="265.85" HC="1.62" NOx="7.18" PMx="0.39" fuel="7.11" electricity="0.00" noise="76.13" route="routetop" type="cfm-slow" waiting="0.00" lane="top_0" pos="25.97" speed="23.18" angle="227.78" x="13.70" y="110.67"/>
        <vehicle id="cfm-slow_5" eclass="HBEFA3/PC_G_EU4" CO2="19248.62" CO="325.47" HC="1.96" NOx="8.43" PMx="0.46" fuel="8.27" electricity="0.00" noise="77.75" route="routetop" type="cfm-slow" waiting="0.00" lane="top_0" pos="44.90" speed="24.74" angle="193.79" x="-4.06" y="74.69"/>
    </timestep>
    <timestep time="3.92">
        <vehicle id="cfm-fast_0" eclass="HBEFA3/PC_G_EU4" CO2="20429.67" CO="356.54" HC="2.13" NOx="8.94" PMx="0.50" fuel="8.78" electricity="0.00" noise="78.41" route="routetop" type="cfm-fast" waiting="0.00" lane="left_0" pos="15.68" speed="26.54" angle="156.25" x="3.23" y="31.19"/>
        <vehicle id="cfm-fast_1" eclass="HBEFA3/PC_G_EU4" CO2="16272.15" CO="278.93" HC="1.68" NOx="6.95" PMx="0.39" fuel="6.99" electricity="0.00" noise="76.55" route="routetop" type="cfm-fast" waiting="0.00" lane="left_0" pos="34.16" speed="28.09" angle="123.05" x="30.88" y="3.40"/>
        <vehicle id="cfm-fast_2" eclass="HBEFA3/PC_G_EU4" CO2="0.00" CO="0.00" HC="0.00" NOx="0.00" PMx="0.00" fuel="0.00" electricity="0.00" noise="72.49" route="routebottom" type="cfm-fast" waiting="0.00" lane="bottom_0" pos="4.20" speed="28.78" angle="86.97" x="72.76" y="-4.33"/>
        <vehicle id="cfm-fast_3" eclass="HBEFA3/PC_G_EU4" CO2="0.00" CO="0.00" HC="0.00" NOx="0.00" PMx="0.00" fuel="0.00" electricity="0.00" noise="70.77" route="routebottom" type="cfm-fast" waiting="0.00" lane="bottom_0" pos="24.83" speed="27.18" angle="49.80" x="111.91" y="14.90"/>
        <vehicle id="cfm-fast_4" eclass="HBEFA3/PC_G_EU4" CO2="206433.24" CO="4599.21" HC="26.13" NOx="96.19" PMx="5.55" fuel="88.74" electricity="0.00" noise="140.44" route="routebottom" type="cfm-fast" waiting="0.00" lane="right_1" pos="13.17" speed="53.06" angle="340.80" x="123.45" y="89.93"/>
        <vehicle id="cfm-fast_5" eclass="HBEFA3/PC_G_EU4" CO2="0.00" CO="0.00" HC="0.00" NOx="0.00" PMx="0.00" fuel="0.00" electricity="0.00" noise="68.98" route="routebottom" type="cfm-fast" waiting="0.00" lane="bottom_0" pos="44.89" speed="22.37" angle="13.75" x="131.38" y="52.63"/>
        <vehicle id="cfm-slow_0" eclass="HBEFA3/PC_G_EU4" CO2="7494.81" CO="78.35" HC="0.54" NOx="2.98" PMx="0.15" fuel="3.22" electricity="0.00" noise="70.53" route="routebottom" type="cfm-slow" waiting="0.00" lane="right_0" pos="9.45" speed="20.38" angle="347.44" x="129.25" y="83.79"/>
        <vehicle id="cfm-slow_1" eclass="HBEFA3/PC_G_EU4" CO2="8863.94" CO="106.40" HC="0.70" NOx="3.62" PMx="0.18" fuel="3.81" electricity="0.00" noise="71.32" route="routebottom" type="cfm-slow" waiting="0.00" lane="right_0" pos="25.46" speed="20.63" angle="318.63" x="111.46" y="112.87"/>
        <vehicle id="cfm-slow_2" eclass="HBEFA3/PC_G_EU4" CO2="10968.07" CO="149.61" HC="0.95" NOx="4.60" PMx="0.24" fuel="4.71" electricity="0.00" noise="72.61" route="routebottom" type="cfm-slow" waiting="0.00" lane="right_0" pos="41.74" speed="21.12" angle="289.41" x="81.33" y="129.95"/>
        <vehicle id="cfm-slow_3" eclass="HBEFA3/PC_G_EU4" CO2="13647.13" CO="205.05" HC="1.27" NOx="5.85" PMx="0.31" fuel="5.87" electricity="0.00" noise="74.32" route="routetop" type="cfm-slow" waiting="0.00" lane="top_0" pos="8.53" speed="21.97" angle="259.05" x="45.44" y="129.80"/>
        <vehicle id="cfm-slow_4" eclass="HBEFA3/PC_G_EU4" CO2="16529.80" CO="265.87" HC="1.62" NOx="7.18" PMx="0.39" fuel="7.11" electricity="0.00" noise="76.13" route="routetop" type="cfm-slow" waiting="0.00" lane="top_0" pos="26.20" speed="23.20" angle="227.35" x="13.36" y="110.30"/>
        <vehicle id="cfm-slow_5" eclass="HBEFA3/PC_G_EU4" CO2="19233.74" CO="325.23" HC="1.96" NOx="8.42" PMx="0.46" fuel="8.27" electricity="0.00" noise="77.74" route="routetop" type="cfm-slow" waiting="0.00" lane="top_0" pos="45.14" speed="24.76" angle="193.34" x="-4.14" y="74.16"/>
    </timestep>
    <timestep time="3.93">
        <vehicle id="cfm-fast_0" eclass="HBEFA3/PC_G_EU4" CO2="20356.41" CO="355.14" HC="2.12" NOx="8.91" PMx="0.49" fuel="8.75" electricity="0.00" noise="78.37" route="routetop" type="cfm-fast" waiting="0.00" lane="left_0" pos="15.95" speed="26.56" angle="155.76" x="3.51" y="30.69"/>
        <vehicle id="cfm-fast_1" eclass="HBEFA3/PC_G_EU4" CO2="16083.17" CO="275.12" HC="1.66" NOx="6.86" PMx="0.39" fuel="6.91" electricity="0.00" noise="76.47" route="routetop" type="cfm-fast" waiting="0.00" lane="left_0" pos="34.44" speed="28.11" angle="122.53" x="31.41" y="3.11"/>
        <vehicle id="cfm-fast_2" eclass="HBEFA3/PC_G_EU4" CO2="0.00" CO="0.00" HC="0.00" NOx="0.00" PMx="0.00" fuel="0.00" electricity="0.00" noise="72.46" route="routebottom" type="cfm-fast" waiting="0.00" lane="bottom_0" pos="4.49" speed="28.77" angle="86.45" x="73.38" y="-4.25"/>
        <vehicle id="cfm-fast_3" eclass="HBEFA3/PC_G_EU4" CO2="0.00" CO="0.00" HC="0.00" NOx="0.00" PMx="0.00" fuel="0.00" electricity="0.00" noise="70.76" route="routebottom" type="cfm-fast" waiting="0.00" lane="bottom_0" pos="25.10" speed="27.15" angle="49.30" x="112.32" y="15.31"/>
        <vehicle id="cfm-fast_4" eclass="HBEFA3/PC_G_EU4" CO2="207013.99" CO="4614.81" HC="26.21" NOx="96.47" PMx="5.56" fuel="88.98" electricity="0.00" noise="140.51" route="routebottom" type="cfm-fast" waiting="0.00" lane="right_1" pos="13.70" speed="53.19" angle="339.80" x="123.00" y="90.93"/>
        <vehicle id="cfm-fast_5" eclass="HBEFA3/PC_G_EU4" CO2="0.00" CO="0.00" HC="0.00" NOx="0.00" PMx="0.00" fuel="0.00" electricity="0.00" noise="68.97" route="routebottom" type="cfm-fast" waiting="0.00" lane="bottom_0" pos="45.12" speed="22.37" angle="13.35" x="131.45" y="53.11"/>
        <vehicle id="cfm-slow_0" eclass="HBEFA3/PC_G_EU4" CO2="7482.68" CO="78.09" HC="0.54" NOx="2.97" PMx="0.15" fuel="3.22" electricity="0.00" noise="70.53" route="routebottom" type="cfm-slow" waiting="0.00" lane="right_0" pos="9.65" speed="20.39" angle="347.07" x="129.12" y="84.21"/>
        <vehicle id="cfm-slow_1" eclass="HBEFA3/PC_G_EU4" CO2="8858.82" CO="106.29" HC="0.70" NOx="3.62" PMx="0.18" fuel="3.81" electricity="0.00" noise="71.32" route="routebottom" type="cfm-slow" waiting="0.00" lane="right_0" pos="25.67" speed="20.64" angle="318.31" x="111.14" y="113.18"/>
        <vehicle id="cfm-slow_2" eclass="HBEFA3/PC_G_EU4" CO2="10968.32" CO="149.62" HC="0.95" NOx="4.60" PMx="0.24" fuel="4.71" electricity="0.00" noise="72.61" route="routebottom" type="cfm-slow" waiting="0.00" lane="right_0" pos="41.95" speed="21.14" angle="289.03" x="80.89" y="130.07"/>
        <vehicle id="cfm-slow_3" eclass="HBEFA3/PC_G_EU4" CO2="13648.97" CO="205.10" HC="1.27" NOx="5.85" PMx="0.31" fuel="5.87" electricity="0.00" noise="74.32" route="routetop" type="cfm-slow" waiting="0.00" lane="top_0" pos="8.75" speed="21.99" angle="258.64" x="44.98" y="129.68"/>
        <vehicle id="cfm-slow_4" eclass="HBEFA3/PC_G_EU4" CO2="16529.23" CO="265.89" HC="1.62" NOx="7.18" PMx="0.39" fuel="7.11" electricity="0.00" noise="76.14" route="routetop" type="cfm-slow" waiting="0.00" lane="top_0" pos="26.44" speed="23.22" angle="226.92" x="13.02" y="109.94"/>
        <vehicle id="cfm-slow_5" eclass="HBEFA3/PC_G_EU4" CO2="19218.58" CO="324.99" HC="1.96" NOx="8.41" PMx="0.46" fuel="8.26" electricity="0.00" noise="77.74" route="routetop" type="cfm-slow" waiting="0.00" lane="top_0" pos="45.39" speed="24.79" angle="192.88" x="-4.21" y="73.64"/>
    </timestep>
    <timestep time="3.94">
        <vehicle id="cfm-fast_0" eclass="HBEFA3/PC_G_EU4" CO2="20282.38" CO="353.71" HC="2.12" NOx="8.87" PMx="0.49" fuel="8.72" electricity="0.00" noise="78.33" route="routetop" type="cfm-fast" waiting="0.00" lane="left_0" pos="16.21" speed="26.59" angle="155.27" x="3.78" y="30.18"/>
        <vehicle id="cfm-fast_1" eclass="HBEFA3/PC_G_EU4" CO2="15894.20" CO="271.32" HC="1.63" NOx="6.77" PMx="0.38" fuel="6.83" electricity="0.00" noise="76.39" route="routetop" type="cfm-fast" waiting="0.00" lane="left_0" pos="34.72" speed="28.12" angle="122.08" x="31.95" y="2.82"/>
        <vehicle id="cfm-fast_2" eclass="HBEFA3/PC_G_EU4" CO2="0.00" CO="0.00" HC="0.00" NOx="0.00" PMx="0.00" fuel="0.00" electricity="0.00" noise="72.44" route="routebottom" type="cfm-fast" waiting="0.00" lane="bottom_0" pos="4.77" speed="28.76" angle="85.93" x="73.99" y="-4.16"/>
        <vehicle id="cfm-fast_3" eclass="HBEFA3/PC_G_EU4" CO2="0.00" CO="0.00" HC="0.00" NOx="0.00" PMx="0.00" fuel="0.00" electricity="0.00" noise="70.74" route="routebottom" type="cfm-fast" waiting="0.00" lane="bottom_0" pos="25.37" speed="27.13" angle="48.79" x="112.73" y="15.72"/>
        <vehicle id="cfm-fast_4" eclass="HBEFA3/PC_G_EU4" CO2="207595.04" CO="4630.43" HC="26.30" NOx="96.74" PMx="5.58" fuel="89.23" electricity="0.00" noise="140.58" route="routebottom" type="cfm-fast" waiting="0.00" lane="right_1" pos="14.24" speed="53.33" angle="338.86" x="122.54" y="91.92"/>
        <vehicle id="cfm-fast_5" eclass="HBEFA3/PC_G_EU4" CO2="0.00" CO="0.00" HC="0.00" NOx="0.00" PMx="0.00" fuel="0.00" electricity="0.00" noise="68.97" route="routebottom" type="cfm-fast" waiting="0.00" lane="bottom_0" pos="45.34" speed="22.36" angle="12.94" x="131.52" y="53.58"/>
        <vehicle id="cfm-slow_0" eclass="HBEFA3/PC_G_EU4" CO2="7470.83" CO="77.85" HC="0.54" NOx="2.97" PMx="0.15" fuel="3.21" electricity="0.00" noise="70.53" route="routebottom" type="cfm-slow" waiting="0.00" lane="right_0" pos="9.86" speed="20.40" angle="346.70" x="128.99" y="84.63"/>
        <vehicle id="cfm-slow_1" eclass="HBEFA3/PC_G_EU4" CO2="8853.97" CO="106.19" HC="0.70" NOx="3.61" PMx="0.18" fuel="3.81" electricity="0.00" noise="71.32" route="routebottom" type="cfm-slow" waiting="0.00" lane="right_0" pos="25.88" speed="20.65" angle="317.93" x="110.82" y="113.48"/>
        <vehicle id="cfm-slow_2" eclass="HBEFA3/PC_G_EU4" CO2="10968.79" CO="149.63" HC="0.95" NOx="4.60" PMx="0.24" fuel="4.71" electricity="0.00" noise="72.61" route="routebottom" type="cfm-slow" waiting="0.00" lane="right_0" pos="42.16" speed="21.15" angle="288.64" x="80.45" y="130.18"/>
        <vehicle id="cfm-slow_3" eclass="HBEFA3/PC_G_EU4" CO2="13651.00" CO="205.15" HC="1.27" NOx="5.85" PMx="0.31" fuel="5.87" electricity="0.00" noise="74.32" route="routetop" type="cfm-slow" waiting="0.00" lane="top_0" pos="8.97" speed="22.00" angle="258.30" x="44.52" y="129.55"/>
        <vehicle id="cfm-slow_4" eclass="HBEFA3/PC_G_EU4" CO2="16528.74" CO="265.92" HC="1.62" NOx="7.18" PMx="0.39" fuel="7.10" electricity="0.00" noise="76.14" route="routetop" type="cfm-slow" waiting="0.00" lane="top_0" pos="26.67" speed="23.24" angle="226.49" x="12.69" y="109.57"/>
        <vehicle id="cfm-slow_5" eclass="HBEFA3/PC_G_EU4" CO2="19203.13" CO="324.74" HC="1.96" NOx="8.40" PMx="0.46" fuel="8.25" electricity="0.00" noise="77.73" route="routetop" type="cfm-slow" waiting="0.00" lane="top_0" pos="45.64" speed="24.81" angle="192.42" x="-4.29" y="73.11"/>
    </timestep>
    <timestep time="3.95">
        <vehicle id="cfm-fast_0" eclass="HBEFA3/PC_G_EU4" CO2="20207.58" CO="352.28" HC="2.11" NOx="8.84" PMx="0.49" fuel="8.69" electricity="0.00" noise="78.29" route="routetop" type="cfm-fast" waiting="0.00" lane="left_0" pos="16.48" speed="26.61" angle="154.78" x="4.06" y="29.68"/>
        <vehicle id="cfm-fast_1" eclass="HBEFA3/PC_G_EU4" CO2="15705.25" CO="267.51" HC="1.61" NOx="6.68" PMx="0.38" fuel="6.75" electricity="0.00" noise="76.31" route="routetop" type="cfm-fast" waiting="0.00" lane="left_0" pos="35.00" speed="28.13" angle="121.55" x="32.49" y="2.55"/>
        <vehicle id="cfm-fast_2" eclass="HBEFA3/PC_G_EU4" CO2="0.00" CO="0.00" HC="0.00" NOx="0.00" PMx="0.00" fuel="0.00" electricity="0.00" noise="72.41" route="routebottom" type="cfm-fast" waiting="0.00" lane="bottom_0" pos="5.06" speed="28.76" angle="85.36" x="74.60" y="-4.08"/>
        <vehicle id="cfm-fast_3" eclass="HBEFA3/PC_G_EU4" CO2="0.00" CO="0.00" HC="0.00" NOx="0.00" PMx="0.00" fuel="0.00" electricity="0.00" noise="70.73" route="routebottom" type="cfm-fast" waiting="0.00" lane="bottom_0" pos="25.64" speed="27.10" angle="48.35" x="113.15" y="16.14"/>
        <vehicle id="cfm-fast_4" eclass="HBEFA3/PC_G_EU4" CO2="208176.38" CO="4646.08" HC="26.39" NOx="97.01" PMx="5.60" fuel="89.48" electricity="0.00" noise="140.64" route="routebottom" type="cfm-fast" waiting="0.00" lane="right_1" pos="14.77" speed="53.47" angle="337.86" x="122.05" y="92.90"/>
        <vehicle id="cfm-fast_5" eclass="HBEFA3/PC_G_EU4" CO2="0.00" CO="0.00" HC="0.00" NOx="0.00" PMx="0.00" fuel="0.00" electricity="0.00" noise="68.97" route="routebottom" type="cfm-fast" waiting="0.00" lane="bottom_0" pos="45.56" speed="22.35" angle="12.54" x="131.59" y="54.06"/>
        <vehicle id="cfm-slow_0" eclass="HBEFA3/PC_G_EU4" CO2="7459.26" CO="77.60" HC="0.54" NOx="2.96" PMx="0.14" fuel="3.21" electricity="0.00" noise="70.53" route="routebottom" type="cfm-slow" waiting="0.00" lane="right_0" pos="10.06" speed="20.41" angle="346.33" x="128.86" y="85.05"/>
        <vehicle id="cfm-slow_1" eclass="HBEFA3/PC_G_EU4" CO2="8849.38" CO="106.09" HC="0.70" NOx="3.61" PMx="0.18" fuel="3.80" electricity="0.00" noise="71.32" route="routebottom" type="cfm-slow" waiting="0.00" lane="right_0" pos="26.08" speed="20.66" angle="317.55" x="110.49" y="113.79"/>
        <vehicle id="cfm-slow_2" eclass="HBEFA3/PC_G_EU4" CO2="10969.48" CO="149.64" HC="0.95" NOx="4.60" PMx="0.24" fuel="4.72" electricity="0.00" noise="72.62" route="routebottom" type="cfm-slow" waiting="0.00" lane="right_0" pos="42.37" speed="21.17" angle="288.31" x="80.01" y="130.30"/>
        <vehicle id="cfm-slow_3" eclass="HBEFA3/PC_G_EU4" CO2="13653.21" CO="205.21" HC="1.27" NOx="5.85" PMx="0.31" fuel="5.87" electricity="0.00" noise="74.33" route="routetop" type="cfm-slow" waiting="0.00" lane="top_0" pos="9.19" speed="22.02" angle="257.90" x="44.07" y="129.41"/>
        <vehicle id="cfm-slow_4" eclass="HBEFA3/PC_G_EU4" CO2="16528.34" CO="265.95" HC="1.62" NOx="7.18" PMx="0.39" fuel="7.10" electricity="0.00" noise="76.14" route="routetop" type="cfm-slow" waiting="0.00" lane="top_0" pos="26.90" speed="23.26" angle="226.11" x="12.35" y="109.20"/>
        <vehicle id="cfm-slow_5" eclass="HBEFA3/PC_G_EU4" CO2="19187.38" CO="324.49" HC="1.95" NOx="8.39" PMx="0.46" fuel="8.25" electricity="0.00" noise="77.72" route="routetop" type="cfm-slow" waiting="0.00" lane="top_0" pos="45.89" speed="24.83" angle="191.97" x="-4.36" y="72.58"/>
    </timestep>
    <timestep time="3.96">
        <vehicle id="cfm-fast_0" eclass="HBEFA3/PC_G_EU4" CO2="20132.01" CO="350.82" HC="2.10" NOx="8.80" PMx="0.49" fuel="8.65" electricity="0.00" noise="78.25" route="routetop" type="cfm-fast" waiting="0.00" lane="left_0" pos="16.75" speed="26.63" angle="154.35" x="4.34" y="29.19"/>
        <vehicle id="cfm-fast_1" eclass="HBEFA3/PC_G_EU4" CO2="15516.34" CO="263.70" HC="1.59" NOx="6.59" PMx="0.37" fuel="6.67" electricity="0.00" noise="76.24" route="routetop" type="cfm-fast" waiting="0.00" lane="left_0" pos="35.28" speed="28.15" angle="121.03" x="33.03" y="2.28"/>
        <vehicle id="cfm-fast_2" eclass="HBEFA3/PC_G_EU4" CO2="0.00" CO="0.00" HC="0.00" NOx="0.00" PMx="0.00" fuel="0.00" electricity="0.00" noise="72.38" route="routebottom" type="cfm-fast" waiting="0.00" lane="bottom_0" pos="5.35" speed="28.75" angle="84.85" x="75.21" y="-3.97"/>
        <vehicle id="cfm-fast_3" eclass="HBEFA3/PC_G_EU4" CO2="0.00" CO="0.00" HC="0.00" NOx="0.00" PMx="0.00" fuel="0.00" electricity="0.00" noise="70.71" route="routebottom" type="cfm-fast" waiting="0.00" lane="bottom_0" pos="25.91" speed="27.07" angle="47.86" x="113.54" y="16.56"/>
        <vehicle id="cfm-fast_4" eclass="HBEFA3/PC_G_EU4" CO2="208758.01" CO="4661.74" HC="26.47" NOx="97.28" PMx="5.61" fuel="89.73" electricity="0.00" noise="140.71" route="routebottom" type="cfm-fast" waiting="0.00" lane="right_1" pos="15.31" speed="53.60" angle="336.89" x="121.56" y="93.88"/>
        <vehicle id="cfm-fast_5" eclass="HBEFA3/PC_G_EU4" CO2="0.00" CO="0.00" HC="0.00" NOx="0.00" PMx="0.00" fuel="0.00" electricity="0.00" noise="68.97" route="routebottom" type="cfm-fast" waiting="0.00" lane="bottom_0" pos="45.79" speed="22.34" angle="12.13" x="131.66" y="54.53"/>
        <vehicle id="cfm-slow_0" eclass="HBEFA3/PC_G_EU4" CO2="7447.97" CO="77.37" HC="0.53" NOx="2.96" PMx="0.14" fuel="3.20" electricity="0.00" noise="70.52" route="routebottom" type="cfm-slow" waiting="0.00" lane="right_0" pos="10.27" speed="20.42" angle="346.03" x="128.73" y="85.47"/>
        <vehicle id="cfm-slow_1" eclass="HBEFA3/PC_G_EU4" CO2="8845.05" CO="106.00" HC="0.70" NOx="3.61" PMx="0.18" fuel="3.80" electricity="0.00" noise="71.32" route="routebottom" type="cfm-slow" waiting="0.00" lane="right_0" pos="26.29" speed="20.67" angle="317.18" x="110.17" y="114.09"/>
        <vehicle id="cfm-slow_2" eclass="HBEFA3/PC_G_EU4" CO2="10970.40" CO="149.66" HC="0.95" NOx="4.60" PMx="0.24" fuel="4.72" electricity="0.00" noise="72.62" route="routebottom" type="cfm-slow" waiting="0.00" lane="right_0" pos="42.58" speed="21.18" angle="287.93" x="79.57" y="130.40"/>
        <vehicle id="cfm-slow_3" eclass="HBEFA3/PC_G_EU4" CO2="13655.61" CO="205.27" HC="1.27" NOx="5.85" PMx="0.31" fuel="5.87" electricity="0.00" noise="74.33" route="routetop" type="cfm-slow" waiting="0.00" lane="top_0" pos="9.41" speed="22.04" angle="257.50" x="43.62" y="129.27"/>
        <vehicle id="cfm-slow_4" eclass="HBEFA3/PC_G_EU4" CO2="16528.01" CO="265.98" HC="1.62" NOx="7.17" PMx="0.39" fuel="7.10" electricity="0.00" noise="76.14" route="routetop" type="cfm-slow" waiting="0.00" lane="top_0" pos="27.13" speed="23.28" angle="225.68" x="12.02" y="108.82"/>
        <vehicle id="cfm-slow_5" eclass="HBEFA3/PC_G_EU4" CO2="19171.33" CO="324.23" HC="1.95" NOx="8.39" PMx="0.46" fuel="8.24" electricity="0.00" noise="77.71" route="routetop" type="cfm-slow" waiting="0.00" lane="top_0" pos="46.14" speed="24.86" angle="191.54" x="-4.43" y="72.05"/>
    </timestep>
    <timestep time="3.97">
        <vehicle id="cfm-fast_0" eclass="HBEFA3/PC_G_EU4" CO2="20055.68" CO="349.35" HC="2.09" NOx="8.76" PMx="0.49" fuel="8.62" electricity="0.00" noise="78.21" route="routetop" type="cfm-fast" waiting="0.00" lane="left_0" pos="17.01" speed="26.65" angle="153.86" x="4.64" y="28.69"/>
        <vehicle id="cfm-fast_1" eclass="HBEFA3/PC_G_EU4" CO2="15327.49" CO="259.90" HC="1.57" NOx="6.50" PMx="0.37" fuel="6.59" electricity="0.00" noise="76.16" route="routetop" type="cfm-fast" waiting="0.00" lane="left_0" pos="35.56" speed="28.16" angle="120.51" x="33.57" y="2.01"/>
        <vehicle id="cfm-fast_2" eclass="HBEFA3/PC_G_EU4" CO2="0.00" CO="0.00" HC="0.00" NOx="0.00" PMx="0.00" fuel="0.00" electricity="0.00" noise="72.35" route="routebottom" type="cfm-fast" waiting="0.00" lane="bottom_0" pos="5.64" speed="28.74" angle="84.33" x="75.82" y="-3.86"/>
        <vehicle id="cfm-fast_3" eclass="HBEFA3/PC_G_EU4" CO2="0.00" CO="0.00" HC="0.00" NOx="0.00" PMx="0.00" fuel="0.00" electricity="0.00" noise="70.70" route="routebottom" type="cfm-fast" waiting="0.00" lane="bottom_0" pos="26.18" speed="27.05" angle="47.36" x="113.94" y="16.99"/>
        <vehicle id="cfm-fast_4" eclass="HBEFA3/PC_G_EU4" CO2="209339.93" CO="4677.43" HC="26.56" NOx="97.55" PMx="5.63" fuel="89.98" electricity="0.00" noise="140.77" route="routebottom" type="cfm-fast" waiting="0.00" lane="right_1" pos="15.84" speed="53.74" angle="335.97" x="121.03" y="94.85"/>
        <vehicle id="cfm-fast_5" eclass="HBEFA3/PC_G_EU4" CO2="0.00" CO="0.00" HC="0.00" NOx="0.00" PMx="0.00" fuel="0.00" electricity="0.00" noise="68.97" route="routebottom" type="cfm-fast" waiting="0.00" lane="bottom_0" pos="46.01" speed="22.34" angle="11.73" x="131.73" y="55.01"/>
        <vehicle id="cfm-slow_0" eclass="HBEFA3/PC_G_EU4" CO2="7436.96" CO="77.13" HC="0.53" NOx="2.95" PMx="0.14" fuel="3.20" electricity="0.00" noise="70.52" route="routebottom" type="cfm-slow" waiting="0.00" lane="right_0" pos="10.47" speed="20.42" angle="345.64" x="128.58" y="85.88"/>
        <vehicle id="cfm-slow_1" eclass="HBEFA3/PC_G_EU4" CO2="8840.98" CO="105.91" HC="0.70" NOx="3.61" PMx="0.18" fuel="3.80" electricity="0.00" noise="71.32" route="routebottom" type="cfm-slow" waiting="0.00" lane="right_0" pos="26.50" speed="20.68" angle="316.80" x="109.84" y="114.39"/>
        <vehicle id="cfm-slow_2" eclass="HBEFA3/PC_G_EU4" CO2="10971.54" CO="149.68" HC="0.95" NOx="4.60" PMx="0.24" fuel="4.72" electricity="0.00" noise="72.62" route="routebottom" type="cfm-slow" waiting="0.00" lane="right_0" pos="42.80" speed="21.19" angle="287.54" x="79.12" y="130.50"/>
        <vehicle id="cfm-slow_3" eclass="HBEFA3/PC_G_EU4" CO2="13658.19" CO="205.34" HC="1.27" NOx="5.85" PMx="0.31" fuel="5.87" electricity="0.00" noise="74.33" route="routetop" type="cfm-slow" waiting="0.00" lane="top_0" pos="9.63" speed="22.06" angle="257.10" x="43.16" y="129.13"/>
        <vehicle id="cfm-slow_4" eclass="HBEFA3/PC_G_EU4" CO2="16527.76" CO="266.01" HC="1.62" NOx="7.17" PMx="0.39" fuel="7.10" electricity="0.00" noise="76.14" route="routetop" type="cfm-slow" waiting="0.00" lane="top_0" pos="27.37" speed="23.30" angle="225.25" x="11.69" y="108.44"/>
        <vehicle id="cfm-slow_5" eclass="HBEFA3/PC_G_EU4" CO2="19154.97" CO="323.97" HC="1.95" NOx="8.38" PMx="0.46" fuel="8.23" electricity="0.00" noise="77.70" route="routetop" type="cfm-slow" waiting="0.00" lane="top_0" pos="46.39" speed="24.88" angle="191.11" x="-4.49" y="71.52"/>
    </timestep>
    <timestep time="3.98">
        <vehicle id="cfm-fast_0" eclass="HBEFA3/PC_G_EU4" CO2="19978.59" CO="347.86" HC="2.08" NOx="8.73" PMx="0.48" fuel="8.59" electricity="0.00" noise="78.17" route="routetop" type="cfm-fast" waiting="0.00" lane="left_0" pos="17.28" speed="26.67" angle="153.37" x="4.94" y="28.20"/>
        <vehicle id="cfm-fast_1" eclass="HBEFA3/PC_G_EU4" CO2="15138.73" CO="256.09" HC="1.55" NOx="6.41" PMx="0.36" fuel="6.51" electricity="0.00" noise="76.09" route="routetop" type="cfm-fast" waiting="0.00" lane="left_0" pos="35.85" speed="28.18" angle="120.02" x="34.11" y="1.74"/>
        <vehicle id="cfm-fast_2" eclass="HBEFA3/PC_G_EU4" CO2="0.00" CO="0.00" HC="0.00" NOx="0.00" PMx="0.00" fuel="0.00" electricity="0.00" noise="72.33" route="routebottom" type="cfm-fast" waiting="0.00" lane="bottom_0" pos="5.92" speed="28.73" angle="83.80" x="76.43" y="-3.74"/>
        <vehicle id="cfm-fast_3" eclass="HBEFA3/PC_G_EU4" CO2="0.00" CO="0.00" HC="0.00" NOx="0.00" PMx="0.00" fuel="0.00" electricity="0.00" noise="70.69" route="routebottom" type="cfm-fast" waiting="0.00" lane="bottom_0" pos="26.45" speed="27.02" angle="46.87" x="114.33" y="17.42"/>
        <vehicle id="cfm-fast_4" eclass="HBEFA3/PC_G_EU4" CO2="209922.14" CO="4693.14" HC="26.64" NOx="97.83" PMx="5.65" fuel="90.23" electricity="0.00" noise="140.84" route="routebottom" type="cfm-fast" waiting="0.00" lane="right_1" pos="16.38" speed="53.88" angle="335.01" x="120.50" y="95.82"/>
        <vehicle id="cfm-fast_5" eclass="HBEFA3/PC_G_EU4" CO2="0.00" CO="0.00" HC="0.00" NOx="0.00" PMx="0.00" fuel="0.00" electricity="0.00" noise="68.97" route="routebottom" type="cfm-fast" waiting="0.00" lane="bottom_0" pos="46.23" speed="22.33" angle="11.38" x="131.79" y="55.49"/>
        <vehicle id="cfm-slow_0" eclass="HBEFA3/PC_G_EU4" CO2="7426.22" CO="76.91" HC="0.53" NOx="2.95" PMx="0.14" fuel="3.19" electricity="0.00" noise="70.52" route="routebottom" type="cfm-slow" waiting="0.00" lane="right_0" pos="10.67" speed="20.43" angle="345.25" x="128.43" y="86.29"/>
        <vehicle id="cfm-slow_1" eclass="HBEFA3/PC_G_EU4" CO2="8837.17" CO="105.83" HC="0.70" NOx="3.61" PMx="0.18" fuel="3.80" electricity="0.00" noise="71.32" route="routebottom" type="cfm-slow" waiting="0.00" lane="right_0" pos="26.70" speed="20.69" angle="316.42" x="109.51" y="114.69"/>
        <vehicle id="cfm-slow_2" eclass="HBEFA3/PC_G_EU4" CO2="10972.90" CO="149.71" HC="0.95" NOx="4.60" PMx="0.24" fuel="4.72" electricity="0.00" noise="72.63" route="routebottom" type="cfm-slow" waiting="0.00" lane="right_0" pos="43.01" speed="21.21" angle="287.16" x="78.68" y="130.60"/>
        <vehicle id="cfm-slow_3" eclass="HBEFA3/PC_G_EU4" CO2="13660.95" CO="205.41" HC="1.27" NOx="5.85" PMx="0.31" fuel="5.87" electricity="0.00" noise="74.34" route="routetop" type="cfm-slow" waiting="0.00" lane="top_0" pos="9.85" speed="22.07" angle="256.70" x="42.71" y="128.99"/>
        <vehicle id="cfm-slow_4" eclass="HBEFA3/PC_G_EU4" CO2="16527.56" CO="266.04" HC="1.62" NOx="7.17" PMx="0.39" fuel="7.10" electricity="0.00" noise="76.14" route="routetop" type="cfm-slow" waiting="0.00" lane="top_0" pos="27.60" speed="23.32" angle="224.81" x="11.37" y="108.06"/>
        <vehicle id="cfm-slow_5" eclass="HBEFA3/PC_G_EU4" CO2="19138.30" CO="323.69" HC="1.95" NOx="8.37" PMx="0.46" fuel="8.23" electricity="0.00" noise="77.69" route="routetop" type="cfm-slow" waiting="0.00" lane="top_0" pos="46.64" speed="24.90" angle="190.65" x="-4.55" y="70.98"/>
    </timestep>
    <timestep time="3.99">
        <vehicle id="cfm-fast_0" eclass="HBEFA3/PC_G_EU4" CO2="19900.74" CO="346.36" HC="2.07" NOx="8.69" PMx="0.48" fuel="8.55" electricity="0.00" noise="78.13" route="routetop" type="cfm-fast" waiting="0.00" lane="left_0" pos="17.55" speed="26.70" angle="152.88" x="5.23" y="27.71"/>
        <vehicle id="cfm-fast_1" eclass="HBEFA3/PC_G_EU4" CO2="14950.05" CO="252.28" HC="1.52" NOx="6.32" PMx="0.36" fuel="6.43" electricity="0.00" noise="76.01" route="routetop" type="cfm-fast" waiting="0.00" lane="left_0" pos="36.13" speed="28.19" angle="119.52" x="34.66" y="1.48"/>
        <vehicle id="cfm-fast_2" eclass="HBEFA3/PC_G_EU4" CO2="0.00" CO="0.00" HC="0.00" NOx="0.00" PMx="0.00" fuel="0.00" electricity="0.00" noise="72.30" route="routebottom" type="cfm-fast" waiting="0.00" lane="bottom_0" pos="6.21" speed="28.72" angle="83.28" x="77.04" y="-3.63"/>
        <vehicle id="cfm-fast_3" eclass="HBEFA3/PC_G_EU4" CO2="0.00" CO="0.00" HC="0.00" NOx="0.00" PMx="0.00" fuel="0.00" electricity="0.00" noise="70.67" route="routebottom" type="cfm-fast" waiting="0.00" lane="bottom_0" pos="26.72" speed="26.99" angle="46.38" x="114.73" y="17.84"/>
        <vehicle id="cfm-fast_4" eclass="HBEFA3/PC_G_EU4" CO2="210504.65" CO="4708.87" HC="26.73" NOx="98.10" PMx="5.66" fuel="90.49" electricity="0.00" noise="140.90" route="routebottom" type="cfm-fast" waiting="0.00" lane="right_1" pos="16.92" speed="54.01" angle="334.07" x="119.95" y="96.78"/>
        <vehicle id="cfm-fast_5" eclass="HBEFA3/PC_G_EU4" CO2="0.00" CO="0.00" HC="0.00" NOx="0.00" PMx="0.00" fuel="0.00" electricity="0.00" noise="68.96" route="routebottom" type="cfm-fast" waiting="0.00" lane="bottom_0" pos="46.46" speed="22.32" angle="10.97" x="131.84" y="55.96"/>
        <vehicle id="cfm-slow_0" eclass="HBEFA3/PC_G_EU4" CO2="7415.75" CO="76.69" HC="0.53" NOx="2.94" PMx="0.14" fuel="3.19" electricity="0.00" noise="70.52" route="routebottom" type="cfm-slow" waiting="0.00" lane="right_0" pos="10.88" speed="20.44" angle="344.86" x="128.28" y="86.71"/>
        <vehicle id="cfm-slow_1" eclass="HBEFA3/PC_G_EU4" CO2="8833.61" CO="105.75" HC="0.70" NOx="3.60" PMx="0.18" fuel="3.80" electricity="0.00" noise="71.32" route="routebottom" type="cfm-slow" waiting="0.00" lane="right_0" pos="26.91" speed="20.70" angle="316.10" x="109.19" y="115.00"/>
        <vehicle id="cfm-slow_2" eclass="HBEFA3/PC_G_EU4" CO2="10974.47" CO="149.74" HC="0.95" NOx="4.60" PMx="0.24" fuel="4.72" electricity="0.00" noise="72.63" route="routebottom" type="cfm-slow" waiting="0.00" lane="right_0" pos="43.22" speed="21.22" angle="286.77" x="78.23" y="130.70"/>
        <vehicle id="cfm-slow_3" eclass="HBEFA3/PC_G_EU4" CO2="13663.89" CO="205.48" HC="1.27" NOx="5.85" PMx="0.31" fuel="5.87" electricity="0.00" noise="74.34" route="routetop" type="cfm-slow" waiting="0.00" lane="top_0" pos="10.08" speed="22.09" angle="256.30" x="42.25" y="128.85"/>
        <vehicle id="cfm-slow_4" eclass="HBEFA3/PC_G_EU4" CO2="16527.44" CO="266.08" HC="1.62" NOx="7.17" PMx="0.39" fuel="7.10" electricity="0.00" noise="76.14" route="routetop" type="cfm-slow" waiting="0.00" lane="top_0" pos="27.83" speed="23.35" angle="224.37" x="11.04" y="107.67"/>
        <vehicle id="cfm-slow_5" eclass="HBEFA3/PC_G_EU4" CO2="19121.31" CO="323.42" HC="1.95" NOx="8.36" PMx="0.46" fuel="8.22" electricity="0.00" noise="77.68" route="routetop" type="cfm-slow" waiting="0.00" lane="top_0" pos="46.88" speed="24.92" angle="190.19" x="-4.60" y="70.45"/>
    </timestep>
    <timestep time="4.00">
        <vehicle id="cfm-fast_0" eclass="HBEFA3/PC_G_EU4" CO2="19822.14" CO="344.84" HC="2.06" NOx="8.65" PMx="0.48" fuel="8.52" electricity="0.00" noise="78.09" route="routetop" type="cfm-fast" waiting="0.00" lane="left_0" pos="17.81" speed="26.72" angle="152.40" x="5.53" y="27.22"/>
        <vehicle id="cfm-fast_1" eclass="HBEFA3/PC_G_EU4" CO2="14761.50" CO="248.48" HC="1.50" NOx="6.23" PMx="0.35" fuel="6.35" electricity="0.00" noise="75.94" route="routetop" type="cfm-fast" waiting="0.00" lane="left_0" pos="36.41" speed="28.20" angle="119.00" x="35.22" y="1.23"/>
        <vehicle id="cfm-fast_2" eclass="HBEFA3/PC_G_EU4" CO2="0.00" CO="0.00" HC="0.00" NOx="0.00" PMx="0.00" fuel="0.00" electricity="0.00" noise="72.28" route="routebottom" type="cfm-fast" waiting="0.00" lane="bottom_0" pos="6.50" speed="28.72" angle="82.80" x="77.64" y="-3.51"/>
        <vehicle id="cfm-fast_3" eclass="HBEFA3/PC_G_EU4" CO2="0.00" CO="0.00" HC="0.00" NOx="0.00" PMx="0.00" fuel="0.00" electricity="0.00" noise="70.66" route="routebottom" type="cfm-fast" waiting="0.00" lane="bottom_0" pos="26.99" speed="26.97" angle="45.95" x="115.12" y="18.27"/>
        <vehicle id="cfm-fast_4" eclass="HBEFA3/PC_G_EU4" CO2="211087.45" CO="4724.62" HC="26.82" NOx="98.37" PMx="5.68" fuel="90.74" electricity="0.00" noise="140.97" route="routebottom" type="cfm-fast" waiting="0.00" lane="right_1" pos="17.47" speed="54.15" angle="333.07" x="119.37" y="97.73"/>
        <vehicle id="cfm-fast_5" eclass="HBEFA3/PC_G_EU4" CO2="0.00" CO="0.00" HC="0.00" NOx="0.00" PMx="0.00" fuel="0.00" electricity="0.00" noise="68.96" route="routebottom" type="cfm-fast" waiting="0.00" lane="bottom_0" pos="46.68" speed="22.32" angle="10.57" x="131.89" y="56.44"/>
        <vehicle id="cfm-slow_0" eclass="HBEFA3/PC_G_EU4" CO2="7405.56" CO="76.47" HC="0.53" NOx="2.94" PMx="0.14" fuel="3.18" electricity="0.00" noise="70.51" route="routebottom" type="cfm-slow" waiting="0.00" lane="right_0" pos="11.08" speed="20.45" angle="344.47" x="128.13" y="87.12"/>
        <vehicle id="cfm-slow_1" eclass="HBEFA3/PC_G_EU4" CO2="8830.30" CO="105.68" HC="0.70" NOx="3.60" PMx="0.18" fuel="3.80" electricity="0.00" noise="71.33" route="routebottom" type="cfm-slow" waiting="0.00" lane="right_0" pos="27.12" speed="20.71" angle="315.72" x="108.85" y="115.29"/>
        <vehicle id="cfm-slow_2" eclass="HBEFA3/PC_G_EU4" CO2="10976.26" CO="149.78" HC="0.95" NOx="4.60" PMx="0.24" fuel="4.72" electricity="0.00" noise="72.64" route="routebottom" type="cfm-slow" waiting="0.00" lane="right_0" pos="43.43" speed="21.23" angle="286.38" x="77.79" y="130.80"/>
        <vehicle id="cfm-slow_3" eclass="HBEFA3/PC_G_EU4" CO2="13667.00" CO="205.56" HC="1.27" NOx="5.85" PMx="0.31" fuel="5.87" electricity="0.00" noise="74.34" route="routetop" type="cfm-slow" waiting="0.00" lane="top_0" pos="10.30" speed="22.11" angle="255.96" x="41.80" y="128.70"/>
        <vehicle id="cfm-slow_4" eclass="HBEFA3/PC_G_EU4" CO2="16527.36" CO="266.11" HC="1.62" NOx="7.17" PMx="0.39" fuel="7.10" electricity="0.00" noise="76.14" route="routetop" type="cfm-slow" waiting="0.00" lane="top_0" pos="28.07" speed="23.37" angle="223.94" x="10.72" y="107.29"/>
        <vehicle id="cfm-slow_5" eclass="HBEFA3/PC_G_EU4" CO2="19103.99" CO="323.13" HC="1.95" NOx="8.35" PMx="0.46" fuel="8.21" electricity="0.00" noise="77.67" route="routetop" type="cfm-slow" waiting="0.00" lane="top_0" pos="47.13" speed="24.95" angle="189.73" x="-4.65" y="69.92"/>
    </timestep>
    <timestep time="4.01">
        <vehicle id="cfm-fast_0" eclass="HBEFA3/PC_G_EU4" CO2="19742.79" CO="343.31" HC="2.06" NOx="8.61" PMx="0.48" fuel="8.49" electricity="0.00" noise="78.05" route="routetop" type="cfm-fast" waiting="0.00" lane="left_0" pos="18.08" speed="26.74" angle="151.96" x="5.84" y="26.73"/>
        <vehicle id="cfm-fast_1" eclass="HBEFA3/PC_G_EU4" CO2="14573.07" CO="244.67" HC="1.48" NOx="6.14" PMx="0.35" fuel="6.26" electricity="0.00" noise="75.87" route="routetop" type="cfm-fast" waiting="0.00" lane="left_0" pos="36.69" speed="28.21" angle="118.47" x="35.77" y="0.99"/>
        <vehicle id="cfm-fast_2" eclass="HBEFA3/PC_G_EU4" CO2="0.00" CO="0.00" HC="0.00" NOx="0.00" PMx="0.00" fuel="0.00" electricity="0.00" noise="72.25" route="routebottom" type="cfm-fast" waiting="0.00" lane="bottom_0" pos="6.78" speed="28.71" angle="82.25" x="78.24" y="-3.37"/>
        <vehicle id="cfm-fast_3" eclass="HBEFA3/PC_G_EU4" CO2="0.00" CO="0.00" HC="0.00" NOx="0.00" PMx="0.00" fuel="0.00" electricity="0.00" noise="70.64" route="routebottom" type="cfm-fast" waiting="0.00" lane="bottom_0" pos="27.26" speed="26.94" angle="45.45" x="115.49" y="18.72"/>
        <vehicle id="cfm-fast_4" eclass="HBEFA3/PC_G_EU4" CO2="211670.54" CO="4740.39" HC="26.90" NOx="98.65" PMx="5.70" fuel="90.99" electricity="0.00" noise="141.04" route="routebottom" type="cfm-fast" waiting="0.00" lane="right_1" pos="18.01" speed="54.28" angle="332.13" x="118.80" y="98.68"/>
        <vehicle id="cfm-fast_5" eclass="HBEFA3/PC_G_EU4" CO2="0.00" CO="0.00" HC="0.00" NOx="0.00" PMx="0.00" fuel="0.00" electricity="0.00" noise="68.96" route="routebottom" type="cfm-fast" waiting="0.00" lane="bottom_0" pos="46.90" speed="22.31" angle="10.16" x="131.94" y="56.92"/>
        <vehicle id="cfm-slow_0" eclass="HBEFA3/PC_G_EU4" CO2="7395.63" CO="76.26" HC="0.53" NOx="2.93" PMx="0.14" fuel="3.18" electricity="0.00" noise="70.51" route="routebottom" type="cfm-slow" waiting="0.00" lane="right_0" pos="11.29" speed="20.45" angle="344.08" x="127.98" y="87.53"/>
        <vehicle id="cfm-slow_1" eclass="HBEFA3/PC_G_EU4" CO2="8827.24" CO="105.61" HC="0.70" NOx="3.60" PMx="0.18" fuel="3.79" electricity="0.00" noise="71.33" route="routebottom" type="cfm-slow" waiting="0.00" lane="right_0" pos="27.32" speed="20.72" angle="315.33" x="108.51" y="115.57"/>
        <vehicle id="cfm-slow_2" eclass="HBEFA3/PC_G_EU4" CO2="10978.26" CO="149.82" HC="0.95" NOx="4.60" PMx="0.24" fuel="4.72" electricity="0.00" noise="72.64" route="routebottom" type="cfm-slow" waiting="0.00" lane="right_0" pos="43.65" speed="21.25" angle="286.04" x="77.34" y="130.90"/>
        <vehicle id="cfm-slow_3" eclass="HBEFA3/PC_G_EU4" CO2="13670.28" CO="205.64" HC="1.27" NOx="5.85" PMx="0.31" fuel="5.88" electricity="0.00" noise="74.35" route="routetop" type="cfm-slow" waiting="0.00" lane="top_0" pos="10.52" speed="22.13" angle="255.54" x="41.35" y="128.54"/>
        <vehicle id="cfm-slow_4" eclass="HBEFA3/PC_G_EU4" CO2="16527.34" CO="266.15" HC="1.62" NOx="7.17" PMx="0.39" fuel="7.10" electricity="0.00" noise="76.14" route="routetop" type="cfm-slow" waiting="0.00" lane="top_0" pos="28.30" speed="23.39" angle="223.58" x="10.40" y="106.90"/>
        <vehicle id="cfm-slow_5" eclass="HBEFA3/PC_G_EU4" CO2="19086.33" CO="322.84" HC="1.94" NOx="8.34" PMx="0.46" fuel="8.20" electricity="0.00" noise="77.66" route="routetop" type="cfm-slow" waiting="0.00" lane="top_0" pos="47.38" speed="24.97" angle="189.30" x="-4.71" y="69.38"/>
    </timestep>
    <timestep time="4.02">
        <vehicle id="cfm-fast_0" eclass="HBEFA3/PC_G_EU4" CO2="19662.70" CO="341.76" HC="2.05" NOx="8.58" PMx="0.48" fuel="8.45" electricity="0.00" noise="78.01" route="routetop" type="cfm-fast" waiting="0.00" lane="left_0" pos="18.35" speed="26.76" angle="151.46" x="6.15" y="26.25"/>
        <vehicle id="cfm-fast_1" eclass="HBEFA3/PC_G_EU4" CO2="14384.80" CO="240.87" HC="1.46" NOx="6.05" PMx="0.34" fuel="6.18" electricity="0.00" noise="75.80" route="routetop" type="cfm-fast" waiting="0.00" lane="left_0" pos="36.97" speed="28.23" angle="117.94" x="36.32" y="0.74"/>
        <vehicle id="cfm-fast_2" eclass="HBEFA3/PC_G_EU4" CO2="0.00" CO="0.00" HC="0.00" NOx="0.00" PMx="0.00" fuel="0.00" electricity="0.00" noise="72.23" route="routebottom" type="cfm-fast" waiting="0.00" lane="bottom_0" pos="7.07" speed="28.70" angle="81.70" x="78.85" y="-3.23"/>
        <vehicle id="cfm-fast_3" eclass="HBEFA3/PC_G_EU4" CO2="0.00" CO="0.00" HC="0.00" NOx="0.00" PMx="0.00" fuel="0.00" electricity="0.00" noise="70.63" route="routebottom" type="cfm-fast" waiting="0.00" lane="bottom_0" pos="27.53" speed="26.91" angle="44.94" x="115.86" y="19.16"/>
        <vehicle id="cfm-fast_4" eclass="HBEFA3/PC_G_EU4" CO2="212253.92" CO="4756.18" HC="26.99" NOx="98.92" PMx="5.71" fuel="91.24" electricity="0.00" noise="141.10" route="routebottom" type="cfm-fast" waiting="0.00" lane="right_1" pos="18.55" speed="54.42" angle="331.10" x="118.18" y="99.61"/>
        <vehicle id="cfm-fast_5" eclass="HBEFA3/PC_G_EU4" CO2="0.00" CO="0.00" HC="0.00" NOx="0.00" PMx="0.00" fuel="0.00" electricity="0.00" noise="68.96" route="routebottom" type="cfm-fast" waiting="0.00" lane="bottom_0" pos="47.13" speed="22.30" angle="9.75" x="131.98" y="57.40"/>
        <vehicle id="cfm-slow_0" eclass="HBEFA3/PC_G_EU4" CO2="7385.97" CO="76.06" HC="0.53" NOx="2.93" PMx="0.14" fuel="3.17" electricity="0.00" noise="70.51" route="routebottom" type="cfm-slow" waiting="0.00" lane="right_0" pos="11.49" speed="20.46" angle="343.75" x="127.83" y="87.95"/>
        <vehicle id="cfm-slow_1" eclass="HBEFA3/PC_G_EU4" CO2="8824.43" CO="105.55" HC="0.70" NOx="3.60" PMx="0.18" fuel="3.79" electricity="0.00" noise="71.33" route="routebottom" type="cfm-slow" waiting="0.00" lane="right_0" pos="27.53" speed="20.73" angle="314.94" x="108.17" y="115.86"/>
        <vehicle id="cfm-slow_2" eclass="HBEFA3/PC_G_EU4" CO2="10980.47" CO="149.87" HC="0.95" NOx="4.60" PMx="0.24" fuel="4.72" electricity="0.00" noise="72.64" route="routebottom" type="cfm-slow" waiting="0.00" lane="right_0" pos="43.86" speed="21.26" angle="285.64" x="76.89" y="130.98"/>
        <vehicle id="cfm-slow_3" eclass="HBEFA3/PC_G_EU4" CO2="13673.72" CO="205.73" HC="1.27" NOx="5.85" PMx="0.31" fuel="5.88" electricity="0.00" noise="74.35" route="routetop" type="cfm-slow" waiting="0.00" lane="top_0" pos="10.74" speed="22.14" angle="255.12" x="40.91" y="128.38"/>
        <vehicle id="cfm-slow_4" eclass="HBEFA3/PC_G_EU4" CO2="16527.37" CO="266.19" HC="1.62" NOx="7.17" PMx="0.39" fuel="7.10" electricity="0.00" noise="76.14" route="routetop" type="cfm-slow" waiting="0.00" lane="top_0" pos="28.54" speed="23.41" angle="223.15" x="10.08" y="106.51"/>
        <vehicle id="cfm-slow_5" eclass="HBEFA3/PC_G_EU4" CO2="19068.34" CO="322.54" HC="1.94" NOx="8.33" PMx="0.46" fuel="8.20" electricity="0.00" noise="77.65" route="routetop" type="cfm-slow" waiting="0.00" lane="top_0" pos="47.63" speed="24.99" angle="188.87" x="-4.75" y="68.85"/>
    </timestep>
    <timestep time="4.03">
        <vehicle id="cfm-fast_0" eclass="HBEFA3/PC_G_EU4" CO2="19581.87" CO="340.20" HC="2.04" NOx="8.54" PMx="0.47" fuel="8.42" electricity="0.00" noise="77.97" route="routetop" type="cfm-fast" waiting="0.00" lane="left_0" pos="18.62" speed="26.78" angle="150.96" x="6.47" y="25.77"/>
        <vehicle id="cfm-fast_1" eclass="HBEFA3/PC_G_EU4" CO2="14196.70" CO="237.07" HC="1.44" NOx="5.96" PMx="0.34" fuel="6.10" electricity="0.00" noise="75.73" route="routetop" type="cfm-fast" waiting="0.00" lane="left_0" pos="37.26" speed="28.24" angle="117.49" x="36.88" y="0.49"/>
        <vehicle id="cfm-fast_2" eclass="HBEFA3/PC_G_EU4" CO2="0.00" CO="0.00" HC="0.00" NOx="0.00" PMx="0.00" fuel="0.00" electricity="0.00" noise="72.21" route="routebottom" type="cfm-fast" waiting="0.00" lane="bottom_0" pos="7.36" speed="28.69" angle="81.15" x="79.45" y="-3.10"/>
        <vehicle id="cfm-fast_3" eclass="HBEFA3/PC_G_EU4" CO2="0.00" CO="0.00" HC="0.00" NOx="0.00" PMx="0.00" fuel="0.00" electricity="0.00" noise="70.62" route="routebottom" type="cfm-fast" waiting="0.00" lane="bottom_0" pos="27.80" speed="26.89" angle="44.44" x="116.24" y="19.60"/>
        <vehicle id="cfm-fast_4" eclass="HBEFA3/PC_G_EU4" CO2="212837.59" CO="4772.00" HC="27.08" NOx="99.19" PMx="5.73" fuel="91.49" electricity="0.00" noise="141.17" route="routebottom" type="cfm-fast" waiting="0.00" lane="right_1" pos="19.10" speed="54.56" angle="330.06" x="117.56" y="100.54"/>
        <vehicle id="cfm-fast_5" eclass="HBEFA3/PC_G_EU4" CO2="0.00" CO="0.00" HC="0.00" NOx="0.00" PMx="0.00" fuel="0.00" electricity="0.00" noise="68.96" route="routebottom" type="cfm-fast" waiting="0.00" lane="bottom_0" pos="47.35" speed="22.29" angle="9.35" x="132.03" y="57.87"/>
        <vehicle id="cfm-slow_0" eclass="HBEFA3/PC_G_EU4" CO2="7376.57" CO="75.86" HC="0.53" NOx="2.92" PMx="0.14" fuel="3.17" electricity="0.00" noise="70.51" route="routebottom" type="cfm-slow" waiting="0.00" lane="right_0" pos="11.70" speed="20.47" angle="343.38" x="127.66" y="88.36"/>
        <vehicle id="cfm-slow_1" eclass="HBEFA3/PC_G_EU4" CO2="8821.87" CO="105.49" HC="0.70" NOx="3.60" PMx="0.18" fuel="3.79" electricity="0.00" noise="71.33" route="routebottom" type="cfm-slow" waiting="0.00" lane="right_0" pos="27.74" speed="20.74" angle="314.55" x="107.83" y="116.15"/>
        <vehicle id="cfm-slow_2" eclass="HBEFA3/PC_G_EU4" CO2="10982.89" CO="149.92" HC="0.95" NOx="4.60" PMx="0.24" fuel="4.72" electricity="0.00" noise="72.65" route="routebottom" type="cfm-slow" waiting="0.00" lane="right_0" pos="44.07" speed="21.28" angle="285.23" x="76.44" y="131.06"/>
        <vehicle id="cfm-slow_3" eclass="HBEFA3/PC_G_EU4" CO2="13677.34" CO="205.81" HC="1.27" NOx="5.86" PMx="0.31" fuel="5.88" electricity="0.00" noise="74.35" route="routetop" type="cfm-slow" waiting="0.00" lane="top_0" pos="10.96" speed="22.16" angle="254.71" x="40.46" y="128.22"/>
        <vehicle id="cfm-slow_4" eclass="HBEFA3/PC_G_EU4" CO2="16527.44" CO="266.23" HC="1.62" NOx="7.17" PMx="0.39" fuel="7.10" electricity="0.00" noise="76.14" route="routetop" type="cfm-slow" waiting="0.00" lane="top_0" pos="28.77" speed="23.43" angle="222.72" x="9.77" y="106.11"/>
        <vehicle id="cfm-slow_5" eclass="HBEFA3/PC_G_EU4" CO2="19050.01" CO="322.24" HC="1.94" NOx="8.33" PMx="0.46" fuel="8.19" electricity="0.00" noise="77.64" route="routetop" type="cfm-slow" waiting="0.00" lane="top_0" pos="47.88" speed="25.01" angle="188.39" x="-4.78" y="68.31"/>
    </timestep>
    <timestep time="4.04">
        <vehicle id="cfm-fast_0" eclass="HBEFA3/PC_G_EU4" CO2="19500.31" CO="338.62" HC="2.03" NOx="8.50" PMx="0.47" fuel="8.38" electricity="0.00" noise="77.93" route="routetop" type="cfm-fast" waiting="0.00" lane="left_0" pos="18.88" speed="26.80" angle="150.45" x="6.79" y="25.29"/>
        <vehicle id="cfm-fast_1" eclass="HBEFA3/PC_G_EU4" CO2="14008.78" CO="233.27" HC="1.41" NOx="5.87" PMx="0.33" fuel="6.02" electricity="0.00" noise="75.66" route="routetop" type="cfm-fast" waiting="0.00" lane="left_0" pos="37.54" speed="28.25" angle="116.97" x="37.44" y="0.26"/>
        <vehicle id="cfm-fast_2" eclass="HBEFA3/PC_G_EU4" CO2="0.00" CO="0.00" HC="0.00" NOx="0.00" PMx="0.00" fuel="0.00" electricity="0.00" noise="72.19" route="routebottom" type="cfm-fast" waiting="0.00" lane="bottom_0" pos="7.65" speed="28.68" angle="80.66" x="80.05" y="-2.96"/>
        <vehicle id="cfm-fast_3" eclass="HBEFA3/PC_G_EU4" CO2="0.00" CO="0.00" HC="0.00" NOx="0.00" PMx="0.00" fuel="0.00" electricity="0.00" noise="70.60" route="routebottom" type="cfm-fast" waiting="0.00" lane="bottom_0" pos="28.07" speed="26.86" angle="43.94" x="116.61" y="20.04"/>
        <vehicle id="cfm-fast_4" eclass="HBEFA3/PC_G_EU4" CO2="213421.56" CO="4787.84" HC="27.16" NOx="99.47" PMx="5.75" fuel="91.74" electricity="0.00" noise="141.23" route="routebottom" type="cfm-fast" waiting="0.00" lane="right_1" pos="19.64" speed="54.69" angle="329.10" x="116.91" y="101.45"/>
        <vehicle id="cfm-fast_5" eclass="HBEFA3/PC_G_EU4" CO2="0.00" CO="0.00" HC="0.00" NOx="0.00" PMx="0.00" fuel="0.00" electricity="0.00" noise="68.96" route="routebottom" type="cfm-fast" waiting="0.00" lane="bottom_0" pos="47.57" speed="22.29" angle="8.99" x="132.07" y="58.35"/>
        <vehicle id="cfm-slow_0" eclass="HBEFA3/PC_G_EU4" CO2="7367.44" CO="75.67" HC="0.52" NOx="2.92" PMx="0.14" fuel="3.17" electricity="0.00" noise="70.51" route="routebottom" type="cfm-slow" waiting="0.00" lane="right_0" pos="11.90" speed="20.48" angle="343.01" x="127.50" y="88.76"/>
        <vehicle id="cfm-slow_1" eclass="HBEFA3/PC_G_EU4" CO2="8819.55" CO="105.44" HC="0.70" NOx="3.60" PMx="0.18" fuel="3.79" electricity="0.00" noise="71.33" route="routebottom" type="cfm-slow" waiting="0.00" lane="right_0" pos="27.95" speed="20.75" angle="314.16" x="107.49" y="116.44"/>
        <vehicle id="cfm-slow_2" eclass="HBEFA3/PC_G_EU4" CO2="10985.52" CO="149.98" HC="0.95" NOx="4.61" PMx="0.24" fuel="4.72" electricity="0.00" noise="72.65" route="routebottom" type="cfm-slow" waiting="0.00" lane="right_0" pos="44.28" speed="21.29" angle="284.83" x="75.99" y="131.15"/>
        <vehicle id="cfm-slow_3" eclass="HBEFA3/PC_G_EU4" CO2="13681.12" CO="205.91" HC="1.28" NOx="5.86" PMx="0.31" fuel="5.88" electricity="0.00" noise="74.36" route="routetop" type="cfm-slow" waiting="0.00" lane="top_0" pos="11.18" speed="22.18" angle="254.29" x="40.01" y="128.06"/>
        <vehicle id="cfm-slow_4" eclass="HBEFA3/PC_G_EU4" CO2="16527.54" CO="266.27" HC="1.62" NOx="7.17" PMx="0.39" fuel="7.10" electricity="0.00" noise="76.14" route="routetop" type="cfm-slow" waiting="0.00" lane="top_0" pos="29.00" speed="23.45" angle="222.29" x="9.46" y="105.71"/>
        <vehicle id="cfm-slow_5" eclass="HBEFA3/PC_G_EU4" CO2="19031.33" CO="321.93" HC="1.94" NOx="8.32" PMx="0.46" fuel="8.18" electricity="0.00" noise="77.63" route="routetop" type="cfm-slow" waiting="0.00" lane="top_0" pos="48.13" speed="25.04" angle="187.91" x="-4.81" y="67.77"/>
    </timestep>
    <timestep time="4.05">
        <vehicle id="cfm-fast_0" eclass="HBEFA3/PC_G_EU4" CO2="19418.02" CO="337.02" HC="2.02" NOx="8.46" PMx="0.47" fuel="8.35" electricity="0.00" noise="77.89" route="routetop" type="cfm-fast" waiting="0.00" lane="left_0" pos="19.15" speed="26.82" angle="149.98" x="7.11" y="24.81"/>
        <vehicle id="cfm-fast_1" eclass="HBEFA3/PC_G_EU4" CO2="13821.07" CO="229.47" HC="1.39" NOx="5.79" PMx="0.33" fuel="5.94" electricity="0.00" noise="75.59" route="routetop" type="cfm-fast" waiting="0.00" lane="left_0" pos="37.82" speed="28.26" angle="116.45" x="38.01" y="0.04"/>
        <vehicle id="cfm-fast_2" eclass="HBEFA3/PC_G_EU4" CO2="0.00" CO="0.00" HC="0.00" NOx="0.00" PMx="0.00" fuel="0.00" electricity="0.00" noise="72.16" route="routebottom" type="cfm-fast" waiting="0.00" lane="bottom_0" pos="7.93" speed="28.67" angle="80.14" x="80.65" y="-2.80"/>
        <vehicle id="cfm-fast_3" eclass="HBEFA3/PC_G_EU4" CO2="0.00" CO="0.00" HC="0.00" NOx="0.00" PMx="0.00" fuel="0.00" electricity="0.00" noise="70.59" route="routebottom" type="cfm-fast" waiting="0.00" lane="bottom_0" pos="28.34" speed="26.83" angle="43.50" x="116.97" y="20.49"/>
        <vehicle id="cfm-fast_4" eclass="HBEFA3/PC_G_EU4" CO2="214005.82" CO="4803.70" HC="27.25" NOx="99.74" PMx="5.77" fuel="91.99" electricity="0.00" noise="141.30" route="routebottom" type="cfm-fast" waiting="0.00" lane="right_1" pos="20.19" speed="54.83" angle="328.08" x="116.25" y="102.37"/>
        <vehicle id="cfm-fast_5" eclass="HBEFA3/PC_G_EU4" CO2="0.00" CO="0.00" HC="0.00" NOx="0.00" PMx="0.00" fuel="0.00" electricity="0.00" noise="68.96" route="routebottom" type="cfm-fast" waiting="0.00" lane="bottom_0" pos="47.79" speed="22.28" angle="8.57" x="132.10" y="58.83"/>
        <vehicle id="cfm-slow_0" eclass="HBEFA3/PC_G_EU4" CO2="7358.57" CO="75.48" HC="0.52" NOx="2.91" PMx="0.14" fuel="3.16" electricity="0.00" noise="70.50" route="routebottom" type="cfm-slow" waiting="0.00" lane="right_0" pos="12.11" speed="20.48" angle="342.63" x="127.34" y="89.17"/>
        <vehicle id="cfm-slow_1" eclass="HBEFA3/PC_G_EU4" CO2="8817.47" CO="105.40" HC="0.70" NOx="3.59" PMx="0.18" fuel="3.79" electricity="0.00" noise="71.33" route="routebottom" type="cfm-slow" waiting="0.00" lane="right_0" pos="28.15" speed="20.76" angle="313.81" x="107.15" y="116.73"/>
        <vehicle id="cfm-slow_2" eclass="HBEFA3/PC_G_EU4" CO2="10988.35" CO="150.04" HC="0.95" NOx="4.61" PMx="0.24" fuel="4.72" electricity="0.00" noise="72.66" route="routebottom" type="cfm-slow" waiting="0.00" lane="right_0" pos="44.50" speed="21.30" angle="284.42" x="75.54" y="131.23"/>
        <vehicle id="cfm-slow_3" eclass="HBEFA3/PC_G_EU4" CO2="13685.06" CO="206.00" HC="1.28" NOx="5.86" PMx="0.31" fuel="5.88" electricity="0.00" noise="74.36" route="routetop" type="cfm-slow" waiting="0.00" lane="top_0" pos="11.40" speed="22.20" angle="253.88" x="39.56" y="127.89"/>
        <vehicle id="cfm-slow_4" eclass="HBEFA3/PC_G_EU4" CO2="16527.68" CO="266.32" HC="1.62" NOx="7.17" PMx="0.39" fuel="7.10" electricity="0.00" noise="76.14" route="routetop" type="cfm-slow" waiting="0.00" lane="top_0" pos="29.24" speed="23.47" angle="221.86" x="9.15" y="105.32"/>
        <vehicle id="cfm-slow_5" eclass="HBEFA3/PC_G_EU4" CO2="19012.29" CO="321.61" HC="1.94" NOx="8.31" PMx="0.45" fuel="8.17" electricity="0.00" noise="77.61" route="routetop" type="cfm-slow" waiting="0.00" lane="top_0" pos="48.39" speed="25.06" angle="187.43" x="-4.84" y="67.23"/>
    </timestep>
    <timestep time="4.06">
        <vehicle id="cfm-fast_0" eclass="HBEFA3/PC_G_EU4" CO2="19335.00" CO="335.41" HC="2.01" NOx="8.42" PMx="0.47" fuel="8.31" electricity="0.00" noise="77.84" route="routetop" type="cfm-fast" waiting="0.00" lane="left_0" pos="19.42" speed="26.84" angle="149.52" x="7.45" y="24.34"/>
        <vehicle id="cfm-fast_1" eclass="HBEFA3/PC_G_EU4" CO2="13633.58" CO="225.68" HC="1.37" NOx="5.70" PMx="0.32" fuel="5.86" electricity="0.00" noise="75.52" route="routetop" type="cfm-fast" waiting="0.00" lane="left_0" pos="38.10" speed="28.27" angle="115.93" x="38.57" y="-0.19"/>
        <vehicle id="cfm-fast_2" eclass="HBEFA3/PC_G_EU4" CO2="0.00" CO="0.00" HC="0.00" NOx="0.00" PMx="0.00" fuel="0.00" electricity="0.00" noise="72.14" route="routebottom" type="cfm-fast" waiting="0.00" lane="bottom_0" pos="8.22" speed="28.66" angle="79.62" x="81.24" y="-2.64"/>
        <vehicle id="cfm-fast_3" eclass="HBEFA3/PC_G_EU4" CO2="0.00" CO="0.00" HC="0.00" NOx="0.00" PMx="0.00" fuel="0.00" electricity="0.00" noise="70.57" route="routebottom" type="cfm-fast" waiting="0.00" lane="bottom_0" pos="28.61" speed="26.81" angle="43.00" x="117.33" y="20.94"/>
        <vehicle id="cfm-fast_4" eclass="HBEFA3/PC_G_EU4" CO2="214590.37" CO="4819.58" HC="27.34" NOx="100.01" PMx="5.78" fuel="92.24" electricity="0.00" noise="141.37" route="routebottom" type="cfm-fast" waiting="0.00" lane="right_1" pos="20.74" speed="54.97" angle="327.13" x="115.57" y="103.27"/>
        <vehicle id="cfm-fast_5" eclass="HBEFA3/PC_G_EU4" CO2="0.00" CO="0.00" HC="0.00" NOx="0.00" PMx="0.00" fuel="0.00" electricity="0.00" noise="68.96" route="routebottom" type="cfm-fast" waiting="0.00" lane="bottom_0" pos="48.02" speed="22.27" angle="8.15" x="132.13" y="59.31"/>
        <vehicle id="cfm-slow_0" eclass="HBEFA3/PC_G_EU4" CO2="7349.96" CO="75.30" HC="0.52" NOx="2.91" PMx="0.14" fuel="3.16" electricity="0.00" noise="70.50" route="routebottom" type="cfm-slow" waiting="0.00" lane="right_0" pos="12.31" speed="20.49" angle="342.26" x="127.17" y="89.58"/>
        <vehicle id="cfm-slow_1" eclass="HBEFA3/PC_G_EU4" CO2="8815.63" CO="105.36" HC="0.70" NOx="3.59" PMx="0.18" fuel="3.79" electricity="0.00" noise="71.34" route="routebottom" type="cfm-slow" waiting="0.00" lane="right_0" pos="28.36" speed="20.77" angle="313.46" x="106.80" y="117.01"/>
        <vehicle id="cfm-slow_2" eclass="HBEFA3/PC_G_EU4" CO2="10991.38" CO="150.10" HC="0.95" NOx="4.61" PMx="0.24" fuel="4.72" electricity="0.00" noise="72.66" route="routebottom" type="cfm-slow" waiting="0.00" lane="right_0" pos="44.71" speed="21.32" angle="284.02" x="75.09" y="131.31"/>
        <vehicle id="cfm-slow_3" eclass="HBEFA3/PC_G_EU4" CO2="13689.15" CO="206.10" HC="1.28" NOx="5.86" PMx="0.31" fuel="5.88" electricity="0.00" noise="74.37" route="routetop" type="cfm-slow" waiting="0.00" lane="top_0" pos="11.63" speed="22.21" angle="253.52" x="39.11" y="127.72"/>
        <vehicle id="cfm-slow_4" eclass="HBEFA3/PC_G_EU4" CO2="16527.84" CO="266.36" HC="1.62" NOx="7.17" PMx="0.39" fuel="7.10" electricity="0.00" noise="76.14" route="routetop" type="cfm-slow" waiting="0.00" lane="top_0" pos="29.47" speed="23.49" angle="221.49" x="8.84" y="104.92"/>
        <vehicle id="cfm-slow_5" eclass="HBEFA3/PC_G_EU4" CO2="18992.90" CO="321.28" HC="1.94" NOx="8.30" PMx="0.45" fuel="8.16" electricity="0.00" noise="77.60" route="routetop" type="cfm-slow" waiting="0.00" lane="top_0" pos="48.64" speed="25.08" angle="186.95" x="-4.87" y="66.69"/>
    </timestep>
    <timestep time="4.07">
        <vehicle id="cfm-fast_0" eclass="HBEFA3/PC_G_EU4" CO2="19251.27" CO="333.79" HC="2.00" NOx="8.38" PMx="0.47" fuel="8.28" electricity="0.00" noise="77.80" route="routetop" type="cfm-fast" waiting="0.00" lane="left_0" pos="19.69" speed="26.87" angle="149.02" x="7.78" y="23.87"/>
        <vehicle id="cfm-fast_1" eclass="HBEFA3/PC_G_EU4" CO2="13446.33" CO="221.89" HC="1.35" NOx="5.61" PMx="0.32" fuel="5.78" electricity="0.00" noise="75.45" route="routetop" type="cfm-fast" waiting="0.00" lane="left_0" pos="38.39" speed="28.29" angle="115.42" x="39.14" y="-0.41"/>
        <vehicle id="cfm-fast_2" eclass="HBEFA3/PC_G_EU4" CO2="0.00" CO="0.00" HC="0.00" NOx="0.00" PMx="0.00" fuel="0.00" electricity="0.00" noise="72.12" route="routebottom" type="cfm-fast" waiting="0.00" lane="bottom_0" pos="8.50" speed="28.65" angle="79.09" x="81.84" y="-2.48"/>
        <vehicle id="cfm-fast_3" eclass="HBEFA3/PC_G_EU4" CO2="0.00" CO="0.00" HC="0.00" NOx="0.00" PMx="0.00" fuel="0.00" electricity="0.00" noise="70.56" route="routebottom" type="cfm-fast" waiting="0.00" lane="bottom_0" pos="28.87" speed="26.78" angle="42.50" x="117.69" y="21.40"/>
        <vehicle id="cfm-fast_4" eclass="HBEFA3/PC_G_EU4" CO2="215175.21" CO="4835.48" HC="27.43" NOx="100.29" PMx="5.80" fuel="92.49" electricity="0.00" noise="141.43" route="routebottom" type="cfm-fast" waiting="0.00" lane="right_1" pos="21.29" speed="55.10" angle="326.12" x="114.88" y="104.16"/>
        <vehicle id="cfm-fast_5" eclass="HBEFA3/PC_G_EU4" CO2="0.00" CO="0.00" HC="0.00" NOx="0.00" PMx="0.00" fuel="0.00" electricity="0.00" noise="68.96" route="routebottom" type="cfm-fast" waiting="0.00" lane="bottom_0" pos="48.24" speed="22.27" angle="7.73" x="132.15" y="59.79"/>
        <vehicle id="cfm-slow_0" eclass="HBEFA3/PC_G_EU4" CO2="7341.61" CO="75.13" HC="0.52" NOx="2.90" PMx="0.14" fuel="3.16" electricity="0.00" noise="70.50" route="routebottom" type="cfm-slow" waiting="0.00" lane="right_0" pos="12.52" speed="20.50" angle="341.89" x="127.01" y="89.99"/>
        <vehicle id="cfm-slow_1" eclass="HBEFA3/PC_G_EU4" CO2="8814.03" CO="105.32" HC="0.70" NOx="3.59" PMx="0.18" fuel="3.79" electricity="0.00" noise="71.34" route="routebottom" type="cfm-slow" waiting="0.00" lane="right_0" pos="28.57" speed="20.78" angle="313.08" x="106.45" y="117.28"/>
        <vehicle id="cfm-slow_2" eclass="HBEFA3/PC_G_EU4" CO2="10994.62" CO="150.17" HC="0.95" NOx="4.61" PMx="0.24" fuel="4.73" electricity="0.00" noise="72.67" route="routebottom" type="cfm-slow" waiting="0.00" lane="right_0" pos="44.92" speed="21.33" angle="283.69" x="74.63" y="131.39"/>
        <vehicle id="cfm-slow_3" eclass="HBEFA3/PC_G_EU4" CO2="13693.41" CO="206.21" HC="1.28" NOx="5.86" PMx="0.31" fuel="5.89" electricity="0.00" noise="74.37" route="routetop" type="cfm-slow" waiting="0.00" lane="top_0" pos="11.85" speed="22.23" angle="253.12" x="38.67" y="127.55"/>
        <vehicle id="cfm-slow_4" eclass="HBEFA3/PC_G_EU4" CO2="16528.03" CO="266.40" HC="1.62" NOx="7.17" PMx="0.39" fuel="7.10" electricity="0.00" noise="76.14" route="routetop" type="cfm-slow" waiting="0.00" lane="top_0" pos="29.71" speed="23.51" angle="221.06" x="8.54" y="104.51"/>
        <vehicle id="cfm-slow_5" eclass="HBEFA3/PC_G_EU4" CO2="18973.14" CO="320.95" HC="1.93" NOx="8.29" PMx="0.45" fuel="8.16" electricity="0.00" noise="77.59" route="routetop" type="cfm-slow" waiting="0.00" lane="top_0" pos="48.89" speed="25.10" angle="186.55" x="-4.90" y="66.15"/>
    </timestep>
    <timestep time="4.08">
        <vehicle id="cfm-fast_0" eclass="HBEFA3/PC_G_EU4" CO2="19166.82" CO="332.15" HC="1.99" NOx="8.34" PMx="0.46" fuel="8.24" electricity="0.00" noise="77.76" route="routetop" type="cfm-fast" waiting="0.00" lane="left_0" pos="19.96" speed="26.89" angle="148.52" x="8.12" y="23.40"/>
        <vehicle id="cfm-fast_1" eclass="HBEFA3/PC_G_EU4" CO2="13259.34" CO="218.11" HC="1.33" NOx="5.52" PMx="0.31" fuel="5.70" electricity="0.00" noise="75.39" route="routetop" type="cfm-fast" waiting="0.00" lane="left_0" pos="38.67" speed="28.30" angle="114.94" x="39.71" y="-0.63"/>
        <vehicle id="cfm-fast_2" eclass="HBEFA3/PC_G_EU4" CO2="0.00" CO="0.00" HC="0.00" NOx="0.00" PMx="0.00" fuel="0.00" electricity="0.00" noise="72.10" route="routebottom" type="cfm-fast" waiting="0.00" lane="bottom_0" pos="8.79" speed="28.64" angle="78.57" x="82.43" y="-2.32"/>
        <vehicle id="cfm-fast_3" eclass="HBEFA3/PC_G_EU4" CO2="0.00" CO="0.00" HC="0.00" NOx="0.00" PMx="0.00" fuel="0.00" electricity="0.00" noise="70.55" route="routebottom" type="cfm-fast" waiting="0.00" lane="bottom_0" pos="29.14" speed="26.75" angle="42.01" x="118.04" y="21.85"/>
        <vehicle id="cfm-fast_4" eclass="HBEFA3/PC_G_EU4" CO2="215760.34" CO="4851.40" HC="27.51" NOx="100.56" PMx="5.82" fuel="92.74" electricity="0.00" noise="141.50" route="routebottom" type="cfm-fast" waiting="0.00" lane="right_1" pos="21.85" speed="55.24" angle="325.16" x="114.18" y="105.05"/>
        <vehicle id="cfm-fast_5" eclass="HBEFA3/PC_G_EU4" CO2="0.00" CO="0.00" HC="0.00" NOx="0.00" PMx="0.00" fuel="0.00" electricity="0.00" noise="68.96" route="routebottom" type="cfm-fast" waiting="0.00" lane="bottom_0" pos="48.46" speed="22.26" angle="7.31" x="132.18" y="60.26"/>
        <vehicle id="cfm-slow_0" eclass="HBEFA3/PC_G_EU4" CO2="7333.51" CO="74.96" HC="0.52" NOx="2.90" PMx="0.14" fuel="3.15" electricity="0.00" noise="70.50" route="routebottom" type="cfm-slow" waiting="0.00" lane="right_0" pos="12.72" speed="20.51" angle="341.54" x="126.84" y="90.40"/>
        <vehicle id="cfm-slow_1" eclass="HBEFA3/PC_G_EU4" CO2="8812.67" CO="105.29" HC="0.70" NOx="3.59" PMx="0.18" fuel="3.79" electricity="0.00" noise="71.34" route="routebottom" type="cfm-slow" waiting="0.00" lane="right_0" pos="28.78" speed="20.79" angle="312.70" x="106.09" y="117.56"/>
        <vehicle id="cfm-slow_2" eclass="HBEFA3/PC_G_EU4" CO2="10998.05" CO="150.24" HC="0.95" NOx="4.61" PMx="0.24" fuel="4.73" electricity="0.00" noise="72.67" route="routebottom" type="cfm-slow" waiting="0.00" lane="right_0" pos="45.14" speed="21.34" angle="283.31" x="74.18" y="131.46"/>
        <vehicle id="cfm-slow_3" eclass="HBEFA3/PC_G_EU4" CO2="13697.81" CO="206.31" HC="1.28" NOx="5.86" PMx="0.31" fuel="5.89" electricity="0.00" noise="74.38" route="routetop" type="cfm-slow" waiting="0.00" lane="top_0" pos="12.07" speed="22.25" angle="252.71" x="38.22" y="127.37"/>
        <vehicle id="cfm-slow_4" eclass="HBEFA3/PC_G_EU4" CO2="16528.23" CO="266.45" HC="1.62" NOx="7.17" PMx="0.39" fuel="7.10" electricity="0.00" noise="76.14" route="routetop" type="cfm-slow" waiting="0.00" lane="top_0" pos="29.94" speed="23.53" angle="220.62" x="8.25" y="104.10"/>
        <vehicle id="cfm-slow_5" eclass="HBEFA3/PC_G_EU4" CO2="18953.01" CO="320.61" HC="1.93" NOx="8.28" PMx="0.45" fuel="8.15" electricity="0.00" noise="77.58" route="routetop" type="cfm-slow" waiting="0.00" lane="top_0" pos="49.14" speed="25.13" angle="186.09" x="-4.91" y="65.61"/>
    </timestep>
    <timestep time="4.09">
        <vehicle id="cfm-fast_0" eclass="HBEFA3/PC_G_EU4" CO2="19081.66" CO="330.49" HC="1.98" NOx="8.30" PMx="0.46" fuel="8.20" electricity="0.00" noise="77.72" route="routetop" type="cfm-fast" waiting="0.00" lane="left_0" pos="20.23" speed="26.91" angle="148.02" x="8.46" y="22.93"/>
        <vehicle id="cfm-fast_1" eclass="HBEFA3/PC_G_EU4" CO2="13072.62" CO="214.33" HC="1.30" NOx="5.43" PMx="0.31" fuel="5.62" electricity="0.00" noise="75.32" route="routetop" type="cfm-fast" waiting="0.00" lane="left_0" pos="38.95" speed="28.31" angle="114.42" x="40.28" y="-0.83"/>
        <vehicle id="cfm-fast_2" eclass="HBEFA3/PC_G_EU4" CO2="0.00" CO="0.00" HC="0.00" NOx="0.00" PMx="0.00" fuel="0.00" electricity="0.00" noise="72.08" route="routebottom" type="cfm-fast" waiting="0.00" lane="bottom_0" pos="9.08" speed="28.63" angle="78.09" x="83.02" y="-2.15"/>
        <vehicle id="cfm-fast_3" eclass="HBEFA3/PC_G_EU4" CO2="0.00" CO="0.00" HC="0.00" NOx="0.00" PMx="0.00" fuel="0.00" electricity="0.00" noise="70.53" route="routebottom" type="cfm-fast" waiting="0.00" lane="bottom_0" pos="29.41" speed="26.73" angle="41.54" x="118.40" y="22.30"/>
        <vehicle id="cfm-fast_4" eclass="HBEFA3/PC_G_EU4" CO2="216345.77" CO="4867.35" HC="27.60" NOx="100.83" PMx="5.83" fuel="93.00" electricity="0.00" noise="141.56" route="routebottom" type="cfm-fast" waiting="0.00" lane="right_1" pos="22.40" speed="55.38" angle="324.15" x="113.45" y="105.92"/>
        <vehicle id="cfm-fast_5" eclass="HBEFA3/PC_G_EU4" CO2="0.00" CO="0.00" HC="0.00" NOx="0.00" PMx="0.00" fuel="0.00" electricity="0.00" noise="68.96" route="routebottom" type="cfm-fast" waiting="0.00" lane="bottom_0" pos="48.69" speed="22.25" angle="6.92" x="132.21" y="60.74"/>
        <vehicle id="cfm-slow_0" eclass="HBEFA3/PC_G_EU4" CO2="7325.67" CO="74.79" HC="0.52" NOx="2.90" PMx="0.14" fuel="3.15" electricity="0.00" noise="70.50" route="routebottom" type="cfm-slow" waiting="0.00" lane="right_0" pos="12.93" speed="20.52" angle="341.20" x="126.67" y="90.81"/>
        <vehicle id="cfm-slow_1" eclass="HBEFA3/PC_G_EU4" CO2="8811.54" CO="105.26" HC="0.69" NOx="3.59" PMx="0.18" fuel="3.79" electricity="0.00" noise="71.34" route="routebottom" type="cfm-slow" waiting="0.00" lane="right_0" pos="28.99" speed="20.80" angle="312.32" x="105.74" y="117.84"/>
        <vehicle id="cfm-slow_2" eclass="HBEFA3/PC_G_EU4" CO2="11001.68" CO="150.32" HC="0.95" NOx="4.61" PMx="0.24" fuel="4.73" electricity="0.00" noise="72.67" route="routebottom" type="cfm-slow" waiting="0.00" lane="right_0" pos="45.35" speed="21.36" angle="282.92" x="73.73" y="131.52"/>
        <vehicle id="cfm-slow_3" eclass="HBEFA3/PC_G_EU4" CO2="13702.37" CO="206.42" HC="1.28" NOx="5.86" PMx="0.31" fuel="5.89" electricity="0.00" noise="74.38" route="routetop" type="cfm-slow" waiting="0.00" lane="top_0" pos="12.29" speed="22.26" angle="252.31" x="37.78" y="127.19"/>
        <vehicle id="cfm-slow_4" eclass="HBEFA3/PC_G_EU4" CO2="16528.45" CO="266.49" HC="1.62" NOx="7.17" PMx="0.39" fuel="7.10" electricity="0.00" noise="76.14" route="routetop" type="cfm-slow" waiting="0.00" lane="top_0" pos="30.18" speed="23.55" angle="220.18" x="7.95" y="103.69"/>
        <vehicle id="cfm-slow_5" eclass="HBEFA3/PC_G_EU4" CO2="18932.50" CO="320.26" HC="1.93" NOx="8.27" PMx="0.45" fuel="8.14" electricity="0.00" noise="77.57" route="routetop" type="cfm-slow" waiting="0.00" lane="top_0" pos="49.39" speed="25.15" angle="185.63" x="-4.92" y="65.07"/>
    </timestep>
    <timestep time="4.10">
        <vehicle id="cfm-fast_0" eclass="HBEFA3/PC_G_EU4" CO2="18995.81" CO="328.82" HC="1.97" NOx="8.26" PMx="0.46" fuel="8.17" electricity="0.00" noise="77.68" route="routetop" type="cfm-fast" waiting="0.00" lane="left_0" pos="20.50" speed="26.93" angle="147.58" x="8.80" y="22.46"/>
        <vehicle id="cfm-fast_1" eclass="HBEFA3/PC_G_EU4" CO2="12886.19" CO="210.55" HC="1.28" NOx="5.34" PMx="0.30" fuel="5.54" electricity="0.00" noise="75.25" route="routetop" type="cfm-fast" waiting="0.00" lane="left_0" pos="39.24" speed="28.32" angle="113.90" x="40.86" y="-1.04"/>
        <vehicle id="cfm-fast_2" eclass="HBEFA3/PC_G_EU4" CO2="0.00" CO="0.00" HC="0.00" NOx="0.00" PMx="0.00" fuel="0.00" electricity="0.00" noise="72.06" route="routebottom" type="cfm-fast" waiting="0.00" lane="bottom_0" pos="9.36" speed="28.62" angle="77.57" x="83.61" y="-1.97"/>
        <vehicle id="cfm-fast_3" eclass="HBEFA3/PC_G_EU4" CO2="0.00" CO="0.00" HC="0.00" NOx="0.00" PMx="0.00" fuel="0.00" electricity="0.00" noise="70.52" route="routebottom" type="cfm-fast" waiting="0.00" lane="bottom_0" pos="29.67" speed="26.70" angle="41.09" x="118.74" y="22.76"/>
        <vehicle id="cfm-fast_4" eclass="HBEFA3/PC_G_EU4" CO2="216931.48" CO="4883.31" HC="27.69" NOx="101.11" PMx="5.85" fuel="93.25" electricity="0.00" noise="141.63" route="routebottom" type="cfm-fast" waiting="0.00" lane="right_1" pos="22.96" speed="55.51" angle="323.15" x="112.71" y="106.79"/>
        <vehicle id="cfm-fast_5" eclass="HBEFA3/PC_G_EU4" CO2="0.00" CO="0.00" HC="0.00" NOx="0.00" PMx="0.00" fuel="0.00" electricity="0.00" noise="68.96" route="routebottom" type="cfm-fast" waiting="0.00" lane="bottom_0" pos="48.91" speed="22.25" angle="6.54" x="132.23" y="61.22"/>
        <vehicle id="cfm-slow_0" eclass="HBEFA3/PC_G_EU4" CO2="7318.09" CO="74.63" HC="0.52" NOx="2.89" PMx="0.14" fuel="3.15" electricity="0.00" noise="70.50" route="routebottom" type="cfm-slow" waiting="0.00" lane="right_0" pos="13.13" speed="20.52" angle="340.83" x="126.49" y="91.21"/>
        <vehicle id="cfm-slow_1" eclass="HBEFA3/PC_G_EU4" CO2="8810.65" CO="105.24" HC="0.69" NOx="3.59" PMx="0.18" fuel="3.79" electricity="0.00" noise="71.35" route="routebottom" type="cfm-slow" waiting="0.00" lane="right_0" pos="29.19" speed="20.81" angle="311.94" x="105.39" y="118.11"/>
        <vehicle id="cfm-slow_2" eclass="HBEFA3/PC_G_EU4" CO2="11005.51" CO="150.40" HC="0.96" NOx="4.61" PMx="0.24" fuel="4.73" electricity="0.00" noise="72.68" route="routebottom" type="cfm-slow" waiting="0.00" lane="right_0" pos="45.56" speed="21.37" angle="282.54" x="73.27" y="131.59"/>
        <vehicle id="cfm-slow_3" eclass="HBEFA3/PC_G_EU4" CO2="13707.07" CO="206.54" HC="1.28" NOx="5.87" PMx="0.31" fuel="5.89" electricity="0.00" noise="74.39" route="routetop" type="cfm-slow" waiting="0.00" lane="top_0" pos="12.52" speed="22.28" angle="251.90" x="37.34" y="127.01"/>
        <vehicle id="cfm-slow_4" eclass="HBEFA3/PC_G_EU4" CO2="16528.67" CO="266.54" HC="1.62" NOx="7.17" PMx="0.39" fuel="7.10" electricity="0.00" noise="76.15" route="routetop" type="cfm-slow" waiting="0.00" lane="top_0" pos="30.42" speed="23.57" angle="219.75" x="7.66" y="103.27"/>
        <vehicle id="cfm-slow_5" eclass="HBEFA3/PC_G_EU4" CO2="18911.62" CO="319.91" HC="1.93" NOx="8.26" PMx="0.45" fuel="8.13" electricity="0.00" noise="77.56" route="routetop" type="cfm-slow" waiting="0.00" lane="top_0" pos="49.64" speed="25.17" angle="185.17" x="-4.93" y="64.53"/>
    </timestep>
    <timestep time="4.11">
        <vehicle id="cfm-fast_0" eclass="HBEFA3/PC_G_EU4" CO2="18909.25" CO="327.13" HC="1.96" NOx="8.22" PMx="0.46" fuel="8.13" electricity="0.00" noise="77.63" route="routetop" type="cfm-fast" waiting="0.00" lane="left_0" pos="20.77" speed="26.95" angle="147.09" x="9.16" y="22.01"/>
        <vehicle id="cfm-fast_1" eclass="HBEFA3/PC_G_EU4" CO2="12700.07" CO="206.78" HC="1.26" NOx="5.26" PMx="0.30" fuel="5.46" electricity="0.00" noise="75.19" route="routetop" type="cfm-fast" waiting="0.00" lane="left_0" pos="39.52" speed="28.33" angle="113.38" x="41.43" y="-1.24"/>
        <vehicle id="cfm-fast_2" eclass="HBEFA3/PC_G_EU4" CO2="0.00" CO="0.00" HC="0.00" NOx="0.00" PMx="0.00" fuel="0.00" electricity="0.00" noise="72.04" route="routebottom" type="cfm-fast" waiting="0.00" lane="bottom_0" pos="9.65" speed="28.61" angle="77.04" x="84.20" y="-1.79"/>
        <vehicle id="cfm-fast_3" eclass="HBEFA3/PC_G_EU4" CO2="0.00" CO="0.00" HC="0.00" NOx="0.00" PMx="0.00" fuel="0.00" electricity="0.00" noise="70.50" route="routebottom" type="cfm-fast" waiting="0.00" lane="bottom_0" pos="29.94" speed="26.67" angle="40.60" x="119.07" y="23.23"/>
        <vehicle id="cfm-fast_4" eclass="HBEFA3/PC_G_EU4" CO2="217517.49" CO="4899.30" HC="27.78" NOx="101.38" PMx="5.87" fuel="93.50" electricity="0.00" noise="141.69" route="routebottom" type="cfm-fast" waiting="0.00" lane="right_1" pos="23.51" speed="55.65" angle="322.20" x="111.95" y="107.63"/>
        <vehicle id="cfm-fast_5" eclass="HBEFA3/PC_G_EU4" CO2="0.00" CO="0.00" HC="0.00" NOx="0.00" PMx="0.00" fuel="0.00" electricity="0.00" noise="68.96" route="routebottom" type="cfm-fast" waiting="0.00" lane="bottom_0" pos="49.13" speed="22.24" angle="6.13" x="132.23" y="61.70"/>
        <vehicle id="cfm-slow_0" eclass="HBEFA3/PC_G_EU4" CO2="7310.75" CO="74.47" HC="0.52" NOx="2.89" PMx="0.14" fuel="3.14" electricity="0.00" noise="70.50" route="routebottom" type="cfm-slow" waiting="0.00" lane="right_0" pos="13.34" speed="20.53" angle="340.45" x="126.31" y="91.61"/>
        <vehicle id="cfm-slow_1" eclass="HBEFA3/PC_G_EU4" CO2="8809.98" CO="105.22" HC="0.69" NOx="3.59" PMx="0.18" fuel="3.79" electricity="0.00" noise="71.35" route="routebottom" type="cfm-slow" waiting="0.00" lane="right_0" pos="29.40" speed="20.82" angle="311.58" x="105.04" y="118.39"/>
        <vehicle id="cfm-slow_2" eclass="HBEFA3/PC_G_EU4" CO2="11009.53" CO="150.49" HC="0.96" NOx="4.61" PMx="0.24" fuel="4.73" electricity="0.00" noise="72.68" route="routebottom" type="cfm-slow" waiting="0.00" lane="right_0" pos="45.78" speed="21.38" angle="282.15" x="72.81" y="131.65"/>
        <vehicle id="cfm-slow_3" eclass="HBEFA3/PC_G_EU4" CO2="13711.92" CO="206.65" HC="1.28" NOx="5.87" PMx="0.31" fuel="5.89" electricity="0.00" noise="74.39" route="routetop" type="cfm-slow" waiting="0.00" lane="top_0" pos="12.74" speed="22.30" angle="251.53" x="36.89" y="126.83"/>
        <vehicle id="cfm-slow_4" eclass="HBEFA3/PC_G_EU4" CO2="16528.90" CO="266.59" HC="1.62" NOx="7.17" PMx="0.39" fuel="7.10" electricity="0.00" noise="76.15" route="routetop" type="cfm-slow" waiting="0.00" lane="top_0" pos="30.65" speed="23.59" angle="219.31" x="7.36" y="102.86"/>
        <vehicle id="cfm-slow_5" eclass="HBEFA3/PC_G_EU4" CO2="18890.35" CO="319.54" HC="1.92" NOx="8.25" PMx="0.45" fuel="8.12" electricity="0.00" noise="77.55" route="routetop" type="cfm-slow" waiting="0.00" lane="top_0" pos="49.89" speed="25.19" angle="184.71" x="-4.94" y="63.99"/>
    </timestep>
    <timestep time="4.12">
        <vehicle id="cfm-fast_0" eclass="HBEFA3/PC_G_EU4" CO2="18822.01" CO="325.43" HC="1.95" NOx="8.17" PMx="0.46" fuel="8.09" electricity="0.00" noise="77.59" route="routetop" type="cfm-fast" waiting="0.00" lane="left_0" pos="21.03" speed="26.97" angle="146.60" x="9.52" y="21.55"/>
        <vehicle id="cfm-fast_1" eclass="HBEFA3/PC_G_EU4" CO2="12514.27" CO="203.01" HC="1.24" NOx="5.17" PMx="0.30" fuel="5.38" electricity="0.00" noise="75.13" route="routetop" type="cfm-fast" waiting="0.00" lane="left_0" pos="39.80" speed="28.34" angle="112.92" x="42.01" y="-1.44"/>
        <vehicle id="cfm-fast_2" eclass="HBEFA3/PC_G_EU4" CO2="0.00" CO="0.00" HC="0.00" NOx="0.00" PMx="0.00" fuel="0.00" electricity="0.00" noise="72.02" route="routebottom" type="cfm-fast" waiting="0.00" lane="bottom_0" pos="9.94" speed="28.60" angle="76.51" x="84.79" y="-1.61"/>
        <vehicle id="cfm-fast_3" eclass="HBEFA3/PC_G_EU4" CO2="0.00" CO="0.00" HC="0.00" NOx="0.00" PMx="0.00" fuel="0.00" electricity="0.00" noise="70.49" route="routebottom" type="cfm-fast" waiting="0.00" lane="bottom_0" pos="30.21" speed="26.65" angle="40.11" x="119.41" y="23.69"/>
        <vehicle id="cfm-fast_4" eclass="HBEFA3/PC_G_EU4" CO2="218103.79" CO="4915.31" HC="27.86" NOx="101.66" PMx="5.88" fuel="93.75" electricity="0.00" noise="141.76" route="routebottom" type="cfm-fast" waiting="0.00" lane="right_1" pos="24.07" speed="55.78" angle="321.17" x="111.17" y="108.47"/>
        <vehicle id="cfm-fast_5" eclass="HBEFA3/PC_G_EU4" CO2="0.00" CO="0.00" HC="0.00" NOx="0.00" PMx="0.00" fuel="0.00" electricity="0.00" noise="68.96" route="routebottom" type="cfm-fast" waiting="0.00" lane="bottom_0" pos="49.35" speed="22.23" angle="5.71" x="132.24" y="62.18"/>
        <vehicle id="cfm-slow_0" eclass="HBEFA3/PC_G_EU4" CO2="7303.66" CO="74.32" HC="0.52" NOx="2.89" PMx="0.14" fuel="3.14" electricity="0.00" noise="70.50" route="routebottom" type="cfm-slow" waiting="0.00" lane="right_0" pos="13.54" speed="20.54" angle="340.08" x="126.13" y="92.02"/>
        <vehicle id="cfm-slow_1" eclass="HBEFA3/PC_G_EU4" CO2="8809.55" CO="105.21" HC="0.69" NOx="3.59" PMx="0.18" fuel="3.79" electricity="0.00" noise="71.35" route="routebottom" type="cfm-slow" waiting="0.00" lane="right_0" pos="29.61" speed="20.83" angle="311.24" x="104.68" y="118.66"/>
        <vehicle id="cfm-slow_2" eclass="HBEFA3/PC_G_EU4" CO2="11013.74" CO="150.58" HC="0.96" NOx="4.62" PMx="0.24" fuel="4.73" electricity="0.00" noise="72.69" route="routebottom" type="cfm-slow" waiting="0.00" lane="right_0" pos="45.99" speed="21.40" angle="281.77" x="72.36" y="131.72"/>
        <vehicle id="cfm-slow_3" eclass="HBEFA3/PC_G_EU4" CO2="13716.91" CO="206.77" HC="1.28" NOx="5.87" PMx="0.31" fuel="5.90" electricity="0.00" noise="74.40" route="routetop" type="cfm-slow" waiting="0.00" lane="top_0" pos="12.96" speed="22.32" angle="251.15" x="36.45" y="126.64"/>
        <vehicle id="cfm-slow_4" eclass="HBEFA3/PC_G_EU4" CO2="16529.12" CO="266.63" HC="1.62" NOx="7.17" PMx="0.39" fuel="7.11" electricity="0.00" noise="76.15" route="routetop" type="cfm-slow" waiting="0.00" lane="top_0" pos="30.89" speed="23.61" angle="218.94" x="7.07" y="102.44"/>
        <vehicle id="cfm-slow_5" eclass="HBEFA3/PC_G_EU4" CO2="18868.70" CO="319.17" HC="1.92" NOx="8.24" PMx="0.45" fuel="8.11" electricity="0.00" noise="77.53" route="routetop" type="cfm-slow" waiting="0.00" lane="left_0" pos="0.15" speed="25.22" angle="184.22" x="-4.94" y="63.26"/>
    </timestep>
    <timestep time="4.13">
        <vehicle id="cfm-fast_0" eclass="HBEFA3/PC_G_EU4" CO2="18734.08" CO="323.72" HC="1.94" NOx="8.13" PMx="0.45" fuel="8.05" electricity="0.00" noise="77.55" route="routetop" type="cfm-fast" waiting="0.00" lane="left_0" pos="21.30" speed="26.99" angle="146.10" x="9.87" y="21.09"/>
        <vehicle id="cfm-fast_1" eclass="HBEFA3/PC_G_EU4" CO2="12328.82" CO="199.25" HC="1.22" NOx="5.08" PMx="0.29" fuel="5.30" electricity="0.00" noise="75.06" route="routetop" type="cfm-fast" waiting="0.00" lane="left_0" pos="40.09" speed="28.35" angle="112.39" x="42.59" y="-1.62"/>
        <vehicle id="cfm-fast_2" eclass="HBEFA3/PC_G_EU4" CO2="0.00" CO="0.00" HC="0.00" NOx="0.00" PMx="0.00" fuel="0.00" electricity="0.00" noise="72.00" route="routebottom" type="cfm-fast" waiting="0.00" lane="bottom_0" pos="10.22" speed="28.58" angle="76.05" x="85.38" y="-1.43"/>
        <vehicle id="cfm-fast_3" eclass="HBEFA3/PC_G_EU4" CO2="0.00" CO="0.00" HC="0.00" NOx="0.00" PMx="0.00" fuel="0.00" electricity="0.00" noise="70.48" route="routebottom" type="cfm-fast" waiting="0.00" lane="bottom_0" pos="30.47" speed="26.62" angle="39.62" x="119.74" y="24.16"/>
        <vehicle id="cfm-fast_4" eclass="HBEFA3/PC_G_EU4" CO2="218690.39" CO="4931.34" HC="27.95" NOx="101.93" PMx="5.90" fuel="94.00" electricity="0.00" noise="141.83" route="routebottom" type="cfm-fast" waiting="0.00" lane="right_1" pos="24.63" speed="55.92" angle="320.21" x="110.37" y="109.30"/>
        <vehicle id="cfm-fast_5" eclass="HBEFA3/PC_G_EU4" CO2="0.00" CO="0.00" HC="0.00" NOx="0.00" PMx="0.00" fuel="0.00" electricity="0.00" noise="68.96" route="routebottom" type="cfm-fast" waiting="0.00" lane="bottom_0" pos="49.57" speed="22.23" angle="5.30" x="132.25" y="62.66"/>
        <vehicle id="cfm-slow_0" eclass="HBEFA3/PC_G_EU4" CO2="7296.82" CO="74.18" HC="0.52" NOx="2.88" PMx="0.14" fuel="3.14" electricity="0.00" noise="70.50" route="routebottom" type="cfm-slow" waiting="0.00" lane="right_0" pos="13.75" speed="20.55" angle="339.71" x="125.95" y="92.42"/>
        <vehicle id="cfm-slow_1" eclass="HBEFA3/PC_G_EU4" CO2="8809.34" CO="105.21" HC="0.69" NOx="3.59" PMx="0.18" fuel="3.79" electricity="0.00" noise="71.35" route="routebottom" type="cfm-slow" waiting="0.00" lane="right_0" pos="29.82" speed="20.84" angle="310.85" x="104.31" y="118.92"/>
        <vehicle id="cfm-slow_2" eclass="HBEFA3/PC_G_EU4" CO2="11018.14" CO="150.67" HC="0.96" NOx="4.62" PMx="0.24" fuel="4.74" electricity="0.00" noise="72.70" route="routebottom" type="cfm-slow" waiting="0.00" lane="right_0" pos="46.21" speed="21.41" angle="281.44" x="71.90" y="131.78"/>
        <vehicle id="cfm-slow_3" eclass="HBEFA3/PC_G_EU4" CO2="13722.04" CO="206.89" HC="1.28" NOx="5.87" PMx="0.31" fuel="5.90" electricity="0.00" noise="74.40" route="routetop" type="cfm-slow" waiting="0.00" lane="top_0" pos="13.19" speed="22.33" angle="250.74" x="36.01" y="126.45"/>
        <vehicle id="cfm-slow_4" eclass="HBEFA3/PC_G_EU4" CO2="16529.34" CO="266.68" HC="1.62" NOx="7.17" PMx="0.39" fuel="7.11" electricity="0.00" noise="76.15" route="routetop" type="cfm-slow" waiting="0.00" lane="top_0" pos="31.12" speed="23.63" angle="218.51" x="6.79" y="102.02"/>
        <vehicle id="cfm-slow_5" eclass="HBEFA3/PC_G_EU4" CO2="18846.65" CO="318.79" HC="1.92" NOx="8.22" PMx="0.45" fuel="8.10" electricity="0.00" noise="77.52" route="routetop" type="cfm-slow" waiting="0.00" lane="left_0" pos="0.40" speed="25.24" angle="183.76" x="-4.93" y="62.71"/>
    </timestep>
    <timestep time="4.14">
        <vehicle id="cfm-fast_0" eclass="HBEFA3/PC_G_EU4" CO2="18645.47" CO="321.99" HC="1.93" NOx="8.09" PMx="0.45" fuel="8.01" electricity="0.00" noise="77.51" route="routetop" type="cfm-fast" waiting="0.00" lane="left_0" pos="21.57" speed="27.01" angle="145.60" x="10.23" y="20.63"/>
        <vehicle id="cfm-fast_1" eclass="HBEFA3/PC_G_EU4" CO2="12143.71" CO="195.50" HC="1.20" NOx="4.99" PMx="0.29" fuel="5.22" electricity="0.00" noise="75.00" route="routetop" type="cfm-fast" waiting="0.00" lane="left_0" pos="40.37" speed="28.36" angle="111.86" x="43.17" y="-1.80"/>
        <vehicle id="cfm-fast_2" eclass="HBEFA3/PC_G_EU4" CO2="0.00" CO="0.00" HC="0.00" NOx="0.00" PMx="0.00" fuel="0.00" electricity="0.00" noise="71.98" route="routebottom" type="cfm-fast" waiting="0.00" lane="bottom_0" pos="10.51" speed="28.57" angle="75.53" x="85.95" y="-1.22"/>
        <vehicle id="cfm-fast_3" eclass="HBEFA3/PC_G_EU4" CO2="0.00" CO="0.00" HC="0.00" NOx="0.00" PMx="0.00" fuel="0.00" electricity="0.00" noise="70.46" route="routebottom" type="cfm-fast" waiting="0.00" lane="bottom_0" pos="30.74" speed="26.59" angle="39.18" x="120.08" y="24.62"/>
        <vehicle id="cfm-fast_4" eclass="HBEFA3/PC_G_EU4" CO2="219277.27" CO="4947.39" HC="28.04" NOx="102.21" PMx="5.92" fuel="94.26" electricity="0.00" noise="141.89" route="routebottom" type="cfm-fast" waiting="0.00" lane="right_1" pos="25.19" speed="56.06" angle="319.19" x="109.56" y="110.11"/>
        <vehicle id="cfm-fast_5" eclass="HBEFA3/PC_G_EU4" CO2="0.00" CO="0.00" HC="0.00" NOx="0.00" PMx="0.00" fuel="0.00" electricity="0.00" noise="68.96" route="routebottom" type="cfm-fast" waiting="0.00" lane="bottom_0" pos="49.80" speed="22.22" angle="4.88" x="132.26" y="63.13"/>
        <vehicle id="cfm-slow_0" eclass="HBEFA3/PC_G_EU4" CO2="7290.23" CO="74.04" HC="0.51" NOx="2.88" PMx="0.14" fuel="3.13" electricity="0.00" noise="70.50" route="routebottom" type="cfm-slow" waiting="0.00" lane="right_0" pos="13.95" speed="20.55" angle="339.34" x="125.77" y="92.83"/>
        <vehicle id="cfm-slow_1" eclass="HBEFA3/PC_G_EU4" CO2="8809.36" CO="105.20" HC="0.69" NOx="3.59" PMx="0.18" fuel="3.79" electricity="0.00" noise="71.36" route="routebottom" type="cfm-slow" waiting="0.00" lane="right_0" pos="30.03" speed="20.86" angle="310.46" x="103.95" y="119.18"/>
        <vehicle id="cfm-slow_2" eclass="HBEFA3/PC_G_EU4" CO2="11022.72" CO="150.77" HC="0.96" NOx="4.62" PMx="0.24" fuel="4.74" electricity="0.00" noise="72.70" route="routebottom" type="cfm-slow" waiting="0.00" lane="right_0" pos="46.42" speed="21.42" angle="281.05" x="71.44" y="131.83"/>
        <vehicle id="cfm-slow_3" eclass="HBEFA3/PC_G_EU4" CO2="13727.31" CO="207.02" HC="1.28" NOx="5.87" PMx="0.31" fuel="5.90" electricity="0.00" noise="74.40" route="routetop" type="cfm-slow" waiting="0.00" lane="top_0" pos="13.41" speed="22.35" angle="250.33" x="35.57" y="126.25"/>
        <vehicle id="cfm-slow_4" eclass="HBEFA3/PC_G_EU4" CO2="16529.54" CO="266.73" HC="1.62" NOx="7.17" PMx="0.39" fuel="7.11" electricity="0.00" noise="76.15" route="routetop" type="cfm-slow" waiting="0.00" lane="top_0" pos="31.36" speed="23.65" angle="218.09" x="6.51" y="101.60"/>
        <vehicle id="cfm-slow_5" eclass="HBEFA3/PC_G_EU4" CO2="18824.20" CO="318.41" HC="1.92" NOx="8.21" PMx="0.45" fuel="8.09" electricity="0.00" noise="77.51" route="routetop" type="cfm-slow" waiting="0.00" lane="left_0" pos="0.65" speed="25.26" angle="183.30" x="-4.92" y="62.17"/>
    </timestep>
    <timestep time="4.15">
        <vehicle id="cfm-fast_0" eclass="HBEFA3/PC_G_EU4" CO2="18556.19" CO="320.25" HC="1.92" NOx="8.05" PMx="0.45" fuel="7.98" electricity="0.00" noise="77.46" route="routetop" type="cfm-fast" waiting="0.00" lane="left_0" pos="21.85" speed="27.03" angle="145.16" x="10.60" y="20.18"/>
        <vehicle id="cfm-fast_1" eclass="HBEFA3/PC_G_EU4" CO2="11958.98" CO="191.75" HC="1.17" NOx="4.90" PMx="0.28" fuel="5.14" electricity="0.00" noise="74.94" route="routetop" type="cfm-fast" waiting="0.00" lane="left_0" pos="40.65" speed="28.37" angle="111.32" x="43.75" y="-1.98"/>
        <vehicle id="cfm-fast_2" eclass="HBEFA3/PC_G_EU4" CO2="0.00" CO="0.00" HC="0.00" NOx="0.00" PMx="0.00" fuel="0.00" electricity="0.00" noise="71.96" route="routebottom" type="cfm-fast" waiting="0.00" lane="bottom_0" pos="10.79" speed="28.56" angle="74.99" x="86.53" y="-1.01"/>
        <vehicle id="cfm-fast_3" eclass="HBEFA3/PC_G_EU4" CO2="0.00" CO="0.00" HC="0.00" NOx="0.00" PMx="0.00" fuel="0.00" electricity="0.00" noise="70.45" route="routebottom" type="cfm-fast" waiting="0.00" lane="bottom_0" pos="31.01" speed="26.57" angle="38.71" x="120.40" y="25.10"/>
        <vehicle id="cfm-fast_4" eclass="HBEFA3/PC_G_EU4" CO2="219864.45" CO="4963.47" HC="28.13" NOx="102.48" PMx="5.94" fuel="94.51" electricity="0.00" noise="141.96" route="routebottom" type="cfm-fast" waiting="0.00" lane="right_1" pos="25.75" speed="56.19" angle="318.22" x="108.74" y="110.92"/>
        <vehicle id="cfm-fast_5" eclass="HBEFA3/PC_G_EU4" CO2="0.00" CO="0.00" HC="0.00" NOx="0.00" PMx="0.00" fuel="0.00" electricity="0.00" noise="68.96" route="routebottom" type="cfm-fast" waiting="0.00" lane="right_0" pos="0.02" speed="22.21" angle="4.43" x="132.27" y="63.80"/>
        <vehicle id="cfm-slow_0" eclass="HBEFA3/PC_G_EU4" CO2="7283.88" CO="73.91" HC="0.51" NOx="2.88" PMx="0.14" fuel="3.13" electricity="0.00" noise="70.50" route="routebottom" type="cfm-slow" waiting="0.00" lane="right_0" pos="14.16" speed="20.56" angle="339.01" x="125.58" y="93.23"/>
        <vehicle id="cfm-slow_1" eclass="HBEFA3/PC_G_EU4" CO2="8809.60" CO="105.21" HC="0.69" NOx="3.59" PMx="0.18" fuel="3.79" electricity="0.00" noise="71.36" route="routebottom" type="cfm-slow" waiting="0.00" lane="right_0" pos="30.24" speed="20.87" angle="310.07" x="103.58" y="119.44"/>
        <vehicle id="cfm-slow_2" eclass="HBEFA3/PC_G_EU4" CO2="11027.50" CO="150.87" HC="0.96" NOx="4.62" PMx="0.24" fuel="4.74" electricity="0.00" noise="72.71" route="routebottom" type="cfm-slow" waiting="0.00" lane="right_0" pos="46.63" speed="21.44" angle="280.65" x="70.99" y="131.88"/>
        <vehicle id="cfm-slow_3" eclass="HBEFA3/PC_G_EU4" CO2="13732.71" CO="207.15" HC="1.28" NOx="5.88" PMx="0.31" fuel="5.90" electricity="0.00" noise="74.41" route="routetop" type="cfm-slow" waiting="0.00" lane="top_0" pos="13.63" speed="22.37" angle="249.93" x="35.13" y="126.05"/>
        <vehicle id="cfm-slow_4" eclass="HBEFA3/PC_G_EU4" CO2="16529.73" CO="266.77" HC="1.62" NOx="7.17" PMx="0.39" fuel="7.11" electricity="0.00" noise="76.15" route="routetop" type="cfm-slow" waiting="0.00" lane="top_0" pos="31.60" speed="23.67" angle="217.66" x="6.22" y="101.17"/>
        <vehicle id="cfm-slow_5" eclass="HBEFA3/PC_G_EU4" CO2="18801.35" CO="318.01" HC="1.92" NOx="8.20" PMx="0.45" fuel="8.08" electricity="0.00" noise="77.50" route="routetop" type="cfm-slow" waiting="0.00" lane="left_0" pos="0.90" speed="25.28" angle="182.84" x="-4.91" y="61.63"/>
    </timestep>
    <timestep time="4.16">
        <vehicle id="cfm-fast_0" eclass="HBEFA3/PC_G_EU4" CO2="18466.25" CO="318.49" HC="1.91" NOx="8.00" PMx="0.45" fuel="7.94" electricity="0.00" noise="77.42" route="routetop" type="cfm-fast" waiting="0.00" lane="left_0" pos="22.12" speed="27.04" angle="144.66" x="10.97" y="19.74"/>
        <vehicle id="cfm-fast_1" eclass="HBEFA3/PC_G_EU4" CO2="11774.64" CO="188.01" HC="1.15" NOx="4.82" PMx="0.28" fuel="5.06" electricity="0.00" noise="74.88" route="routetop" type="cfm-fast" waiting="0.00" lane="left_0" pos="40.94" speed="28.37" angle="110.80" x="44.34" y="-2.16"/>
        <vehicle id="cfm-fast_2" eclass="HBEFA3/PC_G_EU4" CO2="0.00" CO="0.00" HC="0.00" NOx="0.00" PMx="0.00" fuel="0.00" electricity="0.00" noise="71.94" route="routebottom" type="cfm-fast" waiting="0.00" lane="bottom_0" pos="11.08" speed="28.55" angle="74.46" x="87.11" y="-0.81"/>
        <vehicle id="cfm-fast_3" eclass="HBEFA3/PC_G_EU4" CO2="0.00" CO="0.00" HC="0.00" NOx="0.00" PMx="0.00" fuel="0.00" electricity="0.00" noise="70.44" route="routebottom" type="cfm-fast" waiting="0.00" lane="bottom_0" pos="31.27" speed="26.54" angle="38.23" x="120.72" y="25.57"/>
        <vehicle id="cfm-fast_4" eclass="HBEFA3/PC_G_EU4" CO2="220451.92" CO="4979.56" HC="28.22" NOx="102.76" PMx="5.95" fuel="94.76" electricity="0.00" noise="142.02" route="routebottom" type="cfm-fast" waiting="0.00" lane="right_1" pos="26.31" speed="56.33" angle="317.19" x="107.89" y="111.70"/>
        <vehicle id="cfm-fast_5" eclass="HBEFA3/PC_G_EU4" CO2="0.00" CO="0.00" HC="0.00" NOx="0.00" PMx="0.00" fuel="0.00" electricity="0.00" noise="68.96" route="routebottom" type="cfm-fast" waiting="0.00" lane="right_0" pos="0.24" speed="22.21" angle="4.03" x="132.26" y="64.28"/>
        <vehicle id="cfm-slow_0" eclass="HBEFA3/PC_G_EU4" CO2="7277.77" CO="73.78" HC="0.51" NOx="2.87" PMx="0.14" fuel="3.13" electricity="0.00" noise="70.50" route="routebottom" type="cfm-slow" waiting="0.00" lane="right_0" pos="14.37" speed="20.57" angle="338.62" x="125.38" y="93.62"/>
        <vehicle id="cfm-slow_1" eclass="HBEFA3/PC_G_EU4" CO2="8810.06" CO="105.21" HC="0.69" NOx="3.59" PMx="0.18" fuel="3.79" electricity="0.00" noise="71.36" route="routebottom" type="cfm-slow" waiting="0.00" lane="right_0" pos="30.45" speed="20.88" angle="309.69" x="103.22" y="119.70"/>
        <vehicle id="cfm-slow_2" eclass="HBEFA3/PC_G_EU4" CO2="11032.45" CO="150.97" HC="0.96" NOx="4.62" PMx="0.24" fuel="4.74" electricity="0.00" noise="72.71" route="routebottom" type="cfm-slow" waiting="0.00" lane="right_0" pos="46.85" speed="21.45" angle="280.26" x="70.53" y="131.92"/>
        <vehicle id="cfm-slow_3" eclass="HBEFA3/PC_G_EU4" CO2="13738.24" CO="207.28" HC="1.28" NOx="5.88" PMx="0.31" fuel="5.91" electricity="0.00" noise="74.42" route="routetop" type="cfm-slow" waiting="0.00" lane="top_0" pos="13.86" speed="22.39" angle="249.52" x="34.69" y="125.86"/>
        <vehicle id="cfm-slow_4" eclass="HBEFA3/PC_G_EU4" CO2="16529.89" CO="266.82" HC="1.62" NOx="7.17" PMx="0.39" fuel="7.11" electricity="0.00" noise="76.15" route="routetop" type="cfm-slow" waiting="0.00" lane="top_0" pos="31.83" speed="23.69" angle="217.23" x="5.94" y="100.75"/>
        <vehicle id="cfm-slow_5" eclass="HBEFA3/PC_G_EU4" CO2="18778.09" CO="317.61" HC="1.91" NOx="8.19" PMx="0.45" fuel="8.07" electricity="0.00" noise="77.49" route="routetop" type="cfm-slow" waiting="0.00" lane="left_0" pos="1.16" speed="25.30" angle="182.38" x="-4.89" y="61.08"/>
    </timestep>
    <timestep time="4.17">
        <vehicle id="cfm-fast_0" eclass="HBEFA3/PC_G_EU4" CO2="18375.64" CO="316.72" HC="1.90" NOx="7.96" PMx="0.44" fuel="7.90" electricity="0.00" noise="77.38" route="routetop" type="cfm-fast" waiting="0.00" lane="left_0" pos="22.39" speed="27.06" angle="144.15" x="11.35" y="19.29"/>
        <vehicle id="cfm-fast_1" eclass="HBEFA3/PC_G_EU4" CO2="11590.70" CO="184.27" HC="1.13" NOx="4.73" PMx="0.27" fuel="4.98" electricity="0.00" noise="74.82" route="routetop" type="cfm-fast" waiting="0.00" lane="left_0" pos="41.22" speed="28.38" angle="110.33" x="44.92" y="-2.33"/>
        <vehicle id="cfm-fast_2" eclass="HBEFA3/PC_G_EU4" CO2="0.00" CO="0.00" HC="0.00" NOx="0.00" PMx="0.00" fuel="0.00" electricity="0.00" noise="71.93" route="routebottom" type="cfm-fast" waiting="0.00" lane="bottom_0" pos="11.36" speed="28.54" angle="73.93" x="87.69" y="-0.60"/>
        <vehicle id="cfm-fast_3" eclass="HBEFA3/PC_G_EU4" CO2="0.00" CO="0.00" HC="0.00" NOx="0.00" PMx="0.00" fuel="0.00" electricity="0.00" noise="70.42" route="routebottom" type="cfm-fast" waiting="0.00" lane="bottom_0" pos="31.54" speed="26.51" angle="37.76" x="121.03" y="26.05"/>
        <vehicle id="cfm-fast_4" eclass="HBEFA3/PC_G_EU4" CO2="221039.68" CO="4995.68" HC="28.31" NOx="103.03" PMx="5.97" fuel="95.01" electricity="0.00" noise="142.09" route="routebottom" type="cfm-fast" waiting="0.00" lane="right_1" pos="26.88" speed="56.47" angle="316.20" x="107.04" y="112.49"/>
        <vehicle id="cfm-fast_5" eclass="HBEFA3/PC_G_EU4" CO2="0.00" CO="0.00" HC="0.00" NOx="0.00" PMx="0.00" fuel="0.00" electricity="0.00" noise="68.96" route="routebottom" type="cfm-fast" waiting="0.00" lane="right_0" pos="0.46" speed="22.20" angle="3.63" x="132.25" y="64.76"/>
        <vehicle id="cfm-slow_0" eclass="HBEFA3/PC_G_EU4" CO2="7271.91" CO="73.65" HC="0.51" NOx="2.87" PMx="0.14" fuel="3.13" electricity="0.00" noise="70.50" route="routebottom" type="cfm-slow" waiting="0.00" lane="right_0" pos="14.57" speed="20.58" angle="338.23" x="125.18" y="94.02"/>
        <vehicle id="cfm-slow_1" eclass="HBEFA3/PC_G_EU4" CO2="8810.74" CO="105.22" HC="0.69" NOx="3.59" PMx="0.18" fuel="3.79" electricity="0.00" noise="71.37" route="routebottom" type="cfm-slow" waiting="0.00" lane="right_0" pos="30.65" speed="20.89" angle="309.30" x="102.85" y="119.97"/>
        <vehicle id="cfm-slow_2" eclass="HBEFA3/PC_G_EU4" CO2="11037.59" CO="151.08" HC="0.96" NOx="4.63" PMx="0.24" fuel="4.74" electricity="0.00" noise="72.72" route="routebottom" type="cfm-slow" waiting="0.00" lane="right_0" pos="47.06" speed="21.47" angle="279.86" x="70.07" y="131.97"/>
        <vehicle id="cfm-slow_3" eclass="HBEFA3/PC_G_EU4" CO2="13743.90" CO="207.41" HC="1.28" NOx="5.88" PMx="0.31" fuel="5.91" electricity="0.00" noise="74.42" route="routetop" type="cfm-slow" waiting="0.00" lane="top_0" pos="14.08" speed="22.40" angle="249.17" x="34.25" y="125.66"/>
        <vehicle id="cfm-slow_4" eclass="HBEFA3/PC_G_EU4" CO2="16530.03" CO="266.87" HC="1.62" NOx="7.17" PMx="0.39" fuel="7.11" electricity="0.00" noise="76.15" route="routetop" type="cfm-slow" waiting="0.00" lane="top_0" pos="32.07" speed="23.71" angle="216.86" x="5.66" y="100.32"/>
        <vehicle id="cfm-slow_5" eclass="HBEFA3/PC_G_EU4" CO2="18754.43" CO="317.20" HC="1.91" NOx="8.18" PMx="0.45" fuel="8.06" electricity="0.00" noise="77.47" route="routetop" type="cfm-slow" waiting="0.00" lane="left_0" pos="1.41" speed="25.33" angle="181.95" x="-4.87" y="60.54"/>
    </timestep>
    <timestep time="4.18">
        <vehicle id="cfm-fast_0" eclass="HBEFA3/PC_G_EU4" CO2="18284.38" CO="314.94" HC="1.89" NOx="7.92" PMx="0.44" fuel="7.86" electricity="0.00" noise="77.33" route="routetop" type="cfm-fast" waiting="0.00" lane="left_0" pos="22.66" speed="27.08" angle="143.65" x="11.73" y="18.85"/>
        <vehicle id="cfm-fast_1" eclass="HBEFA3/PC_G_EU4" CO2="11407.18" CO="180.54" HC="1.11" NOx="4.64" PMx="0.27" fuel="4.90" electricity="0.00" noise="74.76" route="routetop" type="cfm-fast" waiting="0.00" lane="left_0" pos="41.51" speed="28.39" angle="109.80" x="45.51" y="-2.49"/>
        <vehicle id="cfm-fast_2" eclass="HBEFA3/PC_G_EU4" CO2="0.00" CO="0.00" HC="0.00" NOx="0.00" PMx="0.00" fuel="0.00" electricity="0.00" noise="71.91" route="routebottom" type="cfm-fast" waiting="0.00" lane="bottom_0" pos="11.65" speed="28.52" angle="73.48" x="88.26" y="-0.38"/>
        <vehicle id="cfm-fast_3" eclass="HBEFA3/PC_G_EU4" CO2="0.00" CO="0.00" HC="0.00" NOx="0.00" PMx="0.00" fuel="0.00" electricity="0.00" noise="70.41" route="routebottom" type="cfm-fast" waiting="0.00" lane="bottom_0" pos="31.80" speed="26.49" angle="37.28" x="121.35" y="26.52"/>
        <vehicle id="cfm-fast_4" eclass="HBEFA3/PC_G_EU4" CO2="221627.73" CO="5011.82" HC="28.39" NOx="103.31" PMx="5.99" fuel="95.27" electricity="0.00" noise="142.16" route="routebottom" type="cfm-fast" waiting="0.00" lane="right_1" pos="27.45" speed="56.60" angle="315.11" x="106.16" y="113.24"/>
        <vehicle id="cfm-fast_5" eclass="HBEFA3/PC_G_EU4" CO2="0.00" CO="0.00" HC="0.00" NOx="0.00" PMx="0.00" fuel="0.00" electricity="0.00" noise="68.96" route="routebottom" type="cfm-fast" waiting="0.00" lane="right_0" pos="0.69" speed="22.19" angle="3.23" x="132.24" y="65.23"/>
        <vehicle id="cfm-slow_0" eclass="HBEFA3/PC_G_EU4" CO2="7266.28" CO="73.53" HC="0.51" NOx="2.87" PMx="0.14" fuel="3.12" electricity="0.00" noise="70.50" route="routebottom" type="cfm-slow" waiting="0.00" lane="right_0" pos="14.78" speed="20.58" angle="337.84" x="124.99" y="94.41"/>
        <vehicle id="cfm-slow_1" eclass="HBEFA3/PC_G_EU4" CO2="8811.64" CO="105.24" HC="0.69" NOx="3.59" PMx="0.18" fuel="3.79" electricity="0.00" noise="71.37" route="routebottom" type="cfm-slow" waiting="0.00" lane="right_0" pos="30.86" speed="20.90" angle="308.97" x="102.49" y="120.22"/>
        <vehicle id="cfm-slow_2" eclass="HBEFA3/PC_G_EU4" CO2="11042.91" CO="151.20" HC="0.96" NOx="4.63" PMx="0.24" fuel="4.75" electricity="0.00" noise="72.72" route="routebottom" type="cfm-slow" waiting="0.00" lane="right_0" pos="47.28" speed="21.48" angle="279.47" x="69.61" y="132.02"/>
        <vehicle id="cfm-slow_3" eclass="HBEFA3/PC_G_EU4" CO2="13749.68" CO="207.55" HC="1.28" NOx="5.88" PMx="0.31" fuel="5.91" electricity="0.00" noise="74.43" route="routetop" type="cfm-slow" waiting="0.00" lane="top_0" pos="14.31" speed="22.42" angle="248.74" x="33.82" y="125.44"/>
        <vehicle id="cfm-slow_4" eclass="HBEFA3/PC_G_EU4" CO2="16530.14" CO="266.91" HC="1.63" NOx="7.17" PMx="0.39" fuel="7.11" electricity="0.00" noise="76.15" route="routetop" type="cfm-slow" waiting="0.00" lane="top_0" pos="32.31" speed="23.74" angle="216.41" x="5.40" y="99.89"/>
        <vehicle id="cfm-slow_5" eclass="HBEFA3/PC_G_EU4" CO2="18730.34" CO="316.78" HC="1.91" NOx="8.17" PMx="0.45" fuel="8.05" electricity="0.00" noise="77.46" route="routetop" type="cfm-slow" waiting="0.00" lane="left_0" pos="1.66" speed="25.35" angle="181.49" x="-4.84" y="59.99"/>
    </timestep>
    <timestep time="4.19">
        <vehicle id="cfm-fast_0" eclass="HBEFA3/PC_G_EU4" CO2="18192.47" CO="313.14" HC="1.88" NOx="7.87" PMx="0.44" fuel="7.82" electricity="0.00" noise="77.29" route="routetop" type="cfm-fast" waiting="0.00" lane="left_0" pos="22.93" speed="27.10" angle="143.14" x="12.10" y="18.40"/>
        <vehicle id="cfm-fast_1" eclass="HBEFA3/PC_G_EU4" CO2="11224.10" CO="176.82" HC="1.09" NOx="4.56" PMx="0.26" fuel="4.82" electricity="0.00" noise="74.71" route="routetop" type="cfm-fast" waiting="0.00" lane="left_0" pos="41.79" speed="28.40" angle="109.27" x="46.10" y="-2.65"/>
        <vehicle id="cfm-fast_2" eclass="HBEFA3/PC_G_EU4" CO2="0.00" CO="0.00" HC="0.00" NOx="0.00" PMx="0.00" fuel="0.00" electricity="0.00" noise="71.89" route="routebottom" type="cfm-fast" waiting="0.00" lane="bottom_0" pos="11.93" speed="28.51" angle="72.97" x="88.83" y="-0.15"/>
        <vehicle id="cfm-fast_3" eclass="HBEFA3/PC_G_EU4" CO2="0.00" CO="0.00" HC="0.00" NOx="0.00" PMx="0.00" fuel="0.00" electricity="0.00" noise="70.40" route="routebottom" type="cfm-fast" waiting="0.00" lane="bottom_0" pos="32.07" speed="26.46" angle="36.87" x="121.67" y="26.99"/>
        <vehicle id="cfm-fast_4" eclass="HBEFA3/PC_G_EU4" CO2="222216.08" CO="5027.98" HC="28.48" NOx="103.58" PMx="6.00" fuel="95.52" electricity="0.00" noise="142.22" route="routebottom" type="cfm-fast" waiting="0.00" lane="right_1" pos="28.01" speed="56.74" angle="313.99" x="105.27" y="113.99"/>
        <vehicle id="cfm-fast_5" eclass="HBEFA3/PC_G_EU4" CO2="0.00" CO="0.00" HC="0.00" NOx="0.00" PMx="0.00" fuel="0.00" electricity="0.00" noise="68.96" route="routebottom" type="cfm-fast" waiting="0.00" lane="right_0" pos="0.91" speed="22.19" angle="2.83" x="132.23" y="65.71"/>
        <vehicle id="cfm-slow_0" eclass="HBEFA3/PC_G_EU4" CO2="7260.89" CO="73.42" HC="0.51" NOx="2.86" PMx="0.14" fuel="3.12" electricity="0.00" noise="70.50" route="routebottom" type="cfm-slow" waiting="0.00" lane="right_0" pos="14.98" speed="20.59" angle="337.45" x="124.79" y="94.81"/>
        <vehicle id="cfm-slow_1" eclass="HBEFA3/PC_G_EU4" CO2="8812.75" CO="105.26" HC="0.69" NOx="3.59" PMx="0.18" fuel="3.79" electricity="0.00" noise="71.37" route="routebottom" type="cfm-slow" waiting="0.00" lane="right_0" pos="31.07" speed="20.91" angle="308.60" x="102.11" y="120.47"/>
        <vehicle id="cfm-slow_2" eclass="HBEFA3/PC_G_EU4" CO2="11048.40" CO="151.31" HC="0.96" NOx="4.63" PMx="0.24" fuel="4.75" electricity="0.00" noise="72.73" route="routebottom" type="cfm-slow" waiting="0.00" lane="right_0" pos="47.49" speed="21.49" angle="279.14" x="69.15" y="132.06"/>
        <vehicle id="cfm-slow_3" eclass="HBEFA3/PC_G_EU4" CO2="13755.59" CO="207.69" HC="1.29" NOx="5.89" PMx="0.31" fuel="5.91" electricity="0.00" noise="74.43" route="routetop" type="cfm-slow" waiting="0.00" lane="top_0" pos="14.53" speed="22.44" angle="248.31" x="33.39" y="125.23"/>
        <vehicle id="cfm-slow_4" eclass="HBEFA3/PC_G_EU4" CO2="16530.21" CO="266.96" HC="1.63" NOx="7.16" PMx="0.39" fuel="7.11" electricity="0.00" noise="76.15" route="routetop" type="cfm-slow" waiting="0.00" lane="top_0" pos="32.55" speed="23.76" angle="215.96" x="5.13" y="99.45"/>
        <vehicle id="cfm-slow_5" eclass="HBEFA3/PC_G_EU4" CO2="18705.84" CO="316.35" HC="1.91" NOx="8.16" PMx="0.45" fuel="8.04" electricity="0.00" noise="77.45" route="routetop" type="cfm-slow" waiting="0.00" lane="left_0" pos="1.92" speed="25.37" angle="181.04" x="-4.81" y="59.45"/>
    </timestep>
    <timestep time="4.20">
        <vehicle id="cfm-fast_0" eclass="HBEFA3/PC_G_EU4" CO2="18099.93" CO="311.33" HC="1.87" NOx="7.83" PMx="0.44" fuel="7.78" electricity="0.00" noise="77.25" route="routetop" type="cfm-fast" waiting="0.00" lane="left_0" pos="23.20" speed="27.12" angle="142.71" x="12.49" y="17.97"/>
        <vehicle id="cfm-fast_1" eclass="HBEFA3/PC_G_EU4" CO2="11041.46" CO="173.11" HC="1.07" NOx="4.47" PMx="0.26" fuel="4.75" electricity="0.00" noise="74.65" route="routetop" type="cfm-fast" waiting="0.00" lane="left_0" pos="42.07" speed="28.41" angle="108.74" x="46.70" y="-2.80"/>
        <vehicle id="cfm-fast_2" eclass="HBEFA3/PC_G_EU4" CO2="0.00" CO="0.00" HC="0.00" NOx="0.00" PMx="0.00" fuel="0.00" electricity="0.00" noise="71.87" route="routebottom" type="cfm-fast" waiting="0.00" lane="bottom_0" pos="12.22" speed="28.50" angle="72.46" x="89.40" y="0.07"/>
        <vehicle id="cfm-fast_3" eclass="HBEFA3/PC_G_EU4" CO2="0.00" CO="0.00" HC="0.00" NOx="0.00" PMx="0.00" fuel="0.00" electricity="0.00" noise="70.38" route="routebottom" type="cfm-fast" waiting="0.00" lane="bottom_0" pos="32.33" speed="26.44" angle="36.38" x="121.96" y="27.48"/>
        <vehicle id="cfm-fast_4" eclass="HBEFA3/PC_G_EU4" CO2="222804.71" CO="5044.16" HC="28.57" NOx="103.86" PMx="6.02" fuel="95.77" electricity="0.00" noise="142.29" route="routebottom" type="cfm-fast" waiting="0.00" lane="right_1" pos="28.58" speed="56.88" angle="313.00" x="104.36" y="114.72"/>
        <vehicle id="cfm-fast_5" eclass="HBEFA3/PC_G_EU4" CO2="0.00" CO="0.00" HC="0.00" NOx="0.00" PMx="0.00" fuel="0.00" electricity="0.00" noise="68.96" route="routebottom" type="cfm-fast" waiting="0.00" lane="right_0" pos="1.13" speed="22.18" angle="2.42" x="132.22" y="66.19"/>
        <vehicle id="cfm-slow_0" eclass="HBEFA3/PC_G_EU4" CO2="7255.74" CO="73.31" HC="0.51" NOx="2.86" PMx="0.14" fuel="3.12" electricity="0.00" noise="70.50" route="routebottom" type="cfm-slow" waiting="0.00" lane="right_0" pos="15.19" speed="20.60" angle="337.05" x="124.59" y="95.20"/>
        <vehicle id="cfm-slow_1" eclass="HBEFA3/PC_G_EU4" CO2="8814.08" CO="105.29" HC="0.70" NOx="3.59" PMx="0.18" fuel="3.79" electricity="0.00" noise="71.38" route="routebottom" type="cfm-slow" waiting="0.00" lane="right_0" pos="31.28" speed="20.92" angle="308.22" x="101.74" y="120.72"/>
        <vehicle id="cfm-slow_2" eclass="HBEFA3/PC_G_EU4" CO2="11054.07" CO="151.43" HC="0.96" NOx="4.63" PMx="0.24" fuel="4.75" electricity="0.00" noise="72.73" route="routebottom" type="cfm-slow" waiting="0.00" lane="right_0" pos="47.71" speed="21.51" angle="278.74" x="68.69" y="132.09"/>
        <vehicle id="cfm-slow_3" eclass="HBEFA3/PC_G_EU4" CO2="13761.62" CO="207.83" HC="1.29" NOx="5.89" PMx="0.31" fuel="5.92" electricity="0.00" noise="74.44" route="routetop" type="cfm-slow" waiting="0.00" lane="top_0" pos="14.75" speed="22.46" angle="247.89" x="32.96" y="125.01"/>
        <vehicle id="cfm-slow_4" eclass="HBEFA3/PC_G_EU4" CO2="16530.24" CO="267.00" HC="1.63" NOx="7.16" PMx="0.39" fuel="7.11" electricity="0.00" noise="76.15" route="routetop" type="cfm-slow" waiting="0.00" lane="top_0" pos="32.78" speed="23.78" angle="215.51" x="4.87" y="99.01"/>
        <vehicle id="cfm-slow_5" eclass="HBEFA3/PC_G_EU4" CO2="18680.92" CO="315.91" HC="1.90" NOx="8.14" PMx="0.45" fuel="8.03" electricity="0.00" noise="77.43" route="routetop" type="cfm-slow" waiting="0.00" lane="left_0" pos="2.17" speed="25.39" angle="180.58" x="-4.77" y="58.90"/>
    </timestep>
    <timestep time="4.21">
        <vehicle id="cfm-fast_0" eclass="HBEFA3/PC_G_EU4" CO2="18006.75" CO="309.50" HC="1.86" NOx="7.79" PMx="0.43" fuel="7.74" electricity="0.00" noise="77.20" route="routetop" type="cfm-fast" waiting="0.00" lane="left_0" pos="23.47" speed="27.14" angle="142.22" x="12.88" y="17.54"/>
        <vehicle id="cfm-fast_1" eclass="HBEFA3/PC_G_EU4" CO2="10859.29" CO="169.41" HC="1.05" NOx="4.38" PMx="0.25" fuel="4.67" electricity="0.00" noise="74.59" route="routetop" type="cfm-fast" waiting="0.00" lane="left_0" pos="42.36" speed="28.41" angle="108.28" x="47.29" y="-2.96"/>
        <vehicle id="cfm-fast_2" eclass="HBEFA3/PC_G_EU4" CO2="0.00" CO="0.00" HC="0.00" NOx="0.00" PMx="0.00" fuel="0.00" electricity="0.00" noise="71.86" route="routebottom" type="cfm-fast" waiting="0.00" lane="bottom_0" pos="12.50" speed="28.48" angle="71.95" x="89.97" y="0.30"/>
        <vehicle id="cfm-fast_3" eclass="HBEFA3/PC_G_EU4" CO2="0.00" CO="0.00" HC="0.00" NOx="0.00" PMx="0.00" fuel="0.00" electricity="0.00" noise="70.37" route="routebottom" type="cfm-fast" waiting="0.00" lane="bottom_0" pos="32.59" speed="26.41" angle="35.89" x="122.25" y="27.97"/>
        <vehicle id="cfm-fast_4" eclass="HBEFA3/PC_G_EU4" CO2="223393.64" CO="5060.37" HC="28.66" NOx="104.13" PMx="6.04" fuel="96.03" electricity="0.00" noise="142.35" route="routebottom" type="cfm-fast" waiting="0.00" lane="right_1" pos="29.15" speed="57.01" angle="311.96" x="103.44" y="115.44"/>
        <vehicle id="cfm-fast_5" eclass="HBEFA3/PC_G_EU4" CO2="0.00" CO="0.00" HC="0.00" NOx="0.00" PMx="0.00" fuel="0.00" electricity="0.00" noise="68.96" route="routebottom" type="cfm-fast" waiting="0.00" lane="right_0" pos="1.35" speed="22.17" angle="2.05" x="132.21" y="66.67"/>
        <vehicle id="cfm-slow_0" eclass="HBEFA3/PC_G_EU4" CO2="7250.82" CO="73.20" HC="0.51" NOx="2.86" PMx="0.14" fuel="3.12" electricity="0.00" noise="70.50" route="routebottom" type="cfm-slow" waiting="0.00" lane="right_0" pos="15.39" speed="20.61" angle="336.74" x="124.39" y="95.60"/>
        <vehicle id="cfm-slow_1" eclass="HBEFA3/PC_G_EU4" CO2="8815.63" CO="105.32" HC="0.70" NOx="3.59" PMx="0.18" fuel="3.79" electricity="0.00" noise="71.38" route="routebottom" type="cfm-slow" waiting="0.00" lane="right_0" pos="31.49" speed="20.93" angle="307.85" x="101.36" y="120.97"/>
        <vehicle id="cfm-slow_2" eclass="HBEFA3/PC_G_EU4" CO2="11059.92" CO="151.56" HC="0.96" NOx="4.64" PMx="0.24" fuel="4.75" electricity="0.00" noise="72.74" route="routebottom" type="cfm-slow" waiting="0.00" lane="right_0" pos="47.92" speed="21.52" angle="278.33" x="68.22" y="132.12"/>
        <vehicle id="cfm-slow_3" eclass="HBEFA3/PC_G_EU4" CO2="13767.77" CO="207.98" HC="1.29" NOx="5.89" PMx="0.31" fuel="5.92" electricity="0.00" noise="74.44" route="routetop" type="cfm-slow" waiting="0.00" lane="top_0" pos="14.98" speed="22.47" angle="247.46" x="32.53" y="124.79"/>
        <vehicle id="cfm-slow_4" eclass="HBEFA3/PC_G_EU4" CO2="16530.22" CO="267.05" HC="1.63" NOx="7.16" PMx="0.39" fuel="7.11" electricity="0.00" noise="76.16" route="routetop" type="cfm-slow" waiting="0.00" lane="top_0" pos="33.02" speed="23.80" angle="215.06" x="4.61" y="98.57"/>
        <vehicle id="cfm-slow_5" eclass="HBEFA3/PC_G_EU4" CO2="18655.57" CO="315.46" HC="1.90" NOx="8.13" PMx="0.45" fuel="8.02" electricity="0.00" noise="77.42" route="routetop" type="cfm-slow" waiting="0.00" lane="left_0" pos="2.42" speed="25.41" angle="180.12" x="-4.74" y="58.36"/>
    </timestep>
    <timestep time="4.22">
        <vehicle id="cfm-fast_0" eclass="HBEFA3/PC_G_EU4" CO2="17912.95" CO="307.66" HC="1.85" NOx="7.74" PMx="0.43" fuel="7.70" electricity="0.00" noise="77.16" route="routetop" type="cfm-fast" waiting="0.00" lane="left_0" pos="23.74" speed="27.16" angle="141.73" x="13.28" y="17.11"/>
        <vehicle id="cfm-fast_1" eclass="HBEFA3/PC_G_EU4" CO2="10677.60" CO="165.71" HC="1.02" NOx="4.30" PMx="0.25" fuel="4.59" electricity="0.00" noise="74.54" route="routetop" type="cfm-fast" waiting="0.00" lane="left_0" pos="42.64" speed="28.42" angle="107.77" x="47.88" y="-3.10"/>
        <vehicle id="cfm-fast_2" eclass="HBEFA3/PC_G_EU4" CO2="0.00" CO="0.00" HC="0.00" NOx="0.00" PMx="0.00" fuel="0.00" electricity="0.00" noise="71.84" route="routebottom" type="cfm-fast" waiting="0.00" lane="bottom_0" pos="12.79" speed="28.47" angle="71.50" x="90.54" y="0.53"/>
        <vehicle id="cfm-fast_3" eclass="HBEFA3/PC_G_EU4" CO2="0.00" CO="0.00" HC="0.00" NOx="0.00" PMx="0.00" fuel="0.00" electricity="0.00" noise="70.36" route="routebottom" type="cfm-fast" waiting="0.00" lane="bottom_0" pos="32.86" speed="26.38" angle="35.39" x="122.54" y="28.46"/>
        <vehicle id="cfm-fast_4" eclass="HBEFA3/PC_G_EU4" CO2="223982.86" CO="5076.59" HC="28.75" NOx="104.41" PMx="6.06" fuel="96.28" electricity="0.00" noise="142.42" route="routebottom" type="cfm-fast" waiting="0.00" lane="right_1" pos="29.72" speed="57.15" angle="310.97" x="102.50" y="116.15"/>
        <vehicle id="cfm-fast_5" eclass="HBEFA3/PC_G_EU4" CO2="0.00" CO="0.00" HC="0.00" NOx="0.00" PMx="0.00" fuel="0.00" electricity="0.00" noise="68.96" route="routebottom" type="cfm-fast" waiting="0.00" lane="right_0" pos="1.57" speed="22.17" angle="1.65" x="132.18" y="67.14"/>
        <vehicle id="cfm-slow_0" eclass="HBEFA3/PC_G_EU4" CO2="7246.14" CO="73.10" HC="0.51" NOx="2.86" PMx="0.14" fuel="3.11" electricity="0.00" noise="70.50" route="routebottom" type="cfm-slow" waiting="0.00" lane="right_0" pos="15.60" speed="20.61" angle="336.37" x="124.17" y="95.99"/>
        <vehicle id="cfm-slow_1" eclass="HBEFA3/PC_G_EU4" CO2="8817.38" CO="105.35" HC="0.70" NOx="3.59" PMx="0.18" fuel="3.79" electricity="0.00" noise="71.39" route="routebottom" type="cfm-slow" waiting="0.00" lane="right_0" pos="31.70" speed="20.94" angle="307.47" x="100.99" y="121.23"/>
        <vehicle id="cfm-slow_2" eclass="HBEFA3/PC_G_EU4" CO2="11065.94" CO="151.69" HC="0.96" NOx="4.64" PMx="0.24" fuel="4.76" electricity="0.00" noise="72.75" route="routebottom" type="cfm-slow" waiting="0.00" lane="right_0" pos="48.14" speed="21.53" angle="277.93" x="67.76" y="132.14"/>
        <vehicle id="cfm-slow_3" eclass="HBEFA3/PC_G_EU4" CO2="13774.03" CO="208.13" HC="1.29" NOx="5.89" PMx="0.31" fuel="5.92" electricity="0.00" noise="74.45" route="routetop" type="cfm-slow" waiting="0.00" lane="top_0" pos="15.20" speed="22.49" angle="247.03" x="32.09" y="124.57"/>
        <vehicle id="cfm-slow_4" eclass="HBEFA3/PC_G_EU4" CO2="16530.15" CO="267.09" HC="1.63" NOx="7.16" PMx="0.39" fuel="7.11" electricity="0.00" noise="76.16" route="routetop" type="cfm-slow" waiting="0.00" lane="top_0" pos="33.26" speed="23.82" angle="214.63" x="4.34" y="98.13"/>
        <vehicle id="cfm-slow_5" eclass="HBEFA3/PC_G_EU4" CO2="18629.79" CO="315.01" HC="1.90" NOx="8.12" PMx="0.45" fuel="8.01" electricity="0.00" noise="77.41" route="routetop" type="cfm-slow" waiting="0.00" lane="left_0" pos="2.68" speed="25.43" angle="179.69" x="-4.70" y="57.81"/>
    </timestep>
    <timestep time="4.23">
        <vehicle id="cfm-fast_0" eclass="HBEFA3/PC_G_EU4" CO2="17818.52" CO="305.81" HC="1.84" NOx="7.70" PMx="0.43" fuel="7.66" electricity="0.00" noise="77.12" route="routetop" type="cfm-fast" waiting="0.00" lane="left_0" pos="24.01" speed="27.18" angle="141.24" x="13.68" y="16.68"/>
        <vehicle id="cfm-fast_1" eclass="HBEFA3/PC_G_EU4" CO2="10496.40" CO="162.02" HC="1.00" NOx="4.21" PMx="0.24" fuel="4.51" electricity="0.00" noise="74.48" route="routetop" type="cfm-fast" waiting="0.00" lane="left_0" pos="42.93" speed="28.43" angle="107.27" x="48.48" y="-3.23"/>
        <vehicle id="cfm-fast_2" eclass="HBEFA3/PC_G_EU4" CO2="0.00" CO="0.00" HC="0.00" NOx="0.00" PMx="0.00" fuel="0.00" electricity="0.00" noise="71.82" route="routebottom" type="cfm-fast" waiting="0.00" lane="bottom_0" pos="13.07" speed="28.46" angle="70.97" x="91.10" y="0.78"/>
        <vehicle id="cfm-fast_3" eclass="HBEFA3/PC_G_EU4" CO2="0.00" CO="0.00" HC="0.00" NOx="0.00" PMx="0.00" fuel="0.00" electricity="0.00" noise="70.34" route="routebottom" type="cfm-fast" waiting="0.00" lane="bottom_0" pos="33.12" speed="26.36" angle="34.90" x="122.83" y="28.94"/>
        <vehicle id="cfm-fast_4" eclass="HBEFA3/PC_G_EU4" CO2="224572.37" CO="5092.84" HC="28.84" NOx="104.68" PMx="6.07" fuel="96.53" electricity="0.00" noise="142.49" route="routebottom" type="cfm-fast" waiting="0.00" lane="right_1" pos="30.30" speed="57.28" angle="309.93" x="101.55" y="116.84"/>
        <vehicle id="cfm-fast_5" eclass="HBEFA3/PC_G_EU4" CO2="0.00" CO="0.00" HC="0.00" NOx="0.00" PMx="0.00" fuel="0.00" electricity="0.00" noise="68.96" route="routebottom" type="cfm-fast" waiting="0.00" lane="right_0" pos="1.79" speed="22.16" angle="1.25" x="132.15" y="67.62"/>
        <vehicle id="cfm-slow_0" eclass="HBEFA3/PC_G_EU4" CO2="7241.68" CO="73.01" HC="0.51" NOx="2.85" PMx="0.14" fuel="3.11" electricity="0.00" noise="70.50" route="routebottom" type="cfm-slow" waiting="0.00" lane="right_0" pos="15.81" speed="20.62" angle="336.00" x="123.96" y="96.38"/>
        <vehicle id="cfm-slow_1" eclass="HBEFA3/PC_G_EU4" CO2="8819.34" CO="105.39" HC="0.70" NOx="3.59" PMx="0.18" fuel="3.79" electricity="0.00" noise="71.39" route="routebottom" type="cfm-slow" waiting="0.00" lane="right_0" pos="31.91" speed="20.95" angle="307.09" x="100.61" y="121.48"/>
        <vehicle id="cfm-slow_2" eclass="HBEFA3/PC_G_EU4" CO2="11072.13" CO="151.82" HC="0.96" NOx="4.64" PMx="0.24" fuel="4.76" electricity="0.00" noise="72.75" route="routebottom" type="cfm-slow" waiting="0.00" lane="right_0" pos="48.35" speed="21.55" angle="277.53" x="67.30" y="132.17"/>
        <vehicle id="cfm-slow_3" eclass="HBEFA3/PC_G_EU4" CO2="13780.40" CO="208.28" HC="1.29" NOx="5.90" PMx="0.31" fuel="5.92" electricity="0.00" noise="74.45" route="routetop" type="cfm-slow" waiting="0.00" lane="top_0" pos="15.43" speed="22.51" angle="246.68" x="31.66" y="124.35"/>
        <vehicle id="cfm-slow_4" eclass="HBEFA3/PC_G_EU4" CO2="16530.03" CO="267.13" HC="1.63" NOx="7.16" PMx="0.39" fuel="7.11" electricity="0.00" noise="76.16" route="routetop" type="cfm-slow" waiting="0.00" lane="top_0" pos="33.50" speed="23.84" angle="214.24" x="4.09" y="97.69"/>
        <vehicle id="cfm-slow_5" eclass="HBEFA3/PC_G_EU4" CO2="18603.57" CO="314.55" HC="1.90" NOx="8.10" PMx="0.45" fuel="8.00" electricity="0.00" noise="77.39" route="routetop" type="cfm-slow" waiting="0.00" lane="left_0" pos="2.93" speed="25.45" angle="179.23" x="-4.64" y="57.27"/>
    </timestep>
    <timestep time="4.24">
        <vehicle id="cfm-fast_0" eclass="HBEFA3/PC_G_EU4" CO2="17723.49" CO="303.94" HC="1.83" NOx="7.65" PMx="0.43" fuel="7.62" electricity="0.00" noise="77.07" route="routetop" type="cfm-fast" waiting="0.00" lane="left_0" pos="24.29" speed="27.19" angle="140.78" x="14.07" y="16.25"/>
        <vehicle id="cfm-fast_1" eclass="HBEFA3/PC_G_EU4" CO2="10315.71" CO="158.34" HC="0.98" NOx="4.13" PMx="0.24" fuel="4.43" electricity="0.00" noise="74.43" route="routetop" type="cfm-fast" waiting="0.00" lane="left_0" pos="43.21" speed="28.44" angle="106.76" x="49.08" y="-3.37"/>
        <vehicle id="cfm-fast_2" eclass="HBEFA3/PC_G_EU4" CO2="0.00" CO="0.00" HC="0.00" NOx="0.00" PMx="0.00" fuel="0.00" electricity="0.00" noise="71.81" route="routebottom" type="cfm-fast" waiting="0.00" lane="bottom_0" pos="13.36" speed="28.44" angle="70.44" x="91.66" y="1.03"/>
        <vehicle id="cfm-fast_3" eclass="HBEFA3/PC_G_EU4" CO2="0.00" CO="0.00" HC="0.00" NOx="0.00" PMx="0.00" fuel="0.00" electricity="0.00" noise="70.33" route="routebottom" type="cfm-fast" waiting="0.00" lane="bottom_0" pos="33.39" speed="26.33" angle="34.46" x="123.12" y="29.43"/>
        <vehicle id="cfm-fast_4" eclass="HBEFA3/PC_G_EU4" CO2="225162.18" CO="5109.11" HC="28.93" NOx="104.96" PMx="6.09" fuel="96.79" electricity="0.00" noise="142.55" route="routebottom" type="cfm-fast" waiting="0.00" lane="right_1" pos="30.87" speed="57.42" angle="308.94" x="100.59" y="117.52"/>
        <vehicle id="cfm-fast_5" eclass="HBEFA3/PC_G_EU4" CO2="0.00" CO="0.00" HC="0.00" NOx="0.00" PMx="0.00" fuel="0.00" electricity="0.00" noise="68.96" route="routebottom" type="cfm-fast" waiting="0.00" lane="right_0" pos="2.02" speed="22.16" angle="0.86" x="132.12" y="68.09"/>
        <vehicle id="cfm-slow_0" eclass="HBEFA3/PC_G_EU4" CO2="7237.46" CO="72.92" HC="0.51" NOx="2.85" PMx="0.14" fuel="3.11" electricity="0.00" noise="70.50" route="routebottom" type="cfm-slow" waiting="0.00" lane="right_0" pos="16.01" speed="20.63" angle="335.62" x="123.74" y="96.76"/>
        <vehicle id="cfm-slow_1" eclass="HBEFA3/PC_G_EU4" CO2="8821.51" CO="105.43" HC="0.70" NOx="3.59" PMx="0.18" fuel="3.79" electricity="0.00" noise="71.39" route="routebottom" type="cfm-slow" waiting="0.00" lane="right_0" pos="32.12" speed="20.96" angle="306.78" x="100.24" y="121.72"/>
        <vehicle id="cfm-slow_2" eclass="HBEFA3/PC_G_EU4" CO2="11078.48" CO="151.95" HC="0.96" NOx="4.64" PMx="0.24" fuel="4.76" electricity="0.00" noise="72.76" route="routebottom" type="cfm-slow" waiting="0.00" lane="right_0" pos="48.57" speed="21.56" angle="277.12" x="66.83" y="132.20"/>
        <vehicle id="cfm-slow_3" eclass="HBEFA3/PC_G_EU4" CO2="13786.88" CO="208.43" HC="1.29" NOx="5.90" PMx="0.31" fuel="5.93" electricity="0.00" noise="74.46" route="routetop" type="cfm-slow" waiting="0.00" lane="top_0" pos="15.65" speed="22.52" angle="246.27" x="31.24" y="124.12"/>
        <vehicle id="cfm-slow_4" eclass="HBEFA3/PC_G_EU4" CO2="16529.85" CO="267.17" HC="1.63" NOx="7.16" PMx="0.39" fuel="7.11" electricity="0.00" noise="76.16" route="routetop" type="cfm-slow" waiting="0.00" lane="top_0" pos="33.74" speed="23.86" angle="213.80" x="3.84" y="97.24"/>
        <vehicle id="cfm-slow_5" eclass="HBEFA3/PC_G_EU4" CO2="18576.92" CO="314.08" HC="1.89" NOx="8.09" PMx="0.44" fuel="7.99" electricity="0.00" noise="77.38" route="routetop" type="cfm-slow" waiting="0.00" lane="left_0" pos="3.19" speed="25.48" angle="178.78" x="-4.59" y="56.72"/>
    </timestep>
    <timestep time="4.25">
        <vehicle id="cfm-fast_0" eclass="HBEFA3/PC_G_EU4" CO2="17627.85" CO="302.06" HC="1.82" NOx="7.61" PMx="0.42" fuel="7.58" electricity="0.00" noise="77.03" route="routetop" type="cfm-fast" waiting="0.00" lane="left_0" pos="24.56" speed="27.21" angle="140.32" x="14.48" y="15.83"/>
        <vehicle id="cfm-fast_1" eclass="HBEFA3/PC_G_EU4" CO2="10135.54" CO="154.67" HC="0.96" NOx="4.04" PMx="0.23" fuel="4.36" electricity="0.00" noise="74.38" route="routetop" type="cfm-fast" waiting="0.00" lane="left_0" pos="43.50" speed="28.44" angle="106.26" x="49.67" y="-3.51"/>
        <vehicle id="cfm-fast_2" eclass="HBEFA3/PC_G_EU4" CO2="0.00" CO="0.00" HC="0.00" NOx="0.00" PMx="0.00" fuel="0.00" electricity="0.00" noise="71.79" route="routebottom" type="cfm-fast" waiting="0.00" lane="bottom_0" pos="13.64" speed="28.43" angle="69.92" x="92.21" y="1.28"/>
        <vehicle id="cfm-fast_3" eclass="HBEFA3/PC_G_EU4" CO2="0.00" CO="0.00" HC="0.00" NOx="0.00" PMx="0.00" fuel="0.00" electricity="0.00" noise="70.32" route="routebottom" type="cfm-fast" waiting="0.00" lane="bottom_0" pos="33.65" speed="26.30" angle="33.98" x="123.39" y="29.93"/>
        <vehicle id="cfm-fast_4" eclass="HBEFA3/PC_G_EU4" CO2="225752.27" CO="5125.40" HC="29.02" NOx="105.24" PMx="6.11" fuel="97.04" electricity="0.00" noise="142.62" route="routebottom" type="cfm-fast" waiting="0.00" lane="right_1" pos="31.45" speed="57.56" angle="307.88" x="99.61" y="118.18"/>
        <vehicle id="cfm-fast_5" eclass="HBEFA3/PC_G_EU4" CO2="0.00" CO="0.00" HC="0.00" NOx="0.00" PMx="0.00" fuel="0.00" electricity="0.00" noise="68.96" route="routebottom" type="cfm-fast" waiting="0.00" lane="right_0" pos="2.24" speed="22.15" angle="0.46" x="132.10" y="68.57"/>
        <vehicle id="cfm-slow_0" eclass="HBEFA3/PC_G_EU4" CO2="7233.46" CO="72.83" HC="0.51" NOx="2.85" PMx="0.14" fuel="3.11" electricity="0.00" noise="70.50" route="routebottom" type="cfm-slow" waiting="0.00" lane="right_0" pos="16.22" speed="20.63" angle="335.25" x="123.53" y="97.15"/>
        <vehicle id="cfm-slow_1" eclass="HBEFA3/PC_G_EU4" CO2="8823.88" CO="105.48" HC="0.70" NOx="3.59" PMx="0.18" fuel="3.79" electricity="0.00" noise="71.40" route="routebottom" type="cfm-slow" waiting="0.00" lane="right_0" pos="32.33" speed="20.97" angle="306.38" x="99.85" y="121.95"/>
        <vehicle id="cfm-slow_2" eclass="HBEFA3/PC_G_EU4" CO2="11085.01" CO="152.09" HC="0.97" NOx="4.65" PMx="0.24" fuel="4.76" electricity="0.00" noise="72.77" route="routebottom" type="cfm-slow" waiting="0.00" lane="right_0" pos="48.79" speed="21.57" angle="276.78" x="66.37" y="132.22"/>
        <vehicle id="cfm-slow_3" eclass="HBEFA3/PC_G_EU4" CO2="13793.47" CO="208.59" HC="1.29" NOx="5.90" PMx="0.31" fuel="5.93" electricity="0.00" noise="74.46" route="routetop" type="cfm-slow" waiting="0.00" lane="top_0" pos="15.88" speed="22.54" angle="245.86" x="30.82" y="123.88"/>
        <vehicle id="cfm-slow_4" eclass="HBEFA3/PC_G_EU4" CO2="16529.60" CO="267.21" HC="1.63" NOx="7.16" PMx="0.39" fuel="7.11" electricity="0.00" noise="76.16" route="routetop" type="cfm-slow" waiting="0.00" lane="top_0" pos="33.98" speed="23.88" angle="213.37" x="3.59" y="96.79"/>
        <vehicle id="cfm-slow_5" eclass="HBEFA3/PC_G_EU4" CO2="18549.82" CO="313.59" HC="1.89" NOx="8.08" PMx="0.44" fuel="7.97" electricity="0.00" noise="77.36" route="routetop" type="cfm-slow" waiting="0.00" lane="left_0" pos="3.44" speed="25.50" angle="178.32" x="-4.53" y="56.18"/>
    </timestep>
    <timestep time="4.26">
        <vehicle id="cfm-fast_0" eclass="HBEFA3/PC_G_EU4" CO2="17531.61" CO="300.17" HC="1.81" NOx="7.56" PMx="0.42" fuel="7.54" electricity="0.00" noise="76.99" route="routetop" type="cfm-fast" waiting="0.00" lane="left_0" pos="24.83" speed="27.23" angle="139.82" x="14.90" y="15.41"/>
        <vehicle id="cfm-fast_1" eclass="HBEFA3/PC_G_EU4" CO2="9955.91" CO="151.01" HC="0.94" NOx="3.96" PMx="0.23" fuel="4.28" electricity="0.00" noise="74.32" route="routetop" type="cfm-fast" waiting="0.00" lane="left_0" pos="43.78" speed="28.45" angle="105.80" x="50.27" y="-3.63"/>
        <vehicle id="cfm-fast_2" eclass="HBEFA3/PC_G_EU4" CO2="0.00" CO="0.00" HC="0.00" NOx="0.00" PMx="0.00" fuel="0.00" electricity="0.00" noise="71.77" route="routebottom" type="cfm-fast" waiting="0.00" lane="bottom_0" pos="13.93" speed="28.42" angle="69.39" x="92.77" y="1.54"/>
        <vehicle id="cfm-fast_3" eclass="HBEFA3/PC_G_EU4" CO2="0.00" CO="0.00" HC="0.00" NOx="0.00" PMx="0.00" fuel="0.00" electricity="0.00" noise="70.30" route="routebottom" type="cfm-fast" waiting="0.00" lane="bottom_0" pos="33.91" speed="26.28" angle="33.50" x="123.67" y="30.42"/>
        <vehicle id="cfm-fast_4" eclass="HBEFA3/PC_G_EU4" CO2="226342.66" CO="5141.71" HC="29.11" NOx="105.51" PMx="6.12" fuel="97.29" electricity="0.00" noise="142.68" route="routebottom" type="cfm-fast" waiting="0.00" lane="right_1" pos="32.02" speed="57.69" angle="306.88" x="98.63" y="118.83"/>
        <vehicle id="cfm-fast_5" eclass="HBEFA3/PC_G_EU4" CO2="0.00" CO="0.00" HC="0.00" NOx="0.00" PMx="0.00" fuel="0.00" electricity="0.00" noise="68.96" route="routebottom" type="cfm-fast" waiting="0.00" lane="right_0" pos="2.46" speed="22.14" angle="0.06" x="132.07" y="69.04"/>
        <vehicle id="cfm-slow_0" eclass="HBEFA3/PC_G_EU4" CO2="7229.69" CO="72.75" HC="0.51" NOx="2.85" PMx="0.14" fuel="3.11" electricity="0.00" noise="70.50" route="routebottom" type="cfm-slow" waiting="0.00" lane="right_0" pos="16.43" speed="20.64" angle="334.88" x="123.31" y="97.54"/>
        <vehicle id="cfm-slow_1" eclass="HBEFA3/PC_G_EU4" CO2="8826.46" CO="105.53" HC="0.70" NOx="3.59" PMx="0.18" fuel="3.79" electricity="0.00" noise="71.40" route="routebottom" type="cfm-slow" waiting="0.00" lane="right_0" pos="32.54" speed="20.98" angle="305.98" x="99.46" y="122.18"/>
        <vehicle id="cfm-slow_2" eclass="HBEFA3/PC_G_EU4" CO2="11091.69" CO="152.23" HC="0.97" NOx="4.65" PMx="0.24" fuel="4.77" electricity="0.00" noise="72.77" route="routebottom" type="cfm-slow" waiting="0.00" lane="right_0" pos="49.00" speed="21.59" angle="276.38" x="65.91" y="132.23"/>
        <vehicle id="cfm-slow_3" eclass="HBEFA3/PC_G_EU4" CO2="13800.16" CO="208.74" HC="1.29" NOx="5.90" PMx="0.31" fuel="5.93" electricity="0.00" noise="74.47" route="routetop" type="cfm-slow" waiting="0.00" lane="top_0" pos="16.11" speed="22.56" angle="245.46" x="30.39" y="123.65"/>
        <vehicle id="cfm-slow_4" eclass="HBEFA3/PC_G_EU4" CO2="16529.29" CO="267.25" HC="1.63" NOx="7.16" PMx="0.39" fuel="7.11" electricity="0.00" noise="76.16" route="routetop" type="cfm-slow" waiting="0.00" lane="top_0" pos="34.22" speed="23.90" angle="212.94" x="3.34" y="96.34"/>
        <vehicle id="cfm-slow_5" eclass="HBEFA3/PC_G_EU4" CO2="18522.28" CO="313.10" HC="1.89" NOx="8.07" PMx="0.44" fuel="7.96" electricity="0.00" noise="77.35" route="routetop" type="cfm-slow" waiting="0.00" lane="left_0" pos="3.70" speed="25.52" angle="177.86" x="-4.47" y="55.63"/>
    </timestep>
    <timestep time="4.27">
        <vehicle id="cfm-fast_0" eclass="HBEFA3/PC_G_EU4" CO2="17434.78" CO="298.27" HC="1.79" NOx="7.51" PMx="0.42" fuel="7.49" electricity="0.00" noise="76.94" route="routetop" type="cfm-fast" waiting="0.00" lane="left_0" pos="25.10" speed="27.25" angle="139.32" x="15.31" y="15.00"/>
        <vehicle id="cfm-fast_1" eclass="HBEFA3/PC_G_EU4" CO2="9776.83" CO="147.36" HC="0.92" NOx="3.87" PMx="0.22" fuel="4.20" electricity="0.00" noise="74.27" route="routetop" type="cfm-fast" waiting="0.00" lane="left_0" pos="44.06" speed="28.45" angle="105.27" x="50.87" y="-3.74"/>
        <vehicle id="cfm-fast_2" eclass="HBEFA3/PC_G_EU4" CO2="0.00" CO="0.00" HC="0.00" NOx="0.00" PMx="0.00" fuel="0.00" electricity="0.00" noise="71.76" route="routebottom" type="cfm-fast" waiting="0.00" lane="bottom_0" pos="14.21" speed="28.40" angle="68.92" x="93.32" y="1.80"/>
        <vehicle id="cfm-fast_3" eclass="HBEFA3/PC_G_EU4" CO2="0.00" CO="0.00" HC="0.00" NOx="0.00" PMx="0.00" fuel="0.00" electricity="0.00" noise="70.29" route="routebottom" type="cfm-fast" waiting="0.00" lane="bottom_0" pos="34.17" speed="26.25" angle="33.02" x="123.94" y="30.92"/>
        <vehicle id="cfm-fast_4" eclass="HBEFA3/PC_G_EU4" CO2="226933.34" CO="5158.04" HC="29.20" NOx="105.79" PMx="6.14" fuel="97.55" electricity="0.00" noise="142.75" route="routebottom" type="cfm-fast" waiting="0.00" lane="right_1" pos="32.60" speed="57.83" angle="305.85" x="97.61" y="119.44"/>
        <vehicle id="cfm-fast_5" eclass="HBEFA3/PC_G_EU4" CO2="0.00" CO="0.00" HC="0.00" NOx="0.00" PMx="0.00" fuel="0.00" electricity="0.00" noise="68.96" route="routebottom" type="cfm-fast" waiting="0.00" lane="right_0" pos="2.68" speed="22.14" angle="359.69" x="132.03" y="69.52"/>
        <vehicle id="cfm-slow_0" eclass="HBEFA3/PC_G_EU4" CO2="7226.14" CO="72.68" HC="0.51" NOx="2.85" PMx="0.14" fuel="3.11" electricity="0.00" noise="70.50" route="routebottom" type="cfm-slow" waiting="0.00" lane="right_0" pos="16.63" speed="20.65" angle="334.55" x="123.10" y="97.93"/>
        <vehicle id="cfm-slow_1" eclass="HBEFA3/PC_G_EU4" CO2="8829.24" CO="105.59" HC="0.70" NOx="3.60" PMx="0.18" fuel="3.80" electricity="0.00" noise="71.41" route="routebottom" type="cfm-slow" waiting="0.00" lane="right_0" pos="32.75" speed="20.99" angle="305.58" x="99.07" y="122.42"/>
        <vehicle id="cfm-slow_2" eclass="HBEFA3/PC_G_EU4" CO2="11098.54" CO="152.38" HC="0.97" NOx="4.65" PMx="0.24" fuel="4.77" electricity="0.00" noise="72.78" route="routebottom" type="cfm-slow" waiting="0.00" lane="right_0" pos="49.22" speed="21.60" angle="275.97" x="65.44" y="132.24"/>
        <vehicle id="cfm-slow_3" eclass="HBEFA3/PC_G_EU4" CO2="13806.96" CO="208.90" HC="1.29" NOx="5.91" PMx="0.31" fuel="5.93" electricity="0.00" noise="74.48" route="routetop" type="cfm-slow" waiting="0.00" lane="top_0" pos="16.33" speed="22.58" angle="245.05" x="29.97" y="123.41"/>
        <vehicle id="cfm-slow_4" eclass="HBEFA3/PC_G_EU4" CO2="16528.89" CO="267.29" HC="1.63" NOx="7.16" PMx="0.39" fuel="7.10" electricity="0.00" noise="76.16" route="routetop" type="cfm-slow" waiting="0.00" lane="top_0" pos="34.45" speed="23.92" angle="212.50" x="3.09" y="95.89"/>
        <vehicle id="cfm-slow_5" eclass="HBEFA3/PC_G_EU4" CO2="18494.30" CO="312.61" HC="1.88" NOx="8.05" PMx="0.44" fuel="7.95" electricity="0.00" noise="77.34" route="routetop" type="cfm-slow" waiting="0.00" lane="left_0" pos="3.95" speed="25.54" angle="177.42" x="-4.41" y="55.08"/>
    </timestep>
    <timestep time="4.28">
        <vehicle id="cfm-fast_0" eclass="HBEFA3/PC_G_EU4" CO2="17337.37" CO="296.35" HC="1.78" NOx="7.47" PMx="0.42" fuel="7.45" electricity="0.00" noise="76.90" route="routetop" type="cfm-fast" waiting="0.00" lane="left_0" pos="25.38" speed="27.26" angle="138.82" x="15.73" y="14.58"/>
        <vehicle id="cfm-fast_1" eclass="HBEFA3/PC_G_EU4" CO2="9598.31" CO="143.72" HC="0.90" NOx="3.79" PMx="0.22" fuel="4.13" electricity="0.00" noise="74.22" route="routetop" type="cfm-fast" waiting="0.00" lane="left_0" pos="44.35" speed="28.46" angle="104.75" x="51.48" y="-3.85"/>
        <vehicle id="cfm-fast_2" eclass="HBEFA3/PC_G_EU4" CO2="0.00" CO="0.00" HC="0.00" NOx="0.00" PMx="0.00" fuel="0.00" electricity="0.00" noise="71.74" route="routebottom" type="cfm-fast" waiting="0.00" lane="bottom_0" pos="14.49" speed="28.39" angle="68.39" x="93.87" y="2.07"/>
        <vehicle id="cfm-fast_3" eclass="HBEFA3/PC_G_EU4" CO2="0.00" CO="0.00" HC="0.00" NOx="0.00" PMx="0.00" fuel="0.00" electricity="0.00" noise="70.28" route="routebottom" type="cfm-fast" waiting="0.00" lane="bottom_0" pos="34.44" speed="26.23" angle="32.53" x="124.21" y="31.41"/>
        <vehicle id="cfm-fast_4" eclass="HBEFA3/PC_G_EU4" CO2="227524.32" CO="5174.39" HC="29.29" NOx="106.07" PMx="6.16" fuel="97.80" electricity="0.00" noise="142.81" route="routebottom" type="cfm-fast" waiting="0.00" lane="right_1" pos="33.18" speed="57.97" angle="304.79" x="96.59" y="120.06"/>
        <vehicle id="cfm-fast_5" eclass="HBEFA3/PC_G_EU4" CO2="0.00" CO="0.00" HC="0.00" NOx="0.00" PMx="0.00" fuel="0.00" electricity="0.00" noise="68.96" route="routebottom" type="cfm-fast" waiting="0.00" lane="right_0" pos="2.90" speed="22.13" angle="359.29" x="131.98" y="69.99"/>
        <vehicle id="cfm-slow_0" eclass="HBEFA3/PC_G_EU4" CO2="7222.82" CO="72.61" HC="0.51" NOx="2.84" PMx="0.14" fuel="3.10" electricity="0.00" noise="70.50" route="routebottom" type="cfm-slow" waiting="0.00" lane="right_0" pos="16.84" speed="20.66" angle="334.18" x="122.87" y="98.31"/>
        <vehicle id="cfm-slow_1" eclass="HBEFA3/PC_G_EU4" CO2="8832.22" CO="105.65" HC="0.70" NOx="3.60" PMx="0.18" fuel="3.80" electricity="0.00" noise="71.41" route="routebottom" type="cfm-slow" waiting="0.00" lane="right_0" pos="32.96" speed="21.00" angle="305.18" x="98.69" y="122.65"/>
        <vehicle id="cfm-slow_2" eclass="HBEFA3/PC_G_EU4" CO2="11105.55" CO="152.53" HC="0.97" NOx="4.65" PMx="0.24" fuel="4.77" electricity="0.00" noise="72.79" route="routebottom" type="cfm-slow" waiting="0.00" lane="right_0" pos="49.43" speed="21.61" angle="275.57" x="64.98" y="132.25"/>
        <vehicle id="cfm-slow_3" eclass="HBEFA3/PC_G_EU4" CO2="13813.85" CO="209.07" HC="1.29" NOx="5.91" PMx="0.31" fuel="5.94" electricity="0.00" noise="74.48" route="routetop" type="cfm-slow" waiting="0.00" lane="top_0" pos="16.56" speed="22.59" angle="244.66" x="29.54" y="123.18"/>
        <vehicle id="cfm-slow_4" eclass="HBEFA3/PC_G_EU4" CO2="16528.42" CO="267.33" HC="1.63" NOx="7.16" PMx="0.39" fuel="7.10" electricity="0.00" noise="76.16" route="routetop" type="cfm-slow" waiting="0.00" lane="top_0" pos="34.69" speed="23.94" angle="212.13" x="2.85" y="95.43"/>
        <vehicle id="cfm-slow_5" eclass="HBEFA3/PC_G_EU4" CO2="18465.86" CO="312.10" HC="1.88" NOx="8.04" PMx="0.44" fuel="7.94" electricity="0.00" noise="77.32" route="routetop" type="cfm-slow" waiting="0.00" lane="left_0" pos="4.21" speed="25.56" angle="176.96" x="-4.33" y="54.54"/>
    </timestep>
    <timestep time="4.29">
        <vehicle id="cfm-fast_0" eclass="HBEFA3/PC_G_EU4" CO2="17239.39" CO="294.42" HC="1.77" NOx="7.42" PMx="0.41" fuel="7.41" electricity="0.00" noise="76.85" route="routetop" type="cfm-fast" waiting="0.00" lane="left_0" pos="25.65" speed="27.28" angle="138.38" x="16.14" y="14.17"/>
        <vehicle id="cfm-fast_1" eclass="HBEFA3/PC_G_EU4" CO2="9420.37" CO="140.09" HC="0.88" NOx="3.70" PMx="0.21" fuel="4.05" electricity="0.00" noise="74.17" route="routetop" type="cfm-fast" waiting="0.00" lane="left_0" pos="44.63" speed="28.47" angle="104.22" x="52.08" y="-3.96"/>
        <vehicle id="cfm-fast_2" eclass="HBEFA3/PC_G_EU4" CO2="0.00" CO="0.00" HC="0.00" NOx="0.00" PMx="0.00" fuel="0.00" electricity="0.00" noise="71.73" route="routebottom" type="cfm-fast" waiting="0.00" lane="bottom_0" pos="14.78" speed="28.37" angle="67.86" x="94.42" y="2.34"/>
        <vehicle id="cfm-fast_3" eclass="HBEFA3/PC_G_EU4" CO2="0.00" CO="0.00" HC="0.00" NOx="0.00" PMx="0.00" fuel="0.00" electricity="0.00" noise="70.26" route="routebottom" type="cfm-fast" waiting="0.00" lane="bottom_0" pos="34.70" speed="26.20" angle="32.11" x="124.48" y="31.91"/>
        <vehicle id="cfm-fast_4" eclass="HBEFA3/PC_G_EU4" CO2="228115.58" CO="5190.77" HC="29.38" NOx="106.34" PMx="6.18" fuel="98.06" electricity="0.00" noise="142.88" route="routebottom" type="cfm-fast" waiting="0.00" lane="right_1" pos="33.76" speed="58.10" angle="303.78" x="95.56" y="120.64"/>
        <vehicle id="cfm-fast_5" eclass="HBEFA3/PC_G_EU4" CO2="0.00" CO="0.00" HC="0.00" NOx="0.00" PMx="0.00" fuel="0.00" electricity="0.00" noise="68.96" route="routebottom" type="cfm-fast" waiting="0.00" lane="right_0" pos="3.12" speed="22.12" angle="358.89" x="131.93" y="70.47"/>
        <vehicle id="cfm-slow_0" eclass="HBEFA3/PC_G_EU4" CO2="7219.72" CO="72.54" HC="0.51" NOx="2.84" PMx="0.14" fuel="3.10" electricity="0.00" noise="70.50" route="routebottom" type="cfm-slow" waiting="0.00" lane="right_0" pos="17.05" speed="20.66" angle="333.81" x="122.64" y="98.69"/>
        <vehicle id="cfm-slow_1" eclass="HBEFA3/PC_G_EU4" CO2="8835.40" CO="105.71" HC="0.70" NOx="3.60" PMx="0.18" fuel="3.80" electricity="0.00" noise="71.42" route="routebottom" type="cfm-slow" waiting="0.00" lane="right_0" pos="33.17" speed="21.01" angle="304.79" x="98.30" y="122.88"/>
        <vehicle id="cfm-slow_2" eclass="HBEFA3/PC_G_EU4" CO2="11112.72" CO="152.68" HC="0.97" NOx="4.66" PMx="0.24" fuel="4.78" electricity="0.00" noise="72.79" route="routebottom" type="cfm-slow" waiting="0.00" lane="right_0" pos="49.65" speed="21.63" angle="275.17" x="64.51" y="132.26"/>
        <vehicle id="cfm-slow_3" eclass="HBEFA3/PC_G_EU4" CO2="13820.83" CO="209.23" HC="1.29" NOx="5.91" PMx="0.31" fuel="5.94" electricity="0.00" noise="74.49" route="routetop" type="cfm-slow" waiting="0.00" lane="top_0" pos="16.78" speed="22.61" angle="244.29" x="29.12" y="122.94"/>
        <vehicle id="cfm-slow_4" eclass="HBEFA3/PC_G_EU4" CO2="16527.87" CO="267.36" HC="1.63" NOx="7.16" PMx="0.39" fuel="7.10" electricity="0.00" noise="76.16" route="routetop" type="cfm-slow" waiting="0.00" lane="top_0" pos="34.93" speed="23.96" angle="211.68" x="2.62" y="94.97"/>
        <vehicle id="cfm-slow_5" eclass="HBEFA3/PC_G_EU4" CO2="18436.97" CO="311.58" HC="1.88" NOx="8.02" PMx="0.44" fuel="7.93" electricity="0.00" noise="77.31" route="routetop" type="cfm-slow" waiting="0.00" lane="left_0" pos="4.47" speed="25.58" angle="176.50" x="-4.26" y="53.99"/>
    </timestep>
    <timestep time="4.30">
        <vehicle id="cfm-fast_0" eclass="HBEFA3/PC_G_EU4" CO2="17140.84" CO="292.48" HC="1.76" NOx="7.37" PMx="0.41" fuel="7.37" electricity="0.00" noise="76.81" route="routetop" type="cfm-fast" waiting="0.00" lane="left_0" pos="25.92" speed="27.30" angle="137.87" x="16.57" y="13.77"/>
        <vehicle id="cfm-fast_1" eclass="HBEFA3/PC_G_EU4" CO2="9243.02" CO="136.47" HC="0.86" NOx="3.62" PMx="0.21" fuel="3.97" electricity="0.00" noise="74.12" route="routetop" type="cfm-fast" waiting="0.00" lane="left_0" pos="44.92" speed="28.47" angle="103.76" x="52.68" y="-4.07"/>
        <vehicle id="cfm-fast_2" eclass="HBEFA3/PC_G_EU4" CO2="0.00" CO="0.00" HC="0.00" NOx="0.00" PMx="0.00" fuel="0.00" electricity="0.00" noise="71.71" route="routebottom" type="cfm-fast" waiting="0.00" lane="bottom_0" pos="15.06" speed="28.36" angle="67.33" x="94.96" y="2.61"/>
        <vehicle id="cfm-fast_3" eclass="HBEFA3/PC_G_EU4" CO2="0.00" CO="0.00" HC="0.00" NOx="0.00" PMx="0.00" fuel="0.00" electricity="0.00" noise="70.25" route="routebottom" type="cfm-fast" waiting="0.00" lane="bottom_0" pos="34.96" speed="26.17" angle="31.64" x="124.73" y="32.41"/>
        <vehicle id="cfm-fast_4" eclass="HBEFA3/PC_G_EU4" CO2="228707.14" CO="5207.17" HC="29.46" NOx="106.62" PMx="6.19" fuel="98.31" electricity="0.00" noise="142.95" route="routebottom" type="cfm-fast" waiting="0.00" lane="right_1" pos="34.34" speed="58.24" angle="302.71" x="94.51" y="121.22"/>
        <vehicle id="cfm-fast_5" eclass="HBEFA3/PC_G_EU4" CO2="0.00" CO="0.00" HC="0.00" NOx="0.00" PMx="0.00" fuel="0.00" electricity="0.00" noise="68.97" route="routebottom" type="cfm-fast" waiting="0.00" lane="right_0" pos="3.34" speed="22.12" angle="358.50" x="131.88" y="70.94"/>
        <vehicle id="cfm-slow_0" eclass="HBEFA3/PC_G_EU4" CO2="7216.84" CO="72.48" HC="0.51" NOx="2.84" PMx="0.14" fuel="3.10" electricity="0.00" noise="70.51" route="routebottom" type="cfm-slow" waiting="0.00" lane="right_0" pos="17.25" speed="20.67" angle="333.43" x="122.41" y="99.08"/>
        <vehicle id="cfm-slow_1" eclass="HBEFA3/PC_G_EU4" CO2="8838.78" CO="105.78" HC="0.70" NOx="3.60" PMx="0.18" fuel="3.80" electricity="0.00" noise="71.42" route="routebottom" type="cfm-slow" waiting="0.00" lane="right_0" pos="33.38" speed="21.02" angle="304.45" x="97.91" y="123.11"/>
        <vehicle id="cfm-slow_2" eclass="HBEFA3/PC_G_EU4" CO2="11120.05" CO="152.84" HC="0.97" NOx="4.66" PMx="0.24" fuel="4.78" electricity="0.00" noise="72.80" route="routebottom" type="cfm-slow" waiting="0.00" lane="right_0" pos="49.87" speed="21.64" angle="274.76" x="64.05" y="132.26"/>
        <vehicle id="cfm-slow_3" eclass="HBEFA3/PC_G_EU4" CO2="13827.91" CO="209.40" HC="1.30" NOx="5.92" PMx="0.31" fuel="5.94" electricity="0.00" noise="74.49" route="routetop" type="cfm-slow" waiting="0.00" lane="top_0" pos="17.01" speed="22.63" angle="243.88" x="28.70" y="122.69"/>
        <vehicle id="cfm-slow_4" eclass="HBEFA3/PC_G_EU4" CO2="16527.23" CO="267.40" HC="1.63" NOx="7.16" PMx="0.39" fuel="7.10" electricity="0.00" noise="76.16" route="routetop" type="cfm-slow" waiting="0.00" lane="top_0" pos="35.17" speed="23.98" angle="211.24" x="2.39" y="94.51"/>
        <vehicle id="cfm-slow_5" eclass="HBEFA3/PC_G_EU4" CO2="18407.62" CO="311.05" HC="1.87" NOx="8.01" PMx="0.44" fuel="7.91" electricity="0.00" noise="77.29" route="routetop" type="cfm-slow" waiting="0.00" lane="left_0" pos="4.72" speed="25.60" angle="176.03" x="-4.18" y="53.45"/>
    </timestep>
    <timestep time="4.31">
        <vehicle id="cfm-fast_0" eclass="HBEFA3/PC_G_EU4" CO2="17041.72" CO="290.53" HC="1.75" NOx="7.33" PMx="0.41" fuel="7.33" electricity="0.00" noise="76.77" route="routetop" type="cfm-fast" waiting="0.00" lane="left_0" pos="26.19" speed="27.32" angle="137.37" x="17.01" y="13.37"/>
        <vehicle id="cfm-fast_1" eclass="HBEFA3/PC_G_EU4" CO2="9066.27" CO="132.87" HC="0.83" NOx="3.54" PMx="0.21" fuel="3.90" electricity="0.00" noise="74.07" route="routetop" type="cfm-fast" waiting="0.00" lane="left_0" pos="45.20" speed="28.48" angle="103.23" x="53.29" y="-4.16"/>
        <vehicle id="cfm-fast_2" eclass="HBEFA3/PC_G_EU4" CO2="0.00" CO="0.00" HC="0.00" NOx="0.00" PMx="0.00" fuel="0.00" electricity="0.00" noise="71.69" route="routebottom" type="cfm-fast" waiting="0.00" lane="bottom_0" pos="15.34" speed="28.34" angle="66.86" x="95.51" y="2.88"/>
        <vehicle id="cfm-fast_3" eclass="HBEFA3/PC_G_EU4" CO2="0.00" CO="0.00" HC="0.00" NOx="0.00" PMx="0.00" fuel="0.00" electricity="0.00" noise="70.24" route="routebottom" type="cfm-fast" waiting="0.00" lane="bottom_0" pos="35.22" speed="26.15" angle="31.16" x="124.99" y="32.91"/>
        <vehicle id="cfm-fast_4" eclass="HBEFA3/PC_G_EU4" CO2="229298.98" CO="5223.59" HC="29.55" NOx="106.90" PMx="6.21" fuel="98.56" electricity="0.00" noise="143.01" route="routebottom" type="cfm-fast" waiting="0.00" lane="right_1" pos="34.93" speed="58.38" angle="301.69" x="93.45" y="121.77"/>
        <vehicle id="cfm-fast_5" eclass="HBEFA3/PC_G_EU4" CO2="0.00" CO="0.00" HC="0.00" NOx="0.00" PMx="0.00" fuel="0.00" electricity="0.00" noise="68.97" route="routebottom" type="cfm-fast" waiting="0.00" lane="right_0" pos="3.56" speed="22.11" angle="358.10" x="131.83" y="71.41"/>
        <vehicle id="cfm-slow_0" eclass="HBEFA3/PC_G_EU4" CO2="7214.17" CO="72.42" HC="0.51" NOx="2.84" PMx="0.14" fuel="3.10" electricity="0.00" noise="70.51" route="routebottom" type="cfm-slow" waiting="0.00" lane="right_0" pos="17.46" speed="20.68" angle="333.06" x="122.19" y="99.46"/>
        <vehicle id="cfm-slow_1" eclass="HBEFA3/PC_G_EU4" CO2="8842.35" CO="105.85" HC="0.70" NOx="3.60" PMx="0.18" fuel="3.80" electricity="0.00" noise="71.43" route="routebottom" type="cfm-slow" waiting="0.00" lane="right_0" pos="33.59" speed="21.03" angle="304.07" x="97.51" y="123.33"/>
        <vehicle id="cfm-slow_2" eclass="HBEFA3/PC_G_EU4" CO2="11127.53" CO="153.00" HC="0.97" NOx="4.66" PMx="0.24" fuel="4.78" electricity="0.00" noise="72.81" route="routetop" type="cfm-slow" waiting="0.00" lane="top_0" pos="0.08" speed="21.65" angle="274.32" x="63.39" y="132.27"/>
        <vehicle id="cfm-slow_3" eclass="HBEFA3/PC_G_EU4" CO2="13835.07" CO="209.57" HC="1.30" NOx="5.92" PMx="0.31" fuel="5.95" electricity="0.00" noise="74.50" route="routetop" type="cfm-slow" waiting="0.00" lane="top_0" pos="17.24" speed="22.64" angle="243.47" x="28.28" y="122.44"/>
        <vehicle id="cfm-slow_4" eclass="HBEFA3/PC_G_EU4" CO2="16526.50" CO="267.43" HC="1.63" NOx="7.16" PMx="0.39" fuel="7.10" electricity="0.00" noise="76.16" route="routetop" type="cfm-slow" waiting="0.00" lane="top_0" pos="35.41" speed="24.00" angle="210.80" x="2.16" y="94.05"/>
        <vehicle id="cfm-slow_5" eclass="HBEFA3/PC_G_EU4" CO2="18377.81" CO="310.52" HC="1.87" NOx="7.99" PMx="0.44" fuel="7.90" electricity="0.00" noise="77.28" route="routetop" type="cfm-slow" waiting="0.00" lane="left_0" pos="4.98" speed="25.62" angle="175.57" x="-4.10" y="52.90"/>
    </timestep>
    <timestep time="4.32">
        <vehicle id="cfm-fast_0" eclass="HBEFA3/PC_G_EU4" CO2="16942.06" CO="288.57" HC="1.74" NOx="7.28" PMx="0.41" fuel="7.28" electricity="0.00" noise="76.72" route="routetop" type="cfm-fast" waiting="0.00" lane="left_0" pos="26.47" speed="27.33" angle="136.86" x="17.44" y="12.97"/>
        <vehicle id="cfm-fast_1" eclass="HBEFA3/PC_G_EU4" CO2="8890.15" CO="129.27" HC="0.81" NOx="3.45" PMx="0.20" fuel="3.82" electricity="0.00" noise="74.03" route="routetop" type="cfm-fast" waiting="0.00" lane="left_0" pos="45.49" speed="28.48" angle="102.71" x="53.89" y="-4.24"/>
        <vehicle id="cfm-fast_2" eclass="HBEFA3/PC_G_EU4" CO2="0.00" CO="0.00" HC="0.00" NOx="0.00" PMx="0.00" fuel="0.00" electricity="0.00" noise="71.68" route="routebottom" type="cfm-fast" waiting="0.00" lane="bottom_0" pos="15.63" speed="28.33" angle="66.35" x="96.04" y="3.18"/>
        <vehicle id="cfm-fast_3" eclass="HBEFA3/PC_G_EU4" CO2="0.00" CO="0.00" HC="0.00" NOx="0.00" PMx="0.00" fuel="0.00" electricity="0.00" noise="70.22" route="routebottom" type="cfm-fast" waiting="0.00" lane="bottom_0" pos="35.48" speed="26.12" angle="30.69" x="125.24" y="33.41"/>
        <vehicle id="cfm-fast_4" eclass="HBEFA3/PC_G_EU4" CO2="229891.12" CO="5240.03" HC="29.64" NOx="107.18" PMx="6.23" fuel="98.82" electricity="0.00" noise="143.08" route="routebottom" type="cfm-fast" waiting="0.00" lane="right_1" pos="35.51" speed="58.51" angle="300.60" x="92.38" y="122.31"/>
        <vehicle id="cfm-fast_5" eclass="HBEFA3/PC_G_EU4" CO2="0.00" CO="0.00" HC="0.00" NOx="0.00" PMx="0.00" fuel="0.00" electricity="0.00" noise="68.97" route="routebottom" type="cfm-fast" waiting="0.00" lane="right_0" pos="3.79" speed="22.11" angle="357.71" x="131.78" y="71.89"/>
        <vehicle id="cfm-slow_0" eclass="HBEFA3/PC_G_EU4" CO2="7211.73" CO="72.37" HC="0.51" NOx="2.84" PMx="0.14" fuel="3.10" electricity="0.00" noise="70.51" route="routebottom" type="cfm-slow" waiting="0.00" lane="right_0" pos="17.67" speed="20.69" angle="332.69" x="121.96" y="99.84"/>
        <vehicle id="cfm-slow_1" eclass="HBEFA3/PC_G_EU4" CO2="8846.11" CO="105.93" HC="0.70" NOx="3.60" PMx="0.18" fuel="3.80" electricity="0.00" noise="71.43" route="routebottom" type="cfm-slow" waiting="0.00" lane="right_0" pos="33.80" speed="21.04" angle="303.69" x="97.12" y="123.55"/>
        <vehicle id="cfm-slow_2" eclass="HBEFA3/PC_G_EU4" CO2="11135.17" CO="153.16" HC="0.97" NOx="4.67" PMx="0.24" fuel="4.79" electricity="0.00" noise="72.81" route="routetop" type="cfm-slow" waiting="0.00" lane="top_0" pos="0.30" speed="21.67" angle="273.93" x="62.92" y="132.26"/>
        <vehicle id="cfm-slow_3" eclass="HBEFA3/PC_G_EU4" CO2="13842.33" CO="209.74" HC="1.30" NOx="5.92" PMx="0.31" fuel="5.95" electricity="0.00" noise="74.51" route="routetop" type="cfm-slow" waiting="0.00" lane="top_0" pos="17.46" speed="22.66" angle="243.06" x="27.86" y="122.19"/>
        <vehicle id="cfm-slow_4" eclass="HBEFA3/PC_G_EU4" CO2="16525.66" CO="267.46" HC="1.63" NOx="7.16" PMx="0.39" fuel="7.10" electricity="0.00" noise="76.16" route="routetop" type="cfm-slow" waiting="0.00" lane="top_0" pos="35.65" speed="24.02" angle="210.35" x="1.93" y="93.59"/>
        <vehicle id="cfm-slow_5" eclass="HBEFA3/PC_G_EU4" CO2="18347.54" CO="309.97" HC="1.87" NOx="7.98" PMx="0.44" fuel="7.89" electricity="0.00" noise="77.26" route="routetop" type="cfm-slow" waiting="0.00" lane="left_0" pos="5.23" speed="25.64" angle="175.07" x="-4.01" y="52.36"/>
    </timestep>
    <timestep time="4.33">
        <vehicle id="cfm-fast_0" eclass="HBEFA3/PC_G_EU4" CO2="16841.86" CO="286.59" HC="1.73" NOx="7.23" PMx="0.40" fuel="7.24" electricity="0.00" noise="76.68" route="routetop" type="cfm-fast" waiting="0.00" lane="left_0" pos="26.74" speed="27.35" angle="136.35" x="17.87" y="12.58"/>
        <vehicle id="cfm-fast_1" eclass="HBEFA3/PC_G_EU4" CO2="8714.65" CO="125.69" HC="0.79" NOx="3.37" PMx="0.20" fuel="3.75" electricity="0.00" noise="73.98" route="routetop" type="cfm-fast" waiting="0.00" lane="left_0" pos="45.77" speed="28.49" angle="102.18" x="54.50" y="-4.33"/>
        <vehicle id="cfm-fast_2" eclass="HBEFA3/PC_G_EU4" CO2="0.00" CO="0.00" HC="0.00" NOx="0.00" PMx="0.00" fuel="0.00" electricity="0.00" noise="71.66" route="routebottom" type="cfm-fast" waiting="0.00" lane="bottom_0" pos="15.91" speed="28.31" angle="65.83" x="96.58" y="3.47"/>
        <vehicle id="cfm-fast_3" eclass="HBEFA3/PC_G_EU4" CO2="0.00" CO="0.00" HC="0.00" NOx="0.00" PMx="0.00" fuel="0.00" electricity="0.00" noise="70.21" route="routebottom" type="cfm-fast" waiting="0.00" lane="bottom_0" pos="35.74" speed="26.10" angle="30.22" x="125.49" y="33.92"/>
        <vehicle id="cfm-fast_4" eclass="HBEFA3/PC_G_EU4" CO2="230483.56" CO="5256.49" HC="29.73" NOx="107.45" PMx="6.25" fuel="99.07" electricity="0.00" noise="143.14" route="routebottom" type="cfm-fast" waiting="0.00" lane="right_1" pos="36.10" speed="58.65" angle="299.56" x="91.29" y="122.83"/>
        <vehicle id="cfm-fast_5" eclass="HBEFA3/PC_G_EU4" CO2="0.00" CO="0.00" HC="0.00" NOx="0.00" PMx="0.00" fuel="0.00" electricity="0.00" noise="68.97" route="routebottom" type="cfm-fast" waiting="0.00" lane="right_0" pos="4.01" speed="22.10" angle="357.32" x="131.72" y="72.36"/>
        <vehicle id="cfm-slow_0" eclass="HBEFA3/PC_G_EU4" CO2="7209.50" CO="72.32" HC="0.50" NOx="2.84" PMx="0.14" fuel="3.10" electricity="0.00" noise="70.51" route="routebottom" type="cfm-slow" waiting="0.00" lane="right_0" pos="17.87" speed="20.69" angle="332.35" x="121.73" y="100.22"/>
        <vehicle id="cfm-slow_1" eclass="HBEFA3/PC_G_EU4" CO2="8850.07" CO="106.01" HC="0.70" NOx="3.60" PMx="0.18" fuel="3.80" electricity="0.00" noise="71.44" route="routebottom" type="cfm-slow" waiting="0.00" lane="right_0" pos="34.01" speed="21.05" angle="303.30" x="96.72" y="123.77"/>
        <vehicle id="cfm-slow_2" eclass="HBEFA3/PC_G_EU4" CO2="11142.96" CO="153.33" HC="0.97" NOx="4.67" PMx="0.24" fuel="4.79" electricity="0.00" noise="72.82" route="routetop" type="cfm-slow" waiting="0.00" lane="top_0" pos="0.52" speed="21.68" angle="273.54" x="62.46" y="132.25"/>
        <vehicle id="cfm-slow_3" eclass="HBEFA3/PC_G_EU4" CO2="13849.66" CO="209.91" HC="1.30" NOx="5.92" PMx="0.31" fuel="5.95" electricity="0.00" noise="74.51" route="routetop" type="cfm-slow" waiting="0.00" lane="top_0" pos="17.69" speed="22.68" angle="242.65" x="27.44" y="121.94"/>
        <vehicle id="cfm-slow_4" eclass="HBEFA3/PC_G_EU4" CO2="16524.73" CO="267.49" HC="1.63" NOx="7.16" PMx="0.39" fuel="7.10" electricity="0.00" noise="76.16" route="routetop" type="cfm-slow" waiting="0.00" lane="top_0" pos="35.89" speed="24.04" angle="209.96" x="1.70" y="93.12"/>
        <vehicle id="cfm-slow_5" eclass="HBEFA3/PC_G_EU4" CO2="18316.81" CO="309.42" HC="1.86" NOx="7.96" PMx="0.44" fuel="7.87" electricity="0.00" noise="77.25" route="routetop" type="cfm-slow" waiting="0.00" lane="left_0" pos="5.49" speed="25.67" angle="174.60" x="-3.91" y="51.82"/>
    </timestep>
    <timestep time="4.34">
        <vehicle id="cfm-fast_0" eclass="HBEFA3/PC_G_EU4" CO2="16741.12" CO="284.60" HC="1.71" NOx="7.18" PMx="0.40" fuel="7.20" electricity="0.00" noise="76.63" route="routetop" type="cfm-fast" waiting="0.00" lane="left_0" pos="27.01" speed="27.37" angle="135.91" x="18.31" y="12.18"/>
        <vehicle id="cfm-fast_1" eclass="HBEFA3/PC_G_EU4" CO2="8539.79" CO="122.11" HC="0.77" NOx="3.29" PMx="0.19" fuel="3.67" electricity="0.00" noise="73.93" route="routetop" type="cfm-fast" waiting="0.00" lane="left_0" pos="46.06" speed="28.49" angle="101.65" x="55.11" y="-4.41"/>
        <vehicle id="cfm-fast_2" eclass="HBEFA3/PC_G_EU4" CO2="0.00" CO="0.00" HC="0.00" NOx="0.00" PMx="0.00" fuel="0.00" electricity="0.00" noise="71.65" route="routebottom" type="cfm-fast" waiting="0.00" lane="bottom_0" pos="16.19" speed="28.30" angle="65.31" x="97.11" y="3.77"/>
        <vehicle id="cfm-fast_3" eclass="HBEFA3/PC_G_EU4" CO2="0.00" CO="0.00" HC="0.00" NOx="0.00" PMx="0.00" fuel="0.00" electricity="0.00" noise="70.20" route="routebottom" type="cfm-fast" waiting="0.00" lane="bottom_0" pos="36.00" speed="26.07" angle="29.79" x="125.74" y="34.42"/>
        <vehicle id="cfm-fast_4" eclass="HBEFA3/PC_G_EU4" CO2="231076.28" CO="5272.97" HC="29.83" NOx="107.73" PMx="6.26" fuel="99.33" electricity="0.00" noise="143.21" route="routebottom" type="cfm-fast" waiting="0.00" lane="right_1" pos="36.69" speed="58.78" angle="298.45" x="90.20" y="123.33"/>
        <vehicle id="cfm-fast_5" eclass="HBEFA3/PC_G_EU4" CO2="0.00" CO="0.00" HC="0.00" NOx="0.00" PMx="0.00" fuel="0.00" electricity="0.00" noise="68.97" route="routebottom" type="cfm-fast" waiting="0.00" lane="right_0" pos="4.23" speed="22.09" angle="356.92" x="131.65" y="72.83"/>
        <vehicle id="cfm-slow_0" eclass="HBEFA3/PC_G_EU4" CO2="7207.48" CO="72.27" HC="0.50" NOx="2.84" PMx="0.14" fuel="3.10" electricity="0.00" noise="70.51" route="routebottom" type="cfm-slow" waiting="0.00" lane="right_0" pos="18.08" speed="20.70" angle="331.99" x="121.49" y="100.60"/>
        <vehicle id="cfm-slow_1" eclass="HBEFA3/PC_G_EU4" CO2="8854.21" CO="106.09" HC="0.70" NOx="3.61" PMx="0.18" fuel="3.81" electricity="0.00" noise="71.44" route="routebottom" type="cfm-slow" waiting="0.00" lane="right_0" pos="34.22" speed="21.06" angle="302.92" x="96.32" y="123.99"/>
        <vehicle id="cfm-slow_2" eclass="HBEFA3/PC_G_EU4" CO2="11150.89" CO="153.50" HC="0.97" NOx="4.67" PMx="0.24" fuel="4.79" electricity="0.00" noise="72.83" route="routetop" type="cfm-slow" waiting="0.00" lane="top_0" pos="0.73" speed="21.70" angle="273.15" x="61.99" y="132.24"/>
        <vehicle id="cfm-slow_3" eclass="HBEFA3/PC_G_EU4" CO2="13857.08" CO="210.09" HC="1.30" NOx="5.93" PMx="0.32" fuel="5.96" electricity="0.00" noise="74.52" route="routetop" type="cfm-slow" waiting="0.00" lane="top_0" pos="17.92" speed="22.70" angle="242.30" x="27.02" y="121.69"/>
        <vehicle id="cfm-slow_4" eclass="HBEFA3/PC_G_EU4" CO2="16523.69" CO="267.52" HC="1.63" NOx="7.16" PMx="0.39" fuel="7.10" electricity="0.00" noise="76.17" route="routetop" type="cfm-slow" waiting="0.00" lane="top_0" pos="36.13" speed="24.06" angle="209.52" x="1.48" y="92.65"/>
        <vehicle id="cfm-slow_5" eclass="HBEFA3/PC_G_EU4" CO2="18285.61" CO="308.85" HC="1.86" NOx="7.95" PMx="0.44" fuel="7.86" electricity="0.00" noise="77.23" route="routetop" type="cfm-slow" waiting="0.00" lane="left_0" pos="5.75" speed="25.69" angle="174.13" x="-3.81" y="51.27"/>
    </timestep>
    <timestep time="4.35">
        <vehicle id="cfm-fast_0" eclass="HBEFA3/PC_G_EU4" CO2="16639.85" CO="282.60" HC="1.70" NOx="7.14" PMx="0.40" fuel="7.15" electricity="0.00" noise="76.59" route="routetop" type="cfm-fast" waiting="0.00" lane="left_0" pos="27.29" speed="27.38" angle="135.39" x="18.76" y="11.80"/>
        <vehicle id="cfm-fast_1" eclass="HBEFA3/PC_G_EU4" CO2="8365.59" CO="118.55" HC="0.75" NOx="3.21" PMx="0.19" fuel="3.60" electricity="0.00" noise="73.89" route="routetop" type="cfm-fast" waiting="0.00" lane="left_0" pos="46.34" speed="28.49" angle="101.18" x="55.72" y="-4.48"/>
        <vehicle id="cfm-fast_2" eclass="HBEFA3/PC_G_EU4" CO2="0.00" CO="0.00" HC="0.00" NOx="0.00" PMx="0.00" fuel="0.00" electricity="0.00" noise="71.64" route="routebottom" type="cfm-fast" waiting="0.00" lane="bottom_0" pos="16.48" speed="28.28" angle="64.78" x="97.64" y="4.06"/>
        <vehicle id="cfm-fast_3" eclass="HBEFA3/PC_G_EU4" CO2="0.00" CO="0.00" HC="0.00" NOx="0.00" PMx="0.00" fuel="0.00" electricity="0.00" noise="70.18" route="routebottom" type="cfm-fast" waiting="0.00" lane="bottom_0" pos="36.26" speed="26.05" angle="29.28" x="125.96" y="34.93"/>
        <vehicle id="cfm-fast_4" eclass="HBEFA3/PC_G_EU4" CO2="231669.30" CO="5289.48" HC="29.92" NOx="108.01" PMx="6.28" fuel="99.58" electricity="0.00" noise="143.28" route="routebottom" type="cfm-fast" waiting="0.00" lane="right_1" pos="37.28" speed="58.92" angle="297.41" x="89.09" y="123.82"/>
        <vehicle id="cfm-fast_5" eclass="HBEFA3/PC_G_EU4" CO2="0.00" CO="0.00" HC="0.00" NOx="0.00" PMx="0.00" fuel="0.00" electricity="0.00" noise="68.97" route="routebottom" type="cfm-fast" waiting="0.00" lane="right_0" pos="4.45" speed="22.09" angle="356.52" x="131.58" y="73.30"/>
        <vehicle id="cfm-slow_0" eclass="HBEFA3/PC_G_EU4" CO2="7205.68" CO="72.23" HC="0.50" NOx="2.84" PMx="0.14" fuel="3.10" electricity="0.00" noise="70.51" route="routebottom" type="cfm-slow" waiting="0.00" lane="right_0" pos="18.29" speed="20.71" angle="331.58" x="121.24" y="100.97"/>
        <vehicle id="cfm-slow_1" eclass="HBEFA3/PC_G_EU4" CO2="8858.55" CO="106.18" HC="0.70" NOx="3.61" PMx="0.18" fuel="3.81" electricity="0.00" noise="71.45" route="routebottom" type="cfm-slow" waiting="0.00" lane="right_0" pos="34.43" speed="21.07" angle="302.54" x="95.93" y="124.21"/>
        <vehicle id="cfm-slow_2" eclass="HBEFA3/PC_G_EU4" CO2="11158.98" CO="153.67" HC="0.97" NOx="4.68" PMx="0.24" fuel="4.80" electricity="0.00" noise="72.84" route="routetop" type="cfm-slow" waiting="0.00" lane="top_0" pos="0.95" speed="21.71" angle="272.75" x="61.52" y="132.23"/>
        <vehicle id="cfm-slow_3" eclass="HBEFA3/PC_G_EU4" CO2="13864.57" CO="210.26" HC="1.30" NOx="5.93" PMx="0.32" fuel="5.96" electricity="0.00" noise="74.53" route="routetop" type="cfm-slow" waiting="0.00" lane="top_0" pos="18.14" speed="22.71" angle="241.87" x="26.62" y="121.42"/>
        <vehicle id="cfm-slow_4" eclass="HBEFA3/PC_G_EU4" CO2="16522.54" CO="267.54" HC="1.63" NOx="7.15" PMx="0.39" fuel="7.10" electricity="0.00" noise="76.17" route="routetop" type="cfm-slow" waiting="0.00" lane="top_0" pos="36.37" speed="24.08" angle="209.07" x="1.27" y="92.18"/>
        <vehicle id="cfm-slow_5" eclass="HBEFA3/PC_G_EU4" CO2="18253.93" CO="308.28" HC="1.86" NOx="7.93" PMx="0.44" fuel="7.85" electricity="0.00" noise="77.21" route="routetop" type="cfm-slow" waiting="0.00" lane="left_0" pos="6.00" speed="25.71" angle="173.66" x="-3.71" y="50.73"/>
    </timestep>
    <timestep time="4.36">
        <vehicle id="cfm-fast_0" eclass="HBEFA3/PC_G_EU4" CO2="16538.06" CO="280.59" HC="1.69" NOx="7.09" PMx="0.40" fuel="7.11" electricity="0.00" noise="76.55" route="routetop" type="cfm-fast" waiting="0.00" lane="left_0" pos="27.56" speed="27.40" angle="134.88" x="19.21" y="11.42"/>
        <vehicle id="cfm-fast_1" eclass="HBEFA3/PC_G_EU4" CO2="8192.05" CO="115.00" HC="0.73" NOx="3.12" PMx="0.18" fuel="3.52" electricity="0.00" noise="73.84" route="routetop" type="cfm-fast" waiting="0.00" lane="left_0" pos="46.63" speed="28.50" angle="100.66" x="56.33" y="-4.55"/>
        <vehicle id="cfm-fast_2" eclass="HBEFA3/PC_G_EU4" CO2="0.00" CO="0.00" HC="0.00" NOx="0.00" PMx="0.00" fuel="0.00" electricity="0.00" noise="71.62" route="routebottom" type="cfm-fast" waiting="0.00" lane="bottom_0" pos="16.76" speed="28.27" angle="64.32" x="98.17" y="4.36"/>
        <vehicle id="cfm-fast_3" eclass="HBEFA3/PC_G_EU4" CO2="0.00" CO="0.00" HC="0.00" NOx="0.00" PMx="0.00" fuel="0.00" electricity="0.00" noise="70.17" route="routebottom" type="cfm-fast" waiting="0.00" lane="bottom_0" pos="36.52" speed="26.02" angle="28.78" x="126.19" y="35.44"/>
        <vehicle id="cfm-fast_4" eclass="HBEFA3/PC_G_EU4" CO2="232262.60" CO="5306.01" HC="30.01" NOx="108.29" PMx="6.30" fuel="99.84" electricity="0.00" noise="143.34" route="routebottom" type="cfm-fast" waiting="0.00" lane="right_1" pos="37.87" speed="59.06" angle="296.31" x="87.97" y="124.26"/>
        <vehicle id="cfm-fast_5" eclass="HBEFA3/PC_G_EU4" CO2="0.00" CO="0.00" HC="0.00" NOx="0.00" PMx="0.00" fuel="0.00" electricity="0.00" noise="68.97" route="routebottom" type="cfm-fast" waiting="0.00" lane="right_0" pos="4.67" speed="22.08" angle="356.12" x="131.52" y="73.77"/>
        <vehicle id="cfm-slow_0" eclass="HBEFA3/PC_G_EU4" CO2="7204.08" CO="72.20" HC="0.50" NOx="2.83" PMx="0.14" fuel="3.10" electricity="0.00" noise="70.52" route="routebottom" type="cfm-slow" waiting="0.00" lane="right_0" pos="18.49" speed="20.71" angle="331.18" x="120.99" y="101.34"/>
        <vehicle id="cfm-slow_1" eclass="HBEFA3/PC_G_EU4" CO2="8863.07" CO="106.27" HC="0.70" NOx="3.61" PMx="0.18" fuel="3.81" electricity="0.00" noise="71.45" route="routebottom" type="cfm-slow" waiting="0.00" lane="right_0" pos="34.64" speed="21.08" angle="302.22" x="95.53" y="124.42"/>
        <vehicle id="cfm-slow_2" eclass="HBEFA3/PC_G_EU4" CO2="11167.21" CO="153.85" HC="0.98" NOx="4.68" PMx="0.24" fuel="4.80" electricity="0.00" noise="72.84" route="routetop" type="cfm-slow" waiting="0.00" lane="top_0" pos="1.17" speed="21.72" angle="272.36" x="61.06" y="132.22"/>
        <vehicle id="cfm-slow_3" eclass="HBEFA3/PC_G_EU4" CO2="13872.14" CO="210.44" HC="1.30" NOx="5.93" PMx="0.32" fuel="5.96" electricity="0.00" noise="74.53" route="routetop" type="cfm-slow" waiting="0.00" lane="top_0" pos="18.37" speed="22.73" angle="241.43" x="26.21" y="121.15"/>
        <vehicle id="cfm-slow_4" eclass="HBEFA3/PC_G_EU4" CO2="16521.27" CO="267.56" HC="1.63" NOx="7.15" PMx="0.39" fuel="7.10" electricity="0.00" noise="76.17" route="routetop" type="cfm-slow" waiting="0.00" lane="top_0" pos="36.62" speed="24.10" angle="208.62" x="1.06" y="91.71"/>
        <vehicle id="cfm-slow_5" eclass="HBEFA3/PC_G_EU4" CO2="18221.79" CO="307.70" HC="1.85" NOx="7.92" PMx="0.44" fuel="7.83" electricity="0.00" noise="77.20" route="routetop" type="cfm-slow" waiting="0.00" lane="left_0" pos="6.26" speed="25.73" angle="173.20" x="-3.61" y="50.18"/>
    </timestep>
    <timestep time="4.37">
        <vehicle id="cfm-fast_0" eclass="HBEFA3/PC_G_EU4" CO2="16435.76" CO="278.57" HC="1.68" NOx="7.04" PMx="0.39" fuel="7.06" electricity="0.00" noise="76.50" route="routetop" type="cfm-fast" waiting="0.00" lane="left_0" pos="27.84" speed="27.41" angle="134.37" x="19.66" y="11.04"/>
        <vehicle id="cfm-fast_1" eclass="HBEFA3/PC_G_EU4" CO2="8019.20" CO="111.47" HC="0.71" NOx="3.04" PMx="0.18" fuel="3.45" electricity="0.00" noise="73.80" route="routetop" type="cfm-fast" waiting="0.00" lane="left_0" pos="46.91" speed="28.50" angle="100.14" x="56.94" y="-4.61"/>
        <vehicle id="cfm-fast_2" eclass="HBEFA3/PC_G_EU4" CO2="0.00" CO="0.00" HC="0.00" NOx="0.00" PMx="0.00" fuel="0.00" electricity="0.00" noise="71.61" route="routebottom" type="cfm-fast" waiting="0.00" lane="bottom_0" pos="17.04" speed="28.25" angle="63.80" x="98.69" y="4.68"/>
        <vehicle id="cfm-fast_3" eclass="HBEFA3/PC_G_EU4" CO2="0.00" CO="0.00" HC="0.00" NOx="0.00" PMx="0.00" fuel="0.00" electricity="0.00" noise="70.16" route="routebottom" type="cfm-fast" waiting="0.00" lane="bottom_0" pos="36.78" speed="25.99" angle="28.27" x="126.42" y="35.95"/>
        <vehicle id="cfm-fast_4" eclass="HBEFA3/PC_G_EU4" CO2="232856.20" CO="5322.55" HC="30.10" NOx="108.56" PMx="6.31" fuel="100.09" electricity="0.00" noise="143.41" route="routebottom" type="cfm-fast" waiting="0.00" lane="right_1" pos="38.46" speed="59.19" angle="295.27" x="86.84" y="124.71"/>
        <vehicle id="cfm-fast_5" eclass="HBEFA3/PC_G_EU4" CO2="0.00" CO="0.00" HC="0.00" NOx="0.00" PMx="0.00" fuel="0.00" electricity="0.00" noise="68.98" route="routebottom" type="cfm-fast" waiting="0.00" lane="right_0" pos="4.89" speed="22.08" angle="355.72" x="131.45" y="74.24"/>
        <vehicle id="cfm-slow_0" eclass="HBEFA3/PC_G_EU4" CO2="7202.70" CO="72.17" HC="0.50" NOx="2.83" PMx="0.14" fuel="3.10" electricity="0.00" noise="70.52" route="routebottom" type="cfm-slow" waiting="0.00" lane="right_0" pos="18.70" speed="20.72" angle="330.78" x="120.74" y="101.71"/>
        <vehicle id="cfm-slow_1" eclass="HBEFA3/PC_G_EU4" CO2="8867.78" CO="106.37" HC="0.70" NOx="3.61" PMx="0.18" fuel="3.81" electricity="0.00" noise="71.46" route="routebottom" type="cfm-slow" waiting="0.00" lane="right_0" pos="34.85" speed="21.09" angle="301.84" x="95.13" y="124.63"/>
        <vehicle id="cfm-slow_2" eclass="HBEFA3/PC_G_EU4" CO2="11175.58" CO="154.03" HC="0.98" NOx="4.68" PMx="0.24" fuel="4.80" electricity="0.00" noise="72.85" route="routetop" type="cfm-slow" waiting="0.00" lane="top_0" pos="1.39" speed="21.74" angle="271.99" x="60.59" y="132.20"/>
        <vehicle id="cfm-slow_3" eclass="HBEFA3/PC_G_EU4" CO2="13879.78" CO="210.62" HC="1.30" NOx="5.94" PMx="0.32" fuel="5.97" electricity="0.00" noise="74.54" route="routetop" type="cfm-slow" waiting="0.00" lane="top_0" pos="18.60" speed="22.75" angle="240.98" x="25.80" y="120.87"/>
        <vehicle id="cfm-slow_4" eclass="HBEFA3/PC_G_EU4" CO2="16519.89" CO="267.58" HC="1.63" NOx="7.15" PMx="0.39" fuel="7.10" electricity="0.00" noise="76.17" route="routetop" type="cfm-slow" waiting="0.00" lane="top_0" pos="36.86" speed="24.12" angle="208.16" x="0.84" y="91.23"/>
        <vehicle id="cfm-slow_5" eclass="HBEFA3/PC_G_EU4" CO2="18189.17" CO="307.10" HC="1.85" NOx="7.90" PMx="0.44" fuel="7.82" electricity="0.00" noise="77.18" route="routetop" type="cfm-slow" waiting="0.00" lane="left_0" pos="6.52" speed="25.75" angle="172.77" x="-3.50" y="49.64"/>
    </timestep>
    <timestep time="4.38">
        <vehicle id="cfm-fast_0" eclass="HBEFA3/PC_G_EU4" CO2="16332.96" CO="276.53" HC="1.67" NOx="6.99" PMx="0.39" fuel="7.02" electricity="0.00" noise="76.46" route="routetop" type="cfm-fast" waiting="0.00" lane="left_0" pos="28.11" speed="27.43" angle="133.88" x="20.11" y="10.66"/>
        <vehicle id="cfm-fast_1" eclass="HBEFA3/PC_G_EU4" CO2="7847.03" CO="107.94" HC="0.69" NOx="2.96" PMx="0.17" fuel="3.37" electricity="0.00" noise="73.76" route="routetop" type="cfm-fast" waiting="0.00" lane="left_0" pos="47.20" speed="28.50" angle="99.62" x="57.55" y="-4.67"/>
        <vehicle id="cfm-fast_2" eclass="HBEFA3/PC_G_EU4" CO2="0.00" CO="0.00" HC="0.00" NOx="0.00" PMx="0.00" fuel="0.00" electricity="0.00" noise="71.59" route="routebottom" type="cfm-fast" waiting="0.00" lane="bottom_0" pos="17.32" speed="28.23" angle="63.28" x="99.21" y="4.99"/>
        <vehicle id="cfm-fast_3" eclass="HBEFA3/PC_G_EU4" CO2="0.00" CO="0.00" HC="0.00" NOx="0.00" PMx="0.00" fuel="0.00" electricity="0.00" noise="70.15" route="routebottom" type="cfm-fast" waiting="0.00" lane="bottom_0" pos="37.04" speed="25.97" angle="27.76" x="126.65" y="36.46"/>
        <vehicle id="cfm-fast_4" eclass="HBEFA3/PC_G_EU4" CO2="233450.10" CO="5339.12" HC="30.19" NOx="108.84" PMx="6.33" fuel="100.35" electricity="0.00" noise="143.47" route="routebottom" type="cfm-fast" waiting="0.00" lane="right_1" pos="39.05" speed="59.33" angle="294.21" x="85.69" y="125.13"/>
        <vehicle id="cfm-fast_5" eclass="HBEFA3/PC_G_EU4" CO2="0.00" CO="0.00" HC="0.00" NOx="0.00" PMx="0.00" fuel="0.00" electricity="0.00" noise="68.98" route="routebottom" type="cfm-fast" waiting="0.00" lane="right_0" pos="5.11" speed="22.07" angle="355.28" x="131.38" y="74.71"/>
        <vehicle id="cfm-slow_0" eclass="HBEFA3/PC_G_EU4" CO2="7201.52" CO="72.14" HC="0.50" NOx="2.83" PMx="0.14" fuel="3.10" electricity="0.00" noise="70.52" route="routebottom" type="cfm-slow" waiting="0.00" lane="right_0" pos="18.91" speed="20.73" angle="330.37" x="120.50" y="102.08"/>
        <vehicle id="cfm-slow_1" eclass="HBEFA3/PC_G_EU4" CO2="8872.67" CO="106.47" HC="0.70" NOx="3.61" PMx="0.18" fuel="3.81" electricity="0.00" noise="71.46" route="routebottom" type="cfm-slow" waiting="0.00" lane="right_0" pos="35.06" speed="21.10" angle="301.46" x="94.72" y="124.83"/>
        <vehicle id="cfm-slow_2" eclass="HBEFA3/PC_G_EU4" CO2="11184.10" CO="154.21" HC="0.98" NOx="4.69" PMx="0.24" fuel="4.81" electricity="0.00" noise="72.86" route="routetop" type="cfm-slow" waiting="0.00" lane="top_0" pos="1.60" speed="21.75" angle="271.60" x="60.12" y="132.17"/>
        <vehicle id="cfm-slow_3" eclass="HBEFA3/PC_G_EU4" CO2="13887.49" CO="210.80" HC="1.30" NOx="5.94" PMx="0.32" fuel="5.97" electricity="0.00" noise="74.55" route="routetop" type="cfm-slow" waiting="0.00" lane="top_0" pos="18.83" speed="22.76" angle="240.54" x="25.40" y="120.60"/>
        <vehicle id="cfm-slow_4" eclass="HBEFA3/PC_G_EU4" CO2="16518.38" CO="267.60" HC="1.63" NOx="7.15" PMx="0.39" fuel="7.10" electricity="0.00" noise="76.17" route="routetop" type="cfm-slow" waiting="0.00" lane="top_0" pos="37.10" speed="24.14" angle="207.73" x="0.63" y="90.76"/>
        <vehicle id="cfm-slow_5" eclass="HBEFA3/PC_G_EU4" CO2="18156.07" CO="306.50" HC="1.85" NOx="7.89" PMx="0.43" fuel="7.80" electricity="0.00" noise="77.16" route="routetop" type="cfm-slow" waiting="0.00" lane="left_0" pos="6.78" speed="25.77" angle="172.27" x="-3.38" y="49.10"/>
    </timestep>
    <timestep time="4.39">
        <vehicle id="cfm-fast_0" eclass="HBEFA3/PC_G_EU4" CO2="16229.66" CO="274.49" HC="1.66" NOx="6.94" PMx="0.39" fuel="6.98" electricity="0.00" noise="76.42" route="routetop" type="cfm-fast" waiting="0.00" lane="left_0" pos="28.39" speed="27.45" angle="133.41" x="20.57" y="10.28"/>
        <vehicle id="cfm-fast_1" eclass="HBEFA3/PC_G_EU4" CO2="7675.57" CO="104.43" HC="0.67" NOx="2.88" PMx="0.17" fuel="3.30" electricity="0.00" noise="73.71" route="routetop" type="cfm-fast" waiting="0.00" lane="left_0" pos="47.48" speed="28.51" angle="99.15" x="58.16" y="-4.73"/>
        <vehicle id="cfm-fast_2" eclass="HBEFA3/PC_G_EU4" CO2="0.00" CO="0.00" HC="0.00" NOx="0.00" PMx="0.00" fuel="0.00" electricity="0.00" noise="71.58" route="routebottom" type="cfm-fast" waiting="0.00" lane="bottom_0" pos="17.61" speed="28.22" angle="62.76" x="99.73" y="5.30"/>
        <vehicle id="cfm-fast_3" eclass="HBEFA3/PC_G_EU4" CO2="0.00" CO="0.00" HC="0.00" NOx="0.00" PMx="0.00" fuel="0.00" electricity="0.00" noise="70.13" route="routebottom" type="cfm-fast" waiting="0.00" lane="bottom_0" pos="37.30" speed="25.94" angle="27.36" x="126.87" y="36.98"/>
        <vehicle id="cfm-fast_4" eclass="HBEFA3/PC_G_EU4" CO2="234044.28" CO="5355.72" HC="30.28" NOx="109.12" PMx="6.35" fuel="100.60" electricity="0.00" noise="143.54" route="routebottom" type="cfm-fast" waiting="0.00" lane="right_1" pos="39.65" speed="59.47" angle="293.17" x="84.55" y="125.55"/>
        <vehicle id="cfm-fast_5" eclass="HBEFA3/PC_G_EU4" CO2="0.00" CO="0.00" HC="0.00" NOx="0.00" PMx="0.00" fuel="0.00" electricity="0.00" noise="68.98" route="routebottom" type="cfm-fast" waiting="0.00" lane="right_0" pos="5.33" speed="22.07" angle="354.87" x="131.30" y="75.18"/>
        <vehicle id="cfm-slow_0" eclass="HBEFA3/PC_G_EU4" CO2="7200.55" CO="72.12" HC="0.50" NOx="2.83" PMx="0.14" fuel="3.10" electricity="0.00" noise="70.52" route="routebottom" type="cfm-slow" waiting="0.00" lane="right_0" pos="19.12" speed="20.74" angle="329.99" x="120.25" y="102.45"/>
        <vehicle id="cfm-slow_1" eclass="HBEFA3/PC_G_EU4" CO2="8877.74" CO="106.58" HC="0.70" NOx="3.62" PMx="0.18" fuel="3.82" electricity="0.00" noise="71.47" route="routebottom" type="cfm-slow" waiting="0.00" lane="right_0" pos="35.27" speed="21.11" angle="301.07" x="94.31" y="125.04"/>
        <vehicle id="cfm-slow_2" eclass="HBEFA3/PC_G_EU4" CO2="11192.76" CO="154.39" HC="0.98" NOx="4.69" PMx="0.24" fuel="4.81" electricity="0.00" noise="72.87" route="routetop" type="cfm-slow" waiting="0.00" lane="top_0" pos="1.82" speed="21.76" angle="271.21" x="59.66" y="132.15"/>
        <vehicle id="cfm-slow_3" eclass="HBEFA3/PC_G_EU4" CO2="13895.27" CO="210.99" HC="1.30" NOx="5.94" PMx="0.32" fuel="5.97" electricity="0.00" noise="74.55" route="routetop" type="cfm-slow" waiting="0.00" lane="top_0" pos="19.05" speed="22.78" angle="240.10" x="24.99" y="120.33"/>
        <vehicle id="cfm-slow_4" eclass="HBEFA3/PC_G_EU4" CO2="16516.74" CO="267.62" HC="1.63" NOx="7.15" PMx="0.39" fuel="7.10" electricity="0.00" noise="76.17" route="routetop" type="cfm-slow" waiting="0.00" lane="top_0" pos="37.34" speed="24.16" angle="207.34" x="0.43" y="90.28"/>
        <vehicle id="cfm-slow_5" eclass="HBEFA3/PC_G_EU4" CO2="18122.50" CO="305.89" HC="1.84" NOx="7.87" PMx="0.43" fuel="7.79" electricity="0.00" noise="77.15" route="routetop" type="cfm-slow" waiting="0.00" lane="left_0" pos="7.04" speed="25.79" angle="171.77" x="-3.25" y="48.56"/>
    </timestep>
    <timestep time="4.40">
        <vehicle id="cfm-fast_0" eclass="HBEFA3/PC_G_EU4" CO2="16125.88" CO="272.43" HC="1.64" NOx="6.89" PMx="0.39" fuel="6.93" electricity="0.00" noise="76.37" route="routetop" type="cfm-fast" waiting="0.00" lane="left_0" pos="28.66" speed="27.46" angle="132.90" x="21.03" y="9.92"/>
        <vehicle id="cfm-fast_1" eclass="HBEFA3/PC_G_EU4" CO2="7504.82" CO="100.93" HC="0.65" NOx="2.80" PMx="0.17" fuel="3.23" electricity="0.00" noise="73.67" route="routetop" type="cfm-fast" waiting="0.00" lane="left_0" pos="47.77" speed="28.51" angle="98.61" x="58.77" y="-4.77"/>
        <vehicle id="cfm-fast_2" eclass="HBEFA3/PC_G_EU4" CO2="0.00" CO="0.00" HC="0.00" NOx="0.00" PMx="0.00" fuel="0.00" electricity="0.00" noise="71.56" route="routebottom" type="cfm-fast" waiting="0.00" lane="bottom_0" pos="17.89" speed="28.20" angle="62.29" x="100.25" y="5.62"/>
        <vehicle id="cfm-fast_3" eclass="HBEFA3/PC_G_EU4" CO2="0.00" CO="0.00" HC="0.00" NOx="0.00" PMx="0.00" fuel="0.00" electricity="0.00" noise="70.12" route="routebottom" type="cfm-fast" waiting="0.00" lane="bottom_0" pos="37.56" speed="25.92" angle="26.89" x="127.08" y="37.49"/>
        <vehicle id="cfm-fast_4" eclass="HBEFA3/PC_G_EU4" CO2="234638.75" CO="5372.33" HC="30.37" NOx="109.40" PMx="6.37" fuel="100.86" electricity="0.00" noise="143.61" route="routebottom" type="cfm-fast" waiting="0.00" lane="right_1" pos="40.24" speed="59.60" angle="292.11" x="83.38" y="125.92"/>
        <vehicle id="cfm-fast_5" eclass="HBEFA3/PC_G_EU4" CO2="0.00" CO="0.00" HC="0.00" NOx="0.00" PMx="0.00" fuel="0.00" electricity="0.00" noise="68.98" route="routebottom" type="cfm-fast" waiting="0.00" lane="right_0" pos="5.55" speed="22.06" angle="354.46" x="131.21" y="75.64"/>
        <vehicle id="cfm-slow_0" eclass="HBEFA3/PC_G_EU4" CO2="7199.78" CO="72.10" HC="0.50" NOx="2.83" PMx="0.14" fuel="3.09" electricity="0.00" noise="70.52" route="routebottom" type="cfm-slow" waiting="0.00" lane="right_0" pos="19.32" speed="20.74" angle="329.65" x="119.99" y="102.81"/>
        <vehicle id="cfm-slow_1" eclass="HBEFA3/PC_G_EU4" CO2="8882.99" CO="106.68" HC="0.70" NOx="3.62" PMx="0.18" fuel="3.82" electricity="0.00" noise="71.47" route="routebottom" type="cfm-slow" waiting="0.00" lane="right_0" pos="35.49" speed="21.12" angle="300.69" x="93.91" y="125.24"/>
        <vehicle id="cfm-slow_2" eclass="HBEFA3/PC_G_EU4" CO2="11201.55" CO="154.58" HC="0.98" NOx="4.70" PMx="0.24" fuel="4.82" electricity="0.00" noise="72.87" route="routetop" type="cfm-slow" waiting="0.00" lane="top_0" pos="2.04" speed="21.78" angle="270.82" x="59.19" y="132.12"/>
        <vehicle id="cfm-slow_3" eclass="HBEFA3/PC_G_EU4" CO2="13903.11" CO="211.17" HC="1.31" NOx="5.95" PMx="0.32" fuel="5.98" electricity="0.00" noise="74.56" route="routetop" type="cfm-slow" waiting="0.00" lane="top_0" pos="19.28" speed="22.80" angle="239.74" x="24.58" y="120.05"/>
        <vehicle id="cfm-slow_4" eclass="HBEFA3/PC_G_EU4" CO2="16514.96" CO="267.63" HC="1.63" NOx="7.15" PMx="0.39" fuel="7.10" electricity="0.00" noise="76.17" route="routetop" type="cfm-slow" waiting="0.00" lane="top_0" pos="37.58" speed="24.18" angle="206.90" x="0.23" y="89.80"/>
        <vehicle id="cfm-slow_5" eclass="HBEFA3/PC_G_EU4" CO2="18088.44" CO="305.26" HC="1.84" NOx="7.85" PMx="0.43" fuel="7.78" electricity="0.00" noise="77.13" route="routetop" type="cfm-slow" waiting="0.00" lane="left_0" pos="7.29" speed="25.81" angle="171.28" x="-3.13" y="48.02"/>
    </timestep>
    <timestep time="4.41">
        <vehicle id="cfm-fast_0" eclass="HBEFA3/PC_G_EU4" CO2="16021.62" CO="270.37" HC="1.63" NOx="6.84" PMx="0.38" fuel="6.89" electricity="0.00" noise="76.33" route="routetop" type="cfm-fast" waiting="0.00" lane="left_0" pos="28.93" speed="27.48" angle="132.39" x="21.50" y="9.56"/>
        <vehicle id="cfm-fast_1" eclass="HBEFA3/PC_G_EU4" CO2="7334.80" CO="97.45" HC="0.63" NOx="2.72" PMx="0.16" fuel="3.15" electricity="0.00" noise="73.63" route="routetop" type="cfm-fast" waiting="0.00" lane="left_0" pos="48.05" speed="28.51" angle="98.06" x="59.38" y="-4.80"/>
        <vehicle id="cfm-fast_2" eclass="HBEFA3/PC_G_EU4" CO2="0.00" CO="0.00" HC="0.00" NOx="0.00" PMx="0.00" fuel="0.00" electricity="0.00" noise="71.55" route="routebottom" type="cfm-fast" waiting="0.00" lane="bottom_0" pos="18.17" speed="28.18" angle="61.79" x="100.76" y="5.95"/>
        <vehicle id="cfm-fast_3" eclass="HBEFA3/PC_G_EU4" CO2="0.00" CO="0.00" HC="0.00" NOx="0.00" PMx="0.00" fuel="0.00" electricity="0.00" noise="70.11" route="routebottom" type="cfm-fast" waiting="0.00" lane="bottom_0" pos="37.82" speed="25.89" angle="26.43" x="127.28" y="38.01"/>
        <vehicle id="cfm-fast_4" eclass="HBEFA3/PC_G_EU4" CO2="235233.52" CO="5388.96" HC="30.46" NOx="109.68" PMx="6.38" fuel="101.12" electricity="0.00" noise="143.67" route="routebottom" type="cfm-fast" waiting="0.00" lane="right_1" pos="40.84" speed="59.74" angle="290.99" x="82.21" y="126.28"/>
        <vehicle id="cfm-fast_5" eclass="HBEFA3/PC_G_EU4" CO2="0.00" CO="0.00" HC="0.00" NOx="0.00" PMx="0.00" fuel="0.00" electricity="0.00" noise="68.98" route="routebottom" type="cfm-fast" waiting="0.00" lane="right_0" pos="5.77" speed="22.06" angle="354.04" x="131.12" y="76.11"/>
        <vehicle id="cfm-slow_0" eclass="HBEFA3/PC_G_EU4" CO2="7199.22" CO="72.08" HC="0.50" NOx="2.83" PMx="0.14" fuel="3.09" electricity="0.00" noise="70.53" route="routebottom" type="cfm-slow" waiting="0.00" lane="right_0" pos="19.53" speed="20.75" angle="329.28" x="119.73" y="103.18"/>
        <vehicle id="cfm-slow_1" eclass="HBEFA3/PC_G_EU4" CO2="8888.43" CO="106.79" HC="0.70" NOx="3.62" PMx="0.18" fuel="3.82" electricity="0.00" noise="71.48" route="routebottom" type="cfm-slow" waiting="0.00" lane="right_0" pos="35.70" speed="21.13" angle="300.31" x="93.50" y="125.44"/>
        <vehicle id="cfm-slow_2" eclass="HBEFA3/PC_G_EU4" CO2="11210.48" CO="154.77" HC="0.98" NOx="4.70" PMx="0.24" fuel="4.82" electricity="0.00" noise="72.88" route="routetop" type="cfm-slow" waiting="0.00" lane="top_0" pos="2.26" speed="21.79" angle="270.43" x="58.72" y="132.09"/>
        <vehicle id="cfm-slow_3" eclass="HBEFA3/PC_G_EU4" CO2="13911.01" CO="211.36" HC="1.31" NOx="5.95" PMx="0.32" fuel="5.98" electricity="0.00" noise="74.56" route="routetop" type="cfm-slow" waiting="0.00" lane="top_0" pos="19.51" speed="22.82" angle="239.32" x="24.19" y="119.76"/>
        <vehicle id="cfm-slow_4" eclass="HBEFA3/PC_G_EU4" CO2="16513.05" CO="267.64" HC="1.63" NOx="7.15" PMx="0.39" fuel="7.10" electricity="0.00" noise="76.17" route="routetop" type="cfm-slow" waiting="0.00" lane="top_0" pos="37.82" speed="24.20" angle="206.45" x="0.04" y="89.32"/>
        <vehicle id="cfm-slow_5" eclass="HBEFA3/PC_G_EU4" CO2="18053.91" CO="304.63" HC="1.84" NOx="7.84" PMx="0.43" fuel="7.76" electricity="0.00" noise="77.11" route="routetop" type="cfm-slow" waiting="0.00" lane="left_0" pos="7.55" speed="25.83" angle="170.80" x="-3.00" y="47.48"/>
    </timestep>
    <timestep time="4.42">
        <vehicle id="cfm-fast_0" eclass="HBEFA3/PC_G_EU4" CO2="15916.89" CO="268.29" HC="1.62" NOx="6.79" PMx="0.38" fuel="6.84" electricity="0.00" noise="76.28" route="routetop" type="cfm-fast" waiting="0.00" lane="left_0" pos="29.21" speed="27.49" angle="131.88" x="21.96" y="9.19"/>
        <vehicle id="cfm-fast_1" eclass="HBEFA3/PC_G_EU4" CO2="7165.51" CO="93.98" HC="0.61" NOx="2.64" PMx="0.16" fuel="3.08" electricity="0.00" noise="73.59" route="routetop" type="cfm-fast" waiting="0.00" lane="left_0" pos="48.34" speed="28.52" angle="97.51" x="60.00" y="-4.84"/>
        <vehicle id="cfm-fast_2" eclass="HBEFA3/PC_G_EU4" CO2="0.00" CO="0.00" HC="0.00" NOx="0.00" PMx="0.00" fuel="0.00" electricity="0.00" noise="71.54" route="routebottom" type="cfm-fast" waiting="0.00" lane="bottom_0" pos="18.45" speed="28.17" angle="61.26" x="101.26" y="6.28"/>
        <vehicle id="cfm-fast_3" eclass="HBEFA3/PC_G_EU4" CO2="0.00" CO="0.00" HC="0.00" NOx="0.00" PMx="0.00" fuel="0.00" electricity="0.00" noise="70.10" route="routebottom" type="cfm-fast" waiting="0.00" lane="bottom_0" pos="38.08" speed="25.87" angle="25.96" x="127.49" y="38.53"/>
        <vehicle id="cfm-fast_4" eclass="HBEFA3/PC_G_EU4" CO2="235828.58" CO="5405.62" HC="30.55" NOx="109.96" PMx="6.40" fuel="101.37" electricity="0.00" noise="143.74" route="routebottom" type="cfm-fast" waiting="0.00" lane="right_1" pos="41.44" speed="59.88" angle="289.93" x="81.03" y="126.61"/>
        <vehicle id="cfm-fast_5" eclass="HBEFA3/PC_G_EU4" CO2="0.00" CO="0.00" HC="0.00" NOx="0.00" PMx="0.00" fuel="0.00" electricity="0.00" noise="68.99" route="routebottom" type="cfm-fast" waiting="0.00" lane="right_0" pos="5.99" speed="22.05" angle="353.63" x="131.04" y="76.58"/>
        <vehicle id="cfm-slow_0" eclass="HBEFA3/PC_G_EU4" CO2="7198.86" CO="72.07" HC="0.50" NOx="2.83" PMx="0.14" fuel="3.09" electricity="0.00" noise="70.53" route="routebottom" type="cfm-slow" waiting="0.00" lane="right_0" pos="19.74" speed="20.76" angle="328.90" x="119.47" y="103.54"/>
        <vehicle id="cfm-slow_1" eclass="HBEFA3/PC_G_EU4" CO2="8894.03" CO="106.91" HC="0.70" NOx="3.62" PMx="0.18" fuel="3.82" electricity="0.00" noise="71.48" route="routebottom" type="cfm-slow" waiting="0.00" lane="right_0" pos="35.91" speed="21.14" angle="299.98" x="93.10" y="125.65"/>
        <vehicle id="cfm-slow_2" eclass="HBEFA3/PC_G_EU4" CO2="11219.55" CO="154.97" HC="0.98" NOx="4.70" PMx="0.24" fuel="4.82" electricity="0.00" noise="72.89" route="routetop" type="cfm-slow" waiting="0.00" lane="top_0" pos="2.47" speed="21.80" angle="270.04" x="58.25" y="132.07"/>
        <vehicle id="cfm-slow_3" eclass="HBEFA3/PC_G_EU4" CO2="13918.97" CO="211.54" HC="1.31" NOx="5.95" PMx="0.32" fuel="5.98" electricity="0.00" noise="74.57" route="routetop" type="cfm-slow" waiting="0.00" lane="top_0" pos="19.74" speed="22.83" angle="238.91" x="23.79" y="119.48"/>
        <vehicle id="cfm-slow_4" eclass="HBEFA3/PC_G_EU4" CO2="16511.00" CO="267.65" HC="1.63" NOx="7.15" PMx="0.39" fuel="7.10" electricity="0.00" noise="76.17" route="routetop" type="cfm-slow" waiting="0.00" lane="top_0" pos="38.07" speed="24.21" angle="206.01" x="-0.15" y="88.83"/>
        <vehicle id="cfm-slow_5" eclass="HBEFA3/PC_G_EU4" CO2="18018.88" CO="303.99" HC="1.83" NOx="7.82" PMx="0.43" fuel="7.75" electricity="0.00" noise="77.10" route="routetop" type="cfm-slow" waiting="0.00" lane="left_0" pos="7.81" speed="25.85" angle="170.37" x="-2.87" y="46.94"/>
    </timestep>
    <timestep time="4.43">
        <vehicle id="cfm-fast_0" eclass="HBEFA3/PC_G_EU4" CO2="15811.70" CO="266.21" HC="1.61" NOx="6.74" PMx="0.38" fuel="6.80" electricity="0.00" noise="76.24" route="routetop" type="cfm-fast" waiting="0.00" lane="left_0" pos="29.48" speed="27.51" angle="131.43" x="22.43" y="8.83"/>
        <vehicle id="cfm-fast_1" eclass="HBEFA3/PC_G_EU4" CO2="6996.97" CO="90.52" HC="0.59" NOx="2.56" PMx="0.15" fuel="3.01" electricity="0.00" noise="73.55" route="routetop" type="cfm-fast" waiting="0.00" lane="left_0" pos="48.62" speed="28.52" angle="96.96" x="60.61" y="-4.87"/>
        <vehicle id="cfm-fast_2" eclass="HBEFA3/PC_G_EU4" CO2="0.00" CO="0.00" HC="0.00" NOx="0.00" PMx="0.00" fuel="0.00" electricity="0.00" noise="71.52" route="routebottom" type="cfm-fast" waiting="0.00" lane="bottom_0" pos="18.73" speed="28.15" angle="60.73" x="101.77" y="6.62"/>
        <vehicle id="cfm-fast_3" eclass="HBEFA3/PC_G_EU4" CO2="0.00" CO="0.00" HC="0.00" NOx="0.00" PMx="0.00" fuel="0.00" electricity="0.00" noise="70.08" route="routebottom" type="cfm-fast" waiting="0.00" lane="bottom_0" pos="38.34" speed="25.84" angle="25.49" x="127.70" y="39.04"/>
        <vehicle id="cfm-fast_4" eclass="HBEFA3/PC_G_EU4" CO2="236423.93" CO="5422.30" HC="30.64" NOx="110.23" PMx="6.42" fuel="101.63" electricity="0.00" noise="143.80" route="routebottom" type="cfm-fast" waiting="0.00" lane="right_1" pos="42.04" speed="60.01" angle="288.80" x="79.84" y="126.93"/>
        <vehicle id="cfm-fast_5" eclass="HBEFA3/PC_G_EU4" CO2="0.00" CO="0.00" HC="0.00" NOx="0.00" PMx="0.00" fuel="0.00" electricity="0.00" noise="68.99" route="routebottom" type="cfm-fast" waiting="0.00" lane="right_0" pos="6.21" speed="22.04" angle="353.22" x="130.95" y="77.04"/>
        <vehicle id="cfm-slow_0" eclass="HBEFA3/PC_G_EU4" CO2="7198.70" CO="72.07" HC="0.50" NOx="2.83" PMx="0.14" fuel="3.09" electricity="0.00" noise="70.53" route="routebottom" type="cfm-slow" waiting="0.00" lane="right_0" pos="19.95" speed="20.76" angle="328.53" x="119.21" y="103.90"/>
        <vehicle id="cfm-slow_1" eclass="HBEFA3/PC_G_EU4" CO2="8899.82" CO="107.03" HC="0.71" NOx="3.62" PMx="0.18" fuel="3.83" electricity="0.00" noise="71.49" route="routebottom" type="cfm-slow" waiting="0.00" lane="right_0" pos="36.12" speed="21.15" angle="299.57" x="92.68" y="125.83"/>
        <vehicle id="cfm-slow_2" eclass="HBEFA3/PC_G_EU4" CO2="11228.75" CO="155.16" HC="0.98" NOx="4.71" PMx="0.25" fuel="4.83" electricity="0.00" noise="72.90" route="routetop" type="cfm-slow" waiting="0.00" lane="top_0" pos="2.69" speed="21.82" angle="269.67" x="57.78" y="132.02"/>
        <vehicle id="cfm-slow_3" eclass="HBEFA3/PC_G_EU4" CO2="13926.98" CO="211.73" HC="1.31" NOx="5.96" PMx="0.32" fuel="5.99" electricity="0.00" noise="74.58" route="routetop" type="cfm-slow" waiting="0.00" lane="top_0" pos="19.97" speed="22.85" angle="238.49" x="23.39" y="119.19"/>
        <vehicle id="cfm-slow_4" eclass="HBEFA3/PC_G_EU4" CO2="16508.80" CO="267.65" HC="1.63" NOx="7.14" PMx="0.39" fuel="7.10" electricity="0.00" noise="76.17" route="routetop" type="cfm-slow" waiting="0.00" lane="top_0" pos="38.31" speed="24.23" angle="205.56" x="-0.35" y="88.35"/>
        <vehicle id="cfm-slow_5" eclass="HBEFA3/PC_G_EU4" CO2="17983.38" CO="303.34" HC="1.83" NOx="7.80" PMx="0.43" fuel="7.73" electricity="0.00" noise="77.08" route="routetop" type="cfm-slow" waiting="0.00" lane="left_0" pos="8.07" speed="25.87" angle="169.89" x="-2.73" y="46.40"/>
    </timestep>
    <timestep time="4.44">
        <vehicle id="cfm-fast_0" eclass="HBEFA3/PC_G_EU4" CO2="15706.06" CO="264.11" HC="1.60" NOx="6.69" PMx="0.38" fuel="6.75" electricity="0.00" noise="76.20" route="routetop" type="cfm-fast" waiting="0.00" lane="left_0" pos="29.76" speed="27.52" angle="130.93" x="22.91" y="8.48"/>
        <vehicle id="cfm-fast_1" eclass="HBEFA3/PC_G_EU4" CO2="6829.19" CO="87.08" HC="0.57" NOx="2.48" PMx="0.15" fuel="2.94" electricity="0.00" noise="73.51" route="routetop" type="cfm-fast" waiting="0.00" lane="left_0" pos="48.91" speed="28.52" angle="96.50" x="61.22" y="-4.90"/>
        <vehicle id="cfm-fast_2" eclass="HBEFA3/PC_G_EU4" CO2="0.00" CO="0.00" HC="0.00" NOx="0.00" PMx="0.00" fuel="0.00" electricity="0.00" noise="71.51" route="routebottom" type="cfm-fast" waiting="0.00" lane="bottom_0" pos="19.01" speed="28.13" angle="60.20" x="102.27" y="6.95"/>
        <vehicle id="cfm-fast_3" eclass="HBEFA3/PC_G_EU4" CO2="0.00" CO="0.00" HC="0.00" NOx="0.00" PMx="0.00" fuel="0.00" electricity="0.00" noise="70.07" route="routebottom" type="cfm-fast" waiting="0.00" lane="bottom_0" pos="38.60" speed="25.82" angle="25.08" x="127.89" y="39.56"/>
        <vehicle id="cfm-fast_4" eclass="HBEFA3/PC_G_EU4" CO2="237019.58" CO="5439.00" HC="30.73" NOx="110.51" PMx="6.44" fuel="101.88" electricity="0.00" noise="143.87" route="routebottom" type="cfm-fast" waiting="0.00" lane="right_1" pos="42.64" speed="60.15" angle="287.78" x="78.64" y="127.22"/>
        <vehicle id="cfm-fast_5" eclass="HBEFA3/PC_G_EU4" CO2="0.00" CO="0.00" HC="0.00" NOx="0.00" PMx="0.00" fuel="0.00" electricity="0.00" noise="68.99" route="routebottom" type="cfm-fast" waiting="0.00" lane="right_0" pos="6.43" speed="22.04" angle="352.87" x="130.86" y="77.51"/>
        <vehicle id="cfm-slow_0" eclass="HBEFA3/PC_G_EU4" CO2="7198.74" CO="72.07" HC="0.50" NOx="2.83" PMx="0.14" fuel="3.09" electricity="0.00" noise="70.53" route="routebottom" type="cfm-slow" waiting="0.00" lane="right_0" pos="20.15" speed="20.77" angle="328.15" x="118.95" y="104.27"/>
        <vehicle id="cfm-slow_1" eclass="HBEFA3/PC_G_EU4" CO2="8905.78" CO="107.15" HC="0.71" NOx="3.63" PMx="0.18" fuel="3.83" electricity="0.00" noise="71.50" route="routebottom" type="cfm-slow" waiting="0.00" lane="right_0" pos="36.33" speed="21.16" angle="299.16" x="92.27" y="126.02"/>
        <vehicle id="cfm-slow_2" eclass="HBEFA3/PC_G_EU4" CO2="11238.08" CO="155.36" HC="0.98" NOx="4.71" PMx="0.25" fuel="4.83" electricity="0.00" noise="72.90" route="routetop" type="cfm-slow" waiting="0.00" lane="top_0" pos="2.91" speed="21.83" angle="269.27" x="57.32" y="131.98"/>
        <vehicle id="cfm-slow_3" eclass="HBEFA3/PC_G_EU4" CO2="13935.04" CO="211.92" HC="1.31" NOx="5.96" PMx="0.32" fuel="5.99" electricity="0.00" noise="74.58" route="routetop" type="cfm-slow" waiting="0.00" lane="top_0" pos="20.20" speed="22.87" angle="238.08" x="22.99" y="118.90"/>
        <vehicle id="cfm-slow_4" eclass="HBEFA3/PC_G_EU4" CO2="16506.45" CO="267.66" HC="1.63" NOx="7.14" PMx="0.39" fuel="7.10" electricity="0.00" noise="76.17" route="routetop" type="cfm-slow" waiting="0.00" lane="top_0" pos="38.55" speed="24.25" angle="205.17" x="-0.54" y="87.86"/>
        <vehicle id="cfm-slow_5" eclass="HBEFA3/PC_G_EU4" CO2="17947.38" CO="302.67" HC="1.83" NOx="7.79" PMx="0.43" fuel="7.71" electricity="0.00" noise="77.06" route="routetop" type="cfm-slow" waiting="0.00" lane="left_0" pos="8.33" speed="25.89" angle="169.42" x="-2.58" y="45.86"/>
    </timestep>
    <timestep time="4.45">
        <vehicle id="cfm-fast_0" eclass="HBEFA3/PC_G_EU4" CO2="15599.98" CO="262.01" HC="1.58" NOx="6.64" PMx="0.37" fuel="6.71" electricity="0.00" noise="76.15" route="routetop" type="cfm-fast" waiting="0.00" lane="left_0" pos="30.04" speed="27.54" angle="130.43" x="23.39" y="8.13"/>
        <vehicle id="cfm-fast_1" eclass="HBEFA3/PC_G_EU4" CO2="6662.18" CO="83.66" HC="0.55" NOx="2.40" PMx="0.14" fuel="2.86" electricity="0.00" noise="73.47" route="routetop" type="cfm-fast" waiting="0.00" lane="left_0" pos="49.19" speed="28.52" angle="95.98" x="61.83" y="-4.91"/>
        <vehicle id="cfm-fast_2" eclass="HBEFA3/PC_G_EU4" CO2="0.00" CO="0.00" HC="0.00" NOx="0.00" PMx="0.00" fuel="0.00" electricity="0.00" noise="71.49" route="routebottom" type="cfm-fast" waiting="0.00" lane="bottom_0" pos="19.30" speed="28.12" angle="59.74" x="102.77" y="7.29"/>
        <vehicle id="cfm-fast_3" eclass="HBEFA3/PC_G_EU4" CO2="0.00" CO="0.00" HC="0.00" NOx="0.00" PMx="0.00" fuel="0.00" electricity="0.00" noise="70.06" route="routebottom" type="cfm-fast" waiting="0.00" lane="bottom_0" pos="38.86" speed="25.79" angle="24.61" x="128.08" y="40.09"/>
        <vehicle id="cfm-fast_4" eclass="HBEFA3/PC_G_EU4" CO2="237615.51" CO="5455.72" HC="30.82" NOx="110.79" PMx="6.45" fuel="102.14" electricity="0.00" noise="143.94" route="routebottom" type="cfm-fast" waiting="0.00" lane="right_1" pos="43.24" speed="60.28" angle="286.72" x="77.44" y="127.50"/>
        <vehicle id="cfm-fast_5" eclass="HBEFA3/PC_G_EU4" CO2="0.00" CO="0.00" HC="0.00" NOx="0.00" PMx="0.00" fuel="0.00" electricity="0.00" noise="68.99" route="routebottom" type="cfm-fast" waiting="0.00" lane="right_0" pos="6.65" speed="22.03" angle="352.46" x="130.76" y="77.97"/>
        <vehicle id="cfm-slow_0" eclass="HBEFA3/PC_G_EU4" CO2="7198.98" CO="72.07" HC="0.50" NOx="2.83" PMx="0.14" fuel="3.09" electricity="0.00" noise="70.54" route="routebottom" type="cfm-slow" waiting="0.00" lane="right_0" pos="20.36" speed="20.78" angle="327.77" x="118.69" y="104.63"/>
        <vehicle id="cfm-slow_1" eclass="HBEFA3/PC_G_EU4" CO2="8911.91" CO="107.28" HC="0.71" NOx="3.63" PMx="0.18" fuel="3.83" electricity="0.00" noise="71.50" route="routebottom" type="cfm-slow" waiting="0.00" lane="right_0" pos="36.54" speed="21.17" angle="298.75" x="91.85" y="126.21"/>
        <vehicle id="cfm-slow_2" eclass="HBEFA3/PC_G_EU4" CO2="11247.54" CO="155.56" HC="0.99" NOx="4.72" PMx="0.25" fuel="4.83" electricity="0.00" noise="72.91" route="routetop" type="cfm-slow" waiting="0.00" lane="top_0" pos="3.13" speed="21.84" angle="268.88" x="56.85" y="131.93"/>
        <vehicle id="cfm-slow_3" eclass="HBEFA3/PC_G_EU4" CO2="13943.15" CO="212.11" HC="1.31" NOx="5.96" PMx="0.32" fuel="5.99" electricity="0.00" noise="74.59" route="routetop" type="cfm-slow" waiting="0.00" lane="top_0" pos="20.42" speed="22.88" angle="237.69" x="22.59" y="118.61"/>
        <vehicle id="cfm-slow_4" eclass="HBEFA3/PC_G_EU4" CO2="16503.95" CO="267.66" HC="1.63" NOx="7.14" PMx="0.39" fuel="7.09" electricity="0.00" noise="76.17" route="routetop" type="cfm-slow" waiting="0.00" lane="top_0" pos="38.79" speed="24.27" angle="204.72" x="-0.71" y="87.37"/>
        <vehicle id="cfm-slow_5" eclass="HBEFA3/PC_G_EU4" CO2="17910.89" CO="302.00" HC="1.82" NOx="7.77" PMx="0.43" fuel="7.70" electricity="0.00" noise="77.04" route="routetop" type="cfm-slow" waiting="0.00" lane="left_0" pos="8.59" speed="25.91" angle="168.95" x="-2.44" y="45.32"/>
    </timestep>
    <timestep time="4.46">
        <vehicle id="cfm-fast_0" eclass="HBEFA3/PC_G_EU4" CO2="15493.46" CO="259.89" HC="1.57" NOx="6.59" PMx="0.37" fuel="6.66" electricity="0.00" noise="76.11" route="routetop" type="cfm-fast" waiting="0.00" lane="left_0" pos="30.31" speed="27.55" angle="129.92" x="23.87" y="7.78"/>
        <vehicle id="cfm-fast_1" eclass="HBEFA3/PC_G_EU4" CO2="6495.94" CO="80.24" HC="0.53" NOx="2.32" PMx="0.14" fuel="2.79" electricity="0.00" noise="73.44" route="routetop" type="cfm-fast" waiting="0.00" lane="left_0" pos="49.48" speed="28.52" angle="95.46" x="62.45" y="-4.92"/>
        <vehicle id="cfm-fast_2" eclass="HBEFA3/PC_G_EU4" CO2="0.00" CO="0.00" HC="0.00" NOx="0.00" PMx="0.00" fuel="0.00" electricity="0.00" noise="71.48" route="routebottom" type="cfm-fast" waiting="0.00" lane="bottom_0" pos="19.58" speed="28.10" angle="59.22" x="103.26" y="7.65"/>
        <vehicle id="cfm-fast_3" eclass="HBEFA3/PC_G_EU4" CO2="0.00" CO="0.00" HC="0.00" NOx="0.00" PMx="0.00" fuel="0.00" electricity="0.00" noise="70.05" route="routebottom" type="cfm-fast" waiting="0.00" lane="bottom_0" pos="39.11" speed="25.77" angle="24.15" x="128.27" y="40.61"/>
        <vehicle id="cfm-fast_4" eclass="HBEFA3/PC_G_EU4" CO2="238211.74" CO="5472.46" HC="30.92" NOx="111.07" PMx="6.47" fuel="102.40" electricity="0.00" noise="144.00" route="routebottom" type="cfm-fast" waiting="0.00" lane="right_1" pos="43.85" speed="60.42" angle="285.65" x="76.23" y="127.75"/>
        <vehicle id="cfm-fast_5" eclass="HBEFA3/PC_G_EU4" CO2="0.00" CO="0.00" HC="0.00" NOx="0.00" PMx="0.00" fuel="0.00" electricity="0.00" noise="69.00" route="routebottom" type="cfm-fast" waiting="0.00" lane="right_0" pos="6.87" speed="22.03" angle="352.04" x="130.65" y="78.43"/>
        <vehicle id="cfm-slow_0" eclass="HBEFA3/PC_G_EU4" CO2="7199.41" CO="72.08" HC="0.50" NOx="2.83" PMx="0.14" fuel="3.09" electricity="0.00" noise="70.54" route="routebottom" type="cfm-slow" waiting="0.00" lane="right_0" pos="20.57" speed="20.79" angle="327.46" x="118.43" y="104.99"/>
        <vehicle id="cfm-slow_1" eclass="HBEFA3/PC_G_EU4" CO2="8918.21" CO="107.41" HC="0.71" NOx="3.63" PMx="0.18" fuel="3.83" electricity="0.00" noise="71.51" route="routebottom" type="cfm-slow" waiting="0.00" lane="right_0" pos="36.75" speed="21.18" angle="298.34" x="91.43" y="126.39"/>
        <vehicle id="cfm-slow_2" eclass="HBEFA3/PC_G_EU4" CO2="11257.13" CO="155.77" HC="0.99" NOx="4.72" PMx="0.25" fuel="4.84" electricity="0.00" noise="72.92" route="routetop" type="cfm-slow" waiting="0.00" lane="top_0" pos="3.35" speed="21.86" angle="268.49" x="56.38" y="131.88"/>
        <vehicle id="cfm-slow_3" eclass="HBEFA3/PC_G_EU4" CO2="13951.31" CO="212.31" HC="1.31" NOx="5.97" PMx="0.32" fuel="6.00" electricity="0.00" noise="74.60" route="routetop" type="cfm-slow" waiting="0.00" lane="top_0" pos="20.65" speed="22.90" angle="237.30" x="22.20" y="118.31"/>
        <vehicle id="cfm-slow_4" eclass="HBEFA3/PC_G_EU4" CO2="16501.29" CO="267.65" HC="1.63" NOx="7.14" PMx="0.39" fuel="7.09" electricity="0.00" noise="76.17" route="routetop" type="cfm-slow" waiting="0.00" lane="top_0" pos="39.04" speed="24.29" angle="204.27" x="-0.89" y="86.88"/>
        <vehicle id="cfm-slow_5" eclass="HBEFA3/PC_G_EU4" CO2="17873.92" CO="301.32" HC="1.82" NOx="7.75" PMx="0.43" fuel="7.68" electricity="0.00" noise="77.03" route="routetop" type="cfm-slow" waiting="0.00" lane="left_0" pos="8.85" speed="25.93" angle="168.49" x="-2.29" y="44.78"/>
    </timestep>
    <timestep time="4.47">
        <vehicle id="cfm-fast_0" eclass="HBEFA3/PC_G_EU4" CO2="15386.52" CO="257.77" HC="1.56" NOx="6.54" PMx="0.37" fuel="6.61" electricity="0.00" noise="76.07" route="routetop" type="cfm-fast" waiting="0.00" lane="left_0" pos="30.59" speed="27.57" angle="129.42" x="24.35" y="7.44"/>
        <vehicle id="cfm-fast_1" eclass="HBEFA3/PC_G_EU4" CO2="6330.50" CO="76.85" HC="0.51" NOx="2.25" PMx="0.13" fuel="2.72" electricity="0.00" noise="73.40" route="routetop" type="cfm-fast" waiting="0.00" lane="left_0" pos="49.76" speed="28.53" angle="94.94" x="63.06" y="-4.94"/>
        <vehicle id="cfm-fast_2" eclass="HBEFA3/PC_G_EU4" CO2="0.00" CO="0.00" HC="0.00" NOx="0.00" PMx="0.00" fuel="0.00" electricity="0.00" noise="71.47" route="routebottom" type="cfm-fast" waiting="0.00" lane="bottom_0" pos="19.86" speed="28.08" angle="58.70" x="103.75" y="8.00"/>
        <vehicle id="cfm-fast_3" eclass="HBEFA3/PC_G_EU4" CO2="0.00" CO="0.00" HC="0.00" NOx="0.00" PMx="0.00" fuel="0.00" electricity="0.00" noise="70.03" route="routebottom" type="cfm-fast" waiting="0.00" lane="bottom_0" pos="39.37" speed="25.74" angle="23.68" x="128.46" y="41.13"/>
        <vehicle id="cfm-fast_4" eclass="HBEFA3/PC_G_EU4" CO2="238808.26" CO="5489.22" HC="31.01" NOx="111.35" PMx="6.49" fuel="102.65" electricity="0.00" noise="144.07" route="routebottom" type="cfm-fast" waiting="0.00" lane="right_1" pos="44.45" speed="60.56" angle="284.48" x="75.01" y="127.97"/>
        <vehicle id="cfm-fast_5" eclass="HBEFA3/PC_G_EU4" CO2="0.00" CO="0.00" HC="0.00" NOx="0.00" PMx="0.00" fuel="0.00" electricity="0.00" noise="69.00" route="routebottom" type="cfm-fast" waiting="0.00" lane="right_0" pos="7.09" speed="22.02" angle="351.63" x="130.55" y="78.89"/>
        <vehicle id="cfm-slow_0" eclass="HBEFA3/PC_G_EU4" CO2="7200.04" CO="72.09" HC="0.50" NOx="2.83" PMx="0.14" fuel="3.09" electricity="0.00" noise="70.54" route="routebottom" type="cfm-slow" waiting="0.00" lane="right_0" pos="20.78" speed="20.79" angle="327.08" x="118.15" y="105.34"/>
        <vehicle id="cfm-slow_1" eclass="HBEFA3/PC_G_EU4" CO2="8924.68" CO="107.54" HC="0.71" NOx="3.64" PMx="0.18" fuel="3.84" electricity="0.00" noise="71.52" route="routebottom" type="cfm-slow" waiting="0.00" lane="right_0" pos="36.97" speed="21.19" angle="297.92" x="91.02" y="126.58"/>
        <vehicle id="cfm-slow_2" eclass="HBEFA3/PC_G_EU4" CO2="11266.84" CO="155.98" HC="0.99" NOx="4.72" PMx="0.25" fuel="4.84" electricity="0.00" noise="72.93" route="routetop" type="cfm-slow" waiting="0.00" lane="top_0" pos="3.57" speed="21.87" angle="268.10" x="55.91" y="131.83"/>
        <vehicle id="cfm-slow_3" eclass="HBEFA3/PC_G_EU4" CO2="13959.51" CO="212.50" HC="1.31" NOx="5.97" PMx="0.32" fuel="6.00" electricity="0.00" noise="74.60" route="routetop" type="cfm-slow" waiting="0.00" lane="top_0" pos="20.88" speed="22.92" angle="236.88" x="21.81" y="118.01"/>
        <vehicle id="cfm-slow_4" eclass="HBEFA3/PC_G_EU4" CO2="16498.46" CO="267.65" HC="1.63" NOx="7.14" PMx="0.39" fuel="7.09" electricity="0.00" noise="76.17" route="routetop" type="cfm-slow" waiting="0.00" lane="top_0" pos="39.28" speed="24.31" angle="203.82" x="-1.07" y="86.39"/>
        <vehicle id="cfm-slow_5" eclass="HBEFA3/PC_G_EU4" CO2="17836.45" CO="300.63" HC="1.81" NOx="7.73" PMx="0.43" fuel="7.67" electricity="0.00" noise="77.01" route="routetop" type="cfm-slow" waiting="0.00" lane="left_0" pos="9.11" speed="25.95" angle="168.05" x="-2.14" y="44.25"/>
    </timestep>
    <timestep time="4.48">
        <vehicle id="cfm-fast_0" eclass="HBEFA3/PC_G_EU4" CO2="15279.16" CO="255.63" HC="1.55" NOx="6.49" PMx="0.36" fuel="6.57" electricity="0.00" noise="76.02" route="routetop" type="cfm-fast" waiting="0.00" lane="left_0" pos="30.86" speed="27.58" angle="128.98" x="24.84" y="7.10"/>
        <vehicle id="cfm-fast_1" eclass="HBEFA3/PC_G_EU4" CO2="6165.85" CO="73.46" HC="0.49" NOx="2.17" PMx="0.13" fuel="2.65" electricity="0.00" noise="73.36" route="routebottom" type="cfm-fast" waiting="0.00" lane="bottom_0" pos="0.05" speed="28.53" angle="94.38" x="63.87" y="-4.95"/>
        <vehicle id="cfm-fast_2" eclass="HBEFA3/PC_G_EU4" CO2="0.00" CO="0.00" HC="0.00" NOx="0.00" PMx="0.00" fuel="0.00" electricity="0.00" noise="71.45" route="routebottom" type="cfm-fast" waiting="0.00" lane="bottom_0" pos="20.14" speed="28.07" angle="58.18" x="104.24" y="8.35"/>
        <vehicle id="cfm-fast_3" eclass="HBEFA3/PC_G_EU4" CO2="0.00" CO="0.00" HC="0.00" NOx="0.00" PMx="0.00" fuel="0.00" electricity="0.00" noise="70.02" route="routebottom" type="cfm-fast" waiting="0.00" lane="bottom_0" pos="39.63" speed="25.72" angle="23.22" x="128.65" y="41.65"/>
        <vehicle id="cfm-fast_4" eclass="HBEFA3/PC_G_EU4" CO2="239405.07" CO="5506.01" HC="31.10" NOx="111.63" PMx="6.51" fuel="102.91" electricity="0.00" noise="144.13" route="routebottom" type="cfm-fast" waiting="0.00" lane="right_1" pos="45.06" speed="60.69" angle="283.40" x="73.78" y="128.18"/>
        <vehicle id="cfm-fast_5" eclass="HBEFA3/PC_G_EU4" CO2="0.00" CO="0.00" HC="0.00" NOx="0.00" PMx="0.00" fuel="0.00" electricity="0.00" noise="69.00" route="routebottom" type="cfm-fast" waiting="0.00" lane="right_0" pos="7.32" speed="22.02" angle="351.22" x="130.45" y="79.36"/>
        <vehicle id="cfm-slow_0" eclass="HBEFA3/PC_G_EU4" CO2="7200.86" CO="72.10" HC="0.50" NOx="2.83" PMx="0.14" fuel="3.10" electricity="0.00" noise="70.55" route="routebottom" type="cfm-slow" waiting="0.00" lane="right_0" pos="20.99" speed="20.80" angle="326.70" x="117.87" y="105.69"/>
        <vehicle id="cfm-slow_1" eclass="HBEFA3/PC_G_EU4" CO2="8931.31" CO="107.68" HC="0.71" NOx="3.64" PMx="0.18" fuel="3.84" electricity="0.00" noise="71.52" route="routebottom" type="cfm-slow" waiting="0.00" lane="right_0" pos="37.18" speed="21.20" angle="297.58" x="90.60" y="126.76"/>
        <vehicle id="cfm-slow_2" eclass="HBEFA3/PC_G_EU4" CO2="11276.67" CO="156.19" HC="0.99" NOx="4.73" PMx="0.25" fuel="4.85" electricity="0.00" noise="72.94" route="routetop" type="cfm-slow" waiting="0.00" lane="top_0" pos="3.79" speed="21.88" angle="267.72" x="55.44" y="131.79"/>
        <vehicle id="cfm-slow_3" eclass="HBEFA3/PC_G_EU4" CO2="13967.75" CO="212.70" HC="1.31" NOx="5.97" PMx="0.32" fuel="6.00" electricity="0.00" noise="74.61" route="routetop" type="cfm-slow" waiting="0.00" lane="top_0" pos="21.11" speed="22.93" angle="236.46" x="21.42" y="117.71"/>
        <vehicle id="cfm-slow_4" eclass="HBEFA3/PC_G_EU4" CO2="16495.47" CO="267.64" HC="1.63" NOx="7.14" PMx="0.39" fuel="7.09" electricity="0.00" noise="76.17" route="routetop" type="cfm-slow" waiting="0.00" lane="top_0" pos="39.52" speed="24.33" angle="203.37" x="-1.24" y="85.89"/>
        <vehicle id="cfm-slow_5" eclass="HBEFA3/PC_G_EU4" CO2="17798.49" CO="299.92" HC="1.81" NOx="7.71" PMx="0.43" fuel="7.65" electricity="0.00" noise="76.99" route="routetop" type="cfm-slow" waiting="0.00" lane="left_0" pos="9.36" speed="25.97" angle="167.57" x="-1.97" y="43.71"/>
    </timestep>
    <timestep time="4.49">
        <vehicle id="cfm-fast_0" eclass="HBEFA3/PC_G_EU4" CO2="15171.39" CO="253.49" HC="1.53" NOx="6.44" PMx="0.36" fuel="6.52" electricity="0.00" noise="75.98" route="routetop" type="cfm-fast" waiting="0.00" lane="left_0" pos="31.14" speed="27.59" angle="128.48" x="25.33" y="6.77"/>
        <vehicle id="cfm-fast_1" eclass="HBEFA3/PC_G_EU4" CO2="6002.01" CO="70.10" HC="0.47" NOx="2.09" PMx="0.13" fuel="2.58" electricity="0.00" noise="73.33" route="routebottom" type="cfm-fast" waiting="0.00" lane="bottom_0" pos="0.33" speed="28.53" angle="93.87" x="64.48" y="-4.93"/>
        <vehicle id="cfm-fast_2" eclass="HBEFA3/PC_G_EU4" CO2="0.00" CO="0.00" HC="0.00" NOx="0.00" PMx="0.00" fuel="0.00" electricity="0.00" noise="71.44" route="routebottom" type="cfm-fast" waiting="0.00" lane="bottom_0" pos="20.42" speed="28.05" angle="57.69" x="104.73" y="8.70"/>
        <vehicle id="cfm-fast_3" eclass="HBEFA3/PC_G_EU4" CO2="0.00" CO="0.00" HC="0.00" NOx="0.00" PMx="0.00" fuel="0.00" electricity="0.00" noise="70.01" route="routebottom" type="cfm-fast" waiting="0.00" lane="bottom_0" pos="39.88" speed="25.69" angle="22.80" x="128.82" y="42.17"/>
        <vehicle id="cfm-fast_4" eclass="HBEFA3/PC_G_EU4" CO2="240002.17" CO="5522.81" HC="31.19" NOx="111.91" PMx="6.52" fuel="103.16" electricity="0.00" noise="144.20" route="routebottom" type="cfm-fast" waiting="0.00" lane="right_1" pos="45.67" speed="60.83" angle="282.29" x="72.54" y="128.36"/>
        <vehicle id="cfm-fast_5" eclass="HBEFA3/PC_G_EU4" CO2="0.00" CO="0.00" HC="0.00" NOx="0.00" PMx="0.00" fuel="0.00" electricity="0.00" noise="69.00" route="routebottom" type="cfm-fast" waiting="0.00" lane="right_0" pos="7.54" speed="22.01" angle="350.81" x="130.34" y="79.82"/>
        <vehicle id="cfm-slow_0" eclass="HBEFA3/PC_G_EU4" CO2="7201.87" CO="72.12" HC="0.50" NOx="2.83" PMx="0.14" fuel="3.10" electricity="0.00" noise="70.55" route="routebottom" type="cfm-slow" waiting="0.00" lane="right_0" pos="21.19" speed="20.81" angle="326.33" x="117.60" y="106.05"/>
        <vehicle id="cfm-slow_1" eclass="HBEFA3/PC_G_EU4" CO2="8938.12" CO="107.82" HC="0.71" NOx="3.64" PMx="0.18" fuel="3.84" electricity="0.00" noise="71.53" route="routebottom" type="cfm-slow" waiting="0.00" lane="right_0" pos="37.39" speed="21.21" angle="297.21" x="90.18" y="126.93"/>
        <vehicle id="cfm-slow_2" eclass="HBEFA3/PC_G_EU4" CO2="11286.63" CO="156.40" HC="0.99" NOx="4.73" PMx="0.25" fuel="4.85" electricity="0.00" noise="72.95" route="routetop" type="cfm-slow" waiting="0.00" lane="top_0" pos="4.00" speed="21.90" angle="267.33" x="54.98" y="131.72"/>
        <vehicle id="cfm-slow_3" eclass="HBEFA3/PC_G_EU4" CO2="13976.03" CO="212.89" HC="1.32" NOx="5.98" PMx="0.32" fuel="6.01" electricity="0.00" noise="74.62" route="routetop" type="cfm-slow" waiting="0.00" lane="top_0" pos="21.34" speed="22.95" angle="236.04" x="21.03" y="117.40"/>
        <vehicle id="cfm-slow_4" eclass="HBEFA3/PC_G_EU4" CO2="16492.30" CO="267.62" HC="1.63" NOx="7.13" PMx="0.39" fuel="7.09" electricity="0.00" noise="76.17" route="routetop" type="cfm-slow" waiting="0.00" lane="top_0" pos="39.77" speed="24.35" angle="202.99" x="-1.42" y="85.40"/>
        <vehicle id="cfm-slow_5" eclass="HBEFA3/PC_G_EU4" CO2="17760.04" CO="299.21" HC="1.80" NOx="7.69" PMx="0.42" fuel="7.63" electricity="0.00" noise="76.97" route="routetop" type="cfm-slow" waiting="0.00" lane="left_0" pos="9.62" speed="25.99" angle="167.09" x="-1.81" y="43.18"/>
    </timestep>
    <timestep time="4.50">
        <vehicle id="cfm-fast_0" eclass="HBEFA3/PC_G_EU4" CO2="15063.23" CO="251.34" HC="1.52" NOx="6.39" PMx="0.36" fuel="6.47" electricity="0.00" noise="75.94" route="routetop" type="cfm-fast" waiting="0.00" lane="left_0" pos="31.41" speed="27.61" angle="127.98" x="25.83" y="6.44"/>
        <vehicle id="cfm-fast_1" eclass="HBEFA3/PC_G_EU4" CO2="5838.99" CO="66.74" HC="0.45" NOx="2.01" PMx="0.12" fuel="2.51" electricity="0.00" noise="73.29" route="routebottom" type="cfm-fast" waiting="0.00" lane="bottom_0" pos="0.62" speed="28.53" angle="93.35" x="65.09" y="-4.92"/>
        <vehicle id="cfm-fast_2" eclass="HBEFA3/PC_G_EU4" CO2="0.00" CO="0.00" HC="0.00" NOx="0.00" PMx="0.00" fuel="0.00" electricity="0.00" noise="71.43" route="routebottom" type="cfm-fast" waiting="0.00" lane="bottom_0" pos="20.70" speed="28.03" angle="57.22" x="105.21" y="9.07"/>
        <vehicle id="cfm-fast_3" eclass="HBEFA3/PC_G_EU4" CO2="0.00" CO="0.00" HC="0.00" NOx="0.00" PMx="0.00" fuel="0.00" electricity="0.00" noise="70.00" route="routebottom" type="cfm-fast" waiting="0.00" lane="bottom_0" pos="40.14" speed="25.67" angle="22.31" x="128.99" y="42.70"/>
        <vehicle id="cfm-fast_4" eclass="HBEFA3/PC_G_EU4" CO2="240599.57" CO="5539.64" HC="31.28" NOx="112.19" PMx="6.54" fuel="103.42" electricity="0.00" noise="144.26" route="routebottom" type="cfm-fast" waiting="0.00" lane="right_1" pos="46.28" speed="60.97" angle="281.24" x="71.30" y="128.52"/>
        <vehicle id="cfm-fast_5" eclass="HBEFA3/PC_G_EU4" CO2="0.00" CO="0.00" HC="0.00" NOx="0.00" PMx="0.00" fuel="0.00" electricity="0.00" noise="69.01" route="routebottom" type="cfm-fast" waiting="0.00" lane="right_0" pos="7.76" speed="22.01" angle="350.47" x="130.23" y="80.28"/>
        <vehicle id="cfm-slow_0" eclass="HBEFA3/PC_G_EU4" CO2="7203.07" CO="72.14" HC="0.50" NOx="2.83" PMx="0.14" fuel="3.10" electricity="0.00" noise="70.55" route="routebottom" type="cfm-slow" waiting="0.00" lane="right_0" pos="21.40" speed="20.81" angle="325.95" x="117.32" y="106.40"/>
        <vehicle id="cfm-slow_1" eclass="HBEFA3/PC_G_EU4" CO2="8945.09" CO="107.96" HC="0.71" NOx="3.64" PMx="0.18" fuel="3.85" electricity="0.00" noise="71.54" route="routebottom" type="cfm-slow" waiting="0.00" lane="right_0" pos="37.60" speed="21.22" angle="296.83" x="89.75" y="127.10"/>
        <vehicle id="cfm-slow_2" eclass="HBEFA3/PC_G_EU4" CO2="11296.71" CO="156.62" HC="0.99" NOx="4.74" PMx="0.25" fuel="4.86" electricity="0.00" noise="72.95" route="routetop" type="cfm-slow" waiting="0.00" lane="top_0" pos="4.22" speed="21.91" angle="266.94" x="54.51" y="131.65"/>
        <vehicle id="cfm-slow_3" eclass="HBEFA3/PC_G_EU4" CO2="13984.34" CO="213.09" HC="1.32" NOx="5.98" PMx="0.32" fuel="6.01" electricity="0.00" noise="74.62" route="routetop" type="cfm-slow" waiting="0.00" lane="top_0" pos="21.57" speed="22.97" angle="235.62" x="20.65" y="117.10"/>
        <vehicle id="cfm-slow_4" eclass="HBEFA3/PC_G_EU4" CO2="16488.96" CO="267.61" HC="1.63" NOx="7.13" PMx="0.39" fuel="7.09" electricity="0.00" noise="76.17" route="routetop" type="cfm-slow" waiting="0.00" lane="top_0" pos="40.01" speed="24.37" angle="202.53" x="-1.57" y="84.90"/>
        <vehicle id="cfm-slow_5" eclass="HBEFA3/PC_G_EU4" CO2="17721.09" CO="298.49" HC="1.80" NOx="7.68" PMx="0.42" fuel="7.62" electricity="0.00" noise="76.95" route="routetop" type="cfm-slow" waiting="0.00" lane="left_0" pos="9.88" speed="26.01" angle="166.60" x="-1.64" y="42.65"/>
    </timestep>
    <timestep time="4.51">
        <vehicle id="cfm-fast_0" eclass="HBEFA3/PC_G_EU4" CO2="14954.67" CO="249.18" HC="1.51" NOx="6.33" PMx="0.36" fuel="6.43" electricity="0.00" noise="75.89" route="routetop" type="cfm-fast" waiting="0.00" lane="left_0" pos="31.69" speed="27.62" angle="127.48" x="26.32" y="6.11"/>
        <vehicle id="cfm-fast_1" eclass="HBEFA3/PC_G_EU4" CO2="5676.80" CO="63.41" HC="0.43" NOx="1.94" PMx="0.12" fuel="2.44" electricity="0.00" noise="73.25" route="routebottom" type="cfm-fast" waiting="0.00" lane="bottom_0" pos="0.90" speed="28.53" angle="92.83" x="65.71" y="-4.91"/>
        <vehicle id="cfm-fast_2" eclass="HBEFA3/PC_G_EU4" CO2="0.00" CO="0.00" HC="0.00" NOx="0.00" PMx="0.00" fuel="0.00" electricity="0.00" noise="71.41" route="routebottom" type="cfm-fast" waiting="0.00" lane="bottom_0" pos="20.98" speed="28.01" angle="56.71" x="105.69" y="9.44"/>
        <vehicle id="cfm-fast_3" eclass="HBEFA3/PC_G_EU4" CO2="0.00" CO="0.00" HC="0.00" NOx="0.00" PMx="0.00" fuel="0.00" electricity="0.00" noise="69.98" route="routebottom" type="cfm-fast" waiting="0.00" lane="bottom_0" pos="40.40" speed="25.64" angle="21.82" x="129.15" y="43.23"/>
        <vehicle id="cfm-fast_4" eclass="HBEFA3/PC_G_EU4" CO2="241197.25" CO="5556.49" HC="31.38" NOx="112.47" PMx="6.56" fuel="103.68" electricity="0.00" noise="144.33" route="routebottom" type="cfm-fast" waiting="0.00" lane="right_1" pos="46.89" speed="61.10" angle="280.15" x="70.06" y="128.65"/>
        <vehicle id="cfm-fast_5" eclass="HBEFA3/PC_G_EU4" CO2="0.00" CO="0.00" HC="0.00" NOx="0.00" PMx="0.00" fuel="0.00" electricity="0.00" noise="69.01" route="routebottom" type="cfm-fast" waiting="0.00" lane="right_0" pos="7.98" speed="22.00" angle="350.06" x="130.11" y="80.74"/>
        <vehicle id="cfm-slow_0" eclass="HBEFA3/PC_G_EU4" CO2="7204.46" CO="72.17" HC="0.50" NOx="2.83" PMx="0.14" fuel="3.10" electricity="0.00" noise="70.56" route="routebottom" type="cfm-slow" waiting="0.00" lane="right_0" pos="21.61" speed="20.82" angle="325.57" x="117.04" y="106.75"/>
        <vehicle id="cfm-slow_1" eclass="HBEFA3/PC_G_EU4" CO2="8952.22" CO="108.11" HC="0.71" NOx="3.65" PMx="0.18" fuel="3.85" electricity="0.00" noise="71.54" route="routebottom" type="cfm-slow" waiting="0.00" lane="right_0" pos="37.81" speed="21.23" angle="296.45" x="89.33" y="127.27"/>
        <vehicle id="cfm-slow_2" eclass="HBEFA3/PC_G_EU4" CO2="11306.90" CO="156.84" HC="0.99" NOx="4.74" PMx="0.25" fuel="4.86" electricity="0.00" noise="72.96" route="routetop" type="cfm-slow" waiting="0.00" lane="top_0" pos="4.44" speed="21.93" angle="266.54" x="54.04" y="131.59"/>
        <vehicle id="cfm-slow_3" eclass="HBEFA3/PC_G_EU4" CO2="13992.68" CO="213.29" HC="1.32" NOx="5.99" PMx="0.32" fuel="6.01" electricity="0.00" noise="74.63" route="routetop" type="cfm-slow" waiting="0.00" lane="top_0" pos="21.80" speed="22.99" angle="235.25" x="20.26" y="116.79"/>
        <vehicle id="cfm-slow_4" eclass="HBEFA3/PC_G_EU4" CO2="16485.44" CO="267.59" HC="1.63" NOx="7.13" PMx="0.39" fuel="7.09" electricity="0.00" noise="76.17" route="routetop" type="cfm-slow" waiting="0.00" lane="top_0" pos="40.25" speed="24.39" angle="202.08" x="-1.73" y="84.40"/>
        <vehicle id="cfm-slow_5" eclass="HBEFA3/PC_G_EU4" CO2="17681.64" CO="297.75" HC="1.80" NOx="7.66" PMx="0.42" fuel="7.60" electricity="0.00" noise="76.93" route="routetop" type="cfm-slow" waiting="0.00" lane="left_0" pos="10.15" speed="26.03" angle="166.15" x="-1.48" y="42.11"/>
    </timestep>
    <timestep time="4.52">
        <vehicle id="cfm-fast_0" eclass="HBEFA3/PC_G_EU4" CO2="14845.73" CO="247.01" HC="1.50" NOx="6.28" PMx="0.35" fuel="6.38" electricity="0.00" noise="75.85" route="routetop" type="cfm-fast" waiting="0.00" lane="left_0" pos="31.97" speed="27.64" angle="127.01" x="26.82" y="5.78"/>
        <vehicle id="cfm-fast_1" eclass="HBEFA3/PC_G_EU4" CO2="5515.45" CO="60.09" HC="0.41" NOx="1.86" PMx="0.11" fuel="2.37" electricity="0.00" noise="73.22" route="routebottom" type="cfm-fast" waiting="0.00" lane="bottom_0" pos="1.19" speed="28.53" angle="92.32" x="66.32" y="-4.89"/>
        <vehicle id="cfm-fast_2" eclass="HBEFA3/PC_G_EU4" CO2="0.00" CO="0.00" HC="0.00" NOx="0.00" PMx="0.00" fuel="0.00" electricity="0.00" noise="71.40" route="routebottom" type="cfm-fast" waiting="0.00" lane="bottom_0" pos="21.26" speed="27.99" angle="56.20" x="106.16" y="9.81"/>
        <vehicle id="cfm-fast_3" eclass="HBEFA3/PC_G_EU4" CO2="0.00" CO="0.00" HC="0.00" NOx="0.00" PMx="0.00" fuel="0.00" electricity="0.00" noise="69.97" route="routebottom" type="cfm-fast" waiting="0.00" lane="bottom_0" pos="40.65" speed="25.62" angle="21.33" x="129.31" y="43.75"/>
        <vehicle id="cfm-fast_4" eclass="HBEFA3/PC_G_EU4" CO2="241795.23" CO="5573.36" HC="31.47" NOx="112.75" PMx="6.58" fuel="103.94" electricity="0.00" noise="144.40" route="routebottom" type="cfm-fast" waiting="0.00" lane="right_1" pos="47.50" speed="61.24" angle="279.10" x="68.81" y="128.78"/>
        <vehicle id="cfm-fast_5" eclass="HBEFA3/PC_G_EU4" CO2="0.00" CO="0.00" HC="0.00" NOx="0.00" PMx="0.00" fuel="0.00" electricity="0.00" noise="69.01" route="routebottom" type="cfm-fast" waiting="0.00" lane="right_0" pos="8.20" speed="22.00" angle="349.66" x="129.98" y="81.19"/>
        <vehicle id="cfm-slow_0" eclass="HBEFA3/PC_G_EU4" CO2="7206.04" CO="72.20" HC="0.50" NOx="2.83" PMx="0.14" fuel="3.10" electricity="0.00" noise="70.56" route="routebottom" type="cfm-slow" waiting="0.00" lane="right_0" pos="21.82" speed="20.83" angle="325.24" x="116.77" y="107.10"/>
        <vehicle id="cfm-slow_1" eclass="HBEFA3/PC_G_EU4" CO2="8959.51" CO="108.26" HC="0.71" NOx="3.65" PMx="0.19" fuel="3.85" electricity="0.00" noise="71.55" route="routebottom" type="cfm-slow" waiting="0.00" lane="right_0" pos="38.03" speed="21.24" angle="296.06" x="88.91" y="127.44"/>
        <vehicle id="cfm-slow_2" eclass="HBEFA3/PC_G_EU4" CO2="11317.21" CO="157.06" HC="0.99" NOx="4.75" PMx="0.25" fuel="4.86" electricity="0.00" noise="72.97" route="routetop" type="cfm-slow" waiting="0.00" lane="top_0" pos="4.66" speed="21.94" angle="266.14" x="53.58" y="131.52"/>
        <vehicle id="cfm-slow_3" eclass="HBEFA3/PC_G_EU4" CO2="14001.05" CO="213.49" HC="1.32" NOx="5.99" PMx="0.32" fuel="6.02" electricity="0.00" noise="74.64" route="routetop" type="cfm-slow" waiting="0.00" lane="top_0" pos="22.03" speed="23.00" angle="234.82" x="19.88" y="116.47"/>
        <vehicle id="cfm-slow_4" eclass="HBEFA3/PC_G_EU4" CO2="16481.74" CO="267.56" HC="1.63" NOx="7.13" PMx="0.39" fuel="7.08" electricity="0.00" noise="76.16" route="routetop" type="cfm-slow" waiting="0.00" lane="top_0" pos="40.50" speed="24.41" angle="201.62" x="-1.88" y="83.90"/>
        <vehicle id="cfm-slow_5" eclass="HBEFA3/PC_G_EU4" CO2="17641.70" CO="297.01" HC="1.79" NOx="7.64" PMx="0.42" fuel="7.58" electricity="0.00" noise="76.91" route="routetop" type="cfm-slow" waiting="0.00" lane="left_0" pos="10.41" speed="26.04" angle="165.71" x="-1.30" y="41.58"/>
    </timestep>
    <timestep time="4.53">
        <vehicle id="cfm-fast_0" eclass="HBEFA3/PC_G_EU4" CO2="14736.42" CO="244.83" HC="1.48" NOx="6.23" PMx="0.35" fuel="6.33" electricity="0.00" noise="75.81" route="routetop" type="cfm-fast" waiting="0.00" lane="left_0" pos="32.24" speed="27.65" angle="126.54" x="27.32" y="5.47"/>
        <vehicle id="cfm-fast_1" eclass="HBEFA3/PC_G_EU4" CO2="5354.94" CO="56.78" HC="0.40" NOx="1.79" PMx="0.11" fuel="2.30" electricity="0.00" noise="73.19" route="routebottom" type="cfm-fast" waiting="0.00" lane="bottom_0" pos="1.48" speed="28.53" angle="91.82" x="66.93" y="-4.86"/>
        <vehicle id="cfm-fast_2" eclass="HBEFA3/PC_G_EU4" CO2="0.00" CO="0.00" HC="0.00" NOx="0.00" PMx="0.00" fuel="0.00" electricity="0.00" noise="71.39" route="routebottom" type="cfm-fast" waiting="0.00" lane="bottom_0" pos="21.54" speed="27.98" angle="55.69" x="106.63" y="10.18"/>
        <vehicle id="cfm-fast_3" eclass="HBEFA3/PC_G_EU4" CO2="0.00" CO="0.00" HC="0.00" NOx="0.00" PMx="0.00" fuel="0.00" electricity="0.00" noise="69.96" route="routebottom" type="cfm-fast" waiting="0.00" lane="bottom_0" pos="40.91" speed="25.59" angle="20.85" x="129.48" y="44.28"/>
        <vehicle id="cfm-fast_4" eclass="HBEFA3/PC_G_EU4" CO2="242393.50" CO="5590.26" HC="31.56" NOx="113.03" PMx="6.59" fuel="104.19" electricity="0.00" noise="144.46" route="routebottom" type="cfm-fast" waiting="0.00" lane="right_1" pos="48.12" speed="61.38" angle="277.92" x="67.55" y="128.85"/>
        <vehicle id="cfm-fast_5" eclass="HBEFA3/PC_G_EU4" CO2="0.00" CO="0.00" HC="0.00" NOx="0.00" PMx="0.00" fuel="0.00" electricity="0.00" noise="69.02" route="routebottom" type="cfm-fast" waiting="0.00" lane="right_0" pos="8.42" speed="21.99" angle="349.26" x="129.86" y="81.65"/>
        <vehicle id="cfm-slow_0" eclass="HBEFA3/PC_G_EU4" CO2="7207.81" CO="72.24" HC="0.50" NOx="2.83" PMx="0.14" fuel="3.10" electricity="0.00" noise="70.56" route="routebottom" type="cfm-slow" waiting="0.00" lane="right_0" pos="22.03" speed="20.84" angle="324.84" x="116.48" y="107.44"/>
        <vehicle id="cfm-slow_1" eclass="HBEFA3/PC_G_EU4" CO2="8966.96" CO="108.41" HC="0.71" NOx="3.65" PMx="0.19" fuel="3.85" electricity="0.00" noise="71.56" route="routebottom" type="cfm-slow" waiting="0.00" lane="right_0" pos="38.24" speed="21.25" angle="295.68" x="88.48" y="127.61"/>
        <vehicle id="cfm-slow_2" eclass="HBEFA3/PC_G_EU4" CO2="11327.63" CO="157.28" HC="1.00" NOx="4.75" PMx="0.25" fuel="4.87" electricity="0.00" noise="72.98" route="routetop" type="cfm-slow" waiting="0.00" lane="top_0" pos="4.88" speed="21.95" angle="265.75" x="53.11" y="131.45"/>
        <vehicle id="cfm-slow_3" eclass="HBEFA3/PC_G_EU4" CO2="14009.44" CO="213.68" HC="1.32" NOx="5.99" PMx="0.32" fuel="6.02" electricity="0.00" noise="74.65" route="routetop" type="cfm-slow" waiting="0.00" lane="top_0" pos="22.26" speed="23.02" angle="234.38" x="19.50" y="116.15"/>
        <vehicle id="cfm-slow_4" eclass="HBEFA3/PC_G_EU4" CO2="16477.85" CO="267.54" HC="1.63" NOx="7.12" PMx="0.39" fuel="7.08" electricity="0.00" noise="76.16" route="routetop" type="cfm-slow" waiting="0.00" lane="top_0" pos="40.74" speed="24.43" angle="201.17" x="-2.04" y="83.39"/>
        <vehicle id="cfm-slow_5" eclass="HBEFA3/PC_G_EU4" CO2="17601.26" CO="296.25" HC="1.79" NOx="7.62" PMx="0.42" fuel="7.57" electricity="0.00" noise="76.90" route="routetop" type="cfm-slow" waiting="0.00" lane="left_0" pos="10.67" speed="26.06" angle="165.23" x="-1.11" y="41.05"/>
    </timestep>
    <timestep time="4.54">
        <vehicle id="cfm-fast_0" eclass="HBEFA3/PC_G_EU4" CO2="14626.75" CO="242.65" HC="1.47" NOx="6.18" PMx="0.35" fuel="6.29" electricity="0.00" noise="75.77" route="routetop" type="cfm-fast" waiting="0.00" lane="left_0" pos="32.52" speed="27.66" angle="126.02" x="27.83" y="5.16"/>
        <vehicle id="cfm-fast_1" eclass="HBEFA3/PC_G_EU4" CO2="0.00" CO="0.00" HC="0.00" NOx="0.00" PMx="0.00" fuel="0.00" electricity="0.00" noise="73.15" route="routebottom" type="cfm-fast" waiting="0.00" lane="bottom_0" pos="1.76" speed="28.53" angle="91.31" x="67.55" y="-4.82"/>
        <vehicle id="cfm-fast_2" eclass="HBEFA3/PC_G_EU4" CO2="0.00" CO="0.00" HC="0.00" NOx="0.00" PMx="0.00" fuel="0.00" electricity="0.00" noise="71.37" route="routebottom" type="cfm-fast" waiting="0.00" lane="bottom_0" pos="21.82" speed="27.96" angle="55.24" x="107.11" y="10.56"/>
        <vehicle id="cfm-fast_3" eclass="HBEFA3/PC_G_EU4" CO2="0.00" CO="0.00" HC="0.00" NOx="0.00" PMx="0.00" fuel="0.00" electricity="0.00" noise="69.95" route="routebottom" type="cfm-fast" waiting="0.00" lane="bottom_0" pos="41.17" speed="25.57" angle="20.44" x="129.63" y="44.81"/>
        <vehicle id="cfm-fast_4" eclass="HBEFA3/PC_G_EU4" CO2="242992.07" CO="5607.17" HC="31.65" NOx="113.31" PMx="6.61" fuel="104.45" electricity="0.00" noise="144.53" route="routebottom" type="cfm-fast" waiting="0.00" lane="right_1" pos="48.73" speed="61.51" angle="276.80" x="66.29" y="128.92"/>
        <vehicle id="cfm-fast_5" eclass="HBEFA3/PC_G_EU4" CO2="0.00" CO="0.00" HC="0.00" NOx="0.00" PMx="0.00" fuel="0.00" electricity="0.00" noise="69.02" route="routebottom" type="cfm-fast" waiting="0.00" lane="right_0" pos="8.64" speed="21.99" angle="348.85" x="129.74" y="82.11"/>
        <vehicle id="cfm-slow_0" eclass="HBEFA3/PC_G_EU4" CO2="7209.76" CO="72.27" HC="0.50" NOx="2.83" PMx="0.14" fuel="3.10" electricity="0.00" noise="70.57" route="routebottom" type="cfm-slow" waiting="0.00" lane="right_0" pos="22.24" speed="20.84" angle="324.45" x="116.19" y="107.79"/>
        <vehicle id="cfm-slow_1" eclass="HBEFA3/PC_G_EU4" CO2="8974.57" CO="108.57" HC="0.71" NOx="3.66" PMx="0.19" fuel="3.86" electricity="0.00" noise="71.56" route="routebottom" type="cfm-slow" waiting="0.00" lane="right_0" pos="38.45" speed="21.26" angle="295.33" x="88.06" y="127.78"/>
        <vehicle id="cfm-slow_2" eclass="HBEFA3/PC_G_EU4" CO2="11338.17" CO="157.51" HC="1.00" NOx="4.76" PMx="0.25" fuel="4.87" electricity="0.00" noise="72.99" route="routetop" type="cfm-slow" waiting="0.00" lane="top_0" pos="5.10" speed="21.97" angle="265.31" x="52.64" y="131.39"/>
        <vehicle id="cfm-slow_3" eclass="HBEFA3/PC_G_EU4" CO2="14017.86" CO="213.88" HC="1.32" NOx="6.00" PMx="0.32" fuel="6.03" electricity="0.00" noise="74.65" route="routetop" type="cfm-slow" waiting="0.00" lane="top_0" pos="22.49" speed="23.04" angle="233.95" x="19.12" y="115.83"/>
        <vehicle id="cfm-slow_4" eclass="HBEFA3/PC_G_EU4" CO2="16473.77" CO="267.50" HC="1.63" NOx="7.12" PMx="0.39" fuel="7.08" electricity="0.00" noise="76.16" route="routetop" type="cfm-slow" waiting="0.00" lane="top_0" pos="40.99" speed="24.45" angle="200.74" x="-2.19" y="82.89"/>
        <vehicle id="cfm-slow_5" eclass="HBEFA3/PC_G_EU4" CO2="17560.32" CO="295.49" HC="1.78" NOx="7.60" PMx="0.42" fuel="7.55" electricity="0.00" noise="76.88" route="routetop" type="cfm-slow" waiting="0.00" lane="left_0" pos="10.93" speed="26.08" angle="164.74" x="-0.92" y="40.52"/>
    </timestep>
    <timestep time="4.55">
        <vehicle id="cfm-fast_0" eclass="HBEFA3/PC_G_EU4" CO2="14516.73" CO="240.45" HC="1.46" NOx="6.13" PMx="0.35" fuel="6.24" electricity="0.00" noise="75.72" route="routetop" type="cfm-fast" waiting="0.00" lane="left_0" pos="32.80" speed="27.68" angle="125.51" x="28.34" y="4.85"/>
        <vehicle id="cfm-fast_1" eclass="HBEFA3/PC_G_EU4" CO2="0.00" CO="0.00" HC="0.00" NOx="0.00" PMx="0.00" fuel="0.00" electricity="0.00" noise="73.12" route="routebottom" type="cfm-fast" waiting="0.00" lane="bottom_0" pos="2.05" speed="28.53" angle="90.80" x="68.16" y="-4.79"/>
        <vehicle id="cfm-fast_2" eclass="HBEFA3/PC_G_EU4" CO2="0.00" CO="0.00" HC="0.00" NOx="0.00" PMx="0.00" fuel="0.00" electricity="0.00" noise="71.36" route="routebottom" type="cfm-fast" waiting="0.00" lane="bottom_0" pos="22.10" speed="27.94" angle="54.71" x="107.56" y="10.95"/>
        <vehicle id="cfm-fast_3" eclass="HBEFA3/PC_G_EU4" CO2="0.00" CO="0.00" HC="0.00" NOx="0.00" PMx="0.00" fuel="0.00" electricity="0.00" noise="69.94" route="routebottom" type="cfm-fast" waiting="0.00" lane="bottom_0" pos="41.42" speed="25.55" angle="19.97" x="129.77" y="45.34"/>
        <vehicle id="cfm-fast_4" eclass="HBEFA3/PC_G_EU4" CO2="243590.92" CO="5624.11" HC="31.74" NOx="113.59" PMx="6.63" fuel="104.71" electricity="0.00" noise="144.59" route="routebottom" type="cfm-fast" waiting="0.00" lane="right_1" pos="49.35" speed="61.65" angle="275.67" x="65.03" y="128.94"/>
        <vehicle id="cfm-fast_5" eclass="HBEFA3/PC_G_EU4" CO2="0.00" CO="0.00" HC="0.00" NOx="0.00" PMx="0.00" fuel="0.00" electricity="0.00" noise="69.02" route="routebottom" type="cfm-fast" waiting="0.00" lane="right_0" pos="8.85" speed="21.98" angle="348.47" x="129.62" y="82.56"/>
        <vehicle id="cfm-slow_0" eclass="HBEFA3/PC_G_EU4" CO2="7211.89" CO="72.32" HC="0.51" NOx="2.84" PMx="0.14" fuel="3.10" electricity="0.00" noise="70.57" route="routebottom" type="cfm-slow" waiting="0.00" lane="right_0" pos="22.44" speed="20.85" angle="324.05" x="115.90" y="108.13"/>
        <vehicle id="cfm-slow_1" eclass="HBEFA3/PC_G_EU4" CO2="8982.34" CO="108.73" HC="0.72" NOx="3.66" PMx="0.19" fuel="3.86" electricity="0.00" noise="71.57" route="routebottom" type="cfm-slow" waiting="0.00" lane="right_0" pos="38.66" speed="21.27" angle="294.96" x="87.63" y="127.94"/>
        <vehicle id="cfm-slow_2" eclass="HBEFA3/PC_G_EU4" CO2="11348.82" CO="157.74" HC="1.00" NOx="4.76" PMx="0.25" fuel="4.88" electricity="0.00" noise="73.00" route="routetop" type="cfm-slow" waiting="0.00" lane="top_0" pos="5.32" speed="21.98" angle="264.90" x="52.18" y="131.30"/>
        <vehicle id="cfm-slow_3" eclass="HBEFA3/PC_G_EU4" CO2="14026.29" CO="214.09" HC="1.32" NOx="6.00" PMx="0.32" fuel="6.03" electricity="0.00" noise="74.66" route="routetop" type="cfm-slow" waiting="0.00" lane="top_0" pos="22.72" speed="23.05" angle="233.52" x="18.74" y="115.51"/>
        <vehicle id="cfm-slow_4" eclass="HBEFA3/PC_G_EU4" CO2="16469.49" CO="267.47" HC="1.63" NOx="7.12" PMx="0.39" fuel="7.08" electricity="0.00" noise="76.16" route="routetop" type="cfm-slow" waiting="0.00" lane="top_0" pos="41.23" speed="24.47" angle="200.32" x="-2.34" y="82.38"/>
        <vehicle id="cfm-slow_5" eclass="HBEFA3/PC_G_EU4" CO2="17518.89" CO="294.72" HC="1.78" NOx="7.58" PMx="0.42" fuel="7.53" electricity="0.00" noise="76.86" route="routetop" type="cfm-slow" waiting="0.00" lane="left_0" pos="11.19" speed="26.10" angle="164.26" x="-0.73" y="40.00"/>
    </timestep>
    <timestep time="4.56">
        <vehicle id="cfm-fast_0" eclass="HBEFA3/PC_G_EU4" CO2="14406.36" CO="238.25" HC="1.45" NOx="6.07" PMx="0.34" fuel="6.19" electricity="0.00" noise="75.68" route="routetop" type="cfm-fast" waiting="0.00" lane="left_0" pos="33.07" speed="27.69" angle="124.99" x="28.85" y="4.55"/>
        <vehicle id="cfm-fast_1" eclass="HBEFA3/PC_G_EU4" CO2="0.00" CO="0.00" HC="0.00" NOx="0.00" PMx="0.00" fuel="0.00" electricity="0.00" noise="73.09" route="routebottom" type="cfm-fast" waiting="0.00" lane="bottom_0" pos="2.33" speed="28.53" angle="90.29" x="68.77" y="-4.75"/>
        <vehicle id="cfm-fast_2" eclass="HBEFA3/PC_G_EU4" CO2="0.00" CO="0.00" HC="0.00" NOx="0.00" PMx="0.00" fuel="0.00" electricity="0.00" noise="71.35" route="routebottom" type="cfm-fast" waiting="0.00" lane="bottom_0" pos="22.38" speed="27.92" angle="54.18" x="108.02" y="11.34"/>
        <vehicle id="cfm-fast_3" eclass="HBEFA3/PC_G_EU4" CO2="0.00" CO="0.00" HC="0.00" NOx="0.00" PMx="0.00" fuel="0.00" electricity="0.00" noise="69.92" route="routebottom" type="cfm-fast" waiting="0.00" lane="bottom_0" pos="41.68" speed="25.52" angle="19.51" x="129.91" y="45.87"/>
        <vehicle id="cfm-fast_4" eclass="HBEFA3/PC_G_EU4" CO2="244190.07" CO="5641.07" HC="31.84" NOx="113.87" PMx="6.65" fuel="104.97" electricity="0.00" noise="144.66" route="routebottom" type="cfm-fast" waiting="0.00" lane="right_1" pos="49.96" speed="61.78" angle="274.56" x="63.76" y="128.97"/>
        <vehicle id="cfm-fast_5" eclass="HBEFA3/PC_G_EU4" CO2="0.00" CO="0.00" HC="0.00" NOx="0.00" PMx="0.00" fuel="0.00" electricity="0.00" noise="69.02" route="routebottom" type="cfm-fast" waiting="0.00" lane="right_0" pos="9.07" speed="21.98" angle="348.11" x="129.48" y="83.02"/>
        <vehicle id="cfm-slow_0" eclass="HBEFA3/PC_G_EU4" CO2="7214.21" CO="72.36" HC="0.51" NOx="2.84" PMx="0.14" fuel="3.10" electricity="0.00" noise="70.57" route="routebottom" type="cfm-slow" waiting="0.00" lane="right_0" pos="22.65" speed="20.86" angle="323.66" x="115.61" y="108.47"/>
        <vehicle id="cfm-slow_1" eclass="HBEFA3/PC_G_EU4" CO2="8990.26" CO="108.90" HC="0.72" NOx="3.66" PMx="0.19" fuel="3.86" electricity="0.00" noise="71.58" route="routebottom" type="cfm-slow" waiting="0.00" lane="right_0" pos="38.88" speed="21.28" angle="294.57" x="87.20" y="128.10"/>
        <vehicle id="cfm-slow_2" eclass="HBEFA3/PC_G_EU4" CO2="11359.57" CO="157.97" HC="1.00" NOx="4.77" PMx="0.25" fuel="4.88" electricity="0.00" noise="73.00" route="routetop" type="cfm-slow" waiting="0.00" lane="top_0" pos="5.54" speed="21.99" angle="264.49" x="51.71" y="131.22"/>
        <vehicle id="cfm-slow_3" eclass="HBEFA3/PC_G_EU4" CO2="14034.74" CO="214.29" HC="1.32" NOx="6.00" PMx="0.32" fuel="6.03" electricity="0.00" noise="74.67" route="routetop" type="cfm-slow" waiting="0.00" lane="top_0" pos="22.95" speed="23.07" angle="233.10" x="18.36" y="115.19"/>
        <vehicle id="cfm-slow_4" eclass="HBEFA3/PC_G_EU4" CO2="16465.01" CO="267.43" HC="1.63" NOx="7.12" PMx="0.39" fuel="7.08" electricity="0.00" noise="76.16" route="routetop" type="cfm-slow" waiting="0.00" lane="top_0" pos="41.48" speed="24.49" angle="199.86" x="-2.47" y="81.88"/>
        <vehicle id="cfm-slow_5" eclass="HBEFA3/PC_G_EU4" CO2="17476.95" CO="293.93" HC="1.77" NOx="7.56" PMx="0.42" fuel="7.51" electricity="0.00" noise="76.84" route="routetop" type="cfm-slow" waiting="0.00" lane="left_0" pos="11.45" speed="26.12" angle="163.81" x="-0.54" y="39.47"/>
    </timestep>
    <timestep time="4.57">
        <vehicle id="cfm-fast_0" eclass="HBEFA3/PC_G_EU4" CO2="14295.65" CO="236.04" HC="1.43" NOx="6.02" PMx="0.34" fuel="6.15" electricity="0.00" noise="75.64" route="routetop" type="cfm-fast" waiting="0.00" lane="left_0" pos="33.35" speed="27.70" angle="124.53" x="29.36" y="4.24"/>
        <vehicle id="cfm-fast_1" eclass="HBEFA3/PC_G_EU4" CO2="0.00" CO="0.00" HC="0.00" NOx="0.00" PMx="0.00" fuel="0.00" electricity="0.00" noise="73.06" route="routebottom" type="cfm-fast" waiting="0.00" lane="bottom_0" pos="2.62" speed="28.53" angle="89.80" x="69.38" y="-4.71"/>
        <vehicle id="cfm-fast_2" eclass="HBEFA3/PC_G_EU4" CO2="0.00" CO="0.00" HC="0.00" NOx="0.00" PMx="0.00" fuel="0.00" electricity="0.00" noise="71.33" route="routebottom" type="cfm-fast" waiting="0.00" lane="bottom_0" pos="22.66" speed="27.90" angle="53.65" x="108.48" y="11.73"/>
        <vehicle id="cfm-fast_3" eclass="HBEFA3/PC_G_EU4" CO2="0.00" CO="0.00" HC="0.00" NOx="0.00" PMx="0.00" fuel="0.00" electricity="0.00" noise="69.91" route="routebottom" type="cfm-fast" waiting="0.00" lane="bottom_0" pos="41.93" speed="25.50" angle="19.04" x="130.06" y="46.40"/>
        <vehicle id="cfm-fast_4" eclass="HBEFA3/PC_G_EU4" CO2="244789.51" CO="5658.05" HC="31.93" NOx="114.15" PMx="6.66" fuel="105.22" electricity="0.00" noise="144.73" route="routetop" type="cfm-fast" waiting="0.00" lane="top_1" pos="0.58" speed="61.92" angle="273.42" x="62.43" y="128.95"/>
        <vehicle id="cfm-fast_5" eclass="HBEFA3/PC_G_EU4" CO2="0.00" CO="0.00" HC="0.00" NOx="0.00" PMx="0.00" fuel="0.00" electricity="0.00" noise="69.03" route="routebottom" type="cfm-fast" waiting="0.00" lane="right_0" pos="9.29" speed="21.97" angle="347.72" x="129.35" y="83.47"/>
        <vehicle id="cfm-slow_0" eclass="HBEFA3/PC_G_EU4" CO2="7216.71" CO="72.41" HC="0.51" NOx="2.84" PMx="0.14" fuel="3.10" electricity="0.00" noise="70.58" route="routebottom" type="cfm-slow" waiting="0.00" lane="right_0" pos="22.86" speed="20.86" angle="323.26" x="115.32" y="108.81"/>
        <vehicle id="cfm-slow_1" eclass="HBEFA3/PC_G_EU4" CO2="8998.34" CO="109.06" HC="0.72" NOx="3.67" PMx="0.19" fuel="3.87" electricity="0.00" noise="71.58" route="routebottom" type="cfm-slow" waiting="0.00" lane="right_0" pos="39.09" speed="21.29" angle="294.19" x="86.77" y="128.25"/>
        <vehicle id="cfm-slow_2" eclass="HBEFA3/PC_G_EU4" CO2="11370.43" CO="158.20" HC="1.00" NOx="4.77" PMx="0.25" fuel="4.89" electricity="0.00" noise="73.01" route="routetop" type="cfm-slow" waiting="0.00" lane="top_0" pos="5.76" speed="22.01" angle="264.07" x="51.24" y="131.13"/>
        <vehicle id="cfm-slow_3" eclass="HBEFA3/PC_G_EU4" CO2="14043.21" CO="214.49" HC="1.32" NOx="6.01" PMx="0.32" fuel="6.04" electricity="0.00" noise="74.67" route="routetop" type="cfm-slow" waiting="0.00" lane="top_0" pos="23.18" speed="23.09" angle="232.75" x="17.99" y="114.86"/>
        <vehicle id="cfm-slow_4" eclass="HBEFA3/PC_G_EU4" CO2="16460.33" CO="267.39" HC="1.63" NOx="7.11" PMx="0.39" fuel="7.08" electricity="0.00" noise="76.16" route="routetop" type="cfm-slow" waiting="0.00" lane="top_0" pos="41.72" speed="24.51" angle="199.41" x="-2.61" y="81.37"/>
        <vehicle id="cfm-slow_5" eclass="HBEFA3/PC_G_EU4" CO2="17434.52" CO="293.14" HC="1.77" NOx="7.54" PMx="0.42" fuel="7.49" electricity="0.00" noise="76.82" route="routetop" type="cfm-slow" waiting="0.00" lane="left_0" pos="11.71" speed="26.14" angle="163.38" x="-0.33" y="38.94"/>
    </timestep>
    <timestep time="4.58">
        <vehicle id="cfm-fast_0" eclass="HBEFA3/PC_G_EU4" CO2="14184.62" CO="233.83" HC="1.42" NOx="5.97" PMx="0.34" fuel="6.10" electricity="0.00" noise="75.60" route="routetop" type="cfm-fast" waiting="0.00" lane="left_0" pos="33.63" speed="27.71" angle="124.02" x="29.88" y="3.95"/>
        <vehicle id="cfm-fast_1" eclass="HBEFA3/PC_G_EU4" CO2="0.00" CO="0.00" HC="0.00" NOx="0.00" PMx="0.00" fuel="0.00" electricity="0.00" noise="73.03" route="routebottom" type="cfm-fast" waiting="0.00" lane="bottom_0" pos="2.90" speed="28.53" angle="89.29" x="69.99" y="-4.65"/>
        <vehicle id="cfm-fast_2" eclass="HBEFA3/PC_G_EU4" CO2="0.00" CO="0.00" HC="0.00" NOx="0.00" PMx="0.00" fuel="0.00" electricity="0.00" noise="71.32" route="routebottom" type="cfm-fast" waiting="0.00" lane="bottom_0" pos="22.94" speed="27.89" angle="53.13" x="108.93" y="12.12"/>
        <vehicle id="cfm-fast_3" eclass="HBEFA3/PC_G_EU4" CO2="0.00" CO="0.00" HC="0.00" NOx="0.00" PMx="0.00" fuel="0.00" electricity="0.00" noise="69.90" route="routebottom" type="cfm-fast" waiting="0.00" lane="bottom_0" pos="42.19" speed="25.47" angle="18.58" x="130.20" y="46.93"/>
        <vehicle id="cfm-fast_4" eclass="HBEFA3/PC_G_EU4" CO2="245389.24" CO="5675.05" HC="32.02" NOx="114.43" PMx="6.68" fuel="105.48" electricity="0.00" noise="144.79" route="routetop" type="cfm-fast" waiting="0.00" lane="top_1" pos="1.20" speed="62.06" angle="272.31" x="61.16" y="128.92"/>
        <vehicle id="cfm-fast_5" eclass="HBEFA3/PC_G_EU4" CO2="0.00" CO="0.00" HC="0.00" NOx="0.00" PMx="0.00" fuel="0.00" electricity="0.00" noise="69.03" route="routebottom" type="cfm-fast" waiting="0.00" lane="right_0" pos="9.51" speed="21.97" angle="347.32" x="129.21" y="83.92"/>
        <vehicle id="cfm-slow_0" eclass="HBEFA3/PC_G_EU4" CO2="7219.38" CO="72.46" HC="0.51" NOx="2.84" PMx="0.14" fuel="3.10" electricity="0.00" noise="70.58" route="routebottom" type="cfm-slow" waiting="0.00" lane="right_0" pos="23.07" speed="20.87" angle="322.94" x="115.02" y="109.15"/>
        <vehicle id="cfm-slow_1" eclass="HBEFA3/PC_G_EU4" CO2="9006.56" CO="109.24" HC="0.72" NOx="3.67" PMx="0.19" fuel="3.87" electricity="0.00" noise="71.59" route="routebottom" type="cfm-slow" waiting="0.00" lane="right_0" pos="39.30" speed="21.30" angle="293.80" x="86.34" y="128.41"/>
        <vehicle id="cfm-slow_2" eclass="HBEFA3/PC_G_EU4" CO2="11381.40" CO="158.44" HC="1.00" NOx="4.78" PMx="0.25" fuel="4.89" electricity="0.00" noise="73.02" route="routetop" type="cfm-slow" waiting="0.00" lane="top_0" pos="5.98" speed="22.02" angle="263.66" x="50.78" y="131.04"/>
        <vehicle id="cfm-slow_3" eclass="HBEFA3/PC_G_EU4" CO2="14051.68" CO="214.69" HC="1.33" NOx="6.01" PMx="0.32" fuel="6.04" electricity="0.00" noise="74.68" route="routetop" type="cfm-slow" waiting="0.00" lane="top_0" pos="23.41" speed="23.10" angle="232.33" x="17.63" y="114.53"/>
        <vehicle id="cfm-slow_4" eclass="HBEFA3/PC_G_EU4" CO2="16455.44" CO="267.34" HC="1.63" NOx="7.11" PMx="0.39" fuel="7.07" electricity="0.00" noise="76.16" route="routetop" type="cfm-slow" waiting="0.00" lane="top_0" pos="41.97" speed="24.53" angle="198.96" x="-2.74" y="80.86"/>
        <vehicle id="cfm-slow_5" eclass="HBEFA3/PC_G_EU4" CO2="17391.58" CO="292.33" HC="1.76" NOx="7.52" PMx="0.42" fuel="7.48" electricity="0.00" noise="76.80" route="routetop" type="cfm-slow" waiting="0.00" lane="left_0" pos="11.97" speed="26.16" angle="162.91" x="-0.13" y="38.42"/>
    </timestep>
    <timestep time="4.59">
        <vehicle id="cfm-fast_0" eclass="HBEFA3/PC_G_EU4" CO2="14073.28" CO="231.60" HC="1.41" NOx="5.92" PMx="0.33" fuel="6.05" electricity="0.00" noise="75.56" route="routetop" type="cfm-fast" waiting="0.00" lane="left_0" pos="33.91" speed="27.73" angle="123.51" x="30.41" y="3.66"/>
        <vehicle id="cfm-fast_1" eclass="HBEFA3/PC_G_EU4" CO2="0.00" CO="0.00" HC="0.00" NOx="0.00" PMx="0.00" fuel="0.00" electricity="0.00" noise="73.00" route="routebottom" type="cfm-fast" waiting="0.00" lane="bottom_0" pos="3.19" speed="28.52" angle="88.78" x="70.60" y="-4.58"/>
        <vehicle id="cfm-fast_2" eclass="HBEFA3/PC_G_EU4" CO2="0.00" CO="0.00" HC="0.00" NOx="0.00" PMx="0.00" fuel="0.00" electricity="0.00" noise="71.31" route="routebottom" type="cfm-fast" waiting="0.00" lane="bottom_0" pos="23.21" speed="27.87" angle="52.68" x="109.38" y="12.51"/>
        <vehicle id="cfm-fast_3" eclass="HBEFA3/PC_G_EU4" CO2="0.00" CO="0.00" HC="0.00" NOx="0.00" PMx="0.00" fuel="0.00" electricity="0.00" noise="69.89" route="routebottom" type="cfm-fast" waiting="0.00" lane="bottom_0" pos="42.44" speed="25.45" angle="18.17" x="130.33" y="47.46"/>
        <vehicle id="cfm-fast_4" eclass="HBEFA3/PC_G_EU4" CO2="245989.26" CO="5692.07" HC="32.12" NOx="114.72" PMx="6.70" fuel="105.74" electricity="0.00" noise="144.86" route="routetop" type="cfm-fast" waiting="0.00" lane="top_1" pos="1.83" speed="62.19" angle="271.20" x="59.89" y="128.85"/>
        <vehicle id="cfm-fast_5" eclass="HBEFA3/PC_G_EU4" CO2="0.00" CO="0.00" HC="0.00" NOx="0.00" PMx="0.00" fuel="0.00" electricity="0.00" noise="69.03" route="routebottom" type="cfm-fast" waiting="0.00" lane="right_0" pos="9.73" speed="21.96" angle="346.92" x="129.07" y="84.37"/>
        <vehicle id="cfm-slow_0" eclass="HBEFA3/PC_G_EU4" CO2="7222.24" CO="72.52" HC="0.51" NOx="2.84" PMx="0.14" fuel="3.10" electricity="0.00" noise="70.59" route="routebottom" type="cfm-slow" waiting="0.00" lane="right_0" pos="23.28" speed="20.88" angle="322.57" x="114.72" y="109.48"/>
        <vehicle id="cfm-slow_1" eclass="HBEFA3/PC_G_EU4" CO2="9014.94" CO="109.41" HC="0.72" NOx="3.68" PMx="0.19" fuel="3.88" electricity="0.00" noise="71.60" route="routebottom" type="cfm-slow" waiting="0.00" lane="right_0" pos="39.52" speed="21.31" angle="293.42" x="85.91" y="128.57"/>
        <vehicle id="cfm-slow_2" eclass="HBEFA3/PC_G_EU4" CO2="11392.47" CO="158.67" HC="1.00" NOx="4.78" PMx="0.25" fuel="4.90" electricity="0.00" noise="73.03" route="routetop" type="cfm-slow" waiting="0.00" lane="top_0" pos="6.20" speed="22.03" angle="263.25" x="50.31" y="130.96"/>
        <vehicle id="cfm-slow_3" eclass="HBEFA3/PC_G_EU4" CO2="14060.17" CO="214.89" HC="1.33" NOx="6.01" PMx="0.32" fuel="6.04" electricity="0.00" noise="74.69" route="routetop" type="cfm-slow" waiting="0.00" lane="top_0" pos="23.65" speed="23.12" angle="231.92" x="17.26" y="114.19"/>
        <vehicle id="cfm-slow_4" eclass="HBEFA3/PC_G_EU4" CO2="16450.34" CO="267.29" HC="1.63" NOx="7.11" PMx="0.39" fuel="7.07" electricity="0.00" noise="76.16" route="routetop" type="cfm-slow" waiting="0.00" lane="top_0" pos="42.21" speed="24.55" angle="198.50" x="-2.88" y="80.35"/>
        <vehicle id="cfm-slow_5" eclass="HBEFA3/PC_G_EU4" CO2="17348.15" CO="291.51" HC="1.76" NOx="7.50" PMx="0.41" fuel="7.46" electricity="0.00" noise="76.78" route="routetop" type="cfm-slow" waiting="0.00" lane="left_0" pos="12.23" speed="26.18" angle="162.45" x="0.08" y="37.90"/>
    </timestep>
    <timestep time="4.60">
        <vehicle id="cfm-fast_0" eclass="HBEFA3/PC_G_EU4" CO2="13961.62" CO="229.37" HC="1.39" NOx="5.86" PMx="0.33" fuel="6.00" electricity="0.00" noise="75.51" route="routetop" type="cfm-fast" waiting="0.00" lane="left_0" pos="34.18" speed="27.74" angle="123.00" x="30.93" y="3.37"/>
        <vehicle id="cfm-fast_1" eclass="HBEFA3/PC_G_EU4" CO2="0.00" CO="0.00" HC="0.00" NOx="0.00" PMx="0.00" fuel="0.00" electricity="0.00" noise="72.97" route="routebottom" type="cfm-fast" waiting="0.00" lane="bottom_0" pos="3.47" speed="28.52" angle="88.27" x="71.22" y="-4.52"/>
        <vehicle id="cfm-fast_2" eclass="HBEFA3/PC_G_EU4" CO2="0.00" CO="0.00" HC="0.00" NOx="0.00" PMx="0.00" fuel="0.00" electricity="0.00" noise="71.30" route="routebottom" type="cfm-fast" waiting="0.00" lane="bottom_0" pos="23.49" speed="27.85" angle="52.18" x="109.82" y="12.92"/>
        <vehicle id="cfm-fast_3" eclass="HBEFA3/PC_G_EU4" CO2="0.00" CO="0.00" HC="0.00" NOx="0.00" PMx="0.00" fuel="0.00" electricity="0.00" noise="69.88" route="routebottom" type="cfm-fast" waiting="0.00" lane="bottom_0" pos="42.69" speed="25.42" angle="17.71" x="130.45" y="47.99"/>
        <vehicle id="cfm-fast_4" eclass="HBEFA3/PC_G_EU4" CO2="246589.57" CO="5709.11" HC="32.21" NOx="115.00" PMx="6.72" fuel="106.00" electricity="0.00" noise="144.92" route="routetop" type="cfm-fast" waiting="0.00" lane="top_1" pos="2.45" speed="62.33" angle="270.07" x="58.61" y="128.78"/>
        <vehicle id="cfm-fast_5" eclass="HBEFA3/PC_G_EU4" CO2="0.00" CO="0.00" HC="0.00" NOx="0.00" PMx="0.00" fuel="0.00" electricity="0.00" noise="69.04" route="routebottom" type="cfm-fast" waiting="0.00" lane="right_0" pos="9.95" speed="21.96" angle="346.53" x="128.93" y="84.82"/>
        <vehicle id="cfm-slow_0" eclass="HBEFA3/PC_G_EU4" CO2="7225.27" CO="72.58" HC="0.51" NOx="2.84" PMx="0.14" fuel="3.11" electricity="0.00" noise="70.59" route="routebottom" type="cfm-slow" waiting="0.00" lane="right_0" pos="23.49" speed="20.89" angle="322.19" x="114.41" y="109.81"/>
        <vehicle id="cfm-slow_1" eclass="HBEFA3/PC_G_EU4" CO2="9023.47" CO="109.59" HC="0.72" NOx="3.68" PMx="0.19" fuel="3.88" electricity="0.00" noise="71.60" route="routebottom" type="cfm-slow" waiting="0.00" lane="right_0" pos="39.73" speed="21.32" angle="293.08" x="85.47" y="128.72"/>
        <vehicle id="cfm-slow_2" eclass="HBEFA3/PC_G_EU4" CO2="11403.64" CO="158.91" HC="1.00" NOx="4.79" PMx="0.25" fuel="4.90" electricity="0.00" noise="73.04" route="routetop" type="cfm-slow" waiting="0.00" lane="top_0" pos="6.42" speed="22.05" angle="262.90" x="49.85" y="130.87"/>
        <vehicle id="cfm-slow_3" eclass="HBEFA3/PC_G_EU4" CO2="14068.65" CO="215.10" HC="1.33" NOx="6.02" PMx="0.32" fuel="6.05" electricity="0.00" noise="74.69" route="routetop" type="cfm-slow" waiting="0.00" lane="top_0" pos="23.88" speed="23.14" angle="231.50" x="16.90" y="113.85"/>
        <vehicle id="cfm-slow_4" eclass="HBEFA3/PC_G_EU4" CO2="16445.02" CO="267.24" HC="1.63" NOx="7.11" PMx="0.39" fuel="7.07" electricity="0.00" noise="76.16" route="routetop" type="cfm-slow" waiting="0.00" lane="top_0" pos="42.46" speed="24.56" angle="198.12" x="-3.01" y="79.83"/>
        <vehicle id="cfm-slow_5" eclass="HBEFA3/PC_G_EU4" CO2="17304.21" CO="290.69" HC="1.76" NOx="7.48" PMx="0.41" fuel="7.44" electricity="0.00" noise="76.76" route="routetop" type="cfm-slow" waiting="0.00" lane="left_0" pos="12.50" speed="26.20" angle="161.98" x="0.29" y="37.37"/>
    </timestep>
    <timestep time="4.61">
        <vehicle id="cfm-fast_0" eclass="HBEFA3/PC_G_EU4" CO2="13849.67" CO="227.13" HC="1.38" NOx="5.81" PMx="0.33" fuel="5.95" electricity="0.00" noise="75.47" route="routetop" type="cfm-fast" waiting="0.00" lane="left_0" pos="34.46" speed="27.75" angle="122.49" x="31.45" y="3.09"/>
        <vehicle id="cfm-fast_1" eclass="HBEFA3/PC_G_EU4" CO2="0.00" CO="0.00" HC="0.00" NOx="0.00" PMx="0.00" fuel="0.00" electricity="0.00" noise="72.94" route="routebottom" type="cfm-fast" waiting="0.00" lane="bottom_0" pos="3.76" speed="28.52" angle="87.75" x="71.83" y="-4.46"/>
        <vehicle id="cfm-fast_2" eclass="HBEFA3/PC_G_EU4" CO2="0.00" CO="0.00" HC="0.00" NOx="0.00" PMx="0.00" fuel="0.00" electricity="0.00" noise="71.28" route="routebottom" type="cfm-fast" waiting="0.00" lane="bottom_0" pos="23.77" speed="27.83" angle="51.68" x="110.26" y="13.33"/>
        <vehicle id="cfm-fast_3" eclass="HBEFA3/PC_G_EU4" CO2="0.00" CO="0.00" HC="0.00" NOx="0.00" PMx="0.00" fuel="0.00" electricity="0.00" noise="69.87" route="routebottom" type="cfm-fast" waiting="0.00" lane="bottom_0" pos="42.95" speed="25.40" angle="17.25" x="130.57" y="48.53"/>
        <vehicle id="cfm-fast_4" eclass="HBEFA3/PC_G_EU4" CO2="247190.18" CO="5726.18" HC="32.30" NOx="115.28" PMx="6.74" fuel="106.25" electricity="0.00" noise="144.99" route="routetop" type="cfm-fast" waiting="0.00" lane="top_1" pos="3.07" speed="62.47" angle="268.98" x="57.34" y="128.66"/>
        <vehicle id="cfm-fast_5" eclass="HBEFA3/PC_G_EU4" CO2="0.00" CO="0.00" HC="0.00" NOx="0.00" PMx="0.00" fuel="0.00" electricity="0.00" noise="69.04" route="routebottom" type="cfm-fast" waiting="0.00" lane="right_0" pos="10.17" speed="21.96" angle="346.17" x="128.79" y="85.28"/>
        <vehicle id="cfm-slow_0" eclass="HBEFA3/PC_G_EU4" CO2="7228.48" CO="72.65" HC="0.51" NOx="2.84" PMx="0.14" fuel="3.11" electricity="0.00" noise="70.59" route="routebottom" type="cfm-slow" waiting="0.00" lane="right_0" pos="23.70" speed="20.89" angle="321.82" x="114.11" y="110.14"/>
        <vehicle id="cfm-slow_1" eclass="HBEFA3/PC_G_EU4" CO2="9032.15" CO="109.77" HC="0.72" NOx="3.68" PMx="0.19" fuel="3.88" electricity="0.00" noise="71.61" route="routebottom" type="cfm-slow" waiting="0.00" lane="right_0" pos="39.94" speed="21.33" angle="292.70" x="85.04" y="128.86"/>
        <vehicle id="cfm-slow_2" eclass="HBEFA3/PC_G_EU4" CO2="11414.90" CO="159.16" HC="1.01" NOx="4.79" PMx="0.25" fuel="4.91" electricity="0.00" noise="73.05" route="routetop" type="cfm-slow" waiting="0.00" lane="top_0" pos="6.64" speed="22.06" angle="262.49" x="49.38" y="130.76"/>
        <vehicle id="cfm-slow_3" eclass="HBEFA3/PC_G_EU4" CO2="14077.14" CO="215.30" HC="1.33" NOx="6.02" PMx="0.32" fuel="6.05" electricity="0.00" noise="74.70" route="routetop" type="cfm-slow" waiting="0.00" lane="top_0" pos="24.11" speed="23.16" angle="231.08" x="16.53" y="113.51"/>
        <vehicle id="cfm-slow_4" eclass="HBEFA3/PC_G_EU4" CO2="16439.49" CO="267.18" HC="1.62" NOx="7.10" PMx="0.39" fuel="7.07" electricity="0.00" noise="76.15" route="routetop" type="cfm-slow" waiting="0.00" lane="top_0" pos="42.70" speed="24.58" angle="197.68" x="-3.13" y="79.32"/>
        <vehicle id="cfm-slow_5" eclass="HBEFA3/PC_G_EU4" CO2="17259.78" CO="289.85" HC="1.75" NOx="7.45" PMx="0.41" fuel="7.42" electricity="0.00" noise="76.74" route="routetop" type="cfm-slow" waiting="0.00" lane="left_0" pos="12.76" speed="26.21" angle="161.56" x="0.50" y="36.85"/>
    </timestep>
    <timestep time="4.62">
        <vehicle id="cfm-fast_0" eclass="HBEFA3/PC_G_EU4" CO2="13737.43" CO="224.89" HC="1.37" NOx="5.76" PMx="0.33" fuel="5.91" electricity="0.00" noise="75.43" route="routetop" type="cfm-fast" waiting="0.00" lane="left_0" pos="34.74" speed="27.76" angle="122.04" x="31.98" y="2.81"/>
        <vehicle id="cfm-fast_1" eclass="HBEFA3/PC_G_EU4" CO2="0.00" CO="0.00" HC="0.00" NOx="0.00" PMx="0.00" fuel="0.00" electricity="0.00" noise="72.91" route="routebottom" type="cfm-fast" waiting="0.00" lane="bottom_0" pos="4.04" speed="28.52" angle="87.25" x="72.43" y="-4.38"/>
        <vehicle id="cfm-fast_2" eclass="HBEFA3/PC_G_EU4" CO2="0.00" CO="0.00" HC="0.00" NOx="0.00" PMx="0.00" fuel="0.00" electricity="0.00" noise="71.27" route="routebottom" type="cfm-fast" waiting="0.00" lane="bottom_0" pos="24.05" speed="27.81" angle="51.18" x="110.70" y="13.73"/>
        <vehicle id="cfm-fast_3" eclass="HBEFA3/PC_G_EU4" CO2="0.00" CO="0.00" HC="0.00" NOx="0.00" PMx="0.00" fuel="0.00" electricity="0.00" noise="69.86" route="routebottom" type="cfm-fast" waiting="0.00" lane="bottom_0" pos="43.20" speed="25.38" angle="16.79" x="130.69" y="49.06"/>
        <vehicle id="cfm-fast_4" eclass="HBEFA3/PC_G_EU4" CO2="247791.08" CO="5743.27" HC="32.39" NOx="115.56" PMx="6.75" fuel="106.51" electricity="0.00" noise="145.06" route="routetop" type="cfm-fast" waiting="0.00" lane="top_1" pos="3.70" speed="62.60" angle="267.84" x="56.06" y="128.53"/>
        <vehicle id="cfm-fast_5" eclass="HBEFA3/PC_G_EU4" CO2="0.00" CO="0.00" HC="0.00" NOx="0.00" PMx="0.00" fuel="0.00" electricity="0.00" noise="69.05" route="routebottom" type="cfm-fast" waiting="0.00" lane="right_0" pos="10.39" speed="21.95" angle="345.79" x="128.63" y="85.72"/>
        <vehicle id="cfm-slow_0" eclass="HBEFA3/PC_G_EU4" CO2="7231.86" CO="72.72" HC="0.51" NOx="2.84" PMx="0.14" fuel="3.11" electricity="0.00" noise="70.60" route="routebottom" type="cfm-slow" waiting="0.00" lane="right_0" pos="23.91" speed="20.90" angle="321.44" x="113.80" y="110.47"/>
        <vehicle id="cfm-slow_1" eclass="HBEFA3/PC_G_EU4" CO2="9040.97" CO="109.95" HC="0.72" NOx="3.69" PMx="0.19" fuel="3.89" electricity="0.00" noise="71.62" route="routebottom" type="cfm-slow" waiting="0.00" lane="right_0" pos="40.16" speed="21.34" angle="292.29" x="84.60" y="129.00"/>
        <vehicle id="cfm-slow_2" eclass="HBEFA3/PC_G_EU4" CO2="11426.27" CO="159.40" HC="1.01" NOx="4.80" PMx="0.25" fuel="4.91" electricity="0.00" noise="73.06" route="routetop" type="cfm-slow" waiting="0.00" lane="top_0" pos="6.86" speed="22.07" angle="262.07" x="48.92" y="130.66"/>
        <vehicle id="cfm-slow_3" eclass="HBEFA3/PC_G_EU4" CO2="14085.63" CO="215.50" HC="1.33" NOx="6.02" PMx="0.32" fuel="6.05" electricity="0.00" noise="74.71" route="routetop" type="cfm-slow" waiting="0.00" lane="top_0" pos="24.34" speed="23.17" angle="230.71" x="16.16" y="113.17"/>
        <vehicle id="cfm-slow_4" eclass="HBEFA3/PC_G_EU4" CO2="16433.73" CO="267.11" HC="1.62" NOx="7.10" PMx="0.39" fuel="7.06" electricity="0.00" noise="76.15" route="routetop" type="cfm-slow" waiting="0.00" lane="top_0" pos="42.95" speed="24.60" angle="197.24" x="-3.24" y="78.80"/>
        <vehicle id="cfm-slow_5" eclass="HBEFA3/PC_G_EU4" CO2="17214.84" CO="289.00" HC="1.75" NOx="7.43" PMx="0.41" fuel="7.40" electricity="0.00" noise="76.72" route="routetop" type="cfm-slow" waiting="0.00" lane="left_0" pos="13.02" speed="26.23" angle="161.09" x="0.73" y="36.33"/>
    </timestep>
    <timestep time="4.63">
        <vehicle id="cfm-fast_0" eclass="HBEFA3/PC_G_EU4" CO2="13624.91" CO="222.64" HC="1.36" NOx="5.70" PMx="0.32" fuel="5.86" electricity="0.00" noise="75.39" route="routetop" type="cfm-fast" waiting="0.00" lane="left_0" pos="35.02" speed="27.77" angle="121.53" x="32.51" y="2.54"/>
        <vehicle id="cfm-fast_1" eclass="HBEFA3/PC_G_EU4" CO2="0.00" CO="0.00" HC="0.00" NOx="0.00" PMx="0.00" fuel="0.00" electricity="0.00" noise="72.88" route="routebottom" type="cfm-fast" waiting="0.00" lane="bottom_0" pos="4.33" speed="28.52" angle="86.74" x="73.04" y="-4.30"/>
        <vehicle id="cfm-fast_2" eclass="HBEFA3/PC_G_EU4" CO2="0.00" CO="0.00" HC="0.00" NOx="0.00" PMx="0.00" fuel="0.00" electricity="0.00" noise="71.26" route="routebottom" type="cfm-fast" waiting="0.00" lane="bottom_0" pos="24.33" speed="27.79" angle="50.72" x="111.14" y="14.14"/>
        <vehicle id="cfm-fast_3" eclass="HBEFA3/PC_G_EU4" CO2="0.00" CO="0.00" HC="0.00" NOx="0.00" PMx="0.00" fuel="0.00" electricity="0.00" noise="69.84" route="routebottom" type="cfm-fast" waiting="0.00" lane="bottom_0" pos="43.46" speed="25.35" angle="16.33" x="130.81" y="49.59"/>
        <vehicle id="cfm-fast_4" eclass="HBEFA3/PC_G_EU4" CO2="248392.27" CO="5760.37" HC="32.49" NOx="115.84" PMx="6.77" fuel="106.77" electricity="0.00" noise="145.12" route="routetop" type="cfm-fast" waiting="0.00" lane="top_1" pos="4.33" speed="62.74" angle="266.74" x="54.78" y="128.36"/>
        <vehicle id="cfm-fast_5" eclass="HBEFA3/PC_G_EU4" CO2="0.00" CO="0.00" HC="0.00" NOx="0.00" PMx="0.00" fuel="0.00" electricity="0.00" noise="69.05" route="routebottom" type="cfm-fast" waiting="0.00" lane="right_0" pos="10.61" speed="21.95" angle="345.37" x="128.47" y="86.17"/>
        <vehicle id="cfm-slow_0" eclass="HBEFA3/PC_G_EU4" CO2="7235.41" CO="72.79" HC="0.51" NOx="2.84" PMx="0.14" fuel="3.11" electricity="0.00" noise="70.60" route="routebottom" type="cfm-slow" waiting="0.00" lane="right_0" pos="24.11" speed="20.91" angle="321.07" x="113.50" y="110.80"/>
        <vehicle id="cfm-slow_1" eclass="HBEFA3/PC_G_EU4" CO2="9049.94" CO="110.14" HC="0.72" NOx="3.69" PMx="0.19" fuel="3.89" electricity="0.00" noise="71.63" route="routebottom" type="cfm-slow" waiting="0.00" lane="right_0" pos="40.37" speed="21.35" angle="291.88" x="84.16" y="129.13"/>
        <vehicle id="cfm-slow_2" eclass="HBEFA3/PC_G_EU4" CO2="11437.73" CO="159.65" HC="1.01" NOx="4.80" PMx="0.25" fuel="4.92" electricity="0.00" noise="73.07" route="routetop" type="cfm-slow" waiting="0.00" lane="top_0" pos="7.08" speed="22.09" angle="261.66" x="48.46" y="130.55"/>
        <vehicle id="cfm-slow_3" eclass="HBEFA3/PC_G_EU4" CO2="14094.11" CO="215.70" HC="1.33" NOx="6.03" PMx="0.32" fuel="6.06" electricity="0.00" noise="74.71" route="routetop" type="cfm-slow" waiting="0.00" lane="top_0" pos="24.57" speed="23.19" angle="230.30" x="15.81" y="112.82"/>
        <vehicle id="cfm-slow_4" eclass="HBEFA3/PC_G_EU4" CO2="16427.75" CO="267.05" HC="1.62" NOx="7.10" PMx="0.39" fuel="7.06" electricity="0.00" noise="76.15" route="routetop" type="cfm-slow" waiting="0.00" lane="top_0" pos="43.20" speed="24.62" angle="196.80" x="-3.36" y="78.29"/>
        <vehicle id="cfm-slow_5" eclass="HBEFA3/PC_G_EU4" CO2="17169.41" CO="288.15" HC="1.74" NOx="7.41" PMx="0.41" fuel="7.38" electricity="0.00" noise="76.69" route="routetop" type="cfm-slow" waiting="0.00" lane="left_0" pos="13.28" speed="26.25" angle="160.60" x="0.96" y="35.82"/>
    </timestep>
    <timestep time="4.64">
        <vehicle id="cfm-fast_0" eclass="HBEFA3/PC_G_EU4" CO2="13512.11" CO="220.38" HC="1.34" NOx="5.65" PMx="0.32" fuel="5.81" electricity="0.00" noise="75.35" route="routetop" type="cfm-fast" waiting="0.00" lane="left_0" pos="35.29" speed="27.79" angle="121.01" x="33.05" y="2.27"/>
        <vehicle id="cfm-fast_1" eclass="HBEFA3/PC_G_EU4" CO2="0.00" CO="0.00" HC="0.00" NOx="0.00" PMx="0.00" fuel="0.00" electricity="0.00" noise="72.85" route="routebottom" type="cfm-fast" waiting="0.00" lane="bottom_0" pos="4.61" speed="28.52" angle="86.22" x="73.65" y="-4.21"/>
        <vehicle id="cfm-fast_2" eclass="HBEFA3/PC_G_EU4" CO2="0.00" CO="0.00" HC="0.00" NOx="0.00" PMx="0.00" fuel="0.00" electricity="0.00" noise="71.25" route="routebottom" type="cfm-fast" waiting="0.00" lane="bottom_0" pos="24.60" speed="27.77" angle="50.22" x="111.57" y="14.56"/>
        <vehicle id="cfm-fast_3" eclass="HBEFA3/PC_G_EU4" CO2="0.00" CO="0.00" HC="0.00" NOx="0.00" PMx="0.00" fuel="0.00" electricity="0.00" noise="69.83" route="routebottom" type="cfm-fast" waiting="0.00" lane="bottom_0" pos="43.71" speed="25.33" angle="15.92" x="130.92" y="50.12"/>
        <vehicle id="cfm-fast_4" eclass="HBEFA3/PC_G_EU4" CO2="248993.75" CO="5777.50" HC="32.58" NOx="116.12" PMx="6.79" fuel="107.03" electricity="0.00" noise="145.19" route="routetop" type="cfm-fast" waiting="0.00" lane="top_1" pos="4.96" speed="62.88" angle="265.59" x="53.51" y="128.18"/>
        <vehicle id="cfm-fast_5" eclass="HBEFA3/PC_G_EU4" CO2="0.00" CO="0.00" HC="0.00" NOx="0.00" PMx="0.00" fuel="0.00" electricity="0.00" noise="69.05" route="routebottom" type="cfm-fast" waiting="0.00" lane="right_0" pos="10.83" speed="21.94" angle="344.95" x="128.31" y="86.61"/>
        <vehicle id="cfm-slow_0" eclass="HBEFA3/PC_G_EU4" CO2="7239.14" CO="72.86" HC="0.51" NOx="2.85" PMx="0.14" fuel="3.11" electricity="0.00" noise="70.61" route="routebottom" type="cfm-slow" waiting="0.00" lane="right_0" pos="24.32" speed="20.91" angle="320.73" x="113.19" y="111.13"/>
        <vehicle id="cfm-slow_1" eclass="HBEFA3/PC_G_EU4" CO2="9059.05" CO="110.32" HC="0.72" NOx="3.69" PMx="0.19" fuel="3.89" electricity="0.00" noise="71.64" route="routebottom" type="cfm-slow" waiting="0.00" lane="right_0" pos="40.58" speed="21.36" angle="291.48" x="83.72" y="129.27"/>
        <vehicle id="cfm-slow_2" eclass="HBEFA3/PC_G_EU4" CO2="11449.28" CO="159.90" HC="1.01" NOx="4.81" PMx="0.25" fuel="4.92" electricity="0.00" noise="73.08" route="routetop" type="cfm-slow" waiting="0.00" lane="top_0" pos="7.31" speed="22.10" angle="261.24" x="47.99" y="130.45"/>
        <vehicle id="cfm-slow_3" eclass="HBEFA3/PC_G_EU4" CO2="14102.58" CO="215.91" HC="1.33" NOx="6.03" PMx="0.32" fuel="6.06" electricity="0.00" noise="74.72" route="routetop" type="cfm-slow" waiting="0.00" lane="top_0" pos="24.80" speed="23.21" angle="229.87" x="15.46" y="112.47"/>
        <vehicle id="cfm-slow_4" eclass="HBEFA3/PC_G_EU4" CO2="16421.54" CO="266.97" HC="1.62" NOx="7.09" PMx="0.39" fuel="7.06" electricity="0.00" noise="76.15" route="routetop" type="cfm-slow" waiting="0.00" lane="top_0" pos="43.44" speed="24.64" angle="196.36" x="-3.48" y="77.77"/>
        <vehicle id="cfm-slow_5" eclass="HBEFA3/PC_G_EU4" CO2="17123.48" CO="287.28" HC="1.74" NOx="7.39" PMx="0.41" fuel="7.36" electricity="0.00" noise="76.67" route="routetop" type="cfm-slow" waiting="0.00" lane="left_0" pos="13.55" speed="26.27" angle="160.11" x="1.20" y="35.30"/>
    </timestep>
    <timestep time="4.65">
        <vehicle id="cfm-fast_0" eclass="HBEFA3/PC_G_EU4" CO2="13399.06" CO="218.11" HC="1.33" NOx="5.60" PMx="0.32" fuel="5.76" electricity="0.00" noise="75.31" route="routetop" type="cfm-fast" waiting="0.00" lane="left_0" pos="35.57" speed="27.80" angle="120.50" x="33.58" y="2.00"/>
        <vehicle id="cfm-fast_1" eclass="HBEFA3/PC_G_EU4" CO2="0.00" CO="0.00" HC="0.00" NOx="0.00" PMx="0.00" fuel="0.00" electricity="0.00" noise="72.82" route="routebottom" type="cfm-fast" waiting="0.00" lane="bottom_0" pos="4.90" speed="28.51" angle="85.71" x="74.26" y="-4.13"/>
        <vehicle id="cfm-fast_2" eclass="HBEFA3/PC_G_EU4" CO2="0.00" CO="0.00" HC="0.00" NOx="0.00" PMx="0.00" fuel="0.00" electricity="0.00" noise="71.23" route="routebottom" type="cfm-fast" waiting="0.00" lane="bottom_0" pos="24.88" speed="27.75" angle="49.70" x="111.99" y="14.98"/>
        <vehicle id="cfm-fast_3" eclass="HBEFA3/PC_G_EU4" CO2="0.00" CO="0.00" HC="0.00" NOx="0.00" PMx="0.00" fuel="0.00" electricity="0.00" noise="69.82" route="routebottom" type="cfm-fast" waiting="0.00" lane="bottom_0" pos="43.96" speed="25.31" angle="15.44" x="131.02" y="50.66"/>
        <vehicle id="cfm-fast_4" eclass="HBEFA3/PC_G_EU4" CO2="249595.52" CO="5794.66" HC="32.68" NOx="116.41" PMx="6.81" fuel="107.29" electricity="0.00" noise="145.25" route="routetop" type="cfm-fast" waiting="0.00" lane="top_1" pos="5.59" speed="63.01" angle="264.45" x="52.24" y="127.96"/>
        <vehicle id="cfm-fast_5" eclass="HBEFA3/PC_G_EU4" CO2="0.00" CO="0.00" HC="0.00" NOx="0.00" PMx="0.00" fuel="0.00" electricity="0.00" noise="69.06" route="routebottom" type="cfm-fast" waiting="0.00" lane="right_0" pos="11.05" speed="21.94" angle="344.53" x="128.15" y="87.05"/>
        <vehicle id="cfm-slow_0" eclass="HBEFA3/PC_G_EU4" CO2="7243.04" CO="72.94" HC="0.51" NOx="2.85" PMx="0.14" fuel="3.11" electricity="0.00" noise="70.61" route="routebottom" type="cfm-slow" waiting="0.00" lane="right_0" pos="24.53" speed="20.92" angle="320.35" x="112.88" y="111.45"/>
        <vehicle id="cfm-slow_1" eclass="HBEFA3/PC_G_EU4" CO2="9068.30" CO="110.52" HC="0.73" NOx="3.70" PMx="0.19" fuel="3.90" electricity="0.00" noise="71.64" route="routebottom" type="cfm-slow" waiting="0.00" lane="right_0" pos="40.80" speed="21.37" angle="291.07" x="83.28" y="129.40"/>
        <vehicle id="cfm-slow_2" eclass="HBEFA3/PC_G_EU4" CO2="11460.93" CO="160.15" HC="1.01" NOx="4.81" PMx="0.25" fuel="4.93" electricity="0.00" noise="73.09" route="routetop" type="cfm-slow" waiting="0.00" lane="top_0" pos="7.53" speed="22.12" angle="260.83" x="47.53" y="130.35"/>
        <vehicle id="cfm-slow_3" eclass="HBEFA3/PC_G_EU4" CO2="14111.04" CO="216.11" HC="1.33" NOx="6.04" PMx="0.32" fuel="6.07" electricity="0.00" noise="74.73" route="routetop" type="cfm-slow" waiting="0.00" lane="top_0" pos="25.04" speed="23.22" angle="229.44" x="15.10" y="112.11"/>
        <vehicle id="cfm-slow_4" eclass="HBEFA3/PC_G_EU4" CO2="16415.10" CO="266.90" HC="1.62" NOx="7.09" PMx="0.39" fuel="7.06" electricity="0.00" noise="76.15" route="routetop" type="cfm-slow" waiting="0.00" lane="top_0" pos="43.69" speed="24.66" angle="195.97" x="-3.59" y="77.25"/>
        <vehicle id="cfm-slow_5" eclass="HBEFA3/PC_G_EU4" CO2="17077.05" CO="286.40" HC="1.73" NOx="7.37" PMx="0.41" fuel="7.34" electricity="0.00" noise="76.65" route="routetop" type="cfm-slow" waiting="0.00" lane="left_0" pos="13.81" speed="26.29" angle="159.62" x="1.43" y="34.79"/>
    </timestep>
    <timestep time="4.66">
        <vehicle id="cfm-fast_0" eclass="HBEFA3/PC_G_EU4" CO2="13285.76" CO="215.84" HC="1.32" NOx="5.54" PMx="0.31" fuel="5.71" electricity="0.00" noise="75.27" route="routetop" type="cfm-fast" waiting="0.00" lane="left_0" pos="35.85" speed="27.81" angle="120.01" x="34.12" y="1.74"/>
        <vehicle id="cfm-fast_1" eclass="HBEFA3/PC_G_EU4" CO2="0.00" CO="0.00" HC="0.00" NOx="0.00" PMx="0.00" fuel="0.00" electricity="0.00" noise="72.80" route="routebottom" type="cfm-fast" waiting="0.00" lane="bottom_0" pos="5.18" speed="28.51" angle="85.15" x="74.86" y="-4.03"/>
        <vehicle id="cfm-fast_2" eclass="HBEFA3/PC_G_EU4" CO2="0.00" CO="0.00" HC="0.00" NOx="0.00" PMx="0.00" fuel="0.00" electricity="0.00" noise="71.22" route="routebottom" type="cfm-fast" waiting="0.00" lane="bottom_0" pos="25.16" speed="27.73" angle="49.18" x="112.41" y="15.40"/>
        <vehicle id="cfm-fast_3" eclass="HBEFA3/PC_G_EU4" CO2="0.00" CO="0.00" HC="0.00" NOx="0.00" PMx="0.00" fuel="0.00" electricity="0.00" noise="69.81" route="routebottom" type="cfm-fast" waiting="0.00" lane="bottom_0" pos="44.21" speed="25.28" angle="14.96" x="131.12" y="51.19"/>
        <vehicle id="cfm-fast_4" eclass="HBEFA3/PC_G_EU4" CO2="250197.59" CO="5811.83" HC="32.77" NOx="116.69" PMx="6.82" fuel="107.55" electricity="0.00" noise="145.32" route="routetop" type="cfm-fast" waiting="0.00" lane="top_1" pos="6.22" speed="63.15" angle="263.29" x="50.96" y="127.73"/>
        <vehicle id="cfm-fast_5" eclass="HBEFA3/PC_G_EU4" CO2="0.00" CO="0.00" HC="0.00" NOx="0.00" PMx="0.00" fuel="0.00" electricity="0.00" noise="69.06" route="routebottom" type="cfm-fast" waiting="0.00" lane="right_0" pos="11.27" speed="21.93" angle="344.12" x="127.99" y="87.50"/>
        <vehicle id="cfm-slow_0" eclass="HBEFA3/PC_G_EU4" CO2="7247.10" CO="73.02" HC="0.51" NOx="2.85" PMx="0.14" fuel="3.12" electricity="0.00" noise="70.62" route="routebottom" type="cfm-slow" waiting="0.00" lane="right_0" pos="24.74" speed="20.93" angle="319.97" x="112.56" y="111.77"/>
        <vehicle id="cfm-slow_1" eclass="HBEFA3/PC_G_EU4" CO2="9077.69" CO="110.71" HC="0.73" NOx="3.70" PMx="0.19" fuel="3.90" electricity="0.00" noise="71.65" route="routebottom" type="cfm-slow" waiting="0.00" lane="right_0" pos="41.01" speed="21.38" angle="290.71" x="82.84" y="129.54"/>
        <vehicle id="cfm-slow_2" eclass="HBEFA3/PC_G_EU4" CO2="11472.66" CO="160.40" HC="1.01" NOx="4.82" PMx="0.25" fuel="4.93" electricity="0.00" noise="73.09" route="routetop" type="cfm-slow" waiting="0.00" lane="top_0" pos="7.75" speed="22.13" angle="260.48" x="47.07" y="130.23"/>
        <vehicle id="cfm-slow_3" eclass="HBEFA3/PC_G_EU4" CO2="14119.49" CO="216.32" HC="1.33" NOx="6.04" PMx="0.32" fuel="6.07" electricity="0.00" noise="74.73" route="routetop" type="cfm-slow" waiting="0.00" lane="top_0" pos="25.27" speed="23.24" angle="229.02" x="14.75" y="111.76"/>
        <vehicle id="cfm-slow_4" eclass="HBEFA3/PC_G_EU4" CO2="16408.42" CO="266.81" HC="1.62" NOx="7.09" PMx="0.39" fuel="7.05" electricity="0.00" noise="76.15" route="routetop" type="cfm-slow" waiting="0.00" lane="top_0" pos="43.94" speed="24.68" angle="195.51" x="-3.69" y="76.73"/>
        <vehicle id="cfm-slow_5" eclass="HBEFA3/PC_G_EU4" CO2="17030.12" CO="285.51" HC="1.72" NOx="7.34" PMx="0.41" fuel="7.32" electricity="0.00" noise="76.63" route="routetop" type="cfm-slow" waiting="0.00" lane="left_0" pos="14.07" speed="26.31" angle="159.19" x="1.66" y="34.27"/>
    </timestep>
    <timestep time="4.67">
        <vehicle id="cfm-fast_0" eclass="HBEFA3/PC_G_EU4" CO2="13172.21" CO="213.57" HC="1.30" NOx="5.49" PMx="0.31" fuel="5.66" electricity="0.00" noise="75.23" route="routetop" type="cfm-fast" waiting="0.00" lane="left_0" pos="36.13" speed="27.82" angle="119.52" x="34.66" y="1.48"/>
        <vehicle id="cfm-fast_1" eclass="HBEFA3/PC_G_EU4" CO2="0.00" CO="0.00" HC="0.00" NOx="0.00" PMx="0.00" fuel="0.00" electricity="0.00" noise="72.77" route="routebottom" type="cfm-fast" waiting="0.00" lane="bottom_0" pos="5.47" speed="28.51" angle="84.63" x="75.47" y="-3.92"/>
        <vehicle id="cfm-fast_2" eclass="HBEFA3/PC_G_EU4" CO2="0.00" CO="0.00" HC="0.00" NOx="0.00" PMx="0.00" fuel="0.00" electricity="0.00" noise="71.21" route="routebottom" type="cfm-fast" waiting="0.00" lane="bottom_0" pos="25.44" speed="27.71" angle="48.67" x="112.83" y="15.82"/>
        <vehicle id="cfm-fast_3" eclass="HBEFA3/PC_G_EU4" CO2="0.00" CO="0.00" HC="0.00" NOx="0.00" PMx="0.00" fuel="0.00" electricity="0.00" noise="69.80" route="routebottom" type="cfm-fast" waiting="0.00" lane="bottom_0" pos="44.47" speed="25.26" angle="14.48" x="131.22" y="51.73"/>
        <vehicle id="cfm-fast_4" eclass="HBEFA3/PC_G_EU4" CO2="250799.95" CO="5829.02" HC="32.86" NOx="116.97" PMx="6.84" fuel="107.81" electricity="0.00" noise="145.39" route="routetop" type="cfm-fast" waiting="0.00" lane="top_1" pos="6.85" speed="63.28" angle="262.14" x="49.69" y="127.45"/>
        <vehicle id="cfm-fast_5" eclass="HBEFA3/PC_G_EU4" CO2="0.00" CO="0.00" HC="0.00" NOx="0.00" PMx="0.00" fuel="0.00" electricity="0.00" noise="69.06" route="routebottom" type="cfm-fast" waiting="0.00" lane="right_0" pos="11.49" speed="21.93" angle="343.75" x="127.83" y="87.94"/>
        <vehicle id="cfm-slow_0" eclass="HBEFA3/PC_G_EU4" CO2="7251.33" CO="73.11" HC="0.51" NOx="2.85" PMx="0.14" fuel="3.12" electricity="0.00" noise="70.62" route="routebottom" type="cfm-slow" waiting="0.00" lane="right_0" pos="24.95" speed="20.94" angle="319.58" x="112.24" y="112.09"/>
        <vehicle id="cfm-slow_1" eclass="HBEFA3/PC_G_EU4" CO2="9087.22" CO="110.91" HC="0.73" NOx="3.71" PMx="0.19" fuel="3.91" electricity="0.00" noise="71.66" route="routebottom" type="cfm-slow" waiting="0.00" lane="right_0" pos="41.22" speed="21.39" angle="290.34" x="82.40" y="129.66"/>
        <vehicle id="cfm-slow_2" eclass="HBEFA3/PC_G_EU4" CO2="11484.49" CO="160.65" HC="1.01" NOx="4.82" PMx="0.25" fuel="4.94" electricity="0.00" noise="73.10" route="routetop" type="cfm-slow" waiting="0.00" lane="top_0" pos="7.97" speed="22.14" angle="260.08" x="46.61" y="130.11"/>
        <vehicle id="cfm-slow_3" eclass="HBEFA3/PC_G_EU4" CO2="14127.92" CO="216.52" HC="1.34" NOx="6.04" PMx="0.32" fuel="6.07" electricity="0.00" noise="74.74" route="routetop" type="cfm-slow" waiting="0.00" lane="top_0" pos="25.50" speed="23.26" angle="228.59" x="14.40" y="111.41"/>
        <vehicle id="cfm-slow_4" eclass="HBEFA3/PC_G_EU4" CO2="16401.50" CO="266.73" HC="1.62" NOx="7.08" PMx="0.39" fuel="7.05" electricity="0.00" noise="76.14" route="routetop" type="cfm-slow" waiting="0.00" lane="top_0" pos="44.18" speed="24.70" angle="195.05" x="-3.79" y="76.20"/>
        <vehicle id="cfm-slow_5" eclass="HBEFA3/PC_G_EU4" CO2="16982.69" CO="284.61" HC="1.72" NOx="7.32" PMx="0.41" fuel="7.30" electricity="0.00" noise="76.61" route="routetop" type="cfm-slow" waiting="0.00" lane="left_0" pos="14.33" speed="26.32" angle="158.70" x="1.91" y="33.76"/>
    </timestep>
    <timestep time="4.68">
        <vehicle id="cfm-fast_0" eclass="HBEFA3/PC_G_EU4" CO2="13058.43" CO="211.29" HC="1.29" NOx="5.44" PMx="0.31" fuel="5.61" electricity="0.00" noise="75.19" route="routetop" type="cfm-fast" waiting="0.00" lane="left_0" pos="36.41" speed="27.83" angle="119.00" x="35.21" y="1.24"/>
        <vehicle id="cfm-fast_1" eclass="HBEFA3/PC_G_EU4" CO2="0.00" CO="0.00" HC="0.00" NOx="0.00" PMx="0.00" fuel="0.00" electricity="0.00" noise="72.74" route="routebottom" type="cfm-fast" waiting="0.00" lane="bottom_0" pos="5.75" speed="28.50" angle="84.11" x="76.07" y="-3.81"/>
        <vehicle id="cfm-fast_2" eclass="HBEFA3/PC_G_EU4" CO2="0.00" CO="0.00" HC="0.00" NOx="0.00" PMx="0.00" fuel="0.00" electricity="0.00" noise="71.19" route="routebottom" type="cfm-fast" waiting="0.00" lane="bottom_0" pos="25.71" speed="27.69" angle="48.22" x="113.25" y="16.25"/>
        <vehicle id="cfm-fast_3" eclass="HBEFA3/PC_G_EU4" CO2="0.00" CO="0.00" HC="0.00" NOx="0.00" PMx="0.00" fuel="0.00" electricity="0.00" noise="69.79" route="routebottom" type="cfm-fast" waiting="0.00" lane="bottom_0" pos="44.72" speed="25.24" angle="14.01" x="131.32" y="52.26"/>
        <vehicle id="cfm-fast_4" eclass="HBEFA3/PC_G_EU4" CO2="251402.60" CO="5846.24" HC="32.96" NOx="117.25" PMx="6.86" fuel="108.07" electricity="0.00" noise="145.45" route="routetop" type="cfm-fast" waiting="0.00" lane="top_1" pos="7.49" speed="63.42" angle="260.92" x="48.43" y="127.16"/>
        <vehicle id="cfm-fast_5" eclass="HBEFA3/PC_G_EU4" CO2="0.00" CO="0.00" HC="0.00" NOx="0.00" PMx="0.00" fuel="0.00" electricity="0.00" noise="69.07" route="routebottom" type="cfm-fast" waiting="0.00" lane="right_0" pos="11.71" speed="21.92" angle="343.36" x="127.65" y="88.38"/>
        <vehicle id="cfm-slow_0" eclass="HBEFA3/PC_G_EU4" CO2="7255.73" CO="73.20" HC="0.51" NOx="2.85" PMx="0.14" fuel="3.12" electricity="0.00" noise="70.63" route="routebottom" type="cfm-slow" waiting="0.00" lane="right_0" pos="25.16" speed="20.94" angle="319.19" x="111.92" y="112.41"/>
        <vehicle id="cfm-slow_1" eclass="HBEFA3/PC_G_EU4" CO2="9096.89" CO="111.11" HC="0.73" NOx="3.71" PMx="0.19" fuel="3.91" electricity="0.00" noise="71.67" route="routebottom" type="cfm-slow" waiting="0.00" lane="right_0" pos="41.44" speed="21.40" angle="289.95" x="81.95" y="129.78"/>
        <vehicle id="cfm-slow_2" eclass="HBEFA3/PC_G_EU4" CO2="11496.39" CO="160.91" HC="1.02" NOx="4.83" PMx="0.25" fuel="4.94" electricity="0.00" noise="73.11" route="routetop" type="cfm-slow" waiting="0.00" lane="top_0" pos="8.19" speed="22.16" angle="259.67" x="46.15" y="129.99"/>
        <vehicle id="cfm-slow_3" eclass="HBEFA3/PC_G_EU4" CO2="14136.34" CO="216.72" HC="1.34" NOx="6.05" PMx="0.32" fuel="6.08" electricity="0.00" noise="74.75" route="routetop" type="cfm-slow" waiting="0.00" lane="top_0" pos="25.73" speed="23.27" angle="228.22" x="14.05" y="111.05"/>
        <vehicle id="cfm-slow_4" eclass="HBEFA3/PC_G_EU4" CO2="16394.33" CO="266.64" HC="1.62" NOx="7.08" PMx="0.39" fuel="7.05" electricity="0.00" noise="76.14" route="routetop" type="cfm-slow" waiting="0.00" lane="top_0" pos="44.43" speed="24.72" angle="194.59" x="-3.88" y="75.68"/>
        <vehicle id="cfm-slow_5" eclass="HBEFA3/PC_G_EU4" CO2="16934.77" CO="283.70" HC="1.71" NOx="7.30" PMx="0.40" fuel="7.28" electricity="0.00" noise="76.59" route="routetop" type="cfm-slow" waiting="0.00" lane="left_0" pos="14.60" speed="26.34" angle="158.20" x="2.17" y="33.26"/>
    </timestep>
    <timestep time="4.69">
        <vehicle id="cfm-fast_0" eclass="HBEFA3/PC_G_EU4" CO2="12944.43" CO="209.00" HC="1.28" NOx="5.38" PMx="0.30" fuel="5.56" electricity="0.00" noise="75.15" route="routetop" type="cfm-fast" waiting="0.00" lane="left_0" pos="36.68" speed="27.84" angle="118.48" x="35.75" y="0.99"/>
        <vehicle id="cfm-fast_1" eclass="HBEFA3/PC_G_EU4" CO2="0.00" CO="0.00" HC="0.00" NOx="0.00" PMx="0.00" fuel="0.00" electricity="0.00" noise="72.72" route="routebottom" type="cfm-fast" waiting="0.00" lane="bottom_0" pos="6.04" speed="28.50" angle="83.59" x="76.67" y="-3.70"/>
        <vehicle id="cfm-fast_2" eclass="HBEFA3/PC_G_EU4" CO2="0.00" CO="0.00" HC="0.00" NOx="0.00" PMx="0.00" fuel="0.00" electricity="0.00" noise="71.18" route="routebottom" type="cfm-fast" waiting="0.00" lane="bottom_0" pos="25.99" speed="27.68" angle="47.72" x="113.65" y="16.69"/>
        <vehicle id="cfm-fast_3" eclass="HBEFA3/PC_G_EU4" CO2="0.00" CO="0.00" HC="0.00" NOx="0.00" PMx="0.00" fuel="0.00" electricity="0.00" noise="69.78" route="routebottom" type="cfm-fast" waiting="0.00" lane="bottom_0" pos="44.97" speed="25.21" angle="13.61" x="131.41" y="52.80"/>
        <vehicle id="cfm-fast_4" eclass="HBEFA3/PC_G_EU4" CO2="252005.54" CO="5863.48" HC="33.05" NOx="117.53" PMx="6.88" fuel="108.32" electricity="0.00" noise="145.52" route="routetop" type="cfm-fast" waiting="0.00" lane="top_1" pos="8.12" speed="63.56" angle="259.83" x="47.16" y="126.84"/>
        <vehicle id="cfm-fast_5" eclass="HBEFA3/PC_G_EU4" CO2="0.00" CO="0.00" HC="0.00" NOx="0.00" PMx="0.00" fuel="0.00" electricity="0.00" noise="69.07" route="routebottom" type="cfm-fast" waiting="0.00" lane="right_0" pos="11.93" speed="21.92" angle="342.96" x="127.48" y="88.82"/>
        <vehicle id="cfm-slow_0" eclass="HBEFA3/PC_G_EU4" CO2="7260.30" CO="73.29" HC="0.51" NOx="2.86" PMx="0.14" fuel="3.12" electricity="0.00" noise="70.63" route="routebottom" type="cfm-slow" waiting="0.00" lane="right_0" pos="25.37" speed="20.95" angle="318.80" x="111.60" y="112.73"/>
        <vehicle id="cfm-slow_1" eclass="HBEFA3/PC_G_EU4" CO2="9106.70" CO="111.32" HC="0.73" NOx="3.72" PMx="0.19" fuel="3.91" electricity="0.00" noise="71.67" route="routebottom" type="cfm-slow" waiting="0.00" lane="right_0" pos="41.65" speed="21.41" angle="289.57" x="81.51" y="129.90"/>
        <vehicle id="cfm-slow_2" eclass="HBEFA3/PC_G_EU4" CO2="11508.39" CO="161.17" HC="1.02" NOx="4.83" PMx="0.25" fuel="4.95" electricity="0.00" noise="73.12" route="routetop" type="cfm-slow" waiting="0.00" lane="top_0" pos="8.41" speed="22.17" angle="259.26" x="45.68" y="129.86"/>
        <vehicle id="cfm-slow_3" eclass="HBEFA3/PC_G_EU4" CO2="14144.73" CO="216.92" HC="1.34" NOx="6.05" PMx="0.32" fuel="6.08" electricity="0.00" noise="74.76" route="routetop" type="cfm-slow" waiting="0.00" lane="top_0" pos="25.97" speed="23.29" angle="227.79" x="13.71" y="110.68"/>
        <vehicle id="cfm-slow_4" eclass="HBEFA3/PC_G_EU4" CO2="16386.92" CO="266.54" HC="1.62" NOx="7.08" PMx="0.39" fuel="7.04" electricity="0.00" noise="76.14" route="routetop" type="cfm-slow" waiting="0.00" lane="top_0" pos="44.68" speed="24.74" angle="194.13" x="-3.98" y="75.16"/>
        <vehicle id="cfm-slow_5" eclass="HBEFA3/PC_G_EU4" CO2="16886.34" CO="282.78" HC="1.71" NOx="7.27" PMx="0.40" fuel="7.26" electricity="0.00" noise="76.57" route="routetop" type="cfm-slow" waiting="0.00" lane="left_0" pos="14.86" speed="26.36" angle="157.71" x="2.42" y="32.75"/>
    </timestep>
    <timestep time="4.70">
        <vehicle id="cfm-fast_0" eclass="HBEFA3/PC_G_EU4" CO2="12830.21" CO="206.71" HC="1.26" NOx="5.33" PMx="0.30" fuel="5.52" electricity="0.00" noise="75.11" route="routetop" type="cfm-fast" waiting="0.00" lane="left_0" pos="36.96" speed="27.85" angle="117.96" x="36.30" y="0.75"/>
        <vehicle id="cfm-fast_1" eclass="HBEFA3/PC_G_EU4" CO2="0.00" CO="0.00" HC="0.00" NOx="0.00" PMx="0.00" fuel="0.00" electricity="0.00" noise="72.69" route="routebottom" type="cfm-fast" waiting="0.00" lane="bottom_0" pos="6.32" speed="28.50" angle="83.11" x="77.28" y="-3.59"/>
        <vehicle id="cfm-fast_2" eclass="HBEFA3/PC_G_EU4" CO2="0.00" CO="0.00" HC="0.00" NOx="0.00" PMx="0.00" fuel="0.00" electricity="0.00" noise="71.17" route="routebottom" type="cfm-fast" waiting="0.00" lane="bottom_0" pos="26.27" speed="27.66" angle="47.21" x="114.06" y="17.12"/>
        <vehicle id="cfm-fast_3" eclass="HBEFA3/PC_G_EU4" CO2="0.00" CO="0.00" HC="0.00" NOx="0.00" PMx="0.00" fuel="0.00" electricity="0.00" noise="69.77" route="routebottom" type="cfm-fast" waiting="0.00" lane="bottom_0" pos="45.22" speed="25.19" angle="13.15" x="131.49" y="53.33"/>
        <vehicle id="cfm-fast_4" eclass="HBEFA3/PC_G_EU4" CO2="252608.77" CO="5880.74" HC="33.14" NOx="117.82" PMx="6.89" fuel="108.58" electricity="0.00" noise="145.58" route="routetop" type="cfm-fast" waiting="0.00" lane="top_1" pos="8.76" speed="63.69" angle="258.70" x="45.90" y="126.51"/>
        <vehicle id="cfm-fast_5" eclass="HBEFA3/PC_G_EU4" CO2="0.00" CO="0.00" HC="0.00" NOx="0.00" PMx="0.00" fuel="0.00" electricity="0.00" noise="69.08" route="routebottom" type="cfm-fast" waiting="0.00" lane="right_0" pos="12.15" speed="21.92" angle="342.56" x="127.30" y="89.25"/>
        <vehicle id="cfm-slow_0" eclass="HBEFA3/PC_G_EU4" CO2="7265.03" CO="73.39" HC="0.51" NOx="2.86" PMx="0.14" fuel="3.12" electricity="0.00" noise="70.64" route="routebottom" type="cfm-slow" waiting="0.00" lane="right_0" pos="25.58" speed="20.96" angle="318.44" x="111.28" y="113.05"/>
        <vehicle id="cfm-slow_1" eclass="HBEFA3/PC_G_EU4" CO2="9116.64" CO="111.52" HC="0.73" NOx="3.72" PMx="0.19" fuel="3.92" electricity="0.00" noise="71.68" route="routebottom" type="cfm-slow" waiting="0.00" lane="right_0" pos="41.87" speed="21.42" angle="289.18" x="81.06" y="130.02"/>
        <vehicle id="cfm-slow_2" eclass="HBEFA3/PC_G_EU4" CO2="11520.46" CO="161.43" HC="1.02" NOx="4.84" PMx="0.25" fuel="4.95" electricity="0.00" noise="73.13" route="routetop" type="cfm-slow" waiting="0.00" lane="top_0" pos="8.63" speed="22.18" angle="258.86" x="45.22" y="129.74"/>
        <vehicle id="cfm-slow_3" eclass="HBEFA3/PC_G_EU4" CO2="14153.09" CO="217.13" HC="1.34" NOx="6.05" PMx="0.32" fuel="6.08" electricity="0.00" noise="74.76" route="routetop" type="cfm-slow" waiting="0.00" lane="top_0" pos="26.20" speed="23.31" angle="227.36" x="13.37" y="110.31"/>
        <vehicle id="cfm-slow_4" eclass="HBEFA3/PC_G_EU4" CO2="16379.26" CO="266.44" HC="1.62" NOx="7.07" PMx="0.39" fuel="7.04" electricity="0.00" noise="76.14" route="routetop" type="cfm-slow" waiting="0.00" lane="top_0" pos="44.92" speed="24.75" angle="193.74" x="-4.07" y="74.63"/>
        <vehicle id="cfm-slow_5" eclass="HBEFA3/PC_G_EU4" CO2="16837.43" CO="281.85" HC="1.70" NOx="7.25" PMx="0.40" fuel="7.24" electricity="0.00" noise="76.54" route="routetop" type="cfm-slow" waiting="0.00" lane="left_0" pos="15.13" speed="26.38" angle="157.22" x="2.67" y="32.24"/>
    </timestep>
    <timestep time="4.71">
        <vehicle id="cfm-fast_0" eclass="HBEFA3/PC_G_EU4" CO2="12715.79" CO="204.41" HC="1.25" NOx="5.27" PMx="0.30" fuel="5.47" electricity="0.00" noise="75.07" route="routetop" type="cfm-fast" waiting="0.00" lane="left_0" pos="37.24" speed="27.86" angle="117.51" x="36.85" y="0.50"/>
        <vehicle id="cfm-fast_1" eclass="HBEFA3/PC_G_EU4" CO2="0.00" CO="0.00" HC="0.00" NOx="0.00" PMx="0.00" fuel="0.00" electricity="0.00" noise="72.67" route="routebottom" type="cfm-fast" waiting="0.00" lane="bottom_0" pos="6.61" speed="28.49" angle="82.58" x="77.87" y="-3.46"/>
        <vehicle id="cfm-fast_2" eclass="HBEFA3/PC_G_EU4" CO2="0.00" CO="0.00" HC="0.00" NOx="0.00" PMx="0.00" fuel="0.00" electricity="0.00" noise="71.16" route="routebottom" type="cfm-fast" waiting="0.00" lane="bottom_0" pos="26.54" speed="27.64" angle="46.71" x="114.46" y="17.56"/>
        <vehicle id="cfm-fast_3" eclass="HBEFA3/PC_G_EU4" CO2="0.00" CO="0.00" HC="0.00" NOx="0.00" PMx="0.00" fuel="0.00" electricity="0.00" noise="69.76" route="routebottom" type="cfm-fast" waiting="0.00" lane="bottom_0" pos="45.48" speed="25.17" angle="12.70" x="131.56" y="53.87"/>
        <vehicle id="cfm-fast_4" eclass="HBEFA3/PC_G_EU4" CO2="253212.30" CO="5898.02" HC="33.24" NOx="118.10" PMx="6.91" fuel="108.84" electricity="0.00" noise="145.65" route="routetop" type="cfm-fast" waiting="0.00" lane="top_1" pos="9.40" speed="63.83" angle="257.59" x="44.64" y="126.14"/>
        <vehicle id="cfm-fast_5" eclass="HBEFA3/PC_G_EU4" CO2="0.00" CO="0.00" HC="0.00" NOx="0.00" PMx="0.00" fuel="0.00" electricity="0.00" noise="69.08" route="routebottom" type="cfm-fast" waiting="0.00" lane="right_0" pos="12.37" speed="21.91" angle="342.16" x="127.13" y="89.69"/>
        <vehicle id="cfm-slow_0" eclass="HBEFA3/PC_G_EU4" CO2="7269.92" CO="73.49" HC="0.51" NOx="2.86" PMx="0.14" fuel="3.12" electricity="0.00" noise="70.64" route="routebottom" type="cfm-slow" waiting="0.00" lane="right_0" pos="25.79" speed="20.96" angle="318.09" x="110.96" y="113.36"/>
        <vehicle id="cfm-slow_1" eclass="HBEFA3/PC_G_EU4" CO2="9126.71" CO="111.73" HC="0.73" NOx="3.73" PMx="0.19" fuel="3.92" electricity="0.00" noise="71.69" route="routebottom" type="cfm-slow" waiting="0.00" lane="right_0" pos="42.08" speed="21.43" angle="288.79" x="80.62" y="130.14"/>
        <vehicle id="cfm-slow_2" eclass="HBEFA3/PC_G_EU4" CO2="11532.61" CO="161.69" HC="1.02" NOx="4.84" PMx="0.25" fuel="4.96" electricity="0.00" noise="73.14" route="routetop" type="cfm-slow" waiting="0.00" lane="top_0" pos="8.86" speed="22.20" angle="258.47" x="44.76" y="129.62"/>
        <vehicle id="cfm-slow_3" eclass="HBEFA3/PC_G_EU4" CO2="14161.43" CO="217.33" HC="1.34" NOx="6.06" PMx="0.32" fuel="6.09" electricity="0.00" noise="74.77" route="routetop" type="cfm-slow" waiting="0.00" lane="top_0" pos="26.43" speed="23.33" angle="226.93" x="13.03" y="109.94"/>
        <vehicle id="cfm-slow_4" eclass="HBEFA3/PC_G_EU4" CO2="16371.34" CO="266.33" HC="1.62" NOx="7.07" PMx="0.39" fuel="7.04" electricity="0.00" noise="76.13" route="routetop" type="cfm-slow" waiting="0.00" lane="top_0" pos="45.17" speed="24.77" angle="193.29" x="-4.15" y="74.11"/>
        <vehicle id="cfm-slow_5" eclass="HBEFA3/PC_G_EU4" CO2="16788.02" CO="280.91" HC="1.70" NOx="7.23" PMx="0.40" fuel="7.22" electricity="0.00" noise="76.52" route="routetop" type="cfm-slow" waiting="0.00" lane="left_0" pos="15.39" speed="26.39" angle="156.79" x="2.93" y="31.74"/>
    </timestep>
    <timestep time="4.72">
        <vehicle id="cfm-fast_0" eclass="HBEFA3/PC_G_EU4" CO2="12601.17" CO="202.11" HC="1.24" NOx="5.22" PMx="0.30" fuel="5.42" electricity="0.00" noise="75.03" route="routetop" type="cfm-fast" waiting="0.00" lane="left_0" pos="37.52" speed="27.87" angle="117.00" x="37.41" y="0.28"/>
        <vehicle id="cfm-fast_1" eclass="HBEFA3/PC_G_EU4" CO2="0.00" CO="0.00" HC="0.00" NOx="0.00" PMx="0.00" fuel="0.00" electricity="0.00" noise="72.64" route="routebottom" type="cfm-fast" waiting="0.00" lane="bottom_0" pos="6.89" speed="28.49" angle="82.04" x="78.47" y="-3.32"/>
        <vehicle id="cfm-fast_2" eclass="HBEFA3/PC_G_EU4" CO2="0.00" CO="0.00" HC="0.00" NOx="0.00" PMx="0.00" fuel="0.00" electricity="0.00" noise="71.15" route="routebottom" type="cfm-fast" waiting="0.00" lane="bottom_0" pos="26.82" speed="27.62" angle="46.22" x="114.87" y="17.99"/>
        <vehicle id="cfm-fast_3" eclass="HBEFA3/PC_G_EU4" CO2="0.00" CO="0.00" HC="0.00" NOx="0.00" PMx="0.00" fuel="0.00" electricity="0.00" noise="69.74" route="routebottom" type="cfm-fast" waiting="0.00" lane="bottom_0" pos="45.73" speed="25.14" angle="12.24" x="131.64" y="54.40"/>
        <vehicle id="cfm-fast_4" eclass="HBEFA3/PC_G_EU4" CO2="253816.12" CO="5915.32" HC="33.33" NOx="118.38" PMx="6.93" fuel="109.10" electricity="0.00" noise="145.71" route="routetop" type="cfm-fast" waiting="0.00" lane="top_1" pos="10.04" speed="63.97" angle="256.42" x="43.39" y="125.75"/>
        <vehicle id="cfm-fast_5" eclass="HBEFA3/PC_G_EU4" CO2="0.00" CO="0.00" HC="0.00" NOx="0.00" PMx="0.00" fuel="0.00" electricity="0.00" noise="69.09" route="routebottom" type="cfm-fast" waiting="0.00" lane="right_0" pos="12.59" speed="21.91" angle="341.76" x="126.95" y="90.13"/>
        <vehicle id="cfm-slow_0" eclass="HBEFA3/PC_G_EU4" CO2="7274.97" CO="73.59" HC="0.51" NOx="2.86" PMx="0.14" fuel="3.13" electricity="0.00" noise="70.65" route="routebottom" type="cfm-slow" waiting="0.00" lane="right_0" pos="26.00" speed="20.97" angle="317.71" x="110.62" y="113.66"/>
        <vehicle id="cfm-slow_1" eclass="HBEFA3/PC_G_EU4" CO2="9136.91" CO="111.94" HC="0.73" NOx="3.73" PMx="0.19" fuel="3.93" electricity="0.00" noise="71.70" route="routebottom" type="cfm-slow" waiting="0.00" lane="right_0" pos="42.30" speed="21.44" angle="288.44" x="80.17" y="130.26"/>
        <vehicle id="cfm-slow_2" eclass="HBEFA3/PC_G_EU4" CO2="11544.85" CO="161.95" HC="1.02" NOx="4.85" PMx="0.25" fuel="4.96" electricity="0.00" noise="73.15" route="routetop" type="cfm-slow" waiting="0.00" lane="top_0" pos="9.08" speed="22.21" angle="258.11" x="44.30" y="129.48"/>
        <vehicle id="cfm-slow_3" eclass="HBEFA3/PC_G_EU4" CO2="14169.74" CO="217.53" HC="1.34" NOx="6.06" PMx="0.32" fuel="6.09" electricity="0.00" noise="74.78" route="routetop" type="cfm-slow" waiting="0.00" lane="top_0" pos="26.67" speed="23.34" angle="226.49" x="12.69" y="109.57"/>
        <vehicle id="cfm-slow_4" eclass="HBEFA3/PC_G_EU4" CO2="16363.17" CO="266.22" HC="1.62" NOx="7.06" PMx="0.39" fuel="7.03" electricity="0.00" noise="76.13" route="routetop" type="cfm-slow" waiting="0.00" lane="top_0" pos="45.42" speed="24.79" angle="192.83" x="-4.22" y="73.58"/>
        <vehicle id="cfm-slow_5" eclass="HBEFA3/PC_G_EU4" CO2="16738.11" CO="279.96" HC="1.69" NOx="7.20" PMx="0.40" fuel="7.19" electricity="0.00" noise="76.50" route="routetop" type="cfm-slow" waiting="0.00" lane="left_0" pos="15.65" speed="26.41" angle="156.30" x="3.20" y="31.24"/>
    </timestep>
    <timestep time="4.73">
        <vehicle id="cfm-fast_0" eclass="HBEFA3/PC_G_EU4" CO2="12486.36" CO="199.80" HC="1.22" NOx="5.16" PMx="0.29" fuel="5.37" electricity="0.00" noise="74.99" route="routetop" type="cfm-fast" waiting="0.00" lane="left_0" pos="37.80" speed="27.88" angle="116.49" x="37.96" y="0.06"/>
        <vehicle id="cfm-fast_1" eclass="HBEFA3/PC_G_EU4" CO2="0.00" CO="0.00" HC="0.00" NOx="0.00" PMx="0.00" fuel="0.00" electricity="0.00" noise="72.62" route="routebottom" type="cfm-fast" waiting="0.00" lane="bottom_0" pos="7.18" speed="28.49" angle="81.49" x="79.07" y="-3.18"/>
        <vehicle id="cfm-fast_2" eclass="HBEFA3/PC_G_EU4" CO2="0.00" CO="0.00" HC="0.00" NOx="0.00" PMx="0.00" fuel="0.00" electricity="0.00" noise="71.13" route="routebottom" type="cfm-fast" waiting="0.00" lane="bottom_0" pos="27.10" speed="27.60" angle="45.76" x="115.26" y="18.44"/>
        <vehicle id="cfm-fast_3" eclass="HBEFA3/PC_G_EU4" CO2="0.00" CO="0.00" HC="0.00" NOx="0.00" PMx="0.00" fuel="0.00" electricity="0.00" noise="69.73" route="routebottom" type="cfm-fast" waiting="0.00" lane="bottom_0" pos="45.98" speed="25.12" angle="11.79" x="131.72" y="54.94"/>
        <vehicle id="cfm-fast_4" eclass="HBEFA3/PC_G_EU4" CO2="254420.23" CO="5932.65" HC="33.43" NOx="118.67" PMx="6.95" fuel="109.36" electricity="0.00" noise="145.78" route="routetop" type="cfm-fast" waiting="0.00" lane="top_1" pos="10.68" speed="64.10" angle="255.26" x="42.15" y="125.32"/>
        <vehicle id="cfm-fast_5" eclass="HBEFA3/PC_G_EU4" CO2="0.00" CO="0.00" HC="0.00" NOx="0.00" PMx="0.00" fuel="0.00" electricity="0.00" noise="69.09" route="routebottom" type="cfm-fast" waiting="0.00" lane="right_0" pos="12.80" speed="21.90" angle="341.42" x="126.78" y="90.57"/>
        <vehicle id="cfm-slow_0" eclass="HBEFA3/PC_G_EU4" CO2="7280.18" CO="73.70" HC="0.51" NOx="2.86" PMx="0.14" fuel="3.13" electricity="0.00" noise="70.65" route="routebottom" type="cfm-slow" waiting="0.00" lane="right_0" pos="26.21" speed="20.98" angle="317.32" x="110.29" y="113.97"/>
        <vehicle id="cfm-slow_1" eclass="HBEFA3/PC_G_EU4" CO2="9147.25" CO="112.16" HC="0.74" NOx="3.73" PMx="0.19" fuel="3.93" electricity="0.00" noise="71.71" route="routebottom" type="cfm-slow" waiting="0.00" lane="right_0" pos="42.51" speed="21.45" angle="288.07" x="79.72" y="130.36"/>
        <vehicle id="cfm-slow_2" eclass="HBEFA3/PC_G_EU4" CO2="11557.15" CO="162.22" HC="1.02" NOx="4.85" PMx="0.25" fuel="4.97" electricity="0.00" noise="73.16" route="routetop" type="cfm-slow" waiting="0.00" lane="top_0" pos="9.30" speed="22.23" angle="257.71" x="43.85" y="129.34"/>
        <vehicle id="cfm-slow_3" eclass="HBEFA3/PC_G_EU4" CO2="14178.01" CO="217.73" HC="1.34" NOx="6.06" PMx="0.32" fuel="6.09" electricity="0.00" noise="74.78" route="routetop" type="cfm-slow" waiting="0.00" lane="top_0" pos="26.90" speed="23.36" angle="226.11" x="12.35" y="109.20"/>
        <vehicle id="cfm-slow_4" eclass="HBEFA3/PC_G_EU4" CO2="16354.74" CO="266.10" HC="1.62" NOx="7.06" PMx="0.38" fuel="7.03" electricity="0.00" noise="76.13" route="routetop" type="cfm-slow" waiting="0.00" lane="top_0" pos="45.67" speed="24.81" angle="192.37" x="-4.29" y="73.05"/>
        <vehicle id="cfm-slow_5" eclass="HBEFA3/PC_G_EU4" CO2="16687.71" CO="279.00" HC="1.69" NOx="7.18" PMx="0.40" fuel="7.17" electricity="0.00" noise="76.48" route="routetop" type="cfm-slow" waiting="0.00" lane="left_0" pos="15.92" speed="26.43" angle="155.82" x="3.48" y="30.74"/>
    </timestep>
    <timestep time="4.74">
        <vehicle id="cfm-fast_0" eclass="HBEFA3/PC_G_EU4" CO2="12371.38" CO="197.49" HC="1.21" NOx="5.11" PMx="0.29" fuel="5.32" electricity="0.00" noise="74.95" route="routetop" type="cfm-fast" waiting="0.00" lane="left_0" pos="38.08" speed="27.89" angle="115.98" x="38.52" y="-0.17"/>
        <vehicle id="cfm-fast_1" eclass="HBEFA3/PC_G_EU4" CO2="0.00" CO="0.00" HC="0.00" NOx="0.00" PMx="0.00" fuel="0.00" electricity="0.00" noise="72.59" route="routebottom" type="cfm-fast" waiting="0.00" lane="bottom_0" pos="7.46" speed="28.48" angle="80.95" x="79.67" y="-3.05"/>
        <vehicle id="cfm-fast_2" eclass="HBEFA3/PC_G_EU4" CO2="0.00" CO="0.00" HC="0.00" NOx="0.00" PMx="0.00" fuel="0.00" electricity="0.00" noise="71.12" route="routebottom" type="cfm-fast" waiting="0.00" lane="bottom_0" pos="27.37" speed="27.58" angle="45.24" x="115.64" y="18.89"/>
        <vehicle id="cfm-fast_3" eclass="HBEFA3/PC_G_EU4" CO2="0.00" CO="0.00" HC="0.00" NOx="0.00" PMx="0.00" fuel="0.00" electricity="0.00" noise="69.72" route="routebottom" type="cfm-fast" waiting="0.00" lane="bottom_0" pos="46.23" speed="25.10" angle="11.39" x="131.79" y="55.47"/>
        <vehicle id="cfm-fast_4" eclass="HBEFA3/PC_G_EU4" CO2="255024.63" CO="5949.99" HC="33.52" NOx="118.95" PMx="6.97" fuel="109.62" electricity="0.00" noise="145.85" route="routetop" type="cfm-fast" waiting="0.00" lane="top_1" pos="11.32" speed="64.24" angle="254.01" x="40.91" y="124.87"/>
        <vehicle id="cfm-fast_5" eclass="HBEFA3/PC_G_EU4" CO2="0.00" CO="0.00" HC="0.00" NOx="0.00" PMx="0.00" fuel="0.00" electricity="0.00" noise="69.09" route="routebottom" type="cfm-fast" waiting="0.00" lane="right_0" pos="13.02" speed="21.90" angle="341.02" x="126.59" y="91.00"/>
        <vehicle id="cfm-slow_0" eclass="HBEFA3/PC_G_EU4" CO2="7285.55" CO="73.81" HC="0.51" NOx="2.87" PMx="0.14" fuel="3.13" electricity="0.00" noise="70.66" route="routebottom" type="cfm-slow" waiting="0.00" lane="right_0" pos="26.42" speed="20.99" angle="316.94" x="109.96" y="114.28"/>
        <vehicle id="cfm-slow_1" eclass="HBEFA3/PC_G_EU4" CO2="9157.71" CO="112.38" HC="0.74" NOx="3.74" PMx="0.19" fuel="3.94" electricity="0.00" noise="71.71" route="routebottom" type="cfm-slow" waiting="0.00" lane="right_0" pos="42.72" speed="21.46" angle="287.67" x="79.27" y="130.46"/>
        <vehicle id="cfm-slow_2" eclass="HBEFA3/PC_G_EU4" CO2="11569.54" CO="162.49" HC="1.03" NOx="4.86" PMx="0.25" fuel="4.97" electricity="0.00" noise="73.17" route="routetop" type="cfm-slow" waiting="0.00" lane="top_0" pos="9.52" speed="22.24" angle="257.30" x="43.39" y="129.20"/>
        <vehicle id="cfm-slow_3" eclass="HBEFA3/PC_G_EU4" CO2="14186.24" CO="217.93" HC="1.34" NOx="6.07" PMx="0.33" fuel="6.10" electricity="0.00" noise="74.79" route="routetop" type="cfm-slow" waiting="0.00" lane="top_0" pos="27.13" speed="23.38" angle="225.68" x="12.02" y="108.82"/>
        <vehicle id="cfm-slow_4" eclass="HBEFA3/PC_G_EU4" CO2="16346.04" CO="265.98" HC="1.62" NOx="7.05" PMx="0.38" fuel="7.03" electricity="0.00" noise="76.12" route="routetop" type="cfm-slow" waiting="0.00" lane="top_0" pos="45.92" speed="24.83" angle="191.92" x="-4.37" y="72.52"/>
        <vehicle id="cfm-slow_5" eclass="HBEFA3/PC_G_EU4" CO2="16636.82" CO="278.03" HC="1.68" NOx="7.15" PMx="0.40" fuel="7.15" electricity="0.00" noise="76.45" route="routetop" type="cfm-slow" waiting="0.00" lane="left_0" pos="16.18" speed="26.45" angle="155.33" x="3.75" y="30.24"/>
    </timestep>
    <timestep time="4.75">
        <vehicle id="cfm-fast_0" eclass="HBEFA3/PC_G_EU4" CO2="12256.23" CO="195.18" HC="1.20" NOx="5.06" PMx="0.29" fuel="5.27" electricity="0.00" noise="74.91" route="routetop" type="cfm-fast" waiting="0.00" lane="left_0" pos="38.36" speed="27.90" angle="115.47" x="39.08" y="-0.39"/>
        <vehicle id="cfm-fast_1" eclass="HBEFA3/PC_G_EU4" CO2="0.00" CO="0.00" HC="0.00" NOx="0.00" PMx="0.00" fuel="0.00" electricity="0.00" noise="72.57" route="routebottom" type="cfm-fast" waiting="0.00" lane="bottom_0" pos="7.75" speed="28.48" angle="80.48" x="80.26" y="-2.90"/>
        <vehicle id="cfm-fast_2" eclass="HBEFA3/PC_G_EU4" CO2="0.00" CO="0.00" HC="0.00" NOx="0.00" PMx="0.00" fuel="0.00" electricity="0.00" noise="71.11" route="routebottom" type="cfm-fast" waiting="0.00" lane="bottom_0" pos="27.65" speed="27.56" angle="44.73" x="116.02" y="19.35"/>
        <vehicle id="cfm-fast_3" eclass="HBEFA3/PC_G_EU4" CO2="0.00" CO="0.00" HC="0.00" NOx="0.00" PMx="0.00" fuel="0.00" electricity="0.00" noise="69.71" route="routebottom" type="cfm-fast" waiting="0.00" lane="bottom_0" pos="46.48" speed="25.07" angle="10.93" x="131.84" y="56.01"/>
        <vehicle id="cfm-fast_4" eclass="HBEFA3/PC_G_EU4" CO2="255629.32" CO="5967.36" HC="33.62" NOx="119.23" PMx="6.98" fuel="109.88" electricity="0.00" noise="145.91" route="routetop" type="cfm-fast" waiting="0.00" lane="top_1" pos="11.96" speed="64.38" angle="252.91" x="39.68" y="124.39"/>
        <vehicle id="cfm-fast_5" eclass="HBEFA3/PC_G_EU4" CO2="0.00" CO="0.00" HC="0.00" NOx="0.00" PMx="0.00" fuel="0.00" electricity="0.00" noise="69.10" route="routebottom" type="cfm-fast" waiting="0.00" lane="right_0" pos="13.24" speed="21.90" angle="340.63" x="126.39" y="91.43"/>
        <vehicle id="cfm-slow_0" eclass="HBEFA3/PC_G_EU4" CO2="7291.08" CO="73.92" HC="0.51" NOx="2.87" PMx="0.14" fuel="3.13" electricity="0.00" noise="70.66" route="routebottom" type="cfm-slow" waiting="0.00" lane="right_0" pos="26.63" speed="20.99" angle="316.56" x="109.63" y="114.58"/>
        <vehicle id="cfm-slow_1" eclass="HBEFA3/PC_G_EU4" CO2="9168.30" CO="112.60" HC="0.74" NOx="3.74" PMx="0.19" fuel="3.94" electricity="0.00" noise="71.72" route="routebottom" type="cfm-slow" waiting="0.00" lane="right_0" pos="42.94" speed="21.47" angle="287.28" x="78.82" y="130.57"/>
        <vehicle id="cfm-slow_2" eclass="HBEFA3/PC_G_EU4" CO2="11581.99" CO="162.76" HC="1.03" NOx="4.86" PMx="0.26" fuel="4.98" electricity="0.00" noise="73.18" route="routetop" type="cfm-slow" waiting="0.00" lane="top_0" pos="9.75" speed="22.25" angle="256.90" x="42.93" y="129.06"/>
        <vehicle id="cfm-slow_3" eclass="HBEFA3/PC_G_EU4" CO2="14194.44" CO="218.13" HC="1.34" NOx="6.07" PMx="0.33" fuel="6.10" electricity="0.00" noise="74.80" route="routetop" type="cfm-slow" waiting="0.00" lane="top_0" pos="27.37" speed="23.39" angle="225.24" x="11.69" y="108.44"/>
        <vehicle id="cfm-slow_4" eclass="HBEFA3/PC_G_EU4" CO2="16337.08" CO="265.86" HC="1.62" NOx="7.05" PMx="0.38" fuel="7.02" electricity="0.00" noise="76.12" route="routetop" type="cfm-slow" waiting="0.00" lane="top_0" pos="46.17" speed="24.85" angle="191.50" x="-4.44" y="71.99"/>
        <vehicle id="cfm-slow_5" eclass="HBEFA3/PC_G_EU4" CO2="16585.44" CO="277.05" HC="1.68" NOx="7.13" PMx="0.40" fuel="7.13" electricity="0.00" noise="76.43" route="routetop" type="cfm-slow" waiting="0.00" lane="left_0" pos="16.45" speed="26.46" angle="154.84" x="4.03" y="29.74"/>
    </timestep>
    <timestep time="4.76">
        <vehicle id="cfm-fast_0" eclass="HBEFA3/PC_G_EU4" CO2="12140.93" CO="192.86" HC="1.18" NOx="5.00" PMx="0.28" fuel="5.22" electricity="0.00" noise="74.87" route="routetop" type="cfm-fast" waiting="0.00" lane="left_0" pos="38.64" speed="27.91" angle="115.01" x="39.64" y="-0.60"/>
        <vehicle id="cfm-fast_1" eclass="HBEFA3/PC_G_EU4" CO2="0.00" CO="0.00" HC="0.00" NOx="0.00" PMx="0.00" fuel="0.00" electricity="0.00" noise="72.55" route="routebottom" type="cfm-fast" waiting="0.00" lane="bottom_0" pos="8.03" speed="28.47" angle="79.96" x="80.85" y="-2.75"/>
        <vehicle id="cfm-fast_2" eclass="HBEFA3/PC_G_EU4" CO2="0.00" CO="0.00" HC="0.00" NOx="0.00" PMx="0.00" fuel="0.00" electricity="0.00" noise="71.10" route="routebottom" type="cfm-fast" waiting="0.00" lane="bottom_0" pos="27.92" speed="27.54" angle="44.21" x="116.41" y="19.80"/>
        <vehicle id="cfm-fast_3" eclass="HBEFA3/PC_G_EU4" CO2="0.00" CO="0.00" HC="0.00" NOx="0.00" PMx="0.00" fuel="0.00" electricity="0.00" noise="69.70" route="routebottom" type="cfm-fast" waiting="0.00" lane="bottom_0" pos="46.73" speed="25.05" angle="10.47" x="131.90" y="56.55"/>
        <vehicle id="cfm-fast_4" eclass="HBEFA3/PC_G_EU4" CO2="256234.31" CO="5984.75" HC="33.71" NOx="119.52" PMx="7.00" fuel="110.14" electricity="0.00" noise="145.98" route="routetop" type="cfm-fast" waiting="0.00" lane="top_1" pos="12.61" speed="64.51" angle="251.78" x="38.45" y="123.90"/>
        <vehicle id="cfm-fast_5" eclass="HBEFA3/PC_G_EU4" CO2="0.00" CO="0.00" HC="0.00" NOx="0.00" PMx="0.00" fuel="0.00" electricity="0.00" noise="69.10" route="routebottom" type="cfm-fast" waiting="0.00" lane="right_0" pos="13.46" speed="21.89" angle="340.23" x="126.20" y="91.86"/>
        <vehicle id="cfm-slow_0" eclass="HBEFA3/PC_G_EU4" CO2="7296.77" CO="74.03" HC="0.52" NOx="2.87" PMx="0.14" fuel="3.14" electricity="0.00" noise="70.67" route="routebottom" type="cfm-slow" waiting="0.00" lane="right_0" pos="26.84" speed="21.00" angle="316.20" x="109.30" y="114.89"/>
        <vehicle id="cfm-slow_1" eclass="HBEFA3/PC_G_EU4" CO2="9179.02" CO="112.82" HC="0.74" NOx="3.75" PMx="0.19" fuel="3.95" electricity="0.00" noise="71.73" route="routebottom" type="cfm-slow" waiting="0.00" lane="right_0" pos="43.15" speed="21.48" angle="286.89" x="78.37" y="130.67"/>
        <vehicle id="cfm-slow_2" eclass="HBEFA3/PC_G_EU4" CO2="11594.52" CO="163.03" HC="1.03" NOx="4.87" PMx="0.26" fuel="4.98" electricity="0.00" noise="73.19" route="routetop" type="cfm-slow" waiting="0.00" lane="top_0" pos="9.97" speed="22.27" angle="256.50" x="42.47" y="128.92"/>
        <vehicle id="cfm-slow_3" eclass="HBEFA3/PC_G_EU4" CO2="14202.59" CO="218.33" HC="1.35" NOx="6.07" PMx="0.33" fuel="6.10" electricity="0.00" noise="74.80" route="routetop" type="cfm-slow" waiting="0.00" lane="top_0" pos="27.60" speed="23.41" angle="224.81" x="11.37" y="108.05"/>
        <vehicle id="cfm-slow_4" eclass="HBEFA3/PC_G_EU4" CO2="16327.85" CO="265.72" HC="1.62" NOx="7.04" PMx="0.38" fuel="7.02" electricity="0.00" noise="76.12" route="routetop" type="cfm-slow" waiting="0.00" lane="top_0" pos="46.41" speed="24.87" angle="191.06" x="-4.50" y="71.46"/>
        <vehicle id="cfm-slow_5" eclass="HBEFA3/PC_G_EU4" CO2="16533.58" CO="276.06" HC="1.67" NOx="7.11" PMx="0.39" fuel="7.11" electricity="0.00" noise="76.41" route="routetop" type="cfm-slow" waiting="0.00" lane="left_0" pos="16.71" speed="26.48" angle="154.41" x="4.31" y="29.25"/>
    </timestep>
    <timestep time="4.77">
        <vehicle id="cfm-fast_0" eclass="HBEFA3/PC_G_EU4" CO2="12025.47" CO="190.53" HC="1.17" NOx="4.95" PMx="0.28" fuel="5.17" electricity="0.00" noise="74.83" route="routetop" type="cfm-fast" waiting="0.00" lane="left_0" pos="38.92" speed="27.92" angle="114.49" x="40.21" y="-0.80"/>
        <vehicle id="cfm-fast_1" eclass="HBEFA3/PC_G_EU4" CO2="0.00" CO="0.00" HC="0.00" NOx="0.00" PMx="0.00" fuel="0.00" electricity="0.00" noise="72.52" route="routebottom" type="cfm-fast" waiting="0.00" lane="bottom_0" pos="8.32" speed="28.47" angle="79.44" x="81.45" y="-2.59"/>
        <vehicle id="cfm-fast_2" eclass="HBEFA3/PC_G_EU4" CO2="0.00" CO="0.00" HC="0.00" NOx="0.00" PMx="0.00" fuel="0.00" electricity="0.00" noise="71.08" route="routebottom" type="cfm-fast" waiting="0.00" lane="bottom_0" pos="28.20" speed="27.52" angle="43.75" x="116.79" y="20.25"/>
        <vehicle id="cfm-fast_3" eclass="HBEFA3/PC_G_EU4" CO2="0.00" CO="0.00" HC="0.00" NOx="0.00" PMx="0.00" fuel="0.00" electricity="0.00" noise="69.69" route="routebottom" type="cfm-fast" waiting="0.00" lane="bottom_0" pos="46.98" speed="25.03" angle="10.02" x="131.95" y="57.08"/>
        <vehicle id="cfm-fast_4" eclass="HBEFA3/PC_G_EU4" CO2="256839.58" CO="6002.16" HC="33.81" NOx="119.80" PMx="7.02" fuel="110.40" electricity="0.00" noise="146.04" route="routetop" type="cfm-fast" waiting="0.00" lane="top_1" pos="13.25" speed="64.65" angle="250.64" x="37.24" y="123.38"/>
        <vehicle id="cfm-fast_5" eclass="HBEFA3/PC_G_EU4" CO2="0.00" CO="0.00" HC="0.00" NOx="0.00" PMx="0.00" fuel="0.00" electricity="0.00" noise="69.11" route="routebottom" type="cfm-fast" waiting="0.00" lane="right_0" pos="13.68" speed="21.89" angle="339.83" x="126.01" y="92.29"/>
        <vehicle id="cfm-slow_0" eclass="HBEFA3/PC_G_EU4" CO2="7302.61" CO="74.15" HC="0.52" NOx="2.87" PMx="0.14" fuel="3.14" electricity="0.00" noise="70.67" route="routebottom" type="cfm-slow" waiting="0.00" lane="right_0" pos="27.05" speed="21.01" angle="315.85" x="108.96" y="115.19"/>
        <vehicle id="cfm-slow_1" eclass="HBEFA3/PC_G_EU4" CO2="9189.86" CO="113.05" HC="0.74" NOx="3.75" PMx="0.19" fuel="3.95" electricity="0.00" noise="71.74" route="routebottom" type="cfm-slow" waiting="0.00" lane="right_0" pos="43.37" speed="21.49" angle="286.50" x="77.92" y="130.77"/>
        <vehicle id="cfm-slow_2" eclass="HBEFA3/PC_G_EU4" CO2="11607.11" CO="163.30" HC="1.03" NOx="4.88" PMx="0.26" fuel="4.99" electricity="0.00" noise="73.20" route="routetop" type="cfm-slow" waiting="0.00" lane="top_0" pos="10.19" speed="22.28" angle="256.14" x="42.02" y="128.78"/>
        <vehicle id="cfm-slow_3" eclass="HBEFA3/PC_G_EU4" CO2="14210.69" CO="218.53" HC="1.35" NOx="6.08" PMx="0.33" fuel="6.11" electricity="0.00" noise="74.81" route="routetop" type="cfm-slow" waiting="0.00" lane="top_0" pos="27.84" speed="23.43" angle="224.37" x="11.04" y="107.67"/>
        <vehicle id="cfm-slow_4" eclass="HBEFA3/PC_G_EU4" CO2="16318.34" CO="265.59" HC="1.61" NOx="7.04" PMx="0.38" fuel="7.01" electricity="0.00" noise="76.12" route="routetop" type="cfm-slow" waiting="0.00" lane="top_0" pos="46.66" speed="24.89" angle="190.60" x="-4.55" y="70.93"/>
        <vehicle id="cfm-slow_5" eclass="HBEFA3/PC_G_EU4" CO2="16481.22" CO="275.06" HC="1.66" NOx="7.08" PMx="0.39" fuel="7.08" electricity="0.00" noise="76.39" route="routetop" type="cfm-slow" waiting="0.00" lane="left_0" pos="16.98" speed="26.50" angle="153.92" x="4.60" y="28.76"/>
    </timestep>
    <timestep time="4.78">
        <vehicle id="cfm-fast_0" eclass="HBEFA3/PC_G_EU4" CO2="11909.88" CO="188.21" HC="1.16" NOx="4.89" PMx="0.28" fuel="5.12" electricity="0.00" noise="74.80" route="routetop" type="cfm-fast" waiting="0.00" lane="left_0" pos="39.19" speed="27.93" angle="113.98" x="40.77" y="-1.01"/>
        <vehicle id="cfm-fast_1" eclass="HBEFA3/PC_G_EU4" CO2="0.00" CO="0.00" HC="0.00" NOx="0.00" PMx="0.00" fuel="0.00" electricity="0.00" noise="72.50" route="routebottom" type="cfm-fast" waiting="0.00" lane="bottom_0" pos="8.60" speed="28.46" angle="78.91" x="82.04" y="-2.43"/>
        <vehicle id="cfm-fast_2" eclass="HBEFA3/PC_G_EU4" CO2="0.00" CO="0.00" HC="0.00" NOx="0.00" PMx="0.00" fuel="0.00" electricity="0.00" noise="71.07" route="routebottom" type="cfm-fast" waiting="0.00" lane="bottom_0" pos="28.47" speed="27.50" angle="43.25" x="117.15" y="20.72"/>
        <vehicle id="cfm-fast_3" eclass="HBEFA3/PC_G_EU4" CO2="0.00" CO="0.00" HC="0.00" NOx="0.00" PMx="0.00" fuel="0.00" electricity="0.00" noise="69.68" route="routebottom" type="cfm-fast" waiting="0.00" lane="bottom_0" pos="47.23" speed="25.01" angle="9.56" x="132.01" y="57.62"/>
        <vehicle id="cfm-fast_4" eclass="HBEFA3/PC_G_EU4" CO2="257445.15" CO="6019.59" HC="33.90" NOx="120.08" PMx="7.04" fuel="110.66" electricity="0.00" noise="146.11" route="routetop" type="cfm-fast" waiting="0.00" lane="top_1" pos="13.90" speed="64.78" angle="249.43" x="36.02" y="122.83"/>
        <vehicle id="cfm-fast_5" eclass="HBEFA3/PC_G_EU4" CO2="0.00" CO="0.00" HC="0.00" NOx="0.00" PMx="0.00" fuel="0.00" electricity="0.00" noise="69.11" route="routebottom" type="cfm-fast" waiting="0.00" lane="right_0" pos="13.90" speed="21.89" angle="339.43" x="125.82" y="92.72"/>
        <vehicle id="cfm-slow_0" eclass="HBEFA3/PC_G_EU4" CO2="7308.60" CO="74.28" HC="0.52" NOx="2.88" PMx="0.14" fuel="3.14" electricity="0.00" noise="70.68" route="routebottom" type="cfm-slow" waiting="0.00" lane="right_0" pos="27.26" speed="21.02" angle="315.45" x="108.61" y="115.48"/>
        <vehicle id="cfm-slow_1" eclass="HBEFA3/PC_G_EU4" CO2="9200.82" CO="113.28" HC="0.74" NOx="3.76" PMx="0.19" fuel="3.95" electricity="0.00" noise="71.75" route="routebottom" type="cfm-slow" waiting="0.00" lane="right_0" pos="43.58" speed="21.50" angle="286.14" x="77.47" y="130.87"/>
        <vehicle id="cfm-slow_2" eclass="HBEFA3/PC_G_EU4" CO2="11619.77" CO="163.57" HC="1.03" NOx="4.88" PMx="0.26" fuel="4.99" electricity="0.00" noise="73.21" route="routetop" type="cfm-slow" waiting="0.00" lane="top_0" pos="10.41" speed="22.29" angle="255.74" x="41.56" y="128.62"/>
        <vehicle id="cfm-slow_3" eclass="HBEFA3/PC_G_EU4" CO2="14218.75" CO="218.73" HC="1.35" NOx="6.08" PMx="0.33" fuel="6.11" electricity="0.00" noise="74.82" route="routetop" type="cfm-slow" waiting="0.00" lane="top_0" pos="28.07" speed="23.44" angle="223.93" x="10.71" y="107.29"/>
        <vehicle id="cfm-slow_4" eclass="HBEFA3/PC_G_EU4" CO2="16308.56" CO="265.44" HC="1.61" NOx="7.03" PMx="0.38" fuel="7.01" electricity="0.00" noise="76.11" route="routetop" type="cfm-slow" waiting="0.00" lane="top_0" pos="46.91" speed="24.90" angle="190.14" x="-4.61" y="70.39"/>
        <vehicle id="cfm-slow_5" eclass="HBEFA3/PC_G_EU4" CO2="16428.38" CO="274.04" HC="1.66" NOx="7.05" PMx="0.39" fuel="7.06" electricity="0.00" noise="76.36" route="routetop" type="cfm-slow" waiting="0.00" lane="left_0" pos="17.24" speed="26.51" angle="153.44" x="4.90" y="28.27"/>
    </timestep>
    <timestep time="4.79">
        <vehicle id="cfm-fast_0" eclass="HBEFA3/PC_G_EU4" CO2="11794.15" CO="185.88" HC="1.14" NOx="4.84" PMx="0.28" fuel="5.07" electricity="0.00" noise="74.76" route="routetop" type="cfm-fast" waiting="0.00" lane="left_0" pos="39.47" speed="27.94" angle="113.46" x="41.34" y="-1.21"/>
        <vehicle id="cfm-fast_1" eclass="HBEFA3/PC_G_EU4" CO2="0.00" CO="0.00" HC="0.00" NOx="0.00" PMx="0.00" fuel="0.00" electricity="0.00" noise="72.48" route="routebottom" type="cfm-fast" waiting="0.00" lane="bottom_0" pos="8.89" speed="28.46" angle="78.42" x="82.63" y="-2.27"/>
        <vehicle id="cfm-fast_2" eclass="HBEFA3/PC_G_EU4" CO2="0.00" CO="0.00" HC="0.00" NOx="0.00" PMx="0.00" fuel="0.00" electricity="0.00" noise="71.06" route="routebottom" type="cfm-fast" waiting="0.00" lane="bottom_0" pos="28.75" speed="27.48" angle="42.74" x="117.52" y="21.18"/>
        <vehicle id="cfm-fast_3" eclass="HBEFA3/PC_G_EU4" CO2="0.00" CO="0.00" HC="0.00" NOx="0.00" PMx="0.00" fuel="0.00" electricity="0.00" noise="69.67" route="routebottom" type="cfm-fast" waiting="0.00" lane="bottom_0" pos="47.48" speed="24.98" angle="9.16" x="132.06" y="58.15"/>
        <vehicle id="cfm-fast_4" eclass="HBEFA3/PC_G_EU4" CO2="258051.02" CO="6037.04" HC="34.00" NOx="120.37" PMx="7.06" fuel="110.92" electricity="0.00" noise="146.18" route="routetop" type="cfm-fast" waiting="0.00" lane="top_1" pos="14.55" speed="64.92" angle="248.28" x="34.83" y="122.25"/>
        <vehicle id="cfm-fast_5" eclass="HBEFA3/PC_G_EU4" CO2="0.00" CO="0.00" HC="0.00" NOx="0.00" PMx="0.00" fuel="0.00" electricity="0.00" noise="69.12" route="routebottom" type="cfm-fast" waiting="0.00" lane="right_0" pos="14.12" speed="21.88" angle="339.09" x="125.62" y="93.14"/>
        <vehicle id="cfm-slow_0" eclass="HBEFA3/PC_G_EU4" CO2="7314.75" CO="74.40" HC="0.52" NOx="2.88" PMx="0.14" fuel="3.14" electricity="0.00" noise="70.68" route="routebottom" type="cfm-slow" waiting="0.00" lane="right_0" pos="27.47" speed="21.02" angle="315.06" x="108.27" y="115.77"/>
        <vehicle id="cfm-slow_1" eclass="HBEFA3/PC_G_EU4" CO2="9211.90" CO="113.51" HC="0.74" NOx="3.76" PMx="0.19" fuel="3.96" electricity="0.00" noise="71.76" route="routebottom" type="cfm-slow" waiting="0.00" lane="right_0" pos="43.80" speed="21.51" angle="285.75" x="77.02" y="130.96"/>
        <vehicle id="cfm-slow_2" eclass="HBEFA3/PC_G_EU4" CO2="11632.49" CO="163.85" HC="1.03" NOx="4.89" PMx="0.26" fuel="5.00" electricity="0.00" noise="73.22" route="routetop" type="cfm-slow" waiting="0.00" lane="top_0" pos="10.64" speed="22.31" angle="255.32" x="41.11" y="128.45"/>
        <vehicle id="cfm-slow_3" eclass="HBEFA3/PC_G_EU4" CO2="14226.75" CO="218.93" HC="1.35" NOx="6.08" PMx="0.33" fuel="6.12" electricity="0.00" noise="74.82" route="routetop" type="cfm-slow" waiting="0.00" lane="top_0" pos="28.31" speed="23.46" angle="223.57" x="10.39" y="106.90"/>
        <vehicle id="cfm-slow_4" eclass="HBEFA3/PC_G_EU4" CO2="16298.50" CO="265.29" HC="1.61" NOx="7.03" PMx="0.38" fuel="7.01" electricity="0.00" noise="76.11" route="routetop" type="cfm-slow" waiting="0.00" lane="top_0" pos="47.16" speed="24.92" angle="189.69" x="-4.66" y="69.86"/>
        <vehicle id="cfm-slow_5" eclass="HBEFA3/PC_G_EU4" CO2="16375.05" CO="273.02" HC="1.65" NOx="7.03" PMx="0.39" fuel="7.04" electricity="0.00" noise="76.34" route="routetop" type="cfm-slow" waiting="0.00" lane="left_0" pos="17.51" speed="26.53" angle="152.95" x="5.19" y="27.78"/>
    </timestep>
    <timestep time="4.80">
        <vehicle id="cfm-fast_0" eclass="HBEFA3/PC_G_EU4" CO2="11678.31" CO="183.54" HC="1.13" NOx="4.78" PMx="0.27" fuel="5.02" electricity="0.00" noise="74.72" route="routetop" type="cfm-fast" waiting="0.00" lane="left_0" pos="39.75" speed="27.95" angle="113.00" x="41.90" y="-1.41"/>
        <vehicle id="cfm-fast_1" eclass="HBEFA3/PC_G_EU4" CO2="0.00" CO="0.00" HC="0.00" NOx="0.00" PMx="0.00" fuel="0.00" electricity="0.00" noise="72.46" route="routebottom" type="cfm-fast" waiting="0.00" lane="bottom_0" pos="9.17" speed="28.45" angle="77.92" x="83.22" y="-2.09"/>
        <vehicle id="cfm-fast_2" eclass="HBEFA3/PC_G_EU4" CO2="0.00" CO="0.00" HC="0.00" NOx="0.00" PMx="0.00" fuel="0.00" electricity="0.00" noise="71.05" route="routebottom" type="cfm-fast" waiting="0.00" lane="bottom_0" pos="29.02" speed="27.46" angle="42.23" x="117.88" y="21.65"/>
        <vehicle id="cfm-fast_3" eclass="HBEFA3/PC_G_EU4" CO2="0.00" CO="0.00" HC="0.00" NOx="0.00" PMx="0.00" fuel="0.00" electricity="0.00" noise="69.66" route="routebottom" type="cfm-fast" waiting="0.00" lane="bottom_0" pos="47.73" speed="24.96" angle="8.69" x="132.09" y="58.69"/>
        <vehicle id="cfm-fast_4" eclass="HBEFA3/PC_G_EU4" CO2="258657.17" CO="6054.52" HC="34.09" NOx="120.65" PMx="7.07" fuel="111.18" electricity="0.00" noise="146.24" route="routetop" type="cfm-fast" waiting="0.00" lane="top_1" pos="15.20" speed="65.06" angle="247.07" x="33.63" y="121.66"/>
        <vehicle id="cfm-fast_5" eclass="HBEFA3/PC_G_EU4" CO2="0.00" CO="0.00" HC="0.00" NOx="0.00" PMx="0.00" fuel="0.00" electricity="0.00" noise="69.12" route="routebottom" type="cfm-fast" waiting="0.00" lane="right_0" pos="14.34" speed="21.88" angle="338.68" x="125.41" y="93.57"/>
        <vehicle id="cfm-slow_0" eclass="HBEFA3/PC_G_EU4" CO2="7321.05" CO="74.53" HC="0.52" NOx="2.88" PMx="0.14" fuel="3.15" electricity="0.00" noise="70.69" route="routebottom" type="cfm-slow" waiting="0.00" lane="right_0" pos="27.68" speed="21.03" angle="314.66" x="107.93" y="116.07"/>
        <vehicle id="cfm-slow_1" eclass="HBEFA3/PC_G_EU4" CO2="9223.11" CO="113.74" HC="0.74" NOx="3.77" PMx="0.19" fuel="3.96" electricity="0.00" noise="71.77" route="routebottom" type="cfm-slow" waiting="0.00" lane="right_0" pos="44.01" speed="21.52" angle="285.34" x="76.56" y="131.04"/>
        <vehicle id="cfm-slow_2" eclass="HBEFA3/PC_G_EU4" CO2="11645.28" CO="164.12" HC="1.03" NOx="4.89" PMx="0.26" fuel="5.01" electricity="0.00" noise="73.23" route="routetop" type="cfm-slow" waiting="0.00" lane="top_0" pos="10.86" speed="22.32" angle="254.89" x="40.66" y="128.29"/>
        <vehicle id="cfm-slow_3" eclass="HBEFA3/PC_G_EU4" CO2="14234.70" CO="219.12" HC="1.35" NOx="6.09" PMx="0.33" fuel="6.12" electricity="0.00" noise="74.83" route="routetop" type="cfm-slow" waiting="0.00" lane="top_0" pos="28.54" speed="23.48" angle="223.14" x="10.08" y="106.50"/>
        <vehicle id="cfm-slow_4" eclass="HBEFA3/PC_G_EU4" CO2="16288.16" CO="265.14" HC="1.61" NOx="7.02" PMx="0.38" fuel="7.00" electricity="0.00" noise="76.10" route="routetop" type="cfm-slow" waiting="0.00" lane="top_0" pos="47.41" speed="24.94" angle="189.26" x="-4.72" y="69.33"/>
        <vehicle id="cfm-slow_5" eclass="HBEFA3/PC_G_EU4" CO2="16321.24" CO="271.99" HC="1.65" NOx="7.00" PMx="0.39" fuel="7.02" electricity="0.00" noise="76.32" route="routetop" type="cfm-slow" waiting="0.00" lane="left_0" pos="17.77" speed="26.55" angle="152.46" x="5.48" y="27.29"/>
    </timestep>
    <timestep time="4.81">
        <vehicle id="cfm-fast_0" eclass="HBEFA3/PC_G_EU4" CO2="11562.35" CO="181.21" HC="1.12" NOx="4.73" PMx="0.27" fuel="4.97" electricity="0.00" noise="74.68" route="routetop" type="cfm-fast" waiting="0.00" lane="left_0" pos="40.03" speed="27.96" angle="112.49" x="42.48" y="-1.59"/>
        <vehicle id="cfm-fast_1" eclass="HBEFA3/PC_G_EU4" CO2="0.00" CO="0.00" HC="0.00" NOx="0.00" PMx="0.00" fuel="0.00" electricity="0.00" noise="72.44" route="routebottom" type="cfm-fast" waiting="0.00" lane="bottom_0" pos="9.46" speed="28.45" angle="77.40" x="83.80" y="-1.91"/>
        <vehicle id="cfm-fast_2" eclass="HBEFA3/PC_G_EU4" CO2="0.00" CO="0.00" HC="0.00" NOx="0.00" PMx="0.00" fuel="0.00" electricity="0.00" noise="71.03" route="routebottom" type="cfm-fast" waiting="0.00" lane="bottom_0" pos="29.30" speed="27.44" angle="41.72" x="118.25" y="22.11"/>
        <vehicle id="cfm-fast_3" eclass="HBEFA3/PC_G_EU4" CO2="0.00" CO="0.00" HC="0.00" NOx="0.00" PMx="0.00" fuel="0.00" electricity="0.00" noise="69.65" route="routebottom" type="cfm-fast" waiting="0.00" lane="bottom_0" pos="47.98" speed="24.94" angle="8.22" x="132.12" y="59.23"/>
        <vehicle id="cfm-fast_4" eclass="HBEFA3/PC_G_EU4" CO2="259263.61" CO="6072.01" HC="34.19" NOx="120.94" PMx="7.09" fuel="111.44" electricity="0.00" noise="146.31" route="routetop" type="cfm-fast" waiting="0.00" lane="top_1" pos="15.85" speed="65.19" angle="245.96" x="32.46" y="121.02"/>
        <vehicle id="cfm-fast_5" eclass="HBEFA3/PC_G_EU4" CO2="0.00" CO="0.00" HC="0.00" NOx="0.00" PMx="0.00" fuel="0.00" electricity="0.00" noise="69.13" route="routebottom" type="cfm-fast" waiting="0.00" lane="right_0" pos="14.56" speed="21.88" angle="338.26" x="125.20" y="93.99"/>
        <vehicle id="cfm-slow_0" eclass="HBEFA3/PC_G_EU4" CO2="7327.50" CO="74.66" HC="0.52" NOx="2.89" PMx="0.14" fuel="3.15" electricity="0.00" noise="70.69" route="routebottom" type="cfm-slow" waiting="0.00" lane="right_0" pos="27.89" speed="21.04" angle="314.27" x="107.58" y="116.36"/>
        <vehicle id="cfm-slow_1" eclass="HBEFA3/PC_G_EU4" CO2="9234.43" CO="113.98" HC="0.75" NOx="3.77" PMx="0.19" fuel="3.97" electricity="0.00" noise="71.77" route="routebottom" type="cfm-slow" waiting="0.00" lane="right_0" pos="44.23" speed="21.53" angle="284.93" x="76.10" y="131.12"/>
        <vehicle id="cfm-slow_2" eclass="HBEFA3/PC_G_EU4" CO2="11658.13" CO="164.40" HC="1.04" NOx="4.90" PMx="0.26" fuel="5.01" electricity="0.00" noise="73.24" route="routetop" type="cfm-slow" waiting="0.00" lane="top_0" pos="11.08" speed="22.34" angle="254.47" x="40.21" y="128.13"/>
        <vehicle id="cfm-slow_3" eclass="HBEFA3/PC_G_EU4" CO2="14242.59" CO="219.32" HC="1.35" NOx="6.09" PMx="0.33" fuel="6.12" electricity="0.00" noise="74.83" route="routetop" type="cfm-slow" waiting="0.00" lane="top_0" pos="28.78" speed="23.49" angle="222.71" x="9.77" y="106.10"/>
        <vehicle id="cfm-slow_4" eclass="HBEFA3/PC_G_EU4" CO2="16277.53" CO="264.98" HC="1.61" NOx="7.02" PMx="0.38" fuel="7.00" electricity="0.00" noise="76.10" route="routetop" type="cfm-slow" waiting="0.00" lane="top_0" pos="47.66" speed="24.96" angle="188.82" x="-4.75" y="68.79"/>
        <vehicle id="cfm-slow_5" eclass="HBEFA3/PC_G_EU4" CO2="16266.95" CO="270.95" HC="1.64" NOx="6.98" PMx="0.39" fuel="6.99" electricity="0.00" noise="76.29" route="routetop" type="cfm-slow" waiting="0.00" lane="left_0" pos="18.04" speed="26.57" angle="152.04" x="5.79" y="26.81"/>
    </timestep>
    <timestep time="4.82">
        <vehicle id="cfm-fast_0" eclass="HBEFA3/PC_G_EU4" CO2="11446.29" CO="178.86" HC="1.10" NOx="4.67" PMx="0.27" fuel="4.92" electricity="0.00" noise="74.65" route="routetop" type="cfm-fast" waiting="0.00" lane="left_0" pos="40.31" speed="27.97" angle="111.96" x="43.05" y="-1.77"/>
        <vehicle id="cfm-fast_1" eclass="HBEFA3/PC_G_EU4" CO2="0.00" CO="0.00" HC="0.00" NOx="0.00" PMx="0.00" fuel="0.00" electricity="0.00" noise="72.41" route="routebottom" type="cfm-fast" waiting="0.00" lane="bottom_0" pos="9.74" speed="28.44" angle="76.87" x="84.39" y="-1.73"/>
        <vehicle id="cfm-fast_2" eclass="HBEFA3/PC_G_EU4" CO2="0.00" CO="0.00" HC="0.00" NOx="0.00" PMx="0.00" fuel="0.00" electricity="0.00" noise="71.02" route="routebottom" type="cfm-fast" waiting="0.00" lane="bottom_0" pos="29.57" speed="27.41" angle="41.28" x="118.60" y="22.58"/>
        <vehicle id="cfm-fast_3" eclass="HBEFA3/PC_G_EU4" CO2="0.00" CO="0.00" HC="0.00" NOx="0.00" PMx="0.00" fuel="0.00" electricity="0.00" noise="69.64" route="routebottom" type="cfm-fast" waiting="0.00" lane="bottom_0" pos="48.23" speed="24.92" angle="7.76" x="132.15" y="59.76"/>
        <vehicle id="cfm-fast_4" eclass="HBEFA3/PC_G_EU4" CO2="259870.35" CO="6089.53" HC="34.28" NOx="121.22" PMx="7.11" fuel="111.71" electricity="0.00" noise="146.37" route="routetop" type="cfm-fast" waiting="0.00" lane="top_1" pos="16.51" speed="65.33" angle="244.79" x="31.28" y="120.37"/>
        <vehicle id="cfm-fast_5" eclass="HBEFA3/PC_G_EU4" CO2="0.00" CO="0.00" HC="0.00" NOx="0.00" PMx="0.00" fuel="0.00" electricity="0.00" noise="69.13" route="routebottom" type="cfm-fast" waiting="0.00" lane="right_0" pos="14.77" speed="21.87" angle="337.84" x="124.99" y="94.41"/>
        <vehicle id="cfm-slow_0" eclass="HBEFA3/PC_G_EU4" CO2="7334.10" CO="74.80" HC="0.52" NOx="2.89" PMx="0.14" fuel="3.15" electricity="0.00" noise="70.70" route="routebottom" type="cfm-slow" waiting="0.00" lane="right_0" pos="28.10" speed="21.04" angle="313.89" x="107.23" y="116.65"/>
        <vehicle id="cfm-slow_1" eclass="HBEFA3/PC_G_EU4" CO2="9245.87" CO="114.22" HC="0.75" NOx="3.78" PMx="0.19" fuel="3.97" electricity="0.00" noise="71.78" route="routebottom" type="cfm-slow" waiting="0.00" lane="right_0" pos="44.44" speed="21.54" angle="284.52" x="75.65" y="131.21"/>
        <vehicle id="cfm-slow_2" eclass="HBEFA3/PC_G_EU4" CO2="11671.04" CO="164.68" HC="1.04" NOx="4.90" PMx="0.26" fuel="5.02" electricity="0.00" noise="73.25" route="routetop" type="cfm-slow" waiting="0.00" lane="top_0" pos="11.31" speed="22.35" angle="254.05" x="39.76" y="127.96"/>
        <vehicle id="cfm-slow_3" eclass="HBEFA3/PC_G_EU4" CO2="14250.42" CO="219.51" HC="1.35" NOx="6.09" PMx="0.33" fuel="6.13" electricity="0.00" noise="74.84" route="routetop" type="cfm-slow" waiting="0.00" lane="top_0" pos="29.01" speed="23.51" angle="222.28" x="9.46" y="105.70"/>
        <vehicle id="cfm-slow_4" eclass="HBEFA3/PC_G_EU4" CO2="16266.62" CO="264.81" HC="1.61" NOx="7.01" PMx="0.38" fuel="6.99" electricity="0.00" noise="76.10" route="routetop" type="cfm-slow" waiting="0.00" lane="top_0" pos="47.91" speed="24.98" angle="188.34" x="-4.78" y="68.25"/>
        <vehicle id="cfm-slow_5" eclass="HBEFA3/PC_G_EU4" CO2="16212.18" CO="269.89" HC="1.63" NOx="6.95" PMx="0.39" fuel="6.97" electricity="0.00" noise="76.27" route="routetop" type="cfm-slow" waiting="0.00" lane="left_0" pos="18.30" speed="26.58" angle="151.54" x="6.10" y="26.33"/>
    </timestep>
    <timestep time="4.83">
        <vehicle id="cfm-fast_0" eclass="HBEFA3/PC_G_EU4" CO2="11330.14" CO="176.52" HC="1.09" NOx="4.62" PMx="0.26" fuel="4.87" electricity="0.00" noise="74.61" route="routetop" type="cfm-fast" waiting="0.00" lane="left_0" pos="40.59" speed="27.98" angle="111.44" x="43.63" y="-1.95"/>
        <vehicle id="cfm-fast_1" eclass="HBEFA3/PC_G_EU4" CO2="0.00" CO="0.00" HC="0.00" NOx="0.00" PMx="0.00" fuel="0.00" electricity="0.00" noise="72.39" route="routebottom" type="cfm-fast" waiting="0.00" lane="bottom_0" pos="10.02" speed="28.44" angle="76.35" x="84.97" y="-1.55"/>
        <vehicle id="cfm-fast_2" eclass="HBEFA3/PC_G_EU4" CO2="0.00" CO="0.00" HC="0.00" NOx="0.00" PMx="0.00" fuel="0.00" electricity="0.00" noise="71.01" route="routebottom" type="cfm-fast" waiting="0.00" lane="bottom_0" pos="29.84" speed="27.39" angle="40.78" x="118.95" y="23.06"/>
        <vehicle id="cfm-fast_3" eclass="HBEFA3/PC_G_EU4" CO2="0.00" CO="0.00" HC="0.00" NOx="0.00" PMx="0.00" fuel="0.00" electricity="0.00" noise="69.63" route="routebottom" type="cfm-fast" waiting="0.00" lane="bottom_0" pos="48.48" speed="24.90" angle="7.29" x="132.18" y="60.30"/>
        <vehicle id="cfm-fast_4" eclass="HBEFA3/PC_G_EU4" CO2="260477.38" CO="6107.07" HC="34.38" NOx="121.50" PMx="7.13" fuel="111.97" electricity="0.00" noise="146.44" route="routetop" type="cfm-fast" waiting="0.00" lane="top_1" pos="17.16" speed="65.47" angle="243.64" x="30.13" y="119.69"/>
        <vehicle id="cfm-fast_5" eclass="HBEFA3/PC_G_EU4" CO2="0.00" CO="0.00" HC="0.00" NOx="0.00" PMx="0.00" fuel="0.00" electricity="0.00" noise="69.14" route="routebottom" type="cfm-fast" waiting="0.00" lane="right_0" pos="14.99" speed="21.87" angle="337.43" x="124.78" y="94.83"/>
        <vehicle id="cfm-slow_0" eclass="HBEFA3/PC_G_EU4" CO2="7340.84" CO="74.94" HC="0.52" NOx="2.89" PMx="0.14" fuel="3.16" electricity="0.00" noise="70.70" route="routebottom" type="cfm-slow" waiting="0.00" lane="right_0" pos="28.31" speed="21.05" angle="313.55" x="106.88" y="116.94"/>
        <vehicle id="cfm-slow_1" eclass="HBEFA3/PC_G_EU4" CO2="9257.43" CO="114.46" HC="0.75" NOx="3.78" PMx="0.19" fuel="3.98" electricity="0.00" noise="71.79" route="routebottom" type="cfm-slow" waiting="0.00" lane="right_0" pos="44.66" speed="21.55" angle="284.11" x="75.19" y="131.29"/>
        <vehicle id="cfm-slow_2" eclass="HBEFA3/PC_G_EU4" CO2="11684.00" CO="164.96" HC="1.04" NOx="4.91" PMx="0.26" fuel="5.02" electricity="0.00" noise="73.26" route="routetop" type="cfm-slow" waiting="0.00" lane="top_0" pos="11.53" speed="22.36" angle="253.69" x="39.30" y="127.80"/>
        <vehicle id="cfm-slow_3" eclass="HBEFA3/PC_G_EU4" CO2="14258.19" CO="219.71" HC="1.35" NOx="6.10" PMx="0.33" fuel="6.13" electricity="0.00" noise="74.85" route="routetop" type="cfm-slow" waiting="0.00" lane="top_0" pos="29.25" speed="23.53" angle="221.85" x="9.14" y="105.31"/>
        <vehicle id="cfm-slow_4" eclass="HBEFA3/PC_G_EU4" CO2="16255.41" CO="264.64" HC="1.61" NOx="7.01" PMx="0.38" fuel="6.99" electricity="0.00" noise="76.09" route="routetop" type="cfm-slow" waiting="0.00" lane="top_0" pos="48.16" speed="25.00" angle="187.86" x="-4.81" y="67.72"/>
        <vehicle id="cfm-slow_5" eclass="HBEFA3/PC_G_EU4" CO2="16156.93" CO="268.83" HC="1.63" NOx="6.92" PMx="0.38" fuel="6.95" electricity="0.00" noise="76.25" route="routetop" type="cfm-slow" waiting="0.00" lane="left_0" pos="18.57" speed="26.60" angle="151.04" x="6.42" y="25.85"/>
    </timestep>
    <timestep time="4.84">
        <vehicle id="cfm-fast_0" eclass="HBEFA3/PC_G_EU4" CO2="11213.91" CO="174.18" HC="1.08" NOx="4.56" PMx="0.26" fuel="4.82" electricity="0.00" noise="74.57" route="routetop" type="cfm-fast" waiting="0.00" lane="left_0" pos="40.87" speed="27.98" angle="110.91" x="44.20" y="-2.12"/>
        <vehicle id="cfm-fast_1" eclass="HBEFA3/PC_G_EU4" CO2="0.00" CO="0.00" HC="0.00" NOx="0.00" PMx="0.00" fuel="0.00" electricity="0.00" noise="72.37" route="routebottom" type="cfm-fast" waiting="0.00" lane="bottom_0" pos="10.31" speed="28.43" angle="75.90" x="85.55" y="-1.37"/>
        <vehicle id="cfm-fast_2" eclass="HBEFA3/PC_G_EU4" CO2="0.00" CO="0.00" HC="0.00" NOx="0.00" PMx="0.00" fuel="0.00" electricity="0.00" noise="71.00" route="routebottom" type="cfm-fast" waiting="0.00" lane="bottom_0" pos="30.12" speed="27.37" angle="40.27" x="119.29" y="23.54"/>
        <vehicle id="cfm-fast_3" eclass="HBEFA3/PC_G_EU4" CO2="0.00" CO="0.00" HC="0.00" NOx="0.00" PMx="0.00" fuel="0.00" electricity="0.00" noise="69.62" route="routebottom" type="cfm-fast" waiting="0.00" lane="bottom_0" pos="48.73" speed="24.87" angle="6.87" x="132.22" y="60.83"/>
        <vehicle id="cfm-fast_4" eclass="HBEFA3/PC_G_EU4" CO2="261084.70" CO="6124.63" HC="34.47" NOx="121.79" PMx="7.15" fuel="112.23" electricity="0.00" noise="146.51" route="routetop" type="cfm-fast" waiting="0.00" lane="top_1" pos="17.82" speed="65.60" angle="242.44" x="28.97" y="119.00"/>
        <vehicle id="cfm-fast_5" eclass="HBEFA3/PC_G_EU4" CO2="0.00" CO="0.00" HC="0.00" NOx="0.00" PMx="0.00" fuel="0.00" electricity="0.00" noise="69.14" route="routebottom" type="cfm-fast" waiting="0.00" lane="right_0" pos="15.21" speed="21.87" angle="337.01" x="124.57" y="95.25"/>
        <vehicle id="cfm-slow_0" eclass="HBEFA3/PC_G_EU4" CO2="7347.74" CO="75.08" HC="0.52" NOx="2.89" PMx="0.14" fuel="3.16" electricity="0.00" noise="70.71" route="routebottom" type="cfm-slow" waiting="0.00" lane="right_0" pos="28.52" speed="21.06" angle="313.17" x="106.53" y="117.22"/>
        <vehicle id="cfm-slow_1" eclass="HBEFA3/PC_G_EU4" CO2="9269.10" CO="114.70" HC="0.75" NOx="3.79" PMx="0.19" fuel="3.98" electricity="0.00" noise="71.80" route="routebottom" type="cfm-slow" waiting="0.00" lane="right_0" pos="44.88" speed="21.56" angle="283.76" x="74.74" y="131.38"/>
        <vehicle id="cfm-slow_2" eclass="HBEFA3/PC_G_EU4" CO2="11697.02" CO="165.24" HC="1.04" NOx="4.92" PMx="0.26" fuel="5.03" electricity="0.00" noise="73.27" route="routetop" type="cfm-slow" waiting="0.00" lane="top_0" pos="11.75" speed="22.38" angle="253.29" x="38.86" y="127.62"/>
        <vehicle id="cfm-slow_3" eclass="HBEFA3/PC_G_EU4" CO2="14265.89" CO="219.90" HC="1.35" NOx="6.10" PMx="0.33" fuel="6.13" electricity="0.00" noise="74.85" route="routetop" type="cfm-slow" waiting="0.00" lane="top_0" pos="29.48" speed="23.54" angle="221.48" x="8.83" y="104.91"/>
        <vehicle id="cfm-slow_4" eclass="HBEFA3/PC_G_EU4" CO2="16243.91" CO="264.46" HC="1.61" NOx="7.00" PMx="0.38" fuel="6.98" electricity="0.00" noise="76.09" route="routetop" type="cfm-slow" waiting="0.00" lane="top_0" pos="48.41" speed="25.01" angle="187.38" x="-4.85" y="67.18"/>
        <vehicle id="cfm-slow_5" eclass="HBEFA3/PC_G_EU4" CO2="16101.21" CO="267.76" HC="1.62" NOx="6.90" PMx="0.38" fuel="6.92" electricity="0.00" noise="76.22" route="routetop" type="cfm-slow" waiting="0.00" lane="left_0" pos="18.84" speed="26.61" angle="150.54" x="6.74" y="25.38"/>
    </timestep>
    <timestep time="4.85">
        <vehicle id="cfm-fast_0" eclass="HBEFA3/PC_G_EU4" CO2="11097.60" CO="171.83" HC="1.06" NOx="4.51" PMx="0.26" fuel="4.77" electricity="0.00" noise="74.54" route="routetop" type="cfm-fast" waiting="0.00" lane="left_0" pos="41.15" speed="27.99" angle="110.45" x="44.78" y="-2.29"/>
        <vehicle id="cfm-fast_1" eclass="HBEFA3/PC_G_EU4" CO2="0.00" CO="0.00" HC="0.00" NOx="0.00" PMx="0.00" fuel="0.00" electricity="0.00" noise="72.35" route="routebottom" type="cfm-fast" waiting="0.00" lane="bottom_0" pos="10.59" speed="28.42" angle="75.37" x="86.13" y="-1.16"/>
        <vehicle id="cfm-fast_2" eclass="HBEFA3/PC_G_EU4" CO2="0.00" CO="0.00" HC="0.00" NOx="0.00" PMx="0.00" fuel="0.00" electricity="0.00" noise="70.99" route="routebottom" type="cfm-fast" waiting="0.00" lane="bottom_0" pos="30.39" speed="27.35" angle="39.77" x="119.64" y="24.01"/>
        <vehicle id="cfm-fast_3" eclass="HBEFA3/PC_G_EU4" CO2="0.00" CO="0.00" HC="0.00" NOx="0.00" PMx="0.00" fuel="0.00" electricity="0.00" noise="69.61" route="routebottom" type="cfm-fast" waiting="0.00" lane="bottom_0" pos="48.97" speed="24.85" angle="6.42" x="132.23" y="61.36"/>
        <vehicle id="cfm-fast_4" eclass="HBEFA3/PC_G_EU4" CO2="261692.31" CO="6142.22" HC="34.57" NOx="122.07" PMx="7.16" fuel="112.49" electricity="0.00" noise="146.57" route="routetop" type="cfm-fast" waiting="0.00" lane="top_1" pos="18.48" speed="65.74" angle="241.25" x="27.84" y="118.27"/>
        <vehicle id="cfm-fast_5" eclass="HBEFA3/PC_G_EU4" CO2="0.00" CO="0.00" HC="0.00" NOx="0.00" PMx="0.00" fuel="0.00" electricity="0.00" noise="69.15" route="routebottom" type="cfm-fast" waiting="0.00" lane="right_0" pos="15.43" speed="21.86" angle="336.68" x="124.35" y="95.67"/>
        <vehicle id="cfm-slow_0" eclass="HBEFA3/PC_G_EU4" CO2="7354.78" CO="75.22" HC="0.52" NOx="2.90" PMx="0.14" fuel="3.16" electricity="0.00" noise="70.72" route="routebottom" type="cfm-slow" waiting="0.00" lane="right_0" pos="28.73" speed="21.07" angle="312.78" x="106.17" y="117.50"/>
        <vehicle id="cfm-slow_1" eclass="HBEFA3/PC_G_EU4" CO2="9280.89" CO="114.95" HC="0.75" NOx="3.79" PMx="0.19" fuel="3.99" electricity="0.00" noise="71.81" route="routebottom" type="cfm-slow" waiting="0.00" lane="right_0" pos="45.09" speed="21.57" angle="283.39" x="74.28" y="131.44"/>
        <vehicle id="cfm-slow_2" eclass="HBEFA3/PC_G_EU4" CO2="11710.09" CO="165.53" HC="1.04" NOx="4.92" PMx="0.26" fuel="5.03" electricity="0.00" noise="73.28" route="routetop" type="cfm-slow" waiting="0.00" lane="top_0" pos="11.98" speed="22.39" angle="252.88" x="38.41" y="127.44"/>
        <vehicle id="cfm-slow_3" eclass="HBEFA3/PC_G_EU4" CO2="14273.52" CO="220.09" HC="1.36" NOx="6.10" PMx="0.33" fuel="6.14" electricity="0.00" noise="74.86" route="routetop" type="cfm-slow" waiting="0.00" lane="top_0" pos="29.72" speed="23.56" angle="221.05" x="8.53" y="104.50"/>
        <vehicle id="cfm-slow_4" eclass="HBEFA3/PC_G_EU4" CO2="16232.12" CO="264.28" HC="1.61" NOx="7.00" PMx="0.38" fuel="6.98" electricity="0.00" noise="76.08" route="routetop" type="cfm-slow" waiting="0.00" lane="top_0" pos="48.66" speed="25.03" angle="186.92" x="-4.88" y="66.64"/>
        <vehicle id="cfm-slow_5" eclass="HBEFA3/PC_G_EU4" CO2="16045.01" CO="266.68" HC="1.61" NOx="6.87" PMx="0.38" fuel="6.90" electricity="0.00" noise="76.20" route="routetop" type="cfm-slow" waiting="0.00" lane="left_0" pos="19.10" speed="26.63" angle="150.05" x="7.05" y="24.90"/>
    </timestep>
    <timestep time="4.86">
        <vehicle id="cfm-fast_0" eclass="HBEFA3/PC_G_EU4" CO2="10981.22" CO="169.48" HC="1.05" NOx="4.45" PMx="0.25" fuel="4.72" electricity="0.00" noise="74.50" route="routetop" type="cfm-fast" waiting="0.00" lane="left_0" pos="41.43" speed="28.00" angle="109.93" x="45.36" y="-2.45"/>
        <vehicle id="cfm-fast_1" eclass="HBEFA3/PC_G_EU4" CO2="0.00" CO="0.00" HC="0.00" NOx="0.00" PMx="0.00" fuel="0.00" electricity="0.00" noise="72.33" route="routebottom" type="cfm-fast" waiting="0.00" lane="bottom_0" pos="10.88" speed="28.42" angle="74.84" x="86.70" y="-0.95"/>
        <vehicle id="cfm-fast_2" eclass="HBEFA3/PC_G_EU4" CO2="0.00" CO="0.00" HC="0.00" NOx="0.00" PMx="0.00" fuel="0.00" electricity="0.00" noise="70.97" route="routebottom" type="cfm-fast" waiting="0.00" lane="bottom_0" pos="30.66" speed="27.33" angle="39.28" x="119.98" y="24.49"/>
        <vehicle id="cfm-fast_3" eclass="HBEFA3/PC_G_EU4" CO2="0.00" CO="0.00" HC="0.00" NOx="0.00" PMx="0.00" fuel="0.00" electricity="0.00" noise="69.60" route="routebottom" type="cfm-fast" waiting="0.00" lane="bottom_0" pos="49.22" speed="24.83" angle="5.96" x="132.24" y="61.90"/>
        <vehicle id="cfm-fast_4" eclass="HBEFA3/PC_G_EU4" CO2="262300.22" CO="6159.82" HC="34.66" NOx="122.36" PMx="7.18" fuel="112.75" electricity="0.00" noise="146.64" route="routetop" type="cfm-fast" waiting="0.00" lane="top_1" pos="19.13" speed="65.88" angle="240.01" x="26.72" y="117.52"/>
        <vehicle id="cfm-fast_5" eclass="HBEFA3/PC_G_EU4" CO2="0.00" CO="0.00" HC="0.00" NOx="0.00" PMx="0.00" fuel="0.00" electricity="0.00" noise="69.15" route="routebottom" type="cfm-fast" waiting="0.00" lane="right_0" pos="15.65" speed="21.86" angle="336.28" x="124.12" y="96.08"/>
        <vehicle id="cfm-slow_0" eclass="HBEFA3/PC_G_EU4" CO2="7361.96" CO="75.37" HC="0.52" NOx="2.90" PMx="0.14" fuel="3.16" electricity="0.00" noise="70.72" route="routebottom" type="cfm-slow" waiting="0.00" lane="right_0" pos="28.94" speed="21.07" angle="312.40" x="105.81" y="117.78"/>
        <vehicle id="cfm-slow_1" eclass="HBEFA3/PC_G_EU4" CO2="9292.79" CO="115.20" HC="0.75" NOx="3.80" PMx="0.19" fuel="3.99" electricity="0.00" noise="71.82" route="routebottom" type="cfm-slow" waiting="0.00" lane="right_0" pos="45.31" speed="21.58" angle="283.00" x="73.82" y="131.51"/>
        <vehicle id="cfm-slow_2" eclass="HBEFA3/PC_G_EU4" CO2="11723.22" CO="165.81" HC="1.04" NOx="4.93" PMx="0.26" fuel="5.04" electricity="0.00" noise="73.29" route="routetop" type="cfm-slow" waiting="0.00" lane="top_0" pos="12.20" speed="22.40" angle="252.47" x="37.96" y="127.26"/>
        <vehicle id="cfm-slow_3" eclass="HBEFA3/PC_G_EU4" CO2="14281.08" CO="220.28" HC="1.36" NOx="6.11" PMx="0.33" fuel="6.14" electricity="0.00" noise="74.87" route="routetop" type="cfm-slow" waiting="0.00" lane="top_0" pos="29.95" speed="23.58" angle="220.61" x="8.24" y="104.08"/>
        <vehicle id="cfm-slow_4" eclass="HBEFA3/PC_G_EU4" CO2="16220.03" CO="264.09" HC="1.61" NOx="6.99" PMx="0.38" fuel="6.97" electricity="0.00" noise="76.08" route="routetop" type="cfm-slow" waiting="0.00" lane="top_0" pos="48.91" speed="25.05" angle="186.50" x="-4.90" y="66.10"/>
        <vehicle id="cfm-slow_5" eclass="HBEFA3/PC_G_EU4" CO2="15988.34" CO="265.58" HC="1.61" NOx="6.84" PMx="0.38" fuel="6.87" electricity="0.00" noise="76.17" route="routetop" type="cfm-slow" waiting="0.00" lane="left_0" pos="19.37" speed="26.65" angle="149.61" x="7.38" y="24.43"/>
    </timestep>
    <timestep time="4.87">
        <vehicle id="cfm-fast_0" eclass="HBEFA3/PC_G_EU4" CO2="10864.79" CO="167.13" HC="1.03" NOx="4.40" PMx="0.25" fuel="4.67" electricity="0.00" noise="74.46" route="routetop" type="cfm-fast" waiting="0.00" lane="left_0" pos="41.71" speed="28.01" angle="109.41" x="45.95" y="-2.60"/>
        <vehicle id="cfm-fast_1" eclass="HBEFA3/PC_G_EU4" CO2="0.00" CO="0.00" HC="0.00" NOx="0.00" PMx="0.00" fuel="0.00" electricity="0.00" noise="72.31" route="routebottom" type="cfm-fast" waiting="0.00" lane="bottom_0" pos="11.16" speed="28.41" angle="74.31" x="87.28" y="-0.75"/>
        <vehicle id="cfm-fast_2" eclass="HBEFA3/PC_G_EU4" CO2="0.00" CO="0.00" HC="0.00" NOx="0.00" PMx="0.00" fuel="0.00" electricity="0.00" noise="70.96" route="routebottom" type="cfm-fast" waiting="0.00" lane="bottom_0" pos="30.94" speed="27.31" angle="38.83" x="120.32" y="24.97"/>
        <vehicle id="cfm-fast_3" eclass="HBEFA3/PC_G_EU4" CO2="0.00" CO="0.00" HC="0.00" NOx="0.00" PMx="0.00" fuel="0.00" electricity="0.00" noise="69.59" route="routebottom" type="cfm-fast" waiting="0.00" lane="bottom_0" pos="49.47" speed="24.81" angle="5.49" x="132.25" y="62.43"/>
        <vehicle id="cfm-fast_4" eclass="HBEFA3/PC_G_EU4" CO2="262908.42" CO="6177.45" HC="34.76" NOx="122.64" PMx="7.20" fuel="113.01" electricity="0.00" noise="146.70" route="routetop" type="cfm-fast" waiting="0.00" lane="top_1" pos="19.79" speed="66.01" angle="238.83" x="25.62" y="116.73"/>
        <vehicle id="cfm-fast_5" eclass="HBEFA3/PC_G_EU4" CO2="0.00" CO="0.00" HC="0.00" NOx="0.00" PMx="0.00" fuel="0.00" electricity="0.00" noise="69.16" route="routebottom" type="cfm-fast" waiting="0.00" lane="right_0" pos="15.87" speed="21.86" angle="335.89" x="123.90" y="96.49"/>
        <vehicle id="cfm-slow_0" eclass="HBEFA3/PC_G_EU4" CO2="7369.29" CO="75.52" HC="0.52" NOx="2.90" PMx="0.14" fuel="3.17" electricity="0.00" noise="70.73" route="routebottom" type="cfm-slow" waiting="0.00" lane="right_0" pos="29.15" speed="21.08" angle="312.02" x="105.46" y="118.06"/>
        <vehicle id="cfm-slow_1" eclass="HBEFA3/PC_G_EU4" CO2="9304.79" CO="115.45" HC="0.75" NOx="3.81" PMx="0.19" fuel="4.00" electricity="0.00" noise="71.83" route="routebottom" type="cfm-slow" waiting="0.00" lane="right_0" pos="45.52" speed="21.59" angle="282.61" x="73.36" y="131.58"/>
        <vehicle id="cfm-slow_2" eclass="HBEFA3/PC_G_EU4" CO2="11736.39" CO="166.10" HC="1.05" NOx="4.93" PMx="0.26" fuel="5.04" electricity="0.00" noise="73.30" route="routetop" type="cfm-slow" waiting="0.00" lane="top_0" pos="12.43" speed="22.42" angle="252.07" x="37.51" y="127.08"/>
        <vehicle id="cfm-slow_3" eclass="HBEFA3/PC_G_EU4" CO2="14288.57" CO="220.47" HC="1.36" NOx="6.11" PMx="0.33" fuel="6.14" electricity="0.00" noise="74.87" route="routetop" type="cfm-slow" waiting="0.00" lane="top_0" pos="30.19" speed="23.60" angle="220.17" x="7.94" y="103.67"/>
        <vehicle id="cfm-slow_4" eclass="HBEFA3/PC_G_EU4" CO2="16207.63" CO="263.89" HC="1.60" NOx="6.98" PMx="0.38" fuel="6.97" electricity="0.00" noise="76.07" route="routetop" type="cfm-slow" waiting="0.00" lane="top_0" pos="49.16" speed="25.07" angle="186.04" x="-4.91" y="65.56"/>
        <vehicle id="cfm-slow_5" eclass="HBEFA3/PC_G_EU4" CO2="15931.21" CO="264.48" HC="1.60" NOx="6.82" PMx="0.38" fuel="6.85" electricity="0.00" noise="76.15" route="routetop" type="cfm-slow" waiting="0.00" lane="left_0" pos="19.64" speed="26.66" angle="149.12" x="7.72" y="23.96"/>
    </timestep>
    <timestep time="4.88">
        <vehicle id="cfm-fast_0" eclass="HBEFA3/PC_G_EU4" CO2="10748.31" CO="164.77" HC="1.02" NOx="4.34" PMx="0.25" fuel="4.62" electricity="0.00" noise="74.43" route="routetop" type="cfm-fast" waiting="0.00" lane="left_0" pos="41.99" speed="28.02" angle="108.89" x="46.53" y="-2.76"/>
        <vehicle id="cfm-fast_1" eclass="HBEFA3/PC_G_EU4" CO2="0.00" CO="0.00" HC="0.00" NOx="0.00" PMx="0.00" fuel="0.00" electricity="0.00" noise="72.29" route="routebottom" type="cfm-fast" waiting="0.00" lane="bottom_0" pos="11.45" speed="28.40" angle="73.81" x="87.85" y="-0.54"/>
        <vehicle id="cfm-fast_2" eclass="HBEFA3/PC_G_EU4" CO2="0.00" CO="0.00" HC="0.00" NOx="0.00" PMx="0.00" fuel="0.00" electricity="0.00" noise="70.95" route="routebottom" type="cfm-fast" waiting="0.00" lane="bottom_0" pos="31.21" speed="27.29" angle="38.34" x="120.64" y="25.46"/>
        <vehicle id="cfm-fast_3" eclass="HBEFA3/PC_G_EU4" CO2="0.00" CO="0.00" HC="0.00" NOx="0.00" PMx="0.00" fuel="0.00" electricity="0.00" noise="69.58" route="routebottom" type="cfm-fast" waiting="0.00" lane="bottom_0" pos="49.72" speed="24.79" angle="5.03" x="132.26" y="62.97"/>
        <vehicle id="cfm-fast_4" eclass="HBEFA3/PC_G_EU4" CO2="263516.90" CO="6195.09" HC="34.86" NOx="122.93" PMx="7.22" fuel="113.27" electricity="0.00" noise="146.77" route="routetop" type="cfm-fast" waiting="0.00" lane="top_1" pos="20.46" speed="66.15" angle="237.63" x="24.52" y="115.93"/>
        <vehicle id="cfm-fast_5" eclass="HBEFA3/PC_G_EU4" CO2="0.00" CO="0.00" HC="0.00" NOx="0.00" PMx="0.00" fuel="0.00" electricity="0.00" noise="69.16" route="routebottom" type="cfm-fast" waiting="0.00" lane="right_0" pos="16.09" speed="21.85" angle="335.49" x="123.67" y="96.90"/>
        <vehicle id="cfm-slow_0" eclass="HBEFA3/PC_G_EU4" CO2="7376.76" CO="75.67" HC="0.52" NOx="2.91" PMx="0.14" fuel="3.17" electricity="0.00" noise="70.73" route="routebottom" type="cfm-slow" waiting="0.00" lane="right_0" pos="29.36" speed="21.09" angle="311.63" x="105.10" y="118.34"/>
        <vehicle id="cfm-slow_1" eclass="HBEFA3/PC_G_EU4" CO2="9316.91" CO="115.70" HC="0.76" NOx="3.81" PMx="0.19" fuel="4.00" electricity="0.00" noise="71.84" route="routebottom" type="cfm-slow" waiting="0.00" lane="right_0" pos="45.74" speed="21.60" angle="282.22" x="72.90" y="131.64"/>
        <vehicle id="cfm-slow_2" eclass="HBEFA3/PC_G_EU4" CO2="11749.61" CO="166.39" HC="1.05" NOx="4.94" PMx="0.26" fuel="5.05" electricity="0.00" noise="73.31" route="routetop" type="cfm-slow" waiting="0.00" lane="top_0" pos="12.65" speed="22.43" angle="251.66" x="37.07" y="126.90"/>
        <vehicle id="cfm-slow_3" eclass="HBEFA3/PC_G_EU4" CO2="14295.97" CO="220.65" HC="1.36" NOx="6.11" PMx="0.33" fuel="6.15" electricity="0.00" noise="74.88" route="routetop" type="cfm-slow" waiting="0.00" lane="top_0" pos="30.42" speed="23.61" angle="219.73" x="7.64" y="103.26"/>
        <vehicle id="cfm-slow_4" eclass="HBEFA3/PC_G_EU4" CO2="16194.93" CO="263.69" HC="1.60" NOx="6.98" PMx="0.38" fuel="6.96" electricity="0.00" noise="76.07" route="routetop" type="cfm-slow" waiting="0.00" lane="top_0" pos="49.41" speed="25.09" angle="185.59" x="-4.92" y="65.02"/>
        <vehicle id="cfm-slow_5" eclass="HBEFA3/PC_G_EU4" CO2="15873.60" CO="263.37" HC="1.60" NOx="6.79" PMx="0.38" fuel="6.82" electricity="0.00" noise="76.13" route="routetop" type="cfm-slow" waiting="0.00" lane="left_0" pos="19.90" speed="26.68" angle="148.62" x="8.05" y="23.50"/>
    </timestep>
    <timestep time="4.89">
        <vehicle id="cfm-fast_0" eclass="HBEFA3/PC_G_EU4" CO2="10631.80" CO="162.42" HC="1.01" NOx="4.29" PMx="0.24" fuel="4.57" electricity="0.00" noise="74.39" route="routetop" type="cfm-fast" waiting="0.00" lane="left_0" pos="42.27" speed="28.02" angle="108.40" x="47.11" y="-2.92"/>
        <vehicle id="cfm-fast_1" eclass="HBEFA3/PC_G_EU4" CO2="0.00" CO="0.00" HC="0.00" NOx="0.00" PMx="0.00" fuel="0.00" electricity="0.00" noise="72.27" route="routebottom" type="cfm-fast" waiting="0.00" lane="bottom_0" pos="11.73" speed="28.40" angle="73.33" x="88.42" y="-0.32"/>
        <vehicle id="cfm-fast_2" eclass="HBEFA3/PC_G_EU4" CO2="0.00" CO="0.00" HC="0.00" NOx="0.00" PMx="0.00" fuel="0.00" electricity="0.00" noise="70.94" route="routebottom" type="cfm-fast" waiting="0.00" lane="bottom_0" pos="31.48" speed="27.27" angle="37.85" x="120.97" y="25.95"/>
        <vehicle id="cfm-fast_3" eclass="HBEFA3/PC_G_EU4" CO2="0.00" CO="0.00" HC="0.00" NOx="0.00" PMx="0.00" fuel="0.00" electricity="0.00" noise="69.57" route="routebottom" type="cfm-fast" waiting="0.00" lane="bottom_0" pos="49.97" speed="24.77" angle="4.59" x="132.27" y="63.50"/>
        <vehicle id="cfm-fast_4" eclass="HBEFA3/PC_G_EU4" CO2="264125.69" CO="6212.76" HC="34.95" NOx="123.21" PMx="7.24" fuel="113.53" electricity="0.00" noise="146.83" route="routetop" type="cfm-fast" waiting="0.00" lane="top_1" pos="21.12" speed="66.28" angle="236.46" x="23.45" y="115.10"/>
        <vehicle id="cfm-fast_5" eclass="HBEFA3/PC_G_EU4" CO2="0.00" CO="0.00" HC="0.00" NOx="0.00" PMx="0.00" fuel="0.00" electricity="0.00" noise="69.17" route="routebottom" type="cfm-fast" waiting="0.00" lane="right_0" pos="16.30" speed="21.85" angle="335.10" x="123.44" y="97.31"/>
        <vehicle id="cfm-slow_0" eclass="HBEFA3/PC_G_EU4" CO2="7384.36" CO="75.83" HC="0.53" NOx="2.91" PMx="0.14" fuel="3.17" electricity="0.00" noise="70.74" route="routebottom" type="cfm-slow" waiting="0.00" lane="right_0" pos="29.58" speed="21.09" angle="311.30" x="104.74" y="118.61"/>
        <vehicle id="cfm-slow_1" eclass="HBEFA3/PC_G_EU4" CO2="9329.13" CO="115.96" HC="0.76" NOx="3.82" PMx="0.20" fuel="4.01" electricity="0.00" noise="71.85" route="routebottom" type="cfm-slow" waiting="0.00" lane="right_0" pos="45.96" speed="21.61" angle="281.83" x="72.44" y="131.71"/>
        <vehicle id="cfm-slow_2" eclass="HBEFA3/PC_G_EU4" CO2="11762.88" CO="166.67" HC="1.05" NOx="4.95" PMx="0.26" fuel="5.06" electricity="0.00" noise="73.32" route="routetop" type="cfm-slow" waiting="0.00" lane="top_0" pos="12.88" speed="22.45" angle="251.31" x="36.62" y="126.72"/>
        <vehicle id="cfm-slow_3" eclass="HBEFA3/PC_G_EU4" CO2="14303.30" CO="220.84" HC="1.36" NOx="6.12" PMx="0.33" fuel="6.15" electricity="0.00" noise="74.89" route="routetop" type="cfm-slow" waiting="0.00" lane="top_0" pos="30.66" speed="23.63" angle="219.30" x="7.35" y="102.85"/>
        <vehicle id="cfm-slow_4" eclass="HBEFA3/PC_G_EU4" CO2="16181.93" CO="263.48" HC="1.60" NOx="6.97" PMx="0.38" fuel="6.96" electricity="0.00" noise="76.07" route="routetop" type="cfm-slow" waiting="0.00" lane="top_0" pos="49.66" speed="25.11" angle="185.13" x="-4.93" y="64.48"/>
        <vehicle id="cfm-slow_5" eclass="HBEFA3/PC_G_EU4" CO2="15815.53" CO="262.25" HC="1.59" NOx="6.76" PMx="0.38" fuel="6.80" electricity="0.00" noise="76.10" route="routetop" type="cfm-slow" waiting="0.00" lane="left_0" pos="20.17" speed="26.69" angle="148.13" x="8.39" y="23.03"/>
    </timestep>
    <timestep time="4.90">
        <vehicle id="cfm-fast_0" eclass="HBEFA3/PC_G_EU4" CO2="10515.25" CO="160.06" HC="0.99" NOx="4.23" PMx="0.24" fuel="4.52" electricity="0.00" noise="74.36" route="routetop" type="cfm-fast" waiting="0.00" lane="left_0" pos="42.55" speed="28.03" angle="107.93" x="47.70" y="-3.05"/>
        <vehicle id="cfm-fast_1" eclass="HBEFA3/PC_G_EU4" CO2="0.00" CO="0.00" HC="0.00" NOx="0.00" PMx="0.00" fuel="0.00" electricity="0.00" noise="72.25" route="routebottom" type="cfm-fast" waiting="0.00" lane="bottom_0" pos="12.01" speed="28.39" angle="72.83" x="88.99" y="-0.09"/>
        <vehicle id="cfm-fast_2" eclass="HBEFA3/PC_G_EU4" CO2="0.00" CO="0.00" HC="0.00" NOx="0.00" PMx="0.00" fuel="0.00" electricity="0.00" noise="70.93" route="routebottom" type="cfm-fast" waiting="0.00" lane="bottom_0" pos="31.76" speed="27.25" angle="37.36" x="121.30" y="26.44"/>
        <vehicle id="cfm-fast_3" eclass="HBEFA3/PC_G_EU4" CO2="0.00" CO="0.00" HC="0.00" NOx="0.00" PMx="0.00" fuel="0.00" electricity="0.00" noise="69.56" route="routebottom" type="cfm-fast" waiting="0.00" lane="right_0" pos="0.21" speed="24.74" angle="4.08" x="132.26" y="64.22"/>
        <vehicle id="cfm-fast_4" eclass="HBEFA3/PC_G_EU4" CO2="264734.76" CO="6230.45" HC="35.05" NOx="123.50" PMx="7.25" fuel="113.80" electricity="0.00" noise="146.90" route="routetop" type="cfm-fast" waiting="0.00" lane="top_1" pos="21.78" speed="66.42" angle="235.30" x="22.37" y="114.26"/>
        <vehicle id="cfm-fast_5" eclass="HBEFA3/PC_G_EU4" CO2="0.00" CO="0.00" HC="0.00" NOx="0.00" PMx="0.00" fuel="0.00" electricity="0.00" noise="69.18" route="routebottom" type="cfm-fast" waiting="0.00" lane="right_0" pos="16.52" speed="21.85" angle="334.70" x="123.21" y="97.72"/>
        <vehicle id="cfm-slow_0" eclass="HBEFA3/PC_G_EU4" CO2="7392.11" CO="75.99" HC="0.53" NOx="2.91" PMx="0.14" fuel="3.18" electricity="0.00" noise="70.75" route="routebottom" type="cfm-slow" waiting="0.00" lane="right_0" pos="29.79" speed="21.10" angle="310.91" x="104.37" y="118.88"/>
        <vehicle id="cfm-slow_1" eclass="HBEFA3/PC_G_EU4" CO2="9341.46" CO="116.21" HC="0.76" NOx="3.82" PMx="0.20" fuel="4.02" electricity="0.00" noise="71.86" route="routebottom" type="cfm-slow" waiting="0.00" lane="right_0" pos="46.17" speed="21.62" angle="281.49" x="71.98" y="131.77"/>
        <vehicle id="cfm-slow_2" eclass="HBEFA3/PC_G_EU4" CO2="11776.19" CO="166.96" HC="1.05" NOx="4.95" PMx="0.26" fuel="5.06" electricity="0.00" noise="73.33" route="routetop" type="cfm-slow" waiting="0.00" lane="top_0" pos="13.10" speed="22.46" angle="250.90" x="36.18" y="126.52"/>
        <vehicle id="cfm-slow_3" eclass="HBEFA3/PC_G_EU4" CO2="14310.54" CO="221.02" HC="1.36" NOx="6.12" PMx="0.33" fuel="6.15" electricity="0.00" noise="74.89" route="routetop" type="cfm-slow" waiting="0.00" lane="top_0" pos="30.90" speed="23.65" angle="218.92" x="7.06" y="102.43"/>
        <vehicle id="cfm-slow_4" eclass="HBEFA3/PC_G_EU4" CO2="16168.62" CO="263.27" HC="1.60" NOx="6.96" PMx="0.38" fuel="6.95" electricity="0.00" noise="76.06" route="routetop" type="cfm-slow" waiting="0.00" lane="top_0" pos="49.91" speed="25.12" angle="184.67" x="-4.95" y="63.94"/>
        <vehicle id="cfm-slow_5" eclass="HBEFA3/PC_G_EU4" CO2="15757.00" CO="261.12" HC="1.58" NOx="6.73" PMx="0.37" fuel="6.77" electricity="0.00" noise="76.08" route="routetop" type="cfm-slow" waiting="0.00" lane="left_0" pos="20.44" speed="26.71" angle="147.67" x="8.73" y="22.57"/>
    </timestep>
    <timestep time="4.91">
        <vehicle id="cfm-fast_0" eclass="HBEFA3/PC_G_EU4" CO2="10398.69" CO="157.70" HC="0.98" NOx="4.18" PMx="0.24" fuel="4.47" electricity="0.00" noise="74.32" route="routetop" type="cfm-fast" waiting="0.00" lane="left_0" pos="42.83" speed="28.04" angle="107.43" x="48.28" y="-3.19"/>
        <vehicle id="cfm-fast_1" eclass="HBEFA3/PC_G_EU4" CO2="0.00" CO="0.00" HC="0.00" NOx="0.00" PMx="0.00" fuel="0.00" electricity="0.00" noise="72.24" route="routebottom" type="cfm-fast" waiting="0.00" lane="bottom_0" pos="12.30" speed="28.38" angle="72.32" x="89.56" y="0.14"/>
        <vehicle id="cfm-fast_2" eclass="HBEFA3/PC_G_EU4" CO2="0.00" CO="0.00" HC="0.00" NOx="0.00" PMx="0.00" fuel="0.00" electricity="0.00" noise="70.91" route="routebottom" type="cfm-fast" waiting="0.00" lane="bottom_0" pos="32.03" speed="27.23" angle="36.93" x="121.62" y="26.92"/>
        <vehicle id="cfm-fast_3" eclass="HBEFA3/PC_G_EU4" CO2="0.00" CO="0.00" HC="0.00" NOx="0.00" PMx="0.00" fuel="0.00" electricity="0.00" noise="69.55" route="routebottom" type="cfm-fast" waiting="0.00" lane="right_0" pos="0.46" speed="24.72" angle="3.63" x="132.25" y="64.75"/>
        <vehicle id="cfm-fast_4" eclass="HBEFA3/PC_G_EU4" CO2="265344.12" CO="6248.16" HC="35.14" NOx="123.79" PMx="7.27" fuel="114.06" electricity="0.00" noise="146.97" route="routetop" type="cfm-fast" waiting="0.00" lane="top_1" pos="22.45" speed="66.56" angle="234.06" x="21.33" y="113.38"/>
        <vehicle id="cfm-fast_5" eclass="HBEFA3/PC_G_EU4" CO2="0.00" CO="0.00" HC="0.00" NOx="0.00" PMx="0.00" fuel="0.00" electricity="0.00" noise="69.18" route="routebottom" type="cfm-fast" waiting="0.00" lane="right_0" pos="16.74" speed="21.84" angle="334.36" x="122.98" y="98.13"/>
        <vehicle id="cfm-slow_0" eclass="HBEFA3/PC_G_EU4" CO2="7400.00" CO="76.15" HC="0.53" NOx="2.92" PMx="0.14" fuel="3.18" electricity="0.00" noise="70.75" route="routebottom" type="cfm-slow" waiting="0.00" lane="right_0" pos="30.00" speed="21.11" angle="310.52" x="104.00" y="119.14"/>
        <vehicle id="cfm-slow_1" eclass="HBEFA3/PC_G_EU4" CO2="9353.90" CO="116.47" HC="0.76" NOx="3.83" PMx="0.20" fuel="4.02" electricity="0.00" noise="71.86" route="routebottom" type="cfm-slow" waiting="0.00" lane="right_0" pos="46.39" speed="21.63" angle="281.11" x="71.51" y="131.82"/>
        <vehicle id="cfm-slow_2" eclass="HBEFA3/PC_G_EU4" CO2="11789.54" CO="167.25" HC="1.05" NOx="4.96" PMx="0.26" fuel="5.07" electricity="0.00" noise="73.34" route="routetop" type="cfm-slow" waiting="0.00" lane="top_0" pos="13.32" speed="22.47" angle="250.49" x="35.74" y="126.32"/>
        <vehicle id="cfm-slow_3" eclass="HBEFA3/PC_G_EU4" CO2="14317.69" CO="221.21" HC="1.36" NOx="6.12" PMx="0.33" fuel="6.15" electricity="0.00" noise="74.90" route="routetop" type="cfm-slow" waiting="0.00" lane="top_0" pos="31.13" speed="23.66" angle="218.49" x="6.78" y="102.00"/>
        <vehicle id="cfm-slow_4" eclass="HBEFA3/PC_G_EU4" CO2="16154.99" CO="263.05" HC="1.60" NOx="6.96" PMx="0.38" fuel="6.94" electricity="0.00" noise="76.05" route="routetop" type="cfm-slow" waiting="0.00" lane="left_0" pos="0.17" speed="25.14" angle="184.18" x="-4.94" y="63.21"/>
        <vehicle id="cfm-slow_5" eclass="HBEFA3/PC_G_EU4" CO2="15698.01" CO="259.97" HC="1.58" NOx="6.71" PMx="0.37" fuel="6.75" electricity="0.00" noise="76.05" route="routetop" type="cfm-slow" waiting="0.00" lane="left_0" pos="20.70" speed="26.73" angle="147.20" x="9.08" y="22.11"/>
    </timestep>
    <timestep time="4.92">
        <vehicle id="cfm-fast_0" eclass="HBEFA3/PC_G_EU4" CO2="10282.12" CO="155.34" HC="0.97" NOx="4.12" PMx="0.24" fuel="4.42" electricity="0.00" noise="74.29" route="routetop" type="cfm-fast" waiting="0.00" lane="left_0" pos="43.11" speed="28.05" angle="106.93" x="48.87" y="-3.32"/>
        <vehicle id="cfm-fast_1" eclass="HBEFA3/PC_G_EU4" CO2="0.00" CO="0.00" HC="0.00" NOx="0.00" PMx="0.00" fuel="0.00" electricity="0.00" noise="72.22" route="routebottom" type="cfm-fast" waiting="0.00" lane="bottom_0" pos="12.58" speed="28.38" angle="71.82" x="90.12" y="0.36"/>
        <vehicle id="cfm-fast_2" eclass="HBEFA3/PC_G_EU4" CO2="0.00" CO="0.00" HC="0.00" NOx="0.00" PMx="0.00" fuel="0.00" electricity="0.00" noise="70.90" route="routebottom" type="cfm-fast" waiting="0.00" lane="bottom_0" pos="32.30" speed="27.21" angle="36.44" x="121.93" y="27.42"/>
        <vehicle id="cfm-fast_3" eclass="HBEFA3/PC_G_EU4" CO2="0.00" CO="0.00" HC="0.00" NOx="0.00" PMx="0.00" fuel="0.00" electricity="0.00" noise="69.54" route="routebottom" type="cfm-fast" waiting="0.00" lane="right_0" pos="0.71" speed="24.70" angle="3.19" x="132.24" y="65.28"/>
        <vehicle id="cfm-fast_4" eclass="HBEFA3/PC_G_EU4" CO2="265953.78" CO="6265.90" HC="35.24" NOx="124.07" PMx="7.29" fuel="114.32" electricity="0.00" noise="147.03" route="routetop" type="cfm-fast" waiting="0.00" lane="top_1" pos="23.12" speed="66.69" angle="232.88" x="20.29" y="112.49"/>
        <vehicle id="cfm-fast_5" eclass="HBEFA3/PC_G_EU4" CO2="0.00" CO="0.00" HC="0.00" NOx="0.00" PMx="0.00" fuel="0.00" electricity="0.00" noise="69.19" route="routebottom" type="cfm-fast" waiting="0.00" lane="right_0" pos="16.96" speed="21.84" angle="333.96" x="122.74" y="98.53"/>
        <vehicle id="cfm-slow_0" eclass="HBEFA3/PC_G_EU4" CO2="7408.03" CO="76.32" HC="0.53" NOx="2.92" PMx="0.14" fuel="3.18" electricity="0.00" noise="70.76" route="routebottom" type="cfm-slow" waiting="0.00" lane="right_0" pos="30.21" speed="21.12" angle="310.13" x="103.63" y="119.41"/>
        <vehicle id="cfm-slow_1" eclass="HBEFA3/PC_G_EU4" CO2="9366.43" CO="116.74" HC="0.76" NOx="3.83" PMx="0.20" fuel="4.03" electricity="0.00" noise="71.87" route="routebottom" type="cfm-slow" waiting="0.00" lane="right_0" pos="46.60" speed="21.64" angle="280.71" x="71.05" y="131.87"/>
        <vehicle id="cfm-slow_2" eclass="HBEFA3/PC_G_EU4" CO2="11802.93" CO="167.54" HC="1.05" NOx="4.96" PMx="0.26" fuel="5.07" electricity="0.00" noise="73.35" route="routetop" type="cfm-slow" waiting="0.00" lane="top_0" pos="13.55" speed="22.49" angle="250.08" x="35.30" y="126.13"/>
        <vehicle id="cfm-slow_3" eclass="HBEFA3/PC_G_EU4" CO2="14324.76" CO="221.39" HC="1.36" NOx="6.13" PMx="0.33" fuel="6.16" electricity="0.00" noise="74.90" route="routetop" type="cfm-slow" waiting="0.00" lane="top_0" pos="31.37" speed="23.68" angle="218.07" x="6.49" y="101.58"/>
        <vehicle id="cfm-slow_4" eclass="HBEFA3/PC_G_EU4" CO2="16141.05" CO="262.82" HC="1.60" NOx="6.95" PMx="0.38" fuel="6.94" electricity="0.00" noise="76.05" route="routetop" type="cfm-slow" waiting="0.00" lane="left_0" pos="0.42" speed="25.16" angle="183.72" x="-4.93" y="62.67"/>
        <vehicle id="cfm-slow_5" eclass="HBEFA3/PC_G_EU4" CO2="15638.56" CO="258.82" HC="1.57" NOx="6.68" PMx="0.37" fuel="6.72" electricity="0.00" noise="76.03" route="routetop" type="cfm-slow" waiting="0.00" lane="left_0" pos="20.97" speed="26.74" angle="146.71" x="9.43" y="21.66"/>
    </timestep>
    <timestep time="4.93">
        <vehicle id="cfm-fast_0" eclass="HBEFA3/PC_G_EU4" CO2="10165.54" CO="152.98" HC="0.95" NOx="4.07" PMx="0.23" fuel="4.37" electricity="0.00" noise="74.25" route="routetop" type="cfm-fast" waiting="0.00" lane="left_0" pos="43.39" speed="28.05" angle="106.44" x="49.46" y="-3.46"/>
        <vehicle id="cfm-fast_1" eclass="HBEFA3/PC_G_EU4" CO2="0.00" CO="0.00" HC="0.00" NOx="0.00" PMx="0.00" fuel="0.00" electricity="0.00" noise="72.20" route="routebottom" type="cfm-fast" waiting="0.00" lane="bottom_0" pos="12.86" speed="28.37" angle="71.36" x="90.69" y="0.60"/>
        <vehicle id="cfm-fast_2" eclass="HBEFA3/PC_G_EU4" CO2="0.00" CO="0.00" HC="0.00" NOx="0.00" PMx="0.00" fuel="0.00" electricity="0.00" noise="70.89" route="routebottom" type="cfm-fast" waiting="0.00" lane="bottom_0" pos="32.57" speed="27.19" angle="35.93" x="122.22" y="27.93"/>
        <vehicle id="cfm-fast_3" eclass="HBEFA3/PC_G_EU4" CO2="0.00" CO="0.00" HC="0.00" NOx="0.00" PMx="0.00" fuel="0.00" electricity="0.00" noise="69.54" route="routebottom" type="cfm-fast" waiting="0.00" lane="right_0" pos="0.96" speed="24.68" angle="2.74" x="132.23" y="65.81"/>
        <vehicle id="cfm-fast_4" eclass="HBEFA3/PC_G_EU4" CO2="266563.73" CO="6283.65" HC="35.34" NOx="124.36" PMx="7.31" fuel="114.58" electricity="0.00" noise="147.10" route="routetop" type="cfm-fast" waiting="0.00" lane="top_1" pos="23.78" speed="66.83" angle="231.66" x="19.29" y="111.56"/>
        <vehicle id="cfm-fast_5" eclass="HBEFA3/PC_G_EU4" CO2="0.00" CO="0.00" HC="0.00" NOx="0.00" PMx="0.00" fuel="0.00" electricity="0.00" noise="69.19" route="routebottom" type="cfm-fast" waiting="0.00" lane="right_0" pos="17.18" speed="21.84" angle="333.57" x="122.50" y="98.94"/>
        <vehicle id="cfm-slow_0" eclass="HBEFA3/PC_G_EU4" CO2="7416.19" CO="76.48" HC="0.53" NOx="2.93" PMx="0.14" fuel="3.19" electricity="0.00" noise="70.77" route="routebottom" type="cfm-slow" waiting="0.00" lane="right_0" pos="30.42" speed="21.12" angle="309.73" x="103.26" y="119.67"/>
        <vehicle id="cfm-slow_1" eclass="HBEFA3/PC_G_EU4" CO2="9379.07" CO="117.00" HC="0.76" NOx="3.84" PMx="0.20" fuel="4.03" electricity="0.00" noise="71.88" route="routebottom" type="cfm-slow" waiting="0.00" lane="right_0" pos="46.82" speed="21.65" angle="280.31" x="70.59" y="131.92"/>
        <vehicle id="cfm-slow_2" eclass="HBEFA3/PC_G_EU4" CO2="11816.35" CO="167.84" HC="1.06" NOx="4.97" PMx="0.26" fuel="5.08" electricity="0.00" noise="73.36" route="routetop" type="cfm-slow" waiting="0.00" lane="top_0" pos="13.77" speed="22.50" angle="249.67" x="34.85" y="125.93"/>
        <vehicle id="cfm-slow_3" eclass="HBEFA3/PC_G_EU4" CO2="14331.73" CO="221.57" HC="1.36" NOx="6.13" PMx="0.33" fuel="6.16" electricity="0.00" noise="74.91" route="routetop" type="cfm-slow" waiting="0.00" lane="top_0" pos="31.61" speed="23.70" angle="217.64" x="6.21" y="101.16"/>
        <vehicle id="cfm-slow_4" eclass="HBEFA3/PC_G_EU4" CO2="16126.80" CO="262.59" HC="1.60" NOx="6.94" PMx="0.38" fuel="6.93" electricity="0.00" noise="76.04" route="routetop" type="cfm-slow" waiting="0.00" lane="left_0" pos="0.67" speed="25.18" angle="183.27" x="-4.92" y="62.13"/>
        <vehicle id="cfm-slow_5" eclass="HBEFA3/PC_G_EU4" CO2="15578.66" CO="257.66" HC="1.56" NOx="6.65" PMx="0.37" fuel="6.70" electricity="0.00" noise="76.00" route="routetop" type="cfm-slow" waiting="0.00" lane="left_0" pos="21.24" speed="26.76" angle="146.22" x="9.79" y="21.20"/>
    </timestep>
    <timestep time="4.94">
        <vehicle id="cfm-fast_0" eclass="HBEFA3/PC_G_EU4" CO2="10048.97" CO="150.62" HC="0.94" NOx="4.01" PMx="0.23" fuel="4.32" electricity="0.00" noise="74.22" route="routetop" type="cfm-fast" waiting="0.00" lane="left_0" pos="43.68" speed="28.06" angle="105.99" x="50.05" y="-3.59"/>
        <vehicle id="cfm-fast_1" eclass="HBEFA3/PC_G_EU4" CO2="0.00" CO="0.00" HC="0.00" NOx="0.00" PMx="0.00" fuel="0.00" electricity="0.00" noise="72.18" route="routebottom" type="cfm-fast" waiting="0.00" lane="bottom_0" pos="13.15" speed="28.36" angle="70.83" x="91.24" y="0.85"/>
        <vehicle id="cfm-fast_2" eclass="HBEFA3/PC_G_EU4" CO2="0.00" CO="0.00" HC="0.00" NOx="0.00" PMx="0.00" fuel="0.00" electricity="0.00" noise="70.88" route="routebottom" type="cfm-fast" waiting="0.00" lane="bottom_0" pos="32.84" speed="27.17" angle="35.42" x="122.52" y="28.43"/>
        <vehicle id="cfm-fast_3" eclass="HBEFA3/PC_G_EU4" CO2="0.00" CO="0.00" HC="0.00" NOx="0.00" PMx="0.00" fuel="0.00" electricity="0.00" noise="69.53" route="routebottom" type="cfm-fast" waiting="0.00" lane="right_0" pos="1.20" speed="24.66" angle="2.30" x="132.22" y="66.35"/>
        <vehicle id="cfm-fast_4" eclass="HBEFA3/PC_G_EU4" CO2="267173.97" CO="6301.43" HC="35.43" NOx="124.64" PMx="7.33" fuel="114.84" electricity="0.00" noise="147.16" route="routetop" type="cfm-fast" waiting="0.00" lane="top_1" pos="24.45" speed="66.97" angle="230.49" x="18.28" y="110.62"/>
        <vehicle id="cfm-fast_5" eclass="HBEFA3/PC_G_EU4" CO2="0.00" CO="0.00" HC="0.00" NOx="0.00" PMx="0.00" fuel="0.00" electricity="0.00" noise="69.20" route="routebottom" type="cfm-fast" waiting="0.00" lane="right_0" pos="17.40" speed="21.83" angle="333.17" x="122.26" y="99.34"/>
        <vehicle id="cfm-slow_0" eclass="HBEFA3/PC_G_EU4" CO2="7424.49" CO="76.65" HC="0.53" NOx="2.93" PMx="0.14" fuel="3.19" electricity="0.00" noise="70.77" route="routebottom" type="cfm-slow" waiting="0.00" lane="right_0" pos="30.63" speed="21.13" angle="309.34" x="102.89" y="119.94"/>
        <vehicle id="cfm-slow_1" eclass="HBEFA3/PC_G_EU4" CO2="9391.81" CO="117.27" HC="0.76" NOx="3.84" PMx="0.20" fuel="4.04" electricity="0.00" noise="71.89" route="routebottom" type="cfm-slow" waiting="0.00" lane="right_0" pos="47.04" speed="21.66" angle="279.91" x="70.12" y="131.96"/>
        <vehicle id="cfm-slow_2" eclass="HBEFA3/PC_G_EU4" CO2="11829.82" CO="168.13" HC="1.06" NOx="4.98" PMx="0.26" fuel="5.09" electricity="0.00" noise="73.37" route="routetop" type="cfm-slow" waiting="0.00" lane="top_0" pos="14.00" speed="22.52" angle="249.28" x="34.41" y="125.73"/>
        <vehicle id="cfm-slow_3" eclass="HBEFA3/PC_G_EU4" CO2="14338.61" CO="221.74" HC="1.36" NOx="6.13" PMx="0.33" fuel="6.16" electricity="0.00" noise="74.92" route="routetop" type="cfm-slow" waiting="0.00" lane="top_0" pos="31.84" speed="23.71" angle="217.21" x="5.93" y="100.73"/>
        <vehicle id="cfm-slow_4" eclass="HBEFA3/PC_G_EU4" CO2="16112.22" CO="262.35" HC="1.60" NOx="6.94" PMx="0.38" fuel="6.93" electricity="0.00" noise="76.04" route="routetop" type="cfm-slow" waiting="0.00" lane="left_0" pos="0.92" speed="25.20" angle="182.81" x="-4.91" y="61.59"/>
        <vehicle id="cfm-slow_5" eclass="HBEFA3/PC_G_EU4" CO2="15518.30" CO="256.49" HC="1.56" NOx="6.62" PMx="0.37" fuel="6.67" electricity="0.00" noise="75.98" route="routetop" type="cfm-slow" waiting="0.00" lane="left_0" pos="21.51" speed="26.77" angle="145.73" x="10.14" y="20.75"/>
    </timestep>
    <timestep time="4.95">
        <vehicle id="cfm-fast_0" eclass="HBEFA3/PC_G_EU4" CO2="9932.42" CO="148.26" HC="0.93" NOx="3.96" PMx="0.23" fuel="4.27" electricity="0.00" noise="74.19" route="routetop" type="cfm-fast" waiting="0.00" lane="left_0" pos="43.96" speed="28.07" angle="105.47" x="50.64" y="-3.70"/>
        <vehicle id="cfm-fast_1" eclass="HBEFA3/PC_G_EU4" CO2="0.00" CO="0.00" HC="0.00" NOx="0.00" PMx="0.00" fuel="0.00" electricity="0.00" noise="72.16" route="routebottom" type="cfm-fast" waiting="0.00" lane="bottom_0" pos="13.43" speed="28.35" angle="70.31" x="91.80" y="1.10"/>
        <vehicle id="cfm-fast_2" eclass="HBEFA3/PC_G_EU4" CO2="0.00" CO="0.00" HC="0.00" NOx="0.00" PMx="0.00" fuel="0.00" electricity="0.00" noise="70.87" route="routebottom" type="cfm-fast" waiting="0.00" lane="bottom_0" pos="33.11" speed="27.14" angle="34.91" x="122.82" y="28.93"/>
        <vehicle id="cfm-fast_3" eclass="HBEFA3/PC_G_EU4" CO2="0.00" CO="0.00" HC="0.00" NOx="0.00" PMx="0.00" fuel="0.00" electricity="0.00" noise="69.52" route="routebottom" type="cfm-fast" waiting="0.00" lane="right_0" pos="1.45" speed="24.64" angle="1.87" x="132.19" y="66.87"/>
        <vehicle id="cfm-fast_4" eclass="HBEFA3/PC_G_EU4" CO2="267784.50" CO="6319.23" HC="35.53" NOx="124.93" PMx="7.34" fuel="115.11" electricity="0.00" noise="147.23" route="routetop" type="cfm-fast" waiting="0.00" lane="top_1" pos="25.12" speed="67.10" angle="229.29" x="17.31" y="109.65"/>
        <vehicle id="cfm-fast_5" eclass="HBEFA3/PC_G_EU4" CO2="0.00" CO="0.00" HC="0.00" NOx="0.00" PMx="0.00" fuel="0.00" electricity="0.00" noise="69.20" route="routebottom" type="cfm-fast" waiting="0.00" lane="right_0" pos="17.61" speed="21.83" angle="332.78" x="122.02" y="99.74"/>
        <vehicle id="cfm-slow_0" eclass="HBEFA3/PC_G_EU4" CO2="7432.92" CO="76.83" HC="0.53" NOx="2.93" PMx="0.15" fuel="3.20" electricity="0.00" noise="70.78" route="routebottom" type="cfm-slow" waiting="0.00" lane="right_0" pos="30.84" speed="21.14" angle="309.01" x="102.52" y="120.20"/>
        <vehicle id="cfm-slow_1" eclass="HBEFA3/PC_G_EU4" CO2="9404.65" CO="117.54" HC="0.77" NOx="3.85" PMx="0.20" fuel="4.04" electricity="0.00" noise="71.90" route="routebottom" type="cfm-slow" waiting="0.00" lane="right_0" pos="47.25" speed="21.67" angle="279.51" x="69.66" y="132.01"/>
        <vehicle id="cfm-slow_2" eclass="HBEFA3/PC_G_EU4" CO2="11843.31" CO="168.42" HC="1.06" NOx="4.98" PMx="0.26" fuel="5.09" electricity="0.00" noise="73.38" route="routetop" type="cfm-slow" waiting="0.00" lane="top_0" pos="14.23" speed="22.53" angle="248.90" x="33.98" y="125.52"/>
        <vehicle id="cfm-slow_3" eclass="HBEFA3/PC_G_EU4" CO2="14345.39" CO="221.92" HC="1.37" NOx="6.13" PMx="0.33" fuel="6.17" electricity="0.00" noise="74.92" route="routetop" type="cfm-slow" waiting="0.00" lane="top_0" pos="32.08" speed="23.73" angle="216.84" x="5.65" y="100.30"/>
        <vehicle id="cfm-slow_4" eclass="HBEFA3/PC_G_EU4" CO2="16097.33" CO="262.10" HC="1.59" NOx="6.93" PMx="0.38" fuel="6.92" electricity="0.00" noise="76.03" route="routetop" type="cfm-slow" waiting="0.00" lane="left_0" pos="1.17" speed="25.21" angle="182.35" x="-4.89" y="61.05"/>
        <vehicle id="cfm-slow_5" eclass="HBEFA3/PC_G_EU4" CO2="15457.50" CO="255.31" HC="1.55" NOx="6.59" PMx="0.37" fuel="6.64" electricity="0.00" noise="75.95" route="routetop" type="cfm-slow" waiting="0.00" lane="left_0" pos="21.77" speed="26.79" angle="145.29" x="10.50" y="20.30"/>
    </timestep>
    <timestep time="4.96">
        <vehicle id="cfm-fast_0" eclass="HBEFA3/PC_G_EU4" CO2="9815.90" CO="145.89" HC="0.91" NOx="3.90" PMx="0.22" fuel="4.22" electricity="0.00" noise="74.15" route="routetop" type="cfm-fast" waiting="0.00" lane="left_0" pos="44.24" speed="28.07" angle="104.95" x="51.24" y="-3.81"/>
        <vehicle id="cfm-fast_1" eclass="HBEFA3/PC_G_EU4" CO2="0.00" CO="0.00" HC="0.00" NOx="0.00" PMx="0.00" fuel="0.00" electricity="0.00" noise="72.15" route="routebottom" type="cfm-fast" waiting="0.00" lane="bottom_0" pos="13.71" speed="28.35" angle="69.78" x="92.36" y="1.35"/>
        <vehicle id="cfm-fast_2" eclass="HBEFA3/PC_G_EU4" CO2="0.00" CO="0.00" HC="0.00" NOx="0.00" PMx="0.00" fuel="0.00" electricity="0.00" noise="70.85" route="routebottom" type="cfm-fast" waiting="0.00" lane="bottom_0" pos="33.39" speed="27.12" angle="34.46" x="123.12" y="29.43"/>
        <vehicle id="cfm-fast_3" eclass="HBEFA3/PC_G_EU4" CO2="0.00" CO="0.00" HC="0.00" NOx="0.00" PMx="0.00" fuel="0.00" electricity="0.00" noise="69.51" route="routebottom" type="cfm-fast" waiting="0.00" lane="right_0" pos="1.69" speed="24.62" angle="1.43" x="132.16" y="67.40"/>
        <vehicle id="cfm-fast_4" eclass="HBEFA3/PC_G_EU4" CO2="268395.32" CO="6337.05" HC="35.63" NOx="125.22" PMx="7.36" fuel="115.37" electricity="0.00" noise="147.30" route="routetop" type="cfm-fast" waiting="0.00" lane="top_1" pos="25.80" speed="67.24" angle="228.13" x="16.34" y="108.67"/>
        <vehicle id="cfm-fast_5" eclass="HBEFA3/PC_G_EU4" CO2="0.00" CO="0.00" HC="0.00" NOx="0.00" PMx="0.00" fuel="0.00" electricity="0.00" noise="69.21" route="routebottom" type="cfm-fast" waiting="0.00" lane="right_0" pos="17.83" speed="21.83" angle="332.41" x="121.78" y="100.15"/>
        <vehicle id="cfm-slow_0" eclass="HBEFA3/PC_G_EU4" CO2="7441.49" CO="77.00" HC="0.53" NOx="2.94" PMx="0.15" fuel="3.20" electricity="0.00" noise="70.79" route="routebottom" type="cfm-slow" waiting="0.00" lane="right_0" pos="31.05" speed="21.15" angle="308.63" x="102.14" y="120.45"/>
        <vehicle id="cfm-slow_1" eclass="HBEFA3/PC_G_EU4" CO2="9417.59" CO="117.81" HC="0.77" NOx="3.86" PMx="0.20" fuel="4.05" electricity="0.00" noise="71.91" route="routebottom" type="cfm-slow" waiting="0.00" lane="right_0" pos="47.47" speed="21.68" angle="279.18" x="69.20" y="132.06"/>
        <vehicle id="cfm-slow_2" eclass="HBEFA3/PC_G_EU4" CO2="11856.84" CO="168.72" HC="1.06" NOx="4.99" PMx="0.26" fuel="5.10" electricity="0.00" noise="73.39" route="routetop" type="cfm-slow" waiting="0.00" lane="top_0" pos="14.45" speed="22.54" angle="248.47" x="33.54" y="125.30"/>
        <vehicle id="cfm-slow_3" eclass="HBEFA3/PC_G_EU4" CO2="14352.07" CO="222.09" HC="1.37" NOx="6.14" PMx="0.33" fuel="6.17" electricity="0.00" noise="74.93" route="routetop" type="cfm-slow" waiting="0.00" lane="top_0" pos="32.32" speed="23.75" angle="216.39" x="5.39" y="99.87"/>
        <vehicle id="cfm-slow_4" eclass="HBEFA3/PC_G_EU4" CO2="16082.11" CO="261.85" HC="1.59" NOx="6.92" PMx="0.38" fuel="6.91" electricity="0.00" noise="76.03" route="routetop" type="cfm-slow" waiting="0.00" lane="left_0" pos="1.43" speed="25.23" angle="181.92" x="-4.87" y="60.50"/>
        <vehicle id="cfm-slow_5" eclass="HBEFA3/PC_G_EU4" CO2="15396.25" CO="254.12" HC="1.54" NOx="6.56" PMx="0.37" fuel="6.62" electricity="0.00" noise="75.93" route="routetop" type="cfm-slow" waiting="0.00" lane="left_0" pos="22.04" speed="26.80" angle="144.79" x="10.87" y="19.86"/>
    </timestep>
    <timestep time="4.97">
        <vehicle id="cfm-fast_0" eclass="HBEFA3/PC_G_EU4" CO2="9699.40" CO="143.53" HC="0.90" NOx="3.85" PMx="0.22" fuel="4.17" electricity="0.00" noise="74.12" route="routetop" type="cfm-fast" waiting="0.00" lane="left_0" pos="44.52" speed="28.08" angle="104.43" x="51.83" y="-3.92"/>
        <vehicle id="cfm-fast_1" eclass="HBEFA3/PC_G_EU4" CO2="0.00" CO="0.00" HC="0.00" NOx="0.00" PMx="0.00" fuel="0.00" electricity="0.00" noise="72.13" route="routebottom" type="cfm-fast" waiting="0.00" lane="bottom_0" pos="14.00" speed="28.34" angle="69.28" x="92.91" y="1.60"/>
        <vehicle id="cfm-fast_2" eclass="HBEFA3/PC_G_EU4" CO2="0.00" CO="0.00" HC="0.00" NOx="0.00" PMx="0.00" fuel="0.00" electricity="0.00" noise="70.84" route="routebottom" type="cfm-fast" waiting="0.00" lane="bottom_0" pos="33.66" speed="27.10" angle="33.96" x="123.40" y="29.94"/>
        <vehicle id="cfm-fast_3" eclass="HBEFA3/PC_G_EU4" CO2="0.00" CO="0.00" HC="0.00" NOx="0.00" PMx="0.00" fuel="0.00" electricity="0.00" noise="69.50" route="routebottom" type="cfm-fast" waiting="0.00" lane="right_0" pos="1.94" speed="24.60" angle="0.99" x="132.13" y="67.93"/>
        <vehicle id="cfm-fast_4" eclass="HBEFA3/PC_G_EU4" CO2="269006.44" CO="6354.89" HC="35.72" NOx="125.50" PMx="7.38" fuel="115.63" electricity="0.00" noise="147.36" route="routetop" type="cfm-fast" waiting="0.00" lane="top_1" pos="26.47" speed="67.38" angle="226.88" x="15.40" y="107.66"/>
        <vehicle id="cfm-fast_5" eclass="HBEFA3/PC_G_EU4" CO2="0.00" CO="0.00" HC="0.00" NOx="0.00" PMx="0.00" fuel="0.00" electricity="0.00" noise="69.22" route="routebottom" type="cfm-fast" waiting="0.00" lane="right_0" pos="18.05" speed="21.83" angle="332.04" x="121.52" y="100.54"/>
        <vehicle id="cfm-slow_0" eclass="HBEFA3/PC_G_EU4" CO2="7450.18" CO="77.18" HC="0.53" NOx="2.94" PMx="0.15" fuel="3.20" electricity="0.00" noise="70.79" route="routebottom" type="cfm-slow" waiting="0.00" lane="right_0" pos="31.27" speed="21.15" angle="308.25" x="101.77" y="120.71"/>
        <vehicle id="cfm-slow_1" eclass="HBEFA3/PC_G_EU4" CO2="9430.62" CO="118.08" HC="0.77" NOx="3.86" PMx="0.20" fuel="4.05" electricity="0.00" noise="71.92" route="routebottom" type="cfm-slow" waiting="0.00" lane="right_0" pos="47.69" speed="21.70" angle="278.78" x="68.73" y="132.09"/>
        <vehicle id="cfm-slow_2" eclass="HBEFA3/PC_G_EU4" CO2="11870.40" CO="169.01" HC="1.06" NOx="4.99" PMx="0.26" fuel="5.10" electricity="0.00" noise="73.40" route="routetop" type="cfm-slow" waiting="0.00" lane="top_0" pos="14.68" speed="22.56" angle="248.04" x="33.11" y="125.08"/>
        <vehicle id="cfm-slow_3" eclass="HBEFA3/PC_G_EU4" CO2="14358.65" CO="222.27" HC="1.37" NOx="6.14" PMx="0.33" fuel="6.17" electricity="0.00" noise="74.93" route="routetop" type="cfm-slow" waiting="0.00" lane="top_0" pos="32.56" speed="23.76" angle="215.94" x="5.12" y="99.43"/>
        <vehicle id="cfm-slow_4" eclass="HBEFA3/PC_G_EU4" CO2="16066.57" CO="261.59" HC="1.59" NOx="6.91" PMx="0.38" fuel="6.91" electricity="0.00" noise="76.02" route="routetop" type="cfm-slow" waiting="0.00" lane="left_0" pos="1.68" speed="25.25" angle="181.46" x="-4.83" y="59.96"/>
        <vehicle id="cfm-slow_5" eclass="HBEFA3/PC_G_EU4" CO2="15334.56" CO="252.92" HC="1.53" NOx="6.53" PMx="0.36" fuel="6.59" electricity="0.00" noise="75.90" route="routetop" type="cfm-slow" waiting="0.00" lane="left_0" pos="22.31" speed="26.82" angle="144.29" x="11.24" y="19.42"/>
    </timestep>
    <timestep time="4.98">
        <vehicle id="cfm-fast_0" eclass="HBEFA3/PC_G_EU4" CO2="9582.95" CO="141.17" HC="0.88" NOx="3.79" PMx="0.22" fuel="4.12" electricity="0.00" noise="74.09" route="routetop" type="cfm-fast" waiting="0.00" lane="left_0" pos="44.80" speed="28.08" angle="103.93" x="52.43" y="-4.03"/>
        <vehicle id="cfm-fast_1" eclass="HBEFA3/PC_G_EU4" CO2="0.00" CO="0.00" HC="0.00" NOx="0.00" PMx="0.00" fuel="0.00" electricity="0.00" noise="72.11" route="routebottom" type="cfm-fast" waiting="0.00" lane="bottom_0" pos="14.28" speed="28.33" angle="68.79" x="93.46" y="1.86"/>
        <vehicle id="cfm-fast_2" eclass="HBEFA3/PC_G_EU4" CO2="0.00" CO="0.00" HC="0.00" NOx="0.00" PMx="0.00" fuel="0.00" electricity="0.00" noise="70.83" route="routebottom" type="cfm-fast" waiting="0.00" lane="bottom_0" pos="33.93" speed="27.08" angle="33.47" x="123.68" y="30.45"/>
        <vehicle id="cfm-fast_3" eclass="HBEFA3/PC_G_EU4" CO2="0.00" CO="0.00" HC="0.00" NOx="0.00" PMx="0.00" fuel="0.00" electricity="0.00" noise="69.49" route="routebottom" type="cfm-fast" waiting="0.00" lane="right_0" pos="2.19" speed="24.58" angle="0.55" x="132.10" y="68.46"/>
        <vehicle id="cfm-fast_4" eclass="HBEFA3/PC_G_EU4" CO2="269617.85" CO="6372.75" HC="35.82" NOx="125.79" PMx="7.40" fuel="115.90" electricity="0.00" noise="147.43" route="routetop" type="cfm-fast" waiting="0.00" lane="top_1" pos="27.15" speed="67.51" angle="225.67" x="14.48" y="106.63"/>
        <vehicle id="cfm-fast_5" eclass="HBEFA3/PC_G_EU4" CO2="0.00" CO="0.00" HC="0.00" NOx="0.00" PMx="0.00" fuel="0.00" electricity="0.00" noise="69.22" route="routebottom" type="cfm-fast" waiting="0.00" lane="right_0" pos="18.27" speed="21.82" angle="331.62" x="121.26" y="100.93"/>
        <vehicle id="cfm-slow_0" eclass="HBEFA3/PC_G_EU4" CO2="7459.01" CO="77.37" HC="0.53" NOx="2.94" PMx="0.15" fuel="3.21" electricity="0.00" noise="70.80" route="routebottom" type="cfm-slow" waiting="0.00" lane="right_0" pos="31.48" speed="21.16" angle="307.87" x="101.39" y="120.96"/>
        <vehicle id="cfm-slow_1" eclass="HBEFA3/PC_G_EU4" CO2="9443.75" CO="118.36" HC="0.77" NOx="3.87" PMx="0.20" fuel="4.06" electricity="0.00" noise="71.93" route="routebottom" type="cfm-slow" waiting="0.00" lane="right_0" pos="47.90" speed="21.71" angle="278.37" x="68.26" y="132.11"/>
        <vehicle id="cfm-slow_2" eclass="HBEFA3/PC_G_EU4" CO2="11883.99" CO="169.31" HC="1.06" NOx="5.00" PMx="0.26" fuel="5.11" electricity="0.00" noise="73.41" route="routetop" type="cfm-slow" waiting="0.00" lane="top_0" pos="14.90" speed="22.57" angle="247.60" x="32.68" y="124.87"/>
        <vehicle id="cfm-slow_3" eclass="HBEFA3/PC_G_EU4" CO2="14365.12" CO="222.44" HC="1.37" NOx="6.14" PMx="0.33" fuel="6.17" electricity="0.00" noise="74.94" route="routetop" type="cfm-slow" waiting="0.00" lane="top_0" pos="32.80" speed="23.78" angle="215.49" x="4.86" y="98.99"/>
        <vehicle id="cfm-slow_4" eclass="HBEFA3/PC_G_EU4" CO2="16050.70" CO="261.33" HC="1.59" NOx="6.90" PMx="0.38" fuel="6.90" electricity="0.00" noise="76.01" route="routetop" type="cfm-slow" waiting="0.00" lane="left_0" pos="1.93" speed="25.27" angle="181.01" x="-4.80" y="59.42"/>
        <vehicle id="cfm-slow_5" eclass="HBEFA3/PC_G_EU4" CO2="15272.42" CO="251.72" HC="1.53" NOx="6.50" PMx="0.36" fuel="6.56" electricity="0.00" noise="75.88" route="routetop" type="cfm-slow" waiting="0.00" lane="left_0" pos="22.58" speed="26.83" angle="143.79" x="11.62" y="18.98"/>
    </timestep>
    <timestep time="4.99">
        <vehicle id="cfm-fast_0" eclass="HBEFA3/PC_G_EU4" CO2="9466.56" CO="138.81" HC="0.87" NOx="3.73" PMx="0.21" fuel="4.07" electricity="0.00" noise="74.05" route="routetop" type="cfm-fast" waiting="0.00" lane="left_0" pos="45.08" speed="28.09" angle="103.46" x="53.02" y="-4.12"/>
        <vehicle id="cfm-fast_1" eclass="HBEFA3/PC_G_EU4" CO2="0.00" CO="0.00" HC="0.00" NOx="0.00" PMx="0.00" fuel="0.00" electricity="0.00" noise="72.09" route="routebottom" type="cfm-fast" waiting="0.00" lane="bottom_0" pos="14.56" speed="28.32" angle="68.26" x="94.01" y="2.14"/>
        <vehicle id="cfm-fast_2" eclass="HBEFA3/PC_G_EU4" CO2="0.00" CO="0.00" HC="0.00" NOx="0.00" PMx="0.00" fuel="0.00" electricity="0.00" noise="70.82" route="routebottom" type="cfm-fast" waiting="0.00" lane="bottom_0" pos="34.20" speed="27.06" angle="32.97" x="123.96" y="30.96"/>
        <vehicle id="cfm-fast_3" eclass="HBEFA3/PC_G_EU4" CO2="0.00" CO="0.00" HC="0.00" NOx="0.00" PMx="0.00" fuel="0.00" electricity="0.00" noise="69.48" route="routebottom" type="cfm-fast" waiting="0.00" lane="right_0" pos="2.43" speed="24.56" angle="0.11" x="132.07" y="68.99"/>
        <vehicle id="cfm-fast_4" eclass="HBEFA3/PC_G_EU4" CO2="270229.55" CO="6390.64" HC="35.92" NOx="126.08" PMx="7.42" fuel="116.16" electricity="0.00" noise="147.49" route="routetop" type="cfm-fast" waiting="0.00" lane="top_1" pos="27.82" speed="67.65" angle="224.38" x="13.58" y="105.57"/>
        <vehicle id="cfm-fast_5" eclass="HBEFA3/PC_G_EU4" CO2="0.00" CO="0.00" HC="0.00" NOx="0.00" PMx="0.00" fuel="0.00" electricity="0.00" noise="69.23" route="routebottom" type="cfm-fast" waiting="0.00" lane="right_0" pos="18.49" speed="21.82" angle="331.19" x="121.00" y="101.32"/>
        <vehicle id="cfm-slow_0" eclass="HBEFA3/PC_G_EU4" CO2="7467.97" CO="77.55" HC="0.54" NOx="2.95" PMx="0.15" fuel="3.21" electricity="0.00" noise="70.81" route="routebottom" type="cfm-slow" waiting="0.00" lane="right_0" pos="31.69" speed="21.17" angle="307.49" x="101.01" y="121.21"/>
        <vehicle id="cfm-slow_1" eclass="HBEFA3/PC_G_EU4" CO2="9456.98" CO="118.63" HC="0.77" NOx="3.87" PMx="0.20" fuel="4.07" electricity="0.00" noise="71.94" route="routebottom" type="cfm-slow" waiting="0.00" lane="right_0" pos="48.12" speed="21.72" angle="277.96" x="67.80" y="132.14"/>
        <vehicle id="cfm-slow_2" eclass="HBEFA3/PC_G_EU4" CO2="11897.60" CO="169.61" HC="1.07" NOx="5.01" PMx="0.26" fuel="5.11" electricity="0.00" noise="73.42" route="routetop" type="cfm-slow" waiting="0.00" lane="top_0" pos="15.13" speed="22.58" angle="247.17" x="32.24" y="124.65"/>
        <vehicle id="cfm-slow_3" eclass="HBEFA3/PC_G_EU4" CO2="14371.48" CO="222.60" HC="1.37" NOx="6.15" PMx="0.33" fuel="6.18" electricity="0.00" noise="74.94" route="routetop" type="cfm-slow" waiting="0.00" lane="top_0" pos="33.03" speed="23.80" angle="215.04" x="4.59" y="98.55"/>
        <vehicle id="cfm-slow_4" eclass="HBEFA3/PC_G_EU4" CO2="16034.50" CO="261.05" HC="1.59" NOx="6.90" PMx="0.38" fuel="6.89" electricity="0.00" noise="76.01" route="routetop" type="cfm-slow" waiting="0.00" lane="left_0" pos="2.18" speed="25.28" angle="180.56" x="-4.77" y="58.88"/>
        <vehicle id="cfm-slow_5" eclass="HBEFA3/PC_G_EU4" CO2="15209.85" CO="250.50" HC="1.52" NOx="6.47" PMx="0.36" fuel="6.54" electricity="0.00" noise="75.85" route="routetop" type="cfm-slow" waiting="0.00" lane="left_0" pos="22.85" speed="26.85" angle="143.29" x="11.99" y="18.54"/>
    </timestep>
    <timestep time="5.00">
        <vehicle id="cfm-fast_0" eclass="HBEFA3/PC_G_EU4" CO2="9350.22" CO="136.44" HC="0.86" NOx="3.68" PMx="0.21" fuel="4.02" electricity="0.00" noise="74.02" route="routetop" type="cfm-fast" waiting="0.00" lane="left_0" pos="45.36" speed="28.10" angle="102.94" x="53.62" y="-4.20"/>
        <vehicle id="cfm-fast_1" eclass="HBEFA3/PC_G_EU4" CO2="0.00" CO="0.00" HC="0.00" NOx="0.00" PMx="0.00" fuel="0.00" electricity="0.00" noise="72.08" route="routebottom" type="cfm-fast" waiting="0.00" lane="bottom_0" pos="14.85" speed="28.31" angle="67.73" x="94.55" y="2.41"/>
        <vehicle id="cfm-fast_2" eclass="HBEFA3/PC_G_EU4" CO2="0.00" CO="0.00" HC="0.00" NOx="0.00" PMx="0.00" fuel="0.00" electricity="0.00" noise="70.81" route="routebottom" type="cfm-fast" waiting="0.00" lane="bottom_0" pos="34.47" speed="27.04" angle="32.47" x="124.25" y="31.47"/>
        <vehicle id="cfm-fast_3" eclass="HBEFA3/PC_G_EU4" CO2="0.00" CO="0.00" HC="0.00" NOx="0.00" PMx="0.00" fuel="0.00" electricity="0.00" noise="69.47" route="routebottom" type="cfm-fast" waiting="0.00" lane="right_0" pos="2.68" speed="24.54" angle="359.69" x="132.03" y="69.51"/>
        <vehicle id="cfm-fast_4" eclass="HBEFA3/PC_G_EU4" CO2="270841.54" CO="6408.54" HC="36.02" NOx="126.36" PMx="7.44" fuel="116.42" electricity="0.00" noise="147.56" route="routetop" type="cfm-fast" waiting="0.00" lane="top_1" pos="28.50" speed="67.78" angle="223.19" x="12.70" y="104.49"/>
        <vehicle id="cfm-fast_5" eclass="HBEFA3/PC_G_EU4" CO2="0.00" CO="0.00" HC="0.00" NOx="0.00" PMx="0.00" fuel="0.00" electricity="0.00" noise="69.24" route="routebottom" type="cfm-fast" waiting="0.00" lane="right_0" pos="18.71" speed="21.82" angle="330.77" x="120.74" y="101.71"/>
        <vehicle id="cfm-slow_0" eclass="HBEFA3/PC_G_EU4" CO2="7477.05" CO="77.74" HC="0.54" NOx="2.95" PMx="0.15" fuel="3.21" electricity="0.00" noise="70.81" route="routebottom" type="cfm-slow" waiting="0.00" lane="right_0" pos="31.90" speed="21.18" angle="307.11" x="100.63" y="121.47"/>
        <vehicle id="cfm-slow_1" eclass="HBEFA3/PC_G_EU4" CO2="9470.29" CO="118.91" HC="0.77" NOx="3.88" PMx="0.20" fuel="4.07" electricity="0.00" noise="71.95" route="routebottom" type="cfm-slow" waiting="0.00" lane="right_0" pos="48.34" speed="21.73" angle="277.56" x="67.33" y="132.17"/>
        <vehicle id="cfm-slow_2" eclass="HBEFA3/PC_G_EU4" CO2="11911.24" CO="169.90" HC="1.07" NOx="5.01" PMx="0.26" fuel="5.12" electricity="0.00" noise="73.43" route="routetop" type="cfm-slow" waiting="0.00" lane="top_0" pos="15.35" speed="22.60" angle="246.81" x="31.81" y="124.43"/>
        <vehicle id="cfm-slow_3" eclass="HBEFA3/PC_G_EU4" CO2="14377.73" CO="222.77" HC="1.37" NOx="6.15" PMx="0.33" fuel="6.18" electricity="0.00" noise="74.95" route="routetop" type="cfm-slow" waiting="0.00" lane="top_0" pos="33.27" speed="23.81" angle="214.62" x="4.33" y="98.11"/>
        <vehicle id="cfm-slow_4" eclass="HBEFA3/PC_G_EU4" CO2="16017.97" CO="260.77" HC="1.59" NOx="6.89" PMx="0.38" fuel="6.89" electricity="0.00" noise="76.00" route="routetop" type="cfm-slow" waiting="0.00" lane="left_0" pos="2.44" speed="25.30" angle="180.10" x="-4.74" y="58.33"/>
        <vehicle id="cfm-slow_5" eclass="HBEFA3/PC_G_EU4" CO2="15146.85" CO="249.27" HC="1.51" NOx="6.44" PMx="0.36" fuel="6.51" electricity="0.00" noise="75.83" route="routetop" type="cfm-slow" waiting="0.00" lane="left_0" pos="23.12" speed="26.86" angle="142.86" x="12.37" y="18.10"/>
    </timestep>
    <timestep time="5.01">
        <vehicle id="cfm-fast_0" eclass="HBEFA3/PC_G_EU4" CO2="9233.95" CO="134.08" HC="0.84" NOx="3.62" PMx="0.21" fuel="3.97" electricity="0.00" noise="73.99" route="routetop" type="cfm-fast" waiting="0.00" lane="left_0" pos="45.64" speed="28.10" angle="102.42" x="54.22" y="-4.29"/>
        <vehicle id="cfm-fast_1" eclass="HBEFA3/PC_G_EU4" CO2="0.00" CO="0.00" HC="0.00" NOx="0.00" PMx="0.00" fuel="0.00" electricity="0.00" noise="72.06" route="routebottom" type="cfm-fast" waiting="0.00" lane="bottom_0" pos="15.13" speed="28.30" angle="67.20" x="95.10" y="2.68"/>
        <vehicle id="cfm-fast_2" eclass="HBEFA3/PC_G_EU4" CO2="0.00" CO="0.00" HC="0.00" NOx="0.00" PMx="0.00" fuel="0.00" electricity="0.00" noise="70.80" route="routebottom" type="cfm-fast" waiting="0.00" lane="bottom_0" pos="34.74" speed="27.02" angle="32.04" x="124.52" y="31.99"/>
        <vehicle id="cfm-fast_3" eclass="HBEFA3/PC_G_EU4" CO2="0.00" CO="0.00" HC="0.00" NOx="0.00" PMx="0.00" fuel="0.00" electricity="0.00" noise="69.47" route="routebottom" type="cfm-fast" waiting="0.00" lane="right_0" pos="2.92" speed="24.52" angle="359.25" x="131.97" y="70.04"/>
        <vehicle id="cfm-fast_4" eclass="HBEFA3/PC_G_EU4" CO2="271453.83" CO="6426.47" HC="36.11" NOx="126.65" PMx="7.45" fuel="116.68" electricity="0.00" noise="147.63" route="routetop" type="cfm-fast" waiting="0.00" lane="top_1" pos="29.18" speed="67.92" angle="221.95" x="11.84" y="103.39"/>
        <vehicle id="cfm-fast_5" eclass="HBEFA3/PC_G_EU4" CO2="0.00" CO="0.00" HC="0.00" NOx="0.00" PMx="0.00" fuel="0.00" electricity="0.00" noise="69.24" route="routebottom" type="cfm-fast" waiting="0.00" lane="right_0" pos="18.92" speed="21.82" angle="330.34" x="120.48" y="102.10"/>
        <vehicle id="cfm-slow_0" eclass="HBEFA3/PC_G_EU4" CO2="7486.26" CO="77.93" HC="0.54" NOx="2.96" PMx="0.15" fuel="3.22" electricity="0.00" noise="70.82" route="routebottom" type="cfm-slow" waiting="0.00" lane="right_0" pos="32.11" speed="21.18" angle="306.79" x="100.25" y="121.71"/>
        <vehicle id="cfm-slow_1" eclass="HBEFA3/PC_G_EU4" CO2="9483.70" CO="119.19" HC="0.78" NOx="3.89" PMx="0.20" fuel="4.08" electricity="0.00" noise="71.96" route="routebottom" type="cfm-slow" waiting="0.00" lane="right_0" pos="48.56" speed="21.74" angle="277.15" x="66.86" y="132.19"/>
        <vehicle id="cfm-slow_2" eclass="HBEFA3/PC_G_EU4" CO2="11924.90" CO="170.20" HC="1.07" NOx="5.02" PMx="0.26" fuel="5.13" electricity="0.00" noise="73.44" route="routetop" type="cfm-slow" waiting="0.00" lane="top_0" pos="15.58" speed="22.61" angle="246.41" x="31.38" y="124.20"/>
        <vehicle id="cfm-slow_3" eclass="HBEFA3/PC_G_EU4" CO2="14383.86" CO="222.93" HC="1.37" NOx="6.15" PMx="0.33" fuel="6.18" electricity="0.00" noise="74.96" route="routetop" type="cfm-slow" waiting="0.00" lane="top_0" pos="33.51" speed="23.83" angle="214.22" x="4.08" y="97.67"/>
        <vehicle id="cfm-slow_4" eclass="HBEFA3/PC_G_EU4" CO2="16001.11" CO="260.49" HC="1.58" NOx="6.88" PMx="0.38" fuel="6.88" electricity="0.00" noise="76.00" route="routetop" type="cfm-slow" waiting="0.00" lane="left_0" pos="2.69" speed="25.32" angle="179.67" x="-4.69" y="57.79"/>
        <vehicle id="cfm-slow_5" eclass="HBEFA3/PC_G_EU4" CO2="15083.41" CO="248.04" HC="1.51" NOx="6.41" PMx="0.36" fuel="6.48" electricity="0.00" noise="75.80" route="routetop" type="cfm-slow" waiting="0.00" lane="left_0" pos="23.38" speed="26.88" angle="142.38" x="12.76" y="17.67"/>
    </timestep>
    <timestep time="5.02">
        <vehicle id="cfm-fast_0" eclass="HBEFA3/PC_G_EU4" CO2="9117.76" CO="131.72" HC="0.83" NOx="3.57" PMx="0.21" fuel="3.92" electricity="0.00" noise="73.96" route="routetop" type="cfm-fast" waiting="0.00" lane="left_0" pos="45.92" speed="28.11" angle="101.90" x="54.82" y="-4.37"/>
        <vehicle id="cfm-fast_1" eclass="HBEFA3/PC_G_EU4" CO2="0.00" CO="0.00" HC="0.00" NOx="0.00" PMx="0.00" fuel="0.00" electricity="0.00" noise="72.04" route="routebottom" type="cfm-fast" waiting="0.00" lane="bottom_0" pos="15.41" speed="28.29" angle="66.75" x="95.64" y="2.95"/>
        <vehicle id="cfm-fast_2" eclass="HBEFA3/PC_G_EU4" CO2="0.00" CO="0.00" HC="0.00" NOx="0.00" PMx="0.00" fuel="0.00" electricity="0.00" noise="70.78" route="routebottom" type="cfm-fast" waiting="0.00" lane="bottom_0" pos="35.01" speed="27.00" angle="31.55" x="124.78" y="32.50"/>
        <vehicle id="cfm-fast_3" eclass="HBEFA3/PC_G_EU4" CO2="0.00" CO="0.00" HC="0.00" NOx="0.00" PMx="0.00" fuel="0.00" electricity="0.00" noise="69.46" route="routebottom" type="cfm-fast" waiting="0.00" lane="right_0" pos="3.17" speed="24.50" angle="358.81" x="131.92" y="70.56"/>
        <vehicle id="cfm-fast_4" eclass="HBEFA3/PC_G_EU4" CO2="272066.40" CO="6444.42" HC="36.21" NOx="126.94" PMx="7.47" fuel="116.95" electricity="0.00" noise="147.69" route="routetop" type="cfm-fast" waiting="0.00" lane="top_1" pos="29.86" speed="68.06" angle="220.74" x="11.01" y="102.28"/>
        <vehicle id="cfm-fast_5" eclass="HBEFA3/PC_G_EU4" CO2="0.00" CO="0.00" HC="0.00" NOx="0.00" PMx="0.00" fuel="0.00" electricity="0.00" noise="69.25" route="routebottom" type="cfm-fast" waiting="0.00" lane="right_0" pos="19.14" speed="21.81" angle="329.95" x="120.22" y="102.49"/>
        <vehicle id="cfm-slow_0" eclass="HBEFA3/PC_G_EU4" CO2="7495.60" CO="78.12" HC="0.54" NOx="2.96" PMx="0.15" fuel="3.22" electricity="0.00" noise="70.83" route="routebottom" type="cfm-slow" waiting="0.00" lane="right_0" pos="32.32" speed="21.19" angle="306.39" x="99.86" y="121.95"/>
        <vehicle id="cfm-slow_1" eclass="HBEFA3/PC_G_EU4" CO2="9497.19" CO="119.48" HC="0.78" NOx="3.89" PMx="0.20" fuel="4.08" electricity="0.00" noise="71.97" route="routebottom" type="cfm-slow" waiting="0.00" lane="right_0" pos="48.77" speed="21.75" angle="276.80" x="66.40" y="132.22"/>
        <vehicle id="cfm-slow_2" eclass="HBEFA3/PC_G_EU4" CO2="11938.57" CO="170.50" HC="1.07" NOx="5.02" PMx="0.26" fuel="5.13" electricity="0.00" noise="73.45" route="routetop" type="cfm-slow" waiting="0.00" lane="top_0" pos="15.81" speed="22.63" angle="246.00" x="30.95" y="123.96"/>
        <vehicle id="cfm-slow_3" eclass="HBEFA3/PC_G_EU4" CO2="14389.88" CO="223.09" HC="1.37" NOx="6.15" PMx="0.33" fuel="6.19" electricity="0.00" noise="74.96" route="routetop" type="cfm-slow" waiting="0.00" lane="top_0" pos="33.75" speed="23.85" angle="213.78" x="3.83" y="97.22"/>
        <vehicle id="cfm-slow_4" eclass="HBEFA3/PC_G_EU4" CO2="15983.91" CO="260.20" HC="1.58" NOx="6.87" PMx="0.38" fuel="6.87" electricity="0.00" noise="75.99" route="routetop" type="cfm-slow" waiting="0.00" lane="left_0" pos="2.94" speed="25.34" angle="179.22" x="-4.64" y="57.25"/>
        <vehicle id="cfm-slow_5" eclass="HBEFA3/PC_G_EU4" CO2="15019.54" CO="246.79" HC="1.50" NOx="6.38" PMx="0.36" fuel="6.46" electricity="0.00" noise="75.78" route="routetop" type="cfm-slow" waiting="0.00" lane="left_0" pos="23.65" speed="26.89" angle="141.89" x="13.15" y="17.25"/>
    </timestep>
    <timestep time="5.03">
        <vehicle id="cfm-fast_0" eclass="HBEFA3/PC_G_EU4" CO2="9001.66" CO="129.36" HC="0.82" NOx="3.52" PMx="0.20" fuel="3.87" electricity="0.00" noise="73.92" route="routetop" type="cfm-fast" waiting="0.00" lane="left_0" pos="46.20" speed="28.11" angle="101.44" x="55.42" y="-4.45"/>
        <vehicle id="cfm-fast_1" eclass="HBEFA3/PC_G_EU4" CO2="0.00" CO="0.00" HC="0.00" NOx="0.00" PMx="0.00" fuel="0.00" electricity="0.00" noise="72.03" route="routebottom" type="cfm-fast" waiting="0.00" lane="bottom_0" pos="15.70" speed="28.29" angle="66.22" x="96.17" y="3.25"/>
        <vehicle id="cfm-fast_2" eclass="HBEFA3/PC_G_EU4" CO2="0.00" CO="0.00" HC="0.00" NOx="0.00" PMx="0.00" fuel="0.00" electricity="0.00" noise="70.77" route="routebottom" type="cfm-fast" waiting="0.00" lane="bottom_0" pos="35.28" speed="26.98" angle="31.06" x="125.04" y="33.02"/>
        <vehicle id="cfm-fast_3" eclass="HBEFA3/PC_G_EU4" CO2="0.00" CO="0.00" HC="0.00" NOx="0.00" PMx="0.00" fuel="0.00" electricity="0.00" noise="69.45" route="routebottom" type="cfm-fast" waiting="0.00" lane="right_0" pos="3.41" speed="24.48" angle="358.37" x="131.87" y="71.09"/>
        <vehicle id="cfm-fast_4" eclass="HBEFA3/PC_G_EU4" CO2="272679.27" CO="6462.39" HC="36.31" NOx="127.22" PMx="7.49" fuel="117.21" electricity="0.00" noise="147.76" route="routetop" type="cfm-fast" waiting="0.00" lane="top_1" pos="30.54" speed="68.19" angle="219.45" x="10.19" y="101.14"/>
        <vehicle id="cfm-fast_5" eclass="HBEFA3/PC_G_EU4" CO2="0.00" CO="0.00" HC="0.00" NOx="0.00" PMx="0.00" fuel="0.00" electricity="0.00" noise="69.25" route="routebottom" type="cfm-fast" waiting="0.00" lane="right_0" pos="19.36" speed="21.81" angle="329.59" x="119.95" y="102.88"/>
        <vehicle id="cfm-slow_0" eclass="HBEFA3/PC_G_EU4" CO2="7505.07" CO="78.31" HC="0.54" NOx="2.97" PMx="0.15" fuel="3.23" electricity="0.00" noise="70.83" route="routebottom" type="cfm-slow" waiting="0.00" lane="right_0" pos="32.54" speed="21.20" angle="305.98" x="99.46" y="122.18"/>
        <vehicle id="cfm-slow_1" eclass="HBEFA3/PC_G_EU4" CO2="9510.78" CO="119.76" HC="0.78" NOx="3.90" PMx="0.20" fuel="4.09" electricity="0.00" noise="71.98" route="routebottom" type="cfm-slow" waiting="0.00" lane="right_0" pos="48.99" speed="21.76" angle="276.40" x="65.93" y="132.23"/>
        <vehicle id="cfm-slow_2" eclass="HBEFA3/PC_G_EU4" CO2="11952.27" CO="170.80" HC="1.07" NOx="5.03" PMx="0.27" fuel="5.14" electricity="0.00" noise="73.46" route="routetop" type="cfm-slow" waiting="0.00" lane="top_0" pos="16.03" speed="22.64" angle="245.59" x="30.53" y="123.72"/>
        <vehicle id="cfm-slow_3" eclass="HBEFA3/PC_G_EU4" CO2="14395.78" CO="223.25" HC="1.37" NOx="6.16" PMx="0.33" fuel="6.19" electricity="0.00" noise="74.97" route="routetop" type="cfm-slow" waiting="0.00" lane="top_0" pos="33.99" speed="23.86" angle="213.35" x="3.58" y="96.77"/>
        <vehicle id="cfm-slow_4" eclass="HBEFA3/PC_G_EU4" CO2="15966.37" CO="259.90" HC="1.58" NOx="6.86" PMx="0.38" fuel="6.86" electricity="0.00" noise="75.98" route="routetop" type="cfm-slow" waiting="0.00" lane="left_0" pos="3.20" speed="25.35" angle="178.76" x="-4.58" y="56.70"/>
        <vehicle id="cfm-slow_5" eclass="HBEFA3/PC_G_EU4" CO2="14955.25" CO="245.54" HC="1.49" NOx="6.35" PMx="0.35" fuel="6.43" electricity="0.00" noise="75.75" route="routetop" type="cfm-slow" waiting="0.00" lane="left_0" pos="23.92" speed="26.91" angle="141.41" x="13.54" y="16.82"/>
    </timestep>
    <timestep time="5.04">
        <vehicle id="cfm-fast_0" eclass="HBEFA3/PC_G_EU4" CO2="8885.65" CO="127.00" HC="0.80" NOx="3.46" PMx="0.20" fuel="3.82" electricity="0.00" noise="73.89" route="routetop" type="cfm-fast" waiting="0.00" lane="left_0" pos="46.48" speed="28.12" angle="100.92" x="56.02" y="-4.51"/>
        <vehicle id="cfm-fast_1" eclass="HBEFA3/PC_G_EU4" CO2="0.00" CO="0.00" HC="0.00" NOx="0.00" PMx="0.00" fuel="0.00" electricity="0.00" noise="72.01" route="routebottom" type="cfm-fast" waiting="0.00" lane="bottom_0" pos="15.98" speed="28.28" angle="65.70" x="96.70" y="3.54"/>
        <vehicle id="cfm-fast_2" eclass="HBEFA3/PC_G_EU4" CO2="0.00" CO="0.00" HC="0.00" NOx="0.00" PMx="0.00" fuel="0.00" electricity="0.00" noise="70.76" route="routebottom" type="cfm-fast" waiting="0.00" lane="bottom_0" pos="35.55" speed="26.95" angle="30.57" x="125.30" y="33.54"/>
        <vehicle id="cfm-fast_3" eclass="HBEFA3/PC_G_EU4" CO2="0.00" CO="0.00" HC="0.00" NOx="0.00" PMx="0.00" fuel="0.00" electricity="0.00" noise="69.44" route="routebottom" type="cfm-fast" waiting="0.00" lane="right_0" pos="3.66" speed="24.46" angle="357.94" x="131.81" y="71.61"/>
        <vehicle id="cfm-fast_4" eclass="HBEFA3/PC_G_EU4" CO2="273292.43" CO="6480.38" HC="36.41" NOx="127.51" PMx="7.51" fuel="117.47" electricity="0.00" noise="147.82" route="routetop" type="cfm-fast" waiting="0.00" lane="top_1" pos="31.22" speed="68.33" angle="218.26" x="9.40" y="99.98"/>
        <vehicle id="cfm-fast_5" eclass="HBEFA3/PC_G_EU4" CO2="0.00" CO="0.00" HC="0.00" NOx="0.00" PMx="0.00" fuel="0.00" electricity="0.00" noise="69.26" route="routebottom" type="cfm-fast" waiting="0.00" lane="right_0" pos="19.58" speed="21.81" angle="329.19" x="119.67" y="103.26"/>
        <vehicle id="cfm-slow_0" eclass="HBEFA3/PC_G_EU4" CO2="7514.66" CO="78.51" HC="0.54" NOx="2.97" PMx="0.15" fuel="3.23" electricity="0.00" noise="70.84" route="routebottom" type="cfm-slow" waiting="0.00" lane="right_0" pos="32.75" speed="21.21" angle="305.58" x="99.07" y="122.42"/>
        <vehicle id="cfm-slow_1" eclass="HBEFA3/PC_G_EU4" CO2="9524.45" CO="120.05" HC="0.78" NOx="3.90" PMx="0.20" fuel="4.09" electricity="0.00" noise="71.99" route="routebottom" type="cfm-slow" waiting="0.00" lane="right_0" pos="49.21" speed="21.77" angle="275.99" x="65.46" y="132.24"/>
        <vehicle id="cfm-slow_2" eclass="HBEFA3/PC_G_EU4" CO2="11965.98" CO="171.10" HC="1.07" NOx="5.04" PMx="0.27" fuel="5.14" electricity="0.00" noise="73.47" route="routetop" type="cfm-slow" waiting="0.00" lane="top_0" pos="16.26" speed="22.65" angle="245.18" x="30.10" y="123.49"/>
        <vehicle id="cfm-slow_3" eclass="HBEFA3/PC_G_EU4" CO2="14401.55" CO="223.41" HC="1.37" NOx="6.16" PMx="0.33" fuel="6.19" electricity="0.00" noise="74.97" route="routetop" type="cfm-slow" waiting="0.00" lane="top_0" pos="34.23" speed="23.88" angle="212.92" x="3.33" y="96.32"/>
        <vehicle id="cfm-slow_4" eclass="HBEFA3/PC_G_EU4" CO2="15948.50" CO="259.59" HC="1.58" NOx="6.85" PMx="0.38" fuel="6.86" electricity="0.00" noise="75.98" route="routetop" type="cfm-slow" waiting="0.00" lane="left_0" pos="3.45" speed="25.37" angle="178.31" x="-4.53" y="56.16"/>
        <vehicle id="cfm-slow_5" eclass="HBEFA3/PC_G_EU4" CO2="14890.54" CO="244.27" HC="1.48" NOx="6.32" PMx="0.35" fuel="6.40" electricity="0.00" noise="75.72" route="routetop" type="cfm-slow" waiting="0.00" lane="left_0" pos="24.19" speed="26.92" angle="140.92" x="13.94" y="16.39"/>
    </timestep>
    <timestep time="5.05">
        <vehicle id="cfm-fast_0" eclass="HBEFA3/PC_G_EU4" CO2="8769.75" CO="124.64" HC="0.79" NOx="3.41" PMx="0.20" fuel="3.77" electricity="0.00" noise="73.86" route="routetop" type="cfm-fast" waiting="0.00" lane="left_0" pos="46.77" speed="28.12" angle="100.41" x="56.62" y="-4.58"/>
        <vehicle id="cfm-fast_1" eclass="HBEFA3/PC_G_EU4" CO2="0.00" CO="0.00" HC="0.00" NOx="0.00" PMx="0.00" fuel="0.00" electricity="0.00" noise="72.00" route="routebottom" type="cfm-fast" waiting="0.00" lane="bottom_0" pos="16.26" speed="28.27" angle="65.18" x="97.24" y="3.84"/>
        <vehicle id="cfm-fast_2" eclass="HBEFA3/PC_G_EU4" CO2="0.00" CO="0.00" HC="0.00" NOx="0.00" PMx="0.00" fuel="0.00" electricity="0.00" noise="70.75" route="routebottom" type="cfm-fast" waiting="0.00" lane="bottom_0" pos="35.82" speed="26.93" angle="30.10" x="125.56" y="34.06"/>
        <vehicle id="cfm-fast_3" eclass="HBEFA3/PC_G_EU4" CO2="0.00" CO="0.00" HC="0.00" NOx="0.00" PMx="0.00" fuel="0.00" electricity="0.00" noise="69.43" route="routebottom" type="cfm-fast" waiting="0.00" lane="right_0" pos="3.90" speed="24.44" angle="357.51" x="131.75" y="72.13"/>
        <vehicle id="cfm-fast_4" eclass="HBEFA3/PC_G_EU4" CO2="273905.88" CO="6498.40" HC="36.50" NOx="127.80" PMx="7.53" fuel="117.74" electricity="0.00" noise="147.89" route="routetop" type="cfm-fast" waiting="0.00" lane="top_1" pos="31.91" speed="68.47" angle="217.03" x="8.62" y="98.82"/>
        <vehicle id="cfm-fast_5" eclass="HBEFA3/PC_G_EU4" CO2="0.00" CO="0.00" HC="0.00" NOx="0.00" PMx="0.00" fuel="0.00" electricity="0.00" noise="69.27" route="routebottom" type="cfm-fast" waiting="0.00" lane="right_0" pos="19.80" speed="21.81" angle="328.80" x="119.40" y="103.64"/>
        <vehicle id="cfm-slow_0" eclass="HBEFA3/PC_G_EU4" CO2="7524.37" CO="78.71" HC="0.54" NOx="2.97" PMx="0.15" fuel="3.23" electricity="0.00" noise="70.85" route="routebottom" type="cfm-slow" waiting="0.00" lane="right_0" pos="32.96" speed="21.21" angle="305.18" x="98.68" y="122.65"/>
        <vehicle id="cfm-slow_1" eclass="HBEFA3/PC_G_EU4" CO2="9538.20" CO="120.34" HC="0.78" NOx="3.91" PMx="0.20" fuel="4.10" electricity="0.00" noise="72.00" route="routebottom" type="cfm-slow" waiting="0.00" lane="right_0" pos="49.43" speed="21.78" angle="275.58" x="64.99" y="132.25"/>
        <vehicle id="cfm-slow_2" eclass="HBEFA3/PC_G_EU4" CO2="11979.71" CO="171.40" HC="1.08" NOx="5.04" PMx="0.27" fuel="5.15" electricity="0.00" noise="73.48" route="routetop" type="cfm-slow" waiting="0.00" lane="top_0" pos="16.49" speed="22.67" angle="244.77" x="29.67" y="123.25"/>
        <vehicle id="cfm-slow_3" eclass="HBEFA3/PC_G_EU4" CO2="14407.20" CO="223.56" HC="1.38" NOx="6.16" PMx="0.33" fuel="6.19" electricity="0.00" noise="74.98" route="routetop" type="cfm-slow" waiting="0.00" lane="top_0" pos="34.46" speed="23.90" angle="212.48" x="3.08" y="95.87"/>
        <vehicle id="cfm-slow_4" eclass="HBEFA3/PC_G_EU4" CO2="15930.28" CO="259.28" HC="1.58" NOx="6.84" PMx="0.38" fuel="6.85" electricity="0.00" noise="75.97" route="routetop" type="cfm-slow" waiting="0.00" lane="left_0" pos="3.70" speed="25.39" angle="177.85" x="-4.47" y="55.62"/>
        <vehicle id="cfm-slow_5" eclass="HBEFA3/PC_G_EU4" CO2="14825.41" CO="243.00" HC="1.48" NOx="6.29" PMx="0.35" fuel="6.37" electricity="0.00" noise="75.70" route="routetop" type="cfm-slow" waiting="0.00" lane="left_0" pos="24.46" speed="26.94" angle="140.49" x="14.34" y="15.97"/>
    </timestep>
    <timestep time="5.06">
        <vehicle id="cfm-fast_0" eclass="HBEFA3/PC_G_EU4" CO2="8653.96" CO="122.29" HC="0.78" NOx="3.35" PMx="0.19" fuel="3.72" electricity="0.00" noise="73.83" route="routetop" type="cfm-fast" waiting="0.00" lane="left_0" pos="47.05" speed="28.13" angle="99.89" x="57.23" y="-4.64"/>
        <vehicle id="cfm-fast_1" eclass="HBEFA3/PC_G_EU4" CO2="0.00" CO="0.00" HC="0.00" NOx="0.00" PMx="0.00" fuel="0.00" electricity="0.00" noise="71.98" route="routebottom" type="cfm-fast" waiting="0.00" lane="bottom_0" pos="16.54" speed="28.26" angle="64.67" x="97.77" y="4.13"/>
        <vehicle id="cfm-fast_2" eclass="HBEFA3/PC_G_EU4" CO2="0.00" CO="0.00" HC="0.00" NOx="0.00" PMx="0.00" fuel="0.00" electricity="0.00" noise="70.74" route="routebottom" type="cfm-fast" waiting="0.00" lane="bottom_0" pos="36.09" speed="26.91" angle="29.63" x="125.81" y="34.58"/>
        <vehicle id="cfm-fast_3" eclass="HBEFA3/PC_G_EU4" CO2="0.00" CO="0.00" HC="0.00" NOx="0.00" PMx="0.00" fuel="0.00" electricity="0.00" noise="69.42" route="routebottom" type="cfm-fast" waiting="0.00" lane="right_0" pos="4.15" speed="24.42" angle="357.07" x="131.68" y="72.65"/>
        <vehicle id="cfm-fast_4" eclass="HBEFA3/PC_G_EU4" CO2="274519.62" CO="6516.43" HC="36.60" NOx="128.09" PMx="7.55" fuel="118.00" electricity="0.00" noise="147.96" route="routetop" type="cfm-fast" waiting="0.00" lane="top_1" pos="32.60" speed="68.60" angle="215.85" x="7.89" y="97.62"/>
        <vehicle id="cfm-fast_5" eclass="HBEFA3/PC_G_EU4" CO2="0.00" CO="0.00" HC="0.00" NOx="0.00" PMx="0.00" fuel="0.00" electricity="0.00" noise="69.27" route="routebottom" type="cfm-fast" waiting="0.00" lane="right_0" pos="20.01" speed="21.81" angle="328.40" x="119.13" y="104.02"/>
        <vehicle id="cfm-slow_0" eclass="HBEFA3/PC_G_EU4" CO2="7534.20" CO="78.92" HC="0.54" NOx="2.98" PMx="0.15" fuel="3.24" electricity="0.00" noise="70.86" route="routebottom" type="cfm-slow" waiting="0.00" lane="right_0" pos="33.17" speed="21.22" angle="304.78" x="98.29" y="122.88"/>
        <vehicle id="cfm-slow_1" eclass="HBEFA3/PC_G_EU4" CO2="9552.04" CO="120.63" HC="0.78" NOx="3.92" PMx="0.20" fuel="4.11" electricity="0.00" noise="72.01" route="routebottom" type="cfm-slow" waiting="0.00" lane="right_0" pos="49.65" speed="21.79" angle="275.18" x="64.52" y="132.26"/>
        <vehicle id="cfm-slow_2" eclass="HBEFA3/PC_G_EU4" CO2="11993.45" CO="171.70" HC="1.08" NOx="5.05" PMx="0.27" fuel="5.16" electricity="0.00" noise="73.49" route="routetop" type="cfm-slow" waiting="0.00" lane="top_0" pos="16.71" speed="22.68" angle="244.41" x="29.25" y="123.01"/>
        <vehicle id="cfm-slow_3" eclass="HBEFA3/PC_G_EU4" CO2="14412.72" CO="223.72" HC="1.38" NOx="6.16" PMx="0.33" fuel="6.20" electricity="0.00" noise="74.98" route="routetop" type="cfm-slow" waiting="0.00" lane="top_0" pos="34.70" speed="23.91" angle="212.11" x="2.84" y="95.42"/>
        <vehicle id="cfm-slow_4" eclass="HBEFA3/PC_G_EU4" CO2="15911.72" CO="258.96" HC="1.58" NOx="6.84" PMx="0.37" fuel="6.84" electricity="0.00" noise="75.96" route="routetop" type="cfm-slow" waiting="0.00" lane="left_0" pos="3.96" speed="25.41" angle="177.41" x="-4.41" y="55.07"/>
        <vehicle id="cfm-slow_5" eclass="HBEFA3/PC_G_EU4" CO2="14759.87" CO="241.72" HC="1.47" NOx="6.26" PMx="0.35" fuel="6.34" electricity="0.00" noise="75.67" route="routetop" type="cfm-slow" waiting="0.00" lane="left_0" pos="24.73" speed="26.95" angle="140.00" x="14.75" y="15.56"/>
    </timestep>
    <timestep time="5.07">
        <vehicle id="cfm-fast_0" eclass="HBEFA3/PC_G_EU4" CO2="8538.29" CO="119.93" HC="0.76" NOx="3.30" PMx="0.19" fuel="3.67" electricity="0.00" noise="73.80" route="routetop" type="cfm-fast" waiting="0.00" lane="left_0" pos="47.33" speed="28.13" angle="99.38" x="57.83" y="-4.70"/>
        <vehicle id="cfm-fast_1" eclass="HBEFA3/PC_G_EU4" CO2="0.00" CO="0.00" HC="0.00" NOx="0.00" PMx="0.00" fuel="0.00" electricity="0.00" noise="71.96" route="routebottom" type="cfm-fast" waiting="0.00" lane="bottom_0" pos="16.83" speed="28.25" angle="64.19" x="98.29" y="4.44"/>
        <vehicle id="cfm-fast_2" eclass="HBEFA3/PC_G_EU4" CO2="0.00" CO="0.00" HC="0.00" NOx="0.00" PMx="0.00" fuel="0.00" electricity="0.00" noise="70.73" route="routebottom" type="cfm-fast" waiting="0.00" lane="bottom_0" pos="36.36" speed="26.89" angle="29.10" x="126.04" y="35.11"/>
        <vehicle id="cfm-fast_3" eclass="HBEFA3/PC_G_EU4" CO2="0.00" CO="0.00" HC="0.00" NOx="0.00" PMx="0.00" fuel="0.00" electricity="0.00" noise="69.42" route="routebottom" type="cfm-fast" waiting="0.00" lane="right_0" pos="4.39" speed="24.40" angle="356.63" x="131.60" y="73.17"/>
        <vehicle id="cfm-fast_4" eclass="HBEFA3/PC_G_EU4" CO2="275133.66" CO="6534.49" HC="36.70" NOx="128.38" PMx="7.56" fuel="118.27" electricity="0.00" noise="148.02" route="routetop" type="cfm-fast" waiting="0.00" lane="top_1" pos="33.28" speed="68.74" angle="214.63" x="7.16" y="96.41"/>
        <vehicle id="cfm-fast_5" eclass="HBEFA3/PC_G_EU4" CO2="0.00" CO="0.00" HC="0.00" NOx="0.00" PMx="0.00" fuel="0.00" electricity="0.00" noise="69.28" route="routebottom" type="cfm-fast" waiting="0.00" lane="right_0" pos="20.23" speed="21.80" angle="328.01" x="118.85" y="104.40"/>
        <vehicle id="cfm-slow_0" eclass="HBEFA3/PC_G_EU4" CO2="7544.16" CO="79.12" HC="0.54" NOx="2.98" PMx="0.15" fuel="3.24" electricity="0.00" noise="70.86" route="routebottom" type="cfm-slow" waiting="0.00" lane="right_0" pos="33.39" speed="21.23" angle="304.44" x="97.90" y="123.12"/>
        <vehicle id="cfm-slow_1" eclass="HBEFA3/PC_G_EU4" CO2="9565.97" CO="120.92" HC="0.79" NOx="3.92" PMx="0.20" fuel="4.11" electricity="0.00" noise="72.02" route="routebottom" type="cfm-slow" waiting="0.00" lane="right_0" pos="49.86" speed="21.80" angle="274.77" x="64.05" y="132.26"/>
        <vehicle id="cfm-slow_2" eclass="HBEFA3/PC_G_EU4" CO2="12007.20" CO="172.00" HC="1.08" NOx="5.05" PMx="0.27" fuel="5.16" electricity="0.00" noise="73.50" route="routetop" type="cfm-slow" waiting="0.00" lane="top_0" pos="16.94" speed="22.70" angle="244.01" x="28.83" y="122.76"/>
        <vehicle id="cfm-slow_3" eclass="HBEFA3/PC_G_EU4" CO2="14418.11" CO="223.87" HC="1.38" NOx="6.16" PMx="0.33" fuel="6.20" electricity="0.00" noise="74.99" route="routetop" type="cfm-slow" waiting="0.00" lane="top_0" pos="34.94" speed="23.93" angle="211.67" x="2.61" y="94.95"/>
        <vehicle id="cfm-slow_4" eclass="HBEFA3/PC_G_EU4" CO2="15892.82" CO="258.63" HC="1.57" NOx="6.83" PMx="0.37" fuel="6.83" electricity="0.00" noise="75.95" route="routetop" type="cfm-slow" waiting="0.00" lane="left_0" pos="4.21" speed="25.42" angle="176.95" x="-4.33" y="54.53"/>
        <vehicle id="cfm-slow_5" eclass="HBEFA3/PC_G_EU4" CO2="14693.91" CO="240.43" HC="1.46" NOx="6.23" PMx="0.35" fuel="6.32" electricity="0.00" noise="75.65" route="routetop" type="cfm-slow" waiting="0.00" lane="left_0" pos="25.00" speed="26.96" angle="139.50" x="15.16" y="15.15"/>
    </timestep>
    <timestep time="5.08">
        <vehicle id="cfm-fast_0" eclass="HBEFA3/PC_G_EU4" CO2="8422.74" CO="117.58" HC="0.75" NOx="3.24" PMx="0.19" fuel="3.62" electricity="0.00" noise="73.77" route="routetop" type="cfm-fast" waiting="0.00" lane="left_0" pos="47.61" speed="28.14" angle="98.91" x="58.43" y="-4.75"/>
        <vehicle id="cfm-fast_1" eclass="HBEFA3/PC_G_EU4" CO2="0.00" CO="0.00" HC="0.00" NOx="0.00" PMx="0.00" fuel="0.00" electricity="0.00" noise="71.95" route="routebottom" type="cfm-fast" waiting="0.00" lane="bottom_0" pos="17.11" speed="28.24" angle="63.67" x="98.81" y="4.75"/>
        <vehicle id="cfm-fast_2" eclass="HBEFA3/PC_G_EU4" CO2="0.00" CO="0.00" HC="0.00" NOx="0.00" PMx="0.00" fuel="0.00" electricity="0.00" noise="70.71" route="routebottom" type="cfm-fast" waiting="0.00" lane="bottom_0" pos="36.62" speed="26.87" angle="28.58" x="126.28" y="35.64"/>
        <vehicle id="cfm-fast_3" eclass="HBEFA3/PC_G_EU4" CO2="0.00" CO="0.00" HC="0.00" NOx="0.00" PMx="0.00" fuel="0.00" electricity="0.00" noise="69.41" route="routebottom" type="cfm-fast" waiting="0.00" lane="right_0" pos="4.63" speed="24.38" angle="356.19" x="131.53" y="73.69"/>
        <vehicle id="cfm-fast_4" eclass="HBEFA3/PC_G_EU4" CO2="275747.99" CO="6552.57" HC="36.80" NOx="128.66" PMx="7.58" fuel="118.53" electricity="0.00" noise="148.09" route="routetop" type="cfm-fast" waiting="0.00" lane="top_1" pos="33.97" speed="68.88" angle="213.40" x="6.47" y="95.18"/>
        <vehicle id="cfm-fast_5" eclass="HBEFA3/PC_G_EU4" CO2="0.00" CO="0.00" HC="0.00" NOx="0.00" PMx="0.00" fuel="0.00" electricity="0.00" noise="69.29" route="routebottom" type="cfm-fast" waiting="0.00" lane="right_0" pos="20.45" speed="21.80" angle="327.65" x="118.58" y="104.78"/>
        <vehicle id="cfm-slow_0" eclass="HBEFA3/PC_G_EU4" CO2="7554.23" CO="79.33" HC="0.55" NOx="2.99" PMx="0.15" fuel="3.25" electricity="0.00" noise="70.87" route="routebottom" type="cfm-slow" waiting="0.00" lane="right_0" pos="33.60" speed="21.24" angle="304.05" x="97.50" y="123.34"/>
        <vehicle id="cfm-slow_1" eclass="HBEFA3/PC_G_EU4" CO2="9579.97" CO="121.21" HC="0.79" NOx="3.93" PMx="0.20" fuel="4.12" electricity="0.00" noise="72.03" route="routetop" type="cfm-slow" waiting="0.00" lane="top_0" pos="0.08" speed="21.81" angle="274.33" x="63.39" y="132.27"/>
        <vehicle id="cfm-slow_2" eclass="HBEFA3/PC_G_EU4" CO2="12020.96" CO="172.30" HC="1.08" NOx="5.06" PMx="0.27" fuel="5.17" electricity="0.00" noise="73.51" route="routetop" type="cfm-slow" waiting="0.00" lane="top_0" pos="17.17" speed="22.71" angle="243.60" x="28.41" y="122.51"/>
        <vehicle id="cfm-slow_3" eclass="HBEFA3/PC_G_EU4" CO2="14423.37" CO="224.01" HC="1.38" NOx="6.17" PMx="0.33" fuel="6.20" electricity="0.00" noise="74.99" route="routetop" type="cfm-slow" waiting="0.00" lane="top_0" pos="35.18" speed="23.95" angle="211.22" x="2.38" y="94.49"/>
        <vehicle id="cfm-slow_4" eclass="HBEFA3/PC_G_EU4" CO2="15873.57" CO="258.29" HC="1.57" NOx="6.82" PMx="0.37" fuel="6.82" electricity="0.00" noise="75.95" route="routetop" type="cfm-slow" waiting="0.00" lane="left_0" pos="4.47" speed="25.44" angle="176.49" x="-4.26" y="53.99"/>
        <vehicle id="cfm-slow_5" eclass="HBEFA3/PC_G_EU4" CO2="14627.55" CO="239.13" HC="1.45" NOx="6.19" PMx="0.35" fuel="6.29" electricity="0.00" noise="75.62" route="routetop" type="cfm-slow" waiting="0.00" lane="left_0" pos="25.27" speed="26.98" angle="139.01" x="15.57" y="14.74"/>
    </timestep>
    <timestep time="5.09">
        <vehicle id="cfm-fast_0" eclass="HBEFA3/PC_G_EU4" CO2="8307.34" CO="115.23" HC="0.73" NOx="3.19" PMx="0.18" fuel="3.57" electricity="0.00" noise="73.74" route="routetop" type="cfm-fast" waiting="0.00" lane="left_0" pos="47.89" speed="28.14" angle="98.37" x="59.04" y="-4.78"/>
        <vehicle id="cfm-fast_1" eclass="HBEFA3/PC_G_EU4" CO2="0.00" CO="0.00" HC="0.00" NOx="0.00" PMx="0.00" fuel="0.00" electricity="0.00" noise="71.93" route="routebottom" type="cfm-fast" waiting="0.00" lane="bottom_0" pos="17.39" speed="28.23" angle="63.15" x="99.33" y="5.07"/>
        <vehicle id="cfm-fast_2" eclass="HBEFA3/PC_G_EU4" CO2="0.00" CO="0.00" HC="0.00" NOx="0.00" PMx="0.00" fuel="0.00" electricity="0.00" noise="70.70" route="routebottom" type="cfm-fast" waiting="0.00" lane="bottom_0" pos="36.89" speed="26.85" angle="28.06" x="126.52" y="36.17"/>
        <vehicle id="cfm-fast_3" eclass="HBEFA3/PC_G_EU4" CO2="0.00" CO="0.00" HC="0.00" NOx="0.00" PMx="0.00" fuel="0.00" electricity="0.00" noise="69.40" route="routebottom" type="cfm-fast" waiting="0.00" lane="right_0" pos="4.88" speed="24.36" angle="355.75" x="131.45" y="74.21"/>
        <vehicle id="cfm-fast_4" eclass="HBEFA3/PC_G_EU4" CO2="276362.61" CO="6570.67" HC="36.90" NOx="128.95" PMx="7.60" fuel="118.79" electricity="0.00" noise="148.15" route="routetop" type="cfm-fast" waiting="0.00" lane="top_1" pos="34.66" speed="69.01" angle="212.19" x="5.79" y="93.94"/>
        <vehicle id="cfm-fast_5" eclass="HBEFA3/PC_G_EU4" CO2="0.00" CO="0.00" HC="0.00" NOx="0.00" PMx="0.00" fuel="0.00" electricity="0.00" noise="69.29" route="routebottom" type="cfm-fast" waiting="0.00" lane="right_0" pos="20.67" speed="21.80" angle="327.28" x="118.29" y="105.16"/>
        <vehicle id="cfm-slow_0" eclass="HBEFA3/PC_G_EU4" CO2="7564.42" CO="79.54" HC="0.55" NOx="2.99" PMx="0.15" fuel="3.25" electricity="0.00" noise="70.88" route="routebottom" type="cfm-slow" waiting="0.00" lane="right_0" pos="33.81" speed="21.24" angle="303.67" x="97.10" y="123.56"/>
        <vehicle id="cfm-slow_1" eclass="HBEFA3/PC_G_EU4" CO2="9594.05" CO="121.51" HC="0.79" NOx="3.94" PMx="0.20" fuel="4.12" electricity="0.00" noise="72.04" route="routetop" type="cfm-slow" waiting="0.00" lane="top_0" pos="0.30" speed="21.82" angle="273.93" x="62.93" y="132.26"/>
        <vehicle id="cfm-slow_2" eclass="HBEFA3/PC_G_EU4" CO2="12034.72" CO="172.60" HC="1.08" NOx="5.07" PMx="0.27" fuel="5.17" electricity="0.00" noise="73.52" route="routetop" type="cfm-slow" waiting="0.00" lane="top_0" pos="17.39" speed="22.72" angle="243.19" x="27.99" y="122.26"/>
        <vehicle id="cfm-slow_3" eclass="HBEFA3/PC_G_EU4" CO2="14428.49" CO="224.16" HC="1.38" NOx="6.17" PMx="0.33" fuel="6.20" electricity="0.00" noise="75.00" route="routetop" type="cfm-slow" waiting="0.00" lane="top_0" pos="35.42" speed="23.96" angle="210.78" x="2.15" y="94.03"/>
        <vehicle id="cfm-slow_4" eclass="HBEFA3/PC_G_EU4" CO2="15853.98" CO="257.95" HC="1.57" NOx="6.81" PMx="0.37" fuel="6.81" electricity="0.00" noise="75.94" route="routetop" type="cfm-slow" waiting="0.00" lane="left_0" pos="4.72" speed="25.46" angle="176.03" x="-4.18" y="53.45"/>
        <vehicle id="cfm-slow_5" eclass="HBEFA3/PC_G_EU4" CO2="14560.79" CO="237.82" HC="1.45" NOx="6.16" PMx="0.34" fuel="6.26" electricity="0.00" noise="75.60" route="routetop" type="cfm-slow" waiting="0.00" lane="left_0" pos="25.54" speed="26.99" angle="138.53" x="15.98" y="14.33"/>
    </timestep>
    <timestep time="5.10">
        <vehicle id="cfm-fast_0" eclass="HBEFA3/PC_G_EU4" CO2="8192.08" CO="112.88" HC="0.72" NOx="3.13" PMx="0.18" fuel="3.52" electricity="0.00" noise="73.71" route="routetop" type="cfm-fast" waiting="0.00" lane="left_0" pos="48.17" speed="28.14" angle="97.83" x="59.64" y="-4.82"/>
        <vehicle id="cfm-fast_1" eclass="HBEFA3/PC_G_EU4" CO2="0.00" CO="0.00" HC="0.00" NOx="0.00" PMx="0.00" fuel="0.00" electricity="0.00" noise="71.92" route="routebottom" type="cfm-fast" waiting="0.00" lane="bottom_0" pos="17.67" speed="28.22" angle="62.63" x="99.85" y="5.38"/>
        <vehicle id="cfm-fast_2" eclass="HBEFA3/PC_G_EU4" CO2="0.00" CO="0.00" HC="0.00" NOx="0.00" PMx="0.00" fuel="0.00" electricity="0.00" noise="70.69" route="routebottom" type="cfm-fast" waiting="0.00" lane="bottom_0" pos="37.16" speed="26.83" angle="27.60" x="126.75" y="36.69"/>
        <vehicle id="cfm-fast_3" eclass="HBEFA3/PC_G_EU4" CO2="0.00" CO="0.00" HC="0.00" NOx="0.00" PMx="0.00" fuel="0.00" electricity="0.00" noise="69.39" route="routebottom" type="cfm-fast" waiting="0.00" lane="right_0" pos="5.12" speed="24.34" angle="355.26" x="131.38" y="74.73"/>
        <vehicle id="cfm-fast_4" eclass="HBEFA3/PC_G_EU4" CO2="276977.52" CO="6588.79" HC="36.99" NOx="129.24" PMx="7.62" fuel="119.06" electricity="0.00" noise="148.22" route="routetop" type="cfm-fast" waiting="0.00" lane="top_1" pos="35.35" speed="69.15" angle="210.93" x="5.16" y="92.67"/>
        <vehicle id="cfm-fast_5" eclass="HBEFA3/PC_G_EU4" CO2="0.00" CO="0.00" HC="0.00" NOx="0.00" PMx="0.00" fuel="0.00" electricity="0.00" noise="69.30" route="routebottom" type="cfm-fast" waiting="0.00" lane="right_0" pos="20.89" speed="21.80" angle="326.89" x="118.01" y="105.52"/>
        <vehicle id="cfm-slow_0" eclass="HBEFA3/PC_G_EU4" CO2="7574.73" CO="79.75" HC="0.55" NOx="3.00" PMx="0.15" fuel="3.26" electricity="0.00" noise="70.89" route="routebottom" type="cfm-slow" waiting="0.00" lane="right_0" pos="34.02" speed="21.25" angle="303.28" x="96.70" y="123.78"/>
        <vehicle id="cfm-slow_1" eclass="HBEFA3/PC_G_EU4" CO2="9608.22" CO="121.81" HC="0.79" NOx="3.94" PMx="0.20" fuel="4.13" electricity="0.00" noise="72.05" route="routetop" type="cfm-slow" waiting="0.00" lane="top_0" pos="0.52" speed="21.83" angle="273.54" x="62.46" y="132.25"/>
        <vehicle id="cfm-slow_2" eclass="HBEFA3/PC_G_EU4" CO2="12048.49" CO="172.91" HC="1.08" NOx="5.07" PMx="0.27" fuel="5.18" electricity="0.00" noise="73.53" route="routetop" type="cfm-slow" waiting="0.00" lane="top_0" pos="17.62" speed="22.74" angle="242.78" x="27.57" y="122.01"/>
        <vehicle id="cfm-slow_3" eclass="HBEFA3/PC_G_EU4" CO2="14433.47" CO="224.30" HC="1.38" NOx="6.17" PMx="0.33" fuel="6.20" electricity="0.00" noise="75.00" route="routetop" type="cfm-slow" waiting="0.00" lane="top_0" pos="35.66" speed="23.98" angle="210.34" x="1.92" y="93.57"/>
        <vehicle id="cfm-slow_4" eclass="HBEFA3/PC_G_EU4" CO2="15834.03" CO="257.60" HC="1.57" NOx="6.80" PMx="0.37" fuel="6.81" electricity="0.00" noise="75.93" route="routetop" type="cfm-slow" waiting="0.00" lane="left_0" pos="4.98" speed="25.48" angle="175.57" x="-4.10" y="52.91"/>
        <vehicle id="cfm-slow_5" eclass="HBEFA3/PC_G_EU4" CO2="14493.62" CO="236.51" HC="1.44" NOx="6.13" PMx="0.34" fuel="6.23" electricity="0.00" noise="75.57" route="routetop" type="cfm-slow" waiting="0.00" lane="left_0" pos="25.81" speed="27.00" angle="138.08" x="16.40" y="13.93"/>
    </timestep>
    <timestep time="5.11">
        <vehicle id="cfm-fast_0" eclass="HBEFA3/PC_G_EU4" CO2="8076.97" CO="110.53" HC="0.71" NOx="3.08" PMx="0.18" fuel="3.47" electricity="0.00" noise="73.68" route="routetop" type="cfm-fast" waiting="0.00" lane="left_0" pos="48.45" speed="28.15" angle="97.29" x="60.25" y="-4.85"/>
        <vehicle id="cfm-fast_1" eclass="HBEFA3/PC_G_EU4" CO2="0.00" CO="0.00" HC="0.00" NOx="0.00" PMx="0.00" fuel="0.00" electricity="0.00" noise="71.90" route="routebottom" type="cfm-fast" waiting="0.00" lane="bottom_0" pos="17.96" speed="28.21" angle="62.19" x="100.37" y="5.69"/>
        <vehicle id="cfm-fast_2" eclass="HBEFA3/PC_G_EU4" CO2="0.00" CO="0.00" HC="0.00" NOx="0.00" PMx="0.00" fuel="0.00" electricity="0.00" noise="70.68" route="routebottom" type="cfm-fast" waiting="0.00" lane="bottom_0" pos="37.43" speed="26.80" angle="27.13" x="126.97" y="37.23"/>
        <vehicle id="cfm-fast_3" eclass="HBEFA3/PC_G_EU4" CO2="0.00" CO="0.00" HC="0.00" NOx="0.00" PMx="0.00" fuel="0.00" electricity="0.00" noise="69.39" route="routebottom" type="cfm-fast" waiting="0.00" lane="right_0" pos="5.36" speed="24.32" angle="354.81" x="131.28" y="75.24"/>
        <vehicle id="cfm-fast_4" eclass="HBEFA3/PC_G_EU4" CO2="277592.72" CO="6606.93" HC="37.09" NOx="129.53" PMx="7.64" fuel="119.32" electricity="0.00" noise="148.29" route="routetop" type="cfm-fast" waiting="0.00" lane="top_1" pos="36.05" speed="69.28" angle="209.71" x="4.53" y="91.39"/>
        <vehicle id="cfm-fast_5" eclass="HBEFA3/PC_G_EU4" CO2="0.00" CO="0.00" HC="0.00" NOx="0.00" PMx="0.00" fuel="0.00" electricity="0.00" noise="69.31" route="routebottom" type="cfm-fast" waiting="0.00" lane="right_0" pos="21.10" speed="21.80" angle="326.49" x="117.72" y="105.89"/>
        <vehicle id="cfm-slow_0" eclass="HBEFA3/PC_G_EU4" CO2="7585.16" CO="79.97" HC="0.55" NOx="3.00" PMx="0.15" fuel="3.26" electricity="0.00" noise="70.89" route="routebottom" type="cfm-slow" waiting="0.00" lane="right_0" pos="34.24" speed="21.26" angle="302.89" x="96.30" y="124.00"/>
        <vehicle id="cfm-slow_1" eclass="HBEFA3/PC_G_EU4" CO2="9622.46" CO="122.11" HC="0.79" NOx="3.95" PMx="0.20" fuel="4.14" electricity="0.00" noise="72.06" route="routetop" type="cfm-slow" waiting="0.00" lane="top_0" pos="0.74" speed="21.84" angle="273.14" x="61.99" y="132.24"/>
        <vehicle id="cfm-slow_2" eclass="HBEFA3/PC_G_EU4" CO2="12062.26" CO="173.21" HC="1.09" NOx="5.08" PMx="0.27" fuel="5.18" electricity="0.00" noise="73.54" route="routetop" type="cfm-slow" waiting="0.00" lane="top_0" pos="17.85" speed="22.75" angle="242.39" x="27.15" y="121.76"/>
        <vehicle id="cfm-slow_3" eclass="HBEFA3/PC_G_EU4" CO2="14438.31" CO="224.44" HC="1.38" NOx="6.17" PMx="0.33" fuel="6.21" electricity="0.00" noise="75.01" route="routetop" type="cfm-slow" waiting="0.00" lane="top_0" pos="35.90" speed="24.00" angle="209.95" x="1.69" y="93.11"/>
        <vehicle id="cfm-slow_4" eclass="HBEFA3/PC_G_EU4" CO2="15813.74" CO="257.25" HC="1.57" NOx="6.79" PMx="0.37" fuel="6.80" electricity="0.00" noise="75.92" route="routetop" type="cfm-slow" waiting="0.00" lane="left_0" pos="5.23" speed="25.49" angle="175.07" x="-4.02" y="52.36"/>
        <vehicle id="cfm-slow_5" eclass="HBEFA3/PC_G_EU4" CO2="14426.06" CO="235.18" HC="1.43" NOx="6.10" PMx="0.34" fuel="6.20" electricity="0.00" noise="75.54" route="routetop" type="cfm-slow" waiting="0.00" lane="left_0" pos="26.08" speed="27.02" angle="137.58" x="16.83" y="13.54"/>
    </timestep>
    <timestep time="5.12">
        <vehicle id="cfm-fast_0" eclass="HBEFA3/PC_G_EU4" CO2="7962.03" CO="108.19" HC="0.69" NOx="3.02" PMx="0.18" fuel="3.42" electricity="0.00" noise="73.65" route="routetop" type="cfm-fast" waiting="0.00" lane="left_0" pos="48.74" speed="28.15" angle="96.80" x="60.85" y="-4.89"/>
        <vehicle id="cfm-fast_1" eclass="HBEFA3/PC_G_EU4" CO2="0.00" CO="0.00" HC="0.00" NOx="0.00" PMx="0.00" fuel="0.00" electricity="0.00" noise="71.89" route="routebottom" type="cfm-fast" waiting="0.00" lane="bottom_0" pos="18.24" speed="28.20" angle="61.66" x="100.88" y="6.03"/>
        <vehicle id="cfm-fast_2" eclass="HBEFA3/PC_G_EU4" CO2="0.00" CO="0.00" HC="0.00" NOx="0.00" PMx="0.00" fuel="0.00" electricity="0.00" noise="70.67" route="routebottom" type="cfm-fast" waiting="0.00" lane="bottom_0" pos="37.70" speed="26.78" angle="26.65" x="127.18" y="37.76"/>
        <vehicle id="cfm-fast_3" eclass="HBEFA3/PC_G_EU4" CO2="0.00" CO="0.00" HC="0.00" NOx="0.00" PMx="0.00" fuel="0.00" electricity="0.00" noise="69.38" route="routebottom" type="cfm-fast" waiting="0.00" lane="right_0" pos="5.61" speed="24.30" angle="354.35" x="131.19" y="75.76"/>
        <vehicle id="cfm-fast_4" eclass="HBEFA3/PC_G_EU4" CO2="278208.22" CO="6625.09" HC="37.19" NOx="129.82" PMx="7.66" fuel="119.59" electricity="0.00" noise="148.35" route="routetop" type="cfm-fast" waiting="0.00" lane="top_1" pos="36.74" speed="69.42" angle="208.40" x="3.95" y="90.10"/>
        <vehicle id="cfm-fast_5" eclass="HBEFA3/PC_G_EU4" CO2="0.00" CO="0.00" HC="0.00" NOx="0.00" PMx="0.00" fuel="0.00" electricity="0.00" noise="69.32" route="routebottom" type="cfm-fast" waiting="0.00" lane="right_0" pos="21.32" speed="21.79" angle="326.09" x="117.43" y="106.26"/>
        <vehicle id="cfm-slow_0" eclass="HBEFA3/PC_G_EU4" CO2="7595.70" CO="80.18" HC="0.55" NOx="3.01" PMx="0.15" fuel="3.27" electricity="0.00" noise="70.90" route="routebottom" type="cfm-slow" waiting="0.00" lane="right_0" pos="34.45" speed="21.27" angle="302.51" x="95.90" y="124.22"/>
        <vehicle id="cfm-slow_1" eclass="HBEFA3/PC_G_EU4" CO2="9636.77" CO="122.41" HC="0.79" NOx="3.96" PMx="0.20" fuel="4.14" electricity="0.00" noise="72.07" route="routetop" type="cfm-slow" waiting="0.00" lane="top_0" pos="0.95" speed="21.85" angle="272.75" x="61.52" y="132.23"/>
        <vehicle id="cfm-slow_2" eclass="HBEFA3/PC_G_EU4" CO2="12076.03" CO="173.51" HC="1.09" NOx="5.09" PMx="0.27" fuel="5.19" electricity="0.00" noise="73.55" route="routetop" type="cfm-slow" waiting="0.00" lane="top_0" pos="18.08" speed="22.77" angle="242.00" x="26.74" y="121.50"/>
        <vehicle id="cfm-slow_3" eclass="HBEFA3/PC_G_EU4" CO2="14443.00" CO="224.57" HC="1.38" NOx="6.17" PMx="0.33" fuel="6.21" electricity="0.00" noise="75.01" route="routetop" type="cfm-slow" waiting="0.00" lane="top_0" pos="36.14" speed="24.01" angle="209.50" x="1.48" y="92.64"/>
        <vehicle id="cfm-slow_4" eclass="HBEFA3/PC_G_EU4" CO2="15793.09" CO="256.89" HC="1.56" NOx="6.78" PMx="0.37" fuel="6.79" electricity="0.00" noise="75.91" route="routetop" type="cfm-slow" waiting="0.00" lane="left_0" pos="5.49" speed="25.51" angle="174.61" x="-3.92" y="51.82"/>
        <vehicle id="cfm-slow_5" eclass="HBEFA3/PC_G_EU4" CO2="14358.10" CO="233.85" HC="1.42" NOx="6.07" PMx="0.34" fuel="6.17" electricity="0.00" noise="75.52" route="routetop" type="cfm-slow" waiting="0.00" lane="left_0" pos="26.35" speed="27.03" angle="137.08" x="17.25" y="13.15"/>
    </timestep>
    <timestep time="5.13">
        <vehicle id="cfm-fast_0" eclass="HBEFA3/PC_G_EU4" CO2="7847.26" CO="105.85" HC="0.68" NOx="2.97" PMx="0.17" fuel="3.37" electricity="0.00" noise="73.62" route="routetop" type="cfm-fast" waiting="0.00" lane="left_0" pos="49.02" speed="28.15" angle="96.30" x="61.46" y="-4.90"/>
        <vehicle id="cfm-fast_1" eclass="HBEFA3/PC_G_EU4" CO2="0.00" CO="0.00" HC="0.00" NOx="0.00" PMx="0.00" fuel="0.00" electricity="0.00" noise="71.87" route="routebottom" type="cfm-fast" waiting="0.00" lane="bottom_0" pos="18.52" speed="28.19" angle="61.13" x="101.38" y="6.36"/>
        <vehicle id="cfm-fast_2" eclass="HBEFA3/PC_G_EU4" CO2="0.00" CO="0.00" HC="0.00" NOx="0.00" PMx="0.00" fuel="0.00" electricity="0.00" noise="70.66" route="routebottom" type="cfm-fast" waiting="0.00" lane="bottom_0" pos="37.96" speed="26.76" angle="26.17" x="127.40" y="38.30"/>
        <vehicle id="cfm-fast_3" eclass="HBEFA3/PC_G_EU4" CO2="0.00" CO="0.00" HC="0.00" NOx="0.00" PMx="0.00" fuel="0.00" electricity="0.00" noise="69.37" route="routebottom" type="cfm-fast" waiting="0.00" lane="right_0" pos="5.85" speed="24.28" angle="353.90" x="131.09" y="76.27"/>
        <vehicle id="cfm-fast_4" eclass="HBEFA3/PC_G_EU4" CO2="278824.01" CO="6643.28" HC="37.29" NOx="130.11" PMx="7.67" fuel="119.85" electricity="0.00" noise="148.42" route="routetop" type="cfm-fast" waiting="0.00" lane="top_1" pos="37.44" speed="69.56" angle="207.15" x="3.38" y="88.79"/>
        <vehicle id="cfm-fast_5" eclass="HBEFA3/PC_G_EU4" CO2="0.00" CO="0.00" HC="0.00" NOx="0.00" PMx="0.00" fuel="0.00" electricity="0.00" noise="69.32" route="routebottom" type="cfm-fast" waiting="0.00" lane="right_0" pos="21.54" speed="21.79" angle="325.70" x="117.14" y="106.63"/>
        <vehicle id="cfm-slow_0" eclass="HBEFA3/PC_G_EU4" CO2="7606.36" CO="80.41" HC="0.55" NOx="3.01" PMx="0.15" fuel="3.27" electricity="0.00" noise="70.91" route="routebottom" type="cfm-slow" waiting="0.00" lane="right_0" pos="34.66" speed="21.27" angle="302.19" x="95.49" y="124.44"/>
        <vehicle id="cfm-slow_1" eclass="HBEFA3/PC_G_EU4" CO2="9651.16" CO="122.71" HC="0.80" NOx="3.96" PMx="0.20" fuel="4.15" electricity="0.00" noise="72.08" route="routetop" type="cfm-slow" waiting="0.00" lane="top_0" pos="1.17" speed="21.87" angle="272.35" x="61.05" y="132.22"/>
        <vehicle id="cfm-slow_2" eclass="HBEFA3/PC_G_EU4" CO2="12089.80" CO="173.81" HC="1.09" NOx="5.09" PMx="0.27" fuel="5.20" electricity="0.00" noise="73.56" route="routetop" type="cfm-slow" waiting="0.00" lane="top_0" pos="18.30" speed="22.78" angle="241.56" x="26.33" y="121.22"/>
        <vehicle id="cfm-slow_3" eclass="HBEFA3/PC_G_EU4" CO2="14447.55" CO="224.71" HC="1.38" NOx="6.18" PMx="0.33" fuel="6.21" electricity="0.00" noise="75.02" route="routetop" type="cfm-slow" waiting="0.00" lane="top_0" pos="36.38" speed="24.03" angle="209.05" x="1.26" y="92.17"/>
        <vehicle id="cfm-slow_4" eclass="HBEFA3/PC_G_EU4" CO2="15772.09" CO="256.52" HC="1.56" NOx="6.77" PMx="0.37" fuel="6.78" electricity="0.00" noise="75.91" route="routetop" type="cfm-slow" waiting="0.00" lane="left_0" pos="5.74" speed="25.53" angle="174.14" x="-3.82" y="51.28"/>
        <vehicle id="cfm-slow_5" eclass="HBEFA3/PC_G_EU4" CO2="14289.76" CO="232.51" HC="1.42" NOx="6.03" PMx="0.34" fuel="6.14" electricity="0.00" noise="75.49" route="routetop" type="cfm-slow" waiting="0.00" lane="left_0" pos="26.62" speed="27.05" angle="136.57" x="17.68" y="12.75"/>
    </timestep>
    <timestep time="5.14">
        <vehicle id="cfm-fast_0" eclass="HBEFA3/PC_G_EU4" CO2="7732.66" CO="103.51" HC="0.67" NOx="2.92" PMx="0.17" fuel="3.32" electricity="0.00" noise="73.59" route="routetop" type="cfm-fast" waiting="0.00" lane="left_0" pos="49.30" speed="28.16" angle="95.78" x="62.06" y="-4.92"/>
        <vehicle id="cfm-fast_1" eclass="HBEFA3/PC_G_EU4" CO2="0.00" CO="0.00" HC="0.00" NOx="0.00" PMx="0.00" fuel="0.00" electricity="0.00" noise="71.86" route="routebottom" type="cfm-fast" waiting="0.00" lane="bottom_0" pos="18.80" speed="28.18" angle="60.60" x="101.89" y="6.70"/>
        <vehicle id="cfm-fast_2" eclass="HBEFA3/PC_G_EU4" CO2="0.00" CO="0.00" HC="0.00" NOx="0.00" PMx="0.00" fuel="0.00" electricity="0.00" noise="70.64" route="routebottom" type="cfm-fast" waiting="0.00" lane="bottom_0" pos="38.23" speed="26.74" angle="25.69" x="127.61" y="38.83"/>
        <vehicle id="cfm-fast_3" eclass="HBEFA3/PC_G_EU4" CO2="0.00" CO="0.00" HC="0.00" NOx="0.00" PMx="0.00" fuel="0.00" electricity="0.00" noise="69.36" route="routebottom" type="cfm-fast" waiting="0.00" lane="right_0" pos="6.09" speed="24.26" angle="353.45" x="131.00" y="76.78"/>
        <vehicle id="cfm-fast_4" eclass="HBEFA3/PC_G_EU4" CO2="279440.08" CO="6661.49" HC="37.39" NOx="130.39" PMx="7.69" fuel="120.12" electricity="0.00" noise="148.48" route="routetop" type="cfm-fast" waiting="0.00" lane="top_1" pos="38.13" speed="69.69" angle="205.83" x="2.85" y="87.46"/>
        <vehicle id="cfm-fast_5" eclass="HBEFA3/PC_G_EU4" CO2="0.00" CO="0.00" HC="0.00" NOx="0.00" PMx="0.00" fuel="0.00" electricity="0.00" noise="69.33" route="routebottom" type="cfm-fast" waiting="0.00" lane="right_0" pos="21.76" speed="21.79" angle="325.34" x="116.85" y="107.00"/>
        <vehicle id="cfm-slow_0" eclass="HBEFA3/PC_G_EU4" CO2="7617.13" CO="80.63" HC="0.55" NOx="3.02" PMx="0.15" fuel="3.27" electricity="0.00" noise="70.92" route="routebottom" type="cfm-slow" waiting="0.00" lane="right_0" pos="34.87" speed="21.28" angle="301.80" x="95.09" y="124.65"/>
        <vehicle id="cfm-slow_1" eclass="HBEFA3/PC_G_EU4" CO2="9665.63" CO="123.01" HC="0.80" NOx="3.97" PMx="0.20" fuel="4.15" electricity="0.00" noise="72.09" route="routetop" type="cfm-slow" waiting="0.00" lane="top_0" pos="1.39" speed="21.88" angle="271.98" x="60.58" y="132.20"/>
        <vehicle id="cfm-slow_2" eclass="HBEFA3/PC_G_EU4" CO2="12103.57" CO="174.12" HC="1.09" NOx="5.10" PMx="0.27" fuel="5.20" electricity="0.00" noise="73.57" route="routetop" type="cfm-slow" waiting="0.00" lane="top_0" pos="18.53" speed="22.79" angle="241.11" x="25.92" y="120.95"/>
        <vehicle id="cfm-slow_3" eclass="HBEFA3/PC_G_EU4" CO2="14451.95" CO="224.84" HC="1.38" NOx="6.18" PMx="0.33" fuel="6.21" electricity="0.00" noise="75.02" route="routetop" type="cfm-slow" waiting="0.00" lane="top_0" pos="36.62" speed="24.05" angle="208.60" x="1.05" y="91.69"/>
        <vehicle id="cfm-slow_4" eclass="HBEFA3/PC_G_EU4" CO2="15750.73" CO="256.14" HC="1.56" NOx="6.76" PMx="0.37" fuel="6.77" electricity="0.00" noise="75.90" route="routetop" type="cfm-slow" waiting="0.00" lane="left_0" pos="6.00" speed="25.54" angle="173.67" x="-3.72" y="50.74"/>
        <vehicle id="cfm-slow_5" eclass="HBEFA3/PC_G_EU4" CO2="14221.03" CO="231.16" HC="1.41" NOx="6.00" PMx="0.34" fuel="6.11" electricity="0.00" noise="75.46" route="routetop" type="cfm-slow" waiting="0.00" lane="left_0" pos="26.89" speed="27.06" angle="136.12" x="18.11" y="12.36"/>
    </timestep>
    <timestep time="5.15">
        <vehicle id="cfm-fast_0" eclass="HBEFA3/PC_G_EU4" CO2="7618.25" CO="101.17" HC="0.65" NOx="2.86" PMx="0.17" fuel="3.27" electricity="0.00" noise="73.56" route="routetop" type="cfm-fast" waiting="0.00" lane="left_0" pos="49.58" speed="28.16" angle="95.27" x="62.67" y="-4.93"/>
        <vehicle id="cfm-fast_1" eclass="HBEFA3/PC_G_EU4" CO2="0.00" CO="0.00" HC="0.00" NOx="0.00" PMx="0.00" fuel="0.00" electricity="0.00" noise="71.84" route="routebottom" type="cfm-fast" waiting="0.00" lane="bottom_0" pos="19.08" speed="28.17" angle="60.07" x="102.39" y="7.04"/>
        <vehicle id="cfm-fast_2" eclass="HBEFA3/PC_G_EU4" CO2="0.00" CO="0.00" HC="0.00" NOx="0.00" PMx="0.00" fuel="0.00" electricity="0.00" noise="70.63" route="routebottom" type="cfm-fast" waiting="0.00" lane="bottom_0" pos="38.50" speed="26.72" angle="25.25" x="127.82" y="39.37"/>
        <vehicle id="cfm-fast_3" eclass="HBEFA3/PC_G_EU4" CO2="0.00" CO="0.00" HC="0.00" NOx="0.00" PMx="0.00" fuel="0.00" electricity="0.00" noise="69.36" route="routebottom" type="cfm-fast" waiting="0.00" lane="right_0" pos="6.33" speed="24.24" angle="353.04" x="130.91" y="77.30"/>
        <vehicle id="cfm-fast_4" eclass="HBEFA3/PC_G_EU4" CO2="280056.46" CO="6679.72" HC="37.49" NOx="130.68" PMx="7.71" fuel="120.38" electricity="0.00" noise="148.55" route="routetop" type="cfm-fast" waiting="0.00" lane="top_1" pos="38.83" speed="69.83" angle="204.59" x="2.35" y="86.12"/>
        <vehicle id="cfm-fast_5" eclass="HBEFA3/PC_G_EU4" CO2="0.00" CO="0.00" HC="0.00" NOx="0.00" PMx="0.00" fuel="0.00" electricity="0.00" noise="69.34" route="routebottom" type="cfm-fast" waiting="0.00" lane="right_0" pos="21.98" speed="21.79" angle="324.94" x="116.55" y="107.36"/>
        <vehicle id="cfm-slow_0" eclass="HBEFA3/PC_G_EU4" CO2="7628.02" CO="80.85" HC="0.55" NOx="3.02" PMx="0.15" fuel="3.28" electricity="0.00" noise="70.92" route="routebottom" type="cfm-slow" waiting="0.00" lane="right_0" pos="35.09" speed="21.29" angle="301.41" x="94.68" y="124.85"/>
        <vehicle id="cfm-slow_1" eclass="HBEFA3/PC_G_EU4" CO2="9680.16" CO="123.32" HC="0.80" NOx="3.98" PMx="0.20" fuel="4.16" electricity="0.00" noise="72.10" route="routetop" type="cfm-slow" waiting="0.00" lane="top_0" pos="1.61" speed="21.89" angle="271.58" x="60.11" y="132.17"/>
        <vehicle id="cfm-slow_2" eclass="HBEFA3/PC_G_EU4" CO2="12117.33" CO="174.42" HC="1.09" NOx="5.10" PMx="0.27" fuel="5.21" electricity="0.00" noise="73.58" route="routetop" type="cfm-slow" waiting="0.00" lane="top_0" pos="18.76" speed="22.81" angle="240.67" x="25.51" y="120.68"/>
        <vehicle id="cfm-slow_3" eclass="HBEFA3/PC_G_EU4" CO2="14456.20" CO="224.97" HC="1.38" NOx="6.18" PMx="0.33" fuel="6.21" electricity="0.00" noise="75.03" route="routetop" type="cfm-slow" waiting="0.00" lane="top_0" pos="36.86" speed="24.06" angle="208.15" x="0.84" y="91.22"/>
        <vehicle id="cfm-slow_4" eclass="HBEFA3/PC_G_EU4" CO2="15729.02" CO="255.75" HC="1.56" NOx="6.75" PMx="0.37" fuel="6.76" electricity="0.00" noise="75.89" route="routetop" type="cfm-slow" waiting="0.00" lane="left_0" pos="6.25" speed="25.56" angle="173.22" x="-3.62" y="50.20"/>
        <vehicle id="cfm-slow_5" eclass="HBEFA3/PC_G_EU4" CO2="14151.92" CO="229.80" HC="1.40" NOx="5.97" PMx="0.33" fuel="6.08" electricity="0.00" noise="75.44" route="routetop" type="cfm-slow" waiting="0.00" lane="left_0" pos="27.16" speed="27.07" angle="135.63" x="18.55" y="11.98"/>
    </timestep>
    <timestep time="5.16">
        <vehicle id="cfm-fast_0" eclass="HBEFA3/PC_G_EU4" CO2="7504.04" CO="98.84" HC="0.64" NOx="2.81" PMx="0.16" fuel="3.23" electricity="0.00" noise="73.54" route="routetop" type="cfm-fast" waiting="0.00" lane="left_0" pos="49.86" speed="28.16" angle="94.76" x="63.27" y="-4.94"/>
        <vehicle id="cfm-fast_1" eclass="HBEFA3/PC_G_EU4" CO2="0.00" CO="0.00" HC="0.00" NOx="0.00" PMx="0.00" fuel="0.00" electricity="0.00" noise="71.83" route="routebottom" type="cfm-fast" waiting="0.00" lane="bottom_0" pos="19.36" speed="28.15" angle="59.61" x="102.89" y="7.38"/>
        <vehicle id="cfm-fast_2" eclass="HBEFA3/PC_G_EU4" CO2="0.00" CO="0.00" HC="0.00" NOx="0.00" PMx="0.00" fuel="0.00" electricity="0.00" noise="70.62" route="routebottom" type="cfm-fast" waiting="0.00" lane="bottom_0" pos="38.77" speed="26.70" angle="24.77" x="128.02" y="39.91"/>
        <vehicle id="cfm-fast_3" eclass="HBEFA3/PC_G_EU4" CO2="0.00" CO="0.00" HC="0.00" NOx="0.00" PMx="0.00" fuel="0.00" electricity="0.00" noise="69.35" route="routebottom" type="cfm-fast" waiting="0.00" lane="right_0" pos="6.58" speed="24.23" angle="352.60" x="130.79" y="77.81"/>
        <vehicle id="cfm-fast_4" eclass="HBEFA3/PC_G_EU4" CO2="280673.12" CO="6697.97" HC="37.59" NOx="130.97" PMx="7.73" fuel="120.65" electricity="0.00" noise="148.61" route="routetop" type="cfm-fast" waiting="0.00" lane="top_1" pos="39.53" speed="69.97" angle="203.32" x="1.86" y="84.77"/>
        <vehicle id="cfm-fast_5" eclass="HBEFA3/PC_G_EU4" CO2="0.00" CO="0.00" HC="0.00" NOx="0.00" PMx="0.00" fuel="0.00" electricity="0.00" noise="69.34" route="routebottom" type="cfm-fast" waiting="0.00" lane="right_0" pos="22.19" speed="21.79" angle="324.53" x="116.24" y="107.72"/>
        <vehicle id="cfm-slow_0" eclass="HBEFA3/PC_G_EU4" CO2="7639.01" CO="81.08" HC="0.56" NOx="3.03" PMx="0.15" fuel="3.28" electricity="0.00" noise="70.93" route="routebottom" type="cfm-slow" waiting="0.00" lane="right_0" pos="35.30" speed="21.30" angle="301.03" x="94.27" y="125.06"/>
        <vehicle id="cfm-slow_1" eclass="HBEFA3/PC_G_EU4" CO2="9694.77" CO="123.63" HC="0.80" NOx="3.98" PMx="0.21" fuel="4.17" electricity="0.00" noise="72.11" route="routetop" type="cfm-slow" waiting="0.00" lane="top_0" pos="1.83" speed="21.90" angle="271.19" x="59.63" y="132.15"/>
        <vehicle id="cfm-slow_2" eclass="HBEFA3/PC_G_EU4" CO2="12131.08" CO="174.72" HC="1.10" NOx="5.11" PMx="0.27" fuel="5.21" electricity="0.00" noise="73.59" route="routetop" type="cfm-slow" waiting="0.00" lane="top_0" pos="18.99" speed="22.82" angle="240.22" x="25.11" y="120.41"/>
        <vehicle id="cfm-slow_3" eclass="HBEFA3/PC_G_EU4" CO2="14460.29" CO="225.09" HC="1.38" NOx="6.18" PMx="0.33" fuel="6.22" electricity="0.00" noise="75.03" route="routetop" type="cfm-slow" waiting="0.00" lane="top_0" pos="37.10" speed="24.08" angle="207.72" x="0.62" y="90.75"/>
        <vehicle id="cfm-slow_4" eclass="HBEFA3/PC_G_EU4" CO2="15706.95" CO="255.36" HC="1.55" NOx="6.74" PMx="0.37" fuel="6.75" electricity="0.00" noise="75.88" route="routetop" type="cfm-slow" waiting="0.00" lane="left_0" pos="6.51" speed="25.58" angle="172.79" x="-3.51" y="49.66"/>
        <vehicle id="cfm-slow_5" eclass="HBEFA3/PC_G_EU4" CO2="14082.43" CO="228.44" HC="1.39" NOx="5.94" PMx="0.33" fuel="6.05" electricity="0.00" noise="75.41" route="routetop" type="cfm-slow" waiting="0.00" lane="left_0" pos="27.43" speed="27.08" angle="135.12" x="19.00" y="11.60"/>
    </timestep>
    <timestep time="5.17">
        <vehicle id="cfm-fast_0" eclass="HBEFA3/PC_G_EU4" CO2="7390.02" CO="96.51" HC="0.63" NOx="2.75" PMx="0.16" fuel="3.18" electricity="0.00" noise="73.51" route="routebottom" type="cfm-fast" waiting="0.00" lane="bottom_0" pos="0.14" speed="28.17" angle="94.21" x="64.07" y="-4.94"/>
        <vehicle id="cfm-fast_1" eclass="HBEFA3/PC_G_EU4" CO2="0.00" CO="0.00" HC="0.00" NOx="0.00" PMx="0.00" fuel="0.00" electricity="0.00" noise="71.82" route="routebottom" type="cfm-fast" waiting="0.00" lane="bottom_0" pos="19.65" speed="28.14" angle="59.09" x="103.38" y="7.73"/>
        <vehicle id="cfm-fast_2" eclass="HBEFA3/PC_G_EU4" CO2="0.00" CO="0.00" HC="0.00" NOx="0.00" PMx="0.00" fuel="0.00" electricity="0.00" noise="70.61" route="routebottom" type="cfm-fast" waiting="0.00" lane="bottom_0" pos="39.03" speed="26.68" angle="24.29" x="128.21" y="40.45"/>
        <vehicle id="cfm-fast_3" eclass="HBEFA3/PC_G_EU4" CO2="0.00" CO="0.00" HC="0.00" NOx="0.00" PMx="0.00" fuel="0.00" electricity="0.00" noise="69.34" route="routebottom" type="cfm-fast" waiting="0.00" lane="right_0" pos="6.82" speed="24.21" angle="352.15" x="130.68" y="78.31"/>
        <vehicle id="cfm-fast_4" eclass="HBEFA3/PC_G_EU4" CO2="281290.07" CO="6716.24" HC="37.69" NOx="131.26" PMx="7.75" fuel="120.91" electricity="0.00" noise="148.68" route="routetop" type="cfm-fast" waiting="0.00" lane="top_1" pos="40.23" speed="70.10" angle="202.08" x="1.42" y="83.40"/>
        <vehicle id="cfm-fast_5" eclass="HBEFA3/PC_G_EU4" CO2="0.00" CO="0.00" HC="0.00" NOx="0.00" PMx="0.00" fuel="0.00" electricity="0.00" noise="69.35" route="routebottom" type="cfm-fast" waiting="0.00" lane="right_0" pos="22.41" speed="21.78" angle="324.11" x="115.94" y="108.07"/>
        <vehicle id="cfm-slow_0" eclass="HBEFA3/PC_G_EU4" CO2="7650.11" CO="81.31" HC="0.56" NOx="3.03" PMx="0.15" fuel="3.29" electricity="0.00" noise="70.94" route="routebottom" type="cfm-slow" waiting="0.00" lane="right_0" pos="35.51" speed="21.30" angle="300.64" x="93.86" y="125.26"/>
        <vehicle id="cfm-slow_1" eclass="HBEFA3/PC_G_EU4" CO2="9709.44" CO="123.94" HC="0.80" NOx="3.99" PMx="0.21" fuel="4.17" electricity="0.00" noise="72.12" route="routetop" type="cfm-slow" waiting="0.00" lane="top_0" pos="2.05" speed="21.91" angle="270.80" x="59.16" y="132.12"/>
        <vehicle id="cfm-slow_2" eclass="HBEFA3/PC_G_EU4" CO2="12144.83" CO="175.02" HC="1.10" NOx="5.12" PMx="0.27" fuel="5.22" electricity="0.00" noise="73.60" route="routetop" type="cfm-slow" waiting="0.00" lane="top_0" pos="19.22" speed="22.84" angle="239.85" x="24.70" y="120.13"/>
        <vehicle id="cfm-slow_3" eclass="HBEFA3/PC_G_EU4" CO2="14464.23" CO="225.21" HC="1.38" NOx="6.18" PMx="0.33" fuel="6.22" electricity="0.00" noise="75.04" route="routetop" type="cfm-slow" waiting="0.00" lane="top_0" pos="37.35" speed="24.10" angle="207.33" x="0.42" y="90.27"/>
        <vehicle id="cfm-slow_4" eclass="HBEFA3/PC_G_EU4" CO2="15684.53" CO="254.96" HC="1.55" NOx="6.72" PMx="0.37" fuel="6.74" electricity="0.00" noise="75.87" route="routetop" type="cfm-slow" waiting="0.00" lane="left_0" pos="6.76" speed="25.60" angle="172.29" x="-3.38" y="49.13"/>
        <vehicle id="cfm-slow_5" eclass="HBEFA3/PC_G_EU4" CO2="14012.57" CO="227.06" HC="1.38" NOx="5.90" PMx="0.33" fuel="6.02" electricity="0.00" noise="75.39" route="routetop" type="cfm-slow" waiting="0.00" lane="left_0" pos="27.70" speed="27.10" angle="134.62" x="19.44" y="11.22"/>
    </timestep>
    <timestep time="5.18">
        <vehicle id="cfm-fast_0" eclass="HBEFA3/PC_G_EU4" CO2="7276.22" CO="94.18" HC="0.61" NOx="2.70" PMx="0.16" fuel="3.13" electricity="0.00" noise="73.48" route="routebottom" type="cfm-fast" waiting="0.00" lane="bottom_0" pos="0.43" speed="28.17" angle="93.70" x="64.67" y="-4.93"/>
        <vehicle id="cfm-fast_1" eclass="HBEFA3/PC_G_EU4" CO2="0.00" CO="0.00" HC="0.00" NOx="0.00" PMx="0.00" fuel="0.00" electricity="0.00" noise="71.80" route="routebottom" type="cfm-fast" waiting="0.00" lane="bottom_0" pos="19.93" speed="28.13" angle="58.57" x="103.87" y="8.09"/>
        <vehicle id="cfm-fast_2" eclass="HBEFA3/PC_G_EU4" CO2="0.00" CO="0.00" HC="0.00" NOx="0.00" PMx="0.00" fuel="0.00" electricity="0.00" noise="70.60" route="routebottom" type="cfm-fast" waiting="0.00" lane="bottom_0" pos="39.30" speed="26.65" angle="23.81" x="128.41" y="40.98"/>
        <vehicle id="cfm-fast_3" eclass="HBEFA3/PC_G_EU4" CO2="0.00" CO="0.00" HC="0.00" NOx="0.00" PMx="0.00" fuel="0.00" electricity="0.00" noise="69.34" route="routebottom" type="cfm-fast" waiting="0.00" lane="right_0" pos="7.06" speed="24.19" angle="351.70" x="130.57" y="78.82"/>
        <vehicle id="cfm-fast_4" eclass="HBEFA3/PC_G_EU4" CO2="281907.32" CO="6734.53" HC="37.78" NOx="131.55" PMx="7.77" fuel="121.18" electricity="0.00" noise="148.75" route="routetop" type="cfm-fast" waiting="0.00" lane="top_1" pos="40.93" speed="70.24" angle="200.78" x="0.99" y="82.03"/>
        <vehicle id="cfm-fast_5" eclass="HBEFA3/PC_G_EU4" CO2="0.00" CO="0.00" HC="0.00" NOx="0.00" PMx="0.00" fuel="0.00" electricity="0.00" noise="69.36" route="routebottom" type="cfm-fast" waiting="0.00" lane="right_0" pos="22.63" speed="21.78" angle="323.70" x="115.64" y="108.43"/>
        <vehicle id="cfm-slow_0" eclass="HBEFA3/PC_G_EU4" CO2="7661.33" CO="81.54" HC="0.56" NOx="3.04" PMx="0.15" fuel="3.29" electricity="0.00" noise="70.95" route="routebottom" type="cfm-slow" waiting="0.00" lane="right_0" pos="35.73" speed="21.31" angle="300.26" x="93.45" y="125.47"/>
        <vehicle id="cfm-slow_1" eclass="HBEFA3/PC_G_EU4" CO2="9724.19" CO="124.25" HC="0.80" NOx="4.00" PMx="0.21" fuel="4.18" electricity="0.00" noise="72.13" route="routetop" type="cfm-slow" waiting="0.00" lane="top_0" pos="2.27" speed="21.92" angle="270.40" x="58.69" y="132.09"/>
        <vehicle id="cfm-slow_2" eclass="HBEFA3/PC_G_EU4" CO2="12158.56" CO="175.33" HC="1.10" NOx="5.12" PMx="0.27" fuel="5.23" electricity="0.00" noise="73.61" route="routetop" type="cfm-slow" waiting="0.00" lane="top_0" pos="19.45" speed="22.85" angle="239.44" x="24.30" y="119.84"/>
        <vehicle id="cfm-slow_3" eclass="HBEFA3/PC_G_EU4" CO2="14468.01" CO="225.33" HC="1.38" NOx="6.18" PMx="0.33" fuel="6.22" electricity="0.00" noise="75.04" route="routetop" type="cfm-slow" waiting="0.00" lane="top_0" pos="37.59" speed="24.11" angle="206.89" x="0.23" y="89.79"/>
        <vehicle id="cfm-slow_4" eclass="HBEFA3/PC_G_EU4" CO2="15661.74" CO="254.56" HC="1.55" NOx="6.71" PMx="0.37" fuel="6.73" electricity="0.00" noise="75.86" route="routetop" type="cfm-slow" waiting="0.00" lane="left_0" pos="7.02" speed="25.61" angle="171.80" x="-3.26" y="48.59"/>
        <vehicle id="cfm-slow_5" eclass="HBEFA3/PC_G_EU4" CO2="13942.34" CO="225.68" HC="1.38" NOx="5.87" PMx="0.33" fuel="5.99" electricity="0.00" noise="75.36" route="routetop" type="cfm-slow" waiting="0.00" lane="left_0" pos="27.98" speed="27.11" angle="134.11" x="19.89" y="10.85"/>
    </timestep>
    <timestep time="5.19">
        <vehicle id="cfm-fast_0" eclass="HBEFA3/PC_G_EU4" CO2="7162.63" CO="91.86" HC="0.60" NOx="2.65" PMx="0.15" fuel="3.08" electricity="0.00" noise="73.45" route="routebottom" type="cfm-fast" waiting="0.00" lane="bottom_0" pos="0.71" speed="28.17" angle="93.19" x="65.28" y="-4.92"/>
        <vehicle id="cfm-fast_1" eclass="HBEFA3/PC_G_EU4" CO2="0.00" CO="0.00" HC="0.00" NOx="0.00" PMx="0.00" fuel="0.00" electricity="0.00" noise="71.79" route="routebottom" type="cfm-fast" waiting="0.00" lane="bottom_0" pos="20.21" speed="28.12" angle="58.05" x="104.37" y="8.44"/>
        <vehicle id="cfm-fast_2" eclass="HBEFA3/PC_G_EU4" CO2="0.00" CO="0.00" HC="0.00" NOx="0.00" PMx="0.00" fuel="0.00" electricity="0.00" noise="70.59" route="routebottom" type="cfm-fast" waiting="0.00" lane="bottom_0" pos="39.57" speed="26.63" angle="23.33" x="128.60" y="41.52"/>
        <vehicle id="cfm-fast_3" eclass="HBEFA3/PC_G_EU4" CO2="0.00" CO="0.00" HC="0.00" NOx="0.00" PMx="0.00" fuel="0.00" electricity="0.00" noise="69.33" route="routebottom" type="cfm-fast" waiting="0.00" lane="right_0" pos="7.30" speed="24.17" angle="351.24" x="130.45" y="79.33"/>
        <vehicle id="cfm-fast_4" eclass="HBEFA3/PC_G_EU4" CO2="282524.86" CO="6752.85" HC="37.88" NOx="131.84" PMx="7.78" fuel="121.44" electricity="0.00" noise="148.81" route="routetop" type="cfm-fast" waiting="0.00" lane="top_1" pos="41.64" speed="70.38" angle="199.53" x="0.61" y="80.64"/>
        <vehicle id="cfm-fast_5" eclass="HBEFA3/PC_G_EU4" CO2="0.00" CO="0.00" HC="0.00" NOx="0.00" PMx="0.00" fuel="0.00" electricity="0.00" noise="69.37" route="routebottom" type="cfm-fast" waiting="0.00" lane="right_0" pos="22.85" speed="21.78" angle="323.29" x="115.33" y="108.79"/>
        <vehicle id="cfm-slow_0" eclass="HBEFA3/PC_G_EU4" CO2="7672.65" CO="81.78" HC="0.56" NOx="3.04" PMx="0.15" fuel="3.30" electricity="0.00" noise="70.96" route="routebottom" type="cfm-slow" waiting="0.00" lane="right_0" pos="35.94" speed="21.32" angle="299.92" x="93.04" y="125.67"/>
        <vehicle id="cfm-slow_1" eclass="HBEFA3/PC_G_EU4" CO2="9739.00" CO="124.56" HC="0.81" NOx="4.00" PMx="0.21" fuel="4.19" electricity="0.00" noise="72.14" route="routetop" type="cfm-slow" waiting="0.00" lane="top_0" pos="2.49" speed="21.93" angle="270.02" x="58.22" y="132.06"/>
        <vehicle id="cfm-slow_2" eclass="HBEFA3/PC_G_EU4" CO2="12172.28" CO="175.63" HC="1.10" NOx="5.13" PMx="0.27" fuel="5.23" electricity="0.00" noise="73.62" route="routetop" type="cfm-slow" waiting="0.00" lane="top_0" pos="19.67" speed="22.87" angle="239.03" x="23.90" y="119.56"/>
        <vehicle id="cfm-slow_3" eclass="HBEFA3/PC_G_EU4" CO2="14471.62" CO="225.45" HC="1.39" NOx="6.19" PMx="0.33" fuel="6.22" electricity="0.00" noise="75.04" route="routetop" type="cfm-slow" waiting="0.00" lane="top_0" pos="37.83" speed="24.13" angle="206.44" x="0.04" y="89.31"/>
        <vehicle id="cfm-slow_4" eclass="HBEFA3/PC_G_EU4" CO2="15638.60" CO="254.14" HC="1.55" NOx="6.70" PMx="0.37" fuel="6.72" electricity="0.00" noise="75.85" route="routetop" type="cfm-slow" waiting="0.00" lane="left_0" pos="7.28" speed="25.63" angle="171.31" x="-3.14" y="48.05"/>
        <vehicle id="cfm-slow_5" eclass="HBEFA3/PC_G_EU4" CO2="13871.75" CO="224.29" HC="1.37" NOx="5.83" PMx="0.33" fuel="5.96" electricity="0.00" noise="75.33" route="routetop" type="cfm-slow" waiting="0.00" lane="left_0" pos="28.25" speed="27.12" angle="133.67" x="20.33" y="10.47"/>
    </timestep>
    <timestep time="5.20">
        <vehicle id="cfm-fast_0" eclass="HBEFA3/PC_G_EU4" CO2="7049.27" CO="89.54" HC="0.59" NOx="2.59" PMx="0.15" fuel="3.03" electricity="0.00" noise="73.43" route="routebottom" type="cfm-fast" waiting="0.00" lane="bottom_0" pos="0.99" speed="28.18" angle="92.68" x="65.89" y="-4.90"/>
        <vehicle id="cfm-fast_1" eclass="HBEFA3/PC_G_EU4" CO2="0.00" CO="0.00" HC="0.00" NOx="0.00" PMx="0.00" fuel="0.00" electricity="0.00" noise="71.77" route="routebottom" type="cfm-fast" waiting="0.00" lane="bottom_0" pos="20.49" speed="28.11" angle="57.59" x="104.86" y="8.79"/>
        <vehicle id="cfm-fast_2" eclass="HBEFA3/PC_G_EU4" CO2="0.00" CO="0.00" HC="0.00" NOx="0.00" PMx="0.00" fuel="0.00" electricity="0.00" noise="70.58" route="routebottom" type="cfm-fast" waiting="0.00" lane="bottom_0" pos="39.83" speed="26.61" angle="22.90" x="128.79" y="42.06"/>
        <vehicle id="cfm-fast_3" eclass="HBEFA3/PC_G_EU4" CO2="0.00" CO="0.00" HC="0.00" NOx="0.00" PMx="0.00" fuel="0.00" electricity="0.00" noise="69.32" route="routebottom" type="cfm-fast" waiting="0.00" lane="right_0" pos="7.54" speed="24.15" angle="350.80" x="130.34" y="79.84"/>
        <vehicle id="cfm-fast_4" eclass="HBEFA3/PC_G_EU4" CO2="283142.69" CO="6771.19" HC="37.98" NOx="132.13" PMx="7.80" fuel="121.71" electricity="0.00" noise="148.88" route="routetop" type="cfm-fast" waiting="0.00" lane="top_1" pos="42.34" speed="70.51" angle="198.30" x="0.24" y="79.24"/>
        <vehicle id="cfm-fast_5" eclass="HBEFA3/PC_G_EU4" CO2="0.00" CO="0.00" HC="0.00" NOx="0.00" PMx="0.00" fuel="0.00" electricity="0.00" noise="69.37" route="routebottom" type="cfm-fast" waiting="0.00" lane="right_0" pos="23.06" speed="21.78" angle="322.95" x="115.03" y="109.15"/>
        <vehicle id="cfm-slow_0" eclass="HBEFA3/PC_G_EU4" CO2="7684.08" CO="82.01" HC="0.56" NOx="3.05" PMx="0.15" fuel="3.30" electricity="0.00" noise="70.96" route="routebottom" type="cfm-slow" waiting="0.00" lane="right_0" pos="36.15" speed="21.33" angle="299.51" x="92.62" y="125.86"/>
        <vehicle id="cfm-slow_1" eclass="HBEFA3/PC_G_EU4" CO2="9753.87" CO="124.87" HC="0.81" NOx="4.01" PMx="0.21" fuel="4.19" electricity="0.00" noise="72.15" route="routetop" type="cfm-slow" waiting="0.00" lane="top_0" pos="2.71" speed="21.94" angle="269.64" x="57.75" y="132.02"/>
        <vehicle id="cfm-slow_2" eclass="HBEFA3/PC_G_EU4" CO2="12185.98" CO="175.93" HC="1.10" NOx="5.14" PMx="0.27" fuel="5.24" electricity="0.00" noise="73.63" route="routetop" type="cfm-slow" waiting="0.00" lane="top_0" pos="19.90" speed="22.88" angle="238.61" x="23.50" y="119.27"/>
        <vehicle id="cfm-slow_3" eclass="HBEFA3/PC_G_EU4" CO2="14475.07" CO="225.56" HC="1.39" NOx="6.19" PMx="0.33" fuel="6.22" electricity="0.00" noise="75.05" route="routetop" type="cfm-slow" waiting="0.00" lane="top_0" pos="38.07" speed="24.15" angle="206.00" x="-0.16" y="88.83"/>
        <vehicle id="cfm-slow_4" eclass="HBEFA3/PC_G_EU4" CO2="15615.09" CO="253.72" HC="1.54" NOx="6.69" PMx="0.37" fuel="6.71" electricity="0.00" noise="75.84" route="routetop" type="cfm-slow" waiting="0.00" lane="left_0" pos="7.53" speed="25.65" angle="170.82" x="-3.01" y="47.51"/>
        <vehicle id="cfm-slow_5" eclass="HBEFA3/PC_G_EU4" CO2="13800.79" CO="222.89" HC="1.36" NOx="5.80" PMx="0.32" fuel="5.93" electricity="0.00" noise="75.31" route="routetop" type="cfm-slow" waiting="0.00" lane="left_0" pos="28.52" speed="27.14" angle="133.17" x="20.79" y="10.11"/>
    </timestep>
    <timestep time="5.21">
        <vehicle id="cfm-fast_0" eclass="HBEFA3/PC_G_EU4" CO2="6936.15" CO="87.23" HC="0.57" NOx="2.54" PMx="0.15" fuel="2.98" electricity="0.00" noise="73.40" route="routebottom" type="cfm-fast" waiting="0.00" lane="bottom_0" pos="1.27" speed="28.18" angle="92.19" x="66.49" y="-4.89"/>
        <vehicle id="cfm-fast_1" eclass="HBEFA3/PC_G_EU4" CO2="0.00" CO="0.00" HC="0.00" NOx="0.00" PMx="0.00" fuel="0.00" electricity="0.00" noise="71.76" route="routebottom" type="cfm-fast" waiting="0.00" lane="bottom_0" pos="20.77" speed="28.10" angle="57.09" x="105.33" y="9.17"/>
        <vehicle id="cfm-fast_2" eclass="HBEFA3/PC_G_EU4" CO2="0.00" CO="0.00" HC="0.00" NOx="0.00" PMx="0.00" fuel="0.00" electricity="0.00" noise="70.57" route="routebottom" type="cfm-fast" waiting="0.00" lane="bottom_0" pos="40.10" speed="26.59" angle="22.40" x="128.96" y="42.61"/>
        <vehicle id="cfm-fast_3" eclass="HBEFA3/PC_G_EU4" CO2="0.00" CO="0.00" HC="0.00" NOx="0.00" PMx="0.00" fuel="0.00" electricity="0.00" noise="69.32" route="routebottom" type="cfm-fast" waiting="0.00" lane="right_0" pos="7.78" speed="24.13" angle="350.41" x="130.21" y="80.34"/>
        <vehicle id="cfm-fast_4" eclass="HBEFA3/PC_G_EU4" CO2="283760.81" CO="6789.55" HC="38.08" NOx="132.42" PMx="7.82" fuel="121.97" electricity="0.00" noise="148.94" route="routetop" type="cfm-fast" waiting="0.00" lane="top_1" pos="43.05" speed="70.65" angle="197.03" x="-0.08" y="77.83"/>
        <vehicle id="cfm-fast_5" eclass="HBEFA3/PC_G_EU4" CO2="0.00" CO="0.00" HC="0.00" NOx="0.00" PMx="0.00" fuel="0.00" electricity="0.00" noise="69.38" route="routebottom" type="cfm-fast" waiting="0.00" lane="right_0" pos="23.28" speed="21.78" angle="322.56" x="114.71" y="109.49"/>
        <vehicle id="cfm-slow_0" eclass="HBEFA3/PC_G_EU4" CO2="7695.61" CO="82.25" HC="0.56" NOx="3.05" PMx="0.15" fuel="3.31" electricity="0.00" noise="70.97" route="routebottom" type="cfm-slow" waiting="0.00" lane="right_0" pos="36.36" speed="21.33" angle="299.09" x="92.20" y="126.05"/>
        <vehicle id="cfm-slow_1" eclass="HBEFA3/PC_G_EU4" CO2="9768.81" CO="125.19" HC="0.81" NOx="4.02" PMx="0.21" fuel="4.20" electricity="0.00" noise="72.16" route="routetop" type="cfm-slow" waiting="0.00" lane="top_0" pos="2.93" speed="21.95" angle="269.25" x="57.28" y="131.97"/>
        <vehicle id="cfm-slow_2" eclass="HBEFA3/PC_G_EU4" CO2="12199.67" CO="176.23" HC="1.10" NOx="5.14" PMx="0.27" fuel="5.24" electricity="0.00" noise="73.64" route="routetop" type="cfm-slow" waiting="0.00" lane="top_0" pos="20.13" speed="22.89" angle="238.19" x="23.10" y="118.98"/>
        <vehicle id="cfm-slow_3" eclass="HBEFA3/PC_G_EU4" CO2="14478.36" CO="225.67" HC="1.39" NOx="6.19" PMx="0.33" fuel="6.22" electricity="0.00" noise="75.05" route="routetop" type="cfm-slow" waiting="0.00" lane="top_0" pos="38.31" speed="24.16" angle="205.56" x="-0.35" y="88.34"/>
        <vehicle id="cfm-slow_4" eclass="HBEFA3/PC_G_EU4" CO2="15591.22" CO="253.29" HC="1.54" NOx="6.68" PMx="0.37" fuel="6.70" electricity="0.00" noise="75.83" route="routetop" type="cfm-slow" waiting="0.00" lane="left_0" pos="7.79" speed="25.66" angle="170.40" x="-2.88" y="46.98"/>
        <vehicle id="cfm-slow_5" eclass="HBEFA3/PC_G_EU4" CO2="13729.48" CO="221.49" HC="1.35" NOx="5.77" PMx="0.32" fuel="5.90" electricity="0.00" noise="75.28" route="routetop" type="cfm-slow" waiting="0.00" lane="left_0" pos="28.79" speed="27.15" angle="132.66" x="21.25" y="9.75"/>
    </timestep>
    <timestep time="5.22">
        <vehicle id="cfm-fast_0" eclass="HBEFA3/PC_G_EU4" CO2="6823.26" CO="84.91" HC="0.56" NOx="2.49" PMx="0.15" fuel="2.93" electricity="0.00" noise="73.37" route="routebottom" type="cfm-fast" waiting="0.00" lane="bottom_0" pos="1.55" speed="28.18" angle="91.69" x="67.10" y="-4.85"/>
        <vehicle id="cfm-fast_1" eclass="HBEFA3/PC_G_EU4" CO2="0.00" CO="0.00" HC="0.00" NOx="0.00" PMx="0.00" fuel="0.00" electricity="0.00" noise="71.75" route="routebottom" type="cfm-fast" waiting="0.00" lane="bottom_0" pos="21.05" speed="28.09" angle="56.58" x="105.81" y="9.54"/>
        <vehicle id="cfm-fast_2" eclass="HBEFA3/PC_G_EU4" CO2="0.00" CO="0.00" HC="0.00" NOx="0.00" PMx="0.00" fuel="0.00" electricity="0.00" noise="70.55" route="routebottom" type="cfm-fast" waiting="0.00" lane="bottom_0" pos="40.36" speed="26.57" angle="21.89" x="129.13" y="43.16"/>
        <vehicle id="cfm-fast_3" eclass="HBEFA3/PC_G_EU4" CO2="0.00" CO="0.00" HC="0.00" NOx="0.00" PMx="0.00" fuel="0.00" electricity="0.00" noise="69.31" route="routebottom" type="cfm-fast" waiting="0.00" lane="right_0" pos="8.03" speed="24.12" angle="349.97" x="130.08" y="80.84"/>
        <vehicle id="cfm-fast_4" eclass="HBEFA3/PC_G_EU4" CO2="284379.23" CO="6807.93" HC="38.18" NOx="132.71" PMx="7.84" fuel="122.24" electricity="0.00" noise="149.01" route="routetop" type="cfm-fast" waiting="0.00" lane="top_1" pos="43.76" speed="70.78" angle="195.79" x="-0.39" y="76.41"/>
        <vehicle id="cfm-fast_5" eclass="HBEFA3/PC_G_EU4" CO2="0.00" CO="0.00" HC="0.00" NOx="0.00" PMx="0.00" fuel="0.00" electricity="0.00" noise="69.39" route="routebottom" type="cfm-fast" waiting="0.00" lane="right_0" pos="23.50" speed="21.78" angle="322.17" x="114.40" y="109.83"/>
        <vehicle id="cfm-slow_0" eclass="HBEFA3/PC_G_EU4" CO2="7707.26" CO="82.49" HC="0.56" NOx="3.06" PMx="0.15" fuel="3.31" electricity="0.00" noise="70.98" route="routebottom" type="cfm-slow" waiting="0.00" lane="right_0" pos="36.58" speed="21.34" angle="298.68" x="91.78" y="126.24"/>
        <vehicle id="cfm-slow_1" eclass="HBEFA3/PC_G_EU4" CO2="9783.81" CO="125.50" HC="0.81" NOx="4.02" PMx="0.21" fuel="4.21" electricity="0.00" noise="72.17" route="routetop" type="cfm-slow" waiting="0.00" lane="top_0" pos="3.15" speed="21.96" angle="268.85" x="56.81" y="131.92"/>
        <vehicle id="cfm-slow_2" eclass="HBEFA3/PC_G_EU4" CO2="12213.33" CO="176.54" HC="1.11" NOx="5.15" PMx="0.27" fuel="5.25" electricity="0.00" noise="73.65" route="routetop" type="cfm-slow" waiting="0.00" lane="top_0" pos="20.36" speed="22.91" angle="237.78" x="22.70" y="118.69"/>
        <vehicle id="cfm-slow_3" eclass="HBEFA3/PC_G_EU4" CO2="14481.47" CO="225.77" HC="1.39" NOx="6.19" PMx="0.33" fuel="6.22" electricity="0.00" noise="75.06" route="routetop" type="cfm-slow" waiting="0.00" lane="top_0" pos="38.55" speed="24.18" angle="205.16" x="-0.54" y="87.86"/>
        <vehicle id="cfm-slow_4" eclass="HBEFA3/PC_G_EU4" CO2="15566.98" CO="252.85" HC="1.54" NOx="6.67" PMx="0.37" fuel="6.69" electricity="0.00" noise="75.83" route="routetop" type="cfm-slow" waiting="0.00" lane="left_0" pos="8.05" speed="25.68" angle="169.93" x="-2.74" y="46.44"/>
        <vehicle id="cfm-slow_5" eclass="HBEFA3/PC_G_EU4" CO2="13657.82" CO="220.07" HC="1.34" NOx="5.73" PMx="0.32" fuel="5.87" electricity="0.00" noise="75.25" route="routetop" type="cfm-slow" waiting="0.00" lane="left_0" pos="29.06" speed="27.16" angle="132.16" x="21.71" y="9.39"/>
    </timestep>
    <timestep time="5.23">
        <vehicle id="cfm-fast_0" eclass="HBEFA3/PC_G_EU4" CO2="6710.62" CO="82.61" HC="0.55" NOx="2.43" PMx="0.14" fuel="2.88" electricity="0.00" noise="73.35" route="routebottom" type="cfm-fast" waiting="0.00" lane="bottom_0" pos="1.83" speed="28.18" angle="91.18" x="67.70" y="-4.82"/>
        <vehicle id="cfm-fast_1" eclass="HBEFA3/PC_G_EU4" CO2="0.00" CO="0.00" HC="0.00" NOx="0.00" PMx="0.00" fuel="0.00" electricity="0.00" noise="71.73" route="routebottom" type="cfm-fast" waiting="0.00" lane="bottom_0" pos="21.33" speed="28.07" angle="56.07" x="106.28" y="9.91"/>
        <vehicle id="cfm-fast_2" eclass="HBEFA3/PC_G_EU4" CO2="0.00" CO="0.00" HC="0.00" NOx="0.00" PMx="0.00" fuel="0.00" electricity="0.00" noise="70.54" route="routebottom" type="cfm-fast" waiting="0.00" lane="bottom_0" pos="40.63" speed="26.55" angle="21.38" x="129.30" y="43.70"/>
        <vehicle id="cfm-fast_3" eclass="HBEFA3/PC_G_EU4" CO2="0.00" CO="0.00" HC="0.00" NOx="0.00" PMx="0.00" fuel="0.00" electricity="0.00" noise="69.30" route="routebottom" type="cfm-fast" waiting="0.00" lane="right_0" pos="8.27" speed="24.10" angle="349.53" x="129.94" y="81.34"/>
        <vehicle id="cfm-fast_4" eclass="HBEFA3/PC_G_EU4" CO2="284997.94" CO="6826.33" HC="38.28" NOx="133.00" PMx="7.86" fuel="122.51" electricity="0.00" noise="149.08" route="routetop" type="cfm-fast" waiting="0.00" lane="top_1" pos="44.47" speed="70.92" angle="194.48" x="-0.65" y="74.98"/>
        <vehicle id="cfm-fast_5" eclass="HBEFA3/PC_G_EU4" CO2="0.00" CO="0.00" HC="0.00" NOx="0.00" PMx="0.00" fuel="0.00" electricity="0.00" noise="69.40" route="routebottom" type="cfm-fast" waiting="0.00" lane="right_0" pos="23.72" speed="21.78" angle="321.78" x="114.08" y="110.18"/>
        <vehicle id="cfm-slow_0" eclass="HBEFA3/PC_G_EU4" CO2="7719.00" CO="82.73" HC="0.57" NOx="3.06" PMx="0.15" fuel="3.32" electricity="0.00" noise="70.99" route="routebottom" type="cfm-slow" waiting="0.00" lane="right_0" pos="36.79" speed="21.35" angle="298.26" x="91.36" y="126.42"/>
        <vehicle id="cfm-slow_1" eclass="HBEFA3/PC_G_EU4" CO2="9798.87" CO="125.82" HC="0.81" NOx="4.03" PMx="0.21" fuel="4.21" electricity="0.00" noise="72.18" route="routetop" type="cfm-slow" waiting="0.00" lane="top_0" pos="3.37" speed="21.97" angle="268.46" x="56.34" y="131.88"/>
        <vehicle id="cfm-slow_2" eclass="HBEFA3/PC_G_EU4" CO2="12226.98" CO="176.84" HC="1.11" NOx="5.15" PMx="0.27" fuel="5.26" electricity="0.00" noise="73.66" route="routetop" type="cfm-slow" waiting="0.00" lane="top_0" pos="20.59" speed="22.92" angle="237.42" x="22.31" y="118.40"/>
        <vehicle id="cfm-slow_3" eclass="HBEFA3/PC_G_EU4" CO2="14484.41" CO="225.88" HC="1.39" NOx="6.19" PMx="0.33" fuel="6.23" electricity="0.00" noise="75.06" route="routetop" type="cfm-slow" waiting="0.00" lane="top_0" pos="38.79" speed="24.20" angle="204.72" x="-0.71" y="87.37"/>
        <vehicle id="cfm-slow_4" eclass="HBEFA3/PC_G_EU4" CO2="15542.39" CO="252.41" HC="1.54" NOx="6.65" PMx="0.37" fuel="6.68" electricity="0.00" noise="75.82" route="routetop" type="cfm-slow" waiting="0.00" lane="left_0" pos="8.30" speed="25.70" angle="169.46" x="-2.60" y="45.91"/>
        <vehicle id="cfm-slow_5" eclass="HBEFA3/PC_G_EU4" CO2="13585.81" CO="218.65" HC="1.34" NOx="5.70" PMx="0.32" fuel="5.84" electricity="0.00" noise="75.23" route="routetop" type="cfm-slow" waiting="0.00" lane="left_0" pos="29.33" speed="27.17" angle="131.66" x="22.17" y="9.03"/>
    </timestep>
    <timestep time="5.24">
        <vehicle id="cfm-fast_0" eclass="HBEFA3/PC_G_EU4" CO2="6598.24" CO="80.30" HC="0.53" NOx="2.38" PMx="0.14" fuel="2.84" electricity="0.00" noise="73.32" route="routebottom" type="cfm-fast" waiting="0.00" lane="bottom_0" pos="2.12" speed="28.18" angle="90.68" x="68.31" y="-4.78"/>
        <vehicle id="cfm-fast_1" eclass="HBEFA3/PC_G_EU4" CO2="0.00" CO="0.00" HC="0.00" NOx="0.00" PMx="0.00" fuel="0.00" electricity="0.00" noise="71.72" route="routebottom" type="cfm-fast" waiting="0.00" lane="bottom_0" pos="21.61" speed="28.06" angle="55.56" x="106.76" y="10.28"/>
        <vehicle id="cfm-fast_2" eclass="HBEFA3/PC_G_EU4" CO2="0.00" CO="0.00" HC="0.00" NOx="0.00" PMx="0.00" fuel="0.00" electricity="0.00" noise="70.53" route="routebottom" type="cfm-fast" waiting="0.00" lane="bottom_0" pos="40.89" speed="26.53" angle="20.87" x="129.47" y="44.25"/>
        <vehicle id="cfm-fast_3" eclass="HBEFA3/PC_G_EU4" CO2="0.00" CO="0.00" HC="0.00" NOx="0.00" PMx="0.00" fuel="0.00" electricity="0.00" noise="69.30" route="routebottom" type="cfm-fast" waiting="0.00" lane="right_0" pos="8.51" speed="24.08" angle="349.09" x="129.81" y="81.84"/>
        <vehicle id="cfm-fast_4" eclass="HBEFA3/PC_G_EU4" CO2="285616.93" CO="6844.75" HC="38.38" NOx="133.29" PMx="7.88" fuel="122.77" electricity="0.00" noise="149.14" route="routetop" type="cfm-fast" waiting="0.00" lane="top_1" pos="45.18" speed="71.06" angle="193.24" x="-0.89" y="73.54"/>
        <vehicle id="cfm-fast_5" eclass="HBEFA3/PC_G_EU4" CO2="0.00" CO="0.00" HC="0.00" NOx="0.00" PMx="0.00" fuel="0.00" electricity="0.00" noise="69.40" route="routebottom" type="cfm-fast" waiting="0.00" lane="right_0" pos="23.94" speed="21.78" angle="321.39" x="113.76" y="110.52"/>
        <vehicle id="cfm-slow_0" eclass="HBEFA3/PC_G_EU4" CO2="7730.85" CO="82.98" HC="0.57" NOx="3.07" PMx="0.15" fuel="3.32" electricity="0.00" noise="71.00" route="routebottom" type="cfm-slow" waiting="0.00" lane="right_0" pos="37.01" speed="21.36" angle="297.85" x="90.94" y="126.61"/>
        <vehicle id="cfm-slow_1" eclass="HBEFA3/PC_G_EU4" CO2="9813.99" CO="126.14" HC="0.82" NOx="4.04" PMx="0.21" fuel="4.22" electricity="0.00" noise="72.20" route="routetop" type="cfm-slow" waiting="0.00" lane="top_0" pos="3.59" speed="21.98" angle="268.07" x="55.87" y="131.83"/>
        <vehicle id="cfm-slow_2" eclass="HBEFA3/PC_G_EU4" CO2="12240.60" CO="177.14" HC="1.11" NOx="5.16" PMx="0.27" fuel="5.26" electricity="0.00" noise="73.67" route="routetop" type="cfm-slow" waiting="0.00" lane="top_0" pos="20.82" speed="22.94" angle="237.00" x="21.92" y="118.09"/>
        <vehicle id="cfm-slow_3" eclass="HBEFA3/PC_G_EU4" CO2="14487.18" CO="225.98" HC="1.39" NOx="6.19" PMx="0.33" fuel="6.23" electricity="0.00" noise="75.06" route="routetop" type="cfm-slow" waiting="0.00" lane="top_0" pos="39.04" speed="24.21" angle="204.27" x="-0.89" y="86.88"/>
        <vehicle id="cfm-slow_4" eclass="HBEFA3/PC_G_EU4" CO2="15517.42" CO="251.96" HC="1.53" NOx="6.64" PMx="0.37" fuel="6.67" electricity="0.00" noise="75.81" route="routetop" type="cfm-slow" waiting="0.00" lane="left_0" pos="8.56" speed="25.71" angle="168.99" x="-2.45" y="45.38"/>
        <vehicle id="cfm-slow_5" eclass="HBEFA3/PC_G_EU4" CO2="13513.46" CO="217.22" HC="1.33" NOx="5.66" PMx="0.32" fuel="5.81" electricity="0.00" noise="75.20" route="routetop" type="cfm-slow" waiting="0.00" lane="left_0" pos="29.60" speed="27.19" angle="131.22" x="22.64" y="8.67"/>
    </timestep>
    <timestep time="5.25">
        <vehicle id="cfm-fast_0" eclass="HBEFA3/PC_G_EU4" CO2="6486.12" CO="78.01" HC="0.52" NOx="2.33" PMx="0.14" fuel="2.79" electricity="0.00" noise="73.30" route="routebottom" type="cfm-fast" waiting="0.00" lane="bottom_0" pos="2.40" speed="28.19" angle="90.17" x="68.91" y="-4.75"/>
        <vehicle id="cfm-fast_1" eclass="HBEFA3/PC_G_EU4" CO2="0.00" CO="0.00" HC="0.00" NOx="0.00" PMx="0.00" fuel="0.00" electricity="0.00" noise="71.71" route="routebottom" type="cfm-fast" waiting="0.00" lane="bottom_0" pos="21.89" speed="28.05" angle="55.10" x="107.23" y="10.66"/>
        <vehicle id="cfm-fast_2" eclass="HBEFA3/PC_G_EU4" CO2="0.00" CO="0.00" HC="0.00" NOx="0.00" PMx="0.00" fuel="0.00" electricity="0.00" noise="70.52" route="routebottom" type="cfm-fast" waiting="0.00" lane="bottom_0" pos="41.16" speed="26.50" angle="20.45" x="129.63" y="44.79"/>
        <vehicle id="cfm-fast_3" eclass="HBEFA3/PC_G_EU4" CO2="0.00" CO="0.00" HC="0.00" NOx="0.00" PMx="0.00" fuel="0.00" electricity="0.00" noise="69.29" route="routebottom" type="cfm-fast" waiting="0.00" lane="right_0" pos="8.75" speed="24.06" angle="348.64" x="129.68" y="82.34"/>
        <vehicle id="cfm-fast_4" eclass="HBEFA3/PC_G_EU4" CO2="286236.22" CO="6863.19" HC="38.48" NOx="133.58" PMx="7.90" fuel="123.04" electricity="0.00" noise="149.21" route="routetop" type="cfm-fast" waiting="0.00" lane="top_1" pos="45.89" speed="71.19" angle="191.94" x="-1.10" y="72.10"/>
        <vehicle id="cfm-fast_5" eclass="HBEFA3/PC_G_EU4" CO2="0.00" CO="0.00" HC="0.00" NOx="0.00" PMx="0.00" fuel="0.00" electricity="0.00" noise="69.41" route="routebottom" type="cfm-fast" waiting="0.00" lane="right_0" pos="24.15" speed="21.77" angle="321.00" x="113.44" y="110.87"/>
        <vehicle id="cfm-slow_0" eclass="HBEFA3/PC_G_EU4" CO2="7742.80" CO="83.23" HC="0.57" NOx="3.07" PMx="0.15" fuel="3.33" electricity="0.00" noise="71.00" route="routebottom" type="cfm-slow" waiting="0.00" lane="right_0" pos="37.22" speed="21.36" angle="297.52" x="90.52" y="126.80"/>
        <vehicle id="cfm-slow_1" eclass="HBEFA3/PC_G_EU4" CO2="9829.17" CO="126.46" HC="0.82" NOx="4.04" PMx="0.21" fuel="4.23" electricity="0.00" noise="72.21" route="routetop" type="cfm-slow" waiting="0.00" lane="top_0" pos="3.81" speed="22.00" angle="267.69" x="55.40" y="131.78"/>
        <vehicle id="cfm-slow_2" eclass="HBEFA3/PC_G_EU4" CO2="12254.20" CO="177.44" HC="1.11" NOx="5.17" PMx="0.27" fuel="5.27" electricity="0.00" noise="73.68" route="routetop" type="cfm-slow" waiting="0.00" lane="top_0" pos="21.05" speed="22.95" angle="236.57" x="21.53" y="117.79"/>
        <vehicle id="cfm-slow_3" eclass="HBEFA3/PC_G_EU4" CO2="14489.77" CO="226.07" HC="1.39" NOx="6.19" PMx="0.33" fuel="6.23" electricity="0.00" noise="75.07" route="routetop" type="cfm-slow" waiting="0.00" lane="top_0" pos="39.28" speed="24.23" angle="203.82" x="-1.07" y="86.39"/>
        <vehicle id="cfm-slow_4" eclass="HBEFA3/PC_G_EU4" CO2="15492.09" CO="251.50" HC="1.53" NOx="6.63" PMx="0.36" fuel="6.66" electricity="0.00" noise="75.80" route="routetop" type="cfm-slow" waiting="0.00" lane="left_0" pos="8.82" speed="25.73" angle="168.53" x="-2.31" y="44.84"/>
        <vehicle id="cfm-slow_5" eclass="HBEFA3/PC_G_EU4" CO2="13440.77" CO="215.79" HC="1.32" NOx="5.63" PMx="0.32" fuel="5.78" electricity="0.00" noise="75.17" route="routetop" type="cfm-slow" waiting="0.00" lane="left_0" pos="29.88" speed="27.20" angle="130.72" x="23.11" y="8.33"/>
    </timestep>
    <timestep time="5.26">
        <vehicle id="cfm-fast_0" eclass="HBEFA3/PC_G_EU4" CO2="6374.27" CO="75.71" HC="0.51" NOx="2.27" PMx="0.13" fuel="2.74" electricity="0.00" noise="73.27" route="routebottom" type="cfm-fast" waiting="0.00" lane="bottom_0" pos="2.68" speed="28.19" angle="89.69" x="69.52" y="-4.70"/>
        <vehicle id="cfm-fast_1" eclass="HBEFA3/PC_G_EU4" CO2="0.00" CO="0.00" HC="0.00" NOx="0.00" PMx="0.00" fuel="0.00" electricity="0.00" noise="71.69" route="routebottom" type="cfm-fast" waiting="0.00" lane="bottom_0" pos="22.17" speed="28.04" angle="54.57" x="107.69" y="11.05"/>
        <vehicle id="cfm-fast_2" eclass="HBEFA3/PC_G_EU4" CO2="0.00" CO="0.00" HC="0.00" NOx="0.00" PMx="0.00" fuel="0.00" electricity="0.00" noise="70.51" route="routebottom" type="cfm-fast" waiting="0.00" lane="bottom_0" pos="41.42" speed="26.48" angle="19.97" x="129.77" y="45.35"/>
        <vehicle id="cfm-fast_3" eclass="HBEFA3/PC_G_EU4" CO2="0.00" CO="0.00" HC="0.00" NOx="0.00" PMx="0.00" fuel="0.00" electricity="0.00" noise="69.28" route="routebottom" type="cfm-fast" waiting="0.00" lane="right_0" pos="8.99" speed="24.04" angle="348.27" x="129.54" y="82.84"/>
        <vehicle id="cfm-fast_4" eclass="HBEFA3/PC_G_EU4" CO2="286855.81" CO="6881.66" HC="38.58" NOx="133.87" PMx="7.91" fuel="123.30" electricity="0.00" noise="149.27" route="routetop" type="cfm-fast" waiting="0.00" lane="top_1" pos="46.60" speed="71.33" angle="190.67" x="-1.27" y="70.64"/>
        <vehicle id="cfm-fast_5" eclass="HBEFA3/PC_G_EU4" CO2="0.00" CO="0.00" HC="0.00" NOx="0.00" PMx="0.00" fuel="0.00" electricity="0.00" noise="69.42" route="routebottom" type="cfm-fast" waiting="0.00" lane="right_0" pos="24.37" speed="21.77" angle="320.65" x="113.12" y="111.21"/>
        <vehicle id="cfm-slow_0" eclass="HBEFA3/PC_G_EU4" CO2="7754.85" CO="83.48" HC="0.57" NOx="3.08" PMx="0.15" fuel="3.33" electricity="0.00" noise="71.01" route="routebottom" type="cfm-slow" waiting="0.00" lane="right_0" pos="37.43" speed="21.37" angle="297.13" x="90.09" y="126.97"/>
        <vehicle id="cfm-slow_1" eclass="HBEFA3/PC_G_EU4" CO2="9844.41" CO="126.78" HC="0.82" NOx="4.05" PMx="0.21" fuel="4.23" electricity="0.00" noise="72.22" route="routetop" type="cfm-slow" waiting="0.00" lane="top_0" pos="4.03" speed="22.01" angle="267.30" x="54.93" y="131.71"/>
        <vehicle id="cfm-slow_2" eclass="HBEFA3/PC_G_EU4" CO2="12267.77" CO="177.74" HC="1.11" NOx="5.17" PMx="0.27" fuel="5.27" electricity="0.00" noise="73.69" route="routetop" type="cfm-slow" waiting="0.00" lane="top_0" pos="21.28" speed="22.96" angle="236.15" x="21.14" y="117.48"/>
        <vehicle id="cfm-slow_3" eclass="HBEFA3/PC_G_EU4" CO2="14492.18" CO="226.16" HC="1.39" NOx="6.19" PMx="0.33" fuel="6.23" electricity="0.00" noise="75.07" route="routetop" type="cfm-slow" waiting="0.00" lane="top_0" pos="39.52" speed="24.25" angle="203.37" x="-1.24" y="85.90"/>
        <vehicle id="cfm-slow_4" eclass="HBEFA3/PC_G_EU4" CO2="15466.40" CO="251.03" HC="1.53" NOx="6.62" PMx="0.36" fuel="6.65" electricity="0.00" noise="75.79" route="routetop" type="cfm-slow" waiting="0.00" lane="left_0" pos="9.08" speed="25.74" angle="168.10" x="-2.16" y="44.31"/>
        <vehicle id="cfm-slow_5" eclass="HBEFA3/PC_G_EU4" CO2="13367.74" CO="214.35" HC="1.31" NOx="5.60" PMx="0.31" fuel="5.75" electricity="0.00" noise="75.15" route="routetop" type="cfm-slow" waiting="0.00" lane="left_0" pos="30.15" speed="27.21" angle="130.22" x="23.59" y="7.99"/>
    </timestep>
    <timestep time="5.27">
        <vehicle id="cfm-fast_0" eclass="HBEFA3/PC_G_EU4" CO2="6262.70" CO="73.42" HC="0.49" NOx="2.22" PMx="0.13" fuel="2.69" electricity="0.00" noise="73.24" route="routebottom" type="cfm-fast" waiting="0.00" lane="bottom_0" pos="2.96" speed="28.19" angle="89.18" x="70.12" y="-4.63"/>
        <vehicle id="cfm-fast_1" eclass="HBEFA3/PC_G_EU4" CO2="0.00" CO="0.00" HC="0.00" NOx="0.00" PMx="0.00" fuel="0.00" electricity="0.00" noise="71.68" route="routebottom" type="cfm-fast" waiting="0.00" lane="bottom_0" pos="22.45" speed="28.03" angle="54.04" x="108.15" y="11.45"/>
        <vehicle id="cfm-fast_2" eclass="HBEFA3/PC_G_EU4" CO2="0.00" CO="0.00" HC="0.00" NOx="0.00" PMx="0.00" fuel="0.00" electricity="0.00" noise="70.50" route="routebottom" type="cfm-fast" waiting="0.00" lane="bottom_0" pos="41.69" speed="26.46" angle="19.49" x="129.92" y="45.90"/>
        <vehicle id="cfm-fast_3" eclass="HBEFA3/PC_G_EU4" CO2="0.00" CO="0.00" HC="0.00" NOx="0.00" PMx="0.00" fuel="0.00" electricity="0.00" noise="69.28" route="routebottom" type="cfm-fast" waiting="0.00" lane="right_0" pos="9.23" speed="24.03" angle="347.83" x="129.39" y="83.33"/>
        <vehicle id="cfm-fast_4" eclass="HBEFA3/PC_G_EU4" CO2="287475.68" CO="6900.15" HC="38.68" NOx="134.16" PMx="7.93" fuel="123.57" electricity="0.00" noise="149.34" route="routetop" type="cfm-fast" waiting="0.00" lane="top_1" pos="47.32" speed="71.47" angle="189.33" x="-1.41" y="69.18"/>
        <vehicle id="cfm-fast_5" eclass="HBEFA3/PC_G_EU4" CO2="0.00" CO="0.00" HC="0.00" NOx="0.00" PMx="0.00" fuel="0.00" electricity="0.00" noise="69.43" route="routebottom" type="cfm-fast" waiting="0.00" lane="right_0" pos="24.59" speed="21.77" angle="320.25" x="112.79" y="111.54"/>
        <vehicle id="cfm-slow_0" eclass="HBEFA3/PC_G_EU4" CO2="7767.00" CO="83.73" HC="0.57" NOx="3.08" PMx="0.15" fuel="3.34" electricity="0.00" noise="71.02" route="routebottom" type="cfm-slow" waiting="0.00" lane="right_0" pos="37.65" speed="21.38" angle="296.75" x="89.67" y="127.14"/>
        <vehicle id="cfm-slow_1" eclass="HBEFA3/PC_G_EU4" CO2="9859.70" CO="127.10" HC="0.82" NOx="4.06" PMx="0.21" fuel="4.24" electricity="0.00" noise="72.23" route="routetop" type="cfm-slow" waiting="0.00" lane="top_0" pos="4.25" speed="22.02" angle="266.90" x="54.46" y="131.65"/>
        <vehicle id="cfm-slow_2" eclass="HBEFA3/PC_G_EU4" CO2="12281.31" CO="178.04" HC="1.11" NOx="5.18" PMx="0.27" fuel="5.28" electricity="0.00" noise="73.70" route="routetop" type="cfm-slow" waiting="0.00" lane="top_0" pos="21.51" speed="22.98" angle="235.73" x="20.75" y="117.18"/>
        <vehicle id="cfm-slow_3" eclass="HBEFA3/PC_G_EU4" CO2="14494.41" CO="226.25" HC="1.39" NOx="6.19" PMx="0.33" fuel="6.23" electricity="0.00" noise="75.07" route="routetop" type="cfm-slow" waiting="0.00" lane="top_0" pos="39.76" speed="24.26" angle="202.99" x="-1.42" y="85.41"/>
        <vehicle id="cfm-slow_4" eclass="HBEFA3/PC_G_EU4" CO2="15440.34" CO="250.56" HC="1.53" NOx="6.61" PMx="0.36" fuel="6.64" electricity="0.00" noise="75.78" route="routetop" type="cfm-slow" waiting="0.00" lane="left_0" pos="9.33" speed="25.76" angle="167.63" x="-1.99" y="43.78"/>
        <vehicle id="cfm-slow_5" eclass="HBEFA3/PC_G_EU4" CO2="13294.39" CO="212.89" HC="1.30" NOx="5.56" PMx="0.31" fuel="5.71" electricity="0.00" noise="75.12" route="routetop" type="cfm-slow" waiting="0.00" lane="left_0" pos="30.42" speed="27.22" angle="129.72" x="24.06" y="7.65"/>
    </timestep>
    <timestep time="5.28">
        <vehicle id="cfm-fast_0" eclass="HBEFA3/PC_G_EU4" CO2="6151.41" CO="71.14" HC="0.48" NOx="2.17" PMx="0.13" fuel="2.64" electricity="0.00" noise="73.22" route="routebottom" type="cfm-fast" waiting="0.00" lane="bottom_0" pos="3.24" speed="28.19" angle="88.68" x="70.73" y="-4.57"/>
        <vehicle id="cfm-fast_1" eclass="HBEFA3/PC_G_EU4" CO2="0.00" CO="0.00" HC="0.00" NOx="0.00" PMx="0.00" fuel="0.00" electricity="0.00" noise="71.67" route="routebottom" type="cfm-fast" waiting="0.00" lane="bottom_0" pos="22.73" speed="28.01" angle="53.51" x="108.61" y="11.84"/>
        <vehicle id="cfm-fast_2" eclass="HBEFA3/PC_G_EU4" CO2="0.00" CO="0.00" HC="0.00" NOx="0.00" PMx="0.00" fuel="0.00" electricity="0.00" noise="70.49" route="routebottom" type="cfm-fast" waiting="0.00" lane="bottom_0" pos="41.95" speed="26.44" angle="19.00" x="130.07" y="46.45"/>
        <vehicle id="cfm-fast_3" eclass="HBEFA3/PC_G_EU4" CO2="0.00" CO="0.00" HC="0.00" NOx="0.00" PMx="0.00" fuel="0.00" electricity="0.00" noise="69.27" route="routebottom" type="cfm-fast" waiting="0.00" lane="right_0" pos="9.47" speed="24.01" angle="347.40" x="129.23" y="83.83"/>
        <vehicle id="cfm-fast_4" eclass="HBEFA3/PC_G_EU4" CO2="288095.85" CO="6918.66" HC="38.78" NOx="134.45" PMx="7.95" fuel="123.84" electricity="0.00" noise="149.41" route="routetop" type="cfm-fast" waiting="0.00" lane="top_1" pos="48.03" speed="71.60" angle="188.08" x="-1.51" y="67.72"/>
        <vehicle id="cfm-fast_5" eclass="HBEFA3/PC_G_EU4" CO2="0.00" CO="0.00" HC="0.00" NOx="0.00" PMx="0.00" fuel="0.00" electricity="0.00" noise="69.43" route="routebottom" type="cfm-fast" waiting="0.00" lane="right_0" pos="24.81" speed="21.77" angle="319.84" x="112.46" y="111.87"/>
        <vehicle id="cfm-slow_0" eclass="HBEFA3/PC_G_EU4" CO2="7779.25" CO="83.98" HC="0.57" NOx="3.09" PMx="0.15" fuel="3.34" electricity="0.00" noise="71.03" route="routebottom" type="cfm-slow" waiting="0.00" lane="right_0" pos="37.86" speed="21.39" angle="296.36" x="89.24" y="127.31"/>
        <vehicle id="cfm-slow_1" eclass="HBEFA3/PC_G_EU4" CO2="9875.04" CO="127.43" HC="0.82" NOx="4.06" PMx="0.21" fuel="4.24" electricity="0.00" noise="72.24" route="routetop" type="cfm-slow" waiting="0.00" lane="top_0" pos="4.47" speed="22.03" angle="266.50" x="53.99" y="131.58"/>
        <vehicle id="cfm-slow_2" eclass="HBEFA3/PC_G_EU4" CO2="12294.82" CO="178.34" HC="1.12" NOx="5.18" PMx="0.27" fuel="5.28" electricity="0.00" noise="73.71" route="routetop" type="cfm-slow" waiting="0.00" lane="top_0" pos="21.74" speed="22.99" angle="235.34" x="20.36" y="116.87"/>
        <vehicle id="cfm-slow_3" eclass="HBEFA3/PC_G_EU4" CO2="14496.46" CO="226.34" HC="1.39" NOx="6.19" PMx="0.34" fuel="6.23" electricity="0.00" noise="75.08" route="routetop" type="cfm-slow" waiting="0.00" lane="top_0" pos="40.01" speed="24.28" angle="202.54" x="-1.57" y="84.91"/>
        <vehicle id="cfm-slow_4" eclass="HBEFA3/PC_G_EU4" CO2="15413.90" CO="250.08" HC="1.52" NOx="6.59" PMx="0.36" fuel="6.63" electricity="0.00" noise="75.76" route="routetop" type="cfm-slow" waiting="0.00" lane="left_0" pos="9.59" speed="25.78" angle="167.15" x="-1.83" y="43.25"/>
        <vehicle id="cfm-slow_5" eclass="HBEFA3/PC_G_EU4" CO2="13220.71" CO="211.44" HC="1.29" NOx="5.53" PMx="0.31" fuel="5.68" electricity="0.00" noise="75.10" route="routetop" type="cfm-slow" waiting="0.00" lane="left_0" pos="30.69" speed="27.23" angle="129.25" x="24.54" y="7.30"/>
    </timestep>
    <timestep time="5.29">
        <vehicle id="cfm-fast_0" eclass="HBEFA3/PC_G_EU4" CO2="6040.41" CO="68.86" HC="0.47" NOx="2.12" PMx="0.13" fuel="2.60" electricity="0.00" noise="73.19" route="routebottom" type="cfm-fast" waiting="0.00" lane="bottom_0" pos="3.53" speed="28.19" angle="88.17" x="71.33" y="-4.51"/>
        <vehicle id="cfm-fast_1" eclass="HBEFA3/PC_G_EU4" CO2="0.00" CO="0.00" HC="0.00" NOx="0.00" PMx="0.00" fuel="0.00" electricity="0.00" noise="71.65" route="routebottom" type="cfm-fast" waiting="0.00" lane="bottom_0" pos="23.01" speed="28.00" angle="53.02" x="109.06" y="12.23"/>
        <vehicle id="cfm-fast_2" eclass="HBEFA3/PC_G_EU4" CO2="0.00" CO="0.00" HC="0.00" NOx="0.00" PMx="0.00" fuel="0.00" electricity="0.00" noise="70.48" route="routebottom" type="cfm-fast" waiting="0.00" lane="bottom_0" pos="42.22" speed="26.42" angle="18.53" x="130.21" y="46.99"/>
        <vehicle id="cfm-fast_3" eclass="HBEFA3/PC_G_EU4" CO2="0.00" CO="0.00" HC="0.00" NOx="0.00" PMx="0.00" fuel="0.00" electricity="0.00" noise="69.27" route="routebottom" type="cfm-fast" waiting="0.00" lane="right_0" pos="9.71" speed="23.99" angle="346.97" x="129.08" y="84.32"/>
        <vehicle id="cfm-fast_4" eclass="HBEFA3/PC_G_EU4" CO2="288716.31" CO="6937.19" HC="38.88" NOx="134.75" PMx="7.97" fuel="124.10" electricity="0.00" noise="149.47" route="routetop" type="cfm-fast" waiting="0.00" lane="top_1" pos="48.75" speed="71.74" angle="186.81" x="-1.60" y="66.25"/>
        <vehicle id="cfm-fast_5" eclass="HBEFA3/PC_G_EU4" CO2="0.00" CO="0.00" HC="0.00" NOx="0.00" PMx="0.00" fuel="0.00" electricity="0.00" noise="69.44" route="routebottom" type="cfm-fast" waiting="0.00" lane="right_0" pos="25.02" speed="21.77" angle="319.44" x="112.13" y="112.20"/>
        <vehicle id="cfm-slow_0" eclass="HBEFA3/PC_G_EU4" CO2="7791.59" CO="84.24" HC="0.57" NOx="3.10" PMx="0.15" fuel="3.35" electricity="0.00" noise="71.04" route="routebottom" type="cfm-slow" waiting="0.00" lane="right_0" pos="38.07" speed="21.40" angle="295.98" x="88.81" y="127.48"/>
        <vehicle id="cfm-slow_1" eclass="HBEFA3/PC_G_EU4" CO2="9890.44" CO="127.75" HC="0.83" NOx="4.07" PMx="0.21" fuel="4.25" electricity="0.00" noise="72.25" route="routetop" type="cfm-slow" waiting="0.00" lane="top_0" pos="4.69" speed="22.04" angle="266.10" x="53.52" y="131.51"/>
        <vehicle id="cfm-slow_2" eclass="HBEFA3/PC_G_EU4" CO2="12308.30" CO="178.64" HC="1.12" NOx="5.19" PMx="0.28" fuel="5.29" electricity="0.00" noise="73.72" route="routetop" type="cfm-slow" waiting="0.00" lane="top_0" pos="21.97" speed="23.01" angle="234.93" x="19.98" y="116.56"/>
        <vehicle id="cfm-slow_3" eclass="HBEFA3/PC_G_EU4" CO2="14498.32" CO="226.42" HC="1.39" NOx="6.19" PMx="0.34" fuel="6.23" electricity="0.00" noise="75.08" route="routetop" type="cfm-slow" waiting="0.00" lane="top_0" pos="40.25" speed="24.29" angle="202.09" x="-1.73" y="84.41"/>
        <vehicle id="cfm-slow_4" eclass="HBEFA3/PC_G_EU4" CO2="15387.10" CO="249.59" HC="1.52" NOx="6.58" PMx="0.36" fuel="6.61" electricity="0.00" noise="75.75" route="routetop" type="cfm-slow" waiting="0.00" lane="left_0" pos="9.85" speed="25.79" angle="166.67" x="-1.66" y="42.72"/>
        <vehicle id="cfm-slow_5" eclass="HBEFA3/PC_G_EU4" CO2="13146.70" CO="209.97" HC="1.29" NOx="5.49" PMx="0.31" fuel="5.65" electricity="0.00" noise="75.07" route="routetop" type="cfm-slow" waiting="0.00" lane="left_0" pos="30.97" speed="27.24" angle="128.79" x="25.02" y="6.97"/>
    </timestep>
    <timestep time="5.30">
        <vehicle id="cfm-fast_0" eclass="HBEFA3/PC_G_EU4" CO2="5929.72" CO="66.59" HC="0.45" NOx="2.06" PMx="0.12" fuel="2.55" electricity="0.00" noise="73.17" route="routebottom" type="cfm-fast" waiting="0.00" lane="bottom_0" pos="3.81" speed="28.19" angle="87.68" x="71.93" y="-4.45"/>
        <vehicle id="cfm-fast_1" eclass="HBEFA3/PC_G_EU4" CO2="0.00" CO="0.00" HC="0.00" NOx="0.00" PMx="0.00" fuel="0.00" electricity="0.00" noise="71.64" route="routebottom" type="cfm-fast" waiting="0.00" lane="bottom_0" pos="23.29" speed="27.99" angle="52.54" x="109.51" y="12.63"/>
        <vehicle id="cfm-fast_2" eclass="HBEFA3/PC_G_EU4" CO2="0.00" CO="0.00" HC="0.00" NOx="0.00" PMx="0.00" fuel="0.00" electricity="0.00" noise="70.46" route="routebottom" type="cfm-fast" waiting="0.00" lane="bottom_0" pos="42.48" speed="26.40" angle="18.10" x="130.35" y="47.55"/>
        <vehicle id="cfm-fast_3" eclass="HBEFA3/PC_G_EU4" CO2="0.00" CO="0.00" HC="0.00" NOx="0.00" PMx="0.00" fuel="0.00" electricity="0.00" noise="69.26" route="routebottom" type="cfm-fast" waiting="0.00" lane="right_0" pos="9.95" speed="23.97" angle="346.54" x="128.93" y="84.81"/>
        <vehicle id="cfm-fast_4" eclass="HBEFA3/PC_G_EU4" CO2="289337.06" CO="6955.74" HC="38.98" NOx="135.04" PMx="7.99" fuel="124.37" electricity="0.00" noise="149.54" route="routetop" type="cfm-fast" waiting="0.00" lane="top_1" pos="49.47" speed="71.88" angle="185.46" x="-1.63" y="64.78"/>
        <vehicle id="cfm-fast_5" eclass="HBEFA3/PC_G_EU4" CO2="0.00" CO="0.00" HC="0.00" NOx="0.00" PMx="0.00" fuel="0.00" electricity="0.00" noise="69.45" route="routebottom" type="cfm-fast" waiting="0.00" lane="right_0" pos="25.24" speed="21.77" angle="319.04" x="111.80" y="112.53"/>
        <vehicle id="cfm-slow_0" eclass="HBEFA3/PC_G_EU4" CO2="7804.04" CO="84.50" HC="0.58" NOx="3.10" PMx="0.16" fuel="3.35" electricity="0.00" noise="71.05" route="routebottom" type="cfm-slow" waiting="0.00" lane="right_0" pos="38.29" speed="21.40" angle="295.59" x="88.38" y="127.65"/>
        <vehicle id="cfm-slow_1" eclass="HBEFA3/PC_G_EU4" CO2="9905.89" CO="128.08" HC="0.83" NOx="4.08" PMx="0.21" fuel="4.26" electricity="0.00" noise="72.26" route="routetop" type="cfm-slow" waiting="0.00" lane="top_0" pos="4.91" speed="22.05" angle="265.70" x="53.05" y="131.45"/>
        <vehicle id="cfm-slow_2" eclass="HBEFA3/PC_G_EU4" CO2="12321.74" CO="178.94" HC="1.12" NOx="5.20" PMx="0.28" fuel="5.30" electricity="0.00" noise="73.73" route="routetop" type="cfm-slow" waiting="0.00" lane="top_0" pos="22.20" speed="23.02" angle="234.50" x="19.60" y="116.24"/>
        <vehicle id="cfm-slow_3" eclass="HBEFA3/PC_G_EU4" CO2="14499.99" CO="226.50" HC="1.39" NOx="6.19" PMx="0.34" fuel="6.23" electricity="0.00" noise="75.09" route="routetop" type="cfm-slow" waiting="0.00" lane="top_0" pos="40.49" speed="24.31" angle="201.63" x="-1.88" y="83.91"/>
        <vehicle id="cfm-slow_4" eclass="HBEFA3/PC_G_EU4" CO2="15359.94" CO="249.09" HC="1.52" NOx="6.57" PMx="0.36" fuel="6.60" electricity="0.00" noise="75.74" route="routetop" type="cfm-slow" waiting="0.00" lane="left_0" pos="10.11" speed="25.81" angle="166.20" x="-1.50" y="42.19"/>
        <vehicle id="cfm-slow_5" eclass="HBEFA3/PC_G_EU4" CO2="13072.39" CO="208.50" HC="1.28" NOx="5.45" PMx="0.31" fuel="5.62" electricity="0.00" noise="75.04" route="routetop" type="cfm-slow" waiting="0.00" lane="left_0" pos="31.24" speed="27.26" angle="128.30" x="25.51" y="6.65"/>
    </timestep>
    <timestep time="5.31">
        <vehicle id="cfm-fast_0" eclass="HBEFA3/PC_G_EU4" CO2="5819.32" CO="64.32" HC="0.44" NOx="2.01" PMx="0.12" fuel="2.50" electricity="0.00" noise="73.15" route="routebottom" type="cfm-fast" waiting="0.00" lane="bottom_0" pos="4.09" speed="28.19" angle="87.17" x="72.53" y="-4.37"/>
        <vehicle id="cfm-fast_1" eclass="HBEFA3/PC_G_EU4" CO2="0.00" CO="0.00" HC="0.00" NOx="0.00" PMx="0.00" fuel="0.00" electricity="0.00" noise="71.63" route="routebottom" type="cfm-fast" waiting="0.00" lane="bottom_0" pos="23.57" speed="27.98" angle="52.03" x="109.95" y="13.04"/>
        <vehicle id="cfm-fast_2" eclass="HBEFA3/PC_G_EU4" CO2="0.00" CO="0.00" HC="0.00" NOx="0.00" PMx="0.00" fuel="0.00" electricity="0.00" noise="70.45" route="routebottom" type="cfm-fast" waiting="0.00" lane="bottom_0" pos="42.75" speed="26.38" angle="17.62" x="130.47" y="48.10"/>
        <vehicle id="cfm-fast_3" eclass="HBEFA3/PC_G_EU4" CO2="0.00" CO="0.00" HC="0.00" NOx="0.00" PMx="0.00" fuel="0.00" electricity="0.00" noise="69.25" route="routebottom" type="cfm-fast" waiting="0.00" lane="right_0" pos="10.19" speed="23.96" angle="346.15" x="128.78" y="85.31"/>
        <vehicle id="cfm-fast_4" eclass="HBEFA3/PC_G_EU4" CO2="289958.10" CO="6974.32" HC="39.08" NOx="135.33" PMx="8.01" fuel="124.64" electricity="0.00" noise="149.60" route="routetop" type="cfm-fast" waiting="0.00" lane="left_1" pos="0.19" speed="72.01" angle="184.14" x="-1.64" y="63.24"/>
        <vehicle id="cfm-fast_5" eclass="HBEFA3/PC_G_EU4" CO2="0.00" CO="0.00" HC="0.00" NOx="0.00" PMx="0.00" fuel="0.00" electricity="0.00" noise="69.46" route="routebottom" type="cfm-fast" waiting="0.00" lane="right_0" pos="25.46" speed="21.77" angle="318.63" x="111.47" y="112.86"/>
        <vehicle id="cfm-slow_0" eclass="HBEFA3/PC_G_EU4" CO2="7816.58" CO="84.75" HC="0.58" NOx="3.11" PMx="0.16" fuel="3.36" electricity="0.00" noise="71.05" route="routebottom" type="cfm-slow" waiting="0.00" lane="right_0" pos="38.50" speed="21.41" angle="295.25" x="87.96" y="127.82"/>
        <vehicle id="cfm-slow_1" eclass="HBEFA3/PC_G_EU4" CO2="9921.39" CO="128.41" HC="0.83" NOx="4.09" PMx="0.21" fuel="4.26" electricity="0.00" noise="72.27" route="routetop" type="cfm-slow" waiting="0.00" lane="top_0" pos="5.13" speed="22.06" angle="265.26" x="52.59" y="131.38"/>
        <vehicle id="cfm-slow_2" eclass="HBEFA3/PC_G_EU4" CO2="12335.14" CO="179.24" HC="1.12" NOx="5.20" PMx="0.28" fuel="5.30" electricity="0.00" noise="73.74" route="routetop" type="cfm-slow" waiting="0.00" lane="top_0" pos="22.43" speed="23.04" angle="234.07" x="19.22" y="115.92"/>
        <vehicle id="cfm-slow_3" eclass="HBEFA3/PC_G_EU4" CO2="14501.47" CO="226.57" HC="1.39" NOx="6.19" PMx="0.34" fuel="6.23" electricity="0.00" noise="75.09" route="routetop" type="cfm-slow" waiting="0.00" lane="top_0" pos="40.74" speed="24.33" angle="201.18" x="-2.03" y="83.41"/>
        <vehicle id="cfm-slow_4" eclass="HBEFA3/PC_G_EU4" CO2="15332.40" CO="248.59" HC="1.51" NOx="6.55" PMx="0.36" fuel="6.59" electricity="0.00" noise="75.73" route="routetop" type="cfm-slow" waiting="0.00" lane="left_0" pos="10.37" speed="25.83" angle="165.78" x="-1.32" y="41.66"/>
        <vehicle id="cfm-slow_5" eclass="HBEFA3/PC_G_EU4" CO2="12997.76" CO="207.02" HC="1.27" NOx="5.42" PMx="0.30" fuel="5.59" electricity="0.00" noise="75.02" route="routetop" type="cfm-slow" waiting="0.00" lane="left_0" pos="31.51" speed="27.27" angle="127.81" x="26.00" y="6.32"/>
    </timestep>
    <timestep time="5.32">
        <vehicle id="cfm-fast_0" eclass="HBEFA3/PC_G_EU4" CO2="5709.25" CO="62.06" HC="0.43" NOx="1.96" PMx="0.12" fuel="2.45" electricity="0.00" noise="73.12" route="routebottom" type="cfm-fast" waiting="0.00" lane="bottom_0" pos="4.37" speed="28.19" angle="86.66" x="73.13" y="-4.28"/>
        <vehicle id="cfm-fast_1" eclass="HBEFA3/PC_G_EU4" CO2="0.00" CO="0.00" HC="0.00" NOx="0.00" PMx="0.00" fuel="0.00" electricity="0.00" noise="71.62" route="routebottom" type="cfm-fast" waiting="0.00" lane="bottom_0" pos="23.85" speed="27.96" angle="51.53" x="110.40" y="13.45"/>
        <vehicle id="cfm-fast_2" eclass="HBEFA3/PC_G_EU4" CO2="0.00" CO="0.00" HC="0.00" NOx="0.00" PMx="0.00" fuel="0.00" electricity="0.00" noise="70.44" route="routebottom" type="cfm-fast" waiting="0.00" lane="bottom_0" pos="43.01" speed="26.35" angle="17.14" x="130.60" y="48.65"/>
        <vehicle id="cfm-fast_3" eclass="HBEFA3/PC_G_EU4" CO2="0.00" CO="0.00" HC="0.00" NOx="0.00" PMx="0.00" fuel="0.00" electricity="0.00" noise="69.25" route="routebottom" type="cfm-fast" waiting="0.00" lane="right_0" pos="10.43" speed="23.94" angle="345.72" x="128.61" y="85.79"/>
        <vehicle id="cfm-fast_4" eclass="HBEFA3/PC_G_EU4" CO2="290579.43" CO="6992.91" HC="39.18" NOx="135.62" PMx="8.03" fuel="124.91" electricity="0.00" noise="149.67" route="routetop" type="cfm-fast" waiting="0.00" lane="left_1" pos="0.91" speed="72.15" angle="182.83" x="-1.61" y="61.76"/>
        <vehicle id="cfm-fast_5" eclass="HBEFA3/PC_G_EU4" CO2="0.00" CO="0.00" HC="0.00" NOx="0.00" PMx="0.00" fuel="0.00" electricity="0.00" noise="69.47" route="routebottom" type="cfm-fast" waiting="0.00" lane="right_0" pos="25.68" speed="21.77" angle="318.29" x="111.13" y="113.19"/>
        <vehicle id="cfm-slow_0" eclass="HBEFA3/PC_G_EU4" CO2="7829.21" CO="85.02" HC="0.58" NOx="3.11" PMx="0.16" fuel="3.37" electricity="0.00" noise="71.06" route="routebottom" type="cfm-slow" waiting="0.00" lane="right_0" pos="38.72" speed="21.42" angle="294.87" x="87.52" y="127.98"/>
        <vehicle id="cfm-slow_1" eclass="HBEFA3/PC_G_EU4" CO2="9936.94" CO="128.73" HC="0.83" NOx="4.09" PMx="0.21" fuel="4.27" electricity="0.00" noise="72.28" route="routetop" type="cfm-slow" waiting="0.00" lane="top_0" pos="5.35" speed="22.07" angle="264.84" x="52.12" y="131.29"/>
        <vehicle id="cfm-slow_2" eclass="HBEFA3/PC_G_EU4" CO2="12348.51" CO="179.54" HC="1.12" NOx="5.21" PMx="0.28" fuel="5.31" electricity="0.00" noise="73.75" route="routetop" type="cfm-slow" waiting="0.00" lane="top_0" pos="22.66" speed="23.05" angle="233.64" x="18.85" y="115.60"/>
        <vehicle id="cfm-slow_3" eclass="HBEFA3/PC_G_EU4" CO2="14502.76" CO="226.64" HC="1.39" NOx="6.19" PMx="0.34" fuel="6.23" electricity="0.00" noise="75.09" route="routetop" type="cfm-slow" waiting="0.00" lane="top_0" pos="40.98" speed="24.34" angle="200.75" x="-2.19" y="82.91"/>
        <vehicle id="cfm-slow_4" eclass="HBEFA3/PC_G_EU4" CO2="15304.49" CO="248.08" HC="1.51" NOx="6.54" PMx="0.36" fuel="6.58" electricity="0.00" noise="75.72" route="routetop" type="cfm-slow" waiting="0.00" lane="left_0" pos="10.62" speed="25.84" angle="165.31" x="-1.14" y="41.14"/>
        <vehicle id="cfm-slow_5" eclass="HBEFA3/PC_G_EU4" CO2="12922.82" CO="205.54" HC="1.26" NOx="5.38" PMx="0.30" fuel="5.55" electricity="0.00" noise="74.99" route="routetop" type="cfm-slow" waiting="0.00" lane="left_0" pos="31.78" speed="27.28" angle="127.32" x="26.49" y="6.00"/>
    </timestep>
    <timestep time="5.33">
        <vehicle id="cfm-fast_0" eclass="HBEFA3/PC_G_EU4" CO2="5599.49" CO="59.80" HC="0.41" NOx="1.91" PMx="0.11" fuel="2.41" electricity="0.00" noise="73.10" route="routebottom" type="cfm-fast" waiting="0.00" lane="bottom_0" pos="4.65" speed="28.19" angle="86.15" x="73.73" y="-4.20"/>
        <vehicle id="cfm-fast_1" eclass="HBEFA3/PC_G_EU4" CO2="0.00" CO="0.00" HC="0.00" NOx="0.00" PMx="0.00" fuel="0.00" electricity="0.00" noise="71.60" route="routebottom" type="cfm-fast" waiting="0.00" lane="bottom_0" pos="24.13" speed="27.95" angle="51.02" x="110.84" y="13.86"/>
        <vehicle id="cfm-fast_2" eclass="HBEFA3/PC_G_EU4" CO2="0.00" CO="0.00" HC="0.00" NOx="0.00" PMx="0.00" fuel="0.00" electricity="0.00" noise="70.43" route="routebottom" type="cfm-fast" waiting="0.00" lane="bottom_0" pos="43.27" speed="26.33" angle="16.67" x="130.72" y="49.21"/>
        <vehicle id="cfm-fast_3" eclass="HBEFA3/PC_G_EU4" CO2="0.00" CO="0.00" HC="0.00" NOx="0.00" PMx="0.00" fuel="0.00" electricity="0.00" noise="69.24" route="routebottom" type="cfm-fast" waiting="0.00" lane="right_0" pos="10.67" speed="23.92" angle="345.27" x="128.43" y="86.28"/>
        <vehicle id="cfm-fast_4" eclass="HBEFA3/PC_G_EU4" CO2="291201.06" CO="7011.53" HC="39.29" NOx="135.91" PMx="8.04" fuel="125.17" electricity="0.00" noise="149.74" route="routetop" type="cfm-fast" waiting="0.00" lane="left_1" pos="1.63" speed="72.28" angle="181.56" x="-1.55" y="60.28"/>
        <vehicle id="cfm-fast_5" eclass="HBEFA3/PC_G_EU4" CO2="0.00" CO="0.00" HC="0.00" NOx="0.00" PMx="0.00" fuel="0.00" electricity="0.00" noise="69.48" route="routebottom" type="cfm-fast" waiting="0.00" lane="right_0" pos="25.90" speed="21.77" angle="317.89" x="110.79" y="113.51"/>
        <vehicle id="cfm-slow_0" eclass="HBEFA3/PC_G_EU4" CO2="7841.94" CO="85.28" HC="0.58" NOx="3.12" PMx="0.16" fuel="3.37" electricity="0.00" noise="71.07" route="routebottom" type="cfm-slow" waiting="0.00" lane="right_0" pos="38.93" speed="21.43" angle="294.48" x="87.09" y="128.14"/>
        <vehicle id="cfm-slow_1" eclass="HBEFA3/PC_G_EU4" CO2="9952.53" CO="129.06" HC="0.83" NOx="4.10" PMx="0.21" fuel="4.28" electricity="0.00" noise="72.29" route="routetop" type="cfm-slow" waiting="0.00" lane="top_0" pos="5.57" speed="22.08" angle="264.43" x="51.65" y="131.20"/>
        <vehicle id="cfm-slow_2" eclass="HBEFA3/PC_G_EU4" CO2="12361.84" CO="179.83" HC="1.12" NOx="5.21" PMx="0.28" fuel="5.31" electricity="0.00" noise="73.76" route="routetop" type="cfm-slow" waiting="0.00" lane="top_0" pos="22.89" speed="23.06" angle="233.21" x="18.47" y="115.28"/>
        <vehicle id="cfm-slow_3" eclass="HBEFA3/PC_G_EU4" CO2="14503.85" CO="226.71" HC="1.39" NOx="6.20" PMx="0.34" fuel="6.23" electricity="0.00" noise="75.09" route="routetop" type="cfm-slow" waiting="0.00" lane="top_0" pos="41.22" speed="24.36" angle="200.33" x="-2.33" y="82.40"/>
        <vehicle id="cfm-slow_4" eclass="HBEFA3/PC_G_EU4" CO2="15276.21" CO="247.56" HC="1.51" NOx="6.53" PMx="0.36" fuel="6.57" electricity="0.00" noise="75.71" route="routetop" type="cfm-slow" waiting="0.00" lane="left_0" pos="10.88" speed="25.86" angle="164.83" x="-0.95" y="40.61"/>
        <vehicle id="cfm-slow_5" eclass="HBEFA3/PC_G_EU4" CO2="12847.58" CO="204.05" HC="1.25" NOx="5.35" PMx="0.30" fuel="5.52" electricity="0.00" noise="74.96" route="routetop" type="cfm-slow" waiting="0.00" lane="left_0" pos="32.06" speed="27.29" angle="126.89" x="26.98" y="5.67"/>
    </timestep>
    <timestep time="5.34">
        <vehicle id="cfm-fast_0" eclass="HBEFA3/PC_G_EU4" CO2="5490.06" CO="57.55" HC="0.40" NOx="1.86" PMx="0.11" fuel="2.36" electricity="0.00" noise="73.07" route="routebottom" type="cfm-fast" waiting="0.00" lane="bottom_0" pos="4.94" speed="28.19" angle="85.64" x="74.34" y="-4.12"/>
        <vehicle id="cfm-fast_1" eclass="HBEFA3/PC_G_EU4" CO2="0.00" CO="0.00" HC="0.00" NOx="0.00" PMx="0.00" fuel="0.00" electricity="0.00" noise="71.59" route="routebottom" type="cfm-fast" waiting="0.00" lane="bottom_0" pos="24.41" speed="27.94" angle="50.57" x="111.28" y="14.27"/>
        <vehicle id="cfm-fast_2" eclass="HBEFA3/PC_G_EU4" CO2="0.00" CO="0.00" HC="0.00" NOx="0.00" PMx="0.00" fuel="0.00" electricity="0.00" noise="70.42" route="routebottom" type="cfm-fast" waiting="0.00" lane="bottom_0" pos="43.54" speed="26.31" angle="16.21" x="130.85" y="49.76"/>
        <vehicle id="cfm-fast_3" eclass="HBEFA3/PC_G_EU4" CO2="0.00" CO="0.00" HC="0.00" NOx="0.00" PMx="0.00" fuel="0.00" electricity="0.00" noise="69.24" route="routebottom" type="cfm-fast" waiting="0.00" lane="right_0" pos="10.91" speed="23.91" angle="344.81" x="128.26" y="86.76"/>
        <vehicle id="cfm-fast_4" eclass="HBEFA3/PC_G_EU4" CO2="291822.98" CO="7030.17" HC="39.39" NOx="136.20" PMx="8.06" fuel="125.44" electricity="0.00" noise="149.80" route="routetop" type="cfm-fast" waiting="0.00" lane="left_1" pos="2.36" speed="72.42" angle="180.24" x="-1.46" y="58.80"/>
        <vehicle id="cfm-fast_5" eclass="HBEFA3/PC_G_EU4" CO2="0.00" CO="0.00" HC="0.00" NOx="0.00" PMx="0.00" fuel="0.00" electricity="0.00" noise="69.48" route="routebottom" type="cfm-fast" waiting="0.00" lane="right_0" pos="26.11" speed="21.77" angle="317.50" x="110.44" y="113.83"/>
        <vehicle id="cfm-slow_0" eclass="HBEFA3/PC_G_EU4" CO2="7854.76" CO="85.55" HC="0.58" NOx="3.12" PMx="0.16" fuel="3.38" electricity="0.00" noise="71.08" route="routebottom" type="cfm-slow" waiting="0.00" lane="right_0" pos="39.15" speed="21.43" angle="294.09" x="86.66" y="128.29"/>
        <vehicle id="cfm-slow_1" eclass="HBEFA3/PC_G_EU4" CO2="9968.17" CO="129.40" HC="0.83" NOx="4.11" PMx="0.21" fuel="4.28" electricity="0.00" noise="72.30" route="routetop" type="cfm-slow" waiting="0.00" lane="top_0" pos="5.79" speed="22.09" angle="264.02" x="51.18" y="131.12"/>
        <vehicle id="cfm-slow_2" eclass="HBEFA3/PC_G_EU4" CO2="12375.12" CO="180.13" HC="1.13" NOx="5.22" PMx="0.28" fuel="5.32" electricity="0.00" noise="73.77" route="routetop" type="cfm-slow" waiting="0.00" lane="top_0" pos="23.12" speed="23.08" angle="232.86" x="18.09" y="114.95"/>
        <vehicle id="cfm-slow_3" eclass="HBEFA3/PC_G_EU4" CO2="14504.75" CO="226.77" HC="1.39" NOx="6.20" PMx="0.34" fuel="6.23" electricity="0.00" noise="75.10" route="routetop" type="cfm-slow" waiting="0.00" lane="top_0" pos="41.47" speed="24.38" angle="199.88" x="-2.47" y="81.90"/>
        <vehicle id="cfm-slow_4" eclass="HBEFA3/PC_G_EU4" CO2="15247.56" CO="247.03" HC="1.50" NOx="6.51" PMx="0.36" fuel="6.55" electricity="0.00" noise="75.70" route="routetop" type="cfm-slow" waiting="0.00" lane="left_0" pos="11.14" speed="25.87" angle="164.35" x="-0.76" y="40.09"/>
        <vehicle id="cfm-slow_5" eclass="HBEFA3/PC_G_EU4" CO2="12772.05" CO="202.55" HC="1.24" NOx="5.31" PMx="0.30" fuel="5.49" electricity="0.00" noise="74.94" route="routetop" type="cfm-slow" waiting="0.00" lane="left_0" pos="32.33" speed="27.30" angle="126.38" x="27.48" y="5.37"/>
    </timestep>
    <timestep time="5.35">
        <vehicle id="cfm-fast_0" eclass="HBEFA3/PC_G_EU4" CO2="5380.96" CO="55.31" HC="0.39" NOx="1.80" PMx="0.11" fuel="2.31" electricity="0.00" noise="73.05" route="routebottom" type="cfm-fast" waiting="0.00" lane="bottom_0" pos="5.22" speed="28.20" angle="85.09" x="74.93" y="-4.02"/>
        <vehicle id="cfm-fast_1" eclass="HBEFA3/PC_G_EU4" CO2="0.00" CO="0.00" HC="0.00" NOx="0.00" PMx="0.00" fuel="0.00" electricity="0.00" noise="71.58" route="routebottom" type="cfm-fast" waiting="0.00" lane="bottom_0" pos="24.69" speed="27.92" angle="50.05" x="111.70" y="14.69"/>
        <vehicle id="cfm-fast_2" eclass="HBEFA3/PC_G_EU4" CO2="0.00" CO="0.00" HC="0.00" NOx="0.00" PMx="0.00" fuel="0.00" electricity="0.00" noise="70.41" route="routebottom" type="cfm-fast" waiting="0.00" lane="bottom_0" pos="43.80" speed="26.29" angle="15.75" x="130.96" y="50.31"/>
        <vehicle id="cfm-fast_3" eclass="HBEFA3/PC_G_EU4" CO2="0.00" CO="0.00" HC="0.00" NOx="0.00" PMx="0.00" fuel="0.00" electricity="0.00" noise="69.23" route="routebottom" type="cfm-fast" waiting="0.00" lane="right_0" pos="11.14" speed="23.89" angle="344.35" x="128.08" y="87.24"/>
        <vehicle id="cfm-fast_4" eclass="HBEFA3/PC_G_EU4" CO2="292445.19" CO="7048.83" HC="39.49" NOx="136.49" PMx="8.08" fuel="125.71" electricity="0.00" noise="149.87" route="routetop" type="cfm-fast" waiting="0.00" lane="left_1" pos="3.08" speed="72.56" angle="178.96" x="-1.33" y="57.32"/>
        <vehicle id="cfm-fast_5" eclass="HBEFA3/PC_G_EU4" CO2="0.00" CO="0.00" HC="0.00" NOx="0.00" PMx="0.00" fuel="0.00" electricity="0.00" noise="69.49" route="routebottom" type="cfm-fast" waiting="0.00" lane="right_0" pos="26.33" speed="21.77" angle="317.10" x="110.10" y="114.15"/>
        <vehicle id="cfm-slow_0" eclass="HBEFA3/PC_G_EU4" CO2="7867.67" CO="85.81" HC="0.58" NOx="3.13" PMx="0.16" fuel="3.38" electricity="0.00" noise="71.09" route="routebottom" type="cfm-slow" waiting="0.00" lane="right_0" pos="39.36" speed="21.44" angle="293.70" x="86.22" y="128.45"/>
        <vehicle id="cfm-slow_1" eclass="HBEFA3/PC_G_EU4" CO2="9983.86" CO="129.73" HC="0.84" NOx="4.11" PMx="0.21" fuel="4.29" electricity="0.00" noise="72.31" route="routetop" type="cfm-slow" waiting="0.00" lane="top_0" pos="6.01" speed="22.11" angle="263.61" x="50.72" y="131.03"/>
        <vehicle id="cfm-slow_2" eclass="HBEFA3/PC_G_EU4" CO2="12388.36" CO="180.42" HC="1.13" NOx="5.23" PMx="0.28" fuel="5.33" electricity="0.00" noise="73.78" route="routetop" type="cfm-slow" waiting="0.00" lane="top_0" pos="23.35" speed="23.09" angle="232.44" x="17.72" y="114.62"/>
        <vehicle id="cfm-slow_3" eclass="HBEFA3/PC_G_EU4" CO2="14505.44" CO="226.83" HC="1.39" NOx="6.20" PMx="0.34" fuel="6.24" electricity="0.00" noise="75.10" route="routetop" type="cfm-slow" waiting="0.00" lane="top_0" pos="41.71" speed="24.39" angle="199.43" x="-2.60" y="81.39"/>
        <vehicle id="cfm-slow_4" eclass="HBEFA3/PC_G_EU4" CO2="15218.54" CO="246.50" HC="1.50" NOx="6.50" PMx="0.36" fuel="6.54" electricity="0.00" noise="75.69" route="routetop" type="cfm-slow" waiting="0.00" lane="left_0" pos="11.40" speed="25.89" angle="163.88" x="-0.57" y="39.57"/>
        <vehicle id="cfm-slow_5" eclass="HBEFA3/PC_G_EU4" CO2="12696.22" CO="201.04" HC="1.23" NOx="5.28" PMx="0.30" fuel="5.46" electricity="0.00" noise="74.91" route="routetop" type="cfm-slow" waiting="0.00" lane="left_0" pos="32.60" speed="27.31" angle="125.87" x="27.98" y="5.07"/>
    </timestep>
    <timestep time="5.36">
        <vehicle id="cfm-fast_0" eclass="HBEFA3/PC_G_EU4" CO2="5272.20" CO="53.07" HC="0.38" NOx="1.75" PMx="0.11" fuel="2.27" electricity="0.00" noise="73.03" route="routebottom" type="cfm-fast" waiting="0.00" lane="bottom_0" pos="5.50" speed="28.20" angle="84.58" x="75.53" y="-3.91"/>
        <vehicle id="cfm-fast_1" eclass="HBEFA3/PC_G_EU4" CO2="0.00" CO="0.00" HC="0.00" NOx="0.00" PMx="0.00" fuel="0.00" electricity="0.00" noise="71.57" route="routebottom" type="cfm-fast" waiting="0.00" lane="bottom_0" pos="24.97" speed="27.91" angle="49.53" x="112.13" y="15.12"/>
        <vehicle id="cfm-fast_2" eclass="HBEFA3/PC_G_EU4" CO2="0.00" CO="0.00" HC="0.00" NOx="0.00" PMx="0.00" fuel="0.00" electricity="0.00" noise="70.40" route="routebottom" type="cfm-fast" waiting="0.00" lane="bottom_0" pos="44.06" speed="26.27" angle="15.25" x="131.06" y="50.87"/>
        <vehicle id="cfm-fast_3" eclass="HBEFA3/PC_G_EU4" CO2="0.00" CO="0.00" HC="0.00" NOx="0.00" PMx="0.00" fuel="0.00" electricity="0.00" noise="69.23" route="routebottom" type="cfm-fast" waiting="0.00" lane="right_0" pos="11.38" speed="23.87" angle="343.90" x="127.91" y="87.73"/>
        <vehicle id="cfm-fast_4" eclass="HBEFA3/PC_G_EU4" CO2="293067.69" CO="7067.51" HC="39.59" NOx="136.79" PMx="8.10" fuel="125.98" electricity="0.00" noise="149.93" route="routetop" type="cfm-fast" waiting="0.00" lane="left_1" pos="3.81" speed="72.69" angle="177.67" x="-1.18" y="55.84"/>
        <vehicle id="cfm-fast_5" eclass="HBEFA3/PC_G_EU4" CO2="0.00" CO="0.00" HC="0.00" NOx="0.00" PMx="0.00" fuel="0.00" electricity="0.00" noise="69.50" route="routebottom" type="cfm-fast" waiting="0.00" lane="right_0" pos="26.55" speed="21.77" angle="316.70" x="109.76" y="114.47"/>
        <vehicle id="cfm-slow_0" eclass="HBEFA3/PC_G_EU4" CO2="7880.68" CO="86.08" HC="0.58" NOx="3.14" PMx="0.16" fuel="3.39" electricity="0.00" noise="71.10" route="routebottom" type="cfm-slow" waiting="0.00" lane="right_0" pos="39.57" speed="21.45" angle="293.31" x="85.79" y="128.61"/>
        <vehicle id="cfm-slow_1" eclass="HBEFA3/PC_G_EU4" CO2="9999.59" CO="130.06" HC="0.84" NOx="4.12" PMx="0.21" fuel="4.30" electricity="0.00" noise="72.32" route="routetop" type="cfm-slow" waiting="0.00" lane="top_0" pos="6.23" speed="22.12" angle="263.19" x="50.25" y="130.95"/>
        <vehicle id="cfm-slow_2" eclass="HBEFA3/PC_G_EU4" CO2="12401.55" CO="180.72" HC="1.13" NOx="5.23" PMx="0.28" fuel="5.33" electricity="0.00" noise="73.78" route="routetop" type="cfm-slow" waiting="0.00" lane="top_0" pos="23.58" speed="23.11" angle="232.03" x="17.36" y="114.28"/>
        <vehicle id="cfm-slow_3" eclass="HBEFA3/PC_G_EU4" CO2="14505.94" CO="226.88" HC="1.39" NOx="6.19" PMx="0.34" fuel="6.24" electricity="0.00" noise="75.10" route="routetop" type="cfm-slow" waiting="0.00" lane="top_0" pos="41.95" speed="24.41" angle="198.98" x="-2.74" y="80.88"/>
        <vehicle id="cfm-slow_4" eclass="HBEFA3/PC_G_EU4" CO2="15189.15" CO="245.95" HC="1.50" NOx="6.48" PMx="0.36" fuel="6.53" electricity="0.00" noise="75.68" route="routetop" type="cfm-slow" waiting="0.00" lane="left_0" pos="11.66" speed="25.90" angle="163.47" x="-0.38" y="39.05"/>
        <vehicle id="cfm-slow_5" eclass="HBEFA3/PC_G_EU4" CO2="12620.11" CO="199.53" HC="1.22" NOx="5.24" PMx="0.29" fuel="5.42" electricity="0.00" noise="74.88" route="routetop" type="cfm-slow" waiting="0.00" lane="left_0" pos="32.88" speed="27.32" angle="125.36" x="28.49" y="4.76"/>
    </timestep>
    <timestep time="5.37">
        <vehicle id="cfm-fast_0" eclass="HBEFA3/PC_G_EU4" CO2="0.00" CO="0.00" HC="0.00" NOx="0.00" PMx="0.00" fuel="0.00" electricity="0.00" noise="73.00" route="routebottom" type="cfm-fast" waiting="0.00" lane="bottom_0" pos="5.78" speed="28.20" angle="84.06" x="76.13" y="-3.80"/>
        <vehicle id="cfm-fast_1" eclass="HBEFA3/PC_G_EU4" CO2="0.00" CO="0.00" HC="0.00" NOx="0.00" PMx="0.00" fuel="0.00" electricity="0.00" noise="71.55" route="routebottom" type="cfm-fast" waiting="0.00" lane="bottom_0" pos="25.25" speed="27.90" angle="49.02" x="112.55" y="15.54"/>
        <vehicle id="cfm-fast_2" eclass="HBEFA3/PC_G_EU4" CO2="0.00" CO="0.00" HC="0.00" NOx="0.00" PMx="0.00" fuel="0.00" electricity="0.00" noise="70.39" route="routebottom" type="cfm-fast" waiting="0.00" lane="bottom_0" pos="44.32" speed="26.25" angle="14.76" x="131.16" y="51.42"/>
        <vehicle id="cfm-fast_3" eclass="HBEFA3/PC_G_EU4" CO2="0.00" CO="0.00" HC="0.00" NOx="0.00" PMx="0.00" fuel="0.00" electricity="0.00" noise="69.22" route="routebottom" type="cfm-fast" waiting="0.00" lane="right_0" pos="11.62" speed="23.86" angle="343.52" x="127.72" y="88.21"/>
        <vehicle id="cfm-fast_4" eclass="HBEFA3/PC_G_EU4" CO2="293690.48" CO="7086.21" HC="39.69" NOx="137.08" PMx="8.12" fuel="126.24" electricity="0.00" noise="150.00" route="routetop" type="cfm-fast" waiting="0.00" lane="left_1" pos="4.54" speed="72.83" angle="176.35" x="-0.98" y="54.36"/>
        <vehicle id="cfm-fast_5" eclass="HBEFA3/PC_G_EU4" CO2="0.00" CO="0.00" HC="0.00" NOx="0.00" PMx="0.00" fuel="0.00" electricity="0.00" noise="69.51" route="routebottom" type="cfm-fast" waiting="0.00" lane="right_0" pos="26.77" speed="21.76" angle="316.31" x="109.41" y="114.78"/>
        <vehicle id="cfm-slow_0" eclass="HBEFA3/PC_G_EU4" CO2="7893.77" CO="86.36" HC="0.59" NOx="3.14" PMx="0.16" fuel="3.39" electricity="0.00" noise="71.11" route="routebottom" type="cfm-slow" waiting="0.00" lane="right_0" pos="39.79" speed="21.46" angle="292.99" x="85.35" y="128.76"/>
        <vehicle id="cfm-slow_1" eclass="HBEFA3/PC_G_EU4" CO2="10015.36" CO="130.39" HC="0.84" NOx="4.13" PMx="0.21" fuel="4.31" electricity="0.00" noise="72.34" route="routetop" type="cfm-slow" waiting="0.00" lane="top_0" pos="6.45" speed="22.13" angle="262.84" x="49.78" y="130.85"/>
        <vehicle id="cfm-slow_2" eclass="HBEFA3/PC_G_EU4" CO2="12414.69" CO="181.01" HC="1.13" NOx="5.24" PMx="0.28" fuel="5.34" electricity="0.00" noise="73.79" route="routetop" type="cfm-slow" waiting="0.00" lane="top_0" pos="23.81" speed="23.12" angle="231.61" x="17.00" y="113.94"/>
        <vehicle id="cfm-slow_3" eclass="HBEFA3/PC_G_EU4" CO2="14506.23" CO="226.93" HC="1.39" NOx="6.19" PMx="0.34" fuel="6.24" electricity="0.00" noise="75.11" route="routetop" type="cfm-slow" waiting="0.00" lane="top_0" pos="42.20" speed="24.43" angle="198.53" x="-2.87" y="80.37"/>
        <vehicle id="cfm-slow_4" eclass="HBEFA3/PC_G_EU4" CO2="15159.38" CO="245.40" HC="1.50" NOx="6.47" PMx="0.36" fuel="6.52" electricity="0.00" noise="75.67" route="routetop" type="cfm-slow" waiting="0.00" lane="left_0" pos="11.92" speed="25.92" angle="163.01" x="-0.17" y="38.53"/>
        <vehicle id="cfm-slow_5" eclass="HBEFA3/PC_G_EU4" CO2="12543.71" CO="198.01" HC="1.22" NOx="5.20" PMx="0.29" fuel="5.39" electricity="0.00" noise="74.86" route="routetop" type="cfm-slow" waiting="0.00" lane="left_0" pos="33.15" speed="27.33" angle="124.85" x="28.99" y="4.46"/>
    </timestep>
    <timestep time="5.38">
        <vehicle id="cfm-fast_0" eclass="HBEFA3/PC_G_EU4" CO2="0.00" CO="0.00" HC="0.00" NOx="0.00" PMx="0.00" fuel="0.00" electricity="0.00" noise="72.98" route="routebottom" type="cfm-fast" waiting="0.00" lane="bottom_0" pos="6.06" speed="28.19" angle="83.55" x="76.72" y="-3.69"/>
        <vehicle id="cfm-fast_1" eclass="HBEFA3/PC_G_EU4" CO2="0.00" CO="0.00" HC="0.00" NOx="0.00" PMx="0.00" fuel="0.00" electricity="0.00" noise="71.54" route="routebottom" type="cfm-fast" waiting="0.00" lane="bottom_0" pos="25.53" speed="27.88" angle="48.51" x="112.97" y="15.96"/>
        <vehicle id="cfm-fast_2" eclass="HBEFA3/PC_G_EU4" CO2="0.00" CO="0.00" HC="0.00" NOx="0.00" PMx="0.00" fuel="0.00" electricity="0.00" noise="70.38" route="routebottom" type="cfm-fast" waiting="0.00" lane="bottom_0" pos="44.59" speed="26.23" angle="14.26" x="131.26" y="51.98"/>
        <vehicle id="cfm-fast_3" eclass="HBEFA3/PC_G_EU4" CO2="0.00" CO="0.00" HC="0.00" NOx="0.00" PMx="0.00" fuel="0.00" electricity="0.00" noise="69.22" route="routebottom" type="cfm-fast" waiting="0.00" lane="right_0" pos="11.86" speed="23.84" angle="343.08" x="127.53" y="88.68"/>
        <vehicle id="cfm-fast_4" eclass="HBEFA3/PC_G_EU4" CO2="294313.57" CO="7104.94" HC="39.79" NOx="137.37" PMx="8.14" fuel="126.51" electricity="0.00" noise="150.06" route="routetop" type="cfm-fast" waiting="0.00" lane="left_1" pos="5.27" speed="72.97" angle="175.03" x="-0.75" y="52.88"/>
        <vehicle id="cfm-fast_5" eclass="HBEFA3/PC_G_EU4" CO2="0.00" CO="0.00" HC="0.00" NOx="0.00" PMx="0.00" fuel="0.00" electricity="0.00" noise="69.52" route="routebottom" type="cfm-fast" waiting="0.00" lane="right_0" pos="26.98" speed="21.76" angle="315.97" x="109.07" y="115.10"/>
        <vehicle id="cfm-slow_0" eclass="HBEFA3/PC_G_EU4" CO2="7906.95" CO="86.63" HC="0.59" NOx="3.15" PMx="0.16" fuel="3.40" electricity="0.00" noise="71.12" route="routebottom" type="cfm-slow" waiting="0.00" lane="right_0" pos="40.00" speed="21.47" angle="292.58" x="84.91" y="128.90"/>
        <vehicle id="cfm-slow_1" eclass="HBEFA3/PC_G_EU4" CO2="10031.17" CO="130.73" HC="0.84" NOx="4.14" PMx="0.21" fuel="4.31" electricity="0.00" noise="72.35" route="routetop" type="cfm-slow" waiting="0.00" lane="top_0" pos="6.68" speed="22.14" angle="262.43" x="49.32" y="130.75"/>
        <vehicle id="cfm-slow_2" eclass="HBEFA3/PC_G_EU4" CO2="12427.78" CO="181.31" HC="1.13" NOx="5.24" PMx="0.28" fuel="5.34" electricity="0.00" noise="73.80" route="routetop" type="cfm-slow" waiting="0.00" lane="top_0" pos="24.05" speed="23.13" angle="231.20" x="16.63" y="113.60"/>
        <vehicle id="cfm-slow_3" eclass="HBEFA3/PC_G_EU4" CO2="14506.31" CO="226.98" HC="1.39" NOx="6.19" PMx="0.34" fuel="6.24" electricity="0.00" noise="75.11" route="routetop" type="cfm-slow" waiting="0.00" lane="top_0" pos="42.44" speed="24.44" angle="198.14" x="-3.00" y="79.86"/>
        <vehicle id="cfm-slow_4" eclass="HBEFA3/PC_G_EU4" CO2="15129.25" CO="244.84" HC="1.49" NOx="6.45" PMx="0.36" fuel="6.50" electricity="0.00" noise="75.65" route="routetop" type="cfm-slow" waiting="0.00" lane="left_0" pos="12.18" speed="25.94" angle="162.55" x="0.04" y="38.01"/>
        <vehicle id="cfm-slow_5" eclass="HBEFA3/PC_G_EU4" CO2="12467.03" CO="196.49" HC="1.21" NOx="5.17" PMx="0.29" fuel="5.36" electricity="0.00" noise="74.83" route="routetop" type="cfm-slow" waiting="0.00" lane="left_0" pos="33.42" speed="27.34" angle="124.40" x="29.50" y="4.16"/>
    </timestep>
    <timestep time="5.39">
        <vehicle id="cfm-fast_0" eclass="HBEFA3/PC_G_EU4" CO2="0.00" CO="0.00" HC="0.00" NOx="0.00" PMx="0.00" fuel="0.00" electricity="0.00" noise="72.96" route="routebottom" type="cfm-fast" waiting="0.00" lane="bottom_0" pos="6.34" speed="28.19" angle="83.08" x="77.32" y="-3.58"/>
        <vehicle id="cfm-fast_1" eclass="HBEFA3/PC_G_EU4" CO2="0.00" CO="0.00" HC="0.00" NOx="0.00" PMx="0.00" fuel="0.00" electricity="0.00" noise="71.53" route="routebottom" type="cfm-fast" waiting="0.00" lane="bottom_0" pos="25.81" speed="27.87" angle="48.05" x="113.39" y="16.40"/>
        <vehicle id="cfm-fast_2" eclass="HBEFA3/PC_G_EU4" CO2="0.00" CO="0.00" HC="0.00" NOx="0.00" PMx="0.00" fuel="0.00" electricity="0.00" noise="70.37" route="routebottom" type="cfm-fast" waiting="0.00" lane="bottom_0" pos="44.85" speed="26.21" angle="13.81" x="131.37" y="52.53"/>
        <vehicle id="cfm-fast_3" eclass="HBEFA3/PC_G_EU4" CO2="0.00" CO="0.00" HC="0.00" NOx="0.00" PMx="0.00" fuel="0.00" electricity="0.00" noise="69.21" route="routebottom" type="cfm-fast" waiting="0.00" lane="right_0" pos="12.10" speed="23.82" angle="342.65" x="127.34" y="89.16"/>
        <vehicle id="cfm-fast_4" eclass="HBEFA3/PC_G_EU4" CO2="294936.95" CO="7123.68" HC="39.89" NOx="137.66" PMx="8.16" fuel="126.78" electricity="0.00" noise="150.13" route="routetop" type="cfm-fast" waiting="0.00" lane="left_1" pos="6.00" speed="73.10" angle="173.66" x="-0.48" y="51.40"/>
        <vehicle id="cfm-fast_5" eclass="HBEFA3/PC_G_EU4" CO2="0.00" CO="0.00" HC="0.00" NOx="0.00" PMx="0.00" fuel="0.00" electricity="0.00" noise="69.53" route="routebottom" type="cfm-fast" waiting="0.00" lane="right_0" pos="27.20" speed="21.76" angle="315.56" x="108.71" y="115.40"/>
        <vehicle id="cfm-slow_0" eclass="HBEFA3/PC_G_EU4" CO2="7920.22" CO="86.90" HC="0.59" NOx="3.15" PMx="0.16" fuel="3.40" electricity="0.00" noise="71.12" route="routebottom" type="cfm-slow" waiting="0.00" lane="right_0" pos="40.22" speed="21.47" angle="292.17" x="84.47" y="129.04"/>
        <vehicle id="cfm-slow_1" eclass="HBEFA3/PC_G_EU4" CO2="10047.02" CO="131.06" HC="0.84" NOx="4.14" PMx="0.21" fuel="4.32" electricity="0.00" noise="72.36" route="routetop" type="cfm-slow" waiting="0.00" lane="top_0" pos="6.90" speed="22.15" angle="262.01" x="48.85" y="130.64"/>
        <vehicle id="cfm-slow_2" eclass="HBEFA3/PC_G_EU4" CO2="12440.82" CO="181.60" HC="1.13" NOx="5.25" PMx="0.28" fuel="5.35" electricity="0.00" noise="73.81" route="routetop" type="cfm-slow" waiting="0.00" lane="top_0" pos="24.28" speed="23.15" angle="230.80" x="16.26" y="113.26"/>
        <vehicle id="cfm-slow_3" eclass="HBEFA3/PC_G_EU4" CO2="14506.18" CO="227.02" HC="1.39" NOx="6.19" PMx="0.34" fuel="6.24" electricity="0.00" noise="75.11" route="routetop" type="cfm-slow" waiting="0.00" lane="top_0" pos="42.69" speed="24.46" angle="197.71" x="-3.12" y="79.35"/>
        <vehicle id="cfm-slow_4" eclass="HBEFA3/PC_G_EU4" CO2="15098.74" CO="244.28" HC="1.49" NOx="6.44" PMx="0.36" fuel="6.49" electricity="0.00" noise="75.64" route="routetop" type="cfm-slow" waiting="0.00" lane="left_0" pos="12.44" speed="25.95" angle="162.09" x="0.25" y="37.49"/>
        <vehicle id="cfm-slow_5" eclass="HBEFA3/PC_G_EU4" CO2="12390.08" CO="194.96" HC="1.20" NOx="5.13" PMx="0.29" fuel="5.33" electricity="0.00" noise="74.81" route="routetop" type="cfm-slow" waiting="0.00" lane="left_0" pos="33.70" speed="27.35" angle="123.90" x="30.01" y="3.88"/>
    </timestep>
    <timestep time="5.40">
        <vehicle id="cfm-fast_0" eclass="HBEFA3/PC_G_EU4" CO2="0.00" CO="0.00" HC="0.00" NOx="0.00" PMx="0.00" fuel="0.00" electricity="0.00" noise="72.94" route="routebottom" type="cfm-fast" waiting="0.00" lane="bottom_0" pos="6.63" speed="28.19" angle="82.55" x="77.91" y="-3.45"/>
        <vehicle id="cfm-fast_1" eclass="HBEFA3/PC_G_EU4" CO2="0.00" CO="0.00" HC="0.00" NOx="0.00" PMx="0.00" fuel="0.00" electricity="0.00" noise="71.52" route="routebottom" type="cfm-fast" waiting="0.00" lane="bottom_0" pos="26.09" speed="27.86" angle="47.54" x="113.80" y="16.84"/>
        <vehicle id="cfm-fast_2" eclass="HBEFA3/PC_G_EU4" CO2="0.00" CO="0.00" HC="0.00" NOx="0.00" PMx="0.00" fuel="0.00" electricity="0.00" noise="70.36" route="routebottom" type="cfm-fast" waiting="0.00" lane="bottom_0" pos="45.11" speed="26.18" angle="13.36" x="131.45" y="53.09"/>
        <vehicle id="cfm-fast_3" eclass="HBEFA3/PC_G_EU4" CO2="0.00" CO="0.00" HC="0.00" NOx="0.00" PMx="0.00" fuel="0.00" electricity="0.00" noise="69.21" route="routebottom" type="cfm-fast" waiting="0.00" lane="right_0" pos="12.34" speed="23.81" angle="342.21" x="127.15" y="89.63"/>
        <vehicle id="cfm-fast_4" eclass="HBEFA3/PC_G_EU4" CO2="295560.62" CO="7142.45" HC="39.99" NOx="137.96" PMx="8.18" fuel="127.05" electricity="0.00" noise="150.20" route="routetop" type="cfm-fast" waiting="0.00" lane="left_1" pos="6.73" speed="73.24" angle="172.35" x="-0.18" y="49.93"/>
        <vehicle id="cfm-fast_5" eclass="HBEFA3/PC_G_EU4" CO2="0.00" CO="0.00" HC="0.00" NOx="0.00" PMx="0.00" fuel="0.00" electricity="0.00" noise="69.53" route="routebottom" type="cfm-fast" waiting="0.00" lane="right_0" pos="27.42" speed="21.76" angle="315.15" x="108.35" y="115.70"/>
        <vehicle id="cfm-slow_0" eclass="HBEFA3/PC_G_EU4" CO2="7933.58" CO="87.18" HC="0.59" NOx="3.16" PMx="0.16" fuel="3.41" electricity="0.00" noise="71.13" route="routebottom" type="cfm-slow" waiting="0.00" lane="right_0" pos="40.43" speed="21.48" angle="291.76" x="84.03" y="129.17"/>
        <vehicle id="cfm-slow_1" eclass="HBEFA3/PC_G_EU4" CO2="10062.91" CO="131.40" HC="0.85" NOx="4.15" PMx="0.22" fuel="4.33" electricity="0.00" noise="72.37" route="routetop" type="cfm-slow" waiting="0.00" lane="top_0" pos="7.12" speed="22.16" angle="261.59" x="48.39" y="130.54"/>
        <vehicle id="cfm-slow_2" eclass="HBEFA3/PC_G_EU4" CO2="12453.80" CO="181.89" HC="1.14" NOx="5.25" PMx="0.28" fuel="5.35" electricity="0.00" noise="73.82" route="routetop" type="cfm-slow" waiting="0.00" lane="top_0" pos="24.51" speed="23.16" angle="230.41" x="15.91" y="112.92"/>
        <vehicle id="cfm-slow_3" eclass="HBEFA3/PC_G_EU4" CO2="14505.84" CO="227.06" HC="1.39" NOx="6.19" PMx="0.34" fuel="6.24" electricity="0.00" noise="75.11" route="routetop" type="cfm-slow" waiting="0.00" lane="top_0" pos="42.93" speed="24.47" angle="197.27" x="-3.24" y="78.84"/>
        <vehicle id="cfm-slow_4" eclass="HBEFA3/PC_G_EU4" CO2="15067.87" CO="243.71" HC="1.49" NOx="6.42" PMx="0.35" fuel="6.48" electricity="0.00" noise="75.63" route="routetop" type="cfm-slow" waiting="0.00" lane="left_0" pos="12.70" speed="25.97" angle="161.64" x="0.45" y="36.97"/>
        <vehicle id="cfm-slow_5" eclass="HBEFA3/PC_G_EU4" CO2="12312.87" CO="193.42" HC="1.19" NOx="5.09" PMx="0.29" fuel="5.29" electricity="0.00" noise="74.78" route="routetop" type="cfm-slow" waiting="0.00" lane="left_0" pos="33.97" speed="27.36" angle="123.39" x="30.53" y="3.60"/>
    </timestep>
    <timestep time="5.41">
        <vehicle id="cfm-fast_0" eclass="HBEFA3/PC_G_EU4" CO2="0.00" CO="0.00" HC="0.00" NOx="0.00" PMx="0.00" fuel="0.00" electricity="0.00" noise="72.92" route="routebottom" type="cfm-fast" waiting="0.00" lane="bottom_0" pos="6.91" speed="28.19" angle="82.01" x="78.50" y="-3.31"/>
        <vehicle id="cfm-fast_1" eclass="HBEFA3/PC_G_EU4" CO2="0.00" CO="0.00" HC="0.00" NOx="0.00" PMx="0.00" fuel="0.00" electricity="0.00" noise="71.51" route="routebottom" type="cfm-fast" waiting="0.00" lane="bottom_0" pos="26.36" speed="27.84" angle="47.03" x="114.20" y="17.28"/>
        <vehicle id="cfm-fast_2" eclass="HBEFA3/PC_G_EU4" CO2="0.00" CO="0.00" HC="0.00" NOx="0.00" PMx="0.00" fuel="0.00" electricity="0.00" noise="70.34" route="routebottom" type="cfm-fast" waiting="0.00" lane="bottom_0" pos="45.37" speed="26.16" angle="12.89" x="131.53" y="53.65"/>
        <vehicle id="cfm-fast_3" eclass="HBEFA3/PC_G_EU4" CO2="0.00" CO="0.00" HC="0.00" NOx="0.00" PMx="0.00" fuel="0.00" electricity="0.00" noise="69.20" route="routebottom" type="cfm-fast" waiting="0.00" lane="right_0" pos="12.57" speed="23.79" angle="341.78" x="126.96" y="90.11"/>
        <vehicle id="cfm-fast_4" eclass="HBEFA3/PC_G_EU4" CO2="296184.58" CO="7161.24" HC="40.10" NOx="138.25" PMx="8.19" fuel="127.31" electricity="0.00" noise="150.26" route="routetop" type="cfm-fast" waiting="0.00" lane="left_1" pos="7.47" speed="73.38" angle="171.00" x="0.15" y="48.46"/>
        <vehicle id="cfm-fast_5" eclass="HBEFA3/PC_G_EU4" CO2="0.00" CO="0.00" HC="0.00" NOx="0.00" PMx="0.00" fuel="0.00" electricity="0.00" noise="69.54" route="routebottom" type="cfm-fast" waiting="0.00" lane="right_0" pos="27.64" speed="21.76" angle="314.74" x="108.00" y="116.01"/>
        <vehicle id="cfm-slow_0" eclass="HBEFA3/PC_G_EU4" CO2="7947.02" CO="87.46" HC="0.59" NOx="3.17" PMx="0.16" fuel="3.42" electricity="0.00" noise="71.14" route="routebottom" type="cfm-slow" waiting="0.00" lane="right_0" pos="40.65" speed="21.49" angle="291.35" x="83.59" y="129.31"/>
        <vehicle id="cfm-slow_1" eclass="HBEFA3/PC_G_EU4" CO2="10078.84" CO="131.74" HC="0.85" NOx="4.16" PMx="0.22" fuel="4.33" electricity="0.00" noise="72.38" route="routetop" type="cfm-slow" waiting="0.00" lane="top_0" pos="7.34" speed="22.17" angle="261.17" x="47.92" y="130.43"/>
        <vehicle id="cfm-slow_2" eclass="HBEFA3/PC_G_EU4" CO2="12466.73" CO="182.18" HC="1.14" NOx="5.26" PMx="0.28" fuel="5.36" electricity="0.00" noise="73.83" route="routetop" type="cfm-slow" waiting="0.00" lane="top_0" pos="24.74" speed="23.18" angle="229.99" x="15.55" y="112.56"/>
        <vehicle id="cfm-slow_3" eclass="HBEFA3/PC_G_EU4" CO2="14505.29" CO="227.09" HC="1.39" NOx="6.19" PMx="0.34" fuel="6.24" electricity="0.00" noise="75.11" route="routetop" type="cfm-slow" waiting="0.00" lane="top_0" pos="43.18" speed="24.49" angle="196.83" x="-3.35" y="78.32"/>
        <vehicle id="cfm-slow_4" eclass="HBEFA3/PC_G_EU4" CO2="15036.62" CO="243.12" HC="1.48" NOx="6.41" PMx="0.35" fuel="6.46" electricity="0.00" noise="75.62" route="routetop" type="cfm-slow" waiting="0.00" lane="left_0" pos="12.96" speed="25.98" angle="161.20" x="0.67" y="36.46"/>
        <vehicle id="cfm-slow_5" eclass="HBEFA3/PC_G_EU4" CO2="12235.39" CO="191.88" HC="1.18" NOx="5.06" PMx="0.28" fuel="5.26" electricity="0.00" noise="74.75" route="routetop" type="cfm-slow" waiting="0.00" lane="left_0" pos="34.24" speed="27.37" angle="122.89" x="31.04" y="3.31"/>
    </timestep>
    <timestep time="5.42">
        <vehicle id="cfm-fast_0" eclass="HBEFA3/PC_G_EU4" CO2="0.00" CO="0.00" HC="0.00" NOx="0.00" PMx="0.00" fuel="0.00" electricity="0.00" noise="72.89" route="routebottom" type="cfm-fast" waiting="0.00" lane="bottom_0" pos="7.19" speed="28.19" angle="81.47" x="79.10" y="-3.18"/>
        <vehicle id="cfm-fast_1" eclass="HBEFA3/PC_G_EU4" CO2="0.00" CO="0.00" HC="0.00" NOx="0.00" PMx="0.00" fuel="0.00" electricity="0.00" noise="71.49" route="routebottom" type="cfm-fast" waiting="0.00" lane="bottom_0" pos="26.64" speed="27.83" angle="46.53" x="114.61" y="17.72"/>
        <vehicle id="cfm-fast_2" eclass="HBEFA3/PC_G_EU4" CO2="0.00" CO="0.00" HC="0.00" NOx="0.00" PMx="0.00" fuel="0.00" electricity="0.00" noise="70.33" route="routebottom" type="cfm-fast" waiting="0.00" lane="bottom_0" pos="45.63" speed="26.14" angle="12.41" x="131.61" y="54.20"/>
        <vehicle id="cfm-fast_3" eclass="HBEFA3/PC_G_EU4" CO2="0.00" CO="0.00" HC="0.00" NOx="0.00" PMx="0.00" fuel="0.00" electricity="0.00" noise="69.20" route="routebottom" type="cfm-fast" waiting="0.00" lane="right_0" pos="12.81" speed="23.78" angle="341.41" x="126.77" y="90.58"/>
        <vehicle id="cfm-fast_4" eclass="HBEFA3/PC_G_EU4" CO2="296808.83" CO="7180.05" HC="40.20" NOx="138.54" PMx="8.21" fuel="127.58" electricity="0.00" noise="150.33" route="routetop" type="cfm-fast" waiting="0.00" lane="left_1" pos="8.20" speed="73.51" angle="169.69" x="0.52" y="47.00"/>
        <vehicle id="cfm-fast_5" eclass="HBEFA3/PC_G_EU4" CO2="0.00" CO="0.00" HC="0.00" NOx="0.00" PMx="0.00" fuel="0.00" electricity="0.00" noise="69.55" route="routebottom" type="cfm-fast" waiting="0.00" lane="right_0" pos="27.85" speed="21.76" angle="314.34" x="107.64" y="116.31"/>
        <vehicle id="cfm-slow_0" eclass="HBEFA3/PC_G_EU4" CO2="7960.55" CO="87.74" HC="0.59" NOx="3.17" PMx="0.16" fuel="3.42" electricity="0.00" noise="71.15" route="routebottom" type="cfm-slow" waiting="0.00" lane="right_0" pos="40.86" speed="21.50" angle="290.94" x="83.15" y="129.45"/>
        <vehicle id="cfm-slow_1" eclass="HBEFA3/PC_G_EU4" CO2="10094.80" CO="132.08" HC="0.85" NOx="4.16" PMx="0.22" fuel="4.34" electricity="0.00" noise="72.39" route="routetop" type="cfm-slow" waiting="0.00" lane="top_0" pos="7.56" speed="22.18" angle="260.78" x="47.46" y="130.33"/>
        <vehicle id="cfm-slow_2" eclass="HBEFA3/PC_G_EU4" CO2="12479.60" CO="182.47" HC="1.14" NOx="5.27" PMx="0.28" fuel="5.36" electricity="0.00" noise="73.84" route="routetop" type="cfm-slow" waiting="0.00" lane="top_0" pos="24.97" speed="23.19" angle="229.56" x="15.20" y="112.21"/>
        <vehicle id="cfm-slow_3" eclass="HBEFA3/PC_G_EU4" CO2="14504.53" CO="227.12" HC="1.39" NOx="6.19" PMx="0.34" fuel="6.23" electricity="0.00" noise="75.12" route="routetop" type="cfm-slow" waiting="0.00" lane="top_0" pos="43.42" speed="24.51" angle="196.40" x="-3.47" y="77.81"/>
        <vehicle id="cfm-slow_4" eclass="HBEFA3/PC_G_EU4" CO2="15004.99" CO="242.54" HC="1.48" NOx="6.39" PMx="0.35" fuel="6.45" electricity="0.00" noise="75.61" route="routetop" type="cfm-slow" waiting="0.00" lane="left_0" pos="13.22" speed="26.00" angle="160.72" x="0.90" y="35.95"/>
        <vehicle id="cfm-slow_5" eclass="HBEFA3/PC_G_EU4" CO2="12157.65" CO="190.33" HC="1.17" NOx="5.02" PMx="0.28" fuel="5.23" electricity="0.00" noise="74.73" route="routetop" type="cfm-slow" waiting="0.00" lane="left_0" pos="34.52" speed="27.38" angle="122.40" x="31.56" y="3.03"/>
    </timestep>
    <timestep time="5.43">
        <vehicle id="cfm-fast_0" eclass="HBEFA3/PC_G_EU4" CO2="0.00" CO="0.00" HC="0.00" NOx="0.00" PMx="0.00" fuel="0.00" electricity="0.00" noise="72.87" route="routebottom" type="cfm-fast" waiting="0.00" lane="bottom_0" pos="7.47" speed="28.19" angle="80.93" x="79.69" y="-3.04"/>
        <vehicle id="cfm-fast_1" eclass="HBEFA3/PC_G_EU4" CO2="0.00" CO="0.00" HC="0.00" NOx="0.00" PMx="0.00" fuel="0.00" electricity="0.00" noise="71.48" route="routebottom" type="cfm-fast" waiting="0.00" lane="bottom_0" pos="26.92" speed="27.82" angle="46.08" x="115.02" y="18.16"/>
        <vehicle id="cfm-fast_2" eclass="HBEFA3/PC_G_EU4" CO2="0.00" CO="0.00" HC="0.00" NOx="0.00" PMx="0.00" fuel="0.00" electricity="0.00" noise="70.32" route="routebottom" type="cfm-fast" waiting="0.00" lane="bottom_0" pos="45.89" speed="26.12" angle="11.94" x="131.69" y="54.76"/>
        <vehicle id="cfm-fast_3" eclass="HBEFA3/PC_G_EU4" CO2="0.00" CO="0.00" HC="0.00" NOx="0.00" PMx="0.00" fuel="0.00" electricity="0.00" noise="69.20" route="routebottom" type="cfm-fast" waiting="0.00" lane="right_0" pos="13.05" speed="23.76" angle="340.97" x="126.56" y="91.05"/>
        <vehicle id="cfm-fast_4" eclass="HBEFA3/PC_G_EU4" CO2="297433.38" CO="7198.88" HC="40.30" NOx="138.83" PMx="8.23" fuel="127.85" electricity="0.00" noise="150.39" route="routetop" type="cfm-fast" waiting="0.00" lane="left_1" pos="8.94" speed="73.65" angle="168.37" x="0.92" y="45.55"/>
        <vehicle id="cfm-fast_5" eclass="HBEFA3/PC_G_EU4" CO2="0.00" CO="0.00" HC="0.00" NOx="0.00" PMx="0.00" fuel="0.00" electricity="0.00" noise="69.56" route="routebottom" type="cfm-fast" waiting="0.00" lane="right_0" pos="28.07" speed="21.76" angle="313.93" x="107.28" y="116.61"/>
        <vehicle id="cfm-slow_0" eclass="HBEFA3/PC_G_EU4" CO2="7974.16" CO="88.02" HC="0.60" NOx="3.18" PMx="0.16" fuel="3.43" electricity="0.00" noise="71.16" route="routebottom" type="cfm-slow" waiting="0.00" lane="right_0" pos="41.08" speed="21.51" angle="290.61" x="82.70" y="129.58"/>
        <vehicle id="cfm-slow_1" eclass="HBEFA3/PC_G_EU4" CO2="10110.79" CO="132.41" HC="0.85" NOx="4.17" PMx="0.22" fuel="4.35" electricity="0.00" noise="72.40" route="routetop" type="cfm-slow" waiting="0.00" lane="top_0" pos="7.78" speed="22.19" angle="260.42" x="46.99" y="130.21"/>
        <vehicle id="cfm-slow_2" eclass="HBEFA3/PC_G_EU4" CO2="12492.41" CO="182.76" HC="1.14" NOx="5.27" PMx="0.28" fuel="5.37" electricity="0.00" noise="73.85" route="routetop" type="cfm-slow" waiting="0.00" lane="top_0" pos="25.20" speed="23.21" angle="229.14" x="14.85" y="111.86"/>
        <vehicle id="cfm-slow_3" eclass="HBEFA3/PC_G_EU4" CO2="14503.55" CO="227.15" HC="1.39" NOx="6.19" PMx="0.34" fuel="6.23" electricity="0.00" noise="75.12" route="routetop" type="cfm-slow" waiting="0.00" lane="top_0" pos="43.67" speed="24.52" angle="196.01" x="-3.59" y="77.29"/>
        <vehicle id="cfm-slow_4" eclass="HBEFA3/PC_G_EU4" CO2="14973.00" CO="241.94" HC="1.47" NOx="6.38" PMx="0.35" fuel="6.44" electricity="0.00" noise="75.59" route="routetop" type="cfm-slow" waiting="0.00" lane="left_0" pos="13.48" speed="26.01" angle="160.24" x="1.13" y="35.44"/>
        <vehicle id="cfm-slow_5" eclass="HBEFA3/PC_G_EU4" CO2="12079.66" CO="188.78" HC="1.16" NOx="4.98" PMx="0.28" fuel="5.19" electricity="0.00" noise="74.70" route="routetop" type="cfm-slow" waiting="0.00" lane="left_0" pos="34.79" speed="27.39" angle="121.94" x="32.08" y="2.75"/>
    </timestep>
    <timestep time="5.44">
        <vehicle id="cfm-fast_0" eclass="HBEFA3/PC_G_EU4" CO2="0.00" CO="0.00" HC="0.00" NOx="0.00" PMx="0.00" fuel="0.00" electricity="0.00" noise="72.85" route="routebottom" type="cfm-fast" waiting="0.00" lane="bottom_0" pos="7.75" speed="28.19" angle="80.47" x="80.28" y="-2.90"/>
        <vehicle id="cfm-fast_1" eclass="HBEFA3/PC_G_EU4" CO2="0.00" CO="0.00" HC="0.00" NOx="0.00" PMx="0.00" fuel="0.00" electricity="0.00" noise="71.47" route="routebottom" type="cfm-fast" waiting="0.00" lane="bottom_0" pos="27.20" speed="27.80" angle="45.56" x="115.40" y="18.61"/>
        <vehicle id="cfm-fast_2" eclass="HBEFA3/PC_G_EU4" CO2="0.00" CO="0.00" HC="0.00" NOx="0.00" PMx="0.00" fuel="0.00" electricity="0.00" noise="70.31" route="routebottom" type="cfm-fast" waiting="0.00" lane="bottom_0" pos="46.15" speed="26.10" angle="11.51" x="131.77" y="55.32"/>
        <vehicle id="cfm-fast_3" eclass="HBEFA3/PC_G_EU4" CO2="0.00" CO="0.00" HC="0.00" NOx="0.00" PMx="0.00" fuel="0.00" electricity="0.00" noise="69.19" route="routebottom" type="cfm-fast" waiting="0.00" lane="right_0" pos="13.29" speed="23.74" angle="340.54" x="126.35" y="91.52"/>
        <vehicle id="cfm-fast_4" eclass="HBEFA3/PC_G_EU4" CO2="298058.22" CO="7217.74" HC="40.40" NOx="139.13" PMx="8.25" fuel="128.12" electricity="0.00" noise="150.46" route="routetop" type="cfm-fast" waiting="0.00" lane="left_1" pos="9.67" speed="73.78" angle="167.03" x="1.36" y="44.10"/>
        <vehicle id="cfm-fast_5" eclass="HBEFA3/PC_G_EU4" CO2="0.00" CO="0.00" HC="0.00" NOx="0.00" PMx="0.00" fuel="0.00" electricity="0.00" noise="69.57" route="routebottom" type="cfm-fast" waiting="0.00" lane="right_0" pos="28.29" speed="21.76" angle="313.59" x="106.92" y="116.91"/>
        <vehicle id="cfm-slow_0" eclass="HBEFA3/PC_G_EU4" CO2="7987.85" CO="88.31" HC="0.60" NOx="3.19" PMx="0.16" fuel="3.43" electricity="0.00" noise="71.17" route="routebottom" type="cfm-slow" waiting="0.00" lane="right_0" pos="41.29" speed="21.51" angle="290.22" x="82.26" y="129.70"/>
        <vehicle id="cfm-slow_1" eclass="HBEFA3/PC_G_EU4" CO2="10126.82" CO="132.75" HC="0.85" NOx="4.18" PMx="0.22" fuel="4.35" electricity="0.00" noise="72.41" route="routetop" type="cfm-slow" waiting="0.00" lane="top_0" pos="8.01" speed="22.21" angle="260.01" x="46.53" y="130.09"/>
        <vehicle id="cfm-slow_2" eclass="HBEFA3/PC_G_EU4" CO2="12505.16" CO="183.04" HC="1.14" NOx="5.28" PMx="0.28" fuel="5.38" electricity="0.00" noise="73.86" route="routetop" type="cfm-slow" waiting="0.00" lane="top_0" pos="25.44" speed="23.22" angle="228.71" x="14.50" y="111.51"/>
        <vehicle id="cfm-slow_3" eclass="HBEFA3/PC_G_EU4" CO2="14502.35" CO="227.17" HC="1.39" NOx="6.19" PMx="0.34" fuel="6.23" electricity="0.00" noise="75.12" route="routetop" type="cfm-slow" waiting="0.00" lane="top_0" pos="43.91" speed="24.54" angle="195.55" x="-3.68" y="76.77"/>
        <vehicle id="cfm-slow_4" eclass="HBEFA3/PC_G_EU4" CO2="14940.64" CO="241.34" HC="1.47" NOx="6.36" PMx="0.35" fuel="6.42" electricity="0.00" noise="75.58" route="routetop" type="cfm-slow" waiting="0.00" lane="left_0" pos="13.74" speed="26.03" angle="159.75" x="1.36" y="34.93"/>
        <vehicle id="cfm-slow_5" eclass="HBEFA3/PC_G_EU4" CO2="12001.42" CO="187.22" HC="1.15" NOx="4.95" PMx="0.28" fuel="5.16" electricity="0.00" noise="74.67" route="routetop" type="cfm-slow" waiting="0.00" lane="left_0" pos="35.07" speed="27.40" angle="121.43" x="32.61" y="2.49"/>
    </timestep>
    <timestep time="5.45">
        <vehicle id="cfm-fast_0" eclass="HBEFA3/PC_G_EU4" CO2="0.00" CO="0.00" HC="0.00" NOx="0.00" PMx="0.00" fuel="0.00" electricity="0.00" noise="72.83" route="routebottom" type="cfm-fast" waiting="0.00" lane="bottom_0" pos="8.04" speed="28.19" angle="79.95" x="80.86" y="-2.74"/>
        <vehicle id="cfm-fast_1" eclass="HBEFA3/PC_G_EU4" CO2="0.00" CO="0.00" HC="0.00" NOx="0.00" PMx="0.00" fuel="0.00" electricity="0.00" noise="71.46" route="routebottom" type="cfm-fast" waiting="0.00" lane="bottom_0" pos="27.48" speed="27.79" angle="45.04" x="115.79" y="19.07"/>
        <vehicle id="cfm-fast_2" eclass="HBEFA3/PC_G_EU4" CO2="0.00" CO="0.00" HC="0.00" NOx="0.00" PMx="0.00" fuel="0.00" electricity="0.00" noise="70.30" route="routebottom" type="cfm-fast" waiting="0.00" lane="bottom_0" pos="46.42" speed="26.08" angle="11.05" x="131.83" y="55.87"/>
        <vehicle id="cfm-fast_3" eclass="HBEFA3/PC_G_EU4" CO2="0.00" CO="0.00" HC="0.00" NOx="0.00" PMx="0.00" fuel="0.00" electricity="0.00" noise="69.19" route="routebottom" type="cfm-fast" waiting="0.00" lane="right_0" pos="13.52" speed="23.73" angle="340.11" x="126.15" y="91.98"/>
        <vehicle id="cfm-fast_4" eclass="HBEFA3/PC_G_EU4" CO2="298683.35" CO="7236.61" HC="40.50" NOx="139.42" PMx="8.27" fuel="128.39" electricity="0.00" noise="150.53" route="routetop" type="cfm-fast" waiting="0.00" lane="left_1" pos="10.41" speed="73.92" angle="165.73" x="1.83" y="42.66"/>
        <vehicle id="cfm-fast_5" eclass="HBEFA3/PC_G_EU4" CO2="0.00" CO="0.00" HC="0.00" NOx="0.00" PMx="0.00" fuel="0.00" electricity="0.00" noise="69.58" route="routebottom" type="cfm-fast" waiting="0.00" lane="right_0" pos="28.51" speed="21.76" angle="313.20" x="106.55" y="117.20"/>
        <vehicle id="cfm-slow_0" eclass="HBEFA3/PC_G_EU4" CO2="8001.63" CO="88.59" HC="0.60" NOx="3.19" PMx="0.16" fuel="3.44" electricity="0.00" noise="71.18" route="routebottom" type="cfm-slow" waiting="0.00" lane="right_0" pos="41.51" speed="21.52" angle="289.83" x="81.81" y="129.82"/>
        <vehicle id="cfm-slow_1" eclass="HBEFA3/PC_G_EU4" CO2="10142.87" CO="133.10" HC="0.86" NOx="4.19" PMx="0.22" fuel="4.36" electricity="0.00" noise="72.42" route="routetop" type="cfm-slow" waiting="0.00" lane="top_0" pos="8.23" speed="22.22" angle="259.60" x="46.07" y="129.97"/>
        <vehicle id="cfm-slow_2" eclass="HBEFA3/PC_G_EU4" CO2="12517.84" CO="183.33" HC="1.14" NOx="5.28" PMx="0.28" fuel="5.38" electricity="0.00" noise="73.87" route="routetop" type="cfm-slow" waiting="0.00" lane="top_0" pos="25.67" speed="23.23" angle="228.35" x="14.14" y="111.15"/>
        <vehicle id="cfm-slow_3" eclass="HBEFA3/PC_G_EU4" CO2="14500.92" CO="227.18" HC="1.39" NOx="6.19" PMx="0.34" fuel="6.23" electricity="0.00" noise="75.12" route="routetop" type="cfm-slow" waiting="0.00" lane="top_0" pos="44.16" speed="24.55" angle="195.10" x="-3.78" y="76.26"/>
        <vehicle id="cfm-slow_4" eclass="HBEFA3/PC_G_EU4" CO2="14907.90" CO="240.72" HC="1.47" NOx="6.35" PMx="0.35" fuel="6.41" electricity="0.00" noise="75.57" route="routetop" type="cfm-slow" waiting="0.00" lane="left_0" pos="14.00" speed="26.04" angle="159.29" x="1.59" y="34.42"/>
        <vehicle id="cfm-slow_5" eclass="HBEFA3/PC_G_EU4" CO2="11922.94" CO="185.65" HC="1.14" NOx="4.91" PMx="0.28" fuel="5.13" electricity="0.00" noise="74.65" route="routetop" type="cfm-slow" waiting="0.00" lane="left_0" pos="35.34" speed="27.41" angle="120.93" x="33.14" y="2.23"/>
    </timestep>
    <timestep time="5.46">
        <vehicle id="cfm-fast_0" eclass="HBEFA3/PC_G_EU4" CO2="0.00" CO="0.00" HC="0.00" NOx="0.00" PMx="0.00" fuel="0.00" electricity="0.00" noise="72.81" route="routebottom" type="cfm-fast" waiting="0.00" lane="bottom_0" pos="8.32" speed="28.19" angle="79.43" x="81.45" y="-2.59"/>
        <vehicle id="cfm-fast_1" eclass="HBEFA3/PC_G_EU4" CO2="0.00" CO="0.00" HC="0.00" NOx="0.00" PMx="0.00" fuel="0.00" electricity="0.00" noise="71.45" route="routebottom" type="cfm-fast" waiting="0.00" lane="bottom_0" pos="27.75" speed="27.77" angle="44.52" x="116.17" y="19.53"/>
        <vehicle id="cfm-fast_2" eclass="HBEFA3/PC_G_EU4" CO2="0.00" CO="0.00" HC="0.00" NOx="0.00" PMx="0.00" fuel="0.00" electricity="0.00" noise="70.29" route="routebottom" type="cfm-fast" waiting="0.00" lane="bottom_0" pos="46.68" speed="26.06" angle="10.57" x="131.89" y="56.43"/>
        <vehicle id="cfm-fast_3" eclass="HBEFA3/PC_G_EU4" CO2="0.00" CO="0.00" HC="0.00" NOx="0.00" PMx="0.00" fuel="0.00" electricity="0.00" noise="69.18" route="routebottom" type="cfm-fast" waiting="0.00" lane="right_0" pos="13.76" speed="23.71" angle="339.68" x="125.94" y="92.45"/>
        <vehicle id="cfm-fast_4" eclass="HBEFA3/PC_G_EU4" CO2="299308.77" CO="7255.51" HC="40.61" NOx="139.71" PMx="8.29" fuel="128.66" electricity="0.00" noise="150.59" route="routetop" type="cfm-fast" waiting="0.00" lane="left_1" pos="11.15" speed="74.06" angle="164.35" x="2.34" y="41.23"/>
        <vehicle id="cfm-fast_5" eclass="HBEFA3/PC_G_EU4" CO2="0.00" CO="0.00" HC="0.00" NOx="0.00" PMx="0.00" fuel="0.00" electricity="0.00" noise="69.59" route="routebottom" type="cfm-fast" waiting="0.00" lane="right_0" pos="28.72" speed="21.76" angle="312.80" x="106.18" y="117.49"/>
        <vehicle id="cfm-slow_0" eclass="HBEFA3/PC_G_EU4" CO2="8015.49" CO="88.88" HC="0.60" NOx="3.20" PMx="0.16" fuel="3.45" electricity="0.00" noise="71.19" route="routebottom" type="cfm-slow" waiting="0.00" lane="right_0" pos="41.72" speed="21.53" angle="289.44" x="81.36" y="129.94"/>
        <vehicle id="cfm-slow_1" eclass="HBEFA3/PC_G_EU4" CO2="10158.96" CO="133.44" HC="0.86" NOx="4.19" PMx="0.22" fuel="4.37" electricity="0.00" noise="72.43" route="routetop" type="cfm-slow" waiting="0.00" lane="top_0" pos="8.45" speed="22.23" angle="259.20" x="45.61" y="129.84"/>
        <vehicle id="cfm-slow_2" eclass="HBEFA3/PC_G_EU4" CO2="12530.45" CO="183.61" HC="1.15" NOx="5.29" PMx="0.28" fuel="5.39" electricity="0.00" noise="73.88" route="routetop" type="cfm-slow" waiting="0.00" lane="top_0" pos="25.90" speed="23.25" angle="227.91" x="13.80" y="110.78"/>
        <vehicle id="cfm-slow_3" eclass="HBEFA3/PC_G_EU4" CO2="14499.28" CO="227.20" HC="1.39" NOx="6.19" PMx="0.34" fuel="6.23" electricity="0.00" noise="75.12" route="routetop" type="cfm-slow" waiting="0.00" lane="top_0" pos="44.40" speed="24.57" angle="194.64" x="-3.87" y="75.74"/>
        <vehicle id="cfm-slow_4" eclass="HBEFA3/PC_G_EU4" CO2="14874.80" CO="240.10" HC="1.46" NOx="6.33" PMx="0.35" fuel="6.39" electricity="0.00" noise="75.55" route="routetop" type="cfm-slow" waiting="0.00" lane="left_0" pos="14.26" speed="26.06" angle="158.84" x="1.84" y="33.91"/>
        <vehicle id="cfm-slow_5" eclass="HBEFA3/PC_G_EU4" CO2="11844.22" CO="184.08" HC="1.14" NOx="4.87" PMx="0.27" fuel="5.09" electricity="0.00" noise="74.62" route="routetop" type="cfm-slow" waiting="0.00" lane="left_0" pos="35.61" speed="27.42" angle="120.42" x="33.67" y="1.96"/>
    </timestep>
    <timestep time="5.47">
        <vehicle id="cfm-fast_0" eclass="HBEFA3/PC_G_EU4" CO2="0.00" CO="0.00" HC="0.00" NOx="0.00" PMx="0.00" fuel="0.00" electricity="0.00" noise="72.79" route="routebottom" type="cfm-fast" waiting="0.00" lane="bottom_0" pos="8.60" speed="28.19" angle="78.92" x="82.03" y="-2.43"/>
        <vehicle id="cfm-fast_1" eclass="HBEFA3/PC_G_EU4" CO2="0.00" CO="0.00" HC="0.00" NOx="0.00" PMx="0.00" fuel="0.00" electricity="0.00" noise="71.43" route="routebottom" type="cfm-fast" waiting="0.00" lane="bottom_0" pos="28.03" speed="27.76" angle="44.01" x="116.56" y="19.98"/>
        <vehicle id="cfm-fast_2" eclass="HBEFA3/PC_G_EU4" CO2="0.00" CO="0.00" HC="0.00" NOx="0.00" PMx="0.00" fuel="0.00" electricity="0.00" noise="70.28" route="routebottom" type="cfm-fast" waiting="0.00" lane="bottom_0" pos="46.94" speed="26.04" angle="10.10" x="131.94" y="56.99"/>
        <vehicle id="cfm-fast_3" eclass="HBEFA3/PC_G_EU4" CO2="0.00" CO="0.00" HC="0.00" NOx="0.00" PMx="0.00" fuel="0.00" electricity="0.00" noise="69.18" route="routebottom" type="cfm-fast" waiting="0.00" lane="right_0" pos="14.00" speed="23.70" angle="339.28" x="125.73" y="92.91"/>
        <vehicle id="cfm-fast_4" eclass="HBEFA3/PC_G_EU4" CO2="299934.48" CO="7274.43" HC="40.71" NOx="140.01" PMx="8.31" fuel="128.93" electricity="0.00" noise="150.66" route="routetop" type="cfm-fast" waiting="0.00" lane="left_1" pos="11.90" speed="74.19" angle="163.06" x="2.88" y="39.81"/>
        <vehicle id="cfm-fast_5" eclass="HBEFA3/PC_G_EU4" CO2="3540.55" CO="0.00" HC="0.07" NOx="1.08" PMx="0.04" fuel="1.52" electricity="0.00" noise="69.60" route="routebottom" type="cfm-fast" waiting="0.00" lane="right_0" pos="28.94" speed="21.76" angle="312.40" x="105.81" y="117.78"/>
        <vehicle id="cfm-slow_0" eclass="HBEFA3/PC_G_EU4" CO2="8029.42" CO="89.17" HC="0.60" NOx="3.20" PMx="0.16" fuel="3.45" electricity="0.00" noise="71.20" route="routebottom" type="cfm-slow" waiting="0.00" lane="right_0" pos="41.94" speed="21.54" angle="289.05" x="80.91" y="130.06"/>
        <vehicle id="cfm-slow_1" eclass="HBEFA3/PC_G_EU4" CO2="10175.07" CO="133.78" HC="0.86" NOx="4.20" PMx="0.22" fuel="4.37" electricity="0.00" noise="72.45" route="routetop" type="cfm-slow" waiting="0.00" lane="top_0" pos="8.67" speed="22.24" angle="258.79" x="45.14" y="129.72"/>
        <vehicle id="cfm-slow_2" eclass="HBEFA3/PC_G_EU4" CO2="12543.00" CO="183.90" HC="1.15" NOx="5.29" PMx="0.28" fuel="5.39" electricity="0.00" noise="73.89" route="routetop" type="cfm-slow" waiting="0.00" lane="top_0" pos="26.13" speed="23.26" angle="227.48" x="13.47" y="110.41"/>
        <vehicle id="cfm-slow_3" eclass="HBEFA3/PC_G_EU4" CO2="14497.41" CO="227.20" HC="1.39" NOx="6.19" PMx="0.34" fuel="6.23" electricity="0.00" noise="75.12" route="routetop" type="cfm-slow" waiting="0.00" lane="top_0" pos="44.65" speed="24.59" angle="194.18" x="-3.97" y="75.22"/>
        <vehicle id="cfm-slow_4" eclass="HBEFA3/PC_G_EU4" CO2="14841.32" CO="239.48" HC="1.46" NOx="6.32" PMx="0.35" fuel="6.38" electricity="0.00" noise="75.54" route="routetop" type="cfm-slow" waiting="0.00" lane="left_0" pos="14.52" speed="26.07" angle="158.35" x="2.09" y="33.41"/>
        <vehicle id="cfm-slow_5" eclass="HBEFA3/PC_G_EU4" CO2="11765.27" CO="182.51" HC="1.13" NOx="4.83" PMx="0.27" fuel="5.06" electricity="0.00" noise="74.60" route="routetop" type="cfm-slow" waiting="0.00" lane="left_0" pos="35.89" speed="27.43" angle="119.96" x="34.19" y="1.70"/>
    </timestep>
    <timestep time="5.48">
        <vehicle id="cfm-fast_0" eclass="HBEFA3/PC_G_EU4" CO2="0.00" CO="0.00" HC="0.00" NOx="0.00" PMx="0.00" fuel="0.00" electricity="0.00" noise="72.77" route="routebottom" type="cfm-fast" waiting="0.00" lane="bottom_0" pos="8.88" speed="28.18" angle="78.43" x="82.62" y="-2.27"/>
        <vehicle id="cfm-fast_1" eclass="HBEFA3/PC_G_EU4" CO2="0.00" CO="0.00" HC="0.00" NOx="0.00" PMx="0.00" fuel="0.00" electricity="0.00" noise="71.42" route="routebottom" type="cfm-fast" waiting="0.00" lane="bottom_0" pos="28.31" speed="27.75" angle="43.55" x="116.94" y="20.44"/>
        <vehicle id="cfm-fast_2" eclass="HBEFA3/PC_G_EU4" CO2="0.00" CO="0.00" HC="0.00" NOx="0.00" PMx="0.00" fuel="0.00" electricity="0.00" noise="70.27" route="routebottom" type="cfm-fast" waiting="0.00" lane="bottom_0" pos="47.20" speed="26.02" angle="9.62" x="132.00" y="57.55"/>
        <vehicle id="cfm-fast_3" eclass="HBEFA3/PC_G_EU4" CO2="0.00" CO="0.00" HC="0.00" NOx="0.00" PMx="0.00" fuel="0.00" electricity="0.00" noise="69.18" route="routebottom" type="cfm-fast" waiting="0.00" lane="right_0" pos="14.24" speed="23.68" angle="338.87" x="125.51" y="93.37"/>
        <vehicle id="cfm-fast_4" eclass="HBEFA3/PC_G_EU4" CO2="300560.49" CO="7293.37" HC="40.81" NOx="140.30" PMx="8.33" fuel="129.20" electricity="0.00" noise="150.72" route="routetop" type="cfm-fast" waiting="0.00" lane="left_1" pos="12.64" speed="74.33" angle="161.72" x="3.44" y="38.39"/>
        <vehicle id="cfm-fast_5" eclass="HBEFA3/PC_G_EU4" CO2="3570.49" CO="0.00" HC="0.07" NOx="1.10" PMx="0.05" fuel="1.53" electricity="0.00" noise="69.60" route="routebottom" type="cfm-fast" waiting="0.00" lane="right_0" pos="29.16" speed="21.76" angle="312.00" x="105.45" y="118.07"/>
        <vehicle id="cfm-slow_0" eclass="HBEFA3/PC_G_EU4" CO2="8043.44" CO="89.46" HC="0.60" NOx="3.21" PMx="0.16" fuel="3.46" electricity="0.00" noise="71.21" route="routebottom" type="cfm-slow" waiting="0.00" lane="right_0" pos="42.15" speed="21.55" angle="288.65" x="80.47" y="130.18"/>
        <vehicle id="cfm-slow_1" eclass="HBEFA3/PC_G_EU4" CO2="10191.22" CO="134.12" HC="0.86" NOx="4.21" PMx="0.22" fuel="4.38" electricity="0.00" noise="72.46" route="routetop" type="cfm-slow" waiting="0.00" lane="top_0" pos="8.90" speed="22.25" angle="258.42" x="44.68" y="129.60"/>
        <vehicle id="cfm-slow_2" eclass="HBEFA3/PC_G_EU4" CO2="12555.48" CO="184.18" HC="1.15" NOx="5.30" PMx="0.28" fuel="5.40" electricity="0.00" noise="73.90" route="routetop" type="cfm-slow" waiting="0.00" lane="top_0" pos="26.37" speed="23.28" angle="227.05" x="13.13" y="110.05"/>
        <vehicle id="cfm-slow_3" eclass="HBEFA3/PC_G_EU4" CO2="14495.31" CO="227.21" HC="1.39" NOx="6.19" PMx="0.34" fuel="6.23" electricity="0.00" noise="75.13" route="routetop" type="cfm-slow" waiting="0.00" lane="top_0" pos="44.90" speed="24.60" angle="193.79" x="-4.06" y="74.69"/>
        <vehicle id="cfm-slow_4" eclass="HBEFA3/PC_G_EU4" CO2="14807.47" CO="238.84" HC="1.46" NOx="6.30" PMx="0.35" fuel="6.37" electricity="0.00" noise="75.53" route="routetop" type="cfm-slow" waiting="0.00" lane="left_0" pos="14.78" speed="26.09" angle="157.86" x="2.34" y="32.91"/>
        <vehicle id="cfm-slow_5" eclass="HBEFA3/PC_G_EU4" CO2="11686.09" CO="180.93" HC="1.12" NOx="4.80" PMx="0.27" fuel="5.02" electricity="0.00" noise="74.57" route="routetop" type="cfm-slow" waiting="0.00" lane="left_0" pos="36.16" speed="27.44" angle="119.46" x="34.73" y="1.45"/>
    </timestep>
    <timestep time="5.49">
        <vehicle id="cfm-fast_0" eclass="HBEFA3/PC_G_EU4" CO2="0.00" CO="0.00" HC="0.00" NOx="0.00" PMx="0.00" fuel="0.00" electricity="0.00" noise="72.75" route="routebottom" type="cfm-fast" waiting="0.00" lane="bottom_0" pos="9.16" speed="28.18" angle="77.94" x="83.20" y="-2.10"/>
        <vehicle id="cfm-fast_1" eclass="HBEFA3/PC_G_EU4" CO2="0.00" CO="0.00" HC="0.00" NOx="0.00" PMx="0.00" fuel="0.00" electricity="0.00" noise="71.41" route="routebottom" type="cfm-fast" waiting="0.00" lane="bottom_0" pos="28.59" speed="27.73" angle="43.03" x="117.31" y="20.91"/>
        <vehicle id="cfm-fast_2" eclass="HBEFA3/PC_G_EU4" CO2="0.00" CO="0.00" HC="0.00" NOx="0.00" PMx="0.00" fuel="0.00" electricity="0.00" noise="70.26" route="routebottom" type="cfm-fast" waiting="0.00" lane="bottom_0" pos="47.46" speed="25.99" angle="9.20" x="132.06" y="58.10"/>
        <vehicle id="cfm-fast_3" eclass="HBEFA3/PC_G_EU4" CO2="0.00" CO="0.00" HC="0.00" NOx="0.00" PMx="0.00" fuel="0.00" electricity="0.00" noise="69.17" route="routebottom" type="cfm-fast" waiting="0.00" lane="right_0" pos="14.47" speed="23.67" angle="338.42" x="125.28" y="93.83"/>
        <vehicle id="cfm-fast_4" eclass="HBEFA3/PC_G_EU4" CO2="301186.78" CO="7312.33" HC="40.91" NOx="140.60" PMx="8.35" fuel="129.47" electricity="0.00" noise="150.79" route="routetop" type="cfm-fast" waiting="0.00" lane="left_1" pos="13.38" speed="74.47" angle="160.42" x="4.05" y="36.99"/>
        <vehicle id="cfm-fast_5" eclass="HBEFA3/PC_G_EU4" CO2="3600.41" CO="0.00" HC="0.08" NOx="1.11" PMx="0.05" fuel="1.55" electricity="0.00" noise="69.61" route="routebottom" type="cfm-fast" waiting="0.00" lane="right_0" pos="29.38" speed="21.76" angle="311.62" x="105.08" y="118.36"/>
        <vehicle id="cfm-slow_0" eclass="HBEFA3/PC_G_EU4" CO2="8057.53" CO="89.76" HC="0.61" NOx="3.22" PMx="0.16" fuel="3.46" electricity="0.00" noise="71.22" route="routebottom" type="cfm-slow" waiting="0.00" lane="right_0" pos="42.37" speed="21.56" angle="288.32" x="80.02" y="130.30"/>
        <vehicle id="cfm-slow_1" eclass="HBEFA3/PC_G_EU4" CO2="10207.38" CO="134.46" HC="0.86" NOx="4.22" PMx="0.22" fuel="4.39" electricity="0.00" noise="72.47" route="routetop" type="cfm-slow" waiting="0.00" lane="top_0" pos="9.12" speed="22.26" angle="258.04" x="44.22" y="129.46"/>
        <vehicle id="cfm-slow_2" eclass="HBEFA3/PC_G_EU4" CO2="12567.89" CO="184.46" HC="1.15" NOx="5.31" PMx="0.28" fuel="5.40" electricity="0.00" noise="73.91" route="routetop" type="cfm-slow" waiting="0.00" lane="top_0" pos="26.60" speed="23.29" angle="226.62" x="12.79" y="109.68"/>
        <vehicle id="cfm-slow_3" eclass="HBEFA3/PC_G_EU4" CO2="14492.99" CO="227.21" HC="1.39" NOx="6.18" PMx="0.34" fuel="6.23" electricity="0.00" noise="75.13" route="routetop" type="cfm-slow" waiting="0.00" lane="top_0" pos="45.14" speed="24.62" angle="193.34" x="-4.14" y="74.17"/>
        <vehicle id="cfm-slow_4" eclass="HBEFA3/PC_G_EU4" CO2="14773.25" CO="238.20" HC="1.45" NOx="6.28" PMx="0.35" fuel="6.35" electricity="0.00" noise="75.52" route="routetop" type="cfm-slow" waiting="0.00" lane="left_0" pos="15.04" speed="26.10" angle="157.37" x="2.59" y="32.41"/>
        <vehicle id="cfm-slow_5" eclass="HBEFA3/PC_G_EU4" CO2="11606.68" CO="179.34" HC="1.11" NOx="4.76" PMx="0.27" fuel="4.99" electricity="0.00" noise="74.55" route="routetop" type="cfm-slow" waiting="0.00" lane="left_0" pos="36.44" speed="27.45" angle="118.94" x="35.27" y="1.21"/>
    </timestep>
    <timestep time="5.50">
        <vehicle id="cfm-fast_0" eclass="HBEFA3/PC_G_EU4" CO2="0.00" CO="0.00" HC="0.00" NOx="0.00" PMx="0.00" fuel="0.00" electricity="0.00" noise="72.73" route="routebottom" type="cfm-fast" waiting="0.00" lane="bottom_0" pos="9.45" speed="28.18" angle="77.42" x="83.78" y="-1.92"/>
        <vehicle id="cfm-fast_1" eclass="HBEFA3/PC_G_EU4" CO2="0.00" CO="0.00" HC="0.00" NOx="0.00" PMx="0.00" fuel="0.00" electricity="0.00" noise="71.40" route="routebottom" type="cfm-fast" waiting="0.00" lane="bottom_0" pos="28.86" speed="27.72" angle="42.52" x="117.67" y="21.38"/>
        <vehicle id="cfm-fast_2" eclass="HBEFA3/PC_G_EU4" CO2="0.00" CO="0.00" HC="0.00" NOx="0.00" PMx="0.00" fuel="0.00" electricity="0.00" noise="70.25" route="routebottom" type="cfm-fast" waiting="0.00" lane="bottom_0" pos="47.72" speed="25.97" angle="8.72" x="132.09" y="58.66"/>
        <vehicle id="cfm-fast_3" eclass="HBEFA3/PC_G_EU4" CO2="0.00" CO="0.00" HC="0.00" NOx="0.00" PMx="0.00" fuel="0.00" electricity="0.00" noise="69.17" route="routebottom" type="cfm-fast" waiting="0.00" lane="right_0" pos="14.71" speed="23.65" angle="337.97" x="125.05" y="94.28"/>
        <vehicle id="cfm-fast_4" eclass="HBEFA3/PC_G_EU4" CO2="301813.37" CO="7331.32" HC="41.02" NOx="140.89" PMx="8.36" fuel="129.73" electricity="0.00" noise="150.86" route="routetop" type="cfm-fast" waiting="0.00" lane="left_1" pos="14.13" speed="74.60" angle="159.12" x="4.68" y="35.60"/>
        <vehicle id="cfm-fast_5" eclass="HBEFA3/PC_G_EU4" CO2="3630.31" CO="0.00" HC="0.08" NOx="1.12" PMx="0.05" fuel="1.56" electricity="0.00" noise="69.62" route="routebottom" type="cfm-fast" waiting="0.00" lane="right_0" pos="29.60" speed="21.76" angle="311.27" x="104.70" y="118.64"/>
        <vehicle id="cfm-slow_0" eclass="HBEFA3/PC_G_EU4" CO2="8071.70" CO="90.05" HC="0.61" NOx="3.22" PMx="0.16" fuel="3.47" electricity="0.00" noise="71.23" route="routebottom" type="cfm-slow" waiting="0.00" lane="right_0" pos="42.59" speed="21.56" angle="287.93" x="79.56" y="130.40"/>
        <vehicle id="cfm-slow_1" eclass="HBEFA3/PC_G_EU4" CO2="10223.57" CO="134.81" HC="0.87" NOx="4.22" PMx="0.22" fuel="4.39" electricity="0.00" noise="72.48" route="routetop" type="cfm-slow" waiting="0.00" lane="top_0" pos="9.34" speed="22.27" angle="257.64" x="43.76" y="129.32"/>
        <vehicle id="cfm-slow_2" eclass="HBEFA3/PC_G_EU4" CO2="12580.22" CO="184.74" HC="1.15" NOx="5.31" PMx="0.28" fuel="5.41" electricity="0.00" noise="73.92" route="routetop" type="cfm-slow" waiting="0.00" lane="top_0" pos="26.83" speed="23.31" angle="226.21" x="12.45" y="109.31"/>
        <vehicle id="cfm-slow_3" eclass="HBEFA3/PC_G_EU4" CO2="14490.43" CO="227.20" HC="1.39" NOx="6.18" PMx="0.34" fuel="6.23" electricity="0.00" noise="75.13" route="routetop" type="cfm-slow" waiting="0.00" lane="top_0" pos="45.39" speed="24.64" angle="192.89" x="-4.21" y="73.64"/>
        <vehicle id="cfm-slow_4" eclass="HBEFA3/PC_G_EU4" CO2="14738.67" CO="237.55" HC="1.45" NOx="6.27" PMx="0.35" fuel="6.34" electricity="0.00" noise="75.50" route="routetop" type="cfm-slow" waiting="0.00" lane="left_0" pos="15.30" speed="26.12" angle="156.92" x="2.84" y="31.90"/>
        <vehicle id="cfm-slow_5" eclass="HBEFA3/PC_G_EU4" CO2="11527.06" CO="177.75" HC="1.10" NOx="4.72" PMx="0.27" fuel="4.95" electricity="0.00" noise="74.52" route="routetop" type="cfm-slow" waiting="0.00" lane="left_0" pos="36.71" speed="27.46" angle="118.43" x="35.81" y="0.97"/>
    </timestep>
    <timestep time="5.51">
        <vehicle id="cfm-fast_0" eclass="HBEFA3/PC_G_EU4" CO2="0.00" CO="0.00" HC="0.00" NOx="0.00" PMx="0.00" fuel="0.00" electricity="0.00" noise="72.71" route="routebottom" type="cfm-fast" waiting="0.00" lane="bottom_0" pos="9.73" speed="28.18" angle="76.90" x="84.36" y="-1.74"/>
        <vehicle id="cfm-fast_1" eclass="HBEFA3/PC_G_EU4" CO2="0.00" CO="0.00" HC="0.00" NOx="0.00" PMx="0.00" fuel="0.00" electricity="0.00" noise="71.39" route="routebottom" type="cfm-fast" waiting="0.00" lane="bottom_0" pos="29.14" speed="27.70" angle="42.01" x="118.04" y="21.85"/>
        <vehicle id="cfm-fast_2" eclass="HBEFA3/PC_G_EU4" CO2="0.00" CO="0.00" HC="0.00" NOx="0.00" PMx="0.00" fuel="0.00" electricity="0.00" noise="70.24" route="routebottom" type="cfm-fast" waiting="0.00" lane="bottom_0" pos="47.98" speed="25.95" angle="8.23" x="132.12" y="59.22"/>
        <vehicle id="cfm-fast_3" eclass="HBEFA3/PC_G_EU4" CO2="0.00" CO="0.00" HC="0.00" NOx="0.00" PMx="0.00" fuel="0.00" electricity="0.00" noise="69.16" route="routebottom" type="cfm-fast" waiting="0.00" lane="right_0" pos="14.95" speed="23.64" angle="337.52" x="124.82" y="94.74"/>
        <vehicle id="cfm-fast_4" eclass="HBEFA3/PC_G_EU4" CO2="302440.25" CO="7350.32" HC="41.12" NOx="141.18" PMx="8.38" fuel="130.00" electricity="0.00" noise="150.92" route="routetop" type="cfm-fast" waiting="0.00" lane="left_1" pos="14.88" speed="74.74" angle="157.73" x="5.37" y="34.23"/>
        <vehicle id="cfm-fast_5" eclass="HBEFA3/PC_G_EU4" CO2="3660.19" CO="0.00" HC="0.09" NOx="1.14" PMx="0.05" fuel="1.57" electricity="0.00" noise="69.63" route="routebottom" type="cfm-fast" waiting="0.00" lane="right_0" pos="29.81" speed="21.76" angle="310.86" x="104.32" y="118.91"/>
        <vehicle id="cfm-slow_0" eclass="HBEFA3/PC_G_EU4" CO2="8085.95" CO="90.35" HC="0.61" NOx="3.23" PMx="0.16" fuel="3.48" electricity="0.00" noise="71.24" route="routebottom" type="cfm-slow" waiting="0.00" lane="right_0" pos="42.80" speed="21.57" angle="287.53" x="79.11" y="130.50"/>
        <vehicle id="cfm-slow_1" eclass="HBEFA3/PC_G_EU4" CO2="10239.79" CO="135.15" HC="0.87" NOx="4.23" PMx="0.22" fuel="4.40" electricity="0.00" noise="72.49" route="routetop" type="cfm-slow" waiting="0.00" lane="top_0" pos="9.56" speed="22.29" angle="257.23" x="43.31" y="129.18"/>
        <vehicle id="cfm-slow_2" eclass="HBEFA3/PC_G_EU4" CO2="12592.47" CO="185.02" HC="1.15" NOx="5.32" PMx="0.28" fuel="5.41" electricity="0.00" noise="73.93" route="routetop" type="cfm-slow" waiting="0.00" lane="top_0" pos="27.07" speed="23.32" angle="225.81" x="12.12" y="108.93"/>
        <vehicle id="cfm-slow_3" eclass="HBEFA3/PC_G_EU4" CO2="14487.64" CO="227.19" HC="1.39" NOx="6.18" PMx="0.34" fuel="6.23" electricity="0.00" noise="75.13" route="routetop" type="cfm-slow" waiting="0.00" lane="top_0" pos="45.64" speed="24.65" angle="192.43" x="-4.28" y="73.12"/>
        <vehicle id="cfm-slow_4" eclass="HBEFA3/PC_G_EU4" CO2="14703.71" CO="236.89" HC="1.45" NOx="6.25" PMx="0.35" fuel="6.32" electricity="0.00" noise="75.49" route="routetop" type="cfm-slow" waiting="0.00" lane="left_0" pos="15.56" speed="26.13" angle="156.47" x="3.11" y="31.41"/>
        <vehicle id="cfm-slow_5" eclass="HBEFA3/PC_G_EU4" CO2="11447.23" CO="176.15" HC="1.09" NOx="4.68" PMx="0.26" fuel="4.92" electricity="0.00" noise="74.49" route="routetop" type="cfm-slow" waiting="0.00" lane="left_0" pos="36.99" speed="27.47" angle="117.91" x="36.35" y="0.73"/>
    </timestep>
    <timestep time="5.52">
        <vehicle id="cfm-fast_0" eclass="HBEFA3/PC_G_EU4" CO2="0.00" CO="0.00" HC="0.00" NOx="0.00" PMx="0.00" fuel="0.00" electricity="0.00" noise="72.69" route="routebottom" type="cfm-fast" waiting="0.00" lane="bottom_0" pos="10.01" speed="28.18" angle="76.38" x="84.94" y="-1.56"/>
        <vehicle id="cfm-fast_1" eclass="HBEFA3/PC_G_EU4" CO2="0.00" CO="0.00" HC="0.00" NOx="0.00" PMx="0.00" fuel="0.00" electricity="0.00" noise="71.38" route="routebottom" type="cfm-fast" waiting="0.00" lane="bottom_0" pos="29.42" speed="27.69" angle="41.52" x="118.41" y="22.32"/>
        <vehicle id="cfm-fast_2" eclass="HBEFA3/PC_G_EU4" CO2="0.00" CO="0.00" HC="0.00" NOx="0.00" PMx="0.00" fuel="0.00" electricity="0.00" noise="70.23" route="routebottom" type="cfm-fast" waiting="0.00" lane="bottom_0" pos="48.24" speed="25.93" angle="7.74" x="132.15" y="59.77"/>
        <vehicle id="cfm-fast_3" eclass="HBEFA3/PC_G_EU4" CO2="0.00" CO="0.00" HC="0.00" NOx="0.00" PMx="0.00" fuel="0.00" electricity="0.00" noise="69.16" route="routebottom" type="cfm-fast" waiting="0.00" lane="right_0" pos="15.18" speed="23.62" angle="337.07" x="124.60" y="95.19"/>
        <vehicle id="cfm-fast_4" eclass="HBEFA3/PC_G_EU4" CO2="303067.43" CO="7369.35" HC="41.22" NOx="141.48" PMx="8.40" fuel="130.27" electricity="0.00" noise="150.99" route="routetop" type="cfm-fast" waiting="0.00" lane="left_1" pos="15.63" speed="74.88" angle="156.41" x="6.07" y="32.86"/>
        <vehicle id="cfm-fast_5" eclass="HBEFA3/PC_G_EU4" CO2="3690.05" CO="0.00" HC="0.09" NOx="1.15" PMx="0.05" fuel="1.59" electricity="0.00" noise="69.64" route="routebottom" type="cfm-fast" waiting="0.00" lane="right_0" pos="30.03" speed="21.76" angle="310.46" x="103.94" y="119.18"/>
        <vehicle id="cfm-slow_0" eclass="HBEFA3/PC_G_EU4" CO2="8100.27" CO="90.64" HC="0.61" NOx="3.24" PMx="0.16" fuel="3.48" electricity="0.00" noise="71.24" route="routebottom" type="cfm-slow" waiting="0.00" lane="right_0" pos="43.02" speed="21.58" angle="287.14" x="78.66" y="130.60"/>
        <vehicle id="cfm-slow_1" eclass="HBEFA3/PC_G_EU4" CO2="10256.02" CO="135.50" HC="0.87" NOx="4.24" PMx="0.22" fuel="4.41" electricity="0.00" noise="72.50" route="routetop" type="cfm-slow" waiting="0.00" lane="top_0" pos="9.79" speed="22.30" angle="256.83" x="42.85" y="129.03"/>
        <vehicle id="cfm-slow_2" eclass="HBEFA3/PC_G_EU4" CO2="12604.65" CO="185.30" HC="1.16" NOx="5.32" PMx="0.28" fuel="5.42" electricity="0.00" noise="73.93" route="routetop" type="cfm-slow" waiting="0.00" lane="top_0" pos="27.30" speed="23.34" angle="225.37" x="11.79" y="108.55"/>
        <vehicle id="cfm-slow_3" eclass="HBEFA3/PC_G_EU4" CO2="14484.62" CO="227.17" HC="1.39" NOx="6.18" PMx="0.34" fuel="6.23" electricity="0.00" noise="75.13" route="routetop" type="cfm-slow" waiting="0.00" lane="top_0" pos="45.88" speed="24.67" angle="191.98" x="-4.36" y="72.59"/>
        <vehicle id="cfm-slow_4" eclass="HBEFA3/PC_G_EU4" CO2="14668.39" CO="236.23" HC="1.44" NOx="6.23" PMx="0.34" fuel="6.31" electricity="0.00" noise="75.48" route="routetop" type="cfm-slow" waiting="0.00" lane="left_0" pos="15.82" speed="26.15" angle="155.99" x="3.38" y="30.92"/>
        <vehicle id="cfm-slow_5" eclass="HBEFA3/PC_G_EU4" CO2="11367.20" CO="174.55" HC="1.08" NOx="4.65" PMx="0.26" fuel="4.89" electricity="0.00" noise="74.47" route="routetop" type="cfm-slow" waiting="0.00" lane="left_0" pos="37.26" speed="27.48" angle="117.48" x="36.89" y="0.49"/>
    </timestep>
    <timestep time="5.53">
        <vehicle id="cfm-fast_0" eclass="HBEFA3/PC_G_EU4" CO2="0.00" CO="0.00" HC="0.00" NOx="0.00" PMx="0.00" fuel="0.00" electricity="0.00" noise="72.67" route="routebottom" type="cfm-fast" waiting="0.00" lane="bottom_0" pos="10.29" speed="28.17" angle="75.93" x="85.52" y="-1.38"/>
        <vehicle id="cfm-fast_1" eclass="HBEFA3/PC_G_EU4" CO2="0.00" CO="0.00" HC="0.00" NOx="0.00" PMx="0.00" fuel="0.00" electricity="0.00" noise="71.36" route="routebottom" type="cfm-fast" waiting="0.00" lane="bottom_0" pos="29.69" speed="27.67" angle="41.05" x="118.76" y="22.80"/>
        <vehicle id="cfm-fast_2" eclass="HBEFA3/PC_G_EU4" CO2="0.00" CO="0.00" HC="0.00" NOx="0.00" PMx="0.00" fuel="0.00" electricity="0.00" noise="70.22" route="routebottom" type="cfm-fast" waiting="0.00" lane="bottom_0" pos="48.49" speed="25.91" angle="7.26" x="132.19" y="60.33"/>
        <vehicle id="cfm-fast_3" eclass="HBEFA3/PC_G_EU4" CO2="0.00" CO="0.00" HC="0.00" NOx="0.00" PMx="0.00" fuel="0.00" electricity="0.00" noise="69.16" route="routebottom" type="cfm-fast" waiting="0.00" lane="right_0" pos="15.42" speed="23.61" angle="336.70" x="124.36" y="95.64"/>
        <vehicle id="cfm-fast_4" eclass="HBEFA3/PC_G_EU4" CO2="303694.89" CO="7388.40" HC="41.32" NOx="141.77" PMx="8.42" fuel="130.54" electricity="0.00" noise="151.05" route="routetop" type="cfm-fast" waiting="0.00" lane="left_1" pos="16.38" speed="75.01" angle="155.03" x="6.82" y="31.52"/>
        <vehicle id="cfm-fast_5" eclass="HBEFA3/PC_G_EU4" CO2="3719.88" CO="0.54" HC="0.09" NOx="1.17" PMx="0.05" fuel="1.60" electricity="0.00" noise="69.65" route="routebottom" type="cfm-fast" waiting="0.00" lane="right_0" pos="30.25" speed="21.76" angle="310.05" x="103.56" y="119.46"/>
        <vehicle id="cfm-slow_0" eclass="HBEFA3/PC_G_EU4" CO2="8114.67" CO="90.94" HC="0.61" NOx="3.24" PMx="0.16" fuel="3.49" electricity="0.00" noise="71.25" route="routebottom" type="cfm-slow" waiting="0.00" lane="right_0" pos="43.23" speed="21.59" angle="286.75" x="78.21" y="130.70"/>
        <vehicle id="cfm-slow_1" eclass="HBEFA3/PC_G_EU4" CO2="10272.28" CO="135.84" HC="0.87" NOx="4.25" PMx="0.22" fuel="4.42" electricity="0.00" noise="72.51" route="routetop" type="cfm-slow" waiting="0.00" lane="top_0" pos="10.01" speed="22.31" angle="256.42" x="42.39" y="128.89"/>
        <vehicle id="cfm-slow_2" eclass="HBEFA3/PC_G_EU4" CO2="12616.75" CO="185.57" HC="1.16" NOx="5.33" PMx="0.28" fuel="5.42" electricity="0.00" noise="73.94" route="routetop" type="cfm-slow" waiting="0.00" lane="top_0" pos="27.53" speed="23.35" angle="224.94" x="11.46" y="108.17"/>
        <vehicle id="cfm-slow_3" eclass="HBEFA3/PC_G_EU4" CO2="14481.36" CO="227.15" HC="1.39" NOx="6.18" PMx="0.34" fuel="6.22" electricity="0.00" noise="75.13" route="routetop" type="cfm-slow" waiting="0.00" lane="top_0" pos="46.13" speed="24.68" angle="191.55" x="-4.43" y="72.07"/>
        <vehicle id="cfm-slow_4" eclass="HBEFA3/PC_G_EU4" CO2="14632.70" CO="235.55" HC="1.44" NOx="6.22" PMx="0.34" fuel="6.29" electricity="0.00" noise="75.46" route="routetop" type="cfm-slow" waiting="0.00" lane="left_0" pos="16.09" speed="26.16" angle="155.51" x="3.65" y="30.42"/>
        <vehicle id="cfm-slow_5" eclass="HBEFA3/PC_G_EU4" CO2="11286.96" CO="172.95" HC="1.07" NOx="4.61" PMx="0.26" fuel="4.85" electricity="0.00" noise="74.44" route="routetop" type="cfm-slow" waiting="0.00" lane="left_0" pos="37.54" speed="27.49" angle="116.97" x="37.44" y="0.27"/>
    </timestep>
    <timestep time="5.54">
        <vehicle id="cfm-fast_0" eclass="HBEFA3/PC_G_EU4" CO2="0.00" CO="0.00" HC="0.00" NOx="0.00" PMx="0.00" fuel="0.00" electricity="0.00" noise="72.65" route="routebottom" type="cfm-fast" waiting="0.00" lane="bottom_0" pos="10.57" speed="28.17" angle="75.41" x="86.09" y="-1.17"/>
        <vehicle id="cfm-fast_1" eclass="HBEFA3/PC_G_EU4" CO2="0.00" CO="0.00" HC="0.00" NOx="0.00" PMx="0.00" fuel="0.00" electricity="0.00" noise="71.35" route="routebottom" type="cfm-fast" waiting="0.00" lane="bottom_0" pos="29.97" speed="27.66" angle="40.54" x="119.11" y="23.28"/>
        <vehicle id="cfm-fast_2" eclass="HBEFA3/PC_G_EU4" CO2="0.00" CO="0.00" HC="0.00" NOx="0.00" PMx="0.00" fuel="0.00" electricity="0.00" noise="70.21" route="routebottom" type="cfm-fast" waiting="0.00" lane="bottom_0" pos="48.75" speed="25.89" angle="6.83" x="132.22" y="60.89"/>
        <vehicle id="cfm-fast_3" eclass="HBEFA3/PC_G_EU4" CO2="0.00" CO="0.00" HC="0.00" NOx="0.00" PMx="0.00" fuel="0.00" electricity="0.00" noise="69.16" route="routebottom" type="cfm-fast" waiting="0.00" lane="right_0" pos="15.65" speed="23.59" angle="336.27" x="124.12" y="96.09"/>
        <vehicle id="cfm-fast_4" eclass="HBEFA3/PC_G_EU4" CO2="304322.65" CO="7407.46" HC="41.43" NOx="142.07" PMx="8.44" fuel="130.81" electricity="0.00" noise="151.12" route="routetop" type="cfm-fast" waiting="0.00" lane="left_1" pos="17.13" speed="75.15" angle="153.68" x="7.60" y="30.19"/>
        <vehicle id="cfm-fast_5" eclass="HBEFA3/PC_G_EU4" CO2="3749.70" CO="1.15" HC="0.10" NOx="1.18" PMx="0.05" fuel="1.61" electricity="0.00" noise="69.66" route="routebottom" type="cfm-fast" waiting="0.00" lane="right_0" pos="30.47" speed="21.76" angle="309.65" x="103.18" y="119.73"/>
        <vehicle id="cfm-slow_0" eclass="HBEFA3/PC_G_EU4" CO2="8129.13" CO="91.24" HC="0.61" NOx="3.25" PMx="0.16" fuel="3.49" electricity="0.00" noise="71.26" route="routebottom" type="cfm-slow" waiting="0.00" lane="right_0" pos="43.45" speed="21.60" angle="286.35" x="77.75" y="130.81"/>
        <vehicle id="cfm-slow_1" eclass="HBEFA3/PC_G_EU4" CO2="10288.55" CO="136.19" HC="0.87" NOx="4.25" PMx="0.22" fuel="4.42" electricity="0.00" noise="72.52" route="routetop" type="cfm-slow" waiting="0.00" lane="top_0" pos="10.23" speed="22.32" angle="256.08" x="41.93" y="128.75"/>
        <vehicle id="cfm-slow_2" eclass="HBEFA3/PC_G_EU4" CO2="12628.77" CO="185.85" HC="1.16" NOx="5.33" PMx="0.28" fuel="5.43" electricity="0.00" noise="73.95" route="routetop" type="cfm-slow" waiting="0.00" lane="top_0" pos="27.77" speed="23.36" angle="224.50" x="11.14" y="107.79"/>
        <vehicle id="cfm-slow_3" eclass="HBEFA3/PC_G_EU4" CO2="14477.86" CO="227.13" HC="1.39" NOx="6.18" PMx="0.34" fuel="6.22" electricity="0.00" noise="75.13" route="routetop" type="cfm-slow" waiting="0.00" lane="top_0" pos="46.38" speed="24.70" angle="191.13" x="-4.49" y="71.54"/>
        <vehicle id="cfm-slow_4" eclass="HBEFA3/PC_G_EU4" CO2="14596.64" CO="234.87" HC="1.43" NOx="6.20" PMx="0.34" fuel="6.27" electricity="0.00" noise="75.45" route="routetop" type="cfm-slow" waiting="0.00" lane="left_0" pos="16.35" speed="26.18" angle="155.02" x="3.93" y="29.93"/>
        <vehicle id="cfm-slow_5" eclass="HBEFA3/PC_G_EU4" CO2="11206.52" CO="171.34" HC="1.06" NOx="4.57" PMx="0.26" fuel="4.82" electricity="0.00" noise="74.42" route="routetop" type="cfm-slow" waiting="0.00" lane="left_0" pos="37.81" speed="27.50" angle="116.47" x="37.99" y="0.05"/>
    </timestep>
    <timestep time="5.55">
        <vehicle id="cfm-fast_0" eclass="HBEFA3/PC_G_EU4" CO2="0.00" CO="0.00" HC="0.00" NOx="0.00" PMx="0.00" fuel="0.00" electricity="0.00" noise="72.63" route="routebottom" type="cfm-fast" waiting="0.00" lane="bottom_0" pos="10.85" speed="28.17" angle="74.88" x="86.66" y="-0.97"/>
        <vehicle id="cfm-fast_1" eclass="HBEFA3/PC_G_EU4" CO2="0.00" CO="0.00" HC="0.00" NOx="0.00" PMx="0.00" fuel="0.00" electricity="0.00" noise="71.34" route="routebottom" type="cfm-fast" waiting="0.00" lane="bottom_0" pos="30.25" speed="27.64" angle="40.03" x="119.46" y="23.76"/>
        <vehicle id="cfm-fast_2" eclass="HBEFA3/PC_G_EU4" CO2="0.00" CO="0.00" HC="0.00" NOx="0.00" PMx="0.00" fuel="0.00" electricity="0.00" noise="70.20" route="routebottom" type="cfm-fast" waiting="0.00" lane="bottom_0" pos="49.01" speed="25.87" angle="6.35" x="132.23" y="61.44"/>
        <vehicle id="cfm-fast_3" eclass="HBEFA3/PC_G_EU4" CO2="0.00" CO="0.00" HC="0.00" NOx="0.00" PMx="0.00" fuel="0.00" electricity="0.00" noise="69.15" route="routebottom" type="cfm-fast" waiting="0.00" lane="right_0" pos="15.89" speed="23.58" angle="335.85" x="123.87" y="96.53"/>
        <vehicle id="cfm-fast_4" eclass="HBEFA3/PC_G_EU4" CO2="304950.70" CO="7426.56" HC="41.53" NOx="142.36" PMx="8.46" fuel="131.08" electricity="0.00" noise="151.19" route="routetop" type="cfm-fast" waiting="0.00" lane="left_1" pos="17.88" speed="75.28" angle="152.31" x="8.39" y="28.86"/>
        <vehicle id="cfm-fast_5" eclass="HBEFA3/PC_G_EU4" CO2="3779.49" CO="1.77" HC="0.10" NOx="1.19" PMx="0.05" fuel="1.62" electricity="0.00" noise="69.67" route="routebottom" type="cfm-fast" waiting="0.00" lane="right_0" pos="30.68" speed="21.77" angle="309.26" x="102.80" y="120.00"/>
        <vehicle id="cfm-slow_0" eclass="HBEFA3/PC_G_EU4" CO2="8143.67" CO="91.55" HC="0.62" NOx="3.26" PMx="0.16" fuel="3.50" electricity="0.00" noise="71.27" route="routebottom" type="cfm-slow" waiting="0.00" lane="right_0" pos="43.67" speed="21.60" angle="286.01" x="77.30" y="130.91"/>
        <vehicle id="cfm-slow_1" eclass="HBEFA3/PC_G_EU4" CO2="10304.84" CO="136.54" HC="0.88" NOx="4.26" PMx="0.22" fuel="4.43" electricity="0.00" noise="72.53" route="routetop" type="cfm-slow" waiting="0.00" lane="top_0" pos="10.46" speed="22.33" angle="255.66" x="41.48" y="128.59"/>
        <vehicle id="cfm-slow_2" eclass="HBEFA3/PC_G_EU4" CO2="12640.70" CO="186.12" HC="1.16" NOx="5.34" PMx="0.28" fuel="5.43" electricity="0.00" noise="73.96" route="routetop" type="cfm-slow" waiting="0.00" lane="top_0" pos="28.00" speed="23.38" angle="224.06" x="10.81" y="107.40"/>
        <vehicle id="cfm-slow_3" eclass="HBEFA3/PC_G_EU4" CO2="14474.12" CO="227.10" HC="1.39" NOx="6.17" PMx="0.34" fuel="6.22" electricity="0.00" noise="75.13" route="routetop" type="cfm-slow" waiting="0.00" lane="top_0" pos="46.62" speed="24.72" angle="190.67" x="-4.54" y="71.01"/>
        <vehicle id="cfm-slow_4" eclass="HBEFA3/PC_G_EU4" CO2="14560.22" CO="234.18" HC="1.43" NOx="6.18" PMx="0.34" fuel="6.26" electricity="0.00" noise="75.43" route="routetop" type="cfm-slow" waiting="0.00" lane="left_0" pos="16.61" speed="26.19" angle="154.58" x="4.20" y="29.44"/>
        <vehicle id="cfm-slow_5" eclass="HBEFA3/PC_G_EU4" CO2="11125.90" CO="169.72" HC="1.05" NOx="4.53" PMx="0.26" fuel="4.78" electricity="0.00" noise="74.39" route="routetop" type="cfm-slow" waiting="0.00" lane="left_0" pos="38.09" speed="27.50" angle="115.96" x="38.54" y="-0.17"/>
    </timestep>
    <timestep time="5.56">
        <vehicle id="cfm-fast_0" eclass="HBEFA3/PC_G_EU4" CO2="0.00" CO="0.00" HC="0.00" NOx="0.00" PMx="0.00" fuel="0.00" electricity="0.00" noise="72.61" route="routebottom" type="cfm-fast" waiting="0.00" lane="bottom_0" pos="11.14" speed="28.17" angle="74.35" x="87.23" y="-0.76"/>
        <vehicle id="cfm-fast_1" eclass="HBEFA3/PC_G_EU4" CO2="0.00" CO="0.00" HC="0.00" NOx="0.00" PMx="0.00" fuel="0.00" electricity="0.00" noise="71.33" route="routebottom" type="cfm-fast" waiting="0.00" lane="bottom_0" pos="30.52" speed="27.63" angle="39.53" x="119.81" y="24.25"/>
        <vehicle id="cfm-fast_2" eclass="HBEFA3/PC_G_EU4" CO2="0.00" CO="0.00" HC="0.00" NOx="0.00" PMx="0.00" fuel="0.00" electricity="0.00" noise="70.19" route="routebottom" type="cfm-fast" waiting="0.00" lane="bottom_0" pos="49.27" speed="25.85" angle="5.87" x="132.24" y="62.00"/>
        <vehicle id="cfm-fast_3" eclass="HBEFA3/PC_G_EU4" CO2="0.00" CO="0.00" HC="0.00" NOx="0.00" PMx="0.00" fuel="0.00" electricity="0.00" noise="69.15" route="routebottom" type="cfm-fast" waiting="0.00" lane="right_0" pos="16.12" speed="23.56" angle="335.42" x="123.63" y="96.97"/>
        <vehicle id="cfm-fast_4" eclass="HBEFA3/PC_G_EU4" CO2="305579.04" CO="7445.67" HC="41.63" NOx="142.66" PMx="8.48" fuel="131.35" electricity="0.00" noise="151.25" route="routetop" type="cfm-fast" waiting="0.00" lane="left_1" pos="18.64" speed="75.42" angle="150.90" x="9.24" y="27.57"/>
        <vehicle id="cfm-fast_5" eclass="HBEFA3/PC_G_EU4" CO2="3809.26" CO="2.38" HC="0.10" NOx="1.21" PMx="0.05" fuel="1.64" electricity="0.00" noise="69.68" route="routebottom" type="cfm-fast" waiting="0.00" lane="right_0" pos="30.90" speed="21.77" angle="308.91" x="102.42" y="120.27"/>
        <vehicle id="cfm-slow_0" eclass="HBEFA3/PC_G_EU4" CO2="8158.29" CO="91.85" HC="0.62" NOx="3.26" PMx="0.16" fuel="3.51" electricity="0.00" noise="71.28" route="routebottom" type="cfm-slow" waiting="0.00" lane="right_0" pos="43.88" speed="21.61" angle="285.60" x="76.84" y="130.99"/>
        <vehicle id="cfm-slow_1" eclass="HBEFA3/PC_G_EU4" CO2="10321.15" CO="136.88" HC="0.88" NOx="4.27" PMx="0.22" fuel="4.44" electricity="0.00" noise="72.55" route="routetop" type="cfm-slow" waiting="0.00" lane="top_0" pos="10.68" speed="22.34" angle="255.24" x="41.03" y="128.42"/>
        <vehicle id="cfm-slow_2" eclass="HBEFA3/PC_G_EU4" CO2="12652.55" CO="186.39" HC="1.16" NOx="5.34" PMx="0.29" fuel="5.44" electricity="0.00" noise="73.97" route="routetop" type="cfm-slow" waiting="0.00" lane="top_0" pos="28.23" speed="23.39" angle="223.70" x="10.49" y="107.02"/>
        <vehicle id="cfm-slow_3" eclass="HBEFA3/PC_G_EU4" CO2="14470.14" CO="227.06" HC="1.39" NOx="6.17" PMx="0.34" fuel="6.22" electricity="0.00" noise="75.13" route="routetop" type="cfm-slow" waiting="0.00" lane="top_0" pos="46.87" speed="24.73" angle="190.22" x="-4.60" y="70.48"/>
        <vehicle id="cfm-slow_4" eclass="HBEFA3/PC_G_EU4" CO2="14523.42" CO="233.49" HC="1.43" NOx="6.16" PMx="0.34" fuel="6.24" electricity="0.00" noise="75.42" route="routetop" type="cfm-slow" waiting="0.00" lane="left_0" pos="16.87" speed="26.21" angle="154.12" x="4.49" y="28.95"/>
        <vehicle id="cfm-slow_5" eclass="HBEFA3/PC_G_EU4" CO2="11045.08" CO="168.10" HC="1.04" NOx="4.49" PMx="0.25" fuel="4.75" electricity="0.00" noise="74.37" route="routetop" type="cfm-slow" waiting="0.00" lane="left_0" pos="38.36" speed="27.51" angle="115.46" x="39.09" y="-0.39"/>
    </timestep>
    <timestep time="5.57">
        <vehicle id="cfm-fast_0" eclass="HBEFA3/PC_G_EU4" CO2="0.00" CO="0.00" HC="0.00" NOx="0.00" PMx="0.00" fuel="0.00" electricity="0.00" noise="72.59" route="routebottom" type="cfm-fast" waiting="0.00" lane="bottom_0" pos="11.42" speed="28.16" angle="73.85" x="87.80" y="-0.56"/>
        <vehicle id="cfm-fast_1" eclass="HBEFA3/PC_G_EU4" CO2="0.00" CO="0.00" HC="0.00" NOx="0.00" PMx="0.00" fuel="0.00" electricity="0.00" noise="71.32" route="routebottom" type="cfm-fast" waiting="0.00" lane="bottom_0" pos="30.80" speed="27.61" angle="39.08" x="120.15" y="24.73"/>
        <vehicle id="cfm-fast_2" eclass="HBEFA3/PC_G_EU4" CO2="0.00" CO="0.00" HC="0.00" NOx="0.00" PMx="0.00" fuel="0.00" electricity="0.00" noise="70.18" route="routebottom" type="cfm-fast" waiting="0.00" lane="bottom_0" pos="49.53" speed="25.83" angle="5.38" x="132.25" y="62.56"/>
        <vehicle id="cfm-fast_3" eclass="HBEFA3/PC_G_EU4" CO2="0.00" CO="0.00" HC="0.00" NOx="0.00" PMx="0.00" fuel="0.00" electricity="0.00" noise="69.15" route="routebottom" type="cfm-fast" waiting="0.00" lane="right_0" pos="16.36" speed="23.55" angle="334.99" x="123.38" y="97.42"/>
        <vehicle id="cfm-fast_4" eclass="HBEFA3/PC_G_EU4" CO2="306207.67" CO="7464.80" HC="41.74" NOx="142.95" PMx="8.50" fuel="131.62" electricity="0.00" noise="151.32" route="routetop" type="cfm-fast" waiting="0.00" lane="left_1" pos="19.39" speed="75.56" angle="149.54" x="10.11" y="26.29"/>
        <vehicle id="cfm-fast_5" eclass="HBEFA3/PC_G_EU4" CO2="3839.00" CO="2.99" HC="0.11" NOx="1.22" PMx="0.05" fuel="1.65" electricity="0.00" noise="69.69" route="routebottom" type="cfm-fast" waiting="0.00" lane="right_0" pos="31.12" speed="21.77" angle="308.51" x="102.03" y="120.53"/>
        <vehicle id="cfm-slow_0" eclass="HBEFA3/PC_G_EU4" CO2="8172.97" CO="92.16" HC="0.62" NOx="3.27" PMx="0.17" fuel="3.51" electricity="0.00" noise="71.29" route="routebottom" type="cfm-slow" waiting="0.00" lane="right_0" pos="44.10" speed="21.62" angle="285.18" x="76.38" y="131.07"/>
        <vehicle id="cfm-slow_1" eclass="HBEFA3/PC_G_EU4" CO2="10337.47" CO="137.23" HC="0.88" NOx="4.28" PMx="0.22" fuel="4.44" electricity="0.00" noise="72.56" route="routetop" type="cfm-slow" waiting="0.00" lane="top_0" pos="10.90" speed="22.35" angle="254.81" x="40.57" y="128.26"/>
        <vehicle id="cfm-slow_2" eclass="HBEFA3/PC_G_EU4" CO2="12664.31" CO="186.66" HC="1.16" NOx="5.35" PMx="0.29" fuel="5.44" electricity="0.00" noise="73.98" route="routetop" type="cfm-slow" waiting="0.00" lane="top_0" pos="28.47" speed="23.41" angle="223.27" x="10.17" y="106.62"/>
        <vehicle id="cfm-slow_3" eclass="HBEFA3/PC_G_EU4" CO2="14465.91" CO="227.02" HC="1.39" NOx="6.17" PMx="0.34" fuel="6.22" electricity="0.00" noise="75.13" route="routetop" type="cfm-slow" waiting="0.00" lane="top_0" pos="47.12" speed="24.75" angle="189.76" x="-4.65" y="69.95"/>
        <vehicle id="cfm-slow_4" eclass="HBEFA3/PC_G_EU4" CO2="14486.27" CO="232.78" HC="1.42" NOx="6.14" PMx="0.34" fuel="6.23" electricity="0.00" noise="75.41" route="routetop" type="cfm-slow" waiting="0.00" lane="left_0" pos="17.13" speed="26.22" angle="153.63" x="4.78" y="28.47"/>
        <vehicle id="cfm-slow_5" eclass="HBEFA3/PC_G_EU4" CO2="10964.09" CO="166.48" HC="1.03" NOx="4.45" PMx="0.25" fuel="4.71" electricity="0.00" noise="74.34" route="routetop" type="cfm-slow" waiting="0.00" lane="left_0" pos="38.64" speed="27.52" angle="115.00" x="39.64" y="-0.60"/>
    </timestep>
    <timestep time="5.58">
        <vehicle id="cfm-fast_0" eclass="HBEFA3/PC_G_EU4" CO2="0.00" CO="0.00" HC="0.00" NOx="0.00" PMx="0.00" fuel="0.00" electricity="0.00" noise="72.57" route="routebottom" type="cfm-fast" waiting="0.00" lane="bottom_0" pos="11.70" speed="28.16" angle="73.39" x="88.36" y="-0.34"/>
        <vehicle id="cfm-fast_1" eclass="HBEFA3/PC_G_EU4" CO2="0.00" CO="0.00" HC="0.00" NOx="0.00" PMx="0.00" fuel="0.00" electricity="0.00" noise="71.31" route="routebottom" type="cfm-fast" waiting="0.00" lane="bottom_0" pos="31.08" speed="27.60" angle="38.58" x="120.48" y="25.22"/>
        <vehicle id="cfm-fast_2" eclass="HBEFA3/PC_G_EU4" CO2="0.00" CO="0.00" HC="0.00" NOx="0.00" PMx="0.00" fuel="0.00" electricity="0.00" noise="70.17" route="routebottom" type="cfm-fast" waiting="0.00" lane="bottom_0" pos="49.79" speed="25.81" angle="4.90" x="132.26" y="63.11"/>
        <vehicle id="cfm-fast_3" eclass="HBEFA3/PC_G_EU4" CO2="0.00" CO="0.00" HC="0.00" NOx="0.00" PMx="0.00" fuel="0.00" electricity="0.00" noise="69.14" route="routebottom" type="cfm-fast" waiting="0.00" lane="right_0" pos="16.60" speed="23.53" angle="334.60" x="123.14" y="97.86"/>
        <vehicle id="cfm-fast_4" eclass="HBEFA3/PC_G_EU4" CO2="306836.60" CO="7483.96" HC="41.84" NOx="143.25" PMx="8.52" fuel="131.89" electricity="0.00" noise="151.38" route="routetop" type="cfm-fast" waiting="0.00" lane="left_1" pos="20.15" speed="75.69" angle="148.15" x="11.02" y="25.03"/>
        <vehicle id="cfm-fast_5" eclass="HBEFA3/PC_G_EU4" CO2="3868.73" CO="3.61" HC="0.11" NOx="1.24" PMx="0.05" fuel="1.66" electricity="0.00" noise="69.70" route="routebottom" type="cfm-fast" waiting="0.00" lane="right_0" pos="31.34" speed="21.77" angle="308.12" x="101.64" y="120.79"/>
        <vehicle id="cfm-slow_0" eclass="HBEFA3/PC_G_EU4" CO2="8187.72" CO="92.46" HC="0.62" NOx="3.28" PMx="0.17" fuel="3.52" electricity="0.00" noise="71.30" route="routebottom" type="cfm-slow" waiting="0.00" lane="right_0" pos="44.31" speed="21.63" angle="284.77" x="75.93" y="131.16"/>
        <vehicle id="cfm-slow_1" eclass="HBEFA3/PC_G_EU4" CO2="10353.80" CO="137.58" HC="0.88" NOx="4.28" PMx="0.22" fuel="4.45" electricity="0.00" noise="72.57" route="routetop" type="cfm-slow" waiting="0.00" lane="top_0" pos="11.13" speed="22.37" angle="254.39" x="40.12" y="128.10"/>
        <vehicle id="cfm-slow_2" eclass="HBEFA3/PC_G_EU4" CO2="12675.98" CO="186.93" HC="1.16" NOx="5.35" PMx="0.29" fuel="5.45" electricity="0.00" noise="73.99" route="routetop" type="cfm-slow" waiting="0.00" lane="top_0" pos="28.70" speed="23.42" angle="222.84" x="9.86" y="106.23"/>
        <vehicle id="cfm-slow_3" eclass="HBEFA3/PC_G_EU4" CO2="14461.44" CO="226.98" HC="1.39" NOx="6.17" PMx="0.34" fuel="6.22" electricity="0.00" noise="75.13" route="routetop" type="cfm-slow" waiting="0.00" lane="top_0" pos="47.37" speed="24.76" angle="189.32" x="-4.71" y="69.42"/>
        <vehicle id="cfm-slow_4" eclass="HBEFA3/PC_G_EU4" CO2="14448.75" CO="232.07" HC="1.42" NOx="6.13" PMx="0.34" fuel="6.21" electricity="0.00" noise="75.39" route="routetop" type="cfm-slow" waiting="0.00" lane="left_0" pos="17.40" speed="26.24" angle="153.15" x="5.07" y="27.98"/>
        <vehicle id="cfm-slow_5" eclass="HBEFA3/PC_G_EU4" CO2="10882.92" CO="164.85" HC="1.02" NOx="4.42" PMx="0.25" fuel="4.68" electricity="0.00" noise="74.32" route="routetop" type="cfm-slow" waiting="0.00" lane="left_0" pos="38.91" speed="27.53" angle="114.50" x="40.20" y="-0.80"/>
    </timestep>
    <timestep time="5.59">
        <vehicle id="cfm-fast_0" eclass="HBEFA3/PC_G_EU4" CO2="0.00" CO="0.00" HC="0.00" NOx="0.00" PMx="0.00" fuel="0.00" electricity="0.00" noise="72.56" route="routebottom" type="cfm-fast" waiting="0.00" lane="bottom_0" pos="11.98" speed="28.16" angle="72.89" x="88.93" y="-0.12"/>
        <vehicle id="cfm-fast_1" eclass="HBEFA3/PC_G_EU4" CO2="0.00" CO="0.00" HC="0.00" NOx="0.00" PMx="0.00" fuel="0.00" electricity="0.00" noise="71.30" route="routebottom" type="cfm-fast" waiting="0.00" lane="bottom_0" pos="31.35" speed="27.58" angle="38.09" x="120.81" y="25.72"/>
        <vehicle id="cfm-fast_2" eclass="HBEFA3/PC_G_EU4" CO2="0.00" CO="0.00" HC="0.00" NOx="0.00" PMx="0.00" fuel="0.00" electricity="0.00" noise="70.16" route="routebottom" type="cfm-fast" waiting="0.00" lane="right_0" pos="0.04" speed="25.79" angle="4.39" x="132.27" y="63.86"/>
        <vehicle id="cfm-fast_3" eclass="HBEFA3/PC_G_EU4" CO2="0.00" CO="0.00" HC="0.00" NOx="0.00" PMx="0.00" fuel="0.00" electricity="0.00" noise="69.14" route="routebottom" type="cfm-fast" waiting="0.00" lane="right_0" pos="16.83" speed="23.52" angle="334.19" x="122.88" y="98.30"/>
        <vehicle id="cfm-fast_4" eclass="HBEFA3/PC_G_EU4" CO2="307465.81" CO="7503.14" HC="41.94" NOx="143.54" PMx="8.53" fuel="132.16" electricity="0.00" noise="151.45" route="routetop" type="cfm-fast" waiting="0.00" lane="left_1" pos="20.91" speed="75.83" angle="146.84" x="11.95" y="23.79"/>
        <vehicle id="cfm-fast_5" eclass="HBEFA3/PC_G_EU4" CO2="3898.42" CO="4.22" HC="0.11" NOx="1.25" PMx="0.05" fuel="1.68" electricity="0.00" noise="69.71" route="routebottom" type="cfm-fast" waiting="0.00" lane="right_0" pos="31.55" speed="21.77" angle="307.73" x="101.25" y="121.05"/>
        <vehicle id="cfm-slow_0" eclass="HBEFA3/PC_G_EU4" CO2="8202.54" CO="92.77" HC="0.62" NOx="3.28" PMx="0.17" fuel="3.53" electricity="0.00" noise="71.31" route="routebottom" type="cfm-slow" waiting="0.00" lane="right_0" pos="44.53" speed="21.64" angle="284.36" x="75.47" y="131.24"/>
        <vehicle id="cfm-slow_1" eclass="HBEFA3/PC_G_EU4" CO2="10370.15" CO="137.93" HC="0.88" NOx="4.29" PMx="0.22" fuel="4.46" electricity="0.00" noise="72.58" route="routetop" type="cfm-slow" waiting="0.00" lane="top_0" pos="11.35" speed="22.38" angle="253.97" x="39.67" y="127.93"/>
        <vehicle id="cfm-slow_2" eclass="HBEFA3/PC_G_EU4" CO2="12687.56" CO="187.19" HC="1.17" NOx="5.36" PMx="0.29" fuel="5.45" electricity="0.00" noise="74.00" route="routetop" type="cfm-slow" waiting="0.00" lane="top_0" pos="28.94" speed="23.44" angle="222.42" x="9.55" y="105.83"/>
        <vehicle id="cfm-slow_3" eclass="HBEFA3/PC_G_EU4" CO2="14456.73" CO="226.93" HC="1.39" NOx="6.16" PMx="0.34" fuel="6.21" electricity="0.00" noise="75.13" route="routetop" type="cfm-slow" waiting="0.00" lane="top_0" pos="47.61" speed="24.78" angle="188.90" x="-4.75" y="68.89"/>
        <vehicle id="cfm-slow_4" eclass="HBEFA3/PC_G_EU4" CO2="14410.87" CO="231.35" HC="1.41" NOx="6.11" PMx="0.34" fuel="6.19" electricity="0.00" noise="75.38" route="routetop" type="cfm-slow" waiting="0.00" lane="left_0" pos="17.66" speed="26.25" angle="152.67" x="5.36" y="27.50"/>
        <vehicle id="cfm-slow_5" eclass="HBEFA3/PC_G_EU4" CO2="10801.59" CO="163.22" HC="1.01" NOx="4.38" PMx="0.25" fuel="4.64" electricity="0.00" noise="74.29" route="routetop" type="cfm-slow" waiting="0.00" lane="left_0" pos="39.19" speed="27.54" angle="113.99" x="40.76" y="-1.00"/>
    </timestep>
    <timestep time="5.60">
        <vehicle id="cfm-fast_0" eclass="HBEFA3/PC_G_EU4" CO2="0.00" CO="0.00" HC="0.00" NOx="0.00" PMx="0.00" fuel="0.00" electricity="0.00" noise="72.54" route="routebottom" type="cfm-fast" waiting="0.00" lane="bottom_0" pos="12.26" speed="28.15" angle="72.38" x="89.49" y="0.11"/>
        <vehicle id="cfm-fast_1" eclass="HBEFA3/PC_G_EU4" CO2="0.00" CO="0.00" HC="0.00" NOx="0.00" PMx="0.00" fuel="0.00" electricity="0.00" noise="71.29" route="routebottom" type="cfm-fast" waiting="0.00" lane="bottom_0" pos="31.63" speed="27.57" angle="37.59" x="121.14" y="26.21"/>
        <vehicle id="cfm-fast_2" eclass="HBEFA3/PC_G_EU4" CO2="0.00" CO="0.00" HC="0.00" NOx="0.00" PMx="0.00" fuel="0.00" electricity="0.00" noise="70.15" route="routebottom" type="cfm-fast" waiting="0.00" lane="right_0" pos="0.30" speed="25.77" angle="3.92" x="132.26" y="64.41"/>
        <vehicle id="cfm-fast_3" eclass="HBEFA3/PC_G_EU4" CO2="0.00" CO="0.00" HC="0.00" NOx="0.00" PMx="0.00" fuel="0.00" electricity="0.00" noise="69.14" route="routebottom" type="cfm-fast" waiting="0.00" lane="right_0" pos="17.07" speed="23.51" angle="333.77" x="122.62" y="98.73"/>
        <vehicle id="cfm-fast_4" eclass="HBEFA3/PC_G_EU4" CO2="308095.32" CO="7522.34" HC="42.05" NOx="143.84" PMx="8.55" fuel="132.43" electricity="0.00" noise="151.51" route="routetop" type="cfm-fast" waiting="0.00" lane="left_1" pos="21.67" speed="75.97" angle="145.47" x="12.91" y="22.56"/>
        <vehicle id="cfm-fast_5" eclass="HBEFA3/PC_G_EU4" CO2="3928.10" CO="4.83" HC="0.12" NOx="1.26" PMx="0.05" fuel="1.69" electricity="0.00" noise="69.72" route="routebottom" type="cfm-fast" waiting="0.00" lane="right_0" pos="31.77" speed="21.77" angle="307.34" x="100.86" y="121.31"/>
        <vehicle id="cfm-slow_0" eclass="HBEFA3/PC_G_EU4" CO2="8217.42" CO="93.08" HC="0.63" NOx="3.29" PMx="0.17" fuel="3.53" electricity="0.00" noise="71.32" route="routebottom" type="cfm-slow" waiting="0.00" lane="right_0" pos="44.75" speed="21.65" angle="283.95" x="75.01" y="131.33"/>
        <vehicle id="cfm-slow_1" eclass="HBEFA3/PC_G_EU4" CO2="10386.50" CO="138.28" HC="0.89" NOx="4.30" PMx="0.22" fuel="4.46" electricity="0.00" noise="72.59" route="routetop" type="cfm-slow" waiting="0.00" lane="top_0" pos="11.57" speed="22.39" angle="253.61" x="39.22" y="127.77"/>
        <vehicle id="cfm-slow_2" eclass="HBEFA3/PC_G_EU4" CO2="12699.05" CO="187.46" HC="1.17" NOx="5.36" PMx="0.29" fuel="5.46" electricity="0.00" noise="74.01" route="routetop" type="cfm-slow" waiting="0.00" lane="top_0" pos="29.17" speed="23.45" angle="221.99" x="9.24" y="105.43"/>
        <vehicle id="cfm-slow_3" eclass="HBEFA3/PC_G_EU4" CO2="14451.76" CO="226.88" HC="1.39" NOx="6.16" PMx="0.34" fuel="6.21" electricity="0.00" noise="75.13" route="routetop" type="cfm-slow" waiting="0.00" lane="top_0" pos="47.86" speed="24.79" angle="188.43" x="-4.78" y="68.36"/>
        <vehicle id="cfm-slow_4" eclass="HBEFA3/PC_G_EU4" CO2="14372.62" CO="230.63" HC="1.41" NOx="6.09" PMx="0.34" fuel="6.18" electricity="0.00" noise="75.36" route="routetop" type="cfm-slow" waiting="0.00" lane="left_0" pos="17.92" speed="26.26" angle="152.25" x="5.65" y="27.01"/>
        <vehicle id="cfm-slow_5" eclass="HBEFA3/PC_G_EU4" CO2="10720.09" CO="161.59" HC="1.00" NOx="4.34" PMx="0.25" fuel="4.61" electricity="0.00" noise="74.27" route="routetop" type="cfm-slow" waiting="0.00" lane="left_0" pos="39.46" speed="27.55" angle="113.48" x="41.31" y="-1.20"/>
    </timestep>
    <timestep time="5.61">
        <vehicle id="cfm-fast_0" eclass="HBEFA3/PC_G_EU4" CO2="0.00" CO="0.00" HC="0.00" NOx="0.00" PMx="0.00" fuel="0.00" electricity="0.00" noise="72.52" route="routebottom" type="cfm-fast" waiting="0.00" lane="bottom_0" pos="12.54" speed="28.15" angle="71.88" x="90.05" y="0.33"/>
        <vehicle id="cfm-fast_1" eclass="HBEFA3/PC_G_EU4" CO2="0.00" CO="0.00" HC="0.00" NOx="0.00" PMx="0.00" fuel="0.00" electricity="0.00" noise="71.27" route="routebottom" type="cfm-fast" waiting="0.00" lane="bottom_0" pos="31.90" speed="27.55" angle="37.10" x="121.47" y="26.70"/>
        <vehicle id="cfm-fast_2" eclass="HBEFA3/PC_G_EU4" CO2="0.00" CO="0.00" HC="0.00" NOx="0.00" PMx="0.00" fuel="0.00" electricity="0.00" noise="70.14" route="routebottom" type="cfm-fast" waiting="0.00" lane="right_0" pos="0.56" speed="25.74" angle="3.46" x="132.25" y="64.96"/>
        <vehicle id="cfm-fast_3" eclass="HBEFA3/PC_G_EU4" CO2="0.00" CO="0.00" HC="0.00" NOx="0.00" PMx="0.00" fuel="0.00" electricity="0.00" noise="69.14" route="routebottom" type="cfm-fast" waiting="0.00" lane="right_0" pos="17.30" speed="23.49" angle="333.35" x="122.36" y="99.16"/>
        <vehicle id="cfm-fast_4" eclass="HBEFA3/PC_G_EU4" CO2="308725.12" CO="7541.56" HC="42.15" NOx="144.13" PMx="8.57" fuel="132.71" electricity="0.00" noise="151.58" route="routetop" type="cfm-fast" waiting="0.00" lane="left_1" pos="22.43" speed="76.10" angle="144.10" x="13.91" y="21.37"/>
        <vehicle id="cfm-fast_5" eclass="HBEFA3/PC_G_EU4" CO2="3957.75" CO="5.44" HC="0.12" NOx="1.28" PMx="0.06" fuel="1.70" electricity="0.00" noise="69.73" route="routebottom" type="cfm-fast" waiting="0.00" lane="right_0" pos="31.99" speed="21.77" angle="306.98" x="100.47" y="121.57"/>
        <vehicle id="cfm-slow_0" eclass="HBEFA3/PC_G_EU4" CO2="8232.37" CO="93.39" HC="0.63" NOx="3.30" PMx="0.17" fuel="3.54" electricity="0.00" noise="71.33" route="routebottom" type="cfm-slow" waiting="0.00" lane="right_0" pos="44.96" speed="21.65" angle="283.62" x="74.55" y="131.41"/>
        <vehicle id="cfm-slow_1" eclass="HBEFA3/PC_G_EU4" CO2="10402.87" CO="138.62" HC="0.89" NOx="4.30" PMx="0.22" fuel="4.47" electricity="0.00" noise="72.60" route="routetop" type="cfm-slow" waiting="0.00" lane="top_0" pos="11.80" speed="22.40" angle="253.21" x="38.77" y="127.59"/>
        <vehicle id="cfm-slow_2" eclass="HBEFA3/PC_G_EU4" CO2="12710.44" CO="187.72" HC="1.17" NOx="5.37" PMx="0.29" fuel="5.46" electricity="0.00" noise="74.01" route="routetop" type="cfm-slow" waiting="0.00" lane="top_0" pos="29.41" speed="23.46" angle="221.58" x="8.93" y="105.03"/>
        <vehicle id="cfm-slow_3" eclass="HBEFA3/PC_G_EU4" CO2="14446.55" CO="226.82" HC="1.39" NOx="6.16" PMx="0.34" fuel="6.21" electricity="0.00" noise="75.13" route="routetop" type="cfm-slow" waiting="0.00" lane="top_0" pos="48.11" speed="24.81" angle="187.96" x="-4.81" y="67.82"/>
        <vehicle id="cfm-slow_4" eclass="HBEFA3/PC_G_EU4" CO2="14334.02" CO="229.89" HC="1.40" NOx="6.07" PMx="0.34" fuel="6.16" electricity="0.00" noise="75.35" route="routetop" type="cfm-slow" waiting="0.00" lane="left_0" pos="18.18" speed="26.28" angle="151.76" x="5.96" y="26.54"/>
        <vehicle id="cfm-slow_5" eclass="HBEFA3/PC_G_EU4" CO2="10638.43" CO="159.95" HC="1.00" NOx="4.30" PMx="0.24" fuel="4.57" electricity="0.00" noise="74.24" route="routetop" type="cfm-slow" waiting="0.00" lane="left_0" pos="39.74" speed="27.55" angle="113.03" x="41.87" y="-1.40"/>
    </timestep>
    <timestep time="5.62">
        <vehicle id="cfm-fast_0" eclass="HBEFA3/PC_G_EU4" CO2="0.00" CO="0.00" HC="0.00" NOx="0.00" PMx="0.00" fuel="0.00" electricity="0.00" noise="72.50" route="routebottom" type="cfm-fast" waiting="0.00" lane="bottom_0" pos="12.83" speed="28.15" angle="71.43" x="90.61" y="0.56"/>
        <vehicle id="cfm-fast_1" eclass="HBEFA3/PC_G_EU4" CO2="0.00" CO="0.00" HC="0.00" NOx="0.00" PMx="0.00" fuel="0.00" electricity="0.00" noise="71.26" route="routebottom" type="cfm-fast" waiting="0.00" lane="bottom_0" pos="32.18" speed="27.54" angle="36.66" x="121.79" y="27.20"/>
        <vehicle id="cfm-fast_2" eclass="HBEFA3/PC_G_EU4" CO2="0.00" CO="0.00" HC="0.00" NOx="0.00" PMx="0.00" fuel="0.00" electricity="0.00" noise="70.13" route="routebottom" type="cfm-fast" waiting="0.00" lane="right_0" pos="0.82" speed="25.72" angle="2.99" x="132.24" y="65.52"/>
        <vehicle id="cfm-fast_3" eclass="HBEFA3/PC_G_EU4" CO2="0.00" CO="0.00" HC="0.00" NOx="0.00" PMx="0.00" fuel="0.00" electricity="0.00" noise="69.13" route="routebottom" type="cfm-fast" waiting="0.00" lane="right_0" pos="17.54" speed="23.48" angle="332.92" x="122.10" y="99.60"/>
        <vehicle id="cfm-fast_4" eclass="HBEFA3/PC_G_EU4" CO2="309355.21" CO="7560.80" HC="42.25" NOx="144.43" PMx="8.59" fuel="132.98" electricity="0.00" noise="151.65" route="routetop" type="cfm-fast" waiting="0.00" lane="left_1" pos="23.19" speed="76.24" angle="142.76" x="14.93" y="20.18"/>
        <vehicle id="cfm-fast_5" eclass="HBEFA3/PC_G_EU4" CO2="3987.37" CO="6.05" HC="0.12" NOx="1.29" PMx="0.06" fuel="1.71" electricity="0.00" noise="69.74" route="routebottom" type="cfm-fast" waiting="0.00" lane="right_0" pos="32.21" speed="21.77" angle="306.61" x="100.07" y="121.82"/>
        <vehicle id="cfm-slow_0" eclass="HBEFA3/PC_G_EU4" CO2="8247.39" CO="93.71" HC="0.63" NOx="3.30" PMx="0.17" fuel="3.55" electricity="0.00" noise="71.34" route="routebottom" type="cfm-slow" waiting="0.00" lane="right_0" pos="45.18" speed="21.66" angle="283.23" x="74.09" y="131.47"/>
        <vehicle id="cfm-slow_1" eclass="HBEFA3/PC_G_EU4" CO2="10419.24" CO="138.97" HC="0.89" NOx="4.31" PMx="0.22" fuel="4.48" electricity="0.00" noise="72.61" route="routetop" type="cfm-slow" waiting="0.00" lane="top_0" pos="12.02" speed="22.41" angle="252.80" x="38.32" y="127.41"/>
        <vehicle id="cfm-slow_2" eclass="HBEFA3/PC_G_EU4" CO2="12721.74" CO="187.98" HC="1.17" NOx="5.37" PMx="0.29" fuel="5.47" electricity="0.00" noise="74.02" route="routetop" type="cfm-slow" waiting="0.00" lane="top_0" pos="29.64" speed="23.48" angle="221.19" x="8.63" y="104.63"/>
        <vehicle id="cfm-slow_3" eclass="HBEFA3/PC_G_EU4" CO2="14441.08" CO="226.75" HC="1.39" NOx="6.15" PMx="0.33" fuel="6.21" electricity="0.00" noise="75.13" route="routetop" type="cfm-slow" waiting="0.00" lane="top_0" pos="48.36" speed="24.83" angle="187.48" x="-4.84" y="67.29"/>
        <vehicle id="cfm-slow_4" eclass="HBEFA3/PC_G_EU4" CO2="14295.05" CO="229.15" HC="1.40" NOx="6.05" PMx="0.34" fuel="6.14" electricity="0.00" noise="75.33" route="routetop" type="cfm-slow" waiting="0.00" lane="left_0" pos="18.45" speed="26.29" angle="151.27" x="6.27" y="26.07"/>
        <vehicle id="cfm-slow_5" eclass="HBEFA3/PC_G_EU4" CO2="10556.61" CO="158.30" HC="0.99" NOx="4.26" PMx="0.24" fuel="4.54" electricity="0.00" noise="74.22" route="routetop" type="cfm-slow" waiting="0.00" lane="left_0" pos="40.01" speed="27.56" angle="112.52" x="42.44" y="-1.58"/>
    </timestep>
    <timestep time="5.63">
        <vehicle id="cfm-fast_0" eclass="HBEFA3/PC_G_EU4" CO2="0.00" CO="0.00" HC="0.00" NOx="0.00" PMx="0.00" fuel="0.00" electricity="0.00" noise="72.48" route="routebottom" type="cfm-fast" waiting="0.00" lane="bottom_0" pos="13.11" speed="28.14" angle="70.91" x="91.16" y="0.81"/>
        <vehicle id="cfm-fast_1" eclass="HBEFA3/PC_G_EU4" CO2="0.00" CO="0.00" HC="0.00" NOx="0.00" PMx="0.00" fuel="0.00" electricity="0.00" noise="71.25" route="routebottom" type="cfm-fast" waiting="0.00" lane="bottom_0" pos="32.45" speed="27.52" angle="36.15" x="122.09" y="27.71"/>
        <vehicle id="cfm-fast_2" eclass="HBEFA3/PC_G_EU4" CO2="0.00" CO="0.00" HC="0.00" NOx="0.00" PMx="0.00" fuel="0.00" electricity="0.00" noise="70.12" route="routebottom" type="cfm-fast" waiting="0.00" lane="right_0" pos="1.07" speed="25.70" angle="2.52" x="132.23" y="66.07"/>
        <vehicle id="cfm-fast_3" eclass="HBEFA3/PC_G_EU4" CO2="0.00" CO="0.00" HC="0.00" NOx="0.00" PMx="0.00" fuel="0.00" electricity="0.00" noise="69.13" route="routebottom" type="cfm-fast" waiting="0.00" lane="right_0" pos="17.77" speed="23.46" angle="332.50" x="121.84" y="100.03"/>
        <vehicle id="cfm-fast_4" eclass="HBEFA3/PC_G_EU4" CO2="309985.60" CO="7580.06" HC="42.36" NOx="144.72" PMx="8.61" fuel="133.25" electricity="0.00" noise="151.71" route="routetop" type="cfm-fast" waiting="0.00" lane="left_1" pos="23.95" speed="76.38" angle="141.38" x="16.00" y="19.03"/>
        <vehicle id="cfm-fast_5" eclass="HBEFA3/PC_G_EU4" CO2="4016.97" CO="6.66" HC="0.13" NOx="1.31" PMx="0.06" fuel="1.73" electricity="0.00" noise="69.75" route="routebottom" type="cfm-fast" waiting="0.00" lane="right_0" pos="32.42" speed="21.77" angle="306.20" x="99.67" y="122.06"/>
        <vehicle id="cfm-slow_0" eclass="HBEFA3/PC_G_EU4" CO2="8262.47" CO="94.02" HC="0.63" NOx="3.31" PMx="0.17" fuel="3.55" electricity="0.00" noise="71.35" route="routebottom" type="cfm-slow" waiting="0.00" lane="right_0" pos="45.40" speed="21.67" angle="282.84" x="73.63" y="131.54"/>
        <vehicle id="cfm-slow_1" eclass="HBEFA3/PC_G_EU4" CO2="10435.62" CO="139.32" HC="0.89" NOx="4.32" PMx="0.23" fuel="4.49" electricity="0.00" noise="72.62" route="routetop" type="cfm-slow" waiting="0.00" lane="top_0" pos="12.25" speed="22.42" angle="252.39" x="37.87" y="127.23"/>
        <vehicle id="cfm-slow_2" eclass="HBEFA3/PC_G_EU4" CO2="12732.94" CO="188.24" HC="1.17" NOx="5.38" PMx="0.29" fuel="5.47" electricity="0.00" noise="74.03" route="routetop" type="cfm-slow" waiting="0.00" lane="top_0" pos="29.88" speed="23.49" angle="220.75" x="8.33" y="104.22"/>
        <vehicle id="cfm-slow_3" eclass="HBEFA3/PC_G_EU4" CO2="14435.36" CO="226.68" HC="1.39" NOx="6.15" PMx="0.33" fuel="6.21" electricity="0.00" noise="75.13" route="routetop" type="cfm-slow" waiting="0.00" lane="top_0" pos="48.61" speed="24.84" angle="187.00" x="-4.87" y="66.76"/>
        <vehicle id="cfm-slow_4" eclass="HBEFA3/PC_G_EU4" CO2="14255.72" CO="228.40" HC="1.40" NOx="6.03" PMx="0.33" fuel="6.13" electricity="0.00" noise="75.32" route="routetop" type="cfm-slow" waiting="0.00" lane="left_0" pos="18.71" speed="26.31" angle="150.78" x="6.59" y="25.60"/>
        <vehicle id="cfm-slow_5" eclass="HBEFA3/PC_G_EU4" CO2="10474.65" CO="156.66" HC="0.98" NOx="4.22" PMx="0.24" fuel="4.50" electricity="0.00" noise="74.19" route="routetop" type="cfm-slow" waiting="0.00" lane="left_0" pos="40.29" speed="27.57" angle="112.01" x="43.00" y="-1.75"/>
    </timestep>
    <timestep time="5.64">
        <vehicle id="cfm-fast_0" eclass="HBEFA3/PC_G_EU4" CO2="0.00" CO="0.00" HC="0.00" NOx="0.00" PMx="0.00" fuel="0.00" electricity="0.00" noise="72.47" route="routebottom" type="cfm-fast" waiting="0.00" lane="bottom_0" pos="13.39" speed="28.14" angle="70.39" x="91.72" y="1.06"/>
        <vehicle id="cfm-fast_1" eclass="HBEFA3/PC_G_EU4" CO2="0.00" CO="0.00" HC="0.00" NOx="0.00" PMx="0.00" fuel="0.00" electricity="0.00" noise="71.24" route="routebottom" type="cfm-fast" waiting="0.00" lane="bottom_0" pos="32.73" speed="27.50" angle="35.63" x="122.40" y="28.22"/>
        <vehicle id="cfm-fast_2" eclass="HBEFA3/PC_G_EU4" CO2="0.00" CO="0.00" HC="0.00" NOx="0.00" PMx="0.00" fuel="0.00" electricity="0.00" noise="70.11" route="routebottom" type="cfm-fast" waiting="0.00" lane="right_0" pos="1.33" speed="25.68" angle="2.08" x="132.21" y="66.62"/>
        <vehicle id="cfm-fast_3" eclass="HBEFA3/PC_G_EU4" CO2="0.00" CO="0.00" HC="0.00" NOx="0.00" PMx="0.00" fuel="0.00" electricity="0.00" noise="69.13" route="routebottom" type="cfm-fast" waiting="0.00" lane="right_0" pos="18.00" speed="23.45" angle="332.13" x="121.58" y="100.46"/>
        <vehicle id="cfm-fast_4" eclass="HBEFA3/PC_G_EU4" CO2="310616.27" CO="7599.35" HC="42.46" NOx="145.02" PMx="8.63" fuel="133.52" electricity="0.00" noise="151.78" route="routetop" type="cfm-fast" waiting="0.00" lane="left_1" pos="24.72" speed="76.51" angle="140.04" x="17.08" y="17.90"/>
        <vehicle id="cfm-fast_5" eclass="HBEFA3/PC_G_EU4" CO2="4046.55" CO="7.27" HC="0.13" NOx="1.32" PMx="0.06" fuel="1.74" electricity="0.00" noise="69.76" route="routebottom" type="cfm-fast" waiting="0.00" lane="right_0" pos="32.64" speed="21.77" angle="305.78" x="99.27" y="122.30"/>
        <vehicle id="cfm-slow_0" eclass="HBEFA3/PC_G_EU4" CO2="8277.62" CO="94.34" HC="0.63" NOx="3.32" PMx="0.17" fuel="3.56" electricity="0.00" noise="71.36" route="routebottom" type="cfm-slow" waiting="0.00" lane="right_0" pos="45.61" speed="21.68" angle="282.45" x="73.17" y="131.60"/>
        <vehicle id="cfm-slow_1" eclass="HBEFA3/PC_G_EU4" CO2="10452.00" CO="139.67" HC="0.89" NOx="4.33" PMx="0.23" fuel="4.49" electricity="0.00" noise="72.64" route="routetop" type="cfm-slow" waiting="0.00" lane="top_0" pos="12.47" speed="22.43" angle="251.99" x="37.43" y="127.05"/>
        <vehicle id="cfm-slow_2" eclass="HBEFA3/PC_G_EU4" CO2="12744.04" CO="188.49" HC="1.17" NOx="5.38" PMx="0.29" fuel="5.48" electricity="0.00" noise="74.04" route="routetop" type="cfm-slow" waiting="0.00" lane="top_0" pos="30.11" speed="23.51" angle="220.31" x="8.04" y="103.81"/>
        <vehicle id="cfm-slow_3" eclass="HBEFA3/PC_G_EU4" CO2="14429.39" CO="226.61" HC="1.39" NOx="6.15" PMx="0.33" fuel="6.20" electricity="0.00" noise="75.13" route="routetop" type="cfm-slow" waiting="0.00" lane="top_0" pos="48.85" speed="24.86" angle="186.60" x="-4.89" y="66.22"/>
        <vehicle id="cfm-slow_4" eclass="HBEFA3/PC_G_EU4" CO2="14216.04" CO="227.64" HC="1.39" NOx="6.02" PMx="0.33" fuel="6.11" electricity="0.00" noise="75.30" route="routetop" type="cfm-slow" waiting="0.00" lane="left_0" pos="18.97" speed="26.32" angle="150.28" x="6.90" y="25.13"/>
        <vehicle id="cfm-slow_5" eclass="HBEFA3/PC_G_EU4" CO2="10392.55" CO="155.01" HC="0.97" NOx="4.18" PMx="0.24" fuel="4.47" electricity="0.00" noise="74.17" route="routetop" type="cfm-slow" waiting="0.00" lane="left_0" pos="40.57" speed="27.58" angle="111.49" x="43.57" y="-1.93"/>
    </timestep>
    <timestep time="5.65">
        <vehicle id="cfm-fast_0" eclass="HBEFA3/PC_G_EU4" CO2="0.00" CO="0.00" HC="0.00" NOx="0.00" PMx="0.00" fuel="0.00" electricity="0.00" noise="72.45" route="routebottom" type="cfm-fast" waiting="0.00" lane="bottom_0" pos="13.67" speed="28.14" angle="69.87" x="92.27" y="1.31"/>
        <vehicle id="cfm-fast_1" eclass="HBEFA3/PC_G_EU4" CO2="0.00" CO="0.00" HC="0.00" NOx="0.00" PMx="0.00" fuel="0.00" electricity="0.00" noise="71.23" route="routebottom" type="cfm-fast" waiting="0.00" lane="bottom_0" pos="33.00" speed="27.49" angle="35.12" x="122.70" y="28.73"/>
        <vehicle id="cfm-fast_2" eclass="HBEFA3/PC_G_EU4" CO2="0.00" CO="0.00" HC="0.00" NOx="0.00" PMx="0.00" fuel="0.00" electricity="0.00" noise="70.10" route="routebottom" type="cfm-fast" waiting="0.00" lane="right_0" pos="1.59" speed="25.66" angle="1.62" x="132.18" y="67.17"/>
        <vehicle id="cfm-fast_3" eclass="HBEFA3/PC_G_EU4" CO2="0.00" CO="0.00" HC="0.00" NOx="0.00" PMx="0.00" fuel="0.00" electricity="0.00" noise="69.13" route="routebottom" type="cfm-fast" waiting="0.00" lane="right_0" pos="18.24" speed="23.44" angle="331.68" x="121.30" y="100.88"/>
        <vehicle id="cfm-fast_4" eclass="HBEFA3/PC_G_EU4" CO2="311247.24" CO="7618.65" HC="42.57" NOx="145.32" PMx="8.65" fuel="133.79" electricity="0.00" noise="151.84" route="routetop" type="cfm-fast" waiting="0.00" lane="left_1" pos="25.48" speed="76.65" angle="138.61" x="18.19" y="16.79"/>
        <vehicle id="cfm-fast_5" eclass="HBEFA3/PC_G_EU4" CO2="4076.09" CO="7.88" HC="0.13" NOx="1.33" PMx="0.06" fuel="1.75" electricity="0.00" noise="69.76" route="routebottom" type="cfm-fast" waiting="0.00" lane="right_0" pos="32.86" speed="21.77" angle="305.37" x="98.87" y="122.54"/>
        <vehicle id="cfm-slow_0" eclass="HBEFA3/PC_G_EU4" CO2="8292.82" CO="94.65" HC="0.63" NOx="3.33" PMx="0.17" fuel="3.56" electricity="0.00" noise="71.37" route="routebottom" type="cfm-slow" waiting="0.00" lane="right_0" pos="45.83" speed="21.69" angle="282.06" x="72.70" y="131.67"/>
        <vehicle id="cfm-slow_1" eclass="HBEFA3/PC_G_EU4" CO2="10468.38" CO="140.02" HC="0.90" NOx="4.33" PMx="0.23" fuel="4.50" electricity="0.00" noise="72.65" route="routetop" type="cfm-slow" waiting="0.00" lane="top_0" pos="12.70" speed="22.45" angle="251.59" x="36.98" y="126.87"/>
        <vehicle id="cfm-slow_2" eclass="HBEFA3/PC_G_EU4" CO2="12755.03" CO="188.75" HC="1.18" NOx="5.39" PMx="0.29" fuel="5.48" electricity="0.00" noise="74.05" route="routetop" type="cfm-slow" waiting="0.00" lane="top_0" pos="30.35" speed="23.52" angle="219.88" x="7.74" y="103.40"/>
        <vehicle id="cfm-slow_3" eclass="HBEFA3/PC_G_EU4" CO2="14423.15" CO="226.53" HC="1.39" NOx="6.15" PMx="0.33" fuel="6.20" electricity="0.00" noise="75.13" route="routetop" type="cfm-slow" waiting="0.00" lane="top_0" pos="49.10" speed="24.87" angle="186.15" x="-4.91" y="65.69"/>
        <vehicle id="cfm-slow_4" eclass="HBEFA3/PC_G_EU4" CO2="14176.00" CO="226.88" HC="1.39" NOx="6.00" PMx="0.33" fuel="6.09" electricity="0.00" noise="75.29" route="routetop" type="cfm-slow" waiting="0.00" lane="left_0" pos="19.24" speed="26.33" angle="149.86" x="7.22" y="24.66"/>
        <vehicle id="cfm-slow_5" eclass="HBEFA3/PC_G_EU4" CO2="10310.30" CO="153.35" HC="0.96" NOx="4.14" PMx="0.24" fuel="4.43" electricity="0.00" noise="74.14" route="routetop" type="cfm-slow" waiting="0.00" lane="left_0" pos="40.84" speed="27.58" angle="110.97" x="44.14" y="-2.10"/>
    </timestep>
    <timestep time="5.66">
        <vehicle id="cfm-fast_0" eclass="HBEFA3/PC_G_EU4" CO2="0.00" CO="0.00" HC="0.00" NOx="0.00" PMx="0.00" fuel="0.00" electricity="0.00" noise="72.43" route="routebottom" type="cfm-fast" waiting="0.00" lane="bottom_0" pos="13.95" speed="28.13" angle="69.35" x="92.82" y="1.56"/>
        <vehicle id="cfm-fast_1" eclass="HBEFA3/PC_G_EU4" CO2="0.00" CO="0.00" HC="0.00" NOx="0.00" PMx="0.00" fuel="0.00" electricity="0.00" noise="71.22" route="routebottom" type="cfm-fast" waiting="0.00" lane="bottom_0" pos="33.28" speed="27.47" angle="34.63" x="123.00" y="29.23"/>
        <vehicle id="cfm-fast_2" eclass="HBEFA3/PC_G_EU4" CO2="0.00" CO="0.00" HC="0.00" NOx="0.00" PMx="0.00" fuel="0.00" electricity="0.00" noise="70.09" route="routebottom" type="cfm-fast" waiting="0.00" lane="right_0" pos="1.84" speed="25.64" angle="1.16" x="132.14" y="67.72"/>
        <vehicle id="cfm-fast_3" eclass="HBEFA3/PC_G_EU4" CO2="0.00" CO="0.00" HC="0.00" NOx="0.00" PMx="0.00" fuel="0.00" electricity="0.00" noise="69.13" route="routebottom" type="cfm-fast" waiting="0.00" lane="right_0" pos="18.47" speed="23.42" angle="331.22" x="121.02" y="101.30"/>
        <vehicle id="cfm-fast_4" eclass="HBEFA3/PC_G_EU4" CO2="311878.50" CO="7637.98" HC="42.67" NOx="145.61" PMx="8.67" fuel="134.06" electricity="0.00" noise="151.91" route="routetop" type="cfm-fast" waiting="0.00" lane="left_1" pos="26.25" speed="76.78" angle="137.25" x="19.34" y="15.71"/>
        <vehicle id="cfm-fast_5" eclass="HBEFA3/PC_G_EU4" CO2="4105.62" CO="8.49" HC="0.14" NOx="1.35" PMx="0.06" fuel="1.76" electricity="0.00" noise="69.77" route="routebottom" type="cfm-fast" waiting="0.00" lane="right_0" pos="33.08" speed="21.77" angle="304.96" x="98.46" y="122.78"/>
        <vehicle id="cfm-slow_0" eclass="HBEFA3/PC_G_EU4" CO2="8308.09" CO="94.97" HC="0.64" NOx="3.33" PMx="0.17" fuel="3.57" electricity="0.00" noise="71.38" route="routebottom" type="cfm-slow" waiting="0.00" lane="right_0" pos="46.05" speed="21.70" angle="281.67" x="72.24" y="131.74"/>
        <vehicle id="cfm-slow_1" eclass="HBEFA3/PC_G_EU4" CO2="10484.77" CO="140.37" HC="0.90" NOx="4.34" PMx="0.23" fuel="4.51" electricity="0.00" noise="72.66" route="routetop" type="cfm-slow" waiting="0.00" lane="top_0" pos="12.92" speed="22.46" angle="251.23" x="36.53" y="126.68"/>
        <vehicle id="cfm-slow_2" eclass="HBEFA3/PC_G_EU4" CO2="12765.92" CO="189.00" HC="1.18" NOx="5.39" PMx="0.29" fuel="5.49" electricity="0.00" noise="74.06" route="routetop" type="cfm-slow" waiting="0.00" lane="top_0" pos="30.58" speed="23.54" angle="219.44" x="7.45" y="102.99"/>
        <vehicle id="cfm-slow_3" eclass="HBEFA3/PC_G_EU4" CO2="14416.66" CO="226.44" HC="1.39" NOx="6.14" PMx="0.33" fuel="6.20" electricity="0.00" noise="75.13" route="routetop" type="cfm-slow" waiting="0.00" lane="top_0" pos="49.35" speed="24.89" angle="185.70" x="-4.92" y="65.15"/>
        <vehicle id="cfm-slow_4" eclass="HBEFA3/PC_G_EU4" CO2="14135.60" CO="226.11" HC="1.38" NOx="5.98" PMx="0.33" fuel="6.08" electricity="0.00" noise="75.27" route="routetop" type="cfm-slow" waiting="0.00" lane="left_0" pos="19.50" speed="26.35" angle="149.37" x="7.55" y="24.20"/>
        <vehicle id="cfm-slow_5" eclass="HBEFA3/PC_G_EU4" CO2="10227.93" CO="151.70" HC="0.95" NOx="4.11" PMx="0.23" fuel="4.40" electricity="0.00" noise="74.12" route="routetop" type="cfm-slow" waiting="0.00" lane="left_0" pos="41.12" speed="27.59" angle="110.52" x="44.71" y="-2.27"/>
    </timestep>
    <timestep time="5.67">
        <vehicle id="cfm-fast_0" eclass="HBEFA3/PC_G_EU4" CO2="0.00" CO="0.00" HC="0.00" NOx="0.00" PMx="0.00" fuel="0.00" electricity="0.00" noise="72.41" route="routebottom" type="cfm-fast" waiting="0.00" lane="bottom_0" pos="14.23" speed="28.13" angle="68.88" x="93.37" y="1.82"/>
        <vehicle id="cfm-fast_1" eclass="HBEFA3/PC_G_EU4" CO2="0.00" CO="0.00" HC="0.00" NOx="0.00" PMx="0.00" fuel="0.00" electricity="0.00" noise="71.21" route="routebottom" type="cfm-fast" waiting="0.00" lane="bottom_0" pos="33.55" speed="27.46" angle="34.16" x="123.29" y="29.75"/>
        <vehicle id="cfm-fast_2" eclass="HBEFA3/PC_G_EU4" CO2="0.00" CO="0.00" HC="0.00" NOx="0.00" PMx="0.00" fuel="0.00" electricity="0.00" noise="70.08" route="routebottom" type="cfm-fast" waiting="0.00" lane="right_0" pos="2.10" speed="25.62" angle="0.71" x="132.11" y="68.27"/>
        <vehicle id="cfm-fast_3" eclass="HBEFA3/PC_G_EU4" CO2="0.00" CO="0.00" HC="0.00" NOx="0.00" PMx="0.00" fuel="0.00" electricity="0.00" noise="69.12" route="routebottom" type="cfm-fast" waiting="0.00" lane="right_0" pos="18.71" speed="23.41" angle="330.76" x="120.74" y="101.72"/>
        <vehicle id="cfm-fast_4" eclass="HBEFA3/PC_G_EU4" CO2="312510.05" CO="7657.33" HC="42.78" NOx="145.91" PMx="8.69" fuel="134.33" electricity="0.00" noise="151.98" route="routetop" type="cfm-fast" waiting="0.00" lane="left_1" pos="27.02" speed="76.92" angle="135.88" x="20.51" y="14.65"/>
        <vehicle id="cfm-fast_5" eclass="HBEFA3/PC_G_EU4" CO2="4135.11" CO="9.09" HC="0.14" NOx="1.36" PMx="0.06" fuel="1.78" electricity="0.00" noise="69.78" route="routebottom" type="cfm-fast" waiting="0.00" lane="right_0" pos="33.30" speed="21.77" angle="304.58" x="98.06" y="123.02"/>
        <vehicle id="cfm-slow_0" eclass="HBEFA3/PC_G_EU4" CO2="8323.42" CO="95.29" HC="0.64" NOx="3.34" PMx="0.17" fuel="3.58" electricity="0.00" noise="71.39" route="routebottom" type="cfm-slow" waiting="0.00" lane="right_0" pos="46.26" speed="21.71" angle="281.33" x="71.78" y="131.80"/>
        <vehicle id="cfm-slow_1" eclass="HBEFA3/PC_G_EU4" CO2="10501.16" CO="140.72" HC="0.90" NOx="4.35" PMx="0.23" fuel="4.51" electricity="0.00" noise="72.67" route="routetop" type="cfm-slow" waiting="0.00" lane="top_0" pos="13.14" speed="22.47" angle="250.82" x="36.09" y="126.48"/>
        <vehicle id="cfm-slow_2" eclass="HBEFA3/PC_G_EU4" CO2="12776.71" CO="189.25" HC="1.18" NOx="5.40" PMx="0.29" fuel="5.49" electricity="0.00" noise="74.06" route="routetop" type="cfm-slow" waiting="0.00" lane="top_0" pos="30.82" speed="23.55" angle="219.07" x="7.15" y="102.57"/>
        <vehicle id="cfm-slow_3" eclass="HBEFA3/PC_G_EU4" CO2="14409.91" CO="226.35" HC="1.39" NOx="6.14" PMx="0.33" fuel="6.19" electricity="0.00" noise="75.13" route="routetop" type="cfm-slow" waiting="0.00" lane="top_0" pos="49.60" speed="24.90" angle="185.24" x="-4.93" y="64.62"/>
        <vehicle id="cfm-slow_4" eclass="HBEFA3/PC_G_EU4" CO2="14094.85" CO="225.33" HC="1.38" NOx="5.96" PMx="0.33" fuel="6.06" electricity="0.00" noise="75.26" route="routetop" type="cfm-slow" waiting="0.00" lane="left_0" pos="19.76" speed="26.36" angle="148.88" x="7.88" y="23.74"/>
        <vehicle id="cfm-slow_5" eclass="HBEFA3/PC_G_EU4" CO2="10145.43" CO="150.04" HC="0.94" NOx="4.07" PMx="0.23" fuel="4.36" electricity="0.00" noise="74.09" route="routetop" type="cfm-slow" waiting="0.00" lane="left_0" pos="41.39" speed="27.60" angle="110.01" x="45.28" y="-2.43"/>
    </timestep>
    <timestep time="5.68">
        <vehicle id="cfm-fast_0" eclass="HBEFA3/PC_G_EU4" CO2="0.00" CO="0.00" HC="0.00" NOx="0.00" PMx="0.00" fuel="0.00" electricity="0.00" noise="72.40" route="routebottom" type="cfm-fast" waiting="0.00" lane="bottom_0" pos="14.51" speed="28.12" angle="68.36" x="93.91" y="2.09"/>
        <vehicle id="cfm-fast_1" eclass="HBEFA3/PC_G_EU4" CO2="0.00" CO="0.00" HC="0.00" NOx="0.00" PMx="0.00" fuel="0.00" electricity="0.00" noise="71.20" route="routebottom" type="cfm-fast" waiting="0.00" lane="bottom_0" pos="33.83" speed="27.44" angle="33.65" x="123.58" y="30.26"/>
        <vehicle id="cfm-fast_2" eclass="HBEFA3/PC_G_EU4" CO2="0.00" CO="0.00" HC="0.00" NOx="0.00" PMx="0.00" fuel="0.00" electricity="0.00" noise="70.07" route="routebottom" type="cfm-fast" waiting="0.00" lane="right_0" pos="2.36" speed="25.60" angle="0.25" x="132.08" y="68.82"/>
        <vehicle id="cfm-fast_3" eclass="HBEFA3/PC_G_EU4" CO2="0.00" CO="0.00" HC="0.00" NOx="0.00" PMx="0.00" fuel="0.00" electricity="0.00" noise="69.12" route="routebottom" type="cfm-fast" waiting="0.00" lane="right_0" pos="18.94" speed="23.40" angle="330.31" x="120.46" y="102.14"/>
        <vehicle id="cfm-fast_4" eclass="HBEFA3/PC_G_EU4" CO2="313141.90" CO="7676.70" HC="42.88" NOx="146.21" PMx="8.71" fuel="134.60" electricity="0.00" noise="152.04" route="routetop" type="cfm-fast" waiting="0.00" lane="left_1" pos="27.79" speed="77.06" angle="134.46" x="21.71" y="13.62"/>
        <vehicle id="cfm-fast_5" eclass="HBEFA3/PC_G_EU4" CO2="4164.58" CO="9.70" HC="0.14" NOx="1.38" PMx="0.06" fuel="1.79" electricity="0.00" noise="69.79" route="routebottom" type="cfm-fast" waiting="0.00" lane="right_0" pos="33.51" speed="21.78" angle="304.21" x="97.65" y="123.25"/>
        <vehicle id="cfm-slow_0" eclass="HBEFA3/PC_G_EU4" CO2="8338.80" CO="95.61" HC="0.64" NOx="3.35" PMx="0.17" fuel="3.58" electricity="0.00" noise="71.40" route="routebottom" type="cfm-slow" waiting="0.00" lane="right_0" pos="46.48" speed="21.71" angle="280.93" x="71.31" y="131.84"/>
        <vehicle id="cfm-slow_1" eclass="HBEFA3/PC_G_EU4" CO2="10517.55" CO="141.07" HC="0.90" NOx="4.36" PMx="0.23" fuel="4.52" electricity="0.00" noise="72.68" route="routetop" type="cfm-slow" waiting="0.00" lane="top_0" pos="13.37" speed="22.48" angle="250.41" x="35.65" y="126.29"/>
        <vehicle id="cfm-slow_2" eclass="HBEFA3/PC_G_EU4" CO2="12787.39" CO="189.50" HC="1.18" NOx="5.40" PMx="0.29" fuel="5.50" electricity="0.00" noise="74.07" route="routetop" type="cfm-slow" waiting="0.00" lane="top_0" pos="31.05" speed="23.57" angle="218.64" x="6.87" y="102.15"/>
        <vehicle id="cfm-slow_3" eclass="HBEFA3/PC_G_EU4" CO2="14402.90" CO="226.26" HC="1.39" NOx="6.13" PMx="0.33" fuel="6.19" electricity="0.00" noise="75.13" route="routetop" type="cfm-slow" waiting="0.00" lane="top_0" pos="49.85" speed="24.92" angle="184.79" x="-4.94" y="64.08"/>
        <vehicle id="cfm-slow_4" eclass="HBEFA3/PC_G_EU4" CO2="14053.74" CO="224.54" HC="1.37" NOx="5.94" PMx="0.33" fuel="6.04" electricity="0.00" noise="75.24" route="routetop" type="cfm-slow" waiting="0.00" lane="left_0" pos="20.03" speed="26.38" angle="148.39" x="8.21" y="23.28"/>
        <vehicle id="cfm-slow_5" eclass="HBEFA3/PC_G_EU4" CO2="10062.80" CO="148.37" HC="0.93" NOx="4.03" PMx="0.23" fuel="4.33" electricity="0.00" noise="74.07" route="routetop" type="cfm-slow" waiting="0.00" lane="left_0" pos="41.67" speed="27.61" angle="109.49" x="45.85" y="-2.58"/>
    </timestep>
    <timestep time="5.69">
        <vehicle id="cfm-fast_0" eclass="HBEFA3/PC_G_EU4" CO2="0.00" CO="0.00" HC="0.00" NOx="0.00" PMx="0.00" fuel="0.00" electricity="0.00" noise="72.38" route="routebottom" type="cfm-fast" waiting="0.00" lane="bottom_0" pos="14.79" speed="28.12" angle="67.83" x="94.45" y="2.36"/>
        <vehicle id="cfm-fast_1" eclass="HBEFA3/PC_G_EU4" CO2="0.00" CO="0.00" HC="0.00" NOx="0.00" PMx="0.00" fuel="0.00" electricity="0.00" noise="71.19" route="routebottom" type="cfm-fast" waiting="0.00" lane="bottom_0" pos="34.10" speed="27.43" angle="33.15" x="123.86" y="30.78"/>
        <vehicle id="cfm-fast_2" eclass="HBEFA3/PC_G_EU4" CO2="0.00" CO="0.00" HC="0.00" NOx="0.00" PMx="0.00" fuel="0.00" electricity="0.00" noise="70.06" route="routebottom" type="cfm-fast" waiting="0.00" lane="right_0" pos="2.61" speed="25.58" angle="359.81" x="132.04" y="69.37"/>
        <vehicle id="cfm-fast_3" eclass="HBEFA3/PC_G_EU4" CO2="0.00" CO="0.00" HC="0.00" NOx="0.00" PMx="0.00" fuel="0.00" electricity="0.00" noise="69.12" route="routebottom" type="cfm-fast" waiting="0.00" lane="right_0" pos="19.18" speed="23.38" angle="329.90" x="120.18" y="102.55"/>
        <vehicle id="cfm-fast_4" eclass="HBEFA3/PC_G_EU4" CO2="313774.04" CO="7696.10" HC="42.98" NOx="146.50" PMx="8.73" fuel="134.88" electricity="0.00" noise="152.11" route="routetop" type="cfm-fast" waiting="0.00" lane="left_1" pos="28.56" speed="77.19" angle="133.09" x="22.93" y="12.62"/>
        <vehicle id="cfm-fast_5" eclass="HBEFA3/PC_G_EU4" CO2="4194.03" CO="10.31" HC="0.15" NOx="1.39" PMx="0.06" fuel="1.80" electricity="0.00" noise="69.80" route="routebottom" type="cfm-fast" waiting="0.00" lane="right_0" pos="33.73" speed="21.78" angle="303.81" x="97.24" y="123.48"/>
        <vehicle id="cfm-slow_0" eclass="HBEFA3/PC_G_EU4" CO2="8354.25" CO="95.93" HC="0.64" NOx="3.35" PMx="0.17" fuel="3.59" electricity="0.00" noise="71.41" route="routebottom" type="cfm-slow" waiting="0.00" lane="right_0" pos="46.70" speed="21.72" angle="280.53" x="70.85" y="131.89"/>
        <vehicle id="cfm-slow_1" eclass="HBEFA3/PC_G_EU4" CO2="10533.94" CO="141.42" HC="0.90" NOx="4.36" PMx="0.23" fuel="4.53" electricity="0.00" noise="72.69" route="routetop" type="cfm-slow" waiting="0.00" lane="top_0" pos="13.59" speed="22.49" angle="250.00" x="35.21" y="126.09"/>
        <vehicle id="cfm-slow_2" eclass="HBEFA3/PC_G_EU4" CO2="12797.95" CO="189.75" HC="1.18" NOx="5.41" PMx="0.29" fuel="5.50" electricity="0.00" noise="74.08" route="routetop" type="cfm-slow" waiting="0.00" lane="top_0" pos="31.29" speed="23.58" angle="218.22" x="6.59" y="101.73"/>
        <vehicle id="cfm-slow_3" eclass="HBEFA3/PC_G_EU4" CO2="14395.63" CO="226.16" HC="1.39" NOx="6.13" PMx="0.33" fuel="6.19" electricity="0.00" noise="75.13" route="routetop" type="cfm-slow" waiting="0.00" lane="left_0" pos="0.10" speed="24.94" angle="184.30" x="-4.95" y="63.36"/>
        <vehicle id="cfm-slow_4" eclass="HBEFA3/PC_G_EU4" CO2="14012.29" CO="223.75" HC="1.37" NOx="5.92" PMx="0.33" fuel="6.02" electricity="0.00" noise="75.23" route="routetop" type="cfm-slow" waiting="0.00" lane="left_0" pos="20.29" speed="26.39" angle="147.90" x="8.54" y="22.82"/>
        <vehicle id="cfm-slow_5" eclass="HBEFA3/PC_G_EU4" CO2="9980.07" CO="146.71" HC="0.92" NOx="3.99" PMx="0.23" fuel="4.29" electricity="0.00" noise="74.05" route="routetop" type="cfm-slow" waiting="0.00" lane="left_0" pos="41.95" speed="27.61" angle="108.98" x="46.43" y="-2.73"/>
    </timestep>
    <timestep time="5.70">
        <vehicle id="cfm-fast_0" eclass="HBEFA3/PC_G_EU4" CO2="0.00" CO="0.00" HC="0.00" NOx="0.00" PMx="0.00" fuel="0.00" electricity="0.00" noise="72.36" route="routebottom" type="cfm-fast" waiting="0.00" lane="bottom_0" pos="15.08" speed="28.11" angle="67.31" x="94.99" y="2.63"/>
        <vehicle id="cfm-fast_1" eclass="HBEFA3/PC_G_EU4" CO2="0.00" CO="0.00" HC="0.00" NOx="0.00" PMx="0.00" fuel="0.00" electricity="0.00" noise="71.18" route="routebottom" type="cfm-fast" waiting="0.00" lane="bottom_0" pos="34.38" speed="27.41" angle="32.64" x="124.15" y="31.30"/>
        <vehicle id="cfm-fast_2" eclass="HBEFA3/PC_G_EU4" CO2="0.00" CO="0.00" HC="0.00" NOx="0.00" PMx="0.00" fuel="0.00" electricity="0.00" noise="70.05" route="routebottom" type="cfm-fast" waiting="0.00" lane="right_0" pos="2.87" speed="25.56" angle="359.35" x="131.98" y="69.92"/>
        <vehicle id="cfm-fast_3" eclass="HBEFA3/PC_G_EU4" CO2="0.00" CO="0.00" HC="0.00" NOx="0.00" PMx="0.00" fuel="0.00" electricity="0.00" noise="69.12" route="routebottom" type="cfm-fast" waiting="0.00" lane="right_0" pos="19.41" speed="23.37" angle="329.50" x="119.89" y="102.96"/>
        <vehicle id="cfm-fast_4" eclass="HBEFA3/PC_G_EU4" CO2="314406.46" CO="7715.51" HC="43.09" NOx="146.80" PMx="8.75" fuel="135.15" electricity="0.00" noise="152.17" route="routetop" type="cfm-fast" waiting="0.00" lane="left_1" pos="29.34" speed="77.33" angle="131.66" x="24.18" y="11.64"/>
        <vehicle id="cfm-fast_5" eclass="HBEFA3/PC_G_EU4" CO2="4223.44" CO="10.91" HC="0.15" NOx="1.40" PMx="0.06" fuel="1.82" electricity="0.00" noise="69.81" route="routebottom" type="cfm-fast" waiting="0.00" lane="right_0" pos="33.95" speed="21.78" angle="303.41" x="96.83" y="123.70"/>
        <vehicle id="cfm-slow_0" eclass="HBEFA3/PC_G_EU4" CO2="8369.75" CO="96.26" HC="0.64" NOx="3.36" PMx="0.17" fuel="3.60" electricity="0.00" noise="71.42" route="routebottom" type="cfm-slow" waiting="0.00" lane="right_0" pos="46.92" speed="21.73" angle="280.14" x="70.38" y="131.94"/>
        <vehicle id="cfm-slow_1" eclass="HBEFA3/PC_G_EU4" CO2="10550.32" CO="141.77" HC="0.91" NOx="4.37" PMx="0.23" fuel="4.54" electricity="0.00" noise="72.70" route="routetop" type="cfm-slow" waiting="0.00" lane="top_0" pos="13.82" speed="22.50" angle="249.59" x="34.77" y="125.89"/>
        <vehicle id="cfm-slow_2" eclass="HBEFA3/PC_G_EU4" CO2="12808.41" CO="189.99" HC="1.18" NOx="5.41" PMx="0.29" fuel="5.51" electricity="0.00" noise="74.09" route="routetop" type="cfm-slow" waiting="0.00" lane="top_0" pos="31.52" speed="23.59" angle="217.79" x="6.31" y="101.30"/>
        <vehicle id="cfm-slow_3" eclass="HBEFA3/PC_G_EU4" CO2="14388.09" CO="226.05" HC="1.39" NOx="6.13" PMx="0.33" fuel="6.18" electricity="0.00" noise="75.13" route="routetop" type="cfm-slow" waiting="0.00" lane="left_0" pos="0.35" speed="24.95" angle="183.85" x="-4.93" y="62.82"/>
        <vehicle id="cfm-slow_4" eclass="HBEFA3/PC_G_EU4" CO2="13970.48" CO="222.95" HC="1.36" NOx="5.90" PMx="0.33" fuel="6.01" electricity="0.00" noise="75.21" route="routetop" type="cfm-slow" waiting="0.00" lane="left_0" pos="20.56" speed="26.40" angle="147.48" x="8.88" y="22.36"/>
        <vehicle id="cfm-slow_5" eclass="HBEFA3/PC_G_EU4" CO2="9897.22" CO="145.04" HC="0.91" NOx="3.95" PMx="0.22" fuel="4.25" electricity="0.00" noise="74.02" route="routetop" type="cfm-slow" waiting="0.00" lane="left_0" pos="42.22" speed="27.62" angle="108.47" x="47.00" y="-2.89"/>
    </timestep>
    <timestep time="5.71">
        <vehicle id="cfm-fast_0" eclass="HBEFA3/PC_G_EU4" CO2="0.00" CO="0.00" HC="0.00" NOx="0.00" PMx="0.00" fuel="0.00" electricity="0.00" noise="72.35" route="routebottom" type="cfm-fast" waiting="0.00" lane="bottom_0" pos="15.36" speed="28.11" angle="66.85" x="95.53" y="2.90"/>
        <vehicle id="cfm-fast_1" eclass="HBEFA3/PC_G_EU4" CO2="0.00" CO="0.00" HC="0.00" NOx="0.00" PMx="0.00" fuel="0.00" electricity="0.00" noise="71.17" route="routebottom" type="cfm-fast" waiting="0.00" lane="bottom_0" pos="34.65" speed="27.39" angle="32.20" x="124.43" y="31.81"/>
        <vehicle id="cfm-fast_2" eclass="HBEFA3/PC_G_EU4" CO2="0.00" CO="0.00" HC="0.00" NOx="0.00" PMx="0.00" fuel="0.00" electricity="0.00" noise="70.04" route="routebottom" type="cfm-fast" waiting="0.00" lane="right_0" pos="3.12" speed="25.54" angle="358.89" x="131.93" y="70.47"/>
        <vehicle id="cfm-fast_3" eclass="HBEFA3/PC_G_EU4" CO2="0.00" CO="0.00" HC="0.00" NOx="0.00" PMx="0.00" fuel="0.00" electricity="0.00" noise="69.12" route="routebottom" type="cfm-fast" waiting="0.00" lane="right_0" pos="19.64" speed="23.36" angle="329.08" x="119.59" y="103.37"/>
        <vehicle id="cfm-fast_4" eclass="HBEFA3/PC_G_EU4" CO2="315039.18" CO="7734.95" HC="43.19" NOx="147.10" PMx="8.76" fuel="135.42" electricity="0.00" noise="152.24" route="routetop" type="cfm-fast" waiting="0.00" lane="left_1" pos="30.11" speed="77.47" angle="130.28" x="25.46" y="10.71"/>
        <vehicle id="cfm-fast_5" eclass="HBEFA3/PC_G_EU4" CO2="4252.83" CO="11.52" HC="0.16" NOx="1.42" PMx="0.06" fuel="1.83" electricity="0.00" noise="69.82" route="routebottom" type="cfm-fast" waiting="0.00" lane="right_0" pos="34.17" speed="21.78" angle="303.02" x="96.42" y="123.93"/>
        <vehicle id="cfm-slow_0" eclass="HBEFA3/PC_G_EU4" CO2="8385.31" CO="96.58" HC="0.65" NOx="3.37" PMx="0.17" fuel="3.60" electricity="0.00" noise="71.43" route="routebottom" type="cfm-slow" waiting="0.00" lane="right_0" pos="47.13" speed="21.74" angle="279.74" x="69.92" y="131.98"/>
        <vehicle id="cfm-slow_1" eclass="HBEFA3/PC_G_EU4" CO2="10566.70" CO="142.12" HC="0.91" NOx="4.38" PMx="0.23" fuel="4.54" electricity="0.00" noise="72.71" route="routetop" type="cfm-slow" waiting="0.00" lane="top_0" pos="14.04" speed="22.52" angle="249.22" x="34.32" y="125.69"/>
        <vehicle id="cfm-slow_2" eclass="HBEFA3/PC_G_EU4" CO2="12818.75" CO="190.23" HC="1.18" NOx="5.42" PMx="0.29" fuel="5.51" electricity="0.00" noise="74.10" route="routetop" type="cfm-slow" waiting="0.00" lane="top_0" pos="31.76" speed="23.61" angle="217.36" x="6.03" y="100.88"/>
        <vehicle id="cfm-slow_3" eclass="HBEFA3/PC_G_EU4" CO2="14380.29" CO="225.94" HC="1.39" NOx="6.12" PMx="0.33" fuel="6.18" electricity="0.00" noise="75.13" route="routetop" type="cfm-slow" waiting="0.00" lane="left_0" pos="0.60" speed="24.97" angle="183.39" x="-4.92" y="62.28"/>
        <vehicle id="cfm-slow_4" eclass="HBEFA3/PC_G_EU4" CO2="13928.32" CO="222.14" HC="1.36" NOx="5.88" PMx="0.33" fuel="5.99" electricity="0.00" noise="75.20" route="routetop" type="cfm-slow" waiting="0.00" lane="left_0" pos="20.82" speed="26.42" angle="146.99" x="9.23" y="21.91"/>
        <vehicle id="cfm-slow_5" eclass="HBEFA3/PC_G_EU4" CO2="9814.26" CO="143.36" HC="0.90" NOx="3.91" PMx="0.22" fuel="4.22" electricity="0.00" noise="74.00" route="routetop" type="cfm-slow" waiting="0.00" lane="left_0" pos="42.50" speed="27.63" angle="108.03" x="47.58" y="-3.03"/>
    </timestep>
    <timestep time="5.72">
        <vehicle id="cfm-fast_0" eclass="HBEFA3/PC_G_EU4" CO2="0.00" CO="0.00" HC="0.00" NOx="0.00" PMx="0.00" fuel="0.00" electricity="0.00" noise="72.33" route="routebottom" type="cfm-fast" waiting="0.00" lane="bottom_0" pos="15.64" speed="28.10" angle="66.33" x="96.06" y="3.19"/>
        <vehicle id="cfm-fast_1" eclass="HBEFA3/PC_G_EU4" CO2="0.00" CO="0.00" HC="0.00" NOx="0.00" PMx="0.00" fuel="0.00" electricity="0.00" noise="71.15" route="routebottom" type="cfm-fast" waiting="0.00" lane="bottom_0" pos="34.92" speed="27.38" angle="31.70" x="124.70" y="32.34"/>
        <vehicle id="cfm-fast_2" eclass="HBEFA3/PC_G_EU4" CO2="0.00" CO="0.00" HC="0.00" NOx="0.00" PMx="0.00" fuel="0.00" electricity="0.00" noise="70.03" route="routebottom" type="cfm-fast" waiting="0.00" lane="right_0" pos="3.38" speed="25.52" angle="358.43" x="131.87" y="71.01"/>
        <vehicle id="cfm-fast_3" eclass="HBEFA3/PC_G_EU4" CO2="0.00" CO="0.00" HC="0.00" NOx="0.00" PMx="0.00" fuel="0.00" electricity="0.00" noise="69.12" route="routebottom" type="cfm-fast" waiting="0.00" lane="right_0" pos="19.88" speed="23.35" angle="328.65" x="119.30" y="103.78"/>
        <vehicle id="cfm-fast_4" eclass="HBEFA3/PC_G_EU4" CO2="315672.20" CO="7754.40" HC="43.30" NOx="147.39" PMx="8.78" fuel="135.69" electricity="0.00" noise="152.31" route="routetop" type="cfm-fast" waiting="0.00" lane="left_1" pos="30.89" speed="77.60" angle="128.90" x="26.76" y="9.79"/>
        <vehicle id="cfm-fast_5" eclass="HBEFA3/PC_G_EU4" CO2="4282.19" CO="12.13" HC="0.16" NOx="1.43" PMx="0.06" fuel="1.84" electricity="0.00" noise="69.83" route="routebottom" type="cfm-fast" waiting="0.00" lane="right_0" pos="34.38" speed="21.78" angle="302.62" x="96.01" y="124.16"/>
        <vehicle id="cfm-slow_0" eclass="HBEFA3/PC_G_EU4" CO2="8400.93" CO="96.91" HC="0.65" NOx="3.38" PMx="0.17" fuel="3.61" electricity="0.00" noise="71.44" route="routebottom" type="cfm-slow" waiting="0.00" lane="right_0" pos="47.35" speed="21.75" angle="279.34" x="69.45" y="132.03"/>
        <vehicle id="cfm-slow_1" eclass="HBEFA3/PC_G_EU4" CO2="10583.07" CO="142.48" HC="0.91" NOx="4.39" PMx="0.23" fuel="4.55" electricity="0.00" noise="72.72" route="routetop" type="cfm-slow" waiting="0.00" lane="top_0" pos="14.27" speed="22.53" angle="248.81" x="33.89" y="125.48"/>
        <vehicle id="cfm-slow_2" eclass="HBEFA3/PC_G_EU4" CO2="12828.98" CO="190.47" HC="1.18" NOx="5.42" PMx="0.29" fuel="5.51" electricity="0.00" noise="74.11" route="routetop" type="cfm-slow" waiting="0.00" lane="top_0" pos="32.00" speed="23.62" angle="216.97" x="5.75" y="100.46"/>
        <vehicle id="cfm-slow_3" eclass="HBEFA3/PC_G_EU4" CO2="14372.22" CO="225.83" HC="1.39" NOx="6.12" PMx="0.33" fuel="6.18" electricity="0.00" noise="75.13" route="routetop" type="cfm-slow" waiting="0.00" lane="left_0" pos="0.85" speed="24.98" angle="182.94" x="-4.91" y="61.74"/>
        <vehicle id="cfm-slow_4" eclass="HBEFA3/PC_G_EU4" CO2="13885.82" CO="221.32" HC="1.35" NOx="5.86" PMx="0.32" fuel="5.97" electricity="0.00" noise="75.18" route="routetop" type="cfm-slow" waiting="0.00" lane="left_0" pos="21.08" speed="26.43" angle="146.51" x="9.58" y="21.46"/>
        <vehicle id="cfm-slow_5" eclass="HBEFA3/PC_G_EU4" CO2="9731.21" CO="141.69" HC="0.89" NOx="3.87" PMx="0.22" fuel="4.18" electricity="0.00" noise="73.97" route="routetop" type="cfm-slow" waiting="0.00" lane="left_0" pos="42.77" speed="27.63" angle="107.54" x="48.16" y="-3.16"/>
    </timestep>
    <timestep time="5.73">
        <vehicle id="cfm-fast_0" eclass="HBEFA3/PC_G_EU4" CO2="0.00" CO="0.00" HC="0.00" NOx="0.00" PMx="0.00" fuel="0.00" electricity="0.00" noise="72.32" route="routebottom" type="cfm-fast" waiting="0.00" lane="bottom_0" pos="15.92" speed="28.10" angle="65.81" x="96.59" y="3.48"/>
        <vehicle id="cfm-fast_1" eclass="HBEFA3/PC_G_EU4" CO2="0.00" CO="0.00" HC="0.00" NOx="0.00" PMx="0.00" fuel="0.00" electricity="0.00" noise="71.14" route="routebottom" type="cfm-fast" waiting="0.00" lane="bottom_0" pos="35.20" speed="27.36" angle="31.21" x="124.96" y="32.87"/>
        <vehicle id="cfm-fast_2" eclass="HBEFA3/PC_G_EU4" CO2="0.00" CO="0.00" HC="0.00" NOx="0.00" PMx="0.00" fuel="0.00" electricity="0.00" noise="70.02" route="routebottom" type="cfm-fast" waiting="0.00" lane="right_0" pos="3.63" speed="25.50" angle="357.98" x="131.82" y="71.56"/>
        <vehicle id="cfm-fast_3" eclass="HBEFA3/PC_G_EU4" CO2="0.00" CO="0.00" HC="0.00" NOx="0.00" PMx="0.00" fuel="0.00" electricity="0.00" noise="69.12" route="routebottom" type="cfm-fast" waiting="0.00" lane="right_0" pos="20.11" speed="23.33" angle="328.23" x="119.01" y="104.19"/>
        <vehicle id="cfm-fast_4" eclass="HBEFA3/PC_G_EU4" CO2="316305.50" CO="7773.88" HC="43.40" NOx="147.69" PMx="8.80" fuel="135.96" electricity="0.00" noise="152.37" route="routetop" type="cfm-fast" waiting="0.00" lane="left_1" pos="31.67" speed="77.74" angle="127.50" x="28.09" y="8.90"/>
        <vehicle id="cfm-fast_5" eclass="HBEFA3/PC_G_EU4" CO2="4311.52" CO="12.73" HC="0.16" NOx="1.44" PMx="0.06" fuel="1.85" electricity="0.00" noise="69.84" route="routebottom" type="cfm-fast" waiting="0.00" lane="right_0" pos="34.60" speed="21.78" angle="302.28" x="95.60" y="124.39"/>
        <vehicle id="cfm-slow_0" eclass="HBEFA3/PC_G_EU4" CO2="8416.60" CO="97.23" HC="0.65" NOx="3.38" PMx="0.17" fuel="3.62" electricity="0.00" noise="71.45" route="routebottom" type="cfm-slow" waiting="0.00" lane="right_0" pos="47.57" speed="21.76" angle="279.00" x="68.99" y="132.07"/>
        <vehicle id="cfm-slow_1" eclass="HBEFA3/PC_G_EU4" CO2="10599.43" CO="142.83" HC="0.91" NOx="4.39" PMx="0.23" fuel="4.56" electricity="0.00" noise="72.74" route="routetop" type="cfm-slow" waiting="0.00" lane="top_0" pos="14.50" speed="22.54" angle="248.38" x="33.46" y="125.26"/>
        <vehicle id="cfm-slow_2" eclass="HBEFA3/PC_G_EU4" CO2="12839.09" CO="190.71" HC="1.19" NOx="5.43" PMx="0.29" fuel="5.52" electricity="0.00" noise="74.11" route="routetop" type="cfm-slow" waiting="0.00" lane="top_0" pos="32.23" speed="23.64" angle="216.56" x="5.48" y="100.03"/>
        <vehicle id="cfm-slow_3" eclass="HBEFA3/PC_G_EU4" CO2="14363.89" CO="225.70" HC="1.38" NOx="6.11" PMx="0.33" fuel="6.17" electricity="0.00" noise="75.12" route="routetop" type="cfm-slow" waiting="0.00" lane="left_0" pos="1.10" speed="25.00" angle="182.49" x="-4.90" y="61.21"/>
        <vehicle id="cfm-slow_4" eclass="HBEFA3/PC_G_EU4" CO2="13842.97" CO="220.50" HC="1.35" NOx="5.84" PMx="0.32" fuel="5.95" electricity="0.00" noise="75.17" route="routetop" type="cfm-slow" waiting="0.00" lane="left_0" pos="21.35" speed="26.44" angle="146.02" x="9.93" y="21.02"/>
        <vehicle id="cfm-slow_5" eclass="HBEFA3/PC_G_EU4" CO2="9648.06" CO="140.01" HC="0.88" NOx="3.83" PMx="0.22" fuel="4.15" electricity="0.00" noise="73.95" route="routetop" type="cfm-slow" waiting="0.00" lane="left_0" pos="43.05" speed="27.64" angle="107.05" x="48.74" y="-3.29"/>
    </timestep>
    <timestep time="5.74">
        <vehicle id="cfm-fast_0" eclass="HBEFA3/PC_G_EU4" CO2="0.00" CO="0.00" HC="0.00" NOx="0.00" PMx="0.00" fuel="0.00" electricity="0.00" noise="72.30" route="routebottom" type="cfm-fast" waiting="0.00" lane="bottom_0" pos="16.20" speed="28.09" angle="65.29" x="97.12" y="3.77"/>
        <vehicle id="cfm-fast_1" eclass="HBEFA3/PC_G_EU4" CO2="0.00" CO="0.00" HC="0.00" NOx="0.00" PMx="0.00" fuel="0.00" electricity="0.00" noise="71.13" route="routebottom" type="cfm-fast" waiting="0.00" lane="bottom_0" pos="35.47" speed="27.35" angle="30.71" x="125.23" y="33.39"/>
        <vehicle id="cfm-fast_2" eclass="HBEFA3/PC_G_EU4" CO2="0.00" CO="0.00" HC="0.00" NOx="0.00" PMx="0.00" fuel="0.00" electricity="0.00" noise="70.01" route="routebottom" type="cfm-fast" waiting="0.00" lane="right_0" pos="3.89" speed="25.48" angle="357.54" x="131.76" y="72.10"/>
        <vehicle id="cfm-fast_3" eclass="HBEFA3/PC_G_EU4" CO2="0.00" CO="0.00" HC="0.00" NOx="0.00" PMx="0.00" fuel="0.00" electricity="0.00" noise="69.11" route="routebottom" type="cfm-fast" waiting="0.00" lane="right_0" pos="20.34" speed="23.32" angle="327.81" x="118.71" y="104.59"/>
        <vehicle id="cfm-fast_4" eclass="HBEFA3/PC_G_EU4" CO2="316939.09" CO="7793.38" HC="43.51" NOx="147.99" PMx="8.82" fuel="136.24" electricity="0.00" noise="152.44" route="routetop" type="cfm-fast" waiting="0.00" lane="left_1" pos="32.44" speed="77.88" angle="126.14" x="29.44" y="8.05"/>
        <vehicle id="cfm-fast_5" eclass="HBEFA3/PC_G_EU4" CO2="4340.83" CO="13.33" HC="0.17" NOx="1.46" PMx="0.07" fuel="1.87" electricity="0.00" noise="69.86" route="routebottom" type="cfm-fast" waiting="0.00" lane="right_0" pos="34.82" speed="21.78" angle="301.90" x="95.19" y="124.60"/>
        <vehicle id="cfm-slow_0" eclass="HBEFA3/PC_G_EU4" CO2="8432.32" CO="97.56" HC="0.65" NOx="3.39" PMx="0.17" fuel="3.62" electricity="0.00" noise="71.46" route="routebottom" type="cfm-slow" waiting="0.00" lane="right_0" pos="47.79" speed="21.77" angle="278.59" x="68.52" y="132.10"/>
        <vehicle id="cfm-slow_1" eclass="HBEFA3/PC_G_EU4" CO2="10615.79" CO="143.18" HC="0.91" NOx="4.40" PMx="0.23" fuel="4.56" electricity="0.00" noise="72.75" route="routetop" type="cfm-slow" waiting="0.00" lane="top_0" pos="14.72" speed="22.55" angle="247.95" x="33.02" y="125.04"/>
        <vehicle id="cfm-slow_2" eclass="HBEFA3/PC_G_EU4" CO2="12849.09" CO="190.95" HC="1.19" NOx="5.43" PMx="0.29" fuel="5.52" electricity="0.00" noise="74.12" route="routetop" type="cfm-slow" waiting="0.00" lane="top_0" pos="32.47" speed="23.65" angle="216.11" x="5.22" y="99.59"/>
        <vehicle id="cfm-slow_3" eclass="HBEFA3/PC_G_EU4" CO2="14355.28" CO="225.58" HC="1.38" NOx="6.11" PMx="0.33" fuel="6.17" electricity="0.00" noise="75.12" route="routetop" type="cfm-slow" waiting="0.00" lane="left_0" pos="1.35" speed="25.01" angle="182.06" x="-4.88" y="60.67"/>
        <vehicle id="cfm-slow_4" eclass="HBEFA3/PC_G_EU4" CO2="13799.77" CO="219.67" HC="1.34" NOx="5.82" PMx="0.32" fuel="5.93" electricity="0.00" noise="75.15" route="routetop" type="cfm-slow" waiting="0.00" lane="left_0" pos="21.61" speed="26.46" angle="145.53" x="10.28" y="20.57"/>
        <vehicle id="cfm-slow_5" eclass="HBEFA3/PC_G_EU4" CO2="9564.82" CO="138.33" HC="0.87" NOx="3.79" PMx="0.22" fuel="4.11" electricity="0.00" noise="73.93" route="routetop" type="cfm-slow" waiting="0.00" lane="left_0" pos="43.33" speed="27.64" angle="106.56" x="49.32" y="-3.43"/>
    </timestep>
    <timestep time="5.75">
        <vehicle id="cfm-fast_0" eclass="HBEFA3/PC_G_EU4" CO2="0.00" CO="0.00" HC="0.00" NOx="0.00" PMx="0.00" fuel="0.00" electricity="0.00" noise="72.28" route="routebottom" type="cfm-fast" waiting="0.00" lane="bottom_0" pos="16.48" speed="28.09" angle="64.78" x="97.65" y="4.07"/>
        <vehicle id="cfm-fast_1" eclass="HBEFA3/PC_G_EU4" CO2="0.00" CO="0.00" HC="0.00" NOx="0.00" PMx="0.00" fuel="0.00" electricity="0.00" noise="71.12" route="routebottom" type="cfm-fast" waiting="0.00" lane="bottom_0" pos="35.74" speed="27.33" angle="30.21" x="125.49" y="33.92"/>
        <vehicle id="cfm-fast_2" eclass="HBEFA3/PC_G_EU4" CO2="0.00" CO="0.00" HC="0.00" NOx="0.00" PMx="0.00" fuel="0.00" electricity="0.00" noise="70.00" route="routebottom" type="cfm-fast" waiting="0.00" lane="right_0" pos="4.14" speed="25.46" angle="357.08" x="131.68" y="72.65"/>
        <vehicle id="cfm-fast_3" eclass="HBEFA3/PC_G_EU4" CO2="0.00" CO="0.00" HC="0.00" NOx="0.00" PMx="0.00" fuel="0.00" electricity="0.00" noise="69.11" route="routebottom" type="cfm-fast" waiting="0.00" lane="right_0" pos="20.58" speed="23.31" angle="327.45" x="118.42" y="105.00"/>
        <vehicle id="cfm-fast_4" eclass="HBEFA3/PC_G_EU4" CO2="317572.98" CO="7812.90" HC="43.61" NOx="148.29" PMx="8.84" fuel="136.51" electricity="0.00" noise="152.50" route="routetop" type="cfm-fast" waiting="0.00" lane="left_1" pos="33.22" speed="78.01" angle="124.68" x="30.81" y="7.22"/>
        <vehicle id="cfm-fast_5" eclass="HBEFA3/PC_G_EU4" CO2="4370.11" CO="13.94" HC="0.17" NOx="1.47" PMx="0.07" fuel="1.88" electricity="0.00" noise="69.87" route="routebottom" type="cfm-fast" waiting="0.00" lane="right_0" pos="35.04" speed="21.79" angle="301.50" x="94.77" y="124.81"/>
        <vehicle id="cfm-slow_0" eclass="HBEFA3/PC_G_EU4" CO2="8448.09" CO="97.89" HC="0.65" NOx="3.40" PMx="0.17" fuel="3.63" electricity="0.00" noise="71.47" route="routebottom" type="cfm-slow" waiting="0.00" lane="right_0" pos="48.00" speed="21.77" angle="278.18" x="68.05" y="132.13"/>
        <vehicle id="cfm-slow_1" eclass="HBEFA3/PC_G_EU4" CO2="10632.13" CO="143.53" HC="0.92" NOx="4.41" PMx="0.23" fuel="4.57" electricity="0.00" noise="72.76" route="routetop" type="cfm-slow" waiting="0.00" lane="top_0" pos="14.95" speed="22.56" angle="247.52" x="32.59" y="124.82"/>
        <vehicle id="cfm-slow_2" eclass="HBEFA3/PC_G_EU4" CO2="12858.96" CO="191.18" HC="1.19" NOx="5.43" PMx="0.29" fuel="5.53" electricity="0.00" noise="74.13" route="routetop" type="cfm-slow" waiting="0.00" lane="top_0" pos="32.71" speed="23.67" angle="215.66" x="4.96" y="99.15"/>
        <vehicle id="cfm-slow_3" eclass="HBEFA3/PC_G_EU4" CO2="14346.40" CO="225.44" HC="1.38" NOx="6.11" PMx="0.33" fuel="6.17" electricity="0.00" noise="75.12" route="routetop" type="cfm-slow" waiting="0.00" lane="left_0" pos="1.60" speed="25.03" angle="181.61" x="-4.84" y="60.13"/>
        <vehicle id="cfm-slow_4" eclass="HBEFA3/PC_G_EU4" CO2="13756.23" CO="218.83" HC="1.34" NOx="5.79" PMx="0.32" fuel="5.91" electricity="0.00" noise="75.14" route="routetop" type="cfm-slow" waiting="0.00" lane="left_0" pos="21.88" speed="26.47" angle="145.10" x="10.64" y="20.13"/>
        <vehicle id="cfm-slow_5" eclass="HBEFA3/PC_G_EU4" CO2="9481.50" CO="136.65" HC="0.86" NOx="3.75" PMx="0.21" fuel="4.08" electricity="0.00" noise="73.90" route="routetop" type="cfm-slow" waiting="0.00" lane="left_0" pos="43.60" speed="27.65" angle="106.12" x="49.90" y="-3.56"/>
    </timestep>
    <timestep time="5.76">
        <vehicle id="cfm-fast_0" eclass="HBEFA3/PC_G_EU4" CO2="0.00" CO="0.00" HC="0.00" NOx="0.00" PMx="0.00" fuel="0.00" electricity="0.00" noise="72.27" route="routebottom" type="cfm-fast" waiting="0.00" lane="bottom_0" pos="16.76" speed="28.08" angle="64.31" x="98.17" y="4.37"/>
        <vehicle id="cfm-fast_1" eclass="HBEFA3/PC_G_EU4" CO2="0.00" CO="0.00" HC="0.00" NOx="0.00" PMx="0.00" fuel="0.00" electricity="0.00" noise="71.11" route="routebottom" type="cfm-fast" waiting="0.00" lane="bottom_0" pos="36.02" speed="27.31" angle="29.76" x="125.75" y="34.45"/>
        <vehicle id="cfm-fast_2" eclass="HBEFA3/PC_G_EU4" CO2="0.00" CO="0.00" HC="0.00" NOx="0.00" PMx="0.00" fuel="0.00" electricity="0.00" noise="69.99" route="routebottom" type="cfm-fast" waiting="0.00" lane="right_0" pos="4.40" speed="25.44" angle="356.62" x="131.60" y="73.19"/>
        <vehicle id="cfm-fast_3" eclass="HBEFA3/PC_G_EU4" CO2="0.00" CO="0.00" HC="0.00" NOx="0.00" PMx="0.00" fuel="0.00" electricity="0.00" noise="69.11" route="routebottom" type="cfm-fast" waiting="0.00" lane="right_0" pos="20.81" speed="23.29" angle="327.03" x="118.11" y="105.39"/>
        <vehicle id="cfm-fast_4" eclass="HBEFA3/PC_G_EU4" CO2="318207.16" CO="7832.45" HC="43.72" NOx="148.58" PMx="8.86" fuel="136.78" electricity="0.00" noise="152.57" route="routetop" type="cfm-fast" waiting="0.00" lane="left_1" pos="34.01" speed="78.15" angle="123.32" x="32.20" y="6.44"/>
        <vehicle id="cfm-fast_5" eclass="HBEFA3/PC_G_EU4" CO2="4399.35" CO="14.54" HC="0.17" NOx="1.49" PMx="0.07" fuel="1.89" electricity="0.00" noise="69.88" route="routebottom" type="cfm-fast" waiting="0.00" lane="right_0" pos="35.26" speed="21.79" angle="301.11" x="94.35" y="125.02"/>
        <vehicle id="cfm-slow_0" eclass="HBEFA3/PC_G_EU4" CO2="8463.92" CO="98.22" HC="0.65" NOx="3.40" PMx="0.17" fuel="3.64" electricity="0.00" noise="71.48" route="routebottom" type="cfm-slow" waiting="0.00" lane="right_0" pos="48.22" speed="21.78" angle="277.78" x="67.58" y="132.15"/>
        <vehicle id="cfm-slow_1" eclass="HBEFA3/PC_G_EU4" CO2="10648.46" CO="143.88" HC="0.92" NOx="4.42" PMx="0.23" fuel="4.58" electricity="0.00" noise="72.77" route="routetop" type="cfm-slow" waiting="0.00" lane="top_0" pos="15.17" speed="22.58" angle="247.09" x="32.16" y="124.60"/>
        <vehicle id="cfm-slow_2" eclass="HBEFA3/PC_G_EU4" CO2="12868.71" CO="191.41" HC="1.19" NOx="5.44" PMx="0.29" fuel="5.53" electricity="0.00" noise="74.14" route="routetop" type="cfm-slow" waiting="0.00" lane="top_0" pos="32.94" speed="23.68" angle="215.21" x="4.69" y="98.72"/>
        <vehicle id="cfm-slow_3" eclass="HBEFA3/PC_G_EU4" CO2="14337.26" CO="225.30" HC="1.38" NOx="6.10" PMx="0.33" fuel="6.16" electricity="0.00" noise="75.12" route="routetop" type="cfm-slow" waiting="0.00" lane="left_0" pos="1.85" speed="25.04" angle="181.16" x="-4.81" y="59.59"/>
        <vehicle id="cfm-slow_4" eclass="HBEFA3/PC_G_EU4" CO2="13712.35" CO="217.98" HC="1.34" NOx="5.77" PMx="0.32" fuel="5.89" electricity="0.00" noise="75.12" route="routetop" type="cfm-slow" waiting="0.00" lane="left_0" pos="22.14" speed="26.48" angle="144.61" x="11.01" y="19.69"/>
        <vehicle id="cfm-slow_5" eclass="HBEFA3/PC_G_EU4" CO2="9398.11" CO="134.97" HC="0.85" NOx="3.71" PMx="0.21" fuel="4.04" electricity="0.00" noise="73.88" route="routetop" type="cfm-slow" waiting="0.00" lane="left_0" pos="43.88" speed="27.66" angle="105.61" x="50.48" y="-3.67"/>
    </timestep>
    <timestep time="5.77">
        <vehicle id="cfm-fast_0" eclass="HBEFA3/PC_G_EU4" CO2="0.00" CO="0.00" HC="0.00" NOx="0.00" PMx="0.00" fuel="0.00" electricity="0.00" noise="72.25" route="routebottom" type="cfm-fast" waiting="0.00" lane="bottom_0" pos="17.04" speed="28.08" angle="63.80" x="98.69" y="4.68"/>
        <vehicle id="cfm-fast_1" eclass="HBEFA3/PC_G_EU4" CO2="0.00" CO="0.00" HC="0.00" NOx="0.00" PMx="0.00" fuel="0.00" electricity="0.00" noise="71.10" route="routebottom" type="cfm-fast" waiting="0.00" lane="bottom_0" pos="36.29" speed="27.30" angle="29.23" x="125.99" y="34.98"/>
        <vehicle id="cfm-fast_2" eclass="HBEFA3/PC_G_EU4" CO2="0.00" CO="0.00" HC="0.00" NOx="0.00" PMx="0.00" fuel="0.00" electricity="0.00" noise="69.98" route="routebottom" type="cfm-fast" waiting="0.00" lane="right_0" pos="4.65" speed="25.42" angle="356.16" x="131.52" y="73.73"/>
        <vehicle id="cfm-fast_3" eclass="HBEFA3/PC_G_EU4" CO2="0.00" CO="0.00" HC="0.00" NOx="0.00" PMx="0.00" fuel="0.00" electricity="0.00" noise="69.11" route="routebottom" type="cfm-fast" waiting="0.00" lane="right_0" pos="21.04" speed="23.28" angle="326.60" x="117.80" y="105.79"/>
        <vehicle id="cfm-fast_4" eclass="HBEFA3/PC_G_EU4" CO2="318841.63" CO="7852.01" HC="43.83" NOx="148.88" PMx="8.88" fuel="137.05" electricity="0.00" noise="152.64" route="routetop" type="cfm-fast" waiting="0.00" lane="left_1" pos="34.79" speed="78.28" angle="121.96" x="33.62" y="5.67"/>
        <vehicle id="cfm-fast_5" eclass="HBEFA3/PC_G_EU4" CO2="4428.57" CO="15.14" HC="0.18" NOx="1.50" PMx="0.07" fuel="1.90" electricity="0.00" noise="69.89" route="routebottom" type="cfm-fast" waiting="0.00" lane="right_0" pos="35.47" speed="21.79" angle="300.71" x="93.93" y="125.23"/>
        <vehicle id="cfm-slow_0" eclass="HBEFA3/PC_G_EU4" CO2="8479.80" CO="98.55" HC="0.66" NOx="3.41" PMx="0.17" fuel="3.65" electricity="0.00" noise="71.49" route="routebottom" type="cfm-slow" waiting="0.00" lane="right_0" pos="48.44" speed="21.79" angle="277.37" x="67.12" y="132.18"/>
        <vehicle id="cfm-slow_1" eclass="HBEFA3/PC_G_EU4" CO2="10664.78" CO="144.23" HC="0.92" NOx="4.42" PMx="0.23" fuel="4.58" electricity="0.00" noise="72.78" route="routetop" type="cfm-slow" waiting="0.00" lane="top_0" pos="15.40" speed="22.59" angle="246.73" x="31.72" y="124.38"/>
        <vehicle id="cfm-slow_2" eclass="HBEFA3/PC_G_EU4" CO2="12878.34" CO="191.64" HC="1.19" NOx="5.44" PMx="0.29" fuel="5.54" electricity="0.00" noise="74.14" route="routetop" type="cfm-slow" waiting="0.00" lane="top_0" pos="33.18" speed="23.70" angle="214.76" x="4.43" y="98.28"/>
        <vehicle id="cfm-slow_3" eclass="HBEFA3/PC_G_EU4" CO2="14327.83" CO="225.16" HC="1.38" NOx="6.10" PMx="0.33" fuel="6.16" electricity="0.00" noise="75.12" route="routetop" type="cfm-slow" waiting="0.00" lane="left_0" pos="2.10" speed="25.06" angle="180.71" x="-4.78" y="59.05"/>
        <vehicle id="cfm-slow_4" eclass="HBEFA3/PC_G_EU4" CO2="13668.13" CO="217.13" HC="1.33" NOx="5.75" PMx="0.32" fuel="5.88" electricity="0.00" noise="75.10" route="routetop" type="cfm-slow" waiting="0.00" lane="left_0" pos="22.41" speed="26.50" angle="144.11" x="11.38" y="19.26"/>
        <vehicle id="cfm-slow_5" eclass="HBEFA3/PC_G_EU4" CO2="9314.64" CO="133.28" HC="0.84" NOx="3.67" PMx="0.21" fuel="4.00" electricity="0.00" noise="73.86" route="routetop" type="cfm-slow" waiting="0.00" lane="left_0" pos="44.16" speed="27.66" angle="105.10" x="51.07" y="-3.78"/>
    </timestep>
    <timestep time="5.78">
        <vehicle id="cfm-fast_0" eclass="HBEFA3/PC_G_EU4" CO2="0.00" CO="0.00" HC="0.00" NOx="0.00" PMx="0.00" fuel="0.00" electricity="0.00" noise="72.24" route="routebottom" type="cfm-fast" waiting="0.00" lane="bottom_0" pos="17.32" speed="28.07" angle="63.28" x="99.21" y="4.99"/>
        <vehicle id="cfm-fast_1" eclass="HBEFA3/PC_G_EU4" CO2="0.00" CO="0.00" HC="0.00" NOx="0.00" PMx="0.00" fuel="0.00" electricity="0.00" noise="71.09" route="routebottom" type="cfm-fast" waiting="0.00" lane="bottom_0" pos="36.56" speed="27.28" angle="28.70" x="126.23" y="35.52"/>
        <vehicle id="cfm-fast_2" eclass="HBEFA3/PC_G_EU4" CO2="0.00" CO="0.00" HC="0.00" NOx="0.00" PMx="0.00" fuel="0.00" electricity="0.00" noise="69.97" route="routebottom" type="cfm-fast" waiting="0.00" lane="right_0" pos="4.91" speed="25.40" angle="355.70" x="131.45" y="74.27"/>
        <vehicle id="cfm-fast_3" eclass="HBEFA3/PC_G_EU4" CO2="0.00" CO="0.00" HC="0.00" NOx="0.00" PMx="0.00" fuel="0.00" electricity="0.00" noise="69.11" route="routebottom" type="cfm-fast" waiting="0.00" lane="right_0" pos="21.27" speed="23.27" angle="326.18" x="117.49" y="106.18"/>
        <vehicle id="cfm-fast_4" eclass="HBEFA3/PC_G_EU4" CO2="319476.40" CO="7871.60" HC="43.93" NOx="149.18" PMx="8.90" fuel="137.33" electricity="0.00" noise="152.70" route="routetop" type="cfm-fast" waiting="0.00" lane="left_1" pos="35.57" speed="78.42" angle="120.53" x="35.05" y="4.95"/>
        <vehicle id="cfm-fast_5" eclass="HBEFA3/PC_G_EU4" CO2="4457.76" CO="15.74" HC="0.18" NOx="1.51" PMx="0.07" fuel="1.92" electricity="0.00" noise="69.90" route="routebottom" type="cfm-fast" waiting="0.00" lane="right_0" pos="35.69" speed="21.79" angle="300.32" x="93.51" y="125.44"/>
        <vehicle id="cfm-slow_0" eclass="HBEFA3/PC_G_EU4" CO2="8495.73" CO="98.89" HC="0.66" NOx="3.42" PMx="0.17" fuel="3.65" electricity="0.00" noise="71.50" route="routebottom" type="cfm-slow" waiting="0.00" lane="right_0" pos="48.66" speed="21.80" angle="276.97" x="66.65" y="132.21"/>
        <vehicle id="cfm-slow_1" eclass="HBEFA3/PC_G_EU4" CO2="10681.09" CO="144.58" HC="0.92" NOx="4.43" PMx="0.23" fuel="4.59" electricity="0.00" noise="72.79" route="routetop" type="cfm-slow" waiting="0.00" lane="top_0" pos="15.62" speed="22.60" angle="246.33" x="31.30" y="124.15"/>
        <vehicle id="cfm-slow_2" eclass="HBEFA3/PC_G_EU4" CO2="12887.84" CO="191.87" HC="1.19" NOx="5.45" PMx="0.29" fuel="5.54" electricity="0.00" noise="74.15" route="routetop" type="cfm-slow" waiting="0.00" lane="top_0" pos="33.42" speed="23.71" angle="214.39" x="4.17" y="97.84"/>
        <vehicle id="cfm-slow_3" eclass="HBEFA3/PC_G_EU4" CO2="14318.14" CO="225.01" HC="1.38" NOx="6.09" PMx="0.33" fuel="6.15" electricity="0.00" noise="75.12" route="routetop" type="cfm-slow" waiting="0.00" lane="left_0" pos="2.35" speed="25.07" angle="180.26" x="-4.75" y="58.52"/>
        <vehicle id="cfm-slow_4" eclass="HBEFA3/PC_G_EU4" CO2="13623.57" CO="216.27" HC="1.33" NOx="5.73" PMx="0.32" fuel="5.86" electricity="0.00" noise="75.09" route="routetop" type="cfm-slow" waiting="0.00" lane="left_0" pos="22.67" speed="26.51" angle="143.62" x="11.75" y="18.82"/>
        <vehicle id="cfm-slow_5" eclass="HBEFA3/PC_G_EU4" CO2="9231.10" CO="131.59" HC="0.83" NOx="3.63" PMx="0.21" fuel="3.97" electricity="0.00" noise="73.83" route="routetop" type="cfm-slow" waiting="0.00" lane="left_0" pos="44.43" speed="27.67" angle="104.59" x="51.65" y="-3.89"/>
    </timestep>
    <timestep time="5.79">
        <vehicle id="cfm-fast_0" eclass="HBEFA3/PC_G_EU4" CO2="0.00" CO="0.00" HC="0.00" NOx="0.00" PMx="0.00" fuel="0.00" electricity="0.00" noise="72.22" route="routebottom" type="cfm-fast" waiting="0.00" lane="bottom_0" pos="17.60" speed="28.07" angle="62.76" x="99.72" y="5.30"/>
        <vehicle id="cfm-fast_1" eclass="HBEFA3/PC_G_EU4" CO2="0.00" CO="0.00" HC="0.00" NOx="0.00" PMx="0.00" fuel="0.00" electricity="0.00" noise="71.08" route="routebottom" type="cfm-fast" waiting="0.00" lane="bottom_0" pos="36.84" speed="27.26" angle="28.17" x="126.47" y="36.05"/>
        <vehicle id="cfm-fast_2" eclass="HBEFA3/PC_G_EU4" CO2="0.00" CO="0.00" HC="0.00" NOx="0.00" PMx="0.00" fuel="0.00" electricity="0.00" noise="69.97" route="routebottom" type="cfm-fast" waiting="0.00" lane="right_0" pos="5.16" speed="25.38" angle="355.19" x="131.36" y="74.81"/>
        <vehicle id="cfm-fast_3" eclass="HBEFA3/PC_G_EU4" CO2="0.00" CO="0.00" HC="0.00" NOx="0.00" PMx="0.00" fuel="0.00" electricity="0.00" noise="69.11" route="routebottom" type="cfm-fast" waiting="0.00" lane="right_0" pos="21.51" speed="23.26" angle="325.76" x="117.18" y="106.58"/>
        <vehicle id="cfm-fast_4" eclass="HBEFA3/PC_G_EU4" CO2="320111.45" CO="7891.21" HC="44.04" NOx="149.48" PMx="8.92" fuel="137.60" electricity="0.00" noise="152.77" route="routetop" type="cfm-fast" waiting="0.00" lane="left_1" pos="36.36" speed="78.56" angle="119.11" x="36.51" y="4.27"/>
        <vehicle id="cfm-fast_5" eclass="HBEFA3/PC_G_EU4" CO2="4486.92" CO="16.35" HC="0.18" NOx="1.53" PMx="0.07" fuel="1.93" electricity="0.00" noise="69.91" route="routebottom" type="cfm-fast" waiting="0.00" lane="right_0" pos="35.91" speed="21.79" angle="299.97" x="93.09" y="125.65"/>
        <vehicle id="cfm-slow_0" eclass="HBEFA3/PC_G_EU4" CO2="8511.70" CO="99.22" HC="0.66" NOx="3.43" PMx="0.17" fuel="3.66" electricity="0.00" noise="71.51" route="routebottom" type="cfm-slow" waiting="0.00" lane="right_0" pos="48.88" speed="21.81" angle="276.61" x="66.18" y="132.22"/>
        <vehicle id="cfm-slow_1" eclass="HBEFA3/PC_G_EU4" CO2="10697.37" CO="144.93" HC="0.92" NOx="4.44" PMx="0.23" fuel="4.60" electricity="0.00" noise="72.80" route="routetop" type="cfm-slow" waiting="0.00" lane="top_0" pos="15.85" speed="22.61" angle="245.92" x="30.87" y="123.91"/>
        <vehicle id="cfm-slow_2" eclass="HBEFA3/PC_G_EU4" CO2="12897.21" CO="192.09" HC="1.19" NOx="5.45" PMx="0.29" fuel="5.54" electricity="0.00" noise="74.16" route="routetop" type="cfm-slow" waiting="0.00" lane="top_0" pos="33.65" speed="23.72" angle="213.95" x="3.93" y="97.39"/>
        <vehicle id="cfm-slow_3" eclass="HBEFA3/PC_G_EU4" CO2="14308.17" CO="224.86" HC="1.38" NOx="6.09" PMx="0.33" fuel="6.15" electricity="0.00" noise="75.11" route="routetop" type="cfm-slow" waiting="0.00" lane="left_0" pos="2.60" speed="25.09" angle="179.83" x="-4.71" y="57.98"/>
        <vehicle id="cfm-slow_4" eclass="HBEFA3/PC_G_EU4" CO2="13578.67" CO="215.40" HC="1.32" NOx="5.71" PMx="0.32" fuel="5.84" electricity="0.00" noise="75.07" route="routetop" type="cfm-slow" waiting="0.00" lane="left_0" pos="22.94" speed="26.52" angle="143.12" x="12.12" y="18.39"/>
        <vehicle id="cfm-slow_5" eclass="HBEFA3/PC_G_EU4" CO2="9147.50" CO="129.90" HC="0.82" NOx="3.59" PMx="0.21" fuel="3.93" electricity="0.00" noise="73.81" route="routetop" type="cfm-slow" waiting="0.00" lane="left_0" pos="44.71" speed="27.67" angle="104.08" x="52.24" y="-3.99"/>
    </timestep>
    <timestep time="5.80">
        <vehicle id="cfm-fast_0" eclass="HBEFA3/PC_G_EU4" CO2="0.00" CO="0.00" HC="0.00" NOx="0.00" PMx="0.00" fuel="0.00" electricity="0.00" noise="72.21" route="routebottom" type="cfm-fast" waiting="0.00" lane="bottom_0" pos="17.88" speed="28.06" angle="62.29" x="100.24" y="5.61"/>
        <vehicle id="cfm-fast_1" eclass="HBEFA3/PC_G_EU4" CO2="0.00" CO="0.00" HC="0.00" NOx="0.00" PMx="0.00" fuel="0.00" electricity="0.00" noise="71.07" route="routebottom" type="cfm-fast" waiting="0.00" lane="bottom_0" pos="37.11" speed="27.25" angle="27.67" x="126.70" y="36.59"/>
        <vehicle id="cfm-fast_2" eclass="HBEFA3/PC_G_EU4" CO2="0.00" CO="0.00" HC="0.00" NOx="0.00" PMx="0.00" fuel="0.00" electricity="0.00" noise="69.96" route="routebottom" type="cfm-fast" waiting="0.00" lane="right_0" pos="5.41" speed="25.36" angle="354.72" x="131.26" y="75.35"/>
        <vehicle id="cfm-fast_3" eclass="HBEFA3/PC_G_EU4" CO2="0.00" CO="0.00" HC="0.00" NOx="0.00" PMx="0.00" fuel="0.00" electricity="0.00" noise="69.11" route="routebottom" type="cfm-fast" waiting="0.00" lane="right_0" pos="21.74" speed="23.25" angle="325.37" x="116.87" y="106.97"/>
        <vehicle id="cfm-fast_4" eclass="HBEFA3/PC_G_EU4" CO2="320746.80" CO="7910.84" HC="44.14" NOx="149.78" PMx="8.94" fuel="137.87" electricity="0.00" noise="152.83" route="routetop" type="cfm-fast" waiting="0.00" lane="left_1" pos="37.15" speed="78.69" angle="117.66" x="37.98" y="3.61"/>
        <vehicle id="cfm-fast_5" eclass="HBEFA3/PC_G_EU4" CO2="4516.05" CO="16.95" HC="0.19" NOx="1.54" PMx="0.07" fuel="1.94" electricity="0.00" noise="69.92" route="routebottom" type="cfm-fast" waiting="0.00" lane="right_0" pos="36.13" speed="21.79" angle="299.56" x="92.66" y="125.84"/>
        <vehicle id="cfm-slow_0" eclass="HBEFA3/PC_G_EU4" CO2="8527.72" CO="99.55" HC="0.66" NOx="3.43" PMx="0.17" fuel="3.67" electricity="0.00" noise="71.52" route="routebottom" type="cfm-slow" waiting="0.00" lane="right_0" pos="49.09" speed="21.82" angle="276.21" x="65.71" y="132.23"/>
        <vehicle id="cfm-slow_1" eclass="HBEFA3/PC_G_EU4" CO2="10713.64" CO="145.28" HC="0.93" NOx="4.45" PMx="0.23" fuel="4.61" electricity="0.00" noise="72.81" route="routetop" type="cfm-slow" waiting="0.00" lane="top_0" pos="16.08" speed="22.62" angle="245.51" x="30.45" y="123.68"/>
        <vehicle id="cfm-slow_2" eclass="HBEFA3/PC_G_EU4" CO2="12906.45" CO="192.31" HC="1.20" NOx="5.46" PMx="0.29" fuel="5.55" electricity="0.00" noise="74.17" route="routetop" type="cfm-slow" waiting="0.00" lane="top_0" pos="33.89" speed="23.74" angle="213.52" x="3.68" y="96.95"/>
        <vehicle id="cfm-slow_3" eclass="HBEFA3/PC_G_EU4" CO2="14297.92" CO="224.70" HC="1.38" NOx="6.08" PMx="0.33" fuel="6.15" electricity="0.00" noise="75.11" route="routetop" type="cfm-slow" waiting="0.00" lane="left_0" pos="2.85" speed="25.11" angle="179.38" x="-4.66" y="57.44"/>
        <vehicle id="cfm-slow_4" eclass="HBEFA3/PC_G_EU4" CO2="13533.44" CO="214.53" HC="1.31" NOx="5.69" PMx="0.32" fuel="5.82" electricity="0.00" noise="75.05" route="routetop" type="cfm-slow" waiting="0.00" lane="left_0" pos="23.20" speed="26.53" angle="142.71" x="12.50" y="17.96"/>
        <vehicle id="cfm-slow_5" eclass="HBEFA3/PC_G_EU4" CO2="9063.84" CO="128.21" HC="0.81" NOx="3.55" PMx="0.20" fuel="3.90" electricity="0.00" noise="73.79" route="routetop" type="cfm-slow" waiting="0.00" lane="left_0" pos="44.99" speed="27.68" angle="103.63" x="52.83" y="-4.09"/>
    </timestep>
    <timestep time="5.81">
        <vehicle id="cfm-fast_0" eclass="HBEFA3/PC_G_EU4" CO2="0.00" CO="0.00" HC="0.00" NOx="0.00" PMx="0.00" fuel="0.00" electricity="0.00" noise="72.19" route="routebottom" type="cfm-fast" waiting="0.00" lane="bottom_0" pos="18.16" speed="28.06" angle="61.80" x="100.75" y="5.94"/>
        <vehicle id="cfm-fast_1" eclass="HBEFA3/PC_G_EU4" CO2="0.00" CO="0.00" HC="0.00" NOx="0.00" PMx="0.00" fuel="0.00" electricity="0.00" noise="71.06" route="routebottom" type="cfm-fast" waiting="0.00" lane="bottom_0" pos="37.38" speed="27.23" angle="27.22" x="126.93" y="37.13"/>
        <vehicle id="cfm-fast_2" eclass="HBEFA3/PC_G_EU4" CO2="0.00" CO="0.00" HC="0.00" NOx="0.00" PMx="0.00" fuel="0.00" electricity="0.00" noise="69.95" route="routebottom" type="cfm-fast" waiting="0.00" lane="right_0" pos="5.67" speed="25.34" angle="354.24" x="131.17" y="75.88"/>
        <vehicle id="cfm-fast_3" eclass="HBEFA3/PC_G_EU4" CO2="0.00" CO="0.00" HC="0.00" NOx="0.00" PMx="0.00" fuel="0.00" electricity="0.00" noise="69.11" route="routebottom" type="cfm-fast" waiting="0.00" lane="right_0" pos="21.97" speed="23.23" angle="324.95" x="116.55" y="107.35"/>
        <vehicle id="cfm-fast_4" eclass="HBEFA3/PC_G_EU4" CO2="321382.44" CO="7930.49" HC="44.25" NOx="150.07" PMx="8.96" fuel="138.15" electricity="0.00" noise="152.90" route="routetop" type="cfm-fast" waiting="0.00" lane="left_1" pos="37.93" speed="78.83" angle="116.20" x="39.48" y="3.01"/>
        <vehicle id="cfm-fast_5" eclass="HBEFA3/PC_G_EU4" CO2="4545.16" CO="17.55" HC="0.19" NOx="1.55" PMx="0.07" fuel="1.95" electricity="0.00" noise="69.93" route="routebottom" type="cfm-fast" waiting="0.00" lane="right_0" pos="36.35" speed="21.80" angle="299.13" x="92.24" y="126.03"/>
        <vehicle id="cfm-slow_0" eclass="HBEFA3/PC_G_EU4" CO2="8543.79" CO="99.89" HC="0.66" NOx="3.44" PMx="0.18" fuel="3.67" electricity="0.00" noise="71.53" route="routebottom" type="cfm-slow" waiting="0.00" lane="right_0" pos="49.31" speed="21.83" angle="275.80" x="65.24" y="132.24"/>
        <vehicle id="cfm-slow_1" eclass="HBEFA3/PC_G_EU4" CO2="10729.90" CO="145.63" HC="0.93" NOx="4.45" PMx="0.23" fuel="4.61" electricity="0.00" noise="72.83" route="routetop" type="cfm-slow" waiting="0.00" lane="top_0" pos="16.30" speed="22.63" angle="245.10" x="30.02" y="123.44"/>
        <vehicle id="cfm-slow_2" eclass="HBEFA3/PC_G_EU4" CO2="12915.56" CO="192.53" HC="1.20" NOx="5.46" PMx="0.29" fuel="5.55" electricity="0.00" noise="74.17" route="routetop" type="cfm-slow" waiting="0.00" lane="top_0" pos="34.13" speed="23.75" angle="213.09" x="3.43" y="96.50"/>
        <vehicle id="cfm-slow_3" eclass="HBEFA3/PC_G_EU4" CO2="14287.39" CO="224.53" HC="1.38" NOx="6.08" PMx="0.33" fuel="6.14" electricity="0.00" noise="75.11" route="routetop" type="cfm-slow" waiting="0.00" lane="left_0" pos="3.10" speed="25.12" angle="178.93" x="-4.60" y="56.90"/>
        <vehicle id="cfm-slow_4" eclass="HBEFA3/PC_G_EU4" CO2="13487.87" CO="213.65" HC="1.31" NOx="5.67" PMx="0.31" fuel="5.80" electricity="0.00" noise="75.04" route="routetop" type="cfm-slow" waiting="0.00" lane="left_0" pos="23.47" speed="26.55" angle="142.23" x="12.88" y="17.54"/>
        <vehicle id="cfm-slow_5" eclass="HBEFA3/PC_G_EU4" CO2="8980.13" CO="126.52" HC="0.80" NOx="3.51" PMx="0.20" fuel="3.86" electricity="0.00" noise="73.76" route="routetop" type="cfm-slow" waiting="0.00" lane="left_0" pos="45.26" speed="27.69" angle="103.12" x="53.42" y="-4.18"/>
    </timestep>
    <timestep time="5.82">
        <vehicle id="cfm-fast_0" eclass="HBEFA3/PC_G_EU4" CO2="0.00" CO="0.00" HC="0.00" NOx="0.00" PMx="0.00" fuel="0.00" electricity="0.00" noise="72.18" route="routebottom" type="cfm-fast" waiting="0.00" lane="bottom_0" pos="18.45" speed="28.05" angle="61.27" x="101.25" y="6.28"/>
        <vehicle id="cfm-fast_1" eclass="HBEFA3/PC_G_EU4" CO2="0.00" CO="0.00" HC="0.00" NOx="0.00" PMx="0.00" fuel="0.00" electricity="0.00" noise="71.05" route="routebottom" type="cfm-fast" waiting="0.00" lane="bottom_0" pos="37.65" speed="27.21" angle="26.73" x="127.15" y="37.67"/>
        <vehicle id="cfm-fast_2" eclass="HBEFA3/PC_G_EU4" CO2="0.00" CO="0.00" HC="0.00" NOx="0.00" PMx="0.00" fuel="0.00" electricity="0.00" noise="69.94" route="routebottom" type="cfm-fast" waiting="0.00" lane="right_0" pos="5.92" speed="25.32" angle="353.77" x="131.07" y="76.42"/>
        <vehicle id="cfm-fast_3" eclass="HBEFA3/PC_G_EU4" CO2="0.00" CO="0.00" HC="0.00" NOx="0.00" PMx="0.00" fuel="0.00" electricity="0.00" noise="69.11" route="routebottom" type="cfm-fast" waiting="0.00" lane="right_0" pos="22.20" speed="23.22" angle="324.51" x="116.23" y="107.73"/>
        <vehicle id="cfm-fast_4" eclass="HBEFA3/PC_G_EU4" CO2="322018.37" CO="7950.16" HC="44.35" NOx="150.37" PMx="8.98" fuel="138.42" electricity="0.00" noise="152.97" route="routetop" type="cfm-fast" waiting="0.00" lane="left_1" pos="38.72" speed="78.97" angle="114.79" x="40.99" y="2.43"/>
        <vehicle id="cfm-fast_5" eclass="HBEFA3/PC_G_EU4" CO2="4574.23" CO="18.15" HC="0.19" NOx="1.57" PMx="0.07" fuel="1.97" electricity="0.00" noise="69.94" route="routebottom" type="cfm-fast" waiting="0.00" lane="right_0" pos="36.56" speed="21.80" angle="298.71" x="91.81" y="126.22"/>
        <vehicle id="cfm-slow_0" eclass="HBEFA3/PC_G_EU4" CO2="8559.91" CO="100.23" HC="0.67" NOx="3.45" PMx="0.18" fuel="3.68" electricity="0.00" noise="71.54" route="routebottom" type="cfm-slow" waiting="0.00" lane="right_0" pos="49.53" speed="21.84" angle="275.39" x="64.77" y="132.25"/>
        <vehicle id="cfm-slow_1" eclass="HBEFA3/PC_G_EU4" CO2="10746.13" CO="145.97" HC="0.93" NOx="4.46" PMx="0.23" fuel="4.62" electricity="0.00" noise="72.84" route="routetop" type="cfm-slow" waiting="0.00" lane="top_0" pos="16.53" speed="22.65" angle="244.70" x="29.59" y="123.21"/>
        <vehicle id="cfm-slow_2" eclass="HBEFA3/PC_G_EU4" CO2="12924.54" CO="192.75" HC="1.20" NOx="5.46" PMx="0.29" fuel="5.56" electricity="0.00" noise="74.18" route="routetop" type="cfm-slow" waiting="0.00" lane="top_0" pos="34.37" speed="23.77" angle="212.66" x="3.18" y="96.05"/>
        <vehicle id="cfm-slow_3" eclass="HBEFA3/PC_G_EU4" CO2="14276.59" CO="224.36" HC="1.38" NOx="6.07" PMx="0.33" fuel="6.14" electricity="0.00" noise="75.11" route="routetop" type="cfm-slow" waiting="0.00" lane="left_0" pos="3.36" speed="25.14" angle="178.48" x="-4.55" y="56.36"/>
        <vehicle id="cfm-slow_4" eclass="HBEFA3/PC_G_EU4" CO2="13441.98" CO="212.76" HC="1.30" NOx="5.64" PMx="0.31" fuel="5.78" electricity="0.00" noise="75.02" route="routetop" type="cfm-slow" waiting="0.00" lane="left_0" pos="23.73" speed="26.56" angle="141.75" x="13.27" y="17.12"/>
        <vehicle id="cfm-slow_5" eclass="HBEFA3/PC_G_EU4" CO2="8896.38" CO="124.82" HC="0.79" NOx="3.47" PMx="0.20" fuel="3.82" electricity="0.00" noise="73.74" route="routetop" type="cfm-slow" waiting="0.00" lane="left_0" pos="45.54" speed="27.69" angle="102.61" x="54.01" y="-4.26"/>
    </timestep>
    <timestep time="5.83">
        <vehicle id="cfm-fast_0" eclass="HBEFA3/PC_G_EU4" CO2="0.00" CO="0.00" HC="0.00" NOx="0.00" PMx="0.00" fuel="0.00" electricity="0.00" noise="72.16" route="routebottom" type="cfm-fast" waiting="0.00" lane="bottom_0" pos="18.73" speed="28.04" angle="60.74" x="101.75" y="6.61"/>
        <vehicle id="cfm-fast_1" eclass="HBEFA3/PC_G_EU4" CO2="0.00" CO="0.00" HC="0.00" NOx="0.00" PMx="0.00" fuel="0.00" electricity="0.00" noise="71.04" route="routebottom" type="cfm-fast" waiting="0.00" lane="bottom_0" pos="37.92" speed="27.20" angle="26.24" x="127.36" y="38.22"/>
        <vehicle id="cfm-fast_2" eclass="HBEFA3/PC_G_EU4" CO2="0.00" CO="0.00" HC="0.00" NOx="0.00" PMx="0.00" fuel="0.00" electricity="0.00" noise="69.93" route="routebottom" type="cfm-fast" waiting="0.00" lane="right_0" pos="6.17" speed="25.30" angle="353.30" x="130.97" y="76.95"/>
        <vehicle id="cfm-fast_3" eclass="HBEFA3/PC_G_EU4" CO2="0.00" CO="0.00" HC="0.00" NOx="0.00" PMx="0.00" fuel="0.00" electricity="0.00" noise="69.11" route="routebottom" type="cfm-fast" waiting="0.00" lane="right_0" pos="22.44" speed="23.21" angle="324.07" x="115.91" y="108.11"/>
        <vehicle id="cfm-fast_4" eclass="HBEFA3/PC_G_EU4" CO2="322654.59" CO="7969.86" HC="44.46" NOx="150.67" PMx="9.00" fuel="138.69" electricity="0.00" noise="153.03" route="routetop" type="cfm-fast" waiting="0.00" lane="left_1" pos="39.51" speed="79.10" angle="113.33" x="42.52" y="1.88"/>
        <vehicle id="cfm-fast_5" eclass="HBEFA3/PC_G_EU4" CO2="4603.27" CO="18.75" HC="0.20" NOx="1.58" PMx="0.07" fuel="1.98" electricity="0.00" noise="69.95" route="routebottom" type="cfm-fast" waiting="0.00" lane="right_0" pos="36.78" speed="21.80" angle="298.28" x="91.38" y="126.41"/>
        <vehicle id="cfm-slow_0" eclass="HBEFA3/PC_G_EU4" CO2="8576.07" CO="100.56" HC="0.67" NOx="3.46" PMx="0.18" fuel="3.69" electricity="0.00" noise="71.55" route="routebottom" type="cfm-slow" waiting="0.00" lane="right_0" pos="49.75" speed="21.84" angle="274.98" x="64.30" y="132.26"/>
        <vehicle id="cfm-slow_1" eclass="HBEFA3/PC_G_EU4" CO2="10762.34" CO="146.32" HC="0.93" NOx="4.47" PMx="0.23" fuel="4.63" electricity="0.00" noise="72.85" route="routetop" type="cfm-slow" waiting="0.00" lane="top_0" pos="16.76" speed="22.66" angle="244.34" x="29.17" y="122.97"/>
        <vehicle id="cfm-slow_2" eclass="HBEFA3/PC_G_EU4" CO2="12933.39" CO="192.96" HC="1.20" NOx="5.47" PMx="0.29" fuel="5.56" electricity="0.00" noise="74.19" route="routetop" type="cfm-slow" waiting="0.00" lane="top_0" pos="34.60" speed="23.78" angle="212.28" x="2.93" y="95.60"/>
        <vehicle id="cfm-slow_3" eclass="HBEFA3/PC_G_EU4" CO2="14265.51" CO="224.18" HC="1.38" NOx="6.06" PMx="0.33" fuel="6.13" electricity="0.00" noise="75.10" route="routetop" type="cfm-slow" waiting="0.00" lane="left_0" pos="3.61" speed="25.15" angle="178.03" x="-4.49" y="55.83"/>
        <vehicle id="cfm-slow_4" eclass="HBEFA3/PC_G_EU4" CO2="13395.75" CO="211.87" HC="1.30" NOx="5.62" PMx="0.31" fuel="5.76" electricity="0.00" noise="75.01" route="routetop" type="cfm-slow" waiting="0.00" lane="left_0" pos="24.00" speed="26.57" angle="141.27" x="13.66" y="16.70"/>
        <vehicle id="cfm-slow_5" eclass="HBEFA3/PC_G_EU4" CO2="8812.59" CO="123.12" HC="0.78" NOx="3.43" PMx="0.20" fuel="3.79" electricity="0.00" noise="73.72" route="routetop" type="cfm-slow" waiting="0.00" lane="left_0" pos="45.82" speed="27.70" angle="102.09" x="54.60" y="-4.34"/>
    </timestep>
    <timestep time="5.84">
        <vehicle id="cfm-fast_0" eclass="HBEFA3/PC_G_EU4" CO2="0.00" CO="0.00" HC="0.00" NOx="0.00" PMx="0.00" fuel="0.00" electricity="0.00" noise="72.15" route="routebottom" type="cfm-fast" waiting="0.00" lane="bottom_0" pos="19.01" speed="28.04" angle="60.22" x="102.25" y="6.94"/>
        <vehicle id="cfm-fast_1" eclass="HBEFA3/PC_G_EU4" CO2="0.00" CO="0.00" HC="0.00" NOx="0.00" PMx="0.00" fuel="0.00" electricity="0.00" noise="71.03" route="routebottom" type="cfm-fast" waiting="0.00" lane="bottom_0" pos="38.20" speed="27.18" angle="25.75" x="127.58" y="38.76"/>
        <vehicle id="cfm-fast_2" eclass="HBEFA3/PC_G_EU4" CO2="0.00" CO="0.00" HC="0.00" NOx="0.00" PMx="0.00" fuel="0.00" electricity="0.00" noise="69.92" route="routebottom" type="cfm-fast" waiting="0.00" lane="right_0" pos="6.43" speed="25.29" angle="352.89" x="130.87" y="77.49"/>
        <vehicle id="cfm-fast_3" eclass="HBEFA3/PC_G_EU4" CO2="0.00" CO="0.00" HC="0.00" NOx="0.00" PMx="0.00" fuel="0.00" electricity="0.00" noise="69.11" route="routebottom" type="cfm-fast" waiting="0.00" lane="right_0" pos="22.67" speed="23.20" angle="323.63" x="115.58" y="108.50"/>
        <vehicle id="cfm-fast_4" eclass="HBEFA3/PC_G_EU4" CO2="323291.11" CO="7989.57" HC="44.57" NOx="150.97" PMx="9.01" fuel="138.97" electricity="0.00" noise="153.10" route="routetop" type="cfm-fast" waiting="0.00" lane="left_1" pos="40.31" speed="79.24" angle="111.93" x="44.06" y="1.37"/>
        <vehicle id="cfm-fast_5" eclass="HBEFA3/PC_G_EU4" CO2="4632.28" CO="19.34" HC="0.20" NOx="1.60" PMx="0.07" fuel="1.99" electricity="0.00" noise="69.96" route="routebottom" type="cfm-fast" waiting="0.00" lane="right_0" pos="37.00" speed="21.80" angle="297.86" x="90.95" y="126.61"/>
        <vehicle id="cfm-slow_0" eclass="HBEFA3/PC_G_EU4" CO2="8592.27" CO="100.90" HC="0.67" NOx="3.46" PMx="0.18" fuel="3.69" electricity="0.00" noise="71.57" route="routebottom" type="cfm-slow" waiting="0.00" lane="right_0" pos="49.97" speed="21.85" angle="274.60" x="63.83" y="132.27"/>
        <vehicle id="cfm-slow_1" eclass="HBEFA3/PC_G_EU4" CO2="10778.53" CO="146.67" HC="0.93" NOx="4.48" PMx="0.23" fuel="4.63" electricity="0.00" noise="72.86" route="routetop" type="cfm-slow" waiting="0.00" lane="top_0" pos="16.98" speed="22.67" angle="243.93" x="28.75" y="122.72"/>
        <vehicle id="cfm-slow_2" eclass="HBEFA3/PC_G_EU4" CO2="12942.10" CO="193.17" HC="1.20" NOx="5.47" PMx="0.29" fuel="5.56" electricity="0.00" noise="74.20" route="routetop" type="cfm-slow" waiting="0.00" lane="top_0" pos="34.84" speed="23.80" angle="211.85" x="2.70" y="95.15"/>
        <vehicle id="cfm-slow_3" eclass="HBEFA3/PC_G_EU4" CO2="14254.14" CO="224.00" HC="1.37" NOx="6.06" PMx="0.33" fuel="6.13" electricity="0.00" noise="75.10" route="routetop" type="cfm-slow" waiting="0.00" lane="left_0" pos="3.86" speed="25.17" angle="177.60" x="-4.44" y="55.29"/>
        <vehicle id="cfm-slow_4" eclass="HBEFA3/PC_G_EU4" CO2="13349.20" CO="210.96" HC="1.29" NOx="5.60" PMx="0.31" fuel="5.74" electricity="0.00" noise="74.99" route="routetop" type="cfm-slow" waiting="0.00" lane="left_0" pos="24.27" speed="26.58" angle="140.81" x="14.04" y="16.28"/>
        <vehicle id="cfm-slow_5" eclass="HBEFA3/PC_G_EU4" CO2="8728.76" CO="121.43" HC="0.77" NOx="3.40" PMx="0.19" fuel="3.75" electricity="0.00" noise="73.70" route="routetop" type="cfm-slow" waiting="0.00" lane="left_0" pos="46.09" speed="27.70" angle="101.60" x="55.19" y="-4.42"/>
    </timestep>
    <timestep time="5.85">
        <vehicle id="cfm-fast_0" eclass="HBEFA3/PC_G_EU4" CO2="0.00" CO="0.00" HC="0.00" NOx="0.00" PMx="0.00" fuel="0.00" electricity="0.00" noise="72.13" route="routebottom" type="cfm-fast" waiting="0.00" lane="bottom_0" pos="19.29" speed="28.03" angle="59.76" x="102.75" y="7.28"/>
        <vehicle id="cfm-fast_1" eclass="HBEFA3/PC_G_EU4" CO2="0.00" CO="0.00" HC="0.00" NOx="0.00" PMx="0.00" fuel="0.00" electricity="0.00" noise="71.02" route="routebottom" type="cfm-fast" waiting="0.00" lane="bottom_0" pos="38.47" speed="27.16" angle="25.31" x="127.80" y="39.30"/>
        <vehicle id="cfm-fast_2" eclass="HBEFA3/PC_G_EU4" CO2="0.00" CO="0.00" HC="0.00" NOx="0.00" PMx="0.00" fuel="0.00" electricity="0.00" noise="69.91" route="routebottom" type="cfm-fast" waiting="0.00" lane="right_0" pos="6.68" speed="25.27" angle="352.41" x="130.75" y="78.02"/>
        <vehicle id="cfm-fast_3" eclass="HBEFA3/PC_G_EU4" CO2="0.00" CO="0.00" HC="0.00" NOx="0.00" PMx="0.00" fuel="0.00" electricity="0.00" noise="69.11" route="routebottom" type="cfm-fast" waiting="0.00" lane="right_0" pos="22.90" speed="23.19" angle="323.19" x="115.26" y="108.88"/>
        <vehicle id="cfm-fast_4" eclass="HBEFA3/PC_G_EU4" CO2="323927.92" CO="8009.31" HC="44.67" NOx="151.27" PMx="9.03" fuel="139.24" electricity="0.00" noise="153.16" route="routetop" type="cfm-fast" waiting="0.00" lane="left_1" pos="41.10" speed="79.38" angle="110.52" x="45.62" y="0.90"/>
        <vehicle id="cfm-fast_5" eclass="HBEFA3/PC_G_EU4" CO2="4661.26" CO="19.94" HC="0.20" NOx="1.61" PMx="0.07" fuel="2.00" electricity="0.00" noise="69.97" route="routebottom" type="cfm-fast" waiting="0.00" lane="right_0" pos="37.22" speed="21.80" angle="297.52" x="90.52" y="126.80"/>
        <vehicle id="cfm-slow_0" eclass="HBEFA3/PC_G_EU4" CO2="8608.52" CO="101.24" HC="0.67" NOx="3.47" PMx="0.18" fuel="3.70" electricity="0.00" noise="71.58" route="routetop" type="cfm-slow" waiting="0.00" lane="top_0" pos="0.19" speed="21.86" angle="274.14" x="63.17" y="132.26"/>
        <vehicle id="cfm-slow_1" eclass="HBEFA3/PC_G_EU4" CO2="10794.69" CO="147.02" HC="0.94" NOx="4.48" PMx="0.24" fuel="4.64" electricity="0.00" noise="72.87" route="routetop" type="cfm-slow" waiting="0.00" lane="top_0" pos="17.21" speed="22.68" angle="243.52" x="28.33" y="122.47"/>
        <vehicle id="cfm-slow_2" eclass="HBEFA3/PC_G_EU4" CO2="12950.67" CO="193.38" HC="1.20" NOx="5.47" PMx="0.29" fuel="5.57" electricity="0.00" noise="74.20" route="routetop" type="cfm-slow" waiting="0.00" lane="top_0" pos="35.08" speed="23.81" angle="211.41" x="2.48" y="94.69"/>
        <vehicle id="cfm-slow_3" eclass="HBEFA3/PC_G_EU4" CO2="14242.49" CO="223.81" HC="1.37" NOx="6.05" PMx="0.33" fuel="6.12" electricity="0.00" noise="75.10" route="routetop" type="cfm-slow" waiting="0.00" lane="left_0" pos="4.11" speed="25.18" angle="177.14" x="-4.36" y="54.75"/>
        <vehicle id="cfm-slow_4" eclass="HBEFA3/PC_G_EU4" CO2="13302.32" CO="210.05" HC="1.29" NOx="5.58" PMx="0.31" fuel="5.72" electricity="0.00" noise="74.97" route="routetop" type="cfm-slow" waiting="0.00" lane="left_0" pos="24.53" speed="26.60" angle="140.36" x="14.44" y="15.87"/>
        <vehicle id="cfm-slow_5" eclass="HBEFA3/PC_G_EU4" CO2="8644.90" CO="119.73" HC="0.76" NOx="3.36" PMx="0.19" fuel="3.72" electricity="0.00" noise="73.67" route="routetop" type="cfm-slow" waiting="0.00" lane="left_0" pos="46.37" speed="27.71" angle="101.13" x="55.78" y="-4.49"/>
    </timestep>
    <timestep time="5.86">
        <vehicle id="cfm-fast_0" eclass="HBEFA3/PC_G_EU4" CO2="0.00" CO="0.00" HC="0.00" NOx="0.00" PMx="0.00" fuel="0.00" electricity="0.00" noise="72.12" route="routebottom" type="cfm-fast" waiting="0.00" lane="bottom_0" pos="19.57" speed="28.02" angle="59.24" x="103.24" y="7.63"/>
        <vehicle id="cfm-fast_1" eclass="HBEFA3/PC_G_EU4" CO2="0.00" CO="0.00" HC="0.00" NOx="0.00" PMx="0.00" fuel="0.00" electricity="0.00" noise="71.01" route="routebottom" type="cfm-fast" waiting="0.00" lane="bottom_0" pos="38.74" speed="27.15" angle="24.82" x="128.00" y="39.85"/>
        <vehicle id="cfm-fast_2" eclass="HBEFA3/PC_G_EU4" CO2="0.00" CO="0.00" HC="0.00" NOx="0.00" PMx="0.00" fuel="0.00" electricity="0.00" noise="69.90" route="routebottom" type="cfm-fast" waiting="0.00" lane="right_0" pos="6.93" speed="25.25" angle="351.94" x="130.63" y="78.55"/>
        <vehicle id="cfm-fast_3" eclass="HBEFA3/PC_G_EU4" CO2="0.00" CO="0.00" HC="0.00" NOx="0.00" PMx="0.00" fuel="0.00" electricity="0.00" noise="69.11" route="routebottom" type="cfm-fast" waiting="0.00" lane="right_0" pos="23.13" speed="23.18" angle="322.84" x="114.93" y="109.25"/>
        <vehicle id="cfm-fast_4" eclass="HBEFA3/PC_G_EU4" CO2="324565.02" CO="8029.07" HC="44.78" NOx="151.57" PMx="9.05" fuel="139.51" electricity="0.00" noise="153.23" route="routetop" type="cfm-fast" waiting="0.00" lane="left_1" pos="41.90" speed="79.51" angle="109.06" x="47.20" y="0.47"/>
        <vehicle id="cfm-fast_5" eclass="HBEFA3/PC_G_EU4" CO2="4690.21" CO="20.54" HC="0.21" NOx="1.62" PMx="0.07" fuel="2.02" electricity="0.00" noise="69.98" route="routebottom" type="cfm-fast" waiting="0.00" lane="right_0" pos="37.44" speed="21.80" angle="297.13" x="90.09" y="126.97"/>
        <vehicle id="cfm-slow_0" eclass="HBEFA3/PC_G_EU4" CO2="8624.81" CO="101.58" HC="0.67" NOx="3.48" PMx="0.18" fuel="3.71" electricity="0.00" noise="71.59" route="routetop" type="cfm-slow" waiting="0.00" lane="top_0" pos="0.40" speed="21.87" angle="273.74" x="62.70" y="132.25"/>
        <vehicle id="cfm-slow_1" eclass="HBEFA3/PC_G_EU4" CO2="10810.83" CO="147.37" HC="0.94" NOx="4.49" PMx="0.24" fuel="4.65" electricity="0.00" noise="72.88" route="routetop" type="cfm-slow" waiting="0.00" lane="top_0" pos="17.44" speed="22.69" angle="243.11" x="27.91" y="122.22"/>
        <vehicle id="cfm-slow_2" eclass="HBEFA3/PC_G_EU4" CO2="12959.10" CO="193.59" HC="1.20" NOx="5.48" PMx="0.29" fuel="5.57" electricity="0.00" noise="74.21" route="routetop" type="cfm-slow" waiting="0.00" lane="top_0" pos="35.32" speed="23.83" angle="210.97" x="2.25" y="94.23"/>
        <vehicle id="cfm-slow_3" eclass="HBEFA3/PC_G_EU4" CO2="14230.57" CO="223.61" HC="1.37" NOx="6.05" PMx="0.33" fuel="6.12" electricity="0.00" noise="75.09" route="routetop" type="cfm-slow" waiting="0.00" lane="left_0" pos="4.36" speed="25.20" angle="176.68" x="-4.29" y="54.21"/>
        <vehicle id="cfm-slow_4" eclass="HBEFA3/PC_G_EU4" CO2="13255.12" CO="209.14" HC="1.28" NOx="5.56" PMx="0.31" fuel="5.70" electricity="0.00" noise="74.96" route="routetop" type="cfm-slow" waiting="0.00" lane="left_0" pos="24.80" speed="26.61" angle="139.88" x="14.85" y="15.46"/>
        <vehicle id="cfm-slow_5" eclass="HBEFA3/PC_G_EU4" CO2="8561.02" CO="118.03" HC="0.75" NOx="3.32" PMx="0.19" fuel="3.68" electricity="0.00" noise="73.65" route="routetop" type="cfm-slow" waiting="0.00" lane="left_0" pos="46.65" speed="27.71" angle="100.62" x="56.37" y="-4.55"/>
    </timestep>
    <timestep time="5.87">
        <vehicle id="cfm-fast_0" eclass="HBEFA3/PC_G_EU4" CO2="0.00" CO="0.00" HC="0.00" NOx="0.00" PMx="0.00" fuel="0.00" electricity="0.00" noise="72.10" route="routebottom" type="cfm-fast" waiting="0.00" lane="bottom_0" pos="19.85" speed="28.02" angle="58.72" x="103.73" y="7.99"/>
        <vehicle id="cfm-fast_1" eclass="HBEFA3/PC_G_EU4" CO2="0.00" CO="0.00" HC="0.00" NOx="0.00" PMx="0.00" fuel="0.00" electricity="0.00" noise="71.00" route="routebottom" type="cfm-fast" waiting="0.00" lane="bottom_0" pos="39.01" speed="27.13" angle="24.33" x="128.20" y="40.40"/>
        <vehicle id="cfm-fast_2" eclass="HBEFA3/PC_G_EU4" CO2="0.00" CO="0.00" HC="0.00" NOx="0.00" PMx="0.00" fuel="0.00" electricity="0.00" noise="69.89" route="routebottom" type="cfm-fast" waiting="0.00" lane="right_0" pos="7.18" speed="25.23" angle="351.47" x="130.51" y="79.08"/>
        <vehicle id="cfm-fast_3" eclass="HBEFA3/PC_G_EU4" CO2="0.00" CO="0.00" HC="0.00" NOx="0.00" PMx="0.00" fuel="0.00" electricity="0.00" noise="69.11" route="routebottom" type="cfm-fast" waiting="0.00" lane="right_0" pos="23.36" speed="23.16" angle="322.42" x="114.60" y="109.62"/>
        <vehicle id="cfm-fast_4" eclass="HBEFA3/PC_G_EU4" CO2="325202.41" CO="8048.85" HC="44.89" NOx="151.87" PMx="9.07" fuel="139.79" electricity="0.00" noise="153.29" route="routetop" type="cfm-fast" waiting="0.00" lane="left_1" pos="42.69" speed="79.65" angle="107.68" x="48.78" y="0.08"/>
        <vehicle id="cfm-fast_5" eclass="HBEFA3/PC_G_EU4" CO2="4719.12" CO="21.14" HC="0.21" NOx="1.64" PMx="0.08" fuel="2.03" electricity="0.00" noise="69.99" route="routebottom" type="cfm-fast" waiting="0.00" lane="right_0" pos="37.65" speed="21.81" angle="296.74" x="89.65" y="127.15"/>
        <vehicle id="cfm-slow_0" eclass="HBEFA3/PC_G_EU4" CO2="8641.14" CO="101.92" HC="0.68" NOx="3.49" PMx="0.18" fuel="3.71" electricity="0.00" noise="71.60" route="routetop" type="cfm-slow" waiting="0.00" lane="top_0" pos="0.62" speed="21.88" angle="273.35" x="62.23" y="132.24"/>
        <vehicle id="cfm-slow_1" eclass="HBEFA3/PC_G_EU4" CO2="10826.94" CO="147.71" HC="0.94" NOx="4.50" PMx="0.24" fuel="4.65" electricity="0.00" noise="72.89" route="routetop" type="cfm-slow" waiting="0.00" lane="top_0" pos="17.66" speed="22.71" angle="242.70" x="27.49" y="121.97"/>
        <vehicle id="cfm-slow_2" eclass="HBEFA3/PC_G_EU4" CO2="12967.39" CO="193.79" HC="1.20" NOx="5.48" PMx="0.29" fuel="5.57" electricity="0.00" noise="74.22" route="routetop" type="cfm-slow" waiting="0.00" lane="top_0" pos="35.56" speed="23.84" angle="210.53" x="2.02" y="93.77"/>
        <vehicle id="cfm-slow_3" eclass="HBEFA3/PC_G_EU4" CO2="14218.35" CO="223.41" HC="1.37" NOx="6.04" PMx="0.33" fuel="6.11" electricity="0.00" noise="75.09" route="routetop" type="cfm-slow" waiting="0.00" lane="left_0" pos="4.61" speed="25.21" angle="176.23" x="-4.21" y="53.68"/>
        <vehicle id="cfm-slow_4" eclass="HBEFA3/PC_G_EU4" CO2="13207.60" CO="208.22" HC="1.28" NOx="5.53" PMx="0.31" fuel="5.68" electricity="0.00" noise="74.94" route="routetop" type="cfm-slow" waiting="0.00" lane="left_0" pos="25.06" speed="26.62" angle="139.39" x="15.25" y="15.06"/>
        <vehicle id="cfm-slow_5" eclass="HBEFA3/PC_G_EU4" CO2="8477.12" CO="116.33" HC="0.74" NOx="3.28" PMx="0.19" fuel="3.64" electricity="0.00" noise="73.63" route="routetop" type="cfm-slow" waiting="0.00" lane="left_0" pos="46.93" speed="27.72" angle="100.12" x="56.97" y="-4.61"/>
    </timestep>
    <timestep time="5.88">
        <vehicle id="cfm-fast_0" eclass="HBEFA3/PC_G_EU4" CO2="0.00" CO="0.00" HC="0.00" NOx="0.00" PMx="0.00" fuel="0.00" electricity="0.00" noise="72.09" route="routebottom" type="cfm-fast" waiting="0.00" lane="bottom_0" pos="20.13" speed="28.01" angle="58.20" x="104.22" y="8.34"/>
        <vehicle id="cfm-fast_1" eclass="HBEFA3/PC_G_EU4" CO2="0.00" CO="0.00" HC="0.00" NOx="0.00" PMx="0.00" fuel="0.00" electricity="0.00" noise="70.99" route="routebottom" type="cfm-fast" waiting="0.00" lane="bottom_0" pos="39.28" speed="27.11" angle="23.84" x="128.40" y="40.95"/>
        <vehicle id="cfm-fast_2" eclass="HBEFA3/PC_G_EU4" CO2="0.00" CO="0.00" HC="0.00" NOx="0.00" PMx="0.00" fuel="0.00" electricity="0.00" noise="69.89" route="routebottom" type="cfm-fast" waiting="0.00" lane="right_0" pos="7.43" speed="25.21" angle="350.99" x="130.39" y="79.61"/>
        <vehicle id="cfm-fast_3" eclass="HBEFA3/PC_G_EU4" CO2="0.00" CO="0.00" HC="0.00" NOx="0.00" PMx="0.00" fuel="0.00" electricity="0.00" noise="69.11" route="routebottom" type="cfm-fast" waiting="0.00" lane="right_0" pos="23.59" speed="23.15" angle="322.00" x="114.26" y="109.98"/>
        <vehicle id="cfm-fast_4" eclass="HBEFA3/PC_G_EU4" CO2="325840.09" CO="8068.65" HC="44.99" NOx="152.17" PMx="9.09" fuel="140.06" electricity="0.00" noise="153.36" route="routetop" type="cfm-fast" waiting="0.00" lane="left_1" pos="43.49" speed="79.78" angle="106.26" x="50.38" y="-0.28"/>
        <vehicle id="cfm-fast_5" eclass="HBEFA3/PC_G_EU4" CO2="4748.01" CO="21.73" HC="0.21" NOx="1.65" PMx="0.08" fuel="2.04" electricity="0.00" noise="70.00" route="routebottom" type="cfm-fast" waiting="0.00" lane="right_0" pos="37.87" speed="21.81" angle="296.34" x="89.22" y="127.32"/>
        <vehicle id="cfm-slow_0" eclass="HBEFA3/PC_G_EU4" CO2="8657.50" CO="102.27" HC="0.68" NOx="3.49" PMx="0.18" fuel="3.72" electricity="0.00" noise="71.61" route="routetop" type="cfm-slow" waiting="0.00" lane="top_0" pos="0.84" speed="21.89" angle="272.95" x="61.76" y="132.24"/>
        <vehicle id="cfm-slow_1" eclass="HBEFA3/PC_G_EU4" CO2="10843.02" CO="148.06" HC="0.94" NOx="4.51" PMx="0.24" fuel="4.66" electricity="0.00" noise="72.90" route="routetop" type="cfm-slow" waiting="0.00" lane="top_0" pos="17.89" speed="22.72" angle="242.33" x="27.07" y="121.72"/>
        <vehicle id="cfm-slow_2" eclass="HBEFA3/PC_G_EU4" CO2="12975.53" CO="193.99" HC="1.20" NOx="5.49" PMx="0.29" fuel="5.58" electricity="0.00" noise="74.22" route="routetop" type="cfm-slow" waiting="0.00" lane="top_0" pos="35.80" speed="23.85" angle="210.10" x="1.79" y="93.31"/>
        <vehicle id="cfm-slow_3" eclass="HBEFA3/PC_G_EU4" CO2="14205.85" CO="223.20" HC="1.37" NOx="6.03" PMx="0.33" fuel="6.11" electricity="0.00" noise="75.09" route="routetop" type="cfm-slow" waiting="0.00" lane="left_0" pos="4.87" speed="25.23" angle="175.77" x="-4.14" y="53.14"/>
        <vehicle id="cfm-slow_4" eclass="HBEFA3/PC_G_EU4" CO2="13159.75" CO="207.29" HC="1.27" NOx="5.51" PMx="0.31" fuel="5.66" electricity="0.00" noise="74.92" route="routetop" type="cfm-slow" waiting="0.00" lane="left_0" pos="25.33" speed="26.63" angle="138.90" x="15.66" y="14.65"/>
        <vehicle id="cfm-slow_5" eclass="HBEFA3/PC_G_EU4" CO2="8393.20" CO="114.62" HC="0.73" NOx="3.24" PMx="0.19" fuel="3.61" electricity="0.00" noise="73.61" route="routetop" type="cfm-slow" waiting="0.00" lane="left_0" pos="47.20" speed="27.72" angle="99.61" x="57.56" y="-4.67"/>
    </timestep>
    <timestep time="5.89">
        <vehicle id="cfm-fast_0" eclass="HBEFA3/PC_G_EU4" CO2="0.00" CO="0.00" HC="0.00" NOx="0.00" PMx="0.00" fuel="0.00" electricity="0.00" noise="72.08" route="routebottom" type="cfm-fast" waiting="0.00" lane="bottom_0" pos="20.41" speed="28.00" angle="57.71" x="104.71" y="8.69"/>
        <vehicle id="cfm-fast_1" eclass="HBEFA3/PC_G_EU4" CO2="0.00" CO="0.00" HC="0.00" NOx="0.00" PMx="0.00" fuel="0.00" electricity="0.00" noise="70.97" route="routebottom" type="cfm-fast" waiting="0.00" lane="bottom_0" pos="39.55" speed="27.10" angle="23.36" x="128.59" y="41.50"/>
        <vehicle id="cfm-fast_2" eclass="HBEFA3/PC_G_EU4" CO2="0.00" CO="0.00" HC="0.00" NOx="0.00" PMx="0.00" fuel="0.00" electricity="0.00" noise="69.88" route="routebottom" type="cfm-fast" waiting="0.00" lane="right_0" pos="7.69" speed="25.19" angle="350.59" x="130.27" y="80.14"/>
        <vehicle id="cfm-fast_3" eclass="HBEFA3/PC_G_EU4" CO2="0.00" CO="0.00" HC="0.00" NOx="0.00" PMx="0.00" fuel="0.00" electricity="0.00" noise="69.11" route="routebottom" type="cfm-fast" waiting="0.00" lane="right_0" pos="23.83" speed="23.14" angle="321.58" x="113.92" y="110.35"/>
        <vehicle id="cfm-fast_4" eclass="HBEFA3/PC_G_EU4" CO2="326478.06" CO="8088.48" HC="45.10" NOx="152.47" PMx="9.11" fuel="140.34" electricity="0.00" noise="153.43" route="routetop" type="cfm-fast" waiting="0.00" lane="left_1" pos="44.29" speed="79.92" angle="104.82" x="51.99" y="-0.59"/>
        <vehicle id="cfm-fast_5" eclass="HBEFA3/PC_G_EU4" CO2="4776.86" CO="22.33" HC="0.22" NOx="1.66" PMx="0.08" fuel="2.05" electricity="0.00" noise="70.01" route="routebottom" type="cfm-fast" waiting="0.00" lane="right_0" pos="38.09" speed="21.81" angle="295.95" x="88.78" y="127.49"/>
        <vehicle id="cfm-slow_0" eclass="HBEFA3/PC_G_EU4" CO2="8673.91" CO="102.61" HC="0.68" NOx="3.50" PMx="0.18" fuel="3.73" electricity="0.00" noise="71.62" route="routetop" type="cfm-slow" waiting="0.00" lane="top_0" pos="1.06" speed="21.90" angle="272.55" x="61.29" y="132.23"/>
        <vehicle id="cfm-slow_1" eclass="HBEFA3/PC_G_EU4" CO2="10859.07" CO="148.41" HC="0.94" NOx="4.51" PMx="0.24" fuel="4.67" electricity="0.00" noise="72.91" route="routetop" type="cfm-slow" waiting="0.00" lane="top_0" pos="18.12" speed="22.73" angle="241.92" x="26.66" y="121.45"/>
        <vehicle id="cfm-slow_2" eclass="HBEFA3/PC_G_EU4" CO2="12983.53" CO="194.19" HC="1.21" NOx="5.49" PMx="0.29" fuel="5.58" electricity="0.00" noise="74.23" route="routetop" type="cfm-slow" waiting="0.00" lane="top_0" pos="36.03" speed="23.87" angle="209.71" x="1.57" y="92.85"/>
        <vehicle id="cfm-slow_3" eclass="HBEFA3/PC_G_EU4" CO2="14193.07" CO="222.99" HC="1.37" NOx="6.03" PMx="0.33" fuel="6.10" electricity="0.00" noise="75.08" route="routetop" type="cfm-slow" waiting="0.00" lane="left_0" pos="5.12" speed="25.24" angle="175.28" x="-4.06" y="52.60"/>
        <vehicle id="cfm-slow_4" eclass="HBEFA3/PC_G_EU4" CO2="13111.59" CO="206.35" HC="1.27" NOx="5.49" PMx="0.31" fuel="5.64" electricity="0.00" noise="74.90" route="routetop" type="cfm-slow" waiting="0.00" lane="left_0" pos="25.60" speed="26.65" angle="138.45" x="16.06" y="14.25"/>
        <vehicle id="cfm-slow_5" eclass="HBEFA3/PC_G_EU4" CO2="8309.28" CO="112.92" HC="0.72" NOx="3.20" PMx="0.18" fuel="3.57" electricity="0.00" noise="73.58" route="routetop" type="cfm-slow" waiting="0.00" lane="left_0" pos="47.48" speed="27.72" angle="99.16" x="58.15" y="-4.73"/>
    </timestep>
    <timestep time="5.90">
        <vehicle id="cfm-fast_0" eclass="HBEFA3/PC_G_EU4" CO2="0.00" CO="0.00" HC="0.00" NOx="0.00" PMx="0.00" fuel="0.00" electricity="0.00" noise="72.06" route="routebottom" type="cfm-fast" waiting="0.00" lane="bottom_0" pos="20.69" speed="28.00" angle="57.24" x="105.19" y="9.05"/>
        <vehicle id="cfm-fast_1" eclass="HBEFA3/PC_G_EU4" CO2="0.00" CO="0.00" HC="0.00" NOx="0.00" PMx="0.00" fuel="0.00" electricity="0.00" noise="70.96" route="routebottom" type="cfm-fast" waiting="0.00" lane="bottom_0" pos="39.82" speed="27.08" angle="22.92" x="128.79" y="42.05"/>
        <vehicle id="cfm-fast_2" eclass="HBEFA3/PC_G_EU4" CO2="0.00" CO="0.00" HC="0.00" NOx="0.00" PMx="0.00" fuel="0.00" electricity="0.00" noise="69.87" route="routebottom" type="cfm-fast" waiting="0.00" lane="right_0" pos="7.94" speed="25.17" angle="350.13" x="130.13" y="80.66"/>
        <vehicle id="cfm-fast_3" eclass="HBEFA3/PC_G_EU4" CO2="0.00" CO="0.00" HC="0.00" NOx="0.00" PMx="0.00" fuel="0.00" electricity="0.00" noise="69.11" route="routebottom" type="cfm-fast" waiting="0.00" lane="right_0" pos="24.06" speed="23.13" angle="321.17" x="113.58" y="110.71"/>
        <vehicle id="cfm-fast_4" eclass="HBEFA3/PC_G_EU4" CO2="327116.33" CO="8108.32" HC="45.21" NOx="152.77" PMx="9.13" fuel="140.61" electricity="0.00" noise="153.49" route="routetop" type="cfm-fast" waiting="0.00" lane="left_1" pos="45.09" speed="80.06" angle="103.40" x="53.60" y="-0.87"/>
        <vehicle id="cfm-fast_5" eclass="HBEFA3/PC_G_EU4" CO2="4805.69" CO="22.92" HC="0.22" NOx="1.68" PMx="0.08" fuel="2.07" electricity="0.00" noise="70.02" route="routebottom" type="cfm-fast" waiting="0.00" lane="right_0" pos="38.31" speed="21.81" angle="295.55" x="88.34" y="127.67"/>
        <vehicle id="cfm-slow_0" eclass="HBEFA3/PC_G_EU4" CO2="8690.36" CO="102.95" HC="0.68" NOx="3.51" PMx="0.18" fuel="3.74" electricity="0.00" noise="71.63" route="routetop" type="cfm-slow" waiting="0.00" lane="top_0" pos="1.28" speed="21.91" angle="272.18" x="60.82" y="132.21"/>
        <vehicle id="cfm-slow_1" eclass="HBEFA3/PC_G_EU4" CO2="10875.09" CO="148.75" HC="0.95" NOx="4.52" PMx="0.24" fuel="4.67" electricity="0.00" noise="72.92" route="routetop" type="cfm-slow" waiting="0.00" lane="top_0" pos="18.35" speed="22.74" angle="241.48" x="26.26" y="121.18"/>
        <vehicle id="cfm-slow_2" eclass="HBEFA3/PC_G_EU4" CO2="12991.39" CO="194.38" HC="1.21" NOx="5.49" PMx="0.29" fuel="5.58" electricity="0.00" noise="74.24" route="routetop" type="cfm-slow" waiting="0.00" lane="top_0" pos="36.27" speed="23.88" angle="209.26" x="1.36" y="92.38"/>
        <vehicle id="cfm-slow_3" eclass="HBEFA3/PC_G_EU4" CO2="14180.00" CO="222.77" HC="1.37" NOx="6.02" PMx="0.33" fuel="6.10" electricity="0.00" noise="75.08" route="routetop" type="cfm-slow" waiting="0.00" lane="left_0" pos="5.37" speed="25.26" angle="174.82" x="-3.96" y="52.07"/>
        <vehicle id="cfm-slow_4" eclass="HBEFA3/PC_G_EU4" CO2="13063.12" CO="205.41" HC="1.26" NOx="5.46" PMx="0.30" fuel="5.62" electricity="0.00" noise="74.89" route="routetop" type="cfm-slow" waiting="0.00" lane="left_0" pos="25.86" speed="26.66" angle="137.98" x="16.48" y="13.85"/>
        <vehicle id="cfm-slow_5" eclass="HBEFA3/PC_G_EU4" CO2="8225.35" CO="111.22" HC="0.71" NOx="3.16" PMx="0.18" fuel="3.54" electricity="0.00" noise="73.56" route="routetop" type="cfm-slow" waiting="0.00" lane="left_0" pos="47.76" speed="27.73" angle="98.63" x="58.75" y="-4.76"/>
    </timestep>
    <timestep time="5.91">
        <vehicle id="cfm-fast_0" eclass="HBEFA3/PC_G_EU4" CO2="0.00" CO="0.00" HC="0.00" NOx="0.00" PMx="0.00" fuel="0.00" electricity="0.00" noise="72.05" route="routebottom" type="cfm-fast" waiting="0.00" lane="bottom_0" pos="20.97" speed="27.99" angle="56.73" x="105.67" y="9.43"/>
        <vehicle id="cfm-fast_1" eclass="HBEFA3/PC_G_EU4" CO2="0.00" CO="0.00" HC="0.00" NOx="0.00" PMx="0.00" fuel="0.00" electricity="0.00" noise="70.95" route="routebottom" type="cfm-fast" waiting="0.00" lane="bottom_0" pos="40.09" speed="27.06" angle="22.40" x="128.96" y="42.60"/>
        <vehicle id="cfm-fast_2" eclass="HBEFA3/PC_G_EU4" CO2="0.00" CO="0.00" HC="0.00" NOx="0.00" PMx="0.00" fuel="0.00" electricity="0.00" noise="69.86" route="routebottom" type="cfm-fast" waiting="0.00" lane="right_0" pos="8.19" speed="25.15" angle="349.67" x="129.99" y="81.18"/>
        <vehicle id="cfm-fast_3" eclass="HBEFA3/PC_G_EU4" CO2="0.00" CO="0.00" HC="0.00" NOx="0.00" PMx="0.00" fuel="0.00" electricity="0.00" noise="69.11" route="routebottom" type="cfm-fast" waiting="0.00" lane="right_0" pos="24.29" speed="23.12" angle="320.78" x="113.24" y="111.08"/>
        <vehicle id="cfm-fast_4" eclass="HBEFA3/PC_G_EU4" CO2="327754.89" CO="8128.19" HC="45.31" NOx="153.07" PMx="9.15" fuel="140.89" electricity="0.00" noise="153.56" route="routetop" type="cfm-fast" waiting="0.00" lane="left_1" pos="45.89" speed="80.19" angle="101.93" x="55.23" y="-1.10"/>
        <vehicle id="cfm-fast_5" eclass="HBEFA3/PC_G_EU4" CO2="4834.48" CO="23.51" HC="0.22" NOx="1.69" PMx="0.08" fuel="2.08" electricity="0.00" noise="70.03" route="routebottom" type="cfm-fast" waiting="0.00" lane="right_0" pos="38.53" speed="21.82" angle="295.21" x="87.91" y="127.84"/>
        <vehicle id="cfm-slow_0" eclass="HBEFA3/PC_G_EU4" CO2="8706.84" CO="103.30" HC="0.68" NOx="3.52" PMx="0.18" fuel="3.74" electricity="0.00" noise="71.64" route="routetop" type="cfm-slow" waiting="0.00" lane="top_0" pos="1.50" speed="21.92" angle="271.78" x="60.34" y="132.19"/>
        <vehicle id="cfm-slow_1" eclass="HBEFA3/PC_G_EU4" CO2="10891.08" CO="149.10" HC="0.95" NOx="4.53" PMx="0.24" fuel="4.68" electricity="0.00" noise="72.94" route="routetop" type="cfm-slow" waiting="0.00" lane="top_0" pos="18.57" speed="22.75" angle="241.03" x="25.85" y="120.90"/>
        <vehicle id="cfm-slow_2" eclass="HBEFA3/PC_G_EU4" CO2="12999.10" CO="194.58" HC="1.21" NOx="5.50" PMx="0.30" fuel="5.59" electricity="0.00" noise="74.24" route="routetop" type="cfm-slow" waiting="0.00" lane="top_0" pos="36.51" speed="23.90" angle="208.81" x="1.15" y="91.91"/>
        <vehicle id="cfm-slow_3" eclass="HBEFA3/PC_G_EU4" CO2="14166.65" CO="222.55" HC="1.37" NOx="6.02" PMx="0.33" fuel="6.09" electricity="0.00" noise="75.08" route="routetop" type="cfm-slow" waiting="0.00" lane="left_0" pos="5.62" speed="25.27" angle="174.36" x="-3.86" y="51.53"/>
        <vehicle id="cfm-slow_4" eclass="HBEFA3/PC_G_EU4" CO2="13014.33" CO="204.46" HC="1.26" NOx="5.44" PMx="0.30" fuel="5.59" electricity="0.00" noise="74.87" route="routetop" type="cfm-slow" waiting="0.00" lane="left_0" pos="26.13" speed="26.67" angle="137.48" x="16.91" y="13.47"/>
        <vehicle id="cfm-slow_5" eclass="HBEFA3/PC_G_EU4" CO2="8141.43" CO="109.51" HC="0.70" NOx="3.12" PMx="0.18" fuel="3.50" electricity="0.00" noise="73.54" route="routetop" type="cfm-slow" waiting="0.00" lane="left_0" pos="48.03" speed="27.73" angle="98.09" x="59.34" y="-4.80"/>
    </timestep>
    <timestep time="5.92">
        <vehicle id="cfm-fast_0" eclass="HBEFA3/PC_G_EU4" CO2="0.00" CO="0.00" HC="0.00" NOx="0.00" PMx="0.00" fuel="0.00" electricity="0.00" noise="72.04" route="routebottom" type="cfm-fast" waiting="0.00" lane="bottom_0" pos="21.25" speed="27.98" angle="56.23" x="106.14" y="9.80"/>
        <vehicle id="cfm-fast_1" eclass="HBEFA3/PC_G_EU4" CO2="0.00" CO="0.00" HC="0.00" NOx="0.00" PMx="0.00" fuel="0.00" electricity="0.00" noise="70.94" route="routebottom" type="cfm-fast" waiting="0.00" lane="bottom_0" pos="40.36" speed="27.04" angle="21.89" x="129.13" y="43.16"/>
        <vehicle id="cfm-fast_2" eclass="HBEFA3/PC_G_EU4" CO2="0.00" CO="0.00" HC="0.00" NOx="0.00" PMx="0.00" fuel="0.00" electricity="0.00" noise="69.85" route="routebottom" type="cfm-fast" waiting="0.00" lane="right_0" pos="8.44" speed="25.13" angle="349.21" x="129.85" y="81.70"/>
        <vehicle id="cfm-fast_3" eclass="HBEFA3/PC_G_EU4" CO2="0.00" CO="0.00" HC="0.00" NOx="0.00" PMx="0.00" fuel="0.00" electricity="0.00" noise="69.12" route="routebottom" type="cfm-fast" waiting="0.00" lane="right_0" pos="24.52" speed="23.11" angle="320.38" x="112.90" y="111.43"/>
        <vehicle id="cfm-fast_4" eclass="HBEFA3/PC_G_EU4" CO2="328393.74" CO="8148.08" HC="45.42" NOx="153.37" PMx="9.17" fuel="141.16" electricity="0.00" noise="153.62" route="routetop" type="cfm-fast" waiting="0.00" lane="left_1" pos="46.70" speed="80.33" angle="100.50" x="56.87" y="-1.29"/>
        <vehicle id="cfm-fast_5" eclass="HBEFA3/PC_G_EU4" CO2="4863.24" CO="24.11" HC="0.23" NOx="1.70" PMx="0.08" fuel="2.09" electricity="0.00" noise="70.05" route="routebottom" type="cfm-fast" waiting="0.00" lane="right_0" pos="38.74" speed="21.82" angle="294.82" x="87.47" y="128.00"/>
        <vehicle id="cfm-slow_0" eclass="HBEFA3/PC_G_EU4" CO2="8723.36" CO="103.65" HC="0.69" NOx="3.52" PMx="0.18" fuel="3.75" electricity="0.00" noise="71.65" route="routetop" type="cfm-slow" waiting="0.00" lane="top_0" pos="1.72" speed="21.93" angle="271.39" x="59.87" y="132.16"/>
        <vehicle id="cfm-slow_1" eclass="HBEFA3/PC_G_EU4" CO2="10907.03" CO="149.44" HC="0.95" NOx="4.53" PMx="0.24" fuel="4.69" electricity="0.00" noise="72.95" route="routetop" type="cfm-slow" waiting="0.00" lane="top_0" pos="18.80" speed="22.77" angle="240.59" x="25.44" y="120.63"/>
        <vehicle id="cfm-slow_2" eclass="HBEFA3/PC_G_EU4" CO2="13006.65" CO="194.76" HC="1.21" NOx="5.50" PMx="0.30" fuel="5.59" electricity="0.00" noise="74.25" route="routetop" type="cfm-slow" waiting="0.00" lane="top_0" pos="36.75" speed="23.91" angle="208.36" x="0.94" y="91.44"/>
        <vehicle id="cfm-slow_3" eclass="HBEFA3/PC_G_EU4" CO2="14153.00" CO="222.32" HC="1.36" NOx="6.01" PMx="0.33" fuel="6.08" electricity="0.00" noise="75.07" route="routetop" type="cfm-slow" waiting="0.00" lane="left_0" pos="5.88" speed="25.29" angle="173.89" x="-3.76" y="51.00"/>
        <vehicle id="cfm-slow_4" eclass="HBEFA3/PC_G_EU4" CO2="12965.23" CO="203.50" HC="1.25" NOx="5.42" PMx="0.30" fuel="5.57" electricity="0.00" noise="74.85" route="routetop" type="cfm-slow" waiting="0.00" lane="left_0" pos="26.40" speed="26.68" angle="136.99" x="17.33" y="13.08"/>
        <vehicle id="cfm-slow_5" eclass="HBEFA3/PC_G_EU4" CO2="8057.51" CO="107.81" HC="0.69" NOx="3.08" PMx="0.18" fuel="3.46" electricity="0.00" noise="73.52" route="routetop" type="cfm-slow" waiting="0.00" lane="left_0" pos="48.31" speed="27.74" angle="97.56" x="59.94" y="-4.83"/>
    </timestep>
    <timestep time="5.93">
        <vehicle id="cfm-fast_0" eclass="HBEFA3/PC_G_EU4" CO2="0.00" CO="0.00" HC="0.00" NOx="0.00" PMx="0.00" fuel="0.00" electricity="0.00" noise="72.02" route="routebottom" type="cfm-fast" waiting="0.00" lane="bottom_0" pos="21.53" speed="27.98" angle="55.72" x="106.61" y="10.17"/>
        <vehicle id="cfm-fast_1" eclass="HBEFA3/PC_G_EU4" CO2="0.00" CO="0.00" HC="0.00" NOx="0.00" PMx="0.00" fuel="0.00" electricity="0.00" noise="70.93" route="routebottom" type="cfm-fast" waiting="0.00" lane="bottom_0" pos="40.63" speed="27.03" angle="21.37" x="129.30" y="43.71"/>
        <vehicle id="cfm-fast_2" eclass="HBEFA3/PC_G_EU4" CO2="0.00" CO="0.00" HC="0.00" NOx="0.00" PMx="0.00" fuel="0.00" electricity="0.00" noise="69.84" route="routebottom" type="cfm-fast" waiting="0.00" lane="right_0" pos="8.69" speed="25.11" angle="348.75" x="129.71" y="82.23"/>
        <vehicle id="cfm-fast_3" eclass="HBEFA3/PC_G_EU4" CO2="0.00" CO="0.00" HC="0.00" NOx="0.00" PMx="0.00" fuel="0.00" electricity="0.00" noise="69.12" route="routebottom" type="cfm-fast" waiting="0.00" lane="right_0" pos="24.75" speed="23.10" angle="319.95" x="112.54" y="111.79"/>
        <vehicle id="cfm-fast_4" eclass="HBEFA3/PC_G_EU4" CO2="329032.88" CO="8167.99" HC="45.53" NOx="153.67" PMx="9.19" fuel="141.43" electricity="0.00" noise="153.69" route="routetop" type="cfm-fast" waiting="0.00" lane="left_1" pos="47.50" speed="80.47" angle="99.06" x="58.51" y="-1.45"/>
        <vehicle id="cfm-fast_5" eclass="HBEFA3/PC_G_EU4" CO2="4891.96" CO="24.70" HC="0.23" NOx="1.72" PMx="0.08" fuel="2.10" electricity="0.00" noise="70.06" route="routebottom" type="cfm-fast" waiting="0.00" lane="right_0" pos="38.96" speed="21.82" angle="294.42" x="87.03" y="128.16"/>
        <vehicle id="cfm-slow_0" eclass="HBEFA3/PC_G_EU4" CO2="8739.91" CO="103.99" HC="0.69" NOx="3.53" PMx="0.18" fuel="3.76" electricity="0.00" noise="71.66" route="routetop" type="cfm-slow" waiting="0.00" lane="top_0" pos="1.94" speed="21.93" angle="271.00" x="59.40" y="132.13"/>
        <vehicle id="cfm-slow_1" eclass="HBEFA3/PC_G_EU4" CO2="10922.95" CO="149.79" HC="0.95" NOx="4.54" PMx="0.24" fuel="4.70" electricity="0.00" noise="72.96" route="routetop" type="cfm-slow" waiting="0.00" lane="top_0" pos="19.03" speed="22.78" angle="240.15" x="25.04" y="120.36"/>
        <vehicle id="cfm-slow_2" eclass="HBEFA3/PC_G_EU4" CO2="13014.06" CO="194.95" HC="1.21" NOx="5.50" PMx="0.30" fuel="5.59" electricity="0.00" noise="74.26" route="routetop" type="cfm-slow" waiting="0.00" lane="top_0" pos="36.99" speed="23.93" angle="207.91" x="0.72" y="90.97"/>
        <vehicle id="cfm-slow_3" eclass="HBEFA3/PC_G_EU4" CO2="14139.07" CO="222.09" HC="1.36" NOx="6.00" PMx="0.33" fuel="6.08" electricity="0.00" noise="75.07" route="routetop" type="cfm-slow" waiting="0.00" lane="left_0" pos="6.13" speed="25.30" angle="173.43" x="-3.67" y="50.46"/>
        <vehicle id="cfm-slow_4" eclass="HBEFA3/PC_G_EU4" CO2="12915.82" CO="202.54" HC="1.25" NOx="5.39" PMx="0.30" fuel="5.55" electricity="0.00" noise="74.84" route="routetop" type="cfm-slow" waiting="0.00" lane="left_0" pos="26.66" speed="26.69" angle="136.49" x="17.75" y="12.69"/>
        <vehicle id="cfm-slow_5" eclass="HBEFA3/PC_G_EU4" CO2="7973.61" CO="106.10" HC="0.68" NOx="3.04" PMx="0.17" fuel="3.43" electricity="0.00" noise="73.50" route="routetop" type="cfm-slow" waiting="0.00" lane="left_0" pos="48.59" speed="27.74" angle="97.03" x="60.54" y="-4.87"/>
    </timestep>
    <timestep time="5.94">
        <vehicle id="cfm-fast_0" eclass="HBEFA3/PC_G_EU4" CO2="0.00" CO="0.00" HC="0.00" NOx="0.00" PMx="0.00" fuel="0.00" electricity="0.00" noise="72.01" route="routebottom" type="cfm-fast" waiting="0.00" lane="bottom_0" pos="21.81" speed="27.97" angle="55.26" x="107.09" y="10.54"/>
        <vehicle id="cfm-fast_1" eclass="HBEFA3/PC_G_EU4" CO2="0.00" CO="0.00" HC="0.00" NOx="0.00" PMx="0.00" fuel="0.00" electricity="0.00" noise="70.92" route="routebottom" type="cfm-fast" waiting="0.00" lane="bottom_0" pos="40.90" speed="27.01" angle="20.85" x="129.47" y="44.27"/>
        <vehicle id="cfm-fast_2" eclass="HBEFA3/PC_G_EU4" CO2="0.00" CO="0.00" HC="0.00" NOx="0.00" PMx="0.00" fuel="0.00" electricity="0.00" noise="69.84" route="routebottom" type="cfm-fast" waiting="0.00" lane="right_0" pos="8.94" speed="25.09" angle="348.35" x="129.57" y="82.75"/>
        <vehicle id="cfm-fast_3" eclass="HBEFA3/PC_G_EU4" CO2="0.00" CO="0.00" HC="0.00" NOx="0.00" PMx="0.00" fuel="0.00" electricity="0.00" noise="69.12" route="routebottom" type="cfm-fast" waiting="0.00" lane="right_0" pos="24.98" speed="23.09" angle="319.52" x="112.19" y="112.14"/>
        <vehicle id="cfm-fast_4" eclass="HBEFA3/PC_G_EU4" CO2="329672.32" CO="8187.92" HC="45.63" NOx="153.97" PMx="9.21" fuel="141.71" electricity="0.00" noise="153.76" route="routetop" type="cfm-fast" waiting="0.00" lane="left_1" pos="48.31" speed="80.60" angle="97.58" x="60.16" y="-1.55"/>
        <vehicle id="cfm-fast_5" eclass="HBEFA3/PC_G_EU4" CO2="4920.66" CO="25.29" HC="0.23" NOx="1.73" PMx="0.08" fuel="2.12" electricity="0.00" noise="70.07" route="routebottom" type="cfm-fast" waiting="0.00" lane="right_0" pos="39.18" speed="21.82" angle="294.03" x="86.58" y="128.32"/>
        <vehicle id="cfm-slow_0" eclass="HBEFA3/PC_G_EU4" CO2="8756.50" CO="104.34" HC="0.69" NOx="3.54" PMx="0.18" fuel="3.76" electricity="0.00" noise="71.67" route="routetop" type="cfm-slow" waiting="0.00" lane="top_0" pos="2.16" speed="21.94" angle="270.60" x="58.93" y="132.11"/>
        <vehicle id="cfm-slow_1" eclass="HBEFA3/PC_G_EU4" CO2="10938.83" CO="150.13" HC="0.95" NOx="4.55" PMx="0.24" fuel="4.70" electricity="0.00" noise="72.97" route="routetop" type="cfm-slow" waiting="0.00" lane="top_0" pos="19.26" speed="22.79" angle="239.79" x="24.63" y="120.08"/>
        <vehicle id="cfm-slow_2" eclass="HBEFA3/PC_G_EU4" CO2="13021.31" CO="195.13" HC="1.21" NOx="5.50" PMx="0.30" fuel="5.60" electricity="0.00" noise="74.26" route="routetop" type="cfm-slow" waiting="0.00" lane="top_0" pos="37.23" speed="23.94" angle="207.54" x="0.51" y="90.50"/>
        <vehicle id="cfm-slow_3" eclass="HBEFA3/PC_G_EU4" CO2="14124.84" CO="221.84" HC="1.36" NOx="5.99" PMx="0.33" fuel="6.07" electricity="0.00" noise="75.07" route="routetop" type="cfm-slow" waiting="0.00" lane="left_0" pos="6.38" speed="25.32" angle="173.03" x="-3.57" y="49.93"/>
        <vehicle id="cfm-slow_4" eclass="HBEFA3/PC_G_EU4" CO2="12866.11" CO="201.57" HC="1.24" NOx="5.37" PMx="0.30" fuel="5.53" electricity="0.00" noise="74.82" route="routetop" type="cfm-slow" waiting="0.00" lane="left_0" pos="26.93" speed="26.70" angle="136.06" x="18.17" y="12.30"/>
        <vehicle id="cfm-slow_5" eclass="HBEFA3/PC_G_EU4" CO2="7889.73" CO="104.40" HC="0.67" NOx="3.00" PMx="0.17" fuel="3.39" electricity="0.00" noise="73.48" route="routetop" type="cfm-slow" waiting="0.00" lane="left_0" pos="48.87" speed="27.75" angle="96.57" x="61.13" y="-4.90"/>
    </timestep>
    <timestep time="5.95">
        <vehicle id="cfm-fast_0" eclass="HBEFA3/PC_G_EU4" CO2="0.00" CO="0.00" HC="0.00" NOx="0.00" PMx="0.00" fuel="0.00" electricity="0.00" noise="71.99" route="routebottom" type="cfm-fast" waiting="0.00" lane="bottom_0" pos="22.09" speed="27.96" angle="54.73" x="107.54" y="10.93"/>
        <vehicle id="cfm-fast_1" eclass="HBEFA3/PC_G_EU4" CO2="0.00" CO="0.00" HC="0.00" NOx="0.00" PMx="0.00" fuel="0.00" electricity="0.00" noise="70.91" route="routebottom" type="cfm-fast" waiting="0.00" lane="bottom_0" pos="41.17" speed="26.99" angle="20.42" x="129.64" y="44.83"/>
        <vehicle id="cfm-fast_2" eclass="HBEFA3/PC_G_EU4" CO2="0.00" CO="0.00" HC="0.00" NOx="0.00" PMx="0.00" fuel="0.00" electricity="0.00" noise="69.83" route="routebottom" type="cfm-fast" waiting="0.00" lane="right_0" pos="9.19" speed="25.08" angle="347.90" x="129.41" y="83.26"/>
        <vehicle id="cfm-fast_3" eclass="HBEFA3/PC_G_EU4" CO2="0.00" CO="0.00" HC="0.00" NOx="0.00" PMx="0.00" fuel="0.00" electricity="0.00" noise="69.12" route="routebottom" type="cfm-fast" waiting="0.00" lane="right_0" pos="25.21" speed="23.08" angle="319.09" x="111.84" y="112.49"/>
        <vehicle id="cfm-fast_4" eclass="HBEFA3/PC_G_EU4" CO2="330312.05" CO="8207.87" HC="45.74" NOx="154.27" PMx="9.23" fuel="141.98" electricity="0.00" noise="153.82" route="routetop" type="cfm-fast" waiting="0.00" lane="left_1" pos="49.11" speed="80.74" angle="96.13" x="61.81" y="-1.61"/>
        <vehicle id="cfm-fast_5" eclass="HBEFA3/PC_G_EU4" CO2="4949.32" CO="25.88" HC="0.24" NOx="1.74" PMx="0.08" fuel="2.13" electricity="0.00" noise="70.08" route="routebottom" type="cfm-fast" waiting="0.00" lane="right_0" pos="39.40" speed="21.83" angle="293.63" x="86.14" y="128.48"/>
        <vehicle id="cfm-slow_0" eclass="HBEFA3/PC_G_EU4" CO2="8773.12" CO="104.69" HC="0.69" NOx="3.55" PMx="0.18" fuel="3.77" electricity="0.00" noise="71.68" route="routetop" type="cfm-slow" waiting="0.00" lane="top_0" pos="2.38" speed="21.95" angle="270.21" x="58.46" y="132.08"/>
        <vehicle id="cfm-slow_1" eclass="HBEFA3/PC_G_EU4" CO2="10954.67" CO="150.47" HC="0.96" NOx="4.56" PMx="0.24" fuel="4.71" electricity="0.00" noise="72.98" route="routetop" type="cfm-slow" waiting="0.00" lane="top_0" pos="19.48" speed="22.80" angle="239.37" x="24.23" y="119.80"/>
        <vehicle id="cfm-slow_2" eclass="HBEFA3/PC_G_EU4" CO2="13028.41" CO="195.31" HC="1.21" NOx="5.51" PMx="0.30" fuel="5.60" electricity="0.00" noise="74.27" route="routetop" type="cfm-slow" waiting="0.00" lane="top_0" pos="37.47" speed="23.96" angle="207.10" x="0.32" y="90.02"/>
        <vehicle id="cfm-slow_3" eclass="HBEFA3/PC_G_EU4" CO2="14110.33" CO="221.60" HC="1.36" NOx="5.99" PMx="0.33" fuel="6.07" electricity="0.00" noise="75.06" route="routetop" type="cfm-slow" waiting="0.00" lane="left_0" pos="6.64" speed="25.33" angle="172.54" x="-3.44" y="49.40"/>
        <vehicle id="cfm-slow_4" eclass="HBEFA3/PC_G_EU4" CO2="12816.09" CO="200.59" HC="1.23" NOx="5.35" PMx="0.30" fuel="5.51" electricity="0.00" noise="74.80" route="routetop" type="cfm-slow" waiting="0.00" lane="left_0" pos="27.20" speed="26.72" angle="135.56" x="18.61" y="11.93"/>
        <vehicle id="cfm-slow_5" eclass="HBEFA3/PC_G_EU4" CO2="7805.87" CO="102.69" HC="0.66" NOx="2.96" PMx="0.17" fuel="3.36" electricity="0.00" noise="73.45" route="routetop" type="cfm-slow" waiting="0.00" lane="left_0" pos="49.14" speed="27.75" angle="96.07" x="61.73" y="-4.91"/>
    </timestep>
    <timestep time="5.96">
        <vehicle id="cfm-fast_0" eclass="HBEFA3/PC_G_EU4" CO2="0.00" CO="0.00" HC="0.00" NOx="0.00" PMx="0.00" fuel="0.00" electricity="0.00" noise="71.98" route="routebottom" type="cfm-fast" waiting="0.00" lane="bottom_0" pos="22.37" speed="27.95" angle="54.20" x="108.00" y="11.32"/>
        <vehicle id="cfm-fast_1" eclass="HBEFA3/PC_G_EU4" CO2="0.00" CO="0.00" HC="0.00" NOx="0.00" PMx="0.00" fuel="0.00" electricity="0.00" noise="70.90" route="routebottom" type="cfm-fast" waiting="0.00" lane="bottom_0" pos="41.44" speed="26.98" angle="19.93" x="129.79" y="45.39"/>
        <vehicle id="cfm-fast_2" eclass="HBEFA3/PC_G_EU4" CO2="0.00" CO="0.00" HC="0.00" NOx="0.00" PMx="0.00" fuel="0.00" electricity="0.00" noise="69.82" route="routebottom" type="cfm-fast" waiting="0.00" lane="right_0" pos="9.44" speed="25.06" angle="347.45" x="129.25" y="83.78"/>
        <vehicle id="cfm-fast_3" eclass="HBEFA3/PC_G_EU4" CO2="0.00" CO="0.00" HC="0.00" NOx="0.00" PMx="0.00" fuel="0.00" electricity="0.00" noise="69.12" route="routebottom" type="cfm-fast" waiting="0.00" lane="right_0" pos="25.44" speed="23.07" angle="318.66" x="111.49" y="112.84"/>
        <vehicle id="cfm-fast_4" eclass="HBEFA3/PC_G_EU4" CO2="330952.06" CO="8227.85" HC="45.85" NOx="154.57" PMx="9.25" fuel="142.26" electricity="0.00" noise="153.89" route="routetop" type="cfm-fast" waiting="0.00" lane="left_1" pos="49.92" speed="80.88" angle="94.63" x="63.47" y="-1.65"/>
        <vehicle id="cfm-fast_5" eclass="HBEFA3/PC_G_EU4" CO2="4977.95" CO="26.48" HC="0.24" NOx="1.76" PMx="0.08" fuel="2.14" electricity="0.00" noise="70.09" route="routebottom" type="cfm-fast" waiting="0.00" lane="right_0" pos="39.62" speed="21.83" angle="293.24" x="85.70" y="128.64"/>
        <vehicle id="cfm-slow_0" eclass="HBEFA3/PC_G_EU4" CO2="8789.77" CO="105.04" HC="0.69" NOx="3.55" PMx="0.18" fuel="3.78" electricity="0.00" noise="71.69" route="routetop" type="cfm-slow" waiting="0.00" lane="top_0" pos="2.60" speed="21.96" angle="269.84" x="57.99" y="132.04"/>
        <vehicle id="cfm-slow_1" eclass="HBEFA3/PC_G_EU4" CO2="10970.48" CO="150.82" HC="0.96" NOx="4.56" PMx="0.24" fuel="4.72" electricity="0.00" noise="72.99" route="routetop" type="cfm-slow" waiting="0.00" lane="top_0" pos="19.71" speed="22.81" angle="238.96" x="23.83" y="119.51"/>
        <vehicle id="cfm-slow_2" eclass="HBEFA3/PC_G_EU4" CO2="13035.35" CO="195.49" HC="1.21" NOx="5.51" PMx="0.30" fuel="5.60" electricity="0.00" noise="74.28" route="routetop" type="cfm-slow" waiting="0.00" lane="top_0" pos="37.71" speed="23.97" angle="206.66" x="0.13" y="89.54"/>
        <vehicle id="cfm-slow_3" eclass="HBEFA3/PC_G_EU4" CO2="14095.53" CO="221.34" HC="1.36" NOx="5.98" PMx="0.33" fuel="6.06" electricity="0.00" noise="75.06" route="routetop" type="cfm-slow" waiting="0.00" lane="left_0" pos="6.89" speed="25.34" angle="172.05" x="-3.32" y="48.86"/>
        <vehicle id="cfm-slow_4" eclass="HBEFA3/PC_G_EU4" CO2="12765.77" CO="199.61" HC="1.23" NOx="5.32" PMx="0.30" fuel="5.49" electricity="0.00" noise="74.78" route="routetop" type="cfm-slow" waiting="0.00" lane="left_0" pos="27.47" speed="26.73" angle="135.06" x="19.05" y="11.55"/>
        <vehicle id="cfm-slow_5" eclass="HBEFA3/PC_G_EU4" CO2="7722.03" CO="100.98" HC="0.65" NOx="2.92" PMx="0.17" fuel="3.32" electricity="0.00" noise="73.43" route="routetop" type="cfm-slow" waiting="0.00" lane="left_0" pos="49.42" speed="27.75" angle="95.56" x="62.33" y="-4.92"/>
    </timestep>
    <timestep time="5.97">
        <vehicle id="cfm-fast_0" eclass="HBEFA3/PC_G_EU4" CO2="0.00" CO="0.00" HC="0.00" NOx="0.00" PMx="0.00" fuel="0.00" electricity="0.00" noise="71.97" route="routebottom" type="cfm-fast" waiting="0.00" lane="bottom_0" pos="22.64" speed="27.95" angle="53.68" x="108.46" y="11.71"/>
        <vehicle id="cfm-fast_1" eclass="HBEFA3/PC_G_EU4" CO2="0.00" CO="0.00" HC="0.00" NOx="0.00" PMx="0.00" fuel="0.00" electricity="0.00" noise="70.89" route="routebottom" type="cfm-fast" waiting="0.00" lane="bottom_0" pos="41.71" speed="26.96" angle="19.44" x="129.94" y="45.95"/>
        <vehicle id="cfm-fast_2" eclass="HBEFA3/PC_G_EU4" CO2="0.00" CO="0.00" HC="0.00" NOx="0.00" PMx="0.00" fuel="0.00" electricity="0.00" noise="69.81" route="routebottom" type="cfm-fast" waiting="0.00" lane="right_0" pos="9.69" speed="25.04" angle="346.99" x="129.09" y="84.29"/>
        <vehicle id="cfm-fast_3" eclass="HBEFA3/PC_G_EU4" CO2="0.00" CO="0.00" HC="0.00" NOx="0.00" PMx="0.00" fuel="0.00" electricity="0.00" noise="69.12" route="routebottom" type="cfm-fast" waiting="0.00" lane="right_0" pos="25.67" speed="23.06" angle="318.30" x="111.14" y="113.19"/>
        <vehicle id="cfm-fast_4" eclass="HBEFA3/PC_G_EU4" CO2="331592.37" CO="8247.84" HC="45.96" NOx="154.87" PMx="9.27" fuel="142.54" electricity="0.00" noise="153.95" route="routebottom" type="cfm-fast" waiting="0.00" lane="bottom_1" pos="0.73" speed="81.01" angle="93.16" x="65.19" y="-1.62"/>
        <vehicle id="cfm-fast_5" eclass="HBEFA3/PC_G_EU4" CO2="5006.54" CO="27.07" HC="0.24" NOx="1.77" PMx="0.08" fuel="2.15" electricity="0.00" noise="70.10" route="routebottom" type="cfm-fast" waiting="0.00" lane="right_0" pos="39.84" speed="21.83" angle="292.90" x="85.26" y="128.79"/>
        <vehicle id="cfm-slow_0" eclass="HBEFA3/PC_G_EU4" CO2="8806.45" CO="105.39" HC="0.70" NOx="3.56" PMx="0.18" fuel="3.79" electricity="0.00" noise="71.70" route="routetop" type="cfm-slow" waiting="0.00" lane="top_0" pos="2.82" speed="21.97" angle="269.44" x="57.52" y="132.00"/>
        <vehicle id="cfm-slow_1" eclass="HBEFA3/PC_G_EU4" CO2="10986.24" CO="151.16" HC="0.96" NOx="4.57" PMx="0.24" fuel="4.72" electricity="0.00" noise="73.00" route="routetop" type="cfm-slow" waiting="0.00" lane="top_0" pos="19.94" speed="22.83" angle="238.54" x="23.44" y="119.22"/>
        <vehicle id="cfm-slow_2" eclass="HBEFA3/PC_G_EU4" CO2="13042.13" CO="195.66" HC="1.21" NOx="5.51" PMx="0.30" fuel="5.61" electricity="0.00" noise="74.28" route="routetop" type="cfm-slow" waiting="0.00" lane="top_0" pos="37.95" speed="23.98" angle="206.22" x="-0.06" y="89.07"/>
        <vehicle id="cfm-slow_3" eclass="HBEFA3/PC_G_EU4" CO2="14080.43" CO="221.08" HC="1.36" NOx="5.97" PMx="0.33" fuel="6.05" electricity="0.00" noise="75.05" route="routetop" type="cfm-slow" waiting="0.00" lane="left_0" pos="7.14" speed="25.36" angle="171.56" x="-3.20" y="48.33"/>
        <vehicle id="cfm-slow_4" eclass="HBEFA3/PC_G_EU4" CO2="12715.16" CO="198.62" HC="1.22" NOx="5.30" PMx="0.30" fuel="5.47" electricity="0.00" noise="74.77" route="routetop" type="cfm-slow" waiting="0.00" lane="left_0" pos="27.73" speed="26.74" angle="134.56" x="19.49" y="11.18"/>
        <vehicle id="cfm-slow_5" eclass="HBEFA3/PC_G_EU4" CO2="7638.23" CO="99.28" HC="0.64" NOx="2.88" PMx="0.17" fuel="3.28" electricity="0.00" noise="73.41" route="routetop" type="cfm-slow" waiting="0.00" lane="left_0" pos="49.70" speed="27.76" angle="95.05" x="62.92" y="-4.94"/>
    </timestep>
    <timestep time="5.98">
        <vehicle id="cfm-fast_0" eclass="HBEFA3/PC_G_EU4" CO2="0.00" CO="0.00" HC="0.00" NOx="0.00" PMx="0.00" fuel="0.00" electricity="0.00" noise="71.95" route="routebottom" type="cfm-fast" waiting="0.00" lane="bottom_0" pos="22.92" speed="27.94" angle="53.15" x="108.92" y="12.10"/>
        <vehicle id="cfm-fast_1" eclass="HBEFA3/PC_G_EU4" CO2="0.00" CO="0.00" HC="0.00" NOx="0.00" PMx="0.00" fuel="0.00" electricity="0.00" noise="70.88" route="routebottom" type="cfm-fast" waiting="0.00" lane="bottom_0" pos="41.98" speed="26.94" angle="18.95" x="130.08" y="46.51"/>
        <vehicle id="cfm-fast_2" eclass="HBEFA3/PC_G_EU4" CO2="0.00" CO="0.00" HC="0.00" NOx="0.00" PMx="0.00" fuel="0.00" electricity="0.00" noise="69.80" route="routebottom" type="cfm-fast" waiting="0.00" lane="right_0" pos="9.95" speed="25.02" angle="346.54" x="128.93" y="84.81"/>
        <vehicle id="cfm-fast_3" eclass="HBEFA3/PC_G_EU4" CO2="0.00" CO="0.00" HC="0.00" NOx="0.00" PMx="0.00" fuel="0.00" electricity="0.00" noise="69.12" route="routebottom" type="cfm-fast" waiting="0.00" lane="right_0" pos="25.90" speed="23.05" angle="317.88" x="110.77" y="113.52"/>
        <vehicle id="cfm-fast_4" eclass="HBEFA3/PC_G_EU4" CO2="332232.98" CO="8267.86" HC="46.07" NOx="155.17" PMx="9.29" fuel="142.81" electricity="0.00" noise="154.02" route="routebottom" type="cfm-fast" waiting="0.00" lane="bottom_1" pos="1.54" speed="81.15" angle="91.72" x="66.85" y="-1.57"/>
        <vehicle id="cfm-fast_5" eclass="HBEFA3/PC_G_EU4" CO2="5035.10" CO="27.66" HC="0.25" NOx="1.79" PMx="0.08" fuel="2.16" electricity="0.00" noise="70.11" route="routebottom" type="cfm-fast" waiting="0.00" lane="right_0" pos="40.05" speed="21.83" angle="292.48" x="84.81" y="128.93"/>
        <vehicle id="cfm-slow_0" eclass="HBEFA3/PC_G_EU4" CO2="8823.17" CO="105.74" HC="0.70" NOx="3.57" PMx="0.18" fuel="3.79" electricity="0.00" noise="71.71" route="routetop" type="cfm-slow" waiting="0.00" lane="top_0" pos="3.04" speed="21.98" angle="269.05" x="57.05" y="131.95"/>
        <vehicle id="cfm-slow_1" eclass="HBEFA3/PC_G_EU4" CO2="11001.96" CO="151.50" HC="0.96" NOx="4.58" PMx="0.24" fuel="4.73" electricity="0.00" noise="73.01" route="routetop" type="cfm-slow" waiting="0.00" lane="top_0" pos="20.17" speed="22.84" angle="238.13" x="23.04" y="118.93"/>
        <vehicle id="cfm-slow_2" eclass="HBEFA3/PC_G_EU4" CO2="13048.76" CO="195.83" HC="1.22" NOx="5.52" PMx="0.30" fuel="5.61" electricity="0.00" noise="74.29" route="routetop" type="cfm-slow" waiting="0.00" lane="top_0" pos="38.19" speed="24.00" angle="205.78" x="-0.25" y="88.59"/>
        <vehicle id="cfm-slow_3" eclass="HBEFA3/PC_G_EU4" CO2="14065.04" CO="220.82" HC="1.36" NOx="5.97" PMx="0.33" fuel="6.05" electricity="0.00" noise="75.05" route="routetop" type="cfm-slow" waiting="0.00" lane="left_0" pos="7.40" speed="25.37" angle="171.08" x="-3.08" y="47.80"/>
        <vehicle id="cfm-slow_4" eclass="HBEFA3/PC_G_EU4" CO2="12664.24" CO="197.63" HC="1.22" NOx="5.27" PMx="0.29" fuel="5.44" electricity="0.00" noise="74.75" route="routetop" type="cfm-slow" waiting="0.00" lane="left_0" pos="28.00" speed="26.75" angle="134.07" x="19.93" y="10.81"/>
        <vehicle id="cfm-slow_5" eclass="HBEFA3/PC_G_EU4" CO2="7554.47" CO="97.57" HC="0.64" NOx="2.84" PMx="0.16" fuel="3.25" electricity="0.00" noise="73.39" route="routetop" type="cfm-slow" waiting="0.00" lane="left_0" pos="49.98" speed="27.76" angle="94.58" x="63.52" y="-4.95"/>
    </timestep>
    <timestep time="5.99">
        <vehicle id="cfm-fast_0" eclass="HBEFA3/PC_G_EU4" CO2="0.00" CO="0.00" HC="0.00" NOx="0.00" PMx="0.00" fuel="0.00" electricity="0.00" noise="71.94" route="routebottom" type="cfm-fast" waiting="0.00" lane="bottom_0" pos="23.20" speed="27.93" angle="52.70" x="109.37" y="12.50"/>
        <vehicle id="cfm-fast_1" eclass="HBEFA3/PC_G_EU4" CO2="0.00" CO="0.00" HC="0.00" NOx="0.00" PMx="0.00" fuel="0.00" electricity="0.00" noise="70.87" route="routebottom" type="cfm-fast" waiting="0.00" lane="bottom_0" pos="42.25" speed="26.92" angle="18.48" x="130.23" y="47.07"/>
        <vehicle id="cfm-fast_2" eclass="HBEFA3/PC_G_EU4" CO2="0.00" CO="0.00" HC="0.00" NOx="0.00" PMx="0.00" fuel="0.00" electricity="0.00" noise="69.79" route="routebottom" type="cfm-fast" waiting="0.00" lane="right_0" pos="10.20" speed="25.00" angle="346.14" x="128.77" y="85.32"/>
        <vehicle id="cfm-fast_3" eclass="HBEFA3/PC_G_EU4" CO2="0.00" CO="0.00" HC="0.00" NOx="0.00" PMx="0.00" fuel="0.00" electricity="0.00" noise="69.13" route="routebottom" type="cfm-fast" waiting="0.00" lane="right_0" pos="26.13" speed="23.04" angle="317.46" x="110.41" y="113.86"/>
        <vehicle id="cfm-fast_4" eclass="HBEFA3/PC_G_EU4" CO2="332873.87" CO="8287.90" HC="46.17" NOx="155.47" PMx="9.31" fuel="143.09" electricity="0.00" noise="154.09" route="routebottom" type="cfm-fast" waiting="0.00" lane="bottom_1" pos="2.36" speed="81.28" angle="90.24" x="68.52" y="-1.46"/>
        <vehicle id="cfm-fast_5" eclass="HBEFA3/PC_G_EU4" CO2="5063.63" CO="28.24" HC="0.25" NOx="1.80" PMx="0.08" fuel="2.18" electricity="0.00" noise="70.12" route="routebottom" type="cfm-fast" waiting="0.00" lane="right_0" pos="40.27" speed="21.84" angle="292.07" x="84.36" y="129.07"/>
        <vehicle id="cfm-slow_0" eclass="HBEFA3/PC_G_EU4" CO2="8839.91" CO="106.09" HC="0.70" NOx="3.58" PMx="0.18" fuel="3.80" electricity="0.00" noise="71.73" route="routetop" type="cfm-slow" waiting="0.00" lane="top_0" pos="3.26" speed="21.99" angle="268.66" x="56.58" y="131.90"/>
        <vehicle id="cfm-slow_1" eclass="HBEFA3/PC_G_EU4" CO2="11017.64" CO="151.84" HC="0.96" NOx="4.58" PMx="0.24" fuel="4.74" electricity="0.00" noise="73.02" route="routetop" type="cfm-slow" waiting="0.00" lane="top_0" pos="20.40" speed="22.85" angle="237.72" x="22.64" y="118.65"/>
        <vehicle id="cfm-slow_2" eclass="HBEFA3/PC_G_EU4" CO2="13055.22" CO="196.00" HC="1.22" NOx="5.52" PMx="0.30" fuel="5.61" electricity="0.00" noise="74.30" route="routetop" type="cfm-slow" waiting="0.00" lane="top_0" pos="38.43" speed="24.01" angle="205.37" x="-0.44" y="88.11"/>
        <vehicle id="cfm-slow_3" eclass="HBEFA3/PC_G_EU4" CO2="14049.36" CO="220.55" HC="1.35" NOx="5.96" PMx="0.33" fuel="6.04" electricity="0.00" noise="75.04" route="routetop" type="cfm-slow" waiting="0.00" lane="left_0" pos="7.65" speed="25.39" angle="170.65" x="-2.96" y="47.27"/>
        <vehicle id="cfm-slow_4" eclass="HBEFA3/PC_G_EU4" CO2="12613.03" CO="196.62" HC="1.21" NOx="5.25" PMx="0.29" fuel="5.42" electricity="0.00" noise="74.73" route="routetop" type="cfm-slow" waiting="0.00" lane="left_0" pos="28.27" speed="26.76" angle="133.63" x="20.37" y="10.44"/>
        <vehicle id="cfm-slow_5" eclass="HBEFA3/PC_G_EU4" CO2="7470.76" CO="95.87" HC="0.63" NOx="2.80" PMx="0.16" fuel="3.21" electricity="0.00" noise="73.37" route="routebottom" type="cfm-slow" waiting="0.00" lane="bottom_0" pos="0.25" speed="27.76" angle="94.01" x="64.31" y="-4.94"/>
    </timestep>
    <timestep time="6.00">
        <vehicle id="cfm-fast_0" eclass="HBEFA3/PC_G_EU4" CO2="0.00" CO="0.00" HC="0.00" NOx="0.00" PMx="0.00" fuel="0.00" electricity="0.00" noise="71.93" route="routebottom" type="cfm-fast" waiting="0.00" lane="bottom_0" pos="23.48" speed="27.92" angle="52.20" x="109.81" y="12.91"/>
        <vehicle id="cfm-fast_1" eclass="HBEFA3/PC_G_EU4" CO2="0.00" CO="0.00" HC="0.00" NOx="0.00" PMx="0.00" fuel="0.00" electricity="0.00" noise="70.86" route="routebottom" type="cfm-fast" waiting="0.00" lane="bottom_0" pos="42.52" speed="26.91" angle="18.03" x="130.37" y="47.63"/>
        <vehicle id="cfm-fast_2" eclass="HBEFA3/PC_G_EU4" CO2="0.00" CO="0.00" HC="0.00" NOx="0.00" PMx="0.00" fuel="0.00" electricity="0.00" noise="69.79" route="routebottom" type="cfm-fast" waiting="0.00" lane="right_0" pos="10.44" speed="24.98" angle="345.69" x="128.59" y="85.83"/>
        <vehicle id="cfm-fast_3" eclass="HBEFA3/PC_G_EU4" CO2="0.00" CO="0.00" HC="0.00" NOx="0.00" PMx="0.00" fuel="0.00" electricity="0.00" noise="69.13" route="routebottom" type="cfm-fast" waiting="0.00" lane="right_0" pos="26.36" speed="23.03" angle="317.04" x="110.05" y="114.20"/>
        <vehicle id="cfm-fast_4" eclass="HBEFA3/PC_G_EU4" CO2="333515.06" CO="8307.96" HC="46.28" NOx="155.77" PMx="9.33" fuel="143.36" electricity="0.00" noise="154.15" route="routebottom" type="cfm-fast" waiting="0.00" lane="bottom_1" pos="3.17" speed="81.42" angle="88.80" x="70.18" y="-1.31"/>
        <vehicle id="cfm-fast_5" eclass="HBEFA3/PC_G_EU4" CO2="5092.12" CO="28.83" HC="0.26" NOx="1.81" PMx="0.08" fuel="2.19" electricity="0.00" noise="70.13" route="routebottom" type="cfm-fast" waiting="0.00" lane="right_0" pos="40.49" speed="21.84" angle="291.65" x="83.91" y="129.21"/>
        <vehicle id="cfm-slow_0" eclass="HBEFA3/PC_G_EU4" CO2="8856.68" CO="106.44" HC="0.70" NOx="3.58" PMx="0.18" fuel="3.81" electricity="0.00" noise="71.74" route="routetop" type="cfm-slow" waiting="0.00" lane="top_0" pos="3.48" speed="22.00" angle="268.26" x="56.11" y="131.85"/>
        <vehicle id="cfm-slow_1" eclass="HBEFA3/PC_G_EU4" CO2="11033.27" CO="152.18" HC="0.97" NOx="4.59" PMx="0.24" fuel="4.74" electricity="0.00" noise="73.03" route="routetop" type="cfm-slow" waiting="0.00" lane="top_0" pos="20.63" speed="22.86" angle="237.35" x="22.25" y="118.35"/>
        <vehicle id="cfm-slow_2" eclass="HBEFA3/PC_G_EU4" CO2="13061.52" CO="196.17" HC="1.22" NOx="5.52" PMx="0.30" fuel="5.61" electricity="0.00" noise="74.30" route="routetop" type="cfm-slow" waiting="0.00" lane="top_0" pos="38.67" speed="24.03" angle="204.95" x="-0.62" y="87.62"/>
        <vehicle id="cfm-slow_3" eclass="HBEFA3/PC_G_EU4" CO2="14033.38" CO="220.27" HC="1.35" NOx="5.95" PMx="0.33" fuel="6.03" electricity="0.00" noise="75.04" route="routetop" type="cfm-slow" waiting="0.00" lane="left_0" pos="7.91" speed="25.40" angle="170.19" x="-2.82" y="46.74"/>
        <vehicle id="cfm-slow_4" eclass="HBEFA3/PC_G_EU4" CO2="12561.53" CO="195.62" HC="1.20" NOx="5.22" PMx="0.29" fuel="5.40" electricity="0.00" noise="74.71" route="routetop" type="cfm-slow" waiting="0.00" lane="left_0" pos="28.54" speed="26.77" angle="133.13" x="20.82" y="10.09"/>
        <vehicle id="cfm-slow_5" eclass="HBEFA3/PC_G_EU4" CO2="7387.09" CO="94.16" HC="0.62" NOx="2.76" PMx="0.16" fuel="3.18" electricity="0.00" noise="73.35" route="routebottom" type="cfm-slow" waiting="0.00" lane="bottom_0" pos="0.53" speed="27.77" angle="93.51" x="64.91" y="-4.92"/>
    </timestep>
    <timestep time="6.01">
        <vehicle id="cfm-fast_0" eclass="HBEFA3/PC_G_EU4" CO2="0.00" CO="0.00" HC="0.00" NOx="0.00" PMx="0.00" fuel="0.00" electricity="0.00" noise="71.92" route="routebottom" type="cfm-fast" waiting="0.00" lane="bottom_0" pos="23.76" speed="27.91" angle="51.69" x="110.25" y="13.31"/>
        <vehicle id="cfm-fast_1" eclass="HBEFA3/PC_G_EU4" CO2="0.00" CO="0.00" HC="0.00" NOx="0.00" PMx="0.00" fuel="0.00" electricity="0.00" noise="70.85" route="routebottom" type="cfm-fast" waiting="0.00" lane="bottom_0" pos="42.79" speed="26.89" angle="17.54" x="130.50" y="48.20"/>
        <vehicle id="cfm-fast_2" eclass="HBEFA3/PC_G_EU4" CO2="0.00" CO="0.00" HC="0.00" NOx="0.00" PMx="0.00" fuel="0.00" electricity="0.00" noise="69.78" route="routebottom" type="cfm-fast" waiting="0.00" lane="right_0" pos="10.69" speed="24.96" angle="345.21" x="128.41" y="86.33"/>
        <vehicle id="cfm-fast_3" eclass="HBEFA3/PC_G_EU4" CO2="0.00" CO="0.00" HC="0.00" NOx="0.00" PMx="0.00" fuel="0.00" electricity="0.00" noise="69.13" route="routebottom" type="cfm-fast" waiting="0.00" lane="right_0" pos="26.59" speed="23.02" angle="316.62" x="109.68" y="114.53"/>
        <vehicle id="cfm-fast_4" eclass="HBEFA3/PC_G_EU4" CO2="334156.54" CO="8328.05" HC="46.39" NOx="156.07" PMx="9.35" fuel="143.64" electricity="0.00" noise="154.22" route="routebottom" type="cfm-fast" waiting="0.00" lane="bottom_1" pos="3.99" speed="81.56" angle="87.36" x="71.84" y="-1.14"/>
        <vehicle id="cfm-fast_5" eclass="HBEFA3/PC_G_EU4" CO2="5120.58" CO="29.42" HC="0.26" NOx="1.83" PMx="0.09" fuel="2.20" electricity="0.00" noise="70.14" route="routebottom" type="cfm-fast" waiting="0.00" lane="right_0" pos="40.71" speed="21.84" angle="291.24" x="83.46" y="129.35"/>
        <vehicle id="cfm-slow_0" eclass="HBEFA3/PC_G_EU4" CO2="8873.47" CO="106.79" HC="0.70" NOx="3.59" PMx="0.18" fuel="3.81" electricity="0.00" noise="71.75" route="routetop" type="cfm-slow" waiting="0.00" lane="top_0" pos="3.70" speed="22.01" angle="267.87" x="55.63" y="131.80"/>
        <vehicle id="cfm-slow_1" eclass="HBEFA3/PC_G_EU4" CO2="11048.85" CO="152.52" HC="0.97" NOx="4.60" PMx="0.24" fuel="4.75" electricity="0.00" noise="73.04" route="routetop" type="cfm-slow" waiting="0.00" lane="top_0" pos="20.85" speed="22.88" angle="236.93" x="21.86" y="118.05"/>
        <vehicle id="cfm-slow_2" eclass="HBEFA3/PC_G_EU4" CO2="13067.66" CO="196.33" HC="1.22" NOx="5.52" PMx="0.30" fuel="5.62" electricity="0.00" noise="74.31" route="routetop" type="cfm-slow" waiting="0.00" lane="top_0" pos="38.91" speed="24.04" angle="204.50" x="-0.80" y="87.13"/>
        <vehicle id="cfm-slow_3" eclass="HBEFA3/PC_G_EU4" CO2="14017.12" CO="219.99" HC="1.35" NOx="5.94" PMx="0.33" fuel="6.03" electricity="0.00" noise="75.03" route="routetop" type="cfm-slow" waiting="0.00" lane="left_0" pos="8.16" speed="25.42" angle="169.73" x="-2.68" y="46.21"/>
        <vehicle id="cfm-slow_4" eclass="HBEFA3/PC_G_EU4" CO2="12509.74" CO="194.60" HC="1.20" NOx="5.20" PMx="0.29" fuel="5.38" electricity="0.00" noise="74.70" route="routetop" type="cfm-slow" waiting="0.00" lane="left_0" pos="28.80" speed="26.78" angle="132.64" x="21.28" y="9.73"/>
        <vehicle id="cfm-slow_5" eclass="HBEFA3/PC_G_EU4" CO2="7303.48" CO="92.46" HC="0.61" NOx="2.72" PMx="0.16" fuel="3.14" electricity="0.00" noise="73.33" route="routebottom" type="cfm-slow" waiting="0.00" lane="bottom_0" pos="0.81" speed="27.77" angle="93.00" x="65.50" y="-4.91"/>
    </timestep>
    <timestep time="6.02">
        <vehicle id="cfm-fast_0" eclass="HBEFA3/PC_G_EU4" CO2="0.00" CO="0.00" HC="0.00" NOx="0.00" PMx="0.00" fuel="0.00" electricity="0.00" noise="71.90" route="routebottom" type="cfm-fast" waiting="0.00" lane="bottom_0" pos="24.04" speed="27.90" angle="51.19" x="110.69" y="13.72"/>
        <vehicle id="cfm-fast_1" eclass="HBEFA3/PC_G_EU4" CO2="0.00" CO="0.00" HC="0.00" NOx="0.00" PMx="0.00" fuel="0.00" electricity="0.00" noise="70.84" route="routebottom" type="cfm-fast" waiting="0.00" lane="bottom_0" pos="43.06" speed="26.87" angle="17.05" x="130.62" y="48.76"/>
        <vehicle id="cfm-fast_2" eclass="HBEFA3/PC_G_EU4" CO2="0.00" CO="0.00" HC="0.00" NOx="0.00" PMx="0.00" fuel="0.00" electricity="0.00" noise="69.77" route="routebottom" type="cfm-fast" waiting="0.00" lane="right_0" pos="10.94" speed="24.95" angle="344.74" x="128.23" y="86.84"/>
        <vehicle id="cfm-fast_3" eclass="HBEFA3/PC_G_EU4" CO2="0.00" CO="0.00" HC="0.00" NOx="0.00" PMx="0.00" fuel="0.00" electricity="0.00" noise="69.13" route="routebottom" type="cfm-fast" waiting="0.00" lane="right_0" pos="26.82" speed="23.01" angle="316.22" x="109.32" y="114.87"/>
        <vehicle id="cfm-fast_4" eclass="HBEFA3/PC_G_EU4" CO2="334798.31" CO="8348.15" HC="46.50" NOx="156.37" PMx="9.37" fuel="143.91" electricity="0.00" noise="154.28" route="routebottom" type="cfm-fast" waiting="0.00" lane="bottom_1" pos="4.80" speed="81.69" angle="85.87" x="73.50" y="-0.90"/>
        <vehicle id="cfm-fast_5" eclass="HBEFA3/PC_G_EU4" CO2="5149.01" CO="30.01" HC="0.26" NOx="1.84" PMx="0.09" fuel="2.21" electricity="0.00" noise="70.16" route="routebottom" type="cfm-fast" waiting="0.00" lane="right_0" pos="40.93" speed="21.84" angle="290.82" x="83.01" y="129.49"/>
        <vehicle id="cfm-slow_0" eclass="HBEFA3/PC_G_EU4" CO2="8890.30" CO="107.15" HC="0.71" NOx="3.60" PMx="0.18" fuel="3.82" electricity="0.00" noise="71.76" route="routetop" type="cfm-slow" waiting="0.00" lane="top_0" pos="3.92" speed="22.02" angle="267.49" x="55.16" y="131.75"/>
        <vehicle id="cfm-slow_1" eclass="HBEFA3/PC_G_EU4" CO2="11064.39" CO="152.85" HC="0.97" NOx="4.61" PMx="0.24" fuel="4.76" electricity="0.00" noise="73.05" route="routetop" type="cfm-slow" waiting="0.00" lane="top_0" pos="21.08" speed="22.89" angle="236.51" x="21.47" y="117.74"/>
        <vehicle id="cfm-slow_2" eclass="HBEFA3/PC_G_EU4" CO2="13073.63" CO="196.48" HC="1.22" NOx="5.53" PMx="0.30" fuel="5.62" electricity="0.00" noise="74.31" route="routetop" type="cfm-slow" waiting="0.00" lane="top_0" pos="39.15" speed="24.06" angle="204.06" x="-0.97" y="86.65"/>
        <vehicle id="cfm-slow_3" eclass="HBEFA3/PC_G_EU4" CO2="14000.55" CO="219.70" HC="1.35" NOx="5.93" PMx="0.32" fuel="6.02" electricity="0.00" noise="75.03" route="routetop" type="cfm-slow" waiting="0.00" lane="left_0" pos="8.41" speed="25.43" angle="169.26" x="-2.53" y="45.68"/>
        <vehicle id="cfm-slow_4" eclass="HBEFA3/PC_G_EU4" CO2="12457.66" CO="193.58" HC="1.19" NOx="5.17" PMx="0.29" fuel="5.35" electricity="0.00" noise="74.68" route="routetop" type="cfm-slow" waiting="0.00" lane="left_0" pos="29.07" speed="26.79" angle="132.14" x="21.73" y="9.37"/>
        <vehicle id="cfm-slow_5" eclass="HBEFA3/PC_G_EU4" CO2="7219.93" CO="90.76" HC="0.60" NOx="2.68" PMx="0.16" fuel="3.10" electricity="0.00" noise="73.31" route="routebottom" type="cfm-slow" waiting="0.00" lane="bottom_0" pos="1.09" speed="27.77" angle="92.50" x="66.10" y="-4.90"/>
    </timestep>
    <timestep time="6.03">
        <vehicle id="cfm-fast_0" eclass="HBEFA3/PC_G_EU4" CO2="0.00" CO="0.00" HC="0.00" NOx="0.00" PMx="0.00" fuel="0.00" electricity="0.00" noise="71.89" route="routebottom" type="cfm-fast" waiting="0.00" lane="bottom_0" pos="24.32" speed="27.90" angle="50.73" x="111.13" y="14.13"/>
        <vehicle id="cfm-fast_1" eclass="HBEFA3/PC_G_EU4" CO2="0.00" CO="0.00" HC="0.00" NOx="0.00" PMx="0.00" fuel="0.00" electricity="0.00" noise="70.83" route="routebottom" type="cfm-fast" waiting="0.00" lane="bottom_0" pos="43.33" speed="26.85" angle="16.56" x="130.75" y="49.32"/>
        <vehicle id="cfm-fast_2" eclass="HBEFA3/PC_G_EU4" CO2="0.00" CO="0.00" HC="0.00" NOx="0.00" PMx="0.00" fuel="0.00" electricity="0.00" noise="69.76" route="routebottom" type="cfm-fast" waiting="0.00" lane="right_0" pos="11.19" speed="24.93" angle="344.26" x="128.05" y="87.34"/>
        <vehicle id="cfm-fast_3" eclass="HBEFA3/PC_G_EU4" CO2="0.00" CO="0.00" HC="0.00" NOx="0.00" PMx="0.00" fuel="0.00" electricity="0.00" noise="69.13" route="routebottom" type="cfm-fast" waiting="0.00" lane="right_0" pos="27.05" speed="23.00" angle="315.83" x="108.95" y="115.20"/>
        <vehicle id="cfm-fast_4" eclass="HBEFA3/PC_G_EU4" CO2="335440.37" CO="8368.27" HC="46.61" NOx="156.67" PMx="9.39" fuel="144.19" electricity="0.00" noise="154.35" route="routebottom" type="cfm-fast" waiting="0.00" lane="bottom_1" pos="5.62" speed="81.83" angle="84.37" x="75.16" y="-0.62"/>
        <vehicle id="cfm-fast_5" eclass="HBEFA3/PC_G_EU4" CO2="5177.40" CO="30.59" HC="0.27" NOx="1.85" PMx="0.09" fuel="2.23" electricity="0.00" noise="70.17" route="routebottom" type="cfm-fast" waiting="0.00" lane="right_0" pos="41.15" speed="21.85" angle="290.48" x="82.56" y="129.62"/>
        <vehicle id="cfm-slow_0" eclass="HBEFA3/PC_G_EU4" CO2="8907.15" CO="107.50" HC="0.71" NOx="3.61" PMx="0.18" fuel="3.83" electricity="0.00" noise="71.77" route="routetop" type="cfm-slow" waiting="0.00" lane="top_0" pos="4.14" speed="22.03" angle="267.09" x="54.70" y="131.68"/>
        <vehicle id="cfm-slow_1" eclass="HBEFA3/PC_G_EU4" CO2="11079.88" CO="153.19" HC="0.97" NOx="4.61" PMx="0.24" fuel="4.76" electricity="0.00" noise="73.07" route="routetop" type="cfm-slow" waiting="0.00" lane="top_0" pos="21.31" speed="22.90" angle="236.09" x="21.08" y="117.44"/>
        <vehicle id="cfm-slow_2" eclass="HBEFA3/PC_G_EU4" CO2="13079.43" CO="196.64" HC="1.22" NOx="5.53" PMx="0.30" fuel="5.62" electricity="0.00" noise="74.32" route="routetop" type="cfm-slow" waiting="0.00" lane="top_0" pos="39.39" speed="24.07" angle="203.61" x="-1.15" y="86.16"/>
        <vehicle id="cfm-slow_3" eclass="HBEFA3/PC_G_EU4" CO2="13983.70" CO="219.40" HC="1.35" NOx="5.93" PMx="0.32" fuel="6.01" electricity="0.00" noise="75.02" route="routetop" type="cfm-slow" waiting="0.00" lane="left_0" pos="8.67" speed="25.45" angle="168.80" x="-2.39" y="45.15"/>
        <vehicle id="cfm-slow_4" eclass="HBEFA3/PC_G_EU4" CO2="12405.30" CO="192.55" HC="1.19" NOx="5.15" PMx="0.29" fuel="5.33" electricity="0.00" noise="74.66" route="routetop" type="cfm-slow" waiting="0.00" lane="left_0" pos="29.34" speed="26.81" angle="131.64" x="22.18" y="9.02"/>
        <vehicle id="cfm-slow_5" eclass="HBEFA3/PC_G_EU4" CO2="7136.44" CO="89.05" HC="0.59" NOx="2.64" PMx="0.15" fuel="3.07" electricity="0.00" noise="73.29" route="routebottom" type="cfm-slow" waiting="0.00" lane="bottom_0" pos="1.37" speed="27.78" angle="92.02" x="66.70" y="-4.87"/>
    </timestep>
    <timestep time="6.04">
        <vehicle id="cfm-fast_0" eclass="HBEFA3/PC_G_EU4" CO2="0.00" CO="0.00" HC="0.00" NOx="0.00" PMx="0.00" fuel="0.00" electricity="0.00" noise="71.88" route="routebottom" type="cfm-fast" waiting="0.00" lane="bottom_0" pos="24.60" speed="27.89" angle="50.23" x="111.56" y="14.55"/>
        <vehicle id="cfm-fast_1" eclass="HBEFA3/PC_G_EU4" CO2="0.00" CO="0.00" HC="0.00" NOx="0.00" PMx="0.00" fuel="0.00" electricity="0.00" noise="70.82" route="routebottom" type="cfm-fast" waiting="0.00" lane="bottom_0" pos="43.60" speed="26.84" angle="16.12" x="130.88" y="49.89"/>
        <vehicle id="cfm-fast_2" eclass="HBEFA3/PC_G_EU4" CO2="0.00" CO="0.00" HC="0.00" NOx="0.00" PMx="0.00" fuel="0.00" electricity="0.00" noise="69.76" route="routebottom" type="cfm-fast" waiting="0.00" lane="right_0" pos="11.44" speed="24.91" angle="343.82" x="127.86" y="87.84"/>
        <vehicle id="cfm-fast_3" eclass="HBEFA3/PC_G_EU4" CO2="0.00" CO="0.00" HC="0.00" NOx="0.00" PMx="0.00" fuel="0.00" electricity="0.00" noise="69.14" route="routebottom" type="cfm-fast" waiting="0.00" lane="right_0" pos="27.28" speed="22.99" angle="315.40" x="108.57" y="115.52"/>
        <vehicle id="cfm-fast_4" eclass="HBEFA3/PC_G_EU4" CO2="336082.72" CO="8388.42" HC="46.71" NOx="156.98" PMx="9.41" fuel="144.47" electricity="0.00" noise="154.42" route="routebottom" type="cfm-fast" waiting="0.00" lane="bottom_1" pos="6.44" speed="81.97" angle="82.89" x="76.81" y="-0.31"/>
        <vehicle id="cfm-fast_5" eclass="HBEFA3/PC_G_EU4" CO2="5205.76" CO="31.18" HC="0.27" NOx="1.87" PMx="0.09" fuel="2.24" electricity="0.00" noise="70.18" route="routebottom" type="cfm-fast" waiting="0.00" lane="right_0" pos="41.36" speed="21.85" angle="290.09" x="82.11" y="129.74"/>
        <vehicle id="cfm-slow_0" eclass="HBEFA3/PC_G_EU4" CO2="8924.02" CO="107.85" HC="0.71" NOx="3.62" PMx="0.19" fuel="3.84" electricity="0.00" noise="71.78" route="routetop" type="cfm-slow" waiting="0.00" lane="top_0" pos="4.36" speed="22.04" angle="266.70" x="54.23" y="131.61"/>
        <vehicle id="cfm-slow_1" eclass="HBEFA3/PC_G_EU4" CO2="11095.31" CO="153.53" HC="0.97" NOx="4.62" PMx="0.24" fuel="4.77" electricity="0.00" noise="73.08" route="routetop" type="cfm-slow" waiting="0.00" lane="top_0" pos="21.54" speed="22.91" angle="235.67" x="20.69" y="117.13"/>
        <vehicle id="cfm-slow_2" eclass="HBEFA3/PC_G_EU4" CO2="13085.06" CO="196.79" HC="1.22" NOx="5.53" PMx="0.30" fuel="5.62" electricity="0.00" noise="74.32" route="routetop" type="cfm-slow" waiting="0.00" lane="top_0" pos="39.63" speed="24.09" angle="203.17" x="-1.32" y="85.67"/>
        <vehicle id="cfm-slow_3" eclass="HBEFA3/PC_G_EU4" CO2="13966.54" CO="219.10" HC="1.35" NOx="5.92" PMx="0.32" fuel="6.00" electricity="0.00" noise="75.02" route="routetop" type="cfm-slow" waiting="0.00" lane="left_0" pos="8.92" speed="25.46" angle="168.38" x="-2.25" y="44.62"/>
        <vehicle id="cfm-slow_4" eclass="HBEFA3/PC_G_EU4" CO2="12352.66" CO="191.52" HC="1.18" NOx="5.12" PMx="0.29" fuel="5.31" electricity="0.00" noise="74.64" route="routetop" type="cfm-slow" waiting="0.00" lane="left_0" pos="29.61" speed="26.82" angle="131.21" x="22.64" y="8.67"/>
        <vehicle id="cfm-slow_5" eclass="HBEFA3/PC_G_EU4" CO2="7053.02" CO="87.35" HC="0.58" NOx="2.60" PMx="0.15" fuel="3.03" electricity="0.00" noise="73.27" route="routebottom" type="cfm-slow" waiting="0.00" lane="bottom_0" pos="1.64" speed="27.78" angle="91.52" x="67.29" y="-4.84"/>
    </timestep>
    <timestep time="6.05">
        <vehicle id="cfm-fast_0" eclass="HBEFA3/PC_G_EU4" CO2="0.00" CO="0.00" HC="0.00" NOx="0.00" PMx="0.00" fuel="0.00" electricity="0.00" noise="71.87" route="routebottom" type="cfm-fast" waiting="0.00" lane="bottom_0" pos="24.88" speed="27.88" angle="49.71" x="111.98" y="14.97"/>
        <vehicle id="cfm-fast_1" eclass="HBEFA3/PC_G_EU4" CO2="0.00" CO="0.00" HC="0.00" NOx="0.00" PMx="0.00" fuel="0.00" electricity="0.00" noise="70.81" route="routebottom" type="cfm-fast" waiting="0.00" lane="bottom_0" pos="43.86" speed="26.82" angle="15.63" x="130.98" y="50.45"/>
        <vehicle id="cfm-fast_2" eclass="HBEFA3/PC_G_EU4" CO2="0.00" CO="0.00" HC="0.00" NOx="0.00" PMx="0.00" fuel="0.00" electricity="0.00" noise="69.75" route="routebottom" type="cfm-fast" waiting="0.00" lane="right_0" pos="11.69" speed="24.89" angle="343.39" x="127.67" y="88.34"/>
        <vehicle id="cfm-fast_3" eclass="HBEFA3/PC_G_EU4" CO2="0.00" CO="0.00" HC="0.00" NOx="0.00" PMx="0.00" fuel="0.00" electricity="0.00" noise="69.14" route="routebottom" type="cfm-fast" waiting="0.00" lane="right_0" pos="27.51" speed="22.98" angle="314.97" x="108.20" y="115.84"/>
        <vehicle id="cfm-fast_4" eclass="HBEFA3/PC_G_EU4" CO2="336725.37" CO="8408.59" HC="46.82" NOx="157.28" PMx="9.42" fuel="144.74" electricity="0.00" noise="154.48" route="routebottom" type="cfm-fast" waiting="0.00" lane="bottom_1" pos="7.26" speed="82.10" angle="81.38" x="78.45" y="0.06"/>
        <vehicle id="cfm-fast_5" eclass="HBEFA3/PC_G_EU4" CO2="5234.08" CO="31.76" HC="0.27" NOx="1.88" PMx="0.09" fuel="2.25" electricity="0.00" noise="70.19" route="routebottom" type="cfm-fast" waiting="0.00" lane="right_0" pos="41.58" speed="21.85" angle="289.69" x="81.65" y="129.86"/>
        <vehicle id="cfm-slow_0" eclass="HBEFA3/PC_G_EU4" CO2="8940.91" CO="108.21" HC="0.71" NOx="3.62" PMx="0.19" fuel="3.84" electricity="0.00" noise="71.79" route="routetop" type="cfm-slow" waiting="0.00" lane="top_0" pos="4.58" speed="22.04" angle="266.30" x="53.76" y="131.55"/>
        <vehicle id="cfm-slow_1" eclass="HBEFA3/PC_G_EU4" CO2="11110.70" CO="153.86" HC="0.97" NOx="4.63" PMx="0.24" fuel="4.78" electricity="0.00" noise="73.09" route="routetop" type="cfm-slow" waiting="0.00" lane="top_0" pos="21.77" speed="22.92" angle="235.29" x="20.31" y="116.83"/>
        <vehicle id="cfm-slow_2" eclass="HBEFA3/PC_G_EU4" CO2="13090.52" CO="196.94" HC="1.22" NOx="5.53" PMx="0.30" fuel="5.63" electricity="0.00" noise="74.33" route="routetop" type="cfm-slow" waiting="0.00" lane="top_0" pos="39.87" speed="24.10" angle="202.79" x="-1.49" y="85.18"/>
        <vehicle id="cfm-slow_3" eclass="HBEFA3/PC_G_EU4" CO2="13949.09" CO="218.79" HC="1.34" NOx="5.91" PMx="0.32" fuel="6.00" electricity="0.00" noise="75.01" route="routetop" type="cfm-slow" waiting="0.00" lane="left_0" pos="9.18" speed="25.48" angle="167.92" x="-2.09" y="44.10"/>
        <vehicle id="cfm-slow_4" eclass="HBEFA3/PC_G_EU4" CO2="12299.74" CO="190.48" HC="1.18" NOx="5.10" PMx="0.28" fuel="5.29" electricity="0.00" noise="74.63" route="routetop" type="cfm-slow" waiting="0.00" lane="left_0" pos="29.88" speed="26.83" angle="130.72" x="23.11" y="8.33"/>
        <vehicle id="cfm-slow_5" eclass="HBEFA3/PC_G_EU4" CO2="6969.68" CO="85.65" HC="0.57" NOx="2.56" PMx="0.15" fuel="3.00" electricity="0.00" noise="73.25" route="routebottom" type="cfm-slow" waiting="0.00" lane="bottom_0" pos="1.92" speed="27.78" angle="91.03" x="67.89" y="-4.80"/>
    </timestep>
    <timestep time="6.06">
        <vehicle id="cfm-fast_0" eclass="HBEFA3/PC_G_EU4" CO2="0.00" CO="0.00" HC="0.00" NOx="0.00" PMx="0.00" fuel="0.00" electricity="0.00" noise="71.85" route="routebottom" type="cfm-fast" waiting="0.00" lane="bottom_0" pos="25.16" speed="27.87" angle="49.19" x="112.41" y="15.40"/>
        <vehicle id="cfm-fast_1" eclass="HBEFA3/PC_G_EU4" CO2="0.00" CO="0.00" HC="0.00" NOx="0.00" PMx="0.00" fuel="0.00" electricity="0.00" noise="70.80" route="routebottom" type="cfm-fast" waiting="0.00" lane="bottom_0" pos="44.13" speed="26.80" angle="15.12" x="131.09" y="51.02"/>
        <vehicle id="cfm-fast_2" eclass="HBEFA3/PC_G_EU4" CO2="0.00" CO="0.00" HC="0.00" NOx="0.00" PMx="0.00" fuel="0.00" electricity="0.00" noise="69.74" route="routebottom" type="cfm-fast" waiting="0.00" lane="right_0" pos="11.94" speed="24.87" angle="342.94" x="127.47" y="88.84"/>
        <vehicle id="cfm-fast_3" eclass="HBEFA3/PC_G_EU4" CO2="0.00" CO="0.00" HC="0.00" NOx="0.00" PMx="0.00" fuel="0.00" electricity="0.00" noise="69.14" route="routebottom" type="cfm-fast" waiting="0.00" lane="right_0" pos="27.74" speed="22.97" angle="314.54" x="107.82" y="116.16"/>
        <vehicle id="cfm-fast_4" eclass="HBEFA3/PC_G_EU4" CO2="337368.31" CO="8428.78" HC="46.93" NOx="157.58" PMx="9.44" fuel="145.02" electricity="0.00" noise="154.55" route="routebottom" type="cfm-fast" waiting="0.00" lane="bottom_1" pos="8.08" speed="82.24" angle="79.92" x="80.09" y="0.46"/>
        <vehicle id="cfm-fast_5" eclass="HBEFA3/PC_G_EU4" CO2="5262.37" CO="32.35" HC="0.28" NOx="1.89" PMx="0.09" fuel="2.26" electricity="0.00" noise="70.20" route="routebottom" type="cfm-fast" waiting="0.00" lane="right_0" pos="41.80" speed="21.86" angle="289.29" x="81.20" y="129.98"/>
        <vehicle id="cfm-slow_0" eclass="HBEFA3/PC_G_EU4" CO2="8957.83" CO="108.56" HC="0.71" NOx="3.63" PMx="0.19" fuel="3.85" electricity="0.00" noise="71.80" route="routetop" type="cfm-slow" waiting="0.00" lane="top_0" pos="4.80" speed="22.05" angle="265.90" x="53.29" y="131.48"/>
        <vehicle id="cfm-slow_1" eclass="HBEFA3/PC_G_EU4" CO2="11126.03" CO="154.19" HC="0.98" NOx="4.63" PMx="0.24" fuel="4.78" electricity="0.00" noise="73.10" route="routetop" type="cfm-slow" waiting="0.00" lane="top_0" pos="22.00" speed="22.94" angle="234.87" x="19.93" y="116.51"/>
        <vehicle id="cfm-slow_2" eclass="HBEFA3/PC_G_EU4" CO2="13095.82" CO="197.08" HC="1.22" NOx="5.54" PMx="0.30" fuel="5.63" electricity="0.00" noise="74.33" route="routetop" type="cfm-slow" waiting="0.00" lane="top_0" pos="40.11" speed="24.11" angle="202.34" x="-1.64" y="84.68"/>
        <vehicle id="cfm-slow_3" eclass="HBEFA3/PC_G_EU4" CO2="13931.35" CO="218.48" HC="1.34" NOx="5.90" PMx="0.32" fuel="5.99" electricity="0.00" noise="75.01" route="routetop" type="cfm-slow" waiting="0.00" lane="left_0" pos="9.43" speed="25.49" angle="167.44" x="-1.93" y="43.58"/>
        <vehicle id="cfm-slow_4" eclass="HBEFA3/PC_G_EU4" CO2="12246.54" CO="189.44" HC="1.17" NOx="5.07" PMx="0.28" fuel="5.26" electricity="0.00" noise="74.61" route="routetop" type="cfm-slow" waiting="0.00" lane="left_0" pos="30.14" speed="26.84" angle="130.23" x="23.58" y="7.99"/>
        <vehicle id="cfm-slow_5" eclass="HBEFA3/PC_G_EU4" CO2="6886.42" CO="83.95" HC="0.56" NOx="2.52" PMx="0.15" fuel="2.96" electricity="0.00" noise="73.23" route="routebottom" type="cfm-slow" waiting="0.00" lane="bottom_0" pos="2.20" speed="27.78" angle="90.53" x="68.49" y="-4.77"/>
    </timestep>
    <timestep time="6.07">
        <vehicle id="cfm-fast_0" eclass="HBEFA3/PC_G_EU4" CO2="0.00" CO="0.00" HC="0.00" NOx="0.00" PMx="0.00" fuel="0.00" electricity="0.00" noise="71.84" route="routebottom" type="cfm-fast" waiting="0.00" lane="bottom_0" pos="25.43" speed="27.86" angle="48.67" x="112.83" y="15.82"/>
        <vehicle id="cfm-fast_1" eclass="HBEFA3/PC_G_EU4" CO2="0.00" CO="0.00" HC="0.00" NOx="0.00" PMx="0.00" fuel="0.00" electricity="0.00" noise="70.79" route="routebottom" type="cfm-fast" waiting="0.00" lane="bottom_0" pos="44.40" speed="26.78" angle="14.61" x="131.19" y="51.59"/>
        <vehicle id="cfm-fast_2" eclass="HBEFA3/PC_G_EU4" CO2="0.00" CO="0.00" HC="0.00" NOx="0.00" PMx="0.00" fuel="0.00" electricity="0.00" noise="69.73" route="routebottom" type="cfm-fast" waiting="0.00" lane="right_0" pos="12.19" speed="24.86" angle="342.48" x="127.27" y="89.34"/>
        <vehicle id="cfm-fast_3" eclass="HBEFA3/PC_G_EU4" CO2="0.00" CO="0.00" HC="0.00" NOx="0.00" PMx="0.00" fuel="0.00" electricity="0.00" noise="69.14" route="routebottom" type="cfm-fast" waiting="0.00" lane="right_0" pos="27.97" speed="22.96" angle="314.11" x="107.44" y="116.48"/>
        <vehicle id="cfm-fast_4" eclass="HBEFA3/PC_G_EU4" CO2="338011.54" CO="8448.99" HC="47.04" NOx="157.88" PMx="9.46" fuel="145.29" electricity="0.00" noise="154.61" route="routebottom" type="cfm-fast" waiting="0.00" lane="bottom_1" pos="8.91" speed="82.38" angle="78.41" x="81.72" y="0.90"/>
        <vehicle id="cfm-fast_5" eclass="HBEFA3/PC_G_EU4" CO2="5290.62" CO="32.93" HC="0.28" NOx="1.91" PMx="0.09" fuel="2.27" electricity="0.00" noise="70.21" route="routebottom" type="cfm-fast" waiting="0.00" lane="right_0" pos="42.02" speed="21.86" angle="288.90" x="80.74" y="130.10"/>
        <vehicle id="cfm-slow_0" eclass="HBEFA3/PC_G_EU4" CO2="8974.77" CO="108.92" HC="0.72" NOx="3.64" PMx="0.19" fuel="3.86" electricity="0.00" noise="71.81" route="routetop" type="cfm-slow" waiting="0.00" lane="top_0" pos="5.02" speed="22.06" angle="265.43" x="52.82" y="131.41"/>
        <vehicle id="cfm-slow_1" eclass="HBEFA3/PC_G_EU4" CO2="11141.30" CO="154.53" HC="0.98" NOx="4.64" PMx="0.24" fuel="4.79" electricity="0.00" noise="73.11" route="routetop" type="cfm-slow" waiting="0.00" lane="top_0" pos="22.23" speed="22.95" angle="234.44" x="19.55" y="116.19"/>
        <vehicle id="cfm-slow_2" eclass="HBEFA3/PC_G_EU4" CO2="13100.93" CO="197.22" HC="1.22" NOx="5.54" PMx="0.30" fuel="5.63" electricity="0.00" noise="74.34" route="routetop" type="cfm-slow" waiting="0.00" lane="top_0" pos="40.36" speed="24.13" angle="201.89" x="-1.79" y="84.19"/>
        <vehicle id="cfm-slow_3" eclass="HBEFA3/PC_G_EU4" CO2="13913.31" CO="218.16" HC="1.34" NOx="5.89" PMx="0.32" fuel="5.98" electricity="0.00" noise="75.00" route="routetop" type="cfm-slow" waiting="0.00" lane="left_0" pos="9.69" speed="25.50" angle="166.97" x="-1.77" y="43.05"/>
        <vehicle id="cfm-slow_4" eclass="HBEFA3/PC_G_EU4" CO2="12193.07" CO="188.39" HC="1.16" NOx="5.05" PMx="0.28" fuel="5.24" electricity="0.00" noise="74.59" route="routetop" type="cfm-slow" waiting="0.00" lane="left_0" pos="30.41" speed="26.85" angle="129.74" x="24.05" y="7.66"/>
        <vehicle id="cfm-slow_5" eclass="HBEFA3/PC_G_EU4" CO2="6803.24" CO="82.25" HC="0.55" NOx="2.48" PMx="0.14" fuel="2.92" electricity="0.00" noise="73.21" route="routebottom" type="cfm-slow" waiting="0.00" lane="bottom_0" pos="2.48" speed="27.79" angle="90.03" x="69.08" y="-4.74"/>
    </timestep>
    <timestep time="6.08">
        <vehicle id="cfm-fast_0" eclass="HBEFA3/PC_G_EU4" CO2="0.00" CO="0.00" HC="0.00" NOx="0.00" PMx="0.00" fuel="0.00" electricity="0.00" noise="71.83" route="routebottom" type="cfm-fast" waiting="0.00" lane="bottom_0" pos="25.71" speed="27.85" angle="48.22" x="113.25" y="16.25"/>
        <vehicle id="cfm-fast_1" eclass="HBEFA3/PC_G_EU4" CO2="0.00" CO="0.00" HC="0.00" NOx="0.00" PMx="0.00" fuel="0.00" electricity="0.00" noise="70.78" route="routebottom" type="cfm-fast" waiting="0.00" lane="bottom_0" pos="44.67" speed="26.77" angle="14.10" x="131.30" y="52.15"/>
        <vehicle id="cfm-fast_2" eclass="HBEFA3/PC_G_EU4" CO2="0.00" CO="0.00" HC="0.00" NOx="0.00" PMx="0.00" fuel="0.00" electricity="0.00" noise="69.73" route="routebottom" type="cfm-fast" waiting="0.00" lane="right_0" pos="12.44" speed="24.84" angle="342.03" x="127.07" y="89.83"/>
        <vehicle id="cfm-fast_3" eclass="HBEFA3/PC_G_EU4" CO2="0.00" CO="0.00" HC="0.00" NOx="0.00" PMx="0.00" fuel="0.00" electricity="0.00" noise="69.15" route="routebottom" type="cfm-fast" waiting="0.00" lane="right_0" pos="28.20" speed="22.95" angle="313.75" x="107.07" y="116.80"/>
        <vehicle id="cfm-fast_4" eclass="HBEFA3/PC_G_EU4" CO2="338655.06" CO="8469.23" HC="47.15" NOx="158.18" PMx="9.48" fuel="145.57" electricity="0.00" noise="154.68" route="routebottom" type="cfm-fast" waiting="0.00" lane="bottom_1" pos="9.73" speed="82.51" angle="76.93" x="83.34" y="1.40"/>
        <vehicle id="cfm-fast_5" eclass="HBEFA3/PC_G_EU4" CO2="5318.84" CO="33.51" HC="0.28" NOx="1.92" PMx="0.09" fuel="2.29" electricity="0.00" noise="70.22" route="routebottom" type="cfm-fast" waiting="0.00" lane="right_0" pos="42.24" speed="21.86" angle="288.51" x="80.29" y="130.23"/>
        <vehicle id="cfm-slow_0" eclass="HBEFA3/PC_G_EU4" CO2="8991.73" CO="109.28" HC="0.72" NOx="3.65" PMx="0.19" fuel="3.87" electricity="0.00" noise="71.82" route="routetop" type="cfm-slow" waiting="0.00" lane="top_0" pos="5.24" speed="22.07" angle="265.05" x="52.35" y="131.33"/>
        <vehicle id="cfm-slow_1" eclass="HBEFA3/PC_G_EU4" CO2="11156.52" CO="154.86" HC="0.98" NOx="4.65" PMx="0.25" fuel="4.80" electricity="0.00" noise="73.12" route="routetop" type="cfm-slow" waiting="0.00" lane="top_0" pos="22.46" speed="22.96" angle="234.01" x="19.17" y="115.88"/>
        <vehicle id="cfm-slow_2" eclass="HBEFA3/PC_G_EU4" CO2="13105.88" CO="197.36" HC="1.22" NOx="5.54" PMx="0.30" fuel="5.63" electricity="0.00" noise="74.35" route="routetop" type="cfm-slow" waiting="0.00" lane="top_0" pos="40.60" speed="24.14" angle="201.44" x="-1.95" y="83.69"/>
        <vehicle id="cfm-slow_3" eclass="HBEFA3/PC_G_EU4" CO2="13894.97" CO="217.83" HC="1.34" NOx="5.88" PMx="0.32" fuel="5.97" electricity="0.00" noise="75.00" route="routetop" type="cfm-slow" waiting="0.00" lane="left_0" pos="9.94" speed="25.52" angle="166.50" x="-1.60" y="42.53"/>
        <vehicle id="cfm-slow_4" eclass="HBEFA3/PC_G_EU4" CO2="12139.32" CO="187.33" HC="1.16" NOx="5.02" PMx="0.28" fuel="5.22" electricity="0.00" noise="74.57" route="routetop" type="cfm-slow" waiting="0.00" lane="left_0" pos="30.68" speed="26.86" angle="129.26" x="24.52" y="7.32"/>
        <vehicle id="cfm-slow_5" eclass="HBEFA3/PC_G_EU4" CO2="6720.15" CO="80.55" HC="0.54" NOx="2.45" PMx="0.14" fuel="2.89" electricity="0.00" noise="73.19" route="routebottom" type="cfm-slow" waiting="0.00" lane="bottom_0" pos="2.75" speed="27.79" angle="89.55" x="69.68" y="-4.68"/>
    </timestep>
    <timestep time="6.09">
        <vehicle id="cfm-fast_0" eclass="HBEFA3/PC_G_EU4" CO2="0.00" CO="0.00" HC="0.00" NOx="0.00" PMx="0.00" fuel="0.00" electricity="0.00" noise="71.82" route="routebottom" type="cfm-fast" waiting="0.00" lane="bottom_0" pos="25.99" speed="27.84" angle="47.71" x="113.66" y="16.69"/>
        <vehicle id="cfm-fast_1" eclass="HBEFA3/PC_G_EU4" CO2="0.00" CO="0.00" HC="0.00" NOx="0.00" PMx="0.00" fuel="0.00" electricity="0.00" noise="70.77" route="routebottom" type="cfm-fast" waiting="0.00" lane="bottom_0" pos="44.94" speed="26.75" angle="13.68" x="131.40" y="52.72"/>
        <vehicle id="cfm-fast_2" eclass="HBEFA3/PC_G_EU4" CO2="0.00" CO="0.00" HC="0.00" NOx="0.00" PMx="0.00" fuel="0.00" electricity="0.00" noise="69.72" route="routebottom" type="cfm-fast" waiting="0.00" lane="right_0" pos="12.69" speed="24.82" angle="341.59" x="126.87" y="90.33"/>
        <vehicle id="cfm-fast_3" eclass="HBEFA3/PC_G_EU4" CO2="0.00" CO="0.00" HC="0.00" NOx="0.00" PMx="0.00" fuel="0.00" electricity="0.00" noise="69.15" route="routebottom" type="cfm-fast" waiting="0.00" lane="right_0" pos="28.43" speed="22.94" angle="313.33" x="106.68" y="117.10"/>
        <vehicle id="cfm-fast_4" eclass="HBEFA3/PC_G_EU4" CO2="339298.87" CO="8489.48" HC="47.26" NOx="158.49" PMx="9.50" fuel="145.85" electricity="0.00" noise="154.74" route="routebottom" type="cfm-fast" waiting="0.00" lane="bottom_1" pos="10.56" speed="82.65" angle="75.47" x="84.95" y="1.92"/>
        <vehicle id="cfm-fast_5" eclass="HBEFA3/PC_G_EU4" CO2="5347.02" CO="34.10" HC="0.29" NOx="1.93" PMx="0.09" fuel="2.30" electricity="0.00" noise="70.24" route="routebottom" type="cfm-fast" waiting="0.00" lane="right_0" pos="42.46" speed="21.87" angle="288.16" x="79.83" y="130.34"/>
        <vehicle id="cfm-slow_0" eclass="HBEFA3/PC_G_EU4" CO2="9008.71" CO="109.63" HC="0.72" NOx="3.65" PMx="0.19" fuel="3.87" electricity="0.00" noise="71.83" route="routetop" type="cfm-slow" waiting="0.00" lane="top_0" pos="5.46" speed="22.08" angle="264.64" x="51.88" y="131.25"/>
        <vehicle id="cfm-slow_1" eclass="HBEFA3/PC_G_EU4" CO2="11171.68" CO="155.19" HC="0.98" NOx="4.65" PMx="0.25" fuel="4.80" electricity="0.00" noise="73.13" route="routetop" type="cfm-slow" waiting="0.00" lane="top_0" pos="22.69" speed="22.97" angle="233.58" x="18.80" y="115.56"/>
        <vehicle id="cfm-slow_2" eclass="HBEFA3/PC_G_EU4" CO2="13110.64" CO="197.49" HC="1.22" NOx="5.54" PMx="0.30" fuel="5.64" electricity="0.00" noise="74.35" route="routetop" type="cfm-slow" waiting="0.00" lane="top_0" pos="40.84" speed="24.16" angle="200.99" x="-2.10" y="83.20"/>
        <vehicle id="cfm-slow_3" eclass="HBEFA3/PC_G_EU4" CO2="13876.33" CO="217.50" HC="1.34" NOx="5.87" PMx="0.32" fuel="5.96" electricity="0.00" noise="74.99" route="routetop" type="cfm-slow" waiting="0.00" lane="left_0" pos="10.20" speed="25.53" angle="166.08" x="-1.44" y="42.00"/>
        <vehicle id="cfm-slow_4" eclass="HBEFA3/PC_G_EU4" CO2="12085.31" CO="186.27" HC="1.15" NOx="5.00" PMx="0.28" fuel="5.19" electricity="0.00" noise="74.55" route="routetop" type="cfm-slow" waiting="0.00" lane="left_0" pos="30.95" speed="26.87" angle="128.82" x="24.99" y="6.99"/>
        <vehicle id="cfm-slow_5" eclass="HBEFA3/PC_G_EU4" CO2="6637.15" CO="78.85" HC="0.53" NOx="2.41" PMx="0.14" fuel="2.85" electricity="0.00" noise="73.17" route="routebottom" type="cfm-slow" waiting="0.00" lane="bottom_0" pos="3.03" speed="27.79" angle="89.05" x="70.27" y="-4.62"/>
    </timestep>
    <timestep time="6.10">
        <vehicle id="cfm-fast_0" eclass="HBEFA3/PC_G_EU4" CO2="0.00" CO="0.00" HC="0.00" NOx="0.00" PMx="0.00" fuel="0.00" electricity="0.00" noise="71.80" route="routebottom" type="cfm-fast" waiting="0.00" lane="bottom_0" pos="26.27" speed="27.84" angle="47.21" x="114.06" y="17.13"/>
        <vehicle id="cfm-fast_1" eclass="HBEFA3/PC_G_EU4" CO2="0.00" CO="0.00" HC="0.00" NOx="0.00" PMx="0.00" fuel="0.00" electricity="0.00" noise="70.76" route="routebottom" type="cfm-fast" waiting="0.00" lane="bottom_0" pos="45.20" speed="26.73" angle="13.19" x="131.48" y="53.29"/>
        <vehicle id="cfm-fast_2" eclass="HBEFA3/PC_G_EU4" CO2="0.00" CO="0.00" HC="0.00" NOx="0.00" PMx="0.00" fuel="0.00" electricity="0.00" noise="69.71" route="routebottom" type="cfm-fast" waiting="0.00" lane="right_0" pos="12.93" speed="24.80" angle="341.19" x="126.66" y="90.82"/>
        <vehicle id="cfm-fast_3" eclass="HBEFA3/PC_G_EU4" CO2="0.00" CO="0.00" HC="0.00" NOx="0.00" PMx="0.00" fuel="0.00" electricity="0.00" noise="69.15" route="routebottom" type="cfm-fast" waiting="0.00" lane="right_0" pos="28.66" speed="22.93" angle="312.91" x="106.29" y="117.41"/>
        <vehicle id="cfm-fast_4" eclass="HBEFA3/PC_G_EU4" CO2="339942.98" CO="8509.76" HC="47.37" NOx="158.79" PMx="9.52" fuel="146.12" electricity="0.00" noise="154.81" route="routebottom" type="cfm-fast" waiting="0.00" lane="bottom_1" pos="11.39" speed="82.78" angle="73.94" x="86.54" y="2.50"/>
        <vehicle id="cfm-fast_5" eclass="HBEFA3/PC_G_EU4" CO2="5375.17" CO="34.68" HC="0.29" NOx="1.94" PMx="0.09" fuel="2.31" electricity="0.00" noise="70.25" route="routebottom" type="cfm-fast" waiting="0.00" lane="right_0" pos="42.68" speed="21.87" angle="287.76" x="79.37" y="130.44"/>
        <vehicle id="cfm-slow_0" eclass="HBEFA3/PC_G_EU4" CO2="9025.70" CO="109.99" HC="0.72" NOx="3.66" PMx="0.19" fuel="3.88" electricity="0.00" noise="71.85" route="routetop" type="cfm-slow" waiting="0.00" lane="top_0" pos="5.68" speed="22.09" angle="264.22" x="51.41" y="131.16"/>
        <vehicle id="cfm-slow_1" eclass="HBEFA3/PC_G_EU4" CO2="11186.79" CO="155.52" HC="0.98" NOx="4.66" PMx="0.25" fuel="4.81" electricity="0.00" noise="73.14" route="routetop" type="cfm-slow" waiting="0.00" lane="top_0" pos="22.92" speed="22.99" angle="233.15" x="18.42" y="115.24"/>
        <vehicle id="cfm-slow_2" eclass="HBEFA3/PC_G_EU4" CO2="13115.23" CO="197.63" HC="1.23" NOx="5.54" PMx="0.30" fuel="5.64" electricity="0.00" noise="74.36" route="routetop" type="cfm-slow" waiting="0.00" lane="top_0" pos="41.08" speed="24.17" angle="200.60" x="-2.25" y="82.70"/>
        <vehicle id="cfm-slow_3" eclass="HBEFA3/PC_G_EU4" CO2="13857.40" CO="217.16" HC="1.33" NOx="5.86" PMx="0.32" fuel="5.96" electricity="0.00" noise="74.98" route="routetop" type="cfm-slow" waiting="0.00" lane="left_0" pos="10.45" speed="25.55" angle="165.62" x="-1.26" y="41.48"/>
        <vehicle id="cfm-slow_4" eclass="HBEFA3/PC_G_EU4" CO2="12031.03" CO="185.20" HC="1.14" NOx="4.97" PMx="0.28" fuel="5.17" electricity="0.00" noise="74.54" route="routetop" type="cfm-slow" waiting="0.00" lane="left_0" pos="31.22" speed="26.88" angle="128.33" x="25.48" y="6.67"/>
        <vehicle id="cfm-slow_5" eclass="HBEFA3/PC_G_EU4" CO2="6554.26" CO="77.16" HC="0.52" NOx="2.37" PMx="0.14" fuel="2.82" electricity="0.00" noise="73.15" route="routebottom" type="cfm-slow" waiting="0.00" lane="bottom_0" pos="3.31" speed="27.79" angle="88.56" x="70.87" y="-4.56"/>
    </timestep>
    <timestep time="6.11">
        <vehicle id="cfm-fast_0" eclass="HBEFA3/PC_G_EU4" CO2="0.00" CO="0.00" HC="0.00" NOx="0.00" PMx="0.00" fuel="0.00" electricity="0.00" noise="71.79" route="routebottom" type="cfm-fast" waiting="0.00" lane="bottom_0" pos="26.55" speed="27.83" angle="46.70" x="114.47" y="17.57"/>
        <vehicle id="cfm-fast_1" eclass="HBEFA3/PC_G_EU4" CO2="0.00" CO="0.00" HC="0.00" NOx="0.00" PMx="0.00" fuel="0.00" electricity="0.00" noise="70.75" route="routebottom" type="cfm-fast" waiting="0.00" lane="bottom_0" pos="45.47" speed="26.71" angle="12.71" x="131.56" y="53.86"/>
        <vehicle id="cfm-fast_2" eclass="HBEFA3/PC_G_EU4" CO2="0.00" CO="0.00" HC="0.00" NOx="0.00" PMx="0.00" fuel="0.00" electricity="0.00" noise="69.70" route="routebottom" type="cfm-fast" waiting="0.00" lane="right_0" pos="13.18" speed="24.78" angle="340.74" x="126.45" y="91.31"/>
        <vehicle id="cfm-fast_3" eclass="HBEFA3/PC_G_EU4" CO2="0.00" CO="0.00" HC="0.00" NOx="0.00" PMx="0.00" fuel="0.00" electricity="0.00" noise="69.15" route="routebottom" type="cfm-fast" waiting="0.00" lane="right_0" pos="28.89" speed="22.92" angle="312.49" x="105.90" y="117.71"/>
        <vehicle id="cfm-fast_4" eclass="HBEFA3/PC_G_EU4" CO2="340587.37" CO="8530.06" HC="47.47" NOx="159.09" PMx="9.54" fuel="146.40" electricity="0.00" noise="154.88" route="routebottom" type="cfm-fast" waiting="0.00" lane="bottom_1" pos="12.22" speed="82.92" angle="72.49" x="88.13" y="3.12"/>
        <vehicle id="cfm-fast_5" eclass="HBEFA3/PC_G_EU4" CO2="5403.28" CO="35.26" HC="0.29" NOx="1.96" PMx="0.09" fuel="2.32" electricity="0.00" noise="70.26" route="routebottom" type="cfm-fast" waiting="0.00" lane="right_0" pos="42.90" speed="21.87" angle="287.36" x="78.92" y="130.54"/>
        <vehicle id="cfm-slow_0" eclass="HBEFA3/PC_G_EU4" CO2="9042.72" CO="110.35" HC="0.72" NOx="3.67" PMx="0.19" fuel="3.89" electricity="0.00" noise="71.86" route="routetop" type="cfm-slow" waiting="0.00" lane="top_0" pos="5.90" speed="22.10" angle="263.81" x="50.95" y="131.07"/>
        <vehicle id="cfm-slow_1" eclass="HBEFA3/PC_G_EU4" CO2="11201.83" CO="155.85" HC="0.99" NOx="4.67" PMx="0.25" fuel="4.82" electricity="0.00" noise="73.15" route="routetop" type="cfm-slow" waiting="0.00" lane="top_0" pos="23.15" speed="23.00" angle="232.81" x="18.04" y="114.91"/>
        <vehicle id="cfm-slow_2" eclass="HBEFA3/PC_G_EU4" CO2="13119.64" CO="197.75" HC="1.23" NOx="5.55" PMx="0.30" fuel="5.64" electricity="0.00" noise="74.36" route="routetop" type="cfm-slow" waiting="0.00" lane="top_0" pos="41.32" speed="24.19" angle="200.15" x="-2.39" y="82.20"/>
        <vehicle id="cfm-slow_3" eclass="HBEFA3/PC_G_EU4" CO2="13838.17" CO="216.82" HC="1.33" NOx="5.85" PMx="0.32" fuel="5.95" electricity="0.00" noise="74.98" route="routetop" type="cfm-slow" waiting="0.00" lane="left_0" pos="10.71" speed="25.56" angle="165.15" x="-1.07" y="40.97"/>
        <vehicle id="cfm-slow_4" eclass="HBEFA3/PC_G_EU4" CO2="11976.50" CO="184.13" HC="1.14" NOx="4.95" PMx="0.28" fuel="5.15" electricity="0.00" noise="74.52" route="routetop" type="cfm-slow" waiting="0.00" lane="left_0" pos="31.49" speed="26.89" angle="127.85" x="25.96" y="6.35"/>
        <vehicle id="cfm-slow_5" eclass="HBEFA3/PC_G_EU4" CO2="6471.47" CO="75.46" HC="0.51" NOx="2.33" PMx="0.14" fuel="2.78" electricity="0.00" noise="73.13" route="routebottom" type="cfm-slow" waiting="0.00" lane="bottom_0" pos="3.59" speed="27.79" angle="88.06" x="71.46" y="-4.50"/>
    </timestep>
    <timestep time="6.12">
        <vehicle id="cfm-fast_0" eclass="HBEFA3/PC_G_EU4" CO2="0.00" CO="0.00" HC="0.00" NOx="0.00" PMx="0.00" fuel="0.00" electricity="0.00" noise="71.78" route="routebottom" type="cfm-fast" waiting="0.00" lane="bottom_0" pos="26.83" speed="27.82" angle="46.21" x="114.88" y="18.01"/>
        <vehicle id="cfm-fast_1" eclass="HBEFA3/PC_G_EU4" CO2="0.00" CO="0.00" HC="0.00" NOx="0.00" PMx="0.00" fuel="0.00" electricity="0.00" noise="70.74" route="routebottom" type="cfm-fast" waiting="0.00" lane="bottom_0" pos="45.74" speed="26.70" angle="12.22" x="131.64" y="54.43"/>
        <vehicle id="cfm-fast_2" eclass="HBEFA3/PC_G_EU4" CO2="0.00" CO="0.00" HC="0.00" NOx="0.00" PMx="0.00" fuel="0.00" electricity="0.00" noise="69.70" route="routebottom" type="cfm-fast" waiting="0.00" lane="right_0" pos="13.43" speed="24.77" angle="340.29" x="126.23" y="91.79"/>
        <vehicle id="cfm-fast_3" eclass="HBEFA3/PC_G_EU4" CO2="0.00" CO="0.00" HC="0.00" NOx="0.00" PMx="0.00" fuel="0.00" electricity="0.00" noise="69.16" route="routebottom" type="cfm-fast" waiting="0.00" lane="right_0" pos="29.12" speed="22.91" angle="312.08" x="105.51" y="118.01"/>
        <vehicle id="cfm-fast_4" eclass="HBEFA3/PC_G_EU4" CO2="341232.06" CO="8550.37" HC="47.58" NOx="159.39" PMx="9.56" fuel="146.68" electricity="0.00" noise="154.94" route="routebottom" type="cfm-fast" waiting="0.00" lane="bottom_1" pos="13.05" speed="83.06" angle="71.05" x="89.70" y="3.77"/>
        <vehicle id="cfm-fast_5" eclass="HBEFA3/PC_G_EU4" CO2="5431.35" CO="35.84" HC="0.30" NOx="1.97" PMx="0.09" fuel="2.33" electricity="0.00" noise="70.27" route="routebottom" type="cfm-fast" waiting="0.00" lane="right_0" pos="43.11" speed="21.88" angle="286.96" x="78.46" y="130.65"/>
        <vehicle id="cfm-slow_0" eclass="HBEFA3/PC_G_EU4" CO2="9059.74" CO="110.71" HC="0.73" NOx="3.68" PMx="0.19" fuel="3.89" electricity="0.00" noise="71.87" route="routetop" type="cfm-slow" waiting="0.00" lane="top_0" pos="6.12" speed="22.11" angle="263.40" x="50.48" y="130.99"/>
        <vehicle id="cfm-slow_1" eclass="HBEFA3/PC_G_EU4" CO2="11216.81" CO="156.18" HC="0.99" NOx="4.67" PMx="0.25" fuel="4.82" electricity="0.00" noise="73.16" route="routetop" type="cfm-slow" waiting="0.00" lane="top_0" pos="23.38" speed="23.01" angle="232.40" x="17.68" y="114.58"/>
        <vehicle id="cfm-slow_2" eclass="HBEFA3/PC_G_EU4" CO2="13123.87" CO="197.88" HC="1.23" NOx="5.55" PMx="0.30" fuel="5.64" electricity="0.00" noise="74.37" route="routetop" type="cfm-slow" waiting="0.00" lane="top_0" pos="41.56" speed="24.20" angle="199.70" x="-2.52" y="81.69"/>
        <vehicle id="cfm-slow_3" eclass="HBEFA3/PC_G_EU4" CO2="13818.64" CO="216.47" HC="1.33" NOx="5.84" PMx="0.32" fuel="5.94" electricity="0.00" noise="74.97" route="routetop" type="cfm-slow" waiting="0.00" lane="left_0" pos="10.97" speed="25.57" angle="164.67" x="-0.89" y="40.45"/>
        <vehicle id="cfm-slow_4" eclass="HBEFA3/PC_G_EU4" CO2="11921.70" CO="183.05" HC="1.13" NOx="4.92" PMx="0.27" fuel="5.12" electricity="0.00" noise="74.50" route="routetop" type="cfm-slow" waiting="0.00" lane="left_0" pos="31.76" speed="26.90" angle="127.36" x="26.44" y="6.03"/>
        <vehicle id="cfm-slow_5" eclass="HBEFA3/PC_G_EU4" CO2="6388.79" CO="73.77" HC="0.50" NOx="2.29" PMx="0.13" fuel="2.75" electricity="0.00" noise="73.11" route="routebottom" type="cfm-slow" waiting="0.00" lane="bottom_0" pos="3.87" speed="27.80" angle="87.57" x="72.06" y="-4.43"/>
    </timestep>
    <timestep time="6.13">
        <vehicle id="cfm-fast_0" eclass="HBEFA3/PC_G_EU4" CO2="0.00" CO="0.00" HC="0.00" NOx="0.00" PMx="0.00" fuel="0.00" electricity="0.00" noise="71.77" route="routebottom" type="cfm-fast" waiting="0.00" lane="bottom_0" pos="27.10" speed="27.81" angle="45.74" x="115.27" y="18.46"/>
        <vehicle id="cfm-fast_1" eclass="HBEFA3/PC_G_EU4" CO2="0.00" CO="0.00" HC="0.00" NOx="0.00" PMx="0.00" fuel="0.00" electricity="0.00" noise="70.73" route="routebottom" type="cfm-fast" waiting="0.00" lane="bottom_0" pos="46.00" speed="26.68" angle="11.74" x="131.72" y="55.00"/>
        <vehicle id="cfm-fast_2" eclass="HBEFA3/PC_G_EU4" CO2="0.00" CO="0.00" HC="0.00" NOx="0.00" PMx="0.00" fuel="0.00" electricity="0.00" noise="69.69" route="routebottom" type="cfm-fast" waiting="0.00" lane="right_0" pos="13.68" speed="24.75" angle="339.84" x="126.01" y="92.28"/>
        <vehicle id="cfm-fast_3" eclass="HBEFA3/PC_G_EU4" CO2="0.00" CO="0.00" HC="0.00" NOx="0.00" PMx="0.00" fuel="0.00" electricity="0.00" noise="69.16" route="routebottom" type="cfm-fast" waiting="0.00" lane="right_0" pos="29.35" speed="22.91" angle="311.66" x="105.12" y="118.32"/>
        <vehicle id="cfm-fast_4" eclass="HBEFA3/PC_G_EU4" CO2="341877.05" CO="8570.72" HC="47.69" NOx="159.70" PMx="9.58" fuel="146.96" electricity="0.00" noise="155.01" route="routebottom" type="cfm-fast" waiting="0.00" lane="bottom_1" pos="13.88" speed="83.19" angle="69.52" x="91.26" y="4.47"/>
        <vehicle id="cfm-fast_5" eclass="HBEFA3/PC_G_EU4" CO2="5459.39" CO="36.42" HC="0.30" NOx="1.98" PMx="0.09" fuel="2.35" electricity="0.00" noise="70.28" route="routebottom" type="cfm-fast" waiting="0.00" lane="right_0" pos="43.33" speed="21.88" angle="286.57" x="78.00" y="130.75"/>
        <vehicle id="cfm-slow_0" eclass="HBEFA3/PC_G_EU4" CO2="9076.79" CO="111.06" HC="0.73" NOx="3.69" PMx="0.19" fuel="3.90" electricity="0.00" noise="71.88" route="routetop" type="cfm-slow" waiting="0.00" lane="top_0" pos="6.34" speed="22.12" angle="263.03" x="50.01" y="130.90"/>
        <vehicle id="cfm-slow_1" eclass="HBEFA3/PC_G_EU4" CO2="11231.73" CO="156.50" HC="0.99" NOx="4.68" PMx="0.25" fuel="4.83" electricity="0.00" noise="73.17" route="routetop" type="cfm-slow" waiting="0.00" lane="top_0" pos="23.61" speed="23.02" angle="231.98" x="17.32" y="114.24"/>
        <vehicle id="cfm-slow_2" eclass="HBEFA3/PC_G_EU4" CO2="13127.91" CO="198.00" HC="1.23" NOx="5.55" PMx="0.30" fuel="5.64" electricity="0.00" noise="74.37" route="routetop" type="cfm-slow" waiting="0.00" lane="top_0" pos="41.81" speed="24.21" angle="199.25" x="-2.66" y="81.19"/>
        <vehicle id="cfm-slow_3" eclass="HBEFA3/PC_G_EU4" CO2="13798.81" CO="216.11" HC="1.33" NOx="5.83" PMx="0.32" fuel="5.93" electricity="0.00" noise="74.97" route="routetop" type="cfm-slow" waiting="0.00" lane="left_0" pos="11.22" speed="25.59" angle="164.20" x="-0.70" y="39.93"/>
        <vehicle id="cfm-slow_4" eclass="HBEFA3/PC_G_EU4" CO2="11866.64" CO="181.96" HC="1.13" NOx="4.89" PMx="0.27" fuel="5.10" electricity="0.00" noise="74.48" route="routetop" type="cfm-slow" waiting="0.00" lane="left_0" pos="32.03" speed="26.91" angle="126.93" x="26.92" y="5.71"/>
        <vehicle id="cfm-slow_5" eclass="HBEFA3/PC_G_EU4" CO2="6306.22" CO="72.08" HC="0.49" NOx="2.25" PMx="0.13" fuel="2.71" electricity="0.00" noise="73.09" route="routebottom" type="cfm-slow" waiting="0.00" lane="bottom_0" pos="4.14" speed="27.80" angle="87.07" x="72.65" y="-4.35"/>
    </timestep>
    <timestep time="6.14">
        <vehicle id="cfm-fast_0" eclass="HBEFA3/PC_G_EU4" CO2="0.00" CO="0.00" HC="0.00" NOx="0.00" PMx="0.00" fuel="0.00" electricity="0.00" noise="71.76" route="routebottom" type="cfm-fast" waiting="0.00" lane="bottom_0" pos="27.38" speed="27.80" angle="45.22" x="115.66" y="18.91"/>
        <vehicle id="cfm-fast_1" eclass="HBEFA3/PC_G_EU4" CO2="0.00" CO="0.00" HC="0.00" NOx="0.00" PMx="0.00" fuel="0.00" electricity="0.00" noise="70.72" route="routebottom" type="cfm-fast" waiting="0.00" lane="bottom_0" pos="46.27" speed="26.66" angle="11.32" x="131.80" y="55.56"/>
        <vehicle id="cfm-fast_2" eclass="HBEFA3/PC_G_EU4" CO2="0.00" CO="0.00" HC="0.00" NOx="0.00" PMx="0.00" fuel="0.00" electricity="0.00" noise="69.68" route="routebottom" type="cfm-fast" waiting="0.00" lane="right_0" pos="13.92" speed="24.73" angle="339.39" x="125.80" y="92.77"/>
        <vehicle id="cfm-fast_3" eclass="HBEFA3/PC_G_EU4" CO2="0.00" CO="0.00" HC="0.00" NOx="0.00" PMx="0.00" fuel="0.00" electricity="0.00" noise="69.16" route="routebottom" type="cfm-fast" waiting="0.00" lane="right_0" pos="29.58" speed="22.90" angle="311.30" x="104.73" y="118.62"/>
        <vehicle id="cfm-fast_4" eclass="HBEFA3/PC_G_EU4" CO2="342522.32" CO="8591.08" HC="47.80" NOx="160.00" PMx="9.60" fuel="147.23" electricity="0.00" noise="155.07" route="routebottom" type="cfm-fast" waiting="0.00" lane="bottom_1" pos="14.71" speed="83.33" angle="68.02" x="92.79" y="5.22"/>
        <vehicle id="cfm-fast_5" eclass="HBEFA3/PC_G_EU4" CO2="5487.39" CO="37.00" HC="0.30" NOx="2.00" PMx="0.10" fuel="2.36" electricity="0.00" noise="70.29" route="routebottom" type="cfm-fast" waiting="0.00" lane="right_0" pos="43.55" speed="21.88" angle="286.19" x="77.54" y="130.85"/>
        <vehicle id="cfm-slow_0" eclass="HBEFA3/PC_G_EU4" CO2="9093.85" CO="111.42" HC="0.73" NOx="3.69" PMx="0.19" fuel="3.91" electricity="0.00" noise="71.89" route="routetop" type="cfm-slow" waiting="0.00" lane="top_0" pos="6.57" speed="22.13" angle="262.63" x="49.55" y="130.80"/>
        <vehicle id="cfm-slow_1" eclass="HBEFA3/PC_G_EU4" CO2="11246.58" CO="156.83" HC="0.99" NOx="4.69" PMx="0.25" fuel="4.83" electricity="0.00" noise="73.18" route="routetop" type="cfm-slow" waiting="0.00" lane="top_0" pos="23.84" speed="23.04" angle="231.57" x="16.95" y="113.90"/>
        <vehicle id="cfm-slow_2" eclass="HBEFA3/PC_G_EU4" CO2="13131.78" CO="198.11" HC="1.23" NOx="5.55" PMx="0.30" fuel="5.64" electricity="0.00" noise="74.38" route="routetop" type="cfm-slow" waiting="0.00" lane="top_0" pos="42.05" speed="24.23" angle="198.80" x="-2.79" y="80.69"/>
        <vehicle id="cfm-slow_3" eclass="HBEFA3/PC_G_EU4" CO2="13778.68" CO="215.75" HC="1.33" NOx="5.82" PMx="0.32" fuel="5.92" electricity="0.00" noise="74.96" route="routetop" type="cfm-slow" waiting="0.00" lane="left_0" pos="11.48" speed="25.60" angle="163.77" x="-0.52" y="39.41"/>
        <vehicle id="cfm-slow_4" eclass="HBEFA3/PC_G_EU4" CO2="11811.33" CO="180.87" HC="1.12" NOx="4.87" PMx="0.27" fuel="5.08" electricity="0.00" noise="74.46" route="routetop" type="cfm-slow" waiting="0.00" lane="left_0" pos="32.30" speed="26.92" angle="126.44" x="27.42" y="5.41"/>
        <vehicle id="cfm-slow_5" eclass="HBEFA3/PC_G_EU4" CO2="6223.78" CO="70.39" HC="0.48" NOx="2.21" PMx="0.13" fuel="2.68" electricity="0.00" noise="73.07" route="routebottom" type="cfm-slow" waiting="0.00" lane="bottom_0" pos="4.42" speed="27.80" angle="86.57" x="73.24" y="-4.27"/>
    </timestep>
    <timestep time="6.15">
        <vehicle id="cfm-fast_0" eclass="HBEFA3/PC_G_EU4" CO2="0.00" CO="0.00" HC="0.00" NOx="0.00" PMx="0.00" fuel="0.00" electricity="0.00" noise="71.74" route="routebottom" type="cfm-fast" waiting="0.00" lane="bottom_0" pos="27.66" speed="27.79" angle="44.70" x="116.04" y="19.37"/>
        <vehicle id="cfm-fast_1" eclass="HBEFA3/PC_G_EU4" CO2="0.00" CO="0.00" HC="0.00" NOx="0.00" PMx="0.00" fuel="0.00" electricity="0.00" noise="70.71" route="routebottom" type="cfm-fast" waiting="0.00" lane="bottom_0" pos="46.54" speed="26.64" angle="10.83" x="131.86" y="56.13"/>
        <vehicle id="cfm-fast_2" eclass="HBEFA3/PC_G_EU4" CO2="0.00" CO="0.00" HC="0.00" NOx="0.00" PMx="0.00" fuel="0.00" electricity="0.00" noise="69.68" route="routebottom" type="cfm-fast" waiting="0.00" lane="right_0" pos="14.17" speed="24.71" angle="338.99" x="125.57" y="93.25"/>
        <vehicle id="cfm-fast_3" eclass="HBEFA3/PC_G_EU4" CO2="0.00" CO="0.00" HC="0.00" NOx="0.00" PMx="0.00" fuel="0.00" electricity="0.00" noise="69.17" route="routebottom" type="cfm-fast" waiting="0.00" lane="right_0" pos="29.81" speed="22.89" angle="310.87" x="104.33" y="118.90"/>
        <vehicle id="cfm-fast_4" eclass="HBEFA3/PC_G_EU4" CO2="343167.88" CO="8611.46" HC="47.91" NOx="160.30" PMx="9.62" fuel="147.51" electricity="0.00" noise="155.14" route="routebottom" type="cfm-fast" waiting="0.00" lane="bottom_1" pos="15.55" speed="83.47" angle="66.54" x="94.32" y="5.99"/>
        <vehicle id="cfm-fast_5" eclass="HBEFA3/PC_G_EU4" CO2="5515.35" CO="37.57" HC="0.31" NOx="2.01" PMx="0.10" fuel="2.37" electricity="0.00" noise="70.31" route="routebottom" type="cfm-fast" waiting="0.00" lane="right_0" pos="43.77" speed="21.89" angle="285.81" x="77.08" y="130.95"/>
        <vehicle id="cfm-slow_0" eclass="HBEFA3/PC_G_EU4" CO2="9110.92" CO="111.78" HC="0.73" NOx="3.70" PMx="0.19" fuel="3.92" electricity="0.00" noise="71.90" route="routetop" type="cfm-slow" waiting="0.00" lane="top_0" pos="6.79" speed="22.14" angle="262.21" x="49.08" y="130.70"/>
        <vehicle id="cfm-slow_1" eclass="HBEFA3/PC_G_EU4" CO2="11261.37" CO="157.15" HC="0.99" NOx="4.69" PMx="0.25" fuel="4.84" electricity="0.00" noise="73.19" route="routetop" type="cfm-slow" waiting="0.00" lane="top_0" pos="24.07" speed="23.05" angle="231.15" x="16.59" y="113.57"/>
        <vehicle id="cfm-slow_2" eclass="HBEFA3/PC_G_EU4" CO2="13135.45" CO="198.22" HC="1.23" NOx="5.55" PMx="0.30" fuel="5.65" electricity="0.00" noise="74.38" route="routetop" type="cfm-slow" waiting="0.00" lane="top_0" pos="42.29" speed="24.24" angle="198.39" x="-2.93" y="80.18"/>
        <vehicle id="cfm-slow_3" eclass="HBEFA3/PC_G_EU4" CO2="13758.26" CO="215.38" HC="1.32" NOx="5.81" PMx="0.32" fuel="5.91" electricity="0.00" noise="74.95" route="routetop" type="cfm-slow" waiting="0.00" lane="left_0" pos="11.73" speed="25.62" angle="163.34" x="-0.32" y="38.90"/>
        <vehicle id="cfm-slow_4" eclass="HBEFA3/PC_G_EU4" CO2="11755.77" CO="179.78" HC="1.11" NOx="4.84" PMx="0.27" fuel="5.05" electricity="0.00" noise="74.45" route="routetop" type="cfm-slow" waiting="0.00" lane="left_0" pos="32.56" speed="26.93" angle="125.94" x="27.91" y="5.11"/>
        <vehicle id="cfm-slow_5" eclass="HBEFA3/PC_G_EU4" CO2="6141.46" CO="68.71" HC="0.47" NOx="2.17" PMx="0.13" fuel="2.64" electricity="0.00" noise="73.06" route="routebottom" type="cfm-slow" waiting="0.00" lane="bottom_0" pos="4.70" speed="27.80" angle="86.06" x="73.84" y="-4.18"/>
    </timestep>
    <timestep time="6.16">
        <vehicle id="cfm-fast_0" eclass="HBEFA3/PC_G_EU4" CO2="0.00" CO="0.00" HC="0.00" NOx="0.00" PMx="0.00" fuel="0.00" electricity="0.00" noise="71.73" route="routebottom" type="cfm-fast" waiting="0.00" lane="bottom_0" pos="27.94" speed="27.78" angle="44.18" x="116.43" y="19.83"/>
        <vehicle id="cfm-fast_1" eclass="HBEFA3/PC_G_EU4" CO2="0.00" CO="0.00" HC="0.00" NOx="0.00" PMx="0.00" fuel="0.00" electricity="0.00" noise="70.70" route="routebottom" type="cfm-fast" waiting="0.00" lane="bottom_0" pos="46.80" speed="26.63" angle="10.34" x="131.91" y="56.70"/>
        <vehicle id="cfm-fast_2" eclass="HBEFA3/PC_G_EU4" CO2="0.00" CO="0.00" HC="0.00" NOx="0.00" PMx="0.00" fuel="0.00" electricity="0.00" noise="69.67" route="routebottom" type="cfm-fast" waiting="0.00" lane="right_0" pos="14.42" speed="24.70" angle="338.52" x="125.33" y="93.72"/>
        <vehicle id="cfm-fast_3" eclass="HBEFA3/PC_G_EU4" CO2="0.00" CO="0.00" HC="0.00" NOx="0.00" PMx="0.00" fuel="0.00" electricity="0.00" noise="69.17" route="routebottom" type="cfm-fast" waiting="0.00" lane="right_0" pos="30.04" speed="22.88" angle="310.45" x="103.93" y="119.19"/>
        <vehicle id="cfm-fast_4" eclass="HBEFA3/PC_G_EU4" CO2="343813.74" CO="8631.87" HC="48.02" NOx="160.61" PMx="9.64" fuel="147.79" electricity="0.00" noise="155.21" route="routebottom" type="cfm-fast" waiting="0.00" lane="bottom_1" pos="16.38" speed="83.60" angle="65.02" x="95.82" y="6.82"/>
        <vehicle id="cfm-fast_5" eclass="HBEFA3/PC_G_EU4" CO2="5543.28" CO="38.15" HC="0.31" NOx="2.02" PMx="0.10" fuel="2.38" electricity="0.00" noise="70.32" route="routebottom" type="cfm-fast" waiting="0.00" lane="right_0" pos="43.99" speed="21.89" angle="285.39" x="76.61" y="131.03"/>
        <vehicle id="cfm-slow_0" eclass="HBEFA3/PC_G_EU4" CO2="9128.00" CO="112.14" HC="0.74" NOx="3.71" PMx="0.19" fuel="3.92" electricity="0.00" noise="71.91" route="routetop" type="cfm-slow" waiting="0.00" lane="top_0" pos="7.01" speed="22.15" angle="261.80" x="48.62" y="130.59"/>
        <vehicle id="cfm-slow_1" eclass="HBEFA3/PC_G_EU4" CO2="11276.09" CO="157.47" HC="1.00" NOx="4.70" PMx="0.25" fuel="4.85" electricity="0.00" noise="73.20" route="routetop" type="cfm-slow" waiting="0.00" lane="top_0" pos="24.30" speed="23.06" angle="230.77" x="16.23" y="113.23"/>
        <vehicle id="cfm-slow_2" eclass="HBEFA3/PC_G_EU4" CO2="13138.94" CO="198.33" HC="1.23" NOx="5.55" PMx="0.30" fuel="5.65" electricity="0.00" noise="74.38" route="routetop" type="cfm-slow" waiting="0.00" lane="top_0" pos="42.53" speed="24.26" angle="197.98" x="-3.05" y="79.67"/>
        <vehicle id="cfm-slow_3" eclass="HBEFA3/PC_G_EU4" CO2="13737.54" CO="215.01" HC="1.32" NOx="5.80" PMx="0.32" fuel="5.91" electricity="0.00" noise="74.95" route="routetop" type="cfm-slow" waiting="0.00" lane="left_0" pos="11.99" speed="25.63" angle="162.88" x="-0.11" y="38.38"/>
        <vehicle id="cfm-slow_4" eclass="HBEFA3/PC_G_EU4" CO2="11699.96" CO="178.67" HC="1.11" NOx="4.81" PMx="0.27" fuel="5.03" electricity="0.00" noise="74.43" route="routetop" type="cfm-slow" waiting="0.00" lane="left_0" pos="32.83" speed="26.94" angle="125.44" x="28.41" y="4.81"/>
        <vehicle id="cfm-slow_5" eclass="HBEFA3/PC_G_EU4" CO2="6059.26" CO="67.02" HC="0.46" NOx="2.13" PMx="0.12" fuel="2.60" electricity="0.00" noise="73.04" route="routebottom" type="cfm-slow" waiting="0.00" lane="bottom_0" pos="4.98" speed="27.80" angle="85.56" x="74.43" y="-4.10"/>
    </timestep>
    <timestep time="6.17">
        <vehicle id="cfm-fast_0" eclass="HBEFA3/PC_G_EU4" CO2="0.00" CO="0.00" HC="0.00" NOx="0.00" PMx="0.00" fuel="0.00" electricity="0.00" noise="71.72" route="routebottom" type="cfm-fast" waiting="0.00" lane="bottom_0" pos="28.22" speed="27.77" angle="43.72" x="116.81" y="20.28"/>
        <vehicle id="cfm-fast_1" eclass="HBEFA3/PC_G_EU4" CO2="0.00" CO="0.00" HC="0.00" NOx="0.00" PMx="0.00" fuel="0.00" electricity="0.00" noise="70.69" route="routebottom" type="cfm-fast" waiting="0.00" lane="bottom_0" pos="47.07" speed="26.61" angle="9.85" x="131.97" y="57.27"/>
        <vehicle id="cfm-fast_2" eclass="HBEFA3/PC_G_EU4" CO2="0.00" CO="0.00" HC="0.00" NOx="0.00" PMx="0.00" fuel="0.00" electricity="0.00" noise="69.66" route="routebottom" type="cfm-fast" waiting="0.00" lane="right_0" pos="14.66" speed="24.68" angle="338.05" x="125.09" y="94.20"/>
        <vehicle id="cfm-fast_3" eclass="HBEFA3/PC_G_EU4" CO2="0.00" CO="0.00" HC="0.00" NOx="0.00" PMx="0.00" fuel="0.00" electricity="0.00" noise="69.18" route="routebottom" type="cfm-fast" waiting="0.00" lane="right_0" pos="30.26" speed="22.87" angle="310.02" x="103.53" y="119.48"/>
        <vehicle id="cfm-fast_4" eclass="HBEFA3/PC_G_EU4" CO2="344459.89" CO="8652.30" HC="48.13" NOx="160.91" PMx="9.66" fuel="148.07" electricity="0.00" noise="155.27" route="routebottom" type="cfm-fast" waiting="0.00" lane="bottom_1" pos="17.22" speed="83.74" angle="63.50" x="97.30" y="7.69"/>
        <vehicle id="cfm-fast_5" eclass="HBEFA3/PC_G_EU4" CO2="5571.17" CO="38.73" HC="0.31" NOx="2.04" PMx="0.10" fuel="2.39" electricity="0.00" noise="70.33" route="routebottom" type="cfm-fast" waiting="0.00" lane="right_0" pos="44.21" speed="21.89" angle="284.97" x="76.15" y="131.12"/>
        <vehicle id="cfm-slow_0" eclass="HBEFA3/PC_G_EU4" CO2="9145.10" CO="112.50" HC="0.74" NOx="3.72" PMx="0.19" fuel="3.93" electricity="0.00" noise="71.92" route="routetop" type="cfm-slow" waiting="0.00" lane="top_0" pos="7.23" speed="22.16" angle="261.38" x="48.15" y="130.49"/>
        <vehicle id="cfm-slow_1" eclass="HBEFA3/PC_G_EU4" CO2="11290.74" CO="157.80" HC="1.00" NOx="4.71" PMx="0.25" fuel="4.85" electricity="0.00" noise="73.21" route="routetop" type="cfm-slow" waiting="0.00" lane="top_0" pos="24.53" speed="23.07" angle="230.37" x="15.87" y="112.88"/>
        <vehicle id="cfm-slow_2" eclass="HBEFA3/PC_G_EU4" CO2="13142.25" CO="198.44" HC="1.23" NOx="5.55" PMx="0.30" fuel="5.65" electricity="0.00" noise="74.39" route="routetop" type="cfm-slow" waiting="0.00" lane="top_0" pos="42.78" speed="24.27" angle="197.55" x="-3.16" y="79.17"/>
        <vehicle id="cfm-slow_3" eclass="HBEFA3/PC_G_EU4" CO2="13716.51" CO="214.63" HC="1.32" NOx="5.79" PMx="0.32" fuel="5.90" electricity="0.00" noise="74.94" route="routetop" type="cfm-slow" waiting="0.00" lane="left_0" pos="12.25" speed="25.64" angle="162.43" x="0.09" y="37.87"/>
        <vehicle id="cfm-slow_4" eclass="HBEFA3/PC_G_EU4" CO2="11643.91" CO="177.57" HC="1.10" NOx="4.79" PMx="0.27" fuel="5.01" electricity="0.00" noise="74.41" route="routetop" type="cfm-slow" waiting="0.00" lane="left_0" pos="33.10" speed="26.95" angle="124.93" x="28.91" y="4.51"/>
        <vehicle id="cfm-slow_5" eclass="HBEFA3/PC_G_EU4" CO2="5977.20" CO="65.34" HC="0.45" NOx="2.09" PMx="0.12" fuel="2.57" electricity="0.00" noise="73.02" route="routebottom" type="cfm-slow" waiting="0.00" lane="bottom_0" pos="5.26" speed="27.80" angle="85.02" x="75.02" y="-4.00"/>
    </timestep>
    <timestep time="6.18">
        <vehicle id="cfm-fast_0" eclass="HBEFA3/PC_G_EU4" CO2="0.00" CO="0.00" HC="0.00" NOx="0.00" PMx="0.00" fuel="0.00" electricity="0.00" noise="71.71" route="routebottom" type="cfm-fast" waiting="0.00" lane="bottom_0" pos="28.49" speed="27.76" angle="43.21" x="117.18" y="20.75"/>
        <vehicle id="cfm-fast_1" eclass="HBEFA3/PC_G_EU4" CO2="0.00" CO="0.00" HC="0.00" NOx="0.00" PMx="0.00" fuel="0.00" electricity="0.00" noise="70.68" route="routebottom" type="cfm-fast" waiting="0.00" lane="bottom_0" pos="47.34" speed="26.59" angle="9.37" x="132.03" y="57.84"/>
        <vehicle id="cfm-fast_2" eclass="HBEFA3/PC_G_EU4" CO2="0.00" CO="0.00" HC="0.00" NOx="0.00" PMx="0.00" fuel="0.00" electricity="0.00" noise="69.66" route="routebottom" type="cfm-fast" waiting="0.00" lane="right_0" pos="14.91" speed="24.66" angle="337.58" x="124.86" y="94.67"/>
        <vehicle id="cfm-fast_3" eclass="HBEFA3/PC_G_EU4" CO2="0.00" CO="0.00" HC="0.00" NOx="0.00" PMx="0.00" fuel="0.00" electricity="0.00" noise="69.18" route="routebottom" type="cfm-fast" waiting="0.00" lane="right_0" pos="30.49" speed="22.86" angle="309.60" x="103.13" y="119.76"/>
        <vehicle id="cfm-fast_4" eclass="HBEFA3/PC_G_EU4" CO2="345106.33" CO="8672.74" HC="48.24" NOx="161.21" PMx="9.68" fuel="148.34" electricity="0.00" noise="155.34" route="routebottom" type="cfm-fast" waiting="0.00" lane="bottom_1" pos="18.06" speed="83.88" angle="61.98" x="98.76" y="8.59"/>
        <vehicle id="cfm-fast_5" eclass="HBEFA3/PC_G_EU4" CO2="5599.03" CO="39.30" HC="0.32" NOx="2.05" PMx="0.10" fuel="2.41" electricity="0.00" noise="70.34" route="routebottom" type="cfm-fast" waiting="0.00" lane="right_0" pos="44.43" speed="21.90" angle="284.56" x="75.69" y="131.20"/>
        <vehicle id="cfm-slow_0" eclass="HBEFA3/PC_G_EU4" CO2="9162.20" CO="112.86" HC="0.74" NOx="3.72" PMx="0.19" fuel="3.94" electricity="0.00" noise="71.93" route="routetop" type="cfm-slow" waiting="0.00" lane="top_0" pos="7.45" speed="22.17" angle="260.96" x="47.69" y="130.38"/>
        <vehicle id="cfm-slow_1" eclass="HBEFA3/PC_G_EU4" CO2="11305.33" CO="158.12" HC="1.00" NOx="4.71" PMx="0.25" fuel="4.86" electricity="0.00" noise="73.22" route="routetop" type="cfm-slow" waiting="0.00" lane="top_0" pos="24.76" speed="23.09" angle="229.95" x="15.52" y="112.53"/>
        <vehicle id="cfm-slow_2" eclass="HBEFA3/PC_G_EU4" CO2="13145.36" CO="198.54" HC="1.23" NOx="5.56" PMx="0.30" fuel="5.65" electricity="0.00" noise="74.39" route="routetop" type="cfm-slow" waiting="0.00" lane="top_0" pos="43.02" speed="24.29" angle="197.12" x="-3.28" y="78.66"/>
        <vehicle id="cfm-slow_3" eclass="HBEFA3/PC_G_EU4" CO2="13695.19" CO="214.24" HC="1.32" NOx="5.78" PMx="0.32" fuel="5.89" electricity="0.00" noise="74.93" route="routetop" type="cfm-slow" waiting="0.00" lane="left_0" pos="12.50" speed="25.66" angle="161.97" x="0.30" y="37.36"/>
        <vehicle id="cfm-slow_4" eclass="HBEFA3/PC_G_EU4" CO2="11587.61" CO="176.45" HC="1.09" NOx="4.76" PMx="0.27" fuel="4.98" electricity="0.00" noise="74.39" route="routetop" type="cfm-slow" waiting="0.00" lane="left_0" pos="33.37" speed="26.96" angle="124.49" x="29.40" y="4.22"/>
        <vehicle id="cfm-slow_5" eclass="HBEFA3/PC_G_EU4" CO2="5895.28" CO="63.66" HC="0.44" NOx="2.06" PMx="0.12" fuel="2.53" electricity="0.00" noise="73.00" route="routebottom" type="cfm-slow" waiting="0.00" lane="bottom_0" pos="5.53" speed="27.80" angle="84.51" x="75.61" y="-3.90"/>
    </timestep>
    <timestep time="6.19">
        <vehicle id="cfm-fast_0" eclass="HBEFA3/PC_G_EU4" CO2="0.00" CO="0.00" HC="0.00" NOx="0.00" PMx="0.00" fuel="0.00" electricity="0.00" noise="71.70" route="routebottom" type="cfm-fast" waiting="0.00" lane="bottom_0" pos="28.77" speed="27.75" angle="42.69" x="117.55" y="21.22"/>
        <vehicle id="cfm-fast_1" eclass="HBEFA3/PC_G_EU4" CO2="0.00" CO="0.00" HC="0.00" NOx="0.00" PMx="0.00" fuel="0.00" electricity="0.00" noise="70.67" route="routebottom" type="cfm-fast" waiting="0.00" lane="bottom_0" pos="47.60" speed="26.57" angle="8.94" x="132.08" y="58.41"/>
        <vehicle id="cfm-fast_2" eclass="HBEFA3/PC_G_EU4" CO2="0.00" CO="0.00" HC="0.00" NOx="0.00" PMx="0.00" fuel="0.00" electricity="0.00" noise="69.65" route="routebottom" type="cfm-fast" waiting="0.00" lane="right_0" pos="15.16" speed="24.65" angle="337.11" x="124.62" y="95.14"/>
        <vehicle id="cfm-fast_3" eclass="HBEFA3/PC_G_EU4" CO2="0.00" CO="0.00" HC="0.00" NOx="0.00" PMx="0.00" fuel="0.00" electricity="0.00" noise="69.18" route="routebottom" type="cfm-fast" waiting="0.00" lane="right_0" pos="30.72" speed="22.86" angle="309.21" x="102.73" y="120.05"/>
        <vehicle id="cfm-fast_4" eclass="HBEFA3/PC_G_EU4" CO2="345753.07" CO="8693.21" HC="48.35" NOx="161.52" PMx="9.70" fuel="148.62" electricity="0.00" noise="155.40" route="routebottom" type="cfm-fast" waiting="0.00" lane="bottom_1" pos="18.90" speed="84.01" angle="60.39" x="100.20" y="9.54"/>
        <vehicle id="cfm-fast_5" eclass="HBEFA3/PC_G_EU4" CO2="5626.84" CO="39.88" HC="0.32" NOx="2.06" PMx="0.10" fuel="2.42" electricity="0.00" noise="70.35" route="routebottom" type="cfm-fast" waiting="0.00" lane="right_0" pos="44.65" speed="21.90" angle="284.14" x="75.22" y="131.29"/>
        <vehicle id="cfm-slow_0" eclass="HBEFA3/PC_G_EU4" CO2="9179.32" CO="113.22" HC="0.74" NOx="3.73" PMx="0.19" fuel="3.95" electricity="0.00" noise="71.94" route="routetop" type="cfm-slow" waiting="0.00" lane="top_0" pos="7.67" speed="22.18" angle="260.62" x="47.22" y="130.27"/>
        <vehicle id="cfm-slow_1" eclass="HBEFA3/PC_G_EU4" CO2="11319.84" CO="158.44" HC="1.00" NOx="4.72" PMx="0.25" fuel="4.87" electricity="0.00" noise="73.23" route="routetop" type="cfm-slow" waiting="0.00" lane="top_0" pos="24.99" speed="23.10" angle="229.52" x="15.17" y="112.18"/>
        <vehicle id="cfm-slow_2" eclass="HBEFA3/PC_G_EU4" CO2="13148.28" CO="198.64" HC="1.23" NOx="5.56" PMx="0.30" fuel="5.65" electricity="0.00" noise="74.40" route="routetop" type="cfm-slow" waiting="0.00" lane="top_0" pos="43.26" speed="24.30" angle="196.68" x="-3.39" y="78.15"/>
        <vehicle id="cfm-slow_3" eclass="HBEFA3/PC_G_EU4" CO2="13673.57" CO="213.85" HC="1.31" NOx="5.77" PMx="0.32" fuel="5.88" electricity="0.00" noise="74.93" route="routetop" type="cfm-slow" waiting="0.00" lane="left_0" pos="12.76" speed="25.67" angle="161.56" x="0.50" y="36.85"/>
        <vehicle id="cfm-slow_4" eclass="HBEFA3/PC_G_EU4" CO2="11531.07" CO="175.34" HC="1.09" NOx="4.73" PMx="0.26" fuel="4.96" electricity="0.00" noise="74.37" route="routetop" type="cfm-slow" waiting="0.00" lane="left_0" pos="33.64" speed="26.97" angle="124.00" x="29.91" y="3.94"/>
        <vehicle id="cfm-slow_5" eclass="HBEFA3/PC_G_EU4" CO2="5813.50" CO="61.98" HC="0.43" NOx="2.02" PMx="0.12" fuel="2.50" electricity="0.00" noise="72.98" route="routebottom" type="cfm-slow" waiting="0.00" lane="bottom_0" pos="5.81" speed="27.81" angle="84.00" x="76.20" y="-3.79"/>
    </timestep>
    <timestep time="6.20">
        <vehicle id="cfm-fast_0" eclass="HBEFA3/PC_G_EU4" CO2="0.00" CO="0.00" HC="0.00" NOx="0.00" PMx="0.00" fuel="0.00" electricity="0.00" noise="71.69" route="routebottom" type="cfm-fast" waiting="0.00" lane="bottom_0" pos="29.05" speed="27.74" angle="42.18" x="117.92" y="21.69"/>
        <vehicle id="cfm-fast_1" eclass="HBEFA3/PC_G_EU4" CO2="0.00" CO="0.00" HC="0.00" NOx="0.00" PMx="0.00" fuel="0.00" electricity="0.00" noise="70.66" route="routebottom" type="cfm-fast" waiting="0.00" lane="bottom_0" pos="47.87" speed="26.56" angle="8.44" x="132.11" y="58.98"/>
        <vehicle id="cfm-fast_2" eclass="HBEFA3/PC_G_EU4" CO2="0.00" CO="0.00" HC="0.00" NOx="0.00" PMx="0.00" fuel="0.00" electricity="0.00" noise="69.64" route="routebottom" type="cfm-fast" waiting="0.00" lane="right_0" pos="15.40" speed="24.63" angle="336.73" x="124.38" y="95.62"/>
        <vehicle id="cfm-fast_3" eclass="HBEFA3/PC_G_EU4" CO2="0.00" CO="0.00" HC="0.00" NOx="0.00" PMx="0.00" fuel="0.00" electricity="0.00" noise="69.19" route="routebottom" type="cfm-fast" waiting="0.00" lane="right_0" pos="30.95" speed="22.85" angle="308.82" x="102.33" y="120.33"/>
        <vehicle id="cfm-fast_4" eclass="HBEFA3/PC_G_EU4" CO2="346400.09" CO="8713.71" HC="48.46" NOx="161.82" PMx="9.72" fuel="148.90" electricity="0.00" noise="155.47" route="routebottom" type="cfm-fast" waiting="0.00" lane="bottom_1" pos="19.74" speed="84.15" angle="58.90" x="101.61" y="10.53"/>
        <vehicle id="cfm-fast_5" eclass="HBEFA3/PC_G_EU4" CO2="5654.62" CO="40.45" HC="0.32" NOx="2.08" PMx="0.10" fuel="2.43" electricity="0.00" noise="70.36" route="routebottom" type="cfm-fast" waiting="0.00" lane="right_0" pos="44.87" speed="21.90" angle="283.78" x="74.76" y="131.37"/>
        <vehicle id="cfm-slow_0" eclass="HBEFA3/PC_G_EU4" CO2="9196.44" CO="113.58" HC="0.74" NOx="3.74" PMx="0.19" fuel="3.95" electricity="0.00" noise="71.96" route="routetop" type="cfm-slow" waiting="0.00" lane="top_0" pos="7.90" speed="22.19" angle="260.21" x="46.76" y="130.15"/>
        <vehicle id="cfm-slow_1" eclass="HBEFA3/PC_G_EU4" CO2="11334.27" CO="158.75" HC="1.00" NOx="4.73" PMx="0.25" fuel="4.87" electricity="0.00" noise="73.24" route="routetop" type="cfm-slow" waiting="0.00" lane="top_0" pos="25.22" speed="23.11" angle="229.10" x="14.82" y="111.83"/>
        <vehicle id="cfm-slow_2" eclass="HBEFA3/PC_G_EU4" CO2="13151.02" CO="198.73" HC="1.23" NOx="5.56" PMx="0.30" fuel="5.65" electricity="0.00" noise="74.40" route="routetop" type="cfm-slow" waiting="0.00" lane="top_0" pos="43.51" speed="24.31" angle="196.26" x="-3.51" y="77.64"/>
        <vehicle id="cfm-slow_3" eclass="HBEFA3/PC_G_EU4" CO2="13651.66" CO="213.45" HC="1.31" NOx="5.76" PMx="0.32" fuel="5.87" electricity="0.00" noise="74.92" route="routetop" type="cfm-slow" waiting="0.00" lane="left_0" pos="13.02" speed="25.69" angle="161.09" x="0.73" y="36.34"/>
        <vehicle id="cfm-slow_4" eclass="HBEFA3/PC_G_EU4" CO2="11474.30" CO="174.21" HC="1.08" NOx="4.71" PMx="0.26" fuel="4.93" electricity="0.00" noise="74.36" route="routetop" type="cfm-slow" waiting="0.00" lane="left_0" pos="33.91" speed="26.98" angle="123.50" x="30.42" y="3.65"/>
        <vehicle id="cfm-slow_5" eclass="HBEFA3/PC_G_EU4" CO2="5731.87" CO="60.30" HC="0.42" NOx="1.98" PMx="0.12" fuel="2.46" electricity="0.00" noise="72.96" route="routebottom" type="cfm-slow" waiting="0.00" lane="bottom_0" pos="6.09" speed="27.81" angle="83.50" x="76.78" y="-3.68"/>
    </timestep>
    <timestep time="6.21">
        <vehicle id="cfm-fast_0" eclass="HBEFA3/PC_G_EU4" CO2="0.00" CO="0.00" HC="0.00" NOx="0.00" PMx="0.00" fuel="0.00" electricity="0.00" noise="71.67" route="routebottom" type="cfm-fast" waiting="0.00" lane="bottom_0" pos="29.33" speed="27.73" angle="41.66" x="118.29" y="22.16"/>
        <vehicle id="cfm-fast_1" eclass="HBEFA3/PC_G_EU4" CO2="0.00" CO="0.00" HC="0.00" NOx="0.00" PMx="0.00" fuel="0.00" electricity="0.00" noise="70.66" route="routebottom" type="cfm-fast" waiting="0.00" lane="bottom_0" pos="48.13" speed="26.54" angle="7.94" x="132.14" y="59.55"/>
        <vehicle id="cfm-fast_2" eclass="HBEFA3/PC_G_EU4" CO2="0.00" CO="0.00" HC="0.00" NOx="0.00" PMx="0.00" fuel="0.00" electricity="0.00" noise="69.64" route="routebottom" type="cfm-fast" waiting="0.00" lane="right_0" pos="15.65" speed="24.61" angle="336.28" x="124.12" y="96.08"/>
        <vehicle id="cfm-fast_3" eclass="HBEFA3/PC_G_EU4" CO2="0.00" CO="0.00" HC="0.00" NOx="0.00" PMx="0.00" fuel="0.00" electricity="0.00" noise="69.19" route="routebottom" type="cfm-fast" waiting="0.00" lane="right_0" pos="31.18" speed="22.84" angle="308.41" x="101.92" y="120.60"/>
        <vehicle id="cfm-fast_4" eclass="HBEFA3/PC_G_EU4" CO2="347047.41" CO="8734.22" HC="48.57" NOx="162.13" PMx="9.74" fuel="149.18" electricity="0.00" noise="155.54" route="routebottom" type="cfm-fast" waiting="0.00" lane="bottom_1" pos="20.58" speed="84.28" angle="57.42" x="103.01" y="11.55"/>
        <vehicle id="cfm-fast_5" eclass="HBEFA3/PC_G_EU4" CO2="5682.36" CO="41.03" HC="0.33" NOx="2.09" PMx="0.10" fuel="2.44" electricity="0.00" noise="70.38" route="routebottom" type="cfm-fast" waiting="0.00" lane="right_0" pos="45.08" speed="21.91" angle="283.40" x="74.29" y="131.44"/>
        <vehicle id="cfm-slow_0" eclass="HBEFA3/PC_G_EU4" CO2="9213.57" CO="113.94" HC="0.75" NOx="3.75" PMx="0.19" fuel="3.96" electricity="0.00" noise="71.97" route="routetop" type="cfm-slow" waiting="0.00" lane="top_0" pos="8.12" speed="22.20" angle="259.80" x="46.30" y="130.03"/>
        <vehicle id="cfm-slow_1" eclass="HBEFA3/PC_G_EU4" CO2="11348.64" CO="159.07" HC="1.00" NOx="4.73" PMx="0.25" fuel="4.88" electricity="0.00" noise="73.25" route="routetop" type="cfm-slow" waiting="0.00" lane="top_0" pos="25.46" speed="23.12" angle="228.67" x="14.47" y="111.48"/>
        <vehicle id="cfm-slow_2" eclass="HBEFA3/PC_G_EU4" CO2="13153.55" CO="198.82" HC="1.23" NOx="5.56" PMx="0.30" fuel="5.65" electricity="0.00" noise="74.41" route="routetop" type="cfm-slow" waiting="0.00" lane="top_0" pos="43.75" speed="24.33" angle="195.86" x="-3.62" y="77.12"/>
        <vehicle id="cfm-slow_3" eclass="HBEFA3/PC_G_EU4" CO2="13629.44" CO="213.04" HC="1.31" NOx="5.75" PMx="0.32" fuel="5.86" electricity="0.00" noise="74.91" route="routetop" type="cfm-slow" waiting="0.00" lane="left_0" pos="13.27" speed="25.70" angle="160.61" x="0.95" y="35.84"/>
        <vehicle id="cfm-slow_4" eclass="HBEFA3/PC_G_EU4" CO2="11417.30" CO="173.09" HC="1.07" NOx="4.68" PMx="0.26" fuel="4.91" electricity="0.00" noise="74.34" route="routetop" type="cfm-slow" waiting="0.00" lane="left_0" pos="34.18" speed="26.99" angle="123.00" x="30.93" y="3.37"/>
        <vehicle id="cfm-slow_5" eclass="HBEFA3/PC_G_EU4" CO2="5650.39" CO="58.63" HC="0.41" NOx="1.94" PMx="0.11" fuel="2.43" electricity="0.00" noise="72.94" route="routebottom" type="cfm-slow" waiting="0.00" lane="bottom_0" pos="6.37" speed="27.81" angle="83.04" x="77.37" y="-3.57"/>
    </timestep>
    <timestep time="6.22">
        <vehicle id="cfm-fast_0" eclass="HBEFA3/PC_G_EU4" CO2="0.00" CO="0.00" HC="0.00" NOx="0.00" PMx="0.00" fuel="0.00" electricity="0.00" noise="71.66" route="routebottom" type="cfm-fast" waiting="0.00" lane="bottom_0" pos="29.60" speed="27.72" angle="41.22" x="118.65" y="22.64"/>
        <vehicle id="cfm-fast_1" eclass="HBEFA3/PC_G_EU4" CO2="0.00" CO="0.00" HC="0.00" NOx="0.00" PMx="0.00" fuel="0.00" electricity="0.00" noise="70.65" route="routebottom" type="cfm-fast" waiting="0.00" lane="bottom_0" pos="48.40" speed="26.52" angle="7.44" x="132.17" y="60.12"/>
        <vehicle id="cfm-fast_2" eclass="HBEFA3/PC_G_EU4" CO2="0.00" CO="0.00" HC="0.00" NOx="0.00" PMx="0.00" fuel="0.00" electricity="0.00" noise="69.63" route="routebottom" type="cfm-fast" waiting="0.00" lane="right_0" pos="15.90" speed="24.60" angle="335.84" x="123.87" y="96.54"/>
        <vehicle id="cfm-fast_3" eclass="HBEFA3/PC_G_EU4" CO2="0.00" CO="0.00" HC="0.00" NOx="0.00" PMx="0.00" fuel="0.00" electricity="0.00" noise="69.19" route="routebottom" type="cfm-fast" waiting="0.00" lane="right_0" pos="31.41" speed="22.83" angle="307.99" x="101.51" y="120.88"/>
        <vehicle id="cfm-fast_4" eclass="HBEFA3/PC_G_EU4" CO2="347695.02" CO="8754.75" HC="48.68" NOx="162.43" PMx="9.76" fuel="149.46" electricity="0.00" noise="155.60" route="routebottom" type="cfm-fast" waiting="0.00" lane="bottom_1" pos="21.43" speed="84.42" angle="55.87" x="104.37" y="12.61"/>
        <vehicle id="cfm-fast_5" eclass="HBEFA3/PC_G_EU4" CO2="5710.06" CO="41.60" HC="0.33" NOx="2.10" PMx="0.10" fuel="2.45" electricity="0.00" noise="70.39" route="routebottom" type="cfm-fast" waiting="0.00" lane="right_0" pos="45.30" speed="21.91" angle="283.01" x="73.83" y="131.51"/>
        <vehicle id="cfm-slow_0" eclass="HBEFA3/PC_G_EU4" CO2="9230.71" CO="114.31" HC="0.75" NOx="3.76" PMx="0.19" fuel="3.97" electricity="0.00" noise="71.98" route="routetop" type="cfm-slow" waiting="0.00" lane="top_0" pos="8.34" speed="22.21" angle="259.40" x="45.84" y="129.91"/>
        <vehicle id="cfm-slow_1" eclass="HBEFA3/PC_G_EU4" CO2="11362.93" CO="159.38" HC="1.01" NOx="4.74" PMx="0.25" fuel="4.88" electricity="0.00" noise="73.26" route="routetop" type="cfm-slow" waiting="0.00" lane="top_0" pos="25.69" speed="23.14" angle="228.31" x="14.12" y="111.12"/>
        <vehicle id="cfm-slow_2" eclass="HBEFA3/PC_G_EU4" CO2="13155.90" CO="198.91" HC="1.23" NOx="5.56" PMx="0.30" fuel="5.66" electricity="0.00" noise="74.41" route="routetop" type="cfm-slow" waiting="0.00" lane="top_0" pos="43.99" speed="24.34" angle="195.41" x="-3.71" y="76.61"/>
        <vehicle id="cfm-slow_3" eclass="HBEFA3/PC_G_EU4" CO2="13606.93" CO="212.63" HC="1.31" NOx="5.74" PMx="0.32" fuel="5.85" electricity="0.00" noise="74.90" route="routetop" type="cfm-slow" waiting="0.00" lane="left_0" pos="13.53" speed="25.71" angle="160.14" x="1.18" y="35.33"/>
        <vehicle id="cfm-slow_4" eclass="HBEFA3/PC_G_EU4" CO2="11360.06" CO="171.95" HC="1.07" NOx="4.65" PMx="0.26" fuel="4.88" electricity="0.00" noise="74.32" route="routetop" type="cfm-slow" waiting="0.00" lane="left_0" pos="34.45" speed="27.00" angle="122.51" x="31.44" y="3.09"/>
        <vehicle id="cfm-slow_5" eclass="HBEFA3/PC_G_EU4" CO2="5569.07" CO="56.96" HC="0.40" NOx="1.90" PMx="0.11" fuel="2.39" electricity="0.00" noise="72.93" route="routebottom" type="cfm-slow" waiting="0.00" lane="bottom_0" pos="6.65" speed="27.81" angle="82.51" x="77.96" y="-3.44"/>
    </timestep>
    <timestep time="6.23">
        <vehicle id="cfm-fast_0" eclass="HBEFA3/PC_G_EU4" CO2="0.00" CO="0.00" HC="0.00" NOx="0.00" PMx="0.00" fuel="0.00" electricity="0.00" noise="71.65" route="routebottom" type="cfm-fast" waiting="0.00" lane="bottom_0" pos="29.88" speed="27.71" angle="40.71" x="119.00" y="23.12"/>
        <vehicle id="cfm-fast_1" eclass="HBEFA3/PC_G_EU4" CO2="0.00" CO="0.00" HC="0.00" NOx="0.00" PMx="0.00" fuel="0.00" electricity="0.00" noise="70.64" route="routebottom" type="cfm-fast" waiting="0.00" lane="bottom_0" pos="48.66" speed="26.50" angle="6.96" x="132.21" y="60.69"/>
        <vehicle id="cfm-fast_2" eclass="HBEFA3/PC_G_EU4" CO2="0.00" CO="0.00" HC="0.00" NOx="0.00" PMx="0.00" fuel="0.00" electricity="0.00" noise="69.62" route="routebottom" type="cfm-fast" waiting="0.00" lane="right_0" pos="16.14" speed="24.58" angle="335.39" x="123.61" y="97.01"/>
        <vehicle id="cfm-fast_3" eclass="HBEFA3/PC_G_EU4" CO2="0.00" CO="0.00" HC="0.00" NOx="0.00" PMx="0.00" fuel="0.00" electricity="0.00" noise="69.20" route="routebottom" type="cfm-fast" waiting="0.00" lane="right_0" pos="31.64" speed="22.82" angle="307.58" x="101.10" y="121.15"/>
        <vehicle id="cfm-fast_4" eclass="HBEFA3/PC_G_EU4" CO2="348342.92" CO="8775.31" HC="48.79" NOx="162.73" PMx="9.78" fuel="149.74" electricity="0.00" noise="155.67" route="routebottom" type="cfm-fast" waiting="0.00" lane="bottom_1" pos="22.27" speed="84.56" angle="54.39" x="105.72" y="13.71"/>
        <vehicle id="cfm-fast_5" eclass="HBEFA3/PC_G_EU4" CO2="5737.73" CO="42.17" HC="0.33" NOx="2.11" PMx="0.10" fuel="2.47" electricity="0.00" noise="70.40" route="routebottom" type="cfm-fast" waiting="0.00" lane="right_0" pos="45.52" speed="21.91" angle="282.61" x="73.36" y="131.58"/>
        <vehicle id="cfm-slow_0" eclass="HBEFA3/PC_G_EU4" CO2="9247.85" CO="114.67" HC="0.75" NOx="3.76" PMx="0.19" fuel="3.98" electricity="0.00" noise="71.99" route="routetop" type="cfm-slow" waiting="0.00" lane="top_0" pos="8.56" speed="22.22" angle="258.99" x="45.37" y="129.78"/>
        <vehicle id="cfm-slow_1" eclass="HBEFA3/PC_G_EU4" CO2="11377.14" CO="159.70" HC="1.01" NOx="4.75" PMx="0.25" fuel="4.89" electricity="0.00" noise="73.27" route="routetop" type="cfm-slow" waiting="0.00" lane="top_0" pos="25.92" speed="23.15" angle="227.88" x="13.78" y="110.75"/>
        <vehicle id="cfm-slow_2" eclass="HBEFA3/PC_G_EU4" CO2="13158.04" CO="198.99" HC="1.23" NOx="5.56" PMx="0.30" fuel="5.66" electricity="0.00" noise="74.41" route="routetop" type="cfm-slow" waiting="0.00" lane="top_0" pos="44.24" speed="24.36" angle="194.95" x="-3.81" y="76.09"/>
        <vehicle id="cfm-slow_3" eclass="HBEFA3/PC_G_EU4" CO2="13584.11" CO="212.21" HC="1.30" NOx="5.73" PMx="0.31" fuel="5.84" electricity="0.00" noise="74.90" route="routetop" type="cfm-slow" waiting="0.00" lane="left_0" pos="13.79" speed="25.73" angle="159.66" x="1.41" y="34.83"/>
        <vehicle id="cfm-slow_4" eclass="HBEFA3/PC_G_EU4" CO2="11302.60" CO="170.81" HC="1.06" NOx="4.63" PMx="0.26" fuel="4.86" electricity="0.00" noise="74.30" route="routetop" type="cfm-slow" waiting="0.00" lane="left_0" pos="34.72" speed="27.01" angle="122.07" x="31.95" y="2.82"/>
        <vehicle id="cfm-slow_5" eclass="HBEFA3/PC_G_EU4" CO2="5487.91" CO="55.29" HC="0.39" NOx="1.86" PMx="0.11" fuel="2.36" electricity="0.00" noise="72.91" route="routebottom" type="cfm-slow" waiting="0.00" lane="bottom_0" pos="6.93" speed="27.81" angle="81.98" x="78.54" y="-3.30"/>
    </timestep>
    <timestep time="6.24">
        <vehicle id="cfm-fast_0" eclass="HBEFA3/PC_G_EU4" CO2="0.00" CO="0.00" HC="0.00" NOx="0.00" PMx="0.00" fuel="0.00" electricity="0.00" noise="71.64" route="routebottom" type="cfm-fast" waiting="0.00" lane="bottom_0" pos="30.16" speed="27.70" angle="40.20" x="119.34" y="23.61"/>
        <vehicle id="cfm-fast_1" eclass="HBEFA3/PC_G_EU4" CO2="0.00" CO="0.00" HC="0.00" NOx="0.00" PMx="0.00" fuel="0.00" electricity="0.00" noise="70.63" route="routebottom" type="cfm-fast" waiting="0.00" lane="bottom_0" pos="48.93" speed="26.49" angle="6.51" x="132.23" y="61.26"/>
        <vehicle id="cfm-fast_2" eclass="HBEFA3/PC_G_EU4" CO2="0.00" CO="0.00" HC="0.00" NOx="0.00" PMx="0.00" fuel="0.00" electricity="0.00" noise="69.62" route="routebottom" type="cfm-fast" waiting="0.00" lane="right_0" pos="16.39" speed="24.56" angle="334.95" x="123.35" y="97.47"/>
        <vehicle id="cfm-fast_3" eclass="HBEFA3/PC_G_EU4" CO2="0.00" CO="0.00" HC="0.00" NOx="0.00" PMx="0.00" fuel="0.00" electricity="0.00" noise="69.20" route="routebottom" type="cfm-fast" waiting="0.00" lane="right_0" pos="31.86" speed="22.82" angle="307.17" x="100.70" y="121.42"/>
        <vehicle id="cfm-fast_4" eclass="HBEFA3/PC_G_EU4" CO2="348991.11" CO="8795.89" HC="48.90" NOx="163.04" PMx="9.80" fuel="150.01" electricity="0.00" noise="155.73" route="routebottom" type="cfm-fast" waiting="0.00" lane="bottom_1" pos="23.12" speed="84.69" angle="52.92" x="107.04" y="14.83"/>
        <vehicle id="cfm-fast_5" eclass="HBEFA3/PC_G_EU4" CO2="5765.35" CO="42.74" HC="0.34" NOx="2.13" PMx="0.10" fuel="2.48" electricity="0.00" noise="70.41" route="routebottom" type="cfm-fast" waiting="0.00" lane="right_0" pos="45.74" speed="21.92" angle="282.22" x="72.89" y="131.64"/>
        <vehicle id="cfm-slow_0" eclass="HBEFA3/PC_G_EU4" CO2="9264.99" CO="115.03" HC="0.75" NOx="3.77" PMx="0.19" fuel="3.98" electricity="0.00" noise="72.00" route="routetop" type="cfm-slow" waiting="0.00" lane="top_0" pos="8.78" speed="22.23" angle="258.58" x="44.91" y="129.66"/>
        <vehicle id="cfm-slow_1" eclass="HBEFA3/PC_G_EU4" CO2="11391.27" CO="160.01" HC="1.01" NOx="4.75" PMx="0.25" fuel="4.90" electricity="0.00" noise="73.28" route="routetop" type="cfm-slow" waiting="0.00" lane="top_0" pos="26.15" speed="23.16" angle="227.45" x="13.44" y="110.39"/>
        <vehicle id="cfm-slow_2" eclass="HBEFA3/PC_G_EU4" CO2="13159.99" CO="199.07" HC="1.23" NOx="5.56" PMx="0.30" fuel="5.66" electricity="0.00" noise="74.42" route="routetop" type="cfm-slow" waiting="0.00" lane="top_0" pos="44.48" speed="24.37" angle="194.50" x="-3.90" y="75.58"/>
        <vehicle id="cfm-slow_3" eclass="HBEFA3/PC_G_EU4" CO2="13561.00" CO="211.79" HC="1.30" NOx="5.72" PMx="0.31" fuel="5.83" electricity="0.00" noise="74.89" route="routetop" type="cfm-slow" waiting="0.00" lane="left_0" pos="14.04" speed="25.74" angle="159.22" x="1.64" y="34.32"/>
        <vehicle id="cfm-slow_4" eclass="HBEFA3/PC_G_EU4" CO2="11244.91" CO="169.67" HC="1.05" NOx="4.60" PMx="0.26" fuel="4.83" electricity="0.00" noise="74.28" route="routetop" type="cfm-slow" waiting="0.00" lane="left_0" pos="34.99" speed="27.01" angle="121.57" x="32.47" y="2.56"/>
        <vehicle id="cfm-slow_5" eclass="HBEFA3/PC_G_EU4" CO2="5406.91" CO="53.63" HC="0.38" NOx="1.83" PMx="0.11" fuel="2.32" electricity="0.00" noise="72.89" route="routebottom" type="cfm-slow" waiting="0.00" lane="bottom_0" pos="7.20" speed="27.81" angle="81.45" x="79.12" y="-3.17"/>
    </timestep>
    <timestep time="6.25">
        <vehicle id="cfm-fast_0" eclass="HBEFA3/PC_G_EU4" CO2="0.00" CO="0.00" HC="0.00" NOx="0.00" PMx="0.00" fuel="0.00" electricity="0.00" noise="71.63" route="routebottom" type="cfm-fast" waiting="0.00" lane="bottom_0" pos="30.43" speed="27.69" angle="39.69" x="119.69" y="24.09"/>
        <vehicle id="cfm-fast_1" eclass="HBEFA3/PC_G_EU4" CO2="0.00" CO="0.00" HC="0.00" NOx="0.00" PMx="0.00" fuel="0.00" electricity="0.00" noise="70.62" route="routebottom" type="cfm-fast" waiting="0.00" lane="bottom_0" pos="49.19" speed="26.47" angle="6.01" x="132.24" y="61.83"/>
        <vehicle id="cfm-fast_2" eclass="HBEFA3/PC_G_EU4" CO2="0.00" CO="0.00" HC="0.00" NOx="0.00" PMx="0.00" fuel="0.00" electricity="0.00" noise="69.61" route="routebottom" type="cfm-fast" waiting="0.00" lane="right_0" pos="16.63" speed="24.54" angle="334.55" x="123.10" y="97.93"/>
        <vehicle id="cfm-fast_3" eclass="HBEFA3/PC_G_EU4" CO2="0.00" CO="0.00" HC="0.00" NOx="0.00" PMx="0.00" fuel="0.00" electricity="0.00" noise="69.21" route="routebottom" type="cfm-fast" waiting="0.00" lane="right_0" pos="32.09" speed="22.81" angle="306.83" x="100.29" y="121.69"/>
        <vehicle id="cfm-fast_4" eclass="HBEFA3/PC_G_EU4" CO2="349639.60" CO="8816.49" HC="49.01" NOx="163.34" PMx="9.82" fuel="150.29" electricity="0.00" noise="155.80" route="routebottom" type="cfm-fast" waiting="0.00" lane="bottom_1" pos="23.97" speed="84.83" angle="51.39" x="108.32" y="16.01"/>
        <vehicle id="cfm-fast_5" eclass="HBEFA3/PC_G_EU4" CO2="5792.94" CO="43.31" HC="0.34" NOx="2.14" PMx="0.10" fuel="2.49" electricity="0.00" noise="70.42" route="routebottom" type="cfm-fast" waiting="0.00" lane="right_0" pos="45.96" speed="21.92" angle="281.82" x="72.43" y="131.71"/>
        <vehicle id="cfm-slow_0" eclass="HBEFA3/PC_G_EU4" CO2="9282.14" CO="115.39" HC="0.75" NOx="3.78" PMx="0.19" fuel="3.99" electricity="0.00" noise="72.01" route="routetop" type="cfm-slow" waiting="0.00" lane="top_0" pos="9.01" speed="22.24" angle="258.24" x="44.45" y="129.53"/>
        <vehicle id="cfm-slow_1" eclass="HBEFA3/PC_G_EU4" CO2="11405.33" CO="160.32" HC="1.01" NOx="4.76" PMx="0.25" fuel="4.90" electricity="0.00" noise="73.29" route="routetop" type="cfm-slow" waiting="0.00" lane="top_0" pos="26.38" speed="23.17" angle="227.02" x="13.10" y="110.02"/>
        <vehicle id="cfm-slow_2" eclass="HBEFA3/PC_G_EU4" CO2="13161.75" CO="199.14" HC="1.23" NOx="5.56" PMx="0.30" fuel="5.66" electricity="0.00" noise="74.42" route="routetop" type="cfm-slow" waiting="0.00" lane="top_0" pos="44.72" speed="24.39" angle="194.04" x="-4.00" y="75.06"/>
        <vehicle id="cfm-slow_3" eclass="HBEFA3/PC_G_EU4" CO2="13537.59" CO="211.36" HC="1.30" NOx="5.71" PMx="0.31" fuel="5.82" electricity="0.00" noise="74.88" route="routetop" type="cfm-slow" waiting="0.00" lane="left_0" pos="14.30" speed="25.75" angle="158.76" x="1.88" y="33.83"/>
        <vehicle id="cfm-slow_4" eclass="HBEFA3/PC_G_EU4" CO2="11187.00" CO="168.52" HC="1.05" NOx="4.57" PMx="0.26" fuel="4.81" electricity="0.00" noise="74.27" route="routetop" type="cfm-slow" waiting="0.00" lane="left_0" pos="35.26" speed="27.02" angle="121.07" x="32.99" y="2.30"/>
        <vehicle id="cfm-slow_5" eclass="HBEFA3/PC_G_EU4" CO2="5326.09" CO="51.97" HC="0.37" NOx="1.79" PMx="0.11" fuel="2.29" electricity="0.00" noise="72.87" route="routebottom" type="cfm-slow" waiting="0.00" lane="bottom_0" pos="7.48" speed="27.81" angle="80.91" x="79.71" y="-3.04"/>
    </timestep>
    <timestep time="6.26">
        <vehicle id="cfm-fast_0" eclass="HBEFA3/PC_G_EU4" CO2="0.00" CO="0.00" HC="0.00" NOx="0.00" PMx="0.00" fuel="0.00" electricity="0.00" noise="71.62" route="routebottom" type="cfm-fast" waiting="0.00" lane="bottom_0" pos="30.71" speed="27.68" angle="39.22" x="120.04" y="24.57"/>
        <vehicle id="cfm-fast_1" eclass="HBEFA3/PC_G_EU4" CO2="0.00" CO="0.00" HC="0.00" NOx="0.00" PMx="0.00" fuel="0.00" electricity="0.00" noise="70.61" route="routebottom" type="cfm-fast" waiting="0.00" lane="bottom_0" pos="49.46" speed="26.45" angle="5.52" x="132.25" y="62.40"/>
        <vehicle id="cfm-fast_2" eclass="HBEFA3/PC_G_EU4" CO2="0.00" CO="0.00" HC="0.00" NOx="0.00" PMx="0.00" fuel="0.00" electricity="0.00" noise="69.60" route="routebottom" type="cfm-fast" waiting="0.00" lane="right_0" pos="16.88" speed="24.53" angle="334.11" x="122.83" y="98.38"/>
        <vehicle id="cfm-fast_3" eclass="HBEFA3/PC_G_EU4" CO2="0.00" CO="0.00" HC="0.00" NOx="0.00" PMx="0.00" fuel="0.00" electricity="0.00" noise="69.21" route="routebottom" type="cfm-fast" waiting="0.00" lane="right_0" pos="32.32" speed="22.80" angle="306.40" x="99.87" y="121.94"/>
        <vehicle id="cfm-fast_4" eclass="HBEFA3/PC_G_EU4" CO2="350288.37" CO="8837.11" HC="49.12" NOx="163.65" PMx="9.84" fuel="150.57" electricity="0.00" noise="155.87" route="routebottom" type="cfm-fast" waiting="0.00" lane="bottom_1" pos="24.82" speed="84.97" angle="49.87" x="109.57" y="17.22"/>
        <vehicle id="cfm-fast_5" eclass="HBEFA3/PC_G_EU4" CO2="5820.49" CO="43.88" HC="0.34" NOx="2.15" PMx="0.10" fuel="2.50" electricity="0.00" noise="70.43" route="routebottom" type="cfm-fast" waiting="0.00" lane="right_0" pos="46.18" speed="21.93" angle="281.48" x="71.96" y="131.78"/>
        <vehicle id="cfm-slow_0" eclass="HBEFA3/PC_G_EU4" CO2="9299.29" CO="115.75" HC="0.76" NOx="3.79" PMx="0.20" fuel="4.00" electricity="0.00" noise="72.02" route="routetop" type="cfm-slow" waiting="0.00" lane="top_0" pos="9.23" speed="22.25" angle="257.84" x="43.99" y="129.39"/>
        <vehicle id="cfm-slow_1" eclass="HBEFA3/PC_G_EU4" CO2="11419.30" CO="160.63" HC="1.01" NOx="4.77" PMx="0.25" fuel="4.91" electricity="0.00" noise="73.30" route="routetop" type="cfm-slow" waiting="0.00" lane="top_0" pos="26.61" speed="23.19" angle="226.59" x="12.77" y="109.65"/>
        <vehicle id="cfm-slow_2" eclass="HBEFA3/PC_G_EU4" CO2="13163.30" CO="199.21" HC="1.23" NOx="5.56" PMx="0.30" fuel="5.66" electricity="0.00" noise="74.42" route="routetop" type="cfm-slow" waiting="0.00" lane="top_0" pos="44.97" speed="24.40" angle="193.66" x="-4.09" y="74.54"/>
        <vehicle id="cfm-slow_3" eclass="HBEFA3/PC_G_EU4" CO2="13513.89" CO="210.92" HC="1.30" NOx="5.70" PMx="0.31" fuel="5.81" electricity="0.00" noise="74.87" route="routetop" type="cfm-slow" waiting="0.00" lane="left_0" pos="14.56" speed="25.77" angle="158.27" x="2.13" y="33.33"/>
        <vehicle id="cfm-slow_4" eclass="HBEFA3/PC_G_EU4" CO2="11128.88" CO="167.37" HC="1.04" NOx="4.54" PMx="0.25" fuel="4.78" electricity="0.00" noise="74.25" route="routetop" type="cfm-slow" waiting="0.00" lane="left_0" pos="35.53" speed="27.03" angle="120.57" x="33.51" y="2.04"/>
        <vehicle id="cfm-slow_5" eclass="HBEFA3/PC_G_EU4" CO2="5245.44" CO="50.31" HC="0.36" NOx="1.75" PMx="0.10" fuel="2.25" electricity="0.00" noise="72.86" route="routebottom" type="cfm-slow" waiting="0.00" lane="bottom_0" pos="7.76" speed="27.81" angle="80.46" x="80.29" y="-2.90"/>
    </timestep>
    <timestep time="6.27">
        <vehicle id="cfm-fast_0" eclass="HBEFA3/PC_G_EU4" CO2="0.00" CO="0.00" HC="0.00" NOx="0.00" PMx="0.00" fuel="0.00" electricity="0.00" noise="71.61" route="routebottom" type="cfm-fast" waiting="0.00" lane="bottom_0" pos="30.99" speed="27.67" angle="38.74" x="120.38" y="25.06"/>
        <vehicle id="cfm-fast_1" eclass="HBEFA3/PC_G_EU4" CO2="0.00" CO="0.00" HC="0.00" NOx="0.00" PMx="0.00" fuel="0.00" electricity="0.00" noise="70.60" route="routebottom" type="cfm-fast" waiting="0.00" lane="bottom_0" pos="49.72" speed="26.43" angle="5.03" x="132.26" y="62.97"/>
        <vehicle id="cfm-fast_2" eclass="HBEFA3/PC_G_EU4" CO2="0.00" CO="0.00" HC="0.00" NOx="0.00" PMx="0.00" fuel="0.00" electricity="0.00" noise="69.60" route="routebottom" type="cfm-fast" waiting="0.00" lane="right_0" pos="17.12" speed="24.51" angle="333.67" x="122.56" y="98.84"/>
        <vehicle id="cfm-fast_3" eclass="HBEFA3/PC_G_EU4" CO2="0.00" CO="0.00" HC="0.00" NOx="0.00" PMx="0.00" fuel="0.00" electricity="0.00" noise="69.22" route="routebottom" type="cfm-fast" waiting="0.00" lane="right_0" pos="32.55" speed="22.79" angle="305.96" x="99.44" y="122.19"/>
        <vehicle id="cfm-fast_4" eclass="HBEFA3/PC_G_EU4" CO2="350937.44" CO="8857.75" HC="49.24" NOx="163.95" PMx="9.86" fuel="150.85" electricity="0.00" noise="155.93" route="routebottom" type="cfm-fast" waiting="0.00" lane="bottom_1" pos="25.67" speed="85.10" angle="48.33" x="110.80" y="18.46"/>
        <vehicle id="cfm-fast_5" eclass="HBEFA3/PC_G_EU4" CO2="5848.00" CO="44.45" HC="0.35" NOx="2.17" PMx="0.10" fuel="2.51" electricity="0.00" noise="70.45" route="routebottom" type="cfm-fast" waiting="0.00" lane="right_0" pos="46.40" speed="21.93" angle="281.08" x="71.49" y="131.82"/>
        <vehicle id="cfm-slow_0" eclass="HBEFA3/PC_G_EU4" CO2="9316.45" CO="116.12" HC="0.76" NOx="3.80" PMx="0.20" fuel="4.00" electricity="0.00" noise="72.03" route="routetop" type="cfm-slow" waiting="0.00" lane="top_0" pos="9.45" speed="22.26" angle="257.43" x="43.54" y="129.25"/>
        <vehicle id="cfm-slow_1" eclass="HBEFA3/PC_G_EU4" CO2="11433.19" CO="160.94" HC="1.02" NOx="4.77" PMx="0.25" fuel="4.91" electricity="0.00" noise="73.31" route="routetop" type="cfm-slow" waiting="0.00" lane="top_0" pos="26.85" speed="23.20" angle="226.19" x="12.43" y="109.29"/>
        <vehicle id="cfm-slow_2" eclass="HBEFA3/PC_G_EU4" CO2="13164.65" CO="199.28" HC="1.23" NOx="5.56" PMx="0.30" fuel="5.66" electricity="0.00" noise="74.43" route="routetop" type="cfm-slow" waiting="0.00" lane="top_0" pos="45.21" speed="24.41" angle="193.21" x="-4.16" y="74.02"/>
        <vehicle id="cfm-slow_3" eclass="HBEFA3/PC_G_EU4" CO2="13489.88" CO="210.48" HC="1.29" NOx="5.68" PMx="0.31" fuel="5.80" electricity="0.00" noise="74.87" route="routetop" type="cfm-slow" waiting="0.00" lane="left_0" pos="14.82" speed="25.78" angle="157.79" x="2.38" y="32.83"/>
        <vehicle id="cfm-slow_4" eclass="HBEFA3/PC_G_EU4" CO2="11070.54" CO="166.21" HC="1.03" NOx="4.51" PMx="0.25" fuel="4.76" electricity="0.00" noise="74.23" route="routetop" type="cfm-slow" waiting="0.00" lane="left_0" pos="35.80" speed="27.04" angle="120.08" x="34.03" y="1.78"/>
        <vehicle id="cfm-slow_5" eclass="HBEFA3/PC_G_EU4" CO2="5164.97" CO="48.65" HC="0.35" NOx="1.71" PMx="0.10" fuel="2.22" electricity="0.00" noise="72.84" route="routebottom" type="cfm-slow" waiting="0.00" lane="bottom_0" pos="8.04" speed="27.81" angle="79.95" x="80.86" y="-2.74"/>
    </timestep>
    <timestep time="6.28">
        <vehicle id="cfm-fast_0" eclass="HBEFA3/PC_G_EU4" CO2="0.00" CO="0.00" HC="0.00" NOx="0.00" PMx="0.00" fuel="0.00" electricity="0.00" noise="71.60" route="routebottom" type="cfm-fast" waiting="0.00" lane="bottom_0" pos="31.26" speed="27.66" angle="38.25" x="120.71" y="25.56"/>
        <vehicle id="cfm-fast_1" eclass="HBEFA3/PC_G_EU4" CO2="0.00" CO="0.00" HC="0.00" NOx="0.00" PMx="0.00" fuel="0.00" electricity="0.00" noise="70.59" route="routebottom" type="cfm-fast" waiting="0.00" lane="bottom_0" pos="49.98" speed="26.41" angle="4.57" x="132.27" y="63.54"/>
        <vehicle id="cfm-fast_2" eclass="HBEFA3/PC_G_EU4" CO2="0.00" CO="0.00" HC="0.00" NOx="0.00" PMx="0.00" fuel="0.00" electricity="0.00" noise="69.59" route="routebottom" type="cfm-fast" waiting="0.00" lane="right_0" pos="17.37" speed="24.50" angle="333.23" x="122.29" y="99.29"/>
        <vehicle id="cfm-fast_3" eclass="HBEFA3/PC_G_EU4" CO2="0.00" CO="0.00" HC="0.00" NOx="0.00" PMx="0.00" fuel="0.00" electricity="0.00" noise="69.22" route="routebottom" type="cfm-fast" waiting="0.00" lane="right_0" pos="32.78" speed="22.79" angle="305.53" x="99.02" y="122.45"/>
        <vehicle id="cfm-fast_4" eclass="HBEFA3/PC_G_EU4" CO2="351586.80" CO="8878.42" HC="49.35" NOx="164.26" PMx="9.88" fuel="151.13" electricity="0.00" noise="156.00" route="routebottom" type="cfm-fast" waiting="0.00" lane="bottom_1" pos="26.52" speed="85.24" angle="46.77" x="111.99" y="19.74"/>
        <vehicle id="cfm-fast_5" eclass="HBEFA3/PC_G_EU4" CO2="5875.47" CO="45.02" HC="0.35" NOx="2.18" PMx="0.11" fuel="2.53" electricity="0.00" noise="70.46" route="routebottom" type="cfm-fast" waiting="0.00" lane="right_0" pos="46.62" speed="21.93" angle="280.68" x="71.02" y="131.87"/>
        <vehicle id="cfm-slow_0" eclass="HBEFA3/PC_G_EU4" CO2="9333.60" CO="116.48" HC="0.76" NOx="3.80" PMx="0.20" fuel="4.01" electricity="0.00" noise="72.04" route="routetop" type="cfm-slow" waiting="0.00" lane="top_0" pos="9.67" speed="22.27" angle="257.03" x="43.08" y="129.11"/>
        <vehicle id="cfm-slow_1" eclass="HBEFA3/PC_G_EU4" CO2="11447.00" CO="161.24" HC="1.02" NOx="4.78" PMx="0.25" fuel="4.92" electricity="0.00" noise="73.32" route="routetop" type="cfm-slow" waiting="0.00" lane="top_0" pos="27.08" speed="23.21" angle="225.79" x="12.10" y="108.91"/>
        <vehicle id="cfm-slow_2" eclass="HBEFA3/PC_G_EU4" CO2="13165.80" CO="199.34" HC="1.23" NOx="5.56" PMx="0.30" fuel="5.66" electricity="0.00" noise="74.43" route="routetop" type="cfm-slow" waiting="0.00" lane="top_0" pos="45.46" speed="24.43" angle="192.76" x="-4.23" y="73.50"/>
        <vehicle id="cfm-slow_3" eclass="HBEFA3/PC_G_EU4" CO2="13465.58" CO="210.03" HC="1.29" NOx="5.67" PMx="0.31" fuel="5.79" electricity="0.00" noise="74.86" route="routetop" type="cfm-slow" waiting="0.00" lane="left_0" pos="15.08" speed="25.79" angle="157.31" x="2.63" y="32.34"/>
        <vehicle id="cfm-slow_4" eclass="HBEFA3/PC_G_EU4" CO2="11011.99" CO="165.05" HC="1.03" NOx="4.49" PMx="0.25" fuel="4.73" electricity="0.00" noise="74.21" route="routetop" type="cfm-slow" waiting="0.00" lane="left_0" pos="36.07" speed="27.05" angle="119.62" x="34.56" y="1.53"/>
        <vehicle id="cfm-slow_5" eclass="HBEFA3/PC_G_EU4" CO2="0.00" CO="0.00" HC="0.00" NOx="0.00" PMx="0.00" fuel="0.00" electricity="0.00" noise="72.82" route="routebottom" type="cfm-slow" waiting="0.00" lane="bottom_0" pos="8.32" speed="27.81" angle="79.44" x="81.44" y="-2.59"/>
    </timestep>
    <timestep time="6.29">
        <vehicle id="cfm-fast_0" eclass="HBEFA3/PC_G_EU4" CO2="0.00" CO="0.00" HC="0.00" NOx="0.00" PMx="0.00" fuel="0.00" electricity="0.00" noise="71.59" route="routebottom" type="cfm-fast" waiting="0.00" lane="bottom_0" pos="31.54" speed="27.65" angle="37.75" x="121.04" y="26.05"/>
        <vehicle id="cfm-fast_1" eclass="HBEFA3/PC_G_EU4" CO2="0.00" CO="0.00" HC="0.00" NOx="0.00" PMx="0.00" fuel="0.00" electricity="0.00" noise="70.58" route="routebottom" type="cfm-fast" waiting="0.00" lane="right_0" pos="0.25" speed="26.40" angle="4.02" x="132.26" y="64.29"/>
        <vehicle id="cfm-fast_2" eclass="HBEFA3/PC_G_EU4" CO2="0.00" CO="0.00" HC="0.00" NOx="0.00" PMx="0.00" fuel="0.00" electricity="0.00" noise="69.59" route="routebottom" type="cfm-fast" waiting="0.00" lane="right_0" pos="17.61" speed="24.48" angle="332.78" x="122.02" y="99.74"/>
        <vehicle id="cfm-fast_3" eclass="HBEFA3/PC_G_EU4" CO2="0.00" CO="0.00" HC="0.00" NOx="0.00" PMx="0.00" fuel="0.00" electricity="0.00" noise="69.23" route="routebottom" type="cfm-fast" waiting="0.00" lane="right_0" pos="33.00" speed="22.78" angle="305.10" x="98.60" y="122.70"/>
        <vehicle id="cfm-fast_4" eclass="HBEFA3/PC_G_EU4" CO2="352236.45" CO="8899.10" HC="49.46" NOx="164.56" PMx="9.90" fuel="151.41" electricity="0.00" noise="156.06" route="routebottom" type="cfm-fast" waiting="0.00" lane="bottom_1" pos="27.38" speed="85.38" angle="45.24" x="113.15" y="21.06"/>
        <vehicle id="cfm-fast_5" eclass="HBEFA3/PC_G_EU4" CO2="5902.90" CO="45.59" HC="0.35" NOx="2.19" PMx="0.11" fuel="2.54" electricity="0.00" noise="70.47" route="routebottom" type="cfm-fast" waiting="0.00" lane="right_0" pos="46.84" speed="21.94" angle="280.28" x="70.55" y="131.92"/>
        <vehicle id="cfm-slow_0" eclass="HBEFA3/PC_G_EU4" CO2="9350.75" CO="116.84" HC="0.76" NOx="3.81" PMx="0.20" fuel="4.02" electricity="0.00" noise="72.06" route="routetop" type="cfm-slow" waiting="0.00" lane="top_0" pos="9.90" speed="22.28" angle="256.63" x="42.62" y="128.96"/>
        <vehicle id="cfm-slow_1" eclass="HBEFA3/PC_G_EU4" CO2="11460.72" CO="161.55" HC="1.02" NOx="4.79" PMx="0.25" fuel="4.93" electricity="0.00" noise="73.33" route="routetop" type="cfm-slow" waiting="0.00" lane="top_0" pos="27.31" speed="23.22" angle="225.35" x="11.77" y="108.53"/>
        <vehicle id="cfm-slow_2" eclass="HBEFA3/PC_G_EU4" CO2="13166.75" CO="199.40" HC="1.23" NOx="5.56" PMx="0.30" fuel="5.66" electricity="0.00" noise="74.43" route="routetop" type="cfm-slow" waiting="0.00" lane="top_0" pos="45.70" speed="24.44" angle="192.31" x="-4.30" y="72.98"/>
        <vehicle id="cfm-slow_3" eclass="HBEFA3/PC_G_EU4" CO2="13440.98" CO="209.58" HC="1.29" NOx="5.66" PMx="0.31" fuel="5.78" electricity="0.00" noise="74.85" route="routetop" type="cfm-slow" waiting="0.00" lane="left_0" pos="15.33" speed="25.81" angle="156.87" x="2.87" y="31.84"/>
        <vehicle id="cfm-slow_4" eclass="HBEFA3/PC_G_EU4" CO2="10953.23" CO="163.88" HC="1.02" NOx="4.46" PMx="0.25" fuel="4.71" electricity="0.00" noise="74.19" route="routetop" type="cfm-slow" waiting="0.00" lane="left_0" pos="36.34" speed="27.06" angle="119.12" x="35.09" y="1.29"/>
        <vehicle id="cfm-slow_5" eclass="HBEFA3/PC_G_EU4" CO2="0.00" CO="0.00" HC="0.00" NOx="0.00" PMx="0.00" fuel="0.00" electricity="0.00" noise="72.80" route="routebottom" type="cfm-slow" waiting="0.00" lane="bottom_0" pos="8.59" speed="27.81" angle="78.93" x="82.02" y="-2.43"/>
    </timestep>
    <timestep time="6.30">
        <vehicle id="cfm-fast_0" eclass="HBEFA3/PC_G_EU4" CO2="0.00" CO="0.00" HC="0.00" NOx="0.00" PMx="0.00" fuel="0.00" electricity="0.00" noise="71.57" route="routebottom" type="cfm-fast" waiting="0.00" lane="bottom_0" pos="31.82" speed="27.64" angle="37.25" x="121.37" y="26.55"/>
        <vehicle id="cfm-fast_1" eclass="HBEFA3/PC_G_EU4" CO2="0.00" CO="0.00" HC="0.00" NOx="0.00" PMx="0.00" fuel="0.00" electricity="0.00" noise="70.57" route="routebottom" type="cfm-fast" waiting="0.00" lane="right_0" pos="0.51" speed="26.38" angle="3.54" x="132.25" y="64.86"/>
        <vehicle id="cfm-fast_2" eclass="HBEFA3/PC_G_EU4" CO2="0.00" CO="0.00" HC="0.00" NOx="0.00" PMx="0.00" fuel="0.00" electricity="0.00" noise="69.58" route="routebottom" type="cfm-fast" waiting="0.00" lane="right_0" pos="17.86" speed="24.46" angle="332.37" x="121.75" y="100.19"/>
        <vehicle id="cfm-fast_3" eclass="HBEFA3/PC_G_EU4" CO2="0.00" CO="0.00" HC="0.00" NOx="0.00" PMx="0.00" fuel="0.00" electricity="0.00" noise="69.23" route="routebottom" type="cfm-fast" waiting="0.00" lane="right_0" pos="33.23" speed="22.77" angle="304.67" x="98.18" y="122.95"/>
        <vehicle id="cfm-fast_4" eclass="HBEFA3/PC_G_EU4" CO2="352886.40" CO="8919.81" HC="49.57" NOx="164.87" PMx="9.92" fuel="151.69" electricity="0.00" noise="156.13" route="routebottom" type="cfm-fast" waiting="0.00" lane="bottom_1" pos="28.23" speed="85.51" angle="43.67" x="114.28" y="22.40"/>
        <vehicle id="cfm-fast_5" eclass="HBEFA3/PC_G_EU4" CO2="5930.29" CO="46.15" HC="0.35" NOx="2.20" PMx="0.11" fuel="2.55" electricity="0.00" noise="70.48" route="routebottom" type="cfm-fast" waiting="0.00" lane="right_0" pos="47.06" speed="21.94" angle="279.88" x="70.08" y="131.97"/>
        <vehicle id="cfm-slow_0" eclass="HBEFA3/PC_G_EU4" CO2="9367.90" CO="117.20" HC="0.76" NOx="3.82" PMx="0.20" fuel="4.03" electricity="0.00" noise="72.07" route="routetop" type="cfm-slow" waiting="0.00" lane="top_0" pos="10.12" speed="22.29" angle="256.24" x="42.16" y="128.82"/>
        <vehicle id="cfm-slow_1" eclass="HBEFA3/PC_G_EU4" CO2="11474.36" CO="161.85" HC="1.02" NOx="4.79" PMx="0.25" fuel="4.93" electricity="0.00" noise="73.34" route="routetop" type="cfm-slow" waiting="0.00" lane="top_0" pos="27.54" speed="23.24" angle="224.92" x="11.45" y="108.15"/>
        <vehicle id="cfm-slow_2" eclass="HBEFA3/PC_G_EU4" CO2="13167.49" CO="199.45" HC="1.24" NOx="5.56" PMx="0.30" fuel="5.66" electricity="0.00" noise="74.44" route="routetop" type="cfm-slow" waiting="0.00" lane="top_0" pos="45.94" speed="24.46" angle="191.86" x="-4.38" y="72.46"/>
        <vehicle id="cfm-slow_3" eclass="HBEFA3/PC_G_EU4" CO2="13416.08" CO="209.12" HC="1.29" NOx="5.65" PMx="0.31" fuel="5.77" electricity="0.00" noise="74.84" route="routetop" type="cfm-slow" waiting="0.00" lane="left_0" pos="15.59" speed="25.82" angle="156.42" x="3.14" y="31.35"/>
        <vehicle id="cfm-slow_4" eclass="HBEFA3/PC_G_EU4" CO2="10894.27" CO="162.71" HC="1.01" NOx="4.43" PMx="0.25" fuel="4.68" electricity="0.00" noise="74.17" route="routetop" type="cfm-slow" waiting="0.00" lane="left_0" pos="36.62" speed="27.07" angle="118.61" x="35.62" y="1.05"/>
        <vehicle id="cfm-slow_5" eclass="HBEFA3/PC_G_EU4" CO2="0.00" CO="0.00" HC="0.00" NOx="0.00" PMx="0.00" fuel="0.00" electricity="0.00" noise="72.79" route="routebottom" type="cfm-slow" waiting="0.00" lane="bottom_0" pos="8.87" speed="27.81" angle="78.45" x="82.60" y="-2.28"/>
    </timestep>
    <timestep time="6.31">
        <vehicle id="cfm-fast_0" eclass="HBEFA3/PC_G_EU4" CO2="0.00" CO="0.00" HC="0.00" NOx="0.00" PMx="0.00" fuel="0.00" electricity="0.00" noise="71.56" route="routebottom" type="cfm-fast" waiting="0.00" lane="bottom_0" pos="32.09" speed="27.62" angle="36.82" x="121.70" y="27.04"/>
        <vehicle id="cfm-fast_1" eclass="HBEFA3/PC_G_EU4" CO2="0.00" CO="0.00" HC="0.00" NOx="0.00" PMx="0.00" fuel="0.00" electricity="0.00" noise="70.56" route="routebottom" type="cfm-fast" waiting="0.00" lane="right_0" pos="0.78" speed="26.36" angle="3.06" x="132.24" y="65.43"/>
        <vehicle id="cfm-fast_2" eclass="HBEFA3/PC_G_EU4" CO2="0.00" CO="0.00" HC="0.00" NOx="0.00" PMx="0.00" fuel="0.00" electricity="0.00" noise="69.57" route="routebottom" type="cfm-fast" waiting="0.00" lane="right_0" pos="18.10" speed="24.45" angle="331.94" x="121.46" y="100.63"/>
        <vehicle id="cfm-fast_3" eclass="HBEFA3/PC_G_EU4" CO2="0.00" CO="0.00" HC="0.00" NOx="0.00" PMx="0.00" fuel="0.00" electricity="0.00" noise="69.24" route="routebottom" type="cfm-fast" waiting="0.00" lane="right_0" pos="33.46" speed="22.76" angle="304.30" x="97.76" y="123.19"/>
        <vehicle id="cfm-fast_4" eclass="HBEFA3/PC_G_EU4" CO2="353536.64" CO="8940.54" HC="49.68" NOx="165.17" PMx="9.94" fuel="151.97" electricity="0.00" noise="156.20" route="routebottom" type="cfm-fast" waiting="0.00" lane="bottom_1" pos="29.09" speed="85.65" angle="42.09" x="115.36" y="23.78"/>
        <vehicle id="cfm-fast_5" eclass="HBEFA3/PC_G_EU4" CO2="5957.64" CO="46.72" HC="0.36" NOx="2.22" PMx="0.11" fuel="2.56" electricity="0.00" noise="70.49" route="routebottom" type="cfm-fast" waiting="0.00" lane="right_0" pos="47.28" speed="21.95" angle="279.47" x="69.61" y="132.02"/>
        <vehicle id="cfm-slow_0" eclass="HBEFA3/PC_G_EU4" CO2="9385.05" CO="117.56" HC="0.77" NOx="3.83" PMx="0.20" fuel="4.03" electricity="0.00" noise="72.08" route="routetop" type="cfm-slow" waiting="0.00" lane="top_0" pos="10.34" speed="22.30" angle="255.87" x="41.71" y="128.67"/>
        <vehicle id="cfm-slow_1" eclass="HBEFA3/PC_G_EU4" CO2="11487.91" CO="162.15" HC="1.02" NOx="4.80" PMx="0.25" fuel="4.94" electricity="0.00" noise="73.35" route="routetop" type="cfm-slow" waiting="0.00" lane="top_0" pos="27.78" speed="23.25" angle="224.48" x="11.13" y="107.77"/>
        <vehicle id="cfm-slow_2" eclass="HBEFA3/PC_G_EU4" CO2="13168.02" CO="199.50" HC="1.24" NOx="5.56" PMx="0.30" fuel="5.66" electricity="0.00" noise="74.44" route="routetop" type="cfm-slow" waiting="0.00" lane="top_0" pos="46.19" speed="24.47" angle="191.47" x="-4.45" y="71.94"/>
        <vehicle id="cfm-slow_3" eclass="HBEFA3/PC_G_EU4" CO2="13390.89" CO="208.65" HC="1.28" NOx="5.64" PMx="0.31" fuel="5.76" electricity="0.00" noise="74.83" route="routetop" type="cfm-slow" waiting="0.00" lane="left_0" pos="15.85" speed="25.83" angle="155.94" x="3.41" y="30.87"/>
        <vehicle id="cfm-slow_4" eclass="HBEFA3/PC_G_EU4" CO2="10835.10" CO="161.53" HC="1.01" NOx="4.40" PMx="0.25" fuel="4.66" electricity="0.00" noise="74.16" route="routetop" type="cfm-slow" waiting="0.00" lane="left_0" pos="36.89" speed="27.08" angle="118.10" x="36.15" y="0.81"/>
        <vehicle id="cfm-slow_5" eclass="HBEFA3/PC_G_EU4" CO2="0.00" CO="0.00" HC="0.00" NOx="0.00" PMx="0.00" fuel="0.00" electricity="0.00" noise="72.77" route="routebottom" type="cfm-slow" waiting="0.00" lane="bottom_0" pos="9.15" speed="27.81" angle="77.96" x="83.17" y="-2.11"/>
    </timestep>
    <timestep time="6.32">
        <vehicle id="cfm-fast_0" eclass="HBEFA3/PC_G_EU4" CO2="0.00" CO="0.00" HC="0.00" NOx="0.00" PMx="0.00" fuel="0.00" electricity="0.00" noise="71.55" route="routebottom" type="cfm-fast" waiting="0.00" lane="bottom_0" pos="32.37" speed="27.61" angle="36.31" x="122.00" y="27.55"/>
        <vehicle id="cfm-fast_1" eclass="HBEFA3/PC_G_EU4" CO2="0.00" CO="0.00" HC="0.00" NOx="0.00" PMx="0.00" fuel="0.00" electricity="0.00" noise="70.55" route="routebottom" type="cfm-fast" waiting="0.00" lane="right_0" pos="1.04" speed="26.34" angle="2.59" x="132.23" y="66.00"/>
        <vehicle id="cfm-fast_2" eclass="HBEFA3/PC_G_EU4" CO2="0.00" CO="0.00" HC="0.00" NOx="0.00" PMx="0.00" fuel="0.00" electricity="0.00" noise="69.57" route="routebottom" type="cfm-fast" waiting="0.00" lane="right_0" pos="18.35" speed="24.43" angle="331.47" x="121.17" y="101.07"/>
        <vehicle id="cfm-fast_3" eclass="HBEFA3/PC_G_EU4" CO2="0.00" CO="0.00" HC="0.00" NOx="0.00" PMx="0.00" fuel="0.00" electricity="0.00" noise="69.24" route="routebottom" type="cfm-fast" waiting="0.00" lane="right_0" pos="33.69" speed="22.76" angle="303.89" x="97.33" y="123.43"/>
        <vehicle id="cfm-fast_4" eclass="HBEFA3/PC_G_EU4" CO2="354187.16" CO="8961.29" HC="49.79" NOx="165.48" PMx="9.96" fuel="152.25" electricity="0.00" noise="156.26" route="routebottom" type="cfm-fast" waiting="0.00" lane="bottom_1" pos="29.95" speed="85.78" angle="40.59" x="116.42" y="25.19"/>
        <vehicle id="cfm-fast_5" eclass="HBEFA3/PC_G_EU4" CO2="5984.96" CO="47.28" HC="0.36" NOx="2.23" PMx="0.11" fuel="2.57" electricity="0.00" noise="70.51" route="routebottom" type="cfm-fast" waiting="0.00" lane="right_0" pos="47.50" speed="21.95" angle="279.13" x="69.14" y="132.06"/>
        <vehicle id="cfm-slow_0" eclass="HBEFA3/PC_G_EU4" CO2="9402.19" CO="117.93" HC="0.77" NOx="3.83" PMx="0.20" fuel="4.04" electricity="0.00" noise="72.09" route="routetop" type="cfm-slow" waiting="0.00" lane="top_0" pos="10.57" speed="22.30" angle="255.45" x="41.26" y="128.51"/>
        <vehicle id="cfm-slow_1" eclass="HBEFA3/PC_G_EU4" CO2="11501.37" CO="162.45" HC="1.02" NOx="4.80" PMx="0.25" fuel="4.94" electricity="0.00" noise="73.36" route="routetop" type="cfm-slow" waiting="0.00" lane="top_0" pos="28.01" speed="23.26" angle="224.05" x="10.80" y="107.39"/>
        <vehicle id="cfm-slow_2" eclass="HBEFA3/PC_G_EU4" CO2="13168.35" CO="199.55" HC="1.24" NOx="5.56" PMx="0.30" fuel="5.66" electricity="0.00" noise="74.44" route="routetop" type="cfm-slow" waiting="0.00" lane="top_0" pos="46.43" speed="24.48" angle="191.02" x="-4.50" y="71.42"/>
        <vehicle id="cfm-slow_3" eclass="HBEFA3/PC_G_EU4" CO2="13365.40" CO="208.17" HC="1.28" NOx="5.62" PMx="0.31" fuel="5.75" electricity="0.00" noise="74.82" route="routetop" type="cfm-slow" waiting="0.00" lane="left_0" pos="16.11" speed="25.85" angle="155.46" x="3.68" y="30.38"/>
        <vehicle id="cfm-slow_4" eclass="HBEFA3/PC_G_EU4" CO2="10775.74" CO="160.35" HC="1.00" NOx="4.37" PMx="0.25" fuel="4.63" electricity="0.00" noise="74.14" route="routetop" type="cfm-slow" waiting="0.00" lane="left_0" pos="37.16" speed="27.08" angle="117.65" x="36.68" y="0.57"/>
        <vehicle id="cfm-slow_5" eclass="HBEFA3/PC_G_EU4" CO2="0.00" CO="0.00" HC="0.00" NOx="0.00" PMx="0.00" fuel="0.00" electricity="0.00" noise="72.75" route="routebottom" type="cfm-slow" waiting="0.00" lane="bottom_0" pos="9.43" speed="27.81" angle="77.45" x="83.74" y="-1.93"/>
    </timestep>
    <timestep time="6.33">
        <vehicle id="cfm-fast_0" eclass="HBEFA3/PC_G_EU4" CO2="0.00" CO="0.00" HC="0.00" NOx="0.00" PMx="0.00" fuel="0.00" electricity="0.00" noise="71.54" route="routebottom" type="cfm-fast" waiting="0.00" lane="bottom_0" pos="32.65" speed="27.60" angle="35.79" x="122.31" y="28.06"/>
        <vehicle id="cfm-fast_1" eclass="HBEFA3/PC_G_EU4" CO2="0.00" CO="0.00" HC="0.00" NOx="0.00" PMx="0.00" fuel="0.00" electricity="0.00" noise="70.54" route="routebottom" type="cfm-fast" waiting="0.00" lane="right_0" pos="1.30" speed="26.33" angle="2.13" x="132.21" y="66.56"/>
        <vehicle id="cfm-fast_2" eclass="HBEFA3/PC_G_EU4" CO2="0.00" CO="0.00" HC="0.00" NOx="0.00" PMx="0.00" fuel="0.00" electricity="0.00" noise="69.56" route="routebottom" type="cfm-fast" waiting="0.00" lane="right_0" pos="18.59" speed="24.41" angle="330.99" x="120.88" y="101.51"/>
        <vehicle id="cfm-fast_3" eclass="HBEFA3/PC_G_EU4" CO2="0.00" CO="0.00" HC="0.00" NOx="0.00" PMx="0.00" fuel="0.00" electricity="0.00" noise="69.25" route="routebottom" type="cfm-fast" waiting="0.00" lane="right_0" pos="33.91" speed="22.75" angle="303.48" x="96.90" y="123.67"/>
        <vehicle id="cfm-fast_4" eclass="HBEFA3/PC_G_EU4" CO2="354837.98" CO="8982.06" HC="49.90" NOx="165.78" PMx="9.98" fuel="152.53" electricity="0.00" noise="156.33" route="routebottom" type="cfm-fast" waiting="0.00" lane="bottom_1" pos="30.80" speed="85.92" angle="39.09" x="117.45" y="26.61"/>
        <vehicle id="cfm-fast_5" eclass="HBEFA3/PC_G_EU4" CO2="6012.23" CO="47.85" HC="0.36" NOx="2.24" PMx="0.11" fuel="2.58" electricity="0.00" noise="70.52" route="routebottom" type="cfm-fast" waiting="0.00" lane="right_0" pos="47.72" speed="21.96" angle="278.72" x="68.67" y="132.09"/>
        <vehicle id="cfm-slow_0" eclass="HBEFA3/PC_G_EU4" CO2="9419.33" CO="118.29" HC="0.77" NOx="3.84" PMx="0.20" fuel="4.05" electricity="0.00" noise="72.10" route="routetop" type="cfm-slow" waiting="0.00" lane="top_0" pos="10.79" speed="22.31" angle="255.03" x="40.81" y="128.34"/>
        <vehicle id="cfm-slow_1" eclass="HBEFA3/PC_G_EU4" CO2="11514.74" CO="162.75" HC="1.03" NOx="4.81" PMx="0.26" fuel="4.95" electricity="0.00" noise="73.37" route="routetop" type="cfm-slow" waiting="0.00" lane="top_0" pos="28.24" speed="23.27" angle="223.69" x="10.48" y="107.01"/>
        <vehicle id="cfm-slow_2" eclass="HBEFA3/PC_G_EU4" CO2="13168.47" CO="199.59" HC="1.24" NOx="5.56" PMx="0.30" fuel="5.66" electricity="0.00" noise="74.45" route="routetop" type="cfm-slow" waiting="0.00" lane="top_0" pos="46.68" speed="24.50" angle="190.57" x="-4.56" y="70.89"/>
        <vehicle id="cfm-slow_3" eclass="HBEFA3/PC_G_EU4" CO2="13339.62" CO="207.70" HC="1.28" NOx="5.61" PMx="0.31" fuel="5.73" electricity="0.00" noise="74.82" route="routetop" type="cfm-slow" waiting="0.00" lane="left_0" pos="16.37" speed="25.86" angle="154.99" x="3.95" y="29.89"/>
        <vehicle id="cfm-slow_4" eclass="HBEFA3/PC_G_EU4" CO2="10716.18" CO="159.17" HC="0.99" NOx="4.35" PMx="0.24" fuel="4.61" electricity="0.00" noise="74.12" route="routetop" type="cfm-slow" waiting="0.00" lane="left_0" pos="37.43" speed="27.09" angle="117.17" x="37.22" y="0.35"/>
        <vehicle id="cfm-slow_5" eclass="HBEFA3/PC_G_EU4" CO2="0.00" CO="0.00" HC="0.00" NOx="0.00" PMx="0.00" fuel="0.00" electricity="0.00" noise="72.74" route="routebottom" type="cfm-slow" waiting="0.00" lane="bottom_0" pos="9.71" speed="27.81" angle="76.94" x="84.32" y="-1.75"/>
    </timestep>
    <timestep time="6.34">
        <vehicle id="cfm-fast_0" eclass="HBEFA3/PC_G_EU4" CO2="0.00" CO="0.00" HC="0.00" NOx="0.00" PMx="0.00" fuel="0.00" electricity="0.00" noise="71.53" route="routebottom" type="cfm-fast" waiting="0.00" lane="bottom_0" pos="32.92" speed="27.59" angle="35.28" x="122.61" y="28.57"/>
        <vehicle id="cfm-fast_1" eclass="HBEFA3/PC_G_EU4" CO2="0.00" CO="0.00" HC="0.00" NOx="0.00" PMx="0.00" fuel="0.00" electricity="0.00" noise="70.53" route="routebottom" type="cfm-fast" waiting="0.00" lane="right_0" pos="1.57" speed="26.31" angle="1.66" x="132.18" y="67.13"/>
        <vehicle id="cfm-fast_2" eclass="HBEFA3/PC_G_EU4" CO2="0.00" CO="0.00" HC="0.00" NOx="0.00" PMx="0.00" fuel="0.00" electricity="0.00" noise="69.56" route="routebottom" type="cfm-fast" waiting="0.00" lane="right_0" pos="18.83" speed="24.40" angle="330.52" x="120.59" y="101.94"/>
        <vehicle id="cfm-fast_3" eclass="HBEFA3/PC_G_EU4" CO2="0.00" CO="0.00" HC="0.00" NOx="0.00" PMx="0.00" fuel="0.00" electricity="0.00" noise="69.25" route="routebottom" type="cfm-fast" waiting="0.00" lane="right_0" pos="34.14" speed="22.74" angle="303.06" x="96.47" y="123.90"/>
        <vehicle id="cfm-fast_4" eclass="HBEFA3/PC_G_EU4" CO2="355489.10" CO="9002.86" HC="50.01" NOx="166.09" PMx="10.00" fuel="152.81" electricity="0.00" noise="156.39" route="routebottom" type="cfm-fast" waiting="0.00" lane="bottom_1" pos="31.67" speed="86.06" angle="37.52" x="118.43" y="28.08"/>
        <vehicle id="cfm-fast_5" eclass="HBEFA3/PC_G_EU4" CO2="6039.46" CO="48.41" HC="0.37" NOx="2.26" PMx="0.11" fuel="2.60" electricity="0.00" noise="70.53" route="routebottom" type="cfm-fast" waiting="0.00" lane="right_0" pos="47.94" speed="21.96" angle="278.31" x="68.20" y="132.12"/>
        <vehicle id="cfm-slow_0" eclass="HBEFA3/PC_G_EU4" CO2="9436.46" CO="118.65" HC="0.77" NOx="3.85" PMx="0.20" fuel="4.06" electricity="0.00" noise="72.11" route="routetop" type="cfm-slow" waiting="0.00" lane="top_0" pos="11.01" speed="22.32" angle="254.61" x="40.35" y="128.18"/>
        <vehicle id="cfm-slow_1" eclass="HBEFA3/PC_G_EU4" CO2="11528.02" CO="163.04" HC="1.03" NOx="4.82" PMx="0.26" fuel="4.96" electricity="0.00" noise="73.38" route="routetop" type="cfm-slow" waiting="0.00" lane="top_0" pos="28.47" speed="23.29" angle="223.26" x="10.17" y="106.61"/>
        <vehicle id="cfm-slow_2" eclass="HBEFA3/PC_G_EU4" CO2="13168.38" CO="199.63" HC="1.24" NOx="5.56" PMx="0.30" fuel="5.66" electricity="0.00" noise="74.45" route="routetop" type="cfm-slow" waiting="0.00" lane="top_0" pos="46.92" speed="24.51" angle="190.12" x="-4.61" y="70.37"/>
        <vehicle id="cfm-slow_3" eclass="HBEFA3/PC_G_EU4" CO2="13313.54" CO="207.21" HC="1.28" NOx="5.60" PMx="0.31" fuel="5.72" electricity="0.00" noise="74.81" route="routetop" type="cfm-slow" waiting="0.00" lane="left_0" pos="16.63" speed="25.87" angle="154.56" x="4.21" y="29.41"/>
        <vehicle id="cfm-slow_4" eclass="HBEFA3/PC_G_EU4" CO2="10656.44" CO="157.98" HC="0.99" NOx="4.32" PMx="0.24" fuel="4.58" electricity="0.00" noise="74.10" route="routetop" type="cfm-slow" waiting="0.00" lane="left_0" pos="37.70" speed="27.10" angle="116.67" x="37.76" y="0.14"/>
        <vehicle id="cfm-slow_5" eclass="HBEFA3/PC_G_EU4" CO2="0.00" CO="0.00" HC="0.00" NOx="0.00" PMx="0.00" fuel="0.00" electricity="0.00" noise="72.72" route="routebottom" type="cfm-slow" waiting="0.00" lane="bottom_0" pos="9.98" speed="27.81" angle="76.43" x="84.89" y="-1.58"/>
    </timestep>
    <timestep time="6.35">
        <vehicle id="cfm-fast_0" eclass="HBEFA3/PC_G_EU4" CO2="0.00" CO="0.00" HC="0.00" NOx="0.00" PMx="0.00" fuel="0.00" electricity="0.00" noise="71.52" route="routebottom" type="cfm-fast" waiting="0.00" lane="bottom_0" pos="33.20" speed="27.58" angle="34.76" x="122.91" y="29.08"/>
        <vehicle id="cfm-fast_1" eclass="HBEFA3/PC_G_EU4" CO2="0.00" CO="0.00" HC="0.00" NOx="0.00" PMx="0.00" fuel="0.00" electricity="0.00" noise="70.52" route="routebottom" type="cfm-fast" waiting="0.00" lane="right_0" pos="1.83" speed="26.29" angle="1.19" x="132.15" y="67.69"/>
        <vehicle id="cfm-fast_2" eclass="HBEFA3/PC_G_EU4" CO2="0.00" CO="0.00" HC="0.00" NOx="0.00" PMx="0.00" fuel="0.00" electricity="0.00" noise="69.55" route="routebottom" type="cfm-fast" waiting="0.00" lane="right_0" pos="19.08" speed="24.38" angle="330.04" x="120.29" y="102.38"/>
        <vehicle id="cfm-fast_3" eclass="HBEFA3/PC_G_EU4" CO2="0.00" CO="0.00" HC="0.00" NOx="0.00" PMx="0.00" fuel="0.00" electricity="0.00" noise="69.26" route="routebottom" type="cfm-fast" waiting="0.00" lane="right_0" pos="34.37" speed="22.74" angle="302.65" x="96.04" y="124.14"/>
        <vehicle id="cfm-fast_4" eclass="HBEFA3/PC_G_EU4" CO2="356140.50" CO="9023.67" HC="50.13" NOx="166.40" PMx="10.02" fuel="153.09" electricity="0.00" noise="156.46" route="routebottom" type="cfm-fast" waiting="0.00" lane="bottom_1" pos="32.53" speed="86.19" angle="35.99" x="119.37" y="29.58"/>
        <vehicle id="cfm-fast_5" eclass="HBEFA3/PC_G_EU4" CO2="6066.65" CO="48.97" HC="0.37" NOx="2.27" PMx="0.11" fuel="2.61" electricity="0.00" noise="70.54" route="routebottom" type="cfm-fast" waiting="0.00" lane="right_0" pos="48.16" speed="21.96" angle="277.90" x="67.73" y="132.14"/>
        <vehicle id="cfm-slow_0" eclass="HBEFA3/PC_G_EU4" CO2="9453.58" CO="119.01" HC="0.77" NOx="3.86" PMx="0.20" fuel="4.06" electricity="0.00" noise="72.12" route="routetop" type="cfm-slow" waiting="0.00" lane="top_0" pos="11.24" speed="22.33" angle="254.19" x="39.90" y="128.02"/>
        <vehicle id="cfm-slow_1" eclass="HBEFA3/PC_G_EU4" CO2="11541.21" CO="163.34" HC="1.03" NOx="4.82" PMx="0.26" fuel="4.96" electricity="0.00" noise="73.39" route="routetop" type="cfm-slow" waiting="0.00" lane="top_0" pos="28.71" speed="23.30" angle="222.84" x="9.86" y="106.22"/>
        <vehicle id="cfm-slow_2" eclass="HBEFA3/PC_G_EU4" CO2="13168.08" CO="199.66" HC="1.24" NOx="5.56" PMx="0.30" fuel="5.66" electricity="0.00" noise="74.45" route="routetop" type="cfm-slow" waiting="0.00" lane="top_0" pos="47.17" speed="24.53" angle="189.67" x="-4.66" y="69.84"/>
        <vehicle id="cfm-slow_3" eclass="HBEFA3/PC_G_EU4" CO2="13287.16" CO="206.72" HC="1.27" NOx="5.59" PMx="0.31" fuel="5.71" electricity="0.00" noise="74.80" route="routetop" type="cfm-slow" waiting="0.00" lane="left_0" pos="16.89" speed="25.89" angle="154.09" x="4.50" y="28.93"/>
        <vehicle id="cfm-slow_4" eclass="HBEFA3/PC_G_EU4" CO2="10596.50" CO="156.78" HC="0.98" NOx="4.29" PMx="0.24" fuel="4.55" electricity="0.00" noise="74.08" route="routetop" type="cfm-slow" waiting="0.00" lane="left_0" pos="37.97" speed="27.11" angle="116.17" x="38.30" y="-0.08"/>
        <vehicle id="cfm-slow_5" eclass="HBEFA3/PC_G_EU4" CO2="0.00" CO="0.00" HC="0.00" NOx="0.00" PMx="0.00" fuel="0.00" electricity="0.00" noise="72.70" route="routebottom" type="cfm-slow" waiting="0.00" lane="bottom_0" pos="10.26" speed="27.81" angle="75.99" x="85.46" y="-1.40"/>
    </timestep>
    <timestep time="6.36">
        <vehicle id="cfm-fast_0" eclass="HBEFA3/PC_G_EU4" CO2="0.00" CO="0.00" HC="0.00" NOx="0.00" PMx="0.00" fuel="0.00" electricity="0.00" noise="71.51" route="routebottom" type="cfm-fast" waiting="0.00" lane="bottom_0" pos="33.47" speed="27.57" angle="34.30" x="123.21" y="29.60"/>
        <vehicle id="cfm-fast_1" eclass="HBEFA3/PC_G_EU4" CO2="0.00" CO="0.00" HC="0.00" NOx="0.00" PMx="0.00" fuel="0.00" electricity="0.00" noise="70.51" route="routebottom" type="cfm-fast" waiting="0.00" lane="right_0" pos="2.09" speed="26.27" angle="0.72" x="132.11" y="68.26"/>
        <vehicle id="cfm-fast_2" eclass="HBEFA3/PC_G_EU4" CO2="0.00" CO="0.00" HC="0.00" NOx="0.00" PMx="0.00" fuel="0.00" electricity="0.00" noise="69.55" route="routebottom" type="cfm-fast" waiting="0.00" lane="right_0" pos="19.32" speed="24.37" angle="329.66" x="120.00" y="102.81"/>
        <vehicle id="cfm-fast_3" eclass="HBEFA3/PC_G_EU4" CO2="0.00" CO="0.00" HC="0.00" NOx="0.00" PMx="0.00" fuel="0.00" electricity="0.00" noise="69.26" route="routebottom" type="cfm-fast" waiting="0.00" lane="right_0" pos="34.60" speed="22.73" angle="302.29" x="95.62" y="124.38"/>
        <vehicle id="cfm-fast_4" eclass="HBEFA3/PC_G_EU4" CO2="356792.20" CO="9044.51" HC="50.24" NOx="166.70" PMx="10.04" fuel="153.37" electricity="0.00" noise="156.52" route="routebottom" type="cfm-fast" waiting="0.00" lane="bottom_1" pos="33.39" speed="86.33" angle="34.43" x="120.27" y="31.10"/>
        <vehicle id="cfm-fast_5" eclass="HBEFA3/PC_G_EU4" CO2="6093.80" CO="49.54" HC="0.37" NOx="2.28" PMx="0.11" fuel="2.62" electricity="0.00" noise="70.56" route="routebottom" type="cfm-fast" waiting="0.00" lane="right_0" pos="48.38" speed="21.97" angle="277.49" x="67.25" y="132.17"/>
        <vehicle id="cfm-slow_0" eclass="HBEFA3/PC_G_EU4" CO2="9470.70" CO="119.38" HC="0.78" NOx="3.87" PMx="0.20" fuel="4.07" electricity="0.00" noise="72.13" route="routetop" type="cfm-slow" waiting="0.00" lane="top_0" pos="11.46" speed="22.34" angle="253.80" x="39.45" y="127.85"/>
        <vehicle id="cfm-slow_1" eclass="HBEFA3/PC_G_EU4" CO2="11554.30" CO="163.63" HC="1.03" NOx="4.83" PMx="0.26" fuel="4.97" electricity="0.00" noise="73.40" route="routetop" type="cfm-slow" waiting="0.00" lane="top_0" pos="28.94" speed="23.31" angle="222.41" x="9.55" y="105.82"/>
        <vehicle id="cfm-slow_2" eclass="HBEFA3/PC_G_EU4" CO2="13167.57" CO="199.69" HC="1.24" NOx="5.56" PMx="0.30" fuel="5.66" electricity="0.00" noise="74.45" route="routetop" type="cfm-slow" waiting="0.00" lane="top_0" pos="47.41" speed="24.54" angle="189.25" x="-4.72" y="69.32"/>
        <vehicle id="cfm-slow_3" eclass="HBEFA3/PC_G_EU4" CO2="13260.49" CO="206.22" HC="1.27" NOx="5.57" PMx="0.31" fuel="5.70" electricity="0.00" noise="74.79" route="routetop" type="cfm-slow" waiting="0.00" lane="left_0" pos="17.14" speed="25.90" angle="153.62" x="4.79" y="28.45"/>
        <vehicle id="cfm-slow_4" eclass="HBEFA3/PC_G_EU4" CO2="10536.38" CO="155.59" HC="0.97" NOx="4.26" PMx="0.24" fuel="4.53" electricity="0.00" noise="74.07" route="routetop" type="cfm-slow" waiting="0.00" lane="left_0" pos="38.24" speed="27.12" angle="115.68" x="38.85" y="-0.30"/>
        <vehicle id="cfm-slow_5" eclass="HBEFA3/PC_G_EU4" CO2="0.00" CO="0.00" HC="0.00" NOx="0.00" PMx="0.00" fuel="0.00" electricity="0.00" noise="72.69" route="routebottom" type="cfm-slow" waiting="0.00" lane="bottom_0" pos="10.54" speed="27.81" angle="75.47" x="86.02" y="-1.20"/>
    </timestep>
    <timestep time="6.37">
        <vehicle id="cfm-fast_0" eclass="HBEFA3/PC_G_EU4" CO2="0.00" CO="0.00" HC="0.00" NOx="0.00" PMx="0.00" fuel="0.00" electricity="0.00" noise="71.50" route="routebottom" type="cfm-fast" waiting="0.00" lane="bottom_0" pos="33.75" speed="27.56" angle="33.80" x="123.50" y="30.11"/>
        <vehicle id="cfm-fast_1" eclass="HBEFA3/PC_G_EU4" CO2="0.00" CO="0.00" HC="0.00" NOx="0.00" PMx="0.00" fuel="0.00" electricity="0.00" noise="70.50" route="routebottom" type="cfm-fast" waiting="0.00" lane="right_0" pos="2.35" speed="26.25" angle="0.25" x="132.08" y="68.82"/>
        <vehicle id="cfm-fast_2" eclass="HBEFA3/PC_G_EU4" CO2="0.00" CO="0.00" HC="0.00" NOx="0.00" PMx="0.00" fuel="0.00" electricity="0.00" noise="69.54" route="routebottom" type="cfm-fast" waiting="0.00" lane="right_0" pos="19.57" speed="24.35" angle="329.22" x="119.69" y="103.24"/>
        <vehicle id="cfm-fast_3" eclass="HBEFA3/PC_G_EU4" CO2="0.00" CO="0.00" HC="0.00" NOx="0.00" PMx="0.00" fuel="0.00" electricity="0.00" noise="69.27" route="routebottom" type="cfm-fast" waiting="0.00" lane="right_0" pos="34.82" speed="22.72" angle="301.89" x="95.18" y="124.60"/>
        <vehicle id="cfm-fast_4" eclass="HBEFA3/PC_G_EU4" CO2="357444.19" CO="9065.37" HC="50.35" NOx="167.01" PMx="10.06" fuel="153.65" electricity="0.00" noise="156.59" route="routebottom" type="cfm-fast" waiting="0.00" lane="bottom_1" pos="34.26" speed="86.47" angle="32.87" x="121.13" y="32.65"/>
        <vehicle id="cfm-fast_5" eclass="HBEFA3/PC_G_EU4" CO2="6120.91" CO="50.10" HC="0.38" NOx="2.29" PMx="0.11" fuel="2.63" electricity="0.00" noise="70.57" route="routebottom" type="cfm-fast" waiting="0.00" lane="right_0" pos="48.59" speed="21.97" angle="277.08" x="66.78" y="132.20"/>
        <vehicle id="cfm-slow_0" eclass="HBEFA3/PC_G_EU4" CO2="9487.81" CO="119.74" HC="0.78" NOx="3.87" PMx="0.20" fuel="4.08" electricity="0.00" noise="72.14" route="routetop" type="cfm-slow" waiting="0.00" lane="top_0" pos="11.68" speed="22.35" angle="253.42" x="39.00" y="127.68"/>
        <vehicle id="cfm-slow_1" eclass="HBEFA3/PC_G_EU4" CO2="11567.30" CO="163.92" HC="1.03" NOx="4.83" PMx="0.26" fuel="4.97" electricity="0.00" noise="73.41" route="routetop" type="cfm-slow" waiting="0.00" lane="top_0" pos="29.17" speed="23.32" angle="221.99" x="9.24" y="105.43"/>
        <vehicle id="cfm-slow_2" eclass="HBEFA3/PC_G_EU4" CO2="13166.85" CO="199.72" HC="1.24" NOx="5.56" PMx="0.30" fuel="5.66" electricity="0.00" noise="74.46" route="routetop" type="cfm-slow" waiting="0.00" lane="top_0" pos="47.66" speed="24.55" angle="188.81" x="-4.75" y="68.79"/>
        <vehicle id="cfm-slow_3" eclass="HBEFA3/PC_G_EU4" CO2="13233.53" CO="205.72" HC="1.27" NOx="5.56" PMx="0.31" fuel="5.69" electricity="0.00" noise="74.78" route="routetop" type="cfm-slow" waiting="0.00" lane="left_0" pos="17.40" speed="25.91" angle="153.14" x="5.07" y="27.97"/>
        <vehicle id="cfm-slow_4" eclass="HBEFA3/PC_G_EU4" CO2="10476.07" CO="154.38" HC="0.97" NOx="4.23" PMx="0.24" fuel="4.50" electricity="0.00" noise="74.05" route="routetop" type="cfm-slow" waiting="0.00" lane="left_0" pos="38.51" speed="27.12" angle="115.23" x="39.39" y="-0.51"/>
        <vehicle id="cfm-slow_5" eclass="HBEFA3/PC_G_EU4" CO2="0.00" CO="0.00" HC="0.00" NOx="0.00" PMx="0.00" fuel="0.00" electricity="0.00" noise="72.67" route="routebottom" type="cfm-slow" waiting="0.00" lane="bottom_0" pos="10.82" speed="27.80" angle="74.95" x="86.58" y="-0.99"/>
    </timestep>
    <timestep time="6.38">
        <vehicle id="cfm-fast_0" eclass="HBEFA3/PC_G_EU4" CO2="0.00" CO="0.00" HC="0.00" NOx="0.00" PMx="0.00" fuel="0.00" electricity="0.00" noise="71.49" route="routebottom" type="cfm-fast" waiting="0.00" lane="bottom_0" pos="34.02" speed="27.55" angle="33.29" x="123.78" y="30.63"/>
        <vehicle id="cfm-fast_1" eclass="HBEFA3/PC_G_EU4" CO2="0.00" CO="0.00" HC="0.00" NOx="0.00" PMx="0.00" fuel="0.00" electricity="0.00" noise="70.50" route="routebottom" type="cfm-fast" waiting="0.00" lane="right_0" pos="2.62" speed="26.24" angle="359.80" x="132.04" y="69.38"/>
        <vehicle id="cfm-fast_2" eclass="HBEFA3/PC_G_EU4" CO2="0.00" CO="0.00" HC="0.00" NOx="0.00" PMx="0.00" fuel="0.00" electricity="0.00" noise="69.54" route="routebottom" type="cfm-fast" waiting="0.00" lane="right_0" pos="19.81" speed="24.34" angle="328.78" x="119.39" y="103.66"/>
        <vehicle id="cfm-fast_3" eclass="HBEFA3/PC_G_EU4" CO2="0.00" CO="0.00" HC="0.00" NOx="0.00" PMx="0.00" fuel="0.00" electricity="0.00" noise="69.28" route="routebottom" type="cfm-fast" waiting="0.00" lane="right_0" pos="35.05" speed="22.72" angle="301.48" x="94.74" y="124.82"/>
        <vehicle id="cfm-fast_4" eclass="HBEFA3/PC_G_EU4" CO2="358096.47" CO="9086.25" HC="50.46" NOx="167.32" PMx="10.08" fuel="153.93" electricity="0.00" noise="156.66" route="routebottom" type="cfm-fast" waiting="0.00" lane="bottom_1" pos="35.12" speed="86.60" angle="31.33" x="121.95" y="34.22"/>
        <vehicle id="cfm-fast_5" eclass="HBEFA3/PC_G_EU4" CO2="6147.97" CO="50.66" HC="0.38" NOx="2.31" PMx="0.11" fuel="2.64" electricity="0.00" noise="70.58" route="routebottom" type="cfm-fast" waiting="0.00" lane="right_0" pos="48.81" speed="21.98" angle="276.73" x="66.31" y="132.22"/>
        <vehicle id="cfm-slow_0" eclass="HBEFA3/PC_G_EU4" CO2="9504.91" CO="120.10" HC="0.78" NOx="3.88" PMx="0.20" fuel="4.09" electricity="0.00" noise="72.16" route="routetop" type="cfm-slow" waiting="0.00" lane="top_0" pos="11.91" speed="22.36" angle="253.01" x="38.55" y="127.50"/>
        <vehicle id="cfm-slow_1" eclass="HBEFA3/PC_G_EU4" CO2="11580.20" CO="164.21" HC="1.03" NOx="4.84" PMx="0.26" fuel="4.98" electricity="0.00" noise="73.42" route="routetop" type="cfm-slow" waiting="0.00" lane="top_0" pos="29.41" speed="23.34" angle="221.58" x="8.93" y="105.03"/>
        <vehicle id="cfm-slow_2" eclass="HBEFA3/PC_G_EU4" CO2="13165.91" CO="199.74" HC="1.24" NOx="5.56" PMx="0.30" fuel="5.66" electricity="0.00" noise="74.46" route="routetop" type="cfm-slow" waiting="0.00" lane="top_0" pos="47.91" speed="24.57" angle="188.34" x="-4.78" y="68.26"/>
        <vehicle id="cfm-slow_3" eclass="HBEFA3/PC_G_EU4" CO2="13206.27" CO="205.21" HC="1.26" NOx="5.55" PMx="0.31" fuel="5.68" electricity="0.00" noise="74.77" route="routetop" type="cfm-slow" waiting="0.00" lane="left_0" pos="17.66" speed="25.92" angle="152.66" x="5.36" y="27.49"/>
        <vehicle id="cfm-slow_4" eclass="HBEFA3/PC_G_EU4" CO2="10415.59" CO="153.18" HC="0.96" NOx="4.20" PMx="0.24" fuel="4.48" electricity="0.00" noise="74.03" route="routetop" type="cfm-slow" waiting="0.00" lane="left_0" pos="38.78" speed="27.13" angle="114.73" x="39.94" y="-0.71"/>
        <vehicle id="cfm-slow_5" eclass="HBEFA3/PC_G_EU4" CO2="0.00" CO="0.00" HC="0.00" NOx="0.00" PMx="0.00" fuel="0.00" electricity="0.00" noise="72.66" route="routebottom" type="cfm-slow" waiting="0.00" lane="bottom_0" pos="11.10" speed="27.80" angle="74.43" x="87.15" y="-0.79"/>
    </timestep>
    <timestep time="6.39">
        <vehicle id="cfm-fast_0" eclass="HBEFA3/PC_G_EU4" CO2="0.00" CO="0.00" HC="0.00" NOx="0.00" PMx="0.00" fuel="0.00" electricity="0.00" noise="71.48" route="routebottom" type="cfm-fast" waiting="0.00" lane="bottom_0" pos="34.30" speed="27.53" angle="32.79" x="124.07" y="31.15"/>
        <vehicle id="cfm-fast_1" eclass="HBEFA3/PC_G_EU4" CO2="0.00" CO="0.00" HC="0.00" NOx="0.00" PMx="0.00" fuel="0.00" electricity="0.00" noise="70.49" route="routebottom" type="cfm-fast" waiting="0.00" lane="right_0" pos="2.88" speed="26.22" angle="359.33" x="131.98" y="69.94"/>
        <vehicle id="cfm-fast_2" eclass="HBEFA3/PC_G_EU4" CO2="0.00" CO="0.00" HC="0.00" NOx="0.00" PMx="0.00" fuel="0.00" electricity="0.00" noise="69.53" route="routebottom" type="cfm-fast" waiting="0.00" lane="right_0" pos="20.05" speed="24.32" angle="328.34" x="119.08" y="104.09"/>
        <vehicle id="cfm-fast_3" eclass="HBEFA3/PC_G_EU4" CO2="0.00" CO="0.00" HC="0.00" NOx="0.00" PMx="0.00" fuel="0.00" electricity="0.00" noise="69.28" route="routebottom" type="cfm-fast" waiting="0.00" lane="right_0" pos="35.28" speed="22.71" angle="301.07" x="94.31" y="125.04"/>
        <vehicle id="cfm-fast_4" eclass="HBEFA3/PC_G_EU4" CO2="358749.04" CO="9107.15" HC="50.57" NOx="167.62" PMx="10.10" fuel="154.21" electricity="0.00" noise="156.72" route="routebottom" type="cfm-fast" waiting="0.00" lane="bottom_1" pos="35.99" speed="86.74" angle="29.77" x="122.74" y="35.82"/>
        <vehicle id="cfm-fast_5" eclass="HBEFA3/PC_G_EU4" CO2="6175.00" CO="51.22" HC="0.38" NOx="2.32" PMx="0.11" fuel="2.65" electricity="0.00" noise="70.59" route="routebottom" type="cfm-fast" waiting="0.00" lane="right_0" pos="49.03" speed="21.98" angle="276.32" x="65.84" y="132.23"/>
        <vehicle id="cfm-slow_0" eclass="HBEFA3/PC_G_EU4" CO2="9521.99" CO="120.46" HC="0.78" NOx="3.89" PMx="0.20" fuel="4.09" electricity="0.00" noise="72.17" route="routetop" type="cfm-slow" waiting="0.00" lane="top_0" pos="12.13" speed="22.37" angle="252.61" x="38.11" y="127.32"/>
        <vehicle id="cfm-slow_1" eclass="HBEFA3/PC_G_EU4" CO2="11593.00" CO="164.49" HC="1.04" NOx="4.84" PMx="0.26" fuel="4.98" electricity="0.00" noise="73.43" route="routetop" type="cfm-slow" waiting="0.00" lane="top_0" pos="29.64" speed="23.35" angle="221.19" x="8.63" y="104.63"/>
        <vehicle id="cfm-slow_2" eclass="HBEFA3/PC_G_EU4" CO2="13164.76" CO="199.75" HC="1.24" NOx="5.56" PMx="0.30" fuel="5.66" electricity="0.00" noise="74.46" route="routetop" type="cfm-slow" waiting="0.00" lane="top_0" pos="48.15" speed="24.58" angle="187.87" x="-4.81" y="67.73"/>
        <vehicle id="cfm-slow_3" eclass="HBEFA3/PC_G_EU4" CO2="13178.72" CO="204.69" HC="1.26" NOx="5.53" PMx="0.30" fuel="5.66" electricity="0.00" noise="74.76" route="routetop" type="cfm-slow" waiting="0.00" lane="left_0" pos="17.92" speed="25.94" angle="152.25" x="5.65" y="27.02"/>
        <vehicle id="cfm-slow_4" eclass="HBEFA3/PC_G_EU4" CO2="10354.93" CO="151.97" HC="0.95" NOx="4.17" PMx="0.23" fuel="4.45" electricity="0.00" noise="74.01" route="routetop" type="cfm-slow" waiting="0.00" lane="left_0" pos="39.06" speed="27.14" angle="114.23" x="40.49" y="-0.90"/>
        <vehicle id="cfm-slow_5" eclass="HBEFA3/PC_G_EU4" CO2="0.00" CO="0.00" HC="0.00" NOx="0.00" PMx="0.00" fuel="0.00" electricity="0.00" noise="72.64" route="routebottom" type="cfm-slow" waiting="0.00" lane="bottom_0" pos="11.37" speed="27.80" angle="73.91" x="87.71" y="-0.59"/>
    </timestep>
    <timestep time="6.40">
        <vehicle id="cfm-fast_0" eclass="HBEFA3/PC_G_EU4" CO2="0.00" CO="0.00" HC="0.00" NOx="0.00" PMx="0.00" fuel="0.00" electricity="0.00" noise="71.47" route="routebottom" type="cfm-fast" waiting="0.00" lane="bottom_0" pos="34.57" speed="27.52" angle="32.32" x="124.36" y="31.67"/>
        <vehicle id="cfm-fast_1" eclass="HBEFA3/PC_G_EU4" CO2="0.00" CO="0.00" HC="0.00" NOx="0.00" PMx="0.00" fuel="0.00" electricity="0.00" noise="70.48" route="routebottom" type="cfm-fast" waiting="0.00" lane="right_0" pos="3.14" speed="26.20" angle="358.86" x="131.93" y="70.50"/>
        <vehicle id="cfm-fast_2" eclass="HBEFA3/PC_G_EU4" CO2="0.00" CO="0.00" HC="0.00" NOx="0.00" PMx="0.00" fuel="0.00" electricity="0.00" noise="69.53" route="routebottom" type="cfm-fast" waiting="0.00" lane="right_0" pos="20.30" speed="24.30" angle="327.90" x="118.77" y="104.51"/>
        <vehicle id="cfm-fast_3" eclass="HBEFA3/PC_G_EU4" CO2="0.00" CO="0.00" HC="0.00" NOx="0.00" PMx="0.00" fuel="0.00" electricity="0.00" noise="69.29" route="routebottom" type="cfm-fast" waiting="0.00" lane="right_0" pos="35.50" speed="22.71" angle="300.66" x="93.87" y="125.26"/>
        <vehicle id="cfm-fast_4" eclass="HBEFA3/PC_G_EU4" CO2="359401.90" CO="9128.07" HC="50.69" NOx="167.93" PMx="10.12" fuel="154.49" electricity="0.00" noise="156.79" route="routebottom" type="cfm-fast" waiting="0.00" lane="bottom_1" pos="36.86" speed="86.88" angle="28.11" x="123.47" y="37.44"/>
        <vehicle id="cfm-fast_5" eclass="HBEFA3/PC_G_EU4" CO2="6201.98" CO="51.78" HC="0.39" NOx="2.33" PMx="0.11" fuel="2.67" electricity="0.00" noise="70.60" route="routebottom" type="cfm-fast" waiting="0.00" lane="right_0" pos="49.25" speed="21.99" angle="275.91" x="65.36" y="132.24"/>
        <vehicle id="cfm-slow_0" eclass="HBEFA3/PC_G_EU4" CO2="9539.07" CO="120.83" HC="0.79" NOx="3.90" PMx="0.20" fuel="4.10" electricity="0.00" noise="72.18" route="routetop" type="cfm-slow" waiting="0.00" lane="top_0" pos="12.35" speed="22.39" angle="252.20" x="37.66" y="127.14"/>
        <vehicle id="cfm-slow_1" eclass="HBEFA3/PC_G_EU4" CO2="11605.70" CO="164.78" HC="1.04" NOx="4.85" PMx="0.26" fuel="4.99" electricity="0.00" noise="73.44" route="routetop" type="cfm-slow" waiting="0.00" lane="top_0" pos="29.87" speed="23.36" angle="220.75" x="8.34" y="104.22"/>
        <vehicle id="cfm-slow_2" eclass="HBEFA3/PC_G_EU4" CO2="13163.39" CO="199.77" HC="1.24" NOx="5.56" PMx="0.30" fuel="5.66" electricity="0.00" noise="74.46" route="routetop" type="cfm-slow" waiting="0.00" lane="top_0" pos="48.40" speed="24.60" angle="187.40" x="-4.84" y="67.21"/>
        <vehicle id="cfm-slow_3" eclass="HBEFA3/PC_G_EU4" CO2="13150.88" CO="204.17" HC="1.26" NOx="5.52" PMx="0.30" fuel="5.65" electricity="0.00" noise="74.75" route="routetop" type="cfm-slow" waiting="0.00" lane="left_0" pos="18.18" speed="25.95" angle="151.77" x="5.96" y="26.55"/>
        <vehicle id="cfm-slow_4" eclass="HBEFA3/PC_G_EU4" CO2="10294.10" CO="150.75" HC="0.94" NOx="4.15" PMx="0.23" fuel="4.42" electricity="0.00" noise="73.99" route="routetop" type="cfm-slow" waiting="0.00" lane="left_0" pos="39.33" speed="27.15" angle="113.73" x="41.04" y="-1.10"/>
        <vehicle id="cfm-slow_5" eclass="HBEFA3/PC_G_EU4" CO2="0.00" CO="0.00" HC="0.00" NOx="0.00" PMx="0.00" fuel="0.00" electricity="0.00" noise="72.62" route="routebottom" type="cfm-slow" waiting="0.00" lane="bottom_0" pos="11.65" speed="27.80" angle="73.47" x="88.27" y="-0.38"/>
    </timestep>
    <timestep time="6.41">
        <vehicle id="cfm-fast_0" eclass="HBEFA3/PC_G_EU4" CO2="0.00" CO="0.00" HC="0.00" NOx="0.00" PMx="0.00" fuel="0.00" electricity="0.00" noise="71.46" route="routebottom" type="cfm-fast" waiting="0.00" lane="bottom_0" pos="34.85" speed="27.51" angle="31.84" x="124.63" y="32.20"/>
        <vehicle id="cfm-fast_1" eclass="HBEFA3/PC_G_EU4" CO2="0.00" CO="0.00" HC="0.00" NOx="0.00" PMx="0.00" fuel="0.00" electricity="0.00" noise="70.47" route="routebottom" type="cfm-fast" waiting="0.00" lane="right_0" pos="3.40" speed="26.18" angle="358.39" x="131.87" y="71.07"/>
        <vehicle id="cfm-fast_2" eclass="HBEFA3/PC_G_EU4" CO2="0.00" CO="0.00" HC="0.00" NOx="0.00" PMx="0.00" fuel="0.00" electricity="0.00" noise="69.52" route="routebottom" type="cfm-fast" waiting="0.00" lane="right_0" pos="20.54" speed="24.29" angle="327.52" x="118.47" y="104.93"/>
        <vehicle id="cfm-fast_3" eclass="HBEFA3/PC_G_EU4" CO2="0.00" CO="0.00" HC="0.00" NOx="0.00" PMx="0.00" fuel="0.00" electricity="0.00" noise="69.29" route="routebottom" type="cfm-fast" waiting="0.00" lane="right_0" pos="35.73" speed="22.70" angle="300.25" x="93.43" y="125.48"/>
        <vehicle id="cfm-fast_4" eclass="HBEFA3/PC_G_EU4" CO2="360055.06" CO="9149.01" HC="50.80" NOx="168.24" PMx="10.14" fuel="154.77" electricity="0.00" noise="156.85" route="routebottom" type="cfm-fast" waiting="0.00" lane="bottom_1" pos="37.73" speed="87.01" angle="26.57" x="124.16" y="39.09"/>
        <vehicle id="cfm-fast_5" eclass="HBEFA3/PC_G_EU4" CO2="6228.92" CO="52.33" HC="0.39" NOx="2.34" PMx="0.11" fuel="2.68" electricity="0.00" noise="70.62" route="routebottom" type="cfm-fast" waiting="0.00" lane="right_0" pos="49.47" speed="21.99" angle="275.50" x="64.89" y="132.25"/>
        <vehicle id="cfm-slow_0" eclass="HBEFA3/PC_G_EU4" CO2="9556.13" CO="121.19" HC="0.79" NOx="3.91" PMx="0.20" fuel="4.11" electricity="0.00" noise="72.19" route="routetop" type="cfm-slow" waiting="0.00" lane="top_0" pos="12.58" speed="22.40" angle="251.79" x="37.21" y="126.96"/>
        <vehicle id="cfm-slow_1" eclass="HBEFA3/PC_G_EU4" CO2="11618.31" CO="165.06" HC="1.04" NOx="4.86" PMx="0.26" fuel="4.99" electricity="0.00" noise="73.45" route="routetop" type="cfm-slow" waiting="0.00" lane="top_0" pos="30.11" speed="23.38" angle="220.32" x="8.04" y="103.81"/>
        <vehicle id="cfm-slow_2" eclass="HBEFA3/PC_G_EU4" CO2="13161.81" CO="199.77" HC="1.24" NOx="5.56" PMx="0.30" fuel="5.66" electricity="0.00" noise="74.47" route="routetop" type="cfm-slow" waiting="0.00" lane="top_0" pos="48.64" speed="24.61" angle="186.94" x="-4.88" y="66.68"/>
        <vehicle id="cfm-slow_3" eclass="HBEFA3/PC_G_EU4" CO2="13122.75" CO="203.64" HC="1.25" NOx="5.51" PMx="0.30" fuel="5.64" electricity="0.00" noise="74.75" route="routetop" type="cfm-slow" waiting="0.00" lane="left_0" pos="18.44" speed="25.96" angle="151.28" x="6.27" y="26.08"/>
        <vehicle id="cfm-slow_4" eclass="HBEFA3/PC_G_EU4" CO2="10233.11" CO="149.54" HC="0.94" NOx="4.12" PMx="0.23" fuel="4.40" electricity="0.00" noise="73.98" route="routetop" type="cfm-slow" waiting="0.00" lane="left_0" pos="39.60" speed="27.16" angle="113.23" x="41.59" y="-1.30"/>
        <vehicle id="cfm-slow_5" eclass="HBEFA3/PC_G_EU4" CO2="0.00" CO="0.00" HC="0.00" NOx="0.00" PMx="0.00" fuel="0.00" electricity="0.00" noise="72.61" route="routebottom" type="cfm-slow" waiting="0.00" lane="bottom_0" pos="11.93" speed="27.80" angle="72.98" x="88.82" y="-0.16"/>
    </timestep>
    <timestep time="6.42">
        <vehicle id="cfm-fast_0" eclass="HBEFA3/PC_G_EU4" CO2="0.00" CO="0.00" HC="0.00" NOx="0.00" PMx="0.00" fuel="0.00" electricity="0.00" noise="71.45" route="routebottom" type="cfm-fast" waiting="0.00" lane="bottom_0" pos="35.12" speed="27.50" angle="31.34" x="124.89" y="32.73"/>
        <vehicle id="cfm-fast_1" eclass="HBEFA3/PC_G_EU4" CO2="0.00" CO="0.00" HC="0.00" NOx="0.00" PMx="0.00" fuel="0.00" electricity="0.00" noise="70.46" route="routebottom" type="cfm-fast" waiting="0.00" lane="right_0" pos="3.66" speed="26.17" angle="357.92" x="131.81" y="71.63"/>
        <vehicle id="cfm-fast_2" eclass="HBEFA3/PC_G_EU4" CO2="0.00" CO="0.00" HC="0.00" NOx="0.00" PMx="0.00" fuel="0.00" electricity="0.00" noise="69.52" route="routebottom" type="cfm-fast" waiting="0.00" lane="right_0" pos="20.78" speed="24.27" angle="327.08" x="118.15" y="105.35"/>
        <vehicle id="cfm-fast_3" eclass="HBEFA3/PC_G_EU4" CO2="0.00" CO="0.00" HC="0.00" NOx="0.00" PMx="0.00" fuel="0.00" electricity="0.00" noise="69.30" route="routebottom" type="cfm-fast" waiting="0.00" lane="right_0" pos="35.96" speed="22.69" angle="299.89" x="93.00" y="125.69"/>
        <vehicle id="cfm-fast_4" eclass="HBEFA3/PC_G_EU4" CO2="360708.51" CO="9169.98" HC="50.91" NOx="168.54" PMx="10.16" fuel="155.05" electricity="0.00" noise="156.92" route="routebottom" type="cfm-fast" waiting="0.00" lane="bottom_1" pos="38.60" speed="87.15" angle="25.02" x="124.81" y="40.75"/>
        <vehicle id="cfm-fast_5" eclass="HBEFA3/PC_G_EU4" CO2="6255.82" CO="52.89" HC="0.39" NOx="2.36" PMx="0.12" fuel="2.69" electricity="0.00" noise="70.63" route="routebottom" type="cfm-fast" waiting="0.00" lane="right_0" pos="49.69" speed="22.00" angle="275.08" x="64.42" y="132.26"/>
        <vehicle id="cfm-slow_0" eclass="HBEFA3/PC_G_EU4" CO2="9573.18" CO="121.55" HC="0.79" NOx="3.91" PMx="0.20" fuel="4.12" electricity="0.00" noise="72.20" route="routetop" type="cfm-slow" waiting="0.00" lane="top_0" pos="12.80" speed="22.41" angle="251.44" x="36.77" y="126.78"/>
        <vehicle id="cfm-slow_1" eclass="HBEFA3/PC_G_EU4" CO2="11630.81" CO="165.34" HC="1.04" NOx="4.86" PMx="0.26" fuel="5.00" electricity="0.00" noise="73.45" route="routetop" type="cfm-slow" waiting="0.00" lane="top_0" pos="30.34" speed="23.39" angle="219.89" x="7.75" y="103.41"/>
        <vehicle id="cfm-slow_2" eclass="HBEFA3/PC_G_EU4" CO2="13160.01" CO="199.78" HC="1.24" NOx="5.55" PMx="0.30" fuel="5.66" electricity="0.00" noise="74.47" route="routetop" type="cfm-slow" waiting="0.00" lane="top_0" pos="48.89" speed="24.62" angle="186.54" x="-4.90" y="66.15"/>
        <vehicle id="cfm-slow_3" eclass="HBEFA3/PC_G_EU4" CO2="13094.33" CO="203.10" HC="1.25" NOx="5.49" PMx="0.30" fuel="5.63" electricity="0.00" noise="74.74" route="routetop" type="cfm-slow" waiting="0.00" lane="left_0" pos="18.70" speed="25.97" angle="150.80" x="6.58" y="25.62"/>
        <vehicle id="cfm-slow_4" eclass="HBEFA3/PC_G_EU4" CO2="10171.94" CO="148.31" HC="0.93" NOx="4.09" PMx="0.23" fuel="4.37" electricity="0.00" noise="73.96" route="routetop" type="cfm-slow" waiting="0.00" lane="left_0" pos="39.87" speed="27.16" angle="112.79" x="42.14" y="-1.49"/>
        <vehicle id="cfm-slow_5" eclass="HBEFA3/PC_G_EU4" CO2="0.00" CO="0.00" HC="0.00" NOx="0.00" PMx="0.00" fuel="0.00" electricity="0.00" noise="72.59" route="routebottom" type="cfm-slow" waiting="0.00" lane="bottom_0" pos="12.21" speed="27.80" angle="72.48" x="89.38" y="0.07"/>
    </timestep>
    <timestep time="6.43">
        <vehicle id="cfm-fast_0" eclass="HBEFA3/PC_G_EU4" CO2="0.00" CO="0.00" HC="0.00" NOx="0.00" PMx="0.00" fuel="0.00" electricity="0.00" noise="71.44" route="routebottom" type="cfm-fast" waiting="0.00" lane="bottom_0" pos="35.40" speed="27.49" angle="30.84" x="125.16" y="33.25"/>
        <vehicle id="cfm-fast_1" eclass="HBEFA3/PC_G_EU4" CO2="0.00" CO="0.00" HC="0.00" NOx="0.00" PMx="0.00" fuel="0.00" electricity="0.00" noise="70.45" route="routebottom" type="cfm-fast" waiting="0.00" lane="right_0" pos="3.93" speed="26.15" angle="357.47" x="131.74" y="72.18"/>
        <vehicle id="cfm-fast_2" eclass="HBEFA3/PC_G_EU4" CO2="0.00" CO="0.00" HC="0.00" NOx="0.00" PMx="0.00" fuel="0.00" electricity="0.00" noise="69.51" route="routebottom" type="cfm-fast" waiting="0.00" lane="right_0" pos="21.02" speed="24.26" angle="326.64" x="117.82" y="105.76"/>
        <vehicle id="cfm-fast_3" eclass="HBEFA3/PC_G_EU4" CO2="0.00" CO="0.00" HC="0.00" NOx="0.00" PMx="0.00" fuel="0.00" electricity="0.00" noise="69.31" route="routebottom" type="cfm-fast" waiting="0.00" lane="right_0" pos="36.19" speed="22.69" angle="299.44" x="92.55" y="125.89"/>
        <vehicle id="cfm-fast_4" eclass="HBEFA3/PC_G_EU4" CO2="361362.25" CO="9190.97" HC="51.02" NOx="168.85" PMx="10.18" fuel="155.33" electricity="0.00" noise="156.99" route="routebottom" type="cfm-fast" waiting="0.00" lane="bottom_1" pos="39.47" speed="87.28" angle="23.45" x="125.42" y="42.44"/>
        <vehicle id="cfm-fast_5" eclass="HBEFA3/PC_G_EU4" CO2="6282.68" CO="53.45" HC="0.40" NOx="2.37" PMx="0.12" fuel="2.70" electricity="0.00" noise="70.64" route="routebottom" type="cfm-fast" waiting="0.00" lane="right_0" pos="49.91" speed="22.00" angle="274.67" x="63.94" y="132.27"/>
        <vehicle id="cfm-slow_0" eclass="HBEFA3/PC_G_EU4" CO2="9590.21" CO="121.91" HC="0.79" NOx="3.92" PMx="0.20" fuel="4.12" electricity="0.00" noise="72.21" route="routetop" type="cfm-slow" waiting="0.00" lane="top_0" pos="13.03" speed="22.42" angle="251.04" x="36.33" y="126.59"/>
        <vehicle id="cfm-slow_1" eclass="HBEFA3/PC_G_EU4" CO2="11643.20" CO="165.62" HC="1.04" NOx="4.87" PMx="0.26" fuel="5.00" electricity="0.00" noise="73.46" route="routetop" type="cfm-slow" waiting="0.00" lane="top_0" pos="30.57" speed="23.40" angle="219.45" x="7.46" y="103.00"/>
        <vehicle id="cfm-slow_2" eclass="HBEFA3/PC_G_EU4" CO2="13157.98" CO="199.78" HC="1.24" NOx="5.55" PMx="0.30" fuel="5.66" electricity="0.00" noise="74.47" route="routetop" type="cfm-slow" waiting="0.00" lane="top_0" pos="49.14" speed="24.64" angle="186.09" x="-4.91" y="65.62"/>
        <vehicle id="cfm-slow_3" eclass="HBEFA3/PC_G_EU4" CO2="13065.61" CO="202.56" HC="1.25" NOx="5.48" PMx="0.30" fuel="5.62" electricity="0.00" noise="74.73" route="routetop" type="cfm-slow" waiting="0.00" lane="left_0" pos="18.96" speed="25.99" angle="150.31" x="6.89" y="25.15"/>
        <vehicle id="cfm-slow_4" eclass="HBEFA3/PC_G_EU4" CO2="10110.62" CO="147.09" HC="0.92" NOx="4.06" PMx="0.23" fuel="4.35" electricity="0.00" noise="73.94" route="routetop" type="cfm-slow" waiting="0.00" lane="left_0" pos="40.14" speed="27.17" angle="112.28" x="42.70" y="-1.66"/>
        <vehicle id="cfm-slow_5" eclass="HBEFA3/PC_G_EU4" CO2="0.00" CO="0.00" HC="0.00" NOx="0.00" PMx="0.00" fuel="0.00" electricity="0.00" noise="72.58" route="routebottom" type="cfm-slow" waiting="0.00" lane="bottom_0" pos="12.49" speed="27.80" angle="71.98" x="89.93" y="0.29"/>
    </timestep>
    <timestep time="6.44">
        <vehicle id="cfm-fast_0" eclass="HBEFA3/PC_G_EU4" CO2="0.00" CO="0.00" HC="0.00" NOx="0.00" PMx="0.00" fuel="0.00" electricity="0.00" noise="71.43" route="routebottom" type="cfm-fast" waiting="0.00" lane="bottom_0" pos="35.67" speed="27.48" angle="30.34" x="125.42" y="33.78"/>
        <vehicle id="cfm-fast_1" eclass="HBEFA3/PC_G_EU4" CO2="0.00" CO="0.00" HC="0.00" NOx="0.00" PMx="0.00" fuel="0.00" electricity="0.00" noise="70.44" route="routebottom" type="cfm-fast" waiting="0.00" lane="right_0" pos="4.19" speed="26.13" angle="357.00" x="131.66" y="72.74"/>
        <vehicle id="cfm-fast_2" eclass="HBEFA3/PC_G_EU4" CO2="0.00" CO="0.00" HC="0.00" NOx="0.00" PMx="0.00" fuel="0.00" electricity="0.00" noise="69.51" route="routebottom" type="cfm-fast" waiting="0.00" lane="right_0" pos="21.27" speed="24.24" angle="326.20" x="117.50" y="106.17"/>
        <vehicle id="cfm-fast_3" eclass="HBEFA3/PC_G_EU4" CO2="0.00" CO="0.00" HC="0.00" NOx="0.00" PMx="0.00" fuel="0.00" electricity="0.00" noise="69.31" route="routebottom" type="cfm-fast" waiting="0.00" lane="right_0" pos="36.41" speed="22.68" angle="299.00" x="92.11" y="126.09"/>
        <vehicle id="cfm-fast_4" eclass="HBEFA3/PC_G_EU4" CO2="362016.28" CO="9211.98" HC="51.14" NOx="169.16" PMx="10.20" fuel="155.61" electricity="0.00" noise="157.05" route="routebottom" type="cfm-fast" waiting="0.00" lane="bottom_1" pos="40.35" speed="87.42" angle="21.91" x="125.98" y="44.14"/>
        <vehicle id="cfm-fast_5" eclass="HBEFA3/PC_G_EU4" CO2="6309.49" CO="54.00" HC="0.40" NOx="2.38" PMx="0.12" fuel="2.71" electricity="0.00" noise="70.65" route="routetop" type="cfm-fast" waiting="0.00" lane="top_0" pos="0.13" speed="22.01" angle="274.23" x="63.28" y="132.26"/>
        <vehicle id="cfm-slow_0" eclass="HBEFA3/PC_G_EU4" CO2="9607.23" CO="122.27" HC="0.79" NOx="3.93" PMx="0.20" fuel="4.13" electricity="0.00" noise="72.22" route="routetop" type="cfm-slow" waiting="0.00" lane="top_0" pos="13.25" speed="22.43" angle="250.63" x="35.88" y="126.39"/>
        <vehicle id="cfm-slow_1" eclass="HBEFA3/PC_G_EU4" CO2="11655.50" CO="165.90" HC="1.04" NOx="4.87" PMx="0.26" fuel="5.01" electricity="0.00" noise="73.47" route="routetop" type="cfm-slow" waiting="0.00" lane="top_0" pos="30.81" speed="23.41" angle="219.08" x="7.16" y="102.59"/>
        <vehicle id="cfm-slow_2" eclass="HBEFA3/PC_G_EU4" CO2="13155.74" CO="199.77" HC="1.24" NOx="5.55" PMx="0.30" fuel="5.66" electricity="0.00" noise="74.47" route="routetop" type="cfm-slow" waiting="0.00" lane="top_0" pos="49.38" speed="24.65" angle="185.64" x="-4.92" y="65.09"/>
        <vehicle id="cfm-slow_3" eclass="HBEFA3/PC_G_EU4" CO2="13036.61" CO="202.02" HC="1.25" NOx="5.47" PMx="0.30" fuel="5.60" electricity="0.00" noise="74.72" route="routetop" type="cfm-slow" waiting="0.00" lane="left_0" pos="19.22" speed="26.00" angle="149.89" x="7.20" y="24.69"/>
        <vehicle id="cfm-slow_4" eclass="HBEFA3/PC_G_EU4" CO2="10049.14" CO="145.86" HC="0.92" NOx="4.03" PMx="0.23" fuel="4.32" electricity="0.00" noise="73.92" route="routetop" type="cfm-slow" waiting="0.00" lane="left_0" pos="40.41" speed="27.18" angle="111.78" x="43.26" y="-1.83"/>
        <vehicle id="cfm-slow_5" eclass="HBEFA3/PC_G_EU4" CO2="0.00" CO="0.00" HC="0.00" NOx="0.00" PMx="0.00" fuel="0.00" electricity="0.00" noise="72.56" route="routebottom" type="cfm-slow" waiting="0.00" lane="bottom_0" pos="12.76" speed="27.79" angle="71.53" x="90.49" y="0.51"/>
    </timestep>
    <timestep time="6.45">
        <vehicle id="cfm-fast_0" eclass="HBEFA3/PC_G_EU4" CO2="0.00" CO="0.00" HC="0.00" NOx="0.00" PMx="0.00" fuel="0.00" electricity="0.00" noise="71.42" route="routebottom" type="cfm-fast" waiting="0.00" lane="bottom_1" pos="35.95" speed="27.46" angle="29.85" x="122.71" y="35.74"/>
        <vehicle id="cfm-fast_1" eclass="HBEFA3/PC_G_EU4" CO2="0.00" CO="0.00" HC="0.00" NOx="0.00" PMx="0.00" fuel="0.00" electricity="0.00" noise="70.43" route="routebottom" type="cfm-fast" waiting="0.00" lane="right_0" pos="4.45" speed="26.11" angle="356.52" x="131.58" y="73.30"/>
        <vehicle id="cfm-fast_2" eclass="HBEFA3/PC_G_EU4" CO2="0.00" CO="0.00" HC="0.00" NOx="0.00" PMx="0.00" fuel="0.00" electricity="0.00" noise="69.50" route="routebottom" type="cfm-fast" waiting="0.00" lane="right_0" pos="21.51" speed="24.23" angle="325.76" x="117.18" y="106.58"/>
        <vehicle id="cfm-fast_3" eclass="HBEFA3/PC_G_EU4" CO2="0.00" CO="0.00" HC="0.00" NOx="0.00" PMx="0.00" fuel="0.00" electricity="0.00" noise="69.32" route="routebottom" type="cfm-fast" waiting="0.00" lane="right_0" pos="36.64" speed="22.68" angle="298.56" x="91.66" y="126.29"/>
        <vehicle id="cfm-fast_4" eclass="HBEFA3/PC_G_EU4" CO2="362670.60" CO="9233.01" HC="51.25" NOx="169.46" PMx="10.22" fuel="155.89" electricity="0.00" noise="157.12" route="routebottom" type="cfm-fast" waiting="0.00" lane="bottom_1" pos="41.22" speed="87.56" angle="20.34" x="126.50" y="45.86"/>
        <vehicle id="cfm-fast_5" eclass="HBEFA3/PC_G_EU4" CO2="6336.27" CO="54.56" HC="0.40" NOx="2.39" PMx="0.12" fuel="2.72" electricity="0.00" noise="70.67" route="routetop" type="cfm-fast" waiting="0.00" lane="top_0" pos="0.35" speed="22.01" angle="273.83" x="62.81" y="132.26"/>
        <vehicle id="cfm-slow_0" eclass="HBEFA3/PC_G_EU4" CO2="9624.23" CO="122.63" HC="0.80" NOx="3.94" PMx="0.20" fuel="4.14" electricity="0.00" noise="72.23" route="routetop" type="cfm-slow" waiting="0.00" lane="top_0" pos="13.47" speed="22.44" angle="250.22" x="35.44" y="126.19"/>
        <vehicle id="cfm-slow_1" eclass="HBEFA3/PC_G_EU4" CO2="11667.68" CO="166.17" HC="1.05" NOx="4.88" PMx="0.26" fuel="5.02" electricity="0.00" noise="73.48" route="routetop" type="cfm-slow" waiting="0.00" lane="top_0" pos="31.04" speed="23.43" angle="218.66" x="6.89" y="102.17"/>
        <vehicle id="cfm-slow_2" eclass="HBEFA3/PC_G_EU4" CO2="13153.28" CO="199.76" HC="1.24" NOx="5.55" PMx="0.30" fuel="5.65" electricity="0.00" noise="74.47" route="routetop" type="cfm-slow" waiting="0.00" lane="top_0" pos="49.63" speed="24.67" angle="185.19" x="-4.93" y="64.56"/>
        <vehicle id="cfm-slow_3" eclass="HBEFA3/PC_G_EU4" CO2="13007.32" CO="201.47" HC="1.24" NOx="5.45" PMx="0.30" fuel="5.59" electricity="0.00" noise="74.71" route="routetop" type="cfm-slow" waiting="0.00" lane="left_0" pos="19.48" speed="26.01" angle="149.41" x="7.52" y="24.23"/>
        <vehicle id="cfm-slow_4" eclass="HBEFA3/PC_G_EU4" CO2="9987.51" CO="144.63" HC="0.91" NOx="4.00" PMx="0.23" fuel="4.29" electricity="0.00" noise="73.90" route="routetop" type="cfm-slow" waiting="0.00" lane="left_0" pos="40.69" speed="27.18" angle="111.27" x="43.82" y="-2.00"/>
        <vehicle id="cfm-slow_5" eclass="HBEFA3/PC_G_EU4" CO2="0.00" CO="0.00" HC="0.00" NOx="0.00" PMx="0.00" fuel="0.00" electricity="0.00" noise="72.55" route="routebottom" type="cfm-slow" waiting="0.00" lane="bottom_0" pos="13.04" speed="27.79" angle="71.03" x="91.04" y="0.75"/>
    </timestep>
    <timestep time="6.46">
        <vehicle id="cfm-fast_0" eclass="HBEFA3/PC_G_EU4" CO2="103132.14" CO="2064.48" HC="11.97" NOx="47.94" PMx="2.66" fuel="44.33" electricity="0.00" noise="128.19" route="routebottom" type="cfm-fast" waiting="0.00" lane="bottom_1" pos="36.22" speed="27.60" angle="29.32" x="122.94" y="36.26"/>
        <vehicle id="cfm-fast_1" eclass="HBEFA3/PC_G_EU4" CO2="0.00" CO="0.00" HC="0.00" NOx="0.00" PMx="0.00" fuel="0.00" electricity="0.00" noise="70.42" route="routebottom" type="cfm-fast" waiting="0.00" lane="right_0" pos="4.71" speed="26.10" angle="356.05" x="131.51" y="73.85"/>
        <vehicle id="cfm-fast_2" eclass="HBEFA3/PC_G_EU4" CO2="0.00" CO="0.00" HC="0.00" NOx="0.00" PMx="0.00" fuel="0.00" electricity="0.00" noise="69.50" route="routebottom" type="cfm-fast" waiting="0.00" lane="right_0" pos="21.75" speed="24.21" angle="325.35" x="116.86" y="106.99"/>
        <vehicle id="cfm-fast_3" eclass="HBEFA3/PC_G_EU4" CO2="0.00" CO="0.00" HC="0.00" NOx="0.00" PMx="0.00" fuel="0.00" electricity="0.00" noise="69.32" route="routebottom" type="cfm-fast" waiting="0.00" lane="right_0" pos="36.87" speed="22.67" angle="298.12" x="91.21" y="126.49"/>
        <vehicle id="cfm-fast_4" eclass="HBEFA3/PC_G_EU4" CO2="363325.22" CO="9254.06" HC="51.36" NOx="169.77" PMx="10.24" fuel="156.18" electricity="0.00" noise="157.18" route="routebottom" type="cfm-fast" waiting="0.00" lane="bottom_1" pos="42.10" speed="87.69" angle="18.70" x="126.96" y="47.60"/>
        <vehicle id="cfm-fast_5" eclass="HBEFA3/PC_G_EU4" CO2="6362.99" CO="55.11" HC="0.41" NOx="2.41" PMx="0.12" fuel="2.74" electricity="0.00" noise="70.68" route="routetop" type="cfm-fast" waiting="0.00" lane="top_0" pos="0.57" speed="22.02" angle="273.44" x="62.33" y="132.25"/>
        <vehicle id="cfm-slow_0" eclass="HBEFA3/PC_G_EU4" CO2="9641.21" CO="122.99" HC="0.80" NOx="3.94" PMx="0.20" fuel="4.14" electricity="0.00" noise="72.24" route="routetop" type="cfm-slow" waiting="0.00" lane="top_0" pos="13.70" speed="22.45" angle="249.81" x="35.00" y="126.00"/>
        <vehicle id="cfm-slow_1" eclass="HBEFA3/PC_G_EU4" CO2="11679.76" CO="166.45" HC="1.05" NOx="4.88" PMx="0.26" fuel="5.02" electricity="0.00" noise="73.49" route="routetop" type="cfm-slow" waiting="0.00" lane="top_0" pos="31.28" speed="23.44" angle="218.24" x="6.61" y="101.75"/>
        <vehicle id="cfm-slow_2" eclass="HBEFA3/PC_G_EU4" CO2="13150.60" CO="199.75" HC="1.24" NOx="5.55" PMx="0.30" fuel="5.65" electricity="0.00" noise="74.48" route="routetop" type="cfm-slow" waiting="0.00" lane="top_0" pos="49.88" speed="24.68" angle="184.74" x="-4.94" y="64.03"/>
        <vehicle id="cfm-slow_3" eclass="HBEFA3/PC_G_EU4" CO2="12977.73" CO="200.91" HC="1.24" NOx="5.44" PMx="0.30" fuel="5.58" electricity="0.00" noise="74.70" route="routetop" type="cfm-slow" waiting="0.00" lane="left_0" pos="19.74" speed="26.02" angle="148.92" x="7.85" y="23.78"/>
        <vehicle id="cfm-slow_4" eclass="HBEFA3/PC_G_EU4" CO2="9925.72" CO="143.39" HC="0.90" NOx="3.97" PMx="0.22" fuel="4.27" electricity="0.00" noise="73.89" route="routetop" type="cfm-slow" waiting="0.00" lane="left_0" pos="40.96" speed="27.19" angle="110.77" x="44.38" y="-2.18"/>
        <vehicle id="cfm-slow_5" eclass="HBEFA3/PC_G_EU4" CO2="104397.85" CO="2092.35" HC="12.13" NOx="48.53" PMx="2.69" fuel="44.88" electricity="0.00" noise="128.35" route="routebottom" type="cfm-slow" waiting="0.00" lane="bottom_0" pos="13.32" speed="27.93" angle="70.51" x="91.58" y="1.00"/>
    </timestep>
    <timestep time="6.47">
        <vehicle id="cfm-fast_0" eclass="HBEFA3/PC_G_EU4" CO2="103658.39" CO="2076.06" HC="12.03" NOx="48.19" PMx="2.67" fuel="44.56" electricity="0.00" noise="128.26" route="routebottom" type="cfm-fast" waiting="0.00" lane="bottom_1" pos="36.50" speed="27.74" angle="28.79" x="123.17" y="36.78"/>
        <vehicle id="cfm-fast_1" eclass="HBEFA3/PC_G_EU4" CO2="0.00" CO="0.00" HC="0.00" NOx="0.00" PMx="0.00" fuel="0.00" electricity="0.00" noise="70.41" route="routebottom" type="cfm-fast" waiting="0.00" lane="right_0" pos="4.97" speed="26.08" angle="355.58" x="131.43" y="74.41"/>
        <vehicle id="cfm-fast_2" eclass="HBEFA3/PC_G_EU4" CO2="0.00" CO="0.00" HC="0.00" NOx="0.00" PMx="0.00" fuel="0.00" electricity="0.00" noise="69.49" route="routebottom" type="cfm-fast" waiting="0.00" lane="right_0" pos="21.99" speed="24.20" angle="324.91" x="116.52" y="107.39"/>
        <vehicle id="cfm-fast_3" eclass="HBEFA3/PC_G_EU4" CO2="0.00" CO="0.00" HC="0.00" NOx="0.00" PMx="0.00" fuel="0.00" electricity="0.00" noise="69.33" route="routebottom" type="cfm-fast" waiting="0.00" lane="right_0" pos="37.09" speed="22.66" angle="297.70" x="90.77" y="126.69"/>
        <vehicle id="cfm-fast_4" eclass="HBEFA3/PC_G_EU4" CO2="363980.12" CO="9275.13" HC="51.47" NOx="170.08" PMx="10.26" fuel="156.46" electricity="0.00" noise="157.25" route="routebottom" type="cfm-fast" waiting="0.00" lane="bottom_1" pos="42.98" speed="87.83" angle="17.20" x="127.37" y="49.35"/>
        <vehicle id="cfm-fast_5" eclass="HBEFA3/PC_G_EU4" CO2="6389.68" CO="55.66" HC="0.41" NOx="2.42" PMx="0.12" fuel="2.75" electricity="0.00" noise="70.69" route="routetop" type="cfm-fast" waiting="0.00" lane="top_0" pos="0.79" speed="22.02" angle="273.04" x="61.86" y="132.24"/>
        <vehicle id="cfm-slow_0" eclass="HBEFA3/PC_G_EU4" CO2="9658.18" CO="123.35" HC="0.80" NOx="3.95" PMx="0.21" fuel="4.15" electricity="0.00" noise="72.26" route="routetop" type="cfm-slow" waiting="0.00" lane="top_0" pos="13.92" speed="22.46" angle="249.40" x="34.56" y="125.80"/>
        <vehicle id="cfm-slow_1" eclass="HBEFA3/PC_G_EU4" CO2="11691.73" CO="166.72" HC="1.05" NOx="4.89" PMx="0.26" fuel="5.03" electricity="0.00" noise="73.50" route="routetop" type="cfm-slow" waiting="0.00" lane="top_0" pos="31.51" speed="23.45" angle="217.81" x="6.33" y="101.33"/>
        <vehicle id="cfm-slow_2" eclass="HBEFA3/PC_G_EU4" CO2="13147.69" CO="199.73" HC="1.24" NOx="5.55" PMx="0.30" fuel="5.65" electricity="0.00" noise="74.48" route="routetop" type="cfm-slow" waiting="0.00" lane="left_0" pos="0.12" speed="24.69" angle="184.25" x="-4.94" y="63.30"/>
        <vehicle id="cfm-slow_3" eclass="HBEFA3/PC_G_EU4" CO2="12947.87" CO="200.34" HC="1.24" NOx="5.42" PMx="0.30" fuel="5.57" electricity="0.00" noise="74.69" route="routetop" type="cfm-slow" waiting="0.00" lane="left_0" pos="20.00" speed="26.04" angle="148.44" x="8.18" y="23.33"/>
        <vehicle id="cfm-slow_4" eclass="HBEFA3/PC_G_EU4" CO2="10764.76" CO="160.71" HC="1.00" NOx="4.37" PMx="0.25" fuel="4.63" electricity="0.00" noise="74.17" route="routetop" type="cfm-slow" waiting="0.00" lane="left_0" pos="41.23" speed="27.20" angle="110.31" x="44.94" y="-2.34"/>
        <vehicle id="cfm-slow_5" eclass="HBEFA3/PC_G_EU4" CO2="104924.81" CO="2103.98" HC="12.19" NOx="48.78" PMx="2.71" fuel="45.10" electricity="0.00" noise="128.42" route="routebottom" type="cfm-slow" waiting="0.00" lane="bottom_0" pos="13.60" speed="28.07" angle="69.99" x="92.13" y="1.25"/>
    </timestep>
    <timestep time="6.48">
        <vehicle id="cfm-fast_0" eclass="HBEFA3/PC_G_EU4" CO2="104184.94" CO="2087.66" HC="12.10" NOx="48.43" PMx="2.69" fuel="44.78" electricity="0.00" noise="128.32" route="routebottom" type="cfm-fast" waiting="0.00" lane="bottom_1" pos="36.78" speed="27.87" angle="28.26" x="123.41" y="37.30"/>
        <vehicle id="cfm-fast_1" eclass="HBEFA3/PC_G_EU4" CO2="0.00" CO="0.00" HC="0.00" NOx="0.00" PMx="0.00" fuel="0.00" electricity="0.00" noise="70.40" route="routebottom" type="cfm-fast" waiting="0.00" lane="right_0" pos="5.23" speed="26.06" angle="355.06" x="131.33" y="74.96"/>
        <vehicle id="cfm-fast_2" eclass="HBEFA3/PC_G_EU4" CO2="0.00" CO="0.00" HC="0.00" NOx="0.00" PMx="0.00" fuel="0.00" electricity="0.00" noise="69.49" route="routebottom" type="cfm-fast" waiting="0.00" lane="right_0" pos="22.23" speed="24.18" angle="324.45" x="116.19" y="107.78"/>
        <vehicle id="cfm-fast_3" eclass="HBEFA3/PC_G_EU4" CO2="0.00" CO="0.00" HC="0.00" NOx="0.00" PMx="0.00" fuel="0.00" electricity="0.00" noise="69.34" route="routebottom" type="cfm-fast" waiting="0.00" lane="right_0" pos="37.32" speed="22.66" angle="297.34" x="90.32" y="126.88"/>
        <vehicle id="cfm-fast_4" eclass="HBEFA3/PC_G_EU4" CO2="364635.32" CO="9296.23" HC="51.59" NOx="170.39" PMx="10.28" fuel="156.74" electricity="0.00" noise="157.32" route="routebottom" type="cfm-fast" waiting="0.00" lane="bottom_1" pos="43.86" speed="87.97" angle="15.65" x="127.75" y="51.11"/>
        <vehicle id="cfm-fast_5" eclass="HBEFA3/PC_G_EU4" CO2="6416.32" CO="56.22" HC="0.41" NOx="2.43" PMx="0.12" fuel="2.76" electricity="0.00" noise="70.70" route="routetop" type="cfm-fast" waiting="0.00" lane="top_0" pos="1.01" speed="22.03" angle="272.64" x="61.39" y="132.23"/>
        <vehicle id="cfm-slow_0" eclass="HBEFA3/PC_G_EU4" CO2="9675.12" CO="123.71" HC="0.80" NOx="3.96" PMx="0.21" fuel="4.16" electricity="0.00" noise="72.27" route="routetop" type="cfm-slow" waiting="0.00" lane="top_0" pos="14.15" speed="22.47" angle="249.04" x="34.12" y="125.60"/>
        <vehicle id="cfm-slow_1" eclass="HBEFA3/PC_G_EU4" CO2="11703.59" CO="166.99" HC="1.05" NOx="4.89" PMx="0.26" fuel="5.03" electricity="0.00" noise="73.51" route="routetop" type="cfm-slow" waiting="0.00" lane="top_0" pos="31.75" speed="23.46" angle="217.39" x="6.05" y="100.91"/>
        <vehicle id="cfm-slow_2" eclass="HBEFA3/PC_G_EU4" CO2="13144.56" CO="199.71" HC="1.24" NOx="5.55" PMx="0.30" fuel="5.65" electricity="0.00" noise="74.48" route="routetop" type="cfm-slow" waiting="0.00" lane="left_0" pos="0.37" speed="24.71" angle="183.81" x="-4.93" y="62.77"/>
        <vehicle id="cfm-slow_3" eclass="HBEFA3/PC_G_EU4" CO2="12925.64" CO="199.93" HC="1.23" NOx="5.41" PMx="0.30" fuel="5.56" electricity="0.00" noise="74.68" route="routetop" type="cfm-slow" waiting="0.00" lane="left_0" pos="20.26" speed="26.05" angle="147.96" x="8.51" y="22.87"/>
        <vehicle id="cfm-slow_4" eclass="HBEFA3/PC_G_EU4" CO2="11598.02" CO="177.91" HC="1.10" NOx="4.76" PMx="0.27" fuel="4.99" electricity="0.00" noise="74.47" route="routetop" type="cfm-slow" waiting="0.00" lane="left_0" pos="41.50" speed="27.21" angle="109.81" x="45.51" y="-2.49"/>
        <vehicle id="cfm-slow_5" eclass="HBEFA3/PC_G_EU4" CO2="105452.05" CO="2115.63" HC="12.26" NOx="49.02" PMx="2.72" fuel="45.33" electricity="0.00" noise="128.48" route="routebottom" type="cfm-slow" waiting="0.00" lane="bottom_0" pos="13.88" speed="28.20" angle="69.47" x="92.69" y="1.50"/>
    </timestep>
    <timestep time="6.49">
        <vehicle id="cfm-fast_0" eclass="HBEFA3/PC_G_EU4" CO2="104711.78" CO="2099.28" HC="12.17" NOx="48.68" PMx="2.70" fuel="45.01" electricity="0.00" noise="128.39" route="routebottom" type="cfm-fast" waiting="0.00" lane="bottom_1" pos="37.06" speed="28.01" angle="27.73" x="123.64" y="37.83"/>
        <vehicle id="cfm-fast_1" eclass="HBEFA3/PC_G_EU4" CO2="0.00" CO="0.00" HC="0.00" NOx="0.00" PMx="0.00" fuel="0.00" electricity="0.00" noise="70.40" route="routebottom" type="cfm-fast" waiting="0.00" lane="right_0" pos="5.49" speed="26.04" angle="354.57" x="131.23" y="75.51"/>
        <vehicle id="cfm-fast_2" eclass="HBEFA3/PC_G_EU4" CO2="0.00" CO="0.00" HC="0.00" NOx="0.00" PMx="0.00" fuel="0.00" electricity="0.00" noise="69.48" route="routebottom" type="cfm-fast" waiting="0.00" lane="right_0" pos="22.48" speed="24.17" angle="323.99" x="115.85" y="108.18"/>
        <vehicle id="cfm-fast_3" eclass="HBEFA3/PC_G_EU4" CO2="0.00" CO="0.00" HC="0.00" NOx="0.00" PMx="0.00" fuel="0.00" electricity="0.00" noise="69.34" route="routebottom" type="cfm-fast" waiting="0.00" lane="right_0" pos="37.55" speed="22.65" angle="296.93" x="89.87" y="127.06"/>
        <vehicle id="cfm-fast_4" eclass="HBEFA3/PC_G_EU4" CO2="365290.81" CO="9317.35" HC="51.70" NOx="170.70" PMx="10.30" fuel="157.02" electricity="0.00" noise="157.38" route="routebottom" type="cfm-fast" waiting="0.00" lane="bottom_1" pos="44.74" speed="88.10" angle="13.94" x="128.08" y="52.89"/>
        <vehicle id="cfm-fast_5" eclass="HBEFA3/PC_G_EU4" CO2="6442.92" CO="56.77" HC="0.42" NOx="2.44" PMx="0.12" fuel="2.77" electricity="0.00" noise="70.71" route="routetop" type="cfm-fast" waiting="0.00" lane="top_0" pos="1.24" speed="22.03" angle="272.26" x="60.91" y="132.22"/>
        <vehicle id="cfm-slow_0" eclass="HBEFA3/PC_G_EU4" CO2="9692.04" CO="124.07" HC="0.80" NOx="3.97" PMx="0.21" fuel="4.17" electricity="0.00" noise="72.28" route="routetop" type="cfm-slow" waiting="0.00" lane="top_0" pos="14.37" speed="22.48" angle="248.61" x="33.69" y="125.38"/>
        <vehicle id="cfm-slow_1" eclass="HBEFA3/PC_G_EU4" CO2="11715.35" CO="167.25" HC="1.05" NOx="4.90" PMx="0.26" fuel="5.04" electricity="0.00" noise="73.52" route="routetop" type="cfm-slow" waiting="0.00" lane="top_0" pos="31.98" speed="23.48" angle="216.99" x="5.77" y="100.49"/>
        <vehicle id="cfm-slow_2" eclass="HBEFA3/PC_G_EU4" CO2="13141.28" CO="199.68" HC="1.24" NOx="5.54" PMx="0.30" fuel="5.65" electricity="0.00" noise="74.48" route="routetop" type="cfm-slow" waiting="0.00" lane="left_0" pos="0.62" speed="24.72" angle="183.36" x="-4.92" y="62.24"/>
        <vehicle id="cfm-slow_3" eclass="HBEFA3/PC_G_EU4" CO2="12910.94" CO="199.68" HC="1.23" NOx="5.41" PMx="0.30" fuel="5.55" electricity="0.00" noise="74.68" route="routetop" type="cfm-slow" waiting="0.00" lane="left_0" pos="20.52" speed="26.06" angle="147.54" x="8.84" y="22.42"/>
        <vehicle id="cfm-slow_4" eclass="HBEFA3/PC_G_EU4" CO2="12425.63" CO="195.00" HC="1.20" NOx="5.15" PMx="0.29" fuel="5.34" electricity="0.00" noise="74.78" route="routetop" type="cfm-slow" waiting="0.00" lane="left_0" pos="41.77" speed="27.22" angle="109.30" x="46.07" y="-2.64"/>
        <vehicle id="cfm-slow_5" eclass="HBEFA3/PC_G_EU4" CO2="105979.59" CO="2127.30" HC="12.32" NOx="49.27" PMx="2.74" fuel="45.56" electricity="0.00" noise="128.55" route="routebottom" type="cfm-slow" waiting="0.00" lane="bottom_0" pos="14.17" speed="28.34" angle="69.00" x="93.24" y="1.75"/>
    </timestep>
    <timestep time="6.50">
        <vehicle id="cfm-fast_0" eclass="HBEFA3/PC_G_EU4" CO2="105238.91" CO="2110.92" HC="12.23" NOx="48.93" PMx="2.72" fuel="45.24" electricity="0.00" noise="128.45" route="routebottom" type="cfm-fast" waiting="0.00" lane="bottom_1" pos="37.34" speed="28.15" angle="27.27" x="123.86" y="38.36"/>
        <vehicle id="cfm-fast_1" eclass="HBEFA3/PC_G_EU4" CO2="0.00" CO="0.00" HC="0.00" NOx="0.00" PMx="0.00" fuel="0.00" electricity="0.00" noise="70.39" route="routebottom" type="cfm-fast" waiting="0.00" lane="right_0" pos="5.75" speed="26.03" angle="354.08" x="131.13" y="76.06"/>
        <vehicle id="cfm-fast_2" eclass="HBEFA3/PC_G_EU4" CO2="0.00" CO="0.00" HC="0.00" NOx="0.00" PMx="0.00" fuel="0.00" electricity="0.00" noise="69.48" route="routebottom" type="cfm-fast" waiting="0.00" lane="right_0" pos="22.72" speed="24.15" angle="323.53" x="115.52" y="108.58"/>
        <vehicle id="cfm-fast_3" eclass="HBEFA3/PC_G_EU4" CO2="0.00" CO="0.00" HC="0.00" NOx="0.00" PMx="0.00" fuel="0.00" electricity="0.00" noise="69.35" route="routebottom" type="cfm-fast" waiting="0.00" lane="right_0" pos="37.77" speed="22.65" angle="296.52" x="89.42" y="127.24"/>
        <vehicle id="cfm-fast_4" eclass="HBEFA3/PC_G_EU4" CO2="365946.60" CO="9338.48" HC="51.81" NOx="171.00" PMx="10.32" fuel="157.30" electricity="0.00" noise="157.45" route="routebottom" type="cfm-fast" waiting="0.00" lane="bottom_1" pos="45.62" speed="88.24" angle="12.38" x="128.34" y="54.68"/>
        <vehicle id="cfm-fast_5" eclass="HBEFA3/PC_G_EU4" CO2="6469.47" CO="57.32" HC="0.42" NOx="2.46" PMx="0.12" fuel="2.78" electricity="0.00" noise="70.73" route="routetop" type="cfm-fast" waiting="0.00" lane="top_0" pos="1.46" speed="22.04" angle="271.86" x="60.44" y="132.19"/>
        <vehicle id="cfm-slow_0" eclass="HBEFA3/PC_G_EU4" CO2="9708.94" CO="124.43" HC="0.81" NOx="3.98" PMx="0.21" fuel="4.17" electricity="0.00" noise="72.29" route="routetop" type="cfm-slow" waiting="0.00" lane="top_0" pos="14.60" speed="22.49" angle="248.18" x="33.26" y="125.16"/>
        <vehicle id="cfm-slow_1" eclass="HBEFA3/PC_G_EU4" CO2="11726.98" CO="167.52" HC="1.05" NOx="4.90" PMx="0.26" fuel="5.04" electricity="0.00" noise="73.53" route="routetop" type="cfm-slow" waiting="0.00" lane="top_0" pos="32.22" speed="23.49" angle="216.59" x="5.50" y="100.06"/>
        <vehicle id="cfm-slow_2" eclass="HBEFA3/PC_G_EU4" CO2="13137.90" CO="199.65" HC="1.24" NOx="5.54" PMx="0.30" fuel="5.65" electricity="0.00" noise="74.48" route="routetop" type="cfm-slow" waiting="0.00" lane="left_0" pos="0.87" speed="24.74" angle="182.91" x="-4.91" y="61.71"/>
        <vehicle id="cfm-slow_3" eclass="HBEFA3/PC_G_EU4" CO2="12903.66" CO="199.58" HC="1.23" NOx="5.40" PMx="0.30" fuel="5.55" electricity="0.00" noise="74.68" route="routetop" type="cfm-slow" waiting="0.00" lane="left_0" pos="20.78" speed="26.07" angle="147.06" x="9.18" y="21.98"/>
        <vehicle id="cfm-slow_4" eclass="HBEFA3/PC_G_EU4" CO2="13247.75" CO="211.99" HC="1.30" NOx="5.54" PMx="0.31" fuel="5.69" electricity="0.00" noise="75.11" route="routetop" type="cfm-slow" waiting="0.00" lane="left_0" pos="42.05" speed="27.23" angle="108.79" x="46.64" y="-2.79"/>
        <vehicle id="cfm-slow_5" eclass="HBEFA3/PC_G_EU4" CO2="106507.43" CO="2139.00" HC="12.39" NOx="49.52" PMx="2.75" fuel="45.78" electricity="0.00" noise="128.61" route="routebottom" type="cfm-slow" waiting="0.00" lane="bottom_0" pos="14.45" speed="28.47" angle="68.47" x="93.79" y="2.03"/>
    </timestep>
    <timestep time="6.51">
        <vehicle id="cfm-fast_0" eclass="HBEFA3/PC_G_EU4" CO2="105766.33" CO="2122.58" HC="12.30" NOx="49.17" PMx="2.73" fuel="45.46" electricity="0.00" noise="128.52" route="routebottom" type="cfm-fast" waiting="0.00" lane="bottom_1" pos="37.63" speed="28.28" angle="26.75" x="124.08" y="38.90"/>
        <vehicle id="cfm-fast_1" eclass="HBEFA3/PC_G_EU4" CO2="0.00" CO="0.00" HC="0.00" NOx="0.00" PMx="0.00" fuel="0.00" electricity="0.00" noise="70.38" route="routebottom" type="cfm-fast" waiting="0.00" lane="right_0" pos="6.01" speed="26.01" angle="353.60" x="131.03" y="76.61"/>
        <vehicle id="cfm-fast_2" eclass="HBEFA3/PC_G_EU4" CO2="0.00" CO="0.00" HC="0.00" NOx="0.00" PMx="0.00" fuel="0.00" electricity="0.00" noise="69.48" route="routebottom" type="cfm-fast" waiting="0.00" lane="right_0" pos="22.96" speed="24.14" angle="323.09" x="115.18" y="108.97"/>
        <vehicle id="cfm-fast_3" eclass="HBEFA3/PC_G_EU4" CO2="0.00" CO="0.00" HC="0.00" NOx="0.00" PMx="0.00" fuel="0.00" electricity="0.00" noise="69.36" route="routebottom" type="cfm-fast" waiting="0.00" lane="right_0" pos="38.00" speed="22.64" angle="296.11" x="88.96" y="127.42"/>
        <vehicle id="cfm-fast_4" eclass="HBEFA3/PC_G_EU4" CO2="366602.67" CO="9359.64" HC="51.93" NOx="171.31" PMx="10.34" fuel="157.58" electricity="0.00" noise="157.51" route="routebottom" type="cfm-fast" waiting="0.00" lane="bottom_1" pos="46.50" speed="88.38" angle="10.84" x="128.57" y="56.48"/>
        <vehicle id="cfm-fast_5" eclass="HBEFA3/PC_G_EU4" CO2="6495.98" CO="57.87" HC="0.42" NOx="2.47" PMx="0.12" fuel="2.79" electricity="0.00" noise="70.74" route="routetop" type="cfm-fast" waiting="0.00" lane="top_0" pos="1.68" speed="22.04" angle="271.47" x="59.97" y="132.17"/>
        <vehicle id="cfm-slow_0" eclass="HBEFA3/PC_G_EU4" CO2="9725.82" CO="124.79" HC="0.81" NOx="3.98" PMx="0.21" fuel="4.18" electricity="0.00" noise="72.30" route="routetop" type="cfm-slow" waiting="0.00" lane="top_0" pos="14.82" speed="22.50" angle="247.75" x="32.83" y="124.94"/>
        <vehicle id="cfm-slow_1" eclass="HBEFA3/PC_G_EU4" CO2="11738.51" CO="167.78" HC="1.05" NOx="4.91" PMx="0.26" fuel="5.05" electricity="0.00" noise="73.53" route="routetop" type="cfm-slow" waiting="0.00" lane="top_0" pos="32.45" speed="23.50" angle="216.14" x="5.24" y="99.62"/>
        <vehicle id="cfm-slow_2" eclass="HBEFA3/PC_G_EU4" CO2="13134.50" CO="199.62" HC="1.24" NOx="5.54" PMx="0.30" fuel="5.65" electricity="0.00" noise="74.48" route="routetop" type="cfm-slow" waiting="0.00" lane="left_0" pos="1.11" speed="24.75" angle="182.46" x="-4.90" y="61.18"/>
        <vehicle id="cfm-slow_3" eclass="HBEFA3/PC_G_EU4" CO2="12903.70" CO="199.63" HC="1.23" NOx="5.40" PMx="0.30" fuel="5.55" electricity="0.00" noise="74.68" route="routetop" type="cfm-slow" waiting="0.00" lane="left_0" pos="21.04" speed="26.09" angle="146.58" x="9.53" y="21.53"/>
        <vehicle id="cfm-slow_4" eclass="HBEFA3/PC_G_EU4" CO2="14064.50" CO="228.87" HC="1.39" NOx="5.92" PMx="0.33" fuel="6.05" electricity="0.00" noise="75.44" route="routetop" type="cfm-slow" waiting="0.00" lane="left_0" pos="42.32" speed="27.24" angle="108.34" x="47.20" y="-2.94"/>
        <vehicle id="cfm-slow_5" eclass="HBEFA3/PC_G_EU4" CO2="107035.55" CO="2150.71" HC="12.46" NOx="49.76" PMx="2.76" fuel="46.01" electricity="0.00" noise="128.68" route="routebottom" type="cfm-slow" waiting="0.00" lane="bottom_0" pos="14.74" speed="28.61" angle="67.94" x="94.34" y="2.30"/>
    </timestep>
    <timestep time="6.52">
        <vehicle id="cfm-fast_0" eclass="HBEFA3/PC_G_EU4" CO2="106294.04" CO="2134.27" HC="12.36" NOx="49.42" PMx="2.74" fuel="45.69" electricity="0.00" noise="128.58" route="routebottom" type="cfm-fast" waiting="0.00" lane="bottom_1" pos="37.91" speed="28.42" angle="26.23" x="124.29" y="39.44"/>
        <vehicle id="cfm-fast_1" eclass="HBEFA3/PC_G_EU4" CO2="0.00" CO="0.00" HC="0.00" NOx="0.00" PMx="0.00" fuel="0.00" electricity="0.00" noise="70.37" route="routebottom" type="cfm-fast" waiting="0.00" lane="right_0" pos="6.27" speed="25.99" angle="353.13" x="130.93" y="77.16"/>
        <vehicle id="cfm-fast_2" eclass="HBEFA3/PC_G_EU4" CO2="0.00" CO="0.00" HC="0.00" NOx="0.00" PMx="0.00" fuel="0.00" electricity="0.00" noise="69.47" route="routebottom" type="cfm-fast" waiting="0.00" lane="right_0" pos="23.20" speed="24.13" angle="322.71" x="114.83" y="109.36"/>
        <vehicle id="cfm-fast_3" eclass="HBEFA3/PC_G_EU4" CO2="0.00" CO="0.00" HC="0.00" NOx="0.00" PMx="0.00" fuel="0.00" electricity="0.00" noise="69.37" route="routebottom" type="cfm-fast" waiting="0.00" lane="right_0" pos="38.22" speed="22.64" angle="295.71" x="88.51" y="127.60"/>
        <vehicle id="cfm-fast_4" eclass="HBEFA3/PC_G_EU4" CO2="367259.04" CO="9380.83" HC="52.04" NOx="171.62" PMx="10.36" fuel="157.87" electricity="0.00" noise="157.58" route="routebottom" type="cfm-fast" waiting="0.00" lane="bottom_1" pos="47.39" speed="88.51" angle="9.29" x="128.76" y="58.28"/>
        <vehicle id="cfm-fast_5" eclass="HBEFA3/PC_G_EU4" CO2="6522.44" CO="58.42" HC="0.43" NOx="2.48" PMx="0.12" fuel="2.80" electricity="0.00" noise="70.75" route="routetop" type="cfm-fast" waiting="0.00" lane="top_0" pos="1.90" speed="22.05" angle="271.07" x="59.49" y="132.14"/>
        <vehicle id="cfm-slow_0" eclass="HBEFA3/PC_G_EU4" CO2="9742.67" CO="125.15" HC="0.81" NOx="3.99" PMx="0.21" fuel="4.19" electricity="0.00" noise="72.31" route="routetop" type="cfm-slow" waiting="0.00" lane="top_0" pos="15.05" speed="22.51" angle="247.32" x="32.39" y="124.72"/>
        <vehicle id="cfm-slow_1" eclass="HBEFA3/PC_G_EU4" CO2="11749.93" CO="168.04" HC="1.06" NOx="4.91" PMx="0.26" fuel="5.05" electricity="0.00" noise="73.54" route="routetop" type="cfm-slow" waiting="0.00" lane="top_0" pos="32.69" speed="23.52" angle="215.70" x="4.98" y="99.19"/>
        <vehicle id="cfm-slow_2" eclass="HBEFA3/PC_G_EU4" CO2="13131.14" CO="199.59" HC="1.24" NOx="5.54" PMx="0.30" fuel="5.64" electricity="0.00" noise="74.48" route="routetop" type="cfm-slow" waiting="0.00" lane="left_0" pos="1.36" speed="24.76" angle="182.03" x="-4.87" y="60.64"/>
        <vehicle id="cfm-slow_3" eclass="HBEFA3/PC_G_EU4" CO2="12910.96" CO="199.83" HC="1.23" NOx="5.40" PMx="0.30" fuel="5.55" electricity="0.00" noise="74.69" route="routetop" type="cfm-slow" waiting="0.00" lane="left_0" pos="21.30" speed="26.10" angle="146.10" x="9.87" y="21.09"/>
        <vehicle id="cfm-slow_4" eclass="HBEFA3/PC_G_EU4" CO2="14876.04" CO="245.65" HC="1.49" NOx="6.31" PMx="0.35" fuel="6.39" electricity="0.00" noise="75.79" route="routetop" type="cfm-slow" waiting="0.00" lane="left_0" pos="42.59" speed="27.26" angle="107.86" x="47.78" y="-3.07"/>
        <vehicle id="cfm-slow_5" eclass="HBEFA3/PC_G_EU4" CO2="107563.97" CO="2162.45" HC="12.52" NOx="50.01" PMx="2.78" fuel="46.24" electricity="0.00" noise="128.74" route="routebottom" type="cfm-slow" waiting="0.00" lane="bottom_0" pos="15.03" speed="28.75" angle="67.40" x="94.89" y="2.58"/>
    </timestep>
    <timestep time="6.53">
        <vehicle id="cfm-fast_0" eclass="HBEFA3/PC_G_EU4" CO2="106822.05" CO="2145.97" HC="12.43" NOx="49.66" PMx="2.76" fuel="45.92" electricity="0.00" noise="128.65" route="routebottom" type="cfm-fast" waiting="0.00" lane="bottom_1" pos="38.19" speed="28.56" angle="25.71" x="124.51" y="39.98"/>
        <vehicle id="cfm-fast_1" eclass="HBEFA3/PC_G_EU4" CO2="0.00" CO="0.00" HC="0.00" NOx="0.00" PMx="0.00" fuel="0.00" electricity="0.00" noise="70.36" route="routebottom" type="cfm-fast" waiting="0.00" lane="right_0" pos="6.53" speed="25.97" angle="352.69" x="130.82" y="77.71"/>
        <vehicle id="cfm-fast_2" eclass="HBEFA3/PC_G_EU4" CO2="0.00" CO="0.00" HC="0.00" NOx="0.00" PMx="0.00" fuel="0.00" electricity="0.00" noise="69.47" route="routebottom" type="cfm-fast" waiting="0.00" lane="right_0" pos="23.44" speed="24.11" angle="322.28" x="114.48" y="109.74"/>
        <vehicle id="cfm-fast_3" eclass="HBEFA3/PC_G_EU4" CO2="0.00" CO="0.00" HC="0.00" NOx="0.00" PMx="0.00" fuel="0.00" electricity="0.00" noise="69.37" route="routebottom" type="cfm-fast" waiting="0.00" lane="right_0" pos="38.45" speed="22.63" angle="295.33" x="88.06" y="127.78"/>
        <vehicle id="cfm-fast_4" eclass="HBEFA3/PC_G_EU4" CO2="367915.70" CO="9402.03" HC="52.15" NOx="171.93" PMx="10.38" fuel="158.15" electricity="0.00" noise="157.65" route="routebottom" type="cfm-fast" waiting="0.00" lane="bottom_1" pos="48.28" speed="88.65" angle="7.61" x="128.87" y="60.10"/>
        <vehicle id="cfm-fast_5" eclass="HBEFA3/PC_G_EU4" CO2="6548.86" CO="58.96" HC="0.43" NOx="2.49" PMx="0.12" fuel="2.82" electricity="0.00" noise="70.76" route="routetop" type="cfm-fast" waiting="0.00" lane="top_0" pos="2.12" speed="22.05" angle="270.68" x="59.02" y="132.11"/>
        <vehicle id="cfm-slow_0" eclass="HBEFA3/PC_G_EU4" CO2="9759.50" CO="125.51" HC="0.81" NOx="4.00" PMx="0.21" fuel="4.20" electricity="0.00" noise="72.32" route="routetop" type="cfm-slow" waiting="0.00" lane="top_0" pos="15.27" speed="22.52" angle="246.92" x="31.96" y="124.51"/>
        <vehicle id="cfm-slow_1" eclass="HBEFA3/PC_G_EU4" CO2="11761.23" CO="168.30" HC="1.06" NOx="4.92" PMx="0.26" fuel="5.06" electricity="0.00" noise="73.55" route="routetop" type="cfm-slow" waiting="0.00" lane="top_0" pos="32.92" speed="23.53" angle="215.25" x="4.72" y="98.76"/>
        <vehicle id="cfm-slow_2" eclass="HBEFA3/PC_G_EU4" CO2="13127.89" CO="199.57" HC="1.23" NOx="5.54" PMx="0.30" fuel="5.64" electricity="0.00" noise="74.48" route="routetop" type="cfm-slow" waiting="0.00" lane="left_0" pos="1.61" speed="24.78" angle="181.59" x="-4.84" y="60.11"/>
        <vehicle id="cfm-slow_3" eclass="HBEFA3/PC_G_EU4" CO2="12925.32" CO="200.18" HC="1.23" NOx="5.41" PMx="0.30" fuel="5.56" electricity="0.00" noise="74.70" route="routetop" type="cfm-slow" waiting="0.00" lane="left_0" pos="21.57" speed="26.11" angle="145.62" x="10.22" y="20.65"/>
        <vehicle id="cfm-slow_4" eclass="HBEFA3/PC_G_EU4" CO2="15682.48" CO="262.33" HC="1.59" NOx="6.69" PMx="0.37" fuel="6.74" electricity="0.00" noise="76.14" route="routetop" type="cfm-slow" waiting="0.00" lane="left_0" pos="42.86" speed="27.27" angle="107.38" x="48.35" y="-3.20"/>
        <vehicle id="cfm-slow_5" eclass="HBEFA3/PC_G_EU4" CO2="106319.40" CO="2137.68" HC="12.38" NOx="49.42" PMx="2.75" fuel="45.70" electricity="0.00" noise="127.77" route="routebottom" type="cfm-slow" waiting="0.00" lane="bottom_0" pos="15.31" speed="28.88" angle="66.90" x="95.45" y="2.86"/>
    </timestep>
    <timestep time="6.54">
        <vehicle id="cfm-fast_0" eclass="HBEFA3/PC_G_EU4" CO2="107350.35" CO="2157.70" HC="12.50" NOx="49.91" PMx="2.77" fuel="46.14" electricity="0.00" noise="128.71" route="routebottom" type="cfm-fast" waiting="0.00" lane="bottom_1" pos="38.48" speed="28.69" angle="25.23" x="124.73" y="40.53"/>
        <vehicle id="cfm-fast_1" eclass="HBEFA3/PC_G_EU4" CO2="0.00" CO="0.00" HC="0.00" NOx="0.00" PMx="0.00" fuel="0.00" electricity="0.00" noise="70.35" route="routebottom" type="cfm-fast" waiting="0.00" lane="right_0" pos="6.79" speed="25.96" angle="352.20" x="130.69" y="78.25"/>
        <vehicle id="cfm-fast_2" eclass="HBEFA3/PC_G_EU4" CO2="0.00" CO="0.00" HC="0.00" NOx="0.00" PMx="0.00" fuel="0.00" electricity="0.00" noise="69.46" route="routebottom" type="cfm-fast" waiting="0.00" lane="right_0" pos="23.68" speed="24.10" angle="321.84" x="114.13" y="110.12"/>
        <vehicle id="cfm-fast_3" eclass="HBEFA3/PC_G_EU4" CO2="0.00" CO="0.00" HC="0.00" NOx="0.00" PMx="0.00" fuel="0.00" electricity="0.00" noise="69.38" route="routebottom" type="cfm-fast" waiting="0.00" lane="right_0" pos="38.68" speed="22.63" angle="294.94" x="87.60" y="127.95"/>
        <vehicle id="cfm-fast_4" eclass="HBEFA3/PC_G_EU4" CO2="368572.65" CO="9423.25" HC="52.27" NOx="172.24" PMx="10.40" fuel="158.43" electricity="0.00" noise="157.71" route="routebottom" type="cfm-fast" waiting="0.00" lane="bottom_1" pos="49.16" speed="88.78" angle="6.01" x="128.94" y="61.91"/>
        <vehicle id="cfm-fast_5" eclass="HBEFA3/PC_G_EU4" CO2="6575.24" CO="59.51" HC="0.43" NOx="2.51" PMx="0.12" fuel="2.83" electricity="0.00" noise="70.78" route="routetop" type="cfm-fast" waiting="0.00" lane="top_0" pos="2.34" speed="22.06" angle="270.28" x="58.55" y="132.08"/>
        <vehicle id="cfm-slow_0" eclass="HBEFA3/PC_G_EU4" CO2="9776.30" CO="125.87" HC="0.81" NOx="4.01" PMx="0.21" fuel="4.20" electricity="0.00" noise="72.33" route="routetop" type="cfm-slow" waiting="0.00" lane="top_0" pos="15.50" speed="22.53" angle="246.55" x="31.53" y="124.28"/>
        <vehicle id="cfm-slow_1" eclass="HBEFA3/PC_G_EU4" CO2="11772.43" CO="168.56" HC="1.06" NOx="4.92" PMx="0.26" fuel="5.06" electricity="0.00" noise="73.56" route="routetop" type="cfm-slow" waiting="0.00" lane="top_0" pos="33.16" speed="23.54" angle="214.81" x="4.46" y="98.32"/>
        <vehicle id="cfm-slow_2" eclass="HBEFA3/PC_G_EU4" CO2="13124.80" CO="199.55" HC="1.23" NOx="5.53" PMx="0.30" fuel="5.64" electricity="0.00" noise="74.49" route="routetop" type="cfm-slow" waiting="0.00" lane="left_0" pos="1.86" speed="24.79" angle="181.14" x="-4.81" y="59.58"/>
        <vehicle id="cfm-slow_3" eclass="HBEFA3/PC_G_EU4" CO2="12946.69" CO="200.67" HC="1.24" NOx="5.42" PMx="0.30" fuel="5.57" electricity="0.00" noise="74.71" route="routetop" type="cfm-slow" waiting="0.00" lane="left_0" pos="21.83" speed="26.12" angle="145.20" x="10.57" y="20.21"/>
        <vehicle id="cfm-slow_4" eclass="HBEFA3/PC_G_EU4" CO2="16468.65" CO="278.60" HC="1.68" NOx="7.06" PMx="0.39" fuel="7.08" electricity="0.00" noise="76.50" route="routetop" type="cfm-slow" waiting="0.00" lane="left_0" pos="43.14" speed="27.29" angle="106.89" x="48.92" y="-3.34"/>
        <vehicle id="cfm-slow_5" eclass="HBEFA3/PC_G_EU4" CO2="104657.06" CO="2104.31" HC="12.19" NOx="48.63" PMx="2.70" fuel="44.99" electricity="0.00" noise="126.58" route="routebottom" type="cfm-slow" waiting="0.00" lane="bottom_0" pos="15.60" speed="29.01" angle="66.39" x="96.00" y="3.15"/>
    </timestep>
    <timestep time="6.55">
        <vehicle id="cfm-fast_0" eclass="HBEFA3/PC_G_EU4" CO2="107878.94" CO="2169.45" HC="12.56" NOx="50.16" PMx="2.79" fuel="46.37" electricity="0.00" noise="128.78" route="routebottom" type="cfm-fast" waiting="0.00" lane="bottom_1" pos="38.77" speed="28.83" angle="24.71" x="124.93" y="41.08"/>
        <vehicle id="cfm-fast_1" eclass="HBEFA3/PC_G_EU4" CO2="0.00" CO="0.00" HC="0.00" NOx="0.00" PMx="0.00" fuel="0.00" electricity="0.00" noise="70.34" route="routebottom" type="cfm-fast" waiting="0.00" lane="right_0" pos="7.05" speed="25.94" angle="351.72" x="130.57" y="78.80"/>
        <vehicle id="cfm-fast_2" eclass="HBEFA3/PC_G_EU4" CO2="0.00" CO="0.00" HC="0.00" NOx="0.00" PMx="0.00" fuel="0.00" electricity="0.00" noise="69.46" route="routebottom" type="cfm-fast" waiting="0.00" lane="right_0" pos="23.92" speed="24.08" angle="321.41" x="113.78" y="110.50"/>
        <vehicle id="cfm-fast_3" eclass="HBEFA3/PC_G_EU4" CO2="0.00" CO="0.00" HC="0.00" NOx="0.00" PMx="0.00" fuel="0.00" electricity="0.00" noise="69.39" route="routebottom" type="cfm-fast" waiting="0.00" lane="right_0" pos="38.90" speed="22.62" angle="294.53" x="87.14" y="128.12"/>
        <vehicle id="cfm-fast_4" eclass="HBEFA3/PC_G_EU4" CO2="369229.89" CO="9444.50" HC="52.38" NOx="172.55" PMx="10.43" fuel="158.71" electricity="0.00" noise="157.78" route="routebottom" type="cfm-fast" waiting="0.00" lane="right_1" pos="0.05" speed="88.92" angle="4.40" x="128.97" y="63.80"/>
        <vehicle id="cfm-fast_5" eclass="HBEFA3/PC_G_EU4" CO2="6601.57" CO="60.06" HC="0.44" NOx="2.52" PMx="0.12" fuel="2.84" electricity="0.00" noise="70.79" route="routetop" type="cfm-fast" waiting="0.00" lane="top_0" pos="2.56" speed="22.06" angle="269.91" x="58.07" y="132.05"/>
        <vehicle id="cfm-slow_0" eclass="HBEFA3/PC_G_EU4" CO2="9793.07" CO="126.22" HC="0.82" NOx="4.01" PMx="0.21" fuel="4.21" electricity="0.00" noise="72.34" route="routetop" type="cfm-slow" waiting="0.00" lane="top_0" pos="15.72" speed="22.54" angle="246.15" x="31.11" y="124.05"/>
        <vehicle id="cfm-slow_1" eclass="HBEFA3/PC_G_EU4" CO2="11783.52" CO="168.81" HC="1.06" NOx="4.93" PMx="0.26" fuel="5.07" electricity="0.00" noise="73.57" route="routetop" type="cfm-slow" waiting="0.00" lane="top_0" pos="33.39" speed="23.55" angle="214.43" x="4.20" y="97.89"/>
        <vehicle id="cfm-slow_2" eclass="HBEFA3/PC_G_EU4" CO2="13121.93" CO="199.53" HC="1.23" NOx="5.53" PMx="0.30" fuel="5.64" electricity="0.00" noise="74.49" route="routetop" type="cfm-slow" waiting="0.00" lane="left_0" pos="2.10" speed="24.81" angle="180.70" x="-4.78" y="59.05"/>
        <vehicle id="cfm-slow_3" eclass="HBEFA3/PC_G_EU4" CO2="12974.83" CO="201.30" HC="1.24" NOx="5.43" PMx="0.30" fuel="5.58" electricity="0.00" noise="74.72" route="routetop" type="cfm-slow" waiting="0.00" lane="left_0" pos="22.09" speed="26.14" angle="144.71" x="10.93" y="19.78"/>
        <vehicle id="cfm-slow_4" eclass="HBEFA3/PC_G_EU4" CO2="17231.36" CO="294.39" HC="1.77" NOx="7.42" PMx="0.41" fuel="7.41" electricity="0.00" noise="76.85" route="routetop" type="cfm-slow" waiting="0.00" lane="left_0" pos="43.41" speed="27.31" angle="106.41" x="49.49" y="-3.47"/>
        <vehicle id="cfm-slow_5" eclass="HBEFA3/PC_G_EU4" CO2="102994.44" CO="2070.93" HC="11.99" NOx="47.84" PMx="2.66" fuel="44.27" electricity="0.00" noise="125.40" route="routebottom" type="cfm-slow" waiting="0.00" lane="bottom_0" pos="15.90" speed="29.14" angle="65.86" x="96.55" y="3.46"/>
    </timestep>
    <timestep time="6.56">
        <vehicle id="cfm-fast_0" eclass="HBEFA3/PC_G_EU4" CO2="108407.82" CO="2181.22" HC="12.63" NOx="50.40" PMx="2.80" fuel="46.60" electricity="0.00" noise="128.84" route="routebottom" type="cfm-fast" waiting="0.00" lane="bottom_1" pos="39.06" speed="28.96" angle="24.19" x="125.13" y="41.64"/>
        <vehicle id="cfm-fast_1" eclass="HBEFA3/PC_G_EU4" CO2="0.00" CO="0.00" HC="0.00" NOx="0.00" PMx="0.00" fuel="0.00" electricity="0.00" noise="70.33" route="routebottom" type="cfm-fast" waiting="0.00" lane="right_0" pos="7.31" speed="25.92" angle="351.23" x="130.45" y="79.34"/>
        <vehicle id="cfm-fast_2" eclass="HBEFA3/PC_G_EU4" CO2="0.00" CO="0.00" HC="0.00" NOx="0.00" PMx="0.00" fuel="0.00" electricity="0.00" noise="69.46" route="routebottom" type="cfm-fast" waiting="0.00" lane="right_0" pos="24.16" speed="24.07" angle="320.98" x="113.43" y="110.88"/>
        <vehicle id="cfm-fast_3" eclass="HBEFA3/PC_G_EU4" CO2="0.00" CO="0.00" HC="0.00" NOx="0.00" PMx="0.00" fuel="0.00" electricity="0.00" noise="69.39" route="routebottom" type="cfm-fast" waiting="0.00" lane="right_0" pos="39.13" speed="22.62" angle="294.12" x="86.69" y="128.28"/>
        <vehicle id="cfm-fast_4" eclass="HBEFA3/PC_G_EU4" CO2="369887.43" CO="9465.77" HC="52.49" NOx="172.86" PMx="10.45" fuel="159.00" electricity="0.00" noise="157.84" route="routebottom" type="cfm-fast" waiting="0.00" lane="right_1" pos="0.94" speed="89.06" angle="2.77" x="128.93" y="65.62"/>
        <vehicle id="cfm-fast_5" eclass="HBEFA3/PC_G_EU4" CO2="6627.85" CO="60.60" HC="0.44" NOx="2.53" PMx="0.13" fuel="2.85" electricity="0.00" noise="70.80" route="routetop" type="cfm-fast" waiting="0.00" lane="top_0" pos="2.78" speed="22.07" angle="269.51" x="57.60" y="132.00"/>
        <vehicle id="cfm-slow_0" eclass="HBEFA3/PC_G_EU4" CO2="9809.82" CO="126.58" HC="0.82" NOx="4.02" PMx="0.21" fuel="4.22" electricity="0.00" noise="72.35" route="routetop" type="cfm-slow" waiting="0.00" lane="top_0" pos="15.95" speed="22.55" angle="245.74" x="30.68" y="123.81"/>
        <vehicle id="cfm-slow_1" eclass="HBEFA3/PC_G_EU4" CO2="11794.51" CO="169.06" HC="1.06" NOx="4.93" PMx="0.26" fuel="5.07" electricity="0.00" noise="73.58" route="routetop" type="cfm-slow" waiting="0.00" lane="top_0" pos="33.63" speed="23.57" angle="214.00" x="3.95" y="97.44"/>
        <vehicle id="cfm-slow_2" eclass="HBEFA3/PC_G_EU4" CO2="13119.34" CO="199.52" HC="1.23" NOx="5.53" PMx="0.30" fuel="5.64" electricity="0.00" noise="74.49" route="routetop" type="cfm-slow" waiting="0.00" lane="left_0" pos="2.35" speed="24.82" angle="180.25" x="-4.75" y="58.51"/>
        <vehicle id="cfm-slow_3" eclass="HBEFA3/PC_G_EU4" CO2="13009.48" CO="202.07" HC="1.24" NOx="5.45" PMx="0.30" fuel="5.59" electricity="0.00" noise="74.74" route="routetop" type="cfm-slow" waiting="0.00" lane="left_0" pos="22.35" speed="26.15" angle="144.22" x="11.30" y="19.35"/>
        <vehicle id="cfm-slow_4" eclass="HBEFA3/PC_G_EU4" CO2="17971.09" CO="309.71" HC="1.86" NOx="7.76" PMx="0.43" fuel="7.72" electricity="0.00" noise="77.21" route="routetop" type="cfm-slow" waiting="0.00" lane="left_0" pos="43.68" speed="27.33" angle="105.98" x="50.07" y="-3.59"/>
        <vehicle id="cfm-slow_5" eclass="HBEFA3/PC_G_EU4" CO2="101332.32" CO="2037.56" HC="11.80" NOx="47.06" PMx="2.62" fuel="43.56" electricity="0.00" noise="124.23" route="routebottom" type="cfm-slow" waiting="0.00" lane="bottom_0" pos="16.19" speed="29.27" angle="65.32" x="97.10" y="3.76"/>
    </timestep>
    <timestep time="6.57">
        <vehicle id="cfm-fast_0" eclass="HBEFA3/PC_G_EU4" CO2="108936.99" CO="2193.02" HC="12.70" NOx="50.65" PMx="2.82" fuel="46.83" electricity="0.00" noise="128.91" route="routebottom" type="cfm-fast" waiting="0.00" lane="bottom_1" pos="39.35" speed="29.10" angle="23.67" x="125.34" y="42.20"/>
        <vehicle id="cfm-fast_1" eclass="HBEFA3/PC_G_EU4" CO2="0.00" CO="0.00" HC="0.00" NOx="0.00" PMx="0.00" fuel="0.00" electricity="0.00" noise="70.33" route="routebottom" type="cfm-fast" waiting="0.00" lane="right_0" pos="7.57" speed="25.90" angle="350.77" x="130.33" y="79.89"/>
        <vehicle id="cfm-fast_2" eclass="HBEFA3/PC_G_EU4" CO2="0.00" CO="0.00" HC="0.00" NOx="0.00" PMx="0.00" fuel="0.00" electricity="0.00" noise="69.45" route="routebottom" type="cfm-fast" waiting="0.00" lane="right_0" pos="24.40" speed="24.05" angle="320.59" x="113.07" y="111.26"/>
        <vehicle id="cfm-fast_3" eclass="HBEFA3/PC_G_EU4" CO2="0.00" CO="0.00" HC="0.00" NOx="0.00" PMx="0.00" fuel="0.00" electricity="0.00" noise="69.40" route="routebottom" type="cfm-fast" waiting="0.00" lane="right_0" pos="39.36" speed="22.61" angle="293.71" x="86.23" y="128.45"/>
        <vehicle id="cfm-fast_4" eclass="HBEFA3/PC_G_EU4" CO2="370545.26" CO="9487.06" HC="52.61" NOx="173.17" PMx="10.47" fuel="159.28" electricity="0.00" noise="157.91" route="routebottom" type="cfm-fast" waiting="0.00" lane="right_1" pos="1.83" speed="89.19" angle="1.19" x="128.85" y="67.45"/>
        <vehicle id="cfm-fast_5" eclass="HBEFA3/PC_G_EU4" CO2="6654.09" CO="61.15" HC="0.44" NOx="2.54" PMx="0.13" fuel="2.86" electricity="0.00" noise="70.81" route="routetop" type="cfm-fast" waiting="0.00" lane="top_0" pos="3.00" speed="22.07" angle="269.12" x="57.13" y="131.96"/>
        <vehicle id="cfm-slow_0" eclass="HBEFA3/PC_G_EU4" CO2="9826.53" CO="126.94" HC="0.82" NOx="4.03" PMx="0.21" fuel="4.22" electricity="0.00" noise="72.37" route="routetop" type="cfm-slow" waiting="0.00" lane="top_0" pos="16.17" speed="22.56" angle="245.33" x="30.26" y="123.58"/>
        <vehicle id="cfm-slow_1" eclass="HBEFA3/PC_G_EU4" CO2="11805.40" CO="169.31" HC="1.06" NOx="4.94" PMx="0.26" fuel="5.07" electricity="0.00" noise="73.58" route="routetop" type="cfm-slow" waiting="0.00" lane="top_0" pos="33.86" speed="23.58" angle="213.57" x="3.71" y="97.00"/>
        <vehicle id="cfm-slow_2" eclass="HBEFA3/PC_G_EU4" CO2="13117.09" CO="199.51" HC="1.23" NOx="5.53" PMx="0.30" fuel="5.64" electricity="0.00" noise="74.49" route="routetop" type="cfm-slow" waiting="0.00" lane="left_0" pos="2.60" speed="24.83" angle="179.83" x="-4.71" y="57.98"/>
        <vehicle id="cfm-slow_3" eclass="HBEFA3/PC_G_EU4" CO2="13050.38" CO="202.96" HC="1.25" NOx="5.47" PMx="0.30" fuel="5.61" electricity="0.00" noise="74.76" route="routetop" type="cfm-slow" waiting="0.00" lane="left_0" pos="22.61" speed="26.16" angle="143.73" x="11.66" y="18.92"/>
        <vehicle id="cfm-slow_4" eclass="HBEFA3/PC_G_EU4" CO2="18688.29" CO="324.58" HC="1.95" NOx="8.10" PMx="0.45" fuel="8.03" electricity="0.00" noise="77.56" route="routetop" type="cfm-slow" waiting="0.00" lane="left_0" pos="43.96" speed="27.34" angle="105.47" x="50.64" y="-3.70"/>
        <vehicle id="cfm-slow_5" eclass="HBEFA3/PC_G_EU4" CO2="99671.48" CO="2004.20" HC="11.61" NOx="46.27" PMx="2.57" fuel="42.84" electricity="0.00" noise="123.08" route="routebottom" type="cfm-slow" waiting="0.00" lane="bottom_0" pos="16.48" speed="29.39" angle="64.77" x="97.65" y="4.07"/>
    </timestep>
    <timestep time="6.58">
        <vehicle id="cfm-fast_0" eclass="HBEFA3/PC_G_EU4" CO2="109466.46" CO="2204.83" HC="12.77" NOx="50.90" PMx="2.83" fuel="47.05" electricity="0.00" noise="128.97" route="routebottom" type="cfm-fast" waiting="0.00" lane="bottom_1" pos="39.64" speed="29.24" angle="23.16" x="125.54" y="42.77"/>
        <vehicle id="cfm-fast_1" eclass="HBEFA3/PC_G_EU4" CO2="0.00" CO="0.00" HC="0.00" NOx="0.00" PMx="0.00" fuel="0.00" electricity="0.00" noise="70.32" route="routebottom" type="cfm-fast" waiting="0.00" lane="right_0" pos="7.83" speed="25.89" angle="350.34" x="130.19" y="80.43"/>
        <vehicle id="cfm-fast_2" eclass="HBEFA3/PC_G_EU4" CO2="0.00" CO="0.00" HC="0.00" NOx="0.00" PMx="0.00" fuel="0.00" electricity="0.00" noise="69.45" route="routebottom" type="cfm-fast" waiting="0.00" lane="right_0" pos="24.64" speed="24.04" angle="320.15" x="112.71" y="111.62"/>
        <vehicle id="cfm-fast_3" eclass="HBEFA3/PC_G_EU4" CO2="0.00" CO="0.00" HC="0.00" NOx="0.00" PMx="0.00" fuel="0.00" electricity="0.00" noise="69.41" route="routebottom" type="cfm-fast" waiting="0.00" lane="right_0" pos="39.58" speed="22.61" angle="293.30" x="85.77" y="128.61"/>
        <vehicle id="cfm-fast_4" eclass="HBEFA3/PC_G_EU4" CO2="371203.38" CO="9508.37" HC="52.72" NOx="173.47" PMx="10.49" fuel="159.56" electricity="0.00" noise="157.98" route="routebottom" type="cfm-fast" waiting="0.00" lane="right_1" pos="2.73" speed="89.33" angle="359.61" x="128.73" y="69.28"/>
        <vehicle id="cfm-fast_5" eclass="HBEFA3/PC_G_EU4" CO2="6680.28" CO="61.69" HC="0.44" NOx="2.56" PMx="0.13" fuel="2.87" electricity="0.00" noise="70.83" route="routetop" type="cfm-fast" waiting="0.00" lane="top_0" pos="3.22" speed="22.08" angle="268.72" x="56.65" y="131.91"/>
        <vehicle id="cfm-slow_0" eclass="HBEFA3/PC_G_EU4" CO2="9843.22" CO="127.29" HC="0.82" NOx="4.04" PMx="0.21" fuel="4.23" electricity="0.00" noise="72.38" route="routetop" type="cfm-slow" waiting="0.00" lane="top_0" pos="16.40" speed="22.57" angle="244.93" x="29.83" y="123.34"/>
        <vehicle id="cfm-slow_1" eclass="HBEFA3/PC_G_EU4" CO2="11816.19" CO="169.56" HC="1.06" NOx="4.94" PMx="0.26" fuel="5.08" electricity="0.00" noise="73.59" route="routetop" type="cfm-slow" waiting="0.00" lane="top_0" pos="34.10" speed="23.59" angle="213.14" x="3.46" y="96.55"/>
        <vehicle id="cfm-slow_2" eclass="HBEFA3/PC_G_EU4" CO2="13115.23" CO="199.52" HC="1.23" NOx="5.53" PMx="0.30" fuel="5.64" electricity="0.00" noise="74.49" route="routetop" type="cfm-slow" waiting="0.00" lane="left_0" pos="2.85" speed="24.85" angle="179.39" x="-4.66" y="57.45"/>
        <vehicle id="cfm-slow_3" eclass="HBEFA3/PC_G_EU4" CO2="13097.27" CO="203.98" HC="1.26" NOx="5.49" PMx="0.30" fuel="5.63" electricity="0.00" noise="74.78" route="routetop" type="cfm-slow" waiting="0.00" lane="left_0" pos="22.87" speed="26.17" angle="143.24" x="12.03" y="18.49"/>
        <vehicle id="cfm-slow_4" eclass="HBEFA3/PC_G_EU4" CO2="19383.40" CO="339.00" HC="2.03" NOx="8.43" PMx="0.47" fuel="8.33" electricity="0.00" noise="77.90" route="routetop" type="cfm-slow" waiting="0.00" lane="left_0" pos="44.23" speed="27.37" angle="104.97" x="51.22" y="-3.81"/>
        <vehicle id="cfm-slow_5" eclass="HBEFA3/PC_G_EU4" CO2="98012.65" CO="1970.88" HC="11.42" NOx="45.49" PMx="2.53" fuel="42.13" electricity="0.00" noise="121.95" route="routebottom" type="cfm-slow" waiting="0.00" lane="bottom_0" pos="16.78" speed="29.51" angle="64.28" x="98.20" y="4.38"/>
    </timestep>
    <timestep time="6.59">
        <vehicle id="cfm-fast_0" eclass="HBEFA3/PC_G_EU4" CO2="109996.22" CO="2216.67" HC="12.83" NOx="51.14" PMx="2.84" fuel="47.28" electricity="0.00" noise="129.04" route="routebottom" type="cfm-fast" waiting="0.00" lane="bottom_1" pos="39.94" speed="29.37" angle="22.67" x="125.73" y="43.34"/>
        <vehicle id="cfm-fast_1" eclass="HBEFA3/PC_G_EU4" CO2="0.00" CO="0.00" HC="0.00" NOx="0.00" PMx="0.00" fuel="0.00" electricity="0.00" noise="70.31" route="routebottom" type="cfm-fast" waiting="0.00" lane="right_0" pos="8.09" speed="25.87" angle="349.86" x="130.05" y="80.96"/>
        <vehicle id="cfm-fast_2" eclass="HBEFA3/PC_G_EU4" CO2="0.00" CO="0.00" HC="0.00" NOx="0.00" PMx="0.00" fuel="0.00" electricity="0.00" noise="69.45" route="routebottom" type="cfm-fast" waiting="0.00" lane="right_0" pos="24.88" speed="24.03" angle="319.70" x="112.34" y="111.99"/>
        <vehicle id="cfm-fast_3" eclass="HBEFA3/PC_G_EU4" CO2="0.00" CO="0.00" HC="0.00" NOx="0.00" PMx="0.00" fuel="0.00" electricity="0.00" noise="69.42" route="routebottom" type="cfm-fast" waiting="0.00" lane="right_0" pos="39.81" speed="22.60" angle="292.95" x="85.31" y="128.78"/>
        <vehicle id="cfm-fast_4" eclass="HBEFA3/PC_G_EU4" CO2="371861.79" CO="9529.70" HC="52.84" NOx="173.78" PMx="10.51" fuel="159.85" electricity="0.00" noise="158.04" route="routebottom" type="cfm-fast" waiting="0.00" lane="right_1" pos="3.62" speed="89.47" angle="357.98" x="128.54" y="71.10"/>
        <vehicle id="cfm-fast_5" eclass="HBEFA3/PC_G_EU4" CO2="6706.42" CO="62.23" HC="0.45" NOx="2.57" PMx="0.13" fuel="2.88" electricity="0.00" noise="70.84" route="routetop" type="cfm-fast" waiting="0.00" lane="top_0" pos="3.44" speed="22.08" angle="268.33" x="56.18" y="131.86"/>
        <vehicle id="cfm-slow_0" eclass="HBEFA3/PC_G_EU4" CO2="9859.88" CO="127.65" HC="0.82" NOx="4.04" PMx="0.21" fuel="4.24" electricity="0.00" noise="72.39" route="routetop" type="cfm-slow" waiting="0.00" lane="top_0" pos="16.63" speed="22.58" angle="244.56" x="29.41" y="123.11"/>
        <vehicle id="cfm-slow_1" eclass="HBEFA3/PC_G_EU4" CO2="11826.88" CO="169.81" HC="1.07" NOx="4.95" PMx="0.26" fuel="5.08" electricity="0.00" noise="73.60" route="routetop" type="cfm-slow" waiting="0.00" lane="top_0" pos="34.34" speed="23.61" angle="212.72" x="3.21" y="96.11"/>
        <vehicle id="cfm-slow_2" eclass="HBEFA3/PC_G_EU4" CO2="13113.80" CO="199.53" HC="1.23" NOx="5.53" PMx="0.30" fuel="5.64" electricity="0.00" noise="74.49" route="routetop" type="cfm-slow" waiting="0.00" lane="left_0" pos="3.10" speed="24.86" angle="178.94" x="-4.60" y="56.92"/>
        <vehicle id="cfm-slow_3" eclass="HBEFA3/PC_G_EU4" CO2="13149.92" CO="205.11" HC="1.26" NOx="5.52" PMx="0.30" fuel="5.65" electricity="0.00" noise="74.81" route="routetop" type="cfm-slow" waiting="0.00" lane="left_0" pos="23.14" speed="26.19" angle="142.83" x="12.40" y="18.07"/>
        <vehicle id="cfm-slow_4" eclass="HBEFA3/PC_G_EU4" CO2="20056.86" CO="352.97" HC="2.11" NOx="8.75" PMx="0.49" fuel="8.62" electricity="0.00" noise="78.24" route="routetop" type="cfm-slow" waiting="0.00" lane="left_0" pos="44.50" speed="27.39" angle="104.46" x="51.80" y="-3.91"/>
        <vehicle id="cfm-slow_5" eclass="HBEFA3/PC_G_EU4" CO2="96356.53" CO="1937.61" HC="11.22" NOx="44.70" PMx="2.49" fuel="41.42" electricity="0.00" noise="120.83" route="routebottom" type="cfm-slow" waiting="0.00" lane="bottom_0" pos="17.07" speed="29.63" angle="63.74" x="98.75" y="4.71"/>
    </timestep>
    <timestep time="6.60">
        <vehicle id="cfm-fast_0" eclass="HBEFA3/PC_G_EU4" CO2="110526.27" CO="2228.52" HC="12.90" NOx="51.39" PMx="2.86" fuel="47.51" electricity="0.00" noise="129.11" route="routebottom" type="cfm-fast" waiting="0.00" lane="bottom_1" pos="40.23" speed="29.51" angle="22.12" x="125.91" y="43.92"/>
        <vehicle id="cfm-fast_1" eclass="HBEFA3/PC_G_EU4" CO2="0.00" CO="0.00" HC="0.00" NOx="0.00" PMx="0.00" fuel="0.00" electricity="0.00" noise="70.30" route="routebottom" type="cfm-fast" waiting="0.00" lane="right_0" pos="8.34" speed="25.85" angle="349.39" x="129.90" y="81.50"/>
        <vehicle id="cfm-fast_2" eclass="HBEFA3/PC_G_EU4" CO2="0.00" CO="0.00" HC="0.00" NOx="0.00" PMx="0.00" fuel="0.00" electricity="0.00" noise="69.44" route="routebottom" type="cfm-fast" waiting="0.00" lane="right_0" pos="25.12" speed="24.01" angle="319.25" x="111.98" y="112.35"/>
        <vehicle id="cfm-fast_3" eclass="HBEFA3/PC_G_EU4" CO2="0.00" CO="0.00" HC="0.00" NOx="0.00" PMx="0.00" fuel="0.00" electricity="0.00" noise="69.42" route="routebottom" type="cfm-fast" waiting="0.00" lane="right_0" pos="40.03" speed="22.60" angle="292.52" x="84.85" y="128.92"/>
        <vehicle id="cfm-fast_4" eclass="HBEFA3/PC_G_EU4" CO2="372520.49" CO="9551.05" HC="52.95" NOx="174.09" PMx="10.53" fuel="160.13" electricity="0.00" noise="158.11" route="routebottom" type="cfm-fast" waiting="0.00" lane="right_1" pos="4.52" speed="89.60" angle="356.39" x="128.30" y="72.92"/>
        <vehicle id="cfm-fast_5" eclass="HBEFA3/PC_G_EU4" CO2="6732.52" CO="62.77" HC="0.45" NOx="2.58" PMx="0.13" fuel="2.89" electricity="0.00" noise="70.85" route="routetop" type="cfm-fast" waiting="0.00" lane="top_0" pos="3.66" speed="22.09" angle="267.93" x="55.71" y="131.81"/>
        <vehicle id="cfm-slow_0" eclass="HBEFA3/PC_G_EU4" CO2="9876.50" CO="128.00" HC="0.83" NOx="4.05" PMx="0.21" fuel="4.25" electricity="0.00" noise="72.40" route="routetop" type="cfm-slow" waiting="0.00" lane="top_0" pos="16.85" speed="22.59" angle="244.16" x="28.99" y="122.86"/>
        <vehicle id="cfm-slow_1" eclass="HBEFA3/PC_G_EU4" CO2="11837.49" CO="170.05" HC="1.07" NOx="4.95" PMx="0.26" fuel="5.09" electricity="0.00" noise="73.61" route="routetop" type="cfm-slow" waiting="0.00" lane="top_0" pos="34.57" speed="23.62" angle="212.32" x="2.97" y="95.67"/>
        <vehicle id="cfm-slow_2" eclass="HBEFA3/PC_G_EU4" CO2="13112.86" CO="199.55" HC="1.23" NOx="5.53" PMx="0.30" fuel="5.64" electricity="0.00" noise="74.50" route="routetop" type="cfm-slow" waiting="0.00" lane="left_0" pos="3.35" speed="24.87" angle="178.49" x="-4.55" y="56.38"/>
        <vehicle id="cfm-slow_3" eclass="HBEFA3/PC_G_EU4" CO2="13208.08" CO="206.36" HC="1.27" NOx="5.54" PMx="0.31" fuel="5.68" electricity="0.00" noise="74.84" route="routetop" type="cfm-slow" waiting="0.00" lane="left_0" pos="23.40" speed="26.20" angle="142.36" x="12.78" y="17.65"/>
        <vehicle id="cfm-slow_4" eclass="HBEFA3/PC_G_EU4" CO2="20709.09" CO="366.51" HC="2.19" NOx="9.05" PMx="0.51" fuel="8.90" electricity="0.00" noise="78.58" route="routetop" type="cfm-slow" waiting="0.00" lane="left_0" pos="44.78" speed="27.41" angle="103.96" x="52.38" y="-4.02"/>
        <vehicle id="cfm-slow_5" eclass="HBEFA3/PC_G_EU4" CO2="94703.82" CO="1904.40" HC="11.03" NOx="43.92" PMx="2.45" fuel="40.71" electricity="0.00" noise="119.73" route="routebottom" type="cfm-slow" waiting="0.00" lane="bottom_0" pos="17.37" speed="29.74" angle="63.19" x="99.30" y="5.04"/>
    </timestep>
    <timestep time="6.61">
        <vehicle id="cfm-fast_0" eclass="HBEFA3/PC_G_EU4" CO2="111056.61" CO="2240.40" HC="12.97" NOx="51.64" PMx="2.87" fuel="47.74" electricity="0.00" noise="129.17" route="routebottom" type="cfm-fast" waiting="0.00" lane="bottom_1" pos="40.53" speed="29.65" angle="21.57" x="126.09" y="44.50"/>
        <vehicle id="cfm-fast_1" eclass="HBEFA3/PC_G_EU4" CO2="0.00" CO="0.00" HC="0.00" NOx="0.00" PMx="0.00" fuel="0.00" electricity="0.00" noise="70.29" route="routebottom" type="cfm-fast" waiting="0.00" lane="right_0" pos="8.60" speed="25.83" angle="348.91" x="129.76" y="82.04"/>
        <vehicle id="cfm-fast_2" eclass="HBEFA3/PC_G_EU4" CO2="0.00" CO="0.00" HC="0.00" NOx="0.00" PMx="0.00" fuel="0.00" electricity="0.00" noise="69.44" route="routebottom" type="cfm-fast" waiting="0.00" lane="right_0" pos="25.36" speed="24.00" angle="318.81" x="111.61" y="112.72"/>
        <vehicle id="cfm-fast_3" eclass="HBEFA3/PC_G_EU4" CO2="0.00" CO="0.00" HC="0.00" NOx="0.00" PMx="0.00" fuel="0.00" electricity="0.00" noise="69.43" route="routebottom" type="cfm-fast" waiting="0.00" lane="right_0" pos="40.26" speed="22.60" angle="292.09" x="84.39" y="129.06"/>
        <vehicle id="cfm-fast_4" eclass="HBEFA3/PC_G_EU4" CO2="373179.48" CO="9572.43" HC="53.07" NOx="174.40" PMx="10.55" fuel="160.41" electricity="0.00" noise="158.17" route="routebottom" type="cfm-fast" waiting="0.00" lane="right_1" pos="5.42" speed="89.74" angle="354.77" x="128.02" y="74.74"/>
        <vehicle id="cfm-fast_5" eclass="HBEFA3/PC_G_EU4" CO2="6758.57" CO="63.31" HC="0.45" NOx="2.59" PMx="0.13" fuel="2.91" electricity="0.00" noise="70.86" route="routetop" type="cfm-fast" waiting="0.00" lane="top_0" pos="3.88" speed="22.09" angle="267.55" x="55.24" y="131.76"/>
        <vehicle id="cfm-slow_0" eclass="HBEFA3/PC_G_EU4" CO2="9893.09" CO="128.36" HC="0.83" NOx="4.06" PMx="0.21" fuel="4.25" electricity="0.00" noise="72.41" route="routetop" type="cfm-slow" waiting="0.00" lane="top_0" pos="17.08" speed="22.60" angle="243.75" x="28.57" y="122.61"/>
        <vehicle id="cfm-slow_1" eclass="HBEFA3/PC_G_EU4" CO2="11848.02" CO="170.29" HC="1.07" NOx="4.96" PMx="0.26" fuel="5.09" electricity="0.00" noise="73.62" route="routetop" type="cfm-slow" waiting="0.00" lane="top_0" pos="34.81" speed="23.63" angle="211.91" x="2.74" y="95.21"/>
        <vehicle id="cfm-slow_2" eclass="HBEFA3/PC_G_EU4" CO2="13112.44" CO="199.59" HC="1.23" NOx="5.53" PMx="0.30" fuel="5.64" electricity="0.00" noise="74.50" route="routetop" type="cfm-slow" waiting="0.00" lane="left_0" pos="3.60" speed="24.89" angle="178.05" x="-4.50" y="55.85"/>
        <vehicle id="cfm-slow_3" eclass="HBEFA3/PC_G_EU4" CO2="13271.52" CO="207.72" HC="1.28" NOx="5.57" PMx="0.31" fuel="5.70" electricity="0.00" noise="74.87" route="routetop" type="cfm-slow" waiting="0.00" lane="left_0" pos="23.66" speed="26.21" angle="141.88" x="13.16" y="17.24"/>
        <vehicle id="cfm-slow_4" eclass="HBEFA3/PC_G_EU4" CO2="21340.48" CO="379.63" HC="2.26" NOx="9.35" PMx="0.52" fuel="9.17" electricity="0.00" noise="78.90" route="routetop" type="cfm-slow" waiting="0.00" lane="left_0" pos="45.05" speed="27.43" angle="103.51" x="52.97" y="-4.11"/>
        <vehicle id="cfm-slow_5" eclass="HBEFA3/PC_G_EU4" CO2="93055.14" CO="1871.27" HC="10.84" NOx="43.14" PMx="2.40" fuel="40.00" electricity="0.00" noise="118.64" route="routebottom" type="cfm-slow" waiting="0.00" lane="bottom_0" pos="17.67" speed="29.85" angle="62.64" x="99.85" y="5.37"/>
    </timestep>
    <timestep time="6.62">
        <vehicle id="cfm-fast_0" eclass="HBEFA3/PC_G_EU4" CO2="111587.24" CO="2252.30" HC="13.04" NOx="51.89" PMx="2.89" fuel="47.97" electricity="0.00" noise="129.24" route="routebottom" type="cfm-fast" waiting="0.00" lane="bottom_1" pos="40.83" speed="29.78" angle="21.02" x="126.27" y="45.08"/>
        <vehicle id="cfm-fast_1" eclass="HBEFA3/PC_G_EU4" CO2="0.00" CO="0.00" HC="0.00" NOx="0.00" PMx="0.00" fuel="0.00" electricity="0.00" noise="70.28" route="routebottom" type="cfm-fast" waiting="0.00" lane="right_0" pos="8.86" speed="25.82" angle="348.46" x="129.61" y="82.58"/>
        <vehicle id="cfm-fast_2" eclass="HBEFA3/PC_G_EU4" CO2="0.00" CO="0.00" HC="0.00" NOx="0.00" PMx="0.00" fuel="0.00" electricity="0.00" noise="69.44" route="routebottom" type="cfm-fast" waiting="0.00" lane="right_0" pos="25.60" speed="23.98" angle="318.41" x="111.25" y="113.08"/>
        <vehicle id="cfm-fast_3" eclass="HBEFA3/PC_G_EU4" CO2="0.00" CO="0.00" HC="0.00" NOx="0.00" PMx="0.00" fuel="0.00" electricity="0.00" noise="69.44" route="routebottom" type="cfm-fast" waiting="0.00" lane="right_0" pos="40.49" speed="22.59" angle="291.66" x="83.92" y="129.21"/>
        <vehicle id="cfm-fast_4" eclass="HBEFA3/PC_G_EU4" CO2="373838.77" CO="9593.83" HC="53.18" NOx="174.71" PMx="10.57" fuel="160.69" electricity="0.00" noise="158.24" route="routebottom" type="cfm-fast" waiting="0.00" lane="right_1" pos="6.31" speed="89.88" angle="353.13" x="127.69" y="76.55"/>
        <vehicle id="cfm-fast_5" eclass="HBEFA3/PC_G_EU4" CO2="6784.58" CO="63.85" HC="0.46" NOx="2.60" PMx="0.13" fuel="2.92" electricity="0.00" noise="70.88" route="routetop" type="cfm-fast" waiting="0.00" lane="top_0" pos="4.10" speed="22.10" angle="267.15" x="54.77" y="131.69"/>
        <vehicle id="cfm-slow_0" eclass="HBEFA3/PC_G_EU4" CO2="9909.65" CO="128.71" HC="0.83" NOx="4.07" PMx="0.21" fuel="4.26" electricity="0.00" noise="72.42" route="routetop" type="cfm-slow" waiting="0.00" lane="top_0" pos="17.30" speed="22.61" angle="243.35" x="28.16" y="122.36"/>
        <vehicle id="cfm-slow_1" eclass="HBEFA3/PC_G_EU4" CO2="11858.46" CO="170.54" HC="1.07" NOx="4.96" PMx="0.26" fuel="5.10" electricity="0.00" noise="73.63" route="routetop" type="cfm-slow" waiting="0.00" lane="top_0" pos="35.05" speed="23.64" angle="211.48" x="2.51" y="94.76"/>
        <vehicle id="cfm-slow_2" eclass="HBEFA3/PC_G_EU4" CO2="13112.59" CO="199.63" HC="1.23" NOx="5.53" PMx="0.30" fuel="5.64" electricity="0.00" noise="74.50" route="routetop" type="cfm-slow" waiting="0.00" lane="left_0" pos="3.84" speed="24.90" angle="177.62" x="-4.44" y="55.32"/>
        <vehicle id="cfm-slow_3" eclass="HBEFA3/PC_G_EU4" CO2="13340.00" CO="209.19" HC="1.29" NOx="5.60" PMx="0.31" fuel="5.73" electricity="0.00" noise="74.90" route="routetop" type="cfm-slow" waiting="0.00" lane="left_0" pos="23.92" speed="26.22" angle="141.41" x="13.54" y="16.82"/>
        <vehicle id="cfm-slow_4" eclass="HBEFA3/PC_G_EU4" CO2="21951.44" CO="392.34" HC="2.33" NOx="9.64" PMx="0.54" fuel="9.44" electricity="0.00" noise="79.23" route="routetop" type="cfm-slow" waiting="0.00" lane="left_0" pos="45.33" speed="27.45" angle="103.00" x="53.55" y="-4.19"/>
        <vehicle id="cfm-slow_5" eclass="HBEFA3/PC_G_EU4" CO2="91411.14" CO="1838.23" HC="10.65" NOx="42.36" PMx="2.36" fuel="39.29" electricity="0.00" noise="117.56" route="routebottom" type="cfm-slow" waiting="0.00" lane="bottom_0" pos="17.97" speed="29.96" angle="62.16" x="100.40" y="5.71"/>
    </timestep>
    <timestep time="6.63">
        <vehicle id="cfm-fast_0" eclass="HBEFA3/PC_G_EU4" CO2="112118.17" CO="2264.23" HC="13.10" NOx="52.13" PMx="2.90" fuel="48.19" electricity="0.00" noise="129.30" route="routebottom" type="cfm-fast" waiting="0.00" lane="bottom_1" pos="41.13" speed="29.92" angle="20.52" x="126.45" y="45.67"/>
        <vehicle id="cfm-fast_1" eclass="HBEFA3/PC_G_EU4" CO2="0.00" CO="0.00" HC="0.00" NOx="0.00" PMx="0.00" fuel="0.00" electricity="0.00" noise="70.28" route="routebottom" type="cfm-fast" waiting="0.00" lane="right_0" pos="9.12" speed="25.80" angle="348.03" x="129.46" y="83.11"/>
        <vehicle id="cfm-fast_2" eclass="HBEFA3/PC_G_EU4" CO2="0.00" CO="0.00" HC="0.00" NOx="0.00" PMx="0.00" fuel="0.00" electricity="0.00" noise="69.43" route="routebottom" type="cfm-fast" waiting="0.00" lane="right_0" pos="25.84" speed="23.97" angle="317.99" x="110.87" y="113.44"/>
        <vehicle id="cfm-fast_3" eclass="HBEFA3/PC_G_EU4" CO2="0.00" CO="0.00" HC="0.00" NOx="0.00" PMx="0.00" fuel="0.00" electricity="0.00" noise="69.45" route="routebottom" type="cfm-fast" waiting="0.00" lane="right_0" pos="40.71" speed="22.59" angle="291.23" x="83.46" y="129.35"/>
        <vehicle id="cfm-fast_4" eclass="HBEFA3/PC_G_EU4" CO2="374498.35" CO="9615.24" HC="53.30" NOx="175.02" PMx="10.59" fuel="160.98" electricity="0.00" noise="158.30" route="routebottom" type="cfm-fast" waiting="0.00" lane="right_1" pos="7.21" speed="90.01" angle="351.45" x="127.29" y="78.36"/>
        <vehicle id="cfm-fast_5" eclass="HBEFA3/PC_G_EU4" CO2="6810.53" CO="64.39" HC="0.46" NOx="2.62" PMx="0.13" fuel="2.93" electricity="0.00" noise="70.89" route="routetop" type="cfm-fast" waiting="0.00" lane="top_0" pos="4.32" speed="22.10" angle="266.75" x="54.29" y="131.62"/>
        <vehicle id="cfm-slow_0" eclass="HBEFA3/PC_G_EU4" CO2="9926.18" CO="129.06" HC="0.83" NOx="4.07" PMx="0.21" fuel="4.27" electricity="0.00" noise="72.43" route="routetop" type="cfm-slow" waiting="0.00" lane="top_0" pos="17.53" speed="22.62" angle="242.94" x="27.74" y="122.11"/>
        <vehicle id="cfm-slow_1" eclass="HBEFA3/PC_G_EU4" CO2="11868.83" CO="170.78" HC="1.07" NOx="4.97" PMx="0.27" fuel="5.10" electricity="0.00" noise="73.63" route="routetop" type="cfm-slow" waiting="0.00" lane="top_0" pos="35.28" speed="23.66" angle="211.04" x="2.28" y="94.30"/>
        <vehicle id="cfm-slow_2" eclass="HBEFA3/PC_G_EU4" CO2="13113.35" CO="199.69" HC="1.24" NOx="5.53" PMx="0.30" fuel="5.64" electricity="0.00" noise="74.51" route="routetop" type="cfm-slow" waiting="0.00" lane="left_0" pos="4.09" speed="24.91" angle="177.17" x="-4.37" y="54.79"/>
        <vehicle id="cfm-slow_3" eclass="HBEFA3/PC_G_EU4" CO2="13413.30" CO="210.75" HC="1.29" NOx="5.64" PMx="0.31" fuel="5.77" electricity="0.00" noise="74.93" route="routetop" type="cfm-slow" waiting="0.00" lane="left_0" pos="24.18" speed="26.24" angle="140.94" x="13.92" y="16.41"/>
        <vehicle id="cfm-slow_4" eclass="HBEFA3/PC_G_EU4" CO2="22542.34" CO="404.63" HC="2.41" NOx="9.92" PMx="0.55" fuel="9.69" electricity="0.00" noise="79.54" route="routetop" type="cfm-slow" waiting="0.00" lane="left_0" pos="45.60" speed="27.48" angle="102.49" x="54.14" y="-4.28"/>
        <vehicle id="cfm-slow_5" eclass="HBEFA3/PC_G_EU4" CO2="89772.41" CO="1805.28" HC="10.46" NOx="41.59" PMx="2.32" fuel="38.59" electricity="0.00" noise="116.50" route="routebottom" type="cfm-slow" waiting="0.00" lane="bottom_0" pos="18.27" speed="30.07" angle="61.60" x="100.94" y="6.07"/>
    </timestep>
    <timestep time="6.64">
        <vehicle id="cfm-fast_0" eclass="HBEFA3/PC_G_EU4" CO2="112649.39" CO="2276.17" HC="13.17" NOx="52.38" PMx="2.92" fuel="48.42" electricity="0.00" noise="129.37" route="routebottom" type="cfm-fast" waiting="0.00" lane="bottom_1" pos="41.43" speed="30.06" angle="19.96" x="126.60" y="46.26"/>
        <vehicle id="cfm-fast_1" eclass="HBEFA3/PC_G_EU4" CO2="0.00" CO="0.00" HC="0.00" NOx="0.00" PMx="0.00" fuel="0.00" electricity="0.00" noise="70.27" route="routebottom" type="cfm-fast" waiting="0.00" lane="right_0" pos="9.38" speed="25.78" angle="347.57" x="129.29" y="83.64"/>
        <vehicle id="cfm-fast_2" eclass="HBEFA3/PC_G_EU4" CO2="0.00" CO="0.00" HC="0.00" NOx="0.00" PMx="0.00" fuel="0.00" electricity="0.00" noise="69.43" route="routebottom" type="cfm-fast" waiting="0.00" lane="right_0" pos="26.08" speed="23.96" angle="317.55" x="110.49" y="113.79"/>
        <vehicle id="cfm-fast_3" eclass="HBEFA3/PC_G_EU4" CO2="0.00" CO="0.00" HC="0.00" NOx="0.00" PMx="0.00" fuel="0.00" electricity="0.00" noise="69.46" route="routebottom" type="cfm-fast" waiting="0.00" lane="right_0" pos="40.94" speed="22.58" angle="290.81" x="82.99" y="129.49"/>
        <vehicle id="cfm-fast_4" eclass="HBEFA3/PC_G_EU4" CO2="375158.22" CO="9636.68" HC="53.41" NOx="175.33" PMx="10.61" fuel="161.26" electricity="0.00" noise="158.37" route="routebottom" type="cfm-fast" waiting="0.00" lane="right_1" pos="8.12" speed="90.15" angle="349.84" x="126.84" y="80.15"/>
        <vehicle id="cfm-fast_5" eclass="HBEFA3/PC_G_EU4" CO2="6836.44" CO="64.93" HC="0.46" NOx="2.63" PMx="0.13" fuel="2.94" electricity="0.00" noise="70.90" route="routetop" type="cfm-fast" waiting="0.00" lane="top_0" pos="4.55" speed="22.11" angle="266.35" x="53.82" y="131.56"/>
        <vehicle id="cfm-slow_0" eclass="HBEFA3/PC_G_EU4" CO2="9942.67" CO="129.42" HC="0.83" NOx="4.08" PMx="0.21" fuel="4.27" electricity="0.00" noise="72.44" route="routetop" type="cfm-slow" waiting="0.00" lane="top_0" pos="17.76" speed="22.63" angle="242.53" x="27.32" y="121.86"/>
        <vehicle id="cfm-slow_1" eclass="HBEFA3/PC_G_EU4" CO2="11879.14" CO="171.02" HC="1.07" NOx="4.97" PMx="0.27" fuel="5.11" electricity="0.00" noise="73.64" route="routetop" type="cfm-slow" waiting="0.00" lane="top_0" pos="35.52" speed="23.67" angle="210.60" x="2.06" y="93.85"/>
        <vehicle id="cfm-slow_2" eclass="HBEFA3/PC_G_EU4" CO2="13114.76" CO="199.76" HC="1.24" NOx="5.53" PMx="0.30" fuel="5.64" electricity="0.00" noise="74.51" route="routetop" type="cfm-slow" waiting="0.00" lane="left_0" pos="4.34" speed="24.93" angle="176.72" x="-4.29" y="54.26"/>
        <vehicle id="cfm-slow_3" eclass="HBEFA3/PC_G_EU4" CO2="13491.20" CO="212.41" HC="1.30" NOx="5.67" PMx="0.31" fuel="5.80" electricity="0.00" noise="74.97" route="routetop" type="cfm-slow" waiting="0.00" lane="left_0" pos="24.45" speed="26.25" angle="140.52" x="14.31" y="16.00"/>
        <vehicle id="cfm-slow_4" eclass="HBEFA3/PC_G_EU4" CO2="23113.57" CO="416.53" HC="2.47" NOx="10.19" PMx="0.57" fuel="9.94" electricity="0.00" noise="79.84" route="routetop" type="cfm-slow" waiting="0.00" lane="left_0" pos="45.88" speed="27.50" angle="101.98" x="54.72" y="-4.36"/>
        <vehicle id="cfm-slow_5" eclass="HBEFA3/PC_G_EU4" CO2="88139.51" CO="1772.45" HC="10.27" NOx="40.81" PMx="2.28" fuel="37.89" electricity="0.00" noise="115.45" route="routebottom" type="cfm-slow" waiting="0.00" lane="bottom_0" pos="18.57" speed="30.17" angle="61.03" x="101.48" y="6.43"/>
    </timestep>
    <timestep time="6.65">
        <vehicle id="cfm-fast_0" eclass="HBEFA3/PC_G_EU4" CO2="113180.89" CO="2288.13" HC="13.24" NOx="52.63" PMx="2.93" fuel="48.65" electricity="0.00" noise="129.43" route="routebottom" type="cfm-fast" waiting="0.00" lane="bottom_1" pos="41.73" speed="30.19" angle="19.39" x="126.76" y="46.86"/>
        <vehicle id="cfm-fast_1" eclass="HBEFA3/PC_G_EU4" CO2="0.00" CO="0.00" HC="0.00" NOx="0.00" PMx="0.00" fuel="0.00" electricity="0.00" noise="70.26" route="routebottom" type="cfm-fast" waiting="0.00" lane="right_0" pos="9.63" speed="25.76" angle="347.10" x="129.13" y="84.17"/>
        <vehicle id="cfm-fast_2" eclass="HBEFA3/PC_G_EU4" CO2="0.00" CO="0.00" HC="0.00" NOx="0.00" PMx="0.00" fuel="0.00" electricity="0.00" noise="69.43" route="routebottom" type="cfm-fast" waiting="0.00" lane="right_0" pos="26.32" speed="23.94" angle="317.11" x="110.11" y="114.14"/>
        <vehicle id="cfm-fast_3" eclass="HBEFA3/PC_G_EU4" CO2="0.00" CO="0.00" HC="0.00" NOx="0.00" PMx="0.00" fuel="0.00" electricity="0.00" noise="69.46" route="routebottom" type="cfm-fast" waiting="0.00" lane="right_0" pos="41.16" speed="22.58" angle="290.45" x="82.53" y="129.63"/>
        <vehicle id="cfm-fast_4" eclass="HBEFA3/PC_G_EU4" CO2="375818.38" CO="9658.15" HC="53.52" NOx="175.64" PMx="10.63" fuel="161.55" electricity="0.00" noise="158.44" route="routebottom" type="cfm-fast" waiting="0.00" lane="right_1" pos="9.02" speed="90.28" angle="348.28" x="126.37" y="81.94"/>
        <vehicle id="cfm-fast_5" eclass="HBEFA3/PC_G_EU4" CO2="6862.30" CO="65.47" HC="0.47" NOx="2.64" PMx="0.13" fuel="2.95" electricity="0.00" noise="70.91" route="routetop" type="cfm-fast" waiting="0.00" lane="top_0" pos="4.77" speed="22.12" angle="265.95" x="53.35" y="131.49"/>
        <vehicle id="cfm-slow_0" eclass="HBEFA3/PC_G_EU4" CO2="9959.13" CO="129.77" HC="0.84" NOx="4.09" PMx="0.21" fuel="4.28" electricity="0.00" noise="72.45" route="routetop" type="cfm-slow" waiting="0.00" lane="top_0" pos="17.98" speed="22.64" angle="242.18" x="26.90" y="121.61"/>
        <vehicle id="cfm-slow_1" eclass="HBEFA3/PC_G_EU4" CO2="11889.38" CO="171.25" HC="1.07" NOx="4.98" PMx="0.27" fuel="5.11" electricity="0.00" noise="73.65" route="routetop" type="cfm-slow" waiting="0.00" lane="top_0" pos="35.76" speed="23.68" angle="210.17" x="1.83" y="93.39"/>
        <vehicle id="cfm-slow_2" eclass="HBEFA3/PC_G_EU4" CO2="13116.85" CO="199.85" HC="1.24" NOx="5.53" PMx="0.30" fuel="5.64" electricity="0.00" noise="74.51" route="routetop" type="cfm-slow" waiting="0.00" lane="left_0" pos="4.59" speed="24.94" angle="176.27" x="-4.22" y="53.72"/>
        <vehicle id="cfm-slow_3" eclass="HBEFA3/PC_G_EU4" CO2="13573.49" CO="214.16" HC="1.31" NOx="5.71" PMx="0.32" fuel="5.83" electricity="0.00" noise="75.01" route="routetop" type="cfm-slow" waiting="0.00" lane="left_0" pos="24.71" speed="26.26" angle="140.04" x="14.71" y="15.60"/>
        <vehicle id="cfm-slow_4" eclass="HBEFA3/PC_G_EU4" CO2="23665.48" CO="428.03" HC="2.54" NOx="10.45" PMx="0.58" fuel="10.17" electricity="0.00" noise="80.14" route="routetop" type="cfm-slow" waiting="0.00" lane="left_0" pos="46.15" speed="27.53" angle="101.52" x="55.31" y="-4.44"/>
        <vehicle id="cfm-slow_5" eclass="HBEFA3/PC_G_EU4" CO2="86513.00" CO="1739.73" HC="10.08" NOx="40.04" PMx="2.23" fuel="37.19" electricity="0.00" noise="114.42" route="routebottom" type="cfm-slow" waiting="0.00" lane="bottom_0" pos="18.87" speed="30.28" angle="60.46" x="102.02" y="6.79"/>
    </timestep>
    <timestep time="6.66">
        <vehicle id="cfm-fast_0" eclass="HBEFA3/PC_G_EU4" CO2="113712.70" CO="2300.12" HC="13.31" NOx="52.88" PMx="2.95" fuel="48.88" electricity="0.00" noise="129.50" route="routebottom" type="cfm-fast" waiting="0.00" lane="bottom_1" pos="42.03" speed="30.33" angle="18.83" x="126.92" y="47.46"/>
        <vehicle id="cfm-fast_1" eclass="HBEFA3/PC_G_EU4" CO2="0.00" CO="0.00" HC="0.00" NOx="0.00" PMx="0.00" fuel="0.00" electricity="0.00" noise="70.25" route="routebottom" type="cfm-fast" waiting="0.00" lane="right_0" pos="9.89" speed="25.75" angle="346.64" x="128.97" y="84.70"/>
        <vehicle id="cfm-fast_2" eclass="HBEFA3/PC_G_EU4" CO2="0.00" CO="0.00" HC="0.00" NOx="0.00" PMx="0.00" fuel="0.00" electricity="0.00" noise="69.42" route="routebottom" type="cfm-fast" waiting="0.00" lane="right_0" pos="26.56" speed="23.93" angle="316.68" x="109.74" y="114.49"/>
        <vehicle id="cfm-fast_3" eclass="HBEFA3/PC_G_EU4" CO2="0.00" CO="0.00" HC="0.00" NOx="0.00" PMx="0.00" fuel="0.00" electricity="0.00" noise="69.47" route="routebottom" type="cfm-fast" waiting="0.00" lane="right_0" pos="41.39" speed="22.57" angle="290.04" x="82.06" y="129.75"/>
        <vehicle id="cfm-fast_4" eclass="HBEFA3/PC_G_EU4" CO2="376478.84" CO="9679.63" HC="53.64" NOx="175.95" PMx="10.65" fuel="161.83" electricity="0.00" noise="158.50" route="routebottom" type="cfm-fast" waiting="0.00" lane="right_1" pos="9.92" speed="90.42" angle="346.63" x="125.82" y="83.71"/>
        <vehicle id="cfm-fast_5" eclass="HBEFA3/PC_G_EU4" CO2="6888.12" CO="66.00" HC="0.47" NOx="2.65" PMx="0.13" fuel="2.96" electricity="0.00" noise="70.93" route="routetop" type="cfm-fast" waiting="0.00" lane="top_0" pos="4.99" speed="22.12" angle="265.55" x="52.88" y="131.42"/>
        <vehicle id="cfm-slow_0" eclass="HBEFA3/PC_G_EU4" CO2="9975.56" CO="130.12" HC="0.84" NOx="4.10" PMx="0.21" fuel="4.29" electricity="0.00" noise="72.46" route="routetop" type="cfm-slow" waiting="0.00" lane="top_0" pos="18.21" speed="22.65" angle="241.74" x="26.50" y="121.34"/>
        <vehicle id="cfm-slow_1" eclass="HBEFA3/PC_G_EU4" CO2="11899.56" CO="171.49" HC="1.08" NOx="4.98" PMx="0.27" fuel="5.12" electricity="0.00" noise="73.66" route="routetop" type="cfm-slow" waiting="0.00" lane="top_0" pos="35.99" speed="23.69" angle="209.79" x="1.61" y="92.93"/>
        <vehicle id="cfm-slow_2" eclass="HBEFA3/PC_G_EU4" CO2="13119.65" CO="199.95" HC="1.24" NOx="5.53" PMx="0.30" fuel="5.64" electricity="0.00" noise="74.52" route="routetop" type="cfm-slow" waiting="0.00" lane="left_0" pos="4.84" speed="24.96" angle="175.81" x="-4.14" y="53.19"/>
        <vehicle id="cfm-slow_3" eclass="HBEFA3/PC_G_EU4" CO2="13659.96" CO="216.00" HC="1.32" NOx="5.75" PMx="0.32" fuel="5.87" electricity="0.00" noise="75.05" route="routetop" type="cfm-slow" waiting="0.00" lane="left_0" pos="24.97" speed="26.28" angle="139.56" x="15.11" y="15.20"/>
        <vehicle id="cfm-slow_4" eclass="HBEFA3/PC_G_EU4" CO2="24198.43" CO="439.14" HC="2.60" NOx="10.70" PMx="0.60" fuel="10.40" electricity="0.00" noise="80.43" route="routetop" type="cfm-slow" waiting="0.00" lane="left_0" pos="46.43" speed="27.56" angle="101.03" x="55.90" y="-4.50"/>
        <vehicle id="cfm-slow_5" eclass="HBEFA3/PC_G_EU4" CO2="84893.40" CO="1707.15" HC="9.89" NOx="39.28" PMx="2.19" fuel="36.49" electricity="0.00" noise="113.40" route="routebottom" type="cfm-slow" waiting="0.00" lane="bottom_0" pos="19.18" speed="30.38" angle="59.94" x="102.56" y="7.15"/>
    </timestep>
    <timestep time="6.67">
        <vehicle id="cfm-fast_0" eclass="HBEFA3/PC_G_EU4" CO2="114244.79" CO="2312.13" HC="13.37" NOx="53.12" PMx="2.96" fuel="49.11" electricity="0.00" noise="129.56" route="routebottom" type="cfm-fast" waiting="0.00" lane="bottom_1" pos="42.34" speed="30.46" angle="18.32" x="127.08" y="48.07"/>
        <vehicle id="cfm-fast_1" eclass="HBEFA3/PC_G_EU4" CO2="0.00" CO="0.00" HC="0.00" NOx="0.00" PMx="0.00" fuel="0.00" electricity="0.00" noise="70.24" route="routebottom" type="cfm-fast" waiting="0.00" lane="right_0" pos="10.15" speed="25.73" angle="346.21" x="128.80" y="85.23"/>
        <vehicle id="cfm-fast_2" eclass="HBEFA3/PC_G_EU4" CO2="0.00" CO="0.00" HC="0.00" NOx="0.00" PMx="0.00" fuel="0.00" electricity="0.00" noise="69.42" route="routebottom" type="cfm-fast" waiting="0.00" lane="right_0" pos="26.80" speed="23.92" angle="316.25" x="109.36" y="114.84"/>
        <vehicle id="cfm-fast_3" eclass="HBEFA3/PC_G_EU4" CO2="0.00" CO="0.00" HC="0.00" NOx="0.00" PMx="0.00" fuel="0.00" electricity="0.00" noise="69.48" route="routebottom" type="cfm-fast" waiting="0.00" lane="right_0" pos="41.61" speed="22.57" angle="289.63" x="81.59" y="129.88"/>
        <vehicle id="cfm-fast_4" eclass="HBEFA3/PC_G_EU4" CO2="377139.58" CO="9701.13" HC="53.75" NOx="176.26" PMx="10.67" fuel="162.11" electricity="0.00" noise="158.57" route="routebottom" type="cfm-fast" waiting="0.00" lane="right_1" pos="10.83" speed="90.56" angle="344.97" x="125.21" y="85.47"/>
        <vehicle id="cfm-fast_5" eclass="HBEFA3/PC_G_EU4" CO2="6913.88" CO="66.54" HC="0.47" NOx="2.66" PMx="0.13" fuel="2.97" electricity="0.00" noise="70.94" route="routetop" type="cfm-fast" waiting="0.00" lane="top_0" pos="5.21" speed="22.13" angle="265.10" x="52.41" y="131.34"/>
        <vehicle id="cfm-slow_0" eclass="HBEFA3/PC_G_EU4" CO2="9991.94" CO="130.47" HC="0.84" NOx="4.10" PMx="0.21" fuel="4.30" electricity="0.00" noise="72.47" route="routetop" type="cfm-slow" waiting="0.00" lane="top_0" pos="18.44" speed="22.66" angle="241.30" x="26.09" y="121.07"/>
        <vehicle id="cfm-slow_1" eclass="HBEFA3/PC_G_EU4" CO2="11909.70" CO="171.73" HC="1.08" NOx="4.99" PMx="0.27" fuel="5.12" electricity="0.00" noise="73.66" route="routetop" type="cfm-slow" waiting="0.00" lane="top_0" pos="36.23" speed="23.71" angle="209.34" x="1.40" y="92.47"/>
        <vehicle id="cfm-slow_2" eclass="HBEFA3/PC_G_EU4" CO2="13123.20" CO="200.07" HC="1.24" NOx="5.53" PMx="0.30" fuel="5.64" electricity="0.00" noise="74.52" route="routetop" type="cfm-slow" waiting="0.00" lane="left_0" pos="5.09" speed="24.97" angle="175.33" x="-4.07" y="52.66"/>
        <vehicle id="cfm-slow_3" eclass="HBEFA3/PC_G_EU4" CO2="13750.39" CO="217.92" HC="1.34" NOx="5.80" PMx="0.32" fuel="5.91" electricity="0.00" noise="75.09" route="routetop" type="cfm-slow" waiting="0.00" lane="left_0" pos="25.23" speed="26.29" angle="139.08" x="15.51" y="14.80"/>
        <vehicle id="cfm-slow_4" eclass="HBEFA3/PC_G_EU4" CO2="24712.77" CO="449.88" HC="2.67" NOx="10.94" PMx="0.61" fuel="10.62" electricity="0.00" noise="80.71" route="routetop" type="cfm-slow" waiting="0.00" lane="left_0" pos="46.70" speed="27.58" angle="100.52" x="56.49" y="-4.56"/>
        <vehicle id="cfm-slow_5" eclass="HBEFA3/PC_G_EU4" CO2="83281.21" CO="1674.72" HC="9.70" NOx="38.51" PMx="2.15" fuel="35.80" electricity="0.00" noise="112.40" route="routebottom" type="cfm-slow" waiting="0.00" lane="bottom_0" pos="19.48" speed="30.47" angle="59.39" x="103.10" y="7.53"/>
    </timestep>
    <timestep time="6.68">
        <vehicle id="cfm-fast_0" eclass="HBEFA3/PC_G_EU4" CO2="114777.17" CO="2324.16" HC="13.44" NOx="53.37" PMx="2.97" fuel="49.34" electricity="0.00" noise="129.63" route="routebottom" type="cfm-fast" waiting="0.00" lane="bottom_1" pos="42.64" speed="30.60" angle="17.79" x="127.22" y="48.68"/>
        <vehicle id="cfm-fast_1" eclass="HBEFA3/PC_G_EU4" CO2="0.00" CO="0.00" HC="0.00" NOx="0.00" PMx="0.00" fuel="0.00" electricity="0.00" noise="70.23" route="routebottom" type="cfm-fast" waiting="0.00" lane="right_0" pos="10.41" speed="25.71" angle="345.76" x="128.62" y="85.75"/>
        <vehicle id="cfm-fast_2" eclass="HBEFA3/PC_G_EU4" CO2="0.00" CO="0.00" HC="0.00" NOx="0.00" PMx="0.00" fuel="0.00" electricity="0.00" noise="69.42" route="routebottom" type="cfm-fast" waiting="0.00" lane="right_0" pos="27.04" speed="23.90" angle="315.86" x="108.97" y="115.18"/>
        <vehicle id="cfm-fast_3" eclass="HBEFA3/PC_G_EU4" CO2="0.00" CO="0.00" HC="0.00" NOx="0.00" PMx="0.00" fuel="0.00" electricity="0.00" noise="69.49" route="routebottom" type="cfm-fast" waiting="0.00" lane="right_0" pos="41.84" speed="22.57" angle="289.22" x="81.12" y="130.00"/>
        <vehicle id="cfm-fast_4" eclass="HBEFA3/PC_G_EU4" CO2="377800.62" CO="9722.66" HC="53.87" NOx="176.58" PMx="10.69" fuel="162.40" electricity="0.00" noise="158.63" route="routebottom" type="cfm-fast" waiting="0.00" lane="right_1" pos="11.74" speed="90.69" angle="343.32" x="124.57" y="87.21"/>
        <vehicle id="cfm-fast_5" eclass="HBEFA3/PC_G_EU4" CO2="6939.60" CO="67.07" HC="0.48" NOx="2.68" PMx="0.13" fuel="2.98" electricity="0.00" noise="70.95" route="routetop" type="cfm-fast" waiting="0.00" lane="top_0" pos="5.43" speed="22.13" angle="264.69" x="51.94" y="131.26"/>
        <vehicle id="cfm-slow_0" eclass="HBEFA3/PC_G_EU4" CO2="10008.30" CO="130.82" HC="0.84" NOx="4.11" PMx="0.21" fuel="4.30" electricity="0.00" noise="72.48" route="routetop" type="cfm-slow" waiting="0.00" lane="top_0" pos="18.66" speed="22.68" angle="240.86" x="25.69" y="120.79"/>
        <vehicle id="cfm-slow_1" eclass="HBEFA3/PC_G_EU4" CO2="11919.80" CO="171.96" HC="1.08" NOx="4.99" PMx="0.27" fuel="5.12" electricity="0.00" noise="73.67" route="routetop" type="cfm-slow" waiting="0.00" lane="top_0" pos="36.47" speed="23.72" angle="208.90" x="1.19" y="92.00"/>
        <vehicle id="cfm-slow_2" eclass="HBEFA3/PC_G_EU4" CO2="13127.52" CO="200.20" HC="1.24" NOx="5.53" PMx="0.30" fuel="5.64" electricity="0.00" noise="74.53" route="routetop" type="cfm-slow" waiting="0.00" lane="left_0" pos="5.34" speed="24.98" angle="174.87" x="-3.97" y="52.13"/>
        <vehicle id="cfm-slow_3" eclass="HBEFA3/PC_G_EU4" CO2="13844.60" CO="219.91" HC="1.35" NOx="5.84" PMx="0.32" fuel="5.95" electricity="0.00" noise="75.14" route="routetop" type="cfm-slow" waiting="0.00" lane="left_0" pos="25.50" speed="26.30" angle="138.59" x="15.91" y="14.40"/>
        <vehicle id="cfm-slow_4" eclass="HBEFA3/PC_G_EU4" CO2="25208.83" CO="460.24" HC="2.73" NOx="11.17" PMx="0.62" fuel="10.84" electricity="0.00" noise="80.98" route="routetop" type="cfm-slow" waiting="0.00" lane="left_0" pos="46.98" speed="27.61" angle="100.02" x="57.08" y="-4.62"/>
        <vehicle id="cfm-slow_5" eclass="HBEFA3/PC_G_EU4" CO2="81676.92" CO="1642.43" HC="9.52" NOx="37.75" PMx="2.11" fuel="35.11" electricity="0.00" noise="111.40" route="routebottom" type="cfm-slow" waiting="0.00" lane="bottom_0" pos="19.79" speed="30.57" angle="58.83" x="103.63" y="7.91"/>
    </timestep>
    <timestep time="6.69">
        <vehicle id="cfm-fast_0" eclass="HBEFA3/PC_G_EU4" CO2="115309.85" CO="2336.21" HC="13.51" NOx="53.62" PMx="2.99" fuel="49.57" electricity="0.00" noise="129.69" route="routebottom" type="cfm-fast" waiting="0.00" lane="bottom_1" pos="42.95" speed="30.74" angle="17.25" x="127.36" y="49.29"/>
        <vehicle id="cfm-fast_1" eclass="HBEFA3/PC_G_EU4" CO2="0.00" CO="0.00" HC="0.00" NOx="0.00" PMx="0.00" fuel="0.00" electricity="0.00" noise="70.23" route="routebottom" type="cfm-fast" waiting="0.00" lane="right_0" pos="10.66" speed="25.70" angle="345.27" x="128.43" y="86.27"/>
        <vehicle id="cfm-fast_2" eclass="HBEFA3/PC_G_EU4" CO2="0.00" CO="0.00" HC="0.00" NOx="0.00" PMx="0.00" fuel="0.00" electricity="0.00" noise="69.42" route="routebottom" type="cfm-fast" waiting="0.00" lane="right_0" pos="27.28" speed="23.89" angle="315.41" x="108.58" y="115.51"/>
        <vehicle id="cfm-fast_3" eclass="HBEFA3/PC_G_EU4" CO2="0.00" CO="0.00" HC="0.00" NOx="0.00" PMx="0.00" fuel="0.00" electricity="0.00" noise="69.50" route="routebottom" type="cfm-fast" waiting="0.00" lane="right_0" pos="42.07" speed="22.56" angle="288.81" x="80.65" y="130.13"/>
        <vehicle id="cfm-fast_4" eclass="HBEFA3/PC_G_EU4" CO2="378461.95" CO="9744.21" HC="53.99" NOx="176.89" PMx="10.71" fuel="162.68" electricity="0.00" noise="158.70" route="routebottom" type="cfm-fast" waiting="0.00" lane="right_1" pos="12.64" speed="90.83" angle="341.72" x="123.88" y="88.94"/>
        <vehicle id="cfm-fast_5" eclass="HBEFA3/PC_G_EU4" CO2="6965.26" CO="67.61" HC="0.48" NOx="2.69" PMx="0.13" fuel="2.99" electricity="0.00" noise="70.96" route="routetop" type="cfm-fast" waiting="0.00" lane="top_0" pos="5.65" speed="22.14" angle="264.28" x="51.48" y="131.17"/>
        <vehicle id="cfm-slow_0" eclass="HBEFA3/PC_G_EU4" CO2="10024.61" CO="131.17" HC="0.84" NOx="4.12" PMx="0.22" fuel="4.31" electricity="0.00" noise="72.50" route="routetop" type="cfm-slow" waiting="0.00" lane="top_0" pos="18.89" speed="22.69" angle="240.42" x="25.28" y="120.52"/>
        <vehicle id="cfm-slow_1" eclass="HBEFA3/PC_G_EU4" CO2="11929.86" CO="172.20" HC="1.08" NOx="4.99" PMx="0.27" fuel="5.13" electricity="0.00" noise="73.68" route="routetop" type="cfm-slow" waiting="0.00" lane="top_0" pos="36.70" speed="23.73" angle="208.45" x="0.98" y="91.54"/>
        <vehicle id="cfm-slow_2" eclass="HBEFA3/PC_G_EU4" CO2="13132.65" CO="200.35" HC="1.24" NOx="5.53" PMx="0.30" fuel="5.65" electricity="0.00" noise="74.53" route="routetop" type="cfm-slow" waiting="0.00" lane="left_0" pos="5.59" speed="25.00" angle="174.42" x="-3.88" y="51.60"/>
        <vehicle id="cfm-slow_3" eclass="HBEFA3/PC_G_EU4" CO2="13942.38" CO="221.99" HC="1.36" NOx="5.89" PMx="0.33" fuel="5.99" electricity="0.00" noise="75.18" route="routetop" type="cfm-slow" waiting="0.00" lane="left_0" pos="25.76" speed="26.32" angle="138.17" x="16.32" y="14.00"/>
        <vehicle id="cfm-slow_4" eclass="HBEFA3/PC_G_EU4" CO2="25686.94" CO="470.24" HC="2.78" NOx="11.40" PMx="0.64" fuel="11.04" electricity="0.00" noise="81.24" route="routetop" type="cfm-slow" waiting="0.00" lane="left_0" pos="47.26" speed="27.64" angle="99.51" x="57.67" y="-4.68"/>
        <vehicle id="cfm-slow_5" eclass="HBEFA3/PC_G_EU4" CO2="80080.96" CO="1610.31" HC="9.33" NOx="37.00" PMx="2.07" fuel="34.42" electricity="0.00" noise="110.43" route="routebottom" type="cfm-slow" waiting="0.00" lane="bottom_0" pos="20.10" speed="30.66" angle="58.26" x="104.17" y="8.30"/>
    </timestep>
    <timestep time="6.70">
        <vehicle id="cfm-fast_0" eclass="HBEFA3/PC_G_EU4" CO2="115842.82" CO="2348.28" HC="13.58" NOx="53.87" PMx="3.00" fuel="49.79" electricity="0.00" noise="129.76" route="routebottom" type="cfm-fast" waiting="0.00" lane="bottom_1" pos="43.26" speed="30.87" angle="16.71" x="127.50" y="49.91"/>
        <vehicle id="cfm-fast_1" eclass="HBEFA3/PC_G_EU4" CO2="0.00" CO="0.00" HC="0.00" NOx="0.00" PMx="0.00" fuel="0.00" electricity="0.00" noise="70.22" route="routebottom" type="cfm-fast" waiting="0.00" lane="right_0" pos="10.92" speed="25.68" angle="344.78" x="128.25" y="86.79"/>
        <vehicle id="cfm-fast_2" eclass="HBEFA3/PC_G_EU4" CO2="0.00" CO="0.00" HC="0.00" NOx="0.00" PMx="0.00" fuel="0.00" electricity="0.00" noise="69.41" route="routebottom" type="cfm-fast" waiting="0.00" lane="right_0" pos="27.52" speed="23.88" angle="314.97" x="108.19" y="115.84"/>
        <vehicle id="cfm-fast_3" eclass="HBEFA3/PC_G_EU4" CO2="0.00" CO="0.00" HC="0.00" NOx="0.00" PMx="0.00" fuel="0.00" electricity="0.00" noise="69.51" route="routebottom" type="cfm-fast" waiting="0.00" lane="right_0" pos="42.29" speed="22.56" angle="288.44" x="80.18" y="130.26"/>
        <vehicle id="cfm-fast_4" eclass="HBEFA3/PC_G_EU4" CO2="379123.57" CO="9765.78" HC="54.10" NOx="177.20" PMx="10.73" fuel="162.97" electricity="0.00" noise="158.77" route="routebottom" type="cfm-fast" waiting="0.00" lane="right_1" pos="13.55" speed="90.97" angle="340.08" x="123.13" y="90.65"/>
        <vehicle id="cfm-fast_5" eclass="HBEFA3/PC_G_EU4" CO2="6990.88" CO="68.14" HC="0.48" NOx="2.70" PMx="0.13" fuel="3.01" electricity="0.00" noise="70.98" route="routetop" type="cfm-fast" waiting="0.00" lane="top_0" pos="5.87" speed="22.14" angle="263.86" x="51.01" y="131.09"/>
        <vehicle id="cfm-slow_0" eclass="HBEFA3/PC_G_EU4" CO2="10040.89" CO="131.52" HC="0.85" NOx="4.13" PMx="0.22" fuel="4.32" electricity="0.00" noise="72.51" route="routetop" type="cfm-slow" waiting="0.00" lane="top_0" pos="19.12" speed="22.70" angle="239.99" x="24.88" y="120.25"/>
        <vehicle id="cfm-slow_1" eclass="HBEFA3/PC_G_EU4" CO2="11939.89" CO="172.43" HC="1.08" NOx="5.00" PMx="0.27" fuel="5.13" electricity="0.00" noise="73.69" route="routetop" type="cfm-slow" waiting="0.00" lane="top_0" pos="36.94" speed="23.75" angle="208.01" x="0.77" y="91.07"/>
        <vehicle id="cfm-slow_2" eclass="HBEFA3/PC_G_EU4" CO2="13138.59" CO="200.51" HC="1.24" NOx="5.54" PMx="0.30" fuel="5.65" electricity="0.00" noise="74.54" route="routetop" type="cfm-slow" waiting="0.00" lane="left_0" pos="5.84" speed="25.01" angle="173.96" x="-3.78" y="51.07"/>
        <vehicle id="cfm-slow_3" eclass="HBEFA3/PC_G_EU4" CO2="14043.55" CO="224.13" HC="1.37" NOx="5.93" PMx="0.33" fuel="6.04" electricity="0.00" noise="75.23" route="routetop" type="cfm-slow" waiting="0.00" lane="left_0" pos="26.02" speed="26.33" angle="137.68" x="16.74" y="13.62"/>
        <vehicle id="cfm-slow_4" eclass="HBEFA3/PC_G_EU4" CO2="26147.42" CO="479.88" HC="2.84" NOx="11.62" PMx="0.65" fuel="11.24" electricity="0.00" noise="81.49" route="routetop" type="cfm-slow" waiting="0.00" lane="left_0" pos="47.53" speed="27.67" angle="99.06" x="58.27" y="-4.74"/>
        <vehicle id="cfm-slow_5" eclass="HBEFA3/PC_G_EU4" CO2="78493.79" CO="1578.35" HC="9.14" NOx="36.25" PMx="2.03" fuel="33.74" electricity="0.00" noise="109.46" route="routebottom" type="cfm-slow" waiting="0.00" lane="bottom_0" pos="20.40" speed="30.75" angle="57.71" x="104.70" y="8.68"/>
    </timestep>
    <timestep time="6.71">
        <vehicle id="cfm-fast_0" eclass="HBEFA3/PC_G_EU4" CO2="116376.08" CO="2360.38" HC="13.65" NOx="54.12" PMx="3.02" fuel="50.02" electricity="0.00" noise="129.82" route="routebottom" type="cfm-fast" waiting="0.00" lane="bottom_1" pos="43.57" speed="31.01" angle="16.20" x="127.64" y="50.53"/>
        <vehicle id="cfm-fast_1" eclass="HBEFA3/PC_G_EU4" CO2="0.00" CO="0.00" HC="0.00" NOx="0.00" PMx="0.00" fuel="0.00" electricity="0.00" noise="70.21" route="routebottom" type="cfm-fast" waiting="0.00" lane="right_0" pos="11.18" speed="25.66" angle="344.29" x="128.06" y="87.31"/>
        <vehicle id="cfm-fast_2" eclass="HBEFA3/PC_G_EU4" CO2="0.00" CO="0.00" HC="0.00" NOx="0.00" PMx="0.00" fuel="0.00" electricity="0.00" noise="69.41" route="routebottom" type="cfm-fast" waiting="0.00" lane="right_0" pos="27.76" speed="23.87" angle="314.52" x="107.80" y="116.18"/>
        <vehicle id="cfm-fast_3" eclass="HBEFA3/PC_G_EU4" CO2="0.00" CO="0.00" HC="0.00" NOx="0.00" PMx="0.00" fuel="0.00" electricity="0.00" noise="69.51" route="routebottom" type="cfm-fast" waiting="0.00" lane="right_0" pos="42.52" speed="22.56" angle="288.05" x="79.71" y="130.37"/>
        <vehicle id="cfm-fast_4" eclass="HBEFA3/PC_G_EU4" CO2="379785.49" CO="9787.37" HC="54.22" NOx="177.51" PMx="10.75" fuel="163.25" electricity="0.00" noise="158.83" route="routebottom" type="cfm-fast" waiting="0.00" lane="right_1" pos="14.46" speed="91.10" angle="338.44" x="122.33" y="92.34"/>
        <vehicle id="cfm-fast_5" eclass="HBEFA3/PC_G_EU4" CO2="7016.45" CO="68.67" HC="0.48" NOx="2.71" PMx="0.14" fuel="3.02" electricity="0.00" noise="70.99" route="routetop" type="cfm-fast" waiting="0.00" lane="top_0" pos="6.10" speed="22.15" angle="263.45" x="50.54" y="131.00"/>
        <vehicle id="cfm-slow_0" eclass="HBEFA3/PC_G_EU4" CO2="10057.14" CO="131.87" HC="0.85" NOx="4.13" PMx="0.22" fuel="4.32" electricity="0.00" noise="72.52" route="routetop" type="cfm-slow" waiting="0.00" lane="top_0" pos="19.34" speed="22.71" angle="239.62" x="24.48" y="119.97"/>
        <vehicle id="cfm-slow_1" eclass="HBEFA3/PC_G_EU4" CO2="11949.90" CO="172.66" HC="1.08" NOx="5.00" PMx="0.27" fuel="5.14" electricity="0.00" noise="73.70" route="routetop" type="cfm-slow" waiting="0.00" lane="top_0" pos="37.18" speed="23.76" angle="207.62" x="0.56" y="90.60"/>
        <vehicle id="cfm-slow_2" eclass="HBEFA3/PC_G_EU4" CO2="13145.39" CO="200.70" HC="1.24" NOx="5.54" PMx="0.30" fuel="5.65" electricity="0.00" noise="74.54" route="routetop" type="cfm-slow" waiting="0.00" lane="left_0" pos="6.09" speed="25.02" angle="173.50" x="-3.68" y="50.54"/>
        <vehicle id="cfm-slow_3" eclass="HBEFA3/PC_G_EU4" CO2="14147.92" CO="226.34" HC="1.38" NOx="5.98" PMx="0.33" fuel="6.08" electricity="0.00" noise="75.28" route="routetop" type="cfm-slow" waiting="0.00" lane="left_0" pos="26.29" speed="26.34" angle="137.19" x="17.15" y="13.24"/>
        <vehicle id="cfm-slow_4" eclass="HBEFA3/PC_G_EU4" CO2="26590.58" CO="489.17" HC="2.89" NOx="11.82" PMx="0.66" fuel="11.43" electricity="0.00" noise="81.74" route="routetop" type="cfm-slow" waiting="0.00" lane="left_0" pos="47.81" speed="27.70" angle="98.53" x="58.86" y="-4.77"/>
        <vehicle id="cfm-slow_5" eclass="HBEFA3/PC_G_EU4" CO2="76915.82" CO="1546.57" HC="8.96" NOx="35.50" PMx="1.99" fuel="33.06" electricity="0.00" noise="108.51" route="routebottom" type="cfm-slow" waiting="0.00" lane="bottom_0" pos="20.71" speed="30.84" angle="57.20" x="105.23" y="9.09"/>
    </timestep>
    <timestep time="6.72">
        <vehicle id="cfm-fast_0" eclass="HBEFA3/PC_G_EU4" CO2="116909.63" CO="2372.49" HC="13.72" NOx="54.37" PMx="3.03" fuel="50.25" electricity="0.00" noise="129.89" route="routebottom" type="cfm-fast" waiting="0.00" lane="bottom_1" pos="43.88" speed="31.15" angle="15.61" x="127.76" y="51.16"/>
        <vehicle id="cfm-fast_1" eclass="HBEFA3/PC_G_EU4" CO2="0.00" CO="0.00" HC="0.00" NOx="0.00" PMx="0.00" fuel="0.00" electricity="0.00" noise="70.20" route="routebottom" type="cfm-fast" waiting="0.00" lane="right_0" pos="11.43" speed="25.64" angle="343.83" x="127.87" y="87.83"/>
        <vehicle id="cfm-fast_2" eclass="HBEFA3/PC_G_EU4" CO2="0.00" CO="0.00" HC="0.00" NOx="0.00" PMx="0.00" fuel="0.00" electricity="0.00" noise="69.41" route="routebottom" type="cfm-fast" waiting="0.00" lane="right_0" pos="28.00" speed="23.85" angle="314.07" x="107.41" y="116.51"/>
        <vehicle id="cfm-fast_3" eclass="HBEFA3/PC_G_EU4" CO2="0.00" CO="0.00" HC="0.00" NOx="0.00" PMx="0.00" fuel="0.00" electricity="0.00" noise="69.52" route="routebottom" type="cfm-fast" waiting="0.00" lane="right_0" pos="42.74" speed="22.55" angle="287.64" x="79.23" y="130.47"/>
        <vehicle id="cfm-fast_4" eclass="HBEFA3/PC_G_EU4" CO2="380447.69" CO="9808.98" HC="54.33" NOx="177.82" PMx="10.77" fuel="163.54" electricity="0.00" noise="158.90" route="routebottom" type="cfm-fast" waiting="0.00" lane="right_1" pos="15.38" speed="91.24" angle="336.80" x="121.50" y="94.01"/>
        <vehicle id="cfm-fast_5" eclass="HBEFA3/PC_G_EU4" CO2="7041.97" CO="69.20" HC="0.49" NOx="2.72" PMx="0.14" fuel="3.03" electricity="0.00" noise="71.00" route="routetop" type="cfm-fast" waiting="0.00" lane="top_0" pos="6.32" speed="22.16" angle="263.07" x="50.07" y="130.91"/>
        <vehicle id="cfm-slow_0" eclass="HBEFA3/PC_G_EU4" CO2="10073.35" CO="132.21" HC="0.85" NOx="4.14" PMx="0.22" fuel="4.33" electricity="0.00" noise="72.53" route="routetop" type="cfm-slow" waiting="0.00" lane="top_0" pos="19.57" speed="22.72" angle="239.21" x="24.08" y="119.69"/>
        <vehicle id="cfm-slow_1" eclass="HBEFA3/PC_G_EU4" CO2="11959.90" CO="172.90" HC="1.08" NOx="5.01" PMx="0.27" fuel="5.14" electricity="0.00" noise="73.70" route="routetop" type="cfm-slow" waiting="0.00" lane="top_0" pos="37.42" speed="23.77" angle="207.20" x="0.37" y="90.13"/>
        <vehicle id="cfm-slow_2" eclass="HBEFA3/PC_G_EU4" CO2="13153.05" CO="200.90" HC="1.24" NOx="5.54" PMx="0.30" fuel="5.65" electricity="0.00" noise="74.55" route="routetop" type="cfm-slow" waiting="0.00" lane="left_0" pos="6.34" speed="25.04" angle="173.09" x="-3.58" y="50.01"/>
        <vehicle id="cfm-slow_3" eclass="HBEFA3/PC_G_EU4" CO2="14255.30" CO="228.61" HC="1.40" NOx="6.03" PMx="0.33" fuel="6.13" electricity="0.00" noise="75.33" route="routetop" type="cfm-slow" waiting="0.00" lane="left_0" pos="26.55" speed="26.36" angle="136.70" x="17.57" y="12.85"/>
        <vehicle id="cfm-slow_4" eclass="HBEFA3/PC_G_EU4" CO2="27016.74" CO="498.11" HC="2.94" NOx="12.02" PMx="0.67" fuel="11.61" electricity="0.00" noise="81.97" route="routetop" type="cfm-slow" waiting="0.00" lane="left_0" pos="48.09" speed="27.73" angle="97.99" x="59.46" y="-4.81"/>
        <vehicle id="cfm-slow_5" eclass="HBEFA3/PC_G_EU4" CO2="75347.44" CO="1514.98" HC="8.78" NOx="34.76" PMx="1.95" fuel="32.39" electricity="0.00" noise="107.57" route="routebottom" type="cfm-slow" waiting="0.00" lane="bottom_0" pos="21.02" speed="30.93" angle="56.64" x="105.76" y="9.50"/>
    </timestep>
    <timestep time="6.73">
        <vehicle id="cfm-fast_0" eclass="HBEFA3/PC_G_EU4" CO2="117443.48" CO="2384.63" HC="13.79" NOx="54.62" PMx="3.05" fuel="50.48" electricity="0.00" noise="129.95" route="routebottom" type="cfm-fast" waiting="0.00" lane="bottom_1" pos="44.19" speed="31.28" angle="15.00" x="127.88" y="51.79"/>
        <vehicle id="cfm-fast_1" eclass="HBEFA3/PC_G_EU4" CO2="0.00" CO="0.00" HC="0.00" NOx="0.00" PMx="0.00" fuel="0.00" electricity="0.00" noise="70.19" route="routebottom" type="cfm-fast" waiting="0.00" lane="right_0" pos="11.69" speed="25.63" angle="343.40" x="127.67" y="88.34"/>
        <vehicle id="cfm-fast_2" eclass="HBEFA3/PC_G_EU4" CO2="0.00" CO="0.00" HC="0.00" NOx="0.00" PMx="0.00" fuel="0.00" electricity="0.00" noise="69.41" route="routebottom" type="cfm-fast" waiting="0.00" lane="right_0" pos="28.23" speed="23.84" angle="313.69" x="107.01" y="116.84"/>
        <vehicle id="cfm-fast_3" eclass="HBEFA3/PC_G_EU4" CO2="0.00" CO="0.00" HC="0.00" NOx="0.00" PMx="0.00" fuel="0.00" electricity="0.00" noise="69.53" route="routebottom" type="cfm-fast" waiting="0.00" lane="right_0" pos="42.97" speed="22.55" angle="287.23" x="78.76" y="130.58"/>
        <vehicle id="cfm-fast_4" eclass="HBEFA3/PC_G_EU4" CO2="381110.19" CO="9830.61" HC="54.45" NOx="178.13" PMx="10.79" fuel="163.82" electricity="0.00" noise="158.96" route="routebottom" type="cfm-fast" waiting="0.00" lane="right_1" pos="16.29" speed="91.38" angle="335.18" x="120.59" y="95.65"/>
        <vehicle id="cfm-fast_5" eclass="HBEFA3/PC_G_EU4" CO2="7067.44" CO="69.73" HC="0.49" NOx="2.74" PMx="0.14" fuel="3.04" electricity="0.00" noise="71.02" route="routetop" type="cfm-fast" waiting="0.00" lane="top_0" pos="6.54" speed="22.16" angle="262.68" x="49.60" y="130.81"/>
        <vehicle id="cfm-slow_0" eclass="HBEFA3/PC_G_EU4" CO2="10089.52" CO="132.56" HC="0.85" NOx="4.15" PMx="0.22" fuel="4.34" electricity="0.00" noise="72.54" route="routetop" type="cfm-slow" waiting="0.00" lane="top_0" pos="19.80" speed="22.73" angle="238.80" x="23.68" y="119.40"/>
        <vehicle id="cfm-slow_1" eclass="HBEFA3/PC_G_EU4" CO2="11969.89" CO="173.13" HC="1.08" NOx="5.01" PMx="0.27" fuel="5.15" electricity="0.00" noise="73.71" route="routetop" type="cfm-slow" waiting="0.00" lane="top_0" pos="37.65" speed="23.79" angle="206.76" x="0.18" y="89.65"/>
        <vehicle id="cfm-slow_2" eclass="HBEFA3/PC_G_EU4" CO2="13161.61" CO="201.12" HC="1.24" NOx="5.55" PMx="0.30" fuel="5.66" electricity="0.00" noise="74.56" route="routetop" type="cfm-slow" waiting="0.00" lane="left_0" pos="6.59" speed="25.05" angle="172.62" x="-3.47" y="49.49"/>
        <vehicle id="cfm-slow_3" eclass="HBEFA3/PC_G_EU4" CO2="14365.51" CO="230.94" HC="1.41" NOx="6.08" PMx="0.34" fuel="6.18" electricity="0.00" noise="75.38" route="routetop" type="cfm-slow" waiting="0.00" lane="left_0" pos="26.81" speed="26.37" angle="136.23" x="17.99" y="12.47"/>
        <vehicle id="cfm-slow_4" eclass="HBEFA3/PC_G_EU4" CO2="27426.18" CO="506.71" HC="2.99" NOx="12.22" PMx="0.68" fuel="11.79" electricity="0.00" noise="82.20" route="routetop" type="cfm-slow" waiting="0.00" lane="left_0" pos="48.36" speed="27.76" angle="97.46" x="60.05" y="-4.84"/>
        <vehicle id="cfm-slow_5" eclass="HBEFA3/PC_G_EU4" CO2="73789.02" CO="1483.58" HC="8.60" NOx="34.02" PMx="1.91" fuel="31.72" electricity="0.00" noise="106.64" route="routebottom" type="cfm-slow" waiting="0.00" lane="bottom_0" pos="21.33" speed="31.01" angle="56.07" x="106.28" y="9.91"/>
    </timestep>
    <timestep time="6.74">
        <vehicle id="cfm-fast_0" eclass="HBEFA3/PC_G_EU4" CO2="117977.62" CO="2396.79" HC="13.85" NOx="54.87" PMx="3.06" fuel="50.71" electricity="0.00" noise="130.02" route="routebottom" type="cfm-fast" waiting="0.00" lane="bottom_1" pos="44.51" speed="31.42" angle="14.39" x="127.99" y="52.42"/>
        <vehicle id="cfm-fast_1" eclass="HBEFA3/PC_G_EU4" CO2="0.00" CO="0.00" HC="0.00" NOx="0.00" PMx="0.00" fuel="0.00" electricity="0.00" noise="70.18" route="routebottom" type="cfm-fast" waiting="0.00" lane="right_0" pos="11.95" speed="25.61" angle="342.93" x="127.47" y="88.85"/>
        <vehicle id="cfm-fast_2" eclass="HBEFA3/PC_G_EU4" CO2="0.00" CO="0.00" HC="0.00" NOx="0.00" PMx="0.00" fuel="0.00" electricity="0.00" noise="69.40" route="routebottom" type="cfm-fast" waiting="0.00" lane="right_0" pos="28.47" speed="23.83" angle="313.26" x="106.61" y="117.15"/>
        <vehicle id="cfm-fast_3" eclass="HBEFA3/PC_G_EU4" CO2="0.00" CO="0.00" HC="0.00" NOx="0.00" PMx="0.00" fuel="0.00" electricity="0.00" noise="69.54" route="routebottom" type="cfm-fast" waiting="0.00" lane="right_0" pos="43.19" speed="22.55" angle="286.82" x="78.29" y="130.69"/>
        <vehicle id="cfm-fast_4" eclass="HBEFA3/PC_G_EU4" CO2="381772.98" CO="9852.27" HC="54.56" NOx="178.44" PMx="10.81" fuel="164.11" electricity="0.00" noise="159.03" route="routebottom" type="cfm-fast" waiting="0.00" lane="right_1" pos="17.21" speed="91.51" angle="333.55" x="119.65" y="97.27"/>
        <vehicle id="cfm-fast_5" eclass="HBEFA3/PC_G_EU4" CO2="7092.86" CO="70.26" HC="0.49" NOx="2.75" PMx="0.14" fuel="3.05" electricity="0.00" noise="71.03" route="routetop" type="cfm-fast" waiting="0.00" lane="top_0" pos="6.76" speed="22.17" angle="262.27" x="49.14" y="130.71"/>
        <vehicle id="cfm-slow_0" eclass="HBEFA3/PC_G_EU4" CO2="10105.66" CO="132.91" HC="0.85" NOx="4.16" PMx="0.22" fuel="4.34" electricity="0.00" noise="72.55" route="routetop" type="cfm-slow" waiting="0.00" lane="top_0" pos="20.03" speed="22.74" angle="238.39" x="23.29" y="119.11"/>
        <vehicle id="cfm-slow_1" eclass="HBEFA3/PC_G_EU4" CO2="11979.89" CO="173.37" HC="1.09" NOx="5.02" PMx="0.27" fuel="5.15" electricity="0.00" noise="73.72" route="routetop" type="cfm-slow" waiting="0.00" lane="top_0" pos="37.89" speed="23.80" angle="206.32" x="-0.01" y="89.18"/>
        <vehicle id="cfm-slow_2" eclass="HBEFA3/PC_G_EU4" CO2="13171.07" CO="201.36" HC="1.24" NOx="5.55" PMx="0.30" fuel="5.66" electricity="0.00" noise="74.57" route="routetop" type="cfm-slow" waiting="0.00" lane="left_0" pos="6.84" speed="25.06" angle="172.14" x="-3.35" y="48.96"/>
        <vehicle id="cfm-slow_3" eclass="HBEFA3/PC_G_EU4" CO2="14478.40" CO="233.32" HC="1.42" NOx="6.14" PMx="0.34" fuel="6.22" electricity="0.00" noise="75.44" route="routetop" type="cfm-slow" waiting="0.00" lane="left_0" pos="27.08" speed="26.39" angle="135.79" x="18.41" y="12.09"/>
        <vehicle id="cfm-slow_4" eclass="HBEFA3/PC_G_EU4" CO2="27819.20" CO="514.97" HC="3.04" NOx="12.40" PMx="0.69" fuel="11.96" electricity="0.00" noise="82.41" route="routetop" type="cfm-slow" waiting="0.00" lane="left_0" pos="48.64" speed="27.79" angle="96.93" x="60.65" y="-4.87"/>
        <vehicle id="cfm-slow_5" eclass="HBEFA3/PC_G_EU4" CO2="72240.92" CO="1452.38" HC="8.42" NOx="33.29" PMx="1.87" fuel="31.05" electricity="0.00" noise="105.73" route="routebottom" type="cfm-slow" waiting="0.00" lane="bottom_0" pos="21.64" speed="31.09" angle="55.51" x="106.81" y="10.32"/>
    </timestep>
    <timestep time="6.75">
        <vehicle id="cfm-fast_0" eclass="HBEFA3/PC_G_EU4" CO2="118512.05" CO="2408.97" HC="13.92" NOx="55.12" PMx="3.08" fuel="50.94" electricity="0.00" noise="130.08" route="routebottom" type="cfm-fast" waiting="0.00" lane="bottom_1" pos="44.82" speed="31.56" angle="13.81" x="128.11" y="53.06"/>
        <vehicle id="cfm-fast_1" eclass="HBEFA3/PC_G_EU4" CO2="0.00" CO="0.00" HC="0.00" NOx="0.00" PMx="0.00" fuel="0.00" electricity="0.00" noise="70.18" route="routebottom" type="cfm-fast" waiting="0.00" lane="right_0" pos="12.20" speed="25.59" angle="342.46" x="127.26" y="89.36"/>
        <vehicle id="cfm-fast_2" eclass="HBEFA3/PC_G_EU4" CO2="0.00" CO="0.00" HC="0.00" NOx="0.00" PMx="0.00" fuel="0.00" electricity="0.00" noise="69.40" route="routebottom" type="cfm-fast" waiting="0.00" lane="right_0" pos="28.71" speed="23.81" angle="312.82" x="106.21" y="117.47"/>
        <vehicle id="cfm-fast_3" eclass="HBEFA3/PC_G_EU4" CO2="0.00" CO="0.00" HC="0.00" NOx="0.00" PMx="0.00" fuel="0.00" electricity="0.00" noise="69.55" route="routebottom" type="cfm-fast" waiting="0.00" lane="right_0" pos="43.42" speed="22.54" angle="286.41" x="77.81" y="130.79"/>
        <vehicle id="cfm-fast_4" eclass="HBEFA3/PC_G_EU4" CO2="382436.06" CO="9873.95" HC="54.68" NOx="178.75" PMx="10.84" fuel="164.39" electricity="0.00" noise="159.10" route="routebottom" type="cfm-fast" waiting="0.00" lane="right_1" pos="18.12" speed="91.65" angle="331.91" x="118.67" y="98.88"/>
        <vehicle id="cfm-fast_5" eclass="HBEFA3/PC_G_EU4" CO2="7118.22" CO="70.79" HC="0.50" NOx="2.76" PMx="0.14" fuel="3.06" electricity="0.00" noise="71.04" route="routetop" type="cfm-fast" waiting="0.00" lane="top_0" pos="6.98" speed="22.17" angle="261.85" x="48.67" y="130.60"/>
        <vehicle id="cfm-slow_0" eclass="HBEFA3/PC_G_EU4" CO2="10121.76" CO="133.25" HC="0.86" NOx="4.16" PMx="0.22" fuel="4.35" electricity="0.00" noise="72.56" route="routetop" type="cfm-slow" waiting="0.00" lane="top_0" pos="20.25" speed="22.75" angle="237.97" x="22.89" y="118.83"/>
        <vehicle id="cfm-slow_1" eclass="HBEFA3/PC_G_EU4" CO2="11989.89" CO="173.60" HC="1.09" NOx="5.02" PMx="0.27" fuel="5.15" electricity="0.00" noise="73.73" route="routetop" type="cfm-slow" waiting="0.00" lane="top_0" pos="38.13" speed="23.81" angle="205.89" x="-0.20" y="88.70"/>
        <vehicle id="cfm-slow_2" eclass="HBEFA3/PC_G_EU4" CO2="13181.45" CO="201.62" HC="1.25" NOx="5.55" PMx="0.30" fuel="5.67" electricity="0.00" noise="74.57" route="routetop" type="cfm-slow" waiting="0.00" lane="left_0" pos="7.09" speed="25.08" angle="171.66" x="-3.22" y="48.44"/>
        <vehicle id="cfm-slow_3" eclass="HBEFA3/PC_G_EU4" CO2="14593.78" CO="235.76" HC="1.44" NOx="6.19" PMx="0.34" fuel="6.27" electricity="0.00" noise="75.49" route="routetop" type="cfm-slow" waiting="0.00" lane="left_0" pos="27.34" speed="26.40" angle="135.29" x="18.85" y="11.73"/>
        <vehicle id="cfm-slow_4" eclass="HBEFA3/PC_G_EU4" CO2="28196.09" CO="522.91" HC="3.09" NOx="12.58" PMx="0.70" fuel="12.12" electricity="0.00" noise="82.62" route="routetop" type="cfm-slow" waiting="0.00" lane="left_0" pos="48.92" speed="27.83" angle="96.47" x="61.25" y="-4.90"/>
        <vehicle id="cfm-slow_5" eclass="HBEFA3/PC_G_EU4" CO2="70703.49" CO="1421.39" HC="8.24" NOx="32.56" PMx="1.83" fuel="30.39" electricity="0.00" noise="104.83" route="routebottom" type="cfm-slow" waiting="0.00" lane="bottom_0" pos="21.95" speed="31.17" angle="54.98" x="107.33" y="10.75"/>
    </timestep>
    <timestep time="6.76">
        <vehicle id="cfm-fast_0" eclass="HBEFA3/PC_G_EU4" CO2="119046.77" CO="2421.17" HC="13.99" NOx="55.36" PMx="3.09" fuel="51.17" electricity="0.00" noise="130.15" route="routebottom" type="cfm-fast" waiting="0.00" lane="bottom_1" pos="45.14" speed="31.69" angle="13.26" x="128.20" y="53.70"/>
        <vehicle id="cfm-fast_1" eclass="HBEFA3/PC_G_EU4" CO2="0.00" CO="0.00" HC="0.00" NOx="0.00" PMx="0.00" fuel="0.00" electricity="0.00" noise="70.17" route="routebottom" type="cfm-fast" waiting="0.00" lane="right_0" pos="12.46" speed="25.58" angle="342.00" x="127.06" y="89.87"/>
        <vehicle id="cfm-fast_2" eclass="HBEFA3/PC_G_EU4" CO2="0.00" CO="0.00" HC="0.00" NOx="0.00" PMx="0.00" fuel="0.00" electricity="0.00" noise="69.40" route="routebottom" type="cfm-fast" waiting="0.00" lane="right_0" pos="28.95" speed="23.80" angle="312.39" x="105.80" y="117.79"/>
        <vehicle id="cfm-fast_3" eclass="HBEFA3/PC_G_EU4" CO2="0.00" CO="0.00" HC="0.00" NOx="0.00" PMx="0.00" fuel="0.00" electricity="0.00" noise="69.56" route="routebottom" type="cfm-fast" waiting="0.00" lane="right_0" pos="43.64" speed="22.54" angle="286.05" x="77.34" y="130.90"/>
        <vehicle id="cfm-fast_4" eclass="HBEFA3/PC_G_EU4" CO2="383099.44" CO="9895.65" HC="54.80" NOx="179.07" PMx="10.86" fuel="164.68" electricity="0.00" noise="159.16" route="routebottom" type="cfm-fast" waiting="0.00" lane="right_1" pos="19.04" speed="91.78" angle="330.17" x="117.62" y="100.44"/>
        <vehicle id="cfm-fast_5" eclass="HBEFA3/PC_G_EU4" CO2="7143.54" CO="71.31" HC="0.50" NOx="2.77" PMx="0.14" fuel="3.07" electricity="0.00" noise="71.05" route="routetop" type="cfm-fast" waiting="0.00" lane="top_0" pos="7.20" speed="22.18" angle="261.43" x="48.21" y="130.50"/>
        <vehicle id="cfm-slow_0" eclass="HBEFA3/PC_G_EU4" CO2="10137.82" CO="133.60" HC="0.86" NOx="4.17" PMx="0.22" fuel="4.36" electricity="0.00" noise="72.57" route="routetop" type="cfm-slow" waiting="0.00" lane="top_0" pos="20.48" speed="22.76" angle="237.61" x="22.49" y="118.54"/>
        <vehicle id="cfm-slow_1" eclass="HBEFA3/PC_G_EU4" CO2="11999.91" CO="173.84" HC="1.09" NOx="5.03" PMx="0.27" fuel="5.16" electricity="0.00" noise="73.74" route="routetop" type="cfm-slow" waiting="0.00" lane="top_0" pos="38.37" speed="23.82" angle="205.45" x="-0.40" y="88.23"/>
        <vehicle id="cfm-slow_2" eclass="HBEFA3/PC_G_EU4" CO2="13192.77" CO="201.90" HC="1.25" NOx="5.56" PMx="0.30" fuel="5.67" electricity="0.00" noise="74.58" route="routetop" type="cfm-slow" waiting="0.00" lane="left_0" pos="7.34" speed="25.09" angle="171.18" x="-3.10" y="47.91"/>
        <vehicle id="cfm-slow_3" eclass="HBEFA3/PC_G_EU4" CO2="14711.49" CO="238.25" HC="1.45" NOx="6.25" PMx="0.35" fuel="6.32" electricity="0.00" noise="75.55" route="routetop" type="cfm-slow" waiting="0.00" lane="left_0" pos="27.61" speed="26.41" angle="134.80" x="19.28" y="11.36"/>
        <vehicle id="cfm-slow_4" eclass="HBEFA3/PC_G_EU4" CO2="28557.13" CO="530.52" HC="3.13" NOx="12.75" PMx="0.71" fuel="12.28" electricity="0.00" noise="82.82" route="routetop" type="cfm-slow" waiting="0.00" lane="left_0" pos="49.20" speed="27.86" angle="95.97" x="61.85" y="-4.91"/>
        <vehicle id="cfm-slow_5" eclass="HBEFA3/PC_G_EU4" CO2="69177.04" CO="1390.62" HC="8.06" NOx="31.84" PMx="1.79" fuel="29.74" electricity="0.00" noise="103.94" route="routebottom" type="cfm-slow" waiting="0.00" lane="bottom_0" pos="22.27" speed="31.25" angle="54.39" x="107.84" y="11.18"/>
    </timestep>
    <timestep time="6.77">
        <vehicle id="cfm-fast_0" eclass="HBEFA3/PC_G_EU4" CO2="119581.78" CO="2433.40" HC="14.06" NOx="55.61" PMx="3.11" fuel="51.40" electricity="0.00" noise="130.21" route="routebottom" type="cfm-fast" waiting="0.00" lane="bottom_1" pos="45.46" speed="31.83" angle="12.67" x="128.29" y="54.35"/>
        <vehicle id="cfm-fast_1" eclass="HBEFA3/PC_G_EU4" CO2="0.00" CO="0.00" HC="0.00" NOx="0.00" PMx="0.00" fuel="0.00" electricity="0.00" noise="70.16" route="routebottom" type="cfm-fast" waiting="0.00" lane="right_0" pos="12.71" speed="25.56" angle="341.55" x="126.85" y="90.38"/>
        <vehicle id="cfm-fast_2" eclass="HBEFA3/PC_G_EU4" CO2="0.00" CO="0.00" HC="0.00" NOx="0.00" PMx="0.00" fuel="0.00" electricity="0.00" noise="69.40" route="routebottom" type="cfm-fast" waiting="0.00" lane="right_0" pos="29.19" speed="23.79" angle="311.96" x="105.40" y="118.10"/>
        <vehicle id="cfm-fast_3" eclass="HBEFA3/PC_G_EU4" CO2="0.00" CO="0.00" HC="0.00" NOx="0.00" PMx="0.00" fuel="0.00" electricity="0.00" noise="69.57" route="routebottom" type="cfm-fast" waiting="0.00" lane="right_0" pos="43.87" speed="22.54" angle="285.62" x="76.86" y="130.98"/>
        <vehicle id="cfm-fast_4" eclass="HBEFA3/PC_G_EU4" CO2="383763.10" CO="9917.37" HC="54.91" NOx="179.38" PMx="10.88" fuel="164.96" electricity="0.00" noise="159.23" route="routebottom" type="cfm-fast" waiting="0.00" lane="right_1" pos="19.96" speed="91.92" angle="328.52" x="116.53" y="101.98"/>
        <vehicle id="cfm-fast_5" eclass="HBEFA3/PC_G_EU4" CO2="7168.81" CO="71.84" HC="0.50" NOx="2.78" PMx="0.14" fuel="3.08" electricity="0.00" noise="71.07" route="routetop" type="cfm-fast" waiting="0.00" lane="top_0" pos="7.43" speed="22.19" angle="261.01" x="47.74" y="130.39"/>
        <vehicle id="cfm-slow_0" eclass="HBEFA3/PC_G_EU4" CO2="10153.85" CO="133.94" HC="0.86" NOx="4.18" PMx="0.22" fuel="4.36" electricity="0.00" noise="72.58" route="routetop" type="cfm-slow" waiting="0.00" lane="top_0" pos="20.71" speed="22.77" angle="237.20" x="22.11" y="118.24"/>
        <vehicle id="cfm-slow_1" eclass="HBEFA3/PC_G_EU4" CO2="12009.96" CO="174.07" HC="1.09" NOx="5.03" PMx="0.27" fuel="5.16" electricity="0.00" noise="73.74" route="routetop" type="cfm-slow" waiting="0.00" lane="top_0" pos="38.61" speed="23.84" angle="205.06" x="-0.58" y="87.75"/>
        <vehicle id="cfm-slow_2" eclass="HBEFA3/PC_G_EU4" CO2="13205.04" CO="202.19" HC="1.25" NOx="5.57" PMx="0.30" fuel="5.68" electricity="0.00" noise="74.59" route="routetop" type="cfm-slow" waiting="0.00" lane="left_0" pos="7.60" speed="25.10" angle="170.73" x="-2.98" y="47.38"/>
        <vehicle id="cfm-slow_3" eclass="HBEFA3/PC_G_EU4" CO2="14831.37" CO="240.78" HC="1.47" NOx="6.30" PMx="0.35" fuel="6.38" electricity="0.00" noise="75.60" route="routetop" type="cfm-slow" waiting="0.00" lane="left_0" pos="27.87" speed="26.43" angle="134.31" x="19.71" y="10.99"/>
        <vehicle id="cfm-slow_4" eclass="HBEFA3/PC_G_EU4" CO2="28902.58" CO="537.82" HC="3.17" NOx="12.91" PMx="0.72" fuel="12.42" electricity="0.00" noise="83.01" route="routetop" type="cfm-slow" waiting="0.00" lane="left_0" pos="49.48" speed="27.89" angle="95.46" x="62.45" y="-4.92"/>
        <vehicle id="cfm-slow_5" eclass="HBEFA3/PC_G_EU4" CO2="67661.88" CO="1360.06" HC="7.88" NOx="31.13" PMx="1.75" fuel="29.08" electricity="0.00" noise="103.06" route="routebottom" type="cfm-slow" waiting="0.00" lane="bottom_0" pos="22.58" speed="31.32" angle="53.80" x="108.35" y="11.62"/>
    </timestep>
    <timestep time="6.78">
        <vehicle id="cfm-fast_0" eclass="HBEFA3/PC_G_EU4" CO2="120117.08" CO="2445.64" HC="14.13" NOx="55.86" PMx="3.12" fuel="51.63" electricity="0.00" noise="130.28" route="routebottom" type="cfm-fast" waiting="0.00" lane="bottom_1" pos="45.78" speed="31.96" angle="12.09" x="128.39" y="55.00"/>
        <vehicle id="cfm-fast_1" eclass="HBEFA3/PC_G_EU4" CO2="0.00" CO="0.00" HC="0.00" NOx="0.00" PMx="0.00" fuel="0.00" electricity="0.00" noise="70.15" route="routebottom" type="cfm-fast" waiting="0.00" lane="right_0" pos="12.97" speed="25.54" angle="341.12" x="126.63" y="90.89"/>
        <vehicle id="cfm-fast_2" eclass="HBEFA3/PC_G_EU4" CO2="0.00" CO="0.00" HC="0.00" NOx="0.00" PMx="0.00" fuel="0.00" electricity="0.00" noise="69.40" route="routebottom" type="cfm-fast" waiting="0.00" lane="right_0" pos="29.42" speed="23.78" angle="311.55" x="105.00" y="118.42"/>
        <vehicle id="cfm-fast_3" eclass="HBEFA3/PC_G_EU4" CO2="0.00" CO="0.00" HC="0.00" NOx="0.00" PMx="0.00" fuel="0.00" electricity="0.00" noise="69.58" route="routebottom" type="cfm-fast" waiting="0.00" lane="right_0" pos="44.10" speed="22.53" angle="285.19" x="76.39" y="131.07"/>
        <vehicle id="cfm-fast_4" eclass="HBEFA3/PC_G_EU4" CO2="384427.06" CO="9939.11" HC="55.03" NOx="179.69" PMx="10.90" fuel="165.25" electricity="0.00" noise="159.29" route="routebottom" type="cfm-fast" waiting="0.00" lane="right_1" pos="20.88" speed="92.06" angle="326.88" x="115.40" y="103.49"/>
        <vehicle id="cfm-fast_5" eclass="HBEFA3/PC_G_EU4" CO2="7194.02" CO="72.36" HC="0.51" NOx="2.80" PMx="0.14" fuel="3.09" electricity="0.00" noise="71.08" route="routetop" type="cfm-fast" waiting="0.00" lane="top_0" pos="7.65" speed="22.19" angle="260.66" x="47.28" y="130.29"/>
        <vehicle id="cfm-slow_0" eclass="HBEFA3/PC_G_EU4" CO2="10169.84" CO="134.29" HC="0.86" NOx="4.19" PMx="0.22" fuel="4.37" electricity="0.00" noise="72.59" route="routetop" type="cfm-slow" waiting="0.00" lane="top_0" pos="20.94" speed="22.78" angle="236.78" x="21.72" y="117.94"/>
        <vehicle id="cfm-slow_1" eclass="HBEFA3/PC_G_EU4" CO2="12020.04" CO="174.31" HC="1.09" NOx="5.03" PMx="0.27" fuel="5.17" electricity="0.00" noise="73.75" route="routetop" type="cfm-slow" waiting="0.00" lane="top_0" pos="38.85" speed="23.85" angle="204.62" x="-0.75" y="87.26"/>
        <vehicle id="cfm-slow_2" eclass="HBEFA3/PC_G_EU4" CO2="13218.27" CO="202.51" HC="1.25" NOx="5.57" PMx="0.30" fuel="5.68" electricity="0.00" noise="74.60" route="routetop" type="cfm-slow" waiting="0.00" lane="left_0" pos="7.85" speed="25.12" angle="170.30" x="-2.85" y="46.86"/>
        <vehicle id="cfm-slow_3" eclass="HBEFA3/PC_G_EU4" CO2="14953.27" CO="243.36" HC="1.48" NOx="6.36" PMx="0.35" fuel="6.43" electricity="0.00" noise="75.66" route="routetop" type="cfm-slow" waiting="0.00" lane="left_0" pos="28.14" speed="26.44" angle="133.84" x="20.15" y="10.62"/>
        <vehicle id="cfm-slow_4" eclass="HBEFA3/PC_G_EU4" CO2="29232.73" CO="544.80" HC="3.21" NOx="13.07" PMx="0.73" fuel="12.57" electricity="0.00" noise="83.19" route="routetop" type="cfm-slow" waiting="0.00" lane="left_0" pos="49.76" speed="27.92" angle="94.95" x="63.05" y="-4.94"/>
        <vehicle id="cfm-slow_5" eclass="HBEFA3/PC_G_EU4" CO2="66158.30" CO="1329.73" HC="7.71" NOx="30.41" PMx="1.71" fuel="28.44" electricity="0.00" noise="102.20" route="routebottom" type="cfm-slow" waiting="0.00" lane="bottom_0" pos="22.89" speed="31.40" angle="53.21" x="108.86" y="12.06"/>
    </timestep>
    <timestep time="6.79">
        <vehicle id="cfm-fast_0" eclass="HBEFA3/PC_G_EU4" CO2="120652.68" CO="2457.91" HC="14.20" NOx="56.11" PMx="3.13" fuel="51.86" electricity="0.00" noise="130.35" route="routebottom" type="cfm-fast" waiting="0.00" lane="bottom_1" pos="46.10" speed="32.10" angle="11.53" x="128.48" y="55.65"/>
        <vehicle id="cfm-fast_1" eclass="HBEFA3/PC_G_EU4" CO2="0.00" CO="0.00" HC="0.00" NOx="0.00" PMx="0.00" fuel="0.00" electricity="0.00" noise="70.15" route="routebottom" type="cfm-fast" waiting="0.00" lane="right_0" pos="13.22" speed="25.53" angle="340.66" x="126.41" y="91.39"/>
        <vehicle id="cfm-fast_2" eclass="HBEFA3/PC_G_EU4" CO2="0.00" CO="0.00" HC="0.00" NOx="0.00" PMx="0.00" fuel="0.00" electricity="0.00" noise="69.39" route="routebottom" type="cfm-fast" waiting="0.00" lane="right_0" pos="29.66" speed="23.76" angle="311.14" x="104.59" y="118.72"/>
        <vehicle id="cfm-fast_3" eclass="HBEFA3/PC_G_EU4" CO2="0.00" CO="0.00" HC="0.00" NOx="0.00" PMx="0.00" fuel="0.00" electricity="0.00" noise="69.59" route="routebottom" type="cfm-fast" waiting="0.00" lane="right_0" pos="44.32" speed="22.53" angle="284.76" x="75.91" y="131.16"/>
        <vehicle id="cfm-fast_4" eclass="HBEFA3/PC_G_EU4" CO2="385091.31" CO="9960.87" HC="55.14" NOx="180.00" PMx="10.92" fuel="165.53" electricity="0.00" noise="159.36" route="routebottom" type="cfm-fast" waiting="0.00" lane="right_1" pos="21.80" speed="92.19" angle="325.24" x="114.24" y="104.98"/>
        <vehicle id="cfm-fast_5" eclass="HBEFA3/PC_G_EU4" CO2="7219.19" CO="72.89" HC="0.51" NOx="2.81" PMx="0.14" fuel="3.10" electricity="0.00" noise="71.09" route="routetop" type="cfm-fast" waiting="0.00" lane="top_0" pos="7.87" speed="22.20" angle="260.26" x="46.81" y="130.17"/>
        <vehicle id="cfm-slow_0" eclass="HBEFA3/PC_G_EU4" CO2="10185.80" CO="134.63" HC="0.86" NOx="4.19" PMx="0.22" fuel="4.38" electricity="0.00" noise="72.60" route="routetop" type="cfm-slow" waiting="0.00" lane="top_0" pos="21.16" speed="22.79" angle="236.36" x="21.33" y="117.64"/>
        <vehicle id="cfm-slow_1" eclass="HBEFA3/PC_G_EU4" CO2="12030.16" CO="174.55" HC="1.09" NOx="5.04" PMx="0.27" fuel="5.17" electricity="0.00" noise="73.76" route="routetop" type="cfm-slow" waiting="0.00" lane="top_0" pos="39.08" speed="23.86" angle="204.18" x="-0.92" y="86.78"/>
        <vehicle id="cfm-slow_2" eclass="HBEFA3/PC_G_EU4" CO2="13232.48" CO="202.85" HC="1.25" NOx="5.58" PMx="0.30" fuel="5.69" electricity="0.00" noise="74.61" route="routetop" type="cfm-slow" waiting="0.00" lane="left_0" pos="8.10" speed="25.13" angle="169.84" x="-2.71" y="46.34"/>
        <vehicle id="cfm-slow_3" eclass="HBEFA3/PC_G_EU4" CO2="15077.02" CO="245.97" HC="1.50" NOx="6.42" PMx="0.36" fuel="6.48" electricity="0.00" noise="75.72" route="routetop" type="cfm-slow" waiting="0.00" lane="left_0" pos="28.40" speed="26.46" angle="133.39" x="20.59" y="10.27"/>
        <vehicle id="cfm-slow_4" eclass="HBEFA3/PC_G_EU4" CO2="29547.83" CO="551.48" HC="3.25" NOx="13.21" PMx="0.74" fuel="12.70" electricity="0.00" noise="83.37" route="routebottom" type="cfm-slow" waiting="0.00" lane="bottom_0" pos="0.04" speed="27.96" angle="94.41" x="63.84" y="-4.95"/>
        <vehicle id="cfm-slow_5" eclass="HBEFA3/PC_G_EU4" CO2="64666.56" CO="1299.62" HC="7.53" NOx="29.71" PMx="1.67" fuel="27.80" electricity="0.00" noise="101.35" route="routebottom" type="cfm-slow" waiting="0.00" lane="bottom_0" pos="23.21" speed="31.47" angle="52.69" x="109.37" y="12.51"/>
    </timestep>
    <timestep time="6.80">
        <vehicle id="cfm-fast_0" eclass="HBEFA3/PC_G_EU4" CO2="121188.57" CO="2470.20" HC="14.27" NOx="56.36" PMx="3.15" fuel="52.09" electricity="0.00" noise="130.41" route="routebottom" type="cfm-fast" waiting="0.00" lane="bottom_1" pos="46.42" speed="32.24" angle="10.99" x="128.55" y="56.31"/>
        <vehicle id="cfm-fast_1" eclass="HBEFA3/PC_G_EU4" CO2="0.00" CO="0.00" HC="0.00" NOx="0.00" PMx="0.00" fuel="0.00" electricity="0.00" noise="70.14" route="routebottom" type="cfm-fast" waiting="0.00" lane="right_0" pos="13.48" speed="25.51" angle="340.20" x="126.19" y="91.89"/>
        <vehicle id="cfm-fast_2" eclass="HBEFA3/PC_G_EU4" CO2="0.00" CO="0.00" HC="0.00" NOx="0.00" PMx="0.00" fuel="0.00" electricity="0.00" noise="69.39" route="routebottom" type="cfm-fast" waiting="0.00" lane="right_0" pos="29.90" speed="23.75" angle="310.70" x="104.17" y="119.02"/>
        <vehicle id="cfm-fast_3" eclass="HBEFA3/PC_G_EU4" CO2="0.00" CO="0.00" HC="0.00" NOx="0.00" PMx="0.00" fuel="0.00" electricity="0.00" noise="69.60" route="routebottom" type="cfm-fast" waiting="0.00" lane="right_0" pos="44.55" speed="22.53" angle="284.33" x="75.43" y="131.25"/>
        <vehicle id="cfm-fast_4" eclass="HBEFA3/PC_G_EU4" CO2="385755.85" CO="9982.66" HC="55.26" NOx="180.31" PMx="10.94" fuel="165.82" electricity="0.00" noise="159.43" route="routebottom" type="cfm-fast" waiting="0.00" lane="right_1" pos="22.73" speed="92.33" angle="323.56" x="113.02" y="106.43"/>
        <vehicle id="cfm-fast_5" eclass="HBEFA3/PC_G_EU4" CO2="7244.30" CO="73.41" HC="0.51" NOx="2.82" PMx="0.14" fuel="3.11" electricity="0.00" noise="71.10" route="routetop" type="cfm-fast" waiting="0.00" lane="top_0" pos="8.09" speed="22.21" angle="259.85" x="46.35" y="130.04"/>
        <vehicle id="cfm-slow_0" eclass="HBEFA3/PC_G_EU4" CO2="10201.73" CO="134.97" HC="0.87" NOx="4.20" PMx="0.22" fuel="4.39" electricity="0.00" noise="72.61" route="routetop" type="cfm-slow" waiting="0.00" lane="top_0" pos="21.39" speed="22.80" angle="235.94" x="20.95" y="117.33"/>
        <vehicle id="cfm-slow_1" eclass="HBEFA3/PC_G_EU4" CO2="12040.33" CO="174.79" HC="1.09" NOx="5.04" PMx="0.27" fuel="5.18" electricity="0.00" noise="73.77" route="routetop" type="cfm-slow" waiting="0.00" lane="top_0" pos="39.32" speed="23.88" angle="203.74" x="-1.10" y="86.30"/>
        <vehicle id="cfm-slow_2" eclass="HBEFA3/PC_G_EU4" CO2="13247.66" CO="203.21" HC="1.25" NOx="5.58" PMx="0.30" fuel="5.69" electricity="0.00" noise="74.62" route="routetop" type="cfm-slow" waiting="0.00" lane="left_0" pos="8.35" speed="25.15" angle="169.38" x="-2.57" y="45.82"/>
        <vehicle id="cfm-slow_3" eclass="HBEFA3/PC_G_EU4" CO2="15202.49" CO="248.62" HC="1.51" NOx="6.48" PMx="0.36" fuel="6.53" electricity="0.00" noise="75.78" route="routetop" type="cfm-slow" waiting="0.00" lane="left_0" pos="28.66" speed="26.47" angle="132.90" x="21.04" y="9.91"/>
        <vehicle id="cfm-slow_4" eclass="HBEFA3/PC_G_EU4" CO2="29848.14" CO="557.86" HC="3.29" NOx="13.35" PMx="0.75" fuel="12.83" electricity="0.00" noise="83.53" route="routebottom" type="cfm-slow" waiting="0.00" lane="bottom_0" pos="0.32" speed="27.99" angle="93.90" x="64.44" y="-4.93"/>
        <vehicle id="cfm-slow_5" eclass="HBEFA3/PC_G_EU4" CO2="63186.93" CO="1269.76" HC="7.36" NOx="29.01" PMx="1.63" fuel="27.16" electricity="0.00" noise="100.51" route="routebottom" type="cfm-slow" waiting="0.00" lane="bottom_0" pos="23.52" speed="31.54" angle="52.12" x="109.87" y="12.97"/>
    </timestep>
    <timestep time="6.81">
        <vehicle id="cfm-fast_0" eclass="HBEFA3/PC_G_EU4" CO2="121724.75" CO="2482.51" HC="14.34" NOx="56.61" PMx="3.16" fuel="52.32" electricity="0.00" noise="130.48" route="routebottom" type="cfm-fast" waiting="0.00" lane="bottom_1" pos="46.74" speed="32.37" angle="10.41" x="128.62" y="56.97"/>
        <vehicle id="cfm-fast_1" eclass="HBEFA3/PC_G_EU4" CO2="0.00" CO="0.00" HC="0.00" NOx="0.00" PMx="0.00" fuel="0.00" electricity="0.00" noise="70.13" route="routebottom" type="cfm-fast" waiting="0.00" lane="right_0" pos="13.73" speed="25.49" angle="339.74" x="125.96" y="92.39"/>
        <vehicle id="cfm-fast_2" eclass="HBEFA3/PC_G_EU4" CO2="0.00" CO="0.00" HC="0.00" NOx="0.00" PMx="0.00" fuel="0.00" electricity="0.00" noise="69.39" route="routebottom" type="cfm-fast" waiting="0.00" lane="right_0" pos="30.14" speed="23.74" angle="310.26" x="103.76" y="119.32"/>
        <vehicle id="cfm-fast_3" eclass="HBEFA3/PC_G_EU4" CO2="0.00" CO="0.00" HC="0.00" NOx="0.00" PMx="0.00" fuel="0.00" electricity="0.00" noise="69.61" route="routebottom" type="cfm-fast" waiting="0.00" lane="right_0" pos="44.77" speed="22.52" angle="283.90" x="74.96" y="131.34"/>
        <vehicle id="cfm-fast_4" eclass="HBEFA3/PC_G_EU4" CO2="386420.69" CO="10004.46" HC="55.38" NOx="180.63" PMx="10.96" fuel="166.10" electricity="0.00" noise="159.49" route="routebottom" type="cfm-fast" waiting="0.00" lane="right_1" pos="23.65" speed="92.47" angle="321.94" x="111.75" y="107.84"/>
        <vehicle id="cfm-fast_5" eclass="HBEFA3/PC_G_EU4" CO2="7269.36" CO="73.93" HC="0.51" NOx="2.83" PMx="0.14" fuel="3.12" electricity="0.00" noise="71.12" route="routetop" type="cfm-fast" waiting="0.00" lane="top_0" pos="8.31" speed="22.21" angle="259.45" x="45.89" y="129.92"/>
        <vehicle id="cfm-slow_0" eclass="HBEFA3/PC_G_EU4" CO2="10217.62" CO="135.32" HC="0.87" NOx="4.21" PMx="0.22" fuel="4.39" electricity="0.00" noise="72.62" route="routetop" type="cfm-slow" waiting="0.00" lane="top_0" pos="21.62" speed="22.82" angle="235.52" x="20.56" y="117.03"/>
        <vehicle id="cfm-slow_1" eclass="HBEFA3/PC_G_EU4" CO2="12050.55" CO="175.03" HC="1.10" NOx="5.05" PMx="0.27" fuel="5.18" electricity="0.00" noise="73.77" route="routetop" type="cfm-slow" waiting="0.00" lane="top_0" pos="39.56" speed="23.89" angle="203.30" x="-1.27" y="85.81"/>
        <vehicle id="cfm-slow_2" eclass="HBEFA3/PC_G_EU4" CO2="13263.82" CO="203.58" HC="1.26" NOx="5.59" PMx="0.31" fuel="5.70" electricity="0.00" noise="74.63" route="routetop" type="cfm-slow" waiting="0.00" lane="left_0" pos="8.60" speed="25.16" angle="168.92" x="-2.43" y="45.29"/>
        <vehicle id="cfm-slow_3" eclass="HBEFA3/PC_G_EU4" CO2="15329.52" CO="251.31" HC="1.53" NOx="6.54" PMx="0.36" fuel="6.59" electricity="0.00" noise="75.84" route="routetop" type="cfm-slow" waiting="0.00" lane="left_0" pos="28.93" speed="26.49" angle="132.40" x="21.49" y="9.56"/>
        <vehicle id="cfm-slow_4" eclass="HBEFA3/PC_G_EU4" CO2="30133.91" CO="563.94" HC="3.32" NOx="13.49" PMx="0.75" fuel="12.95" electricity="0.00" noise="83.69" route="routebottom" type="cfm-slow" waiting="0.00" lane="bottom_0" pos="0.60" speed="28.02" angle="93.39" x="65.04" y="-4.92"/>
        <vehicle id="cfm-slow_5" eclass="HBEFA3/PC_G_EU4" CO2="61719.63" CO="1240.14" HC="7.19" NOx="28.32" PMx="1.59" fuel="26.53" electricity="0.00" noise="99.68" route="routebottom" type="cfm-slow" waiting="0.00" lane="bottom_0" pos="23.84" speed="31.60" angle="51.55" x="110.37" y="13.43"/>
    </timestep>
    <timestep time="6.82">
        <vehicle id="cfm-fast_0" eclass="HBEFA3/PC_G_EU4" CO2="122261.22" CO="2494.84" HC="14.41" NOx="56.86" PMx="3.18" fuel="52.55" electricity="0.00" noise="130.54" route="routebottom" type="cfm-fast" waiting="0.00" lane="bottom_1" pos="47.07" speed="32.51" angle="9.83" x="128.69" y="57.63"/>
        <vehicle id="cfm-fast_1" eclass="HBEFA3/PC_G_EU4" CO2="0.00" CO="0.00" HC="0.00" NOx="0.00" PMx="0.00" fuel="0.00" electricity="0.00" noise="70.12" route="routebottom" type="cfm-fast" waiting="0.00" lane="right_0" pos="13.99" speed="25.48" angle="339.29" x="125.74" y="92.89"/>
        <vehicle id="cfm-fast_2" eclass="HBEFA3/PC_G_EU4" CO2="0.00" CO="0.00" HC="0.00" NOx="0.00" PMx="0.00" fuel="0.00" electricity="0.00" noise="69.39" route="routebottom" type="cfm-fast" waiting="0.00" lane="right_0" pos="30.37" speed="23.73" angle="309.82" x="103.34" y="119.61"/>
        <vehicle id="cfm-fast_3" eclass="HBEFA3/PC_G_EU4" CO2="0.00" CO="0.00" HC="0.00" NOx="0.00" PMx="0.00" fuel="0.00" electricity="0.00" noise="69.61" route="routebottom" type="cfm-fast" waiting="0.00" lane="right_0" pos="45.00" speed="22.52" angle="283.56" x="74.48" y="131.42"/>
        <vehicle id="cfm-fast_4" eclass="HBEFA3/PC_G_EU4" CO2="387085.81" CO="10026.29" HC="55.49" NOx="180.94" PMx="10.98" fuel="166.39" electricity="0.00" noise="159.56" route="routebottom" type="cfm-fast" waiting="0.00" lane="right_1" pos="24.58" speed="92.60" angle="320.31" x="110.45" y="109.22"/>
        <vehicle id="cfm-fast_5" eclass="HBEFA3/PC_G_EU4" CO2="7294.37" CO="74.45" HC="0.52" NOx="2.84" PMx="0.14" fuel="3.14" electricity="0.00" noise="71.13" route="routetop" type="cfm-fast" waiting="0.00" lane="top_0" pos="8.54" speed="22.22" angle="259.04" x="45.43" y="129.80"/>
        <vehicle id="cfm-slow_0" eclass="HBEFA3/PC_G_EU4" CO2="10233.48" CO="135.66" HC="0.87" NOx="4.22" PMx="0.22" fuel="4.40" electricity="0.00" noise="72.63" route="routetop" type="cfm-slow" waiting="0.00" lane="top_0" pos="21.85" speed="22.83" angle="235.15" x="20.18" y="116.72"/>
        <vehicle id="cfm-slow_1" eclass="HBEFA3/PC_G_EU4" CO2="12060.85" CO="175.27" HC="1.10" NOx="5.05" PMx="0.27" fuel="5.18" electricity="0.00" noise="73.78" route="routetop" type="cfm-slow" waiting="0.00" lane="top_0" pos="39.80" speed="23.90" angle="202.93" x="-1.44" y="85.33"/>
        <vehicle id="cfm-slow_2" eclass="HBEFA3/PC_G_EU4" CO2="13280.98" CO="203.98" HC="1.26" NOx="5.60" PMx="0.31" fuel="5.71" electricity="0.00" noise="74.64" route="routetop" type="cfm-slow" waiting="0.00" lane="left_0" pos="8.85" speed="25.17" angle="168.48" x="-2.29" y="44.77"/>
        <vehicle id="cfm-slow_3" eclass="HBEFA3/PC_G_EU4" CO2="15457.98" CO="254.02" HC="1.54" NOx="6.60" PMx="0.37" fuel="6.64" electricity="0.00" noise="75.90" route="routetop" type="cfm-slow" waiting="0.00" lane="left_0" pos="29.19" speed="26.51" angle="131.91" x="21.94" y="9.21"/>
        <vehicle id="cfm-slow_4" eclass="HBEFA3/PC_G_EU4" CO2="30405.39" CO="569.72" HC="3.35" NOx="13.62" PMx="0.76" fuel="13.07" electricity="0.00" noise="83.83" route="routebottom" type="cfm-slow" waiting="0.00" lane="bottom_0" pos="0.88" speed="28.06" angle="92.88" x="65.65" y="-4.91"/>
        <vehicle id="cfm-slow_5" eclass="HBEFA3/PC_G_EU4" CO2="60264.92" CO="1210.76" HC="7.02" NOx="27.63" PMx="1.56" fuel="25.90" electricity="0.00" noise="98.87" route="routebottom" type="cfm-slow" waiting="0.00" lane="bottom_0" pos="24.16" speed="31.67" angle="50.98" x="110.87" y="13.89"/>
    </timestep>
    <timestep time="6.83">
        <vehicle id="cfm-fast_0" eclass="HBEFA3/PC_G_EU4" CO2="122797.99" CO="2507.19" HC="14.48" NOx="57.11" PMx="3.19" fuel="52.78" electricity="0.00" noise="130.61" route="routebottom" type="cfm-fast" waiting="0.00" lane="bottom_1" pos="47.40" speed="32.65" angle="9.28" x="128.76" y="58.29"/>
        <vehicle id="cfm-fast_1" eclass="HBEFA3/PC_G_EU4" CO2="0.00" CO="0.00" HC="0.00" NOx="0.00" PMx="0.00" fuel="0.00" electricity="0.00" noise="70.11" route="routebottom" type="cfm-fast" waiting="0.00" lane="right_0" pos="14.24" speed="25.46" angle="338.86" x="125.50" y="93.38"/>
        <vehicle id="cfm-fast_2" eclass="HBEFA3/PC_G_EU4" CO2="0.00" CO="0.00" HC="0.00" NOx="0.00" PMx="0.00" fuel="0.00" electricity="0.00" noise="69.39" route="routebottom" type="cfm-fast" waiting="0.00" lane="right_0" pos="30.61" speed="23.72" angle="309.38" x="102.93" y="119.91"/>
        <vehicle id="cfm-fast_3" eclass="HBEFA3/PC_G_EU4" CO2="0.00" CO="0.00" HC="0.00" NOx="0.00" PMx="0.00" fuel="0.00" electricity="0.00" noise="69.62" route="routebottom" type="cfm-fast" waiting="0.00" lane="right_0" pos="45.22" speed="22.52" angle="283.16" x="74.00" y="131.48"/>
        <vehicle id="cfm-fast_4" eclass="HBEFA3/PC_G_EU4" CO2="387751.23" CO="10048.14" HC="55.61" NOx="181.25" PMx="11.00" fuel="166.68" electricity="0.00" noise="159.62" route="routebottom" type="cfm-fast" waiting="0.00" lane="right_1" pos="25.50" speed="92.74" angle="318.61" x="109.10" y="110.57"/>
        <vehicle id="cfm-fast_5" eclass="HBEFA3/PC_G_EU4" CO2="7319.33" CO="74.97" HC="0.52" NOx="2.85" PMx="0.14" fuel="3.15" electricity="0.00" noise="71.14" route="routetop" type="cfm-fast" waiting="0.00" lane="top_0" pos="8.76" speed="22.22" angle="258.63" x="44.97" y="129.67"/>
        <vehicle id="cfm-slow_0" eclass="HBEFA3/PC_G_EU4" CO2="10249.30" CO="136.00" HC="0.87" NOx="4.22" PMx="0.22" fuel="4.41" electricity="0.00" noise="72.65" route="routetop" type="cfm-slow" waiting="0.00" lane="top_0" pos="22.08" speed="22.84" angle="234.73" x="19.80" y="116.41"/>
        <vehicle id="cfm-slow_1" eclass="HBEFA3/PC_G_EU4" CO2="12071.21" CO="175.51" HC="1.10" NOx="5.06" PMx="0.27" fuel="5.19" electricity="0.00" noise="73.79" route="routetop" type="cfm-slow" waiting="0.00" lane="top_0" pos="40.04" speed="23.91" angle="202.48" x="-1.59" y="84.84"/>
        <vehicle id="cfm-slow_2" eclass="HBEFA3/PC_G_EU4" CO2="13299.13" CO="204.40" HC="1.26" NOx="5.61" PMx="0.31" fuel="5.72" electricity="0.00" noise="74.65" route="routetop" type="cfm-slow" waiting="0.00" lane="left_0" pos="9.10" speed="25.19" angle="168.05" x="-2.14" y="44.25"/>
        <vehicle id="cfm-slow_3" eclass="HBEFA3/PC_G_EU4" CO2="15587.72" CO="256.76" HC="1.56" NOx="6.66" PMx="0.37" fuel="6.70" electricity="0.00" noise="75.97" route="routetop" type="cfm-slow" waiting="0.00" lane="left_0" pos="29.46" speed="26.52" angle="131.47" x="22.39" y="8.86"/>
        <vehicle id="cfm-slow_4" eclass="HBEFA3/PC_G_EU4" CO2="30662.84" CO="575.23" HC="3.38" NOx="13.74" PMx="0.77" fuel="13.18" electricity="0.00" noise="83.97" route="routebottom" type="cfm-slow" waiting="0.00" lane="bottom_0" pos="1.16" speed="28.09" angle="92.37" x="66.25" y="-4.89"/>
        <vehicle id="cfm-slow_5" eclass="HBEFA3/PC_G_EU4" CO2="58822.98" CO="1181.63" HC="6.85" NOx="26.95" PMx="1.52" fuel="25.29" electricity="0.00" noise="98.06" route="routebottom" type="cfm-slow" waiting="0.00" lane="bottom_0" pos="24.47" speed="31.73" angle="50.46" x="111.37" y="14.36"/>
    </timestep>
    <timestep time="6.84">
        <vehicle id="cfm-fast_0" eclass="HBEFA3/PC_G_EU4" CO2="123335.04" CO="2519.57" HC="14.55" NOx="57.37" PMx="3.21" fuel="53.02" electricity="0.00" noise="130.67" route="routebottom" type="cfm-fast" waiting="0.00" lane="bottom_1" pos="47.72" speed="32.78" angle="8.68" x="128.80" y="58.97"/>
        <vehicle id="cfm-fast_1" eclass="HBEFA3/PC_G_EU4" CO2="0.00" CO="0.00" HC="0.00" NOx="0.00" PMx="0.00" fuel="0.00" electricity="0.00" noise="70.11" route="routebottom" type="cfm-fast" waiting="0.00" lane="right_0" pos="14.50" speed="25.44" angle="338.37" x="125.26" y="93.87"/>
        <vehicle id="cfm-fast_2" eclass="HBEFA3/PC_G_EU4" CO2="0.00" CO="0.00" HC="0.00" NOx="0.00" PMx="0.00" fuel="0.00" electricity="0.00" noise="69.39" route="routebottom" type="cfm-fast" waiting="0.00" lane="right_0" pos="30.85" speed="23.70" angle="309.00" x="102.51" y="120.21"/>
        <vehicle id="cfm-fast_3" eclass="HBEFA3/PC_G_EU4" CO2="0.00" CO="0.00" HC="0.00" NOx="0.00" PMx="0.00" fuel="0.00" electricity="0.00" noise="69.63" route="routebottom" type="cfm-fast" waiting="0.00" lane="right_0" pos="45.45" speed="22.52" angle="282.75" x="73.52" y="131.55"/>
        <vehicle id="cfm-fast_4" eclass="HBEFA3/PC_G_EU4" CO2="388416.94" CO="10070.01" HC="55.73" NOx="181.57" PMx="11.02" fuel="166.96" electricity="0.00" noise="159.69" route="routebottom" type="cfm-fast" waiting="0.00" lane="right_1" pos="26.43" speed="92.88" angle="316.98" x="107.72" y="111.87"/>
        <vehicle id="cfm-fast_5" eclass="HBEFA3/PC_G_EU4" CO2="7344.23" CO="75.49" HC="0.52" NOx="2.87" PMx="0.14" fuel="3.16" electricity="0.00" noise="71.15" route="routetop" type="cfm-fast" waiting="0.00" lane="top_0" pos="8.98" speed="22.23" angle="258.29" x="44.50" y="129.55"/>
        <vehicle id="cfm-slow_0" eclass="HBEFA3/PC_G_EU4" CO2="10265.09" CO="136.34" HC="0.87" NOx="4.23" PMx="0.22" fuel="4.41" electricity="0.00" noise="72.66" route="routetop" type="cfm-slow" waiting="0.00" lane="top_0" pos="22.31" speed="22.85" angle="234.30" x="19.43" y="116.09"/>
        <vehicle id="cfm-slow_1" eclass="HBEFA3/PC_G_EU4" CO2="12081.66" CO="175.75" HC="1.10" NOx="5.06" PMx="0.27" fuel="5.19" electricity="0.00" noise="73.80" route="routetop" type="cfm-slow" waiting="0.00" lane="top_0" pos="40.28" speed="23.93" angle="202.03" x="-1.75" y="84.35"/>
        <vehicle id="cfm-slow_2" eclass="HBEFA3/PC_G_EU4" CO2="13318.29" CO="204.84" HC="1.26" NOx="5.62" PMx="0.31" fuel="5.72" electricity="0.00" noise="74.66" route="routetop" type="cfm-slow" waiting="0.00" lane="left_0" pos="9.36" speed="25.20" angle="167.58" x="-1.98" y="43.73"/>
        <vehicle id="cfm-slow_3" eclass="HBEFA3/PC_G_EU4" CO2="15718.62" CO="259.53" HC="1.57" NOx="6.72" PMx="0.37" fuel="6.76" electricity="0.00" noise="76.03" route="routetop" type="cfm-slow" waiting="0.00" lane="left_0" pos="29.73" speed="26.54" angle="131.00" x="22.85" y="8.52"/>
        <vehicle id="cfm-slow_4" eclass="HBEFA3/PC_G_EU4" CO2="30906.47" CO="580.45" HC="3.41" NOx="13.85" PMx="0.77" fuel="13.29" electricity="0.00" noise="84.10" route="routebottom" type="cfm-slow" waiting="0.00" lane="bottom_0" pos="1.44" speed="28.13" angle="91.89" x="66.86" y="-4.86"/>
        <vehicle id="cfm-slow_5" eclass="HBEFA3/PC_G_EU4" CO2="57394.03" CO="1152.75" HC="6.68" NOx="26.27" PMx="1.48" fuel="24.67" electricity="0.00" noise="97.27" route="routebottom" type="cfm-slow" waiting="0.00" lane="bottom_0" pos="24.79" speed="31.79" angle="49.87" x="111.85" y="14.84"/>
    </timestep>
    <timestep time="6.85">
        <vehicle id="cfm-fast_0" eclass="HBEFA3/PC_G_EU4" CO2="123872.39" CO="2531.96" HC="14.62" NOx="57.62" PMx="3.22" fuel="53.25" electricity="0.00" noise="130.74" route="routebottom" type="cfm-fast" waiting="0.00" lane="bottom_1" pos="48.05" speed="32.92" angle="8.04" x="128.84" y="59.64"/>
        <vehicle id="cfm-fast_1" eclass="HBEFA3/PC_G_EU4" CO2="0.00" CO="0.00" HC="0.00" NOx="0.00" PMx="0.00" fuel="0.00" electricity="0.00" noise="70.10" route="routebottom" type="cfm-fast" waiting="0.00" lane="right_0" pos="14.75" speed="25.43" angle="337.89" x="125.01" y="94.36"/>
        <vehicle id="cfm-fast_2" eclass="HBEFA3/PC_G_EU4" CO2="0.00" CO="0.00" HC="0.00" NOx="0.00" PMx="0.00" fuel="0.00" electricity="0.00" noise="69.39" route="routebottom" type="cfm-fast" waiting="0.00" lane="right_0" pos="31.09" speed="23.69" angle="308.57" x="102.09" y="120.49"/>
        <vehicle id="cfm-fast_3" eclass="HBEFA3/PC_G_EU4" CO2="0.00" CO="0.00" HC="0.00" NOx="0.00" PMx="0.00" fuel="0.00" electricity="0.00" noise="69.64" route="routebottom" type="cfm-fast" waiting="0.00" lane="right_0" pos="45.67" speed="22.51" angle="282.34" x="73.04" y="131.62"/>
        <vehicle id="cfm-fast_4" eclass="HBEFA3/PC_G_EU4" CO2="389082.94" CO="10091.90" HC="55.84" NOx="181.88" PMx="11.04" fuel="167.25" electricity="0.00" noise="159.75" route="routebottom" type="cfm-fast" waiting="0.00" lane="right_1" pos="27.36" speed="93.01" angle="315.27" x="106.29" y="113.13"/>
        <vehicle id="cfm-fast_5" eclass="HBEFA3/PC_G_EU4" CO2="7369.09" CO="76.01" HC="0.53" NOx="2.88" PMx="0.15" fuel="3.17" electricity="0.00" noise="71.17" route="routetop" type="cfm-fast" waiting="0.00" lane="top_0" pos="9.20" speed="22.24" angle="257.88" x="44.05" y="129.41"/>
        <vehicle id="cfm-slow_0" eclass="HBEFA3/PC_G_EU4" CO2="10280.86" CO="136.68" HC="0.88" NOx="4.24" PMx="0.22" fuel="4.42" electricity="0.00" noise="72.67" route="routetop" type="cfm-slow" waiting="0.00" lane="top_0" pos="22.53" speed="22.86" angle="233.87" x="19.05" y="115.77"/>
        <vehicle id="cfm-slow_1" eclass="HBEFA3/PC_G_EU4" CO2="12092.20" CO="176.00" HC="1.10" NOx="5.07" PMx="0.27" fuel="5.20" electricity="0.00" noise="73.81" route="routetop" type="cfm-slow" waiting="0.00" lane="top_0" pos="40.52" speed="23.94" angle="201.58" x="-1.90" y="83.85"/>
        <vehicle id="cfm-slow_2" eclass="HBEFA3/PC_G_EU4" CO2="13338.44" CO="205.30" HC="1.27" NOx="5.63" PMx="0.31" fuel="5.73" electricity="0.00" noise="74.67" route="routetop" type="cfm-slow" waiting="0.00" lane="left_0" pos="9.61" speed="25.21" angle="167.12" x="-1.82" y="43.21"/>
        <vehicle id="cfm-slow_3" eclass="HBEFA3/PC_G_EU4" CO2="15850.53" CO="262.32" HC="1.59" NOx="6.78" PMx="0.38" fuel="6.81" electricity="0.00" noise="76.09" route="routetop" type="cfm-slow" waiting="0.00" lane="left_0" pos="29.99" speed="26.55" angle="130.51" x="23.31" y="8.19"/>
        <vehicle id="cfm-slow_4" eclass="HBEFA3/PC_G_EU4" CO2="31136.54" CO="585.39" HC="3.44" NOx="13.96" PMx="0.78" fuel="13.38" electricity="0.00" noise="84.23" route="routebottom" type="cfm-slow" waiting="0.00" lane="bottom_0" pos="1.72" speed="28.16" angle="91.38" x="67.46" y="-4.83"/>
        <vehicle id="cfm-slow_5" eclass="HBEFA3/PC_G_EU4" CO2="55978.24" CO="1124.14" HC="6.52" NOx="25.60" PMx="1.44" fuel="24.06" electricity="0.00" noise="96.49" route="routebottom" type="cfm-slow" waiting="0.00" lane="bottom_0" pos="25.11" speed="31.85" angle="49.28" x="112.34" y="15.33"/>
    </timestep>
    <timestep time="6.86">
        <vehicle id="cfm-fast_0" eclass="HBEFA3/PC_G_EU4" CO2="124410.03" CO="2544.38" HC="14.69" NOx="57.87" PMx="3.24" fuel="53.48" electricity="0.00" noise="130.80" route="routebottom" type="cfm-fast" waiting="0.00" lane="bottom_1" pos="48.38" speed="33.06" angle="7.40" x="128.88" y="60.32"/>
        <vehicle id="cfm-fast_1" eclass="HBEFA3/PC_G_EU4" CO2="0.00" CO="0.00" HC="0.00" NOx="0.00" PMx="0.00" fuel="0.00" electricity="0.00" noise="70.09" route="routebottom" type="cfm-fast" waiting="0.00" lane="right_0" pos="15.01" speed="25.41" angle="337.40" x="124.77" y="94.85"/>
        <vehicle id="cfm-fast_2" eclass="HBEFA3/PC_G_EU4" CO2="0.00" CO="0.00" HC="0.00" NOx="0.00" PMx="0.00" fuel="0.00" electricity="0.00" noise="69.38" route="routebottom" type="cfm-fast" waiting="0.00" lane="right_0" pos="31.32" speed="23.68" angle="308.15" x="101.66" y="120.77"/>
        <vehicle id="cfm-fast_3" eclass="HBEFA3/PC_G_EU4" CO2="0.00" CO="0.00" HC="0.00" NOx="0.00" PMx="0.00" fuel="0.00" electricity="0.00" noise="69.65" route="routebottom" type="cfm-fast" waiting="0.00" lane="right_0" pos="45.90" speed="22.51" angle="281.94" x="72.56" y="131.69"/>
        <vehicle id="cfm-fast_4" eclass="HBEFA3/PC_G_EU4" CO2="389749.23" CO="10113.82" HC="55.96" NOx="182.19" PMx="11.06" fuel="167.53" electricity="0.00" noise="159.82" route="routebottom" type="cfm-fast" waiting="0.00" lane="right_1" pos="28.29" speed="93.15" angle="313.52" x="104.82" y="114.36"/>
        <vehicle id="cfm-fast_5" eclass="HBEFA3/PC_G_EU4" CO2="7393.89" CO="76.52" HC="0.53" NOx="2.89" PMx="0.15" fuel="3.18" electricity="0.00" noise="71.18" route="routetop" type="cfm-fast" waiting="0.00" lane="top_0" pos="9.43" speed="22.24" angle="257.48" x="43.59" y="129.26"/>
        <vehicle id="cfm-slow_0" eclass="HBEFA3/PC_G_EU4" CO2="10296.59" CO="137.02" HC="0.88" NOx="4.24" PMx="0.22" fuel="4.43" electricity="0.00" noise="72.68" route="routetop" type="cfm-slow" waiting="0.00" lane="top_0" pos="22.76" speed="22.87" angle="233.44" x="18.67" y="115.45"/>
        <vehicle id="cfm-slow_1" eclass="HBEFA3/PC_G_EU4" CO2="12102.83" CO="176.25" HC="1.10" NOx="5.07" PMx="0.27" fuel="5.20" electricity="0.00" noise="73.81" route="routetop" type="cfm-slow" waiting="0.00" lane="top_0" pos="40.76" speed="23.95" angle="201.14" x="-2.05" y="83.36"/>
        <vehicle id="cfm-slow_2" eclass="HBEFA3/PC_G_EU4" CO2="13359.60" CO="205.79" HC="1.27" NOx="5.64" PMx="0.31" fuel="5.74" electricity="0.00" noise="74.69" route="routetop" type="cfm-slow" waiting="0.00" lane="left_0" pos="9.86" speed="25.23" angle="166.65" x="-1.66" y="42.69"/>
        <vehicle id="cfm-slow_3" eclass="HBEFA3/PC_G_EU4" CO2="15983.34" CO="265.13" HC="1.61" NOx="6.84" PMx="0.38" fuel="6.87" electricity="0.00" noise="76.16" route="routetop" type="cfm-slow" waiting="0.00" lane="left_0" pos="30.26" speed="26.57" angle="130.02" x="23.78" y="7.85"/>
        <vehicle id="cfm-slow_4" eclass="HBEFA3/PC_G_EU4" CO2="31353.27" CO="590.06" HC="3.47" NOx="14.06" PMx="0.79" fuel="13.48" electricity="0.00" noise="84.34" route="routebottom" type="cfm-slow" waiting="0.00" lane="bottom_0" pos="2.00" speed="28.20" angle="90.88" x="68.07" y="-4.79"/>
        <vehicle id="cfm-slow_5" eclass="HBEFA3/PC_G_EU4" CO2="54575.80" CO="1095.78" HC="6.35" NOx="24.94" PMx="1.41" fuel="23.46" electricity="0.00" noise="95.72" route="routebottom" type="cfm-slow" waiting="0.00" lane="bottom_0" pos="25.43" speed="31.91" angle="48.68" x="112.82" y="15.81"/>
    </timestep>
    <timestep time="6.87">
        <vehicle id="cfm-fast_0" eclass="HBEFA3/PC_G_EU4" CO2="124947.96" CO="2556.82" HC="14.76" NOx="58.12" PMx="3.25" fuel="53.71" electricity="0.00" noise="130.87" route="routebottom" type="cfm-fast" waiting="0.00" lane="bottom_1" pos="48.72" speed="33.19" angle="6.82" x="128.92" y="61.00"/>
        <vehicle id="cfm-fast_1" eclass="HBEFA3/PC_G_EU4" CO2="0.00" CO="0.00" HC="0.00" NOx="0.00" PMx="0.00" fuel="0.00" electricity="0.00" noise="70.08" route="routebottom" type="cfm-fast" waiting="0.00" lane="right_0" pos="15.26" speed="25.39" angle="336.93" x="124.52" y="95.34"/>
        <vehicle id="cfm-fast_2" eclass="HBEFA3/PC_G_EU4" CO2="0.00" CO="0.00" HC="0.00" NOx="0.00" PMx="0.00" fuel="0.00" electricity="0.00" noise="69.38" route="routebottom" type="cfm-fast" waiting="0.00" lane="right_0" pos="31.56" speed="23.67" angle="307.72" x="101.24" y="121.06"/>
        <vehicle id="cfm-fast_3" eclass="HBEFA3/PC_G_EU4" CO2="0.00" CO="0.00" HC="0.00" NOx="0.00" PMx="0.00" fuel="0.00" electricity="0.00" noise="69.66" route="routebottom" type="cfm-fast" waiting="0.00" lane="right_0" pos="46.12" speed="22.51" angle="281.56" x="72.08" y="131.76"/>
        <vehicle id="cfm-fast_4" eclass="HBEFA3/PC_G_EU4" CO2="390415.82" CO="10135.75" HC="56.08" NOx="182.51" PMx="11.08" fuel="167.82" electricity="0.00" noise="159.89" route="routebottom" type="cfm-fast" waiting="0.00" lane="right_1" pos="29.23" speed="93.28" angle="311.82" x="103.32" y="115.54"/>
        <vehicle id="cfm-fast_5" eclass="HBEFA3/PC_G_EU4" CO2="7418.64" CO="77.04" HC="0.53" NOx="2.90" PMx="0.15" fuel="3.19" electricity="0.00" noise="71.19" route="routetop" type="cfm-fast" waiting="0.00" lane="top_0" pos="9.65" speed="22.25" angle="257.08" x="43.13" y="129.12"/>
        <vehicle id="cfm-slow_0" eclass="HBEFA3/PC_G_EU4" CO2="10312.29" CO="137.36" HC="0.88" NOx="4.25" PMx="0.22" fuel="4.43" electricity="0.00" noise="72.69" route="routetop" type="cfm-slow" waiting="0.00" lane="top_0" pos="22.99" speed="22.88" angle="233.05" x="18.30" y="115.14"/>
        <vehicle id="cfm-slow_1" eclass="HBEFA3/PC_G_EU4" CO2="12113.57" CO="176.50" HC="1.10" NOx="5.08" PMx="0.27" fuel="5.21" electricity="0.00" noise="73.82" route="routetop" type="cfm-slow" waiting="0.00" lane="top_0" pos="41.00" speed="23.97" angle="200.72" x="-2.20" y="82.87"/>
        <vehicle id="cfm-slow_2" eclass="HBEFA3/PC_G_EU4" CO2="13381.75" CO="206.29" HC="1.27" NOx="5.65" PMx="0.31" fuel="5.75" electricity="0.00" noise="74.70" route="routetop" type="cfm-slow" waiting="0.00" lane="left_0" pos="10.11" speed="25.24" angle="166.19" x="-1.50" y="42.18"/>
        <vehicle id="cfm-slow_3" eclass="HBEFA3/PC_G_EU4" CO2="16116.92" CO="267.95" HC="1.62" NOx="6.91" PMx="0.38" fuel="6.93" electricity="0.00" noise="76.23" route="routetop" type="cfm-slow" waiting="0.00" lane="left_0" pos="30.52" speed="26.59" angle="129.54" x="24.24" y="7.52"/>
        <vehicle id="cfm-slow_4" eclass="HBEFA3/PC_G_EU4" CO2="31556.90" CO="594.46" HC="3.49" NOx="14.16" PMx="0.79" fuel="13.56" electricity="0.00" noise="84.45" route="routebottom" type="cfm-slow" waiting="0.00" lane="bottom_0" pos="2.29" speed="28.24" angle="90.37" x="68.67" y="-4.76"/>
        <vehicle id="cfm-slow_5" eclass="HBEFA3/PC_G_EU4" CO2="53186.86" CO="1067.69" HC="6.19" NOx="24.28" PMx="1.37" fuel="22.86" electricity="0.00" noise="94.96" route="routebottom" type="cfm-slow" waiting="0.00" lane="bottom_0" pos="25.75" speed="31.97" angle="48.16" x="113.30" y="16.30"/>
    </timestep>
    <timestep time="6.88">
        <vehicle id="cfm-fast_0" eclass="HBEFA3/PC_G_EU4" CO2="125486.19" CO="2569.28" HC="14.83" NOx="58.37" PMx="3.27" fuel="53.94" electricity="0.00" noise="130.93" route="routebottom" type="cfm-fast" waiting="0.00" lane="bottom_1" pos="49.05" speed="33.33" angle="6.22" x="128.93" y="61.68"/>
        <vehicle id="cfm-fast_1" eclass="HBEFA3/PC_G_EU4" CO2="0.00" CO="0.00" HC="0.00" NOx="0.00" PMx="0.00" fuel="0.00" electricity="0.00" noise="70.08" route="routebottom" type="cfm-fast" waiting="0.00" lane="right_0" pos="15.51" speed="25.38" angle="336.53" x="124.26" y="95.82"/>
        <vehicle id="cfm-fast_2" eclass="HBEFA3/PC_G_EU4" CO2="0.00" CO="0.00" HC="0.00" NOx="0.00" PMx="0.00" fuel="0.00" electricity="0.00" noise="69.38" route="routebottom" type="cfm-fast" waiting="0.00" lane="right_0" pos="31.80" speed="23.66" angle="307.30" x="100.82" y="121.34"/>
        <vehicle id="cfm-fast_3" eclass="HBEFA3/PC_G_EU4" CO2="0.00" CO="0.00" HC="0.00" NOx="0.00" PMx="0.00" fuel="0.00" electricity="0.00" noise="69.67" route="routebottom" type="cfm-fast" waiting="0.00" lane="right_0" pos="46.35" speed="22.51" angle="281.18" x="71.60" y="131.81"/>
        <vehicle id="cfm-fast_4" eclass="HBEFA3/PC_G_EU4" CO2="391082.70" CO="10157.71" HC="56.20" NOx="182.82" PMx="11.10" fuel="168.11" electricity="0.00" noise="159.95" route="routebottom" type="cfm-fast" waiting="0.00" lane="right_1" pos="30.16" speed="93.42" angle="310.17" x="101.78" y="116.68"/>
        <vehicle id="cfm-fast_5" eclass="HBEFA3/PC_G_EU4" CO2="7443.34" CO="77.55" HC="0.54" NOx="2.91" PMx="0.15" fuel="3.20" electricity="0.00" noise="71.21" route="routetop" type="cfm-fast" waiting="0.00" lane="top_0" pos="9.87" speed="22.26" angle="256.67" x="42.68" y="128.98"/>
        <vehicle id="cfm-slow_0" eclass="HBEFA3/PC_G_EU4" CO2="10327.97" CO="137.70" HC="0.88" NOx="4.26" PMx="0.22" fuel="4.44" electricity="0.00" noise="72.70" route="routetop" type="cfm-slow" waiting="0.00" lane="top_0" pos="23.22" speed="22.89" angle="232.68" x="17.93" y="114.81"/>
        <vehicle id="cfm-slow_1" eclass="HBEFA3/PC_G_EU4" CO2="12124.42" CO="176.76" HC="1.11" NOx="5.08" PMx="0.27" fuel="5.21" electricity="0.00" noise="73.83" route="routetop" type="cfm-slow" waiting="0.00" lane="top_0" pos="41.24" speed="23.98" angle="200.31" x="-2.34" y="82.37"/>
        <vehicle id="cfm-slow_2" eclass="HBEFA3/PC_G_EU4" CO2="13404.91" CO="206.81" HC="1.28" NOx="5.66" PMx="0.31" fuel="5.76" electricity="0.00" noise="74.71" route="routetop" type="cfm-slow" waiting="0.00" lane="left_0" pos="10.37" speed="25.25" angle="165.78" x="-1.32" y="41.66"/>
        <vehicle id="cfm-slow_3" eclass="HBEFA3/PC_G_EU4" CO2="16251.15" CO="270.79" HC="1.64" NOx="6.97" PMx="0.39" fuel="6.99" electricity="0.00" noise="76.29" route="routetop" type="cfm-slow" waiting="0.00" lane="left_0" pos="30.79" speed="26.60" angle="129.11" x="24.70" y="7.18"/>
        <vehicle id="cfm-slow_4" eclass="HBEFA3/PC_G_EU4" CO2="31747.64" CO="598.60" HC="3.52" NOx="14.24" PMx="0.80" fuel="13.65" electricity="0.00" noise="84.55" route="routebottom" type="cfm-slow" waiting="0.00" lane="bottom_0" pos="2.57" speed="28.27" angle="89.89" x="69.28" y="-4.72"/>
        <vehicle id="cfm-slow_5" eclass="HBEFA3/PC_G_EU4" CO2="51811.58" CO="1039.87" HC="6.03" NOx="23.63" PMx="1.34" fuel="22.27" electricity="0.00" noise="94.22" route="routebottom" type="cfm-slow" waiting="0.00" lane="bottom_0" pos="26.07" speed="32.02" angle="47.57" x="113.77" y="16.81"/>
    </timestep>
    <timestep time="6.89">
        <vehicle id="cfm-fast_0" eclass="HBEFA3/PC_G_EU4" CO2="126024.70" CO="2581.76" HC="14.90" NOx="58.62" PMx="3.28" fuel="54.17" electricity="0.00" noise="131.00" route="routebottom" type="cfm-fast" waiting="0.00" lane="bottom_1" pos="49.38" speed="33.46" angle="5.60" x="128.95" y="62.37"/>
        <vehicle id="cfm-fast_1" eclass="HBEFA3/PC_G_EU4" CO2="0.00" CO="0.00" HC="0.00" NOx="0.00" PMx="0.00" fuel="0.00" electricity="0.00" noise="70.07" route="routebottom" type="cfm-fast" waiting="0.00" lane="right_0" pos="15.77" speed="25.36" angle="336.07" x="124.00" y="96.30"/>
        <vehicle id="cfm-fast_2" eclass="HBEFA3/PC_G_EU4" CO2="0.00" CO="0.00" HC="0.00" NOx="0.00" PMx="0.00" fuel="0.00" electricity="0.00" noise="69.38" route="routebottom" type="cfm-fast" waiting="0.00" lane="right_0" pos="32.03" speed="23.65" angle="306.92" x="100.40" y="121.62"/>
        <vehicle id="cfm-fast_3" eclass="HBEFA3/PC_G_EU4" CO2="0.00" CO="0.00" HC="0.00" NOx="0.00" PMx="0.00" fuel="0.00" electricity="0.00" noise="69.68" route="routebottom" type="cfm-fast" waiting="0.00" lane="right_0" pos="46.57" speed="22.51" angle="280.77" x="71.12" y="131.86"/>
        <vehicle id="cfm-fast_4" eclass="HBEFA3/PC_G_EU4" CO2="391749.87" CO="10179.69" HC="56.31" NOx="183.13" PMx="11.13" fuel="168.39" electricity="0.00" noise="160.02" route="routebottom" type="cfm-fast" waiting="0.00" lane="right_1" pos="31.10" speed="93.56" angle="308.52" x="100.21" y="117.78"/>
        <vehicle id="cfm-fast_5" eclass="HBEFA3/PC_G_EU4" CO2="7467.98" CO="78.07" HC="0.54" NOx="2.92" PMx="0.15" fuel="3.21" electricity="0.00" noise="71.22" route="routetop" type="cfm-fast" waiting="0.00" lane="top_0" pos="10.09" speed="22.26" angle="256.27" x="42.22" y="128.84"/>
        <vehicle id="cfm-slow_0" eclass="HBEFA3/PC_G_EU4" CO2="10343.62" CO="138.04" HC="0.88" NOx="4.27" PMx="0.22" fuel="4.45" electricity="0.00" noise="72.71" route="routetop" type="cfm-slow" waiting="0.00" lane="top_0" pos="23.45" speed="22.90" angle="232.27" x="17.57" y="114.47"/>
        <vehicle id="cfm-slow_1" eclass="HBEFA3/PC_G_EU4" CO2="12135.39" CO="177.01" HC="1.11" NOx="5.09" PMx="0.27" fuel="5.22" electricity="0.00" noise="73.84" route="routetop" type="cfm-slow" waiting="0.00" lane="top_0" pos="41.48" speed="23.99" angle="199.86" x="-2.47" y="81.87"/>
        <vehicle id="cfm-slow_2" eclass="HBEFA3/PC_G_EU4" CO2="13429.06" CO="207.36" HC="1.28" NOx="5.67" PMx="0.31" fuel="5.77" electricity="0.00" noise="74.73" route="routetop" type="cfm-slow" waiting="0.00" lane="left_0" pos="10.62" speed="25.27" angle="165.31" x="-1.14" y="41.15"/>
        <vehicle id="cfm-slow_3" eclass="HBEFA3/PC_G_EU4" CO2="16385.91" CO="273.64" HC="1.66" NOx="7.03" PMx="0.39" fuel="7.04" electricity="0.00" noise="76.36" route="routetop" type="cfm-slow" waiting="0.00" lane="left_0" pos="31.05" speed="26.62" angle="128.63" x="25.18" y="6.87"/>
        <vehicle id="cfm-slow_4" eclass="HBEFA3/PC_G_EU4" CO2="31925.71" CO="602.49" HC="3.54" NOx="14.33" PMx="0.80" fuel="13.72" electricity="0.00" noise="84.64" route="routebottom" type="cfm-slow" waiting="0.00" lane="bottom_0" pos="2.85" speed="28.31" angle="89.38" x="69.89" y="-4.66"/>
        <vehicle id="cfm-slow_5" eclass="HBEFA3/PC_G_EU4" CO2="50450.08" CO="1012.32" HC="5.87" NOx="22.99" PMx="1.30" fuel="21.69" electricity="0.00" noise="93.48" route="routebottom" type="cfm-slow" waiting="0.00" lane="bottom_0" pos="26.39" speed="32.07" angle="46.99" x="114.24" y="17.32"/>
    </timestep>
    <timestep time="6.90">
        <vehicle id="cfm-fast_0" eclass="HBEFA3/PC_G_EU4" CO2="126563.51" CO="2594.27" HC="14.97" NOx="58.87" PMx="3.30" fuel="54.40" electricity="0.00" noise="131.07" route="routebottom" type="cfm-fast" waiting="0.00" lane="bottom_1" pos="49.72" speed="33.60" angle="4.99" x="128.96" y="63.05"/>
        <vehicle id="cfm-fast_1" eclass="HBEFA3/PC_G_EU4" CO2="0.00" CO="0.00" HC="0.00" NOx="0.00" PMx="0.00" fuel="0.00" electricity="0.00" noise="70.06" route="routebottom" type="cfm-fast" waiting="0.00" lane="right_0" pos="16.02" speed="25.34" angle="335.61" x="123.74" y="96.78"/>
        <vehicle id="cfm-fast_2" eclass="HBEFA3/PC_G_EU4" CO2="0.00" CO="0.00" HC="0.00" NOx="0.00" PMx="0.00" fuel="0.00" electricity="0.00" noise="69.38" route="routebottom" type="cfm-fast" waiting="0.00" lane="right_0" pos="32.27" speed="23.64" angle="306.49" x="99.96" y="121.89"/>
        <vehicle id="cfm-fast_3" eclass="HBEFA3/PC_G_EU4" CO2="0.00" CO="0.00" HC="0.00" NOx="0.00" PMx="0.00" fuel="0.00" electricity="0.00" noise="69.69" route="routebottom" type="cfm-fast" waiting="0.00" lane="right_0" pos="46.80" speed="22.50" angle="280.35" x="70.64" y="131.91"/>
        <vehicle id="cfm-fast_4" eclass="HBEFA3/PC_G_EU4" CO2="392417.33" CO="10201.69" HC="56.43" NOx="183.45" PMx="11.15" fuel="168.68" electricity="0.00" noise="160.08" route="routebottom" type="cfm-fast" waiting="0.00" lane="right_1" pos="32.03" speed="93.69" angle="306.87" x="98.61" y="118.84"/>
        <vehicle id="cfm-fast_5" eclass="HBEFA3/PC_G_EU4" CO2="7492.57" CO="78.58" HC="0.54" NOx="2.93" PMx="0.15" fuel="3.22" electricity="0.00" noise="71.23" route="routetop" type="cfm-fast" waiting="0.00" lane="top_0" pos="10.32" speed="22.27" angle="255.93" x="41.76" y="128.69"/>
        <vehicle id="cfm-slow_0" eclass="HBEFA3/PC_G_EU4" CO2="10359.24" CO="138.37" HC="0.89" NOx="4.27" PMx="0.22" fuel="4.45" electricity="0.00" noise="72.72" route="routetop" type="cfm-slow" waiting="0.00" lane="top_0" pos="23.68" speed="22.91" angle="231.86" x="17.21" y="114.14"/>
        <vehicle id="cfm-slow_1" eclass="HBEFA3/PC_G_EU4" CO2="12146.49" CO="177.27" HC="1.11" NOx="5.09" PMx="0.27" fuel="5.22" electricity="0.00" noise="73.85" route="routetop" type="cfm-slow" waiting="0.00" lane="top_0" pos="41.72" speed="24.00" angle="199.42" x="-2.61" y="81.37"/>
        <vehicle id="cfm-slow_2" eclass="HBEFA3/PC_G_EU4" CO2="13454.20" CO="207.92" HC="1.28" NOx="5.68" PMx="0.31" fuel="5.78" electricity="0.00" noise="74.74" route="routetop" type="cfm-slow" waiting="0.00" lane="left_0" pos="10.87" speed="25.28" angle="164.85" x="-0.96" y="40.64"/>
        <vehicle id="cfm-slow_3" eclass="HBEFA3/PC_G_EU4" CO2="16521.08" CO="276.50" HC="1.67" NOx="7.10" PMx="0.39" fuel="7.10" electricity="0.00" noise="76.42" route="routetop" type="cfm-slow" waiting="0.00" lane="left_0" pos="31.32" speed="26.64" angle="128.15" x="25.66" y="6.55"/>
        <vehicle id="cfm-slow_4" eclass="HBEFA3/PC_G_EU4" CO2="32091.34" CO="606.11" HC="3.56" NOx="14.41" PMx="0.81" fuel="13.79" electricity="0.00" noise="84.73" route="routebottom" type="cfm-slow" waiting="0.00" lane="bottom_0" pos="3.14" speed="28.34" angle="88.87" x="70.49" y="-4.60"/>
        <vehicle id="cfm-slow_5" eclass="HBEFA3/PC_G_EU4" CO2="49102.50" CO="985.04" HC="5.71" NOx="22.35" PMx="1.27" fuel="21.11" electricity="0.00" noise="92.76" route="routebottom" type="cfm-slow" waiting="0.00" lane="bottom_0" pos="26.71" speed="32.12" angle="46.40" x="114.71" y="17.82"/>
    </timestep>
    <timestep time="6.91">
        <vehicle id="cfm-fast_0" eclass="HBEFA3/PC_G_EU4" CO2="127102.61" CO="2606.79" HC="15.04" NOx="59.12" PMx="3.31" fuel="54.63" electricity="0.00" noise="131.13" route="routebottom" type="cfm-fast" waiting="0.00" lane="right_1" pos="0.06" speed="33.74" angle="4.39" x="128.97" y="63.81"/>
        <vehicle id="cfm-fast_1" eclass="HBEFA3/PC_G_EU4" CO2="0.00" CO="0.00" HC="0.00" NOx="0.00" PMx="0.00" fuel="0.00" electricity="0.00" noise="70.06" route="routebottom" type="cfm-fast" waiting="0.00" lane="right_0" pos="16.27" speed="25.33" angle="335.15" x="123.47" y="97.25"/>
        <vehicle id="cfm-fast_2" eclass="HBEFA3/PC_G_EU4" CO2="0.00" CO="0.00" HC="0.00" NOx="0.00" PMx="0.00" fuel="0.00" electricity="0.00" noise="69.38" route="routebottom" type="cfm-fast" waiting="0.00" lane="right_0" pos="32.50" speed="23.62" angle="306.05" x="99.52" y="122.15"/>
        <vehicle id="cfm-fast_3" eclass="HBEFA3/PC_G_EU4" CO2="0.00" CO="0.00" HC="0.00" NOx="0.00" PMx="0.00" fuel="0.00" electricity="0.00" noise="69.70" route="routebottom" type="cfm-fast" waiting="0.00" lane="right_0" pos="47.02" speed="22.50" angle="279.94" x="70.16" y="131.96"/>
        <vehicle id="cfm-fast_4" eclass="HBEFA3/PC_G_EU4" CO2="393085.08" CO="10223.71" HC="56.55" NOx="183.76" PMx="11.17" fuel="168.97" electricity="0.00" noise="160.15" route="routebottom" type="cfm-fast" waiting="0.00" lane="right_1" pos="32.97" speed="93.83" angle="305.17" x="96.96" y="119.84"/>
        <vehicle id="cfm-fast_5" eclass="HBEFA3/PC_G_EU4" CO2="7517.11" CO="79.09" HC="0.54" NOx="2.95" PMx="0.15" fuel="3.23" electricity="0.00" noise="71.24" route="routetop" type="cfm-fast" waiting="0.00" lane="top_0" pos="10.54" speed="22.28" angle="255.50" x="41.31" y="128.53"/>
        <vehicle id="cfm-slow_0" eclass="HBEFA3/PC_G_EU4" CO2="10374.84" CO="138.71" HC="0.89" NOx="4.28" PMx="0.22" fuel="4.46" electricity="0.00" noise="72.73" route="routetop" type="cfm-slow" waiting="0.00" lane="top_0" pos="23.91" speed="22.93" angle="231.44" x="16.85" y="113.80"/>
        <vehicle id="cfm-slow_1" eclass="HBEFA3/PC_G_EU4" CO2="12157.73" CO="177.53" HC="1.11" NOx="5.10" PMx="0.27" fuel="5.23" electricity="0.00" noise="73.86" route="routetop" type="cfm-slow" waiting="0.00" lane="top_0" pos="41.96" speed="24.02" angle="198.97" x="-2.74" y="80.87"/>
        <vehicle id="cfm-slow_2" eclass="HBEFA3/PC_G_EU4" CO2="13480.34" CO="208.51" HC="1.28" NOx="5.69" PMx="0.31" fuel="5.79" electricity="0.00" noise="74.76" route="routetop" type="cfm-slow" waiting="0.00" lane="left_0" pos="11.12" speed="25.30" angle="164.38" x="-0.77" y="40.12"/>
        <vehicle id="cfm-slow_3" eclass="HBEFA3/PC_G_EU4" CO2="16656.56" CO="279.37" HC="1.69" NOx="7.16" PMx="0.40" fuel="7.16" electricity="0.00" noise="76.49" route="routetop" type="cfm-slow" waiting="0.00" lane="left_0" pos="31.59" speed="26.65" angle="127.67" x="26.14" y="6.23"/>
        <vehicle id="cfm-slow_4" eclass="HBEFA3/PC_G_EU4" CO2="32244.74" CO="609.49" HC="3.58" NOx="14.48" PMx="0.81" fuel="13.86" electricity="0.00" noise="84.81" route="routebottom" type="cfm-slow" waiting="0.00" lane="bottom_0" pos="3.42" speed="28.38" angle="88.36" x="71.10" y="-4.53"/>
        <vehicle id="cfm-slow_5" eclass="HBEFA3/PC_G_EU4" CO2="47768.94" CO="958.03" HC="5.56" NOx="21.72" PMx="1.23" fuel="20.53" electricity="0.00" noise="92.05" route="routebottom" type="cfm-slow" waiting="0.00" lane="bottom_0" pos="27.03" speed="32.17" angle="45.88" x="115.17" y="18.34"/>
    </timestep>
    <timestep time="6.92">
        <vehicle id="cfm-fast_0" eclass="HBEFA3/PC_G_EU4" CO2="127642.00" CO="2619.34" HC="15.11" NOx="59.37" PMx="3.33" fuel="54.87" electricity="0.00" noise="131.20" route="routebottom" type="cfm-fast" waiting="0.00" lane="right_1" pos="0.40" speed="33.87" angle="3.77" x="128.95" y="64.50"/>
        <vehicle id="cfm-fast_1" eclass="HBEFA3/PC_G_EU4" CO2="0.00" CO="0.00" HC="0.00" NOx="0.00" PMx="0.00" fuel="0.00" electricity="0.00" noise="70.05" route="routebottom" type="cfm-fast" waiting="0.00" lane="right_0" pos="16.53" speed="25.31" angle="334.70" x="123.21" y="97.73"/>
        <vehicle id="cfm-fast_2" eclass="HBEFA3/PC_G_EU4" CO2="0.00" CO="0.00" HC="0.00" NOx="0.00" PMx="0.00" fuel="0.00" electricity="0.00" noise="69.38" route="routebottom" type="cfm-fast" waiting="0.00" lane="right_0" pos="32.74" speed="23.61" angle="305.60" x="99.09" y="122.41"/>
        <vehicle id="cfm-fast_3" eclass="HBEFA3/PC_G_EU4" CO2="0.00" CO="0.00" HC="0.00" NOx="0.00" PMx="0.00" fuel="0.00" electricity="0.00" noise="69.71" route="routebottom" type="cfm-fast" waiting="0.00" lane="right_0" pos="47.25" speed="22.50" angle="279.53" x="69.67" y="132.01"/>
        <vehicle id="cfm-fast_4" eclass="HBEFA3/PC_G_EU4" CO2="393753.12" CO="10245.76" HC="56.67" NOx="184.07" PMx="11.19" fuel="169.26" electricity="0.00" noise="160.22" route="routebottom" type="cfm-fast" waiting="0.00" lane="right_1" pos="33.91" speed="93.97" angle="303.50" x="95.29" y="120.79"/>
        <vehicle id="cfm-fast_5" eclass="HBEFA3/PC_G_EU4" CO2="7541.60" CO="79.60" HC="0.55" NOx="2.96" PMx="0.15" fuel="3.24" electricity="0.00" noise="71.26" route="routetop" type="cfm-fast" waiting="0.00" lane="top_0" pos="10.76" speed="22.28" angle="255.08" x="40.86" y="128.36"/>
        <vehicle id="cfm-slow_0" eclass="HBEFA3/PC_G_EU4" CO2="10390.42" CO="139.05" HC="0.89" NOx="4.29" PMx="0.23" fuel="4.47" electricity="0.00" noise="72.74" route="routetop" type="cfm-slow" waiting="0.00" lane="top_0" pos="24.14" speed="22.94" angle="231.03" x="16.48" y="113.47"/>
        <vehicle id="cfm-slow_1" eclass="HBEFA3/PC_G_EU4" CO2="12169.11" CO="177.80" HC="1.11" NOx="5.10" PMx="0.27" fuel="5.23" electricity="0.00" noise="73.86" route="routetop" type="cfm-slow" waiting="0.00" lane="top_0" pos="42.20" speed="24.03" angle="198.53" x="-2.87" y="80.38"/>
        <vehicle id="cfm-slow_2" eclass="HBEFA3/PC_G_EU4" CO2="13507.45" CO="209.12" HC="1.29" NOx="5.70" PMx="0.31" fuel="5.81" electricity="0.00" noise="74.77" route="routetop" type="cfm-slow" waiting="0.00" lane="left_0" pos="11.38" speed="25.31" angle="163.91" x="-0.59" y="39.61"/>
        <vehicle id="cfm-slow_3" eclass="HBEFA3/PC_G_EU4" CO2="16792.23" CO="282.24" HC="1.70" NOx="7.22" PMx="0.40" fuel="7.22" electricity="0.00" noise="76.56" route="routetop" type="cfm-slow" waiting="0.00" lane="left_0" pos="31.85" speed="26.67" angle="127.19" x="26.61" y="5.91"/>
        <vehicle id="cfm-slow_4" eclass="HBEFA3/PC_G_EU4" CO2="32386.12" CO="612.62" HC="3.60" NOx="14.54" PMx="0.81" fuel="13.92" electricity="0.00" noise="84.88" route="routebottom" type="cfm-slow" waiting="0.00" lane="bottom_0" pos="3.70" speed="28.42" angle="87.85" x="71.71" y="-4.47"/>
        <vehicle id="cfm-slow_5" eclass="HBEFA3/PC_G_EU4" CO2="46449.53" CO="931.31" HC="5.40" NOx="21.10" PMx="1.20" fuel="19.97" electricity="0.00" noise="91.35" route="routebottom" type="cfm-slow" waiting="0.00" lane="bottom_0" pos="27.35" speed="32.22" angle="45.27" x="115.62" y="18.87"/>
    </timestep>
    <timestep time="6.93">
        <vehicle id="cfm-fast_0" eclass="HBEFA3/PC_G_EU4" CO2="128181.69" CO="2631.91" HC="15.18" NOx="59.63" PMx="3.34" fuel="55.10" electricity="0.00" noise="131.26" route="routebottom" type="cfm-fast" waiting="0.00" lane="right_1" pos="0.74" speed="34.01" angle="3.15" x="128.94" y="65.20"/>
        <vehicle id="cfm-fast_1" eclass="HBEFA3/PC_G_EU4" CO2="0.00" CO="0.00" HC="0.00" NOx="0.00" PMx="0.00" fuel="0.00" electricity="0.00" noise="70.04" route="routebottom" type="cfm-fast" waiting="0.00" lane="right_0" pos="16.78" speed="25.29" angle="334.29" x="122.94" y="98.20"/>
        <vehicle id="cfm-fast_2" eclass="HBEFA3/PC_G_EU4" CO2="0.00" CO="0.00" HC="0.00" NOx="0.00" PMx="0.00" fuel="0.00" electricity="0.00" noise="69.38" route="routebottom" type="cfm-fast" waiting="0.00" lane="right_0" pos="32.98" speed="23.60" angle="305.15" x="98.65" y="122.67"/>
        <vehicle id="cfm-fast_3" eclass="HBEFA3/PC_G_EU4" CO2="0.00" CO="0.00" HC="0.00" NOx="0.00" PMx="0.00" fuel="0.00" electricity="0.00" noise="69.72" route="routebottom" type="cfm-fast" waiting="0.00" lane="right_0" pos="47.47" speed="22.50" angle="279.18" x="69.19" y="132.06"/>
        <vehicle id="cfm-fast_4" eclass="HBEFA3/PC_G_EU4" CO2="394421.46" CO="10267.82" HC="56.78" NOx="184.39" PMx="11.21" fuel="169.54" electricity="0.00" noise="160.28" route="routebottom" type="cfm-fast" waiting="0.00" lane="right_1" pos="34.85" speed="94.10" angle="301.83" x="93.59" y="121.71"/>
        <vehicle id="cfm-fast_5" eclass="HBEFA3/PC_G_EU4" CO2="7566.03" CO="80.11" HC="0.55" NOx="2.97" PMx="0.15" fuel="3.25" electricity="0.00" noise="71.27" route="routetop" type="cfm-fast" waiting="0.00" lane="top_0" pos="10.98" speed="22.29" angle="254.66" x="40.41" y="128.20"/>
        <vehicle id="cfm-slow_0" eclass="HBEFA3/PC_G_EU4" CO2="10405.97" CO="139.38" HC="0.89" NOx="4.29" PMx="0.23" fuel="4.47" electricity="0.00" noise="72.75" route="routetop" type="cfm-slow" waiting="0.00" lane="top_0" pos="24.37" speed="22.95" angle="230.67" x="16.12" y="113.13"/>
        <vehicle id="cfm-slow_1" eclass="HBEFA3/PC_G_EU4" CO2="12180.64" CO="178.07" HC="1.11" NOx="5.11" PMx="0.27" fuel="5.24" electricity="0.00" noise="73.87" route="routetop" type="cfm-slow" waiting="0.00" lane="top_0" pos="42.44" speed="24.04" angle="198.15" x="-3.00" y="79.87"/>
        <vehicle id="cfm-slow_2" eclass="HBEFA3/PC_G_EU4" CO2="13535.54" CO="209.74" HC="1.29" NOx="5.72" PMx="0.31" fuel="5.82" electricity="0.00" noise="74.79" route="routetop" type="cfm-slow" waiting="0.00" lane="left_0" pos="11.63" speed="25.32" angle="163.52" x="-0.40" y="39.10"/>
        <vehicle id="cfm-slow_3" eclass="HBEFA3/PC_G_EU4" CO2="16927.99" CO="285.12" HC="1.72" NOx="7.29" PMx="0.40" fuel="7.28" electricity="0.00" noise="76.63" route="routetop" type="cfm-slow" waiting="0.00" lane="left_0" pos="32.12" speed="26.69" angle="126.77" x="27.09" y="5.60"/>
        <vehicle id="cfm-slow_4" eclass="HBEFA3/PC_G_EU4" CO2="32515.68" CO="615.52" HC="3.61" NOx="14.60" PMx="0.82" fuel="13.98" electricity="0.00" noise="84.94" route="routebottom" type="cfm-slow" waiting="0.00" lane="bottom_0" pos="3.99" speed="28.45" angle="87.36" x="72.32" y="-4.40"/>
        <vehicle id="cfm-slow_5" eclass="HBEFA3/PC_G_EU4" CO2="45144.34" CO="904.86" HC="5.25" NOx="20.48" PMx="1.16" fuel="19.41" electricity="0.00" noise="90.66" route="routebottom" type="cfm-slow" waiting="0.00" lane="bottom_0" pos="27.68" speed="32.27" angle="44.67" x="116.07" y="19.40"/>
    </timestep>
    <timestep time="6.94">
        <vehicle id="cfm-fast_0" eclass="HBEFA3/PC_G_EU4" CO2="128721.66" CO="2644.50" HC="15.25" NOx="59.88" PMx="3.36" fuel="55.33" electricity="0.00" noise="131.33" route="routebottom" type="cfm-fast" waiting="0.00" lane="right_1" pos="1.08" speed="34.15" angle="2.52" x="128.93" y="65.90"/>
        <vehicle id="cfm-fast_1" eclass="HBEFA3/PC_G_EU4" CO2="0.00" CO="0.00" HC="0.00" NOx="0.00" PMx="0.00" fuel="0.00" electricity="0.00" noise="70.03" route="routebottom" type="cfm-fast" waiting="0.00" lane="right_0" pos="17.03" speed="25.28" angle="333.83" x="122.66" y="98.67"/>
        <vehicle id="cfm-fast_2" eclass="HBEFA3/PC_G_EU4" CO2="0.00" CO="0.00" HC="0.00" NOx="0.00" PMx="0.00" fuel="0.00" electricity="0.00" noise="69.38" route="routebottom" type="cfm-fast" waiting="0.00" lane="right_0" pos="33.21" speed="23.59" angle="304.70" x="98.22" y="122.93"/>
        <vehicle id="cfm-fast_3" eclass="HBEFA3/PC_G_EU4" CO2="0.00" CO="0.00" HC="0.00" NOx="0.00" PMx="0.00" fuel="0.00" electricity="0.00" noise="69.73" route="routebottom" type="cfm-fast" waiting="0.00" lane="right_0" pos="47.70" speed="22.50" angle="278.76" x="68.71" y="132.09"/>
        <vehicle id="cfm-fast_4" eclass="HBEFA3/PC_G_EU4" CO2="395090.09" CO="10289.91" HC="56.90" NOx="184.70" PMx="11.23" fuel="169.83" electricity="0.00" noise="160.35" route="routebottom" type="cfm-fast" waiting="0.00" lane="right_1" pos="35.79" speed="94.24" angle="300.09" x="91.86" y="122.57"/>
        <vehicle id="cfm-fast_5" eclass="HBEFA3/PC_G_EU4" CO2="7590.41" CO="80.62" HC="0.55" NOx="2.98" PMx="0.15" fuel="3.26" electricity="0.00" noise="71.28" route="routetop" type="cfm-fast" waiting="0.00" lane="top_0" pos="11.21" speed="22.30" angle="254.24" x="39.96" y="128.04"/>
        <vehicle id="cfm-slow_0" eclass="HBEFA3/PC_G_EU4" CO2="10421.50" CO="139.72" HC="0.89" NOx="4.30" PMx="0.23" fuel="4.48" electricity="0.00" noise="72.76" route="routetop" type="cfm-slow" waiting="0.00" lane="top_0" pos="24.60" speed="22.96" angle="230.25" x="15.77" y="112.78"/>
        <vehicle id="cfm-slow_1" eclass="HBEFA3/PC_G_EU4" CO2="12192.33" CO="178.34" HC="1.11" NOx="5.11" PMx="0.27" fuel="5.24" electricity="0.00" noise="73.88" route="routetop" type="cfm-slow" waiting="0.00" lane="top_0" pos="42.68" speed="24.06" angle="197.72" x="-3.11" y="79.37"/>
        <vehicle id="cfm-slow_2" eclass="HBEFA3/PC_G_EU4" CO2="13564.60" CO="210.39" HC="1.30" NOx="5.73" PMx="0.31" fuel="5.83" electricity="0.00" noise="74.81" route="routetop" type="cfm-slow" waiting="0.00" lane="left_0" pos="11.88" speed="25.34" angle="163.07" x="-0.20" y="38.59"/>
        <vehicle id="cfm-slow_3" eclass="HBEFA3/PC_G_EU4" CO2="17063.74" CO="288.00" HC="1.74" NOx="7.35" PMx="0.41" fuel="7.33" electricity="0.00" noise="76.70" route="routetop" type="cfm-slow" waiting="0.00" lane="left_0" pos="32.39" speed="26.71" angle="126.27" x="27.59" y="5.31"/>
        <vehicle id="cfm-slow_4" eclass="HBEFA3/PC_G_EU4" CO2="32633.63" CO="618.17" HC="3.63" NOx="14.66" PMx="0.82" fuel="14.03" electricity="0.00" noise="85.00" route="routebottom" type="cfm-slow" waiting="0.00" lane="bottom_0" pos="4.27" speed="28.49" angle="86.84" x="72.92" y="-4.31"/>
        <vehicle id="cfm-slow_5" eclass="HBEFA3/PC_G_EU4" CO2="43853.48" CO="878.69" HC="5.10" NOx="19.87" PMx="1.13" fuel="18.85" electricity="0.00" noise="89.98" route="routebottom" type="cfm-slow" waiting="0.00" lane="bottom_0" pos="28.00" speed="32.31" angle="44.07" x="116.51" y="19.93"/>
    </timestep>
    <timestep time="6.95">
        <vehicle id="cfm-fast_0" eclass="HBEFA3/PC_G_EU4" CO2="129261.93" CO="2657.11" HC="15.32" NOx="60.13" PMx="3.37" fuel="55.56" electricity="0.00" noise="131.39" route="routebottom" type="cfm-fast" waiting="0.00" lane="right_1" pos="1.42" speed="34.28" angle="1.94" x="128.90" y="66.60"/>
        <vehicle id="cfm-fast_1" eclass="HBEFA3/PC_G_EU4" CO2="0.00" CO="0.00" HC="0.00" NOx="0.00" PMx="0.00" fuel="0.00" electricity="0.00" noise="70.03" route="routebottom" type="cfm-fast" waiting="0.00" lane="right_0" pos="17.28" speed="25.26" angle="333.38" x="122.38" y="99.13"/>
        <vehicle id="cfm-fast_2" eclass="HBEFA3/PC_G_EU4" CO2="0.00" CO="0.00" HC="0.00" NOx="0.00" PMx="0.00" fuel="0.00" electricity="0.00" noise="69.38" route="routebottom" type="cfm-fast" waiting="0.00" lane="right_0" pos="33.45" speed="23.58" angle="304.32" x="97.78" y="123.18"/>
        <vehicle id="cfm-fast_3" eclass="HBEFA3/PC_G_EU4" CO2="0.00" CO="0.00" HC="0.00" NOx="0.00" PMx="0.00" fuel="0.00" electricity="0.00" noise="69.74" route="routebottom" type="cfm-fast" waiting="0.00" lane="right_0" pos="47.92" speed="22.49" angle="278.34" x="68.23" y="132.12"/>
        <vehicle id="cfm-fast_4" eclass="HBEFA3/PC_G_EU4" CO2="395759.01" CO="10312.02" HC="57.02" NOx="185.02" PMx="11.25" fuel="170.12" electricity="0.00" noise="160.41" route="routebottom" type="cfm-fast" waiting="0.00" lane="right_1" pos="36.74" speed="94.38" angle="298.35" x="90.10" y="123.37"/>
        <vehicle id="cfm-fast_5" eclass="HBEFA3/PC_G_EU4" CO2="7614.74" CO="81.13" HC="0.56" NOx="2.99" PMx="0.15" fuel="3.27" electricity="0.00" noise="71.29" route="routetop" type="cfm-fast" waiting="0.00" lane="top_0" pos="11.43" speed="22.30" angle="253.84" x="39.51" y="127.87"/>
        <vehicle id="cfm-slow_0" eclass="HBEFA3/PC_G_EU4" CO2="10437.02" CO="140.06" HC="0.90" NOx="4.31" PMx="0.23" fuel="4.49" electricity="0.00" noise="72.77" route="routetop" type="cfm-slow" waiting="0.00" lane="top_0" pos="24.83" speed="22.97" angle="229.83" x="15.42" y="112.43"/>
        <vehicle id="cfm-slow_1" eclass="HBEFA3/PC_G_EU4" CO2="12204.18" CO="178.62" HC="1.12" NOx="5.12" PMx="0.27" fuel="5.25" electricity="0.00" noise="73.89" route="routetop" type="cfm-slow" waiting="0.00" lane="top_0" pos="42.92" speed="24.07" angle="197.29" x="-3.23" y="78.86"/>
        <vehicle id="cfm-slow_2" eclass="HBEFA3/PC_G_EU4" CO2="13594.62" CO="211.06" HC="1.30" NOx="5.74" PMx="0.31" fuel="5.84" electricity="0.00" noise="74.82" route="routetop" type="cfm-slow" waiting="0.00" lane="left_0" pos="12.14" speed="25.35" angle="162.62" x="0.01" y="38.09"/>
        <vehicle id="cfm-slow_3" eclass="HBEFA3/PC_G_EU4" CO2="17199.37" CO="290.87" HC="1.75" NOx="7.41" PMx="0.41" fuel="7.39" electricity="0.00" noise="76.76" route="routetop" type="cfm-slow" waiting="0.00" lane="left_0" pos="32.66" speed="26.72" angle="125.77" x="28.08" y="5.01"/>
        <vehicle id="cfm-slow_4" eclass="HBEFA3/PC_G_EU4" CO2="32740.19" CO="620.59" HC="3.64" NOx="14.71" PMx="0.82" fuel="14.07" electricity="0.00" noise="85.05" route="routebottom" type="cfm-slow" waiting="0.00" lane="bottom_0" pos="4.56" speed="28.53" angle="86.32" x="73.53" y="-4.23"/>
        <vehicle id="cfm-slow_5" eclass="HBEFA3/PC_G_EU4" CO2="42577.00" CO="852.81" HC="4.95" NOx="19.27" PMx="1.10" fuel="18.30" electricity="0.00" noise="89.32" route="routebottom" type="cfm-slow" waiting="0.00" lane="bottom_0" pos="28.32" speed="32.35" angle="43.52" x="116.96" y="20.47"/>
    </timestep>
    <timestep time="6.96">
        <vehicle id="cfm-fast_0" eclass="HBEFA3/PC_G_EU4" CO2="129802.49" CO="2669.74" HC="15.40" NOx="60.38" PMx="3.39" fuel="55.80" electricity="0.00" noise="131.46" route="routebottom" type="cfm-fast" waiting="0.00" lane="right_1" pos="1.76" speed="34.42" angle="1.32" x="128.86" y="67.30"/>
        <vehicle id="cfm-fast_1" eclass="HBEFA3/PC_G_EU4" CO2="0.00" CO="0.00" HC="0.00" NOx="0.00" PMx="0.00" fuel="0.00" electricity="0.00" noise="70.02" route="routebottom" type="cfm-fast" waiting="0.00" lane="right_0" pos="17.54" speed="25.25" angle="332.92" x="122.10" y="99.60"/>
        <vehicle id="cfm-fast_2" eclass="HBEFA3/PC_G_EU4" CO2="0.00" CO="0.00" HC="0.00" NOx="0.00" PMx="0.00" fuel="0.00" electricity="0.00" noise="69.38" route="routebottom" type="cfm-fast" waiting="0.00" lane="right_0" pos="33.68" speed="23.57" angle="303.90" x="97.33" y="123.43"/>
        <vehicle id="cfm-fast_3" eclass="HBEFA3/PC_G_EU4" CO2="0.00" CO="0.00" HC="0.00" NOx="0.00" PMx="0.00" fuel="0.00" electricity="0.00" noise="69.75" route="routebottom" type="cfm-fast" waiting="0.00" lane="right_0" pos="48.15" speed="22.49" angle="277.92" x="67.74" y="132.14"/>
        <vehicle id="cfm-fast_4" eclass="HBEFA3/PC_G_EU4" CO2="396428.22" CO="10334.14" HC="57.14" NOx="185.33" PMx="11.27" fuel="170.41" electricity="0.00" noise="160.48" route="routebottom" type="cfm-fast" waiting="0.00" lane="right_1" pos="37.68" speed="94.51" angle="296.65" x="88.31" y="124.13"/>
        <vehicle id="cfm-fast_5" eclass="HBEFA3/PC_G_EU4" CO2="7639.02" CO="81.63" HC="0.56" NOx="3.00" PMx="0.15" fuel="3.28" electricity="0.00" noise="71.31" route="routetop" type="cfm-fast" waiting="0.00" lane="top_0" pos="11.65" speed="22.31" angle="253.47" x="39.06" y="127.70"/>
        <vehicle id="cfm-slow_0" eclass="HBEFA3/PC_G_EU4" CO2="10452.51" CO="140.39" HC="0.90" NOx="4.31" PMx="0.23" fuel="4.49" electricity="0.00" noise="72.78" route="routetop" type="cfm-slow" waiting="0.00" lane="top_0" pos="25.06" speed="22.98" angle="229.41" x="15.07" y="112.08"/>
        <vehicle id="cfm-slow_1" eclass="HBEFA3/PC_G_EU4" CO2="12216.20" CO="178.90" HC="1.12" NOx="5.12" PMx="0.28" fuel="5.25" electricity="0.00" noise="73.90" route="routetop" type="cfm-slow" waiting="0.00" lane="top_0" pos="43.16" speed="24.08" angle="196.86" x="-3.35" y="78.36"/>
        <vehicle id="cfm-slow_2" eclass="HBEFA3/PC_G_EU4" CO2="13625.60" CO="211.74" HC="1.30" NOx="5.76" PMx="0.31" fuel="5.86" electricity="0.00" noise="74.84" route="routetop" type="cfm-slow" waiting="0.00" lane="left_0" pos="12.39" speed="25.37" angle="162.17" x="0.21" y="37.58"/>
        <vehicle id="cfm-slow_3" eclass="HBEFA3/PC_G_EU4" CO2="17334.80" CO="293.74" HC="1.77" NOx="7.48" PMx="0.42" fuel="7.45" electricity="0.00" noise="76.83" route="routetop" type="cfm-slow" waiting="0.00" lane="left_0" pos="32.92" speed="26.74" angle="125.27" x="28.57" y="4.71"/>
        <vehicle id="cfm-slow_4" eclass="HBEFA3/PC_G_EU4" CO2="32835.53" CO="622.78" HC="3.66" NOx="14.75" PMx="0.83" fuel="14.11" electricity="0.00" noise="85.10" route="routebottom" type="cfm-slow" waiting="0.00" lane="bottom_0" pos="4.84" speed="28.56" angle="85.80" x="74.14" y="-4.14"/>
        <vehicle id="cfm-slow_5" eclass="HBEFA3/PC_G_EU4" CO2="41314.99" CO="827.21" HC="4.80" NOx="18.67" PMx="1.06" fuel="17.76" electricity="0.00" noise="88.67" route="routebottom" type="cfm-slow" waiting="0.00" lane="bottom_0" pos="28.65" speed="32.39" angle="42.92" x="117.39" y="21.02"/>
    </timestep>
    <timestep time="6.97">
        <vehicle id="cfm-fast_0" eclass="HBEFA3/PC_G_EU4" CO2="130343.34" CO="2682.40" HC="15.47" NOx="60.64" PMx="3.40" fuel="56.03" electricity="0.00" noise="131.52" route="routebottom" type="cfm-fast" waiting="0.00" lane="right_1" pos="2.11" speed="34.56" angle="0.69" x="128.82" y="68.01"/>
        <vehicle id="cfm-fast_1" eclass="HBEFA3/PC_G_EU4" CO2="0.00" CO="0.00" HC="0.00" NOx="0.00" PMx="0.00" fuel="0.00" electricity="0.00" noise="70.01" route="routebottom" type="cfm-fast" waiting="0.00" lane="right_0" pos="17.79" speed="25.23" angle="332.47" x="121.82" y="100.07"/>
        <vehicle id="cfm-fast_2" eclass="HBEFA3/PC_G_EU4" CO2="0.00" CO="0.00" HC="0.00" NOx="0.00" PMx="0.00" fuel="0.00" electricity="0.00" noise="69.38" route="routebottom" type="cfm-fast" waiting="0.00" lane="right_0" pos="33.92" speed="23.56" angle="303.47" x="96.89" y="123.67"/>
        <vehicle id="cfm-fast_3" eclass="HBEFA3/PC_G_EU4" CO2="0.00" CO="0.00" HC="0.00" NOx="0.00" PMx="0.00" fuel="0.00" electricity="0.00" noise="69.76" route="routebottom" type="cfm-fast" waiting="0.00" lane="right_0" pos="48.37" speed="22.49" angle="277.49" x="67.26" y="132.17"/>
        <vehicle id="cfm-fast_4" eclass="HBEFA3/PC_G_EU4" CO2="397097.73" CO="10356.30" HC="57.26" NOx="185.65" PMx="11.29" fuel="170.69" electricity="0.00" noise="160.55" route="routebottom" type="cfm-fast" waiting="0.00" lane="right_1" pos="38.63" speed="94.65" angle="294.96" x="86.51" y="124.83"/>
        <vehicle id="cfm-fast_5" eclass="HBEFA3/PC_G_EU4" CO2="7663.24" CO="82.14" HC="0.56" NOx="3.01" PMx="0.15" fuel="3.29" electricity="0.00" noise="71.32" route="routetop" type="cfm-fast" waiting="0.00" lane="top_0" pos="11.88" speed="22.32" angle="253.06" x="38.61" y="127.52"/>
        <vehicle id="cfm-slow_0" eclass="HBEFA3/PC_G_EU4" CO2="10467.99" CO="140.73" HC="0.90" NOx="4.32" PMx="0.23" fuel="4.50" electricity="0.00" noise="72.79" route="routetop" type="cfm-slow" waiting="0.00" lane="top_0" pos="25.29" speed="22.99" angle="228.99" x="14.72" y="111.73"/>
        <vehicle id="cfm-slow_1" eclass="HBEFA3/PC_G_EU4" CO2="12228.41" CO="179.18" HC="1.12" NOx="5.13" PMx="0.28" fuel="5.26" electricity="0.00" noise="73.91" route="routetop" type="cfm-slow" waiting="0.00" lane="top_0" pos="43.40" speed="24.10" angle="196.43" x="-3.46" y="77.85"/>
        <vehicle id="cfm-slow_2" eclass="HBEFA3/PC_G_EU4" CO2="13657.51" CO="212.45" HC="1.31" NOx="5.77" PMx="0.32" fuel="5.87" electricity="0.00" noise="74.86" route="routetop" type="cfm-slow" waiting="0.00" lane="left_0" pos="12.65" speed="25.38" angle="161.72" x="0.41" y="37.07"/>
        <vehicle id="cfm-slow_3" eclass="HBEFA3/PC_G_EU4" CO2="17469.92" CO="296.61" HC="1.79" NOx="7.54" PMx="0.42" fuel="7.51" electricity="0.00" noise="76.90" route="routetop" type="cfm-slow" waiting="0.00" lane="left_0" pos="33.19" speed="26.76" angle="124.77" x="29.07" y="4.42"/>
        <vehicle id="cfm-slow_4" eclass="HBEFA3/PC_G_EU4" CO2="32919.87" CO="624.75" HC="3.67" NOx="14.79" PMx="0.83" fuel="14.15" electricity="0.00" noise="85.14" route="routebottom" type="cfm-slow" waiting="0.00" lane="bottom_0" pos="5.13" speed="28.60" angle="85.25" x="74.75" y="-4.05"/>
        <vehicle id="cfm-slow_5" eclass="HBEFA3/PC_G_EU4" CO2="40067.49" CO="801.90" HC="4.66" NOx="18.08" PMx="1.03" fuel="17.22" electricity="0.00" noise="88.03" route="routebottom" type="cfm-slow" waiting="0.00" lane="bottom_0" pos="28.97" speed="32.43" angle="42.32" x="117.82" y="21.56"/>
    </timestep>
    <timestep time="6.98">
        <vehicle id="cfm-fast_0" eclass="HBEFA3/PC_G_EU4" CO2="130884.48" CO="2695.07" HC="15.54" NOx="60.89" PMx="3.42" fuel="56.26" electricity="0.00" noise="131.59" route="routebottom" type="cfm-fast" waiting="0.00" lane="right_1" pos="2.46" speed="34.69" angle="0.06" x="128.78" y="68.72"/>
        <vehicle id="cfm-fast_1" eclass="HBEFA3/PC_G_EU4" CO2="0.00" CO="0.00" HC="0.00" NOx="0.00" PMx="0.00" fuel="0.00" electricity="0.00" noise="70.01" route="routebottom" type="cfm-fast" waiting="0.00" lane="right_0" pos="18.04" speed="25.21" angle="332.06" x="121.54" y="100.53"/>
        <vehicle id="cfm-fast_2" eclass="HBEFA3/PC_G_EU4" CO2="0.00" CO="0.00" HC="0.00" NOx="0.00" PMx="0.00" fuel="0.00" electricity="0.00" noise="69.38" route="routebottom" type="cfm-fast" waiting="0.00" lane="right_0" pos="34.15" speed="23.55" angle="303.04" x="96.45" y="123.92"/>
        <vehicle id="cfm-fast_3" eclass="HBEFA3/PC_G_EU4" CO2="0.00" CO="0.00" HC="0.00" NOx="0.00" PMx="0.00" fuel="0.00" electricity="0.00" noise="69.77" route="routebottom" type="cfm-fast" waiting="0.00" lane="right_0" pos="48.60" speed="22.49" angle="277.07" x="66.78" y="132.20"/>
        <vehicle id="cfm-fast_4" eclass="HBEFA3/PC_G_EU4" CO2="397767.53" CO="10378.47" HC="57.37" NOx="185.96" PMx="11.31" fuel="170.98" electricity="0.00" noise="160.61" route="routebottom" type="cfm-fast" waiting="0.00" lane="right_1" pos="39.58" speed="94.78" angle="293.28" x="84.68" y="125.50"/>
        <vehicle id="cfm-fast_5" eclass="HBEFA3/PC_G_EU4" CO2="7687.41" CO="82.64" HC="0.57" NOx="3.03" PMx="0.15" fuel="3.30" electricity="0.00" noise="71.33" route="routetop" type="cfm-fast" waiting="0.00" lane="top_0" pos="12.10" speed="22.33" angle="252.66" x="38.17" y="127.35"/>
        <vehicle id="cfm-slow_0" eclass="HBEFA3/PC_G_EU4" CO2="10483.46" CO="141.06" HC="0.90" NOx="4.33" PMx="0.23" fuel="4.51" electricity="0.00" noise="72.80" route="routetop" type="cfm-slow" waiting="0.00" lane="top_0" pos="25.52" speed="23.00" angle="228.57" x="14.37" y="111.38"/>
        <vehicle id="cfm-slow_1" eclass="HBEFA3/PC_G_EU4" CO2="12240.79" CO="179.47" HC="1.12" NOx="5.13" PMx="0.28" fuel="5.26" electricity="0.00" noise="73.92" route="routetop" type="cfm-slow" waiting="0.00" lane="top_0" pos="43.64" speed="24.11" angle="196.06" x="-3.58" y="77.35"/>
        <vehicle id="cfm-slow_2" eclass="HBEFA3/PC_G_EU4" CO2="13690.35" CO="213.18" HC="1.31" NOx="5.79" PMx="0.32" fuel="5.88" electricity="0.00" noise="74.88" route="routetop" type="cfm-slow" waiting="0.00" lane="left_0" pos="12.90" speed="25.39" angle="161.31" x="0.62" y="36.57"/>
        <vehicle id="cfm-slow_3" eclass="HBEFA3/PC_G_EU4" CO2="17604.64" CO="299.47" HC="1.80" NOx="7.60" PMx="0.42" fuel="7.57" electricity="0.00" noise="76.97" route="routetop" type="cfm-slow" waiting="0.00" lane="left_0" pos="33.46" speed="26.78" angle="124.33" x="29.56" y="4.13"/>
        <vehicle id="cfm-slow_4" eclass="HBEFA3/PC_G_EU4" CO2="32993.39" CO="626.49" HC="3.68" NOx="14.82" PMx="0.83" fuel="14.18" electricity="0.00" noise="85.17" route="routebottom" type="cfm-slow" waiting="0.00" lane="bottom_0" pos="5.42" speed="28.64" angle="84.73" x="75.36" y="-3.94"/>
        <vehicle id="cfm-slow_5" eclass="HBEFA3/PC_G_EU4" CO2="38834.56" CO="776.88" HC="4.51" NOx="17.50" PMx="1.00" fuel="16.69" electricity="0.00" noise="87.40" route="routebottom" type="cfm-slow" waiting="0.00" lane="bottom_0" pos="29.30" speed="32.47" angle="41.72" x="118.25" y="22.11"/>
    </timestep>
    <timestep time="6.99">
        <vehicle id="cfm-fast_0" eclass="HBEFA3/PC_G_EU4" CO2="131425.92" CO="2707.77" HC="15.61" NOx="61.14" PMx="3.43" fuel="56.49" electricity="0.00" noise="131.65" route="routebottom" type="cfm-fast" waiting="0.00" lane="right_1" pos="2.80" speed="34.83" angle="359.47" x="128.72" y="69.43"/>
        <vehicle id="cfm-fast_1" eclass="HBEFA3/PC_G_EU4" CO2="0.00" CO="0.00" HC="0.00" NOx="0.00" PMx="0.00" fuel="0.00" electricity="0.00" noise="70.00" route="routebottom" type="cfm-fast" waiting="0.00" lane="right_0" pos="18.29" speed="25.20" angle="331.57" x="121.23" y="100.98"/>
        <vehicle id="cfm-fast_2" eclass="HBEFA3/PC_G_EU4" CO2="0.00" CO="0.00" HC="0.00" NOx="0.00" PMx="0.00" fuel="0.00" electricity="0.00" noise="69.38" route="routebottom" type="cfm-fast" waiting="0.00" lane="right_0" pos="34.39" speed="23.54" angle="302.61" x="96.00" y="124.16"/>
        <vehicle id="cfm-fast_3" eclass="HBEFA3/PC_G_EU4" CO2="0.00" CO="0.00" HC="0.00" NOx="0.00" PMx="0.00" fuel="0.00" electricity="0.00" noise="69.78" route="routebottom" type="cfm-fast" waiting="0.00" lane="right_0" pos="48.82" speed="22.49" angle="276.71" x="66.29" y="132.22"/>
        <vehicle id="cfm-fast_4" eclass="HBEFA3/PC_G_EU4" CO2="398437.61" CO="10400.66" HC="57.49" NOx="186.28" PMx="11.33" fuel="171.27" electricity="0.00" noise="160.68" route="routebottom" type="cfm-fast" waiting="0.00" lane="right_1" pos="40.53" speed="94.92" angle="291.58" x="82.83" y="126.09"/>
        <vehicle id="cfm-fast_5" eclass="HBEFA3/PC_G_EU4" CO2="7711.53" CO="83.15" HC="0.57" NOx="3.04" PMx="0.15" fuel="3.31" electricity="0.00" noise="71.34" route="routetop" type="cfm-fast" waiting="0.00" lane="top_0" pos="12.32" speed="22.33" angle="252.25" x="37.72" y="127.17"/>
        <vehicle id="cfm-slow_0" eclass="HBEFA3/PC_G_EU4" CO2="10498.91" CO="141.40" HC="0.90" NOx="4.34" PMx="0.23" fuel="4.51" electricity="0.00" noise="72.81" route="routetop" type="cfm-slow" waiting="0.00" lane="top_0" pos="25.75" speed="23.01" angle="228.20" x="14.03" y="111.03"/>
        <vehicle id="cfm-slow_1" eclass="HBEFA3/PC_G_EU4" CO2="12253.37" CO="179.76" HC="1.12" NOx="5.14" PMx="0.28" fuel="5.27" electricity="0.00" noise="73.92" route="routetop" type="cfm-slow" waiting="0.00" lane="top_0" pos="43.88" speed="24.12" angle="195.61" x="-3.67" y="76.84"/>
        <vehicle id="cfm-slow_2" eclass="HBEFA3/PC_G_EU4" CO2="13724.12" CO="213.92" HC="1.32" NOx="5.80" PMx="0.32" fuel="5.90" electricity="0.00" noise="74.89" route="routetop" type="cfm-slow" waiting="0.00" lane="left_0" pos="13.15" speed="25.41" angle="160.84" x="0.85" y="36.07"/>
        <vehicle id="cfm-slow_3" eclass="HBEFA3/PC_G_EU4" CO2="17738.88" CO="302.32" HC="1.82" NOx="7.67" PMx="0.43" fuel="7.63" electricity="0.00" noise="77.04" route="routetop" type="cfm-slow" waiting="0.00" lane="left_0" pos="33.73" speed="26.80" angle="123.84" x="30.07" y="3.85"/>
        <vehicle id="cfm-slow_4" eclass="HBEFA3/PC_G_EU4" CO2="33056.29" CO="628.02" HC="3.69" NOx="14.85" PMx="0.83" fuel="14.21" electricity="0.00" noise="85.19" route="routebottom" type="cfm-slow" waiting="0.00" lane="bottom_0" pos="5.70" speed="28.68" angle="84.20" x="75.96" y="-3.83"/>
        <vehicle id="cfm-slow_5" eclass="HBEFA3/PC_G_EU4" CO2="37616.24" CO="752.14" HC="4.37" NOx="16.92" PMx="0.97" fuel="16.17" electricity="0.00" noise="86.79" route="routebottom" type="cfm-slow" waiting="0.00" lane="bottom_0" pos="29.62" speed="32.51" angle="41.18" x="118.67" y="22.67"/>
    </timestep>
    <timestep time="7.00">
        <vehicle id="cfm-fast_0" eclass="HBEFA3/PC_G_EU4" CO2="131967.65" CO="2720.49" HC="15.68" NOx="61.39" PMx="3.44" fuel="56.73" electricity="0.00" noise="131.72" route="routebottom" type="cfm-fast" waiting="0.00" lane="right_1" pos="3.15" speed="34.96" angle="358.84" x="128.64" y="70.15"/>
        <vehicle id="cfm-fast_1" eclass="HBEFA3/PC_G_EU4" CO2="0.00" CO="0.00" HC="0.00" NOx="0.00" PMx="0.00" fuel="0.00" electricity="0.00" noise="69.99" route="routebottom" type="cfm-fast" waiting="0.00" lane="right_0" pos="18.55" speed="25.18" angle="331.08" x="120.93" y="101.43"/>
        <vehicle id="cfm-fast_2" eclass="HBEFA3/PC_G_EU4" CO2="0.00" CO="0.00" HC="0.00" NOx="0.00" PMx="0.00" fuel="0.00" electricity="0.00" noise="69.38" route="routebottom" type="cfm-fast" waiting="0.00" lane="right_0" pos="34.63" speed="23.53" angle="302.25" x="95.56" y="124.41"/>
        <vehicle id="cfm-fast_3" eclass="HBEFA3/PC_G_EU4" CO2="0.00" CO="0.00" HC="0.00" NOx="0.00" PMx="0.00" fuel="0.00" electricity="0.00" noise="69.80" route="routebottom" type="cfm-fast" waiting="0.00" lane="right_0" pos="49.05" speed="22.49" angle="276.29" x="65.81" y="132.23"/>
        <vehicle id="cfm-fast_4" eclass="HBEFA3/PC_G_EU4" CO2="399107.99" CO="10422.88" HC="57.61" NOx="186.59" PMx="11.35" fuel="171.56" electricity="0.00" noise="160.74" route="routebottom" type="cfm-fast" waiting="0.00" lane="right_1" pos="41.48" speed="95.06" angle="289.86" x="80.95" y="126.63"/>
        <vehicle id="cfm-fast_5" eclass="HBEFA3/PC_G_EU4" CO2="7735.59" CO="83.65" HC="0.57" NOx="3.05" PMx="0.15" fuel="3.33" electricity="0.00" noise="71.36" route="routetop" type="cfm-fast" waiting="0.00" lane="top_0" pos="12.55" speed="22.34" angle="251.85" x="37.28" y="126.99"/>
        <vehicle id="cfm-slow_0" eclass="HBEFA3/PC_G_EU4" CO2="10514.35" CO="141.74" HC="0.91" NOx="4.34" PMx="0.23" fuel="4.52" electricity="0.00" noise="72.82" route="routetop" type="cfm-slow" waiting="0.00" lane="top_0" pos="25.98" speed="23.03" angle="227.77" x="13.69" y="110.66"/>
        <vehicle id="cfm-slow_1" eclass="HBEFA3/PC_G_EU4" CO2="12266.15" CO="180.05" HC="1.12" NOx="5.14" PMx="0.28" fuel="5.27" electricity="0.00" noise="73.93" route="routetop" type="cfm-slow" waiting="0.00" lane="top_0" pos="44.13" speed="24.13" angle="195.16" x="-3.76" y="76.33"/>
        <vehicle id="cfm-slow_2" eclass="HBEFA3/PC_G_EU4" CO2="13758.79" CO="214.68" HC="1.32" NOx="5.82" PMx="0.32" fuel="5.91" electricity="0.00" noise="74.91" route="routetop" type="cfm-slow" waiting="0.00" lane="left_0" pos="13.41" speed="25.42" angle="160.36" x="1.07" y="35.57"/>
        <vehicle id="cfm-slow_3" eclass="HBEFA3/PC_G_EU4" CO2="17872.54" CO="305.16" HC="1.84" NOx="7.73" PMx="0.43" fuel="7.68" electricity="0.00" noise="77.10" route="routetop" type="cfm-slow" waiting="0.00" lane="left_0" pos="33.99" speed="26.82" angle="123.35" x="30.57" y="3.57"/>
        <vehicle id="cfm-slow_4" eclass="HBEFA3/PC_G_EU4" CO2="33108.76" CO="629.33" HC="3.69" NOx="14.88" PMx="0.83" fuel="14.23" electricity="0.00" noise="85.21" route="routebottom" type="cfm-slow" waiting="0.00" lane="bottom_0" pos="5.99" speed="28.71" angle="83.68" x="76.57" y="-3.72"/>
        <vehicle id="cfm-slow_5" eclass="HBEFA3/PC_G_EU4" CO2="36412.57" CO="727.69" HC="4.23" NOx="16.35" PMx="0.94" fuel="15.65" electricity="0.00" noise="86.18" route="routebottom" type="cfm-slow" waiting="0.00" lane="bottom_0" pos="29.95" speed="32.54" angle="40.59" x="119.08" y="23.24"/>
    </timestep>
    <timestep time="7.01">
        <vehicle id="cfm-fast_0" eclass="HBEFA3/PC_G_EU4" CO2="132509.67" CO="2733.23" HC="15.75" NOx="61.65" PMx="3.46" fuel="56.96" electricity="0.00" noise="131.79" route="routebottom" type="cfm-fast" waiting="0.00" lane="right_1" pos="3.51" speed="35.10" angle="358.20" x="128.57" y="70.86"/>
        <vehicle id="cfm-fast_1" eclass="HBEFA3/PC_G_EU4" CO2="0.00" CO="0.00" HC="0.00" NOx="0.00" PMx="0.00" fuel="0.00" electricity="0.00" noise="69.99" route="routebottom" type="cfm-fast" waiting="0.00" lane="right_0" pos="18.80" speed="25.17" angle="330.59" x="120.63" y="101.88"/>
        <vehicle id="cfm-fast_2" eclass="HBEFA3/PC_G_EU4" CO2="0.00" CO="0.00" HC="0.00" NOx="0.00" PMx="0.00" fuel="0.00" electricity="0.00" noise="69.38" route="routebottom" type="cfm-fast" waiting="0.00" lane="right_0" pos="34.86" speed="23.52" angle="301.82" x="95.11" y="124.64"/>
        <vehicle id="cfm-fast_3" eclass="HBEFA3/PC_G_EU4" CO2="0.00" CO="0.00" HC="0.00" NOx="0.00" PMx="0.00" fuel="0.00" electricity="0.00" noise="69.81" route="routebottom" type="cfm-fast" waiting="0.00" lane="right_0" pos="49.27" speed="22.49" angle="275.87" x="65.33" y="132.24"/>
        <vehicle id="cfm-fast_4" eclass="HBEFA3/PC_G_EU4" CO2="399778.67" CO="10445.12" HC="57.73" NOx="186.91" PMx="11.38" fuel="171.85" electricity="0.00" noise="160.81" route="routebottom" type="cfm-fast" waiting="0.00" lane="right_1" pos="42.43" speed="95.19" angle="288.15" x="79.07" y="127.12"/>
        <vehicle id="cfm-fast_5" eclass="HBEFA3/PC_G_EU4" CO2="7759.61" CO="84.15" HC="0.57" NOx="3.06" PMx="0.16" fuel="3.34" electricity="0.00" noise="71.37" route="routetop" type="cfm-fast" waiting="0.00" lane="top_0" pos="12.77" speed="22.35" angle="251.49" x="36.83" y="126.81"/>
        <vehicle id="cfm-slow_0" eclass="HBEFA3/PC_G_EU4" CO2="10529.78" CO="142.07" HC="0.91" NOx="4.35" PMx="0.23" fuel="4.53" electricity="0.00" noise="72.83" route="routetop" type="cfm-slow" waiting="0.00" lane="top_0" pos="26.21" speed="23.04" angle="227.35" x="13.36" y="110.30"/>
        <vehicle id="cfm-slow_1" eclass="HBEFA3/PC_G_EU4" CO2="12279.13" CO="180.35" HC="1.13" NOx="5.15" PMx="0.28" fuel="5.28" electricity="0.00" noise="73.94" route="routetop" type="cfm-slow" waiting="0.00" lane="top_0" pos="44.37" speed="24.15" angle="194.71" x="-3.86" y="75.82"/>
        <vehicle id="cfm-slow_2" eclass="HBEFA3/PC_G_EU4" CO2="13794.35" CO="215.47" HC="1.32" NOx="5.84" PMx="0.32" fuel="5.93" electricity="0.00" noise="74.93" route="routetop" type="cfm-slow" waiting="0.00" lane="left_0" pos="13.66" speed="25.44" angle="159.89" x="1.30" y="35.07"/>
        <vehicle id="cfm-slow_3" eclass="HBEFA3/PC_G_EU4" CO2="18005.55" CO="307.99" HC="1.85" NOx="7.79" PMx="0.43" fuel="7.74" electricity="0.00" noise="77.17" route="routetop" type="cfm-slow" waiting="0.00" lane="left_0" pos="34.26" speed="26.83" angle="122.86" x="31.08" y="3.29"/>
        <vehicle id="cfm-slow_4" eclass="HBEFA3/PC_G_EU4" CO2="33150.99" CO="630.44" HC="3.70" NOx="14.90" PMx="0.84" fuel="14.25" electricity="0.00" noise="85.23" route="routebottom" type="cfm-slow" waiting="0.00" lane="bottom_0" pos="6.28" speed="28.75" angle="83.17" x="77.18" y="-3.61"/>
        <vehicle id="cfm-slow_5" eclass="HBEFA3/PC_G_EU4" CO2="35223.56" CO="703.53" HC="4.09" NOx="15.79" PMx="0.91" fuel="15.14" electricity="0.00" noise="85.60" route="routebottom" type="cfm-slow" waiting="0.00" lane="bottom_0" pos="30.27" speed="32.58" angle="39.99" x="119.49" y="23.81"/>
    </timestep>
    <timestep time="7.02">
        <vehicle id="cfm-fast_0" eclass="HBEFA3/PC_G_EU4" CO2="133051.98" CO="2745.99" HC="15.82" NOx="61.90" PMx="3.47" fuel="57.19" electricity="0.00" noise="131.85" route="routebottom" type="cfm-fast" waiting="0.00" lane="right_1" pos="3.86" speed="35.24" angle="357.60" x="128.49" y="71.58"/>
        <vehicle id="cfm-fast_1" eclass="HBEFA3/PC_G_EU4" CO2="0.00" CO="0.00" HC="0.00" NOx="0.00" PMx="0.00" fuel="0.00" electricity="0.00" noise="69.98" route="routebottom" type="cfm-fast" waiting="0.00" lane="right_0" pos="19.05" speed="25.15" angle="330.10" x="120.33" y="102.33"/>
        <vehicle id="cfm-fast_2" eclass="HBEFA3/PC_G_EU4" CO2="0.00" CO="0.00" HC="0.00" NOx="0.00" PMx="0.00" fuel="0.00" electricity="0.00" noise="69.38" route="routebottom" type="cfm-fast" waiting="0.00" lane="right_0" pos="35.10" speed="23.51" angle="301.40" x="94.66" y="124.86"/>
        <vehicle id="cfm-fast_3" eclass="HBEFA3/PC_G_EU4" CO2="0.00" CO="0.00" HC="0.00" NOx="0.00" PMx="0.00" fuel="0.00" electricity="0.00" noise="69.82" route="routebottom" type="cfm-fast" waiting="0.00" lane="right_0" pos="49.50" speed="22.48" angle="275.45" x="64.84" y="132.25"/>
        <vehicle id="cfm-fast_4" eclass="HBEFA3/PC_G_EU4" CO2="395671.39" CO="10368.88" HC="57.28" NOx="184.97" PMx="11.27" fuel="170.08" electricity="0.00" noise="160.03" route="routebottom" type="cfm-fast" waiting="0.00" lane="right_1" pos="43.38" speed="95.33" angle="286.47" x="77.16" y="127.56"/>
        <vehicle id="cfm-fast_5" eclass="HBEFA3/PC_G_EU4" CO2="7783.57" CO="84.65" HC="0.58" NOx="3.07" PMx="0.16" fuel="3.35" electricity="0.00" noise="71.38" route="routetop" type="cfm-fast" waiting="0.00" lane="top_0" pos="12.99" speed="22.35" angle="251.09" x="36.39" y="126.62"/>
        <vehicle id="cfm-slow_0" eclass="HBEFA3/PC_G_EU4" CO2="10545.20" CO="142.41" HC="0.91" NOx="4.36" PMx="0.23" fuel="4.53" electricity="0.00" noise="72.84" route="routetop" type="cfm-slow" waiting="0.00" lane="top_0" pos="26.44" speed="23.05" angle="226.92" x="13.02" y="109.93"/>
        <vehicle id="cfm-slow_1" eclass="HBEFA3/PC_G_EU4" CO2="12292.32" CO="180.66" HC="1.13" NOx="5.16" PMx="0.28" fuel="5.28" electricity="0.00" noise="73.95" route="routetop" type="cfm-slow" waiting="0.00" lane="top_0" pos="44.61" speed="24.16" angle="194.26" x="-3.95" y="75.30"/>
        <vehicle id="cfm-slow_2" eclass="HBEFA3/PC_G_EU4" CO2="13830.80" CO="216.27" HC="1.33" NOx="5.85" PMx="0.32" fuel="5.95" electricity="0.00" noise="74.95" route="routetop" type="cfm-slow" waiting="0.00" lane="left_0" pos="13.92" speed="25.45" angle="159.42" x="1.52" y="34.58"/>
        <vehicle id="cfm-slow_3" eclass="HBEFA3/PC_G_EU4" CO2="18137.82" CO="310.80" HC="1.87" NOx="7.85" PMx="0.44" fuel="7.80" electricity="0.00" noise="77.24" route="routetop" type="cfm-slow" waiting="0.00" lane="left_0" pos="34.53" speed="26.85" angle="122.38" x="31.59" y="3.01"/>
        <vehicle id="cfm-slow_4" eclass="HBEFA3/PC_G_EU4" CO2="33183.16" CO="631.33" HC="3.70" NOx="14.91" PMx="0.84" fuel="14.26" electricity="0.00" noise="85.24" route="routebottom" type="cfm-slow" waiting="0.00" lane="bottom_0" pos="6.57" speed="28.79" angle="82.67" x="77.78" y="-3.48"/>
        <vehicle id="cfm-slow_5" eclass="HBEFA3/PC_G_EU4" CO2="34049.25" CO="679.66" HC="3.95" NOx="15.24" PMx="0.88" fuel="14.64" electricity="0.00" noise="85.02" route="routebottom" type="cfm-slow" waiting="0.00" lane="bottom_0" pos="30.60" speed="32.61" angle="39.39" x="119.90" y="24.38"/>
    </timestep>
    <timestep time="7.03">
        <vehicle id="cfm-fast_0" eclass="HBEFA3/PC_G_EU4" CO2="133594.58" CO="2758.78" HC="15.90" NOx="62.15" PMx="3.49" fuel="57.43" electricity="0.00" noise="131.92" route="routebottom" type="cfm-fast" waiting="0.00" lane="right_1" pos="4.21" speed="35.37" angle="356.95" x="128.39" y="72.30"/>
        <vehicle id="cfm-fast_1" eclass="HBEFA3/PC_G_EU4" CO2="0.00" CO="0.00" HC="0.00" NOx="0.00" PMx="0.00" fuel="0.00" electricity="0.00" noise="69.97" route="routebottom" type="cfm-fast" waiting="0.00" lane="right_0" pos="19.30" speed="25.13" angle="329.70" x="120.02" y="102.77"/>
        <vehicle id="cfm-fast_2" eclass="HBEFA3/PC_G_EU4" CO2="0.00" CO="0.00" HC="0.00" NOx="0.00" PMx="0.00" fuel="0.00" electricity="0.00" noise="69.38" route="routebottom" type="cfm-fast" waiting="0.00" lane="right_0" pos="35.33" speed="23.50" angle="300.97" x="94.21" y="125.09"/>
        <vehicle id="cfm-fast_3" eclass="HBEFA3/PC_G_EU4" CO2="0.00" CO="0.00" HC="0.00" NOx="0.00" PMx="0.00" fuel="0.00" electricity="0.00" noise="69.83" route="routebottom" type="cfm-fast" waiting="0.00" lane="right_0" pos="49.72" speed="22.48" angle="275.03" x="64.36" y="132.26"/>
        <vehicle id="cfm-fast_4" eclass="HBEFA3/PC_G_EU4" CO2="379703.60" CO="10048.06" HC="55.42" NOx="177.43" PMx="10.86" fuel="163.22" electricity="0.00" noise="157.16" route="routebottom" type="cfm-fast" waiting="0.00" lane="right_1" pos="44.34" speed="95.46" angle="284.70" x="75.24" y="127.93"/>
        <vehicle id="cfm-fast_5" eclass="HBEFA3/PC_G_EU4" CO2="7807.47" CO="85.15" HC="0.58" NOx="3.08" PMx="0.16" fuel="3.36" electricity="0.00" noise="71.40" route="routetop" type="cfm-fast" waiting="0.00" lane="top_0" pos="13.22" speed="22.36" angle="250.69" x="35.95" y="126.42"/>
        <vehicle id="cfm-slow_0" eclass="HBEFA3/PC_G_EU4" CO2="10560.62" CO="142.74" HC="0.91" NOx="4.36" PMx="0.23" fuel="4.54" electricity="0.00" noise="72.85" route="routetop" type="cfm-slow" waiting="0.00" lane="top_0" pos="26.67" speed="23.06" angle="226.49" x="12.69" y="109.57"/>
        <vehicle id="cfm-slow_1" eclass="HBEFA3/PC_G_EU4" CO2="12305.73" CO="180.97" HC="1.13" NOx="5.16" PMx="0.28" fuel="5.29" electricity="0.00" noise="73.96" route="routetop" type="cfm-slow" waiting="0.00" lane="top_0" pos="44.85" speed="24.17" angle="193.85" x="-4.05" y="74.79"/>
        <vehicle id="cfm-slow_2" eclass="HBEFA3/PC_G_EU4" CO2="13868.11" CO="217.09" HC="1.33" NOx="5.87" PMx="0.32" fuel="5.96" electricity="0.00" noise="74.97" route="routetop" type="cfm-slow" waiting="0.00" lane="left_0" pos="14.17" speed="25.46" angle="159.00" x="1.76" y="34.08"/>
        <vehicle id="cfm-slow_3" eclass="HBEFA3/PC_G_EU4" CO2="18269.28" CO="313.60" HC="1.88" NOx="7.92" PMx="0.44" fuel="7.85" electricity="0.00" noise="77.31" route="routetop" type="cfm-slow" waiting="0.00" lane="left_0" pos="34.80" speed="26.87" angle="121.93" x="32.10" y="2.75"/>
        <vehicle id="cfm-slow_4" eclass="HBEFA3/PC_G_EU4" CO2="33205.45" CO="632.03" HC="3.71" NOx="14.92" PMx="0.84" fuel="14.27" electricity="0.00" noise="85.24" route="routebottom" type="cfm-slow" waiting="0.00" lane="bottom_0" pos="6.85" speed="28.82" angle="82.12" x="78.39" y="-3.34"/>
        <vehicle id="cfm-slow_5" eclass="HBEFA3/PC_G_EU4" CO2="32889.63" CO="656.08" HC="3.81" NOx="14.69" PMx="0.85" fuel="14.14" electricity="0.00" noise="84.46" route="routebottom" type="cfm-slow" waiting="0.00" lane="bottom_0" pos="30.93" speed="32.64" angle="38.86" x="120.30" y="24.95"/>
    </timestep>
    <timestep time="7.04">
        <vehicle id="cfm-fast_0" eclass="HBEFA3/PC_G_EU4" CO2="134137.48" CO="2771.58" HC="15.97" NOx="62.41" PMx="3.50" fuel="57.66" electricity="0.00" noise="131.98" route="routebottom" type="cfm-fast" waiting="0.00" lane="right_1" pos="4.57" speed="35.51" angle="356.30" x="128.29" y="73.02"/>
        <vehicle id="cfm-fast_1" eclass="HBEFA3/PC_G_EU4" CO2="0.00" CO="0.00" HC="0.00" NOx="0.00" PMx="0.00" fuel="0.00" electricity="0.00" noise="69.97" route="routebottom" type="cfm-fast" waiting="0.00" lane="right_0" pos="19.55" speed="25.12" angle="329.24" x="119.71" y="103.21"/>
        <vehicle id="cfm-fast_2" eclass="HBEFA3/PC_G_EU4" CO2="0.00" CO="0.00" HC="0.00" NOx="0.00" PMx="0.00" fuel="0.00" electricity="0.00" noise="69.38" route="routebottom" type="cfm-fast" waiting="0.00" lane="right_0" pos="35.57" speed="23.49" angle="300.55" x="93.75" y="125.32"/>
        <vehicle id="cfm-fast_3" eclass="HBEFA3/PC_G_EU4" CO2="0.00" CO="0.00" HC="0.00" NOx="0.00" PMx="0.00" fuel="0.00" electricity="0.00" noise="69.84" route="routebottom" type="cfm-fast" waiting="0.00" lane="right_0" pos="49.95" speed="22.48" angle="274.63" x="63.88" y="132.27"/>
        <vehicle id="cfm-fast_4" eclass="HBEFA3/PC_G_EU4" CO2="363965.98" CO="9731.58" HC="53.59" NOx="170.01" PMx="10.45" fuel="156.45" electricity="0.00" noise="154.34" route="routebottom" type="cfm-fast" waiting="0.00" lane="right_1" pos="45.29" speed="95.58" angle="282.97" x="73.30" y="128.25"/>
        <vehicle id="cfm-fast_5" eclass="HBEFA3/PC_G_EU4" CO2="7831.33" CO="85.65" HC="0.58" NOx="3.09" PMx="0.16" fuel="3.37" electricity="0.00" noise="71.41" route="routetop" type="cfm-fast" waiting="0.00" lane="top_0" pos="13.44" speed="22.37" angle="250.28" x="35.51" y="126.22"/>
        <vehicle id="cfm-slow_0" eclass="HBEFA3/PC_G_EU4" CO2="10576.03" CO="143.08" HC="0.91" NOx="4.37" PMx="0.23" fuel="4.55" electricity="0.00" noise="72.86" route="routetop" type="cfm-slow" waiting="0.00" lane="top_0" pos="26.90" speed="23.07" angle="226.11" x="12.35" y="109.20"/>
        <vehicle id="cfm-slow_1" eclass="HBEFA3/PC_G_EU4" CO2="12319.36" CO="181.28" HC="1.13" NOx="5.17" PMx="0.28" fuel="5.30" electricity="0.00" noise="73.97" route="routetop" type="cfm-slow" waiting="0.00" lane="top_0" pos="45.09" speed="24.19" angle="193.43" x="-4.12" y="74.28"/>
        <vehicle id="cfm-slow_2" eclass="HBEFA3/PC_G_EU4" CO2="13906.28" CO="217.93" HC="1.34" NOx="5.89" PMx="0.32" fuel="5.98" electricity="0.00" noise="74.99" route="routetop" type="cfm-slow" waiting="0.00" lane="left_0" pos="14.43" speed="25.48" angle="158.53" x="2.00" y="33.59"/>
        <vehicle id="cfm-slow_3" eclass="HBEFA3/PC_G_EU4" CO2="18399.83" CO="316.38" HC="1.90" NOx="7.98" PMx="0.44" fuel="7.91" electricity="0.00" noise="77.37" route="routetop" type="cfm-slow" waiting="0.00" lane="left_0" pos="35.07" speed="26.89" angle="121.43" x="32.62" y="2.49"/>
        <vehicle id="cfm-slow_4" eclass="HBEFA3/PC_G_EU4" CO2="33218.05" CO="632.53" HC="3.71" NOx="14.93" PMx="0.84" fuel="14.28" electricity="0.00" noise="85.24" route="routebottom" type="cfm-slow" waiting="0.00" lane="bottom_0" pos="7.14" speed="28.86" angle="81.56" x="78.99" y="-3.20"/>
        <vehicle id="cfm-slow_5" eclass="HBEFA3/PC_G_EU4" CO2="31744.72" CO="632.79" HC="3.68" NOx="14.15" PMx="0.82" fuel="13.65" electricity="0.00" noise="83.91" route="routebottom" type="cfm-slow" waiting="0.00" lane="bottom_0" pos="31.25" speed="32.67" angle="38.27" x="120.69" y="25.54"/>
    </timestep>
    <timestep time="7.05">
        <vehicle id="cfm-fast_0" eclass="HBEFA3/PC_G_EU4" CO2="134680.66" CO="2784.41" HC="16.04" NOx="62.66" PMx="3.52" fuel="57.89" electricity="0.00" noise="132.05" route="routebottom" type="cfm-fast" waiting="0.00" lane="right_1" pos="4.92" speed="35.65" angle="355.65" x="128.19" y="73.74"/>
        <vehicle id="cfm-fast_1" eclass="HBEFA3/PC_G_EU4" CO2="0.00" CO="0.00" HC="0.00" NOx="0.00" PMx="0.00" fuel="0.00" electricity="0.00" noise="69.96" route="routebottom" type="cfm-fast" waiting="0.00" lane="right_0" pos="19.80" speed="25.10" angle="328.79" x="119.39" y="103.65"/>
        <vehicle id="cfm-fast_2" eclass="HBEFA3/PC_G_EU4" CO2="0.00" CO="0.00" HC="0.00" NOx="0.00" PMx="0.00" fuel="0.00" electricity="0.00" noise="69.38" route="routebottom" type="cfm-fast" waiting="0.00" lane="right_0" pos="35.80" speed="23.48" angle="300.13" x="93.30" y="125.54"/>
        <vehicle id="cfm-fast_3" eclass="HBEFA3/PC_G_EU4" CO2="0.00" CO="0.00" HC="0.00" NOx="0.00" PMx="0.00" fuel="0.00" electricity="0.00" noise="69.85" route="routetop" type="cfm-fast" waiting="0.00" lane="top_0" pos="0.17" speed="22.48" angle="274.17" x="63.20" y="132.26"/>
        <vehicle id="cfm-fast_4" eclass="HBEFA3/PC_G_EU4" CO2="348459.49" CO="9419.48" HC="51.79" NOx="162.69" PMx="10.05" fuel="149.79" electricity="0.00" noise="151.57" route="routebottom" type="cfm-fast" waiting="0.00" lane="right_1" pos="46.25" speed="95.69" angle="281.29" x="71.36" y="128.52"/>
        <vehicle id="cfm-fast_5" eclass="HBEFA3/PC_G_EU4" CO2="7855.14" CO="86.15" HC="0.59" NOx="3.10" PMx="0.16" fuel="3.38" electricity="0.00" noise="71.42" route="routetop" type="cfm-fast" waiting="0.00" lane="top_0" pos="13.66" speed="22.37" angle="249.87" x="35.07" y="126.03"/>
        <vehicle id="cfm-slow_0" eclass="HBEFA3/PC_G_EU4" CO2="10591.44" CO="143.41" HC="0.91" NOx="4.38" PMx="0.23" fuel="4.55" electricity="0.00" noise="72.87" route="routetop" type="cfm-slow" waiting="0.00" lane="top_0" pos="27.13" speed="23.08" angle="225.69" x="12.03" y="108.83"/>
        <vehicle id="cfm-slow_1" eclass="HBEFA3/PC_G_EU4" CO2="12333.22" CO="181.60" HC="1.13" NOx="5.17" PMx="0.28" fuel="5.30" electricity="0.00" noise="73.98" route="routetop" type="cfm-slow" waiting="0.00" lane="top_0" pos="45.33" speed="24.20" angle="192.99" x="-4.19" y="73.76"/>
        <vehicle id="cfm-slow_2" eclass="HBEFA3/PC_G_EU4" CO2="13945.28" CO="218.78" HC="1.34" NOx="5.91" PMx="0.32" fuel="5.99" electricity="0.00" noise="75.01" route="routetop" type="cfm-slow" waiting="0.00" lane="left_0" pos="14.68" speed="25.49" angle="158.05" x="2.25" y="33.10"/>
        <vehicle id="cfm-slow_3" eclass="HBEFA3/PC_G_EU4" CO2="18529.42" CO="319.14" HC="1.92" NOx="8.04" PMx="0.45" fuel="7.96" electricity="0.00" noise="77.44" route="routetop" type="cfm-slow" waiting="0.00" lane="left_0" pos="35.34" speed="26.91" angle="120.93" x="33.13" y="2.23"/>
        <vehicle id="cfm-slow_4" eclass="HBEFA3/PC_G_EU4" CO2="33221.14" CO="632.83" HC="3.71" NOx="14.93" PMx="0.84" fuel="14.28" electricity="0.00" noise="85.23" route="routebottom" type="cfm-slow" waiting="0.00" lane="bottom_0" pos="7.43" speed="28.90" angle="81.01" x="79.60" y="-3.06"/>
        <vehicle id="cfm-slow_5" eclass="HBEFA3/PC_G_EU4" CO2="30614.52" CO="609.79" HC="3.55" NOx="13.62" PMx="0.79" fuel="13.16" electricity="0.00" noise="83.38" route="routebottom" type="cfm-slow" waiting="0.00" lane="bottom_0" pos="31.58" speed="32.70" angle="37.68" x="121.09" y="26.12"/>
    </timestep>
    <timestep time="7.06">
        <vehicle id="cfm-fast_0" eclass="HBEFA3/PC_G_EU4" CO2="135224.14" CO="2797.26" HC="16.11" NOx="62.91" PMx="3.53" fuel="58.13" electricity="0.00" noise="132.11" route="routebottom" type="cfm-fast" waiting="0.00" lane="right_1" pos="5.28" speed="35.78" angle="355.02" x="128.07" y="74.47"/>
        <vehicle id="cfm-fast_1" eclass="HBEFA3/PC_G_EU4" CO2="0.00" CO="0.00" HC="0.00" NOx="0.00" PMx="0.00" fuel="0.00" electricity="0.00" noise="69.95" route="routebottom" type="cfm-fast" waiting="0.00" lane="right_0" pos="20.05" speed="25.09" angle="328.33" x="119.08" y="104.09"/>
        <vehicle id="cfm-fast_2" eclass="HBEFA3/PC_G_EU4" CO2="0.00" CO="0.00" HC="0.00" NOx="0.00" PMx="0.00" fuel="0.00" electricity="0.00" noise="69.38" route="routebottom" type="cfm-fast" waiting="0.00" lane="right_0" pos="36.03" speed="23.47" angle="299.74" x="92.85" y="125.76"/>
        <vehicle id="cfm-fast_3" eclass="HBEFA3/PC_G_EU4" CO2="0.00" CO="0.00" HC="0.00" NOx="0.00" PMx="0.00" fuel="0.00" electricity="0.00" noise="69.86" route="routetop" type="cfm-fast" waiting="0.00" lane="top_0" pos="0.40" speed="22.48" angle="273.76" x="62.72" y="132.25"/>
        <vehicle id="cfm-fast_4" eclass="HBEFA3/PC_G_EU4" CO2="333184.88" CO="9111.76" HC="50.01" NOx="155.48" PMx="9.65" fuel="143.22" electricity="0.00" noise="148.84" route="routebottom" type="cfm-fast" waiting="0.00" lane="right_1" pos="47.21" speed="95.80" angle="279.57" x="69.41" y="128.72"/>
        <vehicle id="cfm-fast_5" eclass="HBEFA3/PC_G_EU4" CO2="7878.89" CO="86.64" HC="0.59" NOx="3.11" PMx="0.16" fuel="3.39" electricity="0.00" noise="71.43" route="routetop" type="cfm-fast" waiting="0.00" lane="top_0" pos="13.89" speed="22.38" angle="249.46" x="34.63" y="125.83"/>
        <vehicle id="cfm-slow_0" eclass="HBEFA3/PC_G_EU4" CO2="10606.85" CO="143.75" HC="0.92" NOx="4.39" PMx="0.23" fuel="4.56" electricity="0.00" noise="72.89" route="routetop" type="cfm-slow" waiting="0.00" lane="top_0" pos="27.36" speed="23.09" angle="225.26" x="11.70" y="108.45"/>
        <vehicle id="cfm-slow_1" eclass="HBEFA3/PC_G_EU4" CO2="12347.31" CO="181.92" HC="1.13" NOx="5.18" PMx="0.28" fuel="5.31" electricity="0.00" noise="73.99" route="routetop" type="cfm-slow" waiting="0.00" lane="top_0" pos="45.58" speed="24.21" angle="192.54" x="-4.27" y="73.25"/>
        <vehicle id="cfm-slow_2" eclass="HBEFA3/PC_G_EU4" CO2="13985.11" CO="219.65" HC="1.35" NOx="5.92" PMx="0.32" fuel="6.01" electricity="0.00" noise="75.04" route="routetop" type="cfm-slow" waiting="0.00" lane="left_0" pos="14.94" speed="25.51" angle="157.57" x="2.49" y="32.61"/>
        <vehicle id="cfm-slow_3" eclass="HBEFA3/PC_G_EU4" CO2="18657.97" CO="321.89" HC="1.93" NOx="8.10" PMx="0.45" fuel="8.02" electricity="0.00" noise="77.51" route="routetop" type="cfm-slow" waiting="0.00" lane="left_0" pos="35.61" speed="26.93" angle="120.43" x="33.65" y="1.97"/>
        <vehicle id="cfm-slow_4" eclass="HBEFA3/PC_G_EU4" CO2="33214.89" CO="632.94" HC="3.71" NOx="14.92" PMx="0.84" fuel="14.28" electricity="0.00" noise="85.22" route="routebottom" type="cfm-slow" waiting="0.00" lane="bottom_0" pos="7.72" speed="28.93" angle="80.53" x="80.21" y="-2.92"/>
        <vehicle id="cfm-slow_5" eclass="HBEFA3/PC_G_EU4" CO2="29499.02" CO="587.08" HC="3.42" NOx="13.09" PMx="0.76" fuel="12.68" electricity="0.00" noise="82.86" route="routebottom" type="cfm-slow" waiting="0.00" lane="bottom_0" pos="31.91" speed="32.72" angle="37.09" x="121.48" y="26.71"/>
    </timestep>
    <timestep time="7.07">
        <vehicle id="cfm-fast_0" eclass="HBEFA3/PC_G_EU4" CO2="135767.91" CO="2810.13" HC="16.19" NOx="63.17" PMx="3.55" fuel="58.36" electricity="0.00" noise="132.18" route="routebottom" type="cfm-fast" waiting="0.00" lane="right_1" pos="5.64" speed="35.92" angle="354.36" x="127.94" y="75.19"/>
        <vehicle id="cfm-fast_1" eclass="HBEFA3/PC_G_EU4" CO2="0.00" CO="0.00" HC="0.00" NOx="0.00" PMx="0.00" fuel="0.00" electricity="0.00" noise="69.95" route="routebottom" type="cfm-fast" waiting="0.00" lane="right_0" pos="20.30" speed="25.07" angle="327.88" x="118.76" y="104.53"/>
        <vehicle id="cfm-fast_2" eclass="HBEFA3/PC_G_EU4" CO2="0.00" CO="0.00" HC="0.00" NOx="0.00" PMx="0.00" fuel="0.00" electricity="0.00" noise="69.38" route="routebottom" type="cfm-fast" waiting="0.00" lane="right_0" pos="36.27" speed="23.46" angle="299.28" x="92.39" y="125.97"/>
        <vehicle id="cfm-fast_3" eclass="HBEFA3/PC_G_EU4" CO2="0.00" CO="0.00" HC="0.00" NOx="0.00" PMx="0.00" fuel="0.00" electricity="0.00" noise="69.87" route="routetop" type="cfm-fast" waiting="0.00" lane="top_0" pos="0.62" speed="22.48" angle="273.35" x="62.24" y="132.24"/>
        <vehicle id="cfm-fast_4" eclass="HBEFA3/PC_G_EU4" CO2="318142.75" CO="8808.46" HC="48.25" NOx="148.38" PMx="9.26" fuel="136.75" electricity="0.00" noise="146.17" route="routebottom" type="cfm-fast" waiting="0.00" lane="right_1" pos="48.17" speed="95.90" angle="277.82" x="67.45" y="128.85"/>
        <vehicle id="cfm-fast_5" eclass="HBEFA3/PC_G_EU4" CO2="7902.59" CO="87.14" HC="0.59" NOx="3.13" PMx="0.16" fuel="3.40" electricity="0.00" noise="71.45" route="routetop" type="cfm-fast" waiting="0.00" lane="top_0" pos="14.11" speed="22.39" angle="249.11" x="34.19" y="125.63"/>
        <vehicle id="cfm-slow_0" eclass="HBEFA3/PC_G_EU4" CO2="10622.26" CO="144.08" HC="0.92" NOx="4.39" PMx="0.23" fuel="4.57" electricity="0.00" noise="72.90" route="routetop" type="cfm-slow" waiting="0.00" lane="top_0" pos="27.59" speed="23.10" angle="224.83" x="11.38" y="108.07"/>
        <vehicle id="cfm-slow_1" eclass="HBEFA3/PC_G_EU4" CO2="12361.64" CO="182.25" HC="1.14" NOx="5.19" PMx="0.28" fuel="5.31" electricity="0.00" noise="74.00" route="routetop" type="cfm-slow" waiting="0.00" lane="top_0" pos="45.82" speed="24.23" angle="192.10" x="-4.34" y="72.73"/>
        <vehicle id="cfm-slow_2" eclass="HBEFA3/PC_G_EU4" CO2="14025.74" CO="220.54" HC="1.35" NOx="5.94" PMx="0.33" fuel="6.03" electricity="0.00" noise="75.06" route="routetop" type="cfm-slow" waiting="0.00" lane="left_0" pos="15.19" speed="25.52" angle="157.09" x="2.74" y="32.12"/>
        <vehicle id="cfm-slow_3" eclass="HBEFA3/PC_G_EU4" CO2="18785.40" CO="324.61" HC="1.95" NOx="8.16" PMx="0.45" fuel="8.07" electricity="0.00" noise="77.57" route="routetop" type="cfm-slow" waiting="0.00" lane="left_0" pos="35.88" speed="26.95" angle="119.98" x="34.17" y="1.71"/>
        <vehicle id="cfm-slow_4" eclass="HBEFA3/PC_G_EU4" CO2="33199.47" CO="632.86" HC="3.71" NOx="14.91" PMx="0.84" fuel="14.27" electricity="0.00" noise="85.20" route="routebottom" type="cfm-slow" waiting="0.00" lane="bottom_0" pos="8.01" speed="28.97" angle="80.00" x="80.81" y="-2.76"/>
        <vehicle id="cfm-slow_5" eclass="HBEFA3/PC_G_EU4" CO2="28398.21" CO="564.66" HC="3.29" NOx="12.57" PMx="0.73" fuel="12.21" electricity="0.00" noise="82.36" route="routebottom" type="cfm-slow" waiting="0.00" lane="bottom_0" pos="32.23" speed="32.75" angle="36.56" x="121.85" y="27.30"/>
    </timestep>
    <timestep time="7.08">
        <vehicle id="cfm-fast_0" eclass="HBEFA3/PC_G_EU4" CO2="136311.98" CO="2823.02" HC="16.26" NOx="63.42" PMx="3.56" fuel="58.59" electricity="0.00" noise="132.24" route="routebottom" type="cfm-fast" waiting="0.00" lane="right_1" pos="6.00" speed="36.06" angle="353.69" x="127.81" y="75.92"/>
        <vehicle id="cfm-fast_1" eclass="HBEFA3/PC_G_EU4" CO2="0.00" CO="0.00" HC="0.00" NOx="0.00" PMx="0.00" fuel="0.00" electricity="0.00" noise="69.94" route="routebottom" type="cfm-fast" waiting="0.00" lane="right_0" pos="20.55" speed="25.05" angle="327.49" x="118.45" y="104.96"/>
        <vehicle id="cfm-fast_2" eclass="HBEFA3/PC_G_EU4" CO2="0.00" CO="0.00" HC="0.00" NOx="0.00" PMx="0.00" fuel="0.00" electricity="0.00" noise="69.38" route="routebottom" type="cfm-fast" waiting="0.00" lane="right_0" pos="36.50" speed="23.45" angle="298.82" x="91.93" y="126.17"/>
        <vehicle id="cfm-fast_3" eclass="HBEFA3/PC_G_EU4" CO2="0.00" CO="0.00" HC="0.00" NOx="0.00" PMx="0.00" fuel="0.00" electricity="0.00" noise="69.88" route="routetop" type="cfm-fast" waiting="0.00" lane="top_0" pos="0.85" speed="22.48" angle="272.95" x="61.75" y="132.24"/>
        <vehicle id="cfm-fast_4" eclass="HBEFA3/PC_G_EU4" CO2="303333.53" CO="8509.58" HC="46.52" NOx="141.39" PMx="8.88" fuel="130.39" electricity="0.00" noise="143.54" route="routebottom" type="cfm-fast" waiting="0.00" lane="right_1" pos="49.13" speed="96.00" angle="276.07" x="65.48" y="128.94"/>
        <vehicle id="cfm-fast_5" eclass="HBEFA3/PC_G_EU4" CO2="7926.24" CO="87.63" HC="0.59" NOx="3.14" PMx="0.16" fuel="3.41" electricity="0.00" noise="71.46" route="routetop" type="cfm-fast" waiting="0.00" lane="top_0" pos="14.34" speed="22.40" angle="248.68" x="33.76" y="125.41"/>
        <vehicle id="cfm-slow_0" eclass="HBEFA3/PC_G_EU4" CO2="10637.67" CO="144.42" HC="0.92" NOx="4.40" PMx="0.23" fuel="4.57" electricity="0.00" noise="72.91" route="routetop" type="cfm-slow" waiting="0.00" lane="top_0" pos="27.82" speed="23.12" angle="224.39" x="11.06" y="107.69"/>
        <vehicle id="cfm-slow_1" eclass="HBEFA3/PC_G_EU4" CO2="12376.21" CO="182.58" HC="1.14" NOx="5.19" PMx="0.28" fuel="5.32" electricity="0.00" noise="74.01" route="routetop" type="cfm-slow" waiting="0.00" lane="top_0" pos="46.06" speed="24.24" angle="191.65" x="-4.41" y="72.21"/>
        <vehicle id="cfm-slow_2" eclass="HBEFA3/PC_G_EU4" CO2="14067.16" CO="221.45" HC="1.36" NOx="5.96" PMx="0.33" fuel="6.05" electricity="0.00" noise="75.08" route="routetop" type="cfm-slow" waiting="0.00" lane="left_0" pos="15.45" speed="25.54" angle="156.68" x="2.99" y="31.63"/>
        <vehicle id="cfm-slow_3" eclass="HBEFA3/PC_G_EU4" CO2="18911.65" CO="327.30" HC="1.96" NOx="8.22" PMx="0.46" fuel="8.13" electricity="0.00" noise="77.64" route="routetop" type="cfm-slow" waiting="0.00" lane="left_0" pos="36.15" speed="26.97" angle="119.49" x="34.70" y="1.47"/>
        <vehicle id="cfm-slow_4" eclass="HBEFA3/PC_G_EU4" CO2="33175.07" CO="632.60" HC="3.71" NOx="14.90" PMx="0.84" fuel="14.26" electricity="0.00" noise="85.18" route="routebottom" type="cfm-slow" waiting="0.00" lane="bottom_0" pos="8.30" speed="29.01" angle="79.47" x="81.41" y="-2.60"/>
        <vehicle id="cfm-slow_5" eclass="HBEFA3/PC_G_EU4" CO2="27312.06" CO="542.53" HC="3.16" NOx="12.06" PMx="0.70" fuel="11.74" electricity="0.00" noise="81.88" route="routebottom" type="cfm-slow" waiting="0.00" lane="bottom_0" pos="32.56" speed="32.77" angle="35.95" x="122.21" y="27.91"/>
    </timestep>
    <timestep time="7.09">
        <vehicle id="cfm-fast_0" eclass="HBEFA3/PC_G_EU4" CO2="136856.33" CO="2835.94" HC="16.33" NOx="63.68" PMx="3.58" fuel="58.83" electricity="0.00" noise="132.31" route="routebottom" type="cfm-fast" waiting="0.00" lane="right_1" pos="6.36" speed="36.19" angle="353.07" x="127.67" y="76.65"/>
        <vehicle id="cfm-fast_1" eclass="HBEFA3/PC_G_EU4" CO2="0.00" CO="0.00" HC="0.00" NOx="0.00" PMx="0.00" fuel="0.00" electricity="0.00" noise="69.93" route="routebottom" type="cfm-fast" waiting="0.00" lane="right_0" pos="20.80" speed="25.04" angle="327.03" x="118.11" y="105.39"/>
        <vehicle id="cfm-fast_2" eclass="HBEFA3/PC_G_EU4" CO2="0.00" CO="0.00" HC="0.00" NOx="0.00" PMx="0.00" fuel="0.00" electricity="0.00" noise="69.39" route="routebottom" type="cfm-fast" waiting="0.00" lane="right_0" pos="36.74" speed="23.44" angle="298.37" x="91.47" y="126.38"/>
        <vehicle id="cfm-fast_3" eclass="HBEFA3/PC_G_EU4" CO2="0.00" CO="0.00" HC="0.00" NOx="0.00" PMx="0.00" fuel="0.00" electricity="0.00" noise="69.89" route="routetop" type="cfm-fast" waiting="0.00" lane="top_0" pos="1.07" speed="22.48" angle="272.54" x="61.27" y="132.23"/>
        <vehicle id="cfm-fast_4" eclass="HBEFA3/PC_G_EU4" CO2="288757.49" CO="8215.13" HC="44.82" NOx="134.51" PMx="8.50" fuel="124.12" electricity="0.00" noise="140.96" route="routetop" type="cfm-fast" waiting="0.00" lane="top_1" pos="0.09" speed="96.09" angle="274.33" x="63.45" y="128.97"/>
        <vehicle id="cfm-fast_5" eclass="HBEFA3/PC_G_EU4" CO2="7949.84" CO="88.13" HC="0.60" NOx="3.15" PMx="0.16" fuel="3.42" electricity="0.00" noise="71.47" route="routetop" type="cfm-fast" waiting="0.00" lane="top_0" pos="14.56" speed="22.40" angle="248.26" x="33.33" y="125.20"/>
        <vehicle id="cfm-slow_0" eclass="HBEFA3/PC_G_EU4" CO2="10653.09" CO="144.75" HC="0.92" NOx="4.41" PMx="0.23" fuel="4.58" electricity="0.00" noise="72.92" route="routetop" type="cfm-slow" waiting="0.00" lane="top_0" pos="28.05" speed="23.13" angle="223.96" x="10.74" y="107.31"/>
        <vehicle id="cfm-slow_1" eclass="HBEFA3/PC_G_EU4" CO2="12391.04" CO="182.92" HC="1.14" NOx="5.20" PMx="0.28" fuel="5.33" electricity="0.00" noise="74.02" route="routetop" type="cfm-slow" waiting="0.00" lane="top_0" pos="46.30" speed="24.25" angle="191.26" x="-4.47" y="71.70"/>
        <vehicle id="cfm-slow_2" eclass="HBEFA3/PC_G_EU4" CO2="14109.35" CO="222.37" HC="1.36" NOx="5.98" PMx="0.33" fuel="6.06" electricity="0.00" noise="75.10" route="routetop" type="cfm-slow" waiting="0.00" lane="left_0" pos="15.70" speed="25.55" angle="156.21" x="3.25" y="31.15"/>
        <vehicle id="cfm-slow_3" eclass="HBEFA3/PC_G_EU4" CO2="19036.66" CO="329.97" HC="1.98" NOx="8.27" PMx="0.46" fuel="8.18" electricity="0.00" noise="77.70" route="routetop" type="cfm-slow" waiting="0.00" lane="left_0" pos="36.42" speed="26.99" angle="118.98" x="35.23" y="1.23"/>
        <vehicle id="cfm-slow_4" eclass="HBEFA3/PC_G_EU4" CO2="33141.85" CO="632.16" HC="3.71" NOx="14.89" PMx="0.84" fuel="14.25" electricity="0.00" noise="85.15" route="routebottom" type="cfm-slow" waiting="0.00" lane="bottom_0" pos="8.59" speed="29.04" angle="78.93" x="82.01" y="-2.43"/>
        <vehicle id="cfm-slow_5" eclass="HBEFA3/PC_G_EU4" CO2="26240.55" CO="520.70" HC="3.03" NOx="11.55" PMx="0.67" fuel="11.28" electricity="0.00" noise="81.40" route="routebottom" type="cfm-slow" waiting="0.00" lane="bottom_0" pos="32.89" speed="32.80" angle="35.33" x="122.58" y="28.51"/>
    </timestep>
    <timestep time="7.10">
        <vehicle id="cfm-fast_0" eclass="HBEFA3/PC_G_EU4" CO2="137400.98" CO="2848.87" HC="16.40" NOx="63.93" PMx="3.60" fuel="59.06" electricity="0.00" noise="132.38" route="routebottom" type="cfm-fast" waiting="0.00" lane="right_1" pos="6.73" speed="36.33" angle="352.39" x="127.51" y="77.38"/>
        <vehicle id="cfm-fast_1" eclass="HBEFA3/PC_G_EU4" CO2="0.00" CO="0.00" HC="0.00" NOx="0.00" PMx="0.00" fuel="0.00" electricity="0.00" noise="69.93" route="routebottom" type="cfm-fast" waiting="0.00" lane="right_0" pos="21.05" speed="25.02" angle="326.58" x="117.78" y="105.81"/>
        <vehicle id="cfm-fast_2" eclass="HBEFA3/PC_G_EU4" CO2="0.00" CO="0.00" HC="0.00" NOx="0.00" PMx="0.00" fuel="0.00" electricity="0.00" noise="69.39" route="routebottom" type="cfm-fast" waiting="0.00" lane="right_0" pos="36.97" speed="23.43" angle="297.91" x="91.00" y="126.58"/>
        <vehicle id="cfm-fast_3" eclass="HBEFA3/PC_G_EU4" CO2="0.00" CO="0.00" HC="0.00" NOx="0.00" PMx="0.00" fuel="0.00" electricity="0.00" noise="69.90" route="routetop" type="cfm-fast" waiting="0.00" lane="top_0" pos="1.29" speed="22.48" angle="272.15" x="60.78" y="132.21"/>
        <vehicle id="cfm-fast_4" eclass="HBEFA3/PC_G_EU4" CO2="274414.75" CO="7925.13" HC="43.14" NOx="127.75" PMx="8.13" fuel="117.96" electricity="0.00" noise="138.43" route="routetop" type="cfm-fast" waiting="0.00" lane="top_1" pos="1.05" speed="96.17" angle="272.57" x="61.48" y="128.93"/>
        <vehicle id="cfm-fast_5" eclass="HBEFA3/PC_G_EU4" CO2="7973.39" CO="88.62" HC="0.60" NOx="3.16" PMx="0.16" fuel="3.43" electricity="0.00" noise="71.48" route="routetop" type="cfm-fast" waiting="0.00" lane="top_0" pos="14.78" speed="22.41" angle="247.83" x="32.90" y="124.98"/>
        <vehicle id="cfm-slow_0" eclass="HBEFA3/PC_G_EU4" CO2="10668.52" CO="145.09" HC="0.92" NOx="4.41" PMx="0.23" fuel="4.59" electricity="0.00" noise="72.93" route="routetop" type="cfm-slow" waiting="0.00" lane="top_0" pos="28.29" speed="23.14" angle="223.60" x="10.42" y="106.93"/>
        <vehicle id="cfm-slow_1" eclass="HBEFA3/PC_G_EU4" CO2="12406.11" CO="183.27" HC="1.14" NOx="5.21" PMx="0.28" fuel="5.33" electricity="0.00" noise="74.03" route="routetop" type="cfm-slow" waiting="0.00" lane="top_0" pos="46.55" speed="24.27" angle="190.82" x="-4.53" y="71.18"/>
        <vehicle id="cfm-slow_2" eclass="HBEFA3/PC_G_EU4" CO2="14152.29" CO="223.31" HC="1.37" NOx="6.00" PMx="0.33" fuel="6.08" electricity="0.00" noise="75.13" route="routetop" type="cfm-slow" waiting="0.00" lane="left_0" pos="15.96" speed="25.57" angle="155.74" x="3.52" y="30.66"/>
        <vehicle id="cfm-slow_3" eclass="HBEFA3/PC_G_EU4" CO2="19160.36" CO="332.62" HC="1.99" NOx="8.33" PMx="0.46" fuel="8.24" electricity="0.00" noise="77.77" route="routetop" type="cfm-slow" waiting="0.00" lane="left_0" pos="36.69" speed="27.01" angle="118.48" x="35.76" y="0.99"/>
        <vehicle id="cfm-slow_4" eclass="HBEFA3/PC_G_EU4" CO2="33099.98" CO="631.53" HC="3.70" NOx="14.87" PMx="0.84" fuel="14.23" electricity="0.00" noise="85.12" route="routebottom" type="cfm-slow" waiting="0.00" lane="bottom_0" pos="8.88" speed="29.08" angle="78.43" x="82.62" y="-2.27"/>
        <vehicle id="cfm-slow_5" eclass="HBEFA3/PC_G_EU4" CO2="25183.66" CO="499.14" HC="2.91" NOx="11.05" PMx="0.65" fuel="10.83" electricity="0.00" noise="80.95" route="routebottom" type="cfm-slow" waiting="0.00" lane="bottom_0" pos="33.22" speed="32.82" angle="34.72" x="122.94" y="29.12"/>
    </timestep>
    <timestep time="7.11">
        <vehicle id="cfm-fast_0" eclass="HBEFA3/PC_G_EU4" CO2="137945.92" CO="2861.83" HC="16.48" NOx="64.18" PMx="3.61" fuel="59.30" electricity="0.00" noise="132.44" route="routebottom" type="cfm-fast" waiting="0.00" lane="right_1" pos="7.09" speed="36.46" angle="351.69" x="127.34" y="78.11"/>
        <vehicle id="cfm-fast_1" eclass="HBEFA3/PC_G_EU4" CO2="0.00" CO="0.00" HC="0.00" NOx="0.00" PMx="0.00" fuel="0.00" electricity="0.00" noise="69.92" route="routebottom" type="cfm-fast" waiting="0.00" lane="right_0" pos="21.30" speed="25.01" angle="326.12" x="117.45" y="106.23"/>
        <vehicle id="cfm-fast_2" eclass="HBEFA3/PC_G_EU4" CO2="0.00" CO="0.00" HC="0.00" NOx="0.00" PMx="0.00" fuel="0.00" electricity="0.00" noise="69.39" route="routebottom" type="cfm-fast" waiting="0.00" lane="right_0" pos="37.21" speed="23.42" angle="297.54" x="90.54" y="126.79"/>
        <vehicle id="cfm-fast_3" eclass="HBEFA3/PC_G_EU4" CO2="0.00" CO="0.00" HC="0.00" NOx="0.00" PMx="0.00" fuel="0.00" electricity="0.00" noise="69.92" route="routetop" type="cfm-fast" waiting="0.00" lane="top_0" pos="1.52" speed="22.48" angle="271.75" x="60.30" y="132.18"/>
        <vehicle id="cfm-fast_4" eclass="HBEFA3/PC_G_EU4" CO2="260305.28" CO="7639.58" HC="41.49" NOx="121.09" PMx="7.76" fuel="111.89" electricity="0.00" noise="135.95" route="routetop" type="cfm-fast" waiting="0.00" lane="top_1" pos="2.01" speed="96.25" angle="270.86" x="59.51" y="128.83"/>
        <vehicle id="cfm-fast_5" eclass="HBEFA3/PC_G_EU4" CO2="7996.89" CO="89.11" HC="0.60" NOx="3.17" PMx="0.16" fuel="3.44" electricity="0.00" noise="71.50" route="routetop" type="cfm-fast" waiting="0.00" lane="top_0" pos="15.01" speed="22.42" angle="247.40" x="32.47" y="124.76"/>
        <vehicle id="cfm-slow_0" eclass="HBEFA3/PC_G_EU4" CO2="10683.95" CO="145.43" HC="0.93" NOx="4.42" PMx="0.23" fuel="4.59" electricity="0.00" noise="72.94" route="routetop" type="cfm-slow" waiting="0.00" lane="top_0" pos="28.52" speed="23.15" angle="223.18" x="10.11" y="106.54"/>
        <vehicle id="cfm-slow_1" eclass="HBEFA3/PC_G_EU4" CO2="12421.44" CO="183.62" HC="1.14" NOx="5.21" PMx="0.28" fuel="5.34" electricity="0.00" noise="74.04" route="routetop" type="cfm-slow" waiting="0.00" lane="top_0" pos="46.79" speed="24.28" angle="190.37" x="-4.58" y="70.66"/>
        <vehicle id="cfm-slow_2" eclass="HBEFA3/PC_G_EU4" CO2="14195.97" CO="224.26" HC="1.37" NOx="6.02" PMx="0.33" fuel="6.10" electricity="0.00" noise="75.15" route="routetop" type="cfm-slow" waiting="0.00" lane="left_0" pos="16.21" speed="25.58" angle="155.27" x="3.79" y="30.18"/>
        <vehicle id="cfm-slow_3" eclass="HBEFA3/PC_G_EU4" CO2="19282.68" CO="335.24" HC="2.01" NOx="8.39" PMx="0.47" fuel="8.29" electricity="0.00" noise="77.83" route="routetop" type="cfm-slow" waiting="0.00" lane="left_0" pos="36.96" speed="27.03" angle="117.97" x="36.29" y="0.75"/>
        <vehicle id="cfm-slow_4" eclass="HBEFA3/PC_G_EU4" CO2="33049.64" CO="630.74" HC="3.70" NOx="14.84" PMx="0.83" fuel="14.21" electricity="0.00" noise="85.09" route="routebottom" type="cfm-slow" waiting="0.00" lane="bottom_0" pos="9.17" speed="29.12" angle="77.92" x="83.22" y="-2.09"/>
        <vehicle id="cfm-slow_5" eclass="HBEFA3/PC_G_EU4" CO2="24141.34" CO="477.88" HC="2.79" NOx="10.56" PMx="0.62" fuel="10.38" electricity="0.00" noise="80.51" route="routebottom" type="cfm-slow" waiting="0.00" lane="bottom_0" pos="33.55" speed="32.84" angle="34.17" x="123.29" y="29.73"/>
    </timestep>
    <timestep time="7.12">
        <vehicle id="cfm-fast_0" eclass="HBEFA3/PC_G_EU4" CO2="138491.15" CO="2874.80" HC="16.55" NOx="64.44" PMx="3.63" fuel="59.53" electricity="0.00" noise="132.51" route="routebottom" type="cfm-fast" waiting="0.00" lane="right_1" pos="7.46" speed="36.60" angle="350.98" x="127.18" y="78.84"/>
        <vehicle id="cfm-fast_1" eclass="HBEFA3/PC_G_EU4" CO2="0.00" CO="0.00" HC="0.00" NOx="0.00" PMx="0.00" fuel="0.00" electricity="0.00" noise="69.91" route="routebottom" type="cfm-fast" waiting="0.00" lane="right_0" pos="21.55" speed="24.99" angle="325.67" x="117.12" y="106.66"/>
        <vehicle id="cfm-fast_2" eclass="HBEFA3/PC_G_EU4" CO2="0.00" CO="0.00" HC="0.00" NOx="0.00" PMx="0.00" fuel="0.00" electricity="0.00" noise="69.39" route="routebottom" type="cfm-fast" waiting="0.00" lane="right_0" pos="37.44" speed="23.41" angle="297.12" x="90.08" y="126.98"/>
        <vehicle id="cfm-fast_3" eclass="HBEFA3/PC_G_EU4" CO2="0.00" CO="0.00" HC="0.00" NOx="0.00" PMx="0.00" fuel="0.00" electricity="0.00" noise="69.93" route="routetop" type="cfm-fast" waiting="0.00" lane="top_0" pos="1.74" speed="22.48" angle="271.35" x="59.82" y="132.16"/>
        <vehicle id="cfm-fast_4" eclass="HBEFA3/PC_G_EU4" CO2="246428.93" CO="7358.48" HC="39.87" NOx="114.54" PMx="7.40" fuel="105.93" electricity="0.00" noise="133.51" route="routetop" type="cfm-fast" waiting="0.00" lane="top_1" pos="2.98" speed="96.33" angle="269.16" x="57.54" y="128.68"/>
        <vehicle id="cfm-fast_5" eclass="HBEFA3/PC_G_EU4" CO2="8020.34" CO="89.60" HC="0.61" NOx="3.18" PMx="0.16" fuel="3.45" electricity="0.00" noise="71.51" route="routetop" type="cfm-fast" waiting="0.00" lane="top_0" pos="15.23" speed="22.43" angle="246.97" x="32.04" y="124.55"/>
        <vehicle id="cfm-slow_0" eclass="HBEFA3/PC_G_EU4" CO2="10699.40" CO="145.77" HC="0.93" NOx="4.43" PMx="0.23" fuel="4.60" electricity="0.00" noise="72.95" route="routetop" type="cfm-slow" waiting="0.00" lane="top_0" pos="28.75" speed="23.16" angle="222.76" x="9.80" y="106.15"/>
        <vehicle id="cfm-slow_1" eclass="HBEFA3/PC_G_EU4" CO2="12437.03" CO="183.97" HC="1.15" NOx="5.22" PMx="0.28" fuel="5.35" electricity="0.00" noise="74.05" route="routetop" type="cfm-slow" waiting="0.00" lane="top_0" pos="47.03" speed="24.29" angle="189.92" x="-4.63" y="70.14"/>
        <vehicle id="cfm-slow_2" eclass="HBEFA3/PC_G_EU4" CO2="14240.37" CO="225.23" HC="1.38" NOx="6.04" PMx="0.33" fuel="6.12" electricity="0.00" noise="75.17" route="routetop" type="cfm-slow" waiting="0.00" lane="left_0" pos="16.47" speed="25.59" angle="154.80" x="4.05" y="29.70"/>
        <vehicle id="cfm-slow_3" eclass="HBEFA3/PC_G_EU4" CO2="19403.57" CO="337.83" HC="2.02" NOx="8.45" PMx="0.47" fuel="8.34" electricity="0.00" noise="77.89" route="routetop" type="cfm-slow" waiting="0.00" lane="left_0" pos="37.23" speed="27.05" angle="117.54" x="36.82" y="0.51"/>
        <vehicle id="cfm-slow_4" eclass="HBEFA3/PC_G_EU4" CO2="32990.98" CO="629.77" HC="3.69" NOx="14.81" PMx="0.83" fuel="14.18" electricity="0.00" noise="85.05" route="routebottom" type="cfm-slow" waiting="0.00" lane="bottom_0" pos="9.46" speed="29.15" angle="77.38" x="83.82" y="-1.91"/>
        <vehicle id="cfm-slow_5" eclass="HBEFA3/PC_G_EU4" CO2="23113.57" CO="456.91" HC="2.66" NOx="10.07" PMx="0.59" fuel="9.94" electricity="0.00" noise="80.09" route="routebottom" type="cfm-slow" waiting="0.00" lane="bottom_0" pos="33.87" speed="32.86" angle="33.57" x="123.63" y="30.35"/>
    </timestep>
    <timestep time="7.13">
        <vehicle id="cfm-fast_0" eclass="HBEFA3/PC_G_EU4" CO2="139036.67" CO="2887.80" HC="16.62" NOx="64.69" PMx="3.64" fuel="59.76" electricity="0.00" noise="132.57" route="routebottom" type="cfm-fast" waiting="0.00" lane="right_1" pos="7.82" speed="36.74" angle="350.37" x="127.00" y="79.57"/>
        <vehicle id="cfm-fast_1" eclass="HBEFA3/PC_G_EU4" CO2="0.00" CO="0.00" HC="0.00" NOx="0.00" PMx="0.00" fuel="0.00" electricity="0.00" noise="69.91" route="routebottom" type="cfm-fast" waiting="0.00" lane="right_0" pos="21.80" speed="24.98" angle="325.27" x="116.79" y="107.08"/>
        <vehicle id="cfm-fast_2" eclass="HBEFA3/PC_G_EU4" CO2="0.00" CO="0.00" HC="0.00" NOx="0.00" PMx="0.00" fuel="0.00" electricity="0.00" noise="69.39" route="routebottom" type="cfm-fast" waiting="0.00" lane="right_0" pos="37.67" speed="23.40" angle="296.70" x="89.61" y="127.16"/>
        <vehicle id="cfm-fast_3" eclass="HBEFA3/PC_G_EU4" CO2="0.00" CO="0.00" HC="0.00" NOx="0.00" PMx="0.00" fuel="0.00" electricity="0.00" noise="69.94" route="routetop" type="cfm-fast" waiting="0.00" lane="top_0" pos="1.97" speed="22.48" angle="270.94" x="59.34" y="132.13"/>
        <vehicle id="cfm-fast_4" eclass="HBEFA3/PC_G_EU4" CO2="232785.38" CO="7081.83" HC="38.27" NOx="108.10" PMx="7.05" fuel="100.06" electricity="0.00" noise="131.11" route="routetop" type="cfm-fast" waiting="0.00" lane="top_1" pos="3.94" speed="96.39" angle="267.45" x="55.57" y="128.47"/>
        <vehicle id="cfm-fast_5" eclass="HBEFA3/PC_G_EU4" CO2="8043.74" CO="90.09" HC="0.61" NOx="3.19" PMx="0.16" fuel="3.46" electricity="0.00" noise="71.52" route="routetop" type="cfm-fast" waiting="0.00" lane="top_0" pos="15.46" speed="22.43" angle="246.63" x="31.61" y="124.32"/>
        <vehicle id="cfm-slow_0" eclass="HBEFA3/PC_G_EU4" CO2="10714.86" CO="146.10" HC="0.93" NOx="4.43" PMx="0.23" fuel="4.61" electricity="0.00" noise="72.96" route="routetop" type="cfm-slow" waiting="0.00" lane="top_0" pos="28.98" speed="23.17" angle="222.34" x="9.50" y="105.75"/>
        <vehicle id="cfm-slow_1" eclass="HBEFA3/PC_G_EU4" CO2="12452.89" CO="184.33" HC="1.15" NOx="5.23" PMx="0.28" fuel="5.35" electricity="0.00" noise="74.06" route="routetop" type="cfm-slow" waiting="0.00" lane="top_0" pos="47.27" speed="24.31" angle="189.48" x="-4.69" y="69.62"/>
        <vehicle id="cfm-slow_2" eclass="HBEFA3/PC_G_EU4" CO2="14285.47" CO="226.21" HC="1.39" NOx="6.06" PMx="0.33" fuel="6.14" electricity="0.00" noise="75.20" route="routetop" type="cfm-slow" waiting="0.00" lane="left_0" pos="16.73" speed="25.61" angle="154.38" x="4.32" y="29.22"/>
        <vehicle id="cfm-slow_3" eclass="HBEFA3/PC_G_EU4" CO2="19522.98" CO="340.39" HC="2.04" NOx="8.50" PMx="0.47" fuel="8.39" electricity="0.00" noise="77.95" route="routetop" type="cfm-slow" waiting="0.00" lane="left_0" pos="37.50" speed="27.07" angle="117.04" x="37.36" y="0.30"/>
        <vehicle id="cfm-slow_4" eclass="HBEFA3/PC_G_EU4" CO2="32924.17" CO="628.64" HC="3.69" NOx="14.78" PMx="0.83" fuel="14.15" electricity="0.00" noise="85.00" route="routebottom" type="cfm-slow" waiting="0.00" lane="bottom_0" pos="9.76" speed="29.19" angle="76.85" x="84.42" y="-1.72"/>
        <vehicle id="cfm-slow_5" eclass="HBEFA3/PC_G_EU4" CO2="22100.29" CO="436.22" HC="2.55" NOx="9.59" PMx="0.57" fuel="9.50" electricity="0.00" noise="79.69" route="routebottom" type="cfm-slow" waiting="0.00" lane="bottom_0" pos="34.20" speed="32.87" angle="32.96" x="123.97" y="30.97"/>
    </timestep>
    <timestep time="7.14">
        <vehicle id="cfm-fast_0" eclass="HBEFA3/PC_G_EU4" CO2="139582.48" CO="2900.83" HC="16.69" NOx="64.95" PMx="3.66" fuel="60.00" electricity="0.00" noise="132.64" route="routebottom" type="cfm-fast" waiting="0.00" lane="right_1" pos="8.19" speed="36.87" angle="349.71" x="126.80" y="80.30"/>
        <vehicle id="cfm-fast_1" eclass="HBEFA3/PC_G_EU4" CO2="0.00" CO="0.00" HC="0.00" NOx="0.00" PMx="0.00" fuel="0.00" electricity="0.00" noise="69.90" route="routebottom" type="cfm-fast" waiting="0.00" lane="right_0" pos="22.05" speed="24.96" angle="324.79" x="116.44" y="107.49"/>
        <vehicle id="cfm-fast_2" eclass="HBEFA3/PC_G_EU4" CO2="0.00" CO="0.00" HC="0.00" NOx="0.00" PMx="0.00" fuel="0.00" electricity="0.00" noise="69.39" route="routebottom" type="cfm-fast" waiting="0.00" lane="right_0" pos="37.91" speed="23.39" angle="296.28" x="89.14" y="127.35"/>
        <vehicle id="cfm-fast_3" eclass="HBEFA3/PC_G_EU4" CO2="0.00" CO="0.00" HC="0.00" NOx="0.00" PMx="0.00" fuel="0.00" electricity="0.00" noise="69.95" route="routetop" type="cfm-fast" waiting="0.00" lane="top_0" pos="2.19" speed="22.48" angle="270.54" x="58.85" y="132.10"/>
        <vehicle id="cfm-fast_4" eclass="HBEFA3/PC_G_EU4" CO2="219374.22" CO="6809.62" HC="36.70" NOx="101.77" PMx="6.70" fuel="94.30" electricity="0.00" noise="128.76" route="routetop" type="cfm-fast" waiting="0.00" lane="top_1" pos="4.90" speed="96.46" angle="265.68" x="53.61" y="128.19"/>
        <vehicle id="cfm-fast_5" eclass="HBEFA3/PC_G_EU4" CO2="8067.09" CO="90.58" HC="0.61" NOx="3.20" PMx="0.16" fuel="3.47" electricity="0.00" noise="71.53" route="routetop" type="cfm-fast" waiting="0.00" lane="top_0" pos="15.68" speed="22.44" angle="246.22" x="31.19" y="124.09"/>
        <vehicle id="cfm-slow_0" eclass="HBEFA3/PC_G_EU4" CO2="10730.33" CO="146.44" HC="0.93" NOx="4.44" PMx="0.23" fuel="4.61" electricity="0.00" noise="72.97" route="routetop" type="cfm-slow" waiting="0.00" lane="top_0" pos="29.21" speed="23.18" angle="221.91" x="9.19" y="105.36"/>
        <vehicle id="cfm-slow_1" eclass="HBEFA3/PC_G_EU4" CO2="12469.01" CO="184.70" HC="1.15" NOx="5.24" PMx="0.28" fuel="5.36" electricity="0.00" noise="74.07" route="routetop" type="cfm-slow" waiting="0.00" lane="top_0" pos="47.52" speed="24.32" angle="189.09" x="-4.73" y="69.10"/>
        <vehicle id="cfm-slow_2" eclass="HBEFA3/PC_G_EU4" CO2="14331.25" CO="227.21" HC="1.39" NOx="6.09" PMx="0.33" fuel="6.16" electricity="0.00" noise="75.22" route="routetop" type="cfm-slow" waiting="0.00" lane="left_0" pos="16.98" speed="25.62" angle="153.91" x="4.61" y="28.75"/>
        <vehicle id="cfm-slow_3" eclass="HBEFA3/PC_G_EU4" CO2="19640.83" CO="342.92" HC="2.05" NOx="8.56" PMx="0.48" fuel="8.44" electricity="0.00" noise="78.02" route="routetop" type="cfm-slow" waiting="0.00" lane="left_0" pos="37.77" speed="27.09" angle="116.54" x="37.90" y="0.08"/>
        <vehicle id="cfm-slow_4" eclass="HBEFA3/PC_G_EU4" CO2="32849.38" CO="627.34" HC="3.68" NOx="14.74" PMx="0.83" fuel="14.12" electricity="0.00" noise="84.95" route="routebottom" type="cfm-slow" waiting="0.00" lane="bottom_0" pos="10.05" speed="29.23" angle="76.31" x="85.02" y="-1.54"/>
        <vehicle id="cfm-slow_5" eclass="HBEFA3/PC_G_EU4" CO2="21101.45" CO="415.82" HC="2.43" NOx="9.12" PMx="0.54" fuel="9.07" electricity="0.00" noise="79.30" route="routebottom" type="cfm-slow" waiting="0.00" lane="bottom_0" pos="34.53" speed="32.89" angle="32.37" x="124.31" y="31.59"/>
    </timestep>
    <timestep time="7.15">
        <vehicle id="cfm-fast_0" eclass="HBEFA3/PC_G_EU4" CO2="140128.59" CO="2913.87" HC="16.77" NOx="65.20" PMx="3.67" fuel="60.23" electricity="0.00" noise="132.70" route="routebottom" type="cfm-fast" waiting="0.00" lane="right_1" pos="8.56" speed="37.01" angle="349.05" x="126.61" y="81.03"/>
        <vehicle id="cfm-fast_1" eclass="HBEFA3/PC_G_EU4" CO2="0.00" CO="0.00" HC="0.00" NOx="0.00" PMx="0.00" fuel="0.00" electricity="0.00" noise="69.90" route="routebottom" type="cfm-fast" waiting="0.00" lane="right_0" pos="22.30" speed="24.95" angle="324.32" x="116.09" y="107.90"/>
        <vehicle id="cfm-fast_2" eclass="HBEFA3/PC_G_EU4" CO2="0.00" CO="0.00" HC="0.00" NOx="0.00" PMx="0.00" fuel="0.00" electricity="0.00" noise="69.39" route="routebottom" type="cfm-fast" waiting="0.00" lane="right_0" pos="38.14" speed="23.38" angle="295.85" x="88.68" y="127.54"/>
        <vehicle id="cfm-fast_3" eclass="HBEFA3/PC_G_EU4" CO2="0.00" CO="0.00" HC="0.00" NOx="0.00" PMx="0.00" fuel="0.00" electricity="0.00" noise="69.96" route="routetop" type="cfm-fast" waiting="0.00" lane="top_0" pos="2.42" speed="22.48" angle="270.14" x="58.37" y="132.07"/>
        <vehicle id="cfm-fast_4" eclass="HBEFA3/PC_G_EU4" CO2="206194.90" CO="6541.86" HC="35.15" NOx="95.55" PMx="6.36" fuel="88.63" electricity="0.00" noise="126.45" route="routetop" type="cfm-fast" waiting="0.00" lane="top_1" pos="5.87" speed="96.51" angle="263.93" x="51.66" y="127.85"/>
        <vehicle id="cfm-fast_5" eclass="HBEFA3/PC_G_EU4" CO2="8090.39" CO="91.07" HC="0.61" NOx="3.21" PMx="0.16" fuel="3.48" electricity="0.00" noise="71.55" route="routetop" type="cfm-fast" waiting="0.00" lane="top_0" pos="15.91" speed="22.45" angle="245.82" x="30.77" y="123.86"/>
        <vehicle id="cfm-slow_0" eclass="HBEFA3/PC_G_EU4" CO2="10745.83" CO="146.78" HC="0.93" NOx="4.45" PMx="0.23" fuel="4.62" electricity="0.00" noise="72.98" route="routetop" type="cfm-slow" waiting="0.00" lane="top_0" pos="29.44" speed="23.20" angle="221.53" x="8.88" y="104.97"/>
        <vehicle id="cfm-slow_1" eclass="HBEFA3/PC_G_EU4" CO2="12485.41" CO="185.07" HC="1.15" NOx="5.24" PMx="0.28" fuel="5.37" electricity="0.00" noise="74.08" route="routetop" type="cfm-slow" waiting="0.00" lane="top_0" pos="47.76" speed="24.33" angle="188.62" x="-4.77" y="68.57"/>
        <vehicle id="cfm-slow_2" eclass="HBEFA3/PC_G_EU4" CO2="14377.68" CO="228.22" HC="1.40" NOx="6.11" PMx="0.34" fuel="6.18" electricity="0.00" noise="75.25" route="routetop" type="cfm-slow" waiting="0.00" lane="left_0" pos="17.24" speed="25.64" angle="153.44" x="4.89" y="28.28"/>
        <vehicle id="cfm-slow_3" eclass="HBEFA3/PC_G_EU4" CO2="19757.09" CO="345.42" HC="2.07" NOx="8.61" PMx="0.48" fuel="8.49" electricity="0.00" noise="78.08" route="routetop" type="cfm-slow" waiting="0.00" lane="left_0" pos="38.04" speed="27.12" angle="116.05" x="38.44" y="-0.14"/>
        <vehicle id="cfm-slow_4" eclass="HBEFA3/PC_G_EU4" CO2="32766.77" CO="625.88" HC="3.67" NOx="14.70" PMx="0.83" fuel="14.08" electricity="0.00" noise="84.90" route="routebottom" type="cfm-slow" waiting="0.00" lane="bottom_0" pos="10.34" speed="29.26" angle="75.84" x="85.62" y="-1.34"/>
        <vehicle id="cfm-slow_5" eclass="HBEFA3/PC_G_EU4" CO2="20117.01" CO="395.70" HC="2.31" NOx="8.66" PMx="0.51" fuel="8.65" electricity="0.00" noise="78.93" route="routebottom" type="cfm-slow" waiting="0.00" lane="bottom_0" pos="34.86" speed="32.91" angle="31.82" x="124.64" y="32.22"/>
    </timestep>
    <timestep time="7.16">
        <vehicle id="cfm-fast_0" eclass="HBEFA3/PC_G_EU4" CO2="140674.99" CO="2926.93" HC="16.84" NOx="65.46" PMx="3.69" fuel="60.47" electricity="0.00" noise="132.77" route="routebottom" type="cfm-fast" waiting="0.00" lane="right_1" pos="8.93" speed="37.15" angle="348.43" x="126.42" y="81.77"/>
        <vehicle id="cfm-fast_1" eclass="HBEFA3/PC_G_EU4" CO2="0.00" CO="0.00" HC="0.00" NOx="0.00" PMx="0.00" fuel="0.00" electricity="0.00" noise="69.89" route="routebottom" type="cfm-fast" waiting="0.00" lane="right_0" pos="22.55" speed="24.93" angle="323.85" x="115.74" y="108.31"/>
        <vehicle id="cfm-fast_2" eclass="HBEFA3/PC_G_EU4" CO2="0.00" CO="0.00" HC="0.00" NOx="0.00" PMx="0.00" fuel="0.00" electricity="0.00" noise="69.40" route="routebottom" type="cfm-fast" waiting="0.00" lane="right_0" pos="38.38" speed="23.37" angle="295.44" x="88.21" y="127.72"/>
        <vehicle id="cfm-fast_3" eclass="HBEFA3/PC_G_EU4" CO2="0.00" CO="0.00" HC="0.00" NOx="0.00" PMx="0.00" fuel="0.00" electricity="0.00" noise="69.97" route="routetop" type="cfm-fast" waiting="0.00" lane="top_0" pos="2.64" speed="22.48" angle="269.75" x="57.89" y="132.03"/>
        <vehicle id="cfm-fast_4" eclass="HBEFA3/PC_G_EU4" CO2="193246.77" CO="6278.53" HC="33.63" NOx="89.44" PMx="6.02" fuel="83.07" electricity="0.00" noise="124.19" route="routetop" type="cfm-fast" waiting="0.00" lane="top_1" pos="6.84" speed="96.56" angle="262.17" x="49.72" y="127.46"/>
        <vehicle id="cfm-fast_5" eclass="HBEFA3/PC_G_EU4" CO2="8113.64" CO="91.55" HC="0.62" NOx="3.22" PMx="0.16" fuel="3.49" electricity="0.00" noise="71.56" route="routetop" type="cfm-fast" waiting="0.00" lane="top_0" pos="16.13" speed="22.46" angle="245.41" x="30.34" y="123.62"/>
        <vehicle id="cfm-slow_0" eclass="HBEFA3/PC_G_EU4" CO2="10761.34" CO="147.12" HC="0.94" NOx="4.46" PMx="0.24" fuel="4.63" electricity="0.00" noise="72.99" route="routetop" type="cfm-slow" waiting="0.00" lane="top_0" pos="29.68" speed="23.21" angle="221.12" x="8.58" y="104.57"/>
        <vehicle id="cfm-slow_1" eclass="HBEFA3/PC_G_EU4" CO2="12502.09" CO="185.45" HC="1.15" NOx="5.25" PMx="0.28" fuel="5.37" electricity="0.00" noise="74.09" route="routetop" type="cfm-slow" waiting="0.00" lane="top_0" pos="48.00" speed="24.34" angle="188.16" x="-4.80" y="68.05"/>
        <vehicle id="cfm-slow_2" eclass="HBEFA3/PC_G_EU4" CO2="14424.76" CO="229.25" HC="1.40" NOx="6.13" PMx="0.34" fuel="6.20" electricity="0.00" noise="75.27" route="routetop" type="cfm-slow" waiting="0.00" lane="left_0" pos="17.49" speed="25.65" angle="152.97" x="5.18" y="27.80"/>
        <vehicle id="cfm-slow_3" eclass="HBEFA3/PC_G_EU4" CO2="19871.69" CO="347.88" HC="2.08" NOx="8.67" PMx="0.48" fuel="8.54" electricity="0.00" noise="78.14" route="routetop" type="cfm-slow" waiting="0.00" lane="left_0" pos="38.31" speed="27.14" angle="115.55" x="38.99" y="-0.35"/>
        <vehicle id="cfm-slow_4" eclass="HBEFA3/PC_G_EU4" CO2="32676.50" CO="624.26" HC="3.66" NOx="14.66" PMx="0.83" fuel="14.05" electricity="0.00" noise="84.84" route="routebottom" type="cfm-slow" waiting="0.00" lane="bottom_0" pos="10.63" speed="29.30" angle="75.29" x="86.21" y="-1.13"/>
        <vehicle id="cfm-slow_5" eclass="HBEFA3/PC_G_EU4" CO2="19146.90" CO="375.87" HC="2.20" NOx="8.20" PMx="0.49" fuel="8.23" electricity="0.00" noise="78.58" route="routebottom" type="cfm-slow" waiting="0.00" lane="bottom_0" pos="35.19" speed="32.92" angle="31.22" x="124.96" y="32.85"/>
    </timestep>
    <timestep time="7.17">
        <vehicle id="cfm-fast_0" eclass="HBEFA3/PC_G_EU4" CO2="141221.68" CO="2940.02" HC="16.91" NOx="65.71" PMx="3.70" fuel="60.70" electricity="0.00" noise="132.83" route="routebottom" type="cfm-fast" waiting="0.00" lane="right_1" pos="9.31" speed="37.28" angle="347.76" x="126.19" y="82.50"/>
        <vehicle id="cfm-fast_1" eclass="HBEFA3/PC_G_EU4" CO2="0.00" CO="0.00" HC="0.00" NOx="0.00" PMx="0.00" fuel="0.00" electricity="0.00" noise="69.88" route="routebottom" type="cfm-fast" waiting="0.00" lane="right_0" pos="22.80" speed="24.92" angle="323.37" x="115.40" y="108.72"/>
        <vehicle id="cfm-fast_2" eclass="HBEFA3/PC_G_EU4" CO2="0.00" CO="0.00" HC="0.00" NOx="0.00" PMx="0.00" fuel="0.00" electricity="0.00" noise="69.40" route="routebottom" type="cfm-fast" waiting="0.00" lane="right_0" pos="38.61" speed="23.36" angle="295.06" x="87.74" y="127.90"/>
        <vehicle id="cfm-fast_3" eclass="HBEFA3/PC_G_EU4" CO2="0.00" CO="0.00" HC="0.00" NOx="0.00" PMx="0.00" fuel="0.00" electricity="0.00" noise="69.98" route="routetop" type="cfm-fast" waiting="0.00" lane="top_0" pos="2.87" speed="22.48" angle="269.35" x="57.41" y="131.98"/>
        <vehicle id="cfm-fast_4" eclass="HBEFA3/PC_G_EU4" CO2="180529.06" CO="6019.63" HC="32.14" NOx="83.44" PMx="5.69" fuel="77.60" electricity="0.00" noise="121.97" route="routetop" type="cfm-fast" waiting="0.00" lane="top_1" pos="7.80" speed="96.61" angle="260.40" x="47.80" y="127.01"/>
        <vehicle id="cfm-fast_5" eclass="HBEFA3/PC_G_EU4" CO2="8136.85" CO="92.04" HC="0.62" NOx="3.23" PMx="0.17" fuel="3.50" electricity="0.00" noise="71.57" route="routetop" type="cfm-fast" waiting="0.00" lane="top_0" pos="16.36" speed="22.46" angle="245.01" x="29.92" y="123.39"/>
        <vehicle id="cfm-slow_0" eclass="HBEFA3/PC_G_EU4" CO2="10776.87" CO="147.46" HC="0.94" NOx="4.46" PMx="0.24" fuel="4.63" electricity="0.00" noise="73.00" route="routetop" type="cfm-slow" waiting="0.00" lane="top_0" pos="29.91" speed="23.22" angle="220.69" x="8.29" y="104.16"/>
        <vehicle id="cfm-slow_1" eclass="HBEFA3/PC_G_EU4" CO2="12519.05" CO="185.84" HC="1.16" NOx="5.26" PMx="0.28" fuel="5.38" electricity="0.00" noise="74.10" route="routetop" type="cfm-slow" waiting="0.00" lane="top_0" pos="48.25" speed="24.36" angle="187.69" x="-4.83" y="67.53"/>
        <vehicle id="cfm-slow_2" eclass="HBEFA3/PC_G_EU4" CO2="14472.46" CO="230.29" HC="1.41" NOx="6.15" PMx="0.34" fuel="6.22" electricity="0.00" noise="75.30" route="routetop" type="cfm-slow" waiting="0.00" lane="left_0" pos="17.75" speed="25.67" angle="152.50" x="5.46" y="27.33"/>
        <vehicle id="cfm-slow_3" eclass="HBEFA3/PC_G_EU4" CO2="19984.59" CO="350.32" HC="2.09" NOx="8.72" PMx="0.49" fuel="8.59" electricity="0.00" noise="78.19" route="routetop" type="cfm-slow" waiting="0.00" lane="left_0" pos="38.58" speed="27.16" angle="115.10" x="39.53" y="-0.56"/>
        <vehicle id="cfm-slow_4" eclass="HBEFA3/PC_G_EU4" CO2="32578.72" CO="622.49" HC="3.65" NOx="14.61" PMx="0.82" fuel="14.00" electricity="0.00" noise="84.78" route="routebottom" type="cfm-slow" waiting="0.00" lane="bottom_0" pos="10.93" speed="29.33" angle="74.74" x="86.80" y="-0.92"/>
        <vehicle id="cfm-slow_5" eclass="HBEFA3/PC_G_EU4" CO2="18191.06" CO="356.32" HC="2.08" NOx="7.75" PMx="0.46" fuel="7.82" electricity="0.00" noise="78.25" route="routebottom" type="cfm-slow" waiting="0.00" lane="bottom_0" pos="35.52" speed="32.93" angle="30.62" x="125.28" y="33.49"/>
    </timestep>
    <timestep time="7.18">
        <vehicle id="cfm-fast_0" eclass="HBEFA3/PC_G_EU4" CO2="141768.66" CO="2953.13" HC="16.99" NOx="65.97" PMx="3.72" fuel="60.94" electricity="0.00" noise="132.90" route="routebottom" type="cfm-fast" waiting="0.00" lane="right_1" pos="9.68" speed="37.42" angle="347.08" x="125.97" y="83.23"/>
        <vehicle id="cfm-fast_1" eclass="HBEFA3/PC_G_EU4" CO2="0.00" CO="0.00" HC="0.00" NOx="0.00" PMx="0.00" fuel="0.00" electricity="0.00" noise="69.88" route="routebottom" type="cfm-fast" waiting="0.00" lane="right_0" pos="23.05" speed="24.90" angle="322.97" x="115.05" y="109.12"/>
        <vehicle id="cfm-fast_2" eclass="HBEFA3/PC_G_EU4" CO2="0.00" CO="0.00" HC="0.00" NOx="0.00" PMx="0.00" fuel="0.00" electricity="0.00" noise="69.40" route="routebottom" type="cfm-fast" waiting="0.00" lane="right_0" pos="38.84" speed="23.35" angle="294.64" x="87.27" y="128.07"/>
        <vehicle id="cfm-fast_3" eclass="HBEFA3/PC_G_EU4" CO2="0.00" CO="0.00" HC="0.00" NOx="0.00" PMx="0.00" fuel="0.00" electricity="0.00" noise="69.99" route="routetop" type="cfm-fast" waiting="0.00" lane="top_0" pos="3.09" speed="22.48" angle="268.95" x="56.93" y="131.94"/>
        <vehicle id="cfm-fast_4" eclass="HBEFA3/PC_G_EU4" CO2="168040.89" CO="5765.14" HC="30.67" NOx="77.55" PMx="5.36" fuel="72.23" electricity="0.00" noise="119.79" route="routetop" type="cfm-fast" waiting="0.00" lane="top_1" pos="8.77" speed="96.65" angle="258.68" x="45.88" y="126.50"/>
        <vehicle id="cfm-fast_5" eclass="HBEFA3/PC_G_EU4" CO2="8160.00" CO="92.53" HC="0.62" NOx="3.24" PMx="0.17" fuel="3.51" electricity="0.00" noise="71.58" route="routetop" type="cfm-fast" waiting="0.00" lane="top_0" pos="16.58" speed="22.47" angle="244.63" x="29.50" y="123.16"/>
        <vehicle id="cfm-slow_0" eclass="HBEFA3/PC_G_EU4" CO2="10792.43" CO="147.80" HC="0.94" NOx="4.47" PMx="0.24" fuel="4.64" electricity="0.00" noise="73.01" route="routetop" type="cfm-slow" waiting="0.00" lane="top_0" pos="30.14" speed="23.23" angle="220.26" x="8.00" y="103.75"/>
        <vehicle id="cfm-slow_1" eclass="HBEFA3/PC_G_EU4" CO2="12536.28" CO="186.23" HC="1.16" NOx="5.27" PMx="0.28" fuel="5.39" electricity="0.00" noise="74.12" route="routetop" type="cfm-slow" waiting="0.00" lane="top_0" pos="48.49" speed="24.37" angle="187.22" x="-4.86" y="67.00"/>
        <vehicle id="cfm-slow_2" eclass="HBEFA3/PC_G_EU4" CO2="14520.76" CO="231.34" HC="1.42" NOx="6.17" PMx="0.34" fuel="6.24" electricity="0.00" noise="75.32" route="routetop" type="cfm-slow" waiting="0.00" lane="left_0" pos="18.01" speed="25.68" angle="152.10" x="5.75" y="26.86"/>
        <vehicle id="cfm-slow_3" eclass="HBEFA3/PC_G_EU4" CO2="20095.73" CO="352.71" HC="2.11" NOx="8.77" PMx="0.49" fuel="8.64" electricity="0.00" noise="78.25" route="routetop" type="cfm-slow" waiting="0.00" lane="left_0" pos="38.86" speed="27.18" angle="114.60" x="40.08" y="-0.76"/>
        <vehicle id="cfm-slow_4" eclass="HBEFA3/PC_G_EU4" CO2="32473.59" CO="620.57" HC="3.64" NOx="14.56" PMx="0.82" fuel="13.96" electricity="0.00" noise="84.72" route="routebottom" type="cfm-slow" waiting="0.00" lane="bottom_0" pos="11.22" speed="29.37" angle="74.20" x="87.40" y="-0.70"/>
        <vehicle id="cfm-slow_5" eclass="HBEFA3/PC_G_EU4" CO2="17249.44" CO="337.05" HC="1.97" NOx="7.30" PMx="0.44" fuel="7.41" electricity="0.00" noise="77.93" route="routebottom" type="cfm-slow" waiting="0.00" lane="bottom_0" pos="35.85" speed="32.95" angle="30.05" x="125.59" y="34.12"/>
    </timestep>
    <timestep time="7.19">
        <vehicle id="cfm-fast_0" eclass="HBEFA3/PC_G_EU4" CO2="142315.94" CO="2966.25" HC="17.06" NOx="66.22" PMx="3.73" fuel="61.17" electricity="0.00" noise="132.97" route="routebottom" type="cfm-fast" waiting="0.00" lane="right_1" pos="10.06" speed="37.56" angle="346.39" x="125.74" y="83.97"/>
        <vehicle id="cfm-fast_1" eclass="HBEFA3/PC_G_EU4" CO2="0.00" CO="0.00" HC="0.00" NOx="0.00" PMx="0.00" fuel="0.00" electricity="0.00" noise="69.87" route="routebottom" type="cfm-fast" waiting="0.00" lane="right_0" pos="23.30" speed="24.89" angle="322.53" x="114.69" y="109.52"/>
        <vehicle id="cfm-fast_2" eclass="HBEFA3/PC_G_EU4" CO2="0.00" CO="0.00" HC="0.00" NOx="0.00" PMx="0.00" fuel="0.00" electricity="0.00" noise="69.40" route="routebottom" type="cfm-fast" waiting="0.00" lane="right_0" pos="39.08" speed="23.34" angle="294.21" x="86.79" y="128.24"/>
        <vehicle id="cfm-fast_3" eclass="HBEFA3/PC_G_EU4" CO2="3710.82" CO="0.93" HC="0.09" NOx="1.15" PMx="0.05" fuel="1.60" electricity="0.00" noise="70.01" route="routetop" type="cfm-fast" waiting="0.00" lane="top_0" pos="3.32" speed="22.48" angle="268.55" x="56.45" y="131.89"/>
        <vehicle id="cfm-fast_4" eclass="HBEFA3/PC_G_EU4" CO2="155781.29" CO="5515.05" HC="29.22" NOx="71.76" PMx="5.04" fuel="66.96" electricity="0.00" noise="117.65" route="routetop" type="cfm-fast" waiting="0.00" lane="top_1" pos="9.73" speed="96.69" angle="256.97" x="43.98" y="125.93"/>
        <vehicle id="cfm-fast_5" eclass="HBEFA3/PC_G_EU4" CO2="8183.11" CO="93.01" HC="0.62" NOx="3.26" PMx="0.17" fuel="3.52" electricity="0.00" noise="71.60" route="routetop" type="cfm-fast" waiting="0.00" lane="top_0" pos="16.80" speed="22.48" angle="244.25" x="29.08" y="122.91"/>
        <vehicle id="cfm-slow_0" eclass="HBEFA3/PC_G_EU4" CO2="10808.02" CO="148.14" HC="0.94" NOx="4.48" PMx="0.24" fuel="4.65" electricity="0.00" noise="73.02" route="routetop" type="cfm-slow" waiting="0.00" lane="top_0" pos="30.37" speed="23.24" angle="219.83" x="7.71" y="103.35"/>
        <vehicle id="cfm-slow_1" eclass="HBEFA3/PC_G_EU4" CO2="12553.81" CO="186.62" HC="1.16" NOx="5.27" PMx="0.28" fuel="5.40" electricity="0.00" noise="74.13" route="routetop" type="cfm-slow" waiting="0.00" lane="top_0" pos="48.74" speed="24.38" angle="186.81" x="-4.89" y="66.48"/>
        <vehicle id="cfm-slow_2" eclass="HBEFA3/PC_G_EU4" CO2="14569.64" CO="232.40" HC="1.42" NOx="6.20" PMx="0.34" fuel="6.26" electricity="0.00" noise="75.35" route="routetop" type="cfm-slow" waiting="0.00" lane="left_0" pos="18.27" speed="25.70" angle="151.61" x="6.06" y="26.40"/>
        <vehicle id="cfm-slow_3" eclass="HBEFA3/PC_G_EU4" CO2="20205.08" CO="355.07" HC="2.12" NOx="8.82" PMx="0.49" fuel="8.69" electricity="0.00" noise="78.31" route="routetop" type="cfm-slow" waiting="0.00" lane="left_0" pos="39.13" speed="27.20" angle="114.10" x="40.63" y="-0.96"/>
        <vehicle id="cfm-slow_4" eclass="HBEFA3/PC_G_EU4" CO2="32361.27" CO="618.49" HC="3.63" NOx="14.51" PMx="0.82" fuel="13.91" electricity="0.00" noise="84.65" route="routebottom" type="cfm-slow" waiting="0.00" lane="bottom_0" pos="11.51" speed="29.40" angle="73.72" x="87.99" y="-0.49"/>
        <vehicle id="cfm-slow_5" eclass="HBEFA3/PC_G_EU4" CO2="16321.95" CO="318.07" HC="1.86" NOx="6.87" PMx="0.41" fuel="7.02" electricity="0.00" noise="77.63" route="routebottom" type="cfm-slow" waiting="0.00" lane="bottom_0" pos="36.18" speed="32.96" angle="29.45" x="125.89" y="34.76"/>
    </timestep>
    <timestep time="7.20">
        <vehicle id="cfm-fast_0" eclass="HBEFA3/PC_G_EU4" CO2="142863.50" CO="2979.40" HC="17.14" NOx="66.48" PMx="3.75" fuel="61.41" electricity="0.00" noise="133.03" route="routebottom" type="cfm-fast" waiting="0.00" lane="right_1" pos="10.43" speed="37.69" angle="345.74" x="125.49" y="84.70"/>
        <vehicle id="cfm-fast_1" eclass="HBEFA3/PC_G_EU4" CO2="0.00" CO="0.00" HC="0.00" NOx="0.00" PMx="0.00" fuel="0.00" electricity="0.00" noise="69.87" route="routebottom" type="cfm-fast" waiting="0.00" lane="right_0" pos="23.55" speed="24.87" angle="322.08" x="114.33" y="109.91"/>
        <vehicle id="cfm-fast_2" eclass="HBEFA3/PC_G_EU4" CO2="0.00" CO="0.00" HC="0.00" NOx="0.00" PMx="0.00" fuel="0.00" electricity="0.00" noise="69.40" route="routebottom" type="cfm-fast" waiting="0.00" lane="right_0" pos="39.31" speed="23.33" angle="293.79" x="86.32" y="128.42"/>
        <vehicle id="cfm-fast_3" eclass="HBEFA3/PC_G_EU4" CO2="3751.35" CO="1.76" HC="0.10" NOx="1.16" PMx="0.05" fuel="1.61" electricity="0.00" noise="70.02" route="routetop" type="cfm-fast" waiting="0.00" lane="top_0" pos="3.54" speed="22.48" angle="268.14" x="55.96" y="131.84"/>
        <vehicle id="cfm-fast_4" eclass="HBEFA3/PC_G_EU4" CO2="143749.19" CO="5269.34" HC="27.81" NOx="66.08" PMx="4.73" fuel="61.79" electricity="0.00" noise="115.56" route="routetop" type="cfm-fast" waiting="0.00" lane="top_1" pos="10.70" speed="96.72" angle="255.21" x="42.10" y="125.30"/>
        <vehicle id="cfm-fast_5" eclass="HBEFA3/PC_G_EU4" CO2="8206.17" CO="93.49" HC="0.63" NOx="3.27" PMx="0.17" fuel="3.53" electricity="0.00" noise="71.61" route="routetop" type="cfm-fast" waiting="0.00" lane="top_0" pos="17.03" speed="22.49" angle="243.84" x="28.66" y="122.66"/>
        <vehicle id="cfm-slow_0" eclass="HBEFA3/PC_G_EU4" CO2="10823.63" CO="148.48" HC="0.94" NOx="4.48" PMx="0.24" fuel="4.65" electricity="0.00" noise="73.03" route="routetop" type="cfm-slow" waiting="0.00" lane="top_0" pos="30.61" speed="23.25" angle="219.39" x="7.42" y="102.94"/>
        <vehicle id="cfm-slow_1" eclass="HBEFA3/PC_G_EU4" CO2="12571.62" CO="187.03" HC="1.16" NOx="5.28" PMx="0.29" fuel="5.40" electricity="0.00" noise="74.14" route="routetop" type="cfm-slow" waiting="0.00" lane="top_0" pos="48.98" speed="24.40" angle="186.38" x="-4.90" y="65.95"/>
        <vehicle id="cfm-slow_2" eclass="HBEFA3/PC_G_EU4" CO2="14619.08" CO="233.48" HC="1.43" NOx="6.22" PMx="0.34" fuel="6.28" electricity="0.00" noise="75.37" route="routetop" type="cfm-slow" waiting="0.00" lane="left_0" pos="18.52" speed="25.71" angle="151.13" x="6.36" y="25.94"/>
        <vehicle id="cfm-slow_3" eclass="HBEFA3/PC_G_EU4" CO2="20312.58" CO="357.39" HC="2.13" NOx="8.87" PMx="0.50" fuel="8.73" electricity="0.00" noise="78.37" route="routetop" type="cfm-slow" waiting="0.00" lane="left_0" pos="39.40" speed="27.22" angle="113.60" x="41.19" y="-1.15"/>
        <vehicle id="cfm-slow_4" eclass="HBEFA3/PC_G_EU4" CO2="32241.91" CO="616.28" HC="3.61" NOx="14.45" PMx="0.81" fuel="13.86" electricity="0.00" noise="84.58" route="routebottom" type="cfm-slow" waiting="0.00" lane="bottom_0" pos="11.81" speed="29.44" angle="73.19" x="88.58" y="-0.25"/>
        <vehicle id="cfm-slow_5" eclass="HBEFA3/PC_G_EU4" CO2="15408.54" CO="299.36" HC="1.76" NOx="6.43" PMx="0.39" fuel="6.62" electricity="0.00" noise="77.34" route="routebottom" type="cfm-slow" waiting="0.00" lane="bottom_0" pos="36.51" speed="32.97" angle="28.81" x="126.18" y="35.41"/>
    </timestep>
    <timestep time="7.21">
        <vehicle id="cfm-fast_0" eclass="HBEFA3/PC_G_EU4" CO2="143411.36" CO="2992.58" HC="17.21" NOx="66.74" PMx="3.76" fuel="61.65" electricity="0.00" noise="133.10" route="routebottom" type="cfm-fast" waiting="0.00" lane="right_1" pos="10.81" speed="37.83" angle="345.01" x="125.23" y="85.43"/>
        <vehicle id="cfm-fast_1" eclass="HBEFA3/PC_G_EU4" CO2="0.00" CO="0.00" HC="0.00" NOx="0.00" PMx="0.00" fuel="0.00" electricity="0.00" noise="69.86" route="routebottom" type="cfm-fast" waiting="0.00" lane="right_0" pos="23.80" speed="24.86" angle="321.64" x="113.96" y="110.30"/>
        <vehicle id="cfm-fast_2" eclass="HBEFA3/PC_G_EU4" CO2="0.00" CO="0.00" HC="0.00" NOx="0.00" PMx="0.00" fuel="0.00" electricity="0.00" noise="69.40" route="routebottom" type="cfm-fast" waiting="0.00" lane="right_0" pos="39.54" speed="23.33" angle="293.37" x="85.85" y="128.59"/>
        <vehicle id="cfm-fast_3" eclass="HBEFA3/PC_G_EU4" CO2="3791.73" CO="2.60" HC="0.10" NOx="1.18" PMx="0.05" fuel="1.63" electricity="0.00" noise="70.03" route="routetop" type="cfm-fast" waiting="0.00" lane="top_0" pos="3.77" speed="22.48" angle="267.74" x="55.48" y="131.79"/>
        <vehicle id="cfm-fast_4" eclass="HBEFA3/PC_G_EU4" CO2="131943.44" CO="5027.99" HC="26.41" NOx="60.51" PMx="4.42" fuel="56.72" electricity="0.00" noise="113.51" route="routetop" type="cfm-fast" waiting="0.00" lane="top_1" pos="11.67" speed="96.75" angle="253.42" x="40.24" y="124.61"/>
        <vehicle id="cfm-fast_5" eclass="HBEFA3/PC_G_EU4" CO2="8229.19" CO="93.98" HC="0.63" NOx="3.28" PMx="0.17" fuel="3.54" electricity="0.00" noise="71.62" route="routetop" type="cfm-fast" waiting="0.00" lane="top_0" pos="17.25" speed="22.50" angle="243.44" x="28.25" y="122.42"/>
        <vehicle id="cfm-slow_0" eclass="HBEFA3/PC_G_EU4" CO2="10839.28" CO="148.82" HC="0.95" NOx="4.49" PMx="0.24" fuel="4.66" electricity="0.00" noise="73.04" route="routetop" type="cfm-slow" waiting="0.00" lane="top_0" pos="30.84" speed="23.26" angle="219.03" x="7.13" y="102.53"/>
        <vehicle id="cfm-slow_1" eclass="HBEFA3/PC_G_EU4" CO2="12589.72" CO="187.44" HC="1.17" NOx="5.29" PMx="0.29" fuel="5.41" electricity="0.00" noise="74.15" route="routetop" type="cfm-slow" waiting="0.00" lane="top_0" pos="49.22" speed="24.41" angle="185.93" x="-4.91" y="65.43"/>
        <vehicle id="cfm-slow_2" eclass="HBEFA3/PC_G_EU4" CO2="14669.06" CO="234.56" HC="1.43" NOx="6.24" PMx="0.34" fuel="6.31" electricity="0.00" noise="75.40" route="routetop" type="cfm-slow" waiting="0.00" lane="left_0" pos="18.78" speed="25.73" angle="150.65" x="6.67" y="25.48"/>
        <vehicle id="cfm-slow_3" eclass="HBEFA3/PC_G_EU4" CO2="20418.19" CO="359.68" HC="2.15" NOx="8.92" PMx="0.50" fuel="8.78" electricity="0.00" noise="78.42" route="routetop" type="cfm-slow" waiting="0.00" lane="left_0" pos="39.67" speed="27.24" angle="113.12" x="41.74" y="-1.35"/>
        <vehicle id="cfm-slow_4" eclass="HBEFA3/PC_G_EU4" CO2="32115.67" CO="613.92" HC="3.60" NOx="14.39" PMx="0.81" fuel="13.80" electricity="0.00" noise="84.50" route="routebottom" type="cfm-slow" waiting="0.00" lane="bottom_0" pos="12.10" speed="29.47" angle="72.67" x="89.17" y="-0.02"/>
        <vehicle id="cfm-slow_5" eclass="HBEFA3/PC_G_EU4" CO2="14509.12" CO="280.93" HC="1.65" NOx="6.01" PMx="0.37" fuel="6.24" electricity="0.00" noise="77.07" route="routebottom" type="cfm-slow" waiting="0.00" lane="bottom_0" pos="36.84" speed="32.98" angle="28.16" x="126.47" y="36.06"/>
    </timestep>
    <timestep time="7.22">
        <vehicle id="cfm-fast_0" eclass="HBEFA3/PC_G_EU4" CO2="143959.51" CO="3005.77" HC="17.28" NOx="66.99" PMx="3.78" fuel="61.88" electricity="0.00" noise="133.16" route="routebottom" type="cfm-fast" waiting="0.00" lane="right_1" pos="11.19" speed="37.96" angle="344.27" x="124.96" y="86.16"/>
        <vehicle id="cfm-fast_1" eclass="HBEFA3/PC_G_EU4" CO2="0.00" CO="0.00" HC="0.00" NOx="0.00" PMx="0.00" fuel="0.00" electricity="0.00" noise="69.85" route="routebottom" type="cfm-fast" waiting="0.00" lane="right_0" pos="24.05" speed="24.84" angle="321.19" x="113.60" y="110.69"/>
        <vehicle id="cfm-fast_2" eclass="HBEFA3/PC_G_EU4" CO2="0.00" CO="0.00" HC="0.00" NOx="0.00" PMx="0.00" fuel="0.00" electricity="0.00" noise="69.41" route="routebottom" type="cfm-fast" waiting="0.00" lane="right_0" pos="39.78" speed="23.32" angle="293.01" x="85.38" y="128.76"/>
        <vehicle id="cfm-fast_3" eclass="HBEFA3/PC_G_EU4" CO2="3831.98" CO="3.42" HC="0.11" NOx="1.20" PMx="0.05" fuel="1.65" electricity="0.00" noise="70.04" route="routetop" type="cfm-fast" waiting="0.00" lane="top_0" pos="3.99" speed="22.48" angle="267.36" x="55.00" y="131.72"/>
        <vehicle id="cfm-fast_4" eclass="HBEFA3/PC_G_EU4" CO2="120362.80" CO="4790.99" HC="25.05" NOx="55.05" PMx="4.12" fuel="51.74" electricity="0.00" noise="111.50" route="routetop" type="cfm-fast" waiting="0.00" lane="top_1" pos="12.64" speed="96.77" angle="251.73" x="38.40" y="123.88"/>
        <vehicle id="cfm-fast_5" eclass="HBEFA3/PC_G_EU4" CO2="8252.16" CO="94.46" HC="0.63" NOx="3.29" PMx="0.17" fuel="3.55" electricity="0.00" noise="71.64" route="routetop" type="cfm-fast" waiting="0.00" lane="top_0" pos="17.48" speed="22.50" angle="243.03" x="27.83" y="122.17"/>
        <vehicle id="cfm-slow_0" eclass="HBEFA3/PC_G_EU4" CO2="10854.95" CO="149.17" HC="0.95" NOx="4.50" PMx="0.24" fuel="4.67" electricity="0.00" noise="73.05" route="routetop" type="cfm-slow" waiting="0.00" lane="top_0" pos="31.07" speed="23.28" angle="218.61" x="6.85" y="102.12"/>
        <vehicle id="cfm-slow_1" eclass="HBEFA3/PC_G_EU4" CO2="12608.12" CO="187.85" HC="1.17" NOx="5.30" PMx="0.29" fuel="5.42" electricity="0.00" noise="74.16" route="routetop" type="cfm-slow" waiting="0.00" lane="top_0" pos="49.47" speed="24.42" angle="185.48" x="-4.92" y="64.90"/>
        <vehicle id="cfm-slow_2" eclass="HBEFA3/PC_G_EU4" CO2="14719.55" CO="235.66" HC="1.44" NOx="6.27" PMx="0.34" fuel="6.33" electricity="0.00" noise="75.43" route="routetop" type="cfm-slow" waiting="0.00" lane="left_0" pos="19.04" speed="25.74" angle="150.17" x="6.98" y="25.02"/>
        <vehicle id="cfm-slow_3" eclass="HBEFA3/PC_G_EU4" CO2="20521.87" CO="361.93" HC="2.16" NOx="8.97" PMx="0.50" fuel="8.82" electricity="0.00" noise="78.48" route="routetop" type="cfm-slow" waiting="0.00" lane="left_0" pos="39.94" speed="27.27" angle="112.65" x="42.29" y="-1.53"/>
        <vehicle id="cfm-slow_4" eclass="HBEFA3/PC_G_EU4" CO2="31982.69" CO="611.42" HC="3.58" NOx="14.33" PMx="0.81" fuel="13.75" electricity="0.00" noise="84.42" route="routebottom" type="cfm-slow" waiting="0.00" lane="bottom_0" pos="12.40" speed="29.51" angle="72.14" x="89.76" y="0.22"/>
        <vehicle id="cfm-slow_5" eclass="HBEFA3/PC_G_EU4" CO2="13623.61" CO="262.78" HC="1.55" NOx="5.59" PMx="0.34" fuel="5.86" electricity="0.00" noise="76.82" route="routebottom" type="cfm-slow" waiting="0.00" lane="bottom_0" pos="37.17" speed="32.98" angle="27.59" x="126.76" y="36.71"/>
    </timestep>
    <timestep time="7.23">
        <vehicle id="cfm-fast_0" eclass="HBEFA3/PC_G_EU4" CO2="144507.95" CO="3018.98" HC="17.36" NOx="67.25" PMx="3.79" fuel="62.12" electricity="0.00" noise="133.23" route="routebottom" type="cfm-fast" waiting="0.00" lane="right_1" pos="11.57" speed="38.10" angle="343.61" x="124.69" y="86.90"/>
        <vehicle id="cfm-fast_1" eclass="HBEFA3/PC_G_EU4" CO2="0.00" CO="0.00" HC="0.00" NOx="0.00" PMx="0.00" fuel="0.00" electricity="0.00" noise="69.85" route="routebottom" type="cfm-fast" waiting="0.00" lane="right_0" pos="24.29" speed="24.83" angle="320.77" x="113.24" y="111.09"/>
        <vehicle id="cfm-fast_2" eclass="HBEFA3/PC_G_EU4" CO2="0.00" CO="0.00" HC="0.00" NOx="0.00" PMx="0.00" fuel="0.00" electricity="0.00" noise="69.41" route="routebottom" type="cfm-fast" waiting="0.00" lane="right_0" pos="40.01" speed="23.31" angle="292.57" x="84.90" y="128.90"/>
        <vehicle id="cfm-fast_3" eclass="HBEFA3/PC_G_EU4" CO2="3872.10" CO="4.25" HC="0.11" NOx="1.22" PMx="0.05" fuel="1.66" electricity="0.00" noise="70.05" route="routetop" type="cfm-fast" waiting="0.00" lane="top_0" pos="4.22" speed="22.48" angle="266.95" x="54.53" y="131.66"/>
        <vehicle id="cfm-fast_4" eclass="HBEFA3/PC_G_EU4" CO2="109005.93" CO="4558.31" HC="23.71" NOx="49.69" PMx="3.83" fuel="46.86" electricity="0.00" noise="109.54" route="routetop" type="cfm-fast" waiting="0.00" lane="top_1" pos="13.60" speed="96.79" angle="249.98" x="36.58" y="123.08"/>
        <vehicle id="cfm-fast_5" eclass="HBEFA3/PC_G_EU4" CO2="8275.08" CO="94.94" HC="0.64" NOx="3.30" PMx="0.17" fuel="3.56" electricity="0.00" noise="71.65" route="routetop" type="cfm-fast" waiting="0.00" lane="top_0" pos="17.70" speed="22.51" angle="242.62" x="27.42" y="121.92"/>
        <vehicle id="cfm-slow_0" eclass="HBEFA3/PC_G_EU4" CO2="10870.67" CO="149.51" HC="0.95" NOx="4.51" PMx="0.24" fuel="4.67" electricity="0.00" noise="73.06" route="routetop" type="cfm-slow" waiting="0.00" lane="top_0" pos="31.30" speed="23.29" angle="218.19" x="6.57" y="101.70"/>
        <vehicle id="cfm-slow_1" eclass="HBEFA3/PC_G_EU4" CO2="12626.81" CO="188.27" HC="1.17" NOx="5.31" PMx="0.29" fuel="5.43" electricity="0.00" noise="74.17" route="routetop" type="cfm-slow" waiting="0.00" lane="top_0" pos="49.71" speed="24.44" angle="185.04" x="-4.94" y="64.38"/>
        <vehicle id="cfm-slow_2" eclass="HBEFA3/PC_G_EU4" CO2="14770.54" CO="236.77" HC="1.45" NOx="6.29" PMx="0.35" fuel="6.35" electricity="0.00" noise="75.45" route="routetop" type="cfm-slow" waiting="0.00" lane="left_0" pos="19.29" speed="25.76" angle="149.75" x="7.29" y="24.56"/>
        <vehicle id="cfm-slow_3" eclass="HBEFA3/PC_G_EU4" CO2="20623.58" CO="364.13" HC="2.17" NOx="9.02" PMx="0.50" fuel="8.87" electricity="0.00" noise="78.53" route="routetop" type="cfm-slow" waiting="0.00" lane="left_0" pos="40.22" speed="27.29" angle="112.14" x="42.86" y="-1.71"/>
        <vehicle id="cfm-slow_4" eclass="HBEFA3/PC_G_EU4" CO2="31843.12" CO="608.78" HC="3.57" NOx="14.26" PMx="0.80" fuel="13.69" electricity="0.00" noise="84.34" route="routebottom" type="cfm-slow" waiting="0.00" lane="bottom_0" pos="12.69" speed="29.54" angle="71.63" x="90.35" y="0.45"/>
        <vehicle id="cfm-slow_5" eclass="HBEFA3/PC_G_EU4" CO2="12751.94" CO="244.90" HC="1.44" NOx="5.18" PMx="0.32" fuel="5.48" electricity="0.00" noise="76.58" route="routebottom" type="cfm-slow" waiting="0.00" lane="bottom_0" pos="37.50" speed="32.99" angle="27.01" x="127.02" y="37.37"/>
    </timestep>
    <timestep time="7.24">
        <vehicle id="cfm-fast_0" eclass="HBEFA3/PC_G_EU4" CO2="145056.69" CO="3032.22" HC="17.43" NOx="67.50" PMx="3.81" fuel="62.35" electricity="0.00" noise="133.29" route="routebottom" type="cfm-fast" waiting="0.00" lane="right_1" pos="11.95" speed="38.24" angle="342.94" x="124.40" y="87.63"/>
        <vehicle id="cfm-fast_1" eclass="HBEFA3/PC_G_EU4" CO2="0.00" CO="0.00" HC="0.00" NOx="0.00" PMx="0.00" fuel="0.00" electricity="0.00" noise="69.84" route="routebottom" type="cfm-fast" waiting="0.00" lane="right_0" pos="24.54" speed="24.81" angle="320.34" x="112.86" y="111.47"/>
        <vehicle id="cfm-fast_2" eclass="HBEFA3/PC_G_EU4" CO2="0.00" CO="0.00" HC="0.00" NOx="0.00" PMx="0.00" fuel="0.00" electricity="0.00" noise="69.41" route="routebottom" type="cfm-fast" waiting="0.00" lane="right_0" pos="40.24" speed="23.30" angle="292.12" x="84.42" y="129.05"/>
        <vehicle id="cfm-fast_3" eclass="HBEFA3/PC_G_EU4" CO2="3912.08" CO="5.07" HC="0.12" NOx="1.24" PMx="0.06" fuel="1.68" electricity="0.00" noise="70.07" route="routetop" type="cfm-fast" waiting="0.00" lane="top_0" pos="4.44" speed="22.48" angle="266.54" x="54.05" y="131.59"/>
        <vehicle id="cfm-fast_4" eclass="HBEFA3/PC_G_EU4" CO2="97871.45" CO="4329.93" HC="22.39" NOx="44.44" PMx="3.53" fuel="42.07" electricity="0.00" noise="107.62" route="routetop" type="cfm-fast" waiting="0.00" lane="top_1" pos="14.57" speed="96.80" angle="248.24" x="34.79" y="122.23"/>
        <vehicle id="cfm-fast_5" eclass="HBEFA3/PC_G_EU4" CO2="8297.96" CO="95.42" HC="0.64" NOx="3.31" PMx="0.17" fuel="3.57" electricity="0.00" noise="71.66" route="routetop" type="cfm-fast" waiting="0.00" lane="top_0" pos="17.93" speed="22.52" angle="242.28" x="27.00" y="121.67"/>
        <vehicle id="cfm-slow_0" eclass="HBEFA3/PC_G_EU4" CO2="10886.42" CO="149.85" HC="0.95" NOx="4.51" PMx="0.24" fuel="4.68" electricity="0.00" noise="73.07" route="routetop" type="cfm-slow" waiting="0.00" lane="top_0" pos="31.54" speed="23.30" angle="217.77" x="6.30" y="101.28"/>
        <vehicle id="cfm-slow_1" eclass="HBEFA3/PC_G_EU4" CO2="12645.79" CO="188.70" HC="1.17" NOx="5.32" PMx="0.29" fuel="5.44" electricity="0.00" noise="74.19" route="routetop" type="cfm-slow" waiting="0.00" lane="top_0" pos="49.96" speed="24.45" angle="184.61" x="-4.95" y="63.85"/>
        <vehicle id="cfm-slow_2" eclass="HBEFA3/PC_G_EU4" CO2="14822.01" CO="237.89" HC="1.45" NOx="6.31" PMx="0.35" fuel="6.37" electricity="0.00" noise="75.48" route="routetop" type="cfm-slow" waiting="0.00" lane="left_0" pos="19.55" speed="25.78" angle="149.27" x="7.61" y="24.11"/>
        <vehicle id="cfm-slow_3" eclass="HBEFA3/PC_G_EU4" CO2="20723.28" CO="366.30" HC="2.19" NOx="9.06" PMx="0.51" fuel="8.91" electricity="0.00" noise="78.58" route="routetop" type="cfm-slow" waiting="0.00" lane="left_0" pos="40.49" speed="27.31" angle="111.63" x="43.42" y="-1.88"/>
        <vehicle id="cfm-slow_4" eclass="HBEFA3/PC_G_EU4" CO2="31697.12" CO="606.01" HC="3.55" NOx="14.19" PMx="0.80" fuel="13.63" electricity="0.00" noise="84.26" route="routebottom" type="cfm-slow" waiting="0.00" lane="bottom_0" pos="12.99" speed="29.57" angle="71.12" x="90.93" y="0.71"/>
        <vehicle id="cfm-slow_5" eclass="HBEFA3/PC_G_EU4" CO2="11894.02" CO="227.29" HC="1.34" NOx="4.78" PMx="0.30" fuel="5.11" electricity="0.00" noise="76.36" route="routebottom" type="cfm-slow" waiting="0.00" lane="bottom_0" pos="37.83" speed="33.00" angle="26.41" x="127.29" y="38.02"/>
    </timestep>
    <timestep time="7.25">
        <vehicle id="cfm-fast_0" eclass="HBEFA3/PC_G_EU4" CO2="145605.71" CO="3045.48" HC="17.51" NOx="67.76" PMx="3.82" fuel="62.59" electricity="0.00" noise="133.36" route="routebottom" type="cfm-fast" waiting="0.00" lane="right_1" pos="12.34" speed="38.37" angle="342.26" x="124.11" y="88.36"/>
        <vehicle id="cfm-fast_1" eclass="HBEFA3/PC_G_EU4" CO2="0.00" CO="0.00" HC="0.00" NOx="0.00" PMx="0.00" fuel="0.00" electricity="0.00" noise="69.84" route="routebottom" type="cfm-fast" waiting="0.00" lane="right_0" pos="24.79" speed="24.80" angle="319.88" x="112.48" y="111.85"/>
        <vehicle id="cfm-fast_2" eclass="HBEFA3/PC_G_EU4" CO2="0.00" CO="0.00" HC="0.00" NOx="0.00" PMx="0.00" fuel="0.00" electricity="0.00" noise="69.41" route="routebottom" type="cfm-fast" waiting="0.00" lane="right_0" pos="40.48" speed="23.29" angle="291.68" x="83.94" y="129.20"/>
        <vehicle id="cfm-fast_3" eclass="HBEFA3/PC_G_EU4" CO2="3951.93" CO="5.90" HC="0.12" NOx="1.26" PMx="0.06" fuel="1.70" electricity="0.00" noise="70.08" route="routetop" type="cfm-fast" waiting="0.00" lane="top_0" pos="4.67" speed="22.48" angle="266.14" x="53.57" y="131.52"/>
        <vehicle id="cfm-fast_4" eclass="HBEFA3/PC_G_EU4" CO2="86957.89" CO="4105.82" HC="21.10" NOx="39.29" PMx="3.25" fuel="37.38" electricity="0.00" noise="105.75" route="routetop" type="cfm-fast" waiting="0.00" lane="top_1" pos="15.54" speed="96.81" angle="246.53" x="33.02" y="121.33"/>
        <vehicle id="cfm-fast_5" eclass="HBEFA3/PC_G_EU4" CO2="8320.79" CO="95.90" HC="0.64" NOx="3.32" PMx="0.17" fuel="3.58" electricity="0.00" noise="71.67" route="routetop" type="cfm-fast" waiting="0.00" lane="top_0" pos="18.16" speed="22.53" angle="241.85" x="26.60" y="121.40"/>
        <vehicle id="cfm-slow_0" eclass="HBEFA3/PC_G_EU4" CO2="10902.20" CO="150.20" HC="0.95" NOx="4.52" PMx="0.24" fuel="4.69" electricity="0.00" noise="73.08" route="routetop" type="cfm-slow" waiting="0.00" lane="top_0" pos="31.77" speed="23.31" angle="217.35" x="6.02" y="100.86"/>
        <vehicle id="cfm-slow_1" eclass="HBEFA3/PC_G_EU4" CO2="12665.08" CO="189.13" HC="1.18" NOx="5.33" PMx="0.29" fuel="5.44" electricity="0.00" noise="74.20" route="routetop" type="cfm-slow" waiting="0.00" lane="left_0" pos="0.20" speed="24.46" angle="184.11" x="-4.94" y="63.14"/>
        <vehicle id="cfm-slow_2" eclass="HBEFA3/PC_G_EU4" CO2="14873.92" CO="239.02" HC="1.46" NOx="6.34" PMx="0.35" fuel="6.39" electricity="0.00" noise="75.51" route="routetop" type="cfm-slow" waiting="0.00" lane="left_0" pos="19.81" speed="25.79" angle="148.79" x="7.94" y="23.66"/>
        <vehicle id="cfm-slow_3" eclass="HBEFA3/PC_G_EU4" CO2="20820.93" CO="368.43" HC="2.20" NOx="9.11" PMx="0.51" fuel="8.95" electricity="0.00" noise="78.63" route="routetop" type="cfm-slow" waiting="0.00" lane="left_0" pos="40.76" speed="27.33" angle="111.12" x="43.98" y="-2.05"/>
        <vehicle id="cfm-slow_4" eclass="HBEFA3/PC_G_EU4" CO2="31544.83" CO="603.11" HC="3.54" NOx="14.12" PMx="0.80" fuel="13.56" electricity="0.00" noise="84.17" route="routebottom" type="cfm-slow" waiting="0.00" lane="bottom_0" pos="13.29" speed="29.61" angle="70.58" x="91.52" y="0.97"/>
        <vehicle id="cfm-slow_5" eclass="HBEFA3/PC_G_EU4" CO2="11049.76" CO="209.96" HC="1.24" NOx="4.38" PMx="0.28" fuel="4.75" electricity="0.00" noise="76.15" route="routebottom" type="cfm-slow" waiting="0.00" lane="bottom_0" pos="38.16" speed="33.00" angle="25.82" x="127.55" y="38.68"/>
    </timestep>
    <timestep time="7.26">
        <vehicle id="cfm-fast_0" eclass="HBEFA3/PC_G_EU4" CO2="146155.03" CO="3058.76" HC="17.58" NOx="68.02" PMx="3.84" fuel="62.82" electricity="0.00" noise="133.43" route="routebottom" type="cfm-fast" waiting="0.00" lane="right_1" pos="12.72" speed="38.51" angle="341.60" x="123.82" y="89.09"/>
        <vehicle id="cfm-fast_1" eclass="HBEFA3/PC_G_EU4" CO2="0.00" CO="0.00" HC="0.00" NOx="0.00" PMx="0.00" fuel="0.00" electricity="0.00" noise="69.83" route="routebottom" type="cfm-fast" waiting="0.00" lane="right_0" pos="25.04" speed="24.78" angle="319.42" x="112.11" y="112.22"/>
        <vehicle id="cfm-fast_2" eclass="HBEFA3/PC_G_EU4" CO2="0.00" CO="0.00" HC="0.00" NOx="0.00" PMx="0.00" fuel="0.00" electricity="0.00" noise="69.42" route="routebottom" type="cfm-fast" waiting="0.00" lane="right_0" pos="40.71" speed="23.28" angle="291.24" x="83.46" y="129.35"/>
        <vehicle id="cfm-fast_3" eclass="HBEFA3/PC_G_EU4" CO2="3991.65" CO="6.71" HC="0.13" NOx="1.28" PMx="0.06" fuel="1.72" electricity="0.00" noise="70.09" route="routetop" type="cfm-fast" waiting="0.00" lane="top_0" pos="4.89" speed="22.48" angle="265.73" x="53.09" y="131.45"/>
        <vehicle id="cfm-fast_4" eclass="HBEFA3/PC_G_EU4" CO2="76263.69" CO="3885.96" HC="19.83" NOx="34.24" PMx="2.97" fuel="32.78" electricity="0.00" noise="103.94" route="routetop" type="cfm-fast" waiting="0.00" lane="top_1" pos="16.51" speed="96.82" angle="244.78" x="31.28" y="120.37"/>
        <vehicle id="cfm-fast_5" eclass="HBEFA3/PC_G_EU4" CO2="8343.58" CO="96.38" HC="0.64" NOx="3.33" PMx="0.17" fuel="3.59" electricity="0.00" noise="71.69" route="routetop" type="cfm-fast" waiting="0.00" lane="top_0" pos="18.38" speed="22.53" angle="241.41" x="26.19" y="121.13"/>
        <vehicle id="cfm-slow_0" eclass="HBEFA3/PC_G_EU4" CO2="10918.04" CO="150.55" HC="0.96" NOx="4.53" PMx="0.24" fuel="4.69" electricity="0.00" noise="73.09" route="routetop" type="cfm-slow" waiting="0.00" lane="top_0" pos="32.00" speed="23.32" angle="216.96" x="5.74" y="100.45"/>
        <vehicle id="cfm-slow_1" eclass="HBEFA3/PC_G_EU4" CO2="12684.66" CO="189.57" HC="1.18" NOx="5.33" PMx="0.29" fuel="5.45" electricity="0.00" noise="74.21" route="routetop" type="cfm-slow" waiting="0.00" lane="left_0" pos="0.45" speed="24.48" angle="183.67" x="-4.93" y="62.61"/>
        <vehicle id="cfm-slow_2" eclass="HBEFA3/PC_G_EU4" CO2="14926.27" CO="240.15" HC="1.47" NOx="6.36" PMx="0.35" fuel="6.42" electricity="0.00" noise="75.53" route="routetop" type="cfm-slow" waiting="0.00" lane="left_0" pos="20.07" speed="25.81" angle="148.32" x="8.26" y="23.21"/>
        <vehicle id="cfm-slow_3" eclass="HBEFA3/PC_G_EU4" CO2="20916.49" CO="370.51" HC="2.21" NOx="9.15" PMx="0.51" fuel="8.99" electricity="0.00" noise="78.68" route="routetop" type="cfm-slow" waiting="0.00" lane="left_0" pos="41.04" speed="27.36" angle="110.66" x="44.54" y="-2.23"/>
        <vehicle id="cfm-slow_4" eclass="HBEFA3/PC_G_EU4" CO2="31386.39" CO="600.09" HC="3.52" NOx="14.04" PMx="0.79" fuel="13.49" electricity="0.00" noise="84.08" route="routebottom" type="cfm-slow" waiting="0.00" lane="bottom_0" pos="13.58" speed="29.64" angle="70.03" x="92.10" y="1.23"/>
        <vehicle id="cfm-slow_5" eclass="HBEFA3/PC_G_EU4" CO2="10219.08" CO="192.89" HC="1.14" NOx="3.98" PMx="0.26" fuel="4.39" electricity="0.00" noise="75.96" route="routebottom" type="cfm-slow" waiting="0.00" lane="bottom_0" pos="38.49" speed="33.01" angle="25.27" x="127.81" y="39.34"/>
    </timestep>
    <timestep time="7.27">
        <vehicle id="cfm-fast_0" eclass="HBEFA3/PC_G_EU4" CO2="146704.64" CO="3072.06" HC="17.65" NOx="68.27" PMx="3.85" fuel="63.06" electricity="0.00" noise="133.49" route="routebottom" type="cfm-fast" waiting="0.00" lane="right_1" pos="13.11" speed="38.65" angle="340.92" x="123.50" y="89.82"/>
        <vehicle id="cfm-fast_1" eclass="HBEFA3/PC_G_EU4" CO2="0.00" CO="0.00" HC="0.00" NOx="0.00" PMx="0.00" fuel="0.00" electricity="0.00" noise="69.83" route="routebottom" type="cfm-fast" waiting="0.00" lane="right_0" pos="25.29" speed="24.77" angle="318.96" x="111.73" y="112.60"/>
        <vehicle id="cfm-fast_2" eclass="HBEFA3/PC_G_EU4" CO2="0.00" CO="0.00" HC="0.00" NOx="0.00" PMx="0.00" fuel="0.00" electricity="0.00" noise="69.42" route="routebottom" type="cfm-fast" waiting="0.00" lane="right_0" pos="40.94" speed="23.27" angle="290.80" x="82.98" y="129.49"/>
        <vehicle id="cfm-fast_3" eclass="HBEFA3/PC_G_EU4" CO2="4031.23" CO="7.53" HC="0.13" NOx="1.30" PMx="0.06" fuel="1.73" electricity="0.00" noise="70.10" route="routetop" type="cfm-fast" waiting="0.00" lane="top_0" pos="5.12" speed="22.48" angle="265.28" x="52.61" y="131.38"/>
        <vehicle id="cfm-fast_4" eclass="HBEFA3/PC_G_EU4" CO2="65787.27" CO="3670.33" HC="18.59" NOx="29.30" PMx="2.70" fuel="28.28" electricity="0.00" noise="102.19" route="routetop" type="cfm-fast" waiting="0.00" lane="top_1" pos="17.48" speed="96.82" angle="243.06" x="29.57" y="119.36"/>
        <vehicle id="cfm-fast_5" eclass="HBEFA3/PC_G_EU4" CO2="8366.33" CO="96.85" HC="0.65" NOx="3.34" PMx="0.17" fuel="3.60" electricity="0.00" noise="71.70" route="routetop" type="cfm-fast" waiting="0.00" lane="top_0" pos="18.61" speed="22.54" angle="240.97" x="25.79" y="120.86"/>
        <vehicle id="cfm-slow_0" eclass="HBEFA3/PC_G_EU4" CO2="10933.91" CO="150.90" HC="0.96" NOx="4.53" PMx="0.24" fuel="4.70" electricity="0.00" noise="73.10" route="routetop" type="cfm-slow" waiting="0.00" lane="top_0" pos="32.24" speed="23.33" angle="216.55" x="5.48" y="100.02"/>
        <vehicle id="cfm-slow_1" eclass="HBEFA3/PC_G_EU4" CO2="12704.55" CO="190.02" HC="1.18" NOx="5.34" PMx="0.29" fuel="5.46" electricity="0.00" noise="74.22" route="routetop" type="cfm-slow" waiting="0.00" lane="left_0" pos="0.69" speed="24.49" angle="183.23" x="-4.92" y="62.08"/>
        <vehicle id="cfm-slow_2" eclass="HBEFA3/PC_G_EU4" CO2="14979.02" CO="241.30" HC="1.47" NOx="6.39" PMx="0.35" fuel="6.44" electricity="0.00" noise="75.56" route="routetop" type="cfm-slow" waiting="0.00" lane="left_0" pos="20.33" speed="25.82" angle="147.84" x="8.59" y="22.76"/>
        <vehicle id="cfm-slow_3" eclass="HBEFA3/PC_G_EU4" CO2="21009.94" CO="372.55" HC="2.22" NOx="9.20" PMx="0.51" fuel="9.03" electricity="0.00" noise="78.73" route="routetop" type="cfm-slow" waiting="0.00" lane="left_0" pos="41.31" speed="27.38" angle="110.16" x="45.11" y="-2.38"/>
        <vehicle id="cfm-slow_4" eclass="HBEFA3/PC_G_EU4" CO2="31221.95" CO="596.94" HC="3.50" NOx="13.97" PMx="0.79" fuel="13.42" electricity="0.00" noise="83.98" route="routebottom" type="cfm-slow" waiting="0.00" lane="bottom_0" pos="13.88" speed="29.67" angle="69.48" x="92.68" y="1.49"/>
        <vehicle id="cfm-slow_5" eclass="HBEFA3/PC_G_EU4" CO2="9401.88" CO="176.10" HC="1.05" NOx="3.60" PMx="0.23" fuel="4.04" electricity="0.00" noise="75.78" route="routebottom" type="cfm-slow" waiting="0.00" lane="bottom_0" pos="38.82" speed="33.01" angle="24.68" x="128.06" y="40.01"/>
    </timestep>
    <timestep time="7.28">
        <vehicle id="cfm-fast_0" eclass="HBEFA3/PC_G_EU4" CO2="147254.54" CO="3085.38" HC="17.73" NOx="68.53" PMx="3.87" fuel="63.30" electricity="0.00" noise="133.56" route="routebottom" type="cfm-fast" waiting="0.00" lane="right_1" pos="13.50" speed="38.78" angle="340.19" x="123.17" y="90.54"/>
        <vehicle id="cfm-fast_1" eclass="HBEFA3/PC_G_EU4" CO2="0.00" CO="0.00" HC="0.00" NOx="0.00" PMx="0.00" fuel="0.00" electricity="0.00" noise="69.82" route="routebottom" type="cfm-fast" waiting="0.00" lane="right_0" pos="25.53" speed="24.75" angle="318.51" x="111.35" y="112.98"/>
        <vehicle id="cfm-fast_2" eclass="HBEFA3/PC_G_EU4" CO2="0.00" CO="0.00" HC="0.00" NOx="0.00" PMx="0.00" fuel="0.00" electricity="0.00" noise="69.42" route="routebottom" type="cfm-fast" waiting="0.00" lane="right_0" pos="41.17" speed="23.27" angle="290.43" x="82.50" y="129.63"/>
        <vehicle id="cfm-fast_3" eclass="HBEFA3/PC_G_EU4" CO2="4070.68" CO="8.34" HC="0.14" NOx="1.32" PMx="0.06" fuel="1.75" electricity="0.00" noise="70.11" route="routetop" type="cfm-fast" waiting="0.00" lane="top_0" pos="5.34" speed="22.48" angle="264.86" x="52.13" y="131.29"/>
        <vehicle id="cfm-fast_4" eclass="HBEFA3/PC_G_EU4" CO2="0.00" CO="0.00" HC="0.00" NOx="0.00" PMx="0.00" fuel="0.00" electricity="0.00" noise="100.51" route="routetop" type="cfm-fast" waiting="0.00" lane="top_1" pos="18.45" speed="96.81" angle="241.31" x="27.89" y="118.30"/>
        <vehicle id="cfm-fast_5" eclass="HBEFA3/PC_G_EU4" CO2="8389.03" CO="97.33" HC="0.65" NOx="3.35" PMx="0.17" fuel="3.61" electricity="0.00" noise="71.71" route="routetop" type="cfm-fast" waiting="0.00" lane="top_0" pos="18.83" speed="22.55" angle="240.53" x="25.39" y="120.59"/>
        <vehicle id="cfm-slow_0" eclass="HBEFA3/PC_G_EU4" CO2="10949.83" CO="151.24" HC="0.96" NOx="4.54" PMx="0.24" fuel="4.71" electricity="0.00" noise="73.11" route="routetop" type="cfm-slow" waiting="0.00" lane="top_0" pos="32.47" speed="23.35" angle="216.11" x="5.22" y="99.59"/>
        <vehicle id="cfm-slow_1" eclass="HBEFA3/PC_G_EU4" CO2="12724.74" CO="190.47" HC="1.18" NOx="5.35" PMx="0.29" fuel="5.47" electricity="0.00" noise="74.23" route="routetop" type="cfm-slow" waiting="0.00" lane="left_0" pos="0.94" speed="24.50" angle="182.78" x="-4.90" y="61.56"/>
        <vehicle id="cfm-slow_2" eclass="HBEFA3/PC_G_EU4" CO2="15032.17" CO="242.46" HC="1.48" NOx="6.41" PMx="0.35" fuel="6.46" electricity="0.00" noise="75.59" route="routetop" type="cfm-slow" waiting="0.00" lane="left_0" pos="20.59" speed="25.84" angle="147.42" x="8.92" y="22.31"/>
        <vehicle id="cfm-slow_3" eclass="HBEFA3/PC_G_EU4" CO2="21101.24" CO="374.55" HC="2.23" NOx="9.24" PMx="0.52" fuel="9.07" electricity="0.00" noise="78.78" route="routetop" type="cfm-slow" waiting="0.00" lane="left_0" pos="41.59" speed="27.40" angle="109.65" x="45.68" y="-2.53"/>
        <vehicle id="cfm-slow_4" eclass="HBEFA3/PC_G_EU4" CO2="31051.65" CO="593.67" HC="3.48" NOx="13.89" PMx="0.78" fuel="13.35" electricity="0.00" noise="83.89" route="routebottom" type="cfm-slow" waiting="0.00" lane="bottom_0" pos="14.18" speed="29.71" angle="68.99" x="93.26" y="1.76"/>
        <vehicle id="cfm-slow_5" eclass="HBEFA3/PC_G_EU4" CO2="8598.07" CO="159.57" HC="0.95" NOx="3.22" PMx="0.21" fuel="3.70" electricity="0.00" noise="75.61" route="routebottom" type="cfm-slow" waiting="0.00" lane="bottom_0" pos="39.15" speed="33.01" angle="24.08" x="128.30" y="40.68"/>
    </timestep>
    <timestep time="7.29">
        <vehicle id="cfm-fast_0" eclass="HBEFA3/PC_G_EU4" CO2="147804.74" CO="3098.73" HC="17.80" NOx="68.79" PMx="3.88" fuel="63.53" electricity="0.00" noise="133.62" route="routebottom" type="cfm-fast" waiting="0.00" lane="right_1" pos="13.89" speed="38.92" angle="339.46" x="122.85" y="91.27"/>
        <vehicle id="cfm-fast_1" eclass="HBEFA3/PC_G_EU4" CO2="0.00" CO="0.00" HC="0.00" NOx="0.00" PMx="0.00" fuel="0.00" electricity="0.00" noise="69.82" route="routebottom" type="cfm-fast" waiting="0.00" lane="right_0" pos="25.78" speed="24.74" angle="318.10" x="110.97" y="113.34"/>
        <vehicle id="cfm-fast_2" eclass="HBEFA3/PC_G_EU4" CO2="0.00" CO="0.00" HC="0.00" NOx="0.00" PMx="0.00" fuel="0.00" electricity="0.00" noise="69.43" route="routebottom" type="cfm-fast" waiting="0.00" lane="right_0" pos="41.41" speed="23.26" angle="290.01" x="82.02" y="129.76"/>
        <vehicle id="cfm-fast_3" eclass="HBEFA3/PC_G_EU4" CO2="4110.00" CO="9.15" HC="0.14" NOx="1.33" PMx="0.06" fuel="1.77" electricity="0.00" noise="70.12" route="routetop" type="cfm-fast" waiting="0.00" lane="top_0" pos="5.57" speed="22.48" angle="264.44" x="51.66" y="131.21"/>
        <vehicle id="cfm-fast_4" eclass="HBEFA3/PC_G_EU4" CO2="0.00" CO="0.00" HC="0.00" NOx="0.00" PMx="0.00" fuel="0.00" electricity="0.00" noise="98.91" route="routetop" type="cfm-fast" waiting="0.00" lane="top_1" pos="19.41" speed="96.81" angle="239.53" x="26.25" y="117.19"/>
        <vehicle id="cfm-fast_5" eclass="HBEFA3/PC_G_EU4" CO2="8411.69" CO="97.81" HC="0.65" NOx="3.36" PMx="0.17" fuel="3.62" electricity="0.00" noise="71.72" route="routetop" type="cfm-fast" waiting="0.00" lane="top_0" pos="19.06" speed="22.56" angle="240.09" x="24.98" y="120.32"/>
        <vehicle id="cfm-slow_0" eclass="HBEFA3/PC_G_EU4" CO2="10965.80" CO="151.59" HC="0.96" NOx="4.55" PMx="0.24" fuel="4.71" electricity="0.00" noise="73.13" route="routetop" type="cfm-slow" waiting="0.00" lane="top_0" pos="32.70" speed="23.36" angle="215.67" x="4.96" y="99.16"/>
        <vehicle id="cfm-slow_1" eclass="HBEFA3/PC_G_EU4" CO2="12745.23" CO="190.93" HC="1.19" NOx="5.36" PMx="0.29" fuel="5.48" electricity="0.00" noise="74.25" route="routetop" type="cfm-slow" waiting="0.00" lane="left_0" pos="1.18" speed="24.52" angle="182.34" x="-4.89" y="61.03"/>
        <vehicle id="cfm-slow_2" eclass="HBEFA3/PC_G_EU4" CO2="15085.67" CO="243.62" HC="1.49" NOx="6.44" PMx="0.35" fuel="6.48" electricity="0.00" noise="75.62" route="routetop" type="cfm-slow" waiting="0.00" lane="left_0" pos="20.84" speed="25.85" angle="146.95" x="9.26" y="21.87"/>
        <vehicle id="cfm-slow_3" eclass="HBEFA3/PC_G_EU4" CO2="21190.35" CO="376.50" HC="2.24" NOx="9.28" PMx="0.52" fuel="9.11" electricity="0.00" noise="78.83" route="routetop" type="cfm-slow" waiting="0.00" lane="left_0" pos="41.86" speed="27.42" angle="109.14" x="46.25" y="-2.69"/>
        <vehicle id="cfm-slow_4" eclass="HBEFA3/PC_G_EU4" CO2="30875.63" CO="590.27" HC="3.46" NOx="13.80" PMx="0.78" fuel="13.27" electricity="0.00" noise="83.79" route="routebottom" type="cfm-slow" waiting="0.00" lane="bottom_0" pos="14.47" speed="29.74" angle="68.43" x="93.83" y="2.05"/>
        <vehicle id="cfm-slow_5" eclass="HBEFA3/PC_G_EU4" CO2="7807.55" CO="143.30" HC="0.86" NOx="2.85" PMx="0.19" fuel="3.36" electricity="0.00" noise="75.45" route="routebottom" type="cfm-slow" waiting="0.00" lane="bottom_0" pos="39.48" speed="33.01" angle="23.49" x="128.54" y="41.35"/>
    </timestep>
    <timestep time="7.30">
        <vehicle id="cfm-fast_0" eclass="HBEFA3/PC_G_EU4" CO2="148355.22" CO="3112.09" HC="17.88" NOx="69.04" PMx="3.90" fuel="63.77" electricity="0.00" noise="133.69" route="routebottom" type="cfm-fast" waiting="0.00" lane="right_1" pos="14.28" speed="39.06" angle="338.79" x="122.50" y="91.99"/>
        <vehicle id="cfm-fast_1" eclass="HBEFA3/PC_G_EU4" CO2="0.00" CO="0.00" HC="0.00" NOx="0.00" PMx="0.00" fuel="0.00" electricity="0.00" noise="69.81" route="routebottom" type="cfm-fast" waiting="0.00" lane="right_0" pos="26.03" speed="24.72" angle="317.65" x="110.58" y="113.71"/>
        <vehicle id="cfm-fast_2" eclass="HBEFA3/PC_G_EU4" CO2="0.00" CO="0.00" HC="0.00" NOx="0.00" PMx="0.00" fuel="0.00" electricity="0.00" noise="69.43" route="routebottom" type="cfm-fast" waiting="0.00" lane="right_0" pos="41.64" speed="23.25" angle="289.59" x="81.54" y="129.89"/>
        <vehicle id="cfm-fast_3" eclass="HBEFA3/PC_G_EU4" CO2="4149.19" CO="9.96" HC="0.15" NOx="1.35" PMx="0.06" fuel="1.78" electricity="0.00" noise="70.14" route="routetop" type="cfm-fast" waiting="0.00" lane="top_0" pos="5.79" speed="22.48" angle="264.02" x="51.18" y="131.12"/>
        <vehicle id="cfm-fast_4" eclass="HBEFA3/PC_G_EU4" CO2="0.00" CO="0.00" HC="0.00" NOx="0.00" PMx="0.00" fuel="0.00" electricity="0.00" noise="97.41" route="routetop" type="cfm-fast" waiting="0.00" lane="top_1" pos="20.38" speed="96.79" angle="237.73" x="24.64" y="116.02"/>
        <vehicle id="cfm-fast_5" eclass="HBEFA3/PC_G_EU4" CO2="8434.31" CO="98.28" HC="0.66" NOx="3.37" PMx="0.17" fuel="3.63" electricity="0.00" noise="71.74" route="routetop" type="cfm-fast" waiting="0.00" lane="top_0" pos="19.28" speed="22.57" angle="239.74" x="24.58" y="120.05"/>
        <vehicle id="cfm-slow_0" eclass="HBEFA3/PC_G_EU4" CO2="10981.82" CO="151.95" HC="0.96" NOx="4.56" PMx="0.24" fuel="4.72" electricity="0.00" noise="73.14" route="routetop" type="cfm-slow" waiting="0.00" lane="top_0" pos="32.94" speed="23.37" angle="215.22" x="4.70" y="98.73"/>
        <vehicle id="cfm-slow_1" eclass="HBEFA3/PC_G_EU4" CO2="12766.02" CO="191.40" HC="1.19" NOx="5.37" PMx="0.29" fuel="5.49" electricity="0.00" noise="74.26" route="routetop" type="cfm-slow" waiting="0.00" lane="left_0" pos="1.43" speed="24.53" angle="181.92" x="-4.87" y="60.50"/>
        <vehicle id="cfm-slow_2" eclass="HBEFA3/PC_G_EU4" CO2="15139.52" CO="244.79" HC="1.49" NOx="6.46" PMx="0.36" fuel="6.51" electricity="0.00" noise="75.65" route="routetop" type="cfm-slow" waiting="0.00" lane="left_0" pos="21.10" speed="25.87" angle="146.47" x="9.61" y="21.43"/>
        <vehicle id="cfm-slow_3" eclass="HBEFA3/PC_G_EU4" CO2="21277.24" CO="378.41" HC="2.25" NOx="9.32" PMx="0.52" fuel="9.15" electricity="0.00" noise="78.87" route="routetop" type="cfm-slow" waiting="0.00" lane="left_0" pos="42.13" speed="27.45" angle="108.63" x="46.82" y="-2.84"/>
        <vehicle id="cfm-slow_4" eclass="HBEFA3/PC_G_EU4" CO2="30694.03" CO="586.77" HC="3.44" NOx="13.71" PMx="0.78" fuel="13.19" electricity="0.00" noise="83.69" route="routebottom" type="cfm-slow" waiting="0.00" lane="bottom_0" pos="14.77" speed="29.77" angle="67.87" x="94.40" y="2.33"/>
        <vehicle id="cfm-slow_5" eclass="HBEFA3/PC_G_EU4" CO2="7030.23" CO="127.30" HC="0.76" NOx="2.48" PMx="0.17" fuel="3.02" electricity="0.00" noise="75.30" route="routebottom" type="cfm-slow" waiting="0.00" lane="bottom_0" pos="39.81" speed="33.01" angle="22.95" x="128.78" y="42.02"/>
    </timestep>
    <timestep time="7.31">
        <vehicle id="cfm-fast_0" eclass="HBEFA3/PC_G_EU4" CO2="148906.00" CO="3125.48" HC="17.95" NOx="69.30" PMx="3.91" fuel="64.01" electricity="0.00" noise="133.75" route="routebottom" type="cfm-fast" waiting="0.00" lane="right_1" pos="14.67" speed="39.19" angle="338.05" x="122.14" y="92.71"/>
        <vehicle id="cfm-fast_1" eclass="HBEFA3/PC_G_EU4" CO2="0.00" CO="0.00" HC="0.00" NOx="0.00" PMx="0.00" fuel="0.00" electricity="0.00" noise="69.81" route="routebottom" type="cfm-fast" waiting="0.00" lane="right_0" pos="26.27" speed="24.71" angle="317.20" x="110.19" y="114.07"/>
        <vehicle id="cfm-fast_2" eclass="HBEFA3/PC_G_EU4" CO2="0.00" CO="0.00" HC="0.00" NOx="0.00" PMx="0.00" fuel="0.00" electricity="0.00" noise="69.43" route="routebottom" type="cfm-fast" waiting="0.00" lane="right_0" pos="41.87" speed="23.24" angle="289.17" x="81.05" y="130.02"/>
        <vehicle id="cfm-fast_3" eclass="HBEFA3/PC_G_EU4" CO2="4188.24" CO="10.77" HC="0.15" NOx="1.37" PMx="0.06" fuel="1.80" electricity="0.00" noise="70.15" route="routetop" type="cfm-fast" waiting="0.00" lane="top_0" pos="6.02" speed="22.48" angle="263.60" x="50.71" y="131.03"/>
        <vehicle id="cfm-fast_4" eclass="HBEFA3/PC_G_EU4" CO2="0.00" CO="0.00" HC="0.00" NOx="0.00" PMx="0.00" fuel="0.00" electricity="0.00" noise="96.02" route="routetop" type="cfm-fast" waiting="0.00" lane="top_1" pos="21.35" speed="96.78" angle="236.04" x="23.07" y="114.81"/>
        <vehicle id="cfm-fast_5" eclass="HBEFA3/PC_G_EU4" CO2="8456.89" CO="98.76" HC="0.66" NOx="3.38" PMx="0.17" fuel="3.64" electricity="0.00" noise="71.75" route="routetop" type="cfm-fast" waiting="0.00" lane="top_0" pos="19.51" speed="22.57" angle="239.33" x="24.19" y="119.77"/>
        <vehicle id="cfm-slow_0" eclass="HBEFA3/PC_G_EU4" CO2="10997.89" CO="152.30" HC="0.97" NOx="4.56" PMx="0.24" fuel="4.73" electricity="0.00" noise="73.15" route="routetop" type="cfm-slow" waiting="0.00" lane="top_0" pos="33.17" speed="23.38" angle="214.78" x="4.44" y="98.30"/>
        <vehicle id="cfm-slow_1" eclass="HBEFA3/PC_G_EU4" CO2="12787.12" CO="191.87" HC="1.19" NOx="5.38" PMx="0.29" fuel="5.50" electricity="0.00" noise="74.27" route="routetop" type="cfm-slow" waiting="0.00" lane="left_0" pos="1.67" speed="24.54" angle="181.47" x="-4.84" y="59.97"/>
        <vehicle id="cfm-slow_2" eclass="HBEFA3/PC_G_EU4" CO2="15193.68" CO="245.97" HC="1.50" NOx="6.49" PMx="0.36" fuel="6.53" electricity="0.00" noise="75.68" route="routetop" type="cfm-slow" waiting="0.00" lane="left_0" pos="21.36" speed="25.88" angle="146.00" x="9.95" y="21.00"/>
        <vehicle id="cfm-slow_3" eclass="HBEFA3/PC_G_EU4" CO2="21361.90" CO="380.27" HC="2.27" NOx="9.36" PMx="0.52" fuel="9.18" electricity="0.00" noise="78.92" route="routetop" type="cfm-slow" waiting="0.00" lane="left_0" pos="42.41" speed="27.47" angle="108.19" x="47.39" y="-2.99"/>
        <vehicle id="cfm-slow_4" eclass="HBEFA3/PC_G_EU4" CO2="30507.00" CO="583.15" HC="3.42" NOx="13.63" PMx="0.77" fuel="13.11" electricity="0.00" noise="83.58" route="routebottom" type="cfm-slow" waiting="0.00" lane="bottom_0" pos="15.07" speed="29.80" angle="67.32" x="94.98" y="2.62"/>
        <vehicle id="cfm-slow_5" eclass="HBEFA3/PC_G_EU4" CO2="0.00" CO="0.00" HC="0.00" NOx="0.00" PMx="0.00" fuel="0.00" electricity="0.00" noise="75.17" route="routebottom" type="cfm-slow" waiting="0.00" lane="bottom_0" pos="40.14" speed="33.01" angle="22.32" x="128.99" y="42.69"/>
    </timestep>
    <timestep time="7.32">
        <vehicle id="cfm-fast_0" eclass="HBEFA3/PC_G_EU4" CO2="149457.07" CO="3138.89" HC="18.03" NOx="69.56" PMx="3.93" fuel="64.24" electricity="0.00" noise="133.82" route="routebottom" type="cfm-fast" waiting="0.00" lane="right_1" pos="15.06" speed="39.33" angle="337.32" x="121.78" y="93.43"/>
        <vehicle id="cfm-fast_1" eclass="HBEFA3/PC_G_EU4" CO2="0.00" CO="0.00" HC="0.00" NOx="0.00" PMx="0.00" fuel="0.00" electricity="0.00" noise="69.80" route="routebottom" type="cfm-fast" waiting="0.00" lane="right_0" pos="26.52" speed="24.70" angle="316.75" x="109.80" y="114.43"/>
        <vehicle id="cfm-fast_2" eclass="HBEFA3/PC_G_EU4" CO2="0.00" CO="0.00" HC="0.00" NOx="0.00" PMx="0.00" fuel="0.00" electricity="0.00" noise="69.43" route="routebottom" type="cfm-fast" waiting="0.00" lane="right_0" pos="42.10" speed="23.24" angle="288.75" x="80.57" y="130.15"/>
        <vehicle id="cfm-fast_3" eclass="HBEFA3/PC_G_EU4" CO2="4227.17" CO="11.57" HC="0.16" NOx="1.39" PMx="0.06" fuel="1.82" electricity="0.00" noise="70.16" route="routetop" type="cfm-fast" waiting="0.00" lane="top_0" pos="6.24" speed="22.48" angle="263.18" x="50.23" y="130.94"/>
        <vehicle id="cfm-fast_4" eclass="HBEFA3/PC_G_EU4" CO2="0.00" CO="0.00" HC="0.00" NOx="0.00" PMx="0.00" fuel="0.00" electricity="0.00" noise="94.76" route="routetop" type="cfm-fast" waiting="0.00" lane="top_1" pos="22.32" speed="96.76" angle="234.30" x="21.54" y="113.55"/>
        <vehicle id="cfm-fast_5" eclass="HBEFA3/PC_G_EU4" CO2="8479.43" CO="99.23" HC="0.66" NOx="3.39" PMx="0.17" fuel="3.64" electricity="0.00" noise="71.76" route="routetop" type="cfm-fast" waiting="0.00" lane="top_0" pos="19.73" speed="22.58" angle="238.92" x="23.79" y="119.48"/>
        <vehicle id="cfm-slow_0" eclass="HBEFA3/PC_G_EU4" CO2="11014.02" CO="152.65" HC="0.97" NOx="4.57" PMx="0.24" fuel="4.73" electricity="0.00" noise="73.16" route="routetop" type="cfm-slow" waiting="0.00" lane="top_0" pos="33.40" speed="23.39" angle="214.41" x="4.19" y="97.86"/>
        <vehicle id="cfm-slow_1" eclass="HBEFA3/PC_G_EU4" CO2="12808.52" CO="192.35" HC="1.19" NOx="5.39" PMx="0.29" fuel="5.51" electricity="0.00" noise="74.29" route="routetop" type="cfm-slow" waiting="0.00" lane="left_0" pos="1.92" speed="24.56" angle="181.03" x="-4.81" y="59.45"/>
        <vehicle id="cfm-slow_2" eclass="HBEFA3/PC_G_EU4" CO2="15248.15" CO="247.15" HC="1.51" NOx="6.51" PMx="0.36" fuel="6.55" electricity="0.00" noise="75.70" route="routetop" type="cfm-slow" waiting="0.00" lane="left_0" pos="21.62" speed="25.90" angle="145.52" x="10.29" y="20.56"/>
        <vehicle id="cfm-slow_3" eclass="HBEFA3/PC_G_EU4" CO2="21444.28" CO="382.09" HC="2.28" NOx="9.40" PMx="0.53" fuel="9.22" electricity="0.00" noise="78.96" route="routetop" type="cfm-slow" waiting="0.00" lane="left_0" pos="42.68" speed="27.49" angle="107.70" x="47.97" y="-3.12"/>
        <vehicle id="cfm-slow_4" eclass="HBEFA3/PC_G_EU4" CO2="30314.66" CO="579.41" HC="3.40" NOx="13.53" PMx="0.77" fuel="13.03" electricity="0.00" noise="83.48" route="routebottom" type="cfm-slow" waiting="0.00" lane="bottom_0" pos="15.37" speed="29.83" angle="66.83" x="95.55" y="2.91"/>
        <vehicle id="cfm-slow_5" eclass="HBEFA3/PC_G_EU4" CO2="0.00" CO="0.00" HC="0.00" NOx="0.00" PMx="0.00" fuel="0.00" electricity="0.00" noise="75.04" route="routebottom" type="cfm-slow" waiting="0.00" lane="bottom_0" pos="40.47" speed="33.01" angle="21.69" x="129.20" y="43.37"/>
    </timestep>
    <timestep time="7.33">
        <vehicle id="cfm-fast_0" eclass="HBEFA3/PC_G_EU4" CO2="150008.43" CO="3152.32" HC="18.10" NOx="69.82" PMx="3.95" fuel="64.48" electricity="0.00" noise="133.88" route="routebottom" type="cfm-fast" waiting="0.00" lane="right_1" pos="15.46" speed="39.46" angle="336.66" x="121.42" y="94.15"/>
        <vehicle id="cfm-fast_1" eclass="HBEFA3/PC_G_EU4" CO2="0.00" CO="0.00" HC="0.00" NOx="0.00" PMx="0.00" fuel="0.00" electricity="0.00" noise="69.80" route="routebottom" type="cfm-fast" waiting="0.00" lane="right_0" pos="26.77" speed="24.68" angle="316.30" x="109.41" y="114.79"/>
        <vehicle id="cfm-fast_2" eclass="HBEFA3/PC_G_EU4" CO2="0.00" CO="0.00" HC="0.00" NOx="0.00" PMx="0.00" fuel="0.00" electricity="0.00" noise="69.44" route="routebottom" type="cfm-fast" waiting="0.00" lane="right_0" pos="42.34" speed="23.23" angle="288.38" x="80.09" y="130.28"/>
        <vehicle id="cfm-fast_3" eclass="HBEFA3/PC_G_EU4" CO2="4265.97" CO="12.37" HC="0.16" NOx="1.41" PMx="0.06" fuel="1.83" electricity="0.00" noise="70.17" route="routetop" type="cfm-fast" waiting="0.00" lane="top_0" pos="6.46" speed="22.48" angle="262.82" x="49.76" y="130.85"/>
        <vehicle id="cfm-fast_4" eclass="HBEFA3/PC_G_EU4" CO2="0.00" CO="0.00" HC="0.00" NOx="0.00" PMx="0.00" fuel="0.00" electricity="0.00" noise="93.65" route="routetop" type="cfm-fast" waiting="0.00" lane="top_1" pos="23.28" speed="96.74" angle="232.57" x="20.04" y="112.26"/>
        <vehicle id="cfm-fast_5" eclass="HBEFA3/PC_G_EU4" CO2="8501.92" CO="99.70" HC="0.66" NOx="3.40" PMx="0.18" fuel="3.65" electricity="0.00" noise="71.77" route="routetop" type="cfm-fast" waiting="0.00" lane="top_0" pos="19.96" speed="22.59" angle="238.51" x="23.40" y="119.20"/>
        <vehicle id="cfm-slow_0" eclass="HBEFA3/PC_G_EU4" CO2="11030.20" CO="153.01" HC="0.97" NOx="4.58" PMx="0.24" fuel="4.74" electricity="0.00" noise="73.17" route="routetop" type="cfm-slow" waiting="0.00" lane="top_0" pos="33.64" speed="23.40" angle="213.98" x="3.94" y="97.42"/>
        <vehicle id="cfm-slow_1" eclass="HBEFA3/PC_G_EU4" CO2="12830.23" CO="192.84" HC="1.20" NOx="5.40" PMx="0.29" fuel="5.52" electricity="0.00" noise="74.30" route="routetop" type="cfm-slow" waiting="0.00" lane="left_0" pos="2.16" speed="24.57" angle="180.59" x="-4.77" y="58.92"/>
        <vehicle id="cfm-slow_2" eclass="HBEFA3/PC_G_EU4" CO2="15302.89" CO="248.34" HC="1.51" NOx="6.54" PMx="0.36" fuel="6.58" electricity="0.00" noise="75.73" route="routetop" type="cfm-slow" waiting="0.00" lane="left_0" pos="21.88" speed="25.92" angle="145.10" x="10.64" y="20.12"/>
        <vehicle id="cfm-slow_3" eclass="HBEFA3/PC_G_EU4" CO2="21524.36" CO="383.86" HC="2.29" NOx="9.44" PMx="0.53" fuel="9.25" electricity="0.00" noise="79.00" route="routetop" type="cfm-slow" waiting="0.00" lane="left_0" pos="42.96" speed="27.51" angle="107.21" x="48.55" y="-3.25"/>
        <vehicle id="cfm-slow_4" eclass="HBEFA3/PC_G_EU4" CO2="30117.15" CO="575.58" HC="3.38" NOx="13.44" PMx="0.76" fuel="12.95" electricity="0.00" noise="83.37" route="routebottom" type="cfm-slow" waiting="0.00" lane="bottom_0" pos="15.67" speed="29.87" angle="66.28" x="96.11" y="3.22"/>
        <vehicle id="cfm-slow_5" eclass="HBEFA3/PC_G_EU4" CO2="0.00" CO="0.00" HC="0.00" NOx="0.00" PMx="0.00" fuel="0.00" electricity="0.00" noise="74.92" route="routebottom" type="cfm-slow" waiting="0.00" lane="bottom_0" pos="40.80" speed="33.01" angle="21.06" x="129.41" y="44.05"/>
    </timestep>
    <timestep time="7.34">
        <vehicle id="cfm-fast_0" eclass="HBEFA3/PC_G_EU4" CO2="150560.08" CO="3165.77" HC="18.18" NOx="70.07" PMx="3.96" fuel="64.72" electricity="0.00" noise="133.95" route="routebottom" type="cfm-fast" waiting="0.00" lane="right_1" pos="15.85" speed="39.60" angle="335.95" x="121.02" y="94.86"/>
        <vehicle id="cfm-fast_1" eclass="HBEFA3/PC_G_EU4" CO2="0.00" CO="0.00" HC="0.00" NOx="0.00" PMx="0.00" fuel="0.00" electricity="0.00" noise="69.79" route="routebottom" type="cfm-fast" waiting="0.00" lane="right_0" pos="27.01" speed="24.67" angle="315.91" x="109.02" y="115.14"/>
        <vehicle id="cfm-fast_2" eclass="HBEFA3/PC_G_EU4" CO2="0.00" CO="0.00" HC="0.00" NOx="0.00" PMx="0.00" fuel="0.00" electricity="0.00" noise="69.44" route="routebottom" type="cfm-fast" waiting="0.00" lane="right_0" pos="42.57" speed="23.22" angle="287.96" x="79.60" y="130.39"/>
        <vehicle id="cfm-fast_3" eclass="HBEFA3/PC_G_EU4" CO2="4304.64" CO="13.16" HC="0.16" NOx="1.43" PMx="0.07" fuel="1.85" electricity="0.00" noise="70.19" route="routetop" type="cfm-fast" waiting="0.00" lane="top_0" pos="6.69" speed="22.49" angle="262.40" x="49.29" y="130.74"/>
        <vehicle id="cfm-fast_4" eclass="HBEFA3/PC_G_EU4" CO2="0.00" CO="0.00" HC="0.00" NOx="0.00" PMx="0.00" fuel="0.00" electricity="0.00" noise="92.70" route="routetop" type="cfm-fast" waiting="0.00" lane="top_1" pos="24.25" speed="96.71" angle="230.81" x="18.58" y="110.91"/>
        <vehicle id="cfm-fast_5" eclass="HBEFA3/PC_G_EU4" CO2="8524.38" CO="100.17" HC="0.67" NOx="3.41" PMx="0.18" fuel="3.66" electricity="0.00" noise="71.79" route="routetop" type="cfm-fast" waiting="0.00" lane="top_0" pos="20.19" speed="22.60" angle="238.10" x="23.01" y="118.91"/>
        <vehicle id="cfm-slow_0" eclass="HBEFA3/PC_G_EU4" CO2="11046.44" CO="153.36" HC="0.97" NOx="4.59" PMx="0.24" fuel="4.75" electricity="0.00" noise="73.18" route="routetop" type="cfm-slow" waiting="0.00" lane="top_0" pos="33.87" speed="23.42" angle="213.56" x="3.70" y="96.98"/>
        <vehicle id="cfm-slow_1" eclass="HBEFA3/PC_G_EU4" CO2="12852.24" CO="193.33" HC="1.20" NOx="5.41" PMx="0.29" fuel="5.52" electricity="0.00" noise="74.31" route="routetop" type="cfm-slow" waiting="0.00" lane="left_0" pos="2.41" speed="24.59" angle="180.15" x="-4.74" y="58.39"/>
        <vehicle id="cfm-slow_2" eclass="HBEFA3/PC_G_EU4" CO2="15357.88" CO="249.54" HC="1.52" NOx="6.56" PMx="0.36" fuel="6.60" electricity="0.00" noise="75.76" route="routetop" type="cfm-slow" waiting="0.00" lane="left_0" pos="22.14" speed="25.93" angle="144.61" x="11.00" y="19.70"/>
        <vehicle id="cfm-slow_3" eclass="HBEFA3/PC_G_EU4" CO2="21602.13" CO="385.58" HC="2.30" NOx="9.47" PMx="0.53" fuel="9.29" electricity="0.00" noise="79.04" route="routetop" type="cfm-slow" waiting="0.00" lane="left_0" pos="43.23" speed="27.54" angle="106.72" x="49.12" y="-3.38"/>
        <vehicle id="cfm-slow_4" eclass="HBEFA3/PC_G_EU4" CO2="29914.61" CO="571.63" HC="3.35" NOx="13.34" PMx="0.76" fuel="12.86" electricity="0.00" noise="83.26" route="routebottom" type="cfm-slow" waiting="0.00" lane="bottom_0" pos="15.97" speed="29.90" angle="65.73" x="96.68" y="3.53"/>
        <vehicle id="cfm-slow_5" eclass="HBEFA3/PC_G_EU4" CO2="0.00" CO="0.00" HC="0.00" NOx="0.00" PMx="0.00" fuel="0.00" electricity="0.00" noise="74.81" route="routebottom" type="cfm-slow" waiting="0.00" lane="bottom_0" pos="41.13" speed="33.00" angle="20.51" x="129.61" y="44.73"/>
    </timestep>
    <timestep time="7.35">
        <vehicle id="cfm-fast_0" eclass="HBEFA3/PC_G_EU4" CO2="151112.03" CO="3179.25" HC="18.25" NOx="70.33" PMx="3.98" fuel="64.96" electricity="0.00" noise="134.02" route="routebottom" type="cfm-fast" waiting="0.00" lane="right_1" pos="16.25" speed="39.74" angle="335.25" x="120.63" y="95.58"/>
        <vehicle id="cfm-fast_1" eclass="HBEFA3/PC_G_EU4" CO2="0.00" CO="0.00" HC="0.00" NOx="0.00" PMx="0.00" fuel="0.00" electricity="0.00" noise="69.79" route="routebottom" type="cfm-fast" waiting="0.00" lane="right_0" pos="27.26" speed="24.65" angle="315.45" x="108.61" y="115.49"/>
        <vehicle id="cfm-fast_2" eclass="HBEFA3/PC_G_EU4" CO2="0.00" CO="0.00" HC="0.00" NOx="0.00" PMx="0.00" fuel="0.00" electricity="0.00" noise="69.44" route="routebottom" type="cfm-fast" waiting="0.00" lane="right_0" pos="42.80" speed="23.21" angle="287.54" x="79.11" y="130.50"/>
        <vehicle id="cfm-fast_3" eclass="HBEFA3/PC_G_EU4" CO2="4343.18" CO="13.96" HC="0.17" NOx="1.44" PMx="0.07" fuel="1.87" electricity="0.00" noise="70.20" route="routetop" type="cfm-fast" waiting="0.00" lane="top_0" pos="6.91" speed="22.49" angle="261.98" x="48.81" y="130.64"/>
        <vehicle id="cfm-fast_4" eclass="HBEFA3/PC_G_EU4" CO2="0.00" CO="0.00" HC="0.00" NOx="0.00" PMx="0.00" fuel="0.00" electricity="0.00" noise="91.89" route="routetop" type="cfm-fast" waiting="0.00" lane="top_1" pos="25.22" speed="96.68" angle="229.12" x="17.17" y="109.52"/>
        <vehicle id="cfm-fast_5" eclass="HBEFA3/PC_G_EU4" CO2="8546.80" CO="100.65" HC="0.67" NOx="3.42" PMx="0.18" fuel="3.67" electricity="0.00" noise="71.80" route="routetop" type="cfm-fast" waiting="0.00" lane="top_0" pos="20.41" speed="22.61" angle="237.70" x="22.61" y="118.63"/>
        <vehicle id="cfm-slow_0" eclass="HBEFA3/PC_G_EU4" CO2="11062.75" CO="153.72" HC="0.97" NOx="4.59" PMx="0.24" fuel="4.76" electricity="0.00" noise="73.19" route="routetop" type="cfm-slow" waiting="0.00" lane="top_0" pos="34.11" speed="23.43" angle="213.13" x="3.45" y="96.54"/>
        <vehicle id="cfm-slow_1" eclass="HBEFA3/PC_G_EU4" CO2="12874.55" CO="193.83" HC="1.20" NOx="5.42" PMx="0.29" fuel="5.53" electricity="0.00" noise="74.33" route="routetop" type="cfm-slow" waiting="0.00" lane="left_0" pos="2.66" speed="24.60" angle="179.73" x="-4.70" y="57.86"/>
        <vehicle id="cfm-slow_2" eclass="HBEFA3/PC_G_EU4" CO2="15413.10" CO="250.74" HC="1.53" NOx="6.59" PMx="0.36" fuel="6.63" electricity="0.00" noise="75.79" route="routetop" type="cfm-slow" waiting="0.00" lane="left_0" pos="22.40" speed="25.95" angle="144.13" x="11.37" y="19.27"/>
        <vehicle id="cfm-slow_3" eclass="HBEFA3/PC_G_EU4" CO2="21677.55" CO="387.26" HC="2.31" NOx="9.51" PMx="0.53" fuel="9.32" electricity="0.00" noise="79.08" route="routetop" type="cfm-slow" waiting="0.00" lane="left_0" pos="43.51" speed="27.56" angle="106.24" x="49.70" y="-3.52"/>
        <vehicle id="cfm-slow_4" eclass="HBEFA3/PC_G_EU4" CO2="29707.17" CO="567.59" HC="3.33" NOx="13.25" PMx="0.75" fuel="12.77" electricity="0.00" noise="83.15" route="routebottom" type="cfm-slow" waiting="0.00" lane="bottom_0" pos="16.26" speed="29.93" angle="65.17" x="97.24" y="3.84"/>
        <vehicle id="cfm-slow_5" eclass="HBEFA3/PC_G_EU4" CO2="0.00" CO="0.00" HC="0.00" NOx="0.00" PMx="0.00" fuel="0.00" electricity="0.00" noise="74.71" route="routebottom" type="cfm-slow" waiting="0.00" lane="bottom_0" pos="41.46" speed="33.00" angle="19.90" x="129.79" y="45.42"/>
    </timestep>
    <timestep time="7.36">
        <vehicle id="cfm-fast_0" eclass="HBEFA3/PC_G_EU4" CO2="151664.27" CO="3192.74" HC="18.33" NOx="70.59" PMx="3.99" fuel="65.19" electricity="0.00" noise="134.08" route="routebottom" type="cfm-fast" waiting="0.00" lane="right_1" pos="16.65" speed="39.87" angle="334.58" x="120.23" y="96.29"/>
        <vehicle id="cfm-fast_1" eclass="HBEFA3/PC_G_EU4" CO2="0.00" CO="0.00" HC="0.00" NOx="0.00" PMx="0.00" fuel="0.00" electricity="0.00" noise="69.78" route="routebottom" type="cfm-fast" waiting="0.00" lane="right_0" pos="27.51" speed="24.64" angle="314.99" x="108.21" y="115.83"/>
        <vehicle id="cfm-fast_2" eclass="HBEFA3/PC_G_EU4" CO2="0.00" CO="0.00" HC="0.00" NOx="0.00" PMx="0.00" fuel="0.00" electricity="0.00" noise="69.45" route="routebottom" type="cfm-fast" waiting="0.00" lane="right_0" pos="43.03" speed="23.20" angle="287.11" x="78.63" y="130.61"/>
        <vehicle id="cfm-fast_3" eclass="HBEFA3/PC_G_EU4" CO2="4381.60" CO="14.75" HC="0.17" NOx="1.46" PMx="0.07" fuel="1.88" electricity="0.00" noise="70.21" route="routetop" type="cfm-fast" waiting="0.00" lane="top_0" pos="7.14" speed="22.49" angle="261.55" x="48.34" y="130.53"/>
        <vehicle id="cfm-fast_4" eclass="HBEFA3/PC_G_EU4" CO2="0.00" CO="0.00" HC="0.00" NOx="0.00" PMx="0.00" fuel="0.00" electricity="0.00" noise="91.24" route="routetop" type="cfm-fast" waiting="0.00" lane="top_1" pos="26.18" speed="96.65" angle="227.41" x="15.80" y="108.09"/>
        <vehicle id="cfm-fast_5" eclass="HBEFA3/PC_G_EU4" CO2="8569.19" CO="101.12" HC="0.67" NOx="3.43" PMx="0.18" fuel="3.68" electricity="0.00" noise="71.81" route="routetop" type="cfm-fast" waiting="0.00" lane="top_0" pos="20.64" speed="22.62" angle="237.33" x="22.22" y="118.33"/>
        <vehicle id="cfm-slow_0" eclass="HBEFA3/PC_G_EU4" CO2="11079.11" CO="154.08" HC="0.98" NOx="4.60" PMx="0.24" fuel="4.76" electricity="0.00" noise="73.20" route="routetop" type="cfm-slow" waiting="0.00" lane="top_0" pos="34.34" speed="23.44" angle="212.71" x="3.21" y="96.10"/>
        <vehicle id="cfm-slow_1" eclass="HBEFA3/PC_G_EU4" CO2="12897.17" CO="194.33" HC="1.21" NOx="5.43" PMx="0.29" fuel="5.54" electricity="0.00" noise="74.34" route="routetop" type="cfm-slow" waiting="0.00" lane="left_0" pos="2.90" speed="24.61" angle="179.29" x="-4.65" y="57.34"/>
        <vehicle id="cfm-slow_2" eclass="HBEFA3/PC_G_EU4" CO2="15468.52" CO="251.94" HC="1.53" NOx="6.61" PMx="0.36" fuel="6.65" electricity="0.00" noise="75.82" route="routetop" type="cfm-slow" waiting="0.00" lane="left_0" pos="22.66" speed="25.96" angle="143.65" x="11.73" y="18.85"/>
        <vehicle id="cfm-slow_3" eclass="HBEFA3/PC_G_EU4" CO2="21750.60" CO="388.89" HC="2.31" NOx="9.54" PMx="0.53" fuel="9.35" electricity="0.00" noise="79.12" route="routetop" type="cfm-slow" waiting="0.00" lane="left_0" pos="43.79" speed="27.58" angle="105.79" x="50.28" y="-3.63"/>
        <vehicle id="cfm-slow_4" eclass="HBEFA3/PC_G_EU4" CO2="29494.96" CO="563.44" HC="3.30" NOx="13.15" PMx="0.74" fuel="12.68" electricity="0.00" noise="83.04" route="routebottom" type="cfm-slow" waiting="0.00" lane="bottom_0" pos="16.56" speed="29.96" angle="64.64" x="97.80" y="4.15"/>
        <vehicle id="cfm-slow_5" eclass="HBEFA3/PC_G_EU4" CO2="0.00" CO="0.00" HC="0.00" NOx="0.00" PMx="0.00" fuel="0.00" electricity="0.00" noise="74.62" route="routebottom" type="cfm-slow" waiting="0.00" lane="bottom_0" pos="41.79" speed="32.99" angle="19.30" x="129.98" y="46.10"/>
    </timestep>
    <timestep time="7.37">
        <vehicle id="cfm-fast_0" eclass="HBEFA3/PC_G_EU4" CO2="152216.79" CO="3206.26" HC="18.41" NOx="70.85" PMx="4.01" fuel="65.43" electricity="0.00" noise="134.15" route="routebottom" type="cfm-fast" waiting="0.00" lane="right_1" pos="17.05" speed="40.01" angle="333.84" x="119.81" y="97.00"/>
        <vehicle id="cfm-fast_1" eclass="HBEFA3/PC_G_EU4" CO2="0.00" CO="0.00" HC="0.00" NOx="0.00" PMx="0.00" fuel="0.00" electricity="0.00" noise="69.78" route="routebottom" type="cfm-fast" waiting="0.00" lane="right_0" pos="27.75" speed="24.62" angle="314.52" x="107.80" y="116.17"/>
        <vehicle id="cfm-fast_2" eclass="HBEFA3/PC_G_EU4" CO2="0.00" CO="0.00" HC="0.00" NOx="0.00" PMx="0.00" fuel="0.00" electricity="0.00" noise="69.45" route="routebottom" type="cfm-fast" waiting="0.00" lane="right_0" pos="43.26" speed="23.20" angle="286.69" x="78.14" y="130.72"/>
        <vehicle id="cfm-fast_3" eclass="HBEFA3/PC_G_EU4" CO2="4419.88" CO="15.54" HC="0.18" NOx="1.48" PMx="0.07" fuel="1.90" electricity="0.00" noise="70.22" route="routetop" type="cfm-fast" waiting="0.00" lane="top_0" pos="7.36" speed="22.49" angle="261.13" x="47.87" y="130.42"/>
        <vehicle id="cfm-fast_4" eclass="HBEFA3/PC_G_EU4" CO2="0.00" CO="0.00" HC="0.00" NOx="0.00" PMx="0.00" fuel="0.00" electricity="0.00" noise="90.72" route="routetop" type="cfm-fast" waiting="0.00" lane="top_1" pos="27.15" speed="96.62" angle="225.66" x="14.47" y="106.62"/>
        <vehicle id="cfm-fast_5" eclass="HBEFA3/PC_G_EU4" CO2="8591.53" CO="101.59" HC="0.67" NOx="3.44" PMx="0.18" fuel="3.69" electricity="0.00" noise="71.82" route="routetop" type="cfm-fast" waiting="0.00" lane="top_0" pos="20.86" speed="22.62" angle="236.91" x="21.84" y="118.03"/>
        <vehicle id="cfm-slow_0" eclass="HBEFA3/PC_G_EU4" CO2="11095.54" CO="154.44" HC="0.98" NOx="4.61" PMx="0.24" fuel="4.77" electricity="0.00" noise="73.21" route="routetop" type="cfm-slow" waiting="0.00" lane="top_0" pos="34.58" speed="23.45" angle="212.32" x="2.96" y="95.66"/>
        <vehicle id="cfm-slow_1" eclass="HBEFA3/PC_G_EU4" CO2="12920.09" CO="194.84" HC="1.21" NOx="5.44" PMx="0.29" fuel="5.55" electricity="0.00" noise="74.35" route="routetop" type="cfm-slow" waiting="0.00" lane="left_0" pos="3.15" speed="24.63" angle="178.85" x="-4.59" y="56.81"/>
        <vehicle id="cfm-slow_2" eclass="HBEFA3/PC_G_EU4" CO2="15524.14" CO="253.16" HC="1.54" NOx="6.64" PMx="0.37" fuel="6.67" electricity="0.00" noise="75.85" route="routetop" type="cfm-slow" waiting="0.00" lane="left_0" pos="22.92" speed="25.98" angle="143.16" x="12.09" y="18.42"/>
        <vehicle id="cfm-slow_3" eclass="HBEFA3/PC_G_EU4" CO2="21821.25" CO="390.47" HC="2.32" NOx="9.58" PMx="0.54" fuel="9.38" electricity="0.00" noise="79.16" route="routetop" type="cfm-slow" waiting="0.00" lane="left_0" pos="44.06" speed="27.61" angle="105.28" x="50.87" y="-3.74"/>
        <vehicle id="cfm-slow_4" eclass="HBEFA3/PC_G_EU4" CO2="29278.11" CO="559.20" HC="3.28" NOx="13.04" PMx="0.74" fuel="12.59" electricity="0.00" noise="82.92" route="routebottom" type="cfm-slow" waiting="0.00" lane="bottom_0" pos="16.86" speed="29.99" angle="64.12" x="98.36" y="4.48"/>
        <vehicle id="cfm-slow_5" eclass="HBEFA3/PC_G_EU4" CO2="0.00" CO="0.00" HC="0.00" NOx="0.00" PMx="0.00" fuel="0.00" electricity="0.00" noise="74.53" route="routebottom" type="cfm-slow" waiting="0.00" lane="bottom_0" pos="42.12" speed="32.99" angle="18.70" x="130.16" y="46.79"/>
    </timestep>
    <timestep time="7.38">
        <vehicle id="cfm-fast_0" eclass="HBEFA3/PC_G_EU4" CO2="152769.62" CO="3219.80" HC="18.48" NOx="71.11" PMx="4.02" fuel="65.67" electricity="0.00" noise="134.21" route="routebottom" type="cfm-fast" waiting="0.00" lane="right_1" pos="17.45" speed="40.15" angle="333.10" x="119.39" y="97.70"/>
        <vehicle id="cfm-fast_1" eclass="HBEFA3/PC_G_EU4" CO2="0.00" CO="0.00" HC="0.00" NOx="0.00" PMx="0.00" fuel="0.00" electricity="0.00" noise="69.77" route="routebottom" type="cfm-fast" waiting="0.00" lane="right_0" pos="28.00" speed="24.61" angle="314.06" x="107.40" y="116.51"/>
        <vehicle id="cfm-fast_2" eclass="HBEFA3/PC_G_EU4" CO2="0.00" CO="0.00" HC="0.00" NOx="0.00" PMx="0.00" fuel="0.00" electricity="0.00" noise="69.46" route="routebottom" type="cfm-fast" waiting="0.00" lane="right_0" pos="43.50" speed="23.19" angle="286.27" x="77.65" y="130.83"/>
        <vehicle id="cfm-fast_3" eclass="HBEFA3/PC_G_EU4" CO2="4458.04" CO="16.33" HC="0.18" NOx="1.50" PMx="0.07" fuel="1.92" electricity="0.00" noise="70.23" route="routetop" type="cfm-fast" waiting="0.00" lane="top_0" pos="7.59" speed="22.49" angle="260.74" x="47.40" y="130.32"/>
        <vehicle id="cfm-fast_4" eclass="HBEFA3/PC_G_EU4" CO2="0.00" CO="0.00" HC="0.00" NOx="0.00" PMx="0.00" fuel="0.00" electricity="0.00" noise="90.32" route="routetop" type="cfm-fast" waiting="0.00" lane="top_1" pos="28.12" speed="96.58" angle="223.84" x="13.19" y="105.11"/>
        <vehicle id="cfm-fast_5" eclass="HBEFA3/PC_G_EU4" CO2="8613.84" CO="102.06" HC="0.68" NOx="3.46" PMx="0.18" fuel="3.70" electricity="0.00" noise="71.84" route="routetop" type="cfm-fast" waiting="0.00" lane="top_0" pos="21.09" speed="22.63" angle="236.50" x="21.46" y="117.73"/>
        <vehicle id="cfm-slow_0" eclass="HBEFA3/PC_G_EU4" CO2="11112.04" CO="154.80" HC="0.98" NOx="4.62" PMx="0.24" fuel="4.78" electricity="0.00" noise="73.22" route="routetop" type="cfm-slow" waiting="0.00" lane="top_0" pos="34.81" speed="23.46" angle="211.91" x="2.74" y="95.21"/>
        <vehicle id="cfm-slow_1" eclass="HBEFA3/PC_G_EU4" CO2="12943.31" CO="195.36" HC="1.21" NOx="5.45" PMx="0.30" fuel="5.56" electricity="0.00" noise="74.37" route="routetop" type="cfm-slow" waiting="0.00" lane="left_0" pos="3.39" speed="24.64" angle="178.41" x="-4.54" y="56.28"/>
        <vehicle id="cfm-slow_2" eclass="HBEFA3/PC_G_EU4" CO2="15579.91" CO="254.37" HC="1.55" NOx="6.67" PMx="0.37" fuel="6.70" electricity="0.00" noise="75.88" route="routetop" type="cfm-slow" waiting="0.00" lane="left_0" pos="23.18" speed="26.00" angle="142.75" x="12.46" y="18.00"/>
        <vehicle id="cfm-slow_3" eclass="HBEFA3/PC_G_EU4" CO2="21889.50" CO="392.00" HC="2.33" NOx="9.61" PMx="0.54" fuel="9.41" electricity="0.00" noise="79.19" route="routetop" type="cfm-slow" waiting="0.00" lane="left_0" pos="44.34" speed="27.63" angle="104.77" x="51.45" y="-3.85"/>
        <vehicle id="cfm-slow_4" eclass="HBEFA3/PC_G_EU4" CO2="29056.75" CO="554.86" HC="3.25" NOx="12.94" PMx="0.73" fuel="12.49" electricity="0.00" noise="82.80" route="routebottom" type="cfm-slow" waiting="0.00" lane="bottom_0" pos="17.16" speed="30.02" angle="63.57" x="98.91" y="4.81"/>
        <vehicle id="cfm-slow_5" eclass="HBEFA3/PC_G_EU4" CO2="0.00" CO="0.00" HC="0.00" NOx="0.00" PMx="0.00" fuel="0.00" electricity="0.00" noise="74.45" route="routebottom" type="cfm-slow" waiting="0.00" lane="bottom_0" pos="42.45" speed="32.98" angle="18.16" x="130.33" y="47.48"/>
    </timestep>
    <timestep time="7.39">
        <vehicle id="cfm-fast_0" eclass="HBEFA3/PC_G_EU4" CO2="153322.73" CO="3233.36" HC="18.56" NOx="71.36" PMx="4.04" fuel="65.91" electricity="0.00" noise="134.28" route="routebottom" type="cfm-fast" waiting="0.00" lane="right_1" pos="17.85" speed="40.28" angle="332.37" x="118.96" y="98.41"/>
        <vehicle id="cfm-fast_1" eclass="HBEFA3/PC_G_EU4" CO2="0.00" CO="0.00" HC="0.00" NOx="0.00" PMx="0.00" fuel="0.00" electricity="0.00" noise="69.77" route="routebottom" type="cfm-fast" waiting="0.00" lane="right_0" pos="28.25" speed="24.60" angle="313.67" x="106.99" y="116.85"/>
        <vehicle id="cfm-fast_2" eclass="HBEFA3/PC_G_EU4" CO2="0.00" CO="0.00" HC="0.00" NOx="0.00" PMx="0.00" fuel="0.00" electricity="0.00" noise="69.46" route="routebottom" type="cfm-fast" waiting="0.00" lane="right_0" pos="43.73" speed="23.18" angle="285.89" x="77.17" y="130.93"/>
        <vehicle id="cfm-fast_3" eclass="HBEFA3/PC_G_EU4" CO2="4496.08" CO="17.11" HC="0.19" NOx="1.52" PMx="0.07" fuel="1.93" electricity="0.00" noise="70.25" route="routetop" type="cfm-fast" waiting="0.00" lane="top_0" pos="7.81" speed="22.49" angle="260.36" x="46.93" y="130.20"/>
        <vehicle id="cfm-fast_4" eclass="HBEFA3/PC_G_EU4" CO2="0.00" CO="0.00" HC="0.00" NOx="0.00" PMx="0.00" fuel="0.00" electricity="0.00" noise="90.01" route="routetop" type="cfm-fast" waiting="0.00" lane="top_1" pos="29.08" speed="96.53" angle="222.13" x="11.97" y="103.55"/>
        <vehicle id="cfm-fast_5" eclass="HBEFA3/PC_G_EU4" CO2="8636.12" CO="102.53" HC="0.68" NOx="3.47" PMx="0.18" fuel="3.71" electricity="0.00" noise="71.85" route="routetop" type="cfm-fast" waiting="0.00" lane="top_0" pos="21.32" speed="22.64" angle="236.08" x="21.07" y="117.43"/>
        <vehicle id="cfm-slow_0" eclass="HBEFA3/PC_G_EU4" CO2="11128.61" CO="155.17" HC="0.98" NOx="4.62" PMx="0.25" fuel="4.78" electricity="0.00" noise="73.23" route="routetop" type="cfm-slow" waiting="0.00" lane="top_0" pos="35.05" speed="23.47" angle="211.48" x="2.51" y="94.76"/>
        <vehicle id="cfm-slow_1" eclass="HBEFA3/PC_G_EU4" CO2="12966.83" CO="195.88" HC="1.21" NOx="5.46" PMx="0.30" fuel="5.57" electricity="0.00" noise="74.38" route="routetop" type="cfm-slow" waiting="0.00" lane="left_0" pos="3.64" speed="24.65" angle="177.97" x="-4.49" y="55.75"/>
        <vehicle id="cfm-slow_2" eclass="HBEFA3/PC_G_EU4" CO2="15635.83" CO="255.59" HC="1.55" NOx="6.69" PMx="0.37" fuel="6.72" electricity="0.00" noise="75.91" route="routetop" type="cfm-slow" waiting="0.00" lane="left_0" pos="23.44" speed="26.01" angle="142.28" x="12.84" y="17.59"/>
        <vehicle id="cfm-slow_3" eclass="HBEFA3/PC_G_EU4" CO2="21955.32" CO="393.48" HC="2.34" NOx="9.64" PMx="0.54" fuel="9.44" electricity="0.00" noise="79.23" route="routetop" type="cfm-slow" waiting="0.00" lane="left_0" pos="44.61" speed="27.65" angle="104.25" x="52.04" y="-3.96"/>
        <vehicle id="cfm-slow_4" eclass="HBEFA3/PC_G_EU4" CO2="28831.01" CO="550.43" HC="3.23" NOx="12.83" PMx="0.73" fuel="12.39" electricity="0.00" noise="82.68" route="routebottom" type="cfm-slow" waiting="0.00" lane="bottom_0" pos="17.46" speed="30.05" angle="63.02" x="99.47" y="5.15"/>
        <vehicle id="cfm-slow_5" eclass="HBEFA3/PC_G_EU4" CO2="0.00" CO="0.00" HC="0.00" NOx="0.00" PMx="0.00" fuel="0.00" electricity="0.00" noise="74.37" route="routebottom" type="cfm-slow" waiting="0.00" lane="bottom_0" pos="42.78" speed="32.97" angle="17.56" x="130.49" y="48.17"/>
    </timestep>
    <timestep time="7.40">
        <vehicle id="cfm-fast_0" eclass="HBEFA3/PC_G_EU4" CO2="153876.13" CO="3246.94" HC="18.63" NOx="71.62" PMx="4.05" fuel="66.14" electricity="0.00" noise="134.34" route="routebottom" type="cfm-fast" waiting="0.00" lane="right_1" pos="18.26" speed="40.42" angle="331.65" x="118.51" y="99.11"/>
        <vehicle id="cfm-fast_1" eclass="HBEFA3/PC_G_EU4" CO2="0.00" CO="0.00" HC="0.00" NOx="0.00" PMx="0.00" fuel="0.00" electricity="0.00" noise="69.76" route="routebottom" type="cfm-fast" waiting="0.00" lane="right_0" pos="28.49" speed="24.58" angle="313.22" x="106.58" y="117.18"/>
        <vehicle id="cfm-fast_2" eclass="HBEFA3/PC_G_EU4" CO2="0.00" CO="0.00" HC="0.00" NOx="0.00" PMx="0.00" fuel="0.00" electricity="0.00" noise="69.46" route="routebottom" type="cfm-fast" waiting="0.00" lane="right_0" pos="43.96" speed="23.18" angle="285.45" x="76.67" y="131.02"/>
        <vehicle id="cfm-fast_3" eclass="HBEFA3/PC_G_EU4" CO2="4533.99" CO="17.90" HC="0.19" NOx="1.53" PMx="0.07" fuel="1.95" electricity="0.00" noise="70.26" route="routetop" type="cfm-fast" waiting="0.00" lane="top_0" pos="8.04" speed="22.49" angle="259.95" x="46.46" y="130.07"/>
        <vehicle id="cfm-fast_4" eclass="HBEFA3/PC_G_EU4" CO2="0.00" CO="0.00" HC="0.00" NOx="0.00" PMx="0.00" fuel="0.00" electricity="0.00" noise="89.77" route="routetop" type="cfm-fast" waiting="0.00" lane="top_1" pos="30.05" speed="96.49" angle="220.38" x="10.79" y="101.96"/>
        <vehicle id="cfm-fast_5" eclass="HBEFA3/PC_G_EU4" CO2="8658.36" CO="102.99" HC="0.68" NOx="3.48" PMx="0.18" fuel="3.72" electricity="0.00" noise="71.86" route="routetop" type="cfm-fast" waiting="0.00" lane="top_0" pos="21.54" speed="22.65" angle="235.67" x="20.69" y="117.13"/>
        <vehicle id="cfm-slow_0" eclass="HBEFA3/PC_G_EU4" CO2="11145.25" CO="155.53" HC="0.98" NOx="4.63" PMx="0.25" fuel="4.79" electricity="0.00" noise="73.24" route="routetop" type="cfm-slow" waiting="0.00" lane="top_0" pos="35.28" speed="23.49" angle="211.04" x="2.28" y="94.30"/>
        <vehicle id="cfm-slow_1" eclass="HBEFA3/PC_G_EU4" CO2="12990.65" CO="196.41" HC="1.22" NOx="5.47" PMx="0.30" fuel="5.58" electricity="0.00" noise="74.40" route="routetop" type="cfm-slow" waiting="0.00" lane="left_0" pos="3.89" speed="24.67" angle="177.54" x="-4.43" y="55.23"/>
        <vehicle id="cfm-slow_2" eclass="HBEFA3/PC_G_EU4" CO2="15691.86" CO="256.81" HC="1.56" NOx="6.72" PMx="0.37" fuel="6.75" electricity="0.00" noise="75.94" route="routetop" type="cfm-slow" waiting="0.00" lane="left_0" pos="23.70" speed="26.03" angle="141.81" x="13.22" y="17.18"/>
        <vehicle id="cfm-slow_3" eclass="HBEFA3/PC_G_EU4" CO2="22018.70" CO="394.92" HC="2.35" NOx="9.67" PMx="0.54" fuel="9.46" electricity="0.00" noise="79.26" route="routetop" type="cfm-slow" waiting="0.00" lane="left_0" pos="44.89" speed="27.68" angle="103.80" x="52.62" y="-4.06"/>
        <vehicle id="cfm-slow_4" eclass="HBEFA3/PC_G_EU4" CO2="28601.02" CO="545.91" HC="3.20" NOx="12.72" PMx="0.72" fuel="12.29" electricity="0.00" noise="82.56" route="routebottom" type="cfm-slow" waiting="0.00" lane="bottom_0" pos="17.77" speed="30.08" angle="62.47" x="100.02" y="5.48"/>
        <vehicle id="cfm-slow_5" eclass="HBEFA3/PC_G_EU4" CO2="0.00" CO="0.00" HC="0.00" NOx="0.00" PMx="0.00" fuel="0.00" electricity="0.00" noise="74.30" route="routebottom" type="cfm-slow" waiting="0.00" lane="bottom_0" pos="43.11" speed="32.97" angle="16.96" x="130.65" y="48.86"/>
    </timestep>
    <timestep time="7.41">
        <vehicle id="cfm-fast_0" eclass="HBEFA3/PC_G_EU4" CO2="154429.83" CO="3260.54" HC="18.71" NOx="71.88" PMx="4.07" fuel="66.38" electricity="0.00" noise="134.41" route="routebottom" type="cfm-fast" waiting="0.00" lane="right_1" pos="18.66" speed="40.56" angle="330.89" x="118.05" y="99.80"/>
        <vehicle id="cfm-fast_1" eclass="HBEFA3/PC_G_EU4" CO2="0.00" CO="0.00" HC="0.00" NOx="0.00" PMx="0.00" fuel="0.00" electricity="0.00" noise="69.76" route="routebottom" type="cfm-fast" waiting="0.00" lane="right_0" pos="28.74" speed="24.57" angle="312.77" x="106.16" y="117.51"/>
        <vehicle id="cfm-fast_2" eclass="HBEFA3/PC_G_EU4" CO2="0.00" CO="0.00" HC="0.00" NOx="0.00" PMx="0.00" fuel="0.00" electricity="0.00" noise="69.47" route="routebottom" type="cfm-fast" waiting="0.00" lane="right_0" pos="44.19" speed="23.17" angle="285.00" x="76.18" y="131.11"/>
        <vehicle id="cfm-fast_3" eclass="HBEFA3/PC_G_EU4" CO2="4571.77" CO="18.68" HC="0.20" NOx="1.55" PMx="0.07" fuel="1.97" electricity="0.00" noise="70.27" route="routetop" type="cfm-fast" waiting="0.00" lane="top_0" pos="8.26" speed="22.49" angle="259.54" x="45.99" y="129.95"/>
        <vehicle id="cfm-fast_4" eclass="HBEFA3/PC_G_EU4" CO2="0.00" CO="0.00" HC="0.00" NOx="0.00" PMx="0.00" fuel="0.00" electricity="0.00" noise="89.59" route="routetop" type="cfm-fast" waiting="0.00" lane="top_1" pos="31.01" speed="96.44" angle="218.64" x="9.65" y="100.35"/>
        <vehicle id="cfm-fast_5" eclass="HBEFA3/PC_G_EU4" CO2="8680.56" CO="103.46" HC="0.68" NOx="3.49" PMx="0.18" fuel="3.73" electricity="0.00" noise="71.87" route="routetop" type="cfm-fast" waiting="0.00" lane="top_0" pos="21.77" speed="22.66" angle="235.29" x="20.31" y="116.83"/>
        <vehicle id="cfm-slow_0" eclass="HBEFA3/PC_G_EU4" CO2="11161.96" CO="155.90" HC="0.99" NOx="4.64" PMx="0.25" fuel="4.80" electricity="0.00" noise="73.25" route="routetop" type="cfm-slow" waiting="0.00" lane="top_0" pos="35.52" speed="23.50" angle="210.61" x="2.06" y="93.85"/>
        <vehicle id="cfm-slow_1" eclass="HBEFA3/PC_G_EU4" CO2="13014.76" CO="196.95" HC="1.22" NOx="5.49" PMx="0.30" fuel="5.59" electricity="0.00" noise="74.41" route="routetop" type="cfm-slow" waiting="0.00" lane="left_0" pos="4.13" speed="24.68" angle="177.10" x="-4.35" y="54.70"/>
        <vehicle id="cfm-slow_2" eclass="HBEFA3/PC_G_EU4" CO2="15747.98" CO="258.03" HC="1.57" NOx="6.74" PMx="0.37" fuel="6.77" electricity="0.00" noise="75.97" route="routetop" type="cfm-slow" waiting="0.00" lane="left_0" pos="23.96" speed="26.05" angle="141.34" x="13.60" y="16.76"/>
        <vehicle id="cfm-slow_3" eclass="HBEFA3/PC_G_EU4" CO2="22079.61" CO="396.30" HC="2.36" NOx="9.70" PMx="0.54" fuel="9.49" electricity="0.00" noise="79.29" route="routetop" type="cfm-slow" waiting="0.00" lane="left_0" pos="45.17" speed="27.70" angle="103.30" x="53.21" y="-4.15"/>
        <vehicle id="cfm-slow_4" eclass="HBEFA3/PC_G_EU4" CO2="28366.90" CO="541.30" HC="3.18" NOx="12.61" PMx="0.72" fuel="12.19" electricity="0.00" noise="82.44" route="routebottom" type="cfm-slow" waiting="0.00" lane="bottom_0" pos="18.07" speed="30.10" angle="61.98" x="100.57" y="5.82"/>
        <vehicle id="cfm-slow_5" eclass="HBEFA3/PC_G_EU4" CO2="0.00" CO="0.00" HC="0.00" NOx="0.00" PMx="0.00" fuel="0.00" electricity="0.00" noise="74.24" route="routebottom" type="cfm-slow" waiting="0.00" lane="bottom_0" pos="43.44" speed="32.96" angle="16.36" x="130.80" y="49.55"/>
    </timestep>
    <timestep time="7.42">
        <vehicle id="cfm-fast_0" eclass="HBEFA3/PC_G_EU4" CO2="154983.82" CO="3274.16" HC="18.78" NOx="72.14" PMx="4.08" fuel="66.62" electricity="0.00" noise="134.48" route="routebottom" type="cfm-fast" waiting="0.00" lane="right_1" pos="19.07" speed="40.69" angle="330.12" x="117.59" y="100.49"/>
        <vehicle id="cfm-fast_1" eclass="HBEFA3/PC_G_EU4" CO2="0.00" CO="0.00" HC="0.00" NOx="0.00" PMx="0.00" fuel="0.00" electricity="0.00" noise="69.75" route="routebottom" type="cfm-fast" waiting="0.00" lane="right_0" pos="28.98" speed="24.55" angle="312.33" x="105.75" y="117.83"/>
        <vehicle id="cfm-fast_2" eclass="HBEFA3/PC_G_EU4" CO2="0.00" CO="0.00" HC="0.00" NOx="0.00" PMx="0.00" fuel="0.00" electricity="0.00" noise="69.47" route="routebottom" type="cfm-fast" waiting="0.00" lane="right_0" pos="44.42" speed="23.16" angle="284.56" x="75.69" y="131.20"/>
        <vehicle id="cfm-fast_3" eclass="HBEFA3/PC_G_EU4" CO2="4609.43" CO="19.45" HC="0.20" NOx="1.57" PMx="0.07" fuel="1.98" electricity="0.00" noise="70.28" route="routetop" type="cfm-fast" waiting="0.00" lane="top_0" pos="8.49" speed="22.50" angle="259.12" x="45.53" y="129.82"/>
        <vehicle id="cfm-fast_4" eclass="HBEFA3/PC_G_EU4" CO2="0.00" CO="0.00" HC="0.00" NOx="0.00" PMx="0.00" fuel="0.00" electricity="0.00" noise="89.45" route="routetop" type="cfm-fast" waiting="0.00" lane="top_1" pos="31.98" speed="96.39" angle="216.94" x="8.55" y="98.70"/>
        <vehicle id="cfm-fast_5" eclass="HBEFA3/PC_G_EU4" CO2="8702.73" CO="103.93" HC="0.69" NOx="3.50" PMx="0.18" fuel="3.74" electricity="0.00" noise="71.89" route="routetop" type="cfm-fast" waiting="0.00" lane="top_0" pos="22.00" speed="22.67" angle="234.88" x="19.93" y="116.52"/>
        <vehicle id="cfm-slow_0" eclass="HBEFA3/PC_G_EU4" CO2="11178.75" CO="156.27" HC="0.99" NOx="4.65" PMx="0.25" fuel="4.81" electricity="0.00" noise="73.27" route="routetop" type="cfm-slow" waiting="0.00" lane="top_0" pos="35.75" speed="23.51" angle="210.17" x="1.83" y="93.40"/>
        <vehicle id="cfm-slow_1" eclass="HBEFA3/PC_G_EU4" CO2="13039.17" CO="197.49" HC="1.22" NOx="5.50" PMx="0.30" fuel="5.60" electricity="0.00" noise="74.42" route="routetop" type="cfm-slow" waiting="0.00" lane="left_0" pos="4.38" speed="24.69" angle="176.65" x="-4.28" y="54.17"/>
        <vehicle id="cfm-slow_2" eclass="HBEFA3/PC_G_EU4" CO2="15804.18" CO="259.25" HC="1.57" NOx="6.77" PMx="0.37" fuel="6.79" electricity="0.00" noise="76.00" route="routetop" type="cfm-slow" waiting="0.00" lane="left_0" pos="24.22" speed="26.06" angle="140.87" x="13.98" y="16.35"/>
        <vehicle id="cfm-slow_3" eclass="HBEFA3/PC_G_EU4" CO2="22138.04" CO="397.63" HC="2.36" NOx="9.72" PMx="0.54" fuel="9.52" electricity="0.00" noise="79.32" route="routetop" type="cfm-slow" waiting="0.00" lane="left_0" pos="45.45" speed="27.73" angle="102.78" x="53.80" y="-4.23"/>
        <vehicle id="cfm-slow_4" eclass="HBEFA3/PC_G_EU4" CO2="28128.76" CO="536.61" HC="3.15" NOx="12.50" PMx="0.71" fuel="12.09" electricity="0.00" noise="82.32" route="routebottom" type="cfm-slow" waiting="0.00" lane="bottom_0" pos="18.37" speed="30.13" angle="61.41" x="101.11" y="6.18"/>
        <vehicle id="cfm-slow_5" eclass="HBEFA3/PC_G_EU4" CO2="0.00" CO="0.00" HC="0.00" NOx="0.00" PMx="0.00" fuel="0.00" electricity="0.00" noise="74.18" route="routebottom" type="cfm-slow" waiting="0.00" lane="bottom_0" pos="43.77" speed="32.95" angle="15.81" x="130.95" y="50.25"/>
    </timestep>
    <timestep time="7.43">
        <vehicle id="cfm-fast_0" eclass="HBEFA3/PC_G_EU4" CO2="155538.10" CO="3287.81" HC="18.86" NOx="72.40" PMx="4.10" fuel="66.86" electricity="0.00" noise="134.54" route="routebottom" type="cfm-fast" waiting="0.00" lane="right_1" pos="19.48" speed="40.83" angle="329.41" x="117.11" y="101.18"/>
        <vehicle id="cfm-fast_1" eclass="HBEFA3/PC_G_EU4" CO2="0.00" CO="0.00" HC="0.00" NOx="0.00" PMx="0.00" fuel="0.00" electricity="0.00" noise="69.75" route="routebottom" type="cfm-fast" waiting="0.00" lane="right_0" pos="29.23" speed="24.54" angle="311.88" x="105.33" y="118.16"/>
        <vehicle id="cfm-fast_2" eclass="HBEFA3/PC_G_EU4" CO2="0.00" CO="0.00" HC="0.00" NOx="0.00" PMx="0.00" fuel="0.00" electricity="0.00" noise="69.47" route="routebottom" type="cfm-fast" waiting="0.00" lane="right_0" pos="44.65" speed="23.15" angle="284.12" x="75.20" y="131.29"/>
        <vehicle id="cfm-fast_3" eclass="HBEFA3/PC_G_EU4" CO2="4646.97" CO="20.23" HC="0.21" NOx="1.59" PMx="0.07" fuel="2.00" electricity="0.00" noise="70.30" route="routetop" type="cfm-fast" waiting="0.00" lane="top_0" pos="8.71" speed="22.50" angle="258.71" x="45.06" y="129.70"/>
        <vehicle id="cfm-fast_4" eclass="HBEFA3/PC_G_EU4" CO2="0.00" CO="0.00" HC="0.00" NOx="0.00" PMx="0.00" fuel="0.00" electricity="0.00" noise="89.35" route="routetop" type="cfm-fast" waiting="0.00" lane="top_1" pos="32.94" speed="96.33" angle="215.23" x="7.52" y="97.02"/>
        <vehicle id="cfm-fast_5" eclass="HBEFA3/PC_G_EU4" CO2="8724.87" CO="104.39" HC="0.69" NOx="3.51" PMx="0.18" fuel="3.75" electricity="0.00" noise="71.90" route="routetop" type="cfm-fast" waiting="0.00" lane="top_0" pos="22.22" speed="22.67" angle="234.45" x="19.56" y="116.20"/>
        <vehicle id="cfm-slow_0" eclass="HBEFA3/PC_G_EU4" CO2="11195.61" CO="156.64" HC="0.99" NOx="4.65" PMx="0.25" fuel="4.81" electricity="0.00" noise="73.28" route="routetop" type="cfm-slow" waiting="0.00" lane="top_0" pos="35.99" speed="23.52" angle="209.80" x="1.61" y="92.94"/>
        <vehicle id="cfm-slow_1" eclass="HBEFA3/PC_G_EU4" CO2="13063.88" CO="198.04" HC="1.23" NOx="5.51" PMx="0.30" fuel="5.62" electricity="0.00" noise="74.44" route="routetop" type="cfm-slow" waiting="0.00" lane="left_0" pos="4.63" speed="24.71" angle="176.20" x="-4.21" y="53.65"/>
        <vehicle id="cfm-slow_2" eclass="HBEFA3/PC_G_EU4" CO2="15860.43" CO="260.48" HC="1.58" NOx="6.80" PMx="0.38" fuel="6.82" electricity="0.00" noise="76.03" route="routetop" type="cfm-slow" waiting="0.00" lane="left_0" pos="24.48" speed="26.08" angle="140.46" x="14.36" y="15.95"/>
        <vehicle id="cfm-slow_3" eclass="HBEFA3/PC_G_EU4" CO2="22193.98" CO="398.91" HC="2.37" NOx="9.75" PMx="0.55" fuel="9.54" electricity="0.00" noise="79.35" route="routetop" type="cfm-slow" waiting="0.00" lane="left_0" pos="45.72" speed="27.75" angle="102.27" x="54.40" y="-4.31"/>
        <vehicle id="cfm-slow_4" eclass="HBEFA3/PC_G_EU4" CO2="27886.75" CO="531.84" HC="3.12" NOx="12.38" PMx="0.70" fuel="11.99" electricity="0.00" noise="82.19" route="routebottom" type="cfm-slow" waiting="0.00" lane="bottom_0" pos="18.67" speed="30.16" angle="60.85" x="101.65" y="6.54"/>
        <vehicle id="cfm-slow_5" eclass="HBEFA3/PC_G_EU4" CO2="0.00" CO="0.00" HC="0.00" NOx="0.00" PMx="0.00" fuel="0.00" electricity="0.00" noise="74.12" route="routebottom" type="cfm-slow" waiting="0.00" lane="bottom_0" pos="44.10" speed="32.94" angle="15.19" x="131.07" y="50.94"/>
    </timestep>
    <timestep time="7.44">
        <vehicle id="cfm-fast_0" eclass="HBEFA3/PC_G_EU4" CO2="156092.67" CO="3301.48" HC="18.94" NOx="72.66" PMx="4.12" fuel="67.10" electricity="0.00" noise="134.61" route="routebottom" type="cfm-fast" waiting="0.00" lane="right_1" pos="19.89" speed="40.96" angle="328.65" x="116.62" y="101.86"/>
        <vehicle id="cfm-fast_1" eclass="HBEFA3/PC_G_EU4" CO2="0.00" CO="0.00" HC="0.00" NOx="0.00" PMx="0.00" fuel="0.00" electricity="0.00" noise="69.75" route="routebottom" type="cfm-fast" waiting="0.00" lane="right_0" pos="29.47" speed="24.53" angle="311.48" x="104.91" y="118.48"/>
        <vehicle id="cfm-fast_2" eclass="HBEFA3/PC_G_EU4" CO2="0.00" CO="0.00" HC="0.00" NOx="0.00" PMx="0.00" fuel="0.00" electricity="0.00" noise="69.48" route="routebottom" type="cfm-fast" waiting="0.00" lane="right_0" pos="44.89" speed="23.15" angle="283.75" x="74.71" y="131.38"/>
        <vehicle id="cfm-fast_3" eclass="HBEFA3/PC_G_EU4" CO2="4684.38" CO="21.00" HC="0.21" NOx="1.60" PMx="0.08" fuel="2.01" electricity="0.00" noise="70.31" route="routetop" type="cfm-fast" waiting="0.00" lane="top_0" pos="8.94" speed="22.50" angle="258.36" x="44.59" y="129.57"/>
        <vehicle id="cfm-fast_4" eclass="HBEFA3/PC_G_EU4" CO2="0.00" CO="0.00" HC="0.00" NOx="0.00" PMx="0.00" fuel="0.00" electricity="0.00" noise="89.27" route="routetop" type="cfm-fast" waiting="0.00" lane="top_1" pos="33.90" speed="96.28" angle="213.52" x="6.54" y="95.31"/>
        <vehicle id="cfm-fast_5" eclass="HBEFA3/PC_G_EU4" CO2="8746.98" CO="104.86" HC="0.69" NOx="3.52" PMx="0.18" fuel="3.76" electricity="0.00" noise="71.91" route="routetop" type="cfm-fast" waiting="0.00" lane="top_0" pos="22.45" speed="22.68" angle="234.03" x="19.19" y="115.89"/>
        <vehicle id="cfm-slow_0" eclass="HBEFA3/PC_G_EU4" CO2="11212.55" CO="157.01" HC="0.99" NOx="4.66" PMx="0.25" fuel="4.82" electricity="0.00" noise="73.29" route="routetop" type="cfm-slow" waiting="0.00" lane="top_0" pos="36.22" speed="23.53" angle="209.36" x="1.40" y="92.48"/>
        <vehicle id="cfm-slow_1" eclass="HBEFA3/PC_G_EU4" CO2="13088.87" CO="198.60" HC="1.23" NOx="5.52" PMx="0.30" fuel="5.63" electricity="0.00" noise="74.45" route="routetop" type="cfm-slow" waiting="0.00" lane="left_0" pos="4.88" speed="24.72" angle="175.75" x="-4.13" y="53.12"/>
        <vehicle id="cfm-slow_2" eclass="HBEFA3/PC_G_EU4" CO2="15916.71" CO="261.71" HC="1.59" NOx="6.82" PMx="0.38" fuel="6.84" electricity="0.00" noise="76.06" route="routetop" type="cfm-slow" waiting="0.00" lane="left_0" pos="24.74" speed="26.10" angle="139.98" x="14.76" y="15.55"/>
        <vehicle id="cfm-slow_3" eclass="HBEFA3/PC_G_EU4" CO2="22247.41" CO="400.15" HC="2.38" NOx="9.77" PMx="0.55" fuel="9.56" electricity="0.00" noise="79.38" route="routetop" type="cfm-slow" waiting="0.00" lane="left_0" pos="46.00" speed="27.77" angle="101.75" x="54.99" y="-4.39"/>
        <vehicle id="cfm-slow_4" eclass="HBEFA3/PC_G_EU4" CO2="27640.97" CO="526.99" HC="3.09" NOx="12.27" PMx="0.70" fuel="11.88" electricity="0.00" noise="82.07" route="routebottom" type="cfm-slow" waiting="0.00" lane="bottom_0" pos="18.97" speed="30.19" angle="60.28" x="102.19" y="6.90"/>
        <vehicle id="cfm-slow_5" eclass="HBEFA3/PC_G_EU4" CO2="0.00" CO="0.00" HC="0.00" NOx="0.00" PMx="0.00" fuel="0.00" electricity="0.00" noise="74.06" route="routebottom" type="cfm-slow" waiting="0.00" lane="bottom_0" pos="44.43" speed="32.93" angle="14.56" x="131.20" y="51.64"/>
    </timestep>
    <timestep time="7.45">
        <vehicle id="cfm-fast_0" eclass="HBEFA3/PC_G_EU4" CO2="156647.54" CO="3315.17" HC="19.01" NOx="72.92" PMx="4.13" fuel="67.33" electricity="0.00" noise="134.67" route="routebottom" type="cfm-fast" waiting="0.00" lane="right_1" pos="20.30" speed="41.10" angle="327.89" x="116.12" y="102.54"/>
        <vehicle id="cfm-fast_1" eclass="HBEFA3/PC_G_EU4" CO2="0.00" CO="0.00" HC="0.00" NOx="0.00" PMx="0.00" fuel="0.00" electricity="0.00" noise="69.74" route="routebottom" type="cfm-fast" waiting="0.00" lane="right_0" pos="29.72" speed="24.51" angle="311.04" x="104.49" y="118.79"/>
        <vehicle id="cfm-fast_2" eclass="HBEFA3/PC_G_EU4" CO2="0.00" CO="0.00" HC="0.00" NOx="0.00" PMx="0.00" fuel="0.00" electricity="0.00" noise="69.48" route="routebottom" type="cfm-fast" waiting="0.00" lane="right_0" pos="45.12" speed="23.14" angle="283.34" x="74.22" y="131.45"/>
        <vehicle id="cfm-fast_3" eclass="HBEFA3/PC_G_EU4" CO2="4721.67" CO="21.77" HC="0.21" NOx="1.62" PMx="0.08" fuel="2.03" electricity="0.00" noise="70.32" route="routetop" type="cfm-fast" waiting="0.00" lane="top_0" pos="9.16" speed="22.50" angle="257.96" x="44.13" y="129.43"/>
        <vehicle id="cfm-fast_4" eclass="HBEFA3/PC_G_EU4" CO2="0.00" CO="0.00" HC="0.00" NOx="0.00" PMx="0.00" fuel="0.00" electricity="0.00" noise="89.21" route="routetop" type="cfm-fast" waiting="0.00" lane="top_1" pos="34.86" speed="96.22" angle="211.83" x="5.60" y="93.57"/>
        <vehicle id="cfm-fast_5" eclass="HBEFA3/PC_G_EU4" CO2="8769.06" CO="105.33" HC="0.70" NOx="3.53" PMx="0.18" fuel="3.77" electricity="0.00" noise="71.92" route="routetop" type="cfm-fast" waiting="0.00" lane="top_0" pos="22.68" speed="22.69" angle="233.60" x="18.81" y="115.57"/>
        <vehicle id="cfm-slow_0" eclass="HBEFA3/PC_G_EU4" CO2="11229.57" CO="157.39" HC="0.99" NOx="4.67" PMx="0.25" fuel="4.83" electricity="0.00" noise="73.30" route="routetop" type="cfm-slow" waiting="0.00" lane="top_0" pos="36.46" speed="23.55" angle="208.91" x="1.20" y="92.02"/>
        <vehicle id="cfm-slow_1" eclass="HBEFA3/PC_G_EU4" CO2="13114.16" CO="199.16" HC="1.23" NOx="5.53" PMx="0.30" fuel="5.64" electricity="0.00" noise="74.47" route="routetop" type="cfm-slow" waiting="0.00" lane="left_0" pos="5.12" speed="24.74" angle="175.27" x="-4.06" y="52.59"/>
        <vehicle id="cfm-slow_2" eclass="HBEFA3/PC_G_EU4" CO2="15973.00" CO="262.94" HC="1.60" NOx="6.85" PMx="0.38" fuel="6.87" electricity="0.00" noise="76.09" route="routetop" type="cfm-slow" waiting="0.00" lane="left_0" pos="25.00" speed="26.11" angle="139.50" x="15.16" y="15.15"/>
        <vehicle id="cfm-slow_3" eclass="HBEFA3/PC_G_EU4" CO2="22298.32" CO="401.33" HC="2.38" NOx="9.80" PMx="0.55" fuel="9.58" electricity="0.00" noise="79.41" route="routetop" type="cfm-slow" waiting="0.00" lane="left_0" pos="46.28" speed="27.80" angle="101.30" x="55.58" y="-4.47"/>
        <vehicle id="cfm-slow_4" eclass="HBEFA3/PC_G_EU4" CO2="27391.55" CO="522.06" HC="3.06" NOx="12.15" PMx="0.69" fuel="11.77" electricity="0.00" noise="81.94" route="routebottom" type="cfm-slow" waiting="0.00" lane="bottom_0" pos="19.27" speed="30.22" angle="59.78" x="102.73" y="7.27"/>
        <vehicle id="cfm-slow_5" eclass="HBEFA3/PC_G_EU4" CO2="0.00" CO="0.00" HC="0.00" NOx="0.00" PMx="0.00" fuel="0.00" electricity="0.00" noise="74.01" route="routebottom" type="cfm-slow" waiting="0.00" lane="bottom_0" pos="44.75" speed="32.92" angle="13.94" x="131.33" y="52.34"/>
    </timestep>
    <timestep time="7.46">
        <vehicle id="cfm-fast_0" eclass="HBEFA3/PC_G_EU4" CO2="157202.69" CO="3328.88" HC="19.09" NOx="73.18" PMx="4.15" fuel="67.57" electricity="0.00" noise="134.74" route="routebottom" type="cfm-fast" waiting="0.00" lane="right_1" pos="20.71" speed="41.24" angle="327.18" x="115.61" y="103.22"/>
        <vehicle id="cfm-fast_1" eclass="HBEFA3/PC_G_EU4" CO2="0.00" CO="0.00" HC="0.00" NOx="0.00" PMx="0.00" fuel="0.00" electricity="0.00" noise="69.74" route="routebottom" type="cfm-fast" waiting="0.00" lane="right_0" pos="29.96" speed="24.50" angle="310.58" x="104.06" y="119.10"/>
        <vehicle id="cfm-fast_2" eclass="HBEFA3/PC_G_EU4" CO2="0.00" CO="0.00" HC="0.00" NOx="0.00" PMx="0.00" fuel="0.00" electricity="0.00" noise="69.49" route="routebottom" type="cfm-fast" waiting="0.00" lane="right_0" pos="45.35" speed="23.13" angle="282.93" x="73.73" y="131.52"/>
        <vehicle id="cfm-fast_3" eclass="HBEFA3/PC_G_EU4" CO2="4758.84" CO="22.54" HC="0.22" NOx="1.64" PMx="0.08" fuel="2.05" electricity="0.00" noise="70.33" route="routetop" type="cfm-fast" waiting="0.00" lane="top_0" pos="9.39" speed="22.50" angle="257.55" x="43.67" y="129.29"/>
        <vehicle id="cfm-fast_4" eclass="HBEFA3/PC_G_EU4" CO2="0.00" CO="0.00" HC="0.00" NOx="0.00" PMx="0.00" fuel="0.00" electricity="0.00" noise="89.16" route="routetop" type="cfm-fast" waiting="0.00" lane="top_1" pos="35.82" speed="96.15" angle="210.09" x="4.72" y="91.81"/>
        <vehicle id="cfm-fast_5" eclass="HBEFA3/PC_G_EU4" CO2="8791.11" CO="105.79" HC="0.70" NOx="3.54" PMx="0.18" fuel="3.78" electricity="0.00" noise="71.94" route="routetop" type="cfm-fast" waiting="0.00" lane="top_0" pos="22.90" speed="22.70" angle="233.18" x="18.44" y="115.26"/>
        <vehicle id="cfm-slow_0" eclass="HBEFA3/PC_G_EU4" CO2="11246.68" CO="157.76" HC="1.00" NOx="4.68" PMx="0.25" fuel="4.83" electricity="0.00" noise="73.31" route="routetop" type="cfm-slow" waiting="0.00" lane="top_0" pos="36.69" speed="23.56" angle="208.47" x="0.99" y="91.56"/>
        <vehicle id="cfm-slow_1" eclass="HBEFA3/PC_G_EU4" CO2="13139.73" CO="199.73" HC="1.24" NOx="5.54" PMx="0.30" fuel="5.65" electricity="0.00" noise="74.48" route="routetop" type="cfm-slow" waiting="0.00" lane="left_0" pos="5.37" speed="24.75" angle="174.82" x="-3.96" y="52.07"/>
        <vehicle id="cfm-slow_2" eclass="HBEFA3/PC_G_EU4" CO2="16029.27" CO="264.16" HC="1.60" NOx="6.87" PMx="0.38" fuel="6.89" electricity="0.00" noise="76.12" route="routetop" type="cfm-slow" waiting="0.00" lane="left_0" pos="25.26" speed="26.13" angle="139.02" x="15.56" y="14.75"/>
        <vehicle id="cfm-slow_3" eclass="HBEFA3/PC_G_EU4" CO2="22346.70" CO="402.45" HC="2.39" NOx="9.82" PMx="0.55" fuel="9.61" electricity="0.00" noise="79.43" route="routetop" type="cfm-slow" waiting="0.00" lane="left_0" pos="46.56" speed="27.82" angle="100.79" x="56.18" y="-4.53"/>
        <vehicle id="cfm-slow_4" eclass="HBEFA3/PC_G_EU4" CO2="27138.60" CO="517.06" HC="3.04" NOx="12.03" PMx="0.68" fuel="11.67" electricity="0.00" noise="81.81" route="routebottom" type="cfm-slow" waiting="0.00" lane="bottom_0" pos="19.58" speed="30.24" angle="59.22" x="103.26" y="7.65"/>
        <vehicle id="cfm-slow_5" eclass="HBEFA3/PC_G_EU4" CO2="0.00" CO="0.00" HC="0.00" NOx="0.00" PMx="0.00" fuel="0.00" electricity="0.00" noise="73.97" route="routebottom" type="cfm-slow" waiting="0.00" lane="bottom_0" pos="45.08" speed="32.90" angle="13.41" x="131.44" y="53.04"/>
    </timestep>
    <timestep time="7.47">
        <vehicle id="cfm-fast_0" eclass="HBEFA3/PC_G_EU4" CO2="157758.14" CO="3342.61" HC="19.17" NOx="73.44" PMx="4.16" fuel="67.81" electricity="0.00" noise="134.80" route="routebottom" type="cfm-fast" waiting="0.00" lane="right_1" pos="21.13" speed="41.37" angle="326.43" x="115.09" y="103.89"/>
        <vehicle id="cfm-fast_1" eclass="HBEFA3/PC_G_EU4" CO2="0.00" CO="0.00" HC="0.00" NOx="0.00" PMx="0.00" fuel="0.00" electricity="0.00" noise="69.73" route="routebottom" type="cfm-fast" waiting="0.00" lane="right_0" pos="30.21" speed="24.49" angle="310.13" x="103.63" y="119.41"/>
        <vehicle id="cfm-fast_2" eclass="HBEFA3/PC_G_EU4" CO2="0.00" CO="0.00" HC="0.00" NOx="0.00" PMx="0.00" fuel="0.00" electricity="0.00" noise="69.49" route="routebottom" type="cfm-fast" waiting="0.00" lane="right_0" pos="45.58" speed="23.13" angle="282.51" x="73.24" y="131.59"/>
        <vehicle id="cfm-fast_3" eclass="HBEFA3/PC_G_EU4" CO2="4795.89" CO="23.30" HC="0.22" NOx="1.66" PMx="0.08" fuel="2.06" electricity="0.00" noise="70.35" route="routetop" type="cfm-fast" waiting="0.00" lane="top_0" pos="9.61" speed="22.51" angle="257.14" x="43.20" y="129.14"/>
        <vehicle id="cfm-fast_4" eclass="HBEFA3/PC_G_EU4" CO2="0.00" CO="0.00" HC="0.00" NOx="0.00" PMx="0.00" fuel="0.00" electricity="0.00" noise="89.12" route="routetop" type="cfm-fast" waiting="0.00" lane="top_1" pos="36.79" speed="96.09" angle="208.31" x="3.91" y="90.01"/>
        <vehicle id="cfm-fast_5" eclass="HBEFA3/PC_G_EU4" CO2="8813.12" CO="106.26" HC="0.70" NOx="3.55" PMx="0.18" fuel="3.79" electricity="0.00" noise="71.95" route="routetop" type="cfm-fast" waiting="0.00" lane="top_0" pos="23.13" speed="22.71" angle="232.84" x="18.07" y="114.94"/>
        <vehicle id="cfm-slow_0" eclass="HBEFA3/PC_G_EU4" CO2="11263.87" CO="158.14" HC="1.00" NOx="4.68" PMx="0.25" fuel="4.84" electricity="0.00" noise="73.32" route="routetop" type="cfm-slow" waiting="0.00" lane="top_0" pos="36.93" speed="23.57" angle="208.03" x="0.78" y="91.10"/>
        <vehicle id="cfm-slow_1" eclass="HBEFA3/PC_G_EU4" CO2="13165.58" CO="200.30" HC="1.24" NOx="5.55" PMx="0.30" fuel="5.66" electricity="0.00" noise="74.50" route="routetop" type="cfm-slow" waiting="0.00" lane="left_0" pos="5.62" speed="24.76" angle="174.37" x="-3.87" y="51.55"/>
        <vehicle id="cfm-slow_2" eclass="HBEFA3/PC_G_EU4" CO2="16085.50" CO="265.39" HC="1.61" NOx="6.90" PMx="0.38" fuel="6.91" electricity="0.00" noise="76.15" route="routetop" type="cfm-slow" waiting="0.00" lane="left_0" pos="25.52" speed="26.15" angle="138.55" x="15.95" y="14.36"/>
        <vehicle id="cfm-slow_3" eclass="HBEFA3/PC_G_EU4" CO2="22392.53" CO="403.53" HC="2.40" NOx="9.84" PMx="0.55" fuel="9.63" electricity="0.00" noise="79.46" route="routetop" type="cfm-slow" waiting="0.00" lane="left_0" pos="46.84" speed="27.84" angle="100.28" x="56.77" y="-4.59"/>
        <vehicle id="cfm-slow_4" eclass="HBEFA3/PC_G_EU4" CO2="26882.24" CO="511.98" HC="3.01" NOx="11.91" PMx="0.68" fuel="11.56" electricity="0.00" noise="81.69" route="routebottom" type="cfm-slow" waiting="0.00" lane="bottom_0" pos="19.88" speed="30.27" angle="58.66" x="103.79" y="8.03"/>
        <vehicle id="cfm-slow_5" eclass="HBEFA3/PC_G_EU4" CO2="0.00" CO="0.00" HC="0.00" NOx="0.00" PMx="0.00" fuel="0.00" electricity="0.00" noise="73.92" route="routebottom" type="cfm-slow" waiting="0.00" lane="bottom_0" pos="45.41" speed="32.89" angle="12.81" x="131.54" y="53.74"/>
    </timestep>
    <timestep time="7.48">
        <vehicle id="cfm-fast_0" eclass="HBEFA3/PC_G_EU4" CO2="158313.88" CO="3356.36" HC="19.24" NOx="73.70" PMx="4.18" fuel="68.05" electricity="0.00" noise="134.87" route="routebottom" type="cfm-fast" waiting="0.00" lane="right_1" pos="21.54" speed="41.51" angle="325.67" x="114.57" y="104.56"/>
        <vehicle id="cfm-fast_1" eclass="HBEFA3/PC_G_EU4" CO2="0.00" CO="0.00" HC="0.00" NOx="0.00" PMx="0.00" fuel="0.00" electricity="0.00" noise="69.73" route="routebottom" type="cfm-fast" waiting="0.00" lane="right_0" pos="30.45" speed="24.47" angle="309.67" x="103.20" y="119.71"/>
        <vehicle id="cfm-fast_2" eclass="HBEFA3/PC_G_EU4" CO2="0.00" CO="0.00" HC="0.00" NOx="0.00" PMx="0.00" fuel="0.00" electricity="0.00" noise="69.50" route="routebottom" type="cfm-fast" waiting="0.00" lane="right_0" pos="45.81" speed="23.12" angle="282.09" x="72.74" y="131.66"/>
        <vehicle id="cfm-fast_3" eclass="HBEFA3/PC_G_EU4" CO2="4832.82" CO="24.06" HC="0.23" NOx="1.67" PMx="0.08" fuel="2.08" electricity="0.00" noise="70.36" route="routetop" type="cfm-fast" waiting="0.00" lane="top_0" pos="9.84" speed="22.51" angle="256.73" x="42.74" y="129.00"/>
        <vehicle id="cfm-fast_4" eclass="HBEFA3/PC_G_EU4" CO2="0.00" CO="0.00" HC="0.00" NOx="0.00" PMx="0.00" fuel="0.00" electricity="0.00" noise="89.09" route="routetop" type="cfm-fast" waiting="0.00" lane="top_1" pos="37.75" speed="96.02" angle="206.56" x="3.15" y="88.20"/>
        <vehicle id="cfm-fast_5" eclass="HBEFA3/PC_G_EU4" CO2="8835.11" CO="106.72" HC="0.70" NOx="3.56" PMx="0.18" fuel="3.80" electricity="0.00" noise="71.96" route="routetop" type="cfm-fast" waiting="0.00" lane="top_0" pos="23.36" speed="22.72" angle="232.43" x="17.71" y="114.61"/>
        <vehicle id="cfm-slow_0" eclass="HBEFA3/PC_G_EU4" CO2="11281.14" CO="158.52" HC="1.00" NOx="4.69" PMx="0.25" fuel="4.85" electricity="0.00" noise="73.33" route="routetop" type="cfm-slow" waiting="0.00" lane="top_0" pos="37.16" speed="23.58" angle="207.64" x="0.57" y="90.63"/>
        <vehicle id="cfm-slow_1" eclass="HBEFA3/PC_G_EU4" CO2="13191.72" CO="200.88" HC="1.24" NOx="5.57" PMx="0.30" fuel="5.67" electricity="0.00" noise="74.51" route="routetop" type="cfm-slow" waiting="0.00" lane="left_0" pos="5.87" speed="24.78" angle="173.92" x="-3.77" y="51.02"/>
        <vehicle id="cfm-slow_2" eclass="HBEFA3/PC_G_EU4" CO2="16141.67" CO="266.62" HC="1.62" NOx="6.93" PMx="0.38" fuel="6.94" electricity="0.00" noise="76.18" route="routetop" type="cfm-slow" waiting="0.00" lane="left_0" pos="25.79" speed="26.16" angle="138.12" x="16.36" y="13.97"/>
        <vehicle id="cfm-slow_3" eclass="HBEFA3/PC_G_EU4" CO2="22435.82" CO="404.56" HC="2.40" NOx="9.86" PMx="0.55" fuel="9.64" electricity="0.00" noise="79.48" route="routetop" type="cfm-slow" waiting="0.00" lane="left_0" pos="47.11" speed="27.87" angle="99.77" x="57.37" y="-4.65"/>
        <vehicle id="cfm-slow_4" eclass="HBEFA3/PC_G_EU4" CO2="26622.60" CO="506.84" HC="2.98" NOx="11.78" PMx="0.67" fuel="11.44" electricity="0.00" noise="81.56" route="routebottom" type="cfm-slow" waiting="0.00" lane="bottom_0" pos="20.18" speed="30.30" angle="58.10" x="104.32" y="8.41"/>
        <vehicle id="cfm-slow_5" eclass="HBEFA3/PC_G_EU4" CO2="0.00" CO="0.00" HC="0.00" NOx="0.00" PMx="0.00" fuel="0.00" electricity="0.00" noise="73.88" route="routebottom" type="cfm-slow" waiting="0.00" lane="bottom_0" pos="45.74" speed="32.88" angle="12.22" x="131.64" y="54.44"/>
    </timestep>
    <timestep time="7.49">
        <vehicle id="cfm-fast_0" eclass="HBEFA3/PC_G_EU4" CO2="158869.92" CO="3370.14" HC="19.32" NOx="73.96" PMx="4.19" fuel="68.29" electricity="0.00" noise="134.94" route="routebottom" type="cfm-fast" waiting="0.00" lane="right_1" pos="21.96" speed="41.65" angle="324.96" x="114.03" y="105.22"/>
        <vehicle id="cfm-fast_1" eclass="HBEFA3/PC_G_EU4" CO2="0.00" CO="0.00" HC="0.00" NOx="0.00" PMx="0.00" fuel="0.00" electricity="0.00" noise="69.72" route="routebottom" type="cfm-fast" waiting="0.00" lane="right_0" pos="30.70" speed="24.46" angle="309.24" x="102.78" y="120.02"/>
        <vehicle id="cfm-fast_2" eclass="HBEFA3/PC_G_EU4" CO2="0.00" CO="0.00" HC="0.00" NOx="0.00" PMx="0.00" fuel="0.00" electricity="0.00" noise="69.50" route="routebottom" type="cfm-fast" waiting="0.00" lane="right_0" pos="46.04" speed="23.11" angle="281.68" x="72.25" y="131.73"/>
        <vehicle id="cfm-fast_3" eclass="HBEFA3/PC_G_EU4" CO2="4869.63" CO="24.82" HC="0.23" NOx="1.69" PMx="0.08" fuel="2.09" electricity="0.00" noise="70.37" route="routetop" type="cfm-fast" waiting="0.00" lane="top_0" pos="10.06" speed="22.51" angle="256.32" x="42.28" y="128.86"/>
        <vehicle id="cfm-fast_4" eclass="HBEFA3/PC_G_EU4" CO2="0.00" CO="0.00" HC="0.00" NOx="0.00" PMx="0.00" fuel="0.00" electricity="0.00" noise="89.06" route="routetop" type="cfm-fast" waiting="0.00" lane="top_1" pos="38.71" speed="95.95" angle="204.82" x="2.44" y="86.36"/>
        <vehicle id="cfm-fast_5" eclass="HBEFA3/PC_G_EU4" CO2="8857.08" CO="107.18" HC="0.71" NOx="3.57" PMx="0.18" fuel="3.81" electricity="0.00" noise="71.97" route="routetop" type="cfm-fast" waiting="0.00" lane="top_0" pos="23.59" speed="22.73" angle="232.02" x="17.35" y="114.27"/>
        <vehicle id="cfm-slow_0" eclass="HBEFA3/PC_G_EU4" CO2="11298.51" CO="158.90" HC="1.00" NOx="4.70" PMx="0.25" fuel="4.86" electricity="0.00" noise="73.34" route="routetop" type="cfm-slow" waiting="0.00" lane="top_0" pos="37.40" speed="23.59" angle="207.23" x="0.38" y="90.16"/>
        <vehicle id="cfm-slow_1" eclass="HBEFA3/PC_G_EU4" CO2="13218.14" CO="201.47" HC="1.25" NOx="5.58" PMx="0.30" fuel="5.68" electricity="0.00" noise="74.53" route="routetop" type="cfm-slow" waiting="0.00" lane="left_0" pos="6.11" speed="24.79" angle="173.46" x="-3.67" y="50.50"/>
        <vehicle id="cfm-slow_2" eclass="HBEFA3/PC_G_EU4" CO2="16197.76" CO="267.85" HC="1.62" NOx="6.95" PMx="0.38" fuel="6.96" electricity="0.00" noise="76.21" route="routetop" type="cfm-slow" waiting="0.00" lane="left_0" pos="26.05" speed="26.18" angle="137.64" x="16.77" y="13.59"/>
        <vehicle id="cfm-slow_3" eclass="HBEFA3/PC_G_EU4" CO2="22476.55" CO="405.53" HC="2.41" NOx="9.88" PMx="0.55" fuel="9.66" electricity="0.00" noise="79.50" route="routetop" type="cfm-slow" waiting="0.00" lane="left_0" pos="47.39" speed="27.89" angle="99.28" x="57.97" y="-4.71"/>
        <vehicle id="cfm-slow_4" eclass="HBEFA3/PC_G_EU4" CO2="26359.77" CO="501.63" HC="2.95" NOx="11.66" PMx="0.66" fuel="11.33" electricity="0.00" noise="81.43" route="routebottom" type="cfm-slow" waiting="0.00" lane="bottom_0" pos="20.48" speed="30.32" angle="57.60" x="104.85" y="8.79"/>
        <vehicle id="cfm-slow_5" eclass="HBEFA3/PC_G_EU4" CO2="0.00" CO="0.00" HC="0.00" NOx="0.00" PMx="0.00" fuel="0.00" electricity="0.00" noise="73.84" route="routebottom" type="cfm-slow" waiting="0.00" lane="bottom_0" pos="46.07" speed="32.86" angle="11.63" x="131.74" y="55.14"/>
    </timestep>
    <timestep time="7.50">
        <vehicle id="cfm-fast_0" eclass="HBEFA3/PC_G_EU4" CO2="159426.24" CO="3383.94" HC="19.40" NOx="74.22" PMx="4.21" fuel="68.53" electricity="0.00" noise="135.00" route="routebottom" type="cfm-fast" waiting="0.00" lane="right_1" pos="22.37" speed="41.78" angle="324.20" x="113.48" y="105.88"/>
        <vehicle id="cfm-fast_1" eclass="HBEFA3/PC_G_EU4" CO2="0.00" CO="0.00" HC="0.00" NOx="0.00" PMx="0.00" fuel="0.00" electricity="0.00" noise="69.72" route="routebottom" type="cfm-fast" waiting="0.00" lane="right_0" pos="30.94" speed="24.45" angle="308.83" x="102.34" y="120.32"/>
        <vehicle id="cfm-fast_2" eclass="HBEFA3/PC_G_EU4" CO2="0.00" CO="0.00" HC="0.00" NOx="0.00" PMx="0.00" fuel="0.00" electricity="0.00" noise="69.51" route="routebottom" type="cfm-fast" waiting="0.00" lane="right_0" pos="46.27" speed="23.11" angle="281.32" x="71.76" y="131.80"/>
        <vehicle id="cfm-fast_3" eclass="HBEFA3/PC_G_EU4" CO2="4906.32" CO="25.58" HC="0.24" NOx="1.71" PMx="0.08" fuel="2.11" electricity="0.00" noise="70.39" route="routetop" type="cfm-fast" waiting="0.00" lane="top_0" pos="10.29" speed="22.51" angle="255.98" x="41.82" y="128.71"/>
        <vehicle id="cfm-fast_4" eclass="HBEFA3/PC_G_EU4" CO2="0.00" CO="0.00" HC="0.00" NOx="0.00" PMx="0.00" fuel="0.00" electricity="0.00" noise="89.04" route="routetop" type="cfm-fast" waiting="0.00" lane="top_1" pos="39.66" speed="95.88" angle="203.10" x="1.77" y="84.51"/>
        <vehicle id="cfm-fast_5" eclass="HBEFA3/PC_G_EU4" CO2="8879.01" CO="107.65" HC="0.71" NOx="3.58" PMx="0.19" fuel="3.82" electricity="0.00" noise="71.99" route="routetop" type="cfm-fast" waiting="0.00" lane="top_0" pos="23.81" speed="22.73" angle="231.61" x="17.00" y="113.94"/>
        <vehicle id="cfm-slow_0" eclass="HBEFA3/PC_G_EU4" CO2="11315.96" CO="159.29" HC="1.01" NOx="4.71" PMx="0.25" fuel="4.86" electricity="0.00" noise="73.35" route="routetop" type="cfm-slow" waiting="0.00" lane="top_0" pos="37.64" speed="23.61" angle="206.80" x="0.19" y="89.69"/>
        <vehicle id="cfm-slow_1" eclass="HBEFA3/PC_G_EU4" CO2="13244.83" CO="202.06" HC="1.25" NOx="5.59" PMx="0.30" fuel="5.69" electricity="0.00" noise="74.55" route="routetop" type="cfm-slow" waiting="0.00" lane="left_0" pos="6.36" speed="24.81" angle="173.06" x="-3.58" y="49.97"/>
        <vehicle id="cfm-slow_2" eclass="HBEFA3/PC_G_EU4" CO2="16253.75" CO="269.07" HC="1.63" NOx="6.98" PMx="0.39" fuel="6.99" electricity="0.00" noise="76.24" route="routetop" type="cfm-slow" waiting="0.00" lane="left_0" pos="26.31" speed="26.20" angle="137.15" x="17.19" y="13.20"/>
        <vehicle id="cfm-slow_3" eclass="HBEFA3/PC_G_EU4" CO2="22514.71" CO="406.45" HC="2.41" NOx="9.90" PMx="0.55" fuel="9.68" electricity="0.00" noise="79.52" route="routetop" type="cfm-slow" waiting="0.00" lane="left_0" pos="47.67" speed="27.92" angle="98.79" x="58.57" y="-4.75"/>
        <vehicle id="cfm-slow_4" eclass="HBEFA3/PC_G_EU4" CO2="26093.88" CO="496.35" HC="2.91" NOx="11.53" PMx="0.66" fuel="11.22" electricity="0.00" noise="81.30" route="routebottom" type="cfm-slow" waiting="0.00" lane="bottom_0" pos="20.79" speed="30.35" angle="57.06" x="105.36" y="9.19"/>
        <vehicle id="cfm-slow_5" eclass="HBEFA3/PC_G_EU4" CO2="0.00" CO="0.00" HC="0.00" NOx="0.00" PMx="0.00" fuel="0.00" electricity="0.00" noise="73.80" route="routebottom" type="cfm-slow" waiting="0.00" lane="bottom_0" pos="46.40" speed="32.85" angle="11.08" x="131.83" y="55.84"/>
    </timestep>
    <timestep time="7.51">
        <vehicle id="cfm-fast_0" eclass="HBEFA3/PC_G_EU4" CO2="159982.86" CO="3397.75" HC="19.47" NOx="74.48" PMx="4.22" fuel="68.77" electricity="0.00" noise="135.07" route="routebottom" type="cfm-fast" waiting="0.00" lane="right_1" pos="22.79" speed="41.92" angle="323.43" x="112.93" y="106.53"/>
        <vehicle id="cfm-fast_1" eclass="HBEFA3/PC_G_EU4" CO2="0.00" CO="0.00" HC="0.00" NOx="0.00" PMx="0.00" fuel="0.00" electricity="0.00" noise="69.72" route="routebottom" type="cfm-fast" waiting="0.00" lane="right_0" pos="31.19" speed="24.43" angle="308.39" x="101.91" y="120.61"/>
        <vehicle id="cfm-fast_2" eclass="HBEFA3/PC_G_EU4" CO2="0.00" CO="0.00" HC="0.00" NOx="0.00" PMx="0.00" fuel="0.00" electricity="0.00" noise="69.51" route="routebottom" type="cfm-fast" waiting="0.00" lane="right_0" pos="46.50" speed="23.10" angle="280.89" x="71.26" y="131.85"/>
        <vehicle id="cfm-fast_3" eclass="HBEFA3/PC_G_EU4" CO2="4942.89" CO="26.34" HC="0.24" NOx="1.73" PMx="0.08" fuel="2.12" electricity="0.00" noise="70.40" route="routetop" type="cfm-fast" waiting="0.00" lane="top_0" pos="10.51" speed="22.51" angle="255.55" x="41.36" y="128.54"/>
        <vehicle id="cfm-fast_4" eclass="HBEFA3/PC_G_EU4" CO2="0.00" CO="0.00" HC="0.00" NOx="0.00" PMx="0.00" fuel="0.00" electricity="0.00" noise="89.02" route="routetop" type="cfm-fast" waiting="0.00" lane="top_1" pos="40.62" speed="95.80" angle="201.35" x="1.18" y="82.64"/>
        <vehicle id="cfm-fast_5" eclass="HBEFA3/PC_G_EU4" CO2="8900.92" CO="108.11" HC="0.71" NOx="3.59" PMx="0.19" fuel="3.83" electricity="0.00" noise="72.00" route="routetop" type="cfm-fast" waiting="0.00" lane="top_0" pos="24.04" speed="22.74" angle="231.20" x="16.64" y="113.61"/>
        <vehicle id="cfm-slow_0" eclass="HBEFA3/PC_G_EU4" CO2="11333.50" CO="159.67" HC="1.01" NOx="4.72" PMx="0.25" fuel="4.87" electricity="0.00" noise="73.37" route="routetop" type="cfm-slow" waiting="0.00" lane="top_0" pos="37.87" speed="23.62" angle="206.36" x="0.00" y="89.22"/>
        <vehicle id="cfm-slow_1" eclass="HBEFA3/PC_G_EU4" CO2="13271.79" CO="202.66" HC="1.25" NOx="5.60" PMx="0.30" fuel="5.70" electricity="0.00" noise="74.56" route="routetop" type="cfm-slow" waiting="0.00" lane="left_0" pos="6.61" speed="24.82" angle="172.59" x="-3.46" y="49.45"/>
        <vehicle id="cfm-slow_2" eclass="HBEFA3/PC_G_EU4" CO2="16309.61" CO="270.29" HC="1.64" NOx="7.01" PMx="0.39" fuel="7.01" electricity="0.00" noise="76.26" route="routetop" type="cfm-slow" waiting="0.00" lane="left_0" pos="26.57" speed="26.21" angle="136.66" x="17.60" y="12.82"/>
        <vehicle id="cfm-slow_3" eclass="HBEFA3/PC_G_EU4" CO2="22550.29" CO="407.32" HC="2.42" NOx="9.91" PMx="0.56" fuel="9.69" electricity="0.00" noise="79.54" route="routetop" type="cfm-slow" waiting="0.00" lane="left_0" pos="47.95" speed="27.94" angle="98.25" x="59.17" y="-4.79"/>
        <vehicle id="cfm-slow_4" eclass="HBEFA3/PC_G_EU4" CO2="25825.03" CO="491.01" HC="2.88" NOx="11.40" PMx="0.65" fuel="11.10" electricity="0.00" noise="81.16" route="routebottom" type="cfm-slow" waiting="0.00" lane="bottom_0" pos="21.09" speed="30.37" angle="56.51" x="105.88" y="9.59"/>
        <vehicle id="cfm-slow_5" eclass="HBEFA3/PC_G_EU4" CO2="0.00" CO="0.00" HC="0.00" NOx="0.00" PMx="0.00" fuel="0.00" electricity="0.00" noise="73.77" route="routebottom" type="cfm-slow" waiting="0.00" lane="bottom_0" pos="46.73" speed="32.83" angle="10.48" x="131.90" y="56.54"/>
    </timestep>
    <timestep time="7.52">
        <vehicle id="cfm-fast_0" eclass="HBEFA3/PC_G_EU4" CO2="160539.77" CO="3411.59" HC="19.55" NOx="74.74" PMx="4.24" fuel="69.01" electricity="0.00" noise="135.13" route="routebottom" type="cfm-fast" waiting="0.00" lane="right_1" pos="23.21" speed="42.06" angle="322.74" x="112.36" y="107.18"/>
        <vehicle id="cfm-fast_1" eclass="HBEFA3/PC_G_EU4" CO2="0.00" CO="0.00" HC="0.00" NOx="0.00" PMx="0.00" fuel="0.00" electricity="0.00" noise="69.71" route="routebottom" type="cfm-fast" waiting="0.00" lane="right_0" pos="31.43" speed="24.42" angle="307.95" x="101.47" y="120.90"/>
        <vehicle id="cfm-fast_2" eclass="HBEFA3/PC_G_EU4" CO2="0.00" CO="0.00" HC="0.00" NOx="0.00" PMx="0.00" fuel="0.00" electricity="0.00" noise="69.52" route="routebottom" type="cfm-fast" waiting="0.00" lane="right_0" pos="46.74" speed="23.10" angle="280.47" x="70.77" y="131.90"/>
        <vehicle id="cfm-fast_3" eclass="HBEFA3/PC_G_EU4" CO2="4979.34" CO="27.09" HC="0.24" NOx="1.74" PMx="0.08" fuel="2.14" electricity="0.00" noise="70.41" route="routetop" type="cfm-fast" waiting="0.00" lane="top_0" pos="10.74" speed="22.52" angle="255.12" x="40.91" y="128.38"/>
        <vehicle id="cfm-fast_4" eclass="HBEFA3/PC_G_EU4" CO2="0.00" CO="0.00" HC="0.00" NOx="0.00" PMx="0.00" fuel="0.00" electricity="0.00" noise="89.00" route="routetop" type="cfm-fast" waiting="0.00" lane="top_1" pos="41.58" speed="95.72" angle="199.64" x="0.64" y="80.75"/>
        <vehicle id="cfm-fast_5" eclass="HBEFA3/PC_G_EU4" CO2="8922.81" CO="108.57" HC="0.71" NOx="3.60" PMx="0.19" fuel="3.84" electricity="0.00" noise="72.01" route="routetop" type="cfm-fast" waiting="0.00" lane="top_0" pos="24.27" speed="22.75" angle="230.81" x="16.28" y="113.28"/>
        <vehicle id="cfm-slow_0" eclass="HBEFA3/PC_G_EU4" CO2="11351.13" CO="160.06" HC="1.01" NOx="4.72" PMx="0.25" fuel="4.88" electricity="0.00" noise="73.38" route="routetop" type="cfm-slow" waiting="0.00" lane="top_0" pos="38.11" speed="23.63" angle="205.93" x="-0.19" y="88.75"/>
        <vehicle id="cfm-slow_1" eclass="HBEFA3/PC_G_EU4" CO2="13299.02" CO="203.26" HC="1.26" NOx="5.62" PMx="0.31" fuel="5.72" electricity="0.00" noise="74.58" route="routetop" type="cfm-slow" waiting="0.00" lane="left_0" pos="6.86" speed="24.83" angle="172.11" x="-3.34" y="48.93"/>
        <vehicle id="cfm-slow_2" eclass="HBEFA3/PC_G_EU4" CO2="16365.32" CO="271.51" HC="1.64" NOx="7.03" PMx="0.39" fuel="7.03" electricity="0.00" noise="76.29" route="routetop" type="cfm-slow" waiting="0.00" lane="left_0" pos="26.83" speed="26.23" angle="136.20" x="18.02" y="12.44"/>
        <vehicle id="cfm-slow_3" eclass="HBEFA3/PC_G_EU4" CO2="22583.30" CO="408.13" HC="2.42" NOx="9.93" PMx="0.56" fuel="9.71" electricity="0.00" noise="79.55" route="routetop" type="cfm-slow" waiting="0.00" lane="left_0" pos="48.23" speed="27.96" angle="97.71" x="59.77" y="-4.82"/>
        <vehicle id="cfm-slow_4" eclass="HBEFA3/PC_G_EU4" CO2="25553.35" CO="485.60" HC="2.85" NOx="11.28" PMx="0.64" fuel="10.98" electricity="0.00" noise="81.03" route="routebottom" type="cfm-slow" waiting="0.00" lane="bottom_0" pos="21.40" speed="30.40" angle="55.95" x="106.39" y="9.99"/>
        <vehicle id="cfm-slow_5" eclass="HBEFA3/PC_G_EU4" CO2="0.00" CO="0.00" HC="0.00" NOx="0.00" PMx="0.00" fuel="0.00" electricity="0.00" noise="73.73" route="routebottom" type="cfm-slow" waiting="0.00" lane="bottom_0" pos="47.06" speed="32.82" angle="9.88" x="131.97" y="57.24"/>
    </timestep>
    <timestep time="7.53">
        <vehicle id="cfm-fast_0" eclass="HBEFA3/PC_G_EU4" CO2="161096.97" CO="3425.46" HC="19.63" NOx="75.00" PMx="4.26" fuel="69.25" electricity="0.00" noise="135.20" route="routebottom" type="cfm-fast" waiting="0.00" lane="right_1" pos="23.64" speed="42.19" angle="321.97" x="111.77" y="107.82"/>
        <vehicle id="cfm-fast_1" eclass="HBEFA3/PC_G_EU4" CO2="0.00" CO="0.00" HC="0.00" NOx="0.00" PMx="0.00" fuel="0.00" electricity="0.00" noise="69.71" route="routebottom" type="cfm-fast" waiting="0.00" lane="right_0" pos="31.68" speed="24.41" angle="307.51" x="101.03" y="121.20"/>
        <vehicle id="cfm-fast_2" eclass="HBEFA3/PC_G_EU4" CO2="0.00" CO="0.00" HC="0.00" NOx="0.00" PMx="0.00" fuel="0.00" electricity="0.00" noise="69.52" route="routebottom" type="cfm-fast" waiting="0.00" lane="right_0" pos="46.97" speed="23.09" angle="280.04" x="70.28" y="131.95"/>
        <vehicle id="cfm-fast_3" eclass="HBEFA3/PC_G_EU4" CO2="5015.67" CO="27.84" HC="0.25" NOx="1.76" PMx="0.08" fuel="2.16" electricity="0.00" noise="70.42" route="routetop" type="cfm-fast" waiting="0.00" lane="top_0" pos="10.96" speed="22.52" angle="254.70" x="40.45" y="128.21"/>
        <vehicle id="cfm-fast_4" eclass="HBEFA3/PC_G_EU4" CO2="0.00" CO="0.00" HC="0.00" NOx="0.00" PMx="0.00" fuel="0.00" electricity="0.00" noise="88.98" route="routetop" type="cfm-fast" waiting="0.00" lane="top_1" pos="42.54" speed="95.65" angle="197.95" x="0.15" y="78.85"/>
        <vehicle id="cfm-fast_5" eclass="HBEFA3/PC_G_EU4" CO2="8944.67" CO="109.03" HC="0.72" NOx="3.61" PMx="0.19" fuel="3.84" electricity="0.00" noise="72.02" route="routetop" type="cfm-fast" waiting="0.00" lane="top_0" pos="24.50" speed="22.76" angle="230.44" x="15.93" y="112.94"/>
        <vehicle id="cfm-slow_0" eclass="HBEFA3/PC_G_EU4" CO2="11368.86" CO="160.45" HC="1.01" NOx="4.73" PMx="0.25" fuel="4.89" electricity="0.00" noise="73.39" route="routetop" type="cfm-slow" waiting="0.00" lane="top_0" pos="38.34" speed="23.64" angle="205.49" x="-0.38" y="88.28"/>
        <vehicle id="cfm-slow_1" eclass="HBEFA3/PC_G_EU4" CO2="13326.52" CO="203.87" HC="1.26" NOx="5.63" PMx="0.31" fuel="5.73" electricity="0.00" noise="74.59" route="routetop" type="cfm-slow" waiting="0.00" lane="left_0" pos="7.11" speed="24.85" angle="171.64" x="-3.22" y="48.41"/>
        <vehicle id="cfm-slow_2" eclass="HBEFA3/PC_G_EU4" CO2="16420.87" CO="272.73" HC="1.65" NOx="7.06" PMx="0.39" fuel="7.06" electricity="0.00" noise="76.32" route="routetop" type="cfm-slow" waiting="0.00" lane="left_0" pos="27.10" speed="26.25" angle="135.75" x="18.44" y="12.07"/>
        <vehicle id="cfm-slow_3" eclass="HBEFA3/PC_G_EU4" CO2="22613.72" CO="408.90" HC="2.43" NOx="9.94" PMx="0.56" fuel="9.72" electricity="0.00" noise="79.57" route="routetop" type="cfm-slow" waiting="0.00" lane="left_0" pos="48.51" speed="27.99" angle="97.18" x="60.37" y="-4.86"/>
        <vehicle id="cfm-slow_4" eclass="HBEFA3/PC_G_EU4" CO2="25278.93" CO="480.14" HC="2.82" NOx="11.15" PMx="0.64" fuel="10.87" electricity="0.00" noise="80.90" route="routebottom" type="cfm-slow" waiting="0.00" lane="bottom_0" pos="21.70" speed="30.42" angle="55.42" x="106.91" y="10.40"/>
        <vehicle id="cfm-slow_5" eclass="HBEFA3/PC_G_EU4" CO2="0.00" CO="0.00" HC="0.00" NOx="0.00" PMx="0.00" fuel="0.00" electricity="0.00" noise="73.70" route="routebottom" type="cfm-slow" waiting="0.00" lane="bottom_0" pos="47.38" speed="32.80" angle="9.30" x="132.04" y="57.95"/>
    </timestep>
    <timestep time="7.54">
        <vehicle id="cfm-fast_0" eclass="HBEFA3/PC_G_EU4" CO2="161654.46" CO="3439.34" HC="19.71" NOx="75.26" PMx="4.27" fuel="69.49" electricity="0.00" noise="135.26" route="routebottom" type="cfm-fast" waiting="0.00" lane="right_1" pos="24.06" speed="42.33" angle="321.19" x="111.18" y="108.46"/>
        <vehicle id="cfm-fast_1" eclass="HBEFA3/PC_G_EU4" CO2="0.00" CO="0.00" HC="0.00" NOx="0.00" PMx="0.00" fuel="0.00" electricity="0.00" noise="69.71" route="routebottom" type="cfm-fast" waiting="0.00" lane="right_0" pos="31.92" speed="24.39" angle="307.07" x="100.60" y="121.49"/>
        <vehicle id="cfm-fast_2" eclass="HBEFA3/PC_G_EU4" CO2="0.00" CO="0.00" HC="0.00" NOx="0.00" PMx="0.00" fuel="0.00" electricity="0.00" noise="69.53" route="routebottom" type="cfm-fast" waiting="0.00" lane="right_0" pos="47.20" speed="23.08" angle="279.62" x="69.78" y="132.00"/>
        <vehicle id="cfm-fast_3" eclass="HBEFA3/PC_G_EU4" CO2="5051.89" CO="28.59" HC="0.25" NOx="1.78" PMx="0.08" fuel="2.17" electricity="0.00" noise="70.44" route="routetop" type="cfm-fast" waiting="0.00" lane="top_0" pos="11.19" speed="22.52" angle="254.27" x="39.99" y="128.05"/>
        <vehicle id="cfm-fast_4" eclass="HBEFA3/PC_G_EU4" CO2="0.00" CO="0.00" HC="0.00" NOx="0.00" PMx="0.00" fuel="0.00" electricity="0.00" noise="88.96" route="routetop" type="cfm-fast" waiting="0.00" lane="top_1" pos="43.49" speed="95.56" angle="196.24" x="-0.28" y="76.94"/>
        <vehicle id="cfm-fast_5" eclass="HBEFA3/PC_G_EU4" CO2="8966.51" CO="109.49" HC="0.72" NOx="3.62" PMx="0.19" fuel="3.85" electricity="0.00" noise="72.04" route="routetop" type="cfm-fast" waiting="0.00" lane="top_0" pos="24.72" speed="22.77" angle="230.02" x="15.58" y="112.59"/>
        <vehicle id="cfm-slow_0" eclass="HBEFA3/PC_G_EU4" CO2="11386.69" CO="160.84" HC="1.01" NOx="4.74" PMx="0.25" fuel="4.89" electricity="0.00" noise="73.40" route="routetop" type="cfm-slow" waiting="0.00" lane="top_0" pos="38.58" speed="23.65" angle="205.11" x="-0.56" y="87.80"/>
        <vehicle id="cfm-slow_1" eclass="HBEFA3/PC_G_EU4" CO2="13354.27" CO="204.49" HC="1.26" NOx="5.64" PMx="0.31" fuel="5.74" electricity="0.00" noise="74.61" route="routetop" type="cfm-slow" waiting="0.00" lane="left_0" pos="7.36" speed="24.86" angle="171.16" x="-3.10" y="47.89"/>
        <vehicle id="cfm-slow_2" eclass="HBEFA3/PC_G_EU4" CO2="16476.23" CO="273.94" HC="1.66" NOx="7.08" PMx="0.39" fuel="7.08" electricity="0.00" noise="76.35" route="routetop" type="cfm-slow" waiting="0.00" lane="left_0" pos="27.36" speed="26.27" angle="135.26" x="18.88" y="11.70"/>
        <vehicle id="cfm-slow_3" eclass="HBEFA3/PC_G_EU4" CO2="22641.56" CO="409.61" HC="2.43" NOx="9.95" PMx="0.56" fuel="9.73" electricity="0.00" noise="79.58" route="routetop" type="cfm-slow" waiting="0.00" lane="left_0" pos="48.79" speed="28.01" angle="96.71" x="60.97" y="-4.89"/>
        <vehicle id="cfm-slow_4" eclass="HBEFA3/PC_G_EU4" CO2="25001.88" CO="474.62" HC="2.79" NOx="11.01" PMx="0.63" fuel="10.75" electricity="0.00" noise="80.77" route="routebottom" type="cfm-slow" waiting="0.00" lane="bottom_0" pos="22.00" speed="30.44" angle="54.89" x="107.41" y="10.82"/>
        <vehicle id="cfm-slow_5" eclass="HBEFA3/PC_G_EU4" CO2="0.00" CO="0.00" HC="0.00" NOx="0.00" PMx="0.00" fuel="0.00" electricity="0.00" noise="73.67" route="routebottom" type="cfm-slow" waiting="0.00" lane="bottom_0" pos="47.71" speed="32.78" angle="8.73" x="132.09" y="58.65"/>
    </timestep>
    <timestep time="7.55">
        <vehicle id="cfm-fast_0" eclass="HBEFA3/PC_G_EU4" CO2="162212.24" CO="3453.24" HC="19.78" NOx="75.52" PMx="4.29" fuel="69.73" electricity="0.00" noise="135.33" route="routebottom" type="cfm-fast" waiting="0.00" lane="right_1" pos="24.48" speed="42.46" angle="320.47" x="110.58" y="109.09"/>
        <vehicle id="cfm-fast_1" eclass="HBEFA3/PC_G_EU4" CO2="0.00" CO="0.00" HC="0.00" NOx="0.00" PMx="0.00" fuel="0.00" electricity="0.00" noise="69.70" route="routebottom" type="cfm-fast" waiting="0.00" lane="right_0" pos="32.16" speed="24.38" angle="306.69" x="100.15" y="121.77"/>
        <vehicle id="cfm-fast_2" eclass="HBEFA3/PC_G_EU4" CO2="0.00" CO="0.00" HC="0.00" NOx="0.00" PMx="0.00" fuel="0.00" electricity="0.00" noise="69.53" route="routebottom" type="cfm-fast" waiting="0.00" lane="right_0" pos="47.43" speed="23.08" angle="279.24" x="69.29" y="132.05"/>
        <vehicle id="cfm-fast_3" eclass="HBEFA3/PC_G_EU4" CO2="5087.99" CO="29.33" HC="0.26" NOx="1.79" PMx="0.09" fuel="2.19" electricity="0.00" noise="70.45" route="routetop" type="cfm-fast" waiting="0.00" lane="top_0" pos="11.42" speed="22.52" angle="253.86" x="39.54" y="127.89"/>
        <vehicle id="cfm-fast_4" eclass="HBEFA3/PC_G_EU4" CO2="0.00" CO="0.00" HC="0.00" NOx="0.00" PMx="0.00" fuel="0.00" electricity="0.00" noise="88.95" route="routetop" type="cfm-fast" waiting="0.00" lane="top_1" pos="44.45" speed="95.48" angle="194.51" x="-0.65" y="75.02"/>
        <vehicle id="cfm-fast_5" eclass="HBEFA3/PC_G_EU4" CO2="8988.33" CO="109.96" HC="0.72" NOx="3.63" PMx="0.19" fuel="3.86" electricity="0.00" noise="72.05" route="routetop" type="cfm-fast" waiting="0.00" lane="top_0" pos="24.95" speed="22.78" angle="229.60" x="15.23" y="112.24"/>
        <vehicle id="cfm-slow_0" eclass="HBEFA3/PC_G_EU4" CO2="11404.61" CO="161.24" HC="1.02" NOx="4.75" PMx="0.25" fuel="4.90" electricity="0.00" noise="73.41" route="routetop" type="cfm-slow" waiting="0.00" lane="top_0" pos="38.82" speed="23.67" angle="204.67" x="-0.73" y="87.32"/>
        <vehicle id="cfm-slow_1" eclass="HBEFA3/PC_G_EU4" CO2="13382.29" CO="205.11" HC="1.27" NOx="5.65" PMx="0.31" fuel="5.75" electricity="0.00" noise="74.63" route="routetop" type="cfm-slow" waiting="0.00" lane="left_0" pos="7.60" speed="24.88" angle="170.72" x="-2.98" y="47.37"/>
        <vehicle id="cfm-slow_2" eclass="HBEFA3/PC_G_EU4" CO2="16531.39" CO="275.15" HC="1.67" NOx="7.11" PMx="0.39" fuel="7.11" electricity="0.00" noise="76.38" route="routetop" type="cfm-slow" waiting="0.00" lane="left_0" pos="27.62" speed="26.28" angle="134.77" x="19.31" y="11.34"/>
        <vehicle id="cfm-slow_3" eclass="HBEFA3/PC_G_EU4" CO2="22666.80" CO="410.26" HC="2.43" NOx="9.96" PMx="0.56" fuel="9.74" electricity="0.00" noise="79.60" route="routetop" type="cfm-slow" waiting="0.00" lane="left_0" pos="49.07" speed="28.04" angle="96.20" x="61.57" y="-4.90"/>
        <vehicle id="cfm-slow_4" eclass="HBEFA3/PC_G_EU4" CO2="24722.32" CO="469.05" HC="2.76" NOx="10.88" PMx="0.62" fuel="10.63" electricity="0.00" noise="80.64" route="routebottom" type="cfm-slow" waiting="0.00" lane="bottom_0" pos="22.31" speed="30.47" angle="54.31" x="107.91" y="11.24"/>
        <vehicle id="cfm-slow_5" eclass="HBEFA3/PC_G_EU4" CO2="0.00" CO="0.00" HC="0.00" NOx="0.00" PMx="0.00" fuel="0.00" electricity="0.00" noise="73.64" route="routebottom" type="cfm-slow" waiting="0.00" lane="bottom_0" pos="48.04" speed="32.76" angle="8.11" x="132.13" y="59.35"/>
    </timestep>
    <timestep time="7.56">
        <vehicle id="cfm-fast_0" eclass="HBEFA3/PC_G_EU4" CO2="162770.32" CO="3467.17" HC="19.86" NOx="75.78" PMx="4.30" fuel="69.97" electricity="0.00" noise="135.40" route="routebottom" type="cfm-fast" waiting="0.00" lane="right_1" pos="24.91" speed="42.60" angle="319.70" x="109.96" y="109.71"/>
        <vehicle id="cfm-fast_1" eclass="HBEFA3/PC_G_EU4" CO2="0.00" CO="0.00" HC="0.00" NOx="0.00" PMx="0.00" fuel="0.00" electricity="0.00" noise="69.70" route="routebottom" type="cfm-fast" waiting="0.00" lane="right_0" pos="32.41" speed="24.37" angle="306.23" x="99.70" y="122.04"/>
        <vehicle id="cfm-fast_2" eclass="HBEFA3/PC_G_EU4" CO2="0.00" CO="0.00" HC="0.00" NOx="0.00" PMx="0.00" fuel="0.00" electricity="0.00" noise="69.54" route="routebottom" type="cfm-fast" waiting="0.00" lane="right_0" pos="47.66" speed="23.07" angle="278.83" x="68.79" y="132.08"/>
        <vehicle id="cfm-fast_3" eclass="HBEFA3/PC_G_EU4" CO2="5123.98" CO="30.08" HC="0.26" NOx="1.81" PMx="0.09" fuel="2.20" electricity="0.00" noise="70.46" route="routetop" type="cfm-fast" waiting="0.00" lane="top_0" pos="11.64" speed="22.52" angle="253.49" x="39.09" y="127.71"/>
        <vehicle id="cfm-fast_4" eclass="HBEFA3/PC_G_EU4" CO2="0.00" CO="0.00" HC="0.00" NOx="0.00" PMx="0.00" fuel="0.00" electricity="0.00" noise="88.93" route="routetop" type="cfm-fast" waiting="0.00" lane="top_1" pos="45.40" speed="95.39" angle="192.83" x="-0.96" y="73.09"/>
        <vehicle id="cfm-fast_5" eclass="HBEFA3/PC_G_EU4" CO2="9010.12" CO="110.42" HC="0.72" NOx="3.64" PMx="0.19" fuel="3.87" electricity="0.00" noise="72.06" route="routetop" type="cfm-fast" waiting="0.00" lane="top_0" pos="25.18" speed="22.79" angle="229.18" x="14.89" y="111.90"/>
        <vehicle id="cfm-slow_0" eclass="HBEFA3/PC_G_EU4" CO2="11422.63" CO="161.63" HC="1.02" NOx="4.76" PMx="0.25" fuel="4.91" electricity="0.00" noise="73.42" route="routetop" type="cfm-slow" waiting="0.00" lane="top_0" pos="39.05" speed="23.68" angle="204.24" x="-0.90" y="86.84"/>
        <vehicle id="cfm-slow_1" eclass="HBEFA3/PC_G_EU4" CO2="13410.56" CO="205.73" HC="1.27" NOx="5.67" PMx="0.31" fuel="5.76" electricity="0.00" noise="74.64" route="routetop" type="cfm-slow" waiting="0.00" lane="left_0" pos="7.85" speed="24.89" angle="170.29" x="-2.85" y="46.85"/>
        <vehicle id="cfm-slow_2" eclass="HBEFA3/PC_G_EU4" CO2="16586.31" CO="276.36" HC="1.67" NOx="7.13" PMx="0.39" fuel="7.13" electricity="0.00" noise="76.41" route="routetop" type="cfm-slow" waiting="0.00" lane="left_0" pos="27.89" speed="26.30" angle="134.28" x="19.74" y="10.97"/>
        <vehicle id="cfm-slow_3" eclass="HBEFA3/PC_G_EU4" CO2="22689.46" CO="410.87" HC="2.44" NOx="9.97" PMx="0.56" fuel="9.75" electricity="0.00" noise="79.61" route="routetop" type="cfm-slow" waiting="0.00" lane="left_0" pos="49.35" speed="28.06" angle="95.69" x="62.18" y="-4.92"/>
        <vehicle id="cfm-slow_4" eclass="HBEFA3/PC_G_EU4" CO2="24440.34" CO="463.43" HC="2.72" NOx="10.75" PMx="0.62" fuel="10.51" electricity="0.00" noise="80.50" route="routebottom" type="cfm-slow" waiting="0.00" lane="bottom_0" pos="22.61" speed="30.49" angle="53.73" x="108.41" y="11.67"/>
        <vehicle id="cfm-slow_5" eclass="HBEFA3/PC_G_EU4" CO2="0.00" CO="0.00" HC="0.00" NOx="0.00" PMx="0.00" fuel="0.00" electricity="0.00" noise="73.62" route="routebottom" type="cfm-slow" waiting="0.00" lane="bottom_0" pos="48.37" speed="32.75" angle="7.50" x="132.17" y="60.06"/>
    </timestep>
    <timestep time="7.57">
        <vehicle id="cfm-fast_0" eclass="HBEFA3/PC_G_EU4" CO2="163328.69" CO="3481.12" HC="19.94" NOx="76.04" PMx="4.32" fuel="70.21" electricity="0.00" noise="135.46" route="routebottom" type="cfm-fast" waiting="0.00" lane="right_1" pos="25.34" speed="42.74" angle="318.91" x="109.35" y="110.32"/>
        <vehicle id="cfm-fast_1" eclass="HBEFA3/PC_G_EU4" CO2="0.00" CO="0.00" HC="0.00" NOx="0.00" PMx="0.00" fuel="0.00" electricity="0.00" noise="69.69" route="routebottom" type="cfm-fast" waiting="0.00" lane="right_0" pos="32.65" speed="24.36" angle="305.77" x="99.25" y="122.31"/>
        <vehicle id="cfm-fast_2" eclass="HBEFA3/PC_G_EU4" CO2="0.00" CO="0.00" HC="0.00" NOx="0.00" PMx="0.00" fuel="0.00" electricity="0.00" noise="69.54" route="routebottom" type="cfm-fast" waiting="0.00" lane="right_0" pos="47.89" speed="23.07" angle="278.40" x="68.30" y="132.11"/>
        <vehicle id="cfm-fast_3" eclass="HBEFA3/PC_G_EU4" CO2="5159.85" CO="30.82" HC="0.27" NOx="1.83" PMx="0.09" fuel="2.22" electricity="0.00" noise="70.47" route="routetop" type="cfm-fast" waiting="0.00" lane="top_0" pos="11.87" speed="22.53" angle="253.08" x="38.64" y="127.53"/>
        <vehicle id="cfm-fast_4" eclass="HBEFA3/PC_G_EU4" CO2="0.00" CO="0.00" HC="0.00" NOx="0.00" PMx="0.00" fuel="0.00" electricity="0.00" noise="88.91" route="routetop" type="cfm-fast" waiting="0.00" lane="top_1" pos="46.35" speed="95.31" angle="191.14" x="-1.22" y="71.15"/>
        <vehicle id="cfm-fast_5" eclass="HBEFA3/PC_G_EU4" CO2="9031.90" CO="110.88" HC="0.73" NOx="3.65" PMx="0.19" fuel="3.88" electricity="0.00" noise="72.07" route="routetop" type="cfm-fast" waiting="0.00" lane="top_0" pos="25.41" speed="22.80" angle="228.76" x="14.54" y="111.55"/>
        <vehicle id="cfm-slow_0" eclass="HBEFA3/PC_G_EU4" CO2="11440.74" CO="162.03" HC="1.02" NOx="4.76" PMx="0.25" fuel="4.92" electricity="0.00" noise="73.44" route="routetop" type="cfm-slow" waiting="0.00" lane="top_0" pos="39.29" speed="23.69" angle="203.80" x="-1.07" y="86.36"/>
        <vehicle id="cfm-slow_1" eclass="HBEFA3/PC_G_EU4" CO2="13439.08" CO="206.36" HC="1.27" NOx="5.68" PMx="0.31" fuel="5.78" electricity="0.00" noise="74.66" route="routetop" type="cfm-slow" waiting="0.00" lane="left_0" pos="8.10" speed="24.90" angle="169.83" x="-2.71" y="46.33"/>
        <vehicle id="cfm-slow_2" eclass="HBEFA3/PC_G_EU4" CO2="16640.98" CO="277.56" HC="1.68" NOx="7.16" PMx="0.40" fuel="7.15" electricity="0.00" noise="76.44" route="routetop" type="cfm-slow" waiting="0.00" lane="left_0" pos="28.15" speed="26.32" angle="133.82" x="20.17" y="10.60"/>
        <vehicle id="cfm-slow_3" eclass="HBEFA3/PC_G_EU4" CO2="22709.51" CO="411.42" HC="2.44" NOx="9.98" PMx="0.56" fuel="9.76" electricity="0.00" noise="79.62" route="routetop" type="cfm-slow" waiting="0.00" lane="left_0" pos="49.63" speed="28.08" angle="95.18" x="62.78" y="-4.93"/>
        <vehicle id="cfm-slow_4" eclass="HBEFA3/PC_G_EU4" CO2="24156.05" CO="457.75" HC="2.69" NOx="10.61" PMx="0.61" fuel="10.38" electricity="0.00" noise="80.37" route="routebottom" type="cfm-slow" waiting="0.00" lane="bottom_0" pos="22.92" speed="30.51" angle="53.16" x="108.91" y="12.09"/>
        <vehicle id="cfm-slow_5" eclass="HBEFA3/PC_G_EU4" CO2="0.00" CO="0.00" HC="0.00" NOx="0.00" PMx="0.00" fuel="0.00" electricity="0.00" noise="73.59" route="routebottom" type="cfm-slow" waiting="0.00" lane="bottom_0" pos="48.69" speed="32.73" angle="6.91" x="132.21" y="60.76"/>
    </timestep>
    <timestep time="7.58">
        <vehicle id="cfm-fast_0" eclass="HBEFA3/PC_G_EU4" CO2="163887.35" CO="3495.09" HC="20.02" NOx="76.30" PMx="4.33" fuel="70.45" electricity="0.00" noise="135.53" route="routebottom" type="cfm-fast" waiting="0.00" lane="right_1" pos="25.77" speed="42.87" angle="318.19" x="108.72" y="110.94"/>
        <vehicle id="cfm-fast_1" eclass="HBEFA3/PC_G_EU4" CO2="0.00" CO="0.00" HC="0.00" NOx="0.00" PMx="0.00" fuel="0.00" electricity="0.00" noise="69.69" route="routebottom" type="cfm-fast" waiting="0.00" lane="right_0" pos="32.89" speed="24.34" angle="305.31" x="98.80" y="122.58"/>
        <vehicle id="cfm-fast_2" eclass="HBEFA3/PC_G_EU4" CO2="0.00" CO="0.00" HC="0.00" NOx="0.00" PMx="0.00" fuel="0.00" electricity="0.00" noise="69.55" route="routebottom" type="cfm-fast" waiting="0.00" lane="right_0" pos="48.12" speed="23.06" angle="277.97" x="67.80" y="132.14"/>
        <vehicle id="cfm-fast_3" eclass="HBEFA3/PC_G_EU4" CO2="5195.61" CO="31.56" HC="0.27" NOx="1.84" PMx="0.09" fuel="2.23" electricity="0.00" noise="70.49" route="routetop" type="cfm-fast" waiting="0.00" lane="top_0" pos="12.09" speed="22.53" angle="252.68" x="38.19" y="127.35"/>
        <vehicle id="cfm-fast_4" eclass="HBEFA3/PC_G_EU4" CO2="0.00" CO="0.00" HC="0.00" NOx="0.00" PMx="0.00" fuel="0.00" electricity="0.00" noise="88.90" route="routetop" type="cfm-fast" waiting="0.00" lane="top_1" pos="47.31" speed="95.22" angle="189.35" x="-1.41" y="69.21"/>
        <vehicle id="cfm-fast_5" eclass="HBEFA3/PC_G_EU4" CO2="9053.65" CO="111.34" HC="0.73" NOx="3.66" PMx="0.19" fuel="3.89" electricity="0.00" noise="72.09" route="routetop" type="cfm-fast" waiting="0.00" lane="top_0" pos="25.64" speed="22.80" angle="228.40" x="14.19" y="111.20"/>
        <vehicle id="cfm-slow_0" eclass="HBEFA3/PC_G_EU4" CO2="11458.96" CO="162.43" HC="1.02" NOx="4.77" PMx="0.25" fuel="4.93" electricity="0.00" noise="73.45" route="routetop" type="cfm-slow" waiting="0.00" lane="top_0" pos="39.53" speed="23.70" angle="203.36" x="-1.25" y="85.88"/>
        <vehicle id="cfm-slow_1" eclass="HBEFA3/PC_G_EU4" CO2="13467.84" CO="207.00" HC="1.28" NOx="5.69" PMx="0.31" fuel="5.79" electricity="0.00" noise="74.67" route="routetop" type="cfm-slow" waiting="0.00" lane="left_0" pos="8.35" speed="24.92" angle="169.38" x="-2.57" y="45.81"/>
        <vehicle id="cfm-slow_2" eclass="HBEFA3/PC_G_EU4" CO2="16695.38" CO="278.75" HC="1.69" NOx="7.18" PMx="0.40" fuel="7.18" electricity="0.00" noise="76.47" route="routetop" type="cfm-slow" waiting="0.00" lane="left_0" pos="28.41" speed="26.34" angle="133.36" x="20.61" y="10.25"/>
        <vehicle id="cfm-slow_3" eclass="HBEFA3/PC_G_EU4" CO2="22726.97" CO="411.92" HC="2.44" NOx="9.99" PMx="0.56" fuel="9.77" electricity="0.00" noise="79.63" route="routetop" type="cfm-slow" waiting="0.00" lane="left_0" pos="49.91" speed="28.11" angle="94.67" x="63.38" y="-4.95"/>
        <vehicle id="cfm-slow_4" eclass="HBEFA3/PC_G_EU4" CO2="23869.56" CO="452.03" HC="2.66" NOx="10.48" PMx="0.60" fuel="10.26" electricity="0.00" noise="80.24" route="routebottom" type="cfm-slow" waiting="0.00" lane="bottom_0" pos="23.22" speed="30.54" angle="52.66" x="109.40" y="12.53"/>
        <vehicle id="cfm-slow_5" eclass="HBEFA3/PC_G_EU4" CO2="0.00" CO="0.00" HC="0.00" NOx="0.00" PMx="0.00" fuel="0.00" electricity="0.00" noise="73.56" route="routebottom" type="cfm-slow" waiting="0.00" lane="bottom_0" pos="49.02" speed="32.71" angle="6.33" x="132.23" y="61.46"/>
    </timestep>
    <timestep time="7.59">
        <vehicle id="cfm-fast_0" eclass="HBEFA3/PC_G_EU4" CO2="164446.30" CO="3509.08" HC="20.09" NOx="76.56" PMx="4.35" fuel="70.69" electricity="0.00" noise="135.59" route="routebottom" type="cfm-fast" waiting="0.00" lane="right_1" pos="26.20" speed="43.01" angle="317.40" x="108.07" y="111.54"/>
        <vehicle id="cfm-fast_1" eclass="HBEFA3/PC_G_EU4" CO2="0.00" CO="0.00" HC="0.00" NOx="0.00" PMx="0.00" fuel="0.00" electricity="0.00" noise="69.69" route="routebottom" type="cfm-fast" waiting="0.00" lane="right_0" pos="33.14" speed="24.33" angle="304.85" x="98.36" y="122.84"/>
        <vehicle id="cfm-fast_2" eclass="HBEFA3/PC_G_EU4" CO2="0.00" CO="0.00" HC="0.00" NOx="0.00" PMx="0.00" fuel="0.00" electricity="0.00" noise="69.55" route="routebottom" type="cfm-fast" waiting="0.00" lane="right_0" pos="48.35" speed="23.05" angle="277.53" x="67.31" y="132.17"/>
        <vehicle id="cfm-fast_3" eclass="HBEFA3/PC_G_EU4" CO2="5231.26" CO="32.30" HC="0.27" NOx="1.86" PMx="0.09" fuel="2.25" electricity="0.00" noise="70.50" route="routetop" type="cfm-fast" waiting="0.00" lane="top_0" pos="12.32" speed="22.53" angle="252.27" x="37.74" y="127.17"/>
        <vehicle id="cfm-fast_4" eclass="HBEFA3/PC_G_EU4" CO2="0.00" CO="0.00" HC="0.00" NOx="0.00" PMx="0.00" fuel="0.00" electricity="0.00" noise="88.88" route="routetop" type="cfm-fast" waiting="0.00" lane="top_1" pos="48.26" speed="95.12" angle="187.67" x="-1.54" y="67.26"/>
        <vehicle id="cfm-fast_5" eclass="HBEFA3/PC_G_EU4" CO2="9075.39" CO="111.80" HC="0.73" NOx="3.67" PMx="0.19" fuel="3.90" electricity="0.00" noise="72.10" route="routetop" type="cfm-fast" waiting="0.00" lane="top_0" pos="25.86" speed="22.81" angle="227.98" x="13.86" y="110.84"/>
        <vehicle id="cfm-slow_0" eclass="HBEFA3/PC_G_EU4" CO2="11477.28" CO="162.84" HC="1.03" NOx="4.78" PMx="0.26" fuel="4.93" electricity="0.00" noise="73.46" route="routetop" type="cfm-slow" waiting="0.00" lane="top_0" pos="39.77" speed="23.71" angle="202.99" x="-1.42" y="85.40"/>
        <vehicle id="cfm-slow_1" eclass="HBEFA3/PC_G_EU4" CO2="13496.84" CO="207.64" HC="1.28" NOx="5.71" PMx="0.31" fuel="5.80" electricity="0.00" noise="74.69" route="routetop" type="cfm-slow" waiting="0.00" lane="left_0" pos="8.60" speed="24.93" angle="168.92" x="-2.43" y="45.29"/>
        <vehicle id="cfm-slow_2" eclass="HBEFA3/PC_G_EU4" CO2="16749.49" CO="279.95" HC="1.69" NOx="7.21" PMx="0.40" fuel="7.20" electricity="0.00" noise="76.50" route="routetop" type="cfm-slow" waiting="0.00" lane="left_0" pos="28.68" speed="26.35" angle="132.88" x="21.06" y="9.90"/>
        <vehicle id="cfm-slow_3" eclass="HBEFA3/PC_G_EU4" CO2="22741.84" CO="412.36" HC="2.45" NOx="10.00" PMx="0.56" fuel="9.78" electricity="0.00" noise="79.64" route="routebottom" type="cfm-slow" waiting="0.00" lane="bottom_0" pos="0.20" speed="28.13" angle="94.12" x="64.18" y="-4.94"/>
        <vehicle id="cfm-slow_4" eclass="HBEFA3/PC_G_EU4" CO2="23580.96" CO="446.26" HC="2.62" NOx="10.34" PMx="0.59" fuel="10.14" electricity="0.00" noise="80.11" route="routebottom" type="cfm-slow" waiting="0.00" lane="bottom_0" pos="23.53" speed="30.56" angle="52.11" x="109.88" y="12.98"/>
        <vehicle id="cfm-slow_5" eclass="HBEFA3/PC_G_EU4" CO2="0.00" CO="0.00" HC="0.00" NOx="0.00" PMx="0.00" fuel="0.00" electricity="0.00" noise="73.54" route="routebottom" type="cfm-slow" waiting="0.00" lane="bottom_0" pos="49.35" speed="32.69" angle="5.72" x="132.24" y="62.17"/>
    </timestep>
    <timestep time="7.60">
        <vehicle id="cfm-fast_0" eclass="HBEFA3/PC_G_EU4" CO2="165005.54" CO="3523.09" HC="20.17" NOx="76.82" PMx="4.37" fuel="70.93" electricity="0.00" noise="135.66" route="routebottom" type="cfm-fast" waiting="0.00" lane="right_1" pos="26.63" speed="43.15" angle="316.62" x="107.42" y="112.14"/>
        <vehicle id="cfm-fast_1" eclass="HBEFA3/PC_G_EU4" CO2="0.00" CO="0.00" HC="0.00" NOx="0.00" PMx="0.00" fuel="0.00" electricity="0.00" noise="69.68" route="routebottom" type="cfm-fast" waiting="0.00" lane="right_0" pos="33.38" speed="24.32" angle="304.45" x="97.91" y="123.11"/>
        <vehicle id="cfm-fast_2" eclass="HBEFA3/PC_G_EU4" CO2="0.00" CO="0.00" HC="0.00" NOx="0.00" PMx="0.00" fuel="0.00" electricity="0.00" noise="69.56" route="routebottom" type="cfm-fast" waiting="0.00" lane="right_0" pos="48.58" speed="23.05" angle="277.10" x="66.81" y="132.20"/>
        <vehicle id="cfm-fast_3" eclass="HBEFA3/PC_G_EU4" CO2="5266.79" CO="33.03" HC="0.28" NOx="1.88" PMx="0.09" fuel="2.26" electricity="0.00" noise="70.51" route="routetop" type="cfm-fast" waiting="0.00" lane="top_0" pos="12.54" speed="22.54" angle="251.86" x="37.29" y="126.99"/>
        <vehicle id="cfm-fast_4" eclass="HBEFA3/PC_G_EU4" CO2="0.00" CO="0.00" HC="0.00" NOx="0.00" PMx="0.00" fuel="0.00" electricity="0.00" noise="88.87" route="routetop" type="cfm-fast" waiting="0.00" lane="top_1" pos="49.21" speed="95.03" angle="185.95" x="-1.62" y="65.32"/>
        <vehicle id="cfm-fast_5" eclass="HBEFA3/PC_G_EU4" CO2="9097.11" CO="112.26" HC="0.74" NOx="3.68" PMx="0.19" fuel="3.91" electricity="0.00" noise="72.11" route="routetop" type="cfm-fast" waiting="0.00" lane="top_0" pos="26.09" speed="22.82" angle="227.56" x="13.53" y="110.48"/>
        <vehicle id="cfm-slow_0" eclass="HBEFA3/PC_G_EU4" CO2="11495.71" CO="163.24" HC="1.03" NOx="4.79" PMx="0.26" fuel="4.94" electricity="0.00" noise="73.47" route="routetop" type="cfm-slow" waiting="0.00" lane="top_0" pos="40.00" speed="23.73" angle="202.55" x="-1.57" y="84.91"/>
        <vehicle id="cfm-slow_1" eclass="HBEFA3/PC_G_EU4" CO2="13526.08" CO="208.29" HC="1.28" NOx="5.72" PMx="0.31" fuel="5.81" electricity="0.00" noise="74.71" route="routetop" type="cfm-slow" waiting="0.00" lane="left_0" pos="8.85" speed="24.95" angle="168.48" x="-2.29" y="44.78"/>
        <vehicle id="cfm-slow_2" eclass="HBEFA3/PC_G_EU4" CO2="16803.28" CO="281.13" HC="1.70" NOx="7.23" PMx="0.40" fuel="7.22" electricity="0.00" noise="76.53" route="routetop" type="cfm-slow" waiting="0.00" lane="left_0" pos="28.94" speed="26.37" angle="132.39" x="21.51" y="9.55"/>
        <vehicle id="cfm-slow_3" eclass="HBEFA3/PC_G_EU4" CO2="22754.11" CO="412.76" HC="2.45" NOx="10.00" PMx="0.56" fuel="9.78" electricity="0.00" noise="79.64" route="routebottom" type="cfm-slow" waiting="0.00" lane="bottom_0" pos="0.48" speed="28.16" angle="93.61" x="64.79" y="-4.93"/>
        <vehicle id="cfm-slow_4" eclass="HBEFA3/PC_G_EU4" CO2="23290.35" CO="440.45" HC="2.59" NOx="10.20" PMx="0.59" fuel="10.01" electricity="0.00" noise="79.97" route="routebottom" type="cfm-slow" waiting="0.00" lane="bottom_0" pos="23.84" speed="30.58" angle="51.56" x="110.37" y="13.42"/>
        <vehicle id="cfm-slow_5" eclass="HBEFA3/PC_G_EU4" CO2="0.00" CO="0.00" HC="0.00" NOx="0.00" PMx="0.00" fuel="0.00" electricity="0.00" noise="73.51" route="routebottom" type="cfm-slow" waiting="0.00" lane="bottom_0" pos="49.67" speed="32.67" angle="5.11" x="132.26" y="62.87"/>
    </timestep>
    <timestep time="7.61">
        <vehicle id="cfm-fast_0" eclass="HBEFA3/PC_G_EU4" CO2="165565.08" CO="3537.12" HC="20.25" NOx="77.08" PMx="4.38" fuel="71.17" electricity="0.00" noise="135.73" route="routebottom" type="cfm-fast" waiting="0.00" lane="right_1" pos="27.06" speed="43.28" angle="315.86" x="106.76" y="112.73"/>
        <vehicle id="cfm-fast_1" eclass="HBEFA3/PC_G_EU4" CO2="0.00" CO="0.00" HC="0.00" NOx="0.00" PMx="0.00" fuel="0.00" electricity="0.00" noise="69.68" route="routebottom" type="cfm-fast" waiting="0.00" lane="right_0" pos="33.62" speed="24.30" angle="304.01" x="97.45" y="123.36"/>
        <vehicle id="cfm-fast_2" eclass="HBEFA3/PC_G_EU4" CO2="0.00" CO="0.00" HC="0.00" NOx="0.00" PMx="0.00" fuel="0.00" electricity="0.00" noise="69.56" route="routebottom" type="cfm-fast" waiting="0.00" lane="right_0" pos="48.81" speed="23.04" angle="276.73" x="66.32" y="132.22"/>
        <vehicle id="cfm-fast_3" eclass="HBEFA3/PC_G_EU4" CO2="5302.21" CO="33.76" HC="0.28" NOx="1.89" PMx="0.09" fuel="2.28" electricity="0.00" noise="70.53" route="routetop" type="cfm-fast" waiting="0.00" lane="top_0" pos="12.77" speed="22.54" angle="251.50" x="36.84" y="126.81"/>
        <vehicle id="cfm-fast_4" eclass="HBEFA3/PC_G_EU4" CO2="0.00" CO="0.00" HC="0.00" NOx="0.00" PMx="0.00" fuel="0.00" electricity="0.00" noise="88.85" route="routetop" type="cfm-fast" waiting="0.00" lane="left_1" pos="0.16" speed="94.93" angle="184.20" x="-1.64" y="63.31"/>
        <vehicle id="cfm-fast_5" eclass="HBEFA3/PC_G_EU4" CO2="9118.81" CO="112.72" HC="0.74" NOx="3.69" PMx="0.19" fuel="3.92" electricity="0.00" noise="72.12" route="routetop" type="cfm-fast" waiting="0.00" lane="top_0" pos="26.32" speed="22.83" angle="227.14" x="13.19" y="110.12"/>
        <vehicle id="cfm-slow_0" eclass="HBEFA3/PC_G_EU4" CO2="11514.23" CO="163.65" HC="1.03" NOx="4.80" PMx="0.26" fuel="4.95" electricity="0.00" noise="73.48" route="routetop" type="cfm-slow" waiting="0.00" lane="top_0" pos="40.24" speed="23.74" angle="202.10" x="-1.72" y="84.43"/>
        <vehicle id="cfm-slow_1" eclass="HBEFA3/PC_G_EU4" CO2="13555.55" CO="208.94" HC="1.29" NOx="5.73" PMx="0.31" fuel="5.83" electricity="0.00" noise="74.73" route="routetop" type="cfm-slow" waiting="0.00" lane="left_0" pos="9.10" speed="24.96" angle="168.06" x="-2.14" y="44.26"/>
        <vehicle id="cfm-slow_2" eclass="HBEFA3/PC_G_EU4" CO2="16856.75" CO="282.31" HC="1.71" NOx="7.26" PMx="0.40" fuel="7.25" electricity="0.00" noise="76.56" route="routetop" type="cfm-slow" waiting="0.00" lane="left_0" pos="29.20" speed="26.39" angle="131.90" x="21.95" y="9.20"/>
        <vehicle id="cfm-slow_3" eclass="HBEFA3/PC_G_EU4" CO2="22763.80" CO="413.09" HC="2.45" NOx="10.01" PMx="0.56" fuel="9.79" electricity="0.00" noise="79.65" route="routebottom" type="cfm-slow" waiting="0.00" lane="bottom_0" pos="0.76" speed="28.18" angle="93.10" x="65.39" y="-4.91"/>
        <vehicle id="cfm-slow_4" eclass="HBEFA3/PC_G_EU4" CO2="22997.84" CO="434.60" HC="2.56" NOx="10.07" PMx="0.58" fuel="9.89" electricity="0.00" noise="79.84" route="routebottom" type="cfm-slow" waiting="0.00" lane="bottom_0" pos="24.14" speed="30.60" angle="51.01" x="110.85" y="13.87"/>
        <vehicle id="cfm-slow_5" eclass="HBEFA3/PC_G_EU4" CO2="0.00" CO="0.00" HC="0.00" NOx="0.00" PMx="0.00" fuel="0.00" electricity="0.00" noise="73.49" route="routebottom" type="cfm-slow" waiting="0.00" lane="right_0" pos="0.00" speed="32.65" angle="4.47" x="132.27" y="63.76"/>
    </timestep>
    <timestep time="7.62">
        <vehicle id="cfm-fast_0" eclass="HBEFA3/PC_G_EU4" CO2="166124.91" CO="3551.18" HC="20.33" NOx="77.35" PMx="4.40" fuel="71.41" electricity="0.00" noise="135.79" route="routebottom" type="cfm-fast" waiting="0.00" lane="right_1" pos="27.50" speed="43.42" angle="315.01" x="106.08" y="113.31"/>
        <vehicle id="cfm-fast_1" eclass="HBEFA3/PC_G_EU4" CO2="0.00" CO="0.00" HC="0.00" NOx="0.00" PMx="0.00" fuel="0.00" electricity="0.00" noise="69.68" route="routebottom" type="cfm-fast" waiting="0.00" lane="right_0" pos="33.87" speed="24.29" angle="303.56" x="96.99" y="123.62"/>
        <vehicle id="cfm-fast_2" eclass="HBEFA3/PC_G_EU4" CO2="0.00" CO="0.00" HC="0.00" NOx="0.00" PMx="0.00" fuel="0.00" electricity="0.00" noise="69.57" route="routebottom" type="cfm-fast" waiting="0.00" lane="right_0" pos="49.04" speed="23.04" angle="276.30" x="65.82" y="132.23"/>
        <vehicle id="cfm-fast_3" eclass="HBEFA3/PC_G_EU4" CO2="5337.52" CO="34.49" HC="0.29" NOx="1.91" PMx="0.09" fuel="2.29" electricity="0.00" noise="70.54" route="routetop" type="cfm-fast" waiting="0.00" lane="top_0" pos="12.99" speed="22.54" angle="251.10" x="36.39" y="126.62"/>
        <vehicle id="cfm-fast_4" eclass="HBEFA3/PC_G_EU4" CO2="0.00" CO="0.00" HC="0.00" NOx="0.00" PMx="0.00" fuel="0.00" electricity="0.00" noise="88.83" route="routetop" type="cfm-fast" waiting="0.00" lane="left_1" pos="1.10" speed="94.84" angle="182.47" x="-1.61" y="61.37"/>
        <vehicle id="cfm-fast_5" eclass="HBEFA3/PC_G_EU4" CO2="9140.50" CO="113.18" HC="0.74" NOx="3.70" PMx="0.19" fuel="3.93" electricity="0.00" noise="72.14" route="routetop" type="cfm-fast" waiting="0.00" lane="top_0" pos="26.55" speed="22.84" angle="226.71" x="12.86" y="109.76"/>
        <vehicle id="cfm-slow_0" eclass="HBEFA3/PC_G_EU4" CO2="11532.87" CO="164.06" HC="1.03" NOx="4.81" PMx="0.26" fuel="4.96" electricity="0.00" noise="73.49" route="routetop" type="cfm-slow" waiting="0.00" lane="top_0" pos="40.48" speed="23.75" angle="201.66" x="-1.87" y="83.94"/>
        <vehicle id="cfm-slow_1" eclass="HBEFA3/PC_G_EU4" CO2="13585.24" CO="209.60" HC="1.29" NOx="5.75" PMx="0.31" fuel="5.84" electricity="0.00" noise="74.74" route="routetop" type="cfm-slow" waiting="0.00" lane="left_0" pos="9.35" speed="24.97" angle="167.60" x="-1.98" y="43.75"/>
        <vehicle id="cfm-slow_2" eclass="HBEFA3/PC_G_EU4" CO2="16909.86" CO="283.48" HC="1.71" NOx="7.28" PMx="0.40" fuel="7.27" electricity="0.00" noise="76.58" route="routetop" type="cfm-slow" waiting="0.00" lane="left_0" pos="29.47" speed="26.41" angle="131.46" x="22.40" y="8.85"/>
        <vehicle id="cfm-slow_3" eclass="HBEFA3/PC_G_EU4" CO2="22770.89" CO="413.38" HC="2.45" NOx="10.01" PMx="0.56" fuel="9.79" electricity="0.00" noise="79.65" route="routebottom" type="cfm-slow" waiting="0.00" lane="bottom_0" pos="1.04" speed="28.20" angle="92.59" x="66.00" y="-4.90"/>
        <vehicle id="cfm-slow_4" eclass="HBEFA3/PC_G_EU4" CO2="22703.51" CO="428.70" HC="2.52" NOx="9.93" PMx="0.57" fuel="9.76" electricity="0.00" noise="79.71" route="routebottom" type="cfm-slow" waiting="0.00" lane="bottom_0" pos="24.45" speed="30.62" angle="50.51" x="111.33" y="14.32"/>
        <vehicle id="cfm-slow_5" eclass="HBEFA3/PC_G_EU4" CO2="0.00" CO="0.00" HC="0.00" NOx="0.00" PMx="0.00" fuel="0.00" electricity="0.00" noise="73.47" route="routebottom" type="cfm-slow" waiting="0.00" lane="right_0" pos="0.33" speed="32.62" angle="3.88" x="132.26" y="64.46"/>
    </timestep>
    <timestep time="7.63">
        <vehicle id="cfm-fast_0" eclass="HBEFA3/PC_G_EU4" CO2="166685.03" CO="3565.26" HC="20.41" NOx="77.61" PMx="4.41" fuel="71.65" electricity="0.00" noise="135.86" route="routebottom" type="cfm-fast" waiting="0.00" lane="right_1" pos="27.93" speed="43.56" angle="314.15" x="105.40" y="113.88"/>
        <vehicle id="cfm-fast_1" eclass="HBEFA3/PC_G_EU4" CO2="0.00" CO="0.00" HC="0.00" NOx="0.00" PMx="0.00" fuel="0.00" electricity="0.00" noise="69.68" route="routebottom" type="cfm-fast" waiting="0.00" lane="right_0" pos="34.11" speed="24.28" angle="303.12" x="96.53" y="123.87"/>
        <vehicle id="cfm-fast_2" eclass="HBEFA3/PC_G_EU4" CO2="0.00" CO="0.00" HC="0.00" NOx="0.00" PMx="0.00" fuel="0.00" electricity="0.00" noise="69.58" route="routebottom" type="cfm-fast" waiting="0.00" lane="right_0" pos="49.27" speed="23.03" angle="275.87" x="65.33" y="132.24"/>
        <vehicle id="cfm-fast_3" eclass="HBEFA3/PC_G_EU4" CO2="5372.71" CO="35.22" HC="0.29" NOx="1.93" PMx="0.09" fuel="2.31" electricity="0.00" noise="70.55" route="routetop" type="cfm-fast" waiting="0.00" lane="top_0" pos="13.22" speed="22.54" angle="250.68" x="35.95" y="126.42"/>
        <vehicle id="cfm-fast_4" eclass="HBEFA3/PC_G_EU4" CO2="0.00" CO="0.00" HC="0.00" NOx="0.00" PMx="0.00" fuel="0.00" electricity="0.00" noise="88.82" route="routetop" type="cfm-fast" waiting="0.00" lane="left_1" pos="2.05" speed="94.74" angle="180.79" x="-1.50" y="59.43"/>
        <vehicle id="cfm-fast_5" eclass="HBEFA3/PC_G_EU4" CO2="9162.17" CO="113.63" HC="0.74" NOx="3.71" PMx="0.19" fuel="3.94" electricity="0.00" noise="72.15" route="routetop" type="cfm-fast" waiting="0.00" lane="top_0" pos="26.78" speed="22.85" angle="226.29" x="12.53" y="109.40"/>
        <vehicle id="cfm-slow_0" eclass="HBEFA3/PC_G_EU4" CO2="11551.61" CO="164.47" HC="1.03" NOx="4.82" PMx="0.26" fuel="4.97" electricity="0.00" noise="73.51" route="routetop" type="cfm-slow" waiting="0.00" lane="top_0" pos="40.72" speed="23.76" angle="201.22" x="-2.02" y="83.45"/>
        <vehicle id="cfm-slow_1" eclass="HBEFA3/PC_G_EU4" CO2="13615.16" CO="210.26" HC="1.30" NOx="5.76" PMx="0.31" fuel="5.85" electricity="0.00" noise="74.76" route="routetop" type="cfm-slow" waiting="0.00" lane="left_0" pos="9.60" speed="24.99" angle="167.13" x="-1.82" y="43.23"/>
        <vehicle id="cfm-slow_2" eclass="HBEFA3/PC_G_EU4" CO2="16962.61" CO="284.64" HC="1.72" NOx="7.31" PMx="0.41" fuel="7.29" electricity="0.00" noise="76.61" route="routetop" type="cfm-slow" waiting="0.00" lane="left_0" pos="29.73" speed="26.42" angle="130.99" x="22.86" y="8.51"/>
        <vehicle id="cfm-slow_3" eclass="HBEFA3/PC_G_EU4" CO2="22775.39" CO="413.62" HC="2.45" NOx="10.01" PMx="0.56" fuel="9.79" electricity="0.00" noise="79.65" route="routebottom" type="cfm-slow" waiting="0.00" lane="bottom_0" pos="1.32" speed="28.23" angle="92.10" x="66.60" y="-4.88"/>
        <vehicle id="cfm-slow_4" eclass="HBEFA3/PC_G_EU4" CO2="22407.47" CO="422.77" HC="2.49" NOx="9.79" PMx="0.56" fuel="9.63" electricity="0.00" noise="79.58" route="routebottom" type="cfm-slow" waiting="0.00" lane="bottom_0" pos="24.75" speed="30.64" angle="49.94" x="111.80" y="14.79"/>
        <vehicle id="cfm-slow_5" eclass="HBEFA3/PC_G_EU4" CO2="0.00" CO="0.00" HC="0.00" NOx="0.00" PMx="0.00" fuel="0.00" electricity="0.00" noise="73.45" route="routebottom" type="cfm-slow" waiting="0.00" lane="right_0" pos="0.65" speed="32.60" angle="3.29" x="132.24" y="65.16"/>
    </timestep>
    <timestep time="7.64">
        <vehicle id="cfm-fast_0" eclass="HBEFA3/PC_G_EU4" CO2="167245.44" CO="3579.36" HC="20.49" NOx="77.87" PMx="4.43" fuel="71.89" electricity="0.00" noise="135.92" route="routebottom" type="cfm-fast" waiting="0.00" lane="right_1" pos="28.37" speed="43.69" angle="313.39" x="104.70" y="114.45"/>
        <vehicle id="cfm-fast_1" eclass="HBEFA3/PC_G_EU4" CO2="0.00" CO="0.00" HC="0.00" NOx="0.00" PMx="0.00" fuel="0.00" electricity="0.00" noise="69.67" route="routebottom" type="cfm-fast" waiting="0.00" lane="right_0" pos="34.35" speed="24.27" angle="302.68" x="96.08" y="124.12"/>
        <vehicle id="cfm-fast_2" eclass="HBEFA3/PC_G_EU4" CO2="0.00" CO="0.00" HC="0.00" NOx="0.00" PMx="0.00" fuel="0.00" electricity="0.00" noise="69.58" route="routebottom" type="cfm-fast" waiting="0.00" lane="right_0" pos="49.50" speed="23.03" angle="275.44" x="64.83" y="132.25"/>
        <vehicle id="cfm-fast_3" eclass="HBEFA3/PC_G_EU4" CO2="5407.80" CO="35.95" HC="0.30" NOx="1.94" PMx="0.09" fuel="2.32" electricity="0.00" noise="70.57" route="routetop" type="cfm-fast" waiting="0.00" lane="top_0" pos="13.44" speed="22.55" angle="250.27" x="35.51" y="126.22"/>
        <vehicle id="cfm-fast_4" eclass="HBEFA3/PC_G_EU4" CO2="0.00" CO="0.00" HC="0.00" NOx="0.00" PMx="0.00" fuel="0.00" electricity="0.00" noise="88.80" route="routetop" type="cfm-fast" waiting="0.00" lane="left_1" pos="3.00" speed="94.64" angle="179.11" x="-1.35" y="57.49"/>
        <vehicle id="cfm-fast_5" eclass="HBEFA3/PC_G_EU4" CO2="9183.83" CO="114.09" HC="0.75" NOx="3.72" PMx="0.19" fuel="3.95" electricity="0.00" noise="72.16" route="routetop" type="cfm-fast" waiting="0.00" lane="top_0" pos="27.01" speed="22.86" angle="225.92" x="12.20" y="109.03"/>
        <vehicle id="cfm-slow_0" eclass="HBEFA3/PC_G_EU4" CO2="11570.45" CO="164.89" HC="1.04" NOx="4.82" PMx="0.26" fuel="4.97" electricity="0.00" noise="73.52" route="routetop" type="cfm-slow" waiting="0.00" lane="top_0" pos="40.95" speed="23.77" angle="200.79" x="-2.17" y="82.96"/>
        <vehicle id="cfm-slow_1" eclass="HBEFA3/PC_G_EU4" CO2="13645.29" CO="210.93" HC="1.30" NOx="5.78" PMx="0.31" fuel="5.87" electricity="0.00" noise="74.78" route="routetop" type="cfm-slow" waiting="0.00" lane="left_0" pos="9.85" speed="25.00" angle="166.67" x="-1.66" y="42.72"/>
        <vehicle id="cfm-slow_2" eclass="HBEFA3/PC_G_EU4" CO2="17014.96" CO="285.80" HC="1.73" NOx="7.33" PMx="0.41" fuel="7.31" electricity="0.00" noise="76.64" route="routetop" type="cfm-slow" waiting="0.00" lane="left_0" pos="30.00" speed="26.44" angle="130.50" x="23.32" y="8.18"/>
        <vehicle id="cfm-slow_3" eclass="HBEFA3/PC_G_EU4" CO2="22777.32" CO="413.80" HC="2.45" NOx="10.01" PMx="0.56" fuel="9.79" electricity="0.00" noise="79.65" route="routebottom" type="cfm-slow" waiting="0.00" lane="bottom_0" pos="1.61" speed="28.25" angle="91.59" x="67.21" y="-4.84"/>
        <vehicle id="cfm-slow_4" eclass="HBEFA3/PC_G_EU4" CO2="22109.82" CO="416.80" HC="2.45" NOx="9.65" PMx="0.56" fuel="9.50" electricity="0.00" noise="79.45" route="routebottom" type="cfm-slow" waiting="0.00" lane="bottom_0" pos="25.06" speed="30.66" angle="49.37" x="112.26" y="15.25"/>
        <vehicle id="cfm-slow_5" eclass="HBEFA3/PC_G_EU4" CO2="0.00" CO="0.00" HC="0.00" NOx="0.00" PMx="0.00" fuel="0.00" electricity="0.00" noise="73.43" route="routebottom" type="cfm-slow" waiting="0.00" lane="right_0" pos="0.98" speed="32.58" angle="2.70" x="132.23" y="65.87"/>
    </timestep>
    <timestep time="7.65">
        <vehicle id="cfm-fast_0" eclass="HBEFA3/PC_G_EU4" CO2="167806.14" CO="3593.48" HC="20.56" NOx="78.13" PMx="4.44" fuel="72.13" electricity="0.00" noise="135.99" route="routebottom" type="cfm-fast" waiting="0.00" lane="right_1" pos="28.81" speed="43.83" angle="312.59" x="104.00" y="115.00"/>
        <vehicle id="cfm-fast_1" eclass="HBEFA3/PC_G_EU4" CO2="0.00" CO="0.00" HC="0.00" NOx="0.00" PMx="0.00" fuel="0.00" electricity="0.00" noise="69.67" route="routebottom" type="cfm-fast" waiting="0.00" lane="right_0" pos="34.59" speed="24.26" angle="302.29" x="95.62" y="124.38"/>
        <vehicle id="cfm-fast_2" eclass="HBEFA3/PC_G_EU4" CO2="0.00" CO="0.00" HC="0.00" NOx="0.00" PMx="0.00" fuel="0.00" electricity="0.00" noise="69.59" route="routebottom" type="cfm-fast" waiting="0.00" lane="right_0" pos="49.73" speed="23.02" angle="275.01" x="64.34" y="132.26"/>
        <vehicle id="cfm-fast_3" eclass="HBEFA3/PC_G_EU4" CO2="5442.78" CO="36.67" HC="0.30" NOx="1.96" PMx="0.10" fuel="2.34" electricity="0.00" noise="70.58" route="routetop" type="cfm-fast" waiting="0.00" lane="top_0" pos="13.67" speed="22.55" angle="249.86" x="35.06" y="126.02"/>
        <vehicle id="cfm-fast_4" eclass="HBEFA3/PC_G_EU4" CO2="0.00" CO="0.00" HC="0.00" NOx="0.00" PMx="0.00" fuel="0.00" electricity="0.00" noise="88.79" route="routetop" type="cfm-fast" waiting="0.00" lane="left_1" pos="3.94" speed="94.54" angle="177.44" x="-1.15" y="55.56"/>
        <vehicle id="cfm-fast_5" eclass="HBEFA3/PC_G_EU4" CO2="9205.48" CO="114.55" HC="0.75" NOx="3.73" PMx="0.19" fuel="3.96" electricity="0.00" noise="72.17" route="routetop" type="cfm-fast" waiting="0.00" lane="top_0" pos="27.23" speed="22.87" angle="225.50" x="11.88" y="108.66"/>
        <vehicle id="cfm-slow_0" eclass="HBEFA3/PC_G_EU4" CO2="11589.41" CO="165.30" HC="1.04" NOx="4.83" PMx="0.26" fuel="4.98" electricity="0.00" noise="73.53" route="routetop" type="cfm-slow" waiting="0.00" lane="top_0" pos="41.19" speed="23.79" angle="200.39" x="-2.31" y="82.47"/>
        <vehicle id="cfm-slow_1" eclass="HBEFA3/PC_G_EU4" CO2="13675.63" CO="211.60" HC="1.30" NOx="5.79" PMx="0.32" fuel="5.88" electricity="0.00" noise="74.79" route="routetop" type="cfm-slow" waiting="0.00" lane="left_0" pos="10.10" speed="25.02" angle="166.21" x="-1.51" y="42.20"/>
        <vehicle id="cfm-slow_2" eclass="HBEFA3/PC_G_EU4" CO2="17066.90" CO="286.95" HC="1.73" NOx="7.36" PMx="0.41" fuel="7.34" electricity="0.00" noise="76.67" route="routetop" type="cfm-slow" waiting="0.00" lane="left_0" pos="30.26" speed="26.46" angle="130.02" x="23.78" y="7.85"/>
        <vehicle id="cfm-slow_3" eclass="HBEFA3/PC_G_EU4" CO2="22776.66" CO="413.92" HC="2.45" NOx="10.01" PMx="0.56" fuel="9.79" electricity="0.00" noise="79.65" route="routebottom" type="cfm-slow" waiting="0.00" lane="bottom_0" pos="1.89" speed="28.27" angle="91.09" x="67.82" y="-4.81"/>
        <vehicle id="cfm-slow_4" eclass="HBEFA3/PC_G_EU4" CO2="21810.64" CO="410.80" HC="2.42" NOx="9.50" PMx="0.55" fuel="9.38" electricity="0.00" noise="79.32" route="routebottom" type="cfm-slow" waiting="0.00" lane="bottom_0" pos="25.37" speed="30.68" angle="48.80" x="112.73" y="15.72"/>
        <vehicle id="cfm-slow_5" eclass="HBEFA3/PC_G_EU4" CO2="0.00" CO="0.00" HC="0.00" NOx="0.00" PMx="0.00" fuel="0.00" electricity="0.00" noise="73.41" route="routebottom" type="cfm-slow" waiting="0.00" lane="right_0" pos="1.30" speed="32.56" angle="2.13" x="132.21" y="66.57"/>
    </timestep>
    <timestep time="7.66">
        <vehicle id="cfm-fast_0" eclass="HBEFA3/PC_G_EU4" CO2="168367.14" CO="3607.62" HC="20.64" NOx="78.39" PMx="4.46" fuel="72.37" electricity="0.00" noise="136.05" route="routebottom" type="cfm-fast" waiting="0.00" lane="right_1" pos="29.25" speed="43.96" angle="311.79" x="103.29" y="115.56"/>
        <vehicle id="cfm-fast_1" eclass="HBEFA3/PC_G_EU4" CO2="0.00" CO="0.00" HC="0.00" NOx="0.00" PMx="0.00" fuel="0.00" electricity="0.00" noise="69.67" route="routebottom" type="cfm-fast" waiting="0.00" lane="right_0" pos="34.84" speed="24.24" angle="301.87" x="95.16" y="124.61"/>
        <vehicle id="cfm-fast_2" eclass="HBEFA3/PC_G_EU4" CO2="0.00" CO="0.00" HC="0.00" NOx="0.00" PMx="0.00" fuel="0.00" electricity="0.00" noise="69.59" route="routebottom" type="cfm-fast" waiting="0.00" lane="right_0" pos="49.96" speed="23.02" angle="274.61" x="63.84" y="132.27"/>
        <vehicle id="cfm-fast_3" eclass="HBEFA3/PC_G_EU4" CO2="5477.65" CO="37.39" HC="0.30" NOx="1.98" PMx="0.10" fuel="2.35" electricity="0.00" noise="70.59" route="routetop" type="cfm-fast" waiting="0.00" lane="top_0" pos="13.89" speed="22.55" angle="249.45" x="34.62" y="125.82"/>
        <vehicle id="cfm-fast_4" eclass="HBEFA3/PC_G_EU4" CO2="0.00" CO="0.00" HC="0.00" NOx="0.00" PMx="0.00" fuel="0.00" electricity="0.00" noise="88.77" route="routetop" type="cfm-fast" waiting="0.00" lane="left_1" pos="4.89" speed="94.43" angle="175.71" x="-0.88" y="53.65"/>
        <vehicle id="cfm-fast_5" eclass="HBEFA3/PC_G_EU4" CO2="9227.11" CO="115.01" HC="0.75" NOx="3.74" PMx="0.19" fuel="3.97" electricity="0.00" noise="72.19" route="routetop" type="cfm-fast" waiting="0.00" lane="top_0" pos="27.46" speed="22.88" angle="225.07" x="11.56" y="108.28"/>
        <vehicle id="cfm-slow_0" eclass="HBEFA3/PC_G_EU4" CO2="11608.47" CO="165.72" HC="1.04" NOx="4.84" PMx="0.26" fuel="4.99" electricity="0.00" noise="73.54" route="routetop" type="cfm-slow" waiting="0.00" lane="top_0" pos="41.43" speed="23.80" angle="199.95" x="-2.45" y="81.97"/>
        <vehicle id="cfm-slow_1" eclass="HBEFA3/PC_G_EU4" CO2="13706.18" CO="212.27" HC="1.31" NOx="5.80" PMx="0.32" fuel="5.89" electricity="0.00" noise="74.81" route="routetop" type="cfm-slow" waiting="0.00" lane="left_0" pos="10.35" speed="25.03" angle="165.81" x="-1.34" y="41.69"/>
        <vehicle id="cfm-slow_2" eclass="HBEFA3/PC_G_EU4" CO2="17118.42" CO="288.09" HC="1.74" NOx="7.38" PMx="0.41" fuel="7.36" electricity="0.00" noise="76.69" route="routetop" type="cfm-slow" waiting="0.00" lane="left_0" pos="30.53" speed="26.48" angle="129.53" x="24.24" y="7.51"/>
        <vehicle id="cfm-slow_3" eclass="HBEFA3/PC_G_EU4" CO2="22773.44" CO="414.00" HC="2.45" NOx="10.01" PMx="0.56" fuel="9.79" electricity="0.00" noise="79.65" route="routebottom" type="cfm-slow" waiting="0.00" lane="bottom_0" pos="2.17" speed="28.30" angle="90.58" x="68.43" y="-4.77"/>
        <vehicle id="cfm-slow_4" eclass="HBEFA3/PC_G_EU4" CO2="21510.02" CO="404.76" HC="2.38" NOx="9.36" PMx="0.54" fuel="9.25" electricity="0.00" noise="79.19" route="routebottom" type="cfm-slow" waiting="0.00" lane="bottom_0" pos="25.68" speed="30.70" angle="48.29" x="113.19" y="16.19"/>
        <vehicle id="cfm-slow_5" eclass="HBEFA3/PC_G_EU4" CO2="0.00" CO="0.00" HC="0.00" NOx="0.00" PMx="0.00" fuel="0.00" electricity="0.00" noise="73.39" route="routebottom" type="cfm-slow" waiting="0.00" lane="right_0" pos="1.63" speed="32.53" angle="1.55" x="132.17" y="67.26"/>
    </timestep>
    <timestep time="7.67">
        <vehicle id="cfm-fast_0" eclass="HBEFA3/PC_G_EU4" CO2="168928.42" CO="3621.78" HC="20.72" NOx="78.66" PMx="4.48" fuel="72.61" electricity="0.00" noise="136.12" route="routebottom" type="cfm-fast" waiting="0.00" lane="right_1" pos="29.69" speed="44.10" angle="311.04" x="102.56" y="116.11"/>
        <vehicle id="cfm-fast_1" eclass="HBEFA3/PC_G_EU4" CO2="0.00" CO="0.00" HC="0.00" NOx="0.00" PMx="0.00" fuel="0.00" electricity="0.00" noise="69.66" route="routebottom" type="cfm-fast" waiting="0.00" lane="right_0" pos="35.08" speed="24.23" angle="301.43" x="94.69" y="124.85"/>
        <vehicle id="cfm-fast_2" eclass="HBEFA3/PC_G_EU4" CO2="0.00" CO="0.00" HC="0.00" NOx="0.00" PMx="0.00" fuel="0.00" electricity="0.00" noise="69.60" route="routetop" type="cfm-fast" waiting="0.00" lane="top_0" pos="0.19" speed="23.01" angle="274.13" x="63.15" y="132.26"/>
        <vehicle id="cfm-fast_3" eclass="HBEFA3/PC_G_EU4" CO2="5512.41" CO="38.11" HC="0.31" NOx="1.99" PMx="0.10" fuel="2.37" electricity="0.00" noise="70.61" route="routetop" type="cfm-fast" waiting="0.00" lane="top_0" pos="14.12" speed="22.56" angle="249.10" x="34.18" y="125.62"/>
        <vehicle id="cfm-fast_4" eclass="HBEFA3/PC_G_EU4" CO2="0.00" CO="0.00" HC="0.00" NOx="0.00" PMx="0.00" fuel="0.00" electricity="0.00" noise="88.75" route="routetop" type="cfm-fast" waiting="0.00" lane="left_1" pos="5.83" speed="94.33" angle="173.97" x="-0.54" y="51.74"/>
        <vehicle id="cfm-fast_5" eclass="HBEFA3/PC_G_EU4" CO2="9248.74" CO="115.47" HC="0.75" NOx="3.75" PMx="0.20" fuel="3.98" electricity="0.00" noise="72.20" route="routetop" type="cfm-fast" waiting="0.00" lane="top_0" pos="27.69" speed="22.89" angle="224.64" x="11.24" y="107.91"/>
        <vehicle id="cfm-slow_0" eclass="HBEFA3/PC_G_EU4" CO2="11627.65" CO="166.15" HC="1.04" NOx="4.85" PMx="0.26" fuel="5.00" electricity="0.00" noise="73.55" route="routetop" type="cfm-slow" waiting="0.00" lane="top_0" pos="41.67" speed="23.81" angle="199.51" x="-2.58" y="81.48"/>
        <vehicle id="cfm-slow_1" eclass="HBEFA3/PC_G_EU4" CO2="13736.92" CO="212.95" HC="1.31" NOx="5.82" PMx="0.32" fuel="5.90" electricity="0.00" noise="74.83" route="routetop" type="cfm-slow" waiting="0.00" lane="left_0" pos="10.60" speed="25.05" angle="165.35" x="-1.15" y="41.19"/>
        <vehicle id="cfm-slow_2" eclass="HBEFA3/PC_G_EU4" CO2="17169.49" CO="289.22" HC="1.75" NOx="7.40" PMx="0.41" fuel="7.38" electricity="0.00" noise="76.72" route="routetop" type="cfm-slow" waiting="0.00" lane="left_0" pos="30.79" speed="26.50" angle="129.11" x="24.71" y="7.18"/>
        <vehicle id="cfm-slow_3" eclass="HBEFA3/PC_G_EU4" CO2="22767.65" CO="414.02" HC="2.45" NOx="10.01" PMx="0.56" fuel="9.79" electricity="0.00" noise="79.65" route="routebottom" type="cfm-slow" waiting="0.00" lane="bottom_0" pos="2.45" speed="28.32" angle="90.07" x="69.04" y="-4.74"/>
        <vehicle id="cfm-slow_4" eclass="HBEFA3/PC_G_EU4" CO2="21208.07" CO="398.70" HC="2.35" NOx="9.22" PMx="0.53" fuel="9.12" electricity="0.00" noise="79.06" route="routebottom" type="cfm-slow" waiting="0.00" lane="bottom_0" pos="25.98" speed="30.72" angle="47.73" x="113.64" y="16.67"/>
        <vehicle id="cfm-slow_5" eclass="HBEFA3/PC_G_EU4" CO2="0.00" CO="0.00" HC="0.00" NOx="0.00" PMx="0.00" fuel="0.00" electricity="0.00" noise="73.37" route="routebottom" type="cfm-slow" waiting="0.00" lane="right_0" pos="1.95" speed="32.51" angle="0.97" x="132.13" y="67.96"/>
    </timestep>
    <timestep time="7.68">
        <vehicle id="cfm-fast_0" eclass="HBEFA3/PC_G_EU4" CO2="169490.00" CO="3635.97" HC="20.80" NOx="78.92" PMx="4.49" fuel="72.86" electricity="0.00" noise="136.19" route="routebottom" type="cfm-fast" waiting="0.00" lane="right_1" pos="30.13" speed="44.24" angle="310.23" x="101.83" y="116.64"/>
        <vehicle id="cfm-fast_1" eclass="HBEFA3/PC_G_EU4" CO2="0.00" CO="0.00" HC="0.00" NOx="0.00" PMx="0.00" fuel="0.00" electricity="0.00" noise="69.66" route="routebottom" type="cfm-fast" waiting="0.00" lane="right_0" pos="35.32" speed="24.22" angle="300.99" x="94.22" y="125.08"/>
        <vehicle id="cfm-fast_2" eclass="HBEFA3/PC_G_EU4" CO2="0.00" CO="0.00" HC="0.00" NOx="0.00" PMx="0.00" fuel="0.00" electricity="0.00" noise="69.61" route="routetop" type="cfm-fast" waiting="0.00" lane="top_0" pos="0.42" speed="23.01" angle="273.71" x="62.66" y="132.25"/>
        <vehicle id="cfm-fast_3" eclass="HBEFA3/PC_G_EU4" CO2="5547.07" CO="38.83" HC="0.31" NOx="2.01" PMx="0.10" fuel="2.38" electricity="0.00" noise="70.62" route="routetop" type="cfm-fast" waiting="0.00" lane="top_0" pos="14.35" speed="22.56" angle="248.67" x="33.74" y="125.41"/>
        <vehicle id="cfm-fast_4" eclass="HBEFA3/PC_G_EU4" CO2="0.00" CO="0.00" HC="0.00" NOx="0.00" PMx="0.00" fuel="0.00" electricity="0.00" noise="88.74" route="routetop" type="cfm-fast" waiting="0.00" lane="left_1" pos="6.77" speed="94.22" angle="172.28" x="-0.16" y="49.85"/>
        <vehicle id="cfm-fast_5" eclass="HBEFA3/PC_G_EU4" CO2="9270.35" CO="115.93" HC="0.76" NOx="3.76" PMx="0.20" fuel="3.98" electricity="0.00" noise="72.21" route="routetop" type="cfm-fast" waiting="0.00" lane="top_0" pos="27.92" speed="22.90" angle="224.21" x="10.92" y="107.53"/>
        <vehicle id="cfm-slow_0" eclass="HBEFA3/PC_G_EU4" CO2="11646.93" CO="166.57" HC="1.05" NOx="4.86" PMx="0.26" fuel="5.01" electricity="0.00" noise="73.57" route="routetop" type="cfm-slow" waiting="0.00" lane="top_0" pos="41.91" speed="23.82" angle="199.07" x="-2.71" y="80.98"/>
        <vehicle id="cfm-slow_1" eclass="HBEFA3/PC_G_EU4" CO2="13767.86" CO="213.64" HC="1.32" NOx="5.83" PMx="0.32" fuel="5.92" electricity="0.00" noise="74.85" route="routetop" type="cfm-slow" waiting="0.00" lane="left_0" pos="10.85" speed="25.06" angle="164.88" x="-0.97" y="40.68"/>
        <vehicle id="cfm-slow_2" eclass="HBEFA3/PC_G_EU4" CO2="17220.09" CO="290.34" HC="1.75" NOx="7.43" PMx="0.41" fuel="7.40" electricity="0.00" noise="76.75" route="routetop" type="cfm-slow" waiting="0.00" lane="left_0" pos="31.06" speed="26.51" angle="128.63" x="25.18" y="6.87"/>
        <vehicle id="cfm-slow_3" eclass="HBEFA3/PC_G_EU4" CO2="22759.30" CO="413.99" HC="2.45" NOx="10.00" PMx="0.56" fuel="9.78" electricity="0.00" noise="79.64" route="routebottom" type="cfm-slow" waiting="0.00" lane="bottom_0" pos="2.74" speed="28.35" angle="89.58" x="69.64" y="-4.68"/>
        <vehicle id="cfm-slow_4" eclass="HBEFA3/PC_G_EU4" CO2="20904.86" CO="392.60" HC="2.31" NOx="9.07" PMx="0.52" fuel="8.99" electricity="0.00" noise="78.93" route="routebottom" type="cfm-slow" waiting="0.00" lane="bottom_0" pos="26.29" speed="30.74" angle="47.17" x="114.09" y="17.16"/>
        <vehicle id="cfm-slow_5" eclass="HBEFA3/PC_G_EU4" CO2="0.00" CO="0.00" HC="0.00" NOx="0.00" PMx="0.00" fuel="0.00" electricity="0.00" noise="73.35" route="routebottom" type="cfm-slow" waiting="0.00" lane="right_0" pos="2.28" speed="32.49" angle="0.38" x="132.09" y="68.66"/>
    </timestep>
    <timestep time="7.69">
        <vehicle id="cfm-fast_0" eclass="HBEFA3/PC_G_EU4" CO2="170051.87" CO="3650.17" HC="20.88" NOx="79.18" PMx="4.51" fuel="73.10" electricity="0.00" noise="136.25" route="routebottom" type="cfm-fast" waiting="0.00" lane="right_1" pos="30.57" speed="44.37" angle="309.42" x="101.09" y="117.17"/>
        <vehicle id="cfm-fast_1" eclass="HBEFA3/PC_G_EU4" CO2="0.00" CO="0.00" HC="0.00" NOx="0.00" PMx="0.00" fuel="0.00" electricity="0.00" noise="69.66" route="routebottom" type="cfm-fast" waiting="0.00" lane="right_0" pos="35.56" speed="24.21" angle="300.55" x="93.76" y="125.31"/>
        <vehicle id="cfm-fast_2" eclass="HBEFA3/PC_G_EU4" CO2="0.00" CO="0.00" HC="0.00" NOx="0.00" PMx="0.00" fuel="0.00" electricity="0.00" noise="69.61" route="routetop" type="cfm-fast" waiting="0.00" lane="top_0" pos="0.65" speed="23.00" angle="273.29" x="62.17" y="132.24"/>
        <vehicle id="cfm-fast_3" eclass="HBEFA3/PC_G_EU4" CO2="5581.62" CO="39.54" HC="0.32" NOx="2.03" PMx="0.10" fuel="2.40" electricity="0.00" noise="70.63" route="routetop" type="cfm-fast" waiting="0.00" lane="top_0" pos="14.57" speed="22.56" angle="248.24" x="33.31" y="125.19"/>
        <vehicle id="cfm-fast_4" eclass="HBEFA3/PC_G_EU4" CO2="0.00" CO="0.00" HC="0.00" NOx="0.00" PMx="0.00" fuel="0.00" electricity="0.00" noise="88.72" route="routetop" type="cfm-fast" waiting="0.00" lane="left_1" pos="7.71" speed="94.11" angle="170.60" x="0.27" y="47.97"/>
        <vehicle id="cfm-fast_5" eclass="HBEFA3/PC_G_EU4" CO2="9291.96" CO="116.39" HC="0.76" NOx="3.77" PMx="0.20" fuel="3.99" electricity="0.00" noise="72.22" route="routetop" type="cfm-fast" waiting="0.00" lane="top_0" pos="28.15" speed="22.90" angle="223.82" x="10.60" y="107.16"/>
        <vehicle id="cfm-slow_0" eclass="HBEFA3/PC_G_EU4" CO2="11666.33" CO="167.00" HC="1.05" NOx="4.87" PMx="0.26" fuel="5.01" electricity="0.00" noise="73.58" route="routetop" type="cfm-slow" waiting="0.00" lane="top_0" pos="42.14" speed="23.84" angle="198.63" x="-2.84" y="80.49"/>
        <vehicle id="cfm-slow_1" eclass="HBEFA3/PC_G_EU4" CO2="13798.99" CO="214.33" HC="1.32" NOx="5.85" PMx="0.32" fuel="5.93" electricity="0.00" noise="74.86" route="routetop" type="cfm-slow" waiting="0.00" lane="left_0" pos="11.10" speed="25.08" angle="164.42" x="-0.79" y="40.17"/>
        <vehicle id="cfm-slow_2" eclass="HBEFA3/PC_G_EU4" CO2="17270.21" CO="291.46" HC="1.76" NOx="7.45" PMx="0.41" fuel="7.42" electricity="0.00" noise="76.78" route="routetop" type="cfm-slow" waiting="0.00" lane="left_0" pos="31.32" speed="26.53" angle="128.15" x="25.66" y="6.55"/>
        <vehicle id="cfm-slow_3" eclass="HBEFA3/PC_G_EU4" CO2="22748.40" CO="413.91" HC="2.45" NOx="10.00" PMx="0.56" fuel="9.78" electricity="0.00" noise="79.64" route="routebottom" type="cfm-slow" waiting="0.00" lane="bottom_0" pos="3.02" speed="28.37" angle="89.08" x="70.25" y="-4.62"/>
        <vehicle id="cfm-slow_4" eclass="HBEFA3/PC_G_EU4" CO2="20600.48" CO="386.48" HC="2.28" NOx="8.93" PMx="0.52" fuel="8.86" electricity="0.00" noise="78.80" route="routebottom" type="cfm-slow" waiting="0.00" lane="bottom_0" pos="26.60" speed="30.76" angle="46.61" x="114.54" y="17.64"/>
        <vehicle id="cfm-slow_5" eclass="HBEFA3/PC_G_EU4" CO2="0.00" CO="0.00" HC="0.00" NOx="0.00" PMx="0.00" fuel="0.00" electricity="0.00" noise="73.33" route="routebottom" type="cfm-slow" waiting="0.00" lane="right_0" pos="2.60" speed="32.46" angle="359.82" x="132.04" y="69.36"/>
    </timestep>
    <timestep time="7.70">
        <vehicle id="cfm-fast_0" eclass="HBEFA3/PC_G_EU4" CO2="170614.04" CO="3664.40" HC="20.96" NOx="79.44" PMx="4.52" fuel="73.34" electricity="0.00" noise="136.32" route="routebottom" type="cfm-fast" waiting="0.00" lane="right_1" pos="31.02" speed="44.51" angle="308.67" x="100.34" y="117.69"/>
        <vehicle id="cfm-fast_1" eclass="HBEFA3/PC_G_EU4" CO2="0.00" CO="0.00" HC="0.00" NOx="0.00" PMx="0.00" fuel="0.00" electricity="0.00" noise="69.66" route="routebottom" type="cfm-fast" waiting="0.00" lane="right_0" pos="35.81" speed="24.19" angle="300.12" x="93.29" y="125.55"/>
        <vehicle id="cfm-fast_2" eclass="HBEFA3/PC_G_EU4" CO2="0.00" CO="0.00" HC="0.00" NOx="0.00" PMx="0.00" fuel="0.00" electricity="0.00" noise="69.62" route="routetop" type="cfm-fast" waiting="0.00" lane="top_0" pos="0.88" speed="23.00" angle="272.88" x="61.67" y="132.23"/>
        <vehicle id="cfm-fast_3" eclass="HBEFA3/PC_G_EU4" CO2="5616.06" CO="40.26" HC="0.32" NOx="2.04" PMx="0.10" fuel="2.41" electricity="0.00" noise="70.65" route="routetop" type="cfm-fast" waiting="0.00" lane="top_0" pos="14.80" speed="22.57" angle="247.80" x="32.88" y="124.97"/>
        <vehicle id="cfm-fast_4" eclass="HBEFA3/PC_G_EU4" CO2="0.00" CO="0.00" HC="0.00" NOx="0.00" PMx="0.00" fuel="0.00" electricity="0.00" noise="88.70" route="routetop" type="cfm-fast" waiting="0.00" lane="left_1" pos="8.65" speed="94.00" angle="168.84" x="0.77" y="46.10"/>
        <vehicle id="cfm-fast_5" eclass="HBEFA3/PC_G_EU4" CO2="9313.56" CO="116.84" HC="0.76" NOx="3.78" PMx="0.20" fuel="4.00" electricity="0.00" noise="72.24" route="routetop" type="cfm-fast" waiting="0.00" lane="top_0" pos="28.38" speed="22.91" angle="223.43" x="10.29" y="106.77"/>
        <vehicle id="cfm-slow_0" eclass="HBEFA3/PC_G_EU4" CO2="11685.84" CO="167.43" HC="1.05" NOx="4.88" PMx="0.26" fuel="5.02" electricity="0.00" noise="73.59" route="routetop" type="cfm-slow" waiting="0.00" lane="top_0" pos="42.38" speed="23.85" angle="198.25" x="-2.97" y="79.99"/>
        <vehicle id="cfm-slow_1" eclass="HBEFA3/PC_G_EU4" CO2="13830.30" CO="215.02" HC="1.32" NOx="5.86" PMx="0.32" fuel="5.94" electricity="0.00" noise="74.88" route="routetop" type="cfm-slow" waiting="0.00" lane="left_0" pos="11.35" speed="25.09" angle="163.96" x="-0.61" y="39.66"/>
        <vehicle id="cfm-slow_2" eclass="HBEFA3/PC_G_EU4" CO2="17319.82" CO="292.56" HC="1.76" NOx="7.47" PMx="0.41" fuel="7.44" electricity="0.00" noise="76.80" route="routetop" type="cfm-slow" waiting="0.00" lane="left_0" pos="31.59" speed="26.55" angle="127.67" x="26.13" y="6.23"/>
        <vehicle id="cfm-slow_3" eclass="HBEFA3/PC_G_EU4" CO2="22734.95" CO="413.78" HC="2.45" NOx="9.99" PMx="0.56" fuel="9.77" electricity="0.00" noise="79.63" route="routebottom" type="cfm-slow" waiting="0.00" lane="bottom_0" pos="3.31" speed="28.39" angle="88.57" x="70.86" y="-4.56"/>
        <vehicle id="cfm-slow_4" eclass="HBEFA3/PC_G_EU4" CO2="20295.03" CO="380.34" HC="2.24" NOx="8.79" PMx="0.51" fuel="8.72" electricity="0.00" noise="78.67" route="routebottom" type="cfm-slow" waiting="0.00" lane="bottom_0" pos="26.91" speed="30.78" angle="46.11" x="114.99" y="18.13"/>
        <vehicle id="cfm-slow_5" eclass="HBEFA3/PC_G_EU4" CO2="0.00" CO="0.00" HC="0.00" NOx="0.00" PMx="0.00" fuel="0.00" electricity="0.00" noise="73.31" route="routebottom" type="cfm-slow" waiting="0.00" lane="right_0" pos="2.93" speed="32.44" angle="359.24" x="131.97" y="70.05"/>
    </timestep>
    <timestep time="7.71">
        <vehicle id="cfm-fast_0" eclass="HBEFA3/PC_G_EU4" CO2="171176.49" CO="3678.65" HC="21.04" NOx="79.71" PMx="4.54" fuel="73.58" electricity="0.00" noise="136.38" route="routebottom" type="cfm-fast" waiting="0.00" lane="right_1" pos="31.46" speed="44.65" angle="307.85" x="99.58" y="118.20"/>
        <vehicle id="cfm-fast_1" eclass="HBEFA3/PC_G_EU4" CO2="0.00" CO="0.00" HC="0.00" NOx="0.00" PMx="0.00" fuel="0.00" electricity="0.00" noise="69.65" route="routebottom" type="cfm-fast" waiting="0.00" lane="right_0" pos="36.05" speed="24.18" angle="299.71" x="92.82" y="125.77"/>
        <vehicle id="cfm-fast_2" eclass="HBEFA3/PC_G_EU4" CO2="0.00" CO="0.00" HC="0.00" NOx="0.00" PMx="0.00" fuel="0.00" electricity="0.00" noise="69.62" route="routetop" type="cfm-fast" waiting="0.00" lane="top_0" pos="1.11" speed="22.99" angle="272.46" x="61.18" y="132.22"/>
        <vehicle id="cfm-fast_3" eclass="HBEFA3/PC_G_EU4" CO2="5650.40" CO="40.97" HC="0.32" NOx="2.06" PMx="0.10" fuel="2.43" electricity="0.00" noise="70.66" route="routetop" type="cfm-fast" waiting="0.00" lane="top_0" pos="15.02" speed="22.57" angle="247.37" x="32.44" y="124.75"/>
        <vehicle id="cfm-fast_4" eclass="HBEFA3/PC_G_EU4" CO2="0.00" CO="0.00" HC="0.00" NOx="0.00" PMx="0.00" fuel="0.00" electricity="0.00" noise="88.68" route="routetop" type="cfm-fast" waiting="0.00" lane="left_1" pos="9.59" speed="93.89" angle="167.18" x="1.31" y="44.26"/>
        <vehicle id="cfm-fast_5" eclass="HBEFA3/PC_G_EU4" CO2="9335.15" CO="117.30" HC="0.76" NOx="3.79" PMx="0.20" fuel="4.01" electricity="0.00" noise="72.25" route="routetop" type="cfm-fast" waiting="0.00" lane="top_0" pos="28.61" speed="22.92" angle="223.02" x="9.99" y="106.38"/>
        <vehicle id="cfm-slow_0" eclass="HBEFA3/PC_G_EU4" CO2="11705.46" CO="167.86" HC="1.05" NOx="4.89" PMx="0.26" fuel="5.03" electricity="0.00" noise="73.60" route="routetop" type="cfm-slow" waiting="0.00" lane="top_0" pos="42.62" speed="23.86" angle="197.83" x="-3.09" y="79.49"/>
        <vehicle id="cfm-slow_1" eclass="HBEFA3/PC_G_EU4" CO2="13861.79" CO="215.72" HC="1.33" NOx="5.88" PMx="0.32" fuel="5.96" electricity="0.00" noise="74.90" route="routetop" type="cfm-slow" waiting="0.00" lane="left_0" pos="11.60" speed="25.10" angle="163.57" x="-0.42" y="39.16"/>
        <vehicle id="cfm-slow_2" eclass="HBEFA3/PC_G_EU4" CO2="17368.92" CO="293.66" HC="1.77" NOx="7.50" PMx="0.42" fuel="7.47" electricity="0.00" noise="76.83" route="routetop" type="cfm-slow" waiting="0.00" lane="left_0" pos="31.85" speed="26.57" angle="127.19" x="26.61" y="5.92"/>
        <vehicle id="cfm-slow_3" eclass="HBEFA3/PC_G_EU4" CO2="22718.98" CO="413.59" HC="2.45" NOx="9.98" PMx="0.56" fuel="9.77" electricity="0.00" noise="79.62" route="routebottom" type="cfm-slow" waiting="0.00" lane="bottom_0" pos="3.59" speed="28.42" angle="88.06" x="71.47" y="-4.50"/>
        <vehicle id="cfm-slow_4" eclass="HBEFA3/PC_G_EU4" CO2="19988.59" CO="374.17" HC="2.21" NOx="8.64" PMx="0.50" fuel="8.59" electricity="0.00" noise="78.55" route="routebottom" type="cfm-slow" waiting="0.00" lane="bottom_0" pos="27.21" speed="30.79" angle="45.54" x="115.42" y="18.64"/>
        <vehicle id="cfm-slow_5" eclass="HBEFA3/PC_G_EU4" CO2="0.00" CO="0.00" HC="0.00" NOx="0.00" PMx="0.00" fuel="0.00" electricity="0.00" noise="73.29" route="routebottom" type="cfm-slow" waiting="0.00" lane="right_0" pos="3.25" speed="32.41" angle="358.66" x="131.90" y="70.74"/>
    </timestep>
    <timestep time="7.72">
        <vehicle id="cfm-fast_0" eclass="HBEFA3/PC_G_EU4" CO2="171739.24" CO="3692.92" HC="21.12" NOx="79.97" PMx="4.56" fuel="73.82" electricity="0.00" noise="136.45" route="routebottom" type="cfm-fast" waiting="0.00" lane="right_1" pos="31.91" speed="44.78" angle="307.03" x="98.82" y="118.71"/>
        <vehicle id="cfm-fast_1" eclass="HBEFA3/PC_G_EU4" CO2="0.00" CO="0.00" HC="0.00" NOx="0.00" PMx="0.00" fuel="0.00" electricity="0.00" noise="69.65" route="routebottom" type="cfm-fast" waiting="0.00" lane="right_0" pos="36.29" speed="24.17" angle="299.24" x="92.35" y="125.98"/>
        <vehicle id="cfm-fast_2" eclass="HBEFA3/PC_G_EU4" CO2="0.00" CO="0.00" HC="0.00" NOx="0.00" PMx="0.00" fuel="0.00" electricity="0.00" noise="69.63" route="routetop" type="cfm-fast" waiting="0.00" lane="top_0" pos="1.34" speed="22.99" angle="272.07" x="60.68" y="132.21"/>
        <vehicle id="cfm-fast_3" eclass="HBEFA3/PC_G_EU4" CO2="5684.63" CO="41.68" HC="0.33" NOx="2.07" PMx="0.10" fuel="2.44" electricity="0.00" noise="70.67" route="routetop" type="cfm-fast" waiting="0.00" lane="top_0" pos="15.25" speed="22.57" angle="246.95" x="32.01" y="124.53"/>
        <vehicle id="cfm-fast_4" eclass="HBEFA3/PC_G_EU4" CO2="0.00" CO="0.00" HC="0.00" NOx="0.00" PMx="0.00" fuel="0.00" electricity="0.00" noise="88.66" route="routetop" type="cfm-fast" waiting="0.00" lane="left_1" pos="10.53" speed="93.78" angle="165.52" x="1.91" y="42.43"/>
        <vehicle id="cfm-fast_5" eclass="HBEFA3/PC_G_EU4" CO2="9356.73" CO="117.76" HC="0.77" NOx="3.80" PMx="0.20" fuel="4.02" electricity="0.00" noise="72.26" route="routetop" type="cfm-fast" waiting="0.00" lane="top_0" pos="28.84" speed="22.93" angle="222.60" x="9.68" y="106.00"/>
        <vehicle id="cfm-slow_0" eclass="HBEFA3/PC_G_EU4" CO2="11725.20" CO="168.29" HC="1.06" NOx="4.89" PMx="0.26" fuel="5.04" electricity="0.00" noise="73.62" route="routetop" type="cfm-slow" waiting="0.00" lane="top_0" pos="42.86" speed="23.87" angle="197.40" x="-3.20" y="78.99"/>
        <vehicle id="cfm-slow_1" eclass="HBEFA3/PC_G_EU4" CO2="13893.45" CO="216.42" HC="1.33" NOx="5.89" PMx="0.32" fuel="5.97" electricity="0.00" noise="74.92" route="routetop" type="cfm-slow" waiting="0.00" lane="left_0" pos="11.85" speed="25.12" angle="163.12" x="-0.22" y="38.65"/>
        <vehicle id="cfm-slow_2" eclass="HBEFA3/PC_G_EU4" CO2="17417.48" CO="294.74" HC="1.78" NOx="7.52" PMx="0.42" fuel="7.49" electricity="0.00" noise="76.85" route="routetop" type="cfm-slow" waiting="0.00" lane="left_0" pos="32.12" speed="26.59" angle="126.77" x="27.09" y="5.60"/>
        <vehicle id="cfm-slow_3" eclass="HBEFA3/PC_G_EU4" CO2="22700.47" CO="413.35" HC="2.45" NOx="9.97" PMx="0.56" fuel="9.76" electricity="0.00" noise="79.62" route="routebottom" type="cfm-slow" waiting="0.00" lane="bottom_0" pos="3.87" speed="28.44" angle="87.56" x="72.07" y="-4.43"/>
        <vehicle id="cfm-slow_4" eclass="HBEFA3/PC_G_EU4" CO2="19681.24" CO="367.98" HC="2.17" NOx="8.50" PMx="0.49" fuel="8.46" electricity="0.00" noise="78.42" route="routebottom" type="cfm-slow" waiting="0.00" lane="bottom_0" pos="27.52" speed="30.81" angle="44.96" x="115.85" y="19.14"/>
        <vehicle id="cfm-slow_5" eclass="HBEFA3/PC_G_EU4" CO2="0.00" CO="0.00" HC="0.00" NOx="0.00" PMx="0.00" fuel="0.00" electricity="0.00" noise="73.27" route="routebottom" type="cfm-slow" waiting="0.00" lane="right_0" pos="3.58" speed="32.38" angle="358.08" x="131.83" y="71.44"/>
    </timestep>
    <timestep time="7.73">
        <vehicle id="cfm-fast_0" eclass="HBEFA3/PC_G_EU4" CO2="172302.28" CO="3707.21" HC="21.20" NOx="80.23" PMx="4.57" fuel="74.06" electricity="0.00" noise="136.51" route="routebottom" type="cfm-fast" waiting="0.00" lane="right_1" pos="32.36" speed="44.92" angle="306.28" x="98.03" y="119.19"/>
        <vehicle id="cfm-fast_1" eclass="HBEFA3/PC_G_EU4" CO2="0.00" CO="0.00" HC="0.00" NOx="0.00" PMx="0.00" fuel="0.00" electricity="0.00" noise="69.65" route="routebottom" type="cfm-fast" waiting="0.00" lane="right_0" pos="36.53" speed="24.16" angle="298.77" x="91.87" y="126.19"/>
        <vehicle id="cfm-fast_2" eclass="HBEFA3/PC_G_EU4" CO2="0.00" CO="0.00" HC="0.00" NOx="0.00" PMx="0.00" fuel="0.00" electricity="0.00" noise="69.64" route="routetop" type="cfm-fast" waiting="0.00" lane="top_0" pos="1.57" speed="22.98" angle="271.65" x="60.19" y="132.18"/>
        <vehicle id="cfm-fast_3" eclass="HBEFA3/PC_G_EU4" CO2="5718.76" CO="42.38" HC="0.33" NOx="2.09" PMx="0.10" fuel="2.46" electricity="0.00" noise="70.68" route="routetop" type="cfm-fast" waiting="0.00" lane="top_0" pos="15.47" speed="22.58" angle="246.60" x="31.58" y="124.31"/>
        <vehicle id="cfm-fast_4" eclass="HBEFA3/PC_G_EU4" CO2="0.00" CO="0.00" HC="0.00" NOx="0.00" PMx="0.00" fuel="0.00" electricity="0.00" noise="88.65" route="routetop" type="cfm-fast" waiting="0.00" lane="left_1" pos="11.47" speed="93.67" angle="163.80" x="2.56" y="40.62"/>
        <vehicle id="cfm-fast_5" eclass="HBEFA3/PC_G_EU4" CO2="9378.31" CO="118.22" HC="0.77" NOx="3.81" PMx="0.20" fuel="4.03" electricity="0.00" noise="72.27" route="routetop" type="cfm-fast" waiting="0.00" lane="top_0" pos="29.07" speed="22.94" angle="222.18" x="9.38" y="105.61"/>
        <vehicle id="cfm-slow_0" eclass="HBEFA3/PC_G_EU4" CO2="11745.05" CO="168.73" HC="1.06" NOx="4.90" PMx="0.26" fuel="5.05" electricity="0.00" noise="73.63" route="routetop" type="cfm-slow" waiting="0.00" lane="top_0" pos="43.10" speed="23.89" angle="196.97" x="-3.32" y="78.49"/>
        <vehicle id="cfm-slow_1" eclass="HBEFA3/PC_G_EU4" CO2="13925.27" CO="217.12" HC="1.33" NOx="5.90" PMx="0.32" fuel="5.99" electricity="0.00" noise="74.94" route="routetop" type="cfm-slow" waiting="0.00" lane="left_0" pos="12.11" speed="25.13" angle="162.68" x="-0.02" y="38.15"/>
        <vehicle id="cfm-slow_2" eclass="HBEFA3/PC_G_EU4" CO2="17465.48" CO="295.81" HC="1.78" NOx="7.54" PMx="0.42" fuel="7.51" electricity="0.00" noise="76.88" route="routetop" type="cfm-slow" waiting="0.00" lane="left_0" pos="32.38" speed="26.61" angle="126.28" x="27.58" y="5.31"/>
        <vehicle id="cfm-slow_3" eclass="HBEFA3/PC_G_EU4" CO2="22679.45" CO="413.06" HC="2.45" NOx="9.96" PMx="0.56" fuel="9.75" electricity="0.00" noise="79.61" route="routebottom" type="cfm-slow" waiting="0.00" lane="bottom_0" pos="4.16" speed="28.46" angle="87.05" x="72.68" y="-4.35"/>
        <vehicle id="cfm-slow_4" eclass="HBEFA3/PC_G_EU4" CO2="19373.07" CO="361.76" HC="2.14" NOx="8.35" PMx="0.48" fuel="8.33" electricity="0.00" noise="78.30" route="routebottom" type="cfm-slow" waiting="0.00" lane="bottom_0" pos="27.83" speed="30.83" angle="44.39" x="116.28" y="19.65"/>
        <vehicle id="cfm-slow_5" eclass="HBEFA3/PC_G_EU4" CO2="0.00" CO="0.00" HC="0.00" NOx="0.00" PMx="0.00" fuel="0.00" electricity="0.00" noise="73.25" route="routebottom" type="cfm-slow" waiting="0.00" lane="right_0" pos="3.90" speed="32.36" angle="357.52" x="131.75" y="72.13"/>
    </timestep>
    <timestep time="7.74">
        <vehicle id="cfm-fast_0" eclass="HBEFA3/PC_G_EU4" CO2="172865.61" CO="3721.53" HC="21.28" NOx="80.50" PMx="4.59" fuel="74.31" electricity="0.00" noise="136.58" route="routebottom" type="cfm-fast" waiting="0.00" lane="right_1" pos="32.81" speed="45.06" angle="305.46" x="97.24" y="119.67"/>
        <vehicle id="cfm-fast_1" eclass="HBEFA3/PC_G_EU4" CO2="0.00" CO="0.00" HC="0.00" NOx="0.00" PMx="0.00" fuel="0.00" electricity="0.00" noise="69.65" route="routebottom" type="cfm-fast" waiting="0.00" lane="right_0" pos="36.77" speed="24.15" angle="298.30" x="91.40" y="126.41"/>
        <vehicle id="cfm-fast_2" eclass="HBEFA3/PC_G_EU4" CO2="0.00" CO="0.00" HC="0.00" NOx="0.00" PMx="0.00" fuel="0.00" electricity="0.00" noise="69.64" route="routetop" type="cfm-fast" waiting="0.00" lane="top_0" pos="1.80" speed="22.98" angle="271.24" x="59.69" y="132.15"/>
        <vehicle id="cfm-fast_3" eclass="HBEFA3/PC_G_EU4" CO2="5752.79" CO="43.09" HC="0.34" NOx="2.11" PMx="0.10" fuel="2.47" electricity="0.00" noise="70.70" route="routetop" type="cfm-fast" waiting="0.00" lane="top_0" pos="15.70" speed="22.58" angle="246.19" x="31.15" y="124.07"/>
        <vehicle id="cfm-fast_4" eclass="HBEFA3/PC_G_EU4" CO2="0.00" CO="0.00" HC="0.00" NOx="0.00" PMx="0.00" fuel="0.00" electricity="0.00" noise="88.63" route="routetop" type="cfm-fast" waiting="0.00" lane="left_1" pos="12.40" speed="93.56" angle="162.15" x="3.26" y="38.84"/>
        <vehicle id="cfm-fast_5" eclass="HBEFA3/PC_G_EU4" CO2="9399.88" CO="118.68" HC="0.77" NOx="3.82" PMx="0.20" fuel="4.04" electricity="0.00" noise="72.29" route="routetop" type="cfm-fast" waiting="0.00" lane="top_0" pos="29.30" speed="22.95" angle="221.76" x="9.08" y="105.22"/>
        <vehicle id="cfm-slow_0" eclass="HBEFA3/PC_G_EU4" CO2="11765.01" CO="169.17" HC="1.06" NOx="4.91" PMx="0.26" fuel="5.06" electricity="0.00" noise="73.64" route="routetop" type="cfm-slow" waiting="0.00" lane="top_0" pos="43.34" speed="23.90" angle="196.55" x="-3.43" y="77.99"/>
        <vehicle id="cfm-slow_1" eclass="HBEFA3/PC_G_EU4" CO2="13957.25" CO="217.83" HC="1.34" NOx="5.92" PMx="0.32" fuel="6.00" electricity="0.00" noise="74.95" route="routetop" type="cfm-slow" waiting="0.00" lane="left_0" pos="12.36" speed="25.15" angle="162.23" x="0.18" y="37.65"/>
        <vehicle id="cfm-slow_2" eclass="HBEFA3/PC_G_EU4" CO2="17512.91" CO="296.87" HC="1.79" NOx="7.56" PMx="0.42" fuel="7.53" electricity="0.00" noise="76.91" route="routetop" type="cfm-slow" waiting="0.00" lane="left_0" pos="32.65" speed="26.62" angle="125.78" x="28.07" y="5.01"/>
        <vehicle id="cfm-slow_3" eclass="HBEFA3/PC_G_EU4" CO2="22655.93" CO="412.72" HC="2.45" NOx="9.95" PMx="0.56" fuel="9.74" electricity="0.00" noise="79.59" route="routebottom" type="cfm-slow" waiting="0.00" lane="bottom_0" pos="4.44" speed="28.49" angle="86.53" x="73.29" y="-4.26"/>
        <vehicle id="cfm-slow_4" eclass="HBEFA3/PC_G_EU4" CO2="19064.15" CO="355.53" HC="2.10" NOx="8.20" PMx="0.48" fuel="8.19" electricity="0.00" noise="78.18" route="routebottom" type="cfm-slow" waiting="0.00" lane="bottom_0" pos="28.14" speed="30.84" angle="43.84" x="116.71" y="20.16"/>
        <vehicle id="cfm-slow_5" eclass="HBEFA3/PC_G_EU4" CO2="0.00" CO="0.00" HC="0.00" NOx="0.00" PMx="0.00" fuel="0.00" electricity="0.00" noise="73.24" route="routebottom" type="cfm-slow" waiting="0.00" lane="right_0" pos="4.22" speed="32.33" angle="356.93" x="131.65" y="72.82"/>
    </timestep>
    <timestep time="7.75">
        <vehicle id="cfm-fast_0" eclass="HBEFA3/PC_G_EU4" CO2="173429.23" CO="3735.86" HC="21.36" NOx="80.76" PMx="4.60" fuel="74.55" electricity="0.00" noise="136.65" route="routebottom" type="cfm-fast" waiting="0.00" lane="right_1" pos="33.26" speed="45.19" angle="304.66" x="96.45" y="120.14"/>
        <vehicle id="cfm-fast_1" eclass="HBEFA3/PC_G_EU4" CO2="0.00" CO="0.00" HC="0.00" NOx="0.00" PMx="0.00" fuel="0.00" electricity="0.00" noise="69.64" route="routebottom" type="cfm-fast" waiting="0.00" lane="right_0" pos="37.01" speed="24.14" angle="297.83" x="90.93" y="126.62"/>
        <vehicle id="cfm-fast_2" eclass="HBEFA3/PC_G_EU4" CO2="0.00" CO="0.00" HC="0.00" NOx="0.00" PMx="0.00" fuel="0.00" electricity="0.00" noise="69.65" route="routetop" type="cfm-fast" waiting="0.00" lane="top_0" pos="2.03" speed="22.98" angle="270.83" x="59.20" y="132.12"/>
        <vehicle id="cfm-fast_3" eclass="HBEFA3/PC_G_EU4" CO2="5786.71" CO="43.79" HC="0.34" NOx="2.12" PMx="0.10" fuel="2.49" electricity="0.00" noise="70.71" route="routetop" type="cfm-fast" waiting="0.00" lane="top_0" pos="15.93" speed="22.58" angle="245.78" x="30.73" y="123.84"/>
        <vehicle id="cfm-fast_4" eclass="HBEFA3/PC_G_EU4" CO2="0.00" CO="0.00" HC="0.00" NOx="0.00" PMx="0.00" fuel="0.00" electricity="0.00" noise="88.61" route="routetop" type="cfm-fast" waiting="0.00" lane="left_1" pos="13.34" speed="93.44" angle="160.51" x="4.01" y="37.08"/>
        <vehicle id="cfm-fast_5" eclass="HBEFA3/PC_G_EU4" CO2="9421.45" CO="119.14" HC="0.77" NOx="3.83" PMx="0.20" fuel="4.05" electricity="0.00" noise="72.30" route="routetop" type="cfm-fast" waiting="0.00" lane="top_0" pos="29.53" speed="22.96" angle="221.40" x="8.77" y="104.83"/>
        <vehicle id="cfm-slow_0" eclass="HBEFA3/PC_G_EU4" CO2="11785.09" CO="169.61" HC="1.06" NOx="4.92" PMx="0.26" fuel="5.07" electricity="0.00" noise="73.65" route="routetop" type="cfm-slow" waiting="0.00" lane="top_0" pos="43.58" speed="23.91" angle="196.16" x="-3.55" y="77.49"/>
        <vehicle id="cfm-slow_1" eclass="HBEFA3/PC_G_EU4" CO2="13989.37" CO="218.54" HC="1.34" NOx="5.93" PMx="0.32" fuel="6.01" electricity="0.00" noise="74.97" route="routetop" type="cfm-slow" waiting="0.00" lane="left_0" pos="12.61" speed="25.16" angle="161.78" x="0.38" y="37.15"/>
        <vehicle id="cfm-slow_2" eclass="HBEFA3/PC_G_EU4" CO2="17559.75" CO="297.92" HC="1.79" NOx="7.59" PMx="0.42" fuel="7.55" electricity="0.00" noise="76.93" route="routetop" type="cfm-slow" waiting="0.00" lane="left_0" pos="32.92" speed="26.64" angle="125.28" x="28.56" y="4.72"/>
        <vehicle id="cfm-slow_3" eclass="HBEFA3/PC_G_EU4" CO2="22629.91" CO="412.33" HC="2.44" NOx="9.94" PMx="0.56" fuel="9.73" electricity="0.00" noise="79.58" route="routebottom" type="cfm-slow" waiting="0.00" lane="bottom_0" pos="4.73" speed="28.51" angle="86.01" x="73.90" y="-4.18"/>
        <vehicle id="cfm-slow_4" eclass="HBEFA3/PC_G_EU4" CO2="18754.58" CO="349.29" HC="2.06" NOx="8.06" PMx="0.47" fuel="8.06" electricity="0.00" noise="78.06" route="routebottom" type="cfm-slow" waiting="0.00" lane="bottom_0" pos="28.45" speed="30.86" angle="43.30" x="117.12" y="20.67"/>
        <vehicle id="cfm-slow_5" eclass="HBEFA3/PC_G_EU4" CO2="0.00" CO="0.00" HC="0.00" NOx="0.00" PMx="0.00" fuel="0.00" electricity="0.00" noise="73.22" route="routebottom" type="cfm-slow" waiting="0.00" lane="right_0" pos="4.55" speed="32.30" angle="356.35" x="131.55" y="73.51"/>
    </timestep>
    <timestep time="7.76">
        <vehicle id="cfm-fast_0" eclass="HBEFA3/PC_G_EU4" CO2="173993.15" CO="3750.22" HC="21.44" NOx="81.02" PMx="4.62" fuel="74.79" electricity="0.00" noise="136.71" route="routebottom" type="cfm-fast" waiting="0.00" lane="right_1" pos="33.72" speed="45.33" angle="303.86" x="95.64" y="120.60"/>
        <vehicle id="cfm-fast_1" eclass="HBEFA3/PC_G_EU4" CO2="0.00" CO="0.00" HC="0.00" NOx="0.00" PMx="0.00" fuel="0.00" electricity="0.00" noise="69.64" route="routebottom" type="cfm-fast" waiting="0.00" lane="right_0" pos="37.25" speed="24.12" angle="297.46" x="90.45" y="126.83"/>
        <vehicle id="cfm-fast_2" eclass="HBEFA3/PC_G_EU4" CO2="0.00" CO="0.00" HC="0.00" NOx="0.00" PMx="0.00" fuel="0.00" electricity="0.00" noise="69.66" route="routetop" type="cfm-fast" waiting="0.00" lane="top_0" pos="2.26" speed="22.97" angle="270.42" x="58.71" y="132.09"/>
        <vehicle id="cfm-fast_3" eclass="HBEFA3/PC_G_EU4" CO2="5820.54" CO="44.49" HC="0.35" NOx="2.14" PMx="0.11" fuel="2.50" electricity="0.00" noise="70.72" route="routetop" type="cfm-fast" waiting="0.00" lane="top_0" pos="16.15" speed="22.59" angle="245.37" x="30.30" y="123.60"/>
        <vehicle id="cfm-fast_4" eclass="HBEFA3/PC_G_EU4" CO2="0.00" CO="0.00" HC="0.00" NOx="0.00" PMx="0.00" fuel="0.00" electricity="0.00" noise="88.59" route="routetop" type="cfm-fast" waiting="0.00" lane="left_1" pos="14.27" speed="93.33" angle="158.85" x="4.81" y="35.34"/>
        <vehicle id="cfm-fast_5" eclass="HBEFA3/PC_G_EU4" CO2="9443.02" CO="119.59" HC="0.78" NOx="3.84" PMx="0.20" fuel="4.06" electricity="0.00" noise="72.31" route="routetop" type="cfm-fast" waiting="0.00" lane="top_0" pos="29.76" speed="22.97" angle="220.97" x="8.48" y="104.43"/>
        <vehicle id="cfm-slow_0" eclass="HBEFA3/PC_G_EU4" CO2="11805.28" CO="170.06" HC="1.07" NOx="4.93" PMx="0.26" fuel="5.07" electricity="0.00" noise="73.67" route="routetop" type="cfm-slow" waiting="0.00" lane="top_0" pos="43.82" speed="23.92" angle="195.74" x="-3.64" y="76.98"/>
        <vehicle id="cfm-slow_1" eclass="HBEFA3/PC_G_EU4" CO2="14021.65" CO="219.25" HC="1.35" NOx="5.95" PMx="0.32" fuel="6.03" electricity="0.00" noise="74.99" route="routetop" type="cfm-slow" waiting="0.00" lane="left_0" pos="12.86" speed="25.18" angle="161.38" x="0.59" y="36.65"/>
        <vehicle id="cfm-slow_2" eclass="HBEFA3/PC_G_EU4" CO2="17605.99" CO="298.96" HC="1.80" NOx="7.61" PMx="0.42" fuel="7.57" electricity="0.00" noise="76.96" route="routetop" type="cfm-slow" waiting="0.00" lane="left_0" pos="33.18" speed="26.66" angle="124.78" x="29.05" y="4.42"/>
        <vehicle id="cfm-slow_3" eclass="HBEFA3/PC_G_EU4" CO2="22601.41" CO="411.88" HC="2.44" NOx="9.92" PMx="0.56" fuel="9.72" electricity="0.00" noise="79.57" route="routebottom" type="cfm-slow" waiting="0.00" lane="bottom_0" pos="5.01" speed="28.53" angle="85.42" x="74.50" y="-4.09"/>
        <vehicle id="cfm-slow_4" eclass="HBEFA3/PC_G_EU4" CO2="18444.42" CO="343.03" HC="2.03" NOx="7.91" PMx="0.46" fuel="7.93" electricity="0.00" noise="77.94" route="routebottom" type="cfm-slow" waiting="0.00" lane="bottom_0" pos="28.76" speed="30.87" angle="42.72" x="117.53" y="21.20"/>
        <vehicle id="cfm-slow_5" eclass="HBEFA3/PC_G_EU4" CO2="0.00" CO="0.00" HC="0.00" NOx="0.00" PMx="0.00" fuel="0.00" electricity="0.00" noise="73.20" route="routebottom" type="cfm-slow" waiting="0.00" lane="right_0" pos="4.87" speed="32.28" angle="355.76" x="131.46" y="74.19"/>
    </timestep>
    <timestep time="7.77">
        <vehicle id="cfm-fast_0" eclass="HBEFA3/PC_G_EU4" CO2="174557.36" CO="3764.60" HC="21.51" NOx="81.29" PMx="4.64" fuel="75.03" electricity="0.00" noise="136.78" route="routebottom" type="cfm-fast" waiting="0.00" lane="right_1" pos="34.17" speed="45.46" angle="303.03" x="94.82" y="121.05"/>
        <vehicle id="cfm-fast_1" eclass="HBEFA3/PC_G_EU4" CO2="0.00" CO="0.00" HC="0.00" NOx="0.00" PMx="0.00" fuel="0.00" electricity="0.00" noise="69.64" route="routebottom" type="cfm-fast" waiting="0.00" lane="right_0" pos="37.50" speed="24.11" angle="297.02" x="89.97" y="127.02"/>
        <vehicle id="cfm-fast_2" eclass="HBEFA3/PC_G_EU4" CO2="0.00" CO="0.00" HC="0.00" NOx="0.00" PMx="0.00" fuel="0.00" electricity="0.00" noise="69.66" route="routetop" type="cfm-fast" waiting="0.00" lane="top_0" pos="2.49" speed="22.97" angle="270.01" x="58.21" y="132.06"/>
        <vehicle id="cfm-fast_3" eclass="HBEFA3/PC_G_EU4" CO2="5854.26" CO="45.19" HC="0.35" NOx="2.15" PMx="0.11" fuel="2.52" electricity="0.00" noise="70.74" route="routetop" type="cfm-fast" waiting="0.00" lane="top_0" pos="16.38" speed="22.59" angle="244.97" x="29.88" y="123.37"/>
        <vehicle id="cfm-fast_4" eclass="HBEFA3/PC_G_EU4" CO2="0.00" CO="0.00" HC="0.00" NOx="0.00" PMx="0.00" fuel="0.00" electricity="0.00" noise="88.57" route="routetop" type="cfm-fast" waiting="0.00" lane="left_1" pos="15.20" speed="93.21" angle="157.12" x="5.67" y="33.63"/>
        <vehicle id="cfm-fast_5" eclass="HBEFA3/PC_G_EU4" CO2="9464.59" CO="120.05" HC="0.78" NOx="3.85" PMx="0.20" fuel="4.07" electricity="0.00" noise="72.33" route="routetop" type="cfm-fast" waiting="0.00" lane="top_0" pos="29.99" speed="22.98" angle="220.55" x="8.20" y="104.03"/>
        <vehicle id="cfm-slow_0" eclass="HBEFA3/PC_G_EU4" CO2="11825.59" CO="170.50" HC="1.07" NOx="4.94" PMx="0.26" fuel="5.08" electricity="0.00" noise="73.68" route="routetop" type="cfm-slow" waiting="0.00" lane="top_0" pos="44.06" speed="23.94" angle="195.29" x="-3.74" y="76.47"/>
        <vehicle id="cfm-slow_1" eclass="HBEFA3/PC_G_EU4" CO2="14054.06" CO="219.97" HC="1.35" NOx="5.96" PMx="0.33" fuel="6.04" electricity="0.00" noise="75.01" route="routetop" type="cfm-slow" waiting="0.00" lane="left_0" pos="13.11" speed="25.19" angle="160.91" x="0.81" y="36.15"/>
        <vehicle id="cfm-slow_2" eclass="HBEFA3/PC_G_EU4" CO2="17651.60" CO="299.98" HC="1.81" NOx="7.63" PMx="0.42" fuel="7.59" electricity="0.00" noise="76.98" route="routetop" type="cfm-slow" waiting="0.00" lane="left_0" pos="33.45" speed="26.68" angle="124.35" x="29.55" y="4.14"/>
        <vehicle id="cfm-slow_3" eclass="HBEFA3/PC_G_EU4" CO2="22570.44" CO="411.39" HC="2.44" NOx="9.91" PMx="0.56" fuel="9.70" electricity="0.00" noise="79.55" route="routebottom" type="cfm-slow" waiting="0.00" lane="bottom_0" pos="5.30" speed="28.56" angle="84.94" x="75.11" y="-3.99"/>
        <vehicle id="cfm-slow_4" eclass="HBEFA3/PC_G_EU4" CO2="18133.75" CO="336.75" HC="1.99" NOx="7.76" PMx="0.45" fuel="7.79" electricity="0.00" noise="77.82" route="routebottom" type="cfm-slow" waiting="0.00" lane="bottom_0" pos="29.06" speed="30.89" angle="42.15" x="117.94" y="21.72"/>
        <vehicle id="cfm-slow_5" eclass="HBEFA3/PC_G_EU4" CO2="0.00" CO="0.00" HC="0.00" NOx="0.00" PMx="0.00" fuel="0.00" electricity="0.00" noise="73.18" route="routebottom" type="cfm-slow" waiting="0.00" lane="right_0" pos="5.19" speed="32.25" angle="355.13" x="131.35" y="74.88"/>
    </timestep>
    <timestep time="7.78">
        <vehicle id="cfm-fast_0" eclass="HBEFA3/PC_G_EU4" CO2="175121.85" CO="3779.00" HC="21.59" NOx="81.55" PMx="4.65" fuel="75.28" electricity="0.00" noise="136.84" route="routebottom" type="cfm-fast" waiting="0.00" lane="right_1" pos="34.63" speed="45.60" angle="302.25" x="94.00" y="121.50"/>
        <vehicle id="cfm-fast_1" eclass="HBEFA3/PC_G_EU4" CO2="0.00" CO="0.00" HC="0.00" NOx="0.00" PMx="0.00" fuel="0.00" electricity="0.00" noise="69.64" route="routebottom" type="cfm-fast" waiting="0.00" lane="right_0" pos="37.74" speed="24.10" angle="296.59" x="89.49" y="127.21"/>
        <vehicle id="cfm-fast_2" eclass="HBEFA3/PC_G_EU4" CO2="0.00" CO="0.00" HC="0.00" NOx="0.00" PMx="0.00" fuel="0.00" electricity="0.00" noise="69.67" route="routetop" type="cfm-fast" waiting="0.00" lane="top_0" pos="2.72" speed="22.96" angle="269.61" x="57.72" y="132.02"/>
        <vehicle id="cfm-fast_3" eclass="HBEFA3/PC_G_EU4" CO2="5887.89" CO="45.89" HC="0.35" NOx="2.17" PMx="0.11" fuel="2.53" electricity="0.00" noise="70.75" route="routetop" type="cfm-fast" waiting="0.00" lane="top_0" pos="16.60" speed="22.59" angle="244.59" x="29.45" y="123.13"/>
        <vehicle id="cfm-fast_4" eclass="HBEFA3/PC_G_EU4" CO2="0.00" CO="0.00" HC="0.00" NOx="0.00" PMx="0.00" fuel="0.00" electricity="0.00" noise="88.55" route="routetop" type="cfm-fast" waiting="0.00" lane="left_1" pos="16.13" speed="93.09" angle="155.47" x="6.58" y="31.95"/>
        <vehicle id="cfm-fast_5" eclass="HBEFA3/PC_G_EU4" CO2="9486.16" CO="120.51" HC="0.78" NOx="3.86" PMx="0.20" fuel="4.08" electricity="0.00" noise="72.34" route="routetop" type="cfm-fast" waiting="0.00" lane="top_0" pos="30.22" speed="22.99" angle="220.12" x="7.91" y="103.62"/>
        <vehicle id="cfm-slow_0" eclass="HBEFA3/PC_G_EU4" CO2="11846.01" CO="170.95" HC="1.07" NOx="4.95" PMx="0.27" fuel="5.09" electricity="0.00" noise="73.69" route="routetop" type="cfm-slow" waiting="0.00" lane="top_0" pos="44.29" speed="23.95" angle="194.84" x="-3.83" y="75.97"/>
        <vehicle id="cfm-slow_1" eclass="HBEFA3/PC_G_EU4" CO2="14086.61" CO="220.69" HC="1.36" NOx="5.98" PMx="0.33" fuel="6.06" electricity="0.00" noise="75.03" route="routetop" type="cfm-slow" waiting="0.00" lane="left_0" pos="13.36" speed="25.21" angle="160.44" x="1.04" y="35.66"/>
        <vehicle id="cfm-slow_2" eclass="HBEFA3/PC_G_EU4" CO2="17696.57" CO="300.99" HC="1.81" NOx="7.65" PMx="0.43" fuel="7.61" electricity="0.00" noise="77.00" route="routetop" type="cfm-slow" waiting="0.00" lane="left_0" pos="33.72" speed="26.70" angle="123.86" x="30.05" y="3.86"/>
        <vehicle id="cfm-slow_3" eclass="HBEFA3/PC_G_EU4" CO2="22537.02" CO="410.84" HC="2.43" NOx="9.89" PMx="0.56" fuel="9.69" electricity="0.00" noise="79.54" route="routebottom" type="cfm-slow" waiting="0.00" lane="bottom_0" pos="5.59" speed="28.58" angle="84.42" x="75.71" y="-3.88"/>
        <vehicle id="cfm-slow_4" eclass="HBEFA3/PC_G_EU4" CO2="17822.66" CO="330.47" HC="1.95" NOx="7.62" PMx="0.44" fuel="7.66" electricity="0.00" noise="77.70" route="routebottom" type="cfm-slow" waiting="0.00" lane="bottom_0" pos="29.37" speed="30.90" angle="41.58" x="118.35" y="22.24"/>
        <vehicle id="cfm-slow_5" eclass="HBEFA3/PC_G_EU4" CO2="0.00" CO="0.00" HC="0.00" NOx="0.00" PMx="0.00" fuel="0.00" electricity="0.00" noise="73.17" route="routebottom" type="cfm-slow" waiting="0.00" lane="right_0" pos="5.51" speed="32.22" angle="354.53" x="131.22" y="75.56"/>
    </timestep>
    <timestep time="7.79">
        <vehicle id="cfm-fast_0" eclass="HBEFA3/PC_G_EU4" CO2="175686.65" CO="3793.42" HC="21.67" NOx="81.81" PMx="4.67" fuel="75.52" electricity="0.00" noise="136.91" route="routebottom" type="cfm-fast" waiting="0.00" lane="right_1" pos="35.09" speed="45.74" angle="301.40" x="93.16" y="121.92"/>
        <vehicle id="cfm-fast_1" eclass="HBEFA3/PC_G_EU4" CO2="0.00" CO="0.00" HC="0.00" NOx="0.00" PMx="0.00" fuel="0.00" electricity="0.00" noise="69.64" route="routebottom" type="cfm-fast" waiting="0.00" lane="right_0" pos="37.98" speed="24.09" angle="296.15" x="89.01" y="127.40"/>
        <vehicle id="cfm-fast_2" eclass="HBEFA3/PC_G_EU4" CO2="0.00" CO="0.00" HC="0.00" NOx="0.00" PMx="0.00" fuel="0.00" electricity="0.00" noise="69.68" route="routetop" type="cfm-fast" waiting="0.00" lane="top_0" pos="2.95" speed="22.96" angle="269.20" x="57.23" y="131.97"/>
        <vehicle id="cfm-fast_3" eclass="HBEFA3/PC_G_EU4" CO2="5921.41" CO="46.58" HC="0.36" NOx="2.19" PMx="0.11" fuel="2.55" electricity="0.00" noise="70.76" route="routetop" type="cfm-fast" waiting="0.00" lane="top_0" pos="16.83" speed="22.60" angle="244.20" x="29.03" y="122.89"/>
        <vehicle id="cfm-fast_4" eclass="HBEFA3/PC_G_EU4" CO2="0.00" CO="0.00" HC="0.00" NOx="0.00" PMx="0.00" fuel="0.00" electricity="0.00" noise="88.53" route="routetop" type="cfm-fast" waiting="0.00" lane="left_1" pos="17.06" speed="92.97" angle="153.80" x="7.53" y="30.30"/>
        <vehicle id="cfm-fast_5" eclass="HBEFA3/PC_G_EU4" CO2="9507.72" CO="120.97" HC="0.79" NOx="3.87" PMx="0.20" fuel="4.09" electricity="0.00" noise="72.35" route="routetop" type="cfm-fast" waiting="0.00" lane="top_0" pos="30.45" speed="23.00" angle="219.69" x="7.62" y="103.22"/>
        <vehicle id="cfm-slow_0" eclass="HBEFA3/PC_G_EU4" CO2="11866.55" CO="171.41" HC="1.07" NOx="4.96" PMx="0.27" fuel="5.10" electricity="0.00" noise="73.70" route="routetop" type="cfm-slow" waiting="0.00" lane="top_0" pos="44.53" speed="23.96" angle="194.39" x="-3.92" y="75.46"/>
        <vehicle id="cfm-slow_1" eclass="HBEFA3/PC_G_EU4" CO2="14119.28" CO="221.41" HC="1.36" NOx="5.99" PMx="0.33" fuel="6.07" electricity="0.00" noise="75.05" route="routetop" type="cfm-slow" waiting="0.00" lane="left_0" pos="13.62" speed="25.22" angle="159.97" x="1.26" y="35.16"/>
        <vehicle id="cfm-slow_2" eclass="HBEFA3/PC_G_EU4" CO2="17740.89" CO="301.99" HC="1.82" NOx="7.67" PMx="0.43" fuel="7.63" electricity="0.00" noise="77.03" route="routetop" type="cfm-slow" waiting="0.00" lane="left_0" pos="33.98" speed="26.72" angle="123.37" x="30.56" y="3.58"/>
        <vehicle id="cfm-slow_3" eclass="HBEFA3/PC_G_EU4" CO2="22501.15" CO="410.25" HC="2.43" NOx="9.87" PMx="0.56" fuel="9.67" electricity="0.00" noise="79.52" route="routebottom" type="cfm-slow" waiting="0.00" lane="bottom_0" pos="5.87" speed="28.60" angle="83.90" x="76.32" y="-3.77"/>
        <vehicle id="cfm-slow_4" eclass="HBEFA3/PC_G_EU4" CO2="17511.22" CO="324.17" HC="1.92" NOx="7.47" PMx="0.44" fuel="7.53" electricity="0.00" noise="77.59" route="routebottom" type="cfm-slow" waiting="0.00" lane="bottom_0" pos="29.68" speed="30.92" angle="41.07" x="118.75" y="22.78"/>
        <vehicle id="cfm-slow_5" eclass="HBEFA3/PC_G_EU4" CO2="0.00" CO="0.00" HC="0.00" NOx="0.00" PMx="0.00" fuel="0.00" electricity="0.00" noise="73.15" route="routebottom" type="cfm-slow" waiting="0.00" lane="right_0" pos="5.84" speed="32.19" angle="353.93" x="131.10" y="76.24"/>
    </timestep>
    <timestep time="7.80">
        <vehicle id="cfm-fast_0" eclass="HBEFA3/PC_G_EU4" CO2="176251.73" CO="3807.86" HC="21.76" NOx="82.08" PMx="4.68" fuel="75.76" electricity="0.00" noise="136.97" route="routebottom" type="cfm-fast" waiting="0.00" lane="right_1" pos="35.54" speed="45.87" angle="300.55" x="92.32" y="122.34"/>
        <vehicle id="cfm-fast_1" eclass="HBEFA3/PC_G_EU4" CO2="0.00" CO="0.00" HC="0.00" NOx="0.00" PMx="0.00" fuel="0.00" electricity="0.00" noise="69.63" route="routebottom" type="cfm-fast" waiting="0.00" lane="right_0" pos="38.22" speed="24.08" angle="295.72" x="88.52" y="127.60"/>
        <vehicle id="cfm-fast_2" eclass="HBEFA3/PC_G_EU4" CO2="0.00" CO="0.00" HC="0.00" NOx="0.00" PMx="0.00" fuel="0.00" electricity="0.00" noise="69.69" route="routetop" type="cfm-fast" waiting="0.00" lane="top_0" pos="3.18" speed="22.95" angle="268.79" x="56.74" y="131.92"/>
        <vehicle id="cfm-fast_3" eclass="HBEFA3/PC_G_EU4" CO2="5954.84" CO="47.27" HC="0.36" NOx="2.20" PMx="0.11" fuel="2.56" electricity="0.00" noise="70.78" route="routetop" type="cfm-fast" waiting="0.00" lane="top_0" pos="17.06" speed="22.60" angle="243.80" x="28.62" y="122.64"/>
        <vehicle id="cfm-fast_4" eclass="HBEFA3/PC_G_EU4" CO2="0.00" CO="0.00" HC="0.00" NOx="0.00" PMx="0.00" fuel="0.00" electricity="0.00" noise="88.52" route="routetop" type="cfm-fast" waiting="0.00" lane="left_1" pos="17.99" speed="92.85" angle="152.13" x="8.51" y="28.67"/>
        <vehicle id="cfm-fast_5" eclass="HBEFA3/PC_G_EU4" CO2="9529.29" CO="121.43" HC="0.79" NOx="3.88" PMx="0.20" fuel="4.10" electricity="0.00" noise="72.36" route="routetop" type="cfm-fast" waiting="0.00" lane="top_0" pos="30.68" speed="23.01" angle="219.28" x="7.33" y="102.82"/>
        <vehicle id="cfm-slow_0" eclass="HBEFA3/PC_G_EU4" CO2="11887.21" CO="171.86" HC="1.08" NOx="4.97" PMx="0.27" fuel="5.11" electricity="0.00" noise="73.72" route="routetop" type="cfm-slow" waiting="0.00" lane="top_0" pos="44.77" speed="23.97" angle="193.95" x="-4.02" y="74.95"/>
        <vehicle id="cfm-slow_1" eclass="HBEFA3/PC_G_EU4" CO2="14152.06" CO="222.14" HC="1.36" NOx="6.01" PMx="0.33" fuel="6.08" electricity="0.00" noise="75.06" route="routetop" type="cfm-slow" waiting="0.00" lane="left_0" pos="13.87" speed="25.24" angle="159.50" x="1.48" y="34.67"/>
        <vehicle id="cfm-slow_2" eclass="HBEFA3/PC_G_EU4" CO2="17784.53" CO="302.98" HC="1.82" NOx="7.69" PMx="0.43" fuel="7.64" electricity="0.00" noise="77.05" route="routetop" type="cfm-slow" waiting="0.00" lane="left_0" pos="34.25" speed="26.74" angle="122.88" x="31.06" y="3.30"/>
        <vehicle id="cfm-slow_3" eclass="HBEFA3/PC_G_EU4" CO2="22462.85" CO="409.60" HC="2.43" NOx="9.86" PMx="0.56" fuel="9.66" electricity="0.00" noise="79.50" route="routebottom" type="cfm-slow" waiting="0.00" lane="bottom_0" pos="6.16" speed="28.63" angle="83.37" x="76.92" y="-3.65"/>
        <vehicle id="cfm-slow_4" eclass="HBEFA3/PC_G_EU4" CO2="17199.50" CO="317.86" HC="1.88" NOx="7.32" PMx="0.43" fuel="7.39" electricity="0.00" noise="77.47" route="routebottom" type="cfm-slow" waiting="0.00" lane="bottom_0" pos="29.99" speed="30.93" angle="40.50" x="119.14" y="23.32"/>
        <vehicle id="cfm-slow_5" eclass="HBEFA3/PC_G_EU4" CO2="0.00" CO="0.00" HC="0.00" NOx="0.00" PMx="0.00" fuel="0.00" electricity="0.00" noise="73.13" route="routebottom" type="cfm-slow" waiting="0.00" lane="right_0" pos="6.16" speed="32.16" angle="353.32" x="130.97" y="76.92"/>
    </timestep>
    <timestep time="7.81">
        <vehicle id="cfm-fast_0" eclass="HBEFA3/PC_G_EU4" CO2="176817.10" CO="3822.33" HC="21.84" NOx="82.34" PMx="4.70" fuel="76.00" electricity="0.00" noise="137.04" route="routebottom" type="cfm-fast" waiting="0.00" lane="right_1" pos="36.00" speed="46.01" angle="299.74" x="91.47" y="122.75"/>
        <vehicle id="cfm-fast_1" eclass="HBEFA3/PC_G_EU4" CO2="0.00" CO="0.00" HC="0.00" NOx="0.00" PMx="0.00" fuel="0.00" electricity="0.00" noise="69.63" route="routebottom" type="cfm-fast" waiting="0.00" lane="right_0" pos="38.46" speed="24.07" angle="295.32" x="88.04" y="127.79"/>
        <vehicle id="cfm-fast_2" eclass="HBEFA3/PC_G_EU4" CO2="0.00" CO="0.00" HC="0.00" NOx="0.00" PMx="0.00" fuel="0.00" electricity="0.00" noise="69.69" route="routetop" type="cfm-fast" waiting="0.00" lane="top_0" pos="3.41" speed="22.95" angle="268.38" x="56.25" y="131.87"/>
        <vehicle id="cfm-fast_3" eclass="HBEFA3/PC_G_EU4" CO2="5988.17" CO="47.97" HC="0.37" NOx="2.22" PMx="0.11" fuel="2.57" electricity="0.00" noise="70.79" route="routetop" type="cfm-fast" waiting="0.00" lane="top_0" pos="17.28" speed="22.61" angle="243.39" x="28.20" y="122.39"/>
        <vehicle id="cfm-fast_4" eclass="HBEFA3/PC_G_EU4" CO2="0.00" CO="0.00" HC="0.00" NOx="0.00" PMx="0.00" fuel="0.00" electricity="0.00" noise="88.50" route="routetop" type="cfm-fast" waiting="0.00" lane="left_1" pos="18.92" speed="92.73" angle="150.36" x="9.57" y="27.09"/>
        <vehicle id="cfm-fast_5" eclass="HBEFA3/PC_G_EU4" CO2="9550.86" CO="121.89" HC="0.79" NOx="3.89" PMx="0.20" fuel="4.11" electricity="0.00" noise="72.38" route="routetop" type="cfm-fast" waiting="0.00" lane="top_0" pos="30.91" speed="23.02" angle="218.91" x="7.05" y="102.41"/>
        <vehicle id="cfm-slow_0" eclass="HBEFA3/PC_G_EU4" CO2="11907.98" CO="172.32" HC="1.08" NOx="4.98" PMx="0.27" fuel="5.12" electricity="0.00" noise="73.73" route="routetop" type="cfm-slow" waiting="0.00" lane="top_0" pos="45.01" speed="23.99" angle="193.58" x="-4.10" y="74.44"/>
        <vehicle id="cfm-slow_1" eclass="HBEFA3/PC_G_EU4" CO2="14184.96" CO="222.87" HC="1.37" NOx="6.02" PMx="0.33" fuel="6.10" electricity="0.00" noise="75.08" route="routetop" type="cfm-slow" waiting="0.00" lane="left_0" pos="14.12" speed="25.25" angle="159.10" x="1.71" y="34.17"/>
        <vehicle id="cfm-slow_2" eclass="HBEFA3/PC_G_EU4" CO2="17827.49" CO="303.95" HC="1.83" NOx="7.71" PMx="0.43" fuel="7.66" electricity="0.00" noise="77.08" route="routetop" type="cfm-slow" waiting="0.00" lane="left_0" pos="34.52" speed="26.75" angle="122.40" x="31.56" y="3.02"/>
        <vehicle id="cfm-slow_3" eclass="HBEFA3/PC_G_EU4" CO2="22422.14" CO="408.91" HC="2.42" NOx="9.84" PMx="0.56" fuel="9.64" electricity="0.00" noise="79.48" route="routebottom" type="cfm-slow" waiting="0.00" lane="bottom_0" pos="6.44" speed="28.65" angle="82.90" x="77.53" y="-3.54"/>
        <vehicle id="cfm-slow_4" eclass="HBEFA3/PC_G_EU4" CO2="16887.58" CO="311.55" HC="1.85" NOx="7.17" PMx="0.42" fuel="7.26" electricity="0.00" noise="77.36" route="routebottom" type="cfm-slow" waiting="0.00" lane="bottom_0" pos="30.30" speed="30.94" angle="39.94" x="119.53" y="23.86"/>
        <vehicle id="cfm-slow_5" eclass="HBEFA3/PC_G_EU4" CO2="0.00" CO="0.00" HC="0.00" NOx="0.00" PMx="0.00" fuel="0.00" electricity="0.00" noise="73.12" route="routebottom" type="cfm-slow" waiting="0.00" lane="right_0" pos="6.48" speed="32.14" angle="352.79" x="130.84" y="77.60"/>
    </timestep>
    <timestep time="7.82">
        <vehicle id="cfm-fast_0" eclass="HBEFA3/PC_G_EU4" CO2="177382.77" CO="3836.81" HC="21.92" NOx="82.61" PMx="4.72" fuel="76.25" electricity="0.00" noise="137.11" route="routebottom" type="cfm-fast" waiting="0.00" lane="right_1" pos="36.47" speed="46.15" angle="298.87" x="90.61" y="123.14"/>
        <vehicle id="cfm-fast_1" eclass="HBEFA3/PC_G_EU4" CO2="0.00" CO="0.00" HC="0.00" NOx="0.00" PMx="0.00" fuel="0.00" electricity="0.00" noise="69.63" route="routebottom" type="cfm-fast" waiting="0.00" lane="right_0" pos="38.70" speed="24.06" angle="294.90" x="87.56" y="127.97"/>
        <vehicle id="cfm-fast_2" eclass="HBEFA3/PC_G_EU4" CO2="0.00" CO="0.00" HC="0.00" NOx="0.00" PMx="0.00" fuel="0.00" electricity="0.00" noise="69.70" route="routetop" type="cfm-fast" waiting="0.00" lane="top_0" pos="3.64" speed="22.95" angle="267.97" x="55.76" y="131.82"/>
        <vehicle id="cfm-fast_3" eclass="HBEFA3/PC_G_EU4" CO2="6021.40" CO="48.65" HC="0.37" NOx="2.23" PMx="0.11" fuel="2.59" electricity="0.00" noise="70.81" route="routetop" type="cfm-fast" waiting="0.00" lane="top_0" pos="17.51" speed="22.61" angle="242.98" x="27.78" y="122.14"/>
        <vehicle id="cfm-fast_4" eclass="HBEFA3/PC_G_EU4" CO2="0.00" CO="0.00" HC="0.00" NOx="0.00" PMx="0.00" fuel="0.00" electricity="0.00" noise="88.48" route="routetop" type="cfm-fast" waiting="0.00" lane="left_1" pos="19.85" speed="92.61" angle="148.71" x="10.66" y="25.53"/>
        <vehicle id="cfm-fast_5" eclass="HBEFA3/PC_G_EU4" CO2="9572.44" CO="122.35" HC="0.79" NOx="3.90" PMx="0.20" fuel="4.11" electricity="0.00" noise="72.39" route="routetop" type="cfm-fast" waiting="0.00" lane="top_0" pos="31.14" speed="23.03" angle="218.49" x="6.77" y="102.00"/>
        <vehicle id="cfm-slow_0" eclass="HBEFA3/PC_G_EU4" CO2="11928.86" CO="172.78" HC="1.08" NOx="4.99" PMx="0.27" fuel="5.13" electricity="0.00" noise="73.74" route="routetop" type="cfm-slow" waiting="0.00" lane="top_0" pos="45.25" speed="24.00" angle="193.14" x="-4.17" y="73.93"/>
        <vehicle id="cfm-slow_1" eclass="HBEFA3/PC_G_EU4" CO2="14217.96" CO="223.60" HC="1.37" NOx="6.04" PMx="0.33" fuel="6.11" electricity="0.00" noise="75.10" route="routetop" type="cfm-slow" waiting="0.00" lane="left_0" pos="14.37" speed="25.27" angle="158.62" x="1.95" y="33.69"/>
        <vehicle id="cfm-slow_2" eclass="HBEFA3/PC_G_EU4" CO2="17869.75" CO="304.91" HC="1.83" NOx="7.73" PMx="0.43" fuel="7.68" electricity="0.00" noise="77.10" route="routetop" type="cfm-slow" waiting="0.00" lane="left_0" pos="34.79" speed="26.77" angle="121.95" x="32.07" y="2.76"/>
        <vehicle id="cfm-slow_3" eclass="HBEFA3/PC_G_EU4" CO2="22379.03" CO="408.16" HC="2.42" NOx="9.82" PMx="0.55" fuel="9.62" electricity="0.00" noise="79.46" route="routebottom" type="cfm-slow" waiting="0.00" lane="bottom_0" pos="6.73" speed="28.67" angle="82.35" x="78.13" y="-3.40"/>
        <vehicle id="cfm-slow_4" eclass="HBEFA3/PC_G_EU4" CO2="16575.52" CO="305.23" HC="1.81" NOx="7.03" PMx="0.41" fuel="7.13" electricity="0.00" noise="77.25" route="routebottom" type="cfm-slow" waiting="0.00" lane="bottom_0" pos="30.61" speed="30.96" angle="39.37" x="119.92" y="24.40"/>
        <vehicle id="cfm-slow_5" eclass="HBEFA3/PC_G_EU4" CO2="0.00" CO="0.00" HC="0.00" NOx="0.00" PMx="0.00" fuel="0.00" electricity="0.00" noise="73.10" route="routebottom" type="cfm-slow" waiting="0.00" lane="right_0" pos="6.80" speed="32.11" angle="352.18" x="130.69" y="78.27"/>
    </timestep>
    <timestep time="7.83">
        <vehicle id="cfm-fast_0" eclass="HBEFA3/PC_G_EU4" CO2="177948.73" CO="3851.32" HC="22.00" NOx="82.87" PMx="4.73" fuel="76.49" electricity="0.00" noise="137.17" route="routebottom" type="cfm-fast" waiting="0.00" lane="right_1" pos="36.93" speed="46.28" angle="297.99" x="89.74" y="123.53"/>
        <vehicle id="cfm-fast_1" eclass="HBEFA3/PC_G_EU4" CO2="0.00" CO="0.00" HC="0.00" NOx="0.00" PMx="0.00" fuel="0.00" electricity="0.00" noise="69.63" route="routebottom" type="cfm-fast" waiting="0.00" lane="right_0" pos="38.94" speed="24.04" angle="294.46" x="87.07" y="128.14"/>
        <vehicle id="cfm-fast_2" eclass="HBEFA3/PC_G_EU4" CO2="0.00" CO="0.00" HC="0.00" NOx="0.00" PMx="0.00" fuel="0.00" electricity="0.00" noise="69.71" route="routetop" type="cfm-fast" waiting="0.00" lane="top_0" pos="3.87" speed="22.94" angle="267.58" x="55.27" y="131.76"/>
        <vehicle id="cfm-fast_3" eclass="HBEFA3/PC_G_EU4" CO2="6054.54" CO="49.34" HC="0.37" NOx="2.25" PMx="0.11" fuel="2.60" electricity="0.00" noise="70.82" route="routetop" type="cfm-fast" waiting="0.00" lane="top_0" pos="17.73" speed="22.61" angle="242.57" x="27.36" y="121.89"/>
        <vehicle id="cfm-fast_4" eclass="HBEFA3/PC_G_EU4" CO2="0.00" CO="0.00" HC="0.00" NOx="0.00" PMx="0.00" fuel="0.00" electricity="0.00" noise="88.46" route="routetop" type="cfm-fast" waiting="0.00" lane="left_1" pos="20.77" speed="92.49" angle="147.08" x="11.78" y="24.01"/>
        <vehicle id="cfm-fast_5" eclass="HBEFA3/PC_G_EU4" CO2="9594.02" CO="122.81" HC="0.80" NOx="3.91" PMx="0.20" fuel="4.12" electricity="0.00" noise="72.40" route="routetop" type="cfm-fast" waiting="0.00" lane="top_0" pos="31.37" speed="23.04" angle="218.07" x="6.50" y="101.59"/>
        <vehicle id="cfm-slow_0" eclass="HBEFA3/PC_G_EU4" CO2="11949.86" CO="173.24" HC="1.09" NOx="5.00" PMx="0.27" fuel="5.14" electricity="0.00" noise="73.75" route="routetop" type="cfm-slow" waiting="0.00" lane="top_0" pos="45.49" speed="24.01" angle="192.69" x="-4.24" y="73.42"/>
        <vehicle id="cfm-slow_1" eclass="HBEFA3/PC_G_EU4" CO2="14251.06" CO="224.33" HC="1.38" NOx="6.05" PMx="0.33" fuel="6.13" electricity="0.00" noise="75.12" route="routetop" type="cfm-slow" waiting="0.00" lane="left_0" pos="14.63" speed="25.28" angle="158.15" x="2.19" y="33.20"/>
        <vehicle id="cfm-slow_2" eclass="HBEFA3/PC_G_EU4" CO2="17911.28" CO="305.85" HC="1.84" NOx="7.75" PMx="0.43" fuel="7.70" electricity="0.00" noise="77.12" route="routetop" type="cfm-slow" waiting="0.00" lane="left_0" pos="35.05" speed="26.79" angle="121.45" x="32.59" y="2.50"/>
        <vehicle id="cfm-slow_3" eclass="HBEFA3/PC_G_EU4" CO2="22333.53" CO="407.37" HC="2.41" NOx="9.79" PMx="0.55" fuel="9.60" electricity="0.00" noise="79.44" route="routebottom" type="cfm-slow" waiting="0.00" lane="bottom_0" pos="7.02" speed="28.69" angle="81.80" x="78.73" y="-3.26"/>
        <vehicle id="cfm-slow_4" eclass="HBEFA3/PC_G_EU4" CO2="16263.41" CO="298.91" HC="1.77" NOx="6.88" PMx="0.40" fuel="6.99" electricity="0.00" noise="77.14" route="routebottom" type="cfm-slow" waiting="0.00" lane="bottom_0" pos="30.92" speed="30.97" angle="38.87" x="120.30" y="24.94"/>
        <vehicle id="cfm-slow_5" eclass="HBEFA3/PC_G_EU4" CO2="0.00" CO="0.00" HC="0.00" NOx="0.00" PMx="0.00" fuel="0.00" electricity="0.00" noise="73.08" route="routebottom" type="cfm-slow" waiting="0.00" lane="right_0" pos="7.12" speed="32.08" angle="351.58" x="130.54" y="78.95"/>
    </timestep>
    <timestep time="7.84">
        <vehicle id="cfm-fast_0" eclass="HBEFA3/PC_G_EU4" CO2="178514.98" CO="3865.85" HC="22.08" NOx="83.14" PMx="4.75" fuel="76.73" electricity="0.00" noise="137.24" route="routebottom" type="cfm-fast" waiting="0.00" lane="right_1" pos="37.39" speed="46.42" angle="297.19" x="88.87" y="123.91"/>
        <vehicle id="cfm-fast_1" eclass="HBEFA3/PC_G_EU4" CO2="0.00" CO="0.00" HC="0.00" NOx="0.00" PMx="0.00" fuel="0.00" electricity="0.00" noise="69.63" route="routebottom" type="cfm-fast" waiting="0.00" lane="right_0" pos="39.18" speed="24.03" angle="294.03" x="86.59" y="128.32"/>
        <vehicle id="cfm-fast_2" eclass="HBEFA3/PC_G_EU4" CO2="0.00" CO="0.00" HC="0.00" NOx="0.00" PMx="0.00" fuel="0.00" electricity="0.00" noise="69.72" route="routetop" type="cfm-fast" waiting="0.00" lane="top_0" pos="4.10" speed="22.94" angle="267.16" x="54.78" y="131.69"/>
        <vehicle id="cfm-fast_3" eclass="HBEFA3/PC_G_EU4" CO2="6087.58" CO="50.03" HC="0.38" NOx="2.26" PMx="0.11" fuel="2.62" electricity="0.00" noise="70.83" route="routetop" type="cfm-fast" waiting="0.00" lane="top_0" pos="17.96" speed="22.62" angle="242.23" x="26.95" y="121.64"/>
        <vehicle id="cfm-fast_4" eclass="HBEFA3/PC_G_EU4" CO2="0.00" CO="0.00" HC="0.00" NOx="0.00" PMx="0.00" fuel="0.00" electricity="0.00" noise="88.44" route="routetop" type="cfm-fast" waiting="0.00" lane="left_1" pos="21.69" speed="92.36" angle="145.43" x="12.95" y="22.52"/>
        <vehicle id="cfm-fast_5" eclass="HBEFA3/PC_G_EU4" CO2="9615.60" CO="123.27" HC="0.80" NOx="3.92" PMx="0.21" fuel="4.13" electricity="0.00" noise="72.41" route="routetop" type="cfm-fast" waiting="0.00" lane="top_0" pos="31.60" speed="23.05" angle="217.66" x="6.23" y="101.17"/>
        <vehicle id="cfm-slow_0" eclass="HBEFA3/PC_G_EU4" CO2="11970.98" CO="173.71" HC="1.09" NOx="5.01" PMx="0.27" fuel="5.15" electricity="0.00" noise="73.77" route="routetop" type="cfm-slow" waiting="0.00" lane="top_0" pos="45.73" speed="24.02" angle="192.25" x="-4.31" y="72.91"/>
        <vehicle id="cfm-slow_1" eclass="HBEFA3/PC_G_EU4" CO2="14284.25" CO="225.07" HC="1.38" NOx="6.07" PMx="0.33" fuel="6.14" electricity="0.00" noise="75.14" route="routetop" type="cfm-slow" waiting="0.00" lane="left_0" pos="14.88" speed="25.30" angle="157.67" x="2.44" y="32.71"/>
        <vehicle id="cfm-slow_2" eclass="HBEFA3/PC_G_EU4" CO2="17952.09" CO="306.78" HC="1.85" NOx="7.77" PMx="0.43" fuel="7.72" electricity="0.00" noise="77.14" route="routetop" type="cfm-slow" waiting="0.00" lane="left_0" pos="35.32" speed="26.81" angle="120.96" x="33.11" y="2.24"/>
        <vehicle id="cfm-slow_3" eclass="HBEFA3/PC_G_EU4" CO2="22285.66" CO="406.53" HC="2.41" NOx="9.77" PMx="0.55" fuel="9.58" electricity="0.00" noise="79.41" route="routebottom" type="cfm-slow" waiting="0.00" lane="bottom_0" pos="7.30" speed="28.72" angle="81.25" x="79.33" y="-3.12"/>
        <vehicle id="cfm-slow_4" eclass="HBEFA3/PC_G_EU4" CO2="15951.30" CO="292.58" HC="1.74" NOx="6.73" PMx="0.40" fuel="6.86" electricity="0.00" noise="77.03" route="routebottom" type="cfm-slow" waiting="0.00" lane="bottom_0" pos="31.23" speed="30.98" angle="38.31" x="120.67" y="25.50"/>
        <vehicle id="cfm-slow_5" eclass="HBEFA3/PC_G_EU4" CO2="0.00" CO="0.00" HC="0.00" NOx="0.00" PMx="0.00" fuel="0.00" electricity="0.00" noise="73.07" route="routebottom" type="cfm-slow" waiting="0.00" lane="right_0" pos="7.44" speed="32.05" angle="350.98" x="130.39" y="79.62"/>
    </timestep>
    <timestep time="7.85">
        <vehicle id="cfm-fast_0" eclass="HBEFA3/PC_G_EU4" CO2="179081.52" CO="3880.40" HC="22.16" NOx="83.40" PMx="4.76" fuel="76.98" electricity="0.00" noise="137.30" route="routebottom" type="cfm-fast" waiting="0.00" lane="right_1" pos="37.86" speed="46.56" angle="296.33" x="87.98" y="124.26"/>
        <vehicle id="cfm-fast_1" eclass="HBEFA3/PC_G_EU4" CO2="0.00" CO="0.00" HC="0.00" NOx="0.00" PMx="0.00" fuel="0.00" electricity="0.00" noise="69.63" route="routebottom" type="cfm-fast" waiting="0.00" lane="right_0" pos="39.42" speed="24.02" angle="293.59" x="86.10" y="128.50"/>
        <vehicle id="cfm-fast_2" eclass="HBEFA3/PC_G_EU4" CO2="0.00" CO="0.00" HC="0.00" NOx="0.00" PMx="0.00" fuel="0.00" electricity="0.00" noise="69.72" route="routetop" type="cfm-fast" waiting="0.00" lane="top_0" pos="4.33" speed="22.94" angle="266.75" x="54.29" y="131.62"/>
        <vehicle id="cfm-fast_3" eclass="HBEFA3/PC_G_EU4" CO2="6120.52" CO="50.71" HC="0.38" NOx="2.28" PMx="0.11" fuel="2.63" electricity="0.00" noise="70.85" route="routetop" type="cfm-fast" waiting="0.00" lane="top_0" pos="18.19" speed="22.62" angle="241.79" x="26.54" y="121.37"/>
        <vehicle id="cfm-fast_4" eclass="HBEFA3/PC_G_EU4" CO2="0.00" CO="0.00" HC="0.00" NOx="0.00" PMx="0.00" fuel="0.00" electricity="0.00" noise="88.42" route="routetop" type="cfm-fast" waiting="0.00" lane="left_1" pos="22.62" speed="92.24" angle="143.75" x="14.17" y="21.07"/>
        <vehicle id="cfm-fast_5" eclass="HBEFA3/PC_G_EU4" CO2="9637.19" CO="123.73" HC="0.80" NOx="3.93" PMx="0.21" fuel="4.14" electricity="0.00" noise="72.43" route="routetop" type="cfm-fast" waiting="0.00" lane="top_0" pos="31.83" speed="23.06" angle="217.24" x="5.95" y="100.76"/>
        <vehicle id="cfm-slow_0" eclass="HBEFA3/PC_G_EU4" CO2="11992.21" CO="174.17" HC="1.09" NOx="5.02" PMx="0.27" fuel="5.15" electricity="0.00" noise="73.78" route="routetop" type="cfm-slow" waiting="0.00" lane="top_0" pos="45.97" speed="24.04" angle="191.81" x="-4.38" y="72.40"/>
        <vehicle id="cfm-slow_1" eclass="HBEFA3/PC_G_EU4" CO2="14317.52" CO="225.80" HC="1.38" NOx="6.09" PMx="0.33" fuel="6.15" electricity="0.00" noise="75.16" route="routetop" type="cfm-slow" waiting="0.00" lane="left_0" pos="15.13" speed="25.31" angle="157.20" x="2.68" y="32.23"/>
        <vehicle id="cfm-slow_2" eclass="HBEFA3/PC_G_EU4" CO2="17992.15" CO="307.69" HC="1.85" NOx="7.79" PMx="0.43" fuel="7.73" electricity="0.00" noise="77.16" route="routetop" type="cfm-slow" waiting="0.00" lane="left_0" pos="35.59" speed="26.83" angle="120.46" x="33.62" y="1.98"/>
        <vehicle id="cfm-slow_3" eclass="HBEFA3/PC_G_EU4" CO2="22235.44" CO="405.64" HC="2.40" NOx="9.75" PMx="0.55" fuel="9.56" electricity="0.00" noise="79.39" route="routebottom" type="cfm-slow" waiting="0.00" lane="bottom_0" pos="7.59" speed="28.74" angle="80.74" x="79.94" y="-2.98"/>
        <vehicle id="cfm-slow_4" eclass="HBEFA3/PC_G_EU4" CO2="15639.26" CO="286.26" HC="1.70" NOx="6.58" PMx="0.39" fuel="6.72" electricity="0.00" noise="76.92" route="routebottom" type="cfm-slow" waiting="0.00" lane="bottom_0" pos="31.54" speed="30.99" angle="37.75" x="121.04" y="26.05"/>
        <vehicle id="cfm-slow_5" eclass="HBEFA3/PC_G_EU4" CO2="0.00" CO="0.00" HC="0.00" NOx="0.00" PMx="0.00" fuel="0.00" electricity="0.00" noise="73.05" route="routebottom" type="cfm-slow" waiting="0.00" lane="right_0" pos="7.76" speed="32.02" angle="350.46" x="130.23" y="80.29"/>
    </timestep>
    <timestep time="7.86">
        <vehicle id="cfm-fast_0" eclass="HBEFA3/PC_G_EU4" CO2="179648.36" CO="3894.98" HC="22.24" NOx="83.67" PMx="4.78" fuel="77.22" electricity="0.00" noise="137.37" route="routebottom" type="cfm-fast" waiting="0.00" lane="right_1" pos="38.32" speed="46.69" angle="295.46" x="87.09" y="124.61"/>
        <vehicle id="cfm-fast_1" eclass="HBEFA3/PC_G_EU4" CO2="0.00" CO="0.00" HC="0.00" NOx="0.00" PMx="0.00" fuel="0.00" electricity="0.00" noise="69.62" route="routebottom" type="cfm-fast" waiting="0.00" lane="right_0" pos="39.66" speed="24.01" angle="293.17" x="85.61" y="128.67"/>
        <vehicle id="cfm-fast_2" eclass="HBEFA3/PC_G_EU4" CO2="0.00" CO="0.00" HC="0.00" NOx="0.00" PMx="0.00" fuel="0.00" electricity="0.00" noise="69.73" route="routetop" type="cfm-fast" waiting="0.00" lane="top_0" pos="4.56" speed="22.93" angle="266.33" x="53.80" y="131.55"/>
        <vehicle id="cfm-fast_3" eclass="HBEFA3/PC_G_EU4" CO2="6153.38" CO="51.39" HC="0.38" NOx="2.29" PMx="0.11" fuel="2.65" electricity="0.00" noise="70.86" route="routetop" type="cfm-fast" waiting="0.00" lane="top_0" pos="18.41" speed="22.63" angle="241.35" x="26.14" y="121.10"/>
        <vehicle id="cfm-fast_4" eclass="HBEFA3/PC_G_EU4" CO2="0.00" CO="0.00" HC="0.00" NOx="0.00" PMx="0.00" fuel="0.00" electricity="0.00" noise="88.40" route="routetop" type="cfm-fast" waiting="0.00" lane="left_1" pos="23.54" speed="92.12" angle="142.13" x="15.42" y="19.66"/>
        <vehicle id="cfm-fast_5" eclass="HBEFA3/PC_G_EU4" CO2="9658.78" CO="124.19" HC="0.80" NOx="3.94" PMx="0.21" fuel="4.15" electricity="0.00" noise="72.44" route="routetop" type="cfm-fast" waiting="0.00" lane="top_0" pos="32.06" speed="23.07" angle="216.88" x="5.68" y="100.35"/>
        <vehicle id="cfm-slow_0" eclass="HBEFA3/PC_G_EU4" CO2="12013.56" CO="174.64" HC="1.09" NOx="5.03" PMx="0.27" fuel="5.16" electricity="0.00" noise="73.79" route="routetop" type="cfm-slow" waiting="0.00" lane="top_0" pos="46.21" speed="24.05" angle="191.42" x="-4.45" y="71.88"/>
        <vehicle id="cfm-slow_1" eclass="HBEFA3/PC_G_EU4" CO2="14350.87" CO="226.54" HC="1.39" NOx="6.10" PMx="0.33" fuel="6.17" electricity="0.00" noise="75.18" route="routetop" type="cfm-slow" waiting="0.00" lane="left_0" pos="15.39" speed="25.33" angle="156.79" x="2.93" y="31.74"/>
        <vehicle id="cfm-slow_2" eclass="HBEFA3/PC_G_EU4" CO2="18031.45" CO="308.59" HC="1.86" NOx="7.80" PMx="0.43" fuel="7.75" electricity="0.00" noise="77.19" route="routetop" type="cfm-slow" waiting="0.00" lane="left_0" pos="35.86" speed="26.85" angle="120.00" x="34.14" y="1.73"/>
        <vehicle id="cfm-slow_3" eclass="HBEFA3/PC_G_EU4" CO2="22182.88" CO="404.70" HC="2.40" NOx="9.72" PMx="0.55" fuel="9.54" electricity="0.00" noise="79.36" route="routebottom" type="cfm-slow" waiting="0.00" lane="bottom_0" pos="7.88" speed="28.76" angle="80.24" x="80.54" y="-2.83"/>
        <vehicle id="cfm-slow_4" eclass="HBEFA3/PC_G_EU4" CO2="15327.37" CO="279.93" HC="1.66" NOx="6.44" PMx="0.38" fuel="6.59" electricity="0.00" noise="76.82" route="routebottom" type="cfm-slow" waiting="0.00" lane="bottom_0" pos="31.85" speed="31.01" angle="37.19" x="121.41" y="26.61"/>
        <vehicle id="cfm-slow_5" eclass="HBEFA3/PC_G_EU4" CO2="0.00" CO="0.00" HC="0.00" NOx="0.00" PMx="0.00" fuel="0.00" electricity="0.00" noise="73.03" route="routebottom" type="cfm-slow" waiting="0.00" lane="right_0" pos="8.08" speed="31.99" angle="349.87" x="130.05" y="80.96"/>
    </timestep>
    <timestep time="7.87">
        <vehicle id="cfm-fast_0" eclass="HBEFA3/PC_G_EU4" CO2="180215.48" CO="3909.57" HC="22.32" NOx="83.93" PMx="4.80" fuel="77.47" electricity="0.00" noise="137.44" route="routebottom" type="cfm-fast" waiting="0.00" lane="right_1" pos="38.79" speed="46.83" angle="294.67" x="86.19" y="124.95"/>
        <vehicle id="cfm-fast_1" eclass="HBEFA3/PC_G_EU4" CO2="0.00" CO="0.00" HC="0.00" NOx="0.00" PMx="0.00" fuel="0.00" electricity="0.00" noise="69.62" route="routebottom" type="cfm-fast" waiting="0.00" lane="right_0" pos="39.90" speed="24.00" angle="292.78" x="85.12" y="128.83"/>
        <vehicle id="cfm-fast_2" eclass="HBEFA3/PC_G_EU4" CO2="0.00" CO="0.00" HC="0.00" NOx="0.00" PMx="0.00" fuel="0.00" electricity="0.00" noise="69.74" route="routetop" type="cfm-fast" waiting="0.00" lane="top_0" pos="4.79" speed="22.93" angle="265.92" x="53.31" y="131.48"/>
        <vehicle id="cfm-fast_3" eclass="HBEFA3/PC_G_EU4" CO2="6186.14" CO="52.07" HC="0.39" NOx="2.31" PMx="0.11" fuel="2.66" electricity="0.00" noise="70.87" route="routetop" type="cfm-fast" waiting="0.00" lane="top_0" pos="18.64" speed="22.63" angle="240.91" x="25.73" y="120.82"/>
        <vehicle id="cfm-fast_4" eclass="HBEFA3/PC_G_EU4" CO2="0.00" CO="0.00" HC="0.00" NOx="0.00" PMx="0.00" fuel="0.00" electricity="0.00" noise="88.38" route="routetop" type="cfm-fast" waiting="0.00" lane="left_1" pos="24.46" speed="91.99" angle="140.52" x="16.70" y="18.28"/>
        <vehicle id="cfm-fast_5" eclass="HBEFA3/PC_G_EU4" CO2="9680.39" CO="124.65" HC="0.81" NOx="3.95" PMx="0.21" fuel="4.16" electricity="0.00" noise="72.45" route="routetop" type="cfm-fast" waiting="0.00" lane="top_0" pos="32.29" speed="23.08" angle="216.45" x="5.42" y="99.92"/>
        <vehicle id="cfm-slow_0" eclass="HBEFA3/PC_G_EU4" CO2="12035.02" CO="175.12" HC="1.10" NOx="5.04" PMx="0.27" fuel="5.17" electricity="0.00" noise="73.81" route="routetop" type="cfm-slow" waiting="0.00" lane="top_0" pos="46.46" speed="24.06" angle="190.98" x="-4.51" y="71.37"/>
        <vehicle id="cfm-slow_1" eclass="HBEFA3/PC_G_EU4" CO2="14384.28" CO="227.28" HC="1.39" NOx="6.12" PMx="0.33" fuel="6.18" electricity="0.00" noise="75.19" route="routetop" type="cfm-slow" waiting="0.00" lane="left_0" pos="15.64" speed="25.34" angle="156.33" x="3.19" y="31.26"/>
        <vehicle id="cfm-slow_2" eclass="HBEFA3/PC_G_EU4" CO2="18069.97" CO="309.48" HC="1.86" NOx="7.82" PMx="0.44" fuel="7.77" electricity="0.00" noise="77.21" route="routetop" type="cfm-slow" waiting="0.00" lane="left_0" pos="36.13" speed="26.87" angle="119.52" x="34.66" y="1.48"/>
        <vehicle id="cfm-slow_3" eclass="HBEFA3/PC_G_EU4" CO2="22128.01" CO="403.71" HC="2.39" NOx="9.69" PMx="0.55" fuel="9.51" electricity="0.00" noise="79.34" route="routebottom" type="cfm-slow" waiting="0.00" lane="bottom_0" pos="8.17" speed="28.78" angle="79.71" x="81.13" y="-2.67"/>
        <vehicle id="cfm-slow_4" eclass="HBEFA3/PC_G_EU4" CO2="15015.69" CO="273.60" HC="1.63" NOx="6.29" PMx="0.37" fuel="6.45" electricity="0.00" noise="76.71" route="routebottom" type="cfm-slow" waiting="0.00" lane="bottom_0" pos="32.16" speed="31.02" angle="36.70" x="121.77" y="27.17"/>
        <vehicle id="cfm-slow_5" eclass="HBEFA3/PC_G_EU4" CO2="0.00" CO="0.00" HC="0.00" NOx="0.00" PMx="0.00" fuel="0.00" electricity="0.00" noise="73.02" route="routebottom" type="cfm-slow" waiting="0.00" lane="right_0" pos="8.40" speed="31.96" angle="349.28" x="129.87" y="81.62"/>
    </timestep>
    <timestep time="7.88">
        <vehicle id="cfm-fast_0" eclass="HBEFA3/PC_G_EU4" CO2="180782.90" CO="3924.19" HC="22.40" NOx="84.20" PMx="4.81" fuel="77.71" electricity="0.00" noise="137.50" route="routebottom" type="cfm-fast" waiting="0.00" lane="right_1" pos="39.26" speed="46.96" angle="293.84" x="85.29" y="125.28"/>
        <vehicle id="cfm-fast_1" eclass="HBEFA3/PC_G_EU4" CO2="0.00" CO="0.00" HC="0.00" NOx="0.00" PMx="0.00" fuel="0.00" electricity="0.00" noise="69.62" route="routebottom" type="cfm-fast" waiting="0.00" lane="right_0" pos="40.14" speed="23.99" angle="292.32" x="84.63" y="128.99"/>
        <vehicle id="cfm-fast_2" eclass="HBEFA3/PC_G_EU4" CO2="0.00" CO="0.00" HC="0.00" NOx="0.00" PMx="0.00" fuel="0.00" electricity="0.00" noise="69.75" route="routetop" type="cfm-fast" waiting="0.00" lane="top_0" pos="5.02" speed="22.93" angle="265.43" x="52.82" y="131.41"/>
        <vehicle id="cfm-fast_3" eclass="HBEFA3/PC_G_EU4" CO2="6218.80" CO="52.75" HC="0.39" NOx="2.33" PMx="0.12" fuel="2.67" electricity="0.00" noise="70.89" route="routetop" type="cfm-fast" waiting="0.00" lane="top_0" pos="18.86" speed="22.63" angle="240.47" x="25.33" y="120.55"/>
        <vehicle id="cfm-fast_4" eclass="HBEFA3/PC_G_EU4" CO2="0.00" CO="0.00" HC="0.00" NOx="0.00" PMx="0.00" fuel="0.00" electricity="0.00" noise="88.36" route="routetop" type="cfm-fast" waiting="0.00" lane="left_1" pos="25.38" speed="91.87" angle="138.81" x="18.04" y="16.94"/>
        <vehicle id="cfm-fast_5" eclass="HBEFA3/PC_G_EU4" CO2="9702.00" CO="125.11" HC="0.81" NOx="3.96" PMx="0.21" fuel="4.17" electricity="0.00" noise="72.46" route="routetop" type="cfm-fast" waiting="0.00" lane="top_0" pos="32.52" speed="23.09" angle="216.01" x="5.16" y="99.50"/>
        <vehicle id="cfm-slow_0" eclass="HBEFA3/PC_G_EU4" CO2="12056.59" CO="175.59" HC="1.10" NOx="5.05" PMx="0.27" fuel="5.18" electricity="0.00" noise="73.82" route="routetop" type="cfm-slow" waiting="0.00" lane="top_0" pos="46.70" speed="24.08" angle="190.54" x="-4.56" y="70.85"/>
        <vehicle id="cfm-slow_1" eclass="HBEFA3/PC_G_EU4" CO2="14417.75" CO="228.02" HC="1.40" NOx="6.13" PMx="0.34" fuel="6.20" electricity="0.00" noise="75.21" route="routetop" type="cfm-slow" waiting="0.00" lane="left_0" pos="15.89" speed="25.36" angle="155.86" x="3.45" y="30.78"/>
        <vehicle id="cfm-slow_2" eclass="HBEFA3/PC_G_EU4" CO2="18107.71" CO="310.34" HC="1.87" NOx="7.84" PMx="0.44" fuel="7.78" electricity="0.00" noise="77.23" route="routetop" type="cfm-slow" waiting="0.00" lane="left_0" pos="36.40" speed="26.89" angle="119.02" x="35.19" y="1.25"/>
        <vehicle id="cfm-slow_3" eclass="HBEFA3/PC_G_EU4" CO2="22070.83" CO="402.67" HC="2.39" NOx="9.67" PMx="0.55" fuel="9.49" electricity="0.00" noise="79.31" route="routebottom" type="cfm-slow" waiting="0.00" lane="bottom_0" pos="8.46" speed="28.81" angle="79.18" x="81.73" y="-2.51"/>
        <vehicle id="cfm-slow_4" eclass="HBEFA3/PC_G_EU4" CO2="14704.28" CO="267.28" HC="1.59" NOx="6.14" PMx="0.36" fuel="6.32" electricity="0.00" noise="76.61" route="routebottom" type="cfm-slow" waiting="0.00" lane="bottom_0" pos="32.47" speed="31.03" angle="36.12" x="122.11" y="27.74"/>
        <vehicle id="cfm-slow_5" eclass="HBEFA3/PC_G_EU4" CO2="0.00" CO="0.00" HC="0.00" NOx="0.00" PMx="0.00" fuel="0.00" electricity="0.00" noise="73.00" route="routebottom" type="cfm-slow" waiting="0.00" lane="right_0" pos="8.72" speed="31.92" angle="348.70" x="129.69" y="82.28"/>
    </timestep>
    <timestep time="7.89">
        <vehicle id="cfm-fast_0" eclass="HBEFA3/PC_G_EU4" CO2="181350.61" CO="3938.82" HC="22.48" NOx="84.46" PMx="4.83" fuel="77.95" electricity="0.00" noise="137.57" route="routebottom" type="cfm-fast" waiting="0.00" lane="right_1" pos="39.73" speed="47.10" angle="293.06" x="84.38" y="125.61"/>
        <vehicle id="cfm-fast_1" eclass="HBEFA3/PC_G_EU4" CO2="0.00" CO="0.00" HC="0.00" NOx="0.00" PMx="0.00" fuel="0.00" electricity="0.00" noise="69.62" route="routebottom" type="cfm-fast" waiting="0.00" lane="right_0" pos="40.38" speed="23.98" angle="291.86" x="84.14" y="129.14"/>
        <vehicle id="cfm-fast_2" eclass="HBEFA3/PC_G_EU4" CO2="0.00" CO="0.00" HC="0.00" NOx="0.00" PMx="0.00" fuel="0.00" electricity="0.00" noise="69.75" route="routetop" type="cfm-fast" waiting="0.00" lane="top_0" pos="5.24" speed="22.92" angle="265.04" x="52.34" y="131.33"/>
        <vehicle id="cfm-fast_3" eclass="HBEFA3/PC_G_EU4" CO2="6251.38" CO="53.42" HC="0.40" NOx="2.34" PMx="0.12" fuel="2.69" electricity="0.00" noise="70.90" route="routetop" type="cfm-fast" waiting="0.00" lane="top_0" pos="19.09" speed="22.64" angle="240.03" x="24.92" y="120.28"/>
        <vehicle id="cfm-fast_4" eclass="HBEFA3/PC_G_EU4" CO2="0.00" CO="0.00" HC="0.00" NOx="0.00" PMx="0.00" fuel="0.00" electricity="0.00" noise="88.34" route="routetop" type="cfm-fast" waiting="0.00" lane="left_1" pos="26.29" speed="91.74" angle="137.17" x="19.40" y="15.65"/>
        <vehicle id="cfm-fast_5" eclass="HBEFA3/PC_G_EU4" CO2="9723.62" CO="125.57" HC="0.81" NOx="3.97" PMx="0.21" fuel="4.18" electricity="0.00" noise="72.48" route="routetop" type="cfm-fast" waiting="0.00" lane="top_0" pos="32.75" speed="23.10" angle="215.58" x="4.91" y="99.07"/>
        <vehicle id="cfm-slow_0" eclass="HBEFA3/PC_G_EU4" CO2="12078.28" CO="176.07" HC="1.10" NOx="5.06" PMx="0.27" fuel="5.19" electricity="0.00" noise="73.83" route="routetop" type="cfm-slow" waiting="0.00" lane="top_0" pos="46.94" speed="24.09" angle="190.10" x="-4.61" y="70.34"/>
        <vehicle id="cfm-slow_1" eclass="HBEFA3/PC_G_EU4" CO2="14451.28" CO="228.77" HC="1.40" NOx="6.15" PMx="0.34" fuel="6.21" electricity="0.00" noise="75.23" route="routetop" type="cfm-slow" waiting="0.00" lane="left_0" pos="16.15" speed="25.37" angle="155.39" x="3.72" y="30.31"/>
        <vehicle id="cfm-slow_2" eclass="HBEFA3/PC_G_EU4" CO2="18144.64" CO="311.20" HC="1.87" NOx="7.86" PMx="0.44" fuel="7.80" electricity="0.00" noise="77.25" route="routetop" type="cfm-slow" waiting="0.00" lane="left_0" pos="36.67" speed="26.91" angle="118.51" x="35.72" y="1.01"/>
        <vehicle id="cfm-slow_3" eclass="HBEFA3/PC_G_EU4" CO2="22011.37" CO="401.59" HC="2.38" NOx="9.64" PMx="0.54" fuel="9.46" electricity="0.00" noise="79.28" route="routebottom" type="cfm-slow" waiting="0.00" lane="bottom_0" pos="8.74" speed="28.83" angle="78.65" x="82.33" y="-2.35"/>
        <vehicle id="cfm-slow_4" eclass="HBEFA3/PC_G_EU4" CO2="14393.21" CO="260.96" HC="1.55" NOx="6.00" PMx="0.36" fuel="6.19" electricity="0.00" noise="76.51" route="routebottom" type="cfm-slow" waiting="0.00" lane="bottom_0" pos="32.78" speed="31.04" angle="35.54" x="122.46" y="28.31"/>
        <vehicle id="cfm-slow_5" eclass="HBEFA3/PC_G_EU4" CO2="0.00" CO="0.00" HC="0.00" NOx="0.00" PMx="0.00" fuel="0.00" electricity="0.00" noise="72.98" route="routebottom" type="cfm-slow" waiting="0.00" lane="right_0" pos="9.04" speed="31.89" angle="348.18" x="129.51" y="82.94"/>
    </timestep>
    <timestep time="7.90">
        <vehicle id="cfm-fast_0" eclass="HBEFA3/PC_G_EU4" CO2="181918.61" CO="3953.48" HC="22.56" NOx="84.73" PMx="4.84" fuel="78.20" electricity="0.00" noise="137.63" route="routebottom" type="cfm-fast" waiting="0.00" lane="right_1" pos="40.21" speed="47.24" angle="292.18" x="83.46" y="125.90"/>
        <vehicle id="cfm-fast_1" eclass="HBEFA3/PC_G_EU4" CO2="0.00" CO="0.00" HC="0.00" NOx="0.00" PMx="0.00" fuel="0.00" electricity="0.00" noise="69.62" route="routebottom" type="cfm-fast" waiting="0.00" lane="right_0" pos="40.62" speed="23.97" angle="291.41" x="83.65" y="129.29"/>
        <vehicle id="cfm-fast_2" eclass="HBEFA3/PC_G_EU4" CO2="0.00" CO="0.00" HC="0.00" NOx="0.00" PMx="0.00" fuel="0.00" electricity="0.00" noise="69.76" route="routetop" type="cfm-fast" waiting="0.00" lane="top_0" pos="5.47" speed="22.92" angle="264.61" x="51.85" y="131.24"/>
        <vehicle id="cfm-fast_3" eclass="HBEFA3/PC_G_EU4" CO2="6283.87" CO="54.10" HC="0.40" NOx="2.36" PMx="0.12" fuel="2.70" electricity="0.00" noise="70.91" route="routetop" type="cfm-fast" waiting="0.00" lane="top_0" pos="19.32" speed="22.64" angle="239.67" x="24.52" y="120.01"/>
        <vehicle id="cfm-fast_4" eclass="HBEFA3/PC_G_EU4" CO2="0.00" CO="0.00" HC="0.00" NOx="0.00" PMx="0.00" fuel="0.00" electricity="0.00" noise="88.31" route="routetop" type="cfm-fast" waiting="0.00" lane="left_1" pos="27.21" speed="91.61" angle="135.53" x="20.80" y="14.40"/>
        <vehicle id="cfm-fast_5" eclass="HBEFA3/PC_G_EU4" CO2="9745.25" CO="126.03" HC="0.81" NOx="3.98" PMx="0.21" fuel="4.19" electricity="0.00" noise="72.49" route="routetop" type="cfm-fast" waiting="0.00" lane="top_0" pos="32.98" speed="23.11" angle="215.14" x="4.65" y="98.64"/>
        <vehicle id="cfm-slow_0" eclass="HBEFA3/PC_G_EU4" CO2="12100.08" CO="176.55" HC="1.10" NOx="5.07" PMx="0.27" fuel="5.20" electricity="0.00" noise="73.85" route="routetop" type="cfm-slow" waiting="0.00" lane="top_0" pos="47.18" speed="24.10" angle="189.65" x="-4.66" y="69.82"/>
        <vehicle id="cfm-slow_1" eclass="HBEFA3/PC_G_EU4" CO2="14484.86" CO="229.51" HC="1.41" NOx="6.16" PMx="0.34" fuel="6.23" electricity="0.00" noise="75.25" route="routetop" type="cfm-slow" waiting="0.00" lane="left_0" pos="16.40" speed="25.39" angle="154.92" x="3.98" y="29.83"/>
        <vehicle id="cfm-slow_2" eclass="HBEFA3/PC_G_EU4" CO2="18180.75" CO="312.03" HC="1.87" NOx="7.87" PMx="0.44" fuel="7.82" electricity="0.00" noise="77.27" route="routetop" type="cfm-slow" waiting="0.00" lane="left_0" pos="36.94" speed="26.92" angle="118.01" x="36.25" y="0.77"/>
        <vehicle id="cfm-slow_3" eclass="HBEFA3/PC_G_EU4" CO2="21949.65" CO="400.46" HC="2.37" NOx="9.61" PMx="0.54" fuel="9.44" electricity="0.00" noise="79.25" route="routebottom" type="cfm-slow" waiting="0.00" lane="bottom_0" pos="9.03" speed="28.85" angle="78.18" x="82.93" y="-2.18"/>
        <vehicle id="cfm-slow_4" eclass="HBEFA3/PC_G_EU4" CO2="14082.53" CO="254.64" HC="1.52" NOx="5.85" PMx="0.35" fuel="6.05" electricity="0.00" noise="76.41" route="routebottom" type="cfm-slow" waiting="0.00" lane="bottom_0" pos="33.09" speed="31.05" angle="34.96" x="122.80" y="28.89"/>
        <vehicle id="cfm-slow_5" eclass="HBEFA3/PC_G_EU4" CO2="0.00" CO="0.00" HC="0.00" NOx="0.00" PMx="0.00" fuel="0.00" electricity="0.00" noise="72.97" route="routebottom" type="cfm-slow" waiting="0.00" lane="right_0" pos="9.36" speed="31.86" angle="347.60" x="129.31" y="83.60"/>
    </timestep>
    <timestep time="7.91">
        <vehicle id="cfm-fast_0" eclass="HBEFA3/PC_G_EU4" CO2="182486.91" CO="3968.16" HC="22.64" NOx="84.99" PMx="4.86" fuel="78.44" electricity="0.00" noise="137.70" route="routebottom" type="cfm-fast" waiting="0.00" lane="right_1" pos="40.68" speed="47.37" angle="291.29" x="82.53" y="126.18"/>
        <vehicle id="cfm-fast_1" eclass="HBEFA3/PC_G_EU4" CO2="0.00" CO="0.00" HC="0.00" NOx="0.00" PMx="0.00" fuel="0.00" electricity="0.00" noise="69.62" route="routebottom" type="cfm-fast" waiting="0.00" lane="right_0" pos="40.86" speed="23.96" angle="290.95" x="83.15" y="129.44"/>
        <vehicle id="cfm-fast_2" eclass="HBEFA3/PC_G_EU4" CO2="0.00" CO="0.00" HC="0.00" NOx="0.00" PMx="0.00" fuel="0.00" electricity="0.00" noise="69.77" route="routetop" type="cfm-fast" waiting="0.00" lane="top_0" pos="5.70" speed="22.92" angle="264.18" x="51.37" y="131.15"/>
        <vehicle id="cfm-fast_3" eclass="HBEFA3/PC_G_EU4" CO2="6316.26" CO="54.77" HC="0.40" NOx="2.37" PMx="0.12" fuel="2.72" electricity="0.00" noise="70.93" route="routetop" type="cfm-fast" waiting="0.00" lane="top_0" pos="19.54" speed="22.65" angle="239.26" x="24.13" y="119.72"/>
        <vehicle id="cfm-fast_4" eclass="HBEFA3/PC_G_EU4" CO2="0.00" CO="0.00" HC="0.00" NOx="0.00" PMx="0.00" fuel="0.00" electricity="0.00" noise="88.29" route="routetop" type="cfm-fast" waiting="0.00" lane="left_1" pos="28.13" speed="91.48" angle="133.87" x="22.23" y="13.18"/>
        <vehicle id="cfm-fast_5" eclass="HBEFA3/PC_G_EU4" CO2="9766.89" CO="126.49" HC="0.82" NOx="3.99" PMx="0.21" fuel="4.20" electricity="0.00" noise="72.50" route="routetop" type="cfm-fast" waiting="0.00" lane="top_0" pos="33.21" speed="23.12" angle="214.70" x="4.40" y="98.22"/>
        <vehicle id="cfm-slow_0" eclass="HBEFA3/PC_G_EU4" CO2="12122.00" CO="177.03" HC="1.11" NOx="5.08" PMx="0.27" fuel="5.21" electricity="0.00" noise="73.86" route="routetop" type="cfm-slow" waiting="0.00" lane="top_0" pos="47.42" speed="24.11" angle="189.25" x="-4.72" y="69.31"/>
        <vehicle id="cfm-slow_1" eclass="HBEFA3/PC_G_EU4" CO2="14518.47" CO="230.26" HC="1.41" NOx="6.18" PMx="0.34" fuel="6.24" electricity="0.00" noise="75.27" route="routetop" type="cfm-slow" waiting="0.00" lane="left_0" pos="16.66" speed="25.40" angle="154.51" x="4.25" y="29.35"/>
        <vehicle id="cfm-slow_2" eclass="HBEFA3/PC_G_EU4" CO2="18216.04" CO="312.85" HC="1.88" NOx="7.89" PMx="0.44" fuel="7.83" electricity="0.00" noise="77.29" route="routetop" type="cfm-slow" waiting="0.00" lane="left_0" pos="37.21" speed="26.94" angle="117.58" x="36.78" y="0.53"/>
        <vehicle id="cfm-slow_3" eclass="HBEFA3/PC_G_EU4" CO2="21885.68" CO="399.28" HC="2.37" NOx="9.58" PMx="0.54" fuel="9.41" electricity="0.00" noise="79.22" route="routebottom" type="cfm-slow" waiting="0.00" lane="bottom_0" pos="9.32" speed="28.87" angle="77.65" x="83.52" y="-2.00"/>
        <vehicle id="cfm-slow_4" eclass="HBEFA3/PC_G_EU4" CO2="13772.32" CO="248.33" HC="1.48" NOx="5.70" PMx="0.34" fuel="5.92" electricity="0.00" noise="76.31" route="routebottom" type="cfm-slow" waiting="0.00" lane="bottom_0" pos="33.40" speed="31.06" angle="34.43" x="123.14" y="29.46"/>
        <vehicle id="cfm-slow_5" eclass="HBEFA3/PC_G_EU4" CO2="0.00" CO="0.00" HC="0.00" NOx="0.00" PMx="0.00" fuel="0.00" electricity="0.00" noise="72.95" route="routebottom" type="cfm-slow" waiting="0.00" lane="right_0" pos="9.68" speed="31.83" angle="347.03" x="129.10" y="84.25"/>
    </timestep>
    <timestep time="7.92">
        <vehicle id="cfm-fast_0" eclass="HBEFA3/PC_G_EU4" CO2="183055.49" CO="3982.86" HC="22.72" NOx="85.26" PMx="4.88" fuel="78.69" electricity="0.00" noise="137.76" route="routebottom" type="cfm-fast" waiting="0.00" lane="right_1" pos="41.16" speed="47.51" angle="290.46" x="81.59" y="126.46"/>
        <vehicle id="cfm-fast_1" eclass="HBEFA3/PC_G_EU4" CO2="0.00" CO="0.00" HC="0.00" NOx="0.00" PMx="0.00" fuel="0.00" electricity="0.00" noise="69.62" route="routebottom" type="cfm-fast" waiting="0.00" lane="right_0" pos="41.10" speed="23.95" angle="290.57" x="82.66" y="129.59"/>
        <vehicle id="cfm-fast_2" eclass="HBEFA3/PC_G_EU4" CO2="0.00" CO="0.00" HC="0.00" NOx="0.00" PMx="0.00" fuel="0.00" electricity="0.00" noise="69.78" route="routetop" type="cfm-fast" waiting="0.00" lane="top_0" pos="5.93" speed="22.91" angle="263.75" x="50.88" y="131.06"/>
        <vehicle id="cfm-fast_3" eclass="HBEFA3/PC_G_EU4" CO2="6348.57" CO="55.44" HC="0.41" NOx="2.39" PMx="0.12" fuel="2.73" electricity="0.00" noise="70.94" route="routetop" type="cfm-fast" waiting="0.00" lane="top_0" pos="19.77" speed="22.65" angle="238.85" x="23.73" y="119.44"/>
        <vehicle id="cfm-fast_4" eclass="HBEFA3/PC_G_EU4" CO2="0.00" CO="0.00" HC="0.00" NOx="0.00" PMx="0.00" fuel="0.00" electricity="0.00" noise="88.27" route="routetop" type="cfm-fast" waiting="0.00" lane="left_1" pos="29.04" speed="91.36" angle="132.21" x="23.70" y="12.02"/>
        <vehicle id="cfm-fast_5" eclass="HBEFA3/PC_G_EU4" CO2="9788.54" CO="126.95" HC="0.82" NOx="4.00" PMx="0.21" fuel="4.21" electricity="0.00" noise="72.52" route="routetop" type="cfm-fast" waiting="0.00" lane="top_0" pos="33.44" speed="23.13" angle="214.34" x="4.15" y="97.79"/>
        <vehicle id="cfm-slow_0" eclass="HBEFA3/PC_G_EU4" CO2="12144.02" CO="177.52" HC="1.11" NOx="5.09" PMx="0.27" fuel="5.22" electricity="0.00" noise="73.87" route="routetop" type="cfm-slow" waiting="0.00" lane="top_0" pos="47.66" speed="24.13" angle="188.81" x="-4.75" y="68.79"/>
        <vehicle id="cfm-slow_1" eclass="HBEFA3/PC_G_EU4" CO2="14552.11" CO="231.01" HC="1.41" NOx="6.19" PMx="0.34" fuel="6.26" electricity="0.00" noise="75.29" route="routetop" type="cfm-slow" waiting="0.00" lane="left_0" pos="16.91" speed="25.42" angle="154.05" x="4.53" y="28.88"/>
        <vehicle id="cfm-slow_2" eclass="HBEFA3/PC_G_EU4" CO2="18250.48" CO="313.65" HC="1.88" NOx="7.90" PMx="0.44" fuel="7.84" electricity="0.00" noise="77.31" route="routetop" type="cfm-slow" waiting="0.00" lane="left_0" pos="37.47" speed="26.96" angle="117.09" x="37.31" y="0.32"/>
        <vehicle id="cfm-slow_3" eclass="HBEFA3/PC_G_EU4" CO2="21819.48" CO="398.06" HC="2.36" NOx="9.55" PMx="0.54" fuel="9.38" electricity="0.00" noise="79.19" route="routebottom" type="cfm-slow" waiting="0.00" lane="bottom_0" pos="9.61" speed="28.89" angle="77.11" x="84.12" y="-1.82"/>
        <vehicle id="cfm-slow_4" eclass="HBEFA3/PC_G_EU4" CO2="13462.62" CO="242.03" HC="1.44" NOx="5.56" PMx="0.33" fuel="5.79" electricity="0.00" noise="76.22" route="routebottom" type="cfm-slow" waiting="0.00" lane="bottom_0" pos="33.71" speed="31.07" angle="33.86" x="123.46" y="30.05"/>
        <vehicle id="cfm-slow_5" eclass="HBEFA3/PC_G_EU4" CO2="0.00" CO="0.00" HC="0.00" NOx="0.00" PMx="0.00" fuel="0.00" electricity="0.00" noise="72.93" route="routebottom" type="cfm-slow" waiting="0.00" lane="right_0" pos="9.99" speed="31.80" angle="346.46" x="128.90" y="84.91"/>
    </timestep>
    <timestep time="7.93">
        <vehicle id="cfm-fast_0" eclass="HBEFA3/PC_G_EU4" CO2="183624.37" CO="3997.59" HC="22.81" NOx="85.53" PMx="4.89" fuel="78.93" electricity="0.00" noise="137.83" route="routebottom" type="cfm-fast" waiting="0.00" lane="right_1" pos="41.63" speed="47.65" angle="289.57" x="80.65" y="126.71"/>
        <vehicle id="cfm-fast_1" eclass="HBEFA3/PC_G_EU4" CO2="0.00" CO="0.00" HC="0.00" NOx="0.00" PMx="0.00" fuel="0.00" electricity="0.00" noise="69.62" route="routebottom" type="cfm-fast" waiting="0.00" lane="right_0" pos="41.34" speed="23.94" angle="290.14" x="82.16" y="129.72"/>
        <vehicle id="cfm-fast_2" eclass="HBEFA3/PC_G_EU4" CO2="0.00" CO="0.00" HC="0.00" NOx="0.00" PMx="0.00" fuel="0.00" electricity="0.00" noise="69.79" route="routetop" type="cfm-fast" waiting="0.00" lane="top_0" pos="6.16" speed="22.91" angle="263.33" x="50.40" y="130.97"/>
        <vehicle id="cfm-fast_3" eclass="HBEFA3/PC_G_EU4" CO2="6380.79" CO="56.11" HC="0.41" NOx="2.40" PMx="0.12" fuel="2.74" electricity="0.00" noise="70.95" route="routetop" type="cfm-fast" waiting="0.00" lane="top_0" pos="20.00" speed="22.66" angle="238.44" x="23.34" y="119.15"/>
        <vehicle id="cfm-fast_4" eclass="HBEFA3/PC_G_EU4" CO2="0.00" CO="0.00" HC="0.00" NOx="0.00" PMx="0.00" fuel="0.00" electricity="0.00" noise="88.25" route="routetop" type="cfm-fast" waiting="0.00" lane="left_1" pos="29.95" speed="91.23" angle="130.58" x="25.20" y="10.90"/>
        <vehicle id="cfm-fast_5" eclass="HBEFA3/PC_G_EU4" CO2="9810.21" CO="127.42" HC="0.82" NOx="4.01" PMx="0.21" fuel="4.22" electricity="0.00" noise="72.53" route="routetop" type="cfm-fast" waiting="0.00" lane="top_0" pos="33.68" speed="23.14" angle="213.92" x="3.90" y="97.35"/>
        <vehicle id="cfm-slow_0" eclass="HBEFA3/PC_G_EU4" CO2="12166.16" CO="178.01" HC="1.11" NOx="5.10" PMx="0.27" fuel="5.23" electricity="0.00" noise="73.89" route="routetop" type="cfm-slow" waiting="0.00" lane="top_0" pos="47.90" speed="24.14" angle="188.35" x="-4.78" y="68.27"/>
        <vehicle id="cfm-slow_1" eclass="HBEFA3/PC_G_EU4" CO2="14585.77" CO="231.76" HC="1.42" NOx="6.21" PMx="0.34" fuel="6.27" electricity="0.00" noise="75.31" route="routetop" type="cfm-slow" waiting="0.00" lane="left_0" pos="17.16" speed="25.43" angle="153.58" x="4.81" y="28.41"/>
        <vehicle id="cfm-slow_2" eclass="HBEFA3/PC_G_EU4" CO2="18284.07" CO="314.44" HC="1.89" NOx="7.92" PMx="0.44" fuel="7.86" electricity="0.00" noise="77.32" route="routetop" type="cfm-slow" waiting="0.00" lane="left_0" pos="37.74" speed="26.98" angle="116.59" x="37.85" y="0.10"/>
        <vehicle id="cfm-slow_3" eclass="HBEFA3/PC_G_EU4" CO2="21751.08" CO="396.79" HC="2.35" NOx="9.51" PMx="0.54" fuel="9.35" electricity="0.00" noise="79.16" route="routebottom" type="cfm-slow" waiting="0.00" lane="bottom_0" pos="9.90" speed="28.92" angle="76.58" x="84.71" y="-1.63"/>
        <vehicle id="cfm-slow_4" eclass="HBEFA3/PC_G_EU4" CO2="13153.50" CO="235.74" HC="1.41" NOx="5.41" PMx="0.32" fuel="5.65" electricity="0.00" noise="76.13" route="routebottom" type="cfm-slow" waiting="0.00" lane="bottom_0" pos="34.02" speed="31.07" angle="33.29" x="123.78" y="30.63"/>
        <vehicle id="cfm-slow_5" eclass="HBEFA3/PC_G_EU4" CO2="0.00" CO="0.00" HC="0.00" NOx="0.00" PMx="0.00" fuel="0.00" electricity="0.00" noise="72.92" route="routebottom" type="cfm-slow" waiting="0.00" lane="right_0" pos="10.31" speed="31.77" angle="345.94" x="128.69" y="85.56"/>
    </timestep>
    <timestep time="7.94">
        <vehicle id="cfm-fast_0" eclass="HBEFA3/PC_G_EU4" CO2="184193.54" CO="4012.33" HC="22.89" NOx="85.79" PMx="4.91" fuel="79.18" electricity="0.00" noise="137.90" route="routebottom" type="cfm-fast" waiting="0.00" lane="right_1" pos="42.11" speed="47.78" angle="288.67" x="79.70" y="126.96"/>
        <vehicle id="cfm-fast_1" eclass="HBEFA3/PC_G_EU4" CO2="0.00" CO="0.00" HC="0.00" NOx="0.00" PMx="0.00" fuel="0.00" electricity="0.00" noise="69.62" route="routebottom" type="cfm-fast" waiting="0.00" lane="right_0" pos="41.58" speed="23.93" angle="289.70" x="81.66" y="129.86"/>
        <vehicle id="cfm-fast_2" eclass="HBEFA3/PC_G_EU4" CO2="0.00" CO="0.00" HC="0.00" NOx="0.00" PMx="0.00" fuel="0.00" electricity="0.00" noise="69.79" route="routetop" type="cfm-fast" waiting="0.00" lane="top_0" pos="6.39" speed="22.91" angle="262.96" x="49.91" y="130.88"/>
        <vehicle id="cfm-fast_3" eclass="HBEFA3/PC_G_EU4" CO2="6412.92" CO="56.78" HC="0.42" NOx="2.42" PMx="0.12" fuel="2.76" electricity="0.00" noise="70.97" route="routetop" type="cfm-fast" waiting="0.00" lane="top_0" pos="20.22" speed="22.66" angle="238.03" x="22.94" y="118.86"/>
        <vehicle id="cfm-fast_4" eclass="HBEFA3/PC_G_EU4" CO2="0.00" CO="0.00" HC="0.00" NOx="0.00" PMx="0.00" fuel="0.00" electricity="0.00" noise="88.23" route="routetop" type="cfm-fast" waiting="0.00" lane="left_1" pos="30.86" speed="91.10" angle="128.95" x="26.72" y="9.82"/>
        <vehicle id="cfm-fast_5" eclass="HBEFA3/PC_G_EU4" CO2="9831.89" CO="127.88" HC="0.83" NOx="4.02" PMx="0.21" fuel="4.23" electricity="0.00" noise="72.54" route="routetop" type="cfm-fast" waiting="0.00" lane="top_0" pos="33.91" speed="23.15" angle="213.49" x="3.66" y="96.92"/>
        <vehicle id="cfm-slow_0" eclass="HBEFA3/PC_G_EU4" CO2="12188.40" CO="178.50" HC="1.12" NOx="5.11" PMx="0.27" fuel="5.24" electricity="0.00" noise="73.90" route="routetop" type="cfm-slow" waiting="0.00" lane="top_0" pos="48.14" speed="24.15" angle="187.89" x="-4.81" y="67.75"/>
        <vehicle id="cfm-slow_1" eclass="HBEFA3/PC_G_EU4" CO2="14619.45" CO="232.50" HC="1.42" NOx="6.22" PMx="0.34" fuel="6.28" electricity="0.00" noise="75.33" route="routetop" type="cfm-slow" waiting="0.00" lane="left_0" pos="17.42" speed="25.45" angle="153.11" x="5.09" y="27.94"/>
        <vehicle id="cfm-slow_2" eclass="HBEFA3/PC_G_EU4" CO2="18316.80" CO="315.20" HC="1.89" NOx="7.94" PMx="0.44" fuel="7.87" electricity="0.00" noise="77.34" route="routetop" type="cfm-slow" waiting="0.00" lane="left_0" pos="38.01" speed="27.00" angle="116.09" x="38.39" y="-0.12"/>
        <vehicle id="cfm-slow_3" eclass="HBEFA3/PC_G_EU4" CO2="21680.49" CO="395.48" HC="2.34" NOx="9.48" PMx="0.54" fuel="9.32" electricity="0.00" noise="79.13" route="routebottom" type="cfm-slow" waiting="0.00" lane="bottom_0" pos="10.19" speed="28.94" angle="76.10" x="85.31" y="-1.45"/>
        <vehicle id="cfm-slow_4" eclass="HBEFA3/PC_G_EU4" CO2="12845.02" CO="229.45" HC="1.37" NOx="5.26" PMx="0.31" fuel="5.52" electricity="0.00" noise="76.03" route="routebottom" type="cfm-slow" waiting="0.00" lane="bottom_0" pos="34.33" speed="31.08" angle="32.72" x="124.11" y="31.22"/>
        <vehicle id="cfm-slow_5" eclass="HBEFA3/PC_G_EU4" CO2="0.00" CO="0.00" HC="0.00" NOx="0.00" PMx="0.00" fuel="0.00" electricity="0.00" noise="72.90" route="routebottom" type="cfm-slow" waiting="0.00" lane="right_0" pos="10.63" speed="31.73" angle="345.34" x="128.46" y="86.20"/>
    </timestep>
    <timestep time="7.95">
        <vehicle id="cfm-fast_0" eclass="HBEFA3/PC_G_EU4" CO2="184763.00" CO="4027.10" HC="22.97" NOx="86.06" PMx="4.93" fuel="79.42" electricity="0.00" noise="137.96" route="routebottom" type="cfm-fast" waiting="0.00" lane="right_1" pos="42.59" speed="47.92" angle="287.87" x="78.75" y="127.20"/>
        <vehicle id="cfm-fast_1" eclass="HBEFA3/PC_G_EU4" CO2="0.00" CO="0.00" HC="0.00" NOx="0.00" PMx="0.00" fuel="0.00" electricity="0.00" noise="69.62" route="routebottom" type="cfm-fast" waiting="0.00" lane="right_0" pos="41.82" speed="23.92" angle="289.27" x="81.17" y="129.99"/>
        <vehicle id="cfm-fast_2" eclass="HBEFA3/PC_G_EU4" CO2="0.00" CO="0.00" HC="0.00" NOx="0.00" PMx="0.00" fuel="0.00" electricity="0.00" noise="69.80" route="routetop" type="cfm-fast" waiting="0.00" lane="top_0" pos="6.62" speed="22.90" angle="262.53" x="49.43" y="130.78"/>
        <vehicle id="cfm-fast_3" eclass="HBEFA3/PC_G_EU4" CO2="6444.97" CO="57.44" HC="0.42" NOx="2.43" PMx="0.12" fuel="2.77" electricity="0.00" noise="70.98" route="routetop" type="cfm-fast" waiting="0.00" lane="top_0" pos="20.45" speed="22.66" angle="237.65" x="22.55" y="118.58"/>
        <vehicle id="cfm-fast_4" eclass="HBEFA3/PC_G_EU4" CO2="0.00" CO="0.00" HC="0.00" NOx="0.00" PMx="0.00" fuel="0.00" electricity="0.00" noise="88.21" route="routetop" type="cfm-fast" waiting="0.00" lane="left_1" pos="31.77" speed="90.97" angle="127.31" x="28.27" y="8.78"/>
        <vehicle id="cfm-fast_5" eclass="HBEFA3/PC_G_EU4" CO2="9853.58" CO="128.34" HC="0.83" NOx="4.03" PMx="0.21" fuel="4.24" electricity="0.00" noise="72.55" route="routetop" type="cfm-fast" waiting="0.00" lane="top_0" pos="34.14" speed="23.16" angle="213.07" x="3.42" y="96.48"/>
        <vehicle id="cfm-slow_0" eclass="HBEFA3/PC_G_EU4" CO2="12210.76" CO="178.99" HC="1.12" NOx="5.12" PMx="0.28" fuel="5.25" electricity="0.00" noise="73.91" route="routetop" type="cfm-slow" waiting="0.00" lane="top_0" pos="48.39" speed="24.16" angle="187.43" x="-4.84" y="67.23"/>
        <vehicle id="cfm-slow_1" eclass="HBEFA3/PC_G_EU4" CO2="14653.14" CO="233.25" HC="1.43" NOx="6.24" PMx="0.34" fuel="6.30" electricity="0.00" noise="75.35" route="routetop" type="cfm-slow" waiting="0.00" lane="left_0" pos="17.67" speed="25.47" angle="152.64" x="5.37" y="27.47"/>
        <vehicle id="cfm-slow_2" eclass="HBEFA3/PC_G_EU4" CO2="18348.64" CO="315.95" HC="1.90" NOx="7.95" PMx="0.44" fuel="7.89" electricity="0.00" noise="77.36" route="routetop" type="cfm-slow" waiting="0.00" lane="left_0" pos="38.28" speed="27.02" angle="115.60" x="38.93" y="-0.33"/>
        <vehicle id="cfm-slow_3" eclass="HBEFA3/PC_G_EU4" CO2="21607.73" CO="394.12" HC="2.34" NOx="9.44" PMx="0.53" fuel="9.29" electricity="0.00" noise="79.09" route="routebottom" type="cfm-slow" waiting="0.00" lane="bottom_0" pos="10.48" speed="28.96" angle="75.58" x="85.90" y="-1.24"/>
        <vehicle id="cfm-slow_4" eclass="HBEFA3/PC_G_EU4" CO2="12537.22" CO="223.18" HC="1.34" NOx="5.12" PMx="0.31" fuel="5.39" electricity="0.00" noise="75.95" route="routebottom" type="cfm-slow" waiting="0.00" lane="bottom_0" pos="34.65" speed="31.09" angle="32.21" x="124.43" y="31.81"/>
        <vehicle id="cfm-slow_5" eclass="HBEFA3/PC_G_EU4" CO2="0.00" CO="0.00" HC="0.00" NOx="0.00" PMx="0.00" fuel="0.00" electricity="0.00" noise="72.88" route="routebottom" type="cfm-slow" waiting="0.00" lane="right_0" pos="10.95" speed="31.70" angle="344.73" x="128.23" y="86.84"/>
    </timestep>
    <timestep time="7.96">
        <vehicle id="cfm-fast_0" eclass="HBEFA3/PC_G_EU4" CO2="185332.76" CO="4041.89" HC="23.05" NOx="86.32" PMx="4.94" fuel="79.67" electricity="0.00" noise="138.03" route="routebottom" type="cfm-fast" waiting="0.00" lane="right_1" pos="43.07" speed="48.06" angle="287.02" x="77.79" y="127.42"/>
        <vehicle id="cfm-fast_1" eclass="HBEFA3/PC_G_EU4" CO2="0.00" CO="0.00" HC="0.00" NOx="0.00" PMx="0.00" fuel="0.00" electricity="0.00" noise="69.61" route="routebottom" type="cfm-fast" waiting="0.00" lane="right_0" pos="42.06" speed="23.91" angle="288.83" x="80.67" y="130.12"/>
        <vehicle id="cfm-fast_2" eclass="HBEFA3/PC_G_EU4" CO2="0.00" CO="0.00" HC="0.00" NOx="0.00" PMx="0.00" fuel="0.00" electricity="0.00" noise="69.81" route="routetop" type="cfm-fast" waiting="0.00" lane="top_0" pos="6.85" speed="22.90" angle="262.10" x="48.95" y="130.67"/>
        <vehicle id="cfm-fast_3" eclass="HBEFA3/PC_G_EU4" CO2="6476.93" CO="58.11" HC="0.42" NOx="2.45" PMx="0.12" fuel="2.78" electricity="0.00" noise="70.99" route="routetop" type="cfm-fast" waiting="0.00" lane="top_0" pos="20.68" speed="22.67" angle="237.26" x="22.16" y="118.28"/>
        <vehicle id="cfm-fast_4" eclass="HBEFA3/PC_G_EU4" CO2="0.00" CO="0.00" HC="0.00" NOx="0.00" PMx="0.00" fuel="0.00" electricity="0.00" noise="88.19" route="routetop" type="cfm-fast" waiting="0.00" lane="left_1" pos="32.68" speed="90.84" angle="125.69" x="29.85" y="7.80"/>
        <vehicle id="cfm-fast_5" eclass="HBEFA3/PC_G_EU4" CO2="9875.29" CO="128.81" HC="0.83" NOx="4.04" PMx="0.21" fuel="4.24" electricity="0.00" noise="72.57" route="routetop" type="cfm-fast" waiting="0.00" lane="top_0" pos="34.37" speed="23.17" angle="212.65" x="3.18" y="96.05"/>
        <vehicle id="cfm-slow_0" eclass="HBEFA3/PC_G_EU4" CO2="12233.22" CO="179.48" HC="1.12" NOx="5.13" PMx="0.28" fuel="5.26" electricity="0.00" noise="73.93" route="routetop" type="cfm-slow" waiting="0.00" lane="top_0" pos="48.63" speed="24.18" angle="186.96" x="-4.87" y="66.71"/>
        <vehicle id="cfm-slow_1" eclass="HBEFA3/PC_G_EU4" CO2="14686.82" CO="234.00" HC="1.43" NOx="6.26" PMx="0.34" fuel="6.31" electricity="0.00" noise="75.36" route="routetop" type="cfm-slow" waiting="0.00" lane="left_0" pos="17.93" speed="25.48" angle="152.24" x="5.66" y="27.00"/>
        <vehicle id="cfm-slow_2" eclass="HBEFA3/PC_G_EU4" CO2="18379.59" CO="316.68" HC="1.90" NOx="7.96" PMx="0.44" fuel="7.90" electricity="0.00" noise="77.38" route="routetop" type="cfm-slow" waiting="0.00" lane="left_0" pos="38.56" speed="27.04" angle="115.15" x="39.48" y="-0.54"/>
        <vehicle id="cfm-slow_3" eclass="HBEFA3/PC_G_EU4" CO2="21532.83" CO="392.72" HC="2.33" NOx="9.41" PMx="0.53" fuel="9.26" electricity="0.00" noise="79.06" route="routebottom" type="cfm-slow" waiting="0.00" lane="bottom_0" pos="10.77" speed="28.98" angle="75.04" x="86.48" y="-1.03"/>
        <vehicle id="cfm-slow_4" eclass="HBEFA3/PC_G_EU4" CO2="12230.18" CO="216.92" HC="1.30" NOx="4.97" PMx="0.30" fuel="5.26" electricity="0.00" noise="75.86" route="routebottom" type="cfm-slow" waiting="0.00" lane="bottom_0" pos="34.96" speed="31.10" angle="31.65" x="124.73" y="32.40"/>
        <vehicle id="cfm-slow_5" eclass="HBEFA3/PC_G_EU4" CO2="0.00" CO="0.00" HC="0.00" NOx="0.00" PMx="0.00" fuel="0.00" electricity="0.00" noise="72.87" route="routebottom" type="cfm-slow" waiting="0.00" lane="right_0" pos="11.26" speed="31.67" angle="344.13" x="127.99" y="87.48"/>
    </timestep>
    <timestep time="7.97">
        <vehicle id="cfm-fast_0" eclass="HBEFA3/PC_G_EU4" CO2="185902.80" CO="4056.70" HC="23.13" NOx="86.59" PMx="4.96" fuel="79.91" electricity="0.00" noise="138.09" route="routebottom" type="cfm-fast" waiting="0.00" lane="right_1" pos="43.55" speed="48.19" angle="286.20" x="76.82" y="127.64"/>
        <vehicle id="cfm-fast_1" eclass="HBEFA3/PC_G_EU4" CO2="0.00" CO="0.00" HC="0.00" NOx="0.00" PMx="0.00" fuel="0.00" electricity="0.00" noise="69.61" route="routebottom" type="cfm-fast" waiting="0.00" lane="right_0" pos="42.29" speed="23.90" angle="288.44" x="80.17" y="130.26"/>
        <vehicle id="cfm-fast_2" eclass="HBEFA3/PC_G_EU4" CO2="0.00" CO="0.00" HC="0.00" NOx="0.00" PMx="0.00" fuel="0.00" electricity="0.00" noise="69.82" route="routetop" type="cfm-fast" waiting="0.00" lane="top_0" pos="7.08" speed="22.90" angle="261.67" x="48.47" y="130.56"/>
        <vehicle id="cfm-fast_3" eclass="HBEFA3/PC_G_EU4" CO2="6508.80" CO="58.77" HC="0.43" NOx="2.46" PMx="0.12" fuel="2.80" electricity="0.00" noise="71.01" route="routetop" type="cfm-fast" waiting="0.00" lane="top_0" pos="20.90" speed="22.67" angle="236.84" x="21.78" y="117.98"/>
        <vehicle id="cfm-fast_4" eclass="HBEFA3/PC_G_EU4" CO2="0.00" CO="0.00" HC="0.00" NOx="0.00" PMx="0.00" fuel="0.00" electricity="0.00" noise="88.17" route="routetop" type="cfm-fast" waiting="0.00" lane="left_1" pos="33.59" speed="90.71" angle="124.08" x="31.45" y="6.85"/>
        <vehicle id="cfm-fast_5" eclass="HBEFA3/PC_G_EU4" CO2="9897.01" CO="129.27" HC="0.83" NOx="4.05" PMx="0.21" fuel="4.25" electricity="0.00" noise="72.58" route="routetop" type="cfm-fast" waiting="0.00" lane="top_0" pos="34.60" speed="23.18" angle="212.28" x="2.94" y="95.61"/>
        <vehicle id="cfm-slow_0" eclass="HBEFA3/PC_G_EU4" CO2="12255.80" CO="179.98" HC="1.12" NOx="5.14" PMx="0.28" fuel="5.27" electricity="0.00" noise="73.94" route="routetop" type="cfm-slow" waiting="0.00" lane="top_0" pos="48.87" speed="24.19" angle="186.58" x="-4.90" y="66.19"/>
        <vehicle id="cfm-slow_1" eclass="HBEFA3/PC_G_EU4" CO2="14720.50" CO="234.75" HC="1.44" NOx="6.27" PMx="0.34" fuel="6.33" electricity="0.00" noise="75.38" route="routetop" type="cfm-slow" waiting="0.00" lane="left_0" pos="18.18" speed="25.50" angle="151.77" x="5.96" y="26.55"/>
        <vehicle id="cfm-slow_2" eclass="HBEFA3/PC_G_EU4" CO2="18409.64" CO="317.40" HC="1.91" NOx="7.98" PMx="0.44" fuel="7.91" electricity="0.00" noise="77.39" route="routetop" type="cfm-slow" waiting="0.00" lane="left_0" pos="38.83" speed="27.06" angle="114.66" x="40.02" y="-0.74"/>
        <vehicle id="cfm-slow_3" eclass="HBEFA3/PC_G_EU4" CO2="21455.80" CO="391.27" HC="2.32" NOx="9.37" PMx="0.53" fuel="9.22" electricity="0.00" noise="79.02" route="routebottom" type="cfm-slow" waiting="0.00" lane="bottom_0" pos="11.06" speed="29.00" angle="74.50" x="87.07" y="-0.82"/>
        <vehicle id="cfm-slow_4" eclass="HBEFA3/PC_G_EU4" CO2="11923.93" CO="210.68" HC="1.26" NOx="4.83" PMx="0.29" fuel="5.13" electricity="0.00" noise="75.77" route="routebottom" type="cfm-slow" waiting="0.00" lane="bottom_0" pos="35.27" speed="31.10" angle="31.08" x="125.03" y="33.00"/>
        <vehicle id="cfm-slow_5" eclass="HBEFA3/PC_G_EU4" CO2="0.00" CO="0.00" HC="0.00" NOx="0.00" PMx="0.00" fuel="0.00" electricity="0.00" noise="72.85" route="routebottom" type="cfm-slow" waiting="0.00" lane="right_0" pos="11.58" speed="31.63" angle="343.60" x="127.76" y="88.12"/>
    </timestep>
    <timestep time="7.98">
        <vehicle id="cfm-fast_0" eclass="HBEFA3/PC_G_EU4" CO2="186473.14" CO="4071.53" HC="23.22" NOx="86.86" PMx="4.97" fuel="80.16" electricity="0.00" noise="138.16" route="routebottom" type="cfm-fast" waiting="0.00" lane="right_1" pos="44.03" speed="48.33" angle="285.29" x="75.85" y="127.82"/>
        <vehicle id="cfm-fast_1" eclass="HBEFA3/PC_G_EU4" CO2="0.00" CO="0.00" HC="0.00" NOx="0.00" PMx="0.00" fuel="0.00" electricity="0.00" noise="69.61" route="routebottom" type="cfm-fast" waiting="0.00" lane="right_0" pos="42.53" speed="23.89" angle="288.02" x="79.67" y="130.37"/>
        <vehicle id="cfm-fast_2" eclass="HBEFA3/PC_G_EU4" CO2="0.00" CO="0.00" HC="0.00" NOx="0.00" PMx="0.00" fuel="0.00" electricity="0.00" noise="69.83" route="routetop" type="cfm-fast" waiting="0.00" lane="top_0" pos="7.31" speed="22.89" angle="261.24" x="47.99" y="130.45"/>
        <vehicle id="cfm-fast_3" eclass="HBEFA3/PC_G_EU4" CO2="6540.59" CO="59.43" HC="0.43" NOx="2.48" PMx="0.12" fuel="2.81" electricity="0.00" noise="71.02" route="routetop" type="cfm-fast" waiting="0.00" lane="top_0" pos="21.13" speed="22.68" angle="236.42" x="21.39" y="117.68"/>
        <vehicle id="cfm-fast_4" eclass="HBEFA3/PC_G_EU4" CO2="0.00" CO="0.00" HC="0.00" NOx="0.00" PMx="0.00" fuel="0.00" electricity="0.00" noise="88.15" route="routetop" type="cfm-fast" waiting="0.00" lane="left_1" pos="34.49" speed="90.58" angle="122.44" x="33.08" y="5.95"/>
        <vehicle id="cfm-fast_5" eclass="HBEFA3/PC_G_EU4" CO2="9918.75" CO="129.73" HC="0.84" NOx="4.06" PMx="0.21" fuel="4.26" electricity="0.00" noise="72.59" route="routetop" type="cfm-fast" waiting="0.00" lane="top_0" pos="34.83" speed="23.19" angle="211.87" x="2.71" y="95.16"/>
        <vehicle id="cfm-slow_0" eclass="HBEFA3/PC_G_EU4" CO2="12278.47" CO="180.48" HC="1.13" NOx="5.15" PMx="0.28" fuel="5.28" electricity="0.00" noise="73.96" route="routetop" type="cfm-slow" waiting="0.00" lane="top_0" pos="49.11" speed="24.20" angle="186.14" x="-4.91" y="65.67"/>
        <vehicle id="cfm-slow_1" eclass="HBEFA3/PC_G_EU4" CO2="14754.16" CO="235.50" HC="1.44" NOx="6.29" PMx="0.34" fuel="6.34" electricity="0.00" noise="75.40" route="routetop" type="cfm-slow" waiting="0.00" lane="left_0" pos="18.44" speed="25.51" angle="151.29" x="6.26" y="26.09"/>
        <vehicle id="cfm-slow_2" eclass="HBEFA3/PC_G_EU4" CO2="18438.78" CO="318.09" HC="1.91" NOx="7.99" PMx="0.45" fuel="7.93" electricity="0.00" noise="77.41" route="routetop" type="cfm-slow" waiting="0.00" lane="left_0" pos="39.10" speed="27.08" angle="114.16" x="40.57" y="-0.93"/>
        <vehicle id="cfm-slow_3" eclass="HBEFA3/PC_G_EU4" CO2="21376.67" CO="389.78" HC="2.31" NOx="9.33" PMx="0.53" fuel="9.19" electricity="0.00" noise="78.99" route="routebottom" type="cfm-slow" waiting="0.00" lane="bottom_0" pos="11.35" speed="29.02" angle="73.96" x="87.66" y="-0.61"/>
        <vehicle id="cfm-slow_4" eclass="HBEFA3/PC_G_EU4" CO2="11618.54" CO="204.45" HC="1.23" NOx="4.69" PMx="0.28" fuel="4.99" electricity="0.00" noise="75.69" route="routebottom" type="cfm-slow" waiting="0.00" lane="bottom_0" pos="35.58" speed="31.11" angle="30.52" x="125.33" y="33.60"/>
        <vehicle id="cfm-slow_5" eclass="HBEFA3/PC_G_EU4" CO2="0.00" CO="0.00" HC="0.00" NOx="0.00" PMx="0.00" fuel="0.00" electricity="0.00" noise="72.83" route="routebottom" type="cfm-slow" waiting="0.00" lane="right_0" pos="11.89" speed="31.60" angle="343.02" x="127.51" y="88.75"/>
    </timestep>
    <timestep time="7.99">
        <vehicle id="cfm-fast_0" eclass="HBEFA3/PC_G_EU4" CO2="187043.77" CO="4086.38" HC="23.30" NOx="87.12" PMx="4.99" fuel="80.40" electricity="0.00" noise="138.23" route="routebottom" type="cfm-fast" waiting="0.00" lane="right_1" pos="44.52" speed="48.46" angle="284.35" x="74.87" y="128.00"/>
        <vehicle id="cfm-fast_1" eclass="HBEFA3/PC_G_EU4" CO2="0.00" CO="0.00" HC="0.00" NOx="0.00" PMx="0.00" fuel="0.00" electricity="0.00" noise="69.61" route="routebottom" type="cfm-fast" waiting="0.00" lane="right_0" pos="42.77" speed="23.88" angle="287.59" x="79.17" y="130.49"/>
        <vehicle id="cfm-fast_2" eclass="HBEFA3/PC_G_EU4" CO2="0.00" CO="0.00" HC="0.00" NOx="0.00" PMx="0.00" fuel="0.00" electricity="0.00" noise="69.84" route="routetop" type="cfm-fast" waiting="0.00" lane="top_0" pos="7.54" speed="22.89" angle="260.81" x="47.51" y="130.34"/>
        <vehicle id="cfm-fast_3" eclass="HBEFA3/PC_G_EU4" CO2="6572.30" CO="60.09" HC="0.43" NOx="2.49" PMx="0.12" fuel="2.83" electricity="0.00" noise="71.04" route="routetop" type="cfm-fast" waiting="0.00" lane="top_0" pos="21.36" speed="22.68" angle="236.01" x="21.01" y="117.38"/>
        <vehicle id="cfm-fast_4" eclass="HBEFA3/PC_G_EU4" CO2="0.00" CO="0.00" HC="0.00" NOx="0.00" PMx="0.00" fuel="0.00" electricity="0.00" noise="88.12" route="routetop" type="cfm-fast" waiting="0.00" lane="left_1" pos="35.40" speed="90.45" angle="120.85" x="34.73" y="5.11"/>
        <vehicle id="cfm-fast_5" eclass="HBEFA3/PC_G_EU4" CO2="9940.51" CO="130.20" HC="0.84" NOx="4.07" PMx="0.21" fuel="4.27" electricity="0.00" noise="72.60" route="routetop" type="cfm-fast" waiting="0.00" lane="top_0" pos="35.07" speed="23.20" angle="211.44" x="2.49" y="94.72"/>
        <vehicle id="cfm-slow_0" eclass="HBEFA3/PC_G_EU4" CO2="12301.26" CO="180.98" HC="1.13" NOx="5.16" PMx="0.28" fuel="5.29" electricity="0.00" noise="73.97" route="routetop" type="cfm-slow" waiting="0.00" lane="top_0" pos="49.35" speed="24.22" angle="185.69" x="-4.92" y="65.15"/>
        <vehicle id="cfm-slow_1" eclass="HBEFA3/PC_G_EU4" CO2="14787.80" CO="236.25" HC="1.44" NOx="6.30" PMx="0.35" fuel="6.36" electricity="0.00" noise="75.42" route="routetop" type="cfm-slow" waiting="0.00" lane="left_0" pos="18.69" speed="25.53" angle="150.81" x="6.57" y="25.63"/>
        <vehicle id="cfm-slow_2" eclass="HBEFA3/PC_G_EU4" CO2="18466.99" CO="318.77" HC="1.91" NOx="8.00" PMx="0.45" fuel="7.94" electricity="0.00" noise="77.43" route="routetop" type="cfm-slow" waiting="0.00" lane="left_0" pos="39.37" speed="27.10" angle="113.66" x="41.12" y="-1.13"/>
        <vehicle id="cfm-slow_3" eclass="HBEFA3/PC_G_EU4" CO2="21295.45" CO="388.25" HC="2.30" NOx="9.30" PMx="0.53" fuel="9.15" electricity="0.00" noise="78.95" route="routebottom" type="cfm-slow" waiting="0.00" lane="bottom_0" pos="11.64" speed="29.04" angle="73.50" x="88.24" y="-0.39"/>
        <vehicle id="cfm-slow_4" eclass="HBEFA3/PC_G_EU4" CO2="11314.06" CO="198.23" HC="1.19" NOx="4.54" PMx="0.28" fuel="4.86" electricity="0.00" noise="75.60" route="routebottom" type="cfm-slow" waiting="0.00" lane="bottom_0" pos="35.89" speed="31.12" angle="30.00" x="125.63" y="34.20"/>
        <vehicle id="cfm-slow_5" eclass="HBEFA3/PC_G_EU4" CO2="0.00" CO="0.00" HC="0.00" NOx="0.00" PMx="0.00" fuel="0.00" electricity="0.00" noise="72.82" route="routebottom" type="cfm-slow" waiting="0.00" lane="right_0" pos="12.21" speed="31.57" angle="342.44" x="127.25" y="89.38"/>
    </timestep>
    <timestep time="8.00">
        <vehicle id="cfm-fast_0" eclass="HBEFA3/PC_G_EU4" CO2="187614.69" CO="4101.26" HC="23.38" NOx="87.39" PMx="5.01" fuel="80.65" electricity="0.00" noise="138.29" route="routebottom" type="cfm-fast" waiting="0.00" lane="right_1" pos="45.00" speed="48.60" angle="283.50" x="73.89" y="128.17"/>
        <vehicle id="cfm-fast_1" eclass="HBEFA3/PC_G_EU4" CO2="0.00" CO="0.00" HC="0.00" NOx="0.00" PMx="0.00" fuel="0.00" electricity="0.00" noise="69.61" route="routebottom" type="cfm-fast" waiting="0.00" lane="right_0" pos="43.01" speed="23.87" angle="287.15" x="78.67" y="130.60"/>
        <vehicle id="cfm-fast_2" eclass="HBEFA3/PC_G_EU4" CO2="0.00" CO="0.00" HC="0.00" NOx="0.00" PMx="0.00" fuel="0.00" electricity="0.00" noise="69.84" route="routetop" type="cfm-fast" waiting="0.00" lane="top_0" pos="7.76" speed="22.89" angle="260.45" x="47.03" y="130.22"/>
        <vehicle id="cfm-fast_3" eclass="HBEFA3/PC_G_EU4" CO2="6603.92" CO="60.75" HC="0.44" NOx="2.51" PMx="0.13" fuel="2.84" electricity="0.00" noise="71.05" route="routetop" type="cfm-fast" waiting="0.00" lane="top_0" pos="21.58" speed="22.69" angle="235.59" x="20.62" y="117.08"/>
        <vehicle id="cfm-fast_4" eclass="HBEFA3/PC_G_EU4" CO2="0.00" CO="0.00" HC="0.00" NOx="0.00" PMx="0.00" fuel="0.00" electricity="0.00" noise="88.10" route="routetop" type="cfm-fast" waiting="0.00" lane="left_1" pos="36.30" speed="90.32" angle="119.22" x="36.40" y="4.32"/>
        <vehicle id="cfm-fast_5" eclass="HBEFA3/PC_G_EU4" CO2="9962.29" CO="130.67" HC="0.84" NOx="4.08" PMx="0.21" fuel="4.28" electricity="0.00" noise="72.62" route="routetop" type="cfm-fast" waiting="0.00" lane="top_0" pos="35.30" speed="23.21" angle="211.01" x="2.27" y="94.27"/>
        <vehicle id="cfm-slow_0" eclass="HBEFA3/PC_G_EU4" CO2="12324.15" CO="181.49" HC="1.13" NOx="5.17" PMx="0.28" fuel="5.30" electricity="0.00" noise="73.98" route="routetop" type="cfm-slow" waiting="0.00" lane="top_0" pos="49.60" speed="24.23" angle="185.25" x="-4.93" y="64.63"/>
        <vehicle id="cfm-slow_1" eclass="HBEFA3/PC_G_EU4" CO2="14821.40" CO="237.00" HC="1.45" NOx="6.32" PMx="0.35" fuel="6.37" electricity="0.00" noise="75.44" route="routetop" type="cfm-slow" waiting="0.00" lane="left_0" pos="18.95" speed="25.54" angle="150.33" x="6.87" y="25.17"/>
        <vehicle id="cfm-slow_2" eclass="HBEFA3/PC_G_EU4" CO2="18494.27" CO="319.43" HC="1.92" NOx="8.02" PMx="0.45" fuel="7.95" electricity="0.00" noise="77.44" route="routetop" type="cfm-slow" waiting="0.00" lane="left_0" pos="39.64" speed="27.12" angle="113.16" x="41.67" y="-1.33"/>
        <vehicle id="cfm-slow_3" eclass="HBEFA3/PC_G_EU4" CO2="21212.18" CO="386.67" HC="2.29" NOx="9.26" PMx="0.53" fuel="9.12" electricity="0.00" noise="78.91" route="routebottom" type="cfm-slow" waiting="0.00" lane="bottom_0" pos="11.93" speed="29.06" angle="72.98" x="88.82" y="-0.16"/>
        <vehicle id="cfm-slow_4" eclass="HBEFA3/PC_G_EU4" CO2="11010.53" CO="192.03" HC="1.16" NOx="4.40" PMx="0.27" fuel="4.73" electricity="0.00" noise="75.52" route="routebottom" type="cfm-slow" waiting="0.00" lane="bottom_0" pos="36.20" speed="31.12" angle="29.41" x="125.91" y="34.81"/>
        <vehicle id="cfm-slow_5" eclass="HBEFA3/PC_G_EU4" CO2="0.00" CO="0.00" HC="0.00" NOx="0.00" PMx="0.00" fuel="0.00" electricity="0.00" noise="72.80" route="routebottom" type="cfm-slow" waiting="0.00" lane="right_0" pos="12.53" speed="31.53" angle="341.87" x="127.00" y="90.01"/>
    </timestep>
    <timestep time="8.01">
        <vehicle id="cfm-fast_0" eclass="HBEFA3/PC_G_EU4" CO2="188185.90" CO="4116.15" HC="23.46" NOx="87.66" PMx="5.02" fuel="80.89" electricity="0.00" noise="138.36" route="routebottom" type="cfm-fast" waiting="0.00" lane="right_1" pos="45.49" speed="48.74" angle="282.61" x="72.90" y="128.31"/>
        <vehicle id="cfm-fast_1" eclass="HBEFA3/PC_G_EU4" CO2="0.00" CO="0.00" HC="0.00" NOx="0.00" PMx="0.00" fuel="0.00" electricity="0.00" noise="69.61" route="routebottom" type="cfm-fast" waiting="0.00" lane="right_0" pos="43.25" speed="23.86" angle="286.72" x="78.17" y="130.71"/>
        <vehicle id="cfm-fast_2" eclass="HBEFA3/PC_G_EU4" CO2="0.00" CO="0.00" HC="0.00" NOx="0.00" PMx="0.00" fuel="0.00" electricity="0.00" noise="69.85" route="routetop" type="cfm-fast" waiting="0.00" lane="top_0" pos="7.99" speed="22.89" angle="260.03" x="46.56" y="130.10"/>
        <vehicle id="cfm-fast_3" eclass="HBEFA3/PC_G_EU4" CO2="6635.46" CO="61.40" HC="0.44" NOx="2.52" PMx="0.13" fuel="2.85" electricity="0.00" noise="71.06" route="routetop" type="cfm-fast" waiting="0.00" lane="top_0" pos="21.81" speed="22.69" angle="235.23" x="20.24" y="116.78"/>
        <vehicle id="cfm-fast_4" eclass="HBEFA3/PC_G_EU4" CO2="0.00" CO="0.00" HC="0.00" NOx="0.00" PMx="0.00" fuel="0.00" electricity="0.00" noise="88.08" route="routetop" type="cfm-fast" waiting="0.00" lane="left_1" pos="37.20" speed="90.19" angle="117.57" x="38.09" y="3.56"/>
        <vehicle id="cfm-fast_5" eclass="HBEFA3/PC_G_EU4" CO2="9984.08" CO="131.13" HC="0.84" NOx="4.09" PMx="0.22" fuel="4.29" electricity="0.00" noise="72.63" route="routetop" type="cfm-fast" waiting="0.00" lane="top_0" pos="35.53" speed="23.22" angle="210.58" x="2.05" y="93.82"/>
        <vehicle id="cfm-slow_0" eclass="HBEFA3/PC_G_EU4" CO2="12347.14" CO="181.99" HC="1.13" NOx="5.18" PMx="0.28" fuel="5.31" electricity="0.00" noise="74.00" route="routetop" type="cfm-slow" waiting="0.00" lane="top_0" pos="49.84" speed="24.24" angle="184.81" x="-4.94" y="64.11"/>
        <vehicle id="cfm-slow_1" eclass="HBEFA3/PC_G_EU4" CO2="14854.97" CO="237.75" HC="1.45" NOx="6.33" PMx="0.35" fuel="6.39" electricity="0.00" noise="75.46" route="routetop" type="cfm-slow" waiting="0.00" lane="left_0" pos="19.20" speed="25.56" angle="149.91" x="7.18" y="24.72"/>
        <vehicle id="cfm-slow_2" eclass="HBEFA3/PC_G_EU4" CO2="18520.60" CO="320.06" HC="1.92" NOx="8.03" PMx="0.45" fuel="7.96" electricity="0.00" noise="77.46" route="routetop" type="cfm-slow" waiting="0.00" lane="left_0" pos="39.91" speed="27.14" angle="112.72" x="42.22" y="-1.51"/>
        <vehicle id="cfm-slow_3" eclass="HBEFA3/PC_G_EU4" CO2="21126.87" CO="385.05" HC="2.28" NOx="9.22" PMx="0.52" fuel="9.08" electricity="0.00" noise="78.87" route="routebottom" type="cfm-slow" waiting="0.00" lane="bottom_0" pos="12.22" speed="29.08" angle="72.46" x="89.40" y="0.08"/>
        <vehicle id="cfm-slow_4" eclass="HBEFA3/PC_G_EU4" CO2="10708.00" CO="185.85" HC="1.12" NOx="4.26" PMx="0.26" fuel="4.60" electricity="0.00" noise="75.44" route="routebottom" type="cfm-slow" waiting="0.00" lane="bottom_0" pos="36.51" speed="31.13" angle="28.80" x="126.18" y="35.42"/>
        <vehicle id="cfm-slow_5" eclass="HBEFA3/PC_G_EU4" CO2="0.00" CO="0.00" HC="0.00" NOx="0.00" PMx="0.00" fuel="0.00" electricity="0.00" noise="72.78" route="routebottom" type="cfm-slow" waiting="0.00" lane="right_0" pos="12.84" speed="31.50" angle="341.35" x="126.75" y="90.64"/>
    </timestep>
    <timestep time="8.02">
        <vehicle id="cfm-fast_0" eclass="HBEFA3/PC_G_EU4" CO2="188757.41" CO="4131.07" HC="23.54" NOx="87.93" PMx="5.04" fuel="81.14" electricity="0.00" noise="138.42" route="routebottom" type="cfm-fast" waiting="0.00" lane="right_1" pos="45.98" speed="48.87" angle="281.72" x="71.91" y="128.45"/>
        <vehicle id="cfm-fast_1" eclass="HBEFA3/PC_G_EU4" CO2="0.00" CO="0.00" HC="0.00" NOx="0.00" PMx="0.00" fuel="0.00" electricity="0.00" noise="69.61" route="routebottom" type="cfm-fast" waiting="0.00" lane="right_0" pos="43.49" speed="23.85" angle="286.28" x="77.67" y="130.82"/>
        <vehicle id="cfm-fast_2" eclass="HBEFA3/PC_G_EU4" CO2="0.00" CO="0.00" HC="0.00" NOx="0.00" PMx="0.00" fuel="0.00" electricity="0.00" noise="69.86" route="routetop" type="cfm-fast" waiting="0.00" lane="top_0" pos="8.22" speed="22.89" angle="259.61" x="46.08" y="129.97"/>
        <vehicle id="cfm-fast_3" eclass="HBEFA3/PC_G_EU4" CO2="6666.92" CO="62.06" HC="0.45" NOx="2.54" PMx="0.13" fuel="2.87" electricity="0.00" noise="71.08" route="routetop" type="cfm-fast" waiting="0.00" lane="top_0" pos="22.04" speed="22.70" angle="234.80" x="19.87" y="116.46"/>
        <vehicle id="cfm-fast_4" eclass="HBEFA3/PC_G_EU4" CO2="0.00" CO="0.00" HC="0.00" NOx="0.00" PMx="0.00" fuel="0.00" electricity="0.00" noise="88.06" route="routetop" type="cfm-fast" waiting="0.00" lane="left_1" pos="38.10" speed="90.06" angle="115.89" x="39.81" y="2.88"/>
        <vehicle id="cfm-fast_5" eclass="HBEFA3/PC_G_EU4" CO2="10005.89" CO="131.60" HC="0.85" NOx="4.10" PMx="0.22" fuel="4.30" electricity="0.00" noise="72.64" route="routetop" type="cfm-fast" waiting="0.00" lane="top_0" pos="35.76" speed="23.23" angle="210.15" x="1.82" y="93.38"/>
        <vehicle id="cfm-slow_0" eclass="HBEFA3/PC_G_EU4" CO2="12370.23" CO="182.50" HC="1.14" NOx="5.19" PMx="0.28" fuel="5.32" electricity="0.00" noise="74.01" route="routetop" type="cfm-slow" waiting="0.00" lane="left_0" pos="0.08" speed="24.26" angle="184.33" x="-4.95" y="63.40"/>
        <vehicle id="cfm-slow_1" eclass="HBEFA3/PC_G_EU4" CO2="14888.49" CO="238.50" HC="1.46" NOx="6.35" PMx="0.35" fuel="6.40" electricity="0.00" noise="75.48" route="routetop" type="cfm-slow" waiting="0.00" lane="left_0" pos="19.46" speed="25.57" angle="149.44" x="7.50" y="24.27"/>
        <vehicle id="cfm-slow_2" eclass="HBEFA3/PC_G_EU4" CO2="18545.98" CO="320.68" HC="1.92" NOx="8.04" PMx="0.45" fuel="7.97" electricity="0.00" noise="77.47" route="routetop" type="cfm-slow" waiting="0.00" lane="left_0" pos="40.18" speed="27.16" angle="112.21" x="42.78" y="-1.68"/>
        <vehicle id="cfm-slow_3" eclass="HBEFA3/PC_G_EU4" CO2="21039.54" CO="383.39" HC="2.27" NOx="9.17" PMx="0.52" fuel="9.04" electricity="0.00" noise="78.83" route="routebottom" type="cfm-slow" waiting="0.00" lane="bottom_0" pos="12.51" speed="29.10" angle="71.94" x="89.98" y="0.31"/>
        <vehicle id="cfm-slow_4" eclass="HBEFA3/PC_G_EU4" CO2="10406.53" CO="179.68" HC="1.08" NOx="4.11" PMx="0.25" fuel="4.47" electricity="0.00" noise="75.37" route="routebottom" type="cfm-slow" waiting="0.00" lane="bottom_0" pos="36.82" speed="31.13" angle="28.19" x="126.45" y="36.03"/>
        <vehicle id="cfm-slow_5" eclass="HBEFA3/PC_G_EU4" CO2="0.00" CO="0.00" HC="0.00" NOx="0.00" PMx="0.00" fuel="0.00" electricity="0.00" noise="72.77" route="routebottom" type="cfm-slow" waiting="0.00" lane="right_0" pos="13.16" speed="31.47" angle="340.78" x="126.47" y="91.26"/>
    </timestep>
    <timestep time="8.03">
        <vehicle id="cfm-fast_0" eclass="HBEFA3/PC_G_EU4" CO2="189329.21" CO="4146.01" HC="23.63" NOx="88.19" PMx="5.06" fuel="81.38" electricity="0.00" noise="138.49" route="routebottom" type="cfm-fast" waiting="0.00" lane="right_1" pos="46.47" speed="49.01" angle="280.89" x="70.91" y="128.56"/>
        <vehicle id="cfm-fast_1" eclass="HBEFA3/PC_G_EU4" CO2="0.00" CO="0.00" HC="0.00" NOx="0.00" PMx="0.00" fuel="0.00" electricity="0.00" noise="69.61" route="routebottom" type="cfm-fast" waiting="0.00" lane="right_0" pos="43.73" speed="23.84" angle="285.89" x="77.17" y="130.93"/>
        <vehicle id="cfm-fast_2" eclass="HBEFA3/PC_G_EU4" CO2="0.00" CO="0.00" HC="0.00" NOx="0.00" PMx="0.00" fuel="0.00" electricity="0.00" noise="69.87" route="routetop" type="cfm-fast" waiting="0.00" lane="top_0" pos="8.45" speed="22.88" angle="259.20" x="45.61" y="129.84"/>
        <vehicle id="cfm-fast_3" eclass="HBEFA3/PC_G_EU4" CO2="6698.30" CO="62.71" HC="0.45" NOx="2.55" PMx="0.13" fuel="2.88" electricity="0.00" noise="71.09" route="routetop" type="cfm-fast" waiting="0.00" lane="top_0" pos="22.27" speed="22.70" angle="234.38" x="19.49" y="116.15"/>
        <vehicle id="cfm-fast_4" eclass="HBEFA3/PC_G_EU4" CO2="0.00" CO="0.00" HC="0.00" NOx="0.00" PMx="0.00" fuel="0.00" electricity="0.00" noise="88.04" route="routetop" type="cfm-fast" waiting="0.00" lane="left_1" pos="39.00" speed="89.93" angle="114.27" x="41.53" y="2.23"/>
        <vehicle id="cfm-fast_5" eclass="HBEFA3/PC_G_EU4" CO2="10027.72" CO="132.07" HC="0.85" NOx="4.11" PMx="0.22" fuel="4.31" electricity="0.00" noise="72.66" route="routetop" type="cfm-fast" waiting="0.00" lane="top_0" pos="35.99" speed="23.24" angle="209.78" x="1.61" y="92.93"/>
        <vehicle id="cfm-slow_0" eclass="HBEFA3/PC_G_EU4" CO2="12393.42" CO="183.02" HC="1.14" NOx="5.20" PMx="0.28" fuel="5.33" electricity="0.00" noise="74.03" route="routetop" type="cfm-slow" waiting="0.00" lane="left_0" pos="0.32" speed="24.27" angle="183.89" x="-4.93" y="62.88"/>
        <vehicle id="cfm-slow_1" eclass="HBEFA3/PC_G_EU4" CO2="14921.95" CO="239.24" HC="1.46" NOx="6.36" PMx="0.35" fuel="6.41" electricity="0.00" noise="75.50" route="routetop" type="cfm-slow" waiting="0.00" lane="left_0" pos="19.72" speed="25.59" angle="148.97" x="7.82" y="23.82"/>
        <vehicle id="cfm-slow_2" eclass="HBEFA3/PC_G_EU4" CO2="18570.39" CO="321.28" HC="1.93" NOx="8.05" PMx="0.45" fuel="7.98" electricity="0.00" noise="77.48" route="routetop" type="cfm-slow" waiting="0.00" lane="left_0" pos="40.45" speed="27.17" angle="111.70" x="43.34" y="-1.86"/>
        <vehicle id="cfm-slow_3" eclass="HBEFA3/PC_G_EU4" CO2="20950.22" CO="381.68" HC="2.26" NOx="9.13" PMx="0.52" fuel="9.01" electricity="0.00" noise="78.79" route="routebottom" type="cfm-slow" waiting="0.00" lane="bottom_0" pos="12.80" speed="29.12" angle="71.47" x="90.57" y="0.54"/>
        <vehicle id="cfm-slow_4" eclass="HBEFA3/PC_G_EU4" CO2="10106.16" CO="173.54" HC="1.05" NOx="3.97" PMx="0.24" fuel="4.34" electricity="0.00" noise="75.29" route="routebottom" type="cfm-slow" waiting="0.00" lane="bottom_0" pos="37.13" speed="31.14" angle="27.63" x="126.73" y="36.64"/>
        <vehicle id="cfm-slow_5" eclass="HBEFA3/PC_G_EU4" CO2="0.00" CO="0.00" HC="0.00" NOx="0.00" PMx="0.00" fuel="0.00" electricity="0.00" noise="72.75" route="routebottom" type="cfm-slow" waiting="0.00" lane="right_0" pos="13.47" speed="31.43" angle="340.21" x="126.19" y="91.87"/>
    </timestep>
    <timestep time="8.04">
        <vehicle id="cfm-fast_0" eclass="HBEFA3/PC_G_EU4" CO2="189901.30" CO="4160.97" HC="23.71" NOx="88.46" PMx="5.07" fuel="81.63" electricity="0.00" noise="138.55" route="routebottom" type="cfm-fast" waiting="0.00" lane="right_1" pos="46.96" speed="49.15" angle="280.01" x="69.91" y="128.67"/>
        <vehicle id="cfm-fast_1" eclass="HBEFA3/PC_G_EU4" CO2="0.00" CO="0.00" HC="0.00" NOx="0.00" PMx="0.00" fuel="0.00" electricity="0.00" noise="69.61" route="routebottom" type="cfm-fast" waiting="0.00" lane="right_0" pos="43.96" speed="23.83" angle="285.44" x="76.66" y="131.02"/>
        <vehicle id="cfm-fast_2" eclass="HBEFA3/PC_G_EU4" CO2="0.00" CO="0.00" HC="0.00" NOx="0.00" PMx="0.00" fuel="0.00" electricity="0.00" noise="69.88" route="routetop" type="cfm-fast" waiting="0.00" lane="top_0" pos="8.68" speed="22.88" angle="258.78" x="45.13" y="129.72"/>
        <vehicle id="cfm-fast_3" eclass="HBEFA3/PC_G_EU4" CO2="6729.61" CO="63.36" HC="0.45" NOx="2.56" PMx="0.13" fuel="2.89" electricity="0.00" noise="71.10" route="routetop" type="cfm-fast" waiting="0.00" lane="top_0" pos="22.49" speed="22.71" angle="233.95" x="19.12" y="115.83"/>
        <vehicle id="cfm-fast_4" eclass="HBEFA3/PC_G_EU4" CO2="0.00" CO="0.00" HC="0.00" NOx="0.00" PMx="0.00" fuel="0.00" electricity="0.00" noise="88.02" route="routetop" type="cfm-fast" waiting="0.00" lane="left_1" pos="39.90" speed="89.80" angle="112.69" x="43.27" y="1.62"/>
        <vehicle id="cfm-fast_5" eclass="HBEFA3/PC_G_EU4" CO2="10049.58" CO="132.53" HC="0.85" NOx="4.12" PMx="0.22" fuel="4.32" electricity="0.00" noise="72.67" route="routetop" type="cfm-fast" waiting="0.00" lane="top_0" pos="36.23" speed="23.25" angle="209.35" x="1.40" y="92.47"/>
        <vehicle id="cfm-slow_0" eclass="HBEFA3/PC_G_EU4" CO2="12416.71" CO="183.53" HC="1.14" NOx="5.21" PMx="0.28" fuel="5.34" electricity="0.00" noise="74.04" route="routetop" type="cfm-slow" waiting="0.00" lane="left_0" pos="0.57" speed="24.28" angle="183.45" x="-4.92" y="62.35"/>
        <vehicle id="cfm-slow_1" eclass="HBEFA3/PC_G_EU4" CO2="14955.34" CO="239.99" HC="1.47" NOx="6.38" PMx="0.35" fuel="6.43" electricity="0.00" noise="75.52" route="routetop" type="cfm-slow" waiting="0.00" lane="left_0" pos="19.97" speed="25.61" angle="148.50" x="8.14" y="23.38"/>
        <vehicle id="cfm-slow_2" eclass="HBEFA3/PC_G_EU4" CO2="18593.82" CO="321.86" HC="1.93" NOx="8.06" PMx="0.45" fuel="7.99" electricity="0.00" noise="77.50" route="routetop" type="cfm-slow" waiting="0.00" lane="left_0" pos="40.73" speed="27.19" angle="111.19" x="43.90" y="-2.03"/>
        <vehicle id="cfm-slow_3" eclass="HBEFA3/PC_G_EU4" CO2="20858.93" CO="379.94" HC="2.25" NOx="9.09" PMx="0.52" fuel="8.97" electricity="0.00" noise="78.75" route="routebottom" type="cfm-slow" waiting="0.00" lane="bottom_0" pos="13.09" speed="29.14" angle="70.93" x="91.14" y="0.80"/>
        <vehicle id="cfm-slow_4" eclass="HBEFA3/PC_G_EU4" CO2="9806.93" CO="167.42" HC="1.01" NOx="3.83" PMx="0.24" fuel="4.22" electricity="0.00" noise="75.22" route="routebottom" type="cfm-slow" waiting="0.00" lane="bottom_0" pos="37.45" speed="31.14" angle="27.10" x="126.98" y="37.26"/>
        <vehicle id="cfm-slow_5" eclass="HBEFA3/PC_G_EU4" CO2="0.00" CO="0.00" HC="0.00" NOx="0.00" PMx="0.00" fuel="0.00" electricity="0.00" noise="72.73" route="routebottom" type="cfm-slow" waiting="0.00" lane="right_0" pos="13.78" speed="31.40" angle="339.64" x="125.92" y="92.49"/>
    </timestep>
    <timestep time="8.05">
        <vehicle id="cfm-fast_0" eclass="HBEFA3/PC_G_EU4" CO2="190473.68" CO="4175.95" HC="23.79" NOx="88.73" PMx="5.09" fuel="81.87" electricity="0.00" noise="138.62" route="routebottom" type="cfm-fast" waiting="0.00" lane="right_1" pos="47.46" speed="49.28" angle="279.19" x="68.90" y="128.77"/>
        <vehicle id="cfm-fast_1" eclass="HBEFA3/PC_G_EU4" CO2="0.00" CO="0.00" HC="0.00" NOx="0.00" PMx="0.00" fuel="0.00" electricity="0.00" noise="69.61" route="routebottom" type="cfm-fast" waiting="0.00" lane="right_0" pos="44.20" speed="23.82" angle="284.98" x="76.16" y="131.11"/>
        <vehicle id="cfm-fast_2" eclass="HBEFA3/PC_G_EU4" CO2="0.00" CO="0.00" HC="0.00" NOx="0.00" PMx="0.00" fuel="0.00" electricity="0.00" noise="69.89" route="routetop" type="cfm-fast" waiting="0.00" lane="top_0" pos="8.91" speed="22.88" angle="258.40" x="44.65" y="129.59"/>
        <vehicle id="cfm-fast_3" eclass="HBEFA3/PC_G_EU4" CO2="6760.83" CO="64.01" HC="0.46" NOx="2.58" PMx="0.13" fuel="2.91" electricity="0.00" noise="71.12" route="routetop" type="cfm-fast" waiting="0.00" lane="top_0" pos="22.72" speed="22.71" angle="233.53" x="18.75" y="115.51"/>
        <vehicle id="cfm-fast_4" eclass="HBEFA3/PC_G_EU4" CO2="0.00" CO="0.00" HC="0.00" NOx="0.00" PMx="0.00" fuel="0.00" electricity="0.00" noise="88.00" route="routetop" type="cfm-fast" waiting="0.00" lane="left_1" pos="40.80" speed="89.67" angle="111.02" x="45.03" y="1.07"/>
        <vehicle id="cfm-fast_5" eclass="HBEFA3/PC_G_EU4" CO2="10071.45" CO="133.00" HC="0.85" NOx="4.13" PMx="0.22" fuel="4.33" electricity="0.00" noise="72.68" route="routetop" type="cfm-fast" waiting="0.00" lane="top_0" pos="36.46" speed="23.26" angle="208.91" x="1.19" y="92.01"/>
        <vehicle id="cfm-slow_0" eclass="HBEFA3/PC_G_EU4" CO2="12440.10" CO="184.05" HC="1.15" NOx="5.22" PMx="0.28" fuel="5.35" electricity="0.00" noise="74.05" route="routetop" type="cfm-slow" waiting="0.00" lane="left_0" pos="0.81" speed="24.30" angle="183.01" x="-4.91" y="61.83"/>
        <vehicle id="cfm-slow_1" eclass="HBEFA3/PC_G_EU4" CO2="14988.67" CO="240.73" HC="1.47" NOx="6.40" PMx="0.35" fuel="6.44" electricity="0.00" noise="75.53" route="routetop" type="cfm-slow" waiting="0.00" lane="left_0" pos="20.23" speed="25.62" angle="148.02" x="8.46" y="22.93"/>
        <vehicle id="cfm-slow_2" eclass="HBEFA3/PC_G_EU4" CO2="18616.27" CO="322.42" HC="1.93" NOx="8.07" PMx="0.45" fuel="8.00" electricity="0.00" noise="77.51" route="routetop" type="cfm-slow" waiting="0.00" lane="left_0" pos="41.00" speed="27.21" angle="110.72" x="44.46" y="-2.20"/>
        <vehicle id="cfm-slow_3" eclass="HBEFA3/PC_G_EU4" CO2="20765.69" CO="378.15" HC="2.24" NOx="9.04" PMx="0.51" fuel="8.93" electricity="0.00" noise="78.71" route="routebottom" type="cfm-slow" waiting="0.00" lane="bottom_0" pos="13.39" speed="29.16" angle="70.39" x="91.71" y="1.06"/>
        <vehicle id="cfm-slow_4" eclass="HBEFA3/PC_G_EU4" CO2="9508.90" CO="161.32" HC="0.98" NOx="3.69" PMx="0.23" fuel="4.09" electricity="0.00" noise="75.15" route="routebottom" type="cfm-slow" waiting="0.00" lane="bottom_0" pos="37.76" speed="31.15" angle="26.54" x="127.23" y="37.88"/>
        <vehicle id="cfm-slow_5" eclass="HBEFA3/PC_G_EU4" CO2="0.00" CO="0.00" HC="0.00" NOx="0.00" PMx="0.00" fuel="0.00" electricity="0.00" noise="72.72" route="routebottom" type="cfm-slow" waiting="0.00" lane="right_0" pos="14.10" speed="31.36" angle="339.13" x="125.64" y="93.11"/>
    </timestep>
    <timestep time="8.06">
        <vehicle id="cfm-fast_0" eclass="HBEFA3/PC_G_EU4" CO2="191046.35" CO="4190.95" HC="23.88" NOx="89.00" PMx="5.10" fuel="82.12" electricity="0.00" noise="138.69" route="routebottom" type="cfm-fast" waiting="0.00" lane="right_1" pos="47.95" speed="49.42" angle="278.24" x="67.89" y="128.83"/>
        <vehicle id="cfm-fast_1" eclass="HBEFA3/PC_G_EU4" CO2="0.00" CO="0.00" HC="0.00" NOx="0.00" PMx="0.00" fuel="0.00" electricity="0.00" noise="69.61" route="routebottom" type="cfm-fast" waiting="0.00" lane="right_0" pos="44.44" speed="23.81" angle="284.53" x="75.66" y="131.21"/>
        <vehicle id="cfm-fast_2" eclass="HBEFA3/PC_G_EU4" CO2="0.00" CO="0.00" HC="0.00" NOx="0.00" PMx="0.00" fuel="0.00" electricity="0.00" noise="69.90" route="routetop" type="cfm-fast" waiting="0.00" lane="top_0" pos="9.14" speed="22.88" angle="258.00" x="44.18" y="129.45"/>
        <vehicle id="cfm-fast_3" eclass="HBEFA3/PC_G_EU4" CO2="6791.97" CO="64.66" HC="0.46" NOx="2.59" PMx="0.13" fuel="2.92" electricity="0.00" noise="71.13" route="routetop" type="cfm-fast" waiting="0.00" lane="top_0" pos="22.95" speed="22.72" angle="233.11" x="18.37" y="115.20"/>
        <vehicle id="cfm-fast_4" eclass="HBEFA3/PC_G_EU4" CO2="0.00" CO="0.00" HC="0.00" NOx="0.00" PMx="0.00" fuel="0.00" electricity="0.00" noise="87.97" route="routetop" type="cfm-fast" waiting="0.00" lane="left_1" pos="41.69" speed="89.54" angle="109.43" x="46.79" y="0.58"/>
        <vehicle id="cfm-fast_5" eclass="HBEFA3/PC_G_EU4" CO2="10093.35" CO="133.47" HC="0.86" NOx="4.14" PMx="0.22" fuel="4.34" electricity="0.00" noise="72.70" route="routetop" type="cfm-fast" waiting="0.00" lane="top_0" pos="36.69" speed="23.27" angle="208.47" x="0.99" y="91.56"/>
        <vehicle id="cfm-slow_0" eclass="HBEFA3/PC_G_EU4" CO2="12463.59" CO="184.56" HC="1.15" NOx="5.23" PMx="0.28" fuel="5.36" electricity="0.00" noise="74.07" route="routetop" type="cfm-slow" waiting="0.00" lane="left_0" pos="1.05" speed="24.31" angle="182.57" x="-4.90" y="61.31"/>
        <vehicle id="cfm-slow_1" eclass="HBEFA3/PC_G_EU4" CO2="15021.91" CO="241.48" HC="1.47" NOx="6.41" PMx="0.35" fuel="6.46" electricity="0.00" noise="75.55" route="routetop" type="cfm-slow" waiting="0.00" lane="left_0" pos="20.48" speed="25.64" angle="147.60" x="8.79" y="22.48"/>
        <vehicle id="cfm-slow_2" eclass="HBEFA3/PC_G_EU4" CO2="18637.73" CO="322.96" HC="1.94" NOx="8.08" PMx="0.45" fuel="8.01" electricity="0.00" noise="77.52" route="routetop" type="cfm-slow" waiting="0.00" lane="left_0" pos="41.27" speed="27.23" angle="110.24" x="45.02" y="-2.36"/>
        <vehicle id="cfm-slow_3" eclass="HBEFA3/PC_G_EU4" CO2="20670.53" CO="376.33" HC="2.23" NOx="9.00" PMx="0.51" fuel="8.89" electricity="0.00" noise="78.67" route="routebottom" type="cfm-slow" waiting="0.00" lane="bottom_0" pos="13.68" speed="29.18" angle="69.85" x="92.28" y="1.32"/>
        <vehicle id="cfm-slow_4" eclass="HBEFA3/PC_G_EU4" CO2="9212.11" CO="155.24" HC="0.94" NOx="3.55" PMx="0.22" fuel="3.96" electricity="0.00" noise="75.08" route="routebottom" type="cfm-slow" waiting="0.00" lane="bottom_0" pos="38.07" speed="31.15" angle="25.98" x="127.48" y="38.51"/>
        <vehicle id="cfm-slow_5" eclass="HBEFA3/PC_G_EU4" CO2="0.00" CO="0.00" HC="0.00" NOx="0.00" PMx="0.00" fuel="0.00" electricity="0.00" noise="72.70" route="routebottom" type="cfm-slow" waiting="0.00" lane="right_0" pos="14.41" speed="31.33" angle="338.54" x="125.34" y="93.71"/>
    </timestep>
    <timestep time="8.07">
        <vehicle id="cfm-fast_0" eclass="HBEFA3/PC_G_EU4" CO2="191619.32" CO="4205.98" HC="23.96" NOx="89.26" PMx="5.12" fuel="82.37" electricity="0.00" noise="138.75" route="routebottom" type="cfm-fast" waiting="0.00" lane="right_1" pos="48.45" speed="49.56" angle="277.28" x="66.88" y="128.89"/>
        <vehicle id="cfm-fast_1" eclass="HBEFA3/PC_G_EU4" CO2="0.00" CO="0.00" HC="0.00" NOx="0.00" PMx="0.00" fuel="0.00" electricity="0.00" noise="69.61" route="routebottom" type="cfm-fast" waiting="0.00" lane="right_0" pos="44.68" speed="23.80" angle="284.08" x="75.15" y="131.30"/>
        <vehicle id="cfm-fast_2" eclass="HBEFA3/PC_G_EU4" CO2="0.00" CO="0.00" HC="0.00" NOx="0.00" PMx="0.00" fuel="0.00" electricity="0.00" noise="69.91" route="routetop" type="cfm-fast" waiting="0.00" lane="top_0" pos="9.37" speed="22.87" angle="257.59" x="43.71" y="129.30"/>
        <vehicle id="cfm-fast_3" eclass="HBEFA3/PC_G_EU4" CO2="6823.04" CO="65.30" HC="0.46" NOx="2.61" PMx="0.13" fuel="2.93" electricity="0.00" noise="71.15" route="routetop" type="cfm-fast" waiting="0.00" lane="top_0" pos="23.17" speed="22.72" angle="232.76" x="18.01" y="114.88"/>
        <vehicle id="cfm-fast_4" eclass="HBEFA3/PC_G_EU4" CO2="0.00" CO="0.00" HC="0.00" NOx="0.00" PMx="0.00" fuel="0.00" electricity="0.00" noise="87.95" route="routetop" type="cfm-fast" waiting="0.00" lane="left_1" pos="42.59" speed="89.41" angle="107.87" x="48.57" y="0.13"/>
        <vehicle id="cfm-fast_5" eclass="HBEFA3/PC_G_EU4" CO2="10115.26" CO="133.94" HC="0.86" NOx="4.15" PMx="0.22" fuel="4.35" electricity="0.00" noise="72.71" route="routetop" type="cfm-fast" waiting="0.00" lane="top_0" pos="36.93" speed="23.28" angle="208.04" x="0.78" y="91.10"/>
        <vehicle id="cfm-slow_0" eclass="HBEFA3/PC_G_EU4" CO2="12487.17" CO="185.08" HC="1.15" NOx="5.24" PMx="0.28" fuel="5.37" electricity="0.00" noise="74.08" route="routetop" type="cfm-slow" waiting="0.00" lane="left_0" pos="1.30" speed="24.32" angle="182.15" x="-4.88" y="60.78"/>
        <vehicle id="cfm-slow_1" eclass="HBEFA3/PC_G_EU4" CO2="15055.07" CO="242.22" HC="1.48" NOx="6.43" PMx="0.35" fuel="6.47" electricity="0.00" noise="75.57" route="routetop" type="cfm-slow" waiting="0.00" lane="left_0" pos="20.74" speed="25.65" angle="147.14" x="9.13" y="22.05"/>
        <vehicle id="cfm-slow_2" eclass="HBEFA3/PC_G_EU4" CO2="18658.18" CO="323.48" HC="1.94" NOx="8.09" PMx="0.45" fuel="8.02" electricity="0.00" noise="77.53" route="routetop" type="cfm-slow" waiting="0.00" lane="left_0" pos="41.54" speed="27.25" angle="109.73" x="45.59" y="-2.51"/>
        <vehicle id="cfm-slow_3" eclass="HBEFA3/PC_G_EU4" CO2="20573.48" CO="374.46" HC="2.22" NOx="8.95" PMx="0.51" fuel="8.84" electricity="0.00" noise="78.62" route="routebottom" type="cfm-slow" waiting="0.00" lane="bottom_0" pos="13.97" speed="29.20" angle="69.32" x="92.86" y="1.57"/>
        <vehicle id="cfm-slow_4" eclass="HBEFA3/PC_G_EU4" CO2="8916.59" CO="149.18" HC="0.91" NOx="3.41" PMx="0.21" fuel="3.83" electricity="0.00" noise="75.01" route="routebottom" type="cfm-slow" waiting="0.00" lane="bottom_0" pos="38.38" speed="31.15" angle="25.43" x="127.73" y="39.13"/>
        <vehicle id="cfm-slow_5" eclass="HBEFA3/PC_G_EU4" CO2="0.00" CO="0.00" HC="0.00" NOx="0.00" PMx="0.00" fuel="0.00" electricity="0.00" noise="72.68" route="routebottom" type="cfm-slow" waiting="0.00" lane="right_0" pos="14.72" speed="31.29" angle="337.94" x="125.04" y="94.31"/>
    </timestep>
    <timestep time="8.08">
        <vehicle id="cfm-fast_0" eclass="HBEFA3/PC_G_EU4" CO2="192192.57" CO="4221.03" HC="24.04" NOx="89.53" PMx="5.14" fuel="82.61" electricity="0.00" noise="138.82" route="routebottom" type="cfm-fast" waiting="0.00" lane="right_1" pos="48.94" speed="49.69" angle="276.41" x="65.86" y="128.93"/>
        <vehicle id="cfm-fast_1" eclass="HBEFA3/PC_G_EU4" CO2="0.00" CO="0.00" HC="0.00" NOx="0.00" PMx="0.00" fuel="0.00" electricity="0.00" noise="69.61" route="routebottom" type="cfm-fast" waiting="0.00" lane="right_0" pos="44.92" speed="23.79" angle="283.70" x="74.65" y="131.39"/>
        <vehicle id="cfm-fast_2" eclass="HBEFA3/PC_G_EU4" CO2="0.00" CO="0.00" HC="0.00" NOx="0.00" PMx="0.00" fuel="0.00" electricity="0.00" noise="69.92" route="routetop" type="cfm-fast" waiting="0.00" lane="top_0" pos="9.59" speed="22.87" angle="257.18" x="43.24" y="129.16"/>
        <vehicle id="cfm-fast_3" eclass="HBEFA3/PC_G_EU4" CO2="6854.03" CO="65.95" HC="0.47" NOx="2.62" PMx="0.13" fuel="2.95" electricity="0.00" noise="71.16" route="routetop" type="cfm-fast" waiting="0.00" lane="top_0" pos="23.40" speed="22.73" angle="232.36" x="17.65" y="114.54"/>
        <vehicle id="cfm-fast_4" eclass="HBEFA3/PC_G_EU4" CO2="0.00" CO="0.00" HC="0.00" NOx="0.00" PMx="0.00" fuel="0.00" electricity="0.00" noise="87.93" route="routetop" type="cfm-fast" waiting="0.00" lane="left_1" pos="43.48" speed="89.28" angle="106.27" x="50.36" y="-0.27"/>
        <vehicle id="cfm-fast_5" eclass="HBEFA3/PC_G_EU4" CO2="10137.20" CO="134.41" HC="0.86" NOx="4.16" PMx="0.22" fuel="4.36" electricity="0.00" noise="72.72" route="routetop" type="cfm-fast" waiting="0.00" lane="top_0" pos="37.16" speed="23.29" angle="207.65" x="0.58" y="90.64"/>
        <vehicle id="cfm-slow_0" eclass="HBEFA3/PC_G_EU4" CO2="12510.84" CO="185.61" HC="1.16" NOx="5.26" PMx="0.28" fuel="5.38" electricity="0.00" noise="74.10" route="routetop" type="cfm-slow" waiting="0.00" lane="left_0" pos="1.54" speed="24.34" angle="181.71" x="-4.85" y="60.26"/>
        <vehicle id="cfm-slow_1" eclass="HBEFA3/PC_G_EU4" CO2="15088.13" CO="242.96" HC="1.48" NOx="6.44" PMx="0.35" fuel="6.49" electricity="0.00" noise="75.59" route="routetop" type="cfm-slow" waiting="0.00" lane="left_0" pos="21.00" speed="25.67" angle="146.66" x="9.47" y="21.61"/>
        <vehicle id="cfm-slow_2" eclass="HBEFA3/PC_G_EU4" CO2="18677.62" CO="323.98" HC="1.94" NOx="8.10" PMx="0.45" fuel="8.03" electricity="0.00" noise="77.54" route="routetop" type="cfm-slow" waiting="0.00" lane="left_0" pos="41.81" speed="27.27" angle="109.22" x="46.16" y="-2.66"/>
        <vehicle id="cfm-slow_3" eclass="HBEFA3/PC_G_EU4" CO2="20474.55" CO="372.56" HC="2.21" NOx="8.90" PMx="0.51" fuel="8.80" electricity="0.00" noise="78.58" route="routebottom" type="cfm-slow" waiting="0.00" lane="bottom_0" pos="14.26" speed="29.22" angle="68.83" x="93.42" y="1.85"/>
        <vehicle id="cfm-slow_4" eclass="HBEFA3/PC_G_EU4" CO2="8622.40" CO="143.15" HC="0.87" NOx="3.27" PMx="0.21" fuel="3.71" electricity="0.00" noise="74.94" route="routebottom" type="cfm-slow" waiting="0.00" lane="bottom_0" pos="38.69" speed="31.16" angle="24.91" x="127.96" y="39.76"/>
        <vehicle id="cfm-slow_5" eclass="HBEFA3/PC_G_EU4" CO2="0.00" CO="0.00" HC="0.00" NOx="0.00" PMx="0.00" fuel="0.00" electricity="0.00" noise="72.67" route="routebottom" type="cfm-slow" waiting="0.00" lane="right_0" pos="15.04" speed="31.26" angle="337.34" x="124.74" y="94.91"/>
    </timestep>
    <timestep time="8.09">
        <vehicle id="cfm-fast_0" eclass="HBEFA3/PC_G_EU4" CO2="192766.12" CO="4236.09" HC="24.13" NOx="89.80" PMx="5.15" fuel="82.86" electricity="0.00" noise="138.88" route="routebottom" type="cfm-fast" waiting="0.00" lane="right_1" pos="49.44" speed="49.83" angle="275.49" x="64.84" y="128.95"/>
        <vehicle id="cfm-fast_1" eclass="HBEFA3/PC_G_EU4" CO2="0.00" CO="0.00" HC="0.00" NOx="0.00" PMx="0.00" fuel="0.00" electricity="0.00" noise="69.61" route="routebottom" type="cfm-fast" waiting="0.00" lane="right_0" pos="45.15" speed="23.78" angle="283.28" x="74.14" y="131.46"/>
        <vehicle id="cfm-fast_2" eclass="HBEFA3/PC_G_EU4" CO2="0.00" CO="0.00" HC="0.00" NOx="0.00" PMx="0.00" fuel="0.00" electricity="0.00" noise="69.92" route="routetop" type="cfm-fast" waiting="0.00" lane="top_0" pos="9.82" speed="22.87" angle="256.76" x="42.77" y="129.01"/>
        <vehicle id="cfm-fast_3" eclass="HBEFA3/PC_G_EU4" CO2="6884.95" CO="66.59" HC="0.47" NOx="2.64" PMx="0.13" fuel="2.96" electricity="0.00" noise="71.17" route="routetop" type="cfm-fast" waiting="0.00" lane="top_0" pos="23.63" speed="22.73" angle="231.95" x="17.29" y="114.21"/>
        <vehicle id="cfm-fast_4" eclass="HBEFA3/PC_G_EU4" CO2="0.00" CO="0.00" HC="0.00" NOx="0.00" PMx="0.00" fuel="0.00" electricity="0.00" noise="87.91" route="routetop" type="cfm-fast" waiting="0.00" lane="left_1" pos="44.37" speed="89.15" angle="104.67" x="52.15" y="-0.62"/>
        <vehicle id="cfm-fast_5" eclass="HBEFA3/PC_G_EU4" CO2="10159.17" CO="134.88" HC="0.87" NOx="4.17" PMx="0.22" fuel="4.37" electricity="0.00" noise="72.73" route="routetop" type="cfm-fast" waiting="0.00" lane="top_0" pos="37.39" speed="23.30" angle="207.25" x="0.39" y="90.18"/>
        <vehicle id="cfm-slow_0" eclass="HBEFA3/PC_G_EU4" CO2="12534.61" CO="186.13" HC="1.16" NOx="5.27" PMx="0.28" fuel="5.39" electricity="0.00" noise="74.11" route="routetop" type="cfm-slow" waiting="0.00" lane="left_0" pos="1.78" speed="24.35" angle="181.28" x="-4.82" y="59.74"/>
        <vehicle id="cfm-slow_1" eclass="HBEFA3/PC_G_EU4" CO2="15121.08" CO="243.70" HC="1.49" NOx="6.46" PMx="0.35" fuel="6.50" electricity="0.00" noise="75.61" route="routetop" type="cfm-slow" waiting="0.00" lane="left_0" pos="21.25" speed="25.69" angle="146.19" x="9.81" y="21.18"/>
        <vehicle id="cfm-slow_2" eclass="HBEFA3/PC_G_EU4" CO2="18696.04" CO="324.46" HC="1.94" NOx="8.11" PMx="0.45" fuel="8.04" electricity="0.00" noise="77.56" route="routetop" type="cfm-slow" waiting="0.00" lane="left_0" pos="42.09" speed="27.29" angle="108.71" x="46.73" y="-2.81"/>
        <vehicle id="cfm-slow_3" eclass="HBEFA3/PC_G_EU4" CO2="20373.76" CO="370.61" HC="2.20" NOx="8.86" PMx="0.50" fuel="8.76" electricity="0.00" noise="78.53" route="routebottom" type="cfm-slow" waiting="0.00" lane="bottom_0" pos="14.55" speed="29.24" angle="68.28" x="93.99" y="2.13"/>
        <vehicle id="cfm-slow_4" eclass="HBEFA3/PC_G_EU4" CO2="8329.57" CO="137.14" HC="0.84" NOx="3.13" PMx="0.20" fuel="3.58" electricity="0.00" noise="74.87" route="routebottom" type="cfm-slow" waiting="0.00" lane="bottom_0" pos="39.00" speed="31.16" angle="24.34" x="128.19" y="40.39"/>
        <vehicle id="cfm-slow_5" eclass="HBEFA3/PC_G_EU4" CO2="0.00" CO="0.00" HC="0.00" NOx="0.00" PMx="0.00" fuel="0.00" electricity="0.00" noise="72.65" route="routebottom" type="cfm-slow" waiting="0.00" lane="right_0" pos="15.35" speed="31.22" angle="336.81" x="124.43" y="95.51"/>
    </timestep>
    <timestep time="8.10">
        <vehicle id="cfm-fast_0" eclass="HBEFA3/PC_G_EU4" CO2="193339.96" CO="4251.18" HC="24.21" NOx="90.07" PMx="5.17" fuel="83.11" electricity="0.00" noise="138.95" route="routebottom" type="cfm-fast" waiting="0.00" lane="right_1" pos="49.94" speed="49.96" angle="274.60" x="63.81" y="128.97"/>
        <vehicle id="cfm-fast_1" eclass="HBEFA3/PC_G_EU4" CO2="0.00" CO="0.00" HC="0.00" NOx="0.00" PMx="0.00" fuel="0.00" electricity="0.00" noise="69.61" route="routebottom" type="cfm-fast" waiting="0.00" lane="right_0" pos="45.39" speed="23.77" angle="282.85" x="73.64" y="131.54"/>
        <vehicle id="cfm-fast_2" eclass="HBEFA3/PC_G_EU4" CO2="0.00" CO="0.00" HC="0.00" NOx="0.00" PMx="0.00" fuel="0.00" electricity="0.00" noise="69.93" route="routetop" type="cfm-fast" waiting="0.00" lane="top_0" pos="10.05" speed="22.87" angle="256.35" x="42.30" y="128.87"/>
        <vehicle id="cfm-fast_3" eclass="HBEFA3/PC_G_EU4" CO2="6915.79" CO="67.24" HC="0.48" NOx="2.65" PMx="0.13" fuel="2.97" electricity="0.00" noise="71.19" route="routetop" type="cfm-fast" waiting="0.00" lane="top_0" pos="23.86" speed="22.74" angle="231.54" x="16.93" y="113.88"/>
        <vehicle id="cfm-fast_4" eclass="HBEFA3/PC_G_EU4" CO2="0.00" CO="0.00" HC="0.00" NOx="0.00" PMx="0.00" fuel="0.00" electricity="0.00" noise="87.89" route="routetop" type="cfm-fast" waiting="0.00" lane="left_1" pos="45.26" speed="89.02" angle="103.09" x="53.95" y="-0.92"/>
        <vehicle id="cfm-fast_5" eclass="HBEFA3/PC_G_EU4" CO2="10181.16" CO="135.35" HC="0.87" NOx="4.18" PMx="0.22" fuel="4.38" electricity="0.00" noise="72.75" route="routetop" type="cfm-fast" waiting="0.00" lane="top_0" pos="37.62" speed="23.31" angle="206.82" x="0.20" y="89.71"/>
        <vehicle id="cfm-slow_0" eclass="HBEFA3/PC_G_EU4" CO2="12558.46" CO="186.66" HC="1.16" NOx="5.28" PMx="0.28" fuel="5.40" electricity="0.00" noise="74.12" route="routetop" type="cfm-slow" waiting="0.00" lane="left_0" pos="2.03" speed="24.36" angle="180.84" x="-4.79" y="59.22"/>
        <vehicle id="cfm-slow_1" eclass="HBEFA3/PC_G_EU4" CO2="15153.92" CO="244.44" HC="1.49" NOx="6.47" PMx="0.36" fuel="6.51" electricity="0.00" noise="75.63" route="routetop" type="cfm-slow" waiting="0.00" lane="left_0" pos="21.51" speed="25.70" angle="145.72" x="10.15" y="20.74"/>
        <vehicle id="cfm-slow_2" eclass="HBEFA3/PC_G_EU4" CO2="18713.44" CO="324.92" HC="1.95" NOx="8.12" PMx="0.45" fuel="8.04" electricity="0.00" noise="77.57" route="routetop" type="cfm-slow" waiting="0.00" lane="left_0" pos="42.36" speed="27.31" angle="108.27" x="47.29" y="-2.96"/>
        <vehicle id="cfm-slow_3" eclass="HBEFA3/PC_G_EU4" CO2="20271.16" CO="368.63" HC="2.19" NOx="8.81" PMx="0.50" fuel="8.71" electricity="0.00" noise="78.49" route="routebottom" type="cfm-slow" waiting="0.00" lane="bottom_0" pos="14.85" speed="29.26" angle="67.73" x="94.55" y="2.41"/>
        <vehicle id="cfm-slow_4" eclass="HBEFA3/PC_G_EU4" CO2="8038.14" CO="131.16" HC="0.80" NOx="2.99" PMx="0.19" fuel="3.46" electricity="0.00" noise="74.81" route="routebottom" type="cfm-slow" waiting="0.00" lane="bottom_0" pos="39.32" speed="31.16" angle="23.78" x="128.42" y="41.02"/>
        <vehicle id="cfm-slow_5" eclass="HBEFA3/PC_G_EU4" CO2="0.00" CO="0.00" HC="0.00" NOx="0.00" PMx="0.00" fuel="0.00" electricity="0.00" noise="72.63" route="routebottom" type="cfm-slow" waiting="0.00" lane="right_0" pos="15.66" speed="31.19" angle="336.26" x="124.11" y="96.10"/>
    </timestep>
    <timestep time="8.11">
        <vehicle id="cfm-fast_0" eclass="HBEFA3/PC_G_EU4" CO2="193914.10" CO="4266.30" HC="24.29" NOx="90.34" PMx="5.19" fuel="83.35" electricity="0.00" noise="139.02" route="routetop" type="cfm-fast" waiting="0.00" lane="top_1" pos="0.44" speed="50.10" angle="273.68" x="62.73" y="128.95"/>
        <vehicle id="cfm-fast_1" eclass="HBEFA3/PC_G_EU4" CO2="0.00" CO="0.00" HC="0.00" NOx="0.00" PMx="0.00" fuel="0.00" electricity="0.00" noise="69.61" route="routebottom" type="cfm-fast" waiting="0.00" lane="right_0" pos="45.63" speed="23.76" angle="282.42" x="73.13" y="131.61"/>
        <vehicle id="cfm-fast_2" eclass="HBEFA3/PC_G_EU4" CO2="0.00" CO="0.00" HC="0.00" NOx="0.00" PMx="0.00" fuel="0.00" electricity="0.00" noise="69.94" route="routetop" type="cfm-fast" waiting="0.00" lane="top_0" pos="10.28" speed="22.87" angle="255.99" x="41.83" y="128.72"/>
        <vehicle id="cfm-fast_3" eclass="HBEFA3/PC_G_EU4" CO2="6946.56" CO="67.88" HC="0.48" NOx="2.67" PMx="0.13" fuel="2.99" electricity="0.00" noise="71.20" route="routetop" type="cfm-fast" waiting="0.00" lane="top_0" pos="24.08" speed="22.75" angle="231.13" x="16.57" y="113.55"/>
        <vehicle id="cfm-fast_4" eclass="HBEFA3/PC_G_EU4" CO2="0.00" CO="0.00" HC="0.00" NOx="0.00" PMx="0.00" fuel="0.00" electricity="0.00" noise="87.86" route="routetop" type="cfm-fast" waiting="0.00" lane="left_1" pos="46.15" speed="88.88" angle="101.51" x="55.75" y="-1.17"/>
        <vehicle id="cfm-fast_5" eclass="HBEFA3/PC_G_EU4" CO2="10203.17" CO="135.82" HC="0.87" NOx="4.19" PMx="0.22" fuel="4.39" electricity="0.00" noise="72.76" route="routetop" type="cfm-fast" waiting="0.00" lane="top_0" pos="37.86" speed="23.32" angle="206.39" x="0.01" y="89.25"/>
        <vehicle id="cfm-slow_0" eclass="HBEFA3/PC_G_EU4" CO2="12582.41" CO="187.19" HC="1.16" NOx="5.29" PMx="0.29" fuel="5.41" electricity="0.00" noise="74.14" route="routetop" type="cfm-slow" waiting="0.00" lane="left_0" pos="2.27" speed="24.37" angle="180.40" x="-4.76" y="58.69"/>
        <vehicle id="cfm-slow_1" eclass="HBEFA3/PC_G_EU4" CO2="15186.65" CO="245.17" HC="1.49" NOx="6.49" PMx="0.36" fuel="6.53" electricity="0.00" noise="75.65" route="routetop" type="cfm-slow" waiting="0.00" lane="left_0" pos="21.77" speed="25.72" angle="145.30" x="10.49" y="20.31"/>
        <vehicle id="cfm-slow_2" eclass="HBEFA3/PC_G_EU4" CO2="18729.79" CO="325.35" HC="1.95" NOx="8.12" PMx="0.45" fuel="8.05" electricity="0.00" noise="77.58" route="routetop" type="cfm-slow" waiting="0.00" lane="left_0" pos="42.63" speed="27.33" angle="107.78" x="47.87" y="-3.09"/>
        <vehicle id="cfm-slow_3" eclass="HBEFA3/PC_G_EU4" CO2="20166.75" CO="366.61" HC="2.18" NOx="8.76" PMx="0.50" fuel="8.67" electricity="0.00" noise="78.44" route="routebottom" type="cfm-slow" waiting="0.00" lane="bottom_0" pos="15.14" speed="29.28" angle="67.19" x="95.11" y="2.69"/>
        <vehicle id="cfm-slow_4" eclass="HBEFA3/PC_G_EU4" CO2="7748.15" CO="125.20" HC="0.77" NOx="2.86" PMx="0.18" fuel="3.33" electricity="0.00" noise="74.75" route="routebottom" type="cfm-slow" waiting="0.00" lane="bottom_0" pos="39.63" speed="31.16" angle="23.22" x="128.65" y="41.65"/>
        <vehicle id="cfm-slow_5" eclass="HBEFA3/PC_G_EU4" CO2="0.00" CO="0.00" HC="0.00" NOx="0.00" PMx="0.00" fuel="0.00" electricity="0.00" noise="72.62" route="routebottom" type="cfm-slow" waiting="0.00" lane="right_0" pos="15.97" speed="31.15" angle="335.70" x="123.79" y="96.69"/>
    </timestep>
    <timestep time="8.12">
        <vehicle id="cfm-fast_0" eclass="HBEFA3/PC_G_EU4" CO2="194488.52" CO="4281.43" HC="24.38" NOx="90.61" PMx="5.20" fuel="83.60" electricity="0.00" noise="139.08" route="routetop" type="cfm-fast" waiting="0.00" lane="top_1" pos="0.94" speed="50.24" angle="272.77" x="61.70" y="128.93"/>
        <vehicle id="cfm-fast_1" eclass="HBEFA3/PC_G_EU4" CO2="0.00" CO="0.00" HC="0.00" NOx="0.00" PMx="0.00" fuel="0.00" electricity="0.00" noise="69.61" route="routebottom" type="cfm-fast" waiting="0.00" lane="right_0" pos="45.87" speed="23.75" angle="281.99" x="72.63" y="131.68"/>
        <vehicle id="cfm-fast_2" eclass="HBEFA3/PC_G_EU4" CO2="0.00" CO="0.00" HC="0.00" NOx="0.00" PMx="0.00" fuel="0.00" electricity="0.00" noise="69.95" route="routetop" type="cfm-fast" waiting="0.00" lane="top_0" pos="10.51" speed="22.87" angle="255.56" x="41.37" y="128.55"/>
        <vehicle id="cfm-fast_3" eclass="HBEFA3/PC_G_EU4" CO2="6977.25" CO="68.52" HC="0.48" NOx="2.68" PMx="0.14" fuel="3.00" electricity="0.00" noise="71.21" route="routetop" type="cfm-fast" waiting="0.00" lane="top_0" pos="24.31" speed="22.75" angle="230.75" x="16.21" y="113.21"/>
        <vehicle id="cfm-fast_4" eclass="HBEFA3/PC_G_EU4" CO2="0.00" CO="0.00" HC="0.00" NOx="0.00" PMx="0.00" fuel="0.00" electricity="0.00" noise="87.84" route="routetop" type="cfm-fast" waiting="0.00" lane="left_1" pos="47.04" speed="88.75" angle="99.86" x="57.57" y="-1.36"/>
        <vehicle id="cfm-fast_5" eclass="HBEFA3/PC_G_EU4" CO2="10225.21" CO="136.30" HC="0.87" NOx="4.20" PMx="0.22" fuel="4.40" electricity="0.00" noise="72.77" route="routetop" type="cfm-fast" waiting="0.00" lane="top_0" pos="38.09" speed="23.33" angle="205.96" x="-0.17" y="88.78"/>
        <vehicle id="cfm-slow_0" eclass="HBEFA3/PC_G_EU4" CO2="12606.43" CO="187.72" HC="1.17" NOx="5.30" PMx="0.29" fuel="5.42" electricity="0.00" noise="74.15" route="routetop" type="cfm-slow" waiting="0.00" lane="left_0" pos="2.51" speed="24.39" angle="179.98" x="-4.73" y="58.17"/>
        <vehicle id="cfm-slow_1" eclass="HBEFA3/PC_G_EU4" CO2="15219.24" CO="245.90" HC="1.50" NOx="6.50" PMx="0.36" fuel="6.54" electricity="0.00" noise="75.66" route="routetop" type="cfm-slow" waiting="0.00" lane="left_0" pos="22.03" speed="25.73" angle="144.82" x="10.85" y="19.88"/>
        <vehicle id="cfm-slow_2" eclass="HBEFA3/PC_G_EU4" CO2="18745.11" CO="325.77" HC="1.95" NOx="8.13" PMx="0.45" fuel="8.06" electricity="0.00" noise="77.58" route="routetop" type="cfm-slow" waiting="0.00" lane="left_0" pos="42.91" speed="27.35" angle="107.30" x="48.44" y="-3.23"/>
        <vehicle id="cfm-slow_3" eclass="HBEFA3/PC_G_EU4" CO2="20060.56" CO="364.56" HC="2.16" NOx="8.71" PMx="0.50" fuel="8.62" electricity="0.00" noise="78.40" route="routebottom" type="cfm-slow" waiting="0.00" lane="bottom_0" pos="15.43" speed="29.30" angle="66.71" x="95.67" y="2.97"/>
        <vehicle id="cfm-slow_4" eclass="HBEFA3/PC_G_EU4" CO2="7459.64" CO="119.28" HC="0.74" NOx="2.72" PMx="0.17" fuel="3.21" electricity="0.00" noise="74.69" route="routebottom" type="cfm-slow" waiting="0.00" lane="bottom_0" pos="39.94" speed="31.17" angle="22.70" x="128.86" y="42.28"/>
        <vehicle id="cfm-slow_5" eclass="HBEFA3/PC_G_EU4" CO2="0.00" CO="0.00" HC="0.00" NOx="0.00" PMx="0.00" fuel="0.00" electricity="0.00" noise="72.60" route="routebottom" type="cfm-slow" waiting="0.00" lane="right_0" pos="16.28" speed="31.12" angle="335.13" x="123.46" y="97.27"/>
    </timestep>
    <timestep time="8.13">
        <vehicle id="cfm-fast_0" eclass="HBEFA3/PC_G_EU4" CO2="195063.24" CO="4296.58" HC="24.46" NOx="90.88" PMx="5.22" fuel="83.85" electricity="0.00" noise="139.15" route="routetop" type="cfm-fast" waiting="0.00" lane="top_1" pos="1.45" speed="50.37" angle="271.89" x="60.66" y="128.90"/>
        <vehicle id="cfm-fast_1" eclass="HBEFA3/PC_G_EU4" CO2="0.00" CO="0.00" HC="0.00" NOx="0.00" PMx="0.00" fuel="0.00" electricity="0.00" noise="69.62" route="routebottom" type="cfm-fast" waiting="0.00" lane="right_0" pos="46.10" speed="23.74" angle="281.58" x="72.12" y="131.75"/>
        <vehicle id="cfm-fast_2" eclass="HBEFA3/PC_G_EU4" CO2="0.00" CO="0.00" HC="0.00" NOx="0.00" PMx="0.00" fuel="0.00" electricity="0.00" noise="69.96" route="routetop" type="cfm-fast" waiting="0.00" lane="top_0" pos="10.74" speed="22.86" angle="255.13" x="40.91" y="128.38"/>
        <vehicle id="cfm-fast_3" eclass="HBEFA3/PC_G_EU4" CO2="7007.88" CO="69.15" HC="0.49" NOx="2.69" PMx="0.14" fuel="3.01" electricity="0.00" noise="71.23" route="routetop" type="cfm-fast" waiting="0.00" lane="top_0" pos="24.54" speed="22.76" angle="230.36" x="15.86" y="112.87"/>
        <vehicle id="cfm-fast_4" eclass="HBEFA3/PC_G_EU4" CO2="0.00" CO="0.00" HC="0.00" NOx="0.00" PMx="0.00" fuel="0.00" electricity="0.00" noise="87.82" route="routetop" type="cfm-fast" waiting="0.00" lane="left_1" pos="47.92" speed="88.62" angle="98.28" x="59.38" y="-1.50"/>
        <vehicle id="cfm-fast_5" eclass="HBEFA3/PC_G_EU4" CO2="10247.27" CO="136.77" HC="0.88" NOx="4.21" PMx="0.22" fuel="4.40" electricity="0.00" noise="72.79" route="routetop" type="cfm-fast" waiting="0.00" lane="top_0" pos="38.32" speed="23.34" angle="205.53" x="-0.36" y="88.32"/>
        <vehicle id="cfm-slow_0" eclass="HBEFA3/PC_G_EU4" CO2="12630.55" CO="188.25" HC="1.17" NOx="5.31" PMx="0.29" fuel="5.43" electricity="0.00" noise="74.17" route="routetop" type="cfm-slow" waiting="0.00" lane="left_0" pos="2.76" speed="24.40" angle="179.55" x="-4.68" y="57.65"/>
        <vehicle id="cfm-slow_1" eclass="HBEFA3/PC_G_EU4" CO2="15251.70" CO="246.63" HC="1.50" NOx="6.52" PMx="0.36" fuel="6.56" electricity="0.00" noise="75.68" route="routetop" type="cfm-slow" waiting="0.00" lane="left_0" pos="22.28" speed="25.75" angle="144.34" x="11.21" y="19.46"/>
        <vehicle id="cfm-slow_2" eclass="HBEFA3/PC_G_EU4" CO2="18759.37" CO="326.16" HC="1.95" NOx="8.14" PMx="0.45" fuel="8.06" electricity="0.00" noise="77.59" route="routetop" type="cfm-slow" waiting="0.00" lane="left_0" pos="43.18" speed="27.37" angle="106.81" x="49.01" y="-3.36"/>
        <vehicle id="cfm-slow_3" eclass="HBEFA3/PC_G_EU4" CO2="19952.63" CO="362.46" HC="2.15" NOx="8.66" PMx="0.49" fuel="8.58" electricity="0.00" noise="78.35" route="routebottom" type="cfm-slow" waiting="0.00" lane="bottom_0" pos="15.73" speed="29.32" angle="66.17" x="96.23" y="3.28"/>
        <vehicle id="cfm-slow_4" eclass="HBEFA3/PC_G_EU4" CO2="7172.65" CO="113.38" HC="0.70" NOx="2.59" PMx="0.17" fuel="3.08" electricity="0.00" noise="74.63" route="routebottom" type="cfm-slow" waiting="0.00" lane="bottom_0" pos="40.25" speed="31.17" angle="22.10" x="129.06" y="42.92"/>
        <vehicle id="cfm-slow_5" eclass="HBEFA3/PC_G_EU4" CO2="0.00" CO="0.00" HC="0.00" NOx="0.00" PMx="0.00" fuel="0.00" electricity="0.00" noise="72.58" route="routebottom" type="cfm-slow" waiting="0.00" lane="right_0" pos="16.59" speed="31.08" angle="334.60" x="123.14" y="97.86"/>
    </timestep>
    <timestep time="8.14">
        <vehicle id="cfm-fast_0" eclass="HBEFA3/PC_G_EU4" CO2="195638.25" CO="4311.76" HC="24.54" NOx="91.14" PMx="5.24" fuel="84.09" electricity="0.00" noise="139.21" route="routetop" type="cfm-fast" waiting="0.00" lane="top_1" pos="1.95" speed="50.51" angle="270.97" x="59.63" y="128.84"/>
        <vehicle id="cfm-fast_1" eclass="HBEFA3/PC_G_EU4" CO2="0.00" CO="0.00" HC="0.00" NOx="0.00" PMx="0.00" fuel="0.00" electricity="0.00" noise="69.62" route="routebottom" type="cfm-fast" waiting="0.00" lane="right_0" pos="46.34" speed="23.73" angle="281.19" x="71.61" y="131.81"/>
        <vehicle id="cfm-fast_2" eclass="HBEFA3/PC_G_EU4" CO2="0.00" CO="0.00" HC="0.00" NOx="0.00" PMx="0.00" fuel="0.00" electricity="0.00" noise="69.97" route="routetop" type="cfm-fast" waiting="0.00" lane="top_0" pos="10.97" speed="22.86" angle="254.69" x="40.45" y="128.21"/>
        <vehicle id="cfm-fast_3" eclass="HBEFA3/PC_G_EU4" CO2="7038.43" CO="69.79" HC="0.49" NOx="2.71" PMx="0.14" fuel="3.03" electricity="0.00" noise="71.24" route="routetop" type="cfm-fast" waiting="0.00" lane="top_0" pos="24.77" speed="22.76" angle="229.94" x="15.52" y="112.53"/>
        <vehicle id="cfm-fast_4" eclass="HBEFA3/PC_G_EU4" CO2="0.00" CO="0.00" HC="0.00" NOx="0.00" PMx="0.00" fuel="0.00" electricity="0.00" noise="87.80" route="routetop" type="cfm-fast" waiting="0.00" lane="left_1" pos="48.81" speed="88.49" angle="96.70" x="61.19" y="-1.60"/>
        <vehicle id="cfm-fast_5" eclass="HBEFA3/PC_G_EU4" CO2="10269.36" CO="137.24" HC="0.88" NOx="4.22" PMx="0.22" fuel="4.41" electricity="0.00" noise="72.80" route="routetop" type="cfm-fast" waiting="0.00" lane="top_0" pos="38.56" speed="23.35" angle="205.15" x="-0.54" y="87.85"/>
        <vehicle id="cfm-slow_0" eclass="HBEFA3/PC_G_EU4" CO2="12654.74" CO="188.78" HC="1.17" NOx="5.32" PMx="0.29" fuel="5.44" electricity="0.00" noise="74.18" route="routetop" type="cfm-slow" waiting="0.00" lane="left_0" pos="3.00" speed="24.42" angle="179.11" x="-4.63" y="57.12"/>
        <vehicle id="cfm-slow_1" eclass="HBEFA3/PC_G_EU4" CO2="15284.01" CO="247.36" HC="1.51" NOx="6.53" PMx="0.36" fuel="6.57" electricity="0.00" noise="75.70" route="routetop" type="cfm-slow" waiting="0.00" lane="left_0" pos="22.54" speed="25.77" angle="143.86" x="11.57" y="19.04"/>
        <vehicle id="cfm-slow_2" eclass="HBEFA3/PC_G_EU4" CO2="18772.57" CO="326.53" HC="1.96" NOx="8.14" PMx="0.46" fuel="8.07" electricity="0.00" noise="77.60" route="routetop" type="cfm-slow" waiting="0.00" lane="left_0" pos="43.46" speed="27.39" angle="106.33" x="49.59" y="-3.49"/>
        <vehicle id="cfm-slow_3" eclass="HBEFA3/PC_G_EU4" CO2="19842.96" CO="360.33" HC="2.14" NOx="8.60" PMx="0.49" fuel="8.53" electricity="0.00" noise="78.30" route="routebottom" type="cfm-slow" waiting="0.00" lane="bottom_0" pos="16.02" speed="29.34" angle="65.63" x="96.78" y="3.59"/>
        <vehicle id="cfm-slow_4" eclass="HBEFA3/PC_G_EU4" CO2="6887.21" CO="107.51" HC="0.67" NOx="2.45" PMx="0.16" fuel="2.96" electricity="0.00" noise="74.57" route="routebottom" type="cfm-slow" waiting="0.00" lane="bottom_0" pos="40.56" speed="31.17" angle="21.51" x="129.26" y="43.56"/>
        <vehicle id="cfm-slow_5" eclass="HBEFA3/PC_G_EU4" CO2="0.00" CO="0.00" HC="0.00" NOx="0.00" PMx="0.00" fuel="0.00" electricity="0.00" noise="72.56" route="routebottom" type="cfm-slow" waiting="0.00" lane="right_0" pos="16.90" speed="31.05" angle="334.06" x="122.80" y="98.43"/>
    </timestep>
    <timestep time="8.15">
        <vehicle id="cfm-fast_0" eclass="HBEFA3/PC_G_EU4" CO2="196213.55" CO="4326.96" HC="24.63" NOx="91.41" PMx="5.25" fuel="84.34" electricity="0.00" noise="139.28" route="routetop" type="cfm-fast" waiting="0.00" lane="top_1" pos="2.46" speed="50.65" angle="270.05" x="58.59" y="128.78"/>
        <vehicle id="cfm-fast_1" eclass="HBEFA3/PC_G_EU4" CO2="0.00" CO="0.00" HC="0.00" NOx="0.00" PMx="0.00" fuel="0.00" electricity="0.00" noise="69.62" route="routebottom" type="cfm-fast" waiting="0.00" lane="right_0" pos="46.58" speed="23.72" angle="280.75" x="71.10" y="131.86"/>
        <vehicle id="cfm-fast_2" eclass="HBEFA3/PC_G_EU4" CO2="0.00" CO="0.00" HC="0.00" NOx="0.00" PMx="0.00" fuel="0.00" electricity="0.00" noise="69.98" route="routetop" type="cfm-fast" waiting="0.00" lane="top_0" pos="11.19" speed="22.86" angle="254.26" x="39.98" y="128.05"/>
        <vehicle id="cfm-fast_3" eclass="HBEFA3/PC_G_EU4" CO2="7068.91" CO="70.42" HC="0.49" NOx="2.72" PMx="0.14" fuel="3.04" electricity="0.00" noise="71.26" route="routetop" type="cfm-fast" waiting="0.00" lane="top_0" pos="24.99" speed="22.77" angle="229.52" x="15.17" y="112.18"/>
        <vehicle id="cfm-fast_4" eclass="HBEFA3/PC_G_EU4" CO2="0.00" CO="0.00" HC="0.00" NOx="0.00" PMx="0.00" fuel="0.00" electricity="0.00" noise="87.78" route="routetop" type="cfm-fast" waiting="0.00" lane="left_1" pos="49.69" speed="88.36" angle="95.04" x="63.00" y="-1.64"/>
        <vehicle id="cfm-fast_5" eclass="HBEFA3/PC_G_EU4" CO2="10291.47" CO="137.72" HC="0.88" NOx="4.23" PMx="0.22" fuel="4.42" electricity="0.00" noise="72.81" route="routetop" type="cfm-fast" waiting="0.00" lane="top_0" pos="38.79" speed="23.36" angle="204.72" x="-0.71" y="87.38"/>
        <vehicle id="cfm-slow_0" eclass="HBEFA3/PC_G_EU4" CO2="12679.01" CO="189.32" HC="1.18" NOx="5.33" PMx="0.29" fuel="5.45" electricity="0.00" noise="74.20" route="routetop" type="cfm-slow" waiting="0.00" lane="left_0" pos="3.25" speed="24.43" angle="178.68" x="-4.57" y="56.60"/>
        <vehicle id="cfm-slow_1" eclass="HBEFA3/PC_G_EU4" CO2="15316.17" CO="248.08" HC="1.51" NOx="6.55" PMx="0.36" fuel="6.58" electricity="0.00" noise="75.72" route="routetop" type="cfm-slow" waiting="0.00" lane="left_0" pos="22.80" speed="25.78" angle="143.38" x="11.92" y="18.61"/>
        <vehicle id="cfm-slow_2" eclass="HBEFA3/PC_G_EU4" CO2="18784.71" CO="326.89" HC="1.96" NOx="8.15" PMx="0.46" fuel="8.07" electricity="0.00" noise="77.61" route="routetop" type="cfm-slow" waiting="0.00" lane="left_0" pos="43.73" speed="27.41" angle="105.89" x="50.17" y="-3.61"/>
        <vehicle id="cfm-slow_3" eclass="HBEFA3/PC_G_EU4" CO2="19731.60" CO="358.16" HC="2.13" NOx="8.55" PMx="0.49" fuel="8.48" electricity="0.00" noise="78.25" route="routebottom" type="cfm-slow" waiting="0.00" lane="bottom_0" pos="16.31" speed="29.36" angle="65.09" x="97.33" y="3.89"/>
        <vehicle id="cfm-slow_4" eclass="HBEFA3/PC_G_EU4" CO2="6603.36" CO="101.67" HC="0.63" NOx="2.32" PMx="0.15" fuel="2.84" electricity="0.00" noise="74.51" route="routebottom" type="cfm-slow" waiting="0.00" lane="bottom_0" pos="40.87" speed="31.17" angle="20.91" x="129.45" y="44.21"/>
        <vehicle id="cfm-slow_5" eclass="HBEFA3/PC_G_EU4" CO2="0.00" CO="0.00" HC="0.00" NOx="0.00" PMx="0.00" fuel="0.00" electricity="0.00" noise="72.55" route="routebottom" type="cfm-slow" waiting="0.00" lane="right_0" pos="17.21" speed="31.01" angle="333.50" x="122.46" y="99.01"/>
    </timestep>
    <timestep time="8.16">
        <vehicle id="cfm-fast_0" eclass="HBEFA3/PC_G_EU4" CO2="196789.14" CO="4342.18" HC="24.71" NOx="91.68" PMx="5.27" fuel="84.59" electricity="0.00" noise="139.34" route="routetop" type="cfm-fast" waiting="0.00" lane="top_1" pos="2.97" speed="50.78" angle="269.18" x="57.56" y="128.68"/>
        <vehicle id="cfm-fast_1" eclass="HBEFA3/PC_G_EU4" CO2="0.00" CO="0.00" HC="0.00" NOx="0.00" PMx="0.00" fuel="0.00" electricity="0.00" noise="69.62" route="routebottom" type="cfm-fast" waiting="0.00" lane="right_0" pos="46.82" speed="23.72" angle="280.32" x="70.60" y="131.92"/>
        <vehicle id="cfm-fast_2" eclass="HBEFA3/PC_G_EU4" CO2="0.00" CO="0.00" HC="0.00" NOx="0.00" PMx="0.00" fuel="0.00" electricity="0.00" noise="69.99" route="routetop" type="cfm-fast" waiting="0.00" lane="top_0" pos="11.42" speed="22.86" angle="253.85" x="39.52" y="127.88"/>
        <vehicle id="cfm-fast_3" eclass="HBEFA3/PC_G_EU4" CO2="7099.32" CO="71.06" HC="0.50" NOx="2.74" PMx="0.14" fuel="3.05" electricity="0.00" noise="71.27" route="routetop" type="cfm-fast" waiting="0.00" lane="top_0" pos="25.22" speed="22.77" angle="229.10" x="14.82" y="111.83"/>
        <vehicle id="cfm-fast_4" eclass="HBEFA3/PC_G_EU4" CO2="0.00" CO="0.00" HC="0.00" NOx="0.00" PMx="0.00" fuel="0.00" electricity="0.00" noise="87.75" route="routebottom" type="cfm-fast" waiting="0.00" lane="bottom_1" pos="0.57" speed="88.23" angle="93.44" x="64.87" y="-1.63"/>
        <vehicle id="cfm-fast_5" eclass="HBEFA3/PC_G_EU4" CO2="10313.61" CO="138.19" HC="0.88" NOx="4.24" PMx="0.22" fuel="4.43" electricity="0.00" noise="72.83" route="routetop" type="cfm-fast" waiting="0.00" lane="top_0" pos="39.02" speed="23.37" angle="204.29" x="-0.88" y="86.90"/>
        <vehicle id="cfm-slow_0" eclass="HBEFA3/PC_G_EU4" CO2="12703.37" CO="189.86" HC="1.18" NOx="5.34" PMx="0.29" fuel="5.46" electricity="0.00" noise="74.21" route="routetop" type="cfm-slow" waiting="0.00" lane="left_0" pos="3.49" speed="24.44" angle="178.24" x="-4.52" y="56.08"/>
        <vehicle id="cfm-slow_1" eclass="HBEFA3/PC_G_EU4" CO2="15348.17" CO="248.80" HC="1.52" NOx="6.56" PMx="0.36" fuel="6.60" electricity="0.00" noise="75.74" route="routetop" type="cfm-slow" waiting="0.00" lane="left_0" pos="23.06" speed="25.80" angle="142.96" x="12.28" y="18.19"/>
        <vehicle id="cfm-slow_2" eclass="HBEFA3/PC_G_EU4" CO2="18795.78" CO="327.21" HC="1.96" NOx="8.15" PMx="0.46" fuel="8.08" electricity="0.00" noise="77.62" route="routetop" type="cfm-slow" waiting="0.00" lane="left_0" pos="44.00" speed="27.43" angle="105.38" x="50.75" y="-3.72"/>
        <vehicle id="cfm-slow_3" eclass="HBEFA3/PC_G_EU4" CO2="19618.56" CO="355.96" HC="2.11" NOx="8.50" PMx="0.48" fuel="8.43" electricity="0.00" noise="78.21" route="routebottom" type="cfm-slow" waiting="0.00" lane="bottom_0" pos="16.61" speed="29.38" angle="64.58" x="97.88" y="4.20"/>
        <vehicle id="cfm-slow_4" eclass="HBEFA3/PC_G_EU4" CO2="6321.13" CO="95.86" HC="0.60" NOx="2.18" PMx="0.15" fuel="2.72" electricity="0.00" noise="74.46" route="routebottom" type="cfm-slow" waiting="0.00" lane="bottom_0" pos="41.19" speed="31.17" angle="20.40" x="129.64" y="44.85"/>
        <vehicle id="cfm-slow_5" eclass="HBEFA3/PC_G_EU4" CO2="0.00" CO="0.00" HC="0.00" NOx="0.00" PMx="0.00" fuel="0.00" electricity="0.00" noise="72.53" route="routebottom" type="cfm-slow" waiting="0.00" lane="right_0" pos="17.52" speed="30.98" angle="332.94" x="122.12" y="99.58"/>
    </timestep>
    <timestep time="8.17">
        <vehicle id="cfm-fast_0" eclass="HBEFA3/PC_G_EU4" CO2="197365.02" CO="4357.42" HC="24.79" NOx="91.95" PMx="5.29" fuel="84.84" electricity="0.00" noise="139.41" route="routetop" type="cfm-fast" waiting="0.00" lane="top_1" pos="3.48" speed="50.92" angle="268.25" x="56.52" y="128.58"/>
        <vehicle id="cfm-fast_1" eclass="HBEFA3/PC_G_EU4" CO2="0.00" CO="0.00" HC="0.00" NOx="0.00" PMx="0.00" fuel="0.00" electricity="0.00" noise="69.62" route="routebottom" type="cfm-fast" waiting="0.00" lane="right_0" pos="47.05" speed="23.71" angle="279.88" x="70.09" y="131.97"/>
        <vehicle id="cfm-fast_2" eclass="HBEFA3/PC_G_EU4" CO2="0.00" CO="0.00" HC="0.00" NOx="0.00" PMx="0.00" fuel="0.00" electricity="0.00" noise="70.00" route="routetop" type="cfm-fast" waiting="0.00" lane="top_0" pos="11.65" speed="22.86" angle="253.47" x="39.06" y="127.70"/>
        <vehicle id="cfm-fast_3" eclass="HBEFA3/PC_G_EU4" CO2="7129.66" CO="71.69" HC="0.50" NOx="2.75" PMx="0.14" fuel="3.06" electricity="0.00" noise="71.28" route="routetop" type="cfm-fast" waiting="0.00" lane="top_0" pos="25.45" speed="22.78" angle="228.69" x="14.48" y="111.49"/>
        <vehicle id="cfm-fast_4" eclass="HBEFA3/PC_G_EU4" CO2="0.00" CO="0.00" HC="0.00" NOx="0.00" PMx="0.00" fuel="0.00" electricity="0.00" noise="87.73" route="routebottom" type="cfm-fast" waiting="0.00" lane="bottom_1" pos="1.46" speed="88.10" angle="91.88" x="66.67" y="-1.58"/>
        <vehicle id="cfm-fast_5" eclass="HBEFA3/PC_G_EU4" CO2="10335.78" CO="138.67" HC="0.89" NOx="4.25" PMx="0.22" fuel="4.44" electricity="0.00" noise="72.84" route="routetop" type="cfm-fast" waiting="0.00" lane="top_0" pos="39.26" speed="23.38" angle="203.86" x="-1.05" y="86.43"/>
        <vehicle id="cfm-slow_0" eclass="HBEFA3/PC_G_EU4" CO2="12727.79" CO="190.40" HC="1.18" NOx="5.35" PMx="0.29" fuel="5.47" electricity="0.00" noise="74.23" route="routetop" type="cfm-slow" waiting="0.00" lane="left_0" pos="3.73" speed="24.46" angle="177.80" x="-4.47" y="55.55"/>
        <vehicle id="cfm-slow_1" eclass="HBEFA3/PC_G_EU4" CO2="15379.99" CO="249.52" HC="1.52" NOx="6.58" PMx="0.36" fuel="6.61" electricity="0.00" noise="75.75" route="routetop" type="cfm-slow" waiting="0.00" lane="left_0" pos="23.32" speed="25.81" angle="142.50" x="12.66" y="17.78"/>
        <vehicle id="cfm-slow_2" eclass="HBEFA3/PC_G_EU4" CO2="18805.77" CO="327.52" HC="1.96" NOx="8.16" PMx="0.46" fuel="8.08" electricity="0.00" noise="77.62" route="routetop" type="cfm-slow" waiting="0.00" lane="left_0" pos="44.28" speed="27.45" angle="104.88" x="51.33" y="-3.82"/>
        <vehicle id="cfm-slow_3" eclass="HBEFA3/PC_G_EU4" CO2="19503.88" CO="353.73" HC="2.10" NOx="8.44" PMx="0.48" fuel="8.38" electricity="0.00" noise="78.16" route="routebottom" type="cfm-slow" waiting="0.00" lane="bottom_0" pos="16.90" speed="29.39" angle="64.06" x="98.43" y="4.52"/>
        <vehicle id="cfm-slow_4" eclass="HBEFA3/PC_G_EU4" CO2="0.00" CO="0.00" HC="0.00" NOx="0.00" PMx="0.00" fuel="0.00" electricity="0.00" noise="74.41" route="routebottom" type="cfm-slow" waiting="0.00" lane="bottom_0" pos="41.50" speed="31.17" angle="19.83" x="129.81" y="45.50"/>
        <vehicle id="cfm-slow_5" eclass="HBEFA3/PC_G_EU4" CO2="0.00" CO="0.00" HC="0.00" NOx="0.00" PMx="0.00" fuel="0.00" electricity="0.00" noise="72.51" route="routebottom" type="cfm-slow" waiting="0.00" lane="right_0" pos="17.83" speed="30.94" angle="332.40" x="121.77" y="100.15"/>
    </timestep>
    <timestep time="8.18">
        <vehicle id="cfm-fast_0" eclass="HBEFA3/PC_G_EU4" CO2="197941.20" CO="4372.68" HC="24.88" NOx="92.22" PMx="5.30" fuel="85.08" electricity="0.00" noise="139.48" route="routetop" type="cfm-fast" waiting="0.00" lane="top_1" pos="3.99" speed="51.06" angle="267.36" x="55.48" y="128.46"/>
        <vehicle id="cfm-fast_1" eclass="HBEFA3/PC_G_EU4" CO2="0.00" CO="0.00" HC="0.00" NOx="0.00" PMx="0.00" fuel="0.00" electricity="0.00" noise="69.62" route="routebottom" type="cfm-fast" waiting="0.00" lane="right_0" pos="47.29" speed="23.70" angle="279.45" x="69.58" y="132.02"/>
        <vehicle id="cfm-fast_2" eclass="HBEFA3/PC_G_EU4" CO2="0.00" CO="0.00" HC="0.00" NOx="0.00" PMx="0.00" fuel="0.00" electricity="0.00" noise="70.01" route="routetop" type="cfm-fast" waiting="0.00" lane="top_0" pos="11.88" speed="22.86" angle="253.06" x="38.61" y="127.52"/>
        <vehicle id="cfm-fast_3" eclass="HBEFA3/PC_G_EU4" CO2="7159.93" CO="72.32" HC="0.51" NOx="2.77" PMx="0.14" fuel="3.08" electricity="0.00" noise="71.30" route="routetop" type="cfm-fast" waiting="0.00" lane="top_0" pos="25.68" speed="22.78" angle="228.33" x="14.13" y="111.14"/>
        <vehicle id="cfm-fast_4" eclass="HBEFA3/PC_G_EU4" CO2="0.00" CO="0.00" HC="0.00" NOx="0.00" PMx="0.00" fuel="0.00" electricity="0.00" noise="87.71" route="routebottom" type="cfm-fast" waiting="0.00" lane="bottom_1" pos="2.34" speed="87.97" angle="90.28" x="68.47" y="-1.47"/>
        <vehicle id="cfm-fast_5" eclass="HBEFA3/PC_G_EU4" CO2="10357.98" CO="139.15" HC="0.89" NOx="4.26" PMx="0.23" fuel="4.45" electricity="0.00" noise="72.85" route="routetop" type="cfm-fast" waiting="0.00" lane="top_0" pos="39.49" speed="23.39" angle="203.43" x="-1.22" y="85.95"/>
        <vehicle id="cfm-slow_0" eclass="HBEFA3/PC_G_EU4" CO2="12752.30" CO="190.94" HC="1.19" NOx="5.37" PMx="0.29" fuel="5.48" electricity="0.00" noise="74.24" route="routetop" type="cfm-slow" waiting="0.00" lane="left_0" pos="3.98" speed="24.47" angle="177.38" x="-4.40" y="55.03"/>
        <vehicle id="cfm-slow_1" eclass="HBEFA3/PC_G_EU4" CO2="15411.65" CO="250.24" HC="1.52" NOx="6.59" PMx="0.36" fuel="6.62" electricity="0.00" noise="75.77" route="routetop" type="cfm-slow" waiting="0.00" lane="left_0" pos="23.57" speed="25.83" angle="142.04" x="13.04" y="17.37"/>
        <vehicle id="cfm-slow_2" eclass="HBEFA3/PC_G_EU4" CO2="18814.68" CO="327.81" HC="1.96" NOx="8.16" PMx="0.46" fuel="8.09" electricity="0.00" noise="77.63" route="routetop" type="cfm-slow" waiting="0.00" lane="left_0" pos="44.55" speed="27.46" angle="104.37" x="51.91" y="-3.93"/>
        <vehicle id="cfm-slow_3" eclass="HBEFA3/PC_G_EU4" CO2="19387.56" CO="351.46" HC="2.09" NOx="8.39" PMx="0.48" fuel="8.33" electricity="0.00" noise="78.11" route="routebottom" type="cfm-slow" waiting="0.00" lane="bottom_0" pos="17.19" speed="29.41" angle="63.52" x="98.97" y="4.85"/>
        <vehicle id="cfm-slow_4" eclass="HBEFA3/PC_G_EU4" CO2="0.00" CO="0.00" HC="0.00" NOx="0.00" PMx="0.00" fuel="0.00" electricity="0.00" noise="74.35" route="routebottom" type="cfm-slow" waiting="0.00" lane="bottom_0" pos="41.81" speed="31.17" angle="19.27" x="129.99" y="46.15"/>
        <vehicle id="cfm-slow_5" eclass="HBEFA3/PC_G_EU4" CO2="0.00" CO="0.00" HC="0.00" NOx="0.00" PMx="0.00" fuel="0.00" electricity="0.00" noise="72.50" route="routebottom" type="cfm-slow" waiting="0.00" lane="right_0" pos="18.14" speed="30.90" angle="331.86" x="121.41" y="100.71"/>
    </timestep>
    <timestep time="8.19">
        <vehicle id="cfm-fast_0" eclass="HBEFA3/PC_G_EU4" CO2="198517.67" CO="4387.96" HC="24.96" NOx="92.49" PMx="5.32" fuel="85.33" electricity="0.00" noise="139.54" route="routetop" type="cfm-fast" waiting="0.00" lane="top_1" pos="4.50" speed="51.19" angle="266.42" x="54.44" y="128.31"/>
        <vehicle id="cfm-fast_1" eclass="HBEFA3/PC_G_EU4" CO2="0.00" CO="0.00" HC="0.00" NOx="0.00" PMx="0.00" fuel="0.00" electricity="0.00" noise="69.62" route="routebottom" type="cfm-fast" waiting="0.00" lane="right_0" pos="47.53" speed="23.69" angle="279.08" x="69.07" y="132.07"/>
        <vehicle id="cfm-fast_2" eclass="HBEFA3/PC_G_EU4" CO2="0.00" CO="0.00" HC="0.00" NOx="0.00" PMx="0.00" fuel="0.00" electricity="0.00" noise="70.02" route="routetop" type="cfm-fast" waiting="0.00" lane="top_0" pos="12.11" speed="22.86" angle="252.64" x="38.15" y="127.34"/>
        <vehicle id="cfm-fast_3" eclass="HBEFA3/PC_G_EU4" CO2="7190.13" CO="72.95" HC="0.51" NOx="2.78" PMx="0.14" fuel="3.09" electricity="0.00" noise="71.31" route="routetop" type="cfm-fast" waiting="0.00" lane="top_0" pos="25.91" speed="22.79" angle="227.91" x="13.80" y="110.78"/>
        <vehicle id="cfm-fast_4" eclass="HBEFA3/PC_G_EU4" CO2="0.00" CO="0.00" HC="0.00" NOx="0.00" PMx="0.00" fuel="0.00" electricity="0.00" noise="87.69" route="routebottom" type="cfm-fast" waiting="0.00" lane="bottom_1" pos="3.21" speed="87.84" angle="88.72" x="70.27" y="-1.31"/>
        <vehicle id="cfm-fast_5" eclass="HBEFA3/PC_G_EU4" CO2="10380.20" CO="139.62" HC="0.89" NOx="4.27" PMx="0.23" fuel="4.46" electricity="0.00" noise="72.87" route="routetop" type="cfm-fast" waiting="0.00" lane="top_0" pos="39.73" speed="23.40" angle="203.04" x="-1.39" y="85.48"/>
        <vehicle id="cfm-slow_0" eclass="HBEFA3/PC_G_EU4" CO2="12776.87" CO="191.48" HC="1.19" NOx="5.38" PMx="0.29" fuel="5.49" electricity="0.00" noise="74.25" route="routetop" type="cfm-slow" waiting="0.00" lane="left_0" pos="4.22" speed="24.48" angle="176.93" x="-4.33" y="54.51"/>
        <vehicle id="cfm-slow_1" eclass="HBEFA3/PC_G_EU4" CO2="15443.11" CO="250.95" HC="1.53" NOx="6.60" PMx="0.36" fuel="6.64" electricity="0.00" noise="75.79" route="routetop" type="cfm-slow" waiting="0.00" lane="left_0" pos="23.83" speed="25.85" angle="141.57" x="13.41" y="16.96"/>
        <vehicle id="cfm-slow_2" eclass="HBEFA3/PC_G_EU4" CO2="18822.50" CO="328.07" HC="1.96" NOx="8.16" PMx="0.46" fuel="8.09" electricity="0.00" noise="77.64" route="routetop" type="cfm-slow" waiting="0.00" lane="left_0" pos="44.83" speed="27.48" angle="103.89" x="52.49" y="-4.04"/>
        <vehicle id="cfm-slow_3" eclass="HBEFA3/PC_G_EU4" CO2="19269.66" CO="349.15" HC="2.07" NOx="8.33" PMx="0.48" fuel="8.28" electricity="0.00" noise="78.06" route="routebottom" type="cfm-slow" waiting="0.00" lane="bottom_0" pos="17.49" speed="29.43" angle="62.97" x="99.51" y="5.17"/>
        <vehicle id="cfm-slow_4" eclass="HBEFA3/PC_G_EU4" CO2="0.00" CO="0.00" HC="0.00" NOx="0.00" PMx="0.00" fuel="0.00" electricity="0.00" noise="74.30" route="routebottom" type="cfm-slow" waiting="0.00" lane="bottom_0" pos="42.12" speed="31.17" angle="18.70" x="130.16" y="46.79"/>
        <vehicle id="cfm-slow_5" eclass="HBEFA3/PC_G_EU4" CO2="0.00" CO="0.00" HC="0.00" NOx="0.00" PMx="0.00" fuel="0.00" electricity="0.00" noise="72.48" route="routebottom" type="cfm-slow" waiting="0.00" lane="right_0" pos="18.45" speed="30.87" angle="331.26" x="121.04" y="101.26"/>
    </timestep>
    <timestep time="8.20">
        <vehicle id="cfm-fast_0" eclass="HBEFA3/PC_G_EU4" CO2="199094.43" CO="4403.27" HC="25.05" NOx="92.76" PMx="5.34" fuel="85.58" electricity="0.00" noise="139.61" route="routetop" type="cfm-fast" waiting="0.00" lane="top_1" pos="5.01" speed="51.33" angle="265.46" x="53.40" y="128.16"/>
        <vehicle id="cfm-fast_1" eclass="HBEFA3/PC_G_EU4" CO2="0.00" CO="0.00" HC="0.00" NOx="0.00" PMx="0.00" fuel="0.00" electricity="0.00" noise="69.62" route="routebottom" type="cfm-fast" waiting="0.00" lane="right_0" pos="47.76" speed="23.68" angle="278.63" x="68.57" y="132.10"/>
        <vehicle id="cfm-fast_2" eclass="HBEFA3/PC_G_EU4" CO2="0.00" CO="0.00" HC="0.00" NOx="0.00" PMx="0.00" fuel="0.00" electricity="0.00" noise="70.03" route="routetop" type="cfm-fast" waiting="0.00" lane="top_0" pos="12.34" speed="22.85" angle="252.23" x="37.69" y="127.16"/>
        <vehicle id="cfm-fast_3" eclass="HBEFA3/PC_G_EU4" CO2="7220.27" CO="73.58" HC="0.51" NOx="2.79" PMx="0.14" fuel="3.10" electricity="0.00" noise="71.33" route="routetop" type="cfm-fast" waiting="0.00" lane="top_0" pos="26.13" speed="22.80" angle="227.48" x="13.47" y="110.42"/>
        <vehicle id="cfm-fast_4" eclass="HBEFA3/PC_G_EU4" CO2="0.00" CO="0.00" HC="0.00" NOx="0.00" PMx="0.00" fuel="0.00" electricity="0.00" noise="87.67" route="routebottom" type="cfm-fast" waiting="0.00" lane="bottom_1" pos="4.09" speed="87.71" angle="87.17" x="72.06" y="-1.11"/>
        <vehicle id="cfm-fast_5" eclass="HBEFA3/PC_G_EU4" CO2="10402.45" CO="140.10" HC="0.90" NOx="4.28" PMx="0.23" fuel="4.47" electricity="0.00" noise="72.88" route="routetop" type="cfm-fast" waiting="0.00" lane="top_0" pos="39.96" speed="23.41" angle="202.63" x="-1.54" y="85.00"/>
        <vehicle id="cfm-slow_0" eclass="HBEFA3/PC_G_EU4" CO2="12801.51" CO="192.03" HC="1.19" NOx="5.39" PMx="0.29" fuel="5.50" electricity="0.00" noise="74.27" route="routetop" type="cfm-slow" waiting="0.00" lane="left_0" pos="4.47" speed="24.50" angle="176.49" x="-4.25" y="53.99"/>
        <vehicle id="cfm-slow_1" eclass="HBEFA3/PC_G_EU4" CO2="15474.39" CO="251.66" HC="1.53" NOx="6.62" PMx="0.36" fuel="6.65" electricity="0.00" noise="75.81" route="routetop" type="cfm-slow" waiting="0.00" lane="left_0" pos="24.09" speed="25.86" angle="141.11" x="13.79" y="16.55"/>
        <vehicle id="cfm-slow_2" eclass="HBEFA3/PC_G_EU4" CO2="18829.22" CO="328.31" HC="1.97" NOx="8.17" PMx="0.46" fuel="8.09" electricity="0.00" noise="77.64" route="routetop" type="cfm-slow" waiting="0.00" lane="left_0" pos="45.10" speed="27.50" angle="103.42" x="53.07" y="-4.13"/>
        <vehicle id="cfm-slow_3" eclass="HBEFA3/PC_G_EU4" CO2="19150.18" CO="346.81" HC="2.06" NOx="8.27" PMx="0.47" fuel="8.23" electricity="0.00" noise="78.01" route="routebottom" type="cfm-slow" waiting="0.00" lane="bottom_0" pos="17.78" speed="29.45" angle="62.43" x="100.06" y="5.50"/>
        <vehicle id="cfm-slow_4" eclass="HBEFA3/PC_G_EU4" CO2="0.00" CO="0.00" HC="0.00" NOx="0.00" PMx="0.00" fuel="0.00" electricity="0.00" noise="74.25" route="routebottom" type="cfm-slow" waiting="0.00" lane="bottom_0" pos="42.43" speed="31.17" angle="18.19" x="130.33" y="47.44"/>
        <vehicle id="cfm-slow_5" eclass="HBEFA3/PC_G_EU4" CO2="0.00" CO="0.00" HC="0.00" NOx="0.00" PMx="0.00" fuel="0.00" electricity="0.00" noise="72.46" route="routebottom" type="cfm-slow" waiting="0.00" lane="right_0" pos="18.76" speed="30.83" angle="330.66" x="120.68" y="101.81"/>
    </timestep>
    <timestep time="8.21">
        <vehicle id="cfm-fast_0" eclass="HBEFA3/PC_G_EU4" CO2="199671.48" CO="4418.59" HC="25.13" NOx="93.03" PMx="5.35" fuel="85.83" electricity="0.00" noise="139.67" route="routetop" type="cfm-fast" waiting="0.00" lane="top_1" pos="5.53" speed="51.46" angle="264.56" x="52.36" y="127.98"/>
        <vehicle id="cfm-fast_1" eclass="HBEFA3/PC_G_EU4" CO2="0.00" CO="0.00" HC="0.00" NOx="0.00" PMx="0.00" fuel="0.00" electricity="0.00" noise="69.62" route="routebottom" type="cfm-fast" waiting="0.00" lane="right_0" pos="48.00" speed="23.67" angle="278.19" x="68.06" y="132.13"/>
        <vehicle id="cfm-fast_2" eclass="HBEFA3/PC_G_EU4" CO2="0.00" CO="0.00" HC="0.00" NOx="0.00" PMx="0.00" fuel="0.00" electricity="0.00" noise="70.04" route="routetop" type="cfm-fast" waiting="0.00" lane="top_0" pos="12.57" speed="22.85" angle="251.81" x="37.24" y="126.97"/>
        <vehicle id="cfm-fast_3" eclass="HBEFA3/PC_G_EU4" CO2="7250.35" CO="74.21" HC="0.52" NOx="2.81" PMx="0.14" fuel="3.12" electricity="0.00" noise="71.34" route="routetop" type="cfm-fast" waiting="0.00" lane="top_0" pos="26.36" speed="22.80" angle="227.06" x="13.13" y="110.05"/>
        <vehicle id="cfm-fast_4" eclass="HBEFA3/PC_G_EU4" CO2="0.00" CO="0.00" HC="0.00" NOx="0.00" PMx="0.00" fuel="0.00" electricity="0.00" noise="87.64" route="routebottom" type="cfm-fast" waiting="0.00" lane="bottom_1" pos="4.97" speed="87.59" angle="85.57" x="73.83" y="-0.85"/>
        <vehicle id="cfm-fast_5" eclass="HBEFA3/PC_G_EU4" CO2="10424.73" CO="140.58" HC="0.90" NOx="4.29" PMx="0.23" fuel="4.48" electricity="0.00" noise="72.89" route="routetop" type="cfm-fast" waiting="0.00" lane="top_0" pos="40.19" speed="23.42" angle="202.19" x="-1.69" y="84.52"/>
        <vehicle id="cfm-slow_0" eclass="HBEFA3/PC_G_EU4" CO2="12826.22" CO="192.58" HC="1.20" NOx="5.40" PMx="0.29" fuel="5.51" electricity="0.00" noise="74.28" route="routetop" type="cfm-slow" waiting="0.00" lane="left_0" pos="4.71" speed="24.51" angle="176.05" x="-4.18" y="53.46"/>
        <vehicle id="cfm-slow_1" eclass="HBEFA3/PC_G_EU4" CO2="15505.46" CO="252.36" HC="1.54" NOx="6.63" PMx="0.37" fuel="6.67" electricity="0.00" noise="75.82" route="routetop" type="cfm-slow" waiting="0.00" lane="left_0" pos="24.35" speed="25.88" angle="140.69" x="14.17" y="16.15"/>
        <vehicle id="cfm-slow_2" eclass="HBEFA3/PC_G_EU4" CO2="18834.84" CO="328.53" HC="1.97" NOx="8.17" PMx="0.46" fuel="8.10" electricity="0.00" noise="77.64" route="routetop" type="cfm-slow" waiting="0.00" lane="left_0" pos="45.38" speed="27.52" angle="102.91" x="53.66" y="-4.21"/>
        <vehicle id="cfm-slow_3" eclass="HBEFA3/PC_G_EU4" CO2="19029.15" CO="344.44" HC="2.05" NOx="8.22" PMx="0.47" fuel="8.18" electricity="0.00" noise="77.96" route="routebottom" type="cfm-slow" waiting="0.00" lane="bottom_0" pos="18.08" speed="29.46" angle="61.96" x="100.59" y="5.84"/>
        <vehicle id="cfm-slow_4" eclass="HBEFA3/PC_G_EU4" CO2="0.00" CO="0.00" HC="0.00" NOx="0.00" PMx="0.00" fuel="0.00" electricity="0.00" noise="74.21" route="routebottom" type="cfm-slow" waiting="0.00" lane="bottom_0" pos="42.74" speed="31.16" angle="17.62" x="130.47" y="48.10"/>
        <vehicle id="cfm-slow_5" eclass="HBEFA3/PC_G_EU4" CO2="0.00" CO="0.00" HC="0.00" NOx="0.00" PMx="0.00" fuel="0.00" electricity="0.00" noise="72.44" route="routebottom" type="cfm-slow" waiting="0.00" lane="right_0" pos="19.07" speed="30.80" angle="330.06" x="120.31" y="102.36"/>
    </timestep>
    <timestep time="8.22">
        <vehicle id="cfm-fast_0" eclass="HBEFA3/PC_G_EU4" CO2="200248.83" CO="4433.94" HC="25.22" NOx="93.30" PMx="5.37" fuel="86.08" electricity="0.00" noise="139.74" route="routetop" type="cfm-fast" waiting="0.00" lane="top_1" pos="6.04" speed="51.60" angle="263.62" x="51.32" y="127.79"/>
        <vehicle id="cfm-fast_1" eclass="HBEFA3/PC_G_EU4" CO2="0.00" CO="0.00" HC="0.00" NOx="0.00" PMx="0.00" fuel="0.00" electricity="0.00" noise="69.62" route="routebottom" type="cfm-fast" waiting="0.00" lane="right_0" pos="48.24" speed="23.66" angle="277.75" x="67.55" y="132.15"/>
        <vehicle id="cfm-fast_2" eclass="HBEFA3/PC_G_EU4" CO2="0.00" CO="0.00" HC="0.00" NOx="0.00" PMx="0.00" fuel="0.00" electricity="0.00" noise="70.05" route="routetop" type="cfm-fast" waiting="0.00" lane="top_0" pos="12.79" speed="22.85" angle="251.46" x="36.78" y="126.79"/>
        <vehicle id="cfm-fast_3" eclass="HBEFA3/PC_G_EU4" CO2="7280.35" CO="74.83" HC="0.52" NOx="2.82" PMx="0.14" fuel="3.13" electricity="0.00" noise="71.35" route="routetop" type="cfm-fast" waiting="0.00" lane="top_0" pos="26.59" speed="22.81" angle="226.64" x="12.80" y="109.69"/>
        <vehicle id="cfm-fast_4" eclass="HBEFA3/PC_G_EU4" CO2="0.00" CO="0.00" HC="0.00" NOx="0.00" PMx="0.00" fuel="0.00" electricity="0.00" noise="87.62" route="routebottom" type="cfm-fast" waiting="0.00" lane="bottom_1" pos="5.84" speed="87.46" angle="83.96" x="75.60" y="-0.54"/>
        <vehicle id="cfm-fast_5" eclass="HBEFA3/PC_G_EU4" CO2="10447.04" CO="141.06" HC="0.90" NOx="4.30" PMx="0.23" fuel="4.49" electricity="0.00" noise="72.90" route="routetop" type="cfm-fast" waiting="0.00" lane="top_0" pos="40.43" speed="23.44" angle="201.75" x="-1.84" y="84.04"/>
        <vehicle id="cfm-slow_0" eclass="HBEFA3/PC_G_EU4" CO2="12851.00" CO="193.12" HC="1.20" NOx="5.41" PMx="0.29" fuel="5.52" electricity="0.00" noise="74.30" route="routetop" type="cfm-slow" waiting="0.00" lane="left_0" pos="4.96" speed="24.52" angle="175.60" x="-4.11" y="52.94"/>
        <vehicle id="cfm-slow_1" eclass="HBEFA3/PC_G_EU4" CO2="15536.32" CO="253.06" HC="1.54" NOx="6.65" PMx="0.37" fuel="6.68" electricity="0.00" noise="75.84" route="routetop" type="cfm-slow" waiting="0.00" lane="left_0" pos="24.61" speed="25.89" angle="140.22" x="14.56" y="15.75"/>
        <vehicle id="cfm-slow_2" eclass="HBEFA3/PC_G_EU4" CO2="18839.36" CO="328.72" HC="1.97" NOx="8.17" PMx="0.46" fuel="8.10" electricity="0.00" noise="77.65" route="routetop" type="cfm-slow" waiting="0.00" lane="left_0" pos="45.65" speed="27.54" angle="102.40" x="54.25" y="-4.29"/>
        <vehicle id="cfm-slow_3" eclass="HBEFA3/PC_G_EU4" CO2="18906.61" CO="342.04" HC="2.03" NOx="8.16" PMx="0.47" fuel="8.13" electricity="0.00" noise="77.91" route="routebottom" type="cfm-slow" waiting="0.00" lane="bottom_0" pos="18.37" speed="29.48" angle="61.41" x="101.12" y="6.19"/>
        <vehicle id="cfm-slow_4" eclass="HBEFA3/PC_G_EU4" CO2="0.00" CO="0.00" HC="0.00" NOx="0.00" PMx="0.00" fuel="0.00" electricity="0.00" noise="74.16" route="routebottom" type="cfm-slow" waiting="0.00" lane="bottom_0" pos="43.06" speed="31.16" angle="17.06" x="130.62" y="48.75"/>
        <vehicle id="cfm-slow_5" eclass="HBEFA3/PC_G_EU4" CO2="0.00" CO="0.00" HC="0.00" NOx="0.00" PMx="0.00" fuel="0.00" electricity="0.00" noise="72.43" route="routebottom" type="cfm-slow" waiting="0.00" lane="right_0" pos="19.38" speed="30.76" angle="329.56" x="119.93" y="102.91"/>
    </timestep>
    <timestep time="8.23">
        <vehicle id="cfm-fast_0" eclass="HBEFA3/PC_G_EU4" CO2="200826.46" CO="4449.31" HC="25.30" NOx="93.57" PMx="5.39" fuel="86.33" electricity="0.00" noise="139.81" route="routetop" type="cfm-fast" waiting="0.00" lane="top_1" pos="6.56" speed="51.74" angle="262.71" x="50.28" y="127.59"/>
        <vehicle id="cfm-fast_1" eclass="HBEFA3/PC_G_EU4" CO2="0.00" CO="0.00" HC="0.00" NOx="0.00" PMx="0.00" fuel="0.00" electricity="0.00" noise="69.63" route="routebottom" type="cfm-fast" waiting="0.00" lane="right_0" pos="48.47" speed="23.66" angle="277.30" x="67.04" y="132.18"/>
        <vehicle id="cfm-fast_2" eclass="HBEFA3/PC_G_EU4" CO2="0.00" CO="0.00" HC="0.00" NOx="0.00" PMx="0.00" fuel="0.00" electricity="0.00" noise="70.06" route="routetop" type="cfm-fast" waiting="0.00" lane="top_0" pos="13.02" speed="22.85" angle="251.04" x="36.33" y="126.59"/>
        <vehicle id="cfm-fast_3" eclass="HBEFA3/PC_G_EU4" CO2="7310.29" CO="75.46" HC="0.52" NOx="2.84" PMx="0.14" fuel="3.14" electricity="0.00" noise="71.37" route="routetop" type="cfm-fast" waiting="0.00" lane="top_0" pos="26.82" speed="22.81" angle="226.23" x="12.47" y="109.33"/>
        <vehicle id="cfm-fast_4" eclass="HBEFA3/PC_G_EU4" CO2="0.00" CO="0.00" HC="0.00" NOx="0.00" PMx="0.00" fuel="0.00" electricity="0.00" noise="87.60" route="routebottom" type="cfm-fast" waiting="0.00" lane="bottom_1" pos="6.71" speed="87.33" angle="82.39" x="77.35" y="-0.19"/>
        <vehicle id="cfm-fast_5" eclass="HBEFA3/PC_G_EU4" CO2="10469.38" CO="141.54" HC="0.90" NOx="4.31" PMx="0.23" fuel="4.50" electricity="0.00" noise="72.92" route="routetop" type="cfm-fast" waiting="0.00" lane="top_0" pos="40.66" speed="23.45" angle="201.31" x="-1.99" y="83.56"/>
        <vehicle id="cfm-slow_0" eclass="HBEFA3/PC_G_EU4" CO2="12875.83" CO="193.67" HC="1.20" NOx="5.42" PMx="0.29" fuel="5.53" electricity="0.00" noise="74.31" route="routetop" type="cfm-slow" waiting="0.00" lane="left_0" pos="5.20" speed="24.54" angle="175.12" x="-4.03" y="52.42"/>
        <vehicle id="cfm-slow_1" eclass="HBEFA3/PC_G_EU4" CO2="15566.97" CO="253.76" HC="1.54" NOx="6.66" PMx="0.37" fuel="6.69" electricity="0.00" noise="75.86" route="routetop" type="cfm-slow" waiting="0.00" lane="left_0" pos="24.87" speed="25.91" angle="139.75" x="14.95" y="15.36"/>
        <vehicle id="cfm-slow_2" eclass="HBEFA3/PC_G_EU4" CO2="18842.77" CO="328.90" HC="1.97" NOx="8.17" PMx="0.46" fuel="8.10" electricity="0.00" noise="77.65" route="routetop" type="cfm-slow" waiting="0.00" lane="left_0" pos="45.93" speed="27.56" angle="101.89" x="54.83" y="-4.37"/>
        <vehicle id="cfm-slow_3" eclass="HBEFA3/PC_G_EU4" CO2="18782.58" CO="339.61" HC="2.02" NOx="8.10" PMx="0.46" fuel="8.07" electricity="0.00" noise="77.86" route="routebottom" type="cfm-slow" waiting="0.00" lane="bottom_0" pos="18.67" speed="29.50" angle="60.85" x="101.65" y="6.54"/>
        <vehicle id="cfm-slow_4" eclass="HBEFA3/PC_G_EU4" CO2="0.00" CO="0.00" HC="0.00" NOx="0.00" PMx="0.00" fuel="0.00" electricity="0.00" noise="74.11" route="routebottom" type="cfm-slow" waiting="0.00" lane="bottom_0" pos="43.37" speed="31.16" angle="16.49" x="130.77" y="49.40"/>
        <vehicle id="cfm-slow_5" eclass="HBEFA3/PC_G_EU4" CO2="0.00" CO="0.00" HC="0.00" NOx="0.00" PMx="0.00" fuel="0.00" electricity="0.00" noise="72.41" route="routebottom" type="cfm-slow" waiting="0.00" lane="right_0" pos="19.68" speed="30.72" angle="329.00" x="119.54" y="103.44"/>
    </timestep>
    <timestep time="8.24">
        <vehicle id="cfm-fast_0" eclass="HBEFA3/PC_G_EU4" CO2="201404.39" CO="4464.70" HC="25.39" NOx="93.84" PMx="5.40" fuel="86.57" electricity="0.00" noise="139.87" route="routetop" type="cfm-fast" waiting="0.00" lane="top_1" pos="7.08" speed="51.87" angle="261.70" x="49.24" y="127.35"/>
        <vehicle id="cfm-fast_1" eclass="HBEFA3/PC_G_EU4" CO2="0.00" CO="0.00" HC="0.00" NOx="0.00" PMx="0.00" fuel="0.00" electricity="0.00" noise="69.63" route="routebottom" type="cfm-fast" waiting="0.00" lane="right_0" pos="48.71" speed="23.65" angle="276.90" x="66.53" y="132.21"/>
        <vehicle id="cfm-fast_2" eclass="HBEFA3/PC_G_EU4" CO2="0.00" CO="0.00" HC="0.00" NOx="0.00" PMx="0.00" fuel="0.00" electricity="0.00" noise="70.07" route="routetop" type="cfm-fast" waiting="0.00" lane="top_0" pos="13.25" speed="22.85" angle="250.62" x="35.88" y="126.39"/>
        <vehicle id="cfm-fast_3" eclass="HBEFA3/PC_G_EU4" CO2="7340.17" CO="76.08" HC="0.53" NOx="2.85" PMx="0.15" fuel="3.16" electricity="0.00" noise="71.38" route="routetop" type="cfm-fast" waiting="0.00" lane="top_0" pos="27.05" speed="22.82" angle="225.85" x="12.14" y="108.97"/>
        <vehicle id="cfm-fast_4" eclass="HBEFA3/PC_G_EU4" CO2="0.00" CO="0.00" HC="0.00" NOx="0.00" PMx="0.00" fuel="0.00" electricity="0.00" noise="87.58" route="routebottom" type="cfm-fast" waiting="0.00" lane="bottom_1" pos="7.59" speed="87.20" angle="80.80" x="79.10" y="0.20"/>
        <vehicle id="cfm-fast_5" eclass="HBEFA3/PC_G_EU4" CO2="10491.75" CO="142.02" HC="0.91" NOx="4.32" PMx="0.23" fuel="4.51" electricity="0.00" noise="72.93" route="routetop" type="cfm-fast" waiting="0.00" lane="top_0" pos="40.90" speed="23.46" angle="200.88" x="-2.14" y="83.07"/>
        <vehicle id="cfm-slow_0" eclass="HBEFA3/PC_G_EU4" CO2="12900.73" CO="194.23" HC="1.20" NOx="5.43" PMx="0.29" fuel="5.55" electricity="0.00" noise="74.33" route="routetop" type="cfm-slow" waiting="0.00" lane="left_0" pos="5.45" speed="24.55" angle="174.67" x="-3.93" y="51.90"/>
        <vehicle id="cfm-slow_1" eclass="HBEFA3/PC_G_EU4" CO2="15597.39" CO="254.45" HC="1.55" NOx="6.68" PMx="0.37" fuel="6.70" electricity="0.00" noise="75.88" route="routetop" type="cfm-slow" waiting="0.00" lane="left_0" pos="25.13" speed="25.93" angle="139.27" x="15.35" y="14.96"/>
        <vehicle id="cfm-slow_2" eclass="HBEFA3/PC_G_EU4" CO2="18845.07" CO="329.05" HC="1.97" NOx="8.17" PMx="0.46" fuel="8.10" electricity="0.00" noise="77.66" route="routetop" type="cfm-slow" waiting="0.00" lane="left_0" pos="46.20" speed="27.58" angle="101.44" x="55.42" y="-4.45"/>
        <vehicle id="cfm-slow_3" eclass="HBEFA3/PC_G_EU4" CO2="18657.07" CO="337.14" HC="2.00" NOx="8.04" PMx="0.46" fuel="8.02" electricity="0.00" noise="77.80" route="routebottom" type="cfm-slow" waiting="0.00" lane="bottom_0" pos="18.96" speed="29.52" angle="60.30" x="102.18" y="6.89"/>
        <vehicle id="cfm-slow_4" eclass="HBEFA3/PC_G_EU4" CO2="0.00" CO="0.00" HC="0.00" NOx="0.00" PMx="0.00" fuel="0.00" electricity="0.00" noise="74.07" route="routebottom" type="cfm-slow" waiting="0.00" lane="bottom_0" pos="43.68" speed="31.16" angle="15.98" x="130.91" y="50.06"/>
        <vehicle id="cfm-slow_5" eclass="HBEFA3/PC_G_EU4" CO2="0.00" CO="0.00" HC="0.00" NOx="0.00" PMx="0.00" fuel="0.00" electricity="0.00" noise="72.39" route="routebottom" type="cfm-slow" waiting="0.00" lane="right_0" pos="19.99" speed="30.69" angle="328.45" x="119.16" y="103.98"/>
    </timestep>
    <timestep time="8.25">
        <vehicle id="cfm-fast_0" eclass="HBEFA3/PC_G_EU4" CO2="201982.61" CO="4480.12" HC="25.47" NOx="94.11" PMx="5.42" fuel="86.82" electricity="0.00" noise="139.94" route="routetop" type="cfm-fast" waiting="0.00" lane="top_1" pos="7.60" speed="52.01" angle="260.73" x="48.20" y="127.11"/>
        <vehicle id="cfm-fast_1" eclass="HBEFA3/PC_G_EU4" CO2="0.00" CO="0.00" HC="0.00" NOx="0.00" PMx="0.00" fuel="0.00" electricity="0.00" noise="69.63" route="routebottom" type="cfm-fast" waiting="0.00" lane="right_0" pos="48.95" speed="23.64" angle="276.48" x="66.03" y="132.23"/>
        <vehicle id="cfm-fast_2" eclass="HBEFA3/PC_G_EU4" CO2="0.00" CO="0.00" HC="0.00" NOx="0.00" PMx="0.00" fuel="0.00" electricity="0.00" noise="70.08" route="routetop" type="cfm-fast" waiting="0.00" lane="top_0" pos="13.48" speed="22.85" angle="250.21" x="35.43" y="126.19"/>
        <vehicle id="cfm-fast_3" eclass="HBEFA3/PC_G_EU4" CO2="7369.99" CO="76.70" HC="0.53" NOx="2.86" PMx="0.15" fuel="3.17" electricity="0.00" noise="71.39" route="routetop" type="cfm-fast" waiting="0.00" lane="top_0" pos="27.27" speed="22.83" angle="225.42" x="11.83" y="108.59"/>
        <vehicle id="cfm-fast_4" eclass="HBEFA3/PC_G_EU4" CO2="0.00" CO="0.00" HC="0.00" NOx="0.00" PMx="0.00" fuel="0.00" electricity="0.00" noise="87.56" route="routebottom" type="cfm-fast" waiting="0.00" lane="bottom_1" pos="8.46" speed="87.07" angle="79.22" x="80.83" y="0.66"/>
        <vehicle id="cfm-fast_5" eclass="HBEFA3/PC_G_EU4" CO2="10514.15" CO="142.51" HC="0.91" NOx="4.33" PMx="0.23" fuel="4.52" electricity="0.00" noise="72.94" route="routetop" type="cfm-fast" waiting="0.00" lane="top_0" pos="41.13" speed="23.47" angle="200.50" x="-2.28" y="82.59"/>
        <vehicle id="cfm-slow_0" eclass="HBEFA3/PC_G_EU4" CO2="12925.68" CO="194.78" HC="1.21" NOx="5.45" PMx="0.29" fuel="5.56" electricity="0.00" noise="74.34" route="routetop" type="cfm-slow" waiting="0.00" lane="left_0" pos="5.70" speed="24.56" angle="174.23" x="-3.83" y="51.38"/>
        <vehicle id="cfm-slow_1" eclass="HBEFA3/PC_G_EU4" CO2="15627.57" CO="255.13" HC="1.55" NOx="6.69" PMx="0.37" fuel="6.72" electricity="0.00" noise="75.89" route="routetop" type="cfm-slow" waiting="0.00" lane="left_0" pos="25.39" speed="25.94" angle="138.80" x="15.74" y="14.57"/>
        <vehicle id="cfm-slow_2" eclass="HBEFA3/PC_G_EU4" CO2="18846.24" CO="329.18" HC="1.97" NOx="8.17" PMx="0.46" fuel="8.10" electricity="0.00" noise="77.66" route="routetop" type="cfm-slow" waiting="0.00" lane="left_0" pos="46.48" speed="27.60" angle="100.93" x="56.01" y="-4.51"/>
        <vehicle id="cfm-slow_3" eclass="HBEFA3/PC_G_EU4" CO2="18530.13" CO="334.64" HC="1.99" NOx="7.98" PMx="0.46" fuel="7.97" electricity="0.00" noise="77.75" route="routebottom" type="cfm-slow" waiting="0.00" lane="bottom_0" pos="19.26" speed="29.53" angle="59.81" x="102.70" y="7.25"/>
        <vehicle id="cfm-slow_4" eclass="HBEFA3/PC_G_EU4" CO2="0.00" CO="0.00" HC="0.00" NOx="0.00" PMx="0.00" fuel="0.00" electricity="0.00" noise="74.03" route="routebottom" type="cfm-slow" waiting="0.00" lane="bottom_0" pos="43.99" speed="31.15" angle="15.39" x="131.03" y="50.72"/>
        <vehicle id="cfm-slow_5" eclass="HBEFA3/PC_G_EU4" CO2="0.00" CO="0.00" HC="0.00" NOx="0.00" PMx="0.00" fuel="0.00" electricity="0.00" noise="72.38" route="routebottom" type="cfm-slow" waiting="0.00" lane="right_0" pos="20.30" speed="30.65" angle="327.89" x="118.77" y="104.51"/>
    </timestep>
    <timestep time="8.26">
        <vehicle id="cfm-fast_0" eclass="HBEFA3/PC_G_EU4" CO2="202561.12" CO="4495.55" HC="25.56" NOx="94.38" PMx="5.44" fuel="87.07" electricity="0.00" noise="140.00" route="routetop" type="cfm-fast" waiting="0.00" lane="top_1" pos="8.12" speed="52.15" angle="259.83" x="47.16" y="126.84"/>
        <vehicle id="cfm-fast_1" eclass="HBEFA3/PC_G_EU4" CO2="0.00" CO="0.00" HC="0.00" NOx="0.00" PMx="0.00" fuel="0.00" electricity="0.00" noise="69.63" route="routebottom" type="cfm-fast" waiting="0.00" lane="right_0" pos="49.18" speed="23.63" angle="276.04" x="65.52" y="132.24"/>
        <vehicle id="cfm-fast_2" eclass="HBEFA3/PC_G_EU4" CO2="0.00" CO="0.00" HC="0.00" NOx="0.00" PMx="0.00" fuel="0.00" electricity="0.00" noise="70.09" route="routetop" type="cfm-fast" waiting="0.00" lane="top_0" pos="13.71" speed="22.85" angle="249.79" x="34.98" y="125.99"/>
        <vehicle id="cfm-fast_3" eclass="HBEFA3/PC_G_EU4" CO2="7399.74" CO="77.32" HC="0.53" NOx="2.88" PMx="0.15" fuel="3.18" electricity="0.00" noise="71.41" route="routetop" type="cfm-fast" waiting="0.00" lane="top_0" pos="27.50" speed="22.83" angle="224.99" x="11.51" y="108.22"/>
        <vehicle id="cfm-fast_4" eclass="HBEFA3/PC_G_EU4" CO2="0.00" CO="0.00" HC="0.00" NOx="0.00" PMx="0.00" fuel="0.00" electricity="0.00" noise="87.54" route="routebottom" type="cfm-fast" waiting="0.00" lane="bottom_1" pos="9.33" speed="86.95" angle="77.67" x="82.54" y="1.15"/>
        <vehicle id="cfm-fast_5" eclass="HBEFA3/PC_G_EU4" CO2="10536.57" CO="142.99" HC="0.91" NOx="4.34" PMx="0.23" fuel="4.53" electricity="0.00" noise="72.96" route="routetop" type="cfm-fast" waiting="0.00" lane="top_0" pos="41.37" speed="23.48" angle="200.06" x="-2.41" y="82.10"/>
        <vehicle id="cfm-slow_0" eclass="HBEFA3/PC_G_EU4" CO2="12950.69" CO="195.33" HC="1.21" NOx="5.46" PMx="0.30" fuel="5.57" electricity="0.00" noise="74.36" route="routetop" type="cfm-slow" waiting="0.00" lane="left_0" pos="5.94" speed="24.58" angle="173.78" x="-3.74" y="50.86"/>
        <vehicle id="cfm-slow_1" eclass="HBEFA3/PC_G_EU4" CO2="15657.52" CO="255.82" HC="1.56" NOx="6.70" PMx="0.37" fuel="6.73" electricity="0.00" noise="75.91" route="routetop" type="cfm-slow" waiting="0.00" lane="left_0" pos="25.65" speed="25.96" angle="138.38" x="16.14" y="14.17"/>
        <vehicle id="cfm-slow_2" eclass="HBEFA3/PC_G_EU4" CO2="18846.29" CO="329.28" HC="1.97" NOx="8.17" PMx="0.46" fuel="8.10" electricity="0.00" noise="77.66" route="routetop" type="cfm-slow" waiting="0.00" lane="left_0" pos="46.76" speed="27.62" angle="100.43" x="56.60" y="-4.57"/>
        <vehicle id="cfm-slow_3" eclass="HBEFA3/PC_G_EU4" CO2="18401.78" CO="332.12" HC="1.97" NOx="7.92" PMx="0.45" fuel="7.91" electricity="0.00" noise="77.70" route="routebottom" type="cfm-slow" waiting="0.00" lane="bottom_0" pos="19.55" speed="29.55" angle="59.26" x="103.22" y="7.62"/>
        <vehicle id="cfm-slow_4" eclass="HBEFA3/PC_G_EU4" CO2="0.00" CO="0.00" HC="0.00" NOx="0.00" PMx="0.00" fuel="0.00" electricity="0.00" noise="73.98" route="routebottom" type="cfm-slow" waiting="0.00" lane="bottom_0" pos="44.30" speed="31.15" angle="14.80" x="131.15" y="51.38"/>
        <vehicle id="cfm-slow_5" eclass="HBEFA3/PC_G_EU4" CO2="0.00" CO="0.00" HC="0.00" NOx="0.00" PMx="0.00" fuel="0.00" electricity="0.00" noise="72.36" route="routebottom" type="cfm-slow" waiting="0.00" lane="right_0" pos="20.60" speed="30.61" angle="327.40" x="118.38" y="105.04"/>
    </timestep>
    <timestep time="8.27">
        <vehicle id="cfm-fast_0" eclass="HBEFA3/PC_G_EU4" CO2="203139.93" CO="4511.01" HC="25.64" NOx="94.65" PMx="5.45" fuel="87.32" electricity="0.00" noise="140.07" route="routetop" type="cfm-fast" waiting="0.00" lane="top_1" pos="8.64" speed="52.28" angle="258.90" x="46.13" y="126.57"/>
        <vehicle id="cfm-fast_1" eclass="HBEFA3/PC_G_EU4" CO2="0.00" CO="0.00" HC="0.00" NOx="0.00" PMx="0.00" fuel="0.00" electricity="0.00" noise="69.63" route="routebottom" type="cfm-fast" waiting="0.00" lane="right_0" pos="49.42" speed="23.62" angle="275.60" x="65.01" y="132.25"/>
        <vehicle id="cfm-fast_2" eclass="HBEFA3/PC_G_EU4" CO2="0.00" CO="0.00" HC="0.00" NOx="0.00" PMx="0.00" fuel="0.00" electricity="0.00" noise="70.10" route="routetop" type="cfm-fast" waiting="0.00" lane="top_0" pos="13.94" speed="22.85" angle="249.37" x="34.54" y="125.79"/>
        <vehicle id="cfm-fast_3" eclass="HBEFA3/PC_G_EU4" CO2="7429.43" CO="77.94" HC="0.54" NOx="2.89" PMx="0.15" fuel="3.19" electricity="0.00" noise="71.42" route="routetop" type="cfm-fast" waiting="0.00" lane="top_0" pos="27.73" speed="22.84" angle="224.57" x="11.19" y="107.84"/>
        <vehicle id="cfm-fast_4" eclass="HBEFA3/PC_G_EU4" CO2="0.00" CO="0.00" HC="0.00" NOx="0.00" PMx="0.00" fuel="0.00" electricity="0.00" noise="87.51" route="routebottom" type="cfm-fast" waiting="0.00" lane="bottom_1" pos="10.20" speed="86.82" angle="76.12" x="84.24" y="1.68"/>
        <vehicle id="cfm-fast_5" eclass="HBEFA3/PC_G_EU4" CO2="10559.03" CO="143.47" HC="0.91" NOx="4.35" PMx="0.23" fuel="4.54" electricity="0.00" noise="72.97" route="routetop" type="cfm-fast" waiting="0.00" lane="top_0" pos="41.60" speed="23.49" angle="199.63" x="-2.54" y="81.61"/>
        <vehicle id="cfm-slow_0" eclass="HBEFA3/PC_G_EU4" CO2="12975.75" CO="195.89" HC="1.21" NOx="5.47" PMx="0.30" fuel="5.58" electricity="0.00" noise="74.37" route="routetop" type="cfm-slow" waiting="0.00" lane="left_0" pos="6.19" speed="24.59" angle="173.33" x="-3.64" y="50.34"/>
        <vehicle id="cfm-slow_1" eclass="HBEFA3/PC_G_EU4" CO2="15687.22" CO="256.49" HC="1.56" NOx="6.72" PMx="0.37" fuel="6.74" electricity="0.00" noise="75.93" route="routetop" type="cfm-slow" waiting="0.00" lane="left_0" pos="25.91" speed="25.98" angle="137.90" x="16.55" y="13.79"/>
        <vehicle id="cfm-slow_2" eclass="HBEFA3/PC_G_EU4" CO2="18845.22" CO="329.36" HC="1.97" NOx="8.17" PMx="0.46" fuel="8.10" electricity="0.00" noise="77.66" route="routetop" type="cfm-slow" waiting="0.00" lane="left_0" pos="47.03" speed="27.64" angle="99.92" x="57.20" y="-4.63"/>
        <vehicle id="cfm-slow_3" eclass="HBEFA3/PC_G_EU4" CO2="18272.04" CO="329.56" HC="1.96" NOx="7.86" PMx="0.45" fuel="7.85" electricity="0.00" noise="77.65" route="routebottom" type="cfm-slow" waiting="0.00" lane="bottom_0" pos="19.85" speed="29.57" angle="58.72" x="103.74" y="7.99"/>
        <vehicle id="cfm-slow_4" eclass="HBEFA3/PC_G_EU4" CO2="0.00" CO="0.00" HC="0.00" NOx="0.00" PMx="0.00" fuel="0.00" electricity="0.00" noise="73.94" route="routebottom" type="cfm-slow" waiting="0.00" lane="bottom_0" pos="44.61" speed="31.15" angle="14.21" x="131.28" y="52.04"/>
        <vehicle id="cfm-slow_5" eclass="HBEFA3/PC_G_EU4" CO2="0.00" CO="0.00" HC="0.00" NOx="0.00" PMx="0.00" fuel="0.00" electricity="0.00" noise="72.34" route="routebottom" type="cfm-slow" waiting="0.00" lane="right_0" pos="20.91" speed="30.58" angle="326.85" x="117.98" y="105.56"/>
    </timestep>
    <timestep time="8.28">
        <vehicle id="cfm-fast_0" eclass="HBEFA3/PC_G_EU4" CO2="203719.02" CO="4526.49" HC="25.73" NOx="94.92" PMx="5.47" fuel="87.57" electricity="0.00" noise="140.14" route="routetop" type="cfm-fast" waiting="0.00" lane="top_1" pos="9.17" speed="52.42" angle="258.01" x="45.09" y="126.28"/>
        <vehicle id="cfm-fast_1" eclass="HBEFA3/PC_G_EU4" CO2="0.00" CO="0.00" HC="0.00" NOx="0.00" PMx="0.00" fuel="0.00" electricity="0.00" noise="69.63" route="routebottom" type="cfm-fast" waiting="0.00" lane="right_0" pos="49.66" speed="23.62" angle="275.16" x="64.50" y="132.26"/>
        <vehicle id="cfm-fast_2" eclass="HBEFA3/PC_G_EU4" CO2="0.00" CO="0.00" HC="0.00" NOx="0.00" PMx="0.00" fuel="0.00" electricity="0.00" noise="70.11" route="routetop" type="cfm-fast" waiting="0.00" lane="top_0" pos="14.17" speed="22.85" angle="249.01" x="34.09" y="125.58"/>
        <vehicle id="cfm-fast_3" eclass="HBEFA3/PC_G_EU4" CO2="7459.07" CO="78.56" HC="0.54" NOx="2.91" PMx="0.15" fuel="3.21" electricity="0.00" noise="71.44" route="routetop" type="cfm-fast" waiting="0.00" lane="top_0" pos="27.96" speed="22.85" angle="224.14" x="10.87" y="107.47"/>
        <vehicle id="cfm-fast_4" eclass="HBEFA3/PC_G_EU4" CO2="0.00" CO="0.00" HC="0.00" NOx="0.00" PMx="0.00" fuel="0.00" electricity="0.00" noise="87.49" route="routebottom" type="cfm-fast" waiting="0.00" lane="bottom_1" pos="11.06" speed="86.69" angle="74.54" x="85.91" y="2.27"/>
        <vehicle id="cfm-fast_5" eclass="HBEFA3/PC_G_EU4" CO2="10581.52" CO="143.96" HC="0.92" NOx="4.36" PMx="0.23" fuel="4.55" electricity="0.00" noise="72.98" route="routetop" type="cfm-fast" waiting="0.00" lane="top_0" pos="41.84" speed="23.50" angle="199.19" x="-2.67" y="81.12"/>
        <vehicle id="cfm-slow_0" eclass="HBEFA3/PC_G_EU4" CO2="13000.86" CO="196.44" HC="1.22" NOx="5.48" PMx="0.30" fuel="5.59" electricity="0.00" noise="74.39" route="routetop" type="cfm-slow" waiting="0.00" lane="left_0" pos="6.43" speed="24.61" angle="172.93" x="-3.54" y="49.82"/>
        <vehicle id="cfm-slow_1" eclass="HBEFA3/PC_G_EU4" CO2="15716.66" CO="257.17" HC="1.56" NOx="6.73" PMx="0.37" fuel="6.76" electricity="0.00" noise="75.94" route="routetop" type="cfm-slow" waiting="0.00" lane="left_0" pos="26.17" speed="25.99" angle="137.42" x="16.96" y="13.41"/>
        <vehicle id="cfm-slow_2" eclass="HBEFA3/PC_G_EU4" CO2="18843.02" CO="329.42" HC="1.97" NOx="8.17" PMx="0.46" fuel="8.10" electricity="0.00" noise="77.66" route="routetop" type="cfm-slow" waiting="0.00" lane="left_0" pos="47.31" speed="27.66" angle="99.41" x="57.79" y="-4.69"/>
        <vehicle id="cfm-slow_3" eclass="HBEFA3/PC_G_EU4" CO2="18140.95" CO="326.98" HC="1.95" NOx="7.80" PMx="0.45" fuel="7.80" electricity="0.00" noise="77.60" route="routebottom" type="cfm-slow" waiting="0.00" lane="bottom_0" pos="20.15" speed="29.58" angle="58.17" x="104.25" y="8.36"/>
        <vehicle id="cfm-slow_4" eclass="HBEFA3/PC_G_EU4" CO2="0.00" CO="0.00" HC="0.00" NOx="0.00" PMx="0.00" fuel="0.00" electricity="0.00" noise="73.90" route="routebottom" type="cfm-slow" waiting="0.00" lane="bottom_0" pos="44.92" speed="31.14" angle="13.70" x="131.40" y="52.70"/>
        <vehicle id="cfm-slow_5" eclass="HBEFA3/PC_G_EU4" CO2="0.00" CO="0.00" HC="0.00" NOx="0.00" PMx="0.00" fuel="0.00" electricity="0.00" noise="72.32" route="routebottom" type="cfm-slow" waiting="0.00" lane="right_0" pos="21.21" speed="30.54" angle="326.29" x="117.57" y="106.08"/>
    </timestep>
    <timestep time="8.29">
        <vehicle id="cfm-fast_0" eclass="HBEFA3/PC_G_EU4" CO2="204298.41" CO="4541.99" HC="25.81" NOx="95.20" PMx="5.49" fuel="87.82" electricity="0.00" noise="140.20" route="routetop" type="cfm-fast" waiting="0.00" lane="top_1" pos="9.69" speed="52.56" angle="257.05" x="44.06" y="125.96"/>
        <vehicle id="cfm-fast_1" eclass="HBEFA3/PC_G_EU4" CO2="0.00" CO="0.00" HC="0.00" NOx="0.00" PMx="0.00" fuel="0.00" electricity="0.00" noise="69.64" route="routebottom" type="cfm-fast" waiting="0.00" lane="right_0" pos="49.89" speed="23.61" angle="274.72" x="63.99" y="132.27"/>
        <vehicle id="cfm-fast_2" eclass="HBEFA3/PC_G_EU4" CO2="0.00" CO="0.00" HC="0.00" NOx="0.00" PMx="0.00" fuel="0.00" electricity="0.00" noise="70.12" route="routetop" type="cfm-fast" waiting="0.00" lane="top_0" pos="14.39" speed="22.85" angle="248.57" x="33.65" y="125.36"/>
        <vehicle id="cfm-fast_3" eclass="HBEFA3/PC_G_EU4" CO2="7488.64" CO="79.18" HC="0.54" NOx="2.92" PMx="0.15" fuel="3.22" electricity="0.00" noise="71.45" route="routetop" type="cfm-fast" waiting="0.00" lane="top_0" pos="28.19" speed="22.85" angle="223.77" x="10.55" y="107.10"/>
        <vehicle id="cfm-fast_4" eclass="HBEFA3/PC_G_EU4" CO2="0.00" CO="0.00" HC="0.00" NOx="0.00" PMx="0.00" fuel="0.00" electricity="0.00" noise="87.47" route="routebottom" type="cfm-fast" waiting="0.00" lane="bottom_1" pos="11.93" speed="86.57" angle="73.01" x="87.57" y="2.90"/>
        <vehicle id="cfm-fast_5" eclass="HBEFA3/PC_G_EU4" CO2="10604.03" CO="144.44" HC="0.92" NOx="4.37" PMx="0.23" fuel="4.56" electricity="0.00" noise="73.00" route="routetop" type="cfm-fast" waiting="0.00" lane="top_0" pos="42.07" speed="23.51" angle="198.76" x="-2.80" y="80.64"/>
        <vehicle id="cfm-slow_0" eclass="HBEFA3/PC_G_EU4" CO2="13026.02" CO="197.00" HC="1.22" NOx="5.49" PMx="0.30" fuel="5.60" electricity="0.00" noise="74.40" route="routetop" type="cfm-slow" waiting="0.00" lane="left_0" pos="6.68" speed="24.62" angle="172.46" x="-3.42" y="49.30"/>
        <vehicle id="cfm-slow_1" eclass="HBEFA3/PC_G_EU4" CO2="15745.84" CO="257.83" HC="1.57" NOx="6.74" PMx="0.37" fuel="6.77" electricity="0.00" noise="75.96" route="routetop" type="cfm-slow" waiting="0.00" lane="left_0" pos="26.43" speed="26.01" angle="136.94" x="17.37" y="13.04"/>
        <vehicle id="cfm-slow_2" eclass="HBEFA3/PC_G_EU4" CO2="18839.68" CO="329.46" HC="1.97" NOx="8.17" PMx="0.46" fuel="8.10" electricity="0.00" noise="77.66" route="routetop" type="cfm-slow" waiting="0.00" lane="left_0" pos="47.59" speed="27.68" angle="98.95" x="58.38" y="-4.74"/>
        <vehicle id="cfm-slow_3" eclass="HBEFA3/PC_G_EU4" CO2="18008.52" CO="324.36" HC="1.93" NOx="7.73" PMx="0.44" fuel="7.74" electricity="0.00" noise="77.54" route="routebottom" type="cfm-slow" waiting="0.00" lane="bottom_0" pos="20.44" speed="29.60" angle="57.66" x="104.77" y="8.73"/>
        <vehicle id="cfm-slow_4" eclass="HBEFA3/PC_G_EU4" CO2="0.00" CO="0.00" HC="0.00" NOx="0.00" PMx="0.00" fuel="0.00" electricity="0.00" noise="73.86" route="routebottom" type="cfm-slow" waiting="0.00" lane="bottom_0" pos="45.24" speed="31.14" angle="13.13" x="131.49" y="53.36"/>
        <vehicle id="cfm-slow_5" eclass="HBEFA3/PC_G_EU4" CO2="0.00" CO="0.00" HC="0.00" NOx="0.00" PMx="0.00" fuel="0.00" electricity="0.00" noise="72.31" route="routebottom" type="cfm-slow" waiting="0.00" lane="right_0" pos="21.52" speed="30.50" angle="325.74" x="117.17" y="106.59"/>
    </timestep>
    <timestep time="8.30">
        <vehicle id="cfm-fast_0" eclass="HBEFA3/PC_G_EU4" CO2="204878.09" CO="4557.51" HC="25.90" NOx="95.47" PMx="5.50" fuel="88.07" electricity="0.00" noise="140.27" route="routetop" type="cfm-fast" waiting="0.00" lane="top_1" pos="10.22" speed="52.69" angle="256.13" x="43.03" y="125.64"/>
        <vehicle id="cfm-fast_1" eclass="HBEFA3/PC_G_EU4" CO2="0.00" CO="0.00" HC="0.00" NOx="0.00" PMx="0.00" fuel="0.00" electricity="0.00" noise="69.64" route="routetop" type="cfm-fast" waiting="0.00" lane="top_0" pos="0.13" speed="23.60" angle="274.24" x="63.30" y="132.26"/>
        <vehicle id="cfm-fast_2" eclass="HBEFA3/PC_G_EU4" CO2="0.00" CO="0.00" HC="0.00" NOx="0.00" PMx="0.00" fuel="0.00" electricity="0.00" noise="70.13" route="routetop" type="cfm-fast" waiting="0.00" lane="top_0" pos="14.62" speed="22.85" angle="248.14" x="33.21" y="125.14"/>
        <vehicle id="cfm-fast_3" eclass="HBEFA3/PC_G_EU4" CO2="7518.15" CO="79.80" HC="0.55" NOx="2.93" PMx="0.15" fuel="3.23" electricity="0.00" noise="71.46" route="routetop" type="cfm-fast" waiting="0.00" lane="top_0" pos="28.42" speed="22.86" angle="223.37" x="10.24" y="106.71"/>
        <vehicle id="cfm-fast_4" eclass="HBEFA3/PC_G_EU4" CO2="0.00" CO="0.00" HC="0.00" NOx="0.00" PMx="0.00" fuel="0.00" electricity="0.00" noise="87.45" route="routebottom" type="cfm-fast" waiting="0.00" lane="bottom_1" pos="12.79" speed="86.44" angle="71.51" x="89.22" y="3.55"/>
        <vehicle id="cfm-fast_5" eclass="HBEFA3/PC_G_EU4" CO2="10626.58" CO="144.93" HC="0.92" NOx="4.38" PMx="0.23" fuel="4.57" electricity="0.00" noise="73.01" route="routetop" type="cfm-fast" waiting="0.00" lane="top_0" pos="42.31" speed="23.52" angle="198.37" x="-2.93" y="80.15"/>
        <vehicle id="cfm-slow_0" eclass="HBEFA3/PC_G_EU4" CO2="13051.22" CO="197.56" HC="1.22" NOx="5.50" PMx="0.30" fuel="5.61" electricity="0.00" noise="74.42" route="routetop" type="cfm-slow" waiting="0.00" lane="left_0" pos="6.93" speed="24.63" angle="171.98" x="-3.31" y="48.79"/>
        <vehicle id="cfm-slow_1" eclass="HBEFA3/PC_G_EU4" CO2="15774.74" CO="258.50" HC="1.57" NOx="6.76" PMx="0.37" fuel="6.78" electricity="0.00" noise="75.98" route="routetop" type="cfm-slow" waiting="0.00" lane="left_0" pos="26.69" speed="26.03" angle="136.45" x="17.78" y="12.66"/>
        <vehicle id="cfm-slow_2" eclass="HBEFA3/PC_G_EU4" CO2="18835.21" CO="329.47" HC="1.97" NOx="8.16" PMx="0.46" fuel="8.10" electricity="0.00" noise="77.66" route="routetop" type="cfm-slow" waiting="0.00" lane="left_0" pos="47.86" speed="27.70" angle="98.42" x="58.98" y="-4.78"/>
        <vehicle id="cfm-slow_3" eclass="HBEFA3/PC_G_EU4" CO2="17874.79" CO="321.72" HC="1.91" NOx="7.67" PMx="0.44" fuel="7.68" electricity="0.00" noise="77.49" route="routebottom" type="cfm-slow" waiting="0.00" lane="bottom_0" pos="20.74" speed="29.61" angle="57.15" x="105.28" y="9.12"/>
        <vehicle id="cfm-slow_4" eclass="HBEFA3/PC_G_EU4" CO2="0.00" CO="0.00" HC="0.00" NOx="0.00" PMx="0.00" fuel="0.00" electricity="0.00" noise="73.83" route="routebottom" type="cfm-slow" waiting="0.00" lane="bottom_0" pos="45.55" speed="31.14" angle="12.57" x="131.58" y="54.02"/>
        <vehicle id="cfm-slow_5" eclass="HBEFA3/PC_G_EU4" CO2="0.00" CO="0.00" HC="0.00" NOx="0.00" PMx="0.00" fuel="0.00" electricity="0.00" noise="72.29" route="routebottom" type="cfm-slow" waiting="0.00" lane="right_0" pos="21.82" speed="30.47" angle="325.23" x="116.76" y="107.11"/>
    </timestep>
    <timestep time="8.31">
        <vehicle id="cfm-fast_0" eclass="HBEFA3/PC_G_EU4" CO2="205458.06" CO="4573.05" HC="25.98" NOx="95.74" PMx="5.52" fuel="88.32" electricity="0.00" noise="140.33" route="routetop" type="cfm-fast" waiting="0.00" lane="top_1" pos="10.75" speed="52.83" angle="255.12" x="42.01" y="125.27"/>
        <vehicle id="cfm-fast_1" eclass="HBEFA3/PC_G_EU4" CO2="0.00" CO="0.00" HC="0.00" NOx="0.00" PMx="0.00" fuel="0.00" electricity="0.00" noise="69.64" route="routetop" type="cfm-fast" waiting="0.00" lane="top_0" pos="0.36" speed="23.59" angle="273.82" x="62.79" y="132.26"/>
        <vehicle id="cfm-fast_2" eclass="HBEFA3/PC_G_EU4" CO2="0.00" CO="0.00" HC="0.00" NOx="0.00" PMx="0.00" fuel="0.00" electricity="0.00" noise="70.14" route="routetop" type="cfm-fast" waiting="0.00" lane="top_0" pos="14.85" speed="22.85" angle="247.70" x="32.77" y="124.92"/>
        <vehicle id="cfm-fast_3" eclass="HBEFA3/PC_G_EU4" CO2="7547.60" CO="80.41" HC="0.55" NOx="2.95" PMx="0.15" fuel="3.24" electricity="0.00" noise="71.48" route="routetop" type="cfm-fast" waiting="0.00" lane="top_0" pos="28.64" speed="22.86" angle="222.95" x="9.94" y="106.32"/>
        <vehicle id="cfm-fast_4" eclass="HBEFA3/PC_G_EU4" CO2="0.00" CO="0.00" HC="0.00" NOx="0.00" PMx="0.00" fuel="0.00" electricity="0.00" noise="87.43" route="routebottom" type="cfm-fast" waiting="0.00" lane="bottom_1" pos="13.66" speed="86.32" angle="69.93" x="90.84" y="4.28"/>
        <vehicle id="cfm-fast_5" eclass="HBEFA3/PC_G_EU4" CO2="10649.16" CO="145.41" HC="0.93" NOx="4.39" PMx="0.23" fuel="4.58" electricity="0.00" noise="73.02" route="routetop" type="cfm-fast" waiting="0.00" lane="top_0" pos="42.54" speed="23.53" angle="197.96" x="-3.05" y="79.65"/>
        <vehicle id="cfm-slow_0" eclass="HBEFA3/PC_G_EU4" CO2="13076.46" CO="198.12" HC="1.23" NOx="5.51" PMx="0.30" fuel="5.62" electricity="0.00" noise="74.43" route="routetop" type="cfm-slow" waiting="0.00" lane="left_0" pos="7.17" speed="24.65" angle="171.51" x="-3.19" y="48.27"/>
        <vehicle id="cfm-slow_1" eclass="HBEFA3/PC_G_EU4" CO2="15803.37" CO="259.15" HC="1.57" NOx="6.77" PMx="0.37" fuel="6.79" electricity="0.00" noise="75.99" route="routetop" type="cfm-slow" waiting="0.00" lane="left_0" pos="26.95" speed="26.04" angle="136.03" x="18.20" y="12.28"/>
        <vehicle id="cfm-slow_2" eclass="HBEFA3/PC_G_EU4" CO2="18829.60" CO="329.46" HC="1.97" NOx="8.16" PMx="0.46" fuel="8.09" electricity="0.00" noise="77.66" route="routetop" type="cfm-slow" waiting="0.00" lane="left_0" pos="48.14" speed="27.71" angle="97.89" x="59.57" y="-4.81"/>
        <vehicle id="cfm-slow_3" eclass="HBEFA3/PC_G_EU4" CO2="17739.78" CO="319.05" HC="1.90" NOx="7.61" PMx="0.44" fuel="7.63" electricity="0.00" noise="77.44" route="routebottom" type="cfm-slow" waiting="0.00" lane="bottom_0" pos="21.03" speed="29.63" angle="56.61" x="105.78" y="9.51"/>
        <vehicle id="cfm-slow_4" eclass="HBEFA3/PC_G_EU4" CO2="0.00" CO="0.00" HC="0.00" NOx="0.00" PMx="0.00" fuel="0.00" electricity="0.00" noise="73.79" route="routebottom" type="cfm-slow" waiting="0.00" lane="bottom_0" pos="45.86" speed="31.13" angle="12.00" x="131.68" y="54.69"/>
        <vehicle id="cfm-slow_5" eclass="HBEFA3/PC_G_EU4" CO2="0.00" CO="0.00" HC="0.00" NOx="0.00" PMx="0.00" fuel="0.00" electricity="0.00" noise="72.27" route="routebottom" type="cfm-slow" waiting="0.00" lane="right_0" pos="22.13" speed="30.43" angle="324.65" x="116.34" y="107.61"/>
    </timestep>
    <timestep time="8.32">
        <vehicle id="cfm-fast_0" eclass="HBEFA3/PC_G_EU4" CO2="206038.33" CO="4588.61" HC="26.07" NOx="96.01" PMx="5.54" fuel="88.57" electricity="0.00" noise="140.40" route="routetop" type="cfm-fast" waiting="0.00" lane="top_1" pos="11.28" speed="52.96" angle="254.09" x="40.99" y="124.90"/>
        <vehicle id="cfm-fast_1" eclass="HBEFA3/PC_G_EU4" CO2="0.00" CO="0.00" HC="0.00" NOx="0.00" PMx="0.00" fuel="0.00" electricity="0.00" noise="69.64" route="routetop" type="cfm-fast" waiting="0.00" lane="top_0" pos="0.60" speed="23.58" angle="273.39" x="62.28" y="132.25"/>
        <vehicle id="cfm-fast_2" eclass="HBEFA3/PC_G_EU4" CO2="0.00" CO="0.00" HC="0.00" NOx="0.00" PMx="0.00" fuel="0.00" electricity="0.00" noise="70.15" route="routetop" type="cfm-fast" waiting="0.00" lane="top_0" pos="15.08" speed="22.85" angle="247.26" x="32.33" y="124.69"/>
        <vehicle id="cfm-fast_3" eclass="HBEFA3/PC_G_EU4" CO2="7577.00" CO="81.03" HC="0.56" NOx="2.96" PMx="0.15" fuel="3.26" electricity="0.00" noise="71.49" route="routetop" type="cfm-fast" waiting="0.00" lane="top_0" pos="28.87" speed="22.87" angle="222.53" x="9.64" y="105.94"/>
        <vehicle id="cfm-fast_4" eclass="HBEFA3/PC_G_EU4" CO2="0.00" CO="0.00" HC="0.00" NOx="0.00" PMx="0.00" fuel="0.00" electricity="0.00" noise="87.41" route="routebottom" type="cfm-fast" waiting="0.00" lane="bottom_1" pos="14.52" speed="86.19" angle="68.39" x="92.43" y="5.04"/>
        <vehicle id="cfm-fast_5" eclass="HBEFA3/PC_G_EU4" CO2="10671.76" CO="145.90" HC="0.93" NOx="4.41" PMx="0.23" fuel="4.59" electricity="0.00" noise="73.04" route="routetop" type="cfm-fast" waiting="0.00" lane="top_0" pos="42.78" speed="23.54" angle="197.54" x="-3.16" y="79.16"/>
        <vehicle id="cfm-slow_0" eclass="HBEFA3/PC_G_EU4" CO2="13101.74" CO="198.68" HC="1.23" NOx="5.53" PMx="0.30" fuel="5.63" electricity="0.00" noise="74.45" route="routetop" type="cfm-slow" waiting="0.00" lane="left_0" pos="7.42" speed="24.66" angle="171.03" x="-3.07" y="47.75"/>
        <vehicle id="cfm-slow_1" eclass="HBEFA3/PC_G_EU4" CO2="15831.71" CO="259.81" HC="1.58" NOx="6.78" PMx="0.37" fuel="6.81" electricity="0.00" noise="76.01" route="routetop" type="cfm-slow" waiting="0.00" lane="left_0" pos="27.21" speed="26.06" angle="135.55" x="18.63" y="11.92"/>
        <vehicle id="cfm-slow_2" eclass="HBEFA3/PC_G_EU4" CO2="18822.85" CO="329.42" HC="1.97" NOx="8.16" PMx="0.46" fuel="8.09" electricity="0.00" noise="77.66" route="routetop" type="cfm-slow" waiting="0.00" lane="left_0" pos="48.42" speed="27.73" angle="97.36" x="60.17" y="-4.85"/>
        <vehicle id="cfm-slow_3" eclass="HBEFA3/PC_G_EU4" CO2="17603.52" CO="316.36" HC="1.88" NOx="7.54" PMx="0.43" fuel="7.57" electricity="0.00" noise="77.38" route="routebottom" type="cfm-slow" waiting="0.00" lane="bottom_0" pos="21.33" speed="29.64" angle="56.07" x="106.28" y="9.91"/>
        <vehicle id="cfm-slow_4" eclass="HBEFA3/PC_G_EU4" CO2="0.00" CO="0.00" HC="0.00" NOx="0.00" PMx="0.00" fuel="0.00" electricity="0.00" noise="73.75" route="routebottom" type="cfm-slow" waiting="0.00" lane="bottom_0" pos="46.17" speed="31.13" angle="11.49" x="131.77" y="55.35"/>
        <vehicle id="cfm-slow_5" eclass="HBEFA3/PC_G_EU4" CO2="0.00" CO="0.00" HC="0.00" NOx="0.00" PMx="0.00" fuel="0.00" electricity="0.00" noise="72.25" route="routebottom" type="cfm-slow" waiting="0.00" lane="right_0" pos="22.43" speed="30.39" angle="324.08" x="115.91" y="108.11"/>
    </timestep>
    <timestep time="8.33">
        <vehicle id="cfm-fast_0" eclass="HBEFA3/PC_G_EU4" CO2="206618.88" CO="4604.20" HC="26.15" NOx="96.28" PMx="5.55" fuel="88.81" electricity="0.00" noise="140.46" route="routetop" type="cfm-fast" waiting="0.00" lane="top_1" pos="11.81" speed="53.10" angle="253.18" x="39.98" y="124.51"/>
        <vehicle id="cfm-fast_1" eclass="HBEFA3/PC_G_EU4" CO2="0.00" CO="0.00" HC="0.00" NOx="0.00" PMx="0.00" fuel="0.00" electricity="0.00" noise="69.64" route="routetop" type="cfm-fast" waiting="0.00" lane="top_0" pos="0.84" speed="23.58" angle="272.96" x="61.77" y="132.24"/>
        <vehicle id="cfm-fast_2" eclass="HBEFA3/PC_G_EU4" CO2="0.00" CO="0.00" HC="0.00" NOx="0.00" PMx="0.00" fuel="0.00" electricity="0.00" noise="70.16" route="routetop" type="cfm-fast" waiting="0.00" lane="top_0" pos="15.31" speed="22.85" angle="246.87" x="31.90" y="124.47"/>
        <vehicle id="cfm-fast_3" eclass="HBEFA3/PC_G_EU4" CO2="7606.34" CO="81.64" HC="0.56" NOx="2.97" PMx="0.15" fuel="3.27" electricity="0.00" noise="71.51" route="routetop" type="cfm-fast" waiting="0.00" lane="top_0" pos="29.10" speed="22.88" angle="222.11" x="9.33" y="105.55"/>
        <vehicle id="cfm-fast_4" eclass="HBEFA3/PC_G_EU4" CO2="0.00" CO="0.00" HC="0.00" NOx="0.00" PMx="0.00" fuel="0.00" electricity="0.00" noise="87.38" route="routebottom" type="cfm-fast" waiting="0.00" lane="bottom_1" pos="15.38" speed="86.07" angle="66.84" x="94.01" y="5.83"/>
        <vehicle id="cfm-fast_5" eclass="HBEFA3/PC_G_EU4" CO2="10694.40" CO="146.39" HC="0.93" NOx="4.42" PMx="0.23" fuel="4.60" electricity="0.00" noise="73.05" route="routetop" type="cfm-fast" waiting="0.00" lane="top_0" pos="43.01" speed="23.55" angle="197.12" x="-3.28" y="78.67"/>
        <vehicle id="cfm-slow_0" eclass="HBEFA3/PC_G_EU4" CO2="13127.05" CO="199.24" HC="1.23" NOx="5.54" PMx="0.30" fuel="5.64" electricity="0.00" noise="74.46" route="routetop" type="cfm-slow" waiting="0.00" lane="left_0" pos="7.67" speed="24.67" angle="170.63" x="-2.95" y="47.24"/>
        <vehicle id="cfm-slow_1" eclass="HBEFA3/PC_G_EU4" CO2="15859.75" CO="260.45" HC="1.58" NOx="6.80" PMx="0.38" fuel="6.82" electricity="0.00" noise="76.03" route="routetop" type="cfm-slow" waiting="0.00" lane="left_0" pos="27.47" speed="26.08" angle="135.06" x="19.05" y="11.55"/>
        <vehicle id="cfm-slow_2" eclass="HBEFA3/PC_G_EU4" CO2="18814.96" CO="329.37" HC="1.97" NOx="8.15" PMx="0.46" fuel="8.09" electricity="0.00" noise="77.66" route="routetop" type="cfm-slow" waiting="0.00" lane="left_0" pos="48.70" speed="27.75" angle="96.86" x="60.76" y="-4.88"/>
        <vehicle id="cfm-slow_3" eclass="HBEFA3/PC_G_EU4" CO2="17466.03" CO="313.63" HC="1.87" NOx="7.48" PMx="0.43" fuel="7.51" electricity="0.00" noise="77.33" route="routebottom" type="cfm-slow" waiting="0.00" lane="bottom_0" pos="21.63" speed="29.66" angle="55.54" x="106.78" y="10.30"/>
        <vehicle id="cfm-slow_4" eclass="HBEFA3/PC_G_EU4" CO2="0.00" CO="0.00" HC="0.00" NOx="0.00" PMx="0.00" fuel="0.00" electricity="0.00" noise="73.72" route="routebottom" type="cfm-slow" waiting="0.00" lane="bottom_0" pos="46.48" speed="31.12" angle="10.93" x="131.84" y="56.02"/>
        <vehicle id="cfm-slow_5" eclass="HBEFA3/PC_G_EU4" CO2="0.00" CO="0.00" HC="0.00" NOx="0.00" PMx="0.00" fuel="0.00" electricity="0.00" noise="72.24" route="routebottom" type="cfm-slow" waiting="0.00" lane="right_0" pos="22.73" speed="30.36" angle="323.50" x="115.49" y="108.61"/>
    </timestep>
    <timestep time="8.34">
        <vehicle id="cfm-fast_0" eclass="HBEFA3/PC_G_EU4" CO2="207199.73" CO="4619.81" HC="26.24" NOx="96.55" PMx="5.57" fuel="89.06" electricity="0.00" noise="140.53" route="routetop" type="cfm-fast" waiting="0.00" lane="top_1" pos="12.34" speed="53.24" angle="252.25" x="38.96" y="124.10"/>
        <vehicle id="cfm-fast_1" eclass="HBEFA3/PC_G_EU4" CO2="0.00" CO="0.00" HC="0.00" NOx="0.00" PMx="0.00" fuel="0.00" electricity="0.00" noise="69.65" route="routetop" type="cfm-fast" waiting="0.00" lane="top_0" pos="1.07" speed="23.57" angle="272.54" x="61.27" y="132.23"/>
        <vehicle id="cfm-fast_2" eclass="HBEFA3/PC_G_EU4" CO2="0.00" CO="0.00" HC="0.00" NOx="0.00" PMx="0.00" fuel="0.00" electricity="0.00" noise="70.17" route="routetop" type="cfm-fast" waiting="0.00" lane="top_0" pos="15.54" speed="22.85" angle="246.48" x="31.46" y="124.24"/>
        <vehicle id="cfm-fast_3" eclass="HBEFA3/PC_G_EU4" CO2="7635.62" CO="82.25" HC="0.56" NOx="2.99" PMx="0.15" fuel="3.28" electricity="0.00" noise="71.52" route="routetop" type="cfm-fast" waiting="0.00" lane="top_0" pos="29.33" speed="22.88" angle="221.70" x="9.03" y="105.16"/>
        <vehicle id="cfm-fast_4" eclass="HBEFA3/PC_G_EU4" CO2="0.00" CO="0.00" HC="0.00" NOx="0.00" PMx="0.00" fuel="0.00" electricity="0.00" noise="87.36" route="routebottom" type="cfm-fast" waiting="0.00" lane="bottom_1" pos="16.24" speed="85.94" angle="65.28" x="95.55" y="6.68"/>
        <vehicle id="cfm-fast_5" eclass="HBEFA3/PC_G_EU4" CO2="10717.07" CO="146.88" HC="0.93" NOx="4.43" PMx="0.23" fuel="4.61" electricity="0.00" noise="73.06" route="routetop" type="cfm-fast" waiting="0.00" lane="top_0" pos="43.25" speed="23.57" angle="196.70" x="-3.39" y="78.17"/>
        <vehicle id="cfm-slow_0" eclass="HBEFA3/PC_G_EU4" CO2="13152.40" CO="199.81" HC="1.24" NOx="5.55" PMx="0.30" fuel="5.65" electricity="0.00" noise="74.48" route="routetop" type="cfm-slow" waiting="0.00" lane="left_0" pos="7.91" speed="24.69" angle="170.18" x="-2.81" y="46.72"/>
        <vehicle id="cfm-slow_1" eclass="HBEFA3/PC_G_EU4" CO2="15887.49" CO="261.09" HC="1.58" NOx="6.81" PMx="0.38" fuel="6.83" electricity="0.00" noise="76.04" route="routetop" type="cfm-slow" waiting="0.00" lane="left_0" pos="27.73" speed="26.09" angle="134.57" x="19.48" y="11.19"/>
        <vehicle id="cfm-slow_2" eclass="HBEFA3/PC_G_EU4" CO2="18805.92" CO="329.28" HC="1.97" NOx="8.15" PMx="0.46" fuel="8.08" electricity="0.00" noise="77.65" route="routetop" type="cfm-slow" waiting="0.00" lane="left_0" pos="48.97" speed="27.77" angle="96.38" x="61.36" y="-4.90"/>
        <vehicle id="cfm-slow_3" eclass="HBEFA3/PC_G_EU4" CO2="17327.35" CO="310.89" HC="1.85" NOx="7.41" PMx="0.43" fuel="7.45" electricity="0.00" noise="77.28" route="routebottom" type="cfm-slow" waiting="0.00" lane="bottom_0" pos="21.92" speed="29.67" angle="55.04" x="107.28" y="10.70"/>
        <vehicle id="cfm-slow_4" eclass="HBEFA3/PC_G_EU4" CO2="0.00" CO="0.00" HC="0.00" NOx="0.00" PMx="0.00" fuel="0.00" electricity="0.00" noise="73.68" route="routebottom" type="cfm-slow" waiting="0.00" lane="bottom_0" pos="46.79" speed="31.11" angle="10.36" x="131.91" y="56.68"/>
        <vehicle id="cfm-slow_5" eclass="HBEFA3/PC_G_EU4" CO2="0.00" CO="0.00" HC="0.00" NOx="0.00" PMx="0.00" fuel="0.00" electricity="0.00" noise="72.22" route="routebottom" type="cfm-slow" waiting="0.00" lane="right_0" pos="23.04" speed="30.32" angle="322.99" x="115.07" y="109.10"/>
    </timestep>
    <timestep time="8.35">
        <vehicle id="cfm-fast_0" eclass="HBEFA3/PC_G_EU4" CO2="207780.87" CO="4635.43" HC="26.33" NOx="96.83" PMx="5.59" fuel="89.31" electricity="0.00" noise="140.60" route="routetop" type="cfm-fast" waiting="0.00" lane="top_1" pos="12.87" speed="53.37" angle="251.35" x="37.95" y="123.69"/>
        <vehicle id="cfm-fast_1" eclass="HBEFA3/PC_G_EU4" CO2="0.00" CO="0.00" HC="0.00" NOx="0.00" PMx="0.00" fuel="0.00" electricity="0.00" noise="69.65" route="routetop" type="cfm-fast" waiting="0.00" lane="top_0" pos="1.31" speed="23.56" angle="272.13" x="60.76" y="132.21"/>
        <vehicle id="cfm-fast_2" eclass="HBEFA3/PC_G_EU4" CO2="0.00" CO="0.00" HC="0.00" NOx="0.00" PMx="0.00" fuel="0.00" electricity="0.00" noise="70.18" route="routetop" type="cfm-fast" waiting="0.00" lane="top_0" pos="15.77" speed="22.85" angle="246.07" x="31.03" y="124.00"/>
        <vehicle id="cfm-fast_3" eclass="HBEFA3/PC_G_EU4" CO2="7664.85" CO="82.86" HC="0.57" NOx="3.00" PMx="0.15" fuel="3.29" electricity="0.00" noise="71.53" route="routetop" type="cfm-fast" waiting="0.00" lane="top_0" pos="29.56" speed="22.89" angle="221.34" x="8.73" y="104.77"/>
        <vehicle id="cfm-fast_4" eclass="HBEFA3/PC_G_EU4" CO2="0.00" CO="0.00" HC="0.00" NOx="0.00" PMx="0.00" fuel="0.00" electricity="0.00" noise="87.34" route="routebottom" type="cfm-fast" waiting="0.00" lane="bottom_1" pos="17.10" speed="85.82" angle="63.74" x="97.08" y="7.56"/>
        <vehicle id="cfm-fast_5" eclass="HBEFA3/PC_G_EU4" CO2="10739.77" CO="147.37" HC="0.94" NOx="4.44" PMx="0.24" fuel="4.62" electricity="0.00" noise="73.08" route="routetop" type="cfm-fast" waiting="0.00" lane="top_0" pos="43.49" speed="23.58" angle="196.28" x="-3.50" y="77.68"/>
        <vehicle id="cfm-slow_0" eclass="HBEFA3/PC_G_EU4" CO2="13177.78" CO="200.37" HC="1.24" NOx="5.56" PMx="0.30" fuel="5.66" electricity="0.00" noise="74.49" route="routetop" type="cfm-slow" waiting="0.00" lane="left_0" pos="8.16" speed="24.70" angle="169.73" x="-2.68" y="46.21"/>
        <vehicle id="cfm-slow_1" eclass="HBEFA3/PC_G_EU4" CO2="15914.92" CO="261.72" HC="1.59" NOx="6.82" PMx="0.38" fuel="6.84" electricity="0.00" noise="76.06" route="routetop" type="cfm-slow" waiting="0.00" lane="left_0" pos="27.99" speed="26.11" angle="134.09" x="19.91" y="10.82"/>
        <vehicle id="cfm-slow_2" eclass="HBEFA3/PC_G_EU4" CO2="18795.73" CO="329.18" HC="1.97" NOx="8.14" PMx="0.46" fuel="8.08" electricity="0.00" noise="77.65" route="routetop" type="cfm-slow" waiting="0.00" lane="left_0" pos="49.25" speed="27.79" angle="95.87" x="61.96" y="-4.91"/>
        <vehicle id="cfm-slow_3" eclass="HBEFA3/PC_G_EU4" CO2="17187.50" CO="308.11" HC="1.84" NOx="7.34" PMx="0.42" fuel="7.39" electricity="0.00" noise="77.22" route="routebottom" type="cfm-slow" waiting="0.00" lane="bottom_0" pos="22.22" speed="29.69" angle="54.48" x="107.76" y="11.12"/>
        <vehicle id="cfm-slow_4" eclass="HBEFA3/PC_G_EU4" CO2="0.00" CO="0.00" HC="0.00" NOx="0.00" PMx="0.00" fuel="0.00" electricity="0.00" noise="73.65" route="routebottom" type="cfm-slow" waiting="0.00" lane="bottom_0" pos="47.10" speed="31.11" angle="9.79" x="131.98" y="57.35"/>
        <vehicle id="cfm-slow_5" eclass="HBEFA3/PC_G_EU4" CO2="0.00" CO="0.00" HC="0.00" NOx="0.00" PMx="0.00" fuel="0.00" electricity="0.00" noise="72.20" route="routebottom" type="cfm-slow" waiting="0.00" lane="right_0" pos="23.34" speed="30.28" angle="322.46" x="114.63" y="109.58"/>
    </timestep>
    <timestep time="8.36">
        <vehicle id="cfm-fast_0" eclass="HBEFA3/PC_G_EU4" CO2="208362.30" CO="4651.08" HC="26.41" NOx="97.10" PMx="5.60" fuel="89.56" electricity="0.00" noise="140.66" route="routetop" type="cfm-fast" waiting="0.00" lane="top_1" pos="13.41" speed="53.51" angle="250.35" x="36.95" y="123.25"/>
        <vehicle id="cfm-fast_1" eclass="HBEFA3/PC_G_EU4" CO2="0.00" CO="0.00" HC="0.00" NOx="0.00" PMx="0.00" fuel="0.00" electricity="0.00" noise="69.65" route="routetop" type="cfm-fast" waiting="0.00" lane="top_0" pos="1.54" speed="23.55" angle="271.71" x="60.25" y="132.18"/>
        <vehicle id="cfm-fast_2" eclass="HBEFA3/PC_G_EU4" CO2="0.00" CO="0.00" HC="0.00" NOx="0.00" PMx="0.00" fuel="0.00" electricity="0.00" noise="70.19" route="routetop" type="cfm-fast" waiting="0.00" lane="top_0" pos="15.99" speed="22.85" angle="245.66" x="30.60" y="123.77"/>
        <vehicle id="cfm-fast_3" eclass="HBEFA3/PC_G_EU4" CO2="7694.02" CO="83.47" HC="0.57" NOx="3.02" PMx="0.15" fuel="3.31" electricity="0.00" noise="71.55" route="routetop" type="cfm-fast" waiting="0.00" lane="top_0" pos="29.79" speed="22.90" angle="220.91" x="8.44" y="104.37"/>
        <vehicle id="cfm-fast_4" eclass="HBEFA3/PC_G_EU4" CO2="0.00" CO="0.00" HC="0.00" NOx="0.00" PMx="0.00" fuel="0.00" electricity="0.00" noise="87.32" route="routebottom" type="cfm-fast" waiting="0.00" lane="bottom_1" pos="17.95" speed="85.70" angle="62.18" x="98.58" y="8.47"/>
        <vehicle id="cfm-fast_5" eclass="HBEFA3/PC_G_EU4" CO2="10762.50" CO="147.86" HC="0.94" NOx="4.45" PMx="0.24" fuel="4.63" electricity="0.00" noise="73.09" route="routetop" type="cfm-fast" waiting="0.00" lane="top_0" pos="43.72" speed="23.59" angle="195.91" x="-3.61" y="77.18"/>
        <vehicle id="cfm-slow_0" eclass="HBEFA3/PC_G_EU4" CO2="13203.18" CO="200.93" HC="1.24" NOx="5.57" PMx="0.30" fuel="5.68" electricity="0.00" noise="74.51" route="routetop" type="cfm-slow" waiting="0.00" lane="left_0" pos="8.41" speed="24.72" angle="169.27" x="-2.54" y="45.70"/>
        <vehicle id="cfm-slow_1" eclass="HBEFA3/PC_G_EU4" CO2="15942.03" CO="262.35" HC="1.59" NOx="6.83" PMx="0.38" fuel="6.85" electricity="0.00" noise="76.07" route="routetop" type="cfm-slow" waiting="0.00" lane="left_0" pos="28.25" speed="26.13" angle="133.66" x="20.34" y="10.46"/>
        <vehicle id="cfm-slow_2" eclass="HBEFA3/PC_G_EU4" CO2="18784.39" CO="329.05" HC="1.97" NOx="8.14" PMx="0.46" fuel="8.07" electricity="0.00" noise="77.65" route="routetop" type="cfm-slow" waiting="0.00" lane="left_0" pos="49.53" speed="27.81" angle="95.36" x="62.56" y="-4.93"/>
        <vehicle id="cfm-slow_3" eclass="HBEFA3/PC_G_EU4" CO2="17046.50" CO="305.31" HC="1.82" NOx="7.28" PMx="0.42" fuel="7.33" electricity="0.00" noise="77.17" route="routebottom" type="cfm-slow" waiting="0.00" lane="bottom_0" pos="22.52" speed="29.70" angle="53.92" x="108.25" y="11.53"/>
        <vehicle id="cfm-slow_4" eclass="HBEFA3/PC_G_EU4" CO2="0.00" CO="0.00" HC="0.00" NOx="0.00" PMx="0.00" fuel="0.00" electricity="0.00" noise="73.62" route="routebottom" type="cfm-slow" waiting="0.00" lane="bottom_0" pos="47.41" speed="31.10" angle="9.26" x="132.05" y="58.01"/>
        <vehicle id="cfm-slow_5" eclass="HBEFA3/PC_G_EU4" CO2="0.00" CO="0.00" HC="0.00" NOx="0.00" PMx="0.00" fuel="0.00" electricity="0.00" noise="72.19" route="routebottom" type="cfm-slow" waiting="0.00" lane="right_0" pos="23.64" speed="30.25" angle="321.91" x="114.19" y="110.06"/>
    </timestep>
    <timestep time="8.37">
        <vehicle id="cfm-fast_0" eclass="HBEFA3/PC_G_EU4" CO2="208944.02" CO="4666.76" HC="26.50" NOx="97.37" PMx="5.62" fuel="89.81" electricity="0.00" noise="140.73" route="routetop" type="cfm-fast" waiting="0.00" lane="top_1" pos="13.95" speed="53.65" angle="249.34" x="35.94" y="122.80"/>
        <vehicle id="cfm-fast_1" eclass="HBEFA3/PC_G_EU4" CO2="0.00" CO="0.00" HC="0.00" NOx="0.00" PMx="0.00" fuel="0.00" electricity="0.00" noise="69.65" route="routetop" type="cfm-fast" waiting="0.00" lane="top_0" pos="1.78" speed="23.55" angle="271.29" x="59.75" y="132.15"/>
        <vehicle id="cfm-fast_2" eclass="HBEFA3/PC_G_EU4" CO2="3764.27" CO="2.49" HC="0.10" NOx="1.16" PMx="0.05" fuel="1.62" electricity="0.00" noise="70.21" route="routetop" type="cfm-fast" waiting="0.00" lane="top_0" pos="16.22" speed="22.85" angle="245.25" x="30.17" y="123.53"/>
        <vehicle id="cfm-fast_3" eclass="HBEFA3/PC_G_EU4" CO2="7723.14" CO="84.08" HC="0.57" NOx="3.03" PMx="0.16" fuel="3.32" electricity="0.00" noise="71.56" route="routetop" type="cfm-fast" waiting="0.00" lane="top_0" pos="30.02" speed="22.90" angle="220.49" x="8.16" y="103.97"/>
        <vehicle id="cfm-fast_4" eclass="HBEFA3/PC_G_EU4" CO2="0.00" CO="0.00" HC="0.00" NOx="0.00" PMx="0.00" fuel="0.00" electricity="0.00" noise="87.30" route="routebottom" type="cfm-fast" waiting="0.00" lane="bottom_1" pos="18.81" speed="85.58" angle="60.56" x="100.04" y="9.44"/>
        <vehicle id="cfm-fast_5" eclass="HBEFA3/PC_G_EU4" CO2="10785.26" CO="148.35" HC="0.94" NOx="4.46" PMx="0.24" fuel="4.64" electricity="0.00" noise="73.11" route="routetop" type="cfm-fast" waiting="0.00" lane="top_0" pos="43.96" speed="23.60" angle="195.47" x="-3.70" y="76.68"/>
        <vehicle id="cfm-slow_0" eclass="HBEFA3/PC_G_EU4" CO2="13228.61" CO="201.50" HC="1.25" NOx="5.58" PMx="0.30" fuel="5.69" electricity="0.00" noise="74.52" route="routetop" type="cfm-slow" waiting="0.00" lane="left_0" pos="8.65" speed="24.73" angle="168.82" x="-2.40" y="45.18"/>
        <vehicle id="cfm-slow_1" eclass="HBEFA3/PC_G_EU4" CO2="15968.82" CO="262.97" HC="1.60" NOx="6.85" PMx="0.38" fuel="6.86" electricity="0.00" noise="76.09" route="routetop" type="cfm-slow" waiting="0.00" lane="left_0" pos="28.51" speed="26.14" angle="133.18" x="20.78" y="10.12"/>
        <vehicle id="cfm-slow_2" eclass="HBEFA3/PC_G_EU4" CO2="18771.91" CO="328.90" HC="1.97" NOx="8.13" PMx="0.46" fuel="8.07" electricity="0.00" noise="77.64" route="routetop" type="cfm-slow" waiting="0.00" lane="left_0" pos="49.81" speed="27.83" angle="94.86" x="63.16" y="-4.94"/>
        <vehicle id="cfm-slow_3" eclass="HBEFA3/PC_G_EU4" CO2="16904.40" CO="302.49" HC="1.80" NOx="7.21" PMx="0.42" fuel="7.27" electricity="0.00" noise="77.11" route="routebottom" type="cfm-slow" waiting="0.00" lane="bottom_0" pos="22.81" speed="29.72" angle="53.35" x="108.74" y="11.95"/>
        <vehicle id="cfm-slow_4" eclass="HBEFA3/PC_G_EU4" CO2="0.00" CO="0.00" HC="0.00" NOx="0.00" PMx="0.00" fuel="0.00" electricity="0.00" noise="73.59" route="routebottom" type="cfm-slow" waiting="0.00" lane="bottom_0" pos="47.73" speed="31.10" angle="8.70" x="132.09" y="58.68"/>
        <vehicle id="cfm-slow_5" eclass="HBEFA3/PC_G_EU4" CO2="0.00" CO="0.00" HC="0.00" NOx="0.00" PMx="0.00" fuel="0.00" electricity="0.00" noise="72.17" route="routebottom" type="cfm-slow" waiting="0.00" lane="right_0" pos="23.95" speed="30.21" angle="321.37" x="113.74" y="110.54"/>
    </timestep>
    <timestep time="8.38">
        <vehicle id="cfm-fast_0" eclass="HBEFA3/PC_G_EU4" CO2="209526.04" CO="4682.45" HC="26.59" NOx="97.64" PMx="5.64" fuel="90.06" electricity="0.00" noise="140.79" route="routetop" type="cfm-fast" waiting="0.00" lane="top_1" pos="14.48" speed="53.78" angle="248.41" x="34.95" y="122.31"/>
        <vehicle id="cfm-fast_1" eclass="HBEFA3/PC_G_EU4" CO2="0.00" CO="0.00" HC="0.00" NOx="0.00" PMx="0.00" fuel="0.00" electricity="0.00" noise="69.66" route="routetop" type="cfm-fast" waiting="0.00" lane="top_0" pos="2.01" speed="23.54" angle="270.86" x="59.24" y="132.12"/>
        <vehicle id="cfm-fast_2" eclass="HBEFA3/PC_G_EU4" CO2="3803.13" CO="3.30" HC="0.11" NOx="1.18" PMx="0.05" fuel="1.63" electricity="0.00" noise="70.22" route="routetop" type="cfm-fast" waiting="0.00" lane="top_0" pos="16.45" speed="22.85" angle="244.84" x="29.74" y="123.29"/>
        <vehicle id="cfm-fast_3" eclass="HBEFA3/PC_G_EU4" CO2="7752.20" CO="84.69" HC="0.58" NOx="3.04" PMx="0.16" fuel="3.33" electricity="0.00" noise="71.58" route="routetop" type="cfm-fast" waiting="0.00" lane="top_0" pos="30.25" speed="22.91" angle="220.06" x="7.87" y="103.57"/>
        <vehicle id="cfm-fast_4" eclass="HBEFA3/PC_G_EU4" CO2="0.00" CO="0.00" HC="0.00" NOx="0.00" PMx="0.00" fuel="0.00" electricity="0.00" noise="87.28" route="routebottom" type="cfm-fast" waiting="0.00" lane="bottom_1" pos="19.66" speed="85.45" angle="59.04" x="101.48" y="10.44"/>
        <vehicle id="cfm-fast_5" eclass="HBEFA3/PC_G_EU4" CO2="10808.05" CO="148.84" HC="0.95" NOx="4.47" PMx="0.24" fuel="4.65" electricity="0.00" noise="73.12" route="routetop" type="cfm-fast" waiting="0.00" lane="top_0" pos="44.19" speed="23.61" angle="195.03" x="-3.79" y="76.18"/>
        <vehicle id="cfm-slow_0" eclass="HBEFA3/PC_G_EU4" CO2="13254.06" CO="202.07" HC="1.25" NOx="5.60" PMx="0.30" fuel="5.70" electricity="0.00" noise="74.54" route="routetop" type="cfm-slow" waiting="0.00" lane="left_0" pos="8.90" speed="24.74" angle="168.41" x="-2.26" y="44.67"/>
        <vehicle id="cfm-slow_1" eclass="HBEFA3/PC_G_EU4" CO2="15995.27" CO="263.59" HC="1.60" NOx="6.86" PMx="0.38" fuel="6.88" electricity="0.00" noise="76.10" route="routetop" type="cfm-slow" waiting="0.00" lane="left_0" pos="28.77" speed="26.16" angle="132.69" x="21.23" y="9.77"/>
        <vehicle id="cfm-slow_2" eclass="HBEFA3/PC_G_EU4" CO2="18758.27" CO="328.72" HC="1.97" NOx="8.12" PMx="0.46" fuel="8.06" electricity="0.00" noise="77.64" route="routebottom" type="cfm-slow" waiting="0.00" lane="bottom_0" pos="0.09" speed="27.85" angle="94.32" x="63.94" y="-4.95"/>
        <vehicle id="cfm-slow_3" eclass="HBEFA3/PC_G_EU4" CO2="16761.20" CO="299.65" HC="1.79" NOx="7.14" PMx="0.41" fuel="7.20" electricity="0.00" noise="77.06" route="routebottom" type="cfm-slow" waiting="0.00" lane="bottom_0" pos="23.11" speed="29.73" angle="52.87" x="109.22" y="12.37"/>
        <vehicle id="cfm-slow_4" eclass="HBEFA3/PC_G_EU4" CO2="0.00" CO="0.00" HC="0.00" NOx="0.00" PMx="0.00" fuel="0.00" electricity="0.00" noise="73.55" route="routebottom" type="cfm-slow" waiting="0.00" lane="bottom_0" pos="48.04" speed="31.09" angle="8.12" x="132.13" y="59.35"/>
        <vehicle id="cfm-slow_5" eclass="HBEFA3/PC_G_EU4" CO2="0.00" CO="0.00" HC="0.00" NOx="0.00" PMx="0.00" fuel="0.00" electricity="0.00" noise="72.15" route="routebottom" type="cfm-slow" waiting="0.00" lane="right_0" pos="24.25" speed="30.17" angle="320.84" x="113.30" y="111.01"/>
    </timestep>
    <timestep time="8.39">
        <vehicle id="cfm-fast_0" eclass="HBEFA3/PC_G_EU4" CO2="210108.35" CO="4698.16" HC="26.67" NOx="97.91" PMx="5.65" fuel="90.31" electricity="0.00" noise="140.86" route="routetop" type="cfm-fast" waiting="0.00" lane="top_1" pos="15.02" speed="53.92" angle="247.40" x="33.96" y="121.82"/>
        <vehicle id="cfm-fast_1" eclass="HBEFA3/PC_G_EU4" CO2="0.00" CO="0.00" HC="0.00" NOx="0.00" PMx="0.00" fuel="0.00" electricity="0.00" noise="69.66" route="routetop" type="cfm-fast" waiting="0.00" lane="top_0" pos="2.25" speed="23.53" angle="270.44" x="58.74" y="132.09"/>
        <vehicle id="cfm-fast_2" eclass="HBEFA3/PC_G_EU4" CO2="3841.90" CO="4.09" HC="0.11" NOx="1.20" PMx="0.05" fuel="1.65" electricity="0.00" noise="70.23" route="routetop" type="cfm-fast" waiting="0.00" lane="top_0" pos="16.68" speed="22.85" angle="244.48" x="29.31" y="123.05"/>
        <vehicle id="cfm-fast_3" eclass="HBEFA3/PC_G_EU4" CO2="7781.21" CO="85.30" HC="0.58" NOx="3.06" PMx="0.16" fuel="3.34" electricity="0.00" noise="71.59" route="routetop" type="cfm-fast" waiting="0.00" lane="top_0" pos="30.48" speed="22.92" angle="219.63" x="7.58" y="103.17"/>
        <vehicle id="cfm-fast_4" eclass="HBEFA3/PC_G_EU4" CO2="0.00" CO="0.00" HC="0.00" NOx="0.00" PMx="0.00" fuel="0.00" electricity="0.00" noise="87.26" route="routebottom" type="cfm-fast" waiting="0.00" lane="bottom_1" pos="20.52" speed="85.33" angle="57.54" x="102.90" y="11.46"/>
        <vehicle id="cfm-fast_5" eclass="HBEFA3/PC_G_EU4" CO2="10830.87" CO="149.33" HC="0.95" NOx="4.48" PMx="0.24" fuel="4.66" electricity="0.00" noise="73.13" route="routetop" type="cfm-fast" waiting="0.00" lane="top_0" pos="44.43" speed="23.62" angle="194.59" x="-3.88" y="75.68"/>
        <vehicle id="cfm-slow_0" eclass="HBEFA3/PC_G_EU4" CO2="13279.52" CO="202.63" HC="1.25" NOx="5.61" PMx="0.30" fuel="5.71" electricity="0.00" noise="74.55" route="routetop" type="cfm-slow" waiting="0.00" lane="left_0" pos="9.15" speed="24.76" angle="167.97" x="-2.11" y="44.16"/>
        <vehicle id="cfm-slow_1" eclass="HBEFA3/PC_G_EU4" CO2="16021.38" CO="264.19" HC="1.60" NOx="6.87" PMx="0.38" fuel="6.89" electricity="0.00" noise="76.12" route="routetop" type="cfm-slow" waiting="0.00" lane="left_0" pos="29.04" speed="26.18" angle="132.21" x="21.67" y="9.42"/>
        <vehicle id="cfm-slow_2" eclass="HBEFA3/PC_G_EU4" CO2="18743.48" CO="328.52" HC="1.96" NOx="8.12" PMx="0.46" fuel="8.06" electricity="0.00" noise="77.63" route="routebottom" type="cfm-slow" waiting="0.00" lane="bottom_0" pos="0.36" speed="27.87" angle="93.81" x="64.54" y="-4.93"/>
        <vehicle id="cfm-slow_3" eclass="HBEFA3/PC_G_EU4" CO2="16616.94" CO="296.78" HC="1.77" NOx="7.07" PMx="0.41" fuel="7.14" electricity="0.00" noise="77.01" route="routebottom" type="cfm-slow" waiting="0.00" lane="bottom_0" pos="23.41" speed="29.75" angle="52.33" x="109.69" y="12.80"/>
        <vehicle id="cfm-slow_4" eclass="HBEFA3/PC_G_EU4" CO2="0.00" CO="0.00" HC="0.00" NOx="0.00" PMx="0.00" fuel="0.00" electricity="0.00" noise="73.52" route="routebottom" type="cfm-slow" waiting="0.00" lane="bottom_0" pos="48.35" speed="31.08" angle="7.53" x="132.17" y="60.02"/>
        <vehicle id="cfm-slow_5" eclass="HBEFA3/PC_G_EU4" CO2="0.00" CO="0.00" HC="0.00" NOx="0.00" PMx="0.00" fuel="0.00" electricity="0.00" noise="72.13" route="routebottom" type="cfm-slow" waiting="0.00" lane="right_0" pos="24.55" speed="30.14" angle="320.33" x="112.85" y="111.48"/>
    </timestep>
    <timestep time="8.40">
        <vehicle id="cfm-fast_0" eclass="HBEFA3/PC_G_EU4" CO2="210690.95" CO="4713.90" HC="26.76" NOx="98.19" PMx="5.67" fuel="90.57" electricity="0.00" noise="140.93" route="routetop" type="cfm-fast" waiting="0.00" lane="top_1" pos="15.56" speed="54.06" angle="246.49" x="32.98" y="121.31"/>
        <vehicle id="cfm-fast_1" eclass="HBEFA3/PC_G_EU4" CO2="0.00" CO="0.00" HC="0.00" NOx="0.00" PMx="0.00" fuel="0.00" electricity="0.00" noise="69.66" route="routetop" type="cfm-fast" waiting="0.00" lane="top_0" pos="2.48" speed="23.52" angle="270.02" x="58.23" y="132.06"/>
        <vehicle id="cfm-fast_2" eclass="HBEFA3/PC_G_EU4" CO2="3880.57" CO="4.89" HC="0.12" NOx="1.22" PMx="0.05" fuel="1.67" electricity="0.00" noise="70.24" route="routetop" type="cfm-fast" waiting="0.00" lane="top_0" pos="16.91" speed="22.85" angle="244.06" x="28.89" y="122.80"/>
        <vehicle id="cfm-fast_3" eclass="HBEFA3/PC_G_EU4" CO2="7810.17" CO="85.91" HC="0.58" NOx="3.07" PMx="0.16" fuel="3.36" electricity="0.00" noise="71.61" route="routetop" type="cfm-fast" waiting="0.00" lane="top_0" pos="30.71" speed="22.92" angle="219.24" x="7.29" y="102.77"/>
        <vehicle id="cfm-fast_4" eclass="HBEFA3/PC_G_EU4" CO2="0.00" CO="0.00" HC="0.00" NOx="0.00" PMx="0.00" fuel="0.00" electricity="0.00" noise="87.24" route="routebottom" type="cfm-fast" waiting="0.00" lane="bottom_1" pos="21.37" speed="85.21" angle="55.98" x="104.28" y="12.54"/>
        <vehicle id="cfm-fast_5" eclass="HBEFA3/PC_G_EU4" CO2="10853.72" CO="149.83" HC="0.95" NOx="4.49" PMx="0.24" fuel="4.67" electricity="0.00" noise="73.15" route="routetop" type="cfm-fast" waiting="0.00" lane="top_0" pos="44.67" speed="23.63" angle="194.15" x="-3.97" y="75.18"/>
        <vehicle id="cfm-slow_0" eclass="HBEFA3/PC_G_EU4" CO2="13305.00" CO="203.20" HC="1.26" NOx="5.62" PMx="0.31" fuel="5.72" electricity="0.00" noise="74.57" route="routetop" type="cfm-slow" waiting="0.00" lane="left_0" pos="9.40" speed="24.77" angle="167.51" x="-1.95" y="43.65"/>
        <vehicle id="cfm-slow_1" eclass="HBEFA3/PC_G_EU4" CO2="16047.15" CO="264.80" HC="1.61" NOx="6.88" PMx="0.38" fuel="6.90" electricity="0.00" noise="76.13" route="routetop" type="cfm-slow" waiting="0.00" lane="left_0" pos="29.30" speed="26.19" angle="131.72" x="22.11" y="9.07"/>
        <vehicle id="cfm-slow_2" eclass="HBEFA3/PC_G_EU4" CO2="18727.54" CO="328.30" HC="1.96" NOx="8.11" PMx="0.46" fuel="8.05" electricity="0.00" noise="77.63" route="routebottom" type="cfm-slow" waiting="0.00" lane="bottom_0" pos="0.64" speed="27.88" angle="93.31" x="65.14" y="-4.92"/>
        <vehicle id="cfm-slow_3" eclass="HBEFA3/PC_G_EU4" CO2="16471.65" CO="293.89" HC="1.75" NOx="7.00" PMx="0.40" fuel="7.08" electricity="0.00" noise="76.95" route="routebottom" type="cfm-slow" waiting="0.00" lane="bottom_0" pos="23.71" speed="29.76" angle="51.79" x="110.16" y="13.23"/>
        <vehicle id="cfm-slow_4" eclass="HBEFA3/PC_G_EU4" CO2="0.00" CO="0.00" HC="0.00" NOx="0.00" PMx="0.00" fuel="0.00" electricity="0.00" noise="73.49" route="routebottom" type="cfm-slow" waiting="0.00" lane="bottom_0" pos="48.66" speed="31.07" angle="6.96" x="132.21" y="60.68"/>
        <vehicle id="cfm-slow_5" eclass="HBEFA3/PC_G_EU4" CO2="0.00" CO="0.00" HC="0.00" NOx="0.00" PMx="0.00" fuel="0.00" electricity="0.00" noise="72.12" route="routebottom" type="cfm-slow" waiting="0.00" lane="right_0" pos="24.85" speed="30.10" angle="319.77" x="112.39" y="111.94"/>
    </timestep>
    <timestep time="8.41">
        <vehicle id="cfm-fast_0" eclass="HBEFA3/PC_G_EU4" CO2="211273.84" CO="4729.66" HC="26.84" NOx="98.46" PMx="5.69" fuel="90.82" electricity="0.00" noise="140.99" route="routetop" type="cfm-fast" waiting="0.00" lane="top_1" pos="16.11" speed="54.19" angle="245.51" x="32.00" y="120.77"/>
        <vehicle id="cfm-fast_1" eclass="HBEFA3/PC_G_EU4" CO2="0.00" CO="0.00" HC="0.00" NOx="0.00" PMx="0.00" fuel="0.00" electricity="0.00" noise="69.67" route="routetop" type="cfm-fast" waiting="0.00" lane="top_0" pos="2.72" speed="23.52" angle="269.62" x="57.73" y="132.02"/>
        <vehicle id="cfm-fast_2" eclass="HBEFA3/PC_G_EU4" CO2="3919.14" CO="5.68" HC="0.12" NOx="1.24" PMx="0.06" fuel="1.68" electricity="0.00" noise="70.25" route="routetop" type="cfm-fast" waiting="0.00" lane="top_0" pos="17.14" speed="22.85" angle="243.65" x="28.47" y="122.55"/>
        <vehicle id="cfm-fast_3" eclass="HBEFA3/PC_G_EU4" CO2="7839.08" CO="86.51" HC="0.59" NOx="3.08" PMx="0.16" fuel="3.37" electricity="0.00" noise="71.62" route="routetop" type="cfm-fast" waiting="0.00" lane="top_0" pos="30.93" speed="22.93" angle="218.85" x="7.01" y="102.36"/>
        <vehicle id="cfm-fast_4" eclass="HBEFA3/PC_G_EU4" CO2="0.00" CO="0.00" HC="0.00" NOx="0.00" PMx="0.00" fuel="0.00" electricity="0.00" noise="87.21" route="routebottom" type="cfm-fast" waiting="0.00" lane="bottom_1" pos="22.22" speed="85.09" angle="54.49" x="105.63" y="13.64"/>
        <vehicle id="cfm-fast_5" eclass="HBEFA3/PC_G_EU4" CO2="10876.59" CO="150.32" HC="0.95" NOx="4.50" PMx="0.24" fuel="4.68" electricity="0.00" noise="73.16" route="routetop" type="cfm-fast" waiting="0.00" lane="top_0" pos="44.90" speed="23.64" angle="193.78" x="-4.07" y="74.68"/>
        <vehicle id="cfm-slow_0" eclass="HBEFA3/PC_G_EU4" CO2="13330.49" CO="203.77" HC="1.26" NOx="5.63" PMx="0.31" fuel="5.73" electricity="0.00" noise="74.58" route="routetop" type="cfm-slow" waiting="0.00" lane="left_0" pos="9.64" speed="24.79" angle="167.05" x="-1.79" y="43.14"/>
        <vehicle id="cfm-slow_1" eclass="HBEFA3/PC_G_EU4" CO2="16072.56" CO="265.39" HC="1.61" NOx="6.89" PMx="0.38" fuel="6.91" electricity="0.00" noise="76.15" route="routetop" type="cfm-slow" waiting="0.00" lane="left_0" pos="29.56" speed="26.21" angle="131.30" x="22.56" y="8.73"/>
        <vehicle id="cfm-slow_2" eclass="HBEFA3/PC_G_EU4" CO2="18710.45" CO="328.05" HC="1.96" NOx="8.10" PMx="0.46" fuel="8.04" electricity="0.00" noise="77.62" route="routebottom" type="cfm-slow" waiting="0.00" lane="bottom_0" pos="0.92" speed="27.90" angle="92.80" x="65.74" y="-4.91"/>
        <vehicle id="cfm-slow_3" eclass="HBEFA3/PC_G_EU4" CO2="16325.35" CO="290.97" HC="1.74" NOx="6.93" PMx="0.40" fuel="7.02" electricity="0.00" noise="76.90" route="routebottom" type="cfm-slow" waiting="0.00" lane="bottom_0" pos="24.00" speed="29.77" angle="51.26" x="110.63" y="13.67"/>
        <vehicle id="cfm-slow_4" eclass="HBEFA3/PC_G_EU4" CO2="0.00" CO="0.00" HC="0.00" NOx="0.00" PMx="0.00" fuel="0.00" electricity="0.00" noise="73.47" route="routebottom" type="cfm-slow" waiting="0.00" lane="bottom_0" pos="48.97" speed="31.07" angle="6.43" x="132.23" y="61.35"/>
        <vehicle id="cfm-slow_5" eclass="HBEFA3/PC_G_EU4" CO2="0.00" CO="0.00" HC="0.00" NOx="0.00" PMx="0.00" fuel="0.00" electricity="0.00" noise="72.10" route="routebottom" type="cfm-slow" waiting="0.00" lane="right_0" pos="25.15" speed="30.06" angle="319.21" x="111.94" y="112.39"/>
    </timestep>
    <timestep time="8.42">
        <vehicle id="cfm-fast_0" eclass="HBEFA3/PC_G_EU4" CO2="211857.02" CO="4745.44" HC="26.93" NOx="98.73" PMx="5.70" fuel="91.07" electricity="0.00" noise="141.06" route="routetop" type="cfm-fast" waiting="0.00" lane="top_1" pos="16.65" speed="54.33" angle="244.57" x="31.03" y="120.23"/>
        <vehicle id="cfm-fast_1" eclass="HBEFA3/PC_G_EU4" CO2="0.00" CO="0.00" HC="0.00" NOx="0.00" PMx="0.00" fuel="0.00" electricity="0.00" noise="69.67" route="routetop" type="cfm-fast" waiting="0.00" lane="top_0" pos="2.95" speed="23.51" angle="269.20" x="57.22" y="131.97"/>
        <vehicle id="cfm-fast_2" eclass="HBEFA3/PC_G_EU4" CO2="3957.62" CO="6.48" HC="0.13" NOx="1.25" PMx="0.06" fuel="1.70" electricity="0.00" noise="70.26" route="routetop" type="cfm-fast" waiting="0.00" lane="top_0" pos="17.36" speed="22.85" angle="243.24" x="28.04" y="122.30"/>
        <vehicle id="cfm-fast_3" eclass="HBEFA3/PC_G_EU4" CO2="7867.94" CO="87.11" HC="0.59" NOx="3.10" PMx="0.16" fuel="3.38" electricity="0.00" noise="71.63" route="routetop" type="cfm-fast" waiting="0.00" lane="top_0" pos="31.16" speed="22.94" angle="218.44" x="6.74" y="101.95"/>
        <vehicle id="cfm-fast_4" eclass="HBEFA3/PC_G_EU4" CO2="0.00" CO="0.00" HC="0.00" NOx="0.00" PMx="0.00" fuel="0.00" electricity="0.00" noise="87.19" route="routebottom" type="cfm-fast" waiting="0.00" lane="bottom_1" pos="23.07" speed="84.97" angle="53.00" x="106.96" y="14.76"/>
        <vehicle id="cfm-fast_5" eclass="HBEFA3/PC_G_EU4" CO2="10899.50" CO="150.82" HC="0.96" NOx="4.51" PMx="0.24" fuel="4.69" electricity="0.00" noise="73.17" route="routetop" type="cfm-fast" waiting="0.00" lane="top_0" pos="45.14" speed="23.66" angle="193.35" x="-4.14" y="74.18"/>
        <vehicle id="cfm-slow_0" eclass="HBEFA3/PC_G_EU4" CO2="13355.99" CO="204.33" HC="1.26" NOx="5.64" PMx="0.31" fuel="5.74" electricity="0.00" noise="74.60" route="routetop" type="cfm-slow" waiting="0.00" lane="left_0" pos="9.89" speed="24.80" angle="166.59" x="-1.64" y="42.63"/>
        <vehicle id="cfm-slow_1" eclass="HBEFA3/PC_G_EU4" CO2="16097.61" CO="265.98" HC="1.61" NOx="6.91" PMx="0.38" fuel="6.92" electricity="0.00" noise="76.16" route="routetop" type="cfm-slow" waiting="0.00" lane="left_0" pos="29.82" speed="26.23" angle="130.82" x="23.02" y="8.40"/>
        <vehicle id="cfm-slow_2" eclass="HBEFA3/PC_G_EU4" CO2="18692.20" CO="327.78" HC="1.96" NOx="8.09" PMx="0.46" fuel="8.03" electricity="0.00" noise="77.62" route="routebottom" type="cfm-slow" waiting="0.00" lane="bottom_0" pos="1.20" speed="27.92" angle="92.30" x="66.34" y="-4.89"/>
        <vehicle id="cfm-slow_3" eclass="HBEFA3/PC_G_EU4" CO2="16178.07" CO="288.04" HC="1.72" NOx="6.86" PMx="0.40" fuel="6.95" electricity="0.00" noise="76.84" route="routebottom" type="cfm-slow" waiting="0.00" lane="bottom_0" pos="24.30" speed="29.79" angle="50.75" x="111.10" y="14.10"/>
        <vehicle id="cfm-slow_4" eclass="HBEFA3/PC_G_EU4" CO2="0.00" CO="0.00" HC="0.00" NOx="0.00" PMx="0.00" fuel="0.00" electricity="0.00" noise="73.44" route="routebottom" type="cfm-slow" waiting="0.00" lane="bottom_0" pos="49.28" speed="31.06" angle="5.85" x="132.24" y="62.02"/>
        <vehicle id="cfm-slow_5" eclass="HBEFA3/PC_G_EU4" CO2="0.00" CO="0.00" HC="0.00" NOx="0.00" PMx="0.00" fuel="0.00" electricity="0.00" noise="72.08" route="routebottom" type="cfm-slow" waiting="0.00" lane="right_0" pos="25.45" speed="30.03" angle="318.65" x="111.48" y="112.85"/>
    </timestep>
    <timestep time="8.43">
        <vehicle id="cfm-fast_0" eclass="HBEFA3/PC_G_EU4" CO2="212440.50" CO="4761.24" HC="27.02" NOx="99.01" PMx="5.72" fuel="91.32" electricity="0.00" noise="141.12" route="routetop" type="cfm-fast" waiting="0.00" lane="top_1" pos="17.19" speed="54.46" angle="243.58" x="30.07" y="119.66"/>
        <vehicle id="cfm-fast_1" eclass="HBEFA3/PC_G_EU4" CO2="0.00" CO="0.00" HC="0.00" NOx="0.00" PMx="0.00" fuel="0.00" electricity="0.00" noise="69.67" route="routetop" type="cfm-fast" waiting="0.00" lane="top_0" pos="3.19" speed="23.50" angle="268.78" x="56.72" y="131.92"/>
        <vehicle id="cfm-fast_2" eclass="HBEFA3/PC_G_EU4" CO2="3996.01" CO="7.27" HC="0.13" NOx="1.27" PMx="0.06" fuel="1.72" electricity="0.00" noise="70.27" route="routetop" type="cfm-fast" waiting="0.00" lane="top_0" pos="17.59" speed="22.85" angle="242.83" x="27.62" y="122.04"/>
        <vehicle id="cfm-fast_3" eclass="HBEFA3/PC_G_EU4" CO2="7896.74" CO="87.72" HC="0.59" NOx="3.11" PMx="0.16" fuel="3.39" electricity="0.00" noise="71.65" route="routetop" type="cfm-fast" waiting="0.00" lane="top_0" pos="31.39" speed="22.94" angle="218.03" x="6.47" y="101.54"/>
        <vehicle id="cfm-fast_4" eclass="HBEFA3/PC_G_EU4" CO2="0.00" CO="0.00" HC="0.00" NOx="0.00" PMx="0.00" fuel="0.00" electricity="0.00" noise="87.17" route="routebottom" type="cfm-fast" waiting="0.00" lane="bottom_1" pos="23.92" speed="84.86" angle="51.48" x="108.24" y="15.94"/>
        <vehicle id="cfm-fast_5" eclass="HBEFA3/PC_G_EU4" CO2="10922.44" CO="151.31" HC="0.96" NOx="4.52" PMx="0.24" fuel="4.70" electricity="0.00" noise="73.19" route="routetop" type="cfm-fast" waiting="0.00" lane="top_0" pos="45.38" speed="23.67" angle="192.91" x="-4.21" y="73.67"/>
        <vehicle id="cfm-slow_0" eclass="HBEFA3/PC_G_EU4" CO2="13381.49" CO="204.90" HC="1.27" NOx="5.66" PMx="0.31" fuel="5.75" electricity="0.00" noise="74.61" route="routetop" type="cfm-slow" waiting="0.00" lane="left_0" pos="10.14" speed="24.81" angle="166.15" x="-1.48" y="42.12"/>
        <vehicle id="cfm-slow_1" eclass="HBEFA3/PC_G_EU4" CO2="16122.29" CO="266.56" HC="1.62" NOx="6.92" PMx="0.38" fuel="6.93" electricity="0.00" noise="76.18" route="routetop" type="cfm-slow" waiting="0.00" lane="left_0" pos="30.08" speed="26.24" angle="130.34" x="23.47" y="8.07"/>
        <vehicle id="cfm-slow_2" eclass="HBEFA3/PC_G_EU4" CO2="18672.80" CO="327.49" HC="1.96" NOx="8.08" PMx="0.45" fuel="8.03" electricity="0.00" noise="77.61" route="routebottom" type="cfm-slow" waiting="0.00" lane="bottom_0" pos="1.48" speed="27.94" angle="91.81" x="66.95" y="-4.86"/>
        <vehicle id="cfm-slow_3" eclass="HBEFA3/PC_G_EU4" CO2="16029.84" CO="285.08" HC="1.70" NOx="6.79" PMx="0.39" fuel="6.89" electricity="0.00" noise="76.79" route="routebottom" type="cfm-slow" waiting="0.00" lane="bottom_0" pos="24.60" speed="29.80" angle="50.22" x="111.56" y="14.55"/>
        <vehicle id="cfm-slow_4" eclass="HBEFA3/PC_G_EU4" CO2="0.00" CO="0.00" HC="0.00" NOx="0.00" PMx="0.00" fuel="0.00" electricity="0.00" noise="73.41" route="routebottom" type="cfm-slow" waiting="0.00" lane="bottom_0" pos="49.59" speed="31.05" angle="5.27" x="132.25" y="62.69"/>
        <vehicle id="cfm-slow_5" eclass="HBEFA3/PC_G_EU4" CO2="0.00" CO="0.00" HC="0.00" NOx="0.00" PMx="0.00" fuel="0.00" electricity="0.00" noise="72.06" route="routebottom" type="cfm-slow" waiting="0.00" lane="right_0" pos="25.75" speed="29.99" angle="318.16" x="111.02" y="113.30"/>
    </timestep>
    <timestep time="8.44">
        <vehicle id="cfm-fast_0" eclass="HBEFA3/PC_G_EU4" CO2="213024.26" CO="4777.06" HC="27.11" NOx="99.28" PMx="5.74" fuel="91.57" electricity="0.00" noise="141.19" route="routetop" type="cfm-fast" waiting="0.00" lane="top_1" pos="17.74" speed="54.60" angle="242.58" x="29.11" y="119.09"/>
        <vehicle id="cfm-fast_1" eclass="HBEFA3/PC_G_EU4" CO2="0.00" CO="0.00" HC="0.00" NOx="0.00" PMx="0.00" fuel="0.00" electricity="0.00" noise="69.67" route="routetop" type="cfm-fast" waiting="0.00" lane="top_0" pos="3.42" speed="23.50" angle="268.36" x="56.22" y="131.86"/>
        <vehicle id="cfm-fast_2" eclass="HBEFA3/PC_G_EU4" CO2="4034.31" CO="8.06" HC="0.14" NOx="1.29" PMx="0.06" fuel="1.73" electricity="0.00" noise="70.28" route="routetop" type="cfm-fast" waiting="0.00" lane="top_0" pos="17.82" speed="22.85" angle="242.43" x="27.20" y="121.79"/>
        <vehicle id="cfm-fast_3" eclass="HBEFA3/PC_G_EU4" CO2="7925.50" CO="88.32" HC="0.60" NOx="3.12" PMx="0.16" fuel="3.41" electricity="0.00" noise="71.66" route="routetop" type="cfm-fast" waiting="0.00" lane="top_0" pos="31.62" speed="22.95" angle="217.61" x="6.19" y="101.13"/>
        <vehicle id="cfm-fast_4" eclass="HBEFA3/PC_G_EU4" CO2="0.00" CO="0.00" HC="0.00" NOx="0.00" PMx="0.00" fuel="0.00" electricity="0.00" noise="87.15" route="routebottom" type="cfm-fast" waiting="0.00" lane="bottom_1" pos="24.76" speed="84.74" angle="49.97" x="109.49" y="17.15"/>
        <vehicle id="cfm-fast_5" eclass="HBEFA3/PC_G_EU4" CO2="10945.41" CO="151.81" HC="0.96" NOx="4.53" PMx="0.24" fuel="4.70" electricity="0.00" noise="73.20" route="routetop" type="cfm-fast" waiting="0.00" lane="top_0" pos="45.61" speed="23.68" angle="192.48" x="-4.28" y="73.17"/>
        <vehicle id="cfm-slow_0" eclass="HBEFA3/PC_G_EU4" CO2="13406.99" CO="205.47" HC="1.27" NOx="5.67" PMx="0.31" fuel="5.76" electricity="0.00" noise="74.63" route="routetop" type="cfm-slow" waiting="0.00" lane="left_0" pos="10.39" speed="24.83" angle="165.74" x="-1.31" y="41.61"/>
        <vehicle id="cfm-slow_1" eclass="HBEFA3/PC_G_EU4" CO2="16146.60" CO="267.13" HC="1.62" NOx="6.93" PMx="0.38" fuel="6.94" electricity="0.00" noise="76.19" route="routetop" type="cfm-slow" waiting="0.00" lane="left_0" pos="30.35" speed="26.26" angle="129.86" x="23.93" y="7.74"/>
        <vehicle id="cfm-slow_2" eclass="HBEFA3/PC_G_EU4" CO2="18652.25" CO="327.17" HC="1.96" NOx="8.07" PMx="0.45" fuel="8.02" electricity="0.00" noise="77.60" route="routebottom" type="cfm-slow" waiting="0.00" lane="bottom_0" pos="1.76" speed="27.96" angle="91.31" x="67.55" y="-4.82"/>
        <vehicle id="cfm-slow_3" eclass="HBEFA3/PC_G_EU4" CO2="15880.68" CO="282.10" HC="1.68" NOx="6.72" PMx="0.39" fuel="6.83" electricity="0.00" noise="76.74" route="routebottom" type="cfm-slow" waiting="0.00" lane="bottom_0" pos="24.90" speed="29.81" angle="49.67" x="112.02" y="15.01"/>
        <vehicle id="cfm-slow_4" eclass="HBEFA3/PC_G_EU4" CO2="0.00" CO="0.00" HC="0.00" NOx="0.00" PMx="0.00" fuel="0.00" electricity="0.00" noise="73.38" route="routebottom" type="cfm-slow" waiting="0.00" lane="bottom_0" pos="49.90" speed="31.04" angle="4.69" x="132.27" y="63.35"/>
        <vehicle id="cfm-slow_5" eclass="HBEFA3/PC_G_EU4" CO2="0.00" CO="0.00" HC="0.00" NOx="0.00" PMx="0.00" fuel="0.00" electricity="0.00" noise="72.05" route="routebottom" type="cfm-slow" waiting="0.00" lane="right_0" pos="26.05" speed="29.95" angle="317.61" x="110.54" y="113.74"/>
    </timestep>
    <timestep time="8.45">
        <vehicle id="cfm-fast_0" eclass="HBEFA3/PC_G_EU4" CO2="213608.32" CO="4792.91" HC="27.19" NOx="99.55" PMx="5.75" fuel="91.82" electricity="0.00" noise="141.25" route="routetop" type="cfm-fast" waiting="0.00" lane="top_1" pos="18.29" speed="54.74" angle="241.61" x="28.17" y="118.48"/>
        <vehicle id="cfm-fast_1" eclass="HBEFA3/PC_G_EU4" CO2="0.00" CO="0.00" HC="0.00" NOx="0.00" PMx="0.00" fuel="0.00" electricity="0.00" noise="69.68" route="routetop" type="cfm-fast" waiting="0.00" lane="top_0" pos="3.66" speed="23.49" angle="267.94" x="55.72" y="131.81"/>
        <vehicle id="cfm-fast_2" eclass="HBEFA3/PC_G_EU4" CO2="4072.51" CO="8.84" HC="0.14" NOx="1.31" PMx="0.06" fuel="1.75" electricity="0.00" noise="70.29" route="routetop" type="cfm-fast" waiting="0.00" lane="top_0" pos="18.05" speed="22.85" angle="242.05" x="26.79" y="121.53"/>
        <vehicle id="cfm-fast_3" eclass="HBEFA3/PC_G_EU4" CO2="7954.21" CO="88.92" HC="0.60" NOx="3.14" PMx="0.16" fuel="3.42" electricity="0.00" noise="71.68" route="routetop" type="cfm-fast" waiting="0.00" lane="top_0" pos="31.85" speed="22.96" angle="217.20" x="5.92" y="100.72"/>
        <vehicle id="cfm-fast_4" eclass="HBEFA3/PC_G_EU4" CO2="0.00" CO="0.00" HC="0.00" NOx="0.00" PMx="0.00" fuel="0.00" electricity="0.00" noise="87.13" route="routebottom" type="cfm-fast" waiting="0.00" lane="bottom_1" pos="25.61" speed="84.62" angle="48.42" x="110.72" y="18.38"/>
        <vehicle id="cfm-fast_5" eclass="HBEFA3/PC_G_EU4" CO2="10968.40" CO="152.31" HC="0.97" NOx="4.54" PMx="0.24" fuel="4.71" electricity="0.00" noise="73.21" route="routetop" type="cfm-fast" waiting="0.00" lane="top_0" pos="45.85" speed="23.69" angle="192.04" x="-4.35" y="72.66"/>
        <vehicle id="cfm-slow_0" eclass="HBEFA3/PC_G_EU4" CO2="13432.49" CO="206.04" HC="1.27" NOx="5.68" PMx="0.31" fuel="5.77" electricity="0.00" noise="74.64" route="routetop" type="cfm-slow" waiting="0.00" lane="left_0" pos="10.64" speed="24.84" angle="165.28" x="-1.13" y="41.11"/>
        <vehicle id="cfm-slow_1" eclass="HBEFA3/PC_G_EU4" CO2="16170.52" CO="267.69" HC="1.62" NOx="6.94" PMx="0.38" fuel="6.95" electricity="0.00" noise="76.21" route="routetop" type="cfm-slow" waiting="0.00" lane="left_0" pos="30.61" speed="26.28" angle="129.38" x="24.39" y="7.41"/>
        <vehicle id="cfm-slow_2" eclass="HBEFA3/PC_G_EU4" CO2="18630.55" CO="326.83" HC="1.95" NOx="8.06" PMx="0.45" fuel="8.01" electricity="0.00" noise="77.59" route="routebottom" type="cfm-slow" waiting="0.00" lane="bottom_0" pos="2.04" speed="27.98" angle="90.81" x="68.15" y="-4.79"/>
        <vehicle id="cfm-slow_3" eclass="HBEFA3/PC_G_EU4" CO2="15730.63" CO="279.11" HC="1.67" NOx="6.65" PMx="0.38" fuel="6.76" electricity="0.00" noise="76.68" route="routebottom" type="cfm-slow" waiting="0.00" lane="bottom_0" pos="25.20" speed="29.83" angle="49.12" x="112.47" y="15.46"/>
        <vehicle id="cfm-slow_4" eclass="HBEFA3/PC_G_EU4" CO2="0.00" CO="0.00" HC="0.00" NOx="0.00" PMx="0.00" fuel="0.00" electricity="0.00" noise="73.36" route="routebottom" type="cfm-slow" waiting="0.00" lane="right_0" pos="0.21" speed="31.03" angle="4.09" x="132.26" y="64.21"/>
        <vehicle id="cfm-slow_5" eclass="HBEFA3/PC_G_EU4" CO2="0.00" CO="0.00" HC="0.00" NOx="0.00" PMx="0.00" fuel="0.00" electricity="0.00" noise="72.03" route="routebottom" type="cfm-slow" waiting="0.00" lane="right_0" pos="26.35" speed="29.92" angle="317.07" x="110.07" y="114.18"/>
    </timestep>
    <timestep time="8.46">
        <vehicle id="cfm-fast_0" eclass="HBEFA3/PC_G_EU4" CO2="214192.67" CO="4808.77" HC="27.28" NOx="99.83" PMx="5.77" fuel="92.07" electricity="0.00" noise="141.32" route="routetop" type="cfm-fast" waiting="0.00" lane="top_1" pos="18.84" speed="54.87" angle="240.57" x="27.23" y="117.86"/>
        <vehicle id="cfm-fast_1" eclass="HBEFA3/PC_G_EU4" CO2="0.00" CO="0.00" HC="0.00" NOx="0.00" PMx="0.00" fuel="0.00" electricity="0.00" noise="69.68" route="routetop" type="cfm-fast" waiting="0.00" lane="top_0" pos="3.89" speed="23.48" angle="267.53" x="55.21" y="131.75"/>
        <vehicle id="cfm-fast_2" eclass="HBEFA3/PC_G_EU4" CO2="4110.62" CO="9.63" HC="0.14" NOx="1.33" PMx="0.06" fuel="1.77" electricity="0.00" noise="70.30" route="routetop" type="cfm-fast" waiting="0.00" lane="top_0" pos="18.28" speed="22.85" angle="241.61" x="26.38" y="121.26"/>
        <vehicle id="cfm-fast_3" eclass="HBEFA3/PC_G_EU4" CO2="7982.87" CO="89.52" HC="0.60" NOx="3.15" PMx="0.16" fuel="3.43" electricity="0.00" noise="71.69" route="routetop" type="cfm-fast" waiting="0.00" lane="top_0" pos="32.08" speed="22.96" angle="216.84" x="5.65" y="100.30"/>
        <vehicle id="cfm-fast_4" eclass="HBEFA3/PC_G_EU4" CO2="0.00" CO="0.00" HC="0.00" NOx="0.00" PMx="0.00" fuel="0.00" electricity="0.00" noise="87.11" route="routebottom" type="cfm-fast" waiting="0.00" lane="bottom_1" pos="26.46" speed="84.50" angle="46.89" x="111.90" y="19.65"/>
        <vehicle id="cfm-fast_5" eclass="HBEFA3/PC_G_EU4" CO2="10991.43" CO="152.81" HC="0.97" NOx="4.55" PMx="0.24" fuel="4.72" electricity="0.00" noise="73.23" route="routetop" type="cfm-fast" waiting="0.00" lane="top_0" pos="46.09" speed="23.70" angle="191.61" x="-4.42" y="72.16"/>
        <vehicle id="cfm-slow_0" eclass="HBEFA3/PC_G_EU4" CO2="13457.98" CO="206.61" HC="1.28" NOx="5.69" PMx="0.31" fuel="5.78" electricity="0.00" noise="74.66" route="routetop" type="cfm-slow" waiting="0.00" lane="left_0" pos="10.89" speed="24.86" angle="164.82" x="-0.95" y="40.61"/>
        <vehicle id="cfm-slow_1" eclass="HBEFA3/PC_G_EU4" CO2="16194.05" CO="268.25" HC="1.63" NOx="6.95" PMx="0.38" fuel="6.96" electricity="0.00" noise="76.22" route="routetop" type="cfm-slow" waiting="0.00" lane="left_0" pos="30.87" speed="26.29" angle="128.96" x="24.85" y="7.08"/>
        <vehicle id="cfm-slow_2" eclass="HBEFA3/PC_G_EU4" CO2="18607.70" CO="326.47" HC="1.95" NOx="8.05" PMx="0.45" fuel="8.00" electricity="0.00" noise="77.58" route="routebottom" type="cfm-slow" waiting="0.00" lane="bottom_0" pos="2.32" speed="28.00" angle="90.31" x="68.75" y="-4.76"/>
        <vehicle id="cfm-slow_3" eclass="HBEFA3/PC_G_EU4" CO2="15579.70" CO="276.09" HC="1.65" NOx="6.58" PMx="0.38" fuel="6.70" electricity="0.00" noise="76.63" route="routebottom" type="cfm-slow" waiting="0.00" lane="bottom_0" pos="25.50" speed="29.84" angle="48.56" x="112.92" y="15.91"/>
        <vehicle id="cfm-slow_4" eclass="HBEFA3/PC_G_EU4" CO2="0.00" CO="0.00" HC="0.00" NOx="0.00" PMx="0.00" fuel="0.00" electricity="0.00" noise="73.33" route="routebottom" type="cfm-slow" waiting="0.00" lane="right_0" pos="0.52" speed="31.02" angle="3.53" x="132.25" y="64.88"/>
        <vehicle id="cfm-slow_5" eclass="HBEFA3/PC_G_EU4" CO2="0.00" CO="0.00" HC="0.00" NOx="0.00" PMx="0.00" fuel="0.00" electricity="0.00" noise="72.01" route="routebottom" type="cfm-slow" waiting="0.00" lane="right_0" pos="26.65" speed="29.88" angle="316.52" x="109.60" y="114.61"/>
    </timestep>
    <timestep time="8.47">
        <vehicle id="cfm-fast_0" eclass="HBEFA3/PC_G_EU4" CO2="214777.32" CO="4824.66" HC="27.37" NOx="100.10" PMx="5.79" fuel="92.32" electricity="0.00" noise="141.39" route="routetop" type="cfm-fast" waiting="0.00" lane="top_1" pos="19.39" speed="55.01" angle="239.59" x="26.30" y="117.22"/>
        <vehicle id="cfm-fast_1" eclass="HBEFA3/PC_G_EU4" CO2="0.00" CO="0.00" HC="0.00" NOx="0.00" PMx="0.00" fuel="0.00" electricity="0.00" noise="69.68" route="routetop" type="cfm-fast" waiting="0.00" lane="top_0" pos="4.13" speed="23.48" angle="267.11" x="54.71" y="131.68"/>
        <vehicle id="cfm-fast_2" eclass="HBEFA3/PC_G_EU4" CO2="4148.64" CO="10.41" HC="0.15" NOx="1.34" PMx="0.06" fuel="1.78" electricity="0.00" noise="70.32" route="routetop" type="cfm-fast" waiting="0.00" lane="top_0" pos="18.51" speed="22.85" angle="241.16" x="25.97" y="120.98"/>
        <vehicle id="cfm-fast_3" eclass="HBEFA3/PC_G_EU4" CO2="8011.48" CO="90.12" HC="0.61" NOx="3.16" PMx="0.16" fuel="3.44" electricity="0.00" noise="71.70" route="routetop" type="cfm-fast" waiting="0.00" lane="top_0" pos="32.31" speed="22.97" angle="216.41" x="5.39" y="99.88"/>
        <vehicle id="cfm-fast_4" eclass="HBEFA3/PC_G_EU4" CO2="0.00" CO="0.00" HC="0.00" NOx="0.00" PMx="0.00" fuel="0.00" electricity="0.00" noise="87.09" route="routebottom" type="cfm-fast" waiting="0.00" lane="bottom_1" pos="27.30" speed="84.39" angle="45.38" x="113.05" y="20.94"/>
        <vehicle id="cfm-fast_5" eclass="HBEFA3/PC_G_EU4" CO2="11014.48" CO="153.30" HC="0.97" NOx="4.56" PMx="0.24" fuel="4.73" electricity="0.00" noise="73.24" route="routetop" type="cfm-fast" waiting="0.00" lane="top_0" pos="46.32" speed="23.71" angle="191.22" x="-4.48" y="71.65"/>
        <vehicle id="cfm-slow_0" eclass="HBEFA3/PC_G_EU4" CO2="13483.47" CO="207.18" HC="1.28" NOx="5.70" PMx="0.31" fuel="5.80" electricity="0.00" noise="74.67" route="routetop" type="cfm-slow" waiting="0.00" lane="left_0" pos="11.14" speed="24.87" angle="164.36" x="-0.77" y="40.10"/>
        <vehicle id="cfm-slow_1" eclass="HBEFA3/PC_G_EU4" CO2="16217.18" CO="268.80" HC="1.63" NOx="6.96" PMx="0.39" fuel="6.97" electricity="0.00" noise="76.23" route="routetop" type="cfm-slow" waiting="0.00" lane="left_0" pos="31.14" speed="26.31" angle="128.48" x="25.33" y="6.77"/>
        <vehicle id="cfm-slow_2" eclass="HBEFA3/PC_G_EU4" CO2="18583.69" CO="326.08" HC="1.95" NOx="8.04" PMx="0.45" fuel="7.99" electricity="0.00" noise="77.58" route="routebottom" type="cfm-slow" waiting="0.00" lane="bottom_0" pos="2.60" speed="28.01" angle="89.83" x="69.35" y="-4.71"/>
        <vehicle id="cfm-slow_3" eclass="HBEFA3/PC_G_EU4" CO2="15427.92" CO="273.06" HC="1.63" NOx="6.51" PMx="0.38" fuel="6.63" electricity="0.00" noise="76.57" route="routebottom" type="cfm-slow" waiting="0.00" lane="bottom_0" pos="25.79" speed="29.85" angle="48.07" x="113.37" y="16.38"/>
        <vehicle id="cfm-slow_4" eclass="HBEFA3/PC_G_EU4" CO2="0.00" CO="0.00" HC="0.00" NOx="0.00" PMx="0.00" fuel="0.00" electricity="0.00" noise="73.31" route="routebottom" type="cfm-slow" waiting="0.00" lane="right_0" pos="0.83" speed="31.01" angle="2.96" x="132.24" y="65.55"/>
        <vehicle id="cfm-slow_5" eclass="HBEFA3/PC_G_EU4" CO2="0.00" CO="0.00" HC="0.00" NOx="0.00" PMx="0.00" fuel="0.00" electricity="0.00" noise="71.99" route="routebottom" type="cfm-slow" waiting="0.00" lane="right_0" pos="26.95" speed="29.84" angle="316.04" x="109.13" y="115.05"/>
    </timestep>
    <timestep time="8.48">
        <vehicle id="cfm-fast_0" eclass="HBEFA3/PC_G_EU4" CO2="215362.25" CO="4840.57" HC="27.45" NOx="100.37" PMx="5.81" fuel="92.57" electricity="0.00" noise="141.45" route="routetop" type="cfm-fast" waiting="0.00" lane="top_1" pos="19.94" speed="55.15" angle="238.56" x="25.38" y="116.56"/>
        <vehicle id="cfm-fast_1" eclass="HBEFA3/PC_G_EU4" CO2="0.00" CO="0.00" HC="0.00" NOx="0.00" PMx="0.00" fuel="0.00" electricity="0.00" noise="69.69" route="routetop" type="cfm-fast" waiting="0.00" lane="top_0" pos="4.36" speed="23.47" angle="266.69" x="54.21" y="131.61"/>
        <vehicle id="cfm-fast_2" eclass="HBEFA3/PC_G_EU4" CO2="4186.56" CO="11.20" HC="0.15" NOx="1.36" PMx="0.06" fuel="1.80" electricity="0.00" noise="70.33" route="routetop" type="cfm-fast" waiting="0.00" lane="top_0" pos="18.74" speed="22.85" angle="240.72" x="25.56" y="120.71"/>
        <vehicle id="cfm-fast_3" eclass="HBEFA3/PC_G_EU4" CO2="8040.05" CO="90.72" HC="0.61" NOx="3.18" PMx="0.16" fuel="3.46" electricity="0.00" noise="71.72" route="routetop" type="cfm-fast" waiting="0.00" lane="top_0" pos="32.54" speed="22.98" angle="215.97" x="5.14" y="99.46"/>
        <vehicle id="cfm-fast_4" eclass="HBEFA3/PC_G_EU4" CO2="0.00" CO="0.00" HC="0.00" NOx="0.00" PMx="0.00" fuel="0.00" electricity="0.00" noise="87.07" route="routebottom" type="cfm-fast" waiting="0.00" lane="bottom_1" pos="28.14" speed="84.27" angle="43.81" x="114.16" y="22.26"/>
        <vehicle id="cfm-fast_5" eclass="HBEFA3/PC_G_EU4" CO2="11037.56" CO="153.80" HC="0.97" NOx="4.57" PMx="0.24" fuel="4.74" electricity="0.00" noise="73.26" route="routetop" type="cfm-fast" waiting="0.00" lane="top_0" pos="46.56" speed="23.72" angle="190.79" x="-4.53" y="71.14"/>
        <vehicle id="cfm-slow_0" eclass="HBEFA3/PC_G_EU4" CO2="13508.94" CO="207.75" HC="1.28" NOx="5.71" PMx="0.31" fuel="5.81" electricity="0.00" noise="74.69" route="routetop" type="cfm-slow" waiting="0.00" lane="left_0" pos="11.38" speed="24.89" angle="163.90" x="-0.59" y="39.60"/>
        <vehicle id="cfm-slow_1" eclass="HBEFA3/PC_G_EU4" CO2="16239.91" CO="269.34" HC="1.63" NOx="6.97" PMx="0.39" fuel="6.98" electricity="0.00" noise="76.25" route="routetop" type="cfm-slow" waiting="0.00" lane="left_0" pos="31.40" speed="26.33" angle="128.01" x="25.80" y="6.46"/>
        <vehicle id="cfm-slow_2" eclass="HBEFA3/PC_G_EU4" CO2="18558.54" CO="325.66" HC="1.95" NOx="8.03" PMx="0.45" fuel="7.98" electricity="0.00" noise="77.57" route="routebottom" type="cfm-slow" waiting="0.00" lane="bottom_0" pos="2.88" speed="28.03" angle="89.33" x="69.95" y="-4.65"/>
        <vehicle id="cfm-slow_3" eclass="HBEFA3/PC_G_EU4" CO2="15275.33" CO="270.01" HC="1.61" NOx="6.44" PMx="0.37" fuel="6.57" electricity="0.00" noise="76.52" route="routebottom" type="cfm-slow" waiting="0.00" lane="bottom_0" pos="26.09" speed="29.86" angle="47.53" x="113.80" y="16.85"/>
        <vehicle id="cfm-slow_4" eclass="HBEFA3/PC_G_EU4" CO2="0.00" CO="0.00" HC="0.00" NOx="0.00" PMx="0.00" fuel="0.00" electricity="0.00" noise="73.28" route="routebottom" type="cfm-slow" waiting="0.00" lane="right_0" pos="1.14" speed="31.00" angle="2.40" x="132.22" y="66.21"/>
        <vehicle id="cfm-slow_5" eclass="HBEFA3/PC_G_EU4" CO2="0.00" CO="0.00" HC="0.00" NOx="0.00" PMx="0.00" fuel="0.00" electricity="0.00" noise="71.98" route="routebottom" type="cfm-slow" waiting="0.00" lane="right_0" pos="27.24" speed="29.81" angle="315.48" x="108.64" y="115.46"/>
    </timestep>
    <timestep time="8.49">
        <vehicle id="cfm-fast_0" eclass="HBEFA3/PC_G_EU4" CO2="215947.48" CO="4856.50" HC="27.54" NOx="100.65" PMx="5.82" fuel="92.82" electricity="0.00" noise="141.52" route="routetop" type="cfm-fast" waiting="0.00" lane="top_1" pos="20.49" speed="55.28" angle="237.58" x="24.46" y="115.89"/>
        <vehicle id="cfm-fast_1" eclass="HBEFA3/PC_G_EU4" CO2="0.00" CO="0.00" HC="0.00" NOx="0.00" PMx="0.00" fuel="0.00" electricity="0.00" noise="69.69" route="routetop" type="cfm-fast" waiting="0.00" lane="top_0" pos="4.60" speed="23.46" angle="266.26" x="53.71" y="131.54"/>
        <vehicle id="cfm-fast_2" eclass="HBEFA3/PC_G_EU4" CO2="4224.40" CO="11.98" HC="0.16" NOx="1.38" PMx="0.06" fuel="1.82" electricity="0.00" noise="70.34" route="routetop" type="cfm-fast" waiting="0.00" lane="top_0" pos="18.96" speed="22.85" angle="240.27" x="25.15" y="120.44"/>
        <vehicle id="cfm-fast_3" eclass="HBEFA3/PC_G_EU4" CO2="8068.57" CO="91.32" HC="0.61" NOx="3.19" PMx="0.16" fuel="3.47" electricity="0.00" noise="71.73" route="routetop" type="cfm-fast" waiting="0.00" lane="top_0" pos="32.77" speed="22.99" angle="215.54" x="4.88" y="99.03"/>
        <vehicle id="cfm-fast_4" eclass="HBEFA3/PC_G_EU4" CO2="0.00" CO="0.00" HC="0.00" NOx="0.00" PMx="0.00" fuel="0.00" electricity="0.00" noise="87.05" route="routebottom" type="cfm-fast" waiting="0.00" lane="bottom_1" pos="28.98" speed="84.16" angle="42.28" x="115.23" y="23.61"/>
        <vehicle id="cfm-fast_5" eclass="HBEFA3/PC_G_EU4" CO2="11060.66" CO="154.30" HC="0.98" NOx="4.58" PMx="0.24" fuel="4.75" electricity="0.00" noise="73.27" route="routetop" type="cfm-fast" waiting="0.00" lane="top_0" pos="46.80" speed="23.74" angle="190.35" x="-4.58" y="70.64"/>
        <vehicle id="cfm-slow_0" eclass="HBEFA3/PC_G_EU4" CO2="13534.40" CO="208.32" HC="1.28" NOx="5.73" PMx="0.31" fuel="5.82" electricity="0.00" noise="74.70" route="routetop" type="cfm-slow" waiting="0.00" lane="left_0" pos="11.63" speed="24.90" angle="163.51" x="-0.40" y="39.10"/>
        <vehicle id="cfm-slow_1" eclass="HBEFA3/PC_G_EU4" CO2="16262.23" CO="269.87" HC="1.63" NOx="6.98" PMx="0.39" fuel="6.99" electricity="0.00" noise="76.26" route="routetop" type="cfm-slow" waiting="0.00" lane="left_0" pos="31.66" speed="26.34" angle="127.53" x="26.27" y="6.14"/>
        <vehicle id="cfm-slow_2" eclass="HBEFA3/PC_G_EU4" CO2="18532.24" CO="325.23" HC="1.94" NOx="8.01" PMx="0.45" fuel="7.97" electricity="0.00" noise="77.56" route="routebottom" type="cfm-slow" waiting="0.00" lane="bottom_0" pos="3.16" speed="28.05" angle="88.82" x="70.55" y="-4.59"/>
        <vehicle id="cfm-slow_3" eclass="HBEFA3/PC_G_EU4" CO2="15121.94" CO="266.94" HC="1.60" NOx="6.36" PMx="0.37" fuel="6.50" electricity="0.00" noise="76.47" route="routebottom" type="cfm-slow" waiting="0.00" lane="bottom_0" pos="26.39" speed="29.88" angle="46.98" x="114.24" y="17.32"/>
        <vehicle id="cfm-slow_4" eclass="HBEFA3/PC_G_EU4" CO2="0.00" CO="0.00" HC="0.00" NOx="0.00" PMx="0.00" fuel="0.00" electricity="0.00" noise="73.26" route="routebottom" type="cfm-slow" waiting="0.00" lane="right_0" pos="1.45" speed="30.99" angle="1.87" x="132.19" y="66.88"/>
        <vehicle id="cfm-slow_5" eclass="HBEFA3/PC_G_EU4" CO2="0.00" CO="0.00" HC="0.00" NOx="0.00" PMx="0.00" fuel="0.00" electricity="0.00" noise="71.96" route="routebottom" type="cfm-slow" waiting="0.00" lane="right_0" pos="27.54" speed="29.77" angle="314.92" x="108.15" y="115.88"/>
    </timestep>
    <timestep time="8.50">
        <vehicle id="cfm-fast_0" eclass="HBEFA3/PC_G_EU4" CO2="216533.00" CO="4872.45" HC="27.63" NOx="100.92" PMx="5.84" fuel="93.08" electricity="0.00" noise="141.58" route="routetop" type="cfm-fast" waiting="0.00" lane="top_1" pos="21.04" speed="55.42" angle="236.59" x="23.57" y="115.19"/>
        <vehicle id="cfm-fast_1" eclass="HBEFA3/PC_G_EU4" CO2="0.00" CO="0.00" HC="0.00" NOx="0.00" PMx="0.00" fuel="0.00" electricity="0.00" noise="69.69" route="routetop" type="cfm-fast" waiting="0.00" lane="top_0" pos="4.83" speed="23.46" angle="265.84" x="53.21" y="131.47"/>
        <vehicle id="cfm-fast_2" eclass="HBEFA3/PC_G_EU4" CO2="4262.14" CO="12.75" HC="0.16" NOx="1.40" PMx="0.06" fuel="1.83" electricity="0.00" noise="70.35" route="routetop" type="cfm-fast" waiting="0.00" lane="top_0" pos="19.19" speed="22.85" angle="239.89" x="24.74" y="120.16"/>
        <vehicle id="cfm-fast_3" eclass="HBEFA3/PC_G_EU4" CO2="8097.04" CO="91.92" HC="0.62" NOx="3.20" PMx="0.17" fuel="3.48" electricity="0.00" noise="71.75" route="routetop" type="cfm-fast" waiting="0.00" lane="top_0" pos="33.00" speed="22.99" angle="215.10" x="4.63" y="98.61"/>
        <vehicle id="cfm-fast_4" eclass="HBEFA3/PC_G_EU4" CO2="0.00" CO="0.00" HC="0.00" NOx="0.00" PMx="0.00" fuel="0.00" electricity="0.00" noise="87.03" route="routebottom" type="cfm-fast" waiting="0.00" lane="bottom_1" pos="29.82" speed="84.04" angle="40.80" x="116.27" y="24.99"/>
        <vehicle id="cfm-fast_5" eclass="HBEFA3/PC_G_EU4" CO2="11083.80" CO="154.81" HC="0.98" NOx="4.60" PMx="0.24" fuel="4.76" electricity="0.00" noise="73.28" route="routetop" type="cfm-fast" waiting="0.00" lane="top_0" pos="47.04" speed="23.75" angle="189.92" x="-4.63" y="70.13"/>
        <vehicle id="cfm-slow_0" eclass="HBEFA3/PC_G_EU4" CO2="13559.84" CO="208.88" HC="1.29" NOx="5.74" PMx="0.31" fuel="5.83" electricity="0.00" noise="74.72" route="routetop" type="cfm-slow" waiting="0.00" lane="left_0" pos="11.88" speed="24.91" angle="163.07" x="-0.20" y="38.60"/>
        <vehicle id="cfm-slow_1" eclass="HBEFA3/PC_G_EU4" CO2="16284.14" CO="270.40" HC="1.64" NOx="6.99" PMx="0.39" fuel="7.00" electricity="0.00" noise="76.27" route="routetop" type="cfm-slow" waiting="0.00" lane="left_0" pos="31.93" speed="26.36" angle="127.06" x="26.74" y="5.83"/>
        <vehicle id="cfm-slow_2" eclass="HBEFA3/PC_G_EU4" CO2="18504.79" CO="324.77" HC="1.94" NOx="8.00" PMx="0.45" fuel="7.95" electricity="0.00" noise="77.54" route="routebottom" type="cfm-slow" waiting="0.00" lane="bottom_0" pos="3.44" speed="28.07" angle="88.32" x="71.15" y="-4.53"/>
        <vehicle id="cfm-slow_3" eclass="HBEFA3/PC_G_EU4" CO2="14967.79" CO="263.85" HC="1.58" NOx="6.29" PMx="0.37" fuel="6.43" electricity="0.00" noise="76.41" route="routebottom" type="cfm-slow" waiting="0.00" lane="bottom_0" pos="26.69" speed="29.89" angle="46.44" x="114.68" y="17.79"/>
        <vehicle id="cfm-slow_4" eclass="HBEFA3/PC_G_EU4" CO2="0.00" CO="0.00" HC="0.00" NOx="0.00" PMx="0.00" fuel="0.00" electricity="0.00" noise="73.23" route="routebottom" type="cfm-slow" waiting="0.00" lane="right_0" pos="1.76" speed="30.98" angle="1.31" x="132.15" y="67.55"/>
        <vehicle id="cfm-slow_5" eclass="HBEFA3/PC_G_EU4" CO2="0.00" CO="0.00" HC="0.00" NOx="0.00" PMx="0.00" fuel="0.00" electricity="0.00" noise="71.94" route="routebottom" type="cfm-slow" waiting="0.00" lane="right_0" pos="27.84" speed="29.73" angle="314.36" x="107.66" y="116.29"/>
    </timestep>
    <timestep time="8.51">
        <vehicle id="cfm-fast_0" eclass="HBEFA3/PC_G_EU4" CO2="217118.81" CO="4888.42" HC="27.72" NOx="101.20" PMx="5.86" fuel="93.33" electricity="0.00" noise="141.65" route="routetop" type="cfm-fast" waiting="0.00" lane="top_1" pos="21.60" speed="55.56" angle="235.59" x="22.67" y="114.49"/>
        <vehicle id="cfm-fast_1" eclass="HBEFA3/PC_G_EU4" CO2="0.00" CO="0.00" HC="0.00" NOx="0.00" PMx="0.00" fuel="0.00" electricity="0.00" noise="69.70" route="routetop" type="cfm-fast" waiting="0.00" lane="top_0" pos="5.07" speed="23.45" angle="265.36" x="52.71" y="131.40"/>
        <vehicle id="cfm-fast_2" eclass="HBEFA3/PC_G_EU4" CO2="4299.80" CO="13.53" HC="0.17" NOx="1.41" PMx="0.07" fuel="1.85" electricity="0.00" noise="70.36" route="routetop" type="cfm-fast" waiting="0.00" lane="top_0" pos="19.42" speed="22.85" angle="239.49" x="24.34" y="119.88"/>
        <vehicle id="cfm-fast_3" eclass="HBEFA3/PC_G_EU4" CO2="8125.47" CO="92.51" HC="0.62" NOx="3.22" PMx="0.17" fuel="3.49" electricity="0.00" noise="71.76" route="routetop" type="cfm-fast" waiting="0.00" lane="top_0" pos="33.23" speed="23.00" angle="214.67" x="4.37" y="98.18"/>
        <vehicle id="cfm-fast_4" eclass="HBEFA3/PC_G_EU4" CO2="0.00" CO="0.00" HC="0.00" NOx="0.00" PMx="0.00" fuel="0.00" electricity="0.00" noise="87.01" route="routebottom" type="cfm-fast" waiting="0.00" lane="bottom_1" pos="30.66" speed="83.93" angle="39.30" x="117.28" y="26.38"/>
        <vehicle id="cfm-fast_5" eclass="HBEFA3/PC_G_EU4" CO2="11106.96" CO="155.31" HC="0.98" NOx="4.61" PMx="0.25" fuel="4.77" electricity="0.00" noise="73.30" route="routetop" type="cfm-fast" waiting="0.00" lane="top_0" pos="47.27" speed="23.76" angle="189.48" x="-4.69" y="69.62"/>
        <vehicle id="cfm-slow_0" eclass="HBEFA3/PC_G_EU4" CO2="13585.25" CO="209.45" HC="1.29" NOx="5.75" PMx="0.31" fuel="5.84" electricity="0.00" noise="74.73" route="routetop" type="cfm-slow" waiting="0.00" lane="left_0" pos="12.13" speed="24.93" angle="162.63" x="0.00" y="38.10"/>
        <vehicle id="cfm-slow_1" eclass="HBEFA3/PC_G_EU4" CO2="16305.61" CO="270.91" HC="1.64" NOx="7.00" PMx="0.39" fuel="7.01" electricity="0.00" noise="76.29" route="routetop" type="cfm-slow" waiting="0.00" lane="left_0" pos="32.19" speed="26.38" angle="126.64" x="27.22" y="5.52"/>
        <vehicle id="cfm-slow_2" eclass="HBEFA3/PC_G_EU4" CO2="18476.20" CO="324.28" HC="1.94" NOx="7.99" PMx="0.45" fuel="7.94" electricity="0.00" noise="77.53" route="routebottom" type="cfm-slow" waiting="0.00" lane="bottom_0" pos="3.72" speed="28.09" angle="87.82" x="71.75" y="-4.47"/>
        <vehicle id="cfm-slow_3" eclass="HBEFA3/PC_G_EU4" CO2="14812.90" CO="260.74" HC="1.56" NOx="6.22" PMx="0.36" fuel="6.37" electricity="0.00" noise="76.36" route="routebottom" type="cfm-slow" waiting="0.00" lane="bottom_0" pos="26.99" speed="29.90" angle="45.96" x="115.11" y="18.27"/>
        <vehicle id="cfm-slow_4" eclass="HBEFA3/PC_G_EU4" CO2="0.00" CO="0.00" HC="0.00" NOx="0.00" PMx="0.00" fuel="0.00" electricity="0.00" noise="73.21" route="routebottom" type="cfm-slow" waiting="0.00" lane="right_0" pos="2.07" speed="30.97" angle="0.76" x="132.12" y="68.21"/>
        <vehicle id="cfm-slow_5" eclass="HBEFA3/PC_G_EU4" CO2="0.00" CO="0.00" HC="0.00" NOx="0.00" PMx="0.00" fuel="0.00" electricity="0.00" noise="71.93" route="routebottom" type="cfm-slow" waiting="0.00" lane="right_0" pos="28.14" speed="29.70" angle="313.84" x="107.18" y="116.70"/>
    </timestep>
    <timestep time="8.52">
        <vehicle id="cfm-fast_0" eclass="HBEFA3/PC_G_EU4" CO2="217704.91" CO="4904.42" HC="27.80" NOx="101.47" PMx="5.87" fuel="93.58" electricity="0.00" noise="141.72" route="routetop" type="cfm-fast" waiting="0.00" lane="top_1" pos="22.16" speed="55.69" angle="234.60" x="21.79" y="113.77"/>
        <vehicle id="cfm-fast_1" eclass="HBEFA3/PC_G_EU4" CO2="0.00" CO="0.00" HC="0.00" NOx="0.00" PMx="0.00" fuel="0.00" electricity="0.00" noise="69.70" route="routetop" type="cfm-fast" waiting="0.00" lane="top_0" pos="5.30" speed="23.44" angle="264.93" x="52.22" y="131.31"/>
        <vehicle id="cfm-fast_2" eclass="HBEFA3/PC_G_EU4" CO2="4337.36" CO="14.30" HC="0.17" NOx="1.43" PMx="0.07" fuel="1.86" electricity="0.00" noise="70.37" route="routetop" type="cfm-fast" waiting="0.00" lane="top_0" pos="19.65" speed="22.85" angle="239.07" x="23.94" y="119.59"/>
        <vehicle id="cfm-fast_3" eclass="HBEFA3/PC_G_EU4" CO2="8153.85" CO="93.11" HC="0.62" NOx="3.23" PMx="0.17" fuel="3.50" electricity="0.00" noise="71.77" route="routetop" type="cfm-fast" waiting="0.00" lane="top_0" pos="33.46" speed="23.01" angle="214.30" x="4.13" y="97.76"/>
        <vehicle id="cfm-fast_4" eclass="HBEFA3/PC_G_EU4" CO2="0.00" CO="0.00" HC="0.00" NOx="0.00" PMx="0.00" fuel="0.00" electricity="0.00" noise="86.99" route="routebottom" type="cfm-fast" waiting="0.00" lane="bottom_1" pos="31.50" speed="83.82" angle="37.82" x="118.24" y="27.81"/>
        <vehicle id="cfm-fast_5" eclass="HBEFA3/PC_G_EU4" CO2="11130.14" CO="155.81" HC="0.99" NOx="4.62" PMx="0.25" fuel="4.78" electricity="0.00" noise="73.31" route="routetop" type="cfm-fast" waiting="0.00" lane="top_0" pos="47.51" speed="23.77" angle="189.10" x="-4.73" y="69.11"/>
        <vehicle id="cfm-slow_0" eclass="HBEFA3/PC_G_EU4" CO2="13610.64" CO="210.02" HC="1.29" NOx="5.76" PMx="0.31" fuel="5.85" electricity="0.00" noise="74.75" route="routetop" type="cfm-slow" waiting="0.00" lane="left_0" pos="12.38" speed="24.94" angle="162.19" x="0.20" y="37.60"/>
        <vehicle id="cfm-slow_1" eclass="HBEFA3/PC_G_EU4" CO2="16326.66" CO="271.42" HC="1.64" NOx="7.01" PMx="0.39" fuel="7.02" electricity="0.00" noise="76.30" route="routetop" type="cfm-slow" waiting="0.00" lane="left_0" pos="32.45" speed="26.39" angle="126.15" x="27.71" y="5.23"/>
        <vehicle id="cfm-slow_2" eclass="HBEFA3/PC_G_EU4" CO2="18446.47" CO="323.78" HC="1.94" NOx="7.97" PMx="0.45" fuel="7.93" electricity="0.00" noise="77.52" route="routebottom" type="cfm-slow" waiting="0.00" lane="bottom_0" pos="4.00" speed="28.11" angle="87.33" x="72.35" y="-4.39"/>
        <vehicle id="cfm-slow_3" eclass="HBEFA3/PC_G_EU4" CO2="14657.30" CO="257.62" HC="1.54" NOx="6.14" PMx="0.36" fuel="6.30" electricity="0.00" noise="76.31" route="routebottom" type="cfm-slow" waiting="0.00" lane="bottom_0" pos="27.29" speed="29.91" angle="45.40" x="115.53" y="18.76"/>
        <vehicle id="cfm-slow_4" eclass="HBEFA3/PC_G_EU4" CO2="0.00" CO="0.00" HC="0.00" NOx="0.00" PMx="0.00" fuel="0.00" electricity="0.00" noise="73.19" route="routebottom" type="cfm-slow" waiting="0.00" lane="right_0" pos="2.38" speed="30.96" angle="0.20" x="132.08" y="68.88"/>
        <vehicle id="cfm-slow_5" eclass="HBEFA3/PC_G_EU4" CO2="0.00" CO="0.00" HC="0.00" NOx="0.00" PMx="0.00" fuel="0.00" electricity="0.00" noise="71.91" route="routebottom" type="cfm-slow" waiting="0.00" lane="right_0" pos="28.43" speed="29.66" angle="313.33" x="106.68" y="117.10"/>
    </timestep>
    <timestep time="8.53">
        <vehicle id="cfm-fast_0" eclass="HBEFA3/PC_G_EU4" CO2="218291.30" CO="4920.43" HC="27.89" NOx="101.74" PMx="5.89" fuel="93.83" electricity="0.00" noise="141.78" route="routetop" type="cfm-fast" waiting="0.00" lane="top_1" pos="22.71" speed="55.83" angle="233.56" x="20.91" y="113.03"/>
        <vehicle id="cfm-fast_1" eclass="HBEFA3/PC_G_EU4" CO2="0.00" CO="0.00" HC="0.00" NOx="0.00" PMx="0.00" fuel="0.00" electricity="0.00" noise="69.71" route="routetop" type="cfm-fast" waiting="0.00" lane="top_0" pos="5.54" speed="23.44" angle="264.50" x="51.72" y="131.22"/>
        <vehicle id="cfm-fast_2" eclass="HBEFA3/PC_G_EU4" CO2="4374.83" CO="15.08" HC="0.18" NOx="1.45" PMx="0.07" fuel="1.88" electricity="0.00" noise="70.38" route="routetop" type="cfm-fast" waiting="0.00" lane="top_0" pos="19.88" speed="22.85" angle="238.66" x="23.54" y="119.30"/>
        <vehicle id="cfm-fast_3" eclass="HBEFA3/PC_G_EU4" CO2="8182.19" CO="93.70" HC="0.63" NOx="3.24" PMx="0.17" fuel="3.52" electricity="0.00" noise="71.79" route="routetop" type="cfm-fast" waiting="0.00" lane="top_0" pos="33.69" speed="23.01" angle="213.89" x="3.89" y="97.32"/>
        <vehicle id="cfm-fast_4" eclass="HBEFA3/PC_G_EU4" CO2="0.00" CO="0.00" HC="0.00" NOx="0.00" PMx="0.00" fuel="0.00" electricity="0.00" noise="86.97" route="routebottom" type="cfm-fast" waiting="0.00" lane="bottom_1" pos="32.34" speed="83.71" angle="36.34" x="119.17" y="29.25"/>
        <vehicle id="cfm-fast_5" eclass="HBEFA3/PC_G_EU4" CO2="11153.36" CO="156.31" HC="0.99" NOx="4.63" PMx="0.25" fuel="4.79" electricity="0.00" noise="73.32" route="routetop" type="cfm-fast" waiting="0.00" lane="top_0" pos="47.75" speed="23.78" angle="188.65" x="-4.76" y="68.60"/>
        <vehicle id="cfm-slow_0" eclass="HBEFA3/PC_G_EU4" CO2="13636.00" CO="210.59" HC="1.30" NOx="5.77" PMx="0.31" fuel="5.86" electricity="0.00" noise="74.76" route="routetop" type="cfm-slow" waiting="0.00" lane="left_0" pos="12.63" speed="24.96" angle="161.75" x="0.40" y="37.10"/>
        <vehicle id="cfm-slow_1" eclass="HBEFA3/PC_G_EU4" CO2="16347.27" CO="271.92" HC="1.65" NOx="7.02" PMx="0.39" fuel="7.03" electricity="0.00" noise="76.31" route="routetop" type="cfm-slow" waiting="0.00" lane="left_0" pos="32.72" speed="26.41" angle="125.65" x="28.20" y="4.94"/>
        <vehicle id="cfm-slow_2" eclass="HBEFA3/PC_G_EU4" CO2="18415.59" CO="323.25" HC="1.93" NOx="7.96" PMx="0.45" fuel="7.92" electricity="0.00" noise="77.51" route="routebottom" type="cfm-slow" waiting="0.00" lane="bottom_0" pos="4.29" speed="28.12" angle="86.82" x="72.95" y="-4.31"/>
        <vehicle id="cfm-slow_3" eclass="HBEFA3/PC_G_EU4" CO2="14501.01" CO="254.49" HC="1.52" NOx="6.07" PMx="0.35" fuel="6.23" electricity="0.00" noise="76.26" route="routebottom" type="cfm-slow" waiting="0.00" lane="bottom_0" pos="27.59" speed="29.92" angle="44.84" x="115.94" y="19.25"/>
        <vehicle id="cfm-slow_4" eclass="HBEFA3/PC_G_EU4" CO2="0.00" CO="0.00" HC="0.00" NOx="0.00" PMx="0.00" fuel="0.00" electricity="0.00" noise="73.17" route="routebottom" type="cfm-slow" waiting="0.00" lane="right_0" pos="2.69" speed="30.95" angle="359.67" x="132.02" y="69.54"/>
        <vehicle id="cfm-slow_5" eclass="HBEFA3/PC_G_EU4" CO2="0.00" CO="0.00" HC="0.00" NOx="0.00" PMx="0.00" fuel="0.00" electricity="0.00" noise="71.89" route="routebottom" type="cfm-slow" waiting="0.00" lane="right_0" pos="28.73" speed="29.62" angle="312.79" x="106.18" y="117.50"/>
    </timestep>
    <timestep time="8.54">
        <vehicle id="cfm-fast_0" eclass="HBEFA3/PC_G_EU4" CO2="218877.99" CO="4936.47" HC="27.98" NOx="102.02" PMx="5.91" fuel="94.08" electricity="0.00" noise="141.85" route="routetop" type="cfm-fast" waiting="0.00" lane="top_1" pos="23.27" speed="55.96" angle="232.59" x="20.05" y="112.27"/>
        <vehicle id="cfm-fast_1" eclass="HBEFA3/PC_G_EU4" CO2="0.00" CO="0.00" HC="0.00" NOx="0.00" PMx="0.00" fuel="0.00" electricity="0.00" noise="69.71" route="routetop" type="cfm-fast" waiting="0.00" lane="top_0" pos="5.77" speed="23.43" angle="264.06" x="51.23" y="131.13"/>
        <vehicle id="cfm-fast_2" eclass="HBEFA3/PC_G_EU4" CO2="4412.22" CO="15.85" HC="0.18" NOx="1.47" PMx="0.07" fuel="1.90" electricity="0.00" noise="70.40" route="routetop" type="cfm-fast" waiting="0.00" lane="top_0" pos="20.11" speed="22.86" angle="238.24" x="23.15" y="119.01"/>
        <vehicle id="cfm-fast_3" eclass="HBEFA3/PC_G_EU4" CO2="8210.49" CO="94.30" HC="0.63" NOx="3.26" PMx="0.17" fuel="3.53" electricity="0.00" noise="71.80" route="routetop" type="cfm-fast" waiting="0.00" lane="top_0" pos="33.92" speed="23.02" angle="213.47" x="3.65" y="96.89"/>
        <vehicle id="cfm-fast_4" eclass="HBEFA3/PC_G_EU4" CO2="0.00" CO="0.00" HC="0.00" NOx="0.00" PMx="0.00" fuel="0.00" electricity="0.00" noise="86.95" route="routebottom" type="cfm-fast" waiting="0.00" lane="bottom_1" pos="33.18" speed="83.60" angle="34.77" x="120.05" y="30.72"/>
        <vehicle id="cfm-fast_5" eclass="HBEFA3/PC_G_EU4" CO2="11176.59" CO="156.82" HC="0.99" NOx="4.64" PMx="0.25" fuel="4.80" electricity="0.00" noise="73.34" route="routetop" type="cfm-fast" waiting="0.00" lane="top_0" pos="47.99" speed="23.79" angle="188.19" x="-4.79" y="68.09"/>
        <vehicle id="cfm-slow_0" eclass="HBEFA3/PC_G_EU4" CO2="13661.32" CO="211.16" HC="1.30" NOx="5.78" PMx="0.31" fuel="5.87" electricity="0.00" noise="74.78" route="routetop" type="cfm-slow" waiting="0.00" lane="left_0" pos="12.88" speed="24.97" angle="161.35" x="0.61" y="36.61"/>
        <vehicle id="cfm-slow_1" eclass="HBEFA3/PC_G_EU4" CO2="16367.44" CO="272.41" HC="1.65" NOx="7.03" PMx="0.39" fuel="7.04" electricity="0.00" noise="76.32" route="routetop" type="cfm-slow" waiting="0.00" lane="left_0" pos="32.98" speed="26.43" angle="125.16" x="28.68" y="4.65"/>
        <vehicle id="cfm-slow_2" eclass="HBEFA3/PC_G_EU4" CO2="18383.58" CO="322.69" HC="1.93" NOx="7.94" PMx="0.45" fuel="7.90" electricity="0.00" noise="77.50" route="routebottom" type="cfm-slow" waiting="0.00" lane="bottom_0" pos="4.57" speed="28.14" angle="86.31" x="73.55" y="-4.22"/>
        <vehicle id="cfm-slow_3" eclass="HBEFA3/PC_G_EU4" CO2="14344.06" CO="251.34" HC="1.51" NOx="6.00" PMx="0.35" fuel="6.17" electricity="0.00" noise="76.20" route="routebottom" type="cfm-slow" waiting="0.00" lane="bottom_0" pos="27.89" speed="29.93" angle="44.28" x="116.36" y="19.74"/>
        <vehicle id="cfm-slow_4" eclass="HBEFA3/PC_G_EU4" CO2="0.00" CO="0.00" HC="0.00" NOx="0.00" PMx="0.00" fuel="0.00" electricity="0.00" noise="73.14" route="routebottom" type="cfm-slow" waiting="0.00" lane="right_0" pos="3.00" speed="30.94" angle="359.12" x="131.96" y="70.20"/>
        <vehicle id="cfm-slow_5" eclass="HBEFA3/PC_G_EU4" CO2="0.00" CO="0.00" HC="0.00" NOx="0.00" PMx="0.00" fuel="0.00" electricity="0.00" noise="71.87" route="routebottom" type="cfm-slow" waiting="0.00" lane="right_0" pos="29.03" speed="29.59" angle="312.25" x="105.67" y="117.89"/>
    </timestep>
    <timestep time="8.55">
        <vehicle id="cfm-fast_0" eclass="HBEFA3/PC_G_EU4" CO2="219464.97" CO="4952.53" HC="28.07" NOx="102.29" PMx="5.92" fuel="94.34" electricity="0.00" noise="141.91" route="routetop" type="cfm-fast" waiting="0.00" lane="top_1" pos="23.84" speed="56.10" angle="231.57" x="19.21" y="111.49"/>
        <vehicle id="cfm-fast_1" eclass="HBEFA3/PC_G_EU4" CO2="0.00" CO="0.00" HC="0.00" NOx="0.00" PMx="0.00" fuel="0.00" electricity="0.00" noise="69.71" route="routetop" type="cfm-fast" waiting="0.00" lane="top_0" pos="6.00" speed="23.43" angle="263.62" x="50.73" y="131.04"/>
        <vehicle id="cfm-fast_2" eclass="HBEFA3/PC_G_EU4" CO2="4449.52" CO="16.62" HC="0.18" NOx="1.49" PMx="0.07" fuel="1.91" electricity="0.00" noise="70.41" route="routetop" type="cfm-fast" waiting="0.00" lane="top_0" pos="20.33" speed="22.86" angle="237.83" x="22.75" y="118.72"/>
        <vehicle id="cfm-fast_3" eclass="HBEFA3/PC_G_EU4" CO2="8238.74" CO="94.89" HC="0.64" NOx="3.27" PMx="0.17" fuel="3.54" electricity="0.00" noise="71.82" route="routetop" type="cfm-fast" waiting="0.00" lane="top_0" pos="34.15" speed="23.03" angle="213.05" x="3.41" y="96.46"/>
        <vehicle id="cfm-fast_4" eclass="HBEFA3/PC_G_EU4" CO2="0.00" CO="0.00" HC="0.00" NOx="0.00" PMx="0.00" fuel="0.00" electricity="0.00" noise="86.93" route="routebottom" type="cfm-fast" waiting="0.00" lane="bottom_1" pos="34.01" speed="83.49" angle="33.31" x="120.89" y="32.21"/>
        <vehicle id="cfm-fast_5" eclass="HBEFA3/PC_G_EU4" CO2="11199.85" CO="157.32" HC="0.99" NOx="4.65" PMx="0.25" fuel="4.81" electricity="0.00" noise="73.35" route="routetop" type="cfm-fast" waiting="0.00" lane="top_0" pos="48.22" speed="23.80" angle="187.73" x="-4.82" y="67.58"/>
        <vehicle id="cfm-slow_0" eclass="HBEFA3/PC_G_EU4" CO2="13686.61" CO="211.72" HC="1.30" NOx="5.80" PMx="0.32" fuel="5.88" electricity="0.00" noise="74.79" route="routetop" type="cfm-slow" waiting="0.00" lane="left_0" pos="13.13" speed="24.99" angle="160.88" x="0.83" y="36.12"/>
        <vehicle id="cfm-slow_1" eclass="HBEFA3/PC_G_EU4" CO2="16387.16" CO="272.89" HC="1.65" NOx="7.04" PMx="0.39" fuel="7.04" electricity="0.00" noise="76.33" route="routetop" type="cfm-slow" waiting="0.00" lane="left_0" pos="33.25" speed="26.45" angle="124.68" x="29.17" y="4.35"/>
        <vehicle id="cfm-slow_2" eclass="HBEFA3/PC_G_EU4" CO2="18350.44" CO="322.11" HC="1.93" NOx="7.93" PMx="0.45" fuel="7.89" electricity="0.00" noise="77.48" route="routebottom" type="cfm-slow" waiting="0.00" lane="bottom_0" pos="4.85" speed="28.16" angle="85.80" x="74.15" y="-4.14"/>
        <vehicle id="cfm-slow_3" eclass="HBEFA3/PC_G_EU4" CO2="14186.48" CO="248.17" HC="1.49" NOx="5.92" PMx="0.35" fuel="6.10" electricity="0.00" noise="76.15" route="routebottom" type="cfm-slow" waiting="0.00" lane="bottom_0" pos="28.19" speed="29.94" angle="43.77" x="116.77" y="20.24"/>
        <vehicle id="cfm-slow_4" eclass="HBEFA3/PC_G_EU4" CO2="0.00" CO="0.00" HC="0.00" NOx="0.00" PMx="0.00" fuel="0.00" electricity="0.00" noise="73.12" route="routebottom" type="cfm-slow" waiting="0.00" lane="right_0" pos="3.31" speed="30.93" angle="358.56" x="131.89" y="70.86"/>
        <vehicle id="cfm-slow_5" eclass="HBEFA3/PC_G_EU4" CO2="0.00" CO="0.00" HC="0.00" NOx="0.00" PMx="0.00" fuel="0.00" electricity="0.00" noise="71.86" route="routebottom" type="cfm-slow" waiting="0.00" lane="right_0" pos="29.32" speed="29.55" angle="311.71" x="105.17" y="118.28"/>
    </timestep>
    <timestep time="8.56">
        <vehicle id="cfm-fast_0" eclass="HBEFA3/PC_G_EU4" CO2="220052.24" CO="4968.61" HC="28.16" NOx="102.57" PMx="5.94" fuel="94.59" electricity="0.00" noise="141.98" route="routetop" type="cfm-fast" waiting="0.00" lane="top_1" pos="24.40" speed="56.24" angle="230.59" x="18.36" y="110.70"/>
        <vehicle id="cfm-fast_1" eclass="HBEFA3/PC_G_EU4" CO2="0.00" CO="0.00" HC="0.00" NOx="0.00" PMx="0.00" fuel="0.00" electricity="0.00" noise="69.72" route="routetop" type="cfm-fast" waiting="0.00" lane="top_0" pos="6.24" speed="23.42" angle="263.18" x="50.24" y="130.94"/>
        <vehicle id="cfm-fast_2" eclass="HBEFA3/PC_G_EU4" CO2="4486.73" CO="17.39" HC="0.19" NOx="1.50" PMx="0.07" fuel="1.93" electricity="0.00" noise="70.42" route="routetop" type="cfm-fast" waiting="0.00" lane="top_0" pos="20.56" speed="22.86" angle="237.47" x="22.35" y="118.43"/>
        <vehicle id="cfm-fast_3" eclass="HBEFA3/PC_G_EU4" CO2="8266.95" CO="95.48" HC="0.64" NOx="3.28" PMx="0.17" fuel="3.55" electricity="0.00" noise="71.83" route="routetop" type="cfm-fast" waiting="0.00" lane="top_0" pos="34.38" speed="23.04" angle="212.63" x="3.17" y="96.02"/>
        <vehicle id="cfm-fast_4" eclass="HBEFA3/PC_G_EU4" CO2="0.00" CO="0.00" HC="0.00" NOx="0.00" PMx="0.00" fuel="0.00" electricity="0.00" noise="86.91" route="routebottom" type="cfm-fast" waiting="0.00" lane="bottom_1" pos="34.84" speed="83.38" angle="31.85" x="121.70" y="33.72"/>
        <vehicle id="cfm-fast_5" eclass="HBEFA3/PC_G_EU4" CO2="11223.14" CO="157.83" HC="1.00" NOx="4.66" PMx="0.25" fuel="4.82" electricity="0.00" noise="73.37" route="routetop" type="cfm-fast" waiting="0.00" lane="top_0" pos="48.46" speed="23.82" angle="187.28" x="-4.85" y="67.07"/>
        <vehicle id="cfm-slow_0" eclass="HBEFA3/PC_G_EU4" CO2="13711.85" CO="212.29" HC="1.31" NOx="5.81" PMx="0.32" fuel="5.89" electricity="0.00" noise="74.81" route="routetop" type="cfm-slow" waiting="0.00" lane="left_0" pos="13.38" speed="25.00" angle="160.42" x="1.05" y="35.63"/>
        <vehicle id="cfm-slow_1" eclass="HBEFA3/PC_G_EU4" CO2="16406.42" CO="273.36" HC="1.65" NOx="7.05" PMx="0.39" fuel="7.05" electricity="0.00" noise="76.35" route="routetop" type="cfm-slow" waiting="0.00" lane="left_0" pos="33.51" speed="26.46" angle="124.24" x="29.67" y="4.07"/>
        <vehicle id="cfm-slow_2" eclass="HBEFA3/PC_G_EU4" CO2="18316.17" CO="321.51" HC="1.92" NOx="7.91" PMx="0.45" fuel="7.87" electricity="0.00" noise="77.47" route="routebottom" type="cfm-slow" waiting="0.00" lane="bottom_0" pos="5.13" speed="28.18" angle="85.25" x="74.75" y="-4.05"/>
        <vehicle id="cfm-slow_3" eclass="HBEFA3/PC_G_EU4" CO2="14028.29" CO="244.99" HC="1.47" NOx="5.85" PMx="0.34" fuel="6.03" electricity="0.00" noise="76.10" route="routebottom" type="cfm-slow" waiting="0.00" lane="bottom_0" pos="28.49" speed="29.96" angle="43.22" x="117.17" y="20.74"/>
        <vehicle id="cfm-slow_4" eclass="HBEFA3/PC_G_EU4" CO2="0.00" CO="0.00" HC="0.00" NOx="0.00" PMx="0.00" fuel="0.00" electricity="0.00" noise="73.10" route="routebottom" type="cfm-slow" waiting="0.00" lane="right_0" pos="3.62" speed="30.92" angle="358.01" x="131.82" y="71.53"/>
        <vehicle id="cfm-slow_5" eclass="HBEFA3/PC_G_EU4" CO2="0.00" CO="0.00" HC="0.00" NOx="0.00" PMx="0.00" fuel="0.00" electricity="0.00" noise="71.84" route="routebottom" type="cfm-slow" waiting="0.00" lane="right_0" pos="29.62" speed="29.52" angle="311.23" x="104.67" y="118.66"/>
    </timestep>
    <timestep time="8.57">
        <vehicle id="cfm-fast_0" eclass="HBEFA3/PC_G_EU4" CO2="220639.80" CO="4984.71" HC="28.25" NOx="102.84" PMx="5.96" fuel="94.84" electricity="0.00" noise="142.05" route="routetop" type="cfm-fast" waiting="0.00" lane="top_1" pos="24.96" speed="56.37" angle="229.58" x="17.54" y="109.89"/>
        <vehicle id="cfm-fast_1" eclass="HBEFA3/PC_G_EU4" CO2="0.00" CO="0.00" HC="0.00" NOx="0.00" PMx="0.00" fuel="0.00" electricity="0.00" noise="69.72" route="routetop" type="cfm-fast" waiting="0.00" lane="top_0" pos="6.47" speed="23.41" angle="262.81" x="49.74" y="130.85"/>
        <vehicle id="cfm-fast_2" eclass="HBEFA3/PC_G_EU4" CO2="4523.85" CO="18.15" HC="0.19" NOx="1.52" PMx="0.07" fuel="1.94" electricity="0.00" noise="70.43" route="routetop" type="cfm-fast" waiting="0.00" lane="top_0" pos="20.79" speed="22.86" angle="237.05" x="21.96" y="118.13"/>
        <vehicle id="cfm-fast_3" eclass="HBEFA3/PC_G_EU4" CO2="8295.12" CO="96.08" HC="0.64" NOx="3.30" PMx="0.17" fuel="3.57" electricity="0.00" noise="71.85" route="routetop" type="cfm-fast" waiting="0.00" lane="top_0" pos="34.61" speed="23.04" angle="212.27" x="2.93" y="95.59"/>
        <vehicle id="cfm-fast_4" eclass="HBEFA3/PC_G_EU4" CO2="0.00" CO="0.00" HC="0.00" NOx="0.00" PMx="0.00" fuel="0.00" electricity="0.00" noise="86.89" route="routebottom" type="cfm-fast" waiting="0.00" lane="bottom_1" pos="35.68" speed="83.27" angle="30.30" x="122.46" y="35.24"/>
        <vehicle id="cfm-fast_5" eclass="HBEFA3/PC_G_EU4" CO2="11246.44" CO="158.33" HC="1.00" NOx="4.67" PMx="0.25" fuel="4.83" electricity="0.00" noise="73.38" route="routetop" type="cfm-fast" waiting="0.00" lane="top_0" pos="48.70" speed="23.83" angle="186.86" x="-4.88" y="66.55"/>
        <vehicle id="cfm-slow_0" eclass="HBEFA3/PC_G_EU4" CO2="13737.05" CO="212.85" HC="1.31" NOx="5.82" PMx="0.32" fuel="5.90" electricity="0.00" noise="74.82" route="routetop" type="cfm-slow" waiting="0.00" lane="left_0" pos="13.63" speed="25.01" angle="159.95" x="1.27" y="35.14"/>
        <vehicle id="cfm-slow_1" eclass="HBEFA3/PC_G_EU4" CO2="16425.22" CO="273.82" HC="1.66" NOx="7.05" PMx="0.39" fuel="7.06" electricity="0.00" noise="76.36" route="routetop" type="cfm-slow" waiting="0.00" lane="left_0" pos="33.78" speed="26.48" angle="123.75" x="30.16" y="3.80"/>
        <vehicle id="cfm-slow_2" eclass="HBEFA3/PC_G_EU4" CO2="18280.76" CO="320.89" HC="1.92" NOx="7.89" PMx="0.45" fuel="7.86" electricity="0.00" noise="77.46" route="routebottom" type="cfm-slow" waiting="0.00" lane="bottom_0" pos="5.41" speed="28.19" angle="84.73" x="75.35" y="-3.94"/>
        <vehicle id="cfm-slow_3" eclass="HBEFA3/PC_G_EU4" CO2="13869.52" CO="241.80" HC="1.45" NOx="5.77" PMx="0.34" fuel="5.96" electricity="0.00" noise="76.05" route="routebottom" type="cfm-slow" waiting="0.00" lane="bottom_0" pos="28.79" speed="29.97" angle="42.67" x="117.57" y="21.25"/>
        <vehicle id="cfm-slow_4" eclass="HBEFA3/PC_G_EU4" CO2="0.00" CO="0.00" HC="0.00" NOx="0.00" PMx="0.00" fuel="0.00" electricity="0.00" noise="73.08" route="routebottom" type="cfm-slow" waiting="0.00" lane="right_0" pos="3.93" speed="30.90" angle="357.47" x="131.74" y="72.19"/>
        <vehicle id="cfm-slow_5" eclass="HBEFA3/PC_G_EU4" CO2="0.00" CO="0.00" HC="0.00" NOx="0.00" PMx="0.00" fuel="0.00" electricity="0.00" noise="71.82" route="routebottom" type="cfm-slow" waiting="0.00" lane="right_0" pos="29.91" speed="29.48" angle="310.68" x="104.15" y="119.03"/>
    </timestep>
    <timestep time="8.58">
        <vehicle id="cfm-fast_0" eclass="HBEFA3/PC_G_EU4" CO2="221227.65" CO="5000.84" HC="28.33" NOx="103.12" PMx="5.98" fuel="95.09" electricity="0.00" noise="142.11" route="routetop" type="cfm-fast" waiting="0.00" lane="top_1" pos="25.53" speed="56.51" angle="228.57" x="16.72" y="109.07"/>
        <vehicle id="cfm-fast_1" eclass="HBEFA3/PC_G_EU4" CO2="0.00" CO="0.00" HC="0.00" NOx="0.00" PMx="0.00" fuel="0.00" electricity="0.00" noise="69.73" route="routetop" type="cfm-fast" waiting="0.00" lane="top_0" pos="6.71" speed="23.41" angle="262.37" x="49.25" y="130.73"/>
        <vehicle id="cfm-fast_2" eclass="HBEFA3/PC_G_EU4" CO2="4560.88" CO="18.92" HC="0.20" NOx="1.54" PMx="0.07" fuel="1.96" electricity="0.00" noise="70.44" route="routetop" type="cfm-fast" waiting="0.00" lane="top_0" pos="21.02" speed="22.86" angle="236.63" x="21.58" y="117.83"/>
        <vehicle id="cfm-fast_3" eclass="HBEFA3/PC_G_EU4" CO2="8323.25" CO="96.67" HC="0.65" NOx="3.31" PMx="0.17" fuel="3.58" electricity="0.00" noise="71.86" route="routetop" type="cfm-fast" waiting="0.00" lane="top_0" pos="34.84" speed="23.05" angle="211.85" x="2.70" y="95.15"/>
        <vehicle id="cfm-fast_4" eclass="HBEFA3/PC_G_EU4" CO2="0.00" CO="0.00" HC="0.00" NOx="0.00" PMx="0.00" fuel="0.00" electricity="0.00" noise="86.87" route="routebottom" type="cfm-fast" waiting="0.00" lane="bottom_1" pos="36.51" speed="83.16" angle="28.78" x="123.18" y="36.79"/>
        <vehicle id="cfm-fast_5" eclass="HBEFA3/PC_G_EU4" CO2="11269.77" CO="158.84" HC="1.00" NOx="4.68" PMx="0.25" fuel="4.84" electricity="0.00" noise="73.39" route="routetop" type="cfm-fast" waiting="0.00" lane="top_0" pos="48.94" speed="23.84" angle="186.45" x="-4.90" y="66.04"/>
        <vehicle id="cfm-slow_0" eclass="HBEFA3/PC_G_EU4" CO2="13762.21" CO="213.42" HC="1.31" NOx="5.83" PMx="0.32" fuel="5.92" electricity="0.00" noise="74.84" route="routetop" type="cfm-slow" waiting="0.00" lane="left_0" pos="13.88" speed="25.03" angle="159.48" x="1.49" y="34.65"/>
        <vehicle id="cfm-slow_1" eclass="HBEFA3/PC_G_EU4" CO2="16443.55" CO="274.28" HC="1.66" NOx="7.06" PMx="0.39" fuel="7.07" electricity="0.00" noise="76.37" route="routetop" type="cfm-slow" waiting="0.00" lane="left_0" pos="34.04" speed="26.50" angle="123.26" x="30.66" y="3.52"/>
        <vehicle id="cfm-slow_2" eclass="HBEFA3/PC_G_EU4" CO2="18244.23" CO="320.24" HC="1.92" NOx="7.87" PMx="0.44" fuel="7.84" electricity="0.00" noise="77.44" route="routebottom" type="cfm-slow" waiting="0.00" lane="bottom_0" pos="5.69" speed="28.21" angle="84.22" x="75.94" y="-3.83"/>
        <vehicle id="cfm-slow_3" eclass="HBEFA3/PC_G_EU4" CO2="13710.19" CO="238.59" HC="1.43" NOx="5.70" PMx="0.33" fuel="5.89" electricity="0.00" noise="76.00" route="routebottom" type="cfm-slow" waiting="0.00" lane="bottom_0" pos="29.09" speed="29.98" angle="42.11" x="117.97" y="21.76"/>
        <vehicle id="cfm-slow_4" eclass="HBEFA3/PC_G_EU4" CO2="0.00" CO="0.00" HC="0.00" NOx="0.00" PMx="0.00" fuel="0.00" electricity="0.00" noise="73.06" route="routebottom" type="cfm-slow" waiting="0.00" lane="right_0" pos="4.24" speed="30.89" angle="356.91" x="131.65" y="72.84"/>
        <vehicle id="cfm-slow_5" eclass="HBEFA3/PC_G_EU4" CO2="0.00" CO="0.00" HC="0.00" NOx="0.00" PMx="0.00" fuel="0.00" electricity="0.00" noise="71.80" route="routebottom" type="cfm-slow" waiting="0.00" lane="right_0" pos="30.21" speed="29.44" angle="310.13" x="103.64" y="119.40"/>
    </timestep>
    <timestep time="8.59">
        <vehicle id="cfm-fast_0" eclass="HBEFA3/PC_G_EU4" CO2="221815.80" CO="5016.98" HC="28.42" NOx="103.39" PMx="5.99" fuel="95.35" electricity="0.00" noise="142.18" route="routetop" type="cfm-fast" waiting="0.00" lane="top_1" pos="26.09" speed="56.65" angle="227.58" x="15.93" y="108.22"/>
        <vehicle id="cfm-fast_1" eclass="HBEFA3/PC_G_EU4" CO2="0.00" CO="0.00" HC="0.00" NOx="0.00" PMx="0.00" fuel="0.00" electricity="0.00" noise="69.73" route="routetop" type="cfm-fast" waiting="0.00" lane="top_0" pos="6.94" speed="23.40" angle="261.93" x="48.76" y="130.62"/>
        <vehicle id="cfm-fast_2" eclass="HBEFA3/PC_G_EU4" CO2="4597.83" CO="19.68" HC="0.20" NOx="1.55" PMx="0.07" fuel="1.98" electricity="0.00" noise="70.45" route="routetop" type="cfm-fast" waiting="0.00" lane="top_0" pos="21.25" speed="22.86" angle="236.21" x="21.19" y="117.52"/>
        <vehicle id="cfm-fast_3" eclass="HBEFA3/PC_G_EU4" CO2="8351.34" CO="97.26" HC="0.65" NOx="3.32" PMx="0.17" fuel="3.59" electricity="0.00" noise="71.87" route="routetop" type="cfm-fast" waiting="0.00" lane="top_0" pos="35.07" speed="23.06" angle="211.42" x="2.48" y="94.70"/>
        <vehicle id="cfm-fast_4" eclass="HBEFA3/PC_G_EU4" CO2="0.00" CO="0.00" HC="0.00" NOx="0.00" PMx="0.00" fuel="0.00" electricity="0.00" noise="86.85" route="routebottom" type="cfm-fast" waiting="0.00" lane="bottom_1" pos="37.34" speed="83.05" angle="27.28" x="123.86" y="38.35"/>
        <vehicle id="cfm-fast_5" eclass="HBEFA3/PC_G_EU4" CO2="11293.13" CO="159.35" HC="1.01" NOx="4.69" PMx="0.25" fuel="4.85" electricity="0.00" noise="73.41" route="routetop" type="cfm-fast" waiting="0.00" lane="top_0" pos="49.18" speed="23.85" angle="186.01" x="-4.91" y="65.53"/>
        <vehicle id="cfm-slow_0" eclass="HBEFA3/PC_G_EU4" CO2="13787.31" CO="213.98" HC="1.32" NOx="5.84" PMx="0.32" fuel="5.93" electricity="0.00" noise="74.85" route="routetop" type="cfm-slow" waiting="0.00" lane="left_0" pos="14.13" speed="25.04" angle="159.08" x="1.72" y="34.16"/>
        <vehicle id="cfm-slow_1" eclass="HBEFA3/PC_G_EU4" CO2="16461.40" CO="274.72" HC="1.66" NOx="7.07" PMx="0.39" fuel="7.08" electricity="0.00" noise="76.38" route="routetop" type="cfm-slow" waiting="0.00" lane="left_0" pos="34.31" speed="26.51" angle="122.78" x="31.16" y="3.25"/>
        <vehicle id="cfm-slow_2" eclass="HBEFA3/PC_G_EU4" CO2="18206.58" CO="319.57" HC="1.91" NOx="7.86" PMx="0.44" fuel="7.83" electricity="0.00" noise="77.43" route="routebottom" type="cfm-slow" waiting="0.00" lane="bottom_0" pos="5.98" speed="28.23" angle="83.70" x="76.54" y="-3.72"/>
        <vehicle id="cfm-slow_3" eclass="HBEFA3/PC_G_EU4" CO2="13550.33" CO="235.38" HC="1.41" NOx="5.62" PMx="0.33" fuel="5.82" electricity="0.00" noise="75.94" route="routebottom" type="cfm-slow" waiting="0.00" lane="bottom_0" pos="29.39" speed="29.99" angle="41.57" x="118.36" y="22.26"/>
        <vehicle id="cfm-slow_4" eclass="HBEFA3/PC_G_EU4" CO2="0.00" CO="0.00" HC="0.00" NOx="0.00" PMx="0.00" fuel="0.00" electricity="0.00" noise="73.04" route="routebottom" type="cfm-slow" waiting="0.00" lane="right_0" pos="4.54" speed="30.88" angle="356.35" x="131.56" y="73.50"/>
        <vehicle id="cfm-slow_5" eclass="HBEFA3/PC_G_EU4" CO2="0.00" CO="0.00" HC="0.00" NOx="0.00" PMx="0.00" fuel="0.00" electricity="0.00" noise="71.79" route="routebottom" type="cfm-slow" waiting="0.00" lane="right_0" pos="30.50" speed="29.41" angle="309.59" x="103.12" y="119.77"/>
    </timestep>
    <timestep time="8.60">
        <vehicle id="cfm-fast_0" eclass="HBEFA3/PC_G_EU4" CO2="222404.24" CO="5033.15" HC="28.51" NOx="103.67" PMx="6.01" fuel="95.60" electricity="0.00" noise="142.24" route="routetop" type="cfm-fast" waiting="0.00" lane="top_1" pos="26.66" speed="56.78" angle="226.53" x="15.14" y="107.37"/>
        <vehicle id="cfm-fast_1" eclass="HBEFA3/PC_G_EU4" CO2="0.00" CO="0.00" HC="0.00" NOx="0.00" PMx="0.00" fuel="0.00" electricity="0.00" noise="69.73" route="routetop" type="cfm-fast" waiting="0.00" lane="top_0" pos="7.17" speed="23.40" angle="261.49" x="48.27" y="130.51"/>
        <vehicle id="cfm-fast_2" eclass="HBEFA3/PC_G_EU4" CO2="4634.68" CO="20.44" HC="0.21" NOx="1.57" PMx="0.07" fuel="1.99" electricity="0.00" noise="70.47" route="routetop" type="cfm-fast" waiting="0.00" lane="top_0" pos="21.48" speed="22.86" angle="235.79" x="20.80" y="117.22"/>
        <vehicle id="cfm-fast_3" eclass="HBEFA3/PC_G_EU4" CO2="8379.39" CO="97.85" HC="0.65" NOx="3.33" PMx="0.17" fuel="3.60" electricity="0.00" noise="71.89" route="routetop" type="cfm-fast" waiting="0.00" lane="top_0" pos="35.30" speed="23.07" angle="211.00" x="2.26" y="94.26"/>
        <vehicle id="cfm-fast_4" eclass="HBEFA3/PC_G_EU4" CO2="0.00" CO="0.00" HC="0.00" NOx="0.00" PMx="0.00" fuel="0.00" electricity="0.00" noise="86.83" route="routebottom" type="cfm-fast" waiting="0.00" lane="bottom_1" pos="38.17" speed="82.95" angle="25.76" x="124.49" y="39.93"/>
        <vehicle id="cfm-fast_5" eclass="HBEFA3/PC_G_EU4" CO2="11316.50" CO="159.85" HC="1.01" NOx="4.70" PMx="0.25" fuel="4.86" electricity="0.00" noise="73.42" route="routetop" type="cfm-fast" waiting="0.00" lane="top_0" pos="49.42" speed="23.86" angle="185.58" x="-4.92" y="65.01"/>
        <vehicle id="cfm-slow_0" eclass="HBEFA3/PC_G_EU4" CO2="13812.35" CO="214.55" HC="1.32" NOx="5.85" PMx="0.32" fuel="5.94" electricity="0.00" noise="74.87" route="routetop" type="cfm-slow" waiting="0.00" lane="left_0" pos="14.38" speed="25.06" angle="158.61" x="1.96" y="33.67"/>
        <vehicle id="cfm-slow_1" eclass="HBEFA3/PC_G_EU4" CO2="16478.78" CO="275.15" HC="1.66" NOx="7.08" PMx="0.39" fuel="7.08" electricity="0.00" noise="76.39" route="routetop" type="cfm-slow" waiting="0.00" lane="left_0" pos="34.57" speed="26.53" angle="122.32" x="31.66" y="2.97"/>
        <vehicle id="cfm-slow_2" eclass="HBEFA3/PC_G_EU4" CO2="18167.82" CO="318.88" HC="1.91" NOx="7.84" PMx="0.44" fuel="7.81" electricity="0.00" noise="77.41" route="routebottom" type="cfm-slow" waiting="0.00" lane="bottom_0" pos="6.26" speed="28.25" angle="83.20" x="77.14" y="-3.61"/>
        <vehicle id="cfm-slow_3" eclass="HBEFA3/PC_G_EU4" CO2="13389.97" CO="232.15" HC="1.40" NOx="5.54" PMx="0.32" fuel="5.76" electricity="0.00" noise="75.89" route="routebottom" type="cfm-slow" waiting="0.00" lane="bottom_0" pos="29.68" speed="30.00" angle="41.07" x="118.75" y="22.78"/>
        <vehicle id="cfm-slow_4" eclass="HBEFA3/PC_G_EU4" CO2="0.00" CO="0.00" HC="0.00" NOx="0.00" PMx="0.00" fuel="0.00" electricity="0.00" noise="73.02" route="routebottom" type="cfm-slow" waiting="0.00" lane="right_0" pos="4.85" speed="30.87" angle="355.79" x="131.46" y="74.16"/>
        <vehicle id="cfm-slow_5" eclass="HBEFA3/PC_G_EU4" CO2="0.00" CO="0.00" HC="0.00" NOx="0.00" PMx="0.00" fuel="0.00" electricity="0.00" noise="71.77" route="routebottom" type="cfm-slow" waiting="0.00" lane="right_0" pos="30.79" speed="29.37" angle="309.10" x="102.61" y="120.14"/>
    </timestep>
    <timestep time="8.61">
        <vehicle id="cfm-fast_0" eclass="HBEFA3/PC_G_EU4" CO2="222992.97" CO="5049.34" HC="28.60" NOx="103.95" PMx="6.03" fuel="95.85" electricity="0.00" noise="142.31" route="routetop" type="cfm-fast" waiting="0.00" lane="top_1" pos="27.23" speed="56.92" angle="225.51" x="14.37" y="106.49"/>
        <vehicle id="cfm-fast_1" eclass="HBEFA3/PC_G_EU4" CO2="0.00" CO="0.00" HC="0.00" NOx="0.00" PMx="0.00" fuel="0.00" electricity="0.00" noise="69.74" route="routetop" type="cfm-fast" waiting="0.00" lane="top_0" pos="7.41" speed="23.39" angle="261.05" x="47.78" y="130.40"/>
        <vehicle id="cfm-fast_2" eclass="HBEFA3/PC_G_EU4" CO2="4671.46" CO="21.20" HC="0.21" NOx="1.59" PMx="0.08" fuel="2.01" electricity="0.00" noise="70.48" route="routetop" type="cfm-fast" waiting="0.00" lane="top_0" pos="21.71" speed="22.86" angle="235.39" x="20.42" y="116.92"/>
        <vehicle id="cfm-fast_3" eclass="HBEFA3/PC_G_EU4" CO2="8407.39" CO="98.44" HC="0.66" NOx="3.35" PMx="0.17" fuel="3.61" electricity="0.00" noise="71.90" route="routetop" type="cfm-fast" waiting="0.00" lane="top_0" pos="35.54" speed="23.07" angle="210.57" x="2.04" y="93.81"/>
        <vehicle id="cfm-fast_4" eclass="HBEFA3/PC_G_EU4" CO2="0.00" CO="0.00" HC="0.00" NOx="0.00" PMx="0.00" fuel="0.00" electricity="0.00" noise="86.82" route="routebottom" type="cfm-fast" waiting="0.00" lane="bottom_1" pos="39.00" speed="82.84" angle="24.31" x="125.09" y="41.52"/>
        <vehicle id="cfm-fast_5" eclass="HBEFA3/PC_G_EU4" CO2="11339.89" CO="160.36" HC="1.01" NOx="4.71" PMx="0.25" fuel="4.87" electricity="0.00" noise="73.43" route="routetop" type="cfm-fast" waiting="0.00" lane="top_0" pos="49.66" speed="23.87" angle="185.14" x="-4.93" y="64.50"/>
        <vehicle id="cfm-slow_0" eclass="HBEFA3/PC_G_EU4" CO2="13837.34" CO="215.11" HC="1.32" NOx="5.86" PMx="0.32" fuel="5.95" electricity="0.00" noise="74.88" route="routetop" type="cfm-slow" waiting="0.00" lane="left_0" pos="14.63" speed="25.07" angle="158.14" x="2.20" y="33.19"/>
        <vehicle id="cfm-slow_1" eclass="HBEFA3/PC_G_EU4" CO2="16495.66" CO="275.58" HC="1.67" NOx="7.09" PMx="0.39" fuel="7.09" electricity="0.00" noise="76.40" route="routetop" type="cfm-slow" waiting="0.00" lane="left_0" pos="34.84" speed="26.55" angle="121.86" x="32.17" y="2.71"/>
        <vehicle id="cfm-slow_2" eclass="HBEFA3/PC_G_EU4" CO2="18127.93" CO="318.16" HC="1.90" NOx="7.82" PMx="0.44" fuel="7.79" electricity="0.00" noise="77.40" route="routebottom" type="cfm-slow" waiting="0.00" lane="bottom_0" pos="6.54" speed="28.27" angle="82.71" x="77.73" y="-3.49"/>
        <vehicle id="cfm-slow_3" eclass="HBEFA3/PC_G_EU4" CO2="13229.12" CO="228.91" HC="1.38" NOx="5.47" PMx="0.32" fuel="5.69" electricity="0.00" noise="75.84" route="routebottom" type="cfm-slow" waiting="0.00" lane="bottom_0" pos="29.99" speed="30.00" angle="40.52" x="119.13" y="23.31"/>
        <vehicle id="cfm-slow_4" eclass="HBEFA3/PC_G_EU4" CO2="0.00" CO="0.00" HC="0.00" NOx="0.00" PMx="0.00" fuel="0.00" electricity="0.00" noise="73.00" route="routebottom" type="cfm-slow" waiting="0.00" lane="right_0" pos="5.16" speed="30.85" angle="355.19" x="131.36" y="74.81"/>
        <vehicle id="cfm-slow_5" eclass="HBEFA3/PC_G_EU4" CO2="0.00" CO="0.00" HC="0.00" NOx="0.00" PMx="0.00" fuel="0.00" electricity="0.00" noise="71.75" route="routebottom" type="cfm-slow" waiting="0.00" lane="right_0" pos="31.09" speed="29.33" angle="308.57" x="102.09" y="120.49"/>
    </timestep>
    <timestep time="8.62">
        <vehicle id="cfm-fast_0" eclass="HBEFA3/PC_G_EU4" CO2="223581.99" CO="5065.55" HC="28.69" NOx="104.22" PMx="6.04" fuel="96.11" electricity="0.00" noise="142.37" route="routetop" type="cfm-fast" waiting="0.00" lane="top_1" pos="27.80" speed="57.06" angle="224.42" x="13.61" y="105.60"/>
        <vehicle id="cfm-fast_1" eclass="HBEFA3/PC_G_EU4" CO2="0.00" CO="0.00" HC="0.00" NOx="0.00" PMx="0.00" fuel="0.00" electricity="0.00" noise="69.74" route="routetop" type="cfm-fast" waiting="0.00" lane="top_0" pos="7.64" speed="23.38" angle="260.66" x="47.29" y="130.29"/>
        <vehicle id="cfm-fast_2" eclass="HBEFA3/PC_G_EU4" CO2="4708.15" CO="21.96" HC="0.22" NOx="1.61" PMx="0.08" fuel="2.02" electricity="0.00" noise="70.49" route="routetop" type="cfm-fast" waiting="0.00" lane="top_0" pos="21.94" speed="22.87" angle="234.99" x="20.04" y="116.60"/>
        <vehicle id="cfm-fast_3" eclass="HBEFA3/PC_G_EU4" CO2="8435.36" CO="99.02" HC="0.66" NOx="3.36" PMx="0.17" fuel="3.63" electricity="0.00" noise="71.92" route="routetop" type="cfm-fast" waiting="0.00" lane="top_0" pos="35.77" speed="23.08" angle="210.15" x="1.82" y="93.37"/>
        <vehicle id="cfm-fast_4" eclass="HBEFA3/PC_G_EU4" CO2="0.00" CO="0.00" HC="0.00" NOx="0.00" PMx="0.00" fuel="0.00" electricity="0.00" noise="86.80" route="routebottom" type="cfm-fast" waiting="0.00" lane="bottom_1" pos="39.82" speed="82.73" angle="22.88" x="125.66" y="43.12"/>
        <vehicle id="cfm-fast_5" eclass="HBEFA3/PC_G_EU4" CO2="11363.31" CO="160.87" HC="1.01" NOx="4.72" PMx="0.25" fuel="4.88" electricity="0.00" noise="73.45" route="routetop" type="cfm-fast" waiting="0.00" lane="top_0" pos="49.89" speed="23.89" angle="184.71" x="-4.94" y="63.99"/>
        <vehicle id="cfm-slow_0" eclass="HBEFA3/PC_G_EU4" CO2="13862.26" CO="215.67" HC="1.33" NOx="5.88" PMx="0.32" fuel="5.96" electricity="0.00" noise="74.90" route="routetop" type="cfm-slow" waiting="0.00" lane="left_0" pos="14.88" speed="25.09" angle="157.67" x="2.44" y="32.71"/>
        <vehicle id="cfm-slow_1" eclass="HBEFA3/PC_G_EU4" CO2="16512.06" CO="275.99" HC="1.67" NOx="7.09" PMx="0.39" fuel="7.10" electricity="0.00" noise="76.41" route="routetop" type="cfm-slow" waiting="0.00" lane="left_0" pos="35.10" speed="26.56" angle="121.37" x="32.68" y="2.45"/>
        <vehicle id="cfm-slow_2" eclass="HBEFA3/PC_G_EU4" CO2="18086.94" CO="317.42" HC="1.90" NOx="7.80" PMx="0.44" fuel="7.77" electricity="0.00" noise="77.38" route="routebottom" type="cfm-slow" waiting="0.00" lane="bottom_0" pos="6.82" speed="28.28" angle="82.17" x="78.33" y="-3.35"/>
        <vehicle id="cfm-slow_3" eclass="HBEFA3/PC_G_EU4" CO2="13067.82" CO="225.65" HC="1.36" NOx="5.39" PMx="0.32" fuel="5.62" electricity="0.00" noise="75.79" route="routebottom" type="cfm-slow" waiting="0.00" lane="bottom_0" pos="30.29" speed="30.01" angle="39.97" x="119.51" y="23.83"/>
        <vehicle id="cfm-slow_4" eclass="HBEFA3/PC_G_EU4" CO2="0.00" CO="0.00" HC="0.00" NOx="0.00" PMx="0.00" fuel="0.00" electricity="0.00" noise="72.98" route="routebottom" type="cfm-slow" waiting="0.00" lane="right_0" pos="5.47" speed="30.84" angle="354.61" x="131.24" y="75.47"/>
        <vehicle id="cfm-slow_5" eclass="HBEFA3/PC_G_EU4" CO2="0.00" CO="0.00" HC="0.00" NOx="0.00" PMx="0.00" fuel="0.00" electricity="0.00" noise="71.74" route="routebottom" type="cfm-slow" waiting="0.00" lane="right_0" pos="31.38" speed="29.30" angle="308.05" x="101.56" y="120.84"/>
    </timestep>
    <timestep time="8.63">
        <vehicle id="cfm-fast_0" eclass="HBEFA3/PC_G_EU4" CO2="224171.31" CO="5081.78" HC="28.78" NOx="104.50" PMx="6.06" fuel="96.36" electricity="0.00" noise="142.44" route="routetop" type="cfm-fast" waiting="0.00" lane="top_1" pos="28.37" speed="57.19" angle="223.42" x="12.86" y="104.70"/>
        <vehicle id="cfm-fast_1" eclass="HBEFA3/PC_G_EU4" CO2="0.00" CO="0.00" HC="0.00" NOx="0.00" PMx="0.00" fuel="0.00" electricity="0.00" noise="69.75" route="routetop" type="cfm-fast" waiting="0.00" lane="top_0" pos="7.88" speed="23.38" angle="260.25" x="46.80" y="130.16"/>
        <vehicle id="cfm-fast_2" eclass="HBEFA3/PC_G_EU4" CO2="4744.75" CO="22.71" HC="0.22" NOx="1.62" PMx="0.08" fuel="2.04" electricity="0.00" noise="70.50" route="routetop" type="cfm-fast" waiting="0.00" lane="top_0" pos="22.16" speed="22.87" angle="234.57" x="19.66" y="116.29"/>
        <vehicle id="cfm-fast_3" eclass="HBEFA3/PC_G_EU4" CO2="8463.29" CO="99.61" HC="0.66" NOx="3.37" PMx="0.18" fuel="3.64" electricity="0.00" noise="71.93" route="routetop" type="cfm-fast" waiting="0.00" lane="top_0" pos="36.00" speed="23.09" angle="209.78" x="1.60" y="92.92"/>
        <vehicle id="cfm-fast_4" eclass="HBEFA3/PC_G_EU4" CO2="0.00" CO="0.00" HC="0.00" NOx="0.00" PMx="0.00" fuel="0.00" electricity="0.00" noise="86.78" route="routebottom" type="cfm-fast" waiting="0.00" lane="bottom_1" pos="40.65" speed="82.63" angle="21.34" x="126.17" y="44.73"/>
        <vehicle id="cfm-fast_5" eclass="HBEFA3/PC_G_EU4" CO2="11386.74" CO="161.38" HC="1.02" NOx="4.73" PMx="0.25" fuel="4.89" electricity="0.00" noise="73.46" route="routetop" type="cfm-fast" waiting="0.00" lane="left_0" pos="0.13" speed="23.90" angle="184.24" x="-4.94" y="63.28"/>
        <vehicle id="cfm-slow_0" eclass="HBEFA3/PC_G_EU4" CO2="13887.11" CO="216.23" HC="1.33" NOx="5.89" PMx="0.32" fuel="5.97" electricity="0.00" noise="74.91" route="routetop" type="cfm-slow" waiting="0.00" lane="left_0" pos="15.13" speed="25.10" angle="157.20" x="2.68" y="32.23"/>
        <vehicle id="cfm-slow_1" eclass="HBEFA3/PC_G_EU4" CO2="16527.96" CO="276.40" HC="1.67" NOx="7.10" PMx="0.39" fuel="7.10" electricity="0.00" noise="76.42" route="routetop" type="cfm-slow" waiting="0.00" lane="left_0" pos="35.37" speed="26.58" angle="120.87" x="33.19" y="2.20"/>
        <vehicle id="cfm-slow_2" eclass="HBEFA3/PC_G_EU4" CO2="18044.84" CO="316.66" HC="1.89" NOx="7.78" PMx="0.44" fuel="7.76" electricity="0.00" noise="77.36" route="routebottom" type="cfm-slow" waiting="0.00" lane="bottom_0" pos="7.11" speed="28.30" angle="81.63" x="78.92" y="-3.22"/>
        <vehicle id="cfm-slow_3" eclass="HBEFA3/PC_G_EU4" CO2="12906.09" CO="222.39" HC="1.34" NOx="5.32" PMx="0.31" fuel="5.55" electricity="0.00" noise="75.74" route="routebottom" type="cfm-slow" waiting="0.00" lane="bottom_0" pos="30.59" speed="30.02" angle="39.42" x="119.88" y="24.35"/>
        <vehicle id="cfm-slow_4" eclass="HBEFA3/PC_G_EU4" CO2="0.00" CO="0.00" HC="0.00" NOx="0.00" PMx="0.00" fuel="0.00" electricity="0.00" noise="72.97" route="routebottom" type="cfm-slow" waiting="0.00" lane="right_0" pos="5.78" speed="30.83" angle="354.03" x="131.12" y="76.12"/>
        <vehicle id="cfm-slow_5" eclass="HBEFA3/PC_G_EU4" CO2="0.00" CO="0.00" HC="0.00" NOx="0.00" PMx="0.00" fuel="0.00" electricity="0.00" noise="71.72" route="routebottom" type="cfm-slow" waiting="0.00" lane="right_0" pos="31.67" speed="29.26" angle="307.52" x="101.04" y="121.19"/>
    </timestep>
    <timestep time="8.64">
        <vehicle id="cfm-fast_0" eclass="HBEFA3/PC_G_EU4" CO2="224760.91" CO="5098.04" HC="28.87" NOx="104.77" PMx="6.08" fuel="96.61" electricity="0.00" noise="142.51" route="routetop" type="cfm-fast" waiting="0.00" lane="top_1" pos="28.95" speed="57.33" angle="222.37" x="12.14" y="103.77"/>
        <vehicle id="cfm-fast_1" eclass="HBEFA3/PC_G_EU4" CO2="0.00" CO="0.00" HC="0.00" NOx="0.00" PMx="0.00" fuel="0.00" electricity="0.00" noise="69.75" route="routetop" type="cfm-fast" waiting="0.00" lane="top_0" pos="8.11" speed="23.37" angle="259.82" x="46.31" y="130.03"/>
        <vehicle id="cfm-fast_2" eclass="HBEFA3/PC_G_EU4" CO2="4781.26" CO="23.47" HC="0.22" NOx="1.64" PMx="0.08" fuel="2.06" electricity="0.00" noise="70.51" route="routetop" type="cfm-fast" waiting="0.00" lane="top_0" pos="22.39" speed="22.87" angle="234.14" x="19.28" y="115.97"/>
        <vehicle id="cfm-fast_3" eclass="HBEFA3/PC_G_EU4" CO2="8491.19" CO="100.20" HC="0.67" NOx="3.39" PMx="0.18" fuel="3.65" electricity="0.00" noise="71.95" route="routetop" type="cfm-fast" waiting="0.00" lane="top_0" pos="36.23" speed="23.10" angle="209.34" x="1.40" y="92.47"/>
        <vehicle id="cfm-fast_4" eclass="HBEFA3/PC_G_EU4" CO2="0.00" CO="0.00" HC="0.00" NOx="0.00" PMx="0.00" fuel="0.00" electricity="0.00" noise="86.76" route="routebottom" type="cfm-fast" waiting="0.00" lane="bottom_1" pos="41.48" speed="82.53" angle="19.87" x="126.63" y="46.36"/>
        <vehicle id="cfm-fast_5" eclass="HBEFA3/PC_G_EU4" CO2="11410.19" CO="161.89" HC="1.02" NOx="4.75" PMx="0.25" fuel="4.90" electricity="0.00" noise="73.48" route="routetop" type="cfm-fast" waiting="0.00" lane="left_0" pos="0.37" speed="23.91" angle="183.80" x="-4.93" y="62.77"/>
        <vehicle id="cfm-slow_0" eclass="HBEFA3/PC_G_EU4" CO2="13911.89" CO="216.79" HC="1.33" NOx="5.90" PMx="0.32" fuel="5.98" electricity="0.00" noise="74.93" route="routetop" type="cfm-slow" waiting="0.00" lane="left_0" pos="15.39" speed="25.12" angle="156.80" x="2.92" y="31.74"/>
        <vehicle id="cfm-slow_1" eclass="HBEFA3/PC_G_EU4" CO2="16543.35" CO="276.79" HC="1.67" NOx="7.11" PMx="0.39" fuel="7.11" electricity="0.00" noise="76.43" route="routetop" type="cfm-slow" waiting="0.00" lane="left_0" pos="35.63" speed="26.60" angle="120.38" x="33.71" y="1.94"/>
        <vehicle id="cfm-slow_2" eclass="HBEFA3/PC_G_EU4" CO2="18001.64" CO="315.87" HC="1.89" NOx="7.76" PMx="0.44" fuel="7.74" electricity="0.00" noise="77.35" route="routebottom" type="cfm-slow" waiting="0.00" lane="bottom_0" pos="7.39" speed="28.32" angle="81.09" x="79.51" y="-3.08"/>
        <vehicle id="cfm-slow_3" eclass="HBEFA3/PC_G_EU4" CO2="12743.96" CO="219.12" HC="1.32" NOx="5.24" PMx="0.31" fuel="5.48" electricity="0.00" noise="75.69" route="routebottom" type="cfm-slow" waiting="0.00" lane="bottom_0" pos="30.89" speed="30.03" angle="38.93" x="120.25" y="24.88"/>
        <vehicle id="cfm-slow_4" eclass="HBEFA3/PC_G_EU4" CO2="0.00" CO="0.00" HC="0.00" NOx="0.00" PMx="0.00" fuel="0.00" electricity="0.00" noise="72.95" route="routebottom" type="cfm-slow" waiting="0.00" lane="right_0" pos="6.09" speed="30.81" angle="353.46" x="131.00" y="76.77"/>
        <vehicle id="cfm-slow_5" eclass="HBEFA3/PC_G_EU4" CO2="0.00" CO="0.00" HC="0.00" NOx="0.00" PMx="0.00" fuel="0.00" electricity="0.00" noise="71.70" route="routebottom" type="cfm-slow" waiting="0.00" lane="right_0" pos="31.96" speed="29.23" angle="307.01" x="100.52" y="121.54"/>
    </timestep>
    <timestep time="8.65">
        <vehicle id="cfm-fast_0" eclass="HBEFA3/PC_G_EU4" CO2="225350.81" CO="5114.31" HC="28.96" NOx="105.05" PMx="6.10" fuel="96.87" electricity="0.00" noise="142.57" route="routetop" type="cfm-fast" waiting="0.00" lane="top_1" pos="29.52" speed="57.46" angle="221.38" x="11.42" y="102.84"/>
        <vehicle id="cfm-fast_1" eclass="HBEFA3/PC_G_EU4" CO2="0.00" CO="0.00" HC="0.00" NOx="0.00" PMx="0.00" fuel="0.00" electricity="0.00" noise="69.76" route="routetop" type="cfm-fast" waiting="0.00" lane="top_0" pos="8.34" speed="23.37" angle="259.39" x="45.83" y="129.90"/>
        <vehicle id="cfm-fast_2" eclass="HBEFA3/PC_G_EU4" CO2="4817.70" CO="24.22" HC="0.23" NOx="1.66" PMx="0.08" fuel="2.07" electricity="0.00" noise="70.53" route="routetop" type="cfm-fast" waiting="0.00" lane="top_0" pos="22.62" speed="22.87" angle="233.71" x="18.91" y="115.65"/>
        <vehicle id="cfm-fast_3" eclass="HBEFA3/PC_G_EU4" CO2="8519.04" CO="100.78" HC="0.67" NOx="3.40" PMx="0.18" fuel="3.66" electricity="0.00" noise="71.96" route="routetop" type="cfm-fast" waiting="0.00" lane="top_0" pos="36.46" speed="23.11" angle="208.91" x="1.19" y="92.01"/>
        <vehicle id="cfm-fast_4" eclass="HBEFA3/PC_G_EU4" CO2="0.00" CO="0.00" HC="0.00" NOx="0.00" PMx="0.00" fuel="0.00" electricity="0.00" noise="86.74" route="routebottom" type="cfm-fast" waiting="0.00" lane="bottom_1" pos="42.30" speed="82.43" angle="18.38" x="127.06" y="48.00"/>
        <vehicle id="cfm-fast_5" eclass="HBEFA3/PC_G_EU4" CO2="11433.66" CO="162.40" HC="1.02" NOx="4.76" PMx="0.25" fuel="4.91" electricity="0.00" noise="73.49" route="routetop" type="cfm-fast" waiting="0.00" lane="left_0" pos="0.61" speed="23.92" angle="183.37" x="-4.92" y="62.25"/>
        <vehicle id="cfm-slow_0" eclass="HBEFA3/PC_G_EU4" CO2="13936.60" CO="217.34" HC="1.34" NOx="5.91" PMx="0.32" fuel="5.99" electricity="0.00" noise="74.94" route="routetop" type="cfm-slow" waiting="0.00" lane="left_0" pos="15.64" speed="25.13" angle="156.33" x="3.19" y="31.27"/>
        <vehicle id="cfm-slow_1" eclass="HBEFA3/PC_G_EU4" CO2="16558.23" CO="277.18" HC="1.68" NOx="7.11" PMx="0.40" fuel="7.12" electricity="0.00" noise="76.44" route="routetop" type="cfm-slow" waiting="0.00" lane="left_0" pos="35.90" speed="26.62" angle="119.94" x="34.22" y="1.69"/>
        <vehicle id="cfm-slow_2" eclass="HBEFA3/PC_G_EU4" CO2="17957.35" CO="315.06" HC="1.88" NOx="7.74" PMx="0.44" fuel="7.72" electricity="0.00" noise="77.33" route="routebottom" type="cfm-slow" waiting="0.00" lane="bottom_0" pos="7.67" speed="28.33" angle="80.62" x="80.11" y="-2.94"/>
        <vehicle id="cfm-slow_3" eclass="HBEFA3/PC_G_EU4" CO2="12581.45" CO="215.84" HC="1.30" NOx="5.16" PMx="0.30" fuel="5.41" electricity="0.00" noise="75.64" route="routebottom" type="cfm-slow" waiting="0.00" lane="bottom_0" pos="31.19" speed="30.04" angle="38.39" x="120.61" y="25.42"/>
        <vehicle id="cfm-slow_4" eclass="HBEFA3/PC_G_EU4" CO2="0.00" CO="0.00" HC="0.00" NOx="0.00" PMx="0.00" fuel="0.00" electricity="0.00" noise="72.93" route="routebottom" type="cfm-slow" waiting="0.00" lane="right_0" pos="6.39" speed="30.80" angle="352.94" x="130.88" y="77.42"/>
        <vehicle id="cfm-slow_5" eclass="HBEFA3/PC_G_EU4" CO2="0.00" CO="0.00" HC="0.00" NOx="0.00" PMx="0.00" fuel="0.00" electricity="0.00" noise="71.69" route="routebottom" type="cfm-slow" waiting="0.00" lane="right_0" pos="32.26" speed="29.19" angle="306.52" x="99.98" y="121.87"/>
    </timestep>
    <timestep time="8.66">
        <vehicle id="cfm-fast_0" eclass="HBEFA3/PC_G_EU4" CO2="225941.00" CO="5130.61" HC="29.05" NOx="105.33" PMx="6.11" fuel="97.12" electricity="0.00" noise="142.64" route="routetop" type="cfm-fast" waiting="0.00" lane="top_1" pos="30.10" speed="57.60" angle="220.29" x="10.73" y="101.88"/>
        <vehicle id="cfm-fast_1" eclass="HBEFA3/PC_G_EU4" CO2="0.00" CO="0.00" HC="0.00" NOx="0.00" PMx="0.00" fuel="0.00" electricity="0.00" noise="69.76" route="routetop" type="cfm-fast" waiting="0.00" lane="top_0" pos="8.58" speed="23.36" angle="258.96" x="45.34" y="129.77"/>
        <vehicle id="cfm-fast_2" eclass="HBEFA3/PC_G_EU4" CO2="4854.05" CO="24.97" HC="0.23" NOx="1.68" PMx="0.08" fuel="2.09" electricity="0.00" noise="70.54" route="routetop" type="cfm-fast" waiting="0.00" lane="top_0" pos="22.85" speed="22.87" angle="233.28" x="18.53" y="115.33"/>
        <vehicle id="cfm-fast_3" eclass="HBEFA3/PC_G_EU4" CO2="8546.86" CO="101.37" HC="0.67" NOx="3.41" PMx="0.18" fuel="3.67" electricity="0.00" noise="71.97" route="routetop" type="cfm-fast" waiting="0.00" lane="top_0" pos="36.69" speed="23.11" angle="208.48" x="0.99" y="91.56"/>
        <vehicle id="cfm-fast_4" eclass="HBEFA3/PC_G_EU4" CO2="0.00" CO="0.00" HC="0.00" NOx="0.00" PMx="0.00" fuel="0.00" electricity="0.00" noise="86.72" route="routebottom" type="cfm-fast" waiting="0.00" lane="bottom_1" pos="43.12" speed="82.32" angle="16.94" x="127.44" y="49.64"/>
        <vehicle id="cfm-fast_5" eclass="HBEFA3/PC_G_EU4" CO2="11457.14" CO="162.91" HC="1.03" NOx="4.77" PMx="0.25" fuel="4.92" electricity="0.00" noise="73.50" route="routetop" type="cfm-fast" waiting="0.00" lane="left_0" pos="0.85" speed="23.93" angle="182.94" x="-4.91" y="61.74"/>
        <vehicle id="cfm-slow_0" eclass="HBEFA3/PC_G_EU4" CO2="13961.23" CO="217.90" HC="1.34" NOx="5.92" PMx="0.32" fuel="6.00" electricity="0.00" noise="74.96" route="routetop" type="cfm-slow" waiting="0.00" lane="left_0" pos="15.89" speed="25.15" angle="155.87" x="3.45" y="30.80"/>
        <vehicle id="cfm-slow_1" eclass="HBEFA3/PC_G_EU4" CO2="16572.60" CO="277.55" HC="1.68" NOx="7.12" PMx="0.40" fuel="7.12" electricity="0.00" noise="76.45" route="routetop" type="cfm-slow" waiting="0.00" lane="left_0" pos="36.17" speed="26.63" angle="119.45" x="34.74" y="1.45"/>
        <vehicle id="cfm-slow_2" eclass="HBEFA3/PC_G_EU4" CO2="17911.96" CO="314.23" HC="1.88" NOx="7.71" PMx="0.44" fuel="7.70" electricity="0.00" noise="77.31" route="routebottom" type="cfm-slow" waiting="0.00" lane="bottom_0" pos="7.96" speed="28.35" angle="80.10" x="80.70" y="-2.79"/>
        <vehicle id="cfm-slow_3" eclass="HBEFA3/PC_G_EU4" CO2="12418.58" CO="212.55" HC="1.28" NOx="5.09" PMx="0.30" fuel="5.34" electricity="0.00" noise="75.60" route="routebottom" type="cfm-slow" waiting="0.00" lane="bottom_0" pos="31.49" speed="30.05" angle="37.85" x="120.97" y="25.96"/>
        <vehicle id="cfm-slow_4" eclass="HBEFA3/PC_G_EU4" CO2="0.00" CO="0.00" HC="0.00" NOx="0.00" PMx="0.00" fuel="0.00" electricity="0.00" noise="72.91" route="routebottom" type="cfm-slow" waiting="0.00" lane="right_0" pos="6.70" speed="30.79" angle="352.37" x="130.73" y="78.07"/>
        <vehicle id="cfm-slow_5" eclass="HBEFA3/PC_G_EU4" CO2="0.00" CO="0.00" HC="0.00" NOx="0.00" PMx="0.00" fuel="0.00" electricity="0.00" noise="71.67" route="routebottom" type="cfm-slow" waiting="0.00" lane="right_0" pos="32.55" speed="29.16" angle="305.96" x="99.44" y="122.19"/>
    </timestep>
    <timestep time="8.67">
        <vehicle id="cfm-fast_0" eclass="HBEFA3/PC_G_EU4" CO2="226531.48" CO="5146.93" HC="29.13" NOx="105.60" PMx="6.13" fuel="97.37" electricity="0.00" noise="142.70" route="routetop" type="cfm-fast" waiting="0.00" lane="top_1" pos="30.67" speed="57.74" angle="219.21" x="10.04" y="100.92"/>
        <vehicle id="cfm-fast_1" eclass="HBEFA3/PC_G_EU4" CO2="0.00" CO="0.00" HC="0.00" NOx="0.00" PMx="0.00" fuel="0.00" electricity="0.00" noise="69.77" route="routetop" type="cfm-fast" waiting="0.00" lane="top_0" pos="8.81" speed="23.36" angle="258.54" x="44.86" y="129.64"/>
        <vehicle id="cfm-fast_2" eclass="HBEFA3/PC_G_EU4" CO2="4890.31" CO="25.72" HC="0.24" NOx="1.69" PMx="0.08" fuel="2.10" electricity="0.00" noise="70.55" route="routetop" type="cfm-fast" waiting="0.00" lane="top_0" pos="23.08" speed="22.88" angle="232.94" x="18.16" y="115.02"/>
        <vehicle id="cfm-fast_3" eclass="HBEFA3/PC_G_EU4" CO2="8574.64" CO="101.95" HC="0.68" NOx="3.43" PMx="0.18" fuel="3.69" electricity="0.00" noise="71.99" route="routetop" type="cfm-fast" waiting="0.00" lane="top_0" pos="36.92" speed="23.12" angle="208.04" x="0.79" y="91.11"/>
        <vehicle id="cfm-fast_4" eclass="HBEFA3/PC_G_EU4" CO2="0.00" CO="0.00" HC="0.00" NOx="0.00" PMx="0.00" fuel="0.00" electricity="0.00" noise="86.70" route="routebottom" type="cfm-fast" waiting="0.00" lane="bottom_1" pos="43.95" speed="82.22" angle="15.48" x="127.79" y="51.29"/>
        <vehicle id="cfm-fast_5" eclass="HBEFA3/PC_G_EU4" CO2="11480.64" CO="163.43" HC="1.03" NOx="4.78" PMx="0.26" fuel="4.93" electricity="0.00" noise="73.52" route="routetop" type="cfm-fast" waiting="0.00" lane="left_0" pos="1.09" speed="23.95" angle="182.50" x="-4.90" y="61.22"/>
        <vehicle id="cfm-slow_0" eclass="HBEFA3/PC_G_EU4" CO2="13985.77" CO="218.46" HC="1.34" NOx="5.93" PMx="0.32" fuel="6.01" electricity="0.00" noise="74.97" route="routetop" type="cfm-slow" waiting="0.00" lane="left_0" pos="16.14" speed="25.16" angle="155.41" x="3.71" y="30.32"/>
        <vehicle id="cfm-slow_1" eclass="HBEFA3/PC_G_EU4" CO2="16586.45" CO="277.91" HC="1.68" NOx="7.13" PMx="0.40" fuel="7.13" electricity="0.00" noise="76.46" route="routetop" type="cfm-slow" waiting="0.00" lane="left_0" pos="36.43" speed="26.65" angle="118.95" x="35.26" y="1.21"/>
        <vehicle id="cfm-slow_2" eclass="HBEFA3/PC_G_EU4" CO2="17865.49" CO="313.38" HC="1.87" NOx="7.69" PMx="0.44" fuel="7.68" electricity="0.00" noise="77.29" route="routebottom" type="cfm-slow" waiting="0.00" lane="bottom_0" pos="8.24" speed="28.37" angle="79.58" x="81.29" y="-2.63"/>
        <vehicle id="cfm-slow_3" eclass="HBEFA3/PC_G_EU4" CO2="12255.39" CO="209.25" HC="1.26" NOx="5.01" PMx="0.30" fuel="5.27" electricity="0.00" noise="75.55" route="routebottom" type="cfm-slow" waiting="0.00" lane="bottom_0" pos="31.79" speed="30.06" angle="37.31" x="121.33" y="26.49"/>
        <vehicle id="cfm-slow_4" eclass="HBEFA3/PC_G_EU4" CO2="0.00" CO="0.00" HC="0.00" NOx="0.00" PMx="0.00" fuel="0.00" electricity="0.00" noise="72.89" route="routebottom" type="cfm-slow" waiting="0.00" lane="right_0" pos="7.01" speed="30.77" angle="351.79" x="130.59" y="78.72"/>
        <vehicle id="cfm-slow_5" eclass="HBEFA3/PC_G_EU4" CO2="0.00" CO="0.00" HC="0.00" NOx="0.00" PMx="0.00" fuel="0.00" electricity="0.00" noise="71.65" route="routebottom" type="cfm-slow" waiting="0.00" lane="right_0" pos="32.84" speed="29.12" angle="305.41" x="98.91" y="122.52"/>
    </timestep>
    <timestep time="8.68">
        <vehicle id="cfm-fast_0" eclass="HBEFA3/PC_G_EU4" CO2="227122.25" CO="5163.27" HC="29.22" NOx="105.88" PMx="6.15" fuel="97.63" electricity="0.00" noise="142.77" route="routetop" type="cfm-fast" waiting="0.00" lane="top_1" pos="31.25" speed="57.87" angle="218.21" x="9.37" y="99.94"/>
        <vehicle id="cfm-fast_1" eclass="HBEFA3/PC_G_EU4" CO2="0.00" CO="0.00" HC="0.00" NOx="0.00" PMx="0.00" fuel="0.00" electricity="0.00" noise="69.77" route="routetop" type="cfm-fast" waiting="0.00" lane="top_0" pos="9.04" speed="23.35" angle="258.17" x="44.37" y="129.51"/>
        <vehicle id="cfm-fast_2" eclass="HBEFA3/PC_G_EU4" CO2="4926.49" CO="26.47" HC="0.24" NOx="1.71" PMx="0.08" fuel="2.12" electricity="0.00" noise="70.56" route="routetop" type="cfm-fast" waiting="0.00" lane="top_0" pos="23.31" speed="22.88" angle="232.52" x="17.79" y="114.68"/>
        <vehicle id="cfm-fast_3" eclass="HBEFA3/PC_G_EU4" CO2="8602.38" CO="102.54" HC="0.68" NOx="3.44" PMx="0.18" fuel="3.70" electricity="0.00" noise="72.00" route="routetop" type="cfm-fast" waiting="0.00" lane="top_0" pos="37.15" speed="23.13" angle="207.66" x="0.58" y="90.65"/>
        <vehicle id="cfm-fast_4" eclass="HBEFA3/PC_G_EU4" CO2="0.00" CO="0.00" HC="0.00" NOx="0.00" PMx="0.00" fuel="0.00" electricity="0.00" noise="86.69" route="routebottom" type="cfm-fast" waiting="0.00" lane="bottom_1" pos="44.77" speed="82.12" angle="13.89" x="128.09" y="52.95"/>
        <vehicle id="cfm-fast_5" eclass="HBEFA3/PC_G_EU4" CO2="11504.16" CO="163.94" HC="1.03" NOx="4.79" PMx="0.26" fuel="4.95" electricity="0.00" noise="73.53" route="routetop" type="cfm-fast" waiting="0.00" lane="left_0" pos="1.33" speed="23.96" angle="182.09" x="-4.88" y="60.71"/>
        <vehicle id="cfm-slow_0" eclass="HBEFA3/PC_G_EU4" CO2="14010.23" CO="219.01" HC="1.35" NOx="5.94" PMx="0.32" fuel="6.02" electricity="0.00" noise="74.98" route="routetop" type="cfm-slow" waiting="0.00" lane="left_0" pos="16.39" speed="25.18" angle="154.94" x="3.97" y="29.85"/>
        <vehicle id="cfm-slow_1" eclass="HBEFA3/PC_G_EU4" CO2="16599.77" CO="278.27" HC="1.68" NOx="7.13" PMx="0.40" fuel="7.14" electricity="0.00" noise="76.47" route="routetop" type="cfm-slow" waiting="0.00" lane="left_0" pos="36.70" speed="26.67" angle="118.45" x="35.79" y="0.98"/>
        <vehicle id="cfm-slow_2" eclass="HBEFA3/PC_G_EU4" CO2="17817.93" CO="312.50" HC="1.87" NOx="7.67" PMx="0.43" fuel="7.66" electricity="0.00" noise="77.27" route="routebottom" type="cfm-slow" waiting="0.00" lane="bottom_0" pos="8.52" speed="28.39" angle="79.05" x="81.88" y="-2.47"/>
        <vehicle id="cfm-slow_3" eclass="HBEFA3/PC_G_EU4" CO2="12091.88" CO="205.94" HC="1.24" NOx="4.93" PMx="0.29" fuel="5.20" electricity="0.00" noise="75.50" route="routebottom" type="cfm-slow" waiting="0.00" lane="bottom_0" pos="32.09" speed="30.07" angle="36.83" x="121.69" y="27.03"/>
        <vehicle id="cfm-slow_4" eclass="HBEFA3/PC_G_EU4" CO2="0.00" CO="0.00" HC="0.00" NOx="0.00" PMx="0.00" fuel="0.00" electricity="0.00" noise="72.88" route="routebottom" type="cfm-slow" waiting="0.00" lane="right_0" pos="7.32" speed="30.76" angle="351.21" x="130.44" y="79.36"/>
        <vehicle id="cfm-slow_5" eclass="HBEFA3/PC_G_EU4" CO2="0.00" CO="0.00" HC="0.00" NOx="0.00" PMx="0.00" fuel="0.00" electricity="0.00" noise="71.63" route="routebottom" type="cfm-slow" waiting="0.00" lane="right_0" pos="33.13" speed="29.08" angle="304.86" x="98.37" y="122.84"/>
    </timestep>
    <timestep time="8.69">
        <vehicle id="cfm-fast_0" eclass="HBEFA3/PC_G_EU4" CO2="227713.32" CO="5179.63" HC="29.31" NOx="106.16" PMx="6.16" fuel="97.88" electricity="0.00" noise="142.84" route="routetop" type="cfm-fast" waiting="0.00" lane="top_1" pos="31.83" speed="58.01" angle="217.17" x="8.71" y="98.95"/>
        <vehicle id="cfm-fast_1" eclass="HBEFA3/PC_G_EU4" CO2="0.00" CO="0.00" HC="0.00" NOx="0.00" PMx="0.00" fuel="0.00" electricity="0.00" noise="69.78" route="routetop" type="cfm-fast" waiting="0.00" lane="top_0" pos="9.28" speed="23.35" angle="257.75" x="43.89" y="129.36"/>
        <vehicle id="cfm-fast_2" eclass="HBEFA3/PC_G_EU4" CO2="4962.59" CO="27.21" HC="0.25" NOx="1.73" PMx="0.08" fuel="2.13" electricity="0.00" noise="70.57" route="routetop" type="cfm-fast" waiting="0.00" lane="top_0" pos="23.54" speed="22.88" angle="232.11" x="17.43" y="114.35"/>
        <vehicle id="cfm-fast_3" eclass="HBEFA3/PC_G_EU4" CO2="8630.09" CO="103.12" HC="0.68" NOx="3.45" PMx="0.18" fuel="3.71" electricity="0.00" noise="72.02" route="routetop" type="cfm-fast" waiting="0.00" lane="top_0" pos="37.38" speed="23.14" angle="207.26" x="0.39" y="90.19"/>
        <vehicle id="cfm-fast_4" eclass="HBEFA3/PC_G_EU4" CO2="0.00" CO="0.00" HC="0.00" NOx="0.00" PMx="0.00" fuel="0.00" electricity="0.00" noise="86.67" route="routebottom" type="cfm-fast" waiting="0.00" lane="bottom_1" pos="45.59" speed="82.02" angle="12.44" x="128.33" y="54.61"/>
        <vehicle id="cfm-fast_5" eclass="HBEFA3/PC_G_EU4" CO2="11527.69" CO="164.45" HC="1.03" NOx="4.80" PMx="0.26" fuel="4.96" electricity="0.00" noise="73.55" route="routetop" type="cfm-fast" waiting="0.00" lane="left_0" pos="1.57" speed="23.97" angle="181.66" x="-4.85" y="60.19"/>
        <vehicle id="cfm-slow_0" eclass="HBEFA3/PC_G_EU4" CO2="14034.60" CO="219.56" HC="1.35" NOx="5.95" PMx="0.33" fuel="6.03" electricity="0.00" noise="75.00" route="routetop" type="cfm-slow" waiting="0.00" lane="left_0" pos="16.64" speed="25.19" angle="154.53" x="4.23" y="29.37"/>
        <vehicle id="cfm-slow_1" eclass="HBEFA3/PC_G_EU4" CO2="16612.56" CO="278.61" HC="1.68" NOx="7.14" PMx="0.40" fuel="7.14" electricity="0.00" noise="76.48" route="routetop" type="cfm-slow" waiting="0.00" lane="left_0" pos="36.97" speed="26.68" angle="117.95" x="36.31" y="0.74"/>
        <vehicle id="cfm-slow_2" eclass="HBEFA3/PC_G_EU4" CO2="17769.30" CO="311.60" HC="1.86" NOx="7.65" PMx="0.43" fuel="7.64" electricity="0.00" noise="77.25" route="routebottom" type="cfm-slow" waiting="0.00" lane="bottom_0" pos="8.81" speed="28.40" angle="78.53" x="82.47" y="-2.31"/>
        <vehicle id="cfm-slow_3" eclass="HBEFA3/PC_G_EU4" CO2="11928.10" CO="202.63" HC="1.22" NOx="4.85" PMx="0.29" fuel="5.13" electricity="0.00" noise="75.45" route="routebottom" type="cfm-slow" waiting="0.00" lane="bottom_0" pos="32.39" speed="30.07" angle="36.27" x="122.02" y="27.59"/>
        <vehicle id="cfm-slow_4" eclass="HBEFA3/PC_G_EU4" CO2="0.00" CO="0.00" HC="0.00" NOx="0.00" PMx="0.00" fuel="0.00" electricity="0.00" noise="72.86" route="routebottom" type="cfm-slow" waiting="0.00" lane="right_0" pos="7.62" speed="30.74" angle="350.69" x="130.30" y="80.01"/>
        <vehicle id="cfm-slow_5" eclass="HBEFA3/PC_G_EU4" CO2="0.00" CO="0.00" HC="0.00" NOx="0.00" PMx="0.00" fuel="0.00" electricity="0.00" noise="71.62" route="routebottom" type="cfm-slow" waiting="0.00" lane="right_0" pos="33.42" speed="29.05" angle="304.38" x="97.83" y="123.15"/>
    </timestep>
    <timestep time="8.70">
        <vehicle id="cfm-fast_0" eclass="HBEFA3/PC_G_EU4" CO2="228304.68" CO="5196.01" HC="29.40" NOx="106.43" PMx="6.18" fuel="98.14" electricity="0.00" noise="142.90" route="routetop" type="cfm-fast" waiting="0.00" lane="top_1" pos="32.41" speed="58.15" angle="216.18" x="8.08" y="97.94"/>
        <vehicle id="cfm-fast_1" eclass="HBEFA3/PC_G_EU4" CO2="0.00" CO="0.00" HC="0.00" NOx="0.00" PMx="0.00" fuel="0.00" electricity="0.00" noise="69.78" route="routetop" type="cfm-fast" waiting="0.00" lane="top_0" pos="9.51" speed="23.34" angle="257.33" x="43.41" y="129.21"/>
        <vehicle id="cfm-fast_2" eclass="HBEFA3/PC_G_EU4" CO2="4998.61" CO="27.96" HC="0.25" NOx="1.74" PMx="0.08" fuel="2.15" electricity="0.00" noise="70.59" route="routetop" type="cfm-fast" waiting="0.00" lane="top_0" pos="23.77" speed="22.88" angle="231.70" x="17.07" y="114.01"/>
        <vehicle id="cfm-fast_3" eclass="HBEFA3/PC_G_EU4" CO2="8657.76" CO="103.71" HC="0.69" NOx="3.46" PMx="0.18" fuel="3.72" electricity="0.00" noise="72.03" route="routetop" type="cfm-fast" waiting="0.00" lane="top_0" pos="37.62" speed="23.15" angle="206.83" x="0.21" y="89.73"/>
        <vehicle id="cfm-fast_4" eclass="HBEFA3/PC_G_EU4" CO2="0.00" CO="0.00" HC="0.00" NOx="0.00" PMx="0.00" fuel="0.00" electricity="0.00" noise="86.65" route="routebottom" type="cfm-fast" waiting="0.00" lane="bottom_1" pos="46.41" speed="81.93" angle="11.01" x="128.55" y="56.28"/>
        <vehicle id="cfm-fast_5" eclass="HBEFA3/PC_G_EU4" CO2="11551.23" CO="164.96" HC="1.04" NOx="4.81" PMx="0.26" fuel="4.97" electricity="0.00" noise="73.56" route="routetop" type="cfm-fast" waiting="0.00" lane="left_0" pos="1.81" speed="23.98" angle="181.23" x="-4.82" y="59.68"/>
        <vehicle id="cfm-slow_0" eclass="HBEFA3/PC_G_EU4" CO2="14058.87" CO="220.11" HC="1.35" NOx="5.97" PMx="0.33" fuel="6.04" electricity="0.00" noise="75.01" route="routetop" type="cfm-slow" waiting="0.00" lane="left_0" pos="16.90" speed="25.21" angle="154.07" x="4.51" y="28.91"/>
        <vehicle id="cfm-slow_1" eclass="HBEFA3/PC_G_EU4" CO2="16624.81" CO="278.94" HC="1.69" NOx="7.14" PMx="0.40" fuel="7.15" electricity="0.00" noise="76.48" route="routetop" type="cfm-slow" waiting="0.00" lane="left_0" pos="37.23" speed="26.70" angle="117.53" x="36.83" y="0.51"/>
        <vehicle id="cfm-slow_2" eclass="HBEFA3/PC_G_EU4" CO2="17719.60" CO="310.68" HC="1.86" NOx="7.62" PMx="0.43" fuel="7.62" electricity="0.00" noise="77.23" route="routebottom" type="cfm-slow" waiting="0.00" lane="bottom_0" pos="9.09" speed="28.42" angle="78.07" x="83.06" y="-2.14"/>
        <vehicle id="cfm-slow_3" eclass="HBEFA3/PC_G_EU4" CO2="11764.06" CO="199.31" HC="1.21" NOx="4.78" PMx="0.28" fuel="5.06" electricity="0.00" noise="75.40" route="routebottom" type="cfm-slow" waiting="0.00" lane="bottom_0" pos="32.69" speed="30.08" angle="35.71" x="122.35" y="28.14"/>
        <vehicle id="cfm-slow_4" eclass="HBEFA3/PC_G_EU4" CO2="0.00" CO="0.00" HC="0.00" NOx="0.00" PMx="0.00" fuel="0.00" electricity="0.00" noise="72.84" route="routebottom" type="cfm-slow" waiting="0.00" lane="right_0" pos="7.93" speed="30.73" angle="350.14" x="130.13" y="80.65"/>
        <vehicle id="cfm-slow_5" eclass="HBEFA3/PC_G_EU4" CO2="0.00" CO="0.00" HC="0.00" NOx="0.00" PMx="0.00" fuel="0.00" electricity="0.00" noise="71.60" route="routebottom" type="cfm-slow" waiting="0.00" lane="right_0" pos="33.71" speed="29.01" angle="303.85" x="97.28" y="123.45"/>
    </timestep>
    <timestep time="8.71">
        <vehicle id="cfm-fast_0" eclass="HBEFA3/PC_G_EU4" CO2="228896.33" CO="5212.42" HC="29.49" NOx="106.71" PMx="6.20" fuel="98.39" electricity="0.00" noise="142.97" route="routetop" type="cfm-fast" waiting="0.00" lane="top_1" pos="33.00" speed="58.28" angle="215.12" x="7.46" y="96.92"/>
        <vehicle id="cfm-fast_1" eclass="HBEFA3/PC_G_EU4" CO2="0.00" CO="0.00" HC="0.00" NOx="0.00" PMx="0.00" fuel="0.00" electricity="0.00" noise="69.79" route="routetop" type="cfm-fast" waiting="0.00" lane="top_0" pos="9.74" speed="23.34" angle="256.90" x="42.93" y="129.06"/>
        <vehicle id="cfm-fast_2" eclass="HBEFA3/PC_G_EU4" CO2="5034.54" CO="28.70" HC="0.25" NOx="1.76" PMx="0.09" fuel="2.16" electricity="0.00" noise="70.60" route="routetop" type="cfm-fast" waiting="0.00" lane="top_0" pos="23.99" speed="22.88" angle="231.29" x="16.71" y="113.68"/>
        <vehicle id="cfm-fast_3" eclass="HBEFA3/PC_G_EU4" CO2="8685.40" CO="104.29" HC="0.69" NOx="3.48" PMx="0.18" fuel="3.73" electricity="0.00" noise="72.05" route="routetop" type="cfm-fast" waiting="0.00" lane="top_0" pos="37.85" speed="23.15" angle="206.41" x="0.02" y="89.27"/>
        <vehicle id="cfm-fast_4" eclass="HBEFA3/PC_G_EU4" CO2="0.00" CO="0.00" HC="0.00" NOx="0.00" PMx="0.00" fuel="0.00" electricity="0.00" noise="86.63" route="routebottom" type="cfm-fast" waiting="0.00" lane="bottom_1" pos="47.22" speed="81.83" angle="9.56" x="128.72" y="57.95"/>
        <vehicle id="cfm-fast_5" eclass="HBEFA3/PC_G_EU4" CO2="11574.78" CO="165.48" HC="1.04" NOx="4.82" PMx="0.26" fuel="4.98" electricity="0.00" noise="73.57" route="routetop" type="cfm-fast" waiting="0.00" lane="left_0" pos="2.05" speed="23.99" angle="180.80" x="-4.79" y="59.16"/>
        <vehicle id="cfm-slow_0" eclass="HBEFA3/PC_G_EU4" CO2="14083.05" CO="220.66" HC="1.36" NOx="5.98" PMx="0.33" fuel="6.05" electricity="0.00" noise="75.03" route="routetop" type="cfm-slow" waiting="0.00" lane="left_0" pos="17.15" speed="25.22" angle="153.61" x="4.79" y="28.44"/>
        <vehicle id="cfm-slow_1" eclass="HBEFA3/PC_G_EU4" CO2="16636.53" CO="279.26" HC="1.69" NOx="7.15" PMx="0.40" fuel="7.15" electricity="0.00" noise="76.49" route="routetop" type="cfm-slow" waiting="0.00" lane="left_0" pos="37.50" speed="26.72" angle="117.04" x="37.37" y="0.29"/>
        <vehicle id="cfm-slow_2" eclass="HBEFA3/PC_G_EU4" CO2="17668.83" CO="309.74" HC="1.85" NOx="7.60" PMx="0.43" fuel="7.59" electricity="0.00" noise="77.21" route="routebottom" type="cfm-slow" waiting="0.00" lane="bottom_0" pos="9.38" speed="28.44" angle="77.54" x="83.64" y="-1.96"/>
        <vehicle id="cfm-slow_3" eclass="HBEFA3/PC_G_EU4" CO2="11599.78" CO="195.98" HC="1.19" NOx="4.70" PMx="0.28" fuel="4.99" electricity="0.00" noise="75.36" route="routebottom" type="cfm-slow" waiting="0.00" lane="bottom_0" pos="32.99" speed="30.09" angle="35.15" x="122.69" y="28.70"/>
        <vehicle id="cfm-slow_4" eclass="HBEFA3/PC_G_EU4" CO2="0.00" CO="0.00" HC="0.00" NOx="0.00" PMx="0.00" fuel="0.00" electricity="0.00" noise="72.83" route="routebottom" type="cfm-slow" waiting="0.00" lane="right_0" pos="8.24" speed="30.71" angle="349.58" x="129.96" y="81.28"/>
        <vehicle id="cfm-slow_5" eclass="HBEFA3/PC_G_EU4" CO2="0.00" CO="0.00" HC="0.00" NOx="0.00" PMx="0.00" fuel="0.00" electricity="0.00" noise="71.58" route="routebottom" type="cfm-slow" waiting="0.00" lane="right_0" pos="34.00" speed="28.98" angle="303.32" x="96.74" y="123.76"/>
    </timestep>
    <timestep time="8.72">
        <vehicle id="cfm-fast_0" eclass="HBEFA3/PC_G_EU4" CO2="229488.27" CO="5228.84" HC="29.58" NOx="106.99" PMx="6.22" fuel="98.65" electricity="0.00" noise="143.03" route="routetop" type="cfm-fast" waiting="0.00" lane="top_1" pos="33.58" speed="58.42" angle="214.11" x="6.86" y="95.88"/>
        <vehicle id="cfm-fast_1" eclass="HBEFA3/PC_G_EU4" CO2="0.00" CO="0.00" HC="0.00" NOx="0.00" PMx="0.00" fuel="0.00" electricity="0.00" noise="69.79" route="routetop" type="cfm-fast" waiting="0.00" lane="top_0" pos="9.98" speed="23.33" angle="256.48" x="42.45" y="128.91"/>
        <vehicle id="cfm-fast_2" eclass="HBEFA3/PC_G_EU4" CO2="5070.40" CO="29.44" HC="0.26" NOx="1.78" PMx="0.09" fuel="2.18" electricity="0.00" noise="70.61" route="routetop" type="cfm-fast" waiting="0.00" lane="top_0" pos="24.22" speed="22.89" angle="230.88" x="16.35" y="113.34"/>
        <vehicle id="cfm-fast_3" eclass="HBEFA3/PC_G_EU4" CO2="8713.00" CO="104.87" HC="0.69" NOx="3.49" PMx="0.18" fuel="3.75" electricity="0.00" noise="72.06" route="routetop" type="cfm-fast" waiting="0.00" lane="top_0" pos="38.08" speed="23.16" angle="205.98" x="-0.16" y="88.81"/>
        <vehicle id="cfm-fast_4" eclass="HBEFA3/PC_G_EU4" CO2="0.00" CO="0.00" HC="0.00" NOx="0.00" PMx="0.00" fuel="0.00" electricity="0.00" noise="86.62" route="routebottom" type="cfm-fast" waiting="0.00" lane="bottom_1" pos="48.04" speed="81.73" angle="8.06" x="128.84" y="59.62"/>
        <vehicle id="cfm-fast_5" eclass="HBEFA3/PC_G_EU4" CO2="11598.35" CO="165.99" HC="1.04" NOx="4.83" PMx="0.26" fuel="4.99" electricity="0.00" noise="73.59" route="routetop" type="cfm-fast" waiting="0.00" lane="left_0" pos="2.29" speed="24.01" angle="180.37" x="-4.76" y="58.65"/>
        <vehicle id="cfm-slow_0" eclass="HBEFA3/PC_G_EU4" CO2="14107.12" CO="221.20" HC="1.36" NOx="5.99" PMx="0.33" fuel="6.06" electricity="0.00" noise="75.04" route="routetop" type="cfm-slow" waiting="0.00" lane="left_0" pos="17.40" speed="25.24" angle="153.14" x="5.07" y="27.98"/>
        <vehicle id="cfm-slow_1" eclass="HBEFA3/PC_G_EU4" CO2="16647.69" CO="279.57" HC="1.69" NOx="7.15" PMx="0.40" fuel="7.16" electricity="0.00" noise="76.50" route="routetop" type="cfm-slow" waiting="0.00" lane="left_0" pos="37.77" speed="26.74" angle="116.55" x="37.90" y="0.08"/>
        <vehicle id="cfm-slow_2" eclass="HBEFA3/PC_G_EU4" CO2="17617.00" CO="308.77" HC="1.85" NOx="7.57" PMx="0.43" fuel="7.57" electricity="0.00" noise="77.19" route="routebottom" type="cfm-slow" waiting="0.00" lane="bottom_0" pos="9.66" speed="28.45" angle="77.02" x="84.22" y="-1.78"/>
        <vehicle id="cfm-slow_3" eclass="HBEFA3/PC_G_EU4" CO2="11435.30" CO="192.65" HC="1.17" NOx="4.62" PMx="0.27" fuel="4.92" electricity="0.00" noise="75.31" route="routebottom" type="cfm-slow" waiting="0.00" lane="bottom_0" pos="33.29" speed="30.10" angle="34.62" x="123.02" y="29.26"/>
        <vehicle id="cfm-slow_4" eclass="HBEFA3/PC_G_EU4" CO2="0.00" CO="0.00" HC="0.00" NOx="0.00" PMx="0.00" fuel="0.00" electricity="0.00" noise="72.81" route="routebottom" type="cfm-slow" waiting="0.00" lane="right_0" pos="8.55" speed="30.70" angle="349.02" x="129.79" y="81.92"/>
        <vehicle id="cfm-slow_5" eclass="HBEFA3/PC_G_EU4" CO2="0.00" CO="0.00" HC="0.00" NOx="0.00" PMx="0.00" fuel="0.00" electricity="0.00" noise="71.57" route="routebottom" type="cfm-slow" waiting="0.00" lane="right_0" pos="34.29" speed="28.94" angle="302.80" x="96.19" y="124.06"/>
    </timestep>
    <timestep time="8.73">
        <vehicle id="cfm-fast_0" eclass="HBEFA3/PC_G_EU4" CO2="230080.50" CO="5245.29" HC="29.67" NOx="107.26" PMx="6.23" fuel="98.90" electricity="0.00" noise="143.10" route="routetop" type="cfm-fast" waiting="0.00" lane="top_1" pos="34.17" speed="58.56" angle="213.04" x="6.28" y="94.83"/>
        <vehicle id="cfm-fast_1" eclass="HBEFA3/PC_G_EU4" CO2="0.00" CO="0.00" HC="0.00" NOx="0.00" PMx="0.00" fuel="0.00" electricity="0.00" noise="69.80" route="routetop" type="cfm-fast" waiting="0.00" lane="top_0" pos="10.21" speed="23.33" angle="256.11" x="41.98" y="128.76"/>
        <vehicle id="cfm-fast_2" eclass="HBEFA3/PC_G_EU4" CO2="5106.17" CO="30.18" HC="0.26" NOx="1.79" PMx="0.09" fuel="2.19" electricity="0.00" noise="70.62" route="routetop" type="cfm-fast" waiting="0.00" lane="top_0" pos="24.45" speed="22.89" angle="230.52" x="15.99" y="113.00"/>
        <vehicle id="cfm-fast_3" eclass="HBEFA3/PC_G_EU4" CO2="8740.57" CO="105.45" HC="0.70" NOx="3.50" PMx="0.18" fuel="3.76" electricity="0.00" noise="72.07" route="routetop" type="cfm-fast" waiting="0.00" lane="top_0" pos="38.31" speed="23.17" angle="205.56" x="-0.35" y="88.34"/>
        <vehicle id="cfm-fast_4" eclass="HBEFA3/PC_G_EU4" CO2="0.00" CO="0.00" HC="0.00" NOx="0.00" PMx="0.00" fuel="0.00" electricity="0.00" noise="86.60" route="routebottom" type="cfm-fast" waiting="0.00" lane="bottom_1" pos="48.86" speed="81.64" angle="6.57" x="128.92" y="61.29"/>
        <vehicle id="cfm-fast_5" eclass="HBEFA3/PC_G_EU4" CO2="11621.92" CO="166.51" HC="1.05" NOx="4.84" PMx="0.26" fuel="5.00" electricity="0.00" noise="73.60" route="routetop" type="cfm-fast" waiting="0.00" lane="left_0" pos="2.53" speed="24.02" angle="179.96" x="-4.73" y="58.13"/>
        <vehicle id="cfm-slow_0" eclass="HBEFA3/PC_G_EU4" CO2="14131.09" CO="221.75" HC="1.36" NOx="6.00" PMx="0.33" fuel="6.07" electricity="0.00" noise="75.06" route="routetop" type="cfm-slow" waiting="0.00" lane="left_0" pos="17.65" speed="25.25" angle="152.68" x="5.35" y="27.51"/>
        <vehicle id="cfm-slow_1" eclass="HBEFA3/PC_G_EU4" CO2="16658.31" CO="279.87" HC="1.69" NOx="7.16" PMx="0.40" fuel="7.16" electricity="0.00" noise="76.51" route="routetop" type="cfm-slow" waiting="0.00" lane="left_0" pos="38.04" speed="26.75" angle="116.05" x="38.44" y="-0.13"/>
        <vehicle id="cfm-slow_2" eclass="HBEFA3/PC_G_EU4" CO2="17564.12" CO="307.78" HC="1.84" NOx="7.55" PMx="0.43" fuel="7.55" electricity="0.00" noise="77.17" route="routebottom" type="cfm-slow" waiting="0.00" lane="bottom_0" pos="9.95" speed="28.47" angle="76.49" x="84.81" y="-1.60"/>
        <vehicle id="cfm-slow_3" eclass="HBEFA3/PC_G_EU4" CO2="11270.62" CO="189.31" HC="1.15" NOx="4.54" PMx="0.27" fuel="4.84" electricity="0.00" noise="75.26" route="routebottom" type="cfm-slow" waiting="0.00" lane="bottom_0" pos="33.59" speed="30.10" angle="34.08" x="123.33" y="29.82"/>
        <vehicle id="cfm-slow_4" eclass="HBEFA3/PC_G_EU4" CO2="0.00" CO="0.00" HC="0.00" NOx="0.00" PMx="0.00" fuel="0.00" electricity="0.00" noise="72.79" route="routebottom" type="cfm-slow" waiting="0.00" lane="right_0" pos="8.85" speed="30.68" angle="348.47" x="129.62" y="82.56"/>
        <vehicle id="cfm-slow_5" eclass="HBEFA3/PC_G_EU4" CO2="0.00" CO="0.00" HC="0.00" NOx="0.00" PMx="0.00" fuel="0.00" electricity="0.00" noise="71.55" route="routebottom" type="cfm-slow" waiting="0.00" lane="right_0" pos="34.58" speed="28.91" angle="302.31" x="95.65" y="124.36"/>
    </timestep>
    <timestep time="8.74">
        <vehicle id="cfm-fast_0" eclass="HBEFA3/PC_G_EU4" CO2="230673.03" CO="5261.76" HC="29.76" NOx="107.54" PMx="6.25" fuel="99.15" electricity="0.00" noise="143.17" route="routetop" type="cfm-fast" waiting="0.00" lane="top_1" pos="34.75" speed="58.69" angle="212.03" x="5.71" y="93.77"/>
        <vehicle id="cfm-fast_1" eclass="HBEFA3/PC_G_EU4" CO2="0.00" CO="0.00" HC="0.00" NOx="0.00" PMx="0.00" fuel="0.00" electricity="0.00" noise="69.80" route="routetop" type="cfm-fast" waiting="0.00" lane="top_0" pos="10.44" speed="23.32" angle="255.68" x="41.50" y="128.60"/>
        <vehicle id="cfm-fast_2" eclass="HBEFA3/PC_G_EU4" CO2="5141.86" CO="30.92" HC="0.27" NOx="1.81" PMx="0.09" fuel="2.21" electricity="0.00" noise="70.64" route="routetop" type="cfm-fast" waiting="0.00" lane="top_0" pos="24.68" speed="22.89" angle="230.10" x="15.65" y="112.66"/>
        <vehicle id="cfm-fast_3" eclass="HBEFA3/PC_G_EU4" CO2="8768.10" CO="106.03" HC="0.70" NOx="3.52" PMx="0.18" fuel="3.77" electricity="0.00" noise="72.09" route="routetop" type="cfm-fast" waiting="0.00" lane="top_0" pos="38.54" speed="23.18" angle="205.18" x="-0.53" y="87.88"/>
        <vehicle id="cfm-fast_4" eclass="HBEFA3/PC_G_EU4" CO2="0.00" CO="0.00" HC="0.00" NOx="0.00" PMx="0.00" fuel="0.00" electricity="0.00" noise="86.58" route="routebottom" type="cfm-fast" waiting="0.00" lane="bottom_1" pos="49.67" speed="81.54" angle="5.07" x="128.96" y="62.96"/>
        <vehicle id="cfm-fast_5" eclass="HBEFA3/PC_G_EU4" CO2="11645.51" CO="167.02" HC="1.05" NOx="4.85" PMx="0.26" fuel="5.01" electricity="0.00" noise="73.62" route="routetop" type="cfm-fast" waiting="0.00" lane="left_0" pos="2.77" speed="24.03" angle="179.53" x="-4.68" y="57.62"/>
        <vehicle id="cfm-slow_0" eclass="HBEFA3/PC_G_EU4" CO2="14154.94" CO="222.29" HC="1.36" NOx="6.01" PMx="0.33" fuel="6.08" electricity="0.00" noise="75.07" route="routetop" type="cfm-slow" waiting="0.00" lane="left_0" pos="17.91" speed="25.26" angle="152.27" x="5.63" y="27.05"/>
        <vehicle id="cfm-slow_1" eclass="HBEFA3/PC_G_EU4" CO2="16668.37" CO="280.15" HC="1.69" NOx="7.16" PMx="0.40" fuel="7.16" electricity="0.00" noise="76.51" route="routetop" type="cfm-slow" waiting="0.00" lane="left_0" pos="38.30" speed="26.77" angle="115.56" x="38.97" y="-0.35"/>
        <vehicle id="cfm-slow_2" eclass="HBEFA3/PC_G_EU4" CO2="17510.20" CO="306.77" HC="1.84" NOx="7.52" PMx="0.43" fuel="7.53" electricity="0.00" noise="77.15" route="routebottom" type="cfm-slow" waiting="0.00" lane="bottom_0" pos="10.23" speed="28.49" angle="76.04" x="85.40" y="-1.42"/>
        <vehicle id="cfm-slow_3" eclass="HBEFA3/PC_G_EU4" CO2="11105.79" CO="185.96" HC="1.13" NOx="4.46" PMx="0.27" fuel="4.77" electricity="0.00" noise="75.22" route="routebottom" type="cfm-slow" waiting="0.00" lane="bottom_0" pos="33.89" speed="30.11" angle="33.53" x="123.65" y="30.39"/>
        <vehicle id="cfm-slow_4" eclass="HBEFA3/PC_G_EU4" CO2="0.00" CO="0.00" HC="0.00" NOx="0.00" PMx="0.00" fuel="0.00" electricity="0.00" noise="72.78" route="routebottom" type="cfm-slow" waiting="0.00" lane="right_0" pos="9.16" speed="30.67" angle="347.96" x="129.43" y="83.19"/>
        <vehicle id="cfm-slow_5" eclass="HBEFA3/PC_G_EU4" CO2="0.00" CO="0.00" HC="0.00" NOx="0.00" PMx="0.00" fuel="0.00" electricity="0.00" noise="71.53" route="routebottom" type="cfm-slow" waiting="0.00" lane="right_0" pos="34.87" speed="28.87" angle="301.81" x="95.10" y="124.64"/>
    </timestep>
    <timestep time="8.75">
        <vehicle id="cfm-fast_0" eclass="HBEFA3/PC_G_EU4" CO2="231265.84" CO="5278.25" HC="29.85" NOx="107.82" PMx="6.27" fuel="99.41" electricity="0.00" noise="143.23" route="routetop" type="cfm-fast" waiting="0.00" lane="top_1" pos="35.34" speed="58.83" angle="210.95" x="5.17" y="92.69"/>
        <vehicle id="cfm-fast_1" eclass="HBEFA3/PC_G_EU4" CO2="0.00" CO="0.00" HC="0.00" NOx="0.00" PMx="0.00" fuel="0.00" electricity="0.00" noise="69.81" route="routetop" type="cfm-fast" waiting="0.00" lane="top_0" pos="10.68" speed="23.32" angle="255.24" x="41.03" y="128.42"/>
        <vehicle id="cfm-fast_2" eclass="HBEFA3/PC_G_EU4" CO2="5177.47" CO="31.66" HC="0.27" NOx="1.83" PMx="0.09" fuel="2.23" electricity="0.00" noise="70.65" route="routetop" type="cfm-fast" waiting="0.00" lane="top_0" pos="24.91" speed="22.89" angle="229.68" x="15.30" y="112.31"/>
        <vehicle id="cfm-fast_3" eclass="HBEFA3/PC_G_EU4" CO2="8795.60" CO="106.61" HC="0.70" NOx="3.53" PMx="0.18" fuel="3.78" electricity="0.00" noise="72.10" route="routetop" type="cfm-fast" waiting="0.00" lane="top_0" pos="38.77" speed="23.19" angle="204.75" x="-0.70" y="87.41"/>
        <vehicle id="cfm-fast_4" eclass="HBEFA3/PC_G_EU4" CO2="0.00" CO="0.00" HC="0.00" NOx="0.00" PMx="0.00" fuel="0.00" electricity="0.00" noise="86.57" route="routebottom" type="cfm-fast" waiting="0.00" lane="right_1" pos="0.49" speed="81.45" angle="3.60" x="128.95" y="64.69"/>
        <vehicle id="cfm-fast_5" eclass="HBEFA3/PC_G_EU4" CO2="11669.10" CO="167.53" HC="1.05" NOx="4.86" PMx="0.26" fuel="5.02" electricity="0.00" noise="73.63" route="routetop" type="cfm-fast" waiting="0.00" lane="left_0" pos="3.01" speed="24.04" angle="179.10" x="-4.62" y="57.10"/>
        <vehicle id="cfm-slow_0" eclass="HBEFA3/PC_G_EU4" CO2="14178.68" CO="222.83" HC="1.37" NOx="6.02" PMx="0.33" fuel="6.09" electricity="0.00" noise="75.08" route="routetop" type="cfm-slow" waiting="0.00" lane="left_0" pos="18.16" speed="25.28" angle="151.82" x="5.93" y="26.59"/>
        <vehicle id="cfm-slow_1" eclass="HBEFA3/PC_G_EU4" CO2="16677.86" CO="280.43" HC="1.69" NOx="7.17" PMx="0.40" fuel="7.17" electricity="0.00" noise="76.52" route="routetop" type="cfm-slow" waiting="0.00" lane="left_0" pos="38.57" speed="26.79" angle="115.12" x="39.51" y="-0.55"/>
        <vehicle id="cfm-slow_2" eclass="HBEFA3/PC_G_EU4" CO2="17455.23" CO="305.74" HC="1.83" NOx="7.50" PMx="0.42" fuel="7.50" electricity="0.00" noise="77.13" route="routebottom" type="cfm-slow" waiting="0.00" lane="bottom_0" pos="10.52" speed="28.50" angle="75.51" x="85.97" y="-1.21"/>
        <vehicle id="cfm-slow_3" eclass="HBEFA3/PC_G_EU4" CO2="10940.81" CO="182.62" HC="1.11" NOx="4.39" PMx="0.26" fuel="4.70" electricity="0.00" noise="75.17" route="routebottom" type="cfm-slow" waiting="0.00" lane="bottom_0" pos="34.19" speed="30.12" angle="32.98" x="123.96" y="30.96"/>
        <vehicle id="cfm-slow_4" eclass="HBEFA3/PC_G_EU4" CO2="0.00" CO="0.00" HC="0.00" NOx="0.00" PMx="0.00" fuel="0.00" electricity="0.00" noise="72.76" route="routebottom" type="cfm-slow" waiting="0.00" lane="right_0" pos="9.47" speed="30.65" angle="347.41" x="129.24" y="83.82"/>
        <vehicle id="cfm-slow_5" eclass="HBEFA3/PC_G_EU4" CO2="0.00" CO="0.00" HC="0.00" NOx="0.00" PMx="0.00" fuel="0.00" electricity="0.00" noise="71.52" route="routebottom" type="cfm-slow" waiting="0.00" lane="right_0" pos="35.16" speed="28.84" angle="301.29" x="94.54" y="124.92"/>
    </timestep>
    <timestep time="8.76">
        <vehicle id="cfm-fast_0" eclass="HBEFA3/PC_G_EU4" CO2="231858.95" CO="5294.76" HC="29.94" NOx="108.10" PMx="6.29" fuel="99.66" electricity="0.00" noise="143.30" route="routetop" type="cfm-fast" waiting="0.00" lane="top_1" pos="35.93" speed="58.96" angle="209.93" x="4.63" y="91.61"/>
        <vehicle id="cfm-fast_1" eclass="HBEFA3/PC_G_EU4" CO2="0.00" CO="0.00" HC="0.00" NOx="0.00" PMx="0.00" fuel="0.00" electricity="0.00" noise="69.81" route="routetop" type="cfm-fast" waiting="0.00" lane="top_0" pos="10.91" speed="23.31" angle="254.80" x="40.56" y="128.25"/>
        <vehicle id="cfm-fast_2" eclass="HBEFA3/PC_G_EU4" CO2="5213.00" CO="32.39" HC="0.28" NOx="1.84" PMx="0.09" fuel="2.24" electricity="0.00" noise="70.66" route="routetop" type="cfm-fast" waiting="0.00" lane="top_0" pos="25.14" speed="22.89" angle="229.26" x="14.95" y="111.96"/>
        <vehicle id="cfm-fast_3" eclass="HBEFA3/PC_G_EU4" CO2="8823.07" CO="107.19" HC="0.71" NOx="3.54" PMx="0.18" fuel="3.79" electricity="0.00" noise="72.12" route="routetop" type="cfm-fast" waiting="0.00" lane="top_0" pos="39.01" speed="23.19" angle="204.32" x="-0.87" y="86.94"/>
        <vehicle id="cfm-fast_4" eclass="HBEFA3/PC_G_EU4" CO2="0.00" CO="0.00" HC="0.00" NOx="0.00" PMx="0.00" fuel="0.00" electricity="0.00" noise="86.55" route="routebottom" type="cfm-fast" waiting="0.00" lane="right_1" pos="1.30" speed="81.36" angle="2.16" x="128.92" y="66.36"/>
        <vehicle id="cfm-fast_5" eclass="HBEFA3/PC_G_EU4" CO2="11692.70" CO="168.05" HC="1.06" NOx="4.88" PMx="0.26" fuel="5.03" electricity="0.00" noise="73.64" route="routetop" type="cfm-fast" waiting="0.00" lane="left_0" pos="3.25" speed="24.05" angle="178.67" x="-4.57" y="56.59"/>
        <vehicle id="cfm-slow_0" eclass="HBEFA3/PC_G_EU4" CO2="14202.30" CO="223.37" HC="1.37" NOx="6.03" PMx="0.33" fuel="6.10" electricity="0.00" noise="75.10" route="routetop" type="cfm-slow" waiting="0.00" lane="left_0" pos="18.41" speed="25.29" angle="151.34" x="6.23" y="26.14"/>
        <vehicle id="cfm-slow_1" eclass="HBEFA3/PC_G_EU4" CO2="16686.80" CO="280.69" HC="1.69" NOx="7.17" PMx="0.40" fuel="7.17" electricity="0.00" noise="76.53" route="routetop" type="cfm-slow" waiting="0.00" lane="left_0" pos="38.84" speed="26.80" angle="114.63" x="40.05" y="-0.75"/>
        <vehicle id="cfm-slow_2" eclass="HBEFA3/PC_G_EU4" CO2="17399.23" CO="304.69" HC="1.82" NOx="7.47" PMx="0.42" fuel="7.48" electricity="0.00" noise="77.11" route="routebottom" type="cfm-slow" waiting="0.00" lane="bottom_0" pos="10.80" speed="28.52" angle="74.98" x="86.55" y="-1.01"/>
        <vehicle id="cfm-slow_3" eclass="HBEFA3/PC_G_EU4" CO2="10775.72" CO="179.26" HC="1.09" NOx="4.31" PMx="0.26" fuel="4.63" electricity="0.00" noise="75.13" route="routebottom" type="cfm-slow" waiting="0.00" lane="bottom_0" pos="34.50" speed="30.12" angle="32.43" x="124.27" y="31.52"/>
        <vehicle id="cfm-slow_4" eclass="HBEFA3/PC_G_EU4" CO2="0.00" CO="0.00" HC="0.00" NOx="0.00" PMx="0.00" fuel="0.00" electricity="0.00" noise="72.75" route="routebottom" type="cfm-slow" waiting="0.00" lane="right_0" pos="9.77" speed="30.63" angle="346.85" x="129.04" y="84.45"/>
        <vehicle id="cfm-slow_5" eclass="HBEFA3/PC_G_EU4" CO2="0.00" CO="0.00" HC="0.00" NOx="0.00" PMx="0.00" fuel="0.00" electricity="0.00" noise="71.50" route="routebottom" type="cfm-slow" waiting="0.00" lane="right_0" pos="35.44" speed="28.80" angle="300.77" x="93.99" y="125.20"/>
    </timestep>
    <timestep time="8.77">
        <vehicle id="cfm-fast_0" eclass="HBEFA3/PC_G_EU4" CO2="232452.35" CO="5311.29" HC="30.03" NOx="108.37" PMx="6.30" fuel="99.92" electricity="0.00" noise="143.36" route="routetop" type="cfm-fast" waiting="0.00" lane="top_1" pos="36.52" speed="59.10" angle="208.81" x="4.13" y="90.50"/>
        <vehicle id="cfm-fast_1" eclass="HBEFA3/PC_G_EU4" CO2="0.00" CO="0.00" HC="0.00" NOx="0.00" PMx="0.00" fuel="0.00" electricity="0.00" noise="69.82" route="routetop" type="cfm-fast" waiting="0.00" lane="top_0" pos="11.14" speed="23.31" angle="254.36" x="40.09" y="128.08"/>
        <vehicle id="cfm-fast_2" eclass="HBEFA3/PC_G_EU4" CO2="5248.46" CO="33.13" HC="0.28" NOx="1.86" PMx="0.09" fuel="2.26" electricity="0.00" noise="70.67" route="routetop" type="cfm-fast" waiting="0.00" lane="top_0" pos="25.37" speed="22.90" angle="228.84" x="14.60" y="111.61"/>
        <vehicle id="cfm-fast_3" eclass="HBEFA3/PC_G_EU4" CO2="8850.51" CO="107.77" HC="0.71" NOx="3.55" PMx="0.19" fuel="3.80" electricity="0.00" noise="72.13" route="routetop" type="cfm-fast" waiting="0.00" lane="top_0" pos="39.24" speed="23.20" angle="203.90" x="-1.04" y="86.47"/>
        <vehicle id="cfm-fast_4" eclass="HBEFA3/PC_G_EU4" CO2="0.00" CO="0.00" HC="0.00" NOx="0.00" PMx="0.00" fuel="0.00" electricity="0.00" noise="86.53" route="routebottom" type="cfm-fast" waiting="0.00" lane="right_1" pos="2.11" speed="81.26" angle="0.68" x="128.82" y="68.02"/>
        <vehicle id="cfm-fast_5" eclass="HBEFA3/PC_G_EU4" CO2="11716.30" CO="168.57" HC="1.06" NOx="4.89" PMx="0.26" fuel="5.04" electricity="0.00" noise="73.66" route="routetop" type="cfm-fast" waiting="0.00" lane="left_0" pos="3.49" speed="24.07" angle="178.23" x="-4.52" y="56.07"/>
        <vehicle id="cfm-slow_0" eclass="HBEFA3/PC_G_EU4" CO2="14225.81" CO="223.90" HC="1.37" NOx="6.04" PMx="0.33" fuel="6.11" electricity="0.00" noise="75.11" route="routetop" type="cfm-slow" waiting="0.00" lane="left_0" pos="18.66" speed="25.31" angle="150.87" x="6.53" y="25.68"/>
        <vehicle id="cfm-slow_1" eclass="HBEFA3/PC_G_EU4" CO2="16695.16" CO="280.95" HC="1.70" NOx="7.17" PMx="0.40" fuel="7.18" electricity="0.00" noise="76.53" route="routetop" type="cfm-slow" waiting="0.00" lane="left_0" pos="39.11" speed="26.82" angle="114.14" x="40.60" y="-0.94"/>
        <vehicle id="cfm-slow_2" eclass="HBEFA3/PC_G_EU4" CO2="17342.20" CO="303.61" HC="1.82" NOx="7.44" PMx="0.42" fuel="7.45" electricity="0.00" noise="77.09" route="routebottom" type="cfm-slow" waiting="0.00" lane="bottom_0" pos="11.09" speed="28.53" angle="74.45" x="87.13" y="-0.80"/>
        <vehicle id="cfm-slow_3" eclass="HBEFA3/PC_G_EU4" CO2="10610.54" CO="175.91" HC="1.07" NOx="4.23" PMx="0.25" fuel="4.56" electricity="0.00" noise="75.08" route="routebottom" type="cfm-slow" waiting="0.00" lane="bottom_0" pos="34.80" speed="30.13" angle="31.93" x="124.57" y="32.10"/>
        <vehicle id="cfm-slow_4" eclass="HBEFA3/PC_G_EU4" CO2="0.00" CO="0.00" HC="0.00" NOx="0.00" PMx="0.00" fuel="0.00" electricity="0.00" noise="72.73" route="routebottom" type="cfm-slow" waiting="0.00" lane="right_0" pos="10.08" speed="30.62" angle="346.30" x="128.85" y="85.08"/>
        <vehicle id="cfm-slow_5" eclass="HBEFA3/PC_G_EU4" CO2="0.00" CO="0.00" HC="0.00" NOx="0.00" PMx="0.00" fuel="0.00" electricity="0.00" noise="71.48" route="routebottom" type="cfm-slow" waiting="0.00" lane="right_0" pos="35.73" speed="28.77" angle="300.25" x="93.44" y="125.48"/>
    </timestep>
    <timestep time="8.78">
        <vehicle id="cfm-fast_0" eclass="HBEFA3/PC_G_EU4" CO2="233046.05" CO="5327.85" HC="30.13" NOx="108.65" PMx="6.32" fuel="100.17" electricity="0.00" noise="143.43" route="routetop" type="cfm-fast" waiting="0.00" lane="top_1" pos="37.11" speed="59.24" angle="207.72" x="3.63" y="89.40"/>
        <vehicle id="cfm-fast_1" eclass="HBEFA3/PC_G_EU4" CO2="0.00" CO="0.00" HC="0.00" NOx="0.00" PMx="0.00" fuel="0.00" electricity="0.00" noise="69.82" route="routetop" type="cfm-fast" waiting="0.00" lane="top_0" pos="11.38" speed="23.30" angle="253.92" x="39.62" y="127.91"/>
        <vehicle id="cfm-fast_2" eclass="HBEFA3/PC_G_EU4" CO2="5283.83" CO="33.86" HC="0.28" NOx="1.88" PMx="0.09" fuel="2.27" electricity="0.00" noise="70.69" route="routetop" type="cfm-fast" waiting="0.00" lane="top_0" pos="25.60" speed="22.90" angle="228.46" x="14.25" y="111.26"/>
        <vehicle id="cfm-fast_3" eclass="HBEFA3/PC_G_EU4" CO2="8877.91" CO="108.35" HC="0.71" NOx="3.57" PMx="0.19" fuel="3.82" electricity="0.00" noise="72.15" route="routetop" type="cfm-fast" waiting="0.00" lane="top_0" pos="39.47" speed="23.21" angle="203.47" x="-1.20" y="86.00"/>
        <vehicle id="cfm-fast_4" eclass="HBEFA3/PC_G_EU4" CO2="0.00" CO="0.00" HC="0.00" NOx="0.00" PMx="0.00" fuel="0.00" electricity="0.00" noise="86.52" route="routebottom" type="cfm-fast" waiting="0.00" lane="right_1" pos="2.93" speed="81.17" angle="359.25" x="128.69" y="69.68"/>
        <vehicle id="cfm-fast_5" eclass="HBEFA3/PC_G_EU4" CO2="11739.91" CO="169.08" HC="1.06" NOx="4.90" PMx="0.26" fuel="5.05" electricity="0.00" noise="73.67" route="routetop" type="cfm-fast" waiting="0.00" lane="left_0" pos="3.73" speed="24.08" angle="177.80" x="-4.47" y="55.56"/>
        <vehicle id="cfm-slow_0" eclass="HBEFA3/PC_G_EU4" CO2="14249.18" CO="224.44" HC="1.38" NOx="6.05" PMx="0.33" fuel="6.13" electricity="0.00" noise="75.13" route="routetop" type="cfm-slow" waiting="0.00" lane="left_0" pos="18.92" speed="25.32" angle="150.39" x="6.83" y="25.23"/>
        <vehicle id="cfm-slow_1" eclass="HBEFA3/PC_G_EU4" CO2="16702.95" CO="281.19" HC="1.70" NOx="7.18" PMx="0.40" fuel="7.18" electricity="0.00" noise="76.54" route="routetop" type="cfm-slow" waiting="0.00" lane="left_0" pos="39.38" speed="26.84" angle="113.64" x="41.14" y="-1.14"/>
        <vehicle id="cfm-slow_2" eclass="HBEFA3/PC_G_EU4" CO2="17284.15" CO="302.52" HC="1.81" NOx="7.41" PMx="0.42" fuel="7.43" electricity="0.00" noise="77.06" route="routebottom" type="cfm-slow" waiting="0.00" lane="bottom_0" pos="11.37" speed="28.55" angle="73.91" x="87.71" y="-0.59"/>
        <vehicle id="cfm-slow_3" eclass="HBEFA3/PC_G_EU4" CO2="10445.28" CO="172.55" HC="1.05" NOx="4.15" PMx="0.25" fuel="4.49" electricity="0.00" noise="75.04" route="routebottom" type="cfm-slow" waiting="0.00" lane="bottom_0" pos="35.10" speed="30.13" angle="31.39" x="124.87" y="32.68"/>
        <vehicle id="cfm-slow_4" eclass="HBEFA3/PC_G_EU4" CO2="0.00" CO="0.00" HC="0.00" NOx="0.00" PMx="0.00" fuel="0.00" electricity="0.00" noise="72.71" route="routebottom" type="cfm-slow" waiting="0.00" lane="right_0" pos="10.38" speed="30.60" angle="345.80" x="128.64" y="85.71"/>
        <vehicle id="cfm-slow_5" eclass="HBEFA3/PC_G_EU4" CO2="0.00" CO="0.00" HC="0.00" NOx="0.00" PMx="0.00" fuel="0.00" electricity="0.00" noise="71.47" route="routebottom" type="cfm-slow" waiting="0.00" lane="right_0" pos="36.02" speed="28.73" angle="299.77" x="92.88" y="125.75"/>
    </timestep>
    <timestep time="8.79">
        <vehicle id="cfm-fast_0" eclass="HBEFA3/PC_G_EU4" CO2="233640.03" CO="5344.43" HC="30.22" NOx="108.93" PMx="6.34" fuel="100.43" electricity="0.00" noise="143.49" route="routetop" type="cfm-fast" waiting="0.00" lane="top_1" pos="37.71" speed="59.37" angle="206.63" x="3.18" y="88.27"/>
        <vehicle id="cfm-fast_1" eclass="HBEFA3/PC_G_EU4" CO2="0.00" CO="0.00" HC="0.00" NOx="0.00" PMx="0.00" fuel="0.00" electricity="0.00" noise="69.83" route="routetop" type="cfm-fast" waiting="0.00" lane="top_0" pos="11.61" speed="23.30" angle="253.55" x="39.15" y="127.74"/>
        <vehicle id="cfm-fast_2" eclass="HBEFA3/PC_G_EU4" CO2="5319.13" CO="34.59" HC="0.29" NOx="1.89" PMx="0.09" fuel="2.29" electricity="0.00" noise="70.70" route="routetop" type="cfm-fast" waiting="0.00" lane="top_0" pos="25.83" speed="22.90" angle="228.06" x="13.92" y="110.90"/>
        <vehicle id="cfm-fast_3" eclass="HBEFA3/PC_G_EU4" CO2="8905.28" CO="108.93" HC="0.72" NOx="3.58" PMx="0.19" fuel="3.83" electricity="0.00" noise="72.16" route="routetop" type="cfm-fast" waiting="0.00" lane="top_0" pos="39.70" speed="23.22" angle="203.08" x="-1.37" y="85.53"/>
        <vehicle id="cfm-fast_4" eclass="HBEFA3/PC_G_EU4" CO2="0.00" CO="0.00" HC="0.00" NOx="0.00" PMx="0.00" fuel="0.00" electricity="0.00" noise="86.50" route="routebottom" type="cfm-fast" waiting="0.00" lane="right_1" pos="3.74" speed="81.08" angle="357.78" x="128.52" y="71.33"/>
        <vehicle id="cfm-fast_5" eclass="HBEFA3/PC_G_EU4" CO2="11763.52" CO="169.60" HC="1.06" NOx="4.91" PMx="0.26" fuel="5.06" electricity="0.00" noise="73.69" route="routetop" type="cfm-fast" waiting="0.00" lane="left_0" pos="3.97" speed="24.09" angle="177.39" x="-4.40" y="55.04"/>
        <vehicle id="cfm-slow_0" eclass="HBEFA3/PC_G_EU4" CO2="14272.42" CO="224.97" HC="1.38" NOx="6.06" PMx="0.33" fuel="6.14" electricity="0.00" noise="75.14" route="routetop" type="cfm-slow" waiting="0.00" lane="left_0" pos="19.17" speed="25.34" angle="149.96" x="7.14" y="24.78"/>
        <vehicle id="cfm-slow_1" eclass="HBEFA3/PC_G_EU4" CO2="16710.15" CO="281.42" HC="1.70" NOx="7.18" PMx="0.40" fuel="7.18" electricity="0.00" noise="76.55" route="routetop" type="cfm-slow" waiting="0.00" lane="left_0" pos="39.65" speed="26.85" angle="113.15" x="41.68" y="-1.33"/>
        <vehicle id="cfm-slow_2" eclass="HBEFA3/PC_G_EU4" CO2="17225.09" CO="301.40" HC="1.80" NOx="7.39" PMx="0.42" fuel="7.40" electricity="0.00" noise="77.04" route="routebottom" type="cfm-slow" waiting="0.00" lane="bottom_0" pos="11.66" speed="28.57" angle="73.46" x="88.28" y="-0.37"/>
        <vehicle id="cfm-slow_3" eclass="HBEFA3/PC_G_EU4" CO2="10279.97" CO="169.19" HC="1.03" NOx="4.07" PMx="0.24" fuel="4.42" electricity="0.00" noise="75.00" route="routebottom" type="cfm-slow" waiting="0.00" lane="bottom_0" pos="35.40" speed="30.14" angle="30.84" x="125.16" y="33.25"/>
        <vehicle id="cfm-slow_4" eclass="HBEFA3/PC_G_EU4" CO2="0.00" CO="0.00" HC="0.00" NOx="0.00" PMx="0.00" fuel="0.00" electricity="0.00" noise="72.70" route="routebottom" type="cfm-slow" waiting="0.00" lane="right_0" pos="10.69" speed="30.58" angle="345.22" x="128.41" y="86.32"/>
        <vehicle id="cfm-slow_5" eclass="HBEFA3/PC_G_EU4" CO2="0.00" CO="0.00" HC="0.00" NOx="0.00" PMx="0.00" fuel="0.00" electricity="0.00" noise="71.45" route="routebottom" type="cfm-slow" waiting="0.00" lane="right_0" pos="36.31" speed="28.70" angle="299.21" x="92.31" y="126.00"/>
    </timestep>
    <timestep time="8.80">
        <vehicle id="cfm-fast_0" eclass="HBEFA3/PC_G_EU4" CO2="234234.31" CO="5361.02" HC="30.31" NOx="109.21" PMx="6.35" fuel="100.69" electricity="0.00" noise="143.56" route="routetop" type="cfm-fast" waiting="0.00" lane="top_1" pos="38.30" speed="59.51" angle="205.50" x="2.72" y="87.13"/>
        <vehicle id="cfm-fast_1" eclass="HBEFA3/PC_G_EU4" CO2="0.00" CO="0.00" HC="0.00" NOx="0.00" PMx="0.00" fuel="0.00" electricity="0.00" noise="69.83" route="routetop" type="cfm-fast" waiting="0.00" lane="top_0" pos="11.84" speed="23.30" angle="253.13" x="38.68" y="127.55"/>
        <vehicle id="cfm-fast_2" eclass="HBEFA3/PC_G_EU4" CO2="5354.34" CO="35.32" HC="0.29" NOx="1.91" PMx="0.09" fuel="2.30" electricity="0.00" noise="70.71" route="routetop" type="cfm-fast" waiting="0.00" lane="top_0" pos="26.05" speed="22.91" angle="227.63" x="13.58" y="110.54"/>
        <vehicle id="cfm-fast_3" eclass="HBEFA3/PC_G_EU4" CO2="8932.61" CO="109.50" HC="0.72" NOx="3.59" PMx="0.19" fuel="3.84" electricity="0.00" noise="72.17" route="routetop" type="cfm-fast" waiting="0.00" lane="top_0" pos="39.93" speed="23.23" angle="202.67" x="-1.53" y="85.05"/>
        <vehicle id="cfm-fast_4" eclass="HBEFA3/PC_G_EU4" CO2="0.00" CO="0.00" HC="0.00" NOx="0.00" PMx="0.00" fuel="0.00" electricity="0.00" noise="86.48" route="routebottom" type="cfm-fast" waiting="0.00" lane="right_1" pos="4.55" speed="80.99" angle="356.34" x="128.29" y="72.98"/>
        <vehicle id="cfm-fast_5" eclass="HBEFA3/PC_G_EU4" CO2="11787.13" CO="170.11" HC="1.07" NOx="4.92" PMx="0.26" fuel="5.07" electricity="0.00" noise="73.70" route="routetop" type="cfm-fast" waiting="0.00" lane="left_0" pos="4.21" speed="24.10" angle="176.95" x="-4.33" y="54.53"/>
        <vehicle id="cfm-slow_0" eclass="HBEFA3/PC_G_EU4" CO2="14295.53" CO="225.50" HC="1.38" NOx="6.07" PMx="0.33" fuel="6.14" electricity="0.00" noise="75.15" route="routetop" type="cfm-slow" waiting="0.00" lane="left_0" pos="19.42" speed="25.35" angle="149.51" x="7.45" y="24.33"/>
        <vehicle id="cfm-slow_1" eclass="HBEFA3/PC_G_EU4" CO2="16716.78" CO="281.63" HC="1.70" NOx="7.18" PMx="0.40" fuel="7.19" electricity="0.00" noise="76.55" route="routetop" type="cfm-slow" waiting="0.00" lane="left_0" pos="39.91" speed="26.87" angle="112.71" x="42.23" y="-1.51"/>
        <vehicle id="cfm-slow_2" eclass="HBEFA3/PC_G_EU4" CO2="17165.02" CO="300.26" HC="1.80" NOx="7.36" PMx="0.42" fuel="7.38" electricity="0.00" noise="77.02" route="routebottom" type="cfm-slow" waiting="0.00" lane="bottom_0" pos="11.94" speed="28.58" angle="72.95" x="88.85" y="-0.15"/>
        <vehicle id="cfm-slow_3" eclass="HBEFA3/PC_G_EU4" CO2="10114.64" CO="165.83" HC="1.01" NOx="4.00" PMx="0.24" fuel="4.35" electricity="0.00" noise="74.95" route="routebottom" type="cfm-slow" waiting="0.00" lane="bottom_0" pos="35.70" speed="30.14" angle="30.29" x="125.45" y="33.83"/>
        <vehicle id="cfm-slow_4" eclass="HBEFA3/PC_G_EU4" CO2="0.00" CO="0.00" HC="0.00" NOx="0.00" PMx="0.00" fuel="0.00" electricity="0.00" noise="72.68" route="routebottom" type="cfm-slow" waiting="0.00" lane="right_0" pos="11.00" speed="30.57" angle="344.64" x="128.19" y="86.94"/>
        <vehicle id="cfm-slow_5" eclass="HBEFA3/PC_G_EU4" CO2="0.00" CO="0.00" HC="0.00" NOx="0.00" PMx="0.00" fuel="0.00" electricity="0.00" noise="71.44" route="routebottom" type="cfm-slow" waiting="0.00" lane="right_0" pos="36.59" speed="28.66" angle="298.65" x="91.75" y="126.25"/>
    </timestep>
    <timestep time="8.81">
        <vehicle id="cfm-fast_0" eclass="HBEFA3/PC_G_EU4" CO2="234828.88" CO="5377.64" HC="30.40" NOx="109.49" PMx="6.37" fuel="100.94" electricity="0.00" noise="143.63" route="routetop" type="cfm-fast" waiting="0.00" lane="top_1" pos="38.90" speed="59.65" angle="204.47" x="2.30" y="85.99"/>
        <vehicle id="cfm-fast_1" eclass="HBEFA3/PC_G_EU4" CO2="0.00" CO="0.00" HC="0.00" NOx="0.00" PMx="0.00" fuel="0.00" electricity="0.00" noise="69.84" route="routetop" type="cfm-fast" waiting="0.00" lane="top_0" pos="12.08" speed="23.29" angle="252.70" x="38.22" y="127.36"/>
        <vehicle id="cfm-fast_2" eclass="HBEFA3/PC_G_EU4" CO2="5389.48" CO="36.05" HC="0.30" NOx="1.93" PMx="0.09" fuel="2.32" electricity="0.00" noise="70.72" route="routetop" type="cfm-fast" waiting="0.00" lane="top_0" pos="26.28" speed="22.91" angle="227.21" x="13.25" y="110.18"/>
        <vehicle id="cfm-fast_3" eclass="HBEFA3/PC_G_EU4" CO2="8959.92" CO="110.08" HC="0.72" NOx="3.60" PMx="0.19" fuel="3.85" electricity="0.00" noise="72.19" route="routetop" type="cfm-fast" waiting="0.00" lane="top_0" pos="40.17" speed="23.24" angle="202.24" x="-1.67" y="84.58"/>
        <vehicle id="cfm-fast_4" eclass="HBEFA3/PC_G_EU4" CO2="0.00" CO="0.00" HC="0.00" NOx="0.00" PMx="0.00" fuel="0.00" electricity="0.00" noise="86.47" route="routebottom" type="cfm-fast" waiting="0.00" lane="right_1" pos="5.36" speed="80.91" angle="354.88" x="128.04" y="74.62"/>
        <vehicle id="cfm-fast_5" eclass="HBEFA3/PC_G_EU4" CO2="11810.75" CO="170.63" HC="1.07" NOx="4.93" PMx="0.26" fuel="5.08" electricity="0.00" noise="73.71" route="routetop" type="cfm-fast" waiting="0.00" lane="left_0" pos="4.46" speed="24.12" angle="176.51" x="-4.26" y="54.02"/>
        <vehicle id="cfm-slow_0" eclass="HBEFA3/PC_G_EU4" CO2="14318.50" CO="226.02" HC="1.39" NOx="6.08" PMx="0.33" fuel="6.15" electricity="0.00" noise="75.17" route="routetop" type="cfm-slow" waiting="0.00" lane="left_0" pos="19.68" speed="25.37" angle="149.04" x="7.77" y="23.89"/>
        <vehicle id="cfm-slow_1" eclass="HBEFA3/PC_G_EU4" CO2="16722.82" CO="281.84" HC="1.70" NOx="7.19" PMx="0.40" fuel="7.19" electricity="0.00" noise="76.56" route="routetop" type="cfm-slow" waiting="0.00" lane="left_0" pos="40.18" speed="26.89" angle="112.21" x="42.78" y="-1.68"/>
        <vehicle id="cfm-slow_2" eclass="HBEFA3/PC_G_EU4" CO2="17103.95" CO="299.10" HC="1.79" NOx="7.33" PMx="0.42" fuel="7.35" electricity="0.00" noise="76.99" route="routebottom" type="cfm-slow" waiting="0.00" lane="bottom_0" pos="12.23" speed="28.60" angle="72.44" x="89.42" y="0.08"/>
        <vehicle id="cfm-slow_3" eclass="HBEFA3/PC_G_EU4" CO2="9949.30" CO="162.46" HC="0.99" NOx="3.92" PMx="0.24" fuel="4.28" electricity="0.00" noise="74.91" route="routebottom" type="cfm-slow" waiting="0.00" lane="bottom_0" pos="36.00" speed="30.15" angle="29.79" x="125.73" y="34.42"/>
        <vehicle id="cfm-slow_4" eclass="HBEFA3/PC_G_EU4" CO2="0.00" CO="0.00" HC="0.00" NOx="0.00" PMx="0.00" fuel="0.00" electricity="0.00" noise="72.67" route="routebottom" type="cfm-slow" waiting="0.00" lane="right_0" pos="11.30" speed="30.55" angle="344.06" x="127.97" y="87.56"/>
        <vehicle id="cfm-slow_5" eclass="HBEFA3/PC_G_EU4" CO2="0.00" CO="0.00" HC="0.00" NOx="0.00" PMx="0.00" fuel="0.00" electricity="0.00" noise="71.42" route="routebottom" type="cfm-slow" waiting="0.00" lane="right_0" pos="36.88" speed="28.63" angle="298.09" x="91.19" y="126.50"/>
    </timestep>
    <timestep time="8.82">
        <vehicle id="cfm-fast_0" eclass="HBEFA3/PC_G_EU4" CO2="235423.74" CO="5394.29" HC="30.49" NOx="109.77" PMx="6.39" fuel="101.20" electricity="0.00" noise="143.69" route="routetop" type="cfm-fast" waiting="0.00" lane="top_1" pos="39.50" speed="59.78" angle="203.38" x="1.88" y="84.83"/>
        <vehicle id="cfm-fast_1" eclass="HBEFA3/PC_G_EU4" CO2="0.00" CO="0.00" HC="0.00" NOx="0.00" PMx="0.00" fuel="0.00" electricity="0.00" noise="69.85" route="routetop" type="cfm-fast" waiting="0.00" lane="top_0" pos="12.31" speed="23.29" angle="252.28" x="37.75" y="127.18"/>
        <vehicle id="cfm-fast_2" eclass="HBEFA3/PC_G_EU4" CO2="5424.54" CO="36.77" HC="0.30" NOx="1.94" PMx="0.10" fuel="2.33" electricity="0.00" noise="70.74" route="routetop" type="cfm-fast" waiting="0.00" lane="top_0" pos="26.51" speed="22.91" angle="226.78" x="12.91" y="109.81"/>
        <vehicle id="cfm-fast_3" eclass="HBEFA3/PC_G_EU4" CO2="8987.19" CO="110.66" HC="0.73" NOx="3.62" PMx="0.19" fuel="3.86" electricity="0.00" noise="72.20" route="routetop" type="cfm-fast" waiting="0.00" lane="top_0" pos="40.40" speed="23.24" angle="201.81" x="-1.82" y="84.10"/>
        <vehicle id="cfm-fast_4" eclass="HBEFA3/PC_G_EU4" CO2="0.00" CO="0.00" HC="0.00" NOx="0.00" PMx="0.00" fuel="0.00" electricity="0.00" noise="86.45" route="routebottom" type="cfm-fast" waiting="0.00" lane="right_1" pos="6.16" speed="80.82" angle="353.39" x="127.75" y="76.25"/>
        <vehicle id="cfm-fast_5" eclass="HBEFA3/PC_G_EU4" CO2="11834.36" CO="171.15" HC="1.07" NOx="4.94" PMx="0.27" fuel="5.09" electricity="0.00" noise="73.73" route="routetop" type="cfm-fast" waiting="0.00" lane="left_0" pos="4.70" speed="24.13" angle="176.08" x="-4.19" y="53.50"/>
        <vehicle id="cfm-slow_0" eclass="HBEFA3/PC_G_EU4" CO2="14341.33" CO="226.54" HC="1.39" NOx="6.10" PMx="0.33" fuel="6.16" electricity="0.00" noise="75.18" route="routetop" type="cfm-slow" waiting="0.00" lane="left_0" pos="19.93" speed="25.38" angle="148.57" x="8.09" y="23.45"/>
        <vehicle id="cfm-slow_1" eclass="HBEFA3/PC_G_EU4" CO2="16728.26" CO="282.03" HC="1.70" NOx="7.19" PMx="0.40" fuel="7.19" electricity="0.00" noise="76.56" route="routetop" type="cfm-slow" waiting="0.00" lane="left_0" pos="40.45" speed="26.91" angle="111.70" x="43.34" y="-1.86"/>
        <vehicle id="cfm-slow_2" eclass="HBEFA3/PC_G_EU4" CO2="17041.89" CO="297.92" HC="1.78" NOx="7.30" PMx="0.41" fuel="7.33" electricity="0.00" noise="76.97" route="routebottom" type="cfm-slow" waiting="0.00" lane="bottom_0" pos="12.52" speed="28.61" angle="71.93" x="90.00" y="0.31"/>
        <vehicle id="cfm-slow_3" eclass="HBEFA3/PC_G_EU4" CO2="9783.98" CO="159.10" HC="0.97" NOx="3.84" PMx="0.23" fuel="4.21" electricity="0.00" noise="74.87" route="routebottom" type="cfm-slow" waiting="0.00" lane="bottom_0" pos="36.30" speed="30.15" angle="29.21" x="126.00" y="35.01"/>
        <vehicle id="cfm-slow_4" eclass="HBEFA3/PC_G_EU4" CO2="0.00" CO="0.00" HC="0.00" NOx="0.00" PMx="0.00" fuel="0.00" electricity="0.00" noise="72.65" route="routebottom" type="cfm-slow" waiting="0.00" lane="right_0" pos="11.61" speed="30.53" angle="343.54" x="127.74" y="88.18"/>
        <vehicle id="cfm-slow_5" eclass="HBEFA3/PC_G_EU4" CO2="0.00" CO="0.00" HC="0.00" NOx="0.00" PMx="0.00" fuel="0.00" electricity="0.00" noise="71.40" route="routebottom" type="cfm-slow" waiting="0.00" lane="right_0" pos="37.16" speed="28.60" angle="297.60" x="90.63" y="126.75"/>
    </timestep>
    <timestep time="8.83">
        <vehicle id="cfm-fast_0" eclass="HBEFA3/PC_G_EU4" CO2="236018.89" CO="5410.95" HC="30.58" NOx="110.05" PMx="6.41" fuel="101.45" electricity="0.00" noise="143.76" route="routetop" type="cfm-fast" waiting="0.00" lane="top_1" pos="40.10" speed="59.92" angle="202.33" x="1.50" y="83.67"/>
        <vehicle id="cfm-fast_1" eclass="HBEFA3/PC_G_EU4" CO2="0.00" CO="0.00" HC="0.00" NOx="0.00" PMx="0.00" fuel="0.00" electricity="0.00" noise="69.85" route="routetop" type="cfm-fast" waiting="0.00" lane="top_0" pos="12.54" speed="23.28" angle="251.86" x="37.29" y="126.99"/>
        <vehicle id="cfm-fast_2" eclass="HBEFA3/PC_G_EU4" CO2="5459.53" CO="37.50" HC="0.30" NOx="1.96" PMx="0.10" fuel="2.35" electricity="0.00" noise="70.75" route="routetop" type="cfm-fast" waiting="0.00" lane="top_0" pos="26.74" speed="22.91" angle="226.36" x="12.58" y="109.45"/>
        <vehicle id="cfm-fast_3" eclass="HBEFA3/PC_G_EU4" CO2="9014.43" CO="111.23" HC="0.73" NOx="3.63" PMx="0.19" fuel="3.87" electricity="0.00" noise="72.22" route="routetop" type="cfm-fast" waiting="0.00" lane="top_0" pos="40.63" speed="23.25" angle="201.37" x="-1.97" y="83.62"/>
        <vehicle id="cfm-fast_4" eclass="HBEFA3/PC_G_EU4" CO2="0.00" CO="0.00" HC="0.00" NOx="0.00" PMx="0.00" fuel="0.00" electricity="0.00" noise="86.44" route="routebottom" type="cfm-fast" waiting="0.00" lane="right_1" pos="6.97" speed="80.73" angle="351.92" x="127.40" y="77.87"/>
        <vehicle id="cfm-fast_5" eclass="HBEFA3/PC_G_EU4" CO2="11857.97" CO="171.66" HC="1.08" NOx="4.95" PMx="0.27" fuel="5.10" electricity="0.00" noise="73.74" route="routetop" type="cfm-fast" waiting="0.00" lane="left_0" pos="4.94" speed="24.14" angle="175.64" x="-4.12" y="52.99"/>
        <vehicle id="cfm-slow_0" eclass="HBEFA3/PC_G_EU4" CO2="14364.01" CO="227.07" HC="1.39" NOx="6.11" PMx="0.33" fuel="6.17" electricity="0.00" noise="75.19" route="routetop" type="cfm-slow" waiting="0.00" lane="left_0" pos="20.19" speed="25.40" angle="148.10" x="8.41" y="23.00"/>
        <vehicle id="cfm-slow_1" eclass="HBEFA3/PC_G_EU4" CO2="16733.11" CO="282.22" HC="1.70" NOx="7.19" PMx="0.40" fuel="7.19" electricity="0.00" noise="76.57" route="routetop" type="cfm-slow" waiting="0.00" lane="left_0" pos="40.72" speed="26.92" angle="111.20" x="43.89" y="-2.03"/>
        <vehicle id="cfm-slow_2" eclass="HBEFA3/PC_G_EU4" CO2="16978.85" CO="296.72" HC="1.78" NOx="7.27" PMx="0.41" fuel="7.30" electricity="0.00" noise="76.94" route="routebottom" type="cfm-slow" waiting="0.00" lane="bottom_0" pos="12.80" speed="28.63" angle="71.47" x="90.57" y="0.54"/>
        <vehicle id="cfm-slow_3" eclass="HBEFA3/PC_G_EU4" CO2="9618.70" CO="155.73" HC="0.95" NOx="3.76" PMx="0.23" fuel="4.13" electricity="0.00" noise="74.83" route="routebottom" type="cfm-slow" waiting="0.00" lane="bottom_0" pos="36.61" speed="30.16" angle="28.62" x="126.26" y="35.60"/>
        <vehicle id="cfm-slow_4" eclass="HBEFA3/PC_G_EU4" CO2="0.00" CO="0.00" HC="0.00" NOx="0.00" PMx="0.00" fuel="0.00" electricity="0.00" noise="72.64" route="routebottom" type="cfm-slow" waiting="0.00" lane="right_0" pos="11.91" speed="30.52" angle="342.99" x="127.49" y="88.78"/>
        <vehicle id="cfm-slow_5" eclass="HBEFA3/PC_G_EU4" CO2="0.00" CO="0.00" HC="0.00" NOx="0.00" PMx="0.00" fuel="0.00" electricity="0.00" noise="71.39" route="routebottom" type="cfm-slow" waiting="0.00" lane="right_0" pos="37.45" speed="28.56" angle="297.10" x="90.06" y="126.98"/>
    </timestep>
    <timestep time="8.84">
        <vehicle id="cfm-fast_0" eclass="HBEFA3/PC_G_EU4" CO2="236614.34" CO="5427.63" HC="30.67" NOx="110.32" PMx="6.42" fuel="101.71" electricity="0.00" noise="143.82" route="routetop" type="cfm-fast" waiting="0.00" lane="top_1" pos="40.70" speed="60.06" angle="201.21" x="1.13" y="82.49"/>
        <vehicle id="cfm-fast_1" eclass="HBEFA3/PC_G_EU4" CO2="0.00" CO="0.00" HC="0.00" NOx="0.00" PMx="0.00" fuel="0.00" electricity="0.00" noise="69.86" route="routetop" type="cfm-fast" waiting="0.00" lane="top_0" pos="12.77" speed="23.28" angle="251.49" x="36.82" y="126.81"/>
        <vehicle id="cfm-fast_2" eclass="HBEFA3/PC_G_EU4" CO2="5494.44" CO="38.22" HC="0.31" NOx="1.98" PMx="0.10" fuel="2.36" electricity="0.00" noise="70.76" route="routetop" type="cfm-fast" waiting="0.00" lane="top_0" pos="26.97" speed="22.92" angle="225.99" x="12.25" y="109.09"/>
        <vehicle id="cfm-fast_3" eclass="HBEFA3/PC_G_EU4" CO2="9041.64" CO="111.81" HC="0.73" NOx="3.64" PMx="0.19" fuel="3.89" electricity="0.00" noise="72.23" route="routetop" type="cfm-fast" waiting="0.00" lane="top_0" pos="40.86" speed="23.26" angle="200.94" x="-2.12" y="83.14"/>
        <vehicle id="cfm-fast_4" eclass="HBEFA3/PC_G_EU4" CO2="0.00" CO="0.00" HC="0.00" NOx="0.00" PMx="0.00" fuel="0.00" electricity="0.00" noise="86.42" route="routebottom" type="cfm-fast" waiting="0.00" lane="right_1" pos="7.78" speed="80.65" angle="350.45" x="127.02" y="79.48"/>
        <vehicle id="cfm-fast_5" eclass="HBEFA3/PC_G_EU4" CO2="11881.58" CO="172.18" HC="1.08" NOx="4.96" PMx="0.27" fuel="5.11" electricity="0.00" noise="73.76" route="routetop" type="cfm-fast" waiting="0.00" lane="left_0" pos="5.18" speed="24.15" angle="175.17" x="-4.04" y="52.47"/>
        <vehicle id="cfm-slow_0" eclass="HBEFA3/PC_G_EU4" CO2="14386.54" CO="227.58" HC="1.39" NOx="6.12" PMx="0.33" fuel="6.18" electricity="0.00" noise="75.21" route="routetop" type="cfm-slow" waiting="0.00" lane="left_0" pos="20.44" speed="25.41" angle="147.66" x="8.73" y="22.56"/>
        <vehicle id="cfm-slow_1" eclass="HBEFA3/PC_G_EU4" CO2="16737.36" CO="282.38" HC="1.70" NOx="7.19" PMx="0.40" fuel="7.19" electricity="0.00" noise="76.57" route="routetop" type="cfm-slow" waiting="0.00" lane="left_0" pos="40.99" speed="26.94" angle="110.73" x="44.44" y="-2.20"/>
        <vehicle id="cfm-slow_2" eclass="HBEFA3/PC_G_EU4" CO2="16914.83" CO="295.50" HC="1.77" NOx="7.24" PMx="0.41" fuel="7.27" electricity="0.00" noise="76.92" route="routebottom" type="cfm-slow" waiting="0.00" lane="bottom_0" pos="13.09" speed="28.64" angle="70.94" x="91.13" y="0.80"/>
        <vehicle id="cfm-slow_3" eclass="HBEFA3/PC_G_EU4" CO2="9453.48" CO="152.36" HC="0.93" NOx="3.68" PMx="0.22" fuel="4.06" electricity="0.00" noise="74.78" route="routebottom" type="cfm-slow" waiting="0.00" lane="bottom_0" pos="36.91" speed="30.16" angle="28.03" x="126.53" y="36.19"/>
        <vehicle id="cfm-slow_4" eclass="HBEFA3/PC_G_EU4" CO2="0.00" CO="0.00" HC="0.00" NOx="0.00" PMx="0.00" fuel="0.00" electricity="0.00" noise="72.63" route="routebottom" type="cfm-slow" waiting="0.00" lane="right_0" pos="12.22" speed="30.50" angle="342.43" x="127.25" y="89.39"/>
        <vehicle id="cfm-slow_5" eclass="HBEFA3/PC_G_EU4" CO2="0.00" CO="0.00" HC="0.00" NOx="0.00" PMx="0.00" fuel="0.00" electricity="0.00" noise="71.37" route="routebottom" type="cfm-slow" waiting="0.00" lane="right_0" pos="37.74" speed="28.53" angle="296.59" x="89.49" y="127.21"/>
    </timestep>
    <timestep time="8.85">
        <vehicle id="cfm-fast_0" eclass="HBEFA3/PC_G_EU4" CO2="237210.07" CO="5444.34" HC="30.76" NOx="110.60" PMx="6.44" fuel="101.96" electricity="0.00" noise="143.89" route="routetop" type="cfm-fast" waiting="0.00" lane="top_1" pos="41.30" speed="60.19" angle="200.15" x="0.79" y="81.31"/>
        <vehicle id="cfm-fast_1" eclass="HBEFA3/PC_G_EU4" CO2="0.00" CO="0.00" HC="0.00" NOx="0.00" PMx="0.00" fuel="0.00" electricity="0.00" noise="69.86" route="routetop" type="cfm-fast" waiting="0.00" lane="top_0" pos="13.01" speed="23.27" angle="251.07" x="36.36" y="126.60"/>
        <vehicle id="cfm-fast_2" eclass="HBEFA3/PC_G_EU4" CO2="5529.27" CO="38.94" HC="0.31" NOx="1.99" PMx="0.10" fuel="2.38" electricity="0.00" noise="70.77" route="routetop" type="cfm-fast" waiting="0.00" lane="top_0" pos="27.20" speed="22.92" angle="225.56" x="11.93" y="108.71"/>
        <vehicle id="cfm-fast_3" eclass="HBEFA3/PC_G_EU4" CO2="9068.82" CO="112.38" HC="0.74" NOx="3.66" PMx="0.19" fuel="3.90" electricity="0.00" noise="72.25" route="routetop" type="cfm-fast" waiting="0.00" lane="top_0" pos="41.10" speed="23.27" angle="200.57" x="-2.26" y="82.66"/>
        <vehicle id="cfm-fast_4" eclass="HBEFA3/PC_G_EU4" CO2="0.00" CO="0.00" HC="0.00" NOx="0.00" PMx="0.00" fuel="0.00" electricity="0.00" noise="86.40" route="routebottom" type="cfm-fast" waiting="0.00" lane="right_1" pos="8.58" speed="80.56" angle="349.01" x="126.60" y="81.08"/>
        <vehicle id="cfm-fast_5" eclass="HBEFA3/PC_G_EU4" CO2="11905.18" CO="172.70" HC="1.08" NOx="4.97" PMx="0.27" fuel="5.12" electricity="0.00" noise="73.77" route="routetop" type="cfm-fast" waiting="0.00" lane="left_0" pos="5.42" speed="24.17" angle="174.73" x="-3.94" y="51.96"/>
        <vehicle id="cfm-slow_0" eclass="HBEFA3/PC_G_EU4" CO2="14408.92" CO="228.10" HC="1.40" NOx="6.13" PMx="0.34" fuel="6.19" electricity="0.00" noise="75.22" route="routetop" type="cfm-slow" waiting="0.00" lane="left_0" pos="20.69" speed="25.43" angle="147.22" x="9.06" y="22.13"/>
        <vehicle id="cfm-slow_1" eclass="HBEFA3/PC_G_EU4" CO2="16741.01" CO="282.54" HC="1.70" NOx="7.19" PMx="0.40" fuel="7.20" electricity="0.00" noise="76.57" route="routetop" type="cfm-slow" waiting="0.00" lane="left_0" pos="41.26" speed="26.96" angle="110.25" x="45.00" y="-2.35"/>
        <vehicle id="cfm-slow_2" eclass="HBEFA3/PC_G_EU4" CO2="16849.84" CO="294.26" HC="1.76" NOx="7.21" PMx="0.41" fuel="7.24" electricity="0.00" noise="76.90" route="routebottom" type="cfm-slow" waiting="0.00" lane="bottom_0" pos="13.38" speed="28.66" angle="70.41" x="91.69" y="1.05"/>
        <vehicle id="cfm-slow_3" eclass="HBEFA3/PC_G_EU4" CO2="9288.34" CO="148.99" HC="0.92" NOx="3.61" PMx="0.22" fuel="3.99" electricity="0.00" noise="74.74" route="routebottom" type="cfm-slow" waiting="0.00" lane="bottom_0" pos="37.21" speed="30.17" angle="27.53" x="126.79" y="36.79"/>
        <vehicle id="cfm-slow_4" eclass="HBEFA3/PC_G_EU4" CO2="0.00" CO="0.00" HC="0.00" NOx="0.00" PMx="0.00" fuel="0.00" electricity="0.00" noise="72.61" route="routebottom" type="cfm-slow" waiting="0.00" lane="right_0" pos="12.52" speed="30.48" angle="341.88" x="127.00" y="90.00"/>
        <vehicle id="cfm-slow_5" eclass="HBEFA3/PC_G_EU4" CO2="0.00" CO="0.00" HC="0.00" NOx="0.00" PMx="0.00" fuel="0.00" electricity="0.00" noise="71.35" route="routebottom" type="cfm-slow" waiting="0.00" lane="right_0" pos="38.02" speed="28.49" angle="296.07" x="88.92" y="127.44"/>
    </timestep>
    <timestep time="8.86">
        <vehicle id="cfm-fast_0" eclass="HBEFA3/PC_G_EU4" CO2="237806.10" CO="5461.07" HC="30.85" NOx="110.88" PMx="6.46" fuel="102.22" electricity="0.00" noise="143.96" route="routetop" type="cfm-fast" waiting="0.00" lane="top_1" pos="41.90" speed="60.33" angle="199.04" x="0.47" y="80.11"/>
        <vehicle id="cfm-fast_1" eclass="HBEFA3/PC_G_EU4" CO2="0.00" CO="0.00" HC="0.00" NOx="0.00" PMx="0.00" fuel="0.00" electricity="0.00" noise="69.87" route="routetop" type="cfm-fast" waiting="0.00" lane="top_0" pos="13.24" speed="23.27" angle="250.65" x="35.91" y="126.40"/>
        <vehicle id="cfm-fast_2" eclass="HBEFA3/PC_G_EU4" CO2="5564.03" CO="39.66" HC="0.32" NOx="2.01" PMx="0.10" fuel="2.39" electricity="0.00" noise="70.79" route="routetop" type="cfm-fast" waiting="0.00" lane="top_0" pos="27.43" speed="22.92" angle="225.13" x="11.61" y="108.34"/>
        <vehicle id="cfm-fast_3" eclass="HBEFA3/PC_G_EU4" CO2="9095.97" CO="112.96" HC="0.74" NOx="3.67" PMx="0.19" fuel="3.91" electricity="0.00" noise="72.26" route="routetop" type="cfm-fast" waiting="0.00" lane="top_0" pos="41.33" speed="23.28" angle="200.13" x="-2.39" y="82.18"/>
        <vehicle id="cfm-fast_4" eclass="HBEFA3/PC_G_EU4" CO2="0.00" CO="0.00" HC="0.00" NOx="0.00" PMx="0.00" fuel="0.00" electricity="0.00" noise="86.39" route="routebottom" type="cfm-fast" waiting="0.00" lane="right_1" pos="9.39" speed="80.48" angle="347.61" x="126.14" y="82.66"/>
        <vehicle id="cfm-fast_5" eclass="HBEFA3/PC_G_EU4" CO2="11928.78" CO="173.22" HC="1.08" NOx="4.98" PMx="0.27" fuel="5.13" electricity="0.00" noise="73.78" route="routetop" type="cfm-fast" waiting="0.00" lane="left_0" pos="5.66" speed="24.18" angle="174.28" x="-3.85" y="51.45"/>
        <vehicle id="cfm-slow_0" eclass="HBEFA3/PC_G_EU4" CO2="14431.14" CO="228.61" HC="1.40" NOx="6.14" PMx="0.34" fuel="6.20" electricity="0.00" noise="75.24" route="routetop" type="cfm-slow" waiting="0.00" lane="left_0" pos="20.95" speed="25.44" angle="146.76" x="9.40" y="21.70"/>
        <vehicle id="cfm-slow_1" eclass="HBEFA3/PC_G_EU4" CO2="16744.05" CO="282.69" HC="1.71" NOx="7.19" PMx="0.40" fuel="7.20" electricity="0.00" noise="76.58" route="routetop" type="cfm-slow" waiting="0.00" lane="left_0" pos="41.53" speed="26.97" angle="109.75" x="45.56" y="-2.50"/>
        <vehicle id="cfm-slow_2" eclass="HBEFA3/PC_G_EU4" CO2="16783.89" CO="293.00" HC="1.76" NOx="7.17" PMx="0.41" fuel="7.21" electricity="0.00" noise="76.87" route="routebottom" type="cfm-slow" waiting="0.00" lane="bottom_0" pos="13.66" speed="28.68" angle="69.88" x="92.25" y="1.30"/>
        <vehicle id="cfm-slow_3" eclass="HBEFA3/PC_G_EU4" CO2="9123.30" CO="145.63" HC="0.90" NOx="3.53" PMx="0.21" fuel="3.92" electricity="0.00" noise="74.70" route="routebottom" type="cfm-slow" waiting="0.00" lane="bottom_0" pos="37.51" speed="30.17" angle="26.99" x="127.03" y="37.39"/>
        <vehicle id="cfm-slow_4" eclass="HBEFA3/PC_G_EU4" CO2="0.00" CO="0.00" HC="0.00" NOx="0.00" PMx="0.00" fuel="0.00" electricity="0.00" noise="72.60" route="routebottom" type="cfm-slow" waiting="0.00" lane="right_0" pos="12.83" speed="30.46" angle="341.38" x="126.76" y="90.61"/>
        <vehicle id="cfm-slow_5" eclass="HBEFA3/PC_G_EU4" CO2="0.00" CO="0.00" HC="0.00" NOx="0.00" PMx="0.00" fuel="0.00" electricity="0.00" noise="71.34" route="routebottom" type="cfm-slow" waiting="0.00" lane="right_0" pos="38.31" speed="28.46" angle="295.56" x="88.35" y="127.67"/>
    </timestep>
    <timestep time="8.87">
        <vehicle id="cfm-fast_0" eclass="HBEFA3/PC_G_EU4" CO2="238402.42" CO="5477.82" HC="30.95" NOx="111.16" PMx="6.48" fuel="102.48" electricity="0.00" noise="144.02" route="routetop" type="cfm-fast" waiting="0.00" lane="top_1" pos="42.51" speed="60.46" angle="198.00" x="0.16" y="78.91"/>
        <vehicle id="cfm-fast_1" eclass="HBEFA3/PC_G_EU4" CO2="0.00" CO="0.00" HC="0.00" NOx="0.00" PMx="0.00" fuel="0.00" electricity="0.00" noise="69.88" route="routetop" type="cfm-fast" waiting="0.00" lane="top_0" pos="13.47" speed="23.27" angle="250.22" x="35.45" y="126.20"/>
        <vehicle id="cfm-fast_2" eclass="HBEFA3/PC_G_EU4" CO2="5598.71" CO="40.38" HC="0.32" NOx="2.03" PMx="0.10" fuel="2.41" electricity="0.00" noise="70.80" route="routetop" type="cfm-fast" waiting="0.00" lane="top_0" pos="27.66" speed="22.93" angle="224.70" x="11.29" y="107.96"/>
        <vehicle id="cfm-fast_3" eclass="HBEFA3/PC_G_EU4" CO2="9123.09" CO="113.53" HC="0.74" NOx="3.68" PMx="0.19" fuel="3.92" electricity="0.00" noise="72.27" route="routetop" type="cfm-fast" waiting="0.00" lane="top_0" pos="41.56" speed="23.29" angle="199.70" x="-2.52" y="81.69"/>
        <vehicle id="cfm-fast_4" eclass="HBEFA3/PC_G_EU4" CO2="0.00" CO="0.00" HC="0.00" NOx="0.00" PMx="0.00" fuel="0.00" electricity="0.00" noise="86.37" route="routebottom" type="cfm-fast" waiting="0.00" lane="right_1" pos="10.19" speed="80.39" angle="346.18" x="125.66" y="84.24"/>
        <vehicle id="cfm-fast_5" eclass="HBEFA3/PC_G_EU4" CO2="11952.37" CO="173.73" HC="1.09" NOx="4.99" PMx="0.27" fuel="5.14" electricity="0.00" noise="73.80" route="routetop" type="cfm-fast" waiting="0.00" lane="left_0" pos="5.91" speed="24.19" angle="173.84" x="-3.75" y="50.94"/>
        <vehicle id="cfm-slow_0" eclass="HBEFA3/PC_G_EU4" CO2="14453.19" CO="229.12" HC="1.40" NOx="6.15" PMx="0.34" fuel="6.21" electricity="0.00" noise="75.25" route="routetop" type="cfm-slow" waiting="0.00" lane="left_0" pos="21.20" speed="25.46" angle="146.29" x="9.74" y="21.26"/>
        <vehicle id="cfm-slow_1" eclass="HBEFA3/PC_G_EU4" CO2="16746.48" CO="282.82" HC="1.71" NOx="7.19" PMx="0.40" fuel="7.20" electricity="0.00" noise="76.58" route="routetop" type="cfm-slow" waiting="0.00" lane="left_0" pos="41.80" speed="26.99" angle="109.25" x="46.13" y="-2.65"/>
        <vehicle id="cfm-slow_2" eclass="HBEFA3/PC_G_EU4" CO2="16716.99" CO="291.72" HC="1.75" NOx="7.14" PMx="0.41" fuel="7.19" electricity="0.00" noise="76.84" route="routebottom" type="cfm-slow" waiting="0.00" lane="bottom_0" pos="13.95" speed="28.69" angle="69.35" x="92.82" y="1.56"/>
        <vehicle id="cfm-slow_3" eclass="HBEFA3/PC_G_EU4" CO2="8958.39" CO="142.26" HC="0.88" NOx="3.45" PMx="0.21" fuel="3.85" electricity="0.00" noise="74.66" route="routebottom" type="cfm-slow" waiting="0.00" lane="bottom_0" pos="37.81" speed="30.18" angle="26.44" x="127.28" y="37.99"/>
        <vehicle id="cfm-slow_4" eclass="HBEFA3/PC_G_EU4" CO2="0.00" CO="0.00" HC="0.00" NOx="0.00" PMx="0.00" fuel="0.00" electricity="0.00" noise="72.58" route="routebottom" type="cfm-slow" waiting="0.00" lane="right_0" pos="13.13" speed="30.44" angle="340.83" x="126.49" y="91.21"/>
        <vehicle id="cfm-slow_5" eclass="HBEFA3/PC_G_EU4" CO2="0.00" CO="0.00" HC="0.00" NOx="0.00" PMx="0.00" fuel="0.00" electricity="0.00" noise="71.32" route="routebottom" type="cfm-slow" waiting="0.00" lane="right_0" pos="38.59" speed="28.43" angle="295.10" x="87.78" y="127.89"/>
    </timestep>
    <timestep time="8.88">
        <vehicle id="cfm-fast_0" eclass="HBEFA3/PC_G_EU4" CO2="238999.03" CO="5494.59" HC="31.04" NOx="111.44" PMx="6.49" fuel="102.73" electricity="0.00" noise="144.09" route="routetop" type="cfm-fast" waiting="0.00" lane="top_1" pos="43.11" speed="60.60" angle="196.91" x="-0.11" y="77.70"/>
        <vehicle id="cfm-fast_1" eclass="HBEFA3/PC_G_EU4" CO2="0.00" CO="0.00" HC="0.00" NOx="0.00" PMx="0.00" fuel="0.00" electricity="0.00" noise="69.88" route="routetop" type="cfm-fast" waiting="0.00" lane="top_0" pos="13.70" speed="23.26" angle="249.80" x="34.99" y="125.99"/>
        <vehicle id="cfm-fast_2" eclass="HBEFA3/PC_G_EU4" CO2="5633.32" CO="41.10" HC="0.33" NOx="2.04" PMx="0.10" fuel="2.42" electricity="0.00" noise="70.81" route="routetop" type="cfm-fast" waiting="0.00" lane="top_0" pos="27.89" speed="22.93" angle="224.27" x="10.97" y="107.59"/>
        <vehicle id="cfm-fast_3" eclass="HBEFA3/PC_G_EU4" CO2="9150.18" CO="114.10" HC="0.75" NOx="3.69" PMx="0.19" fuel="3.93" electricity="0.00" noise="72.29" route="routetop" type="cfm-fast" waiting="0.00" lane="top_0" pos="41.80" speed="23.30" angle="199.27" x="-2.65" y="81.21"/>
        <vehicle id="cfm-fast_4" eclass="HBEFA3/PC_G_EU4" CO2="0.00" CO="0.00" HC="0.00" NOx="0.00" PMx="0.00" fuel="0.00" electricity="0.00" noise="86.36" route="routebottom" type="cfm-fast" waiting="0.00" lane="right_1" pos="11.00" speed="80.31" angle="344.65" x="125.10" y="85.79"/>
        <vehicle id="cfm-fast_5" eclass="HBEFA3/PC_G_EU4" CO2="11975.95" CO="174.25" HC="1.09" NOx="5.01" PMx="0.27" fuel="5.15" electricity="0.00" noise="73.81" route="routetop" type="cfm-fast" waiting="0.00" lane="left_0" pos="6.15" speed="24.20" angle="173.40" x="-3.66" y="50.43"/>
        <vehicle id="cfm-slow_0" eclass="HBEFA3/PC_G_EU4" CO2="14475.08" CO="229.62" HC="1.41" NOx="6.16" PMx="0.34" fuel="6.22" electricity="0.00" noise="75.26" route="routetop" type="cfm-slow" waiting="0.00" lane="left_0" pos="21.46" speed="25.48" angle="145.82" x="10.08" y="20.83"/>
        <vehicle id="cfm-slow_1" eclass="HBEFA3/PC_G_EU4" CO2="16748.29" CO="282.94" HC="1.71" NOx="7.19" PMx="0.40" fuel="7.20" electricity="0.00" noise="76.59" route="routetop" type="cfm-slow" waiting="0.00" lane="left_0" pos="42.07" speed="27.01" angle="108.75" x="46.69" y="-2.80"/>
        <vehicle id="cfm-slow_2" eclass="HBEFA3/PC_G_EU4" CO2="16649.15" CO="290.41" HC="1.74" NOx="7.11" PMx="0.40" fuel="7.16" electricity="0.00" noise="76.82" route="routebottom" type="cfm-slow" waiting="0.00" lane="bottom_0" pos="14.24" speed="28.71" angle="68.87" x="93.37" y="1.82"/>
        <vehicle id="cfm-slow_3" eclass="HBEFA3/PC_G_EU4" CO2="8793.62" CO="138.90" HC="0.86" NOx="3.37" PMx="0.21" fuel="3.78" electricity="0.00" noise="74.62" route="routebottom" type="cfm-slow" waiting="0.00" lane="bottom_0" pos="38.11" speed="30.18" angle="25.90" x="127.52" y="38.60"/>
        <vehicle id="cfm-slow_4" eclass="HBEFA3/PC_G_EU4" CO2="0.00" CO="0.00" HC="0.00" NOx="0.00" PMx="0.00" fuel="0.00" electricity="0.00" noise="72.57" route="routebottom" type="cfm-slow" waiting="0.00" lane="right_0" pos="13.44" speed="30.43" angle="340.28" x="126.22" y="91.81"/>
        <vehicle id="cfm-slow_5" eclass="HBEFA3/PC_G_EU4" CO2="0.00" CO="0.00" HC="0.00" NOx="0.00" PMx="0.00" fuel="0.00" electricity="0.00" noise="71.31" route="routebottom" type="cfm-slow" waiting="0.00" lane="right_0" pos="38.87" speed="28.39" angle="294.58" x="87.21" y="128.09"/>
    </timestep>
    <timestep time="8.89">
        <vehicle id="cfm-fast_0" eclass="HBEFA3/PC_G_EU4" CO2="239595.94" CO="5511.38" HC="31.13" NOx="111.72" PMx="6.51" fuel="102.99" electricity="0.00" noise="144.15" route="routetop" type="cfm-fast" waiting="0.00" lane="top_1" pos="43.72" speed="60.74" angle="195.86" x="-0.37" y="76.48"/>
        <vehicle id="cfm-fast_1" eclass="HBEFA3/PC_G_EU4" CO2="0.00" CO="0.00" HC="0.00" NOx="0.00" PMx="0.00" fuel="0.00" electricity="0.00" noise="69.89" route="routetop" type="cfm-fast" waiting="0.00" lane="top_0" pos="13.94" speed="23.26" angle="249.37" x="34.53" y="125.79"/>
        <vehicle id="cfm-fast_2" eclass="HBEFA3/PC_G_EU4" CO2="5667.85" CO="41.81" HC="0.33" NOx="2.06" PMx="0.10" fuel="2.44" electricity="0.00" noise="70.83" route="routetop" type="cfm-fast" waiting="0.00" lane="top_0" pos="28.12" speed="22.93" angle="223.86" x="10.65" y="107.21"/>
        <vehicle id="cfm-fast_3" eclass="HBEFA3/PC_G_EU4" CO2="9177.24" CO="114.68" HC="0.75" NOx="3.71" PMx="0.19" fuel="3.94" electricity="0.00" noise="72.30" route="routetop" type="cfm-fast" waiting="0.00" lane="top_0" pos="42.03" speed="23.31" angle="198.84" x="-2.78" y="80.73"/>
        <vehicle id="cfm-fast_4" eclass="HBEFA3/PC_G_EU4" CO2="0.00" CO="0.00" HC="0.00" NOx="0.00" PMx="0.00" fuel="0.00" electricity="0.00" noise="86.35" route="routebottom" type="cfm-fast" waiting="0.00" lane="right_1" pos="11.80" speed="80.23" angle="343.21" x="124.52" y="87.33"/>
        <vehicle id="cfm-fast_5" eclass="HBEFA3/PC_G_EU4" CO2="11999.52" CO="174.77" HC="1.09" NOx="5.02" PMx="0.27" fuel="5.16" electricity="0.00" noise="73.83" route="routetop" type="cfm-fast" waiting="0.00" lane="left_0" pos="6.39" speed="24.22" angle="173.02" x="-3.56" y="49.91"/>
        <vehicle id="cfm-slow_0" eclass="HBEFA3/PC_G_EU4" CO2="14496.80" CO="230.12" HC="1.41" NOx="6.17" PMx="0.34" fuel="6.23" electricity="0.00" noise="75.27" route="routetop" type="cfm-slow" waiting="0.00" lane="left_0" pos="21.71" speed="25.49" angle="145.38" x="10.42" y="20.40"/>
        <vehicle id="cfm-slow_1" eclass="HBEFA3/PC_G_EU4" CO2="16749.49" CO="283.05" HC="1.71" NOx="7.19" PMx="0.40" fuel="7.20" electricity="0.00" noise="76.59" route="routetop" type="cfm-slow" waiting="0.00" lane="left_0" pos="42.34" speed="27.02" angle="108.31" x="47.25" y="-2.95"/>
        <vehicle id="cfm-slow_2" eclass="HBEFA3/PC_G_EU4" CO2="16580.36" CO="289.09" HC="1.73" NOx="7.08" PMx="0.40" fuel="7.13" electricity="0.00" noise="76.79" route="routebottom" type="cfm-slow" waiting="0.00" lane="bottom_0" pos="14.52" speed="28.72" angle="68.34" x="93.93" y="2.10"/>
        <vehicle id="cfm-slow_3" eclass="HBEFA3/PC_G_EU4" CO2="8629.02" CO="135.54" HC="0.84" NOx="3.29" PMx="0.20" fuel="3.71" electricity="0.00" noise="74.58" route="routebottom" type="cfm-slow" waiting="0.00" lane="bottom_0" pos="38.42" speed="30.18" angle="25.38" x="127.76" y="39.20"/>
        <vehicle id="cfm-slow_4" eclass="HBEFA3/PC_G_EU4" CO2="0.00" CO="0.00" HC="0.00" NOx="0.00" PMx="0.00" fuel="0.00" electricity="0.00" noise="72.55" route="routebottom" type="cfm-slow" waiting="0.00" lane="right_0" pos="13.74" speed="30.41" angle="339.72" x="125.96" y="92.40"/>
        <vehicle id="cfm-slow_5" eclass="HBEFA3/PC_G_EU4" CO2="0.00" CO="0.00" HC="0.00" NOx="0.00" PMx="0.00" fuel="0.00" electricity="0.00" noise="71.29" route="routebottom" type="cfm-slow" waiting="0.00" lane="right_0" pos="39.16" speed="28.36" angle="294.07" x="86.63" y="128.30"/>
    </timestep>
    <timestep time="8.90">
        <vehicle id="cfm-fast_0" eclass="HBEFA3/PC_G_EU4" CO2="240193.14" CO="5528.19" HC="31.22" NOx="112.00" PMx="6.53" fuel="103.25" electricity="0.00" noise="144.22" route="routetop" type="cfm-fast" waiting="0.00" lane="top_1" pos="44.33" speed="60.87" angle="194.73" x="-0.60" y="75.25"/>
        <vehicle id="cfm-fast_1" eclass="HBEFA3/PC_G_EU4" CO2="0.00" CO="0.00" HC="0.00" NOx="0.00" PMx="0.00" fuel="0.00" electricity="0.00" noise="69.90" route="routetop" type="cfm-fast" waiting="0.00" lane="top_0" pos="14.17" speed="23.26" angle="249.00" x="34.08" y="125.58"/>
        <vehicle id="cfm-fast_2" eclass="HBEFA3/PC_G_EU4" CO2="5702.31" CO="42.53" HC="0.33" NOx="2.07" PMx="0.10" fuel="2.45" electricity="0.00" noise="70.84" route="routetop" type="cfm-fast" waiting="0.00" lane="top_0" pos="28.35" speed="22.93" angle="223.49" x="10.34" y="106.83"/>
        <vehicle id="cfm-fast_3" eclass="HBEFA3/PC_G_EU4" CO2="9204.27" CO="115.25" HC="0.75" NOx="3.72" PMx="0.19" fuel="3.96" electricity="0.00" noise="72.32" route="routetop" type="cfm-fast" waiting="0.00" lane="top_0" pos="42.26" speed="23.31" angle="198.43" x="-2.91" y="80.24"/>
        <vehicle id="cfm-fast_4" eclass="HBEFA3/PC_G_EU4" CO2="0.00" CO="0.00" HC="0.00" NOx="0.00" PMx="0.00" fuel="0.00" electricity="0.00" noise="86.33" route="routebottom" type="cfm-fast" waiting="0.00" lane="right_1" pos="12.60" speed="80.15" angle="341.80" x="123.91" y="88.85"/>
        <vehicle id="cfm-fast_5" eclass="HBEFA3/PC_G_EU4" CO2="12023.09" CO="175.29" HC="1.10" NOx="5.03" PMx="0.27" fuel="5.17" electricity="0.00" noise="73.84" route="routetop" type="cfm-fast" waiting="0.00" lane="left_0" pos="6.63" speed="24.23" angle="172.55" x="-3.45" y="49.41"/>
        <vehicle id="cfm-slow_0" eclass="HBEFA3/PC_G_EU4" CO2="14518.34" CO="230.62" HC="1.41" NOx="6.18" PMx="0.34" fuel="6.24" electricity="0.00" noise="75.29" route="routetop" type="cfm-slow" waiting="0.00" lane="left_0" pos="21.97" speed="25.51" angle="144.93" x="10.77" y="19.98"/>
        <vehicle id="cfm-slow_1" eclass="HBEFA3/PC_G_EU4" CO2="16750.06" CO="283.14" HC="1.71" NOx="7.19" PMx="0.40" fuel="7.20" electricity="0.00" noise="76.59" route="routetop" type="cfm-slow" waiting="0.00" lane="left_0" pos="42.61" speed="27.04" angle="107.83" x="47.82" y="-3.08"/>
        <vehicle id="cfm-slow_2" eclass="HBEFA3/PC_G_EU4" CO2="16510.65" CO="287.75" HC="1.72" NOx="7.04" PMx="0.40" fuel="7.10" electricity="0.00" noise="76.77" route="routebottom" type="cfm-slow" waiting="0.00" lane="bottom_0" pos="14.81" speed="28.74" angle="67.80" x="94.48" y="2.37"/>
        <vehicle id="cfm-slow_3" eclass="HBEFA3/PC_G_EU4" CO2="8464.59" CO="132.18" HC="0.82" NOx="3.22" PMx="0.20" fuel="3.64" electricity="0.00" noise="74.55" route="routebottom" type="cfm-slow" waiting="0.00" lane="bottom_0" pos="38.72" speed="30.19" angle="24.86" x="127.98" y="39.81"/>
        <vehicle id="cfm-slow_4" eclass="HBEFA3/PC_G_EU4" CO2="0.00" CO="0.00" HC="0.00" NOx="0.00" PMx="0.00" fuel="0.00" electricity="0.00" noise="72.54" route="routebottom" type="cfm-slow" waiting="0.00" lane="right_0" pos="14.04" speed="30.39" angle="339.22" x="125.69" y="93.00"/>
        <vehicle id="cfm-slow_5" eclass="HBEFA3/PC_G_EU4" CO2="0.00" CO="0.00" HC="0.00" NOx="0.00" PMx="0.00" fuel="0.00" electricity="0.00" noise="71.27" route="routebottom" type="cfm-slow" waiting="0.00" lane="right_0" pos="39.44" speed="28.33" angle="293.56" x="86.06" y="128.51"/>
    </timestep>
    <timestep time="8.91">
        <vehicle id="cfm-fast_0" eclass="HBEFA3/PC_G_EU4" CO2="240790.62" CO="5545.03" HC="31.31" NOx="112.28" PMx="6.55" fuel="103.50" electricity="0.00" noise="144.29" route="routetop" type="cfm-fast" waiting="0.00" lane="top_1" pos="44.94" speed="61.01" angle="193.67" x="-0.83" y="74.02"/>
        <vehicle id="cfm-fast_1" eclass="HBEFA3/PC_G_EU4" CO2="0.00" CO="0.00" HC="0.00" NOx="0.00" PMx="0.00" fuel="0.00" electricity="0.00" noise="69.90" route="routetop" type="cfm-fast" waiting="0.00" lane="top_0" pos="14.40" speed="23.25" angle="248.56" x="33.63" y="125.35"/>
        <vehicle id="cfm-fast_2" eclass="HBEFA3/PC_G_EU4" CO2="5736.70" CO="43.24" HC="0.34" NOx="2.09" PMx="0.10" fuel="2.47" electricity="0.00" noise="70.85" route="routetop" type="cfm-fast" waiting="0.00" lane="top_0" pos="28.58" speed="22.94" angle="223.07" x="10.03" y="106.44"/>
        <vehicle id="cfm-fast_3" eclass="HBEFA3/PC_G_EU4" CO2="9231.27" CO="115.82" HC="0.76" NOx="3.73" PMx="0.20" fuel="3.97" electricity="0.00" noise="72.33" route="routetop" type="cfm-fast" waiting="0.00" lane="top_0" pos="42.50" speed="23.32" angle="198.05" x="-3.03" y="79.75"/>
        <vehicle id="cfm-fast_4" eclass="HBEFA3/PC_G_EU4" CO2="0.00" CO="0.00" HC="0.00" NOx="0.00" PMx="0.00" fuel="0.00" electricity="0.00" noise="86.32" route="routebottom" type="cfm-fast" waiting="0.00" lane="right_1" pos="13.40" speed="80.07" angle="340.37" x="123.26" y="90.36"/>
        <vehicle id="cfm-fast_5" eclass="HBEFA3/PC_G_EU4" CO2="12046.63" CO="175.80" HC="1.10" NOx="5.04" PMx="0.27" fuel="5.18" electricity="0.00" noise="73.85" route="routetop" type="cfm-fast" waiting="0.00" lane="left_0" pos="6.87" speed="24.24" angle="172.08" x="-3.33" y="48.90"/>
        <vehicle id="cfm-slow_0" eclass="HBEFA3/PC_G_EU4" CO2="14539.70" CO="231.12" HC="1.41" NOx="6.19" PMx="0.34" fuel="6.25" electricity="0.00" noise="75.30" route="routetop" type="cfm-slow" waiting="0.00" lane="left_0" pos="22.22" speed="25.52" angle="144.46" x="11.12" y="19.56"/>
        <vehicle id="cfm-slow_1" eclass="HBEFA3/PC_G_EU4" CO2="16750.02" CO="283.22" HC="1.71" NOx="7.19" PMx="0.40" fuel="7.20" electricity="0.00" noise="76.59" route="routetop" type="cfm-slow" waiting="0.00" lane="left_0" pos="42.88" speed="27.06" angle="107.35" x="48.38" y="-3.21"/>
        <vehicle id="cfm-slow_2" eclass="HBEFA3/PC_G_EU4" CO2="16440.03" CO="286.39" HC="1.72" NOx="7.01" PMx="0.40" fuel="7.07" electricity="0.00" noise="76.74" route="routebottom" type="cfm-slow" waiting="0.00" lane="bottom_0" pos="15.10" speed="28.75" angle="67.26" x="95.03" y="2.65"/>
        <vehicle id="cfm-slow_3" eclass="HBEFA3/PC_G_EU4" CO2="8300.38" CO="128.82" HC="0.80" NOx="3.14" PMx="0.19" fuel="3.57" electricity="0.00" noise="74.51" route="routebottom" type="cfm-slow" waiting="0.00" lane="bottom_0" pos="39.02" speed="30.19" angle="24.32" x="128.20" y="40.42"/>
        <vehicle id="cfm-slow_4" eclass="HBEFA3/PC_G_EU4" CO2="0.00" CO="0.00" HC="0.00" NOx="0.00" PMx="0.00" fuel="0.00" electricity="0.00" noise="72.53" route="routebottom" type="cfm-slow" waiting="0.00" lane="right_0" pos="14.35" speed="30.37" angle="338.66" x="125.40" y="93.59"/>
        <vehicle id="cfm-slow_5" eclass="HBEFA3/PC_G_EU4" CO2="0.00" CO="0.00" HC="0.00" NOx="0.00" PMx="0.00" fuel="0.00" electricity="0.00" noise="71.26" route="routebottom" type="cfm-slow" waiting="0.00" lane="right_0" pos="39.72" speed="28.29" angle="293.09" x="85.49" y="128.72"/>
    </timestep>
    <timestep time="8.92">
        <vehicle id="cfm-fast_0" eclass="HBEFA3/PC_G_EU4" CO2="241388.40" CO="5561.88" HC="31.40" NOx="112.56" PMx="6.56" fuel="103.76" electricity="0.00" noise="144.35" route="routetop" type="cfm-fast" waiting="0.00" lane="top_1" pos="45.55" speed="61.15" angle="192.55" x="-1.00" y="72.78"/>
        <vehicle id="cfm-fast_1" eclass="HBEFA3/PC_G_EU4" CO2="0.00" CO="0.00" HC="0.00" NOx="0.00" PMx="0.00" fuel="0.00" electricity="0.00" noise="69.91" route="routetop" type="cfm-fast" waiting="0.00" lane="top_0" pos="14.64" speed="23.25" angle="248.11" x="33.19" y="125.12"/>
        <vehicle id="cfm-fast_2" eclass="HBEFA3/PC_G_EU4" CO2="5771.01" CO="43.95" HC="0.34" NOx="2.11" PMx="0.10" fuel="2.48" electricity="0.00" noise="70.86" route="routetop" type="cfm-fast" waiting="0.00" lane="top_0" pos="28.81" speed="22.94" angle="222.66" x="9.73" y="106.05"/>
        <vehicle id="cfm-fast_3" eclass="HBEFA3/PC_G_EU4" CO2="9258.23" CO="116.39" HC="0.76" NOx="3.74" PMx="0.20" fuel="3.98" electricity="0.00" noise="72.35" route="routetop" type="cfm-fast" waiting="0.00" lane="top_0" pos="42.73" speed="23.33" angle="197.63" x="-3.14" y="79.26"/>
        <vehicle id="cfm-fast_4" eclass="HBEFA3/PC_G_EU4" CO2="0.00" CO="0.00" HC="0.00" NOx="0.00" PMx="0.00" fuel="0.00" electricity="0.00" noise="86.30" route="routebottom" type="cfm-fast" waiting="0.00" lane="right_1" pos="14.20" speed="79.99" angle="338.93" x="122.58" y="91.85"/>
        <vehicle id="cfm-fast_5" eclass="HBEFA3/PC_G_EU4" CO2="12070.17" CO="176.32" HC="1.10" NOx="5.05" PMx="0.27" fuel="5.19" electricity="0.00" noise="73.87" route="routetop" type="cfm-fast" waiting="0.00" lane="left_0" pos="7.12" speed="24.25" angle="171.62" x="-3.21" y="48.39"/>
        <vehicle id="cfm-slow_0" eclass="HBEFA3/PC_G_EU4" CO2="14560.88" CO="231.61" HC="1.42" NOx="6.20" PMx="0.34" fuel="6.26" electricity="0.00" noise="75.31" route="routetop" type="cfm-slow" waiting="0.00" lane="left_0" pos="22.48" speed="25.54" angle="143.98" x="11.48" y="19.14"/>
        <vehicle id="cfm-slow_1" eclass="HBEFA3/PC_G_EU4" CO2="16749.34" CO="283.29" HC="1.71" NOx="7.19" PMx="0.40" fuel="7.20" electricity="0.00" noise="76.60" route="routetop" type="cfm-slow" waiting="0.00" lane="left_0" pos="43.15" speed="27.07" angle="106.87" x="48.95" y="-3.34"/>
        <vehicle id="cfm-slow_2" eclass="HBEFA3/PC_G_EU4" CO2="16368.49" CO="285.01" HC="1.71" NOx="6.98" PMx="0.40" fuel="7.04" electricity="0.00" noise="76.71" route="routebottom" type="cfm-slow" waiting="0.00" lane="bottom_0" pos="15.39" speed="28.77" angle="66.80" x="95.59" y="2.93"/>
        <vehicle id="cfm-slow_3" eclass="HBEFA3/PC_G_EU4" CO2="8136.39" CO="125.46" HC="0.78" NOx="3.06" PMx="0.19" fuel="3.50" electricity="0.00" noise="74.47" route="routebottom" type="cfm-slow" waiting="0.00" lane="bottom_0" pos="39.32" speed="30.19" angle="23.77" x="128.42" y="41.03"/>
        <vehicle id="cfm-slow_4" eclass="HBEFA3/PC_G_EU4" CO2="0.00" CO="0.00" HC="0.00" NOx="0.00" PMx="0.00" fuel="0.00" electricity="0.00" noise="72.51" route="routebottom" type="cfm-slow" waiting="0.00" lane="right_0" pos="14.65" speed="30.35" angle="338.08" x="125.11" y="94.17"/>
        <vehicle id="cfm-slow_5" eclass="HBEFA3/PC_G_EU4" CO2="0.00" CO="0.00" HC="0.00" NOx="0.00" PMx="0.00" fuel="0.00" electricity="0.00" noise="71.24" route="routebottom" type="cfm-slow" waiting="0.00" lane="right_0" pos="40.01" speed="28.26" angle="292.58" x="84.91" y="128.90"/>
    </timestep>
    <timestep time="8.93">
        <vehicle id="cfm-fast_0" eclass="HBEFA3/PC_G_EU4" CO2="241986.48" CO="5578.76" HC="31.50" NOx="112.84" PMx="6.58" fuel="104.02" electricity="0.00" noise="144.42" route="routetop" type="cfm-fast" waiting="0.00" lane="top_1" pos="46.16" speed="61.28" angle="191.49" x="-1.18" y="71.54"/>
        <vehicle id="cfm-fast_1" eclass="HBEFA3/PC_G_EU4" CO2="0.00" CO="0.00" HC="0.00" NOx="0.00" PMx="0.00" fuel="0.00" electricity="0.00" noise="69.92" route="routetop" type="cfm-fast" waiting="0.00" lane="top_0" pos="14.87" speed="23.24" angle="247.67" x="32.74" y="124.90"/>
        <vehicle id="cfm-fast_2" eclass="HBEFA3/PC_G_EU4" CO2="5805.26" CO="44.66" HC="0.35" NOx="2.12" PMx="0.11" fuel="2.50" electricity="0.00" noise="70.88" route="routetop" type="cfm-fast" waiting="0.00" lane="top_0" pos="29.03" speed="22.94" angle="222.24" x="9.42" y="105.66"/>
        <vehicle id="cfm-fast_3" eclass="HBEFA3/PC_G_EU4" CO2="9285.17" CO="116.96" HC="0.76" NOx="3.76" PMx="0.20" fuel="3.99" electricity="0.00" noise="72.36" route="routetop" type="cfm-fast" waiting="0.00" lane="top_0" pos="42.96" speed="23.34" angle="197.22" x="-3.25" y="78.77"/>
        <vehicle id="cfm-fast_4" eclass="HBEFA3/PC_G_EU4" CO2="0.00" CO="0.00" HC="0.00" NOx="0.00" PMx="0.00" fuel="0.00" electricity="0.00" noise="86.29" route="routebottom" type="cfm-fast" waiting="0.00" lane="right_1" pos="15.00" speed="79.92" angle="337.44" x="121.84" y="93.32"/>
        <vehicle id="cfm-fast_5" eclass="HBEFA3/PC_G_EU4" CO2="12093.68" CO="176.84" HC="1.11" NOx="5.06" PMx="0.27" fuel="5.20" electricity="0.00" noise="73.88" route="routetop" type="cfm-fast" waiting="0.00" lane="left_0" pos="7.36" speed="24.27" angle="171.15" x="-3.10" y="47.88"/>
        <vehicle id="cfm-slow_0" eclass="HBEFA3/PC_G_EU4" CO2="14581.88" CO="232.10" HC="1.42" NOx="6.20" PMx="0.34" fuel="6.27" electricity="0.00" noise="75.33" route="routetop" type="cfm-slow" waiting="0.00" lane="left_0" pos="22.73" speed="25.55" angle="143.50" x="11.83" y="18.72"/>
        <vehicle id="cfm-slow_1" eclass="HBEFA3/PC_G_EU4" CO2="16748.03" CO="283.35" HC="1.71" NOx="7.19" PMx="0.40" fuel="7.20" electricity="0.00" noise="76.60" route="routetop" type="cfm-slow" waiting="0.00" lane="left_0" pos="43.42" speed="27.09" angle="106.39" x="49.52" y="-3.47"/>
        <vehicle id="cfm-slow_2" eclass="HBEFA3/PC_G_EU4" CO2="16296.05" CO="283.61" HC="1.70" NOx="6.94" PMx="0.40" fuel="7.00" electricity="0.00" noise="76.69" route="routebottom" type="cfm-slow" waiting="0.00" lane="bottom_0" pos="15.67" speed="28.78" angle="66.27" x="96.13" y="3.23"/>
        <vehicle id="cfm-slow_3" eclass="HBEFA3/PC_G_EU4" CO2="7972.64" CO="122.11" HC="0.76" NOx="2.98" PMx="0.18" fuel="3.43" electricity="0.00" noise="74.43" route="routebottom" type="cfm-slow" waiting="0.00" lane="bottom_0" pos="39.62" speed="30.20" angle="23.23" x="128.65" y="41.64"/>
        <vehicle id="cfm-slow_4" eclass="HBEFA3/PC_G_EU4" CO2="0.00" CO="0.00" HC="0.00" NOx="0.00" PMx="0.00" fuel="0.00" electricity="0.00" noise="72.50" route="routebottom" type="cfm-slow" waiting="0.00" lane="right_0" pos="14.95" speed="30.33" angle="337.50" x="124.82" y="94.75"/>
        <vehicle id="cfm-slow_5" eclass="HBEFA3/PC_G_EU4" CO2="0.00" CO="0.00" HC="0.00" NOx="0.00" PMx="0.00" fuel="0.00" electricity="0.00" noise="71.23" route="routebottom" type="cfm-slow" waiting="0.00" lane="right_0" pos="40.29" speed="28.23" angle="292.04" x="84.33" y="129.08"/>
    </timestep>
    <timestep time="8.94">
        <vehicle id="cfm-fast_0" eclass="HBEFA3/PC_G_EU4" CO2="242584.84" CO="5595.66" HC="31.59" NOx="113.12" PMx="6.60" fuel="104.28" electricity="0.00" noise="144.48" route="routetop" type="cfm-fast" waiting="0.00" lane="top_1" pos="46.78" speed="61.42" angle="190.34" x="-1.30" y="70.28"/>
        <vehicle id="cfm-fast_1" eclass="HBEFA3/PC_G_EU4" CO2="0.00" CO="0.00" HC="0.00" NOx="0.00" PMx="0.00" fuel="0.00" electricity="0.00" noise="69.92" route="routetop" type="cfm-fast" waiting="0.00" lane="top_0" pos="15.10" speed="23.24" angle="247.23" x="32.30" y="124.67"/>
        <vehicle id="cfm-fast_2" eclass="HBEFA3/PC_G_EU4" CO2="5839.42" CO="45.37" HC="0.35" NOx="2.14" PMx="0.11" fuel="2.51" electricity="0.00" noise="70.89" route="routetop" type="cfm-fast" waiting="0.00" lane="top_0" pos="29.26" speed="22.95" angle="221.82" x="9.12" y="105.27"/>
        <vehicle id="cfm-fast_3" eclass="HBEFA3/PC_G_EU4" CO2="9312.08" CO="117.53" HC="0.77" NOx="3.77" PMx="0.20" fuel="4.00" electricity="0.00" noise="72.38" route="routetop" type="cfm-fast" waiting="0.00" lane="top_0" pos="43.20" speed="23.35" angle="196.80" x="-3.36" y="78.29"/>
        <vehicle id="cfm-fast_4" eclass="HBEFA3/PC_G_EU4" CO2="0.00" CO="0.00" HC="0.00" NOx="0.00" PMx="0.00" fuel="0.00" electricity="0.00" noise="86.28" route="routebottom" type="cfm-fast" waiting="0.00" lane="right_1" pos="15.80" speed="79.84" angle="336.05" x="121.08" y="94.76"/>
        <vehicle id="cfm-fast_5" eclass="HBEFA3/PC_G_EU4" CO2="12117.18" CO="177.35" HC="1.11" NOx="5.07" PMx="0.27" fuel="5.21" electricity="0.00" noise="73.90" route="routetop" type="cfm-fast" waiting="0.00" lane="left_0" pos="7.60" speed="24.28" angle="170.72" x="-2.98" y="47.37"/>
        <vehicle id="cfm-slow_0" eclass="HBEFA3/PC_G_EU4" CO2="14602.68" CO="232.58" HC="1.42" NOx="6.21" PMx="0.34" fuel="6.28" electricity="0.00" noise="75.34" route="routetop" type="cfm-slow" waiting="0.00" lane="left_0" pos="22.99" speed="25.57" angle="143.05" x="12.19" y="18.30"/>
        <vehicle id="cfm-slow_1" eclass="HBEFA3/PC_G_EU4" CO2="16746.09" CO="283.39" HC="1.71" NOx="7.19" PMx="0.40" fuel="7.20" electricity="0.00" noise="76.60" route="routetop" type="cfm-slow" waiting="0.00" lane="left_0" pos="43.69" speed="27.11" angle="105.96" x="50.09" y="-3.60"/>
        <vehicle id="cfm-slow_2" eclass="HBEFA3/PC_G_EU4" CO2="16222.72" CO="282.19" HC="1.69" NOx="6.91" PMx="0.39" fuel="6.97" electricity="0.00" noise="76.66" route="routebottom" type="cfm-slow" waiting="0.00" lane="bottom_0" pos="15.96" speed="28.79" angle="65.73" x="96.67" y="3.53"/>
        <vehicle id="cfm-slow_3" eclass="HBEFA3/PC_G_EU4" CO2="7809.15" CO="118.77" HC="0.74" NOx="2.91" PMx="0.18" fuel="3.36" electricity="0.00" noise="74.40" route="routebottom" type="cfm-slow" waiting="0.00" lane="bottom_0" pos="39.93" speed="30.20" angle="22.73" x="128.85" y="42.26"/>
        <vehicle id="cfm-slow_4" eclass="HBEFA3/PC_G_EU4" CO2="0.00" CO="0.00" HC="0.00" NOx="0.00" PMx="0.00" fuel="0.00" electricity="0.00" noise="72.48" route="routebottom" type="cfm-slow" waiting="0.00" lane="right_0" pos="15.26" speed="30.31" angle="336.94" x="124.52" y="95.34"/>
        <vehicle id="cfm-slow_5" eclass="HBEFA3/PC_G_EU4" CO2="0.00" CO="0.00" HC="0.00" NOx="0.00" PMx="0.00" fuel="0.00" electricity="0.00" noise="71.21" route="routebottom" type="cfm-slow" waiting="0.00" lane="right_0" pos="40.57" speed="28.19" angle="291.50" x="83.75" y="129.26"/>
    </timestep>
    <timestep time="8.95">
        <vehicle id="cfm-fast_0" eclass="HBEFA3/PC_G_EU4" CO2="243183.50" CO="5612.58" HC="31.68" NOx="113.40" PMx="6.62" fuel="104.53" electricity="0.00" noise="144.55" route="routetop" type="cfm-fast" waiting="0.00" lane="top_1" pos="47.39" speed="61.56" angle="189.22" x="-1.43" y="69.03"/>
        <vehicle id="cfm-fast_1" eclass="HBEFA3/PC_G_EU4" CO2="0.00" CO="0.00" HC="0.00" NOx="0.00" PMx="0.00" fuel="0.00" electricity="0.00" noise="69.93" route="routetop" type="cfm-fast" waiting="0.00" lane="top_0" pos="15.33" speed="23.24" angle="246.83" x="31.85" y="124.45"/>
        <vehicle id="cfm-fast_2" eclass="HBEFA3/PC_G_EU4" CO2="5873.52" CO="46.08" HC="0.35" NOx="2.15" PMx="0.11" fuel="2.52" electricity="0.00" noise="70.90" route="routetop" type="cfm-fast" waiting="0.00" lane="top_0" pos="29.49" speed="22.95" angle="221.46" x="8.81" y="104.89"/>
        <vehicle id="cfm-fast_3" eclass="HBEFA3/PC_G_EU4" CO2="9338.96" CO="118.10" HC="0.77" NOx="3.78" PMx="0.20" fuel="4.01" electricity="0.00" noise="72.39" route="routetop" type="cfm-fast" waiting="0.00" lane="top_0" pos="43.43" speed="23.36" angle="196.38" x="-3.48" y="77.80"/>
        <vehicle id="cfm-fast_4" eclass="HBEFA3/PC_G_EU4" CO2="0.00" CO="0.00" HC="0.00" NOx="0.00" PMx="0.00" fuel="0.00" electricity="0.00" noise="86.26" route="routebottom" type="cfm-fast" waiting="0.00" lane="right_1" pos="16.59" speed="79.77" angle="334.66" x="120.29" y="96.20"/>
        <vehicle id="cfm-fast_5" eclass="HBEFA3/PC_G_EU4" CO2="12140.66" CO="177.87" HC="1.11" NOx="5.08" PMx="0.27" fuel="5.22" electricity="0.00" noise="73.91" route="routetop" type="cfm-fast" waiting="0.00" lane="left_0" pos="7.85" speed="24.29" angle="170.30" x="-2.85" y="46.86"/>
        <vehicle id="cfm-slow_0" eclass="HBEFA3/PC_G_EU4" CO2="14623.29" CO="233.06" HC="1.43" NOx="6.22" PMx="0.34" fuel="6.29" electricity="0.00" noise="75.35" route="routetop" type="cfm-slow" waiting="0.00" lane="left_0" pos="23.25" speed="25.58" angle="142.63" x="12.56" y="17.89"/>
        <vehicle id="cfm-slow_1" eclass="HBEFA3/PC_G_EU4" CO2="16743.52" CO="283.42" HC="1.71" NOx="7.19" PMx="0.40" fuel="7.20" electricity="0.00" noise="76.60" route="routetop" type="cfm-slow" waiting="0.00" lane="left_0" pos="43.96" speed="27.13" angle="105.46" x="50.66" y="-3.70"/>
        <vehicle id="cfm-slow_2" eclass="HBEFA3/PC_G_EU4" CO2="16148.50" CO="280.76" HC="1.68" NOx="6.87" PMx="0.39" fuel="6.94" electricity="0.00" noise="76.63" route="routebottom" type="cfm-slow" waiting="0.00" lane="bottom_0" pos="16.25" speed="28.81" angle="65.20" x="97.21" y="3.83"/>
        <vehicle id="cfm-slow_3" eclass="HBEFA3/PC_G_EU4" CO2="7645.95" CO="115.42" HC="0.72" NOx="2.83" PMx="0.18" fuel="3.29" electricity="0.00" noise="74.36" route="routebottom" type="cfm-slow" waiting="0.00" lane="bottom_0" pos="40.23" speed="30.20" angle="22.15" x="129.04" y="42.88"/>
        <vehicle id="cfm-slow_4" eclass="HBEFA3/PC_G_EU4" CO2="0.00" CO="0.00" HC="0.00" NOx="0.00" PMx="0.00" fuel="0.00" electricity="0.00" noise="72.47" route="routebottom" type="cfm-slow" waiting="0.00" lane="right_0" pos="15.56" speed="30.29" angle="336.44" x="124.22" y="95.91"/>
        <vehicle id="cfm-slow_5" eclass="HBEFA3/PC_G_EU4" CO2="0.00" CO="0.00" HC="0.00" NOx="0.00" PMx="0.00" fuel="0.00" electricity="0.00" noise="71.20" route="routebottom" type="cfm-slow" waiting="0.00" lane="right_0" pos="40.85" speed="28.16" angle="290.97" x="83.17" y="129.44"/>
    </timestep>
    <timestep time="8.96">
        <vehicle id="cfm-fast_0" eclass="HBEFA3/PC_G_EU4" CO2="243782.44" CO="5629.53" HC="31.77" NOx="113.68" PMx="6.63" fuel="104.79" electricity="0.00" noise="144.62" route="routetop" type="cfm-fast" waiting="0.00" lane="top_1" pos="48.01" speed="61.69" angle="188.12" x="-1.51" y="67.77"/>
        <vehicle id="cfm-fast_1" eclass="HBEFA3/PC_G_EU4" CO2="0.00" CO="0.00" HC="0.00" NOx="0.00" PMx="0.00" fuel="0.00" electricity="0.00" noise="69.94" route="routetop" type="cfm-fast" waiting="0.00" lane="top_0" pos="15.56" speed="23.23" angle="246.43" x="31.41" y="124.21"/>
        <vehicle id="cfm-fast_2" eclass="HBEFA3/PC_G_EU4" CO2="5907.55" CO="46.78" HC="0.36" NOx="2.17" PMx="0.11" fuel="2.54" electricity="0.00" noise="70.92" route="routetop" type="cfm-fast" waiting="0.00" lane="top_0" pos="29.72" speed="22.96" angle="221.03" x="8.53" y="104.48"/>
        <vehicle id="cfm-fast_3" eclass="HBEFA3/PC_G_EU4" CO2="9365.82" CO="118.67" HC="0.77" NOx="3.79" PMx="0.20" fuel="4.03" electricity="0.00" noise="72.40" route="routetop" type="cfm-fast" waiting="0.00" lane="top_0" pos="43.66" speed="23.37" angle="196.02" x="-3.58" y="77.30"/>
        <vehicle id="cfm-fast_4" eclass="HBEFA3/PC_G_EU4" CO2="0.00" CO="0.00" HC="0.00" NOx="0.00" PMx="0.00" fuel="0.00" electricity="0.00" noise="86.25" route="routebottom" type="cfm-fast" waiting="0.00" lane="right_1" pos="17.39" speed="79.69" angle="333.21" x="119.45" y="97.60"/>
        <vehicle id="cfm-fast_5" eclass="HBEFA3/PC_G_EU4" CO2="12164.13" CO="178.39" HC="1.11" NOx="5.09" PMx="0.27" fuel="5.23" electricity="0.00" noise="73.92" route="routetop" type="cfm-fast" waiting="0.00" lane="left_0" pos="8.09" speed="24.30" angle="169.86" x="-2.71" y="46.36"/>
        <vehicle id="cfm-slow_0" eclass="HBEFA3/PC_G_EU4" CO2="14643.70" CO="233.54" HC="1.43" NOx="6.23" PMx="0.34" fuel="6.29" electricity="0.00" noise="75.36" route="routetop" type="cfm-slow" waiting="0.00" lane="left_0" pos="23.50" speed="25.60" angle="142.17" x="12.93" y="17.49"/>
        <vehicle id="cfm-slow_1" eclass="HBEFA3/PC_G_EU4" CO2="16740.30" CO="283.44" HC="1.71" NOx="7.19" PMx="0.40" fuel="7.20" electricity="0.00" noise="76.60" route="routetop" type="cfm-slow" waiting="0.00" lane="left_0" pos="44.24" speed="27.14" angle="104.95" x="51.24" y="-3.81"/>
        <vehicle id="cfm-slow_2" eclass="HBEFA3/PC_G_EU4" CO2="16073.42" CO="279.30" HC="1.68" NOx="6.84" PMx="0.39" fuel="6.91" electricity="0.00" noise="76.60" route="routebottom" type="cfm-slow" waiting="0.00" lane="bottom_0" pos="16.54" speed="28.82" angle="64.68" x="97.76" y="4.13"/>
        <vehicle id="cfm-slow_3" eclass="HBEFA3/PC_G_EU4" CO2="7483.05" CO="112.08" HC="0.70" NOx="2.75" PMx="0.17" fuel="3.22" electricity="0.00" noise="74.32" route="routebottom" type="cfm-slow" waiting="0.00" lane="bottom_0" pos="40.53" speed="30.20" angle="21.57" x="129.24" y="43.50"/>
        <vehicle id="cfm-slow_4" eclass="HBEFA3/PC_G_EU4" CO2="0.00" CO="0.00" HC="0.00" NOx="0.00" PMx="0.00" fuel="0.00" electricity="0.00" noise="72.46" route="routebottom" type="cfm-slow" waiting="0.00" lane="right_0" pos="15.86" speed="30.28" angle="335.90" x="123.90" y="96.48"/>
        <vehicle id="cfm-slow_5" eclass="HBEFA3/PC_G_EU4" CO2="0.00" CO="0.00" HC="0.00" NOx="0.00" PMx="0.00" fuel="0.00" electricity="0.00" noise="71.18" route="routebottom" type="cfm-slow" waiting="0.00" lane="right_0" pos="41.13" speed="28.13" angle="290.51" x="82.59" y="129.61"/>
    </timestep>
    <timestep time="8.97">
        <vehicle id="cfm-fast_0" eclass="HBEFA3/PC_G_EU4" CO2="244381.68" CO="5646.49" HC="31.87" NOx="113.96" PMx="6.65" fuel="105.05" electricity="0.00" noise="144.68" route="routetop" type="cfm-fast" waiting="0.00" lane="top_1" pos="48.63" speed="61.83" angle="186.99" x="-1.59" y="66.50"/>
        <vehicle id="cfm-fast_1" eclass="HBEFA3/PC_G_EU4" CO2="0.00" CO="0.00" HC="0.00" NOx="0.00" PMx="0.00" fuel="0.00" electricity="0.00" noise="69.94" route="routetop" type="cfm-fast" waiting="0.00" lane="top_0" pos="15.80" speed="23.23" angle="246.01" x="30.97" y="123.97"/>
        <vehicle id="cfm-fast_2" eclass="HBEFA3/PC_G_EU4" CO2="5941.50" CO="47.49" HC="0.36" NOx="2.19" PMx="0.11" fuel="2.55" electricity="0.00" noise="70.93" route="routetop" type="cfm-fast" waiting="0.00" lane="top_0" pos="29.95" speed="22.96" angle="220.61" x="8.24" y="104.08"/>
        <vehicle id="cfm-fast_3" eclass="HBEFA3/PC_G_EU4" CO2="9392.64" CO="119.24" HC="0.78" NOx="3.81" PMx="0.20" fuel="4.04" electricity="0.00" noise="72.42" route="routetop" type="cfm-fast" waiting="0.00" lane="top_0" pos="43.90" speed="23.38" angle="195.58" x="-3.67" y="76.81"/>
        <vehicle id="cfm-fast_4" eclass="HBEFA3/PC_G_EU4" CO2="0.00" CO="0.00" HC="0.00" NOx="0.00" PMx="0.00" fuel="0.00" electricity="0.00" noise="86.24" route="routebottom" type="cfm-fast" waiting="0.00" lane="right_1" pos="18.19" speed="79.62" angle="331.79" x="118.59" y="98.99"/>
        <vehicle id="cfm-fast_5" eclass="HBEFA3/PC_G_EU4" CO2="12187.56" CO="178.90" HC="1.12" NOx="5.10" PMx="0.27" fuel="5.24" electricity="0.00" noise="73.94" route="routetop" type="cfm-fast" waiting="0.00" lane="left_0" pos="8.33" speed="24.32" angle="169.41" x="-2.58" y="45.85"/>
        <vehicle id="cfm-slow_0" eclass="HBEFA3/PC_G_EU4" CO2="14663.90" CO="234.01" HC="1.43" NOx="6.24" PMx="0.34" fuel="6.30" electricity="0.00" noise="75.38" route="routetop" type="cfm-slow" waiting="0.00" lane="left_0" pos="23.76" speed="25.61" angle="141.71" x="13.30" y="17.08"/>
        <vehicle id="cfm-slow_1" eclass="HBEFA3/PC_G_EU4" CO2="16736.45" CO="283.45" HC="1.71" NOx="7.19" PMx="0.40" fuel="7.19" electricity="0.00" noise="76.60" route="routetop" type="cfm-slow" waiting="0.00" lane="left_0" pos="44.51" speed="27.16" angle="104.45" x="51.81" y="-3.91"/>
        <vehicle id="cfm-slow_2" eclass="HBEFA3/PC_G_EU4" CO2="15997.46" CO="277.83" HC="1.67" NOx="6.80" PMx="0.39" fuel="6.88" electricity="0.00" noise="76.57" route="routebottom" type="cfm-slow" waiting="0.00" lane="bottom_0" pos="16.83" speed="28.84" angle="64.19" x="98.29" y="4.44"/>
        <vehicle id="cfm-slow_3" eclass="HBEFA3/PC_G_EU4" CO2="7320.46" CO="108.75" HC="0.68" NOx="2.68" PMx="0.17" fuel="3.15" electricity="0.00" noise="74.29" route="routebottom" type="cfm-slow" waiting="0.00" lane="bottom_0" pos="40.83" speed="30.20" angle="20.99" x="129.43" y="44.12"/>
        <vehicle id="cfm-slow_4" eclass="HBEFA3/PC_G_EU4" CO2="0.00" CO="0.00" HC="0.00" NOx="0.00" PMx="0.00" fuel="0.00" electricity="0.00" noise="72.44" route="routebottom" type="cfm-slow" waiting="0.00" lane="right_0" pos="16.17" speed="30.26" angle="335.35" x="123.58" y="97.05"/>
        <vehicle id="cfm-slow_5" eclass="HBEFA3/PC_G_EU4" CO2="0.00" CO="0.00" HC="0.00" NOx="0.00" PMx="0.00" fuel="0.00" electricity="0.00" noise="71.17" route="routebottom" type="cfm-slow" waiting="0.00" lane="right_0" pos="41.41" speed="28.09" angle="290.00" x="82.01" y="129.77"/>
    </timestep>
    <timestep time="8.98">
        <vehicle id="cfm-fast_0" eclass="HBEFA3/PC_G_EU4" CO2="244981.22" CO="5663.48" HC="31.96" NOx="114.24" PMx="6.67" fuel="105.31" electricity="0.00" noise="144.75" route="routetop" type="cfm-fast" waiting="0.00" lane="top_1" pos="49.25" speed="61.96" angle="185.87" x="-1.62" y="65.23"/>
        <vehicle id="cfm-fast_1" eclass="HBEFA3/PC_G_EU4" CO2="0.00" CO="0.00" HC="0.00" NOx="0.00" PMx="0.00" fuel="0.00" electricity="0.00" noise="69.95" route="routetop" type="cfm-fast" waiting="0.00" lane="top_0" pos="16.03" speed="23.23" angle="245.60" x="30.53" y="123.73"/>
        <vehicle id="cfm-fast_2" eclass="HBEFA3/PC_G_EU4" CO2="5975.39" CO="48.19" HC="0.37" NOx="2.20" PMx="0.11" fuel="2.57" electricity="0.00" noise="70.94" route="routetop" type="cfm-fast" waiting="0.00" lane="top_0" pos="30.18" speed="22.96" angle="220.18" x="7.95" y="103.68"/>
        <vehicle id="cfm-fast_3" eclass="HBEFA3/PC_G_EU4" CO2="9419.43" CO="119.81" HC="0.78" NOx="3.82" PMx="0.20" fuel="4.05" electricity="0.00" noise="72.43" route="routetop" type="cfm-fast" waiting="0.00" lane="top_0" pos="44.13" speed="23.39" angle="195.15" x="-3.77" y="76.31"/>
        <vehicle id="cfm-fast_4" eclass="HBEFA3/PC_G_EU4" CO2="0.00" CO="0.00" HC="0.00" NOx="0.00" PMx="0.00" fuel="0.00" electricity="0.00" noise="86.23" route="routebottom" type="cfm-fast" waiting="0.00" lane="right_1" pos="18.98" speed="79.55" angle="330.28" x="117.69" y="100.34"/>
        <vehicle id="cfm-fast_5" eclass="HBEFA3/PC_G_EU4" CO2="12210.98" CO="179.42" HC="1.12" NOx="5.11" PMx="0.28" fuel="5.25" electricity="0.00" noise="73.95" route="routetop" type="cfm-fast" waiting="0.00" lane="left_0" pos="8.57" speed="24.33" angle="168.97" x="-2.44" y="45.35"/>
        <vehicle id="cfm-slow_0" eclass="HBEFA3/PC_G_EU4" CO2="14683.90" CO="234.48" HC="1.43" NOx="6.25" PMx="0.34" fuel="6.31" electricity="0.00" noise="75.39" route="routetop" type="cfm-slow" waiting="0.00" lane="left_0" pos="24.01" speed="25.63" angle="141.25" x="13.68" y="16.68"/>
        <vehicle id="cfm-slow_1" eclass="HBEFA3/PC_G_EU4" CO2="16731.94" CO="283.44" HC="1.71" NOx="7.18" PMx="0.40" fuel="7.19" electricity="0.00" noise="76.60" route="routetop" type="cfm-slow" waiting="0.00" lane="left_0" pos="44.78" speed="27.18" angle="103.95" x="52.39" y="-4.02"/>
        <vehicle id="cfm-slow_2" eclass="HBEFA3/PC_G_EU4" CO2="15920.65" CO="276.34" HC="1.66" NOx="6.76" PMx="0.39" fuel="6.84" electricity="0.00" noise="76.55" route="routebottom" type="cfm-slow" waiting="0.00" lane="bottom_0" pos="17.11" speed="28.85" angle="63.66" x="98.82" y="4.76"/>
        <vehicle id="cfm-slow_3" eclass="HBEFA3/PC_G_EU4" CO2="7158.22" CO="105.42" HC="0.66" NOx="2.60" PMx="0.16" fuel="3.08" electricity="0.00" noise="74.25" route="routebottom" type="cfm-slow" waiting="0.00" lane="bottom_0" pos="41.13" speed="30.21" angle="20.50" x="129.61" y="44.74"/>
        <vehicle id="cfm-slow_4" eclass="HBEFA3/PC_G_EU4" CO2="0.00" CO="0.00" HC="0.00" NOx="0.00" PMx="0.00" fuel="0.00" electricity="0.00" noise="72.43" route="routebottom" type="cfm-slow" waiting="0.00" lane="right_0" pos="16.47" speed="30.24" angle="334.80" x="123.27" y="97.62"/>
        <vehicle id="cfm-slow_5" eclass="HBEFA3/PC_G_EU4" CO2="0.00" CO="0.00" HC="0.00" NOx="0.00" PMx="0.00" fuel="0.00" electricity="0.00" noise="71.15" route="routebottom" type="cfm-slow" waiting="0.00" lane="right_0" pos="41.69" speed="28.06" angle="289.49" x="81.42" y="129.92"/>
    </timestep>
    <timestep time="8.99">
        <vehicle id="cfm-fast_0" eclass="HBEFA3/PC_G_EU4" CO2="245581.04" CO="5680.49" HC="32.05" NOx="114.52" PMx="6.69" fuel="105.56" electricity="0.00" noise="144.81" route="routetop" type="cfm-fast" waiting="0.00" lane="top_1" pos="49.87" speed="62.10" angle="184.70" x="-1.64" y="63.96"/>
        <vehicle id="cfm-fast_1" eclass="HBEFA3/PC_G_EU4" CO2="0.00" CO="0.00" HC="0.00" NOx="0.00" PMx="0.00" fuel="0.00" electricity="0.00" noise="69.96" route="routetop" type="cfm-fast" waiting="0.00" lane="top_0" pos="16.26" speed="23.23" angle="245.18" x="30.10" y="123.49"/>
        <vehicle id="cfm-fast_2" eclass="HBEFA3/PC_G_EU4" CO2="6009.20" CO="48.89" HC="0.37" NOx="2.22" PMx="0.11" fuel="2.58" electricity="0.00" noise="70.96" route="routetop" type="cfm-fast" waiting="0.00" lane="top_0" pos="30.41" speed="22.97" angle="219.75" x="7.66" y="103.28"/>
        <vehicle id="cfm-fast_3" eclass="HBEFA3/PC_G_EU4" CO2="9446.19" CO="120.38" HC="0.78" NOx="3.83" PMx="0.20" fuel="4.06" electricity="0.00" noise="72.45" route="routetop" type="cfm-fast" waiting="0.00" lane="top_0" pos="44.36" speed="23.39" angle="194.71" x="-3.86" y="75.82"/>
        <vehicle id="cfm-fast_4" eclass="HBEFA3/PC_G_EU4" CO2="0.00" CO="0.00" HC="0.00" NOx="0.00" PMx="0.00" fuel="0.00" electricity="0.00" noise="86.21" route="routebottom" type="cfm-fast" waiting="0.00" lane="right_1" pos="19.78" speed="79.47" angle="328.86" x="116.75" y="101.68"/>
        <vehicle id="cfm-fast_5" eclass="HBEFA3/PC_G_EU4" CO2="12234.37" CO="179.93" HC="1.12" NOx="5.12" PMx="0.28" fuel="5.26" electricity="0.00" noise="73.97" route="routetop" type="cfm-fast" waiting="0.00" lane="left_0" pos="8.82" speed="24.34" angle="168.53" x="-2.31" y="44.84"/>
        <vehicle id="cfm-slow_0" eclass="HBEFA3/PC_G_EU4" CO2="14703.69" CO="234.95" HC="1.44" NOx="6.26" PMx="0.34" fuel="6.32" electricity="0.00" noise="75.40" route="routetop" type="cfm-slow" waiting="0.00" lane="left_0" pos="24.27" speed="25.64" angle="140.80" x="14.05" y="16.27"/>
        <vehicle id="cfm-slow_1" eclass="HBEFA3/PC_G_EU4" CO2="16726.80" CO="283.41" HC="1.71" NOx="7.18" PMx="0.40" fuel="7.19" electricity="0.00" noise="76.60" route="routetop" type="cfm-slow" waiting="0.00" lane="left_0" pos="45.05" speed="27.19" angle="103.51" x="52.97" y="-4.11"/>
        <vehicle id="cfm-slow_2" eclass="HBEFA3/PC_G_EU4" CO2="15843.00" CO="274.83" HC="1.65" NOx="6.73" PMx="0.38" fuel="6.81" electricity="0.00" noise="76.52" route="routebottom" type="cfm-slow" waiting="0.00" lane="bottom_0" pos="17.40" speed="28.86" angle="63.13" x="99.36" y="5.08"/>
        <vehicle id="cfm-slow_3" eclass="HBEFA3/PC_G_EU4" CO2="6996.33" CO="102.10" HC="0.64" NOx="2.52" PMx="0.16" fuel="3.01" electricity="0.00" noise="74.22" route="routebottom" type="cfm-slow" waiting="0.00" lane="bottom_0" pos="41.44" speed="30.21" angle="19.95" x="129.78" y="45.37"/>
        <vehicle id="cfm-slow_4" eclass="HBEFA3/PC_G_EU4" CO2="0.00" CO="0.00" HC="0.00" NOx="0.00" PMx="0.00" fuel="0.00" electricity="0.00" noise="72.42" route="routebottom" type="cfm-slow" waiting="0.00" lane="right_0" pos="16.77" speed="30.22" angle="334.30" x="122.95" y="98.18"/>
        <vehicle id="cfm-slow_5" eclass="HBEFA3/PC_G_EU4" CO2="0.00" CO="0.00" HC="0.00" NOx="0.00" PMx="0.00" fuel="0.00" electricity="0.00" noise="71.14" route="routebottom" type="cfm-slow" waiting="0.00" lane="right_0" pos="41.97" speed="28.03" angle="288.98" x="80.84" y="130.08"/>
    </timestep>
    <timestep time="9.00">
        <vehicle id="cfm-fast_0" eclass="HBEFA3/PC_G_EU4" CO2="246181.16" CO="5697.52" HC="32.15" NOx="114.81" PMx="6.71" fuel="105.82" electricity="0.00" noise="144.88" route="routetop" type="cfm-fast" waiting="0.00" lane="left_1" pos="0.49" speed="62.24" angle="183.59" x="-1.63" y="62.62"/>
        <vehicle id="cfm-fast_1" eclass="HBEFA3/PC_G_EU4" CO2="0.00" CO="0.00" HC="0.00" NOx="0.00" PMx="0.00" fuel="0.00" electricity="0.00" noise="69.96" route="routetop" type="cfm-fast" waiting="0.00" lane="top_0" pos="16.49" speed="23.22" angle="244.76" x="29.66" y="123.25"/>
        <vehicle id="cfm-fast_2" eclass="HBEFA3/PC_G_EU4" CO2="6042.94" CO="49.59" HC="0.37" NOx="2.23" PMx="0.11" fuel="2.60" electricity="0.00" noise="70.97" route="routetop" type="cfm-fast" waiting="0.00" lane="top_0" pos="30.64" speed="22.97" angle="219.33" x="7.37" y="102.88"/>
        <vehicle id="cfm-fast_3" eclass="HBEFA3/PC_G_EU4" CO2="9472.93" CO="120.95" HC="0.78" NOx="3.84" PMx="0.20" fuel="4.07" electricity="0.00" noise="72.46" route="routetop" type="cfm-fast" waiting="0.00" lane="top_0" pos="44.60" speed="23.40" angle="194.27" x="-3.95" y="75.32"/>
        <vehicle id="cfm-fast_4" eclass="HBEFA3/PC_G_EU4" CO2="0.00" CO="0.00" HC="0.00" NOx="0.00" PMx="0.00" fuel="0.00" electricity="0.00" noise="86.20" route="routebottom" type="cfm-fast" waiting="0.00" lane="right_1" pos="20.57" speed="79.40" angle="327.44" x="115.79" y="102.99"/>
        <vehicle id="cfm-fast_5" eclass="HBEFA3/PC_G_EU4" CO2="12257.73" CO="180.45" HC="1.13" NOx="5.14" PMx="0.28" fuel="5.27" electricity="0.00" noise="73.98" route="routetop" type="cfm-fast" waiting="0.00" lane="left_0" pos="9.06" speed="24.36" angle="168.13" x="-2.17" y="44.34"/>
        <vehicle id="cfm-slow_0" eclass="HBEFA3/PC_G_EU4" CO2="14723.27" CO="235.41" HC="1.44" NOx="6.27" PMx="0.34" fuel="6.33" electricity="0.00" noise="75.41" route="routetop" type="cfm-slow" waiting="0.00" lane="left_0" pos="24.53" speed="25.66" angle="140.37" x="14.43" y="15.88"/>
        <vehicle id="cfm-slow_1" eclass="HBEFA3/PC_G_EU4" CO2="16721.00" CO="283.38" HC="1.71" NOx="7.18" PMx="0.40" fuel="7.19" electricity="0.00" noise="76.60" route="routetop" type="cfm-slow" waiting="0.00" lane="left_0" pos="45.32" speed="27.21" angle="103.01" x="53.54" y="-4.19"/>
        <vehicle id="cfm-slow_2" eclass="HBEFA3/PC_G_EU4" CO2="15764.51" CO="273.30" HC="1.64" NOx="6.69" PMx="0.38" fuel="6.78" electricity="0.00" noise="76.49" route="routebottom" type="cfm-slow" waiting="0.00" lane="bottom_0" pos="17.69" speed="28.88" angle="62.60" x="99.89" y="5.40"/>
        <vehicle id="cfm-slow_3" eclass="HBEFA3/PC_G_EU4" CO2="6834.81" CO="98.78" HC="0.63" NOx="2.45" PMx="0.15" fuel="2.94" electricity="0.00" noise="74.18" route="routebottom" type="cfm-slow" waiting="0.00" lane="bottom_0" pos="41.74" speed="30.21" angle="19.40" x="129.95" y="46.00"/>
        <vehicle id="cfm-slow_4" eclass="HBEFA3/PC_G_EU4" CO2="0.00" CO="0.00" HC="0.00" NOx="0.00" PMx="0.00" fuel="0.00" electricity="0.00" noise="72.40" route="routebottom" type="cfm-slow" waiting="0.00" lane="right_0" pos="17.07" speed="30.20" angle="333.76" x="122.61" y="98.74"/>
        <vehicle id="cfm-slow_5" eclass="HBEFA3/PC_G_EU4" CO2="0.00" CO="0.00" HC="0.00" NOx="0.00" PMx="0.00" fuel="0.00" electricity="0.00" noise="71.12" route="routebottom" type="cfm-slow" waiting="0.00" lane="right_0" pos="42.25" speed="28.00" angle="288.49" x="80.26" y="130.23"/>
    </timestep>
    <timestep time="9.01">
        <vehicle id="cfm-fast_0" eclass="HBEFA3/PC_G_EU4" CO2="246781.56" CO="5714.57" HC="32.24" NOx="115.09" PMx="6.72" fuel="106.08" electricity="0.00" noise="144.94" route="routetop" type="cfm-fast" waiting="0.00" lane="left_1" pos="1.12" speed="62.37" angle="182.45" x="-1.61" y="61.34"/>
        <vehicle id="cfm-fast_1" eclass="HBEFA3/PC_G_EU4" CO2="0.00" CO="0.00" HC="0.00" NOx="0.00" PMx="0.00" fuel="0.00" electricity="0.00" noise="69.97" route="routetop" type="cfm-fast" waiting="0.00" lane="top_0" pos="16.73" speed="23.22" angle="244.39" x="29.22" y="123.00"/>
        <vehicle id="cfm-fast_2" eclass="HBEFA3/PC_G_EU4" CO2="6076.62" CO="50.29" HC="0.38" NOx="2.25" PMx="0.11" fuel="2.61" electricity="0.00" noise="70.98" route="routetop" type="cfm-fast" waiting="0.00" lane="top_0" pos="30.87" speed="22.97" angle="218.97" x="7.09" y="102.47"/>
        <vehicle id="cfm-fast_3" eclass="HBEFA3/PC_G_EU4" CO2="9499.63" CO="121.51" HC="0.79" NOx="3.86" PMx="0.20" fuel="4.08" electricity="0.00" noise="72.48" route="routetop" type="cfm-fast" waiting="0.00" lane="top_0" pos="44.83" speed="23.41" angle="193.87" x="-4.04" y="74.83"/>
        <vehicle id="cfm-fast_4" eclass="HBEFA3/PC_G_EU4" CO2="0.00" CO="0.00" HC="0.00" NOx="0.00" PMx="0.00" fuel="0.00" electricity="0.00" noise="86.19" route="routebottom" type="cfm-fast" waiting="0.00" lane="right_1" pos="21.37" speed="79.33" angle="325.99" x="114.79" y="104.27"/>
        <vehicle id="cfm-fast_5" eclass="HBEFA3/PC_G_EU4" CO2="12281.06" CO="180.96" HC="1.13" NOx="5.15" PMx="0.28" fuel="5.28" electricity="0.00" noise="73.99" route="routetop" type="cfm-fast" waiting="0.00" lane="left_0" pos="9.31" speed="24.37" angle="167.68" x="-2.01" y="43.84"/>
        <vehicle id="cfm-slow_0" eclass="HBEFA3/PC_G_EU4" CO2="14742.62" CO="235.86" HC="1.44" NOx="6.28" PMx="0.34" fuel="6.34" electricity="0.00" noise="75.42" route="routetop" type="cfm-slow" waiting="0.00" lane="left_0" pos="24.78" speed="25.67" angle="139.90" x="14.83" y="15.48"/>
        <vehicle id="cfm-slow_1" eclass="HBEFA3/PC_G_EU4" CO2="16714.55" CO="283.33" HC="1.71" NOx="7.17" PMx="0.40" fuel="7.18" electricity="0.00" noise="76.60" route="routetop" type="cfm-slow" waiting="0.00" lane="left_0" pos="45.60" speed="27.23" angle="102.50" x="54.13" y="-4.27"/>
        <vehicle id="cfm-slow_2" eclass="HBEFA3/PC_G_EU4" CO2="15685.19" CO="271.76" HC="1.63" NOx="6.65" PMx="0.38" fuel="6.74" electricity="0.00" noise="76.46" route="routebottom" type="cfm-slow" waiting="0.00" lane="bottom_0" pos="17.98" speed="28.89" angle="62.14" x="100.42" y="5.72"/>
        <vehicle id="cfm-slow_3" eclass="HBEFA3/PC_G_EU4" CO2="6673.69" CO="95.47" HC="0.61" NOx="2.37" PMx="0.15" fuel="2.87" electricity="0.00" noise="74.15" route="routebottom" type="cfm-slow" waiting="0.00" lane="bottom_0" pos="42.04" speed="30.21" angle="18.84" x="130.12" y="46.63"/>
        <vehicle id="cfm-slow_4" eclass="HBEFA3/PC_G_EU4" CO2="0.00" CO="0.00" HC="0.00" NOx="0.00" PMx="0.00" fuel="0.00" electricity="0.00" noise="72.39" route="routebottom" type="cfm-slow" waiting="0.00" lane="right_0" pos="17.37" speed="30.18" angle="333.22" x="122.28" y="99.30"/>
        <vehicle id="cfm-slow_5" eclass="HBEFA3/PC_G_EU4" CO2="0.00" CO="0.00" HC="0.00" NOx="0.00" PMx="0.00" fuel="0.00" electricity="0.00" noise="71.10" route="routebottom" type="cfm-slow" waiting="0.00" lane="right_0" pos="42.53" speed="27.97" angle="288.02" x="79.67" y="130.37"/>
    </timestep>
    <timestep time="9.02">
        <vehicle id="cfm-fast_0" eclass="HBEFA3/PC_G_EU4" CO2="247382.26" CO="5731.64" HC="32.33" NOx="115.37" PMx="6.74" fuel="106.34" electricity="0.00" noise="145.01" route="routetop" type="cfm-fast" waiting="0.00" lane="left_1" pos="1.74" speed="62.51" angle="181.36" x="-1.54" y="60.06"/>
        <vehicle id="cfm-fast_1" eclass="HBEFA3/PC_G_EU4" CO2="0.00" CO="0.00" HC="0.00" NOx="0.00" PMx="0.00" fuel="0.00" electricity="0.00" noise="69.98" route="routetop" type="cfm-fast" waiting="0.00" lane="top_0" pos="16.96" speed="23.22" angle="243.97" x="28.80" y="122.74"/>
        <vehicle id="cfm-fast_2" eclass="HBEFA3/PC_G_EU4" CO2="6110.23" CO="50.99" HC="0.38" NOx="2.27" PMx="0.11" fuel="2.63" electricity="0.00" noise="71.00" route="routetop" type="cfm-fast" waiting="0.00" lane="top_0" pos="31.10" speed="22.98" angle="218.55" x="6.82" y="102.06"/>
        <vehicle id="cfm-fast_3" eclass="HBEFA3/PC_G_EU4" CO2="9526.31" CO="122.08" HC="0.79" NOx="3.87" PMx="0.20" fuel="4.09" electricity="0.00" noise="72.49" route="routetop" type="cfm-fast" waiting="0.00" lane="top_0" pos="45.07" speed="23.42" angle="193.48" x="-4.12" y="74.33"/>
        <vehicle id="cfm-fast_4" eclass="HBEFA3/PC_G_EU4" CO2="0.00" CO="0.00" HC="0.00" NOx="0.00" PMx="0.00" fuel="0.00" electricity="0.00" noise="86.18" route="routebottom" type="cfm-fast" waiting="0.00" lane="right_1" pos="22.16" speed="79.27" angle="324.59" x="113.77" y="105.54"/>
        <vehicle id="cfm-fast_5" eclass="HBEFA3/PC_G_EU4" CO2="12304.36" CO="181.48" HC="1.13" NOx="5.16" PMx="0.28" fuel="5.29" electricity="0.00" noise="74.01" route="routetop" type="cfm-fast" waiting="0.00" lane="left_0" pos="9.55" speed="24.38" angle="167.23" x="-1.86" y="43.34"/>
        <vehicle id="cfm-slow_0" eclass="HBEFA3/PC_G_EU4" CO2="14761.76" CO="236.32" HC="1.44" NOx="6.29" PMx="0.35" fuel="6.35" electricity="0.00" noise="75.44" route="routetop" type="cfm-slow" waiting="0.00" lane="left_0" pos="25.04" speed="25.69" angle="139.43" x="15.22" y="15.09"/>
        <vehicle id="cfm-slow_1" eclass="HBEFA3/PC_G_EU4" CO2="16707.45" CO="283.27" HC="1.71" NOx="7.17" PMx="0.40" fuel="7.18" electricity="0.00" noise="76.60" route="routetop" type="cfm-slow" waiting="0.00" lane="left_0" pos="45.87" speed="27.24" angle="102.00" x="54.71" y="-4.35"/>
        <vehicle id="cfm-slow_2" eclass="HBEFA3/PC_G_EU4" CO2="15605.06" CO="270.19" HC="1.62" NOx="6.61" PMx="0.38" fuel="6.71" electricity="0.00" noise="76.43" route="routebottom" type="cfm-slow" waiting="0.00" lane="bottom_0" pos="18.27" speed="28.91" angle="61.60" x="100.94" y="6.07"/>
        <vehicle id="cfm-slow_3" eclass="HBEFA3/PC_G_EU4" CO2="6512.98" CO="92.17" HC="0.59" NOx="2.30" PMx="0.15" fuel="2.80" electricity="0.00" noise="74.12" route="routebottom" type="cfm-slow" waiting="0.00" lane="bottom_0" pos="42.34" speed="30.21" angle="18.35" x="130.28" y="47.25"/>
        <vehicle id="cfm-slow_4" eclass="HBEFA3/PC_G_EU4" CO2="0.00" CO="0.00" HC="0.00" NOx="0.00" PMx="0.00" fuel="0.00" electricity="0.00" noise="72.38" route="routebottom" type="cfm-slow" waiting="0.00" lane="right_0" pos="17.68" speed="30.16" angle="332.67" x="121.95" y="99.86"/>
        <vehicle id="cfm-slow_5" eclass="HBEFA3/PC_G_EU4" CO2="0.00" CO="0.00" HC="0.00" NOx="0.00" PMx="0.00" fuel="0.00" electricity="0.00" noise="71.09" route="routebottom" type="cfm-slow" waiting="0.00" lane="right_0" pos="42.81" speed="27.93" angle="287.51" x="79.09" y="130.51"/>
    </timestep>
    <timestep time="9.03">
        <vehicle id="cfm-fast_0" eclass="HBEFA3/PC_G_EU4" CO2="247983.25" CO="5748.73" HC="32.42" NOx="115.65" PMx="6.76" fuel="106.60" electricity="0.00" noise="145.08" route="routetop" type="cfm-fast" waiting="0.00" lane="left_1" pos="2.37" speed="62.65" angle="180.22" x="-1.46" y="58.78"/>
        <vehicle id="cfm-fast_1" eclass="HBEFA3/PC_G_EU4" CO2="0.00" CO="0.00" HC="0.00" NOx="0.00" PMx="0.00" fuel="0.00" electricity="0.00" noise="69.99" route="routetop" type="cfm-fast" waiting="0.00" lane="top_0" pos="17.19" speed="23.21" angle="243.55" x="28.37" y="122.49"/>
        <vehicle id="cfm-fast_2" eclass="HBEFA3/PC_G_EU4" CO2="6143.76" CO="51.68" HC="0.39" NOx="2.28" PMx="0.11" fuel="2.64" electricity="0.00" noise="71.01" route="routetop" type="cfm-fast" waiting="0.00" lane="top_0" pos="31.33" speed="22.98" angle="218.14" x="6.54" y="101.65"/>
        <vehicle id="cfm-fast_3" eclass="HBEFA3/PC_G_EU4" CO2="9552.96" CO="122.65" HC="0.79" NOx="3.88" PMx="0.20" fuel="4.11" electricity="0.00" noise="72.51" route="routetop" type="cfm-fast" waiting="0.00" lane="top_0" pos="45.30" speed="23.43" angle="193.05" x="-4.19" y="73.83"/>
        <vehicle id="cfm-fast_4" eclass="HBEFA3/PC_G_EU4" CO2="0.00" CO="0.00" HC="0.00" NOx="0.00" PMx="0.00" fuel="0.00" electricity="0.00" noise="86.17" route="routebottom" type="cfm-fast" waiting="0.00" lane="right_1" pos="22.95" speed="79.20" angle="323.15" x="112.72" y="106.78"/>
        <vehicle id="cfm-fast_5" eclass="HBEFA3/PC_G_EU4" CO2="12327.63" CO="181.99" HC="1.13" NOx="5.17" PMx="0.28" fuel="5.30" electricity="0.00" noise="74.02" route="routetop" type="cfm-fast" waiting="0.00" lane="left_0" pos="9.79" speed="24.39" angle="166.77" x="-1.70" y="42.83"/>
        <vehicle id="cfm-slow_0" eclass="HBEFA3/PC_G_EU4" CO2="14780.66" CO="236.76" HC="1.45" NOx="6.30" PMx="0.35" fuel="6.35" electricity="0.00" noise="75.45" route="routetop" type="cfm-slow" waiting="0.00" lane="left_0" pos="25.30" speed="25.70" angle="138.96" x="15.61" y="14.70"/>
        <vehicle id="cfm-slow_1" eclass="HBEFA3/PC_G_EU4" CO2="16699.69" CO="283.19" HC="1.71" NOx="7.17" PMx="0.40" fuel="7.18" electricity="0.00" noise="76.60" route="routetop" type="cfm-slow" waiting="0.00" lane="left_0" pos="46.14" speed="27.26" angle="101.53" x="55.29" y="-4.44"/>
        <vehicle id="cfm-slow_2" eclass="HBEFA3/PC_G_EU4" CO2="15524.12" CO="268.61" HC="1.61" NOx="6.58" PMx="0.38" fuel="6.67" electricity="0.00" noise="76.40" route="routebottom" type="cfm-slow" waiting="0.00" lane="bottom_0" pos="18.56" speed="28.92" angle="61.06" x="101.45" y="6.41"/>
        <vehicle id="cfm-slow_3" eclass="HBEFA3/PC_G_EU4" CO2="6352.69" CO="88.88" HC="0.57" NOx="2.22" PMx="0.14" fuel="2.73" electricity="0.00" noise="74.09" route="routebottom" type="cfm-slow" waiting="0.00" lane="bottom_0" pos="42.64" speed="30.21" angle="17.80" x="130.43" y="47.89"/>
        <vehicle id="cfm-slow_4" eclass="HBEFA3/PC_G_EU4" CO2="0.00" CO="0.00" HC="0.00" NOx="0.00" PMx="0.00" fuel="0.00" electricity="0.00" noise="72.36" route="routebottom" type="cfm-slow" waiting="0.00" lane="right_0" pos="17.98" speed="30.14" angle="332.19" x="121.61" y="100.41"/>
        <vehicle id="cfm-slow_5" eclass="HBEFA3/PC_G_EU4" CO2="0.00" CO="0.00" HC="0.00" NOx="0.00" PMx="0.00" fuel="0.00" electricity="0.00" noise="71.07" route="routebottom" type="cfm-slow" waiting="0.00" lane="right_0" pos="43.09" speed="27.90" angle="287.00" x="78.50" y="130.64"/>
    </timestep>
    <timestep time="9.04">
        <vehicle id="cfm-fast_0" eclass="HBEFA3/PC_G_EU4" CO2="248584.54" CO="5765.85" HC="32.52" NOx="115.93" PMx="6.78" fuel="106.85" electricity="0.00" noise="145.14" route="routetop" type="cfm-fast" waiting="0.00" lane="left_1" pos="3.00" speed="62.78" angle="179.12" x="-1.35" y="57.50"/>
        <vehicle id="cfm-fast_1" eclass="HBEFA3/PC_G_EU4" CO2="0.00" CO="0.00" HC="0.00" NOx="0.00" PMx="0.00" fuel="0.00" electricity="0.00" noise="69.99" route="routetop" type="cfm-fast" waiting="0.00" lane="top_0" pos="17.42" speed="23.21" angle="243.13" x="27.94" y="122.23"/>
        <vehicle id="cfm-fast_2" eclass="HBEFA3/PC_G_EU4" CO2="6177.23" CO="52.38" HC="0.39" NOx="2.30" PMx="0.12" fuel="2.66" electricity="0.00" noise="71.02" route="routetop" type="cfm-fast" waiting="0.00" lane="top_0" pos="31.56" speed="22.99" angle="217.72" x="6.27" y="101.24"/>
        <vehicle id="cfm-fast_3" eclass="HBEFA3/PC_G_EU4" CO2="9579.57" CO="123.21" HC="0.80" NOx="3.89" PMx="0.20" fuel="4.12" electricity="0.00" noise="72.52" route="routetop" type="cfm-fast" waiting="0.00" lane="top_0" pos="45.54" speed="23.44" angle="192.62" x="-4.25" y="73.33"/>
        <vehicle id="cfm-fast_4" eclass="HBEFA3/PC_G_EU4" CO2="0.00" CO="0.00" HC="0.00" NOx="0.00" PMx="0.00" fuel="0.00" electricity="0.00" noise="86.16" route="routebottom" type="cfm-fast" waiting="0.00" lane="right_1" pos="23.74" speed="79.13" angle="321.77" x="111.63" y="107.98"/>
        <vehicle id="cfm-fast_5" eclass="HBEFA3/PC_G_EU4" CO2="12350.87" CO="182.51" HC="1.14" NOx="5.18" PMx="0.28" fuel="5.31" electricity="0.00" noise="74.04" route="routetop" type="cfm-fast" waiting="0.00" lane="left_0" pos="10.04" speed="24.41" angle="166.32" x="-1.54" y="42.33"/>
        <vehicle id="cfm-slow_0" eclass="HBEFA3/PC_G_EU4" CO2="14799.34" CO="237.21" HC="1.45" NOx="6.30" PMx="0.35" fuel="6.36" electricity="0.00" noise="75.46" route="routetop" type="cfm-slow" waiting="0.00" lane="left_0" pos="25.55" speed="25.72" angle="138.51" x="16.00" y="14.31"/>
        <vehicle id="cfm-slow_1" eclass="HBEFA3/PC_G_EU4" CO2="16691.28" CO="283.11" HC="1.71" NOx="7.16" PMx="0.40" fuel="7.17" electricity="0.00" noise="76.60" route="routetop" type="cfm-slow" waiting="0.00" lane="left_0" pos="46.41" speed="27.28" angle="101.05" x="55.87" y="-4.50"/>
        <vehicle id="cfm-slow_2" eclass="HBEFA3/PC_G_EU4" CO2="15442.38" CO="267.02" HC="1.60" NOx="6.54" PMx="0.37" fuel="6.64" electricity="0.00" noise="76.37" route="routebottom" type="cfm-slow" waiting="0.00" lane="bottom_0" pos="18.85" speed="28.93" angle="60.51" x="101.97" y="6.76"/>
        <vehicle id="cfm-slow_3" eclass="HBEFA3/PC_G_EU4" CO2="6192.84" CO="85.59" HC="0.55" NOx="2.14" PMx="0.14" fuel="2.66" electricity="0.00" noise="74.05" route="routebottom" type="cfm-slow" waiting="0.00" lane="bottom_0" pos="42.95" speed="30.21" angle="17.26" x="130.57" y="48.52"/>
        <vehicle id="cfm-slow_4" eclass="HBEFA3/PC_G_EU4" CO2="0.00" CO="0.00" HC="0.00" NOx="0.00" PMx="0.00" fuel="0.00" electricity="0.00" noise="72.35" route="routebottom" type="cfm-slow" waiting="0.00" lane="right_0" pos="18.28" speed="30.11" angle="331.60" x="121.25" y="100.95"/>
        <vehicle id="cfm-slow_5" eclass="HBEFA3/PC_G_EU4" CO2="0.00" CO="0.00" HC="0.00" NOx="0.00" PMx="0.00" fuel="0.00" electricity="0.00" noise="71.06" route="routebottom" type="cfm-slow" waiting="0.00" lane="right_0" pos="43.37" speed="27.87" angle="286.50" x="77.92" y="130.77"/>
    </timestep>
    <timestep time="9.05">
        <vehicle id="cfm-fast_0" eclass="HBEFA3/PC_G_EU4" CO2="249186.11" CO="5782.99" HC="32.61" NOx="116.21" PMx="6.79" fuel="107.11" electricity="0.00" noise="145.21" route="routetop" type="cfm-fast" waiting="0.00" lane="left_1" pos="3.62" speed="62.92" angle="177.97" x="-1.22" y="56.21"/>
        <vehicle id="cfm-fast_1" eclass="HBEFA3/PC_G_EU4" CO2="0.00" CO="0.00" HC="0.00" NOx="0.00" PMx="0.00" fuel="0.00" electricity="0.00" noise="70.00" route="routetop" type="cfm-fast" waiting="0.00" lane="top_0" pos="17.65" speed="23.21" angle="242.72" x="27.51" y="121.98"/>
        <vehicle id="cfm-fast_2" eclass="HBEFA3/PC_G_EU4" CO2="6210.63" CO="53.07" HC="0.39" NOx="2.31" PMx="0.12" fuel="2.67" electricity="0.00" noise="71.04" route="routetop" type="cfm-fast" waiting="0.00" lane="top_0" pos="31.79" speed="22.99" angle="217.31" x="5.99" y="100.83"/>
        <vehicle id="cfm-fast_3" eclass="HBEFA3/PC_G_EU4" CO2="9606.16" CO="123.78" HC="0.80" NOx="3.90" PMx="0.21" fuel="4.13" electricity="0.00" noise="72.53" route="routetop" type="cfm-fast" waiting="0.00" lane="top_0" pos="45.77" speed="23.45" angle="192.19" x="-4.32" y="72.83"/>
        <vehicle id="cfm-fast_4" eclass="HBEFA3/PC_G_EU4" CO2="0.00" CO="0.00" HC="0.00" NOx="0.00" PMx="0.00" fuel="0.00" electricity="0.00" noise="86.15" route="routebottom" type="cfm-fast" waiting="0.00" lane="right_1" pos="24.53" speed="79.07" angle="320.39" x="110.51" y="109.16"/>
        <vehicle id="cfm-fast_5" eclass="HBEFA3/PC_G_EU4" CO2="12374.07" CO="183.02" HC="1.14" NOx="5.19" PMx="0.28" fuel="5.32" electricity="0.00" noise="74.05" route="routetop" type="cfm-fast" waiting="0.00" lane="left_0" pos="10.28" speed="24.42" angle="165.94" x="-1.39" y="41.83"/>
        <vehicle id="cfm-slow_0" eclass="HBEFA3/PC_G_EU4" CO2="14817.78" CO="237.65" HC="1.45" NOx="6.31" PMx="0.35" fuel="6.37" electricity="0.00" noise="75.47" route="routetop" type="cfm-slow" waiting="0.00" lane="left_0" pos="25.81" speed="25.74" angle="138.07" x="16.40" y="13.93"/>
        <vehicle id="cfm-slow_1" eclass="HBEFA3/PC_G_EU4" CO2="16682.20" CO="283.00" HC="1.71" NOx="7.16" PMx="0.40" fuel="7.17" electricity="0.00" noise="76.60" route="routetop" type="cfm-slow" waiting="0.00" lane="left_0" pos="46.69" speed="27.29" angle="100.55" x="56.45" y="-4.56"/>
        <vehicle id="cfm-slow_2" eclass="HBEFA3/PC_G_EU4" CO2="15359.85" CO="265.40" HC="1.59" NOx="6.50" PMx="0.37" fuel="6.60" electricity="0.00" noise="76.34" route="routebottom" type="cfm-slow" waiting="0.00" lane="bottom_0" pos="19.14" speed="28.95" angle="60.00" x="102.49" y="7.10"/>
        <vehicle id="cfm-slow_3" eclass="HBEFA3/PC_G_EU4" CO2="6033.46" CO="82.31" HC="0.53" NOx="2.07" PMx="0.13" fuel="2.59" electricity="0.00" noise="74.02" route="routebottom" type="cfm-slow" waiting="0.00" lane="bottom_0" pos="43.25" speed="30.21" angle="16.71" x="130.71" y="49.16"/>
        <vehicle id="cfm-slow_4" eclass="HBEFA3/PC_G_EU4" CO2="0.00" CO="0.00" HC="0.00" NOx="0.00" PMx="0.00" fuel="0.00" electricity="0.00" noise="72.34" route="routebottom" type="cfm-slow" waiting="0.00" lane="right_0" pos="18.58" speed="30.09" angle="331.02" x="120.89" y="101.49"/>
        <vehicle id="cfm-slow_5" eclass="HBEFA3/PC_G_EU4" CO2="0.00" CO="0.00" HC="0.00" NOx="0.00" PMx="0.00" fuel="0.00" electricity="0.00" noise="71.04" route="routebottom" type="cfm-slow" waiting="0.00" lane="right_0" pos="43.65" speed="27.84" angle="286.04" x="77.33" y="130.90"/>
    </timestep>
    <timestep time="9.06">
        <vehicle id="cfm-fast_0" eclass="HBEFA3/PC_G_EU4" CO2="249787.98" CO="5800.14" HC="32.70" NOx="116.50" PMx="6.81" fuel="107.37" electricity="0.00" noise="145.27" route="routetop" type="cfm-fast" waiting="0.00" lane="left_1" pos="4.26" speed="63.06" angle="176.87" x="-1.06" y="54.93"/>
        <vehicle id="cfm-fast_1" eclass="HBEFA3/PC_G_EU4" CO2="0.00" CO="0.00" HC="0.00" NOx="0.00" PMx="0.00" fuel="0.00" electricity="0.00" noise="70.01" route="routetop" type="cfm-fast" waiting="0.00" lane="top_0" pos="17.89" speed="23.21" angle="242.34" x="27.08" y="121.72"/>
        <vehicle id="cfm-fast_2" eclass="HBEFA3/PC_G_EU4" CO2="6243.96" CO="53.77" HC="0.40" NOx="2.33" PMx="0.12" fuel="2.68" electricity="0.00" noise="71.05" route="routetop" type="cfm-fast" waiting="0.00" lane="top_0" pos="32.02" speed="22.99" angle="216.94" x="5.72" y="100.41"/>
        <vehicle id="cfm-fast_3" eclass="HBEFA3/PC_G_EU4" CO2="9632.72" CO="124.34" HC="0.80" NOx="3.92" PMx="0.21" fuel="4.14" electricity="0.00" noise="72.55" route="routetop" type="cfm-fast" waiting="0.00" lane="top_0" pos="46.00" speed="23.46" angle="191.75" x="-4.39" y="72.33"/>
        <vehicle id="cfm-fast_4" eclass="HBEFA3/PC_G_EU4" CO2="0.00" CO="0.00" HC="0.00" NOx="0.00" PMx="0.00" fuel="0.00" electricity="0.00" noise="86.14" route="routebottom" type="cfm-fast" waiting="0.00" lane="right_1" pos="25.32" speed="79.00" angle="318.94" x="109.37" y="110.30"/>
        <vehicle id="cfm-fast_5" eclass="HBEFA3/PC_G_EU4" CO2="12397.23" CO="183.53" HC="1.14" NOx="5.20" PMx="0.28" fuel="5.33" electricity="0.00" noise="74.06" route="routetop" type="cfm-fast" waiting="0.00" lane="left_0" pos="10.53" speed="24.43" angle="165.49" x="-1.21" y="41.34"/>
        <vehicle id="cfm-slow_0" eclass="HBEFA3/PC_G_EU4" CO2="14835.98" CO="238.08" HC="1.45" NOx="6.32" PMx="0.35" fuel="6.38" electricity="0.00" noise="75.48" route="routetop" type="cfm-slow" waiting="0.00" lane="left_0" pos="26.07" speed="25.75" angle="137.60" x="16.81" y="13.56"/>
        <vehicle id="cfm-slow_1" eclass="HBEFA3/PC_G_EU4" CO2="16672.47" CO="282.89" HC="1.71" NOx="7.15" PMx="0.40" fuel="7.17" electricity="0.00" noise="76.59" route="routetop" type="cfm-slow" waiting="0.00" lane="left_0" pos="46.96" speed="27.31" angle="100.05" x="57.04" y="-4.62"/>
        <vehicle id="cfm-slow_2" eclass="HBEFA3/PC_G_EU4" CO2="15276.55" CO="263.77" HC="1.59" NOx="6.46" PMx="0.37" fuel="6.57" electricity="0.00" noise="76.31" route="routebottom" type="cfm-slow" waiting="0.00" lane="bottom_0" pos="19.43" speed="28.96" angle="59.50" x="103.00" y="7.46"/>
        <vehicle id="cfm-slow_3" eclass="HBEFA3/PC_G_EU4" CO2="5874.55" CO="79.04" HC="0.51" NOx="1.99" PMx="0.13" fuel="2.53" electricity="0.00" noise="73.99" route="routebottom" type="cfm-slow" waiting="0.00" lane="bottom_0" pos="43.55" speed="30.21" angle="16.19" x="130.86" y="49.79"/>
        <vehicle id="cfm-slow_4" eclass="HBEFA3/PC_G_EU4" CO2="0.00" CO="0.00" HC="0.00" NOx="0.00" PMx="0.00" fuel="0.00" electricity="0.00" noise="72.32" route="routebottom" type="cfm-slow" waiting="0.00" lane="right_0" pos="18.88" speed="30.07" angle="330.43" x="120.53" y="102.02"/>
        <vehicle id="cfm-slow_5" eclass="HBEFA3/PC_G_EU4" CO2="0.00" CO="0.00" HC="0.00" NOx="0.00" PMx="0.00" fuel="0.00" electricity="0.00" noise="71.03" route="routebottom" type="cfm-slow" waiting="0.00" lane="right_0" pos="43.93" speed="27.81" angle="285.51" x="76.74" y="131.01"/>
    </timestep>
    <timestep time="9.07">
        <vehicle id="cfm-fast_0" eclass="HBEFA3/PC_G_EU4" CO2="250390.14" CO="5817.32" HC="32.80" NOx="116.78" PMx="6.83" fuel="107.63" electricity="0.00" noise="145.34" route="routetop" type="cfm-fast" waiting="0.00" lane="left_1" pos="4.89" speed="63.19" angle="175.71" x="-0.88" y="53.65"/>
        <vehicle id="cfm-fast_1" eclass="HBEFA3/PC_G_EU4" CO2="0.00" CO="0.00" HC="0.00" NOx="0.00" PMx="0.00" fuel="0.00" electricity="0.00" noise="70.02" route="routetop" type="cfm-fast" waiting="0.00" lane="top_0" pos="18.12" speed="23.20" angle="241.92" x="26.66" y="121.45"/>
        <vehicle id="cfm-fast_2" eclass="HBEFA3/PC_G_EU4" CO2="6277.23" CO="54.46" HC="0.40" NOx="2.34" PMx="0.12" fuel="2.70" electricity="0.00" noise="71.06" route="routetop" type="cfm-fast" waiting="0.00" lane="top_0" pos="32.25" speed="23.00" angle="216.52" x="5.46" y="99.99"/>
        <vehicle id="cfm-fast_3" eclass="HBEFA3/PC_G_EU4" CO2="9659.25" CO="124.91" HC="0.81" NOx="3.93" PMx="0.21" fuel="4.15" electricity="0.00" noise="72.56" route="routetop" type="cfm-fast" waiting="0.00" lane="top_0" pos="46.24" speed="23.47" angle="191.38" x="-4.46" y="71.83"/>
        <vehicle id="cfm-fast_4" eclass="HBEFA3/PC_G_EU4" CO2="0.00" CO="0.00" HC="0.00" NOx="0.00" PMx="0.00" fuel="0.00" electricity="0.00" noise="86.13" route="routebottom" type="cfm-fast" waiting="0.00" lane="right_1" pos="26.11" speed="78.94" angle="317.56" x="108.20" y="111.42"/>
        <vehicle id="cfm-fast_5" eclass="HBEFA3/PC_G_EU4" CO2="12420.36" CO="184.04" HC="1.15" NOx="5.21" PMx="0.28" fuel="5.34" electricity="0.00" noise="74.08" route="routetop" type="cfm-fast" waiting="0.00" lane="left_0" pos="10.77" speed="24.45" angle="165.03" x="-1.03" y="40.84"/>
        <vehicle id="cfm-slow_0" eclass="HBEFA3/PC_G_EU4" CO2="14853.94" CO="238.51" HC="1.46" NOx="6.33" PMx="0.35" fuel="6.38" electricity="0.00" noise="75.49" route="routetop" type="cfm-slow" waiting="0.00" lane="left_0" pos="26.33" speed="25.77" angle="137.12" x="17.22" y="13.18"/>
        <vehicle id="cfm-slow_1" eclass="HBEFA3/PC_G_EU4" CO2="16662.07" CO="282.76" HC="1.70" NOx="7.15" PMx="0.40" fuel="7.16" electricity="0.00" noise="76.59" route="routetop" type="cfm-slow" waiting="0.00" lane="left_0" pos="47.23" speed="27.32" angle="99.55" x="57.62" y="-4.68"/>
        <vehicle id="cfm-slow_2" eclass="HBEFA3/PC_G_EU4" CO2="15192.48" CO="262.13" HC="1.58" NOx="6.42" PMx="0.37" fuel="6.53" electricity="0.00" noise="76.28" route="routebottom" type="cfm-slow" waiting="0.00" lane="bottom_0" pos="19.72" speed="28.97" angle="58.96" x="103.51" y="7.82"/>
        <vehicle id="cfm-slow_3" eclass="HBEFA3/PC_G_EU4" CO2="0.00" CO="0.00" HC="0.00" NOx="0.00" PMx="0.00" fuel="0.00" electricity="0.00" noise="73.96" route="routebottom" type="cfm-slow" waiting="0.00" lane="bottom_0" pos="43.85" speed="30.21" angle="15.65" x="130.98" y="50.43"/>
        <vehicle id="cfm-slow_4" eclass="HBEFA3/PC_G_EU4" CO2="0.00" CO="0.00" HC="0.00" NOx="0.00" PMx="0.00" fuel="0.00" electricity="0.00" noise="72.31" route="routebottom" type="cfm-slow" waiting="0.00" lane="right_0" pos="19.18" speed="30.05" angle="329.90" x="120.17" y="102.56"/>
        <vehicle id="cfm-slow_5" eclass="HBEFA3/PC_G_EU4" CO2="0.00" CO="0.00" HC="0.00" NOx="0.00" PMx="0.00" fuel="0.00" electricity="0.00" noise="71.02" route="routebottom" type="cfm-slow" waiting="0.00" lane="right_0" pos="44.21" speed="27.78" angle="284.98" x="76.16" y="131.12"/>
    </timestep>
    <timestep time="9.08">
        <vehicle id="cfm-fast_0" eclass="HBEFA3/PC_G_EU4" CO2="250992.59" CO="5834.53" HC="32.89" NOx="117.06" PMx="6.85" fuel="107.89" electricity="0.00" noise="145.41" route="routetop" type="cfm-fast" waiting="0.00" lane="left_1" pos="5.52" speed="63.33" angle="174.56" x="-0.66" y="52.37"/>
        <vehicle id="cfm-fast_1" eclass="HBEFA3/PC_G_EU4" CO2="0.00" CO="0.00" HC="0.00" NOx="0.00" PMx="0.00" fuel="0.00" electricity="0.00" noise="70.02" route="routetop" type="cfm-fast" waiting="0.00" lane="top_0" pos="18.35" speed="23.20" angle="241.47" x="26.25" y="121.17"/>
        <vehicle id="cfm-fast_2" eclass="HBEFA3/PC_G_EU4" CO2="6310.43" CO="55.15" HC="0.41" NOx="2.36" PMx="0.12" fuel="2.71" electricity="0.00" noise="71.08" route="routetop" type="cfm-fast" waiting="0.00" lane="top_0" pos="32.48" speed="23.00" angle="216.09" x="5.21" y="99.57"/>
        <vehicle id="cfm-fast_3" eclass="HBEFA3/PC_G_EU4" CO2="9685.75" CO="125.47" HC="0.81" NOx="3.94" PMx="0.21" fuel="4.16" electricity="0.00" noise="72.58" route="routetop" type="cfm-fast" waiting="0.00" lane="top_0" pos="46.47" speed="23.48" angle="190.95" x="-4.51" y="71.33"/>
        <vehicle id="cfm-fast_4" eclass="HBEFA3/PC_G_EU4" CO2="0.00" CO="0.00" HC="0.00" NOx="0.00" PMx="0.00" fuel="0.00" electricity="0.00" noise="86.12" route="routebottom" type="cfm-fast" waiting="0.00" lane="right_1" pos="26.90" speed="78.87" angle="316.17" x="107.01" y="112.52"/>
        <vehicle id="cfm-fast_5" eclass="HBEFA3/PC_G_EU4" CO2="12443.44" CO="184.55" HC="1.15" NOx="5.22" PMx="0.28" fuel="5.35" electricity="0.00" noise="74.09" route="routetop" type="cfm-fast" waiting="0.00" lane="left_0" pos="11.01" speed="24.46" angle="164.58" x="-0.85" y="40.35"/>
        <vehicle id="cfm-slow_0" eclass="HBEFA3/PC_G_EU4" CO2="14871.66" CO="238.93" HC="1.46" NOx="6.34" PMx="0.35" fuel="6.39" electricity="0.00" noise="75.50" route="routetop" type="cfm-slow" waiting="0.00" lane="left_0" pos="26.58" speed="25.78" angle="136.64" x="17.62" y="12.80"/>
        <vehicle id="cfm-slow_1" eclass="HBEFA3/PC_G_EU4" CO2="16651.01" CO="282.62" HC="1.70" NOx="7.14" PMx="0.40" fuel="7.16" electricity="0.00" noise="76.59" route="routetop" type="cfm-slow" waiting="0.00" lane="left_0" pos="47.51" speed="27.34" angle="99.11" x="58.21" y="-4.73"/>
        <vehicle id="cfm-slow_2" eclass="HBEFA3/PC_G_EU4" CO2="15107.66" CO="260.46" HC="1.57" NOx="6.38" PMx="0.37" fuel="6.49" electricity="0.00" noise="76.25" route="routebottom" type="cfm-slow" waiting="0.00" lane="bottom_0" pos="20.01" speed="28.98" angle="58.43" x="104.01" y="8.19"/>
        <vehicle id="cfm-slow_3" eclass="HBEFA3/PC_G_EU4" CO2="0.00" CO="0.00" HC="0.00" NOx="0.00" PMx="0.00" fuel="0.00" electricity="0.00" noise="73.93" route="routebottom" type="cfm-slow" waiting="0.00" lane="bottom_0" pos="44.16" speed="30.21" angle="15.08" x="131.10" y="51.07"/>
        <vehicle id="cfm-slow_4" eclass="HBEFA3/PC_G_EU4" CO2="0.00" CO="0.00" HC="0.00" NOx="0.00" PMx="0.00" fuel="0.00" electricity="0.00" noise="72.30" route="routebottom" type="cfm-slow" waiting="0.00" lane="right_0" pos="19.48" speed="30.03" angle="329.37" x="119.80" y="103.09"/>
        <vehicle id="cfm-slow_5" eclass="HBEFA3/PC_G_EU4" CO2="0.00" CO="0.00" HC="0.00" NOx="0.00" PMx="0.00" fuel="0.00" electricity="0.00" noise="71.00" route="routebottom" type="cfm-slow" waiting="0.00" lane="right_0" pos="44.48" speed="27.74" angle="284.45" x="75.57" y="131.22"/>
    </timestep>
    <timestep time="9.09">
        <vehicle id="cfm-fast_0" eclass="HBEFA3/PC_G_EU4" CO2="251595.34" CO="5851.75" HC="32.99" NOx="117.34" PMx="6.86" fuel="108.15" electricity="0.00" noise="145.47" route="routetop" type="cfm-fast" waiting="0.00" lane="left_1" pos="6.15" speed="63.46" angle="173.36" x="-0.42" y="51.09"/>
        <vehicle id="cfm-fast_1" eclass="HBEFA3/PC_G_EU4" CO2="0.00" CO="0.00" HC="0.00" NOx="0.00" PMx="0.00" fuel="0.00" electricity="0.00" noise="70.03" route="routetop" type="cfm-fast" waiting="0.00" lane="top_0" pos="18.58" speed="23.20" angle="241.02" x="25.83" y="120.89"/>
        <vehicle id="cfm-fast_2" eclass="HBEFA3/PC_G_EU4" CO2="6343.56" CO="55.84" HC="0.41" NOx="2.38" PMx="0.12" fuel="2.73" electricity="0.00" noise="71.09" route="routetop" type="cfm-fast" waiting="0.00" lane="top_0" pos="32.71" speed="23.01" angle="215.65" x="4.95" y="99.14"/>
        <vehicle id="cfm-fast_3" eclass="HBEFA3/PC_G_EU4" CO2="9712.22" CO="126.03" HC="0.81" NOx="3.95" PMx="0.21" fuel="4.17" electricity="0.00" noise="72.59" route="routetop" type="cfm-fast" waiting="0.00" lane="top_0" pos="46.71" speed="23.49" angle="190.52" x="-4.56" y="70.83"/>
        <vehicle id="cfm-fast_4" eclass="HBEFA3/PC_G_EU4" CO2="0.00" CO="0.00" HC="0.00" NOx="0.00" PMx="0.00" fuel="0.00" electricity="0.00" noise="86.11" route="routebottom" type="cfm-fast" waiting="0.00" lane="right_1" pos="27.69" speed="78.81" angle="314.63" x="105.78" y="113.56"/>
        <vehicle id="cfm-fast_5" eclass="HBEFA3/PC_G_EU4" CO2="12466.48" CO="185.06" HC="1.15" NOx="5.23" PMx="0.28" fuel="5.36" electricity="0.00" noise="74.11" route="routetop" type="cfm-fast" waiting="0.00" lane="left_0" pos="11.26" speed="24.47" angle="164.13" x="-0.68" y="39.85"/>
        <vehicle id="cfm-slow_0" eclass="HBEFA3/PC_G_EU4" CO2="14889.12" CO="239.35" HC="1.46" NOx="6.34" PMx="0.35" fuel="6.40" electricity="0.00" noise="75.52" route="routetop" type="cfm-slow" waiting="0.00" lane="left_0" pos="26.84" speed="25.80" angle="136.19" x="18.03" y="12.43"/>
        <vehicle id="cfm-slow_1" eclass="HBEFA3/PC_G_EU4" CO2="16639.28" CO="282.46" HC="1.70" NOx="7.14" PMx="0.40" fuel="7.15" electricity="0.00" noise="76.59" route="routetop" type="cfm-slow" waiting="0.00" lane="left_0" pos="47.78" speed="27.36" angle="98.58" x="58.80" y="-4.77"/>
        <vehicle id="cfm-slow_2" eclass="HBEFA3/PC_G_EU4" CO2="15022.09" CO="258.79" HC="1.56" NOx="6.34" PMx="0.36" fuel="6.46" electricity="0.00" noise="76.22" route="routebottom" type="cfm-slow" waiting="0.00" lane="bottom_0" pos="20.30" speed="29.00" angle="57.89" x="104.52" y="8.55"/>
        <vehicle id="cfm-slow_3" eclass="HBEFA3/PC_G_EU4" CO2="0.00" CO="0.00" HC="0.00" NOx="0.00" PMx="0.00" fuel="0.00" electricity="0.00" noise="73.90" route="routebottom" type="cfm-slow" waiting="0.00" lane="bottom_0" pos="44.46" speed="30.21" angle="14.50" x="131.21" y="51.71"/>
        <vehicle id="cfm-slow_4" eclass="HBEFA3/PC_G_EU4" CO2="0.00" CO="0.00" HC="0.00" NOx="0.00" PMx="0.00" fuel="0.00" electricity="0.00" noise="72.29" route="routebottom" type="cfm-slow" waiting="0.00" lane="right_0" pos="19.78" speed="30.01" angle="328.83" x="119.42" y="103.61"/>
        <vehicle id="cfm-slow_5" eclass="HBEFA3/PC_G_EU4" CO2="0.00" CO="0.00" HC="0.00" NOx="0.00" PMx="0.00" fuel="0.00" electricity="0.00" noise="70.99" route="routebottom" type="cfm-slow" waiting="0.00" lane="right_0" pos="44.76" speed="27.71" angle="283.92" x="74.98" y="131.33"/>
    </timestep>
    <timestep time="9.10">
        <vehicle id="cfm-fast_0" eclass="HBEFA3/PC_G_EU4" CO2="252198.37" CO="5868.99" HC="33.08" NOx="117.62" PMx="6.88" fuel="108.41" electricity="0.00" noise="145.54" route="routetop" type="cfm-fast" waiting="0.00" lane="left_1" pos="6.79" speed="63.60" angle="172.25" x="-0.15" y="49.81"/>
        <vehicle id="cfm-fast_1" eclass="HBEFA3/PC_G_EU4" CO2="0.00" CO="0.00" HC="0.00" NOx="0.00" PMx="0.00" fuel="0.00" electricity="0.00" noise="70.04" route="routetop" type="cfm-fast" waiting="0.00" lane="top_0" pos="18.81" speed="23.20" angle="240.56" x="25.42" y="120.61"/>
        <vehicle id="cfm-fast_2" eclass="HBEFA3/PC_G_EU4" CO2="6376.63" CO="56.52" HC="0.41" NOx="2.39" PMx="0.12" fuel="2.74" electricity="0.00" noise="71.10" route="routetop" type="cfm-fast" waiting="0.00" lane="top_0" pos="32.94" speed="23.01" angle="215.22" x="4.70" y="98.72"/>
        <vehicle id="cfm-fast_3" eclass="HBEFA3/PC_G_EU4" CO2="9738.66" CO="126.60" HC="0.82" NOx="3.97" PMx="0.21" fuel="4.19" electricity="0.00" noise="72.61" route="routetop" type="cfm-fast" waiting="0.00" lane="top_0" pos="46.94" speed="23.50" angle="190.08" x="-4.61" y="70.32"/>
        <vehicle id="cfm-fast_4" eclass="HBEFA3/PC_G_EU4" CO2="0.00" CO="0.00" HC="0.00" NOx="0.00" PMx="0.00" fuel="0.00" electricity="0.00" noise="86.11" route="routebottom" type="cfm-fast" waiting="0.00" lane="right_1" pos="28.48" speed="78.75" angle="313.19" x="104.53" y="114.59"/>
        <vehicle id="cfm-fast_5" eclass="HBEFA3/PC_G_EU4" CO2="12489.47" CO="185.57" HC="1.16" NOx="5.24" PMx="0.28" fuel="5.37" electricity="0.00" noise="74.12" route="routetop" type="cfm-fast" waiting="0.00" lane="left_0" pos="11.50" speed="24.49" angle="163.74" x="-0.50" y="39.35"/>
        <vehicle id="cfm-slow_0" eclass="HBEFA3/PC_G_EU4" CO2="14906.34" CO="239.77" HC="1.46" NOx="6.35" PMx="0.35" fuel="6.41" electricity="0.00" noise="75.53" route="routetop" type="cfm-slow" waiting="0.00" lane="left_0" pos="27.10" speed="25.81" angle="135.74" x="18.45" y="12.06"/>
        <vehicle id="cfm-slow_1" eclass="HBEFA3/PC_G_EU4" CO2="16626.88" CO="282.29" HC="1.70" NOx="7.13" PMx="0.40" fuel="7.15" electricity="0.00" noise="76.58" route="routetop" type="cfm-slow" waiting="0.00" lane="left_0" pos="48.05" speed="27.37" angle="98.06" x="59.39" y="-4.80"/>
        <vehicle id="cfm-slow_2" eclass="HBEFA3/PC_G_EU4" CO2="14935.79" CO="257.09" HC="1.55" NOx="6.30" PMx="0.36" fuel="6.42" electricity="0.00" noise="76.19" route="routebottom" type="cfm-slow" waiting="0.00" lane="bottom_0" pos="20.59" speed="29.01" angle="57.42" x="105.02" y="8.92"/>
        <vehicle id="cfm-slow_3" eclass="HBEFA3/PC_G_EU4" CO2="0.00" CO="0.00" HC="0.00" NOx="0.00" PMx="0.00" fuel="0.00" electricity="0.00" noise="73.87" route="routebottom" type="cfm-slow" waiting="0.00" lane="bottom_0" pos="44.76" speed="30.21" angle="13.93" x="131.33" y="52.35"/>
        <vehicle id="cfm-slow_4" eclass="HBEFA3/PC_G_EU4" CO2="0.00" CO="0.00" HC="0.00" NOx="0.00" PMx="0.00" fuel="0.00" electricity="0.00" noise="72.27" route="routebottom" type="cfm-slow" waiting="0.00" lane="right_0" pos="20.08" speed="29.99" angle="328.28" x="119.04" y="104.14"/>
        <vehicle id="cfm-slow_5" eclass="HBEFA3/PC_G_EU4" CO2="0.00" CO="0.00" HC="0.00" NOx="0.00" PMx="0.00" fuel="0.00" electricity="0.00" noise="70.97" route="routebottom" type="cfm-slow" waiting="0.00" lane="right_0" pos="45.04" speed="27.68" angle="283.49" x="74.39" y="131.43"/>
    </timestep>
    <timestep time="9.11">
        <vehicle id="cfm-fast_0" eclass="HBEFA3/PC_G_EU4" CO2="252801.70" CO="5886.26" HC="33.17" NOx="117.91" PMx="6.90" fuel="108.67" electricity="0.00" noise="145.60" route="routetop" type="cfm-fast" waiting="0.00" lane="left_1" pos="7.43" speed="63.74" angle="171.07" x="0.14" y="48.54"/>
        <vehicle id="cfm-fast_1" eclass="HBEFA3/PC_G_EU4" CO2="0.00" CO="0.00" HC="0.00" NOx="0.00" PMx="0.00" fuel="0.00" electricity="0.00" noise="70.05" route="routetop" type="cfm-fast" waiting="0.00" lane="top_0" pos="19.05" speed="23.19" angle="240.11" x="25.00" y="120.34"/>
        <vehicle id="cfm-fast_2" eclass="HBEFA3/PC_G_EU4" CO2="6409.63" CO="57.21" HC="0.42" NOx="2.41" PMx="0.12" fuel="2.76" electricity="0.00" noise="71.12" route="routetop" type="cfm-fast" waiting="0.00" lane="top_0" pos="33.17" speed="23.01" angle="214.78" x="4.44" y="98.30"/>
        <vehicle id="cfm-fast_3" eclass="HBEFA3/PC_G_EU4" CO2="9765.07" CO="127.16" HC="0.82" NOx="3.98" PMx="0.21" fuel="4.20" electricity="0.00" noise="72.62" route="routetop" type="cfm-fast" waiting="0.00" lane="top_0" pos="47.18" speed="23.51" angle="189.65" x="-4.66" y="69.82"/>
        <vehicle id="cfm-fast_4" eclass="HBEFA3/PC_G_EU4" CO2="0.00" CO="0.00" HC="0.00" NOx="0.00" PMx="0.00" fuel="0.00" electricity="0.00" noise="86.10" route="routebottom" type="cfm-fast" waiting="0.00" lane="right_1" pos="29.26" speed="78.69" angle="311.76" x="103.26" y="115.58"/>
        <vehicle id="cfm-fast_5" eclass="HBEFA3/PC_G_EU4" CO2="12512.42" CO="186.08" HC="1.16" NOx="5.25" PMx="0.28" fuel="5.38" electricity="0.00" noise="74.13" route="routetop" type="cfm-fast" waiting="0.00" lane="left_0" pos="11.75" speed="24.50" angle="163.31" x="-0.30" y="38.86"/>
        <vehicle id="cfm-slow_0" eclass="HBEFA3/PC_G_EU4" CO2="14923.29" CO="240.18" HC="1.47" NOx="6.36" PMx="0.35" fuel="6.41" electricity="0.00" noise="75.54" route="routetop" type="cfm-slow" waiting="0.00" lane="left_0" pos="27.36" speed="25.83" angle="135.26" x="18.87" y="11.70"/>
        <vehicle id="cfm-slow_1" eclass="HBEFA3/PC_G_EU4" CO2="16613.82" CO="282.10" HC="1.70" NOx="7.12" PMx="0.40" fuel="7.14" electricity="0.00" noise="76.58" route="routetop" type="cfm-slow" waiting="0.00" lane="left_0" pos="48.33" speed="27.39" angle="97.53" x="59.97" y="-4.84"/>
        <vehicle id="cfm-slow_2" eclass="HBEFA3/PC_G_EU4" CO2="14848.76" CO="255.38" HC="1.54" NOx="6.25" PMx="0.36" fuel="6.38" electricity="0.00" noise="76.16" route="routebottom" type="cfm-slow" waiting="0.00" lane="bottom_0" pos="20.88" speed="29.02" angle="56.90" x="105.51" y="9.31"/>
        <vehicle id="cfm-slow_3" eclass="HBEFA3/PC_G_EU4" CO2="0.00" CO="0.00" HC="0.00" NOx="0.00" PMx="0.00" fuel="0.00" electricity="0.00" noise="73.84" route="routebottom" type="cfm-slow" waiting="0.00" lane="bottom_0" pos="45.06" speed="30.21" angle="13.45" x="131.44" y="52.99"/>
        <vehicle id="cfm-slow_4" eclass="HBEFA3/PC_G_EU4" CO2="0.00" CO="0.00" HC="0.00" NOx="0.00" PMx="0.00" fuel="0.00" electricity="0.00" noise="72.26" route="routebottom" type="cfm-slow" waiting="0.00" lane="right_0" pos="20.38" speed="29.97" angle="327.75" x="118.67" y="104.66"/>
        <vehicle id="cfm-slow_5" eclass="HBEFA3/PC_G_EU4" CO2="0.00" CO="0.00" HC="0.00" NOx="0.00" PMx="0.00" fuel="0.00" electricity="0.00" noise="70.96" route="routebottom" type="cfm-slow" waiting="0.00" lane="right_0" pos="45.31" speed="27.65" angle="282.99" x="73.81" y="131.51"/>
    </timestep>
    <timestep time="9.12">
        <vehicle id="cfm-fast_0" eclass="HBEFA3/PC_G_EU4" CO2="253405.32" CO="5903.55" HC="33.27" NOx="118.19" PMx="6.92" fuel="108.93" electricity="0.00" noise="145.67" route="routetop" type="cfm-fast" waiting="0.00" lane="left_1" pos="8.07" speed="63.87" angle="169.94" x="0.45" y="47.27"/>
        <vehicle id="cfm-fast_1" eclass="HBEFA3/PC_G_EU4" CO2="0.00" CO="0.00" HC="0.00" NOx="0.00" PMx="0.00" fuel="0.00" electricity="0.00" noise="70.06" route="routetop" type="cfm-fast" waiting="0.00" lane="top_0" pos="19.28" speed="23.19" angle="239.74" x="24.59" y="120.06"/>
        <vehicle id="cfm-fast_2" eclass="HBEFA3/PC_G_EU4" CO2="6442.57" CO="57.90" HC="0.42" NOx="2.42" PMx="0.12" fuel="2.77" electricity="0.00" noise="71.13" route="routetop" type="cfm-fast" waiting="0.00" lane="top_0" pos="33.40" speed="23.02" angle="214.41" x="4.19" y="97.87"/>
        <vehicle id="cfm-fast_3" eclass="HBEFA3/PC_G_EU4" CO2="9791.45" CO="127.72" HC="0.82" NOx="3.99" PMx="0.21" fuel="4.21" electricity="0.00" noise="72.64" route="routetop" type="cfm-fast" waiting="0.00" lane="top_0" pos="47.41" speed="23.52" angle="189.25" x="-4.72" y="69.32"/>
        <vehicle id="cfm-fast_4" eclass="HBEFA3/PC_G_EU4" CO2="0.00" CO="0.00" HC="0.00" NOx="0.00" PMx="0.00" fuel="0.00" electricity="0.00" noise="86.09" route="routebottom" type="cfm-fast" waiting="0.00" lane="right_1" pos="30.05" speed="78.63" angle="310.38" x="101.96" y="116.54"/>
        <vehicle id="cfm-fast_5" eclass="HBEFA3/PC_G_EU4" CO2="12535.32" CO="186.59" HC="1.16" NOx="5.26" PMx="0.28" fuel="5.39" electricity="0.00" noise="74.15" route="routetop" type="cfm-fast" waiting="0.00" lane="left_0" pos="11.99" speed="24.51" angle="162.87" x="-0.11" y="38.38"/>
        <vehicle id="cfm-slow_0" eclass="HBEFA3/PC_G_EU4" CO2="14939.98" CO="240.58" HC="1.47" NOx="6.37" PMx="0.35" fuel="6.42" electricity="0.00" noise="75.55" route="routetop" type="cfm-slow" waiting="0.00" lane="left_0" pos="27.62" speed="25.84" angle="134.78" x="19.30" y="11.34"/>
        <vehicle id="cfm-slow_1" eclass="HBEFA3/PC_G_EU4" CO2="16600.08" CO="281.91" HC="1.70" NOx="7.12" PMx="0.40" fuel="7.14" electricity="0.00" noise="76.58" route="routetop" type="cfm-slow" waiting="0.00" lane="left_0" pos="48.60" speed="27.41" angle="97.00" x="60.56" y="-4.87"/>
        <vehicle id="cfm-slow_2" eclass="HBEFA3/PC_G_EU4" CO2="14761.01" CO="253.65" HC="1.53" NOx="6.21" PMx="0.36" fuel="6.35" electricity="0.00" noise="76.13" route="routebottom" type="cfm-slow" waiting="0.00" lane="bottom_0" pos="21.17" speed="29.03" angle="56.37" x="106.01" y="9.69"/>
        <vehicle id="cfm-slow_3" eclass="HBEFA3/PC_G_EU4" CO2="0.00" CO="0.00" HC="0.00" NOx="0.00" PMx="0.00" fuel="0.00" electricity="0.00" noise="73.81" route="routebottom" type="cfm-slow" waiting="0.00" lane="bottom_0" pos="45.36" speed="30.21" angle="12.90" x="131.53" y="53.63"/>
        <vehicle id="cfm-slow_4" eclass="HBEFA3/PC_G_EU4" CO2="0.00" CO="0.00" HC="0.00" NOx="0.00" PMx="0.00" fuel="0.00" electricity="0.00" noise="72.25" route="routebottom" type="cfm-slow" waiting="0.00" lane="right_0" pos="20.68" speed="29.95" angle="327.26" x="118.28" y="105.17"/>
        <vehicle id="cfm-slow_5" eclass="HBEFA3/PC_G_EU4" CO2="0.00" CO="0.00" HC="0.00" NOx="0.00" PMx="0.00" fuel="0.00" electricity="0.00" noise="70.94" route="routebottom" type="cfm-slow" waiting="0.00" lane="right_0" pos="45.59" speed="27.62" angle="282.49" x="73.22" y="131.60"/>
    </timestep>
    <timestep time="9.13">
        <vehicle id="cfm-fast_0" eclass="HBEFA3/PC_G_EU4" CO2="254009.23" CO="5920.86" HC="33.36" NOx="118.47" PMx="6.94" fuel="109.19" electricity="0.00" noise="145.74" route="routetop" type="cfm-fast" waiting="0.00" lane="left_1" pos="8.71" speed="64.01" angle="168.75" x="0.79" y="46.00"/>
        <vehicle id="cfm-fast_1" eclass="HBEFA3/PC_G_EU4" CO2="0.00" CO="0.00" HC="0.00" NOx="0.00" PMx="0.00" fuel="0.00" electricity="0.00" noise="70.06" route="routetop" type="cfm-fast" waiting="0.00" lane="top_0" pos="19.51" speed="23.19" angle="239.32" x="24.19" y="119.76"/>
        <vehicle id="cfm-fast_2" eclass="HBEFA3/PC_G_EU4" CO2="6475.44" CO="58.58" HC="0.43" NOx="2.44" PMx="0.12" fuel="2.78" electricity="0.00" noise="71.14" route="routetop" type="cfm-fast" waiting="0.00" lane="top_0" pos="33.63" speed="23.02" angle="214.00" x="3.95" y="97.44"/>
        <vehicle id="cfm-fast_3" eclass="HBEFA3/PC_G_EU4" CO2="9817.80" CO="128.28" HC="0.83" NOx="4.00" PMx="0.21" fuel="4.22" electricity="0.00" noise="72.65" route="routetop" type="cfm-fast" waiting="0.00" lane="top_0" pos="47.65" speed="23.53" angle="188.84" x="-4.75" y="68.81"/>
        <vehicle id="cfm-fast_4" eclass="HBEFA3/PC_G_EU4" CO2="0.00" CO="0.00" HC="0.00" NOx="0.00" PMx="0.00" fuel="0.00" electricity="0.00" noise="86.09" route="routebottom" type="cfm-fast" waiting="0.00" lane="right_1" pos="30.83" speed="78.57" angle="309.00" x="100.65" y="117.48"/>
        <vehicle id="cfm-fast_5" eclass="HBEFA3/PC_G_EU4" CO2="12558.17" CO="187.10" HC="1.16" NOx="5.27" PMx="0.29" fuel="5.40" electricity="0.00" noise="74.16" route="routetop" type="cfm-fast" waiting="0.00" lane="left_0" pos="12.24" speed="24.52" angle="162.44" x="0.09" y="37.89"/>
        <vehicle id="cfm-slow_0" eclass="HBEFA3/PC_G_EU4" CO2="14956.41" CO="240.98" HC="1.47" NOx="6.37" PMx="0.35" fuel="6.43" electricity="0.00" noise="75.56" route="routetop" type="cfm-slow" waiting="0.00" lane="left_0" pos="27.88" speed="25.86" angle="134.30" x="19.72" y="10.98"/>
        <vehicle id="cfm-slow_1" eclass="HBEFA3/PC_G_EU4" CO2="16585.68" CO="281.70" HC="1.70" NOx="7.11" PMx="0.40" fuel="7.13" electricity="0.00" noise="76.57" route="routetop" type="cfm-slow" waiting="0.00" lane="left_0" pos="48.88" speed="27.42" angle="96.56" x="61.15" y="-4.90"/>
        <vehicle id="cfm-slow_2" eclass="HBEFA3/PC_G_EU4" CO2="14672.56" CO="251.91" HC="1.52" NOx="6.17" PMx="0.35" fuel="6.31" electricity="0.00" noise="76.10" route="routebottom" type="cfm-slow" waiting="0.00" lane="bottom_0" pos="21.46" speed="29.05" angle="55.84" x="106.50" y="10.08"/>
        <vehicle id="cfm-slow_3" eclass="HBEFA3/PC_G_EU4" CO2="0.00" CO="0.00" HC="0.00" NOx="0.00" PMx="0.00" fuel="0.00" electricity="0.00" noise="73.78" route="routebottom" type="cfm-slow" waiting="0.00" lane="bottom_0" pos="45.67" speed="30.21" angle="12.35" x="131.62" y="54.27"/>
        <vehicle id="cfm-slow_4" eclass="HBEFA3/PC_G_EU4" CO2="0.00" CO="0.00" HC="0.00" NOx="0.00" PMx="0.00" fuel="0.00" electricity="0.00" noise="72.23" route="routebottom" type="cfm-slow" waiting="0.00" lane="right_0" pos="20.98" speed="29.93" angle="326.72" x="117.88" y="105.68"/>
        <vehicle id="cfm-slow_5" eclass="HBEFA3/PC_G_EU4" CO2="0.00" CO="0.00" HC="0.00" NOx="0.00" PMx="0.00" fuel="0.00" electricity="0.00" noise="70.93" route="routebottom" type="cfm-slow" waiting="0.00" lane="right_0" pos="45.87" speed="27.59" angle="282.00" x="72.63" y="131.68"/>
    </timestep>
    <timestep time="9.14">
        <vehicle id="cfm-fast_0" eclass="HBEFA3/PC_G_EU4" CO2="254613.43" CO="5938.19" HC="33.46" NOx="118.76" PMx="6.95" fuel="109.45" electricity="0.00" noise="145.80" route="routetop" type="cfm-fast" waiting="0.00" lane="left_1" pos="9.35" speed="64.15" angle="167.63" x="1.16" y="44.74"/>
        <vehicle id="cfm-fast_1" eclass="HBEFA3/PC_G_EU4" CO2="0.00" CO="0.00" HC="0.00" NOx="0.00" PMx="0.00" fuel="0.00" electricity="0.00" noise="70.07" route="routetop" type="cfm-fast" waiting="0.00" lane="top_0" pos="19.74" speed="23.19" angle="238.90" x="23.78" y="119.47"/>
        <vehicle id="cfm-fast_2" eclass="HBEFA3/PC_G_EU4" CO2="6508.24" CO="59.26" HC="0.43" NOx="2.45" PMx="0.12" fuel="2.80" electricity="0.00" noise="71.16" route="routetop" type="cfm-fast" waiting="0.00" lane="top_0" pos="33.86" speed="23.03" angle="213.58" x="3.71" y="97.00"/>
        <vehicle id="cfm-fast_3" eclass="HBEFA3/PC_G_EU4" CO2="9844.12" CO="128.84" HC="0.83" NOx="4.02" PMx="0.21" fuel="4.23" electricity="0.00" noise="72.66" route="routetop" type="cfm-fast" waiting="0.00" lane="top_0" pos="47.88" speed="23.54" angle="188.38" x="-4.78" y="68.31"/>
        <vehicle id="cfm-fast_4" eclass="HBEFA3/PC_G_EU4" CO2="0.00" CO="0.00" HC="0.00" NOx="0.00" PMx="0.00" fuel="0.00" electricity="0.00" noise="86.08" route="routebottom" type="cfm-fast" waiting="0.00" lane="right_1" pos="31.62" speed="78.52" angle="307.56" x="99.31" y="118.37"/>
        <vehicle id="cfm-fast_5" eclass="HBEFA3/PC_G_EU4" CO2="12580.96" CO="187.61" HC="1.17" NOx="5.28" PMx="0.29" fuel="5.41" electricity="0.00" noise="74.17" route="routetop" type="cfm-fast" waiting="0.00" lane="left_0" pos="12.48" speed="24.54" angle="162.00" x="0.28" y="37.40"/>
        <vehicle id="cfm-slow_0" eclass="HBEFA3/PC_G_EU4" CO2="14972.57" CO="241.37" HC="1.47" NOx="6.38" PMx="0.35" fuel="6.44" electricity="0.00" noise="75.57" route="routetop" type="cfm-slow" waiting="0.00" lane="left_0" pos="28.14" speed="25.87" angle="133.84" x="20.15" y="10.62"/>
        <vehicle id="cfm-slow_1" eclass="HBEFA3/PC_G_EU4" CO2="16570.60" CO="281.47" HC="1.70" NOx="7.10" PMx="0.40" fuel="7.12" electricity="0.00" noise="76.57" route="routetop" type="cfm-slow" waiting="0.00" lane="left_0" pos="49.15" speed="27.44" angle="96.06" x="61.74" y="-4.91"/>
        <vehicle id="cfm-slow_2" eclass="HBEFA3/PC_G_EU4" CO2="14583.42" CO="250.16" HC="1.51" NOx="6.13" PMx="0.35" fuel="6.27" electricity="0.00" noise="76.07" route="routebottom" type="cfm-slow" waiting="0.00" lane="bottom_0" pos="21.75" speed="29.06" angle="55.35" x="106.99" y="10.46"/>
        <vehicle id="cfm-slow_3" eclass="HBEFA3/PC_G_EU4" CO2="0.00" CO="0.00" HC="0.00" NOx="0.00" PMx="0.00" fuel="0.00" electricity="0.00" noise="73.75" route="routebottom" type="cfm-slow" waiting="0.00" lane="bottom_0" pos="45.97" speed="30.20" angle="11.81" x="131.71" y="54.92"/>
        <vehicle id="cfm-slow_4" eclass="HBEFA3/PC_G_EU4" CO2="0.00" CO="0.00" HC="0.00" NOx="0.00" PMx="0.00" fuel="0.00" electricity="0.00" noise="72.22" route="routebottom" type="cfm-slow" waiting="0.00" lane="right_0" pos="21.28" speed="29.90" angle="326.17" x="117.49" y="106.19"/>
        <vehicle id="cfm-slow_5" eclass="HBEFA3/PC_G_EU4" CO2="0.00" CO="0.00" HC="0.00" NOx="0.00" PMx="0.00" fuel="0.00" electricity="0.00" noise="70.91" route="routebottom" type="cfm-slow" waiting="0.00" lane="right_0" pos="46.14" speed="27.56" angle="281.53" x="72.04" y="131.76"/>
    </timestep>
    <timestep time="9.15">
        <vehicle id="cfm-fast_0" eclass="HBEFA3/PC_G_EU4" CO2="255217.93" CO="5955.54" HC="33.55" NOx="119.04" PMx="6.97" fuel="109.71" electricity="0.00" noise="145.87" route="routetop" type="cfm-fast" waiting="0.00" lane="left_1" pos="9.99" speed="64.28" angle="166.45" x="1.55" y="43.48"/>
        <vehicle id="cfm-fast_1" eclass="HBEFA3/PC_G_EU4" CO2="0.00" CO="0.00" HC="0.00" NOx="0.00" PMx="0.00" fuel="0.00" electricity="0.00" noise="70.08" route="routetop" type="cfm-fast" waiting="0.00" lane="top_0" pos="19.97" speed="23.18" angle="238.48" x="23.38" y="119.18"/>
        <vehicle id="cfm-fast_2" eclass="HBEFA3/PC_G_EU4" CO2="6540.98" CO="59.94" HC="0.43" NOx="2.47" PMx="0.12" fuel="2.81" electricity="0.00" noise="71.17" route="routetop" type="cfm-fast" waiting="0.00" lane="top_0" pos="34.09" speed="23.03" angle="213.16" x="3.47" y="96.57"/>
        <vehicle id="cfm-fast_3" eclass="HBEFA3/PC_G_EU4" CO2="9870.41" CO="129.40" HC="0.83" NOx="4.03" PMx="0.21" fuel="4.24" electricity="0.00" noise="72.68" route="routetop" type="cfm-fast" waiting="0.00" lane="top_0" pos="48.12" speed="23.55" angle="187.93" x="-4.81" y="67.80"/>
        <vehicle id="cfm-fast_4" eclass="HBEFA3/PC_G_EU4" CO2="0.00" CO="0.00" HC="0.00" NOx="0.00" PMx="0.00" fuel="0.00" electricity="0.00" noise="86.08" route="routebottom" type="cfm-fast" waiting="0.00" lane="right_1" pos="32.40" speed="78.46" angle="306.20" x="97.96" y="119.24"/>
        <vehicle id="cfm-fast_5" eclass="HBEFA3/PC_G_EU4" CO2="12603.70" CO="188.11" HC="1.17" NOx="5.29" PMx="0.29" fuel="5.42" electricity="0.00" noise="74.19" route="routetop" type="cfm-fast" waiting="0.00" lane="left_0" pos="12.73" speed="24.55" angle="161.59" x="0.48" y="36.90"/>
        <vehicle id="cfm-slow_0" eclass="HBEFA3/PC_G_EU4" CO2="14988.46" CO="241.76" HC="1.47" NOx="6.39" PMx="0.35" fuel="6.44" electricity="0.00" noise="75.58" route="routetop" type="cfm-slow" waiting="0.00" lane="left_0" pos="28.39" speed="25.89" angle="133.40" x="20.58" y="10.27"/>
        <vehicle id="cfm-slow_1" eclass="HBEFA3/PC_G_EU4" CO2="16554.86" CO="281.23" HC="1.69" NOx="7.09" PMx="0.40" fuel="7.12" electricity="0.00" noise="76.56" route="routetop" type="cfm-slow" waiting="0.00" lane="left_0" pos="49.42" speed="27.45" angle="95.55" x="62.33" y="-4.92"/>
        <vehicle id="cfm-slow_2" eclass="HBEFA3/PC_G_EU4" CO2="14493.60" CO="248.39" HC="1.50" NOx="6.09" PMx="0.35" fuel="6.23" electricity="0.00" noise="76.04" route="routebottom" type="cfm-slow" waiting="0.00" lane="bottom_0" pos="22.04" speed="29.07" angle="54.82" x="107.47" y="10.87"/>
        <vehicle id="cfm-slow_3" eclass="HBEFA3/PC_G_EU4" CO2="0.00" CO="0.00" HC="0.00" NOx="0.00" PMx="0.00" fuel="0.00" electricity="0.00" noise="73.73" route="routebottom" type="cfm-slow" waiting="0.00" lane="bottom_0" pos="46.27" speed="30.20" angle="11.32" x="131.80" y="55.56"/>
        <vehicle id="cfm-slow_4" eclass="HBEFA3/PC_G_EU4" CO2="0.00" CO="0.00" HC="0.00" NOx="0.00" PMx="0.00" fuel="0.00" electricity="0.00" noise="72.21" route="routebottom" type="cfm-slow" waiting="0.00" lane="right_0" pos="21.58" speed="29.88" angle="325.63" x="117.09" y="106.69"/>
        <vehicle id="cfm-slow_5" eclass="HBEFA3/PC_G_EU4" CO2="0.00" CO="0.00" HC="0.00" NOx="0.00" PMx="0.00" fuel="0.00" electricity="0.00" noise="70.90" route="routebottom" type="cfm-slow" waiting="0.00" lane="right_0" pos="46.42" speed="27.53" angle="281.05" x="71.45" y="131.83"/>
    </timestep>
    <timestep time="9.16">
        <vehicle id="cfm-fast_0" eclass="HBEFA3/PC_G_EU4" CO2="255822.71" CO="5972.92" HC="33.65" NOx="119.32" PMx="6.99" fuel="109.97" electricity="0.00" noise="145.93" route="routetop" type="cfm-fast" waiting="0.00" lane="left_1" pos="10.64" speed="64.42" angle="165.32" x="1.98" y="42.23"/>
        <vehicle id="cfm-fast_1" eclass="HBEFA3/PC_G_EU4" CO2="0.00" CO="0.00" HC="0.00" NOx="0.00" PMx="0.00" fuel="0.00" electricity="0.00" noise="70.09" route="routetop" type="cfm-fast" waiting="0.00" lane="top_0" pos="20.21" speed="23.18" angle="238.06" x="22.97" y="118.89"/>
        <vehicle id="cfm-fast_2" eclass="HBEFA3/PC_G_EU4" CO2="6573.66" CO="60.62" HC="0.44" NOx="2.48" PMx="0.13" fuel="2.83" electricity="0.00" noise="71.18" route="routetop" type="cfm-fast" waiting="0.00" lane="top_0" pos="34.32" speed="23.04" angle="212.74" x="3.23" y="96.14"/>
        <vehicle id="cfm-fast_3" eclass="HBEFA3/PC_G_EU4" CO2="9896.67" CO="129.96" HC="0.84" NOx="4.04" PMx="0.21" fuel="4.25" electricity="0.00" noise="72.69" route="routetop" type="cfm-fast" waiting="0.00" lane="top_0" pos="48.36" speed="23.56" angle="187.48" x="-4.84" y="67.30"/>
        <vehicle id="cfm-fast_4" eclass="HBEFA3/PC_G_EU4" CO2="0.00" CO="0.00" HC="0.00" NOx="0.00" PMx="0.00" fuel="0.00" electricity="0.00" noise="86.07" route="routebottom" type="cfm-fast" waiting="0.00" lane="right_1" pos="33.19" speed="78.41" angle="304.77" x="96.58" y="120.06"/>
        <vehicle id="cfm-fast_5" eclass="HBEFA3/PC_G_EU4" CO2="12626.39" CO="188.62" HC="1.17" NOx="5.30" PMx="0.29" fuel="5.43" electricity="0.00" noise="74.20" route="routetop" type="cfm-fast" waiting="0.00" lane="left_0" pos="12.98" speed="24.56" angle="161.17" x="0.69" y="36.42"/>
        <vehicle id="cfm-slow_0" eclass="HBEFA3/PC_G_EU4" CO2="15004.07" CO="242.14" HC="1.48" NOx="6.40" PMx="0.35" fuel="6.45" electricity="0.00" noise="75.59" route="routetop" type="cfm-slow" waiting="0.00" lane="left_0" pos="28.65" speed="25.91" angle="132.92" x="21.02" y="9.93"/>
        <vehicle id="cfm-slow_1" eclass="HBEFA3/PC_G_EU4" CO2="16538.43" CO="280.98" HC="1.69" NOx="7.09" PMx="0.40" fuel="7.11" electricity="0.00" noise="76.56" route="routetop" type="cfm-slow" waiting="0.00" lane="left_0" pos="49.70" speed="27.47" angle="95.05" x="62.92" y="-4.94"/>
        <vehicle id="cfm-slow_2" eclass="HBEFA3/PC_G_EU4" CO2="14403.11" CO="246.60" HC="1.49" NOx="6.04" PMx="0.35" fuel="6.19" electricity="0.00" noise="76.01" route="routebottom" type="cfm-slow" waiting="0.00" lane="bottom_0" pos="22.33" speed="29.08" angle="54.27" x="107.94" y="11.27"/>
        <vehicle id="cfm-slow_3" eclass="HBEFA3/PC_G_EU4" CO2="0.00" CO="0.00" HC="0.00" NOx="0.00" PMx="0.00" fuel="0.00" electricity="0.00" noise="73.70" route="routebottom" type="cfm-slow" waiting="0.00" lane="bottom_0" pos="46.57" speed="30.20" angle="10.76" x="131.86" y="56.21"/>
        <vehicle id="cfm-slow_4" eclass="HBEFA3/PC_G_EU4" CO2="0.00" CO="0.00" HC="0.00" NOx="0.00" PMx="0.00" fuel="0.00" electricity="0.00" noise="72.20" route="routebottom" type="cfm-slow" waiting="0.00" lane="right_0" pos="21.87" speed="29.86" angle="325.13" x="116.69" y="107.19"/>
        <vehicle id="cfm-slow_5" eclass="HBEFA3/PC_G_EU4" CO2="0.00" CO="0.00" HC="0.00" NOx="0.00" PMx="0.00" fuel="0.00" electricity="0.00" noise="70.89" route="routebottom" type="cfm-slow" waiting="0.00" lane="right_0" pos="46.69" speed="27.50" angle="280.55" x="70.87" y="131.89"/>
    </timestep>
    <timestep time="9.17">
        <vehicle id="cfm-fast_0" eclass="HBEFA3/PC_G_EU4" CO2="256427.79" CO="5990.31" HC="33.74" NOx="119.61" PMx="7.01" fuel="110.23" electricity="0.00" noise="146.00" route="routetop" type="cfm-fast" waiting="0.00" lane="left_1" pos="11.28" speed="64.56" angle="164.12" x="2.43" y="40.99"/>
        <vehicle id="cfm-fast_1" eclass="HBEFA3/PC_G_EU4" CO2="0.00" CO="0.00" HC="0.00" NOx="0.00" PMx="0.00" fuel="0.00" electricity="0.00" noise="70.10" route="routetop" type="cfm-fast" waiting="0.00" lane="top_0" pos="20.44" speed="23.18" angle="237.67" x="22.57" y="118.60"/>
        <vehicle id="cfm-fast_2" eclass="HBEFA3/PC_G_EU4" CO2="6606.27" CO="61.30" HC="0.44" NOx="2.50" PMx="0.13" fuel="2.84" electricity="0.00" noise="71.20" route="routetop" type="cfm-fast" waiting="0.00" lane="top_0" pos="34.55" speed="23.04" angle="212.35" x="2.99" y="95.70"/>
        <vehicle id="cfm-fast_3" eclass="HBEFA3/PC_G_EU4" CO2="9922.89" CO="130.52" HC="0.84" NOx="4.05" PMx="0.21" fuel="4.27" electricity="0.00" noise="72.71" route="routetop" type="cfm-fast" waiting="0.00" lane="top_0" pos="48.59" speed="23.56" angle="187.03" x="-4.87" y="66.79"/>
        <vehicle id="cfm-fast_4" eclass="HBEFA3/PC_G_EU4" CO2="0.00" CO="0.00" HC="0.00" NOx="0.00" PMx="0.00" fuel="0.00" electricity="0.00" noise="86.07" route="routebottom" type="cfm-fast" waiting="0.00" lane="right_1" pos="33.97" speed="78.35" angle="303.39" x="95.18" y="120.85"/>
        <vehicle id="cfm-fast_5" eclass="HBEFA3/PC_G_EU4" CO2="12649.01" CO="189.12" HC="1.18" NOx="5.31" PMx="0.29" fuel="5.44" electricity="0.00" noise="74.21" route="routetop" type="cfm-fast" waiting="0.00" lane="left_0" pos="13.22" speed="24.58" angle="160.71" x="0.91" y="35.94"/>
        <vehicle id="cfm-slow_0" eclass="HBEFA3/PC_G_EU4" CO2="15019.40" CO="242.52" HC="1.48" NOx="6.40" PMx="0.35" fuel="6.46" electricity="0.00" noise="75.60" route="routetop" type="cfm-slow" waiting="0.00" lane="left_0" pos="28.91" speed="25.92" angle="132.44" x="21.46" y="9.59"/>
        <vehicle id="cfm-slow_1" eclass="HBEFA3/PC_G_EU4" CO2="16521.34" CO="280.71" HC="1.69" NOx="7.08" PMx="0.40" fuel="7.10" electricity="0.00" noise="76.55" route="routetop" type="cfm-slow" waiting="0.00" lane="left_0" pos="49.97" speed="27.49" angle="94.58" x="63.51" y="-4.95"/>
        <vehicle id="cfm-slow_2" eclass="HBEFA3/PC_G_EU4" CO2="14311.95" CO="244.80" HC="1.48" NOx="6.00" PMx="0.34" fuel="6.15" electricity="0.00" noise="75.98" route="routebottom" type="cfm-slow" waiting="0.00" lane="bottom_0" pos="22.62" speed="29.09" angle="53.72" x="108.42" y="11.68"/>
        <vehicle id="cfm-slow_3" eclass="HBEFA3/PC_G_EU4" CO2="0.00" CO="0.00" HC="0.00" NOx="0.00" PMx="0.00" fuel="0.00" electricity="0.00" noise="73.67" route="routebottom" type="cfm-slow" waiting="0.00" lane="bottom_0" pos="46.87" speed="30.20" angle="10.21" x="131.93" y="56.85"/>
        <vehicle id="cfm-slow_4" eclass="HBEFA3/PC_G_EU4" CO2="0.00" CO="0.00" HC="0.00" NOx="0.00" PMx="0.00" fuel="0.00" electricity="0.00" noise="72.18" route="routebottom" type="cfm-slow" waiting="0.00" lane="right_0" pos="22.17" speed="29.84" angle="324.57" x="116.27" y="107.68"/>
        <vehicle id="cfm-slow_5" eclass="HBEFA3/PC_G_EU4" CO2="0.00" CO="0.00" HC="0.00" NOx="0.00" PMx="0.00" fuel="0.00" electricity="0.00" noise="70.87" route="routebottom" type="cfm-slow" waiting="0.00" lane="right_0" pos="46.97" speed="27.47" angle="280.04" x="70.28" y="131.95"/>
    </timestep>
    <timestep time="9.18">
        <vehicle id="cfm-fast_0" eclass="HBEFA3/PC_G_EU4" CO2="257033.16" CO="6007.73" HC="33.84" NOx="119.89" PMx="7.03" fuel="110.49" electricity="0.00" noise="146.07" route="routetop" type="cfm-fast" waiting="0.00" lane="left_1" pos="11.93" speed="64.69" angle="163.00" x="2.90" y="39.75"/>
        <vehicle id="cfm-fast_1" eclass="HBEFA3/PC_G_EU4" CO2="0.00" CO="0.00" HC="0.00" NOx="0.00" PMx="0.00" fuel="0.00" electricity="0.00" noise="70.10" route="routetop" type="cfm-fast" waiting="0.00" lane="top_0" pos="20.67" speed="23.18" angle="237.27" x="22.17" y="118.29"/>
        <vehicle id="cfm-fast_2" eclass="HBEFA3/PC_G_EU4" CO2="6638.82" CO="61.98" HC="0.45" NOx="2.51" PMx="0.13" fuel="2.85" electricity="0.00" noise="71.21" route="routetop" type="cfm-fast" waiting="0.00" lane="top_0" pos="34.78" speed="23.05" angle="211.96" x="2.76" y="95.26"/>
        <vehicle id="cfm-fast_3" eclass="HBEFA3/PC_G_EU4" CO2="9949.09" CO="131.08" HC="0.84" NOx="4.06" PMx="0.21" fuel="4.28" electricity="0.00" noise="72.72" route="routetop" type="cfm-fast" waiting="0.00" lane="top_0" pos="48.83" speed="23.57" angle="186.65" x="-4.89" y="66.28"/>
        <vehicle id="cfm-fast_4" eclass="HBEFA3/PC_G_EU4" CO2="0.00" CO="0.00" HC="0.00" NOx="0.00" PMx="0.00" fuel="0.00" electricity="0.00" noise="86.07" route="routebottom" type="cfm-fast" waiting="0.00" lane="right_1" pos="34.76" speed="78.30" angle="302.01" x="93.77" y="121.62"/>
        <vehicle id="cfm-fast_5" eclass="HBEFA3/PC_G_EU4" CO2="12671.58" CO="189.62" HC="1.18" NOx="5.33" PMx="0.29" fuel="5.45" electricity="0.00" noise="74.23" route="routetop" type="cfm-fast" waiting="0.00" lane="left_0" pos="13.47" speed="24.59" angle="160.25" x="1.13" y="35.46"/>
        <vehicle id="cfm-slow_0" eclass="HBEFA3/PC_G_EU4" CO2="15034.45" CO="242.89" HC="1.48" NOx="6.41" PMx="0.35" fuel="6.46" electricity="0.00" noise="75.61" route="routetop" type="cfm-slow" waiting="0.00" lane="left_0" pos="29.17" speed="25.94" angle="131.96" x="21.90" y="9.24"/>
        <vehicle id="cfm-slow_1" eclass="HBEFA3/PC_G_EU4" CO2="16503.57" CO="280.43" HC="1.69" NOx="7.07" PMx="0.40" fuel="7.09" electricity="0.00" noise="76.55" route="routebottom" type="cfm-slow" waiting="0.00" lane="bottom_0" pos="0.25" speed="27.50" angle="94.02" x="64.30" y="-4.94"/>
        <vehicle id="cfm-slow_2" eclass="HBEFA3/PC_G_EU4" CO2="14220.15" CO="242.99" HC="1.46" NOx="5.96" PMx="0.34" fuel="6.11" electricity="0.00" noise="75.95" route="routebottom" type="cfm-slow" waiting="0.00" lane="bottom_0" pos="22.91" speed="29.10" angle="53.17" x="108.90" y="12.09"/>
        <vehicle id="cfm-slow_3" eclass="HBEFA3/PC_G_EU4" CO2="0.00" CO="0.00" HC="0.00" NOx="0.00" PMx="0.00" fuel="0.00" electricity="0.00" noise="73.65" route="routebottom" type="cfm-slow" waiting="0.00" lane="bottom_0" pos="47.18" speed="30.20" angle="9.66" x="131.99" y="57.50"/>
        <vehicle id="cfm-slow_4" eclass="HBEFA3/PC_G_EU4" CO2="0.00" CO="0.00" HC="0.00" NOx="0.00" PMx="0.00" fuel="0.00" electricity="0.00" noise="72.17" route="routebottom" type="cfm-slow" waiting="0.00" lane="right_0" pos="22.47" speed="29.82" angle="324.00" x="115.86" y="108.17"/>
        <vehicle id="cfm-slow_5" eclass="HBEFA3/PC_G_EU4" CO2="0.00" CO="0.00" HC="0.00" NOx="0.00" PMx="0.00" fuel="0.00" electricity="0.00" noise="70.86" route="routebottom" type="cfm-slow" waiting="0.00" lane="right_0" pos="47.24" speed="27.44" angle="279.54" x="69.69" y="132.01"/>
    </timestep>
    <timestep time="9.19">
        <vehicle id="cfm-fast_0" eclass="HBEFA3/PC_G_EU4" CO2="257638.82" CO="6025.17" HC="33.93" NOx="120.17" PMx="7.04" fuel="110.75" electricity="0.00" noise="146.13" route="routetop" type="cfm-fast" waiting="0.00" lane="left_1" pos="12.58" speed="64.83" angle="161.84" x="3.39" y="38.51"/>
        <vehicle id="cfm-fast_1" eclass="HBEFA3/PC_G_EU4" CO2="0.00" CO="0.00" HC="0.00" NOx="0.00" PMx="0.00" fuel="0.00" electricity="0.00" noise="70.11" route="routetop" type="cfm-fast" waiting="0.00" lane="top_0" pos="20.90" speed="23.18" angle="236.85" x="21.78" y="117.99"/>
        <vehicle id="cfm-fast_2" eclass="HBEFA3/PC_G_EU4" CO2="6671.31" CO="62.66" HC="0.45" NOx="2.53" PMx="0.13" fuel="2.87" electricity="0.00" noise="71.22" route="routetop" type="cfm-fast" waiting="0.00" lane="top_0" pos="35.01" speed="23.05" angle="211.53" x="2.54" y="94.82"/>
        <vehicle id="cfm-fast_3" eclass="HBEFA3/PC_G_EU4" CO2="9975.25" CO="131.64" HC="0.85" NOx="4.08" PMx="0.22" fuel="4.29" electricity="0.00" noise="72.74" route="routetop" type="cfm-fast" waiting="0.00" lane="top_0" pos="49.06" speed="23.58" angle="186.22" x="-4.90" y="65.78"/>
        <vehicle id="cfm-fast_4" eclass="HBEFA3/PC_G_EU4" CO2="0.00" CO="0.00" HC="0.00" NOx="0.00" PMx="0.00" fuel="0.00" electricity="0.00" noise="86.07" route="routebottom" type="cfm-fast" waiting="0.00" lane="right_1" pos="35.54" speed="78.25" angle="300.56" x="92.33" y="122.33"/>
        <vehicle id="cfm-fast_5" eclass="HBEFA3/PC_G_EU4" CO2="12694.08" CO="190.12" HC="1.18" NOx="5.34" PMx="0.29" fuel="5.46" electricity="0.00" noise="74.24" route="routetop" type="cfm-fast" waiting="0.00" lane="left_0" pos="13.71" speed="24.60" angle="159.79" x="1.34" y="34.97"/>
        <vehicle id="cfm-slow_0" eclass="HBEFA3/PC_G_EU4" CO2="15049.21" CO="243.26" HC="1.48" NOx="6.42" PMx="0.35" fuel="6.47" electricity="0.00" noise="75.62" route="routetop" type="cfm-slow" waiting="0.00" lane="left_0" pos="29.43" speed="25.95" angle="131.51" x="22.34" y="8.90"/>
        <vehicle id="cfm-slow_1" eclass="HBEFA3/PC_G_EU4" CO2="16485.12" CO="280.14" HC="1.69" NOx="7.06" PMx="0.40" fuel="7.09" electricity="0.00" noise="76.54" route="routebottom" type="cfm-slow" waiting="0.00" lane="bottom_0" pos="0.52" speed="27.52" angle="93.52" x="64.89" y="-4.92"/>
        <vehicle id="cfm-slow_2" eclass="HBEFA3/PC_G_EU4" CO2="14127.71" CO="241.16" HC="1.45" NOx="5.91" PMx="0.34" fuel="6.07" electricity="0.00" noise="75.92" route="routebottom" type="cfm-slow" waiting="0.00" lane="bottom_0" pos="23.20" speed="29.12" angle="52.70" x="109.37" y="12.50"/>
        <vehicle id="cfm-slow_3" eclass="HBEFA3/PC_G_EU4" CO2="0.00" CO="0.00" HC="0.00" NOx="0.00" PMx="0.00" fuel="0.00" electricity="0.00" noise="73.62" route="routebottom" type="cfm-slow" waiting="0.00" lane="bottom_0" pos="47.48" speed="30.19" angle="9.17" x="132.06" y="58.15"/>
        <vehicle id="cfm-slow_4" eclass="HBEFA3/PC_G_EU4" CO2="0.00" CO="0.00" HC="0.00" NOx="0.00" PMx="0.00" fuel="0.00" electricity="0.00" noise="72.16" route="routebottom" type="cfm-slow" waiting="0.00" lane="right_0" pos="22.77" speed="29.79" angle="323.44" x="115.44" y="108.66"/>
        <vehicle id="cfm-slow_5" eclass="HBEFA3/PC_G_EU4" CO2="0.00" CO="0.00" HC="0.00" NOx="0.00" PMx="0.00" fuel="0.00" electricity="0.00" noise="70.85" route="routebottom" type="cfm-slow" waiting="0.00" lane="right_0" pos="47.51" speed="27.41" angle="279.10" x="69.10" y="132.06"/>
    </timestep>
    <timestep time="9.20">
        <vehicle id="cfm-fast_0" eclass="HBEFA3/PC_G_EU4" CO2="258244.78" CO="6042.63" HC="34.03" NOx="120.46" PMx="7.06" fuel="111.01" electricity="0.00" noise="146.20" route="routetop" type="cfm-fast" waiting="0.00" lane="left_1" pos="13.23" speed="64.96" angle="160.71" x="3.92" y="37.29"/>
        <vehicle id="cfm-fast_1" eclass="HBEFA3/PC_G_EU4" CO2="0.00" CO="0.00" HC="0.00" NOx="0.00" PMx="0.00" fuel="0.00" electricity="0.00" noise="70.12" route="routetop" type="cfm-fast" waiting="0.00" lane="top_0" pos="21.13" speed="23.18" angle="236.42" x="21.39" y="117.68"/>
        <vehicle id="cfm-fast_2" eclass="HBEFA3/PC_G_EU4" CO2="6703.73" CO="63.33" HC="0.45" NOx="2.54" PMx="0.13" fuel="2.88" electricity="0.00" noise="71.24" route="routetop" type="cfm-fast" waiting="0.00" lane="top_0" pos="35.24" speed="23.06" angle="211.11" x="2.32" y="94.37"/>
        <vehicle id="cfm-fast_3" eclass="HBEFA3/PC_G_EU4" CO2="10001.38" CO="132.20" HC="0.85" NOx="4.09" PMx="0.22" fuel="4.30" electricity="0.00" noise="72.75" route="routetop" type="cfm-fast" waiting="0.00" lane="top_0" pos="49.30" speed="23.59" angle="185.79" x="-4.92" y="65.27"/>
        <vehicle id="cfm-fast_4" eclass="HBEFA3/PC_G_EU4" CO2="0.00" CO="0.00" HC="0.00" NOx="0.00" PMx="0.00" fuel="0.00" electricity="0.00" noise="86.07" route="routebottom" type="cfm-fast" waiting="0.00" lane="right_1" pos="36.32" speed="78.20" angle="299.15" x="90.88" y="123.02"/>
        <vehicle id="cfm-fast_5" eclass="HBEFA3/PC_G_EU4" CO2="12716.52" CO="190.62" HC="1.18" NOx="5.35" PMx="0.29" fuel="5.47" electricity="0.00" noise="74.26" route="routetop" type="cfm-fast" waiting="0.00" lane="left_0" pos="13.96" speed="24.62" angle="159.34" x="1.56" y="34.49"/>
        <vehicle id="cfm-slow_0" eclass="HBEFA3/PC_G_EU4" CO2="15063.68" CO="243.62" HC="1.48" NOx="6.42" PMx="0.35" fuel="6.48" electricity="0.00" noise="75.63" route="routetop" type="cfm-slow" waiting="0.00" lane="left_0" pos="29.69" speed="25.97" angle="131.06" x="22.79" y="8.57"/>
        <vehicle id="cfm-slow_1" eclass="HBEFA3/PC_G_EU4" CO2="16466.00" CO="279.83" HC="1.69" NOx="7.05" PMx="0.40" fuel="7.08" electricity="0.00" noise="76.54" route="routebottom" type="cfm-slow" waiting="0.00" lane="bottom_0" pos="0.80" speed="27.54" angle="93.02" x="65.48" y="-4.91"/>
        <vehicle id="cfm-slow_2" eclass="HBEFA3/PC_G_EU4" CO2="14034.64" CO="239.32" HC="1.44" NOx="5.87" PMx="0.34" fuel="6.03" electricity="0.00" noise="75.89" route="routebottom" type="cfm-slow" waiting="0.00" lane="bottom_0" pos="23.49" speed="29.13" angle="52.18" x="109.83" y="12.92"/>
        <vehicle id="cfm-slow_3" eclass="HBEFA3/PC_G_EU4" CO2="0.00" CO="0.00" HC="0.00" NOx="0.00" PMx="0.00" fuel="0.00" electricity="0.00" noise="73.59" route="routebottom" type="cfm-slow" waiting="0.00" lane="bottom_0" pos="47.78" speed="30.19" angle="8.60" x="132.10" y="58.80"/>
        <vehicle id="cfm-slow_4" eclass="HBEFA3/PC_G_EU4" CO2="0.00" CO="0.00" HC="0.00" NOx="0.00" PMx="0.00" fuel="0.00" electricity="0.00" noise="72.15" route="routebottom" type="cfm-slow" waiting="0.00" lane="right_0" pos="23.07" speed="29.77" angle="322.95" x="115.03" y="109.15"/>
        <vehicle id="cfm-slow_5" eclass="HBEFA3/PC_G_EU4" CO2="0.00" CO="0.00" HC="0.00" NOx="0.00" PMx="0.00" fuel="0.00" electricity="0.00" noise="70.83" route="routebottom" type="cfm-slow" waiting="0.00" lane="right_0" pos="47.79" speed="27.38" angle="278.59" x="68.51" y="132.10"/>
    </timestep>
    <timestep time="9.21">
        <vehicle id="cfm-fast_0" eclass="HBEFA3/PC_G_EU4" CO2="258851.03" CO="6060.11" HC="34.12" NOx="120.74" PMx="7.08" fuel="111.27" electricity="0.00" noise="146.26" route="routetop" type="cfm-fast" waiting="0.00" lane="left_1" pos="13.88" speed="65.10" angle="159.52" x="4.47" y="36.07"/>
        <vehicle id="cfm-fast_1" eclass="HBEFA3/PC_G_EU4" CO2="0.00" CO="0.00" HC="0.00" NOx="0.00" PMx="0.00" fuel="0.00" electricity="0.00" noise="70.13" route="routetop" type="cfm-fast" waiting="0.00" lane="top_0" pos="21.36" speed="23.17" angle="236.00" x="20.99" y="117.37"/>
        <vehicle id="cfm-fast_2" eclass="HBEFA3/PC_G_EU4" CO2="6736.10" CO="64.00" HC="0.46" NOx="2.56" PMx="0.13" fuel="2.90" electricity="0.00" noise="71.25" route="routetop" type="cfm-fast" waiting="0.00" lane="top_0" pos="35.48" speed="23.06" angle="210.68" x="2.10" y="93.93"/>
        <vehicle id="cfm-fast_3" eclass="HBEFA3/PC_G_EU4" CO2="10027.48" CO="132.76" HC="0.85" NOx="4.10" PMx="0.22" fuel="4.31" electricity="0.00" noise="72.77" route="routetop" type="cfm-fast" waiting="0.00" lane="top_0" pos="49.54" speed="23.60" angle="185.36" x="-4.93" y="64.76"/>
        <vehicle id="cfm-fast_4" eclass="HBEFA3/PC_G_EU4" CO2="0.00" CO="0.00" HC="0.00" NOx="0.00" PMx="0.00" fuel="0.00" electricity="0.00" noise="86.07" route="routebottom" type="cfm-fast" waiting="0.00" lane="right_1" pos="37.10" speed="78.15" angle="297.69" x="89.42" y="123.68"/>
        <vehicle id="cfm-fast_5" eclass="HBEFA3/PC_G_EU4" CO2="12738.90" CO="191.12" HC="1.19" NOx="5.36" PMx="0.29" fuel="5.48" electricity="0.00" noise="74.27" route="routetop" type="cfm-fast" waiting="0.00" lane="left_0" pos="14.21" speed="24.63" angle="158.94" x="1.79" y="34.01"/>
        <vehicle id="cfm-slow_0" eclass="HBEFA3/PC_G_EU4" CO2="15077.86" CO="243.97" HC="1.49" NOx="6.43" PMx="0.35" fuel="6.48" electricity="0.00" noise="75.64" route="routetop" type="cfm-slow" waiting="0.00" lane="left_0" pos="29.95" speed="25.98" angle="130.58" x="23.24" y="8.24"/>
        <vehicle id="cfm-slow_1" eclass="HBEFA3/PC_G_EU4" CO2="16446.21" CO="279.50" HC="1.68" NOx="7.04" PMx="0.40" fuel="7.07" electricity="0.00" noise="76.53" route="routebottom" type="cfm-slow" waiting="0.00" lane="bottom_0" pos="1.08" speed="27.55" angle="92.52" x="66.07" y="-4.90"/>
        <vehicle id="cfm-slow_2" eclass="HBEFA3/PC_G_EU4" CO2="13940.95" CO="237.46" HC="1.43" NOx="5.82" PMx="0.34" fuel="5.99" electricity="0.00" noise="75.85" route="routebottom" type="cfm-slow" waiting="0.00" lane="bottom_0" pos="23.79" speed="29.14" angle="51.65" x="110.29" y="13.35"/>
        <vehicle id="cfm-slow_3" eclass="HBEFA3/PC_G_EU4" CO2="0.00" CO="0.00" HC="0.00" NOx="0.00" PMx="0.00" fuel="0.00" electricity="0.00" noise="73.57" route="routebottom" type="cfm-slow" waiting="0.00" lane="bottom_0" pos="48.08" speed="30.19" angle="8.03" x="132.14" y="59.44"/>
        <vehicle id="cfm-slow_4" eclass="HBEFA3/PC_G_EU4" CO2="0.00" CO="0.00" HC="0.00" NOx="0.00" PMx="0.00" fuel="0.00" electricity="0.00" noise="72.13" route="routebottom" type="cfm-slow" waiting="0.00" lane="right_0" pos="23.36" speed="29.75" angle="322.42" x="114.59" y="109.62"/>
        <vehicle id="cfm-slow_5" eclass="HBEFA3/PC_G_EU4" CO2="0.00" CO="0.00" HC="0.00" NOx="0.00" PMx="0.00" fuel="0.00" electricity="0.00" noise="70.82" route="routebottom" type="cfm-slow" waiting="0.00" lane="right_0" pos="48.06" speed="27.35" angle="278.08" x="67.93" y="132.13"/>
    </timestep>
    <timestep time="9.22">
        <vehicle id="cfm-fast_0" eclass="HBEFA3/PC_G_EU4" CO2="259457.56" CO="6077.61" HC="34.22" NOx="121.03" PMx="7.10" fuel="111.53" electricity="0.00" noise="146.33" route="routetop" type="cfm-fast" waiting="0.00" lane="left_1" pos="14.53" speed="65.24" angle="158.38" x="5.05" y="34.87"/>
        <vehicle id="cfm-fast_1" eclass="HBEFA3/PC_G_EU4" CO2="0.00" CO="0.00" HC="0.00" NOx="0.00" PMx="0.00" fuel="0.00" electricity="0.00" noise="70.14" route="routetop" type="cfm-fast" waiting="0.00" lane="top_0" pos="21.60" speed="23.17" angle="235.57" x="20.60" y="117.06"/>
        <vehicle id="cfm-fast_2" eclass="HBEFA3/PC_G_EU4" CO2="6768.39" CO="64.68" HC="0.46" NOx="2.57" PMx="0.13" fuel="2.91" electricity="0.00" noise="71.26" route="routetop" type="cfm-fast" waiting="0.00" lane="top_0" pos="35.71" speed="23.07" angle="210.26" x="1.88" y="93.48"/>
        <vehicle id="cfm-fast_3" eclass="HBEFA3/PC_G_EU4" CO2="10053.55" CO="133.31" HC="0.86" NOx="4.11" PMx="0.22" fuel="4.32" electricity="0.00" noise="72.78" route="routetop" type="cfm-fast" waiting="0.00" lane="top_0" pos="49.77" speed="23.61" angle="184.93" x="-4.94" y="64.25"/>
        <vehicle id="cfm-fast_4" eclass="HBEFA3/PC_G_EU4" CO2="0.00" CO="0.00" HC="0.00" NOx="0.00" PMx="0.00" fuel="0.00" electricity="0.00" noise="86.07" route="routebottom" type="cfm-fast" waiting="0.00" lane="right_1" pos="37.88" speed="78.10" angle="296.29" x="87.94" y="124.28"/>
        <vehicle id="cfm-fast_5" eclass="HBEFA3/PC_G_EU4" CO2="12761.20" CO="191.62" HC="1.19" NOx="5.37" PMx="0.29" fuel="5.49" electricity="0.00" noise="74.28" route="routetop" type="cfm-fast" waiting="0.00" lane="left_0" pos="14.45" speed="24.64" angle="158.48" x="2.03" y="33.54"/>
        <vehicle id="cfm-slow_0" eclass="HBEFA3/PC_G_EU4" CO2="15091.74" CO="244.32" HC="1.49" NOx="6.44" PMx="0.36" fuel="6.49" electricity="0.00" noise="75.65" route="routetop" type="cfm-slow" waiting="0.00" lane="left_0" pos="30.21" speed="26.00" angle="130.11" x="23.69" y="7.91"/>
        <vehicle id="cfm-slow_1" eclass="HBEFA3/PC_G_EU4" CO2="16425.74" CO="279.17" HC="1.68" NOx="7.03" PMx="0.39" fuel="7.06" electricity="0.00" noise="76.52" route="routebottom" type="cfm-slow" waiting="0.00" lane="bottom_0" pos="1.35" speed="27.57" angle="92.05" x="66.67" y="-4.88"/>
        <vehicle id="cfm-slow_2" eclass="HBEFA3/PC_G_EU4" CO2="13846.66" CO="235.60" HC="1.42" NOx="5.78" PMx="0.33" fuel="5.95" electricity="0.00" noise="75.82" route="routebottom" type="cfm-slow" waiting="0.00" lane="bottom_0" pos="24.08" speed="29.15" angle="51.12" x="110.75" y="13.77"/>
        <vehicle id="cfm-slow_3" eclass="HBEFA3/PC_G_EU4" CO2="0.00" CO="0.00" HC="0.00" NOx="0.00" PMx="0.00" fuel="0.00" electricity="0.00" noise="73.54" route="routebottom" type="cfm-slow" waiting="0.00" lane="bottom_0" pos="48.38" speed="30.19" angle="7.46" x="132.17" y="60.09"/>
        <vehicle id="cfm-slow_4" eclass="HBEFA3/PC_G_EU4" CO2="0.00" CO="0.00" HC="0.00" NOx="0.00" PMx="0.00" fuel="0.00" electricity="0.00" noise="72.12" route="routebottom" type="cfm-slow" waiting="0.00" lane="right_0" pos="23.66" speed="29.73" angle="321.88" x="114.16" y="110.09"/>
        <vehicle id="cfm-slow_5" eclass="HBEFA3/PC_G_EU4" CO2="0.00" CO="0.00" HC="0.00" NOx="0.00" PMx="0.00" fuel="0.00" electricity="0.00" noise="70.80" route="routebottom" type="cfm-slow" waiting="0.00" lane="right_0" pos="48.33" speed="27.32" angle="277.56" x="67.34" y="132.17"/>
    </timestep>
    <timestep time="9.23">
        <vehicle id="cfm-fast_0" eclass="HBEFA3/PC_G_EU4" CO2="260064.39" CO="6095.14" HC="34.31" NOx="121.31" PMx="7.12" fuel="111.79" electricity="0.00" noise="146.39" route="routetop" type="cfm-fast" waiting="0.00" lane="left_1" pos="15.18" speed="65.37" angle="157.16" x="5.65" y="33.67"/>
        <vehicle id="cfm-fast_1" eclass="HBEFA3/PC_G_EU4" CO2="0.00" CO="0.00" HC="0.00" NOx="0.00" PMx="0.00" fuel="0.00" electricity="0.00" noise="70.15" route="routetop" type="cfm-fast" waiting="0.00" lane="top_0" pos="21.83" speed="23.17" angle="235.19" x="20.21" y="116.75"/>
        <vehicle id="cfm-fast_2" eclass="HBEFA3/PC_G_EU4" CO2="6800.63" CO="65.35" HC="0.46" NOx="2.59" PMx="0.13" fuel="2.92" electricity="0.00" noise="71.28" route="routetop" type="cfm-fast" waiting="0.00" lane="top_0" pos="35.94" speed="23.07" angle="209.89" x="1.66" y="93.04"/>
        <vehicle id="cfm-fast_3" eclass="HBEFA3/PC_G_EU4" CO2="10079.58" CO="133.87" HC="0.86" NOx="4.12" PMx="0.22" fuel="4.33" electricity="0.00" noise="72.79" route="routetop" type="cfm-fast" waiting="0.00" lane="left_0" pos="0.01" speed="23.62" angle="184.47" x="-4.95" y="63.55"/>
        <vehicle id="cfm-fast_4" eclass="HBEFA3/PC_G_EU4" CO2="0.00" CO="0.00" HC="0.00" NOx="0.00" PMx="0.00" fuel="0.00" electricity="0.00" noise="86.08" route="routebottom" type="cfm-fast" waiting="0.00" lane="right_1" pos="38.66" speed="78.05" angle="294.91" x="86.44" y="124.86"/>
        <vehicle id="cfm-fast_5" eclass="HBEFA3/PC_G_EU4" CO2="12783.44" CO="192.12" HC="1.19" NOx="5.38" PMx="0.29" fuel="5.49" electricity="0.00" noise="74.30" route="routetop" type="cfm-fast" waiting="0.00" lane="left_0" pos="14.70" speed="24.66" angle="158.01" x="2.26" y="33.06"/>
        <vehicle id="cfm-slow_0" eclass="HBEFA3/PC_G_EU4" CO2="15105.31" CO="244.67" HC="1.49" NOx="6.44" PMx="0.36" fuel="6.49" electricity="0.00" noise="75.66" route="routetop" type="cfm-slow" waiting="0.00" lane="left_0" pos="30.47" speed="26.01" angle="129.63" x="24.15" y="7.58"/>
        <vehicle id="cfm-slow_1" eclass="HBEFA3/PC_G_EU4" CO2="16404.59" CO="278.82" HC="1.68" NOx="7.02" PMx="0.39" fuel="7.05" electricity="0.00" noise="76.52" route="routebottom" type="cfm-slow" waiting="0.00" lane="bottom_0" pos="1.63" speed="27.58" angle="91.55" x="67.26" y="-4.84"/>
        <vehicle id="cfm-slow_2" eclass="HBEFA3/PC_G_EU4" CO2="13751.77" CO="233.72" HC="1.41" NOx="5.73" PMx="0.33" fuel="5.91" electricity="0.00" noise="75.79" route="routebottom" type="cfm-slow" waiting="0.00" lane="bottom_0" pos="24.37" speed="29.16" angle="50.65" x="111.21" y="14.20"/>
        <vehicle id="cfm-slow_3" eclass="HBEFA3/PC_G_EU4" CO2="0.00" CO="0.00" HC="0.00" NOx="0.00" PMx="0.00" fuel="0.00" electricity="0.00" noise="73.52" route="routebottom" type="cfm-slow" waiting="0.00" lane="bottom_0" pos="48.68" speed="30.18" angle="6.93" x="132.21" y="60.74"/>
        <vehicle id="cfm-slow_4" eclass="HBEFA3/PC_G_EU4" CO2="0.00" CO="0.00" HC="0.00" NOx="0.00" PMx="0.00" fuel="0.00" electricity="0.00" noise="72.11" route="routebottom" type="cfm-slow" waiting="0.00" lane="right_0" pos="23.96" speed="29.71" angle="321.35" x="113.72" y="110.56"/>
        <vehicle id="cfm-slow_5" eclass="HBEFA3/PC_G_EU4" CO2="0.00" CO="0.00" HC="0.00" NOx="0.00" PMx="0.00" fuel="0.00" electricity="0.00" noise="70.79" route="routebottom" type="cfm-slow" waiting="0.00" lane="right_0" pos="48.61" speed="27.29" angle="277.05" x="66.75" y="132.20"/>
    </timestep>
    <timestep time="9.24">
        <vehicle id="cfm-fast_0" eclass="HBEFA3/PC_G_EU4" CO2="260671.52" CO="6112.68" HC="34.41" NOx="121.60" PMx="7.13" fuel="112.05" electricity="0.00" noise="146.46" route="routetop" type="cfm-fast" waiting="0.00" lane="left_1" pos="15.84" speed="65.51" angle="156.02" x="6.28" y="32.48"/>
        <vehicle id="cfm-fast_1" eclass="HBEFA3/PC_G_EU4" CO2="0.00" CO="0.00" HC="0.00" NOx="0.00" PMx="0.00" fuel="0.00" electricity="0.00" noise="70.16" route="routetop" type="cfm-fast" waiting="0.00" lane="top_0" pos="22.06" speed="23.17" angle="234.76" x="19.83" y="116.43"/>
        <vehicle id="cfm-fast_2" eclass="HBEFA3/PC_G_EU4" CO2="6832.81" CO="66.02" HC="0.47" NOx="2.60" PMx="0.13" fuel="2.94" electricity="0.00" noise="71.29" route="routetop" type="cfm-fast" waiting="0.00" lane="top_0" pos="36.17" speed="23.08" angle="209.46" x="1.45" y="92.59"/>
        <vehicle id="cfm-fast_3" eclass="HBEFA3/PC_G_EU4" CO2="10105.58" CO="134.43" HC="0.86" NOx="4.14" PMx="0.22" fuel="4.34" electricity="0.00" noise="72.81" route="routetop" type="cfm-fast" waiting="0.00" lane="left_0" pos="0.24" speed="23.63" angle="184.04" x="-4.94" y="63.05"/>
        <vehicle id="cfm-fast_4" eclass="HBEFA3/PC_G_EU4" CO2="0.00" CO="0.00" HC="0.00" NOx="0.00" PMx="0.00" fuel="0.00" electricity="0.00" noise="86.08" route="routebottom" type="cfm-fast" waiting="0.00" lane="right_1" pos="39.44" speed="78.00" angle="293.52" x="84.94" y="125.40"/>
        <vehicle id="cfm-fast_5" eclass="HBEFA3/PC_G_EU4" CO2="12805.60" CO="192.61" HC="1.20" NOx="5.39" PMx="0.29" fuel="5.50" electricity="0.00" noise="74.31" route="routetop" type="cfm-fast" waiting="0.00" lane="left_0" pos="14.95" speed="24.67" angle="157.55" x="2.50" y="32.59"/>
        <vehicle id="cfm-slow_0" eclass="HBEFA3/PC_G_EU4" CO2="15118.59" CO="245.00" HC="1.49" NOx="6.45" PMx="0.36" fuel="6.50" electricity="0.00" noise="75.66" route="routetop" type="cfm-slow" waiting="0.00" lane="left_0" pos="30.73" speed="26.03" angle="129.20" x="24.60" y="7.26"/>
        <vehicle id="cfm-slow_1" eclass="HBEFA3/PC_G_EU4" CO2="16382.77" CO="278.45" HC="1.68" NOx="7.01" PMx="0.39" fuel="7.04" electricity="0.00" noise="76.51" route="routebottom" type="cfm-slow" waiting="0.00" lane="bottom_0" pos="1.90" speed="27.60" angle="91.06" x="67.85" y="-4.81"/>
        <vehicle id="cfm-slow_2" eclass="HBEFA3/PC_G_EU4" CO2="13656.31" CO="231.82" HC="1.40" NOx="5.69" PMx="0.33" fuel="5.87" electricity="0.00" noise="75.76" route="routebottom" type="cfm-slow" waiting="0.00" lane="bottom_0" pos="24.66" speed="29.17" angle="50.11" x="111.65" y="14.64"/>
        <vehicle id="cfm-slow_3" eclass="HBEFA3/PC_G_EU4" CO2="0.00" CO="0.00" HC="0.00" NOx="0.00" PMx="0.00" fuel="0.00" electricity="0.00" noise="73.49" route="routebottom" type="cfm-slow" waiting="0.00" lane="bottom_0" pos="48.99" speed="30.18" angle="6.40" x="132.23" y="61.39"/>
        <vehicle id="cfm-slow_4" eclass="HBEFA3/PC_G_EU4" CO2="0.00" CO="0.00" HC="0.00" NOx="0.00" PMx="0.00" fuel="0.00" electricity="0.00" noise="72.10" route="routebottom" type="cfm-slow" waiting="0.00" lane="right_0" pos="24.26" speed="29.68" angle="320.82" x="113.29" y="111.03"/>
        <vehicle id="cfm-slow_5" eclass="HBEFA3/PC_G_EU4" CO2="0.00" CO="0.00" HC="0.00" NOx="0.00" PMx="0.00" fuel="0.00" electricity="0.00" noise="70.78" route="routebottom" type="cfm-slow" waiting="0.00" lane="right_0" pos="48.88" speed="27.26" angle="276.60" x="66.17" y="132.22"/>
    </timestep>
    <timestep time="9.25">
        <vehicle id="cfm-fast_0" eclass="HBEFA3/PC_G_EU4" CO2="261278.93" CO="6130.25" HC="34.50" NOx="121.88" PMx="7.15" fuel="112.31" electricity="0.00" noise="146.53" route="routetop" type="cfm-fast" waiting="0.00" lane="left_1" pos="16.49" speed="65.65" angle="154.81" x="6.94" y="31.31"/>
        <vehicle id="cfm-fast_1" eclass="HBEFA3/PC_G_EU4" CO2="0.00" CO="0.00" HC="0.00" NOx="0.00" PMx="0.00" fuel="0.00" electricity="0.00" noise="70.16" route="routetop" type="cfm-fast" waiting="0.00" lane="top_0" pos="22.29" speed="23.17" angle="234.33" x="19.45" y="116.11"/>
        <vehicle id="cfm-fast_2" eclass="HBEFA3/PC_G_EU4" CO2="6864.92" CO="66.69" HC="0.47" NOx="2.62" PMx="0.13" fuel="2.95" electricity="0.00" noise="71.31" route="routetop" type="cfm-fast" waiting="0.00" lane="top_0" pos="36.40" speed="23.08" angle="209.02" x="1.25" y="92.13"/>
        <vehicle id="cfm-fast_3" eclass="HBEFA3/PC_G_EU4" CO2="10131.55" CO="134.98" HC="0.87" NOx="4.15" PMx="0.22" fuel="4.36" electricity="0.00" noise="72.82" route="routetop" type="cfm-fast" waiting="0.00" lane="left_0" pos="0.48" speed="23.64" angle="183.61" x="-4.93" y="62.54"/>
        <vehicle id="cfm-fast_4" eclass="HBEFA3/PC_G_EU4" CO2="0.00" CO="0.00" HC="0.00" NOx="0.00" PMx="0.00" fuel="0.00" electricity="0.00" noise="86.09" route="routebottom" type="cfm-fast" waiting="0.00" lane="right_1" pos="40.22" speed="77.95" angle="292.15" x="83.43" y="125.91"/>
        <vehicle id="cfm-fast_5" eclass="HBEFA3/PC_G_EU4" CO2="12827.68" CO="193.11" HC="1.20" NOx="5.40" PMx="0.29" fuel="5.51" electricity="0.00" noise="74.32" route="routetop" type="cfm-fast" waiting="0.00" lane="left_0" pos="15.19" speed="24.68" angle="157.09" x="2.74" y="32.11"/>
        <vehicle id="cfm-slow_0" eclass="HBEFA3/PC_G_EU4" CO2="15131.55" CO="245.33" HC="1.49" NOx="6.45" PMx="0.36" fuel="6.50" electricity="0.00" noise="75.67" route="routetop" type="cfm-slow" waiting="0.00" lane="left_0" pos="30.99" speed="26.05" angle="128.75" x="25.07" y="6.94"/>
        <vehicle id="cfm-slow_1" eclass="HBEFA3/PC_G_EU4" CO2="16360.27" CO="278.07" HC="1.68" NOx="7.00" PMx="0.39" fuel="7.03" electricity="0.00" noise="76.50" route="routebottom" type="cfm-slow" waiting="0.00" lane="bottom_0" pos="2.18" speed="27.61" angle="90.56" x="68.44" y="-4.77"/>
        <vehicle id="cfm-slow_2" eclass="HBEFA3/PC_G_EU4" CO2="13560.27" CO="229.92" HC="1.39" NOx="5.64" PMx="0.33" fuel="5.83" electricity="0.00" noise="75.73" route="routebottom" type="cfm-slow" waiting="0.00" lane="bottom_0" pos="24.95" speed="29.18" angle="49.57" x="112.10" y="15.09"/>
        <vehicle id="cfm-slow_3" eclass="HBEFA3/PC_G_EU4" CO2="0.00" CO="0.00" HC="0.00" NOx="0.00" PMx="0.00" fuel="0.00" electricity="0.00" noise="73.47" route="routebottom" type="cfm-slow" waiting="0.00" lane="bottom_0" pos="49.29" speed="30.17" angle="5.83" x="132.24" y="62.04"/>
        <vehicle id="cfm-slow_4" eclass="HBEFA3/PC_G_EU4" CO2="0.00" CO="0.00" HC="0.00" NOx="0.00" PMx="0.00" fuel="0.00" electricity="0.00" noise="72.08" route="routebottom" type="cfm-slow" waiting="0.00" lane="right_0" pos="24.55" speed="29.66" angle="320.32" x="112.85" y="111.48"/>
        <vehicle id="cfm-slow_5" eclass="HBEFA3/PC_G_EU4" CO2="0.00" CO="0.00" HC="0.00" NOx="0.00" PMx="0.00" fuel="0.00" electricity="0.00" noise="70.76" route="routebottom" type="cfm-slow" waiting="0.00" lane="right_0" pos="49.15" speed="27.23" angle="276.10" x="65.58" y="132.24"/>
    </timestep>
    <timestep time="9.26">
        <vehicle id="cfm-fast_0" eclass="HBEFA3/PC_G_EU4" CO2="261886.64" CO="6147.84" HC="34.60" NOx="122.17" PMx="7.17" fuel="112.57" electricity="0.00" noise="146.59" route="routetop" type="cfm-fast" waiting="0.00" lane="left_1" pos="17.15" speed="65.78" angle="153.63" x="7.62" y="30.14"/>
        <vehicle id="cfm-fast_1" eclass="HBEFA3/PC_G_EU4" CO2="0.00" CO="0.00" HC="0.00" NOx="0.00" PMx="0.00" fuel="0.00" electricity="0.00" noise="70.17" route="routetop" type="cfm-fast" waiting="0.00" lane="top_0" pos="22.52" speed="23.17" angle="233.89" x="19.07" y="115.79"/>
        <vehicle id="cfm-fast_2" eclass="HBEFA3/PC_G_EU4" CO2="6896.97" CO="67.36" HC="0.48" NOx="2.63" PMx="0.13" fuel="2.96" electricity="0.00" noise="71.32" route="routetop" type="cfm-fast" waiting="0.00" lane="top_0" pos="36.63" speed="23.09" angle="208.59" x="1.04" y="91.68"/>
        <vehicle id="cfm-fast_3" eclass="HBEFA3/PC_G_EU4" CO2="10157.48" CO="135.54" HC="0.87" NOx="4.16" PMx="0.22" fuel="4.37" electricity="0.00" noise="72.84" route="routetop" type="cfm-fast" waiting="0.00" lane="left_0" pos="0.72" speed="23.65" angle="183.18" x="-4.92" y="62.03"/>
        <vehicle id="cfm-fast_4" eclass="HBEFA3/PC_G_EU4" CO2="0.00" CO="0.00" HC="0.00" NOx="0.00" PMx="0.00" fuel="0.00" electricity="0.00" noise="86.10" route="routebottom" type="cfm-fast" waiting="0.00" lane="right_1" pos="41.00" speed="77.91" angle="290.74" x="81.90" y="126.38"/>
        <vehicle id="cfm-fast_5" eclass="HBEFA3/PC_G_EU4" CO2="12849.69" CO="193.60" HC="1.20" NOx="5.41" PMx="0.29" fuel="5.52" electricity="0.00" noise="74.34" route="routetop" type="cfm-fast" waiting="0.00" lane="left_0" pos="15.44" speed="24.70" angle="156.70" x="2.98" y="31.64"/>
        <vehicle id="cfm-slow_0" eclass="HBEFA3/PC_G_EU4" CO2="15144.20" CO="245.66" HC="1.50" NOx="6.46" PMx="0.36" fuel="6.51" electricity="0.00" noise="75.68" route="routetop" type="cfm-slow" waiting="0.00" lane="left_0" pos="31.25" speed="26.06" angle="128.28" x="25.53" y="6.63"/>
        <vehicle id="cfm-slow_1" eclass="HBEFA3/PC_G_EU4" CO2="16337.10" CO="277.68" HC="1.67" NOx="6.99" PMx="0.39" fuel="7.02" electricity="0.00" noise="76.49" route="routebottom" type="cfm-slow" waiting="0.00" lane="bottom_0" pos="2.46" speed="27.63" angle="90.07" x="69.04" y="-4.74"/>
        <vehicle id="cfm-slow_2" eclass="HBEFA3/PC_G_EU4" CO2="13463.67" CO="228.00" HC="1.38" NOx="5.60" PMx="0.32" fuel="5.79" electricity="0.00" noise="75.70" route="routebottom" type="cfm-slow" waiting="0.00" lane="bottom_0" pos="25.24" speed="29.19" angle="49.03" x="112.54" y="15.53"/>
        <vehicle id="cfm-slow_3" eclass="HBEFA3/PC_G_EU4" CO2="0.00" CO="0.00" HC="0.00" NOx="0.00" PMx="0.00" fuel="0.00" electricity="0.00" noise="73.45" route="routebottom" type="cfm-slow" waiting="0.00" lane="bottom_0" pos="49.59" speed="30.17" angle="5.27" x="132.25" y="62.69"/>
        <vehicle id="cfm-slow_4" eclass="HBEFA3/PC_G_EU4" CO2="0.00" CO="0.00" HC="0.00" NOx="0.00" PMx="0.00" fuel="0.00" electricity="0.00" noise="72.07" route="routebottom" type="cfm-slow" waiting="0.00" lane="right_0" pos="24.85" speed="29.64" angle="319.77" x="112.40" y="111.93"/>
        <vehicle id="cfm-slow_5" eclass="HBEFA3/PC_G_EU4" CO2="0.00" CO="0.00" HC="0.00" NOx="0.00" PMx="0.00" fuel="0.00" electricity="0.00" noise="70.75" route="routebottom" type="cfm-slow" waiting="0.00" lane="right_0" pos="49.42" speed="27.21" angle="275.59" x="65.00" y="132.25"/>
    </timestep>
    <timestep time="9.27">
        <vehicle id="cfm-fast_0" eclass="HBEFA3/PC_G_EU4" CO2="262494.64" CO="6165.45" HC="34.69" NOx="122.45" PMx="7.19" fuel="112.83" electricity="0.00" noise="146.66" route="routetop" type="cfm-fast" waiting="0.00" lane="left_1" pos="17.81" speed="65.92" angle="152.40" x="8.32" y="28.99"/>
        <vehicle id="cfm-fast_1" eclass="HBEFA3/PC_G_EU4" CO2="0.00" CO="0.00" HC="0.00" NOx="0.00" PMx="0.00" fuel="0.00" electricity="0.00" noise="70.18" route="routetop" type="cfm-fast" waiting="0.00" lane="top_0" pos="22.75" speed="23.17" angle="233.46" x="18.69" y="115.47"/>
        <vehicle id="cfm-fast_2" eclass="HBEFA3/PC_G_EU4" CO2="6928.97" CO="68.02" HC="0.48" NOx="2.65" PMx="0.14" fuel="2.98" electricity="0.00" noise="71.33" route="routetop" type="cfm-fast" waiting="0.00" lane="top_0" pos="36.86" speed="23.09" angle="208.16" x="0.84" y="91.23"/>
        <vehicle id="cfm-fast_3" eclass="HBEFA3/PC_G_EU4" CO2="10183.38" CO="136.09" HC="0.87" NOx="4.17" PMx="0.22" fuel="4.38" electricity="0.00" noise="72.85" route="routetop" type="cfm-fast" waiting="0.00" lane="left_0" pos="0.95" speed="23.66" angle="182.75" x="-4.90" y="61.52"/>
        <vehicle id="cfm-fast_4" eclass="HBEFA3/PC_G_EU4" CO2="0.00" CO="0.00" HC="0.00" NOx="0.00" PMx="0.00" fuel="0.00" electricity="0.00" noise="86.11" route="routebottom" type="cfm-fast" waiting="0.00" lane="right_1" pos="41.78" speed="77.87" angle="289.29" x="80.36" y="126.79"/>
        <vehicle id="cfm-fast_5" eclass="HBEFA3/PC_G_EU4" CO2="12871.62" CO="194.09" HC="1.20" NOx="5.42" PMx="0.29" fuel="5.53" electricity="0.00" noise="74.35" route="routetop" type="cfm-fast" waiting="0.00" lane="left_0" pos="15.69" speed="24.71" angle="156.24" x="3.24" y="31.18"/>
        <vehicle id="cfm-slow_0" eclass="HBEFA3/PC_G_EU4" CO2="15156.54" CO="245.97" HC="1.50" NOx="6.46" PMx="0.36" fuel="6.52" electricity="0.00" noise="75.69" route="routetop" type="cfm-slow" waiting="0.00" lane="left_0" pos="31.51" speed="26.08" angle="127.80" x="26.00" y="6.32"/>
        <vehicle id="cfm-slow_1" eclass="HBEFA3/PC_G_EU4" CO2="16313.25" CO="277.28" HC="1.67" NOx="6.98" PMx="0.39" fuel="7.01" electricity="0.00" noise="76.49" route="routebottom" type="cfm-slow" waiting="0.00" lane="bottom_0" pos="2.73" speed="27.65" angle="89.59" x="69.63" y="-4.68"/>
        <vehicle id="cfm-slow_2" eclass="HBEFA3/PC_G_EU4" CO2="13366.52" CO="226.07" HC="1.37" NOx="5.55" PMx="0.32" fuel="5.75" electricity="0.00" noise="75.67" route="routebottom" type="cfm-slow" waiting="0.00" lane="bottom_0" pos="25.54" speed="29.20" angle="48.50" x="112.99" y="15.98"/>
        <vehicle id="cfm-slow_3" eclass="HBEFA3/PC_G_EU4" CO2="0.00" CO="0.00" HC="0.00" NOx="0.00" PMx="0.00" fuel="0.00" electricity="0.00" noise="73.42" route="routebottom" type="cfm-slow" waiting="0.00" lane="bottom_0" pos="49.89" speed="30.17" angle="4.71" x="132.27" y="63.34"/>
        <vehicle id="cfm-slow_4" eclass="HBEFA3/PC_G_EU4" CO2="0.00" CO="0.00" HC="0.00" NOx="0.00" PMx="0.00" fuel="0.00" electricity="0.00" noise="72.06" route="routebottom" type="cfm-slow" waiting="0.00" lane="right_0" pos="25.14" speed="29.62" angle="319.22" x="111.94" y="112.39"/>
        <vehicle id="cfm-slow_5" eclass="HBEFA3/PC_G_EU4" CO2="0.00" CO="0.00" HC="0.00" NOx="0.00" PMx="0.00" fuel="0.00" electricity="0.00" noise="70.74" route="routebottom" type="cfm-slow" waiting="0.00" lane="right_0" pos="49.70" speed="27.18" angle="275.08" x="64.41" y="132.26"/>
    </timestep>
    <timestep time="9.28">
        <vehicle id="cfm-fast_0" eclass="HBEFA3/PC_G_EU4" CO2="263102.93" CO="6183.09" HC="34.79" NOx="122.74" PMx="7.21" fuel="113.09" electricity="0.00" noise="146.72" route="routetop" type="cfm-fast" waiting="0.00" lane="left_1" pos="18.47" speed="66.06" angle="151.21" x="9.06" y="27.85"/>
        <vehicle id="cfm-fast_1" eclass="HBEFA3/PC_G_EU4" CO2="0.00" CO="0.00" HC="0.00" NOx="0.00" PMx="0.00" fuel="0.00" electricity="0.00" noise="70.19" route="routetop" type="cfm-fast" waiting="0.00" lane="top_0" pos="22.99" speed="23.16" angle="233.05" x="18.31" y="115.14"/>
        <vehicle id="cfm-fast_2" eclass="HBEFA3/PC_G_EU4" CO2="6960.90" CO="68.69" HC="0.48" NOx="2.66" PMx="0.14" fuel="2.99" electricity="0.00" noise="71.35" route="routetop" type="cfm-fast" waiting="0.00" lane="top_0" pos="37.09" speed="23.10" angle="207.74" x="0.64" y="90.78"/>
        <vehicle id="cfm-fast_3" eclass="HBEFA3/PC_G_EU4" CO2="10209.24" CO="136.65" HC="0.87" NOx="4.18" PMx="0.22" fuel="4.39" electricity="0.00" noise="72.87" route="routetop" type="cfm-fast" waiting="0.00" lane="left_0" pos="1.19" speed="23.67" angle="182.32" x="-4.89" y="61.01"/>
        <vehicle id="cfm-fast_4" eclass="HBEFA3/PC_G_EU4" CO2="0.00" CO="0.00" HC="0.00" NOx="0.00" PMx="0.00" fuel="0.00" electricity="0.00" noise="86.12" route="routebottom" type="cfm-fast" waiting="0.00" lane="right_1" pos="42.56" speed="77.82" angle="287.92" x="78.81" y="127.18"/>
        <vehicle id="cfm-fast_5" eclass="HBEFA3/PC_G_EU4" CO2="12893.47" CO="194.58" HC="1.21" NOx="5.43" PMx="0.29" fuel="5.54" electricity="0.00" noise="74.36" route="routetop" type="cfm-fast" waiting="0.00" lane="left_0" pos="15.93" speed="24.72" angle="155.79" x="3.50" y="30.71"/>
        <vehicle id="cfm-slow_0" eclass="HBEFA3/PC_G_EU4" CO2="15168.56" CO="246.29" HC="1.50" NOx="6.47" PMx="0.36" fuel="6.52" electricity="0.00" noise="75.70" route="routetop" type="cfm-slow" waiting="0.00" lane="left_0" pos="31.77" speed="26.09" angle="127.33" x="26.47" y="6.01"/>
        <vehicle id="cfm-slow_1" eclass="HBEFA3/PC_G_EU4" CO2="16288.72" CO="276.86" HC="1.67" NOx="6.96" PMx="0.39" fuel="7.00" electricity="0.00" noise="76.48" route="routebottom" type="cfm-slow" waiting="0.00" lane="bottom_0" pos="3.01" speed="27.66" angle="89.10" x="70.22" y="-4.62"/>
        <vehicle id="cfm-slow_2" eclass="HBEFA3/PC_G_EU4" CO2="13268.83" CO="224.12" HC="1.36" NOx="5.50" PMx="0.32" fuel="5.70" electricity="0.00" noise="75.64" route="routebottom" type="cfm-slow" waiting="0.00" lane="bottom_0" pos="25.83" speed="29.21" angle="48.01" x="113.42" y="16.43"/>
        <vehicle id="cfm-slow_3" eclass="HBEFA3/PC_G_EU4" CO2="0.00" CO="0.00" HC="0.00" NOx="0.00" PMx="0.00" fuel="0.00" electricity="0.00" noise="73.40" route="routebottom" type="cfm-slow" waiting="0.00" lane="right_0" pos="0.19" speed="30.16" angle="4.12" x="132.26" y="64.18"/>
        <vehicle id="cfm-slow_4" eclass="HBEFA3/PC_G_EU4" CO2="0.00" CO="0.00" HC="0.00" NOx="0.00" PMx="0.00" fuel="0.00" electricity="0.00" noise="72.05" route="routebottom" type="cfm-slow" waiting="0.00" lane="right_0" pos="25.44" speed="29.59" angle="318.67" x="111.49" y="112.84"/>
        <vehicle id="cfm-slow_5" eclass="HBEFA3/PC_G_EU4" CO2="0.00" CO="0.00" HC="0.00" NOx="0.00" PMx="0.00" fuel="0.00" electricity="0.00" noise="70.73" route="routebottom" type="cfm-slow" waiting="0.00" lane="right_0" pos="49.97" speed="27.15" angle="274.60" x="63.83" y="132.27"/>
    </timestep>
    <timestep time="9.29">
        <vehicle id="cfm-fast_0" eclass="HBEFA3/PC_G_EU4" CO2="263711.51" CO="6200.74" HC="34.89" NOx="123.02" PMx="7.22" fuel="113.36" electricity="0.00" noise="146.79" route="routetop" type="cfm-fast" waiting="0.00" lane="left_1" pos="19.13" speed="66.19" angle="149.97" x="9.81" y="26.72"/>
        <vehicle id="cfm-fast_1" eclass="HBEFA3/PC_G_EU4" CO2="0.00" CO="0.00" HC="0.00" NOx="0.00" PMx="0.00" fuel="0.00" electricity="0.00" noise="70.20" route="routetop" type="cfm-fast" waiting="0.00" lane="top_0" pos="23.22" speed="23.16" angle="232.69" x="17.94" y="114.81"/>
        <vehicle id="cfm-fast_2" eclass="HBEFA3/PC_G_EU4" CO2="6992.77" CO="69.35" HC="0.49" NOx="2.68" PMx="0.14" fuel="3.01" electricity="0.00" noise="71.36" route="routetop" type="cfm-fast" waiting="0.00" lane="top_0" pos="37.32" speed="23.10" angle="207.37" x="0.44" y="90.32"/>
        <vehicle id="cfm-fast_3" eclass="HBEFA3/PC_G_EU4" CO2="10235.07" CO="137.20" HC="0.88" NOx="4.20" PMx="0.22" fuel="4.40" electricity="0.00" noise="72.88" route="routetop" type="cfm-fast" waiting="0.00" lane="left_0" pos="1.43" speed="23.68" angle="181.91" x="-4.87" y="60.50"/>
        <vehicle id="cfm-fast_4" eclass="HBEFA3/PC_G_EU4" CO2="0.00" CO="0.00" HC="0.00" NOx="0.00" PMx="0.00" fuel="0.00" electricity="0.00" noise="86.13" route="routebottom" type="cfm-fast" waiting="0.00" lane="right_1" pos="43.34" speed="77.78" angle="286.55" x="77.25" y="127.54"/>
        <vehicle id="cfm-fast_5" eclass="HBEFA3/PC_G_EU4" CO2="12915.24" CO="195.07" HC="1.21" NOx="5.44" PMx="0.29" fuel="5.55" electricity="0.00" noise="74.38" route="routetop" type="cfm-fast" waiting="0.00" lane="left_0" pos="16.18" speed="24.74" angle="155.33" x="3.75" y="30.24"/>
        <vehicle id="cfm-slow_0" eclass="HBEFA3/PC_G_EU4" CO2="15180.26" CO="246.59" HC="1.50" NOx="6.47" PMx="0.36" fuel="6.53" electricity="0.00" noise="75.71" route="routetop" type="cfm-slow" waiting="0.00" lane="left_0" pos="32.03" speed="26.11" angle="126.92" x="26.94" y="5.70"/>
        <vehicle id="cfm-slow_1" eclass="HBEFA3/PC_G_EU4" CO2="16263.53" CO="276.42" HC="1.67" NOx="6.95" PMx="0.39" fuel="6.99" electricity="0.00" noise="76.47" route="routebottom" type="cfm-slow" waiting="0.00" lane="bottom_0" pos="3.29" speed="27.68" angle="88.60" x="70.81" y="-4.56"/>
        <vehicle id="cfm-slow_2" eclass="HBEFA3/PC_G_EU4" CO2="13170.62" CO="222.17" HC="1.34" NOx="5.46" PMx="0.32" fuel="5.66" electricity="0.00" noise="75.60" route="routebottom" type="cfm-slow" waiting="0.00" lane="bottom_0" pos="26.12" speed="29.22" angle="47.48" x="113.85" y="16.89"/>
        <vehicle id="cfm-slow_3" eclass="HBEFA3/PC_G_EU4" CO2="0.00" CO="0.00" HC="0.00" NOx="0.00" PMx="0.00" fuel="0.00" electricity="0.00" noise="73.38" route="routebottom" type="cfm-slow" waiting="0.00" lane="right_0" pos="0.50" speed="30.16" angle="3.57" x="132.25" y="64.82"/>
        <vehicle id="cfm-slow_4" eclass="HBEFA3/PC_G_EU4" CO2="0.00" CO="0.00" HC="0.00" NOx="0.00" PMx="0.00" fuel="0.00" electricity="0.00" noise="72.03" route="routebottom" type="cfm-slow" waiting="0.00" lane="right_0" pos="25.74" speed="29.57" angle="318.18" x="111.04" y="113.28"/>
        <vehicle id="cfm-slow_5" eclass="HBEFA3/PC_G_EU4" CO2="0.00" CO="0.00" HC="0.00" NOx="0.00" PMx="0.00" fuel="0.00" electricity="0.00" noise="70.71" route="routetop" type="cfm-slow" waiting="0.00" lane="top_0" pos="0.24" speed="27.12" angle="274.04" x="63.06" y="132.26"/>
    </timestep>
    <timestep time="9.30">
        <vehicle id="cfm-fast_0" eclass="HBEFA3/PC_G_EU4" CO2="264320.38" CO="6218.42" HC="34.98" NOx="123.31" PMx="7.24" fuel="113.62" electricity="0.00" noise="146.86" route="routetop" type="cfm-fast" waiting="0.00" lane="left_1" pos="19.80" speed="66.33" angle="148.79" x="10.60" y="25.62"/>
        <vehicle id="cfm-fast_1" eclass="HBEFA3/PC_G_EU4" CO2="0.00" CO="0.00" HC="0.00" NOx="0.00" PMx="0.00" fuel="0.00" electricity="0.00" noise="70.21" route="routetop" type="cfm-fast" waiting="0.00" lane="top_0" pos="23.45" speed="23.16" angle="232.27" x="17.57" y="114.47"/>
        <vehicle id="cfm-fast_2" eclass="HBEFA3/PC_G_EU4" CO2="7024.58" CO="70.02" HC="0.49" NOx="2.69" PMx="0.14" fuel="3.02" electricity="0.00" noise="71.38" route="routetop" type="cfm-fast" waiting="0.00" lane="top_0" pos="37.55" speed="23.11" angle="206.95" x="0.26" y="89.86"/>
        <vehicle id="cfm-fast_3" eclass="HBEFA3/PC_G_EU4" CO2="10260.86" CO="137.75" HC="0.88" NOx="4.21" PMx="0.22" fuel="4.41" electricity="0.00" noise="72.90" route="routetop" type="cfm-fast" waiting="0.00" lane="left_0" pos="1.66" speed="23.69" angle="181.49" x="-4.84" y="59.99"/>
        <vehicle id="cfm-fast_4" eclass="HBEFA3/PC_G_EU4" CO2="0.00" CO="0.00" HC="0.00" NOx="0.00" PMx="0.00" fuel="0.00" electricity="0.00" noise="86.15" route="routebottom" type="cfm-fast" waiting="0.00" lane="right_1" pos="44.11" speed="77.74" angle="285.14" x="75.69" y="127.85"/>
        <vehicle id="cfm-fast_5" eclass="HBEFA3/PC_G_EU4" CO2="12936.92" CO="195.56" HC="1.21" NOx="5.45" PMx="0.30" fuel="5.56" electricity="0.00" noise="74.39" route="routetop" type="cfm-fast" waiting="0.00" lane="left_0" pos="16.43" speed="24.75" angle="154.87" x="4.01" y="29.78"/>
        <vehicle id="cfm-slow_0" eclass="HBEFA3/PC_G_EU4" CO2="15191.63" CO="246.89" HC="1.50" NOx="6.48" PMx="0.36" fuel="6.53" electricity="0.00" noise="75.71" route="routetop" type="cfm-slow" waiting="0.00" lane="left_0" pos="32.30" speed="26.12" angle="126.44" x="27.42" y="5.41"/>
        <vehicle id="cfm-slow_1" eclass="HBEFA3/PC_G_EU4" CO2="16237.65" CO="275.97" HC="1.66" NOx="6.94" PMx="0.39" fuel="6.98" electricity="0.00" noise="76.46" route="routebottom" type="cfm-slow" waiting="0.00" lane="bottom_0" pos="3.56" speed="27.69" angle="88.10" x="71.41" y="-4.50"/>
        <vehicle id="cfm-slow_2" eclass="HBEFA3/PC_G_EU4" CO2="13071.90" CO="220.20" HC="1.33" NOx="5.41" PMx="0.31" fuel="5.62" electricity="0.00" noise="75.57" route="routebottom" type="cfm-slow" waiting="0.00" lane="bottom_0" pos="26.41" speed="29.23" angle="46.94" x="114.27" y="17.35"/>
        <vehicle id="cfm-slow_3" eclass="HBEFA3/PC_G_EU4" CO2="0.00" CO="0.00" HC="0.00" NOx="0.00" PMx="0.00" fuel="0.00" electricity="0.00" noise="73.35" route="routebottom" type="cfm-slow" waiting="0.00" lane="right_0" pos="0.80" speed="30.15" angle="3.03" x="132.24" y="65.47"/>
        <vehicle id="cfm-slow_4" eclass="HBEFA3/PC_G_EU4" CO2="0.00" CO="0.00" HC="0.00" NOx="0.00" PMx="0.00" fuel="0.00" electricity="0.00" noise="72.02" route="routebottom" type="cfm-slow" waiting="0.00" lane="right_0" pos="26.03" speed="29.55" angle="317.65" x="110.57" y="113.71"/>
        <vehicle id="cfm-slow_5" eclass="HBEFA3/PC_G_EU4" CO2="0.00" CO="0.00" HC="0.00" NOx="0.00" PMx="0.00" fuel="0.00" electricity="0.00" noise="70.70" route="routetop" type="cfm-slow" waiting="0.00" lane="top_0" pos="0.51" speed="27.09" angle="273.55" x="62.47" y="132.25"/>
    </timestep>
    <timestep time="9.31">
        <vehicle id="cfm-fast_0" eclass="HBEFA3/PC_G_EU4" CO2="264929.55" CO="6236.11" HC="35.08" NOx="123.59" PMx="7.26" fuel="113.88" electricity="0.00" noise="146.92" route="routetop" type="cfm-fast" waiting="0.00" lane="left_1" pos="20.46" speed="66.46" angle="147.62" x="11.39" y="24.51"/>
        <vehicle id="cfm-fast_1" eclass="HBEFA3/PC_G_EU4" CO2="0.00" CO="0.00" HC="0.00" NOx="0.00" PMx="0.00" fuel="0.00" electricity="0.00" noise="70.22" route="routetop" type="cfm-fast" waiting="0.00" lane="top_0" pos="23.68" speed="23.16" angle="231.85" x="17.21" y="114.14"/>
        <vehicle id="cfm-fast_2" eclass="HBEFA3/PC_G_EU4" CO2="7056.33" CO="70.68" HC="0.50" NOx="2.71" PMx="0.14" fuel="3.03" electricity="0.00" noise="71.39" route="routetop" type="cfm-fast" waiting="0.00" lane="top_0" pos="37.78" speed="23.11" angle="206.52" x="0.07" y="89.40"/>
        <vehicle id="cfm-fast_3" eclass="HBEFA3/PC_G_EU4" CO2="10286.62" CO="138.30" HC="0.88" NOx="4.22" PMx="0.22" fuel="4.42" electricity="0.00" noise="72.91" route="routetop" type="cfm-fast" waiting="0.00" lane="left_0" pos="1.90" speed="23.71" angle="181.06" x="-4.81" y="59.48"/>
        <vehicle id="cfm-fast_4" eclass="HBEFA3/PC_G_EU4" CO2="0.00" CO="0.00" HC="0.00" NOx="0.00" PMx="0.00" fuel="0.00" electricity="0.00" noise="86.17" route="routebottom" type="cfm-fast" waiting="0.00" lane="right_1" pos="44.89" speed="77.70" angle="283.71" x="74.12" y="128.13"/>
        <vehicle id="cfm-fast_5" eclass="HBEFA3/PC_G_EU4" CO2="12958.52" CO="196.04" HC="1.21" NOx="5.46" PMx="0.30" fuel="5.57" electricity="0.00" noise="74.40" route="routetop" type="cfm-fast" waiting="0.00" lane="left_0" pos="16.68" speed="24.76" angle="154.47" x="4.27" y="29.31"/>
        <vehicle id="cfm-slow_0" eclass="HBEFA3/PC_G_EU4" CO2="15202.68" CO="247.18" HC="1.50" NOx="6.48" PMx="0.36" fuel="6.53" electricity="0.00" noise="75.72" route="routetop" type="cfm-slow" waiting="0.00" lane="left_0" pos="32.56" speed="26.14" angle="125.95" x="27.90" y="5.12"/>
        <vehicle id="cfm-slow_1" eclass="HBEFA3/PC_G_EU4" CO2="16211.11" CO="275.51" HC="1.66" NOx="6.93" PMx="0.39" fuel="6.97" electricity="0.00" noise="76.45" route="routebottom" type="cfm-slow" waiting="0.00" lane="bottom_0" pos="3.84" speed="27.71" angle="87.62" x="72.00" y="-4.44"/>
        <vehicle id="cfm-slow_2" eclass="HBEFA3/PC_G_EU4" CO2="12972.67" CO="218.23" HC="1.32" NOx="5.36" PMx="0.31" fuel="5.58" electricity="0.00" noise="75.54" route="routebottom" type="cfm-slow" waiting="0.00" lane="bottom_0" pos="26.71" speed="29.24" angle="46.41" x="114.70" y="17.82"/>
        <vehicle id="cfm-slow_3" eclass="HBEFA3/PC_G_EU4" CO2="0.00" CO="0.00" HC="0.00" NOx="0.00" PMx="0.00" fuel="0.00" electricity="0.00" noise="73.33" route="routebottom" type="cfm-slow" waiting="0.00" lane="right_0" pos="1.10" speed="30.15" angle="2.48" x="132.23" y="66.12"/>
        <vehicle id="cfm-slow_4" eclass="HBEFA3/PC_G_EU4" CO2="0.00" CO="0.00" HC="0.00" NOx="0.00" PMx="0.00" fuel="0.00" electricity="0.00" noise="72.01" route="routebottom" type="cfm-slow" waiting="0.00" lane="right_0" pos="26.33" speed="29.52" angle="317.11" x="110.11" y="114.14"/>
        <vehicle id="cfm-slow_5" eclass="HBEFA3/PC_G_EU4" CO2="0.00" CO="0.00" HC="0.00" NOx="0.00" PMx="0.00" fuel="0.00" electricity="0.00" noise="70.69" route="routetop" type="cfm-slow" waiting="0.00" lane="top_0" pos="0.78" speed="27.06" angle="273.06" x="61.89" y="132.24"/>
    </timestep>
    <timestep time="9.32">
        <vehicle id="cfm-fast_0" eclass="HBEFA3/PC_G_EU4" CO2="265539.01" CO="6253.83" HC="35.18" NOx="123.88" PMx="7.28" fuel="114.14" electricity="0.00" noise="146.99" route="routetop" type="cfm-fast" waiting="0.00" lane="left_1" pos="21.13" speed="66.60" angle="146.44" x="12.23" y="23.43"/>
        <vehicle id="cfm-fast_1" eclass="HBEFA3/PC_G_EU4" CO2="0.00" CO="0.00" HC="0.00" NOx="0.00" PMx="0.00" fuel="0.00" electricity="0.00" noise="70.23" route="routetop" type="cfm-fast" waiting="0.00" lane="top_0" pos="23.91" speed="23.16" angle="231.44" x="16.84" y="113.80"/>
        <vehicle id="cfm-fast_2" eclass="HBEFA3/PC_G_EU4" CO2="7088.02" CO="71.34" HC="0.50" NOx="2.72" PMx="0.14" fuel="3.05" electricity="0.00" noise="71.40" route="routetop" type="cfm-fast" waiting="0.00" lane="top_0" pos="38.02" speed="23.12" angle="206.10" x="-0.11" y="88.93"/>
        <vehicle id="cfm-fast_3" eclass="HBEFA3/PC_G_EU4" CO2="10312.33" CO="138.86" HC="0.89" NOx="4.23" PMx="0.22" fuel="4.43" electricity="0.00" noise="72.92" route="routetop" type="cfm-fast" waiting="0.00" lane="left_0" pos="2.14" speed="23.72" angle="180.64" x="-4.78" y="58.97"/>
        <vehicle id="cfm-fast_4" eclass="HBEFA3/PC_G_EU4" CO2="0.00" CO="0.00" HC="0.00" NOx="0.00" PMx="0.00" fuel="0.00" electricity="0.00" noise="86.19" route="routebottom" type="cfm-fast" waiting="0.00" lane="right_1" pos="45.67" speed="77.66" angle="282.29" x="72.55" y="128.36"/>
        <vehicle id="cfm-fast_5" eclass="HBEFA3/PC_G_EU4" CO2="12980.02" CO="196.53" HC="1.22" NOx="5.47" PMx="0.30" fuel="5.58" electricity="0.00" noise="74.41" route="routetop" type="cfm-fast" waiting="0.00" lane="left_0" pos="16.92" speed="24.78" angle="154.02" x="4.54" y="28.85"/>
        <vehicle id="cfm-slow_0" eclass="HBEFA3/PC_G_EU4" CO2="15213.39" CO="247.47" HC="1.51" NOx="6.49" PMx="0.36" fuel="6.54" electricity="0.00" noise="75.73" route="routetop" type="cfm-slow" waiting="0.00" lane="left_0" pos="32.82" speed="26.15" angle="125.46" x="28.38" y="4.83"/>
        <vehicle id="cfm-slow_1" eclass="HBEFA3/PC_G_EU4" CO2="16183.89" CO="275.04" HC="1.66" NOx="6.91" PMx="0.39" fuel="6.96" electricity="0.00" noise="76.44" route="routebottom" type="cfm-slow" waiting="0.00" lane="bottom_0" pos="4.12" speed="27.72" angle="87.12" x="72.59" y="-4.36"/>
        <vehicle id="cfm-slow_2" eclass="HBEFA3/PC_G_EU4" CO2="12872.94" CO="216.24" HC="1.31" NOx="5.32" PMx="0.31" fuel="5.53" electricity="0.00" noise="75.51" route="routebottom" type="cfm-slow" waiting="0.00" lane="bottom_0" pos="27.00" speed="29.25" angle="45.94" x="115.12" y="18.28"/>
        <vehicle id="cfm-slow_3" eclass="HBEFA3/PC_G_EU4" CO2="0.00" CO="0.00" HC="0.00" NOx="0.00" PMx="0.00" fuel="0.00" electricity="0.00" noise="73.31" route="routebottom" type="cfm-slow" waiting="0.00" lane="right_0" pos="1.40" speed="30.14" angle="1.96" x="132.20" y="66.77"/>
        <vehicle id="cfm-slow_4" eclass="HBEFA3/PC_G_EU4" CO2="0.00" CO="0.00" HC="0.00" NOx="0.00" PMx="0.00" fuel="0.00" electricity="0.00" noise="72.00" route="routebottom" type="cfm-slow" waiting="0.00" lane="right_0" pos="26.62" speed="29.50" angle="316.57" x="109.64" y="114.57"/>
        <vehicle id="cfm-slow_5" eclass="HBEFA3/PC_G_EU4" CO2="0.00" CO="0.00" HC="0.00" NOx="0.00" PMx="0.00" fuel="0.00" electricity="0.00" noise="70.68" route="routetop" type="cfm-slow" waiting="0.00" lane="top_0" pos="1.05" speed="27.04" angle="272.57" x="61.31" y="132.23"/>
    </timestep>
    <timestep time="9.33">
        <vehicle id="cfm-fast_0" eclass="HBEFA3/PC_G_EU4" CO2="266148.76" CO="6271.57" HC="35.27" NOx="124.16" PMx="7.30" fuel="114.40" electricity="0.00" noise="147.05" route="routetop" type="cfm-fast" waiting="0.00" lane="left_1" pos="21.80" speed="66.74" angle="145.29" x="13.08" y="22.35"/>
        <vehicle id="cfm-fast_1" eclass="HBEFA3/PC_G_EU4" CO2="0.00" CO="0.00" HC="0.00" NOx="0.00" PMx="0.00" fuel="0.00" electricity="0.00" noise="70.24" route="routetop" type="cfm-fast" waiting="0.00" lane="top_0" pos="24.14" speed="23.16" angle="231.02" x="16.47" y="113.46"/>
        <vehicle id="cfm-fast_2" eclass="HBEFA3/PC_G_EU4" CO2="7119.65" CO="72.00" HC="0.50" NOx="2.74" PMx="0.14" fuel="3.06" electricity="0.00" noise="71.42" route="routetop" type="cfm-fast" waiting="0.00" lane="top_0" pos="38.25" speed="23.12" angle="205.67" x="-0.30" y="88.47"/>
        <vehicle id="cfm-fast_3" eclass="HBEFA3/PC_G_EU4" CO2="10338.02" CO="139.41" HC="0.89" NOx="4.24" PMx="0.23" fuel="4.44" electricity="0.00" noise="72.94" route="routetop" type="cfm-fast" waiting="0.00" lane="left_0" pos="2.38" speed="23.73" angle="180.21" x="-4.75" y="58.46"/>
        <vehicle id="cfm-fast_4" eclass="HBEFA3/PC_G_EU4" CO2="0.00" CO="0.00" HC="0.00" NOx="0.00" PMx="0.00" fuel="0.00" electricity="0.00" noise="86.22" route="routebottom" type="cfm-fast" waiting="0.00" lane="right_1" pos="46.44" speed="77.62" angle="280.94" x="70.97" y="128.56"/>
        <vehicle id="cfm-fast_5" eclass="HBEFA3/PC_G_EU4" CO2="13001.43" CO="197.01" HC="1.22" NOx="5.48" PMx="0.30" fuel="5.59" electricity="0.00" noise="74.43" route="routetop" type="cfm-fast" waiting="0.00" lane="left_0" pos="17.17" speed="24.79" angle="153.56" x="4.82" y="28.40"/>
        <vehicle id="cfm-slow_0" eclass="HBEFA3/PC_G_EU4" CO2="15223.77" CO="247.75" HC="1.51" NOx="6.49" PMx="0.36" fuel="6.54" electricity="0.00" noise="75.74" route="routetop" type="cfm-slow" waiting="0.00" lane="left_0" pos="33.08" speed="26.17" angle="124.98" x="28.86" y="4.54"/>
        <vehicle id="cfm-slow_1" eclass="HBEFA3/PC_G_EU4" CO2="16156.01" CO="274.55" HC="1.65" NOx="6.90" PMx="0.39" fuel="6.94" electricity="0.00" noise="76.43" route="routebottom" type="cfm-slow" waiting="0.00" lane="bottom_0" pos="4.39" speed="27.74" angle="86.62" x="73.18" y="-4.28"/>
        <vehicle id="cfm-slow_2" eclass="HBEFA3/PC_G_EU4" CO2="12772.74" CO="214.24" HC="1.30" NOx="5.27" PMx="0.31" fuel="5.49" electricity="0.00" noise="75.48" route="routebottom" type="cfm-slow" waiting="0.00" lane="bottom_0" pos="27.29" speed="29.26" angle="45.39" x="115.53" y="18.76"/>
        <vehicle id="cfm-slow_3" eclass="HBEFA3/PC_G_EU4" CO2="0.00" CO="0.00" HC="0.00" NOx="0.00" PMx="0.00" fuel="0.00" electricity="0.00" noise="73.29" route="routebottom" type="cfm-slow" waiting="0.00" lane="right_0" pos="1.70" speed="30.14" angle="1.42" x="132.16" y="67.42"/>
        <vehicle id="cfm-slow_4" eclass="HBEFA3/PC_G_EU4" CO2="0.00" CO="0.00" HC="0.00" NOx="0.00" PMx="0.00" fuel="0.00" electricity="0.00" noise="71.98" route="routebottom" type="cfm-slow" waiting="0.00" lane="right_0" pos="26.92" speed="29.48" angle="316.09" x="109.18" y="115.01"/>
        <vehicle id="cfm-slow_5" eclass="HBEFA3/PC_G_EU4" CO2="0.00" CO="0.00" HC="0.00" NOx="0.00" PMx="0.00" fuel="0.00" electricity="0.00" noise="70.66" route="routetop" type="cfm-slow" waiting="0.00" lane="top_0" pos="1.32" speed="27.01" angle="272.10" x="60.73" y="132.21"/>
    </timestep>
    <timestep time="9.34">
        <vehicle id="cfm-fast_0" eclass="HBEFA3/PC_G_EU4" CO2="266758.80" CO="6289.33" HC="35.37" NOx="124.45" PMx="7.31" fuel="114.67" electricity="0.00" noise="147.12" route="routetop" type="cfm-fast" waiting="0.00" lane="left_1" pos="22.46" speed="66.87" angle="144.04" x="13.96" y="21.31"/>
        <vehicle id="cfm-fast_1" eclass="HBEFA3/PC_G_EU4" CO2="0.00" CO="0.00" HC="0.00" NOx="0.00" PMx="0.00" fuel="0.00" electricity="0.00" noise="70.25" route="routetop" type="cfm-fast" waiting="0.00" lane="top_0" pos="24.38" speed="23.16" angle="230.66" x="16.11" y="113.12"/>
        <vehicle id="cfm-fast_2" eclass="HBEFA3/PC_G_EU4" CO2="7151.23" CO="72.66" HC="0.51" NOx="2.75" PMx="0.14" fuel="3.07" electricity="0.00" noise="71.43" route="routetop" type="cfm-fast" waiting="0.00" lane="top_0" pos="38.48" speed="23.13" angle="205.30" x="-0.48" y="88.01"/>
        <vehicle id="cfm-fast_3" eclass="HBEFA3/PC_G_EU4" CO2="10363.66" CO="139.96" HC="0.89" NOx="4.26" PMx="0.23" fuel="4.45" electricity="0.00" noise="72.95" route="routetop" type="cfm-fast" waiting="0.00" lane="left_0" pos="2.61" speed="23.74" angle="179.81" x="-4.71" y="57.95"/>
        <vehicle id="cfm-fast_4" eclass="HBEFA3/PC_G_EU4" CO2="0.00" CO="0.00" HC="0.00" NOx="0.00" PMx="0.00" fuel="0.00" electricity="0.00" noise="86.24" route="routebottom" type="cfm-fast" waiting="0.00" lane="right_1" pos="47.22" speed="77.58" angle="279.56" x="69.39" y="128.72"/>
        <vehicle id="cfm-fast_5" eclass="HBEFA3/PC_G_EU4" CO2="13022.75" CO="197.49" HC="1.22" NOx="5.49" PMx="0.30" fuel="5.60" electricity="0.00" noise="74.44" route="routetop" type="cfm-fast" waiting="0.00" lane="left_0" pos="17.42" speed="24.81" angle="153.11" x="5.09" y="27.94"/>
        <vehicle id="cfm-slow_0" eclass="HBEFA3/PC_G_EU4" CO2="15233.81" CO="248.02" HC="1.51" NOx="6.50" PMx="0.36" fuel="6.55" electricity="0.00" noise="75.74" route="routetop" type="cfm-slow" waiting="0.00" lane="left_0" pos="33.34" speed="26.19" angle="124.54" x="29.35" y="4.25"/>
        <vehicle id="cfm-slow_1" eclass="HBEFA3/PC_G_EU4" CO2="16127.45" CO="274.04" HC="1.65" NOx="6.89" PMx="0.39" fuel="6.93" electricity="0.00" noise="76.42" route="routebottom" type="cfm-slow" waiting="0.00" lane="bottom_0" pos="4.67" speed="27.75" angle="86.12" x="73.77" y="-4.19"/>
        <vehicle id="cfm-slow_2" eclass="HBEFA3/PC_G_EU4" CO2="12672.07" CO="212.23" HC="1.29" NOx="5.22" PMx="0.30" fuel="5.45" electricity="0.00" noise="75.45" route="routebottom" type="cfm-slow" waiting="0.00" lane="bottom_0" pos="27.58" speed="29.27" angle="44.84" x="115.94" y="19.24"/>
        <vehicle id="cfm-slow_3" eclass="HBEFA3/PC_G_EU4" CO2="0.00" CO="0.00" HC="0.00" NOx="0.00" PMx="0.00" fuel="0.00" electricity="0.00" noise="73.27" route="routebottom" type="cfm-slow" waiting="0.00" lane="right_0" pos="2.00" speed="30.13" angle="0.88" x="132.12" y="68.06"/>
        <vehicle id="cfm-slow_4" eclass="HBEFA3/PC_G_EU4" CO2="0.00" CO="0.00" HC="0.00" NOx="0.00" PMx="0.00" fuel="0.00" electricity="0.00" noise="71.97" route="routebottom" type="cfm-slow" waiting="0.00" lane="right_0" pos="27.21" speed="29.45" angle="315.54" x="108.69" y="115.42"/>
        <vehicle id="cfm-slow_5" eclass="HBEFA3/PC_G_EU4" CO2="0.00" CO="0.00" HC="0.00" NOx="0.00" PMx="0.00" fuel="0.00" electricity="0.00" noise="70.65" route="routetop" type="cfm-slow" waiting="0.00" lane="top_0" pos="1.59" speed="26.98" angle="271.62" x="60.15" y="132.18"/>
    </timestep>
    <timestep time="9.35">
        <vehicle id="cfm-fast_0" eclass="HBEFA3/PC_G_EU4" CO2="267369.13" CO="6307.12" HC="35.46" NOx="124.74" PMx="7.33" fuel="114.93" electricity="0.00" noise="147.19" route="routetop" type="cfm-fast" waiting="0.00" lane="left_1" pos="23.13" speed="67.01" angle="142.86" x="14.86" y="20.27"/>
        <vehicle id="cfm-fast_1" eclass="HBEFA3/PC_G_EU4" CO2="0.00" CO="0.00" HC="0.00" NOx="0.00" PMx="0.00" fuel="0.00" electricity="0.00" noise="70.25" route="routetop" type="cfm-fast" waiting="0.00" lane="top_0" pos="24.61" speed="23.16" angle="230.23" x="15.76" y="112.77"/>
        <vehicle id="cfm-fast_2" eclass="HBEFA3/PC_G_EU4" CO2="7182.74" CO="73.32" HC="0.51" NOx="2.77" PMx="0.14" fuel="3.09" electricity="0.00" noise="71.44" route="routetop" type="cfm-fast" waiting="0.00" lane="top_0" pos="38.71" speed="23.13" angle="204.87" x="-0.65" y="87.54"/>
        <vehicle id="cfm-fast_3" eclass="HBEFA3/PC_G_EU4" CO2="10389.27" CO="140.51" HC="0.90" NOx="4.27" PMx="0.23" fuel="4.47" electricity="0.00" noise="72.97" route="routetop" type="cfm-fast" waiting="0.00" lane="left_0" pos="2.85" speed="23.75" angle="179.38" x="-4.66" y="57.45"/>
        <vehicle id="cfm-fast_4" eclass="HBEFA3/PC_G_EU4" CO2="0.00" CO="0.00" HC="0.00" NOx="0.00" PMx="0.00" fuel="0.00" electricity="0.00" noise="86.27" route="routebottom" type="cfm-fast" waiting="0.00" lane="right_1" pos="47.99" speed="77.54" angle="278.15" x="67.80" y="128.83"/>
        <vehicle id="cfm-fast_5" eclass="HBEFA3/PC_G_EU4" CO2="13043.97" CO="197.97" HC="1.23" NOx="5.50" PMx="0.30" fuel="5.61" electricity="0.00" noise="74.45" route="routetop" type="cfm-fast" waiting="0.00" lane="left_0" pos="17.67" speed="24.82" angle="152.65" x="5.37" y="27.48"/>
        <vehicle id="cfm-slow_0" eclass="HBEFA3/PC_G_EU4" CO2="15243.50" CO="248.28" HC="1.51" NOx="6.50" PMx="0.36" fuel="6.55" electricity="0.00" noise="75.75" route="routetop" type="cfm-slow" waiting="0.00" lane="left_0" pos="33.60" speed="26.20" angle="124.07" x="29.84" y="3.97"/>
        <vehicle id="cfm-slow_1" eclass="HBEFA3/PC_G_EU4" CO2="16098.22" CO="273.53" HC="1.65" NOx="6.87" PMx="0.39" fuel="6.92" electricity="0.00" noise="76.41" route="routebottom" type="cfm-slow" waiting="0.00" lane="bottom_0" pos="4.95" speed="27.77" angle="85.61" x="74.37" y="-4.11"/>
        <vehicle id="cfm-slow_2" eclass="HBEFA3/PC_G_EU4" CO2="12570.95" CO="210.21" HC="1.27" NOx="5.17" PMx="0.30" fuel="5.40" electricity="0.00" noise="75.42" route="routebottom" type="cfm-slow" waiting="0.00" lane="bottom_0" pos="27.88" speed="29.28" angle="44.30" x="116.34" y="19.73"/>
        <vehicle id="cfm-slow_3" eclass="HBEFA3/PC_G_EU4" CO2="0.00" CO="0.00" HC="0.00" NOx="0.00" PMx="0.00" fuel="0.00" electricity="0.00" noise="73.25" route="routebottom" type="cfm-slow" waiting="0.00" lane="right_0" pos="2.30" speed="30.13" angle="0.34" x="132.09" y="68.71"/>
        <vehicle id="cfm-slow_4" eclass="HBEFA3/PC_G_EU4" CO2="0.00" CO="0.00" HC="0.00" NOx="0.00" PMx="0.00" fuel="0.00" electricity="0.00" noise="71.96" route="routebottom" type="cfm-slow" waiting="0.00" lane="right_0" pos="27.51" speed="29.43" angle="314.99" x="108.21" y="115.83"/>
        <vehicle id="cfm-slow_5" eclass="HBEFA3/PC_G_EU4" CO2="0.00" CO="0.00" HC="0.00" NOx="0.00" PMx="0.00" fuel="0.00" electricity="0.00" noise="70.64" route="routetop" type="cfm-slow" waiting="0.00" lane="top_0" pos="1.86" speed="26.95" angle="271.14" x="59.57" y="132.14"/>
    </timestep>
    <timestep time="9.36">
        <vehicle id="cfm-fast_0" eclass="HBEFA3/PC_G_EU4" CO2="267979.76" CO="6324.92" HC="35.56" NOx="125.02" PMx="7.35" fuel="115.19" electricity="0.00" noise="147.25" route="routetop" type="cfm-fast" waiting="0.00" lane="left_1" pos="23.81" speed="67.15" angle="141.65" x="15.79" y="19.25"/>
        <vehicle id="cfm-fast_1" eclass="HBEFA3/PC_G_EU4" CO2="0.00" CO="0.00" HC="0.00" NOx="0.00" PMx="0.00" fuel="0.00" electricity="0.00" noise="70.26" route="routetop" type="cfm-fast" waiting="0.00" lane="top_0" pos="24.84" speed="23.16" angle="229.81" x="15.40" y="112.41"/>
        <vehicle id="cfm-fast_2" eclass="HBEFA3/PC_G_EU4" CO2="7214.20" CO="73.98" HC="0.51" NOx="2.78" PMx="0.14" fuel="3.10" electricity="0.00" noise="71.46" route="routetop" type="cfm-fast" waiting="0.00" lane="top_0" pos="38.94" speed="23.14" angle="204.45" x="-0.82" y="87.07"/>
        <vehicle id="cfm-fast_3" eclass="HBEFA3/PC_G_EU4" CO2="10414.84" CO="141.06" HC="0.90" NOx="4.28" PMx="0.23" fuel="4.48" electricity="0.00" noise="72.98" route="routetop" type="cfm-fast" waiting="0.00" lane="left_0" pos="3.09" speed="23.76" angle="178.96" x="-4.61" y="56.94"/>
        <vehicle id="cfm-fast_4" eclass="HBEFA3/PC_G_EU4" CO2="0.00" CO="0.00" HC="0.00" NOx="0.00" PMx="0.00" fuel="0.00" electricity="0.00" noise="86.31" route="routebottom" type="cfm-fast" waiting="0.00" lane="right_1" pos="48.77" speed="77.51" angle="276.73" x="66.21" y="128.92"/>
        <vehicle id="cfm-fast_5" eclass="HBEFA3/PC_G_EU4" CO2="13065.10" CO="198.44" HC="1.23" NOx="5.51" PMx="0.30" fuel="5.62" electricity="0.00" noise="74.47" route="routetop" type="cfm-fast" waiting="0.00" lane="left_0" pos="17.92" speed="24.83" angle="152.25" x="5.64" y="27.02"/>
        <vehicle id="cfm-slow_0" eclass="HBEFA3/PC_G_EU4" CO2="15252.86" CO="248.54" HC="1.51" NOx="6.51" PMx="0.36" fuel="6.56" electricity="0.00" noise="75.76" route="routetop" type="cfm-slow" waiting="0.00" lane="left_0" pos="33.87" speed="26.22" angle="123.58" x="30.33" y="3.70"/>
        <vehicle id="cfm-slow_1" eclass="HBEFA3/PC_G_EU4" CO2="16068.33" CO="272.99" HC="1.65" NOx="6.86" PMx="0.39" fuel="6.91" electricity="0.00" noise="76.40" route="routebottom" type="cfm-slow" waiting="0.00" lane="bottom_0" pos="5.23" speed="27.78" angle="85.07" x="74.96" y="-4.02"/>
        <vehicle id="cfm-slow_2" eclass="HBEFA3/PC_G_EU4" CO2="12469.37" CO="208.18" HC="1.26" NOx="5.13" PMx="0.30" fuel="5.36" electricity="0.00" noise="75.39" route="routebottom" type="cfm-slow" waiting="0.00" lane="bottom_0" pos="28.17" speed="29.29" angle="43.79" x="116.75" y="20.21"/>
        <vehicle id="cfm-slow_3" eclass="HBEFA3/PC_G_EU4" CO2="0.00" CO="0.00" HC="0.00" NOx="0.00" PMx="0.00" fuel="0.00" electricity="0.00" noise="73.23" route="routebottom" type="cfm-slow" waiting="0.00" lane="right_0" pos="2.60" speed="30.12" angle="359.82" x="132.04" y="69.36"/>
        <vehicle id="cfm-slow_4" eclass="HBEFA3/PC_G_EU4" CO2="0.00" CO="0.00" HC="0.00" NOx="0.00" PMx="0.00" fuel="0.00" electricity="0.00" noise="71.95" route="routebottom" type="cfm-slow" waiting="0.00" lane="right_0" pos="27.80" speed="29.41" angle="314.44" x="107.73" y="116.24"/>
        <vehicle id="cfm-slow_5" eclass="HBEFA3/PC_G_EU4" CO2="0.00" CO="0.00" HC="0.00" NOx="0.00" PMx="0.00" fuel="0.00" electricity="0.00" noise="70.63" route="routetop" type="cfm-slow" waiting="0.00" lane="top_0" pos="2.13" speed="26.93" angle="270.65" x="58.99" y="132.11"/>
    </timestep>
    <timestep time="9.37">
        <vehicle id="cfm-fast_0" eclass="HBEFA3/PC_G_EU4" CO2="268590.68" CO="6342.75" HC="35.66" NOx="125.31" PMx="7.37" fuel="115.45" electricity="0.00" noise="147.32" route="routetop" type="cfm-fast" waiting="0.00" lane="left_1" pos="24.48" speed="67.28" angle="140.48" x="16.73" y="18.25"/>
        <vehicle id="cfm-fast_1" eclass="HBEFA3/PC_G_EU4" CO2="0.00" CO="0.00" HC="0.00" NOx="0.00" PMx="0.00" fuel="0.00" electricity="0.00" noise="70.27" route="routetop" type="cfm-fast" waiting="0.00" lane="top_0" pos="25.07" speed="23.16" angle="229.38" x="15.05" y="112.06"/>
        <vehicle id="cfm-fast_2" eclass="HBEFA3/PC_G_EU4" CO2="7245.59" CO="74.63" HC="0.52" NOx="2.80" PMx="0.14" fuel="3.11" electricity="0.00" noise="71.47" route="routetop" type="cfm-fast" waiting="0.00" lane="top_0" pos="39.17" speed="23.15" angle="204.02" x="-0.99" y="86.60"/>
        <vehicle id="cfm-fast_3" eclass="HBEFA3/PC_G_EU4" CO2="10440.36" CO="141.60" HC="0.90" NOx="4.29" PMx="0.23" fuel="4.49" electricity="0.00" noise="73.00" route="routetop" type="cfm-fast" waiting="0.00" lane="left_0" pos="3.33" speed="23.77" angle="178.53" x="-4.56" y="56.43"/>
        <vehicle id="cfm-fast_4" eclass="HBEFA3/PC_G_EU4" CO2="0.00" CO="0.00" HC="0.00" NOx="0.00" PMx="0.00" fuel="0.00" electricity="0.00" noise="86.34" route="routebottom" type="cfm-fast" waiting="0.00" lane="right_1" pos="49.54" speed="77.47" angle="275.30" x="64.63" y="128.95"/>
        <vehicle id="cfm-fast_5" eclass="HBEFA3/PC_G_EU4" CO2="13086.12" CO="198.92" HC="1.23" NOx="5.52" PMx="0.30" fuel="5.63" electricity="0.00" noise="74.48" route="routetop" type="cfm-fast" waiting="0.00" lane="left_0" pos="18.17" speed="24.85" angle="151.80" x="5.94" y="26.58"/>
        <vehicle id="cfm-slow_0" eclass="HBEFA3/PC_G_EU4" CO2="15261.86" CO="248.79" HC="1.51" NOx="6.51" PMx="0.36" fuel="6.56" electricity="0.00" noise="75.77" route="routetop" type="cfm-slow" waiting="0.00" lane="left_0" pos="34.13" speed="26.23" angle="123.10" x="30.83" y="3.43"/>
        <vehicle id="cfm-slow_1" eclass="HBEFA3/PC_G_EU4" CO2="16037.77" CO="272.45" HC="1.64" NOx="6.84" PMx="0.39" fuel="6.89" electricity="0.00" noise="76.39" route="routebottom" type="cfm-slow" waiting="0.00" lane="bottom_0" pos="5.50" speed="27.80" angle="84.56" x="75.54" y="-3.91"/>
        <vehicle id="cfm-slow_2" eclass="HBEFA3/PC_G_EU4" CO2="12367.37" CO="206.14" HC="1.25" NOx="5.08" PMx="0.30" fuel="5.32" electricity="0.00" noise="75.36" route="routebottom" type="cfm-slow" waiting="0.00" lane="bottom_0" pos="28.46" speed="29.30" angle="43.27" x="117.14" y="20.70"/>
        <vehicle id="cfm-slow_3" eclass="HBEFA3/PC_G_EU4" CO2="0.00" CO="0.00" HC="0.00" NOx="0.00" PMx="0.00" fuel="0.00" electricity="0.00" noise="73.20" route="routebottom" type="cfm-slow" waiting="0.00" lane="right_0" pos="2.91" speed="30.12" angle="359.28" x="131.98" y="70.00"/>
        <vehicle id="cfm-slow_4" eclass="HBEFA3/PC_G_EU4" CO2="0.00" CO="0.00" HC="0.00" NOx="0.00" PMx="0.00" fuel="0.00" electricity="0.00" noise="71.93" route="routebottom" type="cfm-slow" waiting="0.00" lane="right_0" pos="28.09" speed="29.38" angle="313.90" x="107.25" y="116.64"/>
        <vehicle id="cfm-slow_5" eclass="HBEFA3/PC_G_EU4" CO2="0.00" CO="0.00" HC="0.00" NOx="0.00" PMx="0.00" fuel="0.00" electricity="0.00" noise="70.61" route="routetop" type="cfm-slow" waiting="0.00" lane="top_0" pos="2.40" speed="26.90" angle="270.17" x="58.41" y="132.08"/>
    </timestep>
    <timestep time="9.38">
        <vehicle id="cfm-fast_0" eclass="HBEFA3/PC_G_EU4" CO2="269201.88" CO="6360.60" HC="35.76" NOx="125.59" PMx="7.39" fuel="115.72" electricity="0.00" noise="147.38" route="routetop" type="cfm-fast" waiting="0.00" lane="left_1" pos="25.15" speed="67.42" angle="139.23" x="17.71" y="17.27"/>
        <vehicle id="cfm-fast_1" eclass="HBEFA3/PC_G_EU4" CO2="0.00" CO="0.00" HC="0.00" NOx="0.00" PMx="0.00" fuel="0.00" electricity="0.00" noise="70.28" route="routetop" type="cfm-fast" waiting="0.00" lane="top_0" pos="25.30" speed="23.16" angle="228.96" x="14.70" y="111.71"/>
        <vehicle id="cfm-fast_2" eclass="HBEFA3/PC_G_EU4" CO2="7276.93" CO="75.29" HC="0.52" NOx="2.81" PMx="0.14" fuel="3.13" electricity="0.00" noise="71.49" route="routetop" type="cfm-fast" waiting="0.00" lane="top_0" pos="39.40" speed="23.15" angle="203.59" x="-1.16" y="86.13"/>
        <vehicle id="cfm-fast_3" eclass="HBEFA3/PC_G_EU4" CO2="10465.85" CO="142.15" HC="0.91" NOx="4.30" PMx="0.23" fuel="4.50" electricity="0.00" noise="73.01" route="routetop" type="cfm-fast" waiting="0.00" lane="left_0" pos="3.56" speed="23.78" angle="178.11" x="-4.50" y="55.92"/>
        <vehicle id="cfm-fast_4" eclass="HBEFA3/PC_G_EU4" CO2="0.00" CO="0.00" HC="0.00" NOx="0.00" PMx="0.00" fuel="0.00" electricity="0.00" noise="86.39" route="routetop" type="cfm-fast" waiting="0.00" lane="top_1" pos="0.32" speed="77.44" angle="273.91" x="62.98" y="128.96"/>
        <vehicle id="cfm-fast_5" eclass="HBEFA3/PC_G_EU4" CO2="13107.04" CO="199.39" HC="1.23" NOx="5.52" PMx="0.30" fuel="5.63" electricity="0.00" noise="74.49" route="routetop" type="cfm-fast" waiting="0.00" lane="left_0" pos="18.41" speed="24.86" angle="151.33" x="6.23" y="26.13"/>
        <vehicle id="cfm-slow_0" eclass="HBEFA3/PC_G_EU4" CO2="15270.52" CO="249.04" HC="1.51" NOx="6.51" PMx="0.36" fuel="6.56" electricity="0.00" noise="75.77" route="routetop" type="cfm-slow" waiting="0.00" lane="left_0" pos="34.39" speed="26.25" angle="122.62" x="31.32" y="3.16"/>
        <vehicle id="cfm-slow_1" eclass="HBEFA3/PC_G_EU4" CO2="16006.54" CO="271.89" HC="1.64" NOx="6.83" PMx="0.38" fuel="6.88" electricity="0.00" noise="76.38" route="routebottom" type="cfm-slow" waiting="0.00" lane="bottom_0" pos="5.78" speed="27.81" angle="84.06" x="76.13" y="-3.80"/>
        <vehicle id="cfm-slow_2" eclass="HBEFA3/PC_G_EU4" CO2="12264.94" CO="204.09" HC="1.24" NOx="5.03" PMx="0.29" fuel="5.27" electricity="0.00" noise="75.32" route="routebottom" type="cfm-slow" waiting="0.00" lane="bottom_0" pos="28.76" speed="29.31" angle="42.72" x="117.53" y="21.20"/>
        <vehicle id="cfm-slow_3" eclass="HBEFA3/PC_G_EU4" CO2="0.00" CO="0.00" HC="0.00" NOx="0.00" PMx="0.00" fuel="0.00" electricity="0.00" noise="73.18" route="routebottom" type="cfm-slow" waiting="0.00" lane="right_0" pos="3.21" speed="30.11" angle="358.74" x="131.91" y="70.65"/>
        <vehicle id="cfm-slow_4" eclass="HBEFA3/PC_G_EU4" CO2="0.00" CO="0.00" HC="0.00" NOx="0.00" PMx="0.00" fuel="0.00" electricity="0.00" noise="71.92" route="routebottom" type="cfm-slow" waiting="0.00" lane="right_0" pos="28.39" speed="29.36" angle="313.41" x="106.75" y="117.04"/>
        <vehicle id="cfm-slow_5" eclass="HBEFA3/PC_G_EU4" CO2="0.00" CO="0.00" HC="0.00" NOx="0.00" PMx="0.00" fuel="0.00" electricity="0.00" noise="70.60" route="routetop" type="cfm-slow" waiting="0.00" lane="top_0" pos="2.67" speed="26.87" angle="269.71" x="57.84" y="132.03"/>
    </timestep>
    <timestep time="9.39">
        <vehicle id="cfm-fast_0" eclass="HBEFA3/PC_G_EU4" CO2="269813.39" CO="6378.47" HC="35.85" NOx="125.88" PMx="7.40" fuel="115.98" electricity="0.00" noise="147.45" route="routetop" type="cfm-fast" waiting="0.00" lane="left_1" pos="25.83" speed="67.56" angle="138.03" x="18.70" y="16.30"/>
        <vehicle id="cfm-fast_1" eclass="HBEFA3/PC_G_EU4" CO2="0.00" CO="0.00" HC="0.00" NOx="0.00" PMx="0.00" fuel="0.00" electricity="0.00" noise="70.29" route="routetop" type="cfm-fast" waiting="0.00" lane="top_0" pos="25.53" speed="23.15" angle="228.54" x="14.35" y="111.36"/>
        <vehicle id="cfm-fast_2" eclass="HBEFA3/PC_G_EU4" CO2="7308.21" CO="75.94" HC="0.53" NOx="2.83" PMx="0.15" fuel="3.14" electricity="0.00" noise="71.50" route="routetop" type="cfm-fast" waiting="0.00" lane="top_0" pos="39.64" speed="23.16" angle="203.17" x="-1.32" y="85.67"/>
        <vehicle id="cfm-fast_3" eclass="HBEFA3/PC_G_EU4" CO2="10491.30" CO="142.70" HC="0.91" NOx="4.31" PMx="0.23" fuel="4.51" electricity="0.00" noise="73.02" route="routetop" type="cfm-fast" waiting="0.00" lane="left_0" pos="3.80" speed="23.79" angle="177.70" x="-4.45" y="55.41"/>
        <vehicle id="cfm-fast_4" eclass="HBEFA3/PC_G_EU4" CO2="0.00" CO="0.00" HC="0.00" NOx="0.00" PMx="0.00" fuel="0.00" electricity="0.00" noise="86.43" route="routetop" type="cfm-fast" waiting="0.00" lane="top_1" pos="1.09" speed="77.41" angle="272.49" x="61.39" y="128.93"/>
        <vehicle id="cfm-fast_5" eclass="HBEFA3/PC_G_EU4" CO2="13127.85" CO="199.86" HC="1.24" NOx="5.53" PMx="0.30" fuel="5.64" electricity="0.00" noise="74.50" route="routetop" type="cfm-fast" waiting="0.00" lane="left_0" pos="18.66" speed="24.87" angle="150.87" x="6.53" y="25.69"/>
        <vehicle id="cfm-slow_0" eclass="HBEFA3/PC_G_EU4" CO2="15278.82" CO="249.28" HC="1.52" NOx="6.52" PMx="0.36" fuel="6.57" electricity="0.00" noise="75.78" route="routetop" type="cfm-slow" waiting="0.00" lane="left_0" pos="34.65" speed="26.26" angle="122.20" x="31.82" y="2.89"/>
        <vehicle id="cfm-slow_1" eclass="HBEFA3/PC_G_EU4" CO2="15974.65" CO="271.32" HC="1.64" NOx="6.81" PMx="0.38" fuel="6.87" electricity="0.00" noise="76.37" route="routebottom" type="cfm-slow" waiting="0.00" lane="bottom_0" pos="6.06" speed="27.83" angle="83.55" x="76.72" y="-3.69"/>
        <vehicle id="cfm-slow_2" eclass="HBEFA3/PC_G_EU4" CO2="12162.09" CO="202.03" HC="1.23" NOx="4.98" PMx="0.29" fuel="5.23" electricity="0.00" noise="75.29" route="routebottom" type="cfm-slow" waiting="0.00" lane="bottom_0" pos="29.05" speed="29.31" angle="42.18" x="117.92" y="21.69"/>
        <vehicle id="cfm-slow_3" eclass="HBEFA3/PC_G_EU4" CO2="0.00" CO="0.00" HC="0.00" NOx="0.00" PMx="0.00" fuel="0.00" electricity="0.00" noise="73.16" route="routebottom" type="cfm-slow" waiting="0.00" lane="right_0" pos="3.51" speed="30.10" angle="358.20" x="131.85" y="71.29"/>
        <vehicle id="cfm-slow_4" eclass="HBEFA3/PC_G_EU4" CO2="0.00" CO="0.00" HC="0.00" NOx="0.00" PMx="0.00" fuel="0.00" electricity="0.00" noise="71.91" route="routebottom" type="cfm-slow" waiting="0.00" lane="right_0" pos="28.68" speed="29.34" angle="312.88" x="106.26" y="117.43"/>
        <vehicle id="cfm-slow_5" eclass="HBEFA3/PC_G_EU4" CO2="0.00" CO="0.00" HC="0.00" NOx="0.00" PMx="0.00" fuel="0.00" electricity="0.00" noise="70.59" route="routetop" type="cfm-slow" waiting="0.00" lane="top_0" pos="2.94" speed="26.84" angle="269.23" x="57.26" y="131.97"/>
    </timestep>
    <timestep time="9.40">
        <vehicle id="cfm-fast_0" eclass="HBEFA3/PC_G_EU4" CO2="270425.18" CO="6396.36" HC="35.95" NOx="126.17" PMx="7.42" fuel="116.24" electricity="0.00" noise="147.52" route="routetop" type="cfm-fast" waiting="0.00" lane="left_1" pos="26.51" speed="67.69" angle="136.78" x="19.72" y="15.36"/>
        <vehicle id="cfm-fast_1" eclass="HBEFA3/PC_G_EU4" CO2="0.00" CO="0.00" HC="0.00" NOx="0.00" PMx="0.00" fuel="0.00" electricity="0.00" noise="70.30" route="routetop" type="cfm-fast" waiting="0.00" lane="top_0" pos="25.77" speed="23.15" angle="228.17" x="14.00" y="111.00"/>
        <vehicle id="cfm-fast_2" eclass="HBEFA3/PC_G_EU4" CO2="7339.43" CO="76.59" HC="0.53" NOx="2.84" PMx="0.15" fuel="3.15" electricity="0.00" noise="71.51" route="routetop" type="cfm-fast" waiting="0.00" lane="top_0" pos="39.87" speed="23.16" angle="202.80" x="-1.48" y="85.19"/>
        <vehicle id="cfm-fast_3" eclass="HBEFA3/PC_G_EU4" CO2="10516.71" CO="143.24" HC="0.91" NOx="4.33" PMx="0.23" fuel="4.52" electricity="0.00" noise="73.04" route="routetop" type="cfm-fast" waiting="0.00" lane="left_0" pos="4.04" speed="23.80" angle="177.27" x="-4.38" y="54.90"/>
        <vehicle id="cfm-fast_4" eclass="HBEFA3/PC_G_EU4" CO2="0.00" CO="0.00" HC="0.00" NOx="0.00" PMx="0.00" fuel="0.00" electricity="0.00" noise="86.48" route="routetop" type="cfm-fast" waiting="0.00" lane="top_1" pos="1.87" speed="77.37" angle="271.13" x="59.81" y="128.85"/>
        <vehicle id="cfm-fast_5" eclass="HBEFA3/PC_G_EU4" CO2="13148.56" CO="200.33" HC="1.24" NOx="5.54" PMx="0.30" fuel="5.65" electricity="0.00" noise="74.52" route="routetop" type="cfm-fast" waiting="0.00" lane="left_0" pos="18.91" speed="24.89" angle="150.40" x="6.83" y="25.24"/>
        <vehicle id="cfm-slow_0" eclass="HBEFA3/PC_G_EU4" CO2="15286.77" CO="249.51" HC="1.52" NOx="6.52" PMx="0.36" fuel="6.57" electricity="0.00" noise="75.79" route="routetop" type="cfm-slow" waiting="0.00" lane="left_0" pos="34.92" speed="26.28" angle="121.71" x="32.32" y="2.63"/>
        <vehicle id="cfm-slow_1" eclass="HBEFA3/PC_G_EU4" CO2="15942.10" CO="270.73" HC="1.63" NOx="6.80" PMx="0.38" fuel="6.85" electricity="0.00" noise="76.36" route="routebottom" type="cfm-slow" waiting="0.00" lane="bottom_0" pos="6.34" speed="27.84" angle="83.08" x="77.31" y="-3.58"/>
        <vehicle id="cfm-slow_2" eclass="HBEFA3/PC_G_EU4" CO2="12058.85" CO="199.97" HC="1.22" NOx="4.93" PMx="0.29" fuel="5.18" electricity="0.00" noise="75.26" route="routebottom" type="cfm-slow" waiting="0.00" lane="bottom_0" pos="29.34" speed="29.32" angle="41.63" x="118.31" y="22.19"/>
        <vehicle id="cfm-slow_3" eclass="HBEFA3/PC_G_EU4" CO2="0.00" CO="0.00" HC="0.00" NOx="0.00" PMx="0.00" fuel="0.00" electricity="0.00" noise="73.15" route="routebottom" type="cfm-slow" waiting="0.00" lane="right_0" pos="3.81" speed="30.10" angle="357.68" x="131.78" y="71.94"/>
        <vehicle id="cfm-slow_4" eclass="HBEFA3/PC_G_EU4" CO2="0.00" CO="0.00" HC="0.00" NOx="0.00" PMx="0.00" fuel="0.00" electricity="0.00" noise="71.90" route="routebottom" type="cfm-slow" waiting="0.00" lane="right_0" pos="28.97" speed="29.31" angle="312.34" x="105.76" y="117.82"/>
        <vehicle id="cfm-slow_5" eclass="HBEFA3/PC_G_EU4" CO2="0.00" CO="0.00" HC="0.00" NOx="0.00" PMx="0.00" fuel="0.00" electricity="0.00" noise="70.58" route="routetop" type="cfm-slow" waiting="0.00" lane="top_0" pos="3.20" speed="26.82" angle="268.75" x="56.69" y="131.91"/>
    </timestep>
    <timestep time="9.41">
        <vehicle id="cfm-fast_0" eclass="HBEFA3/PC_G_EU4" CO2="271037.27" CO="6414.27" HC="36.05" NOx="126.45" PMx="7.44" fuel="116.51" electricity="0.00" noise="147.58" route="routetop" type="cfm-fast" waiting="0.00" lane="left_1" pos="27.18" speed="67.83" angle="135.58" x="20.76" y="14.43"/>
        <vehicle id="cfm-fast_1" eclass="HBEFA3/PC_G_EU4" CO2="0.00" CO="0.00" HC="0.00" NOx="0.00" PMx="0.00" fuel="0.00" electricity="0.00" noise="70.31" route="routetop" type="cfm-fast" waiting="0.00" lane="top_0" pos="26.00" speed="23.15" angle="227.74" x="13.67" y="110.63"/>
        <vehicle id="cfm-fast_2" eclass="HBEFA3/PC_G_EU4" CO2="7370.60" CO="77.24" HC="0.53" NOx="2.86" PMx="0.15" fuel="3.17" electricity="0.00" noise="71.53" route="routetop" type="cfm-fast" waiting="0.00" lane="top_0" pos="40.10" speed="23.17" angle="202.37" x="-1.63" y="84.72"/>
        <vehicle id="cfm-fast_3" eclass="HBEFA3/PC_G_EU4" CO2="10542.08" CO="143.79" HC="0.92" NOx="4.34" PMx="0.23" fuel="4.53" electricity="0.00" noise="73.05" route="routetop" type="cfm-fast" waiting="0.00" lane="left_0" pos="4.28" speed="23.81" angle="176.84" x="-4.31" y="54.40"/>
        <vehicle id="cfm-fast_4" eclass="HBEFA3/PC_G_EU4" CO2="0.00" CO="0.00" HC="0.00" NOx="0.00" PMx="0.00" fuel="0.00" electricity="0.00" noise="86.54" route="routetop" type="cfm-fast" waiting="0.00" lane="top_1" pos="2.64" speed="77.34" angle="269.77" x="58.22" y="128.75"/>
        <vehicle id="cfm-fast_5" eclass="HBEFA3/PC_G_EU4" CO2="13169.16" CO="200.80" HC="1.24" NOx="5.55" PMx="0.30" fuel="5.66" electricity="0.00" noise="74.53" route="routetop" type="cfm-fast" waiting="0.00" lane="left_0" pos="19.16" speed="24.90" angle="149.97" x="7.12" y="24.79"/>
        <vehicle id="cfm-slow_0" eclass="HBEFA3/PC_G_EU4" CO2="15294.36" CO="249.73" HC="1.52" NOx="6.52" PMx="0.36" fuel="6.57" electricity="0.00" noise="75.79" route="routetop" type="cfm-slow" waiting="0.00" lane="left_0" pos="35.18" speed="26.29" angle="121.22" x="32.83" y="2.38"/>
        <vehicle id="cfm-slow_1" eclass="HBEFA3/PC_G_EU4" CO2="15908.88" CO="270.13" HC="1.63" NOx="6.78" PMx="0.38" fuel="6.84" electricity="0.00" noise="76.35" route="routebottom" type="cfm-slow" waiting="0.00" lane="bottom_0" pos="6.62" speed="27.86" angle="82.57" x="77.90" y="-3.45"/>
        <vehicle id="cfm-slow_2" eclass="HBEFA3/PC_G_EU4" CO2="11955.23" CO="197.89" HC="1.20" NOx="4.88" PMx="0.28" fuel="5.14" electricity="0.00" noise="75.23" route="routebottom" type="cfm-slow" waiting="0.00" lane="bottom_0" pos="29.64" speed="29.33" angle="41.16" x="118.69" y="22.70"/>
        <vehicle id="cfm-slow_3" eclass="HBEFA3/PC_G_EU4" CO2="0.00" CO="0.00" HC="0.00" NOx="0.00" PMx="0.00" fuel="0.00" electricity="0.00" noise="73.13" route="routebottom" type="cfm-slow" waiting="0.00" lane="right_0" pos="4.11" speed="30.09" angle="357.14" x="131.69" y="72.58"/>
        <vehicle id="cfm-slow_4" eclass="HBEFA3/PC_G_EU4" CO2="0.00" CO="0.00" HC="0.00" NOx="0.00" PMx="0.00" fuel="0.00" electricity="0.00" noise="71.88" route="routebottom" type="cfm-slow" waiting="0.00" lane="right_0" pos="29.27" speed="29.29" angle="311.81" x="105.26" y="118.21"/>
        <vehicle id="cfm-slow_5" eclass="HBEFA3/PC_G_EU4" CO2="0.00" CO="0.00" HC="0.00" NOx="0.00" PMx="0.00" fuel="0.00" electricity="0.00" noise="70.57" route="routetop" type="cfm-slow" waiting="0.00" lane="top_0" pos="3.47" speed="26.79" angle="268.27" x="56.11" y="131.85"/>
    </timestep>
    <timestep time="9.42">
        <vehicle id="cfm-fast_0" eclass="HBEFA3/PC_G_EU4" CO2="271649.64" CO="6432.21" HC="36.14" NOx="126.74" PMx="7.46" fuel="116.77" electricity="0.00" noise="147.65" route="routetop" type="cfm-fast" waiting="0.00" lane="left_1" pos="27.86" speed="67.96" angle="134.33" x="21.82" y="13.53"/>
        <vehicle id="cfm-fast_1" eclass="HBEFA3/PC_G_EU4" CO2="0.00" CO="0.00" HC="0.00" NOx="0.00" PMx="0.00" fuel="0.00" electricity="0.00" noise="70.32" route="routetop" type="cfm-fast" waiting="0.00" lane="top_0" pos="26.23" speed="23.15" angle="227.31" x="13.33" y="110.27"/>
        <vehicle id="cfm-fast_2" eclass="HBEFA3/PC_G_EU4" CO2="7401.71" CO="77.90" HC="0.54" NOx="2.87" PMx="0.15" fuel="3.18" electricity="0.00" noise="71.54" route="routetop" type="cfm-fast" waiting="0.00" lane="top_0" pos="40.33" speed="23.18" angle="201.94" x="-1.78" y="84.24"/>
        <vehicle id="cfm-fast_3" eclass="HBEFA3/PC_G_EU4" CO2="10567.40" CO="144.34" HC="0.92" NOx="4.35" PMx="0.23" fuel="4.54" electricity="0.00" noise="73.07" route="routetop" type="cfm-fast" waiting="0.00" lane="left_0" pos="4.52" speed="23.82" angle="176.41" x="-4.24" y="53.89"/>
        <vehicle id="cfm-fast_4" eclass="HBEFA3/PC_G_EU4" CO2="0.00" CO="0.00" HC="0.00" NOx="0.00" PMx="0.00" fuel="0.00" electricity="0.00" noise="86.60" route="routetop" type="cfm-fast" waiting="0.00" lane="top_1" pos="3.41" speed="77.31" angle="268.36" x="56.65" y="128.59"/>
        <vehicle id="cfm-fast_5" eclass="HBEFA3/PC_G_EU4" CO2="13189.64" CO="201.26" HC="1.24" NOx="5.56" PMx="0.30" fuel="5.67" electricity="0.00" noise="74.54" route="routetop" type="cfm-fast" waiting="0.00" lane="left_0" pos="19.41" speed="24.91" angle="149.54" x="7.43" y="24.36"/>
        <vehicle id="cfm-slow_0" eclass="HBEFA3/PC_G_EU4" CO2="15301.58" CO="249.94" HC="1.52" NOx="6.53" PMx="0.36" fuel="6.58" electricity="0.00" noise="75.80" route="routetop" type="cfm-slow" waiting="0.00" lane="left_0" pos="35.44" speed="26.31" angle="120.74" x="33.34" y="2.13"/>
        <vehicle id="cfm-slow_1" eclass="HBEFA3/PC_G_EU4" CO2="15875.01" CO="269.51" HC="1.62" NOx="6.76" PMx="0.38" fuel="6.82" electricity="0.00" noise="76.34" route="routebottom" type="cfm-slow" waiting="0.00" lane="bottom_0" pos="6.90" speed="27.87" angle="82.03" x="78.48" y="-3.32"/>
        <vehicle id="cfm-slow_2" eclass="HBEFA3/PC_G_EU4" CO2="11851.22" CO="195.80" HC="1.19" NOx="4.83" PMx="0.28" fuel="5.09" electricity="0.00" noise="75.20" route="routebottom" type="cfm-slow" waiting="0.00" lane="bottom_0" pos="29.93" speed="29.34" angle="40.62" x="119.06" y="23.21"/>
        <vehicle id="cfm-slow_3" eclass="HBEFA3/PC_G_EU4" CO2="0.00" CO="0.00" HC="0.00" NOx="0.00" PMx="0.00" fuel="0.00" electricity="0.00" noise="73.11" route="routebottom" type="cfm-slow" waiting="0.00" lane="right_0" pos="4.41" speed="30.08" angle="356.59" x="131.60" y="73.22"/>
        <vehicle id="cfm-slow_4" eclass="HBEFA3/PC_G_EU4" CO2="0.00" CO="0.00" HC="0.00" NOx="0.00" PMx="0.00" fuel="0.00" electricity="0.00" noise="71.87" route="routebottom" type="cfm-slow" waiting="0.00" lane="right_0" pos="29.56" speed="29.27" angle="311.33" x="104.77" y="118.59"/>
        <vehicle id="cfm-slow_5" eclass="HBEFA3/PC_G_EU4" CO2="0.00" CO="0.00" HC="0.00" NOx="0.00" PMx="0.00" fuel="0.00" electricity="0.00" noise="70.56" route="routetop" type="cfm-slow" waiting="0.00" lane="top_0" pos="3.74" speed="26.77" angle="267.79" x="55.54" y="131.80"/>
    </timestep>
    <timestep time="9.43">
        <vehicle id="cfm-fast_0" eclass="HBEFA3/PC_G_EU4" CO2="272262.31" CO="6450.16" HC="36.24" NOx="127.03" PMx="7.48" fuel="117.03" electricity="0.00" noise="147.71" route="routetop" type="cfm-fast" waiting="0.00" lane="left_1" pos="28.54" speed="68.10" angle="133.13" x="22.90" y="12.65"/>
        <vehicle id="cfm-fast_1" eclass="HBEFA3/PC_G_EU4" CO2="0.00" CO="0.00" HC="0.00" NOx="0.00" PMx="0.00" fuel="0.00" electricity="0.00" noise="70.33" route="routetop" type="cfm-fast" waiting="0.00" lane="top_0" pos="26.46" speed="23.15" angle="226.88" x="12.99" y="109.90"/>
        <vehicle id="cfm-fast_2" eclass="HBEFA3/PC_G_EU4" CO2="7432.76" CO="78.54" HC="0.54" NOx="2.89" PMx="0.15" fuel="3.19" electricity="0.00" noise="71.56" route="routetop" type="cfm-fast" waiting="0.00" lane="top_0" pos="40.56" speed="23.18" angle="201.50" x="-1.92" y="83.76"/>
        <vehicle id="cfm-fast_3" eclass="HBEFA3/PC_G_EU4" CO2="10592.68" CO="144.88" HC="0.92" NOx="4.36" PMx="0.23" fuel="4.55" electricity="0.00" noise="73.08" route="routetop" type="cfm-fast" waiting="0.00" lane="left_0" pos="4.75" speed="23.83" angle="175.97" x="-4.17" y="53.38"/>
        <vehicle id="cfm-fast_4" eclass="HBEFA3/PC_G_EU4" CO2="0.00" CO="0.00" HC="0.00" NOx="0.00" PMx="0.00" fuel="0.00" electricity="0.00" noise="86.66" route="routetop" type="cfm-fast" waiting="0.00" lane="top_1" pos="4.19" speed="77.28" angle="267.00" x="55.07" y="128.40"/>
        <vehicle id="cfm-fast_5" eclass="HBEFA3/PC_G_EU4" CO2="13210.02" CO="201.73" HC="1.25" NOx="5.57" PMx="0.30" fuel="5.68" electricity="0.00" noise="74.55" route="routetop" type="cfm-fast" waiting="0.00" lane="left_0" pos="19.66" speed="24.93" angle="149.08" x="7.75" y="23.92"/>
        <vehicle id="cfm-slow_0" eclass="HBEFA3/PC_G_EU4" CO2="15308.44" CO="250.15" HC="1.52" NOx="6.53" PMx="0.36" fuel="6.58" electricity="0.00" noise="75.80" route="routetop" type="cfm-slow" waiting="0.00" lane="left_0" pos="35.71" speed="26.33" angle="120.25" x="33.84" y="1.87"/>
        <vehicle id="cfm-slow_1" eclass="HBEFA3/PC_G_EU4" CO2="15840.48" CO="268.89" HC="1.62" NOx="6.75" PMx="0.38" fuel="6.81" electricity="0.00" noise="76.32" route="routebottom" type="cfm-slow" waiting="0.00" lane="bottom_0" pos="7.18" speed="27.89" angle="81.50" x="79.06" y="-3.18"/>
        <vehicle id="cfm-slow_2" eclass="HBEFA3/PC_G_EU4" CO2="11746.85" CO="193.71" HC="1.18" NOx="4.78" PMx="0.28" fuel="5.05" electricity="0.00" noise="75.17" route="routebottom" type="cfm-slow" waiting="0.00" lane="bottom_0" pos="30.22" speed="29.35" angle="40.08" x="119.43" y="23.72"/>
        <vehicle id="cfm-slow_3" eclass="HBEFA3/PC_G_EU4" CO2="0.00" CO="0.00" HC="0.00" NOx="0.00" PMx="0.00" fuel="0.00" electricity="0.00" noise="73.09" route="routebottom" type="cfm-slow" waiting="0.00" lane="right_0" pos="4.71" speed="30.08" angle="356.05" x="131.50" y="73.86"/>
        <vehicle id="cfm-slow_4" eclass="HBEFA3/PC_G_EU4" CO2="0.00" CO="0.00" HC="0.00" NOx="0.00" PMx="0.00" fuel="0.00" electricity="0.00" noise="71.86" route="routebottom" type="cfm-slow" waiting="0.00" lane="right_0" pos="29.85" speed="29.24" angle="310.79" x="104.25" y="118.96"/>
        <vehicle id="cfm-slow_5" eclass="HBEFA3/PC_G_EU4" CO2="0.00" CO="0.00" HC="0.00" NOx="0.00" PMx="0.00" fuel="0.00" electricity="0.00" noise="70.54" route="routetop" type="cfm-slow" waiting="0.00" lane="top_0" pos="4.01" speed="26.74" angle="267.33" x="54.97" y="131.72"/>
    </timestep>
    <timestep time="9.44">
        <vehicle id="cfm-fast_0" eclass="HBEFA3/PC_G_EU4" CO2="272875.27" CO="6468.14" HC="36.34" NOx="127.32" PMx="7.50" fuel="117.30" electricity="0.00" noise="147.78" route="routetop" type="cfm-fast" waiting="0.00" lane="left_1" pos="29.23" speed="68.24" angle="131.87" x="24.00" y="11.78"/>
        <vehicle id="cfm-fast_1" eclass="HBEFA3/PC_G_EU4" CO2="0.00" CO="0.00" HC="0.00" NOx="0.00" PMx="0.00" fuel="0.00" electricity="0.00" noise="70.34" route="routetop" type="cfm-fast" waiting="0.00" lane="top_0" pos="26.69" speed="23.15" angle="226.45" x="12.65" y="109.53"/>
        <vehicle id="cfm-fast_2" eclass="HBEFA3/PC_G_EU4" CO2="7463.75" CO="79.19" HC="0.54" NOx="2.90" PMx="0.15" fuel="3.21" electricity="0.00" noise="71.57" route="routetop" type="cfm-fast" waiting="0.00" lane="top_0" pos="40.79" speed="23.19" angle="201.07" x="-2.07" y="83.29"/>
        <vehicle id="cfm-fast_3" eclass="HBEFA3/PC_G_EU4" CO2="10617.92" CO="145.42" HC="0.93" NOx="4.37" PMx="0.23" fuel="4.56" electricity="0.00" noise="73.10" route="routetop" type="cfm-fast" waiting="0.00" lane="left_0" pos="4.99" speed="23.84" angle="175.54" x="-4.10" y="52.87"/>
        <vehicle id="cfm-fast_4" eclass="HBEFA3/PC_G_EU4" CO2="0.00" CO="0.00" HC="0.00" NOx="0.00" PMx="0.00" fuel="0.00" electricity="0.00" noise="86.74" route="routetop" type="cfm-fast" waiting="0.00" lane="top_1" pos="4.96" speed="77.26" angle="265.58" x="53.50" y="128.17"/>
        <vehicle id="cfm-fast_5" eclass="HBEFA3/PC_G_EU4" CO2="13230.27" CO="202.19" HC="1.25" NOx="5.58" PMx="0.30" fuel="5.69" electricity="0.00" noise="74.57" route="routetop" type="cfm-fast" waiting="0.00" lane="left_0" pos="19.91" speed="24.94" angle="148.61" x="8.06" y="23.49"/>
        <vehicle id="cfm-slow_0" eclass="HBEFA3/PC_G_EU4" CO2="15314.93" CO="250.35" HC="1.52" NOx="6.53" PMx="0.36" fuel="6.58" electricity="0.00" noise="75.81" route="routetop" type="cfm-slow" waiting="0.00" lane="left_0" pos="35.97" speed="26.34" angle="119.82" x="34.35" y="1.62"/>
        <vehicle id="cfm-slow_1" eclass="HBEFA3/PC_G_EU4" CO2="15805.30" CO="268.25" HC="1.62" NOx="6.73" PMx="0.38" fuel="6.79" electricity="0.00" noise="76.31" route="routebottom" type="cfm-slow" waiting="0.00" lane="bottom_0" pos="7.45" speed="27.90" angle="80.96" x="79.65" y="-3.05"/>
        <vehicle id="cfm-slow_2" eclass="HBEFA3/PC_G_EU4" CO2="11642.13" CO="191.61" HC="1.17" NOx="4.73" PMx="0.28" fuel="5.00" electricity="0.00" noise="75.14" route="routebottom" type="cfm-slow" waiting="0.00" lane="bottom_0" pos="30.52" speed="29.36" angle="39.54" x="119.80" y="24.23"/>
        <vehicle id="cfm-slow_3" eclass="HBEFA3/PC_G_EU4" CO2="0.00" CO="0.00" HC="0.00" NOx="0.00" PMx="0.00" fuel="0.00" electricity="0.00" noise="73.07" route="routebottom" type="cfm-slow" waiting="0.00" lane="right_0" pos="5.01" speed="30.07" angle="355.43" x="131.41" y="74.50"/>
        <vehicle id="cfm-slow_4" eclass="HBEFA3/PC_G_EU4" CO2="0.00" CO="0.00" HC="0.00" NOx="0.00" PMx="0.00" fuel="0.00" electricity="0.00" noise="71.85" route="routebottom" type="cfm-slow" waiting="0.00" lane="right_0" pos="30.14" speed="29.22" angle="310.25" x="103.74" y="119.33"/>
        <vehicle id="cfm-slow_5" eclass="HBEFA3/PC_G_EU4" CO2="0.00" CO="0.00" HC="0.00" NOx="0.00" PMx="0.00" fuel="0.00" electricity="0.00" noise="70.53" route="routetop" type="cfm-slow" waiting="0.00" lane="top_0" pos="4.27" speed="26.71" angle="266.85" x="54.40" y="131.64"/>
    </timestep>
    <timestep time="9.45">
        <vehicle id="cfm-fast_0" eclass="HBEFA3/PC_G_EU4" CO2="273488.53" CO="6486.14" HC="36.44" NOx="127.60" PMx="7.51" fuel="117.56" electricity="0.00" noise="147.84" route="routetop" type="cfm-fast" waiting="0.00" lane="left_1" pos="29.91" speed="68.37" angle="130.66" x="25.13" y="10.95"/>
        <vehicle id="cfm-fast_1" eclass="HBEFA3/PC_G_EU4" CO2="0.00" CO="0.00" HC="0.00" NOx="0.00" PMx="0.00" fuel="0.00" electricity="0.00" noise="70.35" route="routetop" type="cfm-fast" waiting="0.00" lane="top_0" pos="26.92" speed="23.15" angle="226.08" x="12.32" y="109.17"/>
        <vehicle id="cfm-fast_2" eclass="HBEFA3/PC_G_EU4" CO2="7494.68" CO="79.84" HC="0.55" NOx="2.91" PMx="0.15" fuel="3.22" electricity="0.00" noise="71.58" route="routetop" type="cfm-fast" waiting="0.00" lane="top_0" pos="41.03" speed="23.19" angle="200.68" x="-2.22" y="82.81"/>
        <vehicle id="cfm-fast_3" eclass="HBEFA3/PC_G_EU4" CO2="10643.11" CO="145.97" HC="0.93" NOx="4.38" PMx="0.23" fuel="4.57" electricity="0.00" noise="73.11" route="routetop" type="cfm-fast" waiting="0.00" lane="left_0" pos="5.23" speed="23.85" angle="175.07" x="-4.02" y="52.37"/>
        <vehicle id="cfm-fast_4" eclass="HBEFA3/PC_G_EU4" CO2="0.00" CO="0.00" HC="0.00" NOx="0.00" PMx="0.00" fuel="0.00" electricity="0.00" noise="86.81" route="routetop" type="cfm-fast" waiting="0.00" lane="top_1" pos="5.73" speed="77.23" angle="264.19" x="51.94" y="127.90"/>
        <vehicle id="cfm-fast_5" eclass="HBEFA3/PC_G_EU4" CO2="13250.41" CO="202.65" HC="1.25" NOx="5.59" PMx="0.30" fuel="5.70" electricity="0.00" noise="74.58" route="routetop" type="cfm-fast" waiting="0.00" lane="left_0" pos="20.16" speed="24.96" angle="148.15" x="8.38" y="23.05"/>
        <vehicle id="cfm-slow_0" eclass="HBEFA3/PC_G_EU4" CO2="15321.05" CO="250.55" HC="1.52" NOx="6.54" PMx="0.36" fuel="6.59" electricity="0.00" noise="75.81" route="routetop" type="cfm-slow" waiting="0.00" lane="left_0" pos="36.23" speed="26.36" angle="119.33" x="34.87" y="1.39"/>
        <vehicle id="cfm-slow_1" eclass="HBEFA3/PC_G_EU4" CO2="15769.46" CO="267.59" HC="1.61" NOx="6.71" PMx="0.38" fuel="6.78" electricity="0.00" noise="76.30" route="routebottom" type="cfm-slow" waiting="0.00" lane="bottom_0" pos="7.73" speed="27.92" angle="80.51" x="80.23" y="-2.91"/>
        <vehicle id="cfm-slow_2" eclass="HBEFA3/PC_G_EU4" CO2="11537.06" CO="189.50" HC="1.15" NOx="4.68" PMx="0.27" fuel="4.96" electricity="0.00" noise="75.11" route="routebottom" type="cfm-slow" waiting="0.00" lane="bottom_0" pos="30.81" speed="29.36" angle="39.07" x="120.16" y="24.74"/>
        <vehicle id="cfm-slow_3" eclass="HBEFA3/PC_G_EU4" CO2="0.00" CO="0.00" HC="0.00" NOx="0.00" PMx="0.00" fuel="0.00" electricity="0.00" noise="73.05" route="routebottom" type="cfm-slow" waiting="0.00" lane="right_0" pos="5.31" speed="30.06" angle="354.90" x="131.30" y="75.14"/>
        <vehicle id="cfm-slow_4" eclass="HBEFA3/PC_G_EU4" CO2="0.00" CO="0.00" HC="0.00" NOx="0.00" PMx="0.00" fuel="0.00" electricity="0.00" noise="71.84" route="routebottom" type="cfm-slow" waiting="0.00" lane="right_0" pos="30.44" speed="29.20" angle="309.70" x="103.23" y="119.69"/>
        <vehicle id="cfm-slow_5" eclass="HBEFA3/PC_G_EU4" CO2="0.00" CO="0.00" HC="0.00" NOx="0.00" PMx="0.00" fuel="0.00" electricity="0.00" noise="70.52" route="routetop" type="cfm-slow" waiting="0.00" lane="top_0" pos="4.54" speed="26.69" angle="266.36" x="53.83" y="131.56"/>
    </timestep>
    <timestep time="9.46">
        <vehicle id="cfm-fast_0" eclass="HBEFA3/PC_G_EU4" CO2="274102.07" CO="6504.16" HC="36.54" NOx="127.89" PMx="7.53" fuel="117.82" electricity="0.00" noise="147.91" route="routetop" type="cfm-fast" waiting="0.00" lane="left_1" pos="30.60" speed="68.51" angle="129.38" x="26.27" y="10.13"/>
        <vehicle id="cfm-fast_1" eclass="HBEFA3/PC_G_EU4" CO2="0.00" CO="0.00" HC="0.00" NOx="0.00" PMx="0.00" fuel="0.00" electricity="0.00" noise="70.36" route="routetop" type="cfm-fast" waiting="0.00" lane="top_0" pos="27.15" speed="23.15" angle="225.65" x="11.99" y="108.79"/>
        <vehicle id="cfm-fast_2" eclass="HBEFA3/PC_G_EU4" CO2="7525.56" CO="80.49" HC="0.55" NOx="2.93" PMx="0.15" fuel="3.23" electricity="0.00" noise="71.60" route="routetop" type="cfm-fast" waiting="0.00" lane="top_0" pos="41.26" speed="23.20" angle="200.27" x="-2.35" y="82.33"/>
        <vehicle id="cfm-fast_3" eclass="HBEFA3/PC_G_EU4" CO2="10668.26" CO="146.51" HC="0.93" NOx="4.40" PMx="0.23" fuel="4.59" electricity="0.00" noise="73.12" route="routetop" type="cfm-fast" waiting="0.00" lane="left_0" pos="5.47" speed="23.86" angle="174.64" x="-3.92" y="51.86"/>
        <vehicle id="cfm-fast_4" eclass="HBEFA3/PC_G_EU4" CO2="0.00" CO="0.00" HC="0.00" NOx="0.00" PMx="0.00" fuel="0.00" electricity="0.00" noise="86.90" route="routetop" type="cfm-fast" waiting="0.00" lane="top_1" pos="6.50" speed="77.20" angle="262.82" x="50.39" y="127.61"/>
        <vehicle id="cfm-fast_5" eclass="HBEFA3/PC_G_EU4" CO2="13270.42" CO="203.10" HC="1.25" NOx="5.60" PMx="0.30" fuel="5.70" electricity="0.00" noise="74.59" route="routetop" type="cfm-fast" waiting="0.00" lane="left_0" pos="20.41" speed="24.97" angle="147.71" x="8.69" y="22.62"/>
        <vehicle id="cfm-slow_0" eclass="HBEFA3/PC_G_EU4" CO2="15326.80" CO="250.73" HC="1.52" NOx="6.54" PMx="0.36" fuel="6.59" electricity="0.00" noise="75.82" route="routetop" type="cfm-slow" waiting="0.00" lane="left_0" pos="36.50" speed="26.37" angle="118.83" x="35.39" y="1.16"/>
        <vehicle id="cfm-slow_1" eclass="HBEFA3/PC_G_EU4" CO2="15732.97" CO="266.92" HC="1.61" NOx="6.70" PMx="0.38" fuel="6.76" electricity="0.00" noise="76.29" route="routebottom" type="cfm-slow" waiting="0.00" lane="bottom_0" pos="8.01" speed="27.93" angle="79.99" x="80.81" y="-2.76"/>
        <vehicle id="cfm-slow_2" eclass="HBEFA3/PC_G_EU4" CO2="11431.67" CO="187.38" HC="1.14" NOx="4.63" PMx="0.27" fuel="4.91" electricity="0.00" noise="75.08" route="routebottom" type="cfm-slow" waiting="0.00" lane="bottom_0" pos="31.10" speed="29.37" angle="38.54" x="120.52" y="25.27"/>
        <vehicle id="cfm-slow_3" eclass="HBEFA3/PC_G_EU4" CO2="0.00" CO="0.00" HC="0.00" NOx="0.00" PMx="0.00" fuel="0.00" electricity="0.00" noise="73.03" route="routebottom" type="cfm-slow" waiting="0.00" lane="right_0" pos="5.61" speed="30.06" angle="354.34" x="131.19" y="75.77"/>
        <vehicle id="cfm-slow_4" eclass="HBEFA3/PC_G_EU4" CO2="0.00" CO="0.00" HC="0.00" NOx="0.00" PMx="0.00" fuel="0.00" electricity="0.00" noise="71.82" route="routebottom" type="cfm-slow" waiting="0.00" lane="right_0" pos="30.73" speed="29.17" angle="309.20" x="102.72" y="120.06"/>
        <vehicle id="cfm-slow_5" eclass="HBEFA3/PC_G_EU4" CO2="0.00" CO="0.00" HC="0.00" NOx="0.00" PMx="0.00" fuel="0.00" electricity="0.00" noise="70.51" route="routetop" type="cfm-slow" waiting="0.00" lane="top_0" pos="4.81" speed="26.66" angle="265.88" x="53.27" y="131.48"/>
    </timestep>
    <timestep time="9.47">
        <vehicle id="cfm-fast_0" eclass="HBEFA3/PC_G_EU4" CO2="274715.91" CO="6522.20" HC="36.63" NOx="128.18" PMx="7.55" fuel="118.09" electricity="0.00" noise="147.98" route="routetop" type="cfm-fast" waiting="0.00" lane="left_1" pos="31.28" speed="68.65" angle="128.19" x="27.43" y="9.34"/>
        <vehicle id="cfm-fast_1" eclass="HBEFA3/PC_G_EU4" CO2="0.00" CO="0.00" HC="0.00" NOx="0.00" PMx="0.00" fuel="0.00" electricity="0.00" noise="70.37" route="routetop" type="cfm-fast" waiting="0.00" lane="top_0" pos="27.39" speed="23.15" angle="225.21" x="11.67" y="108.41"/>
        <vehicle id="cfm-fast_2" eclass="HBEFA3/PC_G_EU4" CO2="7556.38" CO="81.13" HC="0.56" NOx="2.94" PMx="0.15" fuel="3.25" electricity="0.00" noise="71.61" route="routetop" type="cfm-fast" waiting="0.00" lane="top_0" pos="41.49" speed="23.21" angle="199.84" x="-2.48" y="81.85"/>
        <vehicle id="cfm-fast_3" eclass="HBEFA3/PC_G_EU4" CO2="10693.37" CO="147.05" HC="0.93" NOx="4.41" PMx="0.23" fuel="4.60" electricity="0.00" noise="73.14" route="routetop" type="cfm-fast" waiting="0.00" lane="left_0" pos="5.71" speed="23.87" angle="174.20" x="-3.83" y="51.36"/>
        <vehicle id="cfm-fast_4" eclass="HBEFA3/PC_G_EU4" CO2="0.00" CO="0.00" HC="0.00" NOx="0.00" PMx="0.00" fuel="0.00" electricity="0.00" noise="86.99" route="routetop" type="cfm-fast" waiting="0.00" lane="top_1" pos="7.27" speed="77.18" angle="261.33" x="48.85" y="127.26"/>
        <vehicle id="cfm-fast_5" eclass="HBEFA3/PC_G_EU4" CO2="13290.31" CO="203.56" HC="1.26" NOx="5.61" PMx="0.31" fuel="5.71" electricity="0.00" noise="74.60" route="routetop" type="cfm-fast" waiting="0.00" lane="left_0" pos="20.66" speed="24.98" angle="147.29" x="9.02" y="22.19"/>
        <vehicle id="cfm-slow_0" eclass="HBEFA3/PC_G_EU4" CO2="15332.17" CO="250.91" HC="1.53" NOx="6.54" PMx="0.36" fuel="6.59" electricity="0.00" noise="75.83" route="routetop" type="cfm-slow" waiting="0.00" lane="left_0" pos="36.76" speed="26.39" angle="118.34" x="35.90" y="0.92"/>
        <vehicle id="cfm-slow_1" eclass="HBEFA3/PC_G_EU4" CO2="15695.83" CO="266.24" HC="1.61" NOx="6.68" PMx="0.38" fuel="6.75" electricity="0.00" noise="76.27" route="routebottom" type="cfm-slow" waiting="0.00" lane="bottom_0" pos="8.29" speed="27.95" angle="79.48" x="81.40" y="-2.60"/>
        <vehicle id="cfm-slow_2" eclass="HBEFA3/PC_G_EU4" CO2="11325.96" CO="185.26" HC="1.13" NOx="4.58" PMx="0.27" fuel="4.87" electricity="0.00" noise="75.05" route="routebottom" type="cfm-slow" waiting="0.00" lane="bottom_0" pos="31.40" speed="29.38" angle="38.01" x="120.87" y="25.80"/>
        <vehicle id="cfm-slow_3" eclass="HBEFA3/PC_G_EU4" CO2="0.00" CO="0.00" HC="0.00" NOx="0.00" PMx="0.00" fuel="0.00" electricity="0.00" noise="73.01" route="routebottom" type="cfm-slow" waiting="0.00" lane="right_0" pos="5.91" speed="30.05" angle="353.78" x="131.07" y="76.41"/>
        <vehicle id="cfm-slow_4" eclass="HBEFA3/PC_G_EU4" CO2="0.00" CO="0.00" HC="0.00" NOx="0.00" PMx="0.00" fuel="0.00" electricity="0.00" noise="71.81" route="routebottom" type="cfm-slow" waiting="0.00" lane="right_0" pos="31.02" speed="29.15" angle="308.69" x="102.21" y="120.41"/>
        <vehicle id="cfm-slow_5" eclass="HBEFA3/PC_G_EU4" CO2="0.00" CO="0.00" HC="0.00" NOx="0.00" PMx="0.00" fuel="0.00" electricity="0.00" noise="70.50" route="routetop" type="cfm-slow" waiting="0.00" lane="top_0" pos="5.07" speed="26.64" angle="265.35" x="52.70" y="131.40"/>
    </timestep>
    <timestep time="9.48">
        <vehicle id="cfm-fast_0" eclass="HBEFA3/PC_G_EU4" CO2="275330.04" CO="6540.26" HC="36.73" NOx="128.47" PMx="7.57" fuel="118.35" electricity="0.00" noise="148.04" route="routetop" type="cfm-fast" waiting="0.00" lane="left_1" pos="31.97" speed="68.78" angle="126.98" x="28.61" y="8.56"/>
        <vehicle id="cfm-fast_1" eclass="HBEFA3/PC_G_EU4" CO2="3849.94" CO="4.73" HC="0.12" NOx="1.20" PMx="0.05" fuel="1.65" electricity="0.00" noise="70.38" route="routetop" type="cfm-fast" waiting="0.00" lane="top_0" pos="27.62" speed="23.15" angle="224.78" x="11.35" y="108.03"/>
        <vehicle id="cfm-fast_2" eclass="HBEFA3/PC_G_EU4" CO2="7587.15" CO="81.78" HC="0.56" NOx="2.96" PMx="0.15" fuel="3.26" electricity="0.00" noise="71.63" route="routetop" type="cfm-fast" waiting="0.00" lane="top_0" pos="41.72" speed="23.21" angle="199.41" x="-2.61" y="81.36"/>
        <vehicle id="cfm-fast_3" eclass="HBEFA3/PC_G_EU4" CO2="10718.42" CO="147.59" HC="0.94" NOx="4.42" PMx="0.24" fuel="4.61" electricity="0.00" noise="73.15" route="routetop" type="cfm-fast" waiting="0.00" lane="left_0" pos="5.95" speed="23.88" angle="173.77" x="-3.74" y="50.85"/>
        <vehicle id="cfm-fast_4" eclass="HBEFA3/PC_G_EU4" CO2="0.00" CO="0.00" HC="0.00" NOx="0.00" PMx="0.00" fuel="0.00" electricity="0.00" noise="87.09" route="routetop" type="cfm-fast" waiting="0.00" lane="top_1" pos="8.05" speed="77.15" angle="259.96" x="47.31" y="126.88"/>
        <vehicle id="cfm-fast_5" eclass="HBEFA3/PC_G_EU4" CO2="13310.08" CO="204.01" HC="1.26" NOx="5.62" PMx="0.31" fuel="5.72" electricity="0.00" noise="74.62" route="routetop" type="cfm-fast" waiting="0.00" lane="left_0" pos="20.91" speed="25.00" angle="146.83" x="9.35" y="21.76"/>
        <vehicle id="cfm-slow_0" eclass="HBEFA3/PC_G_EU4" CO2="15337.16" CO="251.08" HC="1.53" NOx="6.54" PMx="0.36" fuel="6.59" electricity="0.00" noise="75.83" route="routetop" type="cfm-slow" waiting="0.00" lane="left_0" pos="37.02" speed="26.40" angle="117.84" x="36.42" y="0.69"/>
        <vehicle id="cfm-slow_1" eclass="HBEFA3/PC_G_EU4" CO2="15658.05" CO="265.54" HC="1.60" NOx="6.66" PMx="0.38" fuel="6.73" electricity="0.00" noise="76.26" route="routebottom" type="cfm-slow" waiting="0.00" lane="bottom_0" pos="8.57" speed="27.96" angle="78.97" x="81.98" y="-2.44"/>
        <vehicle id="cfm-slow_2" eclass="HBEFA3/PC_G_EU4" CO2="11219.94" CO="183.12" HC="1.12" NOx="4.53" PMx="0.27" fuel="4.82" electricity="0.00" noise="75.02" route="routebottom" type="cfm-slow" waiting="0.00" lane="bottom_0" pos="31.69" speed="29.39" angle="37.48" x="121.22" y="26.32"/>
        <vehicle id="cfm-slow_3" eclass="HBEFA3/PC_G_EU4" CO2="0.00" CO="0.00" HC="0.00" NOx="0.00" PMx="0.00" fuel="0.00" electricity="0.00" noise="73.00" route="routebottom" type="cfm-slow" waiting="0.00" lane="right_0" pos="6.21" speed="30.04" angle="353.22" x="130.95" y="77.04"/>
        <vehicle id="cfm-slow_4" eclass="HBEFA3/PC_G_EU4" CO2="0.00" CO="0.00" HC="0.00" NOx="0.00" PMx="0.00" fuel="0.00" electricity="0.00" noise="71.80" route="routebottom" type="cfm-slow" waiting="0.00" lane="right_0" pos="31.31" speed="29.13" angle="308.17" x="101.68" y="120.76"/>
        <vehicle id="cfm-slow_5" eclass="HBEFA3/PC_G_EU4" CO2="0.00" CO="0.00" HC="0.00" NOx="0.00" PMx="0.00" fuel="0.00" electricity="0.00" noise="70.49" route="routetop" type="cfm-slow" waiting="0.00" lane="top_0" pos="5.34" speed="26.61" angle="264.86" x="52.14" y="131.29"/>
    </timestep>
    <timestep time="9.49">
        <vehicle id="cfm-fast_0" eclass="HBEFA3/PC_G_EU4" CO2="275944.46" CO="6558.35" HC="36.83" NOx="128.76" PMx="7.59" fuel="118.61" electricity="0.00" noise="148.11" route="routetop" type="cfm-fast" waiting="0.00" lane="left_1" pos="32.66" speed="68.92" angle="125.73" x="29.81" y="7.82"/>
        <vehicle id="cfm-fast_1" eclass="HBEFA3/PC_G_EU4" CO2="3886.76" CO="5.49" HC="0.12" NOx="1.21" PMx="0.06" fuel="1.67" electricity="0.00" noise="70.39" route="routetop" type="cfm-fast" waiting="0.00" lane="top_0" pos="27.85" speed="23.15" angle="224.35" x="11.02" y="107.65"/>
        <vehicle id="cfm-fast_2" eclass="HBEFA3/PC_G_EU4" CO2="7617.86" CO="82.42" HC="0.56" NOx="2.97" PMx="0.15" fuel="3.27" electricity="0.00" noise="71.64" route="routetop" type="cfm-fast" waiting="0.00" lane="top_0" pos="41.95" speed="23.22" angle="198.98" x="-2.74" y="80.88"/>
        <vehicle id="cfm-fast_3" eclass="HBEFA3/PC_G_EU4" CO2="10743.44" CO="148.13" HC="0.94" NOx="4.43" PMx="0.24" fuel="4.62" electricity="0.00" noise="73.17" route="routetop" type="cfm-fast" waiting="0.00" lane="left_0" pos="6.19" speed="23.89" angle="173.33" x="-3.64" y="50.34"/>
        <vehicle id="cfm-fast_4" eclass="HBEFA3/PC_G_EU4" CO2="0.00" CO="0.00" HC="0.00" NOx="0.00" PMx="0.00" fuel="0.00" electricity="0.00" noise="87.19" route="routetop" type="cfm-fast" waiting="0.00" lane="top_1" pos="8.82" speed="77.13" angle="258.59" x="45.78" y="126.48"/>
        <vehicle id="cfm-fast_5" eclass="HBEFA3/PC_G_EU4" CO2="13329.72" CO="204.46" HC="1.26" NOx="5.63" PMx="0.31" fuel="5.73" electricity="0.00" noise="74.63" route="routetop" type="cfm-fast" waiting="0.00" lane="left_0" pos="21.16" speed="25.01" angle="146.37" x="9.68" y="21.34"/>
        <vehicle id="cfm-slow_0" eclass="HBEFA3/PC_G_EU4" CO2="15341.77" CO="251.24" HC="1.53" NOx="6.54" PMx="0.36" fuel="6.59" electricity="0.00" noise="75.84" route="routetop" type="cfm-slow" waiting="0.00" lane="left_0" pos="37.29" speed="26.42" angle="117.43" x="36.94" y="0.46"/>
        <vehicle id="cfm-slow_1" eclass="HBEFA3/PC_G_EU4" CO2="15619.62" CO="264.83" HC="1.60" NOx="6.64" PMx="0.38" fuel="6.71" electricity="0.00" noise="76.25" route="routebottom" type="cfm-slow" waiting="0.00" lane="bottom_0" pos="8.85" speed="27.98" angle="78.47" x="82.56" y="-2.29"/>
        <vehicle id="cfm-slow_2" eclass="HBEFA3/PC_G_EU4" CO2="11113.62" CO="180.98" HC="1.11" NOx="4.48" PMx="0.26" fuel="4.78" electricity="0.00" noise="74.99" route="routebottom" type="cfm-slow" waiting="0.00" lane="bottom_0" pos="31.98" speed="29.39" angle="36.98" x="121.57" y="26.85"/>
        <vehicle id="cfm-slow_3" eclass="HBEFA3/PC_G_EU4" CO2="0.00" CO="0.00" HC="0.00" NOx="0.00" PMx="0.00" fuel="0.00" electricity="0.00" noise="72.98" route="routebottom" type="cfm-slow" waiting="0.00" lane="right_0" pos="6.51" speed="30.03" angle="352.72" x="130.82" y="77.68"/>
        <vehicle id="cfm-slow_4" eclass="HBEFA3/PC_G_EU4" CO2="0.00" CO="0.00" HC="0.00" NOx="0.00" PMx="0.00" fuel="0.00" electricity="0.00" noise="71.79" route="routebottom" type="cfm-slow" waiting="0.00" lane="right_0" pos="31.60" speed="29.10" angle="307.64" x="101.16" y="121.11"/>
        <vehicle id="cfm-slow_5" eclass="HBEFA3/PC_G_EU4" CO2="0.00" CO="0.00" HC="0.00" NOx="0.00" PMx="0.00" fuel="0.00" electricity="0.00" noise="70.48" route="routetop" type="cfm-slow" waiting="0.00" lane="top_0" pos="5.61" speed="26.58" angle="264.36" x="51.57" y="131.19"/>
    </timestep>
    <timestep time="9.50">
        <vehicle id="cfm-fast_0" eclass="HBEFA3/PC_G_EU4" CO2="276559.17" CO="6576.46" HC="36.93" NOx="129.04" PMx="7.61" fuel="118.88" electricity="0.00" noise="148.17" route="routetop" type="cfm-fast" waiting="0.00" lane="left_1" pos="33.35" speed="69.06" angle="124.51" x="31.03" y="7.09"/>
        <vehicle id="cfm-fast_1" eclass="HBEFA3/PC_G_EU4" CO2="3923.51" CO="6.25" HC="0.12" NOx="1.23" PMx="0.06" fuel="1.69" electricity="0.00" noise="70.40" route="routetop" type="cfm-fast" waiting="0.00" lane="top_0" pos="28.08" speed="23.15" angle="223.91" x="10.70" y="107.27"/>
        <vehicle id="cfm-fast_2" eclass="HBEFA3/PC_G_EU4" CO2="7648.51" CO="83.06" HC="0.57" NOx="2.99" PMx="0.15" fuel="3.29" electricity="0.00" noise="71.66" route="routetop" type="cfm-fast" waiting="0.00" lane="top_0" pos="42.19" speed="23.22" angle="198.55" x="-2.87" y="80.40"/>
        <vehicle id="cfm-fast_3" eclass="HBEFA3/PC_G_EU4" CO2="10768.40" CO="148.67" HC="0.94" NOx="4.44" PMx="0.24" fuel="4.63" electricity="0.00" noise="73.18" route="routetop" type="cfm-fast" waiting="0.00" lane="left_0" pos="6.42" speed="23.91" angle="172.95" x="-3.55" y="49.84"/>
        <vehicle id="cfm-fast_4" eclass="HBEFA3/PC_G_EU4" CO2="0.00" CO="0.00" HC="0.00" NOx="0.00" PMx="0.00" fuel="0.00" electricity="0.00" noise="87.30" route="routetop" type="cfm-fast" waiting="0.00" lane="top_1" pos="9.59" speed="77.11" angle="257.24" x="44.27" y="126.02"/>
        <vehicle id="cfm-fast_5" eclass="HBEFA3/PC_G_EU4" CO2="13349.23" CO="204.90" HC="1.26" NOx="5.64" PMx="0.31" fuel="5.74" electricity="0.00" noise="74.64" route="routetop" type="cfm-fast" waiting="0.00" lane="left_0" pos="21.41" speed="25.03" angle="145.91" x="10.01" y="20.92"/>
        <vehicle id="cfm-slow_0" eclass="HBEFA3/PC_G_EU4" CO2="15346.00" CO="251.40" HC="1.53" NOx="6.55" PMx="0.36" fuel="6.60" electricity="0.00" noise="75.84" route="routetop" type="cfm-slow" waiting="0.00" lane="left_0" pos="37.55" speed="26.43" angle="116.94" x="37.47" y="0.25"/>
        <vehicle id="cfm-slow_1" eclass="HBEFA3/PC_G_EU4" CO2="15580.54" CO="264.11" HC="1.59" NOx="6.62" PMx="0.37" fuel="6.70" electricity="0.00" noise="76.23" route="routebottom" type="cfm-slow" waiting="0.00" lane="bottom_0" pos="9.13" speed="27.99" angle="77.99" x="83.14" y="-2.12"/>
        <vehicle id="cfm-slow_2" eclass="HBEFA3/PC_G_EU4" CO2="11007.02" CO="178.84" HC="1.09" NOx="4.43" PMx="0.26" fuel="4.73" electricity="0.00" noise="74.96" route="routebottom" type="cfm-slow" waiting="0.00" lane="bottom_0" pos="32.28" speed="29.40" angle="36.48" x="121.90" y="27.38"/>
        <vehicle id="cfm-slow_3" eclass="HBEFA3/PC_G_EU4" CO2="0.00" CO="0.00" HC="0.00" NOx="0.00" PMx="0.00" fuel="0.00" electricity="0.00" noise="72.96" route="routebottom" type="cfm-slow" waiting="0.00" lane="right_0" pos="6.81" speed="30.03" angle="352.16" x="130.68" y="78.31"/>
        <vehicle id="cfm-slow_4" eclass="HBEFA3/PC_G_EU4" CO2="0.00" CO="0.00" HC="0.00" NOx="0.00" PMx="0.00" fuel="0.00" electricity="0.00" noise="71.77" route="routebottom" type="cfm-slow" waiting="0.00" lane="right_0" pos="31.89" speed="29.08" angle="307.12" x="100.64" y="121.46"/>
        <vehicle id="cfm-slow_5" eclass="HBEFA3/PC_G_EU4" CO2="0.00" CO="0.00" HC="0.00" NOx="0.00" PMx="0.00" fuel="0.00" electricity="0.00" noise="70.47" route="routetop" type="cfm-slow" waiting="0.00" lane="top_0" pos="5.87" speed="26.56" angle="263.87" x="51.01" y="131.09"/>
    </timestep>
    <timestep time="9.51">
        <vehicle id="cfm-fast_0" eclass="HBEFA3/PC_G_EU4" CO2="277174.18" CO="6594.59" HC="37.03" NOx="129.33" PMx="7.62" fuel="119.14" electricity="0.00" noise="148.24" route="routetop" type="cfm-fast" waiting="0.00" lane="left_1" pos="34.04" speed="69.19" angle="123.26" x="32.27" y="6.40"/>
        <vehicle id="cfm-fast_1" eclass="HBEFA3/PC_G_EU4" CO2="3960.20" CO="7.00" HC="0.13" NOx="1.25" PMx="0.06" fuel="1.70" electricity="0.00" noise="70.41" route="routetop" type="cfm-fast" waiting="0.00" lane="top_0" pos="28.31" speed="23.15" angle="223.56" x="10.38" y="106.89"/>
        <vehicle id="cfm-fast_2" eclass="HBEFA3/PC_G_EU4" CO2="7679.10" CO="83.70" HC="0.57" NOx="3.00" PMx="0.15" fuel="3.30" electricity="0.00" noise="71.67" route="routetop" type="cfm-fast" waiting="0.00" lane="top_0" pos="42.42" speed="23.23" angle="198.19" x="-2.99" y="79.91"/>
        <vehicle id="cfm-fast_3" eclass="HBEFA3/PC_G_EU4" CO2="10793.31" CO="149.21" HC="0.95" NOx="4.45" PMx="0.24" fuel="4.64" electricity="0.00" noise="73.20" route="routetop" type="cfm-fast" waiting="0.00" lane="left_0" pos="6.66" speed="23.92" angle="172.49" x="-3.43" y="49.34"/>
        <vehicle id="cfm-fast_4" eclass="HBEFA3/PC_G_EU4" CO2="0.00" CO="0.00" HC="0.00" NOx="0.00" PMx="0.00" fuel="0.00" electricity="0.00" noise="87.42" route="routetop" type="cfm-fast" waiting="0.00" lane="top_1" pos="10.36" speed="77.08" angle="255.87" x="42.76" y="125.54"/>
        <vehicle id="cfm-fast_5" eclass="HBEFA3/PC_G_EU4" CO2="13368.60" CO="205.35" HC="1.27" NOx="5.64" PMx="0.31" fuel="5.75" electricity="0.00" noise="74.65" route="routetop" type="cfm-fast" waiting="0.00" lane="left_0" pos="21.66" speed="25.04" angle="145.45" x="10.34" y="20.49"/>
        <vehicle id="cfm-slow_0" eclass="HBEFA3/PC_G_EU4" CO2="15349.84" CO="251.55" HC="1.53" NOx="6.55" PMx="0.36" fuel="6.60" electricity="0.00" noise="75.84" route="routetop" type="cfm-slow" waiting="0.00" lane="left_0" pos="37.82" speed="26.45" angle="116.45" x="38.00" y="0.04"/>
        <vehicle id="cfm-slow_1" eclass="HBEFA3/PC_G_EU4" CO2="15540.83" CO="263.37" HC="1.59" NOx="6.60" PMx="0.37" fuel="6.68" electricity="0.00" noise="76.22" route="routebottom" type="cfm-slow" waiting="0.00" lane="bottom_0" pos="9.41" speed="28.00" angle="77.48" x="83.71" y="-1.94"/>
        <vehicle id="cfm-slow_2" eclass="HBEFA3/PC_G_EU4" CO2="10900.15" CO="176.69" HC="1.08" NOx="4.38" PMx="0.26" fuel="4.69" electricity="0.00" noise="74.93" route="routebottom" type="cfm-slow" waiting="0.00" lane="bottom_0" pos="32.57" speed="29.41" angle="35.93" x="122.23" y="27.93"/>
        <vehicle id="cfm-slow_3" eclass="HBEFA3/PC_G_EU4" CO2="0.00" CO="0.00" HC="0.00" NOx="0.00" PMx="0.00" fuel="0.00" electricity="0.00" noise="72.94" route="routebottom" type="cfm-slow" waiting="0.00" lane="right_0" pos="7.12" speed="30.02" angle="351.59" x="130.54" y="78.94"/>
        <vehicle id="cfm-slow_4" eclass="HBEFA3/PC_G_EU4" CO2="0.00" CO="0.00" HC="0.00" NOx="0.00" PMx="0.00" fuel="0.00" electricity="0.00" noise="71.76" route="routebottom" type="cfm-slow" waiting="0.00" lane="right_0" pos="32.18" speed="29.05" angle="306.66" x="100.12" y="121.79"/>
        <vehicle id="cfm-slow_5" eclass="HBEFA3/PC_G_EU4" CO2="0.00" CO="0.00" HC="0.00" NOx="0.00" PMx="0.00" fuel="0.00" electricity="0.00" noise="70.46" route="routetop" type="cfm-slow" waiting="0.00" lane="top_0" pos="6.14" speed="26.53" angle="263.37" x="50.45" y="130.98"/>
    </timestep>
    <timestep time="9.52">
        <vehicle id="cfm-fast_0" eclass="HBEFA3/PC_G_EU4" CO2="277789.47" CO="6612.74" HC="37.12" NOx="129.62" PMx="7.64" fuel="119.41" electricity="0.00" noise="148.31" route="routetop" type="cfm-fast" waiting="0.00" lane="left_1" pos="34.73" speed="69.33" angle="122.06" x="33.52" y="5.72"/>
        <vehicle id="cfm-fast_1" eclass="HBEFA3/PC_G_EU4" CO2="3996.84" CO="7.76" HC="0.13" NOx="1.26" PMx="0.06" fuel="1.72" electricity="0.00" noise="70.42" route="routetop" type="cfm-fast" waiting="0.00" lane="top_0" pos="28.54" speed="23.15" angle="223.13" x="10.07" y="106.49"/>
        <vehicle id="cfm-fast_2" eclass="HBEFA3/PC_G_EU4" CO2="7709.64" CO="84.34" HC="0.57" NOx="3.01" PMx="0.16" fuel="3.31" electricity="0.00" noise="71.68" route="routetop" type="cfm-fast" waiting="0.00" lane="top_0" pos="42.65" speed="23.24" angle="197.77" x="-3.10" y="79.43"/>
        <vehicle id="cfm-fast_3" eclass="HBEFA3/PC_G_EU4" CO2="10818.18" CO="149.74" HC="0.95" NOx="4.47" PMx="0.24" fuel="4.65" electricity="0.00" noise="73.21" route="routetop" type="cfm-fast" waiting="0.00" lane="left_0" pos="6.90" speed="23.93" angle="172.03" x="-3.32" y="48.84"/>
        <vehicle id="cfm-fast_4" eclass="HBEFA3/PC_G_EU4" CO2="0.00" CO="0.00" HC="0.00" NOx="0.00" PMx="0.00" fuel="0.00" electricity="0.00" noise="87.55" route="routetop" type="cfm-fast" waiting="0.00" lane="top_1" pos="11.13" speed="77.06" angle="254.37" x="41.28" y="125.00"/>
        <vehicle id="cfm-fast_5" eclass="HBEFA3/PC_G_EU4" CO2="13387.84" CO="205.79" HC="1.27" NOx="5.65" PMx="0.31" fuel="5.75" electricity="0.00" noise="74.66" route="routetop" type="cfm-fast" waiting="0.00" lane="left_0" pos="21.91" speed="25.05" angle="145.04" x="10.68" y="20.08"/>
        <vehicle id="cfm-slow_0" eclass="HBEFA3/PC_G_EU4" CO2="15353.29" CO="251.69" HC="1.53" NOx="6.55" PMx="0.36" fuel="6.60" electricity="0.00" noise="75.85" route="routetop" type="cfm-slow" waiting="0.00" lane="left_0" pos="38.08" speed="26.46" angle="115.97" x="38.53" y="-0.17"/>
        <vehicle id="cfm-slow_1" eclass="HBEFA3/PC_G_EU4" CO2="15500.48" CO="262.63" HC="1.58" NOx="6.58" PMx="0.37" fuel="6.66" electricity="0.00" noise="76.20" route="routebottom" type="cfm-slow" waiting="0.00" lane="bottom_0" pos="9.69" speed="28.02" angle="76.96" x="84.29" y="-1.76"/>
        <vehicle id="cfm-slow_2" eclass="HBEFA3/PC_G_EU4" CO2="10793.01" CO="174.53" HC="1.07" NOx="4.33" PMx="0.25" fuel="4.64" electricity="0.00" noise="74.90" route="routebottom" type="cfm-slow" waiting="0.00" lane="bottom_0" pos="32.87" speed="29.41" angle="35.38" x="122.55" y="28.47"/>
        <vehicle id="cfm-slow_3" eclass="HBEFA3/PC_G_EU4" CO2="0.00" CO="0.00" HC="0.00" NOx="0.00" PMx="0.00" fuel="0.00" electricity="0.00" noise="72.93" route="routebottom" type="cfm-slow" waiting="0.00" lane="right_0" pos="7.42" speed="30.01" angle="351.03" x="130.40" y="79.57"/>
        <vehicle id="cfm-slow_4" eclass="HBEFA3/PC_G_EU4" CO2="0.00" CO="0.00" HC="0.00" NOx="0.00" PMx="0.00" fuel="0.00" electricity="0.00" noise="71.75" route="routebottom" type="cfm-slow" waiting="0.00" lane="right_0" pos="32.47" speed="29.03" angle="306.10" x="99.58" y="122.11"/>
        <vehicle id="cfm-slow_5" eclass="HBEFA3/PC_G_EU4" CO2="0.00" CO="0.00" HC="0.00" NOx="0.00" PMx="0.00" fuel="0.00" electricity="0.00" noise="70.45" route="routetop" type="cfm-slow" waiting="0.00" lane="top_0" pos="6.40" speed="26.51" angle="262.94" x="49.89" y="130.88"/>
    </timestep>
    <timestep time="9.53">
        <vehicle id="cfm-fast_0" eclass="HBEFA3/PC_G_EU4" CO2="278405.06" CO="6630.91" HC="37.22" NOx="129.91" PMx="7.66" fuel="119.67" electricity="0.00" noise="148.37" route="routetop" type="cfm-fast" waiting="0.00" lane="left_1" pos="35.43" speed="69.46" angle="120.79" x="34.79" y="5.09"/>
        <vehicle id="cfm-fast_1" eclass="HBEFA3/PC_G_EU4" CO2="4033.41" CO="8.51" HC="0.14" NOx="1.28" PMx="0.06" fuel="1.73" electricity="0.00" noise="70.43" route="routetop" type="cfm-fast" waiting="0.00" lane="top_0" pos="28.78" speed="23.15" angle="222.71" x="9.77" y="106.10"/>
        <vehicle id="cfm-fast_2" eclass="HBEFA3/PC_G_EU4" CO2="7740.12" CO="84.98" HC="0.58" NOx="3.03" PMx="0.16" fuel="3.33" electricity="0.00" noise="71.70" route="routetop" type="cfm-fast" waiting="0.00" lane="top_0" pos="42.88" speed="23.24" angle="197.36" x="-3.21" y="78.94"/>
        <vehicle id="cfm-fast_3" eclass="HBEFA3/PC_G_EU4" CO2="10843.00" CO="150.28" HC="0.95" NOx="4.48" PMx="0.24" fuel="4.66" electricity="0.00" noise="73.22" route="routetop" type="cfm-fast" waiting="0.00" lane="left_0" pos="7.14" speed="23.94" angle="171.57" x="-3.20" y="48.33"/>
        <vehicle id="cfm-fast_4" eclass="HBEFA3/PC_G_EU4" CO2="0.00" CO="0.00" HC="0.00" NOx="0.00" PMx="0.00" fuel="0.00" electricity="0.00" noise="87.68" route="routetop" type="cfm-fast" waiting="0.00" lane="top_1" pos="11.90" speed="77.04" angle="253.02" x="39.80" y="124.44"/>
        <vehicle id="cfm-fast_5" eclass="HBEFA3/PC_G_EU4" CO2="13406.95" CO="206.23" HC="1.27" NOx="5.66" PMx="0.31" fuel="5.76" electricity="0.00" noise="74.68" route="routetop" type="cfm-fast" waiting="0.00" lane="left_0" pos="22.16" speed="25.07" angle="144.58" x="11.03" y="19.66"/>
        <vehicle id="cfm-slow_0" eclass="HBEFA3/PC_G_EU4" CO2="15356.34" CO="251.82" HC="1.53" NOx="6.55" PMx="0.36" fuel="6.60" electricity="0.00" noise="75.85" route="routetop" type="cfm-slow" waiting="0.00" lane="left_0" pos="38.35" speed="26.48" angle="115.48" x="39.06" y="-0.38"/>
        <vehicle id="cfm-slow_1" eclass="HBEFA3/PC_G_EU4" CO2="15459.50" CO="261.86" HC="1.58" NOx="6.56" PMx="0.37" fuel="6.65" electricity="0.00" noise="76.19" route="routebottom" type="cfm-slow" waiting="0.00" lane="bottom_0" pos="9.97" speed="28.03" angle="76.45" x="84.86" y="-1.59"/>
        <vehicle id="cfm-slow_2" eclass="HBEFA3/PC_G_EU4" CO2="10685.63" CO="172.36" HC="1.06" NOx="4.28" PMx="0.25" fuel="4.59" electricity="0.00" noise="74.87" route="routebottom" type="cfm-slow" waiting="0.00" lane="bottom_0" pos="33.16" speed="29.42" angle="34.83" x="122.87" y="29.02"/>
        <vehicle id="cfm-slow_3" eclass="HBEFA3/PC_G_EU4" CO2="0.00" CO="0.00" HC="0.00" NOx="0.00" PMx="0.00" fuel="0.00" electricity="0.00" noise="72.91" route="routebottom" type="cfm-slow" waiting="0.00" lane="right_0" pos="7.72" speed="30.00" angle="350.54" x="130.25" y="80.20"/>
        <vehicle id="cfm-slow_4" eclass="HBEFA3/PC_G_EU4" CO2="0.00" CO="0.00" HC="0.00" NOx="0.00" PMx="0.00" fuel="0.00" electricity="0.00" noise="71.74" route="routebottom" type="cfm-slow" waiting="0.00" lane="right_0" pos="32.76" speed="29.01" angle="305.55" x="99.05" y="122.43"/>
        <vehicle id="cfm-slow_5" eclass="HBEFA3/PC_G_EU4" CO2="0.00" CO="0.00" HC="0.00" NOx="0.00" PMx="0.00" fuel="0.00" electricity="0.00" noise="70.44" route="routetop" type="cfm-slow" waiting="0.00" lane="top_0" pos="6.67" speed="26.48" angle="262.44" x="49.33" y="130.75"/>
    </timestep>
    <timestep time="9.54">
        <vehicle id="cfm-fast_0" eclass="HBEFA3/PC_G_EU4" CO2="279020.94" CO="6649.10" HC="37.32" NOx="130.20" PMx="7.68" fuel="119.94" electricity="0.00" noise="148.44" route="routetop" type="cfm-fast" waiting="0.00" lane="left_1" pos="36.13" speed="69.60" angle="119.56" x="36.07" y="4.46"/>
        <vehicle id="cfm-fast_1" eclass="HBEFA3/PC_G_EU4" CO2="4069.92" CO="9.26" HC="0.14" NOx="1.30" PMx="0.06" fuel="1.75" electricity="0.00" noise="70.44" route="routetop" type="cfm-fast" waiting="0.00" lane="top_0" pos="29.01" speed="23.15" angle="222.29" x="9.46" y="105.71"/>
        <vehicle id="cfm-fast_2" eclass="HBEFA3/PC_G_EU4" CO2="7770.55" CO="85.62" HC="0.58" NOx="3.04" PMx="0.16" fuel="3.34" electricity="0.00" noise="71.71" route="routetop" type="cfm-fast" waiting="0.00" lane="top_0" pos="43.12" speed="23.25" angle="196.94" x="-3.32" y="78.45"/>
        <vehicle id="cfm-fast_3" eclass="HBEFA3/PC_G_EU4" CO2="10867.76" CO="150.81" HC="0.96" NOx="4.49" PMx="0.24" fuel="4.67" electricity="0.00" noise="73.24" route="routetop" type="cfm-fast" waiting="0.00" lane="left_0" pos="7.38" speed="23.95" angle="171.11" x="-3.09" y="47.83"/>
        <vehicle id="cfm-fast_4" eclass="HBEFA3/PC_G_EU4" CO2="0.00" CO="0.00" HC="0.00" NOx="0.00" PMx="0.00" fuel="0.00" electricity="0.00" noise="87.83" route="routetop" type="cfm-fast" waiting="0.00" lane="top_1" pos="12.67" speed="77.02" angle="251.67" x="38.33" y="123.85"/>
        <vehicle id="cfm-fast_5" eclass="HBEFA3/PC_G_EU4" CO2="13425.91" CO="206.66" HC="1.27" NOx="5.67" PMx="0.31" fuel="5.77" electricity="0.00" noise="74.69" route="routetop" type="cfm-fast" waiting="0.00" lane="left_0" pos="22.41" speed="25.08" angle="144.11" x="11.38" y="19.25"/>
        <vehicle id="cfm-slow_0" eclass="HBEFA3/PC_G_EU4" CO2="15359.01" CO="251.94" HC="1.53" NOx="6.55" PMx="0.36" fuel="6.60" electricity="0.00" noise="75.86" route="routetop" type="cfm-slow" waiting="0.00" lane="left_0" pos="38.61" speed="26.50" angle="115.05" x="39.59" y="-0.58"/>
        <vehicle id="cfm-slow_1" eclass="HBEFA3/PC_G_EU4" CO2="15417.89" CO="261.09" HC="1.58" NOx="6.54" PMx="0.37" fuel="6.63" electricity="0.00" noise="76.18" route="routebottom" type="cfm-slow" waiting="0.00" lane="bottom_0" pos="10.25" speed="28.05" angle="76.00" x="85.44" y="-1.41"/>
        <vehicle id="cfm-slow_2" eclass="HBEFA3/PC_G_EU4" CO2="10578.01" CO="170.19" HC="1.04" NOx="4.23" PMx="0.25" fuel="4.55" electricity="0.00" noise="74.84" route="routebottom" type="cfm-slow" waiting="0.00" lane="bottom_0" pos="33.46" speed="29.43" angle="34.34" x="123.19" y="29.56"/>
        <vehicle id="cfm-slow_3" eclass="HBEFA3/PC_G_EU4" CO2="0.00" CO="0.00" HC="0.00" NOx="0.00" PMx="0.00" fuel="0.00" electricity="0.00" noise="72.89" route="routebottom" type="cfm-slow" waiting="0.00" lane="right_0" pos="8.02" speed="29.99" angle="349.99" x="130.08" y="80.82"/>
        <vehicle id="cfm-slow_4" eclass="HBEFA3/PC_G_EU4" CO2="0.00" CO="0.00" HC="0.00" NOx="0.00" PMx="0.00" fuel="0.00" electricity="0.00" noise="71.73" route="routebottom" type="cfm-slow" waiting="0.00" lane="right_0" pos="33.05" speed="28.98" angle="305.00" x="98.51" y="122.75"/>
        <vehicle id="cfm-slow_5" eclass="HBEFA3/PC_G_EU4" CO2="0.00" CO="0.00" HC="0.00" NOx="0.00" PMx="0.00" fuel="0.00" electricity="0.00" noise="70.43" route="routetop" type="cfm-slow" waiting="0.00" lane="top_0" pos="6.93" speed="26.46" angle="261.94" x="48.78" y="130.63"/>
    </timestep>
    <timestep time="9.55">
        <vehicle id="cfm-fast_0" eclass="HBEFA3/PC_G_EU4" CO2="279637.12" CO="6667.31" HC="37.42" NOx="130.49" PMx="7.70" fuel="120.20" electricity="0.00" noise="148.50" route="routetop" type="cfm-fast" waiting="0.00" lane="left_1" pos="36.82" speed="69.74" angle="118.22" x="37.38" y="3.88"/>
        <vehicle id="cfm-fast_1" eclass="HBEFA3/PC_G_EU4" CO2="4106.37" CO="10.02" HC="0.15" NOx="1.32" PMx="0.06" fuel="1.77" electricity="0.00" noise="70.45" route="routetop" type="cfm-fast" waiting="0.00" lane="top_0" pos="29.24" speed="23.15" angle="221.87" x="9.15" y="105.32"/>
        <vehicle id="cfm-fast_2" eclass="HBEFA3/PC_G_EU4" CO2="7800.92" CO="86.25" HC="0.59" NOx="3.06" PMx="0.16" fuel="3.35" electricity="0.00" noise="71.73" route="routetop" type="cfm-fast" waiting="0.00" lane="top_0" pos="43.35" speed="23.26" angle="196.53" x="-3.44" y="77.96"/>
        <vehicle id="cfm-fast_3" eclass="HBEFA3/PC_G_EU4" CO2="10892.48" CO="151.35" HC="0.96" NOx="4.50" PMx="0.24" fuel="4.68" electricity="0.00" noise="73.25" route="routetop" type="cfm-fast" waiting="0.00" lane="left_0" pos="7.62" speed="23.96" angle="170.69" x="-2.97" y="47.33"/>
        <vehicle id="cfm-fast_4" eclass="HBEFA3/PC_G_EU4" CO2="0.00" CO="0.00" HC="0.00" NOx="0.00" PMx="0.00" fuel="0.00" electricity="0.00" noise="87.98" route="routetop" type="cfm-fast" waiting="0.00" lane="top_1" pos="13.44" speed="77.01" angle="250.29" x="36.89" y="123.22"/>
        <vehicle id="cfm-fast_5" eclass="HBEFA3/PC_G_EU4" CO2="13444.73" CO="207.10" HC="1.28" NOx="5.68" PMx="0.31" fuel="5.78" electricity="0.00" noise="74.70" route="routetop" type="cfm-fast" waiting="0.00" lane="left_0" pos="22.66" speed="25.09" angle="143.64" x="11.73" y="18.84"/>
        <vehicle id="cfm-slow_0" eclass="HBEFA3/PC_G_EU4" CO2="15361.28" CO="252.06" HC="1.53" NOx="6.55" PMx="0.36" fuel="6.60" electricity="0.00" noise="75.86" route="routetop" type="cfm-slow" waiting="0.00" lane="left_0" pos="38.88" speed="26.51" angle="114.56" x="40.13" y="-0.78"/>
        <vehicle id="cfm-slow_1" eclass="HBEFA3/PC_G_EU4" CO2="15375.64" CO="260.30" HC="1.57" NOx="6.52" PMx="0.37" fuel="6.61" electricity="0.00" noise="76.16" route="routebottom" type="cfm-slow" waiting="0.00" lane="bottom_0" pos="10.53" speed="28.06" angle="75.48" x="86.01" y="-1.20"/>
        <vehicle id="cfm-slow_2" eclass="HBEFA3/PC_G_EU4" CO2="10470.16" CO="168.01" HC="1.03" NOx="4.18" PMx="0.25" fuel="4.50" electricity="0.00" noise="74.81" route="routebottom" type="cfm-slow" waiting="0.00" lane="bottom_0" pos="33.75" speed="29.43" angle="33.80" x="123.50" y="30.12"/>
        <vehicle id="cfm-slow_3" eclass="HBEFA3/PC_G_EU4" CO2="0.00" CO="0.00" HC="0.00" NOx="0.00" PMx="0.00" fuel="0.00" electricity="0.00" noise="72.88" route="routebottom" type="cfm-slow" waiting="0.00" lane="right_0" pos="8.31" speed="29.98" angle="349.44" x="129.92" y="81.44"/>
        <vehicle id="cfm-slow_4" eclass="HBEFA3/PC_G_EU4" CO2="0.00" CO="0.00" HC="0.00" NOx="0.00" PMx="0.00" fuel="0.00" electricity="0.00" noise="71.71" route="routebottom" type="cfm-slow" waiting="0.00" lane="right_0" pos="33.34" speed="28.96" angle="304.51" x="97.98" y="123.07"/>
        <vehicle id="cfm-slow_5" eclass="HBEFA3/PC_G_EU4" CO2="0.00" CO="0.00" HC="0.00" NOx="0.00" PMx="0.00" fuel="0.00" electricity="0.00" noise="70.42" route="routetop" type="cfm-slow" waiting="0.00" lane="top_0" pos="7.20" speed="26.44" angle="261.45" x="48.22" y="130.50"/>
    </timestep>
    <timestep time="9.56">
        <vehicle id="cfm-fast_0" eclass="HBEFA3/PC_G_EU4" CO2="280253.58" CO="6685.55" HC="37.52" NOx="130.78" PMx="7.72" fuel="120.47" electricity="0.00" noise="148.57" route="routetop" type="cfm-fast" waiting="0.00" lane="left_1" pos="37.52" speed="69.87" angle="116.98" x="38.70" y="3.32"/>
        <vehicle id="cfm-fast_1" eclass="HBEFA3/PC_G_EU4" CO2="4142.75" CO="10.77" HC="0.15" NOx="1.33" PMx="0.06" fuel="1.78" electricity="0.00" noise="70.46" route="routetop" type="cfm-fast" waiting="0.00" lane="top_0" pos="29.47" speed="23.16" angle="221.49" x="8.85" y="104.93"/>
        <vehicle id="cfm-fast_2" eclass="HBEFA3/PC_G_EU4" CO2="7831.24" CO="86.89" HC="0.59" NOx="3.07" PMx="0.16" fuel="3.37" electricity="0.00" noise="71.74" route="routetop" type="cfm-fast" waiting="0.00" lane="top_0" pos="43.58" speed="23.26" angle="196.15" x="-3.55" y="77.48"/>
        <vehicle id="cfm-fast_3" eclass="HBEFA3/PC_G_EU4" CO2="10917.14" CO="151.88" HC="0.96" NOx="4.51" PMx="0.24" fuel="4.69" electricity="0.00" noise="73.27" route="routetop" type="cfm-fast" waiting="0.00" lane="left_0" pos="7.86" speed="23.97" angle="170.27" x="-2.84" y="46.83"/>
        <vehicle id="cfm-fast_4" eclass="HBEFA3/PC_G_EU4" CO2="0.00" CO="0.00" HC="0.00" NOx="0.00" PMx="0.00" fuel="0.00" electricity="0.00" noise="88.14" route="routetop" type="cfm-fast" waiting="0.00" lane="top_1" pos="14.21" speed="76.99" angle="248.92" x="35.45" y="122.57"/>
        <vehicle id="cfm-fast_5" eclass="HBEFA3/PC_G_EU4" CO2="13463.41" CO="207.53" HC="1.28" NOx="5.69" PMx="0.31" fuel="5.79" electricity="0.00" noise="74.71" route="routetop" type="cfm-fast" waiting="0.00" lane="left_0" pos="22.91" speed="25.11" angle="143.17" x="12.08" y="18.43"/>
        <vehicle id="cfm-slow_0" eclass="HBEFA3/PC_G_EU4" CO2="15363.14" CO="252.17" HC="1.53" NOx="6.55" PMx="0.36" fuel="6.60" electricity="0.00" noise="75.86" route="routetop" type="cfm-slow" waiting="0.00" lane="left_0" pos="39.14" speed="26.53" angle="114.07" x="40.67" y="-0.97"/>
        <vehicle id="cfm-slow_1" eclass="HBEFA3/PC_G_EU4" CO2="15332.77" CO="259.49" HC="1.57" NOx="6.50" PMx="0.37" fuel="6.59" electricity="0.00" noise="76.15" route="routebottom" type="cfm-slow" waiting="0.00" lane="bottom_0" pos="10.81" speed="28.07" angle="74.95" x="86.58" y="-1.00"/>
        <vehicle id="cfm-slow_2" eclass="HBEFA3/PC_G_EU4" CO2="10362.09" CO="165.83" HC="1.02" NOx="4.13" PMx="0.24" fuel="4.45" electricity="0.00" noise="74.78" route="routebottom" type="cfm-slow" waiting="0.00" lane="bottom_0" pos="34.04" speed="29.44" angle="33.25" x="123.80" y="30.67"/>
        <vehicle id="cfm-slow_3" eclass="HBEFA3/PC_G_EU4" CO2="0.00" CO="0.00" HC="0.00" NOx="0.00" PMx="0.00" fuel="0.00" electricity="0.00" noise="72.86" route="routebottom" type="cfm-slow" waiting="0.00" lane="right_0" pos="8.61" speed="29.97" angle="348.89" x="129.75" y="82.06"/>
        <vehicle id="cfm-slow_4" eclass="HBEFA3/PC_G_EU4" CO2="0.00" CO="0.00" HC="0.00" NOx="0.00" PMx="0.00" fuel="0.00" electricity="0.00" noise="71.70" route="routebottom" type="cfm-slow" waiting="0.00" lane="right_0" pos="33.63" speed="28.94" angle="303.99" x="97.43" y="123.37"/>
        <vehicle id="cfm-slow_5" eclass="HBEFA3/PC_G_EU4" CO2="0.00" CO="0.00" HC="0.00" NOx="0.00" PMx="0.00" fuel="0.00" electricity="0.00" noise="70.41" route="routetop" type="cfm-slow" waiting="0.00" lane="top_0" pos="7.46" speed="26.41" angle="260.95" x="47.67" y="130.38"/>
    </timestep>
    <timestep time="9.57">
        <vehicle id="cfm-fast_0" eclass="HBEFA3/PC_G_EU4" CO2="280870.34" CO="6703.81" HC="37.62" NOx="131.07" PMx="7.73" fuel="120.73" electricity="0.00" noise="148.64" route="routetop" type="cfm-fast" waiting="0.00" lane="left_1" pos="38.22" speed="70.01" angle="115.67" x="40.03" y="2.79"/>
        <vehicle id="cfm-fast_1" eclass="HBEFA3/PC_G_EU4" CO2="4179.08" CO="11.51" HC="0.15" NOx="1.35" PMx="0.06" fuel="1.80" electricity="0.00" noise="70.47" route="routetop" type="cfm-fast" waiting="0.00" lane="top_0" pos="29.70" speed="23.16" angle="221.07" x="8.55" y="104.52"/>
        <vehicle id="cfm-fast_2" eclass="HBEFA3/PC_G_EU4" CO2="7861.49" CO="87.52" HC="0.59" NOx="3.09" PMx="0.16" fuel="3.38" electricity="0.00" noise="71.75" route="routetop" type="cfm-fast" waiting="0.00" lane="top_0" pos="43.81" speed="23.27" angle="195.74" x="-3.64" y="76.99"/>
        <vehicle id="cfm-fast_3" eclass="HBEFA3/PC_G_EU4" CO2="10941.75" CO="152.42" HC="0.97" NOx="4.52" PMx="0.24" fuel="4.70" electricity="0.00" noise="73.28" route="routetop" type="cfm-fast" waiting="0.00" lane="left_0" pos="8.10" speed="23.98" angle="169.83" x="-2.71" y="46.33"/>
        <vehicle id="cfm-fast_4" eclass="HBEFA3/PC_G_EU4" CO2="0.00" CO="0.00" HC="0.00" NOx="0.00" PMx="0.00" fuel="0.00" electricity="0.00" noise="88.31" route="routetop" type="cfm-fast" waiting="0.00" lane="top_1" pos="14.98" speed="76.97" angle="247.48" x="34.04" y="121.86"/>
        <vehicle id="cfm-fast_5" eclass="HBEFA3/PC_G_EU4" CO2="13481.94" CO="207.95" HC="1.28" NOx="5.70" PMx="0.31" fuel="5.80" electricity="0.00" noise="74.72" route="routetop" type="cfm-fast" waiting="0.00" lane="left_0" pos="23.16" speed="25.12" angle="142.78" x="12.44" y="18.02"/>
        <vehicle id="cfm-slow_0" eclass="HBEFA3/PC_G_EU4" CO2="15364.61" CO="252.26" HC="1.53" NOx="6.55" PMx="0.36" fuel="6.60" electricity="0.00" noise="75.87" route="routetop" type="cfm-slow" waiting="0.00" lane="left_0" pos="39.41" speed="26.54" angle="113.58" x="41.20" y="-1.16"/>
        <vehicle id="cfm-slow_1" eclass="HBEFA3/PC_G_EU4" CO2="15289.28" CO="258.68" HC="1.56" NOx="6.48" PMx="0.37" fuel="6.57" electricity="0.00" noise="76.13" route="routebottom" type="cfm-slow" waiting="0.00" lane="bottom_0" pos="11.10" speed="28.09" angle="74.43" x="87.15" y="-0.79"/>
        <vehicle id="cfm-slow_2" eclass="HBEFA3/PC_G_EU4" CO2="10253.82" CO="163.65" HC="1.01" NOx="4.08" PMx="0.24" fuel="4.41" electricity="0.00" noise="74.75" route="routebottom" type="cfm-slow" waiting="0.00" lane="bottom_0" pos="34.34" speed="29.45" angle="32.71" x="124.11" y="31.23"/>
        <vehicle id="cfm-slow_3" eclass="HBEFA3/PC_G_EU4" CO2="0.00" CO="0.00" HC="0.00" NOx="0.00" PMx="0.00" fuel="0.00" electricity="0.00" noise="72.84" route="routebottom" type="cfm-slow" waiting="0.00" lane="right_0" pos="8.91" speed="29.97" angle="348.39" x="129.58" y="82.69"/>
        <vehicle id="cfm-slow_4" eclass="HBEFA3/PC_G_EU4" CO2="0.00" CO="0.00" HC="0.00" NOx="0.00" PMx="0.00" fuel="0.00" electricity="0.00" noise="71.69" route="routebottom" type="cfm-slow" waiting="0.00" lane="right_0" pos="33.92" speed="28.91" angle="303.46" x="96.89" y="123.67"/>
        <vehicle id="cfm-slow_5" eclass="HBEFA3/PC_G_EU4" CO2="0.00" CO="0.00" HC="0.00" NOx="0.00" PMx="0.00" fuel="0.00" electricity="0.00" noise="70.40" route="routetop" type="cfm-slow" waiting="0.00" lane="top_0" pos="7.72" speed="26.39" angle="260.53" x="47.12" y="130.25"/>
    </timestep>
    <timestep time="9.58">
        <vehicle id="cfm-fast_0" eclass="HBEFA3/PC_G_EU4" CO2="281487.38" CO="6722.09" HC="37.72" NOx="131.35" PMx="7.75" fuel="121.00" electricity="0.00" noise="148.70" route="routetop" type="cfm-fast" waiting="0.00" lane="left_1" pos="38.92" speed="70.15" angle="114.42" x="41.38" y="2.29"/>
        <vehicle id="cfm-fast_1" eclass="HBEFA3/PC_G_EU4" CO2="4215.34" CO="12.26" HC="0.16" NOx="1.37" PMx="0.06" fuel="1.81" electricity="0.00" noise="70.48" route="routetop" type="cfm-fast" waiting="0.00" lane="top_0" pos="29.93" speed="23.16" angle="220.64" x="8.26" y="104.12"/>
        <vehicle id="cfm-fast_2" eclass="HBEFA3/PC_G_EU4" CO2="7891.70" CO="88.16" HC="0.60" NOx="3.10" PMx="0.16" fuel="3.39" electricity="0.00" noise="71.77" route="routetop" type="cfm-fast" waiting="0.00" lane="top_0" pos="44.05" speed="23.28" angle="195.30" x="-3.73" y="76.49"/>
        <vehicle id="cfm-fast_3" eclass="HBEFA3/PC_G_EU4" CO2="10966.30" CO="152.95" HC="0.97" NOx="4.53" PMx="0.24" fuel="4.71" electricity="0.00" noise="73.30" route="routetop" type="cfm-fast" waiting="0.00" lane="left_0" pos="8.34" speed="23.99" angle="169.40" x="-2.57" y="45.83"/>
        <vehicle id="cfm-fast_4" eclass="HBEFA3/PC_G_EU4" CO2="0.00" CO="0.00" HC="0.00" NOx="0.00" PMx="0.00" fuel="0.00" electricity="0.00" noise="88.49" route="routetop" type="cfm-fast" waiting="0.00" lane="top_1" pos="15.75" speed="76.96" angle="246.15" x="32.64" y="121.13"/>
        <vehicle id="cfm-fast_5" eclass="HBEFA3/PC_G_EU4" CO2="13500.33" CO="208.38" HC="1.28" NOx="5.70" PMx="0.31" fuel="5.80" electricity="0.00" noise="74.73" route="routetop" type="cfm-fast" waiting="0.00" lane="left_0" pos="23.41" speed="25.14" angle="142.33" x="12.80" y="17.62"/>
        <vehicle id="cfm-slow_0" eclass="HBEFA3/PC_G_EU4" CO2="15365.67" CO="252.36" HC="1.53" NOx="6.55" PMx="0.36" fuel="6.60" electricity="0.00" noise="75.87" route="routetop" type="cfm-slow" waiting="0.00" lane="left_0" pos="39.67" speed="26.56" angle="113.12" x="41.74" y="-1.35"/>
        <vehicle id="cfm-slow_1" eclass="HBEFA3/PC_G_EU4" CO2="15245.17" CO="257.85" HC="1.56" NOx="6.46" PMx="0.37" fuel="6.55" electricity="0.00" noise="76.12" route="routebottom" type="cfm-slow" waiting="0.00" lane="bottom_0" pos="11.38" speed="28.10" angle="73.91" x="87.71" y="-0.59"/>
        <vehicle id="cfm-slow_2" eclass="HBEFA3/PC_G_EU4" CO2="10145.36" CO="161.45" HC="0.99" NOx="4.03" PMx="0.24" fuel="4.36" electricity="0.00" noise="74.72" route="routebottom" type="cfm-slow" waiting="0.00" lane="bottom_0" pos="34.63" speed="29.45" angle="32.23" x="124.42" y="31.78"/>
        <vehicle id="cfm-slow_3" eclass="HBEFA3/PC_G_EU4" CO2="0.00" CO="0.00" HC="0.00" NOx="0.00" PMx="0.00" fuel="0.00" electricity="0.00" noise="72.83" route="routebottom" type="cfm-slow" waiting="0.00" lane="right_0" pos="9.21" speed="29.96" angle="347.86" x="129.40" y="83.30"/>
        <vehicle id="cfm-slow_4" eclass="HBEFA3/PC_G_EU4" CO2="0.00" CO="0.00" HC="0.00" NOx="0.00" PMx="0.00" fuel="0.00" electricity="0.00" noise="71.68" route="routebottom" type="cfm-slow" waiting="0.00" lane="right_0" pos="34.21" speed="28.89" angle="302.94" x="96.34" y="123.98"/>
        <vehicle id="cfm-slow_5" eclass="HBEFA3/PC_G_EU4" CO2="0.00" CO="0.00" HC="0.00" NOx="0.00" PMx="0.00" fuel="0.00" electricity="0.00" noise="70.39" route="routetop" type="cfm-slow" waiting="0.00" lane="top_0" pos="7.99" speed="26.36" angle="260.04" x="46.57" y="130.10"/>
    </timestep>
    <timestep time="9.59">
        <vehicle id="cfm-fast_0" eclass="HBEFA3/PC_G_EU4" CO2="282104.72" CO="6740.39" HC="37.82" NOx="131.64" PMx="7.77" fuel="121.26" electricity="0.00" noise="148.77" route="routetop" type="cfm-fast" waiting="0.00" lane="left_1" pos="39.63" speed="70.28" angle="113.13" x="42.73" y="1.80"/>
        <vehicle id="cfm-fast_1" eclass="HBEFA3/PC_G_EU4" CO2="4251.55" CO="13.01" HC="0.16" NOx="1.38" PMx="0.07" fuel="1.83" electricity="0.00" noise="70.49" route="routetop" type="cfm-fast" waiting="0.00" lane="top_0" pos="30.16" speed="23.16" angle="220.21" x="7.97" y="103.71"/>
        <vehicle id="cfm-fast_2" eclass="HBEFA3/PC_G_EU4" CO2="7921.84" CO="88.79" HC="0.60" NOx="3.11" PMx="0.16" fuel="3.41" electricity="0.00" noise="71.78" route="routetop" type="cfm-fast" waiting="0.00" lane="top_0" pos="44.28" speed="23.28" angle="194.87" x="-3.82" y="76.00"/>
        <vehicle id="cfm-fast_3" eclass="HBEFA3/PC_G_EU4" CO2="10990.81" CO="153.48" HC="0.97" NOx="4.55" PMx="0.24" fuel="4.72" electricity="0.00" noise="73.31" route="routetop" type="cfm-fast" waiting="0.00" lane="left_0" pos="8.58" speed="24.00" angle="168.96" x="-2.44" y="45.33"/>
        <vehicle id="cfm-fast_4" eclass="HBEFA3/PC_G_EU4" CO2="0.00" CO="0.00" HC="0.00" NOx="0.00" PMx="0.00" fuel="0.00" electricity="0.00" noise="88.67" route="routetop" type="cfm-fast" waiting="0.00" lane="top_1" pos="16.52" speed="76.94" angle="244.77" x="31.26" y="120.36"/>
        <vehicle id="cfm-fast_5" eclass="HBEFA3/PC_G_EU4" CO2="13518.56" CO="208.80" HC="1.29" NOx="5.71" PMx="0.31" fuel="5.81" electricity="0.00" noise="74.75" route="routetop" type="cfm-fast" waiting="0.00" lane="left_0" pos="23.67" speed="25.15" angle="141.87" x="13.17" y="17.23"/>
        <vehicle id="cfm-slow_0" eclass="HBEFA3/PC_G_EU4" CO2="15366.33" CO="252.44" HC="1.53" NOx="6.55" PMx="0.36" fuel="6.61" electricity="0.00" noise="75.87" route="routetop" type="cfm-slow" waiting="0.00" lane="left_0" pos="39.94" speed="26.57" angle="112.66" x="42.28" y="-1.53"/>
        <vehicle id="cfm-slow_1" eclass="HBEFA3/PC_G_EU4" CO2="15200.44" CO="257.01" HC="1.55" NOx="6.44" PMx="0.36" fuel="6.53" electricity="0.00" noise="76.10" route="routebottom" type="cfm-slow" waiting="0.00" lane="bottom_0" pos="11.66" speed="28.12" angle="73.46" x="88.28" y="-0.37"/>
        <vehicle id="cfm-slow_2" eclass="HBEFA3/PC_G_EU4" CO2="10036.72" CO="159.26" HC="0.98" NOx="3.97" PMx="0.23" fuel="4.31" electricity="0.00" noise="74.69" route="routebottom" type="cfm-slow" waiting="0.00" lane="bottom_0" pos="34.93" speed="29.46" angle="31.70" x="124.70" y="32.35"/>
        <vehicle id="cfm-slow_3" eclass="HBEFA3/PC_G_EU4" CO2="0.00" CO="0.00" HC="0.00" NOx="0.00" PMx="0.00" fuel="0.00" electricity="0.00" noise="72.81" route="routebottom" type="cfm-slow" waiting="0.00" lane="right_0" pos="9.51" speed="29.95" angle="347.32" x="129.21" y="83.92"/>
        <vehicle id="cfm-slow_4" eclass="HBEFA3/PC_G_EU4" CO2="0.00" CO="0.00" HC="0.00" NOx="0.00" PMx="0.00" fuel="0.00" electricity="0.00" noise="71.67" route="routebottom" type="cfm-slow" waiting="0.00" lane="right_0" pos="34.50" speed="28.86" angle="302.42" x="95.80" y="124.28"/>
        <vehicle id="cfm-slow_5" eclass="HBEFA3/PC_G_EU4" CO2="0.00" CO="0.00" HC="0.00" NOx="0.00" PMx="0.00" fuel="0.00" electricity="0.00" noise="70.38" route="routetop" type="cfm-slow" waiting="0.00" lane="top_0" pos="8.25" speed="26.34" angle="259.56" x="46.02" y="129.95"/>
    </timestep>
    <timestep time="9.60">
        <vehicle id="cfm-fast_0" eclass="HBEFA3/PC_G_EU4" CO2="282722.36" CO="6758.71" HC="37.92" NOx="131.93" PMx="7.79" fuel="121.53" electricity="0.00" noise="148.83" route="routetop" type="cfm-fast" waiting="0.00" lane="left_1" pos="40.33" speed="70.42" angle="111.89" x="44.11" y="1.36"/>
        <vehicle id="cfm-fast_1" eclass="HBEFA3/PC_G_EU4" CO2="4287.69" CO="13.75" HC="0.17" NOx="1.40" PMx="0.07" fuel="1.84" electricity="0.00" noise="70.51" route="routetop" type="cfm-fast" waiting="0.00" lane="top_0" pos="30.40" speed="23.16" angle="219.78" x="7.68" y="103.31"/>
        <vehicle id="cfm-fast_2" eclass="HBEFA3/PC_G_EU4" CO2="7951.93" CO="89.42" HC="0.60" NOx="3.13" PMx="0.16" fuel="3.42" electricity="0.00" noise="71.80" route="routetop" type="cfm-fast" waiting="0.00" lane="top_0" pos="44.51" speed="23.29" angle="194.44" x="-3.91" y="75.51"/>
        <vehicle id="cfm-fast_3" eclass="HBEFA3/PC_G_EU4" CO2="11015.25" CO="154.01" HC="0.97" NOx="4.56" PMx="0.24" fuel="4.73" electricity="0.00" noise="73.32" route="routetop" type="cfm-fast" waiting="0.00" lane="left_0" pos="8.82" speed="24.02" angle="168.52" x="-2.31" y="44.83"/>
        <vehicle id="cfm-fast_4" eclass="HBEFA3/PC_G_EU4" CO2="0.00" CO="0.00" HC="0.00" NOx="0.00" PMx="0.00" fuel="0.00" electricity="0.00" noise="88.87" route="routetop" type="cfm-fast" waiting="0.00" lane="top_1" pos="17.29" speed="76.93" angle="243.40" x="29.90" y="119.56"/>
        <vehicle id="cfm-fast_5" eclass="HBEFA3/PC_G_EU4" CO2="13536.64" CO="209.22" HC="1.29" NOx="5.72" PMx="0.31" fuel="5.82" electricity="0.00" noise="74.76" route="routetop" type="cfm-fast" waiting="0.00" lane="left_0" pos="23.92" speed="25.16" angle="141.42" x="13.54" y="16.83"/>
        <vehicle id="cfm-slow_0" eclass="HBEFA3/PC_G_EU4" CO2="15366.58" CO="252.51" HC="1.53" NOx="6.55" PMx="0.36" fuel="6.61" electricity="0.00" noise="75.88" route="routetop" type="cfm-slow" waiting="0.00" lane="left_0" pos="40.21" speed="26.59" angle="112.17" x="42.83" y="-1.70"/>
        <vehicle id="cfm-slow_1" eclass="HBEFA3/PC_G_EU4" CO2="15155.10" CO="256.16" HC="1.55" NOx="6.42" PMx="0.36" fuel="6.51" electricity="0.00" noise="76.08" route="routebottom" type="cfm-slow" waiting="0.00" lane="bottom_0" pos="11.94" speed="28.13" angle="72.96" x="88.84" y="-0.15"/>
        <vehicle id="cfm-slow_2" eclass="HBEFA3/PC_G_EU4" CO2="9927.90" CO="157.05" HC="0.97" NOx="3.92" PMx="0.23" fuel="4.27" electricity="0.00" noise="74.67" route="routebottom" type="cfm-slow" waiting="0.00" lane="bottom_0" pos="35.22" speed="29.46" angle="31.16" x="124.99" y="32.91"/>
        <vehicle id="cfm-slow_3" eclass="HBEFA3/PC_G_EU4" CO2="0.00" CO="0.00" HC="0.00" NOx="0.00" PMx="0.00" fuel="0.00" electricity="0.00" noise="72.80" route="routebottom" type="cfm-slow" waiting="0.00" lane="right_0" pos="9.81" speed="29.94" angle="346.78" x="129.02" y="84.53"/>
        <vehicle id="cfm-slow_4" eclass="HBEFA3/PC_G_EU4" CO2="0.00" CO="0.00" HC="0.00" NOx="0.00" PMx="0.00" fuel="0.00" electricity="0.00" noise="71.65" route="routebottom" type="cfm-slow" waiting="0.00" lane="right_0" pos="34.79" speed="28.84" angle="301.96" x="95.25" y="124.57"/>
        <vehicle id="cfm-slow_5" eclass="HBEFA3/PC_G_EU4" CO2="0.00" CO="0.00" HC="0.00" NOx="0.00" PMx="0.00" fuel="0.00" electricity="0.00" noise="70.37" route="routetop" type="cfm-slow" waiting="0.00" lane="top_0" pos="8.51" speed="26.32" angle="259.08" x="45.47" y="129.81"/>
    </timestep>
    <timestep time="9.61">
        <vehicle id="cfm-fast_0" eclass="HBEFA3/PC_G_EU4" CO2="283340.28" CO="6777.05" HC="38.02" NOx="132.22" PMx="7.81" fuel="121.79" electricity="0.00" noise="148.90" route="routetop" type="cfm-fast" waiting="0.00" lane="left_1" pos="41.04" speed="70.56" angle="110.64" x="45.49" y="0.93"/>
        <vehicle id="cfm-fast_1" eclass="HBEFA3/PC_G_EU4" CO2="4323.77" CO="14.50" HC="0.17" NOx="1.42" PMx="0.07" fuel="1.86" electricity="0.00" noise="70.52" route="routetop" type="cfm-fast" waiting="0.00" lane="top_0" pos="30.63" speed="23.16" angle="219.35" x="7.39" y="102.90"/>
        <vehicle id="cfm-fast_2" eclass="HBEFA3/PC_G_EU4" CO2="7981.97" CO="90.05" HC="0.61" NOx="3.14" PMx="0.16" fuel="3.43" electricity="0.00" noise="71.81" route="routetop" type="cfm-fast" waiting="0.00" lane="top_0" pos="44.75" speed="23.30" angle="194.00" x="-4.00" y="75.01"/>
        <vehicle id="cfm-fast_3" eclass="HBEFA3/PC_G_EU4" CO2="11039.64" CO="154.54" HC="0.98" NOx="4.57" PMx="0.24" fuel="4.75" electricity="0.00" noise="73.34" route="routetop" type="cfm-fast" waiting="0.00" lane="left_0" pos="9.06" speed="24.03" angle="168.13" x="-2.16" y="44.34"/>
        <vehicle id="cfm-fast_4" eclass="HBEFA3/PC_G_EU4" CO2="0.00" CO="0.00" HC="0.00" NOx="0.00" PMx="0.00" fuel="0.00" electricity="0.00" noise="89.07" route="routetop" type="cfm-fast" waiting="0.00" lane="top_1" pos="18.06" speed="76.92" angle="242.05" x="28.56" y="118.74"/>
        <vehicle id="cfm-fast_5" eclass="HBEFA3/PC_G_EU4" CO2="13554.56" CO="209.64" HC="1.29" NOx="5.73" PMx="0.31" fuel="5.83" electricity="0.00" noise="74.77" route="routetop" type="cfm-fast" waiting="0.00" lane="left_0" pos="24.17" speed="25.18" angle="140.96" x="13.90" y="16.43"/>
        <vehicle id="cfm-slow_0" eclass="HBEFA3/PC_G_EU4" CO2="15366.42" CO="252.58" HC="1.53" NOx="6.55" PMx="0.36" fuel="6.61" electricity="0.00" noise="75.88" route="routetop" type="cfm-slow" waiting="0.00" lane="left_0" pos="40.47" speed="26.60" angle="111.67" x="43.38" y="-1.87"/>
        <vehicle id="cfm-slow_1" eclass="HBEFA3/PC_G_EU4" CO2="15109.14" CO="255.29" HC="1.54" NOx="6.40" PMx="0.36" fuel="6.49" electricity="0.00" noise="76.07" route="routebottom" type="cfm-slow" waiting="0.00" lane="bottom_0" pos="12.22" speed="28.14" angle="72.46" x="89.40" y="0.08"/>
        <vehicle id="cfm-slow_2" eclass="HBEFA3/PC_G_EU4" CO2="9818.93" CO="154.85" HC="0.95" NOx="3.87" PMx="0.23" fuel="4.22" electricity="0.00" noise="74.64" route="routebottom" type="cfm-slow" waiting="0.00" lane="bottom_0" pos="35.52" speed="29.47" angle="30.63" x="125.27" y="33.48"/>
        <vehicle id="cfm-slow_3" eclass="HBEFA3/PC_G_EU4" CO2="0.00" CO="0.00" HC="0.00" NOx="0.00" PMx="0.00" fuel="0.00" electricity="0.00" noise="72.78" route="routebottom" type="cfm-slow" waiting="0.00" lane="right_0" pos="10.11" speed="29.93" angle="346.25" x="128.83" y="85.15"/>
        <vehicle id="cfm-slow_4" eclass="HBEFA3/PC_G_EU4" CO2="0.00" CO="0.00" HC="0.00" NOx="0.00" PMx="0.00" fuel="0.00" electricity="0.00" noise="71.64" route="routebottom" type="cfm-slow" waiting="0.00" lane="right_0" pos="35.08" speed="28.82" angle="301.43" x="94.70" y="124.84"/>
        <vehicle id="cfm-slow_5" eclass="HBEFA3/PC_G_EU4" CO2="0.00" CO="0.00" HC="0.00" NOx="0.00" PMx="0.00" fuel="0.00" electricity="0.00" noise="70.36" route="routetop" type="cfm-slow" waiting="0.00" lane="top_0" pos="8.78" speed="26.29" angle="258.60" x="44.93" y="129.66"/>
    </timestep>
    <timestep time="9.62">
        <vehicle id="cfm-fast_0" eclass="HBEFA3/PC_G_EU4" CO2="283958.50" CO="6795.42" HC="38.11" NOx="132.51" PMx="7.83" fuel="122.06" electricity="0.00" noise="148.97" route="routetop" type="cfm-fast" waiting="0.00" lane="left_1" pos="41.74" speed="70.69" angle="109.34" x="46.89" y="0.55"/>
        <vehicle id="cfm-fast_1" eclass="HBEFA3/PC_G_EU4" CO2="4359.79" CO="15.24" HC="0.18" NOx="1.44" PMx="0.07" fuel="1.87" electricity="0.00" noise="70.53" route="routetop" type="cfm-fast" waiting="0.00" lane="top_0" pos="30.86" speed="23.16" angle="218.99" x="7.10" y="102.50"/>
        <vehicle id="cfm-fast_2" eclass="HBEFA3/PC_G_EU4" CO2="8011.95" CO="90.68" HC="0.61" NOx="3.16" PMx="0.16" fuel="3.44" electricity="0.00" noise="71.83" route="routetop" type="cfm-fast" waiting="0.00" lane="top_0" pos="44.98" speed="23.30" angle="193.64" x="-4.09" y="74.52"/>
        <vehicle id="cfm-fast_3" eclass="HBEFA3/PC_G_EU4" CO2="11063.97" CO="155.07" HC="0.98" NOx="4.58" PMx="0.24" fuel="4.76" electricity="0.00" noise="73.35" route="routetop" type="cfm-fast" waiting="0.00" lane="left_0" pos="9.30" speed="24.04" angle="167.68" x="-2.01" y="43.84"/>
        <vehicle id="cfm-fast_4" eclass="HBEFA3/PC_G_EU4" CO2="0.00" CO="0.00" HC="0.00" NOx="0.00" PMx="0.00" fuel="0.00" electricity="0.00" noise="89.28" route="routetop" type="cfm-fast" waiting="0.00" lane="top_1" pos="18.83" speed="76.90" angle="240.58" x="27.24" y="117.87"/>
        <vehicle id="cfm-fast_5" eclass="HBEFA3/PC_G_EU4" CO2="13572.32" CO="210.05" HC="1.29" NOx="5.74" PMx="0.31" fuel="5.83" electricity="0.00" noise="74.78" route="routetop" type="cfm-fast" waiting="0.00" lane="left_0" pos="24.42" speed="25.19" angle="140.57" x="14.28" y="16.03"/>
        <vehicle id="cfm-slow_0" eclass="HBEFA3/PC_G_EU4" CO2="15365.85" CO="252.64" HC="1.53" NOx="6.55" PMx="0.36" fuel="6.61" electricity="0.00" noise="75.88" route="routetop" type="cfm-slow" waiting="0.00" lane="left_0" pos="40.74" speed="26.62" angle="111.17" x="43.93" y="-2.04"/>
        <vehicle id="cfm-slow_1" eclass="HBEFA3/PC_G_EU4" CO2="15062.58" CO="254.41" HC="1.54" NOx="6.37" PMx="0.36" fuel="6.47" electricity="0.00" noise="76.05" route="routebottom" type="cfm-slow" waiting="0.00" lane="bottom_0" pos="12.50" speed="28.16" angle="71.96" x="89.97" y="0.30"/>
        <vehicle id="cfm-slow_2" eclass="HBEFA3/PC_G_EU4" CO2="9709.81" CO="152.64" HC="0.94" NOx="3.82" PMx="0.23" fuel="4.17" electricity="0.00" noise="74.61" route="routebottom" type="cfm-slow" waiting="0.00" lane="bottom_0" pos="35.81" speed="29.47" angle="30.11" x="125.56" y="34.05"/>
        <vehicle id="cfm-slow_3" eclass="HBEFA3/PC_G_EU4" CO2="0.00" CO="0.00" HC="0.00" NOx="0.00" PMx="0.00" fuel="0.00" electricity="0.00" noise="72.77" route="routebottom" type="cfm-slow" waiting="0.00" lane="right_0" pos="10.41" speed="29.92" angle="345.75" x="128.62" y="85.76"/>
        <vehicle id="cfm-slow_4" eclass="HBEFA3/PC_G_EU4" CO2="0.00" CO="0.00" HC="0.00" NOx="0.00" PMx="0.00" fuel="0.00" electricity="0.00" noise="71.63" route="routebottom" type="cfm-slow" waiting="0.00" lane="right_0" pos="35.36" speed="28.79" angle="300.91" x="94.14" y="125.12"/>
        <vehicle id="cfm-slow_5" eclass="HBEFA3/PC_G_EU4" CO2="0.00" CO="0.00" HC="0.00" NOx="0.00" PMx="0.00" fuel="0.00" electricity="0.00" noise="70.35" route="routetop" type="cfm-slow" waiting="0.00" lane="top_0" pos="9.04" speed="26.27" angle="258.18" x="44.38" y="129.51"/>
    </timestep>
    <timestep time="9.63">
        <vehicle id="cfm-fast_0" eclass="HBEFA3/PC_G_EU4" CO2="284577.01" CO="6813.81" HC="38.21" NOx="132.80" PMx="7.85" fuel="122.33" electricity="0.00" noise="149.03" route="routetop" type="cfm-fast" waiting="0.00" lane="left_1" pos="42.45" speed="70.83" angle="108.11" x="48.30" y="0.19"/>
        <vehicle id="cfm-fast_1" eclass="HBEFA3/PC_G_EU4" CO2="4395.76" CO="15.98" HC="0.18" NOx="1.45" PMx="0.07" fuel="1.89" electricity="0.00" noise="70.54" route="routetop" type="cfm-fast" waiting="0.00" lane="top_0" pos="31.09" speed="23.16" angle="218.57" x="6.83" y="102.08"/>
        <vehicle id="cfm-fast_2" eclass="HBEFA3/PC_G_EU4" CO2="8041.87" CO="91.31" HC="0.61" NOx="3.17" PMx="0.16" fuel="3.46" electricity="0.00" noise="71.84" route="routetop" type="cfm-fast" waiting="0.00" lane="top_0" pos="45.21" speed="23.31" angle="193.21" x="-4.16" y="74.02"/>
        <vehicle id="cfm-fast_3" eclass="HBEFA3/PC_G_EU4" CO2="11088.24" CO="155.59" HC="0.98" NOx="4.59" PMx="0.25" fuel="4.77" electricity="0.00" noise="73.37" route="routetop" type="cfm-fast" waiting="0.00" lane="left_0" pos="9.54" speed="24.05" angle="167.24" x="-1.86" y="43.35"/>
        <vehicle id="cfm-fast_4" eclass="HBEFA3/PC_G_EU4" CO2="0.00" CO="0.00" HC="0.00" NOx="0.00" PMx="0.00" fuel="0.00" electricity="0.00" noise="89.50" route="routetop" type="cfm-fast" waiting="0.00" lane="top_1" pos="19.60" speed="76.89" angle="239.20" x="25.95" y="116.97"/>
        <vehicle id="cfm-fast_5" eclass="HBEFA3/PC_G_EU4" CO2="13589.93" CO="210.46" HC="1.30" NOx="5.74" PMx="0.31" fuel="5.84" electricity="0.00" noise="74.79" route="routetop" type="cfm-fast" waiting="0.00" lane="left_0" pos="24.67" speed="25.21" angle="140.10" x="14.66" y="15.65"/>
        <vehicle id="cfm-slow_0" eclass="HBEFA3/PC_G_EU4" CO2="15364.86" CO="252.69" HC="1.53" NOx="6.55" PMx="0.36" fuel="6.60" electricity="0.00" noise="75.88" route="routetop" type="cfm-slow" waiting="0.00" lane="left_0" pos="41.00" speed="26.63" angle="110.71" x="44.47" y="-2.21"/>
        <vehicle id="cfm-slow_1" eclass="HBEFA3/PC_G_EU4" CO2="15015.42" CO="253.52" HC="1.53" NOx="6.35" PMx="0.36" fuel="6.45" electricity="0.00" noise="76.04" route="routebottom" type="cfm-slow" waiting="0.00" lane="bottom_0" pos="12.78" speed="28.17" angle="71.50" x="90.53" y="0.53"/>
        <vehicle id="cfm-slow_2" eclass="HBEFA3/PC_G_EU4" CO2="9600.55" CO="150.43" HC="0.93" NOx="3.77" PMx="0.22" fuel="4.13" electricity="0.00" noise="74.58" route="routebottom" type="cfm-slow" waiting="0.00" lane="bottom_0" pos="36.11" speed="29.48" angle="29.59" x="125.83" y="34.62"/>
        <vehicle id="cfm-slow_3" eclass="HBEFA3/PC_G_EU4" CO2="0.00" CO="0.00" HC="0.00" NOx="0.00" PMx="0.00" fuel="0.00" electricity="0.00" noise="72.75" route="routebottom" type="cfm-slow" waiting="0.00" lane="right_0" pos="10.71" speed="29.91" angle="345.18" x="128.40" y="86.36"/>
        <vehicle id="cfm-slow_4" eclass="HBEFA3/PC_G_EU4" CO2="0.00" CO="0.00" HC="0.00" NOx="0.00" PMx="0.00" fuel="0.00" electricity="0.00" noise="71.62" route="routebottom" type="cfm-slow" waiting="0.00" lane="right_0" pos="35.65" speed="28.77" angle="300.39" x="93.59" y="125.40"/>
        <vehicle id="cfm-slow_5" eclass="HBEFA3/PC_G_EU4" CO2="0.00" CO="0.00" HC="0.00" NOx="0.00" PMx="0.00" fuel="0.00" electricity="0.00" noise="70.34" route="routetop" type="cfm-slow" waiting="0.00" lane="top_0" pos="9.30" speed="26.25" angle="257.71" x="43.84" y="129.34"/>
    </timestep>
    <timestep time="9.64">
        <vehicle id="cfm-fast_0" eclass="HBEFA3/PC_G_EU4" CO2="285195.81" CO="6832.21" HC="38.31" NOx="133.09" PMx="7.86" fuel="122.59" electricity="0.00" noise="149.10" route="routetop" type="cfm-fast" waiting="0.00" lane="left_1" pos="43.16" speed="70.96" angle="106.84" x="49.72" y="-0.13"/>
        <vehicle id="cfm-fast_1" eclass="HBEFA3/PC_G_EU4" CO2="4431.66" CO="16.72" HC="0.18" NOx="1.47" PMx="0.07" fuel="1.90" electricity="0.00" noise="70.55" route="routetop" type="cfm-fast" waiting="0.00" lane="top_0" pos="31.32" speed="23.16" angle="218.15" x="6.55" y="101.67"/>
        <vehicle id="cfm-fast_2" eclass="HBEFA3/PC_G_EU4" CO2="8071.74" CO="91.94" HC="0.62" NOx="3.18" PMx="0.17" fuel="3.47" electricity="0.00" noise="71.85" route="routetop" type="cfm-fast" waiting="0.00" lane="top_0" pos="45.44" speed="23.32" angle="192.78" x="-4.23" y="73.53"/>
        <vehicle id="cfm-fast_3" eclass="HBEFA3/PC_G_EU4" CO2="11112.46" CO="156.12" HC="0.99" NOx="4.60" PMx="0.25" fuel="4.78" electricity="0.00" noise="73.38" route="routetop" type="cfm-fast" waiting="0.00" lane="left_0" pos="9.78" speed="24.06" angle="166.79" x="-1.71" y="42.85"/>
        <vehicle id="cfm-fast_4" eclass="HBEFA3/PC_G_EU4" CO2="0.00" CO="0.00" HC="0.00" NOx="0.00" PMx="0.00" fuel="0.00" electricity="0.00" noise="89.73" route="routetop" type="cfm-fast" waiting="0.00" lane="top_1" pos="20.36" speed="76.88" angle="237.77" x="24.67" y="116.04"/>
        <vehicle id="cfm-fast_5" eclass="HBEFA3/PC_G_EU4" CO2="13607.37" CO="210.87" HC="1.30" NOx="5.75" PMx="0.31" fuel="5.85" electricity="0.00" noise="74.80" route="routetop" type="cfm-fast" waiting="0.00" lane="left_0" pos="24.93" speed="25.22" angle="139.64" x="15.04" y="15.27"/>
        <vehicle id="cfm-slow_0" eclass="HBEFA3/PC_G_EU4" CO2="15363.46" CO="252.73" HC="1.53" NOx="6.55" PMx="0.36" fuel="6.60" electricity="0.00" noise="75.89" route="routetop" type="cfm-slow" waiting="0.00" lane="left_0" pos="41.27" speed="26.65" angle="110.24" x="45.03" y="-2.36"/>
        <vehicle id="cfm-slow_1" eclass="HBEFA3/PC_G_EU4" CO2="14967.66" CO="252.61" HC="1.53" NOx="6.33" PMx="0.36" fuel="6.43" electricity="0.00" noise="76.02" route="routebottom" type="cfm-slow" waiting="0.00" lane="bottom_0" pos="13.07" speed="28.18" angle="70.98" x="91.08" y="0.77"/>
        <vehicle id="cfm-slow_2" eclass="HBEFA3/PC_G_EU4" CO2="9491.16" CO="148.21" HC="0.92" NOx="3.72" PMx="0.22" fuel="4.08" electricity="0.00" noise="74.55" route="routebottom" type="cfm-slow" waiting="0.00" lane="bottom_0" pos="36.40" speed="29.48" angle="29.02" x="126.08" y="35.20"/>
        <vehicle id="cfm-slow_3" eclass="HBEFA3/PC_G_EU4" CO2="0.00" CO="0.00" HC="0.00" NOx="0.00" PMx="0.00" fuel="0.00" electricity="0.00" noise="72.74" route="routebottom" type="cfm-slow" waiting="0.00" lane="right_0" pos="11.01" speed="29.90" angle="344.61" x="128.18" y="86.97"/>
        <vehicle id="cfm-slow_4" eclass="HBEFA3/PC_G_EU4" CO2="0.00" CO="0.00" HC="0.00" NOx="0.00" PMx="0.00" fuel="0.00" electricity="0.00" noise="71.61" route="routebottom" type="cfm-slow" waiting="0.00" lane="right_0" pos="35.94" speed="28.74" angle="299.92" x="93.04" y="125.67"/>
        <vehicle id="cfm-slow_5" eclass="HBEFA3/PC_G_EU4" CO2="0.00" CO="0.00" HC="0.00" NOx="0.00" PMx="0.00" fuel="0.00" electricity="0.00" noise="70.33" route="routetop" type="cfm-slow" waiting="0.00" lane="top_0" pos="9.56" speed="26.22" angle="257.23" x="43.30" y="129.18"/>
    </timestep>
    <timestep time="9.65">
        <vehicle id="cfm-fast_0" eclass="HBEFA3/PC_G_EU4" CO2="285814.90" CO="6850.64" HC="38.41" NOx="133.38" PMx="7.88" fuel="122.86" electricity="0.00" noise="149.16" route="routetop" type="cfm-fast" waiting="0.00" lane="left_1" pos="43.87" speed="71.10" angle="105.60" x="51.14" y="-0.43"/>
        <vehicle id="cfm-fast_1" eclass="HBEFA3/PC_G_EU4" CO2="4467.49" CO="17.46" HC="0.19" NOx="1.49" PMx="0.07" fuel="1.92" electricity="0.00" noise="70.56" route="routetop" type="cfm-fast" waiting="0.00" lane="top_0" pos="31.55" speed="23.16" angle="217.74" x="6.28" y="101.25"/>
        <vehicle id="cfm-fast_2" eclass="HBEFA3/PC_G_EU4" CO2="8101.55" CO="92.56" HC="0.62" NOx="3.20" PMx="0.17" fuel="3.48" electricity="0.00" noise="71.87" route="routetop" type="cfm-fast" waiting="0.00" lane="top_0" pos="45.68" speed="23.32" angle="192.36" x="-4.30" y="73.03"/>
        <vehicle id="cfm-fast_3" eclass="HBEFA3/PC_G_EU4" CO2="11136.61" CO="156.64" HC="0.99" NOx="4.61" PMx="0.25" fuel="4.79" electricity="0.00" noise="73.39" route="routetop" type="cfm-fast" waiting="0.00" lane="left_0" pos="10.02" speed="24.07" angle="166.35" x="-1.55" y="42.36"/>
        <vehicle id="cfm-fast_4" eclass="HBEFA3/PC_G_EU4" CO2="0.00" CO="0.00" HC="0.00" NOx="0.00" PMx="0.00" fuel="0.00" electricity="0.00" noise="89.97" route="routetop" type="cfm-fast" waiting="0.00" lane="top_1" pos="21.13" speed="76.87" angle="236.43" x="23.42" y="115.08"/>
        <vehicle id="cfm-fast_5" eclass="HBEFA3/PC_G_EU4" CO2="13624.65" CO="211.27" HC="1.30" NOx="5.76" PMx="0.31" fuel="5.86" electricity="0.00" noise="74.81" route="routetop" type="cfm-fast" waiting="0.00" lane="left_0" pos="25.18" speed="25.24" angle="139.18" x="15.43" y="14.88"/>
        <vehicle id="cfm-slow_0" eclass="HBEFA3/PC_G_EU4" CO2="15361.64" CO="252.76" HC="1.53" NOx="6.55" PMx="0.36" fuel="6.60" electricity="0.00" noise="75.89" route="routetop" type="cfm-slow" waiting="0.00" lane="left_0" pos="41.54" speed="26.66" angle="109.74" x="45.58" y="-2.51"/>
        <vehicle id="cfm-slow_1" eclass="HBEFA3/PC_G_EU4" CO2="14919.30" CO="251.69" HC="1.52" NOx="6.31" PMx="0.36" fuel="6.41" electricity="0.00" noise="76.00" route="routebottom" type="cfm-slow" waiting="0.00" lane="bottom_0" pos="13.35" speed="28.20" angle="70.46" x="91.64" y="1.02"/>
        <vehicle id="cfm-slow_2" eclass="HBEFA3/PC_G_EU4" CO2="9381.66" CO="145.99" HC="0.90" NOx="3.66" PMx="0.22" fuel="4.03" electricity="0.00" noise="74.52" route="routebottom" type="cfm-slow" waiting="0.00" lane="bottom_0" pos="36.70" speed="29.49" angle="28.44" x="126.34" y="35.78"/>
        <vehicle id="cfm-slow_3" eclass="HBEFA3/PC_G_EU4" CO2="0.00" CO="0.00" HC="0.00" NOx="0.00" PMx="0.00" fuel="0.00" electricity="0.00" noise="72.72" route="routebottom" type="cfm-slow" waiting="0.00" lane="right_0" pos="11.31" speed="29.89" angle="344.04" x="127.96" y="87.57"/>
        <vehicle id="cfm-slow_4" eclass="HBEFA3/PC_G_EU4" CO2="0.00" CO="0.00" HC="0.00" NOx="0.00" PMx="0.00" fuel="0.00" electricity="0.00" noise="71.59" route="routebottom" type="cfm-slow" waiting="0.00" lane="right_0" pos="36.23" speed="28.72" angle="299.37" x="92.47" y="125.93"/>
        <vehicle id="cfm-slow_5" eclass="HBEFA3/PC_G_EU4" CO2="0.00" CO="0.00" HC="0.00" NOx="0.00" PMx="0.00" fuel="0.00" electricity="0.00" noise="70.32" route="routetop" type="cfm-slow" waiting="0.00" lane="top_0" pos="9.83" speed="26.20" angle="256.75" x="42.77" y="129.01"/>
    </timestep>
    <timestep time="9.66">
        <vehicle id="cfm-fast_0" eclass="HBEFA3/PC_G_EU4" CO2="286434.28" CO="6869.10" HC="38.51" NOx="133.67" PMx="7.90" fuel="123.12" electricity="0.00" noise="149.23" route="routetop" type="cfm-fast" waiting="0.00" lane="left_1" pos="44.58" speed="71.24" angle="104.27" x="52.58" y="-0.70"/>
        <vehicle id="cfm-fast_1" eclass="HBEFA3/PC_G_EU4" CO2="4503.27" CO="18.20" HC="0.19" NOx="1.50" PMx="0.07" fuel="1.94" electricity="0.00" noise="70.57" route="routetop" type="cfm-fast" waiting="0.00" lane="top_0" pos="31.79" speed="23.16" angle="217.32" x="6.00" y="100.84"/>
        <vehicle id="cfm-fast_2" eclass="HBEFA3/PC_G_EU4" CO2="8131.31" CO="93.19" HC="0.62" NOx="3.21" PMx="0.17" fuel="3.50" electricity="0.00" noise="71.88" route="routetop" type="cfm-fast" waiting="0.00" lane="top_0" pos="45.91" speed="23.33" angle="191.93" x="-4.37" y="72.53"/>
        <vehicle id="cfm-fast_3" eclass="HBEFA3/PC_G_EU4" CO2="11160.70" CO="157.17" HC="0.99" NOx="4.62" PMx="0.25" fuel="4.80" electricity="0.00" noise="73.41" route="routetop" type="cfm-fast" waiting="0.00" lane="left_0" pos="10.26" speed="24.08" angle="165.97" x="-1.40" y="41.87"/>
        <vehicle id="cfm-fast_4" eclass="HBEFA3/PC_G_EU4" CO2="0.00" CO="0.00" HC="0.00" NOx="0.00" PMx="0.00" fuel="0.00" electricity="0.00" noise="90.21" route="routetop" type="cfm-fast" waiting="0.00" lane="top_1" pos="21.90" speed="76.87" angle="235.08" x="22.19" y="114.10"/>
        <vehicle id="cfm-fast_5" eclass="HBEFA3/PC_G_EU4" CO2="13641.75" CO="211.67" HC="1.30" NOx="5.77" PMx="0.32" fuel="5.86" electricity="0.00" noise="74.82" route="routetop" type="cfm-fast" waiting="0.00" lane="left_0" pos="25.43" speed="25.25" angle="138.72" x="15.81" y="14.50"/>
        <vehicle id="cfm-slow_0" eclass="HBEFA3/PC_G_EU4" CO2="15359.40" CO="252.79" HC="1.53" NOx="6.55" PMx="0.36" fuel="6.60" electricity="0.00" noise="75.89" route="routetop" type="cfm-slow" waiting="0.00" lane="left_0" pos="41.80" speed="26.68" angle="109.24" x="46.13" y="-2.65"/>
        <vehicle id="cfm-slow_1" eclass="HBEFA3/PC_G_EU4" CO2="14870.35" CO="250.76" HC="1.51" NOx="6.28" PMx="0.36" fuel="6.39" electricity="0.00" noise="75.99" route="routebottom" type="cfm-slow" waiting="0.00" lane="bottom_0" pos="13.63" speed="28.21" angle="69.94" x="92.19" y="1.27"/>
        <vehicle id="cfm-slow_2" eclass="HBEFA3/PC_G_EU4" CO2="9272.06" CO="143.77" HC="0.89" NOx="3.61" PMx="0.21" fuel="3.99" electricity="0.00" noise="74.50" route="routebottom" type="cfm-slow" waiting="0.00" lane="bottom_0" pos="36.99" speed="29.49" angle="27.87" x="126.60" y="36.36"/>
        <vehicle id="cfm-slow_3" eclass="HBEFA3/PC_G_EU4" CO2="0.00" CO="0.00" HC="0.00" NOx="0.00" PMx="0.00" fuel="0.00" electricity="0.00" noise="72.71" route="routebottom" type="cfm-slow" waiting="0.00" lane="right_0" pos="11.61" speed="29.88" angle="343.54" x="127.74" y="88.18"/>
        <vehicle id="cfm-slow_4" eclass="HBEFA3/PC_G_EU4" CO2="0.00" CO="0.00" HC="0.00" NOx="0.00" PMx="0.00" fuel="0.00" electricity="0.00" noise="71.58" route="routebottom" type="cfm-slow" waiting="0.00" lane="right_0" pos="36.51" speed="28.70" angle="298.81" x="91.91" y="126.18"/>
        <vehicle id="cfm-slow_5" eclass="HBEFA3/PC_G_EU4" CO2="0.00" CO="0.00" HC="0.00" NOx="0.00" PMx="0.00" fuel="0.00" electricity="0.00" noise="70.31" route="routetop" type="cfm-slow" waiting="0.00" lane="top_0" pos="10.09" speed="26.18" angle="256.28" x="42.23" y="128.84"/>
    </timestep>
    <timestep time="9.67">
        <vehicle id="cfm-fast_0" eclass="HBEFA3/PC_G_EU4" CO2="287053.96" CO="6887.57" HC="38.61" NOx="133.97" PMx="7.92" fuel="123.39" electricity="0.00" noise="149.29" route="routetop" type="cfm-fast" waiting="0.00" lane="left_1" pos="45.30" speed="71.37" angle="103.02" x="54.02" y="-0.93"/>
        <vehicle id="cfm-fast_1" eclass="HBEFA3/PC_G_EU4" CO2="4538.99" CO="18.94" HC="0.20" NOx="1.52" PMx="0.07" fuel="1.95" electricity="0.00" noise="70.58" route="routetop" type="cfm-fast" waiting="0.00" lane="top_0" pos="32.02" speed="23.16" angle="216.94" x="5.72" y="100.42"/>
        <vehicle id="cfm-fast_2" eclass="HBEFA3/PC_G_EU4" CO2="8161.01" CO="93.81" HC="0.63" NOx="3.23" PMx="0.17" fuel="3.51" electricity="0.00" noise="71.90" route="routetop" type="cfm-fast" waiting="0.00" lane="top_0" pos="46.14" speed="23.34" angle="191.53" x="-4.44" y="72.03"/>
        <vehicle id="cfm-fast_3" eclass="HBEFA3/PC_G_EU4" CO2="11184.73" CO="157.69" HC="1.00" NOx="4.63" PMx="0.25" fuel="4.81" electricity="0.00" noise="73.42" route="routetop" type="cfm-fast" waiting="0.00" lane="left_0" pos="10.51" speed="24.09" angle="165.52" x="-1.22" y="41.38"/>
        <vehicle id="cfm-fast_4" eclass="HBEFA3/PC_G_EU4" CO2="0.00" CO="0.00" HC="0.00" NOx="0.00" PMx="0.00" fuel="0.00" electricity="0.00" noise="90.46" route="routetop" type="cfm-fast" waiting="0.00" lane="top_1" pos="22.67" speed="76.86" angle="233.64" x="20.98" y="113.09"/>
        <vehicle id="cfm-fast_5" eclass="HBEFA3/PC_G_EU4" CO2="13658.69" CO="212.07" HC="1.31" NOx="5.78" PMx="0.32" fuel="5.87" electricity="0.00" noise="74.83" route="routetop" type="cfm-fast" waiting="0.00" lane="left_0" pos="25.68" speed="25.26" angle="138.31" x="16.20" y="14.12"/>
        <vehicle id="cfm-slow_0" eclass="HBEFA3/PC_G_EU4" CO2="15356.74" CO="252.80" HC="1.53" NOx="6.55" PMx="0.36" fuel="6.60" electricity="0.00" noise="75.89" route="routetop" type="cfm-slow" waiting="0.00" lane="left_0" pos="42.07" speed="26.69" angle="108.75" x="46.69" y="-2.80"/>
        <vehicle id="cfm-slow_1" eclass="HBEFA3/PC_G_EU4" CO2="14820.81" CO="249.82" HC="1.51" NOx="6.26" PMx="0.36" fuel="6.37" electricity="0.00" noise="75.97" route="routebottom" type="cfm-slow" waiting="0.00" lane="bottom_0" pos="13.91" speed="28.22" angle="69.42" x="92.74" y="1.52"/>
        <vehicle id="cfm-slow_2" eclass="HBEFA3/PC_G_EU4" CO2="9162.36" CO="141.54" HC="0.88" NOx="3.56" PMx="0.21" fuel="3.94" electricity="0.00" noise="74.47" route="routebottom" type="cfm-slow" waiting="0.00" lane="bottom_0" pos="37.29" speed="29.50" angle="27.39" x="126.85" y="36.94"/>
        <vehicle id="cfm-slow_3" eclass="HBEFA3/PC_G_EU4" CO2="0.00" CO="0.00" HC="0.00" NOx="0.00" PMx="0.00" fuel="0.00" electricity="0.00" noise="72.69" route="routebottom" type="cfm-slow" waiting="0.00" lane="right_0" pos="11.91" speed="29.87" angle="343.00" x="127.50" y="88.77"/>
        <vehicle id="cfm-slow_4" eclass="HBEFA3/PC_G_EU4" CO2="0.00" CO="0.00" HC="0.00" NOx="0.00" PMx="0.00" fuel="0.00" electricity="0.00" noise="71.57" route="routebottom" type="cfm-slow" waiting="0.00" lane="right_0" pos="36.80" speed="28.67" angle="298.25" x="91.35" y="126.43"/>
        <vehicle id="cfm-slow_5" eclass="HBEFA3/PC_G_EU4" CO2="0.00" CO="0.00" HC="0.00" NOx="0.00" PMx="0.00" fuel="0.00" electricity="0.00" noise="70.30" route="routetop" type="cfm-slow" waiting="0.00" lane="top_0" pos="10.35" speed="26.15" angle="255.86" x="41.69" y="128.66"/>
    </timestep>
    <timestep time="9.68">
        <vehicle id="cfm-fast_0" eclass="HBEFA3/PC_G_EU4" CO2="287673.93" CO="6906.06" HC="38.71" NOx="134.26" PMx="7.94" fuel="123.66" electricity="0.00" noise="149.36" route="routetop" type="cfm-fast" waiting="0.00" lane="left_1" pos="46.01" speed="71.51" angle="101.71" x="55.48" y="-1.14"/>
        <vehicle id="cfm-fast_1" eclass="HBEFA3/PC_G_EU4" CO2="4574.65" CO="19.68" HC="0.20" NOx="1.54" PMx="0.07" fuel="1.97" electricity="0.00" noise="70.59" route="routetop" type="cfm-fast" waiting="0.00" lane="top_0" pos="32.25" speed="23.17" angle="216.53" x="5.46" y="100.00"/>
        <vehicle id="cfm-fast_2" eclass="HBEFA3/PC_G_EU4" CO2="8190.66" CO="94.44" HC="0.63" NOx="3.24" PMx="0.17" fuel="3.52" electricity="0.00" noise="71.91" route="routetop" type="cfm-fast" waiting="0.00" lane="top_0" pos="46.38" speed="23.34" angle="191.12" x="-4.49" y="71.54"/>
        <vehicle id="cfm-fast_3" eclass="HBEFA3/PC_G_EU4" CO2="11208.70" CO="158.21" HC="1.00" NOx="4.65" PMx="0.25" fuel="4.82" electricity="0.00" noise="73.43" route="routetop" type="cfm-fast" waiting="0.00" lane="left_0" pos="10.75" speed="24.11" angle="165.08" x="-1.05" y="40.89"/>
        <vehicle id="cfm-fast_4" eclass="HBEFA3/PC_G_EU4" CO2="0.00" CO="0.00" HC="0.00" NOx="0.00" PMx="0.00" fuel="0.00" electricity="0.00" noise="90.72" route="routetop" type="cfm-fast" waiting="0.00" lane="top_1" pos="23.44" speed="76.85" angle="232.29" x="19.80" y="112.04"/>
        <vehicle id="cfm-fast_5" eclass="HBEFA3/PC_G_EU4" CO2="13675.46" CO="212.46" HC="1.31" NOx="5.78" PMx="0.32" fuel="5.88" electricity="0.00" noise="74.85" route="routetop" type="cfm-fast" waiting="0.00" lane="left_0" pos="25.94" speed="25.28" angle="137.84" x="16.60" y="13.75"/>
        <vehicle id="cfm-slow_0" eclass="HBEFA3/PC_G_EU4" CO2="15353.65" CO="252.81" HC="1.53" NOx="6.54" PMx="0.36" fuel="6.60" electricity="0.00" noise="75.89" route="routetop" type="cfm-slow" waiting="0.00" lane="left_0" pos="42.34" speed="26.71" angle="108.31" x="47.24" y="-2.95"/>
        <vehicle id="cfm-slow_1" eclass="HBEFA3/PC_G_EU4" CO2="14770.68" CO="248.86" HC="1.50" NOx="6.23" PMx="0.35" fuel="6.35" electricity="0.00" noise="75.95" route="routebottom" type="cfm-slow" waiting="0.00" lane="bottom_0" pos="14.19" speed="28.24" angle="68.95" x="93.29" y="1.78"/>
        <vehicle id="cfm-slow_2" eclass="HBEFA3/PC_G_EU4" CO2="9052.58" CO="139.31" HC="0.86" NOx="3.51" PMx="0.21" fuel="3.89" electricity="0.00" noise="74.44" route="routebottom" type="cfm-slow" waiting="0.00" lane="bottom_0" pos="37.58" speed="29.50" angle="26.86" x="127.09" y="37.53"/>
        <vehicle id="cfm-slow_3" eclass="HBEFA3/PC_G_EU4" CO2="0.00" CO="0.00" HC="0.00" NOx="0.00" PMx="0.00" fuel="0.00" electricity="0.00" noise="72.68" route="routebottom" type="cfm-slow" waiting="0.00" lane="right_0" pos="12.20" speed="29.86" angle="342.46" x="127.26" y="89.37"/>
        <vehicle id="cfm-slow_4" eclass="HBEFA3/PC_G_EU4" CO2="0.00" CO="0.00" HC="0.00" NOx="0.00" PMx="0.00" fuel="0.00" electricity="0.00" noise="71.56" route="routebottom" type="cfm-slow" waiting="0.00" lane="right_0" pos="37.09" speed="28.65" angle="297.70" x="90.78" y="126.68"/>
        <vehicle id="cfm-slow_5" eclass="HBEFA3/PC_G_EU4" CO2="0.00" CO="0.00" HC="0.00" NOx="0.00" PMx="0.00" fuel="0.00" electricity="0.00" noise="70.30" route="routetop" type="cfm-slow" waiting="0.00" lane="top_0" pos="10.61" speed="26.13" angle="255.37" x="41.17" y="128.47"/>
    </timestep>
    <timestep time="9.69">
        <vehicle id="cfm-fast_0" eclass="HBEFA3/PC_G_EU4" CO2="288294.19" CO="6924.58" HC="38.81" NOx="134.55" PMx="7.96" fuel="123.92" electricity="0.00" noise="149.43" route="routetop" type="cfm-fast" waiting="0.00" lane="left_1" pos="46.73" speed="71.65" angle="100.44" x="56.94" y="-1.29"/>
        <vehicle id="cfm-fast_1" eclass="HBEFA3/PC_G_EU4" CO2="4610.24" CO="20.41" HC="0.21" NOx="1.55" PMx="0.07" fuel="1.98" electricity="0.00" noise="70.60" route="routetop" type="cfm-fast" waiting="0.00" lane="top_0" pos="32.48" speed="23.17" angle="216.09" x="5.21" y="99.57"/>
        <vehicle id="cfm-fast_2" eclass="HBEFA3/PC_G_EU4" CO2="8220.25" CO="95.06" HC="0.64" NOx="3.25" PMx="0.17" fuel="3.53" electricity="0.00" noise="71.93" route="routetop" type="cfm-fast" waiting="0.00" lane="top_0" pos="46.61" speed="23.35" angle="190.69" x="-4.54" y="71.04"/>
        <vehicle id="cfm-fast_3" eclass="HBEFA3/PC_G_EU4" CO2="11232.61" CO="158.73" HC="1.00" NOx="4.66" PMx="0.25" fuel="4.83" electricity="0.00" noise="73.45" route="routetop" type="cfm-fast" waiting="0.00" lane="left_0" pos="10.99" speed="24.12" angle="164.63" x="-0.87" y="40.40"/>
        <vehicle id="cfm-fast_4" eclass="HBEFA3/PC_G_EU4" CO2="0.00" CO="0.00" HC="0.00" NOx="0.00" PMx="0.00" fuel="0.00" electricity="0.00" noise="90.98" route="routetop" type="cfm-fast" waiting="0.00" lane="top_1" pos="24.21" speed="76.85" angle="230.88" x="18.65" y="110.97"/>
        <vehicle id="cfm-fast_5" eclass="HBEFA3/PC_G_EU4" CO2="13692.05" CO="212.85" HC="1.31" NOx="5.79" PMx="0.32" fuel="5.89" electricity="0.00" noise="74.86" route="routetop" type="cfm-fast" waiting="0.00" lane="left_0" pos="26.19" speed="25.29" angle="137.38" x="17.00" y="13.38"/>
        <vehicle id="cfm-slow_0" eclass="HBEFA3/PC_G_EU4" CO2="15350.14" CO="252.81" HC="1.53" NOx="6.54" PMx="0.36" fuel="6.60" electricity="0.00" noise="75.89" route="routetop" type="cfm-slow" waiting="0.00" lane="left_0" pos="42.61" speed="26.73" angle="107.84" x="47.81" y="-3.08"/>
        <vehicle id="cfm-slow_1" eclass="HBEFA3/PC_G_EU4" CO2="14719.98" CO="247.90" HC="1.50" NOx="6.21" PMx="0.35" fuel="6.33" electricity="0.00" noise="75.94" route="routebottom" type="cfm-slow" waiting="0.00" lane="bottom_0" pos="14.48" speed="28.25" angle="68.42" x="93.84" y="2.05"/>
        <vehicle id="cfm-slow_2" eclass="HBEFA3/PC_G_EU4" CO2="8942.73" CO="137.08" HC="0.85" NOx="3.46" PMx="0.21" fuel="3.84" electricity="0.00" noise="74.41" route="routebottom" type="cfm-slow" waiting="0.00" lane="bottom_0" pos="37.88" speed="29.51" angle="26.33" x="127.33" y="38.12"/>
        <vehicle id="cfm-slow_3" eclass="HBEFA3/PC_G_EU4" CO2="0.00" CO="0.00" HC="0.00" NOx="0.00" PMx="0.00" fuel="0.00" electricity="0.00" noise="72.66" route="routebottom" type="cfm-slow" waiting="0.00" lane="right_0" pos="12.50" speed="29.85" angle="341.91" x="127.02" y="89.96"/>
        <vehicle id="cfm-slow_4" eclass="HBEFA3/PC_G_EU4" CO2="0.00" CO="0.00" HC="0.00" NOx="0.00" PMx="0.00" fuel="0.00" electricity="0.00" noise="71.55" route="routebottom" type="cfm-slow" waiting="0.00" lane="right_0" pos="37.37" speed="28.62" angle="297.24" x="90.21" y="126.92"/>
        <vehicle id="cfm-slow_5" eclass="HBEFA3/PC_G_EU4" CO2="0.00" CO="0.00" HC="0.00" NOx="0.00" PMx="0.00" fuel="0.00" electricity="0.00" noise="70.29" route="routetop" type="cfm-slow" waiting="0.00" lane="top_0" pos="10.87" speed="26.11" angle="254.87" x="40.64" y="128.28"/>
    </timestep>
    <timestep time="9.70">
        <vehicle id="cfm-fast_0" eclass="HBEFA3/PC_G_EU4" CO2="288914.74" CO="6943.12" HC="38.92" NOx="134.84" PMx="7.98" fuel="124.19" electricity="0.00" noise="149.49" route="routetop" type="cfm-fast" waiting="0.00" lane="left_1" pos="47.45" speed="71.78" angle="99.16" x="58.40" y="-1.44"/>
        <vehicle id="cfm-fast_1" eclass="HBEFA3/PC_G_EU4" CO2="4645.78" CO="21.15" HC="0.21" NOx="1.57" PMx="0.08" fuel="2.00" electricity="0.00" noise="70.61" route="routetop" type="cfm-fast" waiting="0.00" lane="top_0" pos="32.71" speed="23.17" angle="215.65" x="4.95" y="99.14"/>
        <vehicle id="cfm-fast_2" eclass="HBEFA3/PC_G_EU4" CO2="8249.78" CO="95.68" HC="0.64" NOx="3.27" PMx="0.17" fuel="3.55" electricity="0.00" noise="71.94" route="routetop" type="cfm-fast" waiting="0.00" lane="top_0" pos="46.85" speed="23.36" angle="190.27" x="-4.59" y="70.54"/>
        <vehicle id="cfm-fast_3" eclass="HBEFA3/PC_G_EU4" CO2="11256.45" CO="159.25" HC="1.00" NOx="4.67" PMx="0.25" fuel="4.84" electricity="0.00" noise="73.46" route="routetop" type="cfm-fast" waiting="0.00" lane="left_0" pos="11.23" speed="24.13" angle="164.18" x="-0.70" y="39.91"/>
        <vehicle id="cfm-fast_4" eclass="HBEFA3/PC_G_EU4" CO2="0.00" CO="0.00" HC="0.00" NOx="0.00" PMx="0.00" fuel="0.00" electricity="0.00" noise="91.25" route="routetop" type="cfm-fast" waiting="0.00" lane="top_1" pos="24.98" speed="76.84" angle="229.56" x="17.52" y="109.87"/>
        <vehicle id="cfm-fast_5" eclass="HBEFA3/PC_G_EU4" CO2="13708.47" CO="213.24" HC="1.31" NOx="5.80" PMx="0.32" fuel="5.89" electricity="0.00" noise="74.87" route="routetop" type="cfm-fast" waiting="0.00" lane="left_0" pos="26.44" speed="25.31" angle="136.91" x="17.40" y="13.01"/>
        <vehicle id="cfm-slow_0" eclass="HBEFA3/PC_G_EU4" CO2="15346.20" CO="252.80" HC="1.53" NOx="6.54" PMx="0.36" fuel="6.60" electricity="0.00" noise="75.89" route="routetop" type="cfm-slow" waiting="0.00" lane="left_0" pos="42.87" speed="26.74" angle="107.36" x="48.37" y="-3.21"/>
        <vehicle id="cfm-slow_1" eclass="HBEFA3/PC_G_EU4" CO2="14668.69" CO="246.92" HC="1.49" NOx="6.19" PMx="0.35" fuel="6.31" electricity="0.00" noise="75.92" route="routebottom" type="cfm-slow" waiting="0.00" lane="bottom_0" pos="14.76" speed="28.26" angle="67.90" x="94.38" y="2.32"/>
        <vehicle id="cfm-slow_2" eclass="HBEFA3/PC_G_EU4" CO2="8832.82" CO="134.84" HC="0.84" NOx="3.40" PMx="0.20" fuel="3.80" electricity="0.00" noise="74.39" route="routebottom" type="cfm-slow" waiting="0.00" lane="bottom_0" pos="38.17" speed="29.51" angle="25.79" x="127.56" y="38.71"/>
        <vehicle id="cfm-slow_3" eclass="HBEFA3/PC_G_EU4" CO2="0.00" CO="0.00" HC="0.00" NOx="0.00" PMx="0.00" fuel="0.00" electricity="0.00" noise="72.65" route="routebottom" type="cfm-slow" waiting="0.00" lane="right_0" pos="12.80" speed="29.83" angle="341.43" x="126.78" y="90.56"/>
        <vehicle id="cfm-slow_4" eclass="HBEFA3/PC_G_EU4" CO2="0.00" CO="0.00" HC="0.00" NOx="0.00" PMx="0.00" fuel="0.00" electricity="0.00" noise="71.53" route="routebottom" type="cfm-slow" waiting="0.00" lane="right_0" pos="37.66" speed="28.60" angle="296.73" x="89.64" y="127.15"/>
        <vehicle id="cfm-slow_5" eclass="HBEFA3/PC_G_EU4" CO2="0.00" CO="0.00" HC="0.00" NOx="0.00" PMx="0.00" fuel="0.00" electricity="0.00" noise="70.28" route="routetop" type="cfm-slow" waiting="0.00" lane="top_0" pos="11.13" speed="26.09" angle="254.38" x="40.11" y="128.09"/>
    </timestep>
    <timestep time="9.71">
        <vehicle id="cfm-fast_0" eclass="HBEFA3/PC_G_EU4" CO2="289535.58" CO="6961.68" HC="39.02" NOx="135.13" PMx="7.99" fuel="124.46" electricity="0.00" noise="149.56" route="routetop" type="cfm-fast" waiting="0.00" lane="left_1" pos="48.17" speed="71.92" angle="97.83" x="59.87" y="-1.53"/>
        <vehicle id="cfm-fast_1" eclass="HBEFA3/PC_G_EU4" CO2="4681.25" CO="21.88" HC="0.21" NOx="1.59" PMx="0.08" fuel="2.01" electricity="0.00" noise="70.63" route="routetop" type="cfm-fast" waiting="0.00" lane="top_0" pos="32.94" speed="23.17" angle="215.21" x="4.69" y="98.71"/>
        <vehicle id="cfm-fast_2" eclass="HBEFA3/PC_G_EU4" CO2="8279.26" CO="96.30" HC="0.64" NOx="3.28" PMx="0.17" fuel="3.56" electricity="0.00" noise="71.95" route="routetop" type="cfm-fast" waiting="0.00" lane="top_0" pos="47.08" speed="23.37" angle="189.84" x="-4.64" y="70.04"/>
        <vehicle id="cfm-fast_3" eclass="HBEFA3/PC_G_EU4" CO2="11280.22" CO="159.77" HC="1.01" NOx="4.68" PMx="0.25" fuel="4.85" electricity="0.00" noise="73.48" route="routetop" type="cfm-fast" waiting="0.00" lane="left_0" pos="11.47" speed="24.14" angle="163.78" x="-0.52" y="39.42"/>
        <vehicle id="cfm-fast_4" eclass="HBEFA3/PC_G_EU4" CO2="0.00" CO="0.00" HC="0.00" NOx="0.00" PMx="0.00" fuel="0.00" electricity="0.00" noise="91.53" route="routetop" type="cfm-fast" waiting="0.00" lane="top_1" pos="25.74" speed="76.84" angle="228.23" x="16.41" y="108.75"/>
        <vehicle id="cfm-fast_5" eclass="HBEFA3/PC_G_EU4" CO2="13724.71" CO="213.62" HC="1.31" NOx="5.81" PMx="0.32" fuel="5.90" electricity="0.00" noise="74.88" route="routetop" type="cfm-fast" waiting="0.00" lane="left_0" pos="26.70" speed="25.32" angle="136.44" x="17.80" y="12.64"/>
        <vehicle id="cfm-slow_0" eclass="HBEFA3/PC_G_EU4" CO2="15341.83" CO="252.78" HC="1.53" NOx="6.54" PMx="0.36" fuel="6.59" electricity="0.00" noise="75.89" route="routetop" type="cfm-slow" waiting="0.00" lane="left_0" pos="43.14" speed="26.76" angle="106.89" x="48.93" y="-3.34"/>
        <vehicle id="cfm-slow_1" eclass="HBEFA3/PC_G_EU4" CO2="14616.84" CO="245.92" HC="1.49" NOx="6.16" PMx="0.35" fuel="6.28" electricity="0.00" noise="75.90" route="routebottom" type="cfm-slow" waiting="0.00" lane="bottom_0" pos="15.04" speed="28.27" angle="67.37" x="94.93" y="2.59"/>
        <vehicle id="cfm-slow_2" eclass="HBEFA3/PC_G_EU4" CO2="8722.86" CO="132.61" HC="0.83" NOx="3.35" PMx="0.20" fuel="3.75" electricity="0.00" noise="74.36" route="routebottom" type="cfm-slow" waiting="0.00" lane="bottom_0" pos="38.47" speed="29.52" angle="25.31" x="127.80" y="39.30"/>
        <vehicle id="cfm-slow_3" eclass="HBEFA3/PC_G_EU4" CO2="0.00" CO="0.00" HC="0.00" NOx="0.00" PMx="0.00" fuel="0.00" electricity="0.00" noise="72.64" route="routebottom" type="cfm-slow" waiting="0.00" lane="right_0" pos="13.10" speed="29.82" angle="340.89" x="126.52" y="91.15"/>
        <vehicle id="cfm-slow_4" eclass="HBEFA3/PC_G_EU4" CO2="0.00" CO="0.00" HC="0.00" NOx="0.00" PMx="0.00" fuel="0.00" electricity="0.00" noise="71.52" route="routebottom" type="cfm-slow" waiting="0.00" lane="right_0" pos="37.94" speed="28.58" angle="296.21" x="89.07" y="127.38"/>
        <vehicle id="cfm-slow_5" eclass="HBEFA3/PC_G_EU4" CO2="0.00" CO="0.00" HC="0.00" NOx="0.00" PMx="0.00" fuel="0.00" electricity="0.00" noise="70.27" route="routetop" type="cfm-slow" waiting="0.00" lane="top_0" pos="11.39" speed="26.06" angle="253.89" x="39.58" y="127.90"/>
    </timestep>
    <timestep time="9.72">
        <vehicle id="cfm-fast_0" eclass="HBEFA3/PC_G_EU4" CO2="290156.72" CO="6980.26" HC="39.12" NOx="135.42" PMx="8.01" fuel="124.72" electricity="0.00" noise="149.62" route="routetop" type="cfm-fast" waiting="0.00" lane="left_1" pos="48.89" speed="72.06" angle="96.56" x="61.35" y="-1.61"/>
        <vehicle id="cfm-fast_1" eclass="HBEFA3/PC_G_EU4" CO2="4716.67" CO="22.61" HC="0.22" NOx="1.60" PMx="0.08" fuel="2.03" electricity="0.00" noise="70.64" route="routetop" type="cfm-fast" waiting="0.00" lane="top_0" pos="33.18" speed="23.17" angle="214.77" x="4.44" y="98.29"/>
        <vehicle id="cfm-fast_2" eclass="HBEFA3/PC_G_EU4" CO2="8308.68" CO="96.92" HC="0.65" NOx="3.29" PMx="0.17" fuel="3.57" electricity="0.00" noise="71.97" route="routetop" type="cfm-fast" waiting="0.00" lane="top_0" pos="47.31" speed="23.37" angle="189.41" x="-4.69" y="69.54"/>
        <vehicle id="cfm-fast_3" eclass="HBEFA3/PC_G_EU4" CO2="11303.92" CO="160.29" HC="1.01" NOx="4.69" PMx="0.25" fuel="4.86" electricity="0.00" noise="73.49" route="routetop" type="cfm-fast" waiting="0.00" lane="left_0" pos="11.71" speed="24.15" angle="163.37" x="-0.33" y="38.94"/>
        <vehicle id="cfm-fast_4" eclass="HBEFA3/PC_G_EU4" CO2="0.00" CO="0.00" HC="0.00" NOx="0.00" PMx="0.00" fuel="0.00" electricity="0.00" noise="91.81" route="routetop" type="cfm-fast" waiting="0.00" lane="top_1" pos="26.51" speed="76.84" angle="226.80" x="15.34" y="107.59"/>
        <vehicle id="cfm-fast_5" eclass="HBEFA3/PC_G_EU4" CO2="13740.77" CO="214.00" HC="1.32" NOx="5.81" PMx="0.32" fuel="5.91" electricity="0.00" noise="74.89" route="routetop" type="cfm-fast" waiting="0.00" lane="left_0" pos="26.95" speed="25.33" angle="136.03" x="18.20" y="12.27"/>
        <vehicle id="cfm-slow_0" eclass="HBEFA3/PC_G_EU4" CO2="15337.03" CO="252.75" HC="1.53" NOx="6.53" PMx="0.36" fuel="6.59" electricity="0.00" noise="75.90" route="routetop" type="cfm-slow" waiting="0.00" lane="left_0" pos="43.41" speed="26.77" angle="106.41" x="49.49" y="-3.47"/>
        <vehicle id="cfm-slow_1" eclass="HBEFA3/PC_G_EU4" CO2="14564.41" CO="244.92" HC="1.48" NOx="6.14" PMx="0.35" fuel="6.26" electricity="0.00" noise="75.88" route="routebottom" type="cfm-slow" waiting="0.00" lane="bottom_0" pos="15.32" speed="28.29" angle="66.89" x="95.47" y="2.87"/>
        <vehicle id="cfm-slow_2" eclass="HBEFA3/PC_G_EU4" CO2="8612.86" CO="130.37" HC="0.81" NOx="3.30" PMx="0.20" fuel="3.70" electricity="0.00" noise="74.33" route="routebottom" type="cfm-slow" waiting="0.00" lane="bottom_0" pos="38.76" speed="29.52" angle="24.78" x="128.01" y="39.90"/>
        <vehicle id="cfm-slow_3" eclass="HBEFA3/PC_G_EU4" CO2="0.00" CO="0.00" HC="0.00" NOx="0.00" PMx="0.00" fuel="0.00" electricity="0.00" noise="72.62" route="routebottom" type="cfm-slow" waiting="0.00" lane="right_0" pos="13.40" speed="29.81" angle="340.34" x="126.26" y="91.73"/>
        <vehicle id="cfm-slow_4" eclass="HBEFA3/PC_G_EU4" CO2="0.00" CO="0.00" HC="0.00" NOx="0.00" PMx="0.00" fuel="0.00" electricity="0.00" noise="71.51" route="routebottom" type="cfm-slow" waiting="0.00" lane="right_0" pos="38.23" speed="28.55" angle="295.70" x="88.50" y="127.61"/>
        <vehicle id="cfm-slow_5" eclass="HBEFA3/PC_G_EU4" CO2="0.00" CO="0.00" HC="0.00" NOx="0.00" PMx="0.00" fuel="0.00" electricity="0.00" noise="70.26" route="routetop" type="cfm-slow" waiting="0.00" lane="top_0" pos="11.65" speed="26.04" angle="253.47" x="39.06" y="127.70"/>
    </timestep>
    <timestep time="9.73">
        <vehicle id="cfm-fast_0" eclass="HBEFA3/PC_G_EU4" CO2="290778.14" CO="6998.86" HC="39.22" NOx="135.71" PMx="8.03" fuel="124.99" electricity="0.00" noise="149.69" route="routetop" type="cfm-fast" waiting="0.00" lane="left_1" pos="49.61" speed="72.19" angle="95.20" x="62.83" y="-1.63"/>
        <vehicle id="cfm-fast_1" eclass="HBEFA3/PC_G_EU4" CO2="4752.02" CO="23.34" HC="0.22" NOx="1.62" PMx="0.08" fuel="2.04" electricity="0.00" noise="70.65" route="routetop" type="cfm-fast" waiting="0.00" lane="top_0" pos="33.41" speed="23.17" angle="214.40" x="4.18" y="97.86"/>
        <vehicle id="cfm-fast_2" eclass="HBEFA3/PC_G_EU4" CO2="8338.05" CO="97.54" HC="0.65" NOx="3.31" PMx="0.17" fuel="3.58" electricity="0.00" noise="71.98" route="routetop" type="cfm-fast" waiting="0.00" lane="top_0" pos="47.55" speed="23.38" angle="189.03" x="-4.74" y="69.03"/>
        <vehicle id="cfm-fast_3" eclass="HBEFA3/PC_G_EU4" CO2="11327.56" CO="160.80" HC="1.01" NOx="4.70" PMx="0.25" fuel="4.87" electricity="0.00" noise="73.50" route="routetop" type="cfm-fast" waiting="0.00" lane="left_0" pos="11.95" speed="24.16" angle="162.95" x="-0.14" y="38.46"/>
        <vehicle id="cfm-fast_4" eclass="HBEFA3/PC_G_EU4" CO2="0.00" CO="0.00" HC="0.00" NOx="0.00" PMx="0.00" fuel="0.00" electricity="0.00" noise="92.10" route="routetop" type="cfm-fast" waiting="0.00" lane="top_1" pos="27.28" speed="76.83" angle="225.42" x="14.30" y="106.41"/>
        <vehicle id="cfm-fast_5" eclass="HBEFA3/PC_G_EU4" CO2="13756.64" CO="214.38" HC="1.32" NOx="5.82" PMx="0.32" fuel="5.91" electricity="0.00" noise="74.90" route="routetop" type="cfm-fast" waiting="0.00" lane="left_0" pos="27.20" speed="25.35" angle="135.56" x="18.62" y="11.92"/>
        <vehicle id="cfm-slow_0" eclass="HBEFA3/PC_G_EU4" CO2="15331.80" CO="252.71" HC="1.53" NOx="6.53" PMx="0.36" fuel="6.59" electricity="0.00" noise="75.90" route="routetop" type="cfm-slow" waiting="0.00" lane="left_0" pos="43.68" speed="26.79" angle="105.99" x="50.05" y="-3.59"/>
        <vehicle id="cfm-slow_1" eclass="HBEFA3/PC_G_EU4" CO2="14511.42" CO="243.90" HC="1.47" NOx="6.11" PMx="0.35" fuel="6.24" electricity="0.00" noise="75.86" route="routebottom" type="cfm-slow" waiting="0.00" lane="bottom_0" pos="15.61" speed="28.30" angle="66.39" x="96.00" y="3.16"/>
        <vehicle id="cfm-slow_2" eclass="HBEFA3/PC_G_EU4" CO2="8502.83" CO="128.13" HC="0.80" NOx="3.25" PMx="0.20" fuel="3.65" electricity="0.00" noise="74.31" route="routebottom" type="cfm-slow" waiting="0.00" lane="bottom_0" pos="39.06" speed="29.52" angle="24.25" x="128.23" y="40.49"/>
        <vehicle id="cfm-slow_3" eclass="HBEFA3/PC_G_EU4" CO2="0.00" CO="0.00" HC="0.00" NOx="0.00" PMx="0.00" fuel="0.00" electricity="0.00" noise="72.61" route="routebottom" type="cfm-slow" waiting="0.00" lane="right_0" pos="13.70" speed="29.80" angle="339.80" x="126.00" y="92.32"/>
        <vehicle id="cfm-slow_4" eclass="HBEFA3/PC_G_EU4" CO2="0.00" CO="0.00" HC="0.00" NOx="0.00" PMx="0.00" fuel="0.00" electricity="0.00" noise="71.50" route="routebottom" type="cfm-slow" waiting="0.00" lane="right_0" pos="38.51" speed="28.53" angle="295.23" x="87.93" y="127.83"/>
        <vehicle id="cfm-slow_5" eclass="HBEFA3/PC_G_EU4" CO2="0.00" CO="0.00" HC="0.00" NOx="0.00" PMx="0.00" fuel="0.00" electricity="0.00" noise="70.25" route="routetop" type="cfm-slow" waiting="0.00" lane="top_0" pos="11.91" speed="26.02" angle="253.00" x="38.54" y="127.49"/>
    </timestep>
    <timestep time="9.74">
        <vehicle id="cfm-fast_0" eclass="HBEFA3/PC_G_EU4" CO2="291399.86" CO="7017.48" HC="39.32" NOx="136.00" PMx="8.05" fuel="125.26" electricity="0.00" noise="149.76" route="routebottom" type="cfm-fast" waiting="0.00" lane="bottom_1" pos="0.33" speed="72.33" angle="93.89" x="64.37" y="-1.64"/>
        <vehicle id="cfm-fast_1" eclass="HBEFA3/PC_G_EU4" CO2="4787.32" CO="24.07" HC="0.23" NOx="1.64" PMx="0.08" fuel="2.06" electricity="0.00" noise="70.66" route="routetop" type="cfm-fast" waiting="0.00" lane="top_0" pos="33.64" speed="23.17" angle="213.98" x="3.94" y="97.42"/>
        <vehicle id="cfm-fast_2" eclass="HBEFA3/PC_G_EU4" CO2="8367.35" CO="98.16" HC="0.65" NOx="3.32" PMx="0.17" fuel="3.60" electricity="0.00" noise="72.00" route="routetop" type="cfm-fast" waiting="0.00" lane="top_0" pos="47.78" speed="23.39" angle="188.59" x="-4.77" y="68.53"/>
        <vehicle id="cfm-fast_3" eclass="HBEFA3/PC_G_EU4" CO2="11351.13" CO="161.32" HC="1.02" NOx="4.71" PMx="0.25" fuel="4.88" electricity="0.00" noise="73.52" route="routetop" type="cfm-fast" waiting="0.00" lane="left_0" pos="12.20" speed="24.18" angle="162.52" x="0.05" y="37.97"/>
        <vehicle id="cfm-fast_4" eclass="HBEFA3/PC_G_EU4" CO2="0.00" CO="0.00" HC="0.00" NOx="0.00" PMx="0.00" fuel="0.00" electricity="0.00" noise="92.39" route="routetop" type="cfm-fast" waiting="0.00" lane="top_1" pos="28.05" speed="76.83" angle="223.95" x="13.28" y="105.21"/>
        <vehicle id="cfm-fast_5" eclass="HBEFA3/PC_G_EU4" CO2="13772.33" CO="214.75" HC="1.32" NOx="5.83" PMx="0.32" fuel="5.92" electricity="0.00" noise="74.91" route="routetop" type="cfm-fast" waiting="0.00" lane="left_0" pos="27.46" speed="25.36" angle="135.08" x="19.03" y="11.57"/>
        <vehicle id="cfm-slow_0" eclass="HBEFA3/PC_G_EU4" CO2="15326.14" CO="252.67" HC="1.53" NOx="6.53" PMx="0.36" fuel="6.59" electricity="0.00" noise="75.90" route="routetop" type="cfm-slow" waiting="0.00" lane="left_0" pos="43.94" speed="26.80" angle="105.50" x="50.62" y="-3.69"/>
        <vehicle id="cfm-slow_1" eclass="HBEFA3/PC_G_EU4" CO2="14457.87" CO="242.88" HC="1.47" NOx="6.09" PMx="0.35" fuel="6.21" electricity="0.00" noise="75.85" route="routebottom" type="cfm-slow" waiting="0.00" lane="bottom_0" pos="15.89" speed="28.31" angle="65.87" x="96.54" y="3.45"/>
        <vehicle id="cfm-slow_2" eclass="HBEFA3/PC_G_EU4" CO2="8392.79" CO="125.89" HC="0.79" NOx="3.20" PMx="0.19" fuel="3.61" electricity="0.00" noise="74.28" route="routebottom" type="cfm-slow" waiting="0.00" lane="bottom_0" pos="39.35" speed="29.53" angle="23.72" x="128.45" y="41.09"/>
        <vehicle id="cfm-slow_3" eclass="HBEFA3/PC_G_EU4" CO2="0.00" CO="0.00" HC="0.00" NOx="0.00" PMx="0.00" fuel="0.00" electricity="0.00" noise="72.59" route="routebottom" type="cfm-slow" waiting="0.00" lane="right_0" pos="13.99" speed="29.79" angle="339.29" x="125.73" y="92.90"/>
        <vehicle id="cfm-slow_4" eclass="HBEFA3/PC_G_EU4" CO2="0.00" CO="0.00" HC="0.00" NOx="0.00" PMx="0.00" fuel="0.00" electricity="0.00" noise="71.49" route="routebottom" type="cfm-slow" waiting="0.00" lane="right_0" pos="38.80" speed="28.50" angle="294.72" x="87.36" y="128.04"/>
        <vehicle id="cfm-slow_5" eclass="HBEFA3/PC_G_EU4" CO2="0.00" CO="0.00" HC="0.00" NOx="0.00" PMx="0.00" fuel="0.00" electricity="0.00" noise="70.25" route="routetop" type="cfm-slow" waiting="0.00" lane="top_0" pos="12.17" speed="26.00" angle="252.53" x="38.02" y="127.29"/>
    </timestep>
    <timestep time="9.75">
        <vehicle id="cfm-fast_0" eclass="HBEFA3/PC_G_EU4" CO2="292021.88" CO="7036.13" HC="39.42" NOx="136.30" PMx="8.07" fuel="125.53" electricity="0.00" noise="149.82" route="routebottom" type="cfm-fast" waiting="0.00" lane="bottom_1" pos="1.06" speed="72.46" angle="92.56" x="65.86" y="-1.61"/>
        <vehicle id="cfm-fast_1" eclass="HBEFA3/PC_G_EU4" CO2="4822.55" CO="24.80" HC="0.23" NOx="1.65" PMx="0.08" fuel="2.07" electricity="0.00" noise="70.67" route="routetop" type="cfm-fast" waiting="0.00" lane="top_0" pos="33.87" speed="23.18" angle="213.56" x="3.70" y="96.99"/>
        <vehicle id="cfm-fast_2" eclass="HBEFA3/PC_G_EU4" CO2="8396.61" CO="98.77" HC="0.66" NOx="3.34" PMx="0.17" fuel="3.61" electricity="0.00" noise="72.01" route="routetop" type="cfm-fast" waiting="0.00" lane="top_0" pos="48.01" speed="23.40" angle="188.14" x="-4.80" y="68.03"/>
        <vehicle id="cfm-fast_3" eclass="HBEFA3/PC_G_EU4" CO2="11374.63" CO="161.83" HC="1.02" NOx="4.72" PMx="0.25" fuel="4.89" electricity="0.00" noise="73.53" route="routetop" type="cfm-fast" waiting="0.00" lane="left_0" pos="12.44" speed="24.19" angle="162.09" x="0.25" y="37.49"/>
        <vehicle id="cfm-fast_4" eclass="HBEFA3/PC_G_EU4" CO2="0.00" CO="0.00" HC="0.00" NOx="0.00" PMx="0.00" fuel="0.00" electricity="0.00" noise="92.69" route="routetop" type="cfm-fast" waiting="0.00" lane="top_1" pos="28.82" speed="76.83" angle="222.61" x="12.30" y="103.98"/>
        <vehicle id="cfm-fast_5" eclass="HBEFA3/PC_G_EU4" CO2="13787.82" CO="215.12" HC="1.32" NOx="5.83" PMx="0.32" fuel="5.93" electricity="0.00" noise="74.92" route="routetop" type="cfm-fast" waiting="0.00" lane="left_0" pos="27.71" speed="25.38" angle="134.61" x="19.45" y="11.22"/>
        <vehicle id="cfm-slow_0" eclass="HBEFA3/PC_G_EU4" CO2="15320.04" CO="252.61" HC="1.53" NOx="6.53" PMx="0.36" fuel="6.59" electricity="0.00" noise="75.90" route="routetop" type="cfm-slow" waiting="0.00" lane="left_0" pos="44.21" speed="26.82" angle="105.00" x="51.19" y="-3.80"/>
        <vehicle id="cfm-slow_1" eclass="HBEFA3/PC_G_EU4" CO2="14403.76" CO="241.84" HC="1.46" NOx="6.06" PMx="0.34" fuel="6.19" electricity="0.00" noise="75.83" route="routebottom" type="cfm-slow" waiting="0.00" lane="bottom_0" pos="16.17" speed="28.32" angle="65.34" x="97.07" y="3.75"/>
        <vehicle id="cfm-slow_2" eclass="HBEFA3/PC_G_EU4" CO2="8282.73" CO="123.65" HC="0.77" NOx="3.14" PMx="0.19" fuel="3.56" electricity="0.00" noise="74.26" route="routebottom" type="cfm-slow" waiting="0.00" lane="bottom_0" pos="39.65" speed="29.53" angle="23.19" x="128.66" y="41.69"/>
        <vehicle id="cfm-slow_3" eclass="HBEFA3/PC_G_EU4" CO2="0.00" CO="0.00" HC="0.00" NOx="0.00" PMx="0.00" fuel="0.00" electricity="0.00" noise="72.58" route="routebottom" type="cfm-slow" waiting="0.00" lane="right_0" pos="14.29" speed="29.78" angle="338.76" x="125.46" y="93.48"/>
        <vehicle id="cfm-slow_4" eclass="HBEFA3/PC_G_EU4" CO2="0.00" CO="0.00" HC="0.00" NOx="0.00" PMx="0.00" fuel="0.00" electricity="0.00" noise="71.48" route="routebottom" type="cfm-slow" waiting="0.00" lane="right_0" pos="39.08" speed="28.48" angle="294.20" x="86.78" y="128.25"/>
        <vehicle id="cfm-slow_5" eclass="HBEFA3/PC_G_EU4" CO2="0.00" CO="0.00" HC="0.00" NOx="0.00" PMx="0.00" fuel="0.00" electricity="0.00" noise="70.24" route="routetop" type="cfm-slow" waiting="0.00" lane="top_0" pos="12.43" speed="25.98" angle="252.05" x="37.50" y="127.08"/>
    </timestep>
    <timestep time="9.76">
        <vehicle id="cfm-fast_0" eclass="HBEFA3/PC_G_EU4" CO2="292644.18" CO="7054.80" HC="39.52" NOx="136.59" PMx="8.09" fuel="125.79" electricity="0.00" noise="149.89" route="routebottom" type="cfm-fast" waiting="0.00" lane="bottom_1" pos="1.78" speed="72.60" angle="91.29" x="67.34" y="-1.54"/>
        <vehicle id="cfm-fast_1" eclass="HBEFA3/PC_G_EU4" CO2="4857.73" CO="25.52" HC="0.24" NOx="1.67" PMx="0.08" fuel="2.09" electricity="0.00" noise="70.68" route="routetop" type="cfm-fast" waiting="0.00" lane="top_0" pos="34.10" speed="23.18" angle="213.14" x="3.46" y="96.55"/>
        <vehicle id="cfm-fast_2" eclass="HBEFA3/PC_G_EU4" CO2="8425.80" CO="99.39" HC="0.66" NOx="3.35" PMx="0.17" fuel="3.62" electricity="0.00" noise="72.03" route="routetop" type="cfm-fast" waiting="0.00" lane="top_0" pos="48.25" speed="23.40" angle="187.69" x="-4.83" y="67.53"/>
        <vehicle id="cfm-fast_3" eclass="HBEFA3/PC_G_EU4" CO2="11398.06" CO="162.34" HC="1.02" NOx="4.73" PMx="0.25" fuel="4.90" electricity="0.00" noise="73.54" route="routetop" type="cfm-fast" waiting="0.00" lane="left_0" pos="12.68" speed="24.20" angle="161.66" x="0.44" y="37.01"/>
        <vehicle id="cfm-fast_4" eclass="HBEFA3/PC_G_EU4" CO2="39749.69" CO="2037.51" HC="10.41" NOx="17.20" PMx="1.56" fuel="17.09" electricity="0.00" noise="92.99" route="routetop" type="cfm-fast" waiting="0.00" lane="top_1" pos="29.59" speed="76.83" angle="221.25" x="11.34" y="102.73"/>
        <vehicle id="cfm-fast_5" eclass="HBEFA3/PC_G_EU4" CO2="13803.13" CO="215.49" HC="1.32" NOx="5.84" PMx="0.32" fuel="5.93" electricity="0.00" noise="74.93" route="routetop" type="cfm-fast" waiting="0.00" lane="left_0" pos="27.96" speed="25.39" angle="134.13" x="19.87" y="10.86"/>
        <vehicle id="cfm-slow_0" eclass="HBEFA3/PC_G_EU4" CO2="15313.51" CO="252.55" HC="1.53" NOx="6.52" PMx="0.36" fuel="6.58" electricity="0.00" noise="75.90" route="routetop" type="cfm-slow" waiting="0.00" lane="left_0" pos="44.48" speed="26.83" angle="104.50" x="51.75" y="-3.90"/>
        <vehicle id="cfm-slow_1" eclass="HBEFA3/PC_G_EU4" CO2="14349.10" CO="240.79" HC="1.46" NOx="6.03" PMx="0.34" fuel="6.17" electricity="0.00" noise="75.81" route="routebottom" type="cfm-slow" waiting="0.00" lane="bottom_0" pos="16.46" speed="28.34" angle="64.82" x="97.60" y="4.04"/>
        <vehicle id="cfm-slow_2" eclass="HBEFA3/PC_G_EU4" CO2="8172.68" CO="121.41" HC="0.76" NOx="3.09" PMx="0.19" fuel="3.51" electricity="0.00" noise="74.23" route="routebottom" type="cfm-slow" waiting="0.00" lane="bottom_0" pos="39.94" speed="29.53" angle="22.69" x="128.86" y="42.29"/>
        <vehicle id="cfm-slow_3" eclass="HBEFA3/PC_G_EU4" CO2="0.00" CO="0.00" HC="0.00" NOx="0.00" PMx="0.00" fuel="0.00" electricity="0.00" noise="72.57" route="routebottom" type="cfm-slow" waiting="0.00" lane="right_0" pos="14.59" speed="29.77" angle="338.20" x="125.17" y="94.05"/>
        <vehicle id="cfm-slow_4" eclass="HBEFA3/PC_G_EU4" CO2="0.00" CO="0.00" HC="0.00" NOx="0.00" PMx="0.00" fuel="0.00" electricity="0.00" noise="71.46" route="routebottom" type="cfm-slow" waiting="0.00" lane="right_0" pos="39.37" speed="28.46" angle="293.69" x="86.20" y="128.46"/>
        <vehicle id="cfm-slow_5" eclass="HBEFA3/PC_G_EU4" CO2="0.00" CO="0.00" HC="0.00" NOx="0.00" PMx="0.00" fuel="0.00" electricity="0.00" noise="70.23" route="routetop" type="cfm-slow" waiting="0.00" lane="top_0" pos="12.69" speed="25.96" angle="251.60" x="36.98" y="126.87"/>
    </timestep>
    <timestep time="9.77">
        <vehicle id="cfm-fast_0" eclass="HBEFA3/PC_G_EU4" CO2="293266.77" CO="7073.49" HC="39.62" NOx="136.88" PMx="8.11" fuel="126.06" electricity="0.00" noise="149.95" route="routebottom" type="cfm-fast" waiting="0.00" lane="bottom_1" pos="2.51" speed="72.74" angle="89.99" x="68.83" y="-1.44"/>
        <vehicle id="cfm-fast_1" eclass="HBEFA3/PC_G_EU4" CO2="4892.84" CO="26.25" HC="0.24" NOx="1.69" PMx="0.08" fuel="2.10" electricity="0.00" noise="70.69" route="routetop" type="cfm-fast" waiting="0.00" lane="top_0" pos="34.33" speed="23.18" angle="212.72" x="3.22" y="96.11"/>
        <vehicle id="cfm-fast_2" eclass="HBEFA3/PC_G_EU4" CO2="8454.94" CO="100.00" HC="0.66" NOx="3.36" PMx="0.18" fuel="3.63" electricity="0.00" noise="72.04" route="routetop" type="cfm-fast" waiting="0.00" lane="top_0" pos="48.48" speed="23.41" angle="187.24" x="-4.86" y="67.02"/>
        <vehicle id="cfm-fast_3" eclass="HBEFA3/PC_G_EU4" CO2="11421.41" CO="162.85" HC="1.02" NOx="4.74" PMx="0.25" fuel="4.91" electricity="0.00" noise="73.56" route="routetop" type="cfm-fast" waiting="0.00" lane="left_0" pos="12.92" speed="24.21" angle="161.27" x="0.64" y="36.53"/>
        <vehicle id="cfm-fast_4" eclass="HBEFA3/PC_G_EU4" CO2="41449.81" CO="2072.57" HC="10.61" NOx="18.01" PMx="1.61" fuel="17.82" electricity="0.00" noise="93.30" route="routetop" type="cfm-fast" waiting="0.00" lane="top_1" pos="30.35" speed="76.83" angle="219.80" x="10.42" y="101.45"/>
        <vehicle id="cfm-fast_5" eclass="HBEFA3/PC_G_EU4" CO2="13818.25" CO="215.85" HC="1.33" NOx="5.85" PMx="0.32" fuel="5.94" electricity="0.00" noise="74.94" route="routetop" type="cfm-fast" waiting="0.00" lane="left_0" pos="28.22" speed="25.41" angle="133.72" x="20.28" y="10.51"/>
        <vehicle id="cfm-slow_0" eclass="HBEFA3/PC_G_EU4" CO2="15306.53" CO="252.48" HC="1.53" NOx="6.52" PMx="0.36" fuel="6.58" electricity="0.00" noise="75.90" route="routetop" type="cfm-slow" waiting="0.00" lane="left_0" pos="44.75" speed="26.85" angle="104.00" x="52.32" y="-4.01"/>
        <vehicle id="cfm-slow_1" eclass="HBEFA3/PC_G_EU4" CO2="14293.89" CO="239.72" HC="1.45" NOx="6.01" PMx="0.34" fuel="6.14" electricity="0.00" noise="75.79" route="routebottom" type="cfm-slow" waiting="0.00" lane="bottom_0" pos="16.74" speed="28.35" angle="64.35" x="98.13" y="4.34"/>
        <vehicle id="cfm-slow_2" eclass="HBEFA3/PC_G_EU4" CO2="8062.65" CO="119.16" HC="0.75" NOx="3.04" PMx="0.18" fuel="3.47" electricity="0.00" noise="74.20" route="routebottom" type="cfm-slow" waiting="0.00" lane="bottom_0" pos="40.24" speed="29.54" angle="22.13" x="129.05" y="42.90"/>
        <vehicle id="cfm-slow_3" eclass="HBEFA3/PC_G_EU4" CO2="0.00" CO="0.00" HC="0.00" NOx="0.00" PMx="0.00" fuel="0.00" electricity="0.00" noise="72.55" route="routebottom" type="cfm-slow" waiting="0.00" lane="right_0" pos="14.89" speed="29.75" angle="337.63" x="124.88" y="94.62"/>
        <vehicle id="cfm-slow_4" eclass="HBEFA3/PC_G_EU4" CO2="0.00" CO="0.00" HC="0.00" NOx="0.00" PMx="0.00" fuel="0.00" electricity="0.00" noise="71.45" route="routebottom" type="cfm-slow" waiting="0.00" lane="right_0" pos="39.65" speed="28.43" angle="293.18" x="85.63" y="128.67"/>
        <vehicle id="cfm-slow_5" eclass="HBEFA3/PC_G_EU4" CO2="0.00" CO="0.00" HC="0.00" NOx="0.00" PMx="0.00" fuel="0.00" electricity="0.00" noise="70.22" route="routetop" type="cfm-slow" waiting="0.00" lane="top_0" pos="12.95" speed="25.94" angle="251.17" x="36.47" y="126.65"/>
    </timestep>
    <timestep time="9.78">
        <vehicle id="cfm-fast_0" eclass="HBEFA3/PC_G_EU4" CO2="293889.66" CO="7092.20" HC="39.72" NOx="137.17" PMx="8.13" fuel="126.33" electricity="0.00" noise="150.02" route="routebottom" type="cfm-fast" waiting="0.00" lane="bottom_1" pos="3.24" speed="72.87" angle="88.68" x="70.32" y="-1.30"/>
        <vehicle id="cfm-fast_1" eclass="HBEFA3/PC_G_EU4" CO2="4927.89" CO="26.97" HC="0.24" NOx="1.70" PMx="0.08" fuel="2.12" electricity="0.00" noise="70.70" route="routetop" type="cfm-fast" waiting="0.00" lane="top_0" pos="34.57" speed="23.18" angle="212.33" x="2.97" y="95.68"/>
        <vehicle id="cfm-fast_2" eclass="HBEFA3/PC_G_EU4" CO2="8484.03" CO="100.61" HC="0.67" NOx="3.38" PMx="0.18" fuel="3.65" electricity="0.00" noise="72.06" route="routetop" type="cfm-fast" waiting="0.00" lane="top_0" pos="48.72" speed="23.42" angle="186.84" x="-4.88" y="66.52"/>
        <vehicle id="cfm-fast_3" eclass="HBEFA3/PC_G_EU4" CO2="11444.70" CO="163.36" HC="1.03" NOx="4.75" PMx="0.26" fuel="4.92" electricity="0.00" noise="73.57" route="routetop" type="cfm-fast" waiting="0.00" lane="left_0" pos="13.16" speed="24.22" angle="160.82" x="0.86" y="36.05"/>
        <vehicle id="cfm-fast_4" eclass="HBEFA3/PC_G_EU4" CO2="43144.65" CO="2107.56" HC="10.81" NOx="18.81" PMx="1.65" fuel="18.55" electricity="0.00" noise="93.61" route="routetop" type="cfm-fast" waiting="0.00" lane="top_1" pos="31.12" speed="76.83" angle="218.44" x="9.52" y="100.16"/>
        <vehicle id="cfm-fast_5" eclass="HBEFA3/PC_G_EU4" CO2="13833.17" CO="216.21" HC="1.33" NOx="5.85" PMx="0.32" fuel="5.95" electricity="0.00" noise="74.95" route="routetop" type="cfm-fast" waiting="0.00" lane="left_0" pos="28.47" speed="25.42" angle="133.25" x="20.71" y="10.17"/>
        <vehicle id="cfm-slow_0" eclass="HBEFA3/PC_G_EU4" CO2="15299.12" CO="252.40" HC="1.53" NOx="6.51" PMx="0.36" fuel="6.58" electricity="0.00" noise="75.89" route="routetop" type="cfm-slow" waiting="0.00" lane="left_0" pos="45.02" speed="26.86" angle="103.58" x="52.89" y="-4.10"/>
        <vehicle id="cfm-slow_1" eclass="HBEFA3/PC_G_EU4" CO2="14238.14" CO="238.65" HC="1.44" NOx="5.98" PMx="0.34" fuel="6.12" electricity="0.00" noise="75.77" route="routebottom" type="cfm-slow" waiting="0.00" lane="bottom_0" pos="17.02" speed="28.36" angle="63.83" x="98.66" y="4.66"/>
        <vehicle id="cfm-slow_2" eclass="HBEFA3/PC_G_EU4" CO2="7952.63" CO="116.92" HC="0.74" NOx="2.99" PMx="0.18" fuel="3.42" electricity="0.00" noise="74.18" route="routebottom" type="cfm-slow" waiting="0.00" lane="bottom_0" pos="40.53" speed="29.54" angle="21.56" x="129.24" y="43.51"/>
        <vehicle id="cfm-slow_3" eclass="HBEFA3/PC_G_EU4" CO2="0.00" CO="0.00" HC="0.00" NOx="0.00" PMx="0.00" fuel="0.00" electricity="0.00" noise="72.54" route="routebottom" type="cfm-slow" waiting="0.00" lane="right_0" pos="15.18" speed="29.74" angle="337.06" x="124.59" y="95.19"/>
        <vehicle id="cfm-slow_4" eclass="HBEFA3/PC_G_EU4" CO2="0.00" CO="0.00" HC="0.00" NOx="0.00" PMx="0.00" fuel="0.00" electricity="0.00" noise="71.44" route="routebottom" type="cfm-slow" waiting="0.00" lane="right_0" pos="39.94" speed="28.41" angle="292.71" x="85.05" y="128.86"/>
        <vehicle id="cfm-slow_5" eclass="HBEFA3/PC_G_EU4" CO2="0.00" CO="0.00" HC="0.00" NOx="0.00" PMx="0.00" fuel="0.00" electricity="0.00" noise="70.22" route="routetop" type="cfm-slow" waiting="0.00" lane="top_0" pos="13.21" speed="25.91" angle="250.70" x="35.96" y="126.42"/>
    </timestep>
    <timestep time="9.79">
        <vehicle id="cfm-fast_0" eclass="HBEFA3/PC_G_EU4" CO2="294512.84" CO="7110.93" HC="39.82" NOx="137.46" PMx="8.14" fuel="126.60" electricity="0.00" noise="150.09" route="routebottom" type="cfm-fast" waiting="0.00" lane="bottom_1" pos="3.97" speed="73.01" angle="87.39" x="71.81" y="-1.14"/>
        <vehicle id="cfm-fast_1" eclass="HBEFA3/PC_G_EU4" CO2="4962.89" CO="27.70" HC="0.25" NOx="1.72" PMx="0.08" fuel="2.13" electricity="0.00" noise="70.72" route="routetop" type="cfm-fast" waiting="0.00" lane="top_0" pos="34.80" speed="23.18" angle="211.93" x="2.75" y="95.23"/>
        <vehicle id="cfm-fast_2" eclass="HBEFA3/PC_G_EU4" CO2="8513.06" CO="101.23" HC="0.67" NOx="3.39" PMx="0.18" fuel="3.66" electricity="0.00" noise="72.07" route="routetop" type="cfm-fast" waiting="0.00" lane="top_0" pos="48.95" speed="23.43" angle="186.43" x="-4.90" y="66.02"/>
        <vehicle id="cfm-fast_3" eclass="HBEFA3/PC_G_EU4" CO2="11467.90" CO="163.87" HC="1.03" NOx="4.77" PMx="0.26" fuel="4.93" electricity="0.00" noise="73.59" route="routetop" type="cfm-fast" waiting="0.00" lane="left_0" pos="13.41" speed="24.23" angle="160.37" x="1.07" y="35.58"/>
        <vehicle id="cfm-fast_4" eclass="HBEFA3/PC_G_EU4" CO2="44834.23" CO="2142.48" HC="11.01" NOx="19.60" PMx="1.70" fuel="19.27" electricity="0.00" noise="93.93" route="routetop" type="cfm-fast" waiting="0.00" lane="top_1" pos="31.89" speed="76.84" angle="217.06" x="8.65" y="98.85"/>
        <vehicle id="cfm-fast_5" eclass="HBEFA3/PC_G_EU4" CO2="13847.89" CO="216.56" HC="1.33" NOx="5.86" PMx="0.32" fuel="5.95" electricity="0.00" noise="74.96" route="routetop" type="cfm-fast" waiting="0.00" lane="left_0" pos="28.73" speed="25.43" angle="132.78" x="21.14" y="9.83"/>
        <vehicle id="cfm-slow_0" eclass="HBEFA3/PC_G_EU4" CO2="15291.27" CO="252.31" HC="1.53" NOx="6.51" PMx="0.36" fuel="6.57" electricity="0.00" noise="75.89" route="routetop" type="cfm-slow" waiting="0.00" lane="left_0" pos="45.29" speed="26.88" angle="103.08" x="53.46" y="-4.18"/>
        <vehicle id="cfm-slow_1" eclass="HBEFA3/PC_G_EU4" CO2="14181.85" CO="237.56" HC="1.44" NOx="5.95" PMx="0.34" fuel="6.10" electricity="0.00" noise="75.75" route="routebottom" type="cfm-slow" waiting="0.00" lane="bottom_0" pos="17.31" speed="28.37" angle="63.31" x="99.18" y="4.97"/>
        <vehicle id="cfm-slow_2" eclass="HBEFA3/PC_G_EU4" CO2="7842.66" CO="114.68" HC="0.72" NOx="2.94" PMx="0.18" fuel="3.37" electricity="0.00" noise="74.15" route="routebottom" type="cfm-slow" waiting="0.00" lane="bottom_0" pos="40.83" speed="29.54" angle="21.00" x="129.43" y="44.11"/>
        <vehicle id="cfm-slow_3" eclass="HBEFA3/PC_G_EU4" CO2="0.00" CO="0.00" HC="0.00" NOx="0.00" PMx="0.00" fuel="0.00" electricity="0.00" noise="72.53" route="routebottom" type="cfm-slow" waiting="0.00" lane="right_0" pos="15.48" speed="29.73" angle="336.59" x="124.30" y="95.76"/>
        <vehicle id="cfm-slow_4" eclass="HBEFA3/PC_G_EU4" CO2="0.00" CO="0.00" HC="0.00" NOx="0.00" PMx="0.00" fuel="0.00" electricity="0.00" noise="71.43" route="routebottom" type="cfm-slow" waiting="0.00" lane="right_0" pos="40.22" speed="28.38" angle="292.17" x="84.47" y="129.04"/>
        <vehicle id="cfm-slow_5" eclass="HBEFA3/PC_G_EU4" CO2="0.00" CO="0.00" HC="0.00" NOx="0.00" PMx="0.00" fuel="0.00" electricity="0.00" noise="70.21" route="routetop" type="cfm-slow" waiting="0.00" lane="top_0" pos="13.47" speed="25.89" angle="250.22" x="35.45" y="126.20"/>
    </timestep>
    <timestep time="9.80">
        <vehicle id="cfm-fast_0" eclass="HBEFA3/PC_G_EU4" CO2="295136.31" CO="7129.68" HC="39.92" NOx="137.76" PMx="8.16" fuel="126.86" electricity="0.00" noise="150.15" route="routebottom" type="cfm-fast" waiting="0.00" lane="bottom_1" pos="4.70" speed="73.15" angle="86.06" x="73.29" y="-0.93"/>
        <vehicle id="cfm-fast_1" eclass="HBEFA3/PC_G_EU4" CO2="4997.82" CO="28.42" HC="0.25" NOx="1.74" PMx="0.08" fuel="2.15" electricity="0.00" noise="70.73" route="routetop" type="cfm-fast" waiting="0.00" lane="top_0" pos="35.03" speed="23.19" angle="211.51" x="2.52" y="94.79"/>
        <vehicle id="cfm-fast_2" eclass="HBEFA3/PC_G_EU4" CO2="8542.03" CO="101.84" HC="0.67" NOx="3.40" PMx="0.18" fuel="3.67" electricity="0.00" noise="72.08" route="routetop" type="cfm-fast" waiting="0.00" lane="top_0" pos="49.19" speed="23.43" angle="186.00" x="-4.91" y="65.51"/>
        <vehicle id="cfm-fast_3" eclass="HBEFA3/PC_G_EU4" CO2="11491.04" CO="164.37" HC="1.03" NOx="4.78" PMx="0.26" fuel="4.94" electricity="0.00" noise="73.60" route="routetop" type="cfm-fast" waiting="0.00" lane="left_0" pos="13.65" speed="24.24" angle="159.92" x="1.29" y="35.10"/>
        <vehicle id="cfm-fast_4" eclass="HBEFA3/PC_G_EU4" CO2="46518.57" CO="2177.33" HC="11.21" NOx="20.40" PMx="1.74" fuel="20.00" electricity="0.00" noise="94.24" route="routetop" type="cfm-fast" waiting="0.00" lane="top_1" pos="32.66" speed="76.84" angle="215.73" x="7.82" y="97.51"/>
        <vehicle id="cfm-fast_5" eclass="HBEFA3/PC_G_EU4" CO2="13862.42" CO="216.91" HC="1.33" NOx="5.87" PMx="0.32" fuel="5.96" electricity="0.00" noise="74.97" route="routetop" type="cfm-fast" waiting="0.00" lane="left_0" pos="28.98" speed="25.45" angle="132.31" x="21.58" y="9.50"/>
        <vehicle id="cfm-slow_0" eclass="HBEFA3/PC_G_EU4" CO2="15282.98" CO="252.21" HC="1.53" NOx="6.51" PMx="0.36" fuel="6.57" electricity="0.00" noise="75.89" route="routetop" type="cfm-slow" waiting="0.00" lane="left_0" pos="45.55" speed="26.89" angle="102.58" x="54.04" y="-4.26"/>
        <vehicle id="cfm-slow_1" eclass="HBEFA3/PC_G_EU4" CO2="14125.03" CO="236.46" HC="1.43" NOx="5.93" PMx="0.34" fuel="6.07" electricity="0.00" noise="75.73" route="routebottom" type="cfm-slow" waiting="0.00" lane="bottom_0" pos="17.59" speed="28.38" angle="62.78" x="99.70" y="5.29"/>
        <vehicle id="cfm-slow_2" eclass="HBEFA3/PC_G_EU4" CO2="7732.72" CO="112.43" HC="0.71" NOx="2.89" PMx="0.17" fuel="3.32" electricity="0.00" noise="74.13" route="routebottom" type="cfm-slow" waiting="0.00" lane="bottom_0" pos="41.12" speed="29.54" angle="20.52" x="129.61" y="44.72"/>
        <vehicle id="cfm-slow_3" eclass="HBEFA3/PC_G_EU4" CO2="0.00" CO="0.00" HC="0.00" NOx="0.00" PMx="0.00" fuel="0.00" electricity="0.00" noise="72.51" route="routebottom" type="cfm-slow" waiting="0.00" lane="right_0" pos="15.78" speed="29.72" angle="336.05" x="123.99" y="96.32"/>
        <vehicle id="cfm-slow_4" eclass="HBEFA3/PC_G_EU4" CO2="0.00" CO="0.00" HC="0.00" NOx="0.00" PMx="0.00" fuel="0.00" electricity="0.00" noise="71.42" route="routebottom" type="cfm-slow" waiting="0.00" lane="right_0" pos="40.50" speed="28.36" angle="291.63" x="83.88" y="129.22"/>
        <vehicle id="cfm-slow_5" eclass="HBEFA3/PC_G_EU4" CO2="0.00" CO="0.00" HC="0.00" NOx="0.00" PMx="0.00" fuel="0.00" electricity="0.00" noise="70.20" route="routetop" type="cfm-slow" waiting="0.00" lane="top_0" pos="13.73" speed="25.87" angle="249.75" x="34.94" y="125.97"/>
    </timestep>
    <timestep time="9.81">
        <vehicle id="cfm-fast_0" eclass="HBEFA3/PC_G_EU4" CO2="295760.07" CO="7148.46" HC="40.03" NOx="138.05" PMx="8.18" fuel="127.13" electricity="0.00" noise="150.22" route="routebottom" type="cfm-fast" waiting="0.00" lane="bottom_1" pos="5.43" speed="73.28" angle="84.73" x="74.78" y="-0.69"/>
        <vehicle id="cfm-fast_1" eclass="HBEFA3/PC_G_EU4" CO2="5032.69" CO="29.14" HC="0.26" NOx="1.75" PMx="0.09" fuel="2.16" electricity="0.00" noise="70.74" route="routetop" type="cfm-fast" waiting="0.00" lane="top_0" pos="35.26" speed="23.19" angle="211.08" x="2.30" y="94.34"/>
        <vehicle id="cfm-fast_2" eclass="HBEFA3/PC_G_EU4" CO2="8570.94" CO="102.45" HC="0.68" NOx="3.42" PMx="0.18" fuel="3.68" electricity="0.00" noise="72.10" route="routetop" type="cfm-fast" waiting="0.00" lane="top_0" pos="49.42" speed="23.44" angle="185.57" x="-4.92" y="65.01"/>
        <vehicle id="cfm-fast_3" eclass="HBEFA3/PC_G_EU4" CO2="11514.09" CO="164.88" HC="1.04" NOx="4.79" PMx="0.26" fuel="4.95" electricity="0.00" noise="73.61" route="routetop" type="cfm-fast" waiting="0.00" lane="left_0" pos="13.89" speed="24.26" angle="159.46" x="1.50" y="34.63"/>
        <vehicle id="cfm-fast_4" eclass="HBEFA3/PC_G_EU4" CO2="48197.67" CO="2212.12" HC="11.41" NOx="21.19" PMx="1.79" fuel="20.72" electricity="0.00" noise="94.56" route="routetop" type="cfm-fast" waiting="0.00" lane="top_1" pos="33.43" speed="76.85" angle="214.39" x="7.01" y="96.16"/>
        <vehicle id="cfm-fast_5" eclass="HBEFA3/PC_G_EU4" CO2="13876.74" CO="217.26" HC="1.33" NOx="5.87" PMx="0.32" fuel="5.96" electricity="0.00" noise="74.98" route="routetop" type="cfm-fast" waiting="0.00" lane="left_0" pos="29.24" speed="25.46" angle="131.84" x="22.01" y="9.16"/>
        <vehicle id="cfm-slow_0" eclass="HBEFA3/PC_G_EU4" CO2="15274.24" CO="252.10" HC="1.53" NOx="6.50" PMx="0.36" fuel="6.57" electricity="0.00" noise="75.89" route="routetop" type="cfm-slow" waiting="0.00" lane="left_0" pos="45.82" speed="26.91" angle="102.08" x="54.61" y="-4.34"/>
        <vehicle id="cfm-slow_1" eclass="HBEFA3/PC_G_EU4" CO2="14067.68" CO="235.35" HC="1.43" NOx="5.90" PMx="0.34" fuel="6.05" electricity="0.00" noise="75.72" route="routebottom" type="cfm-slow" waiting="0.00" lane="bottom_0" pos="17.88" speed="28.40" angle="62.30" x="100.23" y="5.60"/>
        <vehicle id="cfm-slow_2" eclass="HBEFA3/PC_G_EU4" CO2="7622.84" CO="110.19" HC="0.70" NOx="2.83" PMx="0.17" fuel="3.28" electricity="0.00" noise="74.10" route="routebottom" type="cfm-slow" waiting="0.00" lane="bottom_0" pos="41.42" speed="29.55" angle="19.98" x="129.77" y="45.34"/>
        <vehicle id="cfm-slow_3" eclass="HBEFA3/PC_G_EU4" CO2="0.00" CO="0.00" HC="0.00" NOx="0.00" PMx="0.00" fuel="0.00" electricity="0.00" noise="72.50" route="routebottom" type="cfm-slow" waiting="0.00" lane="right_0" pos="16.08" speed="29.71" angle="335.51" x="123.68" y="96.88"/>
        <vehicle id="cfm-slow_4" eclass="HBEFA3/PC_G_EU4" CO2="0.00" CO="0.00" HC="0.00" NOx="0.00" PMx="0.00" fuel="0.00" electricity="0.00" noise="71.41" route="routebottom" type="cfm-slow" waiting="0.00" lane="right_0" pos="40.79" speed="28.34" angle="291.09" x="83.30" y="129.40"/>
        <vehicle id="cfm-slow_5" eclass="HBEFA3/PC_G_EU4" CO2="0.00" CO="0.00" HC="0.00" NOx="0.00" PMx="0.00" fuel="0.00" electricity="0.00" noise="70.20" route="routetop" type="cfm-slow" waiting="0.00" lane="top_0" pos="13.99" speed="25.85" angle="249.30" x="34.44" y="125.74"/>
    </timestep>
    <timestep time="9.82">
        <vehicle id="cfm-fast_0" eclass="HBEFA3/PC_G_EU4" CO2="296384.13" CO="7167.25" HC="40.13" NOx="138.34" PMx="8.20" fuel="127.40" electricity="0.00" noise="150.28" route="routebottom" type="cfm-fast" waiting="0.00" lane="bottom_1" pos="6.17" speed="73.42" angle="83.34" x="76.26" y="-0.42"/>
        <vehicle id="cfm-fast_1" eclass="HBEFA3/PC_G_EU4" CO2="5067.50" CO="29.86" HC="0.26" NOx="1.77" PMx="0.09" fuel="2.18" electricity="0.00" noise="70.75" route="routetop" type="cfm-fast" waiting="0.00" lane="top_0" pos="35.49" speed="23.19" angle="210.65" x="2.08" y="93.89"/>
        <vehicle id="cfm-fast_2" eclass="HBEFA3/PC_G_EU4" CO2="8599.80" CO="103.06" HC="0.68" NOx="3.43" PMx="0.18" fuel="3.70" electricity="0.00" noise="72.11" route="routetop" type="cfm-fast" waiting="0.00" lane="top_0" pos="49.65" speed="23.45" angle="185.15" x="-4.93" y="64.50"/>
        <vehicle id="cfm-fast_3" eclass="HBEFA3/PC_G_EU4" CO2="11537.07" CO="165.38" HC="1.04" NOx="4.80" PMx="0.26" fuel="4.96" electricity="0.00" noise="73.63" route="routetop" type="cfm-fast" waiting="0.00" lane="left_0" pos="14.13" speed="24.27" angle="159.07" x="1.72" y="34.15"/>
        <vehicle id="cfm-fast_4" eclass="HBEFA3/PC_G_EU4" CO2="49871.55" CO="2246.83" HC="11.61" NOx="21.98" PMx="1.83" fuel="21.44" electricity="0.00" noise="94.89" route="routetop" type="cfm-fast" waiting="0.00" lane="top_1" pos="34.20" speed="76.85" angle="212.98" x="6.25" y="94.78"/>
        <vehicle id="cfm-fast_5" eclass="HBEFA3/PC_G_EU4" CO2="13890.86" CO="217.60" HC="1.34" NOx="5.88" PMx="0.32" fuel="5.97" electricity="0.00" noise="74.99" route="routetop" type="cfm-fast" waiting="0.00" lane="left_0" pos="29.49" speed="25.48" angle="131.43" x="22.44" y="8.82"/>
        <vehicle id="cfm-slow_0" eclass="HBEFA3/PC_G_EU4" CO2="15265.06" CO="251.98" HC="1.53" NOx="6.50" PMx="0.36" fuel="6.56" electricity="0.00" noise="75.89" route="routetop" type="cfm-slow" waiting="0.00" lane="left_0" pos="46.09" speed="26.92" angle="101.60" x="55.18" y="-4.42"/>
        <vehicle id="cfm-slow_1" eclass="HBEFA3/PC_G_EU4" CO2="14009.80" CO="234.23" HC="1.42" NOx="5.87" PMx="0.33" fuel="6.02" electricity="0.00" noise="75.70" route="routebottom" type="cfm-slow" waiting="0.00" lane="bottom_0" pos="18.16" speed="28.41" angle="61.80" x="100.74" y="5.94"/>
        <vehicle id="cfm-slow_2" eclass="HBEFA3/PC_G_EU4" CO2="7513.03" CO="107.94" HC="0.68" NOx="2.78" PMx="0.17" fuel="3.23" electricity="0.00" noise="74.08" route="routebottom" type="cfm-slow" waiting="0.00" lane="bottom_0" pos="41.72" speed="29.55" angle="19.44" x="129.94" y="45.95"/>
        <vehicle id="cfm-slow_3" eclass="HBEFA3/PC_G_EU4" CO2="0.00" CO="0.00" HC="0.00" NOx="0.00" PMx="0.00" fuel="0.00" electricity="0.00" noise="72.49" route="routebottom" type="cfm-slow" waiting="0.00" lane="right_0" pos="16.37" speed="29.69" angle="334.97" x="123.37" y="97.44"/>
        <vehicle id="cfm-slow_4" eclass="HBEFA3/PC_G_EU4" CO2="0.00" CO="0.00" HC="0.00" NOx="0.00" PMx="0.00" fuel="0.00" electricity="0.00" noise="71.40" route="routebottom" type="cfm-slow" waiting="0.00" lane="right_0" pos="41.07" speed="28.31" angle="290.62" x="82.72" y="129.58"/>
        <vehicle id="cfm-slow_5" eclass="HBEFA3/PC_G_EU4" CO2="0.00" CO="0.00" HC="0.00" NOx="0.00" PMx="0.00" fuel="0.00" electricity="0.00" noise="70.19" route="routetop" type="cfm-slow" waiting="0.00" lane="top_0" pos="14.25" speed="25.83" angle="248.86" x="33.93" y="125.50"/>
    </timestep>
    <timestep time="9.83">
        <vehicle id="cfm-fast_0" eclass="HBEFA3/PC_G_EU4" CO2="297008.48" CO="7186.07" HC="40.23" NOx="138.64" PMx="8.22" fuel="127.67" electricity="0.00" noise="150.35" route="routebottom" type="cfm-fast" waiting="0.00" lane="bottom_1" pos="6.90" speed="73.56" angle="82.04" x="77.73" y="-0.10"/>
        <vehicle id="cfm-fast_1" eclass="HBEFA3/PC_G_EU4" CO2="5102.26" CO="30.58" HC="0.26" NOx="1.79" PMx="0.09" fuel="2.19" electricity="0.00" noise="70.76" route="routetop" type="cfm-fast" waiting="0.00" lane="top_0" pos="35.73" speed="23.19" angle="210.22" x="1.86" y="93.45"/>
        <vehicle id="cfm-fast_2" eclass="HBEFA3/PC_G_EU4" CO2="8628.59" CO="103.66" HC="0.69" NOx="3.44" PMx="0.18" fuel="3.71" electricity="0.00" noise="72.13" route="routetop" type="cfm-fast" waiting="0.00" lane="top_0" pos="49.89" speed="23.46" angle="184.72" x="-4.94" y="64.00"/>
        <vehicle id="cfm-fast_3" eclass="HBEFA3/PC_G_EU4" CO2="11559.97" CO="165.88" HC="1.04" NOx="4.81" PMx="0.26" fuel="4.97" electricity="0.00" noise="73.64" route="routetop" type="cfm-fast" waiting="0.00" lane="left_0" pos="14.38" speed="24.28" angle="158.62" x="1.95" y="33.68"/>
        <vehicle id="cfm-fast_4" eclass="HBEFA3/PC_G_EU4" CO2="51540.22" CO="2281.48" HC="11.81" NOx="22.77" PMx="1.87" fuel="22.16" electricity="0.00" noise="95.21" route="routetop" type="cfm-fast" waiting="0.00" lane="top_1" pos="34.96" speed="76.86" angle="211.64" x="5.51" y="93.38"/>
        <vehicle id="cfm-fast_5" eclass="HBEFA3/PC_G_EU4" CO2="13904.77" CO="217.94" HC="1.34" NOx="5.89" PMx="0.32" fuel="5.98" electricity="0.00" noise="75.00" route="routetop" type="cfm-fast" waiting="0.00" lane="left_0" pos="29.75" speed="25.49" angle="130.96" x="22.88" y="8.50"/>
        <vehicle id="cfm-slow_0" eclass="HBEFA3/PC_G_EU4" CO2="15255.43" CO="251.86" HC="1.53" NOx="6.49" PMx="0.36" fuel="6.56" electricity="0.00" noise="75.89" route="routetop" type="cfm-slow" waiting="0.00" lane="left_0" pos="46.36" speed="26.94" angle="101.15" x="55.76" y="-4.49"/>
        <vehicle id="cfm-slow_1" eclass="HBEFA3/PC_G_EU4" CO2="13951.40" CO="233.10" HC="1.41" NOx="5.84" PMx="0.33" fuel="6.00" electricity="0.00" noise="75.68" route="routebottom" type="cfm-slow" waiting="0.00" lane="bottom_0" pos="18.44" speed="28.42" angle="61.27" x="101.25" y="6.27"/>
        <vehicle id="cfm-slow_2" eclass="HBEFA3/PC_G_EU4" CO2="7403.29" CO="105.70" HC="0.67" NOx="2.73" PMx="0.17" fuel="3.18" electricity="0.00" noise="74.05" route="routebottom" type="cfm-slow" waiting="0.00" lane="bottom_0" pos="42.01" speed="29.55" angle="18.90" x="130.10" y="46.56"/>
        <vehicle id="cfm-slow_3" eclass="HBEFA3/PC_G_EU4" CO2="0.00" CO="0.00" HC="0.00" NOx="0.00" PMx="0.00" fuel="0.00" electricity="0.00" noise="72.48" route="routebottom" type="cfm-slow" waiting="0.00" lane="right_0" pos="16.67" speed="29.68" angle="334.49" x="123.06" y="98.00"/>
        <vehicle id="cfm-slow_4" eclass="HBEFA3/PC_G_EU4" CO2="0.00" CO="0.00" HC="0.00" NOx="0.00" PMx="0.00" fuel="0.00" electricity="0.00" noise="71.38" route="routebottom" type="cfm-slow" waiting="0.00" lane="right_0" pos="41.35" speed="28.29" angle="290.11" x="82.13" y="129.73"/>
        <vehicle id="cfm-slow_5" eclass="HBEFA3/PC_G_EU4" CO2="0.00" CO="0.00" HC="0.00" NOx="0.00" PMx="0.00" fuel="0.00" electricity="0.00" noise="70.18" route="routetop" type="cfm-slow" waiting="0.00" lane="top_0" pos="14.50" speed="25.81" angle="248.36" x="33.44" y="125.25"/>
    </timestep>
    <timestep time="9.84">
        <vehicle id="cfm-fast_0" eclass="HBEFA3/PC_G_EU4" CO2="297633.12" CO="7204.91" HC="40.33" NOx="138.93" PMx="8.24" fuel="127.94" electricity="0.00" noise="150.42" route="routebottom" type="cfm-fast" waiting="0.00" lane="bottom_1" pos="7.64" speed="73.69" angle="80.73" x="79.20" y="0.23"/>
        <vehicle id="cfm-fast_1" eclass="HBEFA3/PC_G_EU4" CO2="5136.95" CO="31.30" HC="0.27" NOx="1.80" PMx="0.09" fuel="2.21" electricity="0.00" noise="70.77" route="routetop" type="cfm-fast" waiting="0.00" lane="top_0" pos="35.96" speed="23.19" angle="209.85" x="1.64" y="93.00"/>
        <vehicle id="cfm-fast_2" eclass="HBEFA3/PC_G_EU4" CO2="8657.34" CO="104.27" HC="0.69" NOx="3.46" PMx="0.18" fuel="3.72" electricity="0.00" noise="72.14" route="routetop" type="cfm-fast" waiting="0.00" lane="left_0" pos="0.12" speed="23.46" angle="184.26" x="-4.94" y="63.30"/>
        <vehicle id="cfm-fast_3" eclass="HBEFA3/PC_G_EU4" CO2="11582.79" CO="166.39" HC="1.04" NOx="4.82" PMx="0.26" fuel="4.98" electricity="0.00" noise="73.65" route="routetop" type="cfm-fast" waiting="0.00" lane="left_0" pos="14.62" speed="24.29" angle="158.16" x="2.19" y="33.22"/>
        <vehicle id="cfm-fast_4" eclass="HBEFA3/PC_G_EU4" CO2="53203.70" CO="2316.06" HC="12.01" NOx="23.55" PMx="1.92" fuel="22.87" electricity="0.00" noise="95.54" route="routetop" type="cfm-fast" waiting="0.00" lane="top_1" pos="35.73" speed="76.86" angle="210.24" x="4.81" y="91.97"/>
        <vehicle id="cfm-fast_5" eclass="HBEFA3/PC_G_EU4" CO2="13918.48" CO="218.27" HC="1.34" NOx="5.89" PMx="0.32" fuel="5.98" electricity="0.00" noise="75.00" route="routetop" type="cfm-fast" waiting="0.00" lane="left_0" pos="30.00" speed="25.51" angle="130.49" x="23.33" y="8.18"/>
        <vehicle id="cfm-slow_0" eclass="HBEFA3/PC_G_EU4" CO2="15245.36" CO="251.72" HC="1.53" NOx="6.49" PMx="0.36" fuel="6.55" electricity="0.00" noise="75.89" route="routetop" type="cfm-slow" waiting="0.00" lane="left_0" pos="46.63" speed="26.95" angle="100.65" x="56.34" y="-4.55"/>
        <vehicle id="cfm-slow_1" eclass="HBEFA3/PC_G_EU4" CO2="13892.49" CO="231.96" HC="1.41" NOx="5.82" PMx="0.33" fuel="5.97" electricity="0.00" noise="75.66" route="routebottom" type="cfm-slow" waiting="0.00" lane="bottom_0" pos="18.73" speed="28.43" angle="60.74" x="101.76" y="6.61"/>
        <vehicle id="cfm-slow_2" eclass="HBEFA3/PC_G_EU4" CO2="7293.64" CO="103.46" HC="0.66" NOx="2.68" PMx="0.16" fuel="3.14" electricity="0.00" noise="74.03" route="routebottom" type="cfm-slow" waiting="0.00" lane="bottom_0" pos="42.31" speed="29.55" angle="18.40" x="130.26" y="47.18"/>
        <vehicle id="cfm-slow_3" eclass="HBEFA3/PC_G_EU4" CO2="0.00" CO="0.00" HC="0.00" NOx="0.00" PMx="0.00" fuel="0.00" electricity="0.00" noise="72.46" route="routebottom" type="cfm-slow" waiting="0.00" lane="right_0" pos="16.97" speed="29.67" angle="333.95" x="122.73" y="98.55"/>
        <vehicle id="cfm-slow_4" eclass="HBEFA3/PC_G_EU4" CO2="0.00" CO="0.00" HC="0.00" NOx="0.00" PMx="0.00" fuel="0.00" electricity="0.00" noise="71.37" route="routebottom" type="cfm-slow" waiting="0.00" lane="right_0" pos="41.64" speed="28.27" angle="289.59" x="81.54" y="129.89"/>
        <vehicle id="cfm-slow_5" eclass="HBEFA3/PC_G_EU4" CO2="0.00" CO="0.00" HC="0.00" NOx="0.00" PMx="0.00" fuel="0.00" electricity="0.00" noise="70.18" route="routetop" type="cfm-slow" waiting="0.00" lane="top_0" pos="14.76" speed="25.79" angle="247.87" x="32.94" y="125.00"/>
    </timestep>
    <timestep time="9.85">
        <vehicle id="cfm-fast_0" eclass="HBEFA3/PC_G_EU4" CO2="298258.05" CO="7223.77" HC="40.43" NOx="139.22" PMx="8.26" fuel="128.21" electricity="0.00" noise="150.48" route="routebottom" type="cfm-fast" waiting="0.00" lane="bottom_1" pos="8.38" speed="73.83" angle="79.37" x="80.67" y="0.62"/>
        <vehicle id="cfm-fast_1" eclass="HBEFA3/PC_G_EU4" CO2="5171.58" CO="32.02" HC="0.27" NOx="1.82" PMx="0.09" fuel="2.22" electricity="0.00" noise="70.79" route="routetop" type="cfm-fast" waiting="0.00" lane="top_0" pos="36.19" speed="23.20" angle="209.42" x="1.43" y="92.54"/>
        <vehicle id="cfm-fast_2" eclass="HBEFA3/PC_G_EU4" CO2="8686.02" CO="104.88" HC="0.69" NOx="3.47" PMx="0.18" fuel="3.73" electricity="0.00" noise="72.16" route="routetop" type="cfm-fast" waiting="0.00" lane="left_0" pos="0.36" speed="23.47" angle="183.83" x="-4.93" y="62.80"/>
        <vehicle id="cfm-fast_3" eclass="HBEFA3/PC_G_EU4" CO2="11605.53" CO="166.88" HC="1.05" NOx="4.83" PMx="0.26" fuel="4.99" electricity="0.00" noise="73.67" route="routetop" type="cfm-fast" waiting="0.00" lane="left_0" pos="14.86" speed="24.30" angle="157.71" x="2.42" y="32.75"/>
        <vehicle id="cfm-fast_4" eclass="HBEFA3/PC_G_EU4" CO2="54862.01" CO="2350.56" HC="12.21" NOx="24.33" PMx="1.96" fuel="23.58" electricity="0.00" noise="95.87" route="routetop" type="cfm-fast" waiting="0.00" lane="top_1" pos="36.50" speed="76.87" angle="208.85" x="4.15" y="90.54"/>
        <vehicle id="cfm-fast_5" eclass="HBEFA3/PC_G_EU4" CO2="13931.97" CO="218.60" HC="1.34" NOx="5.90" PMx="0.32" fuel="5.99" electricity="0.00" noise="75.01" route="routetop" type="cfm-fast" waiting="0.00" lane="left_0" pos="30.26" speed="25.52" angle="130.03" x="23.77" y="7.86"/>
        <vehicle id="cfm-slow_0" eclass="HBEFA3/PC_G_EU4" CO2="15234.84" CO="251.58" HC="1.53" NOx="6.48" PMx="0.36" fuel="6.55" electricity="0.00" noise="75.89" route="routetop" type="cfm-slow" waiting="0.00" lane="left_0" pos="46.90" speed="26.97" angle="100.16" x="56.91" y="-4.60"/>
        <vehicle id="cfm-slow_1" eclass="HBEFA3/PC_G_EU4" CO2="13833.07" CO="230.81" HC="1.40" NOx="5.79" PMx="0.33" fuel="5.95" electricity="0.00" noise="75.64" route="routebottom" type="cfm-slow" waiting="0.00" lane="bottom_0" pos="19.01" speed="28.44" angle="60.20" x="102.27" y="6.95"/>
        <vehicle id="cfm-slow_2" eclass="HBEFA3/PC_G_EU4" CO2="7184.08" CO="101.22" HC="0.64" NOx="2.63" PMx="0.16" fuel="3.09" electricity="0.00" noise="74.00" route="routebottom" type="cfm-slow" waiting="0.00" lane="bottom_0" pos="42.60" speed="29.56" angle="17.88" x="130.41" y="47.80"/>
        <vehicle id="cfm-slow_3" eclass="HBEFA3/PC_G_EU4" CO2="0.00" CO="0.00" HC="0.00" NOx="0.00" PMx="0.00" fuel="0.00" electricity="0.00" noise="72.45" route="routebottom" type="cfm-slow" waiting="0.00" lane="right_0" pos="17.26" speed="29.66" angle="333.42" x="122.40" y="99.09"/>
        <vehicle id="cfm-slow_4" eclass="HBEFA3/PC_G_EU4" CO2="0.00" CO="0.00" HC="0.00" NOx="0.00" PMx="0.00" fuel="0.00" electricity="0.00" noise="71.36" route="routebottom" type="cfm-slow" waiting="0.00" lane="right_0" pos="41.92" speed="28.24" angle="289.08" x="80.95" y="130.05"/>
        <vehicle id="cfm-slow_5" eclass="HBEFA3/PC_G_EU4" CO2="0.00" CO="0.00" HC="0.00" NOx="0.00" PMx="0.00" fuel="0.00" electricity="0.00" noise="70.17" route="routetop" type="cfm-slow" waiting="0.00" lane="top_0" pos="15.02" speed="25.77" angle="247.38" x="32.45" y="124.75"/>
    </timestep>
    <timestep time="9.86">
        <vehicle id="cfm-fast_0" eclass="HBEFA3/PC_G_EU4" CO2="298883.27" CO="7242.65" HC="40.54" NOx="139.51" PMx="8.28" fuel="128.48" electricity="0.00" noise="150.55" route="routebottom" type="cfm-fast" waiting="0.00" lane="bottom_1" pos="9.12" speed="73.96" angle="78.05" x="82.13" y="1.02"/>
        <vehicle id="cfm-fast_1" eclass="HBEFA3/PC_G_EU4" CO2="5206.16" CO="32.73" HC="0.28" NOx="1.83" PMx="0.09" fuel="2.24" electricity="0.00" noise="70.80" route="routetop" type="cfm-fast" waiting="0.00" lane="top_0" pos="36.42" speed="23.20" angle="208.98" x="1.23" y="92.09"/>
        <vehicle id="cfm-fast_2" eclass="HBEFA3/PC_G_EU4" CO2="8714.65" CO="105.48" HC="0.70" NOx="3.48" PMx="0.18" fuel="3.75" electricity="0.00" noise="72.17" route="routetop" type="cfm-fast" waiting="0.00" lane="left_0" pos="0.59" speed="23.48" angle="183.41" x="-4.92" y="62.29"/>
        <vehicle id="cfm-fast_3" eclass="HBEFA3/PC_G_EU4" CO2="11628.18" CO="167.38" HC="1.05" NOx="4.84" PMx="0.26" fuel="5.00" electricity="0.00" noise="73.68" route="routetop" type="cfm-fast" waiting="0.00" lane="left_0" pos="15.11" speed="24.32" angle="157.25" x="2.65" y="32.28"/>
        <vehicle id="cfm-fast_4" eclass="HBEFA3/PC_G_EU4" CO2="56515.16" CO="2385.01" HC="12.40" NOx="25.11" PMx="2.00" fuel="24.29" electricity="0.00" noise="96.20" route="routetop" type="cfm-fast" waiting="0.00" lane="top_1" pos="37.27" speed="76.88" angle="207.46" x="3.51" y="89.10"/>
        <vehicle id="cfm-fast_5" eclass="HBEFA3/PC_G_EU4" CO2="13945.25" CO="218.93" HC="1.34" NOx="5.90" PMx="0.32" fuel="5.99" electricity="0.00" noise="75.02" route="routetop" type="cfm-fast" waiting="0.00" lane="left_0" pos="30.51" speed="25.53" angle="129.56" x="24.22" y="7.53"/>
        <vehicle id="cfm-slow_0" eclass="HBEFA3/PC_G_EU4" CO2="15223.87" CO="251.42" HC="1.53" NOx="6.48" PMx="0.36" fuel="6.54" electricity="0.00" noise="75.88" route="routetop" type="cfm-slow" waiting="0.00" lane="left_0" pos="47.17" speed="26.98" angle="99.67" x="57.49" y="-4.66"/>
        <vehicle id="cfm-slow_1" eclass="HBEFA3/PC_G_EU4" CO2="13773.14" CO="229.64" HC="1.39" NOx="5.76" PMx="0.33" fuel="5.92" electricity="0.00" noise="75.62" route="routebottom" type="cfm-slow" waiting="0.00" lane="bottom_0" pos="19.30" speed="28.45" angle="59.74" x="102.77" y="7.30"/>
        <vehicle id="cfm-slow_2" eclass="HBEFA3/PC_G_EU4" CO2="7074.62" CO="98.97" HC="0.63" NOx="2.57" PMx="0.16" fuel="3.04" electricity="0.00" noise="73.98" route="routebottom" type="cfm-slow" waiting="0.00" lane="bottom_0" pos="42.90" speed="29.56" angle="17.34" x="130.55" y="48.42"/>
        <vehicle id="cfm-slow_3" eclass="HBEFA3/PC_G_EU4" CO2="0.00" CO="0.00" HC="0.00" NOx="0.00" PMx="0.00" fuel="0.00" electricity="0.00" noise="72.44" route="routebottom" type="cfm-slow" waiting="0.00" lane="right_0" pos="17.56" speed="29.64" angle="332.88" x="122.08" y="99.64"/>
        <vehicle id="cfm-slow_4" eclass="HBEFA3/PC_G_EU4" CO2="0.00" CO="0.00" HC="0.00" NOx="0.00" PMx="0.00" fuel="0.00" electricity="0.00" noise="71.35" route="routebottom" type="cfm-slow" waiting="0.00" lane="right_0" pos="42.20" speed="28.22" angle="288.57" x="80.37" y="130.21"/>
        <vehicle id="cfm-slow_5" eclass="HBEFA3/PC_G_EU4" CO2="0.00" CO="0.00" HC="0.00" NOx="0.00" PMx="0.00" fuel="0.00" electricity="0.00" noise="70.16" route="routetop" type="cfm-slow" waiting="0.00" lane="top_0" pos="15.28" speed="25.75" angle="246.91" x="31.95" y="124.50"/>
    </timestep>
    <timestep time="9.87">
        <vehicle id="cfm-fast_0" eclass="HBEFA3/PC_G_EU4" CO2="299508.78" CO="7261.56" HC="40.64" NOx="139.81" PMx="8.29" fuel="128.74" electricity="0.00" noise="150.61" route="routebottom" type="cfm-fast" waiting="0.00" lane="bottom_1" pos="9.86" speed="74.10" angle="76.70" x="83.58" y="1.47"/>
        <vehicle id="cfm-fast_1" eclass="HBEFA3/PC_G_EU4" CO2="5240.67" CO="33.45" HC="0.28" NOx="1.85" PMx="0.09" fuel="2.25" electricity="0.00" noise="70.81" route="routetop" type="cfm-fast" waiting="0.00" lane="top_0" pos="36.65" speed="23.20" angle="208.55" x="1.02" y="91.63"/>
        <vehicle id="cfm-fast_2" eclass="HBEFA3/PC_G_EU4" CO2="8743.21" CO="106.08" HC="0.70" NOx="3.50" PMx="0.18" fuel="3.76" electricity="0.00" noise="72.18" route="routetop" type="cfm-fast" waiting="0.00" lane="left_0" pos="0.83" speed="23.49" angle="182.98" x="-4.91" y="61.79"/>
        <vehicle id="cfm-fast_3" eclass="HBEFA3/PC_G_EU4" CO2="11650.76" CO="167.88" HC="1.05" NOx="4.85" PMx="0.26" fuel="5.01" electricity="0.00" noise="73.69" route="routetop" type="cfm-fast" waiting="0.00" lane="left_0" pos="15.35" speed="24.33" angle="156.85" x="2.89" y="31.81"/>
        <vehicle id="cfm-fast_4" eclass="HBEFA3/PC_G_EU4" CO2="58163.16" CO="2419.38" HC="12.60" NOx="25.89" PMx="2.05" fuel="25.00" electricity="0.00" noise="96.53" route="routetop" type="cfm-fast" waiting="0.00" lane="top_1" pos="38.04" speed="76.89" angle="206.00" x="2.92" y="87.64"/>
        <vehicle id="cfm-fast_5" eclass="HBEFA3/PC_G_EU4" CO2="13958.32" CO="219.25" HC="1.35" NOx="5.91" PMx="0.32" fuel="6.00" electricity="0.00" noise="75.03" route="routetop" type="cfm-fast" waiting="0.00" lane="left_0" pos="30.77" speed="25.55" angle="129.15" x="24.66" y="7.21"/>
        <vehicle id="cfm-slow_0" eclass="HBEFA3/PC_G_EU4" CO2="15212.46" CO="251.26" HC="1.52" NOx="6.47" PMx="0.36" fuel="6.54" electricity="0.00" noise="75.88" route="routetop" type="cfm-slow" waiting="0.00" lane="left_0" pos="47.44" speed="26.99" angle="99.21" x="58.07" y="-4.72"/>
        <vehicle id="cfm-slow_1" eclass="HBEFA3/PC_G_EU4" CO2="13712.71" CO="228.47" HC="1.39" NOx="5.73" PMx="0.33" fuel="5.89" electricity="0.00" noise="75.60" route="routebottom" type="cfm-slow" waiting="0.00" lane="bottom_0" pos="19.58" speed="28.47" angle="59.21" x="103.27" y="7.65"/>
        <vehicle id="cfm-slow_2" eclass="HBEFA3/PC_G_EU4" CO2="6965.28" CO="96.74" HC="0.62" NOx="2.52" PMx="0.16" fuel="2.99" electricity="0.00" noise="73.96" route="routebottom" type="cfm-slow" waiting="0.00" lane="bottom_0" pos="43.19" speed="29.56" angle="16.81" x="130.69" y="49.04"/>
        <vehicle id="cfm-slow_3" eclass="HBEFA3/PC_G_EU4" CO2="0.00" CO="0.00" HC="0.00" NOx="0.00" PMx="0.00" fuel="0.00" electricity="0.00" noise="72.42" route="routebottom" type="cfm-slow" waiting="0.00" lane="right_0" pos="17.85" speed="29.63" angle="332.38" x="121.75" y="100.19"/>
        <vehicle id="cfm-slow_4" eclass="HBEFA3/PC_G_EU4" CO2="0.00" CO="0.00" HC="0.00" NOx="0.00" PMx="0.00" fuel="0.00" electricity="0.00" noise="71.34" route="routebottom" type="cfm-slow" waiting="0.00" lane="right_0" pos="42.48" speed="28.19" angle="288.11" x="79.78" y="130.35"/>
        <vehicle id="cfm-slow_5" eclass="HBEFA3/PC_G_EU4" CO2="0.00" CO="0.00" HC="0.00" NOx="0.00" PMx="0.00" fuel="0.00" electricity="0.00" noise="70.16" route="routetop" type="cfm-slow" waiting="0.00" lane="top_0" pos="15.54" speed="25.73" angle="246.49" x="31.47" y="124.24"/>
    </timestep>
    <timestep time="9.88">
        <vehicle id="cfm-fast_0" eclass="HBEFA3/PC_G_EU4" CO2="300134.59" CO="7280.48" HC="40.74" NOx="140.10" PMx="8.31" fuel="129.01" electricity="0.00" noise="150.68" route="routebottom" type="cfm-fast" waiting="0.00" lane="bottom_1" pos="10.60" speed="74.24" angle="75.40" x="85.02" y="1.95"/>
        <vehicle id="cfm-fast_1" eclass="HBEFA3/PC_G_EU4" CO2="5275.12" CO="34.16" HC="0.29" NOx="1.87" PMx="0.09" fuel="2.27" electricity="0.00" noise="70.82" route="routetop" type="cfm-fast" waiting="0.00" lane="top_0" pos="36.89" speed="23.20" angle="208.11" x="0.82" y="91.18"/>
        <vehicle id="cfm-fast_2" eclass="HBEFA3/PC_G_EU4" CO2="8771.72" CO="106.69" HC="0.70" NOx="3.51" PMx="0.18" fuel="3.77" electricity="0.00" noise="72.20" route="routetop" type="cfm-fast" waiting="0.00" lane="left_0" pos="1.06" speed="23.50" angle="182.55" x="-4.90" y="61.28"/>
        <vehicle id="cfm-fast_3" eclass="HBEFA3/PC_G_EU4" CO2="11673.24" CO="168.37" HC="1.06" NOx="4.86" PMx="0.26" fuel="5.02" electricity="0.00" noise="73.71" route="routetop" type="cfm-fast" waiting="0.00" lane="left_0" pos="15.59" speed="24.34" angle="156.42" x="3.14" y="31.35"/>
        <vehicle id="cfm-fast_4" eclass="HBEFA3/PC_G_EU4" CO2="59806.03" CO="2453.68" HC="12.80" NOx="26.67" PMx="2.09" fuel="25.71" electricity="0.00" noise="96.86" route="routetop" type="cfm-fast" waiting="0.00" lane="top_1" pos="38.81" speed="76.90" angle="204.63" x="2.36" y="86.16"/>
        <vehicle id="cfm-fast_5" eclass="HBEFA3/PC_G_EU4" CO2="13971.17" CO="219.57" HC="1.35" NOx="5.92" PMx="0.32" fuel="6.01" electricity="0.00" noise="75.04" route="routetop" type="cfm-fast" waiting="0.00" lane="left_0" pos="31.02" speed="25.56" angle="128.69" x="25.12" y="6.91"/>
        <vehicle id="cfm-slow_0" eclass="HBEFA3/PC_G_EU4" CO2="15200.59" CO="251.09" HC="1.52" NOx="6.46" PMx="0.36" fuel="6.53" electricity="0.00" noise="75.88" route="routetop" type="cfm-slow" waiting="0.00" lane="left_0" pos="47.71" speed="27.01" angle="98.71" x="58.65" y="-4.76"/>
        <vehicle id="cfm-slow_1" eclass="HBEFA3/PC_G_EU4" CO2="13651.79" CO="227.28" HC="1.38" NOx="5.70" PMx="0.33" fuel="5.87" electricity="0.00" noise="75.58" route="routebottom" type="cfm-slow" waiting="0.00" lane="bottom_0" pos="19.87" speed="28.48" angle="58.68" x="103.77" y="8.01"/>
        <vehicle id="cfm-slow_2" eclass="HBEFA3/PC_G_EU4" CO2="6856.06" CO="94.50" HC="0.61" NOx="2.47" PMx="0.15" fuel="2.95" electricity="0.00" noise="73.93" route="routebottom" type="cfm-slow" waiting="0.00" lane="bottom_0" pos="43.49" speed="29.56" angle="16.27" x="130.83" y="49.66"/>
        <vehicle id="cfm-slow_3" eclass="HBEFA3/PC_G_EU4" CO2="0.00" CO="0.00" HC="0.00" NOx="0.00" PMx="0.00" fuel="0.00" electricity="0.00" noise="72.41" route="routebottom" type="cfm-slow" waiting="0.00" lane="right_0" pos="18.15" speed="29.62" angle="331.85" x="121.40" y="100.72"/>
        <vehicle id="cfm-slow_4" eclass="HBEFA3/PC_G_EU4" CO2="0.00" CO="0.00" HC="0.00" NOx="0.00" PMx="0.00" fuel="0.00" electricity="0.00" noise="71.33" route="routebottom" type="cfm-slow" waiting="0.00" lane="right_0" pos="42.77" speed="28.17" angle="287.60" x="79.19" y="130.48"/>
        <vehicle id="cfm-slow_5" eclass="HBEFA3/PC_G_EU4" CO2="0.00" CO="0.00" HC="0.00" NOx="0.00" PMx="0.00" fuel="0.00" electricity="0.00" noise="70.15" route="routetop" type="cfm-slow" waiting="0.00" lane="top_0" pos="15.79" speed="25.71" angle="246.02" x="30.98" y="123.97"/>
    </timestep>
    <timestep time="9.89">
        <vehicle id="cfm-fast_0" eclass="HBEFA3/PC_G_EU4" CO2="300760.69" CO="7299.43" HC="40.84" NOx="140.40" PMx="8.33" fuel="129.28" electricity="0.00" noise="150.74" route="routebottom" type="cfm-fast" waiting="0.00" lane="bottom_1" pos="11.34" speed="74.37" angle="74.02" x="86.46" y="2.47"/>
        <vehicle id="cfm-fast_1" eclass="HBEFA3/PC_G_EU4" CO2="5309.51" CO="34.87" HC="0.29" NOx="1.88" PMx="0.09" fuel="2.28" electricity="0.00" noise="70.83" route="routetop" type="cfm-fast" waiting="0.00" lane="top_0" pos="37.12" speed="23.21" angle="207.70" x="0.61" y="90.72"/>
        <vehicle id="cfm-fast_2" eclass="HBEFA3/PC_G_EU4" CO2="8800.18" CO="107.29" HC="0.71" NOx="3.52" PMx="0.18" fuel="3.78" electricity="0.00" noise="72.21" route="routetop" type="cfm-fast" waiting="0.00" lane="left_0" pos="1.30" speed="23.50" angle="182.15" x="-4.88" y="60.78"/>
        <vehicle id="cfm-fast_3" eclass="HBEFA3/PC_G_EU4" CO2="11695.65" CO="168.87" HC="1.06" NOx="4.87" PMx="0.26" fuel="5.03" electricity="0.00" noise="73.72" route="routetop" type="cfm-fast" waiting="0.00" lane="left_0" pos="15.84" speed="24.35" angle="155.97" x="3.39" y="30.89"/>
        <vehicle id="cfm-fast_4" eclass="HBEFA3/PC_G_EU4" CO2="61443.80" CO="2487.92" HC="13.00" NOx="27.44" PMx="2.13" fuel="26.41" electricity="0.00" noise="97.20" route="routetop" type="cfm-fast" waiting="0.00" lane="top_1" pos="39.58" speed="76.91" angle="203.23" x="1.83" y="84.68"/>
        <vehicle id="cfm-fast_5" eclass="HBEFA3/PC_G_EU4" CO2="13983.79" CO="219.88" HC="1.35" NOx="5.92" PMx="0.32" fuel="6.01" electricity="0.00" noise="75.05" route="routetop" type="cfm-fast" waiting="0.00" lane="left_0" pos="31.28" speed="25.58" angle="128.23" x="25.58" y="6.60"/>
        <vehicle id="cfm-slow_0" eclass="HBEFA3/PC_G_EU4" CO2="15188.28" CO="250.90" HC="1.52" NOx="6.46" PMx="0.36" fuel="6.53" electricity="0.00" noise="75.88" route="routetop" type="cfm-slow" waiting="0.00" lane="left_0" pos="47.98" speed="27.02" angle="98.19" x="59.23" y="-4.79"/>
        <vehicle id="cfm-slow_1" eclass="HBEFA3/PC_G_EU4" CO2="13590.37" CO="226.09" HC="1.37" NOx="5.67" PMx="0.32" fuel="5.84" electricity="0.00" noise="75.56" route="routebottom" type="cfm-slow" waiting="0.00" lane="bottom_0" pos="20.15" speed="28.49" angle="58.16" x="104.27" y="8.37"/>
        <vehicle id="cfm-slow_2" eclass="HBEFA3/PC_G_EU4" CO2="6746.98" CO="92.26" HC="0.59" NOx="2.42" PMx="0.15" fuel="2.90" electricity="0.00" noise="73.91" route="routebottom" type="cfm-slow" waiting="0.00" lane="bottom_0" pos="43.78" speed="29.56" angle="15.78" x="130.95" y="50.28"/>
        <vehicle id="cfm-slow_3" eclass="HBEFA3/PC_G_EU4" CO2="0.00" CO="0.00" HC="0.00" NOx="0.00" PMx="0.00" fuel="0.00" electricity="0.00" noise="72.40" route="routebottom" type="cfm-slow" waiting="0.00" lane="right_0" pos="18.45" speed="29.60" angle="331.27" x="121.05" y="101.25"/>
        <vehicle id="cfm-slow_4" eclass="HBEFA3/PC_G_EU4" CO2="0.00" CO="0.00" HC="0.00" NOx="0.00" PMx="0.00" fuel="0.00" electricity="0.00" noise="71.32" route="routebottom" type="cfm-slow" waiting="0.00" lane="right_0" pos="43.05" speed="28.15" angle="287.09" x="78.60" y="130.62"/>
        <vehicle id="cfm-slow_5" eclass="HBEFA3/PC_G_EU4" CO2="0.00" CO="0.00" HC="0.00" NOx="0.00" PMx="0.00" fuel="0.00" electricity="0.00" noise="70.15" route="routetop" type="cfm-slow" waiting="0.00" lane="top_0" pos="16.05" speed="25.69" angle="245.56" x="30.50" y="123.71"/>
    </timestep>
    <timestep time="9.90">
        <vehicle id="cfm-fast_0" eclass="HBEFA3/PC_G_EU4" CO2="301387.08" CO="7318.40" HC="40.95" NOx="140.69" PMx="8.35" fuel="129.55" electricity="0.00" noise="150.81" route="routebottom" type="cfm-fast" waiting="0.00" lane="bottom_1" pos="12.09" speed="74.51" angle="72.72" x="87.88" y="3.02"/>
        <vehicle id="cfm-fast_1" eclass="HBEFA3/PC_G_EU4" CO2="5343.85" CO="35.58" HC="0.29" NOx="1.90" PMx="0.09" fuel="2.30" electricity="0.00" noise="70.84" route="routetop" type="cfm-fast" waiting="0.00" lane="top_0" pos="37.35" speed="23.21" angle="207.32" x="0.42" y="90.26"/>
        <vehicle id="cfm-fast_2" eclass="HBEFA3/PC_G_EU4" CO2="8828.57" CO="107.89" HC="0.71" NOx="3.54" PMx="0.19" fuel="3.79" electricity="0.00" noise="72.23" route="routetop" type="cfm-fast" waiting="0.00" lane="left_0" pos="1.53" speed="23.51" angle="181.73" x="-4.85" y="60.27"/>
        <vehicle id="cfm-fast_3" eclass="HBEFA3/PC_G_EU4" CO2="11717.96" CO="169.36" HC="1.06" NOx="4.88" PMx="0.26" fuel="5.04" electricity="0.00" noise="73.73" route="routetop" type="cfm-fast" waiting="0.00" lane="left_0" pos="16.08" speed="24.36" angle="155.52" x="3.65" y="30.44"/>
        <vehicle id="cfm-fast_4" eclass="HBEFA3/PC_G_EU4" CO2="63076.48" CO="2522.09" HC="13.19" NOx="28.21" PMx="2.18" fuel="27.11" electricity="0.00" noise="97.54" route="routetop" type="cfm-fast" waiting="0.00" lane="top_1" pos="40.35" speed="76.92" angle="201.86" x="1.35" y="83.18"/>
        <vehicle id="cfm-fast_5" eclass="HBEFA3/PC_G_EU4" CO2="13996.20" CO="220.19" HC="1.35" NOx="5.93" PMx="0.33" fuel="6.02" electricity="0.00" noise="75.06" route="routetop" type="cfm-fast" waiting="0.00" lane="left_0" pos="31.53" speed="25.59" angle="127.77" x="26.04" y="6.30"/>
        <vehicle id="cfm-slow_0" eclass="HBEFA3/PC_G_EU4" CO2="15175.51" CO="250.71" HC="1.52" NOx="6.45" PMx="0.36" fuel="6.52" electricity="0.00" noise="75.87" route="routetop" type="cfm-slow" waiting="0.00" lane="left_0" pos="48.25" speed="27.04" angle="97.67" x="59.81" y="-4.83"/>
        <vehicle id="cfm-slow_1" eclass="HBEFA3/PC_G_EU4" CO2="13528.47" CO="224.88" HC="1.36" NOx="5.64" PMx="0.32" fuel="5.82" electricity="0.00" noise="75.54" route="routebottom" type="cfm-slow" waiting="0.00" lane="bottom_0" pos="20.44" speed="28.50" angle="57.67" x="104.76" y="8.73"/>
        <vehicle id="cfm-slow_2" eclass="HBEFA3/PC_G_EU4" CO2="6638.04" CO="90.03" HC="0.58" NOx="2.37" PMx="0.15" fuel="2.85" electricity="0.00" noise="73.89" route="routebottom" type="cfm-slow" waiting="0.00" lane="bottom_0" pos="44.08" speed="29.56" angle="15.22" x="131.07" y="50.91"/>
        <vehicle id="cfm-slow_3" eclass="HBEFA3/PC_G_EU4" CO2="0.00" CO="0.00" HC="0.00" NOx="0.00" PMx="0.00" fuel="0.00" electricity="0.00" noise="72.39" route="routebottom" type="cfm-slow" waiting="0.00" lane="right_0" pos="18.74" speed="29.59" angle="330.70" x="120.70" y="101.78"/>
        <vehicle id="cfm-slow_4" eclass="HBEFA3/PC_G_EU4" CO2="0.00" CO="0.00" HC="0.00" NOx="0.00" PMx="0.00" fuel="0.00" electricity="0.00" noise="71.30" route="routebottom" type="cfm-slow" waiting="0.00" lane="right_0" pos="43.33" speed="28.12" angle="286.57" x="78.01" y="130.75"/>
        <vehicle id="cfm-slow_5" eclass="HBEFA3/PC_G_EU4" CO2="0.00" CO="0.00" HC="0.00" NOx="0.00" PMx="0.00" fuel="0.00" electricity="0.00" noise="70.14" route="routetop" type="cfm-slow" waiting="0.00" lane="top_0" pos="16.31" speed="25.67" angle="245.10" x="30.01" y="123.44"/>
    </timestep>
    <timestep time="9.91">
        <vehicle id="cfm-fast_0" eclass="HBEFA3/PC_G_EU4" CO2="302013.76" CO="7337.39" HC="41.05" NOx="140.98" PMx="8.37" fuel="129.82" electricity="0.00" noise="150.88" route="routebottom" type="cfm-fast" waiting="0.00" lane="bottom_1" pos="12.84" speed="74.65" angle="71.44" x="89.30" y="3.59"/>
        <vehicle id="cfm-fast_1" eclass="HBEFA3/PC_G_EU4" CO2="5378.12" CO="36.29" HC="0.30" NOx="1.92" PMx="0.09" fuel="2.31" electricity="0.00" noise="70.86" route="routetop" type="cfm-fast" waiting="0.00" lane="top_0" pos="37.58" speed="23.21" angle="206.90" x="0.23" y="89.80"/>
        <vehicle id="cfm-fast_2" eclass="HBEFA3/PC_G_EU4" CO2="8856.90" CO="108.49" HC="0.71" NOx="3.55" PMx="0.19" fuel="3.81" electricity="0.00" noise="72.24" route="routetop" type="cfm-fast" waiting="0.00" lane="left_0" pos="1.77" speed="23.52" angle="181.30" x="-4.82" y="59.77"/>
        <vehicle id="cfm-fast_3" eclass="HBEFA3/PC_G_EU4" CO2="11740.19" CO="169.85" HC="1.06" NOx="4.89" PMx="0.26" fuel="5.05" electricity="0.00" noise="73.75" route="routetop" type="cfm-fast" waiting="0.00" lane="left_0" pos="16.32" speed="24.38" angle="155.07" x="3.90" y="29.98"/>
        <vehicle id="cfm-fast_4" eclass="HBEFA3/PC_G_EU4" CO2="64704.08" CO="2556.20" HC="13.39" NOx="28.98" PMx="2.22" fuel="27.81" electricity="0.00" noise="97.87" route="routetop" type="cfm-fast" waiting="0.00" lane="top_1" pos="41.12" speed="76.94" angle="200.49" x="0.89" y="81.67"/>
        <vehicle id="cfm-fast_5" eclass="HBEFA3/PC_G_EU4" CO2="14008.39" CO="220.49" HC="1.35" NOx="5.93" PMx="0.33" fuel="6.02" electricity="0.00" noise="75.07" route="routetop" type="cfm-fast" waiting="0.00" lane="left_0" pos="31.79" speed="25.61" angle="127.31" x="26.50" y="5.99"/>
        <vehicle id="cfm-slow_0" eclass="HBEFA3/PC_G_EU4" CO2="15162.29" CO="250.51" HC="1.52" NOx="6.45" PMx="0.36" fuel="6.52" electricity="0.00" noise="75.87" route="routetop" type="cfm-slow" waiting="0.00" lane="left_0" pos="48.52" speed="27.05" angle="97.15" x="60.39" y="-4.86"/>
        <vehicle id="cfm-slow_1" eclass="HBEFA3/PC_G_EU4" CO2="13466.10" CO="223.66" HC="1.36" NOx="5.61" PMx="0.32" fuel="5.79" electricity="0.00" noise="75.52" route="routebottom" type="cfm-slow" waiting="0.00" lane="bottom_0" pos="20.72" speed="28.51" angle="57.18" x="105.25" y="9.10"/>
        <vehicle id="cfm-slow_2" eclass="HBEFA3/PC_G_EU4" CO2="6529.25" CO="87.80" HC="0.57" NOx="2.32" PMx="0.14" fuel="2.81" electricity="0.00" noise="73.86" route="routebottom" type="cfm-slow" waiting="0.00" lane="bottom_0" pos="44.38" speed="29.57" angle="14.66" x="131.18" y="51.53"/>
        <vehicle id="cfm-slow_3" eclass="HBEFA3/PC_G_EU4" CO2="0.00" CO="0.00" HC="0.00" NOx="0.00" PMx="0.00" fuel="0.00" electricity="0.00" noise="72.38" route="routebottom" type="cfm-slow" waiting="0.00" lane="right_0" pos="19.04" speed="29.58" angle="330.12" x="120.34" y="102.31"/>
        <vehicle id="cfm-slow_4" eclass="HBEFA3/PC_G_EU4" CO2="0.00" CO="0.00" HC="0.00" NOx="0.00" PMx="0.00" fuel="0.00" electricity="0.00" noise="71.29" route="routebottom" type="cfm-slow" waiting="0.00" lane="right_0" pos="43.61" speed="28.10" angle="286.11" x="77.42" y="130.88"/>
        <vehicle id="cfm-slow_5" eclass="HBEFA3/PC_G_EU4" CO2="0.00" CO="0.00" HC="0.00" NOx="0.00" PMx="0.00" fuel="0.00" electricity="0.00" noise="70.13" route="routetop" type="cfm-slow" waiting="0.00" lane="top_0" pos="16.56" speed="25.66" angle="244.65" x="29.53" y="123.17"/>
    </timestep>
    <timestep time="9.92">
        <vehicle id="cfm-fast_0" eclass="HBEFA3/PC_G_EU4" CO2="302640.74" CO="7356.40" HC="41.15" NOx="141.28" PMx="8.39" fuel="130.09" electricity="0.00" noise="150.94" route="routebottom" type="cfm-fast" waiting="0.00" lane="bottom_1" pos="13.58" speed="74.78" angle="70.06" x="90.70" y="4.22"/>
        <vehicle id="cfm-fast_1" eclass="HBEFA3/PC_G_EU4" CO2="5412.34" CO="37.00" HC="0.30" NOx="1.93" PMx="0.10" fuel="2.33" electricity="0.00" noise="70.87" route="routetop" type="cfm-fast" waiting="0.00" lane="top_0" pos="37.81" speed="23.21" angle="206.47" x="0.05" y="89.34"/>
        <vehicle id="cfm-fast_2" eclass="HBEFA3/PC_G_EU4" CO2="8885.18" CO="109.09" HC="0.72" NOx="3.56" PMx="0.19" fuel="3.82" electricity="0.00" noise="72.26" route="routetop" type="cfm-fast" waiting="0.00" lane="left_0" pos="2.00" speed="23.53" angle="180.88" x="-4.79" y="59.26"/>
        <vehicle id="cfm-fast_3" eclass="HBEFA3/PC_G_EU4" CO2="11762.32" CO="170.34" HC="1.07" NOx="4.90" PMx="0.26" fuel="5.06" electricity="0.00" noise="73.76" route="routetop" type="cfm-fast" waiting="0.00" lane="left_0" pos="16.57" speed="24.39" angle="154.64" x="4.15" y="29.52"/>
        <vehicle id="cfm-fast_4" eclass="HBEFA3/PC_G_EU4" CO2="66326.62" CO="2590.24" HC="13.58" NOx="29.74" PMx="2.26" fuel="28.51" electricity="0.00" noise="98.21" route="routetop" type="cfm-fast" waiting="0.00" lane="top_1" pos="41.89" speed="76.95" angle="199.07" x="0.48" y="80.14"/>
        <vehicle id="cfm-fast_5" eclass="HBEFA3/PC_G_EU4" CO2="14020.34" CO="220.79" HC="1.35" NOx="5.94" PMx="0.33" fuel="6.03" electricity="0.00" noise="75.07" route="routetop" type="cfm-fast" waiting="0.00" lane="left_0" pos="32.05" speed="25.62" angle="126.90" x="26.96" y="5.69"/>
        <vehicle id="cfm-slow_0" eclass="HBEFA3/PC_G_EU4" CO2="15148.62" CO="250.30" HC="1.52" NOx="6.44" PMx="0.36" fuel="6.51" electricity="0.00" noise="75.87" route="routetop" type="cfm-slow" waiting="0.00" lane="left_0" pos="48.79" speed="27.07" angle="96.71" x="60.97" y="-4.89"/>
        <vehicle id="cfm-slow_1" eclass="HBEFA3/PC_G_EU4" CO2="13403.24" CO="222.44" HC="1.35" NOx="5.58" PMx="0.32" fuel="5.76" electricity="0.00" noise="75.50" route="routebottom" type="cfm-slow" waiting="0.00" lane="bottom_0" pos="21.01" speed="28.52" angle="56.66" x="105.73" y="9.48"/>
        <vehicle id="cfm-slow_2" eclass="HBEFA3/PC_G_EU4" CO2="6420.63" CO="85.57" HC="0.55" NOx="2.27" PMx="0.14" fuel="2.76" electricity="0.00" noise="73.84" route="routebottom" type="cfm-slow" waiting="0.00" lane="bottom_0" pos="44.67" speed="29.57" angle="14.10" x="131.30" y="52.16"/>
        <vehicle id="cfm-slow_3" eclass="HBEFA3/PC_G_EU4" CO2="0.00" CO="0.00" HC="0.00" NOx="0.00" PMx="0.00" fuel="0.00" electricity="0.00" noise="72.36" route="routebottom" type="cfm-slow" waiting="0.00" lane="right_0" pos="19.33" speed="29.56" angle="329.63" x="119.98" y="102.83"/>
        <vehicle id="cfm-slow_4" eclass="HBEFA3/PC_G_EU4" CO2="0.00" CO="0.00" HC="0.00" NOx="0.00" PMx="0.00" fuel="0.00" electricity="0.00" noise="71.28" route="routebottom" type="cfm-slow" waiting="0.00" lane="right_0" pos="43.89" speed="28.08" angle="285.58" x="76.82" y="130.99"/>
        <vehicle id="cfm-slow_5" eclass="HBEFA3/PC_G_EU4" CO2="0.00" CO="0.00" HC="0.00" NOx="0.00" PMx="0.00" fuel="0.00" electricity="0.00" noise="70.13" route="routetop" type="cfm-slow" waiting="0.00" lane="top_0" pos="16.82" speed="25.64" angle="244.22" x="29.05" y="122.90"/>
    </timestep>
    <timestep time="9.93">
        <vehicle id="cfm-fast_0" eclass="HBEFA3/PC_G_EU4" CO2="303268.00" CO="7375.43" HC="41.25" NOx="141.57" PMx="8.41" fuel="130.36" electricity="0.00" noise="151.01" route="routebottom" type="cfm-fast" waiting="0.00" lane="bottom_1" pos="14.33" speed="74.92" angle="68.73" x="92.10" y="4.87"/>
        <vehicle id="cfm-fast_1" eclass="HBEFA3/PC_G_EU4" CO2="5446.49" CO="37.71" HC="0.31" NOx="1.95" PMx="0.10" fuel="2.34" electricity="0.00" noise="70.88" route="routetop" type="cfm-fast" waiting="0.00" lane="top_0" pos="38.05" speed="23.22" angle="206.04" x="-0.14" y="88.87"/>
        <vehicle id="cfm-fast_2" eclass="HBEFA3/PC_G_EU4" CO2="8913.39" CO="109.68" HC="0.72" NOx="3.58" PMx="0.19" fuel="3.83" electricity="0.00" noise="72.27" route="routetop" type="cfm-fast" waiting="0.00" lane="left_0" pos="2.24" speed="23.54" angle="180.46" x="-4.77" y="58.76"/>
        <vehicle id="cfm-fast_3" eclass="HBEFA3/PC_G_EU4" CO2="11784.37" CO="170.82" HC="1.07" NOx="4.91" PMx="0.26" fuel="5.07" electricity="0.00" noise="73.77" route="routetop" type="cfm-fast" waiting="0.00" lane="left_0" pos="16.81" speed="24.40" angle="154.23" x="4.42" y="29.06"/>
        <vehicle id="cfm-fast_4" eclass="HBEFA3/PC_G_EU4" CO2="67944.13" CO="2624.21" HC="13.78" NOx="30.51" PMx="2.30" fuel="29.21" electricity="0.00" noise="98.55" route="routetop" type="cfm-fast" waiting="0.00" lane="top_1" pos="42.66" speed="76.97" angle="197.74" x="0.10" y="78.61"/>
        <vehicle id="cfm-fast_5" eclass="HBEFA3/PC_G_EU4" CO2="14032.07" CO="221.09" HC="1.36" NOx="5.94" PMx="0.33" fuel="6.03" electricity="0.00" noise="75.08" route="routetop" type="cfm-fast" waiting="0.00" lane="left_0" pos="32.30" speed="25.63" angle="126.43" x="27.43" y="5.40"/>
        <vehicle id="cfm-slow_0" eclass="HBEFA3/PC_G_EU4" CO2="15134.50" CO="250.08" HC="1.52" NOx="6.43" PMx="0.36" fuel="6.51" electricity="0.00" noise="75.86" route="routetop" type="cfm-slow" waiting="0.00" lane="left_0" pos="49.06" speed="27.08" angle="96.21" x="61.56" y="-4.90"/>
        <vehicle id="cfm-slow_1" eclass="HBEFA3/PC_G_EU4" CO2="13339.92" CO="221.20" HC="1.34" NOx="5.55" PMx="0.32" fuel="5.73" electricity="0.00" noise="75.48" route="routebottom" type="cfm-slow" waiting="0.00" lane="bottom_0" pos="21.29" speed="28.53" angle="56.14" x="106.22" y="9.86"/>
        <vehicle id="cfm-slow_2" eclass="HBEFA3/PC_G_EU4" CO2="6312.17" CO="83.34" HC="0.54" NOx="2.21" PMx="0.14" fuel="2.71" electricity="0.00" noise="73.82" route="routebottom" type="cfm-slow" waiting="0.00" lane="bottom_0" pos="44.97" speed="29.57" angle="13.62" x="131.41" y="52.79"/>
        <vehicle id="cfm-slow_3" eclass="HBEFA3/PC_G_EU4" CO2="0.00" CO="0.00" HC="0.00" NOx="0.00" PMx="0.00" fuel="0.00" electricity="0.00" noise="72.35" route="routebottom" type="cfm-slow" waiting="0.00" lane="right_0" pos="19.63" speed="29.55" angle="329.10" x="119.61" y="103.35"/>
        <vehicle id="cfm-slow_4" eclass="HBEFA3/PC_G_EU4" CO2="0.00" CO="0.00" HC="0.00" NOx="0.00" PMx="0.00" fuel="0.00" electricity="0.00" noise="71.27" route="routebottom" type="cfm-slow" waiting="0.00" lane="right_0" pos="44.17" speed="28.05" angle="285.05" x="76.23" y="131.10"/>
        <vehicle id="cfm-slow_5" eclass="HBEFA3/PC_G_EU4" CO2="0.00" CO="0.00" HC="0.00" NOx="0.00" PMx="0.00" fuel="0.00" electricity="0.00" noise="70.12" route="routetop" type="cfm-slow" waiting="0.00" lane="top_0" pos="17.07" speed="25.62" angle="243.76" x="28.58" y="122.61"/>
    </timestep>
    <timestep time="9.94">
        <vehicle id="cfm-fast_0" eclass="HBEFA3/PC_G_EU4" CO2="303895.56" CO="7394.49" HC="41.36" NOx="141.87" PMx="8.43" fuel="130.63" electricity="0.00" noise="151.07" route="routebottom" type="cfm-fast" waiting="0.00" lane="bottom_1" pos="15.08" speed="75.06" angle="67.33" x="93.47" y="5.56"/>
        <vehicle id="cfm-fast_1" eclass="HBEFA3/PC_G_EU4" CO2="5480.58" CO="38.42" HC="0.31" NOx="1.96" PMx="0.10" fuel="2.36" electricity="0.00" noise="70.89" route="routetop" type="cfm-fast" waiting="0.00" lane="top_0" pos="38.28" speed="23.22" angle="205.61" x="-0.32" y="88.41"/>
        <vehicle id="cfm-fast_2" eclass="HBEFA3/PC_G_EU4" CO2="8941.55" CO="110.28" HC="0.72" NOx="3.59" PMx="0.19" fuel="3.84" electricity="0.00" noise="72.28" route="routetop" type="cfm-fast" waiting="0.00" lane="left_0" pos="2.47" speed="23.54" angle="180.04" x="-4.74" y="58.25"/>
        <vehicle id="cfm-fast_3" eclass="HBEFA3/PC_G_EU4" CO2="11806.33" CO="171.31" HC="1.07" NOx="4.92" PMx="0.27" fuel="5.07" electricity="0.00" noise="73.78" route="routetop" type="cfm-fast" waiting="0.00" lane="left_0" pos="17.06" speed="24.41" angle="153.78" x="4.69" y="28.61"/>
        <vehicle id="cfm-fast_4" eclass="HBEFA3/PC_G_EU4" CO2="69556.62" CO="2658.11" HC="13.97" NOx="31.27" PMx="2.35" fuel="29.90" electricity="0.00" noise="98.89" route="routetop" type="cfm-fast" waiting="0.00" lane="top_1" pos="43.43" speed="76.98" angle="196.35" x="-0.25" y="77.07"/>
        <vehicle id="cfm-fast_5" eclass="HBEFA3/PC_G_EU4" CO2="14043.57" CO="221.38" HC="1.36" NOx="5.95" PMx="0.33" fuel="6.04" electricity="0.00" noise="75.09" route="routetop" type="cfm-fast" waiting="0.00" lane="left_0" pos="32.56" speed="25.65" angle="125.95" x="27.90" y="5.12"/>
        <vehicle id="cfm-slow_0" eclass="HBEFA3/PC_G_EU4" CO2="15119.92" CO="249.86" HC="1.52" NOx="6.42" PMx="0.36" fuel="6.50" electricity="0.00" noise="75.86" route="routetop" type="cfm-slow" waiting="0.00" lane="left_0" pos="49.34" speed="27.10" angle="95.72" x="62.14" y="-4.92"/>
        <vehicle id="cfm-slow_1" eclass="HBEFA3/PC_G_EU4" CO2="13276.13" CO="219.95" HC="1.34" NOx="5.52" PMx="0.32" fuel="5.71" electricity="0.00" noise="75.46" route="routebottom" type="cfm-slow" waiting="0.00" lane="bottom_0" pos="21.58" speed="28.54" angle="55.62" x="106.70" y="10.24"/>
        <vehicle id="cfm-slow_2" eclass="HBEFA3/PC_G_EU4" CO2="6203.90" CO="81.12" HC="0.53" NOx="2.16" PMx="0.14" fuel="2.67" electricity="0.00" noise="73.80" route="routebottom" type="cfm-slow" waiting="0.00" lane="bottom_0" pos="45.26" speed="29.57" angle="13.08" x="131.50" y="53.42"/>
        <vehicle id="cfm-slow_3" eclass="HBEFA3/PC_G_EU4" CO2="0.00" CO="0.00" HC="0.00" NOx="0.00" PMx="0.00" fuel="0.00" electricity="0.00" noise="72.34" route="routebottom" type="cfm-slow" waiting="0.00" lane="right_0" pos="19.93" speed="29.54" angle="328.56" x="119.24" y="103.87"/>
        <vehicle id="cfm-slow_4" eclass="HBEFA3/PC_G_EU4" CO2="0.00" CO="0.00" HC="0.00" NOx="0.00" PMx="0.00" fuel="0.00" electricity="0.00" noise="71.26" route="routebottom" type="cfm-slow" waiting="0.00" lane="right_0" pos="44.45" speed="28.03" angle="284.51" x="75.64" y="131.21"/>
        <vehicle id="cfm-slow_5" eclass="HBEFA3/PC_G_EU4" CO2="0.00" CO="0.00" HC="0.00" NOx="0.00" PMx="0.00" fuel="0.00" electricity="0.00" noise="70.12" route="routetop" type="cfm-slow" waiting="0.00" lane="top_0" pos="17.33" speed="25.60" angle="243.30" x="28.11" y="122.33"/>
    </timestep>
    <timestep time="9.95">
        <vehicle id="cfm-fast_0" eclass="HBEFA3/PC_G_EU4" CO2="304523.41" CO="7413.57" HC="41.46" NOx="142.16" PMx="8.45" fuel="130.90" electricity="0.00" noise="151.14" route="routebottom" type="cfm-fast" waiting="0.00" lane="bottom_1" pos="15.84" speed="75.19" angle="66.01" x="94.83" y="6.28"/>
        <vehicle id="cfm-fast_1" eclass="HBEFA3/PC_G_EU4" CO2="5514.62" CO="39.12" HC="0.31" NOx="1.98" PMx="0.10" fuel="2.37" electricity="0.00" noise="70.90" route="routetop" type="cfm-fast" waiting="0.00" lane="top_0" pos="38.51" speed="23.22" angle="205.24" x="-0.51" y="87.94"/>
        <vehicle id="cfm-fast_2" eclass="HBEFA3/PC_G_EU4" CO2="8969.64" CO="110.87" HC="0.73" NOx="3.60" PMx="0.19" fuel="3.86" electricity="0.00" noise="72.30" route="routetop" type="cfm-fast" waiting="0.00" lane="left_0" pos="2.71" speed="23.55" angle="179.64" x="-4.69" y="57.75"/>
        <vehicle id="cfm-fast_3" eclass="HBEFA3/PC_G_EU4" CO2="11828.19" CO="171.79" HC="1.08" NOx="4.93" PMx="0.27" fuel="5.08" electricity="0.00" noise="73.80" route="routetop" type="cfm-fast" waiting="0.00" lane="left_0" pos="17.30" speed="24.42" angle="153.33" x="4.96" y="28.16"/>
        <vehicle id="cfm-fast_4" eclass="HBEFA3/PC_G_EU4" CO2="71164.11" CO="2691.95" HC="14.17" NOx="32.02" PMx="2.39" fuel="30.59" electricity="0.00" noise="99.22" route="routetop" type="cfm-fast" waiting="0.00" lane="top_1" pos="44.20" speed="77.00" angle="194.98" x="-0.55" y="75.52"/>
        <vehicle id="cfm-fast_5" eclass="HBEFA3/PC_G_EU4" CO2="14054.84" CO="221.66" HC="1.36" NOx="5.95" PMx="0.33" fuel="6.04" electricity="0.00" noise="75.10" route="routetop" type="cfm-fast" waiting="0.00" lane="left_0" pos="32.82" speed="25.66" angle="125.47" x="28.37" y="4.83"/>
        <vehicle id="cfm-slow_0" eclass="HBEFA3/PC_G_EU4" CO2="15104.89" CO="249.62" HC="1.51" NOx="6.42" PMx="0.36" fuel="6.49" electricity="0.00" noise="75.86" route="routetop" type="cfm-slow" waiting="0.00" lane="left_0" pos="49.61" speed="27.11" angle="95.22" x="62.72" y="-4.93"/>
        <vehicle id="cfm-slow_1" eclass="HBEFA3/PC_G_EU4" CO2="13211.89" CO="218.70" HC="1.33" NOx="5.49" PMx="0.31" fuel="5.68" electricity="0.00" noise="75.44" route="routebottom" type="cfm-slow" waiting="0.00" lane="bottom_0" pos="21.86" speed="28.55" angle="55.15" x="107.18" y="10.62"/>
        <vehicle id="cfm-slow_2" eclass="HBEFA3/PC_G_EU4" CO2="6095.81" CO="78.89" HC="0.52" NOx="2.11" PMx="0.13" fuel="2.62" electricity="0.00" noise="73.77" route="routebottom" type="cfm-slow" waiting="0.00" lane="bottom_0" pos="45.56" speed="29.57" angle="12.55" x="131.59" y="54.05"/>
        <vehicle id="cfm-slow_3" eclass="HBEFA3/PC_G_EU4" CO2="0.00" CO="0.00" HC="0.00" NOx="0.00" PMx="0.00" fuel="0.00" electricity="0.00" noise="72.33" route="routebottom" type="cfm-slow" waiting="0.00" lane="right_0" pos="20.22" speed="29.52" angle="328.03" x="118.87" y="104.38"/>
        <vehicle id="cfm-slow_4" eclass="HBEFA3/PC_G_EU4" CO2="0.00" CO="0.00" HC="0.00" NOx="0.00" PMx="0.00" fuel="0.00" electricity="0.00" noise="71.25" route="routebottom" type="cfm-slow" waiting="0.00" lane="right_0" pos="44.73" speed="28.01" angle="283.98" x="75.04" y="131.32"/>
        <vehicle id="cfm-slow_5" eclass="HBEFA3/PC_G_EU4" CO2="0.00" CO="0.00" HC="0.00" NOx="0.00" PMx="0.00" fuel="0.00" electricity="0.00" noise="70.11" route="routetop" type="cfm-slow" waiting="0.00" lane="top_0" pos="17.59" speed="25.58" angle="242.84" x="27.63" y="122.05"/>
    </timestep>
    <timestep time="9.96">
        <vehicle id="cfm-fast_0" eclass="HBEFA3/PC_G_EU4" CO2="305151.55" CO="7432.66" HC="41.56" NOx="142.46" PMx="8.46" fuel="131.17" electricity="0.00" noise="151.21" route="routebottom" type="cfm-fast" waiting="0.00" lane="bottom_1" pos="16.59" speed="75.33" angle="64.67" x="96.19" y="7.03"/>
        <vehicle id="cfm-fast_1" eclass="HBEFA3/PC_G_EU4" CO2="5548.59" CO="39.83" HC="0.32" NOx="2.00" PMx="0.10" fuel="2.39" electricity="0.00" noise="70.92" route="routetop" type="cfm-fast" waiting="0.00" lane="top_0" pos="38.74" speed="23.22" angle="204.81" x="-0.68" y="87.47"/>
        <vehicle id="cfm-fast_2" eclass="HBEFA3/PC_G_EU4" CO2="8997.68" CO="111.47" HC="0.73" NOx="3.62" PMx="0.19" fuel="3.87" electricity="0.00" noise="72.31" route="routetop" type="cfm-fast" waiting="0.00" lane="left_0" pos="2.95" speed="23.56" angle="179.21" x="-4.64" y="57.24"/>
        <vehicle id="cfm-fast_3" eclass="HBEFA3/PC_G_EU4" CO2="11849.95" CO="172.27" HC="1.08" NOx="4.94" PMx="0.27" fuel="5.09" electricity="0.00" noise="73.81" route="routetop" type="cfm-fast" waiting="0.00" lane="left_0" pos="17.54" speed="24.44" angle="152.88" x="5.23" y="27.71"/>
        <vehicle id="cfm-fast_4" eclass="HBEFA3/PC_G_EU4" CO2="72766.63" CO="2725.73" HC="14.36" NOx="32.78" PMx="2.43" fuel="31.28" electricity="0.00" noise="99.56" route="routetop" type="cfm-fast" waiting="0.00" lane="top_1" pos="44.97" speed="77.01" angle="193.62" x="-0.83" y="73.97"/>
        <vehicle id="cfm-fast_5" eclass="HBEFA3/PC_G_EU4" CO2="14065.88" CO="221.94" HC="1.36" NOx="5.96" PMx="0.33" fuel="6.05" electricity="0.00" noise="75.11" route="routetop" type="cfm-fast" waiting="0.00" lane="left_0" pos="33.07" speed="25.68" angle="124.99" x="28.85" y="4.55"/>
        <vehicle id="cfm-slow_0" eclass="HBEFA3/PC_G_EU4" CO2="15089.40" CO="249.37" HC="1.51" NOx="6.41" PMx="0.36" fuel="6.49" electricity="0.00" noise="75.85" route="routetop" type="cfm-slow" waiting="0.00" lane="left_0" pos="49.88" speed="27.13" angle="94.73" x="63.31" y="-4.94"/>
        <vehicle id="cfm-slow_1" eclass="HBEFA3/PC_G_EU4" CO2="13147.19" CO="217.43" HC="1.32" NOx="5.46" PMx="0.31" fuel="5.65" electricity="0.00" noise="75.42" route="routebottom" type="cfm-slow" waiting="0.00" lane="bottom_0" pos="22.15" speed="28.56" angle="54.61" x="107.65" y="11.02"/>
        <vehicle id="cfm-slow_2" eclass="HBEFA3/PC_G_EU4" CO2="5987.93" CO="76.68" HC="0.50" NOx="2.06" PMx="0.13" fuel="2.57" electricity="0.00" noise="73.75" route="routebottom" type="cfm-slow" waiting="0.00" lane="bottom_0" pos="45.85" speed="29.57" angle="12.01" x="131.68" y="54.68"/>
        <vehicle id="cfm-slow_3" eclass="HBEFA3/PC_G_EU4" CO2="0.00" CO="0.00" HC="0.00" NOx="0.00" PMx="0.00" fuel="0.00" electricity="0.00" noise="72.32" route="routebottom" type="cfm-slow" waiting="0.00" lane="right_0" pos="20.52" speed="29.51" angle="327.56" x="118.50" y="104.90"/>
        <vehicle id="cfm-slow_4" eclass="HBEFA3/PC_G_EU4" CO2="0.00" CO="0.00" HC="0.00" NOx="0.00" PMx="0.00" fuel="0.00" electricity="0.00" noise="71.24" route="routebottom" type="cfm-slow" waiting="0.00" lane="right_0" pos="45.01" speed="27.98" angle="283.54" x="74.45" y="131.42"/>
        <vehicle id="cfm-slow_5" eclass="HBEFA3/PC_G_EU4" CO2="0.00" CO="0.00" HC="0.00" NOx="0.00" PMx="0.00" fuel="0.00" electricity="0.00" noise="70.11" route="routetop" type="cfm-slow" waiting="0.00" lane="top_0" pos="17.84" speed="25.56" angle="242.40" x="27.16" y="121.77"/>
    </timestep>
    <timestep time="9.97">
        <vehicle id="cfm-fast_0" eclass="HBEFA3/PC_G_EU4" CO2="305779.99" CO="7451.78" HC="41.67" NOx="142.75" PMx="8.48" fuel="131.44" electricity="0.00" noise="151.27" route="routebottom" type="cfm-fast" waiting="0.00" lane="bottom_1" pos="17.34" speed="75.46" angle="63.27" x="97.51" y="7.82"/>
        <vehicle id="cfm-fast_1" eclass="HBEFA3/PC_G_EU4" CO2="5582.51" CO="40.53" HC="0.32" NOx="2.01" PMx="0.10" fuel="2.40" electricity="0.00" noise="70.93" route="routetop" type="cfm-fast" waiting="0.00" lane="top_0" pos="38.98" speed="23.23" angle="204.38" x="-0.84" y="87.00"/>
        <vehicle id="cfm-fast_2" eclass="HBEFA3/PC_G_EU4" CO2="9025.66" CO="112.06" HC="0.73" NOx="3.63" PMx="0.19" fuel="3.88" electricity="0.00" noise="72.33" route="routetop" type="cfm-fast" waiting="0.00" lane="left_0" pos="3.18" speed="23.57" angle="178.79" x="-4.59" y="56.74"/>
        <vehicle id="cfm-fast_3" eclass="HBEFA3/PC_G_EU4" CO2="11871.62" CO="172.75" HC="1.08" NOx="4.95" PMx="0.27" fuel="5.10" electricity="0.00" noise="73.82" route="routetop" type="cfm-fast" waiting="0.00" lane="left_0" pos="17.79" speed="24.45" angle="152.43" x="5.50" y="27.26"/>
        <vehicle id="cfm-fast_4" eclass="HBEFA3/PC_G_EU4" CO2="74364.18" CO="2759.43" HC="14.55" NOx="33.53" PMx="2.47" fuel="31.97" electricity="0.00" noise="99.90" route="routetop" type="cfm-fast" waiting="0.00" lane="top_1" pos="45.74" speed="77.03" angle="192.22" x="-1.06" y="72.41"/>
        <vehicle id="cfm-fast_5" eclass="HBEFA3/PC_G_EU4" CO2="14076.67" CO="222.22" HC="1.36" NOx="5.96" PMx="0.33" fuel="6.05" electricity="0.00" noise="75.11" route="routetop" type="cfm-fast" waiting="0.00" lane="left_0" pos="33.33" speed="25.69" angle="124.56" x="29.32" y="4.26"/>
        <vehicle id="cfm-slow_0" eclass="HBEFA3/PC_G_EU4" CO2="15073.46" CO="249.12" HC="1.51" NOx="6.40" PMx="0.36" fuel="6.48" electricity="0.00" noise="75.85" route="routebottom" type="cfm-slow" waiting="0.00" lane="bottom_0" pos="0.15" speed="27.14" angle="94.20" x="64.08" y="-4.94"/>
        <vehicle id="cfm-slow_1" eclass="HBEFA3/PC_G_EU4" CO2="13082.05" CO="216.15" HC="1.31" NOx="5.43" PMx="0.31" fuel="5.62" electricity="0.00" noise="75.40" route="routebottom" type="cfm-slow" waiting="0.00" lane="bottom_0" pos="22.44" speed="28.57" angle="54.07" x="108.12" y="11.42"/>
        <vehicle id="cfm-slow_2" eclass="HBEFA3/PC_G_EU4" CO2="5880.25" CO="74.46" HC="0.49" NOx="2.01" PMx="0.13" fuel="2.53" electricity="0.00" noise="73.73" route="routebottom" type="cfm-slow" waiting="0.00" lane="bottom_0" pos="46.15" speed="29.57" angle="11.52" x="131.77" y="55.31"/>
        <vehicle id="cfm-slow_3" eclass="HBEFA3/PC_G_EU4" CO2="0.00" CO="0.00" HC="0.00" NOx="0.00" PMx="0.00" fuel="0.00" electricity="0.00" noise="72.30" route="routebottom" type="cfm-slow" waiting="0.00" lane="right_0" pos="20.81" speed="29.49" angle="327.02" x="118.11" y="105.40"/>
        <vehicle id="cfm-slow_4" eclass="HBEFA3/PC_G_EU4" CO2="0.00" CO="0.00" HC="0.00" NOx="0.00" PMx="0.00" fuel="0.00" electricity="0.00" noise="71.23" route="routebottom" type="cfm-slow" waiting="0.00" lane="right_0" pos="45.29" speed="27.96" angle="283.03" x="73.86" y="131.50"/>
        <vehicle id="cfm-slow_5" eclass="HBEFA3/PC_G_EU4" CO2="0.00" CO="0.00" HC="0.00" NOx="0.00" PMx="0.00" fuel="0.00" electricity="0.00" noise="70.10" route="routetop" type="cfm-slow" waiting="0.00" lane="top_0" pos="18.10" speed="25.54" angle="241.96" x="26.70" y="121.47"/>
    </timestep>
    <timestep time="9.98">
        <vehicle id="cfm-fast_0" eclass="HBEFA3/PC_G_EU4" CO2="306408.71" CO="7470.92" HC="41.77" NOx="143.05" PMx="8.50" fuel="131.71" electricity="0.00" noise="151.34" route="routebottom" type="cfm-fast" waiting="0.00" lane="bottom_1" pos="18.10" speed="75.60" angle="61.91" x="98.83" y="8.63"/>
        <vehicle id="cfm-fast_1" eclass="HBEFA3/PC_G_EU4" CO2="5616.36" CO="41.23" HC="0.33" NOx="2.03" PMx="0.10" fuel="2.41" electricity="0.00" noise="70.94" route="routetop" type="cfm-fast" waiting="0.00" lane="top_0" pos="39.21" speed="23.23" angle="203.95" x="-1.01" y="86.53"/>
        <vehicle id="cfm-fast_2" eclass="HBEFA3/PC_G_EU4" CO2="9053.57" CO="112.65" HC="0.74" NOx="3.64" PMx="0.19" fuel="3.89" electricity="0.00" noise="72.34" route="routetop" type="cfm-fast" waiting="0.00" lane="left_0" pos="3.42" speed="23.58" angle="178.37" x="-4.54" y="56.23"/>
        <vehicle id="cfm-fast_3" eclass="HBEFA3/PC_G_EU4" CO2="11893.20" CO="173.23" HC="1.08" NOx="4.96" PMx="0.27" fuel="5.11" electricity="0.00" noise="73.84" route="routetop" type="cfm-fast" waiting="0.00" lane="left_0" pos="18.03" speed="24.46" angle="152.05" x="5.78" y="26.81"/>
        <vehicle id="cfm-fast_4" eclass="HBEFA3/PC_G_EU4" CO2="75956.80" CO="2793.08" HC="14.75" NOx="34.29" PMx="2.51" fuel="32.65" electricity="0.00" noise="100.24" route="routetop" type="cfm-fast" waiting="0.00" lane="top_1" pos="46.51" speed="77.05" angle="190.85" x="-1.25" y="70.84"/>
        <vehicle id="cfm-fast_5" eclass="HBEFA3/PC_G_EU4" CO2="14087.23" CO="222.49" HC="1.36" NOx="5.97" PMx="0.33" fuel="6.06" electricity="0.00" noise="75.12" route="routetop" type="cfm-fast" waiting="0.00" lane="left_0" pos="33.59" speed="25.71" angle="124.10" x="29.80" y="3.99"/>
        <vehicle id="cfm-slow_0" eclass="HBEFA3/PC_G_EU4" CO2="15057.06" CO="248.85" HC="1.51" NOx="6.39" PMx="0.36" fuel="6.47" electricity="0.00" noise="75.84" route="routebottom" type="cfm-slow" waiting="0.00" lane="bottom_0" pos="0.42" speed="27.15" angle="93.71" x="64.66" y="-4.93"/>
        <vehicle id="cfm-slow_1" eclass="HBEFA3/PC_G_EU4" CO2="13016.46" CO="214.87" HC="1.31" NOx="5.40" PMx="0.31" fuel="5.60" electricity="0.00" noise="75.37" route="routebottom" type="cfm-slow" waiting="0.00" lane="bottom_0" pos="22.72" speed="28.58" angle="53.53" x="108.58" y="11.82"/>
        <vehicle id="cfm-slow_2" eclass="HBEFA3/PC_G_EU4" CO2="5772.79" CO="72.25" HC="0.48" NOx="1.96" PMx="0.12" fuel="2.48" electricity="0.00" noise="73.71" route="routebottom" type="cfm-slow" waiting="0.00" lane="bottom_0" pos="46.45" speed="29.57" angle="11.00" x="131.84" y="55.94"/>
        <vehicle id="cfm-slow_3" eclass="HBEFA3/PC_G_EU4" CO2="0.00" CO="0.00" HC="0.00" NOx="0.00" PMx="0.00" fuel="0.00" electricity="0.00" noise="72.29" route="routebottom" type="cfm-slow" waiting="0.00" lane="right_0" pos="21.11" speed="29.48" angle="326.49" x="117.71" y="105.90"/>
        <vehicle id="cfm-slow_4" eclass="HBEFA3/PC_G_EU4" CO2="0.00" CO="0.00" HC="0.00" NOx="0.00" PMx="0.00" fuel="0.00" electricity="0.00" noise="71.22" route="routebottom" type="cfm-slow" waiting="0.00" lane="right_0" pos="45.57" speed="27.94" angle="282.53" x="73.26" y="131.59"/>
        <vehicle id="cfm-slow_5" eclass="HBEFA3/PC_G_EU4" CO2="0.00" CO="0.00" HC="0.00" NOx="0.00" PMx="0.00" fuel="0.00" electricity="0.00" noise="70.10" route="routetop" type="cfm-slow" waiting="0.00" lane="top_0" pos="18.35" speed="25.53" angle="241.46" x="26.24" y="121.17"/>
    </timestep>
    <timestep time="9.99">
        <vehicle id="cfm-fast_0" eclass="HBEFA3/PC_G_EU4" CO2="307037.73" CO="7490.09" HC="41.87" NOx="143.34" PMx="8.52" fuel="131.98" electricity="0.00" noise="151.40" route="routebottom" type="cfm-fast" waiting="0.00" lane="bottom_1" pos="18.86" speed="75.74" angle="60.47" x="100.12" y="9.50"/>
        <vehicle id="cfm-fast_1" eclass="HBEFA3/PC_G_EU4" CO2="5650.16" CO="41.93" HC="0.33" NOx="2.04" PMx="0.10" fuel="2.43" electricity="0.00" noise="70.95" route="routetop" type="cfm-fast" waiting="0.00" lane="top_0" pos="39.44" speed="23.23" angle="203.52" x="-1.18" y="86.06"/>
        <vehicle id="cfm-fast_2" eclass="HBEFA3/PC_G_EU4" CO2="9081.42" CO="113.24" HC="0.74" NOx="3.65" PMx="0.19" fuel="3.90" electricity="0.00" noise="72.36" route="routetop" type="cfm-fast" waiting="0.00" lane="left_0" pos="3.65" speed="23.59" angle="177.95" x="-4.48" y="55.73"/>
        <vehicle id="cfm-fast_3" eclass="HBEFA3/PC_G_EU4" CO2="11914.67" CO="173.70" HC="1.09" NOx="4.97" PMx="0.27" fuel="5.12" electricity="0.00" noise="73.85" route="routetop" type="cfm-fast" waiting="0.00" lane="left_0" pos="18.28" speed="24.47" angle="151.59" x="6.07" y="26.38"/>
        <vehicle id="cfm-fast_4" eclass="HBEFA3/PC_G_EU4" CO2="77544.50" CO="2826.66" HC="14.94" NOx="35.03" PMx="2.56" fuel="33.33" electricity="0.00" noise="100.58" route="routetop" type="cfm-fast" waiting="0.00" lane="top_1" pos="47.28" speed="77.07" angle="189.40" x="-1.40" y="69.27"/>
        <vehicle id="cfm-fast_5" eclass="HBEFA3/PC_G_EU4" CO2="14097.55" CO="222.76" HC="1.37" NOx="5.97" PMx="0.33" fuel="6.06" electricity="0.00" noise="75.13" route="routetop" type="cfm-fast" waiting="0.00" lane="left_0" pos="33.84" speed="25.72" angle="123.63" x="30.29" y="3.73"/>
        <vehicle id="cfm-slow_0" eclass="HBEFA3/PC_G_EU4" CO2="15040.21" CO="248.58" HC="1.51" NOx="6.39" PMx="0.36" fuel="6.47" electricity="0.00" noise="75.84" route="routebottom" type="cfm-slow" waiting="0.00" lane="bottom_0" pos="0.69" speed="27.17" angle="93.22" x="65.25" y="-4.92"/>
        <vehicle id="cfm-slow_1" eclass="HBEFA3/PC_G_EU4" CO2="12950.44" CO="213.57" HC="1.30" NOx="5.37" PMx="0.31" fuel="5.57" electricity="0.00" noise="75.35" route="routebottom" type="cfm-slow" waiting="0.00" lane="bottom_0" pos="23.01" speed="28.60" angle="53.03" x="109.05" y="12.22"/>
        <vehicle id="cfm-slow_2" eclass="HBEFA3/PC_G_EU4" CO2="5665.55" CO="70.04" HC="0.46" NOx="1.91" PMx="0.12" fuel="2.44" electricity="0.00" noise="73.69" route="routebottom" type="cfm-slow" waiting="0.00" lane="bottom_0" pos="46.74" speed="29.57" angle="10.45" x="131.90" y="56.57"/>
        <vehicle id="cfm-slow_3" eclass="HBEFA3/PC_G_EU4" CO2="0.00" CO="0.00" HC="0.00" NOx="0.00" PMx="0.00" fuel="0.00" electricity="0.00" noise="72.28" route="routebottom" type="cfm-slow" waiting="0.00" lane="right_0" pos="21.40" speed="29.47" angle="325.95" x="117.32" y="106.39"/>
        <vehicle id="cfm-slow_4" eclass="HBEFA3/PC_G_EU4" CO2="0.00" CO="0.00" HC="0.00" NOx="0.00" PMx="0.00" fuel="0.00" electricity="0.00" noise="71.21" route="routebottom" type="cfm-slow" waiting="0.00" lane="right_0" pos="45.85" speed="27.91" angle="282.03" x="72.67" y="131.67"/>
        <vehicle id="cfm-slow_5" eclass="HBEFA3/PC_G_EU4" CO2="0.00" CO="0.00" HC="0.00" NOx="0.00" PMx="0.00" fuel="0.00" electricity="0.00" noise="70.10" route="routetop" type="cfm-slow" waiting="0.00" lane="top_0" pos="18.61" speed="25.51" angle="240.97" x="25.79" y="120.86"/>
    </timestep>
    <timestep time="10.00">
        <vehicle id="cfm-fast_0" eclass="HBEFA3/PC_G_EU4" CO2="307667.04" CO="7509.27" HC="41.98" NOx="143.64" PMx="8.54" fuel="132.25" electricity="0.00" noise="151.47" route="routebottom" type="cfm-fast" waiting="0.00" lane="bottom_1" pos="19.62" speed="75.87" angle="59.13" x="101.40" y="10.38"/>
        <vehicle id="cfm-fast_1" eclass="HBEFA3/PC_G_EU4" CO2="5683.90" CO="42.63" HC="0.33" NOx="2.06" PMx="0.10" fuel="2.44" electricity="0.00" noise="70.97" route="routetop" type="cfm-fast" waiting="0.00" lane="top_0" pos="39.67" speed="23.24" angle="203.12" x="-1.35" y="85.59"/>
        <vehicle id="cfm-fast_2" eclass="HBEFA3/PC_G_EU4" CO2="9109.22" CO="113.83" HC="0.74" NOx="3.67" PMx="0.19" fuel="3.92" electricity="0.00" noise="72.37" route="routetop" type="cfm-fast" waiting="0.00" lane="left_0" pos="3.89" speed="23.59" angle="177.54" x="-4.43" y="55.22"/>
        <vehicle id="cfm-fast_3" eclass="HBEFA3/PC_G_EU4" CO2="11936.05" CO="174.18" HC="1.09" NOx="4.98" PMx="0.27" fuel="5.13" electricity="0.00" noise="73.86" route="routetop" type="cfm-fast" waiting="0.00" lane="left_0" pos="18.52" speed="24.48" angle="151.13" x="6.36" y="25.94"/>
        <vehicle id="cfm-fast_4" eclass="HBEFA3/PC_G_EU4" CO2="79127.30" CO="2860.17" HC="15.13" NOx="35.78" PMx="2.60" fuel="34.01" electricity="0.00" noise="100.92" route="routetop" type="cfm-fast" waiting="0.00" lane="top_1" pos="48.05" speed="77.09" angle="188.05" x="-1.51" y="67.69"/>
        <vehicle id="cfm-fast_5" eclass="HBEFA3/PC_G_EU4" CO2="14107.63" CO="223.02" HC="1.37" NOx="5.98" PMx="0.33" fuel="6.06" electricity="0.00" noise="75.14" route="routetop" type="cfm-fast" waiting="0.00" lane="left_0" pos="34.10" speed="25.73" angle="123.16" x="30.77" y="3.46"/>
        <vehicle id="cfm-slow_0" eclass="HBEFA3/PC_G_EU4" CO2="15022.90" CO="248.29" HC="1.51" NOx="6.38" PMx="0.36" fuel="6.46" electricity="0.00" noise="75.83" route="routebottom" type="cfm-slow" waiting="0.00" lane="bottom_0" pos="0.96" speed="27.18" angle="92.73" x="65.83" y="-4.90"/>
        <vehicle id="cfm-slow_1" eclass="HBEFA3/PC_G_EU4" CO2="12883.98" CO="212.26" HC="1.29" NOx="5.34" PMx="0.31" fuel="5.54" electricity="0.00" noise="75.33" route="routebottom" type="cfm-slow" waiting="0.00" lane="bottom_0" pos="23.29" speed="28.61" angle="52.54" x="109.51" y="12.63"/>
        <vehicle id="cfm-slow_2" eclass="HBEFA3/PC_G_EU4" CO2="0.00" CO="0.00" HC="0.00" NOx="0.00" PMx="0.00" fuel="0.00" electricity="0.00" noise="73.66" route="routebottom" type="cfm-slow" waiting="0.00" lane="bottom_0" pos="47.04" speed="29.57" angle="9.91" x="131.96" y="57.20"/>
        <vehicle id="cfm-slow_3" eclass="HBEFA3/PC_G_EU4" CO2="0.00" CO="0.00" HC="0.00" NOx="0.00" PMx="0.00" fuel="0.00" electricity="0.00" noise="72.27" route="routebottom" type="cfm-slow" waiting="0.00" lane="right_0" pos="21.69" speed="29.45" angle="325.43" x="116.93" y="106.89"/>
        <vehicle id="cfm-slow_4" eclass="HBEFA3/PC_G_EU4" CO2="0.00" CO="0.00" HC="0.00" NOx="0.00" PMx="0.00" fuel="0.00" electricity="0.00" noise="71.19" route="routebottom" type="cfm-slow" waiting="0.00" lane="right_0" pos="46.13" speed="27.89" angle="281.55" x="72.07" y="131.76"/>
        <vehicle id="cfm-slow_5" eclass="HBEFA3/PC_G_EU4" CO2="0.00" CO="0.00" HC="0.00" NOx="0.00" PMx="0.00" fuel="0.00" electricity="0.00" noise="70.09" route="routetop" type="cfm-slow" waiting="0.00" lane="top_0" pos="18.86" speed="25.49" angle="240.47" x="25.33" y="120.56"/>
    </timestep>
    <timestep time="10.01">
        <vehicle id="cfm-fast_0" eclass="HBEFA3/PC_G_EU4" CO2="2624.72" CO="164.78" HC="0.81" NOx="1.20" PMx="0.07" fuel="1.13" electricity="0.00" noise="55.94" route="routeright" type="cfm-fast" waiting="0.00" lane="right_0" pos="46.00" speed="0.00" angle="281.75" x="72.34" y="131.72"/>
        <vehicle id="cfm-fast_1" eclass="HBEFA3/PC_G_EU4" CO2="2624.72" CO="164.78" HC="0.81" NOx="1.20" PMx="0.07" fuel="1.13" electricity="0.00" noise="55.94" route="routetop" type="cfm-fast" waiting="0.00" lane="top_0" pos="11.83" speed="0.00" angle="253.14" x="38.70" y="127.56"/>
        <vehicle id="cfm-fast_2" eclass="HBEFA3/PC_G_EU4" CO2="2624.72" CO="164.78" HC="0.81" NOx="1.20" PMx="0.07" fuel="1.13" electricity="0.00" noise="55.94" route="routetop" type="cfm-fast" waiting="0.00" lane="top_0" pos="27.67" speed="0.00" angle="224.69" x="11.28" y="107.95"/>
        <vehicle id="cfm-fast_3" eclass="HBEFA3/PC_G_EU4" CO2="2624.72" CO="164.78" HC="0.81" NOx="1.20" PMx="0.07" fuel="1.13" electricity="0.00" noise="55.94" route="routetop" type="cfm-fast" waiting="0.00" lane="top_0" pos="43.50" speed="0.00" angle="196.26" x="-3.51" y="77.65"/>
        <vehicle id="cfm-fast_4" eclass="HBEFA3/PC_G_EU4" CO2="2624.72" CO="164.78" HC="0.81" NOx="1.20" PMx="0.07" fuel="1.13" electricity="0.00" noise="55.94" route="routeleft" type="cfm-fast" waiting="0.00" lane="left_0" pos="9.33" speed="0.00" angle="167.63" x="-1.99" y="43.78"/>
        <vehicle id="cfm-fast_5" eclass="HBEFA3/PC_G_EU4" CO2="2624.72" CO="164.78" HC="0.81" NOx="1.20" PMx="0.07" fuel="1.13" electricity="0.00" noise="55.94" route="routeleft" type="cfm-fast" waiting="0.00" lane="left_0" pos="25.17" speed="0.00" angle="139.20" x="15.41" y="14.90"/>
        <vehicle id="cfm-slow_0" eclass="HBEFA3/PC_G_EU4" CO2="2624.72" CO="164.78" HC="0.81" NOx="1.20" PMx="0.07" fuel="1.13" electricity="0.00" noise="55.94" route="routebottom" type="cfm-slow" waiting="0.00" lane="bottom_0" pos="1.00" speed="0.00" angle="92.66" x="65.91" y="-4.90"/>
        <vehicle id="cfm-slow_1" eclass="HBEFA3/PC_G_EU4" CO2="2624.72" CO="164.78" HC="0.81" NOx="1.20" PMx="0.07" fuel="1.13" electricity="0.00" noise="55.94" route="routebottom" type="cfm-slow" waiting="0.00" lane="bottom_0" pos="16.83" speed="0.00" angle="64.18" x="98.30" y="4.45"/>
        <vehicle id="cfm-slow_2" eclass="HBEFA3/PC_G_EU4" CO2="2624.72" CO="164.78" HC="0.81" NOx="1.20" PMx="0.07" fuel="1.13" electricity="0.00" noise="55.94" route="routebottom" type="cfm-slow" waiting="0.00" lane="bottom_0" pos="32.67" speed="0.00" angle="35.75" x="122.33" y="28.10"/>
        <vehicle id="cfm-slow_3" eclass="HBEFA3/PC_G_EU4" CO2="2624.72" CO="164.78" HC="0.81" NOx="1.20" PMx="0.07" fuel="1.13" electricity="0.00" noise="55.94" route="routebottom" type="cfm-slow" waiting="0.00" lane="bottom_0" pos="48.50" speed="0.00" angle="7.24" x="132.19" y="60.34"/>
        <vehicle id="cfm-slow_4" eclass="HBEFA3/PC_G_EU4" CO2="2624.72" CO="164.78" HC="0.81" NOx="1.20" PMx="0.07" fuel="1.13" electricity="0.00" noise="55.94" route="routeright" type="cfm-slow" waiting="0.00" lane="right_0" pos="14.33" speed="0.00" angle="338.68" x="125.41" y="93.56"/>
        <vehicle id="cfm-slow_5" eclass="HBEFA3/PC_G_EU4" CO2="2624.72" CO="164.78" HC="0.81" NOx="1.20" PMx="0.07" fuel="1.13" electricity="0.00" noise="55.94" route="routeright" type="cfm-slow" waiting="0.00" lane="right_0" pos="30.17" speed="0.00" angle="310.20" x="103.71" y="119.35"/>
    </timestep>
    <timestep time="10.02">
        <vehicle id="cfm-fast_0" eclass="HBEFA3/PC_G_EU4" CO2="2638.90" CO="164.61" HC="0.81" NOx="1.21" PMx="0.07" fuel="1.13" electricity="0.00" noise="67.36" route="routeright" type="cfm-fast" waiting="0.01" lane="right_0" pos="46.00" speed="0.03" angle="281.75" x="72.34" y="131.72"/>
        <vehicle id="cfm-fast_1" eclass="HBEFA3/PC_G_EU4" CO2="2638.86" CO="164.61" HC="0.81" NOx="1.21" PMx="0.07" fuel="1.13" electricity="0.00" noise="67.35" route="routetop" type="cfm-fast" waiting="0.01" lane="top_0" pos="11.83" speed="0.03" angle="253.14" x="38.70" y="127.56"/>
        <vehicle id="cfm-fast_2" eclass="HBEFA3/PC_G_EU4" CO2="2638.92" CO="164.61" HC="0.81" NOx="1.21" PMx="0.07" fuel="1.13" electricity="0.00" noise="67.37" route="routetop" type="cfm-fast" waiting="0.01" lane="top_0" pos="27.67" speed="0.03" angle="224.69" x="11.28" y="107.95"/>
        <vehicle id="cfm-fast_3" eclass="HBEFA3/PC_G_EU4" CO2="2638.88" CO="164.61" HC="0.81" NOx="1.21" PMx="0.07" fuel="1.13" electricity="0.00" noise="67.36" route="routetop" type="cfm-fast" waiting="0.01" lane="top_0" pos="43.50" speed="0.03" angle="196.26" x="-3.51" y="77.65"/>
        <vehicle id="cfm-fast_4" eclass="HBEFA3/PC_G_EU4" CO2="2638.89" CO="164.61" HC="0.81" NOx="1.21" PMx="0.07" fuel="1.13" electricity="0.00" noise="67.36" route="routeleft" type="cfm-fast" waiting="0.01" lane="left_0" pos="9.33" speed="0.03" angle="167.63" x="-1.99" y="43.78"/>
        <vehicle id="cfm-fast_5" eclass="HBEFA3/PC_G_EU4" CO2="2638.93" CO="164.61" HC="0.81" NOx="1.21" PMx="0.07" fuel="1.13" electricity="0.00" noise="67.37" route="routeleft" type="cfm-fast" waiting="0.01" lane="left_0" pos="25.17" speed="0.03" angle="139.20" x="15.41" y="14.90"/>
        <vehicle id="cfm-slow_0" eclass="HBEFA3/PC_G_EU4" CO2="2638.83" CO="164.61" HC="0.81" NOx="1.21" PMx="0.07" fuel="1.13" electricity="0.00" noise="67.34" route="routebottom" type="cfm-slow" waiting="0.01" lane="bottom_0" pos="1.00" speed="0.03" angle="92.66" x="65.91" y="-4.90"/>
        <vehicle id="cfm-slow_1" eclass="HBEFA3/PC_G_EU4" CO2="2638.89" CO="164.61" HC="0.81" NOx="1.21" PMx="0.07" fuel="1.13" electricity="0.00" noise="67.36" route="routebottom" type="cfm-slow" waiting="0.01" lane="bottom_0" pos="16.83" speed="0.03" angle="64.18" x="98.30" y="4.45"/>
        <vehicle id="cfm-slow_2" eclass="HBEFA3/PC_G_EU4" CO2="2638.94" CO="164.61" HC="0.81" NOx="1.21" PMx="0.07" fuel="1.13" electricity="0.00" noise="67.38" route="routebottom" type="cfm-slow" waiting="0.01" lane="bottom_0" pos="32.67" speed="0.03" angle="35.75" x="122.33" y="28.10"/>
        <vehicle id="cfm-slow_3" eclass="HBEFA3/PC_G_EU4" CO2="2638.95" CO="164.61" HC="0.81" NOx="1.21" PMx="0.07" fuel="1.13" electricity="0.00" noise="67.38" route="routebottom" type="cfm-slow" waiting="0.01" lane="bottom_0" pos="48.50" speed="0.03" angle="7.24" x="132.19" y="60.34"/>
        <vehicle id="cfm-slow_4" eclass="HBEFA3/PC_G_EU4" CO2="2638.94" CO="164.61" HC="0.81" NOx="1.21" PMx="0.07" fuel="1.13" electricity="0.00" noise="67.38" route="routeright" type="cfm-slow" waiting="0.01" lane="right_0" pos="14.33" speed="0.03" angle="338.68" x="125.41" y="93.56"/>
        <vehicle id="cfm-slow_5" eclass="HBEFA3/PC_G_EU4" CO2="2638.84" CO="164.61" HC="0.81" NOx="1.21" PMx="0.07" fuel="1.13" electricity="0.00" noise="67.34" route="routeright" type="cfm-slow" waiting="0.01" lane="right_0" pos="30.17" speed="0.03" angle="310.20" x="103.70" y="119.35"/>
    </timestep>
</emission-export>
