<?xml version="1.0" encoding="UTF-8"?>

<!-- generated on Tue Feb 28 07:54:21 2017 by SUMO Version 0.29.0
<?xml version="1.0" encoding="UTF-8"?>

<configuration xmlns:xsi="http://www.w3.org/2001/XMLSchema-instance" xsi:noNamespaceSchemaLocation="http://sumo.dlr.de/xsd/sumoConfiguration.xsd">

    <input>
        <net-file value="tests/debug/cfg/test-two-lane-two-controller-200m2l.net.xml"/>
        <route-files value="tests/debug/cfg/test-two-lane-two-controller-200m2l.rou.xml"/>
        <additional-files value="tests/debug/cfg/test-two-lane-two-controller-200m2l.add.xml"/>
    </input>

    <output>
        <netstate-dump value="tests/debug/cfg/data/test-two-lane-two-controller-200m2l.netstate.xml"/>
        <emission-output value="tests/debug/cfg/data/test-two-lane-two-controller-200m2l.emission.xml"/>
        <amitran-output value="tests/debug/cfg/data/test-two-lane-two-controller-200m2l.amitran.xml"/>
        <lanechange-output value="tests/debug/cfg/data/test-two-lane-two-controller-200m2l.lanechange.xml"/>
    </output>

    <time>
        <begin value="0"/>
        <end value="1000"/>
        <step-length value="0.01"/>
    </time>

    <traci_server>
        <remote-port value="8873"/>
    </traci_server>

    <gui_only>
        <gui-settings-file value="tests/debug/cfg/test-two-lane-two-controller-200m2l.gui.cfg"/>
    </gui_only>

</configuration>
-->

<trajectories xmlns:xsi="http://www.w3.org/2001/XMLSchema-instance" xsi:noNamespaceSchemaLocation="http://sumo.dlr.de/xsd/amitran/trajectories.xsd" timeStepSize="10">
    <actorConfig id="2" vehicleClass="Passenger" fuel="Gasoline" emissionClass="Euro4" ref="cfm-fast"/>
    <vehicle id="0" actorConfig="2" startTime="0" ref="cfm-fast_0"/>
    <motionState vehicle="0" speed="0" time="0" acceleration="0"/>
    <vehicle id="1" actorConfig="2" startTime="0" ref="cfm-fast_1"/>
    <motionState vehicle="1" speed="0" time="0" acceleration="0"/>
    <vehicle id="2" actorConfig="2" startTime="0" ref="cfm-fast_2"/>
    <motionState vehicle="2" speed="0" time="0" acceleration="0"/>
    <vehicle id="3" actorConfig="2" startTime="0" ref="cfm-fast_3"/>
    <motionState vehicle="3" speed="0" time="0" acceleration="0"/>
    <vehicle id="4" actorConfig="2" startTime="0" ref="cfm-fast_4"/>
    <motionState vehicle="4" speed="0" time="0" acceleration="0"/>
    <vehicle id="5" actorConfig="2" startTime="0" ref="cfm-fast_5"/>
    <motionState vehicle="5" speed="0" time="0" acceleration="0"/>
    <actorConfig id="3" vehicleClass="Passenger" fuel="Gasoline" emissionClass="Euro4" ref="cfm-slow"/>
    <vehicle id="6" actorConfig="3" startTime="0" ref="cfm-slow_0"/>
    <motionState vehicle="6" speed="0" time="0" acceleration="0"/>
    <vehicle id="7" actorConfig="3" startTime="0" ref="cfm-slow_1"/>
    <motionState vehicle="7" speed="0" time="0" acceleration="0"/>
    <vehicle id="8" actorConfig="3" startTime="0" ref="cfm-slow_2"/>
    <motionState vehicle="8" speed="0" time="0" acceleration="0"/>
    <vehicle id="9" actorConfig="3" startTime="0" ref="cfm-slow_3"/>
    <motionState vehicle="9" speed="0" time="0" acceleration="0"/>
    <vehicle id="10" actorConfig="3" startTime="0" ref="cfm-slow_4"/>
    <motionState vehicle="10" speed="0" time="0" acceleration="0"/>
    <vehicle id="11" actorConfig="3" startTime="0" ref="cfm-slow_5"/>
    <motionState vehicle="11" speed="0" time="0" acceleration="0"/>
    <motionState vehicle="0" speed="14" time="10" acceleration="13636"/>
    <motionState vehicle="1" speed="14" time="10" acceleration="13636"/>
    <motionState vehicle="2" speed="14" time="10" acceleration="13636"/>
    <motionState vehicle="3" speed="14" time="10" acceleration="13636"/>
    <motionState vehicle="4" speed="14" time="10" acceleration="13636"/>
    <motionState vehicle="5" speed="14" time="10" acceleration="13636"/>
    <motionState vehicle="6" speed="14" time="10" acceleration="13636"/>
    <motionState vehicle="7" speed="14" time="10" acceleration="13636"/>
    <motionState vehicle="8" speed="14" time="10" acceleration="13636"/>
    <motionState vehicle="9" speed="14" time="10" acceleration="13636"/>
    <motionState vehicle="10" speed="14" time="10" acceleration="13636"/>
    <motionState vehicle="11" speed="14" time="10" acceleration="13636"/>
    <motionState vehicle="0" speed="27" time="20" acceleration="13636"/>
    <motionState vehicle="1" speed="27" time="20" acceleration="13636"/>
    <motionState vehicle="2" speed="27" time="20" acceleration="13636"/>
    <motionState vehicle="3" speed="27" time="20" acceleration="13636"/>
    <motionState vehicle="4" speed="27" time="20" acceleration="13636"/>
    <motionState vehicle="5" speed="27" time="20" acceleration="13636"/>
    <motionState vehicle="6" speed="27" time="20" acceleration="13636"/>
    <motionState vehicle="7" speed="27" time="20" acceleration="13636"/>
    <motionState vehicle="8" speed="27" time="20" acceleration="13636"/>
    <motionState vehicle="9" speed="27" time="20" acceleration="13636"/>
    <motionState vehicle="10" speed="27" time="20" acceleration="13636"/>
    <motionState vehicle="11" speed="27" time="20" acceleration="13636"/>
    <motionState vehicle="0" speed="41" time="30" acceleration="13636"/>
    <motionState vehicle="1" speed="41" time="30" acceleration="13636"/>
    <motionState vehicle="2" speed="41" time="30" acceleration="13636"/>
    <motionState vehicle="3" speed="41" time="30" acceleration="13636"/>
    <motionState vehicle="4" speed="41" time="30" acceleration="13636"/>
    <motionState vehicle="5" speed="41" time="30" acceleration="13636"/>
    <motionState vehicle="6" speed="41" time="30" acceleration="13636"/>
    <motionState vehicle="7" speed="41" time="30" acceleration="13636"/>
    <motionState vehicle="8" speed="41" time="30" acceleration="13636"/>
    <motionState vehicle="9" speed="41" time="30" acceleration="13636"/>
    <motionState vehicle="10" speed="41" time="30" acceleration="13636"/>
    <motionState vehicle="11" speed="41" time="30" acceleration="13636"/>
    <motionState vehicle="0" speed="55" time="40" acceleration="13636"/>
    <motionState vehicle="1" speed="55" time="40" acceleration="13636"/>
    <motionState vehicle="2" speed="55" time="40" acceleration="13636"/>
    <motionState vehicle="3" speed="55" time="40" acceleration="13636"/>
    <motionState vehicle="4" speed="55" time="40" acceleration="13636"/>
    <motionState vehicle="5" speed="55" time="40" acceleration="13636"/>
    <motionState vehicle="6" speed="55" time="40" acceleration="13636"/>
    <motionState vehicle="7" speed="55" time="40" acceleration="13636"/>
    <motionState vehicle="8" speed="55" time="40" acceleration="13636"/>
    <motionState vehicle="9" speed="55" time="40" acceleration="13636"/>
    <motionState vehicle="10" speed="55" time="40" acceleration="13636"/>
    <motionState vehicle="11" speed="55" time="40" acceleration="13636"/>
    <motionState vehicle="0" speed="68" time="50" acceleration="13636"/>
    <motionState vehicle="1" speed="68" time="50" acceleration="13636"/>
    <motionState vehicle="2" speed="68" time="50" acceleration="13636"/>
    <motionState vehicle="3" speed="68" time="50" acceleration="13636"/>
    <motionState vehicle="4" speed="68" time="50" acceleration="13636"/>
    <motionState vehicle="5" speed="68" time="50" acceleration="13636"/>
    <motionState vehicle="6" speed="68" time="50" acceleration="13636"/>
    <motionState vehicle="7" speed="68" time="50" acceleration="13636"/>
    <motionState vehicle="8" speed="68" time="50" acceleration="13636"/>
    <motionState vehicle="9" speed="68" time="50" acceleration="13636"/>
    <motionState vehicle="10" speed="68" time="50" acceleration="13636"/>
    <motionState vehicle="11" speed="68" time="50" acceleration="13636"/>
    <motionState vehicle="0" speed="82" time="60" acceleration="13636"/>
    <motionState vehicle="1" speed="82" time="60" acceleration="13636"/>
    <motionState vehicle="2" speed="82" time="60" acceleration="13636"/>
    <motionState vehicle="3" speed="82" time="60" acceleration="13636"/>
    <motionState vehicle="4" speed="82" time="60" acceleration="13636"/>
    <motionState vehicle="5" speed="82" time="60" acceleration="13636"/>
    <motionState vehicle="6" speed="82" time="60" acceleration="13636"/>
    <motionState vehicle="7" speed="82" time="60" acceleration="13636"/>
    <motionState vehicle="8" speed="82" time="60" acceleration="13636"/>
    <motionState vehicle="9" speed="82" time="60" acceleration="13636"/>
    <motionState vehicle="10" speed="82" time="60" acceleration="13636"/>
    <motionState vehicle="11" speed="82" time="60" acceleration="13636"/>
    <motionState vehicle="0" speed="95" time="70" acceleration="13636"/>
    <motionState vehicle="1" speed="95" time="70" acceleration="13636"/>
    <motionState vehicle="2" speed="95" time="70" acceleration="13636"/>
    <motionState vehicle="3" speed="95" time="70" acceleration="13636"/>
    <motionState vehicle="4" speed="95" time="70" acceleration="13636"/>
    <motionState vehicle="5" speed="95" time="70" acceleration="13636"/>
    <motionState vehicle="6" speed="95" time="70" acceleration="13636"/>
    <motionState vehicle="7" speed="95" time="70" acceleration="13636"/>
    <motionState vehicle="8" speed="95" time="70" acceleration="13636"/>
    <motionState vehicle="9" speed="95" time="70" acceleration="13636"/>
    <motionState vehicle="10" speed="95" time="70" acceleration="13636"/>
    <motionState vehicle="11" speed="95" time="70" acceleration="13636"/>
    <motionState vehicle="0" speed="109" time="80" acceleration="13636"/>
    <motionState vehicle="1" speed="109" time="80" acceleration="13636"/>
    <motionState vehicle="2" speed="109" time="80" acceleration="13636"/>
    <motionState vehicle="3" speed="109" time="80" acceleration="13636"/>
    <motionState vehicle="4" speed="109" time="80" acceleration="13636"/>
    <motionState vehicle="5" speed="109" time="80" acceleration="13636"/>
    <motionState vehicle="6" speed="109" time="80" acceleration="13636"/>
    <motionState vehicle="7" speed="109" time="80" acceleration="13636"/>
    <motionState vehicle="8" speed="109" time="80" acceleration="13636"/>
    <motionState vehicle="9" speed="109" time="80" acceleration="13636"/>
    <motionState vehicle="10" speed="109" time="80" acceleration="13636"/>
    <motionState vehicle="11" speed="109" time="80" acceleration="13636"/>
    <motionState vehicle="0" speed="123" time="90" acceleration="13636"/>
    <motionState vehicle="1" speed="123" time="90" acceleration="13636"/>
    <motionState vehicle="2" speed="123" time="90" acceleration="13636"/>
    <motionState vehicle="3" speed="123" time="90" acceleration="13636"/>
    <motionState vehicle="4" speed="123" time="90" acceleration="13636"/>
    <motionState vehicle="5" speed="123" time="90" acceleration="13636"/>
    <motionState vehicle="6" speed="123" time="90" acceleration="13636"/>
    <motionState vehicle="7" speed="123" time="90" acceleration="13636"/>
    <motionState vehicle="8" speed="123" time="90" acceleration="13636"/>
    <motionState vehicle="9" speed="123" time="90" acceleration="13636"/>
    <motionState vehicle="10" speed="123" time="90" acceleration="13636"/>
    <motionState vehicle="11" speed="123" time="90" acceleration="13636"/>
    <motionState vehicle="0" speed="136" time="100" acceleration="13636"/>
    <motionState vehicle="1" speed="136" time="100" acceleration="13636"/>
    <motionState vehicle="2" speed="136" time="100" acceleration="13636"/>
    <motionState vehicle="3" speed="136" time="100" acceleration="13636"/>
    <motionState vehicle="4" speed="136" time="100" acceleration="13636"/>
    <motionState vehicle="5" speed="136" time="100" acceleration="13636"/>
    <motionState vehicle="6" speed="136" time="100" acceleration="13636"/>
    <motionState vehicle="7" speed="136" time="100" acceleration="13636"/>
    <motionState vehicle="8" speed="136" time="100" acceleration="13636"/>
    <motionState vehicle="9" speed="136" time="100" acceleration="13636"/>
    <motionState vehicle="10" speed="136" time="100" acceleration="13636"/>
    <motionState vehicle="11" speed="136" time="100" acceleration="13636"/>
    <motionState vehicle="0" speed="150" time="110" acceleration="13636"/>
    <motionState vehicle="1" speed="150" time="110" acceleration="13636"/>
    <motionState vehicle="2" speed="150" time="110" acceleration="13636"/>
    <motionState vehicle="3" speed="150" time="110" acceleration="13636"/>
    <motionState vehicle="4" speed="150" time="110" acceleration="13636"/>
    <motionState vehicle="5" speed="150" time="110" acceleration="13636"/>
    <motionState vehicle="6" speed="150" time="110" acceleration="13636"/>
    <motionState vehicle="7" speed="150" time="110" acceleration="13636"/>
    <motionState vehicle="8" speed="150" time="110" acceleration="13636"/>
    <motionState vehicle="9" speed="150" time="110" acceleration="13636"/>
    <motionState vehicle="10" speed="150" time="110" acceleration="13636"/>
    <motionState vehicle="11" speed="150" time="110" acceleration="13636"/>
    <motionState vehicle="0" speed="164" time="120" acceleration="13636"/>
    <motionState vehicle="1" speed="164" time="120" acceleration="13636"/>
    <motionState vehicle="2" speed="164" time="120" acceleration="13636"/>
    <motionState vehicle="3" speed="164" time="120" acceleration="13636"/>
    <motionState vehicle="4" speed="164" time="120" acceleration="13636"/>
    <motionState vehicle="5" speed="164" time="120" acceleration="13636"/>
    <motionState vehicle="6" speed="164" time="120" acceleration="13636"/>
    <motionState vehicle="7" speed="164" time="120" acceleration="13636"/>
    <motionState vehicle="8" speed="164" time="120" acceleration="13636"/>
    <motionState vehicle="9" speed="164" time="120" acceleration="13636"/>
    <motionState vehicle="10" speed="164" time="120" acceleration="13636"/>
    <motionState vehicle="11" speed="164" time="120" acceleration="13636"/>
    <motionState vehicle="0" speed="177" time="130" acceleration="13636"/>
    <motionState vehicle="1" speed="177" time="130" acceleration="13636"/>
    <motionState vehicle="2" speed="177" time="130" acceleration="13636"/>
    <motionState vehicle="3" speed="177" time="130" acceleration="13636"/>
    <motionState vehicle="4" speed="177" time="130" acceleration="13636"/>
    <motionState vehicle="5" speed="177" time="130" acceleration="13636"/>
    <motionState vehicle="6" speed="177" time="130" acceleration="13636"/>
    <motionState vehicle="7" speed="177" time="130" acceleration="13636"/>
    <motionState vehicle="8" speed="177" time="130" acceleration="13636"/>
    <motionState vehicle="9" speed="177" time="130" acceleration="13636"/>
    <motionState vehicle="10" speed="177" time="130" acceleration="13636"/>
    <motionState vehicle="11" speed="177" time="130" acceleration="13636"/>
    <motionState vehicle="0" speed="191" time="140" acceleration="13636"/>
    <motionState vehicle="1" speed="191" time="140" acceleration="13636"/>
    <motionState vehicle="2" speed="191" time="140" acceleration="13636"/>
    <motionState vehicle="3" speed="191" time="140" acceleration="13636"/>
    <motionState vehicle="4" speed="191" time="140" acceleration="13636"/>
    <motionState vehicle="5" speed="191" time="140" acceleration="13636"/>
    <motionState vehicle="6" speed="191" time="140" acceleration="13636"/>
    <motionState vehicle="7" speed="191" time="140" acceleration="13636"/>
    <motionState vehicle="8" speed="191" time="140" acceleration="13636"/>
    <motionState vehicle="9" speed="191" time="140" acceleration="13636"/>
    <motionState vehicle="10" speed="191" time="140" acceleration="13636"/>
    <motionState vehicle="11" speed="191" time="140" acceleration="13636"/>
    <motionState vehicle="0" speed="205" time="150" acceleration="13636"/>
    <motionState vehicle="1" speed="205" time="150" acceleration="13636"/>
    <motionState vehicle="2" speed="205" time="150" acceleration="13636"/>
    <motionState vehicle="3" speed="205" time="150" acceleration="13636"/>
    <motionState vehicle="4" speed="205" time="150" acceleration="13636"/>
    <motionState vehicle="5" speed="205" time="150" acceleration="13636"/>
    <motionState vehicle="6" speed="205" time="150" acceleration="13636"/>
    <motionState vehicle="7" speed="205" time="150" acceleration="13636"/>
    <motionState vehicle="8" speed="205" time="150" acceleration="13636"/>
    <motionState vehicle="9" speed="205" time="150" acceleration="13636"/>
    <motionState vehicle="10" speed="205" time="150" acceleration="13636"/>
    <motionState vehicle="11" speed="205" time="150" acceleration="13636"/>
    <motionState vehicle="0" speed="218" time="160" acceleration="13636"/>
    <motionState vehicle="1" speed="218" time="160" acceleration="13636"/>
    <motionState vehicle="2" speed="218" time="160" acceleration="13636"/>
    <motionState vehicle="3" speed="218" time="160" acceleration="13636"/>
    <motionState vehicle="4" speed="218" time="160" acceleration="13636"/>
    <motionState vehicle="5" speed="218" time="160" acceleration="13636"/>
    <motionState vehicle="6" speed="218" time="160" acceleration="13636"/>
    <motionState vehicle="7" speed="218" time="160" acceleration="13636"/>
    <motionState vehicle="8" speed="218" time="160" acceleration="13636"/>
    <motionState vehicle="9" speed="218" time="160" acceleration="13636"/>
    <motionState vehicle="10" speed="218" time="160" acceleration="13636"/>
    <motionState vehicle="11" speed="218" time="160" acceleration="13636"/>
    <motionState vehicle="0" speed="232" time="170" acceleration="13636"/>
    <motionState vehicle="1" speed="232" time="170" acceleration="13636"/>
    <motionState vehicle="2" speed="232" time="170" acceleration="13636"/>
    <motionState vehicle="3" speed="232" time="170" acceleration="13636"/>
    <motionState vehicle="4" speed="232" time="170" acceleration="13636"/>
    <motionState vehicle="5" speed="232" time="170" acceleration="13636"/>
    <motionState vehicle="6" speed="232" time="170" acceleration="13636"/>
    <motionState vehicle="7" speed="232" time="170" acceleration="13636"/>
    <motionState vehicle="8" speed="232" time="170" acceleration="13636"/>
    <motionState vehicle="9" speed="232" time="170" acceleration="13636"/>
    <motionState vehicle="10" speed="232" time="170" acceleration="13636"/>
    <motionState vehicle="11" speed="232" time="170" acceleration="13636"/>
    <motionState vehicle="0" speed="245" time="180" acceleration="13636"/>
    <motionState vehicle="1" speed="245" time="180" acceleration="13636"/>
    <motionState vehicle="2" speed="245" time="180" acceleration="13636"/>
    <motionState vehicle="3" speed="245" time="180" acceleration="13636"/>
    <motionState vehicle="4" speed="245" time="180" acceleration="13636"/>
    <motionState vehicle="5" speed="245" time="180" acceleration="13636"/>
    <motionState vehicle="6" speed="245" time="180" acceleration="13636"/>
    <motionState vehicle="7" speed="245" time="180" acceleration="13636"/>
    <motionState vehicle="8" speed="245" time="180" acceleration="13636"/>
    <motionState vehicle="9" speed="245" time="180" acceleration="13636"/>
    <motionState vehicle="10" speed="245" time="180" acceleration="13636"/>
    <motionState vehicle="11" speed="245" time="180" acceleration="13636"/>
    <motionState vehicle="0" speed="259" time="190" acceleration="13636"/>
    <motionState vehicle="1" speed="259" time="190" acceleration="13636"/>
    <motionState vehicle="2" speed="259" time="190" acceleration="13636"/>
    <motionState vehicle="3" speed="259" time="190" acceleration="13636"/>
    <motionState vehicle="4" speed="259" time="190" acceleration="13636"/>
    <motionState vehicle="5" speed="259" time="190" acceleration="13636"/>
    <motionState vehicle="6" speed="259" time="190" acceleration="13636"/>
    <motionState vehicle="7" speed="259" time="190" acceleration="13636"/>
    <motionState vehicle="8" speed="259" time="190" acceleration="13636"/>
    <motionState vehicle="9" speed="259" time="190" acceleration="13636"/>
    <motionState vehicle="10" speed="259" time="190" acceleration="13636"/>
    <motionState vehicle="11" speed="259" time="190" acceleration="13636"/>
    <motionState vehicle="0" speed="273" time="200" acceleration="13636"/>
    <motionState vehicle="1" speed="273" time="200" acceleration="13636"/>
    <motionState vehicle="2" speed="273" time="200" acceleration="13636"/>
    <motionState vehicle="3" speed="273" time="200" acceleration="13636"/>
    <motionState vehicle="4" speed="273" time="200" acceleration="13636"/>
    <motionState vehicle="5" speed="273" time="200" acceleration="13636"/>
    <motionState vehicle="6" speed="273" time="200" acceleration="13636"/>
    <motionState vehicle="7" speed="273" time="200" acceleration="13636"/>
    <motionState vehicle="8" speed="273" time="200" acceleration="13636"/>
    <motionState vehicle="9" speed="273" time="200" acceleration="13636"/>
    <motionState vehicle="10" speed="273" time="200" acceleration="13636"/>
    <motionState vehicle="11" speed="273" time="200" acceleration="13636"/>
    <motionState vehicle="0" speed="286" time="210" acceleration="13636"/>
    <motionState vehicle="1" speed="286" time="210" acceleration="13636"/>
    <motionState vehicle="2" speed="286" time="210" acceleration="13636"/>
    <motionState vehicle="3" speed="286" time="210" acceleration="13636"/>
    <motionState vehicle="4" speed="286" time="210" acceleration="13636"/>
    <motionState vehicle="5" speed="286" time="210" acceleration="13636"/>
    <motionState vehicle="6" speed="286" time="210" acceleration="13636"/>
    <motionState vehicle="7" speed="286" time="210" acceleration="13636"/>
    <motionState vehicle="8" speed="286" time="210" acceleration="13636"/>
    <motionState vehicle="9" speed="286" time="210" acceleration="13636"/>
    <motionState vehicle="10" speed="286" time="210" acceleration="13636"/>
    <motionState vehicle="11" speed="286" time="210" acceleration="13636"/>
    <motionState vehicle="0" speed="300" time="220" acceleration="13636"/>
    <motionState vehicle="1" speed="300" time="220" acceleration="13636"/>
    <motionState vehicle="2" speed="300" time="220" acceleration="13636"/>
    <motionState vehicle="3" speed="300" time="220" acceleration="13636"/>
    <motionState vehicle="4" speed="300" time="220" acceleration="13636"/>
    <motionState vehicle="5" speed="300" time="220" acceleration="13636"/>
    <motionState vehicle="6" speed="300" time="220" acceleration="13636"/>
    <motionState vehicle="7" speed="300" time="220" acceleration="13636"/>
    <motionState vehicle="8" speed="300" time="220" acceleration="13636"/>
    <motionState vehicle="9" speed="300" time="220" acceleration="13636"/>
    <motionState vehicle="10" speed="300" time="220" acceleration="13636"/>
    <motionState vehicle="11" speed="300" time="220" acceleration="13636"/>
    <motionState vehicle="0" speed="314" time="230" acceleration="13636"/>
    <motionState vehicle="1" speed="314" time="230" acceleration="13636"/>
    <motionState vehicle="2" speed="314" time="230" acceleration="13636"/>
    <motionState vehicle="3" speed="314" time="230" acceleration="13636"/>
    <motionState vehicle="4" speed="314" time="230" acceleration="13636"/>
    <motionState vehicle="5" speed="314" time="230" acceleration="13636"/>
    <motionState vehicle="6" speed="314" time="230" acceleration="13636"/>
    <motionState vehicle="7" speed="314" time="230" acceleration="13636"/>
    <motionState vehicle="8" speed="314" time="230" acceleration="13636"/>
    <motionState vehicle="9" speed="314" time="230" acceleration="13636"/>
    <motionState vehicle="10" speed="314" time="230" acceleration="13636"/>
    <motionState vehicle="11" speed="314" time="230" acceleration="13636"/>
    <motionState vehicle="0" speed="327" time="240" acceleration="13636"/>
    <motionState vehicle="1" speed="327" time="240" acceleration="13636"/>
    <motionState vehicle="2" speed="327" time="240" acceleration="13636"/>
    <motionState vehicle="3" speed="327" time="240" acceleration="13636"/>
    <motionState vehicle="4" speed="327" time="240" acceleration="13636"/>
    <motionState vehicle="5" speed="327" time="240" acceleration="13636"/>
    <motionState vehicle="6" speed="327" time="240" acceleration="13636"/>
    <motionState vehicle="7" speed="327" time="240" acceleration="13636"/>
    <motionState vehicle="8" speed="327" time="240" acceleration="13636"/>
    <motionState vehicle="9" speed="327" time="240" acceleration="13636"/>
    <motionState vehicle="10" speed="327" time="240" acceleration="13636"/>
    <motionState vehicle="11" speed="327" time="240" acceleration="13636"/>
    <motionState vehicle="0" speed="341" time="250" acceleration="13636"/>
    <motionState vehicle="1" speed="341" time="250" acceleration="13636"/>
    <motionState vehicle="2" speed="341" time="250" acceleration="13636"/>
    <motionState vehicle="3" speed="341" time="250" acceleration="13636"/>
    <motionState vehicle="4" speed="341" time="250" acceleration="13636"/>
    <motionState vehicle="5" speed="341" time="250" acceleration="13636"/>
    <motionState vehicle="6" speed="341" time="250" acceleration="13636"/>
    <motionState vehicle="7" speed="341" time="250" acceleration="13636"/>
    <motionState vehicle="8" speed="341" time="250" acceleration="13636"/>
    <motionState vehicle="9" speed="341" time="250" acceleration="13636"/>
    <motionState vehicle="10" speed="341" time="250" acceleration="13636"/>
    <motionState vehicle="11" speed="341" time="250" acceleration="13636"/>
    <motionState vehicle="0" speed="355" time="260" acceleration="13636"/>
    <motionState vehicle="1" speed="355" time="260" acceleration="13636"/>
    <motionState vehicle="2" speed="355" time="260" acceleration="13636"/>
    <motionState vehicle="3" speed="355" time="260" acceleration="13636"/>
    <motionState vehicle="4" speed="355" time="260" acceleration="13636"/>
    <motionState vehicle="5" speed="355" time="260" acceleration="13636"/>
    <motionState vehicle="6" speed="355" time="260" acceleration="13636"/>
    <motionState vehicle="7" speed="355" time="260" acceleration="13636"/>
    <motionState vehicle="8" speed="355" time="260" acceleration="13636"/>
    <motionState vehicle="9" speed="355" time="260" acceleration="13636"/>
    <motionState vehicle="10" speed="355" time="260" acceleration="13636"/>
    <motionState vehicle="11" speed="355" time="260" acceleration="13636"/>
    <motionState vehicle="0" speed="368" time="270" acceleration="13636"/>
    <motionState vehicle="1" speed="368" time="270" acceleration="13636"/>
    <motionState vehicle="2" speed="368" time="270" acceleration="13636"/>
    <motionState vehicle="3" speed="368" time="270" acceleration="13636"/>
    <motionState vehicle="4" speed="368" time="270" acceleration="13636"/>
    <motionState vehicle="5" speed="368" time="270" acceleration="13636"/>
    <motionState vehicle="6" speed="368" time="270" acceleration="13636"/>
    <motionState vehicle="7" speed="368" time="270" acceleration="13636"/>
    <motionState vehicle="8" speed="368" time="270" acceleration="13636"/>
    <motionState vehicle="9" speed="368" time="270" acceleration="13636"/>
    <motionState vehicle="10" speed="368" time="270" acceleration="13636"/>
    <motionState vehicle="11" speed="368" time="270" acceleration="13636"/>
    <motionState vehicle="0" speed="382" time="280" acceleration="13636"/>
    <motionState vehicle="1" speed="382" time="280" acceleration="13636"/>
    <motionState vehicle="2" speed="382" time="280" acceleration="13636"/>
    <motionState vehicle="3" speed="382" time="280" acceleration="13636"/>
    <motionState vehicle="4" speed="382" time="280" acceleration="13636"/>
    <motionState vehicle="5" speed="382" time="280" acceleration="13636"/>
    <motionState vehicle="6" speed="382" time="280" acceleration="13636"/>
    <motionState vehicle="7" speed="382" time="280" acceleration="13636"/>
    <motionState vehicle="8" speed="382" time="280" acceleration="13636"/>
    <motionState vehicle="9" speed="382" time="280" acceleration="13636"/>
    <motionState vehicle="10" speed="382" time="280" acceleration="13636"/>
    <motionState vehicle="11" speed="382" time="280" acceleration="13636"/>
    <motionState vehicle="0" speed="395" time="290" acceleration="13636"/>
    <motionState vehicle="1" speed="395" time="290" acceleration="13636"/>
    <motionState vehicle="2" speed="395" time="290" acceleration="13636"/>
    <motionState vehicle="3" speed="395" time="290" acceleration="13636"/>
    <motionState vehicle="4" speed="395" time="290" acceleration="13636"/>
    <motionState vehicle="5" speed="395" time="290" acceleration="13636"/>
    <motionState vehicle="6" speed="395" time="290" acceleration="13636"/>
    <motionState vehicle="7" speed="395" time="290" acceleration="13636"/>
    <motionState vehicle="8" speed="395" time="290" acceleration="13636"/>
    <motionState vehicle="9" speed="395" time="290" acceleration="13636"/>
    <motionState vehicle="10" speed="395" time="290" acceleration="13636"/>
    <motionState vehicle="11" speed="395" time="290" acceleration="13636"/>
    <motionState vehicle="0" speed="409" time="300" acceleration="13636"/>
    <motionState vehicle="1" speed="409" time="300" acceleration="13636"/>
    <motionState vehicle="2" speed="409" time="300" acceleration="13636"/>
    <motionState vehicle="3" speed="409" time="300" acceleration="13636"/>
    <motionState vehicle="4" speed="409" time="300" acceleration="13636"/>
    <motionState vehicle="5" speed="409" time="300" acceleration="13636"/>
    <motionState vehicle="6" speed="409" time="300" acceleration="13636"/>
    <motionState vehicle="7" speed="409" time="300" acceleration="13636"/>
    <motionState vehicle="8" speed="409" time="300" acceleration="13636"/>
    <motionState vehicle="9" speed="409" time="300" acceleration="13636"/>
    <motionState vehicle="10" speed="409" time="300" acceleration="13636"/>
    <motionState vehicle="11" speed="409" time="300" acceleration="13636"/>
    <motionState vehicle="0" speed="423" time="310" acceleration="13636"/>
    <motionState vehicle="1" speed="423" time="310" acceleration="13636"/>
    <motionState vehicle="2" speed="423" time="310" acceleration="13636"/>
    <motionState vehicle="3" speed="423" time="310" acceleration="13636"/>
    <motionState vehicle="4" speed="423" time="310" acceleration="13636"/>
    <motionState vehicle="5" speed="423" time="310" acceleration="13636"/>
    <motionState vehicle="6" speed="423" time="310" acceleration="13636"/>
    <motionState vehicle="7" speed="423" time="310" acceleration="13636"/>
    <motionState vehicle="8" speed="423" time="310" acceleration="13636"/>
    <motionState vehicle="9" speed="423" time="310" acceleration="13636"/>
    <motionState vehicle="10" speed="423" time="310" acceleration="13636"/>
    <motionState vehicle="11" speed="423" time="310" acceleration="13636"/>
    <motionState vehicle="0" speed="436" time="320" acceleration="13636"/>
    <motionState vehicle="1" speed="436" time="320" acceleration="13636"/>
    <motionState vehicle="2" speed="436" time="320" acceleration="13636"/>
    <motionState vehicle="3" speed="436" time="320" acceleration="13636"/>
    <motionState vehicle="4" speed="436" time="320" acceleration="13636"/>
    <motionState vehicle="5" speed="436" time="320" acceleration="13636"/>
    <motionState vehicle="6" speed="436" time="320" acceleration="13636"/>
    <motionState vehicle="7" speed="436" time="320" acceleration="13636"/>
    <motionState vehicle="8" speed="436" time="320" acceleration="13636"/>
    <motionState vehicle="9" speed="436" time="320" acceleration="13636"/>
    <motionState vehicle="10" speed="436" time="320" acceleration="13636"/>
    <motionState vehicle="11" speed="436" time="320" acceleration="13636"/>
    <motionState vehicle="0" speed="450" time="330" acceleration="13636"/>
    <motionState vehicle="1" speed="450" time="330" acceleration="13636"/>
    <motionState vehicle="2" speed="450" time="330" acceleration="13636"/>
    <motionState vehicle="3" speed="450" time="330" acceleration="13636"/>
    <motionState vehicle="4" speed="450" time="330" acceleration="13636"/>
    <motionState vehicle="5" speed="450" time="330" acceleration="13636"/>
    <motionState vehicle="6" speed="450" time="330" acceleration="13636"/>
    <motionState vehicle="7" speed="450" time="330" acceleration="13636"/>
    <motionState vehicle="8" speed="450" time="330" acceleration="13636"/>
    <motionState vehicle="9" speed="450" time="330" acceleration="13636"/>
    <motionState vehicle="10" speed="450" time="330" acceleration="13636"/>
    <motionState vehicle="11" speed="450" time="330" acceleration="13636"/>
    <motionState vehicle="0" speed="464" time="340" acceleration="13636"/>
    <motionState vehicle="1" speed="464" time="340" acceleration="13636"/>
    <motionState vehicle="2" speed="464" time="340" acceleration="13636"/>
    <motionState vehicle="3" speed="464" time="340" acceleration="13636"/>
    <motionState vehicle="4" speed="464" time="340" acceleration="13636"/>
    <motionState vehicle="5" speed="464" time="340" acceleration="13636"/>
    <motionState vehicle="6" speed="464" time="340" acceleration="13636"/>
    <motionState vehicle="7" speed="464" time="340" acceleration="13636"/>
    <motionState vehicle="8" speed="464" time="340" acceleration="13636"/>
    <motionState vehicle="9" speed="464" time="340" acceleration="13636"/>
    <motionState vehicle="10" speed="464" time="340" acceleration="13636"/>
    <motionState vehicle="11" speed="464" time="340" acceleration="13636"/>
    <motionState vehicle="0" speed="477" time="350" acceleration="13636"/>
    <motionState vehicle="1" speed="477" time="350" acceleration="13636"/>
    <motionState vehicle="2" speed="477" time="350" acceleration="13636"/>
    <motionState vehicle="3" speed="477" time="350" acceleration="13636"/>
    <motionState vehicle="4" speed="477" time="350" acceleration="13636"/>
    <motionState vehicle="5" speed="477" time="350" acceleration="13636"/>
    <motionState vehicle="6" speed="477" time="350" acceleration="13636"/>
    <motionState vehicle="7" speed="477" time="350" acceleration="13636"/>
    <motionState vehicle="8" speed="477" time="350" acceleration="13636"/>
    <motionState vehicle="9" speed="477" time="350" acceleration="13636"/>
    <motionState vehicle="10" speed="477" time="350" acceleration="13636"/>
    <motionState vehicle="11" speed="477" time="350" acceleration="13636"/>
    <motionState vehicle="0" speed="491" time="360" acceleration="13636"/>
    <motionState vehicle="1" speed="491" time="360" acceleration="13636"/>
    <motionState vehicle="2" speed="491" time="360" acceleration="13636"/>
    <motionState vehicle="3" speed="491" time="360" acceleration="13636"/>
    <motionState vehicle="4" speed="491" time="360" acceleration="13636"/>
    <motionState vehicle="5" speed="491" time="360" acceleration="13636"/>
    <motionState vehicle="6" speed="491" time="360" acceleration="13636"/>
    <motionState vehicle="7" speed="491" time="360" acceleration="13636"/>
    <motionState vehicle="8" speed="491" time="360" acceleration="13636"/>
    <motionState vehicle="9" speed="491" time="360" acceleration="13636"/>
    <motionState vehicle="10" speed="491" time="360" acceleration="13636"/>
    <motionState vehicle="11" speed="491" time="360" acceleration="13636"/>
    <motionState vehicle="0" speed="505" time="370" acceleration="13636"/>
    <motionState vehicle="1" speed="505" time="370" acceleration="13636"/>
    <motionState vehicle="2" speed="505" time="370" acceleration="13636"/>
    <motionState vehicle="3" speed="505" time="370" acceleration="13636"/>
    <motionState vehicle="4" speed="505" time="370" acceleration="13636"/>
    <motionState vehicle="5" speed="505" time="370" acceleration="13636"/>
    <motionState vehicle="6" speed="505" time="370" acceleration="13636"/>
    <motionState vehicle="7" speed="505" time="370" acceleration="13636"/>
    <motionState vehicle="8" speed="505" time="370" acceleration="13636"/>
    <motionState vehicle="9" speed="505" time="370" acceleration="13636"/>
    <motionState vehicle="10" speed="505" time="370" acceleration="13636"/>
    <motionState vehicle="11" speed="505" time="370" acceleration="13636"/>
    <motionState vehicle="0" speed="518" time="380" acceleration="13636"/>
    <motionState vehicle="1" speed="518" time="380" acceleration="13636"/>
    <motionState vehicle="2" speed="518" time="380" acceleration="13636"/>
    <motionState vehicle="3" speed="518" time="380" acceleration="13636"/>
    <motionState vehicle="4" speed="518" time="380" acceleration="13636"/>
    <motionState vehicle="5" speed="518" time="380" acceleration="13636"/>
    <motionState vehicle="6" speed="518" time="380" acceleration="13636"/>
    <motionState vehicle="7" speed="518" time="380" acceleration="13636"/>
    <motionState vehicle="8" speed="518" time="380" acceleration="13636"/>
    <motionState vehicle="9" speed="518" time="380" acceleration="13636"/>
    <motionState vehicle="10" speed="518" time="380" acceleration="13636"/>
    <motionState vehicle="11" speed="518" time="380" acceleration="13636"/>
    <motionState vehicle="0" speed="532" time="390" acceleration="13636"/>
    <motionState vehicle="1" speed="532" time="390" acceleration="13636"/>
    <motionState vehicle="2" speed="532" time="390" acceleration="13636"/>
    <motionState vehicle="3" speed="532" time="390" acceleration="13636"/>
    <motionState vehicle="4" speed="532" time="390" acceleration="13636"/>
    <motionState vehicle="5" speed="532" time="390" acceleration="13636"/>
    <motionState vehicle="6" speed="532" time="390" acceleration="13636"/>
    <motionState vehicle="7" speed="532" time="390" acceleration="13636"/>
    <motionState vehicle="8" speed="532" time="390" acceleration="13636"/>
    <motionState vehicle="9" speed="532" time="390" acceleration="13636"/>
    <motionState vehicle="10" speed="532" time="390" acceleration="13636"/>
    <motionState vehicle="11" speed="532" time="390" acceleration="13636"/>
    <motionState vehicle="0" speed="545" time="400" acceleration="13636"/>
    <motionState vehicle="1" speed="545" time="400" acceleration="13636"/>
    <motionState vehicle="2" speed="545" time="400" acceleration="13636"/>
    <motionState vehicle="3" speed="545" time="400" acceleration="13636"/>
    <motionState vehicle="4" speed="545" time="400" acceleration="13636"/>
    <motionState vehicle="5" speed="545" time="400" acceleration="13636"/>
    <motionState vehicle="6" speed="545" time="400" acceleration="13636"/>
    <motionState vehicle="7" speed="545" time="400" acceleration="13636"/>
    <motionState vehicle="8" speed="545" time="400" acceleration="13636"/>
    <motionState vehicle="9" speed="545" time="400" acceleration="13636"/>
    <motionState vehicle="10" speed="545" time="400" acceleration="13636"/>
    <motionState vehicle="11" speed="545" time="400" acceleration="13636"/>
    <motionState vehicle="0" speed="559" time="410" acceleration="13636"/>
    <motionState vehicle="1" speed="559" time="410" acceleration="13636"/>
    <motionState vehicle="2" speed="559" time="410" acceleration="13636"/>
    <motionState vehicle="3" speed="559" time="410" acceleration="13636"/>
    <motionState vehicle="4" speed="559" time="410" acceleration="13636"/>
    <motionState vehicle="5" speed="559" time="410" acceleration="13636"/>
    <motionState vehicle="6" speed="559" time="410" acceleration="13636"/>
    <motionState vehicle="7" speed="559" time="410" acceleration="13636"/>
    <motionState vehicle="8" speed="559" time="410" acceleration="13636"/>
    <motionState vehicle="9" speed="559" time="410" acceleration="13636"/>
    <motionState vehicle="10" speed="559" time="410" acceleration="13636"/>
    <motionState vehicle="11" speed="559" time="410" acceleration="13636"/>
    <motionState vehicle="0" speed="573" time="420" acceleration="13636"/>
    <motionState vehicle="1" speed="573" time="420" acceleration="13636"/>
    <motionState vehicle="2" speed="573" time="420" acceleration="13636"/>
    <motionState vehicle="3" speed="573" time="420" acceleration="13636"/>
    <motionState vehicle="4" speed="573" time="420" acceleration="13636"/>
    <motionState vehicle="5" speed="573" time="420" acceleration="13636"/>
    <motionState vehicle="6" speed="573" time="420" acceleration="13636"/>
    <motionState vehicle="7" speed="573" time="420" acceleration="13636"/>
    <motionState vehicle="8" speed="573" time="420" acceleration="13636"/>
    <motionState vehicle="9" speed="573" time="420" acceleration="13636"/>
    <motionState vehicle="10" speed="573" time="420" acceleration="13636"/>
    <motionState vehicle="11" speed="573" time="420" acceleration="13636"/>
    <motionState vehicle="0" speed="586" time="430" acceleration="13636"/>
    <motionState vehicle="1" speed="586" time="430" acceleration="13636"/>
    <motionState vehicle="2" speed="586" time="430" acceleration="13636"/>
    <motionState vehicle="3" speed="586" time="430" acceleration="13636"/>
    <motionState vehicle="4" speed="586" time="430" acceleration="13636"/>
    <motionState vehicle="5" speed="586" time="430" acceleration="13636"/>
    <motionState vehicle="6" speed="586" time="430" acceleration="13636"/>
    <motionState vehicle="7" speed="586" time="430" acceleration="13636"/>
    <motionState vehicle="8" speed="586" time="430" acceleration="13636"/>
    <motionState vehicle="9" speed="586" time="430" acceleration="13636"/>
    <motionState vehicle="10" speed="586" time="430" acceleration="13636"/>
    <motionState vehicle="11" speed="586" time="430" acceleration="13636"/>
    <motionState vehicle="0" speed="600" time="440" acceleration="13636"/>
    <motionState vehicle="1" speed="600" time="440" acceleration="13636"/>
    <motionState vehicle="2" speed="600" time="440" acceleration="13636"/>
    <motionState vehicle="3" speed="600" time="440" acceleration="13636"/>
    <motionState vehicle="4" speed="600" time="440" acceleration="13636"/>
    <motionState vehicle="5" speed="600" time="440" acceleration="13636"/>
    <motionState vehicle="6" speed="600" time="440" acceleration="13609"/>
    <motionState vehicle="7" speed="600" time="440" acceleration="13609"/>
    <motionState vehicle="8" speed="600" time="440" acceleration="13609"/>
    <motionState vehicle="9" speed="600" time="440" acceleration="13609"/>
    <motionState vehicle="10" speed="600" time="440" acceleration="13609"/>
    <motionState vehicle="11" speed="600" time="440" acceleration="13636"/>
    <motionState vehicle="0" speed="614" time="450" acceleration="13636"/>
    <motionState vehicle="1" speed="614" time="450" acceleration="13636"/>
    <motionState vehicle="2" speed="614" time="450" acceleration="13636"/>
    <motionState vehicle="3" speed="614" time="450" acceleration="13636"/>
    <motionState vehicle="4" speed="614" time="450" acceleration="13636"/>
    <motionState vehicle="5" speed="614" time="450" acceleration="13636"/>
    <motionState vehicle="6" speed="613" time="450" acceleration="13485"/>
    <motionState vehicle="7" speed="613" time="450" acceleration="13485"/>
    <motionState vehicle="8" speed="613" time="450" acceleration="13485"/>
    <motionState vehicle="9" speed="613" time="450" acceleration="13485"/>
    <motionState vehicle="10" speed="613" time="450" acceleration="13485"/>
    <motionState vehicle="11" speed="614" time="450" acceleration="13636"/>
    <motionState vehicle="0" speed="627" time="460" acceleration="13636"/>
    <motionState vehicle="1" speed="627" time="460" acceleration="13636"/>
    <motionState vehicle="2" speed="627" time="460" acceleration="13636"/>
    <motionState vehicle="3" speed="627" time="460" acceleration="13636"/>
    <motionState vehicle="4" speed="627" time="460" acceleration="13636"/>
    <motionState vehicle="5" speed="627" time="460" acceleration="13636"/>
    <motionState vehicle="6" speed="627" time="460" acceleration="13363"/>
    <motionState vehicle="7" speed="627" time="460" acceleration="13363"/>
    <motionState vehicle="8" speed="627" time="460" acceleration="13363"/>
    <motionState vehicle="9" speed="627" time="460" acceleration="13363"/>
    <motionState vehicle="10" speed="627" time="460" acceleration="13364"/>
    <motionState vehicle="11" speed="627" time="460" acceleration="13636"/>
    <motionState vehicle="0" speed="641" time="470" acceleration="13636"/>
    <motionState vehicle="1" speed="641" time="470" acceleration="13636"/>
    <motionState vehicle="2" speed="641" time="470" acceleration="13636"/>
    <motionState vehicle="3" speed="641" time="470" acceleration="13636"/>
    <motionState vehicle="4" speed="641" time="470" acceleration="13636"/>
    <motionState vehicle="5" speed="641" time="470" acceleration="13636"/>
    <motionState vehicle="6" speed="640" time="470" acceleration="13241"/>
    <motionState vehicle="7" speed="640" time="470" acceleration="13241"/>
    <motionState vehicle="8" speed="640" time="470" acceleration="13241"/>
    <motionState vehicle="9" speed="640" time="470" acceleration="13241"/>
    <motionState vehicle="10" speed="640" time="470" acceleration="13245"/>
    <motionState vehicle="11" speed="641" time="470" acceleration="13636"/>
    <motionState vehicle="0" speed="655" time="480" acceleration="13636"/>
    <motionState vehicle="1" speed="655" time="480" acceleration="13636"/>
    <motionState vehicle="2" speed="655" time="480" acceleration="13636"/>
    <motionState vehicle="3" speed="655" time="480" acceleration="13636"/>
    <motionState vehicle="4" speed="655" time="480" acceleration="13636"/>
    <motionState vehicle="5" speed="655" time="480" acceleration="13636"/>
    <motionState vehicle="6" speed="653" time="480" acceleration="13121"/>
    <motionState vehicle="7" speed="653" time="480" acceleration="13121"/>
    <motionState vehicle="8" speed="653" time="480" acceleration="13121"/>
    <motionState vehicle="9" speed="653" time="480" acceleration="13121"/>
    <motionState vehicle="10" speed="653" time="480" acceleration="13128"/>
    <motionState vehicle="11" speed="655" time="480" acceleration="13636"/>
    <motionState vehicle="0" speed="668" time="490" acceleration="13636"/>
    <motionState vehicle="1" speed="668" time="490" acceleration="13636"/>
    <motionState vehicle="2" speed="668" time="490" acceleration="13636"/>
    <motionState vehicle="3" speed="668" time="490" acceleration="13636"/>
    <motionState vehicle="4" speed="668" time="490" acceleration="13636"/>
    <motionState vehicle="5" speed="668" time="490" acceleration="13636"/>
    <motionState vehicle="6" speed="666" time="490" acceleration="13001"/>
    <motionState vehicle="7" speed="666" time="490" acceleration="13001"/>
    <motionState vehicle="8" speed="666" time="490" acceleration="13001"/>
    <motionState vehicle="9" speed="666" time="490" acceleration="13002"/>
    <motionState vehicle="10" speed="666" time="490" acceleration="13014"/>
    <motionState vehicle="11" speed="668" time="490" acceleration="13636"/>
    <motionState vehicle="0" speed="682" time="500" acceleration="13636"/>
    <motionState vehicle="1" speed="682" time="500" acceleration="13636"/>
    <motionState vehicle="2" speed="682" time="500" acceleration="13636"/>
    <motionState vehicle="3" speed="682" time="500" acceleration="13636"/>
    <motionState vehicle="4" speed="682" time="500" acceleration="13636"/>
    <motionState vehicle="5" speed="682" time="500" acceleration="13636"/>
    <motionState vehicle="6" speed="679" time="500" acceleration="12883"/>
    <motionState vehicle="7" speed="679" time="500" acceleration="12883"/>
    <motionState vehicle="8" speed="679" time="500" acceleration="12883"/>
    <motionState vehicle="9" speed="679" time="500" acceleration="12883"/>
    <motionState vehicle="10" speed="679" time="500" acceleration="12901"/>
    <motionState vehicle="11" speed="682" time="500" acceleration="13636"/>
    <motionState vehicle="0" speed="695" time="510" acceleration="13636"/>
    <motionState vehicle="1" speed="695" time="510" acceleration="13636"/>
    <motionState vehicle="2" speed="695" time="510" acceleration="13636"/>
    <motionState vehicle="3" speed="695" time="510" acceleration="13636"/>
    <motionState vehicle="4" speed="695" time="510" acceleration="13636"/>
    <motionState vehicle="5" speed="695" time="510" acceleration="13636"/>
    <motionState vehicle="6" speed="692" time="510" acceleration="12766"/>
    <motionState vehicle="7" speed="692" time="510" acceleration="12766"/>
    <motionState vehicle="8" speed="692" time="510" acceleration="12766"/>
    <motionState vehicle="9" speed="692" time="510" acceleration="12766"/>
    <motionState vehicle="10" speed="692" time="510" acceleration="12791"/>
    <motionState vehicle="11" speed="695" time="510" acceleration="13636"/>
    <motionState vehicle="0" speed="709" time="520" acceleration="13636"/>
    <motionState vehicle="1" speed="709" time="520" acceleration="13636"/>
    <motionState vehicle="2" speed="709" time="520" acceleration="13636"/>
    <motionState vehicle="3" speed="709" time="520" acceleration="13636"/>
    <motionState vehicle="4" speed="709" time="520" acceleration="13636"/>
    <motionState vehicle="5" speed="709" time="520" acceleration="13636"/>
    <motionState vehicle="6" speed="704" time="520" acceleration="12650"/>
    <motionState vehicle="7" speed="704" time="520" acceleration="12650"/>
    <motionState vehicle="8" speed="704" time="520" acceleration="12650"/>
    <motionState vehicle="9" speed="704" time="520" acceleration="12651"/>
    <motionState vehicle="10" speed="705" time="520" acceleration="12683"/>
    <motionState vehicle="11" speed="709" time="520" acceleration="13636"/>
    <motionState vehicle="0" speed="723" time="530" acceleration="13636"/>
    <motionState vehicle="1" speed="723" time="530" acceleration="13636"/>
    <motionState vehicle="2" speed="723" time="530" acceleration="13636"/>
    <motionState vehicle="3" speed="723" time="530" acceleration="13636"/>
    <motionState vehicle="4" speed="723" time="530" acceleration="13636"/>
    <motionState vehicle="5" speed="723" time="530" acceleration="13636"/>
    <motionState vehicle="6" speed="717" time="530" acceleration="12535"/>
    <motionState vehicle="7" speed="717" time="530" acceleration="12535"/>
    <motionState vehicle="8" speed="717" time="530" acceleration="12535"/>
    <motionState vehicle="9" speed="717" time="530" acceleration="12536"/>
    <motionState vehicle="10" speed="717" time="530" acceleration="12576"/>
    <motionState vehicle="11" speed="723" time="530" acceleration="13636"/>
    <motionState vehicle="0" speed="736" time="540" acceleration="13636"/>
    <motionState vehicle="1" speed="736" time="540" acceleration="13636"/>
    <motionState vehicle="2" speed="736" time="540" acceleration="13636"/>
    <motionState vehicle="3" speed="736" time="540" acceleration="13636"/>
    <motionState vehicle="4" speed="736" time="540" acceleration="13636"/>
    <motionState vehicle="5" speed="736" time="540" acceleration="13636"/>
    <motionState vehicle="6" speed="729" time="540" acceleration="12421"/>
    <motionState vehicle="7" speed="729" time="540" acceleration="12421"/>
    <motionState vehicle="8" speed="729" time="540" acceleration="12421"/>
    <motionState vehicle="9" speed="729" time="540" acceleration="12422"/>
    <motionState vehicle="10" speed="730" time="540" acceleration="12472"/>
    <motionState vehicle="11" speed="736" time="540" acceleration="13636"/>
    <motionState vehicle="0" speed="750" time="550" acceleration="13636"/>
    <motionState vehicle="1" speed="750" time="550" acceleration="13636"/>
    <motionState vehicle="2" speed="750" time="550" acceleration="13636"/>
    <motionState vehicle="3" speed="750" time="550" acceleration="13636"/>
    <motionState vehicle="4" speed="750" time="550" acceleration="13636"/>
    <motionState vehicle="5" speed="750" time="550" acceleration="13636"/>
    <motionState vehicle="6" speed="742" time="550" acceleration="12308"/>
    <motionState vehicle="7" speed="742" time="550" acceleration="12308"/>
    <motionState vehicle="8" speed="742" time="550" acceleration="12308"/>
    <motionState vehicle="9" speed="742" time="550" acceleration="12310"/>
    <motionState vehicle="10" speed="742" time="550" acceleration="12370"/>
    <motionState vehicle="11" speed="750" time="550" acceleration="13636"/>
    <motionState vehicle="0" speed="764" time="560" acceleration="13636"/>
    <motionState vehicle="1" speed="764" time="560" acceleration="13636"/>
    <motionState vehicle="2" speed="764" time="560" acceleration="13636"/>
    <motionState vehicle="3" speed="764" time="560" acceleration="13636"/>
    <motionState vehicle="4" speed="764" time="560" acceleration="13636"/>
    <motionState vehicle="5" speed="764" time="560" acceleration="13636"/>
    <motionState vehicle="6" speed="754" time="560" acceleration="12196"/>
    <motionState vehicle="7" speed="754" time="560" acceleration="12196"/>
    <motionState vehicle="8" speed="754" time="560" acceleration="12196"/>
    <motionState vehicle="9" speed="754" time="560" acceleration="12199"/>
    <motionState vehicle="10" speed="754" time="560" acceleration="12270"/>
    <motionState vehicle="11" speed="764" time="560" acceleration="13636"/>
    <motionState vehicle="0" speed="777" time="570" acceleration="13636"/>
    <motionState vehicle="1" speed="777" time="570" acceleration="13636"/>
    <motionState vehicle="2" speed="777" time="570" acceleration="13636"/>
    <motionState vehicle="3" speed="777" time="570" acceleration="13636"/>
    <motionState vehicle="4" speed="777" time="570" acceleration="13636"/>
    <motionState vehicle="5" speed="777" time="570" acceleration="13636"/>
    <motionState vehicle="6" speed="766" time="570" acceleration="12085"/>
    <motionState vehicle="7" speed="766" time="570" acceleration="12085"/>
    <motionState vehicle="8" speed="766" time="570" acceleration="12085"/>
    <motionState vehicle="9" speed="766" time="570" acceleration="12088"/>
    <motionState vehicle="10" speed="766" time="570" acceleration="12172"/>
    <motionState vehicle="11" speed="777" time="570" acceleration="13636"/>
    <motionState vehicle="0" speed="791" time="580" acceleration="13636"/>
    <motionState vehicle="1" speed="791" time="580" acceleration="13636"/>
    <motionState vehicle="2" speed="791" time="580" acceleration="13636"/>
    <motionState vehicle="3" speed="791" time="580" acceleration="13636"/>
    <motionState vehicle="4" speed="791" time="580" acceleration="13636"/>
    <motionState vehicle="5" speed="791" time="580" acceleration="13636"/>
    <motionState vehicle="6" speed="778" time="580" acceleration="11976"/>
    <motionState vehicle="7" speed="778" time="580" acceleration="11976"/>
    <motionState vehicle="8" speed="778" time="580" acceleration="11976"/>
    <motionState vehicle="9" speed="778" time="580" acceleration="11979"/>
    <motionState vehicle="10" speed="779" time="580" acceleration="12075"/>
    <motionState vehicle="11" speed="791" time="580" acceleration="13636"/>
    <motionState vehicle="0" speed="805" time="590" acceleration="13636"/>
    <motionState vehicle="1" speed="805" time="590" acceleration="13636"/>
    <motionState vehicle="2" speed="805" time="590" acceleration="13636"/>
    <motionState vehicle="3" speed="805" time="590" acceleration="13636"/>
    <motionState vehicle="4" speed="805" time="590" acceleration="13636"/>
    <motionState vehicle="5" speed="805" time="590" acceleration="13636"/>
    <motionState vehicle="6" speed="790" time="590" acceleration="11867"/>
    <motionState vehicle="7" speed="790" time="590" acceleration="11867"/>
    <motionState vehicle="8" speed="790" time="590" acceleration="11867"/>
    <motionState vehicle="9" speed="790" time="590" acceleration="11871"/>
    <motionState vehicle="10" speed="791" time="590" acceleration="11981"/>
    <motionState vehicle="11" speed="805" time="590" acceleration="13636"/>
    <motionState vehicle="0" speed="818" time="600" acceleration="13636"/>
    <motionState vehicle="1" speed="818" time="600" acceleration="13636"/>
    <motionState vehicle="2" speed="818" time="600" acceleration="13636"/>
    <motionState vehicle="3" speed="818" time="600" acceleration="13636"/>
    <motionState vehicle="4" speed="818" time="600" acceleration="13636"/>
    <motionState vehicle="5" speed="818" time="600" acceleration="13636"/>
    <motionState vehicle="6" speed="802" time="600" acceleration="11759"/>
    <motionState vehicle="7" speed="802" time="600" acceleration="11759"/>
    <motionState vehicle="8" speed="802" time="600" acceleration="11759"/>
    <motionState vehicle="9" speed="802" time="600" acceleration="11764"/>
    <motionState vehicle="10" speed="802" time="600" acceleration="11888"/>
    <motionState vehicle="11" speed="818" time="600" acceleration="13636"/>
    <motionState vehicle="0" speed="832" time="610" acceleration="13636"/>
    <motionState vehicle="1" speed="832" time="610" acceleration="13636"/>
    <motionState vehicle="2" speed="832" time="610" acceleration="13636"/>
    <motionState vehicle="3" speed="832" time="610" acceleration="13636"/>
    <motionState vehicle="4" speed="832" time="610" acceleration="13636"/>
    <motionState vehicle="5" speed="832" time="610" acceleration="13636"/>
    <motionState vehicle="6" speed="813" time="610" acceleration="11652"/>
    <motionState vehicle="7" speed="813" time="610" acceleration="11652"/>
    <motionState vehicle="8" speed="813" time="610" acceleration="11652"/>
    <motionState vehicle="9" speed="813" time="610" acceleration="11659"/>
    <motionState vehicle="10" speed="814" time="610" acceleration="11797"/>
    <motionState vehicle="11" speed="832" time="610" acceleration="13636"/>
    <motionState vehicle="0" speed="845" time="620" acceleration="13636"/>
    <motionState vehicle="1" speed="845" time="620" acceleration="13636"/>
    <motionState vehicle="2" speed="845" time="620" acceleration="13636"/>
    <motionState vehicle="3" speed="845" time="620" acceleration="13636"/>
    <motionState vehicle="4" speed="845" time="620" acceleration="13636"/>
    <motionState vehicle="5" speed="845" time="620" acceleration="13636"/>
    <motionState vehicle="6" speed="825" time="620" acceleration="11546"/>
    <motionState vehicle="7" speed="825" time="620" acceleration="11546"/>
    <motionState vehicle="8" speed="825" time="620" acceleration="11546"/>
    <motionState vehicle="9" speed="825" time="620" acceleration="11554"/>
    <motionState vehicle="10" speed="826" time="620" acceleration="11709"/>
    <motionState vehicle="11" speed="845" time="620" acceleration="13636"/>
    <motionState vehicle="0" speed="859" time="630" acceleration="13636"/>
    <motionState vehicle="1" speed="859" time="630" acceleration="13636"/>
    <motionState vehicle="2" speed="859" time="630" acceleration="13636"/>
    <motionState vehicle="3" speed="859" time="630" acceleration="13636"/>
    <motionState vehicle="4" speed="859" time="630" acceleration="13636"/>
    <motionState vehicle="5" speed="859" time="630" acceleration="13636"/>
    <motionState vehicle="6" speed="836" time="630" acceleration="11441"/>
    <motionState vehicle="7" speed="836" time="630" acceleration="11441"/>
    <motionState vehicle="8" speed="836" time="630" acceleration="11441"/>
    <motionState vehicle="9" speed="836" time="630" acceleration="11450"/>
    <motionState vehicle="10" speed="838" time="630" acceleration="11621"/>
    <motionState vehicle="11" speed="859" time="630" acceleration="13636"/>
    <motionState vehicle="0" speed="873" time="640" acceleration="13636"/>
    <motionState vehicle="1" speed="873" time="640" acceleration="13636"/>
    <motionState vehicle="2" speed="873" time="640" acceleration="13636"/>
    <motionState vehicle="3" speed="873" time="640" acceleration="13636"/>
    <motionState vehicle="4" speed="873" time="640" acceleration="13636"/>
    <motionState vehicle="5" speed="873" time="640" acceleration="13636"/>
    <motionState vehicle="6" speed="848" time="640" acceleration="11337"/>
    <motionState vehicle="7" speed="848" time="640" acceleration="11337"/>
    <motionState vehicle="8" speed="848" time="640" acceleration="11337"/>
    <motionState vehicle="9" speed="848" time="640" acceleration="11348"/>
    <motionState vehicle="10" speed="849" time="640" acceleration="11536"/>
    <motionState vehicle="11" speed="873" time="640" acceleration="13636"/>
    <motionState vehicle="0" speed="886" time="650" acceleration="13636"/>
    <motionState vehicle="1" speed="886" time="650" acceleration="13636"/>
    <motionState vehicle="2" speed="886" time="650" acceleration="13636"/>
    <motionState vehicle="3" speed="886" time="650" acceleration="13636"/>
    <motionState vehicle="4" speed="886" time="650" acceleration="13636"/>
    <motionState vehicle="5" speed="886" time="650" acceleration="13636"/>
    <motionState vehicle="6" speed="859" time="650" acceleration="11234"/>
    <motionState vehicle="7" speed="859" time="650" acceleration="11234"/>
    <motionState vehicle="8" speed="859" time="650" acceleration="11234"/>
    <motionState vehicle="9" speed="859" time="650" acceleration="11247"/>
    <motionState vehicle="10" speed="861" time="650" acceleration="11452"/>
    <motionState vehicle="11" speed="886" time="650" acceleration="13636"/>
    <motionState vehicle="0" speed="900" time="660" acceleration="13636"/>
    <motionState vehicle="1" speed="900" time="660" acceleration="13636"/>
    <motionState vehicle="2" speed="900" time="660" acceleration="13636"/>
    <motionState vehicle="3" speed="900" time="660" acceleration="13636"/>
    <motionState vehicle="4" speed="900" time="660" acceleration="13636"/>
    <motionState vehicle="5" speed="900" time="660" acceleration="13636"/>
    <motionState vehicle="6" speed="870" time="660" acceleration="11132"/>
    <motionState vehicle="7" speed="870" time="660" acceleration="11132"/>
    <motionState vehicle="8" speed="870" time="660" acceleration="11132"/>
    <motionState vehicle="9" speed="870" time="660" acceleration="11146"/>
    <motionState vehicle="10" speed="872" time="660" acceleration="11370"/>
    <motionState vehicle="11" speed="900" time="660" acceleration="13636"/>
    <motionState vehicle="0" speed="914" time="670" acceleration="13636"/>
    <motionState vehicle="1" speed="914" time="670" acceleration="13636"/>
    <motionState vehicle="2" speed="914" time="670" acceleration="13636"/>
    <motionState vehicle="3" speed="914" time="670" acceleration="13636"/>
    <motionState vehicle="4" speed="914" time="670" acceleration="13636"/>
    <motionState vehicle="5" speed="914" time="670" acceleration="13636"/>
    <motionState vehicle="6" speed="881" time="670" acceleration="11031"/>
    <motionState vehicle="7" speed="881" time="670" acceleration="11031"/>
    <motionState vehicle="8" speed="881" time="670" acceleration="11031"/>
    <motionState vehicle="9" speed="881" time="670" acceleration="11047"/>
    <motionState vehicle="10" speed="883" time="670" acceleration="11290"/>
    <motionState vehicle="11" speed="914" time="670" acceleration="13636"/>
    <motionState vehicle="0" speed="927" time="680" acceleration="13636"/>
    <motionState vehicle="1" speed="927" time="680" acceleration="13636"/>
    <motionState vehicle="2" speed="927" time="680" acceleration="13636"/>
    <motionState vehicle="3" speed="927" time="680" acceleration="13636"/>
    <motionState vehicle="4" speed="927" time="680" acceleration="13636"/>
    <motionState vehicle="5" speed="927" time="680" acceleration="13636"/>
    <motionState vehicle="6" speed="892" time="680" acceleration="10930"/>
    <motionState vehicle="7" speed="892" time="680" acceleration="10930"/>
    <motionState vehicle="8" speed="892" time="680" acceleration="10931"/>
    <motionState vehicle="9" speed="892" time="680" acceleration="10949"/>
    <motionState vehicle="10" speed="894" time="680" acceleration="11212"/>
    <motionState vehicle="11" speed="927" time="680" acceleration="13636"/>
    <motionState vehicle="0" speed="941" time="690" acceleration="13636"/>
    <motionState vehicle="1" speed="941" time="690" acceleration="13636"/>
    <motionState vehicle="2" speed="941" time="690" acceleration="13636"/>
    <motionState vehicle="3" speed="941" time="690" acceleration="13636"/>
    <motionState vehicle="4" speed="941" time="690" acceleration="13636"/>
    <motionState vehicle="5" speed="941" time="690" acceleration="13636"/>
    <motionState vehicle="6" speed="903" time="690" acceleration="10831"/>
    <motionState vehicle="7" speed="903" time="690" acceleration="10831"/>
    <motionState vehicle="8" speed="903" time="690" acceleration="10832"/>
    <motionState vehicle="9" speed="903" time="690" acceleration="10852"/>
    <motionState vehicle="10" speed="906" time="690" acceleration="11135"/>
    <motionState vehicle="11" speed="941" time="690" acceleration="13636"/>
    <motionState vehicle="0" speed="955" time="700" acceleration="13636"/>
    <motionState vehicle="1" speed="955" time="700" acceleration="13636"/>
    <motionState vehicle="2" speed="955" time="700" acceleration="13636"/>
    <motionState vehicle="3" speed="955" time="700" acceleration="13636"/>
    <motionState vehicle="4" speed="955" time="700" acceleration="13636"/>
    <motionState vehicle="5" speed="955" time="700" acceleration="13636"/>
    <motionState vehicle="6" speed="913" time="700" acceleration="10732"/>
    <motionState vehicle="7" speed="913" time="700" acceleration="10733"/>
    <motionState vehicle="8" speed="914" time="700" acceleration="10734"/>
    <motionState vehicle="9" speed="914" time="700" acceleration="10756"/>
    <motionState vehicle="10" speed="917" time="700" acceleration="11060"/>
    <motionState vehicle="11" speed="955" time="700" acceleration="13636"/>
    <motionState vehicle="0" speed="968" time="710" acceleration="13636"/>
    <motionState vehicle="1" speed="968" time="710" acceleration="13636"/>
    <motionState vehicle="2" speed="968" time="710" acceleration="13636"/>
    <motionState vehicle="3" speed="968" time="710" acceleration="13636"/>
    <motionState vehicle="4" speed="968" time="710" acceleration="13636"/>
    <motionState vehicle="5" speed="968" time="710" acceleration="13489"/>
    <motionState vehicle="6" speed="924" time="710" acceleration="10635"/>
    <motionState vehicle="7" speed="924" time="710" acceleration="10635"/>
    <motionState vehicle="8" speed="924" time="710" acceleration="10636"/>
    <motionState vehicle="9" speed="924" time="710" acceleration="10662"/>
    <motionState vehicle="10" speed="928" time="710" acceleration="10986"/>
    <motionState vehicle="11" speed="968" time="710" acceleration="13636"/>
    <motionState vehicle="0" speed="982" time="720" acceleration="13636"/>
    <motionState vehicle="1" speed="982" time="720" acceleration="13636"/>
    <motionState vehicle="2" speed="982" time="720" acceleration="13636"/>
    <motionState vehicle="3" speed="982" time="720" acceleration="13636"/>
    <motionState vehicle="4" speed="982" time="720" acceleration="13636"/>
    <motionState vehicle="5" speed="981" time="720" acceleration="13337"/>
    <motionState vehicle="6" speed="935" time="720" acceleration="10538"/>
    <motionState vehicle="7" speed="935" time="720" acceleration="10538"/>
    <motionState vehicle="8" speed="935" time="720" acceleration="10540"/>
    <motionState vehicle="9" speed="935" time="720" acceleration="10568"/>
    <motionState vehicle="10" speed="938" time="720" acceleration="10914"/>
    <motionState vehicle="11" speed="982" time="720" acceleration="13636"/>
    <motionState vehicle="0" speed="995" time="730" acceleration="13636"/>
    <motionState vehicle="1" speed="995" time="730" acceleration="13636"/>
    <motionState vehicle="2" speed="995" time="730" acceleration="13636"/>
    <motionState vehicle="3" speed="995" time="730" acceleration="13636"/>
    <motionState vehicle="4" speed="995" time="730" acceleration="13636"/>
    <motionState vehicle="5" speed="995" time="730" acceleration="13186"/>
    <motionState vehicle="6" speed="945" time="730" acceleration="10442"/>
    <motionState vehicle="7" speed="945" time="730" acceleration="10443"/>
    <motionState vehicle="8" speed="945" time="730" acceleration="10444"/>
    <motionState vehicle="9" speed="945" time="730" acceleration="10475"/>
    <motionState vehicle="10" speed="949" time="730" acceleration="10843"/>
    <motionState vehicle="11" speed="995" time="730" acceleration="13636"/>
    <motionState vehicle="0" speed="1009" time="740" acceleration="13526"/>
    <motionState vehicle="1" speed="1009" time="740" acceleration="13526"/>
    <motionState vehicle="2" speed="1009" time="740" acceleration="13526"/>
    <motionState vehicle="3" speed="1009" time="740" acceleration="13526"/>
    <motionState vehicle="4" speed="1009" time="740" acceleration="13518"/>
    <motionState vehicle="5" speed="1008" time="740" acceleration="13036"/>
    <motionState vehicle="6" speed="955" time="740" acceleration="10347"/>
    <motionState vehicle="7" speed="955" time="740" acceleration="10348"/>
    <motionState vehicle="8" speed="955" time="740" acceleration="10350"/>
    <motionState vehicle="9" speed="956" time="740" acceleration="10384"/>
    <motionState vehicle="10" speed="960" time="740" acceleration="10774"/>
    <motionState vehicle="11" speed="1009" time="740" acceleration="13636"/>
    <motionState vehicle="0" speed="1022" time="750" acceleration="13403"/>
    <motionState vehicle="1" speed="1022" time="750" acceleration="13403"/>
    <motionState vehicle="2" speed="1022" time="750" acceleration="13403"/>
    <motionState vehicle="3" speed="1022" time="750" acceleration="13403"/>
    <motionState vehicle="4" speed="1022" time="750" acceleration="13390"/>
    <motionState vehicle="5" speed="1020" time="750" acceleration="12889"/>
    <motionState vehicle="6" speed="966" time="750" acceleration="10253"/>
    <motionState vehicle="7" speed="966" time="750" acceleration="10254"/>
    <motionState vehicle="8" speed="966" time="750" acceleration="10256"/>
    <motionState vehicle="9" speed="966" time="750" acceleration="10293"/>
    <motionState vehicle="10" speed="971" time="750" acceleration="10707"/>
    <motionState vehicle="11" speed="1023" time="750" acceleration="13636"/>
    <motionState vehicle="0" speed="1036" time="760" acceleration="13281"/>
    <motionState vehicle="1" speed="1036" time="760" acceleration="13281"/>
    <motionState vehicle="2" speed="1036" time="760" acceleration="13281"/>
    <motionState vehicle="3" speed="1036" time="760" acceleration="13281"/>
    <motionState vehicle="4" speed="1036" time="760" acceleration="13264"/>
    <motionState vehicle="5" speed="1033" time="760" acceleration="12743"/>
    <motionState vehicle="6" speed="976" time="760" acceleration="10160"/>
    <motionState vehicle="7" speed="976" time="760" acceleration="10160"/>
    <motionState vehicle="8" speed="976" time="760" acceleration="10163"/>
    <motionState vehicle="9" speed="976" time="760" acceleration="10204"/>
    <motionState vehicle="10" speed="981" time="760" acceleration="10641"/>
    <motionState vehicle="11" speed="1036" time="760" acceleration="13636"/>
    <motionState vehicle="0" speed="1049" time="770" acceleration="13161"/>
    <motionState vehicle="1" speed="1049" time="770" acceleration="13161"/>
    <motionState vehicle="2" speed="1049" time="770" acceleration="13161"/>
    <motionState vehicle="3" speed="1049" time="770" acceleration="13160"/>
    <motionState vehicle="4" speed="1049" time="770" acceleration="13138"/>
    <motionState vehicle="5" speed="1046" time="770" acceleration="12598"/>
    <motionState vehicle="6" speed="986" time="770" acceleration="10068"/>
    <motionState vehicle="7" speed="986" time="770" acceleration="10068"/>
    <motionState vehicle="8" speed="986" time="770" acceleration="10071"/>
    <motionState vehicle="9" speed="986" time="770" acceleration="10116"/>
    <motionState vehicle="10" speed="992" time="770" acceleration="10576"/>
    <motionState vehicle="11" speed="1050" time="770" acceleration="13636"/>
    <motionState vehicle="0" speed="1062" time="780" acceleration="13041"/>
    <motionState vehicle="1" speed="1062" time="780" acceleration="13041"/>
    <motionState vehicle="2" speed="1062" time="780" acceleration="13041"/>
    <motionState vehicle="3" speed="1062" time="780" acceleration="13040"/>
    <motionState vehicle="4" speed="1062" time="780" acceleration="13014"/>
    <motionState vehicle="5" speed="1058" time="780" acceleration="12455"/>
    <motionState vehicle="6" speed="996" time="780" acceleration="9976"/>
    <motionState vehicle="7" speed="996" time="780" acceleration="9977"/>
    <motionState vehicle="8" speed="996" time="780" acceleration="9980"/>
    <motionState vehicle="9" speed="996" time="780" acceleration="10028"/>
    <motionState vehicle="10" speed="1003" time="780" acceleration="10513"/>
    <motionState vehicle="11" speed="1064" time="780" acceleration="13636"/>
    <motionState vehicle="0" speed="1075" time="790" acceleration="12922"/>
    <motionState vehicle="1" speed="1075" time="790" acceleration="12922"/>
    <motionState vehicle="2" speed="1075" time="790" acceleration="12922"/>
    <motionState vehicle="3" speed="1075" time="790" acceleration="12922"/>
    <motionState vehicle="4" speed="1075" time="790" acceleration="12890"/>
    <motionState vehicle="5" speed="1071" time="790" acceleration="12314"/>
    <motionState vehicle="6" speed="1006" time="790" acceleration="9886"/>
    <motionState vehicle="7" speed="1006" time="790" acceleration="9886"/>
    <motionState vehicle="8" speed="1006" time="790" acceleration="9890"/>
    <motionState vehicle="9" speed="1006" time="790" acceleration="9942"/>
    <motionState vehicle="10" speed="1013" time="790" acceleration="10452"/>
    <motionState vehicle="11" speed="1077" time="790" acceleration="13636"/>
    <motionState vehicle="0" speed="1088" time="800" acceleration="12805"/>
    <motionState vehicle="1" speed="1088" time="800" acceleration="12805"/>
    <motionState vehicle="2" speed="1088" time="800" acceleration="12805"/>
    <motionState vehicle="3" speed="1088" time="800" acceleration="12804"/>
    <motionState vehicle="4" speed="1087" time="800" acceleration="12767"/>
    <motionState vehicle="5" speed="1083" time="800" acceleration="12174"/>
    <motionState vehicle="6" speed="1016" time="800" acceleration="9796"/>
    <motionState vehicle="7" speed="1016" time="800" acceleration="9796"/>
    <motionState vehicle="8" speed="1016" time="800" acceleration="9800"/>
    <motionState vehicle="9" speed="1016" time="800" acceleration="9857"/>
    <motionState vehicle="10" speed="1023" time="800" acceleration="10391"/>
    <motionState vehicle="11" speed="1091" time="800" acceleration="13636"/>
    <motionState vehicle="0" speed="1100" time="810" acceleration="12689"/>
    <motionState vehicle="1" speed="1100" time="810" acceleration="12689"/>
    <motionState vehicle="2" speed="1100" time="810" acceleration="12689"/>
    <motionState vehicle="3" speed="1100" time="810" acceleration="12687"/>
    <motionState vehicle="4" speed="1100" time="810" acceleration="12645"/>
    <motionState vehicle="5" speed="1095" time="810" acceleration="12035"/>
    <motionState vehicle="6" speed="1025" time="810" acceleration="9707"/>
    <motionState vehicle="7" speed="1025" time="810" acceleration="9707"/>
    <motionState vehicle="8" speed="1025" time="810" acceleration="9712"/>
    <motionState vehicle="9" speed="1026" time="810" acceleration="9773"/>
    <motionState vehicle="10" speed="1034" time="810" acceleration="10333"/>
    <motionState vehicle="11" speed="1105" time="810" acceleration="13636"/>
    <motionState vehicle="0" speed="1113" time="820" acceleration="12573"/>
    <motionState vehicle="1" speed="1113" time="820" acceleration="12573"/>
    <motionState vehicle="2" speed="1113" time="820" acceleration="12573"/>
    <motionState vehicle="3" speed="1113" time="820" acceleration="12571"/>
    <motionState vehicle="4" speed="1113" time="820" acceleration="12524"/>
    <motionState vehicle="5" speed="1107" time="820" acceleration="11898"/>
    <motionState vehicle="6" speed="1035" time="820" acceleration="9618"/>
    <motionState vehicle="7" speed="1035" time="820" acceleration="9619"/>
    <motionState vehicle="8" speed="1035" time="820" acceleration="9624"/>
    <motionState vehicle="9" speed="1036" time="820" acceleration="9690"/>
    <motionState vehicle="10" speed="1044" time="820" acceleration="10275"/>
    <motionState vehicle="11" speed="1118" time="820" acceleration="13636"/>
    <motionState vehicle="0" speed="1125" time="830" acceleration="12459"/>
    <motionState vehicle="1" speed="1125" time="830" acceleration="12459"/>
    <motionState vehicle="2" speed="1125" time="830" acceleration="12459"/>
    <motionState vehicle="3" speed="1125" time="830" acceleration="12457"/>
    <motionState vehicle="4" speed="1125" time="830" acceleration="12404"/>
    <motionState vehicle="5" speed="1118" time="830" acceleration="11763"/>
    <motionState vehicle="6" speed="1044" time="830" acceleration="9531"/>
    <motionState vehicle="7" speed="1044" time="830" acceleration="9531"/>
    <motionState vehicle="8" speed="1045" time="830" acceleration="9537"/>
    <motionState vehicle="9" speed="1045" time="830" acceleration="9608"/>
    <motionState vehicle="10" speed="1054" time="830" acceleration="10219"/>
    <motionState vehicle="11" speed="1132" time="830" acceleration="13636"/>
    <motionState vehicle="0" speed="1138" time="840" acceleration="12346"/>
    <motionState vehicle="1" speed="1138" time="840" acceleration="12346"/>
    <motionState vehicle="2" speed="1138" time="840" acceleration="12346"/>
    <motionState vehicle="3" speed="1138" time="840" acceleration="12343"/>
    <motionState vehicle="4" speed="1137" time="840" acceleration="12285"/>
    <motionState vehicle="5" speed="1130" time="840" acceleration="11629"/>
    <motionState vehicle="6" speed="1054" time="840" acceleration="9444"/>
    <motionState vehicle="7" speed="1054" time="840" acceleration="9445"/>
    <motionState vehicle="8" speed="1054" time="840" acceleration="9451"/>
    <motionState vehicle="9" speed="1055" time="840" acceleration="9527"/>
    <motionState vehicle="10" speed="1064" time="840" acceleration="10164"/>
    <motionState vehicle="11" speed="1145" time="840" acceleration="13636"/>
    <motionState vehicle="0" speed="1150" time="850" acceleration="12233"/>
    <motionState vehicle="1" speed="1150" time="850" acceleration="12233"/>
    <motionState vehicle="2" speed="1150" time="850" acceleration="12233"/>
    <motionState vehicle="3" speed="1150" time="850" acceleration="12230"/>
    <motionState vehicle="4" speed="1149" time="850" acceleration="12167"/>
    <motionState vehicle="5" speed="1142" time="850" acceleration="11496"/>
    <motionState vehicle="6" speed="1063" time="850" acceleration="9359"/>
    <motionState vehicle="7" speed="1063" time="850" acceleration="9359"/>
    <motionState vehicle="8" speed="1063" time="850" acceleration="9366"/>
    <motionState vehicle="9" speed="1064" time="850" acceleration="9447"/>
    <motionState vehicle="10" speed="1074" time="850" acceleration="10111"/>
    <motionState vehicle="11" speed="1159" time="850" acceleration="13636"/>
    <motionState vehicle="0" speed="1162" time="860" acceleration="12122"/>
    <motionState vehicle="1" speed="1162" time="860" acceleration="12122"/>
    <motionState vehicle="2" speed="1162" time="860" acceleration="12122"/>
    <motionState vehicle="3" speed="1162" time="860" acceleration="12118"/>
    <motionState vehicle="4" speed="1162" time="860" acceleration="12049"/>
    <motionState vehicle="5" speed="1153" time="860" acceleration="11365"/>
    <motionState vehicle="6" speed="1073" time="860" acceleration="9273"/>
    <motionState vehicle="7" speed="1073" time="860" acceleration="9274"/>
    <motionState vehicle="8" speed="1073" time="860" acceleration="9282"/>
    <motionState vehicle="9" speed="1074" time="860" acceleration="9368"/>
    <motionState vehicle="10" speed="1085" time="860" acceleration="10059"/>
    <motionState vehicle="11" speed="1173" time="860" acceleration="13636"/>
    <motionState vehicle="0" speed="1174" time="870" acceleration="12012"/>
    <motionState vehicle="1" speed="1174" time="870" acceleration="12012"/>
    <motionState vehicle="2" speed="1174" time="870" acceleration="12012"/>
    <motionState vehicle="3" speed="1174" time="870" acceleration="12008"/>
    <motionState vehicle="4" speed="1173" time="870" acceleration="11933"/>
    <motionState vehicle="5" speed="1164" time="870" acceleration="11236"/>
    <motionState vehicle="6" speed="1082" time="870" acceleration="9189"/>
    <motionState vehicle="7" speed="1082" time="870" acceleration="9190"/>
    <motionState vehicle="8" speed="1082" time="870" acceleration="9198"/>
    <motionState vehicle="9" speed="1083" time="870" acceleration="9290"/>
    <motionState vehicle="10" speed="1095" time="870" acceleration="10008"/>
    <motionState vehicle="11" speed="1186" time="870" acceleration="13636"/>
    <motionState vehicle="0" speed="1186" time="880" acceleration="11903"/>
    <motionState vehicle="1" speed="1186" time="880" acceleration="11903"/>
    <motionState vehicle="2" speed="1186" time="880" acceleration="11903"/>
    <motionState vehicle="3" speed="1186" time="880" acceleration="11898"/>
    <motionState vehicle="4" speed="1185" time="880" acceleration="11817"/>
    <motionState vehicle="5" speed="1175" time="880" acceleration="11108"/>
    <motionState vehicle="6" speed="1091" time="880" acceleration="9106"/>
    <motionState vehicle="7" speed="1091" time="880" acceleration="9106"/>
    <motionState vehicle="8" speed="1091" time="880" acceleration="9116"/>
    <motionState vehicle="9" speed="1092" time="880" acceleration="9213"/>
    <motionState vehicle="10" speed="1104" time="880" acceleration="9958"/>
    <motionState vehicle="11" speed="1200" time="880" acceleration="13636"/>
    <motionState vehicle="0" speed="1198" time="890" acceleration="11795"/>
    <motionState vehicle="1" speed="1198" time="890" acceleration="11795"/>
    <motionState vehicle="2" speed="1198" time="890" acceleration="11794"/>
    <motionState vehicle="3" speed="1198" time="890" acceleration="11789"/>
    <motionState vehicle="4" speed="1197" time="890" acceleration="11702"/>
    <motionState vehicle="5" speed="1186" time="890" acceleration="10981"/>
    <motionState vehicle="6" speed="1100" time="890" acceleration="9023"/>
    <motionState vehicle="7" speed="1100" time="890" acceleration="9024"/>
    <motionState vehicle="8" speed="1100" time="890" acceleration="9034"/>
    <motionState vehicle="9" speed="1101" time="890" acceleration="9137"/>
    <motionState vehicle="10" speed="1114" time="890" acceleration="9910"/>
    <motionState vehicle="11" speed="1214" time="890" acceleration="13636"/>
    <motionState vehicle="0" speed="1209" time="900" acceleration="11687"/>
    <motionState vehicle="1" speed="1209" time="900" acceleration="11687"/>
    <motionState vehicle="2" speed="1209" time="900" acceleration="11687"/>
    <motionState vehicle="3" speed="1209" time="900" acceleration="11681"/>
    <motionState vehicle="4" speed="1209" time="900" acceleration="11589"/>
    <motionState vehicle="5" speed="1197" time="900" acceleration="10855"/>
    <motionState vehicle="6" speed="1109" time="900" acceleration="8941"/>
    <motionState vehicle="7" speed="1109" time="900" acceleration="8942"/>
    <motionState vehicle="8" speed="1109" time="900" acceleration="8953"/>
    <motionState vehicle="9" speed="1110" time="900" acceleration="9063"/>
    <motionState vehicle="10" speed="1124" time="900" acceleration="9862"/>
    <motionState vehicle="11" speed="1227" time="900" acceleration="13636"/>
    <motionState vehicle="0" speed="1221" time="910" acceleration="11581"/>
    <motionState vehicle="1" speed="1221" time="910" acceleration="11581"/>
    <motionState vehicle="2" speed="1221" time="910" acceleration="11581"/>
    <motionState vehicle="3" speed="1221" time="910" acceleration="11574"/>
    <motionState vehicle="4" speed="1220" time="910" acceleration="11476"/>
    <motionState vehicle="5" speed="1208" time="910" acceleration="10731"/>
    <motionState vehicle="6" speed="1118" time="910" acceleration="8860"/>
    <motionState vehicle="7" speed="1118" time="910" acceleration="8861"/>
    <motionState vehicle="8" speed="1118" time="910" acceleration="8872"/>
    <motionState vehicle="9" speed="1119" time="910" acceleration="8989"/>
    <motionState vehicle="10" speed="1134" time="910" acceleration="9817"/>
    <motionState vehicle="11" speed="1241" time="910" acceleration="13636"/>
    <motionState vehicle="0" speed="1232" time="920" acceleration="11476"/>
    <motionState vehicle="1" speed="1232" time="920" acceleration="11476"/>
    <motionState vehicle="2" speed="1232" time="920" acceleration="11475"/>
    <motionState vehicle="3" speed="1232" time="920" acceleration="11467"/>
    <motionState vehicle="4" speed="1231" time="920" acceleration="11363"/>
    <motionState vehicle="5" speed="1218" time="920" acceleration="10608"/>
    <motionState vehicle="6" speed="1126" time="920" acceleration="8779"/>
    <motionState vehicle="7" speed="1126" time="920" acceleration="8780"/>
    <motionState vehicle="8" speed="1127" time="920" acceleration="8793"/>
    <motionState vehicle="9" speed="1128" time="920" acceleration="8916"/>
    <motionState vehicle="10" speed="1144" time="920" acceleration="9772"/>
    <motionState vehicle="11" speed="1255" time="920" acceleration="13636"/>
    <motionState vehicle="0" speed="1244" time="930" acceleration="11371"/>
    <motionState vehicle="1" speed="1244" time="930" acceleration="11371"/>
    <motionState vehicle="2" speed="1244" time="930" acceleration="11371"/>
    <motionState vehicle="3" speed="1244" time="930" acceleration="11362"/>
    <motionState vehicle="4" speed="1243" time="930" acceleration="11252"/>
    <motionState vehicle="5" speed="1229" time="930" acceleration="10487"/>
    <motionState vehicle="6" speed="1135" time="930" acceleration="8699"/>
    <motionState vehicle="7" speed="1135" time="930" acceleration="8700"/>
    <motionState vehicle="8" speed="1135" time="930" acceleration="8714"/>
    <motionState vehicle="9" speed="1137" time="930" acceleration="8844"/>
    <motionState vehicle="10" speed="1154" time="930" acceleration="9728"/>
    <motionState vehicle="11" speed="1268" time="930" acceleration="13636"/>
    <motionState vehicle="0" speed="1255" time="940" acceleration="11268"/>
    <motionState vehicle="1" speed="1255" time="940" acceleration="11268"/>
    <motionState vehicle="2" speed="1255" time="940" acceleration="11268"/>
    <motionState vehicle="3" speed="1255" time="940" acceleration="11258"/>
    <motionState vehicle="4" speed="1254" time="940" acceleration="11141"/>
    <motionState vehicle="5" speed="1239" time="940" acceleration="10367"/>
    <motionState vehicle="6" speed="1144" time="940" acceleration="8620"/>
    <motionState vehicle="7" speed="1144" time="940" acceleration="8621"/>
    <motionState vehicle="8" speed="1144" time="940" acceleration="8636"/>
    <motionState vehicle="9" speed="1146" time="940" acceleration="8773"/>
    <motionState vehicle="10" speed="1163" time="940" acceleration="9686"/>
    <motionState vehicle="11" speed="1282" time="940" acceleration="13636"/>
    <motionState vehicle="0" speed="1266" time="950" acceleration="11166"/>
    <motionState vehicle="1" speed="1266" time="950" acceleration="11166"/>
    <motionState vehicle="2" speed="1266" time="950" acceleration="11165"/>
    <motionState vehicle="3" speed="1266" time="950" acceleration="11154"/>
    <motionState vehicle="4" speed="1265" time="950" acceleration="11032"/>
    <motionState vehicle="5" speed="1250" time="950" acceleration="10248"/>
    <motionState vehicle="6" speed="1152" time="950" acceleration="8542"/>
    <motionState vehicle="7" speed="1152" time="950" acceleration="8543"/>
    <motionState vehicle="8" speed="1152" time="950" acceleration="8559"/>
    <motionState vehicle="9" speed="1155" time="950" acceleration="8703"/>
    <motionState vehicle="10" speed="1173" time="950" acceleration="9644"/>
    <motionState vehicle="11" speed="1295" time="950" acceleration="13636"/>
    <motionState vehicle="0" speed="1277" time="960" acceleration="11064"/>
    <motionState vehicle="1" speed="1277" time="960" acceleration="11064"/>
    <motionState vehicle="2" speed="1277" time="960" acceleration="11063"/>
    <motionState vehicle="3" speed="1277" time="960" acceleration="11052"/>
    <motionState vehicle="4" speed="1276" time="960" acceleration="10923"/>
    <motionState vehicle="5" speed="1260" time="960" acceleration="10130"/>
    <motionState vehicle="6" speed="1161" time="960" acceleration="8464"/>
    <motionState vehicle="7" speed="1161" time="960" acceleration="8466"/>
    <motionState vehicle="8" speed="1161" time="960" acceleration="8483"/>
    <motionState vehicle="9" speed="1163" time="960" acceleration="8634"/>
    <motionState vehicle="10" speed="1183" time="960" acceleration="9604"/>
    <motionState vehicle="11" speed="1309" time="960" acceleration="13636"/>
    <motionState vehicle="0" speed="1288" time="970" acceleration="10964"/>
    <motionState vehicle="1" speed="1288" time="970" acceleration="10964"/>
    <motionState vehicle="2" speed="1288" time="970" acceleration="10963"/>
    <motionState vehicle="3" speed="1288" time="970" acceleration="10950"/>
    <motionState vehicle="4" speed="1287" time="970" acceleration="10815"/>
    <motionState vehicle="5" speed="1270" time="970" acceleration="10014"/>
    <motionState vehicle="6" speed="1169" time="970" acceleration="8387"/>
    <motionState vehicle="7" speed="1169" time="970" acceleration="8389"/>
    <motionState vehicle="8" speed="1169" time="970" acceleration="8408"/>
    <motionState vehicle="9" speed="1172" time="970" acceleration="8567"/>
    <motionState vehicle="10" speed="1192" time="970" acceleration="9565"/>
    <motionState vehicle="11" speed="1323" time="970" acceleration="13636"/>
    <motionState vehicle="0" speed="1299" time="980" acceleration="10864"/>
    <motionState vehicle="1" speed="1299" time="980" acceleration="10864"/>
    <motionState vehicle="2" speed="1299" time="980" acceleration="10863"/>
    <motionState vehicle="3" speed="1299" time="980" acceleration="10849"/>
    <motionState vehicle="4" speed="1297" time="980" acceleration="10708"/>
    <motionState vehicle="5" speed="1280" time="980" acceleration="9899"/>
    <motionState vehicle="6" speed="1177" time="980" acceleration="8311"/>
    <motionState vehicle="7" speed="1177" time="980" acceleration="8313"/>
    <motionState vehicle="8" speed="1178" time="980" acceleration="8333"/>
    <motionState vehicle="9" speed="1180" time="980" acceleration="8500"/>
    <motionState vehicle="10" speed="1202" time="980" acceleration="9527"/>
    <motionState vehicle="11" speed="1336" time="980" acceleration="13636"/>
    <motionState vehicle="0" speed="1310" time="990" acceleration="10765"/>
    <motionState vehicle="1" speed="1310" time="990" acceleration="10765"/>
    <motionState vehicle="2" speed="1310" time="990" acceleration="10764"/>
    <motionState vehicle="3" speed="1310" time="990" acceleration="10749"/>
    <motionState vehicle="4" speed="1308" time="990" acceleration="10602"/>
    <motionState vehicle="5" speed="1289" time="990" acceleration="9785"/>
    <motionState vehicle="6" speed="1186" time="990" acceleration="8235"/>
    <motionState vehicle="7" speed="1186" time="990" acceleration="8238"/>
    <motionState vehicle="8" speed="1186" time="990" acceleration="8259"/>
    <motionState vehicle="9" speed="1189" time="990" acceleration="8434"/>
    <motionState vehicle="10" speed="1211" time="990" acceleration="9490"/>
    <motionState vehicle="11" speed="1350" time="990" acceleration="13636"/>
    <motionState vehicle="0" speed="1321" time="1000" acceleration="10667"/>
    <motionState vehicle="1" speed="1321" time="1000" acceleration="10667"/>
    <motionState vehicle="2" speed="1321" time="1000" acceleration="10666"/>
    <motionState vehicle="3" speed="1320" time="1000" acceleration="10650"/>
    <motionState vehicle="4" speed="1318" time="1000" acceleration="10496"/>
    <motionState vehicle="5" speed="1299" time="1000" acceleration="9673"/>
    <motionState vehicle="6" speed="1194" time="1000" acceleration="8161"/>
    <motionState vehicle="7" speed="1194" time="1000" acceleration="8163"/>
    <motionState vehicle="8" speed="1194" time="1000" acceleration="8185"/>
    <motionState vehicle="9" speed="1197" time="1000" acceleration="8369"/>
    <motionState vehicle="10" speed="1221" time="1000" acceleration="9454"/>
    <motionState vehicle="11" speed="1364" time="1000" acceleration="13636"/>
    <motionState vehicle="0" speed="1334" time="1010" acceleration="13636"/>
    <motionState vehicle="1" speed="1334" time="1010" acceleration="13636"/>
    <motionState vehicle="2" speed="1331" time="1010" acceleration="10569"/>
    <motionState vehicle="3" speed="1334" time="1010" acceleration="13636"/>
    <motionState vehicle="4" speed="1332" time="1010" acceleration="13636"/>
    <motionState vehicle="5" speed="1309" time="1010" acceleration="9562"/>
    <motionState vehicle="6" speed="1202" time="1010" acceleration="8086"/>
    <motionState vehicle="7" speed="1202" time="1010" acceleration="8089"/>
    <motionState vehicle="8" speed="1202" time="1010" acceleration="8113"/>
    <motionState vehicle="9" speed="1205" time="1010" acceleration="8304"/>
    <motionState vehicle="10" speed="1230" time="1010" acceleration="9419"/>
    <motionState vehicle="11" speed="1377" time="1010" acceleration="13636"/>
    <motionState vehicle="0" speed="1348" time="1020" acceleration="13636"/>
    <motionState vehicle="1" speed="1348" time="1020" acceleration="13636"/>
    <motionState vehicle="2" speed="1342" time="1020" acceleration="10501"/>
    <motionState vehicle="3" speed="1348" time="1020" acceleration="13636"/>
    <motionState vehicle="4" speed="1346" time="1020" acceleration="13636"/>
    <motionState vehicle="5" speed="1318" time="1020" acceleration="9452"/>
    <motionState vehicle="6" speed="1210" time="1020" acceleration="8013"/>
    <motionState vehicle="7" speed="1210" time="1020" acceleration="8016"/>
    <motionState vehicle="8" speed="1210" time="1020" acceleration="8041"/>
    <motionState vehicle="9" speed="1214" time="1020" acceleration="8241"/>
    <motionState vehicle="10" speed="1239" time="1020" acceleration="9385"/>
    <motionState vehicle="11" speed="1391" time="1020" acceleration="13636"/>
    <motionState vehicle="0" speed="1362" time="1030" acceleration="13636"/>
    <motionState vehicle="1" speed="1362" time="1030" acceleration="13636"/>
    <motionState vehicle="2" speed="1352" time="1030" acceleration="10435"/>
    <motionState vehicle="3" speed="1361" time="1030" acceleration="13636"/>
    <motionState vehicle="4" speed="1359" time="1030" acceleration="13636"/>
    <motionState vehicle="5" speed="1327" time="1030" acceleration="9343"/>
    <motionState vehicle="6" speed="1218" time="1030" acceleration="7940"/>
    <motionState vehicle="7" speed="1218" time="1030" acceleration="7943"/>
    <motionState vehicle="8" speed="1218" time="1030" acceleration="7970"/>
    <motionState vehicle="9" speed="1222" time="1030" acceleration="8179"/>
    <motionState vehicle="10" speed="1249" time="1030" acceleration="9352"/>
    <motionState vehicle="11" speed="1405" time="1030" acceleration="13636"/>
    <motionState vehicle="0" speed="1375" time="1040" acceleration="13636"/>
    <motionState vehicle="1" speed="1375" time="1040" acceleration="13636"/>
    <motionState vehicle="2" speed="1362" time="1040" acceleration="10370"/>
    <motionState vehicle="3" speed="1375" time="1040" acceleration="13636"/>
    <motionState vehicle="4" speed="1373" time="1040" acceleration="13636"/>
    <motionState vehicle="5" speed="1337" time="1040" acceleration="9235"/>
    <motionState vehicle="6" speed="1226" time="1040" acceleration="7868"/>
    <motionState vehicle="7" speed="1226" time="1040" acceleration="7871"/>
    <motionState vehicle="8" speed="1226" time="1040" acceleration="7900"/>
    <motionState vehicle="9" speed="1230" time="1040" acceleration="8118"/>
    <motionState vehicle="10" speed="1258" time="1040" acceleration="9320"/>
    <motionState vehicle="11" speed="1418" time="1040" acceleration="13636"/>
    <motionState vehicle="0" speed="1389" time="1050" acceleration="13636"/>
    <motionState vehicle="1" speed="1389" time="1050" acceleration="13636"/>
    <motionState vehicle="2" speed="1373" time="1050" acceleration="10306"/>
    <motionState vehicle="3" speed="1389" time="1050" acceleration="13636"/>
    <motionState vehicle="4" speed="1387" time="1050" acceleration="13636"/>
    <motionState vehicle="5" speed="1346" time="1050" acceleration="9129"/>
    <motionState vehicle="6" speed="1234" time="1050" acceleration="7797"/>
    <motionState vehicle="7" speed="1234" time="1050" acceleration="7800"/>
    <motionState vehicle="8" speed="1234" time="1050" acceleration="7831"/>
    <motionState vehicle="9" speed="1238" time="1050" acceleration="8058"/>
    <motionState vehicle="10" speed="1267" time="1050" acceleration="9289"/>
    <motionState vehicle="11" speed="1432" time="1050" acceleration="13636"/>
    <motionState vehicle="0" speed="1402" time="1060" acceleration="13636"/>
    <motionState vehicle="1" speed="1402" time="1060" acceleration="13636"/>
    <motionState vehicle="2" speed="1383" time="1060" acceleration="10244"/>
    <motionState vehicle="3" speed="1402" time="1060" acceleration="13636"/>
    <motionState vehicle="4" speed="1400" time="1060" acceleration="13636"/>
    <motionState vehicle="5" speed="1355" time="1060" acceleration="9023"/>
    <motionState vehicle="6" speed="1241" time="1060" acceleration="7726"/>
    <motionState vehicle="7" speed="1241" time="1060" acceleration="7729"/>
    <motionState vehicle="8" speed="1242" time="1060" acceleration="7762"/>
    <motionState vehicle="9" speed="1246" time="1060" acceleration="7998"/>
    <motionState vehicle="10" speed="1277" time="1060" acceleration="9259"/>
    <motionState vehicle="11" speed="1445" time="1060" acceleration="13636"/>
    <motionState vehicle="0" speed="1416" time="1070" acceleration="13636"/>
    <motionState vehicle="1" speed="1416" time="1070" acceleration="13636"/>
    <motionState vehicle="2" speed="1393" time="1070" acceleration="10184"/>
    <motionState vehicle="3" speed="1416" time="1070" acceleration="13636"/>
    <motionState vehicle="4" speed="1414" time="1070" acceleration="13636"/>
    <motionState vehicle="5" speed="1364" time="1070" acceleration="8919"/>
    <motionState vehicle="6" speed="1249" time="1070" acceleration="7655"/>
    <motionState vehicle="7" speed="1249" time="1070" acceleration="7659"/>
    <motionState vehicle="8" speed="1249" time="1070" acceleration="7694"/>
    <motionState vehicle="9" speed="1254" time="1070" acceleration="7940"/>
    <motionState vehicle="10" speed="1286" time="1070" acceleration="9230"/>
    <motionState vehicle="11" speed="1459" time="1070" acceleration="13636"/>
    <motionState vehicle="0" speed="1430" time="1080" acceleration="13636"/>
    <motionState vehicle="1" speed="1430" time="1080" acceleration="13636"/>
    <motionState vehicle="2" speed="1403" time="1080" acceleration="10125"/>
    <motionState vehicle="3" speed="1430" time="1080" acceleration="13636"/>
    <motionState vehicle="4" speed="1427" time="1080" acceleration="13636"/>
    <motionState vehicle="5" speed="1373" time="1080" acceleration="8816"/>
    <motionState vehicle="6" speed="1257" time="1080" acceleration="7586"/>
    <motionState vehicle="7" speed="1257" time="1080" acceleration="7590"/>
    <motionState vehicle="8" speed="1257" time="1080" acceleration="7626"/>
    <motionState vehicle="9" speed="1262" time="1080" acceleration="7882"/>
    <motionState vehicle="10" speed="1295" time="1080" acceleration="9202"/>
    <motionState vehicle="11" speed="1473" time="1080" acceleration="13636"/>
    <motionState vehicle="0" speed="1443" time="1090" acceleration="13636"/>
    <motionState vehicle="1" speed="1443" time="1090" acceleration="13636"/>
    <motionState vehicle="2" speed="1413" time="1090" acceleration="10067"/>
    <motionState vehicle="3" speed="1443" time="1090" acceleration="13636"/>
    <motionState vehicle="4" speed="1441" time="1090" acceleration="13636"/>
    <motionState vehicle="5" speed="1381" time="1090" acceleration="8714"/>
    <motionState vehicle="6" speed="1264" time="1090" acceleration="7517"/>
    <motionState vehicle="7" speed="1264" time="1090" acceleration="7521"/>
    <motionState vehicle="8" speed="1265" time="1090" acceleration="7560"/>
    <motionState vehicle="9" speed="1270" time="1090" acceleration="7826"/>
    <motionState vehicle="10" speed="1304" time="1090" acceleration="9175"/>
    <motionState vehicle="11" speed="1486" time="1090" acceleration="13636"/>
    <motionState vehicle="0" speed="1457" time="1100" acceleration="13636"/>
    <motionState vehicle="1" speed="1457" time="1100" acceleration="13636"/>
    <motionState vehicle="2" speed="1423" time="1100" acceleration="10010"/>
    <motionState vehicle="3" speed="1457" time="1100" acceleration="13636"/>
    <motionState vehicle="4" speed="1455" time="1100" acceleration="13636"/>
    <motionState vehicle="5" speed="1390" time="1100" acceleration="8614"/>
    <motionState vehicle="6" speed="1271" time="1100" acceleration="7449"/>
    <motionState vehicle="7" speed="1272" time="1100" acceleration="7453"/>
    <motionState vehicle="8" speed="1272" time="1100" acceleration="7494"/>
    <motionState vehicle="9" speed="1277" time="1100" acceleration="7770"/>
    <motionState vehicle="10" speed="1313" time="1100" acceleration="9149"/>
    <motionState vehicle="11" speed="1500" time="1100" acceleration="13636"/>
    <motionState vehicle="0" speed="1471" time="1110" acceleration="13636"/>
    <motionState vehicle="1" speed="1471" time="1110" acceleration="13636"/>
    <motionState vehicle="2" speed="1433" time="1110" acceleration="9955"/>
    <motionState vehicle="3" speed="1470" time="1110" acceleration="13636"/>
    <motionState vehicle="4" speed="1468" time="1110" acceleration="13636"/>
    <motionState vehicle="5" speed="1398" time="1110" acceleration="8514"/>
    <motionState vehicle="6" speed="1279" time="1110" acceleration="7381"/>
    <motionState vehicle="7" speed="1279" time="1110" acceleration="7386"/>
    <motionState vehicle="8" speed="1280" time="1110" acceleration="7429"/>
    <motionState vehicle="9" speed="1285" time="1110" acceleration="7715"/>
    <motionState vehicle="10" speed="1322" time="1110" acceleration="9123"/>
    <motionState vehicle="11" speed="1514" time="1110" acceleration="13636"/>
    <motionState vehicle="0" speed="1484" time="1120" acceleration="13636"/>
    <motionState vehicle="1" speed="1484" time="1120" acceleration="13636"/>
    <motionState vehicle="2" speed="1443" time="1120" acceleration="9902"/>
    <motionState vehicle="3" speed="1484" time="1120" acceleration="13636"/>
    <motionState vehicle="4" speed="1482" time="1120" acceleration="13636"/>
    <motionState vehicle="5" speed="1407" time="1120" acceleration="8415"/>
    <motionState vehicle="6" speed="1286" time="1120" acceleration="7314"/>
    <motionState vehicle="7" speed="1286" time="1120" acceleration="7319"/>
    <motionState vehicle="8" speed="1287" time="1120" acceleration="7364"/>
    <motionState vehicle="9" speed="1293" time="1120" acceleration="7661"/>
    <motionState vehicle="10" speed="1332" time="1120" acceleration="9099"/>
    <motionState vehicle="11" speed="1527" time="1120" acceleration="13636"/>
    <motionState vehicle="0" speed="1498" time="1130" acceleration="13636"/>
    <motionState vehicle="1" speed="1498" time="1130" acceleration="13636"/>
    <motionState vehicle="2" speed="1453" time="1130" acceleration="9849"/>
    <motionState vehicle="3" speed="1498" time="1130" acceleration="13636"/>
    <motionState vehicle="4" speed="1496" time="1130" acceleration="13636"/>
    <motionState vehicle="5" speed="1415" time="1130" acceleration="8318"/>
    <motionState vehicle="6" speed="1293" time="1130" acceleration="7248"/>
    <motionState vehicle="7" speed="1293" time="1130" acceleration="7253"/>
    <motionState vehicle="8" speed="1294" time="1130" acceleration="7301"/>
    <motionState vehicle="9" speed="1300" time="1130" acceleration="7608"/>
    <motionState vehicle="10" speed="1341" time="1130" acceleration="9075"/>
    <motionState vehicle="11" speed="1541" time="1130" acceleration="13636"/>
    <motionState vehicle="0" speed="1512" time="1140" acceleration="13636"/>
    <motionState vehicle="1" speed="1512" time="1140" acceleration="13636"/>
    <motionState vehicle="2" speed="1463" time="1140" acceleration="9798"/>
    <motionState vehicle="3" speed="1511" time="1140" acceleration="13636"/>
    <motionState vehicle="4" speed="1509" time="1140" acceleration="13636"/>
    <motionState vehicle="5" speed="1423" time="1140" acceleration="8222"/>
    <motionState vehicle="6" speed="1301" time="1140" acceleration="7182"/>
    <motionState vehicle="7" speed="1301" time="1140" acceleration="7188"/>
    <motionState vehicle="8" speed="1301" time="1140" acceleration="7238"/>
    <motionState vehicle="9" speed="1308" time="1140" acceleration="7556"/>
    <motionState vehicle="10" speed="1350" time="1140" acceleration="9052"/>
    <motionState vehicle="11" speed="1554" time="1140" acceleration="13542"/>
    <motionState vehicle="0" speed="1525" time="1150" acceleration="13636"/>
    <motionState vehicle="1" speed="1525" time="1150" acceleration="13636"/>
    <motionState vehicle="2" speed="1473" time="1150" acceleration="9749"/>
    <motionState vehicle="3" speed="1525" time="1150" acceleration="13636"/>
    <motionState vehicle="4" speed="1523" time="1150" acceleration="13636"/>
    <motionState vehicle="5" speed="1431" time="1150" acceleration="8126"/>
    <motionState vehicle="6" speed="1308" time="1150" acceleration="7116"/>
    <motionState vehicle="7" speed="1308" time="1150" acceleration="7123"/>
    <motionState vehicle="8" speed="1309" time="1150" acceleration="7175"/>
    <motionState vehicle="9" speed="1315" time="1150" acceleration="7505"/>
    <motionState vehicle="10" speed="1359" time="1150" acceleration="9029"/>
    <motionState vehicle="11" speed="1568" time="1150" acceleration="13415"/>
    <motionState vehicle="0" speed="1539" time="1160" acceleration="13636"/>
    <motionState vehicle="1" speed="1539" time="1160" acceleration="13636"/>
    <motionState vehicle="2" speed="1482" time="1160" acceleration="9700"/>
    <motionState vehicle="3" speed="1539" time="1160" acceleration="13636"/>
    <motionState vehicle="4" speed="1537" time="1160" acceleration="13636"/>
    <motionState vehicle="5" speed="1440" time="1160" acceleration="8032"/>
    <motionState vehicle="6" speed="1315" time="1160" acceleration="7052"/>
    <motionState vehicle="7" speed="1315" time="1160" acceleration="7059"/>
    <motionState vehicle="8" speed="1316" time="1160" acceleration="7114"/>
    <motionState vehicle="9" speed="1323" time="1160" acceleration="7454"/>
    <motionState vehicle="10" speed="1368" time="1160" acceleration="9006"/>
    <motionState vehicle="11" speed="1581" time="1160" acceleration="13292"/>
    <motionState vehicle="0" speed="1552" time="1170" acceleration="13636"/>
    <motionState vehicle="1" speed="1552" time="1170" acceleration="13636"/>
    <motionState vehicle="2" speed="1492" time="1170" acceleration="9653"/>
    <motionState vehicle="3" speed="1552" time="1170" acceleration="13636"/>
    <motionState vehicle="4" speed="1550" time="1170" acceleration="13636"/>
    <motionState vehicle="5" speed="1447" time="1170" acceleration="7939"/>
    <motionState vehicle="6" speed="1322" time="1170" acceleration="6988"/>
    <motionState vehicle="7" speed="1322" time="1170" acceleration="6995"/>
    <motionState vehicle="8" speed="1323" time="1170" acceleration="7053"/>
    <motionState vehicle="9" speed="1330" time="1170" acceleration="7405"/>
    <motionState vehicle="10" speed="1377" time="1170" acceleration="8983"/>
    <motionState vehicle="11" speed="1594" time="1170" acceleration="13170"/>
    <motionState vehicle="0" speed="1566" time="1180" acceleration="13636"/>
    <motionState vehicle="1" speed="1566" time="1180" acceleration="13636"/>
    <motionState vehicle="2" speed="1502" time="1180" acceleration="9607"/>
    <motionState vehicle="3" speed="1566" time="1180" acceleration="13636"/>
    <motionState vehicle="4" speed="1564" time="1180" acceleration="13636"/>
    <motionState vehicle="5" speed="1455" time="1180" acceleration="7846"/>
    <motionState vehicle="6" speed="1329" time="1180" acceleration="6924"/>
    <motionState vehicle="7" speed="1329" time="1180" acceleration="6932"/>
    <motionState vehicle="8" speed="1330" time="1180" acceleration="6993"/>
    <motionState vehicle="9" speed="1338" time="1180" acceleration="7356"/>
    <motionState vehicle="10" speed="1386" time="1180" acceleration="8959"/>
    <motionState vehicle="11" speed="1607" time="1180" acceleration="13051"/>
    <motionState vehicle="0" speed="1580" time="1190" acceleration="13636"/>
    <motionState vehicle="1" speed="1580" time="1190" acceleration="13636"/>
    <motionState vehicle="2" speed="1511" time="1190" acceleration="9562"/>
    <motionState vehicle="3" speed="1580" time="1190" acceleration="13636"/>
    <motionState vehicle="4" speed="1577" time="1190" acceleration="13636"/>
    <motionState vehicle="5" speed="1463" time="1190" acceleration="7755"/>
    <motionState vehicle="6" speed="1336" time="1190" acceleration="6862"/>
    <motionState vehicle="7" speed="1336" time="1190" acceleration="6870"/>
    <motionState vehicle="8" speed="1337" time="1190" acceleration="6933"/>
    <motionState vehicle="9" speed="1345" time="1190" acceleration="7308"/>
    <motionState vehicle="10" speed="1395" time="1190" acceleration="8935"/>
    <motionState vehicle="11" speed="1620" time="1190" acceleration="12934"/>
    <motionState vehicle="0" speed="1593" time="1200" acceleration="13636"/>
    <motionState vehicle="1" speed="1593" time="1200" acceleration="13636"/>
    <motionState vehicle="2" speed="1521" time="1200" acceleration="9518"/>
    <motionState vehicle="3" speed="1593" time="1200" acceleration="13636"/>
    <motionState vehicle="4" speed="1591" time="1200" acceleration="13636"/>
    <motionState vehicle="5" speed="1471" time="1200" acceleration="7665"/>
    <motionState vehicle="6" speed="1342" time="1200" acceleration="6799"/>
    <motionState vehicle="7" speed="1342" time="1200" acceleration="6808"/>
    <motionState vehicle="8" speed="1344" time="1200" acceleration="6874"/>
    <motionState vehicle="9" speed="1352" time="1200" acceleration="7261"/>
    <motionState vehicle="10" speed="1404" time="1200" acceleration="8910"/>
    <motionState vehicle="11" speed="1633" time="1200" acceleration="12819"/>
    <motionState vehicle="0" speed="1607" time="1210" acceleration="13636"/>
    <motionState vehicle="1" speed="1607" time="1210" acceleration="13636"/>
    <motionState vehicle="2" speed="1530" time="1210" acceleration="9476"/>
    <motionState vehicle="3" speed="1607" time="1210" acceleration="13636"/>
    <motionState vehicle="4" speed="1605" time="1210" acceleration="13636"/>
    <motionState vehicle="5" speed="1478" time="1210" acceleration="7576"/>
    <motionState vehicle="6" speed="1349" time="1210" acceleration="6737"/>
    <motionState vehicle="7" speed="1349" time="1210" acceleration="6747"/>
    <motionState vehicle="8" speed="1350" time="1210" acceleration="6816"/>
    <motionState vehicle="9" speed="1359" time="1210" acceleration="7214"/>
    <motionState vehicle="10" speed="1412" time="1210" acceleration="8886"/>
    <motionState vehicle="11" speed="1646" time="1210" acceleration="12706"/>
    <motionState vehicle="0" speed="1621" time="1220" acceleration="13636"/>
    <motionState vehicle="1" speed="1621" time="1220" acceleration="13636"/>
    <motionState vehicle="2" speed="1540" time="1220" acceleration="9434"/>
    <motionState vehicle="3" speed="1620" time="1220" acceleration="13636"/>
    <motionState vehicle="4" speed="1618" time="1220" acceleration="13636"/>
    <motionState vehicle="5" speed="1486" time="1220" acceleration="7487"/>
    <motionState vehicle="6" speed="1356" time="1220" acceleration="6676"/>
    <motionState vehicle="7" speed="1356" time="1220" acceleration="6686"/>
    <motionState vehicle="8" speed="1357" time="1220" acceleration="6758"/>
    <motionState vehicle="9" speed="1367" time="1220" acceleration="7169"/>
    <motionState vehicle="10" speed="1421" time="1220" acceleration="8861"/>
    <motionState vehicle="11" speed="1658" time="1220" acceleration="12595"/>
    <motionState vehicle="0" speed="1634" time="1230" acceleration="13636"/>
    <motionState vehicle="1" speed="1634" time="1230" acceleration="13636"/>
    <motionState vehicle="2" speed="1549" time="1230" acceleration="9394"/>
    <motionState vehicle="3" speed="1634" time="1230" acceleration="13636"/>
    <motionState vehicle="4" speed="1632" time="1230" acceleration="13636"/>
    <motionState vehicle="5" speed="1493" time="1230" acceleration="7400"/>
    <motionState vehicle="6" speed="1362" time="1230" acceleration="6616"/>
    <motionState vehicle="7" speed="1363" time="1230" acceleration="6626"/>
    <motionState vehicle="8" speed="1364" time="1230" acceleration="6702"/>
    <motionState vehicle="9" speed="1374" time="1230" acceleration="7124"/>
    <motionState vehicle="10" speed="1430" time="1230" acceleration="8836"/>
    <motionState vehicle="11" speed="1671" time="1230" acceleration="12487"/>
    <motionState vehicle="0" speed="1648" time="1240" acceleration="13636"/>
    <motionState vehicle="1" speed="1648" time="1240" acceleration="13636"/>
    <motionState vehicle="2" speed="1558" time="1240" acceleration="9355"/>
    <motionState vehicle="3" speed="1648" time="1240" acceleration="13636"/>
    <motionState vehicle="4" speed="1646" time="1240" acceleration="13636"/>
    <motionState vehicle="5" speed="1500" time="1240" acceleration="7314"/>
    <motionState vehicle="6" speed="1369" time="1240" acceleration="6556"/>
    <motionState vehicle="7" speed="1369" time="1240" acceleration="6567"/>
    <motionState vehicle="8" speed="1371" time="1240" acceleration="6645"/>
    <motionState vehicle="9" speed="1381" time="1240" acceleration="7080"/>
    <motionState vehicle="10" speed="1439" time="1240" acceleration="8811"/>
    <motionState vehicle="11" speed="1683" time="1240" acceleration="12381"/>
    <motionState vehicle="0" speed="1662" time="1250" acceleration="13636"/>
    <motionState vehicle="1" speed="1662" time="1250" acceleration="13636"/>
    <motionState vehicle="2" speed="1568" time="1250" acceleration="9317"/>
    <motionState vehicle="3" speed="1661" time="1250" acceleration="13636"/>
    <motionState vehicle="4" speed="1659" time="1250" acceleration="13636"/>
    <motionState vehicle="5" speed="1508" time="1250" acceleration="7229"/>
    <motionState vehicle="6" speed="1375" time="1250" acceleration="6496"/>
    <motionState vehicle="7" speed="1376" time="1250" acceleration="6508"/>
    <motionState vehicle="8" speed="1377" time="1250" acceleration="6590"/>
    <motionState vehicle="9" speed="1388" time="1250" acceleration="7037"/>
    <motionState vehicle="10" speed="1448" time="1250" acceleration="8785"/>
    <motionState vehicle="11" speed="1696" time="1250" acceleration="12276"/>
    <motionState vehicle="0" speed="1675" time="1260" acceleration="13636"/>
    <motionState vehicle="1" speed="1675" time="1260" acceleration="13636"/>
    <motionState vehicle="2" speed="1577" time="1260" acceleration="9280"/>
    <motionState vehicle="3" speed="1675" time="1260" acceleration="13636"/>
    <motionState vehicle="4" speed="1673" time="1260" acceleration="13636"/>
    <motionState vehicle="5" speed="1515" time="1260" acceleration="7144"/>
    <motionState vehicle="6" speed="1382" time="1260" acceleration="6437"/>
    <motionState vehicle="7" speed="1382" time="1260" acceleration="6450"/>
    <motionState vehicle="8" speed="1384" time="1260" acceleration="6535"/>
    <motionState vehicle="9" speed="1395" time="1260" acceleration="6994"/>
    <motionState vehicle="10" speed="1456" time="1260" acceleration="8760"/>
    <motionState vehicle="11" speed="1708" time="1260" acceleration="12174"/>
    <motionState vehicle="0" speed="1689" time="1270" acceleration="13636"/>
    <motionState vehicle="1" speed="1689" time="1270" acceleration="13636"/>
    <motionState vehicle="2" speed="1586" time="1270" acceleration="9244"/>
    <motionState vehicle="3" speed="1689" time="1270" acceleration="13636"/>
    <motionState vehicle="4" speed="1687" time="1270" acceleration="13636"/>
    <motionState vehicle="5" speed="1522" time="1270" acceleration="7061"/>
    <motionState vehicle="6" speed="1388" time="1270" acceleration="6379"/>
    <motionState vehicle="7" speed="1388" time="1270" acceleration="6392"/>
    <motionState vehicle="8" speed="1390" time="1270" acceleration="6481"/>
    <motionState vehicle="9" speed="1402" time="1270" acceleration="6952"/>
    <motionState vehicle="10" speed="1465" time="1270" acceleration="8734"/>
    <motionState vehicle="11" speed="1720" time="1270" acceleration="12074"/>
    <motionState vehicle="0" speed="1702" time="1280" acceleration="13636"/>
    <motionState vehicle="1" speed="1702" time="1280" acceleration="13636"/>
    <motionState vehicle="2" speed="1595" time="1280" acceleration="9209"/>
    <motionState vehicle="3" speed="1702" time="1280" acceleration="13636"/>
    <motionState vehicle="4" speed="1700" time="1280" acceleration="13636"/>
    <motionState vehicle="5" speed="1529" time="1280" acceleration="6978"/>
    <motionState vehicle="6" speed="1395" time="1280" acceleration="6321"/>
    <motionState vehicle="7" speed="1395" time="1280" acceleration="6335"/>
    <motionState vehicle="8" speed="1397" time="1280" acceleration="6427"/>
    <motionState vehicle="9" speed="1409" time="1280" acceleration="6911"/>
    <motionState vehicle="10" speed="1474" time="1280" acceleration="8708"/>
    <motionState vehicle="11" speed="1732" time="1280" acceleration="11975"/>
    <motionState vehicle="0" speed="1716" time="1290" acceleration="13636"/>
    <motionState vehicle="1" speed="1716" time="1290" acceleration="13636"/>
    <motionState vehicle="2" speed="1605" time="1290" acceleration="9176"/>
    <motionState vehicle="3" speed="1716" time="1290" acceleration="13636"/>
    <motionState vehicle="4" speed="1714" time="1290" acceleration="13636"/>
    <motionState vehicle="5" speed="1536" time="1290" acceleration="6897"/>
    <motionState vehicle="6" speed="1401" time="1290" acceleration="6264"/>
    <motionState vehicle="7" speed="1401" time="1290" acceleration="6278"/>
    <motionState vehicle="8" speed="1403" time="1290" acceleration="6374"/>
    <motionState vehicle="9" speed="1416" time="1290" acceleration="6870"/>
    <motionState vehicle="10" speed="1483" time="1290" acceleration="8682"/>
    <motionState vehicle="11" speed="1744" time="1290" acceleration="11879"/>
    <motionState vehicle="0" speed="1730" time="1300" acceleration="13636"/>
    <motionState vehicle="1" speed="1730" time="1300" acceleration="13636"/>
    <motionState vehicle="2" speed="1614" time="1300" acceleration="9143"/>
    <motionState vehicle="3" speed="1730" time="1300" acceleration="13636"/>
    <motionState vehicle="4" speed="1727" time="1300" acceleration="13636"/>
    <motionState vehicle="5" speed="1543" time="1300" acceleration="6816"/>
    <motionState vehicle="6" speed="1407" time="1300" acceleration="6207"/>
    <motionState vehicle="7" speed="1407" time="1300" acceleration="6222"/>
    <motionState vehicle="8" speed="1409" time="1300" acceleration="6322"/>
    <motionState vehicle="9" speed="1422" time="1300" acceleration="6830"/>
    <motionState vehicle="10" speed="1491" time="1300" acceleration="8656"/>
    <motionState vehicle="11" speed="1755" time="1300" acceleration="11784"/>
    <motionState vehicle="0" speed="1743" time="1310" acceleration="13636"/>
    <motionState vehicle="1" speed="1743" time="1310" acceleration="13636"/>
    <motionState vehicle="2" speed="1623" time="1310" acceleration="9111"/>
    <motionState vehicle="3" speed="1743" time="1310" acceleration="13636"/>
    <motionState vehicle="4" speed="1741" time="1310" acceleration="13636"/>
    <motionState vehicle="5" speed="1549" time="1310" acceleration="6736"/>
    <motionState vehicle="6" speed="1413" time="1310" acceleration="6151"/>
    <motionState vehicle="7" speed="1413" time="1310" acceleration="6167"/>
    <motionState vehicle="8" speed="1416" time="1310" acceleration="6270"/>
    <motionState vehicle="9" speed="1429" time="1310" acceleration="6791"/>
    <motionState vehicle="10" speed="1500" time="1310" acceleration="8630"/>
    <motionState vehicle="11" speed="1767" time="1310" acceleration="11692"/>
    <motionState vehicle="0" speed="1757" time="1320" acceleration="13636"/>
    <motionState vehicle="1" speed="1757" time="1320" acceleration="13636"/>
    <motionState vehicle="2" speed="1632" time="1320" acceleration="9080"/>
    <motionState vehicle="3" speed="1757" time="1320" acceleration="13636"/>
    <motionState vehicle="4" speed="1755" time="1320" acceleration="13636"/>
    <motionState vehicle="5" speed="1556" time="1320" acceleration="6657"/>
    <motionState vehicle="6" speed="1419" time="1320" acceleration="6095"/>
    <motionState vehicle="7" speed="1420" time="1320" acceleration="6112"/>
    <motionState vehicle="8" speed="1422" time="1320" acceleration="6219"/>
    <motionState vehicle="9" speed="1436" time="1320" acceleration="6753"/>
    <motionState vehicle="10" speed="1508" time="1320" acceleration="8603"/>
    <motionState vehicle="11" speed="1779" time="1320" acceleration="11601"/>
    <motionState vehicle="0" speed="1771" time="1330" acceleration="13636"/>
    <motionState vehicle="1" speed="1771" time="1330" acceleration="13636"/>
    <motionState vehicle="2" speed="1641" time="1330" acceleration="9051"/>
    <motionState vehicle="3" speed="1770" time="1330" acceleration="13636"/>
    <motionState vehicle="4" speed="1768" time="1330" acceleration="13636"/>
    <motionState vehicle="5" speed="1563" time="1330" acceleration="6579"/>
    <motionState vehicle="6" speed="1425" time="1330" acceleration="6040"/>
    <motionState vehicle="7" speed="1426" time="1330" acceleration="6057"/>
    <motionState vehicle="8" speed="1428" time="1330" acceleration="6169"/>
    <motionState vehicle="9" speed="1443" time="1330" acceleration="6715"/>
    <motionState vehicle="10" speed="1517" time="1330" acceleration="8577"/>
    <motionState vehicle="11" speed="1790" time="1330" acceleration="11512"/>
    <motionState vehicle="0" speed="1784" time="1340" acceleration="13636"/>
    <motionState vehicle="1" speed="1784" time="1340" acceleration="13636"/>
    <motionState vehicle="2" speed="1650" time="1340" acceleration="9022"/>
    <motionState vehicle="3" speed="1784" time="1340" acceleration="13636"/>
    <motionState vehicle="4" speed="1782" time="1340" acceleration="13636"/>
    <motionState vehicle="5" speed="1569" time="1340" acceleration="6502"/>
    <motionState vehicle="6" speed="1431" time="1340" acceleration="5985"/>
    <motionState vehicle="7" speed="1432" time="1340" acceleration="6004"/>
    <motionState vehicle="8" speed="1434" time="1340" acceleration="6119"/>
    <motionState vehicle="9" speed="1449" time="1340" acceleration="6677"/>
    <motionState vehicle="10" speed="1526" time="1340" acceleration="8551"/>
    <motionState vehicle="11" speed="1802" time="1340" acceleration="11425"/>
    <motionState vehicle="0" speed="1798" time="1350" acceleration="13636"/>
    <motionState vehicle="1" speed="1798" time="1350" acceleration="13636"/>
    <motionState vehicle="2" speed="1659" time="1350" acceleration="8994"/>
    <motionState vehicle="3" speed="1798" time="1350" acceleration="13636"/>
    <motionState vehicle="4" speed="1796" time="1350" acceleration="13636"/>
    <motionState vehicle="5" speed="1576" time="1350" acceleration="6425"/>
    <motionState vehicle="6" speed="1437" time="1350" acceleration="5931"/>
    <motionState vehicle="7" speed="1438" time="1350" acceleration="5950"/>
    <motionState vehicle="8" speed="1440" time="1350" acceleration="6070"/>
    <motionState vehicle="9" speed="1456" time="1350" acceleration="6641"/>
    <motionState vehicle="10" speed="1534" time="1350" acceleration="8524"/>
    <motionState vehicle="11" speed="1813" time="1350" acceleration="11339"/>
    <motionState vehicle="0" speed="1812" time="1360" acceleration="13636"/>
    <motionState vehicle="1" speed="1812" time="1360" acceleration="13636"/>
    <motionState vehicle="2" speed="1668" time="1360" acceleration="8967"/>
    <motionState vehicle="3" speed="1811" time="1360" acceleration="13636"/>
    <motionState vehicle="4" speed="1809" time="1360" acceleration="13636"/>
    <motionState vehicle="5" speed="1582" time="1360" acceleration="6350"/>
    <motionState vehicle="6" speed="1443" time="1360" acceleration="5877"/>
    <motionState vehicle="7" speed="1443" time="1360" acceleration="5898"/>
    <motionState vehicle="8" speed="1446" time="1360" acceleration="6021"/>
    <motionState vehicle="9" speed="1463" time="1360" acceleration="6604"/>
    <motionState vehicle="10" speed="1543" time="1360" acceleration="8497"/>
    <motionState vehicle="11" speed="1824" time="1360" acceleration="11256"/>
    <motionState vehicle="0" speed="1825" time="1370" acceleration="13636"/>
    <motionState vehicle="1" speed="1825" time="1370" acceleration="13636"/>
    <motionState vehicle="2" speed="1677" time="1370" acceleration="8941"/>
    <motionState vehicle="3" speed="1825" time="1370" acceleration="13636"/>
    <motionState vehicle="4" speed="1823" time="1370" acceleration="13636"/>
    <motionState vehicle="5" speed="1588" time="1370" acceleration="6275"/>
    <motionState vehicle="6" speed="1449" time="1370" acceleration="5824"/>
    <motionState vehicle="7" speed="1449" time="1370" acceleration="5845"/>
    <motionState vehicle="8" speed="1452" time="1370" acceleration="5973"/>
    <motionState vehicle="9" speed="1469" time="1370" acceleration="6569"/>
    <motionState vehicle="10" speed="1551" time="1370" acceleration="8471"/>
    <motionState vehicle="11" speed="1835" time="1370" acceleration="11174"/>
    <motionState vehicle="0" speed="1839" time="1380" acceleration="13636"/>
    <motionState vehicle="1" speed="1839" time="1380" acceleration="13636"/>
    <motionState vehicle="2" speed="1686" time="1380" acceleration="8916"/>
    <motionState vehicle="3" speed="1839" time="1380" acceleration="13636"/>
    <motionState vehicle="4" speed="1837" time="1380" acceleration="13636"/>
    <motionState vehicle="5" speed="1594" time="1380" acceleration="6202"/>
    <motionState vehicle="6" speed="1455" time="1380" acceleration="5771"/>
    <motionState vehicle="7" speed="1455" time="1380" acceleration="5794"/>
    <motionState vehicle="8" speed="1458" time="1380" acceleration="5926"/>
    <motionState vehicle="9" speed="1476" time="1380" acceleration="6534"/>
    <motionState vehicle="10" speed="1560" time="1380" acceleration="8444"/>
    <motionState vehicle="11" speed="1847" time="1380" acceleration="11094"/>
    <motionState vehicle="0" speed="1852" time="1390" acceleration="13636"/>
    <motionState vehicle="1" speed="1852" time="1390" acceleration="13636"/>
    <motionState vehicle="2" speed="1695" time="1390" acceleration="8892"/>
    <motionState vehicle="3" speed="1852" time="1390" acceleration="13636"/>
    <motionState vehicle="4" speed="1850" time="1390" acceleration="13636"/>
    <motionState vehicle="5" speed="1600" time="1390" acceleration="6129"/>
    <motionState vehicle="6" speed="1460" time="1390" acceleration="5719"/>
    <motionState vehicle="7" speed="1461" time="1390" acceleration="5742"/>
    <motionState vehicle="8" speed="1464" time="1390" acceleration="5879"/>
    <motionState vehicle="9" speed="1482" time="1390" acceleration="6499"/>
    <motionState vehicle="10" speed="1568" time="1390" acceleration="8418"/>
    <motionState vehicle="11" speed="1858" time="1390" acceleration="11015"/>
    <motionState vehicle="0" speed="1866" time="1400" acceleration="13636"/>
    <motionState vehicle="1" speed="1866" time="1400" acceleration="13636"/>
    <motionState vehicle="2" speed="1704" time="1400" acceleration="8868"/>
    <motionState vehicle="3" speed="1866" time="1400" acceleration="13636"/>
    <motionState vehicle="4" speed="1864" time="1400" acceleration="13636"/>
    <motionState vehicle="5" speed="1607" time="1400" acceleration="6056"/>
    <motionState vehicle="6" speed="1466" time="1400" acceleration="5667"/>
    <motionState vehicle="7" speed="1467" time="1400" acceleration="5692"/>
    <motionState vehicle="8" speed="1470" time="1400" acceleration="5833"/>
    <motionState vehicle="9" speed="1489" time="1400" acceleration="6466"/>
    <motionState vehicle="10" speed="1576" time="1400" acceleration="8391"/>
    <motionState vehicle="11" speed="1869" time="1400" acceleration="10939"/>
    <motionState vehicle="0" speed="1880" time="1410" acceleration="13636"/>
    <motionState vehicle="1" speed="1880" time="1410" acceleration="13636"/>
    <motionState vehicle="2" speed="1712" time="1410" acceleration="8846"/>
    <motionState vehicle="3" speed="1880" time="1410" acceleration="13636"/>
    <motionState vehicle="4" speed="1877" time="1410" acceleration="13636"/>
    <motionState vehicle="5" speed="1613" time="1410" acceleration="5985"/>
    <motionState vehicle="6" speed="1472" time="1410" acceleration="5616"/>
    <motionState vehicle="7" speed="1472" time="1410" acceleration="5642"/>
    <motionState vehicle="8" speed="1476" time="1410" acceleration="5788"/>
    <motionState vehicle="9" speed="1495" time="1410" acceleration="6432"/>
    <motionState vehicle="10" speed="1585" time="1410" acceleration="8365"/>
    <motionState vehicle="11" speed="1879" time="1410" acceleration="10863"/>
    <motionState vehicle="0" speed="1893" time="1420" acceleration="13636"/>
    <motionState vehicle="1" speed="1893" time="1420" acceleration="13636"/>
    <motionState vehicle="2" speed="1721" time="1420" acceleration="8824"/>
    <motionState vehicle="3" speed="1893" time="1420" acceleration="13636"/>
    <motionState vehicle="4" speed="1891" time="1420" acceleration="13636"/>
    <motionState vehicle="5" speed="1618" time="1420" acceleration="5914"/>
    <motionState vehicle="6" speed="1477" time="1420" acceleration="5565"/>
    <motionState vehicle="7" speed="1478" time="1420" acceleration="5592"/>
    <motionState vehicle="8" speed="1481" time="1420" acceleration="5743"/>
    <motionState vehicle="9" speed="1501" time="1420" acceleration="6400"/>
    <motionState vehicle="10" speed="1593" time="1420" acceleration="8338"/>
    <motionState vehicle="11" speed="1890" time="1420" acceleration="10790"/>
    <motionState vehicle="0" speed="1907" time="1430" acceleration="13636"/>
    <motionState vehicle="1" speed="1907" time="1430" acceleration="13636"/>
    <motionState vehicle="2" speed="1730" time="1430" acceleration="8803"/>
    <motionState vehicle="3" speed="1907" time="1430" acceleration="13636"/>
    <motionState vehicle="4" speed="1905" time="1430" acceleration="13636"/>
    <motionState vehicle="5" speed="1624" time="1430" acceleration="5845"/>
    <motionState vehicle="6" speed="1483" time="1430" acceleration="5515"/>
    <motionState vehicle="7" speed="1483" time="1430" acceleration="5543"/>
    <motionState vehicle="8" speed="1487" time="1430" acceleration="5698"/>
    <motionState vehicle="9" speed="1508" time="1430" acceleration="6367"/>
    <motionState vehicle="10" speed="1601" time="1430" acceleration="8312"/>
    <motionState vehicle="11" speed="1901" time="1430" acceleration="10718"/>
    <motionState vehicle="0" speed="1921" time="1440" acceleration="13636"/>
    <motionState vehicle="1" speed="1921" time="1440" acceleration="13636"/>
    <motionState vehicle="2" speed="1739" time="1440" acceleration="8783"/>
    <motionState vehicle="3" speed="1920" time="1440" acceleration="13636"/>
    <motionState vehicle="4" speed="1918" time="1440" acceleration="13636"/>
    <motionState vehicle="5" speed="1630" time="1440" acceleration="5776"/>
    <motionState vehicle="6" speed="1488" time="1440" acceleration="5465"/>
    <motionState vehicle="7" speed="1489" time="1440" acceleration="5494"/>
    <motionState vehicle="8" speed="1493" time="1440" acceleration="5654"/>
    <motionState vehicle="9" speed="1514" time="1440" acceleration="6336"/>
    <motionState vehicle="10" speed="1610" time="1440" acceleration="8285"/>
    <motionState vehicle="11" speed="1912" time="1440" acceleration="10648"/>
    <motionState vehicle="0" speed="1934" time="1450" acceleration="13636"/>
    <motionState vehicle="1" speed="1934" time="1450" acceleration="13636"/>
    <motionState vehicle="2" speed="1748" time="1450" acceleration="8764"/>
    <motionState vehicle="3" speed="1934" time="1450" acceleration="13636"/>
    <motionState vehicle="4" speed="1932" time="1450" acceleration="13636"/>
    <motionState vehicle="5" speed="1636" time="1450" acceleration="5707"/>
    <motionState vehicle="6" speed="1494" time="1450" acceleration="5416"/>
    <motionState vehicle="7" speed="1494" time="1450" acceleration="5446"/>
    <motionState vehicle="8" speed="1498" time="1450" acceleration="5611"/>
    <motionState vehicle="9" speed="1520" time="1450" acceleration="6304"/>
    <motionState vehicle="10" speed="1618" time="1450" acceleration="8259"/>
    <motionState vehicle="11" speed="1922" time="1450" acceleration="10579"/>
    <motionState vehicle="0" speed="1948" time="1460" acceleration="13636"/>
    <motionState vehicle="1" speed="1948" time="1460" acceleration="13636"/>
    <motionState vehicle="2" speed="1756" time="1460" acceleration="8746"/>
    <motionState vehicle="3" speed="1948" time="1460" acceleration="13636"/>
    <motionState vehicle="4" speed="1946" time="1460" acceleration="13636"/>
    <motionState vehicle="5" speed="1641" time="1460" acceleration="5640"/>
    <motionState vehicle="6" speed="1499" time="1460" acceleration="5367"/>
    <motionState vehicle="7" speed="1500" time="1460" acceleration="5398"/>
    <motionState vehicle="8" speed="1504" time="1460" acceleration="5568"/>
    <motionState vehicle="9" speed="1527" time="1460" acceleration="6274"/>
    <motionState vehicle="10" speed="1626" time="1460" acceleration="8232"/>
    <motionState vehicle="11" speed="1933" time="1460" acceleration="10512"/>
    <motionState vehicle="0" speed="1962" time="1470" acceleration="13636"/>
    <motionState vehicle="1" speed="1962" time="1470" acceleration="13636"/>
    <motionState vehicle="2" speed="1765" time="1470" acceleration="8728"/>
    <motionState vehicle="3" speed="1961" time="1470" acceleration="13636"/>
    <motionState vehicle="4" speed="1959" time="1470" acceleration="13636"/>
    <motionState vehicle="5" speed="1647" time="1470" acceleration="5573"/>
    <motionState vehicle="6" speed="1504" time="1470" acceleration="5318"/>
    <motionState vehicle="7" speed="1505" time="1470" acceleration="5351"/>
    <motionState vehicle="8" speed="1509" time="1470" acceleration="5526"/>
    <motionState vehicle="9" speed="1533" time="1470" acceleration="6244"/>
    <motionState vehicle="10" speed="1634" time="1470" acceleration="8206"/>
    <motionState vehicle="11" speed="1943" time="1470" acceleration="10446"/>
    <motionState vehicle="0" speed="1975" time="1480" acceleration="13636"/>
    <motionState vehicle="1" speed="1975" time="1480" acceleration="13636"/>
    <motionState vehicle="2" speed="1774" time="1480" acceleration="8711"/>
    <motionState vehicle="3" speed="1975" time="1480" acceleration="13636"/>
    <motionState vehicle="4" speed="1973" time="1480" acceleration="13636"/>
    <motionState vehicle="5" speed="1652" time="1480" acceleration="5507"/>
    <motionState vehicle="6" speed="1510" time="1480" acceleration="5270"/>
    <motionState vehicle="7" speed="1510" time="1480" acceleration="5304"/>
    <motionState vehicle="8" speed="1515" time="1480" acceleration="5485"/>
    <motionState vehicle="9" speed="1539" time="1480" acceleration="6214"/>
    <motionState vehicle="10" speed="1643" time="1480" acceleration="8180"/>
    <motionState vehicle="11" speed="1953" time="1480" acceleration="10382"/>
    <motionState vehicle="0" speed="1989" time="1490" acceleration="13636"/>
    <motionState vehicle="1" speed="1989" time="1490" acceleration="13636"/>
    <motionState vehicle="2" speed="1782" time="1490" acceleration="8695"/>
    <motionState vehicle="3" speed="1989" time="1490" acceleration="13636"/>
    <motionState vehicle="4" speed="1987" time="1490" acceleration="13636"/>
    <motionState vehicle="5" speed="1658" time="1490" acceleration="5442"/>
    <motionState vehicle="6" speed="1515" time="1490" acceleration="5223"/>
    <motionState vehicle="7" speed="1516" time="1490" acceleration="5258"/>
    <motionState vehicle="8" speed="1520" time="1490" acceleration="5444"/>
    <motionState vehicle="9" speed="1545" time="1490" acceleration="6185"/>
    <motionState vehicle="10" speed="1651" time="1490" acceleration="8154"/>
    <motionState vehicle="11" speed="1964" time="1490" acceleration="10319"/>
    <motionState vehicle="0" speed="2002" time="1500" acceleration="13636"/>
    <motionState vehicle="1" speed="2002" time="1500" acceleration="13636"/>
    <motionState vehicle="2" speed="1791" time="1500" acceleration="8680"/>
    <motionState vehicle="3" speed="2002" time="1500" acceleration="13636"/>
    <motionState vehicle="4" speed="2000" time="1500" acceleration="13636"/>
    <motionState vehicle="5" speed="1663" time="1500" acceleration="5378"/>
    <motionState vehicle="6" speed="1520" time="1500" acceleration="5176"/>
    <motionState vehicle="7" speed="1521" time="1500" acceleration="5213"/>
    <motionState vehicle="8" speed="1526" time="1500" acceleration="5403"/>
    <motionState vehicle="9" speed="1552" time="1500" acceleration="6156"/>
    <motionState vehicle="10" speed="1659" time="1500" acceleration="8128"/>
    <motionState vehicle="11" speed="1974" time="1500" acceleration="10257"/>
    <motionState vehicle="0" speed="2016" time="1510" acceleration="13636"/>
    <motionState vehicle="1" speed="2016" time="1510" acceleration="13636"/>
    <motionState vehicle="2" speed="1800" time="1510" acceleration="8665"/>
    <motionState vehicle="3" speed="2016" time="1510" acceleration="13636"/>
    <motionState vehicle="4" speed="2014" time="1510" acceleration="13636"/>
    <motionState vehicle="5" speed="1669" time="1510" acceleration="5314"/>
    <motionState vehicle="6" speed="1525" time="1510" acceleration="5129"/>
    <motionState vehicle="7" speed="1526" time="1510" acceleration="5167"/>
    <motionState vehicle="8" speed="1531" time="1510" acceleration="5363"/>
    <motionState vehicle="9" speed="1558" time="1510" acceleration="6128"/>
    <motionState vehicle="10" speed="1667" time="1510" acceleration="8102"/>
    <motionState vehicle="11" speed="1984" time="1510" acceleration="10197"/>
    <motionState vehicle="0" speed="2030" time="1520" acceleration="13636"/>
    <motionState vehicle="1" speed="2030" time="1520" acceleration="13636"/>
    <motionState vehicle="2" speed="1808" time="1520" acceleration="8651"/>
    <motionState vehicle="3" speed="2030" time="1520" acceleration="13636"/>
    <motionState vehicle="4" speed="2027" time="1520" acceleration="13636"/>
    <motionState vehicle="5" speed="1674" time="1520" acceleration="5251"/>
    <motionState vehicle="6" speed="1530" time="1520" acceleration="5083"/>
    <motionState vehicle="7" speed="1531" time="1520" acceleration="5123"/>
    <motionState vehicle="8" speed="1536" time="1520" acceleration="5324"/>
    <motionState vehicle="9" speed="1564" time="1520" acceleration="6100"/>
    <motionState vehicle="10" speed="1675" time="1520" acceleration="8076"/>
    <motionState vehicle="11" speed="1994" time="1520" acceleration="10139"/>
    <motionState vehicle="0" speed="2043" time="1530" acceleration="13636"/>
    <motionState vehicle="1" speed="2043" time="1530" acceleration="13636"/>
    <motionState vehicle="2" speed="1817" time="1530" acceleration="8638"/>
    <motionState vehicle="3" speed="2043" time="1530" acceleration="13636"/>
    <motionState vehicle="4" speed="2041" time="1530" acceleration="13636"/>
    <motionState vehicle="5" speed="1679" time="1530" acceleration="5189"/>
    <motionState vehicle="6" speed="1535" time="1530" acceleration="5037"/>
    <motionState vehicle="7" speed="1536" time="1530" acceleration="5078"/>
    <motionState vehicle="8" speed="1542" time="1530" acceleration="5285"/>
    <motionState vehicle="9" speed="1570" time="1530" acceleration="6072"/>
    <motionState vehicle="10" speed="1683" time="1530" acceleration="8051"/>
    <motionState vehicle="11" speed="2004" time="1530" acceleration="10082"/>
    <motionState vehicle="0" speed="2057" time="1540" acceleration="13636"/>
    <motionState vehicle="1" speed="2057" time="1540" acceleration="13636"/>
    <motionState vehicle="2" speed="1826" time="1540" acceleration="8625"/>
    <motionState vehicle="3" speed="2057" time="1540" acceleration="13636"/>
    <motionState vehicle="4" speed="2055" time="1540" acceleration="13636"/>
    <motionState vehicle="5" speed="1684" time="1540" acceleration="5127"/>
    <motionState vehicle="6" speed="1540" time="1540" acceleration="4992"/>
    <motionState vehicle="7" speed="1541" time="1540" acceleration="5035"/>
    <motionState vehicle="8" speed="1547" time="1540" acceleration="5247"/>
    <motionState vehicle="9" speed="1576" time="1540" acceleration="6045"/>
    <motionState vehicle="10" speed="1691" time="1540" acceleration="8025"/>
    <motionState vehicle="11" speed="2014" time="1540" acceleration="10026"/>
    <motionState vehicle="0" speed="2071" time="1550" acceleration="13636"/>
    <motionState vehicle="1" speed="2071" time="1550" acceleration="13636"/>
    <motionState vehicle="2" speed="1834" time="1550" acceleration="8613"/>
    <motionState vehicle="3" speed="2070" time="1550" acceleration="13636"/>
    <motionState vehicle="4" speed="2068" time="1550" acceleration="13636"/>
    <motionState vehicle="5" speed="1689" time="1550" acceleration="5066"/>
    <motionState vehicle="6" speed="1545" time="1550" acceleration="4947"/>
    <motionState vehicle="7" speed="1546" time="1550" acceleration="4991"/>
    <motionState vehicle="8" speed="1552" time="1550" acceleration="5209"/>
    <motionState vehicle="9" speed="1582" time="1550" acceleration="6019"/>
    <motionState vehicle="10" speed="1699" time="1550" acceleration="8000"/>
    <motionState vehicle="11" speed="2024" time="1550" acceleration="9971"/>
    <motionState vehicle="0" speed="2084" time="1560" acceleration="13636"/>
    <motionState vehicle="1" speed="2084" time="1560" acceleration="13636"/>
    <motionState vehicle="2" speed="1843" time="1560" acceleration="8602"/>
    <motionState vehicle="3" speed="2084" time="1560" acceleration="13636"/>
    <motionState vehicle="4" speed="2082" time="1560" acceleration="13636"/>
    <motionState vehicle="5" speed="1694" time="1560" acceleration="5006"/>
    <motionState vehicle="6" speed="1550" time="1560" acceleration="4902"/>
    <motionState vehicle="7" speed="1551" time="1560" acceleration="4948"/>
    <motionState vehicle="8" speed="1557" time="1560" acceleration="5172"/>
    <motionState vehicle="9" speed="1588" time="1560" acceleration="5993"/>
    <motionState vehicle="10" speed="1707" time="1560" acceleration="7975"/>
    <motionState vehicle="11" speed="2034" time="1560" acceleration="9918"/>
    <motionState vehicle="0" speed="2098" time="1570" acceleration="13636"/>
    <motionState vehicle="1" speed="2098" time="1570" acceleration="13636"/>
    <motionState vehicle="2" speed="1852" time="1570" acceleration="8592"/>
    <motionState vehicle="3" speed="2098" time="1570" acceleration="13500"/>
    <motionState vehicle="4" speed="2096" time="1570" acceleration="13636"/>
    <motionState vehicle="5" speed="1699" time="1570" acceleration="4946"/>
    <motionState vehicle="6" speed="1555" time="1570" acceleration="4858"/>
    <motionState vehicle="7" speed="1556" time="1570" acceleration="4906"/>
    <motionState vehicle="8" speed="1562" time="1570" acceleration="5135"/>
    <motionState vehicle="9" speed="1594" time="1570" acceleration="5967"/>
    <motionState vehicle="10" speed="1715" time="1570" acceleration="7949"/>
    <motionState vehicle="11" speed="2044" time="1570" acceleration="9866"/>
    <motionState vehicle="0" speed="2112" time="1580" acceleration="13636"/>
    <motionState vehicle="1" speed="2112" time="1580" acceleration="13636"/>
    <motionState vehicle="2" speed="1860" time="1580" acceleration="8581"/>
    <motionState vehicle="3" speed="2111" time="1580" acceleration="13264"/>
    <motionState vehicle="4" speed="2109" time="1580" acceleration="13636"/>
    <motionState vehicle="5" speed="1704" time="1580" acceleration="4887"/>
    <motionState vehicle="6" speed="1560" time="1580" acceleration="4815"/>
    <motionState vehicle="7" speed="1561" time="1580" acceleration="4864"/>
    <motionState vehicle="8" speed="1567" time="1580" acceleration="5099"/>
    <motionState vehicle="9" speed="1600" time="1580" acceleration="5942"/>
    <motionState vehicle="10" speed="1723" time="1580" acceleration="7925"/>
    <motionState vehicle="11" speed="2054" time="1580" acceleration="9816"/>
    <motionState vehicle="0" speed="2125" time="1590" acceleration="13636"/>
    <motionState vehicle="1" speed="2125" time="1590" acceleration="13636"/>
    <motionState vehicle="2" speed="1869" time="1590" acceleration="8568"/>
    <motionState vehicle="3" speed="2124" time="1590" acceleration="13030"/>
    <motionState vehicle="4" speed="2123" time="1590" acceleration="13636"/>
    <motionState vehicle="5" speed="1709" time="1590" acceleration="4829"/>
    <motionState vehicle="6" speed="1565" time="1590" acceleration="4771"/>
    <motionState vehicle="7" speed="1566" time="1590" acceleration="4823"/>
    <motionState vehicle="8" speed="1573" time="1590" acceleration="5063"/>
    <motionState vehicle="9" speed="1606" time="1590" acceleration="5917"/>
    <motionState vehicle="10" speed="1731" time="1590" acceleration="7900"/>
    <motionState vehicle="11" speed="2064" time="1590" acceleration="9767"/>
    <motionState vehicle="0" speed="2139" time="1600" acceleration="13636"/>
    <motionState vehicle="1" speed="2139" time="1600" acceleration="13636"/>
    <motionState vehicle="2" speed="1877" time="1600" acceleration="8554"/>
    <motionState vehicle="3" speed="2137" time="1600" acceleration="12799"/>
    <motionState vehicle="4" speed="2137" time="1600" acceleration="13636"/>
    <motionState vehicle="5" speed="1714" time="1600" acceleration="4772"/>
    <motionState vehicle="6" speed="1569" time="1600" acceleration="4729"/>
    <motionState vehicle="7" speed="1571" time="1600" acceleration="4782"/>
    <motionState vehicle="8" speed="1578" time="1600" acceleration="5028"/>
    <motionState vehicle="9" speed="1612" time="1600" acceleration="5893"/>
    <motionState vehicle="10" speed="1739" time="1600" acceleration="7875"/>
    <motionState vehicle="11" speed="2074" time="1600" acceleration="9719"/>
    <motionState vehicle="0" speed="2152" time="1610" acceleration="13636"/>
    <motionState vehicle="1" speed="2152" time="1610" acceleration="13636"/>
    <motionState vehicle="2" speed="1886" time="1610" acceleration="8538"/>
    <motionState vehicle="3" speed="2149" time="1610" acceleration="12571"/>
    <motionState vehicle="4" speed="2150" time="1610" acceleration="13636"/>
    <motionState vehicle="5" speed="1718" time="1610" acceleration="4715"/>
    <motionState vehicle="6" speed="1574" time="1610" acceleration="4686"/>
    <motionState vehicle="7" speed="1575" time="1610" acceleration="4741"/>
    <motionState vehicle="8" speed="1583" time="1610" acceleration="4993"/>
    <motionState vehicle="9" speed="1617" time="1610" acceleration="5869"/>
    <motionState vehicle="10" speed="1747" time="1610" acceleration="7851"/>
    <motionState vehicle="11" speed="2083" time="1610" acceleration="9672"/>
    <motionState vehicle="0" speed="2166" time="1620" acceleration="13636"/>
    <motionState vehicle="1" speed="2166" time="1620" acceleration="13636"/>
    <motionState vehicle="2" speed="1894" time="1620" acceleration="8521"/>
    <motionState vehicle="3" speed="2162" time="1620" acceleration="12346"/>
    <motionState vehicle="4" speed="2164" time="1620" acceleration="13636"/>
    <motionState vehicle="5" speed="1723" time="1620" acceleration="4659"/>
    <motionState vehicle="6" speed="1579" time="1620" acceleration="4644"/>
    <motionState vehicle="7" speed="1580" time="1620" acceleration="4701"/>
    <motionState vehicle="8" speed="1588" time="1620" acceleration="4959"/>
    <motionState vehicle="9" speed="1623" time="1620" acceleration="5845"/>
    <motionState vehicle="10" speed="1754" time="1620" acceleration="7827"/>
    <motionState vehicle="11" speed="2093" time="1620" acceleration="9626"/>
    <motionState vehicle="0" speed="2180" time="1630" acceleration="13636"/>
    <motionState vehicle="1" speed="2180" time="1630" acceleration="13636"/>
    <motionState vehicle="2" speed="1903" time="1630" acceleration="8503"/>
    <motionState vehicle="3" speed="2174" time="1630" acceleration="12124"/>
    <motionState vehicle="4" speed="2177" time="1630" acceleration="13636"/>
    <motionState vehicle="5" speed="1728" time="1630" acceleration="4603"/>
    <motionState vehicle="6" speed="1583" time="1630" acceleration="4603"/>
    <motionState vehicle="7" speed="1585" time="1630" acceleration="4661"/>
    <motionState vehicle="8" speed="1592" time="1630" acceleration="4925"/>
    <motionState vehicle="9" speed="1629" time="1630" acceleration="5822"/>
    <motionState vehicle="10" speed="1762" time="1630" acceleration="7803"/>
    <motionState vehicle="11" speed="2102" time="1630" acceleration="9582"/>
    <motionState vehicle="0" speed="2193" time="1640" acceleration="13636"/>
    <motionState vehicle="1" speed="2193" time="1640" acceleration="13636"/>
    <motionState vehicle="2" speed="1911" time="1640" acceleration="8483"/>
    <motionState vehicle="3" speed="2186" time="1640" acceleration="11905"/>
    <motionState vehicle="4" speed="2191" time="1640" acceleration="13636"/>
    <motionState vehicle="5" speed="1732" time="1640" acceleration="4548"/>
    <motionState vehicle="6" speed="1588" time="1640" acceleration="4561"/>
    <motionState vehicle="7" speed="1589" time="1640" acceleration="4622"/>
    <motionState vehicle="8" speed="1597" time="1640" acceleration="4892"/>
    <motionState vehicle="9" speed="1635" time="1640" acceleration="5799"/>
    <motionState vehicle="10" speed="1770" time="1640" acceleration="7779"/>
    <motionState vehicle="11" speed="2112" time="1640" acceleration="9539"/>
    <motionState vehicle="0" speed="2207" time="1650" acceleration="13636"/>
    <motionState vehicle="1" speed="2207" time="1650" acceleration="13636"/>
    <motionState vehicle="2" speed="1920" time="1650" acceleration="8462"/>
    <motionState vehicle="3" speed="2197" time="1650" acceleration="11689"/>
    <motionState vehicle="4" speed="2205" time="1650" acceleration="13636"/>
    <motionState vehicle="5" speed="1737" time="1650" acceleration="4494"/>
    <motionState vehicle="6" speed="1592" time="1650" acceleration="4521"/>
    <motionState vehicle="7" speed="1594" time="1650" acceleration="4583"/>
    <motionState vehicle="8" speed="1602" time="1650" acceleration="4859"/>
    <motionState vehicle="9" speed="1641" time="1650" acceleration="5777"/>
    <motionState vehicle="10" speed="1778" time="1650" acceleration="7755"/>
    <motionState vehicle="11" speed="2121" time="1650" acceleration="9497"/>
    <motionState vehicle="0" speed="2220" time="1660" acceleration="13498"/>
    <motionState vehicle="1" speed="2221" time="1660" acceleration="13636"/>
    <motionState vehicle="2" speed="1928" time="1660" acceleration="8440"/>
    <motionState vehicle="3" speed="2209" time="1660" acceleration="11475"/>
    <motionState vehicle="4" speed="2218" time="1660" acceleration="13636"/>
    <motionState vehicle="5" speed="1741" time="1660" acceleration="4440"/>
    <motionState vehicle="6" speed="1597" time="1660" acceleration="4480"/>
    <motionState vehicle="7" speed="1598" time="1660" acceleration="4545"/>
    <motionState vehicle="8" speed="1607" time="1660" acceleration="4826"/>
    <motionState vehicle="9" speed="1646" time="1660" acceleration="5755"/>
    <motionState vehicle="10" speed="1785" time="1660" acceleration="7732"/>
    <motionState vehicle="11" speed="2131" time="1660" acceleration="9456"/>
    <motionState vehicle="0" speed="2234" time="1670" acceleration="13303"/>
    <motionState vehicle="1" speed="2234" time="1670" acceleration="13636"/>
    <motionState vehicle="2" speed="1937" time="1670" acceleration="8416"/>
    <motionState vehicle="3" speed="2220" time="1670" acceleration="11265"/>
    <motionState vehicle="4" speed="2232" time="1670" acceleration="13636"/>
    <motionState vehicle="5" speed="1746" time="1670" acceleration="4387"/>
    <motionState vehicle="6" speed="1601" time="1670" acceleration="4440"/>
    <motionState vehicle="7" speed="1603" time="1670" acceleration="4507"/>
    <motionState vehicle="8" speed="1612" time="1670" acceleration="4795"/>
    <motionState vehicle="9" speed="1652" time="1670" acceleration="5733"/>
    <motionState vehicle="10" speed="1793" time="1670" acceleration="7709"/>
    <motionState vehicle="11" speed="2140" time="1670" acceleration="9415"/>
    <motionState vehicle="0" speed="2247" time="1680" acceleration="13111"/>
    <motionState vehicle="1" speed="2248" time="1680" acceleration="13636"/>
    <motionState vehicle="2" speed="1945" time="1680" acceleration="8391"/>
    <motionState vehicle="3" speed="2231" time="1680" acceleration="11057"/>
    <motionState vehicle="4" speed="2246" time="1680" acceleration="13636"/>
    <motionState vehicle="5" speed="1750" time="1680" acceleration="4334"/>
    <motionState vehicle="6" speed="1606" time="1680" acceleration="4401"/>
    <motionState vehicle="7" speed="1607" time="1680" acceleration="4469"/>
    <motionState vehicle="8" speed="1617" time="1680" acceleration="4763"/>
    <motionState vehicle="9" speed="1658" time="1680" acceleration="5712"/>
    <motionState vehicle="10" speed="1801" time="1680" acceleration="7686"/>
    <motionState vehicle="11" speed="2150" time="1680" acceleration="9373"/>
    <motionState vehicle="0" speed="2260" time="1690" acceleration="12921"/>
    <motionState vehicle="1" speed="2262" time="1690" acceleration="13636"/>
    <motionState vehicle="2" speed="1953" time="1690" acceleration="8365"/>
    <motionState vehicle="3" speed="2242" time="1690" acceleration="10851"/>
    <motionState vehicle="4" speed="2259" time="1690" acceleration="13636"/>
    <motionState vehicle="5" speed="1754" time="1690" acceleration="4282"/>
    <motionState vehicle="6" speed="1610" time="1690" acceleration="4361"/>
    <motionState vehicle="7" speed="1612" time="1690" acceleration="4432"/>
    <motionState vehicle="8" speed="1621" time="1690" acceleration="4732"/>
    <motionState vehicle="9" speed="1664" time="1690" acceleration="5691"/>
    <motionState vehicle="10" speed="1808" time="1690" acceleration="7663"/>
    <motionState vehicle="11" speed="2159" time="1690" acceleration="9330"/>
    <motionState vehicle="0" speed="2273" time="1700" acceleration="12734"/>
    <motionState vehicle="1" speed="2275" time="1700" acceleration="13636"/>
    <motionState vehicle="2" speed="1962" time="1700" acceleration="8338"/>
    <motionState vehicle="3" speed="2253" time="1700" acceleration="10648"/>
    <motionState vehicle="4" speed="2273" time="1700" acceleration="13636"/>
    <motionState vehicle="5" speed="1758" time="1700" acceleration="4231"/>
    <motionState vehicle="6" speed="1614" time="1700" acceleration="4323"/>
    <motionState vehicle="7" speed="1616" time="1700" acceleration="4395"/>
    <motionState vehicle="8" speed="1626" time="1700" acceleration="4702"/>
    <motionState vehicle="9" speed="1669" time="1700" acceleration="5670"/>
    <motionState vehicle="10" speed="1816" time="1700" acceleration="7640"/>
    <motionState vehicle="11" speed="2168" time="1700" acceleration="9287"/>
    <motionState vehicle="0" speed="2285" time="1710" acceleration="12550"/>
    <motionState vehicle="1" speed="2289" time="1710" acceleration="13636"/>
    <motionState vehicle="2" speed="1970" time="1710" acceleration="8310"/>
    <motionState vehicle="3" speed="2263" time="1710" acceleration="10448"/>
    <motionState vehicle="4" speed="2287" time="1710" acceleration="13636"/>
    <motionState vehicle="5" speed="1763" time="1710" acceleration="4180"/>
    <motionState vehicle="6" speed="1619" time="1710" acceleration="4284"/>
    <motionState vehicle="7" speed="1621" time="1710" acceleration="4359"/>
    <motionState vehicle="8" speed="1631" time="1710" acceleration="4672"/>
    <motionState vehicle="9" speed="1675" time="1710" acceleration="5650"/>
    <motionState vehicle="10" speed="1824" time="1710" acceleration="7618"/>
    <motionState vehicle="11" speed="2178" time="1710" acceleration="9244"/>
    <motionState vehicle="0" speed="2297" time="1720" acceleration="12369"/>
    <motionState vehicle="1" speed="2302" time="1720" acceleration="13636"/>
    <motionState vehicle="2" speed="1978" time="1720" acceleration="8280"/>
    <motionState vehicle="3" speed="2273" time="1720" acceleration="10251"/>
    <motionState vehicle="4" speed="2300" time="1720" acceleration="13636"/>
    <motionState vehicle="5" speed="1767" time="1720" acceleration="4130"/>
    <motionState vehicle="6" speed="1623" time="1720" acceleration="4246"/>
    <motionState vehicle="7" speed="1625" time="1720" acceleration="4323"/>
    <motionState vehicle="8" speed="1635" time="1720" acceleration="4642"/>
    <motionState vehicle="9" speed="1681" time="1720" acceleration="5630"/>
    <motionState vehicle="10" speed="1831" time="1720" acceleration="7595"/>
    <motionState vehicle="11" speed="2187" time="1720" acceleration="9200"/>
    <motionState vehicle="0" speed="2310" time="1730" acceleration="12191"/>
    <motionState vehicle="1" speed="2316" time="1730" acceleration="13636"/>
    <motionState vehicle="2" speed="1987" time="1730" acceleration="8250"/>
    <motionState vehicle="3" speed="2283" time="1730" acceleration="10056"/>
    <motionState vehicle="4" speed="2314" time="1730" acceleration="13636"/>
    <motionState vehicle="5" speed="1771" time="1730" acceleration="4081"/>
    <motionState vehicle="6" speed="1627" time="1730" acceleration="4208"/>
    <motionState vehicle="7" speed="1629" time="1730" acceleration="4288"/>
    <motionState vehicle="8" speed="1640" time="1730" acceleration="4613"/>
    <motionState vehicle="9" speed="1686" time="1730" acceleration="5610"/>
    <motionState vehicle="10" speed="1839" time="1730" acceleration="7573"/>
    <motionState vehicle="11" speed="2196" time="1730" acceleration="9155"/>
    <motionState vehicle="0" speed="2322" time="1740" acceleration="12015"/>
    <motionState vehicle="1" speed="2330" time="1740" acceleration="13636"/>
    <motionState vehicle="2" speed="1995" time="1740" acceleration="8218"/>
    <motionState vehicle="3" speed="2293" time="1740" acceleration="9864"/>
    <motionState vehicle="4" speed="2327" time="1740" acceleration="13636"/>
    <motionState vehicle="5" speed="1775" time="1740" acceleration="4032"/>
    <motionState vehicle="6" speed="1631" time="1740" acceleration="4171"/>
    <motionState vehicle="7" speed="1633" time="1740" acceleration="4253"/>
    <motionState vehicle="8" speed="1645" time="1740" acceleration="4584"/>
    <motionState vehicle="9" speed="1692" time="1740" acceleration="5591"/>
    <motionState vehicle="10" speed="1846" time="1740" acceleration="7551"/>
    <motionState vehicle="11" speed="2205" time="1740" acceleration="9110"/>
    <motionState vehicle="0" speed="2333" time="1750" acceleration="11841"/>
    <motionState vehicle="1" speed="2343" time="1750" acceleration="13636"/>
    <motionState vehicle="2" speed="2003" time="1750" acceleration="8185"/>
    <motionState vehicle="3" speed="2303" time="1750" acceleration="9674"/>
    <motionState vehicle="4" speed="2341" time="1750" acceleration="13636"/>
    <motionState vehicle="5" speed="1779" time="1750" acceleration="3983"/>
    <motionState vehicle="6" speed="1635" time="1750" acceleration="4134"/>
    <motionState vehicle="7" speed="1638" time="1750" acceleration="4218"/>
    <motionState vehicle="8" speed="1649" time="1750" acceleration="4556"/>
    <motionState vehicle="9" speed="1697" time="1750" acceleration="5572"/>
    <motionState vehicle="10" speed="1854" time="1750" acceleration="7529"/>
    <motionState vehicle="11" speed="2214" time="1750" acceleration="9064"/>
    <motionState vehicle="0" speed="2345" time="1760" acceleration="11670"/>
    <motionState vehicle="1" speed="2357" time="1760" acceleration="13636"/>
    <motionState vehicle="2" speed="2011" time="1760" acceleration="8152"/>
    <motionState vehicle="3" speed="2312" time="1760" acceleration="9487"/>
    <motionState vehicle="4" speed="2355" time="1760" acceleration="13636"/>
    <motionState vehicle="5" speed="1783" time="1760" acceleration="3935"/>
    <motionState vehicle="6" speed="1639" time="1760" acceleration="4097"/>
    <motionState vehicle="7" speed="1642" time="1760" acceleration="4184"/>
    <motionState vehicle="8" speed="1654" time="1760" acceleration="4528"/>
    <motionState vehicle="9" speed="1703" time="1760" acceleration="5553"/>
    <motionState vehicle="10" speed="1861" time="1760" acceleration="7508"/>
    <motionState vehicle="11" speed="2223" time="1760" acceleration="9017"/>
    <motionState vehicle="0" speed="2357" time="1770" acceleration="11502"/>
    <motionState vehicle="1" speed="2371" time="1770" acceleration="13636"/>
    <motionState vehicle="2" speed="2019" time="1770" acceleration="8117"/>
    <motionState vehicle="3" speed="2322" time="1770" acceleration="9302"/>
    <motionState vehicle="4" speed="2368" time="1770" acceleration="13636"/>
    <motionState vehicle="5" speed="1787" time="1770" acceleration="3888"/>
    <motionState vehicle="6" speed="1644" time="1770" acceleration="4061"/>
    <motionState vehicle="7" speed="1646" time="1770" acceleration="4150"/>
    <motionState vehicle="8" speed="1658" time="1770" acceleration="4501"/>
    <motionState vehicle="9" speed="1708" time="1770" acceleration="5535"/>
    <motionState vehicle="10" speed="1869" time="1770" acceleration="7486"/>
    <motionState vehicle="11" speed="2232" time="1770" acceleration="8971"/>
    <motionState vehicle="0" speed="2368" time="1780" acceleration="11336"/>
    <motionState vehicle="1" speed="2384" time="1780" acceleration="13636"/>
    <motionState vehicle="2" speed="2027" time="1780" acceleration="8082"/>
    <motionState vehicle="3" speed="2331" time="1780" acceleration="9119"/>
    <motionState vehicle="4" speed="2382" time="1780" acceleration="13636"/>
    <motionState vehicle="5" speed="1790" time="1780" acceleration="3841"/>
    <motionState vehicle="6" speed="1648" time="1780" acceleration="4025"/>
    <motionState vehicle="7" speed="1650" time="1780" acceleration="4117"/>
    <motionState vehicle="8" speed="1663" time="1780" acceleration="4474"/>
    <motionState vehicle="9" speed="1714" time="1780" acceleration="5517"/>
    <motionState vehicle="10" speed="1876" time="1780" acceleration="7464"/>
    <motionState vehicle="11" speed="2241" time="1780" acceleration="8923"/>
    <motionState vehicle="0" speed="2379" time="1790" acceleration="11172"/>
    <motionState vehicle="1" speed="2398" time="1790" acceleration="13636"/>
    <motionState vehicle="2" speed="2035" time="1790" acceleration="8045"/>
    <motionState vehicle="3" speed="2340" time="1790" acceleration="8939"/>
    <motionState vehicle="4" speed="2396" time="1790" acceleration="13636"/>
    <motionState vehicle="5" speed="1794" time="1790" acceleration="3795"/>
    <motionState vehicle="6" speed="1652" time="1790" acceleration="3990"/>
    <motionState vehicle="7" speed="1654" time="1790" acceleration="4084"/>
    <motionState vehicle="8" speed="1667" time="1790" acceleration="4448"/>
    <motionState vehicle="9" speed="1719" time="1790" acceleration="5499"/>
    <motionState vehicle="10" speed="1884" time="1790" acceleration="7443"/>
    <motionState vehicle="11" speed="2250" time="1790" acceleration="8876"/>
    <motionState vehicle="0" speed="2390" time="1800" acceleration="11011"/>
    <motionState vehicle="1" speed="2412" time="1800" acceleration="13636"/>
    <motionState vehicle="2" speed="2043" time="1800" acceleration="8008"/>
    <motionState vehicle="3" speed="2348" time="1800" acceleration="8762"/>
    <motionState vehicle="4" speed="2409" time="1800" acceleration="13636"/>
    <motionState vehicle="5" speed="1798" time="1800" acceleration="3749"/>
    <motionState vehicle="6" speed="1655" time="1800" acceleration="3955"/>
    <motionState vehicle="7" speed="1658" time="1800" acceleration="4051"/>
    <motionState vehicle="8" speed="1671" time="1800" acceleration="4421"/>
    <motionState vehicle="9" speed="1725" time="1800" acceleration="5482"/>
    <motionState vehicle="10" speed="1891" time="1800" acceleration="7421"/>
    <motionState vehicle="11" speed="2259" time="1800" acceleration="8828"/>
    <motionState vehicle="0" speed="2401" time="1810" acceleration="10852"/>
    <motionState vehicle="1" speed="2425" time="1810" acceleration="13636"/>
    <motionState vehicle="2" speed="2051" time="1810" acceleration="7970"/>
    <motionState vehicle="3" speed="2357" time="1810" acceleration="8586"/>
    <motionState vehicle="4" speed="2423" time="1810" acceleration="13636"/>
    <motionState vehicle="5" speed="1802" time="1810" acceleration="3704"/>
    <motionState vehicle="6" speed="1659" time="1810" acceleration="3920"/>
    <motionState vehicle="7" speed="1662" time="1810" acceleration="4019"/>
    <motionState vehicle="8" speed="1676" time="1810" acceleration="4396"/>
    <motionState vehicle="9" speed="1730" time="1810" acceleration="5465"/>
    <motionState vehicle="10" speed="1899" time="1810" acceleration="7400"/>
    <motionState vehicle="11" speed="2267" time="1810" acceleration="8779"/>
    <motionState vehicle="0" speed="2412" time="1820" acceleration="10695"/>
    <motionState vehicle="1" speed="2439" time="1820" acceleration="13636"/>
    <motionState vehicle="2" speed="2059" time="1820" acceleration="7931"/>
    <motionState vehicle="3" speed="2365" time="1820" acceleration="8413"/>
    <motionState vehicle="4" speed="2437" time="1820" acceleration="13636"/>
    <motionState vehicle="5" speed="1805" time="1820" acceleration="3659"/>
    <motionState vehicle="6" speed="1663" time="1820" acceleration="3885"/>
    <motionState vehicle="7" speed="1666" time="1820" acceleration="3987"/>
    <motionState vehicle="8" speed="1680" time="1820" acceleration="4370"/>
    <motionState vehicle="9" speed="1736" time="1820" acceleration="5448"/>
    <motionState vehicle="10" speed="1906" time="1820" acceleration="7379"/>
    <motionState vehicle="11" speed="2276" time="1820" acceleration="8730"/>
    <motionState vehicle="0" speed="2422" time="1830" acceleration="10541"/>
    <motionState vehicle="1" speed="2452" time="1830" acceleration="13636"/>
    <motionState vehicle="2" speed="2067" time="1830" acceleration="7891"/>
    <motionState vehicle="3" speed="2374" time="1830" acceleration="8243"/>
    <motionState vehicle="4" speed="2450" time="1830" acceleration="13636"/>
    <motionState vehicle="5" speed="1809" time="1830" acceleration="3615"/>
    <motionState vehicle="6" speed="1667" time="1830" acceleration="3851"/>
    <motionState vehicle="7" speed="1670" time="1830" acceleration="3955"/>
    <motionState vehicle="8" speed="1685" time="1830" acceleration="4346"/>
    <motionState vehicle="9" speed="1741" time="1830" acceleration="5432"/>
    <motionState vehicle="10" speed="1913" time="1830" acceleration="7358"/>
    <motionState vehicle="11" speed="2285" time="1830" acceleration="8681"/>
    <motionState vehicle="0" speed="2433" time="1840" acceleration="10389"/>
    <motionState vehicle="1" speed="2466" time="1840" acceleration="13636"/>
    <motionState vehicle="2" speed="2075" time="1840" acceleration="7850"/>
    <motionState vehicle="3" speed="2382" time="1840" acceleration="8074"/>
    <motionState vehicle="4" speed="2464" time="1840" acceleration="13636"/>
    <motionState vehicle="5" speed="1813" time="1840" acceleration="3572"/>
    <motionState vehicle="6" speed="1671" time="1840" acceleration="3817"/>
    <motionState vehicle="7" speed="1674" time="1840" acceleration="3924"/>
    <motionState vehicle="8" speed="1689" time="1840" acceleration="4321"/>
    <motionState vehicle="9" speed="1747" time="1840" acceleration="5415"/>
    <motionState vehicle="10" speed="1921" time="1840" acceleration="7337"/>
    <motionState vehicle="11" speed="2294" time="1840" acceleration="8632"/>
    <motionState vehicle="0" speed="2443" time="1850" acceleration="10239"/>
    <motionState vehicle="1" speed="2480" time="1850" acceleration="13636"/>
    <motionState vehicle="2" speed="2083" time="1850" acceleration="7809"/>
    <motionState vehicle="3" speed="2390" time="1850" acceleration="7908"/>
    <motionState vehicle="4" speed="2477" time="1850" acceleration="13636"/>
    <motionState vehicle="5" speed="1816" time="1850" acceleration="3529"/>
    <motionState vehicle="6" speed="1675" time="1850" acceleration="3784"/>
    <motionState vehicle="7" speed="1678" time="1850" acceleration="3894"/>
    <motionState vehicle="8" speed="1693" time="1850" acceleration="4297"/>
    <motionState vehicle="9" speed="1752" time="1850" acceleration="5399"/>
    <motionState vehicle="10" speed="1928" time="1850" acceleration="7316"/>
    <motionState vehicle="11" speed="2302" time="1850" acceleration="8582"/>
    <motionState vehicle="0" speed="2453" time="1860" acceleration="10091"/>
    <motionState vehicle="1" speed="2493" time="1860" acceleration="13636"/>
    <motionState vehicle="2" speed="2091" time="1860" acceleration="7766"/>
    <motionState vehicle="3" speed="2397" time="1860" acceleration="7745"/>
    <motionState vehicle="4" speed="2491" time="1860" acceleration="13636"/>
    <motionState vehicle="5" speed="1820" time="1860" acceleration="3486"/>
    <motionState vehicle="6" speed="1678" time="1860" acceleration="3751"/>
    <motionState vehicle="7" speed="1682" time="1860" acceleration="3863"/>
    <motionState vehicle="8" speed="1697" time="1860" acceleration="4273"/>
    <motionState vehicle="9" speed="1757" time="1860" acceleration="5384"/>
    <motionState vehicle="10" speed="1935" time="1860" acceleration="7295"/>
    <motionState vehicle="11" speed="2311" time="1860" acceleration="8532"/>
    <motionState vehicle="0" speed="2463" time="1870" acceleration="9945"/>
    <motionState vehicle="1" speed="2507" time="1870" acceleration="13636"/>
    <motionState vehicle="2" speed="2098" time="1870" acceleration="7724"/>
    <motionState vehicle="3" speed="2405" time="1870" acceleration="7583"/>
    <motionState vehicle="4" speed="2505" time="1870" acceleration="13636"/>
    <motionState vehicle="5" speed="1823" time="1870" acceleration="3444"/>
    <motionState vehicle="6" speed="1682" time="1870" acceleration="3718"/>
    <motionState vehicle="7" speed="1686" time="1870" acceleration="3833"/>
    <motionState vehicle="8" speed="1702" time="1870" acceleration="4250"/>
    <motionState vehicle="9" speed="1763" time="1870" acceleration="5368"/>
    <motionState vehicle="10" speed="1943" time="1870" acceleration="7274"/>
    <motionState vehicle="11" speed="2319" time="1870" acceleration="8481"/>
    <motionState vehicle="0" speed="2473" time="1880" acceleration="9801"/>
    <motionState vehicle="1" speed="2521" time="1880" acceleration="13636"/>
    <motionState vehicle="2" speed="2106" time="1880" acceleration="7680"/>
    <motionState vehicle="3" speed="2412" time="1880" acceleration="7423"/>
    <motionState vehicle="4" speed="2518" time="1880" acceleration="13636"/>
    <motionState vehicle="5" speed="1826" time="1880" acceleration="3402"/>
    <motionState vehicle="6" speed="1686" time="1880" acceleration="3686"/>
    <motionState vehicle="7" speed="1689" time="1880" acceleration="3804"/>
    <motionState vehicle="8" speed="1706" time="1880" acceleration="4227"/>
    <motionState vehicle="9" speed="1768" time="1880" acceleration="5353"/>
    <motionState vehicle="10" speed="1950" time="1880" acceleration="7253"/>
    <motionState vehicle="11" speed="2328" time="1880" acceleration="8431"/>
    <motionState vehicle="0" speed="2482" time="1890" acceleration="9659"/>
    <motionState vehicle="1" speed="2534" time="1890" acceleration="13636"/>
    <motionState vehicle="2" speed="2114" time="1890" acceleration="7636"/>
    <motionState vehicle="3" speed="2420" time="1890" acceleration="7266"/>
    <motionState vehicle="4" speed="2532" time="1890" acceleration="13636"/>
    <motionState vehicle="5" speed="1830" time="1890" acceleration="3361"/>
    <motionState vehicle="6" speed="1690" time="1890" acceleration="3653"/>
    <motionState vehicle="7" speed="1693" time="1890" acceleration="3774"/>
    <motionState vehicle="8" speed="1710" time="1890" acceleration="4205"/>
    <motionState vehicle="9" speed="1774" time="1890" acceleration="5338"/>
    <motionState vehicle="10" speed="1957" time="1890" acceleration="7232"/>
    <motionState vehicle="11" speed="2336" time="1890" acceleration="8380"/>
    <motionState vehicle="0" speed="2492" time="1900" acceleration="9520"/>
    <motionState vehicle="1" speed="2548" time="1900" acceleration="13636"/>
    <motionState vehicle="2" speed="2121" time="1900" acceleration="7591"/>
    <motionState vehicle="3" speed="2427" time="1900" acceleration="7111"/>
    <motionState vehicle="4" speed="2546" time="1900" acceleration="13636"/>
    <motionState vehicle="5" speed="1833" time="1900" acceleration="3320"/>
    <motionState vehicle="6" speed="1693" time="1900" acceleration="3622"/>
    <motionState vehicle="7" speed="1697" time="1900" acceleration="3746"/>
    <motionState vehicle="8" speed="1714" time="1900" acceleration="4182"/>
    <motionState vehicle="9" speed="1779" time="1900" acceleration="5324"/>
    <motionState vehicle="10" speed="1964" time="1900" acceleration="7211"/>
    <motionState vehicle="11" speed="2344" time="1900" acceleration="8328"/>
    <motionState vehicle="0" speed="2501" time="1910" acceleration="9382"/>
    <motionState vehicle="1" speed="2562" time="1910" acceleration="13636"/>
    <motionState vehicle="2" speed="2129" time="1910" acceleration="7545"/>
    <motionState vehicle="3" speed="2434" time="1910" acceleration="6958"/>
    <motionState vehicle="4" speed="2559" time="1910" acceleration="13636"/>
    <motionState vehicle="5" speed="1836" time="1910" acceleration="3280"/>
    <motionState vehicle="6" speed="1697" time="1910" acceleration="3590"/>
    <motionState vehicle="7" speed="1701" time="1910" acceleration="3717"/>
    <motionState vehicle="8" speed="1719" time="1910" acceleration="4161"/>
    <motionState vehicle="9" speed="1784" time="1910" acceleration="5309"/>
    <motionState vehicle="10" speed="1972" time="1910" acceleration="7190"/>
    <motionState vehicle="11" speed="2353" time="1910" acceleration="8277"/>
    <motionState vehicle="0" speed="2511" time="1920" acceleration="9246"/>
    <motionState vehicle="1" speed="2575" time="1920" acceleration="13636"/>
    <motionState vehicle="2" speed="2136" time="1920" acceleration="7499"/>
    <motionState vehicle="3" speed="2441" time="1920" acceleration="6807"/>
    <motionState vehicle="4" speed="2573" time="1920" acceleration="13636"/>
    <motionState vehicle="5" speed="1840" time="1920" acceleration="3241"/>
    <motionState vehicle="6" speed="1700" time="1920" acceleration="3559"/>
    <motionState vehicle="7" speed="1704" time="1920" acceleration="3689"/>
    <motionState vehicle="8" speed="1723" time="1920" acceleration="4139"/>
    <motionState vehicle="9" speed="1789" time="1920" acceleration="5295"/>
    <motionState vehicle="10" speed="1979" time="1920" acceleration="7169"/>
    <motionState vehicle="11" speed="2361" time="1920" acceleration="8225"/>
    <motionState vehicle="0" speed="2520" time="1930" acceleration="9112"/>
    <motionState vehicle="1" speed="2589" time="1930" acceleration="13636"/>
    <motionState vehicle="2" speed="2144" time="1930" acceleration="7452"/>
    <motionState vehicle="3" speed="2447" time="1930" acceleration="6658"/>
    <motionState vehicle="4" speed="2587" time="1930" acceleration="13636"/>
    <motionState vehicle="5" speed="1843" time="1930" acceleration="3201"/>
    <motionState vehicle="6" speed="1704" time="1930" acceleration="3528"/>
    <motionState vehicle="7" speed="1708" time="1930" acceleration="3661"/>
    <motionState vehicle="8" speed="1727" time="1930" acceleration="4118"/>
    <motionState vehicle="9" speed="1795" time="1930" acceleration="5281"/>
    <motionState vehicle="10" speed="1986" time="1930" acceleration="7148"/>
    <motionState vehicle="11" speed="2369" time="1930" acceleration="8173"/>
    <motionState vehicle="0" speed="2529" time="1940" acceleration="8980"/>
    <motionState vehicle="1" speed="2602" time="1940" acceleration="13636"/>
    <motionState vehicle="2" speed="2151" time="1940" acceleration="7405"/>
    <motionState vehicle="3" speed="2454" time="1940" acceleration="6511"/>
    <motionState vehicle="4" speed="2600" time="1940" acceleration="13636"/>
    <motionState vehicle="5" speed="1846" time="1940" acceleration="3163"/>
    <motionState vehicle="6" speed="1707" time="1940" acceleration="3498"/>
    <motionState vehicle="7" speed="1712" time="1940" acceleration="3634"/>
    <motionState vehicle="8" speed="1731" time="1940" acceleration="4098"/>
    <motionState vehicle="9" speed="1800" time="1940" acceleration="5268"/>
    <motionState vehicle="10" speed="1993" time="1940" acceleration="7128"/>
    <motionState vehicle="11" speed="2377" time="1940" acceleration="8121"/>
    <motionState vehicle="0" speed="2537" time="1950" acceleration="8850"/>
    <motionState vehicle="1" speed="2616" time="1950" acceleration="13636"/>
    <motionState vehicle="2" speed="2158" time="1950" acceleration="7357"/>
    <motionState vehicle="3" speed="2460" time="1950" acceleration="6366"/>
    <motionState vehicle="4" speed="2614" time="1950" acceleration="13636"/>
    <motionState vehicle="5" speed="1849" time="1950" acceleration="3124"/>
    <motionState vehicle="6" speed="1711" time="1950" acceleration="3468"/>
    <motionState vehicle="7" speed="1715" time="1950" acceleration="3607"/>
    <motionState vehicle="8" speed="1735" time="1950" acceleration="4077"/>
    <motionState vehicle="9" speed="1805" time="1950" acceleration="5254"/>
    <motionState vehicle="10" speed="2000" time="1950" acceleration="7107"/>
    <motionState vehicle="11" speed="2385" time="1950" acceleration="8069"/>
    <motionState vehicle="0" speed="2546" time="1960" acceleration="8721"/>
    <motionState vehicle="1" speed="2630" time="1960" acceleration="13636"/>
    <motionState vehicle="2" speed="2166" time="1960" acceleration="7308"/>
    <motionState vehicle="3" speed="2466" time="1960" acceleration="6223"/>
    <motionState vehicle="4" speed="2627" time="1960" acceleration="13636"/>
    <motionState vehicle="5" speed="1852" time="1960" acceleration="3086"/>
    <motionState vehicle="6" speed="1714" time="1960" acceleration="3438"/>
    <motionState vehicle="7" speed="1719" time="1960" acceleration="3580"/>
    <motionState vehicle="8" speed="1739" time="1960" acceleration="4057"/>
    <motionState vehicle="9" speed="1810" time="1960" acceleration="5241"/>
    <motionState vehicle="10" speed="2007" time="1960" acceleration="7086"/>
    <motionState vehicle="11" speed="2393" time="1960" acceleration="8017"/>
    <motionState vehicle="0" speed="2555" time="1970" acceleration="8594"/>
    <motionState vehicle="1" speed="2643" time="1970" acceleration="13636"/>
    <motionState vehicle="2" speed="2173" time="1970" acceleration="7259"/>
    <motionState vehicle="3" speed="2472" time="1970" acceleration="6082"/>
    <motionState vehicle="4" speed="2641" time="1970" acceleration="13636"/>
    <motionState vehicle="5" speed="1855" time="1970" acceleration="3049"/>
    <motionState vehicle="6" speed="1718" time="1970" acceleration="3408"/>
    <motionState vehicle="7" speed="1722" time="1970" acceleration="3554"/>
    <motionState vehicle="8" speed="1743" time="1970" acceleration="4038"/>
    <motionState vehicle="9" speed="1816" time="1970" acceleration="5228"/>
    <motionState vehicle="10" speed="2014" time="1970" acceleration="7065"/>
    <motionState vehicle="11" speed="2401" time="1970" acceleration="7964"/>
    <motionState vehicle="0" speed="2563" time="1980" acceleration="8469"/>
    <motionState vehicle="1" speed="2657" time="1980" acceleration="13636"/>
    <motionState vehicle="2" speed="2180" time="1980" acceleration="7210"/>
    <motionState vehicle="3" speed="2478" time="1980" acceleration="5943"/>
    <motionState vehicle="4" speed="2655" time="1980" acceleration="13636"/>
    <motionState vehicle="5" speed="1858" time="1980" acceleration="3012"/>
    <motionState vehicle="6" speed="1721" time="1980" acceleration="3379"/>
    <motionState vehicle="7" speed="1726" time="1980" acceleration="3527"/>
    <motionState vehicle="8" speed="1747" time="1980" acceleration="4018"/>
    <motionState vehicle="9" speed="1821" time="1980" acceleration="5215"/>
    <motionState vehicle="10" speed="2021" time="1980" acceleration="7044"/>
    <motionState vehicle="11" speed="2409" time="1980" acceleration="7911"/>
    <motionState vehicle="0" speed="2572" time="1990" acceleration="8346"/>
    <motionState vehicle="1" speed="2671" time="1990" acceleration="13636"/>
    <motionState vehicle="2" speed="2187" time="1990" acceleration="7160"/>
    <motionState vehicle="3" speed="2484" time="1990" acceleration="5806"/>
    <motionState vehicle="4" speed="2668" time="1990" acceleration="13636"/>
    <motionState vehicle="5" speed="1861" time="1990" acceleration="2976"/>
    <motionState vehicle="6" speed="1724" time="1990" acceleration="3350"/>
    <motionState vehicle="7" speed="1729" time="1990" acceleration="3502"/>
    <motionState vehicle="8" speed="1751" time="1990" acceleration="3999"/>
    <motionState vehicle="9" speed="1826" time="1990" acceleration="5203"/>
    <motionState vehicle="10" speed="2028" time="1990" acceleration="7023"/>
    <motionState vehicle="11" speed="2417" time="1990" acceleration="7859"/>
    <motionState vehicle="0" speed="2580" time="2000" acceleration="8225"/>
    <motionState vehicle="1" speed="2684" time="2000" acceleration="13636"/>
    <motionState vehicle="2" speed="2194" time="2000" acceleration="7110"/>
    <motionState vehicle="3" speed="2490" time="2000" acceleration="5671"/>
    <motionState vehicle="4" speed="2682" time="2000" acceleration="13636"/>
    <motionState vehicle="5" speed="1864" time="2000" acceleration="2939"/>
    <motionState vehicle="6" speed="1728" time="2000" acceleration="3321"/>
    <motionState vehicle="7" speed="1733" time="2000" acceleration="3476"/>
    <motionState vehicle="8" speed="1755" time="2000" acceleration="3981"/>
    <motionState vehicle="9" speed="1831" time="2000" acceleration="5190"/>
    <motionState vehicle="10" speed="2035" time="2000" acceleration="7002"/>
    <motionState vehicle="11" speed="2425" time="2000" acceleration="7806"/>
    <motionState vehicle="0" speed="2588" time="2010" acceleration="8105"/>
    <motionState vehicle="1" speed="2698" time="2010" acceleration="13636"/>
    <motionState vehicle="2" speed="2202" time="2010" acceleration="7059"/>
    <motionState vehicle="3" speed="2495" time="2010" acceleration="5538"/>
    <motionState vehicle="4" speed="2696" time="2010" acceleration="13636"/>
    <motionState vehicle="5" speed="1867" time="2010" acceleration="2904"/>
    <motionState vehicle="6" speed="1731" time="2010" acceleration="3293"/>
    <motionState vehicle="7" speed="1736" time="2010" acceleration="3451"/>
    <motionState vehicle="8" speed="1759" time="2010" acceleration="3963"/>
    <motionState vehicle="9" speed="1837" time="2010" acceleration="5178"/>
    <motionState vehicle="10" speed="2042" time="2010" acceleration="6981"/>
    <motionState vehicle="11" speed="2432" time="2010" acceleration="7753"/>
    <motionState vehicle="0" speed="2596" time="2020" acceleration="7986"/>
    <motionState vehicle="1" speed="2712" time="2020" acceleration="13636"/>
    <motionState vehicle="2" speed="2209" time="2020" acceleration="7007"/>
    <motionState vehicle="3" speed="2501" time="2020" acceleration="5406"/>
    <motionState vehicle="4" speed="2709" time="2020" acceleration="13636"/>
    <motionState vehicle="5" speed="1870" time="2020" acceleration="2869"/>
    <motionState vehicle="6" speed="1734" time="2020" acceleration="3265"/>
    <motionState vehicle="7" speed="1740" time="2020" acceleration="3427"/>
    <motionState vehicle="8" speed="1763" time="2020" acceleration="3945"/>
    <motionState vehicle="9" speed="1842" time="2020" acceleration="5166"/>
    <motionState vehicle="10" speed="2049" time="2020" acceleration="6960"/>
    <motionState vehicle="11" speed="2440" time="2020" acceleration="7699"/>
    <motionState vehicle="0" speed="2604" time="2030" acceleration="7870"/>
    <motionState vehicle="1" speed="2725" time="2030" acceleration="13636"/>
    <motionState vehicle="2" speed="2216" time="2030" acceleration="6956"/>
    <motionState vehicle="3" speed="2506" time="2030" acceleration="5277"/>
    <motionState vehicle="4" speed="2723" time="2030" acceleration="13636"/>
    <motionState vehicle="5" speed="1873" time="2030" acceleration="2834"/>
    <motionState vehicle="6" speed="1738" time="2030" acceleration="3237"/>
    <motionState vehicle="7" speed="1743" time="2030" acceleration="3402"/>
    <motionState vehicle="8" speed="1767" time="2030" acceleration="3927"/>
    <motionState vehicle="9" speed="1847" time="2030" acceleration="5154"/>
    <motionState vehicle="10" speed="2056" time="2030" acceleration="6939"/>
    <motionState vehicle="11" speed="2448" time="2030" acceleration="7646"/>
    <motionState vehicle="0" speed="2612" time="2040" acceleration="7755"/>
    <motionState vehicle="1" speed="2739" time="2040" acceleration="13636"/>
    <motionState vehicle="2" speed="2222" time="2040" acceleration="6904"/>
    <motionState vehicle="3" speed="2511" time="2040" acceleration="5149"/>
    <motionState vehicle="4" speed="2737" time="2040" acceleration="13636"/>
    <motionState vehicle="5" speed="1876" time="2040" acceleration="2799"/>
    <motionState vehicle="6" speed="1741" time="2040" acceleration="3210"/>
    <motionState vehicle="7" speed="1747" time="2040" acceleration="3378"/>
    <motionState vehicle="8" speed="1771" time="2040" acceleration="3910"/>
    <motionState vehicle="9" speed="1852" time="2040" acceleration="5143"/>
    <motionState vehicle="10" speed="2063" time="2040" acceleration="6918"/>
    <motionState vehicle="11" speed="2455" time="2040" acceleration="7593"/>
    <motionState vehicle="0" speed="2619" time="2050" acceleration="7641"/>
    <motionState vehicle="1" speed="2752" time="2050" acceleration="13636"/>
    <motionState vehicle="2" speed="2229" time="2050" acceleration="6851"/>
    <motionState vehicle="3" speed="2516" time="2050" acceleration="5023"/>
    <motionState vehicle="4" speed="2750" time="2050" acceleration="13636"/>
    <motionState vehicle="5" speed="1878" time="2050" acceleration="2765"/>
    <motionState vehicle="6" speed="1744" time="2050" acceleration="3183"/>
    <motionState vehicle="7" speed="1750" time="2050" acceleration="3355"/>
    <motionState vehicle="8" speed="1775" time="2050" acceleration="3893"/>
    <motionState vehicle="9" speed="1857" time="2050" acceleration="5131"/>
    <motionState vehicle="10" speed="2070" time="2050" acceleration="6897"/>
    <motionState vehicle="11" speed="2463" time="2050" acceleration="7540"/>
    <motionState vehicle="0" speed="2627" time="2060" acceleration="7529"/>
    <motionState vehicle="1" speed="2766" time="2060" acceleration="13636"/>
    <motionState vehicle="2" speed="2236" time="2060" acceleration="6798"/>
    <motionState vehicle="3" speed="2521" time="2060" acceleration="4899"/>
    <motionState vehicle="4" speed="2764" time="2060" acceleration="13636"/>
    <motionState vehicle="5" speed="1881" time="2060" acceleration="2732"/>
    <motionState vehicle="6" speed="1747" time="2060" acceleration="3156"/>
    <motionState vehicle="7" speed="1753" time="2060" acceleration="3331"/>
    <motionState vehicle="8" speed="1779" time="2060" acceleration="3876"/>
    <motionState vehicle="9" speed="1862" time="2060" acceleration="5120"/>
    <motionState vehicle="10" speed="2077" time="2060" acceleration="6876"/>
    <motionState vehicle="11" speed="2470" time="2060" acceleration="7486"/>
    <motionState vehicle="0" speed="2634" time="2070" acceleration="7418"/>
    <motionState vehicle="1" speed="2780" time="2070" acceleration="13636"/>
    <motionState vehicle="2" speed="2243" time="2070" acceleration="6745"/>
    <motionState vehicle="3" speed="2526" time="2070" acceleration="4776"/>
    <motionState vehicle="4" speed="2777" time="2070" acceleration="13636"/>
    <motionState vehicle="5" speed="1884" time="2070" acceleration="2699"/>
    <motionState vehicle="6" speed="1750" time="2070" acceleration="3130"/>
    <motionState vehicle="7" speed="1757" time="2070" acceleration="3308"/>
    <motionState vehicle="8" speed="1782" time="2070" acceleration="3860"/>
    <motionState vehicle="9" speed="1867" time="2070" acceleration="5109"/>
    <motionState vehicle="10" speed="2084" time="2070" acceleration="6855"/>
    <motionState vehicle="11" speed="2478" time="2070" acceleration="7433"/>
    <motionState vehicle="0" speed="2641" time="2080" acceleration="7309"/>
    <motionState vehicle="1" speed="2793" time="2080" acceleration="13636"/>
    <motionState vehicle="2" speed="2249" time="2080" acceleration="6692"/>
    <motionState vehicle="3" speed="2531" time="2080" acceleration="4656"/>
    <motionState vehicle="4" speed="2791" time="2080" acceleration="13636"/>
    <motionState vehicle="5" speed="1886" time="2080" acceleration="2666"/>
    <motionState vehicle="6" speed="1753" time="2080" acceleration="3103"/>
    <motionState vehicle="7" speed="1760" time="2080" acceleration="3286"/>
    <motionState vehicle="8" speed="1786" time="2080" acceleration="3844"/>
    <motionState vehicle="9" speed="1872" time="2080" acceleration="5098"/>
    <motionState vehicle="10" speed="2091" time="2080" acceleration="6834"/>
    <motionState vehicle="11" speed="2485" time="2080" acceleration="7379"/>
    <motionState vehicle="0" speed="2649" time="2090" acceleration="7201"/>
    <motionState vehicle="1" speed="2807" time="2090" acceleration="13636"/>
    <motionState vehicle="2" speed="2256" time="2090" acceleration="6638"/>
    <motionState vehicle="3" speed="2535" time="2090" acceleration="4537"/>
    <motionState vehicle="4" speed="2805" time="2090" acceleration="13636"/>
    <motionState vehicle="5" speed="1889" time="2090" acceleration="2634"/>
    <motionState vehicle="6" speed="1756" time="2090" acceleration="3077"/>
    <motionState vehicle="7" speed="1763" time="2090" acceleration="3263"/>
    <motionState vehicle="8" speed="1790" time="2090" acceleration="3828"/>
    <motionState vehicle="9" speed="1878" time="2090" acceleration="5087"/>
    <motionState vehicle="10" speed="2097" time="2090" acceleration="6812"/>
    <motionState vehicle="11" speed="2493" time="2090" acceleration="7326"/>
    <motionState vehicle="0" speed="2656" time="2100" acceleration="7095"/>
    <motionState vehicle="1" speed="2821" time="2100" acceleration="13636"/>
    <motionState vehicle="2" speed="2263" time="2100" acceleration="6584"/>
    <motionState vehicle="3" speed="2540" time="2100" acceleration="4420"/>
    <motionState vehicle="4" speed="2818" time="2100" acceleration="13636"/>
    <motionState vehicle="5" speed="1892" time="2100" acceleration="2602"/>
    <motionState vehicle="6" speed="1759" time="2100" acceleration="3052"/>
    <motionState vehicle="7" speed="1766" time="2100" acceleration="3241"/>
    <motionState vehicle="8" speed="1794" time="2100" acceleration="3813"/>
    <motionState vehicle="9" speed="1883" time="2100" acceleration="5077"/>
    <motionState vehicle="10" speed="2104" time="2100" acceleration="6791"/>
    <motionState vehicle="11" speed="2500" time="2100" acceleration="7272"/>
    <motionState vehicle="0" speed="2663" time="2110" acceleration="6990"/>
    <motionState vehicle="1" speed="2834" time="2110" acceleration="13636"/>
    <motionState vehicle="2" speed="2269" time="2110" acceleration="6530"/>
    <motionState vehicle="3" speed="2544" time="2110" acceleration="4304"/>
    <motionState vehicle="4" speed="2832" time="2110" acceleration="13636"/>
    <motionState vehicle="5" speed="1894" time="2110" acceleration="2570"/>
    <motionState vehicle="6" speed="1762" time="2110" acceleration="3026"/>
    <motionState vehicle="7" speed="1770" time="2110" acceleration="3219"/>
    <motionState vehicle="8" speed="1798" time="2110" acceleration="3798"/>
    <motionState vehicle="9" speed="1888" time="2110" acceleration="5066"/>
    <motionState vehicle="10" speed="2111" time="2110" acceleration="6770"/>
    <motionState vehicle="11" speed="2507" time="2110" acceleration="7219"/>
    <motionState vehicle="0" speed="2670" time="2120" acceleration="6887"/>
    <motionState vehicle="1" speed="2848" time="2120" acceleration="13636"/>
    <motionState vehicle="2" speed="2276" time="2120" acceleration="6475"/>
    <motionState vehicle="3" speed="2548" time="2120" acceleration="4190"/>
    <motionState vehicle="4" speed="2846" time="2120" acceleration="13636"/>
    <motionState vehicle="5" speed="1897" time="2120" acceleration="2539"/>
    <motionState vehicle="6" speed="1765" time="2120" acceleration="3001"/>
    <motionState vehicle="7" speed="1773" time="2120" acceleration="3198"/>
    <motionState vehicle="8" speed="1801" time="2120" acceleration="3783"/>
    <motionState vehicle="9" speed="1893" time="2120" acceleration="5056"/>
    <motionState vehicle="10" speed="2118" time="2120" acceleration="6748"/>
    <motionState vehicle="11" speed="2514" time="2120" acceleration="7165"/>
    <motionState vehicle="0" speed="2676" time="2130" acceleration="6785"/>
    <motionState vehicle="1" speed="2862" time="2130" acceleration="13636"/>
    <motionState vehicle="2" speed="2282" time="2130" acceleration="6420"/>
    <motionState vehicle="3" speed="2552" time="2130" acceleration="4078"/>
    <motionState vehicle="4" speed="2859" time="2130" acceleration="13636"/>
    <motionState vehicle="5" speed="1899" time="2130" acceleration="2508"/>
    <motionState vehicle="6" speed="1768" time="2130" acceleration="2976"/>
    <motionState vehicle="7" speed="1776" time="2130" acceleration="3177"/>
    <motionState vehicle="8" speed="1805" time="2130" acceleration="3768"/>
    <motionState vehicle="9" speed="1898" time="2130" acceleration="5046"/>
    <motionState vehicle="10" speed="2124" time="2130" acceleration="6727"/>
    <motionState vehicle="11" speed="2521" time="2130" acceleration="7112"/>
    <motionState vehicle="0" speed="2683" time="2140" acceleration="6684"/>
    <motionState vehicle="1" speed="2875" time="2140" acceleration="13636"/>
    <motionState vehicle="2" speed="2289" time="2140" acceleration="6365"/>
    <motionState vehicle="3" speed="2556" time="2140" acceleration="3967"/>
    <motionState vehicle="4" speed="2873" time="2140" acceleration="13636"/>
    <motionState vehicle="5" speed="1902" time="2140" acceleration="2478"/>
    <motionState vehicle="6" speed="1771" time="2140" acceleration="2952"/>
    <motionState vehicle="7" speed="1779" time="2140" acceleration="3156"/>
    <motionState vehicle="8" speed="1809" time="2140" acceleration="3754"/>
    <motionState vehicle="9" speed="1903" time="2140" acceleration="5036"/>
    <motionState vehicle="10" speed="2131" time="2140" acceleration="6705"/>
    <motionState vehicle="11" speed="2528" time="2140" acceleration="7058"/>
    <motionState vehicle="0" speed="2690" time="2150" acceleration="6584"/>
    <motionState vehicle="1" speed="2889" time="2150" acceleration="13636"/>
    <motionState vehicle="2" speed="2295" time="2150" acceleration="6310"/>
    <motionState vehicle="3" speed="2560" time="2150" acceleration="3858"/>
    <motionState vehicle="4" speed="2887" time="2150" acceleration="13636"/>
    <motionState vehicle="5" speed="1904" time="2150" acceleration="2447"/>
    <motionState vehicle="6" speed="1774" time="2150" acceleration="2928"/>
    <motionState vehicle="7" speed="1782" time="2150" acceleration="3135"/>
    <motionState vehicle="8" speed="1813" time="2150" acceleration="3740"/>
    <motionState vehicle="9" speed="1908" time="2150" acceleration="5026"/>
    <motionState vehicle="10" speed="2138" time="2150" acceleration="6683"/>
    <motionState vehicle="11" speed="2535" time="2150" acceleration="7005"/>
    <motionState vehicle="0" speed="2696" time="2160" acceleration="6486"/>
    <motionState vehicle="1" speed="2902" time="2160" acceleration="13636"/>
    <motionState vehicle="2" speed="2301" time="2160" acceleration="6254"/>
    <motionState vehicle="3" speed="2564" time="2160" acceleration="3750"/>
    <motionState vehicle="4" speed="2900" time="2160" acceleration="13636"/>
    <motionState vehicle="5" speed="1907" time="2160" acceleration="2418"/>
    <motionState vehicle="6" speed="1777" time="2160" acceleration="2904"/>
    <motionState vehicle="7" speed="1785" time="2160" acceleration="3115"/>
    <motionState vehicle="8" speed="1816" time="2160" acceleration="3726"/>
    <motionState vehicle="9" speed="1913" time="2160" acceleration="5016"/>
    <motionState vehicle="10" speed="2144" time="2160" acceleration="6662"/>
    <motionState vehicle="11" speed="2542" time="2160" acceleration="6951"/>
    <motionState vehicle="0" speed="2703" time="2170" acceleration="6389"/>
    <motionState vehicle="1" speed="2916" time="2170" acceleration="13636"/>
    <motionState vehicle="2" speed="2307" time="2170" acceleration="6198"/>
    <motionState vehicle="3" speed="2567" time="2170" acceleration="3644"/>
    <motionState vehicle="4" speed="2914" time="2170" acceleration="13636"/>
    <motionState vehicle="5" speed="1909" time="2170" acceleration="2388"/>
    <motionState vehicle="6" speed="1780" time="2170" acceleration="2880"/>
    <motionState vehicle="7" speed="1788" time="2170" acceleration="3095"/>
    <motionState vehicle="8" speed="1820" time="2170" acceleration="3713"/>
    <motionState vehicle="9" speed="1918" time="2170" acceleration="5007"/>
    <motionState vehicle="10" speed="2151" time="2170" acceleration="6640"/>
    <motionState vehicle="11" speed="2549" time="2170" acceleration="6898"/>
    <motionState vehicle="0" speed="2709" time="2180" acceleration="6293"/>
    <motionState vehicle="1" speed="2930" time="2180" acceleration="13636"/>
    <motionState vehicle="2" speed="2313" time="2180" acceleration="6142"/>
    <motionState vehicle="3" speed="2571" time="2180" acceleration="3540"/>
    <motionState vehicle="4" speed="2927" time="2180" acceleration="13636"/>
    <motionState vehicle="5" speed="1911" time="2180" acceleration="2360"/>
    <motionState vehicle="6" speed="1783" time="2180" acceleration="2856"/>
    <motionState vehicle="7" speed="1792" time="2180" acceleration="3076"/>
    <motionState vehicle="8" speed="1824" time="2180" acceleration="3700"/>
    <motionState vehicle="9" speed="1923" time="2180" acceleration="4997"/>
    <motionState vehicle="10" speed="2158" time="2180" acceleration="6618"/>
    <motionState vehicle="11" speed="2556" time="2180" acceleration="6844"/>
    <motionState vehicle="0" speed="2715" time="2190" acceleration="6199"/>
    <motionState vehicle="1" speed="2943" time="2190" acceleration="13636"/>
    <motionState vehicle="2" speed="2320" time="2190" acceleration="6086"/>
    <motionState vehicle="3" speed="2574" time="2190" acceleration="3437"/>
    <motionState vehicle="4" speed="2941" time="2190" acceleration="13636"/>
    <motionState vehicle="5" speed="1914" time="2190" acceleration="2331"/>
    <motionState vehicle="6" speed="1786" time="2190" acceleration="2833"/>
    <motionState vehicle="7" speed="1795" time="2190" acceleration="3056"/>
    <motionState vehicle="8" speed="1828" time="2190" acceleration="3687"/>
    <motionState vehicle="9" speed="1928" time="2190" acceleration="4988"/>
    <motionState vehicle="10" speed="2164" time="2190" acceleration="6596"/>
    <motionState vehicle="11" speed="2563" time="2190" acceleration="6791"/>
    <motionState vehicle="0" speed="2721" time="2200" acceleration="6105"/>
    <motionState vehicle="1" speed="2957" time="2200" acceleration="13636"/>
    <motionState vehicle="2" speed="2326" time="2200" acceleration="6030"/>
    <motionState vehicle="3" speed="2578" time="2200" acceleration="3336"/>
    <motionState vehicle="4" speed="2955" time="2200" acceleration="13636"/>
    <motionState vehicle="5" speed="1916" time="2200" acceleration="2303"/>
    <motionState vehicle="6" speed="1789" time="2200" acceleration="2810"/>
    <motionState vehicle="7" speed="1798" time="2200" acceleration="3037"/>
    <motionState vehicle="8" speed="1831" time="2200" acceleration="3675"/>
    <motionState vehicle="9" speed="1933" time="2200" acceleration="4979"/>
    <motionState vehicle="10" speed="2171" time="2200" acceleration="6574"/>
    <motionState vehicle="11" speed="2570" time="2200" acceleration="6738"/>
    <motionState vehicle="0" speed="2727" time="2210" acceleration="6013"/>
    <motionState vehicle="1" speed="2971" time="2210" acceleration="13636"/>
    <motionState vehicle="2" speed="2332" time="2210" acceleration="5974"/>
    <motionState vehicle="3" speed="2581" time="2210" acceleration="3236"/>
    <motionState vehicle="4" speed="2968" time="2210" acceleration="13636"/>
    <motionState vehicle="5" speed="1918" time="2210" acceleration="2275"/>
    <motionState vehicle="6" speed="1791" time="2210" acceleration="2788"/>
    <motionState vehicle="7" speed="1801" time="2210" acceleration="3018"/>
    <motionState vehicle="8" speed="1835" time="2210" acceleration="3662"/>
    <motionState vehicle="9" speed="1938" time="2210" acceleration="4970"/>
    <motionState vehicle="10" speed="2177" time="2210" acceleration="6552"/>
    <motionState vehicle="11" speed="2576" time="2210" acceleration="6684"/>
    <motionState vehicle="0" speed="2733" time="2220" acceleration="5922"/>
    <motionState vehicle="1" speed="2984" time="2220" acceleration="13636"/>
    <motionState vehicle="2" speed="2337" time="2220" acceleration="5917"/>
    <motionState vehicle="3" speed="2584" time="2220" acceleration="3138"/>
    <motionState vehicle="4" speed="2982" time="2220" acceleration="13636"/>
    <motionState vehicle="5" speed="1921" time="2220" acceleration="2247"/>
    <motionState vehicle="6" speed="1794" time="2220" acceleration="2765"/>
    <motionState vehicle="7" speed="1804" time="2220" acceleration="3000"/>
    <motionState vehicle="8" speed="1839" time="2220" acceleration="3650"/>
    <motionState vehicle="9" speed="1943" time="2220" acceleration="4961"/>
    <motionState vehicle="10" speed="2184" time="2220" acceleration="6530"/>
    <motionState vehicle="11" speed="2583" time="2220" acceleration="6631"/>
    <motionState vehicle="0" speed="2739" time="2230" acceleration="5832"/>
    <motionState vehicle="1" speed="2998" time="2230" acceleration="13636"/>
    <motionState vehicle="2" speed="2343" time="2230" acceleration="5861"/>
    <motionState vehicle="3" speed="2587" time="2230" acceleration="3041"/>
    <motionState vehicle="4" speed="2996" time="2230" acceleration="13636"/>
    <motionState vehicle="5" speed="1923" time="2230" acceleration="2220"/>
    <motionState vehicle="6" speed="1797" time="2230" acceleration="2743"/>
    <motionState vehicle="7" speed="1807" time="2230" acceleration="2982"/>
    <motionState vehicle="8" speed="1842" time="2230" acceleration="3638"/>
    <motionState vehicle="9" speed="1948" time="2230" acceleration="4952"/>
    <motionState vehicle="10" speed="2190" time="2230" acceleration="6508"/>
    <motionState vehicle="11" speed="2589" time="2230" acceleration="6578"/>
    <motionState vehicle="0" speed="2745" time="2240" acceleration="5744"/>
    <motionState vehicle="1" speed="3012" time="2240" acceleration="13636"/>
    <motionState vehicle="2" speed="2349" time="2240" acceleration="5804"/>
    <motionState vehicle="3" speed="2590" time="2240" acceleration="2945"/>
    <motionState vehicle="4" speed="3009" time="2240" acceleration="13636"/>
    <motionState vehicle="5" speed="1925" time="2240" acceleration="2193"/>
    <motionState vehicle="6" speed="1800" time="2240" acceleration="2721"/>
    <motionState vehicle="7" speed="1810" time="2240" acceleration="2964"/>
    <motionState vehicle="8" speed="1846" time="2240" acceleration="3627"/>
    <motionState vehicle="9" speed="1953" time="2240" acceleration="4943"/>
    <motionState vehicle="10" speed="2197" time="2240" acceleration="6486"/>
    <motionState vehicle="11" speed="2596" time="2240" acceleration="6525"/>
    <motionState vehicle="0" speed="2750" time="2250" acceleration="5656"/>
    <motionState vehicle="1" speed="3025" time="2250" acceleration="13636"/>
    <motionState vehicle="2" speed="2355" time="2250" acceleration="5747"/>
    <motionState vehicle="3" speed="2593" time="2250" acceleration="2851"/>
    <motionState vehicle="4" speed="3023" time="2250" acceleration="13636"/>
    <motionState vehicle="5" speed="1927" time="2250" acceleration="2167"/>
    <motionState vehicle="6" speed="1802" time="2250" acceleration="2700"/>
    <motionState vehicle="7" speed="1813" time="2250" acceleration="2946"/>
    <motionState vehicle="8" speed="1849" time="2250" acceleration="3616"/>
    <motionState vehicle="9" speed="1958" time="2250" acceleration="4934"/>
    <motionState vehicle="10" speed="2203" time="2250" acceleration="6463"/>
    <motionState vehicle="11" speed="2602" time="2250" acceleration="6472"/>
    <motionState vehicle="0" speed="2756" time="2260" acceleration="5569"/>
    <motionState vehicle="1" speed="3039" time="2260" acceleration="13636"/>
    <motionState vehicle="2" speed="2361" time="2260" acceleration="5690"/>
    <motionState vehicle="3" speed="2596" time="2260" acceleration="2758"/>
    <motionState vehicle="4" speed="3037" time="2260" acceleration="13636"/>
    <motionState vehicle="5" speed="1929" time="2260" acceleration="2140"/>
    <motionState vehicle="6" speed="1805" time="2260" acceleration="2678"/>
    <motionState vehicle="7" speed="1815" time="2260" acceleration="2929"/>
    <motionState vehicle="8" speed="1853" time="2260" acceleration="3604"/>
    <motionState vehicle="9" speed="1962" time="2260" acceleration="4926"/>
    <motionState vehicle="10" speed="2210" time="2260" acceleration="6441"/>
    <motionState vehicle="11" speed="2609" time="2260" acceleration="6419"/>
    <motionState vehicle="0" speed="2761" time="2270" acceleration="5484"/>
    <motionState vehicle="1" speed="3052" time="2270" acceleration="13636"/>
    <motionState vehicle="2" speed="2366" time="2270" acceleration="5633"/>
    <motionState vehicle="3" speed="2598" time="2270" acceleration="2667"/>
    <motionState vehicle="4" speed="3050" time="2270" acceleration="13636"/>
    <motionState vehicle="5" speed="1931" time="2270" acceleration="2115"/>
    <motionState vehicle="6" speed="1808" time="2270" acceleration="2657"/>
    <motionState vehicle="7" speed="1818" time="2270" acceleration="2912"/>
    <motionState vehicle="8" speed="1857" time="2270" acceleration="3594"/>
    <motionState vehicle="9" speed="1967" time="2270" acceleration="4917"/>
    <motionState vehicle="10" speed="2216" time="2270" acceleration="6418"/>
    <motionState vehicle="11" speed="2615" time="2270" acceleration="6367"/>
    <motionState vehicle="0" speed="2767" time="2280" acceleration="5400"/>
    <motionState vehicle="1" speed="3066" time="2280" acceleration="13636"/>
    <motionState vehicle="2" speed="2372" time="2280" acceleration="5576"/>
    <motionState vehicle="3" speed="2601" time="2280" acceleration="2577"/>
    <motionState vehicle="4" speed="3064" time="2280" acceleration="13636"/>
    <motionState vehicle="5" speed="1933" time="2280" acceleration="2089"/>
    <motionState vehicle="6" speed="1810" time="2280" acceleration="2636"/>
    <motionState vehicle="7" speed="1821" time="2280" acceleration="2895"/>
    <motionState vehicle="8" speed="1860" time="2280" acceleration="3583"/>
    <motionState vehicle="9" speed="1972" time="2280" acceleration="4909"/>
    <motionState vehicle="10" speed="2223" time="2280" acceleration="6396"/>
    <motionState vehicle="11" speed="2622" time="2280" acceleration="6314"/>
    <motionState vehicle="0" speed="2772" time="2290" acceleration="5316"/>
    <motionState vehicle="1" speed="3080" time="2290" acceleration="13636"/>
    <motionState vehicle="2" speed="2377" time="2290" acceleration="5519"/>
    <motionState vehicle="3" speed="2603" time="2290" acceleration="2489"/>
    <motionState vehicle="4" speed="3077" time="2290" acceleration="13636"/>
    <motionState vehicle="5" speed="1936" time="2290" acceleration="2064"/>
    <motionState vehicle="6" speed="1813" time="2290" acceleration="2616"/>
    <motionState vehicle="7" speed="1824" time="2290" acceleration="2878"/>
    <motionState vehicle="8" speed="1864" time="2290" acceleration="3573"/>
    <motionState vehicle="9" speed="1977" time="2290" acceleration="4900"/>
    <motionState vehicle="10" speed="2229" time="2290" acceleration="6373"/>
    <motionState vehicle="11" speed="2628" time="2290" acceleration="6262"/>
    <motionState vehicle="0" speed="2777" time="2300" acceleration="5234"/>
    <motionState vehicle="1" speed="3093" time="2300" acceleration="13636"/>
    <motionState vehicle="2" speed="2383" time="2300" acceleration="5462"/>
    <motionState vehicle="3" speed="2606" time="2300" acceleration="2401"/>
    <motionState vehicle="4" speed="3091" time="2300" acceleration="13636"/>
    <motionState vehicle="5" speed="1938" time="2300" acceleration="2039"/>
    <motionState vehicle="6" speed="1815" time="2300" acceleration="2595"/>
    <motionState vehicle="7" speed="1827" time="2300" acceleration="2862"/>
    <motionState vehicle="8" speed="1867" time="2300" acceleration="3563"/>
    <motionState vehicle="9" speed="1982" time="2300" acceleration="4892"/>
    <motionState vehicle="10" speed="2235" time="2300" acceleration="6351"/>
    <motionState vehicle="11" speed="2634" time="2300" acceleration="6209"/>
    <motionState vehicle="0" speed="2782" time="2310" acceleration="5152"/>
    <motionState vehicle="1" speed="3107" time="2310" acceleration="13636"/>
    <motionState vehicle="2" speed="2388" time="2310" acceleration="5404"/>
    <motionState vehicle="3" speed="2608" time="2310" acceleration="2316"/>
    <motionState vehicle="4" speed="3105" time="2310" acceleration="13636"/>
    <motionState vehicle="5" speed="1940" time="2310" acceleration="2014"/>
    <motionState vehicle="6" speed="1818" time="2310" acceleration="2575"/>
    <motionState vehicle="7" speed="1830" time="2310" acceleration="2846"/>
    <motionState vehicle="8" speed="1871" time="2310" acceleration="3553"/>
    <motionState vehicle="9" speed="1987" time="2310" acceleration="4884"/>
    <motionState vehicle="10" speed="2242" time="2310" acceleration="6328"/>
    <motionState vehicle="11" speed="2640" time="2310" acceleration="6157"/>
    <motionState vehicle="0" speed="2788" time="2320" acceleration="5072"/>
    <motionState vehicle="1" speed="3121" time="2320" acceleration="13636"/>
    <motionState vehicle="2" speed="2393" time="2320" acceleration="5347"/>
    <motionState vehicle="3" speed="2610" time="2320" acceleration="2231"/>
    <motionState vehicle="4" speed="3118" time="2320" acceleration="13636"/>
    <motionState vehicle="5" speed="1942" time="2320" acceleration="1990"/>
    <motionState vehicle="6" speed="1821" time="2320" acceleration="2555"/>
    <motionState vehicle="7" speed="1833" time="2320" acceleration="2831"/>
    <motionState vehicle="8" speed="1874" time="2320" acceleration="3543"/>
    <motionState vehicle="9" speed="1992" time="2320" acceleration="4876"/>
    <motionState vehicle="10" speed="2248" time="2320" acceleration="6305"/>
    <motionState vehicle="11" speed="2646" time="2320" acceleration="6105"/>
    <motionState vehicle="0" speed="2793" time="2330" acceleration="4993"/>
    <motionState vehicle="1" speed="3134" time="2330" acceleration="13636"/>
    <motionState vehicle="2" speed="2399" time="2330" acceleration="5290"/>
    <motionState vehicle="3" speed="2612" time="2330" acceleration="2148"/>
    <motionState vehicle="4" speed="3132" time="2330" acceleration="13636"/>
    <motionState vehicle="5" speed="1944" time="2330" acceleration="1966"/>
    <motionState vehicle="6" speed="1823" time="2330" acceleration="2536"/>
    <motionState vehicle="7" speed="1836" time="2330" acceleration="2815"/>
    <motionState vehicle="8" speed="1878" time="2330" acceleration="3534"/>
    <motionState vehicle="9" speed="1997" time="2330" acceleration="4868"/>
    <motionState vehicle="10" speed="2254" time="2330" acceleration="6282"/>
    <motionState vehicle="11" speed="2652" time="2330" acceleration="6053"/>
    <motionState vehicle="0" speed="2797" time="2340" acceleration="4914"/>
    <motionState vehicle="1" speed="3148" time="2340" acceleration="13636"/>
    <motionState vehicle="2" speed="2404" time="2340" acceleration="5233"/>
    <motionState vehicle="3" speed="2615" time="2340" acceleration="2066"/>
    <motionState vehicle="4" speed="3146" time="2340" acceleration="13636"/>
    <motionState vehicle="5" speed="1945" time="2340" acceleration="1942"/>
    <motionState vehicle="6" speed="1826" time="2340" acceleration="2516"/>
    <motionState vehicle="7" speed="1838" time="2340" acceleration="2800"/>
    <motionState vehicle="8" speed="1881" time="2340" acceleration="3525"/>
    <motionState vehicle="9" speed="2002" time="2340" acceleration="4860"/>
    <motionState vehicle="10" speed="2261" time="2340" acceleration="6259"/>
    <motionState vehicle="11" speed="2658" time="2340" acceleration="6001"/>
    <motionState vehicle="0" speed="2802" time="2350" acceleration="4837"/>
    <motionState vehicle="1" speed="3162" time="2350" acceleration="13636"/>
    <motionState vehicle="2" speed="2409" time="2350" acceleration="5176"/>
    <motionState vehicle="3" speed="2617" time="2350" acceleration="1985"/>
    <motionState vehicle="4" speed="3159" time="2350" acceleration="13636"/>
    <motionState vehicle="5" speed="1947" time="2350" acceleration="1919"/>
    <motionState vehicle="6" speed="1828" time="2350" acceleration="2497"/>
    <motionState vehicle="7" speed="1841" time="2350" acceleration="2785"/>
    <motionState vehicle="8" speed="1885" time="2350" acceleration="3516"/>
    <motionState vehicle="9" speed="2006" time="2350" acceleration="4852"/>
    <motionState vehicle="10" speed="2267" time="2350" acceleration="6236"/>
    <motionState vehicle="11" speed="2664" time="2350" acceleration="5949"/>
    <motionState vehicle="0" speed="2807" time="2360" acceleration="4760"/>
    <motionState vehicle="1" speed="3175" time="2360" acceleration="13636"/>
    <motionState vehicle="2" speed="2414" time="2360" acceleration="5118"/>
    <motionState vehicle="3" speed="2618" time="2360" acceleration="1906"/>
    <motionState vehicle="4" speed="3173" time="2360" acceleration="13636"/>
    <motionState vehicle="5" speed="1949" time="2360" acceleration="1896"/>
    <motionState vehicle="6" speed="1831" time="2360" acceleration="2478"/>
    <motionState vehicle="7" speed="1844" time="2360" acceleration="2770"/>
    <motionState vehicle="8" speed="1889" time="2360" acceleration="3507"/>
    <motionState vehicle="9" speed="2011" time="2360" acceleration="4844"/>
    <motionState vehicle="10" speed="2273" time="2360" acceleration="6213"/>
    <motionState vehicle="11" speed="2670" time="2360" acceleration="5897"/>
    <motionState vehicle="0" speed="2812" time="2370" acceleration="4684"/>
    <motionState vehicle="1" speed="3189" time="2370" acceleration="13636"/>
    <motionState vehicle="2" speed="2419" time="2370" acceleration="5061"/>
    <motionState vehicle="3" speed="2620" time="2370" acceleration="1827"/>
    <motionState vehicle="4" speed="3187" time="2370" acceleration="13636"/>
    <motionState vehicle="5" speed="1951" time="2370" acceleration="1873"/>
    <motionState vehicle="6" speed="1833" time="2370" acceleration="2459"/>
    <motionState vehicle="7" speed="1847" time="2370" acceleration="2756"/>
    <motionState vehicle="8" speed="1892" time="2370" acceleration="3498"/>
    <motionState vehicle="9" speed="2016" time="2370" acceleration="4836"/>
    <motionState vehicle="10" speed="2279" time="2370" acceleration="6190"/>
    <motionState vehicle="11" speed="2676" time="2370" acceleration="5846"/>
    <motionState vehicle="0" speed="2816" time="2380" acceleration="4609"/>
    <motionState vehicle="1" speed="3202" time="2380" acceleration="13636"/>
    <motionState vehicle="2" speed="2424" time="2380" acceleration="5004"/>
    <motionState vehicle="3" speed="2622" time="2380" acceleration="1750"/>
    <motionState vehicle="4" speed="3200" time="2380" acceleration="13636"/>
    <motionState vehicle="5" speed="1953" time="2380" acceleration="1851"/>
    <motionState vehicle="6" speed="1836" time="2380" acceleration="2441"/>
    <motionState vehicle="7" speed="1849" time="2380" acceleration="2742"/>
    <motionState vehicle="8" speed="1896" time="2380" acceleration="3490"/>
    <motionState vehicle="9" speed="2021" time="2380" acceleration="4829"/>
    <motionState vehicle="10" speed="2285" time="2380" acceleration="6166"/>
    <motionState vehicle="11" speed="2682" time="2380" acceleration="5794"/>
    <motionState vehicle="0" speed="2821" time="2390" acceleration="4535"/>
    <motionState vehicle="1" speed="3216" time="2390" acceleration="13636"/>
    <motionState vehicle="2" speed="2429" time="2390" acceleration="4947"/>
    <motionState vehicle="3" speed="2624" time="2390" acceleration="1674"/>
    <motionState vehicle="4" speed="3214" time="2390" acceleration="13636"/>
    <motionState vehicle="5" speed="1955" time="2390" acceleration="1829"/>
    <motionState vehicle="6" speed="1838" time="2390" acceleration="2423"/>
    <motionState vehicle="7" speed="1852" time="2390" acceleration="2728"/>
    <motionState vehicle="8" speed="1899" time="2390" acceleration="3482"/>
    <motionState vehicle="9" speed="2026" time="2390" acceleration="4821"/>
    <motionState vehicle="10" speed="2292" time="2390" acceleration="6143"/>
    <motionState vehicle="11" speed="2688" time="2390" acceleration="5743"/>
    <motionState vehicle="0" speed="2825" time="2400" acceleration="4462"/>
    <motionState vehicle="1" speed="3230" time="2400" acceleration="13636"/>
    <motionState vehicle="2" speed="2434" time="2400" acceleration="4890"/>
    <motionState vehicle="3" speed="2625" time="2400" acceleration="1600"/>
    <motionState vehicle="4" speed="3227" time="2400" acceleration="13636"/>
    <motionState vehicle="5" speed="1957" time="2400" acceleration="1807"/>
    <motionState vehicle="6" speed="1840" time="2400" acceleration="2405"/>
    <motionState vehicle="7" speed="1855" time="2400" acceleration="2714"/>
    <motionState vehicle="8" speed="1902" time="2400" acceleration="3474"/>
    <motionState vehicle="9" speed="2031" time="2400" acceleration="4813"/>
    <motionState vehicle="10" speed="2298" time="2400" acceleration="6119"/>
    <motionState vehicle="11" speed="2693" time="2400" acceleration="5692"/>
    <motionState vehicle="0" speed="2830" time="2410" acceleration="4390"/>
    <motionState vehicle="1" speed="3243" time="2410" acceleration="13636"/>
    <motionState vehicle="2" speed="2439" time="2410" acceleration="4833"/>
    <motionState vehicle="3" speed="2627" time="2410" acceleration="1526"/>
    <motionState vehicle="4" speed="3241" time="2410" acceleration="13636"/>
    <motionState vehicle="5" speed="1958" time="2410" acceleration="1785"/>
    <motionState vehicle="6" speed="1843" time="2410" acceleration="2387"/>
    <motionState vehicle="7" speed="1858" time="2410" acceleration="2701"/>
    <motionState vehicle="8" speed="1906" time="2410" acceleration="3466"/>
    <motionState vehicle="9" speed="2035" time="2410" acceleration="4806"/>
    <motionState vehicle="10" speed="2304" time="2410" acceleration="6096"/>
    <motionState vehicle="11" speed="2699" time="2410" acceleration="5641"/>
    <motionState vehicle="0" speed="2834" time="2420" acceleration="4319"/>
    <motionState vehicle="1" speed="3257" time="2420" acceleration="13636"/>
    <motionState vehicle="2" speed="2444" time="2420" acceleration="4776"/>
    <motionState vehicle="3" speed="2628" time="2420" acceleration="1454"/>
    <motionState vehicle="4" speed="3255" time="2420" acceleration="13636"/>
    <motionState vehicle="5" speed="1960" time="2420" acceleration="1764"/>
    <motionState vehicle="6" speed="1845" time="2420" acceleration="2370"/>
    <motionState vehicle="7" speed="1860" time="2420" acceleration="2687"/>
    <motionState vehicle="8" speed="1909" time="2420" acceleration="3458"/>
    <motionState vehicle="9" speed="2040" time="2420" acceleration="4798"/>
    <motionState vehicle="10" speed="2310" time="2420" acceleration="6072"/>
    <motionState vehicle="11" speed="2704" time="2420" acceleration="5590"/>
    <motionState vehicle="0" speed="2838" time="2430" acceleration="4248"/>
    <motionState vehicle="1" speed="3271" time="2430" acceleration="13636"/>
    <motionState vehicle="2" speed="2449" time="2430" acceleration="4719"/>
    <motionState vehicle="3" speed="2630" time="2430" acceleration="1383"/>
    <motionState vehicle="4" speed="3268" time="2430" acceleration="13636"/>
    <motionState vehicle="5" speed="1962" time="2430" acceleration="1743"/>
    <motionState vehicle="6" speed="1847" time="2430" acceleration="2352"/>
    <motionState vehicle="7" speed="1863" time="2430" acceleration="2674"/>
    <motionState vehicle="8" speed="1913" time="2430" acceleration="3451"/>
    <motionState vehicle="9" speed="2045" time="2430" acceleration="4791"/>
    <motionState vehicle="10" speed="2316" time="2430" acceleration="6048"/>
    <motionState vehicle="11" speed="2710" time="2430" acceleration="5540"/>
    <motionState vehicle="0" speed="2842" time="2440" acceleration="4178"/>
    <motionState vehicle="1" speed="3284" time="2440" acceleration="13636"/>
    <motionState vehicle="2" speed="2453" time="2440" acceleration="4662"/>
    <motionState vehicle="3" speed="2631" time="2440" acceleration="1313"/>
    <motionState vehicle="4" speed="3282" time="2440" acceleration="13636"/>
    <motionState vehicle="5" speed="1964" time="2440" acceleration="1722"/>
    <motionState vehicle="6" speed="1850" time="2440" acceleration="2335"/>
    <motionState vehicle="7" speed="1866" time="2440" acceleration="2662"/>
    <motionState vehicle="8" speed="1916" time="2440" acceleration="3444"/>
    <motionState vehicle="9" speed="2050" time="2440" acceleration="4783"/>
    <motionState vehicle="10" speed="2322" time="2440" acceleration="6025"/>
    <motionState vehicle="11" speed="2716" time="2440" acceleration="5489"/>
    <motionState vehicle="0" speed="2847" time="2450" acceleration="4109"/>
    <motionState vehicle="1" speed="3298" time="2450" acceleration="13636"/>
    <motionState vehicle="2" speed="2458" time="2450" acceleration="4606"/>
    <motionState vehicle="3" speed="2632" time="2450" acceleration="1244"/>
    <motionState vehicle="4" speed="3296" time="2450" acceleration="13636"/>
    <motionState vehicle="5" speed="1965" time="2450" acceleration="1702"/>
    <motionState vehicle="6" speed="1852" time="2450" acceleration="2318"/>
    <motionState vehicle="7" speed="1868" time="2450" acceleration="2649"/>
    <motionState vehicle="8" speed="1920" time="2450" acceleration="3437"/>
    <motionState vehicle="9" speed="2055" time="2450" acceleration="4776"/>
    <motionState vehicle="10" speed="2328" time="2450" acceleration="6001"/>
    <motionState vehicle="11" speed="2721" time="2450" acceleration="5439"/>
    <motionState vehicle="0" speed="2851" time="2460" acceleration="4041"/>
    <motionState vehicle="1" speed="3312" time="2460" acceleration="13636"/>
    <motionState vehicle="2" speed="2462" time="2460" acceleration="4549"/>
    <motionState vehicle="3" speed="2633" time="2460" acceleration="1176"/>
    <motionState vehicle="4" speed="3309" time="2460" acceleration="13636"/>
    <motionState vehicle="5" speed="1967" time="2460" acceleration="1682"/>
    <motionState vehicle="6" speed="1854" time="2460" acceleration="2302"/>
    <motionState vehicle="7" speed="1871" time="2460" acceleration="2637"/>
    <motionState vehicle="8" speed="1923" time="2460" acceleration="3430"/>
    <motionState vehicle="9" speed="2059" time="2460" acceleration="4768"/>
    <motionState vehicle="10" speed="2334" time="2460" acceleration="5977"/>
    <motionState vehicle="11" speed="2726" time="2460" acceleration="5389"/>
    <motionState vehicle="0" speed="2855" time="2470" acceleration="3974"/>
    <motionState vehicle="1" speed="3325" time="2470" acceleration="13636"/>
    <motionState vehicle="2" speed="2467" time="2470" acceleration="4493"/>
    <motionState vehicle="3" speed="2634" time="2470" acceleration="1110"/>
    <motionState vehicle="4" speed="3323" time="2470" acceleration="13636"/>
    <motionState vehicle="5" speed="1969" time="2470" acceleration="1662"/>
    <motionState vehicle="6" speed="1857" time="2470" acceleration="2285"/>
    <motionState vehicle="7" speed="1873" time="2470" acceleration="2625"/>
    <motionState vehicle="8" speed="1927" time="2470" acceleration="3423"/>
    <motionState vehicle="9" speed="2064" time="2470" acceleration="4761"/>
    <motionState vehicle="10" speed="2340" time="2470" acceleration="5953"/>
    <motionState vehicle="11" speed="2732" time="2470" acceleration="5339"/>
    <motionState vehicle="0" speed="2859" time="2480" acceleration="3907"/>
    <motionState vehicle="1" speed="3339" time="2480" acceleration="13636"/>
    <motionState vehicle="2" speed="2471" time="2480" acceleration="4436"/>
    <motionState vehicle="3" speed="2636" time="2480" acceleration="1044"/>
    <motionState vehicle="4" speed="3337" time="2480" acceleration="13636"/>
    <motionState vehicle="5" speed="1970" time="2480" acceleration="1642"/>
    <motionState vehicle="6" speed="1859" time="2480" acceleration="2269"/>
    <motionState vehicle="7" speed="1876" time="2480" acceleration="2613"/>
    <motionState vehicle="8" speed="1930" time="2480" acceleration="3417"/>
    <motionState vehicle="9" speed="2069" time="2480" acceleration="4753"/>
    <motionState vehicle="10" speed="2346" time="2480" acceleration="5929"/>
    <motionState vehicle="11" speed="2737" time="2480" acceleration="5289"/>
    <motionState vehicle="0" speed="2862" time="2490" acceleration="3841"/>
    <motionState vehicle="1" speed="3352" time="2490" acceleration="13636"/>
    <motionState vehicle="2" speed="2476" time="2490" acceleration="4380"/>
    <motionState vehicle="3" speed="2636" time="2490" acceleration="980"/>
    <motionState vehicle="4" speed="3350" time="2490" acceleration="13636"/>
    <motionState vehicle="5" speed="1972" time="2490" acceleration="1623"/>
    <motionState vehicle="6" speed="1861" time="2490" acceleration="2253"/>
    <motionState vehicle="7" speed="1879" time="2490" acceleration="2602"/>
    <motionState vehicle="8" speed="1933" time="2490" acceleration="3411"/>
    <motionState vehicle="9" speed="2074" time="2490" acceleration="4746"/>
    <motionState vehicle="10" speed="2352" time="2490" acceleration="5905"/>
    <motionState vehicle="11" speed="2742" time="2490" acceleration="5240"/>
    <motionState vehicle="0" speed="2866" time="2500" acceleration="3776"/>
    <motionState vehicle="1" speed="3366" time="2500" acceleration="13636"/>
    <motionState vehicle="2" speed="2480" time="2500" acceleration="4324"/>
    <motionState vehicle="3" speed="2637" time="2500" acceleration="916"/>
    <motionState vehicle="4" speed="3364" time="2500" acceleration="13636"/>
    <motionState vehicle="5" speed="1974" time="2500" acceleration="1604"/>
    <motionState vehicle="6" speed="1863" time="2500" acceleration="2238"/>
    <motionState vehicle="7" speed="1881" time="2500" acceleration="2590"/>
    <motionState vehicle="8" speed="1937" time="2500" acceleration="3405"/>
    <motionState vehicle="9" speed="2078" time="2500" acceleration="4739"/>
    <motionState vehicle="10" speed="2358" time="2500" acceleration="5880"/>
    <motionState vehicle="11" speed="2747" time="2500" acceleration="5190"/>
    <motionState vehicle="0" speed="2870" time="2510" acceleration="3712"/>
    <motionState vehicle="1" speed="3380" time="2510" acceleration="13636"/>
    <motionState vehicle="2" speed="2484" time="2510" acceleration="4268"/>
    <motionState vehicle="3" speed="2638" time="2510" acceleration="854"/>
    <motionState vehicle="4" speed="3377" time="2510" acceleration="13636"/>
    <motionState vehicle="5" speed="1975" time="2510" acceleration="1585"/>
    <motionState vehicle="6" speed="1866" time="2510" acceleration="2222"/>
    <motionState vehicle="7" speed="1884" time="2510" acceleration="2579"/>
    <motionState vehicle="8" speed="1940" time="2510" acceleration="3399"/>
    <motionState vehicle="9" speed="2083" time="2510" acceleration="4731"/>
    <motionState vehicle="10" speed="2363" time="2510" acceleration="5856"/>
    <motionState vehicle="11" speed="2753" time="2510" acceleration="5141"/>
    <motionState vehicle="0" speed="2873" time="2520" acceleration="3648"/>
    <motionState vehicle="1" speed="3393" time="2520" acceleration="13636"/>
    <motionState vehicle="2" speed="2488" time="2520" acceleration="4212"/>
    <motionState vehicle="3" speed="2639" time="2520" acceleration="792"/>
    <motionState vehicle="4" speed="3391" time="2520" acceleration="13636"/>
    <motionState vehicle="5" speed="1977" time="2520" acceleration="1566"/>
    <motionState vehicle="6" speed="1868" time="2520" acceleration="2207"/>
    <motionState vehicle="7" speed="1886" time="2520" acceleration="2568"/>
    <motionState vehicle="8" speed="1944" time="2520" acceleration="3393"/>
    <motionState vehicle="9" speed="2088" time="2520" acceleration="4724"/>
    <motionState vehicle="10" speed="2369" time="2520" acceleration="5832"/>
    <motionState vehicle="11" speed="2758" time="2520" acceleration="5092"/>
    <motionState vehicle="0" speed="2877" time="2530" acceleration="3585"/>
    <motionState vehicle="1" speed="3407" time="2530" acceleration="13636"/>
    <motionState vehicle="2" speed="2493" time="2530" acceleration="4156"/>
    <motionState vehicle="3" speed="2640" time="2530" acceleration="732"/>
    <motionState vehicle="4" speed="3405" time="2530" acceleration="13636"/>
    <motionState vehicle="5" speed="1978" time="2530" acceleration="1548"/>
    <motionState vehicle="6" speed="1870" time="2530" acceleration="2192"/>
    <motionState vehicle="7" speed="1889" time="2530" acceleration="2558"/>
    <motionState vehicle="8" speed="1947" time="2530" acceleration="3387"/>
    <motionState vehicle="9" speed="2092" time="2530" acceleration="4717"/>
    <motionState vehicle="10" speed="2375" time="2530" acceleration="5807"/>
    <motionState vehicle="11" speed="2763" time="2530" acceleration="5043"/>
    <motionState vehicle="0" speed="2881" time="2540" acceleration="3522"/>
    <motionState vehicle="1" speed="3421" time="2540" acceleration="13636"/>
    <motionState vehicle="2" speed="2497" time="2540" acceleration="4101"/>
    <motionState vehicle="3" speed="2640" time="2540" acceleration="673"/>
    <motionState vehicle="4" speed="3418" time="2540" acceleration="13636"/>
    <motionState vehicle="5" speed="1980" time="2540" acceleration="1530"/>
    <motionState vehicle="6" speed="1872" time="2540" acceleration="2177"/>
    <motionState vehicle="7" speed="1892" time="2540" acceleration="2547"/>
    <motionState vehicle="8" speed="1950" time="2540" acceleration="3382"/>
    <motionState vehicle="9" speed="2097" time="2540" acceleration="4710"/>
    <motionState vehicle="10" speed="2381" time="2540" acceleration="5783"/>
    <motionState vehicle="11" speed="2768" time="2540" acceleration="4994"/>
    <motionState vehicle="0" speed="2884" time="2550" acceleration="3461"/>
    <motionState vehicle="1" speed="3434" time="2550" acceleration="13636"/>
    <motionState vehicle="2" speed="2501" time="2550" acceleration="4046"/>
    <motionState vehicle="3" speed="2641" time="2550" acceleration="614"/>
    <motionState vehicle="4" speed="3432" time="2550" acceleration="13636"/>
    <motionState vehicle="5" speed="1981" time="2550" acceleration="1512"/>
    <motionState vehicle="6" speed="1874" time="2550" acceleration="2162"/>
    <motionState vehicle="7" speed="1894" time="2550" acceleration="2537"/>
    <motionState vehicle="8" speed="1954" time="2550" acceleration="3376"/>
    <motionState vehicle="9" speed="2102" time="2550" acceleration="4702"/>
    <motionState vehicle="10" speed="2387" time="2550" acceleration="5758"/>
    <motionState vehicle="11" speed="2773" time="2550" acceleration="4946"/>
    <motionState vehicle="0" speed="2887" time="2560" acceleration="3400"/>
    <motionState vehicle="1" speed="3448" time="2560" acceleration="13636"/>
    <motionState vehicle="2" speed="2505" time="2560" acceleration="3990"/>
    <motionState vehicle="3" speed="2642" time="2560" acceleration="557"/>
    <motionState vehicle="4" speed="3446" time="2560" acceleration="13636"/>
    <motionState vehicle="5" speed="1983" time="2560" acceleration="1495"/>
    <motionState vehicle="6" speed="1877" time="2560" acceleration="2148"/>
    <motionState vehicle="7" speed="1897" time="2560" acceleration="2527"/>
    <motionState vehicle="8" speed="1957" time="2560" acceleration="3371"/>
    <motionState vehicle="9" speed="2107" time="2560" acceleration="4695"/>
    <motionState vehicle="10" speed="2392" time="2560" acceleration="5734"/>
    <motionState vehicle="11" speed="2778" time="2560" acceleration="4898"/>
    <motionState vehicle="0" speed="2891" time="2570" acceleration="3339"/>
    <motionState vehicle="1" speed="3462" time="2570" acceleration="13636"/>
    <motionState vehicle="2" speed="2509" time="2570" acceleration="3935"/>
    <motionState vehicle="3" speed="2642" time="2570" acceleration="500"/>
    <motionState vehicle="4" speed="3459" time="2570" acceleration="13636"/>
    <motionState vehicle="5" speed="1984" time="2570" acceleration="1477"/>
    <motionState vehicle="6" speed="1879" time="2570" acceleration="2133"/>
    <motionState vehicle="7" speed="1899" time="2570" acceleration="2517"/>
    <motionState vehicle="8" speed="1960" time="2570" acceleration="3366"/>
    <motionState vehicle="9" speed="2111" time="2570" acceleration="4688"/>
    <motionState vehicle="10" speed="2398" time="2570" acceleration="5709"/>
    <motionState vehicle="11" speed="2782" time="2570" acceleration="4849"/>
    <motionState vehicle="0" speed="2894" time="2580" acceleration="3280"/>
    <motionState vehicle="1" speed="3475" time="2580" acceleration="13636"/>
    <motionState vehicle="2" speed="2513" time="2580" acceleration="3880"/>
    <motionState vehicle="3" speed="2643" time="2580" acceleration="445"/>
    <motionState vehicle="4" speed="3473" time="2580" acceleration="13636"/>
    <motionState vehicle="5" speed="1986" time="2580" acceleration="1460"/>
    <motionState vehicle="6" speed="1881" time="2580" acceleration="2119"/>
    <motionState vehicle="7" speed="1902" time="2580" acceleration="2508"/>
    <motionState vehicle="8" speed="1964" time="2580" acceleration="3361"/>
    <motionState vehicle="9" speed="2116" time="2580" acceleration="4680"/>
    <motionState vehicle="10" speed="2404" time="2580" acceleration="5684"/>
    <motionState vehicle="11" speed="2787" time="2580" acceleration="4801"/>
    <motionState vehicle="0" speed="2897" time="2590" acceleration="3221"/>
    <motionState vehicle="1" speed="3489" time="2590" acceleration="13636"/>
    <motionState vehicle="2" speed="2516" time="2590" acceleration="3826"/>
    <motionState vehicle="3" speed="2643" time="2590" acceleration="390"/>
    <motionState vehicle="4" speed="3487" time="2590" acceleration="13636"/>
    <motionState vehicle="5" speed="1987" time="2590" acceleration="1444"/>
    <motionState vehicle="6" speed="1883" time="2590" acceleration="2106"/>
    <motionState vehicle="7" speed="1904" time="2590" acceleration="2498"/>
    <motionState vehicle="8" speed="1967" time="2590" acceleration="3357"/>
    <motionState vehicle="9" speed="2121" time="2590" acceleration="4673"/>
    <motionState vehicle="10" speed="2409" time="2590" acceleration="5659"/>
    <motionState vehicle="11" speed="2792" time="2590" acceleration="4754"/>
    <motionState vehicle="0" speed="2900" time="2600" acceleration="3162"/>
    <motionState vehicle="1" speed="3502" time="2600" acceleration="13636"/>
    <motionState vehicle="2" speed="2520" time="2600" acceleration="3771"/>
    <motionState vehicle="3" speed="2643" time="2600" acceleration="337"/>
    <motionState vehicle="4" speed="3500" time="2600" acceleration="13636"/>
    <motionState vehicle="5" speed="1989" time="2600" acceleration="1427"/>
    <motionState vehicle="6" speed="1885" time="2600" acceleration="2092"/>
    <motionState vehicle="7" speed="1907" time="2600" acceleration="2489"/>
    <motionState vehicle="8" speed="1971" time="2600" acceleration="3352"/>
    <motionState vehicle="9" speed="2125" time="2600" acceleration="4666"/>
    <motionState vehicle="10" speed="2415" time="2600" acceleration="5634"/>
    <motionState vehicle="11" speed="2797" time="2600" acceleration="4706"/>
    <motionState vehicle="0" speed="2904" time="2610" acceleration="3105"/>
    <motionState vehicle="1" speed="3516" time="2610" acceleration="13636"/>
    <motionState vehicle="2" speed="2524" time="2610" acceleration="3717"/>
    <motionState vehicle="3" speed="2644" time="2610" acceleration="284"/>
    <motionState vehicle="4" speed="3514" time="2610" acceleration="13636"/>
    <motionState vehicle="5" speed="1990" time="2610" acceleration="1411"/>
    <motionState vehicle="6" speed="1887" time="2610" acceleration="2078"/>
    <motionState vehicle="7" speed="1909" time="2610" acceleration="2480"/>
    <motionState vehicle="8" speed="1974" time="2610" acceleration="3348"/>
    <motionState vehicle="9" speed="2130" time="2610" acceleration="4659"/>
    <motionState vehicle="10" speed="2421" time="2610" acceleration="5609"/>
    <motionState vehicle="11" speed="2801" time="2610" acceleration="4659"/>
    <motionState vehicle="0" speed="2907" time="2620" acceleration="3047"/>
    <motionState vehicle="1" speed="3530" time="2620" acceleration="13636"/>
    <motionState vehicle="2" speed="2528" time="2620" acceleration="3663"/>
    <motionState vehicle="3" speed="2644" time="2620" acceleration="232"/>
    <motionState vehicle="4" speed="3527" time="2620" acceleration="13636"/>
    <motionState vehicle="5" speed="1991" time="2620" acceleration="1395"/>
    <motionState vehicle="6" speed="1889" time="2620" acceleration="2065"/>
    <motionState vehicle="7" speed="1912" time="2620" acceleration="2471"/>
    <motionState vehicle="8" speed="1977" time="2620" acceleration="3343"/>
    <motionState vehicle="9" speed="2135" time="2620" acceleration="4651"/>
    <motionState vehicle="10" speed="2426" time="2620" acceleration="5584"/>
    <motionState vehicle="11" speed="2806" time="2620" acceleration="4612"/>
    <motionState vehicle="0" speed="2910" time="2630" acceleration="2991"/>
    <motionState vehicle="1" speed="3543" time="2630" acceleration="13636"/>
    <motionState vehicle="2" speed="2531" time="2630" acceleration="3609"/>
    <motionState vehicle="3" speed="2644" time="2630" acceleration="181"/>
    <motionState vehicle="4" speed="3541" time="2630" acceleration="13636"/>
    <motionState vehicle="5" speed="1993" time="2630" acceleration="1379"/>
    <motionState vehicle="6" speed="1891" time="2630" acceleration="2052"/>
    <motionState vehicle="7" speed="1914" time="2630" acceleration="2463"/>
    <motionState vehicle="8" speed="1981" time="2630" acceleration="3339"/>
    <motionState vehicle="9" speed="2139" time="2630" acceleration="4644"/>
    <motionState vehicle="10" speed="2432" time="2630" acceleration="5559"/>
    <motionState vehicle="11" speed="2810" time="2630" acceleration="4565"/>
    <motionState vehicle="0" speed="2913" time="2640" acceleration="2935"/>
    <motionState vehicle="1" speed="3557" time="2640" acceleration="13636"/>
    <motionState vehicle="2" speed="2535" time="2640" acceleration="3555"/>
    <motionState vehicle="3" speed="2644" time="2640" acceleration="131"/>
    <motionState vehicle="4" speed="3555" time="2640" acceleration="13636"/>
    <motionState vehicle="5" speed="1994" time="2640" acceleration="1363"/>
    <motionState vehicle="6" speed="1893" time="2640" acceleration="2039"/>
    <motionState vehicle="7" speed="1916" time="2640" acceleration="2454"/>
    <motionState vehicle="8" speed="1984" time="2640" acceleration="3335"/>
    <motionState vehicle="9" speed="2144" time="2640" acceleration="4637"/>
    <motionState vehicle="10" speed="2437" time="2640" acceleration="5534"/>
    <motionState vehicle="11" speed="2815" time="2640" acceleration="4518"/>
    <motionState vehicle="0" speed="2915" time="2650" acceleration="2879"/>
    <motionState vehicle="1" speed="3571" time="2650" acceleration="13636"/>
    <motionState vehicle="2" speed="2538" time="2650" acceleration="3502"/>
    <motionState vehicle="3" speed="2644" time="2650" acceleration="82"/>
    <motionState vehicle="4" speed="3568" time="2650" acceleration="13636"/>
    <motionState vehicle="5" speed="1995" time="2650" acceleration="1348"/>
    <motionState vehicle="6" speed="1895" time="2650" acceleration="2027"/>
    <motionState vehicle="7" speed="1919" time="2650" acceleration="2446"/>
    <motionState vehicle="8" speed="1987" time="2650" acceleration="3331"/>
    <motionState vehicle="9" speed="2149" time="2650" acceleration="4629"/>
    <motionState vehicle="10" speed="2443" time="2650" acceleration="5509"/>
    <motionState vehicle="11" speed="2819" time="2650" acceleration="4471"/>
    <motionState vehicle="0" speed="2918" time="2660" acceleration="2825"/>
    <motionState vehicle="1" speed="3584" time="2660" acceleration="13636"/>
    <motionState vehicle="2" speed="2542" time="2660" acceleration="3448"/>
    <motionState vehicle="3" speed="2644" time="2660" acceleration="34"/>
    <motionState vehicle="4" speed="3582" time="2660" acceleration="13636"/>
    <motionState vehicle="5" speed="1997" time="2660" acceleration="1332"/>
    <motionState vehicle="6" speed="1897" time="2660" acceleration="2014"/>
    <motionState vehicle="7" speed="1921" time="2660" acceleration="2438"/>
    <motionState vehicle="8" speed="1991" time="2660" acceleration="3327"/>
    <motionState vehicle="9" speed="2153" time="2660" acceleration="4622"/>
    <motionState vehicle="10" speed="2448" time="2660" acceleration="5484"/>
    <motionState vehicle="11" speed="2824" time="2660" acceleration="4425"/>
    <motionState vehicle="0" speed="2921" time="2670" acceleration="2770"/>
    <motionState vehicle="1" speed="3598" time="2670" acceleration="13636"/>
    <motionState vehicle="2" speed="2545" time="2670" acceleration="3395"/>
    <motionState vehicle="3" speed="2644" time="2670" acceleration="-12"/>
    <motionState vehicle="4" speed="3596" time="2670" acceleration="13636"/>
    <motionState vehicle="5" speed="1998" time="2670" acceleration="1317"/>
    <motionState vehicle="6" speed="1899" time="2670" acceleration="2002"/>
    <motionState vehicle="7" speed="1924" time="2670" acceleration="2431"/>
    <motionState vehicle="8" speed="1994" time="2670" acceleration="3323"/>
    <motionState vehicle="9" speed="2158" time="2670" acceleration="4615"/>
    <motionState vehicle="10" speed="2454" time="2670" acceleration="5458"/>
    <motionState vehicle="11" speed="2828" time="2670" acceleration="4379"/>
    <motionState vehicle="0" speed="2924" time="2680" acceleration="2717"/>
    <motionState vehicle="1" speed="3612" time="2680" acceleration="13636"/>
    <motionState vehicle="2" speed="2548" time="2680" acceleration="3342"/>
    <motionState vehicle="3" speed="2644" time="2680" acceleration="-59"/>
    <motionState vehicle="4" speed="3609" time="2680" acceleration="13636"/>
    <motionState vehicle="5" speed="1999" time="2680" acceleration="1303"/>
    <motionState vehicle="6" speed="1901" time="2680" acceleration="1990"/>
    <motionState vehicle="7" speed="1926" time="2680" acceleration="2423"/>
    <motionState vehicle="8" speed="1997" time="2680" acceleration="3320"/>
    <motionState vehicle="9" speed="2162" time="2680" acceleration="4607"/>
    <motionState vehicle="10" speed="2459" time="2680" acceleration="5433"/>
    <motionState vehicle="11" speed="2833" time="2680" acceleration="4333"/>
    <motionState vehicle="0" speed="2926" time="2690" acceleration="2664"/>
    <motionState vehicle="1" speed="3625" time="2690" acceleration="13636"/>
    <motionState vehicle="2" speed="2552" time="2690" acceleration="3290"/>
    <motionState vehicle="3" speed="2644" time="2690" acceleration="-104"/>
    <motionState vehicle="4" speed="3623" time="2690" acceleration="13636"/>
    <motionState vehicle="5" speed="2001" time="2690" acceleration="1288"/>
    <motionState vehicle="6" speed="1903" time="2690" acceleration="1978"/>
    <motionState vehicle="7" speed="1929" time="2690" acceleration="2415"/>
    <motionState vehicle="8" speed="2001" time="2690" acceleration="3316"/>
    <motionState vehicle="9" speed="2167" time="2690" acceleration="4600"/>
    <motionState vehicle="10" speed="2465" time="2690" acceleration="5408"/>
    <motionState vehicle="11" speed="2837" time="2690" acceleration="4287"/>
    <motionState vehicle="0" speed="2929" time="2700" acceleration="2611"/>
    <motionState vehicle="1" speed="3639" time="2700" acceleration="13636"/>
    <motionState vehicle="2" speed="2555" time="2700" acceleration="3238"/>
    <motionState vehicle="3" speed="2644" time="2700" acceleration="-149"/>
    <motionState vehicle="4" speed="3637" time="2700" acceleration="13636"/>
    <motionState vehicle="5" speed="2002" time="2700" acceleration="1274"/>
    <motionState vehicle="6" speed="1905" time="2700" acceleration="1966"/>
    <motionState vehicle="7" speed="1931" time="2700" acceleration="2408"/>
    <motionState vehicle="8" speed="2004" time="2700" acceleration="3313"/>
    <motionState vehicle="9" speed="2172" time="2700" acceleration="4593"/>
    <motionState vehicle="10" speed="2470" time="2700" acceleration="5382"/>
    <motionState vehicle="11" speed="2841" time="2700" acceleration="4241"/>
    <motionState vehicle="0" speed="2932" time="2710" acceleration="2559"/>
    <motionState vehicle="1" speed="3652" time="2710" acceleration="13636"/>
    <motionState vehicle="2" speed="2558" time="2710" acceleration="3185"/>
    <motionState vehicle="3" speed="2644" time="2710" acceleration="-193"/>
    <motionState vehicle="4" speed="3650" time="2710" acceleration="13636"/>
    <motionState vehicle="5" speed="2003" time="2710" acceleration="1260"/>
    <motionState vehicle="6" speed="1907" time="2710" acceleration="1955"/>
    <motionState vehicle="7" speed="1933" time="2710" acceleration="2401"/>
    <motionState vehicle="8" speed="2007" time="2710" acceleration="3310"/>
    <motionState vehicle="9" speed="2176" time="2710" acceleration="4585"/>
    <motionState vehicle="10" speed="2475" time="2710" acceleration="5356"/>
    <motionState vehicle="11" speed="2845" time="2710" acceleration="4196"/>
    <motionState vehicle="0" speed="2934" time="2720" acceleration="2507"/>
    <motionState vehicle="1" speed="3666" time="2720" acceleration="13636"/>
    <motionState vehicle="2" speed="2561" time="2720" acceleration="3133"/>
    <motionState vehicle="3" speed="2643" time="2720" acceleration="-237"/>
    <motionState vehicle="4" speed="3664" time="2720" acceleration="13636"/>
    <motionState vehicle="5" speed="2005" time="2720" acceleration="1246"/>
    <motionState vehicle="6" speed="1909" time="2720" acceleration="1943"/>
    <motionState vehicle="7" speed="1936" time="2720" acceleration="2394"/>
    <motionState vehicle="8" speed="2010" time="2720" acceleration="3307"/>
    <motionState vehicle="9" speed="2181" time="2720" acceleration="4578"/>
    <motionState vehicle="10" speed="2481" time="2720" acceleration="5331"/>
    <motionState vehicle="11" speed="2849" time="2720" acceleration="4151"/>
    <motionState vehicle="0" speed="2937" time="2730" acceleration="2456"/>
    <motionState vehicle="1" speed="3680" time="2730" acceleration="13636"/>
    <motionState vehicle="2" speed="2564" time="2730" acceleration="3082"/>
    <motionState vehicle="3" speed="2643" time="2730" acceleration="-279"/>
    <motionState vehicle="4" speed="3677" time="2730" acceleration="13636"/>
    <motionState vehicle="5" speed="2006" time="2730" acceleration="1232"/>
    <motionState vehicle="6" speed="1911" time="2730" acceleration="1932"/>
    <motionState vehicle="7" speed="1938" time="2730" acceleration="2388"/>
    <motionState vehicle="8" speed="2014" time="2730" acceleration="3304"/>
    <motionState vehicle="9" speed="2185" time="2730" acceleration="4570"/>
    <motionState vehicle="10" speed="2486" time="2730" acceleration="5305"/>
    <motionState vehicle="11" speed="2854" time="2730" acceleration="4106"/>
    <motionState vehicle="0" speed="2939" time="2740" acceleration="2406"/>
    <motionState vehicle="1" speed="3693" time="2740" acceleration="13636"/>
    <motionState vehicle="2" speed="2567" time="2740" acceleration="3030"/>
    <motionState vehicle="3" speed="2643" time="2740" acceleration="-321"/>
    <motionState vehicle="4" speed="3691" time="2740" acceleration="13636"/>
    <motionState vehicle="5" speed="2007" time="2740" acceleration="1219"/>
    <motionState vehicle="6" speed="1913" time="2740" acceleration="1921"/>
    <motionState vehicle="7" speed="1941" time="2740" acceleration="2381"/>
    <motionState vehicle="8" speed="2017" time="2740" acceleration="3301"/>
    <motionState vehicle="9" speed="2190" time="2740" acceleration="4563"/>
    <motionState vehicle="10" speed="2491" time="2740" acceleration="5279"/>
    <motionState vehicle="11" speed="2858" time="2740" acceleration="4061"/>
    <motionState vehicle="0" speed="2941" time="2750" acceleration="2356"/>
    <motionState vehicle="1" speed="3707" time="2750" acceleration="13636"/>
    <motionState vehicle="2" speed="2570" time="2750" acceleration="2979"/>
    <motionState vehicle="3" speed="2643" time="2750" acceleration="-362"/>
    <motionState vehicle="4" speed="3705" time="2750" acceleration="13636"/>
    <motionState vehicle="5" speed="2008" time="2750" acceleration="1206"/>
    <motionState vehicle="6" speed="1915" time="2750" acceleration="1910"/>
    <motionState vehicle="7" speed="1943" time="2750" acceleration="2375"/>
    <motionState vehicle="8" speed="2020" time="2750" acceleration="3298"/>
    <motionState vehicle="9" speed="2194" time="2750" acceleration="4555"/>
    <motionState vehicle="10" speed="2496" time="2750" acceleration="5254"/>
    <motionState vehicle="11" speed="2862" time="2750" acceleration="4016"/>
    <motionState vehicle="0" speed="2944" time="2760" acceleration="2306"/>
    <motionState vehicle="1" speed="3721" time="2760" acceleration="13636"/>
    <motionState vehicle="2" speed="2573" time="2760" acceleration="2928"/>
    <motionState vehicle="3" speed="2642" time="2760" acceleration="-402"/>
    <motionState vehicle="4" speed="3718" time="2760" acceleration="13636"/>
    <motionState vehicle="5" speed="2009" time="2760" acceleration="1193"/>
    <motionState vehicle="6" speed="1917" time="2760" acceleration="1900"/>
    <motionState vehicle="7" speed="1945" time="2760" acceleration="2369"/>
    <motionState vehicle="8" speed="2024" time="2760" acceleration="3295"/>
    <motionState vehicle="9" speed="2199" time="2760" acceleration="4547"/>
    <motionState vehicle="10" speed="2502" time="2760" acceleration="5228"/>
    <motionState vehicle="11" speed="2866" time="2760" acceleration="3972"/>
    <motionState vehicle="0" speed="2946" time="2770" acceleration="2257"/>
    <motionState vehicle="1" speed="3734" time="2770" acceleration="13636"/>
    <motionState vehicle="2" speed="2576" time="2770" acceleration="2878"/>
    <motionState vehicle="3" speed="2642" time="2770" acceleration="-441"/>
    <motionState vehicle="4" speed="3732" time="2770" acceleration="13636"/>
    <motionState vehicle="5" speed="2011" time="2770" acceleration="1180"/>
    <motionState vehicle="6" speed="1919" time="2770" acceleration="1889"/>
    <motionState vehicle="7" speed="1948" time="2770" acceleration="2363"/>
    <motionState vehicle="8" speed="2027" time="2770" acceleration="3293"/>
    <motionState vehicle="9" speed="2203" time="2770" acceleration="4540"/>
    <motionState vehicle="10" speed="2507" time="2770" acceleration="5202"/>
    <motionState vehicle="11" speed="2870" time="2770" acceleration="3928"/>
    <motionState vehicle="0" speed="2948" time="2780" acceleration="2209"/>
    <motionState vehicle="1" speed="3748" time="2780" acceleration="13636"/>
    <motionState vehicle="2" speed="2579" time="2780" acceleration="2827"/>
    <motionState vehicle="3" speed="2641" time="2780" acceleration="-480"/>
    <motionState vehicle="4" speed="3746" time="2780" acceleration="13636"/>
    <motionState vehicle="5" speed="2012" time="2780" acceleration="1167"/>
    <motionState vehicle="6" speed="1921" time="2780" acceleration="1879"/>
    <motionState vehicle="7" speed="1950" time="2780" acceleration="2357"/>
    <motionState vehicle="8" speed="2030" time="2780" acceleration="3290"/>
    <motionState vehicle="9" speed="2208" time="2780" acceleration="4532"/>
    <motionState vehicle="10" speed="2512" time="2780" acceleration="5176"/>
    <motionState vehicle="11" speed="2873" time="2780" acceleration="3884"/>
    <motionState vehicle="0" speed="2950" time="2790" acceleration="2161"/>
    <motionState vehicle="1" speed="3762" time="2790" acceleration="13636"/>
    <motionState vehicle="2" speed="2582" time="2790" acceleration="2777"/>
    <motionState vehicle="3" speed="2641" time="2790" acceleration="-518"/>
    <motionState vehicle="4" speed="3759" time="2790" acceleration="13636"/>
    <motionState vehicle="5" speed="2013" time="2790" acceleration="1155"/>
    <motionState vehicle="6" speed="1922" time="2790" acceleration="1869"/>
    <motionState vehicle="7" speed="1952" time="2790" acceleration="2351"/>
    <motionState vehicle="8" speed="2034" time="2790" acceleration="3288"/>
    <motionState vehicle="9" speed="2213" time="2790" acceleration="4524"/>
    <motionState vehicle="10" speed="2517" time="2790" acceleration="5150"/>
    <motionState vehicle="11" speed="2877" time="2790" acceleration="3840"/>
    <motionState vehicle="0" speed="2952" time="2800" acceleration="2113"/>
    <motionState vehicle="1" speed="3775" time="2800" acceleration="13636"/>
    <motionState vehicle="2" speed="2584" time="2800" acceleration="2727"/>
    <motionState vehicle="3" speed="2640" time="2800" acceleration="-555"/>
    <motionState vehicle="4" speed="3773" time="2800" acceleration="13636"/>
    <motionState vehicle="5" speed="2014" time="2800" acceleration="1142"/>
    <motionState vehicle="6" speed="1924" time="2800" acceleration="1859"/>
    <motionState vehicle="7" speed="1955" time="2800" acceleration="2346"/>
    <motionState vehicle="8" speed="2037" time="2800" acceleration="3285"/>
    <motionState vehicle="9" speed="2217" time="2800" acceleration="4517"/>
    <motionState vehicle="10" speed="2522" time="2800" acceleration="5124"/>
    <motionState vehicle="11" speed="2881" time="2800" acceleration="3796"/>
    <motionState vehicle="0" speed="2954" time="2810" acceleration="2066"/>
    <motionState vehicle="1" speed="3789" time="2810" acceleration="13636"/>
    <motionState vehicle="2" speed="2587" time="2810" acceleration="2678"/>
    <motionState vehicle="3" speed="2640" time="2810" acceleration="-591"/>
    <motionState vehicle="4" speed="3787" time="2810" acceleration="13636"/>
    <motionState vehicle="5" speed="2015" time="2810" acceleration="1130"/>
    <motionState vehicle="6" speed="1926" time="2810" acceleration="1850"/>
    <motionState vehicle="7" speed="1957" time="2810" acceleration="2340"/>
    <motionState vehicle="8" speed="2040" time="2810" acceleration="3283"/>
    <motionState vehicle="9" speed="2222" time="2810" acceleration="4509"/>
    <motionState vehicle="10" speed="2527" time="2810" acceleration="5098"/>
    <motionState vehicle="11" speed="2885" time="2810" acceleration="3753"/>
    <motionState vehicle="0" speed="2956" time="2820" acceleration="2020"/>
    <motionState vehicle="1" speed="3802" time="2820" acceleration="13636"/>
    <motionState vehicle="2" speed="2590" time="2820" acceleration="2628"/>
    <motionState vehicle="3" speed="2639" time="2820" acceleration="-627"/>
    <motionState vehicle="4" speed="3800" time="2820" acceleration="13636"/>
    <motionState vehicle="5" speed="2016" time="2820" acceleration="1119"/>
    <motionState vehicle="6" speed="1928" time="2820" acceleration="1840"/>
    <motionState vehicle="7" speed="1959" time="2820" acceleration="2335"/>
    <motionState vehicle="8" speed="2043" time="2820" acceleration="3281"/>
    <motionState vehicle="9" speed="2226" time="2820" acceleration="4501"/>
    <motionState vehicle="10" speed="2533" time="2820" acceleration="5072"/>
    <motionState vehicle="11" speed="2889" time="2820" acceleration="3710"/>
    <motionState vehicle="0" speed="2958" time="2830" acceleration="1974"/>
    <motionState vehicle="1" speed="3816" time="2830" acceleration="13636"/>
    <motionState vehicle="2" speed="2592" time="2830" acceleration="2579"/>
    <motionState vehicle="3" speed="2638" time="2830" acceleration="-662"/>
    <motionState vehicle="4" speed="3814" time="2830" acceleration="13636"/>
    <motionState vehicle="5" speed="2017" time="2830" acceleration="1107"/>
    <motionState vehicle="6" speed="1930" time="2830" acceleration="1831"/>
    <motionState vehicle="7" speed="1962" time="2830" acceleration="2330"/>
    <motionState vehicle="8" speed="2047" time="2830" acceleration="3279"/>
    <motionState vehicle="9" speed="2231" time="2830" acceleration="4493"/>
    <motionState vehicle="10" speed="2538" time="2830" acceleration="5046"/>
    <motionState vehicle="11" speed="2892" time="2830" acceleration="3667"/>
    <motionState vehicle="0" speed="2960" time="2840" acceleration="1928"/>
    <motionState vehicle="1" speed="3830" time="2840" acceleration="13636"/>
    <motionState vehicle="2" speed="2595" time="2840" acceleration="2531"/>
    <motionState vehicle="3" speed="2638" time="2840" acceleration="-696"/>
    <motionState vehicle="4" speed="3827" time="2840" acceleration="13636"/>
    <motionState vehicle="5" speed="2018" time="2840" acceleration="1096"/>
    <motionState vehicle="6" speed="1932" time="2840" acceleration="1821"/>
    <motionState vehicle="7" speed="1964" time="2840" acceleration="2325"/>
    <motionState vehicle="8" speed="2050" time="2840" acceleration="3277"/>
    <motionState vehicle="9" speed="2235" time="2840" acceleration="4485"/>
    <motionState vehicle="10" speed="2543" time="2840" acceleration="5020"/>
    <motionState vehicle="11" speed="2896" time="2840" acceleration="3624"/>
    <motionState vehicle="0" speed="2962" time="2850" acceleration="1883"/>
    <motionState vehicle="1" speed="3843" time="2850" acceleration="13636"/>
    <motionState vehicle="2" speed="2597" time="2850" acceleration="2482"/>
    <motionState vehicle="3" speed="2637" time="2850" acceleration="-730"/>
    <motionState vehicle="4" speed="3841" time="2850" acceleration="13636"/>
    <motionState vehicle="5" speed="2020" time="2850" acceleration="1084"/>
    <motionState vehicle="6" speed="1933" time="2850" acceleration="1812"/>
    <motionState vehicle="7" speed="1966" time="2850" acceleration="2321"/>
    <motionState vehicle="8" speed="2053" time="2850" acceleration="3275"/>
    <motionState vehicle="9" speed="2240" time="2850" acceleration="4477"/>
    <motionState vehicle="10" speed="2548" time="2850" acceleration="4994"/>
    <motionState vehicle="11" speed="2899" time="2850" acceleration="3582"/>
    <motionState vehicle="0" speed="2964" time="2860" acceleration="1838"/>
    <motionState vehicle="1" speed="3857" time="2860" acceleration="13636"/>
    <motionState vehicle="2" speed="2600" time="2860" acceleration="2434"/>
    <motionState vehicle="3" speed="2636" time="2860" acceleration="-763"/>
    <motionState vehicle="4" speed="3855" time="2860" acceleration="13636"/>
    <motionState vehicle="5" speed="2021" time="2860" acceleration="1073"/>
    <motionState vehicle="6" speed="1935" time="2860" acceleration="1804"/>
    <motionState vehicle="7" speed="1969" time="2860" acceleration="2316"/>
    <motionState vehicle="8" speed="2056" time="2860" acceleration="3273"/>
    <motionState vehicle="9" speed="2244" time="2860" acceleration="4469"/>
    <motionState vehicle="10" speed="2553" time="2860" acceleration="4967"/>
    <motionState vehicle="11" speed="2903" time="2860" acceleration="3540"/>
    <motionState vehicle="0" speed="2966" time="2870" acceleration="1793"/>
    <motionState vehicle="1" speed="3871" time="2870" acceleration="13636"/>
    <motionState vehicle="2" speed="2602" time="2870" acceleration="2386"/>
    <motionState vehicle="3" speed="2635" time="2870" acceleration="-795"/>
    <motionState vehicle="4" speed="3868" time="2870" acceleration="13636"/>
    <motionState vehicle="5" speed="2022" time="2870" acceleration="1062"/>
    <motionState vehicle="6" speed="1937" time="2870" acceleration="1795"/>
    <motionState vehicle="7" speed="1971" time="2870" acceleration="2312"/>
    <motionState vehicle="8" speed="2060" time="2870" acceleration="3271"/>
    <motionState vehicle="9" speed="2248" time="2870" acceleration="4461"/>
    <motionState vehicle="10" speed="2558" time="2870" acceleration="4941"/>
    <motionState vehicle="11" speed="2906" time="2870" acceleration="3497"/>
    <motionState vehicle="0" speed="2968" time="2880" acceleration="1749"/>
    <motionState vehicle="1" speed="3884" time="2880" acceleration="13636"/>
    <motionState vehicle="2" speed="2605" time="2880" acceleration="2339"/>
    <motionState vehicle="3" speed="2634" time="2880" acceleration="-827"/>
    <motionState vehicle="4" speed="3882" time="2880" acceleration="13636"/>
    <motionState vehicle="5" speed="2023" time="2880" acceleration="1052"/>
    <motionState vehicle="6" speed="1939" time="2880" acceleration="1786"/>
    <motionState vehicle="7" speed="1973" time="2880" acceleration="2308"/>
    <motionState vehicle="8" speed="2063" time="2880" acceleration="3269"/>
    <motionState vehicle="9" speed="2253" time="2880" acceleration="4453"/>
    <motionState vehicle="10" speed="2562" time="2880" acceleration="4915"/>
    <motionState vehicle="11" speed="2910" time="2880" acceleration="3456"/>
    <motionState vehicle="0" speed="2969" time="2890" acceleration="1706"/>
    <motionState vehicle="1" speed="3898" time="2890" acceleration="13636"/>
    <motionState vehicle="2" speed="2607" time="2890" acceleration="2291"/>
    <motionState vehicle="3" speed="2634" time="2890" acceleration="-858"/>
    <motionState vehicle="4" speed="3896" time="2890" acceleration="13636"/>
    <motionState vehicle="5" speed="2024" time="2890" acceleration="1041"/>
    <motionState vehicle="6" speed="1941" time="2890" acceleration="1778"/>
    <motionState vehicle="7" speed="1976" time="2890" acceleration="2303"/>
    <motionState vehicle="8" speed="2066" time="2890" acceleration="3267"/>
    <motionState vehicle="9" speed="2257" time="2890" acceleration="4445"/>
    <motionState vehicle="10" speed="2567" time="2890" acceleration="4888"/>
    <motionState vehicle="11" speed="2913" time="2890" acceleration="3414"/>
    <motionState vehicle="0" speed="2971" time="2900" acceleration="1663"/>
    <motionState vehicle="1" speed="3912" time="2900" acceleration="13636"/>
    <motionState vehicle="2" speed="2609" time="2900" acceleration="2244"/>
    <motionState vehicle="3" speed="2633" time="2900" acceleration="-888"/>
    <motionState vehicle="4" speed="3909" time="2900" acceleration="13636"/>
    <motionState vehicle="5" speed="2025" time="2900" acceleration="1031"/>
    <motionState vehicle="6" speed="1942" time="2900" acceleration="1770"/>
    <motionState vehicle="7" speed="1978" time="2900" acceleration="2300"/>
    <motionState vehicle="8" speed="2070" time="2900" acceleration="3266"/>
    <motionState vehicle="9" speed="2262" time="2900" acceleration="4437"/>
    <motionState vehicle="10" speed="2572" time="2900" acceleration="4862"/>
    <motionState vehicle="11" speed="2917" time="2900" acceleration="3372"/>
    <motionState vehicle="0" speed="2973" time="2910" acceleration="1620"/>
    <motionState vehicle="1" speed="3925" time="2910" acceleration="13636"/>
    <motionState vehicle="2" speed="2611" time="2910" acceleration="2197"/>
    <motionState vehicle="3" speed="2632" time="2910" acceleration="-918"/>
    <motionState vehicle="4" speed="3923" time="2910" acceleration="13636"/>
    <motionState vehicle="5" speed="2026" time="2910" acceleration="1021"/>
    <motionState vehicle="6" speed="1944" time="2910" acceleration="1762"/>
    <motionState vehicle="7" speed="1980" time="2910" acceleration="2296"/>
    <motionState vehicle="8" speed="2073" time="2910" acceleration="3264"/>
    <motionState vehicle="9" speed="2266" time="2910" acceleration="4429"/>
    <motionState vehicle="10" speed="2577" time="2910" acceleration="4836"/>
    <motionState vehicle="11" speed="2920" time="2910" acceleration="3331"/>
    <motionState vehicle="0" speed="2974" time="2920" acceleration="1578"/>
    <motionState vehicle="1" speed="3939" time="2920" acceleration="13636"/>
    <motionState vehicle="2" speed="2613" time="2920" acceleration="2151"/>
    <motionState vehicle="3" speed="2631" time="2920" acceleration="-947"/>
    <motionState vehicle="4" speed="3937" time="2920" acceleration="13636"/>
    <motionState vehicle="5" speed="2027" time="2920" acceleration="1011"/>
    <motionState vehicle="6" speed="1946" time="2920" acceleration="1754"/>
    <motionState vehicle="7" speed="1983" time="2920" acceleration="2292"/>
    <motionState vehicle="8" speed="2076" time="2920" acceleration="3263"/>
    <motionState vehicle="9" speed="2271" time="2920" acceleration="4420"/>
    <motionState vehicle="10" speed="2582" time="2920" acceleration="4809"/>
    <motionState vehicle="11" speed="2923" time="2920" acceleration="3290"/>
    <motionState vehicle="0" speed="2976" time="2930" acceleration="1536"/>
    <motionState vehicle="1" speed="3952" time="2930" acceleration="13636"/>
    <motionState vehicle="2" speed="2615" time="2930" acceleration="2105"/>
    <motionState vehicle="3" speed="2630" time="2930" acceleration="-975"/>
    <motionState vehicle="4" speed="3950" time="2930" acceleration="13636"/>
    <motionState vehicle="5" speed="2028" time="2930" acceleration="1001"/>
    <motionState vehicle="6" speed="1948" time="2930" acceleration="1746"/>
    <motionState vehicle="7" speed="1985" time="2930" acceleration="2289"/>
    <motionState vehicle="8" speed="2079" time="2930" acceleration="3261"/>
    <motionState vehicle="9" speed="2275" time="2930" acceleration="4412"/>
    <motionState vehicle="10" speed="2587" time="2930" acceleration="4783"/>
    <motionState vehicle="11" speed="2927" time="2930" acceleration="3249"/>
    <motionState vehicle="0" speed="2977" time="2940" acceleration="1494"/>
    <motionState vehicle="1" speed="3966" time="2940" acceleration="13636"/>
    <motionState vehicle="2" speed="2618" time="2940" acceleration="2059"/>
    <motionState vehicle="3" speed="2629" time="2940" acceleration="-1003"/>
    <motionState vehicle="4" speed="3964" time="2940" acceleration="13636"/>
    <motionState vehicle="5" speed="2029" time="2940" acceleration="991"/>
    <motionState vehicle="6" speed="1949" time="2940" acceleration="1739"/>
    <motionState vehicle="7" speed="1987" time="2940" acceleration="2285"/>
    <motionState vehicle="8" speed="2083" time="2940" acceleration="3260"/>
    <motionState vehicle="9" speed="2279" time="2940" acceleration="4403"/>
    <motionState vehicle="10" speed="2591" time="2940" acceleration="4756"/>
    <motionState vehicle="11" speed="2930" time="2940" acceleration="3209"/>
    <motionState vehicle="0" speed="2979" time="2950" acceleration="1453"/>
    <motionState vehicle="1" speed="3980" time="2950" acceleration="13636"/>
    <motionState vehicle="2" speed="2620" time="2950" acceleration="2013"/>
    <motionState vehicle="3" speed="2628" time="2950" acceleration="-1031"/>
    <motionState vehicle="4" speed="3977" time="2950" acceleration="13636"/>
    <motionState vehicle="5" speed="2030" time="2950" acceleration="982"/>
    <motionState vehicle="6" speed="1951" time="2950" acceleration="1731"/>
    <motionState vehicle="7" speed="1989" time="2950" acceleration="2282"/>
    <motionState vehicle="8" speed="2086" time="2950" acceleration="3259"/>
    <motionState vehicle="9" speed="2284" time="2950" acceleration="4395"/>
    <motionState vehicle="10" speed="2596" time="2950" acceleration="4730"/>
    <motionState vehicle="11" speed="2933" time="2950" acceleration="3168"/>
    <motionState vehicle="0" speed="2980" time="2960" acceleration="1412"/>
    <motionState vehicle="1" speed="3993" time="2960" acceleration="13636"/>
    <motionState vehicle="2" speed="2622" time="2960" acceleration="1968"/>
    <motionState vehicle="3" speed="2627" time="2960" acceleration="-1057"/>
    <motionState vehicle="4" speed="3991" time="2960" acceleration="13636"/>
    <motionState vehicle="5" speed="2031" time="2960" acceleration="973"/>
    <motionState vehicle="6" speed="1953" time="2960" acceleration="1724"/>
    <motionState vehicle="7" speed="1992" time="2960" acceleration="2279"/>
    <motionState vehicle="8" speed="2089" time="2960" acceleration="3257"/>
    <motionState vehicle="9" speed="2288" time="2960" acceleration="4386"/>
    <motionState vehicle="10" speed="2601" time="2960" acceleration="4703"/>
    <motionState vehicle="11" speed="2936" time="2960" acceleration="3128"/>
    <motionState vehicle="0" speed="2981" time="2970" acceleration="1372"/>
    <motionState vehicle="1" speed="4007" time="2970" acceleration="13636"/>
    <motionState vehicle="2" speed="2623" time="2970" acceleration="1923"/>
    <motionState vehicle="3" speed="2626" time="2970" acceleration="-1083"/>
    <motionState vehicle="4" speed="4005" time="2970" acceleration="13636"/>
    <motionState vehicle="5" speed="2032" time="2970" acceleration="963"/>
    <motionState vehicle="6" speed="1955" time="2970" acceleration="1717"/>
    <motionState vehicle="7" speed="1994" time="2970" acceleration="2276"/>
    <motionState vehicle="8" speed="2092" time="2970" acceleration="3256"/>
    <motionState vehicle="9" speed="2293" time="2970" acceleration="4378"/>
    <motionState vehicle="10" speed="2605" time="2970" acceleration="4676"/>
    <motionState vehicle="11" speed="2939" time="2970" acceleration="3088"/>
    <motionState vehicle="0" speed="2983" time="2980" acceleration="1332"/>
    <motionState vehicle="1" speed="4021" time="2980" acceleration="13636"/>
    <motionState vehicle="2" speed="2625" time="2980" acceleration="1879"/>
    <motionState vehicle="3" speed="2625" time="2980" acceleration="-1109"/>
    <motionState vehicle="4" speed="4018" time="2980" acceleration="13636"/>
    <motionState vehicle="5" speed="2033" time="2980" acceleration="955"/>
    <motionState vehicle="6" speed="1956" time="2980" acceleration="1710"/>
    <motionState vehicle="7" speed="1996" time="2980" acceleration="2273"/>
    <motionState vehicle="8" speed="2096" time="2980" acceleration="3255"/>
    <motionState vehicle="9" speed="2297" time="2980" acceleration="4369"/>
    <motionState vehicle="10" speed="2610" time="2980" acceleration="4650"/>
    <motionState vehicle="11" speed="2942" time="2980" acceleration="3048"/>
    <motionState vehicle="0" speed="2984" time="2990" acceleration="1292"/>
    <motionState vehicle="1" speed="4034" time="2990" acceleration="13636"/>
    <motionState vehicle="2" speed="2627" time="2990" acceleration="1834"/>
    <motionState vehicle="3" speed="2623" time="2990" acceleration="-1134"/>
    <motionState vehicle="4" speed="4032" time="2990" acceleration="13636"/>
    <motionState vehicle="5" speed="2034" time="2990" acceleration="946"/>
    <motionState vehicle="6" speed="1958" time="2990" acceleration="1703"/>
    <motionState vehicle="7" speed="1998" time="2990" acceleration="2270"/>
    <motionState vehicle="8" speed="2099" time="2990" acceleration="3254"/>
    <motionState vehicle="9" speed="2301" time="2990" acceleration="4361"/>
    <motionState vehicle="10" speed="2615" time="2990" acceleration="4623"/>
    <motionState vehicle="11" speed="2945" time="2990" acceleration="3008"/>
    <motionState vehicle="0" speed="2985" time="3000" acceleration="1253"/>
    <motionState vehicle="1" speed="4048" time="3000" acceleration="13636"/>
    <motionState vehicle="2" speed="2629" time="3000" acceleration="1790"/>
    <motionState vehicle="3" speed="2622" time="3000" acceleration="-1158"/>
    <motionState vehicle="4" speed="4046" time="3000" acceleration="13636"/>
    <motionState vehicle="5" speed="2035" time="3000" acceleration="937"/>
    <motionState vehicle="6" speed="1960" time="3000" acceleration="1696"/>
    <motionState vehicle="7" speed="2001" time="3000" acceleration="2268"/>
    <motionState vehicle="8" speed="2102" time="3000" acceleration="3253"/>
    <motionState vehicle="9" speed="2306" time="3000" acceleration="4352"/>
    <motionState vehicle="10" speed="2619" time="3000" acceleration="4596"/>
    <motionState vehicle="11" speed="2948" time="3000" acceleration="2969"/>
    <motionState vehicle="0" speed="2987" time="3010" acceleration="1214"/>
    <motionState vehicle="1" speed="4062" time="3010" acceleration="13636"/>
    <motionState vehicle="2" speed="2631" time="3010" acceleration="1747"/>
    <motionState vehicle="3" speed="2621" time="3010" acceleration="-1182"/>
    <motionState vehicle="4" speed="4059" time="3010" acceleration="13636"/>
    <motionState vehicle="5" speed="2036" time="3010" acceleration="929"/>
    <motionState vehicle="6" speed="1961" time="3010" acceleration="1690"/>
    <motionState vehicle="7" speed="2003" time="3010" acceleration="2265"/>
    <motionState vehicle="8" speed="2105" time="3010" acceleration="3251"/>
    <motionState vehicle="9" speed="2310" time="3010" acceleration="4343"/>
    <motionState vehicle="10" speed="2624" time="3010" acceleration="4570"/>
    <motionState vehicle="11" speed="2951" time="3010" acceleration="2930"/>
    <motionState vehicle="0" speed="2988" time="3020" acceleration="1176"/>
    <motionState vehicle="1" speed="4075" time="3020" acceleration="13636"/>
    <motionState vehicle="2" speed="2632" time="3020" acceleration="1703"/>
    <motionState vehicle="3" speed="2620" time="3020" acceleration="-1205"/>
    <motionState vehicle="4" speed="4073" time="3020" acceleration="13636"/>
    <motionState vehicle="5" speed="2036" time="3020" acceleration="921"/>
    <motionState vehicle="6" speed="1963" time="3020" acceleration="1684"/>
    <motionState vehicle="7" speed="2005" time="3020" acceleration="2263"/>
    <motionState vehicle="8" speed="2109" time="3020" acceleration="3250"/>
    <motionState vehicle="9" speed="2314" time="3020" acceleration="4334"/>
    <motionState vehicle="10" speed="2628" time="3020" acceleration="4543"/>
    <motionState vehicle="11" speed="2954" time="3020" acceleration="2891"/>
    <motionState vehicle="0" speed="2989" time="3030" acceleration="1137"/>
    <motionState vehicle="1" speed="4089" time="3030" acceleration="13636"/>
    <motionState vehicle="2" speed="2634" time="3030" acceleration="1660"/>
    <motionState vehicle="3" speed="2619" time="3030" acceleration="-1228"/>
    <motionState vehicle="4" speed="4087" time="3030" acceleration="13636"/>
    <motionState vehicle="5" speed="2037" time="3030" acceleration="912"/>
    <motionState vehicle="6" speed="1965" time="3030" acceleration="1677"/>
    <motionState vehicle="7" speed="2008" time="3030" acceleration="2261"/>
    <motionState vehicle="8" speed="2112" time="3030" acceleration="3249"/>
    <motionState vehicle="9" speed="2319" time="3030" acceleration="4325"/>
    <motionState vehicle="10" speed="2633" time="3030" acceleration="4516"/>
    <motionState vehicle="11" speed="2957" time="3030" acceleration="2852"/>
    <motionState vehicle="0" speed="2990" time="3040" acceleration="1100"/>
    <motionState vehicle="1" speed="4102" time="3040" acceleration="13636"/>
    <motionState vehicle="2" speed="2636" time="3040" acceleration="1617"/>
    <motionState vehicle="3" speed="2617" time="3040" acceleration="-1250"/>
    <motionState vehicle="4" speed="4100" time="3040" acceleration="13636"/>
    <motionState vehicle="5" speed="2038" time="3040" acceleration="904"/>
    <motionState vehicle="6" speed="1966" time="3040" acceleration="1671"/>
    <motionState vehicle="7" speed="2010" time="3040" acceleration="2259"/>
    <motionState vehicle="8" speed="2115" time="3040" acceleration="3248"/>
    <motionState vehicle="9" speed="2323" time="3040" acceleration="4316"/>
    <motionState vehicle="10" speed="2637" time="3040" acceleration="4490"/>
    <motionState vehicle="11" speed="2960" time="3040" acceleration="2813"/>
    <motionState vehicle="0" speed="2991" time="3050" acceleration="1062"/>
    <motionState vehicle="1" speed="4116" time="3050" acceleration="13636"/>
    <motionState vehicle="2" speed="2637" time="3050" acceleration="1575"/>
    <motionState vehicle="3" speed="2616" time="3050" acceleration="-1272"/>
    <motionState vehicle="4" speed="4114" time="3050" acceleration="13636"/>
    <motionState vehicle="5" speed="2039" time="3050" acceleration="897"/>
    <motionState vehicle="6" speed="1968" time="3050" acceleration="1665"/>
    <motionState vehicle="7" speed="2012" time="3050" acceleration="2257"/>
    <motionState vehicle="8" speed="2118" time="3050" acceleration="3248"/>
    <motionState vehicle="9" speed="2327" time="3050" acceleration="4307"/>
    <motionState vehicle="10" speed="2642" time="3050" acceleration="4463"/>
    <motionState vehicle="11" speed="2962" time="3050" acceleration="2775"/>
    <motionState vehicle="0" speed="2992" time="3060" acceleration="1025"/>
    <motionState vehicle="1" speed="4130" time="3060" acceleration="13636"/>
    <motionState vehicle="2" speed="2639" time="3060" acceleration="1533"/>
    <motionState vehicle="3" speed="2615" time="3060" acceleration="-1293"/>
    <motionState vehicle="4" speed="4127" time="3060" acceleration="13636"/>
    <motionState vehicle="5" speed="2040" time="3060" acceleration="889"/>
    <motionState vehicle="6" speed="1970" time="3060" acceleration="1660"/>
    <motionState vehicle="7" speed="2014" time="3060" acceleration="2255"/>
    <motionState vehicle="8" speed="2122" time="3060" acceleration="3247"/>
    <motionState vehicle="9" speed="2332" time="3060" acceleration="4298"/>
    <motionState vehicle="10" speed="2646" time="3060" acceleration="4436"/>
    <motionState vehicle="11" speed="2965" time="3060" acceleration="2737"/>
    <motionState vehicle="0" speed="2993" time="3070" acceleration="988"/>
    <motionState vehicle="1" speed="4143" time="3070" acceleration="13636"/>
    <motionState vehicle="2" speed="2640" time="3070" acceleration="1491"/>
    <motionState vehicle="3" speed="2614" time="3070" acceleration="-1314"/>
    <motionState vehicle="4" speed="4141" time="3070" acceleration="13636"/>
    <motionState vehicle="5" speed="2041" time="3070" acceleration="882"/>
    <motionState vehicle="6" speed="1971" time="3070" acceleration="1654"/>
    <motionState vehicle="7" speed="2017" time="3070" acceleration="2253"/>
    <motionState vehicle="8" speed="2125" time="3070" acceleration="3246"/>
    <motionState vehicle="9" speed="2336" time="3070" acceleration="4289"/>
    <motionState vehicle="10" speed="2651" time="3070" acceleration="4409"/>
    <motionState vehicle="11" speed="2968" time="3070" acceleration="2699"/>
    <motionState vehicle="0" speed="2994" time="3080" acceleration="952"/>
    <motionState vehicle="1" speed="4157" time="3080" acceleration="13633"/>
    <motionState vehicle="2" speed="2642" time="3080" acceleration="1450"/>
    <motionState vehicle="3" speed="2612" time="3080" acceleration="-1334"/>
    <motionState vehicle="4" speed="4155" time="3080" acceleration="13636"/>
    <motionState vehicle="5" speed="2042" time="3080" acceleration="874"/>
    <motionState vehicle="6" speed="1973" time="3080" acceleration="1649"/>
    <motionState vehicle="7" speed="2019" time="3080" acceleration="2252"/>
    <motionState vehicle="8" speed="2128" time="3080" acceleration="3245"/>
    <motionState vehicle="9" speed="2340" time="3080" acceleration="4279"/>
    <motionState vehicle="10" speed="2655" time="3080" acceleration="4382"/>
    <motionState vehicle="11" speed="2971" time="3080" acceleration="2661"/>
    <motionState vehicle="0" speed="2995" time="3090" acceleration="915"/>
    <motionState vehicle="1" speed="4170" time="3090" acceleration="13509"/>
    <motionState vehicle="2" speed="2643" time="3090" acceleration="1408"/>
    <motionState vehicle="3" speed="2611" time="3090" acceleration="-1353"/>
    <motionState vehicle="4" speed="4168" time="3090" acceleration="13636"/>
    <motionState vehicle="5" speed="2043" time="3090" acceleration="867"/>
    <motionState vehicle="6" speed="1975" time="3090" acceleration="1643"/>
    <motionState vehicle="7" speed="2021" time="3090" acceleration="2250"/>
    <motionState vehicle="8" speed="2131" time="3090" acceleration="3244"/>
    <motionState vehicle="9" speed="2344" time="3090" acceleration="4270"/>
    <motionState vehicle="10" speed="2660" time="3090" acceleration="4356"/>
    <motionState vehicle="11" speed="2973" time="3090" acceleration="2623"/>
    <motionState vehicle="0" speed="2996" time="3100" acceleration="880"/>
    <motionState vehicle="1" speed="4184" time="3100" acceleration="13387"/>
    <motionState vehicle="2" speed="2645" time="3100" acceleration="1368"/>
    <motionState vehicle="3" speed="2609" time="3100" acceleration="-1373"/>
    <motionState vehicle="4" speed="4182" time="3100" acceleration="13636"/>
    <motionState vehicle="5" speed="2044" time="3100" acceleration="860"/>
    <motionState vehicle="6" speed="1976" time="3100" acceleration="1638"/>
    <motionState vehicle="7" speed="2023" time="3100" acceleration="2249"/>
    <motionState vehicle="8" speed="2135" time="3100" acceleration="3243"/>
    <motionState vehicle="9" speed="2349" time="3100" acceleration="4261"/>
    <motionState vehicle="10" speed="2664" time="3100" acceleration="4329"/>
    <motionState vehicle="11" speed="2976" time="3100" acceleration="2586"/>
    <motionState vehicle="0" speed="2997" time="3110" acceleration="844"/>
    <motionState vehicle="1" speed="4197" time="3110" acceleration="13267"/>
    <motionState vehicle="2" speed="2646" time="3110" acceleration="1327"/>
    <motionState vehicle="3" speed="2608" time="3110" acceleration="-1391"/>
    <motionState vehicle="4" speed="4196" time="3110" acceleration="13636"/>
    <motionState vehicle="5" speed="2044" time="3110" acceleration="853"/>
    <motionState vehicle="6" speed="1978" time="3110" acceleration="1633"/>
    <motionState vehicle="7" speed="2026" time="3110" acceleration="2247"/>
    <motionState vehicle="8" speed="2138" time="3110" acceleration="3243"/>
    <motionState vehicle="9" speed="2353" time="3110" acceleration="4251"/>
    <motionState vehicle="10" speed="2668" time="3110" acceleration="4302"/>
    <motionState vehicle="11" speed="2978" time="3110" acceleration="2549"/>
    <motionState vehicle="0" speed="2997" time="3120" acceleration="809"/>
    <motionState vehicle="1" speed="4210" time="3120" acceleration="13150"/>
    <motionState vehicle="2" speed="2647" time="3120" acceleration="1287"/>
    <motionState vehicle="3" speed="2607" time="3120" acceleration="-1409"/>
    <motionState vehicle="4" speed="4209" time="3120" acceleration="13636"/>
    <motionState vehicle="5" speed="2045" time="3120" acceleration="847"/>
    <motionState vehicle="6" speed="1980" time="3120" acceleration="1628"/>
    <motionState vehicle="7" speed="2028" time="3120" acceleration="2246"/>
    <motionState vehicle="8" speed="2141" time="3120" acceleration="3242"/>
    <motionState vehicle="9" speed="2357" time="3120" acceleration="4242"/>
    <motionState vehicle="10" speed="2672" time="3120" acceleration="4275"/>
    <motionState vehicle="11" speed="2981" time="3120" acceleration="2512"/>
    <motionState vehicle="0" speed="2998" time="3130" acceleration="774"/>
    <motionState vehicle="1" speed="4223" time="3130" acceleration="13035"/>
    <motionState vehicle="2" speed="2648" time="3130" acceleration="1247"/>
    <motionState vehicle="3" speed="2605" time="3130" acceleration="-1427"/>
    <motionState vehicle="4" speed="4223" time="3130" acceleration="13636"/>
    <motionState vehicle="5" speed="2046" time="3130" acceleration="840"/>
    <motionState vehicle="6" speed="1981" time="3130" acceleration="1623"/>
    <motionState vehicle="7" speed="2030" time="3130" acceleration="2245"/>
    <motionState vehicle="8" speed="2144" time="3130" acceleration="3241"/>
    <motionState vehicle="9" speed="2361" time="3130" acceleration="4232"/>
    <motionState vehicle="10" speed="2677" time="3130" acceleration="4248"/>
    <motionState vehicle="11" speed="2983" time="3130" acceleration="2475"/>
    <motionState vehicle="0" speed="2999" time="3140" acceleration="740"/>
    <motionState vehicle="1" speed="4236" time="3140" acceleration="12922"/>
    <motionState vehicle="2" speed="2650" time="3140" acceleration="1207"/>
    <motionState vehicle="3" speed="2604" time="3140" acceleration="-1444"/>
    <motionState vehicle="4" speed="4237" time="3140" acceleration="13636"/>
    <motionState vehicle="5" speed="2047" time="3140" acceleration="834"/>
    <motionState vehicle="6" speed="1983" time="3140" acceleration="1619"/>
    <motionState vehicle="7" speed="2032" time="3140" acceleration="2244"/>
    <motionState vehicle="8" speed="2148" time="3140" acceleration="3240"/>
    <motionState vehicle="9" speed="2366" time="3140" acceleration="4222"/>
    <motionState vehicle="10" speed="2681" time="3140" acceleration="4221"/>
    <motionState vehicle="11" speed="2986" time="3140" acceleration="2438"/>
    <motionState vehicle="0" speed="3000" time="3150" acceleration="705"/>
    <motionState vehicle="1" speed="4249" time="3150" acceleration="12811"/>
    <motionState vehicle="2" speed="2651" time="3150" acceleration="1168"/>
    <motionState vehicle="3" speed="2602" time="3150" acceleration="-1461"/>
    <motionState vehicle="4" speed="4250" time="3150" acceleration="13636"/>
    <motionState vehicle="5" speed="2048" time="3150" acceleration="827"/>
    <motionState vehicle="6" speed="1984" time="3150" acceleration="1614"/>
    <motionState vehicle="7" speed="2035" time="3150" acceleration="2243"/>
    <motionState vehicle="8" speed="2151" time="3150" acceleration="3240"/>
    <motionState vehicle="9" speed="2370" time="3150" acceleration="4213"/>
    <motionState vehicle="10" speed="2685" time="3150" acceleration="4195"/>
    <motionState vehicle="11" speed="2988" time="3150" acceleration="2402"/>
    <motionState vehicle="0" speed="3000" time="3160" acceleration="671"/>
    <motionState vehicle="1" speed="4262" time="3160" acceleration="12702"/>
    <motionState vehicle="2" speed="2652" time="3160" acceleration="1129"/>
    <motionState vehicle="3" speed="2601" time="3160" acceleration="-1477"/>
    <motionState vehicle="4" speed="4264" time="3160" acceleration="13636"/>
    <motionState vehicle="5" speed="2049" time="3160" acceleration="821"/>
    <motionState vehicle="6" speed="1986" time="3160" acceleration="1610"/>
    <motionState vehicle="7" speed="2037" time="3160" acceleration="2243"/>
    <motionState vehicle="8" speed="2154" time="3160" acceleration="3239"/>
    <motionState vehicle="9" speed="2374" time="3160" acceleration="4203"/>
    <motionState vehicle="10" speed="2689" time="3160" acceleration="4168"/>
    <motionState vehicle="11" speed="2990" time="3160" acceleration="2366"/>
    <motionState vehicle="0" speed="3001" time="3170" acceleration="638"/>
    <motionState vehicle="1" speed="4274" time="3170" acceleration="12595"/>
    <motionState vehicle="2" speed="2653" time="3170" acceleration="1090"/>
    <motionState vehicle="3" speed="2599" time="3170" acceleration="-1493"/>
    <motionState vehicle="4" speed="4277" time="3170" acceleration="13636"/>
    <motionState vehicle="5" speed="2049" time="3170" acceleration="815"/>
    <motionState vehicle="6" speed="1988" time="3170" acceleration="1605"/>
    <motionState vehicle="7" speed="2039" time="3170" acceleration="2242"/>
    <motionState vehicle="8" speed="2157" time="3170" acceleration="3238"/>
    <motionState vehicle="9" speed="2378" time="3170" acceleration="4193"/>
    <motionState vehicle="10" speed="2693" time="3170" acceleration="4141"/>
    <motionState vehicle="11" speed="2993" time="3170" acceleration="2330"/>
    <motionState vehicle="0" speed="3002" time="3180" acceleration="605"/>
    <motionState vehicle="1" speed="4287" time="3180" acceleration="12490"/>
    <motionState vehicle="2" speed="2654" time="3180" acceleration="1052"/>
    <motionState vehicle="3" speed="2598" time="3180" acceleration="-1509"/>
    <motionState vehicle="4" speed="4291" time="3180" acceleration="13636"/>
    <motionState vehicle="5" speed="2050" time="3180" acceleration="809"/>
    <motionState vehicle="6" speed="1989" time="3180" acceleration="1601"/>
    <motionState vehicle="7" speed="2041" time="3180" acceleration="2241"/>
    <motionState vehicle="8" speed="2161" time="3180" acceleration="3238"/>
    <motionState vehicle="9" speed="2382" time="3180" acceleration="4183"/>
    <motionState vehicle="10" speed="2697" time="3180" acceleration="4114"/>
    <motionState vehicle="11" speed="2995" time="3180" acceleration="2294"/>
    <motionState vehicle="0" speed="3002" time="3190" acceleration="572"/>
    <motionState vehicle="1" speed="4299" time="3190" acceleration="12387"/>
    <motionState vehicle="2" speed="2655" time="3190" acceleration="1014"/>
    <motionState vehicle="3" speed="2596" time="3190" acceleration="-1524"/>
    <motionState vehicle="4" speed="4305" time="3190" acceleration="13636"/>
    <motionState vehicle="5" speed="2051" time="3190" acceleration="804"/>
    <motionState vehicle="6" speed="1991" time="3190" acceleration="1597"/>
    <motionState vehicle="7" speed="2043" time="3190" acceleration="2241"/>
    <motionState vehicle="8" speed="2164" time="3190" acceleration="3237"/>
    <motionState vehicle="9" speed="2387" time="3190" acceleration="4173"/>
    <motionState vehicle="10" speed="2702" time="3190" acceleration="4087"/>
    <motionState vehicle="11" speed="2997" time="3190" acceleration="2258"/>
    <motionState vehicle="0" speed="3003" time="3200" acceleration="539"/>
    <motionState vehicle="1" speed="4311" time="3200" acceleration="12287"/>
    <motionState vehicle="2" speed="2656" time="3200" acceleration="977"/>
    <motionState vehicle="3" speed="2595" time="3200" acceleration="-1538"/>
    <motionState vehicle="4" speed="4318" time="3200" acceleration="13636"/>
    <motionState vehicle="5" speed="2052" time="3200" acceleration="798"/>
    <motionState vehicle="6" speed="1992" time="3200" acceleration="1593"/>
    <motionState vehicle="7" speed="2046" time="3200" acceleration="2241"/>
    <motionState vehicle="8" speed="2167" time="3200" acceleration="3236"/>
    <motionState vehicle="9" speed="2391" time="3200" acceleration="4163"/>
    <motionState vehicle="10" speed="2706" time="3200" acceleration="4060"/>
    <motionState vehicle="11" speed="3000" time="3200" acceleration="2223"/>
    <motionState vehicle="0" speed="3003" time="3210" acceleration="506"/>
    <motionState vehicle="1" speed="4324" time="3210" acceleration="12188"/>
    <motionState vehicle="2" speed="2657" time="3210" acceleration="939"/>
    <motionState vehicle="3" speed="2593" time="3210" acceleration="-1552"/>
    <motionState vehicle="4" speed="4332" time="3210" acceleration="13636"/>
    <motionState vehicle="5" speed="2053" time="3210" acceleration="793"/>
    <motionState vehicle="6" speed="1994" time="3210" acceleration="1590"/>
    <motionState vehicle="7" speed="2048" time="3210" acceleration="2240"/>
    <motionState vehicle="8" speed="2170" time="3210" acceleration="3236"/>
    <motionState vehicle="9" speed="2395" time="3210" acceleration="4153"/>
    <motionState vehicle="10" speed="2710" time="3210" acceleration="4033"/>
    <motionState vehicle="11" speed="3002" time="3210" acceleration="2188"/>
    <motionState vehicle="0" speed="3004" time="3220" acceleration="474"/>
    <motionState vehicle="1" speed="4336" time="3220" acceleration="12091"/>
    <motionState vehicle="2" speed="2658" time="3220" acceleration="902"/>
    <motionState vehicle="3" speed="2592" time="3220" acceleration="-1566"/>
    <motionState vehicle="4" speed="4346" time="3220" acceleration="13636"/>
    <motionState vehicle="5" speed="2053" time="3220" acceleration="787"/>
    <motionState vehicle="6" speed="1996" time="3220" acceleration="1586"/>
    <motionState vehicle="7" speed="2050" time="3220" acceleration="2240"/>
    <motionState vehicle="8" speed="2173" time="3220" acceleration="3235"/>
    <motionState vehicle="9" speed="2399" time="3220" acceleration="4143"/>
    <motionState vehicle="10" speed="2714" time="3220" acceleration="4006"/>
    <motionState vehicle="11" speed="3004" time="3220" acceleration="2152"/>
    <motionState vehicle="0" speed="3004" time="3230" acceleration="442"/>
    <motionState vehicle="1" speed="4348" time="3230" acceleration="11996"/>
    <motionState vehicle="2" speed="2659" time="3230" acceleration="866"/>
    <motionState vehicle="3" speed="2590" time="3230" acceleration="-1579"/>
    <motionState vehicle="4" speed="4359" time="3230" acceleration="13636"/>
    <motionState vehicle="5" speed="2054" time="3230" acceleration="782"/>
    <motionState vehicle="6" speed="1997" time="3230" acceleration="1582"/>
    <motionState vehicle="7" speed="2052" time="3230" acceleration="2240"/>
    <motionState vehicle="8" speed="2177" time="3230" acceleration="3234"/>
    <motionState vehicle="9" speed="2403" time="3230" acceleration="4132"/>
    <motionState vehicle="10" speed="2718" time="3230" acceleration="3979"/>
    <motionState vehicle="11" speed="3006" time="3230" acceleration="2118"/>
    <motionState vehicle="0" speed="3004" time="3240" acceleration="411"/>
    <motionState vehicle="1" speed="4360" time="3240" acceleration="11903"/>
    <motionState vehicle="2" speed="2660" time="3240" acceleration="829"/>
    <motionState vehicle="3" speed="2588" time="3240" acceleration="-1592"/>
    <motionState vehicle="4" speed="4373" time="3240" acceleration="13636"/>
    <motionState vehicle="5" speed="2055" time="3240" acceleration="777"/>
    <motionState vehicle="6" speed="1999" time="3240" acceleration="1579"/>
    <motionState vehicle="7" speed="2055" time="3240" acceleration="2240"/>
    <motionState vehicle="8" speed="2180" time="3240" acceleration="3234"/>
    <motionState vehicle="9" speed="2407" time="3240" acceleration="4122"/>
    <motionState vehicle="10" speed="2722" time="3240" acceleration="3953"/>
    <motionState vehicle="11" speed="3008" time="3240" acceleration="2083"/>
    <motionState vehicle="0" speed="3005" time="3250" acceleration="380"/>
    <motionState vehicle="1" speed="4371" time="3250" acceleration="11812"/>
    <motionState vehicle="2" speed="2660" time="3250" acceleration="793"/>
    <motionState vehicle="3" speed="2587" time="3250" acceleration="-1605"/>
    <motionState vehicle="4" speed="4387" time="3250" acceleration="13636"/>
    <motionState vehicle="5" speed="2056" time="3250" acceleration="772"/>
    <motionState vehicle="6" speed="2000" time="3250" acceleration="1576"/>
    <motionState vehicle="7" speed="2057" time="3250" acceleration="2240"/>
    <motionState vehicle="8" speed="2183" time="3250" acceleration="3233"/>
    <motionState vehicle="9" speed="2411" time="3250" acceleration="4111"/>
    <motionState vehicle="10" speed="2726" time="3250" acceleration="3926"/>
    <motionState vehicle="11" speed="3010" time="3250" acceleration="2049"/>
    <motionState vehicle="0" speed="3005" time="3260" acceleration="349"/>
    <motionState vehicle="1" speed="4383" time="3260" acceleration="11722"/>
    <motionState vehicle="2" speed="2661" time="3260" acceleration="758"/>
    <motionState vehicle="3" speed="2585" time="3260" acceleration="-1617"/>
    <motionState vehicle="4" speed="4400" time="3260" acceleration="13636"/>
    <motionState vehicle="5" speed="2056" time="3260" acceleration="768"/>
    <motionState vehicle="6" speed="2002" time="3260" acceleration="1573"/>
    <motionState vehicle="7" speed="2059" time="3260" acceleration="2240"/>
    <motionState vehicle="8" speed="2186" time="3260" acceleration="3232"/>
    <motionState vehicle="9" speed="2416" time="3260" acceleration="4101"/>
    <motionState vehicle="10" speed="2729" time="3260" acceleration="3899"/>
    <motionState vehicle="11" speed="3012" time="3260" acceleration="2014"/>
    <motionState vehicle="0" speed="3006" time="3270" acceleration="318"/>
    <motionState vehicle="1" speed="4395" time="3270" acceleration="11635"/>
    <motionState vehicle="2" speed="2662" time="3270" acceleration="722"/>
    <motionState vehicle="3" speed="2584" time="3270" acceleration="-1628"/>
    <motionState vehicle="4" speed="4414" time="3270" acceleration="13636"/>
    <motionState vehicle="5" speed="2057" time="3270" acceleration="763"/>
    <motionState vehicle="6" speed="2003" time="3270" acceleration="1570"/>
    <motionState vehicle="7" speed="2061" time="3270" acceleration="2240"/>
    <motionState vehicle="8" speed="2190" time="3270" acceleration="3232"/>
    <motionState vehicle="9" speed="2420" time="3270" acceleration="4090"/>
    <motionState vehicle="10" speed="2733" time="3270" acceleration="3872"/>
    <motionState vehicle="11" speed="3014" time="3270" acceleration="1980"/>
    <motionState vehicle="0" speed="3006" time="3280" acceleration="287"/>
    <motionState vehicle="1" speed="4406" time="3280" acceleration="11549"/>
    <motionState vehicle="2" speed="2663" time="3280" acceleration="687"/>
    <motionState vehicle="3" speed="2582" time="3280" acceleration="-1640"/>
    <motionState vehicle="4" speed="4427" time="3280" acceleration="13636"/>
    <motionState vehicle="5" speed="2058" time="3280" acceleration="758"/>
    <motionState vehicle="6" speed="2005" time="3280" acceleration="1567"/>
    <motionState vehicle="7" speed="2064" time="3280" acceleration="2241"/>
    <motionState vehicle="8" speed="2193" time="3280" acceleration="3231"/>
    <motionState vehicle="9" speed="2424" time="3280" acceleration="4080"/>
    <motionState vehicle="10" speed="2737" time="3280" acceleration="3845"/>
    <motionState vehicle="11" speed="3016" time="3280" acceleration="1946"/>
    <motionState vehicle="0" speed="3006" time="3290" acceleration="257"/>
    <motionState vehicle="1" speed="4418" time="3290" acceleration="11465"/>
    <motionState vehicle="2" speed="2663" time="3290" acceleration="652"/>
    <motionState vehicle="3" speed="2580" time="3290" acceleration="-1651"/>
    <motionState vehicle="4" speed="4441" time="3290" acceleration="13636"/>
    <motionState vehicle="5" speed="2059" time="3290" acceleration="754"/>
    <motionState vehicle="6" speed="2007" time="3290" acceleration="1564"/>
    <motionState vehicle="7" speed="2066" time="3290" acceleration="2241"/>
    <motionState vehicle="8" speed="2196" time="3290" acceleration="3230"/>
    <motionState vehicle="9" speed="2428" time="3290" acceleration="4069"/>
    <motionState vehicle="10" speed="2741" time="3290" acceleration="3818"/>
    <motionState vehicle="11" speed="3018" time="3290" acceleration="1913"/>
    <motionState vehicle="0" speed="3006" time="3300" acceleration="227"/>
    <motionState vehicle="1" speed="4429" time="3300" acceleration="11382"/>
    <motionState vehicle="2" speed="2664" time="3300" acceleration="618"/>
    <motionState vehicle="3" speed="2579" time="3300" acceleration="-1661"/>
    <motionState vehicle="4" speed="4455" time="3300" acceleration="13636"/>
    <motionState vehicle="5" speed="2059" time="3300" acceleration="750"/>
    <motionState vehicle="6" speed="2008" time="3300" acceleration="1561"/>
    <motionState vehicle="7" speed="2068" time="3300" acceleration="2241"/>
    <motionState vehicle="8" speed="2199" time="3300" acceleration="3230"/>
    <motionState vehicle="9" speed="2432" time="3300" acceleration="4058"/>
    <motionState vehicle="10" speed="2745" time="3300" acceleration="3791"/>
    <motionState vehicle="11" speed="3020" time="3300" acceleration="1879"/>
    <motionState vehicle="0" speed="3006" time="3310" acceleration="198"/>
    <motionState vehicle="1" speed="4441" time="3310" acceleration="11302"/>
    <motionState vehicle="2" speed="2664" time="3310" acceleration="584"/>
    <motionState vehicle="3" speed="2577" time="3310" acceleration="-1671"/>
    <motionState vehicle="4" speed="4468" time="3310" acceleration="13636"/>
    <motionState vehicle="5" speed="2060" time="3310" acceleration="746"/>
    <motionState vehicle="6" speed="2010" time="3310" acceleration="1559"/>
    <motionState vehicle="7" speed="2070" time="3310" acceleration="2242"/>
    <motionState vehicle="8" speed="2203" time="3310" acceleration="3229"/>
    <motionState vehicle="9" speed="2436" time="3310" acceleration="4047"/>
    <motionState vehicle="10" speed="2749" time="3310" acceleration="3765"/>
    <motionState vehicle="11" speed="3022" time="3310" acceleration="1846"/>
    <motionState vehicle="0" speed="3007" time="3320" acceleration="168"/>
    <motionState vehicle="1" speed="4452" time="3320" acceleration="11223"/>
    <motionState vehicle="2" speed="2665" time="3320" acceleration="550"/>
    <motionState vehicle="3" speed="2575" time="3320" acceleration="-1681"/>
    <motionState vehicle="4" speed="4482" time="3320" acceleration="13636"/>
    <motionState vehicle="5" speed="2061" time="3320" acceleration="742"/>
    <motionState vehicle="6" speed="2011" time="3320" acceleration="1556"/>
    <motionState vehicle="7" speed="2073" time="3320" acceleration="2243"/>
    <motionState vehicle="8" speed="2206" time="3320" acceleration="3228"/>
    <motionState vehicle="9" speed="2440" time="3320" acceleration="4036"/>
    <motionState vehicle="10" speed="2752" time="3320" acceleration="3738"/>
    <motionState vehicle="11" speed="3024" time="3320" acceleration="1813"/>
    <motionState vehicle="0" speed="3007" time="3330" acceleration="139"/>
    <motionState vehicle="1" speed="4463" time="3330" acceleration="11145"/>
    <motionState vehicle="2" speed="2665" time="3330" acceleration="517"/>
    <motionState vehicle="3" speed="2574" time="3330" acceleration="-1691"/>
    <motionState vehicle="4" speed="4496" time="3330" acceleration="13636"/>
    <motionState vehicle="5" speed="2062" time="3330" acceleration="738"/>
    <motionState vehicle="6" speed="2013" time="3330" acceleration="1554"/>
    <motionState vehicle="7" speed="2075" time="3330" acceleration="2243"/>
    <motionState vehicle="8" speed="2209" time="3330" acceleration="3228"/>
    <motionState vehicle="9" speed="2444" time="3330" acceleration="4025"/>
    <motionState vehicle="10" speed="2756" time="3330" acceleration="3711"/>
    <motionState vehicle="11" speed="3025" time="3330" acceleration="1780"/>
    <motionState vehicle="0" speed="3007" time="3340" acceleration="110"/>
    <motionState vehicle="1" speed="4474" time="3340" acceleration="11070"/>
    <motionState vehicle="2" speed="2666" time="3340" acceleration="484"/>
    <motionState vehicle="3" speed="2572" time="3340" acceleration="-1700"/>
    <motionState vehicle="4" speed="4509" time="3340" acceleration="13636"/>
    <motionState vehicle="5" speed="2062" time="3340" acceleration="734"/>
    <motionState vehicle="6" speed="2014" time="3340" acceleration="1552"/>
    <motionState vehicle="7" speed="2077" time="3340" acceleration="2244"/>
    <motionState vehicle="8" speed="2212" time="3340" acceleration="3227"/>
    <motionState vehicle="9" speed="2448" time="3340" acceleration="4014"/>
    <motionState vehicle="10" speed="2760" time="3340" acceleration="3684"/>
    <motionState vehicle="11" speed="3027" time="3340" acceleration="1747"/>
    <motionState vehicle="0" speed="3007" time="3350" acceleration="82"/>
    <motionState vehicle="1" speed="4485" time="3350" acceleration="10996"/>
    <motionState vehicle="2" speed="2666" time="3350" acceleration="451"/>
    <motionState vehicle="3" speed="2570" time="3350" acceleration="-1708"/>
    <motionState vehicle="4" speed="4523" time="3350" acceleration="13636"/>
    <motionState vehicle="5" speed="2063" time="3350" acceleration="731"/>
    <motionState vehicle="6" speed="2016" time="3350" acceleration="1550"/>
    <motionState vehicle="7" speed="2079" time="3350" acceleration="2245"/>
    <motionState vehicle="8" speed="2215" time="3350" acceleration="3226"/>
    <motionState vehicle="9" speed="2452" time="3350" acceleration="4003"/>
    <motionState vehicle="10" speed="2763" time="3350" acceleration="3657"/>
    <motionState vehicle="11" speed="3029" time="3350" acceleration="1714"/>
    <motionState vehicle="0" speed="3007" time="3360" acceleration="53"/>
    <motionState vehicle="1" speed="4496" time="3360" acceleration="10923"/>
    <motionState vehicle="2" speed="2667" time="3360" acceleration="418"/>
    <motionState vehicle="3" speed="2568" time="3360" acceleration="-1717"/>
    <motionState vehicle="4" speed="4537" time="3360" acceleration="13636"/>
    <motionState vehicle="5" speed="2064" time="3360" acceleration="727"/>
    <motionState vehicle="6" speed="2017" time="3360" acceleration="1548"/>
    <motionState vehicle="7" speed="2082" time="3360" acceleration="2246"/>
    <motionState vehicle="8" speed="2219" time="3360" acceleration="3225"/>
    <motionState vehicle="9" speed="2456" time="3360" acceleration="3992"/>
    <motionState vehicle="10" speed="2767" time="3360" acceleration="3630"/>
    <motionState vehicle="11" speed="3030" time="3360" acceleration="1682"/>
    <motionState vehicle="0" speed="3007" time="3370" acceleration="25"/>
    <motionState vehicle="1" speed="4507" time="3370" acceleration="10852"/>
    <motionState vehicle="2" speed="2667" time="3370" acceleration="386"/>
    <motionState vehicle="3" speed="2567" time="3370" acceleration="-1725"/>
    <motionState vehicle="4" speed="4550" time="3370" acceleration="13636"/>
    <motionState vehicle="5" speed="2065" time="3370" acceleration="724"/>
    <motionState vehicle="6" speed="2019" time="3370" acceleration="1546"/>
    <motionState vehicle="7" speed="2084" time="3370" acceleration="2247"/>
    <motionState vehicle="8" speed="2222" time="3370" acceleration="3225"/>
    <motionState vehicle="9" speed="2460" time="3370" acceleration="3981"/>
    <motionState vehicle="10" speed="2771" time="3370" acceleration="3604"/>
    <motionState vehicle="11" speed="3032" time="3370" acceleration="1650"/>
    <motionState vehicle="0" speed="3007" time="3380" acceleration="-2"/>
    <motionState vehicle="1" speed="4518" time="3380" acceleration="10783"/>
    <motionState vehicle="2" speed="2668" time="3380" acceleration="354"/>
    <motionState vehicle="3" speed="2565" time="3380" acceleration="-1732"/>
    <motionState vehicle="4" speed="4564" time="3380" acceleration="13636"/>
    <motionState vehicle="5" speed="2065" time="3380" acceleration="721"/>
    <motionState vehicle="6" speed="2021" time="3380" acceleration="1544"/>
    <motionState vehicle="7" speed="2086" time="3380" acceleration="2248"/>
    <motionState vehicle="8" speed="2225" time="3380" acceleration="3224"/>
    <motionState vehicle="9" speed="2464" time="3380" acceleration="3969"/>
    <motionState vehicle="10" speed="2774" time="3380" acceleration="3577"/>
    <motionState vehicle="11" speed="3034" time="3380" acceleration="1617"/>
    <motionState vehicle="0" speed="3007" time="3390" acceleration="-29"/>
    <motionState vehicle="1" speed="4528" time="3390" acceleration="10715"/>
    <motionState vehicle="2" speed="2668" time="3390" acceleration="323"/>
    <motionState vehicle="3" speed="2563" time="3390" acceleration="-1740"/>
    <motionState vehicle="4" speed="4577" time="3390" acceleration="13636"/>
    <motionState vehicle="5" speed="2066" time="3390" acceleration="717"/>
    <motionState vehicle="6" speed="2022" time="3390" acceleration="1542"/>
    <motionState vehicle="7" speed="2088" time="3390" acceleration="2249"/>
    <motionState vehicle="8" speed="2228" time="3390" acceleration="3223"/>
    <motionState vehicle="9" speed="2468" time="3390" acceleration="3958"/>
    <motionState vehicle="10" speed="2778" time="3390" acceleration="3550"/>
    <motionState vehicle="11" speed="3035" time="3390" acceleration="1586"/>
    <motionState vehicle="0" speed="3007" time="3400" acceleration="-57"/>
    <motionState vehicle="1" speed="4539" time="3400" acceleration="10648"/>
    <motionState vehicle="2" speed="2668" time="3400" acceleration="292"/>
    <motionState vehicle="3" speed="2562" time="3400" acceleration="-1747"/>
    <motionState vehicle="4" speed="4591" time="3400" acceleration="13636"/>
    <motionState vehicle="5" speed="2067" time="3400" acceleration="714"/>
    <motionState vehicle="6" speed="2024" time="3400" acceleration="1541"/>
    <motionState vehicle="7" speed="2091" time="3400" acceleration="2250"/>
    <motionState vehicle="8" speed="2232" time="3400" acceleration="3222"/>
    <motionState vehicle="9" speed="2472" time="3400" acceleration="3946"/>
    <motionState vehicle="10" speed="2781" time="3400" acceleration="3524"/>
    <motionState vehicle="11" speed="3037" time="3400" acceleration="1554"/>
    <motionState vehicle="0" speed="3007" time="3410" acceleration="-84"/>
    <motionState vehicle="1" speed="4549" time="3410" acceleration="10584"/>
    <motionState vehicle="2" speed="2668" time="3410" acceleration="261"/>
    <motionState vehicle="3" speed="2560" time="3410" acceleration="-1754"/>
    <motionState vehicle="4" speed="4605" time="3410" acceleration="13636"/>
    <motionState vehicle="5" speed="2067" time="3410" acceleration="711"/>
    <motionState vehicle="6" speed="2025" time="3410" acceleration="1539"/>
    <motionState vehicle="7" speed="2093" time="3410" acceleration="2251"/>
    <motionState vehicle="8" speed="2235" time="3410" acceleration="3221"/>
    <motionState vehicle="9" speed="2476" time="3410" acceleration="3935"/>
    <motionState vehicle="10" speed="2785" time="3410" acceleration="3497"/>
    <motionState vehicle="11" speed="3038" time="3410" acceleration="1522"/>
    <motionState vehicle="0" speed="3007" time="3420" acceleration="-111"/>
    <motionState vehicle="1" speed="4560" time="3420" acceleration="10520"/>
    <motionState vehicle="2" speed="2669" time="3420" acceleration="230"/>
    <motionState vehicle="3" speed="2558" time="3420" acceleration="-1760"/>
    <motionState vehicle="4" speed="4618" time="3420" acceleration="13636"/>
    <motionState vehicle="5" speed="2068" time="3420" acceleration="709"/>
    <motionState vehicle="6" speed="2027" time="3420" acceleration="1538"/>
    <motionState vehicle="7" speed="2095" time="3420" acceleration="2252"/>
    <motionState vehicle="8" speed="2238" time="3420" acceleration="3220"/>
    <motionState vehicle="9" speed="2480" time="3420" acceleration="3923"/>
    <motionState vehicle="10" speed="2788" time="3420" acceleration="3470"/>
    <motionState vehicle="11" speed="3040" time="3420" acceleration="1491"/>
    <motionState vehicle="0" speed="3007" time="3430" acceleration="-137"/>
    <motionState vehicle="1" speed="4570" time="3430" acceleration="10458"/>
    <motionState vehicle="2" speed="2669" time="3430" acceleration="200"/>
    <motionState vehicle="3" speed="2556" time="3430" acceleration="-1766"/>
    <motionState vehicle="4" speed="4632" time="3430" acceleration="13636"/>
    <motionState vehicle="5" speed="2069" time="3430" acceleration="706"/>
    <motionState vehicle="6" speed="2028" time="3430" acceleration="1537"/>
    <motionState vehicle="7" speed="2097" time="3430" acceleration="2254"/>
    <motionState vehicle="8" speed="2241" time="3430" acceleration="3219"/>
    <motionState vehicle="9" speed="2484" time="3430" acceleration="3911"/>
    <motionState vehicle="10" speed="2792" time="3430" acceleration="3444"/>
    <motionState vehicle="11" speed="3041" time="3430" acceleration="1460"/>
    <motionState vehicle="0" speed="3006" time="3440" acceleration="-164"/>
    <motionState vehicle="1" speed="4581" time="3440" acceleration="10398"/>
    <motionState vehicle="2" speed="2669" time="3440" acceleration="170"/>
    <motionState vehicle="3" speed="2554" time="3440" acceleration="-1772"/>
    <motionState vehicle="4" speed="4646" time="3440" acceleration="13636"/>
    <motionState vehicle="5" speed="2070" time="3440" acceleration="703"/>
    <motionState vehicle="6" speed="2030" time="3440" acceleration="1535"/>
    <motionState vehicle="7" speed="2100" time="3440" acceleration="2255"/>
    <motionState vehicle="8" speed="2244" time="3440" acceleration="3219"/>
    <motionState vehicle="9" speed="2487" time="3440" acceleration="3899"/>
    <motionState vehicle="10" speed="2795" time="3440" acceleration="3417"/>
    <motionState vehicle="11" speed="3043" time="3440" acceleration="1429"/>
    <motionState vehicle="0" speed="3006" time="3450" acceleration="-190"/>
    <motionState vehicle="1" speed="4591" time="3450" acceleration="10338"/>
    <motionState vehicle="2" speed="2669" time="3450" acceleration="140"/>
    <motionState vehicle="3" speed="2553" time="3450" acceleration="-1777"/>
    <motionState vehicle="4" speed="4659" time="3450" acceleration="13636"/>
    <motionState vehicle="5" speed="2070" time="3450" acceleration="701"/>
    <motionState vehicle="6" speed="2031" time="3450" acceleration="1534"/>
    <motionState vehicle="7" speed="2102" time="3450" acceleration="2256"/>
    <motionState vehicle="8" speed="2248" time="3450" acceleration="3218"/>
    <motionState vehicle="9" speed="2491" time="3450" acceleration="3888"/>
    <motionState vehicle="10" speed="2798" time="3450" acceleration="3390"/>
    <motionState vehicle="11" speed="3044" time="3450" acceleration="1398"/>
    <motionState vehicle="0" speed="3006" time="3460" acceleration="-216"/>
    <motionState vehicle="1" speed="4601" time="3460" acceleration="10281"/>
    <motionState vehicle="2" speed="2669" time="3460" acceleration="111"/>
    <motionState vehicle="3" speed="2551" time="3460" acceleration="-1782"/>
    <motionState vehicle="4" speed="4673" time="3460" acceleration="13636"/>
    <motionState vehicle="5" speed="2071" time="3460" acceleration="699"/>
    <motionState vehicle="6" speed="2033" time="3460" acceleration="1533"/>
    <motionState vehicle="7" speed="2104" time="3460" acceleration="2258"/>
    <motionState vehicle="8" speed="2251" time="3460" acceleration="3217"/>
    <motionState vehicle="9" speed="2495" time="3460" acceleration="3876"/>
    <motionState vehicle="10" speed="2802" time="3460" acceleration="3364"/>
    <motionState vehicle="11" speed="3046" time="3460" acceleration="1368"/>
    <motionState vehicle="0" speed="3006" time="3470" acceleration="-241"/>
    <motionState vehicle="1" speed="4612" time="3470" acceleration="10224"/>
    <motionState vehicle="2" speed="2669" time="3470" acceleration="82"/>
    <motionState vehicle="3" speed="2549" time="3470" acceleration="-1787"/>
    <motionState vehicle="4" speed="4687" time="3470" acceleration="13636"/>
    <motionState vehicle="5" speed="2072" time="3470" acceleration="696"/>
    <motionState vehicle="6" speed="2034" time="3470" acceleration="1532"/>
    <motionState vehicle="7" speed="2106" time="3470" acceleration="2260"/>
    <motionState vehicle="8" speed="2254" time="3470" acceleration="3216"/>
    <motionState vehicle="9" speed="2499" time="3470" acceleration="3864"/>
    <motionState vehicle="10" speed="2805" time="3470" acceleration="3337"/>
    <motionState vehicle="11" speed="3047" time="3470" acceleration="1337"/>
    <motionState vehicle="0" speed="3006" time="3480" acceleration="-267"/>
    <motionState vehicle="1" speed="4622" time="3480" acceleration="10169"/>
    <motionState vehicle="2" speed="2669" time="3480" acceleration="53"/>
    <motionState vehicle="3" speed="2547" time="3480" acceleration="-1792"/>
    <motionState vehicle="4" speed="4700" time="3480" acceleration="13636"/>
    <motionState vehicle="5" speed="2072" time="3480" acceleration="694"/>
    <motionState vehicle="6" speed="2036" time="3480" acceleration="1532"/>
    <motionState vehicle="7" speed="2109" time="3480" acceleration="2261"/>
    <motionState vehicle="8" speed="2257" time="3480" acceleration="3214"/>
    <motionState vehicle="9" speed="2503" time="3480" acceleration="3851"/>
    <motionState vehicle="10" speed="2808" time="3480" acceleration="3311"/>
    <motionState vehicle="11" speed="3048" time="3480" acceleration="1307"/>
    <motionState vehicle="0" speed="3005" time="3490" acceleration="-292"/>
    <motionState vehicle="1" speed="4632" time="3490" acceleration="10115"/>
    <motionState vehicle="2" speed="2669" time="3490" acceleration="25"/>
    <motionState vehicle="3" speed="2546" time="3490" acceleration="-1796"/>
    <motionState vehicle="4" speed="4714" time="3490" acceleration="13636"/>
    <motionState vehicle="5" speed="2073" time="3490" acceleration="692"/>
    <motionState vehicle="6" speed="2037" time="3490" acceleration="1531"/>
    <motionState vehicle="7" speed="2111" time="3490" acceleration="2263"/>
    <motionState vehicle="8" speed="2261" time="3490" acceleration="3213"/>
    <motionState vehicle="9" speed="2507" time="3490" acceleration="3839"/>
    <motionState vehicle="10" speed="2812" time="3490" acceleration="3284"/>
    <motionState vehicle="11" speed="3049" time="3490" acceleration="1277"/>
    <motionState vehicle="0" speed="3005" time="3500" acceleration="-317"/>
    <motionState vehicle="1" speed="4642" time="3500" acceleration="10063"/>
    <motionState vehicle="2" speed="2669" time="3500" acceleration="-2"/>
    <motionState vehicle="3" speed="2544" time="3500" acceleration="-1800"/>
    <motionState vehicle="4" speed="4727" time="3500" acceleration="13636"/>
    <motionState vehicle="5" speed="2074" time="3500" acceleration="690"/>
    <motionState vehicle="6" speed="2039" time="3500" acceleration="1530"/>
    <motionState vehicle="7" speed="2113" time="3500" acceleration="2264"/>
    <motionState vehicle="8" speed="2264" time="3500" acceleration="3212"/>
    <motionState vehicle="9" speed="2511" time="3500" acceleration="3827"/>
    <motionState vehicle="10" speed="2815" time="3500" acceleration="3258"/>
    <motionState vehicle="11" speed="3051" time="3500" acceleration="1247"/>
    <motionState vehicle="0" speed="3005" time="3510" acceleration="-342"/>
    <motionState vehicle="1" speed="4652" time="3510" acceleration="10011"/>
    <motionState vehicle="2" speed="2669" time="3510" acceleration="-30"/>
    <motionState vehicle="3" speed="2542" time="3510" acceleration="-1804"/>
    <motionState vehicle="4" speed="4741" time="3510" acceleration="13636"/>
    <motionState vehicle="5" speed="2074" time="3510" acceleration="689"/>
    <motionState vehicle="6" speed="2041" time="3510" acceleration="1530"/>
    <motionState vehicle="7" speed="2115" time="3510" acceleration="2266"/>
    <motionState vehicle="8" speed="2267" time="3510" acceleration="3211"/>
    <motionState vehicle="9" speed="2514" time="3510" acceleration="3815"/>
    <motionState vehicle="10" speed="2818" time="3510" acceleration="3231"/>
    <motionState vehicle="11" speed="3052" time="3510" acceleration="1217"/>
    <motionState vehicle="0" speed="3004" time="3520" acceleration="-366"/>
    <motionState vehicle="1" speed="4662" time="3520" acceleration="9961"/>
    <motionState vehicle="2" speed="2669" time="3520" acceleration="-57"/>
    <motionState vehicle="3" speed="2540" time="3520" acceleration="-1807"/>
    <motionState vehicle="4" speed="4755" time="3520" acceleration="13636"/>
    <motionState vehicle="5" speed="2075" time="3520" acceleration="687"/>
    <motionState vehicle="6" speed="2042" time="3520" acceleration="1529"/>
    <motionState vehicle="7" speed="2118" time="3520" acceleration="2268"/>
    <motionState vehicle="8" speed="2270" time="3520" acceleration="3210"/>
    <motionState vehicle="9" speed="2518" time="3520" acceleration="3802"/>
    <motionState vehicle="10" speed="2821" time="3520" acceleration="3205"/>
    <motionState vehicle="11" speed="3053" time="3520" acceleration="1188"/>
    <motionState vehicle="0" speed="3004" time="3530" acceleration="-391"/>
    <motionState vehicle="1" speed="4672" time="3530" acceleration="9913"/>
    <motionState vehicle="2" speed="2669" time="3530" acceleration="-84"/>
    <motionState vehicle="3" speed="2538" time="3530" acceleration="-1810"/>
    <motionState vehicle="4" speed="4768" time="3530" acceleration="13636"/>
    <motionState vehicle="5" speed="2076" time="3530" acceleration="685"/>
    <motionState vehicle="6" speed="2044" time="3530" acceleration="1529"/>
    <motionState vehicle="7" speed="2120" time="3530" acceleration="2270"/>
    <motionState vehicle="8" speed="2273" time="3530" acceleration="3209"/>
    <motionState vehicle="9" speed="2522" time="3530" acceleration="3790"/>
    <motionState vehicle="10" speed="2825" time="3530" acceleration="3178"/>
    <motionState vehicle="11" speed="3054" time="3530" acceleration="1158"/>
    <motionState vehicle="0" speed="3003" time="3540" acceleration="-415"/>
    <motionState vehicle="1" speed="4682" time="3540" acceleration="9865"/>
    <motionState vehicle="2" speed="2669" time="3540" acceleration="-111"/>
    <motionState vehicle="3" speed="2537" time="3540" acceleration="-1813"/>
    <motionState vehicle="4" speed="4782" time="3540" acceleration="13636"/>
    <motionState vehicle="5" speed="2077" time="3540" acceleration="684"/>
    <motionState vehicle="6" speed="2045" time="3540" acceleration="1529"/>
    <motionState vehicle="7" speed="2122" time="3540" acceleration="2272"/>
    <motionState vehicle="8" speed="2277" time="3540" acceleration="3207"/>
    <motionState vehicle="9" speed="2526" time="3540" acceleration="3777"/>
    <motionState vehicle="10" speed="2828" time="3540" acceleration="3152"/>
    <motionState vehicle="11" speed="3055" time="3540" acceleration="1129"/>
    <motionState vehicle="0" speed="3003" time="3550" acceleration="-438"/>
    <motionState vehicle="1" speed="4692" time="3550" acceleration="9819"/>
    <motionState vehicle="2" speed="2669" time="3550" acceleration="-138"/>
    <motionState vehicle="3" speed="2535" time="3550" acceleration="-1816"/>
    <motionState vehicle="4" speed="4796" time="3550" acceleration="13636"/>
    <motionState vehicle="5" speed="2077" time="3550" acceleration="682"/>
    <motionState vehicle="6" speed="2047" time="3550" acceleration="1529"/>
    <motionState vehicle="7" speed="2125" time="3550" acceleration="2273"/>
    <motionState vehicle="8" speed="2280" time="3550" acceleration="3206"/>
    <motionState vehicle="9" speed="2530" time="3550" acceleration="3765"/>
    <motionState vehicle="10" speed="2831" time="3550" acceleration="3126"/>
    <motionState vehicle="11" speed="3057" time="3550" acceleration="1100"/>
    <motionState vehicle="0" speed="3003" time="3560" acceleration="-462"/>
    <motionState vehicle="1" speed="4701" time="3560" acceleration="9774"/>
    <motionState vehicle="2" speed="2669" time="3560" acceleration="-164"/>
    <motionState vehicle="3" speed="2533" time="3560" acceleration="-1818"/>
    <motionState vehicle="4" speed="4809" time="3560" acceleration="13636"/>
    <motionState vehicle="5" speed="2078" time="3560" acceleration="681"/>
    <motionState vehicle="6" speed="2048" time="3560" acceleration="1529"/>
    <motionState vehicle="7" speed="2127" time="3560" acceleration="2275"/>
    <motionState vehicle="8" speed="2283" time="3560" acceleration="3205"/>
    <motionState vehicle="9" speed="2533" time="3560" acceleration="3752"/>
    <motionState vehicle="10" speed="2834" time="3560" acceleration="3099"/>
    <motionState vehicle="11" speed="3058" time="3560" acceleration="1071"/>
    <motionState vehicle="0" speed="3002" time="3570" acceleration="-486"/>
    <motionState vehicle="1" speed="4711" time="3570" acceleration="9730"/>
    <motionState vehicle="2" speed="2669" time="3570" acceleration="-190"/>
    <motionState vehicle="3" speed="2531" time="3570" acceleration="-1820"/>
    <motionState vehicle="4" speed="4823" time="3570" acceleration="13636"/>
    <motionState vehicle="5" speed="2079" time="3570" acceleration="680"/>
    <motionState vehicle="6" speed="2050" time="3570" acceleration="1529"/>
    <motionState vehicle="7" speed="2129" time="3570" acceleration="2277"/>
    <motionState vehicle="8" speed="2286" time="3570" acceleration="3203"/>
    <motionState vehicle="9" speed="2537" time="3570" acceleration="3739"/>
    <motionState vehicle="10" speed="2837" time="3570" acceleration="3073"/>
    <motionState vehicle="11" speed="3059" time="3570" acceleration="1043"/>
    <motionState vehicle="0" speed="3002" time="3580" acceleration="-509"/>
    <motionState vehicle="1" speed="4721" time="3580" acceleration="9687"/>
    <motionState vehicle="2" speed="2668" time="3580" acceleration="-215"/>
    <motionState vehicle="3" speed="2529" time="3580" acceleration="-1822"/>
    <motionState vehicle="4" speed="4837" time="3580" acceleration="13636"/>
    <motionState vehicle="5" speed="2079" time="3580" acceleration="679"/>
    <motionState vehicle="6" speed="2051" time="3580" acceleration="1529"/>
    <motionState vehicle="7" speed="2131" time="3580" acceleration="2279"/>
    <motionState vehicle="8" speed="2289" time="3580" acceleration="3202"/>
    <motionState vehicle="9" speed="2541" time="3580" acceleration="3727"/>
    <motionState vehicle="10" speed="2840" time="3580" acceleration="3047"/>
    <motionState vehicle="11" speed="3060" time="3580" acceleration="1014"/>
    <motionState vehicle="0" speed="3001" time="3590" acceleration="-532"/>
    <motionState vehicle="1" speed="4730" time="3590" acceleration="9645"/>
    <motionState vehicle="2" speed="2668" time="3590" acceleration="-241"/>
    <motionState vehicle="3" speed="2527" time="3590" acceleration="-1824"/>
    <motionState vehicle="4" speed="4850" time="3590" acceleration="13636"/>
    <motionState vehicle="5" speed="2080" time="3590" acceleration="678"/>
    <motionState vehicle="6" speed="2053" time="3590" acceleration="1529"/>
    <motionState vehicle="7" speed="2134" time="3590" acceleration="2281"/>
    <motionState vehicle="8" speed="2293" time="3590" acceleration="3200"/>
    <motionState vehicle="9" speed="2545" time="3590" acceleration="3714"/>
    <motionState vehicle="10" speed="2843" time="3590" acceleration="3021"/>
    <motionState vehicle="11" speed="3061" time="3590" acceleration="986"/>
    <motionState vehicle="0" speed="3000" time="3600" acceleration="-554"/>
    <motionState vehicle="1" speed="4740" time="3600" acceleration="9605"/>
    <motionState vehicle="2" speed="2668" time="3600" acceleration="-266"/>
    <motionState vehicle="3" speed="2526" time="3600" acceleration="-1825"/>
    <motionState vehicle="4" speed="4864" time="3600" acceleration="13636"/>
    <motionState vehicle="5" speed="2081" time="3600" acceleration="677"/>
    <motionState vehicle="6" speed="2054" time="3600" acceleration="1529"/>
    <motionState vehicle="7" speed="2136" time="3600" acceleration="2283"/>
    <motionState vehicle="8" speed="2296" time="3600" acceleration="3199"/>
    <motionState vehicle="9" speed="2548" time="3600" acceleration="3701"/>
    <motionState vehicle="10" speed="2846" time="3600" acceleration="2994"/>
    <motionState vehicle="11" speed="3062" time="3600" acceleration="957"/>
    <motionState vehicle="0" speed="3000" time="3610" acceleration="-577"/>
    <motionState vehicle="1" speed="4750" time="3610" acceleration="9566"/>
    <motionState vehicle="2" speed="2668" time="3610" acceleration="-290"/>
    <motionState vehicle="3" speed="2524" time="3610" acceleration="-1826"/>
    <motionState vehicle="4" speed="4877" time="3610" acceleration="13636"/>
    <motionState vehicle="5" speed="2081" time="3610" acceleration="676"/>
    <motionState vehicle="6" speed="2056" time="3610" acceleration="1530"/>
    <motionState vehicle="7" speed="2138" time="3610" acceleration="2286"/>
    <motionState vehicle="8" speed="2299" time="3610" acceleration="3197"/>
    <motionState vehicle="9" speed="2552" time="3610" acceleration="3688"/>
    <motionState vehicle="10" speed="2849" time="3610" acceleration="2968"/>
    <motionState vehicle="11" speed="3063" time="3610" acceleration="929"/>
    <motionState vehicle="0" speed="2999" time="3620" acceleration="-599"/>
    <motionState vehicle="1" speed="4759" time="3620" acceleration="9527"/>
    <motionState vehicle="2" speed="2667" time="3620" acceleration="-315"/>
    <motionState vehicle="3" speed="2522" time="3620" acceleration="-1827"/>
    <motionState vehicle="4" speed="4891" time="3620" acceleration="13636"/>
    <motionState vehicle="5" speed="2082" time="3620" acceleration="675"/>
    <motionState vehicle="6" speed="2057" time="3620" acceleration="1530"/>
    <motionState vehicle="7" speed="2140" time="3620" acceleration="2288"/>
    <motionState vehicle="8" speed="2302" time="3620" acceleration="3196"/>
    <motionState vehicle="9" speed="2556" time="3620" acceleration="3675"/>
    <motionState vehicle="10" speed="2852" time="3620" acceleration="2942"/>
    <motionState vehicle="11" speed="3063" time="3620" acceleration="902"/>
    <motionState vehicle="0" speed="2999" time="3630" acceleration="-621"/>
    <motionState vehicle="1" speed="4769" time="3630" acceleration="9490"/>
    <motionState vehicle="2" speed="2667" time="3630" acceleration="-339"/>
    <motionState vehicle="3" speed="2520" time="3630" acceleration="-1828"/>
    <motionState vehicle="4" speed="4905" time="3630" acceleration="13636"/>
    <motionState vehicle="5" speed="2083" time="3630" acceleration="675"/>
    <motionState vehicle="6" speed="2059" time="3630" acceleration="1531"/>
    <motionState vehicle="7" speed="2143" time="3630" acceleration="2290"/>
    <motionState vehicle="8" speed="2305" time="3630" acceleration="3194"/>
    <motionState vehicle="9" speed="2559" time="3630" acceleration="3662"/>
    <motionState vehicle="10" speed="2855" time="3630" acceleration="2916"/>
    <motionState vehicle="11" speed="3064" time="3630" acceleration="874"/>
    <motionState vehicle="0" speed="2998" time="3640" acceleration="-643"/>
    <motionState vehicle="1" speed="4778" time="3640" acceleration="9454"/>
    <motionState vehicle="2" speed="2667" time="3640" acceleration="-363"/>
    <motionState vehicle="3" speed="2518" time="3640" acceleration="-1828"/>
    <motionState vehicle="4" speed="4918" time="3640" acceleration="13636"/>
    <motionState vehicle="5" speed="2083" time="3640" acceleration="674"/>
    <motionState vehicle="6" speed="2060" time="3640" acceleration="1531"/>
    <motionState vehicle="7" speed="2145" time="3640" acceleration="2292"/>
    <motionState vehicle="8" speed="2309" time="3640" acceleration="3192"/>
    <motionState vehicle="9" speed="2563" time="3640" acceleration="3649"/>
    <motionState vehicle="10" speed="2858" time="3640" acceleration="2890"/>
    <motionState vehicle="11" speed="3065" time="3640" acceleration="846"/>
    <motionState vehicle="0" speed="2997" time="3650" acceleration="-665"/>
    <motionState vehicle="1" speed="4788" time="3650" acceleration="9419"/>
    <motionState vehicle="2" speed="2666" time="3650" acceleration="-386"/>
    <motionState vehicle="3" speed="2516" time="3650" acceleration="-1828"/>
    <motionState vehicle="4" speed="4932" time="3650" acceleration="13636"/>
    <motionState vehicle="5" speed="2084" time="3650" acceleration="674"/>
    <motionState vehicle="6" speed="2062" time="3650" acceleration="1532"/>
    <motionState vehicle="7" speed="2147" time="3650" acceleration="2294"/>
    <motionState vehicle="8" speed="2312" time="3650" acceleration="3191"/>
    <motionState vehicle="9" speed="2567" time="3650" acceleration="3635"/>
    <motionState vehicle="10" speed="2861" time="3650" acceleration="2864"/>
    <motionState vehicle="11" speed="3066" time="3650" acceleration="819"/>
    <motionState vehicle="0" speed="2997" time="3660" acceleration="-687"/>
    <motionState vehicle="1" speed="4797" time="3660" acceleration="9384"/>
    <motionState vehicle="2" speed="2666" time="3660" acceleration="-409"/>
    <motionState vehicle="3" speed="2515" time="3660" acceleration="-1828"/>
    <motionState vehicle="4" speed="4946" time="3660" acceleration="13636"/>
    <motionState vehicle="5" speed="2085" time="3660" acceleration="674"/>
    <motionState vehicle="6" speed="2063" time="3660" acceleration="1533"/>
    <motionState vehicle="7" speed="2150" time="3660" acceleration="2296"/>
    <motionState vehicle="8" speed="2315" time="3660" acceleration="3189"/>
    <motionState vehicle="9" speed="2570" time="3660" acceleration="3622"/>
    <motionState vehicle="10" speed="2864" time="3660" acceleration="2838"/>
    <motionState vehicle="11" speed="3067" time="3660" acceleration="792"/>
    <motionState vehicle="0" speed="2996" time="3670" acceleration="-708"/>
    <motionState vehicle="1" speed="4806" time="3670" acceleration="9351"/>
    <motionState vehicle="2" speed="2665" time="3670" acceleration="-432"/>
    <motionState vehicle="3" speed="2513" time="3670" acceleration="-1828"/>
    <motionState vehicle="4" speed="4959" time="3670" acceleration="13636"/>
    <motionState vehicle="5" speed="2085" time="3670" acceleration="673"/>
    <motionState vehicle="6" speed="2065" time="3670" acceleration="1534"/>
    <motionState vehicle="7" speed="2152" time="3670" acceleration="2299"/>
    <motionState vehicle="8" speed="2318" time="3670" acceleration="3187"/>
    <motionState vehicle="9" speed="2574" time="3670" acceleration="3609"/>
    <motionState vehicle="10" speed="2866" time="3670" acceleration="2812"/>
    <motionState vehicle="11" speed="3068" time="3670" acceleration="765"/>
    <motionState vehicle="0" speed="2995" time="3680" acceleration="-729"/>
    <motionState vehicle="1" speed="4816" time="3680" acceleration="9319"/>
    <motionState vehicle="2" speed="2665" time="3680" acceleration="-455"/>
    <motionState vehicle="3" speed="2511" time="3680" acceleration="-1827"/>
    <motionState vehicle="4" speed="4973" time="3680" acceleration="13636"/>
    <motionState vehicle="5" speed="2086" time="3680" acceleration="673"/>
    <motionState vehicle="6" speed="2067" time="3680" acceleration="1535"/>
    <motionState vehicle="7" speed="2154" time="3680" acceleration="2301"/>
    <motionState vehicle="8" speed="2321" time="3680" acceleration="3185"/>
    <motionState vehicle="9" speed="2577" time="3680" acceleration="3595"/>
    <motionState vehicle="10" speed="2869" time="3680" acceleration="2786"/>
    <motionState vehicle="11" speed="3068" time="3680" acceleration="738"/>
    <motionState vehicle="0" speed="2994" time="3690" acceleration="-750"/>
    <motionState vehicle="1" speed="4825" time="3690" acceleration="9288"/>
    <motionState vehicle="2" speed="2664" time="3690" acceleration="-477"/>
    <motionState vehicle="3" speed="2509" time="3690" acceleration="-1827"/>
    <motionState vehicle="4" speed="4987" time="3690" acceleration="13636"/>
    <motionState vehicle="5" speed="2087" time="3690" acceleration="673"/>
    <motionState vehicle="6" speed="2068" time="3690" acceleration="1536"/>
    <motionState vehicle="7" speed="2157" time="3690" acceleration="2303"/>
    <motionState vehicle="8" speed="2325" time="3690" acceleration="3183"/>
    <motionState vehicle="9" speed="2581" time="3690" acceleration="3582"/>
    <motionState vehicle="10" speed="2872" time="3690" acceleration="2760"/>
    <motionState vehicle="11" speed="3069" time="3690" acceleration="711"/>
    <motionState vehicle="0" speed="2994" time="3700" acceleration="-771"/>
    <motionState vehicle="1" speed="4834" time="3700" acceleration="9258"/>
    <motionState vehicle="2" speed="2664" time="3700" acceleration="-499"/>
    <motionState vehicle="3" speed="2507" time="3700" acceleration="-1826"/>
    <motionState vehicle="4" speed="5000" time="3700" acceleration="13636"/>
    <motionState vehicle="5" speed="2087" time="3700" acceleration="673"/>
    <motionState vehicle="6" speed="2070" time="3700" acceleration="1537"/>
    <motionState vehicle="7" speed="2159" time="3700" acceleration="2306"/>
    <motionState vehicle="8" speed="2328" time="3700" acceleration="3181"/>
    <motionState vehicle="9" speed="2585" time="3700" acceleration="3568"/>
    <motionState vehicle="10" speed="2875" time="3700" acceleration="2735"/>
    <motionState vehicle="11" speed="3070" time="3700" acceleration="685"/>
    <motionState vehicle="0" speed="2993" time="3710" acceleration="-791"/>
    <motionState vehicle="1" speed="4843" time="3710" acceleration="9229"/>
    <motionState vehicle="2" speed="2663" time="3710" acceleration="-521"/>
    <motionState vehicle="3" speed="2505" time="3710" acceleration="-1824"/>
    <motionState vehicle="4" speed="5014" time="3710" acceleration="13636"/>
    <motionState vehicle="5" speed="2088" time="3710" acceleration="673"/>
    <motionState vehicle="6" speed="2071" time="3710" acceleration="1538"/>
    <motionState vehicle="7" speed="2161" time="3710" acceleration="2308"/>
    <motionState vehicle="8" speed="2331" time="3710" acceleration="3179"/>
    <motionState vehicle="9" speed="2588" time="3710" acceleration="3554"/>
    <motionState vehicle="10" speed="2877" time="3710" acceleration="2709"/>
    <motionState vehicle="11" speed="3070" time="3710" acceleration="658"/>
    <motionState vehicle="0" speed="2992" time="3720" acceleration="-811"/>
    <motionState vehicle="1" speed="4853" time="3720" acceleration="9200"/>
    <motionState vehicle="2" speed="2663" time="3720" acceleration="-542"/>
    <motionState vehicle="3" speed="2504" time="3720" acceleration="-1823"/>
    <motionState vehicle="4" speed="5027" time="3720" acceleration="13636"/>
    <motionState vehicle="5" speed="2089" time="3720" acceleration="674"/>
    <motionState vehicle="6" speed="2073" time="3720" acceleration="1539"/>
    <motionState vehicle="7" speed="2163" time="3720" acceleration="2310"/>
    <motionState vehicle="8" speed="2334" time="3720" acceleration="3177"/>
    <motionState vehicle="9" speed="2592" time="3720" acceleration="3541"/>
    <motionState vehicle="10" speed="2880" time="3720" acceleration="2683"/>
    <motionState vehicle="11" speed="3071" time="3720" acceleration="632"/>
    <motionState vehicle="0" speed="2991" time="3730" acceleration="-832"/>
    <motionState vehicle="1" speed="4862" time="3730" acceleration="9173"/>
    <motionState vehicle="2" speed="2662" time="3730" acceleration="-564"/>
    <motionState vehicle="3" speed="2502" time="3730" acceleration="-1822"/>
    <motionState vehicle="4" speed="5041" time="3730" acceleration="13636"/>
    <motionState vehicle="5" speed="2089" time="3730" acceleration="674"/>
    <motionState vehicle="6" speed="2074" time="3730" acceleration="1540"/>
    <motionState vehicle="7" speed="2166" time="3730" acceleration="2313"/>
    <motionState vehicle="8" speed="2337" time="3730" acceleration="3175"/>
    <motionState vehicle="9" speed="2595" time="3730" acceleration="3527"/>
    <motionState vehicle="10" speed="2883" time="3730" acceleration="2657"/>
    <motionState vehicle="11" speed="3072" time="3730" acceleration="606"/>
    <motionState vehicle="0" speed="2990" time="3740" acceleration="-851"/>
    <motionState vehicle="1" speed="4871" time="3740" acceleration="9146"/>
    <motionState vehicle="2" speed="2662" time="3740" acceleration="-585"/>
    <motionState vehicle="3" speed="2500" time="3740" acceleration="-1820"/>
    <motionState vehicle="4" speed="5055" time="3740" acceleration="13636"/>
    <motionState vehicle="5" speed="2090" time="3740" acceleration="674"/>
    <motionState vehicle="6" speed="2076" time="3740" acceleration="1542"/>
    <motionState vehicle="7" speed="2168" time="3740" acceleration="2315"/>
    <motionState vehicle="8" speed="2340" time="3740" acceleration="3172"/>
    <motionState vehicle="9" speed="2599" time="3740" acceleration="3513"/>
    <motionState vehicle="10" speed="2885" time="3740" acceleration="2632"/>
    <motionState vehicle="11" speed="3072" time="3740" acceleration="580"/>
    <motionState vehicle="0" speed="2990" time="3750" acceleration="-871"/>
    <motionState vehicle="1" speed="4880" time="3750" acceleration="9121"/>
    <motionState vehicle="2" speed="2661" time="3750" acceleration="-605"/>
    <motionState vehicle="3" speed="2498" time="3750" acceleration="-1818"/>
    <motionState vehicle="4" speed="5068" time="3750" acceleration="13636"/>
    <motionState vehicle="5" speed="2091" time="3750" acceleration="675"/>
    <motionState vehicle="6" speed="2077" time="3750" acceleration="1543"/>
    <motionState vehicle="7" speed="2170" time="3750" acceleration="2318"/>
    <motionState vehicle="8" speed="2344" time="3750" acceleration="3170"/>
    <motionState vehicle="9" speed="2602" time="3750" acceleration="3499"/>
    <motionState vehicle="10" speed="2888" time="3750" acceleration="2606"/>
    <motionState vehicle="11" speed="3073" time="3750" acceleration="554"/>
    <motionState vehicle="0" speed="2989" time="3760" acceleration="-891"/>
    <motionState vehicle="1" speed="4889" time="3760" acceleration="9096"/>
    <motionState vehicle="2" speed="2660" time="3760" acceleration="-625"/>
    <motionState vehicle="3" speed="2496" time="3760" acceleration="-1816"/>
    <motionState vehicle="4" speed="5082" time="3760" acceleration="13636"/>
    <motionState vehicle="5" speed="2091" time="3760" acceleration="675"/>
    <motionState vehicle="6" speed="2079" time="3760" acceleration="1544"/>
    <motionState vehicle="7" speed="2173" time="3760" acceleration="2320"/>
    <motionState vehicle="8" speed="2347" time="3760" acceleration="3168"/>
    <motionState vehicle="9" speed="2606" time="3760" acceleration="3485"/>
    <motionState vehicle="10" speed="2890" time="3760" acceleration="2581"/>
    <motionState vehicle="11" speed="3073" time="3760" acceleration="529"/>
    <motionState vehicle="0" speed="2988" time="3770" acceleration="-910"/>
    <motionState vehicle="1" speed="4898" time="3770" acceleration="9072"/>
    <motionState vehicle="2" speed="2660" time="3770" acceleration="-646"/>
    <motionState vehicle="3" speed="2495" time="3770" acceleration="-1813"/>
    <motionState vehicle="4" speed="5096" time="3770" acceleration="13636"/>
    <motionState vehicle="5" speed="2092" time="3770" acceleration="676"/>
    <motionState vehicle="6" speed="2080" time="3770" acceleration="1546"/>
    <motionState vehicle="7" speed="2175" time="3770" acceleration="2322"/>
    <motionState vehicle="8" speed="2350" time="3770" acceleration="3166"/>
    <motionState vehicle="9" speed="2609" time="3770" acceleration="3471"/>
    <motionState vehicle="10" speed="2893" time="3770" acceleration="2555"/>
    <motionState vehicle="11" speed="3074" time="3770" acceleration="504"/>
    <motionState vehicle="0" speed="2987" time="3780" acceleration="-929"/>
    <motionState vehicle="1" speed="4907" time="3780" acceleration="9049"/>
    <motionState vehicle="2" speed="2659" time="3780" acceleration="-665"/>
    <motionState vehicle="3" speed="2493" time="3780" acceleration="-1811"/>
    <motionState vehicle="4" speed="5109" time="3780" acceleration="13636"/>
    <motionState vehicle="5" speed="2093" time="3780" acceleration="677"/>
    <motionState vehicle="6" speed="2082" time="3780" acceleration="1548"/>
    <motionState vehicle="7" speed="2177" time="3780" acceleration="2325"/>
    <motionState vehicle="8" speed="2353" time="3780" acceleration="3163"/>
    <motionState vehicle="9" speed="2613" time="3780" acceleration="3457"/>
    <motionState vehicle="10" speed="2896" time="3780" acceleration="2530"/>
    <motionState vehicle="11" speed="3074" time="3780" acceleration="478"/>
    <motionState vehicle="0" speed="2986" time="3790" acceleration="-948"/>
    <motionState vehicle="1" speed="4916" time="3790" acceleration="9027"/>
    <motionState vehicle="2" speed="2658" time="3790" acceleration="-685"/>
    <motionState vehicle="3" speed="2491" time="3790" acceleration="-1808"/>
    <motionState vehicle="4" speed="5123" time="3790" acceleration="13636"/>
    <motionState vehicle="5" speed="2093" time="3790" acceleration="677"/>
    <motionState vehicle="6" speed="2084" time="3790" acceleration="1549"/>
    <motionState vehicle="7" speed="2180" time="3790" acceleration="2327"/>
    <motionState vehicle="8" speed="2356" time="3790" acceleration="3161"/>
    <motionState vehicle="9" speed="2616" time="3790" acceleration="3443"/>
    <motionState vehicle="10" speed="2898" time="3790" acceleration="2504"/>
    <motionState vehicle="11" speed="3075" time="3790" acceleration="453"/>
    <motionState vehicle="0" speed="2985" time="3800" acceleration="-967"/>
    <motionState vehicle="1" speed="4925" time="3800" acceleration="9005"/>
    <motionState vehicle="2" speed="2658" time="3800" acceleration="-704"/>
    <motionState vehicle="3" speed="2489" time="3800" acceleration="-1805"/>
    <motionState vehicle="4" speed="5137" time="3800" acceleration="13636"/>
    <motionState vehicle="5" speed="2094" time="3800" acceleration="678"/>
    <motionState vehicle="6" speed="2085" time="3800" acceleration="1551"/>
    <motionState vehicle="7" speed="2182" time="3800" acceleration="2330"/>
    <motionState vehicle="8" speed="2359" time="3800" acceleration="3158"/>
    <motionState vehicle="9" speed="2619" time="3800" acceleration="3429"/>
    <motionState vehicle="10" speed="2901" time="3800" acceleration="2479"/>
    <motionState vehicle="11" speed="3075" time="3800" acceleration="428"/>
    <motionState vehicle="0" speed="2984" time="3810" acceleration="-985"/>
    <motionState vehicle="1" speed="4934" time="3810" acceleration="8985"/>
    <motionState vehicle="2" speed="2657" time="3810" acceleration="-723"/>
    <motionState vehicle="3" speed="2487" time="3810" acceleration="-1802"/>
    <motionState vehicle="4" speed="5150" time="3810" acceleration="13636"/>
    <motionState vehicle="5" speed="2095" time="3810" acceleration="679"/>
    <motionState vehicle="6" speed="2087" time="3810" acceleration="1553"/>
    <motionState vehicle="7" speed="2184" time="3810" acceleration="2332"/>
    <motionState vehicle="8" speed="2363" time="3810" acceleration="3155"/>
    <motionState vehicle="9" speed="2623" time="3810" acceleration="3415"/>
    <motionState vehicle="10" speed="2903" time="3810" acceleration="2454"/>
    <motionState vehicle="11" speed="3075" time="3810" acceleration="403"/>
    <motionState vehicle="0" speed="2983" time="3820" acceleration="-1004"/>
    <motionState vehicle="1" speed="4943" time="3820" acceleration="8965"/>
    <motionState vehicle="2" speed="2656" time="3820" acceleration="-742"/>
    <motionState vehicle="3" speed="2486" time="3820" acceleration="-1799"/>
    <motionState vehicle="4" speed="5164" time="3820" acceleration="13636"/>
    <motionState vehicle="5" speed="2095" time="3820" acceleration="680"/>
    <motionState vehicle="6" speed="2088" time="3820" acceleration="1555"/>
    <motionState vehicle="7" speed="2187" time="3820" acceleration="2335"/>
    <motionState vehicle="8" speed="2366" time="3820" acceleration="3153"/>
    <motionState vehicle="9" speed="2626" time="3820" acceleration="3400"/>
    <motionState vehicle="10" speed="2905" time="3820" acceleration="2428"/>
    <motionState vehicle="11" speed="3076" time="3820" acceleration="379"/>
    <motionState vehicle="0" speed="2982" time="3830" acceleration="-1022"/>
    <motionState vehicle="1" speed="4952" time="3830" acceleration="8946"/>
    <motionState vehicle="2" speed="2656" time="3830" acceleration="-760"/>
    <motionState vehicle="3" speed="2484" time="3830" acceleration="-1795"/>
    <motionState vehicle="4" speed="5177" time="3830" acceleration="13636"/>
    <motionState vehicle="5" speed="2096" time="3830" acceleration="681"/>
    <motionState vehicle="6" speed="2090" time="3830" acceleration="1557"/>
    <motionState vehicle="7" speed="2189" time="3830" acceleration="2337"/>
    <motionState vehicle="8" speed="2369" time="3830" acceleration="3150"/>
    <motionState vehicle="9" speed="2630" time="3830" acceleration="3386"/>
    <motionState vehicle="10" speed="2908" time="3830" acceleration="2403"/>
    <motionState vehicle="11" speed="3076" time="3830" acceleration="354"/>
    <motionState vehicle="0" speed="2981" time="3840" acceleration="-1040"/>
    <motionState vehicle="1" speed="4961" time="3840" acceleration="8928"/>
    <motionState vehicle="2" speed="2655" time="3840" acceleration="-778"/>
    <motionState vehicle="3" speed="2482" time="3840" acceleration="-1792"/>
    <motionState vehicle="4" speed="5191" time="3840" acceleration="13636"/>
    <motionState vehicle="5" speed="2097" time="3840" acceleration="682"/>
    <motionState vehicle="6" speed="2091" time="3840" acceleration="1559"/>
    <motionState vehicle="7" speed="2191" time="3840" acceleration="2340"/>
    <motionState vehicle="8" speed="2372" time="3840" acceleration="3147"/>
    <motionState vehicle="9" speed="2633" time="3840" acceleration="3372"/>
    <motionState vehicle="10" speed="2910" time="3840" acceleration="2378"/>
    <motionState vehicle="11" speed="3077" time="3840" acceleration="330"/>
    <motionState vehicle="0" speed="2980" time="3850" acceleration="-1058"/>
    <motionState vehicle="1" speed="4970" time="3850" acceleration="8911"/>
    <motionState vehicle="2" speed="2654" time="3850" acceleration="-796"/>
    <motionState vehicle="3" speed="2480" time="3850" acceleration="-1788"/>
    <motionState vehicle="4" speed="5205" time="3850" acceleration="13636"/>
    <motionState vehicle="5" speed="2097" time="3850" acceleration="684"/>
    <motionState vehicle="6" speed="2093" time="3850" acceleration="1561"/>
    <motionState vehicle="7" speed="2194" time="3850" acceleration="2342"/>
    <motionState vehicle="8" speed="2375" time="3850" acceleration="3144"/>
    <motionState vehicle="9" speed="2636" time="3850" acceleration="3357"/>
    <motionState vehicle="10" speed="2913" time="3850" acceleration="2353"/>
    <motionState vehicle="11" speed="3077" time="3850" acceleration="306"/>
    <motionState vehicle="0" speed="2979" time="3860" acceleration="-1075"/>
    <motionState vehicle="1" speed="4979" time="3860" acceleration="8894"/>
    <motionState vehicle="2" speed="2653" time="3860" acceleration="-813"/>
    <motionState vehicle="3" speed="2478" time="3860" acceleration="-1784"/>
    <motionState vehicle="4" speed="5218" time="3860" acceleration="13636"/>
    <motionState vehicle="5" speed="2098" time="3860" acceleration="685"/>
    <motionState vehicle="6" speed="2094" time="3860" acceleration="1563"/>
    <motionState vehicle="7" speed="2196" time="3860" acceleration="2345"/>
    <motionState vehicle="8" speed="2378" time="3860" acceleration="3142"/>
    <motionState vehicle="9" speed="2640" time="3860" acceleration="3342"/>
    <motionState vehicle="10" speed="2915" time="3860" acceleration="2328"/>
    <motionState vehicle="11" speed="3077" time="3860" acceleration="282"/>
    <motionState vehicle="0" speed="2978" time="3870" acceleration="-1093"/>
    <motionState vehicle="1" speed="4988" time="3870" acceleration="8878"/>
    <motionState vehicle="2" speed="2652" time="3870" acceleration="-831"/>
    <motionState vehicle="3" speed="2477" time="3870" acceleration="-1780"/>
    <motionState vehicle="4" speed="5232" time="3870" acceleration="13636"/>
    <motionState vehicle="5" speed="2099" time="3870" acceleration="686"/>
    <motionState vehicle="6" speed="2096" time="3870" acceleration="1565"/>
    <motionState vehicle="7" speed="2198" time="3870" acceleration="2347"/>
    <motionState vehicle="8" speed="2381" time="3870" acceleration="3139"/>
    <motionState vehicle="9" speed="2643" time="3870" acceleration="3328"/>
    <motionState vehicle="10" speed="2917" time="3870" acceleration="2303"/>
    <motionState vehicle="11" speed="3077" time="3870" acceleration="258"/>
    <motionState vehicle="0" speed="2976" time="3880" acceleration="-1110"/>
    <motionState vehicle="1" speed="4997" time="3880" acceleration="8863"/>
    <motionState vehicle="2" speed="2651" time="3880" acceleration="-848"/>
    <motionState vehicle="3" speed="2475" time="3880" acceleration="-1776"/>
    <motionState vehicle="4" speed="5246" time="3880" acceleration="13636"/>
    <motionState vehicle="5" speed="2100" time="3880" acceleration="688"/>
    <motionState vehicle="6" speed="2098" time="3880" acceleration="1567"/>
    <motionState vehicle="7" speed="2201" time="3880" acceleration="2350"/>
    <motionState vehicle="8" speed="2385" time="3880" acceleration="3136"/>
    <motionState vehicle="9" speed="2646" time="3880" acceleration="3313"/>
    <motionState vehicle="10" speed="2919" time="3880" acceleration="2278"/>
    <motionState vehicle="11" speed="3078" time="3880" acceleration="234"/>
    <motionState vehicle="0" speed="2975" time="3890" acceleration="-1127"/>
    <motionState vehicle="1" speed="5005" time="3890" acceleration="8848"/>
    <motionState vehicle="2" speed="2651" time="3890" acceleration="-865"/>
    <motionState vehicle="3" speed="2473" time="3890" acceleration="-1771"/>
    <motionState vehicle="4" speed="5259" time="3890" acceleration="13636"/>
    <motionState vehicle="5" speed="2100" time="3890" acceleration="690"/>
    <motionState vehicle="6" speed="2099" time="3890" acceleration="1569"/>
    <motionState vehicle="7" speed="2203" time="3890" acceleration="2352"/>
    <motionState vehicle="8" speed="2388" time="3890" acceleration="3132"/>
    <motionState vehicle="9" speed="2650" time="3890" acceleration="3299"/>
    <motionState vehicle="10" speed="2922" time="3890" acceleration="2253"/>
    <motionState vehicle="11" speed="3078" time="3890" acceleration="211"/>
    <motionState vehicle="0" speed="2974" time="3900" acceleration="-1144"/>
    <motionState vehicle="1" speed="5014" time="3900" acceleration="8834"/>
    <motionState vehicle="2" speed="2650" time="3900" acceleration="-881"/>
    <motionState vehicle="3" speed="2471" time="3900" acceleration="-1766"/>
    <motionState vehicle="4" speed="5273" time="3900" acceleration="13636"/>
    <motionState vehicle="5" speed="2101" time="3900" acceleration="691"/>
    <motionState vehicle="6" speed="2101" time="3900" acceleration="1572"/>
    <motionState vehicle="7" speed="2205" time="3900" acceleration="2355"/>
    <motionState vehicle="8" speed="2391" time="3900" acceleration="3129"/>
    <motionState vehicle="9" speed="2653" time="3900" acceleration="3284"/>
    <motionState vehicle="10" speed="2924" time="3900" acceleration="2228"/>
    <motionState vehicle="11" speed="3078" time="3900" acceleration="187"/>
    <motionState vehicle="0" speed="2973" time="3910" acceleration="-1161"/>
    <motionState vehicle="1" speed="5023" time="3910" acceleration="8821"/>
    <motionState vehicle="2" speed="2649" time="3910" acceleration="-897"/>
    <motionState vehicle="3" speed="2469" time="3910" acceleration="-1762"/>
    <motionState vehicle="4" speed="5287" time="3910" acceleration="13636"/>
    <motionState vehicle="5" speed="2102" time="3910" acceleration="693"/>
    <motionState vehicle="6" speed="2102" time="3910" acceleration="1574"/>
    <motionState vehicle="7" speed="2208" time="3910" acceleration="2357"/>
    <motionState vehicle="8" speed="2394" time="3910" acceleration="3126"/>
    <motionState vehicle="9" speed="2656" time="3910" acceleration="3269"/>
    <motionState vehicle="10" speed="2926" time="3910" acceleration="2203"/>
    <motionState vehicle="11" speed="3078" time="3910" acceleration="164"/>
    <motionState vehicle="0" speed="2972" time="3920" acceleration="-1177"/>
    <motionState vehicle="1" speed="5032" time="3920" acceleration="8809"/>
    <motionState vehicle="2" speed="2648" time="3920" acceleration="-913"/>
    <motionState vehicle="3" speed="2468" time="3920" acceleration="-1757"/>
    <motionState vehicle="4" speed="5300" time="3920" acceleration="13636"/>
    <motionState vehicle="5" speed="2102" time="3920" acceleration="695"/>
    <motionState vehicle="6" speed="2104" time="3920" acceleration="1576"/>
    <motionState vehicle="7" speed="2210" time="3920" acceleration="2360"/>
    <motionState vehicle="8" speed="2397" time="3920" acceleration="3123"/>
    <motionState vehicle="9" speed="2659" time="3920" acceleration="3254"/>
    <motionState vehicle="10" speed="2928" time="3920" acceleration="2179"/>
    <motionState vehicle="11" speed="3078" time="3920" acceleration="141"/>
    <motionState vehicle="0" speed="2971" time="3930" acceleration="-1193"/>
    <motionState vehicle="1" speed="5041" time="3930" acceleration="8797"/>
    <motionState vehicle="2" speed="2647" time="3930" acceleration="-929"/>
    <motionState vehicle="3" speed="2466" time="3930" acceleration="-1752"/>
    <motionState vehicle="4" speed="5314" time="3930" acceleration="13636"/>
    <motionState vehicle="5" speed="2103" time="3930" acceleration="696"/>
    <motionState vehicle="6" speed="2105" time="3930" acceleration="1579"/>
    <motionState vehicle="7" speed="2213" time="3930" acceleration="2362"/>
    <motionState vehicle="8" speed="2400" time="3930" acceleration="3119"/>
    <motionState vehicle="9" speed="2663" time="3930" acceleration="3239"/>
    <motionState vehicle="10" speed="2930" time="3930" acceleration="2154"/>
    <motionState vehicle="11" speed="3078" time="3930" acceleration="118"/>
    <motionState vehicle="0" speed="2969" time="3940" acceleration="-1210"/>
    <motionState vehicle="1" speed="5049" time="3940" acceleration="8786"/>
    <motionState vehicle="2" speed="2646" time="3940" acceleration="-945"/>
    <motionState vehicle="3" speed="2464" time="3940" acceleration="-1747"/>
    <motionState vehicle="4" speed="5327" time="3940" acceleration="13636"/>
    <motionState vehicle="5" speed="2104" time="3940" acceleration="698"/>
    <motionState vehicle="6" speed="2107" time="3940" acceleration="1581"/>
    <motionState vehicle="7" speed="2215" time="3940" acceleration="2365"/>
    <motionState vehicle="8" speed="2403" time="3940" acceleration="3116"/>
    <motionState vehicle="9" speed="2666" time="3940" acceleration="3224"/>
    <motionState vehicle="10" speed="2933" time="3940" acceleration="2129"/>
    <motionState vehicle="11" speed="3079" time="3940" acceleration="95"/>
    <motionState vehicle="0" speed="2968" time="3950" acceleration="-1226"/>
    <motionState vehicle="1" speed="5058" time="3950" acceleration="8775"/>
    <motionState vehicle="2" speed="2645" time="3950" acceleration="-960"/>
    <motionState vehicle="3" speed="2462" time="3950" acceleration="-1741"/>
    <motionState vehicle="4" speed="5341" time="3950" acceleration="13636"/>
    <motionState vehicle="5" speed="2104" time="3950" acceleration="700"/>
    <motionState vehicle="6" speed="2109" time="3950" acceleration="1584"/>
    <motionState vehicle="7" speed="2217" time="3950" acceleration="2367"/>
    <motionState vehicle="8" speed="2406" time="3950" acceleration="3113"/>
    <motionState vehicle="9" speed="2669" time="3950" acceleration="3209"/>
    <motionState vehicle="10" speed="2935" time="3950" acceleration="2105"/>
    <motionState vehicle="11" speed="3079" time="3950" acceleration="73"/>
    <motionState vehicle="0" speed="2967" time="3960" acceleration="-1241"/>
    <motionState vehicle="1" speed="5067" time="3960" acceleration="8765"/>
    <motionState vehicle="2" speed="2644" time="3960" acceleration="-975"/>
    <motionState vehicle="3" speed="2461" time="3960" acceleration="-1736"/>
    <motionState vehicle="4" speed="5355" time="3960" acceleration="13636"/>
    <motionState vehicle="5" speed="2105" time="3960" acceleration="702"/>
    <motionState vehicle="6" speed="2110" time="3960" acceleration="1587"/>
    <motionState vehicle="7" speed="2220" time="3960" acceleration="2369"/>
    <motionState vehicle="8" speed="2410" time="3960" acceleration="3109"/>
    <motionState vehicle="9" speed="2672" time="3960" acceleration="3194"/>
    <motionState vehicle="10" speed="2937" time="3960" acceleration="2080"/>
    <motionState vehicle="11" speed="3079" time="3960" acceleration="50"/>
    <motionState vehicle="0" speed="2966" time="3970" acceleration="-1257"/>
    <motionState vehicle="1" speed="5076" time="3970" acceleration="8756"/>
    <motionState vehicle="2" speed="2643" time="3970" acceleration="-990"/>
    <motionState vehicle="3" speed="2459" time="3970" acceleration="-1730"/>
    <motionState vehicle="4" speed="5368" time="3970" acceleration="13636"/>
    <motionState vehicle="5" speed="2106" time="3970" acceleration="704"/>
    <motionState vehicle="6" speed="2112" time="3970" acceleration="1589"/>
    <motionState vehicle="7" speed="2222" time="3970" acceleration="2372"/>
    <motionState vehicle="8" speed="2413" time="3970" acceleration="3105"/>
    <motionState vehicle="9" speed="2675" time="3970" acceleration="3179"/>
    <motionState vehicle="10" speed="2939" time="3970" acceleration="2056"/>
    <motionState vehicle="11" speed="3079" time="3970" acceleration="28"/>
    <motionState vehicle="0" speed="2964" time="3980" acceleration="-1272"/>
    <motionState vehicle="1" speed="5085" time="3980" acceleration="8747"/>
    <motionState vehicle="2" speed="2642" time="3980" acceleration="-1004"/>
    <motionState vehicle="3" speed="2457" time="3980" acceleration="-1724"/>
    <motionState vehicle="4" speed="5382" time="3980" acceleration="13636"/>
    <motionState vehicle="5" speed="2107" time="3980" acceleration="707"/>
    <motionState vehicle="6" speed="2113" time="3980" acceleration="1592"/>
    <motionState vehicle="7" speed="2224" time="3980" acceleration="2374"/>
    <motionState vehicle="8" speed="2416" time="3980" acceleration="3102"/>
    <motionState vehicle="9" speed="2679" time="3980" acceleration="3164"/>
    <motionState vehicle="10" speed="2941" time="3980" acceleration="2031"/>
    <motionState vehicle="11" speed="3079" time="3980" acceleration="5"/>
    <motionState vehicle="0" speed="2963" time="3990" acceleration="-1288"/>
    <motionState vehicle="1" speed="5093" time="3990" acceleration="8739"/>
    <motionState vehicle="2" speed="2641" time="3990" acceleration="-1018"/>
    <motionState vehicle="3" speed="2456" time="3990" acceleration="-1718"/>
    <motionState vehicle="4" speed="5396" time="3990" acceleration="13636"/>
    <motionState vehicle="5" speed="2107" time="3990" acceleration="709"/>
    <motionState vehicle="6" speed="2115" time="3990" acceleration="1595"/>
    <motionState vehicle="7" speed="2227" time="3990" acceleration="2377"/>
    <motionState vehicle="8" speed="2419" time="3990" acceleration="3098"/>
    <motionState vehicle="9" speed="2682" time="3990" acceleration="3149"/>
    <motionState vehicle="10" speed="2943" time="3990" acceleration="2007"/>
    <motionState vehicle="11" speed="3079" time="3990" acceleration="-16"/>
    <motionState vehicle="0" speed="2962" time="4000" acceleration="-1303"/>
    <motionState vehicle="1" speed="5102" time="4000" acceleration="8732"/>
    <motionState vehicle="2" speed="2640" time="4000" acceleration="-1032"/>
    <motionState vehicle="3" speed="2454" time="4000" acceleration="-1712"/>
    <motionState vehicle="4" speed="5409" time="4000" acceleration="13636"/>
    <motionState vehicle="5" speed="2108" time="4000" acceleration="711"/>
    <motionState vehicle="6" speed="2117" time="4000" acceleration="1597"/>
    <motionState vehicle="7" speed="2229" time="4000" acceleration="2379"/>
    <motionState vehicle="8" speed="2422" time="4000" acceleration="3094"/>
    <motionState vehicle="9" speed="2685" time="4000" acceleration="3133"/>
    <motionState vehicle="10" speed="2945" time="4000" acceleration="1983"/>
    <motionState vehicle="11" speed="3079" time="4000" acceleration="-38"/>
    <motionState vehicle="0" speed="2961" time="4010" acceleration="-1318"/>
    <motionState vehicle="1" speed="5111" time="4010" acceleration="8725"/>
    <motionState vehicle="2" speed="2639" time="4010" acceleration="-1046"/>
    <motionState vehicle="3" speed="2452" time="4010" acceleration="-1706"/>
    <motionState vehicle="4" speed="5423" time="4010" acceleration="13636"/>
    <motionState vehicle="5" speed="2109" time="4010" acceleration="714"/>
    <motionState vehicle="6" speed="2118" time="4010" acceleration="1600"/>
    <motionState vehicle="7" speed="2232" time="4010" acceleration="2382"/>
    <motionState vehicle="8" speed="2425" time="4010" acceleration="3090"/>
    <motionState vehicle="9" speed="2688" time="4010" acceleration="3118"/>
    <motionState vehicle="10" speed="2947" time="4010" acceleration="1958"/>
    <motionState vehicle="11" speed="3079" time="4010" acceleration="-59"/>
    <motionState vehicle="0" speed="2959" time="4020" acceleration="-1333"/>
    <motionState vehicle="1" speed="5119" time="4020" acceleration="8719"/>
    <motionState vehicle="2" speed="2638" time="4020" acceleration="-1059"/>
    <motionState vehicle="3" speed="2450" time="4020" acceleration="-1700"/>
    <motionState vehicle="4" speed="5437" time="4020" acceleration="13636"/>
    <motionState vehicle="5" speed="2109" time="4020" acceleration="716"/>
    <motionState vehicle="6" speed="2120" time="4020" acceleration="1603"/>
    <motionState vehicle="7" speed="2234" time="4020" acceleration="2384"/>
    <motionState vehicle="8" speed="2428" time="4020" acceleration="3086"/>
    <motionState vehicle="9" speed="2691" time="4020" acceleration="3103"/>
    <motionState vehicle="10" speed="2949" time="4020" acceleration="1934"/>
    <motionState vehicle="11" speed="3079" time="4020" acceleration="-81"/>
    <motionState vehicle="0" speed="2958" time="4030" acceleration="-1347"/>
    <motionState vehicle="1" speed="5128" time="4030" acceleration="8713"/>
    <motionState vehicle="2" speed="2637" time="4030" acceleration="-1073"/>
    <motionState vehicle="3" speed="2449" time="4030" acceleration="-1693"/>
    <motionState vehicle="4" speed="5450" time="4030" acceleration="13636"/>
    <motionState vehicle="5" speed="2110" time="4030" acceleration="719"/>
    <motionState vehicle="6" speed="2121" time="4030" acceleration="1606"/>
    <motionState vehicle="7" speed="2236" time="4030" acceleration="2386"/>
    <motionState vehicle="8" speed="2431" time="4030" acceleration="3082"/>
    <motionState vehicle="9" speed="2694" time="4030" acceleration="3087"/>
    <motionState vehicle="10" speed="2951" time="4030" acceleration="1910"/>
    <motionState vehicle="11" speed="3078" time="4030" acceleration="-102"/>
    <motionState vehicle="0" speed="2956" time="4040" acceleration="-1362"/>
    <motionState vehicle="1" speed="5137" time="4040" acceleration="8708"/>
    <motionState vehicle="2" speed="2636" time="4040" acceleration="-1086"/>
    <motionState vehicle="3" speed="2447" time="4040" acceleration="-1687"/>
    <motionState vehicle="4" speed="5464" time="4040" acceleration="13636"/>
    <motionState vehicle="5" speed="2111" time="4040" acceleration="721"/>
    <motionState vehicle="6" speed="2123" time="4040" acceleration="1609"/>
    <motionState vehicle="7" speed="2239" time="4040" acceleration="2389"/>
    <motionState vehicle="8" speed="2434" time="4040" acceleration="3078"/>
    <motionState vehicle="9" speed="2697" time="4040" acceleration="3072"/>
    <motionState vehicle="10" speed="2953" time="4040" acceleration="1886"/>
    <motionState vehicle="11" speed="3078" time="4040" acceleration="-124"/>
    <motionState vehicle="0" speed="2955" time="4050" acceleration="-1376"/>
    <motionState vehicle="1" speed="5146" time="4050" acceleration="8703"/>
    <motionState vehicle="2" speed="2635" time="4050" acceleration="-1098"/>
    <motionState vehicle="3" speed="2445" time="4050" acceleration="-1680"/>
    <motionState vehicle="4" speed="5477" time="4050" acceleration="13636"/>
    <motionState vehicle="5" speed="2112" time="4050" acceleration="724"/>
    <motionState vehicle="6" speed="2125" time="4050" acceleration="1612"/>
    <motionState vehicle="7" speed="2241" time="4050" acceleration="2391"/>
    <motionState vehicle="8" speed="2437" time="4050" acceleration="3074"/>
    <motionState vehicle="9" speed="2700" time="4050" acceleration="3056"/>
    <motionState vehicle="10" speed="2954" time="4050" acceleration="1862"/>
    <motionState vehicle="11" speed="3078" time="4050" acceleration="-145"/>
    <motionState vehicle="0" speed="2954" time="4060" acceleration="-1390"/>
    <motionState vehicle="1" speed="5154" time="4060" acceleration="8699"/>
    <motionState vehicle="2" speed="2634" time="4060" acceleration="-1111"/>
    <motionState vehicle="3" speed="2444" time="4060" acceleration="-1673"/>
    <motionState vehicle="4" speed="5491" time="4060" acceleration="13636"/>
    <motionState vehicle="5" speed="2112" time="4060" acceleration="726"/>
    <motionState vehicle="6" speed="2126" time="4060" acceleration="1615"/>
    <motionState vehicle="7" speed="2243" time="4060" acceleration="2393"/>
    <motionState vehicle="8" speed="2440" time="4060" acceleration="3070"/>
    <motionState vehicle="9" speed="2703" time="4060" acceleration="3041"/>
    <motionState vehicle="10" speed="2956" time="4060" acceleration="1838"/>
    <motionState vehicle="11" speed="3078" time="4060" acceleration="-166"/>
    <motionState vehicle="0" speed="2952" time="4070" acceleration="-1404"/>
    <motionState vehicle="1" speed="5163" time="4070" acceleration="8696"/>
    <motionState vehicle="2" speed="2632" time="4070" acceleration="-1123"/>
    <motionState vehicle="3" speed="2442" time="4070" acceleration="-1667"/>
    <motionState vehicle="4" speed="5505" time="4070" acceleration="13636"/>
    <motionState vehicle="5" speed="2113" time="4070" acceleration="729"/>
    <motionState vehicle="6" speed="2128" time="4070" acceleration="1618"/>
    <motionState vehicle="7" speed="2246" time="4070" acceleration="2396"/>
    <motionState vehicle="8" speed="2443" time="4070" acceleration="3066"/>
    <motionState vehicle="9" speed="2706" time="4070" acceleration="3025"/>
    <motionState vehicle="10" speed="2958" time="4070" acceleration="1814"/>
    <motionState vehicle="11" speed="3078" time="4070" acceleration="-187"/>
    <motionState vehicle="0" speed="2951" time="4080" acceleration="-1418"/>
    <motionState vehicle="1" speed="5172" time="4080" acceleration="8692"/>
    <motionState vehicle="2" speed="2631" time="4080" acceleration="-1135"/>
    <motionState vehicle="3" speed="2440" time="4080" acceleration="-1660"/>
    <motionState vehicle="4" speed="5518" time="4080" acceleration="13636"/>
    <motionState vehicle="5" speed="2114" time="4080" acceleration="732"/>
    <motionState vehicle="6" speed="2129" time="4080" acceleration="1621"/>
    <motionState vehicle="7" speed="2248" time="4080" acceleration="2398"/>
    <motionState vehicle="8" speed="2447" time="4080" acceleration="3061"/>
    <motionState vehicle="9" speed="2709" time="4080" acceleration="3010"/>
    <motionState vehicle="10" speed="2960" time="4080" acceleration="1790"/>
    <motionState vehicle="11" speed="3078" time="4080" acceleration="-208"/>
    <motionState vehicle="0" speed="2949" time="4090" acceleration="-1431"/>
    <motionState vehicle="1" speed="5180" time="4090" acceleration="8690"/>
    <motionState vehicle="2" speed="2630" time="4090" acceleration="-1147"/>
    <motionState vehicle="3" speed="2439" time="4090" acceleration="-1652"/>
    <motionState vehicle="4" speed="5532" time="4090" acceleration="13636"/>
    <motionState vehicle="5" speed="2114" time="4090" acceleration="735"/>
    <motionState vehicle="6" speed="2131" time="4090" acceleration="1624"/>
    <motionState vehicle="7" speed="2251" time="4090" acceleration="2400"/>
    <motionState vehicle="8" speed="2450" time="4090" acceleration="3057"/>
    <motionState vehicle="9" speed="2712" time="4090" acceleration="2994"/>
    <motionState vehicle="10" speed="2962" time="4090" acceleration="1767"/>
    <motionState vehicle="11" speed="3077" time="4090" acceleration="-228"/>
    <motionState vehicle="0" speed="2948" time="4100" acceleration="-1445"/>
    <motionState vehicle="1" speed="5189" time="4100" acceleration="8688"/>
    <motionState vehicle="2" speed="2629" time="4100" acceleration="-1158"/>
    <motionState vehicle="3" speed="2437" time="4100" acceleration="-1645"/>
    <motionState vehicle="4" speed="5546" time="4100" acceleration="13636"/>
    <motionState vehicle="5" speed="2115" time="4100" acceleration="738"/>
    <motionState vehicle="6" speed="2133" time="4100" acceleration="1627"/>
    <motionState vehicle="7" speed="2253" time="4100" acceleration="2402"/>
    <motionState vehicle="8" speed="2453" time="4100" acceleration="3053"/>
    <motionState vehicle="9" speed="2715" time="4100" acceleration="2978"/>
    <motionState vehicle="10" speed="2963" time="4100" acceleration="1743"/>
    <motionState vehicle="11" speed="3077" time="4100" acceleration="-249"/>
    <motionState vehicle="0" speed="2947" time="4110" acceleration="-1458"/>
    <motionState vehicle="1" speed="5198" time="4110" acceleration="8686"/>
    <motionState vehicle="2" speed="2628" time="4110" acceleration="-1170"/>
    <motionState vehicle="3" speed="2435" time="4110" acceleration="-1638"/>
    <motionState vehicle="4" speed="5559" time="4110" acceleration="13636"/>
    <motionState vehicle="5" speed="2116" time="4110" acceleration="741"/>
    <motionState vehicle="6" speed="2134" time="4110" acceleration="1631"/>
    <motionState vehicle="7" speed="2255" time="4110" acceleration="2405"/>
    <motionState vehicle="8" speed="2456" time="4110" acceleration="3048"/>
    <motionState vehicle="9" speed="2718" time="4110" acceleration="2962"/>
    <motionState vehicle="10" speed="2965" time="4110" acceleration="1719"/>
    <motionState vehicle="11" speed="3077" time="4110" acceleration="-269"/>
    <motionState vehicle="0" speed="2945" time="4120" acceleration="-1471"/>
    <motionState vehicle="1" speed="5206" time="4120" acceleration="8685"/>
    <motionState vehicle="2" speed="2627" time="4120" acceleration="-1181"/>
    <motionState vehicle="3" speed="2434" time="4120" acceleration="-1630"/>
    <motionState vehicle="4" speed="5573" time="4120" acceleration="13636"/>
    <motionState vehicle="5" speed="2117" time="4120" acceleration="744"/>
    <motionState vehicle="6" speed="2136" time="4120" acceleration="1634"/>
    <motionState vehicle="7" speed="2258" time="4120" acceleration="2407"/>
    <motionState vehicle="8" speed="2459" time="4120" acceleration="3043"/>
    <motionState vehicle="9" speed="2721" time="4120" acceleration="2947"/>
    <motionState vehicle="10" speed="2967" time="4120" acceleration="1696"/>
    <motionState vehicle="11" speed="3077" time="4120" acceleration="-289"/>
    <motionState vehicle="0" speed="2944" time="4130" acceleration="-1484"/>
    <motionState vehicle="1" speed="5215" time="4130" acceleration="8685"/>
    <motionState vehicle="2" speed="2625" time="4130" acceleration="-1192"/>
    <motionState vehicle="3" speed="2432" time="4130" acceleration="-1623"/>
    <motionState vehicle="4" speed="5587" time="4130" acceleration="13636"/>
    <motionState vehicle="5" speed="2117" time="4130" acceleration="747"/>
    <motionState vehicle="6" speed="2138" time="4130" acceleration="1637"/>
    <motionState vehicle="7" speed="2260" time="4130" acceleration="2409"/>
    <motionState vehicle="8" speed="2462" time="4130" acceleration="3039"/>
    <motionState vehicle="9" speed="2724" time="4130" acceleration="2931"/>
    <motionState vehicle="10" speed="2968" time="4130" acceleration="1672"/>
    <motionState vehicle="11" speed="3076" time="4130" acceleration="-309"/>
    <motionState vehicle="0" speed="2942" time="4140" acceleration="-1497"/>
    <motionState vehicle="1" speed="5224" time="4140" acceleration="8684"/>
    <motionState vehicle="2" speed="2624" time="4140" acceleration="-1202"/>
    <motionState vehicle="3" speed="2431" time="4140" acceleration="-1615"/>
    <motionState vehicle="4" speed="5600" time="4140" acceleration="13636"/>
    <motionState vehicle="5" speed="2118" time="4140" acceleration="750"/>
    <motionState vehicle="6" speed="2139" time="4140" acceleration="1640"/>
    <motionState vehicle="7" speed="2263" time="4140" acceleration="2411"/>
    <motionState vehicle="8" speed="2465" time="4140" acceleration="3034"/>
    <motionState vehicle="9" speed="2727" time="4140" acceleration="2915"/>
    <motionState vehicle="10" speed="2970" time="4140" acceleration="1649"/>
    <motionState vehicle="11" speed="3076" time="4140" acceleration="-329"/>
    <motionState vehicle="0" speed="2941" time="4150" acceleration="-1509"/>
    <motionState vehicle="1" speed="5232" time="4150" acceleration="8685"/>
    <motionState vehicle="2" speed="2623" time="4150" acceleration="-1213"/>
    <motionState vehicle="3" speed="2429" time="4150" acceleration="-1607"/>
    <motionState vehicle="4" speed="5614" time="4150" acceleration="13636"/>
    <motionState vehicle="5" speed="2119" time="4150" acceleration="753"/>
    <motionState vehicle="6" speed="2141" time="4150" acceleration="1644"/>
    <motionState vehicle="7" speed="2265" time="4150" acceleration="2413"/>
    <motionState vehicle="8" speed="2468" time="4150" acceleration="3029"/>
    <motionState vehicle="9" speed="2730" time="4150" acceleration="2899"/>
    <motionState vehicle="10" speed="2972" time="4150" acceleration="1625"/>
    <motionState vehicle="11" speed="3076" time="4150" acceleration="-349"/>
    <motionState vehicle="0" speed="2939" time="4160" acceleration="-1522"/>
    <motionState vehicle="1" speed="5241" time="4160" acceleration="8685"/>
    <motionState vehicle="2" speed="2622" time="4160" acceleration="-1223"/>
    <motionState vehicle="3" speed="2427" time="4160" acceleration="-1599"/>
    <motionState vehicle="4" speed="5627" time="4160" acceleration="13636"/>
    <motionState vehicle="5" speed="2120" time="4160" acceleration="756"/>
    <motionState vehicle="6" speed="2143" time="4160" acceleration="1647"/>
    <motionState vehicle="7" speed="2268" time="4160" acceleration="2415"/>
    <motionState vehicle="8" speed="2471" time="4160" acceleration="3024"/>
    <motionState vehicle="9" speed="2733" time="4160" acceleration="2883"/>
    <motionState vehicle="10" speed="2973" time="4160" acceleration="1602"/>
    <motionState vehicle="11" speed="3075" time="4160" acceleration="-369"/>
    <motionState vehicle="0" speed="2938" time="4170" acceleration="-1534"/>
    <motionState vehicle="1" speed="5250" time="4170" acceleration="8687"/>
    <motionState vehicle="2" speed="2621" time="4170" acceleration="-1233"/>
    <motionState vehicle="3" speed="2426" time="4170" acceleration="-1591"/>
    <motionState vehicle="4" speed="5641" time="4170" acceleration="13636"/>
    <motionState vehicle="5" speed="2120" time="4170" acceleration="760"/>
    <motionState vehicle="6" speed="2144" time="4170" acceleration="1650"/>
    <motionState vehicle="7" speed="2270" time="4170" acceleration="2417"/>
    <motionState vehicle="8" speed="2474" time="4170" acceleration="3019"/>
    <motionState vehicle="9" speed="2736" time="4170" acceleration="2867"/>
    <motionState vehicle="10" speed="2975" time="4170" acceleration="1579"/>
    <motionState vehicle="11" speed="3075" time="4170" acceleration="-388"/>
    <motionState vehicle="0" speed="2936" time="4180" acceleration="-1546"/>
    <motionState vehicle="1" speed="5259" time="4180" acceleration="8688"/>
    <motionState vehicle="2" speed="2619" time="4180" acceleration="-1243"/>
    <motionState vehicle="3" speed="2424" time="4180" acceleration="-1583"/>
    <motionState vehicle="4" speed="5655" time="4180" acceleration="13636"/>
    <motionState vehicle="5" speed="2121" time="4180" acceleration="763"/>
    <motionState vehicle="6" speed="2146" time="4180" acceleration="1654"/>
    <motionState vehicle="7" speed="2272" time="4180" acceleration="2419"/>
    <motionState vehicle="8" speed="2477" time="4180" acceleration="3014"/>
    <motionState vehicle="9" speed="2739" time="4180" acceleration="2851"/>
    <motionState vehicle="10" speed="2976" time="4180" acceleration="1556"/>
    <motionState vehicle="11" speed="3074" time="4180" acceleration="-407"/>
    <motionState vehicle="0" speed="2934" time="4190" acceleration="-1558"/>
    <motionState vehicle="1" speed="5267" time="4190" acceleration="8690"/>
    <motionState vehicle="2" speed="2618" time="4190" acceleration="-1252"/>
    <motionState vehicle="3" speed="2423" time="4190" acceleration="-1575"/>
    <motionState vehicle="4" speed="5668" time="4190" acceleration="13636"/>
    <motionState vehicle="5" speed="2122" time="4190" acceleration="766"/>
    <motionState vehicle="6" speed="2147" time="4190" acceleration="1657"/>
    <motionState vehicle="7" speed="2275" time="4190" acceleration="2421"/>
    <motionState vehicle="8" speed="2480" time="4190" acceleration="3009"/>
    <motionState vehicle="9" speed="2742" time="4190" acceleration="2835"/>
    <motionState vehicle="10" speed="2978" time="4190" acceleration="1533"/>
    <motionState vehicle="11" speed="3074" time="4190" acceleration="-427"/>
    <motionState vehicle="0" speed="2933" time="4200" acceleration="-1570"/>
    <motionState vehicle="1" speed="5276" time="4200" acceleration="8693"/>
    <motionState vehicle="2" speed="2617" time="4200" acceleration="-1262"/>
    <motionState vehicle="3" speed="2421" time="4200" acceleration="-1567"/>
    <motionState vehicle="4" speed="5682" time="4200" acceleration="13636"/>
    <motionState vehicle="5" speed="2123" time="4200" acceleration="770"/>
    <motionState vehicle="6" speed="2149" time="4200" acceleration="1661"/>
    <motionState vehicle="7" speed="2277" time="4200" acceleration="2423"/>
    <motionState vehicle="8" speed="2483" time="4200" acceleration="3004"/>
    <motionState vehicle="9" speed="2744" time="4200" acceleration="2819"/>
    <motionState vehicle="10" speed="2980" time="4200" acceleration="1510"/>
    <motionState vehicle="11" speed="3073" time="4200" acceleration="-446"/>
    <motionState vehicle="0" speed="2931" time="4210" acceleration="-1582"/>
    <motionState vehicle="1" speed="5285" time="4210" acceleration="8695"/>
    <motionState vehicle="2" speed="2616" time="4210" acceleration="-1271"/>
    <motionState vehicle="3" speed="2419" time="4210" acceleration="-1558"/>
    <motionState vehicle="4" speed="5696" time="4210" acceleration="13636"/>
    <motionState vehicle="5" speed="2124" time="4210" acceleration="773"/>
    <motionState vehicle="6" speed="2151" time="4210" acceleration="1664"/>
    <motionState vehicle="7" speed="2280" time="4210" acceleration="2425"/>
    <motionState vehicle="8" speed="2486" time="4210" acceleration="2999"/>
    <motionState vehicle="9" speed="2747" time="4210" acceleration="2803"/>
    <motionState vehicle="10" speed="2981" time="4210" acceleration="1487"/>
    <motionState vehicle="11" speed="3073" time="4210" acceleration="-465"/>
    <motionState vehicle="0" speed="2930" time="4220" acceleration="-1593"/>
    <motionState vehicle="1" speed="5293" time="4220" acceleration="8699"/>
    <motionState vehicle="2" speed="2614" time="4220" acceleration="-1280"/>
    <motionState vehicle="3" speed="2418" time="4220" acceleration="-1550"/>
    <motionState vehicle="4" speed="5709" time="4220" acceleration="13636"/>
    <motionState vehicle="5" speed="2124" time="4220" acceleration="777"/>
    <motionState vehicle="6" speed="2152" time="4220" acceleration="1668"/>
    <motionState vehicle="7" speed="2282" time="4220" acceleration="2427"/>
    <motionState vehicle="8" speed="2489" time="4220" acceleration="2994"/>
    <motionState vehicle="9" speed="2750" time="4220" acceleration="2786"/>
    <motionState vehicle="10" speed="2982" time="4220" acceleration="1464"/>
    <motionState vehicle="11" speed="3073" time="4220" acceleration="-484"/>
    <motionState vehicle="0" speed="2928" time="4230" acceleration="-1604"/>
    <motionState vehicle="1" speed="5302" time="4230" acceleration="8702"/>
    <motionState vehicle="2" speed="2613" time="4230" acceleration="-1288"/>
    <motionState vehicle="3" speed="2416" time="4230" acceleration="-1541"/>
    <motionState vehicle="4" speed="5723" time="4230" acceleration="13636"/>
    <motionState vehicle="5" speed="2125" time="4230" acceleration="780"/>
    <motionState vehicle="6" speed="2154" time="4230" acceleration="1671"/>
    <motionState vehicle="7" speed="2285" time="4230" acceleration="2429"/>
    <motionState vehicle="8" speed="2492" time="4230" acceleration="2988"/>
    <motionState vehicle="9" speed="2753" time="4230" acceleration="2770"/>
    <motionState vehicle="10" speed="2984" time="4230" acceleration="1441"/>
    <motionState vehicle="11" speed="3072" time="4230" acceleration="-502"/>
    <motionState vehicle="0" speed="2926" time="4240" acceleration="-1616"/>
    <motionState vehicle="1" speed="5311" time="4240" acceleration="8706"/>
    <motionState vehicle="2" speed="2612" time="4240" acceleration="-1297"/>
    <motionState vehicle="3" speed="2415" time="4240" acceleration="-1533"/>
    <motionState vehicle="4" speed="5737" time="4240" acceleration="13636"/>
    <motionState vehicle="5" speed="2126" time="4240" acceleration="784"/>
    <motionState vehicle="6" speed="2156" time="4240" acceleration="1675"/>
    <motionState vehicle="7" speed="2287" time="4240" acceleration="2431"/>
    <motionState vehicle="8" speed="2495" time="4240" acceleration="2983"/>
    <motionState vehicle="9" speed="2755" time="4240" acceleration="2754"/>
    <motionState vehicle="10" speed="2985" time="4240" acceleration="1418"/>
    <motionState vehicle="11" speed="3072" time="4240" acceleration="-521"/>
    <motionState vehicle="0" speed="2925" time="4250" acceleration="-1627"/>
    <motionState vehicle="1" speed="5319" time="4250" acceleration="8711"/>
    <motionState vehicle="2" speed="2610" time="4250" acceleration="-1305"/>
    <motionState vehicle="3" speed="2413" time="4250" acceleration="-1524"/>
    <motionState vehicle="4" speed="5750" time="4250" acceleration="13636"/>
    <motionState vehicle="5" speed="2127" time="4250" acceleration="788"/>
    <motionState vehicle="6" speed="2157" time="4250" acceleration="1678"/>
    <motionState vehicle="7" speed="2289" time="4250" acceleration="2433"/>
    <motionState vehicle="8" speed="2498" time="4250" acceleration="2977"/>
    <motionState vehicle="9" speed="2758" time="4250" acceleration="2738"/>
    <motionState vehicle="10" speed="2987" time="4250" acceleration="1395"/>
    <motionState vehicle="11" speed="3071" time="4250" acceleration="-539"/>
    <motionState vehicle="0" speed="2923" time="4260" acceleration="-1637"/>
    <motionState vehicle="1" speed="5328" time="4260" acceleration="8715"/>
    <motionState vehicle="2" speed="2609" time="4260" acceleration="-1313"/>
    <motionState vehicle="3" speed="2412" time="4260" acceleration="-1515"/>
    <motionState vehicle="4" speed="5764" time="4260" acceleration="13636"/>
    <motionState vehicle="5" speed="2127" time="4260" acceleration="792"/>
    <motionState vehicle="6" speed="2159" time="4260" acceleration="1682"/>
    <motionState vehicle="7" speed="2292" time="4260" acceleration="2435"/>
    <motionState vehicle="8" speed="2501" time="4260" acceleration="2972"/>
    <motionState vehicle="9" speed="2761" time="4260" acceleration="2721"/>
    <motionState vehicle="10" speed="2988" time="4260" acceleration="1373"/>
    <motionState vehicle="11" speed="3070" time="4260" acceleration="-557"/>
    <motionState vehicle="0" speed="2922" time="4270" acceleration="-1648"/>
    <motionState vehicle="1" speed="5337" time="4270" acceleration="8721"/>
    <motionState vehicle="2" speed="2608" time="4270" acceleration="-1321"/>
    <motionState vehicle="3" speed="2410" time="4270" acceleration="-1506"/>
    <motionState vehicle="4" speed="5777" time="4270" acceleration="13636"/>
    <motionState vehicle="5" speed="2128" time="4270" acceleration="795"/>
    <motionState vehicle="6" speed="2161" time="4270" acceleration="1686"/>
    <motionState vehicle="7" speed="2294" time="4270" acceleration="2436"/>
    <motionState vehicle="8" speed="2504" time="4270" acceleration="2966"/>
    <motionState vehicle="9" speed="2764" time="4270" acceleration="2705"/>
    <motionState vehicle="10" speed="2989" time="4270" acceleration="1350"/>
    <motionState vehicle="11" speed="3070" time="4270" acceleration="-575"/>
    <motionState vehicle="0" speed="2920" time="4280" acceleration="-1659"/>
    <motionState vehicle="1" speed="5346" time="4280" acceleration="8726"/>
    <motionState vehicle="2" speed="2606" time="4280" acceleration="-1328"/>
    <motionState vehicle="3" speed="2409" time="4280" acceleration="-1497"/>
    <motionState vehicle="4" speed="5791" time="4280" acceleration="13636"/>
    <motionState vehicle="5" speed="2129" time="4280" acceleration="799"/>
    <motionState vehicle="6" speed="2163" time="4280" acceleration="1689"/>
    <motionState vehicle="7" speed="2297" time="4280" acceleration="2438"/>
    <motionState vehicle="8" speed="2507" time="4280" acceleration="2960"/>
    <motionState vehicle="9" speed="2766" time="4280" acceleration="2689"/>
    <motionState vehicle="10" speed="2991" time="4280" acceleration="1328"/>
    <motionState vehicle="11" speed="3069" time="4280" acceleration="-593"/>
    <motionState vehicle="0" speed="2918" time="4290" acceleration="-1669"/>
    <motionState vehicle="1" speed="5354" time="4290" acceleration="8732"/>
    <motionState vehicle="2" speed="2605" time="4290" acceleration="-1336"/>
    <motionState vehicle="3" speed="2407" time="4290" acceleration="-1488"/>
    <motionState vehicle="4" speed="5805" time="4290" acceleration="13636"/>
    <motionState vehicle="5" speed="2130" time="4290" acceleration="803"/>
    <motionState vehicle="6" speed="2164" time="4290" acceleration="1693"/>
    <motionState vehicle="7" speed="2299" time="4290" acceleration="2440"/>
    <motionState vehicle="8" speed="2510" time="4290" acceleration="2955"/>
    <motionState vehicle="9" speed="2769" time="4290" acceleration="2672"/>
    <motionState vehicle="10" speed="2992" time="4290" acceleration="1305"/>
    <motionState vehicle="11" speed="3069" time="4290" acceleration="-611"/>
    <motionState vehicle="0" speed="2917" time="4300" acceleration="-1679"/>
    <motionState vehicle="1" speed="5363" time="4300" acceleration="8738"/>
    <motionState vehicle="2" speed="2604" time="4300" acceleration="-1343"/>
    <motionState vehicle="3" speed="2406" time="4300" acceleration="-1479"/>
    <motionState vehicle="4" speed="5818" time="4300" acceleration="13636"/>
    <motionState vehicle="5" speed="2131" time="4300" acceleration="807"/>
    <motionState vehicle="6" speed="2166" time="4300" acceleration="1696"/>
    <motionState vehicle="7" speed="2302" time="4300" acceleration="2441"/>
    <motionState vehicle="8" speed="2513" time="4300" acceleration="2949"/>
    <motionState vehicle="9" speed="2772" time="4300" acceleration="2656"/>
    <motionState vehicle="10" speed="2993" time="4300" acceleration="1283"/>
    <motionState vehicle="11" speed="3068" time="4300" acceleration="-629"/>
    <motionState vehicle="0" speed="2915" time="4310" acceleration="-1689"/>
    <motionState vehicle="1" speed="5372" time="4310" acceleration="8744"/>
    <motionState vehicle="2" speed="2602" time="4310" acceleration="-1350"/>
    <motionState vehicle="3" speed="2404" time="4310" acceleration="-1470"/>
    <motionState vehicle="4" speed="5832" time="4310" acceleration="13636"/>
    <motionState vehicle="5" speed="2131" time="4310" acceleration="811"/>
    <motionState vehicle="6" speed="2168" time="4310" acceleration="1700"/>
    <motionState vehicle="7" speed="2304" time="4310" acceleration="2443"/>
    <motionState vehicle="8" speed="2516" time="4310" acceleration="2943"/>
    <motionState vehicle="9" speed="2774" time="4310" acceleration="2639"/>
    <motionState vehicle="10" speed="2995" time="4310" acceleration="1261"/>
    <motionState vehicle="11" speed="3067" time="4310" acceleration="-647"/>
    <motionState vehicle="0" speed="2913" time="4320" acceleration="-1699"/>
    <motionState vehicle="1" speed="5381" time="4320" acceleration="8751"/>
    <motionState vehicle="2" speed="2601" time="4320" acceleration="-1357"/>
    <motionState vehicle="3" speed="2403" time="4320" acceleration="-1460"/>
    <motionState vehicle="4" speed="5846" time="4320" acceleration="13636"/>
    <motionState vehicle="5" speed="2132" time="4320" acceleration="815"/>
    <motionState vehicle="6" speed="2169" time="4320" acceleration="1704"/>
    <motionState vehicle="7" speed="2306" time="4320" acceleration="2444"/>
    <motionState vehicle="8" speed="2519" time="4320" acceleration="2937"/>
    <motionState vehicle="9" speed="2777" time="4320" acceleration="2623"/>
    <motionState vehicle="10" speed="2996" time="4320" acceleration="1239"/>
    <motionState vehicle="11" speed="3067" time="4320" acceleration="-664"/>
    <motionState vehicle="0" speed="2911" time="4330" acceleration="-1709"/>
    <motionState vehicle="1" speed="5389" time="4330" acceleration="8758"/>
    <motionState vehicle="2" speed="2600" time="4330" acceleration="-1363"/>
    <motionState vehicle="3" speed="2401" time="4330" acceleration="-1451"/>
    <motionState vehicle="4" speed="5859" time="4330" acceleration="13636"/>
    <motionState vehicle="5" speed="2133" time="4330" acceleration="819"/>
    <motionState vehicle="6" speed="2171" time="4330" acceleration="1708"/>
    <motionState vehicle="7" speed="2309" time="4330" acceleration="2446"/>
    <motionState vehicle="8" speed="2521" time="4330" acceleration="2931"/>
    <motionState vehicle="9" speed="2779" time="4330" acceleration="2606"/>
    <motionState vehicle="10" speed="2997" time="4330" acceleration="1216"/>
    <motionState vehicle="11" speed="3066" time="4330" acceleration="-681"/>
    <motionState vehicle="0" speed="2910" time="4340" acceleration="-1719"/>
    <motionState vehicle="1" speed="5398" time="4340" acceleration="8766"/>
    <motionState vehicle="2" speed="2598" time="4340" acceleration="-1370"/>
    <motionState vehicle="3" speed="2400" time="4340" acceleration="-1442"/>
    <motionState vehicle="4" speed="5873" time="4340" acceleration="13636"/>
    <motionState vehicle="5" speed="2134" time="4340" acceleration="823"/>
    <motionState vehicle="6" speed="2173" time="4340" acceleration="1711"/>
    <motionState vehicle="7" speed="2311" time="4340" acceleration="2448"/>
    <motionState vehicle="8" speed="2524" time="4340" acceleration="2925"/>
    <motionState vehicle="9" speed="2782" time="4340" acceleration="2590"/>
    <motionState vehicle="10" speed="2998" time="4340" acceleration="1194"/>
    <motionState vehicle="11" speed="3065" time="4340" acceleration="-699"/>
    <motionState vehicle="0" speed="2908" time="4350" acceleration="-1728"/>
    <motionState vehicle="1" speed="5407" time="4350" acceleration="8774"/>
    <motionState vehicle="2" speed="2597" time="4350" acceleration="-1376"/>
    <motionState vehicle="3" speed="2399" time="4350" acceleration="-1432"/>
    <motionState vehicle="4" speed="5887" time="4350" acceleration="13636"/>
    <motionState vehicle="5" speed="2135" time="4350" acceleration="827"/>
    <motionState vehicle="6" speed="2174" time="4350" acceleration="1715"/>
    <motionState vehicle="7" speed="2314" time="4350" acceleration="2449"/>
    <motionState vehicle="8" speed="2527" time="4350" acceleration="2918"/>
    <motionState vehicle="9" speed="2785" time="4350" acceleration="2573"/>
    <motionState vehicle="10" speed="2999" time="4350" acceleration="1172"/>
    <motionState vehicle="11" speed="3065" time="4350" acceleration="-716"/>
    <motionState vehicle="0" speed="2906" time="4360" acceleration="-1738"/>
    <motionState vehicle="1" speed="5416" time="4360" acceleration="8782"/>
    <motionState vehicle="2" speed="2596" time="4360" acceleration="-1382"/>
    <motionState vehicle="3" speed="2397" time="4360" acceleration="-1422"/>
    <motionState vehicle="4" speed="5900" time="4360" acceleration="13636"/>
    <motionState vehicle="5" speed="2136" time="4360" acceleration="831"/>
    <motionState vehicle="6" speed="2176" time="4360" acceleration="1719"/>
    <motionState vehicle="7" speed="2316" time="4360" acceleration="2450"/>
    <motionState vehicle="8" speed="2530" time="4360" acceleration="2912"/>
    <motionState vehicle="9" speed="2787" time="4360" acceleration="2557"/>
    <motionState vehicle="10" speed="3001" time="4360" acceleration="1151"/>
    <motionState vehicle="11" speed="3064" time="4360" acceleration="-733"/>
    <motionState vehicle="0" speed="2905" time="4370" acceleration="-1747"/>
    <motionState vehicle="1" speed="5424" time="4370" acceleration="8790"/>
    <motionState vehicle="2" speed="2594" time="4370" acceleration="-1388"/>
    <motionState vehicle="3" speed="2396" time="4370" acceleration="-1413"/>
    <motionState vehicle="4" speed="5914" time="4370" acceleration="13636"/>
    <motionState vehicle="5" speed="2136" time="4370" acceleration="835"/>
    <motionState vehicle="6" speed="2178" time="4370" acceleration="1723"/>
    <motionState vehicle="7" speed="2319" time="4370" acceleration="2452"/>
    <motionState vehicle="8" speed="2533" time="4370" acceleration="2906"/>
    <motionState vehicle="9" speed="2790" time="4370" acceleration="2540"/>
    <motionState vehicle="10" speed="3002" time="4370" acceleration="1129"/>
    <motionState vehicle="11" speed="3063" time="4370" acceleration="-749"/>
    <motionState vehicle="0" speed="2903" time="4380" acceleration="-1756"/>
    <motionState vehicle="1" speed="5433" time="4380" acceleration="8799"/>
    <motionState vehicle="2" speed="2593" time="4380" acceleration="-1394"/>
    <motionState vehicle="3" speed="2394" time="4380" acceleration="-1403"/>
    <motionState vehicle="4" speed="5927" time="4380" acceleration="13636"/>
    <motionState vehicle="5" speed="2137" time="4380" acceleration="840"/>
    <motionState vehicle="6" speed="2180" time="4380" acceleration="1726"/>
    <motionState vehicle="7" speed="2321" time="4380" acceleration="2453"/>
    <motionState vehicle="8" speed="2536" time="4380" acceleration="2899"/>
    <motionState vehicle="9" speed="2792" time="4380" acceleration="2523"/>
    <motionState vehicle="10" speed="3003" time="4380" acceleration="1107"/>
    <motionState vehicle="11" speed="3062" time="4380" acceleration="-766"/>
    <motionState vehicle="0" speed="2901" time="4390" acceleration="-1765"/>
    <motionState vehicle="1" speed="5442" time="4390" acceleration="8808"/>
    <motionState vehicle="2" speed="2591" time="4390" acceleration="-1399"/>
    <motionState vehicle="3" speed="2393" time="4390" acceleration="-1393"/>
    <motionState vehicle="4" speed="5941" time="4390" acceleration="13636"/>
    <motionState vehicle="5" speed="2138" time="4390" acceleration="844"/>
    <motionState vehicle="6" speed="2181" time="4390" acceleration="1730"/>
    <motionState vehicle="7" speed="2324" time="4390" acceleration="2454"/>
    <motionState vehicle="8" speed="2539" time="4390" acceleration="2893"/>
    <motionState vehicle="9" speed="2795" time="4390" acceleration="2507"/>
    <motionState vehicle="10" speed="3004" time="4390" acceleration="1085"/>
    <motionState vehicle="11" speed="3062" time="4390" acceleration="-783"/>
    <motionState vehicle="0" speed="2899" time="4400" acceleration="-1774"/>
    <motionState vehicle="1" speed="5451" time="4400" acceleration="8817"/>
    <motionState vehicle="2" speed="2590" time="4400" acceleration="-1404"/>
    <motionState vehicle="3" speed="2392" time="4400" acceleration="-1383"/>
    <motionState vehicle="4" speed="5955" time="4400" acceleration="13636"/>
    <motionState vehicle="5" speed="2139" time="4400" acceleration="848"/>
    <motionState vehicle="6" speed="2183" time="4400" acceleration="1734"/>
    <motionState vehicle="7" speed="2326" time="4400" acceleration="2456"/>
    <motionState vehicle="8" speed="2542" time="4400" acceleration="2886"/>
    <motionState vehicle="9" speed="2797" time="4400" acceleration="2490"/>
    <motionState vehicle="10" speed="3005" time="4400" acceleration="1064"/>
    <motionState vehicle="11" speed="3061" time="4400" acceleration="-799"/>
    <motionState vehicle="0" speed="2897" time="4410" acceleration="-1782"/>
    <motionState vehicle="1" speed="5460" time="4410" acceleration="8826"/>
    <motionState vehicle="2" speed="2589" time="4410" acceleration="-1409"/>
    <motionState vehicle="3" speed="2390" time="4410" acceleration="-1374"/>
    <motionState vehicle="4" speed="5968" time="4410" acceleration="13636"/>
    <motionState vehicle="5" speed="2140" time="4410" acceleration="853"/>
    <motionState vehicle="6" speed="2185" time="4410" acceleration="1738"/>
    <motionState vehicle="7" speed="2329" time="4410" acceleration="2457"/>
    <motionState vehicle="8" speed="2545" time="4410" acceleration="2880"/>
    <motionState vehicle="9" speed="2800" time="4410" acceleration="2473"/>
    <motionState vehicle="10" speed="3006" time="4410" acceleration="1042"/>
    <motionState vehicle="11" speed="3060" time="4410" acceleration="-815"/>
    <motionState vehicle="0" speed="2896" time="4420" acceleration="-1791"/>
    <motionState vehicle="1" speed="5469" time="4420" acceleration="8836"/>
    <motionState vehicle="2" speed="2587" time="4420" acceleration="-1414"/>
    <motionState vehicle="3" speed="2389" time="4420" acceleration="-1364"/>
    <motionState vehicle="4" speed="5982" time="4420" acceleration="13636"/>
    <motionState vehicle="5" speed="2141" time="4420" acceleration="857"/>
    <motionState vehicle="6" speed="2187" time="4420" acceleration="1741"/>
    <motionState vehicle="7" speed="2331" time="4420" acceleration="2458"/>
    <motionState vehicle="8" speed="2548" time="4420" acceleration="2873"/>
    <motionState vehicle="9" speed="2802" time="4420" acceleration="2456"/>
    <motionState vehicle="10" speed="3007" time="4420" acceleration="1021"/>
    <motionState vehicle="11" speed="3059" time="4420" acceleration="-831"/>
    <motionState vehicle="0" speed="2894" time="4430" acceleration="-1799"/>
    <motionState vehicle="1" speed="5477" time="4430" acceleration="8846"/>
    <motionState vehicle="2" speed="2586" time="4430" acceleration="-1419"/>
    <motionState vehicle="3" speed="2387" time="4430" acceleration="-1354"/>
    <motionState vehicle="4" speed="5996" time="4430" acceleration="13636"/>
    <motionState vehicle="5" speed="2142" time="4430" acceleration="861"/>
    <motionState vehicle="6" speed="2188" time="4430" acceleration="1745"/>
    <motionState vehicle="7" speed="2333" time="4430" acceleration="2459"/>
    <motionState vehicle="8" speed="2550" time="4430" acceleration="2866"/>
    <motionState vehicle="9" speed="2805" time="4430" acceleration="2440"/>
    <motionState vehicle="10" speed="3008" time="4430" acceleration="999"/>
    <motionState vehicle="11" speed="3058" time="4430" acceleration="-847"/>
    <motionState vehicle="0" speed="2892" time="4440" acceleration="-1807"/>
    <motionState vehicle="1" speed="5486" time="4440" acceleration="8856"/>
    <motionState vehicle="2" speed="2584" time="4440" acceleration="-1423"/>
    <motionState vehicle="3" speed="2386" time="4440" acceleration="-1343"/>
    <motionState vehicle="4" speed="6009" time="4440" acceleration="13636"/>
    <motionState vehicle="5" speed="2142" time="4440" acceleration="866"/>
    <motionState vehicle="6" speed="2190" time="4440" acceleration="1749"/>
    <motionState vehicle="7" speed="2336" time="4440" acceleration="2460"/>
    <motionState vehicle="8" speed="2553" time="4440" acceleration="2859"/>
    <motionState vehicle="9" speed="2807" time="4440" acceleration="2423"/>
    <motionState vehicle="10" speed="3009" time="4440" acceleration="978"/>
    <motionState vehicle="11" speed="3057" time="4440" acceleration="-863"/>
    <motionState vehicle="0" speed="2890" time="4450" acceleration="-1815"/>
    <motionState vehicle="1" speed="5495" time="4450" acceleration="8867"/>
    <motionState vehicle="2" speed="2583" time="4450" acceleration="-1428"/>
    <motionState vehicle="3" speed="2385" time="4450" acceleration="-1333"/>
    <motionState vehicle="4" speed="6023" time="4450" acceleration="13636"/>
    <motionState vehicle="5" speed="2143" time="4450" acceleration="870"/>
    <motionState vehicle="6" speed="2192" time="4450" acceleration="1753"/>
    <motionState vehicle="7" speed="2338" time="4450" acceleration="2461"/>
    <motionState vehicle="8" speed="2556" time="4450" acceleration="2853"/>
    <motionState vehicle="9" speed="2809" time="4450" acceleration="2406"/>
    <motionState vehicle="10" speed="3010" time="4450" acceleration="957"/>
    <motionState vehicle="11" speed="3057" time="4450" acceleration="-879"/>
    <motionState vehicle="0" speed="2888" time="4460" acceleration="-1823"/>
    <motionState vehicle="1" speed="5504" time="4460" acceleration="8877"/>
    <motionState vehicle="2" speed="2581" time="4460" acceleration="-1432"/>
    <motionState vehicle="3" speed="2383" time="4460" acceleration="-1323"/>
    <motionState vehicle="4" speed="6037" time="4460" acceleration="13636"/>
    <motionState vehicle="5" speed="2144" time="4460" acceleration="875"/>
    <motionState vehicle="6" speed="2194" time="4460" acceleration="1757"/>
    <motionState vehicle="7" speed="2341" time="4460" acceleration="2462"/>
    <motionState vehicle="8" speed="2559" time="4460" acceleration="2846"/>
    <motionState vehicle="9" speed="2812" time="4460" acceleration="2389"/>
    <motionState vehicle="10" speed="3011" time="4460" acceleration="936"/>
    <motionState vehicle="11" speed="3056" time="4460" acceleration="-895"/>
    <motionState vehicle="0" speed="2887" time="4470" acceleration="-1831"/>
    <motionState vehicle="1" speed="5513" time="4470" acceleration="8888"/>
    <motionState vehicle="2" speed="2580" time="4470" acceleration="-1436"/>
    <motionState vehicle="3" speed="2382" time="4470" acceleration="-1313"/>
    <motionState vehicle="4" speed="6050" time="4470" acceleration="13636"/>
    <motionState vehicle="5" speed="2145" time="4470" acceleration="880"/>
    <motionState vehicle="6" speed="2195" time="4470" acceleration="1761"/>
    <motionState vehicle="7" speed="2343" time="4470" acceleration="2463"/>
    <motionState vehicle="8" speed="2562" time="4470" acceleration="2839"/>
    <motionState vehicle="9" speed="2814" time="4470" acceleration="2372"/>
    <motionState vehicle="10" speed="3012" time="4470" acceleration="914"/>
    <motionState vehicle="11" speed="3055" time="4470" acceleration="-910"/>
    <motionState vehicle="0" speed="2885" time="4480" acceleration="-1839"/>
    <motionState vehicle="1" speed="5522" time="4480" acceleration="8900"/>
    <motionState vehicle="2" speed="2579" time="4480" acceleration="-1440"/>
    <motionState vehicle="3" speed="2381" time="4480" acceleration="-1302"/>
    <motionState vehicle="4" speed="6064" time="4480" acceleration="13636"/>
    <motionState vehicle="5" speed="2146" time="4480" acceleration="884"/>
    <motionState vehicle="6" speed="2197" time="4480" acceleration="1764"/>
    <motionState vehicle="7" speed="2346" time="4480" acceleration="2464"/>
    <motionState vehicle="8" speed="2565" time="4480" acceleration="2831"/>
    <motionState vehicle="9" speed="2817" time="4480" acceleration="2356"/>
    <motionState vehicle="10" speed="3013" time="4480" acceleration="893"/>
    <motionState vehicle="11" speed="3054" time="4480" acceleration="-926"/>
    <motionState vehicle="0" speed="2883" time="4490" acceleration="-1846"/>
    <motionState vehicle="1" speed="5531" time="4490" acceleration="8911"/>
    <motionState vehicle="2" speed="2577" time="4490" acceleration="-1443"/>
    <motionState vehicle="3" speed="2380" time="4490" acceleration="-1292"/>
    <motionState vehicle="4" speed="6077" time="4490" acceleration="13636"/>
    <motionState vehicle="5" speed="2147" time="4490" acceleration="889"/>
    <motionState vehicle="6" speed="2199" time="4490" acceleration="1768"/>
    <motionState vehicle="7" speed="2348" time="4490" acceleration="2465"/>
    <motionState vehicle="8" speed="2567" time="4490" acceleration="2824"/>
    <motionState vehicle="9" speed="2819" time="4490" acceleration="2339"/>
    <motionState vehicle="10" speed="3014" time="4490" acceleration="872"/>
    <motionState vehicle="11" speed="3053" time="4490" acceleration="-941"/>
    <motionState vehicle="0" speed="2881" time="4500" acceleration="-1853"/>
    <motionState vehicle="1" speed="5540" time="4500" acceleration="8923"/>
    <motionState vehicle="2" speed="2576" time="4500" acceleration="-1447"/>
    <motionState vehicle="3" speed="2378" time="4500" acceleration="-1282"/>
    <motionState vehicle="4" speed="6091" time="4500" acceleration="13636"/>
    <motionState vehicle="5" speed="2148" time="4500" acceleration="893"/>
    <motionState vehicle="6" speed="2201" time="4500" acceleration="1772"/>
    <motionState vehicle="7" speed="2351" time="4500" acceleration="2466"/>
    <motionState vehicle="8" speed="2570" time="4500" acceleration="2817"/>
    <motionState vehicle="9" speed="2821" time="4500" acceleration="2322"/>
    <motionState vehicle="10" speed="3014" time="4500" acceleration="852"/>
    <motionState vehicle="11" speed="3052" time="4500" acceleration="-956"/>
    <motionState vehicle="0" speed="2879" time="4510" acceleration="-1861"/>
    <motionState vehicle="1" speed="5549" time="4510" acceleration="8935"/>
    <motionState vehicle="2" speed="2574" time="4510" acceleration="-1450"/>
    <motionState vehicle="3" speed="2377" time="4510" acceleration="-1271"/>
    <motionState vehicle="4" speed="6105" time="4510" acceleration="13636"/>
    <motionState vehicle="5" speed="2149" time="4510" acceleration="898"/>
    <motionState vehicle="6" speed="2202" time="4510" acceleration="1776"/>
    <motionState vehicle="7" speed="2353" time="4510" acceleration="2466"/>
    <motionState vehicle="8" speed="2573" time="4510" acceleration="2810"/>
    <motionState vehicle="9" speed="2824" time="4510" acceleration="2305"/>
    <motionState vehicle="10" speed="3015" time="4510" acceleration="831"/>
    <motionState vehicle="11" speed="3051" time="4510" acceleration="-971"/>
    <motionState vehicle="0" speed="2877" time="4520" acceleration="-1868"/>
    <motionState vehicle="1" speed="5557" time="4520" acceleration="8947"/>
    <motionState vehicle="2" speed="2573" time="4520" acceleration="-1453"/>
    <motionState vehicle="3" speed="2376" time="4520" acceleration="-1261"/>
    <motionState vehicle="4" speed="6118" time="4520" acceleration="13636"/>
    <motionState vehicle="5" speed="2149" time="4520" acceleration="903"/>
    <motionState vehicle="6" speed="2204" time="4520" acceleration="1780"/>
    <motionState vehicle="7" speed="2356" time="4520" acceleration="2467"/>
    <motionState vehicle="8" speed="2576" time="4520" acceleration="2802"/>
    <motionState vehicle="9" speed="2826" time="4520" acceleration="2288"/>
    <motionState vehicle="10" speed="3016" time="4520" acceleration="810"/>
    <motionState vehicle="11" speed="3050" time="4520" acceleration="-986"/>
    <motionState vehicle="0" speed="2875" time="4530" acceleration="-1875"/>
    <motionState vehicle="1" speed="5566" time="4530" acceleration="8959"/>
    <motionState vehicle="2" speed="2571" time="4530" acceleration="-1456"/>
    <motionState vehicle="3" speed="2374" time="4530" acceleration="-1250"/>
    <motionState vehicle="4" speed="6132" time="4530" acceleration="13636"/>
    <motionState vehicle="5" speed="2150" time="4530" acceleration="908"/>
    <motionState vehicle="6" speed="2206" time="4530" acceleration="1784"/>
    <motionState vehicle="7" speed="2358" time="4530" acceleration="2468"/>
    <motionState vehicle="8" speed="2579" time="4530" acceleration="2795"/>
    <motionState vehicle="9" speed="2828" time="4530" acceleration="2271"/>
    <motionState vehicle="10" speed="3017" time="4530" acceleration="790"/>
    <motionState vehicle="11" speed="3049" time="4530" acceleration="-1001"/>
    <motionState vehicle="0" speed="2874" time="4540" acceleration="-1881"/>
    <motionState vehicle="1" speed="5575" time="4540" acceleration="8971"/>
    <motionState vehicle="2" speed="2570" time="4540" acceleration="-1459"/>
    <motionState vehicle="3" speed="2373" time="4540" acceleration="-1239"/>
    <motionState vehicle="4" speed="6146" time="4540" acceleration="13636"/>
    <motionState vehicle="5" speed="2151" time="4540" acceleration="912"/>
    <motionState vehicle="6" speed="2208" time="4540" acceleration="1787"/>
    <motionState vehicle="7" speed="2361" time="4540" acceleration="2468"/>
    <motionState vehicle="8" speed="2581" time="4540" acceleration="2787"/>
    <motionState vehicle="9" speed="2830" time="4540" acceleration="2254"/>
    <motionState vehicle="10" speed="3018" time="4540" acceleration="769"/>
    <motionState vehicle="11" speed="3048" time="4540" acceleration="-1015"/>
    <motionState vehicle="0" speed="2872" time="4550" acceleration="-1888"/>
    <motionState vehicle="1" speed="5584" time="4550" acceleration="8984"/>
    <motionState vehicle="2" speed="2568" time="4550" acceleration="-1461"/>
    <motionState vehicle="3" speed="2372" time="4550" acceleration="-1229"/>
    <motionState vehicle="4" speed="6159" time="4550" acceleration="13636"/>
    <motionState vehicle="5" speed="2152" time="4550" acceleration="917"/>
    <motionState vehicle="6" speed="2210" time="4550" acceleration="1791"/>
    <motionState vehicle="7" speed="2363" time="4550" acceleration="2469"/>
    <motionState vehicle="8" speed="2584" time="4550" acceleration="2780"/>
    <motionState vehicle="9" speed="2833" time="4550" acceleration="2237"/>
    <motionState vehicle="10" speed="3018" time="4550" acceleration="748"/>
    <motionState vehicle="11" speed="3047" time="4550" acceleration="-1030"/>
    <motionState vehicle="0" speed="2870" time="4560" acceleration="-1895"/>
    <motionState vehicle="1" speed="5593" time="4560" acceleration="8997"/>
    <motionState vehicle="2" speed="2567" time="4560" acceleration="-1464"/>
    <motionState vehicle="3" speed="2371" time="4560" acceleration="-1218"/>
    <motionState vehicle="4" speed="6173" time="4560" acceleration="13636"/>
    <motionState vehicle="5" speed="2153" time="4560" acceleration="922"/>
    <motionState vehicle="6" speed="2211" time="4560" acceleration="1795"/>
    <motionState vehicle="7" speed="2365" time="4560" acceleration="2469"/>
    <motionState vehicle="8" speed="2587" time="4560" acceleration="2772"/>
    <motionState vehicle="9" speed="2835" time="4560" acceleration="2220"/>
    <motionState vehicle="10" speed="3019" time="4560" acceleration="728"/>
    <motionState vehicle="11" speed="3046" time="4560" acceleration="-1044"/>
    <motionState vehicle="0" speed="2868" time="4570" acceleration="-1901"/>
    <motionState vehicle="1" speed="5602" time="4570" acceleration="9010"/>
    <motionState vehicle="2" speed="2565" time="4570" acceleration="-1466"/>
    <motionState vehicle="3" speed="2370" time="4570" acceleration="-1207"/>
    <motionState vehicle="4" speed="6187" time="4570" acceleration="13636"/>
    <motionState vehicle="5" speed="2154" time="4570" acceleration="927"/>
    <motionState vehicle="6" speed="2213" time="4570" acceleration="1799"/>
    <motionState vehicle="7" speed="2368" time="4570" acceleration="2470"/>
    <motionState vehicle="8" speed="2590" time="4570" acceleration="2765"/>
    <motionState vehicle="9" speed="2837" time="4570" acceleration="2203"/>
    <motionState vehicle="10" speed="3020" time="4570" acceleration="708"/>
    <motionState vehicle="11" speed="3045" time="4570" acceleration="-1058"/>
    <motionState vehicle="0" speed="2866" time="4580" acceleration="-1907"/>
    <motionState vehicle="1" speed="5611" time="4580" acceleration="9023"/>
    <motionState vehicle="2" speed="2564" time="4580" acceleration="-1468"/>
    <motionState vehicle="3" speed="2368" time="4580" acceleration="-1197"/>
    <motionState vehicle="4" speed="6200" time="4580" acceleration="13636"/>
    <motionState vehicle="5" speed="2155" time="4580" acceleration="932"/>
    <motionState vehicle="6" speed="2215" time="4580" acceleration="1803"/>
    <motionState vehicle="7" speed="2370" time="4580" acceleration="2470"/>
    <motionState vehicle="8" speed="2593" time="4580" acceleration="2757"/>
    <motionState vehicle="9" speed="2839" time="4580" acceleration="2186"/>
    <motionState vehicle="10" speed="3021" time="4580" acceleration="688"/>
    <motionState vehicle="11" speed="3044" time="4580" acceleration="-1072"/>
    <motionState vehicle="0" speed="2864" time="4590" acceleration="-1913"/>
    <motionState vehicle="1" speed="5620" time="4590" acceleration="9037"/>
    <motionState vehicle="2" speed="2562" time="4590" acceleration="-1470"/>
    <motionState vehicle="3" speed="2367" time="4590" acceleration="-1186"/>
    <motionState vehicle="4" speed="6214" time="4590" acceleration="13636"/>
    <motionState vehicle="5" speed="2156" time="4590" acceleration="937"/>
    <motionState vehicle="6" speed="2217" time="4590" acceleration="1806"/>
    <motionState vehicle="7" speed="2373" time="4590" acceleration="2471"/>
    <motionState vehicle="8" speed="2595" time="4590" acceleration="2749"/>
    <motionState vehicle="9" speed="2841" time="4590" acceleration="2169"/>
    <motionState vehicle="10" speed="3021" time="4590" acceleration="667"/>
    <motionState vehicle="11" speed="3043" time="4590" acceleration="-1086"/>
    <motionState vehicle="0" speed="2862" time="4600" acceleration="-1919"/>
    <motionState vehicle="1" speed="5629" time="4600" acceleration="9050"/>
    <motionState vehicle="2" speed="2561" time="4600" acceleration="-1472"/>
    <motionState vehicle="3" speed="2366" time="4600" acceleration="-1175"/>
    <motionState vehicle="4" speed="6227" time="4600" acceleration="13636"/>
    <motionState vehicle="5" speed="2157" time="4600" acceleration="941"/>
    <motionState vehicle="6" speed="2219" time="4600" acceleration="1810"/>
    <motionState vehicle="7" speed="2375" time="4600" acceleration="2471"/>
    <motionState vehicle="8" speed="2598" time="4600" acceleration="2741"/>
    <motionState vehicle="9" speed="2844" time="4600" acceleration="2152"/>
    <motionState vehicle="10" speed="3022" time="4600" acceleration="647"/>
    <motionState vehicle="11" speed="3042" time="4600" acceleration="-1100"/>
    <motionState vehicle="0" speed="2860" time="4610" acceleration="-1925"/>
    <motionState vehicle="1" speed="5639" time="4610" acceleration="9064"/>
    <motionState vehicle="2" speed="2560" time="4610" acceleration="-1474"/>
    <motionState vehicle="3" speed="2365" time="4610" acceleration="-1164"/>
    <motionState vehicle="4" speed="6241" time="4610" acceleration="13636"/>
    <motionState vehicle="5" speed="2158" time="4610" acceleration="946"/>
    <motionState vehicle="6" speed="2220" time="4610" acceleration="1814"/>
    <motionState vehicle="7" speed="2378" time="4610" acceleration="2471"/>
    <motionState vehicle="8" speed="2601" time="4610" acceleration="2733"/>
    <motionState vehicle="9" speed="2846" time="4610" acceleration="2135"/>
    <motionState vehicle="10" speed="3022" time="4610" acceleration="627"/>
    <motionState vehicle="11" speed="3040" time="4610" acceleration="-1114"/>
    <motionState vehicle="0" speed="2858" time="4620" acceleration="-1931"/>
    <motionState vehicle="1" speed="5648" time="4620" acceleration="9078"/>
    <motionState vehicle="2" speed="2558" time="4620" acceleration="-1475"/>
    <motionState vehicle="3" speed="2364" time="4620" acceleration="-1153"/>
    <motionState vehicle="4" speed="6255" time="4620" acceleration="13636"/>
    <motionState vehicle="5" speed="2159" time="4620" acceleration="951"/>
    <motionState vehicle="6" speed="2222" time="4620" acceleration="1818"/>
    <motionState vehicle="7" speed="2380" time="4620" acceleration="2471"/>
    <motionState vehicle="8" speed="2603" time="4620" acceleration="2725"/>
    <motionState vehicle="9" speed="2848" time="4620" acceleration="2118"/>
    <motionState vehicle="10" speed="3023" time="4620" acceleration="607"/>
    <motionState vehicle="11" speed="3039" time="4620" acceleration="-1128"/>
    <motionState vehicle="0" speed="2856" time="4630" acceleration="-1937"/>
    <motionState vehicle="1" speed="5657" time="4630" acceleration="9092"/>
    <motionState vehicle="2" speed="2557" time="4630" acceleration="-1476"/>
    <motionState vehicle="3" speed="2363" time="4630" acceleration="-1142"/>
    <motionState vehicle="4" speed="6268" time="4630" acceleration="13636"/>
    <motionState vehicle="5" speed="2160" time="4630" acceleration="956"/>
    <motionState vehicle="6" speed="2224" time="4630" acceleration="1822"/>
    <motionState vehicle="7" speed="2383" time="4630" acceleration="2471"/>
    <motionState vehicle="8" speed="2606" time="4630" acceleration="2717"/>
    <motionState vehicle="9" speed="2850" time="4630" acceleration="2101"/>
    <motionState vehicle="10" speed="3024" time="4630" acceleration="588"/>
    <motionState vehicle="11" speed="3038" time="4630" acceleration="-1141"/>
    <motionState vehicle="0" speed="2854" time="4640" acceleration="-1942"/>
    <motionState vehicle="1" speed="5666" time="4640" acceleration="9106"/>
    <motionState vehicle="2" speed="2555" time="4640" acceleration="-1478"/>
    <motionState vehicle="3" speed="2361" time="4640" acceleration="-1131"/>
    <motionState vehicle="4" speed="6282" time="4640" acceleration="13636"/>
    <motionState vehicle="5" speed="2161" time="4640" acceleration="961"/>
    <motionState vehicle="6" speed="2226" time="4640" acceleration="1825"/>
    <motionState vehicle="7" speed="2385" time="4640" acceleration="2471"/>
    <motionState vehicle="8" speed="2609" time="4640" acceleration="2709"/>
    <motionState vehicle="9" speed="2852" time="4640" acceleration="2084"/>
    <motionState vehicle="10" speed="3024" time="4640" acceleration="568"/>
    <motionState vehicle="11" speed="3037" time="4640" acceleration="-1155"/>
    <motionState vehicle="0" speed="2852" time="4650" acceleration="-1947"/>
    <motionState vehicle="1" speed="5675" time="4650" acceleration="9121"/>
    <motionState vehicle="2" speed="2554" time="4650" acceleration="-1479"/>
    <motionState vehicle="3" speed="2360" time="4650" acceleration="-1120"/>
    <motionState vehicle="4" speed="6296" time="4650" acceleration="13636"/>
    <motionState vehicle="5" speed="2162" time="4650" acceleration="966"/>
    <motionState vehicle="6" speed="2228" time="4650" acceleration="1829"/>
    <motionState vehicle="7" speed="2388" time="4650" acceleration="2471"/>
    <motionState vehicle="8" speed="2612" time="4650" acceleration="2701"/>
    <motionState vehicle="9" speed="2854" time="4650" acceleration="2067"/>
    <motionState vehicle="10" speed="3025" time="4650" acceleration="548"/>
    <motionState vehicle="11" speed="3036" time="4650" acceleration="-1168"/>
    <motionState vehicle="0" speed="2850" time="4660" acceleration="-1952"/>
    <motionState vehicle="1" speed="5684" time="4660" acceleration="9135"/>
    <motionState vehicle="2" speed="2552" time="4660" acceleration="-1479"/>
    <motionState vehicle="3" speed="2359" time="4660" acceleration="-1109"/>
    <motionState vehicle="4" speed="6309" time="4660" acceleration="13636"/>
    <motionState vehicle="5" speed="2163" time="4660" acceleration="972"/>
    <motionState vehicle="6" speed="2230" time="4660" acceleration="1833"/>
    <motionState vehicle="7" speed="2390" time="4660" acceleration="2471"/>
    <motionState vehicle="8" speed="2614" time="4660" acceleration="2692"/>
    <motionState vehicle="9" speed="2856" time="4660" acceleration="2050"/>
    <motionState vehicle="10" speed="3025" time="4660" acceleration="529"/>
    <motionState vehicle="11" speed="3035" time="4660" acceleration="-1181"/>
    <motionState vehicle="0" speed="2848" time="4670" acceleration="-1958"/>
    <motionState vehicle="1" speed="5693" time="4670" acceleration="9150"/>
    <motionState vehicle="2" speed="2551" time="4670" acceleration="-1480"/>
    <motionState vehicle="3" speed="2358" time="4670" acceleration="-1098"/>
    <motionState vehicle="4" speed="6323" time="4670" acceleration="13636"/>
    <motionState vehicle="5" speed="2164" time="4670" acceleration="977"/>
    <motionState vehicle="6" speed="2231" time="4670" acceleration="1837"/>
    <motionState vehicle="7" speed="2393" time="4670" acceleration="2471"/>
    <motionState vehicle="8" speed="2617" time="4670" acceleration="2684"/>
    <motionState vehicle="9" speed="2858" time="4670" acceleration="2033"/>
    <motionState vehicle="10" speed="3026" time="4670" acceleration="509"/>
    <motionState vehicle="11" speed="3033" time="4670" acceleration="-1194"/>
    <motionState vehicle="0" speed="2847" time="4680" acceleration="-1962"/>
    <motionState vehicle="1" speed="5702" time="4680" acceleration="9165"/>
    <motionState vehicle="2" speed="2549" time="4680" acceleration="-1481"/>
    <motionState vehicle="3" speed="2357" time="4680" acceleration="-1086"/>
    <motionState vehicle="4" speed="6337" time="4680" acceleration="13636"/>
    <motionState vehicle="5" speed="2165" time="4680" acceleration="982"/>
    <motionState vehicle="6" speed="2233" time="4680" acceleration="1840"/>
    <motionState vehicle="7" speed="2395" time="4680" acceleration="2471"/>
    <motionState vehicle="8" speed="2620" time="4680" acceleration="2676"/>
    <motionState vehicle="9" speed="2860" time="4680" acceleration="2016"/>
    <motionState vehicle="10" speed="3026" time="4680" acceleration="490"/>
    <motionState vehicle="11" speed="3032" time="4680" acceleration="-1207"/>
    <motionState vehicle="0" speed="2845" time="4690" acceleration="-1967"/>
    <motionState vehicle="1" speed="5712" time="4690" acceleration="9180"/>
    <motionState vehicle="2" speed="2548" time="4690" acceleration="-1481"/>
    <motionState vehicle="3" speed="2356" time="4690" acceleration="-1075"/>
    <motionState vehicle="4" speed="6350" time="4690" acceleration="13636"/>
    <motionState vehicle="5" speed="2166" time="4690" acceleration="987"/>
    <motionState vehicle="6" speed="2235" time="4690" acceleration="1844"/>
    <motionState vehicle="7" speed="2398" time="4690" acceleration="2471"/>
    <motionState vehicle="8" speed="2622" time="4690" acceleration="2667"/>
    <motionState vehicle="9" speed="2862" time="4690" acceleration="1999"/>
    <motionState vehicle="10" speed="3027" time="4690" acceleration="470"/>
    <motionState vehicle="11" speed="3031" time="4690" acceleration="-1220"/>
    <motionState vehicle="0" speed="2843" time="4700" acceleration="-1972"/>
    <motionState vehicle="1" speed="5721" time="4700" acceleration="9195"/>
    <motionState vehicle="2" speed="2546" time="4700" acceleration="-1481"/>
    <motionState vehicle="3" speed="2355" time="4700" acceleration="-1064"/>
    <motionState vehicle="4" speed="6364" time="4700" acceleration="13636"/>
    <motionState vehicle="5" speed="2167" time="4700" acceleration="992"/>
    <motionState vehicle="6" speed="2237" time="4700" acceleration="1848"/>
    <motionState vehicle="7" speed="2400" time="4700" acceleration="2471"/>
    <motionState vehicle="8" speed="2625" time="4700" acceleration="2659"/>
    <motionState vehicle="9" speed="2864" time="4700" acceleration="1981"/>
    <motionState vehicle="10" speed="3027" time="4700" acceleration="451"/>
    <motionState vehicle="11" speed="3030" time="4700" acceleration="-1232"/>
    <motionState vehicle="0" speed="2841" time="4710" acceleration="-1976"/>
    <motionState vehicle="1" speed="5730" time="4710" acceleration="9210"/>
    <motionState vehicle="2" speed="2545" time="4710" acceleration="-1482"/>
    <motionState vehicle="3" speed="2354" time="4710" acceleration="-1053"/>
    <motionState vehicle="4" speed="6377" time="4710" acceleration="13636"/>
    <motionState vehicle="5" speed="2168" time="4710" acceleration="997"/>
    <motionState vehicle="6" speed="2239" time="4710" acceleration="1852"/>
    <motionState vehicle="7" speed="2403" time="4710" acceleration="2470"/>
    <motionState vehicle="8" speed="2628" time="4710" acceleration="2650"/>
    <motionState vehicle="9" speed="2866" time="4710" acceleration="1964"/>
    <motionState vehicle="10" speed="3028" time="4710" acceleration="432"/>
    <motionState vehicle="11" speed="3029" time="4710" acceleration="-1245"/>
    <motionState vehicle="0" speed="2839" time="4720" acceleration="-1981"/>
    <motionState vehicle="1" speed="5739" time="4720" acceleration="9226"/>
    <motionState vehicle="2" speed="2543" time="4720" acceleration="-1482"/>
    <motionState vehicle="3" speed="2353" time="4720" acceleration="-1041"/>
    <motionState vehicle="4" speed="6391" time="4720" acceleration="13636"/>
    <motionState vehicle="5" speed="2169" time="4720" acceleration="1002"/>
    <motionState vehicle="6" speed="2241" time="4720" acceleration="1855"/>
    <motionState vehicle="7" speed="2405" time="4720" acceleration="2470"/>
    <motionState vehicle="8" speed="2630" time="4720" acceleration="2641"/>
    <motionState vehicle="9" speed="2868" time="4720" acceleration="1947"/>
    <motionState vehicle="10" speed="3028" time="4720" acceleration="413"/>
    <motionState vehicle="11" speed="3027" time="4720" acceleration="-1257"/>
    <motionState vehicle="0" speed="2837" time="4730" acceleration="-1985"/>
    <motionState vehicle="1" speed="5748" time="4730" acceleration="9241"/>
    <motionState vehicle="2" speed="2542" time="4730" acceleration="-1481"/>
    <motionState vehicle="3" speed="2352" time="4730" acceleration="-1030"/>
    <motionState vehicle="4" speed="6405" time="4730" acceleration="13636"/>
    <motionState vehicle="5" speed="2170" time="4730" acceleration="1007"/>
    <motionState vehicle="6" speed="2242" time="4730" acceleration="1859"/>
    <motionState vehicle="7" speed="2407" time="4730" acceleration="2470"/>
    <motionState vehicle="8" speed="2633" time="4730" acceleration="2633"/>
    <motionState vehicle="9" speed="2870" time="4730" acceleration="1930"/>
    <motionState vehicle="10" speed="3028" time="4730" acceleration="394"/>
    <motionState vehicle="11" speed="3026" time="4730" acceleration="-1269"/>
    <motionState vehicle="0" speed="2835" time="4740" acceleration="-1989"/>
    <motionState vehicle="1" speed="5758" time="4740" acceleration="9257"/>
    <motionState vehicle="2" speed="2540" time="4740" acceleration="-1481"/>
    <motionState vehicle="3" speed="2351" time="4740" acceleration="-1019"/>
    <motionState vehicle="4" speed="6418" time="4740" acceleration="13636"/>
    <motionState vehicle="5" speed="2171" time="4740" acceleration="1013"/>
    <motionState vehicle="6" speed="2244" time="4740" acceleration="1863"/>
    <motionState vehicle="7" speed="2410" time="4740" acceleration="2469"/>
    <motionState vehicle="8" speed="2636" time="4740" acceleration="2624"/>
    <motionState vehicle="9" speed="2872" time="4740" acceleration="1913"/>
    <motionState vehicle="10" speed="3029" time="4740" acceleration="375"/>
    <motionState vehicle="11" speed="3025" time="4740" acceleration="-1282"/>
    <motionState vehicle="0" speed="2833" time="4750" acceleration="-1993"/>
    <motionState vehicle="1" speed="5767" time="4750" acceleration="9273"/>
    <motionState vehicle="2" speed="2539" time="4750" acceleration="-1481"/>
    <motionState vehicle="3" speed="2350" time="4750" acceleration="-1007"/>
    <motionState vehicle="4" speed="6432" time="4750" acceleration="13636"/>
    <motionState vehicle="5" speed="2172" time="4750" acceleration="1018"/>
    <motionState vehicle="6" speed="2246" time="4750" acceleration="1866"/>
    <motionState vehicle="7" speed="2412" time="4750" acceleration="2469"/>
    <motionState vehicle="8" speed="2638" time="4750" acceleration="2615"/>
    <motionState vehicle="9" speed="2874" time="4750" acceleration="1896"/>
    <motionState vehicle="10" speed="3029" time="4750" acceleration="356"/>
    <motionState vehicle="11" speed="3023" time="4750" acceleration="-1294"/>
    <motionState vehicle="0" speed="2831" time="4760" acceleration="-1997"/>
    <motionState vehicle="1" speed="5776" time="4760" acceleration="9288"/>
    <motionState vehicle="2" speed="2537" time="4760" acceleration="-1480"/>
    <motionState vehicle="3" speed="2349" time="4760" acceleration="-996"/>
    <motionState vehicle="4" speed="6446" time="4760" acceleration="13636"/>
    <motionState vehicle="5" speed="2173" time="4760" acceleration="1023"/>
    <motionState vehicle="6" speed="2248" time="4760" acceleration="1870"/>
    <motionState vehicle="7" speed="2415" time="4760" acceleration="2468"/>
    <motionState vehicle="8" speed="2641" time="4760" acceleration="2606"/>
    <motionState vehicle="9" speed="2876" time="4760" acceleration="1879"/>
    <motionState vehicle="10" speed="3030" time="4760" acceleration="337"/>
    <motionState vehicle="11" speed="3022" time="4760" acceleration="-1306"/>
    <motionState vehicle="0" speed="2829" time="4770" acceleration="-2001"/>
    <motionState vehicle="1" speed="5786" time="4770" acceleration="9304"/>
    <motionState vehicle="2" speed="2536" time="4770" acceleration="-1479"/>
    <motionState vehicle="3" speed="2348" time="4770" acceleration="-985"/>
    <motionState vehicle="4" speed="6459" time="4770" acceleration="13636"/>
    <motionState vehicle="5" speed="2174" time="4770" acceleration="1028"/>
    <motionState vehicle="6" speed="2250" time="4770" acceleration="1873"/>
    <motionState vehicle="7" speed="2417" time="4770" acceleration="2467"/>
    <motionState vehicle="8" speed="2643" time="4770" acceleration="2597"/>
    <motionState vehicle="9" speed="2878" time="4770" acceleration="1862"/>
    <motionState vehicle="10" speed="3030" time="4770" acceleration="319"/>
    <motionState vehicle="11" speed="3021" time="4770" acceleration="-1317"/>
    <motionState vehicle="0" speed="2827" time="4780" acceleration="-2005"/>
    <motionState vehicle="1" speed="5795" time="4780" acceleration="9320"/>
    <motionState vehicle="2" speed="2534" time="4780" acceleration="-1478"/>
    <motionState vehicle="3" speed="2347" time="4780" acceleration="-973"/>
    <motionState vehicle="4" speed="6473" time="4780" acceleration="13636"/>
    <motionState vehicle="5" speed="2175" time="4780" acceleration="1034"/>
    <motionState vehicle="6" speed="2252" time="4780" acceleration="1877"/>
    <motionState vehicle="7" speed="2420" time="4780" acceleration="2467"/>
    <motionState vehicle="8" speed="2646" time="4780" acceleration="2588"/>
    <motionState vehicle="9" speed="2879" time="4780" acceleration="1845"/>
    <motionState vehicle="10" speed="3030" time="4780" acceleration="300"/>
    <motionState vehicle="11" speed="3019" time="4780" acceleration="-1329"/>
    <motionState vehicle="0" speed="2825" time="4790" acceleration="-2008"/>
    <motionState vehicle="1" speed="5804" time="4790" acceleration="9336"/>
    <motionState vehicle="2" speed="2533" time="4790" acceleration="-1477"/>
    <motionState vehicle="3" speed="2346" time="4790" acceleration="-962"/>
    <motionState vehicle="4" speed="6487" time="4790" acceleration="13636"/>
    <motionState vehicle="5" speed="2176" time="4790" acceleration="1039"/>
    <motionState vehicle="6" speed="2254" time="4790" acceleration="1881"/>
    <motionState vehicle="7" speed="2422" time="4790" acceleration="2466"/>
    <motionState vehicle="8" speed="2649" time="4790" acceleration="2579"/>
    <motionState vehicle="9" speed="2881" time="4790" acceleration="1827"/>
    <motionState vehicle="10" speed="3030" time="4790" acceleration="281"/>
    <motionState vehicle="11" speed="3018" time="4790" acceleration="-1341"/>
    <motionState vehicle="0" speed="2823" time="4800" acceleration="-2012"/>
    <motionState vehicle="1" speed="5814" time="4800" acceleration="9353"/>
    <motionState vehicle="2" speed="2531" time="4800" acceleration="-1476"/>
    <motionState vehicle="3" speed="2345" time="4800" acceleration="-950"/>
    <motionState vehicle="4" speed="6500" time="4800" acceleration="13636"/>
    <motionState vehicle="5" speed="2177" time="4800" acceleration="1044"/>
    <motionState vehicle="6" speed="2256" time="4800" acceleration="1884"/>
    <motionState vehicle="7" speed="2425" time="4800" acceleration="2465"/>
    <motionState vehicle="8" speed="2651" time="4800" acceleration="2570"/>
    <motionState vehicle="9" speed="2883" time="4800" acceleration="1810"/>
    <motionState vehicle="10" speed="3031" time="4800" acceleration="263"/>
    <motionState vehicle="11" speed="3017" time="4800" acceleration="-1352"/>
    <motionState vehicle="0" speed="2821" time="4810" acceleration="-2015"/>
    <motionState vehicle="1" speed="5823" time="4810" acceleration="9369"/>
    <motionState vehicle="2" speed="2530" time="4810" acceleration="-1475"/>
    <motionState vehicle="3" speed="2344" time="4810" acceleration="-939"/>
    <motionState vehicle="4" speed="6514" time="4810" acceleration="13636"/>
    <motionState vehicle="5" speed="2178" time="4810" acceleration="1050"/>
    <motionState vehicle="6" speed="2257" time="4810" acceleration="1888"/>
    <motionState vehicle="7" speed="2427" time="4810" acceleration="2464"/>
    <motionState vehicle="8" speed="2654" time="4810" acceleration="2561"/>
    <motionState vehicle="9" speed="2885" time="4810" acceleration="1793"/>
    <motionState vehicle="10" speed="3031" time="4810" acceleration="245"/>
    <motionState vehicle="11" speed="3015" time="4810" acceleration="-1364"/>
    <motionState vehicle="0" speed="2819" time="4820" acceleration="-2018"/>
    <motionState vehicle="1" speed="5832" time="4820" acceleration="9385"/>
    <motionState vehicle="2" speed="2528" time="4820" acceleration="-1474"/>
    <motionState vehicle="3" speed="2343" time="4820" acceleration="-927"/>
    <motionState vehicle="4" speed="6527" time="4820" acceleration="13636"/>
    <motionState vehicle="5" speed="2179" time="4820" acceleration="1055"/>
    <motionState vehicle="6" speed="2259" time="4820" acceleration="1891"/>
    <motionState vehicle="7" speed="2430" time="4820" acceleration="2463"/>
    <motionState vehicle="8" speed="2656" time="4820" acceleration="2552"/>
    <motionState vehicle="9" speed="2887" time="4820" acceleration="1776"/>
    <motionState vehicle="10" speed="3031" time="4820" acceleration="226"/>
    <motionState vehicle="11" speed="3014" time="4820" acceleration="-1375"/>
    <motionState vehicle="0" speed="2817" time="4830" acceleration="-2021"/>
    <motionState vehicle="1" speed="5842" time="4830" acceleration="9402"/>
    <motionState vehicle="2" speed="2527" time="4830" acceleration="-1472"/>
    <motionState vehicle="3" speed="2342" time="4830" acceleration="-916"/>
    <motionState vehicle="4" speed="6541" time="4830" acceleration="13636"/>
    <motionState vehicle="5" speed="2180" time="4830" acceleration="1060"/>
    <motionState vehicle="6" speed="2261" time="4830" acceleration="1895"/>
    <motionState vehicle="7" speed="2432" time="4830" acceleration="2462"/>
    <motionState vehicle="8" speed="2659" time="4830" acceleration="2542"/>
    <motionState vehicle="9" speed="2888" time="4830" acceleration="1759"/>
    <motionState vehicle="10" speed="3031" time="4830" acceleration="208"/>
    <motionState vehicle="11" speed="3013" time="4830" acceleration="-1386"/>
    <motionState vehicle="0" speed="2815" time="4840" acceleration="-2024"/>
    <motionState vehicle="1" speed="5851" time="4840" acceleration="9419"/>
    <motionState vehicle="2" speed="2526" time="4840" acceleration="-1471"/>
    <motionState vehicle="3" speed="2341" time="4840" acceleration="-904"/>
    <motionState vehicle="4" speed="6555" time="4840" acceleration="13636"/>
    <motionState vehicle="5" speed="2181" time="4840" acceleration="1066"/>
    <motionState vehicle="6" speed="2263" time="4840" acceleration="1898"/>
    <motionState vehicle="7" speed="2435" time="4840" acceleration="2461"/>
    <motionState vehicle="8" speed="2661" time="4840" acceleration="2533"/>
    <motionState vehicle="9" speed="2890" time="4840" acceleration="1742"/>
    <motionState vehicle="10" speed="3032" time="4840" acceleration="190"/>
    <motionState vehicle="11" speed="3011" time="4840" acceleration="-1397"/>
    <motionState vehicle="0" speed="2813" time="4850" acceleration="-2027"/>
    <motionState vehicle="1" speed="5861" time="4850" acceleration="9435"/>
    <motionState vehicle="2" speed="2524" time="4850" acceleration="-1469"/>
    <motionState vehicle="3" speed="2340" time="4850" acceleration="-892"/>
    <motionState vehicle="4" speed="6568" time="4850" acceleration="13636"/>
    <motionState vehicle="5" speed="2182" time="4850" acceleration="1071"/>
    <motionState vehicle="6" speed="2265" time="4850" acceleration="1902"/>
    <motionState vehicle="7" speed="2437" time="4850" acceleration="2460"/>
    <motionState vehicle="8" speed="2664" time="4850" acceleration="2524"/>
    <motionState vehicle="9" speed="2892" time="4850" acceleration="1725"/>
    <motionState vehicle="10" speed="3032" time="4850" acceleration="172"/>
    <motionState vehicle="11" speed="3010" time="4850" acceleration="-1408"/>
    <motionState vehicle="0" speed="2810" time="4860" acceleration="-2030"/>
    <motionState vehicle="1" speed="5870" time="4860" acceleration="9452"/>
    <motionState vehicle="2" speed="2523" time="4860" acceleration="-1467"/>
    <motionState vehicle="3" speed="2339" time="4860" acceleration="-881"/>
    <motionState vehicle="4" speed="6582" time="4860" acceleration="13636"/>
    <motionState vehicle="5" speed="2183" time="4860" acceleration="1076"/>
    <motionState vehicle="6" speed="2267" time="4860" acceleration="1905"/>
    <motionState vehicle="7" speed="2440" time="4860" acceleration="2459"/>
    <motionState vehicle="8" speed="2666" time="4860" acceleration="2514"/>
    <motionState vehicle="9" speed="2893" time="4860" acceleration="1708"/>
    <motionState vehicle="10" speed="3032" time="4860" acceleration="154"/>
    <motionState vehicle="11" speed="3008" time="4860" acceleration="-1418"/>
    <motionState vehicle="0" speed="2808" time="4870" acceleration="-2032"/>
    <motionState vehicle="1" speed="5880" time="4870" acceleration="9469"/>
    <motionState vehicle="2" speed="2521" time="4870" acceleration="-1465"/>
    <motionState vehicle="3" speed="2339" time="4870" acceleration="-869"/>
    <motionState vehicle="4" speed="6596" time="4870" acceleration="13636"/>
    <motionState vehicle="5" speed="2184" time="4870" acceleration="1082"/>
    <motionState vehicle="6" speed="2269" time="4870" acceleration="1909"/>
    <motionState vehicle="7" speed="2442" time="4870" acceleration="2458"/>
    <motionState vehicle="8" speed="2669" time="4870" acceleration="2505"/>
    <motionState vehicle="9" speed="2895" time="4870" acceleration="1691"/>
    <motionState vehicle="10" speed="3032" time="4870" acceleration="136"/>
    <motionState vehicle="11" speed="3007" time="4870" acceleration="-1429"/>
    <motionState vehicle="0" speed="2806" time="4880" acceleration="-2035"/>
    <motionState vehicle="1" speed="5889" time="4880" acceleration="9486"/>
    <motionState vehicle="2" speed="2520" time="4880" acceleration="-1463"/>
    <motionState vehicle="3" speed="2338" time="4880" acceleration="-858"/>
    <motionState vehicle="4" speed="6609" time="4880" acceleration="13636"/>
    <motionState vehicle="5" speed="2185" time="4880" acceleration="1087"/>
    <motionState vehicle="6" speed="2271" time="4880" acceleration="1912"/>
    <motionState vehicle="7" speed="2444" time="4880" acceleration="2456"/>
    <motionState vehicle="8" speed="2671" time="4880" acceleration="2495"/>
    <motionState vehicle="9" speed="2897" time="4880" acceleration="1674"/>
    <motionState vehicle="10" speed="3032" time="4880" acceleration="119"/>
    <motionState vehicle="11" speed="3006" time="4880" acceleration="-1440"/>
    <motionState vehicle="0" speed="2804" time="4890" acceleration="-2037"/>
    <motionState vehicle="1" speed="5899" time="4890" acceleration="9503"/>
    <motionState vehicle="2" speed="2518" time="4890" acceleration="-1460"/>
    <motionState vehicle="3" speed="2337" time="4890" acceleration="-846"/>
    <motionState vehicle="4" speed="6623" time="4890" acceleration="13636"/>
    <motionState vehicle="5" speed="2186" time="4890" acceleration="1092"/>
    <motionState vehicle="6" speed="2273" time="4890" acceleration="1915"/>
    <motionState vehicle="7" speed="2447" time="4890" acceleration="2455"/>
    <motionState vehicle="8" speed="2674" time="4890" acceleration="2485"/>
    <motionState vehicle="9" speed="2899" time="4890" acceleration="1657"/>
    <motionState vehicle="10" speed="3032" time="4890" acceleration="101"/>
    <motionState vehicle="11" speed="3004" time="4890" acceleration="-1450"/>
    <motionState vehicle="0" speed="2802" time="4900" acceleration="-2040"/>
    <motionState vehicle="1" speed="5908" time="4900" acceleration="9520"/>
    <motionState vehicle="2" speed="2517" time="4900" acceleration="-1458"/>
    <motionState vehicle="3" speed="2336" time="4900" acceleration="-834"/>
    <motionState vehicle="4" speed="6637" time="4900" acceleration="13636"/>
    <motionState vehicle="5" speed="2188" time="4900" acceleration="1098"/>
    <motionState vehicle="6" speed="2275" time="4900" acceleration="1919"/>
    <motionState vehicle="7" speed="2449" time="4900" acceleration="2454"/>
    <motionState vehicle="8" speed="2676" time="4900" acceleration="2476"/>
    <motionState vehicle="9" speed="2900" time="4900" acceleration="1640"/>
    <motionState vehicle="10" speed="3032" time="4900" acceleration="83"/>
    <motionState vehicle="11" speed="3003" time="4900" acceleration="-1460"/>
    <motionState vehicle="0" speed="2800" time="4910" acceleration="-2042"/>
    <motionState vehicle="1" speed="5918" time="4910" acceleration="9537"/>
    <motionState vehicle="2" speed="2515" time="4910" acceleration="-1456"/>
    <motionState vehicle="3" speed="2335" time="4910" acceleration="-823"/>
    <motionState vehicle="4" speed="6650" time="4910" acceleration="13636"/>
    <motionState vehicle="5" speed="2189" time="4910" acceleration="1103"/>
    <motionState vehicle="6" speed="2277" time="4910" acceleration="1922"/>
    <motionState vehicle="7" speed="2452" time="4910" acceleration="2452"/>
    <motionState vehicle="8" speed="2679" time="4910" acceleration="2466"/>
    <motionState vehicle="9" speed="2902" time="4910" acceleration="1623"/>
    <motionState vehicle="10" speed="3032" time="4910" acceleration="66"/>
    <motionState vehicle="11" speed="3001" time="4910" acceleration="-1471"/>
    <motionState vehicle="0" speed="2798" time="4920" acceleration="-2044"/>
    <motionState vehicle="1" speed="5927" time="4920" acceleration="9554"/>
    <motionState vehicle="2" speed="2514" time="4920" acceleration="-1453"/>
    <motionState vehicle="3" speed="2334" time="4920" acceleration="-811"/>
    <motionState vehicle="4" speed="6664" time="4920" acceleration="13636"/>
    <motionState vehicle="5" speed="2190" time="4920" acceleration="1109"/>
    <motionState vehicle="6" speed="2278" time="4920" acceleration="1925"/>
    <motionState vehicle="7" speed="2454" time="4920" acceleration="2451"/>
    <motionState vehicle="8" speed="2681" time="4920" acceleration="2456"/>
    <motionState vehicle="9" speed="2903" time="4920" acceleration="1606"/>
    <motionState vehicle="10" speed="3032" time="4920" acceleration="48"/>
    <motionState vehicle="11" speed="3000" time="4920" acceleration="-1481"/>
    <motionState vehicle="0" speed="2796" time="4930" acceleration="-2046"/>
    <motionState vehicle="1" speed="5937" time="4930" acceleration="9571"/>
    <motionState vehicle="2" speed="2512" time="4930" acceleration="-1450"/>
    <motionState vehicle="3" speed="2334" time="4930" acceleration="-799"/>
    <motionState vehicle="4" speed="6677" time="4930" acceleration="13636"/>
    <motionState vehicle="5" speed="2191" time="4930" acceleration="1114"/>
    <motionState vehicle="6" speed="2280" time="4930" acceleration="1928"/>
    <motionState vehicle="7" speed="2457" time="4930" acceleration="2449"/>
    <motionState vehicle="8" speed="2684" time="4930" acceleration="2446"/>
    <motionState vehicle="9" speed="2905" time="4930" acceleration="1589"/>
    <motionState vehicle="10" speed="3032" time="4930" acceleration="31"/>
    <motionState vehicle="11" speed="2998" time="4930" acceleration="-1491"/>
    <motionState vehicle="0" speed="2794" time="4940" acceleration="-2047"/>
    <motionState vehicle="1" speed="5946" time="4940" acceleration="9589"/>
    <motionState vehicle="2" speed="2511" time="4940" acceleration="-1447"/>
    <motionState vehicle="3" speed="2333" time="4940" acceleration="-788"/>
    <motionState vehicle="4" speed="6691" time="4940" acceleration="13636"/>
    <motionState vehicle="5" speed="2192" time="4940" acceleration="1119"/>
    <motionState vehicle="6" speed="2282" time="4940" acceleration="1932"/>
    <motionState vehicle="7" speed="2459" time="4940" acceleration="2447"/>
    <motionState vehicle="8" speed="2686" time="4940" acceleration="2436"/>
    <motionState vehicle="9" speed="2907" time="4940" acceleration="1572"/>
    <motionState vehicle="10" speed="3032" time="4940" acceleration="14"/>
    <motionState vehicle="11" speed="2997" time="4940" acceleration="-1500"/>
    <motionState vehicle="0" speed="2792" time="4950" acceleration="-2049"/>
    <motionState vehicle="1" speed="5956" time="4950" acceleration="9606"/>
    <motionState vehicle="2" speed="2509" time="4950" acceleration="-1444"/>
    <motionState vehicle="3" speed="2332" time="4950" acceleration="-776"/>
    <motionState vehicle="4" speed="6705" time="4950" acceleration="13636"/>
    <motionState vehicle="5" speed="2193" time="4950" acceleration="1125"/>
    <motionState vehicle="6" speed="2284" time="4950" acceleration="1935"/>
    <motionState vehicle="7" speed="2462" time="4950" acceleration="2446"/>
    <motionState vehicle="8" speed="2689" time="4950" acceleration="2426"/>
    <motionState vehicle="9" speed="2908" time="4950" acceleration="1555"/>
    <motionState vehicle="10" speed="3032" time="4950" acceleration="-2"/>
    <motionState vehicle="11" speed="2995" time="4950" acceleration="-1510"/>
    <motionState vehicle="0" speed="2790" time="4960" acceleration="-2051"/>
    <motionState vehicle="1" speed="5966" time="4960" acceleration="9623"/>
    <motionState vehicle="2" speed="2508" time="4960" acceleration="-1441"/>
    <motionState vehicle="3" speed="2331" time="4960" acceleration="-764"/>
    <motionState vehicle="4" speed="6718" time="4960" acceleration="13636"/>
    <motionState vehicle="5" speed="2194" time="4960" acceleration="1130"/>
    <motionState vehicle="6" speed="2286" time="4960" acceleration="1938"/>
    <motionState vehicle="7" speed="2464" time="4960" acceleration="2444"/>
    <motionState vehicle="8" speed="2691" time="4960" acceleration="2416"/>
    <motionState vehicle="9" speed="2910" time="4960" acceleration="1538"/>
    <motionState vehicle="10" speed="3032" time="4960" acceleration="-19"/>
    <motionState vehicle="11" speed="2994" time="4960" acceleration="-1520"/>
    <motionState vehicle="0" speed="2788" time="4970" acceleration="-2052"/>
    <motionState vehicle="1" speed="5975" time="4970" acceleration="9641"/>
    <motionState vehicle="2" speed="2507" time="4970" acceleration="-1438"/>
    <motionState vehicle="3" speed="2330" time="4970" acceleration="-752"/>
    <motionState vehicle="4" speed="6732" time="4970" acceleration="13636"/>
    <motionState vehicle="5" speed="2195" time="4970" acceleration="1136"/>
    <motionState vehicle="6" speed="2288" time="4970" acceleration="1941"/>
    <motionState vehicle="7" speed="2466" time="4970" acceleration="2442"/>
    <motionState vehicle="8" speed="2693" time="4970" acceleration="2406"/>
    <motionState vehicle="9" speed="2911" time="4970" acceleration="1521"/>
    <motionState vehicle="10" speed="3032" time="4970" acceleration="-36"/>
    <motionState vehicle="11" speed="2992" time="4970" acceleration="-1529"/>
    <motionState vehicle="0" speed="2786" time="4980" acceleration="-2053"/>
    <motionState vehicle="1" speed="5985" time="4980" acceleration="9658"/>
    <motionState vehicle="2" speed="2505" time="4980" acceleration="-1435"/>
    <motionState vehicle="3" speed="2330" time="4980" acceleration="-741"/>
    <motionState vehicle="4" speed="6746" time="4980" acceleration="13636"/>
    <motionState vehicle="5" speed="2196" time="4980" acceleration="1141"/>
    <motionState vehicle="6" speed="2290" time="4980" acceleration="1944"/>
    <motionState vehicle="7" speed="2469" time="4980" acceleration="2440"/>
    <motionState vehicle="8" speed="2696" time="4980" acceleration="2396"/>
    <motionState vehicle="9" speed="2913" time="4980" acceleration="1504"/>
    <motionState vehicle="10" speed="3032" time="4980" acceleration="-53"/>
    <motionState vehicle="11" speed="2991" time="4980" acceleration="-1539"/>
    <motionState vehicle="0" speed="2784" time="4990" acceleration="-2055"/>
    <motionState vehicle="1" speed="5994" time="4990" acceleration="9676"/>
    <motionState vehicle="2" speed="2504" time="4990" acceleration="-1431"/>
    <motionState vehicle="3" speed="2329" time="4990" acceleration="-729"/>
    <motionState vehicle="4" speed="6759" time="4990" acceleration="13636"/>
    <motionState vehicle="5" speed="2198" time="4990" acceleration="1147"/>
    <motionState vehicle="6" speed="2292" time="4990" acceleration="1947"/>
    <motionState vehicle="7" speed="2471" time="4990" acceleration="2438"/>
    <motionState vehicle="8" speed="2698" time="4990" acceleration="2386"/>
    <motionState vehicle="9" speed="2914" time="4990" acceleration="1487"/>
    <motionState vehicle="10" speed="3032" time="4990" acceleration="-70"/>
    <motionState vehicle="11" speed="2989" time="4990" acceleration="-1548"/>
    <motionState vehicle="0" speed="2782" time="5000" acceleration="-2056"/>
    <motionState vehicle="1" speed="6004" time="5000" acceleration="9693"/>
    <motionState vehicle="2" speed="2502" time="5000" acceleration="-1428"/>
    <motionState vehicle="3" speed="2328" time="5000" acceleration="-717"/>
    <motionState vehicle="4" speed="6773" time="5000" acceleration="13636"/>
    <motionState vehicle="5" speed="2199" time="5000" acceleration="1152"/>
    <motionState vehicle="6" speed="2294" time="5000" acceleration="1950"/>
    <motionState vehicle="7" speed="2474" time="5000" acceleration="2436"/>
    <motionState vehicle="8" speed="2701" time="5000" acceleration="2376"/>
    <motionState vehicle="9" speed="2916" time="5000" acceleration="1470"/>
    <motionState vehicle="10" speed="3032" time="5000" acceleration="-87"/>
    <motionState vehicle="11" speed="2987" time="5000" acceleration="-1557"/>
    <motionState vehicle="0" speed="2780" time="5010" acceleration="-2057"/>
    <motionState vehicle="1" speed="6014" time="5010" acceleration="9711"/>
    <motionState vehicle="2" speed="2501" time="5010" acceleration="-1424"/>
    <motionState vehicle="3" speed="2328" time="5010" acceleration="-705"/>
    <motionState vehicle="4" speed="6787" time="5010" acceleration="13636"/>
    <motionState vehicle="5" speed="2200" time="5010" acceleration="1157"/>
    <motionState vehicle="6" speed="2296" time="5010" acceleration="1954"/>
    <motionState vehicle="7" speed="2476" time="5010" acceleration="2434"/>
    <motionState vehicle="8" speed="2703" time="5010" acceleration="2365"/>
    <motionState vehicle="9" speed="2917" time="5010" acceleration="1453"/>
    <motionState vehicle="10" speed="3032" time="5010" acceleration="-103"/>
    <motionState vehicle="11" speed="2986" time="5010" acceleration="-1566"/>
    <motionState vehicle="0" speed="2778" time="5020" acceleration="-2058"/>
    <motionState vehicle="1" speed="6024" time="5020" acceleration="9729"/>
    <motionState vehicle="2" speed="2499" time="5020" acceleration="-1421"/>
    <motionState vehicle="3" speed="2327" time="5020" acceleration="-694"/>
    <motionState vehicle="4" speed="6800" time="5020" acceleration="13636"/>
    <motionState vehicle="5" speed="2201" time="5020" acceleration="1163"/>
    <motionState vehicle="6" speed="2298" time="5020" acceleration="1957"/>
    <motionState vehicle="7" speed="2479" time="5020" acceleration="2432"/>
    <motionState vehicle="8" speed="2705" time="5020" acceleration="2355"/>
    <motionState vehicle="9" speed="2919" time="5020" acceleration="1436"/>
    <motionState vehicle="10" speed="3032" time="5020" acceleration="-120"/>
    <motionState vehicle="11" speed="2984" time="5020" acceleration="-1575"/>
    <motionState vehicle="0" speed="2776" time="5030" acceleration="-2058"/>
    <motionState vehicle="1" speed="6033" time="5030" acceleration="9746"/>
    <motionState vehicle="2" speed="2498" time="5030" acceleration="-1417"/>
    <motionState vehicle="3" speed="2326" time="5030" acceleration="-682"/>
    <motionState vehicle="4" speed="6814" time="5030" acceleration="13636"/>
    <motionState vehicle="5" speed="2202" time="5030" acceleration="1168"/>
    <motionState vehicle="6" speed="2300" time="5030" acceleration="1959"/>
    <motionState vehicle="7" speed="2481" time="5030" acceleration="2430"/>
    <motionState vehicle="8" speed="2708" time="5030" acceleration="2345"/>
    <motionState vehicle="9" speed="2920" time="5030" acceleration="1419"/>
    <motionState vehicle="10" speed="3032" time="5030" acceleration="-136"/>
    <motionState vehicle="11" speed="2983" time="5030" acceleration="-1584"/>
    <motionState vehicle="0" speed="2774" time="5040" acceleration="-2059"/>
    <motionState vehicle="1" speed="6043" time="5040" acceleration="9764"/>
    <motionState vehicle="2" speed="2497" time="5040" acceleration="-1413"/>
    <motionState vehicle="3" speed="2326" time="5040" acceleration="-670"/>
    <motionState vehicle="4" speed="6827" time="5040" acceleration="13636"/>
    <motionState vehicle="5" speed="2203" time="5040" acceleration="1174"/>
    <motionState vehicle="6" speed="2302" time="5040" acceleration="1962"/>
    <motionState vehicle="7" speed="2484" time="5040" acceleration="2427"/>
    <motionState vehicle="8" speed="2710" time="5040" acceleration="2334"/>
    <motionState vehicle="9" speed="2921" time="5040" acceleration="1402"/>
    <motionState vehicle="10" speed="3032" time="5040" acceleration="-153"/>
    <motionState vehicle="11" speed="2981" time="5040" acceleration="-1593"/>
    <motionState vehicle="0" speed="2772" time="5050" acceleration="-2060"/>
    <motionState vehicle="1" speed="6053" time="5050" acceleration="9782"/>
    <motionState vehicle="2" speed="2495" time="5050" acceleration="-1409"/>
    <motionState vehicle="3" speed="2325" time="5050" acceleration="-658"/>
    <motionState vehicle="4" speed="6841" time="5050" acceleration="13636"/>
    <motionState vehicle="5" speed="2205" time="5050" acceleration="1179"/>
    <motionState vehicle="6" speed="2304" time="5050" acceleration="1965"/>
    <motionState vehicle="7" speed="2486" time="5050" acceleration="2425"/>
    <motionState vehicle="8" speed="2712" time="5050" acceleration="2324"/>
    <motionState vehicle="9" speed="2923" time="5050" acceleration="1385"/>
    <motionState vehicle="10" speed="3032" time="5050" acceleration="-169"/>
    <motionState vehicle="11" speed="2980" time="5050" acceleration="-1601"/>
    <motionState vehicle="0" speed="2769" time="5060" acceleration="-2060"/>
    <motionState vehicle="1" speed="6063" time="5060" acceleration="9800"/>
    <motionState vehicle="2" speed="2494" time="5060" acceleration="-1405"/>
    <motionState vehicle="3" speed="2324" time="5060" acceleration="-647"/>
    <motionState vehicle="4" speed="6855" time="5060" acceleration="13636"/>
    <motionState vehicle="5" speed="2206" time="5060" acceleration="1185"/>
    <motionState vehicle="6" speed="2306" time="5060" acceleration="1968"/>
    <motionState vehicle="7" speed="2488" time="5060" acceleration="2423"/>
    <motionState vehicle="8" speed="2715" time="5060" acceleration="2313"/>
    <motionState vehicle="9" speed="2924" time="5060" acceleration="1368"/>
    <motionState vehicle="10" speed="3031" time="5060" acceleration="-185"/>
    <motionState vehicle="11" speed="2978" time="5060" acceleration="-1610"/>
    <motionState vehicle="0" speed="2767" time="5070" acceleration="-2061"/>
    <motionState vehicle="1" speed="6073" time="5070" acceleration="9817"/>
    <motionState vehicle="2" speed="2492" time="5070" acceleration="-1400"/>
    <motionState vehicle="3" speed="2324" time="5070" acceleration="-635"/>
    <motionState vehicle="4" speed="6868" time="5070" acceleration="13636"/>
    <motionState vehicle="5" speed="2207" time="5070" acceleration="1190"/>
    <motionState vehicle="6" speed="2308" time="5070" acceleration="1971"/>
    <motionState vehicle="7" speed="2491" time="5070" acceleration="2420"/>
    <motionState vehicle="8" speed="2717" time="5070" acceleration="2303"/>
    <motionState vehicle="9" speed="2925" time="5070" acceleration="1352"/>
    <motionState vehicle="10" speed="3031" time="5070" acceleration="-201"/>
    <motionState vehicle="11" speed="2976" time="5070" acceleration="-1618"/>
    <motionState vehicle="0" speed="2765" time="5080" acceleration="-2061"/>
    <motionState vehicle="1" speed="6082" time="5080" acceleration="9835"/>
    <motionState vehicle="2" speed="2491" time="5080" acceleration="-1396"/>
    <motionState vehicle="3" speed="2323" time="5080" acceleration="-623"/>
    <motionState vehicle="4" speed="6882" time="5080" acceleration="13636"/>
    <motionState vehicle="5" speed="2208" time="5080" acceleration="1196"/>
    <motionState vehicle="6" speed="2310" time="5080" acceleration="1974"/>
    <motionState vehicle="7" speed="2493" time="5080" acceleration="2418"/>
    <motionState vehicle="8" speed="2719" time="5080" acceleration="2292"/>
    <motionState vehicle="9" speed="2927" time="5080" acceleration="1335"/>
    <motionState vehicle="10" speed="3031" time="5080" acceleration="-217"/>
    <motionState vehicle="11" speed="2975" time="5080" acceleration="-1627"/>
    <motionState vehicle="0" speed="2763" time="5090" acceleration="-2061"/>
    <motionState vehicle="1" speed="6092" time="5090" acceleration="9853"/>
    <motionState vehicle="2" speed="2490" time="5090" acceleration="-1391"/>
    <motionState vehicle="3" speed="2322" time="5090" acceleration="-611"/>
    <motionState vehicle="4" speed="6896" time="5090" acceleration="13636"/>
    <motionState vehicle="5" speed="2209" time="5090" acceleration="1201"/>
    <motionState vehicle="6" speed="2312" time="5090" acceleration="1977"/>
    <motionState vehicle="7" speed="2496" time="5090" acceleration="2415"/>
    <motionState vehicle="8" speed="2721" time="5090" acceleration="2281"/>
    <motionState vehicle="9" speed="2928" time="5090" acceleration="1318"/>
    <motionState vehicle="10" speed="3031" time="5090" acceleration="-233"/>
    <motionState vehicle="11" speed="2973" time="5090" acceleration="-1635"/>
    <motionState vehicle="0" speed="2761" time="5100" acceleration="-2061"/>
    <motionState vehicle="1" speed="6102" time="5100" acceleration="9871"/>
    <motionState vehicle="2" speed="2488" time="5100" acceleration="-1387"/>
    <motionState vehicle="3" speed="2322" time="5100" acceleration="-599"/>
    <motionState vehicle="4" speed="6909" time="5100" acceleration="13636"/>
    <motionState vehicle="5" speed="2211" time="5100" acceleration="1206"/>
    <motionState vehicle="6" speed="2314" time="5100" acceleration="1979"/>
    <motionState vehicle="7" speed="2498" time="5100" acceleration="2413"/>
    <motionState vehicle="8" speed="2724" time="5100" acceleration="2271"/>
    <motionState vehicle="9" speed="2929" time="5100" acceleration="1301"/>
    <motionState vehicle="10" speed="3030" time="5100" acceleration="-249"/>
    <motionState vehicle="11" speed="2971" time="5100" acceleration="-1643"/>
    <motionState vehicle="0" speed="2759" time="5110" acceleration="-2061"/>
    <motionState vehicle="1" speed="6112" time="5110" acceleration="9889"/>
    <motionState vehicle="2" speed="2487" time="5110" acceleration="-1382"/>
    <motionState vehicle="3" speed="2321" time="5110" acceleration="-588"/>
    <motionState vehicle="4" speed="6923" time="5110" acceleration="13636"/>
    <motionState vehicle="5" speed="2212" time="5110" acceleration="1212"/>
    <motionState vehicle="6" speed="2316" time="5110" acceleration="1982"/>
    <motionState vehicle="7" speed="2500" time="5110" acceleration="2410"/>
    <motionState vehicle="8" speed="2726" time="5110" acceleration="2260"/>
    <motionState vehicle="9" speed="2931" time="5110" acceleration="1284"/>
    <motionState vehicle="10" speed="3030" time="5110" acceleration="-265"/>
    <motionState vehicle="11" speed="2970" time="5110" acceleration="-1651"/>
    <motionState vehicle="0" speed="2757" time="5120" acceleration="-2061"/>
    <motionState vehicle="1" speed="6122" time="5120" acceleration="9907"/>
    <motionState vehicle="2" speed="2485" time="5120" acceleration="-1378"/>
    <motionState vehicle="3" speed="2321" time="5120" acceleration="-576"/>
    <motionState vehicle="4" speed="6937" time="5120" acceleration="13636"/>
    <motionState vehicle="5" speed="2213" time="5120" acceleration="1217"/>
    <motionState vehicle="6" speed="2318" time="5120" acceleration="1985"/>
    <motionState vehicle="7" speed="2503" time="5120" acceleration="2407"/>
    <motionState vehicle="8" speed="2728" time="5120" acceleration="2249"/>
    <motionState vehicle="9" speed="2932" time="5120" acceleration="1268"/>
    <motionState vehicle="10" speed="3030" time="5120" acceleration="-281"/>
    <motionState vehicle="11" speed="2968" time="5120" acceleration="-1659"/>
    <motionState vehicle="0" speed="2755" time="5130" acceleration="-2061"/>
    <motionState vehicle="1" speed="6132" time="5130" acceleration="9925"/>
    <motionState vehicle="2" speed="2484" time="5130" acceleration="-1373"/>
    <motionState vehicle="3" speed="2320" time="5130" acceleration="-564"/>
    <motionState vehicle="4" speed="6950" time="5130" acceleration="13636"/>
    <motionState vehicle="5" speed="2214" time="5130" acceleration="1223"/>
    <motionState vehicle="6" speed="2320" time="5130" acceleration="1987"/>
    <motionState vehicle="7" speed="2505" time="5130" acceleration="2404"/>
    <motionState vehicle="8" speed="2730" time="5130" acceleration="2238"/>
    <motionState vehicle="9" speed="2933" time="5130" acceleration="1251"/>
    <motionState vehicle="10" speed="3030" time="5130" acceleration="-296"/>
    <motionState vehicle="11" speed="2966" time="5130" acceleration="-1666"/>
    <motionState vehicle="0" speed="2753" time="5140" acceleration="-2060"/>
    <motionState vehicle="1" speed="6142" time="5140" acceleration="9942"/>
    <motionState vehicle="2" speed="2483" time="5140" acceleration="-1368"/>
    <motionState vehicle="3" speed="2319" time="5140" acceleration="-552"/>
    <motionState vehicle="4" speed="6964" time="5140" acceleration="13636"/>
    <motionState vehicle="5" speed="2215" time="5140" acceleration="1228"/>
    <motionState vehicle="6" speed="2322" time="5140" acceleration="1990"/>
    <motionState vehicle="7" speed="2508" time="5140" acceleration="2401"/>
    <motionState vehicle="8" speed="2733" time="5140" acceleration="2227"/>
    <motionState vehicle="9" speed="2934" time="5140" acceleration="1234"/>
    <motionState vehicle="10" speed="3029" time="5140" acceleration="-312"/>
    <motionState vehicle="11" speed="2965" time="5140" acceleration="-1674"/>
    <motionState vehicle="0" speed="2751" time="5150" acceleration="-2060"/>
    <motionState vehicle="1" speed="6152" time="5150" acceleration="9960"/>
    <motionState vehicle="2" speed="2481" time="5150" acceleration="-1363"/>
    <motionState vehicle="3" speed="2319" time="5150" acceleration="-541"/>
    <motionState vehicle="4" speed="6977" time="5150" acceleration="13636"/>
    <motionState vehicle="5" speed="2217" time="5150" acceleration="1233"/>
    <motionState vehicle="6" speed="2324" time="5150" acceleration="1993"/>
    <motionState vehicle="7" speed="2510" time="5150" acceleration="2398"/>
    <motionState vehicle="8" speed="2735" time="5150" acceleration="2216"/>
    <motionState vehicle="9" speed="2936" time="5150" acceleration="1218"/>
    <motionState vehicle="10" speed="3029" time="5150" acceleration="-327"/>
    <motionState vehicle="11" speed="2963" time="5150" acceleration="-1682"/>
    <motionState vehicle="0" speed="2749" time="5160" acceleration="-2059"/>
    <motionState vehicle="1" speed="6162" time="5160" acceleration="9978"/>
    <motionState vehicle="2" speed="2480" time="5160" acceleration="-1358"/>
    <motionState vehicle="3" speed="2318" time="5160" acceleration="-529"/>
    <motionState vehicle="4" speed="6991" time="5160" acceleration="13636"/>
    <motionState vehicle="5" speed="2218" time="5160" acceleration="1239"/>
    <motionState vehicle="6" speed="2326" time="5160" acceleration="1995"/>
    <motionState vehicle="7" speed="2512" time="5160" acceleration="2395"/>
    <motionState vehicle="8" speed="2737" time="5160" acceleration="2206"/>
    <motionState vehicle="9" speed="2937" time="5160" acceleration="1201"/>
    <motionState vehicle="10" speed="3029" time="5160" acceleration="-342"/>
    <motionState vehicle="11" speed="2961" time="5160" acceleration="-1689"/>
    <motionState vehicle="0" speed="2747" time="5170" acceleration="-2058"/>
    <motionState vehicle="1" speed="6172" time="5170" acceleration="9996"/>
    <motionState vehicle="2" speed="2479" time="5170" acceleration="-1352"/>
    <motionState vehicle="3" speed="2318" time="5170" acceleration="-517"/>
    <motionState vehicle="4" speed="7005" time="5170" acceleration="13636"/>
    <motionState vehicle="5" speed="2219" time="5170" acceleration="1244"/>
    <motionState vehicle="6" speed="2328" time="5170" acceleration="1998"/>
    <motionState vehicle="7" speed="2515" time="5170" acceleration="2392"/>
    <motionState vehicle="8" speed="2739" time="5170" acceleration="2194"/>
    <motionState vehicle="9" speed="2938" time="5170" acceleration="1184"/>
    <motionState vehicle="10" speed="3028" time="5170" acceleration="-358"/>
    <motionState vehicle="11" speed="2960" time="5170" acceleration="-1696"/>
    <motionState vehicle="0" speed="2745" time="5180" acceleration="-2058"/>
    <motionState vehicle="1" speed="6182" time="5180" acceleration="10014"/>
    <motionState vehicle="2" speed="2477" time="5180" acceleration="-1347"/>
    <motionState vehicle="3" speed="2317" time="5180" acceleration="-505"/>
    <motionState vehicle="4" speed="7018" time="5180" acceleration="13636"/>
    <motionState vehicle="5" speed="2220" time="5180" acceleration="1250"/>
    <motionState vehicle="6" speed="2330" time="5180" acceleration="2000"/>
    <motionState vehicle="7" speed="2517" time="5180" acceleration="2389"/>
    <motionState vehicle="8" speed="2741" time="5180" acceleration="2183"/>
    <motionState vehicle="9" speed="2939" time="5180" acceleration="1168"/>
    <motionState vehicle="10" speed="3028" time="5180" acceleration="-373"/>
    <motionState vehicle="11" speed="2958" time="5180" acceleration="-1704"/>
    <motionState vehicle="0" speed="2743" time="5190" acceleration="-2057"/>
    <motionState vehicle="1" speed="6192" time="5190" acceleration="10032"/>
    <motionState vehicle="2" speed="2476" time="5190" acceleration="-1342"/>
    <motionState vehicle="3" speed="2317" time="5190" acceleration="-494"/>
    <motionState vehicle="4" speed="7032" time="5190" acceleration="13636"/>
    <motionState vehicle="5" speed="2222" time="5190" acceleration="1255"/>
    <motionState vehicle="6" speed="2332" time="5190" acceleration="2002"/>
    <motionState vehicle="7" speed="2520" time="5190" acceleration="2386"/>
    <motionState vehicle="8" speed="2744" time="5190" acceleration="2172"/>
    <motionState vehicle="9" speed="2940" time="5190" acceleration="1151"/>
    <motionState vehicle="10" speed="3027" time="5190" acceleration="-388"/>
    <motionState vehicle="11" speed="2956" time="5190" acceleration="-1711"/>
    <motionState vehicle="0" speed="2741" time="5200" acceleration="-2056"/>
    <motionState vehicle="1" speed="6202" time="5200" acceleration="10050"/>
    <motionState vehicle="2" speed="2475" time="5200" acceleration="-1336"/>
    <motionState vehicle="3" speed="2316" time="5200" acceleration="-482"/>
    <motionState vehicle="4" speed="7046" time="5200" acceleration="13636"/>
    <motionState vehicle="5" speed="2223" time="5200" acceleration="1260"/>
    <motionState vehicle="6" speed="2334" time="5200" acceleration="2005"/>
    <motionState vehicle="7" speed="2522" time="5200" acceleration="2383"/>
    <motionState vehicle="8" speed="2746" time="5200" acceleration="2161"/>
    <motionState vehicle="9" speed="2941" time="5200" acceleration="1135"/>
    <motionState vehicle="10" speed="3027" time="5200" acceleration="-403"/>
    <motionState vehicle="11" speed="2955" time="5200" acceleration="-1718"/>
    <motionState vehicle="0" speed="2739" time="5210" acceleration="-2055"/>
    <motionState vehicle="1" speed="6212" time="5210" acceleration="10068"/>
    <motionState vehicle="2" speed="2473" time="5210" acceleration="-1331"/>
    <motionState vehicle="3" speed="2316" time="5210" acceleration="-470"/>
    <motionState vehicle="4" speed="7059" time="5210" acceleration="13636"/>
    <motionState vehicle="5" speed="2224" time="5210" acceleration="1266"/>
    <motionState vehicle="6" speed="2336" time="5210" acceleration="2007"/>
    <motionState vehicle="7" speed="2524" time="5210" acceleration="2379"/>
    <motionState vehicle="8" speed="2748" time="5210" acceleration="2150"/>
    <motionState vehicle="9" speed="2943" time="5210" acceleration="1118"/>
    <motionState vehicle="10" speed="3027" time="5210" acceleration="-418"/>
    <motionState vehicle="11" speed="2953" time="5210" acceleration="-1725"/>
    <motionState vehicle="0" speed="2737" time="5220" acceleration="-2054"/>
    <motionState vehicle="1" speed="6222" time="5220" acceleration="10086"/>
    <motionState vehicle="2" speed="2472" time="5220" acceleration="-1325"/>
    <motionState vehicle="3" speed="2315" time="5220" acceleration="-458"/>
    <motionState vehicle="4" speed="7073" time="5220" acceleration="13636"/>
    <motionState vehicle="5" speed="2225" time="5220" acceleration="1271"/>
    <motionState vehicle="6" speed="2338" time="5220" acceleration="2009"/>
    <motionState vehicle="7" speed="2527" time="5220" acceleration="2376"/>
    <motionState vehicle="8" speed="2750" time="5220" acceleration="2139"/>
    <motionState vehicle="9" speed="2944" time="5220" acceleration="1102"/>
    <motionState vehicle="10" speed="3026" time="5220" acceleration="-432"/>
    <motionState vehicle="11" speed="2951" time="5220" acceleration="-1731"/>
    <motionState vehicle="0" speed="2734" time="5230" acceleration="-2052"/>
    <motionState vehicle="1" speed="6232" time="5230" acceleration="10104"/>
    <motionState vehicle="2" speed="2471" time="5230" acceleration="-1319"/>
    <motionState vehicle="3" speed="2315" time="5230" acceleration="-447"/>
    <motionState vehicle="4" speed="7087" time="5230" acceleration="13636"/>
    <motionState vehicle="5" speed="2227" time="5230" acceleration="1276"/>
    <motionState vehicle="6" speed="2340" time="5230" acceleration="2012"/>
    <motionState vehicle="7" speed="2529" time="5230" acceleration="2372"/>
    <motionState vehicle="8" speed="2752" time="5230" acceleration="2127"/>
    <motionState vehicle="9" speed="2945" time="5230" acceleration="1085"/>
    <motionState vehicle="10" speed="3026" time="5230" acceleration="-447"/>
    <motionState vehicle="11" speed="2949" time="5230" acceleration="-1738"/>
    <motionState vehicle="0" speed="2732" time="5240" acceleration="-2051"/>
    <motionState vehicle="1" speed="6242" time="5240" acceleration="10122"/>
    <motionState vehicle="2" speed="2469" time="5240" acceleration="-1314"/>
    <motionState vehicle="3" speed="2315" time="5240" acceleration="-435"/>
    <motionState vehicle="4" speed="7100" time="5240" acceleration="13636"/>
    <motionState vehicle="5" speed="2228" time="5240" acceleration="1282"/>
    <motionState vehicle="6" speed="2342" time="5240" acceleration="2014"/>
    <motionState vehicle="7" speed="2531" time="5240" acceleration="2369"/>
    <motionState vehicle="8" speed="2754" time="5240" acceleration="2116"/>
    <motionState vehicle="9" speed="2946" time="5240" acceleration="1069"/>
    <motionState vehicle="10" speed="3025" time="5240" acceleration="-462"/>
    <motionState vehicle="11" speed="2948" time="5240" acceleration="-1745"/>
    <motionState vehicle="0" speed="2730" time="5250" acceleration="-2050"/>
    <motionState vehicle="1" speed="6252" time="5250" acceleration="10140"/>
    <motionState vehicle="2" speed="2468" time="5250" acceleration="-1308"/>
    <motionState vehicle="3" speed="2314" time="5250" acceleration="-423"/>
    <motionState vehicle="4" speed="7114" time="5250" acceleration="13636"/>
    <motionState vehicle="5" speed="2229" time="5250" acceleration="1287"/>
    <motionState vehicle="6" speed="2344" time="5250" acceleration="2016"/>
    <motionState vehicle="7" speed="2534" time="5250" acceleration="2365"/>
    <motionState vehicle="8" speed="2756" time="5250" acceleration="2105"/>
    <motionState vehicle="9" speed="2947" time="5250" acceleration="1052"/>
    <motionState vehicle="10" speed="3025" time="5250" acceleration="-476"/>
    <motionState vehicle="11" speed="2946" time="5250" acceleration="-1751"/>
    <motionState vehicle="0" speed="2728" time="5260" acceleration="-2048"/>
    <motionState vehicle="1" speed="6262" time="5260" acceleration="10158"/>
    <motionState vehicle="2" speed="2467" time="5260" acceleration="-1302"/>
    <motionState vehicle="3" speed="2314" time="5260" acceleration="-411"/>
    <motionState vehicle="4" speed="7127" time="5260" acceleration="13636"/>
    <motionState vehicle="5" speed="2231" time="5260" acceleration="1292"/>
    <motionState vehicle="6" speed="2346" time="5260" acceleration="2018"/>
    <motionState vehicle="7" speed="2536" time="5260" acceleration="2362"/>
    <motionState vehicle="8" speed="2759" time="5260" acceleration="2093"/>
    <motionState vehicle="9" speed="2948" time="5260" acceleration="1036"/>
    <motionState vehicle="10" speed="3024" time="5260" acceleration="-491"/>
    <motionState vehicle="11" speed="2944" time="5260" acceleration="-1757"/>
    <motionState vehicle="0" speed="2726" time="5270" acceleration="-2046"/>
    <motionState vehicle="1" speed="6273" time="5270" acceleration="10176"/>
    <motionState vehicle="2" speed="2465" time="5270" acceleration="-1296"/>
    <motionState vehicle="3" speed="2313" time="5270" acceleration="-400"/>
    <motionState vehicle="4" speed="7141" time="5270" acceleration="13636"/>
    <motionState vehicle="5" speed="2232" time="5270" acceleration="1298"/>
    <motionState vehicle="6" speed="2348" time="5270" acceleration="2020"/>
    <motionState vehicle="7" speed="2539" time="5270" acceleration="2358"/>
    <motionState vehicle="8" speed="2761" time="5270" acceleration="2082"/>
    <motionState vehicle="9" speed="2949" time="5270" acceleration="1020"/>
    <motionState vehicle="10" speed="3024" time="5270" acceleration="-505"/>
    <motionState vehicle="11" speed="2942" time="5270" acceleration="-1764"/>
    <motionState vehicle="0" speed="2724" time="5280" acceleration="-2045"/>
    <motionState vehicle="1" speed="6283" time="5280" acceleration="10194"/>
    <motionState vehicle="2" speed="2464" time="5280" acceleration="-1290"/>
    <motionState vehicle="3" speed="2313" time="5280" acceleration="-388"/>
    <motionState vehicle="4" speed="7155" time="5280" acceleration="13636"/>
    <motionState vehicle="5" speed="2233" time="5280" acceleration="1303"/>
    <motionState vehicle="6" speed="2350" time="5280" acceleration="2022"/>
    <motionState vehicle="7" speed="2541" time="5280" acceleration="2354"/>
    <motionState vehicle="8" speed="2763" time="5280" acceleration="2071"/>
    <motionState vehicle="9" speed="2950" time="5280" acceleration="1003"/>
    <motionState vehicle="10" speed="3023" time="5280" acceleration="-519"/>
    <motionState vehicle="11" speed="2941" time="5280" acceleration="-1770"/>
    <motionState vehicle="0" speed="2722" time="5290" acceleration="-2043"/>
    <motionState vehicle="1" speed="6293" time="5290" acceleration="10211"/>
    <motionState vehicle="2" speed="2463" time="5290" acceleration="-1284"/>
    <motionState vehicle="3" speed="2313" time="5290" acceleration="-376"/>
    <motionState vehicle="4" speed="7168" time="5290" acceleration="13636"/>
    <motionState vehicle="5" speed="2235" time="5290" acceleration="1308"/>
    <motionState vehicle="6" speed="2352" time="5290" acceleration="2024"/>
    <motionState vehicle="7" speed="2543" time="5290" acceleration="2350"/>
    <motionState vehicle="8" speed="2765" time="5290" acceleration="2059"/>
    <motionState vehicle="9" speed="2951" time="5290" acceleration="987"/>
    <motionState vehicle="10" speed="3023" time="5290" acceleration="-534"/>
    <motionState vehicle="11" speed="2939" time="5290" acceleration="-1776"/>
    <motionState vehicle="0" speed="2720" time="5300" acceleration="-2041"/>
    <motionState vehicle="1" speed="6303" time="5300" acceleration="10229"/>
    <motionState vehicle="2" speed="2462" time="5300" acceleration="-1277"/>
    <motionState vehicle="3" speed="2312" time="5300" acceleration="-365"/>
    <motionState vehicle="4" speed="7182" time="5300" acceleration="13636"/>
    <motionState vehicle="5" speed="2236" time="5300" acceleration="1314"/>
    <motionState vehicle="6" speed="2354" time="5300" acceleration="2026"/>
    <motionState vehicle="7" speed="2546" time="5300" acceleration="2347"/>
    <motionState vehicle="8" speed="2767" time="5300" acceleration="2048"/>
    <motionState vehicle="9" speed="2952" time="5300" acceleration="971"/>
    <motionState vehicle="10" speed="3022" time="5300" acceleration="-548"/>
    <motionState vehicle="11" speed="2937" time="5300" acceleration="-1782"/>
    <motionState vehicle="0" speed="2718" time="5310" acceleration="-2039"/>
    <motionState vehicle="1" speed="6314" time="5310" acceleration="10247"/>
    <motionState vehicle="2" speed="2460" time="5310" acceleration="-1271"/>
    <motionState vehicle="3" speed="2312" time="5310" acceleration="-353"/>
    <motionState vehicle="4" speed="7196" time="5310" acceleration="13636"/>
    <motionState vehicle="5" speed="2237" time="5310" acceleration="1319"/>
    <motionState vehicle="6" speed="2356" time="5310" acceleration="2028"/>
    <motionState vehicle="7" speed="2548" time="5310" acceleration="2343"/>
    <motionState vehicle="8" speed="2769" time="5310" acceleration="2036"/>
    <motionState vehicle="9" speed="2953" time="5310" acceleration="954"/>
    <motionState vehicle="10" speed="3022" time="5310" acceleration="-562"/>
    <motionState vehicle="11" speed="2935" time="5310" acceleration="-1788"/>
    <motionState vehicle="0" speed="2716" time="5320" acceleration="-2037"/>
    <motionState vehicle="1" speed="6324" time="5320" acceleration="10265"/>
    <motionState vehicle="2" speed="2459" time="5320" acceleration="-1265"/>
    <motionState vehicle="3" speed="2312" time="5320" acceleration="-341"/>
    <motionState vehicle="4" speed="7209" time="5320" acceleration="13636"/>
    <motionState vehicle="5" speed="2238" time="5320" acceleration="1324"/>
    <motionState vehicle="6" speed="2358" time="5320" acceleration="2030"/>
    <motionState vehicle="7" speed="2550" time="5320" acceleration="2339"/>
    <motionState vehicle="8" speed="2771" time="5320" acceleration="2024"/>
    <motionState vehicle="9" speed="2954" time="5320" acceleration="938"/>
    <motionState vehicle="10" speed="3021" time="5320" acceleration="-575"/>
    <motionState vehicle="11" speed="2933" time="5320" acceleration="-1794"/>
    <motionState vehicle="0" speed="2714" time="5330" acceleration="-2035"/>
    <motionState vehicle="1" speed="6334" time="5330" acceleration="10283"/>
    <motionState vehicle="2" speed="2458" time="5330" acceleration="-1258"/>
    <motionState vehicle="3" speed="2311" time="5330" acceleration="-330"/>
    <motionState vehicle="4" speed="7223" time="5330" acceleration="13636"/>
    <motionState vehicle="5" speed="2240" time="5330" acceleration="1329"/>
    <motionState vehicle="6" speed="2360" time="5330" acceleration="2032"/>
    <motionState vehicle="7" speed="2553" time="5330" acceleration="2335"/>
    <motionState vehicle="8" speed="2773" time="5330" acceleration="2013"/>
    <motionState vehicle="9" speed="2955" time="5330" acceleration="922"/>
    <motionState vehicle="10" speed="3021" time="5330" acceleration="-589"/>
    <motionState vehicle="11" speed="2932" time="5330" acceleration="-1799"/>
    <motionState vehicle="0" speed="2712" time="5340" acceleration="-2032"/>
    <motionState vehicle="1" speed="6344" time="5340" acceleration="10301"/>
    <motionState vehicle="2" speed="2457" time="5340" acceleration="-1251"/>
    <motionState vehicle="3" speed="2311" time="5340" acceleration="-318"/>
    <motionState vehicle="4" speed="7237" time="5340" acceleration="13636"/>
    <motionState vehicle="5" speed="2241" time="5340" acceleration="1335"/>
    <motionState vehicle="6" speed="2362" time="5340" acceleration="2034"/>
    <motionState vehicle="7" speed="2555" time="5340" acceleration="2330"/>
    <motionState vehicle="8" speed="2775" time="5340" acceleration="2001"/>
    <motionState vehicle="9" speed="2956" time="5340" acceleration="906"/>
    <motionState vehicle="10" speed="3020" time="5340" acceleration="-603"/>
    <motionState vehicle="11" speed="2930" time="5340" acceleration="-1805"/>
    <motionState vehicle="0" speed="2710" time="5350" acceleration="-2030"/>
    <motionState vehicle="1" speed="6355" time="5350" acceleration="10318"/>
    <motionState vehicle="2" speed="2455" time="5350" acceleration="-1245"/>
    <motionState vehicle="3" speed="2311" time="5350" acceleration="-307"/>
    <motionState vehicle="4" speed="7250" time="5350" acceleration="13636"/>
    <motionState vehicle="5" speed="2243" time="5350" acceleration="1340"/>
    <motionState vehicle="6" speed="2364" time="5350" acceleration="2036"/>
    <motionState vehicle="7" speed="2557" time="5350" acceleration="2326"/>
    <motionState vehicle="8" speed="2777" time="5350" acceleration="1989"/>
    <motionState vehicle="9" speed="2957" time="5350" acceleration="890"/>
    <motionState vehicle="10" speed="3019" time="5350" acceleration="-617"/>
    <motionState vehicle="11" speed="2928" time="5350" acceleration="-1810"/>
    <motionState vehicle="0" speed="2708" time="5360" acceleration="-2028"/>
    <motionState vehicle="1" speed="6365" time="5360" acceleration="10336"/>
    <motionState vehicle="2" speed="2454" time="5360" acceleration="-1238"/>
    <motionState vehicle="3" speed="2310" time="5360" acceleration="-295"/>
    <motionState vehicle="4" speed="7264" time="5360" acceleration="13636"/>
    <motionState vehicle="5" speed="2244" time="5360" acceleration="1345"/>
    <motionState vehicle="6" speed="2366" time="5360" acceleration="2037"/>
    <motionState vehicle="7" speed="2560" time="5360" acceleration="2322"/>
    <motionState vehicle="8" speed="2779" time="5360" acceleration="1978"/>
    <motionState vehicle="9" speed="2957" time="5360" acceleration="874"/>
    <motionState vehicle="10" speed="3019" time="5360" acceleration="-630"/>
    <motionState vehicle="11" speed="2926" time="5360" acceleration="-1816"/>
    <motionState vehicle="0" speed="2706" time="5370" acceleration="-2025"/>
    <motionState vehicle="1" speed="6375" time="5370" acceleration="10354"/>
    <motionState vehicle="2" speed="2453" time="5370" acceleration="-1231"/>
    <motionState vehicle="3" speed="2310" time="5370" acceleration="-283"/>
    <motionState vehicle="4" speed="7277" time="5370" acceleration="13636"/>
    <motionState vehicle="5" speed="2245" time="5370" acceleration="1350"/>
    <motionState vehicle="6" speed="2368" time="5370" acceleration="2039"/>
    <motionState vehicle="7" speed="2562" time="5370" acceleration="2318"/>
    <motionState vehicle="8" speed="2781" time="5370" acceleration="1966"/>
    <motionState vehicle="9" speed="2958" time="5370" acceleration="858"/>
    <motionState vehicle="10" speed="3018" time="5370" acceleration="-644"/>
    <motionState vehicle="11" speed="2924" time="5370" acceleration="-1821"/>
    <motionState vehicle="0" speed="2704" time="5380" acceleration="-2023"/>
    <motionState vehicle="1" speed="6386" time="5380" acceleration="10372"/>
    <motionState vehicle="2" speed="2452" time="5380" acceleration="-1225"/>
    <motionState vehicle="3" speed="2310" time="5380" acceleration="-272"/>
    <motionState vehicle="4" speed="7291" time="5380" acceleration="13636"/>
    <motionState vehicle="5" speed="2247" time="5380" acceleration="1355"/>
    <motionState vehicle="6" speed="2370" time="5380" acceleration="2041"/>
    <motionState vehicle="7" speed="2564" time="5380" acceleration="2313"/>
    <motionState vehicle="8" speed="2783" time="5380" acceleration="1954"/>
    <motionState vehicle="9" speed="2959" time="5380" acceleration="842"/>
    <motionState vehicle="10" speed="3017" time="5380" acceleration="-657"/>
    <motionState vehicle="11" speed="2923" time="5380" acceleration="-1826"/>
    <motionState vehicle="0" speed="2702" time="5390" acceleration="-2020"/>
    <motionState vehicle="1" speed="6396" time="5390" acceleration="10389"/>
    <motionState vehicle="2" speed="2450" time="5390" acceleration="-1218"/>
    <motionState vehicle="3" speed="2309" time="5390" acceleration="-260"/>
    <motionState vehicle="4" speed="7305" time="5390" acceleration="13636"/>
    <motionState vehicle="5" speed="2248" time="5390" acceleration="1360"/>
    <motionState vehicle="6" speed="2372" time="5390" acceleration="2042"/>
    <motionState vehicle="7" speed="2567" time="5390" acceleration="2309"/>
    <motionState vehicle="8" speed="2785" time="5390" acceleration="1942"/>
    <motionState vehicle="9" speed="2960" time="5390" acceleration="826"/>
    <motionState vehicle="10" speed="3017" time="5390" acceleration="-670"/>
    <motionState vehicle="11" speed="2921" time="5390" acceleration="-1831"/>
    <motionState vehicle="0" speed="2700" time="5400" acceleration="-2017"/>
    <motionState vehicle="1" speed="6407" time="5400" acceleration="10407"/>
    <motionState vehicle="2" speed="2449" time="5400" acceleration="-1211"/>
    <motionState vehicle="3" speed="2309" time="5400" acceleration="-249"/>
    <motionState vehicle="4" speed="7318" time="5400" acceleration="13636"/>
    <motionState vehicle="5" speed="2249" time="5400" acceleration="1365"/>
    <motionState vehicle="6" speed="2374" time="5400" acceleration="2044"/>
    <motionState vehicle="7" speed="2569" time="5400" acceleration="2304"/>
    <motionState vehicle="8" speed="2787" time="5400" acceleration="1930"/>
    <motionState vehicle="9" speed="2961" time="5400" acceleration="810"/>
    <motionState vehicle="10" speed="3016" time="5400" acceleration="-683"/>
    <motionState vehicle="11" speed="2919" time="5400" acceleration="-1836"/>
    <motionState vehicle="0" speed="2698" time="5410" acceleration="-2014"/>
    <motionState vehicle="1" speed="6417" time="5410" acceleration="10425"/>
    <motionState vehicle="2" speed="2448" time="5410" acceleration="-1204"/>
    <motionState vehicle="3" speed="2309" time="5410" acceleration="-237"/>
    <motionState vehicle="4" speed="7332" time="5410" acceleration="13636"/>
    <motionState vehicle="5" speed="2251" time="5410" acceleration="1371"/>
    <motionState vehicle="6" speed="2376" time="5410" acceleration="2045"/>
    <motionState vehicle="7" speed="2571" time="5410" acceleration="2300"/>
    <motionState vehicle="8" speed="2789" time="5410" acceleration="1918"/>
    <motionState vehicle="9" speed="2962" time="5410" acceleration="794"/>
    <motionState vehicle="10" speed="3015" time="5410" acceleration="-696"/>
    <motionState vehicle="11" speed="2917" time="5410" acceleration="-1841"/>
    <motionState vehicle="0" speed="2696" time="5420" acceleration="-2011"/>
    <motionState vehicle="1" speed="6427" time="5420" acceleration="10442"/>
    <motionState vehicle="2" speed="2447" time="5420" acceleration="-1197"/>
    <motionState vehicle="3" speed="2309" time="5420" acceleration="-226"/>
    <motionState vehicle="4" speed="7346" time="5420" acceleration="13636"/>
    <motionState vehicle="5" speed="2252" time="5420" acceleration="1376"/>
    <motionState vehicle="6" speed="2378" time="5420" acceleration="2047"/>
    <motionState vehicle="7" speed="2573" time="5420" acceleration="2295"/>
    <motionState vehicle="8" speed="2790" time="5420" acceleration="1906"/>
    <motionState vehicle="9" speed="2962" time="5420" acceleration="778"/>
    <motionState vehicle="10" speed="3015" time="5420" acceleration="-709"/>
    <motionState vehicle="11" speed="2915" time="5420" acceleration="-1846"/>
    <motionState vehicle="0" speed="2694" time="5430" acceleration="-2008"/>
    <motionState vehicle="1" speed="6438" time="5430" acceleration="10460"/>
    <motionState vehicle="2" speed="2446" time="5430" acceleration="-1189"/>
    <motionState vehicle="3" speed="2309" time="5430" acceleration="-214"/>
    <motionState vehicle="4" speed="7359" time="5430" acceleration="13636"/>
    <motionState vehicle="5" speed="2253" time="5430" acceleration="1381"/>
    <motionState vehicle="6" speed="2380" time="5430" acceleration="2048"/>
    <motionState vehicle="7" speed="2576" time="5430" acceleration="2291"/>
    <motionState vehicle="8" speed="2792" time="5430" acceleration="1894"/>
    <motionState vehicle="9" speed="2963" time="5430" acceleration="762"/>
    <motionState vehicle="10" speed="3014" time="5430" acceleration="-722"/>
    <motionState vehicle="11" speed="2913" time="5430" acceleration="-1850"/>
    <motionState vehicle="0" speed="2692" time="5440" acceleration="-2005"/>
    <motionState vehicle="1" speed="6448" time="5440" acceleration="10477"/>
    <motionState vehicle="2" speed="2444" time="5440" acceleration="-1182"/>
    <motionState vehicle="3" speed="2308" time="5440" acceleration="-203"/>
    <motionState vehicle="4" speed="7373" time="5440" acceleration="13636"/>
    <motionState vehicle="5" speed="2255" time="5440" acceleration="1386"/>
    <motionState vehicle="6" speed="2382" time="5440" acceleration="2050"/>
    <motionState vehicle="7" speed="2578" time="5440" acceleration="2286"/>
    <motionState vehicle="8" speed="2794" time="5440" acceleration="1882"/>
    <motionState vehicle="9" speed="2964" time="5440" acceleration="746"/>
    <motionState vehicle="10" speed="3013" time="5440" acceleration="-735"/>
    <motionState vehicle="11" speed="2911" time="5440" acceleration="-1855"/>
    <motionState vehicle="0" speed="2690" time="5450" acceleration="-2002"/>
    <motionState vehicle="1" speed="6459" time="5450" acceleration="10495"/>
    <motionState vehicle="2" speed="2443" time="5450" acceleration="-1175"/>
    <motionState vehicle="3" speed="2308" time="5450" acceleration="-191"/>
    <motionState vehicle="4" speed="7387" time="5450" acceleration="13636"/>
    <motionState vehicle="5" speed="2256" time="5450" acceleration="1391"/>
    <motionState vehicle="6" speed="2384" time="5450" acceleration="2051"/>
    <motionState vehicle="7" speed="2580" time="5450" acceleration="2281"/>
    <motionState vehicle="8" speed="2796" time="5450" acceleration="1870"/>
    <motionState vehicle="9" speed="2965" time="5450" acceleration="730"/>
    <motionState vehicle="10" speed="3012" time="5450" acceleration="-748"/>
    <motionState vehicle="11" speed="2910" time="5450" acceleration="-1859"/>
    <motionState vehicle="0" speed="2688" time="5460" acceleration="-1998"/>
    <motionState vehicle="1" speed="6469" time="5460" acceleration="10512"/>
    <motionState vehicle="2" speed="2442" time="5460" acceleration="-1168"/>
    <motionState vehicle="3" speed="2308" time="5460" acceleration="-180"/>
    <motionState vehicle="4" speed="7400" time="5460" acceleration="13636"/>
    <motionState vehicle="5" speed="2258" time="5460" acceleration="1396"/>
    <motionState vehicle="6" speed="2386" time="5460" acceleration="2052"/>
    <motionState vehicle="7" speed="2583" time="5460" acceleration="2276"/>
    <motionState vehicle="8" speed="2798" time="5460" acceleration="1858"/>
    <motionState vehicle="9" speed="2965" time="5460" acceleration="715"/>
    <motionState vehicle="10" speed="3012" time="5460" acceleration="-761"/>
    <motionState vehicle="11" speed="2908" time="5460" acceleration="-1864"/>
    <motionState vehicle="0" speed="2686" time="5470" acceleration="-1995"/>
    <motionState vehicle="1" speed="6480" time="5470" acceleration="10530"/>
    <motionState vehicle="2" speed="2441" time="5470" acceleration="-1160"/>
    <motionState vehicle="3" speed="2308" time="5470" acceleration="-169"/>
    <motionState vehicle="4" speed="7414" time="5470" acceleration="13636"/>
    <motionState vehicle="5" speed="2259" time="5470" acceleration="1401"/>
    <motionState vehicle="6" speed="2388" time="5470" acceleration="2053"/>
    <motionState vehicle="7" speed="2585" time="5470" acceleration="2271"/>
    <motionState vehicle="8" speed="2800" time="5470" acceleration="1846"/>
    <motionState vehicle="9" speed="2966" time="5470" acceleration="699"/>
    <motionState vehicle="10" speed="3011" time="5470" acceleration="-773"/>
    <motionState vehicle="11" speed="2906" time="5470" acceleration="-1868"/>
    <motionState vehicle="0" speed="2684" time="5480" acceleration="-1992"/>
    <motionState vehicle="1" speed="6490" time="5480" acceleration="10547"/>
    <motionState vehicle="2" speed="2440" time="5480" acceleration="-1153"/>
    <motionState vehicle="3" speed="2308" time="5480" acceleration="-157"/>
    <motionState vehicle="4" speed="7427" time="5480" acceleration="13636"/>
    <motionState vehicle="5" speed="2260" time="5480" acceleration="1406"/>
    <motionState vehicle="6" speed="2391" time="5480" acceleration="2054"/>
    <motionState vehicle="7" speed="2587" time="5480" acceleration="2266"/>
    <motionState vehicle="8" speed="2802" time="5480" acceleration="1834"/>
    <motionState vehicle="9" speed="2967" time="5480" acceleration="683"/>
    <motionState vehicle="10" speed="3010" time="5480" acceleration="-786"/>
    <motionState vehicle="11" speed="2904" time="5480" acceleration="-1872"/>
    <motionState vehicle="0" speed="2682" time="5490" acceleration="-1988"/>
    <motionState vehicle="1" speed="6501" time="5490" acceleration="10565"/>
    <motionState vehicle="2" speed="2439" time="5490" acceleration="-1145"/>
    <motionState vehicle="3" speed="2307" time="5490" acceleration="-146"/>
    <motionState vehicle="4" speed="7441" time="5490" acceleration="13636"/>
    <motionState vehicle="5" speed="2262" time="5490" acceleration="1411"/>
    <motionState vehicle="6" speed="2393" time="5490" acceleration="2056"/>
    <motionState vehicle="7" speed="2589" time="5490" acceleration="2261"/>
    <motionState vehicle="8" speed="2803" time="5490" acceleration="1822"/>
    <motionState vehicle="9" speed="2967" time="5490" acceleration="668"/>
    <motionState vehicle="10" speed="3009" time="5490" acceleration="-798"/>
    <motionState vehicle="11" speed="2902" time="5490" acceleration="-1876"/>
    <motionState vehicle="0" speed="2680" time="5500" acceleration="-1984"/>
    <motionState vehicle="1" speed="6512" time="5500" acceleration="10582"/>
    <motionState vehicle="2" speed="2437" time="5500" acceleration="-1138"/>
    <motionState vehicle="3" speed="2307" time="5500" acceleration="-135"/>
    <motionState vehicle="4" speed="7455" time="5500" acceleration="13636"/>
    <motionState vehicle="5" speed="2263" time="5500" acceleration="1416"/>
    <motionState vehicle="6" speed="2395" time="5500" acceleration="2057"/>
    <motionState vehicle="7" speed="2592" time="5500" acceleration="2256"/>
    <motionState vehicle="8" speed="2805" time="5500" acceleration="1810"/>
    <motionState vehicle="9" speed="2968" time="5500" acceleration="652"/>
    <motionState vehicle="10" speed="3008" time="5500" acceleration="-810"/>
    <motionState vehicle="11" speed="2900" time="5500" acceleration="-1880"/>
    <motionState vehicle="0" speed="2678" time="5510" acceleration="-1981"/>
    <motionState vehicle="1" speed="6522" time="5510" acceleration="10599"/>
    <motionState vehicle="2" speed="2436" time="5510" acceleration="-1130"/>
    <motionState vehicle="3" speed="2307" time="5510" acceleration="-123"/>
    <motionState vehicle="4" speed="7468" time="5510" acceleration="13636"/>
    <motionState vehicle="5" speed="2265" time="5510" acceleration="1421"/>
    <motionState vehicle="6" speed="2397" time="5510" acceleration="2058"/>
    <motionState vehicle="7" speed="2594" time="5510" acceleration="2251"/>
    <motionState vehicle="8" speed="2807" time="5510" acceleration="1798"/>
    <motionState vehicle="9" speed="2969" time="5510" acceleration="637"/>
    <motionState vehicle="10" speed="3008" time="5510" acceleration="-822"/>
    <motionState vehicle="11" speed="2898" time="5510" acceleration="-1884"/>
    <motionState vehicle="0" speed="2676" time="5520" acceleration="-1977"/>
    <motionState vehicle="1" speed="6533" time="5520" acceleration="10617"/>
    <motionState vehicle="2" speed="2435" time="5520" acceleration="-1122"/>
    <motionState vehicle="3" speed="2307" time="5520" acceleration="-112"/>
    <motionState vehicle="4" speed="7482" time="5520" acceleration="13636"/>
    <motionState vehicle="5" speed="2266" time="5520" acceleration="1425"/>
    <motionState vehicle="6" speed="2399" time="5520" acceleration="2059"/>
    <motionState vehicle="7" speed="2596" time="5520" acceleration="2246"/>
    <motionState vehicle="8" speed="2809" time="5520" acceleration="1785"/>
    <motionState vehicle="9" speed="2969" time="5520" acceleration="621"/>
    <motionState vehicle="10" speed="3007" time="5520" acceleration="-834"/>
    <motionState vehicle="11" speed="2896" time="5520" acceleration="-1888"/>
    <motionState vehicle="0" speed="2674" time="5530" acceleration="-1973"/>
    <motionState vehicle="1" speed="6543" time="5530" acceleration="10634"/>
    <motionState vehicle="2" speed="2434" time="5530" acceleration="-1114"/>
    <motionState vehicle="3" speed="2307" time="5530" acceleration="-101"/>
    <motionState vehicle="4" speed="7496" time="5530" acceleration="13636"/>
    <motionState vehicle="5" speed="2267" time="5530" acceleration="1430"/>
    <motionState vehicle="6" speed="2401" time="5530" acceleration="2060"/>
    <motionState vehicle="7" speed="2598" time="5530" acceleration="2241"/>
    <motionState vehicle="8" speed="2811" time="5530" acceleration="1773"/>
    <motionState vehicle="9" speed="2970" time="5530" acceleration="606"/>
    <motionState vehicle="10" speed="3006" time="5530" acceleration="-846"/>
    <motionState vehicle="11" speed="2895" time="5530" acceleration="-1892"/>
    <motionState vehicle="0" speed="2672" time="5540" acceleration="-1969"/>
    <motionState vehicle="1" speed="6554" time="5540" acceleration="10651"/>
    <motionState vehicle="2" speed="2433" time="5540" acceleration="-1107"/>
    <motionState vehicle="3" speed="2307" time="5540" acceleration="-89"/>
    <motionState vehicle="4" speed="7509" time="5540" acceleration="13636"/>
    <motionState vehicle="5" speed="2269" time="5540" acceleration="1435"/>
    <motionState vehicle="6" speed="2403" time="5540" acceleration="2061"/>
    <motionState vehicle="7" speed="2601" time="5540" acceleration="2235"/>
    <motionState vehicle="8" speed="2812" time="5540" acceleration="1761"/>
    <motionState vehicle="9" speed="2970" time="5540" acceleration="590"/>
    <motionState vehicle="10" speed="3005" time="5540" acceleration="-858"/>
    <motionState vehicle="11" speed="2893" time="5540" acceleration="-1895"/>
    <motionState vehicle="0" speed="2670" time="5550" acceleration="-1965"/>
    <motionState vehicle="1" speed="6565" time="5550" acceleration="10668"/>
    <motionState vehicle="2" speed="2432" time="5550" acceleration="-1099"/>
    <motionState vehicle="3" speed="2307" time="5550" acceleration="-78"/>
    <motionState vehicle="4" speed="7523" time="5550" acceleration="13636"/>
    <motionState vehicle="5" speed="2270" time="5550" acceleration="1440"/>
    <motionState vehicle="6" speed="2405" time="5550" acceleration="2061"/>
    <motionState vehicle="7" speed="2603" time="5550" acceleration="2230"/>
    <motionState vehicle="8" speed="2814" time="5550" acceleration="1749"/>
    <motionState vehicle="9" speed="2971" time="5550" acceleration="575"/>
    <motionState vehicle="10" speed="3004" time="5550" acceleration="-870"/>
    <motionState vehicle="11" speed="2891" time="5550" acceleration="-1899"/>
    <motionState vehicle="0" speed="2668" time="5560" acceleration="-1961"/>
    <motionState vehicle="1" speed="6575" time="5560" acceleration="10685"/>
    <motionState vehicle="2" speed="2431" time="5560" acceleration="-1091"/>
    <motionState vehicle="3" speed="2307" time="5560" acceleration="-67"/>
    <motionState vehicle="4" speed="7537" time="5560" acceleration="13636"/>
    <motionState vehicle="5" speed="2272" time="5560" acceleration="1445"/>
    <motionState vehicle="6" speed="2407" time="5560" acceleration="2062"/>
    <motionState vehicle="7" speed="2605" time="5560" acceleration="2224"/>
    <motionState vehicle="8" speed="2816" time="5560" acceleration="1736"/>
    <motionState vehicle="9" speed="2972" time="5560" acceleration="559"/>
    <motionState vehicle="10" speed="3003" time="5560" acceleration="-882"/>
    <motionState vehicle="11" speed="2889" time="5560" acceleration="-1902"/>
    <motionState vehicle="0" speed="2666" time="5570" acceleration="-1957"/>
    <motionState vehicle="1" speed="6586" time="5570" acceleration="10702"/>
    <motionState vehicle="2" speed="2430" time="5570" acceleration="-1083"/>
    <motionState vehicle="3" speed="2307" time="5570" acceleration="-56"/>
    <motionState vehicle="4" speed="7550" time="5570" acceleration="13636"/>
    <motionState vehicle="5" speed="2273" time="5570" acceleration="1450"/>
    <motionState vehicle="6" speed="2409" time="5570" acceleration="2063"/>
    <motionState vehicle="7" speed="2607" time="5570" acceleration="2219"/>
    <motionState vehicle="8" speed="2818" time="5570" acceleration="1724"/>
    <motionState vehicle="9" speed="2972" time="5570" acceleration="544"/>
    <motionState vehicle="10" speed="3002" time="5570" acceleration="-894"/>
    <motionState vehicle="11" speed="2887" time="5570" acceleration="-1905"/>
    <motionState vehicle="0" speed="2664" time="5580" acceleration="-1953"/>
    <motionState vehicle="1" speed="6597" time="5580" acceleration="10719"/>
    <motionState vehicle="2" speed="2429" time="5580" acceleration="-1075"/>
    <motionState vehicle="3" speed="2307" time="5580" acceleration="-45"/>
    <motionState vehicle="4" speed="7564" time="5580" acceleration="13636"/>
    <motionState vehicle="5" speed="2275" time="5580" acceleration="1454"/>
    <motionState vehicle="6" speed="2411" time="5580" acceleration="2064"/>
    <motionState vehicle="7" speed="2610" time="5580" acceleration="2213"/>
    <motionState vehicle="8" speed="2819" time="5580" acceleration="1712"/>
    <motionState vehicle="9" speed="2973" time="5580" acceleration="529"/>
    <motionState vehicle="10" speed="3002" time="5580" acceleration="-905"/>
    <motionState vehicle="11" speed="2885" time="5580" acceleration="-1909"/>
    <motionState vehicle="0" speed="2662" time="5590" acceleration="-1948"/>
    <motionState vehicle="1" speed="6608" time="5590" acceleration="10736"/>
    <motionState vehicle="2" speed="2428" time="5590" acceleration="-1067"/>
    <motionState vehicle="3" speed="2307" time="5590" acceleration="-33"/>
    <motionState vehicle="4" speed="7577" time="5590" acceleration="13636"/>
    <motionState vehicle="5" speed="2276" time="5590" acceleration="1459"/>
    <motionState vehicle="6" speed="2413" time="5590" acceleration="2064"/>
    <motionState vehicle="7" speed="2612" time="5590" acceleration="2208"/>
    <motionState vehicle="8" speed="2821" time="5590" acceleration="1699"/>
    <motionState vehicle="9" speed="2973" time="5590" acceleration="514"/>
    <motionState vehicle="10" speed="3001" time="5590" acceleration="-917"/>
    <motionState vehicle="11" speed="2883" time="5590" acceleration="-1912"/>
    <motionState vehicle="0" speed="2660" time="5600" acceleration="-1944"/>
    <motionState vehicle="1" speed="6618" time="5600" acceleration="10753"/>
    <motionState vehicle="2" speed="2426" time="5600" acceleration="-1059"/>
    <motionState vehicle="3" speed="2307" time="5600" acceleration="-22"/>
    <motionState vehicle="4" speed="7591" time="5600" acceleration="13636"/>
    <motionState vehicle="5" speed="2278" time="5600" acceleration="1464"/>
    <motionState vehicle="6" speed="2415" time="5600" acceleration="2065"/>
    <motionState vehicle="7" speed="2614" time="5600" acceleration="2202"/>
    <motionState vehicle="8" speed="2823" time="5600" acceleration="1687"/>
    <motionState vehicle="9" speed="2974" time="5600" acceleration="498"/>
    <motionState vehicle="10" speed="3000" time="5600" acceleration="-928"/>
    <motionState vehicle="11" speed="2881" time="5600" acceleration="-1915"/>
    <motionState vehicle="0" speed="2658" time="5610" acceleration="-1939"/>
    <motionState vehicle="1" speed="6629" time="5610" acceleration="10770"/>
    <motionState vehicle="2" speed="2425" time="5610" acceleration="-1051"/>
    <motionState vehicle="3" speed="2307" time="5610" acceleration="-11"/>
    <motionState vehicle="4" speed="7605" time="5610" acceleration="13636"/>
    <motionState vehicle="5" speed="2279" time="5610" acceleration="1468"/>
    <motionState vehicle="6" speed="2417" time="5610" acceleration="2065"/>
    <motionState vehicle="7" speed="2616" time="5610" acceleration="2196"/>
    <motionState vehicle="8" speed="2824" time="5610" acceleration="1675"/>
    <motionState vehicle="9" speed="2974" time="5610" acceleration="483"/>
    <motionState vehicle="10" speed="2999" time="5610" acceleration="-939"/>
    <motionState vehicle="11" speed="2879" time="5610" acceleration="-1918"/>
    <motionState vehicle="0" speed="2656" time="5620" acceleration="-1935"/>
    <motionState vehicle="1" speed="6640" time="5620" acceleration="10787"/>
    <motionState vehicle="2" speed="2424" time="5620" acceleration="-1042"/>
    <motionState vehicle="3" speed="2307" time="5620" acceleration="0"/>
    <motionState vehicle="4" speed="7618" time="5620" acceleration="13636"/>
    <motionState vehicle="5" speed="2281" time="5620" acceleration="1473"/>
    <motionState vehicle="6" speed="2419" time="5620" acceleration="2066"/>
    <motionState vehicle="7" speed="2618" time="5620" acceleration="2191"/>
    <motionState vehicle="8" speed="2826" time="5620" acceleration="1662"/>
    <motionState vehicle="9" speed="2975" time="5620" acceleration="468"/>
    <motionState vehicle="10" speed="2998" time="5620" acceleration="-951"/>
    <motionState vehicle="11" speed="2877" time="5620" acceleration="-1921"/>
    <motionState vehicle="0" speed="2654" time="5630" acceleration="-1930"/>
    <motionState vehicle="1" speed="6651" time="5630" acceleration="10804"/>
    <motionState vehicle="2" speed="2423" time="5630" acceleration="-1034"/>
    <motionState vehicle="3" speed="2307" time="5630" acceleration="10"/>
    <motionState vehicle="4" speed="7632" time="5630" acceleration="13636"/>
    <motionState vehicle="5" speed="2282" time="5630" acceleration="1478"/>
    <motionState vehicle="6" speed="2421" time="5630" acceleration="2066"/>
    <motionState vehicle="7" speed="2620" time="5630" acceleration="2185"/>
    <motionState vehicle="8" speed="2828" time="5630" acceleration="1650"/>
    <motionState vehicle="9" speed="2975" time="5630" acceleration="453"/>
    <motionState vehicle="10" speed="2997" time="5630" acceleration="-962"/>
    <motionState vehicle="11" speed="2875" time="5630" acceleration="-1923"/>
    <motionState vehicle="0" speed="2652" time="5640" acceleration="-1925"/>
    <motionState vehicle="1" speed="6662" time="5640" acceleration="10821"/>
    <motionState vehicle="2" speed="2422" time="5640" acceleration="-1026"/>
    <motionState vehicle="3" speed="2307" time="5640" acceleration="21"/>
    <motionState vehicle="4" speed="7646" time="5640" acceleration="13636"/>
    <motionState vehicle="5" speed="2284" time="5640" acceleration="1482"/>
    <motionState vehicle="6" speed="2423" time="5640" acceleration="2067"/>
    <motionState vehicle="7" speed="2623" time="5640" acceleration="2179"/>
    <motionState vehicle="8" speed="2829" time="5640" acceleration="1637"/>
    <motionState vehicle="9" speed="2975" time="5640" acceleration="438"/>
    <motionState vehicle="10" speed="2996" time="5640" acceleration="-973"/>
    <motionState vehicle="11" speed="2874" time="5640" acceleration="-1926"/>
    <motionState vehicle="0" speed="2651" time="5650" acceleration="-1921"/>
    <motionState vehicle="1" speed="6672" time="5650" acceleration="10837"/>
    <motionState vehicle="2" speed="2421" time="5650" acceleration="-1017"/>
    <motionState vehicle="3" speed="2307" time="5650" acceleration="32"/>
    <motionState vehicle="4" speed="7659" time="5650" acceleration="13636"/>
    <motionState vehicle="5" speed="2285" time="5650" acceleration="1487"/>
    <motionState vehicle="6" speed="2426" time="5650" acceleration="2067"/>
    <motionState vehicle="7" speed="2625" time="5650" acceleration="2173"/>
    <motionState vehicle="8" speed="2831" time="5650" acceleration="1625"/>
    <motionState vehicle="9" speed="2976" time="5650" acceleration="423"/>
    <motionState vehicle="10" speed="2995" time="5650" acceleration="-984"/>
    <motionState vehicle="11" speed="2872" time="5650" acceleration="-1929"/>
    <motionState vehicle="0" speed="2649" time="5660" acceleration="-1916"/>
    <motionState vehicle="1" speed="6683" time="5660" acceleration="10854"/>
    <motionState vehicle="2" speed="2420" time="5660" acceleration="-1009"/>
    <motionState vehicle="3" speed="2307" time="5660" acceleration="43"/>
    <motionState vehicle="4" speed="7673" time="5660" acceleration="13636"/>
    <motionState vehicle="5" speed="2287" time="5660" acceleration="1491"/>
    <motionState vehicle="6" speed="2428" time="5660" acceleration="2067"/>
    <motionState vehicle="7" speed="2627" time="5660" acceleration="2167"/>
    <motionState vehicle="8" speed="2833" time="5660" acceleration="1612"/>
    <motionState vehicle="9" speed="2976" time="5660" acceleration="408"/>
    <motionState vehicle="10" speed="2994" time="5660" acceleration="-994"/>
    <motionState vehicle="11" speed="2870" time="5660" acceleration="-1931"/>
    <motionState vehicle="0" speed="2647" time="5670" acceleration="-1911"/>
    <motionState vehicle="1" speed="6694" time="5670" acceleration="10870"/>
    <motionState vehicle="2" speed="2419" time="5670" acceleration="-1001"/>
    <motionState vehicle="3" speed="2307" time="5670" acceleration="54"/>
    <motionState vehicle="4" speed="7687" time="5670" acceleration="13636"/>
    <motionState vehicle="5" speed="2288" time="5670" acceleration="1496"/>
    <motionState vehicle="6" speed="2430" time="5670" acceleration="2068"/>
    <motionState vehicle="7" speed="2629" time="5670" acceleration="2161"/>
    <motionState vehicle="8" speed="2834" time="5670" acceleration="1600"/>
    <motionState vehicle="9" speed="2977" time="5670" acceleration="393"/>
    <motionState vehicle="10" speed="2993" time="5670" acceleration="-1005"/>
    <motionState vehicle="11" speed="2868" time="5670" acceleration="-1933"/>
    <motionState vehicle="0" speed="2645" time="5680" acceleration="-1906"/>
    <motionState vehicle="1" speed="6705" time="5680" acceleration="10887"/>
    <motionState vehicle="2" speed="2418" time="5680" acceleration="-992"/>
    <motionState vehicle="3" speed="2307" time="5680" acceleration="65"/>
    <motionState vehicle="4" speed="7700" time="5680" acceleration="13636"/>
    <motionState vehicle="5" speed="2290" time="5680" acceleration="1500"/>
    <motionState vehicle="6" speed="2432" time="5680" acceleration="2068"/>
    <motionState vehicle="7" speed="2631" time="5680" acceleration="2155"/>
    <motionState vehicle="8" speed="2836" time="5680" acceleration="1587"/>
    <motionState vehicle="9" speed="2977" time="5680" acceleration="379"/>
    <motionState vehicle="10" speed="2992" time="5680" acceleration="-1016"/>
    <motionState vehicle="11" speed="2866" time="5680" acceleration="-1936"/>
    <motionState vehicle="0" speed="2643" time="5690" acceleration="-1901"/>
    <motionState vehicle="1" speed="6716" time="5690" acceleration="10904"/>
    <motionState vehicle="2" speed="2417" time="5690" acceleration="-984"/>
    <motionState vehicle="3" speed="2307" time="5690" acceleration="76"/>
    <motionState vehicle="4" speed="7714" time="5690" acceleration="13636"/>
    <motionState vehicle="5" speed="2291" time="5690" acceleration="1505"/>
    <motionState vehicle="6" speed="2434" time="5690" acceleration="2068"/>
    <motionState vehicle="7" speed="2633" time="5690" acceleration="2149"/>
    <motionState vehicle="8" speed="2837" time="5690" acceleration="1575"/>
    <motionState vehicle="9" speed="2977" time="5690" acceleration="364"/>
    <motionState vehicle="10" speed="2991" time="5690" acceleration="-1026"/>
    <motionState vehicle="11" speed="2864" time="5690" acceleration="-1938"/>
    <motionState vehicle="0" speed="2641" time="5700" acceleration="-1896"/>
    <motionState vehicle="1" speed="6727" time="5700" acceleration="10920"/>
    <motionState vehicle="2" speed="2416" time="5700" acceleration="-975"/>
    <motionState vehicle="3" speed="2307" time="5700" acceleration="87"/>
    <motionState vehicle="4" speed="7727" time="5700" acceleration="13636"/>
    <motionState vehicle="5" speed="2293" time="5700" acceleration="1509"/>
    <motionState vehicle="6" speed="2436" time="5700" acceleration="2068"/>
    <motionState vehicle="7" speed="2636" time="5700" acceleration="2142"/>
    <motionState vehicle="8" speed="2839" time="5700" acceleration="1562"/>
    <motionState vehicle="9" speed="2978" time="5700" acceleration="349"/>
    <motionState vehicle="10" speed="2990" time="5700" acceleration="-1037"/>
    <motionState vehicle="11" speed="2862" time="5700" acceleration="-1940"/>
    <motionState vehicle="0" speed="2639" time="5710" acceleration="-1891"/>
    <motionState vehicle="1" speed="6738" time="5710" acceleration="10936"/>
    <motionState vehicle="2" speed="2415" time="5710" acceleration="-967"/>
    <motionState vehicle="3" speed="2307" time="5710" acceleration="97"/>
    <motionState vehicle="4" speed="7741" time="5710" acceleration="13636"/>
    <motionState vehicle="5" speed="2294" time="5710" acceleration="1514"/>
    <motionState vehicle="6" speed="2438" time="5710" acceleration="2068"/>
    <motionState vehicle="7" speed="2638" time="5710" acceleration="2136"/>
    <motionState vehicle="8" speed="2840" time="5710" acceleration="1549"/>
    <motionState vehicle="9" speed="2978" time="5710" acceleration="334"/>
    <motionState vehicle="10" speed="2989" time="5710" acceleration="-1047"/>
    <motionState vehicle="11" speed="2860" time="5710" acceleration="-1942"/>
    <motionState vehicle="0" speed="2637" time="5720" acceleration="-1885"/>
    <motionState vehicle="1" speed="6749" time="5720" acceleration="10953"/>
    <motionState vehicle="2" speed="2414" time="5720" acceleration="-958"/>
    <motionState vehicle="3" speed="2307" time="5720" acceleration="108"/>
    <motionState vehicle="4" speed="7755" time="5720" acceleration="13636"/>
    <motionState vehicle="5" speed="2296" time="5720" acceleration="1518"/>
    <motionState vehicle="6" speed="2440" time="5720" acceleration="2068"/>
    <motionState vehicle="7" speed="2640" time="5720" acceleration="2130"/>
    <motionState vehicle="8" speed="2842" time="5720" acceleration="1537"/>
    <motionState vehicle="9" speed="2978" time="5720" acceleration="320"/>
    <motionState vehicle="10" speed="2988" time="5720" acceleration="-1058"/>
    <motionState vehicle="11" speed="2858" time="5720" acceleration="-1944"/>
    <motionState vehicle="0" speed="2635" time="5730" acceleration="-1880"/>
    <motionState vehicle="1" speed="6760" time="5730" acceleration="10969"/>
    <motionState vehicle="2" speed="2413" time="5730" acceleration="-949"/>
    <motionState vehicle="3" speed="2307" time="5730" acceleration="119"/>
    <motionState vehicle="4" speed="7768" time="5730" acceleration="13636"/>
    <motionState vehicle="5" speed="2297" time="5730" acceleration="1522"/>
    <motionState vehicle="6" speed="2442" time="5730" acceleration="2068"/>
    <motionState vehicle="7" speed="2642" time="5730" acceleration="2123"/>
    <motionState vehicle="8" speed="2843" time="5730" acceleration="1524"/>
    <motionState vehicle="9" speed="2979" time="5730" acceleration="305"/>
    <motionState vehicle="10" speed="2987" time="5730" acceleration="-1068"/>
    <motionState vehicle="11" speed="2856" time="5730" acceleration="-1946"/>
    <motionState vehicle="0" speed="2633" time="5740" acceleration="-1875"/>
    <motionState vehicle="1" speed="6771" time="5740" acceleration="10985"/>
    <motionState vehicle="2" speed="2413" time="5740" acceleration="-941"/>
    <motionState vehicle="3" speed="2307" time="5740" acceleration="130"/>
    <motionState vehicle="4" speed="7782" time="5740" acceleration="13636"/>
    <motionState vehicle="5" speed="2299" time="5740" acceleration="1527"/>
    <motionState vehicle="6" speed="2444" time="5740" acceleration="2068"/>
    <motionState vehicle="7" speed="2644" time="5740" acceleration="2117"/>
    <motionState vehicle="8" speed="2845" time="5740" acceleration="1511"/>
    <motionState vehicle="9" speed="2979" time="5740" acceleration="291"/>
    <motionState vehicle="10" speed="2986" time="5740" acceleration="-1078"/>
    <motionState vehicle="11" speed="2854" time="5740" acceleration="-1948"/>
    <motionState vehicle="0" speed="2632" time="5750" acceleration="-1869"/>
    <motionState vehicle="1" speed="6782" time="5750" acceleration="11001"/>
    <motionState vehicle="2" speed="2412" time="5750" acceleration="-932"/>
    <motionState vehicle="3" speed="2308" time="5750" acceleration="140"/>
    <motionState vehicle="4" speed="7796" time="5750" acceleration="13636"/>
    <motionState vehicle="5" speed="2300" time="5750" acceleration="1531"/>
    <motionState vehicle="6" speed="2446" time="5750" acceleration="2068"/>
    <motionState vehicle="7" speed="2646" time="5750" acceleration="2110"/>
    <motionState vehicle="8" speed="2846" time="5750" acceleration="1499"/>
    <motionState vehicle="9" speed="2979" time="5750" acceleration="276"/>
    <motionState vehicle="10" speed="2984" time="5750" acceleration="-1088"/>
    <motionState vehicle="11" speed="2852" time="5750" acceleration="-1949"/>
    <motionState vehicle="0" speed="2630" time="5760" acceleration="-1864"/>
    <motionState vehicle="1" speed="6793" time="5760" acceleration="11018"/>
    <motionState vehicle="2" speed="2411" time="5760" acceleration="-923"/>
    <motionState vehicle="3" speed="2308" time="5760" acceleration="151"/>
    <motionState vehicle="4" speed="7809" time="5760" acceleration="13636"/>
    <motionState vehicle="5" speed="2302" time="5760" acceleration="1535"/>
    <motionState vehicle="6" speed="2448" time="5760" acceleration="2067"/>
    <motionState vehicle="7" speed="2648" time="5760" acceleration="2104"/>
    <motionState vehicle="8" speed="2848" time="5760" acceleration="1486"/>
    <motionState vehicle="9" speed="2980" time="5760" acceleration="262"/>
    <motionState vehicle="10" speed="2983" time="5760" acceleration="-1098"/>
    <motionState vehicle="11" speed="2850" time="5760" acceleration="-1951"/>
    <motionState vehicle="0" speed="2628" time="5770" acceleration="-1858"/>
    <motionState vehicle="1" speed="6804" time="5770" acceleration="11034"/>
    <motionState vehicle="2" speed="2410" time="5770" acceleration="-914"/>
    <motionState vehicle="3" speed="2308" time="5770" acceleration="162"/>
    <motionState vehicle="4" speed="7823" time="5770" acceleration="13636"/>
    <motionState vehicle="5" speed="2303" time="5770" acceleration="1539"/>
    <motionState vehicle="6" speed="2450" time="5770" acceleration="2067"/>
    <motionState vehicle="7" speed="2650" time="5770" acceleration="2097"/>
    <motionState vehicle="8" speed="2849" time="5770" acceleration="1473"/>
    <motionState vehicle="9" speed="2980" time="5770" acceleration="247"/>
    <motionState vehicle="10" speed="2982" time="5770" acceleration="-1108"/>
    <motionState vehicle="11" speed="2848" time="5770" acceleration="-1952"/>
    <motionState vehicle="0" speed="2626" time="5780" acceleration="-1852"/>
    <motionState vehicle="1" speed="6815" time="5780" acceleration="11050"/>
    <motionState vehicle="2" speed="2409" time="5780" acceleration="-905"/>
    <motionState vehicle="3" speed="2308" time="5780" acceleration="172"/>
    <motionState vehicle="4" speed="7837" time="5780" acceleration="13636"/>
    <motionState vehicle="5" speed="2305" time="5780" acceleration="1543"/>
    <motionState vehicle="6" speed="2452" time="5780" acceleration="2067"/>
    <motionState vehicle="7" speed="2653" time="5780" acceleration="2091"/>
    <motionState vehicle="8" speed="2851" time="5780" acceleration="1461"/>
    <motionState vehicle="9" speed="2980" time="5780" acceleration="233"/>
    <motionState vehicle="10" speed="2981" time="5780" acceleration="-1118"/>
    <motionState vehicle="11" speed="2846" time="5780" acceleration="-1954"/>
    <motionState vehicle="0" speed="2624" time="5790" acceleration="-1847"/>
    <motionState vehicle="1" speed="6826" time="5790" acceleration="11066"/>
    <motionState vehicle="2" speed="2408" time="5790" acceleration="-896"/>
    <motionState vehicle="3" speed="2308" time="5790" acceleration="183"/>
    <motionState vehicle="4" speed="7850" time="5790" acceleration="13636"/>
    <motionState vehicle="5" speed="2306" time="5790" acceleration="1548"/>
    <motionState vehicle="6" speed="2455" time="5790" acceleration="2066"/>
    <motionState vehicle="7" speed="2655" time="5790" acceleration="2084"/>
    <motionState vehicle="8" speed="2852" time="5790" acceleration="1448"/>
    <motionState vehicle="9" speed="2980" time="5790" acceleration="218"/>
    <motionState vehicle="10" speed="2980" time="5790" acceleration="-1127"/>
    <motionState vehicle="11" speed="2844" time="5790" acceleration="-1955"/>
    <motionState vehicle="0" speed="2622" time="5800" acceleration="-1841"/>
    <motionState vehicle="1" speed="6837" time="5800" acceleration="11081"/>
    <motionState vehicle="2" speed="2407" time="5800" acceleration="-888"/>
    <motionState vehicle="3" speed="2308" time="5800" acceleration="194"/>
    <motionState vehicle="4" speed="7864" time="5800" acceleration="13636"/>
    <motionState vehicle="5" speed="2308" time="5800" acceleration="1552"/>
    <motionState vehicle="6" speed="2457" time="5800" acceleration="2066"/>
    <motionState vehicle="7" speed="2657" time="5800" acceleration="2077"/>
    <motionState vehicle="8" speed="2854" time="5800" acceleration="1435"/>
    <motionState vehicle="9" speed="2980" time="5800" acceleration="204"/>
    <motionState vehicle="10" speed="2979" time="5800" acceleration="-1137"/>
    <motionState vehicle="11" speed="2842" time="5800" acceleration="-1956"/>
    <motionState vehicle="0" speed="2621" time="5810" acceleration="-1835"/>
    <motionState vehicle="1" speed="6848" time="5810" acceleration="11097"/>
    <motionState vehicle="2" speed="2406" time="5810" acceleration="-879"/>
    <motionState vehicle="3" speed="2309" time="5810" acceleration="204"/>
    <motionState vehicle="4" speed="7877" time="5810" acceleration="13636"/>
    <motionState vehicle="5" speed="2309" time="5810" acceleration="1556"/>
    <motionState vehicle="6" speed="2459" time="5810" acceleration="2065"/>
    <motionState vehicle="7" speed="2659" time="5810" acceleration="2070"/>
    <motionState vehicle="8" speed="2855" time="5810" acceleration="1423"/>
    <motionState vehicle="9" speed="2981" time="5810" acceleration="190"/>
    <motionState vehicle="10" speed="2978" time="5810" acceleration="-1146"/>
    <motionState vehicle="11" speed="2840" time="5810" acceleration="-1958"/>
    <motionState vehicle="0" speed="2619" time="5820" acceleration="-1829"/>
    <motionState vehicle="1" speed="6859" time="5820" acceleration="11113"/>
    <motionState vehicle="2" speed="2405" time="5820" acceleration="-870"/>
    <motionState vehicle="3" speed="2309" time="5820" acceleration="215"/>
    <motionState vehicle="4" speed="7891" time="5820" acceleration="13636"/>
    <motionState vehicle="5" speed="2311" time="5820" acceleration="1560"/>
    <motionState vehicle="6" speed="2461" time="5820" acceleration="2065"/>
    <motionState vehicle="7" speed="2661" time="5820" acceleration="2064"/>
    <motionState vehicle="8" speed="2857" time="5820" acceleration="1410"/>
    <motionState vehicle="9" speed="2981" time="5820" acceleration="176"/>
    <motionState vehicle="10" speed="2977" time="5820" acceleration="-1156"/>
    <motionState vehicle="11" speed="2839" time="5820" acceleration="-1959"/>
    <motionState vehicle="0" speed="2617" time="5830" acceleration="-1823"/>
    <motionState vehicle="1" speed="6870" time="5830" acceleration="11129"/>
    <motionState vehicle="2" speed="2404" time="5830" acceleration="-861"/>
    <motionState vehicle="3" speed="2309" time="5830" acceleration="225"/>
    <motionState vehicle="4" speed="7905" time="5830" acceleration="13636"/>
    <motionState vehicle="5" speed="2313" time="5830" acceleration="1564"/>
    <motionState vehicle="6" speed="2463" time="5830" acceleration="2064"/>
    <motionState vehicle="7" speed="2663" time="5830" acceleration="2057"/>
    <motionState vehicle="8" speed="2858" time="5830" acceleration="1397"/>
    <motionState vehicle="9" speed="2981" time="5830" acceleration="162"/>
    <motionState vehicle="10" speed="2975" time="5830" acceleration="-1165"/>
    <motionState vehicle="11" speed="2837" time="5830" acceleration="-1960"/>
    <motionState vehicle="0" speed="2615" time="5840" acceleration="-1817"/>
    <motionState vehicle="1" speed="6881" time="5840" acceleration="11144"/>
    <motionState vehicle="2" speed="2404" time="5840" acceleration="-852"/>
    <motionState vehicle="3" speed="2309" time="5840" acceleration="236"/>
    <motionState vehicle="4" speed="7918" time="5840" acceleration="13636"/>
    <motionState vehicle="5" speed="2314" time="5840" acceleration="1568"/>
    <motionState vehicle="6" speed="2465" time="5840" acceleration="2064"/>
    <motionState vehicle="7" speed="2665" time="5840" acceleration="2050"/>
    <motionState vehicle="8" speed="2859" time="5840" acceleration="1384"/>
    <motionState vehicle="9" speed="2981" time="5840" acceleration="148"/>
    <motionState vehicle="10" speed="2974" time="5840" acceleration="-1174"/>
    <motionState vehicle="11" speed="2835" time="5840" acceleration="-1961"/>
    <motionState vehicle="0" speed="2613" time="5850" acceleration="-1811"/>
    <motionState vehicle="1" speed="6893" time="5850" acceleration="11160"/>
    <motionState vehicle="2" speed="2403" time="5850" acceleration="-842"/>
    <motionState vehicle="3" speed="2310" time="5850" acceleration="246"/>
    <motionState vehicle="4" speed="7932" time="5850" acceleration="13636"/>
    <motionState vehicle="5" speed="2316" time="5850" acceleration="1572"/>
    <motionState vehicle="6" speed="2467" time="5850" acceleration="2063"/>
    <motionState vehicle="7" speed="2667" time="5850" acceleration="2043"/>
    <motionState vehicle="8" speed="2861" time="5850" acceleration="1372"/>
    <motionState vehicle="9" speed="2981" time="5850" acceleration="134"/>
    <motionState vehicle="10" speed="2973" time="5850" acceleration="-1184"/>
    <motionState vehicle="11" speed="2833" time="5850" acceleration="-1961"/>
    <motionState vehicle="0" speed="2611" time="5860" acceleration="-1805"/>
    <motionState vehicle="1" speed="6904" time="5860" acceleration="11176"/>
    <motionState vehicle="2" speed="2402" time="5860" acceleration="-833"/>
    <motionState vehicle="3" speed="2310" time="5860" acceleration="256"/>
    <motionState vehicle="4" speed="7946" time="5860" acceleration="13636"/>
    <motionState vehicle="5" speed="2317" time="5860" acceleration="1576"/>
    <motionState vehicle="6" speed="2469" time="5860" acceleration="2062"/>
    <motionState vehicle="7" speed="2669" time="5860" acceleration="2036"/>
    <motionState vehicle="8" speed="2862" time="5860" acceleration="1359"/>
    <motionState vehicle="9" speed="2981" time="5860" acceleration="120"/>
    <motionState vehicle="10" speed="2972" time="5860" acceleration="-1193"/>
    <motionState vehicle="11" speed="2831" time="5860" acceleration="-1962"/>
    <motionState vehicle="0" speed="2610" time="5870" acceleration="-1799"/>
    <motionState vehicle="1" speed="6915" time="5870" acceleration="11191"/>
    <motionState vehicle="2" speed="2401" time="5870" acceleration="-824"/>
    <motionState vehicle="3" speed="2310" time="5870" acceleration="267"/>
    <motionState vehicle="4" speed="7959" time="5870" acceleration="13636"/>
    <motionState vehicle="5" speed="2319" time="5870" acceleration="1580"/>
    <motionState vehicle="6" speed="2471" time="5870" acceleration="2061"/>
    <motionState vehicle="7" speed="2671" time="5870" acceleration="2029"/>
    <motionState vehicle="8" speed="2863" time="5870" acceleration="1346"/>
    <motionState vehicle="9" speed="2982" time="5870" acceleration="106"/>
    <motionState vehicle="10" speed="2971" time="5870" acceleration="-1202"/>
    <motionState vehicle="11" speed="2829" time="5870" acceleration="-1963"/>
    <motionState vehicle="0" speed="2608" time="5880" acceleration="-1793"/>
    <motionState vehicle="1" speed="6926" time="5880" acceleration="11207"/>
    <motionState vehicle="2" speed="2400" time="5880" acceleration="-815"/>
    <motionState vehicle="3" speed="2310" time="5880" acceleration="277"/>
    <motionState vehicle="4" speed="7973" time="5880" acceleration="13636"/>
    <motionState vehicle="5" speed="2320" time="5880" acceleration="1584"/>
    <motionState vehicle="6" speed="2473" time="5880" acceleration="2061"/>
    <motionState vehicle="7" speed="2673" time="5880" acceleration="2021"/>
    <motionState vehicle="8" speed="2865" time="5880" acceleration="1333"/>
    <motionState vehicle="9" speed="2982" time="5880" acceleration="92"/>
    <motionState vehicle="10" speed="2969" time="5880" acceleration="-1210"/>
    <motionState vehicle="11" speed="2827" time="5880" acceleration="-1963"/>
    <motionState vehicle="0" speed="2606" time="5890" acceleration="-1786"/>
    <motionState vehicle="1" speed="6937" time="5890" acceleration="11222"/>
    <motionState vehicle="2" speed="2399" time="5890" acceleration="-806"/>
    <motionState vehicle="3" speed="2311" time="5890" acceleration="287"/>
    <motionState vehicle="4" speed="7987" time="5890" acceleration="13636"/>
    <motionState vehicle="5" speed="2322" time="5890" acceleration="1587"/>
    <motionState vehicle="6" speed="2475" time="5890" acceleration="2060"/>
    <motionState vehicle="7" speed="2675" time="5890" acceleration="2014"/>
    <motionState vehicle="8" speed="2866" time="5890" acceleration="1321"/>
    <motionState vehicle="9" speed="2982" time="5890" acceleration="78"/>
    <motionState vehicle="10" speed="2968" time="5890" acceleration="-1219"/>
    <motionState vehicle="11" speed="2825" time="5890" acceleration="-1964"/>
    <motionState vehicle="0" speed="2604" time="5900" acceleration="-1780"/>
    <motionState vehicle="1" speed="6949" time="5900" acceleration="11237"/>
    <motionState vehicle="2" speed="2399" time="5900" acceleration="-797"/>
    <motionState vehicle="3" speed="2311" time="5900" acceleration="297"/>
    <motionState vehicle="4" speed="8000" time="5900" acceleration="13636"/>
    <motionState vehicle="5" speed="2324" time="5900" acceleration="1591"/>
    <motionState vehicle="6" speed="2477" time="5900" acceleration="2059"/>
    <motionState vehicle="7" speed="2677" time="5900" acceleration="2007"/>
    <motionState vehicle="8" speed="2867" time="5900" acceleration="1308"/>
    <motionState vehicle="9" speed="2982" time="5900" acceleration="64"/>
    <motionState vehicle="10" speed="2967" time="5900" acceleration="-1228"/>
    <motionState vehicle="11" speed="2823" time="5900" acceleration="-1964"/>
    <motionState vehicle="0" speed="2602" time="5910" acceleration="-1773"/>
    <motionState vehicle="1" speed="6960" time="5910" acceleration="11253"/>
    <motionState vehicle="2" speed="2398" time="5910" acceleration="-787"/>
    <motionState vehicle="3" speed="2311" time="5910" acceleration="308"/>
    <motionState vehicle="4" speed="8014" time="5910" acceleration="13636"/>
    <motionState vehicle="5" speed="2325" time="5910" acceleration="1595"/>
    <motionState vehicle="6" speed="2479" time="5910" acceleration="2058"/>
    <motionState vehicle="7" speed="2679" time="5910" acceleration="2000"/>
    <motionState vehicle="8" speed="2869" time="5910" acceleration="1295"/>
    <motionState vehicle="9" speed="2982" time="5910" acceleration="51"/>
    <motionState vehicle="10" speed="2966" time="5910" acceleration="-1237"/>
    <motionState vehicle="11" speed="2821" time="5910" acceleration="-1965"/>
    <motionState vehicle="0" speed="2601" time="5920" acceleration="-1767"/>
    <motionState vehicle="1" speed="6971" time="5920" acceleration="11268"/>
    <motionState vehicle="2" speed="2397" time="5920" acceleration="-778"/>
    <motionState vehicle="3" speed="2312" time="5920" acceleration="318"/>
    <motionState vehicle="4" speed="8027" time="5920" acceleration="13636"/>
    <motionState vehicle="5" speed="2327" time="5920" acceleration="1599"/>
    <motionState vehicle="6" speed="2481" time="5920" acceleration="2057"/>
    <motionState vehicle="7" speed="2681" time="5920" acceleration="1992"/>
    <motionState vehicle="8" speed="2870" time="5920" acceleration="1282"/>
    <motionState vehicle="9" speed="2982" time="5920" acceleration="37"/>
    <motionState vehicle="10" speed="2964" time="5920" acceleration="-1245"/>
    <motionState vehicle="11" speed="2819" time="5920" acceleration="-1965"/>
    <motionState vehicle="0" speed="2599" time="5930" acceleration="-1760"/>
    <motionState vehicle="1" speed="6982" time="5930" acceleration="11283"/>
    <motionState vehicle="2" speed="2396" time="5930" acceleration="-769"/>
    <motionState vehicle="3" speed="2312" time="5930" acceleration="328"/>
    <motionState vehicle="4" speed="8041" time="5930" acceleration="13636"/>
    <motionState vehicle="5" speed="2328" time="5930" acceleration="1602"/>
    <motionState vehicle="6" speed="2483" time="5930" acceleration="2055"/>
    <motionState vehicle="7" speed="2683" time="5930" acceleration="1985"/>
    <motionState vehicle="8" speed="2871" time="5930" acceleration="1269"/>
    <motionState vehicle="9" speed="2982" time="5930" acceleration="24"/>
    <motionState vehicle="10" speed="2963" time="5930" acceleration="-1254"/>
    <motionState vehicle="11" speed="2817" time="5930" acceleration="-1965"/>
    <motionState vehicle="0" speed="2597" time="5940" acceleration="-1754"/>
    <motionState vehicle="1" speed="6994" time="5940" acceleration="11298"/>
    <motionState vehicle="2" speed="2396" time="5940" acceleration="-760"/>
    <motionState vehicle="3" speed="2312" time="5940" acceleration="338"/>
    <motionState vehicle="4" speed="8055" time="5940" acceleration="13636"/>
    <motionState vehicle="5" speed="2330" time="5940" acceleration="1606"/>
    <motionState vehicle="6" speed="2485" time="5940" acceleration="2054"/>
    <motionState vehicle="7" speed="2685" time="5940" acceleration="1977"/>
    <motionState vehicle="8" speed="2873" time="5940" acceleration="1257"/>
    <motionState vehicle="9" speed="2982" time="5940" acceleration="10"/>
    <motionState vehicle="10" speed="2962" time="5940" acceleration="-1262"/>
    <motionState vehicle="11" speed="2815" time="5940" acceleration="-1965"/>
    <motionState vehicle="0" speed="2595" time="5950" acceleration="-1747"/>
    <motionState vehicle="1" speed="7005" time="5950" acceleration="11313"/>
    <motionState vehicle="2" speed="2395" time="5950" acceleration="-750"/>
    <motionState vehicle="3" speed="2313" time="5950" acceleration="348"/>
    <motionState vehicle="4" speed="8068" time="5950" acceleration="13636"/>
    <motionState vehicle="5" speed="2332" time="5950" acceleration="1610"/>
    <motionState vehicle="6" speed="2487" time="5950" acceleration="2053"/>
    <motionState vehicle="7" speed="2687" time="5950" acceleration="1970"/>
    <motionState vehicle="8" speed="2874" time="5950" acceleration="1244"/>
    <motionState vehicle="9" speed="2982" time="5950" acceleration="-2"/>
    <motionState vehicle="10" speed="2961" time="5950" acceleration="-1270"/>
    <motionState vehicle="11" speed="2813" time="5950" acceleration="-1965"/>
    <motionState vehicle="0" speed="2594" time="5960" acceleration="-1740"/>
    <motionState vehicle="1" speed="7016" time="5960" acceleration="11328"/>
    <motionState vehicle="2" speed="2394" time="5960" acceleration="-741"/>
    <motionState vehicle="3" speed="2313" time="5960" acceleration="358"/>
    <motionState vehicle="4" speed="8082" time="5960" acceleration="13636"/>
    <motionState vehicle="5" speed="2333" time="5960" acceleration="1613"/>
    <motionState vehicle="6" speed="2490" time="5960" acceleration="2052"/>
    <motionState vehicle="7" speed="2689" time="5960" acceleration="1962"/>
    <motionState vehicle="8" speed="2875" time="5960" acceleration="1231"/>
    <motionState vehicle="9" speed="2982" time="5960" acceleration="-16"/>
    <motionState vehicle="10" speed="2959" time="5960" acceleration="-1278"/>
    <motionState vehicle="11" speed="2811" time="5960" acceleration="-1965"/>
    <motionState vehicle="0" speed="2592" time="5970" acceleration="-1734"/>
    <motionState vehicle="1" speed="7028" time="5970" acceleration="11343"/>
    <motionState vehicle="2" speed="2393" time="5970" acceleration="-732"/>
    <motionState vehicle="3" speed="2313" time="5970" acceleration="368"/>
    <motionState vehicle="4" speed="8096" time="5970" acceleration="13636"/>
    <motionState vehicle="5" speed="2335" time="5970" acceleration="1617"/>
    <motionState vehicle="6" speed="2492" time="5970" acceleration="2050"/>
    <motionState vehicle="7" speed="2691" time="5970" acceleration="1955"/>
    <motionState vehicle="8" speed="2876" time="5970" acceleration="1218"/>
    <motionState vehicle="9" speed="2982" time="5970" acceleration="-29"/>
    <motionState vehicle="10" speed="2958" time="5970" acceleration="-1287"/>
    <motionState vehicle="11" speed="2809" time="5970" acceleration="-1965"/>
    <motionState vehicle="0" speed="2590" time="5980" acceleration="-1727"/>
    <motionState vehicle="1" speed="7039" time="5980" acceleration="11358"/>
    <motionState vehicle="2" speed="2393" time="5980" acceleration="-722"/>
    <motionState vehicle="3" speed="2314" time="5980" acceleration="378"/>
    <motionState vehicle="4" speed="8109" time="5980" acceleration="13636"/>
    <motionState vehicle="5" speed="2336" time="5980" acceleration="1620"/>
    <motionState vehicle="6" speed="2494" time="5980" acceleration="2049"/>
    <motionState vehicle="7" speed="2693" time="5980" acceleration="1947"/>
    <motionState vehicle="8" speed="2877" time="5980" acceleration="1205"/>
    <motionState vehicle="9" speed="2982" time="5980" acceleration="-43"/>
    <motionState vehicle="10" speed="2957" time="5980" acceleration="-1295"/>
    <motionState vehicle="11" speed="2807" time="5980" acceleration="-1965"/>
    <motionState vehicle="0" speed="2589" time="5990" acceleration="-1720"/>
    <motionState vehicle="1" speed="7050" time="5990" acceleration="11372"/>
    <motionState vehicle="2" speed="2392" time="5990" acceleration="-713"/>
    <motionState vehicle="3" speed="2314" time="5990" acceleration="388"/>
    <motionState vehicle="4" speed="8123" time="5990" acceleration="13636"/>
    <motionState vehicle="5" speed="2338" time="5990" acceleration="1624"/>
    <motionState vehicle="6" speed="2496" time="5990" acceleration="2048"/>
    <motionState vehicle="7" speed="2695" time="5990" acceleration="1940"/>
    <motionState vehicle="8" speed="2879" time="5990" acceleration="1192"/>
    <motionState vehicle="9" speed="2982" time="5990" acceleration="-56"/>
    <motionState vehicle="10" speed="2956" time="5990" acceleration="-1302"/>
    <motionState vehicle="11" speed="2805" time="5990" acceleration="-1964"/>
    <motionState vehicle="0" speed="2587" time="6000" acceleration="-1713"/>
    <motionState vehicle="1" speed="7062" time="6000" acceleration="11387"/>
    <motionState vehicle="2" speed="2391" time="6000" acceleration="-703"/>
    <motionState vehicle="3" speed="2314" time="6000" acceleration="398"/>
    <motionState vehicle="4" speed="8137" time="6000" acceleration="13636"/>
    <motionState vehicle="5" speed="2340" time="6000" acceleration="1627"/>
    <motionState vehicle="6" speed="2498" time="6000" acceleration="2046"/>
    <motionState vehicle="7" speed="2697" time="6000" acceleration="1932"/>
    <motionState vehicle="8" speed="2880" time="6000" acceleration="1180"/>
    <motionState vehicle="9" speed="2982" time="6000" acceleration="-69"/>
    <motionState vehicle="10" speed="2954" time="6000" acceleration="-1310"/>
    <motionState vehicle="11" speed="2803" time="6000" acceleration="-1964"/>
    <motionState vehicle="0" speed="2585" time="6010" acceleration="-1706"/>
    <motionState vehicle="1" speed="7073" time="6010" acceleration="11402"/>
    <motionState vehicle="2" speed="2390" time="6010" acceleration="-694"/>
    <motionState vehicle="3" speed="2315" time="6010" acceleration="408"/>
    <motionState vehicle="4" speed="8150" time="6010" acceleration="13636"/>
    <motionState vehicle="5" speed="2341" time="6010" acceleration="1630"/>
    <motionState vehicle="6" speed="2500" time="6010" acceleration="2045"/>
    <motionState vehicle="7" speed="2699" time="6010" acceleration="1924"/>
    <motionState vehicle="8" speed="2881" time="6010" acceleration="1167"/>
    <motionState vehicle="9" speed="2982" time="6010" acceleration="-82"/>
    <motionState vehicle="10" speed="2953" time="6010" acceleration="-1318"/>
    <motionState vehicle="11" speed="2801" time="6010" acceleration="-1963"/>
    <motionState vehicle="0" speed="2583" time="6020" acceleration="-1699"/>
    <motionState vehicle="1" speed="7085" time="6020" acceleration="11416"/>
    <motionState vehicle="2" speed="2390" time="6020" acceleration="-684"/>
    <motionState vehicle="3" speed="2315" time="6020" acceleration="418"/>
    <motionState vehicle="4" speed="8164" time="6020" acceleration="13636"/>
    <motionState vehicle="5" speed="2343" time="6020" acceleration="1634"/>
    <motionState vehicle="6" speed="2502" time="6020" acceleration="2043"/>
    <motionState vehicle="7" speed="2701" time="6020" acceleration="1916"/>
    <motionState vehicle="8" speed="2882" time="6020" acceleration="1154"/>
    <motionState vehicle="9" speed="2981" time="6020" acceleration="-95"/>
    <motionState vehicle="10" speed="2952" time="6020" acceleration="-1326"/>
    <motionState vehicle="11" speed="2799" time="6020" acceleration="-1963"/>
    <motionState vehicle="0" speed="2582" time="6030" acceleration="-1692"/>
    <motionState vehicle="1" speed="7096" time="6030" acceleration="11431"/>
    <motionState vehicle="2" speed="2389" time="6030" acceleration="-675"/>
    <motionState vehicle="3" speed="2316" time="6030" acceleration="427"/>
    <motionState vehicle="4" speed="8177" time="6030" acceleration="13636"/>
    <motionState vehicle="5" speed="2345" time="6030" acceleration="1637"/>
    <motionState vehicle="6" speed="2504" time="6030" acceleration="2041"/>
    <motionState vehicle="7" speed="2702" time="6030" acceleration="1908"/>
    <motionState vehicle="8" speed="2883" time="6030" acceleration="1141"/>
    <motionState vehicle="9" speed="2981" time="6030" acceleration="-108"/>
    <motionState vehicle="10" speed="2950" time="6030" acceleration="-1333"/>
    <motionState vehicle="11" speed="2797" time="6030" acceleration="-1962"/>
    <motionState vehicle="0" speed="2580" time="6040" acceleration="-1685"/>
    <motionState vehicle="1" speed="7107" time="6040" acceleration="11445"/>
    <motionState vehicle="2" speed="2388" time="6040" acceleration="-665"/>
    <motionState vehicle="3" speed="2316" time="6040" acceleration="437"/>
    <motionState vehicle="4" speed="8191" time="6040" acceleration="13636"/>
    <motionState vehicle="5" speed="2346" time="6040" acceleration="1640"/>
    <motionState vehicle="6" speed="2506" time="6040" acceleration="2040"/>
    <motionState vehicle="7" speed="2704" time="6040" acceleration="1901"/>
    <motionState vehicle="8" speed="2884" time="6040" acceleration="1128"/>
    <motionState vehicle="9" speed="2981" time="6040" acceleration="-121"/>
    <motionState vehicle="10" speed="2949" time="6040" acceleration="-1341"/>
    <motionState vehicle="11" speed="2795" time="6040" acceleration="-1962"/>
    <motionState vehicle="0" speed="2578" time="6050" acceleration="-1678"/>
    <motionState vehicle="1" speed="7119" time="6050" acceleration="11460"/>
    <motionState vehicle="2" speed="2388" time="6050" acceleration="-656"/>
    <motionState vehicle="3" speed="2317" time="6050" acceleration="447"/>
    <motionState vehicle="4" speed="8205" time="6050" acceleration="13636"/>
    <motionState vehicle="5" speed="2348" time="6050" acceleration="1644"/>
    <motionState vehicle="6" speed="2508" time="6050" acceleration="2038"/>
    <motionState vehicle="7" speed="2706" time="6050" acceleration="1893"/>
    <motionState vehicle="8" speed="2886" time="6050" acceleration="1115"/>
    <motionState vehicle="9" speed="2981" time="6050" acceleration="-134"/>
    <motionState vehicle="10" speed="2948" time="6050" acceleration="-1348"/>
    <motionState vehicle="11" speed="2793" time="6050" acceleration="-1961"/>
    <motionState vehicle="0" speed="2577" time="6060" acceleration="-1670"/>
    <motionState vehicle="1" speed="7130" time="6060" acceleration="11474"/>
    <motionState vehicle="2" speed="2387" time="6060" acceleration="-646"/>
    <motionState vehicle="3" speed="2317" time="6060" acceleration="457"/>
    <motionState vehicle="4" speed="8218" time="6060" acceleration="13636"/>
    <motionState vehicle="5" speed="2350" time="6060" acceleration="1647"/>
    <motionState vehicle="6" speed="2510" time="6060" acceleration="2036"/>
    <motionState vehicle="7" speed="2708" time="6060" acceleration="1885"/>
    <motionState vehicle="8" speed="2887" time="6060" acceleration="1103"/>
    <motionState vehicle="9" speed="2981" time="6060" acceleration="-147"/>
    <motionState vehicle="10" speed="2946" time="6060" acceleration="-1356"/>
    <motionState vehicle="11" speed="2791" time="6060" acceleration="-1960"/>
    <motionState vehicle="0" speed="2575" time="6070" acceleration="-1663"/>
    <motionState vehicle="1" speed="7142" time="6070" acceleration="11488"/>
    <motionState vehicle="2" speed="2387" time="6070" acceleration="-637"/>
    <motionState vehicle="3" speed="2318" time="6070" acceleration="466"/>
    <motionState vehicle="4" speed="8232" time="6070" acceleration="13636"/>
    <motionState vehicle="5" speed="2351" time="6070" acceleration="1650"/>
    <motionState vehicle="6" speed="2512" time="6070" acceleration="2034"/>
    <motionState vehicle="7" speed="2710" time="6070" acceleration="1877"/>
    <motionState vehicle="8" speed="2888" time="6070" acceleration="1090"/>
    <motionState vehicle="9" speed="2981" time="6070" acceleration="-160"/>
    <motionState vehicle="10" speed="2945" time="6070" acceleration="-1363"/>
    <motionState vehicle="11" speed="2789" time="6070" acceleration="-1959"/>
    <motionState vehicle="0" speed="2573" time="6080" acceleration="-1656"/>
    <motionState vehicle="1" speed="7153" time="6080" acceleration="11502"/>
    <motionState vehicle="2" speed="2386" time="6080" acceleration="-627"/>
    <motionState vehicle="3" speed="2318" time="6080" acceleration="476"/>
    <motionState vehicle="4" speed="8246" time="6080" acceleration="13636"/>
    <motionState vehicle="5" speed="2353" time="6080" acceleration="1653"/>
    <motionState vehicle="6" speed="2514" time="6080" acceleration="2032"/>
    <motionState vehicle="7" speed="2712" time="6080" acceleration="1869"/>
    <motionState vehicle="8" speed="2889" time="6080" acceleration="1077"/>
    <motionState vehicle="9" speed="2981" time="6080" acceleration="-173"/>
    <motionState vehicle="10" speed="2943" time="6080" acceleration="-1370"/>
    <motionState vehicle="11" speed="2787" time="6080" acceleration="-1958"/>
    <motionState vehicle="0" speed="2572" time="6090" acceleration="-1648"/>
    <motionState vehicle="1" speed="7165" time="6090" acceleration="11517"/>
    <motionState vehicle="2" speed="2385" time="6090" acceleration="-618"/>
    <motionState vehicle="3" speed="2318" time="6090" acceleration="485"/>
    <motionState vehicle="4" speed="8259" time="6090" acceleration="13636"/>
    <motionState vehicle="5" speed="2354" time="6090" acceleration="1656"/>
    <motionState vehicle="6" speed="2516" time="6090" acceleration="2030"/>
    <motionState vehicle="7" speed="2714" time="6090" acceleration="1860"/>
    <motionState vehicle="8" speed="2890" time="6090" acceleration="1064"/>
    <motionState vehicle="9" speed="2980" time="6090" acceleration="-185"/>
    <motionState vehicle="10" speed="2942" time="6090" acceleration="-1377"/>
    <motionState vehicle="11" speed="2785" time="6090" acceleration="-1957"/>
    <motionState vehicle="0" speed="2570" time="6100" acceleration="-1641"/>
    <motionState vehicle="1" speed="7176" time="6100" acceleration="11531"/>
    <motionState vehicle="2" speed="2385" time="6100" acceleration="-608"/>
    <motionState vehicle="3" speed="2319" time="6100" acceleration="495"/>
    <motionState vehicle="4" speed="8273" time="6100" acceleration="13636"/>
    <motionState vehicle="5" speed="2356" time="6100" acceleration="1659"/>
    <motionState vehicle="6" speed="2518" time="6100" acceleration="2028"/>
    <motionState vehicle="7" speed="2716" time="6100" acceleration="1852"/>
    <motionState vehicle="8" speed="2891" time="6100" acceleration="1051"/>
    <motionState vehicle="9" speed="2980" time="6100" acceleration="-198"/>
    <motionState vehicle="10" speed="2941" time="6100" acceleration="-1384"/>
    <motionState vehicle="11" speed="2784" time="6100" acceleration="-1956"/>
    <motionState vehicle="0" speed="2568" time="6110" acceleration="-1634"/>
    <motionState vehicle="1" speed="7188" time="6110" acceleration="11545"/>
    <motionState vehicle="2" speed="2384" time="6110" acceleration="-599"/>
    <motionState vehicle="3" speed="2319" time="6110" acceleration="504"/>
    <motionState vehicle="4" speed="8287" time="6110" acceleration="13636"/>
    <motionState vehicle="5" speed="2358" time="6110" acceleration="1662"/>
    <motionState vehicle="6" speed="2520" time="6110" acceleration="2026"/>
    <motionState vehicle="7" speed="2717" time="6110" acceleration="1844"/>
    <motionState vehicle="8" speed="2892" time="6110" acceleration="1039"/>
    <motionState vehicle="9" speed="2980" time="6110" acceleration="-210"/>
    <motionState vehicle="10" speed="2939" time="6110" acceleration="-1391"/>
    <motionState vehicle="11" speed="2782" time="6110" acceleration="-1954"/>
    <motionState vehicle="0" speed="2567" time="6120" acceleration="-1626"/>
    <motionState vehicle="1" speed="7200" time="6120" acceleration="11559"/>
    <motionState vehicle="2" speed="2383" time="6120" acceleration="-589"/>
    <motionState vehicle="3" speed="2320" time="6120" acceleration="514"/>
    <motionState vehicle="4" speed="8300" time="6120" acceleration="13636"/>
    <motionState vehicle="5" speed="2359" time="6120" acceleration="1665"/>
    <motionState vehicle="6" speed="2522" time="6120" acceleration="2024"/>
    <motionState vehicle="7" speed="2719" time="6120" acceleration="1836"/>
    <motionState vehicle="8" speed="2893" time="6120" acceleration="1026"/>
    <motionState vehicle="9" speed="2980" time="6120" acceleration="-223"/>
    <motionState vehicle="10" speed="2938" time="6120" acceleration="-1398"/>
    <motionState vehicle="11" speed="2780" time="6120" acceleration="-1953"/>
    <motionState vehicle="0" speed="2565" time="6130" acceleration="-1618"/>
    <motionState vehicle="1" speed="7211" time="6130" acceleration="11572"/>
    <motionState vehicle="2" speed="2383" time="6130" acceleration="-579"/>
    <motionState vehicle="3" speed="2321" time="6130" acceleration="523"/>
    <motionState vehicle="4" speed="8314" time="6130" acceleration="13636"/>
    <motionState vehicle="5" speed="2361" time="6130" acceleration="1668"/>
    <motionState vehicle="6" speed="2524" time="6130" acceleration="2022"/>
    <motionState vehicle="7" speed="2721" time="6130" acceleration="1828"/>
    <motionState vehicle="8" speed="2894" time="6130" acceleration="1013"/>
    <motionState vehicle="9" speed="2980" time="6130" acceleration="-235"/>
    <motionState vehicle="10" speed="2936" time="6130" acceleration="-1404"/>
    <motionState vehicle="11" speed="2778" time="6130" acceleration="-1952"/>
    <motionState vehicle="0" speed="2564" time="6140" acceleration="-1611"/>
    <motionState vehicle="1" speed="7223" time="6140" acceleration="11586"/>
    <motionState vehicle="2" speed="2382" time="6140" acceleration="-570"/>
    <motionState vehicle="3" speed="2321" time="6140" acceleration="532"/>
    <motionState vehicle="4" speed="8327" time="6140" acceleration="13636"/>
    <motionState vehicle="5" speed="2363" time="6140" acceleration="1671"/>
    <motionState vehicle="6" speed="2526" time="6140" acceleration="2020"/>
    <motionState vehicle="7" speed="2723" time="6140" acceleration="1819"/>
    <motionState vehicle="8" speed="2895" time="6140" acceleration="1000"/>
    <motionState vehicle="9" speed="2979" time="6140" acceleration="-248"/>
    <motionState vehicle="10" speed="2935" time="6140" acceleration="-1411"/>
    <motionState vehicle="11" speed="2776" time="6140" acceleration="-1950"/>
    <motionState vehicle="0" speed="2562" time="6150" acceleration="-1603"/>
    <motionState vehicle="1" speed="7234" time="6150" acceleration="11600"/>
    <motionState vehicle="2" speed="2382" time="6150" acceleration="-560"/>
    <motionState vehicle="3" speed="2322" time="6150" acceleration="542"/>
    <motionState vehicle="4" speed="8341" time="6150" acceleration="13636"/>
    <motionState vehicle="5" speed="2364" time="6150" acceleration="1674"/>
    <motionState vehicle="6" speed="2528" time="6150" acceleration="2017"/>
    <motionState vehicle="7" speed="2725" time="6150" acceleration="1811"/>
    <motionState vehicle="8" speed="2896" time="6150" acceleration="987"/>
    <motionState vehicle="9" speed="2979" time="6150" acceleration="-260"/>
    <motionState vehicle="10" speed="2934" time="6150" acceleration="-1418"/>
    <motionState vehicle="11" speed="2774" time="6150" acceleration="-1949"/>
    <motionState vehicle="0" speed="2560" time="6160" acceleration="-1596"/>
    <motionState vehicle="1" speed="7246" time="6160" acceleration="11614"/>
    <motionState vehicle="2" speed="2381" time="6160" acceleration="-550"/>
    <motionState vehicle="3" speed="2322" time="6160" acceleration="551"/>
    <motionState vehicle="4" speed="8355" time="6160" acceleration="13636"/>
    <motionState vehicle="5" speed="2366" time="6160" acceleration="1676"/>
    <motionState vehicle="6" speed="2530" time="6160" acceleration="2015"/>
    <motionState vehicle="7" speed="2727" time="6160" acceleration="1803"/>
    <motionState vehicle="8" speed="2897" time="6160" acceleration="975"/>
    <motionState vehicle="9" speed="2979" time="6160" acceleration="-272"/>
    <motionState vehicle="10" speed="2932" time="6160" acceleration="-1424"/>
    <motionState vehicle="11" speed="2772" time="6160" acceleration="-1947"/>
    <motionState vehicle="0" speed="2559" time="6170" acceleration="-1588"/>
    <motionState vehicle="1" speed="7258" time="6170" acceleration="11627"/>
    <motionState vehicle="2" speed="2381" time="6170" acceleration="-541"/>
    <motionState vehicle="3" speed="2323" time="6170" acceleration="560"/>
    <motionState vehicle="4" speed="8368" time="6170" acceleration="13636"/>
    <motionState vehicle="5" speed="2368" time="6170" acceleration="1679"/>
    <motionState vehicle="6" speed="2532" time="6170" acceleration="2013"/>
    <motionState vehicle="7" speed="2728" time="6170" acceleration="1794"/>
    <motionState vehicle="8" speed="2898" time="6170" acceleration="962"/>
    <motionState vehicle="9" speed="2979" time="6170" acceleration="-285"/>
    <motionState vehicle="10" speed="2931" time="6170" acceleration="-1430"/>
    <motionState vehicle="11" speed="2770" time="6170" acceleration="-1945"/>
    <motionState vehicle="0" speed="2557" time="6180" acceleration="-1580"/>
    <motionState vehicle="1" speed="7269" time="6180" acceleration="11641"/>
    <motionState vehicle="2" speed="2380" time="6180" acceleration="-531"/>
    <motionState vehicle="3" speed="2323" time="6180" acceleration="569"/>
    <motionState vehicle="4" speed="8382" time="6180" acceleration="13636"/>
    <motionState vehicle="5" speed="2370" time="6180" acceleration="1682"/>
    <motionState vehicle="6" speed="2534" time="6180" acceleration="2010"/>
    <motionState vehicle="7" speed="2730" time="6180" acceleration="1786"/>
    <motionState vehicle="8" speed="2899" time="6180" acceleration="949"/>
    <motionState vehicle="9" speed="2978" time="6180" acceleration="-297"/>
    <motionState vehicle="10" speed="2929" time="6180" acceleration="-1437"/>
    <motionState vehicle="11" speed="2768" time="6180" acceleration="-1944"/>
    <motionState vehicle="0" speed="2556" time="6190" acceleration="-1572"/>
    <motionState vehicle="1" speed="7281" time="6190" acceleration="11654"/>
    <motionState vehicle="2" speed="2380" time="6190" acceleration="-521"/>
    <motionState vehicle="3" speed="2324" time="6190" acceleration="579"/>
    <motionState vehicle="4" speed="8396" time="6190" acceleration="13636"/>
    <motionState vehicle="5" speed="2371" time="6190" acceleration="1685"/>
    <motionState vehicle="6" speed="2536" time="6190" acceleration="2008"/>
    <motionState vehicle="7" speed="2732" time="6190" acceleration="1777"/>
    <motionState vehicle="8" speed="2900" time="6190" acceleration="936"/>
    <motionState vehicle="9" speed="2978" time="6190" acceleration="-309"/>
    <motionState vehicle="10" speed="2928" time="6190" acceleration="-1443"/>
    <motionState vehicle="11" speed="2766" time="6190" acceleration="-1942"/>
    <motionState vehicle="0" speed="2554" time="6200" acceleration="-1564"/>
    <motionState vehicle="1" speed="7292" time="6200" acceleration="11668"/>
    <motionState vehicle="2" speed="2379" time="6200" acceleration="-512"/>
    <motionState vehicle="3" speed="2324" time="6200" acceleration="588"/>
    <motionState vehicle="4" speed="8409" time="6200" acceleration="13636"/>
    <motionState vehicle="5" speed="2373" time="6200" acceleration="1687"/>
    <motionState vehicle="6" speed="2538" time="6200" acceleration="2005"/>
    <motionState vehicle="7" speed="2734" time="6200" acceleration="1769"/>
    <motionState vehicle="8" speed="2901" time="6200" acceleration="924"/>
    <motionState vehicle="9" speed="2978" time="6200" acceleration="-321"/>
    <motionState vehicle="10" speed="2926" time="6200" acceleration="-1449"/>
    <motionState vehicle="11" speed="2764" time="6200" acceleration="-1940"/>
    <motionState vehicle="0" speed="2552" time="6210" acceleration="-1556"/>
    <motionState vehicle="1" speed="7304" time="6210" acceleration="11681"/>
    <motionState vehicle="2" speed="2379" time="6210" acceleration="-502"/>
    <motionState vehicle="3" speed="2325" time="6210" acceleration="597"/>
    <motionState vehicle="4" speed="8423" time="6210" acceleration="13636"/>
    <motionState vehicle="5" speed="2375" time="6210" acceleration="1690"/>
    <motionState vehicle="6" speed="2540" time="6210" acceleration="2002"/>
    <motionState vehicle="7" speed="2735" time="6210" acceleration="1760"/>
    <motionState vehicle="8" speed="2902" time="6210" acceleration="911"/>
    <motionState vehicle="9" speed="2977" time="6210" acceleration="-333"/>
    <motionState vehicle="10" speed="2925" time="6210" acceleration="-1455"/>
    <motionState vehicle="11" speed="2762" time="6210" acceleration="-1938"/>
    <motionState vehicle="0" speed="2551" time="6220" acceleration="-1549"/>
    <motionState vehicle="1" speed="7316" time="6220" acceleration="11694"/>
    <motionState vehicle="2" speed="2378" time="6220" acceleration="-492"/>
    <motionState vehicle="3" speed="2326" time="6220" acceleration="606"/>
    <motionState vehicle="4" speed="8437" time="6220" acceleration="13636"/>
    <motionState vehicle="5" speed="2376" time="6220" acceleration="1692"/>
    <motionState vehicle="6" speed="2542" time="6220" acceleration="2000"/>
    <motionState vehicle="7" speed="2737" time="6220" acceleration="1751"/>
    <motionState vehicle="8" speed="2903" time="6220" acceleration="898"/>
    <motionState vehicle="9" speed="2977" time="6220" acceleration="-345"/>
    <motionState vehicle="10" speed="2924" time="6220" acceleration="-1461"/>
    <motionState vehicle="11" speed="2760" time="6220" acceleration="-1936"/>
    <motionState vehicle="0" speed="2549" time="6230" acceleration="-1541"/>
    <motionState vehicle="1" speed="7328" time="6230" acceleration="11708"/>
    <motionState vehicle="2" speed="2378" time="6230" acceleration="-483"/>
    <motionState vehicle="3" speed="2326" time="6230" acceleration="615"/>
    <motionState vehicle="4" speed="8450" time="6230" acceleration="13636"/>
    <motionState vehicle="5" speed="2378" time="6230" acceleration="1695"/>
    <motionState vehicle="6" speed="2544" time="6230" acceleration="1997"/>
    <motionState vehicle="7" speed="2739" time="6230" acceleration="1743"/>
    <motionState vehicle="8" speed="2903" time="6230" acceleration="885"/>
    <motionState vehicle="9" speed="2977" time="6230" acceleration="-357"/>
    <motionState vehicle="10" speed="2922" time="6230" acceleration="-1467"/>
    <motionState vehicle="11" speed="2758" time="6230" acceleration="-1934"/>
    <motionState vehicle="0" speed="2548" time="6240" acceleration="-1533"/>
    <motionState vehicle="1" speed="7339" time="6240" acceleration="11721"/>
    <motionState vehicle="2" speed="2377" time="6240" acceleration="-473"/>
    <motionState vehicle="3" speed="2327" time="6240" acceleration="624"/>
    <motionState vehicle="4" speed="8464" time="6240" acceleration="13636"/>
    <motionState vehicle="5" speed="2380" time="6240" acceleration="1697"/>
    <motionState vehicle="6" speed="2546" time="6240" acceleration="1994"/>
    <motionState vehicle="7" speed="2741" time="6240" acceleration="1734"/>
    <motionState vehicle="8" speed="2904" time="6240" acceleration="873"/>
    <motionState vehicle="9" speed="2976" time="6240" acceleration="-368"/>
    <motionState vehicle="10" speed="2921" time="6240" acceleration="-1473"/>
    <motionState vehicle="11" speed="2756" time="6240" acceleration="-1932"/>
    <motionState vehicle="0" speed="2546" time="6250" acceleration="-1524"/>
    <motionState vehicle="1" speed="7351" time="6250" acceleration="11734"/>
    <motionState vehicle="2" speed="2377" time="6250" acceleration="-463"/>
    <motionState vehicle="3" speed="2328" time="6250" acceleration="633"/>
    <motionState vehicle="4" speed="8477" time="6250" acceleration="13636"/>
    <motionState vehicle="5" speed="2381" time="6250" acceleration="1700"/>
    <motionState vehicle="6" speed="2548" time="6250" acceleration="1992"/>
    <motionState vehicle="7" speed="2742" time="6250" acceleration="1725"/>
    <motionState vehicle="8" speed="2905" time="6250" acceleration="860"/>
    <motionState vehicle="9" speed="2976" time="6250" acceleration="-380"/>
    <motionState vehicle="10" speed="2919" time="6250" acceleration="-1478"/>
    <motionState vehicle="11" speed="2754" time="6250" acceleration="-1929"/>
    <motionState vehicle="0" speed="2545" time="6260" acceleration="-1516"/>
    <motionState vehicle="1" speed="7363" time="6260" acceleration="11747"/>
    <motionState vehicle="2" speed="2376" time="6260" acceleration="-453"/>
    <motionState vehicle="3" speed="2328" time="6260" acceleration="641"/>
    <motionState vehicle="4" speed="8491" time="6260" acceleration="13636"/>
    <motionState vehicle="5" speed="2383" time="6260" acceleration="1702"/>
    <motionState vehicle="6" speed="2550" time="6260" acceleration="1989"/>
    <motionState vehicle="7" speed="2744" time="6260" acceleration="1717"/>
    <motionState vehicle="8" speed="2906" time="6260" acceleration="847"/>
    <motionState vehicle="9" speed="2975" time="6260" acceleration="-392"/>
    <motionState vehicle="10" speed="2918" time="6260" acceleration="-1484"/>
    <motionState vehicle="11" speed="2752" time="6260" acceleration="-1927"/>
    <motionState vehicle="0" speed="2543" time="6270" acceleration="-1508"/>
    <motionState vehicle="1" speed="7375" time="6270" acceleration="11760"/>
    <motionState vehicle="2" speed="2376" time="6270" acceleration="-444"/>
    <motionState vehicle="3" speed="2329" time="6270" acceleration="650"/>
    <motionState vehicle="4" speed="8505" time="6270" acceleration="13636"/>
    <motionState vehicle="5" speed="2385" time="6270" acceleration="1704"/>
    <motionState vehicle="6" speed="2552" time="6270" acceleration="1986"/>
    <motionState vehicle="7" speed="2746" time="6270" acceleration="1708"/>
    <motionState vehicle="8" speed="2907" time="6270" acceleration="835"/>
    <motionState vehicle="9" speed="2975" time="6270" acceleration="-403"/>
    <motionState vehicle="10" speed="2916" time="6270" acceleration="-1490"/>
    <motionState vehicle="11" speed="2751" time="6270" acceleration="-1925"/>
    <motionState vehicle="0" speed="2542" time="6280" acceleration="-1500"/>
    <motionState vehicle="1" speed="7386" time="6280" acceleration="11773"/>
    <motionState vehicle="2" speed="2375" time="6280" acceleration="-434"/>
    <motionState vehicle="3" speed="2329" time="6280" acceleration="659"/>
    <motionState vehicle="4" speed="8518" time="6280" acceleration="13636"/>
    <motionState vehicle="5" speed="2386" time="6280" acceleration="1707"/>
    <motionState vehicle="6" speed="2554" time="6280" acceleration="1983"/>
    <motionState vehicle="7" speed="2748" time="6280" acceleration="1699"/>
    <motionState vehicle="8" speed="2908" time="6280" acceleration="822"/>
    <motionState vehicle="9" speed="2975" time="6280" acceleration="-415"/>
    <motionState vehicle="10" speed="2915" time="6280" acceleration="-1495"/>
    <motionState vehicle="11" speed="2749" time="6280" acceleration="-1922"/>
    <motionState vehicle="0" speed="2540" time="6290" acceleration="-1492"/>
    <motionState vehicle="1" speed="7398" time="6290" acceleration="11786"/>
    <motionState vehicle="2" speed="2375" time="6290" acceleration="-424"/>
    <motionState vehicle="3" speed="2330" time="6290" acceleration="668"/>
    <motionState vehicle="4" speed="8532" time="6290" acceleration="13636"/>
    <motionState vehicle="5" speed="2388" time="6290" acceleration="1709"/>
    <motionState vehicle="6" speed="2556" time="6290" acceleration="1980"/>
    <motionState vehicle="7" speed="2749" time="6290" acceleration="1690"/>
    <motionState vehicle="8" speed="2908" time="6290" acceleration="809"/>
    <motionState vehicle="9" speed="2974" time="6290" acceleration="-427"/>
    <motionState vehicle="10" speed="2913" time="6290" acceleration="-1500"/>
    <motionState vehicle="11" speed="2747" time="6290" acceleration="-1920"/>
    <motionState vehicle="0" speed="2539" time="6300" acceleration="-1484"/>
    <motionState vehicle="1" speed="7410" time="6300" acceleration="11798"/>
    <motionState vehicle="2" speed="2375" time="6300" acceleration="-415"/>
    <motionState vehicle="3" speed="2331" time="6300" acceleration="676"/>
    <motionState vehicle="4" speed="8546" time="6300" acceleration="13636"/>
    <motionState vehicle="5" speed="2390" time="6300" acceleration="1711"/>
    <motionState vehicle="6" speed="2558" time="6300" acceleration="1977"/>
    <motionState vehicle="7" speed="2751" time="6300" acceleration="1681"/>
    <motionState vehicle="8" speed="2909" time="6300" acceleration="797"/>
    <motionState vehicle="9" speed="2974" time="6300" acceleration="-438"/>
    <motionState vehicle="10" speed="2912" time="6300" acceleration="-1506"/>
    <motionState vehicle="11" speed="2745" time="6300" acceleration="-1917"/>
    <motionState vehicle="0" speed="2537" time="6310" acceleration="-1475"/>
    <motionState vehicle="1" speed="7422" time="6310" acceleration="11811"/>
    <motionState vehicle="2" speed="2374" time="6310" acceleration="-405"/>
    <motionState vehicle="3" speed="2331" time="6310" acceleration="685"/>
    <motionState vehicle="4" speed="8559" time="6310" acceleration="13636"/>
    <motionState vehicle="5" speed="2392" time="6310" acceleration="1713"/>
    <motionState vehicle="6" speed="2560" time="6310" acceleration="1974"/>
    <motionState vehicle="7" speed="2753" time="6310" acceleration="1672"/>
    <motionState vehicle="8" speed="2910" time="6310" acceleration="784"/>
    <motionState vehicle="9" speed="2973" time="6310" acceleration="-449"/>
    <motionState vehicle="10" speed="2910" time="6310" acceleration="-1511"/>
    <motionState vehicle="11" speed="2743" time="6310" acceleration="-1914"/>
    <motionState vehicle="0" speed="2536" time="6320" acceleration="-1467"/>
    <motionState vehicle="1" speed="7434" time="6320" acceleration="11824"/>
    <motionState vehicle="2" speed="2374" time="6320" acceleration="-395"/>
    <motionState vehicle="3" speed="2332" time="6320" acceleration="694"/>
    <motionState vehicle="4" speed="8573" time="6320" acceleration="13636"/>
    <motionState vehicle="5" speed="2393" time="6320" acceleration="1715"/>
    <motionState vehicle="6" speed="2562" time="6320" acceleration="1970"/>
    <motionState vehicle="7" speed="2754" time="6320" acceleration="1663"/>
    <motionState vehicle="8" speed="2911" time="6320" acceleration="772"/>
    <motionState vehicle="9" speed="2973" time="6320" acceleration="-461"/>
    <motionState vehicle="10" speed="2909" time="6320" acceleration="-1516"/>
    <motionState vehicle="11" speed="2741" time="6320" acceleration="-1912"/>
    <motionState vehicle="0" speed="2534" time="6330" acceleration="-1459"/>
    <motionState vehicle="1" speed="7445" time="6330" acceleration="11836"/>
    <motionState vehicle="2" speed="2373" time="6330" acceleration="-385"/>
    <motionState vehicle="3" speed="2333" time="6330" acceleration="702"/>
    <motionState vehicle="4" speed="8587" time="6330" acceleration="13636"/>
    <motionState vehicle="5" speed="2395" time="6330" acceleration="1717"/>
    <motionState vehicle="6" speed="2564" time="6330" acceleration="1967"/>
    <motionState vehicle="7" speed="2756" time="6330" acceleration="1654"/>
    <motionState vehicle="8" speed="2912" time="6330" acceleration="759"/>
    <motionState vehicle="9" speed="2972" time="6330" acceleration="-472"/>
    <motionState vehicle="10" speed="2907" time="6330" acceleration="-1521"/>
    <motionState vehicle="11" speed="2739" time="6330" acceleration="-1909"/>
    <motionState vehicle="0" speed="2533" time="6340" acceleration="-1450"/>
    <motionState vehicle="1" speed="7457" time="6340" acceleration="11849"/>
    <motionState vehicle="2" speed="2373" time="6340" acceleration="-376"/>
    <motionState vehicle="3" speed="2334" time="6340" acceleration="711"/>
    <motionState vehicle="4" speed="8600" time="6340" acceleration="13636"/>
    <motionState vehicle="5" speed="2397" time="6340" acceleration="1719"/>
    <motionState vehicle="6" speed="2566" time="6340" acceleration="1964"/>
    <motionState vehicle="7" speed="2758" time="6340" acceleration="1645"/>
    <motionState vehicle="8" speed="2912" time="6340" acceleration="746"/>
    <motionState vehicle="9" speed="2972" time="6340" acceleration="-483"/>
    <motionState vehicle="10" speed="2906" time="6340" acceleration="-1526"/>
    <motionState vehicle="11" speed="2737" time="6340" acceleration="-1906"/>
    <motionState vehicle="0" speed="2532" time="6350" acceleration="-1442"/>
    <motionState vehicle="1" speed="7469" time="6350" acceleration="11861"/>
    <motionState vehicle="2" speed="2373" time="6350" acceleration="-366"/>
    <motionState vehicle="3" speed="2334" time="6350" acceleration="719"/>
    <motionState vehicle="4" speed="8614" time="6350" acceleration="13636"/>
    <motionState vehicle="5" speed="2398" time="6350" acceleration="1721"/>
    <motionState vehicle="6" speed="2568" time="6350" acceleration="1960"/>
    <motionState vehicle="7" speed="2759" time="6350" acceleration="1636"/>
    <motionState vehicle="8" speed="2913" time="6350" acceleration="734"/>
    <motionState vehicle="9" speed="2971" time="6350" acceleration="-494"/>
    <motionState vehicle="10" speed="2904" time="6350" acceleration="-1531"/>
    <motionState vehicle="11" speed="2735" time="6350" acceleration="-1903"/>
    <motionState vehicle="0" speed="2530" time="6360" acceleration="-1433"/>
    <motionState vehicle="1" speed="7481" time="6360" acceleration="11874"/>
    <motionState vehicle="2" speed="2372" time="6360" acceleration="-356"/>
    <motionState vehicle="3" speed="2335" time="6360" acceleration="727"/>
    <motionState vehicle="4" speed="8627" time="6360" acceleration="13636"/>
    <motionState vehicle="5" speed="2400" time="6360" acceleration="1723"/>
    <motionState vehicle="6" speed="2570" time="6360" acceleration="1957"/>
    <motionState vehicle="7" speed="2761" time="6360" acceleration="1627"/>
    <motionState vehicle="8" speed="2914" time="6360" acceleration="721"/>
    <motionState vehicle="9" speed="2971" time="6360" acceleration="-505"/>
    <motionState vehicle="10" speed="2903" time="6360" acceleration="-1536"/>
    <motionState vehicle="11" speed="2733" time="6360" acceleration="-1900"/>
    <motionState vehicle="0" speed="2529" time="6370" acceleration="-1425"/>
    <motionState vehicle="1" speed="7493" time="6370" acceleration="11886"/>
    <motionState vehicle="2" speed="2372" time="6370" acceleration="-346"/>
    <motionState vehicle="3" speed="2336" time="6370" acceleration="736"/>
    <motionState vehicle="4" speed="8641" time="6370" acceleration="13636"/>
    <motionState vehicle="5" speed="2402" time="6370" acceleration="1725"/>
    <motionState vehicle="6" speed="2572" time="6370" acceleration="1954"/>
    <motionState vehicle="7" speed="2762" time="6370" acceleration="1618"/>
    <motionState vehicle="8" speed="2914" time="6370" acceleration="709"/>
    <motionState vehicle="9" speed="2970" time="6370" acceleration="-516"/>
    <motionState vehicle="10" speed="2901" time="6370" acceleration="-1541"/>
    <motionState vehicle="11" speed="2731" time="6370" acceleration="-1897"/>
    <motionState vehicle="0" speed="2527" time="6380" acceleration="-1416"/>
    <motionState vehicle="1" speed="7505" time="6380" acceleration="11898"/>
    <motionState vehicle="2" speed="2372" time="6380" acceleration="-337"/>
    <motionState vehicle="3" speed="2337" time="6380" acceleration="744"/>
    <motionState vehicle="4" speed="8655" time="6380" acceleration="13636"/>
    <motionState vehicle="5" speed="2404" time="6380" acceleration="1727"/>
    <motionState vehicle="6" speed="2574" time="6380" acceleration="1950"/>
    <motionState vehicle="7" speed="2764" time="6380" acceleration="1609"/>
    <motionState vehicle="8" speed="2915" time="6380" acceleration="696"/>
    <motionState vehicle="9" speed="2970" time="6380" acceleration="-527"/>
    <motionState vehicle="10" speed="2899" time="6380" acceleration="-1545"/>
    <motionState vehicle="11" speed="2730" time="6380" acceleration="-1894"/>
    <motionState vehicle="0" speed="2526" time="6390" acceleration="-1408"/>
    <motionState vehicle="1" speed="7517" time="6390" acceleration="11910"/>
    <motionState vehicle="2" speed="2371" time="6390" acceleration="-327"/>
    <motionState vehicle="3" speed="2337" time="6390" acceleration="752"/>
    <motionState vehicle="4" speed="8668" time="6390" acceleration="13636"/>
    <motionState vehicle="5" speed="2405" time="6390" acceleration="1729"/>
    <motionState vehicle="6" speed="2576" time="6390" acceleration="1947"/>
    <motionState vehicle="7" speed="2766" time="6390" acceleration="1600"/>
    <motionState vehicle="8" speed="2916" time="6390" acceleration="684"/>
    <motionState vehicle="9" speed="2969" time="6390" acceleration="-538"/>
    <motionState vehicle="10" speed="2898" time="6390" acceleration="-1550"/>
    <motionState vehicle="11" speed="2728" time="6390" acceleration="-1891"/>
    <motionState vehicle="0" speed="2524" time="6400" acceleration="-1399"/>
    <motionState vehicle="1" speed="7529" time="6400" acceleration="11922"/>
    <motionState vehicle="2" speed="2371" time="6400" acceleration="-317"/>
    <motionState vehicle="3" speed="2338" time="6400" acceleration="761"/>
    <motionState vehicle="4" speed="8682" time="6400" acceleration="13636"/>
    <motionState vehicle="5" speed="2407" time="6400" acceleration="1731"/>
    <motionState vehicle="6" speed="2578" time="6400" acceleration="1943"/>
    <motionState vehicle="7" speed="2767" time="6400" acceleration="1591"/>
    <motionState vehicle="8" speed="2917" time="6400" acceleration="671"/>
    <motionState vehicle="9" speed="2969" time="6400" acceleration="-549"/>
    <motionState vehicle="10" speed="2896" time="6400" acceleration="-1554"/>
    <motionState vehicle="11" speed="2726" time="6400" acceleration="-1888"/>
    <motionState vehicle="0" speed="2523" time="6410" acceleration="-1391"/>
    <motionState vehicle="1" speed="7540" time="6410" acceleration="11934"/>
    <motionState vehicle="2" speed="2371" time="6410" acceleration="-308"/>
    <motionState vehicle="3" speed="2339" time="6410" acceleration="769"/>
    <motionState vehicle="4" speed="8696" time="6410" acceleration="13636"/>
    <motionState vehicle="5" speed="2409" time="6410" acceleration="1732"/>
    <motionState vehicle="6" speed="2580" time="6410" acceleration="1939"/>
    <motionState vehicle="7" speed="2769" time="6410" acceleration="1581"/>
    <motionState vehicle="8" speed="2917" time="6410" acceleration="659"/>
    <motionState vehicle="9" speed="2968" time="6410" acceleration="-559"/>
    <motionState vehicle="10" speed="2895" time="6410" acceleration="-1559"/>
    <motionState vehicle="11" speed="2724" time="6410" acceleration="-1884"/>
    <motionState vehicle="0" speed="2522" time="6420" acceleration="-1382"/>
    <motionState vehicle="1" speed="7552" time="6420" acceleration="11946"/>
    <motionState vehicle="2" speed="2370" time="6420" acceleration="-298"/>
    <motionState vehicle="3" speed="2340" time="6420" acceleration="777"/>
    <motionState vehicle="4" speed="8709" time="6420" acceleration="13636"/>
    <motionState vehicle="5" speed="2411" time="6420" acceleration="1734"/>
    <motionState vehicle="6" speed="2582" time="6420" acceleration="1936"/>
    <motionState vehicle="7" speed="2770" time="6420" acceleration="1572"/>
    <motionState vehicle="8" speed="2918" time="6420" acceleration="646"/>
    <motionState vehicle="9" speed="2968" time="6420" acceleration="-570"/>
    <motionState vehicle="10" speed="2893" time="6420" acceleration="-1563"/>
    <motionState vehicle="11" speed="2722" time="6420" acceleration="-1881"/>
    <motionState vehicle="0" speed="2520" time="6430" acceleration="-1373"/>
    <motionState vehicle="1" speed="7564" time="6430" acceleration="11958"/>
    <motionState vehicle="2" speed="2370" time="6430" acceleration="-288"/>
    <motionState vehicle="3" speed="2340" time="6430" acceleration="785"/>
    <motionState vehicle="4" speed="8723" time="6430" acceleration="13636"/>
    <motionState vehicle="5" speed="2412" time="6430" acceleration="1736"/>
    <motionState vehicle="6" speed="2584" time="6430" acceleration="1932"/>
    <motionState vehicle="7" speed="2772" time="6430" acceleration="1563"/>
    <motionState vehicle="8" speed="2918" time="6430" acceleration="634"/>
    <motionState vehicle="9" speed="2967" time="6430" acceleration="-581"/>
    <motionState vehicle="10" speed="2892" time="6430" acceleration="-1567"/>
    <motionState vehicle="11" speed="2720" time="6430" acceleration="-1877"/>
    <motionState vehicle="0" speed="2519" time="6440" acceleration="-1365"/>
    <motionState vehicle="1" speed="7576" time="6440" acceleration="11970"/>
    <motionState vehicle="2" speed="2370" time="6440" acceleration="-278"/>
    <motionState vehicle="3" speed="2341" time="6440" acceleration="793"/>
    <motionState vehicle="4" speed="8737" time="6440" acceleration="13636"/>
    <motionState vehicle="5" speed="2414" time="6440" acceleration="1737"/>
    <motionState vehicle="6" speed="2585" time="6440" acceleration="1928"/>
    <motionState vehicle="7" speed="2773" time="6440" acceleration="1553"/>
    <motionState vehicle="8" speed="2919" time="6440" acceleration="622"/>
    <motionState vehicle="9" speed="2966" time="6440" acceleration="-591"/>
    <motionState vehicle="10" speed="2890" time="6440" acceleration="-1571"/>
    <motionState vehicle="11" speed="2718" time="6440" acceleration="-1874"/>
    <motionState vehicle="0" speed="2518" time="6450" acceleration="-1356"/>
    <motionState vehicle="1" speed="7588" time="6450" acceleration="11982"/>
    <motionState vehicle="2" speed="2369" time="6450" acceleration="-269"/>
    <motionState vehicle="3" speed="2342" time="6450" acceleration="801"/>
    <motionState vehicle="4" speed="8750" time="6450" acceleration="13636"/>
    <motionState vehicle="5" speed="2416" time="6450" acceleration="1739"/>
    <motionState vehicle="6" speed="2587" time="6450" acceleration="1924"/>
    <motionState vehicle="7" speed="2775" time="6450" acceleration="1544"/>
    <motionState vehicle="8" speed="2920" time="6450" acceleration="609"/>
    <motionState vehicle="9" speed="2966" time="6450" acceleration="-602"/>
    <motionState vehicle="10" speed="2888" time="6450" acceleration="-1575"/>
    <motionState vehicle="11" speed="2716" time="6450" acceleration="-1870"/>
    <motionState vehicle="0" speed="2516" time="6460" acceleration="-1347"/>
    <motionState vehicle="1" speed="7600" time="6460" acceleration="11994"/>
    <motionState vehicle="2" speed="2369" time="6460" acceleration="-259"/>
    <motionState vehicle="3" speed="2343" time="6460" acceleration="809"/>
    <motionState vehicle="4" speed="8764" time="6460" acceleration="13636"/>
    <motionState vehicle="5" speed="2418" time="6460" acceleration="1740"/>
    <motionState vehicle="6" speed="2589" time="6460" acceleration="1920"/>
    <motionState vehicle="7" speed="2777" time="6460" acceleration="1535"/>
    <motionState vehicle="8" speed="2920" time="6460" acceleration="597"/>
    <motionState vehicle="9" speed="2965" time="6460" acceleration="-612"/>
    <motionState vehicle="10" speed="2887" time="6460" acceleration="-1579"/>
    <motionState vehicle="11" speed="2714" time="6460" acceleration="-1867"/>
    <motionState vehicle="0" speed="2515" time="6470" acceleration="-1338"/>
    <motionState vehicle="1" speed="7612" time="6470" acceleration="12005"/>
    <motionState vehicle="2" speed="2369" time="6470" acceleration="-249"/>
    <motionState vehicle="3" speed="2344" time="6470" acceleration="817"/>
    <motionState vehicle="4" speed="8777" time="6470" acceleration="13636"/>
    <motionState vehicle="5" speed="2419" time="6470" acceleration="1742"/>
    <motionState vehicle="6" speed="2591" time="6470" acceleration="1916"/>
    <motionState vehicle="7" speed="2778" time="6470" acceleration="1525"/>
    <motionState vehicle="8" speed="2921" time="6470" acceleration="584"/>
    <motionState vehicle="9" speed="2965" time="6470" acceleration="-622"/>
    <motionState vehicle="10" speed="2885" time="6470" acceleration="-1583"/>
    <motionState vehicle="11" speed="2713" time="6470" acceleration="-1863"/>
    <motionState vehicle="0" speed="2514" time="6480" acceleration="-1330"/>
    <motionState vehicle="1" speed="7624" time="6480" acceleration="12017"/>
    <motionState vehicle="2" speed="2369" time="6480" acceleration="-240"/>
    <motionState vehicle="3" speed="2344" time="6480" acceleration="825"/>
    <motionState vehicle="4" speed="8791" time="6480" acceleration="13636"/>
    <motionState vehicle="5" speed="2421" time="6480" acceleration="1743"/>
    <motionState vehicle="6" speed="2593" time="6480" acceleration="1912"/>
    <motionState vehicle="7" speed="2780" time="6480" acceleration="1516"/>
    <motionState vehicle="8" speed="2921" time="6480" acceleration="572"/>
    <motionState vehicle="9" speed="2964" time="6480" acceleration="-633"/>
    <motionState vehicle="10" speed="2884" time="6480" acceleration="-1587"/>
    <motionState vehicle="11" speed="2711" time="6480" acceleration="-1859"/>
    <motionState vehicle="0" speed="2512" time="6490" acceleration="-1321"/>
    <motionState vehicle="1" speed="7636" time="6490" acceleration="12029"/>
    <motionState vehicle="2" speed="2368" time="6490" acceleration="-230"/>
    <motionState vehicle="3" speed="2345" time="6490" acceleration="833"/>
    <motionState vehicle="4" speed="8805" time="6490" acceleration="13636"/>
    <motionState vehicle="5" speed="2423" time="6490" acceleration="1744"/>
    <motionState vehicle="6" speed="2595" time="6490" acceleration="1908"/>
    <motionState vehicle="7" speed="2781" time="6490" acceleration="1506"/>
    <motionState vehicle="8" speed="2922" time="6490" acceleration="560"/>
    <motionState vehicle="9" speed="2963" time="6490" acceleration="-643"/>
    <motionState vehicle="10" speed="2882" time="6490" acceleration="-1591"/>
    <motionState vehicle="11" speed="2709" time="6490" acceleration="-1856"/>
    <motionState vehicle="0" speed="2511" time="6500" acceleration="-1312"/>
    <motionState vehicle="1" speed="7648" time="6500" acceleration="12040"/>
    <motionState vehicle="2" speed="2368" time="6500" acceleration="-220"/>
    <motionState vehicle="3" speed="2346" time="6500" acceleration="840"/>
    <motionState vehicle="4" speed="8818" time="6500" acceleration="13636"/>
    <motionState vehicle="5" speed="2425" time="6500" acceleration="1746"/>
    <motionState vehicle="6" speed="2597" time="6500" acceleration="1904"/>
    <motionState vehicle="7" speed="2783" time="6500" acceleration="1497"/>
    <motionState vehicle="8" speed="2923" time="6500" acceleration="548"/>
    <motionState vehicle="9" speed="2963" time="6500" acceleration="-653"/>
    <motionState vehicle="10" speed="2881" time="6500" acceleration="-1595"/>
    <motionState vehicle="11" speed="2707" time="6500" acceleration="-1852"/>
    <motionState vehicle="0" speed="2510" time="6510" acceleration="-1303"/>
    <motionState vehicle="1" speed="7660" time="6510" acceleration="12051"/>
    <motionState vehicle="2" speed="2368" time="6510" acceleration="-211"/>
    <motionState vehicle="3" speed="2347" time="6510" acceleration="848"/>
    <motionState vehicle="4" speed="8832" time="6510" acceleration="13636"/>
    <motionState vehicle="5" speed="2426" time="6510" acceleration="1747"/>
    <motionState vehicle="6" speed="2599" time="6510" acceleration="1900"/>
    <motionState vehicle="7" speed="2784" time="6510" acceleration="1487"/>
    <motionState vehicle="8" speed="2923" time="6510" acceleration="535"/>
    <motionState vehicle="9" speed="2962" time="6510" acceleration="-663"/>
    <motionState vehicle="10" speed="2879" time="6510" acceleration="-1598"/>
    <motionState vehicle="11" speed="2705" time="6510" acceleration="-1848"/>
    <motionState vehicle="0" speed="2508" time="6520" acceleration="-1294"/>
    <motionState vehicle="1" speed="7673" time="6520" acceleration="12063"/>
    <motionState vehicle="2" speed="2368" time="6520" acceleration="-201"/>
    <motionState vehicle="3" speed="2348" time="6520" acceleration="856"/>
    <motionState vehicle="4" speed="8846" time="6520" acceleration="13636"/>
    <motionState vehicle="5" speed="2428" time="6520" acceleration="1748"/>
    <motionState vehicle="6" speed="2601" time="6520" acceleration="1896"/>
    <motionState vehicle="7" speed="2786" time="6520" acceleration="1478"/>
    <motionState vehicle="8" speed="2924" time="6520" acceleration="523"/>
    <motionState vehicle="9" speed="2961" time="6520" acceleration="-673"/>
    <motionState vehicle="10" speed="2877" time="6520" acceleration="-1602"/>
    <motionState vehicle="11" speed="2703" time="6520" acceleration="-1844"/>
    <motionState vehicle="0" speed="2507" time="6530" acceleration="-1285"/>
    <motionState vehicle="1" speed="7685" time="6530" acceleration="12074"/>
    <motionState vehicle="2" speed="2368" time="6530" acceleration="-191"/>
    <motionState vehicle="3" speed="2349" time="6530" acceleration="863"/>
    <motionState vehicle="4" speed="8859" time="6530" acceleration="13636"/>
    <motionState vehicle="5" speed="2430" time="6530" acceleration="1749"/>
    <motionState vehicle="6" speed="2603" time="6530" acceleration="1892"/>
    <motionState vehicle="7" speed="2787" time="6530" acceleration="1468"/>
    <motionState vehicle="8" speed="2924" time="6530" acceleration="511"/>
    <motionState vehicle="9" speed="2961" time="6530" acceleration="-683"/>
    <motionState vehicle="10" speed="2876" time="6530" acceleration="-1605"/>
    <motionState vehicle="11" speed="2702" time="6530" acceleration="-1840"/>
    <motionState vehicle="0" speed="2506" time="6540" acceleration="-1276"/>
    <motionState vehicle="1" speed="7697" time="6540" acceleration="12085"/>
    <motionState vehicle="2" speed="2367" time="6540" acceleration="-182"/>
    <motionState vehicle="3" speed="2350" time="6540" acceleration="871"/>
    <motionState vehicle="4" speed="8873" time="6540" acceleration="13636"/>
    <motionState vehicle="5" speed="2432" time="6540" acceleration="1750"/>
    <motionState vehicle="6" speed="2605" time="6540" acceleration="1888"/>
    <motionState vehicle="7" speed="2789" time="6540" acceleration="1459"/>
    <motionState vehicle="8" speed="2925" time="6540" acceleration="499"/>
    <motionState vehicle="9" speed="2960" time="6540" acceleration="-693"/>
    <motionState vehicle="10" speed="2874" time="6540" acceleration="-1609"/>
    <motionState vehicle="11" speed="2700" time="6540" acceleration="-1836"/>
    <motionState vehicle="0" speed="2505" time="6550" acceleration="-1267"/>
    <motionState vehicle="1" speed="7709" time="6550" acceleration="12096"/>
    <motionState vehicle="2" speed="2367" time="6550" acceleration="-172"/>
    <motionState vehicle="3" speed="2350" time="6550" acceleration="879"/>
    <motionState vehicle="4" speed="8887" time="6550" acceleration="13636"/>
    <motionState vehicle="5" speed="2433" time="6550" acceleration="1751"/>
    <motionState vehicle="6" speed="2606" time="6550" acceleration="1883"/>
    <motionState vehicle="7" speed="2790" time="6550" acceleration="1449"/>
    <motionState vehicle="8" speed="2925" time="6550" acceleration="486"/>
    <motionState vehicle="9" speed="2959" time="6550" acceleration="-703"/>
    <motionState vehicle="10" speed="2872" time="6550" acceleration="-1612"/>
    <motionState vehicle="11" speed="2698" time="6550" acceleration="-1832"/>
    <motionState vehicle="0" speed="2503" time="6560" acceleration="-1258"/>
    <motionState vehicle="1" speed="7721" time="6560" acceleration="12108"/>
    <motionState vehicle="2" speed="2367" time="6560" acceleration="-163"/>
    <motionState vehicle="3" speed="2351" time="6560" acceleration="886"/>
    <motionState vehicle="4" speed="8900" time="6560" acceleration="13636"/>
    <motionState vehicle="5" speed="2435" time="6560" acceleration="1752"/>
    <motionState vehicle="6" speed="2608" time="6560" acceleration="1879"/>
    <motionState vehicle="7" speed="2791" time="6560" acceleration="1439"/>
    <motionState vehicle="8" speed="2926" time="6560" acceleration="474"/>
    <motionState vehicle="9" speed="2958" time="6560" acceleration="-713"/>
    <motionState vehicle="10" speed="2871" time="6560" acceleration="-1615"/>
    <motionState vehicle="11" speed="2696" time="6560" acceleration="-1827"/>
    <motionState vehicle="0" speed="2502" time="6570" acceleration="-1249"/>
    <motionState vehicle="1" speed="7733" time="6570" acceleration="12119"/>
    <motionState vehicle="2" speed="2367" time="6570" acceleration="-153"/>
    <motionState vehicle="3" speed="2352" time="6570" acceleration="893"/>
    <motionState vehicle="4" speed="8914" time="6570" acceleration="13636"/>
    <motionState vehicle="5" speed="2437" time="6570" acceleration="1753"/>
    <motionState vehicle="6" speed="2610" time="6570" acceleration="1874"/>
    <motionState vehicle="7" speed="2793" time="6570" acceleration="1430"/>
    <motionState vehicle="8" speed="2926" time="6570" acceleration="462"/>
    <motionState vehicle="9" speed="2958" time="6570" acceleration="-722"/>
    <motionState vehicle="10" speed="2869" time="6570" acceleration="-1618"/>
    <motionState vehicle="11" speed="2694" time="6570" acceleration="-1823"/>
    <motionState vehicle="0" speed="2501" time="6580" acceleration="-1240"/>
    <motionState vehicle="1" speed="7745" time="6580" acceleration="12130"/>
    <motionState vehicle="2" speed="2367" time="6580" acceleration="-143"/>
    <motionState vehicle="3" speed="2353" time="6580" acceleration="901"/>
    <motionState vehicle="4" speed="8927" time="6580" acceleration="13636"/>
    <motionState vehicle="5" speed="2439" time="6580" acceleration="1754"/>
    <motionState vehicle="6" speed="2612" time="6580" acceleration="1870"/>
    <motionState vehicle="7" speed="2794" time="6580" acceleration="1420"/>
    <motionState vehicle="8" speed="2927" time="6580" acceleration="450"/>
    <motionState vehicle="9" speed="2957" time="6580" acceleration="-732"/>
    <motionState vehicle="10" speed="2868" time="6580" acceleration="-1621"/>
    <motionState vehicle="11" speed="2692" time="6580" acceleration="-1819"/>
    <motionState vehicle="0" speed="2500" time="6590" acceleration="-1231"/>
    <motionState vehicle="1" speed="7757" time="6590" acceleration="12140"/>
    <motionState vehicle="2" speed="2367" time="6590" acceleration="-134"/>
    <motionState vehicle="3" speed="2354" time="6590" acceleration="908"/>
    <motionState vehicle="4" speed="8941" time="6590" acceleration="13636"/>
    <motionState vehicle="5" speed="2440" time="6590" acceleration="1755"/>
    <motionState vehicle="6" speed="2614" time="6590" acceleration="1865"/>
    <motionState vehicle="7" speed="2796" time="6590" acceleration="1410"/>
    <motionState vehicle="8" speed="2927" time="6590" acceleration="438"/>
    <motionState vehicle="9" speed="2956" time="6590" acceleration="-741"/>
    <motionState vehicle="10" speed="2866" time="6590" acceleration="-1624"/>
    <motionState vehicle="11" speed="2691" time="6590" acceleration="-1814"/>
    <motionState vehicle="0" speed="2498" time="6600" acceleration="-1222"/>
    <motionState vehicle="1" speed="7769" time="6600" acceleration="12151"/>
    <motionState vehicle="2" speed="2367" time="6600" acceleration="-124"/>
    <motionState vehicle="3" speed="2355" time="6600" acceleration="915"/>
    <motionState vehicle="4" speed="8955" time="6600" acceleration="13636"/>
    <motionState vehicle="5" speed="2442" time="6600" acceleration="1756"/>
    <motionState vehicle="6" speed="2616" time="6600" acceleration="1861"/>
    <motionState vehicle="7" speed="2797" time="6600" acceleration="1401"/>
    <motionState vehicle="8" speed="2927" time="6600" acceleration="426"/>
    <motionState vehicle="9" speed="2956" time="6600" acceleration="-751"/>
    <motionState vehicle="10" speed="2864" time="6600" acceleration="-1627"/>
    <motionState vehicle="11" speed="2689" time="6600" acceleration="-1810"/>
    <motionState vehicle="0" speed="2497" time="6610" acceleration="-1213"/>
    <motionState vehicle="1" speed="7782" time="6610" acceleration="12162"/>
    <motionState vehicle="2" speed="2366" time="6610" acceleration="-115"/>
    <motionState vehicle="3" speed="2356" time="6610" acceleration="923"/>
    <motionState vehicle="4" speed="8968" time="6610" acceleration="13636"/>
    <motionState vehicle="5" speed="2444" time="6610" acceleration="1757"/>
    <motionState vehicle="6" speed="2618" time="6610" acceleration="1856"/>
    <motionState vehicle="7" speed="2798" time="6610" acceleration="1391"/>
    <motionState vehicle="8" speed="2928" time="6610" acceleration="414"/>
    <motionState vehicle="9" speed="2955" time="6610" acceleration="-760"/>
    <motionState vehicle="10" speed="2863" time="6610" acceleration="-1630"/>
    <motionState vehicle="11" speed="2687" time="6610" acceleration="-1805"/>
    <motionState vehicle="0" speed="2496" time="6620" acceleration="-1204"/>
    <motionState vehicle="1" speed="7794" time="6620" acceleration="12173"/>
    <motionState vehicle="2" speed="2366" time="6620" acceleration="-105"/>
    <motionState vehicle="3" speed="2357" time="6620" acceleration="930"/>
    <motionState vehicle="4" speed="8982" time="6620" acceleration="13636"/>
    <motionState vehicle="5" speed="2446" time="6620" acceleration="1758"/>
    <motionState vehicle="6" speed="2619" time="6620" acceleration="1852"/>
    <motionState vehicle="7" speed="2800" time="6620" acceleration="1381"/>
    <motionState vehicle="8" speed="2928" time="6620" acceleration="402"/>
    <motionState vehicle="9" speed="2954" time="6620" acceleration="-770"/>
    <motionState vehicle="10" speed="2861" time="6620" acceleration="-1633"/>
    <motionState vehicle="11" speed="2685" time="6620" acceleration="-1801"/>
    <motionState vehicle="0" speed="2495" time="6630" acceleration="-1195"/>
    <motionState vehicle="1" speed="7806" time="6630" acceleration="12184"/>
    <motionState vehicle="2" speed="2366" time="6630" acceleration="-96"/>
    <motionState vehicle="3" speed="2358" time="6630" acceleration="937"/>
    <motionState vehicle="4" speed="8996" time="6630" acceleration="13636"/>
    <motionState vehicle="5" speed="2447" time="6630" acceleration="1758"/>
    <motionState vehicle="6" speed="2621" time="6630" acceleration="1847"/>
    <motionState vehicle="7" speed="2801" time="6630" acceleration="1371"/>
    <motionState vehicle="8" speed="2929" time="6630" acceleration="390"/>
    <motionState vehicle="9" speed="2953" time="6630" acceleration="-779"/>
    <motionState vehicle="10" speed="2859" time="6630" acceleration="-1635"/>
    <motionState vehicle="11" speed="2683" time="6630" acceleration="-1796"/>
    <motionState vehicle="0" speed="2493" time="6640" acceleration="-1185"/>
    <motionState vehicle="1" speed="7818" time="6640" acceleration="12194"/>
    <motionState vehicle="2" speed="2366" time="6640" acceleration="-86"/>
    <motionState vehicle="3" speed="2359" time="6640" acceleration="944"/>
    <motionState vehicle="4" speed="9009" time="6640" acceleration="13636"/>
    <motionState vehicle="5" speed="2449" time="6640" acceleration="1759"/>
    <motionState vehicle="6" speed="2623" time="6640" acceleration="1842"/>
    <motionState vehicle="7" speed="2803" time="6640" acceleration="1362"/>
    <motionState vehicle="8" speed="2929" time="6640" acceleration="378"/>
    <motionState vehicle="9" speed="2952" time="6640" acceleration="-788"/>
    <motionState vehicle="10" speed="2858" time="6640" acceleration="-1638"/>
    <motionState vehicle="11" speed="2682" time="6640" acceleration="-1792"/>
    <motionState vehicle="0" speed="2492" time="6650" acceleration="-1176"/>
    <motionState vehicle="1" speed="7830" time="6650" acceleration="12205"/>
    <motionState vehicle="2" speed="2366" time="6650" acceleration="-77"/>
    <motionState vehicle="3" speed="2360" time="6650" acceleration="951"/>
    <motionState vehicle="4" speed="9023" time="6650" acceleration="13636"/>
    <motionState vehicle="5" speed="2451" time="6650" acceleration="1759"/>
    <motionState vehicle="6" speed="2625" time="6650" acceleration="1837"/>
    <motionState vehicle="7" speed="2804" time="6650" acceleration="1352"/>
    <motionState vehicle="8" speed="2929" time="6650" acceleration="366"/>
    <motionState vehicle="9" speed="2952" time="6650" acceleration="-797"/>
    <motionState vehicle="10" speed="2856" time="6650" acceleration="-1640"/>
    <motionState vehicle="11" speed="2680" time="6650" acceleration="-1787"/>
    <motionState vehicle="0" speed="2491" time="6660" acceleration="-1167"/>
    <motionState vehicle="1" speed="7843" time="6660" acceleration="12215"/>
    <motionState vehicle="2" speed="2366" time="6660" acceleration="-67"/>
    <motionState vehicle="3" speed="2361" time="6660" acceleration="958"/>
    <motionState vehicle="4" speed="9037" time="6660" acceleration="13636"/>
    <motionState vehicle="5" speed="2453" time="6660" acceleration="1760"/>
    <motionState vehicle="6" speed="2627" time="6660" acceleration="1832"/>
    <motionState vehicle="7" speed="2805" time="6660" acceleration="1342"/>
    <motionState vehicle="8" speed="2930" time="6660" acceleration="354"/>
    <motionState vehicle="9" speed="2951" time="6660" acceleration="-806"/>
    <motionState vehicle="10" speed="2855" time="6660" acceleration="-1643"/>
    <motionState vehicle="11" speed="2678" time="6660" acceleration="-1782"/>
    <motionState vehicle="0" speed="2490" time="6670" acceleration="-1158"/>
    <motionState vehicle="1" speed="7855" time="6670" acceleration="12226"/>
    <motionState vehicle="2" speed="2366" time="6670" acceleration="-58"/>
    <motionState vehicle="3" speed="2362" time="6670" acceleration="965"/>
    <motionState vehicle="4" speed="9050" time="6670" acceleration="13636"/>
    <motionState vehicle="5" speed="2454" time="6670" acceleration="1761"/>
    <motionState vehicle="6" speed="2629" time="6670" acceleration="1827"/>
    <motionState vehicle="7" speed="2807" time="6670" acceleration="1332"/>
    <motionState vehicle="8" speed="2930" time="6670" acceleration="342"/>
    <motionState vehicle="9" speed="2950" time="6670" acceleration="-815"/>
    <motionState vehicle="10" speed="2853" time="6670" acceleration="-1645"/>
    <motionState vehicle="11" speed="2676" time="6670" acceleration="-1777"/>
    <motionState vehicle="0" speed="2489" time="6680" acceleration="-1148"/>
    <motionState vehicle="1" speed="7867" time="6680" acceleration="12236"/>
    <motionState vehicle="2" speed="2366" time="6680" acceleration="-48"/>
    <motionState vehicle="3" speed="2362" time="6680" acceleration="972"/>
    <motionState vehicle="4" speed="9064" time="6680" acceleration="13636"/>
    <motionState vehicle="5" speed="2456" time="6680" acceleration="1761"/>
    <motionState vehicle="6" speed="2630" time="6680" acceleration="1823"/>
    <motionState vehicle="7" speed="2808" time="6680" acceleration="1322"/>
    <motionState vehicle="8" speed="2930" time="6680" acceleration="331"/>
    <motionState vehicle="9" speed="2949" time="6680" acceleration="-824"/>
    <motionState vehicle="10" speed="2851" time="6680" acceleration="-1648"/>
    <motionState vehicle="11" speed="2674" time="6680" acceleration="-1772"/>
    <motionState vehicle="0" speed="2488" time="6690" acceleration="-1139"/>
    <motionState vehicle="1" speed="7879" time="6690" acceleration="12246"/>
    <motionState vehicle="2" speed="2366" time="6690" acceleration="-39"/>
    <motionState vehicle="3" speed="2363" time="6690" acceleration="979"/>
    <motionState vehicle="4" speed="9077" time="6690" acceleration="13636"/>
    <motionState vehicle="5" speed="2458" time="6690" acceleration="1761"/>
    <motionState vehicle="6" speed="2632" time="6690" acceleration="1818"/>
    <motionState vehicle="7" speed="2809" time="6690" acceleration="1312"/>
    <motionState vehicle="8" speed="2931" time="6690" acceleration="319"/>
    <motionState vehicle="9" speed="2948" time="6690" acceleration="-833"/>
    <motionState vehicle="10" speed="2850" time="6690" acceleration="-1650"/>
    <motionState vehicle="11" speed="2673" time="6690" acceleration="-1767"/>
    <motionState vehicle="0" speed="2487" time="6700" acceleration="-1130"/>
    <motionState vehicle="1" speed="7892" time="6700" acceleration="12256"/>
    <motionState vehicle="2" speed="2366" time="6700" acceleration="-30"/>
    <motionState vehicle="3" speed="2364" time="6700" acceleration="986"/>
    <motionState vehicle="4" speed="9091" time="6700" acceleration="13636"/>
    <motionState vehicle="5" speed="2460" time="6700" acceleration="1762"/>
    <motionState vehicle="6" speed="2634" time="6700" acceleration="1813"/>
    <motionState vehicle="7" speed="2811" time="6700" acceleration="1302"/>
    <motionState vehicle="8" speed="2931" time="6700" acceleration="307"/>
    <motionState vehicle="9" speed="2948" time="6700" acceleration="-842"/>
    <motionState vehicle="10" speed="2848" time="6700" acceleration="-1652"/>
    <motionState vehicle="11" speed="2671" time="6700" acceleration="-1763"/>
    <motionState vehicle="0" speed="2485" time="6710" acceleration="-1121"/>
    <motionState vehicle="1" speed="7904" time="6710" acceleration="12267"/>
    <motionState vehicle="2" speed="2366" time="6710" acceleration="-20"/>
    <motionState vehicle="3" speed="2365" time="6710" acceleration="992"/>
    <motionState vehicle="4" speed="9105" time="6710" acceleration="13636"/>
    <motionState vehicle="5" speed="2461" time="6710" acceleration="1762"/>
    <motionState vehicle="6" speed="2636" time="6710" acceleration="1807"/>
    <motionState vehicle="7" speed="2812" time="6710" acceleration="1292"/>
    <motionState vehicle="8" speed="2931" time="6710" acceleration="295"/>
    <motionState vehicle="9" speed="2947" time="6710" acceleration="-851"/>
    <motionState vehicle="10" speed="2846" time="6710" acceleration="-1654"/>
    <motionState vehicle="11" speed="2669" time="6710" acceleration="-1757"/>
    <motionState vehicle="0" speed="2484" time="6720" acceleration="-1111"/>
    <motionState vehicle="1" speed="7916" time="6720" acceleration="12277"/>
    <motionState vehicle="2" speed="2366" time="6720" acceleration="-11"/>
    <motionState vehicle="3" speed="2366" time="6720" acceleration="999"/>
    <motionState vehicle="4" speed="9118" time="6720" acceleration="13636"/>
    <motionState vehicle="5" speed="2463" time="6720" acceleration="1762"/>
    <motionState vehicle="6" speed="2638" time="6720" acceleration="1802"/>
    <motionState vehicle="7" speed="2813" time="6720" acceleration="1282"/>
    <motionState vehicle="8" speed="2932" time="6720" acceleration="284"/>
    <motionState vehicle="9" speed="2946" time="6720" acceleration="-859"/>
    <motionState vehicle="10" speed="2845" time="6720" acceleration="-1656"/>
    <motionState vehicle="11" speed="2667" time="6720" acceleration="-1752"/>
    <motionState vehicle="0" speed="2483" time="6730" acceleration="-1102"/>
    <motionState vehicle="1" speed="7928" time="6730" acceleration="12287"/>
    <motionState vehicle="2" speed="2366" time="6730" acceleration="-1"/>
    <motionState vehicle="3" speed="2367" time="6730" acceleration="1006"/>
    <motionState vehicle="4" speed="9132" time="6730" acceleration="13636"/>
    <motionState vehicle="5" speed="2465" time="6730" acceleration="1763"/>
    <motionState vehicle="6" speed="2640" time="6730" acceleration="1797"/>
    <motionState vehicle="7" speed="2814" time="6730" acceleration="1272"/>
    <motionState vehicle="8" speed="2932" time="6730" acceleration="272"/>
    <motionState vehicle="9" speed="2945" time="6730" acceleration="-868"/>
    <motionState vehicle="10" speed="2843" time="6730" acceleration="-1658"/>
    <motionState vehicle="11" speed="2666" time="6730" acceleration="-1747"/>
    <motionState vehicle="0" speed="2482" time="6740" acceleration="-1093"/>
    <motionState vehicle="1" speed="7941" time="6740" acceleration="12297"/>
    <motionState vehicle="2" speed="2366" time="6740" acceleration="7"/>
    <motionState vehicle="3" speed="2368" time="6740" acceleration="1012"/>
    <motionState vehicle="4" speed="9146" time="6740" acceleration="13636"/>
    <motionState vehicle="5" speed="2467" time="6740" acceleration="1763"/>
    <motionState vehicle="6" speed="2641" time="6740" acceleration="1792"/>
    <motionState vehicle="7" speed="2816" time="6740" acceleration="1262"/>
    <motionState vehicle="8" speed="2932" time="6740" acceleration="260"/>
    <motionState vehicle="9" speed="2944" time="6740" acceleration="-877"/>
    <motionState vehicle="10" speed="2841" time="6740" acceleration="-1660"/>
    <motionState vehicle="11" speed="2664" time="6740" acceleration="-1742"/>
    <motionState vehicle="0" speed="2481" time="6750" acceleration="-1083"/>
    <motionState vehicle="1" speed="7953" time="6750" acceleration="12307"/>
    <motionState vehicle="2" speed="2366" time="6750" acceleration="16"/>
    <motionState vehicle="3" speed="2369" time="6750" acceleration="1019"/>
    <motionState vehicle="4" speed="9159" time="6750" acceleration="13636"/>
    <motionState vehicle="5" speed="2468" time="6750" acceleration="1763"/>
    <motionState vehicle="6" speed="2643" time="6750" acceleration="1787"/>
    <motionState vehicle="7" speed="2817" time="6750" acceleration="1252"/>
    <motionState vehicle="8" speed="2932" time="6750" acceleration="249"/>
    <motionState vehicle="9" speed="2943" time="6750" acceleration="-885"/>
    <motionState vehicle="10" speed="2840" time="6750" acceleration="-1662"/>
    <motionState vehicle="11" speed="2662" time="6750" acceleration="-1737"/>
    <motionState vehicle="0" speed="2480" time="6760" acceleration="-1074"/>
    <motionState vehicle="1" speed="7965" time="6760" acceleration="12317"/>
    <motionState vehicle="2" speed="2366" time="6760" acceleration="26"/>
    <motionState vehicle="3" speed="2370" time="6760" acceleration="1025"/>
    <motionState vehicle="4" speed="9173" time="6760" acceleration="13636"/>
    <motionState vehicle="5" speed="2470" time="6760" acceleration="1763"/>
    <motionState vehicle="6" speed="2645" time="6760" acceleration="1781"/>
    <motionState vehicle="7" speed="2818" time="6760" acceleration="1242"/>
    <motionState vehicle="8" speed="2933" time="6760" acceleration="237"/>
    <motionState vehicle="9" speed="2942" time="6760" acceleration="-894"/>
    <motionState vehicle="10" speed="2838" time="6760" acceleration="-1663"/>
    <motionState vehicle="11" speed="2660" time="6760" acceleration="-1732"/>
    <motionState vehicle="0" speed="2479" time="6770" acceleration="-1064"/>
    <motionState vehicle="1" speed="7978" time="6770" acceleration="12326"/>
    <motionState vehicle="2" speed="2366" time="6770" acceleration="35"/>
    <motionState vehicle="3" speed="2372" time="6770" acceleration="1032"/>
    <motionState vehicle="4" speed="9187" time="6770" acceleration="13636"/>
    <motionState vehicle="5" speed="2472" time="6770" acceleration="1763"/>
    <motionState vehicle="6" speed="2647" time="6770" acceleration="1776"/>
    <motionState vehicle="7" speed="2819" time="6770" acceleration="1232"/>
    <motionState vehicle="8" speed="2933" time="6770" acceleration="225"/>
    <motionState vehicle="9" speed="2941" time="6770" acceleration="-902"/>
    <motionState vehicle="10" speed="2836" time="6770" acceleration="-1665"/>
    <motionState vehicle="11" speed="2659" time="6770" acceleration="-1726"/>
    <motionState vehicle="0" speed="2478" time="6780" acceleration="-1055"/>
    <motionState vehicle="1" speed="7990" time="6780" acceleration="12336"/>
    <motionState vehicle="2" speed="2366" time="6780" acceleration="44"/>
    <motionState vehicle="3" speed="2373" time="6780" acceleration="1038"/>
    <motionState vehicle="4" speed="9200" time="6780" acceleration="13636"/>
    <motionState vehicle="5" speed="2474" time="6780" acceleration="1763"/>
    <motionState vehicle="6" speed="2648" time="6780" acceleration="1771"/>
    <motionState vehicle="7" speed="2821" time="6780" acceleration="1222"/>
    <motionState vehicle="8" speed="2933" time="6780" acceleration="214"/>
    <motionState vehicle="9" speed="2940" time="6780" acceleration="-910"/>
    <motionState vehicle="10" speed="2835" time="6780" acceleration="-1667"/>
    <motionState vehicle="11" speed="2657" time="6780" acceleration="-1721"/>
    <motionState vehicle="0" speed="2477" time="6790" acceleration="-1046"/>
    <motionState vehicle="1" speed="8002" time="6790" acceleration="12346"/>
    <motionState vehicle="2" speed="2366" time="6790" acceleration="53"/>
    <motionState vehicle="3" speed="2374" time="6790" acceleration="1045"/>
    <motionState vehicle="4" speed="9214" time="6790" acceleration="13636"/>
    <motionState vehicle="5" speed="2475" time="6790" acceleration="1763"/>
    <motionState vehicle="6" speed="2650" time="6790" acceleration="1765"/>
    <motionState vehicle="7" speed="2822" time="6790" acceleration="1212"/>
    <motionState vehicle="8" speed="2933" time="6790" acceleration="202"/>
    <motionState vehicle="9" speed="2940" time="6790" acceleration="-918"/>
    <motionState vehicle="10" speed="2833" time="6790" acceleration="-1668"/>
    <motionState vehicle="11" speed="2655" time="6790" acceleration="-1715"/>
    <motionState vehicle="0" speed="2476" time="6800" acceleration="-1036"/>
    <motionState vehicle="1" speed="8015" time="6800" acceleration="12355"/>
    <motionState vehicle="2" speed="2366" time="6800" acceleration="63"/>
    <motionState vehicle="3" speed="2375" time="6800" acceleration="1051"/>
    <motionState vehicle="4" speed="9227" time="6800" acceleration="13636"/>
    <motionState vehicle="5" speed="2477" time="6800" acceleration="1763"/>
    <motionState vehicle="6" speed="2652" time="6800" acceleration="1760"/>
    <motionState vehicle="7" speed="2823" time="6800" acceleration="1202"/>
    <motionState vehicle="8" speed="2933" time="6800" acceleration="191"/>
    <motionState vehicle="9" speed="2939" time="6800" acceleration="-927"/>
    <motionState vehicle="10" speed="2831" time="6800" acceleration="-1669"/>
    <motionState vehicle="11" speed="2654" time="6800" acceleration="-1710"/>
    <motionState vehicle="0" speed="2475" time="6810" acceleration="-1027"/>
    <motionState vehicle="1" speed="8027" time="6810" acceleration="12365"/>
    <motionState vehicle="2" speed="2366" time="6810" acceleration="72"/>
    <motionState vehicle="3" speed="2376" time="6810" acceleration="1057"/>
    <motionState vehicle="4" speed="9241" time="6810" acceleration="13636"/>
    <motionState vehicle="5" speed="2479" time="6810" acceleration="1762"/>
    <motionState vehicle="6" speed="2654" time="6810" acceleration="1754"/>
    <motionState vehicle="7" speed="2824" time="6810" acceleration="1192"/>
    <motionState vehicle="8" speed="2934" time="6810" acceleration="180"/>
    <motionState vehicle="9" speed="2938" time="6810" acceleration="-935"/>
    <motionState vehicle="10" speed="2830" time="6810" acceleration="-1671"/>
    <motionState vehicle="11" speed="2652" time="6810" acceleration="-1704"/>
    <motionState vehicle="0" speed="2474" time="6820" acceleration="-1017"/>
    <motionState vehicle="1" speed="8039" time="6820" acceleration="12375"/>
    <motionState vehicle="2" speed="2366" time="6820" acceleration="81"/>
    <motionState vehicle="3" speed="2377" time="6820" acceleration="1063"/>
    <motionState vehicle="4" speed="9255" time="6820" acceleration="13636"/>
    <motionState vehicle="5" speed="2481" time="6820" acceleration="1762"/>
    <motionState vehicle="6" speed="2655" time="6820" acceleration="1749"/>
    <motionState vehicle="7" speed="2825" time="6820" acceleration="1182"/>
    <motionState vehicle="8" speed="2934" time="6820" acceleration="168"/>
    <motionState vehicle="9" speed="2937" time="6820" acceleration="-943"/>
    <motionState vehicle="10" speed="2828" time="6820" acceleration="-1672"/>
    <motionState vehicle="11" speed="2650" time="6820" acceleration="-1699"/>
    <motionState vehicle="0" speed="2473" time="6830" acceleration="-1008"/>
    <motionState vehicle="1" speed="8052" time="6830" acceleration="12384"/>
    <motionState vehicle="2" speed="2366" time="6830" acceleration="90"/>
    <motionState vehicle="3" speed="2378" time="6830" acceleration="1069"/>
    <motionState vehicle="4" speed="9268" time="6830" acceleration="13636"/>
    <motionState vehicle="5" speed="2483" time="6830" acceleration="1762"/>
    <motionState vehicle="6" speed="2657" time="6830" acceleration="1743"/>
    <motionState vehicle="7" speed="2827" time="6830" acceleration="1172"/>
    <motionState vehicle="8" speed="2934" time="6830" acceleration="157"/>
    <motionState vehicle="9" speed="2936" time="6830" acceleration="-951"/>
    <motionState vehicle="10" speed="2826" time="6830" acceleration="-1673"/>
    <motionState vehicle="11" speed="2648" time="6830" acceleration="-1693"/>
    <motionState vehicle="0" speed="2472" time="6840" acceleration="-998"/>
    <motionState vehicle="1" speed="8064" time="6840" acceleration="12393"/>
    <motionState vehicle="2" speed="2366" time="6840" acceleration="99"/>
    <motionState vehicle="3" speed="2379" time="6840" acceleration="1076"/>
    <motionState vehicle="4" speed="9282" time="6840" acceleration="13636"/>
    <motionState vehicle="5" speed="2484" time="6840" acceleration="1762"/>
    <motionState vehicle="6" speed="2659" time="6840" acceleration="1737"/>
    <motionState vehicle="7" speed="2828" time="6840" acceleration="1162"/>
    <motionState vehicle="8" speed="2934" time="6840" acceleration="145"/>
    <motionState vehicle="9" speed="2935" time="6840" acceleration="-958"/>
    <motionState vehicle="10" speed="2825" time="6840" acceleration="-1674"/>
    <motionState vehicle="11" speed="2647" time="6840" acceleration="-1688"/>
    <motionState vehicle="0" speed="2471" time="6850" acceleration="-989"/>
    <motionState vehicle="1" speed="8077" time="6850" acceleration="12403"/>
    <motionState vehicle="2" speed="2366" time="6850" acceleration="108"/>
    <motionState vehicle="3" speed="2380" time="6850" acceleration="1082"/>
    <motionState vehicle="4" speed="9296" time="6850" acceleration="13636"/>
    <motionState vehicle="5" speed="2486" time="6850" acceleration="1761"/>
    <motionState vehicle="6" speed="2661" time="6850" acceleration="1732"/>
    <motionState vehicle="7" speed="2829" time="6850" acceleration="1152"/>
    <motionState vehicle="8" speed="2934" time="6850" acceleration="134"/>
    <motionState vehicle="9" speed="2934" time="6850" acceleration="-966"/>
    <motionState vehicle="10" speed="2823" time="6850" acceleration="-1675"/>
    <motionState vehicle="11" speed="2645" time="6850" acceleration="-1682"/>
    <motionState vehicle="0" speed="2470" time="6860" acceleration="-979"/>
    <motionState vehicle="1" speed="8089" time="6860" acceleration="12412"/>
    <motionState vehicle="2" speed="2367" time="6860" acceleration="117"/>
    <motionState vehicle="3" speed="2381" time="6860" acceleration="1088"/>
    <motionState vehicle="4" speed="9309" time="6860" acceleration="13636"/>
    <motionState vehicle="5" speed="2488" time="6860" acceleration="1761"/>
    <motionState vehicle="6" speed="2662" time="6860" acceleration="1726"/>
    <motionState vehicle="7" speed="2830" time="6860" acceleration="1142"/>
    <motionState vehicle="8" speed="2934" time="6860" acceleration="123"/>
    <motionState vehicle="9" speed="2933" time="6860" acceleration="-974"/>
    <motionState vehicle="10" speed="2821" time="6860" acceleration="-1676"/>
    <motionState vehicle="11" speed="2643" time="6860" acceleration="-1676"/>
    <motionState vehicle="0" speed="2469" time="6870" acceleration="-970"/>
    <motionState vehicle="1" speed="8101" time="6870" acceleration="12421"/>
    <motionState vehicle="2" speed="2367" time="6870" acceleration="126"/>
    <motionState vehicle="3" speed="2382" time="6870" acceleration="1094"/>
    <motionState vehicle="4" speed="9323" time="6870" acceleration="13636"/>
    <motionState vehicle="5" speed="2490" time="6870" acceleration="1760"/>
    <motionState vehicle="6" speed="2664" time="6870" acceleration="1720"/>
    <motionState vehicle="7" speed="2831" time="6870" acceleration="1131"/>
    <motionState vehicle="8" speed="2934" time="6870" acceleration="112"/>
    <motionState vehicle="9" speed="2932" time="6870" acceleration="-982"/>
    <motionState vehicle="10" speed="2820" time="6870" acceleration="-1677"/>
    <motionState vehicle="11" speed="2642" time="6870" acceleration="-1670"/>
    <motionState vehicle="0" speed="2468" time="6880" acceleration="-960"/>
    <motionState vehicle="1" speed="8114" time="6880" acceleration="12430"/>
    <motionState vehicle="2" speed="2367" time="6880" acceleration="136"/>
    <motionState vehicle="3" speed="2383" time="6880" acceleration="1099"/>
    <motionState vehicle="4" speed="9337" time="6880" acceleration="13636"/>
    <motionState vehicle="5" speed="2491" time="6880" acceleration="1760"/>
    <motionState vehicle="6" speed="2666" time="6880" acceleration="1714"/>
    <motionState vehicle="7" speed="2832" time="6880" acceleration="1121"/>
    <motionState vehicle="8" speed="2935" time="6880" acceleration="100"/>
    <motionState vehicle="9" speed="2931" time="6880" acceleration="-989"/>
    <motionState vehicle="10" speed="2818" time="6880" acceleration="-1678"/>
    <motionState vehicle="11" speed="2640" time="6880" acceleration="-1665"/>
    <motionState vehicle="0" speed="2467" time="6890" acceleration="-951"/>
    <motionState vehicle="1" speed="8126" time="6890" acceleration="12440"/>
    <motionState vehicle="2" speed="2367" time="6890" acceleration="145"/>
    <motionState vehicle="3" speed="2384" time="6890" acceleration="1105"/>
    <motionState vehicle="4" speed="9350" time="6890" acceleration="13636"/>
    <motionState vehicle="5" speed="2493" time="6890" acceleration="1759"/>
    <motionState vehicle="6" speed="2668" time="6890" acceleration="1709"/>
    <motionState vehicle="7" speed="2833" time="6890" acceleration="1111"/>
    <motionState vehicle="8" speed="2935" time="6890" acceleration="89"/>
    <motionState vehicle="9" speed="2930" time="6890" acceleration="-997"/>
    <motionState vehicle="10" speed="2816" time="6890" acceleration="-1679"/>
    <motionState vehicle="11" speed="2638" time="6890" acceleration="-1659"/>
    <motionState vehicle="0" speed="2466" time="6900" acceleration="-941"/>
    <motionState vehicle="1" speed="8139" time="6900" acceleration="12449"/>
    <motionState vehicle="2" speed="2367" time="6900" acceleration="154"/>
    <motionState vehicle="3" speed="2386" time="6900" acceleration="1111"/>
    <motionState vehicle="4" speed="9364" time="6900" acceleration="13636"/>
    <motionState vehicle="5" speed="2495" time="6900" acceleration="1759"/>
    <motionState vehicle="6" speed="2669" time="6900" acceleration="1703"/>
    <motionState vehicle="7" speed="2834" time="6900" acceleration="1101"/>
    <motionState vehicle="8" speed="2935" time="6900" acceleration="78"/>
    <motionState vehicle="9" speed="2929" time="6900" acceleration="-1004"/>
    <motionState vehicle="10" speed="2815" time="6900" acceleration="-1680"/>
    <motionState vehicle="11" speed="2637" time="6900" acceleration="-1653"/>
    <motionState vehicle="0" speed="2465" time="6910" acceleration="-932"/>
    <motionState vehicle="1" speed="8151" time="6910" acceleration="12458"/>
    <motionState vehicle="2" speed="2367" time="6910" acceleration="163"/>
    <motionState vehicle="3" speed="2387" time="6910" acceleration="1117"/>
    <motionState vehicle="4" speed="9377" time="6910" acceleration="13636"/>
    <motionState vehicle="5" speed="2497" time="6910" acceleration="1758"/>
    <motionState vehicle="6" speed="2671" time="6910" acceleration="1697"/>
    <motionState vehicle="7" speed="2836" time="6910" acceleration="1091"/>
    <motionState vehicle="8" speed="2935" time="6910" acceleration="67"/>
    <motionState vehicle="9" speed="2928" time="6910" acceleration="-1012"/>
    <motionState vehicle="10" speed="2813" time="6910" acceleration="-1680"/>
    <motionState vehicle="11" speed="2635" time="6910" acceleration="-1647"/>
    <motionState vehicle="0" speed="2464" time="6920" acceleration="-922"/>
    <motionState vehicle="1" speed="8164" time="6920" acceleration="12467"/>
    <motionState vehicle="2" speed="2367" time="6920" acceleration="171"/>
    <motionState vehicle="3" speed="2388" time="6920" acceleration="1122"/>
    <motionState vehicle="4" speed="9391" time="6920" acceleration="13636"/>
    <motionState vehicle="5" speed="2498" time="6920" acceleration="1757"/>
    <motionState vehicle="6" speed="2673" time="6920" acceleration="1691"/>
    <motionState vehicle="7" speed="2837" time="6920" acceleration="1080"/>
    <motionState vehicle="8" speed="2935" time="6920" acceleration="56"/>
    <motionState vehicle="9" speed="2927" time="6920" acceleration="-1019"/>
    <motionState vehicle="10" speed="2811" time="6920" acceleration="-1681"/>
    <motionState vehicle="11" speed="2633" time="6920" acceleration="-1641"/>
    <motionState vehicle="0" speed="2463" time="6930" acceleration="-913"/>
    <motionState vehicle="1" speed="8176" time="6930" acceleration="12475"/>
    <motionState vehicle="2" speed="2368" time="6930" acceleration="180"/>
    <motionState vehicle="3" speed="2389" time="6930" acceleration="1128"/>
    <motionState vehicle="4" speed="9405" time="6930" acceleration="13636"/>
    <motionState vehicle="5" speed="2500" time="6930" acceleration="1757"/>
    <motionState vehicle="6" speed="2674" time="6930" acceleration="1685"/>
    <motionState vehicle="7" speed="2838" time="6930" acceleration="1070"/>
    <motionState vehicle="8" speed="2935" time="6930" acceleration="45"/>
    <motionState vehicle="9" speed="2926" time="6930" acceleration="-1026"/>
    <motionState vehicle="10" speed="2810" time="6930" acceleration="-1681"/>
    <motionState vehicle="11" speed="2632" time="6930" acceleration="-1635"/>
    <motionState vehicle="0" speed="2462" time="6940" acceleration="-903"/>
    <motionState vehicle="1" speed="8189" time="6940" acceleration="12484"/>
    <motionState vehicle="2" speed="2368" time="6940" acceleration="189"/>
    <motionState vehicle="3" speed="2390" time="6940" acceleration="1134"/>
    <motionState vehicle="4" speed="9418" time="6940" acceleration="13636"/>
    <motionState vehicle="5" speed="2502" time="6940" acceleration="1756"/>
    <motionState vehicle="6" speed="2676" time="6940" acceleration="1679"/>
    <motionState vehicle="7" speed="2839" time="6940" acceleration="1060"/>
    <motionState vehicle="8" speed="2935" time="6940" acceleration="34"/>
    <motionState vehicle="9" speed="2925" time="6940" acceleration="-1033"/>
    <motionState vehicle="10" speed="2808" time="6940" acceleration="-1682"/>
    <motionState vehicle="11" speed="2630" time="6940" acceleration="-1629"/>
    <motionState vehicle="0" speed="2461" time="6950" acceleration="-893"/>
    <motionState vehicle="1" speed="8201" time="6950" acceleration="12493"/>
    <motionState vehicle="2" speed="2368" time="6950" acceleration="198"/>
    <motionState vehicle="3" speed="2391" time="6950" acceleration="1139"/>
    <motionState vehicle="4" speed="9432" time="6950" acceleration="13636"/>
    <motionState vehicle="5" speed="2504" time="6950" acceleration="1755"/>
    <motionState vehicle="6" speed="2678" time="6950" acceleration="1673"/>
    <motionState vehicle="7" speed="2840" time="6950" acceleration="1050"/>
    <motionState vehicle="8" speed="2935" time="6950" acceleration="23"/>
    <motionState vehicle="9" speed="2924" time="6950" acceleration="-1041"/>
    <motionState vehicle="10" speed="2806" time="6950" acceleration="-1682"/>
    <motionState vehicle="11" speed="2629" time="6950" acceleration="-1622"/>
    <motionState vehicle="0" speed="2460" time="6960" acceleration="-884"/>
    <motionState vehicle="1" speed="8214" time="6960" acceleration="12502"/>
    <motionState vehicle="2" speed="2368" time="6960" acceleration="207"/>
    <motionState vehicle="3" speed="2392" time="6960" acceleration="1145"/>
    <motionState vehicle="4" speed="9446" time="6960" acceleration="13636"/>
    <motionState vehicle="5" speed="2505" time="6960" acceleration="1754"/>
    <motionState vehicle="6" speed="2679" time="6960" acceleration="1667"/>
    <motionState vehicle="7" speed="2841" time="6960" acceleration="1040"/>
    <motionState vehicle="8" speed="2935" time="6960" acceleration="12"/>
    <motionState vehicle="9" speed="2923" time="6960" acceleration="-1048"/>
    <motionState vehicle="10" speed="2804" time="6960" acceleration="-1683"/>
    <motionState vehicle="11" speed="2627" time="6960" acceleration="-1616"/>
    <motionState vehicle="0" speed="2460" time="6970" acceleration="-874"/>
    <motionState vehicle="1" speed="8226" time="6970" acceleration="12510"/>
    <motionState vehicle="2" speed="2368" time="6970" acceleration="216"/>
    <motionState vehicle="3" speed="2393" time="6970" acceleration="1150"/>
    <motionState vehicle="4" speed="9459" time="6970" acceleration="13636"/>
    <motionState vehicle="5" speed="2507" time="6970" acceleration="1753"/>
    <motionState vehicle="6" speed="2681" time="6970" acceleration="1660"/>
    <motionState vehicle="7" speed="2842" time="6970" acceleration="1029"/>
    <motionState vehicle="8" speed="2935" time="6970" acceleration="1"/>
    <motionState vehicle="9" speed="2922" time="6970" acceleration="-1055"/>
    <motionState vehicle="10" speed="2803" time="6970" acceleration="-1683"/>
    <motionState vehicle="11" speed="2625" time="6970" acceleration="-1610"/>
    <motionState vehicle="0" speed="2459" time="6980" acceleration="-865"/>
    <motionState vehicle="1" speed="8239" time="6980" acceleration="12519"/>
    <motionState vehicle="2" speed="2369" time="6980" acceleration="225"/>
    <motionState vehicle="3" speed="2395" time="6980" acceleration="1155"/>
    <motionState vehicle="4" speed="9473" time="6980" acceleration="13636"/>
    <motionState vehicle="5" speed="2509" time="6980" acceleration="1752"/>
    <motionState vehicle="6" speed="2683" time="6980" acceleration="1654"/>
    <motionState vehicle="7" speed="2843" time="6980" acceleration="1019"/>
    <motionState vehicle="8" speed="2935" time="6980" acceleration="-8"/>
    <motionState vehicle="9" speed="2921" time="6980" acceleration="-1061"/>
    <motionState vehicle="10" speed="2801" time="6980" acceleration="-1683"/>
    <motionState vehicle="11" speed="2624" time="6980" acceleration="-1604"/>
    <motionState vehicle="0" speed="2458" time="6990" acceleration="-855"/>
    <motionState vehicle="1" speed="8251" time="6990" acceleration="12528"/>
    <motionState vehicle="2" speed="2369" time="6990" acceleration="233"/>
    <motionState vehicle="3" speed="2396" time="6990" acceleration="1161"/>
    <motionState vehicle="4" speed="9487" time="6990" acceleration="13636"/>
    <motionState vehicle="5" speed="2511" time="6990" acceleration="1751"/>
    <motionState vehicle="6" speed="2684" time="6990" acceleration="1648"/>
    <motionState vehicle="7" speed="2844" time="6990" acceleration="1009"/>
    <motionState vehicle="8" speed="2935" time="6990" acceleration="-19"/>
    <motionState vehicle="9" speed="2920" time="6990" acceleration="-1068"/>
    <motionState vehicle="10" speed="2799" time="6990" acceleration="-1683"/>
    <motionState vehicle="11" speed="2622" time="6990" acceleration="-1597"/>
    <motionState vehicle="0" speed="2457" time="7000" acceleration="-845"/>
    <motionState vehicle="1" speed="8264" time="7000" acceleration="12536"/>
    <motionState vehicle="2" speed="2369" time="7000" acceleration="242"/>
    <motionState vehicle="3" speed="2397" time="7000" acceleration="1166"/>
    <motionState vehicle="4" speed="9500" time="7000" acceleration="13636"/>
    <motionState vehicle="5" speed="2512" time="7000" acceleration="1750"/>
    <motionState vehicle="6" speed="2686" time="7000" acceleration="1642"/>
    <motionState vehicle="7" speed="2845" time="7000" acceleration="999"/>
    <motionState vehicle="8" speed="2935" time="7000" acceleration="-30"/>
    <motionState vehicle="9" speed="2918" time="7000" acceleration="-1075"/>
    <motionState vehicle="10" speed="2798" time="7000" acceleration="-1683"/>
    <motionState vehicle="11" speed="2621" time="7000" acceleration="-1591"/>
    <motionState vehicle="0" speed="2456" time="7010" acceleration="-836"/>
    <motionState vehicle="1" speed="8276" time="7010" acceleration="12545"/>
    <motionState vehicle="2" speed="2369" time="7010" acceleration="251"/>
    <motionState vehicle="3" speed="2398" time="7010" acceleration="1171"/>
    <motionState vehicle="4" speed="9514" time="7010" acceleration="13636"/>
    <motionState vehicle="5" speed="2514" time="7010" acceleration="1749"/>
    <motionState vehicle="6" speed="2688" time="7010" acceleration="1635"/>
    <motionState vehicle="7" speed="2846" time="7010" acceleration="988"/>
    <motionState vehicle="8" speed="2935" time="7010" acceleration="-41"/>
    <motionState vehicle="9" speed="2917" time="7010" acceleration="-1082"/>
    <motionState vehicle="10" speed="2796" time="7010" acceleration="-1683"/>
    <motionState vehicle="11" speed="2619" time="7010" acceleration="-1585"/>
    <motionState vehicle="0" speed="2455" time="7020" acceleration="-826"/>
    <motionState vehicle="1" speed="8289" time="7020" acceleration="12553"/>
    <motionState vehicle="2" speed="2370" time="7020" acceleration="260"/>
    <motionState vehicle="3" speed="2399" time="7020" acceleration="1176"/>
    <motionState vehicle="4" speed="9527" time="7020" acceleration="13636"/>
    <motionState vehicle="5" speed="2516" time="7020" acceleration="1748"/>
    <motionState vehicle="6" speed="2689" time="7020" acceleration="1629"/>
    <motionState vehicle="7" speed="2847" time="7020" acceleration="978"/>
    <motionState vehicle="8" speed="2935" time="7020" acceleration="-51"/>
    <motionState vehicle="9" speed="2916" time="7020" acceleration="-1089"/>
    <motionState vehicle="10" speed="2794" time="7020" acceleration="-1683"/>
    <motionState vehicle="11" speed="2617" time="7020" acceleration="-1578"/>
    <motionState vehicle="0" speed="2455" time="7030" acceleration="-817"/>
    <motionState vehicle="1" speed="8301" time="7030" acceleration="12561"/>
    <motionState vehicle="2" speed="2370" time="7030" acceleration="268"/>
    <motionState vehicle="3" speed="2400" time="7030" acceleration="1181"/>
    <motionState vehicle="4" speed="9541" time="7030" acceleration="13636"/>
    <motionState vehicle="5" speed="2518" time="7030" acceleration="1747"/>
    <motionState vehicle="6" speed="2691" time="7030" acceleration="1623"/>
    <motionState vehicle="7" speed="2848" time="7030" acceleration="968"/>
    <motionState vehicle="8" speed="2935" time="7030" acceleration="-62"/>
    <motionState vehicle="9" speed="2915" time="7030" acceleration="-1095"/>
    <motionState vehicle="10" speed="2793" time="7030" acceleration="-1683"/>
    <motionState vehicle="11" speed="2616" time="7030" acceleration="-1572"/>
    <motionState vehicle="0" speed="2454" time="7040" acceleration="-807"/>
    <motionState vehicle="1" speed="8314" time="7040" acceleration="12570"/>
    <motionState vehicle="2" speed="2370" time="7040" acceleration="277"/>
    <motionState vehicle="3" speed="2402" time="7040" acceleration="1187"/>
    <motionState vehicle="4" speed="9555" time="7040" acceleration="13636"/>
    <motionState vehicle="5" speed="2519" time="7040" acceleration="1745"/>
    <motionState vehicle="6" speed="2692" time="7040" acceleration="1616"/>
    <motionState vehicle="7" speed="2849" time="7040" acceleration="958"/>
    <motionState vehicle="8" speed="2935" time="7040" acceleration="-73"/>
    <motionState vehicle="9" speed="2914" time="7040" acceleration="-1102"/>
    <motionState vehicle="10" speed="2791" time="7040" acceleration="-1682"/>
    <motionState vehicle="11" speed="2614" time="7040" acceleration="-1565"/>
    <motionState vehicle="0" speed="2453" time="7050" acceleration="-797"/>
    <motionState vehicle="1" speed="8327" time="7050" acceleration="12578"/>
    <motionState vehicle="2" speed="2371" time="7050" acceleration="285"/>
    <motionState vehicle="3" speed="2403" time="7050" acceleration="1192"/>
    <motionState vehicle="4" speed="9568" time="7050" acceleration="13636"/>
    <motionState vehicle="5" speed="2521" time="7050" acceleration="1744"/>
    <motionState vehicle="6" speed="2694" time="7050" acceleration="1610"/>
    <motionState vehicle="7" speed="2850" time="7050" acceleration="947"/>
    <motionState vehicle="8" speed="2935" time="7050" acceleration="-83"/>
    <motionState vehicle="9" speed="2913" time="7050" acceleration="-1108"/>
    <motionState vehicle="10" speed="2789" time="7050" acceleration="-1682"/>
    <motionState vehicle="11" speed="2613" time="7050" acceleration="-1559"/>
    <motionState vehicle="0" speed="2452" time="7060" acceleration="-788"/>
    <motionState vehicle="1" speed="8339" time="7060" acceleration="12586"/>
    <motionState vehicle="2" speed="2371" time="7060" acceleration="294"/>
    <motionState vehicle="3" speed="2404" time="7060" acceleration="1196"/>
    <motionState vehicle="4" speed="9582" time="7060" acceleration="13636"/>
    <motionState vehicle="5" speed="2523" time="7060" acceleration="1743"/>
    <motionState vehicle="6" speed="2696" time="7060" acceleration="1603"/>
    <motionState vehicle="7" speed="2851" time="7060" acceleration="937"/>
    <motionState vehicle="8" speed="2934" time="7060" acceleration="-94"/>
    <motionState vehicle="9" speed="2912" time="7060" acceleration="-1114"/>
    <motionState vehicle="10" speed="2788" time="7060" acceleration="-1682"/>
    <motionState vehicle="11" speed="2611" time="7060" acceleration="-1552"/>
    <motionState vehicle="0" speed="2451" time="7070" acceleration="-778"/>
    <motionState vehicle="1" speed="8352" time="7070" acceleration="12594"/>
    <motionState vehicle="2" speed="2371" time="7070" acceleration="303"/>
    <motionState vehicle="3" speed="2405" time="7070" acceleration="1201"/>
    <motionState vehicle="4" speed="9596" time="7070" acceleration="13636"/>
    <motionState vehicle="5" speed="2525" time="7070" acceleration="1741"/>
    <motionState vehicle="6" speed="2697" time="7070" acceleration="1597"/>
    <motionState vehicle="7" speed="2852" time="7070" acceleration="927"/>
    <motionState vehicle="8" speed="2934" time="7070" acceleration="-104"/>
    <motionState vehicle="9" speed="2911" time="7070" acceleration="-1121"/>
    <motionState vehicle="10" speed="2786" time="7070" acceleration="-1681"/>
    <motionState vehicle="11" speed="2610" time="7070" acceleration="-1546"/>
    <motionState vehicle="0" speed="2451" time="7080" acceleration="-769"/>
    <motionState vehicle="1" speed="8364" time="7080" acceleration="12602"/>
    <motionState vehicle="2" speed="2371" time="7080" acceleration="311"/>
    <motionState vehicle="3" speed="2406" time="7080" acceleration="1206"/>
    <motionState vehicle="4" speed="9609" time="7080" acceleration="13636"/>
    <motionState vehicle="5" speed="2526" time="7080" acceleration="1740"/>
    <motionState vehicle="6" speed="2699" time="7080" acceleration="1590"/>
    <motionState vehicle="7" speed="2853" time="7080" acceleration="916"/>
    <motionState vehicle="8" speed="2934" time="7080" acceleration="-115"/>
    <motionState vehicle="9" speed="2910" time="7080" acceleration="-1127"/>
    <motionState vehicle="10" speed="2784" time="7080" acceleration="-1681"/>
    <motionState vehicle="11" speed="2608" time="7080" acceleration="-1539"/>
    <motionState vehicle="0" speed="2450" time="7090" acceleration="-759"/>
    <motionState vehicle="1" speed="8377" time="7090" acceleration="12610"/>
    <motionState vehicle="2" speed="2372" time="7090" acceleration="320"/>
    <motionState vehicle="3" speed="2408" time="7090" acceleration="1211"/>
    <motionState vehicle="4" speed="9623" time="7090" acceleration="13636"/>
    <motionState vehicle="5" speed="2528" time="7090" acceleration="1738"/>
    <motionState vehicle="6" speed="2700" time="7090" acceleration="1583"/>
    <motionState vehicle="7" speed="2853" time="7090" acceleration="906"/>
    <motionState vehicle="8" speed="2934" time="7090" acceleration="-125"/>
    <motionState vehicle="9" speed="2908" time="7090" acceleration="-1133"/>
    <motionState vehicle="10" speed="2783" time="7090" acceleration="-1680"/>
    <motionState vehicle="11" speed="2607" time="7090" acceleration="-1532"/>
    <motionState vehicle="0" speed="2449" time="7100" acceleration="-749"/>
    <motionState vehicle="1" speed="8390" time="7100" acceleration="12618"/>
    <motionState vehicle="2" speed="2372" time="7100" acceleration="328"/>
    <motionState vehicle="3" speed="2409" time="7100" acceleration="1216"/>
    <motionState vehicle="4" speed="9637" time="7100" acceleration="13636"/>
    <motionState vehicle="5" speed="2530" time="7100" acceleration="1737"/>
    <motionState vehicle="6" speed="2702" time="7100" acceleration="1577"/>
    <motionState vehicle="7" speed="2854" time="7100" acceleration="896"/>
    <motionState vehicle="8" speed="2934" time="7100" acceleration="-135"/>
    <motionState vehicle="9" speed="2907" time="7100" acceleration="-1139"/>
    <motionState vehicle="10" speed="2781" time="7100" acceleration="-1680"/>
    <motionState vehicle="11" speed="2605" time="7100" acceleration="-1525"/>
    <motionState vehicle="0" speed="2448" time="7110" acceleration="-740"/>
    <motionState vehicle="1" speed="8402" time="7110" acceleration="12626"/>
    <motionState vehicle="2" speed="2372" time="7110" acceleration="337"/>
    <motionState vehicle="3" speed="2410" time="7110" acceleration="1220"/>
    <motionState vehicle="4" speed="9650" time="7110" acceleration="13636"/>
    <motionState vehicle="5" speed="2532" time="7110" acceleration="1735"/>
    <motionState vehicle="6" speed="2704" time="7110" acceleration="1570"/>
    <motionState vehicle="7" speed="2855" time="7110" acceleration="886"/>
    <motionState vehicle="8" speed="2934" time="7110" acceleration="-146"/>
    <motionState vehicle="9" speed="2906" time="7110" acceleration="-1145"/>
    <motionState vehicle="10" speed="2779" time="7110" acceleration="-1679"/>
    <motionState vehicle="11" speed="2603" time="7110" acceleration="-1519"/>
    <motionState vehicle="0" speed="2448" time="7120" acceleration="-730"/>
    <motionState vehicle="1" speed="8415" time="7120" acceleration="12634"/>
    <motionState vehicle="2" speed="2373" time="7120" acceleration="345"/>
    <motionState vehicle="3" speed="2411" time="7120" acceleration="1225"/>
    <motionState vehicle="4" speed="9664" time="7120" acceleration="13636"/>
    <motionState vehicle="5" speed="2533" time="7120" acceleration="1734"/>
    <motionState vehicle="6" speed="2705" time="7120" acceleration="1563"/>
    <motionState vehicle="7" speed="2856" time="7120" acceleration="875"/>
    <motionState vehicle="8" speed="2934" time="7120" acceleration="-156"/>
    <motionState vehicle="9" speed="2905" time="7120" acceleration="-1151"/>
    <motionState vehicle="10" speed="2778" time="7120" acceleration="-1678"/>
    <motionState vehicle="11" speed="2602" time="7120" acceleration="-1512"/>
    <motionState vehicle="0" speed="2447" time="7130" acceleration="-720"/>
    <motionState vehicle="1" speed="8427" time="7130" acceleration="12642"/>
    <motionState vehicle="2" speed="2373" time="7130" acceleration="353"/>
    <motionState vehicle="3" speed="2413" time="7130" acceleration="1230"/>
    <motionState vehicle="4" speed="9677" time="7130" acceleration="13636"/>
    <motionState vehicle="5" speed="2535" time="7130" acceleration="1732"/>
    <motionState vehicle="6" speed="2707" time="7130" acceleration="1557"/>
    <motionState vehicle="7" speed="2857" time="7130" acceleration="865"/>
    <motionState vehicle="8" speed="2934" time="7130" acceleration="-166"/>
    <motionState vehicle="9" speed="2904" time="7130" acceleration="-1157"/>
    <motionState vehicle="10" speed="2776" time="7130" acceleration="-1677"/>
    <motionState vehicle="11" speed="2600" time="7130" acceleration="-1505"/>
    <motionState vehicle="0" speed="2446" time="7140" acceleration="-711"/>
    <motionState vehicle="1" speed="8440" time="7140" acceleration="12649"/>
    <motionState vehicle="2" speed="2373" time="7140" acceleration="362"/>
    <motionState vehicle="3" speed="2414" time="7140" acceleration="1234"/>
    <motionState vehicle="4" speed="9691" time="7140" acceleration="13636"/>
    <motionState vehicle="5" speed="2537" time="7140" acceleration="1730"/>
    <motionState vehicle="6" speed="2708" time="7140" acceleration="1550"/>
    <motionState vehicle="7" speed="2858" time="7140" acceleration="855"/>
    <motionState vehicle="8" speed="2933" time="7140" acceleration="-176"/>
    <motionState vehicle="9" speed="2903" time="7140" acceleration="-1163"/>
    <motionState vehicle="10" speed="2774" time="7140" acceleration="-1677"/>
    <motionState vehicle="11" speed="2599" time="7140" acceleration="-1498"/>
    <motionState vehicle="0" speed="2445" time="7150" acceleration="-701"/>
    <motionState vehicle="1" speed="8453" time="7150" acceleration="12657"/>
    <motionState vehicle="2" speed="2374" time="7150" acceleration="370"/>
    <motionState vehicle="3" speed="2415" time="7150" acceleration="1239"/>
    <motionState vehicle="4" speed="9705" time="7150" acceleration="13636"/>
    <motionState vehicle="5" speed="2539" time="7150" acceleration="1728"/>
    <motionState vehicle="6" speed="2710" time="7150" acceleration="1543"/>
    <motionState vehicle="7" speed="2859" time="7150" acceleration="844"/>
    <motionState vehicle="8" speed="2933" time="7150" acceleration="-186"/>
    <motionState vehicle="9" speed="2902" time="7150" acceleration="-1169"/>
    <motionState vehicle="10" speed="2773" time="7150" acceleration="-1676"/>
    <motionState vehicle="11" speed="2597" time="7150" acceleration="-1491"/>
    <motionState vehicle="0" speed="2445" time="7160" acceleration="-692"/>
    <motionState vehicle="1" speed="8465" time="7160" acceleration="12665"/>
    <motionState vehicle="2" speed="2374" time="7160" acceleration="378"/>
    <motionState vehicle="3" speed="2416" time="7160" acceleration="1243"/>
    <motionState vehicle="4" speed="9718" time="7160" acceleration="13636"/>
    <motionState vehicle="5" speed="2540" time="7160" acceleration="1727"/>
    <motionState vehicle="6" speed="2711" time="7160" acceleration="1536"/>
    <motionState vehicle="7" speed="2859" time="7160" acceleration="834"/>
    <motionState vehicle="8" speed="2933" time="7160" acceleration="-197"/>
    <motionState vehicle="9" speed="2900" time="7160" acceleration="-1175"/>
    <motionState vehicle="10" speed="2771" time="7160" acceleration="-1675"/>
    <motionState vehicle="11" speed="2596" time="7160" acceleration="-1484"/>
    <motionState vehicle="0" speed="2444" time="7170" acceleration="-682"/>
    <motionState vehicle="1" speed="8478" time="7170" acceleration="12672"/>
    <motionState vehicle="2" speed="2375" time="7170" acceleration="386"/>
    <motionState vehicle="3" speed="2417" time="7170" acceleration="1247"/>
    <motionState vehicle="4" speed="9732" time="7170" acceleration="13636"/>
    <motionState vehicle="5" speed="2542" time="7170" acceleration="1725"/>
    <motionState vehicle="6" speed="2713" time="7170" acceleration="1529"/>
    <motionState vehicle="7" speed="2860" time="7170" acceleration="824"/>
    <motionState vehicle="8" speed="2933" time="7170" acceleration="-207"/>
    <motionState vehicle="9" speed="2899" time="7170" acceleration="-1180"/>
    <motionState vehicle="10" speed="2769" time="7170" acceleration="-1674"/>
    <motionState vehicle="11" speed="2594" time="7170" acceleration="-1477"/>
    <motionState vehicle="0" speed="2443" time="7180" acceleration="-672"/>
    <motionState vehicle="1" speed="8491" time="7180" acceleration="12680"/>
    <motionState vehicle="2" speed="2375" time="7180" acceleration="395"/>
    <motionState vehicle="3" speed="2419" time="7180" acceleration="1252"/>
    <motionState vehicle="4" speed="9746" time="7180" acceleration="13636"/>
    <motionState vehicle="5" speed="2544" time="7180" acceleration="1723"/>
    <motionState vehicle="6" speed="2714" time="7180" acceleration="1522"/>
    <motionState vehicle="7" speed="2861" time="7180" acceleration="814"/>
    <motionState vehicle="8" speed="2933" time="7180" acceleration="-217"/>
    <motionState vehicle="9" speed="2898" time="7180" acceleration="-1186"/>
    <motionState vehicle="10" speed="2767" time="7180" acceleration="-1672"/>
    <motionState vehicle="11" speed="2593" time="7180" acceleration="-1470"/>
    <motionState vehicle="0" speed="2443" time="7190" acceleration="-663"/>
    <motionState vehicle="1" speed="8503" time="7190" acceleration="12687"/>
    <motionState vehicle="2" speed="2375" time="7190" acceleration="403"/>
    <motionState vehicle="3" speed="2420" time="7190" acceleration="1256"/>
    <motionState vehicle="4" speed="9759" time="7190" acceleration="13636"/>
    <motionState vehicle="5" speed="2545" time="7190" acceleration="1721"/>
    <motionState vehicle="6" speed="2716" time="7190" acceleration="1516"/>
    <motionState vehicle="7" speed="2862" time="7190" acceleration="803"/>
    <motionState vehicle="8" speed="2932" time="7190" acceleration="-227"/>
    <motionState vehicle="9" speed="2897" time="7190" acceleration="-1191"/>
    <motionState vehicle="10" speed="2766" time="7190" acceleration="-1671"/>
    <motionState vehicle="11" speed="2592" time="7190" acceleration="-1463"/>
    <motionState vehicle="0" speed="2442" time="7200" acceleration="-653"/>
    <motionState vehicle="1" speed="8516" time="7200" acceleration="12695"/>
    <motionState vehicle="2" speed="2376" time="7200" acceleration="411"/>
    <motionState vehicle="3" speed="2421" time="7200" acceleration="1260"/>
    <motionState vehicle="4" speed="9773" time="7200" acceleration="13636"/>
    <motionState vehicle="5" speed="2547" time="7200" acceleration="1719"/>
    <motionState vehicle="6" speed="2717" time="7200" acceleration="1509"/>
    <motionState vehicle="7" speed="2863" time="7200" acceleration="793"/>
    <motionState vehicle="8" speed="2932" time="7200" acceleration="-236"/>
    <motionState vehicle="9" speed="2896" time="7200" acceleration="-1197"/>
    <motionState vehicle="10" speed="2764" time="7200" acceleration="-1670"/>
    <motionState vehicle="11" speed="2590" time="7200" acceleration="-1456"/>
    <motionState vehicle="0" speed="2441" time="7210" acceleration="-643"/>
    <motionState vehicle="1" speed="8529" time="7210" acceleration="12702"/>
    <motionState vehicle="2" speed="2376" time="7210" acceleration="419"/>
    <motionState vehicle="3" speed="2423" time="7210" acceleration="1264"/>
    <motionState vehicle="4" speed="9787" time="7210" acceleration="13636"/>
    <motionState vehicle="5" speed="2549" time="7210" acceleration="1717"/>
    <motionState vehicle="6" speed="2719" time="7210" acceleration="1502"/>
    <motionState vehicle="7" speed="2864" time="7210" acceleration="783"/>
    <motionState vehicle="8" speed="2932" time="7210" acceleration="-246"/>
    <motionState vehicle="9" speed="2894" time="7210" acceleration="-1202"/>
    <motionState vehicle="10" speed="2762" time="7210" acceleration="-1669"/>
    <motionState vehicle="11" speed="2589" time="7210" acceleration="-1449"/>
    <motionState vehicle="0" speed="2441" time="7220" acceleration="-634"/>
    <motionState vehicle="1" speed="8542" time="7220" acceleration="12710"/>
    <motionState vehicle="2" speed="2377" time="7220" acceleration="427"/>
    <motionState vehicle="3" speed="2424" time="7220" acceleration="1268"/>
    <motionState vehicle="4" speed="9800" time="7220" acceleration="13636"/>
    <motionState vehicle="5" speed="2551" time="7220" acceleration="1715"/>
    <motionState vehicle="6" speed="2720" time="7220" acceleration="1495"/>
    <motionState vehicle="7" speed="2864" time="7220" acceleration="772"/>
    <motionState vehicle="8" speed="2932" time="7220" acceleration="-256"/>
    <motionState vehicle="9" speed="2893" time="7220" acceleration="-1207"/>
    <motionState vehicle="10" speed="2761" time="7220" acceleration="-1667"/>
    <motionState vehicle="11" speed="2587" time="7220" acceleration="-1442"/>
    <motionState vehicle="0" speed="2440" time="7230" acceleration="-624"/>
    <motionState vehicle="1" speed="8554" time="7230" acceleration="12717"/>
    <motionState vehicle="2" speed="2377" time="7230" acceleration="435"/>
    <motionState vehicle="3" speed="2425" time="7230" acceleration="1272"/>
    <motionState vehicle="4" speed="9814" time="7230" acceleration="13636"/>
    <motionState vehicle="5" speed="2552" time="7230" acceleration="1712"/>
    <motionState vehicle="6" speed="2722" time="7230" acceleration="1487"/>
    <motionState vehicle="7" speed="2865" time="7230" acceleration="762"/>
    <motionState vehicle="8" speed="2931" time="7230" acceleration="-266"/>
    <motionState vehicle="9" speed="2892" time="7230" acceleration="-1213"/>
    <motionState vehicle="10" speed="2759" time="7230" acceleration="-1666"/>
    <motionState vehicle="11" speed="2586" time="7230" acceleration="-1435"/>
    <motionState vehicle="0" speed="2440" time="7240" acceleration="-615"/>
    <motionState vehicle="1" speed="8567" time="7240" acceleration="12724"/>
    <motionState vehicle="2" speed="2378" time="7240" acceleration="443"/>
    <motionState vehicle="3" speed="2426" time="7240" acceleration="1276"/>
    <motionState vehicle="4" speed="9827" time="7240" acceleration="13636"/>
    <motionState vehicle="5" speed="2554" time="7240" acceleration="1710"/>
    <motionState vehicle="6" speed="2723" time="7240" acceleration="1480"/>
    <motionState vehicle="7" speed="2866" time="7240" acceleration="752"/>
    <motionState vehicle="8" speed="2931" time="7240" acceleration="-276"/>
    <motionState vehicle="9" speed="2891" time="7240" acceleration="-1218"/>
    <motionState vehicle="10" speed="2757" time="7240" acceleration="-1664"/>
    <motionState vehicle="11" speed="2584" time="7240" acceleration="-1428"/>
    <motionState vehicle="0" speed="2439" time="7250" acceleration="-605"/>
    <motionState vehicle="1" speed="8580" time="7250" acceleration="12731"/>
    <motionState vehicle="2" speed="2378" time="7250" acceleration="451"/>
    <motionState vehicle="3" speed="2428" time="7250" acceleration="1280"/>
    <motionState vehicle="4" speed="9841" time="7250" acceleration="13636"/>
    <motionState vehicle="5" speed="2556" time="7250" acceleration="1708"/>
    <motionState vehicle="6" speed="2725" time="7250" acceleration="1473"/>
    <motionState vehicle="7" speed="2867" time="7250" acceleration="742"/>
    <motionState vehicle="8" speed="2931" time="7250" acceleration="-285"/>
    <motionState vehicle="9" speed="2890" time="7250" acceleration="-1223"/>
    <motionState vehicle="10" speed="2756" time="7250" acceleration="-1663"/>
    <motionState vehicle="11" speed="2583" time="7250" acceleration="-1421"/>
    <motionState vehicle="0" speed="2438" time="7260" acceleration="-596"/>
    <motionState vehicle="1" speed="8592" time="7260" acceleration="12739"/>
    <motionState vehicle="2" speed="2378" time="7260" acceleration="459"/>
    <motionState vehicle="3" speed="2429" time="7260" acceleration="1284"/>
    <motionState vehicle="4" speed="9855" time="7260" acceleration="13636"/>
    <motionState vehicle="5" speed="2557" time="7260" acceleration="1706"/>
    <motionState vehicle="6" speed="2726" time="7260" acceleration="1466"/>
    <motionState vehicle="7" speed="2867" time="7260" acceleration="731"/>
    <motionState vehicle="8" speed="2930" time="7260" acceleration="-295"/>
    <motionState vehicle="9" speed="2888" time="7260" acceleration="-1228"/>
    <motionState vehicle="10" speed="2754" time="7260" acceleration="-1661"/>
    <motionState vehicle="11" speed="2581" time="7260" acceleration="-1413"/>
    <motionState vehicle="0" speed="2438" time="7270" acceleration="-586"/>
    <motionState vehicle="1" speed="8605" time="7270" acceleration="12746"/>
    <motionState vehicle="2" speed="2379" time="7270" acceleration="467"/>
    <motionState vehicle="3" speed="2430" time="7270" acceleration="1288"/>
    <motionState vehicle="4" speed="9868" time="7270" acceleration="13636"/>
    <motionState vehicle="5" speed="2559" time="7270" acceleration="1703"/>
    <motionState vehicle="6" speed="2728" time="7270" acceleration="1459"/>
    <motionState vehicle="7" speed="2868" time="7270" acceleration="721"/>
    <motionState vehicle="8" speed="2930" time="7270" acceleration="-305"/>
    <motionState vehicle="9" speed="2887" time="7270" acceleration="-1233"/>
    <motionState vehicle="10" speed="2752" time="7270" acceleration="-1660"/>
    <motionState vehicle="11" speed="2580" time="7270" acceleration="-1406"/>
    <motionState vehicle="0" speed="2437" time="7280" acceleration="-576"/>
    <motionState vehicle="1" speed="8618" time="7280" acceleration="12753"/>
    <motionState vehicle="2" speed="2379" time="7280" acceleration="475"/>
    <motionState vehicle="3" speed="2431" time="7280" acceleration="1292"/>
    <motionState vehicle="4" speed="9882" time="7280" acceleration="13636"/>
    <motionState vehicle="5" speed="2561" time="7280" acceleration="1701"/>
    <motionState vehicle="6" speed="2729" time="7280" acceleration="1452"/>
    <motionState vehicle="7" speed="2869" time="7280" acceleration="711"/>
    <motionState vehicle="8" speed="2930" time="7280" acceleration="-314"/>
    <motionState vehicle="9" speed="2886" time="7280" acceleration="-1238"/>
    <motionState vehicle="10" speed="2751" time="7280" acceleration="-1658"/>
    <motionState vehicle="11" speed="2579" time="7280" acceleration="-1399"/>
    <motionState vehicle="0" speed="2437" time="7290" acceleration="-567"/>
    <motionState vehicle="1" speed="8631" time="7290" acceleration="12760"/>
    <motionState vehicle="2" speed="2380" time="7290" acceleration="483"/>
    <motionState vehicle="3" speed="2433" time="7290" acceleration="1296"/>
    <motionState vehicle="4" speed="9896" time="7290" acceleration="13636"/>
    <motionState vehicle="5" speed="2562" time="7290" acceleration="1699"/>
    <motionState vehicle="6" speed="2731" time="7290" acceleration="1444"/>
    <motionState vehicle="7" speed="2869" time="7290" acceleration="701"/>
    <motionState vehicle="8" speed="2929" time="7290" acceleration="-324"/>
    <motionState vehicle="9" speed="2885" time="7290" acceleration="-1243"/>
    <motionState vehicle="10" speed="2749" time="7290" acceleration="-1656"/>
    <motionState vehicle="11" speed="2577" time="7290" acceleration="-1391"/>
    <motionState vehicle="0" speed="2436" time="7300" acceleration="-557"/>
    <motionState vehicle="1" speed="8643" time="7300" acceleration="12767"/>
    <motionState vehicle="2" speed="2380" time="7300" acceleration="491"/>
    <motionState vehicle="3" speed="2434" time="7300" acceleration="1299"/>
    <motionState vehicle="4" speed="9909" time="7300" acceleration="13636"/>
    <motionState vehicle="5" speed="2564" time="7300" acceleration="1696"/>
    <motionState vehicle="6" speed="2732" time="7300" acceleration="1437"/>
    <motionState vehicle="7" speed="2870" time="7300" acceleration="690"/>
    <motionState vehicle="8" speed="2929" time="7300" acceleration="-333"/>
    <motionState vehicle="9" speed="2883" time="7300" acceleration="-1247"/>
    <motionState vehicle="10" speed="2748" time="7300" acceleration="-1654"/>
    <motionState vehicle="11" speed="2576" time="7300" acceleration="-1384"/>
    <motionState vehicle="0" speed="2436" time="7310" acceleration="-548"/>
    <motionState vehicle="1" speed="8656" time="7310" acceleration="12774"/>
    <motionState vehicle="2" speed="2381" time="7310" acceleration="498"/>
    <motionState vehicle="3" speed="2435" time="7310" acceleration="1303"/>
    <motionState vehicle="4" speed="9923" time="7310" acceleration="13636"/>
    <motionState vehicle="5" speed="2566" time="7310" acceleration="1694"/>
    <motionState vehicle="6" speed="2734" time="7310" acceleration="1430"/>
    <motionState vehicle="7" speed="2871" time="7310" acceleration="680"/>
    <motionState vehicle="8" speed="2929" time="7310" acceleration="-343"/>
    <motionState vehicle="9" speed="2882" time="7310" acceleration="-1252"/>
    <motionState vehicle="10" speed="2746" time="7310" acceleration="-1652"/>
    <motionState vehicle="11" speed="2575" time="7310" acceleration="-1377"/>
    <motionState vehicle="0" speed="2435" time="7320" acceleration="-538"/>
    <motionState vehicle="1" speed="8669" time="7320" acceleration="12781"/>
    <motionState vehicle="2" speed="2381" time="7320" acceleration="506"/>
    <motionState vehicle="3" speed="2437" time="7320" acceleration="1307"/>
    <motionState vehicle="4" speed="9937" time="7320" acceleration="13636"/>
    <motionState vehicle="5" speed="2568" time="7320" acceleration="1691"/>
    <motionState vehicle="6" speed="2735" time="7320" acceleration="1422"/>
    <motionState vehicle="7" speed="2871" time="7320" acceleration="670"/>
    <motionState vehicle="8" speed="2928" time="7320" acceleration="-352"/>
    <motionState vehicle="9" speed="2881" time="7320" acceleration="-1257"/>
    <motionState vehicle="10" speed="2744" time="7320" acceleration="-1650"/>
    <motionState vehicle="11" speed="2573" time="7320" acceleration="-1369"/>
    <motionState vehicle="0" speed="2434" time="7330" acceleration="-529"/>
    <motionState vehicle="1" speed="8682" time="7330" acceleration="12787"/>
    <motionState vehicle="2" speed="2382" time="7330" acceleration="514"/>
    <motionState vehicle="3" speed="2438" time="7330" acceleration="1310"/>
    <motionState vehicle="4" speed="9950" time="7330" acceleration="13636"/>
    <motionState vehicle="5" speed="2569" time="7330" acceleration="1688"/>
    <motionState vehicle="6" speed="2736" time="7330" acceleration="1415"/>
    <motionState vehicle="7" speed="2872" time="7330" acceleration="660"/>
    <motionState vehicle="8" speed="2928" time="7330" acceleration="-361"/>
    <motionState vehicle="9" speed="2880" time="7330" acceleration="-1261"/>
    <motionState vehicle="10" speed="2743" time="7330" acceleration="-1648"/>
    <motionState vehicle="11" speed="2572" time="7330" acceleration="-1362"/>
    <motionState vehicle="0" speed="2434" time="7340" acceleration="-519"/>
    <motionState vehicle="1" speed="8695" time="7340" acceleration="12794"/>
    <motionState vehicle="2" speed="2382" time="7340" acceleration="522"/>
    <motionState vehicle="3" speed="2439" time="7340" acceleration="1314"/>
    <motionState vehicle="4" speed="9964" time="7340" acceleration="13636"/>
    <motionState vehicle="5" speed="2571" time="7340" acceleration="1686"/>
    <motionState vehicle="6" speed="2738" time="7340" acceleration="1408"/>
    <motionState vehicle="7" speed="2873" time="7340" acceleration="650"/>
    <motionState vehicle="8" speed="2928" time="7340" acceleration="-371"/>
    <motionState vehicle="9" speed="2878" time="7340" acceleration="-1266"/>
    <motionState vehicle="10" speed="2741" time="7340" acceleration="-1646"/>
    <motionState vehicle="11" speed="2570" time="7340" acceleration="-1354"/>
    <motionState vehicle="0" speed="2433" time="7350" acceleration="-510"/>
    <motionState vehicle="1" speed="8707" time="7350" acceleration="12801"/>
    <motionState vehicle="2" speed="2383" time="7350" acceleration="529"/>
    <motionState vehicle="3" speed="2441" time="7350" acceleration="1317"/>
    <motionState vehicle="4" speed="9977" time="7350" acceleration="13636"/>
    <motionState vehicle="5" speed="2573" time="7350" acceleration="1683"/>
    <motionState vehicle="6" speed="2739" time="7350" acceleration="1400"/>
    <motionState vehicle="7" speed="2873" time="7350" acceleration="639"/>
    <motionState vehicle="8" speed="2927" time="7350" acceleration="-380"/>
    <motionState vehicle="9" speed="2877" time="7350" acceleration="-1270"/>
    <motionState vehicle="10" speed="2739" time="7350" acceleration="-1644"/>
    <motionState vehicle="11" speed="2569" time="7350" acceleration="-1347"/>
    <motionState vehicle="0" speed="2433" time="7360" acceleration="-500"/>
    <motionState vehicle="1" speed="8720" time="7360" acceleration="12808"/>
    <motionState vehicle="2" speed="2383" time="7360" acceleration="537"/>
    <motionState vehicle="3" speed="2442" time="7360" acceleration="1320"/>
    <motionState vehicle="4" speed="9991" time="7360" acceleration="13636"/>
    <motionState vehicle="5" speed="2574" time="7360" acceleration="1680"/>
    <motionState vehicle="6" speed="2741" time="7360" acceleration="1393"/>
    <motionState vehicle="7" speed="2874" time="7360" acceleration="629"/>
    <motionState vehicle="8" speed="2927" time="7360" acceleration="-389"/>
    <motionState vehicle="9" speed="2876" time="7360" acceleration="-1275"/>
    <motionState vehicle="10" speed="2738" time="7360" acceleration="-1642"/>
    <motionState vehicle="11" speed="2568" time="7360" acceleration="-1339"/>
    <motionState vehicle="0" speed="2432" time="7370" acceleration="-491"/>
    <motionState vehicle="1" speed="8733" time="7370" acceleration="12814"/>
    <motionState vehicle="2" speed="2384" time="7370" acceleration="544"/>
    <motionState vehicle="3" speed="2443" time="7370" acceleration="1324"/>
    <motionState vehicle="4" speed="10005" time="7370" acceleration="13636"/>
    <motionState vehicle="5" speed="2576" time="7370" acceleration="1678"/>
    <motionState vehicle="6" speed="2742" time="7370" acceleration="1385"/>
    <motionState vehicle="7" speed="2875" time="7370" acceleration="619"/>
    <motionState vehicle="8" speed="2927" time="7370" acceleration="-398"/>
    <motionState vehicle="9" speed="2874" time="7370" acceleration="-1279"/>
    <motionState vehicle="10" speed="2736" time="7370" acceleration="-1640"/>
    <motionState vehicle="11" speed="2566" time="7370" acceleration="-1332"/>
    <motionState vehicle="0" speed="2432" time="7380" acceleration="-481"/>
    <motionState vehicle="1" speed="8746" time="7380" acceleration="12821"/>
    <motionState vehicle="2" speed="2385" time="7380" acceleration="552"/>
    <motionState vehicle="3" speed="2445" time="7380" acceleration="1327"/>
    <motionState vehicle="4" speed="10018" time="7380" acceleration="13636"/>
    <motionState vehicle="5" speed="2578" time="7380" acceleration="1675"/>
    <motionState vehicle="6" speed="2743" time="7380" acceleration="1378"/>
    <motionState vehicle="7" speed="2875" time="7380" acceleration="609"/>
    <motionState vehicle="8" speed="2926" time="7380" acceleration="-407"/>
    <motionState vehicle="9" speed="2873" time="7380" acceleration="-1283"/>
    <motionState vehicle="10" speed="2734" time="7380" acceleration="-1637"/>
    <motionState vehicle="11" speed="2565" time="7380" acceleration="-1324"/>
    <motionState vehicle="0" speed="2432" time="7390" acceleration="-472"/>
    <motionState vehicle="1" speed="8759" time="7390" acceleration="12827"/>
    <motionState vehicle="2" speed="2385" time="7390" acceleration="559"/>
    <motionState vehicle="3" speed="2446" time="7390" acceleration="1330"/>
    <motionState vehicle="4" speed="10032" time="7390" acceleration="13636"/>
    <motionState vehicle="5" speed="2579" time="7390" acceleration="1672"/>
    <motionState vehicle="6" speed="2745" time="7390" acceleration="1370"/>
    <motionState vehicle="7" speed="2876" time="7390" acceleration="599"/>
    <motionState vehicle="8" speed="2926" time="7390" acceleration="-417"/>
    <motionState vehicle="9" speed="2872" time="7390" acceleration="-1287"/>
    <motionState vehicle="10" speed="2733" time="7390" acceleration="-1635"/>
    <motionState vehicle="11" speed="2564" time="7390" acceleration="-1316"/>
    <motionState vehicle="0" speed="2431" time="7400" acceleration="-462"/>
    <motionState vehicle="1" speed="8772" time="7400" acceleration="12834"/>
    <motionState vehicle="2" speed="2386" time="7400" acceleration="567"/>
    <motionState vehicle="3" speed="2447" time="7400" acceleration="1333"/>
    <motionState vehicle="4" speed="10046" time="7400" acceleration="13636"/>
    <motionState vehicle="5" speed="2581" time="7400" acceleration="1669"/>
    <motionState vehicle="6" speed="2746" time="7400" acceleration="1363"/>
    <motionState vehicle="7" speed="2876" time="7400" acceleration="589"/>
    <motionState vehicle="8" speed="2925" time="7400" acceleration="-426"/>
    <motionState vehicle="9" speed="2871" time="7400" acceleration="-1291"/>
    <motionState vehicle="10" speed="2731" time="7400" acceleration="-1633"/>
    <motionState vehicle="11" speed="2562" time="7400" acceleration="-1309"/>
    <motionState vehicle="0" speed="2431" time="7410" acceleration="-453"/>
    <motionState vehicle="1" speed="8784" time="7410" acceleration="12840"/>
    <motionState vehicle="2" speed="2386" time="7410" acceleration="574"/>
    <motionState vehicle="3" speed="2449" time="7410" acceleration="1336"/>
    <motionState vehicle="4" speed="10059" time="7410" acceleration="13636"/>
    <motionState vehicle="5" speed="2583" time="7410" acceleration="1666"/>
    <motionState vehicle="6" speed="2747" time="7410" acceleration="1355"/>
    <motionState vehicle="7" speed="2877" time="7410" acceleration="578"/>
    <motionState vehicle="8" speed="2925" time="7410" acceleration="-434"/>
    <motionState vehicle="9" speed="2869" time="7410" acceleration="-1295"/>
    <motionState vehicle="10" speed="2729" time="7410" acceleration="-1630"/>
    <motionState vehicle="11" speed="2561" time="7410" acceleration="-1301"/>
    <motionState vehicle="0" speed="2430" time="7420" acceleration="-443"/>
    <motionState vehicle="1" speed="8797" time="7420" acceleration="12847"/>
    <motionState vehicle="2" speed="2387" time="7420" acceleration="582"/>
    <motionState vehicle="3" speed="2450" time="7420" acceleration="1339"/>
    <motionState vehicle="4" speed="10073" time="7420" acceleration="13636"/>
    <motionState vehicle="5" speed="2584" time="7420" acceleration="1663"/>
    <motionState vehicle="6" speed="2749" time="7420" acceleration="1348"/>
    <motionState vehicle="7" speed="2878" time="7420" acceleration="568"/>
    <motionState vehicle="8" speed="2924" time="7420" acceleration="-443"/>
    <motionState vehicle="9" speed="2868" time="7420" acceleration="-1299"/>
    <motionState vehicle="10" speed="2728" time="7420" acceleration="-1628"/>
    <motionState vehicle="11" speed="2560" time="7420" acceleration="-1293"/>
    <motionState vehicle="0" speed="2430" time="7430" acceleration="-434"/>
    <motionState vehicle="1" speed="8810" time="7430" acceleration="12853"/>
    <motionState vehicle="2" speed="2387" time="7430" acceleration="589"/>
    <motionState vehicle="3" speed="2451" time="7430" acceleration="1342"/>
    <motionState vehicle="4" speed="10087" time="7430" acceleration="13636"/>
    <motionState vehicle="5" speed="2586" time="7430" acceleration="1660"/>
    <motionState vehicle="6" speed="2750" time="7430" acceleration="1340"/>
    <motionState vehicle="7" speed="2878" time="7430" acceleration="558"/>
    <motionState vehicle="8" speed="2924" time="7430" acceleration="-452"/>
    <motionState vehicle="9" speed="2867" time="7430" acceleration="-1303"/>
    <motionState vehicle="10" speed="2726" time="7430" acceleration="-1625"/>
    <motionState vehicle="11" speed="2559" time="7430" acceleration="-1286"/>
    <motionState vehicle="0" speed="2429" time="7440" acceleration="-425"/>
    <motionState vehicle="1" speed="8823" time="7440" acceleration="12859"/>
    <motionState vehicle="2" speed="2388" time="7440" acceleration="596"/>
    <motionState vehicle="3" speed="2453" time="7440" acceleration="1345"/>
    <motionState vehicle="4" speed="10100" time="7440" acceleration="13535"/>
    <motionState vehicle="5" speed="2588" time="7440" acceleration="1657"/>
    <motionState vehicle="6" speed="2751" time="7440" acceleration="1332"/>
    <motionState vehicle="7" speed="2879" time="7440" acceleration="548"/>
    <motionState vehicle="8" speed="2923" time="7440" acceleration="-461"/>
    <motionState vehicle="9" speed="2865" time="7440" acceleration="-1307"/>
    <motionState vehicle="10" speed="2725" time="7440" acceleration="-1622"/>
    <motionState vehicle="11" speed="2557" time="7440" acceleration="-1278"/>
    <motionState vehicle="0" speed="2429" time="7450" acceleration="-415"/>
    <motionState vehicle="1" speed="8836" time="7450" acceleration="12865"/>
    <motionState vehicle="2" speed="2389" time="7450" acceleration="603"/>
    <motionState vehicle="3" speed="2454" time="7450" acceleration="1348"/>
    <motionState vehicle="4" speed="10113" time="7450" acceleration="13290"/>
    <motionState vehicle="5" speed="2589" time="7450" acceleration="1654"/>
    <motionState vehicle="6" speed="2753" time="7450" acceleration="1325"/>
    <motionState vehicle="7" speed="2879" time="7450" acceleration="538"/>
    <motionState vehicle="8" speed="2923" time="7450" acceleration="-470"/>
    <motionState vehicle="9" speed="2864" time="7450" acceleration="-1311"/>
    <motionState vehicle="10" speed="2723" time="7450" acceleration="-1620"/>
    <motionState vehicle="11" speed="2556" time="7450" acceleration="-1270"/>
    <motionState vehicle="0" speed="2428" time="7460" acceleration="-406"/>
    <motionState vehicle="1" speed="8849" time="7460" acceleration="12868"/>
    <motionState vehicle="2" speed="2389" time="7460" acceleration="611"/>
    <motionState vehicle="3" speed="2455" time="7460" acceleration="1351"/>
    <motionState vehicle="4" speed="10126" time="7460" acceleration="13049"/>
    <motionState vehicle="5" speed="2591" time="7460" acceleration="1651"/>
    <motionState vehicle="6" speed="2754" time="7460" acceleration="1317"/>
    <motionState vehicle="7" speed="2880" time="7460" acceleration="528"/>
    <motionState vehicle="8" speed="2923" time="7460" acceleration="-479"/>
    <motionState vehicle="9" speed="2863" time="7460" acceleration="-1315"/>
    <motionState vehicle="10" speed="2721" time="7460" acceleration="-1617"/>
    <motionState vehicle="11" speed="2555" time="7460" acceleration="-1263"/>
    <motionState vehicle="0" speed="2428" time="7470" acceleration="-396"/>
    <motionState vehicle="1" speed="8862" time="7470" acceleration="12869"/>
    <motionState vehicle="2" speed="2390" time="7470" acceleration="618"/>
    <motionState vehicle="3" speed="2457" time="7470" acceleration="1354"/>
    <motionState vehicle="4" speed="10139" time="7470" acceleration="12813"/>
    <motionState vehicle="5" speed="2593" time="7470" acceleration="1647"/>
    <motionState vehicle="6" speed="2755" time="7470" acceleration="1309"/>
    <motionState vehicle="7" speed="2880" time="7470" acceleration="518"/>
    <motionState vehicle="8" speed="2922" time="7470" acceleration="-487"/>
    <motionState vehicle="9" speed="2861" time="7470" acceleration="-1318"/>
    <motionState vehicle="10" speed="2720" time="7470" acceleration="-1614"/>
    <motionState vehicle="11" speed="2554" time="7470" acceleration="-1255"/>
    <motionState vehicle="0" speed="2428" time="7480" acceleration="-387"/>
    <motionState vehicle="1" speed="8874" time="7480" acceleration="12867"/>
    <motionState vehicle="2" speed="2390" time="7480" acceleration="625"/>
    <motionState vehicle="3" speed="2458" time="7480" acceleration="1356"/>
    <motionState vehicle="4" speed="10152" time="7480" acceleration="12580"/>
    <motionState vehicle="5" speed="2594" time="7480" acceleration="1644"/>
    <motionState vehicle="6" speed="2757" time="7480" acceleration="1302"/>
    <motionState vehicle="7" speed="2881" time="7480" acceleration="508"/>
    <motionState vehicle="8" speed="2922" time="7480" acceleration="-496"/>
    <motionState vehicle="9" speed="2860" time="7480" acceleration="-1322"/>
    <motionState vehicle="10" speed="2718" time="7480" acceleration="-1611"/>
    <motionState vehicle="11" speed="2552" time="7480" acceleration="-1247"/>
    <motionState vehicle="0" speed="2427" time="7490" acceleration="-378"/>
    <motionState vehicle="1" speed="8887" time="7490" acceleration="12864"/>
    <motionState vehicle="2" speed="2391" time="7490" acceleration="632"/>
    <motionState vehicle="3" speed="2459" time="7490" acceleration="1359"/>
    <motionState vehicle="4" speed="10164" time="7490" acceleration="12353"/>
    <motionState vehicle="5" speed="2596" time="7490" acceleration="1641"/>
    <motionState vehicle="6" speed="2758" time="7490" acceleration="1294"/>
    <motionState vehicle="7" speed="2881" time="7490" acceleration="498"/>
    <motionState vehicle="8" speed="2921" time="7490" acceleration="-504"/>
    <motionState vehicle="9" speed="2859" time="7490" acceleration="-1325"/>
    <motionState vehicle="10" speed="2716" time="7490" acceleration="-1608"/>
    <motionState vehicle="11" speed="2551" time="7490" acceleration="-1239"/>
    <motionState vehicle="0" speed="2427" time="7500" acceleration="-368"/>
    <motionState vehicle="1" speed="8900" time="7500" acceleration="12858"/>
    <motionState vehicle="2" speed="2392" time="7500" acceleration="639"/>
    <motionState vehicle="3" speed="2461" time="7500" acceleration="1362"/>
    <motionState vehicle="4" speed="10176" time="7500" acceleration="12129"/>
    <motionState vehicle="5" speed="2598" time="7500" acceleration="1638"/>
    <motionState vehicle="6" speed="2759" time="7500" acceleration="1286"/>
    <motionState vehicle="7" speed="2882" time="7500" acceleration="488"/>
    <motionState vehicle="8" speed="2921" time="7500" acceleration="-513"/>
    <motionState vehicle="9" speed="2857" time="7500" acceleration="-1329"/>
    <motionState vehicle="10" speed="2715" time="7500" acceleration="-1606"/>
    <motionState vehicle="11" speed="2550" time="7500" acceleration="-1231"/>
    <motionState vehicle="0" speed="2427" time="7510" acceleration="-359"/>
    <motionState vehicle="1" speed="8913" time="7510" acceleration="12851"/>
    <motionState vehicle="2" speed="2392" time="7510" acceleration="646"/>
    <motionState vehicle="3" speed="2462" time="7510" acceleration="1364"/>
    <motionState vehicle="4" speed="10188" time="7510" acceleration="11909"/>
    <motionState vehicle="5" speed="2599" time="7510" acceleration="1634"/>
    <motionState vehicle="6" speed="2761" time="7510" acceleration="1278"/>
    <motionState vehicle="7" speed="2882" time="7510" acceleration="478"/>
    <motionState vehicle="8" speed="2920" time="7510" acceleration="-521"/>
    <motionState vehicle="9" speed="2856" time="7510" acceleration="-1332"/>
    <motionState vehicle="10" speed="2713" time="7510" acceleration="-1603"/>
    <motionState vehicle="11" speed="2549" time="7510" acceleration="-1223"/>
    <motionState vehicle="0" speed="2426" time="7520" acceleration="-350"/>
    <motionState vehicle="1" speed="8926" time="7520" acceleration="12841"/>
    <motionState vehicle="2" speed="2393" time="7520" acceleration="653"/>
    <motionState vehicle="3" speed="2463" time="7520" acceleration="1367"/>
    <motionState vehicle="4" speed="10200" time="7520" acceleration="11694"/>
    <motionState vehicle="5" speed="2601" time="7520" acceleration="1631"/>
    <motionState vehicle="6" speed="2762" time="7520" acceleration="1270"/>
    <motionState vehicle="7" speed="2883" time="7520" acceleration="468"/>
    <motionState vehicle="8" speed="2919" time="7520" acceleration="-530"/>
    <motionState vehicle="9" speed="2855" time="7520" acceleration="-1336"/>
    <motionState vehicle="10" speed="2712" time="7520" acceleration="-1599"/>
    <motionState vehicle="11" speed="2547" time="7520" acceleration="-1215"/>
    <motionState vehicle="0" speed="2426" time="7530" acceleration="-340"/>
    <motionState vehicle="1" speed="8939" time="7530" acceleration="12830"/>
    <motionState vehicle="2" speed="2394" time="7530" acceleration="660"/>
    <motionState vehicle="3" speed="2465" time="7530" acceleration="1369"/>
    <motionState vehicle="4" speed="10211" time="7530" acceleration="11482"/>
    <motionState vehicle="5" speed="2602" time="7530" acceleration="1627"/>
    <motionState vehicle="6" speed="2763" time="7530" acceleration="1262"/>
    <motionState vehicle="7" speed="2883" time="7530" acceleration="458"/>
    <motionState vehicle="8" speed="2919" time="7530" acceleration="-538"/>
    <motionState vehicle="9" speed="2853" time="7530" acceleration="-1339"/>
    <motionState vehicle="10" speed="2710" time="7530" acceleration="-1596"/>
    <motionState vehicle="11" speed="2546" time="7530" acceleration="-1208"/>
    <motionState vehicle="0" speed="2426" time="7540" acceleration="-331"/>
    <motionState vehicle="1" speed="8951" time="7540" acceleration="12817"/>
    <motionState vehicle="2" speed="2394" time="7540" acceleration="667"/>
    <motionState vehicle="3" speed="2466" time="7540" acceleration="1372"/>
    <motionState vehicle="4" speed="10223" time="7540" acceleration="11274"/>
    <motionState vehicle="5" speed="2604" time="7540" acceleration="1624"/>
    <motionState vehicle="6" speed="2764" time="7540" acceleration="1255"/>
    <motionState vehicle="7" speed="2884" time="7540" acceleration="448"/>
    <motionState vehicle="8" speed="2918" time="7540" acceleration="-547"/>
    <motionState vehicle="9" speed="2852" time="7540" acceleration="-1342"/>
    <motionState vehicle="10" speed="2708" time="7540" acceleration="-1593"/>
    <motionState vehicle="11" speed="2545" time="7540" acceleration="-1200"/>
    <motionState vehicle="0" speed="2425" time="7550" acceleration="-322"/>
    <motionState vehicle="1" speed="8964" time="7550" acceleration="12802"/>
    <motionState vehicle="2" speed="2395" time="7550" acceleration="674"/>
    <motionState vehicle="3" speed="2468" time="7550" acceleration="1374"/>
    <motionState vehicle="4" speed="10234" time="7550" acceleration="11070"/>
    <motionState vehicle="5" speed="2606" time="7550" acceleration="1620"/>
    <motionState vehicle="6" speed="2766" time="7550" acceleration="1247"/>
    <motionState vehicle="7" speed="2884" time="7550" acceleration="438"/>
    <motionState vehicle="8" speed="2918" time="7550" acceleration="-555"/>
    <motionState vehicle="9" speed="2851" time="7550" acceleration="-1345"/>
    <motionState vehicle="10" speed="2707" time="7550" acceleration="-1590"/>
    <motionState vehicle="11" speed="2544" time="7550" acceleration="-1192"/>
    <motionState vehicle="0" speed="2425" time="7560" acceleration="-313"/>
    <motionState vehicle="1" speed="8977" time="7560" acceleration="12785"/>
    <motionState vehicle="2" speed="2396" time="7560" acceleration="681"/>
    <motionState vehicle="3" speed="2469" time="7560" acceleration="1376"/>
    <motionState vehicle="4" speed="10245" time="7560" acceleration="10870"/>
    <motionState vehicle="5" speed="2607" time="7560" acceleration="1617"/>
    <motionState vehicle="6" speed="2767" time="7560" acceleration="1239"/>
    <motionState vehicle="7" speed="2884" time="7560" acceleration="428"/>
    <motionState vehicle="8" speed="2917" time="7560" acceleration="-563"/>
    <motionState vehicle="9" speed="2849" time="7560" acceleration="-1348"/>
    <motionState vehicle="10" speed="2705" time="7560" acceleration="-1587"/>
    <motionState vehicle="11" speed="2543" time="7560" acceleration="-1184"/>
    <motionState vehicle="0" speed="2425" time="7570" acceleration="-303"/>
    <motionState vehicle="1" speed="8990" time="7570" acceleration="12767"/>
    <motionState vehicle="2" speed="2396" time="7570" acceleration="688"/>
    <motionState vehicle="3" speed="2470" time="7570" acceleration="1379"/>
    <motionState vehicle="4" speed="10255" time="7570" acceleration="10673"/>
    <motionState vehicle="5" speed="2609" time="7570" acceleration="1613"/>
    <motionState vehicle="6" speed="2768" time="7570" acceleration="1231"/>
    <motionState vehicle="7" speed="2885" time="7570" acceleration="418"/>
    <motionState vehicle="8" speed="2917" time="7570" acceleration="-571"/>
    <motionState vehicle="9" speed="2848" time="7570" acceleration="-1351"/>
    <motionState vehicle="10" speed="2704" time="7570" acceleration="-1583"/>
    <motionState vehicle="11" speed="2541" time="7570" acceleration="-1176"/>
    <motionState vehicle="0" speed="2424" time="7580" acceleration="-294"/>
    <motionState vehicle="1" speed="9003" time="7580" acceleration="12747"/>
    <motionState vehicle="2" speed="2397" time="7580" acceleration="694"/>
    <motionState vehicle="3" speed="2472" time="7580" acceleration="1381"/>
    <motionState vehicle="4" speed="10266" time="7580" acceleration="10480"/>
    <motionState vehicle="5" speed="2610" time="7580" acceleration="1609"/>
    <motionState vehicle="6" speed="2769" time="7580" acceleration="1223"/>
    <motionState vehicle="7" speed="2885" time="7580" acceleration="408"/>
    <motionState vehicle="8" speed="2916" time="7580" acceleration="-579"/>
    <motionState vehicle="9" speed="2847" time="7580" acceleration="-1354"/>
    <motionState vehicle="10" speed="2702" time="7580" acceleration="-1580"/>
    <motionState vehicle="11" speed="2540" time="7580" acceleration="-1168"/>
    <motionState vehicle="0" speed="2424" time="7590" acceleration="-285"/>
    <motionState vehicle="1" speed="9015" time="7590" acceleration="12725"/>
    <motionState vehicle="2" speed="2398" time="7590" acceleration="701"/>
    <motionState vehicle="3" speed="2473" time="7590" acceleration="1383"/>
    <motionState vehicle="4" speed="10276" time="7590" acceleration="10291"/>
    <motionState vehicle="5" speed="2612" time="7590" acceleration="1606"/>
    <motionState vehicle="6" speed="2770" time="7590" acceleration="1215"/>
    <motionState vehicle="7" speed="2886" time="7590" acceleration="398"/>
    <motionState vehicle="8" speed="2916" time="7590" acceleration="-587"/>
    <motionState vehicle="9" speed="2845" time="7590" acceleration="-1357"/>
    <motionState vehicle="10" speed="2701" time="7590" acceleration="-1577"/>
    <motionState vehicle="11" speed="2539" time="7590" acceleration="-1160"/>
    <motionState vehicle="0" speed="2424" time="7600" acceleration="-276"/>
    <motionState vehicle="1" speed="9028" time="7600" acceleration="12702"/>
    <motionState vehicle="2" speed="2399" time="7600" acceleration="708"/>
    <motionState vehicle="3" speed="2475" time="7600" acceleration="1385"/>
    <motionState vehicle="4" speed="10286" time="7600" acceleration="10105"/>
    <motionState vehicle="5" speed="2614" time="7600" acceleration="1602"/>
    <motionState vehicle="6" speed="2772" time="7600" acceleration="1207"/>
    <motionState vehicle="7" speed="2886" time="7600" acceleration="388"/>
    <motionState vehicle="8" speed="2915" time="7600" acceleration="-595"/>
    <motionState vehicle="9" speed="2844" time="7600" acceleration="-1360"/>
    <motionState vehicle="10" speed="2699" time="7600" acceleration="-1573"/>
    <motionState vehicle="11" speed="2538" time="7600" acceleration="-1152"/>
    <motionState vehicle="0" speed="2423" time="7610" acceleration="-266"/>
    <motionState vehicle="1" speed="9041" time="7610" acceleration="12677"/>
    <motionState vehicle="2" speed="2399" time="7610" acceleration="714"/>
    <motionState vehicle="3" speed="2476" time="7610" acceleration="1387"/>
    <motionState vehicle="4" speed="10296" time="7610" acceleration="9922"/>
    <motionState vehicle="5" speed="2615" time="7610" acceleration="1598"/>
    <motionState vehicle="6" speed="2773" time="7610" acceleration="1199"/>
    <motionState vehicle="7" speed="2886" time="7610" acceleration="378"/>
    <motionState vehicle="8" speed="2914" time="7610" acceleration="-603"/>
    <motionState vehicle="9" speed="2843" time="7610" acceleration="-1363"/>
    <motionState vehicle="10" speed="2697" time="7610" acceleration="-1570"/>
    <motionState vehicle="11" speed="2537" time="7610" acceleration="-1144"/>
    <motionState vehicle="0" speed="2423" time="7620" acceleration="-257"/>
    <motionState vehicle="1" speed="9053" time="7620" acceleration="12651"/>
    <motionState vehicle="2" speed="2400" time="7620" acceleration="721"/>
    <motionState vehicle="3" speed="2477" time="7620" acceleration="1389"/>
    <motionState vehicle="4" speed="10306" time="7620" acceleration="9743"/>
    <motionState vehicle="5" speed="2617" time="7620" acceleration="1594"/>
    <motionState vehicle="6" speed="2774" time="7620" acceleration="1191"/>
    <motionState vehicle="7" speed="2887" time="7620" acceleration="369"/>
    <motionState vehicle="8" speed="2914" time="7620" acceleration="-611"/>
    <motionState vehicle="9" speed="2841" time="7620" acceleration="-1365"/>
    <motionState vehicle="10" speed="2696" time="7620" acceleration="-1566"/>
    <motionState vehicle="11" speed="2536" time="7620" acceleration="-1135"/>
    <motionState vehicle="0" speed="2423" time="7630" acceleration="-248"/>
    <motionState vehicle="1" speed="9066" time="7630" acceleration="12623"/>
    <motionState vehicle="2" speed="2401" time="7630" acceleration="727"/>
    <motionState vehicle="3" speed="2479" time="7630" acceleration="1391"/>
    <motionState vehicle="4" speed="10315" time="7630" acceleration="9567"/>
    <motionState vehicle="5" speed="2618" time="7630" acceleration="1590"/>
    <motionState vehicle="6" speed="2775" time="7630" acceleration="1183"/>
    <motionState vehicle="7" speed="2887" time="7630" acceleration="359"/>
    <motionState vehicle="8" speed="2913" time="7630" acceleration="-619"/>
    <motionState vehicle="9" speed="2840" time="7630" acceleration="-1368"/>
    <motionState vehicle="10" speed="2694" time="7630" acceleration="-1563"/>
    <motionState vehicle="11" speed="2535" time="7630" acceleration="-1127"/>
    <motionState vehicle="0" speed="2423" time="7640" acceleration="-239"/>
    <motionState vehicle="1" speed="9079" time="7640" acceleration="12594"/>
    <motionState vehicle="2" speed="2401" time="7640" acceleration="734"/>
    <motionState vehicle="3" speed="2480" time="7640" acceleration="1393"/>
    <motionState vehicle="4" speed="10325" time="7640" acceleration="9394"/>
    <motionState vehicle="5" speed="2620" time="7640" acceleration="1586"/>
    <motionState vehicle="6" speed="2776" time="7640" acceleration="1175"/>
    <motionState vehicle="7" speed="2888" time="7640" acceleration="349"/>
    <motionState vehicle="8" speed="2912" time="7640" acceleration="-627"/>
    <motionState vehicle="9" speed="2839" time="7640" acceleration="-1370"/>
    <motionState vehicle="10" speed="2693" time="7640" acceleration="-1559"/>
    <motionState vehicle="11" speed="2533" time="7640" acceleration="-1119"/>
    <motionState vehicle="0" speed="2423" time="7650" acceleration="-230"/>
    <motionState vehicle="1" speed="9091" time="7650" acceleration="12564"/>
    <motionState vehicle="2" speed="2402" time="7650" acceleration="740"/>
    <motionState vehicle="3" speed="2481" time="7650" acceleration="1395"/>
    <motionState vehicle="4" speed="10334" time="7650" acceleration="9224"/>
    <motionState vehicle="5" speed="2622" time="7650" acceleration="1583"/>
    <motionState vehicle="6" speed="2778" time="7650" acceleration="1167"/>
    <motionState vehicle="7" speed="2888" time="7650" acceleration="339"/>
    <motionState vehicle="8" speed="2912" time="7650" acceleration="-635"/>
    <motionState vehicle="9" speed="2837" time="7650" acceleration="-1373"/>
    <motionState vehicle="10" speed="2691" time="7650" acceleration="-1555"/>
    <motionState vehicle="11" speed="2532" time="7650" acceleration="-1111"/>
    <motionState vehicle="0" speed="2422" time="7660" acceleration="-221"/>
    <motionState vehicle="1" speed="9104" time="7660" acceleration="12532"/>
    <motionState vehicle="2" speed="2403" time="7660" acceleration="747"/>
    <motionState vehicle="3" speed="2483" time="7660" acceleration="1396"/>
    <motionState vehicle="4" speed="10343" time="7660" acceleration="9058"/>
    <motionState vehicle="5" speed="2623" time="7660" acceleration="1579"/>
    <motionState vehicle="6" speed="2779" time="7660" acceleration="1159"/>
    <motionState vehicle="7" speed="2888" time="7660" acceleration="329"/>
    <motionState vehicle="8" speed="2911" time="7660" acceleration="-643"/>
    <motionState vehicle="9" speed="2836" time="7660" acceleration="-1375"/>
    <motionState vehicle="10" speed="2690" time="7660" acceleration="-1552"/>
    <motionState vehicle="11" speed="2531" time="7660" acceleration="-1103"/>
    <motionState vehicle="0" speed="2422" time="7670" acceleration="-212"/>
    <motionState vehicle="1" speed="9116" time="7670" acceleration="12500"/>
    <motionState vehicle="2" speed="2404" time="7670" acceleration="753"/>
    <motionState vehicle="3" speed="2484" time="7670" acceleration="1398"/>
    <motionState vehicle="4" speed="10352" time="7670" acceleration="8894"/>
    <motionState vehicle="5" speed="2625" time="7670" acceleration="1575"/>
    <motionState vehicle="6" speed="2780" time="7670" acceleration="1150"/>
    <motionState vehicle="7" speed="2889" time="7670" acceleration="320"/>
    <motionState vehicle="8" speed="2911" time="7670" acceleration="-650"/>
    <motionState vehicle="9" speed="2834" time="7670" acceleration="-1378"/>
    <motionState vehicle="10" speed="2688" time="7670" acceleration="-1548"/>
    <motionState vehicle="11" speed="2530" time="7670" acceleration="-1095"/>
    <motionState vehicle="0" speed="2422" time="7680" acceleration="-203"/>
    <motionState vehicle="1" speed="9129" time="7680" acceleration="12466"/>
    <motionState vehicle="2" speed="2404" time="7680" acceleration="760"/>
    <motionState vehicle="3" speed="2486" time="7680" acceleration="1400"/>
    <motionState vehicle="4" speed="10361" time="7680" acceleration="8734"/>
    <motionState vehicle="5" speed="2626" time="7680" acceleration="1570"/>
    <motionState vehicle="6" speed="2781" time="7680" acceleration="1142"/>
    <motionState vehicle="7" speed="2889" time="7680" acceleration="310"/>
    <motionState vehicle="8" speed="2910" time="7680" acceleration="-658"/>
    <motionState vehicle="9" speed="2833" time="7680" acceleration="-1380"/>
    <motionState vehicle="10" speed="2687" time="7680" acceleration="-1544"/>
    <motionState vehicle="11" speed="2529" time="7680" acceleration="-1087"/>
    <motionState vehicle="0" speed="2422" time="7690" acceleration="-194"/>
    <motionState vehicle="1" speed="9141" time="7690" acceleration="12430"/>
    <motionState vehicle="2" speed="2405" time="7690" acceleration="766"/>
    <motionState vehicle="3" speed="2487" time="7690" acceleration="1401"/>
    <motionState vehicle="4" speed="10369" time="7690" acceleration="8576"/>
    <motionState vehicle="5" speed="2628" time="7690" acceleration="1566"/>
    <motionState vehicle="6" speed="2782" time="7690" acceleration="1134"/>
    <motionState vehicle="7" speed="2889" time="7690" acceleration="300"/>
    <motionState vehicle="8" speed="2909" time="7690" acceleration="-665"/>
    <motionState vehicle="9" speed="2832" time="7690" acceleration="-1382"/>
    <motionState vehicle="10" speed="2685" time="7690" acceleration="-1540"/>
    <motionState vehicle="11" speed="2528" time="7690" acceleration="-1078"/>
    <motionState vehicle="0" speed="2421" time="7700" acceleration="-185"/>
    <motionState vehicle="1" speed="9153" time="7700" acceleration="12394"/>
    <motionState vehicle="2" speed="2406" time="7700" acceleration="772"/>
    <motionState vehicle="3" speed="2488" time="7700" acceleration="1403"/>
    <motionState vehicle="4" speed="10378" time="7700" acceleration="8422"/>
    <motionState vehicle="5" speed="2630" time="7700" acceleration="1562"/>
    <motionState vehicle="6" speed="2783" time="7700" acceleration="1126"/>
    <motionState vehicle="7" speed="2889" time="7700" acceleration="290"/>
    <motionState vehicle="8" speed="2909" time="7700" acceleration="-673"/>
    <motionState vehicle="9" speed="2830" time="7700" acceleration="-1385"/>
    <motionState vehicle="10" speed="2683" time="7700" acceleration="-1536"/>
    <motionState vehicle="11" speed="2527" time="7700" acceleration="-1070"/>
    <motionState vehicle="0" speed="2421" time="7710" acceleration="-176"/>
    <motionState vehicle="1" speed="9166" time="7710" acceleration="12356"/>
    <motionState vehicle="2" speed="2407" time="7710" acceleration="778"/>
    <motionState vehicle="3" speed="2490" time="7710" acceleration="1404"/>
    <motionState vehicle="4" speed="10386" time="7710" acceleration="8270"/>
    <motionState vehicle="5" speed="2631" time="7710" acceleration="1558"/>
    <motionState vehicle="6" speed="2784" time="7710" acceleration="1118"/>
    <motionState vehicle="7" speed="2890" time="7710" acceleration="281"/>
    <motionState vehicle="8" speed="2908" time="7710" acceleration="-680"/>
    <motionState vehicle="9" speed="2829" time="7710" acceleration="-1387"/>
    <motionState vehicle="10" speed="2682" time="7710" acceleration="-1532"/>
    <motionState vehicle="11" speed="2526" time="7710" acceleration="-1062"/>
    <motionState vehicle="0" speed="2421" time="7720" acceleration="-167"/>
    <motionState vehicle="1" speed="9178" time="7720" acceleration="12318"/>
    <motionState vehicle="2" speed="2408" time="7720" acceleration="785"/>
    <motionState vehicle="3" speed="2491" time="7720" acceleration="1406"/>
    <motionState vehicle="4" speed="10394" time="7720" acceleration="8121"/>
    <motionState vehicle="5" speed="2633" time="7720" acceleration="1554"/>
    <motionState vehicle="6" speed="2786" time="7720" acceleration="1110"/>
    <motionState vehicle="7" speed="2890" time="7720" acceleration="271"/>
    <motionState vehicle="8" speed="2907" time="7720" acceleration="-688"/>
    <motionState vehicle="9" speed="2827" time="7720" acceleration="-1389"/>
    <motionState vehicle="10" speed="2680" time="7720" acceleration="-1528"/>
    <motionState vehicle="11" speed="2525" time="7720" acceleration="-1054"/>
    <motionState vehicle="0" speed="2421" time="7730" acceleration="-158"/>
    <motionState vehicle="1" speed="9190" time="7730" acceleration="12278"/>
    <motionState vehicle="2" speed="2408" time="7730" acceleration="791"/>
    <motionState vehicle="3" speed="2493" time="7730" acceleration="1407"/>
    <motionState vehicle="4" speed="10402" time="7730" acceleration="7975"/>
    <motionState vehicle="5" speed="2634" time="7730" acceleration="1550"/>
    <motionState vehicle="6" speed="2787" time="7730" acceleration="1101"/>
    <motionState vehicle="7" speed="2890" time="7730" acceleration="262"/>
    <motionState vehicle="8" speed="2906" time="7730" acceleration="-695"/>
    <motionState vehicle="9" speed="2826" time="7730" acceleration="-1391"/>
    <motionState vehicle="10" speed="2679" time="7730" acceleration="-1524"/>
    <motionState vehicle="11" speed="2524" time="7730" acceleration="-1046"/>
    <motionState vehicle="0" speed="2421" time="7740" acceleration="-149"/>
    <motionState vehicle="1" speed="9203" time="7740" acceleration="12238"/>
    <motionState vehicle="2" speed="2409" time="7740" acceleration="797"/>
    <motionState vehicle="3" speed="2494" time="7740" acceleration="1409"/>
    <motionState vehicle="4" speed="10410" time="7740" acceleration="7831"/>
    <motionState vehicle="5" speed="2636" time="7740" acceleration="1545"/>
    <motionState vehicle="6" speed="2788" time="7740" acceleration="1093"/>
    <motionState vehicle="7" speed="2890" time="7740" acceleration="252"/>
    <motionState vehicle="8" speed="2906" time="7740" acceleration="-702"/>
    <motionState vehicle="9" speed="2825" time="7740" acceleration="-1393"/>
    <motionState vehicle="10" speed="2677" time="7740" acceleration="-1520"/>
    <motionState vehicle="11" speed="2523" time="7740" acceleration="-1037"/>
    <motionState vehicle="0" speed="2421" time="7750" acceleration="-140"/>
    <motionState vehicle="1" speed="9215" time="7750" acceleration="12196"/>
    <motionState vehicle="2" speed="2410" time="7750" acceleration="803"/>
    <motionState vehicle="3" speed="2496" time="7750" acceleration="1410"/>
    <motionState vehicle="4" speed="10418" time="7750" acceleration="7690"/>
    <motionState vehicle="5" speed="2637" time="7750" acceleration="1541"/>
    <motionState vehicle="6" speed="2789" time="7750" acceleration="1085"/>
    <motionState vehicle="7" speed="2891" time="7750" acceleration="242"/>
    <motionState vehicle="8" speed="2905" time="7750" acceleration="-710"/>
    <motionState vehicle="9" speed="2823" time="7750" acceleration="-1395"/>
    <motionState vehicle="10" speed="2676" time="7750" acceleration="-1516"/>
    <motionState vehicle="11" speed="2522" time="7750" acceleration="-1029"/>
    <motionState vehicle="0" speed="2421" time="7760" acceleration="-131"/>
    <motionState vehicle="1" speed="9227" time="7760" acceleration="12154"/>
    <motionState vehicle="2" speed="2411" time="7760" acceleration="809"/>
    <motionState vehicle="3" speed="2497" time="7760" acceleration="1411"/>
    <motionState vehicle="4" speed="10425" time="7760" acceleration="7552"/>
    <motionState vehicle="5" speed="2639" time="7760" acceleration="1537"/>
    <motionState vehicle="6" speed="2790" time="7760" acceleration="1077"/>
    <motionState vehicle="7" speed="2891" time="7760" acceleration="233"/>
    <motionState vehicle="8" speed="2904" time="7760" acceleration="-717"/>
    <motionState vehicle="9" speed="2822" time="7760" acceleration="-1396"/>
    <motionState vehicle="10" speed="2674" time="7760" acceleration="-1512"/>
    <motionState vehicle="11" speed="2521" time="7760" acceleration="-1021"/>
    <motionState vehicle="0" speed="2420" time="7770" acceleration="-122"/>
    <motionState vehicle="1" speed="9239" time="7770" acceleration="12110"/>
    <motionState vehicle="2" speed="2412" time="7770" acceleration="815"/>
    <motionState vehicle="3" speed="2498" time="7770" acceleration="1412"/>
    <motionState vehicle="4" speed="10433" time="7770" acceleration="7416"/>
    <motionState vehicle="5" speed="2640" time="7770" acceleration="1532"/>
    <motionState vehicle="6" speed="2791" time="7770" acceleration="1068"/>
    <motionState vehicle="7" speed="2891" time="7770" acceleration="223"/>
    <motionState vehicle="8" speed="2904" time="7770" acceleration="-724"/>
    <motionState vehicle="9" speed="2821" time="7770" acceleration="-1398"/>
    <motionState vehicle="10" speed="2673" time="7770" acceleration="-1507"/>
    <motionState vehicle="11" speed="2520" time="7770" acceleration="-1013"/>
    <motionState vehicle="0" speed="2420" time="7780" acceleration="-113"/>
    <motionState vehicle="1" speed="9251" time="7780" acceleration="12066"/>
    <motionState vehicle="2" speed="2412" time="7780" acceleration="821"/>
    <motionState vehicle="3" speed="2500" time="7780" acceleration="1414"/>
    <motionState vehicle="4" speed="10440" time="7780" acceleration="7283"/>
    <motionState vehicle="5" speed="2642" time="7780" acceleration="1528"/>
    <motionState vehicle="6" speed="2792" time="7780" acceleration="1060"/>
    <motionState vehicle="7" speed="2891" time="7780" acceleration="214"/>
    <motionState vehicle="8" speed="2903" time="7780" acceleration="-731"/>
    <motionState vehicle="9" speed="2819" time="7780" acceleration="-1400"/>
    <motionState vehicle="10" speed="2671" time="7780" acceleration="-1503"/>
    <motionState vehicle="11" speed="2519" time="7780" acceleration="-1004"/>
    <motionState vehicle="0" speed="2420" time="7790" acceleration="-105"/>
    <motionState vehicle="1" speed="9263" time="7790" acceleration="12021"/>
    <motionState vehicle="2" speed="2413" time="7790" acceleration="827"/>
    <motionState vehicle="3" speed="2501" time="7790" acceleration="1415"/>
    <motionState vehicle="4" speed="10447" time="7790" acceleration="7152"/>
    <motionState vehicle="5" speed="2643" time="7790" acceleration="1523"/>
    <motionState vehicle="6" speed="2793" time="7790" acceleration="1052"/>
    <motionState vehicle="7" speed="2892" time="7790" acceleration="204"/>
    <motionState vehicle="8" speed="2902" time="7790" acceleration="-738"/>
    <motionState vehicle="9" speed="2818" time="7790" acceleration="-1402"/>
    <motionState vehicle="10" speed="2670" time="7790" acceleration="-1499"/>
    <motionState vehicle="11" speed="2518" time="7790" acceleration="-996"/>
    <motionState vehicle="0" speed="2420" time="7800" acceleration="-96"/>
    <motionState vehicle="1" speed="9275" time="7800" acceleration="11975"/>
    <motionState vehicle="2" speed="2414" time="7800" acceleration="832"/>
    <motionState vehicle="3" speed="2503" time="7800" acceleration="1416"/>
    <motionState vehicle="4" speed="10454" time="7800" acceleration="7024"/>
    <motionState vehicle="5" speed="2645" time="7800" acceleration="1519"/>
    <motionState vehicle="6" speed="2794" time="7800" acceleration="1044"/>
    <motionState vehicle="7" speed="2892" time="7800" acceleration="195"/>
    <motionState vehicle="8" speed="2901" time="7800" acceleration="-745"/>
    <motionState vehicle="9" speed="2816" time="7800" acceleration="-1403"/>
    <motionState vehicle="10" speed="2668" time="7800" acceleration="-1494"/>
    <motionState vehicle="11" speed="2517" time="7800" acceleration="-988"/>
    <motionState vehicle="0" speed="2420" time="7810" acceleration="-87"/>
    <motionState vehicle="1" speed="9287" time="7810" acceleration="11928"/>
    <motionState vehicle="2" speed="2415" time="7810" acceleration="838"/>
    <motionState vehicle="3" speed="2504" time="7810" acceleration="1417"/>
    <motionState vehicle="4" speed="10461" time="7810" acceleration="6898"/>
    <motionState vehicle="5" speed="2646" time="7810" acceleration="1514"/>
    <motionState vehicle="6" speed="2795" time="7810" acceleration="1035"/>
    <motionState vehicle="7" speed="2892" time="7810" acceleration="185"/>
    <motionState vehicle="8" speed="2901" time="7810" acceleration="-752"/>
    <motionState vehicle="9" speed="2815" time="7810" acceleration="-1405"/>
    <motionState vehicle="10" speed="2667" time="7810" acceleration="-1490"/>
    <motionState vehicle="11" speed="2516" time="7810" acceleration="-979"/>
    <motionState vehicle="0" speed="2420" time="7820" acceleration="-78"/>
    <motionState vehicle="1" speed="9299" time="7820" acceleration="11881"/>
    <motionState vehicle="2" speed="2416" time="7820" acceleration="844"/>
    <motionState vehicle="3" speed="2505" time="7820" acceleration="1418"/>
    <motionState vehicle="4" speed="10468" time="7820" acceleration="6774"/>
    <motionState vehicle="5" speed="2648" time="7820" acceleration="1509"/>
    <motionState vehicle="6" speed="2796" time="7820" acceleration="1027"/>
    <motionState vehicle="7" speed="2892" time="7820" acceleration="176"/>
    <motionState vehicle="8" speed="2900" time="7820" acceleration="-759"/>
    <motionState vehicle="9" speed="2813" time="7820" acceleration="-1406"/>
    <motionState vehicle="10" speed="2665" time="7820" acceleration="-1486"/>
    <motionState vehicle="11" speed="2515" time="7820" acceleration="-971"/>
    <motionState vehicle="0" speed="2420" time="7830" acceleration="-70"/>
    <motionState vehicle="1" speed="9311" time="7830" acceleration="11833"/>
    <motionState vehicle="2" speed="2417" time="7830" acceleration="850"/>
    <motionState vehicle="3" speed="2507" time="7830" acceleration="1419"/>
    <motionState vehicle="4" speed="10474" time="7830" acceleration="6653"/>
    <motionState vehicle="5" speed="2649" time="7830" acceleration="1505"/>
    <motionState vehicle="6" speed="2797" time="7830" acceleration="1019"/>
    <motionState vehicle="7" speed="2892" time="7830" acceleration="166"/>
    <motionState vehicle="8" speed="2899" time="7830" acceleration="-766"/>
    <motionState vehicle="9" speed="2812" time="7830" acceleration="-1407"/>
    <motionState vehicle="10" speed="2664" time="7830" acceleration="-1481"/>
    <motionState vehicle="11" speed="2514" time="7830" acceleration="-963"/>
    <motionState vehicle="0" speed="2420" time="7840" acceleration="-61"/>
    <motionState vehicle="1" speed="9323" time="7840" acceleration="11784"/>
    <motionState vehicle="2" speed="2417" time="7840" acceleration="855"/>
    <motionState vehicle="3" speed="2508" time="7840" acceleration="1420"/>
    <motionState vehicle="4" speed="10481" time="7840" acceleration="6534"/>
    <motionState vehicle="5" speed="2651" time="7840" acceleration="1500"/>
    <motionState vehicle="6" speed="2798" time="7840" acceleration="1010"/>
    <motionState vehicle="7" speed="2892" time="7840" acceleration="157"/>
    <motionState vehicle="8" speed="2898" time="7840" acceleration="-773"/>
    <motionState vehicle="9" speed="2811" time="7840" acceleration="-1409"/>
    <motionState vehicle="10" speed="2662" time="7840" acceleration="-1477"/>
    <motionState vehicle="11" speed="2513" time="7840" acceleration="-954"/>
    <motionState vehicle="0" speed="2420" time="7850" acceleration="-52"/>
    <motionState vehicle="1" speed="9334" time="7850" acceleration="11734"/>
    <motionState vehicle="2" speed="2418" time="7850" acceleration="861"/>
    <motionState vehicle="3" speed="2510" time="7850" acceleration="1420"/>
    <motionState vehicle="4" speed="10487" time="7850" acceleration="6417"/>
    <motionState vehicle="5" speed="2652" time="7850" acceleration="1495"/>
    <motionState vehicle="6" speed="2799" time="7850" acceleration="1002"/>
    <motionState vehicle="7" speed="2893" time="7850" acceleration="148"/>
    <motionState vehicle="8" speed="2898" time="7850" acceleration="-779"/>
    <motionState vehicle="9" speed="2809" time="7850" acceleration="-1410"/>
    <motionState vehicle="10" speed="2661" time="7850" acceleration="-1472"/>
    <motionState vehicle="11" speed="2512" time="7850" acceleration="-946"/>
    <motionState vehicle="0" speed="2420" time="7860" acceleration="-44"/>
    <motionState vehicle="1" speed="9346" time="7860" acceleration="11684"/>
    <motionState vehicle="2" speed="2419" time="7860" acceleration="866"/>
    <motionState vehicle="3" speed="2511" time="7860" acceleration="1421"/>
    <motionState vehicle="4" speed="10494" time="7860" acceleration="6302"/>
    <motionState vehicle="5" speed="2654" time="7860" acceleration="1491"/>
    <motionState vehicle="6" speed="2800" time="7860" acceleration="993"/>
    <motionState vehicle="7" speed="2893" time="7860" acceleration="138"/>
    <motionState vehicle="8" speed="2897" time="7860" acceleration="-786"/>
    <motionState vehicle="9" speed="2808" time="7860" acceleration="-1411"/>
    <motionState vehicle="10" speed="2659" time="7860" acceleration="-1467"/>
    <motionState vehicle="11" speed="2511" time="7860" acceleration="-938"/>
    <motionState vehicle="0" speed="2420" time="7870" acceleration="-35"/>
    <motionState vehicle="1" speed="9358" time="7870" acceleration="11633"/>
    <motionState vehicle="2" speed="2420" time="7870" acceleration="872"/>
    <motionState vehicle="3" speed="2513" time="7870" acceleration="1422"/>
    <motionState vehicle="4" speed="10500" time="7870" acceleration="6189"/>
    <motionState vehicle="5" speed="2655" time="7870" acceleration="1486"/>
    <motionState vehicle="6" speed="2801" time="7870" acceleration="985"/>
    <motionState vehicle="7" speed="2893" time="7870" acceleration="129"/>
    <motionState vehicle="8" speed="2896" time="7870" acceleration="-793"/>
    <motionState vehicle="9" speed="2806" time="7870" acceleration="-1412"/>
    <motionState vehicle="10" speed="2658" time="7870" acceleration="-1463"/>
    <motionState vehicle="11" speed="2510" time="7870" acceleration="-929"/>
    <motionState vehicle="0" speed="2420" time="7880" acceleration="-26"/>
    <motionState vehicle="1" speed="9369" time="7880" acceleration="11582"/>
    <motionState vehicle="2" speed="2421" time="7880" acceleration="877"/>
    <motionState vehicle="3" speed="2514" time="7880" acceleration="1422"/>
    <motionState vehicle="4" speed="10506" time="7880" acceleration="6079"/>
    <motionState vehicle="5" speed="2657" time="7880" acceleration="1481"/>
    <motionState vehicle="6" speed="2802" time="7880" acceleration="977"/>
    <motionState vehicle="7" speed="2893" time="7880" acceleration="120"/>
    <motionState vehicle="8" speed="2895" time="7880" acceleration="-799"/>
    <motionState vehicle="9" speed="2805" time="7880" acceleration="-1414"/>
    <motionState vehicle="10" speed="2657" time="7880" acceleration="-1458"/>
    <motionState vehicle="11" speed="2509" time="7880" acceleration="-921"/>
    <motionState vehicle="0" speed="2420" time="7890" acceleration="-18"/>
    <motionState vehicle="1" speed="9381" time="7890" acceleration="11530"/>
    <motionState vehicle="2" speed="2422" time="7890" acceleration="883"/>
    <motionState vehicle="3" speed="2515" time="7890" acceleration="1423"/>
    <motionState vehicle="4" speed="10512" time="7890" acceleration="5970"/>
    <motionState vehicle="5" speed="2658" time="7890" acceleration="1476"/>
    <motionState vehicle="6" speed="2803" time="7890" acceleration="968"/>
    <motionState vehicle="7" speed="2893" time="7890" acceleration="111"/>
    <motionState vehicle="8" speed="2894" time="7890" acceleration="-806"/>
    <motionState vehicle="9" speed="2804" time="7890" acceleration="-1415"/>
    <motionState vehicle="10" speed="2655" time="7890" acceleration="-1453"/>
    <motionState vehicle="11" speed="2508" time="7890" acceleration="-912"/>
    <motionState vehicle="0" speed="2420" time="7900" acceleration="-9"/>
    <motionState vehicle="1" speed="9392" time="7900" acceleration="11477"/>
    <motionState vehicle="2" speed="2423" time="7900" acceleration="888"/>
    <motionState vehicle="3" speed="2517" time="7900" acceleration="1424"/>
    <motionState vehicle="4" speed="10518" time="7900" acceleration="5864"/>
    <motionState vehicle="5" speed="2660" time="7900" acceleration="1471"/>
    <motionState vehicle="6" speed="2804" time="7900" acceleration="960"/>
    <motionState vehicle="7" speed="2893" time="7900" acceleration="101"/>
    <motionState vehicle="8" speed="2894" time="7900" acceleration="-812"/>
    <motionState vehicle="9" speed="2802" time="7900" acceleration="-1416"/>
    <motionState vehicle="10" speed="2654" time="7900" acceleration="-1448"/>
    <motionState vehicle="11" speed="2507" time="7900" acceleration="-904"/>
    <motionState vehicle="0" speed="2420" time="7910" acceleration="-1"/>
    <motionState vehicle="1" speed="9404" time="7910" acceleration="11424"/>
    <motionState vehicle="2" speed="2424" time="7910" acceleration="894"/>
    <motionState vehicle="3" speed="2518" time="7910" acceleration="1424"/>
    <motionState vehicle="4" speed="10523" time="7910" acceleration="5759"/>
    <motionState vehicle="5" speed="2661" time="7910" acceleration="1467"/>
    <motionState vehicle="6" speed="2805" time="7910" acceleration="951"/>
    <motionState vehicle="7" speed="2893" time="7910" acceleration="92"/>
    <motionState vehicle="8" speed="2893" time="7910" acceleration="-818"/>
    <motionState vehicle="9" speed="2801" time="7910" acceleration="-1417"/>
    <motionState vehicle="10" speed="2652" time="7910" acceleration="-1444"/>
    <motionState vehicle="11" speed="2506" time="7910" acceleration="-896"/>
    <motionState vehicle="0" speed="2420" time="7920" acceleration="7"/>
    <motionState vehicle="1" speed="9415" time="7920" acceleration="11371"/>
    <motionState vehicle="2" speed="2424" time="7920" acceleration="899"/>
    <motionState vehicle="3" speed="2520" time="7920" acceleration="1424"/>
    <motionState vehicle="4" speed="10529" time="7920" acceleration="5656"/>
    <motionState vehicle="5" speed="2663" time="7920" acceleration="1462"/>
    <motionState vehicle="6" speed="2806" time="7920" acceleration="943"/>
    <motionState vehicle="7" speed="2893" time="7920" acceleration="83"/>
    <motionState vehicle="8" speed="2892" time="7920" acceleration="-825"/>
    <motionState vehicle="9" speed="2799" time="7920" acceleration="-1417"/>
    <motionState vehicle="10" speed="2651" time="7920" acceleration="-1439"/>
    <motionState vehicle="11" speed="2505" time="7920" acceleration="-887"/>
    <motionState vehicle="0" speed="2420" time="7930" acceleration="15"/>
    <motionState vehicle="1" speed="9426" time="7930" acceleration="11317"/>
    <motionState vehicle="2" speed="2425" time="7930" acceleration="904"/>
    <motionState vehicle="3" speed="2521" time="7930" acceleration="1425"/>
    <motionState vehicle="4" speed="10535" time="7930" acceleration="5556"/>
    <motionState vehicle="5" speed="2664" time="7930" acceleration="1457"/>
    <motionState vehicle="6" speed="2807" time="7930" acceleration="935"/>
    <motionState vehicle="7" speed="2893" time="7930" acceleration="74"/>
    <motionState vehicle="8" speed="2891" time="7930" acceleration="-831"/>
    <motionState vehicle="9" speed="2798" time="7930" acceleration="-1418"/>
    <motionState vehicle="10" speed="2649" time="7930" acceleration="-1434"/>
    <motionState vehicle="11" speed="2504" time="7930" acceleration="-879"/>
    <motionState vehicle="0" speed="2420" time="7940" acceleration="24"/>
    <motionState vehicle="1" speed="9438" time="7940" acceleration="11262"/>
    <motionState vehicle="2" speed="2426" time="7940" acceleration="909"/>
    <motionState vehicle="3" speed="2522" time="7940" acceleration="1425"/>
    <motionState vehicle="4" speed="10540" time="7940" acceleration="5457"/>
    <motionState vehicle="5" speed="2666" time="7940" acceleration="1452"/>
    <motionState vehicle="6" speed="2808" time="7940" acceleration="926"/>
    <motionState vehicle="7" speed="2894" time="7940" acceleration="65"/>
    <motionState vehicle="8" speed="2890" time="7940" acceleration="-837"/>
    <motionState vehicle="9" speed="2797" time="7940" acceleration="-1419"/>
    <motionState vehicle="10" speed="2648" time="7940" acceleration="-1429"/>
    <motionState vehicle="11" speed="2504" time="7940" acceleration="-870"/>
    <motionState vehicle="0" speed="2420" time="7950" acceleration="32"/>
    <motionState vehicle="1" speed="9449" time="7950" acceleration="11207"/>
    <motionState vehicle="2" speed="2427" time="7950" acceleration="915"/>
    <motionState vehicle="3" speed="2524" time="7950" acceleration="1426"/>
    <motionState vehicle="4" speed="10545" time="7950" acceleration="5360"/>
    <motionState vehicle="5" speed="2667" time="7950" acceleration="1447"/>
    <motionState vehicle="6" speed="2809" time="7950" acceleration="918"/>
    <motionState vehicle="7" speed="2894" time="7950" acceleration="56"/>
    <motionState vehicle="8" speed="2889" time="7950" acceleration="-844"/>
    <motionState vehicle="9" speed="2795" time="7950" acceleration="-1420"/>
    <motionState vehicle="10" speed="2646" time="7950" acceleration="-1424"/>
    <motionState vehicle="11" speed="2503" time="7950" acceleration="-862"/>
    <motionState vehicle="0" speed="2420" time="7960" acceleration="41"/>
    <motionState vehicle="1" speed="9460" time="7960" acceleration="11152"/>
    <motionState vehicle="2" speed="2428" time="7960" acceleration="920"/>
    <motionState vehicle="3" speed="2525" time="7960" acceleration="1426"/>
    <motionState vehicle="4" speed="10551" time="7960" acceleration="5264"/>
    <motionState vehicle="5" speed="2669" time="7960" acceleration="1441"/>
    <motionState vehicle="6" speed="2810" time="7960" acceleration="909"/>
    <motionState vehicle="7" speed="2894" time="7960" acceleration="46"/>
    <motionState vehicle="8" speed="2889" time="7960" acceleration="-850"/>
    <motionState vehicle="9" speed="2794" time="7960" acceleration="-1420"/>
    <motionState vehicle="10" speed="2645" time="7960" acceleration="-1419"/>
    <motionState vehicle="11" speed="2502" time="7960" acceleration="-853"/>
    <motionState vehicle="0" speed="2420" time="7970" acceleration="49"/>
    <motionState vehicle="1" speed="9471" time="7970" acceleration="11096"/>
    <motionState vehicle="2" speed="2429" time="7970" acceleration="925"/>
    <motionState vehicle="3" speed="2527" time="7970" acceleration="1426"/>
    <motionState vehicle="4" speed="10556" time="7970" acceleration="5171"/>
    <motionState vehicle="5" speed="2670" time="7970" acceleration="1436"/>
    <motionState vehicle="6" speed="2811" time="7970" acceleration="901"/>
    <motionState vehicle="7" speed="2894" time="7970" acceleration="37"/>
    <motionState vehicle="8" speed="2888" time="7970" acceleration="-856"/>
    <motionState vehicle="9" speed="2792" time="7970" acceleration="-1421"/>
    <motionState vehicle="10" speed="2644" time="7970" acceleration="-1414"/>
    <motionState vehicle="11" speed="2501" time="7970" acceleration="-845"/>
    <motionState vehicle="0" speed="2420" time="7980" acceleration="57"/>
    <motionState vehicle="1" speed="9482" time="7980" acceleration="11040"/>
    <motionState vehicle="2" speed="2430" time="7980" acceleration="930"/>
    <motionState vehicle="3" speed="2528" time="7980" acceleration="1426"/>
    <motionState vehicle="4" speed="10561" time="7980" acceleration="5079"/>
    <motionState vehicle="5" speed="2671" time="7980" acceleration="1431"/>
    <motionState vehicle="6" speed="2811" time="7980" acceleration="892"/>
    <motionState vehicle="7" speed="2894" time="7980" acceleration="28"/>
    <motionState vehicle="8" speed="2887" time="7980" acceleration="-862"/>
    <motionState vehicle="9" speed="2791" time="7980" acceleration="-1421"/>
    <motionState vehicle="10" speed="2642" time="7980" acceleration="-1409"/>
    <motionState vehicle="11" speed="2500" time="7980" acceleration="-837"/>
    <motionState vehicle="0" speed="2420" time="7990" acceleration="66"/>
    <motionState vehicle="1" speed="9493" time="7990" acceleration="10984"/>
    <motionState vehicle="2" speed="2431" time="7990" acceleration="935"/>
    <motionState vehicle="3" speed="2530" time="7990" acceleration="1426"/>
    <motionState vehicle="4" speed="10566" time="7990" acceleration="4989"/>
    <motionState vehicle="5" speed="2673" time="7990" acceleration="1426"/>
    <motionState vehicle="6" speed="2812" time="7990" acceleration="884"/>
    <motionState vehicle="7" speed="2894" time="7990" acceleration="19"/>
    <motionState vehicle="8" speed="2886" time="7990" acceleration="-868"/>
    <motionState vehicle="9" speed="2789" time="7990" acceleration="-1422"/>
    <motionState vehicle="10" speed="2641" time="7990" acceleration="-1404"/>
    <motionState vehicle="11" speed="2499" time="7990" acceleration="-828"/>
    <motionState vehicle="0" speed="2420" time="8000" acceleration="74"/>
    <motionState vehicle="1" speed="9504" time="8000" acceleration="10927"/>
    <motionState vehicle="2" speed="2432" time="8000" acceleration="940"/>
    <motionState vehicle="3" speed="2531" time="8000" acceleration="1426"/>
    <motionState vehicle="4" speed="10571" time="8000" acceleration="4901"/>
    <motionState vehicle="5" speed="2674" time="8000" acceleration="1421"/>
    <motionState vehicle="6" speed="2813" time="8000" acceleration="875"/>
    <motionState vehicle="7" speed="2894" time="8000" acceleration="10"/>
    <motionState vehicle="8" speed="2885" time="8000" acceleration="-874"/>
    <motionState vehicle="9" speed="2788" time="8000" acceleration="-1422"/>
    <motionState vehicle="10" speed="2639" time="8000" acceleration="-1399"/>
    <motionState vehicle="11" speed="2499" time="8000" acceleration="-820"/>
    <motionState vehicle="0" speed="2420" time="8010" acceleration="82"/>
    <motionState vehicle="1" speed="9515" time="8010" acceleration="10870"/>
    <motionState vehicle="2" speed="2433" time="8010" acceleration="945"/>
    <motionState vehicle="3" speed="2532" time="8010" acceleration="1426"/>
    <motionState vehicle="4" speed="10576" time="8010" acceleration="4814"/>
    <motionState vehicle="5" speed="2676" time="8010" acceleration="1416"/>
    <motionState vehicle="6" speed="2814" time="8010" acceleration="867"/>
    <motionState vehicle="7" speed="2894" time="8010" acceleration="2"/>
    <motionState vehicle="8" speed="2884" time="8010" acceleration="-880"/>
    <motionState vehicle="9" speed="2787" time="8010" acceleration="-1423"/>
    <motionState vehicle="10" speed="2638" time="8010" acceleration="-1393"/>
    <motionState vehicle="11" speed="2498" time="8010" acceleration="-811"/>
    <motionState vehicle="0" speed="2420" time="8020" acceleration="91"/>
    <motionState vehicle="1" speed="9526" time="8020" acceleration="10812"/>
    <motionState vehicle="2" speed="2434" time="8020" acceleration="949"/>
    <motionState vehicle="3" speed="2534" time="8020" acceleration="1426"/>
    <motionState vehicle="4" speed="10580" time="8020" acceleration="4729"/>
    <motionState vehicle="5" speed="2677" time="8020" acceleration="1410"/>
    <motionState vehicle="6" speed="2815" time="8020" acceleration="858"/>
    <motionState vehicle="7" speed="2894" time="8020" acceleration="-6"/>
    <motionState vehicle="8" speed="2883" time="8020" acceleration="-885"/>
    <motionState vehicle="9" speed="2785" time="8020" acceleration="-1423"/>
    <motionState vehicle="10" speed="2637" time="8020" acceleration="-1388"/>
    <motionState vehicle="11" speed="2497" time="8020" acceleration="-803"/>
    <motionState vehicle="0" speed="2420" time="8030" acceleration="99"/>
    <motionState vehicle="1" speed="9536" time="8030" acceleration="10754"/>
    <motionState vehicle="2" speed="2435" time="8030" acceleration="954"/>
    <motionState vehicle="3" speed="2535" time="8030" acceleration="1426"/>
    <motionState vehicle="4" speed="10585" time="8030" acceleration="4645"/>
    <motionState vehicle="5" speed="2678" time="8030" acceleration="1405"/>
    <motionState vehicle="6" speed="2816" time="8030" acceleration="850"/>
    <motionState vehicle="7" speed="2894" time="8030" acceleration="-15"/>
    <motionState vehicle="8" speed="2882" time="8030" acceleration="-891"/>
    <motionState vehicle="9" speed="2784" time="8030" acceleration="-1423"/>
    <motionState vehicle="10" speed="2635" time="8030" acceleration="-1383"/>
    <motionState vehicle="11" speed="2496" time="8030" acceleration="-794"/>
    <motionState vehicle="0" speed="2420" time="8040" acceleration="107"/>
    <motionState vehicle="1" speed="9547" time="8040" acceleration="10696"/>
    <motionState vehicle="2" speed="2436" time="8040" acceleration="959"/>
    <motionState vehicle="3" speed="2537" time="8040" acceleration="1426"/>
    <motionState vehicle="4" speed="10590" time="8040" acceleration="4563"/>
    <motionState vehicle="5" speed="2680" time="8040" acceleration="1400"/>
    <motionState vehicle="6" speed="2817" time="8040" acceleration="841"/>
    <motionState vehicle="7" speed="2894" time="8040" acceleration="-24"/>
    <motionState vehicle="8" speed="2882" time="8040" acceleration="-897"/>
    <motionState vehicle="9" speed="2782" time="8040" acceleration="-1423"/>
    <motionState vehicle="10" speed="2634" time="8040" acceleration="-1378"/>
    <motionState vehicle="11" speed="2495" time="8040" acceleration="-786"/>
    <motionState vehicle="0" speed="2420" time="8050" acceleration="115"/>
    <motionState vehicle="1" speed="9558" time="8050" acceleration="10638"/>
    <motionState vehicle="2" speed="2437" time="8050" acceleration="964"/>
    <motionState vehicle="3" speed="2538" time="8050" acceleration="1426"/>
    <motionState vehicle="4" speed="10594" time="8050" acceleration="4483"/>
    <motionState vehicle="5" speed="2681" time="8050" acceleration="1394"/>
    <motionState vehicle="6" speed="2817" time="8050" acceleration="833"/>
    <motionState vehicle="7" speed="2894" time="8050" acceleration="-33"/>
    <motionState vehicle="8" speed="2881" time="8050" acceleration="-902"/>
    <motionState vehicle="9" speed="2781" time="8050" acceleration="-1424"/>
    <motionState vehicle="10" speed="2632" time="8050" acceleration="-1372"/>
    <motionState vehicle="11" speed="2495" time="8050" acceleration="-777"/>
    <motionState vehicle="0" speed="2421" time="8060" acceleration="123"/>
    <motionState vehicle="1" speed="9568" time="8060" acceleration="10580"/>
    <motionState vehicle="2" speed="2438" time="8060" acceleration="968"/>
    <motionState vehicle="3" speed="2540" time="8060" acceleration="1426"/>
    <motionState vehicle="4" speed="10598" time="8060" acceleration="4404"/>
    <motionState vehicle="5" speed="2683" time="8060" acceleration="1389"/>
    <motionState vehicle="6" speed="2818" time="8060" acceleration="824"/>
    <motionState vehicle="7" speed="2894" time="8060" acceleration="-42"/>
    <motionState vehicle="8" speed="2880" time="8060" acceleration="-908"/>
    <motionState vehicle="9" speed="2779" time="8060" acceleration="-1424"/>
    <motionState vehicle="10" speed="2631" time="8060" acceleration="-1367"/>
    <motionState vehicle="11" speed="2494" time="8060" acceleration="-769"/>
    <motionState vehicle="0" speed="2421" time="8070" acceleration="131"/>
    <motionState vehicle="1" speed="9579" time="8070" acceleration="10521"/>
    <motionState vehicle="2" speed="2439" time="8070" acceleration="973"/>
    <motionState vehicle="3" speed="2541" time="8070" acceleration="1425"/>
    <motionState vehicle="4" speed="10603" time="8070" acceleration="4326"/>
    <motionState vehicle="5" speed="2684" time="8070" acceleration="1383"/>
    <motionState vehicle="6" speed="2819" time="8070" acceleration="816"/>
    <motionState vehicle="7" speed="2894" time="8070" acceleration="-50"/>
    <motionState vehicle="8" speed="2879" time="8070" acceleration="-914"/>
    <motionState vehicle="9" speed="2778" time="8070" acceleration="-1424"/>
    <motionState vehicle="10" speed="2630" time="8070" acceleration="-1362"/>
    <motionState vehicle="11" speed="2493" time="8070" acceleration="-760"/>
    <motionState vehicle="0" speed="2421" time="8080" acceleration="139"/>
    <motionState vehicle="1" speed="9589" time="8080" acceleration="10462"/>
    <motionState vehicle="2" speed="2440" time="8080" acceleration="978"/>
    <motionState vehicle="3" speed="2542" time="8080" acceleration="1425"/>
    <motionState vehicle="4" speed="10607" time="8080" acceleration="4250"/>
    <motionState vehicle="5" speed="2685" time="8080" acceleration="1378"/>
    <motionState vehicle="6" speed="2820" time="8080" acceleration="807"/>
    <motionState vehicle="7" speed="2894" time="8080" acceleration="-59"/>
    <motionState vehicle="8" speed="2878" time="8080" acceleration="-919"/>
    <motionState vehicle="9" speed="2777" time="8080" acceleration="-1424"/>
    <motionState vehicle="10" speed="2628" time="8080" acceleration="-1356"/>
    <motionState vehicle="11" speed="2492" time="8080" acceleration="-752"/>
    <motionState vehicle="0" speed="2421" time="8090" acceleration="148"/>
    <motionState vehicle="1" speed="9600" time="8090" acceleration="10403"/>
    <motionState vehicle="2" speed="2441" time="8090" acceleration="982"/>
    <motionState vehicle="3" speed="2544" time="8090" acceleration="1425"/>
    <motionState vehicle="4" speed="10611" time="8090" acceleration="4175"/>
    <motionState vehicle="5" speed="2687" time="8090" acceleration="1372"/>
    <motionState vehicle="6" speed="2821" time="8090" acceleration="799"/>
    <motionState vehicle="7" speed="2893" time="8090" acceleration="-68"/>
    <motionState vehicle="8" speed="2877" time="8090" acceleration="-925"/>
    <motionState vehicle="9" speed="2775" time="8090" acceleration="-1423"/>
    <motionState vehicle="10" speed="2627" time="8090" acceleration="-1351"/>
    <motionState vehicle="11" speed="2492" time="8090" acceleration="-744"/>
    <motionState vehicle="0" speed="2421" time="8100" acceleration="156"/>
    <motionState vehicle="1" speed="9610" time="8100" acceleration="10344"/>
    <motionState vehicle="2" speed="2441" time="8100" acceleration="987"/>
    <motionState vehicle="3" speed="2545" time="8100" acceleration="1424"/>
    <motionState vehicle="4" speed="10615" time="8100" acceleration="4102"/>
    <motionState vehicle="5" speed="2688" time="8100" acceleration="1367"/>
    <motionState vehicle="6" speed="2822" time="8100" acceleration="790"/>
    <motionState vehicle="7" speed="2893" time="8100" acceleration="-76"/>
    <motionState vehicle="8" speed="2876" time="8100" acceleration="-930"/>
    <motionState vehicle="9" speed="2774" time="8100" acceleration="-1423"/>
    <motionState vehicle="10" speed="2626" time="8100" acceleration="-1345"/>
    <motionState vehicle="11" speed="2491" time="8100" acceleration="-735"/>
    <motionState vehicle="0" speed="2421" time="8110" acceleration="164"/>
    <motionState vehicle="1" speed="9620" time="8110" acceleration="10285"/>
    <motionState vehicle="2" speed="2442" time="8110" acceleration="991"/>
    <motionState vehicle="3" speed="2547" time="8110" acceleration="1424"/>
    <motionState vehicle="4" speed="10619" time="8110" acceleration="4030"/>
    <motionState vehicle="5" speed="2690" time="8110" acceleration="1361"/>
    <motionState vehicle="6" speed="2822" time="8110" acceleration="782"/>
    <motionState vehicle="7" speed="2893" time="8110" acceleration="-85"/>
    <motionState vehicle="8" speed="2875" time="8110" acceleration="-935"/>
    <motionState vehicle="9" speed="2772" time="8110" acceleration="-1423"/>
    <motionState vehicle="10" speed="2624" time="8110" acceleration="-1340"/>
    <motionState vehicle="11" speed="2490" time="8110" acceleration="-727"/>
    <motionState vehicle="0" speed="2422" time="8120" acceleration="171"/>
    <motionState vehicle="1" speed="9631" time="8120" acceleration="10225"/>
    <motionState vehicle="2" speed="2443" time="8120" acceleration="995"/>
    <motionState vehicle="3" speed="2548" time="8120" acceleration="1423"/>
    <motionState vehicle="4" speed="10623" time="8120" acceleration="3959"/>
    <motionState vehicle="5" speed="2691" time="8120" acceleration="1356"/>
    <motionState vehicle="6" speed="2823" time="8120" acceleration="773"/>
    <motionState vehicle="7" speed="2893" time="8120" acceleration="-94"/>
    <motionState vehicle="8" speed="2874" time="8120" acceleration="-940"/>
    <motionState vehicle="9" speed="2771" time="8120" acceleration="-1423"/>
    <motionState vehicle="10" speed="2623" time="8120" acceleration="-1334"/>
    <motionState vehicle="11" speed="2489" time="8120" acceleration="-718"/>
    <motionState vehicle="0" speed="2422" time="8130" acceleration="179"/>
    <motionState vehicle="1" speed="9641" time="8130" acceleration="10165"/>
    <motionState vehicle="2" speed="2444" time="8130" acceleration="1000"/>
    <motionState vehicle="3" speed="2550" time="8130" acceleration="1423"/>
    <motionState vehicle="4" speed="10627" time="8130" acceleration="3890"/>
    <motionState vehicle="5" speed="2692" time="8130" acceleration="1350"/>
    <motionState vehicle="6" speed="2824" time="8130" acceleration="764"/>
    <motionState vehicle="7" speed="2893" time="8130" acceleration="-102"/>
    <motionState vehicle="8" speed="2873" time="8130" acceleration="-946"/>
    <motionState vehicle="9" speed="2769" time="8130" acceleration="-1423"/>
    <motionState vehicle="10" speed="2622" time="8130" acceleration="-1329"/>
    <motionState vehicle="11" speed="2489" time="8130" acceleration="-710"/>
    <motionState vehicle="0" speed="2422" time="8140" acceleration="187"/>
    <motionState vehicle="1" speed="9651" time="8140" acceleration="10106"/>
    <motionState vehicle="2" speed="2445" time="8140" acceleration="1004"/>
    <motionState vehicle="3" speed="2551" time="8140" acceleration="1422"/>
    <motionState vehicle="4" speed="10631" time="8140" acceleration="3822"/>
    <motionState vehicle="5" speed="2694" time="8140" acceleration="1345"/>
    <motionState vehicle="6" speed="2825" time="8140" acceleration="756"/>
    <motionState vehicle="7" speed="2893" time="8140" acceleration="-111"/>
    <motionState vehicle="8" speed="2872" time="8140" acceleration="-951"/>
    <motionState vehicle="9" speed="2768" time="8140" acceleration="-1422"/>
    <motionState vehicle="10" speed="2620" time="8140" acceleration="-1323"/>
    <motionState vehicle="11" speed="2488" time="8140" acceleration="-701"/>
    <motionState vehicle="0" speed="2422" time="8150" acceleration="195"/>
    <motionState vehicle="1" speed="9661" time="8150" acceleration="10046"/>
    <motionState vehicle="2" speed="2446" time="8150" acceleration="1008"/>
    <motionState vehicle="3" speed="2552" time="8150" acceleration="1421"/>
    <motionState vehicle="4" speed="10635" time="8150" acceleration="3755"/>
    <motionState vehicle="5" speed="2695" time="8150" acceleration="1339"/>
    <motionState vehicle="6" speed="2825" time="8150" acceleration="747"/>
    <motionState vehicle="7" speed="2893" time="8150" acceleration="-119"/>
    <motionState vehicle="8" speed="2871" time="8150" acceleration="-956"/>
    <motionState vehicle="9" speed="2767" time="8150" acceleration="-1422"/>
    <motionState vehicle="10" speed="2619" time="8150" acceleration="-1317"/>
    <motionState vehicle="11" speed="2487" time="8150" acceleration="-693"/>
    <motionState vehicle="0" speed="2422" time="8160" acceleration="203"/>
    <motionState vehicle="1" speed="9671" time="8160" acceleration="9986"/>
    <motionState vehicle="2" speed="2448" time="8160" acceleration="1013"/>
    <motionState vehicle="3" speed="2554" time="8160" acceleration="1421"/>
    <motionState vehicle="4" speed="10638" time="8160" acceleration="3690"/>
    <motionState vehicle="5" speed="2696" time="8160" acceleration="1333"/>
    <motionState vehicle="6" speed="2826" time="8160" acceleration="739"/>
    <motionState vehicle="7" speed="2893" time="8160" acceleration="-128"/>
    <motionState vehicle="8" speed="2870" time="8160" acceleration="-961"/>
    <motionState vehicle="9" speed="2765" time="8160" acceleration="-1421"/>
    <motionState vehicle="10" speed="2618" time="8160" acceleration="-1312"/>
    <motionState vehicle="11" speed="2487" time="8160" acceleration="-684"/>
    <motionState vehicle="0" speed="2422" time="8170" acceleration="211"/>
    <motionState vehicle="1" speed="9681" time="8170" acceleration="9926"/>
    <motionState vehicle="2" speed="2449" time="8170" acceleration="1017"/>
    <motionState vehicle="3" speed="2555" time="8170" acceleration="1420"/>
    <motionState vehicle="4" speed="10642" time="8170" acceleration="3626"/>
    <motionState vehicle="5" speed="2698" time="8170" acceleration="1327"/>
    <motionState vehicle="6" speed="2827" time="8170" acceleration="730"/>
    <motionState vehicle="7" speed="2893" time="8170" acceleration="-136"/>
    <motionState vehicle="8" speed="2869" time="8170" acceleration="-966"/>
    <motionState vehicle="9" speed="2764" time="8170" acceleration="-1421"/>
    <motionState vehicle="10" speed="2616" time="8170" acceleration="-1306"/>
    <motionState vehicle="11" speed="2486" time="8170" acceleration="-676"/>
    <motionState vehicle="0" speed="2423" time="8180" acceleration="219"/>
    <motionState vehicle="1" speed="9691" time="8180" acceleration="9866"/>
    <motionState vehicle="2" speed="2450" time="8180" acceleration="1021"/>
    <motionState vehicle="3" speed="2557" time="8180" acceleration="1419"/>
    <motionState vehicle="4" speed="10646" time="8180" acceleration="3563"/>
    <motionState vehicle="5" speed="2699" time="8180" acceleration="1322"/>
    <motionState vehicle="6" speed="2828" time="8180" acceleration="722"/>
    <motionState vehicle="7" speed="2892" time="8180" acceleration="-145"/>
    <motionState vehicle="8" speed="2868" time="8180" acceleration="-971"/>
    <motionState vehicle="9" speed="2762" time="8180" acceleration="-1420"/>
    <motionState vehicle="10" speed="2615" time="8180" acceleration="-1300"/>
    <motionState vehicle="11" speed="2485" time="8180" acceleration="-667"/>
    <motionState vehicle="0" speed="2423" time="8190" acceleration="226"/>
    <motionState vehicle="1" speed="9700" time="8190" acceleration="9805"/>
    <motionState vehicle="2" speed="2451" time="8190" acceleration="1025"/>
    <motionState vehicle="3" speed="2558" time="8190" acceleration="1418"/>
    <motionState vehicle="4" speed="10649" time="8190" acceleration="3501"/>
    <motionState vehicle="5" speed="2700" time="8190" acceleration="1316"/>
    <motionState vehicle="6" speed="2828" time="8190" acceleration="713"/>
    <motionState vehicle="7" speed="2892" time="8190" acceleration="-153"/>
    <motionState vehicle="8" speed="2867" time="8190" acceleration="-976"/>
    <motionState vehicle="9" speed="2761" time="8190" acceleration="-1420"/>
    <motionState vehicle="10" speed="2614" time="8190" acceleration="-1294"/>
    <motionState vehicle="11" speed="2485" time="8190" acceleration="-659"/>
    <motionState vehicle="0" speed="2423" time="8200" acceleration="234"/>
    <motionState vehicle="1" speed="9710" time="8200" acceleration="9745"/>
    <motionState vehicle="2" speed="2452" time="8200" acceleration="1029"/>
    <motionState vehicle="3" speed="2559" time="8200" acceleration="1417"/>
    <motionState vehicle="4" speed="10653" time="8200" acceleration="3440"/>
    <motionState vehicle="5" speed="2702" time="8200" acceleration="1310"/>
    <motionState vehicle="6" speed="2829" time="8200" acceleration="705"/>
    <motionState vehicle="7" speed="2892" time="8200" acceleration="-161"/>
    <motionState vehicle="8" speed="2866" time="8200" acceleration="-981"/>
    <motionState vehicle="9" speed="2760" time="8200" acceleration="-1419"/>
    <motionState vehicle="10" speed="2613" time="8200" acceleration="-1289"/>
    <motionState vehicle="11" speed="2484" time="8200" acceleration="-650"/>
    <motionState vehicle="0" speed="2423" time="8210" acceleration="242"/>
    <motionState vehicle="1" speed="9720" time="8210" acceleration="9685"/>
    <motionState vehicle="2" speed="2453" time="8210" acceleration="1033"/>
    <motionState vehicle="3" speed="2561" time="8210" acceleration="1416"/>
    <motionState vehicle="4" speed="10656" time="8210" acceleration="3380"/>
    <motionState vehicle="5" speed="2703" time="8210" acceleration="1304"/>
    <motionState vehicle="6" speed="2830" time="8210" acceleration="696"/>
    <motionState vehicle="7" speed="2892" time="8210" acceleration="-170"/>
    <motionState vehicle="8" speed="2865" time="8210" acceleration="-985"/>
    <motionState vehicle="9" speed="2758" time="8210" acceleration="-1418"/>
    <motionState vehicle="10" speed="2611" time="8210" acceleration="-1283"/>
    <motionState vehicle="11" speed="2483" time="8210" acceleration="-642"/>
    <motionState vehicle="0" speed="2424" time="8220" acceleration="249"/>
    <motionState vehicle="1" speed="9730" time="8220" acceleration="9625"/>
    <motionState vehicle="2" speed="2454" time="8220" acceleration="1037"/>
    <motionState vehicle="3" speed="2562" time="8220" acceleration="1415"/>
    <motionState vehicle="4" speed="10659" time="8220" acceleration="3322"/>
    <motionState vehicle="5" speed="2704" time="8220" acceleration="1298"/>
    <motionState vehicle="6" speed="2830" time="8220" acceleration="688"/>
    <motionState vehicle="7" speed="2892" time="8220" acceleration="-178"/>
    <motionState vehicle="8" speed="2864" time="8220" acceleration="-990"/>
    <motionState vehicle="9" speed="2757" time="8220" acceleration="-1417"/>
    <motionState vehicle="10" speed="2610" time="8220" acceleration="-1277"/>
    <motionState vehicle="11" speed="2483" time="8220" acceleration="-634"/>
    <motionState vehicle="0" speed="2424" time="8230" acceleration="257"/>
    <motionState vehicle="1" speed="9739" time="8230" acceleration="9564"/>
    <motionState vehicle="2" speed="2455" time="8230" acceleration="1041"/>
    <motionState vehicle="3" speed="2564" time="8230" acceleration="1414"/>
    <motionState vehicle="4" speed="10663" time="8230" acceleration="3264"/>
    <motionState vehicle="5" speed="2705" time="8230" acceleration="1293"/>
    <motionState vehicle="6" speed="2831" time="8230" acceleration="679"/>
    <motionState vehicle="7" speed="2892" time="8230" acceleration="-186"/>
    <motionState vehicle="8" speed="2863" time="8230" acceleration="-995"/>
    <motionState vehicle="9" speed="2755" time="8230" acceleration="-1417"/>
    <motionState vehicle="10" speed="2609" time="8230" acceleration="-1271"/>
    <motionState vehicle="11" speed="2482" time="8230" acceleration="-625"/>
    <motionState vehicle="0" speed="2424" time="8240" acceleration="265"/>
    <motionState vehicle="1" speed="9749" time="8240" acceleration="9504"/>
    <motionState vehicle="2" speed="2456" time="8240" acceleration="1045"/>
    <motionState vehicle="3" speed="2565" time="8240" acceleration="1413"/>
    <motionState vehicle="4" speed="10666" time="8240" acceleration="3208"/>
    <motionState vehicle="5" speed="2707" time="8240" acceleration="1287"/>
    <motionState vehicle="6" speed="2832" time="8240" acceleration="670"/>
    <motionState vehicle="7" speed="2891" time="8240" acceleration="-194"/>
    <motionState vehicle="8" speed="2862" time="8240" acceleration="-999"/>
    <motionState vehicle="9" speed="2754" time="8240" acceleration="-1416"/>
    <motionState vehicle="10" speed="2607" time="8240" acceleration="-1265"/>
    <motionState vehicle="11" speed="2481" time="8240" acceleration="-617"/>
    <motionState vehicle="0" speed="2424" time="8250" acceleration="272"/>
    <motionState vehicle="1" speed="9758" time="8250" acceleration="9444"/>
    <motionState vehicle="2" speed="2457" time="8250" acceleration="1048"/>
    <motionState vehicle="3" speed="2567" time="8250" acceleration="1412"/>
    <motionState vehicle="4" speed="10669" time="8250" acceleration="3153"/>
    <motionState vehicle="5" speed="2708" time="8250" acceleration="1281"/>
    <motionState vehicle="6" speed="2832" time="8250" acceleration="662"/>
    <motionState vehicle="7" speed="2891" time="8250" acceleration="-203"/>
    <motionState vehicle="8" speed="2861" time="8250" acceleration="-1004"/>
    <motionState vehicle="9" speed="2752" time="8250" acceleration="-1415"/>
    <motionState vehicle="10" speed="2606" time="8250" acceleration="-1259"/>
    <motionState vehicle="11" speed="2481" time="8250" acceleration="-608"/>
    <motionState vehicle="0" speed="2425" time="8260" acceleration="280"/>
    <motionState vehicle="1" speed="9767" time="8260" acceleration="9384"/>
    <motionState vehicle="2" speed="2458" time="8260" acceleration="1052"/>
    <motionState vehicle="3" speed="2568" time="8260" acceleration="1411"/>
    <motionState vehicle="4" speed="10672" time="8260" acceleration="3098"/>
    <motionState vehicle="5" speed="2709" time="8260" acceleration="1275"/>
    <motionState vehicle="6" speed="2833" time="8260" acceleration="653"/>
    <motionState vehicle="7" speed="2891" time="8260" acceleration="-211"/>
    <motionState vehicle="8" speed="2860" time="8260" acceleration="-1009"/>
    <motionState vehicle="9" speed="2751" time="8260" acceleration="-1414"/>
    <motionState vehicle="10" speed="2605" time="8260" acceleration="-1253"/>
    <motionState vehicle="11" speed="2480" time="8260" acceleration="-600"/>
    <motionState vehicle="0" speed="2425" time="8270" acceleration="287"/>
    <motionState vehicle="1" speed="9777" time="8270" acceleration="9323"/>
    <motionState vehicle="2" speed="2459" time="8270" acceleration="1056"/>
    <motionState vehicle="3" speed="2569" time="8270" acceleration="1410"/>
    <motionState vehicle="4" speed="10675" time="8270" acceleration="3045"/>
    <motionState vehicle="5" speed="2711" time="8270" acceleration="1269"/>
    <motionState vehicle="6" speed="2834" time="8270" acceleration="645"/>
    <motionState vehicle="7" speed="2891" time="8270" acceleration="-219"/>
    <motionState vehicle="8" speed="2859" time="8270" acceleration="-1013"/>
    <motionState vehicle="9" speed="2750" time="8270" acceleration="-1413"/>
    <motionState vehicle="10" speed="2604" time="8270" acceleration="-1247"/>
    <motionState vehicle="11" speed="2480" time="8270" acceleration="-591"/>
    <motionState vehicle="0" speed="2425" time="8280" acceleration="295"/>
    <motionState vehicle="1" speed="9786" time="8280" acceleration="9263"/>
    <motionState vehicle="2" speed="2460" time="8280" acceleration="1060"/>
    <motionState vehicle="3" speed="2571" time="8280" acceleration="1408"/>
    <motionState vehicle="4" speed="10678" time="8280" acceleration="2993"/>
    <motionState vehicle="5" speed="2712" time="8280" acceleration="1263"/>
    <motionState vehicle="6" speed="2834" time="8280" acceleration="636"/>
    <motionState vehicle="7" speed="2891" time="8280" acceleration="-227"/>
    <motionState vehicle="8" speed="2858" time="8280" acceleration="-1017"/>
    <motionState vehicle="9" speed="2748" time="8280" acceleration="-1412"/>
    <motionState vehicle="10" speed="2602" time="8280" acceleration="-1241"/>
    <motionState vehicle="11" speed="2479" time="8280" acceleration="-583"/>
    <motionState vehicle="0" speed="2426" time="8290" acceleration="302"/>
    <motionState vehicle="1" speed="9795" time="8290" acceleration="9203"/>
    <motionState vehicle="2" speed="2461" time="8290" acceleration="1063"/>
    <motionState vehicle="3" speed="2572" time="8290" acceleration="1407"/>
    <motionState vehicle="4" speed="10681" time="8290" acceleration="2942"/>
    <motionState vehicle="5" speed="2713" time="8290" acceleration="1257"/>
    <motionState vehicle="6" speed="2835" time="8290" acceleration="628"/>
    <motionState vehicle="7" speed="2890" time="8290" acceleration="-235"/>
    <motionState vehicle="8" speed="2857" time="8290" acceleration="-1022"/>
    <motionState vehicle="9" speed="2747" time="8290" acceleration="-1411"/>
    <motionState vehicle="10" speed="2601" time="8290" acceleration="-1235"/>
    <motionState vehicle="11" speed="2478" time="8290" acceleration="-575"/>
    <motionState vehicle="0" speed="2426" time="8300" acceleration="309"/>
    <motionState vehicle="1" speed="9804" time="8300" acceleration="9143"/>
    <motionState vehicle="2" speed="2462" time="8300" acceleration="1067"/>
    <motionState vehicle="3" speed="2574" time="8300" acceleration="1406"/>
    <motionState vehicle="4" speed="10684" time="8300" acceleration="2891"/>
    <motionState vehicle="5" speed="2714" time="8300" acceleration="1251"/>
    <motionState vehicle="6" speed="2836" time="8300" acceleration="619"/>
    <motionState vehicle="7" speed="2890" time="8300" acceleration="-243"/>
    <motionState vehicle="8" speed="2856" time="8300" acceleration="-1026"/>
    <motionState vehicle="9" speed="2745" time="8300" acceleration="-1409"/>
    <motionState vehicle="10" speed="2600" time="8300" acceleration="-1229"/>
    <motionState vehicle="11" speed="2478" time="8300" acceleration="-566"/>
    <motionState vehicle="0" speed="2426" time="8310" acceleration="317"/>
    <motionState vehicle="1" speed="9813" time="8310" acceleration="9083"/>
    <motionState vehicle="2" speed="2463" time="8310" acceleration="1070"/>
    <motionState vehicle="3" speed="2575" time="8310" acceleration="1404"/>
    <motionState vehicle="4" speed="10687" time="8310" acceleration="2842"/>
    <motionState vehicle="5" speed="2716" time="8310" acceleration="1245"/>
    <motionState vehicle="6" speed="2836" time="8310" acceleration="611"/>
    <motionState vehicle="7" speed="2890" time="8310" acceleration="-251"/>
    <motionState vehicle="8" speed="2855" time="8310" acceleration="-1030"/>
    <motionState vehicle="9" speed="2744" time="8310" acceleration="-1408"/>
    <motionState vehicle="10" speed="2599" time="8310" acceleration="-1223"/>
    <motionState vehicle="11" speed="2477" time="8310" acceleration="-558"/>
    <motionState vehicle="0" speed="2427" time="8320" acceleration="324"/>
    <motionState vehicle="1" speed="9822" time="8320" acceleration="9023"/>
    <motionState vehicle="2" speed="2464" time="8320" acceleration="1074"/>
    <motionState vehicle="3" speed="2576" time="8320" acceleration="1403"/>
    <motionState vehicle="4" speed="10690" time="8320" acceleration="2793"/>
    <motionState vehicle="5" speed="2717" time="8320" acceleration="1238"/>
    <motionState vehicle="6" speed="2837" time="8320" acceleration="602"/>
    <motionState vehicle="7" speed="2890" time="8320" acceleration="-259"/>
    <motionState vehicle="8" speed="2854" time="8320" acceleration="-1034"/>
    <motionState vehicle="9" speed="2743" time="8320" acceleration="-1407"/>
    <motionState vehicle="10" speed="2598" time="8320" acceleration="-1217"/>
    <motionState vehicle="11" speed="2477" time="8320" acceleration="-549"/>
    <motionState vehicle="0" speed="2427" time="8330" acceleration="331"/>
    <motionState vehicle="1" speed="9831" time="8330" acceleration="8963"/>
    <motionState vehicle="2" speed="2465" time="8330" acceleration="1077"/>
    <motionState vehicle="3" speed="2578" time="8330" acceleration="1401"/>
    <motionState vehicle="4" speed="10692" time="8330" acceleration="2746"/>
    <motionState vehicle="5" speed="2718" time="8330" acceleration="1232"/>
    <motionState vehicle="6" speed="2837" time="8330" acceleration="594"/>
    <motionState vehicle="7" speed="2889" time="8330" acceleration="-267"/>
    <motionState vehicle="8" speed="2853" time="8330" acceleration="-1039"/>
    <motionState vehicle="9" speed="2741" time="8330" acceleration="-1405"/>
    <motionState vehicle="10" speed="2596" time="8330" acceleration="-1211"/>
    <motionState vehicle="11" speed="2476" time="8330" acceleration="-541"/>
    <motionState vehicle="0" speed="2427" time="8340" acceleration="339"/>
    <motionState vehicle="1" speed="9840" time="8340" acceleration="8904"/>
    <motionState vehicle="2" speed="2466" time="8340" acceleration="1081"/>
    <motionState vehicle="3" speed="2579" time="8340" acceleration="1400"/>
    <motionState vehicle="4" speed="10695" time="8340" acceleration="2699"/>
    <motionState vehicle="5" speed="2719" time="8340" acceleration="1226"/>
    <motionState vehicle="6" speed="2838" time="8340" acceleration="585"/>
    <motionState vehicle="7" speed="2889" time="8340" acceleration="-275"/>
    <motionState vehicle="8" speed="2852" time="8340" acceleration="-1043"/>
    <motionState vehicle="9" speed="2740" time="8340" acceleration="-1404"/>
    <motionState vehicle="10" speed="2595" time="8340" acceleration="-1204"/>
    <motionState vehicle="11" speed="2476" time="8340" acceleration="-533"/>
    <motionState vehicle="0" speed="2428" time="8350" acceleration="346"/>
    <motionState vehicle="1" speed="9849" time="8350" acceleration="8844"/>
    <motionState vehicle="2" speed="2467" time="8350" acceleration="1084"/>
    <motionState vehicle="3" speed="2581" time="8350" acceleration="1398"/>
    <motionState vehicle="4" speed="10698" time="8350" acceleration="2653"/>
    <motionState vehicle="5" speed="2720" time="8350" acceleration="1220"/>
    <motionState vehicle="6" speed="2838" time="8350" acceleration="577"/>
    <motionState vehicle="7" speed="2889" time="8350" acceleration="-282"/>
    <motionState vehicle="8" speed="2851" time="8350" acceleration="-1047"/>
    <motionState vehicle="9" speed="2738" time="8350" acceleration="-1403"/>
    <motionState vehicle="10" speed="2594" time="8350" acceleration="-1198"/>
    <motionState vehicle="11" speed="2475" time="8350" acceleration="-524"/>
    <motionState vehicle="0" speed="2428" time="8360" acceleration="353"/>
    <motionState vehicle="1" speed="9858" time="8360" acceleration="8784"/>
    <motionState vehicle="2" speed="2469" time="8360" acceleration="1087"/>
    <motionState vehicle="3" speed="2582" time="8360" acceleration="1397"/>
    <motionState vehicle="4" speed="10700" time="8360" acceleration="2608"/>
    <motionState vehicle="5" speed="2722" time="8360" acceleration="1214"/>
    <motionState vehicle="6" speed="2839" time="8360" acceleration="568"/>
    <motionState vehicle="7" speed="2888" time="8360" acceleration="-290"/>
    <motionState vehicle="8" speed="2850" time="8360" acceleration="-1051"/>
    <motionState vehicle="9" speed="2737" time="8360" acceleration="-1401"/>
    <motionState vehicle="10" speed="2593" time="8360" acceleration="-1192"/>
    <motionState vehicle="11" speed="2475" time="8360" acceleration="-516"/>
    <motionState vehicle="0" speed="2428" time="8370" acceleration="360"/>
    <motionState vehicle="1" speed="9867" time="8370" acceleration="8725"/>
    <motionState vehicle="2" speed="2470" time="8370" acceleration="1090"/>
    <motionState vehicle="3" speed="2583" time="8370" acceleration="1395"/>
    <motionState vehicle="4" speed="10703" time="8370" acceleration="2564"/>
    <motionState vehicle="5" speed="2723" time="8370" acceleration="1207"/>
    <motionState vehicle="6" speed="2840" time="8370" acceleration="560"/>
    <motionState vehicle="7" speed="2888" time="8370" acceleration="-298"/>
    <motionState vehicle="8" speed="2849" time="8370" acceleration="-1055"/>
    <motionState vehicle="9" speed="2736" time="8370" acceleration="-1400"/>
    <motionState vehicle="10" speed="2592" time="8370" acceleration="-1186"/>
    <motionState vehicle="11" speed="2474" time="8370" acceleration="-507"/>
    <motionState vehicle="0" speed="2429" time="8380" acceleration="367"/>
    <motionState vehicle="1" speed="9875" time="8380" acceleration="8666"/>
    <motionState vehicle="2" speed="2471" time="8380" acceleration="1094"/>
    <motionState vehicle="3" speed="2585" time="8380" acceleration="1393"/>
    <motionState vehicle="4" speed="10705" time="8380" acceleration="2521"/>
    <motionState vehicle="5" speed="2724" time="8380" acceleration="1201"/>
    <motionState vehicle="6" speed="2840" time="8380" acceleration="551"/>
    <motionState vehicle="7" speed="2888" time="8380" acceleration="-306"/>
    <motionState vehicle="8" speed="2848" time="8380" acceleration="-1058"/>
    <motionState vehicle="9" speed="2734" time="8380" acceleration="-1398"/>
    <motionState vehicle="10" speed="2590" time="8380" acceleration="-1179"/>
    <motionState vehicle="11" speed="2474" time="8380" acceleration="-499"/>
    <motionState vehicle="0" speed="2429" time="8390" acceleration="374"/>
    <motionState vehicle="1" speed="9884" time="8390" acceleration="8607"/>
    <motionState vehicle="2" speed="2472" time="8390" acceleration="1097"/>
    <motionState vehicle="3" speed="2586" time="8390" acceleration="1392"/>
    <motionState vehicle="4" speed="10708" time="8390" acceleration="2478"/>
    <motionState vehicle="5" speed="2725" time="8390" acceleration="1195"/>
    <motionState vehicle="6" speed="2841" time="8390" acceleration="543"/>
    <motionState vehicle="7" speed="2888" time="8390" acceleration="-313"/>
    <motionState vehicle="8" speed="2847" time="8390" acceleration="-1062"/>
    <motionState vehicle="9" speed="2733" time="8390" acceleration="-1396"/>
    <motionState vehicle="10" speed="2589" time="8390" acceleration="-1173"/>
    <motionState vehicle="11" speed="2473" time="8390" acceleration="-491"/>
    <motionState vehicle="0" speed="2429" time="8400" acceleration="382"/>
    <motionState vehicle="1" speed="9892" time="8400" acceleration="8547"/>
    <motionState vehicle="2" speed="2473" time="8400" acceleration="1100"/>
    <motionState vehicle="3" speed="2588" time="8400" acceleration="1390"/>
    <motionState vehicle="4" speed="10710" time="8400" acceleration="2437"/>
    <motionState vehicle="5" speed="2726" time="8400" acceleration="1189"/>
    <motionState vehicle="6" speed="2841" time="8400" acceleration="534"/>
    <motionState vehicle="7" speed="2887" time="8400" acceleration="-321"/>
    <motionState vehicle="8" speed="2846" time="8400" acceleration="-1066"/>
    <motionState vehicle="9" speed="2731" time="8400" acceleration="-1395"/>
    <motionState vehicle="10" speed="2588" time="8400" acceleration="-1167"/>
    <motionState vehicle="11" speed="2473" time="8400" acceleration="-482"/>
    <motionState vehicle="0" speed="2430" time="8410" acceleration="389"/>
    <motionState vehicle="1" speed="9901" time="8410" acceleration="8489"/>
    <motionState vehicle="2" speed="2474" time="8410" acceleration="1103"/>
    <motionState vehicle="3" speed="2589" time="8410" acceleration="1388"/>
    <motionState vehicle="4" speed="10713" time="8410" acceleration="2396"/>
    <motionState vehicle="5" speed="2728" time="8410" acceleration="1182"/>
    <motionState vehicle="6" speed="2842" time="8410" acceleration="526"/>
    <motionState vehicle="7" speed="2887" time="8410" acceleration="-329"/>
    <motionState vehicle="8" speed="2845" time="8410" acceleration="-1070"/>
    <motionState vehicle="9" speed="2730" time="8410" acceleration="-1393"/>
    <motionState vehicle="10" speed="2587" time="8410" acceleration="-1160"/>
    <motionState vehicle="11" speed="2472" time="8410" acceleration="-474"/>
    <motionState vehicle="0" speed="2430" time="8420" acceleration="396"/>
    <motionState vehicle="1" speed="9909" time="8420" acceleration="8430"/>
    <motionState vehicle="2" speed="2475" time="8420" acceleration="1106"/>
    <motionState vehicle="3" speed="2590" time="8420" acceleration="1386"/>
    <motionState vehicle="4" speed="10715" time="8420" acceleration="2355"/>
    <motionState vehicle="5" speed="2729" time="8420" acceleration="1176"/>
    <motionState vehicle="6" speed="2842" time="8420" acceleration="517"/>
    <motionState vehicle="7" speed="2887" time="8420" acceleration="-336"/>
    <motionState vehicle="8" speed="2844" time="8420" acceleration="-1073"/>
    <motionState vehicle="9" speed="2729" time="8420" acceleration="-1391"/>
    <motionState vehicle="10" speed="2586" time="8420" acceleration="-1154"/>
    <motionState vehicle="11" speed="2472" time="8420" acceleration="-466"/>
    <motionState vehicle="0" speed="2431" time="8430" acceleration="402"/>
    <motionState vehicle="1" speed="9918" time="8430" acceleration="8371"/>
    <motionState vehicle="2" speed="2476" time="8430" acceleration="1109"/>
    <motionState vehicle="3" speed="2592" time="8430" acceleration="1384"/>
    <motionState vehicle="4" speed="10717" time="8430" acceleration="2316"/>
    <motionState vehicle="5" speed="2730" time="8430" acceleration="1170"/>
    <motionState vehicle="6" speed="2843" time="8430" acceleration="509"/>
    <motionState vehicle="7" speed="2886" time="8430" acceleration="-344"/>
    <motionState vehicle="8" speed="2843" time="8430" acceleration="-1077"/>
    <motionState vehicle="9" speed="2727" time="8430" acceleration="-1389"/>
    <motionState vehicle="10" speed="2585" time="8430" acceleration="-1148"/>
    <motionState vehicle="11" speed="2471" time="8430" acceleration="-457"/>
    <motionState vehicle="0" speed="2431" time="8440" acceleration="409"/>
    <motionState vehicle="1" speed="9926" time="8440" acceleration="8313"/>
    <motionState vehicle="2" speed="2477" time="8440" acceleration="1112"/>
    <motionState vehicle="3" speed="2593" time="8440" acceleration="1382"/>
    <motionState vehicle="4" speed="10720" time="8440" acceleration="2277"/>
    <motionState vehicle="5" speed="2731" time="8440" acceleration="1163"/>
    <motionState vehicle="6" speed="2843" time="8440" acceleration="500"/>
    <motionState vehicle="7" speed="2886" time="8440" acceleration="-351"/>
    <motionState vehicle="8" speed="2842" time="8440" acceleration="-1080"/>
    <motionState vehicle="9" speed="2726" time="8440" acceleration="-1388"/>
    <motionState vehicle="10" speed="2583" time="8440" acceleration="-1141"/>
    <motionState vehicle="11" speed="2471" time="8440" acceleration="-449"/>
    <motionState vehicle="0" speed="2431" time="8450" acceleration="416"/>
    <motionState vehicle="1" speed="9934" time="8450" acceleration="8254"/>
    <motionState vehicle="2" speed="2478" time="8450" acceleration="1115"/>
    <motionState vehicle="3" speed="2595" time="8450" acceleration="1380"/>
    <motionState vehicle="4" speed="10722" time="8450" acceleration="2239"/>
    <motionState vehicle="5" speed="2732" time="8450" acceleration="1157"/>
    <motionState vehicle="6" speed="2844" time="8450" acceleration="492"/>
    <motionState vehicle="7" speed="2885" time="8450" acceleration="-359"/>
    <motionState vehicle="8" speed="2840" time="8450" acceleration="-1084"/>
    <motionState vehicle="9" speed="2724" time="8450" acceleration="-1386"/>
    <motionState vehicle="10" speed="2582" time="8450" acceleration="-1135"/>
    <motionState vehicle="11" speed="2470" time="8450" acceleration="-441"/>
    <motionState vehicle="0" speed="2432" time="8460" acceleration="423"/>
    <motionState vehicle="1" speed="9943" time="8460" acceleration="8196"/>
    <motionState vehicle="2" speed="2480" time="8460" acceleration="1118"/>
    <motionState vehicle="3" speed="2596" time="8460" acceleration="1378"/>
    <motionState vehicle="4" speed="10724" time="8460" acceleration="2202"/>
    <motionState vehicle="5" speed="2733" time="8460" acceleration="1150"/>
    <motionState vehicle="6" speed="2844" time="8460" acceleration="484"/>
    <motionState vehicle="7" speed="2885" time="8460" acceleration="-366"/>
    <motionState vehicle="8" speed="2839" time="8460" acceleration="-1087"/>
    <motionState vehicle="9" speed="2723" time="8460" acceleration="-1384"/>
    <motionState vehicle="10" speed="2581" time="8460" acceleration="-1128"/>
    <motionState vehicle="11" speed="2470" time="8460" acceleration="-433"/>
    <motionState vehicle="0" speed="2432" time="8470" acceleration="430"/>
    <motionState vehicle="1" speed="9951" time="8470" acceleration="8138"/>
    <motionState vehicle="2" speed="2481" time="8470" acceleration="1120"/>
    <motionState vehicle="3" speed="2597" time="8470" acceleration="1376"/>
    <motionState vehicle="4" speed="10726" time="8470" acceleration="2165"/>
    <motionState vehicle="5" speed="2735" time="8470" acceleration="1144"/>
    <motionState vehicle="6" speed="2845" time="8470" acceleration="475"/>
    <motionState vehicle="7" speed="2885" time="8470" acceleration="-373"/>
    <motionState vehicle="8" speed="2838" time="8470" acceleration="-1091"/>
    <motionState vehicle="9" speed="2722" time="8470" acceleration="-1382"/>
    <motionState vehicle="10" speed="2580" time="8470" acceleration="-1122"/>
    <motionState vehicle="11" speed="2470" time="8470" acceleration="-424"/>
    <motionState vehicle="0" speed="2433" time="8480" acceleration="437"/>
    <motionState vehicle="1" speed="9959" time="8480" acceleration="8081"/>
    <motionState vehicle="2" speed="2482" time="8480" acceleration="1123"/>
    <motionState vehicle="3" speed="2599" time="8480" acceleration="1374"/>
    <motionState vehicle="4" speed="10728" time="8480" acceleration="2130"/>
    <motionState vehicle="5" speed="2736" time="8480" acceleration="1137"/>
    <motionState vehicle="6" speed="2845" time="8480" acceleration="467"/>
    <motionState vehicle="7" speed="2884" time="8480" acceleration="-381"/>
    <motionState vehicle="8" speed="2837" time="8480" acceleration="-1094"/>
    <motionState vehicle="9" speed="2720" time="8480" acceleration="-1380"/>
    <motionState vehicle="10" speed="2579" time="8480" acceleration="-1115"/>
    <motionState vehicle="11" speed="2469" time="8480" acceleration="-416"/>
    <motionState vehicle="0" speed="2433" time="8490" acceleration="443"/>
    <motionState vehicle="1" speed="9967" time="8490" acceleration="8023"/>
    <motionState vehicle="2" speed="2483" time="8490" acceleration="1126"/>
    <motionState vehicle="3" speed="2600" time="8490" acceleration="1372"/>
    <motionState vehicle="4" speed="10730" time="8490" acceleration="2094"/>
    <motionState vehicle="5" speed="2737" time="8490" acceleration="1131"/>
    <motionState vehicle="6" speed="2846" time="8490" acceleration="458"/>
    <motionState vehicle="7" speed="2884" time="8490" acceleration="-388"/>
    <motionState vehicle="8" speed="2836" time="8490" acceleration="-1097"/>
    <motionState vehicle="9" speed="2719" time="8490" acceleration="-1377"/>
    <motionState vehicle="10" speed="2578" time="8490" acceleration="-1109"/>
    <motionState vehicle="11" speed="2469" time="8490" acceleration="-408"/>
    <motionState vehicle="0" speed="2434" time="8500" acceleration="450"/>
    <motionState vehicle="1" speed="9975" time="8500" acceleration="7966"/>
    <motionState vehicle="2" speed="2484" time="8500" acceleration="1128"/>
    <motionState vehicle="3" speed="2601" time="8500" acceleration="1370"/>
    <motionState vehicle="4" speed="10732" time="8500" acceleration="2060"/>
    <motionState vehicle="5" speed="2738" time="8500" acceleration="1124"/>
    <motionState vehicle="6" speed="2846" time="8500" acceleration="450"/>
    <motionState vehicle="7" speed="2884" time="8500" acceleration="-395"/>
    <motionState vehicle="8" speed="2835" time="8500" acceleration="-1101"/>
    <motionState vehicle="9" speed="2717" time="8500" acceleration="-1375"/>
    <motionState vehicle="10" speed="2577" time="8500" acceleration="-1102"/>
    <motionState vehicle="11" speed="2468" time="8500" acceleration="-400"/>
    <motionState vehicle="0" speed="2434" time="8510" acceleration="457"/>
    <motionState vehicle="1" speed="9983" time="8510" acceleration="7908"/>
    <motionState vehicle="2" speed="2485" time="8510" acceleration="1131"/>
    <motionState vehicle="3" speed="2603" time="8510" acceleration="1367"/>
    <motionState vehicle="4" speed="10735" time="8510" acceleration="2026"/>
    <motionState vehicle="5" speed="2739" time="8510" acceleration="1118"/>
    <motionState vehicle="6" speed="2847" time="8510" acceleration="442"/>
    <motionState vehicle="7" speed="2883" time="8510" acceleration="-402"/>
    <motionState vehicle="8" speed="2834" time="8510" acceleration="-1104"/>
    <motionState vehicle="9" speed="2716" time="8510" acceleration="-1373"/>
    <motionState vehicle="10" speed="2576" time="8510" acceleration="-1096"/>
    <motionState vehicle="11" speed="2468" time="8510" acceleration="-391"/>
    <motionState vehicle="0" speed="2435" time="8520" acceleration="463"/>
    <motionState vehicle="1" speed="9991" time="8520" acceleration="7851"/>
    <motionState vehicle="2" speed="2486" time="8520" acceleration="1134"/>
    <motionState vehicle="3" speed="2604" time="8520" acceleration="1365"/>
    <motionState vehicle="4" speed="10737" time="8520" acceleration="1993"/>
    <motionState vehicle="5" speed="2740" time="8520" acceleration="1111"/>
    <motionState vehicle="6" speed="2847" time="8520" acceleration="433"/>
    <motionState vehicle="7" speed="2883" time="8520" acceleration="-410"/>
    <motionState vehicle="8" speed="2833" time="8520" acceleration="-1107"/>
    <motionState vehicle="9" speed="2715" time="8520" acceleration="-1371"/>
    <motionState vehicle="10" speed="2574" time="8520" acceleration="-1089"/>
    <motionState vehicle="11" speed="2468" time="8520" acceleration="-383"/>
    <motionState vehicle="0" speed="2435" time="8530" acceleration="470"/>
    <motionState vehicle="1" speed="9998" time="8530" acceleration="7794"/>
    <motionState vehicle="2" speed="2488" time="8530" acceleration="1136"/>
    <motionState vehicle="3" speed="2605" time="8530" acceleration="1363"/>
    <motionState vehicle="4" speed="10738" time="8530" acceleration="1960"/>
    <motionState vehicle="5" speed="2741" time="8530" acceleration="1105"/>
    <motionState vehicle="6" speed="2847" time="8530" acceleration="425"/>
    <motionState vehicle="7" speed="2882" time="8530" acceleration="-417"/>
    <motionState vehicle="8" speed="2832" time="8530" acceleration="-1110"/>
    <motionState vehicle="9" speed="2713" time="8530" acceleration="-1369"/>
    <motionState vehicle="10" speed="2573" time="8530" acceleration="-1082"/>
    <motionState vehicle="11" speed="2467" time="8530" acceleration="-375"/>
    <motionState vehicle="0" speed="2435" time="8540" acceleration="477"/>
    <motionState vehicle="1" speed="10006" time="8540" acceleration="7738"/>
    <motionState vehicle="2" speed="2489" time="8540" acceleration="1138"/>
    <motionState vehicle="3" speed="2607" time="8540" acceleration="1360"/>
    <motionState vehicle="4" speed="10740" time="8540" acceleration="1928"/>
    <motionState vehicle="5" speed="2742" time="8540" acceleration="1098"/>
    <motionState vehicle="6" speed="2848" time="8540" acceleration="417"/>
    <motionState vehicle="7" speed="2882" time="8540" acceleration="-424"/>
    <motionState vehicle="8" speed="2831" time="8540" acceleration="-1113"/>
    <motionState vehicle="9" speed="2712" time="8540" acceleration="-1366"/>
    <motionState vehicle="10" speed="2572" time="8540" acceleration="-1076"/>
    <motionState vehicle="11" speed="2467" time="8540" acceleration="-367"/>
    <motionState vehicle="0" speed="2436" time="8550" acceleration="483"/>
    <motionState vehicle="1" speed="10014" time="8550" acceleration="7681"/>
    <motionState vehicle="2" speed="2490" time="8550" acceleration="1141"/>
    <motionState vehicle="3" speed="2608" time="8550" acceleration="1358"/>
    <motionState vehicle="4" speed="10742" time="8550" acceleration="1896"/>
    <motionState vehicle="5" speed="2744" time="8550" acceleration="1092"/>
    <motionState vehicle="6" speed="2848" time="8550" acceleration="408"/>
    <motionState vehicle="7" speed="2881" time="8550" acceleration="-431"/>
    <motionState vehicle="8" speed="2829" time="8550" acceleration="-1116"/>
    <motionState vehicle="9" speed="2711" time="8550" acceleration="-1364"/>
    <motionState vehicle="10" speed="2571" time="8550" acceleration="-1069"/>
    <motionState vehicle="11" speed="2466" time="8550" acceleration="-359"/>
    <motionState vehicle="0" speed="2436" time="8560" acceleration="490"/>
    <motionState vehicle="1" speed="10021" time="8560" acceleration="7625"/>
    <motionState vehicle="2" speed="2491" time="8560" acceleration="1143"/>
    <motionState vehicle="3" speed="2610" time="8560" acceleration="1355"/>
    <motionState vehicle="4" speed="10744" time="8560" acceleration="1865"/>
    <motionState vehicle="5" speed="2745" time="8560" acceleration="1085"/>
    <motionState vehicle="6" speed="2849" time="8560" acceleration="400"/>
    <motionState vehicle="7" speed="2881" time="8560" acceleration="-438"/>
    <motionState vehicle="8" speed="2828" time="8560" acceleration="-1119"/>
    <motionState vehicle="9" speed="2709" time="8560" acceleration="-1361"/>
    <motionState vehicle="10" speed="2570" time="8560" acceleration="-1063"/>
    <motionState vehicle="11" speed="2466" time="8560" acceleration="-350"/>
    <motionState vehicle="0" speed="2437" time="8570" acceleration="496"/>
    <motionState vehicle="1" speed="10029" time="8570" acceleration="7569"/>
    <motionState vehicle="2" speed="2492" time="8570" acceleration="1146"/>
    <motionState vehicle="3" speed="2611" time="8570" acceleration="1353"/>
    <motionState vehicle="4" speed="10746" time="8570" acceleration="1835"/>
    <motionState vehicle="5" speed="2746" time="8570" acceleration="1078"/>
    <motionState vehicle="6" speed="2849" time="8570" acceleration="392"/>
    <motionState vehicle="7" speed="2881" time="8570" acceleration="-445"/>
    <motionState vehicle="8" speed="2827" time="8570" acceleration="-1122"/>
    <motionState vehicle="9" speed="2708" time="8570" acceleration="-1359"/>
    <motionState vehicle="10" speed="2569" time="8570" acceleration="-1056"/>
    <motionState vehicle="11" speed="2466" time="8570" acceleration="-342"/>
    <motionState vehicle="0" speed="2437" time="8580" acceleration="502"/>
    <motionState vehicle="1" speed="10036" time="8580" acceleration="7514"/>
    <motionState vehicle="2" speed="2493" time="8580" acceleration="1148"/>
    <motionState vehicle="3" speed="2612" time="8580" acceleration="1350"/>
    <motionState vehicle="4" speed="10748" time="8580" acceleration="1805"/>
    <motionState vehicle="5" speed="2747" time="8580" acceleration="1072"/>
    <motionState vehicle="6" speed="2849" time="8580" acceleration="383"/>
    <motionState vehicle="7" speed="2880" time="8580" acceleration="-452"/>
    <motionState vehicle="8" speed="2826" time="8580" acceleration="-1124"/>
    <motionState vehicle="9" speed="2707" time="8580" acceleration="-1357"/>
    <motionState vehicle="10" speed="2568" time="8580" acceleration="-1049"/>
    <motionState vehicle="11" speed="2465" time="8580" acceleration="-334"/>
    <motionState vehicle="0" speed="2438" time="8590" acceleration="509"/>
    <motionState vehicle="1" speed="10044" time="8590" acceleration="7458"/>
    <motionState vehicle="2" speed="2494" time="8590" acceleration="1150"/>
    <motionState vehicle="3" speed="2614" time="8590" acceleration="1348"/>
    <motionState vehicle="4" speed="10750" time="8590" acceleration="1776"/>
    <motionState vehicle="5" speed="2748" time="8590" acceleration="1065"/>
    <motionState vehicle="6" speed="2850" time="8590" acceleration="375"/>
    <motionState vehicle="7" speed="2880" time="8590" acceleration="-459"/>
    <motionState vehicle="8" speed="2825" time="8590" acceleration="-1127"/>
    <motionState vehicle="9" speed="2705" time="8590" acceleration="-1354"/>
    <motionState vehicle="10" speed="2567" time="8590" acceleration="-1042"/>
    <motionState vehicle="11" speed="2465" time="8590" acceleration="-326"/>
    <motionState vehicle="0" speed="2438" time="8600" acceleration="515"/>
    <motionState vehicle="1" speed="10051" time="8600" acceleration="7403"/>
    <motionState vehicle="2" speed="2496" time="8600" acceleration="1152"/>
    <motionState vehicle="3" speed="2615" time="8600" acceleration="1345"/>
    <motionState vehicle="4" speed="10751" time="8600" acceleration="1748"/>
    <motionState vehicle="5" speed="2749" time="8600" acceleration="1058"/>
    <motionState vehicle="6" speed="2850" time="8600" acceleration="367"/>
    <motionState vehicle="7" speed="2879" time="8600" acceleration="-466"/>
    <motionState vehicle="8" speed="2824" time="8600" acceleration="-1130"/>
    <motionState vehicle="9" speed="2704" time="8600" acceleration="-1351"/>
    <motionState vehicle="10" speed="2566" time="8600" acceleration="-1036"/>
    <motionState vehicle="11" speed="2465" time="8600" acceleration="-318"/>
    <motionState vehicle="0" speed="2439" time="8610" acceleration="521"/>
    <motionState vehicle="1" speed="10059" time="8610" acceleration="7348"/>
    <motionState vehicle="2" speed="2497" time="8610" acceleration="1154"/>
    <motionState vehicle="3" speed="2616" time="8610" acceleration="1343"/>
    <motionState vehicle="4" speed="10753" time="8610" acceleration="1719"/>
    <motionState vehicle="5" speed="2750" time="8610" acceleration="1052"/>
    <motionState vehicle="6" speed="2851" time="8610" acceleration="358"/>
    <motionState vehicle="7" speed="2879" time="8610" acceleration="-473"/>
    <motionState vehicle="8" speed="2823" time="8610" acceleration="-1133"/>
    <motionState vehicle="9" speed="2703" time="8610" acceleration="-1349"/>
    <motionState vehicle="10" speed="2565" time="8610" acceleration="-1029"/>
    <motionState vehicle="11" speed="2464" time="8610" acceleration="-310"/>
    <motionState vehicle="0" speed="2440" time="8620" acceleration="528"/>
    <motionState vehicle="1" speed="10066" time="8620" acceleration="7293"/>
    <motionState vehicle="2" speed="2498" time="8620" acceleration="1156"/>
    <motionState vehicle="3" speed="2618" time="8620" acceleration="1340"/>
    <motionState vehicle="4" speed="10755" time="8620" acceleration="1692"/>
    <motionState vehicle="5" speed="2751" time="8620" acceleration="1045"/>
    <motionState vehicle="6" speed="2851" time="8620" acceleration="350"/>
    <motionState vehicle="7" speed="2878" time="8620" acceleration="-479"/>
    <motionState vehicle="8" speed="2822" time="8620" acceleration="-1135"/>
    <motionState vehicle="9" speed="2701" time="8620" acceleration="-1346"/>
    <motionState vehicle="10" speed="2564" time="8620" acceleration="-1022"/>
    <motionState vehicle="11" speed="2464" time="8620" acceleration="-302"/>
    <motionState vehicle="0" speed="2440" time="8630" acceleration="534"/>
    <motionState vehicle="1" speed="10073" time="8630" acceleration="7238"/>
    <motionState vehicle="2" speed="2499" time="8630" acceleration="1159"/>
    <motionState vehicle="3" speed="2619" time="8630" acceleration="1337"/>
    <motionState vehicle="4" speed="10756" time="8630" acceleration="1665"/>
    <motionState vehicle="5" speed="2752" time="8630" acceleration="1038"/>
    <motionState vehicle="6" speed="2851" time="8630" acceleration="342"/>
    <motionState vehicle="7" speed="2878" time="8630" acceleration="-486"/>
    <motionState vehicle="8" speed="2820" time="8630" acceleration="-1138"/>
    <motionState vehicle="9" speed="2700" time="8630" acceleration="-1343"/>
    <motionState vehicle="10" speed="2563" time="8630" acceleration="-1015"/>
    <motionState vehicle="11" speed="2464" time="8630" acceleration="-294"/>
    <motionState vehicle="0" speed="2441" time="8640" acceleration="540"/>
    <motionState vehicle="1" speed="10080" time="8640" acceleration="7184"/>
    <motionState vehicle="2" speed="2500" time="8640" acceleration="1161"/>
    <motionState vehicle="3" speed="2620" time="8640" acceleration="1334"/>
    <motionState vehicle="4" speed="10758" time="8640" acceleration="1638"/>
    <motionState vehicle="5" speed="2753" time="8640" acceleration="1031"/>
    <motionState vehicle="6" speed="2852" time="8640" acceleration="334"/>
    <motionState vehicle="7" speed="2877" time="8640" acceleration="-493"/>
    <motionState vehicle="8" speed="2819" time="8640" acceleration="-1140"/>
    <motionState vehicle="9" speed="2698" time="8640" acceleration="-1341"/>
    <motionState vehicle="10" speed="2562" time="8640" acceleration="-1009"/>
    <motionState vehicle="11" speed="2464" time="8640" acceleration="-286"/>
    <motionState vehicle="0" speed="2441" time="8650" acceleration="546"/>
    <motionState vehicle="1" speed="10087" time="8650" acceleration="7130"/>
    <motionState vehicle="2" speed="2501" time="8650" acceleration="1162"/>
    <motionState vehicle="3" speed="2622" time="8650" acceleration="1331"/>
    <motionState vehicle="4" speed="10760" time="8650" acceleration="1612"/>
    <motionState vehicle="5" speed="2754" time="8650" acceleration="1025"/>
    <motionState vehicle="6" speed="2852" time="8650" acceleration="325"/>
    <motionState vehicle="7" speed="2877" time="8650" acceleration="-499"/>
    <motionState vehicle="8" speed="2818" time="8650" acceleration="-1143"/>
    <motionState vehicle="9" speed="2697" time="8650" acceleration="-1338"/>
    <motionState vehicle="10" speed="2561" time="8650" acceleration="-1002"/>
    <motionState vehicle="11" speed="2463" time="8650" acceleration="-278"/>
    <motionState vehicle="0" speed="2442" time="8660" acceleration="552"/>
    <motionState vehicle="1" speed="10095" time="8660" acceleration="7076"/>
    <motionState vehicle="2" speed="2502" time="8660" acceleration="1164"/>
    <motionState vehicle="3" speed="2623" time="8660" acceleration="1329"/>
    <motionState vehicle="4" speed="10761" time="8660" acceleration="1587"/>
    <motionState vehicle="5" speed="2755" time="8660" acceleration="1018"/>
    <motionState vehicle="6" speed="2852" time="8660" acceleration="317"/>
    <motionState vehicle="7" speed="2876" time="8660" acceleration="-506"/>
    <motionState vehicle="8" speed="2817" time="8660" acceleration="-1145"/>
    <motionState vehicle="9" speed="2696" time="8660" acceleration="-1335"/>
    <motionState vehicle="10" speed="2560" time="8660" acceleration="-995"/>
    <motionState vehicle="11" speed="2463" time="8660" acceleration="-270"/>
    <motionState vehicle="0" speed="2442" time="8670" acceleration="558"/>
    <motionState vehicle="1" speed="10102" time="8670" acceleration="7022"/>
    <motionState vehicle="2" speed="2504" time="8670" acceleration="1166"/>
    <motionState vehicle="3" speed="2624" time="8670" acceleration="1326"/>
    <motionState vehicle="4" speed="10763" time="8670" acceleration="1561"/>
    <motionState vehicle="5" speed="2756" time="8670" acceleration="1011"/>
    <motionState vehicle="6" speed="2852" time="8670" acceleration="309"/>
    <motionState vehicle="7" speed="2876" time="8670" acceleration="-513"/>
    <motionState vehicle="8" speed="2816" time="8670" acceleration="-1147"/>
    <motionState vehicle="9" speed="2694" time="8670" acceleration="-1332"/>
    <motionState vehicle="10" speed="2559" time="8670" acceleration="-988"/>
    <motionState vehicle="11" speed="2463" time="8670" acceleration="-262"/>
    <motionState vehicle="0" speed="2443" time="8680" acceleration="564"/>
    <motionState vehicle="1" speed="10109" time="8680" acceleration="6969"/>
    <motionState vehicle="2" speed="2505" time="8680" acceleration="1168"/>
    <motionState vehicle="3" speed="2626" time="8680" acceleration="1323"/>
    <motionState vehicle="4" speed="10764" time="8680" acceleration="1537"/>
    <motionState vehicle="5" speed="2757" time="8680" acceleration="1004"/>
    <motionState vehicle="6" speed="2853" time="8680" acceleration="301"/>
    <motionState vehicle="7" speed="2875" time="8680" acceleration="-519"/>
    <motionState vehicle="8" speed="2815" time="8680" acceleration="-1150"/>
    <motionState vehicle="9" speed="2693" time="8680" acceleration="-1329"/>
    <motionState vehicle="10" speed="2558" time="8680" acceleration="-981"/>
    <motionState vehicle="11" speed="2462" time="8680" acceleration="-254"/>
    <motionState vehicle="0" speed="2443" time="8690" acceleration="570"/>
    <motionState vehicle="1" speed="10115" time="8690" acceleration="6916"/>
    <motionState vehicle="2" speed="2506" time="8690" acceleration="1170"/>
    <motionState vehicle="3" speed="2627" time="8690" acceleration="1320"/>
    <motionState vehicle="4" speed="10766" time="8690" acceleration="1513"/>
    <motionState vehicle="5" speed="2758" time="8690" acceleration="997"/>
    <motionState vehicle="6" speed="2853" time="8690" acceleration="293"/>
    <motionState vehicle="7" speed="2875" time="8690" acceleration="-526"/>
    <motionState vehicle="8" speed="2814" time="8690" acceleration="-1152"/>
    <motionState vehicle="9" speed="2692" time="8690" acceleration="-1326"/>
    <motionState vehicle="10" speed="2557" time="8690" acceleration="-974"/>
    <motionState vehicle="11" speed="2462" time="8690" acceleration="-246"/>
    <motionState vehicle="0" speed="2444" time="8700" acceleration="576"/>
    <motionState vehicle="1" speed="10122" time="8700" acceleration="6863"/>
    <motionState vehicle="2" speed="2507" time="8700" acceleration="1172"/>
    <motionState vehicle="3" speed="2628" time="8700" acceleration="1317"/>
    <motionState vehicle="4" speed="10767" time="8700" acceleration="1489"/>
    <motionState vehicle="5" speed="2759" time="8700" acceleration="991"/>
    <motionState vehicle="6" speed="2853" time="8700" acceleration="285"/>
    <motionState vehicle="7" speed="2874" time="8700" acceleration="-532"/>
    <motionState vehicle="8" speed="2812" time="8700" acceleration="-1154"/>
    <motionState vehicle="9" speed="2690" time="8700" acceleration="-1323"/>
    <motionState vehicle="10" speed="2556" time="8700" acceleration="-968"/>
    <motionState vehicle="11" speed="2462" time="8700" acceleration="-238"/>
    <motionState vehicle="0" speed="2445" time="8710" acceleration="582"/>
    <motionState vehicle="1" speed="10129" time="8710" acceleration="6810"/>
    <motionState vehicle="2" speed="2508" time="8710" acceleration="1173"/>
    <motionState vehicle="3" speed="2630" time="8710" acceleration="1314"/>
    <motionState vehicle="4" speed="10769" time="8710" acceleration="1465"/>
    <motionState vehicle="5" speed="2760" time="8710" acceleration="984"/>
    <motionState vehicle="6" speed="2854" time="8710" acceleration="276"/>
    <motionState vehicle="7" speed="2874" time="8710" acceleration="-539"/>
    <motionState vehicle="8" speed="2811" time="8710" acceleration="-1156"/>
    <motionState vehicle="9" speed="2689" time="8710" acceleration="-1320"/>
    <motionState vehicle="10" speed="2555" time="8710" acceleration="-961"/>
    <motionState vehicle="11" speed="2462" time="8710" acceleration="-230"/>
    <motionState vehicle="0" speed="2445" time="8720" acceleration="588"/>
    <motionState vehicle="1" speed="10136" time="8720" acceleration="6758"/>
    <motionState vehicle="2" speed="2510" time="8720" acceleration="1175"/>
    <motionState vehicle="3" speed="2631" time="8720" acceleration="1311"/>
    <motionState vehicle="4" speed="10770" time="8720" acceleration="1443"/>
    <motionState vehicle="5" speed="2761" time="8720" acceleration="977"/>
    <motionState vehicle="6" speed="2854" time="8720" acceleration="268"/>
    <motionState vehicle="7" speed="2873" time="8720" acceleration="-545"/>
    <motionState vehicle="8" speed="2810" time="8720" acceleration="-1158"/>
    <motionState vehicle="9" speed="2688" time="8720" acceleration="-1317"/>
    <motionState vehicle="10" speed="2554" time="8720" acceleration="-954"/>
    <motionState vehicle="11" speed="2462" time="8720" acceleration="-222"/>
    <motionState vehicle="0" speed="2446" time="8730" acceleration="594"/>
    <motionState vehicle="1" speed="10143" time="8730" acceleration="6706"/>
    <motionState vehicle="2" speed="2511" time="8730" acceleration="1176"/>
    <motionState vehicle="3" speed="2632" time="8730" acceleration="1308"/>
    <motionState vehicle="4" speed="10772" time="8730" acceleration="1420"/>
    <motionState vehicle="5" speed="2762" time="8730" acceleration="970"/>
    <motionState vehicle="6" speed="2854" time="8730" acceleration="260"/>
    <motionState vehicle="7" speed="2873" time="8730" acceleration="-551"/>
    <motionState vehicle="8" speed="2809" time="8730" acceleration="-1160"/>
    <motionState vehicle="9" speed="2687" time="8730" acceleration="-1314"/>
    <motionState vehicle="10" speed="2553" time="8730" acceleration="-947"/>
    <motionState vehicle="11" speed="2461" time="8730" acceleration="-214"/>
    <motionState vehicle="0" speed="2446" time="8740" acceleration="600"/>
    <motionState vehicle="1" speed="10149" time="8740" acceleration="6654"/>
    <motionState vehicle="2" speed="2512" time="8740" acceleration="1178"/>
    <motionState vehicle="3" speed="2633" time="8740" acceleration="1304"/>
    <motionState vehicle="4" speed="10773" time="8740" acceleration="1398"/>
    <motionState vehicle="5" speed="2763" time="8740" acceleration="963"/>
    <motionState vehicle="6" speed="2854" time="8740" acceleration="252"/>
    <motionState vehicle="7" speed="2872" time="8740" acceleration="-558"/>
    <motionState vehicle="8" speed="2808" time="8740" acceleration="-1162"/>
    <motionState vehicle="9" speed="2685" time="8740" acceleration="-1311"/>
    <motionState vehicle="10" speed="2552" time="8740" acceleration="-940"/>
    <motionState vehicle="11" speed="2461" time="8740" acceleration="-206"/>
    <motionState vehicle="0" speed="2447" time="8750" acceleration="606"/>
    <motionState vehicle="1" speed="10156" time="8750" acceleration="6602"/>
    <motionState vehicle="2" speed="2513" time="8750" acceleration="1179"/>
    <motionState vehicle="3" speed="2635" time="8750" acceleration="1301"/>
    <motionState vehicle="4" speed="10774" time="8750" acceleration="1376"/>
    <motionState vehicle="5" speed="2764" time="8750" acceleration="956"/>
    <motionState vehicle="6" speed="2855" time="8750" acceleration="244"/>
    <motionState vehicle="7" speed="2871" time="8750" acceleration="-564"/>
    <motionState vehicle="8" speed="2807" time="8750" acceleration="-1164"/>
    <motionState vehicle="9" speed="2684" time="8750" acceleration="-1308"/>
    <motionState vehicle="10" speed="2551" time="8750" acceleration="-933"/>
    <motionState vehicle="11" speed="2461" time="8750" acceleration="-198"/>
    <motionState vehicle="0" speed="2448" time="8760" acceleration="611"/>
    <motionState vehicle="1" speed="10162" time="8760" acceleration="6551"/>
    <motionState vehicle="2" speed="2514" time="8760" acceleration="1181"/>
    <motionState vehicle="3" speed="2636" time="8760" acceleration="1298"/>
    <motionState vehicle="4" speed="10776" time="8760" acceleration="1355"/>
    <motionState vehicle="5" speed="2765" time="8760" acceleration="949"/>
    <motionState vehicle="6" speed="2855" time="8760" acceleration="236"/>
    <motionState vehicle="7" speed="2871" time="8760" acceleration="-570"/>
    <motionState vehicle="8" speed="2805" time="8760" acceleration="-1166"/>
    <motionState vehicle="9" speed="2683" time="8760" acceleration="-1304"/>
    <motionState vehicle="10" speed="2550" time="8760" acceleration="-926"/>
    <motionState vehicle="11" speed="2461" time="8760" acceleration="-190"/>
    <motionState vehicle="0" speed="2448" time="8770" acceleration="617"/>
    <motionState vehicle="1" speed="10169" time="8770" acceleration="6500"/>
    <motionState vehicle="2" speed="2515" time="8770" acceleration="1182"/>
    <motionState vehicle="3" speed="2637" time="8770" acceleration="1295"/>
    <motionState vehicle="4" speed="10777" time="8770" acceleration="1334"/>
    <motionState vehicle="5" speed="2766" time="8770" acceleration="942"/>
    <motionState vehicle="6" speed="2855" time="8770" acceleration="228"/>
    <motionState vehicle="7" speed="2870" time="8770" acceleration="-576"/>
    <motionState vehicle="8" speed="2804" time="8770" acceleration="-1168"/>
    <motionState vehicle="9" speed="2681" time="8770" acceleration="-1301"/>
    <motionState vehicle="10" speed="2549" time="8770" acceleration="-919"/>
    <motionState vehicle="11" speed="2461" time="8770" acceleration="-182"/>
    <motionState vehicle="0" speed="2449" time="8780" acceleration="623"/>
    <motionState vehicle="1" speed="10175" time="8780" acceleration="6449"/>
    <motionState vehicle="2" speed="2517" time="8780" acceleration="1184"/>
    <motionState vehicle="3" speed="2639" time="8780" acceleration="1292"/>
    <motionState vehicle="4" speed="10778" time="8780" acceleration="1314"/>
    <motionState vehicle="5" speed="2767" time="8780" acceleration="935"/>
    <motionState vehicle="6" speed="2855" time="8780" acceleration="220"/>
    <motionState vehicle="7" speed="2870" time="8780" acceleration="-582"/>
    <motionState vehicle="8" speed="2803" time="8780" acceleration="-1169"/>
    <motionState vehicle="9" speed="2680" time="8780" acceleration="-1298"/>
    <motionState vehicle="10" speed="2549" time="8780" acceleration="-912"/>
    <motionState vehicle="11" speed="2460" time="8780" acceleration="-175"/>
    <motionState vehicle="0" speed="2449" time="8790" acceleration="628"/>
    <motionState vehicle="1" speed="10182" time="8790" acceleration="6399"/>
    <motionState vehicle="2" speed="2518" time="8790" acceleration="1185"/>
    <motionState vehicle="3" speed="2640" time="8790" acceleration="1288"/>
    <motionState vehicle="4" speed="10780" time="8790" acceleration="1294"/>
    <motionState vehicle="5" speed="2768" time="8790" acceleration="928"/>
    <motionState vehicle="6" speed="2856" time="8790" acceleration="212"/>
    <motionState vehicle="7" speed="2869" time="8790" acceleration="-588"/>
    <motionState vehicle="8" speed="2802" time="8790" acceleration="-1171"/>
    <motionState vehicle="9" speed="2679" time="8790" acceleration="-1294"/>
    <motionState vehicle="10" speed="2548" time="8790" acceleration="-905"/>
    <motionState vehicle="11" speed="2460" time="8790" acceleration="-167"/>
    <motionState vehicle="0" speed="2450" time="8800" acceleration="634"/>
    <motionState vehicle="1" speed="10188" time="8800" acceleration="6349"/>
    <motionState vehicle="2" speed="2519" time="8800" acceleration="1186"/>
    <motionState vehicle="3" speed="2641" time="8800" acceleration="1285"/>
    <motionState vehicle="4" speed="10781" time="8800" acceleration="1274"/>
    <motionState vehicle="5" speed="2769" time="8800" acceleration="922"/>
    <motionState vehicle="6" speed="2856" time="8800" acceleration="204"/>
    <motionState vehicle="7" speed="2868" time="8800" acceleration="-595"/>
    <motionState vehicle="8" speed="2801" time="8800" acceleration="-1173"/>
    <motionState vehicle="9" speed="2677" time="8800" acceleration="-1291"/>
    <motionState vehicle="10" speed="2547" time="8800" acceleration="-898"/>
    <motionState vehicle="11" speed="2460" time="8800" acceleration="-159"/>
    <motionState vehicle="0" speed="2451" time="8810" acceleration="639"/>
    <motionState vehicle="1" speed="10194" time="8810" acceleration="6299"/>
    <motionState vehicle="2" speed="2520" time="8810" acceleration="1187"/>
    <motionState vehicle="3" speed="2643" time="8810" acceleration="1281"/>
    <motionState vehicle="4" speed="10782" time="8810" acceleration="1255"/>
    <motionState vehicle="5" speed="2770" time="8810" acceleration="915"/>
    <motionState vehicle="6" speed="2856" time="8810" acceleration="196"/>
    <motionState vehicle="7" speed="2868" time="8810" acceleration="-601"/>
    <motionState vehicle="8" speed="2800" time="8810" acceleration="-1174"/>
    <motionState vehicle="9" speed="2676" time="8810" acceleration="-1288"/>
    <motionState vehicle="10" speed="2546" time="8810" acceleration="-891"/>
    <motionState vehicle="11" speed="2460" time="8810" acceleration="-151"/>
    <motionState vehicle="0" speed="2451" time="8820" acceleration="645"/>
    <motionState vehicle="1" speed="10201" time="8820" acceleration="6249"/>
    <motionState vehicle="2" speed="2521" time="8820" acceleration="1189"/>
    <motionState vehicle="3" speed="2644" time="8820" acceleration="1278"/>
    <motionState vehicle="4" speed="10784" time="8820" acceleration="1236"/>
    <motionState vehicle="5" speed="2770" time="8820" acceleration="908"/>
    <motionState vehicle="6" speed="2856" time="8820" acceleration="188"/>
    <motionState vehicle="7" speed="2867" time="8820" acceleration="-606"/>
    <motionState vehicle="8" speed="2798" time="8820" acceleration="-1176"/>
    <motionState vehicle="9" speed="2675" time="8820" acceleration="-1284"/>
    <motionState vehicle="10" speed="2545" time="8820" acceleration="-884"/>
    <motionState vehicle="11" speed="2460" time="8820" acceleration="-143"/>
    <motionState vehicle="0" speed="2452" time="8830" acceleration="650"/>
    <motionState vehicle="1" speed="10207" time="8830" acceleration="6200"/>
    <motionState vehicle="2" speed="2523" time="8830" acceleration="1190"/>
    <motionState vehicle="3" speed="2645" time="8830" acceleration="1275"/>
    <motionState vehicle="4" speed="10785" time="8830" acceleration="1217"/>
    <motionState vehicle="5" speed="2771" time="8830" acceleration="901"/>
    <motionState vehicle="6" speed="2856" time="8830" acceleration="180"/>
    <motionState vehicle="7" speed="2867" time="8830" acceleration="-612"/>
    <motionState vehicle="8" speed="2797" time="8830" acceleration="-1178"/>
    <motionState vehicle="9" speed="2674" time="8830" acceleration="-1281"/>
    <motionState vehicle="10" speed="2544" time="8830" acceleration="-877"/>
    <motionState vehicle="11" speed="2460" time="8830" acceleration="-136"/>
    <motionState vehicle="0" speed="2453" time="8840" acceleration="656"/>
    <motionState vehicle="1" speed="10213" time="8840" acceleration="6151"/>
    <motionState vehicle="2" speed="2524" time="8840" acceleration="1191"/>
    <motionState vehicle="3" speed="2646" time="8840" acceleration="1271"/>
    <motionState vehicle="4" speed="10786" time="8840" acceleration="1199"/>
    <motionState vehicle="5" speed="2772" time="8840" acceleration="894"/>
    <motionState vehicle="6" speed="2857" time="8840" acceleration="172"/>
    <motionState vehicle="7" speed="2866" time="8840" acceleration="-618"/>
    <motionState vehicle="8" speed="2796" time="8840" acceleration="-1179"/>
    <motionState vehicle="9" speed="2672" time="8840" acceleration="-1277"/>
    <motionState vehicle="10" speed="2543" time="8840" acceleration="-870"/>
    <motionState vehicle="11" speed="2459" time="8840" acceleration="-128"/>
    <motionState vehicle="0" speed="2453" time="8850" acceleration="661"/>
    <motionState vehicle="1" speed="10219" time="8850" acceleration="6102"/>
    <motionState vehicle="2" speed="2525" time="8850" acceleration="1192"/>
    <motionState vehicle="3" speed="2648" time="8850" acceleration="1267"/>
    <motionState vehicle="4" speed="10787" time="8850" acceleration="1181"/>
    <motionState vehicle="5" speed="2773" time="8850" acceleration="887"/>
    <motionState vehicle="6" speed="2857" time="8850" acceleration="164"/>
    <motionState vehicle="7" speed="2865" time="8850" acceleration="-624"/>
    <motionState vehicle="8" speed="2795" time="8850" acceleration="-1180"/>
    <motionState vehicle="9" speed="2671" time="8850" acceleration="-1273"/>
    <motionState vehicle="10" speed="2542" time="8850" acceleration="-863"/>
    <motionState vehicle="11" speed="2459" time="8850" acceleration="-120"/>
    <motionState vehicle="0" speed="2454" time="8860" acceleration="666"/>
    <motionState vehicle="1" speed="10225" time="8860" acceleration="6053"/>
    <motionState vehicle="2" speed="2526" time="8860" acceleration="1193"/>
    <motionState vehicle="3" speed="2649" time="8860" acceleration="1264"/>
    <motionState vehicle="4" speed="10788" time="8860" acceleration="1163"/>
    <motionState vehicle="5" speed="2774" time="8860" acceleration="879"/>
    <motionState vehicle="6" speed="2857" time="8860" acceleration="156"/>
    <motionState vehicle="7" speed="2865" time="8860" acceleration="-630"/>
    <motionState vehicle="8" speed="2794" time="8860" acceleration="-1182"/>
    <motionState vehicle="9" speed="2670" time="8860" acceleration="-1270"/>
    <motionState vehicle="10" speed="2541" time="8860" acceleration="-856"/>
    <motionState vehicle="11" speed="2459" time="8860" acceleration="-113"/>
    <motionState vehicle="0" speed="2455" time="8870" acceleration="672"/>
    <motionState vehicle="1" speed="10231" time="8870" acceleration="6005"/>
    <motionState vehicle="2" speed="2527" time="8870" acceleration="1194"/>
    <motionState vehicle="3" speed="2650" time="8870" acceleration="1260"/>
    <motionState vehicle="4" speed="10789" time="8870" acceleration="1146"/>
    <motionState vehicle="5" speed="2775" time="8870" acceleration="872"/>
    <motionState vehicle="6" speed="2857" time="8870" acceleration="149"/>
    <motionState vehicle="7" speed="2864" time="8870" acceleration="-636"/>
    <motionState vehicle="8" speed="2792" time="8870" acceleration="-1183"/>
    <motionState vehicle="9" speed="2668" time="8870" acceleration="-1266"/>
    <motionState vehicle="10" speed="2541" time="8870" acceleration="-849"/>
    <motionState vehicle="11" speed="2459" time="8870" acceleration="-105"/>
    <motionState vehicle="0" speed="2455" time="8880" acceleration="677"/>
    <motionState vehicle="1" speed="10237" time="8880" acceleration="5957"/>
    <motionState vehicle="2" speed="2528" time="8880" acceleration="1195"/>
    <motionState vehicle="3" speed="2651" time="8880" acceleration="1257"/>
    <motionState vehicle="4" speed="10791" time="8880" acceleration="1129"/>
    <motionState vehicle="5" speed="2776" time="8880" acceleration="865"/>
    <motionState vehicle="6" speed="2857" time="8880" acceleration="141"/>
    <motionState vehicle="7" speed="2864" time="8880" acceleration="-641"/>
    <motionState vehicle="8" speed="2791" time="8880" acceleration="-1184"/>
    <motionState vehicle="9" speed="2667" time="8880" acceleration="-1262"/>
    <motionState vehicle="10" speed="2540" time="8880" acceleration="-842"/>
    <motionState vehicle="11" speed="2459" time="8880" acceleration="-97"/>
    <motionState vehicle="0" speed="2456" time="8890" acceleration="682"/>
    <motionState vehicle="1" speed="10243" time="8890" acceleration="5909"/>
    <motionState vehicle="2" speed="2530" time="8890" acceleration="1196"/>
    <motionState vehicle="3" speed="2653" time="8890" acceleration="1253"/>
    <motionState vehicle="4" speed="10792" time="8890" acceleration="1112"/>
    <motionState vehicle="5" speed="2777" time="8890" acceleration="858"/>
    <motionState vehicle="6" speed="2857" time="8890" acceleration="133"/>
    <motionState vehicle="7" speed="2863" time="8890" acceleration="-647"/>
    <motionState vehicle="8" speed="2790" time="8890" acceleration="-1186"/>
    <motionState vehicle="9" speed="2666" time="8890" acceleration="-1259"/>
    <motionState vehicle="10" speed="2539" time="8890" acceleration="-835"/>
    <motionState vehicle="11" speed="2459" time="8890" acceleration="-90"/>
    <motionState vehicle="0" speed="2457" time="8900" acceleration="687"/>
    <motionState vehicle="1" speed="10249" time="8900" acceleration="5862"/>
    <motionState vehicle="2" speed="2531" time="8900" acceleration="1197"/>
    <motionState vehicle="3" speed="2654" time="8900" acceleration="1249"/>
    <motionState vehicle="4" speed="10793" time="8900" acceleration="1096"/>
    <motionState vehicle="5" speed="2777" time="8900" acceleration="851"/>
    <motionState vehicle="6" speed="2857" time="8900" acceleration="125"/>
    <motionState vehicle="7" speed="2862" time="8900" acceleration="-653"/>
    <motionState vehicle="8" speed="2789" time="8900" acceleration="-1187"/>
    <motionState vehicle="9" speed="2665" time="8900" acceleration="-1255"/>
    <motionState vehicle="10" speed="2538" time="8900" acceleration="-828"/>
    <motionState vehicle="11" speed="2459" time="8900" acceleration="-82"/>
    <motionState vehicle="0" speed="2457" time="8910" acceleration="692"/>
    <motionState vehicle="1" speed="10255" time="8910" acceleration="5814"/>
    <motionState vehicle="2" speed="2532" time="8910" acceleration="1197"/>
    <motionState vehicle="3" speed="2655" time="8910" acceleration="1246"/>
    <motionState vehicle="4" speed="10794" time="8910" acceleration="1080"/>
    <motionState vehicle="5" speed="2778" time="8910" acceleration="844"/>
    <motionState vehicle="6" speed="2857" time="8910" acceleration="117"/>
    <motionState vehicle="7" speed="2862" time="8910" acceleration="-658"/>
    <motionState vehicle="8" speed="2788" time="8910" acceleration="-1188"/>
    <motionState vehicle="9" speed="2663" time="8910" acceleration="-1251"/>
    <motionState vehicle="10" speed="2537" time="8910" acceleration="-820"/>
    <motionState vehicle="11" speed="2459" time="8910" acceleration="-75"/>
    <motionState vehicle="0" speed="2458" time="8920" acceleration="697"/>
    <motionState vehicle="1" speed="10260" time="8920" acceleration="5768"/>
    <motionState vehicle="2" speed="2533" time="8920" acceleration="1198"/>
    <motionState vehicle="3" speed="2656" time="8920" acceleration="1242"/>
    <motionState vehicle="4" speed="10795" time="8920" acceleration="1064"/>
    <motionState vehicle="5" speed="2779" time="8920" acceleration="837"/>
    <motionState vehicle="6" speed="2858" time="8920" acceleration="110"/>
    <motionState vehicle="7" speed="2861" time="8920" acceleration="-664"/>
    <motionState vehicle="8" speed="2787" time="8920" acceleration="-1189"/>
    <motionState vehicle="9" speed="2662" time="8920" acceleration="-1247"/>
    <motionState vehicle="10" speed="2536" time="8920" acceleration="-813"/>
    <motionState vehicle="11" speed="2459" time="8920" acceleration="-67"/>
    <motionState vehicle="0" speed="2459" time="8930" acceleration="703"/>
    <motionState vehicle="1" speed="10266" time="8930" acceleration="5721"/>
    <motionState vehicle="2" speed="2534" time="8930" acceleration="1199"/>
    <motionState vehicle="3" speed="2658" time="8930" acceleration="1238"/>
    <motionState vehicle="4" speed="10796" time="8930" acceleration="1048"/>
    <motionState vehicle="5" speed="2780" time="8930" acceleration="830"/>
    <motionState vehicle="6" speed="2858" time="8930" acceleration="102"/>
    <motionState vehicle="7" speed="2860" time="8930" acceleration="-669"/>
    <motionState vehicle="8" speed="2785" time="8930" acceleration="-1190"/>
    <motionState vehicle="9" speed="2661" time="8930" acceleration="-1243"/>
    <motionState vehicle="10" speed="2536" time="8930" acceleration="-806"/>
    <motionState vehicle="11" speed="2459" time="8930" acceleration="-60"/>
    <motionState vehicle="0" speed="2459" time="8940" acceleration="708"/>
    <motionState vehicle="1" speed="10272" time="8940" acceleration="5675"/>
    <motionState vehicle="2" speed="2536" time="8940" acceleration="1199"/>
    <motionState vehicle="3" speed="2659" time="8940" acceleration="1234"/>
    <motionState vehicle="4" speed="10797" time="8940" acceleration="1033"/>
    <motionState vehicle="5" speed="2781" time="8940" acceleration="823"/>
    <motionState vehicle="6" speed="2858" time="8940" acceleration="94"/>
    <motionState vehicle="7" speed="2860" time="8940" acceleration="-675"/>
    <motionState vehicle="8" speed="2784" time="8940" acceleration="-1191"/>
    <motionState vehicle="9" speed="2660" time="8940" acceleration="-1240"/>
    <motionState vehicle="10" speed="2535" time="8940" acceleration="-799"/>
    <motionState vehicle="11" speed="2459" time="8940" acceleration="-52"/>
    <motionState vehicle="0" speed="2460" time="8950" acceleration="712"/>
    <motionState vehicle="1" speed="10277" time="8950" acceleration="5629"/>
    <motionState vehicle="2" speed="2537" time="8950" acceleration="1200"/>
    <motionState vehicle="3" speed="2660" time="8950" acceleration="1230"/>
    <motionState vehicle="4" speed="10798" time="8950" acceleration="1018"/>
    <motionState vehicle="5" speed="2782" time="8950" acceleration="816"/>
    <motionState vehicle="6" speed="2858" time="8950" acceleration="86"/>
    <motionState vehicle="7" speed="2859" time="8950" acceleration="-680"/>
    <motionState vehicle="8" speed="2783" time="8950" acceleration="-1192"/>
    <motionState vehicle="9" speed="2658" time="8950" acceleration="-1236"/>
    <motionState vehicle="10" speed="2534" time="8950" acceleration="-792"/>
    <motionState vehicle="11" speed="2459" time="8950" acceleration="-45"/>
    <motionState vehicle="0" speed="2461" time="8960" acceleration="717"/>
    <motionState vehicle="1" speed="10283" time="8960" acceleration="5583"/>
    <motionState vehicle="2" speed="2538" time="8960" acceleration="1201"/>
    <motionState vehicle="3" speed="2661" time="8960" acceleration="1226"/>
    <motionState vehicle="4" speed="10799" time="8960" acceleration="1004"/>
    <motionState vehicle="5" speed="2782" time="8960" acceleration="809"/>
    <motionState vehicle="6" speed="2858" time="8960" acceleration="79"/>
    <motionState vehicle="7" speed="2858" time="8960" acceleration="-685"/>
    <motionState vehicle="8" speed="2782" time="8960" acceleration="-1193"/>
    <motionState vehicle="9" speed="2657" time="8960" acceleration="-1232"/>
    <motionState vehicle="10" speed="2533" time="8960" acceleration="-785"/>
    <motionState vehicle="11" speed="2459" time="8960" acceleration="-37"/>
    <motionState vehicle="0" speed="2462" time="8970" acceleration="722"/>
    <motionState vehicle="1" speed="10289" time="8970" acceleration="5537"/>
    <motionState vehicle="2" speed="2539" time="8970" acceleration="1201"/>
    <motionState vehicle="3" speed="2663" time="8970" acceleration="1222"/>
    <motionState vehicle="4" speed="10800" time="8970" acceleration="989"/>
    <motionState vehicle="5" speed="2783" time="8970" acceleration="802"/>
    <motionState vehicle="6" speed="2858" time="8970" acceleration="71"/>
    <motionState vehicle="7" speed="2857" time="8970" acceleration="-691"/>
    <motionState vehicle="8" speed="2781" time="8970" acceleration="-1194"/>
    <motionState vehicle="9" speed="2656" time="8970" acceleration="-1228"/>
    <motionState vehicle="10" speed="2532" time="8970" acceleration="-778"/>
    <motionState vehicle="11" speed="2458" time="8970" acceleration="-30"/>
    <motionState vehicle="0" speed="2462" time="8980" acceleration="727"/>
    <motionState vehicle="1" speed="10294" time="8980" acceleration="5492"/>
    <motionState vehicle="2" speed="2540" time="8980" acceleration="1202"/>
    <motionState vehicle="3" speed="2664" time="8980" acceleration="1218"/>
    <motionState vehicle="4" speed="10801" time="8980" acceleration="975"/>
    <motionState vehicle="5" speed="2784" time="8980" acceleration="794"/>
    <motionState vehicle="6" speed="2858" time="8980" acceleration="63"/>
    <motionState vehicle="7" speed="2857" time="8980" acceleration="-696"/>
    <motionState vehicle="8" speed="2779" time="8980" acceleration="-1194"/>
    <motionState vehicle="9" speed="2655" time="8980" acceleration="-1224"/>
    <motionState vehicle="10" speed="2532" time="8980" acceleration="-771"/>
    <motionState vehicle="11" speed="2458" time="8980" acceleration="-22"/>
    <motionState vehicle="0" speed="2463" time="8990" acceleration="732"/>
    <motionState vehicle="1" speed="10300" time="8990" acceleration="5447"/>
    <motionState vehicle="2" speed="2542" time="8990" acceleration="1202"/>
    <motionState vehicle="3" speed="2665" time="8990" acceleration="1214"/>
    <motionState vehicle="4" speed="10802" time="8990" acceleration="961"/>
    <motionState vehicle="5" speed="2785" time="8990" acceleration="787"/>
    <motionState vehicle="6" speed="2858" time="8990" acceleration="56"/>
    <motionState vehicle="7" speed="2856" time="8990" acceleration="-701"/>
    <motionState vehicle="8" speed="2778" time="8990" acceleration="-1195"/>
    <motionState vehicle="9" speed="2654" time="8990" acceleration="-1220"/>
    <motionState vehicle="10" speed="2531" time="8990" acceleration="-763"/>
    <motionState vehicle="11" speed="2458" time="8990" acceleration="-15"/>
    <motionState vehicle="0" speed="2464" time="9000" acceleration="737"/>
    <motionState vehicle="1" speed="10305" time="9000" acceleration="5403"/>
    <motionState vehicle="2" speed="2543" time="9000" acceleration="1202"/>
    <motionState vehicle="3" speed="2666" time="9000" acceleration="1210"/>
    <motionState vehicle="4" speed="10803" time="9000" acceleration="948"/>
    <motionState vehicle="5" speed="2786" time="9000" acceleration="780"/>
    <motionState vehicle="6" speed="2858" time="9000" acceleration="48"/>
    <motionState vehicle="7" speed="2855" time="9000" acceleration="-706"/>
    <motionState vehicle="8" speed="2777" time="9000" acceleration="-1196"/>
    <motionState vehicle="9" speed="2652" time="9000" acceleration="-1215"/>
    <motionState vehicle="10" speed="2530" time="9000" acceleration="-756"/>
    <motionState vehicle="11" speed="2458" time="9000" acceleration="-8"/>
    <motionState vehicle="0" speed="2465" time="9010" acceleration="741"/>
    <motionState vehicle="1" speed="10310" time="9010" acceleration="5358"/>
    <motionState vehicle="2" speed="2544" time="9010" acceleration="1203"/>
    <motionState vehicle="3" speed="2667" time="9010" acceleration="1206"/>
    <motionState vehicle="4" speed="10804" time="9010" acceleration="934"/>
    <motionState vehicle="5" speed="2786" time="9010" acceleration="773"/>
    <motionState vehicle="6" speed="2858" time="9010" acceleration="41"/>
    <motionState vehicle="7" speed="2855" time="9010" acceleration="-712"/>
    <motionState vehicle="8" speed="2776" time="9010" acceleration="-1196"/>
    <motionState vehicle="9" speed="2651" time="9010" acceleration="-1211"/>
    <motionState vehicle="10" speed="2529" time="9010" acceleration="-749"/>
    <motionState vehicle="11" speed="2458" time="9010" acceleration="0"/>
    <motionState vehicle="0" speed="2465" time="9020" acceleration="746"/>
    <motionState vehicle="1" speed="10316" time="9020" acceleration="5314"/>
    <motionState vehicle="2" speed="2545" time="9020" acceleration="1203"/>
    <motionState vehicle="3" speed="2669" time="9020" acceleration="1202"/>
    <motionState vehicle="4" speed="10805" time="9020" acceleration="921"/>
    <motionState vehicle="5" speed="2787" time="9020" acceleration="766"/>
    <motionState vehicle="6" speed="2858" time="9020" acceleration="33"/>
    <motionState vehicle="7" speed="2854" time="9020" acceleration="-717"/>
    <motionState vehicle="8" speed="2775" time="9020" acceleration="-1197"/>
    <motionState vehicle="9" speed="2650" time="9020" acceleration="-1207"/>
    <motionState vehicle="10" speed="2529" time="9020" acceleration="-742"/>
    <motionState vehicle="11" speed="2458" time="9020" acceleration="6"/>
    <motionState vehicle="0" speed="2466" time="9030" acceleration="751"/>
    <motionState vehicle="1" speed="10321" time="9030" acceleration="5270"/>
    <motionState vehicle="2" speed="2546" time="9030" acceleration="1203"/>
    <motionState vehicle="3" speed="2670" time="9030" acceleration="1198"/>
    <motionState vehicle="4" speed="10806" time="9030" acceleration="908"/>
    <motionState vehicle="5" speed="2788" time="9030" acceleration="759"/>
    <motionState vehicle="6" speed="2858" time="9030" acceleration="26"/>
    <motionState vehicle="7" speed="2853" time="9030" acceleration="-722"/>
    <motionState vehicle="8" speed="2773" time="9030" acceleration="-1197"/>
    <motionState vehicle="9" speed="2649" time="9030" acceleration="-1203"/>
    <motionState vehicle="10" speed="2528" time="9030" acceleration="-735"/>
    <motionState vehicle="11" speed="2458" time="9030" acceleration="13"/>
    <motionState vehicle="0" speed="2467" time="9040" acceleration="755"/>
    <motionState vehicle="1" speed="10326" time="9040" acceleration="5227"/>
    <motionState vehicle="2" speed="2548" time="9040" acceleration="1204"/>
    <motionState vehicle="3" speed="2671" time="9040" acceleration="1194"/>
    <motionState vehicle="4" speed="10807" time="9040" acceleration="896"/>
    <motionState vehicle="5" speed="2789" time="9040" acceleration="752"/>
    <motionState vehicle="6" speed="2858" time="9040" acceleration="18"/>
    <motionState vehicle="7" speed="2852" time="9040" acceleration="-727"/>
    <motionState vehicle="8" speed="2772" time="9040" acceleration="-1198"/>
    <motionState vehicle="9" speed="2648" time="9040" acceleration="-1199"/>
    <motionState vehicle="10" speed="2527" time="9040" acceleration="-728"/>
    <motionState vehicle="11" speed="2458" time="9040" acceleration="21"/>
    <motionState vehicle="0" speed="2468" time="9050" acceleration="760"/>
    <motionState vehicle="1" speed="10331" time="9050" acceleration="5184"/>
    <motionState vehicle="2" speed="2549" time="9050" acceleration="1204"/>
    <motionState vehicle="3" speed="2672" time="9050" acceleration="1190"/>
    <motionState vehicle="4" speed="10807" time="9050" acceleration="883"/>
    <motionState vehicle="5" speed="2789" time="9050" acceleration="744"/>
    <motionState vehicle="6" speed="2858" time="9050" acceleration="11"/>
    <motionState vehicle="7" speed="2852" time="9050" acceleration="-732"/>
    <motionState vehicle="8" speed="2771" time="9050" acceleration="-1198"/>
    <motionState vehicle="9" speed="2646" time="9050" acceleration="-1195"/>
    <motionState vehicle="10" speed="2527" time="9050" acceleration="-720"/>
    <motionState vehicle="11" speed="2459" time="9050" acceleration="28"/>
    <motionState vehicle="0" speed="2468" time="9060" acceleration="764"/>
    <motionState vehicle="1" speed="10336" time="9060" acceleration="5141"/>
    <motionState vehicle="2" speed="2550" time="9060" acceleration="1204"/>
    <motionState vehicle="3" speed="2673" time="9060" acceleration="1186"/>
    <motionState vehicle="4" speed="10808" time="9060" acceleration="871"/>
    <motionState vehicle="5" speed="2790" time="9060" acceleration="737"/>
    <motionState vehicle="6" speed="2858" time="9060" acceleration="3"/>
    <motionState vehicle="7" speed="2851" time="9060" acceleration="-737"/>
    <motionState vehicle="8" speed="2770" time="9060" acceleration="-1199"/>
    <motionState vehicle="9" speed="2645" time="9060" acceleration="-1190"/>
    <motionState vehicle="10" speed="2526" time="9060" acceleration="-713"/>
    <motionState vehicle="11" speed="2459" time="9060" acceleration="35"/>
    <motionState vehicle="0" speed="2469" time="9070" acceleration="769"/>
    <motionState vehicle="1" speed="10342" time="9070" acceleration="5098"/>
    <motionState vehicle="2" speed="2551" time="9070" acceleration="1204"/>
    <motionState vehicle="3" speed="2675" time="9070" acceleration="1181"/>
    <motionState vehicle="4" speed="10809" time="9070" acceleration="859"/>
    <motionState vehicle="5" speed="2791" time="9070" acceleration="730"/>
    <motionState vehicle="6" speed="2858" time="9070" acceleration="-3"/>
    <motionState vehicle="7" speed="2850" time="9070" acceleration="-742"/>
    <motionState vehicle="8" speed="2769" time="9070" acceleration="-1199"/>
    <motionState vehicle="9" speed="2644" time="9070" acceleration="-1186"/>
    <motionState vehicle="10" speed="2525" time="9070" acceleration="-706"/>
    <motionState vehicle="11" speed="2459" time="9070" acceleration="42"/>
    <motionState vehicle="0" speed="2470" time="9080" acceleration="773"/>
    <motionState vehicle="1" speed="10347" time="9080" acceleration="5056"/>
    <motionState vehicle="2" speed="2553" time="9080" acceleration="1204"/>
    <motionState vehicle="3" speed="2676" time="9080" acceleration="1177"/>
    <motionState vehicle="4" speed="10810" time="9080" acceleration="847"/>
    <motionState vehicle="5" speed="2792" time="9080" acceleration="723"/>
    <motionState vehicle="6" speed="2858" time="9080" acceleration="-11"/>
    <motionState vehicle="7" speed="2850" time="9080" acceleration="-746"/>
    <motionState vehicle="8" speed="2767" time="9080" acceleration="-1199"/>
    <motionState vehicle="9" speed="2643" time="9080" acceleration="-1182"/>
    <motionState vehicle="10" speed="2524" time="9080" acceleration="-699"/>
    <motionState vehicle="11" speed="2459" time="9080" acceleration="50"/>
    <motionState vehicle="0" speed="2471" time="9090" acceleration="778"/>
    <motionState vehicle="1" speed="10352" time="9090" acceleration="5014"/>
    <motionState vehicle="2" speed="2554" time="9090" acceleration="1204"/>
    <motionState vehicle="3" speed="2677" time="9090" acceleration="1173"/>
    <motionState vehicle="4" speed="10811" time="9090" acceleration="836"/>
    <motionState vehicle="5" speed="2792" time="9090" acceleration="716"/>
    <motionState vehicle="6" speed="2858" time="9090" acceleration="-18"/>
    <motionState vehicle="7" speed="2849" time="9090" acceleration="-751"/>
    <motionState vehicle="8" speed="2766" time="9090" acceleration="-1200"/>
    <motionState vehicle="9" speed="2642" time="9090" acceleration="-1177"/>
    <motionState vehicle="10" speed="2524" time="9090" acceleration="-692"/>
    <motionState vehicle="11" speed="2459" time="9090" acceleration="57"/>
    <motionState vehicle="0" speed="2471" time="9100" acceleration="782"/>
    <motionState vehicle="1" speed="10357" time="9100" acceleration="4972"/>
    <motionState vehicle="2" speed="2555" time="9100" acceleration="1204"/>
    <motionState vehicle="3" speed="2678" time="9100" acceleration="1168"/>
    <motionState vehicle="4" speed="10812" time="9100" acceleration="824"/>
    <motionState vehicle="5" speed="2793" time="9100" acceleration="709"/>
    <motionState vehicle="6" speed="2858" time="9100" acceleration="-25"/>
    <motionState vehicle="7" speed="2848" time="9100" acceleration="-756"/>
    <motionState vehicle="8" speed="2765" time="9100" acceleration="-1200"/>
    <motionState vehicle="9" speed="2640" time="9100" acceleration="-1173"/>
    <motionState vehicle="10" speed="2523" time="9100" acceleration="-684"/>
    <motionState vehicle="11" speed="2459" time="9100" acceleration="64"/>
    <motionState vehicle="0" speed="2472" time="9110" acceleration="786"/>
    <motionState vehicle="1" speed="10362" time="9110" acceleration="4930"/>
    <motionState vehicle="2" speed="2556" time="9110" acceleration="1204"/>
    <motionState vehicle="3" speed="2679" time="9110" acceleration="1164"/>
    <motionState vehicle="4" speed="10812" time="9110" acceleration="813"/>
    <motionState vehicle="5" speed="2794" time="9110" acceleration="701"/>
    <motionState vehicle="6" speed="2858" time="9110" acceleration="-33"/>
    <motionState vehicle="7" speed="2847" time="9110" acceleration="-761"/>
    <motionState vehicle="8" speed="2764" time="9110" acceleration="-1200"/>
    <motionState vehicle="9" speed="2639" time="9110" acceleration="-1168"/>
    <motionState vehicle="10" speed="2522" time="9110" acceleration="-677"/>
    <motionState vehicle="11" speed="2459" time="9110" acceleration="71"/>
    <motionState vehicle="0" speed="2473" time="9120" acceleration="791"/>
    <motionState vehicle="1" speed="10366" time="9120" acceleration="4889"/>
    <motionState vehicle="2" speed="2557" time="9120" acceleration="1204"/>
    <motionState vehicle="3" speed="2680" time="9120" acceleration="1160"/>
    <motionState vehicle="4" speed="10813" time="9120" acceleration="802"/>
    <motionState vehicle="5" speed="2794" time="9120" acceleration="694"/>
    <motionState vehicle="6" speed="2858" time="9120" acceleration="-40"/>
    <motionState vehicle="7" speed="2846" time="9120" acceleration="-765"/>
    <motionState vehicle="8" speed="2763" time="9120" acceleration="-1200"/>
    <motionState vehicle="9" speed="2638" time="9120" acceleration="-1164"/>
    <motionState vehicle="10" speed="2522" time="9120" acceleration="-670"/>
    <motionState vehicle="11" speed="2459" time="9120" acceleration="78"/>
    <motionState vehicle="0" speed="2474" time="9130" acceleration="795"/>
    <motionState vehicle="1" speed="10371" time="9130" acceleration="4848"/>
    <motionState vehicle="2" speed="2559" time="9130" acceleration="1204"/>
    <motionState vehicle="3" speed="2682" time="9130" acceleration="1155"/>
    <motionState vehicle="4" speed="10814" time="9130" acceleration="791"/>
    <motionState vehicle="5" speed="2795" time="9130" acceleration="687"/>
    <motionState vehicle="6" speed="2858" time="9130" acceleration="-47"/>
    <motionState vehicle="7" speed="2846" time="9130" acceleration="-770"/>
    <motionState vehicle="8" speed="2761" time="9130" acceleration="-1200"/>
    <motionState vehicle="9" speed="2637" time="9130" acceleration="-1159"/>
    <motionState vehicle="10" speed="2521" time="9130" acceleration="-663"/>
    <motionState vehicle="11" speed="2459" time="9130" acceleration="85"/>
    <motionState vehicle="0" speed="2475" time="9140" acceleration="799"/>
    <motionState vehicle="1" speed="10376" time="9140" acceleration="4807"/>
    <motionState vehicle="2" speed="2560" time="9140" acceleration="1203"/>
    <motionState vehicle="3" speed="2683" time="9140" acceleration="1151"/>
    <motionState vehicle="4" speed="10815" time="9140" acceleration="781"/>
    <motionState vehicle="5" speed="2796" time="9140" acceleration="680"/>
    <motionState vehicle="6" speed="2858" time="9140" acceleration="-55"/>
    <motionState vehicle="7" speed="2845" time="9140" acceleration="-774"/>
    <motionState vehicle="8" speed="2760" time="9140" acceleration="-1200"/>
    <motionState vehicle="9" speed="2636" time="9140" acceleration="-1155"/>
    <motionState vehicle="10" speed="2520" time="9140" acceleration="-656"/>
    <motionState vehicle="11" speed="2459" time="9140" acceleration="92"/>
    <motionState vehicle="0" speed="2475" time="9150" acceleration="803"/>
    <motionState vehicle="1" speed="10381" time="9150" acceleration="4767"/>
    <motionState vehicle="2" speed="2561" time="9150" acceleration="1203"/>
    <motionState vehicle="3" speed="2684" time="9150" acceleration="1146"/>
    <motionState vehicle="4" speed="10816" time="9150" acceleration="770"/>
    <motionState vehicle="5" speed="2796" time="9150" acceleration="673"/>
    <motionState vehicle="6" speed="2858" time="9150" acceleration="-62"/>
    <motionState vehicle="7" speed="2844" time="9150" acceleration="-779"/>
    <motionState vehicle="8" speed="2759" time="9150" acceleration="-1200"/>
    <motionState vehicle="9" speed="2635" time="9150" acceleration="-1150"/>
    <motionState vehicle="10" speed="2520" time="9150" acceleration="-648"/>
    <motionState vehicle="11" speed="2459" time="9150" acceleration="99"/>
    <motionState vehicle="0" speed="2476" time="9160" acceleration="807"/>
    <motionState vehicle="1" speed="10386" time="9160" acceleration="4727"/>
    <motionState vehicle="2" speed="2562" time="9160" acceleration="1203"/>
    <motionState vehicle="3" speed="2685" time="9160" acceleration="1142"/>
    <motionState vehicle="4" speed="10816" time="9160" acceleration="760"/>
    <motionState vehicle="5" speed="2797" time="9160" acceleration="665"/>
    <motionState vehicle="6" speed="2858" time="9160" acceleration="-69"/>
    <motionState vehicle="7" speed="2843" time="9160" acceleration="-783"/>
    <motionState vehicle="8" speed="2758" time="9160" acceleration="-1200"/>
    <motionState vehicle="9" speed="2633" time="9160" acceleration="-1146"/>
    <motionState vehicle="10" speed="2519" time="9160" acceleration="-641"/>
    <motionState vehicle="11" speed="2459" time="9160" acceleration="106"/>
    <motionState vehicle="0" speed="2477" time="9170" acceleration="811"/>
    <motionState vehicle="1" speed="10390" time="9170" acceleration="4687"/>
    <motionState vehicle="2" speed="2563" time="9170" acceleration="1203"/>
    <motionState vehicle="3" speed="2686" time="9170" acceleration="1137"/>
    <motionState vehicle="4" speed="10817" time="9170" acceleration="750"/>
    <motionState vehicle="5" speed="2798" time="9170" acceleration="658"/>
    <motionState vehicle="6" speed="2858" time="9170" acceleration="-76"/>
    <motionState vehicle="7" speed="2843" time="9170" acceleration="-788"/>
    <motionState vehicle="8" speed="2757" time="9170" acceleration="-1200"/>
    <motionState vehicle="9" speed="2632" time="9170" acceleration="-1141"/>
    <motionState vehicle="10" speed="2518" time="9170" acceleration="-634"/>
    <motionState vehicle="11" speed="2459" time="9170" acceleration="113"/>
    <motionState vehicle="0" speed="2478" time="9180" acceleration="815"/>
    <motionState vehicle="1" speed="10395" time="9180" acceleration="4647"/>
    <motionState vehicle="2" speed="2565" time="9180" acceleration="1202"/>
    <motionState vehicle="3" speed="2687" time="9180" acceleration="1133"/>
    <motionState vehicle="4" speed="10818" time="9180" acceleration="740"/>
    <motionState vehicle="5" speed="2798" time="9180" acceleration="651"/>
    <motionState vehicle="6" speed="2858" time="9180" acceleration="-83"/>
    <motionState vehicle="7" speed="2842" time="9180" acceleration="-792"/>
    <motionState vehicle="8" speed="2755" time="9180" acceleration="-1200"/>
    <motionState vehicle="9" speed="2631" time="9180" acceleration="-1136"/>
    <motionState vehicle="10" speed="2518" time="9180" acceleration="-627"/>
    <motionState vehicle="11" speed="2460" time="9180" acceleration="120"/>
    <motionState vehicle="0" speed="2479" time="9190" acceleration="819"/>
    <motionState vehicle="1" speed="10400" time="9190" acceleration="4608"/>
    <motionState vehicle="2" speed="2566" time="9190" acceleration="1202"/>
    <motionState vehicle="3" speed="2688" time="9190" acceleration="1128"/>
    <motionState vehicle="4" speed="10819" time="9190" acceleration="731"/>
    <motionState vehicle="5" speed="2799" time="9190" acceleration="644"/>
    <motionState vehicle="6" speed="2858" time="9190" acceleration="-90"/>
    <motionState vehicle="7" speed="2841" time="9190" acceleration="-797"/>
    <motionState vehicle="8" speed="2754" time="9190" acceleration="-1200"/>
    <motionState vehicle="9" speed="2630" time="9190" acceleration="-1132"/>
    <motionState vehicle="10" speed="2517" time="9190" acceleration="-620"/>
    <motionState vehicle="11" speed="2460" time="9190" acceleration="127"/>
    <motionState vehicle="0" speed="2480" time="9200" acceleration="823"/>
    <motionState vehicle="1" speed="10404" time="9200" acceleration="4569"/>
    <motionState vehicle="2" speed="2567" time="9200" acceleration="1201"/>
    <motionState vehicle="3" speed="2689" time="9200" acceleration="1124"/>
    <motionState vehicle="4" speed="10819" time="9200" acceleration="721"/>
    <motionState vehicle="5" speed="2800" time="9200" acceleration="637"/>
    <motionState vehicle="6" speed="2858" time="9200" acceleration="-98"/>
    <motionState vehicle="7" speed="2840" time="9200" acceleration="-801"/>
    <motionState vehicle="8" speed="2753" time="9200" acceleration="-1199"/>
    <motionState vehicle="9" speed="2629" time="9200" acceleration="-1127"/>
    <motionState vehicle="10" speed="2517" time="9200" acceleration="-612"/>
    <motionState vehicle="11" speed="2460" time="9200" acceleration="134"/>
    <motionState vehicle="0" speed="2480" time="9210" acceleration="827"/>
    <motionState vehicle="1" speed="10409" time="9210" acceleration="4530"/>
    <motionState vehicle="2" speed="2568" time="9210" acceleration="1201"/>
    <motionState vehicle="3" speed="2691" time="9210" acceleration="1119"/>
    <motionState vehicle="4" speed="10820" time="9210" acceleration="712"/>
    <motionState vehicle="5" speed="2800" time="9210" acceleration="629"/>
    <motionState vehicle="6" speed="2858" time="9210" acceleration="-105"/>
    <motionState vehicle="7" speed="2839" time="9210" acceleration="-805"/>
    <motionState vehicle="8" speed="2752" time="9210" acceleration="-1199"/>
    <motionState vehicle="9" speed="2628" time="9210" acceleration="-1122"/>
    <motionState vehicle="10" speed="2516" time="9210" acceleration="-605"/>
    <motionState vehicle="11" speed="2460" time="9210" acceleration="141"/>
    <motionState vehicle="0" speed="2481" time="9220" acceleration="831"/>
    <motionState vehicle="1" speed="10413" time="9220" acceleration="4492"/>
    <motionState vehicle="2" speed="2569" time="9220" acceleration="1200"/>
    <motionState vehicle="3" speed="2692" time="9220" acceleration="1114"/>
    <motionState vehicle="4" speed="10821" time="9220" acceleration="703"/>
    <motionState vehicle="5" speed="2801" time="9220" acceleration="622"/>
    <motionState vehicle="6" speed="2857" time="9220" acceleration="-112"/>
    <motionState vehicle="7" speed="2839" time="9220" acceleration="-809"/>
    <motionState vehicle="8" speed="2751" time="9220" acceleration="-1199"/>
    <motionState vehicle="9" speed="2627" time="9220" acceleration="-1118"/>
    <motionState vehicle="10" speed="2515" time="9220" acceleration="-598"/>
    <motionState vehicle="11" speed="2460" time="9220" acceleration="147"/>
    <motionState vehicle="0" speed="2482" time="9230" acceleration="835"/>
    <motionState vehicle="1" speed="10418" time="9230" acceleration="4453"/>
    <motionState vehicle="2" speed="2571" time="9230" acceleration="1200"/>
    <motionState vehicle="3" speed="2693" time="9230" acceleration="1110"/>
    <motionState vehicle="4" speed="10821" time="9230" acceleration="694"/>
    <motionState vehicle="5" speed="2802" time="9230" acceleration="615"/>
    <motionState vehicle="6" speed="2857" time="9230" acceleration="-119"/>
    <motionState vehicle="7" speed="2838" time="9230" acceleration="-814"/>
    <motionState vehicle="8" speed="2749" time="9230" acceleration="-1198"/>
    <motionState vehicle="9" speed="2626" time="9230" acceleration="-1113"/>
    <motionState vehicle="10" speed="2515" time="9230" acceleration="-591"/>
    <motionState vehicle="11" speed="2460" time="9230" acceleration="154"/>
    <motionState vehicle="0" speed="2483" time="9240" acceleration="839"/>
    <motionState vehicle="1" speed="10422" time="9240" acceleration="4416"/>
    <motionState vehicle="2" speed="2572" time="9240" acceleration="1199"/>
    <motionState vehicle="3" speed="2694" time="9240" acceleration="1105"/>
    <motionState vehicle="4" speed="10822" time="9240" acceleration="685"/>
    <motionState vehicle="5" speed="2802" time="9240" acceleration="608"/>
    <motionState vehicle="6" speed="2857" time="9240" acceleration="-126"/>
    <motionState vehicle="7" speed="2837" time="9240" acceleration="-818"/>
    <motionState vehicle="8" speed="2748" time="9240" acceleration="-1198"/>
    <motionState vehicle="9" speed="2624" time="9240" acceleration="-1108"/>
    <motionState vehicle="10" speed="2514" time="9240" acceleration="-584"/>
    <motionState vehicle="11" speed="2460" time="9240" acceleration="161"/>
    <motionState vehicle="0" speed="2484" time="9250" acceleration="842"/>
    <motionState vehicle="1" speed="10426" time="9250" acceleration="4378"/>
    <motionState vehicle="2" speed="2573" time="9250" acceleration="1199"/>
    <motionState vehicle="3" speed="2695" time="9250" acceleration="1100"/>
    <motionState vehicle="4" speed="10823" time="9250" acceleration="676"/>
    <motionState vehicle="5" speed="2803" time="9250" acceleration="601"/>
    <motionState vehicle="6" speed="2857" time="9250" acceleration="-133"/>
    <motionState vehicle="7" speed="2836" time="9250" acceleration="-822"/>
    <motionState vehicle="8" speed="2747" time="9250" acceleration="-1198"/>
    <motionState vehicle="9" speed="2623" time="9250" acceleration="-1103"/>
    <motionState vehicle="10" speed="2514" time="9250" acceleration="-576"/>
    <motionState vehicle="11" speed="2461" time="9250" acceleration="168"/>
    <motionState vehicle="0" speed="2485" time="9260" acceleration="846"/>
    <motionState vehicle="1" speed="10431" time="9260" acceleration="4340"/>
    <motionState vehicle="2" speed="2574" time="9260" acceleration="1198"/>
    <motionState vehicle="3" speed="2696" time="9260" acceleration="1096"/>
    <motionState vehicle="4" speed="10823" time="9260" acceleration="668"/>
    <motionState vehicle="5" speed="2803" time="9260" acceleration="593"/>
    <motionState vehicle="6" speed="2857" time="9260" acceleration="-140"/>
    <motionState vehicle="7" speed="2835" time="9260" acceleration="-826"/>
    <motionState vehicle="8" speed="2746" time="9260" acceleration="-1197"/>
    <motionState vehicle="9" speed="2622" time="9260" acceleration="-1098"/>
    <motionState vehicle="10" speed="2513" time="9260" acceleration="-569"/>
    <motionState vehicle="11" speed="2461" time="9260" acceleration="174"/>
    <motionState vehicle="0" speed="2485" time="9270" acceleration="850"/>
    <motionState vehicle="1" speed="10435" time="9270" acceleration="4303"/>
    <motionState vehicle="2" speed="2575" time="9270" acceleration="1197"/>
    <motionState vehicle="3" speed="2697" time="9270" acceleration="1091"/>
    <motionState vehicle="4" speed="10824" time="9270" acceleration="659"/>
    <motionState vehicle="5" speed="2804" time="9270" acceleration="586"/>
    <motionState vehicle="6" speed="2857" time="9270" acceleration="-147"/>
    <motionState vehicle="7" speed="2834" time="9270" acceleration="-830"/>
    <motionState vehicle="8" speed="2745" time="9270" acceleration="-1196"/>
    <motionState vehicle="9" speed="2621" time="9270" acceleration="-1093"/>
    <motionState vehicle="10" speed="2512" time="9270" acceleration="-562"/>
    <motionState vehicle="11" speed="2461" time="9270" acceleration="181"/>
    <motionState vehicle="0" speed="2486" time="9280" acceleration="853"/>
    <motionState vehicle="1" speed="10439" time="9280" acceleration="4266"/>
    <motionState vehicle="2" speed="2577" time="9280" acceleration="1196"/>
    <motionState vehicle="3" speed="2698" time="9280" acceleration="1086"/>
    <motionState vehicle="4" speed="10825" time="9280" acceleration="651"/>
    <motionState vehicle="5" speed="2805" time="9280" acceleration="579"/>
    <motionState vehicle="6" speed="2857" time="9280" acceleration="-153"/>
    <motionState vehicle="7" speed="2834" time="9280" acceleration="-834"/>
    <motionState vehicle="8" speed="2743" time="9280" acceleration="-1196"/>
    <motionState vehicle="9" speed="2620" time="9280" acceleration="-1089"/>
    <motionState vehicle="10" speed="2512" time="9280" acceleration="-555"/>
    <motionState vehicle="11" speed="2461" time="9280" acceleration="188"/>
    <motionState vehicle="0" speed="2487" time="9290" acceleration="857"/>
    <motionState vehicle="1" speed="10443" time="9290" acceleration="4230"/>
    <motionState vehicle="2" speed="2578" time="9290" acceleration="1196"/>
    <motionState vehicle="3" speed="2699" time="9290" acceleration="1081"/>
    <motionState vehicle="4" speed="10825" time="9290" acceleration="643"/>
    <motionState vehicle="5" speed="2805" time="9290" acceleration="572"/>
    <motionState vehicle="6" speed="2856" time="9290" acceleration="-160"/>
    <motionState vehicle="7" speed="2833" time="9290" acceleration="-838"/>
    <motionState vehicle="8" speed="2742" time="9290" acceleration="-1195"/>
    <motionState vehicle="9" speed="2619" time="9290" acceleration="-1084"/>
    <motionState vehicle="10" speed="2511" time="9290" acceleration="-548"/>
    <motionState vehicle="11" speed="2461" time="9290" acceleration="194"/>
    <motionState vehicle="0" speed="2488" time="9300" acceleration="861"/>
    <motionState vehicle="1" speed="10448" time="9300" acceleration="4193"/>
    <motionState vehicle="2" speed="2579" time="9300" acceleration="1195"/>
    <motionState vehicle="3" speed="2700" time="9300" acceleration="1076"/>
    <motionState vehicle="4" speed="10826" time="9300" acceleration="635"/>
    <motionState vehicle="5" speed="2806" time="9300" acceleration="565"/>
    <motionState vehicle="6" speed="2856" time="9300" acceleration="-167"/>
    <motionState vehicle="7" speed="2832" time="9300" acceleration="-842"/>
    <motionState vehicle="8" speed="2741" time="9300" acceleration="-1195"/>
    <motionState vehicle="9" speed="2618" time="9300" acceleration="-1079"/>
    <motionState vehicle="10" speed="2511" time="9300" acceleration="-540"/>
    <motionState vehicle="11" speed="2461" time="9300" acceleration="201"/>
    <motionState vehicle="0" speed="2489" time="9310" acceleration="864"/>
    <motionState vehicle="1" speed="10452" time="9310" acceleration="4157"/>
    <motionState vehicle="2" speed="2580" time="9310" acceleration="1194"/>
    <motionState vehicle="3" speed="2702" time="9310" acceleration="1071"/>
    <motionState vehicle="4" speed="10827" time="9310" acceleration="627"/>
    <motionState vehicle="5" speed="2806" time="9310" acceleration="557"/>
    <motionState vehicle="6" speed="2856" time="9310" acceleration="-174"/>
    <motionState vehicle="7" speed="2831" time="9310" acceleration="-845"/>
    <motionState vehicle="8" speed="2740" time="9310" acceleration="-1194"/>
    <motionState vehicle="9" speed="2617" time="9310" acceleration="-1074"/>
    <motionState vehicle="10" speed="2510" time="9310" acceleration="-533"/>
    <motionState vehicle="11" speed="2462" time="9310" acceleration="208"/>
    <motionState vehicle="0" speed="2490" time="9320" acceleration="867"/>
    <motionState vehicle="1" speed="10456" time="9320" acceleration="4122"/>
    <motionState vehicle="2" speed="2581" time="9320" acceleration="1193"/>
    <motionState vehicle="3" speed="2703" time="9320" acceleration="1067"/>
    <motionState vehicle="4" speed="10827" time="9320" acceleration="619"/>
    <motionState vehicle="5" speed="2807" time="9320" acceleration="550"/>
    <motionState vehicle="6" speed="2856" time="9320" acceleration="-181"/>
    <motionState vehicle="7" speed="2830" time="9320" acceleration="-849"/>
    <motionState vehicle="8" speed="2739" time="9320" acceleration="-1193"/>
    <motionState vehicle="9" speed="2616" time="9320" acceleration="-1069"/>
    <motionState vehicle="10" speed="2510" time="9320" acceleration="-526"/>
    <motionState vehicle="11" speed="2462" time="9320" acceleration="214"/>
    <motionState vehicle="0" speed="2491" time="9330" acceleration="871"/>
    <motionState vehicle="1" speed="10460" time="9330" acceleration="4086"/>
    <motionState vehicle="2" speed="2583" time="9330" acceleration="1192"/>
    <motionState vehicle="3" speed="2704" time="9330" acceleration="1062"/>
    <motionState vehicle="4" speed="10828" time="9330" acceleration="612"/>
    <motionState vehicle="5" speed="2807" time="9330" acceleration="543"/>
    <motionState vehicle="6" speed="2856" time="9330" acceleration="-188"/>
    <motionState vehicle="7" speed="2829" time="9330" acceleration="-853"/>
    <motionState vehicle="8" speed="2737" time="9330" acceleration="-1192"/>
    <motionState vehicle="9" speed="2615" time="9330" acceleration="-1064"/>
    <motionState vehicle="10" speed="2509" time="9330" acceleration="-519"/>
    <motionState vehicle="11" speed="2462" time="9330" acceleration="221"/>
    <motionState vehicle="0" speed="2491" time="9340" acceleration="874"/>
    <motionState vehicle="1" speed="10464" time="9340" acceleration="4051"/>
    <motionState vehicle="2" speed="2584" time="9340" acceleration="1191"/>
    <motionState vehicle="3" speed="2705" time="9340" acceleration="1057"/>
    <motionState vehicle="4" speed="10828" time="9340" acceleration="604"/>
    <motionState vehicle="5" speed="2808" time="9340" acceleration="536"/>
    <motionState vehicle="6" speed="2856" time="9340" acceleration="-194"/>
    <motionState vehicle="7" speed="2829" time="9340" acceleration="-857"/>
    <motionState vehicle="8" speed="2736" time="9340" acceleration="-1191"/>
    <motionState vehicle="9" speed="2614" time="9340" acceleration="-1059"/>
    <motionState vehicle="10" speed="2509" time="9340" acceleration="-512"/>
    <motionState vehicle="11" speed="2462" time="9340" acceleration="227"/>
    <motionState vehicle="0" speed="2492" time="9350" acceleration="878"/>
    <motionState vehicle="1" speed="10468" time="9350" acceleration="4016"/>
    <motionState vehicle="2" speed="2585" time="9350" acceleration="1190"/>
    <motionState vehicle="3" speed="2706" time="9350" acceleration="1052"/>
    <motionState vehicle="4" speed="10829" time="9350" acceleration="597"/>
    <motionState vehicle="5" speed="2808" time="9350" acceleration="529"/>
    <motionState vehicle="6" speed="2855" time="9350" acceleration="-201"/>
    <motionState vehicle="7" speed="2828" time="9350" acceleration="-860"/>
    <motionState vehicle="8" speed="2735" time="9350" acceleration="-1190"/>
    <motionState vehicle="9" speed="2613" time="9350" acceleration="-1054"/>
    <motionState vehicle="10" speed="2508" time="9350" acceleration="-504"/>
    <motionState vehicle="11" speed="2463" time="9350" acceleration="234"/>
    <motionState vehicle="0" speed="2493" time="9360" acceleration="881"/>
    <motionState vehicle="1" speed="10472" time="9360" acceleration="3981"/>
    <motionState vehicle="2" speed="2586" time="9360" acceleration="1189"/>
    <motionState vehicle="3" speed="2707" time="9360" acceleration="1047"/>
    <motionState vehicle="4" speed="10830" time="9360" acceleration="590"/>
    <motionState vehicle="5" speed="2809" time="9360" acceleration="521"/>
    <motionState vehicle="6" speed="2855" time="9360" acceleration="-208"/>
    <motionState vehicle="7" speed="2827" time="9360" acceleration="-864"/>
    <motionState vehicle="8" speed="2734" time="9360" acceleration="-1189"/>
    <motionState vehicle="9" speed="2612" time="9360" acceleration="-1048"/>
    <motionState vehicle="10" speed="2508" time="9360" acceleration="-497"/>
    <motionState vehicle="11" speed="2463" time="9360" acceleration="240"/>
    <motionState vehicle="0" speed="2494" time="9370" acceleration="884"/>
    <motionState vehicle="1" speed="10476" time="9370" acceleration="3946"/>
    <motionState vehicle="2" speed="2587" time="9370" acceleration="1188"/>
    <motionState vehicle="3" speed="2708" time="9370" acceleration="1042"/>
    <motionState vehicle="4" speed="10830" time="9370" acceleration="583"/>
    <motionState vehicle="5" speed="2809" time="9370" acceleration="514"/>
    <motionState vehicle="6" speed="2855" time="9370" acceleration="-214"/>
    <motionState vehicle="7" speed="2826" time="9370" acceleration="-867"/>
    <motionState vehicle="8" speed="2733" time="9370" acceleration="-1189"/>
    <motionState vehicle="9" speed="2610" time="9370" acceleration="-1043"/>
    <motionState vehicle="10" speed="2507" time="9370" acceleration="-490"/>
    <motionState vehicle="11" speed="2463" time="9370" acceleration="246"/>
    <motionState vehicle="0" speed="2495" time="9380" acceleration="887"/>
    <motionState vehicle="1" speed="10480" time="9380" acceleration="3912"/>
    <motionState vehicle="2" speed="2588" time="9380" acceleration="1186"/>
    <motionState vehicle="3" speed="2709" time="9380" acceleration="1037"/>
    <motionState vehicle="4" speed="10831" time="9380" acceleration="576"/>
    <motionState vehicle="5" speed="2810" time="9380" acceleration="507"/>
    <motionState vehicle="6" speed="2855" time="9380" acceleration="-221"/>
    <motionState vehicle="7" speed="2825" time="9380" acceleration="-871"/>
    <motionState vehicle="8" speed="2731" time="9380" acceleration="-1187"/>
    <motionState vehicle="9" speed="2609" time="9380" acceleration="-1038"/>
    <motionState vehicle="10" speed="2507" time="9380" acceleration="-483"/>
    <motionState vehicle="11" speed="2463" time="9380" acceleration="253"/>
    <motionState vehicle="0" speed="2496" time="9390" acceleration="890"/>
    <motionState vehicle="1" speed="10484" time="9390" acceleration="3878"/>
    <motionState vehicle="2" speed="2590" time="9390" acceleration="1185"/>
    <motionState vehicle="3" speed="2710" time="9390" acceleration="1032"/>
    <motionState vehicle="4" speed="10831" time="9390" acceleration="569"/>
    <motionState vehicle="5" speed="2810" time="9390" acceleration="500"/>
    <motionState vehicle="6" speed="2854" time="9390" acceleration="-227"/>
    <motionState vehicle="7" speed="2824" time="9390" acceleration="-874"/>
    <motionState vehicle="8" speed="2730" time="9390" acceleration="-1186"/>
    <motionState vehicle="9" speed="2608" time="9390" acceleration="-1033"/>
    <motionState vehicle="10" speed="2506" time="9390" acceleration="-476"/>
    <motionState vehicle="11" speed="2464" time="9390" acceleration="259"/>
    <motionState vehicle="0" speed="2497" time="9400" acceleration="893"/>
    <motionState vehicle="1" speed="10488" time="9400" acceleration="3844"/>
    <motionState vehicle="2" speed="2591" time="9400" acceleration="1184"/>
    <motionState vehicle="3" speed="2711" time="9400" acceleration="1027"/>
    <motionState vehicle="4" speed="10832" time="9400" acceleration="563"/>
    <motionState vehicle="5" speed="2811" time="9400" acceleration="493"/>
    <motionState vehicle="6" speed="2854" time="9400" acceleration="-234"/>
    <motionState vehicle="7" speed="2823" time="9400" acceleration="-878"/>
    <motionState vehicle="8" speed="2729" time="9400" acceleration="-1185"/>
    <motionState vehicle="9" speed="2607" time="9400" acceleration="-1028"/>
    <motionState vehicle="10" speed="2506" time="9400" acceleration="-469"/>
    <motionState vehicle="11" speed="2464" time="9400" acceleration="265"/>
    <motionState vehicle="0" speed="2498" time="9410" acceleration="897"/>
    <motionState vehicle="1" speed="10491" time="9410" acceleration="3811"/>
    <motionState vehicle="2" speed="2592" time="9410" acceleration="1183"/>
    <motionState vehicle="3" speed="2712" time="9410" acceleration="1021"/>
    <motionState vehicle="4" speed="10833" time="9410" acceleration="556"/>
    <motionState vehicle="5" speed="2811" time="9410" acceleration="486"/>
    <motionState vehicle="6" speed="2854" time="9410" acceleration="-241"/>
    <motionState vehicle="7" speed="2822" time="9410" acceleration="-881"/>
    <motionState vehicle="8" speed="2728" time="9410" acceleration="-1184"/>
    <motionState vehicle="9" speed="2606" time="9410" acceleration="-1023"/>
    <motionState vehicle="10" speed="2505" time="9410" acceleration="-462"/>
    <motionState vehicle="11" speed="2464" time="9410" acceleration="272"/>
    <motionState vehicle="0" speed="2499" time="9420" acceleration="900"/>
    <motionState vehicle="1" speed="10495" time="9420" acceleration="3778"/>
    <motionState vehicle="2" speed="2593" time="9420" acceleration="1181"/>
    <motionState vehicle="3" speed="2713" time="9420" acceleration="1016"/>
    <motionState vehicle="4" speed="10833" time="9420" acceleration="549"/>
    <motionState vehicle="5" speed="2812" time="9420" acceleration="478"/>
    <motionState vehicle="6" speed="2854" time="9420" acceleration="-247"/>
    <motionState vehicle="7" speed="2822" time="9420" acceleration="-884"/>
    <motionState vehicle="8" speed="2727" time="9420" acceleration="-1183"/>
    <motionState vehicle="9" speed="2605" time="9420" acceleration="-1017"/>
    <motionState vehicle="10" speed="2505" time="9420" acceleration="-454"/>
    <motionState vehicle="11" speed="2464" time="9420" acceleration="278"/>
    <motionState vehicle="0" speed="2499" time="9430" acceleration="903"/>
    <motionState vehicle="1" speed="10499" time="9430" acceleration="3745"/>
    <motionState vehicle="2" speed="2594" time="9430" acceleration="1180"/>
    <motionState vehicle="3" speed="2714" time="9430" acceleration="1011"/>
    <motionState vehicle="4" speed="10834" time="9430" acceleration="543"/>
    <motionState vehicle="5" speed="2812" time="9430" acceleration="471"/>
    <motionState vehicle="6" speed="2853" time="9430" acceleration="-253"/>
    <motionState vehicle="7" speed="2821" time="9430" acceleration="-888"/>
    <motionState vehicle="8" speed="2726" time="9430" acceleration="-1182"/>
    <motionState vehicle="9" speed="2604" time="9430" acceleration="-1012"/>
    <motionState vehicle="10" speed="2504" time="9430" acceleration="-447"/>
    <motionState vehicle="11" speed="2465" time="9430" acceleration="284"/>
    <motionState vehicle="0" speed="2500" time="9440" acceleration="906"/>
    <motionState vehicle="1" speed="10503" time="9440" acceleration="3712"/>
    <motionState vehicle="2" speed="2596" time="9440" acceleration="1179"/>
    <motionState vehicle="3" speed="2715" time="9440" acceleration="1006"/>
    <motionState vehicle="4" speed="10834" time="9440" acceleration="537"/>
    <motionState vehicle="5" speed="2813" time="9440" acceleration="464"/>
    <motionState vehicle="6" speed="2853" time="9440" acceleration="-260"/>
    <motionState vehicle="7" speed="2820" time="9440" acceleration="-891"/>
    <motionState vehicle="8" speed="2724" time="9440" acceleration="-1180"/>
    <motionState vehicle="9" speed="2603" time="9440" acceleration="-1007"/>
    <motionState vehicle="10" speed="2504" time="9440" acceleration="-440"/>
    <motionState vehicle="11" speed="2465" time="9440" acceleration="290"/>
    <motionState vehicle="0" speed="2501" time="9450" acceleration="908"/>
    <motionState vehicle="1" speed="10506" time="9450" acceleration="3680"/>
    <motionState vehicle="2" speed="2597" time="9450" acceleration="1177"/>
    <motionState vehicle="3" speed="2716" time="9450" acceleration="1001"/>
    <motionState vehicle="4" speed="10835" time="9450" acceleration="531"/>
    <motionState vehicle="5" speed="2813" time="9450" acceleration="457"/>
    <motionState vehicle="6" speed="2853" time="9450" acceleration="-266"/>
    <motionState vehicle="7" speed="2819" time="9450" acceleration="-894"/>
    <motionState vehicle="8" speed="2723" time="9450" acceleration="-1179"/>
    <motionState vehicle="9" speed="2602" time="9450" acceleration="-1002"/>
    <motionState vehicle="10" speed="2504" time="9450" acceleration="-433"/>
    <motionState vehicle="11" speed="2465" time="9450" acceleration="297"/>
    <motionState vehicle="0" speed="2502" time="9460" acceleration="911"/>
    <motionState vehicle="1" speed="10510" time="9460" acceleration="3647"/>
    <motionState vehicle="2" speed="2598" time="9460" acceleration="1176"/>
    <motionState vehicle="3" speed="2717" time="9460" acceleration="996"/>
    <motionState vehicle="4" speed="10835" time="9460" acceleration="525"/>
    <motionState vehicle="5" speed="2814" time="9460" acceleration="450"/>
    <motionState vehicle="6" speed="2853" time="9460" acceleration="-273"/>
    <motionState vehicle="7" speed="2818" time="9460" acceleration="-897"/>
    <motionState vehicle="8" speed="2722" time="9460" acceleration="-1178"/>
    <motionState vehicle="9" speed="2601" time="9460" acceleration="-996"/>
    <motionState vehicle="10" speed="2503" time="9460" acceleration="-426"/>
    <motionState vehicle="11" speed="2466" time="9460" acceleration="303"/>
    <motionState vehicle="0" speed="2503" time="9470" acceleration="914"/>
    <motionState vehicle="1" speed="10514" time="9470" acceleration="3615"/>
    <motionState vehicle="2" speed="2599" time="9470" acceleration="1174"/>
    <motionState vehicle="3" speed="2718" time="9470" acceleration="990"/>
    <motionState vehicle="4" speed="10836" time="9470" acceleration="519"/>
    <motionState vehicle="5" speed="2814" time="9470" acceleration="443"/>
    <motionState vehicle="6" speed="2852" time="9470" acceleration="-279"/>
    <motionState vehicle="7" speed="2817" time="9470" acceleration="-900"/>
    <motionState vehicle="8" speed="2721" time="9470" acceleration="-1176"/>
    <motionState vehicle="9" speed="2600" time="9470" acceleration="-991"/>
    <motionState vehicle="10" speed="2503" time="9470" acceleration="-419"/>
    <motionState vehicle="11" speed="2466" time="9470" acceleration="309"/>
    <motionState vehicle="0" speed="2504" time="9480" acceleration="917"/>
    <motionState vehicle="1" speed="10517" time="9480" acceleration="3584"/>
    <motionState vehicle="2" speed="2600" time="9480" acceleration="1173"/>
    <motionState vehicle="3" speed="2719" time="9480" acceleration="985"/>
    <motionState vehicle="4" speed="10836" time="9480" acceleration="513"/>
    <motionState vehicle="5" speed="2815" time="9480" acceleration="436"/>
    <motionState vehicle="6" speed="2852" time="9480" acceleration="-285"/>
    <motionState vehicle="7" speed="2816" time="9480" acceleration="-904"/>
    <motionState vehicle="8" speed="2720" time="9480" acceleration="-1175"/>
    <motionState vehicle="9" speed="2599" time="9480" acceleration="-986"/>
    <motionState vehicle="10" speed="2502" time="9480" acceleration="-412"/>
    <motionState vehicle="11" speed="2466" time="9480" acceleration="315"/>
    <motionState vehicle="0" speed="2505" time="9490" acceleration="920"/>
    <motionState vehicle="1" speed="10521" time="9490" acceleration="3552"/>
    <motionState vehicle="2" speed="2601" time="9490" acceleration="1171"/>
    <motionState vehicle="3" speed="2720" time="9490" acceleration="980"/>
    <motionState vehicle="4" speed="10837" time="9490" acceleration="507"/>
    <motionState vehicle="5" speed="2815" time="9490" acceleration="428"/>
    <motionState vehicle="6" speed="2852" time="9490" acceleration="-292"/>
    <motionState vehicle="7" speed="2815" time="9490" acceleration="-907"/>
    <motionState vehicle="8" speed="2718" time="9490" acceleration="-1173"/>
    <motionState vehicle="9" speed="2598" time="9490" acceleration="-980"/>
    <motionState vehicle="10" speed="2502" time="9490" acceleration="-405"/>
    <motionState vehicle="11" speed="2467" time="9490" acceleration="321"/>
    <motionState vehicle="0" speed="2506" time="9500" acceleration="922"/>
    <motionState vehicle="1" speed="10524" time="9500" acceleration="3521"/>
    <motionState vehicle="2" speed="2603" time="9500" acceleration="1170"/>
    <motionState vehicle="3" speed="2721" time="9500" acceleration="975"/>
    <motionState vehicle="4" speed="10837" time="9500" acceleration="501"/>
    <motionState vehicle="5" speed="2815" time="9500" acceleration="421"/>
    <motionState vehicle="6" speed="2851" time="9500" acceleration="-298"/>
    <motionState vehicle="7" speed="2814" time="9500" acceleration="-910"/>
    <motionState vehicle="8" speed="2717" time="9500" acceleration="-1172"/>
    <motionState vehicle="9" speed="2597" time="9500" acceleration="-975"/>
    <motionState vehicle="10" speed="2502" time="9500" acceleration="-398"/>
    <motionState vehicle="11" speed="2467" time="9500" acceleration="327"/>
    <motionState vehicle="0" speed="2507" time="9510" acceleration="925"/>
    <motionState vehicle="1" speed="10528" time="9510" acceleration="3490"/>
    <motionState vehicle="2" speed="2604" time="9510" acceleration="1168"/>
    <motionState vehicle="3" speed="2722" time="9510" acceleration="969"/>
    <motionState vehicle="4" speed="10838" time="9510" acceleration="496"/>
    <motionState vehicle="5" speed="2816" time="9510" acceleration="414"/>
    <motionState vehicle="6" speed="2851" time="9510" acceleration="-304"/>
    <motionState vehicle="7" speed="2813" time="9510" acceleration="-912"/>
    <motionState vehicle="8" speed="2716" time="9510" acceleration="-1170"/>
    <motionState vehicle="9" speed="2596" time="9510" acceleration="-970"/>
    <motionState vehicle="10" speed="2501" time="9510" acceleration="-391"/>
    <motionState vehicle="11" speed="2467" time="9510" acceleration="333"/>
    <motionState vehicle="0" speed="2508" time="9520" acceleration="928"/>
    <motionState vehicle="1" speed="10531" time="9520" acceleration="3459"/>
    <motionState vehicle="2" speed="2605" time="9520" acceleration="1166"/>
    <motionState vehicle="3" speed="2723" time="9520" acceleration="964"/>
    <motionState vehicle="4" speed="10838" time="9520" acceleration="490"/>
    <motionState vehicle="5" speed="2816" time="9520" acceleration="407"/>
    <motionState vehicle="6" speed="2851" time="9520" acceleration="-310"/>
    <motionState vehicle="7" speed="2813" time="9520" acceleration="-915"/>
    <motionState vehicle="8" speed="2715" time="9520" acceleration="-1169"/>
    <motionState vehicle="9" speed="2595" time="9520" acceleration="-964"/>
    <motionState vehicle="10" speed="2501" time="9520" acceleration="-383"/>
    <motionState vehicle="11" speed="2468" time="9520" acceleration="339"/>
    <motionState vehicle="0" speed="2509" time="9530" acceleration="930"/>
    <motionState vehicle="1" speed="10535" time="9530" acceleration="3429"/>
    <motionState vehicle="2" speed="2606" time="9530" acceleration="1165"/>
    <motionState vehicle="3" speed="2724" time="9530" acceleration="959"/>
    <motionState vehicle="4" speed="10839" time="9530" acceleration="485"/>
    <motionState vehicle="5" speed="2817" time="9530" acceleration="400"/>
    <motionState vehicle="6" speed="2851" time="9530" acceleration="-316"/>
    <motionState vehicle="7" speed="2812" time="9530" acceleration="-918"/>
    <motionState vehicle="8" speed="2714" time="9530" acceleration="-1167"/>
    <motionState vehicle="9" speed="2594" time="9530" acceleration="-959"/>
    <motionState vehicle="10" speed="2500" time="9530" acceleration="-376"/>
    <motionState vehicle="11" speed="2468" time="9530" acceleration="345"/>
    <motionState vehicle="0" speed="2510" time="9540" acceleration="933"/>
    <motionState vehicle="1" speed="10538" time="9540" acceleration="3398"/>
    <motionState vehicle="2" speed="2607" time="9540" acceleration="1163"/>
    <motionState vehicle="3" speed="2725" time="9540" acceleration="953"/>
    <motionState vehicle="4" speed="10839" time="9540" acceleration="480"/>
    <motionState vehicle="5" speed="2817" time="9540" acceleration="393"/>
    <motionState vehicle="6" speed="2850" time="9540" acceleration="-323"/>
    <motionState vehicle="7" speed="2811" time="9540" acceleration="-921"/>
    <motionState vehicle="8" speed="2713" time="9540" acceleration="-1166"/>
    <motionState vehicle="9" speed="2594" time="9540" acceleration="-953"/>
    <motionState vehicle="10" speed="2500" time="9540" acceleration="-369"/>
    <motionState vehicle="11" speed="2468" time="9540" acceleration="351"/>
    <motionState vehicle="0" speed="2510" time="9550" acceleration="935"/>
    <motionState vehicle="1" speed="10541" time="9550" acceleration="3368"/>
    <motionState vehicle="2" speed="2608" time="9550" acceleration="1161"/>
    <motionState vehicle="3" speed="2726" time="9550" acceleration="948"/>
    <motionState vehicle="4" speed="10840" time="9550" acceleration="475"/>
    <motionState vehicle="5" speed="2817" time="9550" acceleration="386"/>
    <motionState vehicle="6" speed="2850" time="9550" acceleration="-329"/>
    <motionState vehicle="7" speed="2810" time="9550" acceleration="-924"/>
    <motionState vehicle="8" speed="2711" time="9550" acceleration="-1164"/>
    <motionState vehicle="9" speed="2593" time="9550" acceleration="-948"/>
    <motionState vehicle="10" speed="2500" time="9550" acceleration="-362"/>
    <motionState vehicle="11" speed="2469" time="9550" acceleration="357"/>
    <motionState vehicle="0" speed="2511" time="9560" acceleration="938"/>
    <motionState vehicle="1" speed="10545" time="9560" acceleration="3338"/>
    <motionState vehicle="2" speed="2610" time="9560" acceleration="1159"/>
    <motionState vehicle="3" speed="2727" time="9560" acceleration="943"/>
    <motionState vehicle="4" speed="10840" time="9560" acceleration="469"/>
    <motionState vehicle="5" speed="2818" time="9560" acceleration="379"/>
    <motionState vehicle="6" speed="2850" time="9560" acceleration="-335"/>
    <motionState vehicle="7" speed="2809" time="9560" acceleration="-926"/>
    <motionState vehicle="8" speed="2710" time="9560" acceleration="-1162"/>
    <motionState vehicle="9" speed="2592" time="9560" acceleration="-942"/>
    <motionState vehicle="10" speed="2499" time="9560" acceleration="-355"/>
    <motionState vehicle="11" speed="2469" time="9560" acceleration="362"/>
    <motionState vehicle="0" speed="2512" time="9570" acceleration="940"/>
    <motionState vehicle="1" speed="10548" time="9570" acceleration="3309"/>
    <motionState vehicle="2" speed="2611" time="9570" acceleration="1157"/>
    <motionState vehicle="3" speed="2728" time="9570" acceleration="937"/>
    <motionState vehicle="4" speed="10841" time="9570" acceleration="464"/>
    <motionState vehicle="5" speed="2818" time="9570" acceleration="372"/>
    <motionState vehicle="6" speed="2849" time="9570" acceleration="-341"/>
    <motionState vehicle="7" speed="2808" time="9570" acceleration="-929"/>
    <motionState vehicle="8" speed="2709" time="9570" acceleration="-1160"/>
    <motionState vehicle="9" speed="2591" time="9570" acceleration="-937"/>
    <motionState vehicle="10" speed="2499" time="9570" acceleration="-348"/>
    <motionState vehicle="11" speed="2469" time="9570" acceleration="368"/>
    <motionState vehicle="0" speed="2513" time="9580" acceleration="942"/>
    <motionState vehicle="1" speed="10551" time="9580" acceleration="3279"/>
    <motionState vehicle="2" speed="2612" time="9580" acceleration="1155"/>
    <motionState vehicle="3" speed="2729" time="9580" acceleration="932"/>
    <motionState vehicle="4" speed="10841" time="9580" acceleration="459"/>
    <motionState vehicle="5" speed="2819" time="9580" acceleration="365"/>
    <motionState vehicle="6" speed="2849" time="9580" acceleration="-347"/>
    <motionState vehicle="7" speed="2807" time="9580" acceleration="-932"/>
    <motionState vehicle="8" speed="2708" time="9580" acceleration="-1158"/>
    <motionState vehicle="9" speed="2590" time="9580" acceleration="-931"/>
    <motionState vehicle="10" speed="2499" time="9580" acceleration="-341"/>
    <motionState vehicle="11" speed="2470" time="9580" acceleration="374"/>
    <motionState vehicle="0" speed="2514" time="9590" acceleration="945"/>
    <motionState vehicle="1" speed="10555" time="9590" acceleration="3250"/>
    <motionState vehicle="2" speed="2613" time="9590" acceleration="1153"/>
    <motionState vehicle="3" speed="2729" time="9590" acceleration="926"/>
    <motionState vehicle="4" speed="10842" time="9590" acceleration="455"/>
    <motionState vehicle="5" speed="2819" time="9590" acceleration="358"/>
    <motionState vehicle="6" speed="2849" time="9590" acceleration="-353"/>
    <motionState vehicle="7" speed="2806" time="9590" acceleration="-934"/>
    <motionState vehicle="8" speed="2707" time="9590" acceleration="-1157"/>
    <motionState vehicle="9" speed="2589" time="9590" acceleration="-926"/>
    <motionState vehicle="10" speed="2498" time="9590" acceleration="-334"/>
    <motionState vehicle="11" speed="2470" time="9590" acceleration="380"/>
    <motionState vehicle="0" speed="2515" time="9600" acceleration="947"/>
    <motionState vehicle="1" speed="10558" time="9600" acceleration="3221"/>
    <motionState vehicle="2" speed="2614" time="9600" acceleration="1152"/>
    <motionState vehicle="3" speed="2730" time="9600" acceleration="921"/>
    <motionState vehicle="4" speed="10842" time="9600" acceleration="450"/>
    <motionState vehicle="5" speed="2819" time="9600" acceleration="351"/>
    <motionState vehicle="6" speed="2848" time="9600" acceleration="-359"/>
    <motionState vehicle="7" speed="2805" time="9600" acceleration="-937"/>
    <motionState vehicle="8" speed="2706" time="9600" acceleration="-1155"/>
    <motionState vehicle="9" speed="2588" time="9600" acceleration="-920"/>
    <motionState vehicle="10" speed="2498" time="9600" acceleration="-327"/>
    <motionState vehicle="11" speed="2470" time="9600" acceleration="385"/>
    <motionState vehicle="0" speed="2516" time="9610" acceleration="949"/>
    <motionState vehicle="1" speed="10561" time="9610" acceleration="3193"/>
    <motionState vehicle="2" speed="2615" time="9610" acceleration="1150"/>
    <motionState vehicle="3" speed="2731" time="9610" acceleration="915"/>
    <motionState vehicle="4" speed="10842" time="9610" acceleration="445"/>
    <motionState vehicle="5" speed="2820" time="9610" acceleration="344"/>
    <motionState vehicle="6" speed="2848" time="9610" acceleration="-365"/>
    <motionState vehicle="7" speed="2804" time="9610" acceleration="-939"/>
    <motionState vehicle="8" speed="2704" time="9610" acceleration="-1153"/>
    <motionState vehicle="9" speed="2587" time="9610" acceleration="-915"/>
    <motionState vehicle="10" speed="2498" time="9610" acceleration="-320"/>
    <motionState vehicle="11" speed="2471" time="9610" acceleration="391"/>
    <motionState vehicle="0" speed="2517" time="9620" acceleration="952"/>
    <motionState vehicle="1" speed="10564" time="9620" acceleration="3164"/>
    <motionState vehicle="2" speed="2616" time="9620" acceleration="1147"/>
    <motionState vehicle="3" speed="2732" time="9620" acceleration="910"/>
    <motionState vehicle="4" speed="10843" time="9620" acceleration="440"/>
    <motionState vehicle="5" speed="2820" time="9620" acceleration="337"/>
    <motionState vehicle="6" speed="2847" time="9620" acceleration="-370"/>
    <motionState vehicle="7" speed="2803" time="9620" acceleration="-942"/>
    <motionState vehicle="8" speed="2703" time="9620" acceleration="-1151"/>
    <motionState vehicle="9" speed="2586" time="9620" acceleration="-909"/>
    <motionState vehicle="10" speed="2497" time="9620" acceleration="-313"/>
    <motionState vehicle="11" speed="2471" time="9620" acceleration="397"/>
    <motionState vehicle="0" speed="2518" time="9630" acceleration="954"/>
    <motionState vehicle="1" speed="10567" time="9630" acceleration="3136"/>
    <motionState vehicle="2" speed="2618" time="9630" acceleration="1145"/>
    <motionState vehicle="3" speed="2733" time="9630" acceleration="904"/>
    <motionState vehicle="4" speed="10843" time="9630" acceleration="436"/>
    <motionState vehicle="5" speed="2820" time="9630" acceleration="330"/>
    <motionState vehicle="6" speed="2847" time="9630" acceleration="-376"/>
    <motionState vehicle="7" speed="2802" time="9630" acceleration="-944"/>
    <motionState vehicle="8" speed="2702" time="9630" acceleration="-1149"/>
    <motionState vehicle="9" speed="2585" time="9630" acceleration="-903"/>
    <motionState vehicle="10" speed="2497" time="9630" acceleration="-306"/>
    <motionState vehicle="11" speed="2472" time="9630" acceleration="402"/>
    <motionState vehicle="0" speed="2519" time="9640" acceleration="956"/>
    <motionState vehicle="1" speed="10570" time="9640" acceleration="3108"/>
    <motionState vehicle="2" speed="2619" time="9640" acceleration="1143"/>
    <motionState vehicle="3" speed="2734" time="9640" acceleration="899"/>
    <motionState vehicle="4" speed="10844" time="9640" acceleration="431"/>
    <motionState vehicle="5" speed="2821" time="9640" acceleration="323"/>
    <motionState vehicle="6" speed="2847" time="9640" acceleration="-382"/>
    <motionState vehicle="7" speed="2801" time="9640" acceleration="-947"/>
    <motionState vehicle="8" speed="2701" time="9640" acceleration="-1147"/>
    <motionState vehicle="9" speed="2584" time="9640" acceleration="-898"/>
    <motionState vehicle="10" speed="2497" time="9640" acceleration="-299"/>
    <motionState vehicle="11" speed="2472" time="9640" acceleration="408"/>
    <motionState vehicle="0" speed="2520" time="9650" acceleration="958"/>
    <motionState vehicle="1" speed="10574" time="9650" acceleration="3080"/>
    <motionState vehicle="2" speed="2620" time="9650" acceleration="1141"/>
    <motionState vehicle="3" speed="2735" time="9650" acceleration="893"/>
    <motionState vehicle="4" speed="10844" time="9650" acceleration="427"/>
    <motionState vehicle="5" speed="2821" time="9650" acceleration="316"/>
    <motionState vehicle="6" speed="2846" time="9650" acceleration="-388"/>
    <motionState vehicle="7" speed="2800" time="9650" acceleration="-949"/>
    <motionState vehicle="8" speed="2700" time="9650" acceleration="-1145"/>
    <motionState vehicle="9" speed="2583" time="9650" acceleration="-892"/>
    <motionState vehicle="10" speed="2496" time="9650" acceleration="-293"/>
    <motionState vehicle="11" speed="2472" time="9650" acceleration="413"/>
    <motionState vehicle="0" speed="2521" time="9660" acceleration="960"/>
    <motionState vehicle="1" speed="10577" time="9660" acceleration="3053"/>
    <motionState vehicle="2" speed="2621" time="9660" acceleration="1139"/>
    <motionState vehicle="3" speed="2736" time="9660" acceleration="888"/>
    <motionState vehicle="4" speed="10845" time="9660" acceleration="423"/>
    <motionState vehicle="5" speed="2821" time="9660" acceleration="309"/>
    <motionState vehicle="6" speed="2846" time="9660" acceleration="-394"/>
    <motionState vehicle="7" speed="2799" time="9660" acceleration="-951"/>
    <motionState vehicle="8" speed="2699" time="9660" acceleration="-1143"/>
    <motionState vehicle="9" speed="2583" time="9660" acceleration="-886"/>
    <motionState vehicle="10" speed="2496" time="9660" acceleration="-286"/>
    <motionState vehicle="11" speed="2473" time="9660" acceleration="419"/>
    <motionState vehicle="0" speed="2522" time="9670" acceleration="962"/>
    <motionState vehicle="1" speed="10580" time="9670" acceleration="3026"/>
    <motionState vehicle="2" speed="2622" time="9670" acceleration="1137"/>
    <motionState vehicle="3" speed="2737" time="9670" acceleration="882"/>
    <motionState vehicle="4" speed="10845" time="9670" acceleration="418"/>
    <motionState vehicle="5" speed="2822" time="9670" acceleration="302"/>
    <motionState vehicle="6" speed="2845" time="9670" acceleration="-399"/>
    <motionState vehicle="7" speed="2798" time="9670" acceleration="-953"/>
    <motionState vehicle="8" speed="2698" time="9670" acceleration="-1140"/>
    <motionState vehicle="9" speed="2582" time="9670" acceleration="-881"/>
    <motionState vehicle="10" speed="2496" time="9670" acceleration="-279"/>
    <motionState vehicle="11" speed="2473" time="9670" acceleration="424"/>
    <motionState vehicle="0" speed="2523" time="9680" acceleration="964"/>
    <motionState vehicle="1" speed="10583" time="9680" acceleration="2999"/>
    <motionState vehicle="2" speed="2623" time="9680" acceleration="1135"/>
    <motionState vehicle="3" speed="2738" time="9680" acceleration="877"/>
    <motionState vehicle="4" speed="10845" time="9680" acceleration="414"/>
    <motionState vehicle="5" speed="2822" time="9680" acceleration="295"/>
    <motionState vehicle="6" speed="2845" time="9680" acceleration="-405"/>
    <motionState vehicle="7" speed="2798" time="9680" acceleration="-956"/>
    <motionState vehicle="8" speed="2696" time="9680" acceleration="-1138"/>
    <motionState vehicle="9" speed="2581" time="9680" acceleration="-875"/>
    <motionState vehicle="10" speed="2496" time="9680" acceleration="-272"/>
    <motionState vehicle="11" speed="2474" time="9680" acceleration="430"/>
    <motionState vehicle="0" speed="2524" time="9690" acceleration="966"/>
    <motionState vehicle="1" speed="10586" time="9690" acceleration="2972"/>
    <motionState vehicle="2" speed="2624" time="9690" acceleration="1132"/>
    <motionState vehicle="3" speed="2738" time="9690" acceleration="871"/>
    <motionState vehicle="4" speed="10846" time="9690" acceleration="410"/>
    <motionState vehicle="5" speed="2822" time="9690" acceleration="288"/>
    <motionState vehicle="6" speed="2845" time="9690" acceleration="-411"/>
    <motionState vehicle="7" speed="2797" time="9690" acceleration="-958"/>
    <motionState vehicle="8" speed="2695" time="9690" acceleration="-1136"/>
    <motionState vehicle="9" speed="2580" time="9690" acceleration="-869"/>
    <motionState vehicle="10" speed="2495" time="9690" acceleration="-265"/>
    <motionState vehicle="11" speed="2474" time="9690" acceleration="435"/>
    <motionState vehicle="0" speed="2525" time="9700" acceleration="968"/>
    <motionState vehicle="1" speed="10589" time="9700" acceleration="2945"/>
    <motionState vehicle="2" speed="2626" time="9700" acceleration="1130"/>
    <motionState vehicle="3" speed="2739" time="9700" acceleration="865"/>
    <motionState vehicle="4" speed="10846" time="9700" acceleration="406"/>
    <motionState vehicle="5" speed="2822" time="9700" acceleration="281"/>
    <motionState vehicle="6" speed="2844" time="9700" acceleration="-416"/>
    <motionState vehicle="7" speed="2796" time="9700" acceleration="-960"/>
    <motionState vehicle="8" speed="2694" time="9700" acceleration="-1134"/>
    <motionState vehicle="9" speed="2579" time="9700" acceleration="-864"/>
    <motionState vehicle="10" speed="2495" time="9700" acceleration="-258"/>
    <motionState vehicle="11" speed="2475" time="9700" acceleration="441"/>
    <motionState vehicle="0" speed="2526" time="9710" acceleration="970"/>
    <motionState vehicle="1" speed="10591" time="9710" acceleration="2919"/>
    <motionState vehicle="2" speed="2627" time="9710" acceleration="1128"/>
    <motionState vehicle="3" speed="2740" time="9710" acceleration="860"/>
    <motionState vehicle="4" speed="10847" time="9710" acceleration="402"/>
    <motionState vehicle="5" speed="2823" time="9710" acceleration="274"/>
    <motionState vehicle="6" speed="2844" time="9710" acceleration="-422"/>
    <motionState vehicle="7" speed="2795" time="9710" acceleration="-962"/>
    <motionState vehicle="8" speed="2693" time="9710" acceleration="-1131"/>
    <motionState vehicle="9" speed="2578" time="9710" acceleration="-858"/>
    <motionState vehicle="10" speed="2495" time="9710" acceleration="-251"/>
    <motionState vehicle="11" speed="2475" time="9710" acceleration="446"/>
    <motionState vehicle="0" speed="2527" time="9720" acceleration="971"/>
    <motionState vehicle="1" speed="10594" time="9720" acceleration="2892"/>
    <motionState vehicle="2" speed="2628" time="9720" acceleration="1125"/>
    <motionState vehicle="3" speed="2741" time="9720" acceleration="854"/>
    <motionState vehicle="4" speed="10847" time="9720" acceleration="398"/>
    <motionState vehicle="5" speed="2823" time="9720" acceleration="267"/>
    <motionState vehicle="6" speed="2843" time="9720" acceleration="-427"/>
    <motionState vehicle="7" speed="2794" time="9720" acceleration="-964"/>
    <motionState vehicle="8" speed="2692" time="9720" acceleration="-1129"/>
    <motionState vehicle="9" speed="2577" time="9720" acceleration="-852"/>
    <motionState vehicle="10" speed="2495" time="9720" acceleration="-244"/>
    <motionState vehicle="11" speed="2475" time="9720" acceleration="451"/>
    <motionState vehicle="0" speed="2528" time="9730" acceleration="973"/>
    <motionState vehicle="1" speed="10597" time="9730" acceleration="2866"/>
    <motionState vehicle="2" speed="2629" time="9730" acceleration="1123"/>
    <motionState vehicle="3" speed="2742" time="9730" acceleration="848"/>
    <motionState vehicle="4" speed="10847" time="9730" acceleration="394"/>
    <motionState vehicle="5" speed="2823" time="9730" acceleration="260"/>
    <motionState vehicle="6" speed="2843" time="9730" acceleration="-433"/>
    <motionState vehicle="7" speed="2793" time="9730" acceleration="-966"/>
    <motionState vehicle="8" speed="2691" time="9730" acceleration="-1127"/>
    <motionState vehicle="9" speed="2576" time="9730" acceleration="-846"/>
    <motionState vehicle="10" speed="2494" time="9730" acceleration="-238"/>
    <motionState vehicle="11" speed="2476" time="9730" acceleration="457"/>
    <motionState vehicle="0" speed="2529" time="9740" acceleration="975"/>
    <motionState vehicle="1" speed="10600" time="9740" acceleration="2841"/>
    <motionState vehicle="2" speed="2630" time="9740" acceleration="1120"/>
    <motionState vehicle="3" speed="2743" time="9740" acceleration="843"/>
    <motionState vehicle="4" speed="10848" time="9740" acceleration="390"/>
    <motionState vehicle="5" speed="2823" time="9740" acceleration="253"/>
    <motionState vehicle="6" speed="2843" time="9740" acceleration="-438"/>
    <motionState vehicle="7" speed="2792" time="9740" acceleration="-968"/>
    <motionState vehicle="8" speed="2690" time="9740" acceleration="-1124"/>
    <motionState vehicle="9" speed="2576" time="9740" acceleration="-841"/>
    <motionState vehicle="10" speed="2494" time="9740" acceleration="-231"/>
    <motionState vehicle="11" speed="2476" time="9740" acceleration="462"/>
    <motionState vehicle="0" speed="2530" time="9750" acceleration="977"/>
    <motionState vehicle="1" speed="10603" time="9750" acceleration="2815"/>
    <motionState vehicle="2" speed="2631" time="9750" acceleration="1118"/>
    <motionState vehicle="3" speed="2744" time="9750" acceleration="837"/>
    <motionState vehicle="4" speed="10848" time="9750" acceleration="386"/>
    <motionState vehicle="5" speed="2824" time="9750" acceleration="247"/>
    <motionState vehicle="6" speed="2842" time="9750" acceleration="-444"/>
    <motionState vehicle="7" speed="2791" time="9750" acceleration="-970"/>
    <motionState vehicle="8" speed="2689" time="9750" acceleration="-1122"/>
    <motionState vehicle="9" speed="2575" time="9750" acceleration="-835"/>
    <motionState vehicle="10" speed="2494" time="9750" acceleration="-224"/>
    <motionState vehicle="11" speed="2477" time="9750" acceleration="467"/>
    <motionState vehicle="0" speed="2531" time="9760" acceleration="978"/>
    <motionState vehicle="1" speed="10606" time="9760" acceleration="2790"/>
    <motionState vehicle="2" speed="2632" time="9760" acceleration="1115"/>
    <motionState vehicle="3" speed="2744" time="9760" acceleration="831"/>
    <motionState vehicle="4" speed="10849" time="9760" acceleration="383"/>
    <motionState vehicle="5" speed="2824" time="9760" acceleration="240"/>
    <motionState vehicle="6" speed="2842" time="9760" acceleration="-449"/>
    <motionState vehicle="7" speed="2790" time="9760" acceleration="-972"/>
    <motionState vehicle="8" speed="2687" time="9760" acceleration="-1119"/>
    <motionState vehicle="9" speed="2574" time="9760" acceleration="-829"/>
    <motionState vehicle="10" speed="2494" time="9760" acceleration="-217"/>
    <motionState vehicle="11" speed="2477" time="9760" acceleration="472"/>
    <motionState vehicle="0" speed="2532" time="9770" acceleration="980"/>
    <motionState vehicle="1" speed="10608" time="9770" acceleration="2765"/>
    <motionState vehicle="2" speed="2633" time="9770" acceleration="1113"/>
    <motionState vehicle="3" speed="2745" time="9770" acceleration="826"/>
    <motionState vehicle="4" speed="10849" time="9770" acceleration="379"/>
    <motionState vehicle="5" speed="2824" time="9770" acceleration="233"/>
    <motionState vehicle="6" speed="2841" time="9770" acceleration="-454"/>
    <motionState vehicle="7" speed="2789" time="9770" acceleration="-973"/>
    <motionState vehicle="8" speed="2686" time="9770" acceleration="-1117"/>
    <motionState vehicle="9" speed="2573" time="9770" acceleration="-823"/>
    <motionState vehicle="10" speed="2493" time="9770" acceleration="-210"/>
    <motionState vehicle="11" speed="2478" time="9770" acceleration="477"/>
    <motionState vehicle="0" speed="2533" time="9780" acceleration="981"/>
    <motionState vehicle="1" speed="10611" time="9780" acceleration="2740"/>
    <motionState vehicle="2" speed="2635" time="9780" acceleration="1110"/>
    <motionState vehicle="3" speed="2746" time="9780" acceleration="820"/>
    <motionState vehicle="4" speed="10849" time="9780" acceleration="375"/>
    <motionState vehicle="5" speed="2824" time="9780" acceleration="226"/>
    <motionState vehicle="6" speed="2841" time="9780" acceleration="-460"/>
    <motionState vehicle="7" speed="2788" time="9780" acceleration="-975"/>
    <motionState vehicle="8" speed="2685" time="9780" acceleration="-1114"/>
    <motionState vehicle="9" speed="2572" time="9780" acceleration="-817"/>
    <motionState vehicle="10" speed="2493" time="9780" acceleration="-204"/>
    <motionState vehicle="11" speed="2478" time="9780" acceleration="483"/>
    <motionState vehicle="0" speed="2534" time="9790" acceleration="983"/>
    <motionState vehicle="1" speed="10614" time="9790" acceleration="2715"/>
    <motionState vehicle="2" speed="2636" time="9790" acceleration="1108"/>
    <motionState vehicle="3" speed="2747" time="9790" acceleration="814"/>
    <motionState vehicle="4" speed="10850" time="9790" acceleration="372"/>
    <motionState vehicle="5" speed="2825" time="9790" acceleration="219"/>
    <motionState vehicle="6" speed="2840" time="9790" acceleration="-465"/>
    <motionState vehicle="7" speed="2787" time="9790" acceleration="-977"/>
    <motionState vehicle="8" speed="2684" time="9790" acceleration="-1112"/>
    <motionState vehicle="9" speed="2572" time="9790" acceleration="-812"/>
    <motionState vehicle="10" speed="2493" time="9790" acceleration="-197"/>
    <motionState vehicle="11" speed="2479" time="9790" acceleration="488"/>
    <motionState vehicle="0" speed="2535" time="9800" acceleration="984"/>
    <motionState vehicle="1" speed="10617" time="9800" acceleration="2690"/>
    <motionState vehicle="2" speed="2637" time="9800" acceleration="1105"/>
    <motionState vehicle="3" speed="2748" time="9800" acceleration="809"/>
    <motionState vehicle="4" speed="10850" time="9800" acceleration="368"/>
    <motionState vehicle="5" speed="2825" time="9800" acceleration="212"/>
    <motionState vehicle="6" speed="2840" time="9800" acceleration="-470"/>
    <motionState vehicle="7" speed="2786" time="9800" acceleration="-979"/>
    <motionState vehicle="8" speed="2683" time="9800" acceleration="-1109"/>
    <motionState vehicle="9" speed="2571" time="9800" acceleration="-806"/>
    <motionState vehicle="10" speed="2493" time="9800" acceleration="-190"/>
    <motionState vehicle="11" speed="2479" time="9800" acceleration="493"/>
    <motionState vehicle="0" speed="2536" time="9810" acceleration="986"/>
    <motionState vehicle="1" speed="10619" time="9810" acceleration="2666"/>
    <motionState vehicle="2" speed="2638" time="9810" acceleration="1102"/>
    <motionState vehicle="3" speed="2748" time="9810" acceleration="803"/>
    <motionState vehicle="4" speed="10850" time="9810" acceleration="365"/>
    <motionState vehicle="5" speed="2825" time="9810" acceleration="206"/>
    <motionState vehicle="6" speed="2839" time="9810" acceleration="-476"/>
    <motionState vehicle="7" speed="2785" time="9810" acceleration="-980"/>
    <motionState vehicle="8" speed="2682" time="9810" acceleration="-1106"/>
    <motionState vehicle="9" speed="2570" time="9810" acceleration="-800"/>
    <motionState vehicle="10" speed="2493" time="9810" acceleration="-183"/>
    <motionState vehicle="11" speed="2480" time="9810" acceleration="498"/>
    <motionState vehicle="0" speed="2537" time="9820" acceleration="987"/>
    <motionState vehicle="1" speed="10622" time="9820" acceleration="2642"/>
    <motionState vehicle="2" speed="2639" time="9820" acceleration="1100"/>
    <motionState vehicle="3" speed="2749" time="9820" acceleration="797"/>
    <motionState vehicle="4" speed="10851" time="9820" acceleration="361"/>
    <motionState vehicle="5" speed="2825" time="9820" acceleration="199"/>
    <motionState vehicle="6" speed="2839" time="9820" acceleration="-481"/>
    <motionState vehicle="7" speed="2784" time="9820" acceleration="-982"/>
    <motionState vehicle="8" speed="2681" time="9820" acceleration="-1104"/>
    <motionState vehicle="9" speed="2569" time="9820" acceleration="-794"/>
    <motionState vehicle="10" speed="2492" time="9820" acceleration="-177"/>
    <motionState vehicle="11" speed="2480" time="9820" acceleration="503"/>
    <motionState vehicle="0" speed="2538" time="9830" acceleration="989"/>
    <motionState vehicle="1" speed="10624" time="9830" acceleration="2618"/>
    <motionState vehicle="2" speed="2640" time="9830" acceleration="1097"/>
    <motionState vehicle="3" speed="2750" time="9830" acceleration="791"/>
    <motionState vehicle="4" speed="10851" time="9830" acceleration="358"/>
    <motionState vehicle="5" speed="2825" time="9830" acceleration="192"/>
    <motionState vehicle="6" speed="2838" time="9830" acceleration="-486"/>
    <motionState vehicle="7" speed="2783" time="9830" acceleration="-983"/>
    <motionState vehicle="8" speed="2680" time="9830" acceleration="-1101"/>
    <motionState vehicle="9" speed="2568" time="9830" acceleration="-788"/>
    <motionState vehicle="10" speed="2492" time="9830" acceleration="-170"/>
    <motionState vehicle="11" speed="2481" time="9830" acceleration="508"/>
    <motionState vehicle="0" speed="2539" time="9840" acceleration="990"/>
    <motionState vehicle="1" speed="10627" time="9840" acceleration="2594"/>
    <motionState vehicle="2" speed="2641" time="9840" acceleration="1094"/>
    <motionState vehicle="3" speed="2751" time="9840" acceleration="785"/>
    <motionState vehicle="4" speed="10852" time="9840" acceleration="355"/>
    <motionState vehicle="5" speed="2826" time="9840" acceleration="185"/>
    <motionState vehicle="6" speed="2838" time="9840" acceleration="-491"/>
    <motionState vehicle="7" speed="2782" time="9840" acceleration="-985"/>
    <motionState vehicle="8" speed="2679" time="9840" acceleration="-1098"/>
    <motionState vehicle="9" speed="2568" time="9840" acceleration="-782"/>
    <motionState vehicle="10" speed="2492" time="9840" acceleration="-163"/>
    <motionState vehicle="11" speed="2481" time="9840" acceleration="513"/>
    <motionState vehicle="0" speed="2540" time="9850" acceleration="991"/>
    <motionState vehicle="1" speed="10630" time="9850" acceleration="2571"/>
    <motionState vehicle="2" speed="2642" time="9850" acceleration="1091"/>
    <motionState vehicle="3" speed="2752" time="9850" acceleration="780"/>
    <motionState vehicle="4" speed="10852" time="9850" acceleration="351"/>
    <motionState vehicle="5" speed="2826" time="9850" acceleration="179"/>
    <motionState vehicle="6" speed="2837" time="9850" acceleration="-496"/>
    <motionState vehicle="7" speed="2781" time="9850" acceleration="-986"/>
    <motionState vehicle="8" speed="2677" time="9850" acceleration="-1096"/>
    <motionState vehicle="9" speed="2567" time="9850" acceleration="-776"/>
    <motionState vehicle="10" speed="2492" time="9850" acceleration="-157"/>
    <motionState vehicle="11" speed="2482" time="9850" acceleration="517"/>
    <motionState vehicle="0" speed="2540" time="9860" acceleration="992"/>
    <motionState vehicle="1" speed="10632" time="9860" acceleration="2547"/>
    <motionState vehicle="2" speed="2643" time="9860" acceleration="1089"/>
    <motionState vehicle="3" speed="2752" time="9860" acceleration="774"/>
    <motionState vehicle="4" speed="10852" time="9860" acceleration="348"/>
    <motionState vehicle="5" speed="2826" time="9860" acceleration="172"/>
    <motionState vehicle="6" speed="2837" time="9860" acceleration="-501"/>
    <motionState vehicle="7" speed="2780" time="9860" acceleration="-988"/>
    <motionState vehicle="8" speed="2676" time="9860" acceleration="-1093"/>
    <motionState vehicle="9" speed="2566" time="9860" acceleration="-771"/>
    <motionState vehicle="10" speed="2492" time="9860" acceleration="-150"/>
    <motionState vehicle="11" speed="2482" time="9860" acceleration="522"/>
    <motionState vehicle="0" speed="2541" time="9870" acceleration="994"/>
    <motionState vehicle="1" speed="10635" time="9870" acceleration="2524"/>
    <motionState vehicle="2" speed="2644" time="9870" acceleration="1086"/>
    <motionState vehicle="3" speed="2753" time="9870" acceleration="768"/>
    <motionState vehicle="4" speed="10853" time="9870" acceleration="345"/>
    <motionState vehicle="5" speed="2826" time="9870" acceleration="165"/>
    <motionState vehicle="6" speed="2836" time="9870" acceleration="-506"/>
    <motionState vehicle="7" speed="2779" time="9870" acceleration="-989"/>
    <motionState vehicle="8" speed="2675" time="9870" acceleration="-1090"/>
    <motionState vehicle="9" speed="2565" time="9870" acceleration="-765"/>
    <motionState vehicle="10" speed="2492" time="9870" acceleration="-143"/>
    <motionState vehicle="11" speed="2483" time="9870" acceleration="527"/>
    <motionState vehicle="0" speed="2542" time="9880" acceleration="995"/>
    <motionState vehicle="1" speed="10637" time="9880" acceleration="2501"/>
    <motionState vehicle="2" speed="2645" time="9880" acceleration="1083"/>
    <motionState vehicle="3" speed="2754" time="9880" acceleration="762"/>
    <motionState vehicle="4" speed="10853" time="9880" acceleration="342"/>
    <motionState vehicle="5" speed="2826" time="9880" acceleration="158"/>
    <motionState vehicle="6" speed="2836" time="9880" acceleration="-511"/>
    <motionState vehicle="7" speed="2778" time="9880" acceleration="-990"/>
    <motionState vehicle="8" speed="2674" time="9880" acceleration="-1087"/>
    <motionState vehicle="9" speed="2564" time="9880" acceleration="-759"/>
    <motionState vehicle="10" speed="2492" time="9880" acceleration="-137"/>
    <motionState vehicle="11" speed="2483" time="9880" acceleration="532"/>
    <motionState vehicle="0" speed="2543" time="9890" acceleration="996"/>
    <motionState vehicle="1" speed="10640" time="9890" acceleration="2478"/>
    <motionState vehicle="2" speed="2647" time="9890" acceleration="1080"/>
    <motionState vehicle="3" speed="2755" time="9890" acceleration="756"/>
    <motionState vehicle="4" speed="10853" time="9890" acceleration="339"/>
    <motionState vehicle="5" speed="2826" time="9890" acceleration="152"/>
    <motionState vehicle="6" speed="2835" time="9890" acceleration="-516"/>
    <motionState vehicle="7" speed="2777" time="9890" acceleration="-992"/>
    <motionState vehicle="8" speed="2673" time="9890" acceleration="-1084"/>
    <motionState vehicle="9" speed="2564" time="9890" acceleration="-753"/>
    <motionState vehicle="10" speed="2491" time="9890" acceleration="-130"/>
    <motionState vehicle="11" speed="2484" time="9890" acceleration="537"/>
    <motionState vehicle="0" speed="2544" time="9900" acceleration="997"/>
    <motionState vehicle="1" speed="10642" time="9900" acceleration="2456"/>
    <motionState vehicle="2" speed="2648" time="9900" acceleration="1077"/>
    <motionState vehicle="3" speed="2755" time="9900" acceleration="751"/>
    <motionState vehicle="4" speed="10854" time="9900" acceleration="336"/>
    <motionState vehicle="5" speed="2827" time="9900" acceleration="145"/>
    <motionState vehicle="6" speed="2835" time="9900" acceleration="-521"/>
    <motionState vehicle="7" speed="2776" time="9900" acceleration="-993"/>
    <motionState vehicle="8" speed="2672" time="9900" acceleration="-1081"/>
    <motionState vehicle="9" speed="2563" time="9900" acceleration="-747"/>
    <motionState vehicle="10" speed="2491" time="9900" acceleration="-123"/>
    <motionState vehicle="11" speed="2484" time="9900" acceleration="541"/>
    <motionState vehicle="0" speed="2545" time="9910" acceleration="998"/>
    <motionState vehicle="1" speed="10645" time="9910" acceleration="2433"/>
    <motionState vehicle="2" speed="2649" time="9910" acceleration="1074"/>
    <motionState vehicle="3" speed="2756" time="9910" acceleration="745"/>
    <motionState vehicle="4" speed="10854" time="9910" acceleration="333"/>
    <motionState vehicle="5" speed="2827" time="9910" acceleration="139"/>
    <motionState vehicle="6" speed="2834" time="9910" acceleration="-526"/>
    <motionState vehicle="7" speed="2775" time="9910" acceleration="-994"/>
    <motionState vehicle="8" speed="2671" time="9910" acceleration="-1078"/>
    <motionState vehicle="9" speed="2562" time="9910" acceleration="-741"/>
    <motionState vehicle="10" speed="2491" time="9910" acceleration="-117"/>
    <motionState vehicle="11" speed="2485" time="9910" acceleration="546"/>
    <motionState vehicle="0" speed="2546" time="9920" acceleration="999"/>
    <motionState vehicle="1" speed="10647" time="9920" acceleration="2411"/>
    <motionState vehicle="2" speed="2650" time="9920" acceleration="1071"/>
    <motionState vehicle="3" speed="2757" time="9920" acceleration="739"/>
    <motionState vehicle="4" speed="10854" time="9920" acceleration="330"/>
    <motionState vehicle="5" speed="2827" time="9920" acceleration="132"/>
    <motionState vehicle="6" speed="2834" time="9920" acceleration="-531"/>
    <motionState vehicle="7" speed="2774" time="9920" acceleration="-995"/>
    <motionState vehicle="8" speed="2670" time="9920" acceleration="-1075"/>
    <motionState vehicle="9" speed="2561" time="9920" acceleration="-735"/>
    <motionState vehicle="10" speed="2491" time="9920" acceleration="-110"/>
    <motionState vehicle="11" speed="2486" time="9920" acceleration="551"/>
    <motionState vehicle="0" speed="2547" time="9930" acceleration="1000"/>
    <motionState vehicle="1" speed="10649" time="9930" acceleration="2389"/>
    <motionState vehicle="2" speed="2651" time="9930" acceleration="1068"/>
    <motionState vehicle="3" speed="2758" time="9930" acceleration="733"/>
    <motionState vehicle="4" speed="10855" time="9930" acceleration="327"/>
    <motionState vehicle="5" speed="2827" time="9930" acceleration="125"/>
    <motionState vehicle="6" speed="2833" time="9930" acceleration="-536"/>
    <motionState vehicle="7" speed="2773" time="9930" acceleration="-997"/>
    <motionState vehicle="8" speed="2669" time="9930" acceleration="-1072"/>
    <motionState vehicle="9" speed="2561" time="9930" acceleration="-729"/>
    <motionState vehicle="10" speed="2491" time="9930" acceleration="-104"/>
    <motionState vehicle="11" speed="2486" time="9930" acceleration="555"/>
    <motionState vehicle="0" speed="2548" time="9940" acceleration="1001"/>
    <motionState vehicle="1" speed="10652" time="9940" acceleration="2367"/>
    <motionState vehicle="2" speed="2652" time="9940" acceleration="1065"/>
    <motionState vehicle="3" speed="2758" time="9940" acceleration="727"/>
    <motionState vehicle="4" speed="10855" time="9940" acceleration="324"/>
    <motionState vehicle="5" speed="2827" time="9940" acceleration="119"/>
    <motionState vehicle="6" speed="2833" time="9940" acceleration="-541"/>
    <motionState vehicle="7" speed="2772" time="9940" acceleration="-998"/>
    <motionState vehicle="8" speed="2668" time="9940" acceleration="-1069"/>
    <motionState vehicle="9" speed="2560" time="9940" acceleration="-723"/>
    <motionState vehicle="10" speed="2491" time="9940" acceleration="-97"/>
    <motionState vehicle="11" speed="2487" time="9940" acceleration="560"/>
    <motionState vehicle="0" speed="2549" time="9950" acceleration="1002"/>
    <motionState vehicle="1" speed="10654" time="9950" acceleration="2346"/>
    <motionState vehicle="2" speed="2653" time="9950" acceleration="1062"/>
    <motionState vehicle="3" speed="2759" time="9950" acceleration="721"/>
    <motionState vehicle="4" speed="10855" time="9950" acceleration="321"/>
    <motionState vehicle="5" speed="2827" time="9950" acceleration="112"/>
    <motionState vehicle="6" speed="2832" time="9950" acceleration="-545"/>
    <motionState vehicle="7" speed="2771" time="9950" acceleration="-999"/>
    <motionState vehicle="8" speed="2667" time="9950" acceleration="-1066"/>
    <motionState vehicle="9" speed="2559" time="9950" acceleration="-717"/>
    <motionState vehicle="10" speed="2491" time="9950" acceleration="-91"/>
    <motionState vehicle="11" speed="2487" time="9950" acceleration="564"/>
    <motionState vehicle="0" speed="2550" time="9960" acceleration="1003"/>
    <motionState vehicle="1" speed="10656" time="9960" acceleration="2324"/>
    <motionState vehicle="2" speed="2654" time="9960" acceleration="1059"/>
    <motionState vehicle="3" speed="2760" time="9960" acceleration="715"/>
    <motionState vehicle="4" speed="10856" time="9960" acceleration="318"/>
    <motionState vehicle="5" speed="2827" time="9960" acceleration="106"/>
    <motionState vehicle="6" speed="2832" time="9960" acceleration="-550"/>
    <motionState vehicle="7" speed="2770" time="9960" acceleration="-1000"/>
    <motionState vehicle="8" speed="2666" time="9960" acceleration="-1063"/>
    <motionState vehicle="9" speed="2559" time="9960" acceleration="-711"/>
    <motionState vehicle="10" speed="2491" time="9960" acceleration="-84"/>
    <motionState vehicle="11" speed="2488" time="9960" acceleration="569"/>
    <motionState vehicle="0" speed="2551" time="9970" acceleration="1003"/>
    <motionState vehicle="1" speed="10659" time="9970" acceleration="2303"/>
    <motionState vehicle="2" speed="2655" time="9970" acceleration="1056"/>
    <motionState vehicle="3" speed="2760" time="9970" acceleration="709"/>
    <motionState vehicle="4" speed="10856" time="9970" acceleration="316"/>
    <motionState vehicle="5" speed="2827" time="9970" acceleration="99"/>
    <motionState vehicle="6" speed="2831" time="9970" acceleration="-555"/>
    <motionState vehicle="7" speed="2769" time="9970" acceleration="-1001"/>
    <motionState vehicle="8" speed="2665" time="9970" acceleration="-1060"/>
    <motionState vehicle="9" speed="2558" time="9970" acceleration="-705"/>
    <motionState vehicle="10" speed="2491" time="9970" acceleration="-78"/>
    <motionState vehicle="11" speed="2488" time="9970" acceleration="573"/>
    <motionState vehicle="0" speed="2552" time="9980" acceleration="1004"/>
    <motionState vehicle="1" speed="10661" time="9980" acceleration="2282"/>
    <motionState vehicle="2" speed="2656" time="9980" acceleration="1053"/>
    <motionState vehicle="3" speed="2761" time="9980" acceleration="703"/>
    <motionState vehicle="4" speed="10856" time="9980" acceleration="313"/>
    <motionState vehicle="5" speed="2827" time="9980" acceleration="92"/>
    <motionState vehicle="6" speed="2830" time="9980" acceleration="-559"/>
    <motionState vehicle="7" speed="2768" time="9980" acceleration="-1002"/>
    <motionState vehicle="8" speed="2663" time="9980" acceleration="-1057"/>
    <motionState vehicle="9" speed="2557" time="9980" acceleration="-699"/>
    <motionState vehicle="10" speed="2490" time="9980" acceleration="-71"/>
    <motionState vehicle="11" speed="2489" time="9980" acceleration="578"/>
    <motionState vehicle="0" speed="2553" time="9990" acceleration="1005"/>
    <motionState vehicle="1" speed="10663" time="9990" acceleration="2261"/>
    <motionState vehicle="2" speed="2657" time="9990" acceleration="1049"/>
    <motionState vehicle="3" speed="2762" time="9990" acceleration="698"/>
    <motionState vehicle="4" speed="10856" time="9990" acceleration="310"/>
    <motionState vehicle="5" speed="2828" time="9990" acceleration="86"/>
    <motionState vehicle="6" speed="2830" time="9990" acceleration="-564"/>
    <motionState vehicle="7" speed="2767" time="9990" acceleration="-1002"/>
    <motionState vehicle="8" speed="2662" time="9990" acceleration="-1054"/>
    <motionState vehicle="9" speed="2556" time="9990" acceleration="-693"/>
    <motionState vehicle="10" speed="2490" time="9990" acceleration="-65"/>
    <motionState vehicle="11" speed="2490" time="9990" acceleration="582"/>
    <motionState vehicle="0" speed="2554" time="10000" acceleration="1006"/>
    <motionState vehicle="1" speed="10666" time="10000" acceleration="2240"/>
    <motionState vehicle="2" speed="2658" time="10000" acceleration="1046"/>
    <motionState vehicle="3" speed="2763" time="10000" acceleration="692"/>
    <motionState vehicle="4" speed="10857" time="10000" acceleration="307"/>
    <motionState vehicle="5" speed="2828" time="10000" acceleration="79"/>
    <motionState vehicle="6" speed="2829" time="10000" acceleration="-568"/>
    <motionState vehicle="7" speed="2766" time="10000" acceleration="-1003"/>
    <motionState vehicle="8" speed="2661" time="10000" acceleration="-1050"/>
    <motionState vehicle="9" speed="2556" time="10000" acceleration="-687"/>
    <motionState vehicle="10" speed="2490" time="10000" acceleration="-59"/>
    <motionState vehicle="11" speed="2490" time="10000" acceleration="586"/>
    <motionState vehicle="0" speed="0" time="10010" acceleration="0"/>
    <motionState vehicle="1" speed="0" time="10010" acceleration="0"/>
    <motionState vehicle="2" speed="0" time="10010" acceleration="0"/>
    <motionState vehicle="3" speed="0" time="10010" acceleration="0"/>
    <motionState vehicle="4" speed="0" time="10010" acceleration="0"/>
    <motionState vehicle="5" speed="0" time="10010" acceleration="0"/>
    <motionState vehicle="6" speed="0" time="10010" acceleration="0"/>
    <motionState vehicle="7" speed="0" time="10010" acceleration="0"/>
    <motionState vehicle="8" speed="0" time="10010" acceleration="0"/>
    <motionState vehicle="9" speed="0" time="10010" acceleration="0"/>
    <motionState vehicle="10" speed="0" time="10010" acceleration="0"/>
    <motionState vehicle="11" speed="0" time="10010" acceleration="0"/>
    <motionState vehicle="0" speed="3" time="10020" acceleration="2594"/>
    <motionState vehicle="1" speed="3" time="10020" acceleration="2599"/>
    <motionState vehicle="2" speed="3" time="10020" acceleration="2590"/>
    <motionState vehicle="3" speed="3" time="10020" acceleration="2590"/>
    <motionState vehicle="4" speed="3" time="10020" acceleration="2596"/>
    <motionState vehicle="5" speed="3" time="10020" acceleration="2595"/>
    <motionState vehicle="6" speed="3" time="10020" acceleration="2594"/>
    <motionState vehicle="7" speed="3" time="10020" acceleration="2596"/>
    <motionState vehicle="8" speed="3" time="10020" acceleration="2588"/>
    <motionState vehicle="9" speed="3" time="10020" acceleration="2593"/>
    <motionState vehicle="10" speed="3" time="10020" acceleration="2587"/>
    <motionState vehicle="11" speed="3" time="10020" acceleration="2595"/>
</trajectories>
