<?xml version="1.0" encoding="UTF-8"?>

<!-- generated on Sun Mar 12 03:17:10 2017 by SUMO Version 0.29.0
<?xml version="1.0" encoding="UTF-8"?>

<configuration xmlns:xsi="http://www.w3.org/2001/XMLSchema-instance" xsi:noNamespaceSchemaLocation="http://sumo.dlr.de/xsd/sumoConfiguration.xsd">

    <input>
        <net-file value="tests/debug/cfg/test-two-lane-two-controller-200m2l.net.xml"/>
        <route-files value="tests/debug/cfg/test-two-lane-two-controller-200m2l.rou.xml"/>
        <additional-files value="tests/debug/cfg/test-two-lane-two-controller-200m2l.add.xml"/>
    </input>

    <output>
        <netstate-dump value="tests/debug/cfg/data/test-two-lane-two-controller-200m2l.netstate.xml"/>
        <emission-output value="tests/debug/cfg/data/test-two-lane-two-controller-200m2l.emission.xml"/>
        <amitran-output value="tests/debug/cfg/data/test-two-lane-two-controller-200m2l.amitran.xml"/>
        <lanechange-output value="tests/debug/cfg/data/test-two-lane-two-controller-200m2l.lanechange.xml"/>
    </output>

    <time>
        <begin value="0"/>
        <end value="1000"/>
        <step-length value="0.01"/>
    </time>

    <traci_server>
        <remote-port value="8873"/>
    </traci_server>

    <gui_only>
        <gui-settings-file value="tests/debug/cfg/test-two-lane-two-controller-200m2l.gui.cfg"/>
    </gui_only>

</configuration>
-->

<trajectories xmlns:xsi="http://www.w3.org/2001/XMLSchema-instance" xsi:noNamespaceSchemaLocation="http://sumo.dlr.de/xsd/amitran/trajectories.xsd" timeStepSize="10">
    <actorConfig id="3" vehicleClass="Passenger" fuel="Gasoline" emissionClass="Euro4" ref="cfm-fast"/>
    <vehicle id="0" actorConfig="3" startTime="0" ref="cfm-fast_0"/>
    <motionState vehicle="0" speed="0" time="0" acceleration="0"/>
    <vehicle id="1" actorConfig="3" startTime="0" ref="cfm-fast_1"/>
    <motionState vehicle="1" speed="0" time="0" acceleration="0"/>
    <vehicle id="2" actorConfig="3" startTime="0" ref="cfm-fast_2"/>
    <motionState vehicle="2" speed="0" time="0" acceleration="0"/>
    <vehicle id="3" actorConfig="3" startTime="0" ref="cfm-fast_3"/>
    <motionState vehicle="3" speed="0" time="0" acceleration="0"/>
    <vehicle id="4" actorConfig="3" startTime="0" ref="cfm-fast_4"/>
    <motionState vehicle="4" speed="0" time="0" acceleration="0"/>
    <vehicle id="5" actorConfig="3" startTime="0" ref="cfm-fast_5"/>
    <motionState vehicle="5" speed="0" time="0" acceleration="0"/>
    <actorConfig id="2" vehicleClass="Passenger" fuel="Gasoline" emissionClass="Euro4" ref="cfm-slow"/>
    <vehicle id="6" actorConfig="2" startTime="0" ref="cfm-slow_0"/>
    <motionState vehicle="6" speed="0" time="0" acceleration="0"/>
    <vehicle id="7" actorConfig="2" startTime="0" ref="cfm-slow_1"/>
    <motionState vehicle="7" speed="0" time="0" acceleration="0"/>
    <vehicle id="8" actorConfig="2" startTime="0" ref="cfm-slow_2"/>
    <motionState vehicle="8" speed="0" time="0" acceleration="0"/>
    <vehicle id="9" actorConfig="2" startTime="0" ref="cfm-slow_3"/>
    <motionState vehicle="9" speed="0" time="0" acceleration="0"/>
    <vehicle id="10" actorConfig="2" startTime="0" ref="cfm-slow_4"/>
    <motionState vehicle="10" speed="0" time="0" acceleration="0"/>
    <vehicle id="11" actorConfig="2" startTime="0" ref="cfm-slow_5"/>
    <motionState vehicle="11" speed="0" time="0" acceleration="0"/>
    <motionState vehicle="0" speed="18" time="10" acceleration="18182"/>
    <motionState vehicle="1" speed="18" time="10" acceleration="18182"/>
    <motionState vehicle="2" speed="18" time="10" acceleration="18182"/>
    <motionState vehicle="3" speed="18" time="10" acceleration="18182"/>
    <motionState vehicle="4" speed="18" time="10" acceleration="18182"/>
    <motionState vehicle="5" speed="18" time="10" acceleration="18182"/>
    <motionState vehicle="6" speed="18" time="10" acceleration="18182"/>
    <motionState vehicle="7" speed="18" time="10" acceleration="18182"/>
    <motionState vehicle="8" speed="18" time="10" acceleration="18182"/>
    <motionState vehicle="9" speed="18" time="10" acceleration="18182"/>
    <motionState vehicle="10" speed="18" time="10" acceleration="18182"/>
    <motionState vehicle="11" speed="18" time="10" acceleration="18182"/>
    <motionState vehicle="0" speed="36" time="20" acceleration="18182"/>
    <motionState vehicle="1" speed="36" time="20" acceleration="18182"/>
    <motionState vehicle="2" speed="36" time="20" acceleration="18182"/>
    <motionState vehicle="3" speed="36" time="20" acceleration="18182"/>
    <motionState vehicle="4" speed="36" time="20" acceleration="18182"/>
    <motionState vehicle="5" speed="36" time="20" acceleration="18182"/>
    <motionState vehicle="6" speed="36" time="20" acceleration="18182"/>
    <motionState vehicle="7" speed="36" time="20" acceleration="18182"/>
    <motionState vehicle="8" speed="36" time="20" acceleration="18182"/>
    <motionState vehicle="9" speed="36" time="20" acceleration="18182"/>
    <motionState vehicle="10" speed="36" time="20" acceleration="18182"/>
    <motionState vehicle="11" speed="36" time="20" acceleration="18182"/>
    <motionState vehicle="0" speed="55" time="30" acceleration="18182"/>
    <motionState vehicle="1" speed="55" time="30" acceleration="18182"/>
    <motionState vehicle="2" speed="55" time="30" acceleration="18182"/>
    <motionState vehicle="3" speed="55" time="30" acceleration="18182"/>
    <motionState vehicle="4" speed="55" time="30" acceleration="18182"/>
    <motionState vehicle="5" speed="55" time="30" acceleration="18182"/>
    <motionState vehicle="6" speed="55" time="30" acceleration="18182"/>
    <motionState vehicle="7" speed="55" time="30" acceleration="18182"/>
    <motionState vehicle="8" speed="55" time="30" acceleration="18182"/>
    <motionState vehicle="9" speed="55" time="30" acceleration="18182"/>
    <motionState vehicle="10" speed="55" time="30" acceleration="18182"/>
    <motionState vehicle="11" speed="55" time="30" acceleration="18182"/>
    <motionState vehicle="0" speed="73" time="40" acceleration="18182"/>
    <motionState vehicle="1" speed="73" time="40" acceleration="18182"/>
    <motionState vehicle="2" speed="73" time="40" acceleration="18182"/>
    <motionState vehicle="3" speed="73" time="40" acceleration="18182"/>
    <motionState vehicle="4" speed="73" time="40" acceleration="18182"/>
    <motionState vehicle="5" speed="73" time="40" acceleration="18182"/>
    <motionState vehicle="6" speed="73" time="40" acceleration="18182"/>
    <motionState vehicle="7" speed="73" time="40" acceleration="18182"/>
    <motionState vehicle="8" speed="73" time="40" acceleration="18182"/>
    <motionState vehicle="9" speed="73" time="40" acceleration="18182"/>
    <motionState vehicle="10" speed="73" time="40" acceleration="18182"/>
    <motionState vehicle="11" speed="73" time="40" acceleration="18182"/>
    <motionState vehicle="0" speed="91" time="50" acceleration="18182"/>
    <motionState vehicle="1" speed="91" time="50" acceleration="18182"/>
    <motionState vehicle="2" speed="91" time="50" acceleration="18182"/>
    <motionState vehicle="3" speed="91" time="50" acceleration="18182"/>
    <motionState vehicle="4" speed="91" time="50" acceleration="18182"/>
    <motionState vehicle="5" speed="91" time="50" acceleration="18182"/>
    <motionState vehicle="6" speed="91" time="50" acceleration="18182"/>
    <motionState vehicle="7" speed="91" time="50" acceleration="18182"/>
    <motionState vehicle="8" speed="91" time="50" acceleration="18182"/>
    <motionState vehicle="9" speed="91" time="50" acceleration="18182"/>
    <motionState vehicle="10" speed="91" time="50" acceleration="18182"/>
    <motionState vehicle="11" speed="91" time="50" acceleration="18182"/>
    <motionState vehicle="0" speed="109" time="60" acceleration="18182"/>
    <motionState vehicle="1" speed="109" time="60" acceleration="18182"/>
    <motionState vehicle="2" speed="109" time="60" acceleration="18182"/>
    <motionState vehicle="3" speed="109" time="60" acceleration="18182"/>
    <motionState vehicle="4" speed="109" time="60" acceleration="18182"/>
    <motionState vehicle="5" speed="109" time="60" acceleration="18182"/>
    <motionState vehicle="6" speed="109" time="60" acceleration="18182"/>
    <motionState vehicle="7" speed="109" time="60" acceleration="18182"/>
    <motionState vehicle="8" speed="109" time="60" acceleration="18182"/>
    <motionState vehicle="9" speed="109" time="60" acceleration="18182"/>
    <motionState vehicle="10" speed="109" time="60" acceleration="18182"/>
    <motionState vehicle="11" speed="109" time="60" acceleration="18182"/>
    <motionState vehicle="0" speed="127" time="70" acceleration="18182"/>
    <motionState vehicle="1" speed="127" time="70" acceleration="18182"/>
    <motionState vehicle="2" speed="127" time="70" acceleration="18182"/>
    <motionState vehicle="3" speed="127" time="70" acceleration="18182"/>
    <motionState vehicle="4" speed="127" time="70" acceleration="18182"/>
    <motionState vehicle="5" speed="127" time="70" acceleration="18182"/>
    <motionState vehicle="6" speed="127" time="70" acceleration="18182"/>
    <motionState vehicle="7" speed="127" time="70" acceleration="18182"/>
    <motionState vehicle="8" speed="127" time="70" acceleration="18182"/>
    <motionState vehicle="9" speed="127" time="70" acceleration="18182"/>
    <motionState vehicle="10" speed="127" time="70" acceleration="18182"/>
    <motionState vehicle="11" speed="127" time="70" acceleration="18182"/>
    <motionState vehicle="0" speed="145" time="80" acceleration="18182"/>
    <motionState vehicle="1" speed="145" time="80" acceleration="18182"/>
    <motionState vehicle="2" speed="145" time="80" acceleration="18182"/>
    <motionState vehicle="3" speed="145" time="80" acceleration="18182"/>
    <motionState vehicle="4" speed="145" time="80" acceleration="18182"/>
    <motionState vehicle="5" speed="145" time="80" acceleration="18182"/>
    <motionState vehicle="6" speed="145" time="80" acceleration="18182"/>
    <motionState vehicle="7" speed="145" time="80" acceleration="18182"/>
    <motionState vehicle="8" speed="145" time="80" acceleration="18182"/>
    <motionState vehicle="9" speed="145" time="80" acceleration="18182"/>
    <motionState vehicle="10" speed="145" time="80" acceleration="18182"/>
    <motionState vehicle="11" speed="145" time="80" acceleration="18182"/>
    <motionState vehicle="0" speed="164" time="90" acceleration="18182"/>
    <motionState vehicle="1" speed="164" time="90" acceleration="18182"/>
    <motionState vehicle="2" speed="164" time="90" acceleration="18182"/>
    <motionState vehicle="3" speed="164" time="90" acceleration="18182"/>
    <motionState vehicle="4" speed="164" time="90" acceleration="18182"/>
    <motionState vehicle="5" speed="164" time="90" acceleration="18182"/>
    <motionState vehicle="6" speed="164" time="90" acceleration="18182"/>
    <motionState vehicle="7" speed="164" time="90" acceleration="18182"/>
    <motionState vehicle="8" speed="164" time="90" acceleration="18182"/>
    <motionState vehicle="9" speed="164" time="90" acceleration="18182"/>
    <motionState vehicle="10" speed="164" time="90" acceleration="18182"/>
    <motionState vehicle="11" speed="164" time="90" acceleration="18182"/>
    <motionState vehicle="0" speed="182" time="100" acceleration="18182"/>
    <motionState vehicle="1" speed="182" time="100" acceleration="18182"/>
    <motionState vehicle="2" speed="182" time="100" acceleration="18182"/>
    <motionState vehicle="3" speed="182" time="100" acceleration="18182"/>
    <motionState vehicle="4" speed="182" time="100" acceleration="18182"/>
    <motionState vehicle="5" speed="182" time="100" acceleration="18182"/>
    <motionState vehicle="6" speed="182" time="100" acceleration="18182"/>
    <motionState vehicle="7" speed="182" time="100" acceleration="18182"/>
    <motionState vehicle="8" speed="182" time="100" acceleration="18182"/>
    <motionState vehicle="9" speed="182" time="100" acceleration="18182"/>
    <motionState vehicle="10" speed="182" time="100" acceleration="18182"/>
    <motionState vehicle="11" speed="182" time="100" acceleration="18182"/>
    <motionState vehicle="0" speed="200" time="110" acceleration="18182"/>
    <motionState vehicle="1" speed="200" time="110" acceleration="18182"/>
    <motionState vehicle="2" speed="200" time="110" acceleration="18182"/>
    <motionState vehicle="3" speed="200" time="110" acceleration="18182"/>
    <motionState vehicle="4" speed="200" time="110" acceleration="18182"/>
    <motionState vehicle="5" speed="200" time="110" acceleration="18182"/>
    <motionState vehicle="6" speed="200" time="110" acceleration="18044"/>
    <motionState vehicle="7" speed="200" time="110" acceleration="18044"/>
    <motionState vehicle="8" speed="200" time="110" acceleration="18044"/>
    <motionState vehicle="9" speed="200" time="110" acceleration="18044"/>
    <motionState vehicle="10" speed="200" time="110" acceleration="18044"/>
    <motionState vehicle="11" speed="200" time="110" acceleration="18044"/>
    <motionState vehicle="0" speed="218" time="120" acceleration="18182"/>
    <motionState vehicle="1" speed="218" time="120" acceleration="18182"/>
    <motionState vehicle="2" speed="218" time="120" acceleration="18182"/>
    <motionState vehicle="3" speed="218" time="120" acceleration="18182"/>
    <motionState vehicle="4" speed="218" time="120" acceleration="18182"/>
    <motionState vehicle="5" speed="218" time="120" acceleration="18182"/>
    <motionState vehicle="6" speed="218" time="120" acceleration="17880"/>
    <motionState vehicle="7" speed="218" time="120" acceleration="17880"/>
    <motionState vehicle="8" speed="218" time="120" acceleration="17880"/>
    <motionState vehicle="9" speed="218" time="120" acceleration="17880"/>
    <motionState vehicle="10" speed="218" time="120" acceleration="17880"/>
    <motionState vehicle="11" speed="218" time="120" acceleration="17881"/>
    <motionState vehicle="0" speed="236" time="130" acceleration="18182"/>
    <motionState vehicle="1" speed="236" time="130" acceleration="18182"/>
    <motionState vehicle="2" speed="236" time="130" acceleration="18182"/>
    <motionState vehicle="3" speed="236" time="130" acceleration="18182"/>
    <motionState vehicle="4" speed="236" time="130" acceleration="18182"/>
    <motionState vehicle="5" speed="236" time="130" acceleration="18182"/>
    <motionState vehicle="6" speed="235" time="130" acceleration="17717"/>
    <motionState vehicle="7" speed="235" time="130" acceleration="17717"/>
    <motionState vehicle="8" speed="235" time="130" acceleration="17717"/>
    <motionState vehicle="9" speed="235" time="130" acceleration="17717"/>
    <motionState vehicle="10" speed="235" time="130" acceleration="17718"/>
    <motionState vehicle="11" speed="235" time="130" acceleration="17722"/>
    <motionState vehicle="0" speed="255" time="140" acceleration="18182"/>
    <motionState vehicle="1" speed="255" time="140" acceleration="18182"/>
    <motionState vehicle="2" speed="255" time="140" acceleration="18182"/>
    <motionState vehicle="3" speed="255" time="140" acceleration="18182"/>
    <motionState vehicle="4" speed="255" time="140" acceleration="18182"/>
    <motionState vehicle="5" speed="255" time="140" acceleration="18182"/>
    <motionState vehicle="6" speed="253" time="140" acceleration="17556"/>
    <motionState vehicle="7" speed="253" time="140" acceleration="17556"/>
    <motionState vehicle="8" speed="253" time="140" acceleration="17556"/>
    <motionState vehicle="9" speed="253" time="140" acceleration="17556"/>
    <motionState vehicle="10" speed="253" time="140" acceleration="17556"/>
    <motionState vehicle="11" speed="253" time="140" acceleration="17565"/>
    <motionState vehicle="0" speed="273" time="150" acceleration="18182"/>
    <motionState vehicle="1" speed="273" time="150" acceleration="18182"/>
    <motionState vehicle="2" speed="273" time="150" acceleration="18182"/>
    <motionState vehicle="3" speed="273" time="150" acceleration="18182"/>
    <motionState vehicle="4" speed="273" time="150" acceleration="18182"/>
    <motionState vehicle="5" speed="273" time="150" acceleration="18182"/>
    <motionState vehicle="6" speed="270" time="150" acceleration="17397"/>
    <motionState vehicle="7" speed="270" time="150" acceleration="17397"/>
    <motionState vehicle="8" speed="270" time="150" acceleration="17397"/>
    <motionState vehicle="9" speed="270" time="150" acceleration="17397"/>
    <motionState vehicle="10" speed="270" time="150" acceleration="17397"/>
    <motionState vehicle="11" speed="270" time="150" acceleration="17411"/>
    <motionState vehicle="0" speed="291" time="160" acceleration="18182"/>
    <motionState vehicle="1" speed="291" time="160" acceleration="18182"/>
    <motionState vehicle="2" speed="291" time="160" acceleration="18182"/>
    <motionState vehicle="3" speed="291" time="160" acceleration="18182"/>
    <motionState vehicle="4" speed="291" time="160" acceleration="18182"/>
    <motionState vehicle="5" speed="291" time="160" acceleration="18182"/>
    <motionState vehicle="6" speed="288" time="160" acceleration="17239"/>
    <motionState vehicle="7" speed="288" time="160" acceleration="17239"/>
    <motionState vehicle="8" speed="288" time="160" acceleration="17239"/>
    <motionState vehicle="9" speed="288" time="160" acceleration="17239"/>
    <motionState vehicle="10" speed="288" time="160" acceleration="17239"/>
    <motionState vehicle="11" speed="288" time="160" acceleration="17260"/>
    <motionState vehicle="0" speed="309" time="170" acceleration="18182"/>
    <motionState vehicle="1" speed="309" time="170" acceleration="18182"/>
    <motionState vehicle="2" speed="309" time="170" acceleration="18182"/>
    <motionState vehicle="3" speed="309" time="170" acceleration="18182"/>
    <motionState vehicle="4" speed="309" time="170" acceleration="18182"/>
    <motionState vehicle="5" speed="309" time="170" acceleration="18182"/>
    <motionState vehicle="6" speed="305" time="170" acceleration="17082"/>
    <motionState vehicle="7" speed="305" time="170" acceleration="17082"/>
    <motionState vehicle="8" speed="305" time="170" acceleration="17082"/>
    <motionState vehicle="9" speed="305" time="170" acceleration="17082"/>
    <motionState vehicle="10" speed="305" time="170" acceleration="17082"/>
    <motionState vehicle="11" speed="305" time="170" acceleration="17111"/>
    <motionState vehicle="0" speed="327" time="180" acceleration="18182"/>
    <motionState vehicle="1" speed="327" time="180" acceleration="18182"/>
    <motionState vehicle="2" speed="327" time="180" acceleration="18182"/>
    <motionState vehicle="3" speed="327" time="180" acceleration="18182"/>
    <motionState vehicle="4" speed="327" time="180" acceleration="18182"/>
    <motionState vehicle="5" speed="327" time="180" acceleration="18182"/>
    <motionState vehicle="6" speed="322" time="180" acceleration="16927"/>
    <motionState vehicle="7" speed="322" time="180" acceleration="16927"/>
    <motionState vehicle="8" speed="322" time="180" acceleration="16927"/>
    <motionState vehicle="9" speed="322" time="180" acceleration="16927"/>
    <motionState vehicle="10" speed="322" time="180" acceleration="16927"/>
    <motionState vehicle="11" speed="322" time="180" acceleration="16966"/>
    <motionState vehicle="0" speed="345" time="190" acceleration="18182"/>
    <motionState vehicle="1" speed="345" time="190" acceleration="18182"/>
    <motionState vehicle="2" speed="345" time="190" acceleration="18182"/>
    <motionState vehicle="3" speed="345" time="190" acceleration="18182"/>
    <motionState vehicle="4" speed="345" time="190" acceleration="18182"/>
    <motionState vehicle="5" speed="345" time="190" acceleration="18182"/>
    <motionState vehicle="6" speed="338" time="190" acceleration="16773"/>
    <motionState vehicle="7" speed="338" time="190" acceleration="16773"/>
    <motionState vehicle="8" speed="338" time="190" acceleration="16773"/>
    <motionState vehicle="9" speed="338" time="190" acceleration="16773"/>
    <motionState vehicle="10" speed="338" time="190" acceleration="16774"/>
    <motionState vehicle="11" speed="339" time="190" acceleration="16823"/>
    <motionState vehicle="0" speed="364" time="200" acceleration="18182"/>
    <motionState vehicle="1" speed="364" time="200" acceleration="18182"/>
    <motionState vehicle="2" speed="364" time="200" acceleration="18182"/>
    <motionState vehicle="3" speed="364" time="200" acceleration="18182"/>
    <motionState vehicle="4" speed="364" time="200" acceleration="18182"/>
    <motionState vehicle="5" speed="364" time="200" acceleration="18182"/>
    <motionState vehicle="6" speed="355" time="200" acceleration="16620"/>
    <motionState vehicle="7" speed="355" time="200" acceleration="16620"/>
    <motionState vehicle="8" speed="355" time="200" acceleration="16620"/>
    <motionState vehicle="9" speed="355" time="200" acceleration="16620"/>
    <motionState vehicle="10" speed="355" time="200" acceleration="16622"/>
    <motionState vehicle="11" speed="355" time="200" acceleration="16683"/>
    <motionState vehicle="0" speed="382" time="210" acceleration="18182"/>
    <motionState vehicle="1" speed="382" time="210" acceleration="18182"/>
    <motionState vehicle="2" speed="382" time="210" acceleration="18182"/>
    <motionState vehicle="3" speed="382" time="210" acceleration="18182"/>
    <motionState vehicle="4" speed="382" time="210" acceleration="18182"/>
    <motionState vehicle="5" speed="382" time="210" acceleration="18182"/>
    <motionState vehicle="6" speed="372" time="210" acceleration="16469"/>
    <motionState vehicle="7" speed="372" time="210" acceleration="16469"/>
    <motionState vehicle="8" speed="372" time="210" acceleration="16469"/>
    <motionState vehicle="9" speed="372" time="210" acceleration="16469"/>
    <motionState vehicle="10" speed="372" time="210" acceleration="16471"/>
    <motionState vehicle="11" speed="372" time="210" acceleration="16546"/>
    <motionState vehicle="0" speed="400" time="220" acceleration="18182"/>
    <motionState vehicle="1" speed="400" time="220" acceleration="18182"/>
    <motionState vehicle="2" speed="400" time="220" acceleration="18182"/>
    <motionState vehicle="3" speed="400" time="220" acceleration="18182"/>
    <motionState vehicle="4" speed="400" time="220" acceleration="18182"/>
    <motionState vehicle="5" speed="400" time="220" acceleration="18182"/>
    <motionState vehicle="6" speed="388" time="220" acceleration="16319"/>
    <motionState vehicle="7" speed="388" time="220" acceleration="16319"/>
    <motionState vehicle="8" speed="388" time="220" acceleration="16319"/>
    <motionState vehicle="9" speed="388" time="220" acceleration="16320"/>
    <motionState vehicle="10" speed="388" time="220" acceleration="16322"/>
    <motionState vehicle="11" speed="388" time="220" acceleration="16411"/>
    <motionState vehicle="0" speed="418" time="230" acceleration="18182"/>
    <motionState vehicle="1" speed="418" time="230" acceleration="18182"/>
    <motionState vehicle="2" speed="418" time="230" acceleration="18182"/>
    <motionState vehicle="3" speed="418" time="230" acceleration="18182"/>
    <motionState vehicle="4" speed="418" time="230" acceleration="18182"/>
    <motionState vehicle="5" speed="418" time="230" acceleration="18182"/>
    <motionState vehicle="6" speed="404" time="230" acceleration="16171"/>
    <motionState vehicle="7" speed="404" time="230" acceleration="16171"/>
    <motionState vehicle="8" speed="404" time="230" acceleration="16171"/>
    <motionState vehicle="9" speed="404" time="230" acceleration="16171"/>
    <motionState vehicle="10" speed="404" time="230" acceleration="16175"/>
    <motionState vehicle="11" speed="405" time="230" acceleration="16279"/>
    <motionState vehicle="0" speed="436" time="240" acceleration="18182"/>
    <motionState vehicle="1" speed="436" time="240" acceleration="18182"/>
    <motionState vehicle="2" speed="436" time="240" acceleration="18182"/>
    <motionState vehicle="3" speed="436" time="240" acceleration="18182"/>
    <motionState vehicle="4" speed="436" time="240" acceleration="18182"/>
    <motionState vehicle="5" speed="436" time="240" acceleration="18182"/>
    <motionState vehicle="6" speed="420" time="240" acceleration="16024"/>
    <motionState vehicle="7" speed="420" time="240" acceleration="16024"/>
    <motionState vehicle="8" speed="420" time="240" acceleration="16024"/>
    <motionState vehicle="9" speed="420" time="240" acceleration="16024"/>
    <motionState vehicle="10" speed="420" time="240" acceleration="16029"/>
    <motionState vehicle="11" speed="421" time="240" acceleration="16150"/>
    <motionState vehicle="0" speed="455" time="250" acceleration="18182"/>
    <motionState vehicle="1" speed="455" time="250" acceleration="18182"/>
    <motionState vehicle="2" speed="455" time="250" acceleration="18182"/>
    <motionState vehicle="3" speed="455" time="250" acceleration="18182"/>
    <motionState vehicle="4" speed="455" time="250" acceleration="18182"/>
    <motionState vehicle="5" speed="455" time="250" acceleration="18182"/>
    <motionState vehicle="6" speed="436" time="250" acceleration="15878"/>
    <motionState vehicle="7" speed="436" time="250" acceleration="15878"/>
    <motionState vehicle="8" speed="436" time="250" acceleration="15878"/>
    <motionState vehicle="9" speed="436" time="250" acceleration="15879"/>
    <motionState vehicle="10" speed="436" time="250" acceleration="15884"/>
    <motionState vehicle="11" speed="437" time="250" acceleration="16023"/>
    <motionState vehicle="0" speed="473" time="260" acceleration="18182"/>
    <motionState vehicle="1" speed="473" time="260" acceleration="18182"/>
    <motionState vehicle="2" speed="473" time="260" acceleration="18182"/>
    <motionState vehicle="3" speed="473" time="260" acceleration="18182"/>
    <motionState vehicle="4" speed="473" time="260" acceleration="18182"/>
    <motionState vehicle="5" speed="473" time="260" acceleration="18182"/>
    <motionState vehicle="6" speed="452" time="260" acceleration="15734"/>
    <motionState vehicle="7" speed="452" time="260" acceleration="15734"/>
    <motionState vehicle="8" speed="452" time="260" acceleration="15734"/>
    <motionState vehicle="9" speed="452" time="260" acceleration="15734"/>
    <motionState vehicle="10" speed="452" time="260" acceleration="15741"/>
    <motionState vehicle="11" speed="453" time="260" acceleration="15899"/>
    <motionState vehicle="0" speed="491" time="270" acceleration="18182"/>
    <motionState vehicle="1" speed="491" time="270" acceleration="18182"/>
    <motionState vehicle="2" speed="491" time="270" acceleration="18182"/>
    <motionState vehicle="3" speed="491" time="270" acceleration="18182"/>
    <motionState vehicle="4" speed="491" time="270" acceleration="18182"/>
    <motionState vehicle="5" speed="491" time="270" acceleration="18182"/>
    <motionState vehicle="6" speed="467" time="270" acceleration="15591"/>
    <motionState vehicle="7" speed="467" time="270" acceleration="15591"/>
    <motionState vehicle="8" speed="467" time="270" acceleration="15591"/>
    <motionState vehicle="9" speed="467" time="270" acceleration="15591"/>
    <motionState vehicle="10" speed="467" time="270" acceleration="15599"/>
    <motionState vehicle="11" speed="468" time="270" acceleration="15777"/>
    <motionState vehicle="0" speed="509" time="280" acceleration="18182"/>
    <motionState vehicle="1" speed="509" time="280" acceleration="18182"/>
    <motionState vehicle="2" speed="509" time="280" acceleration="18182"/>
    <motionState vehicle="3" speed="509" time="280" acceleration="18182"/>
    <motionState vehicle="4" speed="509" time="280" acceleration="18182"/>
    <motionState vehicle="5" speed="509" time="280" acceleration="18182"/>
    <motionState vehicle="6" speed="483" time="280" acceleration="15449"/>
    <motionState vehicle="7" speed="483" time="280" acceleration="15449"/>
    <motionState vehicle="8" speed="483" time="280" acceleration="15449"/>
    <motionState vehicle="9" speed="483" time="280" acceleration="15450"/>
    <motionState vehicle="10" speed="483" time="280" acceleration="15459"/>
    <motionState vehicle="11" speed="484" time="280" acceleration="15657"/>
    <motionState vehicle="0" speed="527" time="290" acceleration="18182"/>
    <motionState vehicle="1" speed="527" time="290" acceleration="18182"/>
    <motionState vehicle="2" speed="527" time="290" acceleration="18182"/>
    <motionState vehicle="3" speed="527" time="290" acceleration="18182"/>
    <motionState vehicle="4" speed="527" time="290" acceleration="18182"/>
    <motionState vehicle="5" speed="527" time="290" acceleration="18182"/>
    <motionState vehicle="6" speed="498" time="290" acceleration="15309"/>
    <motionState vehicle="7" speed="498" time="290" acceleration="15309"/>
    <motionState vehicle="8" speed="498" time="290" acceleration="15309"/>
    <motionState vehicle="9" speed="498" time="290" acceleration="15309"/>
    <motionState vehicle="10" speed="498" time="290" acceleration="15321"/>
    <motionState vehicle="11" speed="500" time="290" acceleration="15540"/>
    <motionState vehicle="0" speed="545" time="300" acceleration="18182"/>
    <motionState vehicle="1" speed="545" time="300" acceleration="18182"/>
    <motionState vehicle="2" speed="545" time="300" acceleration="18182"/>
    <motionState vehicle="3" speed="545" time="300" acceleration="18182"/>
    <motionState vehicle="4" speed="545" time="300" acceleration="18182"/>
    <motionState vehicle="5" speed="545" time="300" acceleration="18182"/>
    <motionState vehicle="6" speed="513" time="300" acceleration="15170"/>
    <motionState vehicle="7" speed="513" time="300" acceleration="15170"/>
    <motionState vehicle="8" speed="513" time="300" acceleration="15170"/>
    <motionState vehicle="9" speed="513" time="300" acceleration="15170"/>
    <motionState vehicle="10" speed="513" time="300" acceleration="15184"/>
    <motionState vehicle="11" speed="515" time="300" acceleration="15425"/>
    <motionState vehicle="0" speed="564" time="310" acceleration="18182"/>
    <motionState vehicle="1" speed="564" time="310" acceleration="18182"/>
    <motionState vehicle="2" speed="564" time="310" acceleration="18182"/>
    <motionState vehicle="3" speed="564" time="310" acceleration="18182"/>
    <motionState vehicle="4" speed="564" time="310" acceleration="18182"/>
    <motionState vehicle="5" speed="564" time="310" acceleration="18059"/>
    <motionState vehicle="6" speed="528" time="310" acceleration="15032"/>
    <motionState vehicle="7" speed="528" time="310" acceleration="15032"/>
    <motionState vehicle="8" speed="528" time="310" acceleration="15032"/>
    <motionState vehicle="9" speed="528" time="310" acceleration="15032"/>
    <motionState vehicle="10" speed="528" time="310" acceleration="15048"/>
    <motionState vehicle="11" speed="530" time="310" acceleration="15313"/>
    <motionState vehicle="0" speed="582" time="320" acceleration="18182"/>
    <motionState vehicle="1" speed="582" time="320" acceleration="18182"/>
    <motionState vehicle="2" speed="582" time="320" acceleration="18182"/>
    <motionState vehicle="3" speed="582" time="320" acceleration="18182"/>
    <motionState vehicle="4" speed="582" time="320" acceleration="18182"/>
    <motionState vehicle="5" speed="581" time="320" acceleration="17865"/>
    <motionState vehicle="6" speed="543" time="320" acceleration="14895"/>
    <motionState vehicle="7" speed="543" time="320" acceleration="14895"/>
    <motionState vehicle="8" speed="543" time="320" acceleration="14895"/>
    <motionState vehicle="9" speed="543" time="320" acceleration="14896"/>
    <motionState vehicle="10" speed="543" time="320" acceleration="14914"/>
    <motionState vehicle="11" speed="546" time="320" acceleration="15203"/>
    <motionState vehicle="0" speed="600" time="330" acceleration="18044"/>
    <motionState vehicle="1" speed="600" time="330" acceleration="18044"/>
    <motionState vehicle="2" speed="600" time="330" acceleration="18044"/>
    <motionState vehicle="3" speed="600" time="330" acceleration="18044"/>
    <motionState vehicle="4" speed="600" time="330" acceleration="18040"/>
    <motionState vehicle="5" speed="599" time="330" acceleration="17672"/>
    <motionState vehicle="6" speed="558" time="330" acceleration="14760"/>
    <motionState vehicle="7" speed="558" time="330" acceleration="14760"/>
    <motionState vehicle="8" speed="558" time="330" acceleration="14760"/>
    <motionState vehicle="9" speed="558" time="330" acceleration="14761"/>
    <motionState vehicle="10" speed="558" time="330" acceleration="14781"/>
    <motionState vehicle="11" speed="561" time="330" acceleration="15095"/>
    <motionState vehicle="0" speed="618" time="340" acceleration="17880"/>
    <motionState vehicle="1" speed="618" time="340" acceleration="17880"/>
    <motionState vehicle="2" speed="618" time="340" acceleration="17880"/>
    <motionState vehicle="3" speed="618" time="340" acceleration="17880"/>
    <motionState vehicle="4" speed="618" time="340" acceleration="17873"/>
    <motionState vehicle="5" speed="617" time="340" acceleration="17481"/>
    <motionState vehicle="6" speed="572" time="340" acceleration="14626"/>
    <motionState vehicle="7" speed="572" time="340" acceleration="14626"/>
    <motionState vehicle="8" speed="572" time="340" acceleration="14626"/>
    <motionState vehicle="9" speed="572" time="340" acceleration="14627"/>
    <motionState vehicle="10" speed="573" time="340" acceleration="14650"/>
    <motionState vehicle="11" speed="576" time="340" acceleration="14988"/>
    <motionState vehicle="0" speed="635" time="350" acceleration="17717"/>
    <motionState vehicle="1" speed="635" time="350" acceleration="17717"/>
    <motionState vehicle="2" speed="635" time="350" acceleration="17717"/>
    <motionState vehicle="3" speed="635" time="350" acceleration="17717"/>
    <motionState vehicle="4" speed="635" time="350" acceleration="17706"/>
    <motionState vehicle="5" speed="634" time="350" acceleration="17292"/>
    <motionState vehicle="6" speed="587" time="350" acceleration="14493"/>
    <motionState vehicle="7" speed="587" time="350" acceleration="14493"/>
    <motionState vehicle="8" speed="587" time="350" acceleration="14493"/>
    <motionState vehicle="9" speed="587" time="350" acceleration="14494"/>
    <motionState vehicle="10" speed="587" time="350" acceleration="14520"/>
    <motionState vehicle="11" speed="590" time="350" acceleration="14882"/>
    <motionState vehicle="0" speed="653" time="360" acceleration="17556"/>
    <motionState vehicle="1" speed="653" time="360" acceleration="17556"/>
    <motionState vehicle="2" speed="653" time="360" acceleration="17556"/>
    <motionState vehicle="3" speed="653" time="360" acceleration="17556"/>
    <motionState vehicle="4" speed="653" time="360" acceleration="17542"/>
    <motionState vehicle="5" speed="651" time="360" acceleration="17105"/>
    <motionState vehicle="6" speed="601" time="360" acceleration="14361"/>
    <motionState vehicle="7" speed="601" time="360" acceleration="14361"/>
    <motionState vehicle="8" speed="601" time="360" acceleration="14361"/>
    <motionState vehicle="9" speed="601" time="360" acceleration="14362"/>
    <motionState vehicle="10" speed="602" time="360" acceleration="14391"/>
    <motionState vehicle="11" speed="605" time="360" acceleration="14777"/>
    <motionState vehicle="0" speed="670" time="370" acceleration="17397"/>
    <motionState vehicle="1" speed="670" time="370" acceleration="17397"/>
    <motionState vehicle="2" speed="670" time="370" acceleration="17397"/>
    <motionState vehicle="3" speed="670" time="370" acceleration="17396"/>
    <motionState vehicle="4" speed="670" time="370" acceleration="17378"/>
    <motionState vehicle="5" speed="668" time="370" acceleration="16920"/>
    <motionState vehicle="6" speed="616" time="370" acceleration="14230"/>
    <motionState vehicle="7" speed="616" time="370" acceleration="14230"/>
    <motionState vehicle="8" speed="616" time="370" acceleration="14230"/>
    <motionState vehicle="9" speed="616" time="370" acceleration="14232"/>
    <motionState vehicle="10" speed="616" time="370" acceleration="14264"/>
    <motionState vehicle="11" speed="620" time="370" acceleration="14672"/>
    <motionState vehicle="0" speed="688" time="380" acceleration="17239"/>
    <motionState vehicle="1" speed="688" time="380" acceleration="17239"/>
    <motionState vehicle="2" speed="688" time="380" acceleration="17239"/>
    <motionState vehicle="3" speed="688" time="380" acceleration="17238"/>
    <motionState vehicle="4" speed="688" time="380" acceleration="17216"/>
    <motionState vehicle="5" speed="685" time="380" acceleration="16737"/>
    <motionState vehicle="6" speed="630" time="380" acceleration="14101"/>
    <motionState vehicle="7" speed="630" time="380" acceleration="14101"/>
    <motionState vehicle="8" speed="630" time="380" acceleration="14101"/>
    <motionState vehicle="9" speed="630" time="380" acceleration="14103"/>
    <motionState vehicle="10" speed="630" time="380" acceleration="14139"/>
    <motionState vehicle="11" speed="634" time="380" acceleration="14568"/>
    <motionState vehicle="0" speed="705" time="390" acceleration="17082"/>
    <motionState vehicle="1" speed="705" time="390" acceleration="17082"/>
    <motionState vehicle="2" speed="705" time="390" acceleration="17082"/>
    <motionState vehicle="3" speed="705" time="390" acceleration="17081"/>
    <motionState vehicle="4" speed="705" time="390" acceleration="17054"/>
    <motionState vehicle="5" speed="701" time="390" acceleration="16556"/>
    <motionState vehicle="6" speed="644" time="390" acceleration="13973"/>
    <motionState vehicle="7" speed="644" time="390" acceleration="13973"/>
    <motionState vehicle="8" speed="644" time="390" acceleration="13973"/>
    <motionState vehicle="9" speed="644" time="390" acceleration="13975"/>
    <motionState vehicle="10" speed="644" time="390" acceleration="14015"/>
    <motionState vehicle="11" speed="649" time="390" acceleration="14465"/>
    <motionState vehicle="0" speed="722" time="400" acceleration="16927"/>
    <motionState vehicle="1" speed="722" time="400" acceleration="16927"/>
    <motionState vehicle="2" speed="722" time="400" acceleration="16927"/>
    <motionState vehicle="3" speed="722" time="400" acceleration="16926"/>
    <motionState vehicle="4" speed="722" time="400" acceleration="16895"/>
    <motionState vehicle="5" speed="718" time="400" acceleration="16377"/>
    <motionState vehicle="6" speed="657" time="400" acceleration="13846"/>
    <motionState vehicle="7" speed="657" time="400" acceleration="13846"/>
    <motionState vehicle="8" speed="657" time="400" acceleration="13846"/>
    <motionState vehicle="9" speed="658" time="400" acceleration="13849"/>
    <motionState vehicle="10" speed="658" time="400" acceleration="13892"/>
    <motionState vehicle="11" speed="663" time="400" acceleration="14362"/>
    <motionState vehicle="0" speed="738" time="410" acceleration="16773"/>
    <motionState vehicle="1" speed="738" time="410" acceleration="16773"/>
    <motionState vehicle="2" speed="738" time="410" acceleration="16773"/>
    <motionState vehicle="3" speed="738" time="410" acceleration="16772"/>
    <motionState vehicle="4" speed="738" time="410" acceleration="16736"/>
    <motionState vehicle="5" speed="734" time="410" acceleration="16199"/>
    <motionState vehicle="6" speed="671" time="410" acceleration="13720"/>
    <motionState vehicle="7" speed="671" time="410" acceleration="13720"/>
    <motionState vehicle="8" speed="671" time="410" acceleration="13720"/>
    <motionState vehicle="9" speed="671" time="410" acceleration="13723"/>
    <motionState vehicle="10" speed="672" time="410" acceleration="13770"/>
    <motionState vehicle="11" speed="678" time="410" acceleration="14260"/>
    <motionState vehicle="0" speed="755" time="420" acceleration="16620"/>
    <motionState vehicle="1" speed="755" time="420" acceleration="16620"/>
    <motionState vehicle="2" speed="755" time="420" acceleration="16620"/>
    <motionState vehicle="3" speed="755" time="420" acceleration="16619"/>
    <motionState vehicle="4" speed="755" time="420" acceleration="16578"/>
    <motionState vehicle="5" speed="750" time="420" acceleration="16024"/>
    <motionState vehicle="6" speed="685" time="420" acceleration="13595"/>
    <motionState vehicle="7" speed="685" time="420" acceleration="13595"/>
    <motionState vehicle="8" speed="685" time="420" acceleration="13595"/>
    <motionState vehicle="9" speed="685" time="420" acceleration="13599"/>
    <motionState vehicle="10" speed="685" time="420" acceleration="13650"/>
    <motionState vehicle="11" speed="692" time="420" acceleration="14159"/>
    <motionState vehicle="0" speed="772" time="430" acceleration="16469"/>
    <motionState vehicle="1" speed="772" time="430" acceleration="16469"/>
    <motionState vehicle="2" speed="772" time="430" acceleration="16469"/>
    <motionState vehicle="3" speed="772" time="430" acceleration="16467"/>
    <motionState vehicle="4" speed="771" time="430" acceleration="16422"/>
    <motionState vehicle="5" speed="766" time="430" acceleration="15850"/>
    <motionState vehicle="6" speed="698" time="430" acceleration="13472"/>
    <motionState vehicle="7" speed="698" time="430" acceleration="13472"/>
    <motionState vehicle="8" speed="698" time="430" acceleration="13472"/>
    <motionState vehicle="9" speed="698" time="430" acceleration="13476"/>
    <motionState vehicle="10" speed="699" time="430" acceleration="13531"/>
    <motionState vehicle="11" speed="706" time="430" acceleration="14058"/>
    <motionState vehicle="0" speed="788" time="440" acceleration="16319"/>
    <motionState vehicle="1" speed="788" time="440" acceleration="16319"/>
    <motionState vehicle="2" speed="788" time="440" acceleration="16319"/>
    <motionState vehicle="3" speed="788" time="440" acceleration="16317"/>
    <motionState vehicle="4" speed="788" time="440" acceleration="16267"/>
    <motionState vehicle="5" speed="781" time="440" acceleration="15678"/>
    <motionState vehicle="6" speed="712" time="440" acceleration="13349"/>
    <motionState vehicle="7" speed="712" time="440" acceleration="13349"/>
    <motionState vehicle="8" speed="712" time="440" acceleration="13349"/>
    <motionState vehicle="9" speed="712" time="440" acceleration="13354"/>
    <motionState vehicle="10" speed="712" time="440" acceleration="13414"/>
    <motionState vehicle="11" speed="720" time="440" acceleration="13958"/>
    <motionState vehicle="0" speed="804" time="450" acceleration="16171"/>
    <motionState vehicle="1" speed="804" time="450" acceleration="16171"/>
    <motionState vehicle="2" speed="804" time="450" acceleration="16171"/>
    <motionState vehicle="3" speed="804" time="450" acceleration="16168"/>
    <motionState vehicle="4" speed="804" time="450" acceleration="16113"/>
    <motionState vehicle="5" speed="797" time="450" acceleration="15508"/>
    <motionState vehicle="6" speed="725" time="450" acceleration="13228"/>
    <motionState vehicle="7" speed="725" time="450" acceleration="13228"/>
    <motionState vehicle="8" speed="725" time="450" acceleration="13228"/>
    <motionState vehicle="9" speed="725" time="450" acceleration="13233"/>
    <motionState vehicle="10" speed="726" time="450" acceleration="13297"/>
    <motionState vehicle="11" speed="734" time="450" acceleration="13859"/>
    <motionState vehicle="0" speed="820" time="460" acceleration="16024"/>
    <motionState vehicle="1" speed="820" time="460" acceleration="16024"/>
    <motionState vehicle="2" speed="820" time="460" acceleration="16024"/>
    <motionState vehicle="3" speed="820" time="460" acceleration="16021"/>
    <motionState vehicle="4" speed="820" time="460" acceleration="15961"/>
    <motionState vehicle="5" speed="812" time="460" acceleration="15340"/>
    <motionState vehicle="6" speed="738" time="460" acceleration="13107"/>
    <motionState vehicle="7" speed="738" time="460" acceleration="13107"/>
    <motionState vehicle="8" speed="738" time="460" acceleration="13108"/>
    <motionState vehicle="9" speed="738" time="460" acceleration="13113"/>
    <motionState vehicle="10" speed="739" time="460" acceleration="13182"/>
    <motionState vehicle="11" speed="747" time="460" acceleration="13760"/>
    <motionState vehicle="0" speed="836" time="470" acceleration="15878"/>
    <motionState vehicle="1" speed="836" time="470" acceleration="15878"/>
    <motionState vehicle="2" speed="836" time="470" acceleration="15878"/>
    <motionState vehicle="3" speed="836" time="470" acceleration="15875"/>
    <motionState vehicle="4" speed="835" time="470" acceleration="15809"/>
    <motionState vehicle="5" speed="827" time="470" acceleration="15174"/>
    <motionState vehicle="6" speed="751" time="470" acceleration="12988"/>
    <motionState vehicle="7" speed="751" time="470" acceleration="12988"/>
    <motionState vehicle="8" speed="751" time="470" acceleration="12989"/>
    <motionState vehicle="9" speed="751" time="470" acceleration="12995"/>
    <motionState vehicle="10" speed="752" time="470" acceleration="13068"/>
    <motionState vehicle="11" speed="761" time="470" acceleration="13662"/>
    <motionState vehicle="0" speed="852" time="480" acceleration="15734"/>
    <motionState vehicle="1" speed="852" time="480" acceleration="15734"/>
    <motionState vehicle="2" speed="852" time="480" acceleration="15734"/>
    <motionState vehicle="3" speed="852" time="480" acceleration="15730"/>
    <motionState vehicle="4" speed="851" time="480" acceleration="15659"/>
    <motionState vehicle="5" speed="842" time="480" acceleration="15009"/>
    <motionState vehicle="6" speed="764" time="480" acceleration="12870"/>
    <motionState vehicle="7" speed="764" time="480" acceleration="12870"/>
    <motionState vehicle="8" speed="764" time="480" acceleration="12871"/>
    <motionState vehicle="9" speed="764" time="480" acceleration="12877"/>
    <motionState vehicle="10" speed="765" time="480" acceleration="12956"/>
    <motionState vehicle="11" speed="775" time="480" acceleration="13565"/>
    <motionState vehicle="0" speed="867" time="490" acceleration="15591"/>
    <motionState vehicle="1" speed="867" time="490" acceleration="15591"/>
    <motionState vehicle="2" speed="867" time="490" acceleration="15591"/>
    <motionState vehicle="3" speed="867" time="490" acceleration="15586"/>
    <motionState vehicle="4" speed="867" time="490" acceleration="15510"/>
    <motionState vehicle="5" speed="857" time="490" acceleration="14846"/>
    <motionState vehicle="6" speed="777" time="490" acceleration="12753"/>
    <motionState vehicle="7" speed="777" time="490" acceleration="12753"/>
    <motionState vehicle="8" speed="777" time="490" acceleration="12754"/>
    <motionState vehicle="9" speed="777" time="490" acceleration="12761"/>
    <motionState vehicle="10" speed="778" time="490" acceleration="12845"/>
    <motionState vehicle="11" speed="788" time="490" acceleration="13469"/>
    <motionState vehicle="0" speed="883" time="500" acceleration="15449"/>
    <motionState vehicle="1" speed="883" time="500" acceleration="15449"/>
    <motionState vehicle="2" speed="883" time="500" acceleration="15449"/>
    <motionState vehicle="3" speed="883" time="500" acceleration="15443"/>
    <motionState vehicle="4" speed="882" time="500" acceleration="15362"/>
    <motionState vehicle="5" speed="872" time="500" acceleration="14685"/>
    <motionState vehicle="6" speed="789" time="500" acceleration="12637"/>
    <motionState vehicle="7" speed="789" time="500" acceleration="12637"/>
    <motionState vehicle="8" speed="789" time="500" acceleration="12638"/>
    <motionState vehicle="9" speed="789" time="500" acceleration="12646"/>
    <motionState vehicle="10" speed="790" time="500" acceleration="12734"/>
    <motionState vehicle="11" speed="801" time="500" acceleration="13373"/>
    <motionState vehicle="0" speed="898" time="510" acceleration="15309"/>
    <motionState vehicle="1" speed="898" time="510" acceleration="15309"/>
    <motionState vehicle="2" speed="898" time="510" acceleration="15309"/>
    <motionState vehicle="3" speed="898" time="510" acceleration="15302"/>
    <motionState vehicle="4" speed="897" time="510" acceleration="15215"/>
    <motionState vehicle="5" speed="886" time="510" acceleration="14525"/>
    <motionState vehicle="6" speed="802" time="510" acceleration="12522"/>
    <motionState vehicle="7" speed="802" time="510" acceleration="12522"/>
    <motionState vehicle="8" speed="802" time="510" acceleration="12523"/>
    <motionState vehicle="9" speed="802" time="510" acceleration="12532"/>
    <motionState vehicle="10" speed="803" time="510" acceleration="12625"/>
    <motionState vehicle="11" speed="815" time="510" acceleration="13277"/>
    <motionState vehicle="0" speed="913" time="520" acceleration="15170"/>
    <motionState vehicle="1" speed="913" time="520" acceleration="15170"/>
    <motionState vehicle="2" speed="913" time="520" acceleration="15169"/>
    <motionState vehicle="3" speed="913" time="520" acceleration="15162"/>
    <motionState vehicle="4" speed="912" time="520" acceleration="15070"/>
    <motionState vehicle="5" speed="901" time="520" acceleration="14367"/>
    <motionState vehicle="6" speed="814" time="520" acceleration="12409"/>
    <motionState vehicle="7" speed="814" time="520" acceleration="12409"/>
    <motionState vehicle="8" speed="814" time="520" acceleration="12409"/>
    <motionState vehicle="9" speed="814" time="520" acceleration="12419"/>
    <motionState vehicle="10" speed="815" time="520" acceleration="12518"/>
    <motionState vehicle="11" speed="828" time="520" acceleration="13183"/>
    <motionState vehicle="0" speed="928" time="530" acceleration="15032"/>
    <motionState vehicle="1" speed="928" time="530" acceleration="15032"/>
    <motionState vehicle="2" speed="928" time="530" acceleration="15031"/>
    <motionState vehicle="3" speed="928" time="530" acceleration="15024"/>
    <motionState vehicle="4" speed="927" time="530" acceleration="14925"/>
    <motionState vehicle="5" speed="915" time="530" acceleration="14211"/>
    <motionState vehicle="6" speed="826" time="530" acceleration="12296"/>
    <motionState vehicle="7" speed="826" time="530" acceleration="12296"/>
    <motionState vehicle="8" speed="826" time="530" acceleration="12297"/>
    <motionState vehicle="9" speed="827" time="530" acceleration="12307"/>
    <motionState vehicle="10" speed="828" time="530" acceleration="12411"/>
    <motionState vehicle="11" speed="841" time="530" acceleration="13089"/>
    <motionState vehicle="0" speed="943" time="540" acceleration="14895"/>
    <motionState vehicle="1" speed="943" time="540" acceleration="14895"/>
    <motionState vehicle="2" speed="943" time="540" acceleration="14895"/>
    <motionState vehicle="3" speed="943" time="540" acceleration="14886"/>
    <motionState vehicle="4" speed="942" time="540" acceleration="14782"/>
    <motionState vehicle="5" speed="929" time="540" acceleration="14056"/>
    <motionState vehicle="6" speed="839" time="540" acceleration="12184"/>
    <motionState vehicle="7" speed="839" time="540" acceleration="12184"/>
    <motionState vehicle="8" speed="839" time="540" acceleration="12185"/>
    <motionState vehicle="9" speed="839" time="540" acceleration="12196"/>
    <motionState vehicle="10" speed="840" time="540" acceleration="12306"/>
    <motionState vehicle="11" speed="854" time="540" acceleration="12995"/>
    <motionState vehicle="0" speed="958" time="550" acceleration="14760"/>
    <motionState vehicle="1" speed="958" time="550" acceleration="14760"/>
    <motionState vehicle="2" speed="958" time="550" acceleration="14759"/>
    <motionState vehicle="3" speed="958" time="550" acceleration="14750"/>
    <motionState vehicle="4" speed="957" time="550" acceleration="14640"/>
    <motionState vehicle="5" speed="943" time="550" acceleration="13903"/>
    <motionState vehicle="6" speed="851" time="550" acceleration="12073"/>
    <motionState vehicle="7" speed="851" time="550" acceleration="12073"/>
    <motionState vehicle="8" speed="851" time="550" acceleration="12074"/>
    <motionState vehicle="9" speed="851" time="550" acceleration="12086"/>
    <motionState vehicle="10" speed="852" time="550" acceleration="12201"/>
    <motionState vehicle="11" speed="867" time="550" acceleration="12903"/>
    <motionState vehicle="0" speed="972" time="560" acceleration="14626"/>
    <motionState vehicle="1" speed="972" time="560" acceleration="14626"/>
    <motionState vehicle="2" speed="972" time="560" acceleration="14625"/>
    <motionState vehicle="3" speed="972" time="560" acceleration="14614"/>
    <motionState vehicle="4" speed="971" time="560" acceleration="14499"/>
    <motionState vehicle="5" speed="957" time="560" acceleration="13752"/>
    <motionState vehicle="6" speed="863" time="560" acceleration="11963"/>
    <motionState vehicle="7" speed="863" time="560" acceleration="11964"/>
    <motionState vehicle="8" speed="863" time="560" acceleration="11965"/>
    <motionState vehicle="9" speed="863" time="560" acceleration="11978"/>
    <motionState vehicle="10" speed="864" time="560" acceleration="12098"/>
    <motionState vehicle="11" speed="880" time="560" acceleration="12810"/>
    <motionState vehicle="0" speed="987" time="570" acceleration="14493"/>
    <motionState vehicle="1" speed="987" time="570" acceleration="14493"/>
    <motionState vehicle="2" speed="987" time="570" acceleration="14492"/>
    <motionState vehicle="3" speed="987" time="570" acceleration="14480"/>
    <motionState vehicle="4" speed="985" time="570" acceleration="14359"/>
    <motionState vehicle="5" speed="970" time="570" acceleration="13602"/>
    <motionState vehicle="6" speed="875" time="570" acceleration="11855"/>
    <motionState vehicle="7" speed="875" time="570" acceleration="11855"/>
    <motionState vehicle="8" speed="875" time="570" acceleration="11856"/>
    <motionState vehicle="9" speed="875" time="570" acceleration="11870"/>
    <motionState vehicle="10" speed="876" time="570" acceleration="11996"/>
    <motionState vehicle="11" speed="892" time="570" acceleration="12719"/>
    <motionState vehicle="0" speed="1001" time="580" acceleration="14361"/>
    <motionState vehicle="1" speed="1001" time="580" acceleration="14361"/>
    <motionState vehicle="2" speed="1001" time="580" acceleration="14360"/>
    <motionState vehicle="3" speed="1001" time="580" acceleration="14348"/>
    <motionState vehicle="4" speed="1000" time="580" acceleration="14220"/>
    <motionState vehicle="5" speed="984" time="580" acceleration="13454"/>
    <motionState vehicle="6" speed="886" time="580" acceleration="11747"/>
    <motionState vehicle="7" speed="886" time="580" acceleration="11747"/>
    <motionState vehicle="8" speed="886" time="580" acceleration="11748"/>
    <motionState vehicle="9" speed="886" time="580" acceleration="11763"/>
    <motionState vehicle="10" speed="888" time="580" acceleration="11895"/>
    <motionState vehicle="11" speed="905" time="580" acceleration="12628"/>
    <motionState vehicle="0" speed="1016" time="590" acceleration="14230"/>
    <motionState vehicle="1" speed="1016" time="590" acceleration="14230"/>
    <motionState vehicle="2" speed="1016" time="590" acceleration="14229"/>
    <motionState vehicle="3" speed="1015" time="590" acceleration="14216"/>
    <motionState vehicle="4" speed="1014" time="590" acceleration="14083"/>
    <motionState vehicle="5" speed="997" time="590" acceleration="13307"/>
    <motionState vehicle="6" speed="898" time="590" acceleration="11640"/>
    <motionState vehicle="7" speed="898" time="590" acceleration="11640"/>
    <motionState vehicle="8" speed="898" time="590" acceleration="11642"/>
    <motionState vehicle="9" speed="898" time="590" acceleration="11658"/>
    <motionState vehicle="10" speed="900" time="590" acceleration="11795"/>
    <motionState vehicle="11" speed="918" time="590" acceleration="12538"/>
    <motionState vehicle="0" speed="1030" time="600" acceleration="14101"/>
    <motionState vehicle="1" speed="1030" time="600" acceleration="14101"/>
    <motionState vehicle="2" speed="1030" time="600" acceleration="14100"/>
    <motionState vehicle="3" speed="1030" time="600" acceleration="14085"/>
    <motionState vehicle="4" speed="1028" time="600" acceleration="13946"/>
    <motionState vehicle="5" speed="1010" time="600" acceleration="13162"/>
    <motionState vehicle="6" speed="909" time="600" acceleration="11534"/>
    <motionState vehicle="7" speed="909" time="600" acceleration="11534"/>
    <motionState vehicle="8" speed="909" time="600" acceleration="11536"/>
    <motionState vehicle="9" speed="910" time="600" acceleration="11553"/>
    <motionState vehicle="10" speed="912" time="600" acceleration="11696"/>
    <motionState vehicle="11" speed="930" time="600" acceleration="12448"/>
    <motionState vehicle="0" speed="1044" time="610" acceleration="13973"/>
    <motionState vehicle="1" speed="1044" time="610" acceleration="13973"/>
    <motionState vehicle="2" speed="1044" time="610" acceleration="13971"/>
    <motionState vehicle="3" speed="1043" time="610" acceleration="13956"/>
    <motionState vehicle="4" speed="1041" time="610" acceleration="13810"/>
    <motionState vehicle="5" speed="1023" time="610" acceleration="13018"/>
    <motionState vehicle="6" speed="921" time="610" acceleration="11429"/>
    <motionState vehicle="7" speed="921" time="610" acceleration="11430"/>
    <motionState vehicle="8" speed="921" time="610" acceleration="11431"/>
    <motionState vehicle="9" speed="921" time="610" acceleration="11450"/>
    <motionState vehicle="10" speed="923" time="610" acceleration="11598"/>
    <motionState vehicle="11" speed="942" time="610" acceleration="12359"/>
    <motionState vehicle="0" speed="1057" time="620" acceleration="13846"/>
    <motionState vehicle="1" speed="1057" time="620" acceleration="13846"/>
    <motionState vehicle="2" speed="1057" time="620" acceleration="13844"/>
    <motionState vehicle="3" speed="1057" time="620" acceleration="13827"/>
    <motionState vehicle="4" speed="1055" time="620" acceleration="13676"/>
    <motionState vehicle="5" speed="1036" time="620" acceleration="12876"/>
    <motionState vehicle="6" speed="932" time="620" acceleration="11326"/>
    <motionState vehicle="7" speed="932" time="620" acceleration="11326"/>
    <motionState vehicle="8" speed="932" time="620" acceleration="11328"/>
    <motionState vehicle="9" speed="932" time="620" acceleration="11347"/>
    <motionState vehicle="10" speed="935" time="620" acceleration="11501"/>
    <motionState vehicle="11" speed="955" time="620" acceleration="12270"/>
    <motionState vehicle="0" speed="1071" time="630" acceleration="13720"/>
    <motionState vehicle="1" speed="1071" time="630" acceleration="13720"/>
    <motionState vehicle="2" speed="1071" time="630" acceleration="13718"/>
    <motionState vehicle="3" speed="1071" time="630" acceleration="13700"/>
    <motionState vehicle="4" speed="1069" time="630" acceleration="13543"/>
    <motionState vehicle="5" speed="1049" time="630" acceleration="12735"/>
    <motionState vehicle="6" speed="943" time="630" acceleration="11223"/>
    <motionState vehicle="7" speed="943" time="630" acceleration="11223"/>
    <motionState vehicle="8" speed="943" time="630" acceleration="11225"/>
    <motionState vehicle="9" speed="944" time="630" acceleration="11246"/>
    <motionState vehicle="10" speed="946" time="630" acceleration="11406"/>
    <motionState vehicle="11" speed="967" time="630" acceleration="12183"/>
    <motionState vehicle="0" speed="1085" time="640" acceleration="13595"/>
    <motionState vehicle="1" speed="1085" time="640" acceleration="13595"/>
    <motionState vehicle="2" speed="1085" time="640" acceleration="13593"/>
    <motionState vehicle="3" speed="1085" time="640" acceleration="13574"/>
    <motionState vehicle="4" speed="1082" time="640" acceleration="13410"/>
    <motionState vehicle="5" speed="1061" time="640" acceleration="12596"/>
    <motionState vehicle="6" speed="955" time="640" acceleration="11121"/>
    <motionState vehicle="7" speed="955" time="640" acceleration="11121"/>
    <motionState vehicle="8" speed="955" time="640" acceleration="11123"/>
    <motionState vehicle="9" speed="955" time="640" acceleration="11145"/>
    <motionState vehicle="10" speed="958" time="640" acceleration="11311"/>
    <motionState vehicle="11" speed="979" time="640" acceleration="12095"/>
    <motionState vehicle="0" speed="1098" time="650" acceleration="13472"/>
    <motionState vehicle="1" speed="1098" time="650" acceleration="13471"/>
    <motionState vehicle="2" speed="1098" time="650" acceleration="13470"/>
    <motionState vehicle="3" speed="1098" time="650" acceleration="13449"/>
    <motionState vehicle="4" speed="1095" time="650" acceleration="13279"/>
    <motionState vehicle="5" speed="1074" time="650" acceleration="12459"/>
    <motionState vehicle="6" speed="966" time="650" acceleration="11019"/>
    <motionState vehicle="7" speed="966" time="650" acceleration="11020"/>
    <motionState vehicle="8" speed="966" time="650" acceleration="11022"/>
    <motionState vehicle="9" speed="966" time="650" acceleration="11046"/>
    <motionState vehicle="10" speed="969" time="650" acceleration="11217"/>
    <motionState vehicle="11" speed="991" time="650" acceleration="12009"/>
    <motionState vehicle="0" speed="1112" time="660" acceleration="13349"/>
    <motionState vehicle="1" speed="1112" time="660" acceleration="13349"/>
    <motionState vehicle="2" speed="1112" time="660" acceleration="13347"/>
    <motionState vehicle="3" speed="1111" time="660" acceleration="13325"/>
    <motionState vehicle="4" speed="1109" time="660" acceleration="13149"/>
    <motionState vehicle="5" speed="1086" time="660" acceleration="12322"/>
    <motionState vehicle="6" speed="976" time="660" acceleration="10919"/>
    <motionState vehicle="7" speed="976" time="660" acceleration="10920"/>
    <motionState vehicle="8" speed="976" time="660" acceleration="10922"/>
    <motionState vehicle="9" speed="977" time="660" acceleration="10947"/>
    <motionState vehicle="10" speed="980" time="660" acceleration="11124"/>
    <motionState vehicle="11" speed="1003" time="660" acceleration="11922"/>
    <motionState vehicle="0" speed="1125" time="670" acceleration="13228"/>
    <motionState vehicle="1" speed="1125" time="670" acceleration="13228"/>
    <motionState vehicle="2" speed="1125" time="670" acceleration="13225"/>
    <motionState vehicle="3" speed="1125" time="670" acceleration="13202"/>
    <motionState vehicle="4" speed="1122" time="670" acceleration="13020"/>
    <motionState vehicle="5" speed="1098" time="670" acceleration="12188"/>
    <motionState vehicle="6" speed="987" time="670" acceleration="10820"/>
    <motionState vehicle="7" speed="987" time="670" acceleration="10820"/>
    <motionState vehicle="8" speed="987" time="670" acceleration="10823"/>
    <motionState vehicle="9" speed="988" time="670" acceleration="10849"/>
    <motionState vehicle="10" speed="991" time="670" acceleration="11033"/>
    <motionState vehicle="11" speed="1015" time="670" acceleration="11837"/>
    <motionState vehicle="0" speed="1138" time="680" acceleration="13107"/>
    <motionState vehicle="1" speed="1138" time="680" acceleration="13107"/>
    <motionState vehicle="2" speed="1138" time="680" acceleration="13105"/>
    <motionState vehicle="3" speed="1138" time="680" acceleration="13080"/>
    <motionState vehicle="4" speed="1134" time="680" acceleration="12892"/>
    <motionState vehicle="5" speed="1110" time="680" acceleration="12054"/>
    <motionState vehicle="6" speed="998" time="680" acceleration="10722"/>
    <motionState vehicle="7" speed="998" time="680" acceleration="10722"/>
    <motionState vehicle="8" speed="998" time="680" acceleration="10725"/>
    <motionState vehicle="9" speed="998" time="680" acceleration="10753"/>
    <motionState vehicle="10" speed="1002" time="680" acceleration="10942"/>
    <motionState vehicle="11" speed="1026" time="680" acceleration="11752"/>
    <motionState vehicle="0" speed="1151" time="690" acceleration="12988"/>
    <motionState vehicle="1" speed="1151" time="690" acceleration="12988"/>
    <motionState vehicle="2" speed="1151" time="690" acceleration="12986"/>
    <motionState vehicle="3" speed="1151" time="690" acceleration="12959"/>
    <motionState vehicle="4" speed="1147" time="690" acceleration="12765"/>
    <motionState vehicle="5" speed="1122" time="690" acceleration="11922"/>
    <motionState vehicle="6" speed="1009" time="690" acceleration="10624"/>
    <motionState vehicle="7" speed="1009" time="690" acceleration="10624"/>
    <motionState vehicle="8" speed="1009" time="690" acceleration="10628"/>
    <motionState vehicle="9" speed="1009" time="690" acceleration="10657"/>
    <motionState vehicle="10" speed="1013" time="690" acceleration="10852"/>
    <motionState vehicle="11" speed="1038" time="690" acceleration="11668"/>
    <motionState vehicle="0" speed="1164" time="700" acceleration="12870"/>
    <motionState vehicle="1" speed="1164" time="700" acceleration="12870"/>
    <motionState vehicle="2" speed="1164" time="700" acceleration="12867"/>
    <motionState vehicle="3" speed="1163" time="700" acceleration="12839"/>
    <motionState vehicle="4" speed="1160" time="700" acceleration="12639"/>
    <motionState vehicle="5" speed="1134" time="700" acceleration="11792"/>
    <motionState vehicle="6" speed="1019" time="700" acceleration="10528"/>
    <motionState vehicle="7" speed="1019" time="700" acceleration="10528"/>
    <motionState vehicle="8" speed="1019" time="700" acceleration="10531"/>
    <motionState vehicle="9" speed="1020" time="700" acceleration="10562"/>
    <motionState vehicle="10" speed="1024" time="700" acceleration="10763"/>
    <motionState vehicle="11" speed="1050" time="700" acceleration="11584"/>
    <motionState vehicle="0" speed="1177" time="710" acceleration="12753"/>
    <motionState vehicle="1" speed="1177" time="710" acceleration="12753"/>
    <motionState vehicle="2" speed="1177" time="710" acceleration="12750"/>
    <motionState vehicle="3" speed="1176" time="710" acceleration="12720"/>
    <motionState vehicle="4" speed="1172" time="710" acceleration="12514"/>
    <motionState vehicle="5" speed="1146" time="710" acceleration="11663"/>
    <motionState vehicle="6" speed="1030" time="710" acceleration="10432"/>
    <motionState vehicle="7" speed="1030" time="710" acceleration="10432"/>
    <motionState vehicle="8" speed="1030" time="710" acceleration="10436"/>
    <motionState vehicle="9" speed="1030" time="710" acceleration="10468"/>
    <motionState vehicle="10" speed="1034" time="710" acceleration="10675"/>
    <motionState vehicle="11" speed="1061" time="710" acceleration="11501"/>
    <motionState vehicle="0" speed="1189" time="720" acceleration="12637"/>
    <motionState vehicle="1" speed="1189" time="720" acceleration="12637"/>
    <motionState vehicle="2" speed="1189" time="720" acceleration="12634"/>
    <motionState vehicle="3" speed="1189" time="720" acceleration="12602"/>
    <motionState vehicle="4" speed="1185" time="720" acceleration="12390"/>
    <motionState vehicle="5" speed="1157" time="720" acceleration="11535"/>
    <motionState vehicle="6" speed="1040" time="720" acceleration="10337"/>
    <motionState vehicle="7" speed="1040" time="720" acceleration="10337"/>
    <motionState vehicle="8" speed="1040" time="720" acceleration="10341"/>
    <motionState vehicle="9" speed="1040" time="720" acceleration="10376"/>
    <motionState vehicle="10" speed="1045" time="720" acceleration="10588"/>
    <motionState vehicle="11" speed="1073" time="720" acceleration="11418"/>
    <motionState vehicle="0" speed="1202" time="730" acceleration="12522"/>
    <motionState vehicle="1" speed="1202" time="730" acceleration="12522"/>
    <motionState vehicle="2" speed="1202" time="730" acceleration="12519"/>
    <motionState vehicle="3" speed="1201" time="730" acceleration="12485"/>
    <motionState vehicle="4" speed="1197" time="730" acceleration="12267"/>
    <motionState vehicle="5" speed="1169" time="730" acceleration="11409"/>
    <motionState vehicle="6" speed="1050" time="730" acceleration="10243"/>
    <motionState vehicle="7" speed="1050" time="730" acceleration="10244"/>
    <motionState vehicle="8" speed="1050" time="730" acceleration="10248"/>
    <motionState vehicle="9" speed="1051" time="730" acceleration="10284"/>
    <motionState vehicle="10" speed="1055" time="730" acceleration="10502"/>
    <motionState vehicle="11" speed="1084" time="730" acceleration="11336"/>
    <motionState vehicle="0" speed="1214" time="740" acceleration="12409"/>
    <motionState vehicle="1" speed="1214" time="740" acceleration="12408"/>
    <motionState vehicle="2" speed="1214" time="740" acceleration="12404"/>
    <motionState vehicle="3" speed="1214" time="740" acceleration="12370"/>
    <motionState vehicle="4" speed="1209" time="740" acceleration="12145"/>
    <motionState vehicle="5" speed="1180" time="740" acceleration="11284"/>
    <motionState vehicle="6" speed="1060" time="740" acceleration="10150"/>
    <motionState vehicle="7" speed="1060" time="740" acceleration="10150"/>
    <motionState vehicle="8" speed="1060" time="740" acceleration="10155"/>
    <motionState vehicle="9" speed="1061" time="740" acceleration="10192"/>
    <motionState vehicle="10" speed="1066" time="740" acceleration="10416"/>
    <motionState vehicle="11" speed="1095" time="740" acceleration="11254"/>
    <motionState vehicle="0" speed="1226" time="750" acceleration="12296"/>
    <motionState vehicle="1" speed="1226" time="750" acceleration="12295"/>
    <motionState vehicle="2" speed="1226" time="750" acceleration="12291"/>
    <motionState vehicle="3" speed="1226" time="750" acceleration="12255"/>
    <motionState vehicle="4" speed="1221" time="750" acceleration="12024"/>
    <motionState vehicle="5" speed="1191" time="750" acceleration="11160"/>
    <motionState vehicle="6" speed="1070" time="750" acceleration="10058"/>
    <motionState vehicle="7" speed="1070" time="750" acceleration="10058"/>
    <motionState vehicle="8" speed="1070" time="750" acceleration="10063"/>
    <motionState vehicle="9" speed="1071" time="750" acceleration="10102"/>
    <motionState vehicle="10" speed="1076" time="750" acceleration="10332"/>
    <motionState vehicle="11" speed="1106" time="750" acceleration="11173"/>
    <motionState vehicle="0" speed="1239" time="760" acceleration="12184"/>
    <motionState vehicle="1" speed="1239" time="760" acceleration="12184"/>
    <motionState vehicle="2" speed="1239" time="760" acceleration="12179"/>
    <motionState vehicle="3" speed="1238" time="760" acceleration="12141"/>
    <motionState vehicle="4" speed="1233" time="760" acceleration="11905"/>
    <motionState vehicle="5" speed="1202" time="760" acceleration="11037"/>
    <motionState vehicle="6" speed="1080" time="760" acceleration="9966"/>
    <motionState vehicle="7" speed="1080" time="760" acceleration="9967"/>
    <motionState vehicle="8" speed="1080" time="760" acceleration="9972"/>
    <motionState vehicle="9" speed="1081" time="760" acceleration="10013"/>
    <motionState vehicle="10" speed="1086" time="760" acceleration="10248"/>
    <motionState vehicle="11" speed="1117" time="760" acceleration="11093"/>
    <motionState vehicle="0" speed="1251" time="770" acceleration="12073"/>
    <motionState vehicle="1" speed="1251" time="770" acceleration="12073"/>
    <motionState vehicle="2" speed="1251" time="770" acceleration="12068"/>
    <motionState vehicle="3" speed="1250" time="770" acceleration="12028"/>
    <motionState vehicle="4" speed="1245" time="770" acceleration="11786"/>
    <motionState vehicle="5" speed="1213" time="770" acceleration="10916"/>
    <motionState vehicle="6" speed="1090" time="770" acceleration="9876"/>
    <motionState vehicle="7" speed="1090" time="770" acceleration="9876"/>
    <motionState vehicle="8" speed="1090" time="770" acceleration="9882"/>
    <motionState vehicle="9" speed="1091" time="770" acceleration="9925"/>
    <motionState vehicle="10" speed="1097" time="770" acceleration="10166"/>
    <motionState vehicle="11" speed="1128" time="770" acceleration="11013"/>
    <motionState vehicle="0" speed="1263" time="780" acceleration="11963"/>
    <motionState vehicle="1" speed="1263" time="780" acceleration="11963"/>
    <motionState vehicle="2" speed="1263" time="780" acceleration="11958"/>
    <motionState vehicle="3" speed="1262" time="780" acceleration="11916"/>
    <motionState vehicle="4" speed="1257" time="780" acceleration="11668"/>
    <motionState vehicle="5" speed="1224" time="780" acceleration="10796"/>
    <motionState vehicle="6" speed="1100" time="780" acceleration="9786"/>
    <motionState vehicle="7" speed="1100" time="780" acceleration="9787"/>
    <motionState vehicle="8" speed="1100" time="780" acceleration="9792"/>
    <motionState vehicle="9" speed="1101" time="780" acceleration="9837"/>
    <motionState vehicle="10" speed="1107" time="780" acceleration="10084"/>
    <motionState vehicle="11" speed="1139" time="780" acceleration="10933"/>
    <motionState vehicle="0" speed="1275" time="790" acceleration="11855"/>
    <motionState vehicle="1" speed="1275" time="790" acceleration="11854"/>
    <motionState vehicle="2" speed="1274" time="790" acceleration="11849"/>
    <motionState vehicle="3" speed="1274" time="790" acceleration="11805"/>
    <motionState vehicle="4" speed="1268" time="790" acceleration="11551"/>
    <motionState vehicle="5" speed="1235" time="790" acceleration="10678"/>
    <motionState vehicle="6" speed="1110" time="790" acceleration="9697"/>
    <motionState vehicle="7" speed="1110" time="790" acceleration="9698"/>
    <motionState vehicle="8" speed="1110" time="790" acceleration="9704"/>
    <motionState vehicle="9" speed="1111" time="790" acceleration="9750"/>
    <motionState vehicle="10" speed="1117" time="790" acceleration="10003"/>
    <motionState vehicle="11" speed="1150" time="790" acceleration="10855"/>
    <motionState vehicle="0" speed="1286" time="800" acceleration="11747"/>
    <motionState vehicle="1" speed="1286" time="800" acceleration="11746"/>
    <motionState vehicle="2" speed="1286" time="800" acceleration="11741"/>
    <motionState vehicle="3" speed="1285" time="800" acceleration="11695"/>
    <motionState vehicle="4" speed="1280" time="800" acceleration="11435"/>
    <motionState vehicle="5" speed="1245" time="800" acceleration="10560"/>
    <motionState vehicle="6" speed="1119" time="800" acceleration="9609"/>
    <motionState vehicle="7" speed="1119" time="800" acceleration="9610"/>
    <motionState vehicle="8" speed="1119" time="800" acceleration="9616"/>
    <motionState vehicle="9" speed="1120" time="800" acceleration="9665"/>
    <motionState vehicle="10" speed="1127" time="800" acceleration="9923"/>
    <motionState vehicle="11" speed="1161" time="800" acceleration="10776"/>
    <motionState vehicle="0" speed="1298" time="810" acceleration="11640"/>
    <motionState vehicle="1" speed="1298" time="810" acceleration="11639"/>
    <motionState vehicle="2" speed="1298" time="810" acceleration="11633"/>
    <motionState vehicle="3" speed="1297" time="810" acceleration="11585"/>
    <motionState vehicle="4" speed="1291" time="810" acceleration="11320"/>
    <motionState vehicle="5" speed="1256" time="810" acceleration="10444"/>
    <motionState vehicle="6" speed="1129" time="810" acceleration="9521"/>
    <motionState vehicle="7" speed="1129" time="810" acceleration="9522"/>
    <motionState vehicle="8" speed="1129" time="810" acceleration="9529"/>
    <motionState vehicle="9" speed="1130" time="810" acceleration="9580"/>
    <motionState vehicle="10" speed="1136" time="810" acceleration="9844"/>
    <motionState vehicle="11" speed="1172" time="810" acceleration="10699"/>
    <motionState vehicle="0" speed="1309" time="820" acceleration="11534"/>
    <motionState vehicle="1" speed="1309" time="820" acceleration="11534"/>
    <motionState vehicle="2" speed="1309" time="820" acceleration="11527"/>
    <motionState vehicle="3" speed="1309" time="820" acceleration="11477"/>
    <motionState vehicle="4" speed="1302" time="820" acceleration="11206"/>
    <motionState vehicle="5" speed="1266" time="820" acceleration="10329"/>
    <motionState vehicle="6" speed="1138" time="820" acceleration="9435"/>
    <motionState vehicle="7" speed="1138" time="820" acceleration="9436"/>
    <motionState vehicle="8" speed="1138" time="820" acceleration="9443"/>
    <motionState vehicle="9" speed="1139" time="820" acceleration="9496"/>
    <motionState vehicle="10" speed="1146" time="820" acceleration="9765"/>
    <motionState vehicle="11" speed="1182" time="820" acceleration="10621"/>
    <motionState vehicle="0" speed="1321" time="830" acceleration="11429"/>
    <motionState vehicle="1" speed="1321" time="830" acceleration="11429"/>
    <motionState vehicle="2" speed="1321" time="830" acceleration="11422"/>
    <motionState vehicle="3" speed="1320" time="830" acceleration="11370"/>
    <motionState vehicle="4" speed="1313" time="830" acceleration="11093"/>
    <motionState vehicle="5" speed="1276" time="830" acceleration="10216"/>
    <motionState vehicle="6" speed="1148" time="830" acceleration="9349"/>
    <motionState vehicle="7" speed="1148" time="830" acceleration="9350"/>
    <motionState vehicle="8" speed="1148" time="830" acceleration="9358"/>
    <motionState vehicle="9" speed="1149" time="830" acceleration="9412"/>
    <motionState vehicle="10" speed="1156" time="830" acceleration="9687"/>
    <motionState vehicle="11" speed="1193" time="830" acceleration="10545"/>
    <motionState vehicle="0" speed="1332" time="840" acceleration="11325"/>
    <motionState vehicle="1" speed="1332" time="840" acceleration="11325"/>
    <motionState vehicle="2" speed="1332" time="840" acceleration="11317"/>
    <motionState vehicle="3" speed="1331" time="840" acceleration="11263"/>
    <motionState vehicle="4" speed="1324" time="840" acceleration="10980"/>
    <motionState vehicle="5" speed="1286" time="840" acceleration="10103"/>
    <motionState vehicle="6" speed="1157" time="840" acceleration="9264"/>
    <motionState vehicle="7" speed="1157" time="840" acceleration="9265"/>
    <motionState vehicle="8" speed="1157" time="840" acceleration="9273"/>
    <motionState vehicle="9" speed="1158" time="840" acceleration="9330"/>
    <motionState vehicle="10" speed="1165" time="840" acceleration="9610"/>
    <motionState vehicle="11" speed="1203" time="840" acceleration="10468"/>
    <motionState vehicle="0" speed="1343" time="850" acceleration="11223"/>
    <motionState vehicle="1" speed="1343" time="850" acceleration="11222"/>
    <motionState vehicle="2" speed="1343" time="850" acceleration="11214"/>
    <motionState vehicle="3" speed="1342" time="850" acceleration="11158"/>
    <motionState vehicle="4" speed="1335" time="850" acceleration="10869"/>
    <motionState vehicle="5" speed="1296" time="850" acceleration="9992"/>
    <motionState vehicle="6" speed="1166" time="850" acceleration="9180"/>
    <motionState vehicle="7" speed="1166" time="850" acceleration="9181"/>
    <motionState vehicle="8" speed="1166" time="850" acceleration="9190"/>
    <motionState vehicle="9" speed="1167" time="850" acceleration="9248"/>
    <motionState vehicle="10" speed="1175" time="850" acceleration="9534"/>
    <motionState vehicle="11" speed="1214" time="850" acceleration="10393"/>
    <motionState vehicle="0" speed="1355" time="860" acceleration="11120"/>
    <motionState vehicle="1" speed="1355" time="860" acceleration="11120"/>
    <motionState vehicle="2" speed="1354" time="860" acceleration="11111"/>
    <motionState vehicle="3" speed="1353" time="860" acceleration="11053"/>
    <motionState vehicle="4" speed="1346" time="860" acceleration="10759"/>
    <motionState vehicle="5" speed="1306" time="860" acceleration="9882"/>
    <motionState vehicle="6" speed="1175" time="860" acceleration="9097"/>
    <motionState vehicle="7" speed="1175" time="860" acceleration="9098"/>
    <motionState vehicle="8" speed="1175" time="860" acceleration="9107"/>
    <motionState vehicle="9" speed="1176" time="860" acceleration="9168"/>
    <motionState vehicle="10" speed="1184" time="860" acceleration="9459"/>
    <motionState vehicle="11" speed="1224" time="860" acceleration="10318"/>
    <motionState vehicle="0" speed="1366" time="870" acceleration="11019"/>
    <motionState vehicle="1" speed="1366" time="870" acceleration="11018"/>
    <motionState vehicle="2" speed="1365" time="870" acceleration="11010"/>
    <motionState vehicle="3" speed="1364" time="870" acceleration="10949"/>
    <motionState vehicle="4" speed="1356" time="870" acceleration="10649"/>
    <motionState vehicle="5" speed="1316" time="870" acceleration="9773"/>
    <motionState vehicle="6" speed="1184" time="870" acceleration="9014"/>
    <motionState vehicle="7" speed="1184" time="870" acceleration="9015"/>
    <motionState vehicle="8" speed="1184" time="870" acceleration="9025"/>
    <motionState vehicle="9" speed="1186" time="870" acceleration="9088"/>
    <motionState vehicle="10" speed="1194" time="870" acceleration="9384"/>
    <motionState vehicle="11" speed="1234" time="870" acceleration="10243"/>
    <motionState vehicle="0" speed="1376" time="880" acceleration="10919"/>
    <motionState vehicle="1" speed="1376" time="880" acceleration="10918"/>
    <motionState vehicle="2" speed="1376" time="880" acceleration="10909"/>
    <motionState vehicle="3" speed="1375" time="880" acceleration="10846"/>
    <motionState vehicle="4" speed="1367" time="880" acceleration="10541"/>
    <motionState vehicle="5" speed="1326" time="880" acceleration="9665"/>
    <motionState vehicle="6" speed="1193" time="880" acceleration="8932"/>
    <motionState vehicle="7" speed="1193" time="880" acceleration="8933"/>
    <motionState vehicle="8" speed="1193" time="880" acceleration="8943"/>
    <motionState vehicle="9" speed="1195" time="880" acceleration="9008"/>
    <motionState vehicle="10" speed="1203" time="880" acceleration="9311"/>
    <motionState vehicle="11" speed="1245" time="880" acceleration="10169"/>
    <motionState vehicle="0" speed="1387" time="890" acceleration="10820"/>
    <motionState vehicle="1" speed="1387" time="890" acceleration="10819"/>
    <motionState vehicle="2" speed="1387" time="890" acceleration="10809"/>
    <motionState vehicle="3" speed="1386" time="890" acceleration="10744"/>
    <motionState vehicle="4" speed="1377" time="890" acceleration="10433"/>
    <motionState vehicle="5" speed="1335" time="890" acceleration="9559"/>
    <motionState vehicle="6" speed="1202" time="890" acceleration="8851"/>
    <motionState vehicle="7" speed="1202" time="890" acceleration="8852"/>
    <motionState vehicle="8" speed="1202" time="890" acceleration="8863"/>
    <motionState vehicle="9" speed="1204" time="890" acceleration="8930"/>
    <motionState vehicle="10" speed="1212" time="890" acceleration="9237"/>
    <motionState vehicle="11" speed="1255" time="890" acceleration="10095"/>
    <motionState vehicle="0" speed="1398" time="900" acceleration="10722"/>
    <motionState vehicle="1" speed="1398" time="900" acceleration="10720"/>
    <motionState vehicle="2" speed="1398" time="900" acceleration="10710"/>
    <motionState vehicle="3" speed="1397" time="900" acceleration="10643"/>
    <motionState vehicle="4" speed="1388" time="900" acceleration="10327"/>
    <motionState vehicle="5" speed="1345" time="900" acceleration="9453"/>
    <motionState vehicle="6" speed="1211" time="900" acceleration="8770"/>
    <motionState vehicle="7" speed="1211" time="900" acceleration="8772"/>
    <motionState vehicle="8" speed="1211" time="900" acceleration="8783"/>
    <motionState vehicle="9" speed="1212" time="900" acceleration="8852"/>
    <motionState vehicle="10" speed="1222" time="900" acceleration="9165"/>
    <motionState vehicle="11" speed="1265" time="900" acceleration="10022"/>
    <motionState vehicle="0" speed="1409" time="910" acceleration="10624"/>
    <motionState vehicle="1" speed="1409" time="910" acceleration="10623"/>
    <motionState vehicle="2" speed="1408" time="910" acceleration="10612"/>
    <motionState vehicle="3" speed="1407" time="910" acceleration="10542"/>
    <motionState vehicle="4" speed="1398" time="910" acceleration="10221"/>
    <motionState vehicle="5" speed="1354" time="910" acceleration="9349"/>
    <motionState vehicle="6" speed="1219" time="910" acceleration="8691"/>
    <motionState vehicle="7" speed="1219" time="910" acceleration="8692"/>
    <motionState vehicle="8" speed="1220" time="910" acceleration="8704"/>
    <motionState vehicle="9" speed="1221" time="910" acceleration="8776"/>
    <motionState vehicle="10" speed="1231" time="910" acceleration="9094"/>
    <motionState vehicle="11" speed="1275" time="910" acceleration="9949"/>
    <motionState vehicle="0" speed="1419" time="920" acceleration="10527"/>
    <motionState vehicle="1" speed="1419" time="920" acceleration="10526"/>
    <motionState vehicle="2" speed="1419" time="920" acceleration="10515"/>
    <motionState vehicle="3" speed="1418" time="920" acceleration="10443"/>
    <motionState vehicle="4" speed="1408" time="920" acceleration="10116"/>
    <motionState vehicle="5" speed="1363" time="920" acceleration="9246"/>
    <motionState vehicle="6" speed="1228" time="920" acceleration="8612"/>
    <motionState vehicle="7" speed="1228" time="920" acceleration="8613"/>
    <motionState vehicle="8" speed="1228" time="920" acceleration="8625"/>
    <motionState vehicle="9" speed="1230" time="920" acceleration="8700"/>
    <motionState vehicle="10" speed="1240" time="920" acceleration="9023"/>
    <motionState vehicle="11" speed="1284" time="920" acceleration="9877"/>
    <motionState vehicle="0" speed="1430" time="930" acceleration="10432"/>
    <motionState vehicle="1" speed="1430" time="930" acceleration="10430"/>
    <motionState vehicle="2" speed="1429" time="930" acceleration="10418"/>
    <motionState vehicle="3" speed="1428" time="930" acceleration="10344"/>
    <motionState vehicle="4" speed="1418" time="930" acceleration="10012"/>
    <motionState vehicle="5" speed="1372" time="930" acceleration="9144"/>
    <motionState vehicle="6" speed="1237" time="930" acceleration="8533"/>
    <motionState vehicle="7" speed="1237" time="930" acceleration="8535"/>
    <motionState vehicle="8" speed="1237" time="930" acceleration="8548"/>
    <motionState vehicle="9" speed="1238" time="930" acceleration="8624"/>
    <motionState vehicle="10" speed="1249" time="930" acceleration="8952"/>
    <motionState vehicle="11" speed="1294" time="930" acceleration="9806"/>
    <motionState vehicle="0" speed="1440" time="940" acceleration="10337"/>
    <motionState vehicle="1" speed="1440" time="940" acceleration="10335"/>
    <motionState vehicle="2" speed="1440" time="940" acceleration="10323"/>
    <motionState vehicle="3" speed="1438" time="940" acceleration="10246"/>
    <motionState vehicle="4" speed="1428" time="940" acceleration="9909"/>
    <motionState vehicle="5" speed="1381" time="940" acceleration="9043"/>
    <motionState vehicle="6" speed="1245" time="940" acceleration="8456"/>
    <motionState vehicle="7" speed="1245" time="940" acceleration="8458"/>
    <motionState vehicle="8" speed="1245" time="940" acceleration="8471"/>
    <motionState vehicle="9" speed="1247" time="940" acceleration="8550"/>
    <motionState vehicle="10" speed="1257" time="940" acceleration="8883"/>
    <motionState vehicle="11" speed="1304" time="940" acceleration="9735"/>
    <motionState vehicle="0" speed="1450" time="950" acceleration="10243"/>
    <motionState vehicle="1" speed="1450" time="950" acceleration="10241"/>
    <motionState vehicle="2" speed="1450" time="950" acceleration="10228"/>
    <motionState vehicle="3" speed="1448" time="950" acceleration="10149"/>
    <motionState vehicle="4" speed="1438" time="950" acceleration="9807"/>
    <motionState vehicle="5" speed="1390" time="950" acceleration="8943"/>
    <motionState vehicle="6" speed="1253" time="950" acceleration="8379"/>
    <motionState vehicle="7" speed="1253" time="950" acceleration="8381"/>
    <motionState vehicle="8" speed="1254" time="950" acceleration="8395"/>
    <motionState vehicle="9" speed="1255" time="950" acceleration="8476"/>
    <motionState vehicle="10" speed="1266" time="950" acceleration="8814"/>
    <motionState vehicle="11" speed="1314" time="950" acceleration="9664"/>
    <motionState vehicle="0" speed="1460" time="960" acceleration="10150"/>
    <motionState vehicle="1" speed="1460" time="960" acceleration="10148"/>
    <motionState vehicle="2" speed="1460" time="960" acceleration="10134"/>
    <motionState vehicle="3" speed="1458" time="960" acceleration="10053"/>
    <motionState vehicle="4" speed="1447" time="960" acceleration="9706"/>
    <motionState vehicle="5" speed="1399" time="960" acceleration="8844"/>
    <motionState vehicle="6" speed="1262" time="960" acceleration="8303"/>
    <motionState vehicle="7" speed="1262" time="960" acceleration="8305"/>
    <motionState vehicle="8" speed="1262" time="960" acceleration="8319"/>
    <motionState vehicle="9" speed="1264" time="960" acceleration="8403"/>
    <motionState vehicle="10" speed="1275" time="960" acceleration="8746"/>
    <motionState vehicle="11" speed="1323" time="960" acceleration="9594"/>
    <motionState vehicle="0" speed="1470" time="970" acceleration="10057"/>
    <motionState vehicle="1" speed="1470" time="970" acceleration="10056"/>
    <motionState vehicle="2" speed="1470" time="970" acceleration="10041"/>
    <motionState vehicle="3" speed="1468" time="970" acceleration="9957"/>
    <motionState vehicle="4" speed="1457" time="970" acceleration="9605"/>
    <motionState vehicle="5" speed="1408" time="970" acceleration="8746"/>
    <motionState vehicle="6" speed="1270" time="970" acceleration="8227"/>
    <motionState vehicle="7" speed="1270" time="970" acceleration="8229"/>
    <motionState vehicle="8" speed="1270" time="970" acceleration="8245"/>
    <motionState vehicle="9" speed="1272" time="970" acceleration="8331"/>
    <motionState vehicle="10" speed="1284" time="970" acceleration="8679"/>
    <motionState vehicle="11" speed="1333" time="970" acceleration="9524"/>
    <motionState vehicle="0" speed="1480" time="980" acceleration="9966"/>
    <motionState vehicle="1" speed="1480" time="980" acceleration="9964"/>
    <motionState vehicle="2" speed="1480" time="980" acceleration="9949"/>
    <motionState vehicle="3" speed="1478" time="980" acceleration="9862"/>
    <motionState vehicle="4" speed="1467" time="980" acceleration="9506"/>
    <motionState vehicle="5" speed="1417" time="980" acceleration="8649"/>
    <motionState vehicle="6" speed="1278" time="980" acceleration="8153"/>
    <motionState vehicle="7" speed="1278" time="980" acceleration="8155"/>
    <motionState vehicle="8" speed="1278" time="980" acceleration="8171"/>
    <motionState vehicle="9" speed="1280" time="980" acceleration="8259"/>
    <motionState vehicle="10" speed="1292" time="980" acceleration="8612"/>
    <motionState vehicle="11" speed="1342" time="980" acceleration="9455"/>
    <motionState vehicle="0" speed="1490" time="990" acceleration="9875"/>
    <motionState vehicle="1" speed="1490" time="990" acceleration="9873"/>
    <motionState vehicle="2" speed="1490" time="990" acceleration="9858"/>
    <motionState vehicle="3" speed="1488" time="990" acceleration="9768"/>
    <motionState vehicle="4" speed="1476" time="990" acceleration="9407"/>
    <motionState vehicle="5" speed="1425" time="990" acceleration="8554"/>
    <motionState vehicle="6" speed="1286" time="990" acceleration="8078"/>
    <motionState vehicle="7" speed="1286" time="990" acceleration="8081"/>
    <motionState vehicle="8" speed="1286" time="990" acceleration="8097"/>
    <motionState vehicle="9" speed="1289" time="990" acceleration="8189"/>
    <motionState vehicle="10" speed="1301" time="990" acceleration="8546"/>
    <motionState vehicle="11" speed="1352" time="990" acceleration="9386"/>
    <motionState vehicle="0" speed="1500" time="1000" acceleration="9786"/>
    <motionState vehicle="1" speed="1500" time="1000" acceleration="9783"/>
    <motionState vehicle="2" speed="1500" time="1000" acceleration="9767"/>
    <motionState vehicle="3" speed="1498" time="1000" acceleration="9675"/>
    <motionState vehicle="4" speed="1485" time="1000" acceleration="9309"/>
    <motionState vehicle="5" speed="1434" time="1000" acceleration="8459"/>
    <motionState vehicle="6" speed="1294" time="1000" acceleration="8005"/>
    <motionState vehicle="7" speed="1294" time="1000" acceleration="8008"/>
    <motionState vehicle="8" speed="1295" time="1000" acceleration="8025"/>
    <motionState vehicle="9" speed="1297" time="1000" acceleration="8118"/>
    <motionState vehicle="10" speed="1309" time="1000" acceleration="8480"/>
    <motionState vehicle="11" speed="1361" time="1000" acceleration="9318"/>
</trajectories>
