<?xml version="1.0" encoding="UTF-8"?>

<<<<<<< HEAD
<!-- generated on Mon Feb 27 13:48:56 2017 by SUMO Version 0.29.0
=======
<!-- generated on Mon Feb 27 13:04:32 2017 by SUMO Version 0.29.0
>>>>>>> f63c990... added xml files to gitignore
<?xml version="1.0" encoding="UTF-8"?>

<configuration xmlns:xsi="http://www.w3.org/2001/XMLSchema-instance" xsi:noNamespaceSchemaLocation="http://sumo.dlr.de/xsd/sumoConfiguration.xsd">

    <input>
        <net-file value="tests/debug/cfg/test-single-lane-one-controller-200m1l.net.xml"/>
        <route-files value="tests/debug/cfg/test-single-lane-one-controller-200m1l.rou.xml"/>
        <additional-files value="tests/debug/cfg/test-single-lane-one-controller-200m1l.add.xml"/>
    </input>

    <output>
        <netstate-dump value="tests/debug/cfg/data/test-single-lane-one-controller-200m1l.netstate.xml"/>
        <emission-output value="tests/debug/cfg/data/test-single-lane-one-controller-200m1l.emission.xml"/>
        <amitran-output value="tests/debug/cfg/data/test-single-lane-one-controller-200m1l.amitran.xml"/>
        <lanechange-output value="tests/debug/cfg/data/test-single-lane-one-controller-200m1l.lanechange.xml"/>
    </output>

    <time>
        <begin value="0"/>
        <end value="1000"/>
        <step-length value="0.01"/>
    </time>

    <traci_server>
        <remote-port value="8873"/>
    </traci_server>

    <gui_only>
        <gui-settings-file value="tests/debug/cfg/test-single-lane-one-controller-200m1l.gui.cfg"/>
    </gui_only>

</configuration>
-->

<trajectories xmlns:xsi="http://www.w3.org/2001/XMLSchema-instance" xsi:noNamespaceSchemaLocation="http://sumo.dlr.de/xsd/amitran/trajectories.xsd" timeStepSize="10">
    <actorConfig id="2" vehicleClass="Passenger" fuel="Gasoline" emissionClass="Euro4" ref="cfm_slow"/>
    <vehicle id="0" actorConfig="2" startTime="0" ref="cfm_slow_0"/>
    <motionState vehicle="0" speed="0" time="0" acceleration="0"/>
    <vehicle id="1" actorConfig="2" startTime="0" ref="cfm_slow_1"/>
    <motionState vehicle="1" speed="0" time="0" acceleration="0"/>
    <vehicle id="2" actorConfig="2" startTime="0" ref="cfm_slow_2"/>
    <motionState vehicle="2" speed="0" time="0" acceleration="0"/>
    <vehicle id="3" actorConfig="2" startTime="0" ref="cfm_slow_3"/>
    <motionState vehicle="3" speed="0" time="0" acceleration="0"/>
    <vehicle id="4" actorConfig="2" startTime="0" ref="cfm_slow_4"/>
    <motionState vehicle="4" speed="0" time="0" acceleration="0"/>
    <motionState vehicle="0" speed="14" time="10" acceleration="13636"/>
    <motionState vehicle="1" speed="14" time="10" acceleration="13636"/>
    <motionState vehicle="2" speed="14" time="10" acceleration="13636"/>
    <motionState vehicle="3" speed="14" time="10" acceleration="13636"/>
    <motionState vehicle="4" speed="14" time="10" acceleration="13636"/>
    <motionState vehicle="0" speed="27" time="20" acceleration="13636"/>
    <motionState vehicle="1" speed="27" time="20" acceleration="13636"/>
    <motionState vehicle="2" speed="27" time="20" acceleration="13636"/>
    <motionState vehicle="3" speed="27" time="20" acceleration="13636"/>
    <motionState vehicle="4" speed="27" time="20" acceleration="13636"/>
    <motionState vehicle="0" speed="41" time="30" acceleration="13636"/>
    <motionState vehicle="1" speed="41" time="30" acceleration="13636"/>
    <motionState vehicle="2" speed="41" time="30" acceleration="13636"/>
    <motionState vehicle="3" speed="41" time="30" acceleration="13636"/>
    <motionState vehicle="4" speed="41" time="30" acceleration="13636"/>
    <motionState vehicle="0" speed="55" time="40" acceleration="13636"/>
    <motionState vehicle="1" speed="55" time="40" acceleration="13636"/>
    <motionState vehicle="2" speed="55" time="40" acceleration="13636"/>
    <motionState vehicle="3" speed="55" time="40" acceleration="13636"/>
    <motionState vehicle="4" speed="55" time="40" acceleration="13636"/>
    <motionState vehicle="0" speed="68" time="50" acceleration="13636"/>
    <motionState vehicle="1" speed="68" time="50" acceleration="13636"/>
    <motionState vehicle="2" speed="68" time="50" acceleration="13636"/>
    <motionState vehicle="3" speed="68" time="50" acceleration="13636"/>
    <motionState vehicle="4" speed="68" time="50" acceleration="13636"/>
    <motionState vehicle="0" speed="82" time="60" acceleration="13636"/>
    <motionState vehicle="1" speed="82" time="60" acceleration="13636"/>
    <motionState vehicle="2" speed="82" time="60" acceleration="13636"/>
    <motionState vehicle="3" speed="82" time="60" acceleration="13636"/>
    <motionState vehicle="4" speed="82" time="60" acceleration="13636"/>
    <motionState vehicle="0" speed="95" time="70" acceleration="13636"/>
    <motionState vehicle="1" speed="95" time="70" acceleration="13636"/>
    <motionState vehicle="2" speed="95" time="70" acceleration="13636"/>
    <motionState vehicle="3" speed="95" time="70" acceleration="13636"/>
    <motionState vehicle="4" speed="95" time="70" acceleration="13636"/>
    <motionState vehicle="0" speed="109" time="80" acceleration="13636"/>
    <motionState vehicle="1" speed="109" time="80" acceleration="13636"/>
    <motionState vehicle="2" speed="109" time="80" acceleration="13636"/>
    <motionState vehicle="3" speed="109" time="80" acceleration="13636"/>
    <motionState vehicle="4" speed="109" time="80" acceleration="13636"/>
    <motionState vehicle="0" speed="123" time="90" acceleration="13636"/>
    <motionState vehicle="1" speed="123" time="90" acceleration="13636"/>
    <motionState vehicle="2" speed="123" time="90" acceleration="13636"/>
    <motionState vehicle="3" speed="123" time="90" acceleration="13636"/>
    <motionState vehicle="4" speed="123" time="90" acceleration="13636"/>
    <motionState vehicle="0" speed="136" time="100" acceleration="13636"/>
    <motionState vehicle="1" speed="136" time="100" acceleration="13636"/>
    <motionState vehicle="2" speed="136" time="100" acceleration="13636"/>
    <motionState vehicle="3" speed="136" time="100" acceleration="13636"/>
    <motionState vehicle="4" speed="136" time="100" acceleration="13636"/>
    <motionState vehicle="0" speed="150" time="110" acceleration="13636"/>
    <motionState vehicle="1" speed="150" time="110" acceleration="13636"/>
    <motionState vehicle="2" speed="150" time="110" acceleration="13636"/>
    <motionState vehicle="3" speed="150" time="110" acceleration="13636"/>
    <motionState vehicle="4" speed="150" time="110" acceleration="13636"/>
    <motionState vehicle="0" speed="164" time="120" acceleration="13636"/>
    <motionState vehicle="1" speed="164" time="120" acceleration="13636"/>
    <motionState vehicle="2" speed="164" time="120" acceleration="13636"/>
    <motionState vehicle="3" speed="164" time="120" acceleration="13636"/>
    <motionState vehicle="4" speed="164" time="120" acceleration="13636"/>
    <motionState vehicle="0" speed="177" time="130" acceleration="13636"/>
    <motionState vehicle="1" speed="177" time="130" acceleration="13636"/>
    <motionState vehicle="2" speed="177" time="130" acceleration="13636"/>
    <motionState vehicle="3" speed="177" time="130" acceleration="13636"/>
    <motionState vehicle="4" speed="177" time="130" acceleration="13636"/>
    <motionState vehicle="0" speed="191" time="140" acceleration="13636"/>
    <motionState vehicle="1" speed="191" time="140" acceleration="13636"/>
    <motionState vehicle="2" speed="191" time="140" acceleration="13636"/>
    <motionState vehicle="3" speed="191" time="140" acceleration="13636"/>
    <motionState vehicle="4" speed="191" time="140" acceleration="13636"/>
    <motionState vehicle="0" speed="205" time="150" acceleration="13636"/>
    <motionState vehicle="1" speed="205" time="150" acceleration="13636"/>
    <motionState vehicle="2" speed="205" time="150" acceleration="13636"/>
    <motionState vehicle="3" speed="205" time="150" acceleration="13636"/>
    <motionState vehicle="4" speed="205" time="150" acceleration="13636"/>
    <motionState vehicle="0" speed="218" time="160" acceleration="13636"/>
    <motionState vehicle="1" speed="218" time="160" acceleration="13636"/>
    <motionState vehicle="2" speed="218" time="160" acceleration="13636"/>
    <motionState vehicle="3" speed="218" time="160" acceleration="13636"/>
    <motionState vehicle="4" speed="218" time="160" acceleration="13636"/>
    <motionState vehicle="0" speed="232" time="170" acceleration="13636"/>
    <motionState vehicle="1" speed="232" time="170" acceleration="13636"/>
    <motionState vehicle="2" speed="232" time="170" acceleration="13636"/>
    <motionState vehicle="3" speed="232" time="170" acceleration="13636"/>
    <motionState vehicle="4" speed="232" time="170" acceleration="13636"/>
    <motionState vehicle="0" speed="245" time="180" acceleration="13636"/>
    <motionState vehicle="1" speed="245" time="180" acceleration="13636"/>
    <motionState vehicle="2" speed="245" time="180" acceleration="13636"/>
    <motionState vehicle="3" speed="245" time="180" acceleration="13636"/>
    <motionState vehicle="4" speed="245" time="180" acceleration="13636"/>
    <motionState vehicle="0" speed="259" time="190" acceleration="13636"/>
    <motionState vehicle="1" speed="259" time="190" acceleration="13636"/>
    <motionState vehicle="2" speed="259" time="190" acceleration="13636"/>
    <motionState vehicle="3" speed="259" time="190" acceleration="13636"/>
    <motionState vehicle="4" speed="259" time="190" acceleration="13636"/>
    <motionState vehicle="0" speed="273" time="200" acceleration="13636"/>
    <motionState vehicle="1" speed="273" time="200" acceleration="13636"/>
    <motionState vehicle="2" speed="273" time="200" acceleration="13636"/>
    <motionState vehicle="3" speed="273" time="200" acceleration="13636"/>
    <motionState vehicle="4" speed="273" time="200" acceleration="13636"/>
    <motionState vehicle="0" speed="286" time="210" acceleration="13636"/>
    <motionState vehicle="1" speed="286" time="210" acceleration="13636"/>
    <motionState vehicle="2" speed="286" time="210" acceleration="13636"/>
    <motionState vehicle="3" speed="286" time="210" acceleration="13636"/>
    <motionState vehicle="4" speed="286" time="210" acceleration="13636"/>
    <motionState vehicle="0" speed="300" time="220" acceleration="13636"/>
    <motionState vehicle="1" speed="300" time="220" acceleration="13636"/>
    <motionState vehicle="2" speed="300" time="220" acceleration="13636"/>
    <motionState vehicle="3" speed="300" time="220" acceleration="13636"/>
    <motionState vehicle="4" speed="300" time="220" acceleration="13636"/>
    <motionState vehicle="0" speed="314" time="230" acceleration="13636"/>
    <motionState vehicle="1" speed="314" time="230" acceleration="13636"/>
    <motionState vehicle="2" speed="314" time="230" acceleration="13636"/>
    <motionState vehicle="3" speed="314" time="230" acceleration="13636"/>
    <motionState vehicle="4" speed="314" time="230" acceleration="13636"/>
    <motionState vehicle="0" speed="327" time="240" acceleration="13636"/>
    <motionState vehicle="1" speed="327" time="240" acceleration="13636"/>
    <motionState vehicle="2" speed="327" time="240" acceleration="13636"/>
    <motionState vehicle="3" speed="327" time="240" acceleration="13636"/>
    <motionState vehicle="4" speed="327" time="240" acceleration="13636"/>
    <motionState vehicle="0" speed="341" time="250" acceleration="13636"/>
    <motionState vehicle="1" speed="341" time="250" acceleration="13636"/>
    <motionState vehicle="2" speed="341" time="250" acceleration="13636"/>
    <motionState vehicle="3" speed="341" time="250" acceleration="13636"/>
    <motionState vehicle="4" speed="341" time="250" acceleration="13636"/>
    <motionState vehicle="0" speed="355" time="260" acceleration="13636"/>
    <motionState vehicle="1" speed="355" time="260" acceleration="13636"/>
    <motionState vehicle="2" speed="355" time="260" acceleration="13636"/>
    <motionState vehicle="3" speed="355" time="260" acceleration="13636"/>
    <motionState vehicle="4" speed="355" time="260" acceleration="13636"/>
    <motionState vehicle="0" speed="368" time="270" acceleration="13636"/>
    <motionState vehicle="1" speed="368" time="270" acceleration="13636"/>
    <motionState vehicle="2" speed="368" time="270" acceleration="13636"/>
    <motionState vehicle="3" speed="368" time="270" acceleration="13636"/>
    <motionState vehicle="4" speed="368" time="270" acceleration="13636"/>
    <motionState vehicle="0" speed="382" time="280" acceleration="13636"/>
    <motionState vehicle="1" speed="382" time="280" acceleration="13636"/>
    <motionState vehicle="2" speed="382" time="280" acceleration="13636"/>
    <motionState vehicle="3" speed="382" time="280" acceleration="13636"/>
    <motionState vehicle="4" speed="382" time="280" acceleration="13636"/>
    <motionState vehicle="0" speed="395" time="290" acceleration="13636"/>
    <motionState vehicle="1" speed="395" time="290" acceleration="13636"/>
    <motionState vehicle="2" speed="395" time="290" acceleration="13636"/>
    <motionState vehicle="3" speed="395" time="290" acceleration="13636"/>
    <motionState vehicle="4" speed="395" time="290" acceleration="13636"/>
    <motionState vehicle="0" speed="409" time="300" acceleration="13636"/>
    <motionState vehicle="1" speed="409" time="300" acceleration="13636"/>
    <motionState vehicle="2" speed="409" time="300" acceleration="13636"/>
    <motionState vehicle="3" speed="409" time="300" acceleration="13636"/>
    <motionState vehicle="4" speed="409" time="300" acceleration="13636"/>
    <motionState vehicle="0" speed="423" time="310" acceleration="13636"/>
    <motionState vehicle="1" speed="423" time="310" acceleration="13636"/>
    <motionState vehicle="2" speed="423" time="310" acceleration="13636"/>
    <motionState vehicle="3" speed="423" time="310" acceleration="13636"/>
    <motionState vehicle="4" speed="423" time="310" acceleration="13636"/>
    <motionState vehicle="0" speed="436" time="320" acceleration="13636"/>
    <motionState vehicle="1" speed="436" time="320" acceleration="13636"/>
    <motionState vehicle="2" speed="436" time="320" acceleration="13636"/>
    <motionState vehicle="3" speed="436" time="320" acceleration="13636"/>
    <motionState vehicle="4" speed="436" time="320" acceleration="13636"/>
    <motionState vehicle="0" speed="450" time="330" acceleration="13636"/>
    <motionState vehicle="1" speed="450" time="330" acceleration="13636"/>
    <motionState vehicle="2" speed="450" time="330" acceleration="13636"/>
    <motionState vehicle="3" speed="450" time="330" acceleration="13636"/>
    <motionState vehicle="4" speed="450" time="330" acceleration="13636"/>
    <motionState vehicle="0" speed="464" time="340" acceleration="13636"/>
    <motionState vehicle="1" speed="464" time="340" acceleration="13636"/>
    <motionState vehicle="2" speed="464" time="340" acceleration="13636"/>
    <motionState vehicle="3" speed="464" time="340" acceleration="13636"/>
    <motionState vehicle="4" speed="464" time="340" acceleration="13636"/>
    <motionState vehicle="0" speed="477" time="350" acceleration="13636"/>
    <motionState vehicle="1" speed="477" time="350" acceleration="13636"/>
    <motionState vehicle="2" speed="477" time="350" acceleration="13636"/>
    <motionState vehicle="3" speed="477" time="350" acceleration="13636"/>
    <motionState vehicle="4" speed="477" time="350" acceleration="13636"/>
    <motionState vehicle="0" speed="491" time="360" acceleration="13636"/>
    <motionState vehicle="1" speed="491" time="360" acceleration="13636"/>
    <motionState vehicle="2" speed="491" time="360" acceleration="13636"/>
    <motionState vehicle="3" speed="491" time="360" acceleration="13636"/>
    <motionState vehicle="4" speed="491" time="360" acceleration="13636"/>
    <motionState vehicle="0" speed="505" time="370" acceleration="13636"/>
    <motionState vehicle="1" speed="505" time="370" acceleration="13636"/>
    <motionState vehicle="2" speed="505" time="370" acceleration="13636"/>
    <motionState vehicle="3" speed="505" time="370" acceleration="13636"/>
    <motionState vehicle="4" speed="505" time="370" acceleration="13636"/>
    <motionState vehicle="0" speed="518" time="380" acceleration="13636"/>
    <motionState vehicle="1" speed="518" time="380" acceleration="13636"/>
    <motionState vehicle="2" speed="518" time="380" acceleration="13636"/>
    <motionState vehicle="3" speed="518" time="380" acceleration="13636"/>
    <motionState vehicle="4" speed="518" time="380" acceleration="13636"/>
    <motionState vehicle="0" speed="532" time="390" acceleration="13636"/>
    <motionState vehicle="1" speed="532" time="390" acceleration="13636"/>
    <motionState vehicle="2" speed="532" time="390" acceleration="13636"/>
    <motionState vehicle="3" speed="532" time="390" acceleration="13636"/>
    <motionState vehicle="4" speed="532" time="390" acceleration="13636"/>
    <motionState vehicle="0" speed="545" time="400" acceleration="13636"/>
    <motionState vehicle="1" speed="545" time="400" acceleration="13636"/>
    <motionState vehicle="2" speed="545" time="400" acceleration="13636"/>
    <motionState vehicle="3" speed="545" time="400" acceleration="13636"/>
    <motionState vehicle="4" speed="545" time="400" acceleration="13636"/>
    <motionState vehicle="0" speed="559" time="410" acceleration="13636"/>
    <motionState vehicle="1" speed="559" time="410" acceleration="13636"/>
    <motionState vehicle="2" speed="559" time="410" acceleration="13636"/>
    <motionState vehicle="3" speed="559" time="410" acceleration="13636"/>
    <motionState vehicle="4" speed="559" time="410" acceleration="13636"/>
    <motionState vehicle="0" speed="573" time="420" acceleration="13636"/>
    <motionState vehicle="1" speed="573" time="420" acceleration="13636"/>
    <motionState vehicle="2" speed="573" time="420" acceleration="13636"/>
    <motionState vehicle="3" speed="573" time="420" acceleration="13636"/>
    <motionState vehicle="4" speed="573" time="420" acceleration="13636"/>
    <motionState vehicle="0" speed="586" time="430" acceleration="13636"/>
    <motionState vehicle="1" speed="586" time="430" acceleration="13636"/>
    <motionState vehicle="2" speed="586" time="430" acceleration="13636"/>
    <motionState vehicle="3" speed="586" time="430" acceleration="13636"/>
    <motionState vehicle="4" speed="586" time="430" acceleration="13636"/>
    <motionState vehicle="0" speed="600" time="440" acceleration="13636"/>
    <motionState vehicle="1" speed="600" time="440" acceleration="13636"/>
    <motionState vehicle="2" speed="600" time="440" acceleration="13636"/>
    <motionState vehicle="3" speed="600" time="440" acceleration="13636"/>
    <motionState vehicle="4" speed="600" time="440" acceleration="13636"/>
    <motionState vehicle="0" speed="614" time="450" acceleration="13636"/>
    <motionState vehicle="1" speed="614" time="450" acceleration="13636"/>
    <motionState vehicle="2" speed="614" time="450" acceleration="13636"/>
    <motionState vehicle="3" speed="614" time="450" acceleration="13636"/>
    <motionState vehicle="4" speed="614" time="450" acceleration="13636"/>
    <motionState vehicle="0" speed="627" time="460" acceleration="13636"/>
    <motionState vehicle="1" speed="627" time="460" acceleration="13636"/>
    <motionState vehicle="2" speed="627" time="460" acceleration="13636"/>
    <motionState vehicle="3" speed="627" time="460" acceleration="13636"/>
    <motionState vehicle="4" speed="627" time="460" acceleration="13636"/>
    <motionState vehicle="0" speed="641" time="470" acceleration="13636"/>
    <motionState vehicle="1" speed="641" time="470" acceleration="13636"/>
    <motionState vehicle="2" speed="641" time="470" acceleration="13636"/>
    <motionState vehicle="3" speed="641" time="470" acceleration="13636"/>
    <motionState vehicle="4" speed="641" time="470" acceleration="13636"/>
    <motionState vehicle="0" speed="655" time="480" acceleration="13636"/>
    <motionState vehicle="1" speed="655" time="480" acceleration="13636"/>
    <motionState vehicle="2" speed="655" time="480" acceleration="13636"/>
    <motionState vehicle="3" speed="655" time="480" acceleration="13636"/>
    <motionState vehicle="4" speed="655" time="480" acceleration="13636"/>
    <motionState vehicle="0" speed="668" time="490" acceleration="13636"/>
    <motionState vehicle="1" speed="668" time="490" acceleration="13636"/>
    <motionState vehicle="2" speed="668" time="490" acceleration="13636"/>
    <motionState vehicle="3" speed="668" time="490" acceleration="13636"/>
    <motionState vehicle="4" speed="668" time="490" acceleration="13636"/>
    <motionState vehicle="0" speed="682" time="500" acceleration="13636"/>
    <motionState vehicle="1" speed="682" time="500" acceleration="13636"/>
    <motionState vehicle="2" speed="682" time="500" acceleration="13636"/>
    <motionState vehicle="3" speed="682" time="500" acceleration="13636"/>
    <motionState vehicle="4" speed="682" time="500" acceleration="13636"/>
    <motionState vehicle="0" speed="695" time="510" acceleration="13636"/>
    <motionState vehicle="1" speed="695" time="510" acceleration="13636"/>
    <motionState vehicle="2" speed="695" time="510" acceleration="13636"/>
    <motionState vehicle="3" speed="695" time="510" acceleration="13636"/>
    <motionState vehicle="4" speed="695" time="510" acceleration="13636"/>
    <motionState vehicle="0" speed="709" time="520" acceleration="13636"/>
    <motionState vehicle="1" speed="709" time="520" acceleration="13636"/>
    <motionState vehicle="2" speed="709" time="520" acceleration="13636"/>
    <motionState vehicle="3" speed="709" time="520" acceleration="13636"/>
    <motionState vehicle="4" speed="709" time="520" acceleration="13636"/>
    <motionState vehicle="0" speed="723" time="530" acceleration="13636"/>
    <motionState vehicle="1" speed="723" time="530" acceleration="13636"/>
    <motionState vehicle="2" speed="723" time="530" acceleration="13636"/>
    <motionState vehicle="3" speed="723" time="530" acceleration="13636"/>
    <motionState vehicle="4" speed="723" time="530" acceleration="13636"/>
    <motionState vehicle="0" speed="736" time="540" acceleration="13636"/>
    <motionState vehicle="1" speed="736" time="540" acceleration="13636"/>
    <motionState vehicle="2" speed="736" time="540" acceleration="13636"/>
    <motionState vehicle="3" speed="736" time="540" acceleration="13636"/>
    <motionState vehicle="4" speed="736" time="540" acceleration="13636"/>
    <motionState vehicle="0" speed="750" time="550" acceleration="13636"/>
    <motionState vehicle="1" speed="750" time="550" acceleration="13636"/>
    <motionState vehicle="2" speed="750" time="550" acceleration="13636"/>
    <motionState vehicle="3" speed="750" time="550" acceleration="13636"/>
    <motionState vehicle="4" speed="750" time="550" acceleration="13636"/>
    <motionState vehicle="0" speed="764" time="560" acceleration="13636"/>
    <motionState vehicle="1" speed="764" time="560" acceleration="13636"/>
    <motionState vehicle="2" speed="764" time="560" acceleration="13636"/>
    <motionState vehicle="3" speed="764" time="560" acceleration="13636"/>
    <motionState vehicle="4" speed="764" time="560" acceleration="13636"/>
    <motionState vehicle="0" speed="777" time="570" acceleration="13636"/>
    <motionState vehicle="1" speed="777" time="570" acceleration="13636"/>
    <motionState vehicle="2" speed="777" time="570" acceleration="13636"/>
    <motionState vehicle="3" speed="777" time="570" acceleration="13636"/>
    <motionState vehicle="4" speed="777" time="570" acceleration="13636"/>
    <motionState vehicle="0" speed="791" time="580" acceleration="13636"/>
    <motionState vehicle="1" speed="791" time="580" acceleration="13636"/>
    <motionState vehicle="2" speed="791" time="580" acceleration="13636"/>
    <motionState vehicle="3" speed="791" time="580" acceleration="13636"/>
    <motionState vehicle="4" speed="791" time="580" acceleration="13636"/>
    <motionState vehicle="0" speed="805" time="590" acceleration="13636"/>
    <motionState vehicle="1" speed="805" time="590" acceleration="13636"/>
    <motionState vehicle="2" speed="805" time="590" acceleration="13636"/>
    <motionState vehicle="3" speed="805" time="590" acceleration="13636"/>
    <motionState vehicle="4" speed="805" time="590" acceleration="13636"/>
    <motionState vehicle="0" speed="818" time="600" acceleration="13636"/>
    <motionState vehicle="1" speed="818" time="600" acceleration="13636"/>
    <motionState vehicle="2" speed="818" time="600" acceleration="13636"/>
    <motionState vehicle="3" speed="818" time="600" acceleration="13636"/>
    <motionState vehicle="4" speed="818" time="600" acceleration="13636"/>
    <motionState vehicle="0" speed="832" time="610" acceleration="13636"/>
    <motionState vehicle="1" speed="832" time="610" acceleration="13636"/>
    <motionState vehicle="2" speed="832" time="610" acceleration="13636"/>
    <motionState vehicle="3" speed="832" time="610" acceleration="13636"/>
    <motionState vehicle="4" speed="832" time="610" acceleration="13636"/>
    <motionState vehicle="0" speed="845" time="620" acceleration="13636"/>
    <motionState vehicle="1" speed="845" time="620" acceleration="13636"/>
    <motionState vehicle="2" speed="845" time="620" acceleration="13636"/>
    <motionState vehicle="3" speed="845" time="620" acceleration="13636"/>
    <motionState vehicle="4" speed="845" time="620" acceleration="13636"/>
    <motionState vehicle="0" speed="859" time="630" acceleration="13636"/>
    <motionState vehicle="1" speed="859" time="630" acceleration="13636"/>
    <motionState vehicle="2" speed="859" time="630" acceleration="13636"/>
    <motionState vehicle="3" speed="859" time="630" acceleration="13636"/>
    <motionState vehicle="4" speed="859" time="630" acceleration="13636"/>
    <motionState vehicle="0" speed="873" time="640" acceleration="13636"/>
    <motionState vehicle="1" speed="873" time="640" acceleration="13636"/>
    <motionState vehicle="2" speed="873" time="640" acceleration="13636"/>
    <motionState vehicle="3" speed="873" time="640" acceleration="13636"/>
    <motionState vehicle="4" speed="873" time="640" acceleration="13636"/>
    <motionState vehicle="0" speed="886" time="650" acceleration="13636"/>
    <motionState vehicle="1" speed="886" time="650" acceleration="13636"/>
    <motionState vehicle="2" speed="886" time="650" acceleration="13636"/>
    <motionState vehicle="3" speed="886" time="650" acceleration="13636"/>
    <motionState vehicle="4" speed="886" time="650" acceleration="13636"/>
    <motionState vehicle="0" speed="900" time="660" acceleration="13636"/>
    <motionState vehicle="1" speed="900" time="660" acceleration="13636"/>
    <motionState vehicle="2" speed="900" time="660" acceleration="13636"/>
    <motionState vehicle="3" speed="900" time="660" acceleration="13636"/>
    <motionState vehicle="4" speed="900" time="660" acceleration="13636"/>
    <motionState vehicle="0" speed="914" time="670" acceleration="13636"/>
    <motionState vehicle="1" speed="914" time="670" acceleration="13636"/>
    <motionState vehicle="2" speed="914" time="670" acceleration="13636"/>
    <motionState vehicle="3" speed="914" time="670" acceleration="13636"/>
    <motionState vehicle="4" speed="914" time="670" acceleration="13636"/>
    <motionState vehicle="0" speed="927" time="680" acceleration="13636"/>
    <motionState vehicle="1" speed="927" time="680" acceleration="13636"/>
    <motionState vehicle="2" speed="927" time="680" acceleration="13636"/>
    <motionState vehicle="3" speed="927" time="680" acceleration="13636"/>
    <motionState vehicle="4" speed="927" time="680" acceleration="13636"/>
    <motionState vehicle="0" speed="941" time="690" acceleration="13636"/>
    <motionState vehicle="1" speed="941" time="690" acceleration="13636"/>
    <motionState vehicle="2" speed="941" time="690" acceleration="13636"/>
    <motionState vehicle="3" speed="941" time="690" acceleration="13636"/>
    <motionState vehicle="4" speed="941" time="690" acceleration="13636"/>
    <motionState vehicle="0" speed="955" time="700" acceleration="13636"/>
    <motionState vehicle="1" speed="955" time="700" acceleration="13636"/>
    <motionState vehicle="2" speed="955" time="700" acceleration="13636"/>
    <motionState vehicle="3" speed="955" time="700" acceleration="13636"/>
    <motionState vehicle="4" speed="955" time="700" acceleration="13636"/>
    <motionState vehicle="0" speed="968" time="710" acceleration="13636"/>
    <motionState vehicle="1" speed="968" time="710" acceleration="13636"/>
    <motionState vehicle="2" speed="968" time="710" acceleration="13636"/>
    <motionState vehicle="3" speed="968" time="710" acceleration="13636"/>
    <motionState vehicle="4" speed="968" time="710" acceleration="13636"/>
    <motionState vehicle="0" speed="982" time="720" acceleration="13636"/>
    <motionState vehicle="1" speed="982" time="720" acceleration="13636"/>
    <motionState vehicle="2" speed="982" time="720" acceleration="13636"/>
    <motionState vehicle="3" speed="982" time="720" acceleration="13636"/>
    <motionState vehicle="4" speed="982" time="720" acceleration="13636"/>
    <motionState vehicle="0" speed="995" time="730" acceleration="13636"/>
    <motionState vehicle="1" speed="995" time="730" acceleration="13636"/>
    <motionState vehicle="2" speed="995" time="730" acceleration="13636"/>
    <motionState vehicle="3" speed="995" time="730" acceleration="13636"/>
    <motionState vehicle="4" speed="995" time="730" acceleration="13636"/>
    <motionState vehicle="0" speed="1009" time="740" acceleration="13636"/>
    <motionState vehicle="1" speed="1009" time="740" acceleration="13636"/>
    <motionState vehicle="2" speed="1009" time="740" acceleration="13636"/>
    <motionState vehicle="3" speed="1009" time="740" acceleration="13636"/>
    <motionState vehicle="4" speed="1009" time="740" acceleration="13636"/>
    <motionState vehicle="0" speed="1023" time="750" acceleration="13636"/>
    <motionState vehicle="1" speed="1023" time="750" acceleration="13636"/>
    <motionState vehicle="2" speed="1023" time="750" acceleration="13636"/>
    <motionState vehicle="3" speed="1023" time="750" acceleration="13636"/>
    <motionState vehicle="4" speed="1023" time="750" acceleration="13636"/>
    <motionState vehicle="0" speed="1036" time="760" acceleration="13636"/>
    <motionState vehicle="1" speed="1036" time="760" acceleration="13636"/>
    <motionState vehicle="2" speed="1036" time="760" acceleration="13636"/>
    <motionState vehicle="3" speed="1036" time="760" acceleration="13636"/>
    <motionState vehicle="4" speed="1036" time="760" acceleration="13636"/>
    <motionState vehicle="0" speed="1050" time="770" acceleration="13636"/>
    <motionState vehicle="1" speed="1050" time="770" acceleration="13636"/>
    <motionState vehicle="2" speed="1050" time="770" acceleration="13636"/>
    <motionState vehicle="3" speed="1050" time="770" acceleration="13636"/>
    <motionState vehicle="4" speed="1050" time="770" acceleration="13636"/>
    <motionState vehicle="0" speed="1064" time="780" acceleration="13636"/>
    <motionState vehicle="1" speed="1064" time="780" acceleration="13636"/>
    <motionState vehicle="2" speed="1064" time="780" acceleration="13636"/>
    <motionState vehicle="3" speed="1064" time="780" acceleration="13636"/>
    <motionState vehicle="4" speed="1064" time="780" acceleration="13636"/>
    <motionState vehicle="0" speed="1077" time="790" acceleration="13636"/>
    <motionState vehicle="1" speed="1077" time="790" acceleration="13636"/>
    <motionState vehicle="2" speed="1077" time="790" acceleration="13636"/>
    <motionState vehicle="3" speed="1077" time="790" acceleration="13636"/>
    <motionState vehicle="4" speed="1077" time="790" acceleration="13636"/>
    <motionState vehicle="0" speed="1091" time="800" acceleration="13636"/>
    <motionState vehicle="1" speed="1091" time="800" acceleration="13636"/>
    <motionState vehicle="2" speed="1091" time="800" acceleration="13636"/>
    <motionState vehicle="3" speed="1091" time="800" acceleration="13636"/>
    <motionState vehicle="4" speed="1091" time="800" acceleration="13636"/>
    <motionState vehicle="0" speed="1105" time="810" acceleration="13636"/>
    <motionState vehicle="1" speed="1105" time="810" acceleration="13636"/>
    <motionState vehicle="2" speed="1105" time="810" acceleration="13636"/>
    <motionState vehicle="3" speed="1105" time="810" acceleration="13636"/>
    <motionState vehicle="4" speed="1105" time="810" acceleration="13636"/>
    <motionState vehicle="0" speed="1118" time="820" acceleration="13636"/>
    <motionState vehicle="1" speed="1118" time="820" acceleration="13636"/>
    <motionState vehicle="2" speed="1118" time="820" acceleration="13636"/>
    <motionState vehicle="3" speed="1118" time="820" acceleration="13636"/>
    <motionState vehicle="4" speed="1118" time="820" acceleration="13636"/>
    <motionState vehicle="0" speed="1132" time="830" acceleration="13636"/>
    <motionState vehicle="1" speed="1132" time="830" acceleration="13636"/>
    <motionState vehicle="2" speed="1132" time="830" acceleration="13636"/>
    <motionState vehicle="3" speed="1132" time="830" acceleration="13636"/>
    <motionState vehicle="4" speed="1132" time="830" acceleration="13636"/>
    <motionState vehicle="0" speed="1145" time="840" acceleration="13636"/>
    <motionState vehicle="1" speed="1145" time="840" acceleration="13636"/>
    <motionState vehicle="2" speed="1145" time="840" acceleration="13636"/>
    <motionState vehicle="3" speed="1145" time="840" acceleration="13636"/>
    <motionState vehicle="4" speed="1145" time="840" acceleration="13636"/>
    <motionState vehicle="0" speed="1159" time="850" acceleration="13636"/>
    <motionState vehicle="1" speed="1159" time="850" acceleration="13636"/>
    <motionState vehicle="2" speed="1159" time="850" acceleration="13636"/>
    <motionState vehicle="3" speed="1159" time="850" acceleration="13636"/>
    <motionState vehicle="4" speed="1159" time="850" acceleration="13636"/>
    <motionState vehicle="0" speed="1173" time="860" acceleration="13636"/>
    <motionState vehicle="1" speed="1173" time="860" acceleration="13636"/>
    <motionState vehicle="2" speed="1173" time="860" acceleration="13636"/>
    <motionState vehicle="3" speed="1173" time="860" acceleration="13636"/>
    <motionState vehicle="4" speed="1173" time="860" acceleration="13636"/>
    <motionState vehicle="0" speed="1186" time="870" acceleration="13636"/>
    <motionState vehicle="1" speed="1186" time="870" acceleration="13636"/>
    <motionState vehicle="2" speed="1186" time="870" acceleration="13636"/>
    <motionState vehicle="3" speed="1186" time="870" acceleration="13636"/>
    <motionState vehicle="4" speed="1186" time="870" acceleration="13636"/>
    <motionState vehicle="0" speed="1200" time="880" acceleration="13636"/>
    <motionState vehicle="1" speed="1200" time="880" acceleration="13636"/>
    <motionState vehicle="2" speed="1200" time="880" acceleration="13636"/>
    <motionState vehicle="3" speed="1200" time="880" acceleration="13636"/>
    <motionState vehicle="4" speed="1200" time="880" acceleration="13636"/>
    <motionState vehicle="0" speed="1214" time="890" acceleration="13636"/>
    <motionState vehicle="1" speed="1214" time="890" acceleration="13636"/>
    <motionState vehicle="2" speed="1214" time="890" acceleration="13636"/>
    <motionState vehicle="3" speed="1214" time="890" acceleration="13636"/>
    <motionState vehicle="4" speed="1214" time="890" acceleration="13636"/>
    <motionState vehicle="0" speed="1227" time="900" acceleration="13636"/>
    <motionState vehicle="1" speed="1227" time="900" acceleration="13636"/>
    <motionState vehicle="2" speed="1227" time="900" acceleration="13636"/>
    <motionState vehicle="3" speed="1227" time="900" acceleration="13636"/>
    <motionState vehicle="4" speed="1227" time="900" acceleration="13636"/>
    <motionState vehicle="0" speed="1241" time="910" acceleration="13636"/>
    <motionState vehicle="1" speed="1241" time="910" acceleration="13636"/>
    <motionState vehicle="2" speed="1241" time="910" acceleration="13636"/>
    <motionState vehicle="3" speed="1241" time="910" acceleration="13636"/>
    <motionState vehicle="4" speed="1241" time="910" acceleration="13636"/>
    <motionState vehicle="0" speed="1255" time="920" acceleration="13636"/>
    <motionState vehicle="1" speed="1255" time="920" acceleration="13636"/>
    <motionState vehicle="2" speed="1255" time="920" acceleration="13636"/>
    <motionState vehicle="3" speed="1255" time="920" acceleration="13636"/>
    <motionState vehicle="4" speed="1255" time="920" acceleration="13636"/>
    <motionState vehicle="0" speed="1268" time="930" acceleration="13636"/>
    <motionState vehicle="1" speed="1268" time="930" acceleration="13636"/>
    <motionState vehicle="2" speed="1268" time="930" acceleration="13636"/>
    <motionState vehicle="3" speed="1268" time="930" acceleration="13636"/>
    <motionState vehicle="4" speed="1268" time="930" acceleration="13636"/>
    <motionState vehicle="0" speed="1282" time="940" acceleration="13636"/>
    <motionState vehicle="1" speed="1282" time="940" acceleration="13636"/>
    <motionState vehicle="2" speed="1282" time="940" acceleration="13636"/>
    <motionState vehicle="3" speed="1282" time="940" acceleration="13636"/>
    <motionState vehicle="4" speed="1282" time="940" acceleration="13636"/>
    <motionState vehicle="0" speed="1295" time="950" acceleration="13636"/>
    <motionState vehicle="1" speed="1295" time="950" acceleration="13636"/>
    <motionState vehicle="2" speed="1295" time="950" acceleration="13636"/>
    <motionState vehicle="3" speed="1295" time="950" acceleration="13636"/>
    <motionState vehicle="4" speed="1295" time="950" acceleration="13636"/>
    <motionState vehicle="0" speed="1309" time="960" acceleration="13636"/>
    <motionState vehicle="1" speed="1309" time="960" acceleration="13636"/>
    <motionState vehicle="2" speed="1309" time="960" acceleration="13636"/>
    <motionState vehicle="3" speed="1309" time="960" acceleration="13636"/>
    <motionState vehicle="4" speed="1309" time="960" acceleration="13636"/>
    <motionState vehicle="0" speed="1323" time="970" acceleration="13636"/>
    <motionState vehicle="1" speed="1323" time="970" acceleration="13636"/>
    <motionState vehicle="2" speed="1323" time="970" acceleration="13636"/>
    <motionState vehicle="3" speed="1323" time="970" acceleration="13636"/>
    <motionState vehicle="4" speed="1323" time="970" acceleration="13636"/>
    <motionState vehicle="0" speed="1336" time="980" acceleration="13636"/>
    <motionState vehicle="1" speed="1336" time="980" acceleration="13636"/>
    <motionState vehicle="2" speed="1336" time="980" acceleration="13636"/>
    <motionState vehicle="3" speed="1336" time="980" acceleration="13636"/>
    <motionState vehicle="4" speed="1336" time="980" acceleration="13636"/>
    <motionState vehicle="0" speed="1350" time="990" acceleration="13636"/>
    <motionState vehicle="1" speed="1350" time="990" acceleration="13636"/>
    <motionState vehicle="2" speed="1350" time="990" acceleration="13636"/>
    <motionState vehicle="3" speed="1350" time="990" acceleration="13636"/>
    <motionState vehicle="4" speed="1350" time="990" acceleration="13636"/>
    <motionState vehicle="0" speed="1364" time="1000" acceleration="13636"/>
    <motionState vehicle="1" speed="1364" time="1000" acceleration="13636"/>
    <motionState vehicle="2" speed="1364" time="1000" acceleration="13636"/>
    <motionState vehicle="3" speed="1364" time="1000" acceleration="13636"/>
    <motionState vehicle="4" speed="1364" time="1000" acceleration="13636"/>
    <motionState vehicle="0" speed="1377" time="1010" acceleration="13636"/>
    <motionState vehicle="1" speed="1377" time="1010" acceleration="13636"/>
    <motionState vehicle="2" speed="1377" time="1010" acceleration="13636"/>
    <motionState vehicle="3" speed="1377" time="1010" acceleration="13636"/>
    <motionState vehicle="4" speed="1377" time="1010" acceleration="13636"/>
    <motionState vehicle="0" speed="1391" time="1020" acceleration="13636"/>
    <motionState vehicle="1" speed="1391" time="1020" acceleration="13636"/>
    <motionState vehicle="2" speed="1391" time="1020" acceleration="13636"/>
    <motionState vehicle="3" speed="1391" time="1020" acceleration="13636"/>
    <motionState vehicle="4" speed="1391" time="1020" acceleration="13636"/>
    <motionState vehicle="0" speed="1405" time="1030" acceleration="13636"/>
    <motionState vehicle="1" speed="1405" time="1030" acceleration="13636"/>
    <motionState vehicle="2" speed="1405" time="1030" acceleration="13636"/>
    <motionState vehicle="3" speed="1405" time="1030" acceleration="13636"/>
    <motionState vehicle="4" speed="1405" time="1030" acceleration="13636"/>
    <motionState vehicle="0" speed="1418" time="1040" acceleration="13636"/>
    <motionState vehicle="1" speed="1418" time="1040" acceleration="13636"/>
    <motionState vehicle="2" speed="1418" time="1040" acceleration="13636"/>
    <motionState vehicle="3" speed="1418" time="1040" acceleration="13636"/>
    <motionState vehicle="4" speed="1418" time="1040" acceleration="13636"/>
    <motionState vehicle="0" speed="1432" time="1050" acceleration="13636"/>
    <motionState vehicle="1" speed="1432" time="1050" acceleration="13636"/>
    <motionState vehicle="2" speed="1432" time="1050" acceleration="13636"/>
    <motionState vehicle="3" speed="1432" time="1050" acceleration="13636"/>
    <motionState vehicle="4" speed="1432" time="1050" acceleration="13636"/>
    <motionState vehicle="0" speed="1445" time="1060" acceleration="13636"/>
    <motionState vehicle="1" speed="1445" time="1060" acceleration="13636"/>
    <motionState vehicle="2" speed="1445" time="1060" acceleration="13636"/>
    <motionState vehicle="3" speed="1445" time="1060" acceleration="13636"/>
    <motionState vehicle="4" speed="1445" time="1060" acceleration="13636"/>
    <motionState vehicle="0" speed="1459" time="1070" acceleration="13636"/>
    <motionState vehicle="1" speed="1459" time="1070" acceleration="13636"/>
    <motionState vehicle="2" speed="1459" time="1070" acceleration="13636"/>
    <motionState vehicle="3" speed="1459" time="1070" acceleration="13636"/>
    <motionState vehicle="4" speed="1459" time="1070" acceleration="13636"/>
    <motionState vehicle="0" speed="1473" time="1080" acceleration="13636"/>
    <motionState vehicle="1" speed="1473" time="1080" acceleration="13636"/>
    <motionState vehicle="2" speed="1473" time="1080" acceleration="13636"/>
    <motionState vehicle="3" speed="1473" time="1080" acceleration="13636"/>
    <motionState vehicle="4" speed="1473" time="1080" acceleration="13636"/>
    <motionState vehicle="0" speed="1486" time="1090" acceleration="13636"/>
    <motionState vehicle="1" speed="1486" time="1090" acceleration="13636"/>
    <motionState vehicle="2" speed="1486" time="1090" acceleration="13636"/>
    <motionState vehicle="3" speed="1486" time="1090" acceleration="13636"/>
    <motionState vehicle="4" speed="1486" time="1090" acceleration="13636"/>
    <motionState vehicle="0" speed="1500" time="1100" acceleration="13636"/>
    <motionState vehicle="1" speed="1500" time="1100" acceleration="13636"/>
    <motionState vehicle="2" speed="1500" time="1100" acceleration="13636"/>
    <motionState vehicle="3" speed="1500" time="1100" acceleration="13636"/>
    <motionState vehicle="4" speed="1500" time="1100" acceleration="13636"/>
    <motionState vehicle="0" speed="1514" time="1110" acceleration="13636"/>
    <motionState vehicle="1" speed="1514" time="1110" acceleration="13636"/>
    <motionState vehicle="2" speed="1514" time="1110" acceleration="13636"/>
    <motionState vehicle="3" speed="1514" time="1110" acceleration="13636"/>
    <motionState vehicle="4" speed="1514" time="1110" acceleration="13636"/>
    <motionState vehicle="0" speed="1527" time="1120" acceleration="13636"/>
    <motionState vehicle="1" speed="1527" time="1120" acceleration="13636"/>
    <motionState vehicle="2" speed="1527" time="1120" acceleration="13636"/>
    <motionState vehicle="3" speed="1527" time="1120" acceleration="13636"/>
    <motionState vehicle="4" speed="1527" time="1120" acceleration="13636"/>
    <motionState vehicle="0" speed="1541" time="1130" acceleration="13636"/>
    <motionState vehicle="1" speed="1541" time="1130" acceleration="13636"/>
    <motionState vehicle="2" speed="1541" time="1130" acceleration="13636"/>
    <motionState vehicle="3" speed="1541" time="1130" acceleration="13636"/>
    <motionState vehicle="4" speed="1541" time="1130" acceleration="13636"/>
    <motionState vehicle="0" speed="1555" time="1140" acceleration="13636"/>
    <motionState vehicle="1" speed="1555" time="1140" acceleration="13636"/>
    <motionState vehicle="2" speed="1555" time="1140" acceleration="13636"/>
    <motionState vehicle="3" speed="1555" time="1140" acceleration="13636"/>
    <motionState vehicle="4" speed="1555" time="1140" acceleration="13636"/>
    <motionState vehicle="0" speed="1568" time="1150" acceleration="13636"/>
    <motionState vehicle="1" speed="1568" time="1150" acceleration="13636"/>
    <motionState vehicle="2" speed="1568" time="1150" acceleration="13636"/>
    <motionState vehicle="3" speed="1568" time="1150" acceleration="13636"/>
    <motionState vehicle="4" speed="1568" time="1150" acceleration="13636"/>
    <motionState vehicle="0" speed="1582" time="1160" acceleration="13636"/>
    <motionState vehicle="1" speed="1582" time="1160" acceleration="13636"/>
    <motionState vehicle="2" speed="1582" time="1160" acceleration="13636"/>
    <motionState vehicle="3" speed="1582" time="1160" acceleration="13636"/>
    <motionState vehicle="4" speed="1582" time="1160" acceleration="13636"/>
    <motionState vehicle="0" speed="1595" time="1170" acceleration="13636"/>
    <motionState vehicle="1" speed="1595" time="1170" acceleration="13636"/>
    <motionState vehicle="2" speed="1595" time="1170" acceleration="13636"/>
    <motionState vehicle="3" speed="1595" time="1170" acceleration="13636"/>
    <motionState vehicle="4" speed="1595" time="1170" acceleration="13636"/>
    <motionState vehicle="0" speed="1609" time="1180" acceleration="13636"/>
    <motionState vehicle="1" speed="1609" time="1180" acceleration="13636"/>
    <motionState vehicle="2" speed="1609" time="1180" acceleration="13636"/>
    <motionState vehicle="3" speed="1609" time="1180" acceleration="13636"/>
    <motionState vehicle="4" speed="1609" time="1180" acceleration="13636"/>
    <motionState vehicle="0" speed="1623" time="1190" acceleration="13636"/>
    <motionState vehicle="1" speed="1623" time="1190" acceleration="13636"/>
    <motionState vehicle="2" speed="1623" time="1190" acceleration="13636"/>
    <motionState vehicle="3" speed="1623" time="1190" acceleration="13636"/>
    <motionState vehicle="4" speed="1623" time="1190" acceleration="13636"/>
    <motionState vehicle="0" speed="1636" time="1200" acceleration="13636"/>
    <motionState vehicle="1" speed="1636" time="1200" acceleration="13636"/>
    <motionState vehicle="2" speed="1636" time="1200" acceleration="13636"/>
    <motionState vehicle="3" speed="1636" time="1200" acceleration="13636"/>
    <motionState vehicle="4" speed="1636" time="1200" acceleration="13636"/>
    <motionState vehicle="0" speed="1650" time="1210" acceleration="13636"/>
    <motionState vehicle="1" speed="1650" time="1210" acceleration="13636"/>
    <motionState vehicle="2" speed="1650" time="1210" acceleration="13636"/>
    <motionState vehicle="3" speed="1650" time="1210" acceleration="13636"/>
    <motionState vehicle="4" speed="1650" time="1210" acceleration="13636"/>
    <motionState vehicle="0" speed="1664" time="1220" acceleration="13636"/>
    <motionState vehicle="1" speed="1664" time="1220" acceleration="13636"/>
    <motionState vehicle="2" speed="1664" time="1220" acceleration="13636"/>
    <motionState vehicle="3" speed="1664" time="1220" acceleration="13636"/>
    <motionState vehicle="4" speed="1664" time="1220" acceleration="13636"/>
    <motionState vehicle="0" speed="1677" time="1230" acceleration="13636"/>
    <motionState vehicle="1" speed="1677" time="1230" acceleration="13636"/>
    <motionState vehicle="2" speed="1677" time="1230" acceleration="13636"/>
    <motionState vehicle="3" speed="1677" time="1230" acceleration="13636"/>
    <motionState vehicle="4" speed="1677" time="1230" acceleration="13636"/>
    <motionState vehicle="0" speed="1691" time="1240" acceleration="13636"/>
    <motionState vehicle="1" speed="1691" time="1240" acceleration="13636"/>
    <motionState vehicle="2" speed="1691" time="1240" acceleration="13636"/>
    <motionState vehicle="3" speed="1691" time="1240" acceleration="13636"/>
    <motionState vehicle="4" speed="1691" time="1240" acceleration="13636"/>
    <motionState vehicle="0" speed="1705" time="1250" acceleration="13636"/>
    <motionState vehicle="1" speed="1705" time="1250" acceleration="13636"/>
    <motionState vehicle="2" speed="1705" time="1250" acceleration="13636"/>
    <motionState vehicle="3" speed="1705" time="1250" acceleration="13636"/>
    <motionState vehicle="4" speed="1705" time="1250" acceleration="13636"/>
    <motionState vehicle="0" speed="1718" time="1260" acceleration="13636"/>
    <motionState vehicle="1" speed="1718" time="1260" acceleration="13636"/>
    <motionState vehicle="2" speed="1718" time="1260" acceleration="13636"/>
    <motionState vehicle="3" speed="1718" time="1260" acceleration="13636"/>
    <motionState vehicle="4" speed="1718" time="1260" acceleration="13636"/>
    <motionState vehicle="0" speed="1732" time="1270" acceleration="13636"/>
    <motionState vehicle="1" speed="1732" time="1270" acceleration="13636"/>
    <motionState vehicle="2" speed="1732" time="1270" acceleration="13636"/>
    <motionState vehicle="3" speed="1732" time="1270" acceleration="13636"/>
    <motionState vehicle="4" speed="1732" time="1270" acceleration="13636"/>
    <motionState vehicle="0" speed="1745" time="1280" acceleration="13636"/>
    <motionState vehicle="1" speed="1745" time="1280" acceleration="13636"/>
    <motionState vehicle="2" speed="1745" time="1280" acceleration="13636"/>
    <motionState vehicle="3" speed="1745" time="1280" acceleration="13636"/>
    <motionState vehicle="4" speed="1745" time="1280" acceleration="13636"/>
    <motionState vehicle="0" speed="1759" time="1290" acceleration="13636"/>
    <motionState vehicle="1" speed="1759" time="1290" acceleration="13636"/>
    <motionState vehicle="2" speed="1759" time="1290" acceleration="13636"/>
    <motionState vehicle="3" speed="1759" time="1290" acceleration="13636"/>
    <motionState vehicle="4" speed="1759" time="1290" acceleration="13636"/>
    <motionState vehicle="0" speed="1773" time="1300" acceleration="13636"/>
    <motionState vehicle="1" speed="1773" time="1300" acceleration="13636"/>
    <motionState vehicle="2" speed="1773" time="1300" acceleration="13636"/>
    <motionState vehicle="3" speed="1773" time="1300" acceleration="13636"/>
    <motionState vehicle="4" speed="1773" time="1300" acceleration="13636"/>
    <motionState vehicle="0" speed="1786" time="1310" acceleration="13636"/>
    <motionState vehicle="1" speed="1786" time="1310" acceleration="13636"/>
    <motionState vehicle="2" speed="1786" time="1310" acceleration="13636"/>
    <motionState vehicle="3" speed="1786" time="1310" acceleration="13636"/>
    <motionState vehicle="4" speed="1786" time="1310" acceleration="13636"/>
    <motionState vehicle="0" speed="1800" time="1320" acceleration="13636"/>
    <motionState vehicle="1" speed="1800" time="1320" acceleration="13636"/>
    <motionState vehicle="2" speed="1800" time="1320" acceleration="13636"/>
    <motionState vehicle="3" speed="1800" time="1320" acceleration="13636"/>
    <motionState vehicle="4" speed="1800" time="1320" acceleration="13636"/>
    <motionState vehicle="0" speed="1814" time="1330" acceleration="13636"/>
    <motionState vehicle="1" speed="1814" time="1330" acceleration="13636"/>
    <motionState vehicle="2" speed="1814" time="1330" acceleration="13636"/>
    <motionState vehicle="3" speed="1814" time="1330" acceleration="13636"/>
    <motionState vehicle="4" speed="1814" time="1330" acceleration="13636"/>
    <motionState vehicle="0" speed="1827" time="1340" acceleration="13636"/>
    <motionState vehicle="1" speed="1827" time="1340" acceleration="13636"/>
    <motionState vehicle="2" speed="1827" time="1340" acceleration="13636"/>
    <motionState vehicle="3" speed="1827" time="1340" acceleration="13636"/>
    <motionState vehicle="4" speed="1827" time="1340" acceleration="13636"/>
    <motionState vehicle="0" speed="1841" time="1350" acceleration="13636"/>
    <motionState vehicle="1" speed="1841" time="1350" acceleration="13636"/>
    <motionState vehicle="2" speed="1841" time="1350" acceleration="13636"/>
    <motionState vehicle="3" speed="1841" time="1350" acceleration="13636"/>
    <motionState vehicle="4" speed="1841" time="1350" acceleration="13636"/>
    <motionState vehicle="0" speed="1855" time="1360" acceleration="13636"/>
    <motionState vehicle="1" speed="1855" time="1360" acceleration="13636"/>
    <motionState vehicle="2" speed="1855" time="1360" acceleration="13636"/>
    <motionState vehicle="3" speed="1855" time="1360" acceleration="13636"/>
    <motionState vehicle="4" speed="1855" time="1360" acceleration="13636"/>
    <motionState vehicle="0" speed="1868" time="1370" acceleration="13636"/>
    <motionState vehicle="1" speed="1868" time="1370" acceleration="13636"/>
    <motionState vehicle="2" speed="1868" time="1370" acceleration="13636"/>
    <motionState vehicle="3" speed="1868" time="1370" acceleration="13636"/>
    <motionState vehicle="4" speed="1868" time="1370" acceleration="13636"/>
    <motionState vehicle="0" speed="1882" time="1380" acceleration="13636"/>
    <motionState vehicle="1" speed="1882" time="1380" acceleration="13636"/>
    <motionState vehicle="2" speed="1882" time="1380" acceleration="13636"/>
    <motionState vehicle="3" speed="1882" time="1380" acceleration="13636"/>
    <motionState vehicle="4" speed="1882" time="1380" acceleration="13636"/>
    <motionState vehicle="0" speed="1895" time="1390" acceleration="13636"/>
    <motionState vehicle="1" speed="1895" time="1390" acceleration="13636"/>
    <motionState vehicle="2" speed="1895" time="1390" acceleration="13636"/>
    <motionState vehicle="3" speed="1895" time="1390" acceleration="13636"/>
    <motionState vehicle="4" speed="1895" time="1390" acceleration="13636"/>
    <motionState vehicle="0" speed="1909" time="1400" acceleration="13636"/>
    <motionState vehicle="1" speed="1909" time="1400" acceleration="13636"/>
    <motionState vehicle="2" speed="1909" time="1400" acceleration="13636"/>
    <motionState vehicle="3" speed="1909" time="1400" acceleration="13636"/>
    <motionState vehicle="4" speed="1909" time="1400" acceleration="13636"/>
    <motionState vehicle="0" speed="1923" time="1410" acceleration="13636"/>
    <motionState vehicle="1" speed="1923" time="1410" acceleration="13636"/>
    <motionState vehicle="2" speed="1923" time="1410" acceleration="13636"/>
    <motionState vehicle="3" speed="1923" time="1410" acceleration="13636"/>
    <motionState vehicle="4" speed="1923" time="1410" acceleration="13636"/>
    <motionState vehicle="0" speed="1936" time="1420" acceleration="13636"/>
    <motionState vehicle="1" speed="1936" time="1420" acceleration="13636"/>
    <motionState vehicle="2" speed="1936" time="1420" acceleration="13636"/>
    <motionState vehicle="3" speed="1936" time="1420" acceleration="13636"/>
    <motionState vehicle="4" speed="1936" time="1420" acceleration="13636"/>
    <motionState vehicle="0" speed="1950" time="1430" acceleration="13636"/>
    <motionState vehicle="1" speed="1950" time="1430" acceleration="13636"/>
    <motionState vehicle="2" speed="1950" time="1430" acceleration="13636"/>
    <motionState vehicle="3" speed="1950" time="1430" acceleration="13636"/>
    <motionState vehicle="4" speed="1950" time="1430" acceleration="13636"/>
    <motionState vehicle="0" speed="1964" time="1440" acceleration="13636"/>
    <motionState vehicle="1" speed="1964" time="1440" acceleration="13636"/>
    <motionState vehicle="2" speed="1964" time="1440" acceleration="13636"/>
    <motionState vehicle="3" speed="1964" time="1440" acceleration="13636"/>
    <motionState vehicle="4" speed="1964" time="1440" acceleration="13636"/>
    <motionState vehicle="0" speed="1977" time="1450" acceleration="13636"/>
    <motionState vehicle="1" speed="1977" time="1450" acceleration="13636"/>
    <motionState vehicle="2" speed="1977" time="1450" acceleration="13636"/>
    <motionState vehicle="3" speed="1977" time="1450" acceleration="13636"/>
    <motionState vehicle="4" speed="1977" time="1450" acceleration="13636"/>
    <motionState vehicle="0" speed="1991" time="1460" acceleration="13636"/>
    <motionState vehicle="1" speed="1991" time="1460" acceleration="13636"/>
    <motionState vehicle="2" speed="1991" time="1460" acceleration="13636"/>
    <motionState vehicle="3" speed="1991" time="1460" acceleration="13636"/>
    <motionState vehicle="4" speed="1991" time="1460" acceleration="13636"/>
    <motionState vehicle="0" speed="2005" time="1470" acceleration="13636"/>
    <motionState vehicle="1" speed="2005" time="1470" acceleration="13636"/>
    <motionState vehicle="2" speed="2005" time="1470" acceleration="13636"/>
    <motionState vehicle="3" speed="2005" time="1470" acceleration="13636"/>
    <motionState vehicle="4" speed="2005" time="1470" acceleration="13636"/>
    <motionState vehicle="0" speed="2018" time="1480" acceleration="13636"/>
    <motionState vehicle="1" speed="2018" time="1480" acceleration="13636"/>
    <motionState vehicle="2" speed="2018" time="1480" acceleration="13636"/>
    <motionState vehicle="3" speed="2018" time="1480" acceleration="13636"/>
    <motionState vehicle="4" speed="2018" time="1480" acceleration="13636"/>
    <motionState vehicle="0" speed="2032" time="1490" acceleration="13636"/>
    <motionState vehicle="1" speed="2032" time="1490" acceleration="13636"/>
    <motionState vehicle="2" speed="2032" time="1490" acceleration="13636"/>
    <motionState vehicle="3" speed="2032" time="1490" acceleration="13636"/>
    <motionState vehicle="4" speed="2032" time="1490" acceleration="13636"/>
    <motionState vehicle="0" speed="2045" time="1500" acceleration="13636"/>
    <motionState vehicle="1" speed="2045" time="1500" acceleration="13636"/>
    <motionState vehicle="2" speed="2045" time="1500" acceleration="13636"/>
    <motionState vehicle="3" speed="2045" time="1500" acceleration="13636"/>
    <motionState vehicle="4" speed="2045" time="1500" acceleration="13636"/>
    <motionState vehicle="0" speed="2059" time="1510" acceleration="13636"/>
    <motionState vehicle="1" speed="2059" time="1510" acceleration="13636"/>
    <motionState vehicle="2" speed="2059" time="1510" acceleration="13636"/>
    <motionState vehicle="3" speed="2059" time="1510" acceleration="13636"/>
    <motionState vehicle="4" speed="2059" time="1510" acceleration="13636"/>
    <motionState vehicle="0" speed="2073" time="1520" acceleration="13636"/>
    <motionState vehicle="1" speed="2073" time="1520" acceleration="13636"/>
    <motionState vehicle="2" speed="2073" time="1520" acceleration="13636"/>
    <motionState vehicle="3" speed="2073" time="1520" acceleration="13636"/>
    <motionState vehicle="4" speed="2073" time="1520" acceleration="13636"/>
    <motionState vehicle="0" speed="2086" time="1530" acceleration="13636"/>
    <motionState vehicle="1" speed="2086" time="1530" acceleration="13636"/>
    <motionState vehicle="2" speed="2086" time="1530" acceleration="13636"/>
    <motionState vehicle="3" speed="2086" time="1530" acceleration="13636"/>
    <motionState vehicle="4" speed="2086" time="1530" acceleration="13636"/>
    <motionState vehicle="0" speed="2100" time="1540" acceleration="13636"/>
    <motionState vehicle="1" speed="2100" time="1540" acceleration="13636"/>
    <motionState vehicle="2" speed="2100" time="1540" acceleration="13636"/>
    <motionState vehicle="3" speed="2100" time="1540" acceleration="13636"/>
    <motionState vehicle="4" speed="2100" time="1540" acceleration="13636"/>
    <motionState vehicle="0" speed="2114" time="1550" acceleration="13636"/>
    <motionState vehicle="1" speed="2114" time="1550" acceleration="13636"/>
    <motionState vehicle="2" speed="2114" time="1550" acceleration="13636"/>
    <motionState vehicle="3" speed="2114" time="1550" acceleration="13636"/>
    <motionState vehicle="4" speed="2114" time="1550" acceleration="13636"/>
    <motionState vehicle="0" speed="2127" time="1560" acceleration="13636"/>
    <motionState vehicle="1" speed="2127" time="1560" acceleration="13636"/>
    <motionState vehicle="2" speed="2127" time="1560" acceleration="13636"/>
    <motionState vehicle="3" speed="2127" time="1560" acceleration="13636"/>
    <motionState vehicle="4" speed="2127" time="1560" acceleration="13636"/>
    <motionState vehicle="0" speed="2141" time="1570" acceleration="13636"/>
    <motionState vehicle="1" speed="2141" time="1570" acceleration="13636"/>
    <motionState vehicle="2" speed="2141" time="1570" acceleration="13636"/>
    <motionState vehicle="3" speed="2141" time="1570" acceleration="13636"/>
    <motionState vehicle="4" speed="2141" time="1570" acceleration="13636"/>
    <motionState vehicle="0" speed="2155" time="1580" acceleration="13636"/>
    <motionState vehicle="1" speed="2155" time="1580" acceleration="13636"/>
    <motionState vehicle="2" speed="2155" time="1580" acceleration="13636"/>
    <motionState vehicle="3" speed="2155" time="1580" acceleration="13636"/>
    <motionState vehicle="4" speed="2155" time="1580" acceleration="13636"/>
    <motionState vehicle="0" speed="2168" time="1590" acceleration="13636"/>
    <motionState vehicle="1" speed="2168" time="1590" acceleration="13636"/>
    <motionState vehicle="2" speed="2168" time="1590" acceleration="13636"/>
    <motionState vehicle="3" speed="2168" time="1590" acceleration="13636"/>
    <motionState vehicle="4" speed="2168" time="1590" acceleration="13636"/>
    <motionState vehicle="0" speed="2182" time="1600" acceleration="13636"/>
    <motionState vehicle="1" speed="2182" time="1600" acceleration="13636"/>
    <motionState vehicle="2" speed="2182" time="1600" acceleration="13636"/>
    <motionState vehicle="3" speed="2182" time="1600" acceleration="13636"/>
    <motionState vehicle="4" speed="2182" time="1600" acceleration="13636"/>
    <motionState vehicle="0" speed="2195" time="1610" acceleration="13636"/>
    <motionState vehicle="1" speed="2195" time="1610" acceleration="13636"/>
    <motionState vehicle="2" speed="2195" time="1610" acceleration="13636"/>
    <motionState vehicle="3" speed="2195" time="1610" acceleration="13636"/>
    <motionState vehicle="4" speed="2195" time="1610" acceleration="13636"/>
    <motionState vehicle="0" speed="2209" time="1620" acceleration="13636"/>
    <motionState vehicle="1" speed="2209" time="1620" acceleration="13636"/>
    <motionState vehicle="2" speed="2209" time="1620" acceleration="13636"/>
    <motionState vehicle="3" speed="2209" time="1620" acceleration="13636"/>
    <motionState vehicle="4" speed="2209" time="1620" acceleration="13636"/>
    <motionState vehicle="0" speed="2223" time="1630" acceleration="13636"/>
    <motionState vehicle="1" speed="2223" time="1630" acceleration="13636"/>
    <motionState vehicle="2" speed="2223" time="1630" acceleration="13636"/>
    <motionState vehicle="3" speed="2223" time="1630" acceleration="13636"/>
    <motionState vehicle="4" speed="2223" time="1630" acceleration="13636"/>
    <motionState vehicle="0" speed="2236" time="1640" acceleration="13636"/>
    <motionState vehicle="1" speed="2236" time="1640" acceleration="13636"/>
    <motionState vehicle="2" speed="2236" time="1640" acceleration="13636"/>
    <motionState vehicle="3" speed="2236" time="1640" acceleration="13636"/>
    <motionState vehicle="4" speed="2236" time="1640" acceleration="13636"/>
    <motionState vehicle="0" speed="2250" time="1650" acceleration="13636"/>
    <motionState vehicle="1" speed="2250" time="1650" acceleration="13636"/>
    <motionState vehicle="2" speed="2250" time="1650" acceleration="13636"/>
    <motionState vehicle="3" speed="2250" time="1650" acceleration="13636"/>
    <motionState vehicle="4" speed="2250" time="1650" acceleration="13636"/>
    <motionState vehicle="0" speed="2264" time="1660" acceleration="13636"/>
    <motionState vehicle="1" speed="2264" time="1660" acceleration="13636"/>
    <motionState vehicle="2" speed="2264" time="1660" acceleration="13636"/>
    <motionState vehicle="3" speed="2264" time="1660" acceleration="13636"/>
    <motionState vehicle="4" speed="2264" time="1660" acceleration="13636"/>
    <motionState vehicle="0" speed="2277" time="1670" acceleration="13636"/>
    <motionState vehicle="1" speed="2277" time="1670" acceleration="13636"/>
    <motionState vehicle="2" speed="2277" time="1670" acceleration="13636"/>
    <motionState vehicle="3" speed="2277" time="1670" acceleration="13636"/>
    <motionState vehicle="4" speed="2277" time="1670" acceleration="13636"/>
    <motionState vehicle="0" speed="2291" time="1680" acceleration="13636"/>
    <motionState vehicle="1" speed="2291" time="1680" acceleration="13636"/>
    <motionState vehicle="2" speed="2291" time="1680" acceleration="13636"/>
    <motionState vehicle="3" speed="2291" time="1680" acceleration="13636"/>
    <motionState vehicle="4" speed="2291" time="1680" acceleration="13636"/>
    <motionState vehicle="0" speed="2305" time="1690" acceleration="13636"/>
    <motionState vehicle="1" speed="2305" time="1690" acceleration="13636"/>
    <motionState vehicle="2" speed="2305" time="1690" acceleration="13636"/>
    <motionState vehicle="3" speed="2305" time="1690" acceleration="13636"/>
    <motionState vehicle="4" speed="2305" time="1690" acceleration="13636"/>
    <motionState vehicle="0" speed="2318" time="1700" acceleration="13636"/>
    <motionState vehicle="1" speed="2318" time="1700" acceleration="13636"/>
    <motionState vehicle="2" speed="2318" time="1700" acceleration="13636"/>
    <motionState vehicle="3" speed="2318" time="1700" acceleration="13636"/>
    <motionState vehicle="4" speed="2318" time="1700" acceleration="13636"/>
    <motionState vehicle="0" speed="2332" time="1710" acceleration="13636"/>
    <motionState vehicle="1" speed="2332" time="1710" acceleration="13636"/>
    <motionState vehicle="2" speed="2332" time="1710" acceleration="13636"/>
    <motionState vehicle="3" speed="2332" time="1710" acceleration="13636"/>
    <motionState vehicle="4" speed="2332" time="1710" acceleration="13636"/>
    <motionState vehicle="0" speed="2345" time="1720" acceleration="13636"/>
    <motionState vehicle="1" speed="2345" time="1720" acceleration="13636"/>
    <motionState vehicle="2" speed="2345" time="1720" acceleration="13636"/>
    <motionState vehicle="3" speed="2345" time="1720" acceleration="13636"/>
    <motionState vehicle="4" speed="2345" time="1720" acceleration="13636"/>
    <motionState vehicle="0" speed="2359" time="1730" acceleration="13636"/>
    <motionState vehicle="1" speed="2359" time="1730" acceleration="13636"/>
    <motionState vehicle="2" speed="2359" time="1730" acceleration="13636"/>
    <motionState vehicle="3" speed="2359" time="1730" acceleration="13636"/>
    <motionState vehicle="4" speed="2359" time="1730" acceleration="13636"/>
    <motionState vehicle="0" speed="2373" time="1740" acceleration="13636"/>
    <motionState vehicle="1" speed="2373" time="1740" acceleration="13636"/>
    <motionState vehicle="2" speed="2373" time="1740" acceleration="13636"/>
    <motionState vehicle="3" speed="2373" time="1740" acceleration="13636"/>
    <motionState vehicle="4" speed="2373" time="1740" acceleration="13636"/>
    <motionState vehicle="0" speed="2386" time="1750" acceleration="13636"/>
    <motionState vehicle="1" speed="2386" time="1750" acceleration="13636"/>
    <motionState vehicle="2" speed="2386" time="1750" acceleration="13636"/>
    <motionState vehicle="3" speed="2386" time="1750" acceleration="13636"/>
    <motionState vehicle="4" speed="2386" time="1750" acceleration="13636"/>
    <motionState vehicle="0" speed="2400" time="1760" acceleration="13636"/>
    <motionState vehicle="1" speed="2400" time="1760" acceleration="13636"/>
    <motionState vehicle="2" speed="2400" time="1760" acceleration="13636"/>
    <motionState vehicle="3" speed="2400" time="1760" acceleration="13636"/>
    <motionState vehicle="4" speed="2400" time="1760" acceleration="13636"/>
    <motionState vehicle="0" speed="2414" time="1770" acceleration="13636"/>
    <motionState vehicle="1" speed="2414" time="1770" acceleration="13636"/>
    <motionState vehicle="2" speed="2414" time="1770" acceleration="13636"/>
    <motionState vehicle="3" speed="2414" time="1770" acceleration="13636"/>
    <motionState vehicle="4" speed="2414" time="1770" acceleration="13636"/>
    <motionState vehicle="0" speed="2427" time="1780" acceleration="13636"/>
    <motionState vehicle="1" speed="2427" time="1780" acceleration="13636"/>
    <motionState vehicle="2" speed="2427" time="1780" acceleration="13636"/>
    <motionState vehicle="3" speed="2427" time="1780" acceleration="13636"/>
    <motionState vehicle="4" speed="2427" time="1780" acceleration="13636"/>
    <motionState vehicle="0" speed="2441" time="1790" acceleration="13636"/>
    <motionState vehicle="1" speed="2441" time="1790" acceleration="13636"/>
    <motionState vehicle="2" speed="2441" time="1790" acceleration="13636"/>
    <motionState vehicle="3" speed="2441" time="1790" acceleration="13636"/>
    <motionState vehicle="4" speed="2441" time="1790" acceleration="13636"/>
    <motionState vehicle="0" speed="2455" time="1800" acceleration="13636"/>
    <motionState vehicle="1" speed="2455" time="1800" acceleration="13636"/>
    <motionState vehicle="2" speed="2455" time="1800" acceleration="13636"/>
    <motionState vehicle="3" speed="2455" time="1800" acceleration="13636"/>
    <motionState vehicle="4" speed="2455" time="1800" acceleration="13636"/>
    <motionState vehicle="0" speed="2468" time="1810" acceleration="13636"/>
    <motionState vehicle="1" speed="2468" time="1810" acceleration="13636"/>
    <motionState vehicle="2" speed="2468" time="1810" acceleration="13636"/>
    <motionState vehicle="3" speed="2468" time="1810" acceleration="13636"/>
    <motionState vehicle="4" speed="2468" time="1810" acceleration="13636"/>
    <motionState vehicle="0" speed="2482" time="1820" acceleration="13636"/>
    <motionState vehicle="1" speed="2482" time="1820" acceleration="13636"/>
    <motionState vehicle="2" speed="2482" time="1820" acceleration="13636"/>
    <motionState vehicle="3" speed="2482" time="1820" acceleration="13636"/>
    <motionState vehicle="4" speed="2482" time="1820" acceleration="13636"/>
    <motionState vehicle="0" speed="2495" time="1830" acceleration="13636"/>
    <motionState vehicle="1" speed="2495" time="1830" acceleration="13636"/>
    <motionState vehicle="2" speed="2495" time="1830" acceleration="13636"/>
    <motionState vehicle="3" speed="2495" time="1830" acceleration="13636"/>
    <motionState vehicle="4" speed="2495" time="1830" acceleration="13636"/>
    <motionState vehicle="0" speed="2509" time="1840" acceleration="13636"/>
    <motionState vehicle="1" speed="2509" time="1840" acceleration="13636"/>
    <motionState vehicle="2" speed="2509" time="1840" acceleration="13636"/>
    <motionState vehicle="3" speed="2509" time="1840" acceleration="13636"/>
    <motionState vehicle="4" speed="2509" time="1840" acceleration="13636"/>
    <motionState vehicle="0" speed="2523" time="1850" acceleration="13636"/>
    <motionState vehicle="1" speed="2523" time="1850" acceleration="13636"/>
    <motionState vehicle="2" speed="2523" time="1850" acceleration="13636"/>
    <motionState vehicle="3" speed="2523" time="1850" acceleration="13636"/>
    <motionState vehicle="4" speed="2523" time="1850" acceleration="13636"/>
    <motionState vehicle="0" speed="2536" time="1860" acceleration="13636"/>
    <motionState vehicle="1" speed="2536" time="1860" acceleration="13636"/>
    <motionState vehicle="2" speed="2536" time="1860" acceleration="13636"/>
    <motionState vehicle="3" speed="2536" time="1860" acceleration="13636"/>
    <motionState vehicle="4" speed="2536" time="1860" acceleration="13636"/>
    <motionState vehicle="0" speed="2550" time="1870" acceleration="13636"/>
    <motionState vehicle="1" speed="2550" time="1870" acceleration="13636"/>
    <motionState vehicle="2" speed="2550" time="1870" acceleration="13636"/>
    <motionState vehicle="3" speed="2550" time="1870" acceleration="13636"/>
    <motionState vehicle="4" speed="2550" time="1870" acceleration="13636"/>
    <motionState vehicle="0" speed="2564" time="1880" acceleration="13636"/>
    <motionState vehicle="1" speed="2564" time="1880" acceleration="13636"/>
    <motionState vehicle="2" speed="2564" time="1880" acceleration="13636"/>
    <motionState vehicle="3" speed="2564" time="1880" acceleration="13636"/>
    <motionState vehicle="4" speed="2564" time="1880" acceleration="13636"/>
    <motionState vehicle="0" speed="2577" time="1890" acceleration="13636"/>
    <motionState vehicle="1" speed="2577" time="1890" acceleration="13636"/>
    <motionState vehicle="2" speed="2577" time="1890" acceleration="13636"/>
    <motionState vehicle="3" speed="2577" time="1890" acceleration="13636"/>
    <motionState vehicle="4" speed="2577" time="1890" acceleration="13636"/>
    <motionState vehicle="0" speed="2591" time="1900" acceleration="13636"/>
    <motionState vehicle="1" speed="2591" time="1900" acceleration="13636"/>
    <motionState vehicle="2" speed="2591" time="1900" acceleration="13636"/>
    <motionState vehicle="3" speed="2591" time="1900" acceleration="13636"/>
    <motionState vehicle="4" speed="2591" time="1900" acceleration="13636"/>
    <motionState vehicle="0" speed="2605" time="1910" acceleration="13636"/>
    <motionState vehicle="1" speed="2605" time="1910" acceleration="13636"/>
    <motionState vehicle="2" speed="2605" time="1910" acceleration="13636"/>
    <motionState vehicle="3" speed="2605" time="1910" acceleration="13636"/>
    <motionState vehicle="4" speed="2605" time="1910" acceleration="13636"/>
    <motionState vehicle="0" speed="2618" time="1920" acceleration="13636"/>
    <motionState vehicle="1" speed="2618" time="1920" acceleration="13636"/>
    <motionState vehicle="2" speed="2618" time="1920" acceleration="13636"/>
    <motionState vehicle="3" speed="2618" time="1920" acceleration="13636"/>
    <motionState vehicle="4" speed="2618" time="1920" acceleration="13636"/>
    <motionState vehicle="0" speed="2632" time="1930" acceleration="13636"/>
    <motionState vehicle="1" speed="2632" time="1930" acceleration="13636"/>
    <motionState vehicle="2" speed="2632" time="1930" acceleration="13636"/>
    <motionState vehicle="3" speed="2632" time="1930" acceleration="13636"/>
    <motionState vehicle="4" speed="2632" time="1930" acceleration="13636"/>
    <motionState vehicle="0" speed="2645" time="1940" acceleration="13636"/>
    <motionState vehicle="1" speed="2645" time="1940" acceleration="13636"/>
    <motionState vehicle="2" speed="2645" time="1940" acceleration="13636"/>
    <motionState vehicle="3" speed="2645" time="1940" acceleration="13636"/>
    <motionState vehicle="4" speed="2645" time="1940" acceleration="13636"/>
    <motionState vehicle="0" speed="2659" time="1950" acceleration="13636"/>
    <motionState vehicle="1" speed="2659" time="1950" acceleration="13636"/>
    <motionState vehicle="2" speed="2659" time="1950" acceleration="13636"/>
    <motionState vehicle="3" speed="2659" time="1950" acceleration="13636"/>
    <motionState vehicle="4" speed="2659" time="1950" acceleration="13636"/>
    <motionState vehicle="0" speed="2673" time="1960" acceleration="13636"/>
    <motionState vehicle="1" speed="2673" time="1960" acceleration="13636"/>
    <motionState vehicle="2" speed="2673" time="1960" acceleration="13636"/>
    <motionState vehicle="3" speed="2673" time="1960" acceleration="13636"/>
    <motionState vehicle="4" speed="2673" time="1960" acceleration="13636"/>
    <motionState vehicle="0" speed="2686" time="1970" acceleration="13636"/>
    <motionState vehicle="1" speed="2686" time="1970" acceleration="13636"/>
    <motionState vehicle="2" speed="2686" time="1970" acceleration="13636"/>
    <motionState vehicle="3" speed="2686" time="1970" acceleration="13636"/>
    <motionState vehicle="4" speed="2686" time="1970" acceleration="13636"/>
    <motionState vehicle="0" speed="2700" time="1980" acceleration="13636"/>
    <motionState vehicle="1" speed="2700" time="1980" acceleration="13636"/>
    <motionState vehicle="2" speed="2700" time="1980" acceleration="13636"/>
    <motionState vehicle="3" speed="2700" time="1980" acceleration="13636"/>
    <motionState vehicle="4" speed="2700" time="1980" acceleration="13636"/>
    <motionState vehicle="0" speed="2714" time="1990" acceleration="13636"/>
    <motionState vehicle="1" speed="2714" time="1990" acceleration="13636"/>
    <motionState vehicle="2" speed="2714" time="1990" acceleration="13636"/>
    <motionState vehicle="3" speed="2714" time="1990" acceleration="13636"/>
    <motionState vehicle="4" speed="2714" time="1990" acceleration="13636"/>
    <motionState vehicle="0" speed="2727" time="2000" acceleration="13636"/>
    <motionState vehicle="1" speed="2727" time="2000" acceleration="13636"/>
    <motionState vehicle="2" speed="2727" time="2000" acceleration="13636"/>
    <motionState vehicle="3" speed="2727" time="2000" acceleration="13636"/>
    <motionState vehicle="4" speed="2727" time="2000" acceleration="13636"/>
    <motionState vehicle="0" speed="2741" time="2010" acceleration="13636"/>
    <motionState vehicle="1" speed="2741" time="2010" acceleration="13636"/>
    <motionState vehicle="2" speed="2741" time="2010" acceleration="13636"/>
    <motionState vehicle="3" speed="2741" time="2010" acceleration="13636"/>
    <motionState vehicle="4" speed="2741" time="2010" acceleration="13636"/>
    <motionState vehicle="0" speed="2755" time="2020" acceleration="13636"/>
    <motionState vehicle="1" speed="2755" time="2020" acceleration="13636"/>
    <motionState vehicle="2" speed="2755" time="2020" acceleration="13636"/>
    <motionState vehicle="3" speed="2755" time="2020" acceleration="13636"/>
    <motionState vehicle="4" speed="2755" time="2020" acceleration="13636"/>
    <motionState vehicle="0" speed="2768" time="2030" acceleration="13636"/>
    <motionState vehicle="1" speed="2768" time="2030" acceleration="13636"/>
    <motionState vehicle="2" speed="2768" time="2030" acceleration="13636"/>
    <motionState vehicle="3" speed="2768" time="2030" acceleration="13636"/>
    <motionState vehicle="4" speed="2768" time="2030" acceleration="13636"/>
    <motionState vehicle="0" speed="2782" time="2040" acceleration="13636"/>
    <motionState vehicle="1" speed="2782" time="2040" acceleration="13636"/>
    <motionState vehicle="2" speed="2782" time="2040" acceleration="13636"/>
    <motionState vehicle="3" speed="2782" time="2040" acceleration="13636"/>
    <motionState vehicle="4" speed="2782" time="2040" acceleration="13636"/>
    <motionState vehicle="0" speed="2795" time="2050" acceleration="13636"/>
    <motionState vehicle="1" speed="2795" time="2050" acceleration="13636"/>
    <motionState vehicle="2" speed="2795" time="2050" acceleration="13636"/>
    <motionState vehicle="3" speed="2795" time="2050" acceleration="13636"/>
    <motionState vehicle="4" speed="2795" time="2050" acceleration="13636"/>
    <motionState vehicle="0" speed="2809" time="2060" acceleration="13636"/>
    <motionState vehicle="1" speed="2809" time="2060" acceleration="13636"/>
    <motionState vehicle="2" speed="2809" time="2060" acceleration="13636"/>
    <motionState vehicle="3" speed="2809" time="2060" acceleration="13636"/>
    <motionState vehicle="4" speed="2809" time="2060" acceleration="13636"/>
    <motionState vehicle="0" speed="2823" time="2070" acceleration="13636"/>
    <motionState vehicle="1" speed="2823" time="2070" acceleration="13636"/>
    <motionState vehicle="2" speed="2823" time="2070" acceleration="13636"/>
    <motionState vehicle="3" speed="2823" time="2070" acceleration="13636"/>
    <motionState vehicle="4" speed="2823" time="2070" acceleration="13636"/>
    <motionState vehicle="0" speed="2836" time="2080" acceleration="13636"/>
    <motionState vehicle="1" speed="2836" time="2080" acceleration="13636"/>
    <motionState vehicle="2" speed="2836" time="2080" acceleration="13636"/>
    <motionState vehicle="3" speed="2836" time="2080" acceleration="13636"/>
    <motionState vehicle="4" speed="2836" time="2080" acceleration="13636"/>
    <motionState vehicle="0" speed="2850" time="2090" acceleration="13636"/>
    <motionState vehicle="1" speed="2850" time="2090" acceleration="13636"/>
    <motionState vehicle="2" speed="2850" time="2090" acceleration="13636"/>
    <motionState vehicle="3" speed="2850" time="2090" acceleration="13636"/>
    <motionState vehicle="4" speed="2850" time="2090" acceleration="13636"/>
    <motionState vehicle="0" speed="2864" time="2100" acceleration="13636"/>
    <motionState vehicle="1" speed="2864" time="2100" acceleration="13636"/>
    <motionState vehicle="2" speed="2864" time="2100" acceleration="13636"/>
    <motionState vehicle="3" speed="2864" time="2100" acceleration="13636"/>
    <motionState vehicle="4" speed="2864" time="2100" acceleration="13636"/>
    <motionState vehicle="0" speed="2877" time="2110" acceleration="13636"/>
    <motionState vehicle="1" speed="2877" time="2110" acceleration="13636"/>
    <motionState vehicle="2" speed="2877" time="2110" acceleration="13636"/>
    <motionState vehicle="3" speed="2877" time="2110" acceleration="13636"/>
    <motionState vehicle="4" speed="2877" time="2110" acceleration="13636"/>
    <motionState vehicle="0" speed="2891" time="2120" acceleration="13636"/>
    <motionState vehicle="1" speed="2891" time="2120" acceleration="13636"/>
    <motionState vehicle="2" speed="2891" time="2120" acceleration="13636"/>
    <motionState vehicle="3" speed="2891" time="2120" acceleration="13636"/>
    <motionState vehicle="4" speed="2891" time="2120" acceleration="13636"/>
    <motionState vehicle="0" speed="2905" time="2130" acceleration="13636"/>
    <motionState vehicle="1" speed="2905" time="2130" acceleration="13636"/>
    <motionState vehicle="2" speed="2905" time="2130" acceleration="13636"/>
    <motionState vehicle="3" speed="2905" time="2130" acceleration="13636"/>
    <motionState vehicle="4" speed="2905" time="2130" acceleration="13636"/>
    <motionState vehicle="0" speed="2918" time="2140" acceleration="13636"/>
    <motionState vehicle="1" speed="2918" time="2140" acceleration="13636"/>
    <motionState vehicle="2" speed="2918" time="2140" acceleration="13636"/>
    <motionState vehicle="3" speed="2918" time="2140" acceleration="13636"/>
    <motionState vehicle="4" speed="2918" time="2140" acceleration="13636"/>
    <motionState vehicle="0" speed="2932" time="2150" acceleration="13636"/>
    <motionState vehicle="1" speed="2932" time="2150" acceleration="13636"/>
    <motionState vehicle="2" speed="2932" time="2150" acceleration="13636"/>
    <motionState vehicle="3" speed="2932" time="2150" acceleration="13636"/>
    <motionState vehicle="4" speed="2932" time="2150" acceleration="13636"/>
    <motionState vehicle="0" speed="2945" time="2160" acceleration="13636"/>
    <motionState vehicle="1" speed="2945" time="2160" acceleration="13636"/>
    <motionState vehicle="2" speed="2945" time="2160" acceleration="13636"/>
    <motionState vehicle="3" speed="2945" time="2160" acceleration="13636"/>
    <motionState vehicle="4" speed="2945" time="2160" acceleration="13636"/>
    <motionState vehicle="0" speed="2959" time="2170" acceleration="13636"/>
    <motionState vehicle="1" speed="2959" time="2170" acceleration="13636"/>
    <motionState vehicle="2" speed="2959" time="2170" acceleration="13636"/>
    <motionState vehicle="3" speed="2959" time="2170" acceleration="13636"/>
    <motionState vehicle="4" speed="2959" time="2170" acceleration="13636"/>
    <motionState vehicle="0" speed="2973" time="2180" acceleration="13636"/>
    <motionState vehicle="1" speed="2973" time="2180" acceleration="13636"/>
    <motionState vehicle="2" speed="2973" time="2180" acceleration="13636"/>
    <motionState vehicle="3" speed="2973" time="2180" acceleration="13636"/>
    <motionState vehicle="4" speed="2973" time="2180" acceleration="13636"/>
    <motionState vehicle="0" speed="2986" time="2190" acceleration="13636"/>
    <motionState vehicle="1" speed="2986" time="2190" acceleration="13636"/>
    <motionState vehicle="2" speed="2986" time="2190" acceleration="13636"/>
    <motionState vehicle="3" speed="2986" time="2190" acceleration="13636"/>
    <motionState vehicle="4" speed="2986" time="2190" acceleration="13636"/>
    <motionState vehicle="0" speed="3000" time="2200" acceleration="13636"/>
    <motionState vehicle="1" speed="3000" time="2200" acceleration="13636"/>
    <motionState vehicle="2" speed="3000" time="2200" acceleration="13636"/>
    <motionState vehicle="3" speed="3000" time="2200" acceleration="13636"/>
    <motionState vehicle="4" speed="3000" time="2200" acceleration="13636"/>
    <motionState vehicle="0" speed="3014" time="2210" acceleration="13636"/>
    <motionState vehicle="1" speed="3014" time="2210" acceleration="13636"/>
    <motionState vehicle="2" speed="3014" time="2210" acceleration="13636"/>
    <motionState vehicle="3" speed="3014" time="2210" acceleration="13636"/>
    <motionState vehicle="4" speed="3014" time="2210" acceleration="13636"/>
    <motionState vehicle="0" speed="3027" time="2220" acceleration="13512"/>
    <motionState vehicle="1" speed="3027" time="2220" acceleration="13512"/>
    <motionState vehicle="2" speed="3027" time="2220" acceleration="13512"/>
    <motionState vehicle="3" speed="3027" time="2220" acceleration="13512"/>
    <motionState vehicle="4" speed="3027" time="2220" acceleration="13636"/>
    <motionState vehicle="0" speed="3041" time="2230" acceleration="13390"/>
    <motionState vehicle="1" speed="3041" time="2230" acceleration="13390"/>
    <motionState vehicle="2" speed="3041" time="2230" acceleration="13390"/>
    <motionState vehicle="3" speed="3041" time="2230" acceleration="13391"/>
    <motionState vehicle="4" speed="3041" time="2230" acceleration="13636"/>
    <motionState vehicle="0" speed="3054" time="2240" acceleration="13268"/>
    <motionState vehicle="1" speed="3054" time="2240" acceleration="13268"/>
    <motionState vehicle="2" speed="3054" time="2240" acceleration="13268"/>
    <motionState vehicle="3" speed="3054" time="2240" acceleration="13271"/>
    <motionState vehicle="4" speed="3055" time="2240" acceleration="13636"/>
    <motionState vehicle="0" speed="3067" time="2250" acceleration="13147"/>
    <motionState vehicle="1" speed="3067" time="2250" acceleration="13147"/>
    <motionState vehicle="2" speed="3067" time="2250" acceleration="13147"/>
    <motionState vehicle="3" speed="3067" time="2250" acceleration="13154"/>
    <motionState vehicle="4" speed="3068" time="2250" acceleration="13636"/>
    <motionState vehicle="0" speed="3080" time="2260" acceleration="13028"/>
    <motionState vehicle="1" speed="3080" time="2260" acceleration="13028"/>
    <motionState vehicle="2" speed="3080" time="2260" acceleration="13028"/>
    <motionState vehicle="3" speed="3080" time="2260" acceleration="13039"/>
    <motionState vehicle="4" speed="3082" time="2260" acceleration="13636"/>
    <motionState vehicle="0" speed="3093" time="2270" acceleration="12909"/>
    <motionState vehicle="1" speed="3093" time="2270" acceleration="12909"/>
    <motionState vehicle="2" speed="3093" time="2270" acceleration="12909"/>
    <motionState vehicle="3" speed="3093" time="2270" acceleration="12926"/>
    <motionState vehicle="4" speed="3095" time="2270" acceleration="13636"/>
    <motionState vehicle="0" speed="3106" time="2280" acceleration="12792"/>
    <motionState vehicle="1" speed="3106" time="2280" acceleration="12792"/>
    <motionState vehicle="2" speed="3106" time="2280" acceleration="12792"/>
    <motionState vehicle="3" speed="3106" time="2280" acceleration="12815"/>
    <motionState vehicle="4" speed="3109" time="2280" acceleration="13636"/>
    <motionState vehicle="0" speed="3118" time="2290" acceleration="12676"/>
    <motionState vehicle="1" speed="3118" time="2290" acceleration="12676"/>
    <motionState vehicle="2" speed="3118" time="2290" acceleration="12676"/>
    <motionState vehicle="3" speed="3118" time="2290" acceleration="12706"/>
    <motionState vehicle="4" speed="3123" time="2290" acceleration="13636"/>
    <motionState vehicle="0" speed="3131" time="2300" acceleration="12560"/>
    <motionState vehicle="1" speed="3131" time="2300" acceleration="12560"/>
    <motionState vehicle="2" speed="3131" time="2300" acceleration="12561"/>
    <motionState vehicle="3" speed="3131" time="2300" acceleration="12600"/>
    <motionState vehicle="4" speed="3136" time="2300" acceleration="13636"/>
    <motionState vehicle="0" speed="3143" time="2310" acceleration="12446"/>
    <motionState vehicle="1" speed="3143" time="2310" acceleration="12446"/>
    <motionState vehicle="2" speed="3143" time="2310" acceleration="12447"/>
    <motionState vehicle="3" speed="3144" time="2310" acceleration="12495"/>
    <motionState vehicle="4" speed="3150" time="2310" acceleration="13636"/>
    <motionState vehicle="0" speed="3156" time="2320" acceleration="12333"/>
    <motionState vehicle="1" speed="3156" time="2320" acceleration="12333"/>
    <motionState vehicle="2" speed="3156" time="2320" acceleration="12335"/>
    <motionState vehicle="3" speed="3156" time="2320" acceleration="12392"/>
    <motionState vehicle="4" speed="3164" time="2320" acceleration="13636"/>
    <motionState vehicle="0" speed="3168" time="2330" acceleration="12221"/>
    <motionState vehicle="1" speed="3168" time="2330" acceleration="12221"/>
    <motionState vehicle="2" speed="3168" time="2330" acceleration="12223"/>
    <motionState vehicle="3" speed="3168" time="2330" acceleration="12292"/>
    <motionState vehicle="4" speed="3177" time="2330" acceleration="13636"/>
    <motionState vehicle="0" speed="3180" time="2340" acceleration="12110"/>
    <motionState vehicle="1" speed="3180" time="2340" acceleration="12110"/>
    <motionState vehicle="2" speed="3180" time="2340" acceleration="12113"/>
    <motionState vehicle="3" speed="3180" time="2340" acceleration="12193"/>
    <motionState vehicle="4" speed="3191" time="2340" acceleration="13636"/>
    <motionState vehicle="0" speed="3192" time="2350" acceleration="12000"/>
    <motionState vehicle="1" speed="3192" time="2350" acceleration="12000"/>
    <motionState vehicle="2" speed="3192" time="2350" acceleration="12003"/>
    <motionState vehicle="3" speed="3193" time="2350" acceleration="12096"/>
    <motionState vehicle="4" speed="3205" time="2350" acceleration="13636"/>
    <motionState vehicle="0" speed="3204" time="2360" acceleration="11891"/>
    <motionState vehicle="1" speed="3204" time="2360" acceleration="11891"/>
    <motionState vehicle="2" speed="3204" time="2360" acceleration="11895"/>
    <motionState vehicle="3" speed="3205" time="2360" acceleration="12001"/>
    <motionState vehicle="4" speed="3218" time="2360" acceleration="13636"/>
    <motionState vehicle="0" speed="3216" time="2370" acceleration="11783"/>
    <motionState vehicle="1" speed="3216" time="2370" acceleration="11783"/>
    <motionState vehicle="2" speed="3216" time="2370" acceleration="11788"/>
    <motionState vehicle="3" speed="3216" time="2370" acceleration="11908"/>
    <motionState vehicle="4" speed="3232" time="2370" acceleration="13636"/>
    <motionState vehicle="0" speed="3227" time="2380" acceleration="11675"/>
    <motionState vehicle="1" speed="3227" time="2380" acceleration="11676"/>
    <motionState vehicle="2" speed="3227" time="2380" acceleration="11682"/>
    <motionState vehicle="3" speed="3228" time="2380" acceleration="11817"/>
    <motionState vehicle="4" speed="3245" time="2380" acceleration="13636"/>
    <motionState vehicle="0" speed="3239" time="2390" acceleration="11569"/>
    <motionState vehicle="1" speed="3239" time="2390" acceleration="11570"/>
    <motionState vehicle="2" speed="3239" time="2390" acceleration="11577"/>
    <motionState vehicle="3" speed="3240" time="2390" acceleration="11728"/>
    <motionState vehicle="4" speed="3259" time="2390" acceleration="13636"/>
    <motionState vehicle="0" speed="3250" time="2400" acceleration="11464"/>
    <motionState vehicle="1" speed="3250" time="2400" acceleration="11464"/>
    <motionState vehicle="2" speed="3250" time="2400" acceleration="11473"/>
    <motionState vehicle="3" speed="3252" time="2400" acceleration="11640"/>
    <motionState vehicle="4" speed="3273" time="2400" acceleration="13636"/>
    <motionState vehicle="0" speed="3262" time="2410" acceleration="11360"/>
    <motionState vehicle="1" speed="3262" time="2410" acceleration="11360"/>
    <motionState vehicle="2" speed="3262" time="2410" acceleration="11371"/>
    <motionState vehicle="3" speed="3263" time="2410" acceleration="11555"/>
    <motionState vehicle="4" speed="3286" time="2410" acceleration="13636"/>
    <motionState vehicle="0" speed="3273" time="2420" acceleration="11257"/>
    <motionState vehicle="1" speed="3273" time="2420" acceleration="11257"/>
    <motionState vehicle="2" speed="3273" time="2420" acceleration="11269"/>
    <motionState vehicle="3" speed="3275" time="2420" acceleration="11471"/>
    <motionState vehicle="4" speed="3300" time="2420" acceleration="13636"/>
    <motionState vehicle="0" speed="3284" time="2430" acceleration="11154"/>
    <motionState vehicle="1" speed="3284" time="2430" acceleration="11155"/>
    <motionState vehicle="2" speed="3284" time="2430" acceleration="11169"/>
    <motionState vehicle="3" speed="3286" time="2430" acceleration="11388"/>
    <motionState vehicle="4" speed="3314" time="2430" acceleration="13636"/>
    <motionState vehicle="0" speed="3295" time="2440" acceleration="11053"/>
    <motionState vehicle="1" speed="3295" time="2440" acceleration="11054"/>
    <motionState vehicle="2" speed="3295" time="2440" acceleration="11069"/>
    <motionState vehicle="3" speed="3297" time="2440" acceleration="11308"/>
    <motionState vehicle="4" speed="3327" time="2440" acceleration="13636"/>
    <motionState vehicle="0" speed="3306" time="2450" acceleration="10952"/>
    <motionState vehicle="1" speed="3306" time="2450" acceleration="10953"/>
    <motionState vehicle="2" speed="3306" time="2450" acceleration="10971"/>
    <motionState vehicle="3" speed="3309" time="2450" acceleration="11229"/>
    <motionState vehicle="4" speed="3341" time="2450" acceleration="13636"/>
    <motionState vehicle="0" speed="3317" time="2460" acceleration="10853"/>
    <motionState vehicle="1" speed="3317" time="2460" acceleration="10854"/>
    <motionState vehicle="2" speed="3317" time="2460" acceleration="10874"/>
    <motionState vehicle="3" speed="3320" time="2460" acceleration="11152"/>
    <motionState vehicle="4" speed="3355" time="2460" acceleration="13636"/>
    <motionState vehicle="0" speed="3328" time="2470" acceleration="10754"/>
    <motionState vehicle="1" speed="3328" time="2470" acceleration="10755"/>
    <motionState vehicle="2" speed="3328" time="2470" acceleration="10778"/>
    <motionState vehicle="3" speed="3331" time="2470" acceleration="11076"/>
    <motionState vehicle="4" speed="3368" time="2470" acceleration="13636"/>
    <motionState vehicle="0" speed="3338" time="2480" acceleration="10656"/>
    <motionState vehicle="1" speed="3338" time="2480" acceleration="10658"/>
    <motionState vehicle="2" speed="3339" time="2480" acceleration="10683"/>
    <motionState vehicle="3" speed="3342" time="2480" acceleration="11002"/>
    <motionState vehicle="4" speed="3382" time="2480" acceleration="13636"/>
    <motionState vehicle="0" speed="3349" time="2490" acceleration="10560"/>
    <motionState vehicle="1" speed="3349" time="2490" acceleration="10561"/>
    <motionState vehicle="2" speed="3349" time="2490" acceleration="10589"/>
    <motionState vehicle="3" speed="3353" time="2490" acceleration="10930"/>
    <motionState vehicle="4" speed="3395" time="2490" acceleration="13636"/>
    <motionState vehicle="0" speed="3359" time="2500" acceleration="10464"/>
    <motionState vehicle="1" speed="3359" time="2500" acceleration="10465"/>
    <motionState vehicle="2" speed="3360" time="2500" acceleration="10496"/>
    <motionState vehicle="3" speed="3364" time="2500" acceleration="10859"/>
    <motionState vehicle="4" speed="3409" time="2500" acceleration="13636"/>
    <motionState vehicle="0" speed="3370" time="2510" acceleration="10369"/>
    <motionState vehicle="1" speed="3370" time="2510" acceleration="10371"/>
    <motionState vehicle="2" speed="3370" time="2510" acceleration="10404"/>
    <motionState vehicle="3" speed="3374" time="2510" acceleration="10789"/>
    <motionState vehicle="4" speed="3423" time="2510" acceleration="13636"/>
    <motionState vehicle="0" speed="3380" time="2520" acceleration="10274"/>
    <motionState vehicle="1" speed="3380" time="2520" acceleration="10277"/>
    <motionState vehicle="2" speed="3380" time="2520" acceleration="10313"/>
    <motionState vehicle="3" speed="3385" time="2520" acceleration="10722"/>
    <motionState vehicle="4" speed="3436" time="2520" acceleration="13636"/>
    <motionState vehicle="0" speed="3390" time="2530" acceleration="10181"/>
    <motionState vehicle="1" speed="3390" time="2530" acceleration="10184"/>
    <motionState vehicle="2" speed="3391" time="2530" acceleration="10224"/>
    <motionState vehicle="3" speed="3396" time="2530" acceleration="10655"/>
    <motionState vehicle="4" speed="3450" time="2530" acceleration="13636"/>
    <motionState vehicle="0" speed="3400" time="2540" acceleration="10088"/>
    <motionState vehicle="1" speed="3400" time="2540" acceleration="10091"/>
    <motionState vehicle="2" speed="3401" time="2540" acceleration="10135"/>
    <motionState vehicle="3" speed="3406" time="2540" acceleration="10590"/>
    <motionState vehicle="4" speed="3464" time="2540" acceleration="13636"/>
    <motionState vehicle="0" speed="3410" time="2550" acceleration="9997"/>
    <motionState vehicle="1" speed="3410" time="2550" acceleration="10000"/>
    <motionState vehicle="2" speed="3411" time="2550" acceleration="10048"/>
    <motionState vehicle="3" speed="3417" time="2550" acceleration="10527"/>
    <motionState vehicle="4" speed="3477" time="2550" acceleration="13636"/>
    <motionState vehicle="0" speed="3420" time="2560" acceleration="9906"/>
    <motionState vehicle="1" speed="3420" time="2560" acceleration="9910"/>
    <motionState vehicle="2" speed="3421" time="2560" acceleration="9961"/>
    <motionState vehicle="3" speed="3427" time="2560" acceleration="10465"/>
    <motionState vehicle="4" speed="3491" time="2560" acceleration="13636"/>
    <motionState vehicle="0" speed="3430" time="2570" acceleration="9816"/>
    <motionState vehicle="1" speed="3430" time="2570" acceleration="9820"/>
    <motionState vehicle="2" speed="3431" time="2570" acceleration="9876"/>
    <motionState vehicle="3" speed="3438" time="2570" acceleration="10405"/>
    <motionState vehicle="4" speed="3505" time="2570" acceleration="13636"/>
    <motionState vehicle="0" speed="3440" time="2580" acceleration="9727"/>
    <motionState vehicle="1" speed="3440" time="2580" acceleration="9731"/>
    <motionState vehicle="2" speed="3440" time="2580" acceleration="9792"/>
    <motionState vehicle="3" speed="3448" time="2580" acceleration="10345"/>
    <motionState vehicle="4" speed="3518" time="2580" acceleration="13636"/>
    <motionState vehicle="0" speed="3449" time="2590" acceleration="9638"/>
    <motionState vehicle="1" speed="3450" time="2590" acceleration="9644"/>
    <motionState vehicle="2" speed="3450" time="2590" acceleration="9708"/>
    <motionState vehicle="3" speed="3458" time="2590" acceleration="10288"/>
    <motionState vehicle="4" speed="3532" time="2590" acceleration="13636"/>
    <motionState vehicle="0" speed="3459" time="2600" acceleration="9551"/>
    <motionState vehicle="1" speed="3459" time="2600" acceleration="9557"/>
    <motionState vehicle="2" speed="3460" time="2600" acceleration="9626"/>
    <motionState vehicle="3" speed="3469" time="2600" acceleration="10231"/>
    <motionState vehicle="4" speed="3545" time="2600" acceleration="13636"/>
    <motionState vehicle="0" speed="3468" time="2610" acceleration="9464"/>
    <motionState vehicle="1" speed="3469" time="2610" acceleration="9470"/>
    <motionState vehicle="2" speed="3469" time="2610" acceleration="9545"/>
    <motionState vehicle="3" speed="3479" time="2610" acceleration="10176"/>
    <motionState vehicle="4" speed="3559" time="2610" acceleration="13636"/>
    <motionState vehicle="0" speed="3478" time="2620" acceleration="9378"/>
    <motionState vehicle="1" speed="3478" time="2620" acceleration="9385"/>
    <motionState vehicle="2" speed="3479" time="2620" acceleration="9465"/>
    <motionState vehicle="3" speed="3489" time="2620" acceleration="10122"/>
    <motionState vehicle="4" speed="3573" time="2620" acceleration="13636"/>
    <motionState vehicle="0" speed="3487" time="2630" acceleration="9293"/>
    <motionState vehicle="1" speed="3487" time="2630" acceleration="9300"/>
    <motionState vehicle="2" speed="3488" time="2630" acceleration="9385"/>
    <motionState vehicle="3" speed="3499" time="2630" acceleration="10070"/>
    <motionState vehicle="4" speed="3586" time="2630" acceleration="13636"/>
    <motionState vehicle="0" speed="3496" time="2640" acceleration="9208"/>
    <motionState vehicle="1" speed="3496" time="2640" acceleration="9217"/>
    <motionState vehicle="2" speed="3498" time="2640" acceleration="9307"/>
    <motionState vehicle="3" speed="3509" time="2640" acceleration="10019"/>
    <motionState vehicle="4" speed="3600" time="2640" acceleration="13636"/>
    <motionState vehicle="0" speed="3505" time="2650" acceleration="9125"/>
    <motionState vehicle="1" speed="3506" time="2650" acceleration="9134"/>
    <motionState vehicle="2" speed="3507" time="2650" acceleration="9230"/>
    <motionState vehicle="3" speed="3519" time="2650" acceleration="9969"/>
    <motionState vehicle="4" speed="3614" time="2650" acceleration="13636"/>
    <motionState vehicle="0" speed="3515" time="2660" acceleration="9042"/>
    <motionState vehicle="1" speed="3515" time="2660" acceleration="9052"/>
    <motionState vehicle="2" speed="3516" time="2660" acceleration="9154"/>
    <motionState vehicle="3" speed="3529" time="2660" acceleration="9920"/>
    <motionState vehicle="4" speed="3627" time="2660" acceleration="13636"/>
    <motionState vehicle="0" speed="3523" time="2670" acceleration="8960"/>
    <motionState vehicle="1" speed="3524" time="2670" acceleration="8971"/>
    <motionState vehicle="2" speed="3525" time="2670" acceleration="9079"/>
    <motionState vehicle="3" speed="3539" time="2670" acceleration="9873"/>
    <motionState vehicle="4" speed="3641" time="2670" acceleration="13636"/>
    <motionState vehicle="0" speed="3532" time="2680" acceleration="8878"/>
    <motionState vehicle="1" speed="3532" time="2680" acceleration="8890"/>
    <motionState vehicle="2" speed="3534" time="2680" acceleration="9005"/>
    <motionState vehicle="3" speed="3549" time="2680" acceleration="9827"/>
    <motionState vehicle="4" speed="3655" time="2680" acceleration="13636"/>
    <motionState vehicle="0" speed="3541" time="2690" acceleration="8798"/>
    <motionState vehicle="1" speed="3541" time="2690" acceleration="8811"/>
    <motionState vehicle="2" speed="3543" time="2690" acceleration="8932"/>
    <motionState vehicle="3" speed="3558" time="2690" acceleration="9781"/>
    <motionState vehicle="4" speed="3668" time="2690" acceleration="13636"/>
    <motionState vehicle="0" speed="3550" time="2700" acceleration="8718"/>
    <motionState vehicle="1" speed="3550" time="2700" acceleration="8732"/>
    <motionState vehicle="2" speed="3552" time="2700" acceleration="8860"/>
    <motionState vehicle="3" speed="3568" time="2700" acceleration="9738"/>
    <motionState vehicle="4" speed="3682" time="2700" acceleration="13636"/>
    <motionState vehicle="0" speed="3559" time="2710" acceleration="8639"/>
    <motionState vehicle="1" speed="3559" time="2710" acceleration="8654"/>
    <motionState vehicle="2" speed="3561" time="2710" acceleration="8789"/>
    <motionState vehicle="3" speed="3578" time="2710" acceleration="9695"/>
    <motionState vehicle="4" speed="3695" time="2710" acceleration="13636"/>
    <motionState vehicle="0" speed="3567" time="2720" acceleration="8560"/>
    <motionState vehicle="1" speed="3567" time="2720" acceleration="8576"/>
    <motionState vehicle="2" speed="3569" time="2720" acceleration="8719"/>
    <motionState vehicle="3" speed="3587" time="2720" acceleration="9653"/>
    <motionState vehicle="4" speed="3709" time="2720" acceleration="13636"/>
    <motionState vehicle="0" speed="3576" time="2730" acceleration="8483"/>
    <motionState vehicle="1" speed="3576" time="2730" acceleration="8500"/>
    <motionState vehicle="2" speed="3578" time="2730" acceleration="8650"/>
    <motionState vehicle="3" speed="3597" time="2730" acceleration="9613"/>
    <motionState vehicle="4" speed="3723" time="2730" acceleration="13636"/>
    <motionState vehicle="0" speed="3584" time="2740" acceleration="8406"/>
    <motionState vehicle="1" speed="3584" time="2740" acceleration="8424"/>
    <motionState vehicle="2" speed="3587" time="2740" acceleration="8581"/>
    <motionState vehicle="3" speed="3607" time="2740" acceleration="9573"/>
    <motionState vehicle="4" speed="3736" time="2740" acceleration="13636"/>
    <motionState vehicle="0" speed="3592" time="2750" acceleration="8330"/>
    <motionState vehicle="1" speed="3593" time="2750" acceleration="8349"/>
    <motionState vehicle="2" speed="3595" time="2750" acceleration="8514"/>
    <motionState vehicle="3" speed="3616" time="2750" acceleration="9535"/>
    <motionState vehicle="4" speed="3750" time="2750" acceleration="13636"/>
    <motionState vehicle="0" speed="3601" time="2760" acceleration="8254"/>
    <motionState vehicle="1" speed="3601" time="2760" acceleration="8275"/>
    <motionState vehicle="2" speed="3603" time="2760" acceleration="8448"/>
    <motionState vehicle="3" speed="3626" time="2760" acceleration="9498"/>
    <motionState vehicle="4" speed="3764" time="2760" acceleration="13636"/>
    <motionState vehicle="0" speed="3609" time="2770" acceleration="8179"/>
    <motionState vehicle="1" speed="3609" time="2770" acceleration="8202"/>
    <motionState vehicle="2" speed="3612" time="2770" acceleration="8383"/>
    <motionState vehicle="3" speed="3635" time="2770" acceleration="9462"/>
    <motionState vehicle="4" speed="3777" time="2770" acceleration="13636"/>
    <motionState vehicle="0" speed="3617" time="2780" acceleration="8105"/>
    <motionState vehicle="1" speed="3617" time="2780" acceleration="8129"/>
    <motionState vehicle="2" speed="3620" time="2780" acceleration="8319"/>
    <motionState vehicle="3" speed="3645" time="2780" acceleration="9426"/>
    <motionState vehicle="4" speed="3791" time="2780" acceleration="13636"/>
    <motionState vehicle="0" speed="3625" time="2790" acceleration="8032"/>
    <motionState vehicle="1" speed="3625" time="2790" acceleration="8057"/>
    <motionState vehicle="2" speed="3628" time="2790" acceleration="8255"/>
    <motionState vehicle="3" speed="3654" time="2790" acceleration="9392"/>
    <motionState vehicle="4" speed="3805" time="2790" acceleration="13631"/>
    <motionState vehicle="0" speed="3633" time="2800" acceleration="7959"/>
    <motionState vehicle="1" speed="3633" time="2800" acceleration="7986"/>
    <motionState vehicle="2" speed="3637" time="2800" acceleration="8193"/>
    <motionState vehicle="3" speed="3663" time="2800" acceleration="9359"/>
    <motionState vehicle="4" speed="3818" time="2800" acceleration="13440"/>
    <motionState vehicle="0" speed="3641" time="2810" acceleration="7887"/>
    <motionState vehicle="1" speed="3641" time="2810" acceleration="7916"/>
    <motionState vehicle="2" speed="3645" time="2810" acceleration="8131"/>
    <motionState vehicle="3" speed="3673" time="2810" acceleration="9325"/>
    <motionState vehicle="4" speed="3831" time="2810" acceleration="13251"/>
    <motionState vehicle="0" speed="3649" time="2820" acceleration="7815"/>
    <motionState vehicle="1" speed="3649" time="2820" acceleration="7846"/>
    <motionState vehicle="2" speed="3653" time="2820" acceleration="8071"/>
    <motionState vehicle="3" speed="3682" time="2820" acceleration="9291"/>
    <motionState vehicle="4" speed="3844" time="2820" acceleration="13064"/>
    <motionState vehicle="0" speed="3656" time="2830" acceleration="7745"/>
    <motionState vehicle="1" speed="3657" time="2830" acceleration="7777"/>
    <motionState vehicle="2" speed="3661" time="2830" acceleration="8011"/>
    <motionState vehicle="3" speed="3691" time="2830" acceleration="9255"/>
    <motionState vehicle="4" speed="3857" time="2830" acceleration="12880"/>
    <motionState vehicle="0" speed="3664" time="2840" acceleration="7675"/>
    <motionState vehicle="1" speed="3664" time="2840" acceleration="7709"/>
    <motionState vehicle="2" speed="3669" time="2840" acceleration="7952"/>
    <motionState vehicle="3" speed="3700" time="2840" acceleration="9219"/>
    <motionState vehicle="4" speed="3870" time="2840" acceleration="12698"/>
    <motionState vehicle="0" speed="3672" time="2850" acceleration="7605"/>
    <motionState vehicle="1" speed="3672" time="2850" acceleration="7641"/>
    <motionState vehicle="2" speed="3677" time="2850" acceleration="7895"/>
    <motionState vehicle="3" speed="3710" time="2850" acceleration="9182"/>
    <motionState vehicle="4" speed="3882" time="2850" acceleration="12518"/>
    <motionState vehicle="0" speed="3679" time="2860" acceleration="7537"/>
    <motionState vehicle="1" speed="3680" time="2860" acceleration="7575"/>
    <motionState vehicle="2" speed="3685" time="2860" acceleration="7837"/>
    <motionState vehicle="3" speed="3719" time="2860" acceleration="9145"/>
    <motionState vehicle="4" speed="3895" time="2860" acceleration="12340"/>
    <motionState vehicle="0" speed="3687" time="2870" acceleration="7468"/>
    <motionState vehicle="1" speed="3687" time="2870" acceleration="7509"/>
    <motionState vehicle="2" speed="3692" time="2870" acceleration="7781"/>
    <motionState vehicle="3" speed="3728" time="2870" acceleration="9107"/>
    <motionState vehicle="4" speed="3907" time="2870" acceleration="12165"/>
    <motionState vehicle="0" speed="3694" time="2880" acceleration="7401"/>
    <motionState vehicle="1" speed="3695" time="2880" acceleration="7443"/>
    <motionState vehicle="2" speed="3700" time="2880" acceleration="7726"/>
    <motionState vehicle="3" speed="3737" time="2880" acceleration="9068"/>
    <motionState vehicle="4" speed="3919" time="2880" acceleration="11992"/>
    <motionState vehicle="0" speed="3701" time="2890" acceleration="7334"/>
    <motionState vehicle="1" speed="3702" time="2890" acceleration="7379"/>
    <motionState vehicle="2" speed="3708" time="2890" acceleration="7671"/>
    <motionState vehicle="3" speed="3746" time="2890" acceleration="9029"/>
    <motionState vehicle="4" speed="3931" time="2890" acceleration="11820"/>
    <motionState vehicle="0" speed="3709" time="2900" acceleration="7268"/>
    <motionState vehicle="1" speed="3709" time="2900" acceleration="7315"/>
    <motionState vehicle="2" speed="3715" time="2900" acceleration="7617"/>
    <motionState vehicle="3" speed="3755" time="2900" acceleration="8989"/>
    <motionState vehicle="4" speed="3942" time="2900" acceleration="11651"/>
    <motionState vehicle="0" speed="3716" time="2910" acceleration="7202"/>
    <motionState vehicle="1" speed="3717" time="2910" acceleration="7251"/>
    <motionState vehicle="2" speed="3723" time="2910" acceleration="7564"/>
    <motionState vehicle="3" speed="3764" time="2910" acceleration="8948"/>
    <motionState vehicle="4" speed="3954" time="2910" acceleration="11484"/>
    <motionState vehicle="0" speed="3723" time="2920" acceleration="7137"/>
    <motionState vehicle="1" speed="3724" time="2920" acceleration="7189"/>
    <motionState vehicle="2" speed="3730" time="2920" acceleration="7512"/>
    <motionState vehicle="3" speed="3773" time="2920" acceleration="8907"/>
    <motionState vehicle="4" speed="3965" time="2920" acceleration="11319"/>
    <motionState vehicle="0" speed="3730" time="2930" acceleration="7073"/>
    <motionState vehicle="1" speed="3731" time="2930" acceleration="7127"/>
    <motionState vehicle="2" speed="3738" time="2930" acceleration="7460"/>
    <motionState vehicle="3" speed="3782" time="2930" acceleration="8866"/>
    <motionState vehicle="4" speed="3976" time="2930" acceleration="11156"/>
    <motionState vehicle="0" speed="3737" time="2940" acceleration="7009"/>
    <motionState vehicle="1" speed="3738" time="2940" acceleration="7066"/>
    <motionState vehicle="2" speed="3745" time="2940" acceleration="7409"/>
    <motionState vehicle="3" speed="3790" time="2940" acceleration="8824"/>
    <motionState vehicle="4" speed="3987" time="2940" acceleration="10995"/>
    <motionState vehicle="0" speed="3744" time="2950" acceleration="6946"/>
    <motionState vehicle="1" speed="3745" time="2950" acceleration="7006"/>
    <motionState vehicle="2" speed="3753" time="2950" acceleration="7358"/>
    <motionState vehicle="3" speed="3799" time="2950" acceleration="8781"/>
    <motionState vehicle="4" speed="3998" time="2950" acceleration="10837"/>
    <motionState vehicle="0" speed="3751" time="2960" acceleration="6884"/>
    <motionState vehicle="1" speed="3752" time="2960" acceleration="6946"/>
    <motionState vehicle="2" speed="3760" time="2960" acceleration="7309"/>
    <motionState vehicle="3" speed="3808" time="2960" acceleration="8738"/>
    <motionState vehicle="4" speed="4009" time="2960" acceleration="10680"/>
    <motionState vehicle="0" speed="3758" time="2970" acceleration="6822"/>
    <motionState vehicle="1" speed="3759" time="2970" acceleration="6887"/>
    <motionState vehicle="2" speed="3767" time="2970" acceleration="7260"/>
    <motionState vehicle="3" speed="3817" time="2970" acceleration="8695"/>
    <motionState vehicle="4" speed="4019" time="2970" acceleration="10524"/>
    <motionState vehicle="0" speed="3764" time="2980" acceleration="6760"/>
    <motionState vehicle="1" speed="3766" time="2980" acceleration="6828"/>
    <motionState vehicle="2" speed="3774" time="2980" acceleration="7211"/>
    <motionState vehicle="3" speed="3825" time="2980" acceleration="8651"/>
    <motionState vehicle="4" speed="4030" time="2980" acceleration="10371"/>
    <motionState vehicle="0" speed="3771" time="2990" acceleration="6700"/>
    <motionState vehicle="1" speed="3772" time="2990" acceleration="6770"/>
    <motionState vehicle="2" speed="3782" time="2990" acceleration="7163"/>
    <motionState vehicle="3" speed="3834" time="2990" acceleration="8606"/>
    <motionState vehicle="4" speed="4040" time="2990" acceleration="10220"/>
    <motionState vehicle="0" speed="3778" time="3000" acceleration="6640"/>
    <motionState vehicle="1" speed="3779" time="3000" acceleration="6713"/>
    <motionState vehicle="2" speed="3789" time="3000" acceleration="7116"/>
    <motionState vehicle="3" speed="3842" time="3000" acceleration="8561"/>
    <motionState vehicle="4" speed="4050" time="3000" acceleration="10071"/>
    <motionState vehicle="0" speed="3784" time="3010" acceleration="6580"/>
    <motionState vehicle="1" speed="3786" time="3010" acceleration="6657"/>
    <motionState vehicle="2" speed="3796" time="3010" acceleration="7069"/>
    <motionState vehicle="3" speed="3851" time="3010" acceleration="8516"/>
    <motionState vehicle="4" speed="4060" time="3010" acceleration="9923"/>
    <motionState vehicle="0" speed="3791" time="3020" acceleration="6521"/>
    <motionState vehicle="1" speed="3792" time="3020" acceleration="6601"/>
    <motionState vehicle="2" speed="3803" time="3020" acceleration="7023"/>
    <motionState vehicle="3" speed="3859" time="3020" acceleration="8470"/>
    <motionState vehicle="4" speed="4070" time="3020" acceleration="9778"/>
    <motionState vehicle="0" speed="3797" time="3030" acceleration="6463"/>
    <motionState vehicle="1" speed="3799" time="3030" acceleration="6546"/>
    <motionState vehicle="2" speed="3810" time="3030" acceleration="6978"/>
    <motionState vehicle="3" speed="3868" time="3030" acceleration="8424"/>
    <motionState vehicle="4" speed="4079" time="3030" acceleration="9634"/>
    <motionState vehicle="0" speed="3804" time="3040" acceleration="6405"/>
    <motionState vehicle="1" speed="3805" time="3040" acceleration="6491"/>
    <motionState vehicle="2" speed="3817" time="3040" acceleration="6933"/>
    <motionState vehicle="3" speed="3876" time="3040" acceleration="8378"/>
    <motionState vehicle="4" speed="4089" time="3040" acceleration="9492"/>
    <motionState vehicle="0" speed="3810" time="3050" acceleration="6347"/>
    <motionState vehicle="1" speed="3812" time="3050" acceleration="6437"/>
    <motionState vehicle="2" speed="3824" time="3050" acceleration="6888"/>
    <motionState vehicle="3" speed="3885" time="3050" acceleration="8331"/>
    <motionState vehicle="4" speed="4098" time="3050" acceleration="9351"/>
    <motionState vehicle="0" speed="3816" time="3060" acceleration="6291"/>
    <motionState vehicle="1" speed="3818" time="3060" acceleration="6384"/>
    <motionState vehicle="2" speed="3830" time="3060" acceleration="6844"/>
    <motionState vehicle="3" speed="3893" time="3060" acceleration="8284"/>
    <motionState vehicle="4" speed="4107" time="3060" acceleration="9213"/>
    <motionState vehicle="0" speed="3823" time="3070" acceleration="6234"/>
    <motionState vehicle="1" speed="3825" time="3070" acceleration="6331"/>
    <motionState vehicle="2" speed="3837" time="3070" acceleration="6801"/>
    <motionState vehicle="3" speed="3901" time="3070" acceleration="8237"/>
    <motionState vehicle="4" speed="4116" time="3070" acceleration="9076"/>
    <motionState vehicle="0" speed="3829" time="3080" acceleration="6179"/>
    <motionState vehicle="1" speed="3831" time="3080" acceleration="6279"/>
    <motionState vehicle="2" speed="3844" time="3080" acceleration="6758"/>
    <motionState vehicle="3" speed="3909" time="3080" acceleration="8189"/>
    <motionState vehicle="4" speed="4125" time="3080" acceleration="8941"/>
    <motionState vehicle="0" speed="3835" time="3090" acceleration="6124"/>
    <motionState vehicle="1" speed="3837" time="3090" acceleration="6227"/>
    <motionState vehicle="2" speed="3851" time="3090" acceleration="6715"/>
    <motionState vehicle="3" speed="3917" time="3090" acceleration="8141"/>
    <motionState vehicle="4" speed="4134" time="3090" acceleration="8808"/>
    <motionState vehicle="0" speed="3841" time="3100" acceleration="6069"/>
    <motionState vehicle="1" speed="3843" time="3100" acceleration="6176"/>
    <motionState vehicle="2" speed="3857" time="3100" acceleration="6673"/>
    <motionState vehicle="3" speed="3926" time="3100" acceleration="8093"/>
    <motionState vehicle="4" speed="4143" time="3100" acceleration="8676"/>
    <motionState vehicle="0" speed="3847" time="3110" acceleration="6015"/>
    <motionState vehicle="1" speed="3849" time="3110" acceleration="6126"/>
    <motionState vehicle="2" speed="3864" time="3110" acceleration="6632"/>
    <motionState vehicle="3" speed="3934" time="3110" acceleration="8045"/>
    <motionState vehicle="4" speed="4151" time="3110" acceleration="8546"/>
    <motionState vehicle="0" speed="3853" time="3120" acceleration="5962"/>
    <motionState vehicle="1" speed="3855" time="3120" acceleration="6076"/>
    <motionState vehicle="2" speed="3871" time="3120" acceleration="6591"/>
    <motionState vehicle="3" speed="3942" time="3120" acceleration="7996"/>
    <motionState vehicle="4" speed="4160" time="3120" acceleration="8418"/>
    <motionState vehicle="0" speed="3859" time="3130" acceleration="5909"/>
    <motionState vehicle="1" speed="3861" time="3130" acceleration="6027"/>
    <motionState vehicle="2" speed="3877" time="3130" acceleration="6550"/>
    <motionState vehicle="3" speed="3950" time="3130" acceleration="7947"/>
    <motionState vehicle="4" speed="4168" time="3130" acceleration="8291"/>
    <motionState vehicle="0" speed="3865" time="3140" acceleration="5856"/>
    <motionState vehicle="1" speed="3867" time="3140" acceleration="5979"/>
    <motionState vehicle="2" speed="3884" time="3140" acceleration="6510"/>
    <motionState vehicle="3" speed="3957" time="3140" acceleration="7898"/>
    <motionState vehicle="4" speed="4176" time="3140" acceleration="8166"/>
    <motionState vehicle="0" speed="3870" time="3150" acceleration="5805"/>
    <motionState vehicle="1" speed="3873" time="3150" acceleration="5931"/>
    <motionState vehicle="2" speed="3890" time="3150" acceleration="6470"/>
    <motionState vehicle="3" speed="3965" time="3150" acceleration="7848"/>
    <motionState vehicle="4" speed="4184" time="3150" acceleration="8042"/>
    <motionState vehicle="0" speed="3876" time="3160" acceleration="5753"/>
    <motionState vehicle="1" speed="3879" time="3160" acceleration="5883"/>
    <motionState vehicle="2" speed="3897" time="3160" acceleration="6430"/>
    <motionState vehicle="3" speed="3973" time="3160" acceleration="7798"/>
    <motionState vehicle="4" speed="4192" time="3160" acceleration="7920"/>
    <motionState vehicle="0" speed="3882" time="3170" acceleration="5702"/>
    <motionState vehicle="1" speed="3885" time="3170" acceleration="5836"/>
    <motionState vehicle="2" speed="3903" time="3170" acceleration="6391"/>
    <motionState vehicle="3" speed="3981" time="3170" acceleration="7749"/>
    <motionState vehicle="4" speed="4200" time="3170" acceleration="7800"/>
    <motionState vehicle="0" speed="3888" time="3180" acceleration="5652"/>
    <motionState vehicle="1" speed="3891" time="3180" acceleration="5790"/>
    <motionState vehicle="2" speed="3909" time="3180" acceleration="6353"/>
    <motionState vehicle="3" speed="3989" time="3180" acceleration="7699"/>
    <motionState vehicle="4" speed="4208" time="3180" acceleration="7681"/>
    <motionState vehicle="0" speed="3893" time="3190" acceleration="5602"/>
    <motionState vehicle="1" speed="3897" time="3190" acceleration="5744"/>
    <motionState vehicle="2" speed="3916" time="3190" acceleration="6314"/>
    <motionState vehicle="3" speed="3996" time="3190" acceleration="7648"/>
    <motionState vehicle="4" speed="4215" time="3190" acceleration="7563"/>
    <motionState vehicle="0" speed="3899" time="3200" acceleration="5553"/>
    <motionState vehicle="1" speed="3902" time="3200" acceleration="5699"/>
    <motionState vehicle="2" speed="3922" time="3200" acceleration="6276"/>
    <motionState vehicle="3" speed="4004" time="3200" acceleration="7598"/>
    <motionState vehicle="4" speed="4223" time="3200" acceleration="7448"/>
    <motionState vehicle="0" speed="3904" time="3210" acceleration="5504"/>
    <motionState vehicle="1" speed="3908" time="3210" acceleration="5654"/>
    <motionState vehicle="2" speed="3928" time="3210" acceleration="6239"/>
    <motionState vehicle="3" speed="4011" time="3210" acceleration="7547"/>
    <motionState vehicle="4" speed="4230" time="3210" acceleration="7333"/>
    <motionState vehicle="0" speed="3910" time="3220" acceleration="5456"/>
    <motionState vehicle="1" speed="3914" time="3220" acceleration="5610"/>
    <motionState vehicle="2" speed="3934" time="3220" acceleration="6202"/>
    <motionState vehicle="3" speed="4019" time="3220" acceleration="7497"/>
    <motionState vehicle="4" speed="4237" time="3220" acceleration="7220"/>
    <motionState vehicle="0" speed="3915" time="3230" acceleration="5408"/>
    <motionState vehicle="1" speed="3919" time="3230" acceleration="5566"/>
    <motionState vehicle="2" speed="3940" time="3230" acceleration="6165"/>
    <motionState vehicle="3" speed="4026" time="3230" acceleration="7446"/>
    <motionState vehicle="4" speed="4244" time="3230" acceleration="7109"/>
    <motionState vehicle="0" speed="3920" time="3240" acceleration="5360"/>
    <motionState vehicle="1" speed="3925" time="3240" acceleration="5523"/>
    <motionState vehicle="2" speed="3947" time="3240" acceleration="6128"/>
    <motionState vehicle="3" speed="4034" time="3240" acceleration="7395"/>
    <motionState vehicle="4" speed="4251" time="3240" acceleration="6999"/>
    <motionState vehicle="0" speed="3926" time="3250" acceleration="5314"/>
    <motionState vehicle="1" speed="3930" time="3250" acceleration="5480"/>
    <motionState vehicle="2" speed="3953" time="3250" acceleration="6092"/>
    <motionState vehicle="3" speed="4041" time="3250" acceleration="7344"/>
    <motionState vehicle="4" speed="4258" time="3250" acceleration="6890"/>
    <motionState vehicle="0" speed="3931" time="3260" acceleration="5267"/>
    <motionState vehicle="1" speed="3936" time="3260" acceleration="5438"/>
    <motionState vehicle="2" speed="3959" time="3260" acceleration="6056"/>
    <motionState vehicle="3" speed="4048" time="3260" acceleration="7293"/>
    <motionState vehicle="4" speed="4265" time="3260" acceleration="6783"/>
    <motionState vehicle="0" speed="3936" time="3270" acceleration="5221"/>
    <motionState vehicle="1" speed="3941" time="3270" acceleration="5396"/>
    <motionState vehicle="2" speed="3965" time="3270" acceleration="6020"/>
    <motionState vehicle="3" speed="4056" time="3270" acceleration="7242"/>
    <motionState vehicle="4" speed="4272" time="3270" acceleration="6677"/>
    <motionState vehicle="0" speed="3941" time="3280" acceleration="5176"/>
    <motionState vehicle="1" speed="3946" time="3280" acceleration="5355"/>
    <motionState vehicle="2" speed="3971" time="3280" acceleration="5985"/>
    <motionState vehicle="3" speed="4063" time="3280" acceleration="7190"/>
    <motionState vehicle="4" speed="4278" time="3280" acceleration="6573"/>
    <motionState vehicle="0" speed="3947" time="3290" acceleration="5131"/>
    <motionState vehicle="1" speed="3952" time="3290" acceleration="5314"/>
    <motionState vehicle="2" speed="3977" time="3290" acceleration="5950"/>
    <motionState vehicle="3" speed="4070" time="3290" acceleration="7139"/>
    <motionState vehicle="4" speed="4285" time="3290" acceleration="6470"/>
    <motionState vehicle="0" speed="3952" time="3300" acceleration="5086"/>
    <motionState vehicle="1" speed="3957" time="3300" acceleration="5274"/>
    <motionState vehicle="2" speed="3983" time="3300" acceleration="5915"/>
    <motionState vehicle="3" speed="4077" time="3300" acceleration="7087"/>
    <motionState vehicle="4" speed="4291" time="3300" acceleration="6368"/>
    <motionState vehicle="0" speed="3957" time="3310" acceleration="5042"/>
    <motionState vehicle="1" speed="3962" time="3310" acceleration="5234"/>
    <motionState vehicle="2" speed="3989" time="3310" acceleration="5880"/>
    <motionState vehicle="3" speed="4084" time="3310" acceleration="7036"/>
    <motionState vehicle="4" speed="4297" time="3310" acceleration="6268"/>
    <motionState vehicle="0" speed="3962" time="3320" acceleration="4999"/>
    <motionState vehicle="1" speed="3967" time="3320" acceleration="5195"/>
    <motionState vehicle="2" speed="3994" time="3320" acceleration="5846"/>
    <motionState vehicle="3" speed="4091" time="3320" acceleration="6984"/>
    <motionState vehicle="4" speed="4304" time="3320" acceleration="6168"/>
    <motionState vehicle="0" speed="3967" time="3330" acceleration="4955"/>
    <motionState vehicle="1" speed="3972" time="3330" acceleration="5156"/>
    <motionState vehicle="2" speed="4000" time="3330" acceleration="5812"/>
    <motionState vehicle="3" speed="4098" time="3330" acceleration="6933"/>
    <motionState vehicle="4" speed="4310" time="3330" acceleration="6071"/>
    <motionState vehicle="0" speed="3972" time="3340" acceleration="4913"/>
    <motionState vehicle="1" speed="3978" time="3340" acceleration="5118"/>
    <motionState vehicle="2" speed="4006" time="3340" acceleration="5778"/>
    <motionState vehicle="3" speed="4105" time="3340" acceleration="6881"/>
    <motionState vehicle="4" speed="4316" time="3340" acceleration="5974"/>
    <motionState vehicle="0" speed="3976" time="3350" acceleration="4871"/>
    <motionState vehicle="1" speed="3983" time="3350" acceleration="5080"/>
    <motionState vehicle="2" speed="4012" time="3350" acceleration="5745"/>
    <motionState vehicle="3" speed="4112" time="3350" acceleration="6830"/>
    <motionState vehicle="4" speed="4322" time="3350" acceleration="5879"/>
    <motionState vehicle="0" speed="3981" time="3360" acceleration="4829"/>
    <motionState vehicle="1" speed="3988" time="3360" acceleration="5042"/>
    <motionState vehicle="2" speed="4017" time="3360" acceleration="5712"/>
    <motionState vehicle="3" speed="4118" time="3360" acceleration="6778"/>
    <motionState vehicle="4" speed="4327" time="3360" acceleration="5785"/>
    <motionState vehicle="0" speed="3986" time="3370" acceleration="4787"/>
    <motionState vehicle="1" speed="3993" time="3370" acceleration="5005"/>
    <motionState vehicle="2" speed="4023" time="3370" acceleration="5678"/>
    <motionState vehicle="3" speed="4125" time="3370" acceleration="6726"/>
    <motionState vehicle="4" speed="4333" time="3370" acceleration="5692"/>
    <motionState vehicle="0" speed="3991" time="3380" acceleration="4746"/>
    <motionState vehicle="1" speed="3998" time="3380" acceleration="4968"/>
    <motionState vehicle="2" speed="4029" time="3380" acceleration="5646"/>
    <motionState vehicle="3" speed="4132" time="3380" acceleration="6675"/>
    <motionState vehicle="4" speed="4339" time="3380" acceleration="5601"/>
    <motionState vehicle="0" speed="3996" time="3390" acceleration="4706"/>
    <motionState vehicle="1" speed="4003" time="3390" acceleration="4932"/>
    <motionState vehicle="2" speed="4034" time="3390" acceleration="5613"/>
    <motionState vehicle="3" speed="4138" time="3390" acceleration="6623"/>
    <motionState vehicle="4" speed="4344" time="3390" acceleration="5510"/>
    <motionState vehicle="0" speed="4000" time="3400" acceleration="4666"/>
    <motionState vehicle="1" speed="4008" time="3400" acceleration="4896"/>
    <motionState vehicle="2" speed="4040" time="3400" acceleration="5581"/>
    <motionState vehicle="3" speed="4145" time="3400" acceleration="6571"/>
    <motionState vehicle="4" speed="4350" time="3400" acceleration="5421"/>
    <motionState vehicle="0" speed="4005" time="3410" acceleration="4626"/>
    <motionState vehicle="1" speed="4012" time="3410" acceleration="4861"/>
    <motionState vehicle="2" speed="4045" time="3410" acceleration="5548"/>
    <motionState vehicle="3" speed="4152" time="3410" acceleration="6520"/>
    <motionState vehicle="4" speed="4355" time="3410" acceleration="5333"/>
    <motionState vehicle="0" speed="4009" time="3420" acceleration="4587"/>
    <motionState vehicle="1" speed="4017" time="3420" acceleration="4826"/>
    <motionState vehicle="2" speed="4051" time="3420" acceleration="5517"/>
    <motionState vehicle="3" speed="4158" time="3420" acceleration="6468"/>
    <motionState vehicle="4" speed="4360" time="3420" acceleration="5247"/>
    <motionState vehicle="0" speed="4014" time="3430" acceleration="4548"/>
    <motionState vehicle="1" speed="4022" time="3430" acceleration="4792"/>
    <motionState vehicle="2" speed="4056" time="3430" acceleration="5485"/>
    <motionState vehicle="3" speed="4164" time="3430" acceleration="6417"/>
    <motionState vehicle="4" speed="4365" time="3430" acceleration="5161"/>
    <motionState vehicle="0" speed="4018" time="3440" acceleration="4510"/>
    <motionState vehicle="1" speed="4027" time="3440" acceleration="4758"/>
    <motionState vehicle="2" speed="4062" time="3440" acceleration="5453"/>
    <motionState vehicle="3" speed="4171" time="3440" acceleration="6365"/>
    <motionState vehicle="4" speed="4370" time="3440" acceleration="5077"/>
    <motionState vehicle="0" speed="4023" time="3450" acceleration="4472"/>
    <motionState vehicle="1" speed="4031" time="3450" acceleration="4724"/>
    <motionState vehicle="2" speed="4067" time="3450" acceleration="5422"/>
    <motionState vehicle="3" speed="4177" time="3450" acceleration="6314"/>
    <motionState vehicle="4" speed="4375" time="3450" acceleration="4993"/>
    <motionState vehicle="0" speed="4027" time="3460" acceleration="4434"/>
    <motionState vehicle="1" speed="4036" time="3460" acceleration="4690"/>
    <motionState vehicle="2" speed="4073" time="3460" acceleration="5391"/>
    <motionState vehicle="3" speed="4183" time="3460" acceleration="6262"/>
    <motionState vehicle="4" speed="4380" time="3460" acceleration="4911"/>
    <motionState vehicle="0" speed="4032" time="3470" acceleration="4397"/>
    <motionState vehicle="1" speed="4041" time="3470" acceleration="4657"/>
    <motionState vehicle="2" speed="4078" time="3470" acceleration="5360"/>
    <motionState vehicle="3" speed="4190" time="3470" acceleration="6211"/>
    <motionState vehicle="4" speed="4385" time="3470" acceleration="4830"/>
    <motionState vehicle="0" speed="4036" time="3480" acceleration="4360"/>
    <motionState vehicle="1" speed="4045" time="3480" acceleration="4625"/>
    <motionState vehicle="2" speed="4083" time="3480" acceleration="5329"/>
    <motionState vehicle="3" speed="4196" time="3480" acceleration="6160"/>
    <motionState vehicle="4" speed="4390" time="3480" acceleration="4750"/>
    <motionState vehicle="0" speed="4040" time="3490" acceleration="4324"/>
    <motionState vehicle="1" speed="4050" time="3490" acceleration="4593"/>
    <motionState vehicle="2" speed="4089" time="3490" acceleration="5298"/>
    <motionState vehicle="3" speed="4202" time="3490" acceleration="6109"/>
    <motionState vehicle="4" speed="4395" time="3490" acceleration="4671"/>
    <motionState vehicle="0" speed="4045" time="3500" acceleration="4288"/>
    <motionState vehicle="1" speed="4055" time="3500" acceleration="4561"/>
    <motionState vehicle="2" speed="4094" time="3500" acceleration="5268"/>
    <motionState vehicle="3" speed="4208" time="3500" acceleration="6058"/>
    <motionState vehicle="4" speed="4399" time="3500" acceleration="4593"/>
    <motionState vehicle="0" speed="4049" time="3510" acceleration="4252"/>
    <motionState vehicle="1" speed="4059" time="3510" acceleration="4529"/>
    <motionState vehicle="2" speed="4099" time="3510" acceleration="5237"/>
    <motionState vehicle="3" speed="4214" time="3510" acceleration="6007"/>
    <motionState vehicle="4" speed="4404" time="3510" acceleration="4517"/>
    <motionState vehicle="0" speed="4053" time="3520" acceleration="4217"/>
    <motionState vehicle="1" speed="4064" time="3520" acceleration="4498"/>
    <motionState vehicle="2" speed="4104" time="3520" acceleration="5207"/>
    <motionState vehicle="3" speed="4220" time="3520" acceleration="5956"/>
    <motionState vehicle="4" speed="4408" time="3520" acceleration="4441"/>
    <motionState vehicle="0" speed="4057" time="3530" acceleration="4182"/>
    <motionState vehicle="1" speed="4068" time="3530" acceleration="4468"/>
    <motionState vehicle="2" speed="4110" time="3530" acceleration="5177"/>
    <motionState vehicle="3" speed="4226" time="3530" acceleration="5905"/>
    <motionState vehicle="4" speed="4412" time="3530" acceleration="4366"/>
    <motionState vehicle="0" speed="4062" time="3540" acceleration="4148"/>
    <motionState vehicle="1" speed="4073" time="3540" acceleration="4437"/>
    <motionState vehicle="2" speed="4115" time="3540" acceleration="5147"/>
    <motionState vehicle="3" speed="4232" time="3540" acceleration="5854"/>
    <motionState vehicle="4" speed="4417" time="3540" acceleration="4293"/>
    <motionState vehicle="0" speed="4066" time="3550" acceleration="4114"/>
    <motionState vehicle="1" speed="4077" time="3550" acceleration="4407"/>
    <motionState vehicle="2" speed="4120" time="3550" acceleration="5117"/>
    <motionState vehicle="3" speed="4237" time="3550" acceleration="5804"/>
    <motionState vehicle="4" speed="4421" time="3550" acceleration="4220"/>
    <motionState vehicle="0" speed="4070" time="3560" acceleration="4080"/>
    <motionState vehicle="1" speed="4081" time="3560" acceleration="4377"/>
    <motionState vehicle="2" speed="4125" time="3560" acceleration="5088"/>
    <motionState vehicle="3" speed="4243" time="3560" acceleration="5753"/>
    <motionState vehicle="4" speed="4425" time="3560" acceleration="4148"/>
    <motionState vehicle="0" speed="4074" time="3570" acceleration="4047"/>
    <motionState vehicle="1" speed="4086" time="3570" acceleration="4348"/>
    <motionState vehicle="2" speed="4130" time="3570" acceleration="5058"/>
    <motionState vehicle="3" speed="4249" time="3570" acceleration="5703"/>
    <motionState vehicle="4" speed="4429" time="3570" acceleration="4078"/>
    <motionState vehicle="0" speed="4078" time="3580" acceleration="4014"/>
    <motionState vehicle="1" speed="4090" time="3580" acceleration="4319"/>
    <motionState vehicle="2" speed="4135" time="3580" acceleration="5029"/>
    <motionState vehicle="3" speed="4255" time="3580" acceleration="5653"/>
    <motionState vehicle="4" speed="4433" time="3580" acceleration="4008"/>
    <motionState vehicle="0" speed="4082" time="3590" acceleration="3981"/>
    <motionState vehicle="1" speed="4094" time="3590" acceleration="4290"/>
    <motionState vehicle="2" speed="4140" time="3590" acceleration="5000"/>
    <motionState vehicle="3" speed="4260" time="3590" acceleration="5603"/>
    <motionState vehicle="4" speed="4437" time="3590" acceleration="3939"/>
    <motionState vehicle="0" speed="4086" time="3600" acceleration="3949"/>
    <motionState vehicle="1" speed="4099" time="3600" acceleration="4262"/>
    <motionState vehicle="2" speed="4145" time="3600" acceleration="4971"/>
    <motionState vehicle="3" speed="4266" time="3600" acceleration="5553"/>
    <motionState vehicle="4" speed="4441" time="3600" acceleration="3872"/>
    <motionState vehicle="0" speed="4090" time="3610" acceleration="3917"/>
    <motionState vehicle="1" speed="4103" time="3610" acceleration="4234"/>
    <motionState vehicle="2" speed="4150" time="3610" acceleration="4942"/>
    <motionState vehicle="3" speed="4271" time="3610" acceleration="5503"/>
    <motionState vehicle="4" speed="4445" time="3610" acceleration="3805"/>
    <motionState vehicle="0" speed="4094" time="3620" acceleration="3885"/>
    <motionState vehicle="1" speed="4107" time="3620" acceleration="4206"/>
    <motionState vehicle="2" speed="4155" time="3620" acceleration="4913"/>
    <motionState vehicle="3" speed="4277" time="3620" acceleration="5453"/>
    <motionState vehicle="4" speed="4449" time="3620" acceleration="3739"/>
    <motionState vehicle="0" speed="4097" time="3630" acceleration="3854"/>
    <motionState vehicle="1" speed="4111" time="3630" acceleration="4179"/>
    <motionState vehicle="2" speed="4160" time="3630" acceleration="4884"/>
    <motionState vehicle="3" speed="4282" time="3630" acceleration="5404"/>
    <motionState vehicle="4" speed="4452" time="3630" acceleration="3674"/>
    <motionState vehicle="0" speed="4101" time="3640" acceleration="3823"/>
    <motionState vehicle="1" speed="4115" time="3640" acceleration="4151"/>
    <motionState vehicle="2" speed="4165" time="3640" acceleration="4856"/>
    <motionState vehicle="3" speed="4287" time="3640" acceleration="5354"/>
    <motionState vehicle="4" speed="4456" time="3640" acceleration="3610"/>
    <motionState vehicle="0" speed="4105" time="3650" acceleration="3793"/>
    <motionState vehicle="1" speed="4119" time="3650" acceleration="4125"/>
    <motionState vehicle="2" speed="4169" time="3650" acceleration="4827"/>
    <motionState vehicle="3" speed="4293" time="3650" acceleration="5305"/>
    <motionState vehicle="4" speed="4459" time="3650" acceleration="3547"/>
    <motionState vehicle="0" speed="4109" time="3660" acceleration="3763"/>
    <motionState vehicle="1" speed="4124" time="3660" acceleration="4098"/>
    <motionState vehicle="2" speed="4174" time="3660" acceleration="4799"/>
    <motionState vehicle="3" speed="4298" time="3660" acceleration="5256"/>
    <motionState vehicle="4" speed="4463" time="3660" acceleration="3485"/>
    <motionState vehicle="0" speed="4112" time="3670" acceleration="3733"/>
    <motionState vehicle="1" speed="4128" time="3670" acceleration="4072"/>
    <motionState vehicle="2" speed="4179" time="3670" acceleration="4771"/>
    <motionState vehicle="3" speed="4303" time="3670" acceleration="5207"/>
    <motionState vehicle="4" speed="4466" time="3670" acceleration="3423"/>
    <motionState vehicle="0" speed="4116" time="3680" acceleration="3703"/>
    <motionState vehicle="1" speed="4132" time="3680" acceleration="4046"/>
    <motionState vehicle="2" speed="4184" time="3680" acceleration="4743"/>
    <motionState vehicle="3" speed="4308" time="3680" acceleration="5158"/>
    <motionState vehicle="4" speed="4470" time="3680" acceleration="3363"/>
    <motionState vehicle="0" speed="4120" time="3690" acceleration="3674"/>
    <motionState vehicle="1" speed="4136" time="3690" acceleration="4020"/>
    <motionState vehicle="2" speed="4188" time="3690" acceleration="4715"/>
    <motionState vehicle="3" speed="4313" time="3690" acceleration="5110"/>
    <motionState vehicle="4" speed="4473" time="3690" acceleration="3303"/>
    <motionState vehicle="0" speed="4124" time="3700" acceleration="3645"/>
    <motionState vehicle="1" speed="4140" time="3700" acceleration="3995"/>
    <motionState vehicle="2" speed="4193" time="3700" acceleration="4687"/>
    <motionState vehicle="3" speed="4318" time="3700" acceleration="5061"/>
    <motionState vehicle="4" speed="4476" time="3700" acceleration="3244"/>
    <motionState vehicle="0" speed="4127" time="3710" acceleration="3617"/>
    <motionState vehicle="1" speed="4144" time="3710" acceleration="3969"/>
    <motionState vehicle="2" speed="4198" time="3710" acceleration="4659"/>
    <motionState vehicle="3" speed="4323" time="3710" acceleration="5013"/>
    <motionState vehicle="4" speed="4479" time="3710" acceleration="3187"/>
    <motionState vehicle="0" speed="4131" time="3720" acceleration="3589"/>
    <motionState vehicle="1" speed="4148" time="3720" acceleration="3945"/>
    <motionState vehicle="2" speed="4202" time="3720" acceleration="4631"/>
    <motionState vehicle="3" speed="4328" time="3720" acceleration="4965"/>
    <motionState vehicle="4" speed="4483" time="3720" acceleration="3129"/>
    <motionState vehicle="0" speed="4134" time="3730" acceleration="3561"/>
    <motionState vehicle="1" speed="4152" time="3730" acceleration="3920"/>
    <motionState vehicle="2" speed="4207" time="3730" acceleration="4604"/>
    <motionState vehicle="3" speed="4333" time="3730" acceleration="4917"/>
    <motionState vehicle="4" speed="4486" time="3730" acceleration="3073"/>
    <motionState vehicle="0" speed="4138" time="3740" acceleration="3533"/>
    <motionState vehicle="1" speed="4155" time="3740" acceleration="3896"/>
    <motionState vehicle="2" speed="4212" time="3740" acceleration="4576"/>
    <motionState vehicle="3" speed="4338" time="3740" acceleration="4870"/>
    <motionState vehicle="4" speed="4489" time="3740" acceleration="3018"/>
    <motionState vehicle="0" speed="4141" time="3750" acceleration="3506"/>
    <motionState vehicle="1" speed="4159" time="3750" acceleration="3871"/>
    <motionState vehicle="2" speed="4216" time="3750" acceleration="4549"/>
    <motionState vehicle="3" speed="4343" time="3750" acceleration="4822"/>
    <motionState vehicle="4" speed="4492" time="3750" acceleration="2963"/>
    <motionState vehicle="0" speed="4145" time="3760" acceleration="3479"/>
    <motionState vehicle="1" speed="4163" time="3760" acceleration="3848"/>
    <motionState vehicle="2" speed="4221" time="3760" acceleration="4521"/>
    <motionState vehicle="3" speed="4348" time="3760" acceleration="4775"/>
    <motionState vehicle="4" speed="4494" time="3760" acceleration="2909"/>
    <motionState vehicle="0" speed="4148" time="3770" acceleration="3453"/>
    <motionState vehicle="1" speed="4167" time="3770" acceleration="3824"/>
    <motionState vehicle="2" speed="4225" time="3770" acceleration="4494"/>
    <motionState vehicle="3" speed="4353" time="3770" acceleration="4728"/>
    <motionState vehicle="4" speed="4497" time="3770" acceleration="2856"/>
    <motionState vehicle="0" speed="4152" time="3780" acceleration="3426"/>
    <motionState vehicle="1" speed="4171" time="3780" acceleration="3801"/>
    <motionState vehicle="2" speed="4230" time="3780" acceleration="4467"/>
    <motionState vehicle="3" speed="4357" time="3780" acceleration="4681"/>
    <motionState vehicle="4" speed="4500" time="3780" acceleration="2804"/>
    <motionState vehicle="0" speed="4155" time="3790" acceleration="3400"/>
    <motionState vehicle="1" speed="4175" time="3790" acceleration="3777"/>
    <motionState vehicle="2" speed="4234" time="3790" acceleration="4440"/>
    <motionState vehicle="3" speed="4362" time="3790" acceleration="4635"/>
    <motionState vehicle="4" speed="4503" time="3790" acceleration="2752"/>
    <motionState vehicle="0" speed="4158" time="3800" acceleration="3375"/>
    <motionState vehicle="1" speed="4178" time="3800" acceleration="3755"/>
    <motionState vehicle="2" speed="4239" time="3800" acceleration="4413"/>
    <motionState vehicle="3" speed="4366" time="3800" acceleration="4588"/>
    <motionState vehicle="4" speed="4506" time="3800" acceleration="2702"/>
    <motionState vehicle="0" speed="4162" time="3810" acceleration="3349"/>
    <motionState vehicle="1" speed="4182" time="3810" acceleration="3732"/>
    <motionState vehicle="2" speed="4243" time="3810" acceleration="4386"/>
    <motionState vehicle="3" speed="4371" time="3810" acceleration="4542"/>
    <motionState vehicle="4" speed="4508" time="3810" acceleration="2652"/>
    <motionState vehicle="0" speed="4165" time="3820" acceleration="3324"/>
    <motionState vehicle="1" speed="4186" time="3820" acceleration="3709"/>
    <motionState vehicle="2" speed="4247" time="3820" acceleration="4359"/>
    <motionState vehicle="3" speed="4376" time="3820" acceleration="4496"/>
    <motionState vehicle="4" speed="4511" time="3820" acceleration="2602"/>
    <motionState vehicle="0" speed="4168" time="3830" acceleration="3299"/>
    <motionState vehicle="1" speed="4189" time="3830" acceleration="3687"/>
    <motionState vehicle="2" speed="4252" time="3830" acceleration="4332"/>
    <motionState vehicle="3" speed="4380" time="3830" acceleration="4450"/>
    <motionState vehicle="4" speed="4513" time="3830" acceleration="2554"/>
    <motionState vehicle="0" speed="4172" time="3840" acceleration="3275"/>
    <motionState vehicle="1" speed="4193" time="3840" acceleration="3665"/>
    <motionState vehicle="2" speed="4256" time="3840" acceleration="4306"/>
    <motionState vehicle="3" speed="4384" time="3840" acceleration="4405"/>
    <motionState vehicle="4" speed="4516" time="3840" acceleration="2506"/>
    <motionState vehicle="0" speed="4175" time="3850" acceleration="3250"/>
    <motionState vehicle="1" speed="4197" time="3850" acceleration="3643"/>
    <motionState vehicle="2" speed="4260" time="3850" acceleration="4279"/>
    <motionState vehicle="3" speed="4389" time="3850" acceleration="4359"/>
    <motionState vehicle="4" speed="4518" time="3850" acceleration="2459"/>
    <motionState vehicle="0" speed="4178" time="3860" acceleration="3226"/>
    <motionState vehicle="1" speed="4200" time="3860" acceleration="3622"/>
    <motionState vehicle="2" speed="4264" time="3860" acceleration="4253"/>
    <motionState vehicle="3" speed="4393" time="3860" acceleration="4314"/>
    <motionState vehicle="4" speed="4521" time="3860" acceleration="2413"/>
    <motionState vehicle="0" speed="4181" time="3870" acceleration="3203"/>
    <motionState vehicle="1" speed="4204" time="3870" acceleration="3600"/>
    <motionState vehicle="2" speed="4269" time="3870" acceleration="4226"/>
    <motionState vehicle="3" speed="4397" time="3870" acceleration="4269"/>
    <motionState vehicle="4" speed="4523" time="3870" acceleration="2367"/>
    <motionState vehicle="0" speed="4185" time="3880" acceleration="3179"/>
    <motionState vehicle="1" speed="4208" time="3880" acceleration="3579"/>
    <motionState vehicle="2" speed="4273" time="3880" acceleration="4200"/>
    <motionState vehicle="3" speed="4402" time="3880" acceleration="4225"/>
    <motionState vehicle="4" speed="4525" time="3880" acceleration="2322"/>
    <motionState vehicle="0" speed="4188" time="3890" acceleration="3156"/>
    <motionState vehicle="1" speed="4211" time="3890" acceleration="3558"/>
    <motionState vehicle="2" speed="4277" time="3890" acceleration="4174"/>
    <motionState vehicle="3" speed="4406" time="3890" acceleration="4180"/>
    <motionState vehicle="4" speed="4528" time="3890" acceleration="2278"/>
    <motionState vehicle="0" speed="4191" time="3900" acceleration="3133"/>
    <motionState vehicle="1" speed="4215" time="3900" acceleration="3538"/>
    <motionState vehicle="2" speed="4281" time="3900" acceleration="4148"/>
    <motionState vehicle="3" speed="4410" time="3900" acceleration="4136"/>
    <motionState vehicle="4" speed="4530" time="3900" acceleration="2234"/>
    <motionState vehicle="0" speed="4194" time="3910" acceleration="3110"/>
    <motionState vehicle="1" speed="4218" time="3910" acceleration="3517"/>
    <motionState vehicle="2" speed="4285" time="3910" acceleration="4121"/>
    <motionState vehicle="3" speed="4414" time="3910" acceleration="4092"/>
    <motionState vehicle="4" speed="4532" time="3910" acceleration="2191"/>
    <motionState vehicle="0" speed="4197" time="3920" acceleration="3088"/>
    <motionState vehicle="1" speed="4222" time="3920" acceleration="3497"/>
    <motionState vehicle="2" speed="4289" time="3920" acceleration="4095"/>
    <motionState vehicle="3" speed="4418" time="3920" acceleration="4048"/>
    <motionState vehicle="4" speed="4534" time="3920" acceleration="2149"/>
    <motionState vehicle="0" speed="4200" time="3930" acceleration="3066"/>
    <motionState vehicle="1" speed="4225" time="3930" acceleration="3476"/>
    <motionState vehicle="2" speed="4293" time="3930" acceleration="4069"/>
    <motionState vehicle="3" speed="4422" time="3930" acceleration="4005"/>
    <motionState vehicle="4" speed="4536" time="3930" acceleration="2107"/>
    <motionState vehicle="0" speed="4203" time="3940" acceleration="3044"/>
    <motionState vehicle="1" speed="4229" time="3940" acceleration="3456"/>
    <motionState vehicle="2" speed="4298" time="3940" acceleration="4044"/>
    <motionState vehicle="3" speed="4426" time="3940" acceleration="3961"/>
    <motionState vehicle="4" speed="4539" time="3940" acceleration="2066"/>
    <motionState vehicle="0" speed="4206" time="3950" acceleration="3022"/>
    <motionState vehicle="1" speed="4232" time="3950" acceleration="3437"/>
    <motionState vehicle="2" speed="4302" time="3950" acceleration="4018"/>
    <motionState vehicle="3" speed="4430" time="3950" acceleration="3918"/>
    <motionState vehicle="4" speed="4541" time="3950" acceleration="2026"/>
    <motionState vehicle="0" speed="4209" time="3960" acceleration="3001"/>
    <motionState vehicle="1" speed="4235" time="3960" acceleration="3417"/>
    <motionState vehicle="2" speed="4306" time="3960" acceleration="3992"/>
    <motionState vehicle="3" speed="4434" time="3960" acceleration="3876"/>
    <motionState vehicle="4" speed="4543" time="3960" acceleration="1986"/>
    <motionState vehicle="0" speed="4212" time="3970" acceleration="2980"/>
    <motionState vehicle="1" speed="4239" time="3970" acceleration="3398"/>
    <motionState vehicle="2" speed="4309" time="3970" acceleration="3966"/>
    <motionState vehicle="3" speed="4438" time="3970" acceleration="3833"/>
    <motionState vehicle="4" speed="4544" time="3970" acceleration="1947"/>
    <motionState vehicle="0" speed="4215" time="3980" acceleration="2959"/>
    <motionState vehicle="1" speed="4242" time="3980" acceleration="3378"/>
    <motionState vehicle="2" speed="4313" time="3980" acceleration="3941"/>
    <motionState vehicle="3" speed="4441" time="3980" acceleration="3791"/>
    <motionState vehicle="4" speed="4546" time="3980" acceleration="1908"/>
    <motionState vehicle="0" speed="4218" time="3990" acceleration="2938"/>
    <motionState vehicle="1" speed="4246" time="3990" acceleration="3359"/>
    <motionState vehicle="2" speed="4317" time="3990" acceleration="3915"/>
    <motionState vehicle="3" speed="4445" time="3990" acceleration="3749"/>
    <motionState vehicle="4" speed="4548" time="3990" acceleration="1870"/>
    <motionState vehicle="0" speed="4221" time="4000" acceleration="2918"/>
    <motionState vehicle="1" speed="4249" time="4000" acceleration="3340"/>
    <motionState vehicle="2" speed="4321" time="4000" acceleration="3890"/>
    <motionState vehicle="3" speed="4449" time="4000" acceleration="3707"/>
    <motionState vehicle="4" speed="4550" time="4000" acceleration="1833"/>
    <motionState vehicle="0" speed="4224" time="4010" acceleration="2898"/>
    <motionState vehicle="1" speed="4252" time="4010" acceleration="3321"/>
    <motionState vehicle="2" speed="4325" time="4010" acceleration="3864"/>
    <motionState vehicle="3" speed="4452" time="4010" acceleration="3666"/>
    <motionState vehicle="4" speed="4552" time="4010" acceleration="1796"/>
    <motionState vehicle="0" speed="4227" time="4020" acceleration="2878"/>
    <motionState vehicle="1" speed="4256" time="4020" acceleration="3303"/>
    <motionState vehicle="2" speed="4329" time="4020" acceleration="3839"/>
    <motionState vehicle="3" speed="4456" time="4020" acceleration="3624"/>
    <motionState vehicle="4" speed="4554" time="4020" acceleration="1760"/>
    <motionState vehicle="0" speed="4230" time="4030" acceleration="2858"/>
    <motionState vehicle="1" speed="4259" time="4030" acceleration="3284"/>
    <motionState vehicle="2" speed="4333" time="4030" acceleration="3814"/>
    <motionState vehicle="3" speed="4460" time="4030" acceleration="3583"/>
    <motionState vehicle="4" speed="4555" time="4030" acceleration="1725"/>
    <motionState vehicle="0" speed="4232" time="4040" acceleration="2839"/>
    <motionState vehicle="1" speed="4262" time="4040" acceleration="3266"/>
    <motionState vehicle="2" speed="4337" time="4040" acceleration="3788"/>
    <motionState vehicle="3" speed="4463" time="4040" acceleration="3542"/>
    <motionState vehicle="4" speed="4557" time="4040" acceleration="1690"/>
    <motionState vehicle="0" speed="4235" time="4050" acceleration="2820"/>
    <motionState vehicle="1" speed="4265" time="4050" acceleration="3248"/>
    <motionState vehicle="2" speed="4340" time="4050" acceleration="3763"/>
    <motionState vehicle="3" speed="4467" time="4050" acceleration="3502"/>
    <motionState vehicle="4" speed="4559" time="4050" acceleration="1655"/>
    <motionState vehicle="0" speed="4238" time="4060" acceleration="2801"/>
    <motionState vehicle="1" speed="4269" time="4060" acceleration="3230"/>
    <motionState vehicle="2" speed="4344" time="4060" acceleration="3738"/>
    <motionState vehicle="3" speed="4470" time="4060" acceleration="3462"/>
    <motionState vehicle="4" speed="4560" time="4060" acceleration="1621"/>
    <motionState vehicle="0" speed="4241" time="4070" acceleration="2782"/>
    <motionState vehicle="1" speed="4272" time="4070" acceleration="3212"/>
    <motionState vehicle="2" speed="4348" time="4070" acceleration="3713"/>
    <motionState vehicle="3" speed="4474" time="4070" acceleration="3422"/>
    <motionState vehicle="4" speed="4562" time="4070" acceleration="1588"/>
    <motionState vehicle="0" speed="4244" time="4080" acceleration="2763"/>
    <motionState vehicle="1" speed="4275" time="4080" acceleration="3194"/>
    <motionState vehicle="2" speed="4351" time="4080" acceleration="3688"/>
    <motionState vehicle="3" speed="4477" time="4080" acceleration="3382"/>
    <motionState vehicle="4" speed="4563" time="4080" acceleration="1555"/>
    <motionState vehicle="0" speed="4246" time="4090" acceleration="2745"/>
    <motionState vehicle="1" speed="4278" time="4090" acceleration="3177"/>
    <motionState vehicle="2" speed="4355" time="4090" acceleration="3663"/>
    <motionState vehicle="3" speed="4480" time="4090" acceleration="3342"/>
    <motionState vehicle="4" speed="4565" time="4090" acceleration="1523"/>
    <motionState vehicle="0" speed="4249" time="4100" acceleration="2727"/>
    <motionState vehicle="1" speed="4281" time="4100" acceleration="3159"/>
    <motionState vehicle="2" speed="4359" time="4100" acceleration="3638"/>
    <motionState vehicle="3" speed="4484" time="4100" acceleration="3303"/>
    <motionState vehicle="4" speed="4566" time="4100" acceleration="1491"/>
    <motionState vehicle="0" speed="4252" time="4110" acceleration="2709"/>
    <motionState vehicle="1" speed="4284" time="4110" acceleration="3142"/>
    <motionState vehicle="2" speed="4362" time="4110" acceleration="3614"/>
    <motionState vehicle="3" speed="4487" time="4110" acceleration="3264"/>
    <motionState vehicle="4" speed="4568" time="4110" acceleration="1460"/>
    <motionState vehicle="0" speed="4254" time="4120" acceleration="2691"/>
    <motionState vehicle="1" speed="4288" time="4120" acceleration="3125"/>
    <motionState vehicle="2" speed="4366" time="4120" acceleration="3589"/>
    <motionState vehicle="3" speed="4490" time="4120" acceleration="3226"/>
    <motionState vehicle="4" speed="4569" time="4120" acceleration="1430"/>
    <motionState vehicle="0" speed="4257" time="4130" acceleration="2674"/>
    <motionState vehicle="1" speed="4291" time="4130" acceleration="3108"/>
    <motionState vehicle="2" speed="4369" time="4130" acceleration="3564"/>
    <motionState vehicle="3" speed="4493" time="4130" acceleration="3187"/>
    <motionState vehicle="4" speed="4571" time="4130" acceleration="1399"/>
    <motionState vehicle="0" speed="4260" time="4140" acceleration="2656"/>
    <motionState vehicle="1" speed="4294" time="4140" acceleration="3091"/>
    <motionState vehicle="2" speed="4373" time="4140" acceleration="3540"/>
    <motionState vehicle="3" speed="4496" time="4140" acceleration="3149"/>
    <motionState vehicle="4" speed="4572" time="4140" acceleration="1370"/>
    <motionState vehicle="0" speed="4262" time="4150" acceleration="2639"/>
    <motionState vehicle="1" speed="4297" time="4150" acceleration="3074"/>
    <motionState vehicle="2" speed="4377" time="4150" acceleration="3515"/>
    <motionState vehicle="3" speed="4500" time="4150" acceleration="3111"/>
    <motionState vehicle="4" speed="4573" time="4150" acceleration="1341"/>
    <motionState vehicle="0" speed="4265" time="4160" acceleration="2622"/>
    <motionState vehicle="1" speed="4300" time="4160" acceleration="3057"/>
    <motionState vehicle="2" speed="4380" time="4160" acceleration="3491"/>
    <motionState vehicle="3" speed="4503" time="4160" acceleration="3073"/>
    <motionState vehicle="4" speed="4575" time="4160" acceleration="1312"/>
    <motionState vehicle="0" speed="4268" time="4170" acceleration="2606"/>
    <motionState vehicle="1" speed="4303" time="4170" acceleration="3041"/>
    <motionState vehicle="2" speed="4384" time="4170" acceleration="3466"/>
    <motionState vehicle="3" speed="4506" time="4170" acceleration="3036"/>
    <motionState vehicle="4" speed="4576" time="4170" acceleration="1284"/>
    <motionState vehicle="0" speed="4270" time="4180" acceleration="2589"/>
    <motionState vehicle="1" speed="4306" time="4180" acceleration="3024"/>
    <motionState vehicle="2" speed="4387" time="4180" acceleration="3442"/>
    <motionState vehicle="3" speed="4509" time="4180" acceleration="2999"/>
    <motionState vehicle="4" speed="4577" time="4180" acceleration="1256"/>
    <motionState vehicle="0" speed="4273" time="4190" acceleration="2573"/>
    <motionState vehicle="1" speed="4309" time="4190" acceleration="3008"/>
    <motionState vehicle="2" speed="4390" time="4190" acceleration="3418"/>
    <motionState vehicle="3" speed="4512" time="4190" acceleration="2962"/>
    <motionState vehicle="4" speed="4579" time="4190" acceleration="1229"/>
    <motionState vehicle="0" speed="4275" time="4200" acceleration="2557"/>
    <motionState vehicle="1" speed="4312" time="4200" acceleration="2992"/>
    <motionState vehicle="2" speed="4394" time="4200" acceleration="3394"/>
    <motionState vehicle="3" speed="4515" time="4200" acceleration="2925"/>
    <motionState vehicle="4" speed="4580" time="4200" acceleration="1202"/>
    <motionState vehicle="0" speed="4278" time="4210" acceleration="2541"/>
    <motionState vehicle="1" speed="4315" time="4210" acceleration="2975"/>
    <motionState vehicle="2" speed="4397" time="4210" acceleration="3369"/>
    <motionState vehicle="3" speed="4517" time="4210" acceleration="2889"/>
    <motionState vehicle="4" speed="4581" time="4210" acceleration="1176"/>
    <motionState vehicle="0" speed="4280" time="4220" acceleration="2525"/>
    <motionState vehicle="1" speed="4318" time="4220" acceleration="2959"/>
    <motionState vehicle="2" speed="4400" time="4220" acceleration="3345"/>
    <motionState vehicle="3" speed="4520" time="4220" acceleration="2853"/>
    <motionState vehicle="4" speed="4582" time="4220" acceleration="1150"/>
    <motionState vehicle="0" speed="4283" time="4230" acceleration="2509"/>
    <motionState vehicle="1" speed="4321" time="4230" acceleration="2944"/>
    <motionState vehicle="2" speed="4404" time="4230" acceleration="3321"/>
    <motionState vehicle="3" speed="4523" time="4230" acceleration="2817"/>
    <motionState vehicle="4" speed="4583" time="4230" acceleration="1125"/>
    <motionState vehicle="0" speed="4285" time="4240" acceleration="2494"/>
    <motionState vehicle="1" speed="4324" time="4240" acceleration="2928"/>
    <motionState vehicle="2" speed="4407" time="4240" acceleration="3297"/>
    <motionState vehicle="3" speed="4526" time="4240" acceleration="2782"/>
    <motionState vehicle="4" speed="4584" time="4240" acceleration="1100"/>
    <motionState vehicle="0" speed="4288" time="4250" acceleration="2479"/>
    <motionState vehicle="1" speed="4327" time="4250" acceleration="2912"/>
    <motionState vehicle="2" speed="4410" time="4250" acceleration="3274"/>
    <motionState vehicle="3" speed="4529" time="4250" acceleration="2746"/>
    <motionState vehicle="4" speed="4585" time="4250" acceleration="1075"/>
    <motionState vehicle="0" speed="4290" time="4260" acceleration="2463"/>
    <motionState vehicle="1" speed="4330" time="4260" acceleration="2897"/>
    <motionState vehicle="2" speed="4414" time="4260" acceleration="3250"/>
    <motionState vehicle="3" speed="4531" time="4260" acceleration="2711"/>
    <motionState vehicle="4" speed="4586" time="4260" acceleration="1051"/>
    <motionState vehicle="0" speed="4293" time="4270" acceleration="2449"/>
    <motionState vehicle="1" speed="4332" time="4270" acceleration="2881"/>
    <motionState vehicle="2" speed="4417" time="4270" acceleration="3226"/>
    <motionState vehicle="3" speed="4534" time="4270" acceleration="2677"/>
    <motionState vehicle="4" speed="4587" time="4270" acceleration="1027"/>
    <motionState vehicle="0" speed="4295" time="4280" acceleration="2434"/>
    <motionState vehicle="1" speed="4335" time="4280" acceleration="2866"/>
    <motionState vehicle="2" speed="4420" time="4280" acceleration="3202"/>
    <motionState vehicle="3" speed="4537" time="4280" acceleration="2642"/>
    <motionState vehicle="4" speed="4588" time="4280" acceleration="1004"/>
    <motionState vehicle="0" speed="4298" time="4290" acceleration="2419"/>
    <motionState vehicle="1" speed="4338" time="4290" acceleration="2850"/>
    <motionState vehicle="2" speed="4423" time="4290" acceleration="3179"/>
    <motionState vehicle="3" speed="4539" time="4290" acceleration="2608"/>
    <motionState vehicle="4" speed="4589" time="4290" acceleration="982"/>
    <motionState vehicle="0" speed="4300" time="4300" acceleration="2405"/>
    <motionState vehicle="1" speed="4341" time="4300" acceleration="2835"/>
    <motionState vehicle="2" speed="4426" time="4300" acceleration="3155"/>
    <motionState vehicle="3" speed="4542" time="4300" acceleration="2574"/>
    <motionState vehicle="4" speed="4590" time="4300" acceleration="959"/>
    <motionState vehicle="0" speed="4303" time="4310" acceleration="2391"/>
    <motionState vehicle="1" speed="4344" time="4310" acceleration="2820"/>
    <motionState vehicle="2" speed="4430" time="4310" acceleration="3132"/>
    <motionState vehicle="3" speed="4544" time="4310" acceleration="2540"/>
    <motionState vehicle="4" speed="4591" time="4310" acceleration="937"/>
    <motionState vehicle="0" speed="4305" time="4320" acceleration="2377"/>
    <motionState vehicle="1" speed="4347" time="4320" acceleration="2805"/>
    <motionState vehicle="2" speed="4433" time="4320" acceleration="3108"/>
    <motionState vehicle="3" speed="4547" time="4320" acceleration="2507"/>
    <motionState vehicle="4" speed="4592" time="4320" acceleration="916"/>
    <motionState vehicle="0" speed="4307" time="4330" acceleration="2363"/>
    <motionState vehicle="1" speed="4349" time="4330" acceleration="2790"/>
    <motionState vehicle="2" speed="4436" time="4330" acceleration="3085"/>
    <motionState vehicle="3" speed="4549" time="4330" acceleration="2474"/>
    <motionState vehicle="4" speed="4593" time="4330" acceleration="894"/>
    <motionState vehicle="0" speed="4310" time="4340" acceleration="2349"/>
    <motionState vehicle="1" speed="4352" time="4340" acceleration="2775"/>
    <motionState vehicle="2" speed="4439" time="4340" acceleration="3062"/>
    <motionState vehicle="3" speed="4552" time="4340" acceleration="2441"/>
    <motionState vehicle="4" speed="4594" time="4340" acceleration="874"/>
    <motionState vehicle="0" speed="4312" time="4350" acceleration="2335"/>
    <motionState vehicle="1" speed="4355" time="4350" acceleration="2761"/>
    <motionState vehicle="2" speed="4442" time="4350" acceleration="3039"/>
    <motionState vehicle="3" speed="4554" time="4350" acceleration="2408"/>
    <motionState vehicle="4" speed="4595" time="4350" acceleration="853"/>
    <motionState vehicle="0" speed="4314" time="4360" acceleration="2322"/>
    <motionState vehicle="1" speed="4358" time="4360" acceleration="2746"/>
    <motionState vehicle="2" speed="4445" time="4360" acceleration="3015"/>
    <motionState vehicle="3" speed="4557" time="4360" acceleration="2376"/>
    <motionState vehicle="4" speed="4596" time="4360" acceleration="833"/>
    <motionState vehicle="0" speed="4317" time="4370" acceleration="2309"/>
    <motionState vehicle="1" speed="4360" time="4370" acceleration="2731"/>
    <motionState vehicle="2" speed="4448" time="4370" acceleration="2992"/>
    <motionState vehicle="3" speed="4559" time="4370" acceleration="2344"/>
    <motionState vehicle="4" speed="4597" time="4370" acceleration="814"/>
    <motionState vehicle="0" speed="4319" time="4380" acceleration="2295"/>
    <motionState vehicle="1" speed="4363" time="4380" acceleration="2717"/>
    <motionState vehicle="2" speed="4451" time="4380" acceleration="2969"/>
    <motionState vehicle="3" speed="4561" time="4380" acceleration="2312"/>
    <motionState vehicle="4" speed="4597" time="4380" acceleration="794"/>
    <motionState vehicle="0" speed="4321" time="4390" acceleration="2282"/>
    <motionState vehicle="1" speed="4366" time="4390" acceleration="2702"/>
    <motionState vehicle="2" speed="4454" time="4390" acceleration="2947"/>
    <motionState vehicle="3" speed="4564" time="4390" acceleration="2281"/>
    <motionState vehicle="4" speed="4598" time="4390" acceleration="775"/>
    <motionState vehicle="0" speed="4323" time="4400" acceleration="2269"/>
    <motionState vehicle="1" speed="4369" time="4400" acceleration="2688"/>
    <motionState vehicle="2" speed="4457" time="4400" acceleration="2924"/>
    <motionState vehicle="3" speed="4566" time="4400" acceleration="2249"/>
    <motionState vehicle="4" speed="4599" time="4400" acceleration="757"/>
    <motionState vehicle="0" speed="4326" time="4410" acceleration="2257"/>
    <motionState vehicle="1" speed="4371" time="4410" acceleration="2674"/>
    <motionState vehicle="2" speed="4460" time="4410" acceleration="2901"/>
    <motionState vehicle="3" speed="4568" time="4410" acceleration="2218"/>
    <motionState vehicle="4" speed="4600" time="4410" acceleration="739"/>
    <motionState vehicle="0" speed="4328" time="4420" acceleration="2244"/>
    <motionState vehicle="1" speed="4374" time="4420" acceleration="2660"/>
    <motionState vehicle="2" speed="4462" time="4420" acceleration="2878"/>
    <motionState vehicle="3" speed="4570" time="4420" acceleration="2187"/>
    <motionState vehicle="4" speed="4600" time="4420" acceleration="721"/>
    <motionState vehicle="0" speed="4330" time="4430" acceleration="2232"/>
    <motionState vehicle="1" speed="4377" time="4430" acceleration="2645"/>
    <motionState vehicle="2" speed="4465" time="4430" acceleration="2856"/>
    <motionState vehicle="3" speed="4572" time="4430" acceleration="2157"/>
    <motionState vehicle="4" speed="4601" time="4430" acceleration="703"/>
    <motionState vehicle="0" speed="4332" time="4440" acceleration="2219"/>
    <motionState vehicle="1" speed="4379" time="4440" acceleration="2631"/>
    <motionState vehicle="2" speed="4468" time="4440" acceleration="2833"/>
    <motionState vehicle="3" speed="4575" time="4440" acceleration="2127"/>
    <motionState vehicle="4" speed="4602" time="4440" acceleration="686"/>
    <motionState vehicle="0" speed="4335" time="4450" acceleration="2207"/>
    <motionState vehicle="1" speed="4382" time="4450" acceleration="2617"/>
    <motionState vehicle="2" speed="4471" time="4450" acceleration="2810"/>
    <motionState vehicle="3" speed="4577" time="4450" acceleration="2097"/>
    <motionState vehicle="4" speed="4602" time="4450" acceleration="670"/>
    <motionState vehicle="0" speed="4337" time="4460" acceleration="2195"/>
    <motionState vehicle="1" speed="4384" time="4460" acceleration="2603"/>
    <motionState vehicle="2" speed="4474" time="4460" acceleration="2788"/>
    <motionState vehicle="3" speed="4579" time="4460" acceleration="2067"/>
    <motionState vehicle="4" speed="4603" time="4460" acceleration="653"/>
    <motionState vehicle="0" speed="4339" time="4470" acceleration="2183"/>
    <motionState vehicle="1" speed="4387" time="4470" acceleration="2590"/>
    <motionState vehicle="2" speed="4476" time="4470" acceleration="2766"/>
    <motionState vehicle="3" speed="4581" time="4470" acceleration="2038"/>
    <motionState vehicle="4" speed="4604" time="4470" acceleration="637"/>
    <motionState vehicle="0" speed="4341" time="4480" acceleration="2171"/>
    <motionState vehicle="1" speed="4390" time="4480" acceleration="2576"/>
    <motionState vehicle="2" speed="4479" time="4480" acceleration="2743"/>
    <motionState vehicle="3" speed="4583" time="4480" acceleration="2009"/>
    <motionState vehicle="4" speed="4604" time="4480" acceleration="621"/>
    <motionState vehicle="0" speed="4343" time="4490" acceleration="2160"/>
    <motionState vehicle="1" speed="4392" time="4490" acceleration="2562"/>
    <motionState vehicle="2" speed="4482" time="4490" acceleration="2721"/>
    <motionState vehicle="3" speed="4585" time="4490" acceleration="1980"/>
    <motionState vehicle="4" speed="4605" time="4490" acceleration="606"/>
    <motionState vehicle="0" speed="4345" time="4500" acceleration="2148"/>
    <motionState vehicle="1" speed="4395" time="4500" acceleration="2548"/>
    <motionState vehicle="2" speed="4485" time="4500" acceleration="2699"/>
    <motionState vehicle="3" speed="4587" time="4500" acceleration="1951"/>
    <motionState vehicle="4" speed="4605" time="4500" acceleration="591"/>
    <motionState vehicle="0" speed="4348" time="4510" acceleration="2137"/>
    <motionState vehicle="1" speed="4397" time="4510" acceleration="2535"/>
    <motionState vehicle="2" speed="4487" time="4510" acceleration="2677"/>
    <motionState vehicle="3" speed="4589" time="4510" acceleration="1923"/>
    <motionState vehicle="4" speed="4606" time="4510" acceleration="576"/>
    <motionState vehicle="0" speed="4350" time="4520" acceleration="2126"/>
    <motionState vehicle="1" speed="4400" time="4520" acceleration="2521"/>
    <motionState vehicle="2" speed="4490" time="4520" acceleration="2655"/>
    <motionState vehicle="3" speed="4590" time="4520" acceleration="1894"/>
    <motionState vehicle="4" speed="4607" time="4520" acceleration="561"/>
    <motionState vehicle="0" speed="4352" time="4530" acceleration="2114"/>
    <motionState vehicle="1" speed="4402" time="4530" acceleration="2508"/>
    <motionState vehicle="2" speed="4493" time="4530" acceleration="2633"/>
    <motionState vehicle="3" speed="4592" time="4530" acceleration="1867"/>
    <motionState vehicle="4" speed="4607" time="4530" acceleration="547"/>
    <motionState vehicle="0" speed="4354" time="4540" acceleration="2103"/>
    <motionState vehicle="1" speed="4405" time="4540" acceleration="2494"/>
    <motionState vehicle="2" speed="4495" time="4540" acceleration="2611"/>
    <motionState vehicle="3" speed="4594" time="4540" acceleration="1839"/>
    <motionState vehicle="4" speed="4608" time="4540" acceleration="533"/>
    <motionState vehicle="0" speed="4356" time="4550" acceleration="2092"/>
    <motionState vehicle="1" speed="4407" time="4550" acceleration="2481"/>
    <motionState vehicle="2" speed="4498" time="4550" acceleration="2589"/>
    <motionState vehicle="3" speed="4596" time="4550" acceleration="1812"/>
    <motionState vehicle="4" speed="4608" time="4550" acceleration="519"/>
    <motionState vehicle="0" speed="4358" time="4560" acceleration="2081"/>
    <motionState vehicle="1" speed="4410" time="4560" acceleration="2468"/>
    <motionState vehicle="2" speed="4500" time="4560" acceleration="2568"/>
    <motionState vehicle="3" speed="4598" time="4560" acceleration="1784"/>
    <motionState vehicle="4" speed="4609" time="4560" acceleration="506"/>
    <motionState vehicle="0" speed="4360" time="4570" acceleration="2071"/>
    <motionState vehicle="1" speed="4412" time="4570" acceleration="2454"/>
    <motionState vehicle="2" speed="4503" time="4570" acceleration="2546"/>
    <motionState vehicle="3" speed="4600" time="4570" acceleration="1758"/>
    <motionState vehicle="4" speed="4609" time="4570" acceleration="493"/>
    <motionState vehicle="0" speed="4362" time="4580" acceleration="2060"/>
    <motionState vehicle="1" speed="4415" time="4580" acceleration="2441"/>
    <motionState vehicle="2" speed="4505" time="4580" acceleration="2525"/>
    <motionState vehicle="3" speed="4601" time="4580" acceleration="1731"/>
    <motionState vehicle="4" speed="4610" time="4580" acceleration="480"/>
    <motionState vehicle="0" speed="4364" time="4590" acceleration="2050"/>
    <motionState vehicle="1" speed="4417" time="4590" acceleration="2428"/>
    <motionState vehicle="2" speed="4508" time="4590" acceleration="2503"/>
    <motionState vehicle="3" speed="4603" time="4590" acceleration="1705"/>
    <motionState vehicle="4" speed="4610" time="4590" acceleration="468"/>
    <motionState vehicle="0" speed="4366" time="4600" acceleration="2039"/>
    <motionState vehicle="1" speed="4419" time="4600" acceleration="2415"/>
    <motionState vehicle="2" speed="4510" time="4600" acceleration="2482"/>
    <motionState vehicle="3" speed="4605" time="4600" acceleration="1679"/>
    <motionState vehicle="4" speed="4611" time="4600" acceleration="455"/>
    <motionState vehicle="0" speed="4368" time="4610" acceleration="2029"/>
    <motionState vehicle="1" speed="4422" time="4610" acceleration="2402"/>
    <motionState vehicle="2" speed="4513" time="4610" acceleration="2460"/>
    <motionState vehicle="3" speed="4606" time="4610" acceleration="1653"/>
    <motionState vehicle="4" speed="4611" time="4610" acceleration="443"/>
    <motionState vehicle="0" speed="4370" time="4620" acceleration="2019"/>
    <motionState vehicle="1" speed="4424" time="4620" acceleration="2389"/>
    <motionState vehicle="2" speed="4515" time="4620" acceleration="2439"/>
    <motionState vehicle="3" speed="4608" time="4620" acceleration="1627"/>
    <motionState vehicle="4" speed="4612" time="4620" acceleration="432"/>
    <motionState vehicle="0" speed="4372" time="4630" acceleration="2009"/>
    <motionState vehicle="1" speed="4427" time="4630" acceleration="2376"/>
    <motionState vehicle="2" speed="4518" time="4630" acceleration="2418"/>
    <motionState vehicle="3" speed="4610" time="4630" acceleration="1602"/>
    <motionState vehicle="4" speed="4612" time="4630" acceleration="420"/>
    <motionState vehicle="0" speed="4374" time="4640" acceleration="1999"/>
    <motionState vehicle="1" speed="4429" time="4640" acceleration="2363"/>
    <motionState vehicle="2" speed="4520" time="4640" acceleration="2397"/>
    <motionState vehicle="3" speed="4611" time="4640" acceleration="1577"/>
    <motionState vehicle="4" speed="4612" time="4640" acceleration="409"/>
    <motionState vehicle="0" speed="4376" time="4650" acceleration="1989"/>
    <motionState vehicle="1" speed="4431" time="4650" acceleration="2350"/>
    <motionState vehicle="2" speed="4523" time="4650" acceleration="2376"/>
    <motionState vehicle="3" speed="4613" time="4650" acceleration="1552"/>
    <motionState vehicle="4" speed="4613" time="4650" acceleration="398"/>
    <motionState vehicle="0" speed="4378" time="4660" acceleration="1979"/>
    <motionState vehicle="1" speed="4434" time="4660" acceleration="2337"/>
    <motionState vehicle="2" speed="4525" time="4660" acceleration="2355"/>
    <motionState vehicle="3" speed="4614" time="4660" acceleration="1527"/>
    <motionState vehicle="4" speed="4613" time="4660" acceleration="388"/>
    <motionState vehicle="0" speed="4380" time="4670" acceleration="1969"/>
    <motionState vehicle="1" speed="4436" time="4670" acceleration="2324"/>
    <motionState vehicle="2" speed="4527" time="4670" acceleration="2334"/>
    <motionState vehicle="3" speed="4616" time="4670" acceleration="1503"/>
    <motionState vehicle="4" speed="4613" time="4670" acceleration="377"/>
    <motionState vehicle="0" speed="4382" time="4680" acceleration="1960"/>
    <motionState vehicle="1" speed="4438" time="4680" acceleration="2312"/>
    <motionState vehicle="2" speed="4530" time="4680" acceleration="2314"/>
    <motionState vehicle="3" speed="4617" time="4680" acceleration="1479"/>
    <motionState vehicle="4" speed="4614" time="4680" acceleration="367"/>
    <motionState vehicle="0" speed="4384" time="4690" acceleration="1950"/>
    <motionState vehicle="1" speed="4441" time="4690" acceleration="2299"/>
    <motionState vehicle="2" speed="4532" time="4690" acceleration="2293"/>
    <motionState vehicle="3" speed="4619" time="4690" acceleration="1455"/>
    <motionState vehicle="4" speed="4614" time="4690" acceleration="357"/>
    <motionState vehicle="0" speed="4386" time="4700" acceleration="1941"/>
    <motionState vehicle="1" speed="4443" time="4700" acceleration="2286"/>
    <motionState vehicle="2" speed="4534" time="4700" acceleration="2272"/>
    <motionState vehicle="3" speed="4620" time="4700" acceleration="1431"/>
    <motionState vehicle="4" speed="4615" time="4700" acceleration="347"/>
    <motionState vehicle="0" speed="4388" time="4710" acceleration="1931"/>
    <motionState vehicle="1" speed="4445" time="4710" acceleration="2274"/>
    <motionState vehicle="2" speed="4536" time="4710" acceleration="2252"/>
    <motionState vehicle="3" speed="4621" time="4710" acceleration="1408"/>
    <motionState vehicle="4" speed="4615" time="4710" acceleration="338"/>
    <motionState vehicle="0" speed="4390" time="4720" acceleration="1922"/>
    <motionState vehicle="1" speed="4447" time="4720" acceleration="2261"/>
    <motionState vehicle="2" speed="4539" time="4720" acceleration="2231"/>
    <motionState vehicle="3" speed="4623" time="4720" acceleration="1385"/>
    <motionState vehicle="4" speed="4615" time="4720" acceleration="329"/>
    <motionState vehicle="0" speed="4392" time="4730" acceleration="1913"/>
    <motionState vehicle="1" speed="4450" time="4730" acceleration="2248"/>
    <motionState vehicle="2" speed="4541" time="4730" acceleration="2211"/>
    <motionState vehicle="3" speed="4624" time="4730" acceleration="1362"/>
    <motionState vehicle="4" speed="4616" time="4730" acceleration="320"/>
    <motionState vehicle="0" speed="4394" time="4740" acceleration="1904"/>
    <motionState vehicle="1" speed="4452" time="4740" acceleration="2236"/>
    <motionState vehicle="2" speed="4543" time="4740" acceleration="2191"/>
    <motionState vehicle="3" speed="4626" time="4740" acceleration="1339"/>
    <motionState vehicle="4" speed="4616" time="4740" acceleration="311"/>
    <motionState vehicle="0" speed="4396" time="4750" acceleration="1895"/>
    <motionState vehicle="1" speed="4454" time="4750" acceleration="2224"/>
    <motionState vehicle="2" speed="4545" time="4750" acceleration="2171"/>
    <motionState vehicle="3" speed="4627" time="4750" acceleration="1317"/>
    <motionState vehicle="4" speed="4616" time="4750" acceleration="303"/>
    <motionState vehicle="0" speed="4398" time="4760" acceleration="1886"/>
    <motionState vehicle="1" speed="4456" time="4760" acceleration="2211"/>
    <motionState vehicle="2" speed="4547" time="4760" acceleration="2151"/>
    <motionState vehicle="3" speed="4628" time="4760" acceleration="1295"/>
    <motionState vehicle="4" speed="4616" time="4760" acceleration="294"/>
    <motionState vehicle="0" speed="4399" time="4770" acceleration="1877"/>
    <motionState vehicle="1" speed="4458" time="4770" acceleration="2199"/>
    <motionState vehicle="2" speed="4549" time="4770" acceleration="2131"/>
    <motionState vehicle="3" speed="4629" time="4770" acceleration="1273"/>
    <motionState vehicle="4" speed="4617" time="4770" acceleration="286"/>
    <motionState vehicle="0" speed="4401" time="4780" acceleration="1868"/>
    <motionState vehicle="1" speed="4461" time="4780" acceleration="2186"/>
    <motionState vehicle="2" speed="4552" time="4780" acceleration="2111"/>
    <motionState vehicle="3" speed="4631" time="4780" acceleration="1251"/>
    <motionState vehicle="4" speed="4617" time="4780" acceleration="278"/>
    <motionState vehicle="0" speed="4403" time="4790" acceleration="1859"/>
    <motionState vehicle="1" speed="4463" time="4790" acceleration="2174"/>
    <motionState vehicle="2" speed="4554" time="4790" acceleration="2091"/>
    <motionState vehicle="3" speed="4632" time="4790" acceleration="1230"/>
    <motionState vehicle="4" speed="4617" time="4790" acceleration="271"/>
    <motionState vehicle="0" speed="4405" time="4800" acceleration="1851"/>
    <motionState vehicle="1" speed="4465" time="4800" acceleration="2162"/>
    <motionState vehicle="2" speed="4556" time="4800" acceleration="2071"/>
    <motionState vehicle="3" speed="4633" time="4800" acceleration="1209"/>
    <motionState vehicle="4" speed="4618" time="4800" acceleration="263"/>
    <motionState vehicle="0" speed="4407" time="4810" acceleration="1842"/>
    <motionState vehicle="1" speed="4467" time="4810" acceleration="2150"/>
    <motionState vehicle="2" speed="4558" time="4810" acceleration="2052"/>
    <motionState vehicle="3" speed="4634" time="4810" acceleration="1188"/>
    <motionState vehicle="4" speed="4618" time="4810" acceleration="256"/>
    <motionState vehicle="0" speed="4409" time="4820" acceleration="1834"/>
    <motionState vehicle="1" speed="4469" time="4820" acceleration="2137"/>
    <motionState vehicle="2" speed="4560" time="4820" acceleration="2032"/>
    <motionState vehicle="3" speed="4635" time="4820" acceleration="1167"/>
    <motionState vehicle="4" speed="4618" time="4820" acceleration="249"/>
    <motionState vehicle="0" speed="4411" time="4830" acceleration="1825"/>
    <motionState vehicle="1" speed="4471" time="4830" acceleration="2125"/>
    <motionState vehicle="2" speed="4562" time="4830" acceleration="2013"/>
    <motionState vehicle="3" speed="4637" time="4830" acceleration="1146"/>
    <motionState vehicle="4" speed="4618" time="4830" acceleration="242"/>
    <motionState vehicle="0" speed="4412" time="4840" acceleration="1817"/>
    <motionState vehicle="1" speed="4474" time="4840" acceleration="2113"/>
    <motionState vehicle="2" speed="4564" time="4840" acceleration="1993"/>
    <motionState vehicle="3" speed="4638" time="4840" acceleration="1126"/>
    <motionState vehicle="4" speed="4619" time="4840" acceleration="235"/>
    <motionState vehicle="0" speed="4414" time="4850" acceleration="1809"/>
    <motionState vehicle="1" speed="4476" time="4850" acceleration="2101"/>
    <motionState vehicle="2" speed="4566" time="4850" acceleration="1974"/>
    <motionState vehicle="3" speed="4639" time="4850" acceleration="1106"/>
    <motionState vehicle="4" speed="4619" time="4850" acceleration="229"/>
    <motionState vehicle="0" speed="4416" time="4860" acceleration="1801"/>
    <motionState vehicle="1" speed="4478" time="4860" acceleration="2089"/>
    <motionState vehicle="2" speed="4568" time="4860" acceleration="1955"/>
    <motionState vehicle="3" speed="4640" time="4860" acceleration="1086"/>
    <motionState vehicle="4" speed="4619" time="4860" acceleration="222"/>
    <motionState vehicle="0" speed="4418" time="4870" acceleration="1792"/>
    <motionState vehicle="1" speed="4480" time="4870" acceleration="2077"/>
    <motionState vehicle="2" speed="4570" time="4870" acceleration="1936"/>
    <motionState vehicle="3" speed="4641" time="4870" acceleration="1066"/>
    <motionState vehicle="4" speed="4619" time="4870" acceleration="216"/>
    <motionState vehicle="0" speed="4420" time="4880" acceleration="1784"/>
    <motionState vehicle="1" speed="4482" time="4880" acceleration="2065"/>
    <motionState vehicle="2" speed="4572" time="4880" acceleration="1917"/>
    <motionState vehicle="3" speed="4642" time="4880" acceleration="1047"/>
    <motionState vehicle="4" speed="4619" time="4880" acceleration="210"/>
    <motionState vehicle="0" speed="4421" time="4890" acceleration="1776"/>
    <motionState vehicle="1" speed="4484" time="4890" acceleration="2053"/>
    <motionState vehicle="2" speed="4573" time="4890" acceleration="1898"/>
    <motionState vehicle="3" speed="4643" time="4890" acceleration="1028"/>
    <motionState vehicle="4" speed="4620" time="4890" acceleration="205"/>
    <motionState vehicle="0" speed="4423" time="4900" acceleration="1768"/>
    <motionState vehicle="1" speed="4486" time="4900" acceleration="2041"/>
    <motionState vehicle="2" speed="4575" time="4900" acceleration="1879"/>
    <motionState vehicle="3" speed="4644" time="4900" acceleration="1009"/>
    <motionState vehicle="4" speed="4620" time="4900" acceleration="199"/>
    <motionState vehicle="0" speed="4425" time="4910" acceleration="1761"/>
    <motionState vehicle="1" speed="4488" time="4910" acceleration="2029"/>
    <motionState vehicle="2" speed="4577" time="4910" acceleration="1860"/>
    <motionState vehicle="3" speed="4645" time="4910" acceleration="990"/>
    <motionState vehicle="4" speed="4620" time="4910" acceleration="193"/>
    <motionState vehicle="0" speed="4427" time="4920" acceleration="1753"/>
    <motionState vehicle="1" speed="4490" time="4920" acceleration="2017"/>
    <motionState vehicle="2" speed="4579" time="4920" acceleration="1842"/>
    <motionState vehicle="3" speed="4646" time="4920" acceleration="972"/>
    <motionState vehicle="4" speed="4620" time="4920" acceleration="188"/>
    <motionState vehicle="0" speed="4428" time="4930" acceleration="1745"/>
    <motionState vehicle="1" speed="4492" time="4930" acceleration="2005"/>
    <motionState vehicle="2" speed="4581" time="4930" acceleration="1823"/>
    <motionState vehicle="3" speed="4647" time="4930" acceleration="953"/>
    <motionState vehicle="4" speed="4620" time="4930" acceleration="183"/>
    <motionState vehicle="0" speed="4430" time="4940" acceleration="1737"/>
    <motionState vehicle="1" speed="4494" time="4940" acceleration="1994"/>
    <motionState vehicle="2" speed="4583" time="4940" acceleration="1805"/>
    <motionState vehicle="3" speed="4648" time="4940" acceleration="935"/>
    <motionState vehicle="4" speed="4621" time="4940" acceleration="178"/>
    <motionState vehicle="0" speed="4432" time="4950" acceleration="1730"/>
    <motionState vehicle="1" speed="4496" time="4950" acceleration="1982"/>
    <motionState vehicle="2" speed="4584" time="4950" acceleration="1786"/>
    <motionState vehicle="3" speed="4649" time="4950" acceleration="917"/>
    <motionState vehicle="4" speed="4621" time="4950" acceleration="173"/>
    <motionState vehicle="0" speed="4434" time="4960" acceleration="1722"/>
    <motionState vehicle="1" speed="4498" time="4960" acceleration="1970"/>
    <motionState vehicle="2" speed="4586" time="4960" acceleration="1768"/>
    <motionState vehicle="3" speed="4650" time="4960" acceleration="900"/>
    <motionState vehicle="4" speed="4621" time="4960" acceleration="169"/>
    <motionState vehicle="0" speed="4435" time="4970" acceleration="1714"/>
    <motionState vehicle="1" speed="4500" time="4970" acceleration="1958"/>
    <motionState vehicle="2" speed="4588" time="4970" acceleration="1750"/>
    <motionState vehicle="3" speed="4651" time="4970" acceleration="882"/>
    <motionState vehicle="4" speed="4621" time="4970" acceleration="164"/>
    <motionState vehicle="0" speed="4437" time="4980" acceleration="1707"/>
    <motionState vehicle="1" speed="4502" time="4980" acceleration="1947"/>
    <motionState vehicle="2" speed="4590" time="4980" acceleration="1732"/>
    <motionState vehicle="3" speed="4652" time="4980" acceleration="865"/>
    <motionState vehicle="4" speed="4621" time="4980" acceleration="160"/>
    <motionState vehicle="0" speed="4439" time="4990" acceleration="1700"/>
    <motionState vehicle="1" speed="4504" time="4990" acceleration="1935"/>
    <motionState vehicle="2" speed="4591" time="4990" acceleration="1714"/>
    <motionState vehicle="3" speed="4652" time="4990" acceleration="848"/>
    <motionState vehicle="4" speed="4621" time="4990" acceleration="156"/>
    <motionState vehicle="0" speed="4440" time="5000" acceleration="1692"/>
    <motionState vehicle="1" speed="4506" time="5000" acceleration="1923"/>
    <motionState vehicle="2" speed="4593" time="5000" acceleration="1696"/>
    <motionState vehicle="3" speed="4653" time="5000" acceleration="831"/>
    <motionState vehicle="4" speed="4622" time="5000" acceleration="152"/>
    <motionState vehicle="0" speed="4442" time="5010" acceleration="1685"/>
    <motionState vehicle="1" speed="4508" time="5010" acceleration="1912"/>
    <motionState vehicle="2" speed="4595" time="5010" acceleration="1678"/>
    <motionState vehicle="3" speed="4654" time="5010" acceleration="815"/>
    <motionState vehicle="4" speed="4622" time="5010" acceleration="148"/>
    <motionState vehicle="0" speed="4444" time="5020" acceleration="1678"/>
    <motionState vehicle="1" speed="4510" time="5020" acceleration="1900"/>
    <motionState vehicle="2" speed="4596" time="5020" acceleration="1660"/>
    <motionState vehicle="3" speed="4655" time="5020" acceleration="798"/>
    <motionState vehicle="4" speed="4622" time="5020" acceleration="144"/>
    <motionState vehicle="0" speed="4445" time="5030" acceleration="1670"/>
    <motionState vehicle="1" speed="4511" time="5030" acceleration="1889"/>
    <motionState vehicle="2" speed="4598" time="5030" acceleration="1642"/>
    <motionState vehicle="3" speed="4656" time="5030" acceleration="782"/>
    <motionState vehicle="4" speed="4622" time="5030" acceleration="141"/>
    <motionState vehicle="0" speed="4447" time="5040" acceleration="1663"/>
    <motionState vehicle="1" speed="4513" time="5040" acceleration="1877"/>
    <motionState vehicle="2" speed="4600" time="5040" acceleration="1625"/>
    <motionState vehicle="3" speed="4656" time="5040" acceleration="766"/>
    <motionState vehicle="4" speed="4622" time="5040" acceleration="137"/>
    <motionState vehicle="0" speed="4449" time="5050" acceleration="1656"/>
    <motionState vehicle="1" speed="4515" time="5050" acceleration="1866"/>
    <motionState vehicle="2" speed="4601" time="5050" acceleration="1608"/>
    <motionState vehicle="3" speed="4657" time="5050" acceleration="750"/>
    <motionState vehicle="4" speed="4622" time="5050" acceleration="134"/>
    <motionState vehicle="0" speed="4450" time="5060" acceleration="1649"/>
    <motionState vehicle="1" speed="4517" time="5060" acceleration="1854"/>
    <motionState vehicle="2" speed="4603" time="5060" acceleration="1590"/>
    <motionState vehicle="3" speed="4658" time="5060" acceleration="735"/>
    <motionState vehicle="4" speed="4622" time="5060" acceleration="131"/>
    <motionState vehicle="0" speed="4452" time="5070" acceleration="1642"/>
    <motionState vehicle="1" speed="4519" time="5070" acceleration="1843"/>
    <motionState vehicle="2" speed="4605" time="5070" acceleration="1573"/>
    <motionState vehicle="3" speed="4659" time="5070" acceleration="719"/>
    <motionState vehicle="4" speed="4623" time="5070" acceleration="128"/>
    <motionState vehicle="0" speed="4454" time="5080" acceleration="1635"/>
    <motionState vehicle="1" speed="4521" time="5080" acceleration="1831"/>
    <motionState vehicle="2" speed="4606" time="5080" acceleration="1556"/>
    <motionState vehicle="3" speed="4659" time="5080" acceleration="704"/>
    <motionState vehicle="4" speed="4623" time="5080" acceleration="125"/>
    <motionState vehicle="0" speed="4455" time="5090" acceleration="1628"/>
    <motionState vehicle="1" speed="4522" time="5090" acceleration="1820"/>
    <motionState vehicle="2" speed="4608" time="5090" acceleration="1539"/>
    <motionState vehicle="3" speed="4660" time="5090" acceleration="689"/>
    <motionState vehicle="4" speed="4623" time="5090" acceleration="122"/>
    <motionState vehicle="0" speed="4457" time="5100" acceleration="1621"/>
    <motionState vehicle="1" speed="4524" time="5100" acceleration="1809"/>
    <motionState vehicle="2" speed="4609" time="5100" acceleration="1522"/>
    <motionState vehicle="3" speed="4661" time="5100" acceleration="674"/>
    <motionState vehicle="4" speed="4623" time="5100" acceleration="120"/>
    <motionState vehicle="0" speed="4459" time="5110" acceleration="1614"/>
    <motionState vehicle="1" speed="4526" time="5110" acceleration="1797"/>
    <motionState vehicle="2" speed="4611" time="5110" acceleration="1505"/>
    <motionState vehicle="3" speed="4661" time="5110" acceleration="660"/>
    <motionState vehicle="4" speed="4623" time="5110" acceleration="117"/>
    <motionState vehicle="0" speed="4460" time="5120" acceleration="1607"/>
    <motionState vehicle="1" speed="4528" time="5120" acceleration="1786"/>
    <motionState vehicle="2" speed="4612" time="5120" acceleration="1488"/>
    <motionState vehicle="3" speed="4662" time="5120" acceleration="645"/>
    <motionState vehicle="4" speed="4623" time="5120" acceleration="115"/>
    <motionState vehicle="0" speed="4462" time="5130" acceleration="1600"/>
    <motionState vehicle="1" speed="4530" time="5130" acceleration="1775"/>
    <motionState vehicle="2" speed="4614" time="5130" acceleration="1471"/>
    <motionState vehicle="3" speed="4663" time="5130" acceleration="631"/>
    <motionState vehicle="4" speed="4623" time="5130" acceleration="112"/>
    <motionState vehicle="0" speed="4463" time="5140" acceleration="1593"/>
    <motionState vehicle="1" speed="4531" time="5140" acceleration="1763"/>
    <motionState vehicle="2" speed="4615" time="5140" acceleration="1455"/>
    <motionState vehicle="3" speed="4663" time="5140" acceleration="617"/>
    <motionState vehicle="4" speed="4623" time="5140" acceleration="110"/>
    <motionState vehicle="0" speed="4465" time="5150" acceleration="1587"/>
    <motionState vehicle="1" speed="4533" time="5150" acceleration="1752"/>
    <motionState vehicle="2" speed="4616" time="5150" acceleration="1438"/>
    <motionState vehicle="3" speed="4664" time="5150" acceleration="603"/>
    <motionState vehicle="4" speed="4623" time="5150" acceleration="108"/>
    <motionState vehicle="0" speed="4466" time="5160" acceleration="1580"/>
    <motionState vehicle="1" speed="4535" time="5160" acceleration="1741"/>
    <motionState vehicle="2" speed="4618" time="5160" acceleration="1422"/>
    <motionState vehicle="3" speed="4664" time="5160" acceleration="589"/>
    <motionState vehicle="4" speed="4624" time="5160" acceleration="106"/>
    <motionState vehicle="0" speed="4468" time="5170" acceleration="1573"/>
    <motionState vehicle="1" speed="4537" time="5170" acceleration="1730"/>
    <motionState vehicle="2" speed="4619" time="5170" acceleration="1406"/>
    <motionState vehicle="3" speed="4665" time="5170" acceleration="576"/>
    <motionState vehicle="4" speed="4624" time="5170" acceleration="104"/>
    <motionState vehicle="0" speed="4470" time="5180" acceleration="1567"/>
    <motionState vehicle="1" speed="4538" time="5180" acceleration="1719"/>
    <motionState vehicle="2" speed="4621" time="5180" acceleration="1390"/>
    <motionState vehicle="3" speed="4665" time="5180" acceleration="563"/>
    <motionState vehicle="4" speed="4624" time="5180" acceleration="103"/>
    <motionState vehicle="0" speed="4471" time="5190" acceleration="1560"/>
    <motionState vehicle="1" speed="4540" time="5190" acceleration="1707"/>
    <motionState vehicle="2" speed="4622" time="5190" acceleration="1374"/>
    <motionState vehicle="3" speed="4666" time="5190" acceleration="550"/>
    <motionState vehicle="4" speed="4624" time="5190" acceleration="101"/>
    <motionState vehicle="0" speed="4473" time="5200" acceleration="1553"/>
    <motionState vehicle="1" speed="4542" time="5200" acceleration="1696"/>
    <motionState vehicle="2" speed="4623" time="5200" acceleration="1358"/>
    <motionState vehicle="3" speed="4667" time="5200" acceleration="537"/>
    <motionState vehicle="4" speed="4624" time="5200" acceleration="99"/>
    <motionState vehicle="0" speed="4474" time="5210" acceleration="1547"/>
    <motionState vehicle="1" speed="4543" time="5210" acceleration="1685"/>
    <motionState vehicle="2" speed="4625" time="5210" acceleration="1342"/>
    <motionState vehicle="3" speed="4667" time="5210" acceleration="524"/>
    <motionState vehicle="4" speed="4624" time="5210" acceleration="98"/>
    <motionState vehicle="0" speed="4476" time="5220" acceleration="1540"/>
    <motionState vehicle="1" speed="4545" time="5220" acceleration="1674"/>
    <motionState vehicle="2" speed="4626" time="5220" acceleration="1326"/>
    <motionState vehicle="3" speed="4668" time="5220" acceleration="511"/>
    <motionState vehicle="4" speed="4624" time="5220" acceleration="97"/>
    <motionState vehicle="0" speed="4477" time="5230" acceleration="1534"/>
    <motionState vehicle="1" speed="4547" time="5230" acceleration="1663"/>
    <motionState vehicle="2" speed="4627" time="5230" acceleration="1310"/>
    <motionState vehicle="3" speed="4668" time="5230" acceleration="499"/>
    <motionState vehicle="4" speed="4624" time="5230" acceleration="95"/>
    <motionState vehicle="0" speed="4479" time="5240" acceleration="1527"/>
    <motionState vehicle="1" speed="4548" time="5240" acceleration="1652"/>
    <motionState vehicle="2" speed="4629" time="5240" acceleration="1295"/>
    <motionState vehicle="3" speed="4669" time="5240" acceleration="487"/>
    <motionState vehicle="4" speed="4624" time="5240" acceleration="94"/>
    <motionState vehicle="0" speed="4480" time="5250" acceleration="1521"/>
    <motionState vehicle="1" speed="4550" time="5250" acceleration="1641"/>
    <motionState vehicle="2" speed="4630" time="5250" acceleration="1279"/>
    <motionState vehicle="3" speed="4669" time="5250" acceleration="475"/>
    <motionState vehicle="4" speed="4624" time="5250" acceleration="93"/>
    <motionState vehicle="0" speed="4482" time="5260" acceleration="1515"/>
    <motionState vehicle="1" speed="4552" time="5260" acceleration="1630"/>
    <motionState vehicle="2" speed="4631" time="5260" acceleration="1264"/>
    <motionState vehicle="3" speed="4670" time="5260" acceleration="463"/>
    <motionState vehicle="4" speed="4625" time="5260" acceleration="92"/>
    <motionState vehicle="0" speed="4483" time="5270" acceleration="1508"/>
    <motionState vehicle="1" speed="4553" time="5270" acceleration="1619"/>
    <motionState vehicle="2" speed="4632" time="5270" acceleration="1248"/>
    <motionState vehicle="3" speed="4670" time="5270" acceleration="451"/>
    <motionState vehicle="4" speed="4625" time="5270" acceleration="91"/>
    <motionState vehicle="0" speed="4485" time="5280" acceleration="1502"/>
    <motionState vehicle="1" speed="4555" time="5280" acceleration="1608"/>
    <motionState vehicle="2" speed="4634" time="5280" acceleration="1233"/>
    <motionState vehicle="3" speed="4670" time="5280" acceleration="440"/>
    <motionState vehicle="4" speed="4625" time="5280" acceleration="91"/>
    <motionState vehicle="0" speed="4486" time="5290" acceleration="1496"/>
    <motionState vehicle="1" speed="4557" time="5290" acceleration="1598"/>
    <motionState vehicle="2" speed="4635" time="5290" acceleration="1218"/>
    <motionState vehicle="3" speed="4671" time="5290" acceleration="428"/>
    <motionState vehicle="4" speed="4625" time="5290" acceleration="90"/>
    <motionState vehicle="0" speed="4488" time="5300" acceleration="1489"/>
    <motionState vehicle="1" speed="4558" time="5300" acceleration="1587"/>
    <motionState vehicle="2" speed="4636" time="5300" acceleration="1203"/>
    <motionState vehicle="3" speed="4671" time="5300" acceleration="417"/>
    <motionState vehicle="4" speed="4625" time="5300" acceleration="89"/>
    <motionState vehicle="0" speed="4489" time="5310" acceleration="1483"/>
    <motionState vehicle="1" speed="4560" time="5310" acceleration="1576"/>
    <motionState vehicle="2" speed="4637" time="5310" acceleration="1188"/>
    <motionState vehicle="3" speed="4672" time="5310" acceleration="406"/>
    <motionState vehicle="4" speed="4625" time="5310" acceleration="89"/>
    <motionState vehicle="0" speed="4491" time="5320" acceleration="1477"/>
    <motionState vehicle="1" speed="4561" time="5320" acceleration="1565"/>
    <motionState vehicle="2" speed="4639" time="5320" acceleration="1174"/>
    <motionState vehicle="3" speed="4672" time="5320" acceleration="396"/>
    <motionState vehicle="4" speed="4625" time="5320" acceleration="88"/>
    <motionState vehicle="0" speed="4492" time="5330" acceleration="1471"/>
    <motionState vehicle="1" speed="4563" time="5330" acceleration="1554"/>
    <motionState vehicle="2" speed="4640" time="5330" acceleration="1159"/>
    <motionState vehicle="3" speed="4672" time="5330" acceleration="385"/>
    <motionState vehicle="4" speed="4625" time="5330" acceleration="88"/>
    <motionState vehicle="0" speed="4494" time="5340" acceleration="1464"/>
    <motionState vehicle="1" speed="4564" time="5340" acceleration="1544"/>
    <motionState vehicle="2" speed="4641" time="5340" acceleration="1144"/>
    <motionState vehicle="3" speed="4673" time="5340" acceleration="374"/>
    <motionState vehicle="4" speed="4625" time="5340" acceleration="88"/>
    <motionState vehicle="0" speed="4495" time="5350" acceleration="1458"/>
    <motionState vehicle="1" speed="4566" time="5350" acceleration="1533"/>
    <motionState vehicle="2" speed="4642" time="5350" acceleration="1130"/>
    <motionState vehicle="3" speed="4673" time="5350" acceleration="364"/>
    <motionState vehicle="4" speed="4625" time="5350" acceleration="87"/>
    <motionState vehicle="0" speed="4497" time="5360" acceleration="1452"/>
    <motionState vehicle="1" speed="4567" time="5360" acceleration="1522"/>
    <motionState vehicle="2" speed="4643" time="5360" acceleration="1115"/>
    <motionState vehicle="3" speed="4674" time="5360" acceleration="354"/>
    <motionState vehicle="4" speed="4625" time="5360" acceleration="87"/>
    <motionState vehicle="0" speed="4498" time="5370" acceleration="1446"/>
    <motionState vehicle="1" speed="4569" time="5370" acceleration="1512"/>
    <motionState vehicle="2" speed="4644" time="5370" acceleration="1101"/>
    <motionState vehicle="3" speed="4674" time="5370" acceleration="344"/>
    <motionState vehicle="4" speed="4625" time="5370" acceleration="87"/>
    <motionState vehicle="0" speed="4500" time="5380" acceleration="1440"/>
    <motionState vehicle="1" speed="4570" time="5380" acceleration="1501"/>
    <motionState vehicle="2" speed="4645" time="5380" acceleration="1087"/>
    <motionState vehicle="3" speed="4674" time="5380" acceleration="334"/>
    <motionState vehicle="4" speed="4626" time="5380" acceleration="87"/>
    <motionState vehicle="0" speed="4501" time="5390" acceleration="1434"/>
    <motionState vehicle="1" speed="4572" time="5390" acceleration="1490"/>
    <motionState vehicle="2" speed="4646" time="5390" acceleration="1073"/>
    <motionState vehicle="3" speed="4675" time="5390" acceleration="324"/>
    <motionState vehicle="4" speed="4626" time="5390" acceleration="87"/>
    <motionState vehicle="0" speed="4502" time="5400" acceleration="1428"/>
    <motionState vehicle="1" speed="4573" time="5400" acceleration="1480"/>
    <motionState vehicle="2" speed="4647" time="5400" acceleration="1059"/>
    <motionState vehicle="3" speed="4675" time="5400" acceleration="315"/>
    <motionState vehicle="4" speed="4626" time="5400" acceleration="87"/>
    <motionState vehicle="0" speed="4504" time="5410" acceleration="1422"/>
    <motionState vehicle="1" speed="4575" time="5410" acceleration="1469"/>
    <motionState vehicle="2" speed="4648" time="5410" acceleration="1045"/>
    <motionState vehicle="3" speed="4675" time="5410" acceleration="305"/>
    <motionState vehicle="4" speed="4626" time="5410" acceleration="87"/>
    <motionState vehicle="0" speed="4505" time="5420" acceleration="1416"/>
    <motionState vehicle="1" speed="4576" time="5420" acceleration="1459"/>
    <motionState vehicle="2" speed="4649" time="5420" acceleration="1031"/>
    <motionState vehicle="3" speed="4675" time="5420" acceleration="296"/>
    <motionState vehicle="4" speed="4626" time="5420" acceleration="88"/>
    <motionState vehicle="0" speed="4507" time="5430" acceleration="1410"/>
    <motionState vehicle="1" speed="4578" time="5430" acceleration="1448"/>
    <motionState vehicle="2" speed="4650" time="5430" acceleration="1017"/>
    <motionState vehicle="3" speed="4676" time="5430" acceleration="287"/>
    <motionState vehicle="4" speed="4626" time="5430" acceleration="88"/>
    <motionState vehicle="0" speed="4508" time="5440" acceleration="1404"/>
    <motionState vehicle="1" speed="4579" time="5440" acceleration="1438"/>
    <motionState vehicle="2" speed="4651" time="5440" acceleration="1004"/>
    <motionState vehicle="3" speed="4676" time="5440" acceleration="278"/>
    <motionState vehicle="4" speed="4626" time="5440" acceleration="88"/>
    <motionState vehicle="0" speed="4510" time="5450" acceleration="1398"/>
    <motionState vehicle="1" speed="4581" time="5450" acceleration="1427"/>
    <motionState vehicle="2" speed="4652" time="5450" acceleration="990"/>
    <motionState vehicle="3" speed="4676" time="5450" acceleration="269"/>
    <motionState vehicle="4" speed="4626" time="5450" acceleration="89"/>
    <motionState vehicle="0" speed="4511" time="5460" acceleration="1392"/>
    <motionState vehicle="1" speed="4582" time="5460" acceleration="1417"/>
    <motionState vehicle="2" speed="4653" time="5460" acceleration="977"/>
    <motionState vehicle="3" speed="4677" time="5460" acceleration="261"/>
    <motionState vehicle="4" speed="4626" time="5460" acceleration="89"/>
    <motionState vehicle="0" speed="4512" time="5470" acceleration="1386"/>
    <motionState vehicle="1" speed="4583" time="5470" acceleration="1406"/>
    <motionState vehicle="2" speed="4654" time="5470" acceleration="964"/>
    <motionState vehicle="3" speed="4677" time="5470" acceleration="252"/>
    <motionState vehicle="4" speed="4626" time="5470" acceleration="90"/>
    <motionState vehicle="0" speed="4514" time="5480" acceleration="1380"/>
    <motionState vehicle="1" speed="4585" time="5480" acceleration="1396"/>
    <motionState vehicle="2" speed="4655" time="5480" acceleration="950"/>
    <motionState vehicle="3" speed="4677" time="5480" acceleration="244"/>
    <motionState vehicle="4" speed="4626" time="5480" acceleration="90"/>
    <motionState vehicle="0" speed="4515" time="5490" acceleration="1374"/>
    <motionState vehicle="1" speed="4586" time="5490" acceleration="1386"/>
    <motionState vehicle="2" speed="4656" time="5490" acceleration="937"/>
    <motionState vehicle="3" speed="4677" time="5490" acceleration="236"/>
    <motionState vehicle="4" speed="4627" time="5490" acceleration="91"/>
    <motionState vehicle="0" speed="4516" time="5500" acceleration="1368"/>
    <motionState vehicle="1" speed="4588" time="5500" acceleration="1375"/>
    <motionState vehicle="2" speed="4657" time="5500" acceleration="924"/>
    <motionState vehicle="3" speed="4678" time="5500" acceleration="227"/>
    <motionState vehicle="4" speed="4627" time="5500" acceleration="92"/>
    <motionState vehicle="0" speed="4518" time="5510" acceleration="1362"/>
    <motionState vehicle="1" speed="4589" time="5510" acceleration="1365"/>
    <motionState vehicle="2" speed="4658" time="5510" acceleration="912"/>
    <motionState vehicle="3" speed="4678" time="5510" acceleration="220"/>
    <motionState vehicle="4" speed="4627" time="5510" acceleration="93"/>
    <motionState vehicle="0" speed="4519" time="5520" acceleration="1356"/>
    <motionState vehicle="1" speed="4590" time="5520" acceleration="1355"/>
    <motionState vehicle="2" speed="4659" time="5520" acceleration="899"/>
    <motionState vehicle="3" speed="4678" time="5520" acceleration="212"/>
    <motionState vehicle="4" speed="4627" time="5520" acceleration="93"/>
    <motionState vehicle="0" speed="4520" time="5530" acceleration="1350"/>
    <motionState vehicle="1" speed="4592" time="5530" acceleration="1345"/>
    <motionState vehicle="2" speed="4660" time="5530" acceleration="886"/>
    <motionState vehicle="3" speed="4678" time="5530" acceleration="204"/>
    <motionState vehicle="4" speed="4627" time="5530" acceleration="94"/>
    <motionState vehicle="0" speed="4522" time="5540" acceleration="1344"/>
    <motionState vehicle="1" speed="4593" time="5540" acceleration="1335"/>
    <motionState vehicle="2" speed="4661" time="5540" acceleration="873"/>
    <motionState vehicle="3" speed="4678" time="5540" acceleration="197"/>
    <motionState vehicle="4" speed="4627" time="5540" acceleration="95"/>
    <motionState vehicle="0" speed="4523" time="5550" acceleration="1339"/>
    <motionState vehicle="1" speed="4594" time="5550" acceleration="1324"/>
    <motionState vehicle="2" speed="4662" time="5550" acceleration="861"/>
    <motionState vehicle="3" speed="4679" time="5550" acceleration="189"/>
    <motionState vehicle="4" speed="4627" time="5550" acceleration="96"/>
    <motionState vehicle="0" speed="4524" time="5560" acceleration="1333"/>
    <motionState vehicle="1" speed="4596" time="5560" acceleration="1314"/>
    <motionState vehicle="2" speed="4662" time="5560" acceleration="849"/>
    <motionState vehicle="3" speed="4679" time="5560" acceleration="182"/>
    <motionState vehicle="4" speed="4627" time="5560" acceleration="97"/>
    <motionState vehicle="0" speed="4526" time="5570" acceleration="1327"/>
    <motionState vehicle="1" speed="4597" time="5570" acceleration="1304"/>
    <motionState vehicle="2" speed="4663" time="5570" acceleration="836"/>
    <motionState vehicle="3" speed="4679" time="5570" acceleration="175"/>
    <motionState vehicle="4" speed="4627" time="5570" acceleration="98"/>
    <motionState vehicle="0" speed="4527" time="5580" acceleration="1321"/>
    <motionState vehicle="1" speed="4598" time="5580" acceleration="1294"/>
    <motionState vehicle="2" speed="4664" time="5580" acceleration="824"/>
    <motionState vehicle="3" speed="4679" time="5580" acceleration="168"/>
    <motionState vehicle="4" speed="4627" time="5580" acceleration="99"/>
    <motionState vehicle="0" speed="4528" time="5590" acceleration="1315"/>
    <motionState vehicle="1" speed="4600" time="5590" acceleration="1284"/>
    <motionState vehicle="2" speed="4665" time="5590" acceleration="812"/>
    <motionState vehicle="3" speed="4679" time="5590" acceleration="161"/>
    <motionState vehicle="4" speed="4628" time="5590" acceleration="100"/>
    <motionState vehicle="0" speed="4530" time="5600" acceleration="1310"/>
    <motionState vehicle="1" speed="4601" time="5600" acceleration="1274"/>
    <motionState vehicle="2" speed="4666" time="5600" acceleration="800"/>
    <motionState vehicle="3" speed="4679" time="5600" acceleration="154"/>
    <motionState vehicle="4" speed="4628" time="5600" acceleration="101"/>
    <motionState vehicle="0" speed="4531" time="5610" acceleration="1304"/>
    <motionState vehicle="1" speed="4602" time="5610" acceleration="1264"/>
    <motionState vehicle="2" speed="4667" time="5610" acceleration="788"/>
    <motionState vehicle="3" speed="4680" time="5610" acceleration="148"/>
    <motionState vehicle="4" speed="4628" time="5610" acceleration="102"/>
    <motionState vehicle="0" speed="4532" time="5620" acceleration="1298"/>
    <motionState vehicle="1" speed="4603" time="5620" acceleration="1254"/>
    <motionState vehicle="2" speed="4667" time="5620" acceleration="776"/>
    <motionState vehicle="3" speed="4680" time="5620" acceleration="141"/>
    <motionState vehicle="4" speed="4628" time="5620" acceleration="104"/>
    <motionState vehicle="0" speed="4534" time="5630" acceleration="1292"/>
    <motionState vehicle="1" speed="4605" time="5630" acceleration="1244"/>
    <motionState vehicle="2" speed="4668" time="5630" acceleration="765"/>
    <motionState vehicle="3" speed="4680" time="5630" acceleration="135"/>
    <motionState vehicle="4" speed="4628" time="5630" acceleration="105"/>
    <motionState vehicle="0" speed="4535" time="5640" acceleration="1287"/>
    <motionState vehicle="1" speed="4606" time="5640" acceleration="1234"/>
    <motionState vehicle="2" speed="4669" time="5640" acceleration="753"/>
    <motionState vehicle="3" speed="4680" time="5640" acceleration="129"/>
    <motionState vehicle="4" speed="4628" time="5640" acceleration="106"/>
    <motionState vehicle="0" speed="4536" time="5650" acceleration="1281"/>
    <motionState vehicle="1" speed="4607" time="5650" acceleration="1224"/>
    <motionState vehicle="2" speed="4670" time="5650" acceleration="741"/>
    <motionState vehicle="3" speed="4680" time="5650" acceleration="123"/>
    <motionState vehicle="4" speed="4628" time="5650" acceleration="107"/>
    <motionState vehicle="0" speed="4537" time="5660" acceleration="1275"/>
    <motionState vehicle="1" speed="4608" time="5660" acceleration="1215"/>
    <motionState vehicle="2" speed="4670" time="5660" acceleration="730"/>
    <motionState vehicle="3" speed="4680" time="5660" acceleration="117"/>
    <motionState vehicle="4" speed="4628" time="5660" acceleration="109"/>
    <motionState vehicle="0" speed="4539" time="5670" acceleration="1269"/>
    <motionState vehicle="1" speed="4609" time="5670" acceleration="1205"/>
    <motionState vehicle="2" speed="4671" time="5670" acceleration="719"/>
    <motionState vehicle="3" speed="4680" time="5670" acceleration="111"/>
    <motionState vehicle="4" speed="4628" time="5670" acceleration="110"/>
    <motionState vehicle="0" speed="4540" time="5680" acceleration="1264"/>
    <motionState vehicle="1" speed="4611" time="5680" acceleration="1195"/>
    <motionState vehicle="2" speed="4672" time="5680" acceleration="707"/>
    <motionState vehicle="3" speed="4680" time="5680" acceleration="105"/>
    <motionState vehicle="4" speed="4628" time="5680" acceleration="112"/>
    <motionState vehicle="0" speed="4541" time="5690" acceleration="1258"/>
    <motionState vehicle="1" speed="4612" time="5690" acceleration="1185"/>
    <motionState vehicle="2" speed="4672" time="5690" acceleration="696"/>
    <motionState vehicle="3" speed="4680" time="5690" acceleration="99"/>
    <motionState vehicle="4" speed="4629" time="5690" acceleration="113"/>
    <motionState vehicle="0" speed="4543" time="5700" acceleration="1252"/>
    <motionState vehicle="1" speed="4613" time="5700" acceleration="1175"/>
    <motionState vehicle="2" speed="4673" time="5700" acceleration="685"/>
    <motionState vehicle="3" speed="4681" time="5700" acceleration="94"/>
    <motionState vehicle="4" speed="4629" time="5700" acceleration="114"/>
    <motionState vehicle="0" speed="4544" time="5710" acceleration="1247"/>
    <motionState vehicle="1" speed="4614" time="5710" acceleration="1166"/>
    <motionState vehicle="2" speed="4674" time="5710" acceleration="674"/>
    <motionState vehicle="3" speed="4681" time="5710" acceleration="89"/>
    <motionState vehicle="4" speed="4629" time="5710" acceleration="116"/>
    <motionState vehicle="0" speed="4545" time="5720" acceleration="1241"/>
    <motionState vehicle="1" speed="4615" time="5720" acceleration="1156"/>
    <motionState vehicle="2" speed="4674" time="5720" acceleration="664"/>
    <motionState vehicle="3" speed="4681" time="5720" acceleration="83"/>
    <motionState vehicle="4" speed="4629" time="5720" acceleration="117"/>
    <motionState vehicle="0" speed="4546" time="5730" acceleration="1235"/>
    <motionState vehicle="1" speed="4616" time="5730" acceleration="1147"/>
    <motionState vehicle="2" speed="4675" time="5730" acceleration="653"/>
    <motionState vehicle="3" speed="4681" time="5730" acceleration="78"/>
    <motionState vehicle="4" speed="4629" time="5730" acceleration="119"/>
    <motionState vehicle="0" speed="4547" time="5740" acceleration="1230"/>
    <motionState vehicle="1" speed="4618" time="5740" acceleration="1137"/>
    <motionState vehicle="2" speed="4676" time="5740" acceleration="642"/>
    <motionState vehicle="3" speed="4681" time="5740" acceleration="73"/>
    <motionState vehicle="4" speed="4629" time="5740" acceleration="120"/>
    <motionState vehicle="0" speed="4549" time="5750" acceleration="1224"/>
    <motionState vehicle="1" speed="4619" time="5750" acceleration="1127"/>
    <motionState vehicle="2" speed="4676" time="5750" acceleration="632"/>
    <motionState vehicle="3" speed="4681" time="5750" acceleration="68"/>
    <motionState vehicle="4" speed="4629" time="5750" acceleration="122"/>
    <motionState vehicle="0" speed="4550" time="5760" acceleration="1218"/>
    <motionState vehicle="1" speed="4620" time="5760" acceleration="1118"/>
    <motionState vehicle="2" speed="4677" time="5760" acceleration="621"/>
    <motionState vehicle="3" speed="4681" time="5760" acceleration="63"/>
    <motionState vehicle="4" speed="4629" time="5760" acceleration="124"/>
    <motionState vehicle="0" speed="4551" time="5770" acceleration="1213"/>
    <motionState vehicle="1" speed="4621" time="5770" acceleration="1108"/>
    <motionState vehicle="2" speed="4678" time="5770" acceleration="611"/>
    <motionState vehicle="3" speed="4681" time="5770" acceleration="59"/>
    <motionState vehicle="4" speed="4630" time="5770" acceleration="125"/>
    <motionState vehicle="0" speed="4552" time="5780" acceleration="1207"/>
    <motionState vehicle="1" speed="4622" time="5780" acceleration="1099"/>
    <motionState vehicle="2" speed="4678" time="5780" acceleration="601"/>
    <motionState vehicle="3" speed="4681" time="5780" acceleration="54"/>
    <motionState vehicle="4" speed="4630" time="5780" acceleration="127"/>
    <motionState vehicle="0" speed="4554" time="5790" acceleration="1201"/>
    <motionState vehicle="1" speed="4623" time="5790" acceleration="1090"/>
    <motionState vehicle="2" speed="4679" time="5790" acceleration="590"/>
    <motionState vehicle="3" speed="4681" time="5790" acceleration="49"/>
    <motionState vehicle="4" speed="4630" time="5790" acceleration="128"/>
    <motionState vehicle="0" speed="4555" time="5800" acceleration="1196"/>
    <motionState vehicle="1" speed="4624" time="5800" acceleration="1080"/>
    <motionState vehicle="2" speed="4679" time="5800" acceleration="580"/>
    <motionState vehicle="3" speed="4681" time="5800" acceleration="45"/>
    <motionState vehicle="4" speed="4630" time="5800" acceleration="130"/>
    <motionState vehicle="0" speed="4556" time="5810" acceleration="1190"/>
    <motionState vehicle="1" speed="4625" time="5810" acceleration="1071"/>
    <motionState vehicle="2" speed="4680" time="5810" acceleration="570"/>
    <motionState vehicle="3" speed="4681" time="5810" acceleration="41"/>
    <motionState vehicle="4" speed="4630" time="5810" acceleration="132"/>
    <motionState vehicle="0" speed="4557" time="5820" acceleration="1185"/>
    <motionState vehicle="1" speed="4626" time="5820" acceleration="1062"/>
    <motionState vehicle="2" speed="4681" time="5820" acceleration="560"/>
    <motionState vehicle="3" speed="4681" time="5820" acceleration="37"/>
    <motionState vehicle="4" speed="4630" time="5820" acceleration="133"/>
    <motionState vehicle="0" speed="4558" time="5830" acceleration="1179"/>
    <motionState vehicle="1" speed="4627" time="5830" acceleration="1052"/>
    <motionState vehicle="2" speed="4681" time="5830" acceleration="551"/>
    <motionState vehicle="3" speed="4681" time="5830" acceleration="32"/>
    <motionState vehicle="4" speed="4630" time="5830" acceleration="135"/>
    <motionState vehicle="0" speed="4559" time="5840" acceleration="1173"/>
    <motionState vehicle="1" speed="4628" time="5840" acceleration="1043"/>
    <motionState vehicle="2" speed="4682" time="5840" acceleration="541"/>
    <motionState vehicle="3" speed="4681" time="5840" acceleration="28"/>
    <motionState vehicle="4" speed="4630" time="5840" acceleration="137"/>
    <motionState vehicle="0" speed="4561" time="5850" acceleration="1168"/>
    <motionState vehicle="1" speed="4630" time="5850" acceleration="1034"/>
    <motionState vehicle="2" speed="4682" time="5850" acceleration="531"/>
    <motionState vehicle="3" speed="4681" time="5850" acceleration="25"/>
    <motionState vehicle="4" speed="4631" time="5850" acceleration="139"/>
    <motionState vehicle="0" speed="4562" time="5860" acceleration="1162"/>
    <motionState vehicle="1" speed="4631" time="5860" acceleration="1025"/>
    <motionState vehicle="2" speed="4683" time="5860" acceleration="522"/>
    <motionState vehicle="3" speed="4681" time="5860" acceleration="21"/>
    <motionState vehicle="4" speed="4631" time="5860" acceleration="140"/>
    <motionState vehicle="0" speed="4563" time="5870" acceleration="1157"/>
    <motionState vehicle="1" speed="4632" time="5870" acceleration="1015"/>
    <motionState vehicle="2" speed="4683" time="5870" acceleration="512"/>
    <motionState vehicle="3" speed="4681" time="5870" acceleration="17"/>
    <motionState vehicle="4" speed="4631" time="5870" acceleration="142"/>
    <motionState vehicle="0" speed="4564" time="5880" acceleration="1151"/>
    <motionState vehicle="1" speed="4633" time="5880" acceleration="1006"/>
    <motionState vehicle="2" speed="4684" time="5880" acceleration="503"/>
    <motionState vehicle="3" speed="4681" time="5880" acceleration="13"/>
    <motionState vehicle="4" speed="4631" time="5880" acceleration="144"/>
    <motionState vehicle="0" speed="4565" time="5890" acceleration="1146"/>
    <motionState vehicle="1" speed="4634" time="5890" acceleration="997"/>
    <motionState vehicle="2" speed="4684" time="5890" acceleration="494"/>
    <motionState vehicle="3" speed="4681" time="5890" acceleration="10"/>
    <motionState vehicle="4" speed="4631" time="5890" acceleration="146"/>
    <motionState vehicle="0" speed="4566" time="5900" acceleration="1140"/>
    <motionState vehicle="1" speed="4635" time="5900" acceleration="988"/>
    <motionState vehicle="2" speed="4685" time="5900" acceleration="485"/>
    <motionState vehicle="3" speed="4681" time="5900" acceleration="6"/>
    <motionState vehicle="4" speed="4631" time="5900" acceleration="147"/>
    <motionState vehicle="0" speed="4568" time="5910" acceleration="1135"/>
    <motionState vehicle="1" speed="4636" time="5910" acceleration="979"/>
    <motionState vehicle="2" speed="4685" time="5910" acceleration="476"/>
    <motionState vehicle="3" speed="4681" time="5910" acceleration="3"/>
    <motionState vehicle="4" speed="4631" time="5910" acceleration="149"/>
    <motionState vehicle="0" speed="4569" time="5920" acceleration="1129"/>
    <motionState vehicle="1" speed="4636" time="5920" acceleration="970"/>
    <motionState vehicle="2" speed="4686" time="5920" acceleration="467"/>
    <motionState vehicle="3" speed="4681" time="5920" acceleration="0"/>
    <motionState vehicle="4" speed="4632" time="5920" acceleration="151"/>
    <motionState vehicle="0" speed="4570" time="5930" acceleration="1123"/>
    <motionState vehicle="1" speed="4637" time="5930" acceleration="961"/>
    <motionState vehicle="2" speed="4686" time="5930" acceleration="458"/>
    <motionState vehicle="3" speed="4681" time="5930" acceleration="-2"/>
    <motionState vehicle="4" speed="4632" time="5930" acceleration="153"/>
    <motionState vehicle="0" speed="4571" time="5940" acceleration="1118"/>
    <motionState vehicle="1" speed="4638" time="5940" acceleration="952"/>
    <motionState vehicle="2" speed="4687" time="5940" acceleration="449"/>
    <motionState vehicle="3" speed="4681" time="5940" acceleration="-5"/>
    <motionState vehicle="4" speed="4632" time="5940" acceleration="155"/>
    <motionState vehicle="0" speed="4572" time="5950" acceleration="1112"/>
    <motionState vehicle="1" speed="4639" time="5950" acceleration="944"/>
    <motionState vehicle="2" speed="4687" time="5950" acceleration="440"/>
    <motionState vehicle="3" speed="4681" time="5950" acceleration="-8"/>
    <motionState vehicle="4" speed="4632" time="5950" acceleration="156"/>
    <motionState vehicle="0" speed="4573" time="5960" acceleration="1107"/>
    <motionState vehicle="1" speed="4640" time="5960" acceleration="935"/>
    <motionState vehicle="2" speed="4687" time="5960" acceleration="432"/>
    <motionState vehicle="3" speed="4681" time="5960" acceleration="-11"/>
    <motionState vehicle="4" speed="4632" time="5960" acceleration="158"/>
    <motionState vehicle="0" speed="4574" time="5970" acceleration="1101"/>
    <motionState vehicle="1" speed="4641" time="5970" acceleration="926"/>
    <motionState vehicle="2" speed="4688" time="5970" acceleration="423"/>
    <motionState vehicle="3" speed="4681" time="5970" acceleration="-14"/>
    <motionState vehicle="4" speed="4632" time="5970" acceleration="160"/>
    <motionState vehicle="0" speed="4575" time="5980" acceleration="1096"/>
    <motionState vehicle="1" speed="4642" time="5980" acceleration="917"/>
    <motionState vehicle="2" speed="4688" time="5980" acceleration="415"/>
    <motionState vehicle="3" speed="4681" time="5980" acceleration="-17"/>
    <motionState vehicle="4" speed="4633" time="5980" acceleration="162"/>
    <motionState vehicle="0" speed="4576" time="5990" acceleration="1090"/>
    <motionState vehicle="1" speed="4643" time="5990" acceleration="908"/>
    <motionState vehicle="2" speed="4689" time="5990" acceleration="407"/>
    <motionState vehicle="3" speed="4681" time="5990" acceleration="-19"/>
    <motionState vehicle="4" speed="4633" time="5990" acceleration="164"/>
    <motionState vehicle="0" speed="4577" time="6000" acceleration="1085"/>
    <motionState vehicle="1" speed="4644" time="6000" acceleration="900"/>
    <motionState vehicle="2" speed="4689" time="6000" acceleration="398"/>
    <motionState vehicle="3" speed="4681" time="6000" acceleration="-22"/>
    <motionState vehicle="4" speed="4633" time="6000" acceleration="165"/>
    <motionState vehicle="0" speed="4579" time="6010" acceleration="1079"/>
    <motionState vehicle="1" speed="4645" time="6010" acceleration="891"/>
    <motionState vehicle="2" speed="4689" time="6010" acceleration="390"/>
    <motionState vehicle="3" speed="4681" time="6010" acceleration="-24"/>
    <motionState vehicle="4" speed="4633" time="6010" acceleration="167"/>
    <motionState vehicle="0" speed="4580" time="6020" acceleration="1074"/>
    <motionState vehicle="1" speed="4646" time="6020" acceleration="883"/>
    <motionState vehicle="2" speed="4690" time="6020" acceleration="382"/>
    <motionState vehicle="3" speed="4681" time="6020" acceleration="-27"/>
    <motionState vehicle="4" speed="4633" time="6020" acceleration="169"/>
    <motionState vehicle="0" speed="4581" time="6030" acceleration="1068"/>
    <motionState vehicle="1" speed="4647" time="6030" acceleration="874"/>
    <motionState vehicle="2" speed="4690" time="6030" acceleration="374"/>
    <motionState vehicle="3" speed="4681" time="6030" acceleration="-29"/>
    <motionState vehicle="4" speed="4633" time="6030" acceleration="171"/>
    <motionState vehicle="0" speed="4582" time="6040" acceleration="1063"/>
    <motionState vehicle="1" speed="4647" time="6040" acceleration="865"/>
    <motionState vehicle="2" speed="4691" time="6040" acceleration="366"/>
    <motionState vehicle="3" speed="4681" time="6040" acceleration="-31"/>
    <motionState vehicle="4" speed="4634" time="6040" acceleration="173"/>
    <motionState vehicle="0" speed="4583" time="6050" acceleration="1057"/>
    <motionState vehicle="1" speed="4648" time="6050" acceleration="857"/>
    <motionState vehicle="2" speed="4691" time="6050" acceleration="359"/>
    <motionState vehicle="3" speed="4681" time="6050" acceleration="-34"/>
    <motionState vehicle="4" speed="4634" time="6050" acceleration="174"/>
    <motionState vehicle="0" speed="4584" time="6060" acceleration="1052"/>
    <motionState vehicle="1" speed="4649" time="6060" acceleration="849"/>
    <motionState vehicle="2" speed="4691" time="6060" acceleration="351"/>
    <motionState vehicle="3" speed="4681" time="6060" acceleration="-36"/>
    <motionState vehicle="4" speed="4634" time="6060" acceleration="176"/>
    <motionState vehicle="0" speed="4585" time="6070" acceleration="1046"/>
    <motionState vehicle="1" speed="4650" time="6070" acceleration="840"/>
    <motionState vehicle="2" speed="4692" time="6070" acceleration="343"/>
    <motionState vehicle="3" speed="4681" time="6070" acceleration="-38"/>
    <motionState vehicle="4" speed="4634" time="6070" acceleration="178"/>
    <motionState vehicle="0" speed="4586" time="6080" acceleration="1041"/>
    <motionState vehicle="1" speed="4651" time="6080" acceleration="832"/>
    <motionState vehicle="2" speed="4692" time="6080" acceleration="336"/>
    <motionState vehicle="3" speed="4681" time="6080" acceleration="-40"/>
    <motionState vehicle="4" speed="4634" time="6080" acceleration="180"/>
    <motionState vehicle="0" speed="4587" time="6090" acceleration="1035"/>
    <motionState vehicle="1" speed="4652" time="6090" acceleration="823"/>
    <motionState vehicle="2" speed="4692" time="6090" acceleration="328"/>
    <motionState vehicle="3" speed="4681" time="6090" acceleration="-42"/>
    <motionState vehicle="4" speed="4634" time="6090" acceleration="182"/>
    <motionState vehicle="0" speed="4588" time="6100" acceleration="1030"/>
    <motionState vehicle="1" speed="4652" time="6100" acceleration="815"/>
    <motionState vehicle="2" speed="4693" time="6100" acceleration="321"/>
    <motionState vehicle="3" speed="4681" time="6100" acceleration="-43"/>
    <motionState vehicle="4" speed="4635" time="6100" acceleration="184"/>
    <motionState vehicle="0" speed="4589" time="6110" acceleration="1024"/>
    <motionState vehicle="1" speed="4653" time="6110" acceleration="807"/>
    <motionState vehicle="2" speed="4693" time="6110" acceleration="314"/>
    <motionState vehicle="3" speed="4681" time="6110" acceleration="-45"/>
    <motionState vehicle="4" speed="4635" time="6110" acceleration="185"/>
    <motionState vehicle="0" speed="4590" time="6120" acceleration="1019"/>
    <motionState vehicle="1" speed="4654" time="6120" acceleration="799"/>
    <motionState vehicle="2" speed="4693" time="6120" acceleration="306"/>
    <motionState vehicle="3" speed="4681" time="6120" acceleration="-47"/>
    <motionState vehicle="4" speed="4635" time="6120" acceleration="187"/>
    <motionState vehicle="0" speed="4591" time="6130" acceleration="1014"/>
    <motionState vehicle="1" speed="4655" time="6130" acceleration="790"/>
    <motionState vehicle="2" speed="4694" time="6130" acceleration="299"/>
    <motionState vehicle="3" speed="4681" time="6130" acceleration="-48"/>
    <motionState vehicle="4" speed="4635" time="6130" acceleration="189"/>
    <motionState vehicle="0" speed="4592" time="6140" acceleration="1008"/>
    <motionState vehicle="1" speed="4656" time="6140" acceleration="782"/>
    <motionState vehicle="2" speed="4694" time="6140" acceleration="292"/>
    <motionState vehicle="3" speed="4681" time="6140" acceleration="-50"/>
    <motionState vehicle="4" speed="4635" time="6140" acceleration="191"/>
    <motionState vehicle="0" speed="4593" time="6150" acceleration="1003"/>
    <motionState vehicle="1" speed="4656" time="6150" acceleration="774"/>
    <motionState vehicle="2" speed="4694" time="6150" acceleration="285"/>
    <motionState vehicle="3" speed="4681" time="6150" acceleration="-51"/>
    <motionState vehicle="4" speed="4636" time="6150" acceleration="192"/>
    <motionState vehicle="0" speed="4594" time="6160" acceleration="997"/>
    <motionState vehicle="1" speed="4657" time="6160" acceleration="766"/>
    <motionState vehicle="2" speed="4694" time="6160" acceleration="278"/>
    <motionState vehicle="3" speed="4681" time="6160" acceleration="-53"/>
    <motionState vehicle="4" speed="4636" time="6160" acceleration="194"/>
    <motionState vehicle="0" speed="4595" time="6170" acceleration="992"/>
    <motionState vehicle="1" speed="4658" time="6170" acceleration="758"/>
    <motionState vehicle="2" speed="4695" time="6170" acceleration="272"/>
    <motionState vehicle="3" speed="4681" time="6170" acceleration="-54"/>
    <motionState vehicle="4" speed="4636" time="6170" acceleration="196"/>
    <motionState vehicle="0" speed="4596" time="6180" acceleration="986"/>
    <motionState vehicle="1" speed="4659" time="6180" acceleration="750"/>
    <motionState vehicle="2" speed="4695" time="6180" acceleration="265"/>
    <motionState vehicle="3" speed="4681" time="6180" acceleration="-55"/>
    <motionState vehicle="4" speed="4636" time="6180" acceleration="198"/>
    <motionState vehicle="0" speed="4597" time="6190" acceleration="981"/>
    <motionState vehicle="1" speed="4659" time="6190" acceleration="742"/>
    <motionState vehicle="2" speed="4695" time="6190" acceleration="258"/>
    <motionState vehicle="3" speed="4681" time="6190" acceleration="-57"/>
    <motionState vehicle="4" speed="4636" time="6190" acceleration="199"/>
    <motionState vehicle="0" speed="4598" time="6200" acceleration="976"/>
    <motionState vehicle="1" speed="4660" time="6200" acceleration="734"/>
    <motionState vehicle="2" speed="4695" time="6200" acceleration="252"/>
    <motionState vehicle="3" speed="4680" time="6200" acceleration="-58"/>
    <motionState vehicle="4" speed="4637" time="6200" acceleration="201"/>
    <motionState vehicle="0" speed="4599" time="6210" acceleration="970"/>
    <motionState vehicle="1" speed="4661" time="6210" acceleration="726"/>
    <motionState vehicle="2" speed="4696" time="6210" acceleration="245"/>
    <motionState vehicle="3" speed="4680" time="6210" acceleration="-59"/>
    <motionState vehicle="4" speed="4637" time="6210" acceleration="203"/>
    <motionState vehicle="0" speed="4600" time="6220" acceleration="965"/>
    <motionState vehicle="1" speed="4662" time="6220" acceleration="719"/>
    <motionState vehicle="2" speed="4696" time="6220" acceleration="239"/>
    <motionState vehicle="3" speed="4680" time="6220" acceleration="-60"/>
    <motionState vehicle="4" speed="4637" time="6220" acceleration="204"/>
    <motionState vehicle="0" speed="4601" time="6230" acceleration="959"/>
    <motionState vehicle="1" speed="4662" time="6230" acceleration="711"/>
    <motionState vehicle="2" speed="4696" time="6230" acceleration="233"/>
    <motionState vehicle="3" speed="4680" time="6230" acceleration="-61"/>
    <motionState vehicle="4" speed="4637" time="6230" acceleration="206"/>
    <motionState vehicle="0" speed="4602" time="6240" acceleration="954"/>
    <motionState vehicle="1" speed="4663" time="6240" acceleration="703"/>
    <motionState vehicle="2" speed="4696" time="6240" acceleration="226"/>
    <motionState vehicle="3" speed="4680" time="6240" acceleration="-62"/>
    <motionState vehicle="4" speed="4637" time="6240" acceleration="208"/>
    <motionState vehicle="0" speed="4603" time="6250" acceleration="949"/>
    <motionState vehicle="1" speed="4664" time="6250" acceleration="695"/>
    <motionState vehicle="2" speed="4697" time="6250" acceleration="220"/>
    <motionState vehicle="3" speed="4680" time="6250" acceleration="-63"/>
    <motionState vehicle="4" speed="4638" time="6250" acceleration="210"/>
    <motionState vehicle="0" speed="4604" time="6260" acceleration="943"/>
    <motionState vehicle="1" speed="4664" time="6260" acceleration="688"/>
    <motionState vehicle="2" speed="4697" time="6260" acceleration="214"/>
    <motionState vehicle="3" speed="4680" time="6260" acceleration="-64"/>
    <motionState vehicle="4" speed="4638" time="6260" acceleration="211"/>
    <motionState vehicle="0" speed="4605" time="6270" acceleration="938"/>
    <motionState vehicle="1" speed="4665" time="6270" acceleration="680"/>
    <motionState vehicle="2" speed="4697" time="6270" acceleration="208"/>
    <motionState vehicle="3" speed="4680" time="6270" acceleration="-64"/>
    <motionState vehicle="4" speed="4638" time="6270" acceleration="213"/>
    <motionState vehicle="0" speed="4606" time="6280" acceleration="932"/>
    <motionState vehicle="1" speed="4666" time="6280" acceleration="673"/>
    <motionState vehicle="2" speed="4697" time="6280" acceleration="202"/>
    <motionState vehicle="3" speed="4680" time="6280" acceleration="-65"/>
    <motionState vehicle="4" speed="4638" time="6280" acceleration="214"/>
    <motionState vehicle="0" speed="4607" time="6290" acceleration="927"/>
    <motionState vehicle="1" speed="4666" time="6290" acceleration="665"/>
    <motionState vehicle="2" speed="4697" time="6290" acceleration="196"/>
    <motionState vehicle="3" speed="4680" time="6290" acceleration="-66"/>
    <motionState vehicle="4" speed="4638" time="6290" acceleration="216"/>
    <motionState vehicle="0" speed="4608" time="6300" acceleration="922"/>
    <motionState vehicle="1" speed="4667" time="6300" acceleration="658"/>
    <motionState vehicle="2" speed="4698" time="6300" acceleration="191"/>
    <motionState vehicle="3" speed="4680" time="6300" acceleration="-66"/>
    <motionState vehicle="4" speed="4639" time="6300" acceleration="218"/>
    <motionState vehicle="0" speed="4608" time="6310" acceleration="916"/>
    <motionState vehicle="1" speed="4668" time="6310" acceleration="650"/>
    <motionState vehicle="2" speed="4698" time="6310" acceleration="185"/>
    <motionState vehicle="3" speed="4680" time="6310" acceleration="-67"/>
    <motionState vehicle="4" speed="4639" time="6310" acceleration="219"/>
    <motionState vehicle="0" speed="4609" time="6320" acceleration="911"/>
    <motionState vehicle="1" speed="4668" time="6320" acceleration="643"/>
    <motionState vehicle="2" speed="4698" time="6320" acceleration="179"/>
    <motionState vehicle="3" speed="4680" time="6320" acceleration="-67"/>
    <motionState vehicle="4" speed="4639" time="6320" acceleration="221"/>
    <motionState vehicle="0" speed="4610" time="6330" acceleration="906"/>
    <motionState vehicle="1" speed="4669" time="6330" acceleration="635"/>
    <motionState vehicle="2" speed="4698" time="6330" acceleration="174"/>
    <motionState vehicle="3" speed="4680" time="6330" acceleration="-68"/>
    <motionState vehicle="4" speed="4639" time="6330" acceleration="222"/>
    <motionState vehicle="0" speed="4611" time="6340" acceleration="900"/>
    <motionState vehicle="1" speed="4670" time="6340" acceleration="628"/>
    <motionState vehicle="2" speed="4698" time="6340" acceleration="168"/>
    <motionState vehicle="3" speed="4680" time="6340" acceleration="-68"/>
    <motionState vehicle="4" speed="4640" time="6340" acceleration="224"/>
    <motionState vehicle="0" speed="4612" time="6350" acceleration="895"/>
    <motionState vehicle="1" speed="4670" time="6350" acceleration="621"/>
    <motionState vehicle="2" speed="4698" time="6350" acceleration="163"/>
    <motionState vehicle="3" speed="4680" time="6350" acceleration="-68"/>
    <motionState vehicle="4" speed="4640" time="6350" acceleration="225"/>
    <motionState vehicle="0" speed="4613" time="6360" acceleration="890"/>
    <motionState vehicle="1" speed="4671" time="6360" acceleration="614"/>
    <motionState vehicle="2" speed="4699" time="6360" acceleration="158"/>
    <motionState vehicle="3" speed="4679" time="6360" acceleration="-69"/>
    <motionState vehicle="4" speed="4640" time="6360" acceleration="227"/>
    <motionState vehicle="0" speed="4614" time="6370" acceleration="884"/>
    <motionState vehicle="1" speed="4671" time="6370" acceleration="606"/>
    <motionState vehicle="2" speed="4699" time="6370" acceleration="152"/>
    <motionState vehicle="3" speed="4679" time="6370" acceleration="-69"/>
    <motionState vehicle="4" speed="4640" time="6370" acceleration="228"/>
    <motionState vehicle="0" speed="4615" time="6380" acceleration="879"/>
    <motionState vehicle="1" speed="4672" time="6380" acceleration="599"/>
    <motionState vehicle="2" speed="4699" time="6380" acceleration="147"/>
    <motionState vehicle="3" speed="4679" time="6380" acceleration="-69"/>
    <motionState vehicle="4" speed="4640" time="6380" acceleration="230"/>
    <motionState vehicle="0" speed="4616" time="6390" acceleration="874"/>
    <motionState vehicle="1" speed="4673" time="6390" acceleration="592"/>
    <motionState vehicle="2" speed="4699" time="6390" acceleration="142"/>
    <motionState vehicle="3" speed="4679" time="6390" acceleration="-69"/>
    <motionState vehicle="4" speed="4641" time="6390" acceleration="231"/>
    <motionState vehicle="0" speed="4616" time="6400" acceleration="868"/>
    <motionState vehicle="1" speed="4673" time="6400" acceleration="585"/>
    <motionState vehicle="2" speed="4699" time="6400" acceleration="137"/>
    <motionState vehicle="3" speed="4679" time="6400" acceleration="-69"/>
    <motionState vehicle="4" speed="4641" time="6400" acceleration="233"/>
    <motionState vehicle="0" speed="4617" time="6410" acceleration="863"/>
    <motionState vehicle="1" speed="4674" time="6410" acceleration="578"/>
    <motionState vehicle="2" speed="4699" time="6410" acceleration="132"/>
    <motionState vehicle="3" speed="4679" time="6410" acceleration="-70"/>
    <motionState vehicle="4" speed="4641" time="6410" acceleration="234"/>
    <motionState vehicle="0" speed="4618" time="6420" acceleration="858"/>
    <motionState vehicle="1" speed="4674" time="6420" acceleration="571"/>
    <motionState vehicle="2" speed="4699" time="6420" acceleration="127"/>
    <motionState vehicle="3" speed="4679" time="6420" acceleration="-70"/>
    <motionState vehicle="4" speed="4641" time="6420" acceleration="236"/>
    <motionState vehicle="0" speed="4619" time="6430" acceleration="852"/>
    <motionState vehicle="1" speed="4675" time="6430" acceleration="564"/>
    <motionState vehicle="2" speed="4700" time="6430" acceleration="122"/>
    <motionState vehicle="3" speed="4679" time="6430" acceleration="-70"/>
    <motionState vehicle="4" speed="4642" time="6430" acceleration="237"/>
    <motionState vehicle="0" speed="4620" time="6440" acceleration="847"/>
    <motionState vehicle="1" speed="4676" time="6440" acceleration="557"/>
    <motionState vehicle="2" speed="4700" time="6440" acceleration="118"/>
    <motionState vehicle="3" speed="4679" time="6440" acceleration="-70"/>
    <motionState vehicle="4" speed="4642" time="6440" acceleration="238"/>
    <motionState vehicle="0" speed="4621" time="6450" acceleration="842"/>
    <motionState vehicle="1" speed="4676" time="6450" acceleration="550"/>
    <motionState vehicle="2" speed="4700" time="6450" acceleration="113"/>
    <motionState vehicle="3" speed="4679" time="6450" acceleration="-69"/>
    <motionState vehicle="4" speed="4642" time="6450" acceleration="240"/>
    <motionState vehicle="0" speed="4622" time="6460" acceleration="837"/>
    <motionState vehicle="1" speed="4677" time="6460" acceleration="543"/>
    <motionState vehicle="2" speed="4700" time="6460" acceleration="108"/>
    <motionState vehicle="3" speed="4679" time="6460" acceleration="-69"/>
    <motionState vehicle="4" speed="4642" time="6460" acceleration="241"/>
    <motionState vehicle="0" speed="4622" time="6470" acceleration="831"/>
    <motionState vehicle="1" speed="4677" time="6470" acceleration="537"/>
    <motionState vehicle="2" speed="4700" time="6470" acceleration="104"/>
    <motionState vehicle="3" speed="4679" time="6470" acceleration="-69"/>
    <motionState vehicle="4" speed="4643" time="6470" acceleration="242"/>
    <motionState vehicle="0" speed="4623" time="6480" acceleration="826"/>
    <motionState vehicle="1" speed="4678" time="6480" acceleration="530"/>
    <motionState vehicle="2" speed="4700" time="6480" acceleration="99"/>
    <motionState vehicle="3" speed="4679" time="6480" acceleration="-69"/>
    <motionState vehicle="4" speed="4643" time="6480" acceleration="244"/>
    <motionState vehicle="0" speed="4624" time="6490" acceleration="821"/>
    <motionState vehicle="1" speed="4678" time="6490" acceleration="523"/>
    <motionState vehicle="2" speed="4700" time="6490" acceleration="95"/>
    <motionState vehicle="3" speed="4679" time="6490" acceleration="-69"/>
    <motionState vehicle="4" speed="4643" time="6490" acceleration="245"/>
    <motionState vehicle="0" speed="4625" time="6500" acceleration="816"/>
    <motionState vehicle="1" speed="4679" time="6500" acceleration="517"/>
    <motionState vehicle="2" speed="4700" time="6500" acceleration="91"/>
    <motionState vehicle="3" speed="4678" time="6500" acceleration="-68"/>
    <motionState vehicle="4" speed="4643" time="6500" acceleration="246"/>
    <motionState vehicle="0" speed="4626" time="6510" acceleration="810"/>
    <motionState vehicle="1" speed="4679" time="6510" acceleration="510"/>
    <motionState vehicle="2" speed="4700" time="6510" acceleration="86"/>
    <motionState vehicle="3" speed="4678" time="6510" acceleration="-68"/>
    <motionState vehicle="4" speed="4644" time="6510" acceleration="248"/>
    <motionState vehicle="0" speed="4626" time="6520" acceleration="805"/>
    <motionState vehicle="1" speed="4680" time="6520" acceleration="503"/>
    <motionState vehicle="2" speed="4700" time="6520" acceleration="82"/>
    <motionState vehicle="3" speed="4678" time="6520" acceleration="-68"/>
    <motionState vehicle="4" speed="4644" time="6520" acceleration="249"/>
    <motionState vehicle="0" speed="4627" time="6530" acceleration="800"/>
    <motionState vehicle="1" speed="4680" time="6530" acceleration="497"/>
    <motionState vehicle="2" speed="4701" time="6530" acceleration="78"/>
    <motionState vehicle="3" speed="4678" time="6530" acceleration="-67"/>
    <motionState vehicle="4" speed="4644" time="6530" acceleration="250"/>
    <motionState vehicle="0" speed="4628" time="6540" acceleration="795"/>
    <motionState vehicle="1" speed="4681" time="6540" acceleration="490"/>
    <motionState vehicle="2" speed="4701" time="6540" acceleration="74"/>
    <motionState vehicle="3" speed="4678" time="6540" acceleration="-67"/>
    <motionState vehicle="4" speed="4644" time="6540" acceleration="251"/>
    <motionState vehicle="0" speed="4629" time="6550" acceleration="789"/>
    <motionState vehicle="1" speed="4681" time="6550" acceleration="484"/>
    <motionState vehicle="2" speed="4701" time="6550" acceleration="70"/>
    <motionState vehicle="3" speed="4678" time="6550" acceleration="-67"/>
    <motionState vehicle="4" speed="4645" time="6550" acceleration="252"/>
    <motionState vehicle="0" speed="4630" time="6560" acceleration="784"/>
    <motionState vehicle="1" speed="4682" time="6560" acceleration="478"/>
    <motionState vehicle="2" speed="4701" time="6560" acceleration="66"/>
    <motionState vehicle="3" speed="4678" time="6560" acceleration="-66"/>
    <motionState vehicle="4" speed="4645" time="6560" acceleration="254"/>
    <motionState vehicle="0" speed="4630" time="6570" acceleration="779"/>
    <motionState vehicle="1" speed="4682" time="6570" acceleration="471"/>
    <motionState vehicle="2" speed="4701" time="6570" acceleration="62"/>
    <motionState vehicle="3" speed="4678" time="6570" acceleration="-66"/>
    <motionState vehicle="4" speed="4645" time="6570" acceleration="255"/>
    <motionState vehicle="0" speed="4631" time="6580" acceleration="774"/>
    <motionState vehicle="1" speed="4683" time="6580" acceleration="465"/>
    <motionState vehicle="2" speed="4701" time="6580" acceleration="58"/>
    <motionState vehicle="3" speed="4678" time="6580" acceleration="-65"/>
    <motionState vehicle="4" speed="4645" time="6580" acceleration="256"/>
    <motionState vehicle="0" speed="4632" time="6590" acceleration="769"/>
    <motionState vehicle="1" speed="4683" time="6590" acceleration="459"/>
    <motionState vehicle="2" speed="4701" time="6590" acceleration="55"/>
    <motionState vehicle="3" speed="4678" time="6590" acceleration="-64"/>
    <motionState vehicle="4" speed="4646" time="6590" acceleration="257"/>
    <motionState vehicle="0" speed="4633" time="6600" acceleration="764"/>
    <motionState vehicle="1" speed="4684" time="6600" acceleration="452"/>
    <motionState vehicle="2" speed="4701" time="6600" acceleration="51"/>
    <motionState vehicle="3" speed="4678" time="6600" acceleration="-64"/>
    <motionState vehicle="4" speed="4646" time="6600" acceleration="258"/>
    <motionState vehicle="0" speed="4633" time="6610" acceleration="758"/>
    <motionState vehicle="1" speed="4684" time="6610" acceleration="446"/>
    <motionState vehicle="2" speed="4701" time="6610" acceleration="47"/>
    <motionState vehicle="3" speed="4678" time="6610" acceleration="-63"/>
    <motionState vehicle="4" speed="4646" time="6610" acceleration="259"/>
    <motionState vehicle="0" speed="4634" time="6620" acceleration="753"/>
    <motionState vehicle="1" speed="4684" time="6620" acceleration="440"/>
    <motionState vehicle="2" speed="4701" time="6620" acceleration="44"/>
    <motionState vehicle="3" speed="4678" time="6620" acceleration="-63"/>
    <motionState vehicle="4" speed="4646" time="6620" acceleration="260"/>
    <motionState vehicle="0" speed="4635" time="6630" acceleration="748"/>
    <motionState vehicle="1" speed="4685" time="6630" acceleration="434"/>
    <motionState vehicle="2" speed="4701" time="6630" acceleration="40"/>
    <motionState vehicle="3" speed="4678" time="6630" acceleration="-62"/>
    <motionState vehicle="4" speed="4647" time="6630" acceleration="261"/>
    <motionState vehicle="0" speed="4636" time="6640" acceleration="743"/>
    <motionState vehicle="1" speed="4685" time="6640" acceleration="428"/>
    <motionState vehicle="2" speed="4701" time="6640" acceleration="37"/>
    <motionState vehicle="3" speed="4678" time="6640" acceleration="-61"/>
    <motionState vehicle="4" speed="4647" time="6640" acceleration="262"/>
    <motionState vehicle="0" speed="4636" time="6650" acceleration="738"/>
    <motionState vehicle="1" speed="4686" time="6650" acceleration="422"/>
    <motionState vehicle="2" speed="4701" time="6650" acceleration="33"/>
    <motionState vehicle="3" speed="4677" time="6650" acceleration="-60"/>
    <motionState vehicle="4" speed="4647" time="6650" acceleration="263"/>
    <motionState vehicle="0" speed="4637" time="6660" acceleration="733"/>
    <motionState vehicle="1" speed="4686" time="6660" acceleration="416"/>
    <motionState vehicle="2" speed="4701" time="6660" acceleration="30"/>
    <motionState vehicle="3" speed="4677" time="6660" acceleration="-60"/>
    <motionState vehicle="4" speed="4647" time="6660" acceleration="264"/>
    <motionState vehicle="0" speed="4638" time="6670" acceleration="728"/>
    <motionState vehicle="1" speed="4687" time="6670" acceleration="410"/>
    <motionState vehicle="2" speed="4701" time="6670" acceleration="27"/>
    <motionState vehicle="3" speed="4677" time="6670" acceleration="-59"/>
    <motionState vehicle="4" speed="4648" time="6670" acceleration="265"/>
    <motionState vehicle="0" speed="4639" time="6680" acceleration="723"/>
    <motionState vehicle="1" speed="4687" time="6680" acceleration="404"/>
    <motionState vehicle="2" speed="4701" time="6680" acceleration="24"/>
    <motionState vehicle="3" speed="4677" time="6680" acceleration="-58"/>
    <motionState vehicle="4" speed="4648" time="6680" acceleration="266"/>
    <motionState vehicle="0" speed="4639" time="6690" acceleration="718"/>
    <motionState vehicle="1" speed="4687" time="6690" acceleration="398"/>
    <motionState vehicle="2" speed="4701" time="6690" acceleration="20"/>
    <motionState vehicle="3" speed="4677" time="6690" acceleration="-57"/>
    <motionState vehicle="4" speed="4648" time="6690" acceleration="267"/>
    <motionState vehicle="0" speed="4640" time="6700" acceleration="713"/>
    <motionState vehicle="1" speed="4688" time="6700" acceleration="393"/>
    <motionState vehicle="2" speed="4701" time="6700" acceleration="17"/>
    <motionState vehicle="3" speed="4677" time="6700" acceleration="-56"/>
    <motionState vehicle="4" speed="4649" time="6700" acceleration="268"/>
    <motionState vehicle="0" speed="4641" time="6710" acceleration="707"/>
    <motionState vehicle="1" speed="4688" time="6710" acceleration="387"/>
    <motionState vehicle="2" speed="4701" time="6710" acceleration="14"/>
    <motionState vehicle="3" speed="4677" time="6710" acceleration="-56"/>
    <motionState vehicle="4" speed="4649" time="6710" acceleration="268"/>
    <motionState vehicle="0" speed="4641" time="6720" acceleration="702"/>
    <motionState vehicle="1" speed="4688" time="6720" acceleration="381"/>
    <motionState vehicle="2" speed="4701" time="6720" acceleration="11"/>
    <motionState vehicle="3" speed="4677" time="6720" acceleration="-55"/>
    <motionState vehicle="4" speed="4649" time="6720" acceleration="269"/>
    <motionState vehicle="0" speed="4642" time="6730" acceleration="697"/>
    <motionState vehicle="1" speed="4689" time="6730" acceleration="375"/>
    <motionState vehicle="2" speed="4701" time="6730" acceleration="8"/>
    <motionState vehicle="3" speed="4677" time="6730" acceleration="-54"/>
    <motionState vehicle="4" speed="4649" time="6730" acceleration="270"/>
    <motionState vehicle="0" speed="4643" time="6740" acceleration="692"/>
    <motionState vehicle="1" speed="4689" time="6740" acceleration="370"/>
    <motionState vehicle="2" speed="4701" time="6740" acceleration="6"/>
    <motionState vehicle="3" speed="4677" time="6740" acceleration="-53"/>
    <motionState vehicle="4" speed="4650" time="6740" acceleration="271"/>
    <motionState vehicle="0" speed="4644" time="6750" acceleration="687"/>
    <motionState vehicle="1" speed="4690" time="6750" acceleration="364"/>
    <motionState vehicle="2" speed="4701" time="6750" acceleration="3"/>
    <motionState vehicle="3" speed="4677" time="6750" acceleration="-52"/>
    <motionState vehicle="4" speed="4650" time="6750" acceleration="272"/>
    <motionState vehicle="0" speed="4644" time="6760" acceleration="682"/>
    <motionState vehicle="1" speed="4690" time="6760" acceleration="359"/>
    <motionState vehicle="2" speed="4701" time="6760" acceleration="0"/>
    <motionState vehicle="3" speed="4677" time="6760" acceleration="-51"/>
    <motionState vehicle="4" speed="4650" time="6760" acceleration="272"/>
    <motionState vehicle="0" speed="4645" time="6770" acceleration="677"/>
    <motionState vehicle="1" speed="4690" time="6770" acceleration="353"/>
    <motionState vehicle="2" speed="4701" time="6770" acceleration="-2"/>
    <motionState vehicle="3" speed="4677" time="6770" acceleration="-50"/>
    <motionState vehicle="4" speed="4650" time="6770" acceleration="273"/>
    <motionState vehicle="0" speed="4646" time="6780" acceleration="672"/>
    <motionState vehicle="1" speed="4691" time="6780" acceleration="348"/>
    <motionState vehicle="2" speed="4701" time="6780" acceleration="-4"/>
    <motionState vehicle="3" speed="4677" time="6780" acceleration="-49"/>
    <motionState vehicle="4" speed="4651" time="6780" acceleration="274"/>
    <motionState vehicle="0" speed="4646" time="6790" acceleration="667"/>
    <motionState vehicle="1" speed="4691" time="6790" acceleration="342"/>
    <motionState vehicle="2" speed="4701" time="6790" acceleration="-7"/>
    <motionState vehicle="3" speed="4677" time="6790" acceleration="-48"/>
    <motionState vehicle="4" speed="4651" time="6790" acceleration="274"/>
    <motionState vehicle="0" speed="4647" time="6800" acceleration="663"/>
    <motionState vehicle="1" speed="4691" time="6800" acceleration="337"/>
    <motionState vehicle="2" speed="4701" time="6800" acceleration="-9"/>
    <motionState vehicle="3" speed="4677" time="6800" acceleration="-47"/>
    <motionState vehicle="4" speed="4651" time="6800" acceleration="275"/>
    <motionState vehicle="0" speed="4648" time="6810" acceleration="658"/>
    <motionState vehicle="1" speed="4692" time="6810" acceleration="332"/>
    <motionState vehicle="2" speed="4701" time="6810" acceleration="-12"/>
    <motionState vehicle="3" speed="4677" time="6810" acceleration="-46"/>
    <motionState vehicle="4" speed="4652" time="6810" acceleration="276"/>
    <motionState vehicle="0" speed="4648" time="6820" acceleration="653"/>
    <motionState vehicle="1" speed="4692" time="6820" acceleration="326"/>
    <motionState vehicle="2" speed="4701" time="6820" acceleration="-14"/>
    <motionState vehicle="3" speed="4677" time="6820" acceleration="-45"/>
    <motionState vehicle="4" speed="4652" time="6820" acceleration="276"/>
    <motionState vehicle="0" speed="4649" time="6830" acceleration="648"/>
    <motionState vehicle="1" speed="4692" time="6830" acceleration="321"/>
    <motionState vehicle="2" speed="4701" time="6830" acceleration="-17"/>
    <motionState vehicle="3" speed="4677" time="6830" acceleration="-44"/>
    <motionState vehicle="4" speed="4652" time="6830" acceleration="277"/>
    <motionState vehicle="0" speed="4649" time="6840" acceleration="643"/>
    <motionState vehicle="1" speed="4693" time="6840" acceleration="316"/>
    <motionState vehicle="2" speed="4701" time="6840" acceleration="-19"/>
    <motionState vehicle="3" speed="4676" time="6840" acceleration="-43"/>
    <motionState vehicle="4" speed="4652" time="6840" acceleration="277"/>
    <motionState vehicle="0" speed="4650" time="6850" acceleration="638"/>
    <motionState vehicle="1" speed="4693" time="6850" acceleration="311"/>
    <motionState vehicle="2" speed="4701" time="6850" acceleration="-21"/>
    <motionState vehicle="3" speed="4676" time="6850" acceleration="-41"/>
    <motionState vehicle="4" speed="4653" time="6850" acceleration="278"/>
    <motionState vehicle="0" speed="4651" time="6860" acceleration="633"/>
    <motionState vehicle="1" speed="4693" time="6860" acceleration="306"/>
    <motionState vehicle="2" speed="4701" time="6860" acceleration="-24"/>
    <motionState vehicle="3" speed="4676" time="6860" acceleration="-40"/>
    <motionState vehicle="4" speed="4653" time="6860" acceleration="278"/>
    <motionState vehicle="0" speed="4651" time="6870" acceleration="628"/>
    <motionState vehicle="1" speed="4694" time="6870" acceleration="301"/>
    <motionState vehicle="2" speed="4701" time="6870" acceleration="-26"/>
    <motionState vehicle="3" speed="4676" time="6870" acceleration="-39"/>
    <motionState vehicle="4" speed="4653" time="6870" acceleration="279"/>
    <motionState vehicle="0" speed="4652" time="6880" acceleration="623"/>
    <motionState vehicle="1" speed="4694" time="6880" acceleration="296"/>
    <motionState vehicle="2" speed="4701" time="6880" acceleration="-28"/>
    <motionState vehicle="3" speed="4676" time="6880" acceleration="-38"/>
    <motionState vehicle="4" speed="4653" time="6880" acceleration="279"/>
    <motionState vehicle="0" speed="4653" time="6890" acceleration="618"/>
    <motionState vehicle="1" speed="4694" time="6890" acceleration="291"/>
    <motionState vehicle="2" speed="4701" time="6890" acceleration="-30"/>
    <motionState vehicle="3" speed="4676" time="6890" acceleration="-37"/>
    <motionState vehicle="4" speed="4654" time="6890" acceleration="280"/>
    <motionState vehicle="0" speed="4653" time="6900" acceleration="614"/>
    <motionState vehicle="1" speed="4694" time="6900" acceleration="286"/>
    <motionState vehicle="2" speed="4701" time="6900" acceleration="-32"/>
    <motionState vehicle="3" speed="4676" time="6900" acceleration="-36"/>
    <motionState vehicle="4" speed="4654" time="6900" acceleration="280"/>
    <motionState vehicle="0" speed="4654" time="6910" acceleration="609"/>
    <motionState vehicle="1" speed="4695" time="6910" acceleration="281"/>
    <motionState vehicle="2" speed="4701" time="6910" acceleration="-34"/>
    <motionState vehicle="3" speed="4676" time="6910" acceleration="-34"/>
    <motionState vehicle="4" speed="4654" time="6910" acceleration="281"/>
    <motionState vehicle="0" speed="4654" time="6920" acceleration="604"/>
    <motionState vehicle="1" speed="4695" time="6920" acceleration="276"/>
    <motionState vehicle="2" speed="4701" time="6920" acceleration="-36"/>
    <motionState vehicle="3" speed="4676" time="6920" acceleration="-33"/>
    <motionState vehicle="4" speed="4655" time="6920" acceleration="281"/>
    <motionState vehicle="0" speed="4655" time="6930" acceleration="599"/>
    <motionState vehicle="1" speed="4695" time="6930" acceleration="271"/>
    <motionState vehicle="2" speed="4701" time="6930" acceleration="-38"/>
    <motionState vehicle="3" speed="4676" time="6930" acceleration="-32"/>
    <motionState vehicle="4" speed="4655" time="6930" acceleration="282"/>
    <motionState vehicle="0" speed="4656" time="6940" acceleration="594"/>
    <motionState vehicle="1" speed="4696" time="6940" acceleration="266"/>
    <motionState vehicle="2" speed="4701" time="6940" acceleration="-40"/>
    <motionState vehicle="3" speed="4676" time="6940" acceleration="-31"/>
    <motionState vehicle="4" speed="4655" time="6940" acceleration="282"/>
    <motionState vehicle="0" speed="4656" time="6950" acceleration="590"/>
    <motionState vehicle="1" speed="4696" time="6950" acceleration="262"/>
    <motionState vehicle="2" speed="4701" time="6950" acceleration="-42"/>
    <motionState vehicle="3" speed="4676" time="6950" acceleration="-30"/>
    <motionState vehicle="4" speed="4655" time="6950" acceleration="282"/>
    <motionState vehicle="0" speed="4657" time="6960" acceleration="585"/>
    <motionState vehicle="1" speed="4696" time="6960" acceleration="257"/>
    <motionState vehicle="2" speed="4701" time="6960" acceleration="-43"/>
    <motionState vehicle="3" speed="4676" time="6960" acceleration="-28"/>
    <motionState vehicle="4" speed="4656" time="6960" acceleration="282"/>
    <motionState vehicle="0" speed="4657" time="6970" acceleration="580"/>
    <motionState vehicle="1" speed="4696" time="6970" acceleration="252"/>
    <motionState vehicle="2" speed="4701" time="6970" acceleration="-45"/>
    <motionState vehicle="3" speed="4676" time="6970" acceleration="-27"/>
    <motionState vehicle="4" speed="4656" time="6970" acceleration="283"/>
    <motionState vehicle="0" speed="4658" time="6980" acceleration="576"/>
    <motionState vehicle="1" speed="4697" time="6980" acceleration="248"/>
    <motionState vehicle="2" speed="4701" time="6980" acceleration="-47"/>
    <motionState vehicle="3" speed="4676" time="6980" acceleration="-26"/>
    <motionState vehicle="4" speed="4656" time="6980" acceleration="283"/>
    <motionState vehicle="0" speed="4659" time="6990" acceleration="571"/>
    <motionState vehicle="1" speed="4697" time="6990" acceleration="243"/>
    <motionState vehicle="2" speed="4701" time="6990" acceleration="-48"/>
    <motionState vehicle="3" speed="4676" time="6990" acceleration="-25"/>
    <motionState vehicle="4" speed="4657" time="6990" acceleration="283"/>
    <motionState vehicle="0" speed="4659" time="7000" acceleration="566"/>
    <motionState vehicle="1" speed="4697" time="7000" acceleration="239"/>
    <motionState vehicle="2" speed="4701" time="7000" acceleration="-50"/>
    <motionState vehicle="3" speed="4676" time="7000" acceleration="-23"/>
    <motionState vehicle="4" speed="4657" time="7000" acceleration="283"/>
    <motionState vehicle="0" speed="4660" time="7010" acceleration="561"/>
    <motionState vehicle="1" speed="4697" time="7010" acceleration="234"/>
    <motionState vehicle="2" speed="4701" time="7010" acceleration="-51"/>
    <motionState vehicle="3" speed="4676" time="7010" acceleration="-22"/>
    <motionState vehicle="4" speed="4657" time="7010" acceleration="284"/>
    <motionState vehicle="0" speed="4660" time="7020" acceleration="557"/>
    <motionState vehicle="1" speed="4697" time="7020" acceleration="230"/>
    <motionState vehicle="2" speed="4701" time="7020" acceleration="-53"/>
    <motionState vehicle="3" speed="4676" time="7020" acceleration="-21"/>
    <motionState vehicle="4" speed="4657" time="7020" acceleration="284"/>
    <motionState vehicle="0" speed="4661" time="7030" acceleration="552"/>
    <motionState vehicle="1" speed="4698" time="7030" acceleration="225"/>
    <motionState vehicle="2" speed="4700" time="7030" acceleration="-54"/>
    <motionState vehicle="3" speed="4676" time="7030" acceleration="-19"/>
    <motionState vehicle="4" speed="4658" time="7030" acceleration="284"/>
    <motionState vehicle="0" speed="4661" time="7040" acceleration="548"/>
    <motionState vehicle="1" speed="4698" time="7040" acceleration="221"/>
    <motionState vehicle="2" speed="4700" time="7040" acceleration="-56"/>
    <motionState vehicle="3" speed="4676" time="7040" acceleration="-18"/>
    <motionState vehicle="4" speed="4658" time="7040" acceleration="284"/>
    <motionState vehicle="0" speed="4662" time="7050" acceleration="543"/>
    <motionState vehicle="1" speed="4698" time="7050" acceleration="217"/>
    <motionState vehicle="2" speed="4700" time="7050" acceleration="-57"/>
    <motionState vehicle="3" speed="4676" time="7050" acceleration="-17"/>
    <motionState vehicle="4" speed="4658" time="7050" acceleration="284"/>
    <motionState vehicle="0" speed="4662" time="7060" acceleration="538"/>
    <motionState vehicle="1" speed="4698" time="7060" acceleration="213"/>
    <motionState vehicle="2" speed="4700" time="7060" acceleration="-59"/>
    <motionState vehicle="3" speed="4676" time="7060" acceleration="-15"/>
    <motionState vehicle="4" speed="4659" time="7060" acceleration="284"/>
    <motionState vehicle="0" speed="4663" time="7070" acceleration="534"/>
    <motionState vehicle="1" speed="4699" time="7070" acceleration="208"/>
    <motionState vehicle="2" speed="4700" time="7070" acceleration="-60"/>
    <motionState vehicle="3" speed="4676" time="7070" acceleration="-14"/>
    <motionState vehicle="4" speed="4659" time="7070" acceleration="284"/>
    <motionState vehicle="0" speed="4663" time="7080" acceleration="529"/>
    <motionState vehicle="1" speed="4699" time="7080" acceleration="204"/>
    <motionState vehicle="2" speed="4700" time="7080" acceleration="-61"/>
    <motionState vehicle="3" speed="4676" time="7080" acceleration="-13"/>
    <motionState vehicle="4" speed="4659" time="7080" acceleration="285"/>
    <motionState vehicle="0" speed="4664" time="7090" acceleration="525"/>
    <motionState vehicle="1" speed="4699" time="7090" acceleration="200"/>
    <motionState vehicle="2" speed="4700" time="7090" acceleration="-62"/>
    <motionState vehicle="3" speed="4676" time="7090" acceleration="-12"/>
    <motionState vehicle="4" speed="4659" time="7090" acceleration="285"/>
    <motionState vehicle="0" speed="4665" time="7100" acceleration="520"/>
    <motionState vehicle="1" speed="4699" time="7100" acceleration="196"/>
    <motionState vehicle="2" speed="4700" time="7100" acceleration="-63"/>
    <motionState vehicle="3" speed="4676" time="7100" acceleration="-10"/>
    <motionState vehicle="4" speed="4660" time="7100" acceleration="285"/>
    <motionState vehicle="0" speed="4665" time="7110" acceleration="516"/>
    <motionState vehicle="1" speed="4699" time="7110" acceleration="192"/>
    <motionState vehicle="2" speed="4700" time="7110" acceleration="-65"/>
    <motionState vehicle="3" speed="4676" time="7110" acceleration="-9"/>
    <motionState vehicle="4" speed="4660" time="7110" acceleration="285"/>
    <motionState vehicle="0" speed="4666" time="7120" acceleration="511"/>
    <motionState vehicle="1" speed="4700" time="7120" acceleration="188"/>
    <motionState vehicle="2" speed="4700" time="7120" acceleration="-66"/>
    <motionState vehicle="3" speed="4676" time="7120" acceleration="-8"/>
    <motionState vehicle="4" speed="4660" time="7120" acceleration="285"/>
    <motionState vehicle="0" speed="4666" time="7130" acceleration="507"/>
    <motionState vehicle="1" speed="4700" time="7130" acceleration="184"/>
    <motionState vehicle="2" speed="4700" time="7130" acceleration="-67"/>
    <motionState vehicle="3" speed="4676" time="7130" acceleration="-6"/>
    <motionState vehicle="4" speed="4661" time="7130" acceleration="284"/>
    <motionState vehicle="0" speed="4667" time="7140" acceleration="502"/>
    <motionState vehicle="1" speed="4700" time="7140" acceleration="180"/>
    <motionState vehicle="2" speed="4700" time="7140" acceleration="-68"/>
    <motionState vehicle="3" speed="4676" time="7140" acceleration="-5"/>
    <motionState vehicle="4" speed="4661" time="7140" acceleration="284"/>
    <motionState vehicle="0" speed="4667" time="7150" acceleration="498"/>
    <motionState vehicle="1" speed="4700" time="7150" acceleration="176"/>
    <motionState vehicle="2" speed="4700" time="7150" acceleration="-69"/>
    <motionState vehicle="3" speed="4676" time="7150" acceleration="-4"/>
    <motionState vehicle="4" speed="4661" time="7150" acceleration="284"/>
    <motionState vehicle="0" speed="4668" time="7160" acceleration="493"/>
    <motionState vehicle="1" speed="4700" time="7160" acceleration="172"/>
    <motionState vehicle="2" speed="4700" time="7160" acceleration="-70"/>
    <motionState vehicle="3" speed="4676" time="7160" acceleration="-2"/>
    <motionState vehicle="4" speed="4661" time="7160" acceleration="284"/>
    <motionState vehicle="0" speed="4668" time="7170" acceleration="489"/>
    <motionState vehicle="1" speed="4700" time="7170" acceleration="168"/>
    <motionState vehicle="2" speed="4700" time="7170" acceleration="-71"/>
    <motionState vehicle="3" speed="4676" time="7170" acceleration="-1"/>
    <motionState vehicle="4" speed="4662" time="7170" acceleration="284"/>
    <motionState vehicle="0" speed="4669" time="7180" acceleration="484"/>
    <motionState vehicle="1" speed="4701" time="7180" acceleration="164"/>
    <motionState vehicle="2" speed="4700" time="7180" acceleration="-72"/>
    <motionState vehicle="3" speed="4676" time="7180" acceleration="0"/>
    <motionState vehicle="4" speed="4662" time="7180" acceleration="284"/>
    <motionState vehicle="0" speed="4669" time="7190" acceleration="480"/>
    <motionState vehicle="1" speed="4701" time="7190" acceleration="161"/>
    <motionState vehicle="2" speed="4699" time="7190" acceleration="-72"/>
    <motionState vehicle="3" speed="4676" time="7190" acceleration="1"/>
    <motionState vehicle="4" speed="4662" time="7190" acceleration="284"/>
    <motionState vehicle="0" speed="4669" time="7200" acceleration="476"/>
    <motionState vehicle="1" speed="4701" time="7200" acceleration="157"/>
    <motionState vehicle="2" speed="4699" time="7200" acceleration="-73"/>
    <motionState vehicle="3" speed="4676" time="7200" acceleration="2"/>
    <motionState vehicle="4" speed="4663" time="7200" acceleration="284"/>
    <motionState vehicle="0" speed="4670" time="7210" acceleration="471"/>
    <motionState vehicle="1" speed="4701" time="7210" acceleration="153"/>
    <motionState vehicle="2" speed="4699" time="7210" acceleration="-74"/>
    <motionState vehicle="3" speed="4676" time="7210" acceleration="3"/>
    <motionState vehicle="4" speed="4663" time="7210" acceleration="283"/>
    <motionState vehicle="0" speed="4670" time="7220" acceleration="467"/>
    <motionState vehicle="1" speed="4701" time="7220" acceleration="150"/>
    <motionState vehicle="2" speed="4699" time="7220" acceleration="-75"/>
    <motionState vehicle="3" speed="4676" time="7220" acceleration="5"/>
    <motionState vehicle="4" speed="4663" time="7220" acceleration="283"/>
    <motionState vehicle="0" speed="4671" time="7230" acceleration="462"/>
    <motionState vehicle="1" speed="4701" time="7230" acceleration="146"/>
    <motionState vehicle="2" speed="4699" time="7230" acceleration="-75"/>
    <motionState vehicle="3" speed="4676" time="7230" acceleration="6"/>
    <motionState vehicle="4" speed="4663" time="7230" acceleration="283"/>
    <motionState vehicle="0" speed="4671" time="7240" acceleration="458"/>
    <motionState vehicle="1" speed="4702" time="7240" acceleration="143"/>
    <motionState vehicle="2" speed="4699" time="7240" acceleration="-76"/>
    <motionState vehicle="3" speed="4676" time="7240" acceleration="7"/>
    <motionState vehicle="4" speed="4664" time="7240" acceleration="283"/>
    <motionState vehicle="0" speed="4672" time="7250" acceleration="454"/>
    <motionState vehicle="1" speed="4702" time="7250" acceleration="139"/>
    <motionState vehicle="2" speed="4699" time="7250" acceleration="-77"/>
    <motionState vehicle="3" speed="4676" time="7250" acceleration="9"/>
    <motionState vehicle="4" speed="4664" time="7250" acceleration="282"/>
    <motionState vehicle="0" speed="4672" time="7260" acceleration="450"/>
    <motionState vehicle="1" speed="4702" time="7260" acceleration="136"/>
    <motionState vehicle="2" speed="4699" time="7260" acceleration="-77"/>
    <motionState vehicle="3" speed="4676" time="7260" acceleration="10"/>
    <motionState vehicle="4" speed="4664" time="7260" acceleration="282"/>
    <motionState vehicle="0" speed="4673" time="7270" acceleration="445"/>
    <motionState vehicle="1" speed="4702" time="7270" acceleration="132"/>
    <motionState vehicle="2" speed="4699" time="7270" acceleration="-78"/>
    <motionState vehicle="3" speed="4676" time="7270" acceleration="11"/>
    <motionState vehicle="4" speed="4664" time="7270" acceleration="282"/>
    <motionState vehicle="0" speed="4673" time="7280" acceleration="441"/>
    <motionState vehicle="1" speed="4702" time="7280" acceleration="129"/>
    <motionState vehicle="2" speed="4699" time="7280" acceleration="-79"/>
    <motionState vehicle="3" speed="4676" time="7280" acceleration="13"/>
    <motionState vehicle="4" speed="4665" time="7280" acceleration="281"/>
    <motionState vehicle="0" speed="4674" time="7290" acceleration="437"/>
    <motionState vehicle="1" speed="4702" time="7290" acceleration="125"/>
    <motionState vehicle="2" speed="4699" time="7290" acceleration="-79"/>
    <motionState vehicle="3" speed="4676" time="7290" acceleration="14"/>
    <motionState vehicle="4" speed="4665" time="7290" acceleration="281"/>
    <motionState vehicle="0" speed="4674" time="7300" acceleration="433"/>
    <motionState vehicle="1" speed="4702" time="7300" acceleration="122"/>
    <motionState vehicle="2" speed="4699" time="7300" acceleration="-80"/>
    <motionState vehicle="3" speed="4676" time="7300" acceleration="15"/>
    <motionState vehicle="4" speed="4665" time="7300" acceleration="281"/>
    <motionState vehicle="0" speed="4674" time="7310" acceleration="428"/>
    <motionState vehicle="1" speed="4702" time="7310" acceleration="119"/>
    <motionState vehicle="2" speed="4699" time="7310" acceleration="-80"/>
    <motionState vehicle="3" speed="4676" time="7310" acceleration="17"/>
    <motionState vehicle="4" speed="4666" time="7310" acceleration="280"/>
    <motionState vehicle="0" speed="4675" time="7320" acceleration="424"/>
    <motionState vehicle="1" speed="4703" time="7320" acceleration="116"/>
    <motionState vehicle="2" speed="4698" time="7320" acceleration="-80"/>
    <motionState vehicle="3" speed="4676" time="7320" acceleration="18"/>
    <motionState vehicle="4" speed="4666" time="7320" acceleration="280"/>
    <motionState vehicle="0" speed="4675" time="7330" acceleration="420"/>
    <motionState vehicle="1" speed="4703" time="7330" acceleration="112"/>
    <motionState vehicle="2" speed="4698" time="7330" acceleration="-81"/>
    <motionState vehicle="3" speed="4676" time="7330" acceleration="19"/>
    <motionState vehicle="4" speed="4666" time="7330" acceleration="280"/>
    <motionState vehicle="0" speed="4676" time="7340" acceleration="416"/>
    <motionState vehicle="1" speed="4703" time="7340" acceleration="109"/>
    <motionState vehicle="2" speed="4698" time="7340" acceleration="-81"/>
    <motionState vehicle="3" speed="4676" time="7340" acceleration="21"/>
    <motionState vehicle="4" speed="4666" time="7340" acceleration="279"/>
    <motionState vehicle="0" speed="4676" time="7350" acceleration="412"/>
    <motionState vehicle="1" speed="4703" time="7350" acceleration="106"/>
    <motionState vehicle="2" speed="4698" time="7350" acceleration="-82"/>
    <motionState vehicle="3" speed="4676" time="7350" acceleration="22"/>
    <motionState vehicle="4" speed="4667" time="7350" acceleration="279"/>
    <motionState vehicle="0" speed="4677" time="7360" acceleration="408"/>
    <motionState vehicle="1" speed="4703" time="7360" acceleration="103"/>
    <motionState vehicle="2" speed="4698" time="7360" acceleration="-82"/>
    <motionState vehicle="3" speed="4676" time="7360" acceleration="23"/>
    <motionState vehicle="4" speed="4667" time="7360" acceleration="278"/>
    <motionState vehicle="0" speed="4677" time="7370" acceleration="404"/>
    <motionState vehicle="1" speed="4703" time="7370" acceleration="100"/>
    <motionState vehicle="2" speed="4698" time="7370" acceleration="-82"/>
    <motionState vehicle="3" speed="4676" time="7370" acceleration="25"/>
    <motionState vehicle="4" speed="4667" time="7370" acceleration="278"/>
    <motionState vehicle="0" speed="4677" time="7380" acceleration="400"/>
    <motionState vehicle="1" speed="4703" time="7380" acceleration="97"/>
    <motionState vehicle="2" speed="4698" time="7380" acceleration="-82"/>
    <motionState vehicle="3" speed="4676" time="7380" acceleration="26"/>
    <motionState vehicle="4" speed="4668" time="7380" acceleration="277"/>
    <motionState vehicle="0" speed="4678" time="7390" acceleration="396"/>
    <motionState vehicle="1" speed="4703" time="7390" acceleration="94"/>
    <motionState vehicle="2" speed="4698" time="7390" acceleration="-83"/>
    <motionState vehicle="3" speed="4676" time="7390" acceleration="27"/>
    <motionState vehicle="4" speed="4668" time="7390" acceleration="277"/>
    <motionState vehicle="0" speed="4678" time="7400" acceleration="392"/>
    <motionState vehicle="1" speed="4703" time="7400" acceleration="91"/>
    <motionState vehicle="2" speed="4698" time="7400" acceleration="-83"/>
    <motionState vehicle="3" speed="4676" time="7400" acceleration="28"/>
    <motionState vehicle="4" speed="4668" time="7400" acceleration="276"/>
    <motionState vehicle="0" speed="4678" time="7410" acceleration="388"/>
    <motionState vehicle="1" speed="4703" time="7410" acceleration="88"/>
    <motionState vehicle="2" speed="4698" time="7410" acceleration="-83"/>
    <motionState vehicle="3" speed="4676" time="7410" acceleration="30"/>
    <motionState vehicle="4" speed="4668" time="7410" acceleration="276"/>
    <motionState vehicle="0" speed="4679" time="7420" acceleration="384"/>
    <motionState vehicle="1" speed="4704" time="7420" acceleration="85"/>
    <motionState vehicle="2" speed="4698" time="7420" acceleration="-83"/>
    <motionState vehicle="3" speed="4676" time="7420" acceleration="31"/>
    <motionState vehicle="4" speed="4669" time="7420" acceleration="275"/>
    <motionState vehicle="0" speed="4679" time="7430" acceleration="380"/>
    <motionState vehicle="1" speed="4704" time="7430" acceleration="82"/>
    <motionState vehicle="2" speed="4698" time="7430" acceleration="-83"/>
    <motionState vehicle="3" speed="4676" time="7430" acceleration="32"/>
    <motionState vehicle="4" speed="4669" time="7430" acceleration="274"/>
    <motionState vehicle="0" speed="4680" time="7440" acceleration="376"/>
    <motionState vehicle="1" speed="4704" time="7440" acceleration="79"/>
    <motionState vehicle="2" speed="4697" time="7440" acceleration="-84"/>
    <motionState vehicle="3" speed="4676" time="7440" acceleration="34"/>
    <motionState vehicle="4" speed="4669" time="7440" acceleration="274"/>
    <motionState vehicle="0" speed="4680" time="7450" acceleration="372"/>
    <motionState vehicle="1" speed="4704" time="7450" acceleration="77"/>
    <motionState vehicle="2" speed="4697" time="7450" acceleration="-84"/>
    <motionState vehicle="3" speed="4676" time="7450" acceleration="35"/>
    <motionState vehicle="4" speed="4669" time="7450" acceleration="273"/>
    <motionState vehicle="0" speed="4680" time="7460" acceleration="368"/>
    <motionState vehicle="1" speed="4704" time="7460" acceleration="74"/>
    <motionState vehicle="2" speed="4697" time="7460" acceleration="-84"/>
    <motionState vehicle="3" speed="4676" time="7460" acceleration="36"/>
    <motionState vehicle="4" speed="4670" time="7460" acceleration="273"/>
    <motionState vehicle="0" speed="4681" time="7470" acceleration="364"/>
    <motionState vehicle="1" speed="4704" time="7470" acceleration="71"/>
    <motionState vehicle="2" speed="4697" time="7470" acceleration="-84"/>
    <motionState vehicle="3" speed="4676" time="7470" acceleration="37"/>
    <motionState vehicle="4" speed="4670" time="7470" acceleration="272"/>
    <motionState vehicle="0" speed="4681" time="7480" acceleration="360"/>
    <motionState vehicle="1" speed="4704" time="7480" acceleration="68"/>
    <motionState vehicle="2" speed="4697" time="7480" acceleration="-84"/>
    <motionState vehicle="3" speed="4676" time="7480" acceleration="38"/>
    <motionState vehicle="4" speed="4670" time="7480" acceleration="271"/>
    <motionState vehicle="0" speed="4681" time="7490" acceleration="356"/>
    <motionState vehicle="1" speed="4704" time="7490" acceleration="66"/>
    <motionState vehicle="2" speed="4697" time="7490" acceleration="-84"/>
    <motionState vehicle="3" speed="4676" time="7490" acceleration="40"/>
    <motionState vehicle="4" speed="4671" time="7490" acceleration="271"/>
    <motionState vehicle="0" speed="4682" time="7500" acceleration="353"/>
    <motionState vehicle="1" speed="4704" time="7500" acceleration="63"/>
    <motionState vehicle="2" speed="4697" time="7500" acceleration="-84"/>
    <motionState vehicle="3" speed="4676" time="7500" acceleration="41"/>
    <motionState vehicle="4" speed="4671" time="7500" acceleration="270"/>
    <motionState vehicle="0" speed="4682" time="7510" acceleration="349"/>
    <motionState vehicle="1" speed="4704" time="7510" acceleration="61"/>
    <motionState vehicle="2" speed="4697" time="7510" acceleration="-84"/>
    <motionState vehicle="3" speed="4676" time="7510" acceleration="42"/>
    <motionState vehicle="4" speed="4671" time="7510" acceleration="269"/>
    <motionState vehicle="0" speed="4682" time="7520" acceleration="345"/>
    <motionState vehicle="1" speed="4704" time="7520" acceleration="58"/>
    <motionState vehicle="2" speed="4697" time="7520" acceleration="-84"/>
    <motionState vehicle="3" speed="4676" time="7520" acceleration="43"/>
    <motionState vehicle="4" speed="4671" time="7520" acceleration="268"/>
    <motionState vehicle="0" speed="4683" time="7530" acceleration="341"/>
    <motionState vehicle="1" speed="4704" time="7530" acceleration="56"/>
    <motionState vehicle="2" speed="4697" time="7530" acceleration="-83"/>
    <motionState vehicle="3" speed="4677" time="7530" acceleration="44"/>
    <motionState vehicle="4" speed="4672" time="7530" acceleration="268"/>
    <motionState vehicle="0" speed="4683" time="7540" acceleration="337"/>
    <motionState vehicle="1" speed="4704" time="7540" acceleration="53"/>
    <motionState vehicle="2" speed="4697" time="7540" acceleration="-83"/>
    <motionState vehicle="3" speed="4677" time="7540" acceleration="46"/>
    <motionState vehicle="4" speed="4672" time="7540" acceleration="267"/>
    <motionState vehicle="0" speed="4684" time="7550" acceleration="334"/>
    <motionState vehicle="1" speed="4704" time="7550" acceleration="51"/>
    <motionState vehicle="2" speed="4696" time="7550" acceleration="-83"/>
    <motionState vehicle="3" speed="4677" time="7550" acceleration="47"/>
    <motionState vehicle="4" speed="4672" time="7550" acceleration="266"/>
    <motionState vehicle="0" speed="4684" time="7560" acceleration="330"/>
    <motionState vehicle="1" speed="4704" time="7560" acceleration="48"/>
    <motionState vehicle="2" speed="4696" time="7560" acceleration="-83"/>
    <motionState vehicle="3" speed="4677" time="7560" acceleration="48"/>
    <motionState vehicle="4" speed="4672" time="7560" acceleration="265"/>
    <motionState vehicle="0" speed="4684" time="7570" acceleration="326"/>
    <motionState vehicle="1" speed="4704" time="7570" acceleration="46"/>
    <motionState vehicle="2" speed="4696" time="7570" acceleration="-83"/>
    <motionState vehicle="3" speed="4677" time="7570" acceleration="49"/>
    <motionState vehicle="4" speed="4673" time="7570" acceleration="265"/>
    <motionState vehicle="0" speed="4684" time="7580" acceleration="323"/>
    <motionState vehicle="1" speed="4705" time="7580" acceleration="44"/>
    <motionState vehicle="2" speed="4696" time="7580" acceleration="-83"/>
    <motionState vehicle="3" speed="4677" time="7580" acceleration="50"/>
    <motionState vehicle="4" speed="4673" time="7580" acceleration="264"/>
    <motionState vehicle="0" speed="4685" time="7590" acceleration="319"/>
    <motionState vehicle="1" speed="4705" time="7590" acceleration="41"/>
    <motionState vehicle="2" speed="4696" time="7590" acceleration="-83"/>
    <motionState vehicle="3" speed="4677" time="7590" acceleration="51"/>
    <motionState vehicle="4" speed="4673" time="7590" acceleration="263"/>
    <motionState vehicle="0" speed="4685" time="7600" acceleration="315"/>
    <motionState vehicle="1" speed="4705" time="7600" acceleration="39"/>
    <motionState vehicle="2" speed="4696" time="7600" acceleration="-82"/>
    <motionState vehicle="3" speed="4677" time="7600" acceleration="53"/>
    <motionState vehicle="4" speed="4674" time="7600" acceleration="262"/>
    <motionState vehicle="0" speed="4685" time="7610" acceleration="312"/>
    <motionState vehicle="1" speed="4705" time="7610" acceleration="37"/>
    <motionState vehicle="2" speed="4696" time="7610" acceleration="-82"/>
    <motionState vehicle="3" speed="4677" time="7610" acceleration="54"/>
    <motionState vehicle="4" speed="4674" time="7610" acceleration="261"/>
    <motionState vehicle="0" speed="4686" time="7620" acceleration="308"/>
    <motionState vehicle="1" speed="4705" time="7620" acceleration="35"/>
    <motionState vehicle="2" speed="4696" time="7620" acceleration="-82"/>
    <motionState vehicle="3" speed="4677" time="7620" acceleration="55"/>
    <motionState vehicle="4" speed="4674" time="7620" acceleration="260"/>
    <motionState vehicle="0" speed="4686" time="7630" acceleration="305"/>
    <motionState vehicle="1" speed="4705" time="7630" acceleration="32"/>
    <motionState vehicle="2" speed="4696" time="7630" acceleration="-82"/>
    <motionState vehicle="3" speed="4677" time="7630" acceleration="56"/>
    <motionState vehicle="4" speed="4674" time="7630" acceleration="260"/>
    <motionState vehicle="0" speed="4686" time="7640" acceleration="301"/>
    <motionState vehicle="1" speed="4705" time="7640" acceleration="30"/>
    <motionState vehicle="2" speed="4696" time="7640" acceleration="-81"/>
    <motionState vehicle="3" speed="4677" time="7640" acceleration="57"/>
    <motionState vehicle="4" speed="4675" time="7640" acceleration="259"/>
    <motionState vehicle="0" speed="4687" time="7650" acceleration="297"/>
    <motionState vehicle="1" speed="4705" time="7650" acceleration="28"/>
    <motionState vehicle="2" speed="4696" time="7650" acceleration="-81"/>
    <motionState vehicle="3" speed="4677" time="7650" acceleration="58"/>
    <motionState vehicle="4" speed="4675" time="7650" acceleration="258"/>
    <motionState vehicle="0" speed="4687" time="7660" acceleration="294"/>
    <motionState vehicle="1" speed="4705" time="7660" acceleration="26"/>
    <motionState vehicle="2" speed="4696" time="7660" acceleration="-81"/>
    <motionState vehicle="3" speed="4677" time="7660" acceleration="59"/>
    <motionState vehicle="4" speed="4675" time="7660" acceleration="257"/>
    <motionState vehicle="0" speed="4687" time="7670" acceleration="290"/>
    <motionState vehicle="1" speed="4705" time="7670" acceleration="24"/>
    <motionState vehicle="2" speed="4695" time="7670" acceleration="-80"/>
    <motionState vehicle="3" speed="4677" time="7670" acceleration="60"/>
    <motionState vehicle="4" speed="4675" time="7670" acceleration="256"/>
    <motionState vehicle="0" speed="4688" time="7680" acceleration="287"/>
    <motionState vehicle="1" speed="4705" time="7680" acceleration="22"/>
    <motionState vehicle="2" speed="4695" time="7680" acceleration="-80"/>
    <motionState vehicle="3" speed="4677" time="7680" acceleration="61"/>
    <motionState vehicle="4" speed="4676" time="7680" acceleration="255"/>
    <motionState vehicle="0" speed="4688" time="7690" acceleration="284"/>
    <motionState vehicle="1" speed="4705" time="7690" acceleration="20"/>
    <motionState vehicle="2" speed="4695" time="7690" acceleration="-79"/>
    <motionState vehicle="3" speed="4677" time="7690" acceleration="62"/>
    <motionState vehicle="4" speed="4676" time="7690" acceleration="254"/>
    <motionState vehicle="0" speed="4688" time="7700" acceleration="280"/>
    <motionState vehicle="1" speed="4705" time="7700" acceleration="18"/>
    <motionState vehicle="2" speed="4695" time="7700" acceleration="-79"/>
    <motionState vehicle="3" speed="4677" time="7700" acceleration="63"/>
    <motionState vehicle="4" speed="4676" time="7700" acceleration="253"/>
    <motionState vehicle="0" speed="4688" time="7710" acceleration="277"/>
    <motionState vehicle="1" speed="4705" time="7710" acceleration="16"/>
    <motionState vehicle="2" speed="4695" time="7710" acceleration="-79"/>
    <motionState vehicle="3" speed="4678" time="7710" acceleration="64"/>
    <motionState vehicle="4" speed="4676" time="7710" acceleration="252"/>
    <motionState vehicle="0" speed="4689" time="7720" acceleration="273"/>
    <motionState vehicle="1" speed="4705" time="7720" acceleration="14"/>
    <motionState vehicle="2" speed="4695" time="7720" acceleration="-78"/>
    <motionState vehicle="3" speed="4678" time="7720" acceleration="65"/>
    <motionState vehicle="4" speed="4677" time="7720" acceleration="251"/>
    <motionState vehicle="0" speed="4689" time="7730" acceleration="270"/>
    <motionState vehicle="1" speed="4705" time="7730" acceleration="12"/>
    <motionState vehicle="2" speed="4695" time="7730" acceleration="-78"/>
    <motionState vehicle="3" speed="4678" time="7730" acceleration="66"/>
    <motionState vehicle="4" speed="4677" time="7730" acceleration="250"/>
    <motionState vehicle="0" speed="4689" time="7740" acceleration="267"/>
    <motionState vehicle="1" speed="4705" time="7740" acceleration="10"/>
    <motionState vehicle="2" speed="4695" time="7740" acceleration="-77"/>
    <motionState vehicle="3" speed="4678" time="7740" acceleration="67"/>
    <motionState vehicle="4" speed="4677" time="7740" acceleration="249"/>
    <motionState vehicle="0" speed="4689" time="7750" acceleration="263"/>
    <motionState vehicle="1" speed="4705" time="7750" acceleration="9"/>
    <motionState vehicle="2" speed="4695" time="7750" acceleration="-77"/>
    <motionState vehicle="3" speed="4678" time="7750" acceleration="68"/>
    <motionState vehicle="4" speed="4677" time="7750" acceleration="248"/>
    <motionState vehicle="0" speed="4690" time="7760" acceleration="260"/>
    <motionState vehicle="1" speed="4705" time="7760" acceleration="7"/>
    <motionState vehicle="2" speed="4695" time="7760" acceleration="-76"/>
    <motionState vehicle="3" speed="4678" time="7760" acceleration="69"/>
    <motionState vehicle="4" speed="4678" time="7760" acceleration="247"/>
    <motionState vehicle="0" speed="4690" time="7770" acceleration="257"/>
    <motionState vehicle="1" speed="4705" time="7770" acceleration="5"/>
    <motionState vehicle="2" speed="4695" time="7770" acceleration="-76"/>
    <motionState vehicle="3" speed="4678" time="7770" acceleration="70"/>
    <motionState vehicle="4" speed="4678" time="7770" acceleration="246"/>
    <motionState vehicle="0" speed="4690" time="7780" acceleration="253"/>
    <motionState vehicle="1" speed="4705" time="7780" acceleration="3"/>
    <motionState vehicle="2" speed="4695" time="7780" acceleration="-75"/>
    <motionState vehicle="3" speed="4678" time="7780" acceleration="71"/>
    <motionState vehicle="4" speed="4678" time="7780" acceleration="245"/>
    <motionState vehicle="0" speed="4690" time="7790" acceleration="250"/>
    <motionState vehicle="1" speed="4705" time="7790" acceleration="2"/>
    <motionState vehicle="2" speed="4695" time="7790" acceleration="-75"/>
    <motionState vehicle="3" speed="4678" time="7790" acceleration="72"/>
    <motionState vehicle="4" speed="4678" time="7790" acceleration="244"/>
    <motionState vehicle="0" speed="4691" time="7800" acceleration="247"/>
    <motionState vehicle="1" speed="4705" time="7800" acceleration="0"/>
    <motionState vehicle="2" speed="4694" time="7800" acceleration="-74"/>
    <motionState vehicle="3" speed="4678" time="7800" acceleration="73"/>
    <motionState vehicle="4" speed="4679" time="7800" acceleration="243"/>
    <motionState vehicle="0" speed="4691" time="7810" acceleration="244"/>
    <motionState vehicle="1" speed="4705" time="7810" acceleration="-1"/>
    <motionState vehicle="2" speed="4694" time="7810" acceleration="-74"/>
    <motionState vehicle="3" speed="4678" time="7810" acceleration="74"/>
    <motionState vehicle="4" speed="4679" time="7810" acceleration="242"/>
    <motionState vehicle="0" speed="4691" time="7820" acceleration="241"/>
    <motionState vehicle="1" speed="4705" time="7820" acceleration="-2"/>
    <motionState vehicle="2" speed="4694" time="7820" acceleration="-73"/>
    <motionState vehicle="3" speed="4678" time="7820" acceleration="75"/>
    <motionState vehicle="4" speed="4679" time="7820" acceleration="241"/>
    <motionState vehicle="0" speed="4691" time="7830" acceleration="238"/>
    <motionState vehicle="1" speed="4705" time="7830" acceleration="-4"/>
    <motionState vehicle="2" speed="4694" time="7830" acceleration="-73"/>
    <motionState vehicle="3" speed="4678" time="7830" acceleration="76"/>
    <motionState vehicle="4" speed="4679" time="7830" acceleration="240"/>
    <motionState vehicle="0" speed="4692" time="7840" acceleration="234"/>
    <motionState vehicle="1" speed="4705" time="7840" acceleration="-5"/>
    <motionState vehicle="2" speed="4694" time="7840" acceleration="-72"/>
    <motionState vehicle="3" speed="4678" time="7840" acceleration="77"/>
    <motionState vehicle="4" speed="4680" time="7840" acceleration="239"/>
    <motionState vehicle="0" speed="4692" time="7850" acceleration="231"/>
    <motionState vehicle="1" speed="4705" time="7850" acceleration="-7"/>
    <motionState vehicle="2" speed="4694" time="7850" acceleration="-71"/>
    <motionState vehicle="3" speed="4679" time="7850" acceleration="78"/>
    <motionState vehicle="4" speed="4680" time="7850" acceleration="238"/>
    <motionState vehicle="0" speed="4692" time="7860" acceleration="228"/>
    <motionState vehicle="1" speed="4705" time="7860" acceleration="-8"/>
    <motionState vehicle="2" speed="4694" time="7860" acceleration="-71"/>
    <motionState vehicle="3" speed="4679" time="7860" acceleration="78"/>
    <motionState vehicle="4" speed="4680" time="7860" acceleration="236"/>
    <motionState vehicle="0" speed="4692" time="7870" acceleration="225"/>
    <motionState vehicle="1" speed="4705" time="7870" acceleration="-10"/>
    <motionState vehicle="2" speed="4694" time="7870" acceleration="-70"/>
    <motionState vehicle="3" speed="4679" time="7870" acceleration="79"/>
    <motionState vehicle="4" speed="4680" time="7870" acceleration="235"/>
    <motionState vehicle="0" speed="4693" time="7880" acceleration="222"/>
    <motionState vehicle="1" speed="4705" time="7880" acceleration="-11"/>
    <motionState vehicle="2" speed="4694" time="7880" acceleration="-70"/>
    <motionState vehicle="3" speed="4679" time="7880" acceleration="80"/>
    <motionState vehicle="4" speed="4680" time="7880" acceleration="234"/>
    <motionState vehicle="0" speed="4693" time="7890" acceleration="219"/>
    <motionState vehicle="1" speed="4705" time="7890" acceleration="-13"/>
    <motionState vehicle="2" speed="4694" time="7890" acceleration="-69"/>
    <motionState vehicle="3" speed="4679" time="7890" acceleration="81"/>
    <motionState vehicle="4" speed="4681" time="7890" acceleration="233"/>
    <motionState vehicle="0" speed="4693" time="7900" acceleration="216"/>
    <motionState vehicle="1" speed="4705" time="7900" acceleration="-14"/>
    <motionState vehicle="2" speed="4694" time="7900" acceleration="-68"/>
    <motionState vehicle="3" speed="4679" time="7900" acceleration="82"/>
    <motionState vehicle="4" speed="4681" time="7900" acceleration="232"/>
    <motionState vehicle="0" speed="4693" time="7910" acceleration="213"/>
    <motionState vehicle="1" speed="4705" time="7910" acceleration="-15"/>
    <motionState vehicle="2" speed="4694" time="7910" acceleration="-68"/>
    <motionState vehicle="3" speed="4679" time="7910" acceleration="83"/>
    <motionState vehicle="4" speed="4681" time="7910" acceleration="231"/>
    <motionState vehicle="0" speed="4693" time="7920" acceleration="210"/>
    <motionState vehicle="1" speed="4705" time="7920" acceleration="-17"/>
    <motionState vehicle="2" speed="4694" time="7920" acceleration="-67"/>
    <motionState vehicle="3" speed="4679" time="7920" acceleration="83"/>
    <motionState vehicle="4" speed="4681" time="7920" acceleration="230"/>
    <motionState vehicle="0" speed="4694" time="7930" acceleration="207"/>
    <motionState vehicle="1" speed="4705" time="7930" acceleration="-18"/>
    <motionState vehicle="2" speed="4694" time="7930" acceleration="-66"/>
    <motionState vehicle="3" speed="4679" time="7930" acceleration="84"/>
    <motionState vehicle="4" speed="4682" time="7930" acceleration="228"/>
    <motionState vehicle="0" speed="4694" time="7940" acceleration="204"/>
    <motionState vehicle="1" speed="4705" time="7940" acceleration="-19"/>
    <motionState vehicle="2" speed="4693" time="7940" acceleration="-66"/>
    <motionState vehicle="3" speed="4679" time="7940" acceleration="85"/>
    <motionState vehicle="4" speed="4682" time="7940" acceleration="227"/>
    <motionState vehicle="0" speed="4694" time="7950" acceleration="201"/>
    <motionState vehicle="1" speed="4705" time="7950" acceleration="-21"/>
    <motionState vehicle="2" speed="4693" time="7950" acceleration="-65"/>
    <motionState vehicle="3" speed="4679" time="7950" acceleration="86"/>
    <motionState vehicle="4" speed="4682" time="7950" acceleration="226"/>
    <motionState vehicle="0" speed="4694" time="7960" acceleration="198"/>
    <motionState vehicle="1" speed="4705" time="7960" acceleration="-22"/>
    <motionState vehicle="2" speed="4693" time="7960" acceleration="-64"/>
    <motionState vehicle="3" speed="4679" time="7960" acceleration="86"/>
    <motionState vehicle="4" speed="4682" time="7960" acceleration="225"/>
    <motionState vehicle="0" speed="4694" time="7970" acceleration="196"/>
    <motionState vehicle="1" speed="4705" time="7970" acceleration="-23"/>
    <motionState vehicle="2" speed="4693" time="7970" acceleration="-64"/>
    <motionState vehicle="3" speed="4680" time="7970" acceleration="87"/>
    <motionState vehicle="4" speed="4683" time="7970" acceleration="224"/>
    <motionState vehicle="0" speed="4695" time="7980" acceleration="193"/>
    <motionState vehicle="1" speed="4705" time="7980" acceleration="-24"/>
    <motionState vehicle="2" speed="4693" time="7980" acceleration="-63"/>
    <motionState vehicle="3" speed="4680" time="7980" acceleration="88"/>
    <motionState vehicle="4" speed="4683" time="7980" acceleration="222"/>
    <motionState vehicle="0" speed="4695" time="7990" acceleration="190"/>
    <motionState vehicle="1" speed="4705" time="7990" acceleration="-25"/>
    <motionState vehicle="2" speed="4693" time="7990" acceleration="-62"/>
    <motionState vehicle="3" speed="4680" time="7990" acceleration="89"/>
    <motionState vehicle="4" speed="4683" time="7990" acceleration="221"/>
    <motionState vehicle="0" speed="4695" time="8000" acceleration="187"/>
    <motionState vehicle="1" speed="4705" time="8000" acceleration="-27"/>
    <motionState vehicle="2" speed="4693" time="8000" acceleration="-61"/>
    <motionState vehicle="3" speed="4680" time="8000" acceleration="89"/>
    <motionState vehicle="4" speed="4683" time="8000" acceleration="220"/>
    <motionState vehicle="0" speed="4695" time="8010" acceleration="184"/>
    <motionState vehicle="1" speed="4705" time="8010" acceleration="-28"/>
    <motionState vehicle="2" speed="4693" time="8010" acceleration="-61"/>
    <motionState vehicle="3" speed="4680" time="8010" acceleration="90"/>
    <motionState vehicle="4" speed="4683" time="8010" acceleration="219"/>
    <motionState vehicle="0" speed="4695" time="8020" acceleration="182"/>
    <motionState vehicle="1" speed="4705" time="8020" acceleration="-29"/>
    <motionState vehicle="2" speed="4693" time="8020" acceleration="-60"/>
    <motionState vehicle="3" speed="4680" time="8020" acceleration="91"/>
    <motionState vehicle="4" speed="4684" time="8020" acceleration="218"/>
    <motionState vehicle="0" speed="4696" time="8030" acceleration="179"/>
    <motionState vehicle="1" speed="4705" time="8030" acceleration="-30"/>
    <motionState vehicle="2" speed="4693" time="8030" acceleration="-59"/>
    <motionState vehicle="3" speed="4680" time="8030" acceleration="91"/>
    <motionState vehicle="4" speed="4684" time="8030" acceleration="216"/>
    <motionState vehicle="0" speed="4696" time="8040" acceleration="176"/>
    <motionState vehicle="1" speed="4705" time="8040" acceleration="-31"/>
    <motionState vehicle="2" speed="4693" time="8040" acceleration="-58"/>
    <motionState vehicle="3" speed="4680" time="8040" acceleration="92"/>
    <motionState vehicle="4" speed="4684" time="8040" acceleration="215"/>
    <motionState vehicle="0" speed="4696" time="8050" acceleration="173"/>
    <motionState vehicle="1" speed="4704" time="8050" acceleration="-32"/>
    <motionState vehicle="2" speed="4693" time="8050" acceleration="-58"/>
    <motionState vehicle="3" speed="4680" time="8050" acceleration="93"/>
    <motionState vehicle="4" speed="4684" time="8050" acceleration="214"/>
    <motionState vehicle="0" speed="4696" time="8060" acceleration="171"/>
    <motionState vehicle="1" speed="4704" time="8060" acceleration="-33"/>
    <motionState vehicle="2" speed="4693" time="8060" acceleration="-57"/>
    <motionState vehicle="3" speed="4680" time="8060" acceleration="93"/>
    <motionState vehicle="4" speed="4684" time="8060" acceleration="213"/>
    <motionState vehicle="0" speed="4696" time="8070" acceleration="168"/>
    <motionState vehicle="1" speed="4704" time="8070" acceleration="-34"/>
    <motionState vehicle="2" speed="4693" time="8070" acceleration="-56"/>
    <motionState vehicle="3" speed="4680" time="8070" acceleration="94"/>
    <motionState vehicle="4" speed="4685" time="8070" acceleration="211"/>
    <motionState vehicle="0" speed="4696" time="8080" acceleration="165"/>
    <motionState vehicle="1" speed="4704" time="8080" acceleration="-35"/>
    <motionState vehicle="2" speed="4693" time="8080" acceleration="-55"/>
    <motionState vehicle="3" speed="4681" time="8080" acceleration="94"/>
    <motionState vehicle="4" speed="4685" time="8080" acceleration="210"/>
    <motionState vehicle="0" speed="4697" time="8090" acceleration="163"/>
    <motionState vehicle="1" speed="4704" time="8090" acceleration="-36"/>
    <motionState vehicle="2" speed="4693" time="8090" acceleration="-55"/>
    <motionState vehicle="3" speed="4681" time="8090" acceleration="95"/>
    <motionState vehicle="4" speed="4685" time="8090" acceleration="209"/>
    <motionState vehicle="0" speed="4697" time="8100" acceleration="160"/>
    <motionState vehicle="1" speed="4704" time="8100" acceleration="-37"/>
    <motionState vehicle="2" speed="4693" time="8100" acceleration="-54"/>
    <motionState vehicle="3" speed="4681" time="8100" acceleration="96"/>
    <motionState vehicle="4" speed="4685" time="8100" acceleration="208"/>
    <motionState vehicle="0" speed="4697" time="8110" acceleration="158"/>
    <motionState vehicle="1" speed="4704" time="8110" acceleration="-38"/>
    <motionState vehicle="2" speed="4692" time="8110" acceleration="-53"/>
    <motionState vehicle="3" speed="4681" time="8110" acceleration="96"/>
    <motionState vehicle="4" speed="4686" time="8110" acceleration="206"/>
    <motionState vehicle="0" speed="4697" time="8120" acceleration="155"/>
    <motionState vehicle="1" speed="4704" time="8120" acceleration="-38"/>
    <motionState vehicle="2" speed="4692" time="8120" acceleration="-52"/>
    <motionState vehicle="3" speed="4681" time="8120" acceleration="97"/>
    <motionState vehicle="4" speed="4686" time="8120" acceleration="205"/>
    <motionState vehicle="0" speed="4697" time="8130" acceleration="153"/>
    <motionState vehicle="1" speed="4704" time="8130" acceleration="-39"/>
    <motionState vehicle="2" speed="4692" time="8130" acceleration="-51"/>
    <motionState vehicle="3" speed="4681" time="8130" acceleration="97"/>
    <motionState vehicle="4" speed="4686" time="8130" acceleration="204"/>
    <motionState vehicle="0" speed="4697" time="8140" acceleration="150"/>
    <motionState vehicle="1" speed="4704" time="8140" acceleration="-40"/>
    <motionState vehicle="2" speed="4692" time="8140" acceleration="-51"/>
    <motionState vehicle="3" speed="4681" time="8140" acceleration="98"/>
    <motionState vehicle="4" speed="4686" time="8140" acceleration="202"/>
    <motionState vehicle="0" speed="4697" time="8150" acceleration="148"/>
    <motionState vehicle="1" speed="4704" time="8150" acceleration="-41"/>
    <motionState vehicle="2" speed="4692" time="8150" acceleration="-50"/>
    <motionState vehicle="3" speed="4681" time="8150" acceleration="98"/>
    <motionState vehicle="4" speed="4686" time="8150" acceleration="201"/>
    <motionState vehicle="0" speed="4698" time="8160" acceleration="145"/>
    <motionState vehicle="1" speed="4704" time="8160" acceleration="-42"/>
    <motionState vehicle="2" speed="4692" time="8160" acceleration="-49"/>
    <motionState vehicle="3" speed="4681" time="8160" acceleration="99"/>
    <motionState vehicle="4" speed="4687" time="8160" acceleration="200"/>
    <motionState vehicle="0" speed="4698" time="8170" acceleration="143"/>
    <motionState vehicle="1" speed="4704" time="8170" acceleration="-42"/>
    <motionState vehicle="2" speed="4692" time="8170" acceleration="-48"/>
    <motionState vehicle="3" speed="4681" time="8170" acceleration="99"/>
    <motionState vehicle="4" speed="4687" time="8170" acceleration="198"/>
    <motionState vehicle="0" speed="4698" time="8180" acceleration="140"/>
    <motionState vehicle="1" speed="4704" time="8180" acceleration="-43"/>
    <motionState vehicle="2" speed="4692" time="8180" acceleration="-47"/>
    <motionState vehicle="3" speed="4682" time="8180" acceleration="100"/>
    <motionState vehicle="4" speed="4687" time="8180" acceleration="197"/>
    <motionState vehicle="0" speed="4698" time="8190" acceleration="138"/>
    <motionState vehicle="1" speed="4704" time="8190" acceleration="-44"/>
    <motionState vehicle="2" speed="4692" time="8190" acceleration="-46"/>
    <motionState vehicle="3" speed="4682" time="8190" acceleration="100"/>
    <motionState vehicle="4" speed="4687" time="8190" acceleration="196"/>
    <motionState vehicle="0" speed="4698" time="8200" acceleration="136"/>
    <motionState vehicle="1" speed="4704" time="8200" acceleration="-45"/>
    <motionState vehicle="2" speed="4692" time="8200" acceleration="-46"/>
    <motionState vehicle="3" speed="4682" time="8200" acceleration="101"/>
    <motionState vehicle="4" speed="4687" time="8200" acceleration="195"/>
    <motionState vehicle="0" speed="4698" time="8210" acceleration="133"/>
    <motionState vehicle="1" speed="4704" time="8210" acceleration="-45"/>
    <motionState vehicle="2" speed="4692" time="8210" acceleration="-45"/>
    <motionState vehicle="3" speed="4682" time="8210" acceleration="101"/>
    <motionState vehicle="4" speed="4688" time="8210" acceleration="193"/>
    <motionState vehicle="0" speed="4698" time="8220" acceleration="131"/>
    <motionState vehicle="1" speed="4704" time="8220" acceleration="-46"/>
    <motionState vehicle="2" speed="4692" time="8220" acceleration="-44"/>
    <motionState vehicle="3" speed="4682" time="8220" acceleration="102"/>
    <motionState vehicle="4" speed="4688" time="8220" acceleration="192"/>
    <motionState vehicle="0" speed="4699" time="8230" acceleration="129"/>
    <motionState vehicle="1" speed="4704" time="8230" acceleration="-46"/>
    <motionState vehicle="2" speed="4692" time="8230" acceleration="-43"/>
    <motionState vehicle="3" speed="4682" time="8230" acceleration="102"/>
    <motionState vehicle="4" speed="4688" time="8230" acceleration="191"/>
    <motionState vehicle="0" speed="4699" time="8240" acceleration="126"/>
    <motionState vehicle="1" speed="4704" time="8240" acceleration="-47"/>
    <motionState vehicle="2" speed="4692" time="8240" acceleration="-42"/>
    <motionState vehicle="3" speed="4682" time="8240" acceleration="102"/>
    <motionState vehicle="4" speed="4688" time="8240" acceleration="189"/>
    <motionState vehicle="0" speed="4699" time="8250" acceleration="124"/>
    <motionState vehicle="1" speed="4704" time="8250" acceleration="-48"/>
    <motionState vehicle="2" speed="4692" time="8250" acceleration="-41"/>
    <motionState vehicle="3" speed="4682" time="8250" acceleration="103"/>
    <motionState vehicle="4" speed="4688" time="8250" acceleration="188"/>
    <motionState vehicle="0" speed="4699" time="8260" acceleration="122"/>
    <motionState vehicle="1" speed="4704" time="8260" acceleration="-48"/>
    <motionState vehicle="2" speed="4692" time="8260" acceleration="-41"/>
    <motionState vehicle="3" speed="4682" time="8260" acceleration="103"/>
    <motionState vehicle="4" speed="4688" time="8260" acceleration="187"/>
    <motionState vehicle="0" speed="4699" time="8270" acceleration="119"/>
    <motionState vehicle="1" speed="4704" time="8270" acceleration="-49"/>
    <motionState vehicle="2" speed="4692" time="8270" acceleration="-40"/>
    <motionState vehicle="3" speed="4682" time="8270" acceleration="104"/>
    <motionState vehicle="4" speed="4689" time="8270" acceleration="185"/>
    <motionState vehicle="0" speed="4699" time="8280" acceleration="117"/>
    <motionState vehicle="1" speed="4703" time="8280" acceleration="-49"/>
    <motionState vehicle="2" speed="4692" time="8280" acceleration="-39"/>
    <motionState vehicle="3" speed="4683" time="8280" acceleration="104"/>
    <motionState vehicle="4" speed="4689" time="8280" acceleration="184"/>
    <motionState vehicle="0" speed="4699" time="8290" acceleration="115"/>
    <motionState vehicle="1" speed="4703" time="8290" acceleration="-50"/>
    <motionState vehicle="2" speed="4692" time="8290" acceleration="-38"/>
    <motionState vehicle="3" speed="4683" time="8290" acceleration="104"/>
    <motionState vehicle="4" speed="4689" time="8290" acceleration="183"/>
    <motionState vehicle="0" speed="4699" time="8300" acceleration="113"/>
    <motionState vehicle="1" speed="4703" time="8300" acceleration="-50"/>
    <motionState vehicle="2" speed="4692" time="8300" acceleration="-37"/>
    <motionState vehicle="3" speed="4683" time="8300" acceleration="105"/>
    <motionState vehicle="4" speed="4689" time="8300" acceleration="181"/>
    <motionState vehicle="0" speed="4700" time="8310" acceleration="111"/>
    <motionState vehicle="1" speed="4703" time="8310" acceleration="-51"/>
    <motionState vehicle="2" speed="4692" time="8310" acceleration="-36"/>
    <motionState vehicle="3" speed="4683" time="8310" acceleration="105"/>
    <motionState vehicle="4" speed="4689" time="8310" acceleration="180"/>
    <motionState vehicle="0" speed="4700" time="8320" acceleration="109"/>
    <motionState vehicle="1" speed="4703" time="8320" acceleration="-51"/>
    <motionState vehicle="2" speed="4692" time="8320" acceleration="-36"/>
    <motionState vehicle="3" speed="4683" time="8320" acceleration="105"/>
    <motionState vehicle="4" speed="4690" time="8320" acceleration="179"/>
    <motionState vehicle="0" speed="4700" time="8330" acceleration="106"/>
    <motionState vehicle="1" speed="4703" time="8330" acceleration="-52"/>
    <motionState vehicle="2" speed="4691" time="8330" acceleration="-35"/>
    <motionState vehicle="3" speed="4683" time="8330" acceleration="106"/>
    <motionState vehicle="4" speed="4690" time="8330" acceleration="177"/>
    <motionState vehicle="0" speed="4700" time="8340" acceleration="104"/>
    <motionState vehicle="1" speed="4703" time="8340" acceleration="-52"/>
    <motionState vehicle="2" speed="4691" time="8340" acceleration="-34"/>
    <motionState vehicle="3" speed="4683" time="8340" acceleration="106"/>
    <motionState vehicle="4" speed="4690" time="8340" acceleration="176"/>
    <motionState vehicle="0" speed="4700" time="8350" acceleration="102"/>
    <motionState vehicle="1" speed="4703" time="8350" acceleration="-53"/>
    <motionState vehicle="2" speed="4691" time="8350" acceleration="-33"/>
    <motionState vehicle="3" speed="4683" time="8350" acceleration="106"/>
    <motionState vehicle="4" speed="4690" time="8350" acceleration="175"/>
    <motionState vehicle="0" speed="4700" time="8360" acceleration="100"/>
    <motionState vehicle="1" speed="4703" time="8360" acceleration="-53"/>
    <motionState vehicle="2" speed="4691" time="8360" acceleration="-32"/>
    <motionState vehicle="3" speed="4683" time="8360" acceleration="107"/>
    <motionState vehicle="4" speed="4690" time="8360" acceleration="173"/>
    <motionState vehicle="0" speed="4700" time="8370" acceleration="98"/>
    <motionState vehicle="1" speed="4703" time="8370" acceleration="-53"/>
    <motionState vehicle="2" speed="4691" time="8370" acceleration="-31"/>
    <motionState vehicle="3" speed="4683" time="8370" acceleration="107"/>
    <motionState vehicle="4" speed="4690" time="8370" acceleration="172"/>
    <motionState vehicle="0" speed="4700" time="8380" acceleration="96"/>
    <motionState vehicle="1" speed="4703" time="8380" acceleration="-54"/>
    <motionState vehicle="2" speed="4691" time="8380" acceleration="-31"/>
    <motionState vehicle="3" speed="4684" time="8380" acceleration="107"/>
    <motionState vehicle="4" speed="4691" time="8380" acceleration="170"/>
    <motionState vehicle="0" speed="4700" time="8390" acceleration="94"/>
    <motionState vehicle="1" speed="4703" time="8390" acceleration="-54"/>
    <motionState vehicle="2" speed="4691" time="8390" acceleration="-30"/>
    <motionState vehicle="3" speed="4684" time="8390" acceleration="107"/>
    <motionState vehicle="4" speed="4691" time="8390" acceleration="169"/>
    <motionState vehicle="0" speed="4700" time="8400" acceleration="92"/>
    <motionState vehicle="1" speed="4703" time="8400" acceleration="-54"/>
    <motionState vehicle="2" speed="4691" time="8400" acceleration="-29"/>
    <motionState vehicle="3" speed="4684" time="8400" acceleration="107"/>
    <motionState vehicle="4" speed="4691" time="8400" acceleration="168"/>
    <motionState vehicle="0" speed="4701" time="8410" acceleration="90"/>
    <motionState vehicle="1" speed="4703" time="8410" acceleration="-55"/>
    <motionState vehicle="2" speed="4691" time="8410" acceleration="-28"/>
    <motionState vehicle="3" speed="4684" time="8410" acceleration="108"/>
    <motionState vehicle="4" speed="4691" time="8410" acceleration="166"/>
    <motionState vehicle="0" speed="4701" time="8420" acceleration="88"/>
    <motionState vehicle="1" speed="4703" time="8420" acceleration="-55"/>
    <motionState vehicle="2" speed="4691" time="8420" acceleration="-27"/>
    <motionState vehicle="3" speed="4684" time="8420" acceleration="108"/>
    <motionState vehicle="4" speed="4691" time="8420" acceleration="165"/>
    <motionState vehicle="0" speed="4701" time="8430" acceleration="86"/>
    <motionState vehicle="1" speed="4703" time="8430" acceleration="-55"/>
    <motionState vehicle="2" speed="4691" time="8430" acceleration="-26"/>
    <motionState vehicle="3" speed="4684" time="8430" acceleration="108"/>
    <motionState vehicle="4" speed="4691" time="8430" acceleration="164"/>
    <motionState vehicle="0" speed="4701" time="8440" acceleration="84"/>
    <motionState vehicle="1" speed="4703" time="8440" acceleration="-56"/>
    <motionState vehicle="2" speed="4691" time="8440" acceleration="-25"/>
    <motionState vehicle="3" speed="4684" time="8440" acceleration="108"/>
    <motionState vehicle="4" speed="4692" time="8440" acceleration="162"/>
    <motionState vehicle="0" speed="4701" time="8450" acceleration="83"/>
    <motionState vehicle="1" speed="4703" time="8450" acceleration="-56"/>
    <motionState vehicle="2" speed="4691" time="8450" acceleration="-25"/>
    <motionState vehicle="3" speed="4684" time="8450" acceleration="108"/>
    <motionState vehicle="4" speed="4692" time="8450" acceleration="161"/>
    <motionState vehicle="0" speed="4701" time="8460" acceleration="81"/>
    <motionState vehicle="1" speed="4703" time="8460" acceleration="-56"/>
    <motionState vehicle="2" speed="4691" time="8460" acceleration="-24"/>
    <motionState vehicle="3" speed="4684" time="8460" acceleration="109"/>
    <motionState vehicle="4" speed="4692" time="8460" acceleration="160"/>
    <motionState vehicle="0" speed="4701" time="8470" acceleration="79"/>
    <motionState vehicle="1" speed="4702" time="8470" acceleration="-56"/>
    <motionState vehicle="2" speed="4691" time="8470" acceleration="-23"/>
    <motionState vehicle="3" speed="4685" time="8470" acceleration="109"/>
    <motionState vehicle="4" speed="4692" time="8470" acceleration="158"/>
    <motionState vehicle="0" speed="4701" time="8480" acceleration="77"/>
    <motionState vehicle="1" speed="4702" time="8480" acceleration="-57"/>
    <motionState vehicle="2" speed="4691" time="8480" acceleration="-22"/>
    <motionState vehicle="3" speed="4685" time="8480" acceleration="109"/>
    <motionState vehicle="4" speed="4692" time="8480" acceleration="157"/>
    <motionState vehicle="0" speed="4701" time="8490" acceleration="75"/>
    <motionState vehicle="1" speed="4702" time="8490" acceleration="-57"/>
    <motionState vehicle="2" speed="4691" time="8490" acceleration="-21"/>
    <motionState vehicle="3" speed="4685" time="8490" acceleration="109"/>
    <motionState vehicle="4" speed="4692" time="8490" acceleration="156"/>
    <motionState vehicle="0" speed="4701" time="8500" acceleration="73"/>
    <motionState vehicle="1" speed="4702" time="8500" acceleration="-57"/>
    <motionState vehicle="2" speed="4691" time="8500" acceleration="-20"/>
    <motionState vehicle="3" speed="4685" time="8500" acceleration="109"/>
    <motionState vehicle="4" speed="4693" time="8500" acceleration="154"/>
    <motionState vehicle="0" speed="4701" time="8510" acceleration="72"/>
    <motionState vehicle="1" speed="4702" time="8510" acceleration="-57"/>
    <motionState vehicle="2" speed="4691" time="8510" acceleration="-20"/>
    <motionState vehicle="3" speed="4685" time="8510" acceleration="109"/>
    <motionState vehicle="4" speed="4693" time="8510" acceleration="153"/>
    <motionState vehicle="0" speed="4701" time="8520" acceleration="70"/>
    <motionState vehicle="1" speed="4702" time="8520" acceleration="-57"/>
    <motionState vehicle="2" speed="4691" time="8520" acceleration="-19"/>
    <motionState vehicle="3" speed="4685" time="8520" acceleration="109"/>
    <motionState vehicle="4" speed="4693" time="8520" acceleration="152"/>
    <motionState vehicle="0" speed="4701" time="8530" acceleration="68"/>
    <motionState vehicle="1" speed="4702" time="8530" acceleration="-57"/>
    <motionState vehicle="2" speed="4691" time="8530" acceleration="-18"/>
    <motionState vehicle="3" speed="4685" time="8530" acceleration="110"/>
    <motionState vehicle="4" speed="4693" time="8530" acceleration="150"/>
    <motionState vehicle="0" speed="4702" time="8540" acceleration="67"/>
    <motionState vehicle="1" speed="4702" time="8540" acceleration="-58"/>
    <motionState vehicle="2" speed="4691" time="8540" acceleration="-17"/>
    <motionState vehicle="3" speed="4685" time="8540" acceleration="110"/>
    <motionState vehicle="4" speed="4693" time="8540" acceleration="149"/>
    <motionState vehicle="0" speed="4702" time="8550" acceleration="65"/>
    <motionState vehicle="1" speed="4702" time="8550" acceleration="-58"/>
    <motionState vehicle="2" speed="4691" time="8550" acceleration="-16"/>
    <motionState vehicle="3" speed="4685" time="8550" acceleration="110"/>
    <motionState vehicle="4" speed="4693" time="8550" acceleration="148"/>
    <motionState vehicle="0" speed="4702" time="8560" acceleration="63"/>
    <motionState vehicle="1" speed="4702" time="8560" acceleration="-58"/>
    <motionState vehicle="2" speed="4691" time="8560" acceleration="-16"/>
    <motionState vehicle="3" speed="4686" time="8560" acceleration="110"/>
    <motionState vehicle="4" speed="4693" time="8560" acceleration="146"/>
    <motionState vehicle="0" speed="4702" time="8570" acceleration="61"/>
    <motionState vehicle="1" speed="4702" time="8570" acceleration="-58"/>
    <motionState vehicle="2" speed="4691" time="8570" acceleration="-15"/>
    <motionState vehicle="3" speed="4686" time="8570" acceleration="110"/>
    <motionState vehicle="4" speed="4694" time="8570" acceleration="145"/>
    <motionState vehicle="0" speed="4702" time="8580" acceleration="60"/>
    <motionState vehicle="1" speed="4702" time="8580" acceleration="-58"/>
    <motionState vehicle="2" speed="4691" time="8580" acceleration="-14"/>
    <motionState vehicle="3" speed="4686" time="8580" acceleration="110"/>
    <motionState vehicle="4" speed="4694" time="8580" acceleration="144"/>
    <motionState vehicle="0" speed="4702" time="8590" acceleration="58"/>
    <motionState vehicle="1" speed="4702" time="8590" acceleration="-58"/>
    <motionState vehicle="2" speed="4691" time="8590" acceleration="-13"/>
    <motionState vehicle="3" speed="4686" time="8590" acceleration="110"/>
    <motionState vehicle="4" speed="4694" time="8590" acceleration="142"/>
    <motionState vehicle="0" speed="4702" time="8600" acceleration="57"/>
    <motionState vehicle="1" speed="4702" time="8600" acceleration="-58"/>
    <motionState vehicle="2" speed="4691" time="8600" acceleration="-12"/>
    <motionState vehicle="3" speed="4686" time="8600" acceleration="110"/>
    <motionState vehicle="4" speed="4694" time="8600" acceleration="141"/>
    <motionState vehicle="0" speed="4702" time="8610" acceleration="55"/>
    <motionState vehicle="1" speed="4702" time="8610" acceleration="-58"/>
    <motionState vehicle="2" speed="4691" time="8610" acceleration="-12"/>
    <motionState vehicle="3" speed="4686" time="8610" acceleration="110"/>
    <motionState vehicle="4" speed="4694" time="8610" acceleration="140"/>
    <motionState vehicle="0" speed="4702" time="8620" acceleration="53"/>
    <motionState vehicle="1" speed="4702" time="8620" acceleration="-58"/>
    <motionState vehicle="2" speed="4691" time="8620" acceleration="-11"/>
    <motionState vehicle="3" speed="4686" time="8620" acceleration="110"/>
    <motionState vehicle="4" speed="4694" time="8620" acceleration="138"/>
    <motionState vehicle="0" speed="4702" time="8630" acceleration="52"/>
    <motionState vehicle="1" speed="4702" time="8630" acceleration="-58"/>
    <motionState vehicle="2" speed="4691" time="8630" acceleration="-10"/>
    <motionState vehicle="3" speed="4686" time="8630" acceleration="110"/>
    <motionState vehicle="4" speed="4694" time="8630" acceleration="137"/>
    <motionState vehicle="0" speed="4702" time="8640" acceleration="50"/>
    <motionState vehicle="1" speed="4701" time="8640" acceleration="-58"/>
    <motionState vehicle="2" speed="4691" time="8640" acceleration="-9"/>
    <motionState vehicle="3" speed="4686" time="8640" acceleration="110"/>
    <motionState vehicle="4" speed="4695" time="8640" acceleration="136"/>
    <motionState vehicle="0" speed="4702" time="8650" acceleration="49"/>
    <motionState vehicle="1" speed="4701" time="8650" acceleration="-58"/>
    <motionState vehicle="2" speed="4691" time="8650" acceleration="-8"/>
    <motionState vehicle="3" speed="4687" time="8650" acceleration="110"/>
    <motionState vehicle="4" speed="4695" time="8650" acceleration="134"/>
    <motionState vehicle="0" speed="4702" time="8660" acceleration="47"/>
    <motionState vehicle="1" speed="4701" time="8660" acceleration="-58"/>
    <motionState vehicle="2" speed="4691" time="8660" acceleration="-8"/>
    <motionState vehicle="3" speed="4687" time="8660" acceleration="110"/>
    <motionState vehicle="4" speed="4695" time="8660" acceleration="133"/>
    <motionState vehicle="0" speed="4702" time="8670" acceleration="46"/>
    <motionState vehicle="1" speed="4701" time="8670" acceleration="-58"/>
    <motionState vehicle="2" speed="4691" time="8670" acceleration="-7"/>
    <motionState vehicle="3" speed="4687" time="8670" acceleration="110"/>
    <motionState vehicle="4" speed="4695" time="8670" acceleration="132"/>
    <motionState vehicle="0" speed="4702" time="8680" acceleration="44"/>
    <motionState vehicle="1" speed="4701" time="8680" acceleration="-58"/>
    <motionState vehicle="2" speed="4691" time="8680" acceleration="-6"/>
    <motionState vehicle="3" speed="4687" time="8680" acceleration="110"/>
    <motionState vehicle="4" speed="4695" time="8680" acceleration="130"/>
    <motionState vehicle="0" speed="4702" time="8690" acceleration="43"/>
    <motionState vehicle="1" speed="4701" time="8690" acceleration="-58"/>
    <motionState vehicle="2" speed="4691" time="8690" acceleration="-5"/>
    <motionState vehicle="3" speed="4687" time="8690" acceleration="110"/>
    <motionState vehicle="4" speed="4695" time="8690" acceleration="129"/>
    <motionState vehicle="0" speed="4702" time="8700" acceleration="42"/>
    <motionState vehicle="1" speed="4701" time="8700" acceleration="-58"/>
    <motionState vehicle="2" speed="4691" time="8700" acceleration="-5"/>
    <motionState vehicle="3" speed="4687" time="8700" acceleration="110"/>
    <motionState vehicle="4" speed="4695" time="8700" acceleration="128"/>
    <motionState vehicle="0" speed="4702" time="8710" acceleration="40"/>
    <motionState vehicle="1" speed="4701" time="8710" acceleration="-58"/>
    <motionState vehicle="2" speed="4691" time="8710" acceleration="-4"/>
    <motionState vehicle="3" speed="4687" time="8710" acceleration="109"/>
    <motionState vehicle="4" speed="4695" time="8710" acceleration="126"/>
    <motionState vehicle="0" speed="4702" time="8720" acceleration="39"/>
    <motionState vehicle="1" speed="4701" time="8720" acceleration="-58"/>
    <motionState vehicle="2" speed="4691" time="8720" acceleration="-3"/>
    <motionState vehicle="3" speed="4687" time="8720" acceleration="109"/>
    <motionState vehicle="4" speed="4696" time="8720" acceleration="125"/>
    <motionState vehicle="0" speed="4702" time="8730" acceleration="37"/>
    <motionState vehicle="1" speed="4701" time="8730" acceleration="-58"/>
    <motionState vehicle="2" speed="4691" time="8730" acceleration="-2"/>
    <motionState vehicle="3" speed="4687" time="8730" acceleration="109"/>
    <motionState vehicle="4" speed="4696" time="8730" acceleration="124"/>
    <motionState vehicle="0" speed="4703" time="8740" acceleration="36"/>
    <motionState vehicle="1" speed="4701" time="8740" acceleration="-57"/>
    <motionState vehicle="2" speed="4691" time="8740" acceleration="-1"/>
    <motionState vehicle="3" speed="4688" time="8740" acceleration="109"/>
    <motionState vehicle="4" speed="4696" time="8740" acceleration="122"/>
    <motionState vehicle="0" speed="4703" time="8750" acceleration="35"/>
    <motionState vehicle="1" speed="4701" time="8750" acceleration="-57"/>
    <motionState vehicle="2" speed="4691" time="8750" acceleration="-1"/>
    <motionState vehicle="3" speed="4688" time="8750" acceleration="109"/>
    <motionState vehicle="4" speed="4696" time="8750" acceleration="121"/>
    <motionState vehicle="0" speed="4703" time="8760" acceleration="33"/>
    <motionState vehicle="1" speed="4701" time="8760" acceleration="-57"/>
    <motionState vehicle="2" speed="4691" time="8760" acceleration="0"/>
    <motionState vehicle="3" speed="4688" time="8760" acceleration="109"/>
    <motionState vehicle="4" speed="4696" time="8760" acceleration="120"/>
    <motionState vehicle="0" speed="4703" time="8770" acceleration="32"/>
    <motionState vehicle="1" speed="4701" time="8770" acceleration="-57"/>
    <motionState vehicle="2" speed="4691" time="8770" acceleration="0"/>
    <motionState vehicle="3" speed="4688" time="8770" acceleration="109"/>
    <motionState vehicle="4" speed="4696" time="8770" acceleration="119"/>
    <motionState vehicle="0" speed="4703" time="8780" acceleration="31"/>
    <motionState vehicle="1" speed="4701" time="8780" acceleration="-57"/>
    <motionState vehicle="2" speed="4691" time="8780" acceleration="0"/>
    <motionState vehicle="3" speed="4688" time="8780" acceleration="109"/>
    <motionState vehicle="4" speed="4696" time="8780" acceleration="117"/>
    <motionState vehicle="0" speed="4703" time="8790" acceleration="30"/>
    <motionState vehicle="1" speed="4701" time="8790" acceleration="-57"/>
    <motionState vehicle="2" speed="4691" time="8790" acceleration="1"/>
    <motionState vehicle="3" speed="4688" time="8790" acceleration="109"/>
    <motionState vehicle="4" speed="4696" time="8790" acceleration="116"/>
    <motionState vehicle="0" speed="4703" time="8800" acceleration="28"/>
    <motionState vehicle="1" speed="4701" time="8800" acceleration="-57"/>
    <motionState vehicle="2" speed="4691" time="8800" acceleration="2"/>
    <motionState vehicle="3" speed="4688" time="8800" acceleration="108"/>
    <motionState vehicle="4" speed="4697" time="8800" acceleration="115"/>
    <motionState vehicle="0" speed="4703" time="8810" acceleration="27"/>
    <motionState vehicle="1" speed="4700" time="8810" acceleration="-56"/>
    <motionState vehicle="2" speed="4691" time="8810" acceleration="3"/>
    <motionState vehicle="3" speed="4688" time="8810" acceleration="108"/>
    <motionState vehicle="4" speed="4697" time="8810" acceleration="114"/>
    <motionState vehicle="0" speed="4703" time="8820" acceleration="26"/>
    <motionState vehicle="1" speed="4700" time="8820" acceleration="-56"/>
    <motionState vehicle="2" speed="4691" time="8820" acceleration="3"/>
    <motionState vehicle="3" speed="4688" time="8820" acceleration="108"/>
    <motionState vehicle="4" speed="4697" time="8820" acceleration="112"/>
    <motionState vehicle="0" speed="4703" time="8830" acceleration="25"/>
    <motionState vehicle="1" speed="4700" time="8830" acceleration="-56"/>
    <motionState vehicle="2" speed="4691" time="8830" acceleration="4"/>
    <motionState vehicle="3" speed="4688" time="8830" acceleration="108"/>
    <motionState vehicle="4" speed="4697" time="8830" acceleration="111"/>
    <motionState vehicle="0" speed="4703" time="8840" acceleration="23"/>
    <motionState vehicle="1" speed="4700" time="8840" acceleration="-56"/>
    <motionState vehicle="2" speed="4691" time="8840" acceleration="5"/>
    <motionState vehicle="3" speed="4689" time="8840" acceleration="108"/>
    <motionState vehicle="4" speed="4697" time="8840" acceleration="110"/>
    <motionState vehicle="0" speed="4703" time="8850" acceleration="22"/>
    <motionState vehicle="1" speed="4700" time="8850" acceleration="-56"/>
    <motionState vehicle="2" speed="4691" time="8850" acceleration="5"/>
    <motionState vehicle="3" speed="4689" time="8850" acceleration="107"/>
    <motionState vehicle="4" speed="4697" time="8850" acceleration="108"/>
    <motionState vehicle="0" speed="4703" time="8860" acceleration="21"/>
    <motionState vehicle="1" speed="4700" time="8860" acceleration="-55"/>
    <motionState vehicle="2" speed="4691" time="8860" acceleration="6"/>
    <motionState vehicle="3" speed="4689" time="8860" acceleration="107"/>
    <motionState vehicle="4" speed="4697" time="8860" acceleration="107"/>
    <motionState vehicle="0" speed="4703" time="8870" acceleration="20"/>
    <motionState vehicle="1" speed="4700" time="8870" acceleration="-55"/>
    <motionState vehicle="2" speed="4691" time="8870" acceleration="7"/>
    <motionState vehicle="3" speed="4689" time="8870" acceleration="107"/>
    <motionState vehicle="4" speed="4697" time="8870" acceleration="106"/>
    <motionState vehicle="0" speed="4703" time="8880" acceleration="19"/>
    <motionState vehicle="1" speed="4700" time="8880" acceleration="-55"/>
    <motionState vehicle="2" speed="4691" time="8880" acceleration="8"/>
    <motionState vehicle="3" speed="4689" time="8880" acceleration="107"/>
    <motionState vehicle="4" speed="4697" time="8880" acceleration="105"/>
    <motionState vehicle="0" speed="4703" time="8890" acceleration="18"/>
    <motionState vehicle="1" speed="4700" time="8890" acceleration="-55"/>
    <motionState vehicle="2" speed="4691" time="8890" acceleration="8"/>
    <motionState vehicle="3" speed="4689" time="8890" acceleration="107"/>
    <motionState vehicle="4" speed="4698" time="8890" acceleration="103"/>
    <motionState vehicle="0" speed="4703" time="8900" acceleration="17"/>
    <motionState vehicle="1" speed="4700" time="8900" acceleration="-54"/>
    <motionState vehicle="2" speed="4691" time="8900" acceleration="9"/>
    <motionState vehicle="3" speed="4689" time="8900" acceleration="106"/>
    <motionState vehicle="4" speed="4698" time="8900" acceleration="102"/>
    <motionState vehicle="0" speed="4703" time="8910" acceleration="16"/>
    <motionState vehicle="1" speed="4700" time="8910" acceleration="-54"/>
    <motionState vehicle="2" speed="4691" time="8910" acceleration="10"/>
    <motionState vehicle="3" speed="4689" time="8910" acceleration="106"/>
    <motionState vehicle="4" speed="4698" time="8910" acceleration="101"/>
    <motionState vehicle="0" speed="4703" time="8920" acceleration="15"/>
    <motionState vehicle="1" speed="4700" time="8920" acceleration="-54"/>
    <motionState vehicle="2" speed="4691" time="8920" acceleration="10"/>
    <motionState vehicle="3" speed="4689" time="8920" acceleration="106"/>
    <motionState vehicle="4" speed="4698" time="8920" acceleration="100"/>
    <motionState vehicle="0" speed="4703" time="8930" acceleration="13"/>
    <motionState vehicle="1" speed="4700" time="8930" acceleration="-54"/>
    <motionState vehicle="2" speed="4691" time="8930" acceleration="11"/>
    <motionState vehicle="3" speed="4690" time="8930" acceleration="106"/>
    <motionState vehicle="4" speed="4698" time="8930" acceleration="99"/>
    <motionState vehicle="0" speed="4703" time="8940" acceleration="12"/>
    <motionState vehicle="1" speed="4700" time="8940" acceleration="-53"/>
    <motionState vehicle="2" speed="4691" time="8940" acceleration="11"/>
    <motionState vehicle="3" speed="4690" time="8940" acceleration="105"/>
    <motionState vehicle="4" speed="4698" time="8940" acceleration="97"/>
    <motionState vehicle="0" speed="4703" time="8950" acceleration="11"/>
    <motionState vehicle="1" speed="4700" time="8950" acceleration="-53"/>
    <motionState vehicle="2" speed="4691" time="8950" acceleration="12"/>
    <motionState vehicle="3" speed="4690" time="8950" acceleration="105"/>
    <motionState vehicle="4" speed="4698" time="8950" acceleration="96"/>
    <motionState vehicle="0" speed="4703" time="8960" acceleration="10"/>
    <motionState vehicle="1" speed="4700" time="8960" acceleration="-53"/>
    <motionState vehicle="2" speed="4691" time="8960" acceleration="13"/>
    <motionState vehicle="3" speed="4690" time="8960" acceleration="105"/>
    <motionState vehicle="4" speed="4698" time="8960" acceleration="95"/>
    <motionState vehicle="0" speed="4703" time="8970" acceleration="9"/>
    <motionState vehicle="1" speed="4700" time="8970" acceleration="-53"/>
    <motionState vehicle="2" speed="4691" time="8970" acceleration="13"/>
    <motionState vehicle="3" speed="4690" time="8970" acceleration="105"/>
    <motionState vehicle="4" speed="4698" time="8970" acceleration="94"/>
    <motionState vehicle="0" speed="4703" time="8980" acceleration="8"/>
    <motionState vehicle="1" speed="4700" time="8980" acceleration="-52"/>
    <motionState vehicle="2" speed="4691" time="8980" acceleration="14"/>
    <motionState vehicle="3" speed="4690" time="8980" acceleration="104"/>
    <motionState vehicle="4" speed="4698" time="8980" acceleration="93"/>
    <motionState vehicle="0" speed="4703" time="8990" acceleration="8"/>
    <motionState vehicle="1" speed="4699" time="8990" acceleration="-52"/>
    <motionState vehicle="2" speed="4691" time="8990" acceleration="15"/>
    <motionState vehicle="3" speed="4690" time="8990" acceleration="104"/>
    <motionState vehicle="4" speed="4698" time="8990" acceleration="91"/>
    <motionState vehicle="0" speed="4703" time="9000" acceleration="7"/>
    <motionState vehicle="1" speed="4699" time="9000" acceleration="-52"/>
    <motionState vehicle="2" speed="4691" time="9000" acceleration="15"/>
    <motionState vehicle="3" speed="4690" time="9000" acceleration="104"/>
    <motionState vehicle="4" speed="4699" time="9000" acceleration="90"/>
    <motionState vehicle="0" speed="4703" time="9010" acceleration="6"/>
    <motionState vehicle="1" speed="4699" time="9010" acceleration="-51"/>
    <motionState vehicle="2" speed="4691" time="9010" acceleration="16"/>
    <motionState vehicle="3" speed="4690" time="9010" acceleration="103"/>
    <motionState vehicle="4" speed="4699" time="9010" acceleration="89"/>
    <motionState vehicle="0" speed="4703" time="9020" acceleration="5"/>
    <motionState vehicle="1" speed="4699" time="9020" acceleration="-51"/>
    <motionState vehicle="2" speed="4691" time="9020" acceleration="16"/>
    <motionState vehicle="3" speed="4690" time="9020" acceleration="103"/>
    <motionState vehicle="4" speed="4699" time="9020" acceleration="88"/>
    <motionState vehicle="0" speed="4703" time="9030" acceleration="4"/>
    <motionState vehicle="1" speed="4699" time="9030" acceleration="-51"/>
    <motionState vehicle="2" speed="4691" time="9030" acceleration="17"/>
    <motionState vehicle="3" speed="4691" time="9030" acceleration="103"/>
    <motionState vehicle="4" speed="4699" time="9030" acceleration="87"/>
    <motionState vehicle="0" speed="4703" time="9040" acceleration="3"/>
    <motionState vehicle="1" speed="4699" time="9040" acceleration="-50"/>
    <motionState vehicle="2" speed="4691" time="9040" acceleration="18"/>
    <motionState vehicle="3" speed="4691" time="9040" acceleration="102"/>
    <motionState vehicle="4" speed="4699" time="9040" acceleration="86"/>
    <motionState vehicle="0" speed="4703" time="9050" acceleration="2"/>
    <motionState vehicle="1" speed="4699" time="9050" acceleration="-50"/>
    <motionState vehicle="2" speed="4691" time="9050" acceleration="18"/>
    <motionState vehicle="3" speed="4691" time="9050" acceleration="102"/>
    <motionState vehicle="4" speed="4699" time="9050" acceleration="84"/>
    <motionState vehicle="0" speed="4703" time="9060" acceleration="1"/>
    <motionState vehicle="1" speed="4699" time="9060" acceleration="-50"/>
    <motionState vehicle="2" speed="4691" time="9060" acceleration="19"/>
    <motionState vehicle="3" speed="4691" time="9060" acceleration="102"/>
    <motionState vehicle="4" speed="4699" time="9060" acceleration="83"/>
    <motionState vehicle="0" speed="4703" time="9070" acceleration="0"/>
    <motionState vehicle="1" speed="4699" time="9070" acceleration="-49"/>
    <motionState vehicle="2" speed="4691" time="9070" acceleration="19"/>
    <motionState vehicle="3" speed="4691" time="9070" acceleration="101"/>
    <motionState vehicle="4" speed="4699" time="9070" acceleration="82"/>
    <motionState vehicle="0" speed="4703" time="9080" acceleration="0"/>
    <motionState vehicle="1" speed="4699" time="9080" acceleration="-49"/>
    <motionState vehicle="2" speed="4691" time="9080" acceleration="20"/>
    <motionState vehicle="3" speed="4691" time="9080" acceleration="101"/>
    <motionState vehicle="4" speed="4699" time="9080" acceleration="81"/>
    <motionState vehicle="0" speed="4703" time="9090" acceleration="0"/>
    <motionState vehicle="1" speed="4699" time="9090" acceleration="-48"/>
    <motionState vehicle="2" speed="4691" time="9090" acceleration="21"/>
    <motionState vehicle="3" speed="4691" time="9090" acceleration="101"/>
    <motionState vehicle="4" speed="4699" time="9090" acceleration="80"/>
    <motionState vehicle="0" speed="4703" time="9100" acceleration="-1"/>
    <motionState vehicle="1" speed="4699" time="9100" acceleration="-48"/>
    <motionState vehicle="2" speed="4691" time="9100" acceleration="21"/>
    <motionState vehicle="3" speed="4691" time="9100" acceleration="100"/>
    <motionState vehicle="4" speed="4699" time="9100" acceleration="79"/>
    <motionState vehicle="0" speed="4703" time="9110" acceleration="-2"/>
    <motionState vehicle="1" speed="4699" time="9110" acceleration="-48"/>
    <motionState vehicle="2" speed="4691" time="9110" acceleration="22"/>
    <motionState vehicle="3" speed="4691" time="9110" acceleration="100"/>
    <motionState vehicle="4" speed="4699" time="9110" acceleration="78"/>
    <motionState vehicle="0" speed="4703" time="9120" acceleration="-3"/>
    <motionState vehicle="1" speed="4699" time="9120" acceleration="-47"/>
    <motionState vehicle="2" speed="4691" time="9120" acceleration="22"/>
    <motionState vehicle="3" speed="4692" time="9120" acceleration="100"/>
    <motionState vehicle="4" speed="4700" time="9120" acceleration="76"/>
    <motionState vehicle="0" speed="4703" time="9130" acceleration="-3"/>
    <motionState vehicle="1" speed="4699" time="9130" acceleration="-47"/>
    <motionState vehicle="2" speed="4691" time="9130" acceleration="23"/>
    <motionState vehicle="3" speed="4692" time="9130" acceleration="99"/>
    <motionState vehicle="4" speed="4700" time="9130" acceleration="75"/>
    <motionState vehicle="0" speed="4703" time="9140" acceleration="-4"/>
    <motionState vehicle="1" speed="4699" time="9140" acceleration="-47"/>
    <motionState vehicle="2" speed="4691" time="9140" acceleration="23"/>
    <motionState vehicle="3" speed="4692" time="9140" acceleration="99"/>
    <motionState vehicle="4" speed="4700" time="9140" acceleration="74"/>
    <motionState vehicle="0" speed="4703" time="9150" acceleration="-5"/>
    <motionState vehicle="1" speed="4699" time="9150" acceleration="-46"/>
    <motionState vehicle="2" speed="4691" time="9150" acceleration="24"/>
    <motionState vehicle="3" speed="4692" time="9150" acceleration="98"/>
    <motionState vehicle="4" speed="4700" time="9150" acceleration="73"/>
    <motionState vehicle="0" speed="4703" time="9160" acceleration="-6"/>
    <motionState vehicle="1" speed="4699" time="9160" acceleration="-46"/>
    <motionState vehicle="2" speed="4691" time="9160" acceleration="24"/>
    <motionState vehicle="3" speed="4692" time="9160" acceleration="98"/>
    <motionState vehicle="4" speed="4700" time="9160" acceleration="72"/>
    <motionState vehicle="0" speed="4703" time="9170" acceleration="-6"/>
    <motionState vehicle="1" speed="4699" time="9170" acceleration="-45"/>
    <motionState vehicle="2" speed="4691" time="9170" acceleration="25"/>
    <motionState vehicle="3" speed="4692" time="9170" acceleration="98"/>
    <motionState vehicle="4" speed="4700" time="9170" acceleration="71"/>
    <motionState vehicle="0" speed="4703" time="9180" acceleration="-7"/>
    <motionState vehicle="1" speed="4699" time="9180" acceleration="-45"/>
    <motionState vehicle="2" speed="4691" time="9180" acceleration="25"/>
    <motionState vehicle="3" speed="4692" time="9180" acceleration="97"/>
    <motionState vehicle="4" speed="4700" time="9180" acceleration="70"/>
    <motionState vehicle="0" speed="4703" time="9190" acceleration="-8"/>
    <motionState vehicle="1" speed="4698" time="9190" acceleration="-45"/>
    <motionState vehicle="2" speed="4691" time="9190" acceleration="26"/>
    <motionState vehicle="3" speed="4692" time="9190" acceleration="97"/>
    <motionState vehicle="4" speed="4700" time="9190" acceleration="69"/>
    <motionState vehicle="0" speed="4703" time="9200" acceleration="-8"/>
    <motionState vehicle="1" speed="4698" time="9200" acceleration="-44"/>
    <motionState vehicle="2" speed="4691" time="9200" acceleration="26"/>
    <motionState vehicle="3" speed="4692" time="9200" acceleration="96"/>
    <motionState vehicle="4" speed="4700" time="9200" acceleration="68"/>
    <motionState vehicle="0" speed="4703" time="9210" acceleration="-9"/>
    <motionState vehicle="1" speed="4698" time="9210" acceleration="-44"/>
    <motionState vehicle="2" speed="4691" time="9210" acceleration="27"/>
    <motionState vehicle="3" speed="4692" time="9210" acceleration="96"/>
    <motionState vehicle="4" speed="4700" time="9210" acceleration="67"/>
    <motionState vehicle="0" speed="4703" time="9220" acceleration="-10"/>
    <motionState vehicle="1" speed="4698" time="9220" acceleration="-43"/>
    <motionState vehicle="2" speed="4691" time="9220" acceleration="27"/>
    <motionState vehicle="3" speed="4692" time="9220" acceleration="95"/>
    <motionState vehicle="4" speed="4700" time="9220" acceleration="66"/>
    <motionState vehicle="0" speed="4703" time="9230" acceleration="-10"/>
    <motionState vehicle="1" speed="4698" time="9230" acceleration="-43"/>
    <motionState vehicle="2" speed="4691" time="9230" acceleration="28"/>
    <motionState vehicle="3" speed="4693" time="9230" acceleration="95"/>
    <motionState vehicle="4" speed="4700" time="9230" acceleration="65"/>
    <motionState vehicle="0" speed="4703" time="9240" acceleration="-11"/>
    <motionState vehicle="1" speed="4698" time="9240" acceleration="-43"/>
    <motionState vehicle="2" speed="4691" time="9240" acceleration="28"/>
    <motionState vehicle="3" speed="4693" time="9240" acceleration="95"/>
    <motionState vehicle="4" speed="4700" time="9240" acceleration="64"/>
    <motionState vehicle="0" speed="4703" time="9250" acceleration="-11"/>
    <motionState vehicle="1" speed="4698" time="9250" acceleration="-42"/>
    <motionState vehicle="2" speed="4691" time="9250" acceleration="29"/>
    <motionState vehicle="3" speed="4693" time="9250" acceleration="94"/>
    <motionState vehicle="4" speed="4700" time="9250" acceleration="63"/>
    <motionState vehicle="0" speed="4703" time="9260" acceleration="-12"/>
    <motionState vehicle="1" speed="4698" time="9260" acceleration="-42"/>
    <motionState vehicle="2" speed="4692" time="9260" acceleration="29"/>
    <motionState vehicle="3" speed="4693" time="9260" acceleration="94"/>
    <motionState vehicle="4" speed="4701" time="9260" acceleration="62"/>
    <motionState vehicle="0" speed="4703" time="9270" acceleration="-13"/>
    <motionState vehicle="1" speed="4698" time="9270" acceleration="-41"/>
    <motionState vehicle="2" speed="4692" time="9270" acceleration="30"/>
    <motionState vehicle="3" speed="4693" time="9270" acceleration="93"/>
    <motionState vehicle="4" speed="4701" time="9270" acceleration="61"/>
    <motionState vehicle="0" speed="4703" time="9280" acceleration="-13"/>
    <motionState vehicle="1" speed="4698" time="9280" acceleration="-41"/>
    <motionState vehicle="2" speed="4692" time="9280" acceleration="30"/>
    <motionState vehicle="3" speed="4693" time="9280" acceleration="93"/>
    <motionState vehicle="4" speed="4701" time="9280" acceleration="59"/>
    <motionState vehicle="0" speed="4703" time="9290" acceleration="-14"/>
    <motionState vehicle="1" speed="4698" time="9290" acceleration="-40"/>
    <motionState vehicle="2" speed="4692" time="9290" acceleration="30"/>
    <motionState vehicle="3" speed="4693" time="9290" acceleration="92"/>
    <motionState vehicle="4" speed="4701" time="9290" acceleration="58"/>
    <motionState vehicle="0" speed="4703" time="9300" acceleration="-14"/>
    <motionState vehicle="1" speed="4698" time="9300" acceleration="-40"/>
    <motionState vehicle="2" speed="4692" time="9300" acceleration="31"/>
    <motionState vehicle="3" speed="4693" time="9300" acceleration="92"/>
    <motionState vehicle="4" speed="4701" time="9300" acceleration="57"/>
    <motionState vehicle="0" speed="4703" time="9310" acceleration="-15"/>
    <motionState vehicle="1" speed="4698" time="9310" acceleration="-39"/>
    <motionState vehicle="2" speed="4692" time="9310" acceleration="31"/>
    <motionState vehicle="3" speed="4693" time="9310" acceleration="91"/>
    <motionState vehicle="4" speed="4701" time="9310" acceleration="56"/>
    <motionState vehicle="0" speed="4703" time="9320" acceleration="-15"/>
    <motionState vehicle="1" speed="4698" time="9320" acceleration="-39"/>
    <motionState vehicle="2" speed="4692" time="9320" acceleration="32"/>
    <motionState vehicle="3" speed="4693" time="9320" acceleration="91"/>
    <motionState vehicle="4" speed="4701" time="9320" acceleration="55"/>
    <motionState vehicle="0" speed="4703" time="9330" acceleration="-16"/>
    <motionState vehicle="1" speed="4698" time="9330" acceleration="-39"/>
    <motionState vehicle="2" speed="4692" time="9330" acceleration="32"/>
    <motionState vehicle="3" speed="4694" time="9330" acceleration="91"/>
    <motionState vehicle="4" speed="4701" time="9330" acceleration="55"/>
    <motionState vehicle="0" speed="4703" time="9340" acceleration="-16"/>
    <motionState vehicle="1" speed="4698" time="9340" acceleration="-38"/>
    <motionState vehicle="2" speed="4692" time="9340" acceleration="32"/>
    <motionState vehicle="3" speed="4694" time="9340" acceleration="90"/>
    <motionState vehicle="4" speed="4701" time="9340" acceleration="54"/>
    <motionState vehicle="0" speed="4703" time="9350" acceleration="-17"/>
    <motionState vehicle="1" speed="4698" time="9350" acceleration="-38"/>
    <motionState vehicle="2" speed="4692" time="9350" acceleration="33"/>
    <motionState vehicle="3" speed="4694" time="9350" acceleration="90"/>
    <motionState vehicle="4" speed="4701" time="9350" acceleration="53"/>
    <motionState vehicle="0" speed="4703" time="9360" acceleration="-17"/>
    <motionState vehicle="1" speed="4698" time="9360" acceleration="-37"/>
    <motionState vehicle="2" speed="4692" time="9360" acceleration="33"/>
    <motionState vehicle="3" speed="4694" time="9360" acceleration="89"/>
    <motionState vehicle="4" speed="4701" time="9360" acceleration="52"/>
    <motionState vehicle="0" speed="4703" time="9370" acceleration="-18"/>
    <motionState vehicle="1" speed="4698" time="9370" acceleration="-37"/>
    <motionState vehicle="2" speed="4692" time="9370" acceleration="34"/>
    <motionState vehicle="3" speed="4694" time="9370" acceleration="89"/>
    <motionState vehicle="4" speed="4701" time="9370" acceleration="51"/>
    <motionState vehicle="0" speed="4703" time="9380" acceleration="-18"/>
    <motionState vehicle="1" speed="4698" time="9380" acceleration="-36"/>
    <motionState vehicle="2" speed="4692" time="9380" acceleration="34"/>
    <motionState vehicle="3" speed="4694" time="9380" acceleration="88"/>
    <motionState vehicle="4" speed="4701" time="9380" acceleration="50"/>
    <motionState vehicle="0" speed="4703" time="9390" acceleration="-19"/>
    <motionState vehicle="1" speed="4698" time="9390" acceleration="-36"/>
    <motionState vehicle="2" speed="4692" time="9390" acceleration="34"/>
    <motionState vehicle="3" speed="4694" time="9390" acceleration="88"/>
    <motionState vehicle="4" speed="4701" time="9390" acceleration="49"/>
    <motionState vehicle="0" speed="4703" time="9400" acceleration="-19"/>
    <motionState vehicle="1" speed="4698" time="9400" acceleration="-35"/>
    <motionState vehicle="2" speed="4692" time="9400" acceleration="35"/>
    <motionState vehicle="3" speed="4694" time="9400" acceleration="87"/>
    <motionState vehicle="4" speed="4701" time="9400" acceleration="48"/>
    <motionState vehicle="0" speed="4703" time="9410" acceleration="-20"/>
    <motionState vehicle="1" speed="4698" time="9410" acceleration="-35"/>
    <motionState vehicle="2" speed="4692" time="9410" acceleration="35"/>
    <motionState vehicle="3" speed="4694" time="9410" acceleration="87"/>
    <motionState vehicle="4" speed="4701" time="9410" acceleration="47"/>
    <motionState vehicle="0" speed="4703" time="9420" acceleration="-20"/>
    <motionState vehicle="1" speed="4698" time="9420" acceleration="-34"/>
    <motionState vehicle="2" speed="4692" time="9420" acceleration="35"/>
    <motionState vehicle="3" speed="4694" time="9420" acceleration="86"/>
    <motionState vehicle="4" speed="4701" time="9420" acceleration="46"/>
    <motionState vehicle="0" speed="4703" time="9430" acceleration="-20"/>
    <motionState vehicle="1" speed="4698" time="9430" acceleration="-34"/>
    <motionState vehicle="2" speed="4692" time="9430" acceleration="36"/>
    <motionState vehicle="3" speed="4694" time="9430" acceleration="86"/>
    <motionState vehicle="4" speed="4701" time="9430" acceleration="45"/>
    <motionState vehicle="0" speed="4703" time="9440" acceleration="-21"/>
    <motionState vehicle="1" speed="4697" time="9440" acceleration="-34"/>
    <motionState vehicle="2" speed="4692" time="9440" acceleration="36"/>
    <motionState vehicle="3" speed="4694" time="9440" acceleration="85"/>
    <motionState vehicle="4" speed="4701" time="9440" acceleration="44"/>
    <motionState vehicle="0" speed="4703" time="9450" acceleration="-21"/>
    <motionState vehicle="1" speed="4697" time="9450" acceleration="-33"/>
    <motionState vehicle="2" speed="4692" time="9450" acceleration="36"/>
    <motionState vehicle="3" speed="4695" time="9450" acceleration="85"/>
    <motionState vehicle="4" speed="4702" time="9450" acceleration="43"/>
    <motionState vehicle="0" speed="4703" time="9460" acceleration="-22"/>
    <motionState vehicle="1" speed="4697" time="9460" acceleration="-33"/>
    <motionState vehicle="2" speed="4692" time="9460" acceleration="37"/>
    <motionState vehicle="3" speed="4695" time="9460" acceleration="84"/>
    <motionState vehicle="4" speed="4702" time="9460" acceleration="42"/>
    <motionState vehicle="0" speed="4703" time="9470" acceleration="-22"/>
    <motionState vehicle="1" speed="4697" time="9470" acceleration="-32"/>
    <motionState vehicle="2" speed="4692" time="9470" acceleration="37"/>
    <motionState vehicle="3" speed="4695" time="9470" acceleration="84"/>
    <motionState vehicle="4" speed="4702" time="9470" acceleration="42"/>
    <motionState vehicle="0" speed="4702" time="9480" acceleration="-22"/>
    <motionState vehicle="1" speed="4697" time="9480" acceleration="-32"/>
    <motionState vehicle="2" speed="4692" time="9480" acceleration="37"/>
    <motionState vehicle="3" speed="4695" time="9480" acceleration="83"/>
    <motionState vehicle="4" speed="4702" time="9480" acceleration="41"/>
    <motionState vehicle="0" speed="4702" time="9490" acceleration="-23"/>
    <motionState vehicle="1" speed="4697" time="9490" acceleration="-31"/>
    <motionState vehicle="2" speed="4692" time="9490" acceleration="38"/>
    <motionState vehicle="3" speed="4695" time="9490" acceleration="83"/>
    <motionState vehicle="4" speed="4702" time="9490" acceleration="40"/>
    <motionState vehicle="0" speed="4702" time="9500" acceleration="-23"/>
    <motionState vehicle="1" speed="4697" time="9500" acceleration="-31"/>
    <motionState vehicle="2" speed="4692" time="9500" acceleration="38"/>
    <motionState vehicle="3" speed="4695" time="9500" acceleration="82"/>
    <motionState vehicle="4" speed="4702" time="9500" acceleration="39"/>
    <motionState vehicle="0" speed="4702" time="9510" acceleration="-23"/>
    <motionState vehicle="1" speed="4697" time="9510" acceleration="-30"/>
    <motionState vehicle="2" speed="4692" time="9510" acceleration="38"/>
    <motionState vehicle="3" speed="4695" time="9510" acceleration="81"/>
    <motionState vehicle="4" speed="4702" time="9510" acceleration="38"/>
    <motionState vehicle="0" speed="4702" time="9520" acceleration="-24"/>
    <motionState vehicle="1" speed="4697" time="9520" acceleration="-30"/>
    <motionState vehicle="2" speed="4692" time="9520" acceleration="39"/>
    <motionState vehicle="3" speed="4695" time="9520" acceleration="81"/>
    <motionState vehicle="4" speed="4702" time="9520" acceleration="37"/>
    <motionState vehicle="0" speed="4702" time="9530" acceleration="-24"/>
    <motionState vehicle="1" speed="4697" time="9530" acceleration="-29"/>
    <motionState vehicle="2" speed="4692" time="9530" acceleration="39"/>
    <motionState vehicle="3" speed="4695" time="9530" acceleration="80"/>
    <motionState vehicle="4" speed="4702" time="9530" acceleration="36"/>
    <motionState vehicle="0" speed="4702" time="9540" acceleration="-24"/>
    <motionState vehicle="1" speed="4697" time="9540" acceleration="-29"/>
    <motionState vehicle="2" speed="4692" time="9540" acceleration="39"/>
    <motionState vehicle="3" speed="4695" time="9540" acceleration="80"/>
    <motionState vehicle="4" speed="4702" time="9540" acceleration="35"/>
    <motionState vehicle="0" speed="4702" time="9550" acceleration="-24"/>
    <motionState vehicle="1" speed="4697" time="9550" acceleration="-28"/>
    <motionState vehicle="2" speed="4693" time="9550" acceleration="39"/>
    <motionState vehicle="3" speed="4695" time="9550" acceleration="79"/>
    <motionState vehicle="4" speed="4702" time="9550" acceleration="35"/>
    <motionState vehicle="0" speed="4702" time="9560" acceleration="-25"/>
    <motionState vehicle="1" speed="4697" time="9560" acceleration="-28"/>
    <motionState vehicle="2" speed="4693" time="9560" acceleration="40"/>
    <motionState vehicle="3" speed="4695" time="9560" acceleration="79"/>
    <motionState vehicle="4" speed="4702" time="9560" acceleration="34"/>
    <motionState vehicle="0" speed="4702" time="9570" acceleration="-25"/>
    <motionState vehicle="1" speed="4697" time="9570" acceleration="-27"/>
    <motionState vehicle="2" speed="4693" time="9570" acceleration="40"/>
    <motionState vehicle="3" speed="4696" time="9570" acceleration="78"/>
    <motionState vehicle="4" speed="4702" time="9570" acceleration="33"/>
    <motionState vehicle="0" speed="4702" time="9580" acceleration="-25"/>
    <motionState vehicle="1" speed="4697" time="9580" acceleration="-27"/>
    <motionState vehicle="2" speed="4693" time="9580" acceleration="40"/>
    <motionState vehicle="3" speed="4696" time="9580" acceleration="78"/>
    <motionState vehicle="4" speed="4702" time="9580" acceleration="32"/>
    <motionState vehicle="0" speed="4702" time="9590" acceleration="-25"/>
    <motionState vehicle="1" speed="4697" time="9590" acceleration="-26"/>
    <motionState vehicle="2" speed="4693" time="9590" acceleration="40"/>
    <motionState vehicle="3" speed="4696" time="9590" acceleration="77"/>
    <motionState vehicle="4" speed="4702" time="9590" acceleration="31"/>
    <motionState vehicle="0" speed="4702" time="9600" acceleration="-26"/>
    <motionState vehicle="1" speed="4697" time="9600" acceleration="-26"/>
    <motionState vehicle="2" speed="4693" time="9600" acceleration="41"/>
    <motionState vehicle="3" speed="4696" time="9600" acceleration="77"/>
    <motionState vehicle="4" speed="4702" time="9600" acceleration="31"/>
    <motionState vehicle="0" speed="4702" time="9610" acceleration="-26"/>
    <motionState vehicle="1" speed="4697" time="9610" acceleration="-26"/>
    <motionState vehicle="2" speed="4693" time="9610" acceleration="41"/>
    <motionState vehicle="3" speed="4696" time="9610" acceleration="76"/>
    <motionState vehicle="4" speed="4702" time="9610" acceleration="30"/>
    <motionState vehicle="0" speed="4702" time="9620" acceleration="-26"/>
    <motionState vehicle="1" speed="4697" time="9620" acceleration="-25"/>
    <motionState vehicle="2" speed="4693" time="9620" acceleration="41"/>
    <motionState vehicle="3" speed="4696" time="9620" acceleration="76"/>
    <motionState vehicle="4" speed="4702" time="9620" acceleration="29"/>
    <motionState vehicle="0" speed="4702" time="9630" acceleration="-26"/>
    <motionState vehicle="1" speed="4697" time="9630" acceleration="-25"/>
    <motionState vehicle="2" speed="4693" time="9630" acceleration="41"/>
    <motionState vehicle="3" speed="4696" time="9630" acceleration="75"/>
    <motionState vehicle="4" speed="4702" time="9630" acceleration="28"/>
    <motionState vehicle="0" speed="4702" time="9640" acceleration="-27"/>
    <motionState vehicle="1" speed="4697" time="9640" acceleration="-24"/>
    <motionState vehicle="2" speed="4693" time="9640" acceleration="42"/>
    <motionState vehicle="3" speed="4696" time="9640" acceleration="74"/>
    <motionState vehicle="4" speed="4702" time="9640" acceleration="28"/>
    <motionState vehicle="0" speed="4702" time="9650" acceleration="-27"/>
    <motionState vehicle="1" speed="4697" time="9650" acceleration="-24"/>
    <motionState vehicle="2" speed="4693" time="9650" acceleration="42"/>
    <motionState vehicle="3" speed="4696" time="9650" acceleration="74"/>
    <motionState vehicle="4" speed="4702" time="9650" acceleration="27"/>
    <motionState vehicle="0" speed="4702" time="9660" acceleration="-27"/>
    <motionState vehicle="1" speed="4697" time="9660" acceleration="-23"/>
    <motionState vehicle="2" speed="4693" time="9660" acceleration="42"/>
    <motionState vehicle="3" speed="4696" time="9660" acceleration="73"/>
    <motionState vehicle="4" speed="4702" time="9660" acceleration="26"/>
    <motionState vehicle="0" speed="4702" time="9670" acceleration="-27"/>
    <motionState vehicle="1" speed="4697" time="9670" acceleration="-23"/>
    <motionState vehicle="2" speed="4693" time="9670" acceleration="42"/>
    <motionState vehicle="3" speed="4696" time="9670" acceleration="73"/>
    <motionState vehicle="4" speed="4702" time="9670" acceleration="25"/>
    <motionState vehicle="0" speed="4702" time="9680" acceleration="-27"/>
    <motionState vehicle="1" speed="4697" time="9680" acceleration="-22"/>
    <motionState vehicle="2" speed="4693" time="9680" acceleration="42"/>
    <motionState vehicle="3" speed="4696" time="9680" acceleration="72"/>
    <motionState vehicle="4" speed="4702" time="9680" acceleration="25"/>
    <motionState vehicle="0" speed="4702" time="9690" acceleration="-28"/>
    <motionState vehicle="1" speed="4697" time="9690" acceleration="-22"/>
    <motionState vehicle="2" speed="4693" time="9690" acceleration="43"/>
    <motionState vehicle="3" speed="4696" time="9690" acceleration="72"/>
    <motionState vehicle="4" speed="4702" time="9690" acceleration="24"/>
    <motionState vehicle="0" speed="4702" time="9700" acceleration="-28"/>
    <motionState vehicle="1" speed="4697" time="9700" acceleration="-21"/>
    <motionState vehicle="2" speed="4693" time="9700" acceleration="43"/>
    <motionState vehicle="3" speed="4696" time="9700" acceleration="71"/>
    <motionState vehicle="4" speed="4702" time="9700" acceleration="23"/>
    <motionState vehicle="0" speed="4702" time="9710" acceleration="-28"/>
    <motionState vehicle="1" speed="4697" time="9710" acceleration="-21"/>
    <motionState vehicle="2" speed="4693" time="9710" acceleration="43"/>
    <motionState vehicle="3" speed="4697" time="9710" acceleration="71"/>
    <motionState vehicle="4" speed="4702" time="9710" acceleration="22"/>
    <motionState vehicle="0" speed="4702" time="9720" acceleration="-28"/>
    <motionState vehicle="1" speed="4697" time="9720" acceleration="-20"/>
    <motionState vehicle="2" speed="4693" time="9720" acceleration="43"/>
    <motionState vehicle="3" speed="4697" time="9720" acceleration="70"/>
    <motionState vehicle="4" speed="4702" time="9720" acceleration="22"/>
    <motionState vehicle="0" speed="4702" time="9730" acceleration="-28"/>
    <motionState vehicle="1" speed="4697" time="9730" acceleration="-20"/>
    <motionState vehicle="2" speed="4693" time="9730" acceleration="43"/>
    <motionState vehicle="3" speed="4697" time="9730" acceleration="70"/>
    <motionState vehicle="4" speed="4702" time="9730" acceleration="21"/>
    <motionState vehicle="0" speed="4702" time="9740" acceleration="-28"/>
    <motionState vehicle="1" speed="4697" time="9740" acceleration="-19"/>
    <motionState vehicle="2" speed="4693" time="9740" acceleration="43"/>
    <motionState vehicle="3" speed="4697" time="9740" acceleration="69"/>
    <motionState vehicle="4" speed="4702" time="9740" acceleration="20"/>
    <motionState vehicle="0" speed="4702" time="9750" acceleration="-28"/>
    <motionState vehicle="1" speed="4697" time="9750" acceleration="-19"/>
    <motionState vehicle="2" speed="4693" time="9750" acceleration="44"/>
    <motionState vehicle="3" speed="4697" time="9750" acceleration="68"/>
    <motionState vehicle="4" speed="4702" time="9750" acceleration="20"/>
    <motionState vehicle="0" speed="4702" time="9760" acceleration="-28"/>
    <motionState vehicle="1" speed="4697" time="9760" acceleration="-19"/>
    <motionState vehicle="2" speed="4693" time="9760" acceleration="44"/>
    <motionState vehicle="3" speed="4697" time="9760" acceleration="68"/>
    <motionState vehicle="4" speed="4702" time="9760" acceleration="19"/>
    <motionState vehicle="0" speed="4702" time="9770" acceleration="-29"/>
    <motionState vehicle="1" speed="4697" time="9770" acceleration="-18"/>
    <motionState vehicle="2" speed="4693" time="9770" acceleration="44"/>
    <motionState vehicle="3" speed="4697" time="9770" acceleration="67"/>
    <motionState vehicle="4" speed="4702" time="9770" acceleration="18"/>
    <motionState vehicle="0" speed="4702" time="9780" acceleration="-29"/>
    <motionState vehicle="1" speed="4697" time="9780" acceleration="-18"/>
    <motionState vehicle="2" speed="4693" time="9780" acceleration="44"/>
    <motionState vehicle="3" speed="4697" time="9780" acceleration="67"/>
    <motionState vehicle="4" speed="4702" time="9780" acceleration="18"/>
    <motionState vehicle="0" speed="4702" time="9790" acceleration="-29"/>
    <motionState vehicle="1" speed="4697" time="9790" acceleration="-17"/>
    <motionState vehicle="2" speed="4694" time="9790" acceleration="44"/>
    <motionState vehicle="3" speed="4697" time="9790" acceleration="66"/>
    <motionState vehicle="4" speed="4702" time="9790" acceleration="17"/>
    <motionState vehicle="0" speed="4702" time="9800" acceleration="-29"/>
    <motionState vehicle="1" speed="4697" time="9800" acceleration="-17"/>
    <motionState vehicle="2" speed="4694" time="9800" acceleration="44"/>
    <motionState vehicle="3" speed="4697" time="9800" acceleration="66"/>
    <motionState vehicle="4" speed="4703" time="9800" acceleration="16"/>
    <motionState vehicle="0" speed="4702" time="9810" acceleration="-29"/>
    <motionState vehicle="1" speed="4697" time="9810" acceleration="-16"/>
    <motionState vehicle="2" speed="4694" time="9810" acceleration="44"/>
    <motionState vehicle="3" speed="4697" time="9810" acceleration="65"/>
    <motionState vehicle="4" speed="4703" time="9810" acceleration="16"/>
    <motionState vehicle="0" speed="4702" time="9820" acceleration="-29"/>
    <motionState vehicle="1" speed="4697" time="9820" acceleration="-16"/>
    <motionState vehicle="2" speed="4694" time="9820" acceleration="44"/>
    <motionState vehicle="3" speed="4697" time="9820" acceleration="64"/>
    <motionState vehicle="4" speed="4703" time="9820" acceleration="15"/>
    <motionState vehicle="0" speed="4702" time="9830" acceleration="-29"/>
    <motionState vehicle="1" speed="4697" time="9830" acceleration="-15"/>
    <motionState vehicle="2" speed="4694" time="9830" acceleration="45"/>
    <motionState vehicle="3" speed="4697" time="9830" acceleration="64"/>
    <motionState vehicle="4" speed="4703" time="9830" acceleration="14"/>
    <motionState vehicle="0" speed="4702" time="9840" acceleration="-29"/>
    <motionState vehicle="1" speed="4696" time="9840" acceleration="-15"/>
    <motionState vehicle="2" speed="4694" time="9840" acceleration="45"/>
    <motionState vehicle="3" speed="4697" time="9840" acceleration="63"/>
    <motionState vehicle="4" speed="4703" time="9840" acceleration="14"/>
    <motionState vehicle="0" speed="4701" time="9850" acceleration="-29"/>
    <motionState vehicle="1" speed="4696" time="9850" acceleration="-14"/>
    <motionState vehicle="2" speed="4694" time="9850" acceleration="45"/>
    <motionState vehicle="3" speed="4697" time="9850" acceleration="63"/>
    <motionState vehicle="4" speed="4703" time="9850" acceleration="13"/>
    <motionState vehicle="0" speed="4701" time="9860" acceleration="-29"/>
    <motionState vehicle="1" speed="4696" time="9860" acceleration="-14"/>
    <motionState vehicle="2" speed="4694" time="9860" acceleration="45"/>
    <motionState vehicle="3" speed="4698" time="9860" acceleration="62"/>
    <motionState vehicle="4" speed="4703" time="9860" acceleration="12"/>
    <motionState vehicle="0" speed="4701" time="9870" acceleration="-29"/>
    <motionState vehicle="1" speed="4696" time="9870" acceleration="-14"/>
    <motionState vehicle="2" speed="4694" time="9870" acceleration="45"/>
    <motionState vehicle="3" speed="4698" time="9870" acceleration="62"/>
    <motionState vehicle="4" speed="4703" time="9870" acceleration="12"/>
    <motionState vehicle="0" speed="4701" time="9880" acceleration="-29"/>
    <motionState vehicle="1" speed="4696" time="9880" acceleration="-13"/>
    <motionState vehicle="2" speed="4694" time="9880" acceleration="45"/>
    <motionState vehicle="3" speed="4698" time="9880" acceleration="61"/>
    <motionState vehicle="4" speed="4703" time="9880" acceleration="11"/>
    <motionState vehicle="0" speed="4701" time="9890" acceleration="-29"/>
    <motionState vehicle="1" speed="4696" time="9890" acceleration="-13"/>
    <motionState vehicle="2" speed="4694" time="9890" acceleration="45"/>
    <motionState vehicle="3" speed="4698" time="9890" acceleration="61"/>
    <motionState vehicle="4" speed="4703" time="9890" acceleration="11"/>
    <motionState vehicle="0" speed="4701" time="9900" acceleration="-29"/>
    <motionState vehicle="1" speed="4696" time="9900" acceleration="-12"/>
    <motionState vehicle="2" speed="4694" time="9900" acceleration="45"/>
    <motionState vehicle="3" speed="4698" time="9900" acceleration="60"/>
    <motionState vehicle="4" speed="4703" time="9900" acceleration="10"/>
    <motionState vehicle="0" speed="4701" time="9910" acceleration="-29"/>
    <motionState vehicle="1" speed="4696" time="9910" acceleration="-12"/>
    <motionState vehicle="2" speed="4694" time="9910" acceleration="45"/>
    <motionState vehicle="3" speed="4698" time="9910" acceleration="59"/>
    <motionState vehicle="4" speed="4703" time="9910" acceleration="9"/>
    <motionState vehicle="0" speed="4701" time="9920" acceleration="-29"/>
    <motionState vehicle="1" speed="4696" time="9920" acceleration="-11"/>
    <motionState vehicle="2" speed="4694" time="9920" acceleration="45"/>
    <motionState vehicle="3" speed="4698" time="9920" acceleration="59"/>
    <motionState vehicle="4" speed="4703" time="9920" acceleration="9"/>
    <motionState vehicle="0" speed="4701" time="9930" acceleration="-29"/>
    <motionState vehicle="1" speed="4696" time="9930" acceleration="-11"/>
    <motionState vehicle="2" speed="4694" time="9930" acceleration="45"/>
    <motionState vehicle="3" speed="4698" time="9930" acceleration="58"/>
    <motionState vehicle="4" speed="4703" time="9930" acceleration="8"/>
    <motionState vehicle="0" speed="4701" time="9940" acceleration="-29"/>
    <motionState vehicle="1" speed="4696" time="9940" acceleration="-10"/>
    <motionState vehicle="2" speed="4694" time="9940" acceleration="45"/>
    <motionState vehicle="3" speed="4698" time="9940" acceleration="58"/>
    <motionState vehicle="4" speed="4703" time="9940" acceleration="8"/>
    <motionState vehicle="0" speed="4701" time="9950" acceleration="-29"/>
    <motionState vehicle="1" speed="4696" time="9950" acceleration="-10"/>
    <motionState vehicle="2" speed="4694" time="9950" acceleration="45"/>
    <motionState vehicle="3" speed="4698" time="9950" acceleration="57"/>
    <motionState vehicle="4" speed="4703" time="9950" acceleration="7"/>
    <motionState vehicle="0" speed="4701" time="9960" acceleration="-29"/>
    <motionState vehicle="1" speed="4696" time="9960" acceleration="-10"/>
    <motionState vehicle="2" speed="4694" time="9960" acceleration="46"/>
    <motionState vehicle="3" speed="4698" time="9960" acceleration="57"/>
    <motionState vehicle="4" speed="4703" time="9960" acceleration="7"/>
    <motionState vehicle="0" speed="4701" time="9970" acceleration="-29"/>
    <motionState vehicle="1" speed="4696" time="9970" acceleration="-9"/>
    <motionState vehicle="2" speed="4694" time="9970" acceleration="46"/>
    <motionState vehicle="3" speed="4698" time="9970" acceleration="56"/>
    <motionState vehicle="4" speed="4703" time="9970" acceleration="6"/>
    <motionState vehicle="0" speed="4701" time="9980" acceleration="-29"/>
    <motionState vehicle="1" speed="4696" time="9980" acceleration="-9"/>
    <motionState vehicle="2" speed="4694" time="9980" acceleration="46"/>
    <motionState vehicle="3" speed="4698" time="9980" acceleration="56"/>
    <motionState vehicle="4" speed="4703" time="9980" acceleration="6"/>
    <motionState vehicle="0" speed="4701" time="9990" acceleration="-29"/>
    <motionState vehicle="1" speed="4696" time="9990" acceleration="-8"/>
    <motionState vehicle="2" speed="4694" time="9990" acceleration="46"/>
    <motionState vehicle="3" speed="4698" time="9990" acceleration="55"/>
    <motionState vehicle="4" speed="4703" time="9990" acceleration="5"/>
    <motionState vehicle="0" speed="4701" time="10000" acceleration="-29"/>
    <motionState vehicle="1" speed="4696" time="10000" acceleration="-8"/>
    <motionState vehicle="2" speed="4694" time="10000" acceleration="46"/>
    <motionState vehicle="3" speed="4698" time="10000" acceleration="54"/>
    <motionState vehicle="4" speed="4703" time="10000" acceleration="5"/>
    <motionState vehicle="0" speed="0" time="10010" acceleration="0"/>
    <motionState vehicle="1" speed="0" time="10010" acceleration="0"/>
    <motionState vehicle="2" speed="0" time="10010" acceleration="0"/>
    <motionState vehicle="3" speed="0" time="10010" acceleration="0"/>
    <motionState vehicle="4" speed="0" time="10010" acceleration="0"/>
    <motionState vehicle="0" speed="3" time="10020" acceleration="2596"/>
    <motionState vehicle="1" speed="3" time="10020" acceleration="2596"/>
    <motionState vehicle="2" speed="3" time="10020" acceleration="2594"/>
    <motionState vehicle="3" speed="3" time="10020" acceleration="2590"/>
    <motionState vehicle="4" speed="3" time="10020" acceleration="2599"/>
</trajectories>
