<?xml version="1.0" encoding="UTF-8"?>

<<<<<<< HEAD
<!-- generated on Mon Feb 27 13:49:00 2017 by SUMO Version 0.29.0
=======
<!-- generated on Mon Feb 27 13:04:35 2017 by SUMO Version 0.29.0
>>>>>>> f63c990... added xml files to gitignore
<?xml version="1.0" encoding="UTF-8"?>

<configuration xmlns:xsi="http://www.w3.org/2001/XMLSchema-instance" xsi:noNamespaceSchemaLocation="http://sumo.dlr.de/xsd/sumoConfiguration.xsd">

    <input>
        <net-file value="tests/debug/cfg/test-two-lane-two-controller-200m2l.net.xml"/>
        <route-files value="tests/debug/cfg/test-two-lane-two-controller-200m2l.rou.xml"/>
        <additional-files value="tests/debug/cfg/test-two-lane-two-controller-200m2l.add.xml"/>
    </input>

    <output>
        <netstate-dump value="tests/debug/cfg/data/test-two-lane-two-controller-200m2l.netstate.xml"/>
        <emission-output value="tests/debug/cfg/data/test-two-lane-two-controller-200m2l.emission.xml"/>
        <amitran-output value="tests/debug/cfg/data/test-two-lane-two-controller-200m2l.amitran.xml"/>
        <lanechange-output value="tests/debug/cfg/data/test-two-lane-two-controller-200m2l.lanechange.xml"/>
    </output>

    <time>
        <begin value="0"/>
        <end value="1000"/>
        <step-length value="0.01"/>
    </time>

    <traci_server>
        <remote-port value="8873"/>
    </traci_server>

    <gui_only>
        <gui-settings-file value="tests/debug/cfg/test-two-lane-two-controller-200m2l.gui.cfg"/>
    </gui_only>

</configuration>
-->

<lanechanges>
<<<<<<< HEAD
    <change id="cfm-fast_2" time="1.00" from="top_0" to="top_1" dir="1" speed="13.21" reason="traci|urgent"/>
    <change id="cfm-fast_0" time="1.00" from="top_0" to="top_1" dir="1" speed="13.21" reason="traci|urgent"/>
    <change id="cfm-fast_4" time="1.00" from="left_0" to="left_1" dir="1" speed="13.24" reason="traci|urgent"/>
=======
    <change id="cfm-fast_4" time="1.00" from="left_0" to="left_1" dir="1" speed="13.24" reason="traci|urgent"/>
    <change id="cfm-fast_0" time="6.45" from="bottom_0" to="bottom_1" dir="1" speed="27.46" reason="traci|urgent"/>
>>>>>>> f63c990... added xml files to gitignore
</lanechanges>
