<?xml version="1.0" encoding="UTF-8"?>

<!-- generated on Mon Feb 27 12:53:31 2017 by SUMO Version 0.29.0
<?xml version="1.0" encoding="UTF-8"?>

<configuration xmlns:xsi="http://www.w3.org/2001/XMLSchema-instance" xsi:noNamespaceSchemaLocation="http://sumo.dlr.de/xsd/sumoConfiguration.xsd">

    <input>
        <net-file value="tests/debug/cfg/test-two-lane-two-controller-200m2l.net.xml"/>
        <route-files value="tests/debug/cfg/test-two-lane-two-controller-200m2l.rou.xml"/>
        <additional-files value="tests/debug/cfg/test-two-lane-two-controller-200m2l.add.xml"/>
    </input>

    <output>
        <netstate-dump value="tests/debug/cfg/data/test-two-lane-two-controller-200m2l.netstate.xml"/>
        <emission-output value="tests/debug/cfg/data/test-two-lane-two-controller-200m2l.emission.xml"/>
        <amitran-output value="tests/debug/cfg/data/test-two-lane-two-controller-200m2l.amitran.xml"/>
        <lanechange-output value="tests/debug/cfg/data/test-two-lane-two-controller-200m2l.lanechange.xml"/>
    </output>

    <time>
        <begin value="0"/>
        <end value="1000"/>
        <step-length value="0.01"/>
    </time>

    <traci_server>
        <remote-port value="8873"/>
    </traci_server>

    <gui_only>
        <gui-settings-file value="tests/debug/cfg/test-two-lane-two-controller-200m2l.gui.cfg"/>
    </gui_only>

</configuration>
-->

<emission-export xmlns:xsi="http://www.w3.org/2001/XMLSchema-instance" xsi:noNamespaceSchemaLocation="http://sumo.dlr.de/xsd/emission_file.xsd">
    <timestep time="0.00">
        <vehicle id="cfm-fast_0" eclass="HBEFA3/PC_G_EU4" CO2="2624.72" CO="164.78" HC="0.81" NOx="1.20" PMx="0.07" fuel="1.13" electricity="0.00" noise="55.94" route="routeright" type="cfm-fast" waiting="0.00" lane="right_0" pos="46.00" speed="0.00" angle="281.75" x="72.34" y="131.72"/>
        <vehicle id="cfm-fast_1" eclass="HBEFA3/PC_G_EU4" CO2="2624.72" CO="164.78" HC="0.81" NOx="1.20" PMx="0.07" fuel="1.13" electricity="0.00" noise="55.94" route="routetop" type="cfm-fast" waiting="0.00" lane="top_0" pos="11.83" speed="0.00" angle="253.14" x="38.70" y="127.56"/>
        <vehicle id="cfm-fast_2" eclass="HBEFA3/PC_G_EU4" CO2="2624.72" CO="164.78" HC="0.81" NOx="1.20" PMx="0.07" fuel="1.13" electricity="0.00" noise="55.94" route="routetop" type="cfm-fast" waiting="0.00" lane="top_0" pos="27.67" speed="0.00" angle="224.69" x="11.28" y="107.95"/>
        <vehicle id="cfm-fast_3" eclass="HBEFA3/PC_G_EU4" CO2="2624.72" CO="164.78" HC="0.81" NOx="1.20" PMx="0.07" fuel="1.13" electricity="0.00" noise="55.94" route="routetop" type="cfm-fast" waiting="0.00" lane="top_0" pos="43.50" speed="0.00" angle="196.26" x="-3.51" y="77.65"/>
        <vehicle id="cfm-fast_4" eclass="HBEFA3/PC_G_EU4" CO2="2624.72" CO="164.78" HC="0.81" NOx="1.20" PMx="0.07" fuel="1.13" electricity="0.00" noise="55.94" route="routeleft" type="cfm-fast" waiting="0.00" lane="left_0" pos="9.33" speed="0.00" angle="167.63" x="-1.99" y="43.78"/>
        <vehicle id="cfm-fast_5" eclass="HBEFA3/PC_G_EU4" CO2="2624.72" CO="164.78" HC="0.81" NOx="1.20" PMx="0.07" fuel="1.13" electricity="0.00" noise="55.94" route="routeleft" type="cfm-fast" waiting="0.00" lane="left_0" pos="25.17" speed="0.00" angle="139.20" x="15.41" y="14.90"/>
        <vehicle id="cfm-slow_0" eclass="HBEFA3/PC_G_EU4" CO2="2624.72" CO="164.78" HC="0.81" NOx="1.20" PMx="0.07" fuel="1.13" electricity="0.00" noise="55.94" route="routebottom" type="cfm-slow" waiting="0.00" lane="bottom_0" pos="1.00" speed="0.00" angle="92.66" x="65.91" y="-4.90"/>
        <vehicle id="cfm-slow_1" eclass="HBEFA3/PC_G_EU4" CO2="2624.72" CO="164.78" HC="0.81" NOx="1.20" PMx="0.07" fuel="1.13" electricity="0.00" noise="55.94" route="routebottom" type="cfm-slow" waiting="0.00" lane="bottom_0" pos="16.83" speed="0.00" angle="64.18" x="98.30" y="4.45"/>
        <vehicle id="cfm-slow_2" eclass="HBEFA3/PC_G_EU4" CO2="2624.72" CO="164.78" HC="0.81" NOx="1.20" PMx="0.07" fuel="1.13" electricity="0.00" noise="55.94" route="routebottom" type="cfm-slow" waiting="0.00" lane="bottom_0" pos="32.67" speed="0.00" angle="35.75" x="122.33" y="28.10"/>
        <vehicle id="cfm-slow_3" eclass="HBEFA3/PC_G_EU4" CO2="2624.72" CO="164.78" HC="0.81" NOx="1.20" PMx="0.07" fuel="1.13" electricity="0.00" noise="55.94" route="routebottom" type="cfm-slow" waiting="0.00" lane="bottom_0" pos="48.50" speed="0.00" angle="7.24" x="132.19" y="60.34"/>
        <vehicle id="cfm-slow_4" eclass="HBEFA3/PC_G_EU4" CO2="2624.72" CO="164.78" HC="0.81" NOx="1.20" PMx="0.07" fuel="1.13" electricity="0.00" noise="55.94" route="routeright" type="cfm-slow" waiting="0.00" lane="right_0" pos="14.33" speed="0.00" angle="338.68" x="125.41" y="93.56"/>
        <vehicle id="cfm-slow_5" eclass="HBEFA3/PC_G_EU4" CO2="2624.72" CO="164.78" HC="0.81" NOx="1.20" PMx="0.07" fuel="1.13" electricity="0.00" noise="55.94" route="routeright" type="cfm-slow" waiting="0.00" lane="right_0" pos="30.17" speed="0.00" angle="310.20" x="103.71" y="119.35"/>
    </timestep>
    <timestep time="0.01">
        <vehicle id="cfm-fast_0" eclass="HBEFA3/PC_G_EU4" CO2="3091.89" CO="171.99" HC="0.86" NOx="1.42" PMx="0.08" fuel="1.33" electricity="0.00" noise="115.99" route="routeright" type="cfm-fast" waiting="0.00" lane="right_0" pos="46.00" speed="0.14" angle="281.75" x="72.34" y="131.72"/>
        <vehicle id="cfm-fast_1" eclass="HBEFA3/PC_G_EU4" CO2="3091.89" CO="171.99" HC="0.86" NOx="1.42" PMx="0.08" fuel="1.33" electricity="0.00" noise="115.99" route="routetop" type="cfm-fast" waiting="0.00" lane="top_0" pos="11.83" speed="0.14" angle="253.14" x="38.70" y="127.56"/>
        <vehicle id="cfm-fast_2" eclass="HBEFA3/PC_G_EU4" CO2="3091.89" CO="171.99" HC="0.86" NOx="1.42" PMx="0.08" fuel="1.33" electricity="0.00" noise="115.99" route="routetop" type="cfm-fast" waiting="0.00" lane="top_0" pos="27.67" speed="0.14" angle="224.68" x="11.27" y="107.95"/>
        <vehicle id="cfm-fast_3" eclass="HBEFA3/PC_G_EU4" CO2="3091.89" CO="171.99" HC="0.86" NOx="1.42" PMx="0.08" fuel="1.33" electricity="0.00" noise="115.99" route="routetop" type="cfm-fast" waiting="0.00" lane="top_0" pos="43.50" speed="0.14" angle="196.26" x="-3.51" y="77.64"/>
        <vehicle id="cfm-fast_4" eclass="HBEFA3/PC_G_EU4" CO2="3091.89" CO="171.99" HC="0.86" NOx="1.42" PMx="0.08" fuel="1.33" electricity="0.00" noise="115.99" route="routeleft" type="cfm-fast" waiting="0.00" lane="left_0" pos="9.33" speed="0.14" angle="167.62" x="-1.99" y="43.78"/>
        <vehicle id="cfm-fast_5" eclass="HBEFA3/PC_G_EU4" CO2="3091.89" CO="171.99" HC="0.86" NOx="1.42" PMx="0.08" fuel="1.33" electricity="0.00" noise="115.99" route="routeleft" type="cfm-fast" waiting="0.00" lane="left_0" pos="25.17" speed="0.14" angle="139.20" x="15.41" y="14.90"/>
        <vehicle id="cfm-slow_0" eclass="HBEFA3/PC_G_EU4" CO2="3091.89" CO="171.99" HC="0.86" NOx="1.42" PMx="0.08" fuel="1.33" electricity="0.00" noise="115.99" route="routebottom" type="cfm-slow" waiting="0.00" lane="bottom_0" pos="1.00" speed="0.14" angle="92.66" x="65.91" y="-4.90"/>
        <vehicle id="cfm-slow_1" eclass="HBEFA3/PC_G_EU4" CO2="3091.89" CO="171.99" HC="0.86" NOx="1.42" PMx="0.08" fuel="1.33" electricity="0.00" noise="115.99" route="routebottom" type="cfm-slow" waiting="0.00" lane="bottom_0" pos="16.83" speed="0.14" angle="64.18" x="98.31" y="4.45"/>
        <vehicle id="cfm-slow_2" eclass="HBEFA3/PC_G_EU4" CO2="3091.89" CO="171.99" HC="0.86" NOx="1.42" PMx="0.08" fuel="1.33" electricity="0.00" noise="115.99" route="routebottom" type="cfm-slow" waiting="0.00" lane="bottom_0" pos="32.67" speed="0.14" angle="35.75" x="122.33" y="28.10"/>
        <vehicle id="cfm-slow_3" eclass="HBEFA3/PC_G_EU4" CO2="3091.89" CO="171.99" HC="0.86" NOx="1.42" PMx="0.08" fuel="1.33" electricity="0.00" noise="115.99" route="routebottom" type="cfm-slow" waiting="0.00" lane="bottom_0" pos="48.50" speed="0.14" angle="7.24" x="132.19" y="60.35"/>
        <vehicle id="cfm-slow_4" eclass="HBEFA3/PC_G_EU4" CO2="3091.89" CO="171.99" HC="0.86" NOx="1.42" PMx="0.08" fuel="1.33" electricity="0.00" noise="115.99" route="routeright" type="cfm-slow" waiting="0.00" lane="right_0" pos="14.33" speed="0.14" angle="338.68" x="125.41" y="93.56"/>
        <vehicle id="cfm-slow_5" eclass="HBEFA3/PC_G_EU4" CO2="3091.89" CO="171.99" HC="0.86" NOx="1.42" PMx="0.08" fuel="1.33" electricity="0.00" noise="115.99" route="routeright" type="cfm-slow" waiting="0.00" lane="right_0" pos="30.17" speed="0.14" angle="310.20" x="103.70" y="119.36"/>
    </timestep>
    <timestep time="0.02">
        <vehicle id="cfm-fast_0" eclass="HBEFA3/PC_G_EU4" CO2="3559.34" CO="179.23" HC="0.90" NOx="1.64" PMx="0.09" fuel="1.53" electricity="0.00" noise="116.04" route="routeright" type="cfm-fast" waiting="0.00" lane="right_0" pos="46.00" speed="0.27" angle="281.75" x="72.33" y="131.72"/>
        <vehicle id="cfm-fast_1" eclass="HBEFA3/PC_G_EU4" CO2="3559.34" CO="179.23" HC="0.90" NOx="1.64" PMx="0.09" fuel="1.53" electricity="0.00" noise="116.04" route="routetop" type="cfm-fast" waiting="0.00" lane="top_0" pos="11.84" speed="0.27" angle="253.14" x="38.69" y="127.55"/>
        <vehicle id="cfm-fast_2" eclass="HBEFA3/PC_G_EU4" CO2="3559.34" CO="179.23" HC="0.90" NOx="1.64" PMx="0.09" fuel="1.53" electricity="0.00" noise="116.04" route="routetop" type="cfm-fast" waiting="0.00" lane="top_0" pos="27.67" speed="0.27" angle="224.68" x="11.27" y="107.94"/>
        <vehicle id="cfm-fast_3" eclass="HBEFA3/PC_G_EU4" CO2="3559.34" CO="179.23" HC="0.90" NOx="1.64" PMx="0.09" fuel="1.53" electricity="0.00" noise="116.04" route="routetop" type="cfm-fast" waiting="0.00" lane="top_0" pos="43.50" speed="0.27" angle="196.26" x="-3.51" y="77.64"/>
        <vehicle id="cfm-fast_4" eclass="HBEFA3/PC_G_EU4" CO2="3559.34" CO="179.23" HC="0.90" NOx="1.64" PMx="0.09" fuel="1.53" electricity="0.00" noise="116.04" route="routeleft" type="cfm-fast" waiting="0.00" lane="left_0" pos="9.34" speed="0.27" angle="167.62" x="-1.99" y="43.77"/>
        <vehicle id="cfm-fast_5" eclass="HBEFA3/PC_G_EU4" CO2="3559.34" CO="179.23" HC="0.90" NOx="1.64" PMx="0.09" fuel="1.53" electricity="0.00" noise="116.04" route="routeleft" type="cfm-fast" waiting="0.00" lane="left_0" pos="25.17" speed="0.27" angle="139.19" x="15.41" y="14.90"/>
        <vehicle id="cfm-slow_0" eclass="HBEFA3/PC_G_EU4" CO2="3559.34" CO="179.23" HC="0.90" NOx="1.64" PMx="0.09" fuel="1.53" electricity="0.00" noise="116.04" route="routebottom" type="cfm-slow" waiting="0.00" lane="bottom_0" pos="1.00" speed="0.27" angle="92.65" x="65.92" y="-4.90"/>
        <vehicle id="cfm-slow_1" eclass="HBEFA3/PC_G_EU4" CO2="3559.34" CO="179.23" HC="0.90" NOx="1.64" PMx="0.09" fuel="1.53" electricity="0.00" noise="116.04" route="routebottom" type="cfm-slow" waiting="0.00" lane="bottom_0" pos="16.84" speed="0.27" angle="64.17" x="98.31" y="4.45"/>
        <vehicle id="cfm-slow_2" eclass="HBEFA3/PC_G_EU4" CO2="3559.34" CO="179.23" HC="0.90" NOx="1.64" PMx="0.09" fuel="1.53" electricity="0.00" noise="116.04" route="routebottom" type="cfm-slow" waiting="0.00" lane="bottom_0" pos="32.67" speed="0.27" angle="35.74" x="122.33" y="28.11"/>
        <vehicle id="cfm-slow_3" eclass="HBEFA3/PC_G_EU4" CO2="3559.34" CO="179.23" HC="0.90" NOx="1.64" PMx="0.09" fuel="1.53" electricity="0.00" noise="116.04" route="routebottom" type="cfm-slow" waiting="0.00" lane="bottom_0" pos="48.50" speed="0.27" angle="7.24" x="132.19" y="60.35"/>
        <vehicle id="cfm-slow_4" eclass="HBEFA3/PC_G_EU4" CO2="3559.34" CO="179.23" HC="0.90" NOx="1.64" PMx="0.09" fuel="1.53" electricity="0.00" noise="116.04" route="routeright" type="cfm-slow" waiting="0.00" lane="right_0" pos="14.34" speed="0.27" angle="338.68" x="125.41" y="93.57"/>
        <vehicle id="cfm-slow_5" eclass="HBEFA3/PC_G_EU4" CO2="3559.34" CO="179.23" HC="0.90" NOx="1.64" PMx="0.09" fuel="1.53" electricity="0.00" noise="116.04" route="routeright" type="cfm-slow" waiting="0.00" lane="right_0" pos="30.17" speed="0.27" angle="310.20" x="103.70" y="119.36"/>
    </timestep>
    <timestep time="0.03">
        <vehicle id="cfm-fast_0" eclass="HBEFA3/PC_G_EU4" CO2="4027.09" CO="186.49" HC="0.95" NOx="1.85" PMx="0.10" fuel="1.73" electricity="0.00" noise="116.09" route="routeright" type="cfm-fast" waiting="0.00" lane="right_0" pos="46.01" speed="0.41" angle="281.74" x="72.33" y="131.72"/>
        <vehicle id="cfm-fast_1" eclass="HBEFA3/PC_G_EU4" CO2="4027.09" CO="186.49" HC="0.95" NOx="1.85" PMx="0.10" fuel="1.73" electricity="0.00" noise="116.09" route="routetop" type="cfm-fast" waiting="0.00" lane="top_0" pos="11.84" speed="0.41" angle="253.13" x="38.68" y="127.55"/>
        <vehicle id="cfm-fast_2" eclass="HBEFA3/PC_G_EU4" CO2="4027.09" CO="186.49" HC="0.95" NOx="1.85" PMx="0.10" fuel="1.73" electricity="0.00" noise="116.09" route="routetop" type="cfm-fast" waiting="0.00" lane="top_0" pos="27.67" speed="0.41" angle="224.67" x="11.27" y="107.94"/>
        <vehicle id="cfm-fast_3" eclass="HBEFA3/PC_G_EU4" CO2="4027.09" CO="186.49" HC="0.95" NOx="1.85" PMx="0.10" fuel="1.73" electricity="0.00" noise="116.09" route="routetop" type="cfm-fast" waiting="0.00" lane="top_0" pos="43.51" speed="0.41" angle="196.25" x="-3.51" y="77.63"/>
        <vehicle id="cfm-fast_4" eclass="HBEFA3/PC_G_EU4" CO2="4027.09" CO="186.49" HC="0.95" NOx="1.85" PMx="0.10" fuel="1.73" electricity="0.00" noise="116.09" route="routeleft" type="cfm-fast" waiting="0.00" lane="left_0" pos="9.34" speed="0.41" angle="167.61" x="-1.99" y="43.76"/>
        <vehicle id="cfm-fast_5" eclass="HBEFA3/PC_G_EU4" CO2="4027.09" CO="186.49" HC="0.95" NOx="1.85" PMx="0.10" fuel="1.73" electricity="0.00" noise="116.09" route="routeleft" type="cfm-fast" waiting="0.00" lane="left_0" pos="25.17" speed="0.41" angle="139.18" x="15.42" y="14.89"/>
        <vehicle id="cfm-slow_0" eclass="HBEFA3/PC_G_EU4" CO2="4027.09" CO="186.49" HC="0.95" NOx="1.85" PMx="0.10" fuel="1.73" electricity="0.00" noise="116.09" route="routebottom" type="cfm-slow" waiting="0.00" lane="bottom_0" pos="1.01" speed="0.41" angle="92.65" x="65.93" y="-4.90"/>
        <vehicle id="cfm-slow_1" eclass="HBEFA3/PC_G_EU4" CO2="4027.09" CO="186.49" HC="0.95" NOx="1.85" PMx="0.10" fuel="1.73" electricity="0.00" noise="116.09" route="routebottom" type="cfm-slow" waiting="0.00" lane="bottom_0" pos="16.84" speed="0.41" angle="64.16" x="98.32" y="4.46"/>
        <vehicle id="cfm-slow_2" eclass="HBEFA3/PC_G_EU4" CO2="4027.09" CO="186.49" HC="0.95" NOx="1.85" PMx="0.10" fuel="1.73" electricity="0.00" noise="116.09" route="routebottom" type="cfm-slow" waiting="0.00" lane="bottom_0" pos="32.67" speed="0.41" angle="35.74" x="122.34" y="28.12"/>
        <vehicle id="cfm-slow_3" eclass="HBEFA3/PC_G_EU4" CO2="4027.09" CO="186.49" HC="0.95" NOx="1.85" PMx="0.10" fuel="1.73" electricity="0.00" noise="116.09" route="routebottom" type="cfm-slow" waiting="0.00" lane="bottom_0" pos="48.51" speed="0.41" angle="7.23" x="132.19" y="60.36"/>
        <vehicle id="cfm-slow_4" eclass="HBEFA3/PC_G_EU4" CO2="4027.09" CO="186.49" HC="0.95" NOx="1.85" PMx="0.10" fuel="1.73" electricity="0.00" noise="116.09" route="routeright" type="cfm-slow" waiting="0.00" lane="right_0" pos="14.34" speed="0.41" angle="338.67" x="125.41" y="93.58"/>
        <vehicle id="cfm-slow_5" eclass="HBEFA3/PC_G_EU4" CO2="4027.09" CO="186.49" HC="0.95" NOx="1.85" PMx="0.10" fuel="1.73" electricity="0.00" noise="116.09" route="routeright" type="cfm-slow" waiting="0.00" lane="right_0" pos="30.17" speed="0.41" angle="310.19" x="103.69" y="119.36"/>
    </timestep>
    <timestep time="0.04">
        <vehicle id="cfm-fast_0" eclass="HBEFA3/PC_G_EU4" CO2="4495.13" CO="193.77" HC="0.99" NOx="2.07" PMx="0.11" fuel="1.93" electricity="0.00" noise="116.14" route="routeright" type="cfm-fast" waiting="0.00" lane="right_0" pos="46.01" speed="0.55" angle="281.73" x="72.31" y="131.73"/>
        <vehicle id="cfm-fast_1" eclass="HBEFA3/PC_G_EU4" CO2="4495.13" CO="193.77" HC="0.99" NOx="2.07" PMx="0.11" fuel="1.93" electricity="0.00" noise="116.14" route="routetop" type="cfm-fast" waiting="0.00" lane="top_0" pos="11.85" speed="0.55" angle="253.12" x="38.67" y="127.55"/>
        <vehicle id="cfm-fast_2" eclass="HBEFA3/PC_G_EU4" CO2="4495.13" CO="193.77" HC="0.99" NOx="2.07" PMx="0.11" fuel="1.93" electricity="0.00" noise="116.14" route="routetop" type="cfm-fast" waiting="0.00" lane="top_0" pos="27.68" speed="0.55" angle="224.66" x="11.26" y="107.93"/>
        <vehicle id="cfm-fast_3" eclass="HBEFA3/PC_G_EU4" CO2="4495.13" CO="193.77" HC="0.99" NOx="2.07" PMx="0.11" fuel="1.93" electricity="0.00" noise="116.14" route="routetop" type="cfm-fast" waiting="0.00" lane="top_0" pos="43.51" speed="0.55" angle="196.24" x="-3.52" y="77.62"/>
        <vehicle id="cfm-fast_4" eclass="HBEFA3/PC_G_EU4" CO2="4495.13" CO="193.77" HC="0.99" NOx="2.07" PMx="0.11" fuel="1.93" electricity="0.00" noise="116.14" route="routeleft" type="cfm-fast" waiting="0.00" lane="left_0" pos="9.35" speed="0.55" angle="167.60" x="-1.98" y="43.75"/>
        <vehicle id="cfm-fast_5" eclass="HBEFA3/PC_G_EU4" CO2="4495.13" CO="193.77" HC="0.99" NOx="2.07" PMx="0.11" fuel="1.93" electricity="0.00" noise="116.14" route="routeleft" type="cfm-fast" waiting="0.00" lane="left_0" pos="25.18" speed="0.55" angle="139.17" x="15.43" y="14.88"/>
        <vehicle id="cfm-slow_0" eclass="HBEFA3/PC_G_EU4" CO2="4495.13" CO="193.77" HC="0.99" NOx="2.07" PMx="0.11" fuel="1.93" electricity="0.00" noise="116.14" route="routebottom" type="cfm-slow" waiting="0.00" lane="bottom_0" pos="1.01" speed="0.55" angle="92.64" x="65.94" y="-4.90"/>
        <vehicle id="cfm-slow_1" eclass="HBEFA3/PC_G_EU4" CO2="4495.13" CO="193.77" HC="0.99" NOx="2.07" PMx="0.11" fuel="1.93" electricity="0.00" noise="116.14" route="routebottom" type="cfm-slow" waiting="0.00" lane="bottom_0" pos="16.85" speed="0.55" angle="64.15" x="98.33" y="4.46"/>
        <vehicle id="cfm-slow_2" eclass="HBEFA3/PC_G_EU4" CO2="4495.13" CO="193.77" HC="0.99" NOx="2.07" PMx="0.11" fuel="1.93" electricity="0.00" noise="116.14" route="routebottom" type="cfm-slow" waiting="0.00" lane="bottom_0" pos="32.68" speed="0.55" angle="35.73" x="122.34" y="28.13"/>
        <vehicle id="cfm-slow_3" eclass="HBEFA3/PC_G_EU4" CO2="4495.13" CO="193.77" HC="0.99" NOx="2.07" PMx="0.11" fuel="1.93" electricity="0.00" noise="116.14" route="routebottom" type="cfm-slow" waiting="0.00" lane="bottom_0" pos="48.51" speed="0.55" angle="7.22" x="132.19" y="60.37"/>
        <vehicle id="cfm-slow_4" eclass="HBEFA3/PC_G_EU4" CO2="4495.13" CO="193.77" HC="0.99" NOx="2.07" PMx="0.11" fuel="1.93" electricity="0.00" noise="116.14" route="routeright" type="cfm-slow" waiting="0.00" lane="right_0" pos="14.35" speed="0.55" angle="338.66" x="125.40" y="93.59"/>
        <vehicle id="cfm-slow_5" eclass="HBEFA3/PC_G_EU4" CO2="4495.13" CO="193.77" HC="0.99" NOx="2.07" PMx="0.11" fuel="1.93" electricity="0.00" noise="116.14" route="routeright" type="cfm-slow" waiting="0.00" lane="right_0" pos="30.18" speed="0.55" angle="310.18" x="103.68" y="119.37"/>
    </timestep>
    <timestep time="0.05">
        <vehicle id="cfm-fast_0" eclass="HBEFA3/PC_G_EU4" CO2="4963.46" CO="201.07" HC="1.03" NOx="2.29" PMx="0.12" fuel="2.13" electricity="0.00" noise="116.20" route="routeright" type="cfm-fast" waiting="0.00" lane="right_0" pos="46.02" speed="0.68" angle="281.72" x="72.30" y="131.73"/>
        <vehicle id="cfm-fast_1" eclass="HBEFA3/PC_G_EU4" CO2="4963.46" CO="201.07" HC="1.03" NOx="2.29" PMx="0.12" fuel="2.13" electricity="0.00" noise="116.20" route="routetop" type="cfm-fast" waiting="0.00" lane="top_0" pos="11.85" speed="0.68" angle="253.11" x="38.66" y="127.54"/>
        <vehicle id="cfm-fast_2" eclass="HBEFA3/PC_G_EU4" CO2="4963.46" CO="201.07" HC="1.03" NOx="2.29" PMx="0.12" fuel="2.13" electricity="0.00" noise="116.20" route="routetop" type="cfm-fast" waiting="0.00" lane="top_0" pos="27.69" speed="0.68" angle="224.65" x="11.25" y="107.92"/>
        <vehicle id="cfm-fast_3" eclass="HBEFA3/PC_G_EU4" CO2="4963.46" CO="201.07" HC="1.03" NOx="2.29" PMx="0.12" fuel="2.13" electricity="0.00" noise="116.20" route="routetop" type="cfm-fast" waiting="0.00" lane="top_0" pos="43.52" speed="0.68" angle="196.23" x="-3.52" y="77.60"/>
        <vehicle id="cfm-fast_4" eclass="HBEFA3/PC_G_EU4" CO2="4963.46" CO="201.07" HC="1.03" NOx="2.29" PMx="0.12" fuel="2.13" electricity="0.00" noise="116.20" route="routeleft" type="cfm-fast" waiting="0.00" lane="left_0" pos="9.35" speed="0.68" angle="167.59" x="-1.98" y="43.74"/>
        <vehicle id="cfm-fast_5" eclass="HBEFA3/PC_G_EU4" CO2="4963.46" CO="201.07" HC="1.03" NOx="2.29" PMx="0.12" fuel="2.13" electricity="0.00" noise="116.20" route="routeleft" type="cfm-fast" waiting="0.00" lane="left_0" pos="25.19" speed="0.68" angle="139.16" x="15.44" y="14.87"/>
        <vehicle id="cfm-slow_0" eclass="HBEFA3/PC_G_EU4" CO2="4963.46" CO="201.07" HC="1.03" NOx="2.29" PMx="0.12" fuel="2.13" electricity="0.00" noise="116.20" route="routebottom" type="cfm-slow" waiting="0.00" lane="bottom_0" pos="1.02" speed="0.68" angle="92.62" x="65.96" y="-4.90"/>
        <vehicle id="cfm-slow_1" eclass="HBEFA3/PC_G_EU4" CO2="4963.46" CO="201.07" HC="1.03" NOx="2.29" PMx="0.12" fuel="2.13" electricity="0.00" noise="116.20" route="routebottom" type="cfm-slow" waiting="0.00" lane="bottom_0" pos="16.85" speed="0.68" angle="64.14" x="98.34" y="4.47"/>
        <vehicle id="cfm-slow_2" eclass="HBEFA3/PC_G_EU4" CO2="4963.46" CO="201.07" HC="1.03" NOx="2.29" PMx="0.12" fuel="2.13" electricity="0.00" noise="116.20" route="routebottom" type="cfm-slow" waiting="0.00" lane="bottom_0" pos="32.69" speed="0.68" angle="35.71" x="122.35" y="28.14"/>
        <vehicle id="cfm-slow_3" eclass="HBEFA3/PC_G_EU4" CO2="4963.46" CO="201.07" HC="1.03" NOx="2.29" PMx="0.12" fuel="2.13" electricity="0.00" noise="116.20" route="routebottom" type="cfm-slow" waiting="0.00" lane="bottom_0" pos="48.52" speed="0.68" angle="7.21" x="132.19" y="60.39"/>
        <vehicle id="cfm-slow_4" eclass="HBEFA3/PC_G_EU4" CO2="4963.46" CO="201.07" HC="1.03" NOx="2.29" PMx="0.12" fuel="2.13" electricity="0.00" noise="116.20" route="routeright" type="cfm-slow" waiting="0.00" lane="right_0" pos="14.35" speed="0.68" angle="338.64" x="125.39" y="93.60"/>
        <vehicle id="cfm-slow_5" eclass="HBEFA3/PC_G_EU4" CO2="4963.46" CO="201.07" HC="1.03" NOx="2.29" PMx="0.12" fuel="2.13" electricity="0.00" noise="116.20" route="routeright" type="cfm-slow" waiting="0.00" lane="right_0" pos="30.19" speed="0.68" angle="310.17" x="103.67" y="119.38"/>
    </timestep>
    <timestep time="0.06">
        <vehicle id="cfm-fast_0" eclass="HBEFA3/PC_G_EU4" CO2="5432.08" CO="208.39" HC="1.08" NOx="2.51" PMx="0.13" fuel="2.34" electricity="0.00" noise="116.25" route="routeright" type="cfm-fast" waiting="0.00" lane="right_0" pos="46.03" speed="0.82" angle="281.70" x="72.28" y="131.73"/>
        <vehicle id="cfm-fast_1" eclass="HBEFA3/PC_G_EU4" CO2="5432.08" CO="208.39" HC="1.08" NOx="2.51" PMx="0.13" fuel="2.34" electricity="0.00" noise="116.25" route="routetop" type="cfm-fast" waiting="0.00" lane="top_0" pos="11.86" speed="0.82" angle="253.09" x="38.64" y="127.54"/>
        <vehicle id="cfm-fast_2" eclass="HBEFA3/PC_G_EU4" CO2="5432.08" CO="208.39" HC="1.08" NOx="2.51" PMx="0.13" fuel="2.34" electricity="0.00" noise="116.25" route="routetop" type="cfm-fast" waiting="0.00" lane="top_0" pos="27.70" speed="0.82" angle="224.63" x="11.24" y="107.90"/>
        <vehicle id="cfm-fast_3" eclass="HBEFA3/PC_G_EU4" CO2="5432.08" CO="208.39" HC="1.08" NOx="2.51" PMx="0.13" fuel="2.34" electricity="0.00" noise="116.25" route="routetop" type="cfm-fast" waiting="0.00" lane="top_0" pos="43.53" speed="0.82" angle="196.22" x="-3.52" y="77.59"/>
        <vehicle id="cfm-fast_4" eclass="HBEFA3/PC_G_EU4" CO2="5432.08" CO="208.39" HC="1.08" NOx="2.51" PMx="0.13" fuel="2.34" electricity="0.00" noise="116.25" route="routeleft" type="cfm-fast" waiting="0.00" lane="left_0" pos="9.36" speed="0.82" angle="167.57" x="-1.97" y="43.72"/>
        <vehicle id="cfm-fast_5" eclass="HBEFA3/PC_G_EU4" CO2="5432.08" CO="208.39" HC="1.08" NOx="2.51" PMx="0.13" fuel="2.34" electricity="0.00" noise="116.25" route="routeleft" type="cfm-fast" waiting="0.00" lane="left_0" pos="25.20" speed="0.82" angle="139.15" x="15.45" y="14.86"/>
        <vehicle id="cfm-slow_0" eclass="HBEFA3/PC_G_EU4" CO2="5432.08" CO="208.39" HC="1.08" NOx="2.51" PMx="0.13" fuel="2.34" electricity="0.00" noise="116.25" route="routebottom" type="cfm-slow" waiting="0.00" lane="bottom_0" pos="1.03" speed="0.82" angle="92.61" x="65.97" y="-4.90"/>
        <vehicle id="cfm-slow_1" eclass="HBEFA3/PC_G_EU4" CO2="5432.08" CO="208.39" HC="1.08" NOx="2.51" PMx="0.13" fuel="2.34" electricity="0.00" noise="116.25" route="routebottom" type="cfm-slow" waiting="0.00" lane="bottom_0" pos="16.86" speed="0.82" angle="64.13" x="98.36" y="4.48"/>
        <vehicle id="cfm-slow_2" eclass="HBEFA3/PC_G_EU4" CO2="5432.08" CO="208.39" HC="1.08" NOx="2.51" PMx="0.13" fuel="2.34" electricity="0.00" noise="116.25" route="routebottom" type="cfm-slow" waiting="0.00" lane="bottom_0" pos="32.70" speed="0.82" angle="35.70" x="122.36" y="28.15"/>
        <vehicle id="cfm-slow_3" eclass="HBEFA3/PC_G_EU4" CO2="5432.08" CO="208.39" HC="1.08" NOx="2.51" PMx="0.13" fuel="2.34" electricity="0.00" noise="116.25" route="routebottom" type="cfm-slow" waiting="0.00" lane="bottom_0" pos="48.53" speed="0.82" angle="7.19" x="132.19" y="60.41"/>
        <vehicle id="cfm-slow_4" eclass="HBEFA3/PC_G_EU4" CO2="5432.08" CO="208.39" HC="1.08" NOx="2.51" PMx="0.13" fuel="2.34" electricity="0.00" noise="116.25" route="routeright" type="cfm-slow" waiting="0.00" lane="right_0" pos="14.36" speed="0.82" angle="338.63" x="125.39" y="93.61"/>
        <vehicle id="cfm-slow_5" eclass="HBEFA3/PC_G_EU4" CO2="5432.08" CO="208.39" HC="1.08" NOx="2.51" PMx="0.13" fuel="2.34" electricity="0.00" noise="116.25" route="routeright" type="cfm-slow" waiting="0.00" lane="right_0" pos="30.20" speed="0.82" angle="310.15" x="103.66" y="119.39"/>
    </timestep>
    <timestep time="0.07">
        <vehicle id="cfm-fast_0" eclass="HBEFA3/PC_G_EU4" CO2="5901.00" CO="215.74" HC="1.12" NOx="2.72" PMx="0.15" fuel="2.54" electricity="0.00" noise="116.30" route="routeright" type="cfm-fast" waiting="0.00" lane="right_0" pos="46.04" speed="0.95" angle="281.69" x="72.26" y="131.73"/>
        <vehicle id="cfm-fast_1" eclass="HBEFA3/PC_G_EU4" CO2="5901.00" CO="215.74" HC="1.12" NOx="2.72" PMx="0.15" fuel="2.54" electricity="0.00" noise="116.30" route="routetop" type="cfm-fast" waiting="0.00" lane="top_0" pos="11.87" speed="0.95" angle="253.07" x="38.62" y="127.53"/>
        <vehicle id="cfm-fast_2" eclass="HBEFA3/PC_G_EU4" CO2="5901.00" CO="215.74" HC="1.12" NOx="2.72" PMx="0.15" fuel="2.54" electricity="0.00" noise="116.30" route="routetop" type="cfm-fast" waiting="0.00" lane="top_0" pos="27.70" speed="0.95" angle="224.61" x="11.22" y="107.89"/>
        <vehicle id="cfm-fast_3" eclass="HBEFA3/PC_G_EU4" CO2="5901.00" CO="215.74" HC="1.12" NOx="2.72" PMx="0.15" fuel="2.54" electricity="0.00" noise="116.30" route="routetop" type="cfm-fast" waiting="0.00" lane="top_0" pos="43.54" speed="0.95" angle="196.21" x="-3.53" y="77.57"/>
        <vehicle id="cfm-fast_4" eclass="HBEFA3/PC_G_EU4" CO2="5901.00" CO="215.74" HC="1.12" NOx="2.72" PMx="0.15" fuel="2.54" electricity="0.00" noise="116.30" route="routeleft" type="cfm-fast" waiting="0.00" lane="left_0" pos="9.37" speed="0.95" angle="167.56" x="-1.97" y="43.70"/>
        <vehicle id="cfm-fast_5" eclass="HBEFA3/PC_G_EU4" CO2="5901.00" CO="215.74" HC="1.12" NOx="2.72" PMx="0.15" fuel="2.54" electricity="0.00" noise="116.30" route="routeleft" type="cfm-fast" waiting="0.00" lane="left_0" pos="25.20" speed="0.95" angle="139.13" x="15.47" y="14.84"/>
        <vehicle id="cfm-slow_0" eclass="HBEFA3/PC_G_EU4" CO2="5901.00" CO="215.74" HC="1.12" NOx="2.72" PMx="0.15" fuel="2.54" electricity="0.00" noise="116.30" route="routebottom" type="cfm-slow" waiting="0.00" lane="bottom_0" pos="1.04" speed="0.95" angle="92.59" x="65.99" y="-4.90"/>
        <vehicle id="cfm-slow_1" eclass="HBEFA3/PC_G_EU4" CO2="5901.00" CO="215.74" HC="1.12" NOx="2.72" PMx="0.15" fuel="2.54" electricity="0.00" noise="116.30" route="routebottom" type="cfm-slow" waiting="0.00" lane="bottom_0" pos="16.87" speed="0.95" angle="64.11" x="98.37" y="4.49"/>
        <vehicle id="cfm-slow_2" eclass="HBEFA3/PC_G_EU4" CO2="5901.00" CO="215.74" HC="1.12" NOx="2.72" PMx="0.15" fuel="2.54" electricity="0.00" noise="116.30" route="routebottom" type="cfm-slow" waiting="0.00" lane="bottom_0" pos="32.70" speed="0.95" angle="35.68" x="122.37" y="28.17"/>
        <vehicle id="cfm-slow_3" eclass="HBEFA3/PC_G_EU4" CO2="5901.00" CO="215.74" HC="1.12" NOx="2.72" PMx="0.15" fuel="2.54" electricity="0.00" noise="116.30" route="routebottom" type="cfm-slow" waiting="0.00" lane="bottom_0" pos="48.54" speed="0.95" angle="7.17" x="132.19" y="60.43"/>
        <vehicle id="cfm-slow_4" eclass="HBEFA3/PC_G_EU4" CO2="5901.00" CO="215.74" HC="1.12" NOx="2.72" PMx="0.15" fuel="2.54" electricity="0.00" noise="116.30" route="routeright" type="cfm-slow" waiting="0.00" lane="right_0" pos="14.37" speed="0.95" angle="338.61" x="125.38" y="93.63"/>
        <vehicle id="cfm-slow_5" eclass="HBEFA3/PC_G_EU4" CO2="5901.00" CO="215.74" HC="1.12" NOx="2.72" PMx="0.15" fuel="2.54" electricity="0.00" noise="116.30" route="routeright" type="cfm-slow" waiting="0.00" lane="right_0" pos="30.20" speed="0.95" angle="310.13" x="103.64" y="119.40"/>
    </timestep>
    <timestep time="0.08">
        <vehicle id="cfm-fast_0" eclass="HBEFA3/PC_G_EU4" CO2="6370.20" CO="223.11" HC="1.17" NOx="2.94" PMx="0.16" fuel="2.74" electricity="0.00" noise="116.35" route="routeright" type="cfm-fast" waiting="0.00" lane="right_0" pos="46.05" speed="1.09" angle="281.67" x="72.24" y="131.74"/>
        <vehicle id="cfm-fast_1" eclass="HBEFA3/PC_G_EU4" CO2="6370.20" CO="223.11" HC="1.17" NOx="2.94" PMx="0.16" fuel="2.74" electricity="0.00" noise="116.35" route="routetop" type="cfm-fast" waiting="0.00" lane="top_0" pos="11.88" speed="1.09" angle="253.05" x="38.60" y="127.52"/>
        <vehicle id="cfm-fast_2" eclass="HBEFA3/PC_G_EU4" CO2="6370.20" CO="223.11" HC="1.17" NOx="2.94" PMx="0.16" fuel="2.74" electricity="0.00" noise="116.35" route="routetop" type="cfm-fast" waiting="0.00" lane="top_0" pos="27.72" speed="1.09" angle="224.59" x="11.21" y="107.87"/>
        <vehicle id="cfm-fast_3" eclass="HBEFA3/PC_G_EU4" CO2="6370.20" CO="223.11" HC="1.17" NOx="2.94" PMx="0.16" fuel="2.74" electricity="0.00" noise="116.35" route="routetop" type="cfm-fast" waiting="0.00" lane="top_0" pos="43.55" speed="1.09" angle="196.20" x="-3.53" y="77.54"/>
        <vehicle id="cfm-fast_4" eclass="HBEFA3/PC_G_EU4" CO2="6370.20" CO="223.11" HC="1.17" NOx="2.94" PMx="0.16" fuel="2.74" electricity="0.00" noise="116.35" route="routeleft" type="cfm-fast" waiting="0.00" lane="left_0" pos="9.38" speed="1.09" angle="167.54" x="-1.96" y="43.68"/>
        <vehicle id="cfm-fast_5" eclass="HBEFA3/PC_G_EU4" CO2="6370.20" CO="223.11" HC="1.17" NOx="2.94" PMx="0.16" fuel="2.74" electricity="0.00" noise="116.35" route="routeleft" type="cfm-fast" waiting="0.00" lane="left_0" pos="25.22" speed="1.09" angle="139.11" x="15.48" y="14.83"/>
        <vehicle id="cfm-slow_0" eclass="HBEFA3/PC_G_EU4" CO2="6370.20" CO="223.11" HC="1.17" NOx="2.94" PMx="0.16" fuel="2.74" electricity="0.00" noise="116.35" route="routebottom" type="cfm-slow" waiting="0.00" lane="bottom_0" pos="1.05" speed="1.09" angle="92.57" x="66.02" y="-4.90"/>
        <vehicle id="cfm-slow_1" eclass="HBEFA3/PC_G_EU4" CO2="6370.20" CO="223.11" HC="1.17" NOx="2.94" PMx="0.16" fuel="2.74" electricity="0.00" noise="116.35" route="routebottom" type="cfm-slow" waiting="0.00" lane="bottom_0" pos="16.88" speed="1.09" angle="64.09" x="98.39" y="4.50"/>
        <vehicle id="cfm-slow_2" eclass="HBEFA3/PC_G_EU4" CO2="6370.20" CO="223.11" HC="1.17" NOx="2.94" PMx="0.16" fuel="2.74" electricity="0.00" noise="116.35" route="routebottom" type="cfm-slow" waiting="0.00" lane="bottom_0" pos="32.72" speed="1.09" angle="35.66" x="122.38" y="28.19"/>
        <vehicle id="cfm-slow_3" eclass="HBEFA3/PC_G_EU4" CO2="6370.20" CO="223.11" HC="1.17" NOx="2.94" PMx="0.16" fuel="2.74" electricity="0.00" noise="116.35" route="routebottom" type="cfm-slow" waiting="0.00" lane="bottom_0" pos="48.55" speed="1.09" angle="7.15" x="132.19" y="60.45"/>
        <vehicle id="cfm-slow_4" eclass="HBEFA3/PC_G_EU4" CO2="6370.20" CO="223.11" HC="1.17" NOx="2.94" PMx="0.16" fuel="2.74" electricity="0.00" noise="116.35" route="routeright" type="cfm-slow" waiting="0.00" lane="right_0" pos="14.38" speed="1.09" angle="338.59" x="125.37" y="93.65"/>
        <vehicle id="cfm-slow_5" eclass="HBEFA3/PC_G_EU4" CO2="6370.20" CO="223.11" HC="1.17" NOx="2.94" PMx="0.16" fuel="2.74" electricity="0.00" noise="116.35" route="routeright" type="cfm-slow" waiting="0.00" lane="right_0" pos="30.22" speed="1.09" angle="310.11" x="103.62" y="119.42"/>
    </timestep>
    <timestep time="0.09">
        <vehicle id="cfm-fast_0" eclass="HBEFA3/PC_G_EU4" CO2="6839.70" CO="230.49" HC="1.22" NOx="3.16" PMx="0.17" fuel="2.94" electricity="0.00" noise="116.40" route="routeright" type="cfm-fast" waiting="0.00" lane="right_0" pos="46.06" speed="1.23" angle="281.64" x="72.21" y="131.74"/>
        <vehicle id="cfm-fast_1" eclass="HBEFA3/PC_G_EU4" CO2="6839.70" CO="230.49" HC="1.22" NOx="3.16" PMx="0.17" fuel="2.94" electricity="0.00" noise="116.40" route="routetop" type="cfm-fast" waiting="0.00" lane="top_0" pos="11.89" speed="1.23" angle="253.03" x="38.58" y="127.51"/>
        <vehicle id="cfm-fast_2" eclass="HBEFA3/PC_G_EU4" CO2="6839.70" CO="230.49" HC="1.22" NOx="3.16" PMx="0.17" fuel="2.94" electricity="0.00" noise="116.40" route="routetop" type="cfm-fast" waiting="0.00" lane="top_0" pos="27.73" speed="1.23" angle="224.57" x="11.19" y="107.85"/>
        <vehicle id="cfm-fast_3" eclass="HBEFA3/PC_G_EU4" CO2="6839.70" CO="230.49" HC="1.22" NOx="3.16" PMx="0.17" fuel="2.94" electricity="0.00" noise="116.40" route="routetop" type="cfm-fast" waiting="0.00" lane="top_0" pos="43.56" speed="1.23" angle="196.18" x="-3.54" y="77.52"/>
        <vehicle id="cfm-fast_4" eclass="HBEFA3/PC_G_EU4" CO2="6839.70" CO="230.49" HC="1.22" NOx="3.16" PMx="0.17" fuel="2.94" electricity="0.00" noise="116.40" route="routeleft" type="cfm-fast" waiting="0.00" lane="left_0" pos="9.39" speed="1.23" angle="167.51" x="-1.95" y="43.65"/>
        <vehicle id="cfm-fast_5" eclass="HBEFA3/PC_G_EU4" CO2="6839.70" CO="230.49" HC="1.22" NOx="3.16" PMx="0.17" fuel="2.94" electricity="0.00" noise="116.40" route="routeleft" type="cfm-fast" waiting="0.00" lane="left_0" pos="25.23" speed="1.23" angle="139.09" x="15.50" y="14.81"/>
        <vehicle id="cfm-slow_0" eclass="HBEFA3/PC_G_EU4" CO2="6839.70" CO="230.49" HC="1.22" NOx="3.16" PMx="0.17" fuel="2.94" electricity="0.00" noise="116.40" route="routebottom" type="cfm-slow" waiting="0.00" lane="bottom_0" pos="1.06" speed="1.23" angle="92.55" x="66.04" y="-4.90"/>
        <vehicle id="cfm-slow_1" eclass="HBEFA3/PC_G_EU4" CO2="6839.70" CO="230.49" HC="1.22" NOx="3.16" PMx="0.17" fuel="2.94" electricity="0.00" noise="116.40" route="routebottom" type="cfm-slow" waiting="0.00" lane="bottom_0" pos="16.89" speed="1.23" angle="64.07" x="98.42" y="4.51"/>
        <vehicle id="cfm-slow_2" eclass="HBEFA3/PC_G_EU4" CO2="6839.70" CO="230.49" HC="1.22" NOx="3.16" PMx="0.17" fuel="2.94" electricity="0.00" noise="116.40" route="routebottom" type="cfm-slow" waiting="0.00" lane="bottom_0" pos="32.73" speed="1.23" angle="35.64" x="122.40" y="28.22"/>
        <vehicle id="cfm-slow_3" eclass="HBEFA3/PC_G_EU4" CO2="6839.70" CO="230.49" HC="1.22" NOx="3.16" PMx="0.17" fuel="2.94" electricity="0.00" noise="116.40" route="routebottom" type="cfm-slow" waiting="0.00" lane="bottom_0" pos="48.56" speed="1.23" angle="7.13" x="132.19" y="60.48"/>
        <vehicle id="cfm-slow_4" eclass="HBEFA3/PC_G_EU4" CO2="6839.70" CO="230.49" HC="1.22" NOx="3.16" PMx="0.17" fuel="2.94" electricity="0.00" noise="116.40" route="routeright" type="cfm-slow" waiting="0.00" lane="right_0" pos="14.39" speed="1.23" angle="338.57" x="125.35" y="93.68"/>
        <vehicle id="cfm-slow_5" eclass="HBEFA3/PC_G_EU4" CO2="6839.70" CO="230.49" HC="1.22" NOx="3.16" PMx="0.17" fuel="2.94" electricity="0.00" noise="116.40" route="routeright" type="cfm-slow" waiting="0.00" lane="right_0" pos="30.23" speed="1.23" angle="310.09" x="103.60" y="119.43"/>
    </timestep>
    <timestep time="0.10">
        <vehicle id="cfm-fast_0" eclass="HBEFA3/PC_G_EU4" CO2="7309.49" CO="237.90" HC="1.26" NOx="3.38" PMx="0.18" fuel="3.14" electricity="0.00" noise="116.45" route="routeright" type="cfm-fast" waiting="0.00" lane="right_0" pos="46.08" speed="1.36" angle="281.63" x="72.18" y="131.74"/>
        <vehicle id="cfm-fast_1" eclass="HBEFA3/PC_G_EU4" CO2="7309.49" CO="237.90" HC="1.26" NOx="3.38" PMx="0.18" fuel="3.14" electricity="0.00" noise="116.45" route="routetop" type="cfm-fast" waiting="0.00" lane="top_0" pos="11.91" speed="1.36" angle="253.01" x="38.55" y="127.50"/>
        <vehicle id="cfm-fast_2" eclass="HBEFA3/PC_G_EU4" CO2="7309.49" CO="237.90" HC="1.26" NOx="3.38" PMx="0.18" fuel="3.14" electricity="0.00" noise="116.45" route="routetop" type="cfm-fast" waiting="0.00" lane="top_0" pos="27.74" speed="1.36" angle="224.55" x="11.17" y="107.83"/>
        <vehicle id="cfm-fast_3" eclass="HBEFA3/PC_G_EU4" CO2="7309.49" CO="237.90" HC="1.26" NOx="3.38" PMx="0.18" fuel="3.14" electricity="0.00" noise="116.45" route="routetop" type="cfm-fast" waiting="0.00" lane="top_0" pos="43.58" speed="1.36" angle="196.16" x="-3.54" y="77.49"/>
        <vehicle id="cfm-fast_4" eclass="HBEFA3/PC_G_EU4" CO2="7309.49" CO="237.90" HC="1.26" NOx="3.38" PMx="0.18" fuel="3.14" electricity="0.00" noise="116.45" route="routeleft" type="cfm-fast" waiting="0.00" lane="left_0" pos="9.41" speed="1.36" angle="167.49" x="-1.94" y="43.63"/>
        <vehicle id="cfm-fast_5" eclass="HBEFA3/PC_G_EU4" CO2="7309.49" CO="237.90" HC="1.26" NOx="3.38" PMx="0.18" fuel="3.14" electricity="0.00" noise="116.45" route="routeleft" type="cfm-fast" waiting="0.00" lane="left_0" pos="25.24" speed="1.36" angle="139.06" x="15.52" y="14.79"/>
        <vehicle id="cfm-slow_0" eclass="HBEFA3/PC_G_EU4" CO2="7309.49" CO="237.90" HC="1.26" NOx="3.38" PMx="0.18" fuel="3.14" electricity="0.00" noise="116.45" route="routebottom" type="cfm-slow" waiting="0.00" lane="bottom_0" pos="1.08" speed="1.36" angle="92.52" x="66.07" y="-4.90"/>
        <vehicle id="cfm-slow_1" eclass="HBEFA3/PC_G_EU4" CO2="7309.49" CO="237.90" HC="1.26" NOx="3.38" PMx="0.18" fuel="3.14" electricity="0.00" noise="116.45" route="routebottom" type="cfm-slow" waiting="0.00" lane="bottom_0" pos="16.91" speed="1.36" angle="64.04" x="98.44" y="4.53"/>
        <vehicle id="cfm-slow_2" eclass="HBEFA3/PC_G_EU4" CO2="7309.49" CO="237.90" HC="1.26" NOx="3.38" PMx="0.18" fuel="3.14" electricity="0.00" noise="116.45" route="routebottom" type="cfm-slow" waiting="0.00" lane="bottom_0" pos="32.74" speed="1.36" angle="35.61" x="122.41" y="28.24"/>
        <vehicle id="cfm-slow_3" eclass="HBEFA3/PC_G_EU4" CO2="7309.49" CO="237.90" HC="1.26" NOx="3.38" PMx="0.18" fuel="3.14" electricity="0.00" noise="116.45" route="routebottom" type="cfm-slow" waiting="0.00" lane="bottom_0" pos="48.58" speed="1.36" angle="7.10" x="132.20" y="60.51"/>
        <vehicle id="cfm-slow_4" eclass="HBEFA3/PC_G_EU4" CO2="7309.49" CO="237.90" HC="1.26" NOx="3.38" PMx="0.18" fuel="3.14" electricity="0.00" noise="116.45" route="routeright" type="cfm-slow" waiting="0.00" lane="right_0" pos="14.41" speed="1.36" angle="338.54" x="125.34" y="93.70"/>
        <vehicle id="cfm-slow_5" eclass="HBEFA3/PC_G_EU4" CO2="7309.49" CO="237.90" HC="1.26" NOx="3.38" PMx="0.18" fuel="3.14" electricity="0.00" noise="116.45" route="routeright" type="cfm-slow" waiting="0.00" lane="right_0" pos="30.24" speed="1.36" angle="310.06" x="103.57" y="119.45"/>
    </timestep>
    <timestep time="0.11">
        <vehicle id="cfm-fast_0" eclass="HBEFA3/PC_G_EU4" CO2="7779.58" CO="245.33" HC="1.31" NOx="3.60" PMx="0.19" fuel="3.34" electricity="0.00" noise="116.51" route="routeright" type="cfm-fast" waiting="0.00" lane="right_0" pos="46.09" speed="1.50" angle="281.60" x="72.15" y="131.75"/>
        <vehicle id="cfm-fast_1" eclass="HBEFA3/PC_G_EU4" CO2="7779.58" CO="245.33" HC="1.31" NOx="3.60" PMx="0.19" fuel="3.34" electricity="0.00" noise="116.51" route="routetop" type="cfm-fast" waiting="0.00" lane="top_0" pos="11.92" speed="1.50" angle="252.98" x="38.52" y="127.49"/>
        <vehicle id="cfm-fast_2" eclass="HBEFA3/PC_G_EU4" CO2="7779.58" CO="245.33" HC="1.31" NOx="3.60" PMx="0.19" fuel="3.34" electricity="0.00" noise="116.51" route="routetop" type="cfm-fast" waiting="0.00" lane="top_0" pos="27.76" speed="1.50" angle="224.52" x="11.15" y="107.80"/>
        <vehicle id="cfm-fast_3" eclass="HBEFA3/PC_G_EU4" CO2="7779.58" CO="245.33" HC="1.31" NOx="3.60" PMx="0.19" fuel="3.34" electricity="0.00" noise="116.51" route="routetop" type="cfm-fast" waiting="0.00" lane="top_0" pos="43.59" speed="1.50" angle="196.14" x="-3.55" y="77.46"/>
        <vehicle id="cfm-fast_4" eclass="HBEFA3/PC_G_EU4" CO2="7779.58" CO="245.33" HC="1.31" NOx="3.60" PMx="0.19" fuel="3.34" electricity="0.00" noise="116.51" route="routeleft" type="cfm-fast" waiting="0.00" lane="left_0" pos="9.42" speed="1.50" angle="167.46" x="-1.94" y="43.59"/>
        <vehicle id="cfm-fast_5" eclass="HBEFA3/PC_G_EU4" CO2="7779.58" CO="245.33" HC="1.31" NOx="3.60" PMx="0.19" fuel="3.34" electricity="0.00" noise="116.51" route="routeleft" type="cfm-fast" waiting="0.00" lane="left_0" pos="25.26" speed="1.50" angle="139.03" x="15.55" y="14.76"/>
        <vehicle id="cfm-slow_0" eclass="HBEFA3/PC_G_EU4" CO2="7779.58" CO="245.33" HC="1.31" NOx="3.60" PMx="0.19" fuel="3.34" electricity="0.00" noise="116.51" route="routebottom" type="cfm-slow" waiting="0.00" lane="bottom_0" pos="1.09" speed="1.50" angle="92.50" x="66.10" y="-4.90"/>
        <vehicle id="cfm-slow_1" eclass="HBEFA3/PC_G_EU4" CO2="7779.58" CO="245.33" HC="1.31" NOx="3.60" PMx="0.19" fuel="3.34" electricity="0.00" noise="116.51" route="routebottom" type="cfm-slow" waiting="0.00" lane="bottom_0" pos="16.92" speed="1.50" angle="64.01" x="98.47" y="4.55"/>
        <vehicle id="cfm-slow_2" eclass="HBEFA3/PC_G_EU4" CO2="7779.58" CO="245.33" HC="1.31" NOx="3.60" PMx="0.19" fuel="3.34" electricity="0.00" noise="116.51" route="routebottom" type="cfm-slow" waiting="0.00" lane="bottom_0" pos="32.76" speed="1.50" angle="35.58" x="122.43" y="28.27"/>
        <vehicle id="cfm-slow_3" eclass="HBEFA3/PC_G_EU4" CO2="7779.58" CO="245.33" HC="1.31" NOx="3.60" PMx="0.19" fuel="3.34" electricity="0.00" noise="116.51" route="routebottom" type="cfm-slow" waiting="0.00" lane="bottom_0" pos="48.59" speed="1.50" angle="7.07" x="132.20" y="60.54"/>
        <vehicle id="cfm-slow_4" eclass="HBEFA3/PC_G_EU4" CO2="7779.58" CO="245.33" HC="1.31" NOx="3.60" PMx="0.19" fuel="3.34" electricity="0.00" noise="116.51" route="routeright" type="cfm-slow" waiting="0.00" lane="right_0" pos="14.42" speed="1.50" angle="338.51" x="125.33" y="93.73"/>
        <vehicle id="cfm-slow_5" eclass="HBEFA3/PC_G_EU4" CO2="7779.58" CO="245.33" HC="1.31" NOx="3.60" PMx="0.19" fuel="3.34" electricity="0.00" noise="116.51" route="routeright" type="cfm-slow" waiting="0.00" lane="right_0" pos="30.26" speed="1.50" angle="310.04" x="103.55" y="119.47"/>
    </timestep>
    <timestep time="0.12">
        <vehicle id="cfm-fast_0" eclass="HBEFA3/PC_G_EU4" CO2="8249.95" CO="252.79" HC="1.35" NOx="3.81" PMx="0.20" fuel="3.55" electricity="0.00" noise="116.56" route="routeright" type="cfm-fast" waiting="0.00" lane="right_0" pos="46.11" speed="1.64" angle="281.58" x="72.12" y="131.75"/>
        <vehicle id="cfm-fast_1" eclass="HBEFA3/PC_G_EU4" CO2="8249.95" CO="252.79" HC="1.35" NOx="3.81" PMx="0.20" fuel="3.55" electricity="0.00" noise="116.56" route="routetop" type="cfm-fast" waiting="0.00" lane="top_0" pos="11.94" speed="1.64" angle="252.95" x="38.49" y="127.47"/>
        <vehicle id="cfm-fast_2" eclass="HBEFA3/PC_G_EU4" CO2="8249.95" CO="252.79" HC="1.35" NOx="3.81" PMx="0.20" fuel="3.55" electricity="0.00" noise="116.56" route="routetop" type="cfm-fast" waiting="0.00" lane="top_0" pos="27.77" speed="1.64" angle="224.49" x="11.13" y="107.77"/>
        <vehicle id="cfm-fast_3" eclass="HBEFA3/PC_G_EU4" CO2="8249.95" CO="252.79" HC="1.35" NOx="3.81" PMx="0.20" fuel="3.55" electricity="0.00" noise="116.56" route="routetop" type="cfm-fast" waiting="0.00" lane="top_0" pos="43.61" speed="1.64" angle="196.12" x="-3.56" y="77.42"/>
        <vehicle id="cfm-fast_4" eclass="HBEFA3/PC_G_EU4" CO2="8249.95" CO="252.79" HC="1.35" NOx="3.81" PMx="0.20" fuel="3.55" electricity="0.00" noise="116.56" route="routeleft" type="cfm-fast" waiting="0.00" lane="left_0" pos="9.44" speed="1.64" angle="167.43" x="-1.92" y="43.56"/>
        <vehicle id="cfm-fast_5" eclass="HBEFA3/PC_G_EU4" CO2="8249.95" CO="252.79" HC="1.35" NOx="3.81" PMx="0.20" fuel="3.55" electricity="0.00" noise="116.56" route="routeleft" type="cfm-fast" waiting="0.00" lane="left_0" pos="25.27" speed="1.64" angle="139.00" x="15.57" y="14.74"/>
        <vehicle id="cfm-slow_0" eclass="HBEFA3/PC_G_EU4" CO2="8249.95" CO="252.79" HC="1.35" NOx="3.81" PMx="0.20" fuel="3.55" electricity="0.00" noise="116.56" route="routebottom" type="cfm-slow" waiting="0.00" lane="bottom_0" pos="1.11" speed="1.64" angle="92.47" x="66.14" y="-4.90"/>
        <vehicle id="cfm-slow_1" eclass="HBEFA3/PC_G_EU4" CO2="8249.95" CO="252.79" HC="1.35" NOx="3.81" PMx="0.20" fuel="3.55" electricity="0.00" noise="116.56" route="routebottom" type="cfm-slow" waiting="0.00" lane="bottom_0" pos="16.94" speed="1.64" angle="63.98" x="98.50" y="4.56"/>
        <vehicle id="cfm-slow_2" eclass="HBEFA3/PC_G_EU4" CO2="8249.95" CO="252.79" HC="1.35" NOx="3.81" PMx="0.20" fuel="3.55" electricity="0.00" noise="116.56" route="routebottom" type="cfm-slow" waiting="0.00" lane="bottom_0" pos="32.77" speed="1.64" angle="35.55" x="122.45" y="28.30"/>
        <vehicle id="cfm-slow_3" eclass="HBEFA3/PC_G_EU4" CO2="8249.95" CO="252.79" HC="1.35" NOx="3.81" PMx="0.20" fuel="3.55" electricity="0.00" noise="116.56" route="routebottom" type="cfm-slow" waiting="0.00" lane="bottom_0" pos="48.61" speed="1.64" angle="7.04" x="132.20" y="60.57"/>
        <vehicle id="cfm-slow_4" eclass="HBEFA3/PC_G_EU4" CO2="8249.95" CO="252.79" HC="1.35" NOx="3.81" PMx="0.20" fuel="3.55" electricity="0.00" noise="116.56" route="routeright" type="cfm-slow" waiting="0.00" lane="right_0" pos="14.44" speed="1.64" angle="338.48" x="125.31" y="93.76"/>
        <vehicle id="cfm-slow_5" eclass="HBEFA3/PC_G_EU4" CO2="8249.95" CO="252.79" HC="1.35" NOx="3.81" PMx="0.20" fuel="3.55" electricity="0.00" noise="116.56" route="routeright" type="cfm-slow" waiting="0.00" lane="right_0" pos="30.27" speed="1.64" angle="310.01" x="103.52" y="119.49"/>
    </timestep>
    <timestep time="0.13">
        <vehicle id="cfm-fast_0" eclass="HBEFA3/PC_G_EU4" CO2="8720.62" CO="260.26" HC="1.40" NOx="4.03" PMx="0.22" fuel="3.75" electricity="0.00" noise="116.61" route="routeright" type="cfm-fast" waiting="0.00" lane="right_0" pos="46.12" speed="1.77" angle="281.56" x="72.08" y="131.76"/>
        <vehicle id="cfm-fast_1" eclass="HBEFA3/PC_G_EU4" CO2="8720.62" CO="260.26" HC="1.40" NOx="4.03" PMx="0.22" fuel="3.75" electricity="0.00" noise="116.61" route="routetop" type="cfm-fast" waiting="0.00" lane="top_0" pos="11.96" speed="1.77" angle="252.92" x="38.45" y="127.46"/>
        <vehicle id="cfm-fast_2" eclass="HBEFA3/PC_G_EU4" CO2="8720.62" CO="260.26" HC="1.40" NOx="4.03" PMx="0.22" fuel="3.75" electricity="0.00" noise="116.61" route="routetop" type="cfm-fast" waiting="0.00" lane="top_0" pos="27.79" speed="1.77" angle="224.45" x="11.10" y="107.75"/>
        <vehicle id="cfm-fast_3" eclass="HBEFA3/PC_G_EU4" CO2="8720.62" CO="260.26" HC="1.40" NOx="4.03" PMx="0.22" fuel="3.75" electricity="0.00" noise="116.61" route="routetop" type="cfm-fast" waiting="0.00" lane="top_0" pos="43.62" speed="1.77" angle="196.09" x="-3.57" y="77.39"/>
        <vehicle id="cfm-fast_4" eclass="HBEFA3/PC_G_EU4" CO2="8720.62" CO="260.26" HC="1.40" NOx="4.03" PMx="0.22" fuel="3.75" electricity="0.00" noise="116.61" route="routeleft" type="cfm-fast" waiting="0.00" lane="left_0" pos="9.46" speed="1.77" angle="167.40" x="-1.91" y="43.52"/>
        <vehicle id="cfm-fast_5" eclass="HBEFA3/PC_G_EU4" CO2="8720.62" CO="260.26" HC="1.40" NOx="4.03" PMx="0.22" fuel="3.75" electricity="0.00" noise="116.61" route="routeleft" type="cfm-fast" waiting="0.00" lane="left_0" pos="25.29" speed="1.77" angle="138.97" x="15.60" y="14.71"/>
        <vehicle id="cfm-slow_0" eclass="HBEFA3/PC_G_EU4" CO2="8720.62" CO="260.26" HC="1.40" NOx="4.03" PMx="0.22" fuel="3.75" electricity="0.00" noise="116.61" route="routebottom" type="cfm-slow" waiting="0.00" lane="bottom_0" pos="1.12" speed="1.77" angle="92.44" x="66.18" y="-4.90"/>
        <vehicle id="cfm-slow_1" eclass="HBEFA3/PC_G_EU4" CO2="8720.62" CO="260.26" HC="1.40" NOx="4.03" PMx="0.22" fuel="3.75" electricity="0.00" noise="116.61" route="routebottom" type="cfm-slow" waiting="0.00" lane="bottom_0" pos="16.96" speed="1.77" angle="63.95" x="98.53" y="4.58"/>
        <vehicle id="cfm-slow_2" eclass="HBEFA3/PC_G_EU4" CO2="8720.62" CO="260.26" HC="1.40" NOx="4.03" PMx="0.22" fuel="3.75" electricity="0.00" noise="116.61" route="routebottom" type="cfm-slow" waiting="0.00" lane="bottom_0" pos="32.79" speed="1.77" angle="35.52" x="122.47" y="28.33"/>
        <vehicle id="cfm-slow_3" eclass="HBEFA3/PC_G_EU4" CO2="8720.62" CO="260.26" HC="1.40" NOx="4.03" PMx="0.22" fuel="3.75" electricity="0.00" noise="116.61" route="routebottom" type="cfm-slow" waiting="0.00" lane="bottom_0" pos="48.62" speed="1.77" angle="7.01" x="132.20" y="60.61"/>
        <vehicle id="cfm-slow_4" eclass="HBEFA3/PC_G_EU4" CO2="8720.62" CO="260.26" HC="1.40" NOx="4.03" PMx="0.22" fuel="3.75" electricity="0.00" noise="116.61" route="routeright" type="cfm-slow" waiting="0.00" lane="right_0" pos="14.46" speed="1.77" angle="338.45" x="125.29" y="93.80"/>
        <vehicle id="cfm-slow_5" eclass="HBEFA3/PC_G_EU4" CO2="8720.62" CO="260.26" HC="1.40" NOx="4.03" PMx="0.22" fuel="3.75" electricity="0.00" noise="116.61" route="routeright" type="cfm-slow" waiting="0.00" lane="right_0" pos="30.29" speed="1.77" angle="309.97" x="103.49" y="119.51"/>
    </timestep>
    <timestep time="0.14">
        <vehicle id="cfm-fast_0" eclass="HBEFA3/PC_G_EU4" CO2="9191.58" CO="267.76" HC="1.44" NOx="4.25" PMx="0.23" fuel="3.95" electricity="0.00" noise="116.67" route="routeright" type="cfm-fast" waiting="0.00" lane="right_0" pos="46.14" speed="1.91" angle="281.53" x="72.04" y="131.76"/>
        <vehicle id="cfm-fast_1" eclass="HBEFA3/PC_G_EU4" CO2="9191.58" CO="267.76" HC="1.44" NOx="4.25" PMx="0.23" fuel="3.95" electricity="0.00" noise="116.67" route="routetop" type="cfm-fast" waiting="0.00" lane="top_0" pos="11.98" speed="1.91" angle="252.88" x="38.41" y="127.44"/>
        <vehicle id="cfm-fast_2" eclass="HBEFA3/PC_G_EU4" CO2="9191.58" CO="267.76" HC="1.44" NOx="4.25" PMx="0.23" fuel="3.95" electricity="0.00" noise="116.67" route="routetop" type="cfm-fast" waiting="0.00" lane="top_0" pos="27.81" speed="1.91" angle="224.42" x="11.08" y="107.71"/>
        <vehicle id="cfm-fast_3" eclass="HBEFA3/PC_G_EU4" CO2="9191.58" CO="267.76" HC="1.44" NOx="4.25" PMx="0.23" fuel="3.95" electricity="0.00" noise="116.67" route="routetop" type="cfm-fast" waiting="0.00" lane="top_0" pos="43.64" speed="1.91" angle="196.06" x="-3.58" y="77.35"/>
        <vehicle id="cfm-fast_4" eclass="HBEFA3/PC_G_EU4" CO2="9191.58" CO="267.76" HC="1.44" NOx="4.25" PMx="0.23" fuel="3.95" electricity="0.00" noise="116.67" route="routeleft" type="cfm-fast" waiting="0.00" lane="left_0" pos="9.48" speed="1.91" angle="167.36" x="-1.90" y="43.49"/>
        <vehicle id="cfm-fast_5" eclass="HBEFA3/PC_G_EU4" CO2="9191.58" CO="267.76" HC="1.44" NOx="4.25" PMx="0.23" fuel="3.95" electricity="0.00" noise="116.67" route="routeleft" type="cfm-fast" waiting="0.00" lane="left_0" pos="25.31" speed="1.91" angle="138.94" x="15.63" y="14.68"/>
        <vehicle id="cfm-slow_0" eclass="HBEFA3/PC_G_EU4" CO2="9191.58" CO="267.76" HC="1.44" NOx="4.25" PMx="0.23" fuel="3.95" electricity="0.00" noise="116.67" route="routebottom" type="cfm-slow" waiting="0.00" lane="bottom_0" pos="1.14" speed="1.91" angle="92.40" x="66.22" y="-4.89"/>
        <vehicle id="cfm-slow_1" eclass="HBEFA3/PC_G_EU4" CO2="9191.58" CO="267.76" HC="1.44" NOx="4.25" PMx="0.23" fuel="3.95" electricity="0.00" noise="116.67" route="routebottom" type="cfm-slow" waiting="0.00" lane="bottom_0" pos="16.98" speed="1.91" angle="63.92" x="98.57" y="4.61"/>
        <vehicle id="cfm-slow_2" eclass="HBEFA3/PC_G_EU4" CO2="9191.58" CO="267.76" HC="1.44" NOx="4.25" PMx="0.23" fuel="3.95" electricity="0.00" noise="116.67" route="routebottom" type="cfm-slow" waiting="0.00" lane="bottom_0" pos="32.81" speed="1.91" angle="35.48" x="122.49" y="28.37"/>
        <vehicle id="cfm-slow_3" eclass="HBEFA3/PC_G_EU4" CO2="9191.58" CO="267.76" HC="1.44" NOx="4.25" PMx="0.23" fuel="3.95" electricity="0.00" noise="116.67" route="routebottom" type="cfm-slow" waiting="0.00" lane="bottom_0" pos="48.64" speed="1.91" angle="6.98" x="132.21" y="60.65"/>
        <vehicle id="cfm-slow_4" eclass="HBEFA3/PC_G_EU4" CO2="9191.58" CO="267.76" HC="1.44" NOx="4.25" PMx="0.23" fuel="3.95" electricity="0.00" noise="116.67" route="routeright" type="cfm-slow" waiting="0.00" lane="right_0" pos="14.48" speed="1.91" angle="338.41" x="125.28" y="93.84"/>
        <vehicle id="cfm-slow_5" eclass="HBEFA3/PC_G_EU4" CO2="9191.58" CO="267.76" HC="1.44" NOx="4.25" PMx="0.23" fuel="3.95" electricity="0.00" noise="116.67" route="routeright" type="cfm-slow" waiting="0.00" lane="right_0" pos="30.31" speed="1.91" angle="309.94" x="103.46" y="119.53"/>
    </timestep>
    <timestep time="0.15">
        <vehicle id="cfm-fast_0" eclass="HBEFA3/PC_G_EU4" CO2="9662.83" CO="275.27" HC="1.49" NOx="4.47" PMx="0.24" fuel="4.15" electricity="0.00" noise="116.72" route="routeright" type="cfm-fast" waiting="0.00" lane="right_0" pos="46.16" speed="2.05" angle="281.50" x="71.99" y="131.77"/>
        <vehicle id="cfm-fast_1" eclass="HBEFA3/PC_G_EU4" CO2="9662.83" CO="275.27" HC="1.49" NOx="4.47" PMx="0.24" fuel="4.15" electricity="0.00" noise="116.72" route="routetop" type="cfm-fast" waiting="0.00" lane="top_0" pos="12.00" speed="2.05" angle="252.85" x="38.37" y="127.43"/>
        <vehicle id="cfm-fast_2" eclass="HBEFA3/PC_G_EU4" CO2="9662.83" CO="275.27" HC="1.49" NOx="4.47" PMx="0.24" fuel="4.15" electricity="0.00" noise="116.72" route="routetop" type="cfm-fast" waiting="0.00" lane="top_0" pos="27.83" speed="2.05" angle="224.38" x="11.05" y="107.68"/>
        <vehicle id="cfm-fast_3" eclass="HBEFA3/PC_G_EU4" CO2="9662.83" CO="275.27" HC="1.49" NOx="4.47" PMx="0.24" fuel="4.15" electricity="0.00" noise="116.72" route="routetop" type="cfm-fast" waiting="0.00" lane="top_0" pos="43.66" speed="2.05" angle="196.02" x="-3.58" y="77.30"/>
        <vehicle id="cfm-fast_4" eclass="HBEFA3/PC_G_EU4" CO2="9662.83" CO="275.27" HC="1.49" NOx="4.47" PMx="0.24" fuel="4.15" electricity="0.00" noise="116.72" route="routeleft" type="cfm-fast" waiting="0.00" lane="left_0" pos="9.50" speed="2.05" angle="167.32" x="-1.89" y="43.44"/>
        <vehicle id="cfm-fast_5" eclass="HBEFA3/PC_G_EU4" CO2="9662.83" CO="275.27" HC="1.49" NOx="4.47" PMx="0.24" fuel="4.15" electricity="0.00" noise="116.72" route="routeleft" type="cfm-fast" waiting="0.00" lane="left_0" pos="25.33" speed="2.05" angle="138.90" x="15.66" y="14.65"/>
        <vehicle id="cfm-slow_0" eclass="HBEFA3/PC_G_EU4" CO2="9662.83" CO="275.27" HC="1.49" NOx="4.47" PMx="0.24" fuel="4.15" electricity="0.00" noise="116.72" route="routebottom" type="cfm-slow" waiting="0.00" lane="bottom_0" pos="1.16" speed="2.05" angle="92.36" x="66.26" y="-4.89"/>
        <vehicle id="cfm-slow_1" eclass="HBEFA3/PC_G_EU4" CO2="9662.83" CO="275.27" HC="1.49" NOx="4.47" PMx="0.24" fuel="4.15" electricity="0.00" noise="116.72" route="routebottom" type="cfm-slow" waiting="0.00" lane="bottom_0" pos="17.00" speed="2.05" angle="63.88" x="98.61" y="4.63"/>
        <vehicle id="cfm-slow_2" eclass="HBEFA3/PC_G_EU4" CO2="9662.83" CO="275.27" HC="1.49" NOx="4.47" PMx="0.24" fuel="4.15" electricity="0.00" noise="116.72" route="routebottom" type="cfm-slow" waiting="0.00" lane="bottom_0" pos="32.83" speed="2.05" angle="35.44" x="122.51" y="28.40"/>
        <vehicle id="cfm-slow_3" eclass="HBEFA3/PC_G_EU4" CO2="9662.83" CO="275.27" HC="1.49" NOx="4.47" PMx="0.24" fuel="4.15" electricity="0.00" noise="116.72" route="routebottom" type="cfm-slow" waiting="0.00" lane="bottom_0" pos="48.66" speed="2.05" angle="6.96" x="132.21" y="60.70"/>
        <vehicle id="cfm-slow_4" eclass="HBEFA3/PC_G_EU4" CO2="9662.83" CO="275.27" HC="1.49" NOx="4.47" PMx="0.24" fuel="4.15" electricity="0.00" noise="116.72" route="routeright" type="cfm-slow" waiting="0.00" lane="right_0" pos="14.50" speed="2.05" angle="338.37" x="125.26" y="93.87"/>
        <vehicle id="cfm-slow_5" eclass="HBEFA3/PC_G_EU4" CO2="9662.83" CO="275.27" HC="1.49" NOx="4.47" PMx="0.24" fuel="4.15" electricity="0.00" noise="116.72" route="routeright" type="cfm-slow" waiting="0.00" lane="right_0" pos="30.33" speed="2.05" angle="309.90" x="103.42" y="119.56"/>
    </timestep>
    <timestep time="0.16">
        <vehicle id="cfm-fast_0" eclass="HBEFA3/PC_G_EU4" CO2="10134.37" CO="282.81" HC="1.53" NOx="4.69" PMx="0.25" fuel="4.36" electricity="0.00" noise="116.77" route="routeright" type="cfm-fast" waiting="0.00" lane="right_0" pos="46.19" speed="2.18" angle="281.47" x="71.95" y="131.78"/>
        <vehicle id="cfm-fast_1" eclass="HBEFA3/PC_G_EU4" CO2="10134.37" CO="282.81" HC="1.53" NOx="4.69" PMx="0.25" fuel="4.36" electricity="0.00" noise="116.77" route="routetop" type="cfm-fast" waiting="0.00" lane="top_0" pos="12.02" speed="2.18" angle="252.81" x="38.33" y="127.41"/>
        <vehicle id="cfm-fast_2" eclass="HBEFA3/PC_G_EU4" CO2="10134.37" CO="282.81" HC="1.53" NOx="4.69" PMx="0.25" fuel="4.36" electricity="0.00" noise="116.77" route="routetop" type="cfm-fast" waiting="0.00" lane="top_0" pos="27.85" speed="2.18" angle="224.34" x="11.02" y="107.64"/>
        <vehicle id="cfm-fast_3" eclass="HBEFA3/PC_G_EU4" CO2="10134.37" CO="282.81" HC="1.53" NOx="4.69" PMx="0.25" fuel="4.36" electricity="0.00" noise="116.77" route="routetop" type="cfm-fast" waiting="0.00" lane="top_0" pos="43.69" speed="2.18" angle="195.98" x="-3.59" y="77.26"/>
        <vehicle id="cfm-fast_4" eclass="HBEFA3/PC_G_EU4" CO2="10134.37" CO="282.81" HC="1.53" NOx="4.69" PMx="0.25" fuel="4.36" electricity="0.00" noise="116.77" route="routeleft" type="cfm-fast" waiting="0.00" lane="left_0" pos="9.52" speed="2.18" angle="167.28" x="-1.87" y="43.40"/>
        <vehicle id="cfm-fast_5" eclass="HBEFA3/PC_G_EU4" CO2="10134.37" CO="282.81" HC="1.53" NOx="4.69" PMx="0.25" fuel="4.36" electricity="0.00" noise="116.77" route="routeleft" type="cfm-fast" waiting="0.00" lane="left_0" pos="25.35" speed="2.18" angle="138.86" x="15.69" y="14.62"/>
        <vehicle id="cfm-slow_0" eclass="HBEFA3/PC_G_EU4" CO2="10134.37" CO="282.81" HC="1.53" NOx="4.69" PMx="0.25" fuel="4.36" electricity="0.00" noise="116.77" route="routebottom" type="cfm-slow" waiting="0.00" lane="bottom_0" pos="1.19" speed="2.18" angle="92.32" x="66.31" y="-4.89"/>
        <vehicle id="cfm-slow_1" eclass="HBEFA3/PC_G_EU4" CO2="10134.37" CO="282.81" HC="1.53" NOx="4.69" PMx="0.25" fuel="4.36" electricity="0.00" noise="116.77" route="routebottom" type="cfm-slow" waiting="0.00" lane="bottom_0" pos="17.02" speed="2.18" angle="63.84" x="98.65" y="4.65"/>
        <vehicle id="cfm-slow_2" eclass="HBEFA3/PC_G_EU4" CO2="10134.37" CO="282.81" HC="1.53" NOx="4.69" PMx="0.25" fuel="4.36" electricity="0.00" noise="116.77" route="routebottom" type="cfm-slow" waiting="0.00" lane="bottom_0" pos="32.85" speed="2.18" angle="35.40" x="122.53" y="28.44"/>
        <vehicle id="cfm-slow_3" eclass="HBEFA3/PC_G_EU4" CO2="10134.37" CO="282.81" HC="1.53" NOx="4.69" PMx="0.25" fuel="4.36" electricity="0.00" noise="116.77" route="routebottom" type="cfm-slow" waiting="0.00" lane="bottom_0" pos="48.69" speed="2.18" angle="6.92" x="132.21" y="60.74"/>
        <vehicle id="cfm-slow_4" eclass="HBEFA3/PC_G_EU4" CO2="10134.37" CO="282.81" HC="1.53" NOx="4.69" PMx="0.25" fuel="4.36" electricity="0.00" noise="116.77" route="routeright" type="cfm-slow" waiting="0.00" lane="right_0" pos="14.52" speed="2.18" angle="338.33" x="125.24" y="93.92"/>
        <vehicle id="cfm-slow_5" eclass="HBEFA3/PC_G_EU4" CO2="10134.37" CO="282.81" HC="1.53" NOx="4.69" PMx="0.25" fuel="4.36" electricity="0.00" noise="116.77" route="routeright" type="cfm-slow" waiting="0.00" lane="right_0" pos="30.35" speed="2.18" angle="309.86" x="103.38" y="119.59"/>
    </timestep>
    <timestep time="0.17">
        <vehicle id="cfm-fast_0" eclass="HBEFA3/PC_G_EU4" CO2="10606.21" CO="290.37" HC="1.58" NOx="4.91" PMx="0.26" fuel="4.56" electricity="0.00" noise="116.82" route="routeright" type="cfm-fast" waiting="0.00" lane="right_0" pos="46.21" speed="2.32" angle="281.43" x="71.90" y="131.78"/>
        <vehicle id="cfm-fast_1" eclass="HBEFA3/PC_G_EU4" CO2="10606.21" CO="290.37" HC="1.58" NOx="4.91" PMx="0.26" fuel="4.56" electricity="0.00" noise="116.82" route="routetop" type="cfm-fast" waiting="0.00" lane="top_0" pos="12.04" speed="2.32" angle="252.76" x="38.28" y="127.39"/>
        <vehicle id="cfm-fast_2" eclass="HBEFA3/PC_G_EU4" CO2="10606.21" CO="290.37" HC="1.58" NOx="4.91" PMx="0.26" fuel="4.56" electricity="0.00" noise="116.82" route="routetop" type="cfm-fast" waiting="0.00" lane="top_0" pos="27.88" speed="2.32" angle="224.30" x="10.99" y="107.61"/>
        <vehicle id="cfm-fast_3" eclass="HBEFA3/PC_G_EU4" CO2="10606.21" CO="290.37" HC="1.58" NOx="4.91" PMx="0.26" fuel="4.56" electricity="0.00" noise="116.82" route="routetop" type="cfm-fast" waiting="0.00" lane="top_0" pos="43.71" speed="2.32" angle="195.94" x="-3.60" y="77.21"/>
        <vehicle id="cfm-fast_4" eclass="HBEFA3/PC_G_EU4" CO2="10606.21" CO="290.37" HC="1.58" NOx="4.91" PMx="0.26" fuel="4.56" electricity="0.00" noise="116.82" route="routeleft" type="cfm-fast" waiting="0.00" lane="left_0" pos="9.54" speed="2.32" angle="167.24" x="-1.86" y="43.35"/>
        <vehicle id="cfm-fast_5" eclass="HBEFA3/PC_G_EU4" CO2="10606.21" CO="290.37" HC="1.58" NOx="4.91" PMx="0.26" fuel="4.56" electricity="0.00" noise="116.82" route="routeleft" type="cfm-fast" waiting="0.00" lane="left_0" pos="25.38" speed="2.32" angle="138.82" x="15.73" y="14.58"/>
        <vehicle id="cfm-slow_0" eclass="HBEFA3/PC_G_EU4" CO2="10606.21" CO="290.37" HC="1.58" NOx="4.91" PMx="0.26" fuel="4.56" electricity="0.00" noise="116.82" route="routebottom" type="cfm-slow" waiting="0.00" lane="bottom_0" pos="1.21" speed="2.32" angle="92.29" x="66.36" y="-4.89"/>
        <vehicle id="cfm-slow_1" eclass="HBEFA3/PC_G_EU4" CO2="10606.21" CO="290.37" HC="1.58" NOx="4.91" PMx="0.26" fuel="4.56" electricity="0.00" noise="116.82" route="routebottom" type="cfm-slow" waiting="0.00" lane="bottom_0" pos="17.04" speed="2.32" angle="63.80" x="98.69" y="4.68"/>
        <vehicle id="cfm-slow_2" eclass="HBEFA3/PC_G_EU4" CO2="10606.21" CO="290.37" HC="1.58" NOx="4.91" PMx="0.26" fuel="4.56" electricity="0.00" noise="116.82" route="routebottom" type="cfm-slow" waiting="0.00" lane="bottom_0" pos="32.88" speed="2.32" angle="35.36" x="122.56" y="28.49"/>
        <vehicle id="cfm-slow_3" eclass="HBEFA3/PC_G_EU4" CO2="10606.21" CO="290.37" HC="1.58" NOx="4.91" PMx="0.26" fuel="4.56" electricity="0.00" noise="116.82" route="routebottom" type="cfm-slow" waiting="0.00" lane="bottom_0" pos="48.71" speed="2.32" angle="6.89" x="132.21" y="60.79"/>
        <vehicle id="cfm-slow_4" eclass="HBEFA3/PC_G_EU4" CO2="10606.21" CO="290.37" HC="1.58" NOx="4.91" PMx="0.26" fuel="4.56" electricity="0.00" noise="116.82" route="routeright" type="cfm-slow" waiting="0.00" lane="right_0" pos="14.54" speed="2.32" angle="338.29" x="125.21" y="93.96"/>
        <vehicle id="cfm-slow_5" eclass="HBEFA3/PC_G_EU4" CO2="10606.21" CO="290.37" HC="1.58" NOx="4.91" PMx="0.26" fuel="4.56" electricity="0.00" noise="116.82" route="routeright" type="cfm-slow" waiting="0.00" lane="right_0" pos="30.38" speed="2.32" angle="309.82" x="103.34" y="119.62"/>
    </timestep>
    <timestep time="0.18">
        <vehicle id="cfm-fast_0" eclass="HBEFA3/PC_G_EU4" CO2="11078.33" CO="297.95" HC="1.63" NOx="5.13" PMx="0.27" fuel="4.76" electricity="0.00" noise="116.88" route="routeright" type="cfm-fast" waiting="0.00" lane="right_0" pos="46.23" speed="2.45" angle="281.39" x="71.85" y="131.79"/>
        <vehicle id="cfm-fast_1" eclass="HBEFA3/PC_G_EU4" CO2="11078.33" CO="297.95" HC="1.63" NOx="5.13" PMx="0.27" fuel="4.76" electricity="0.00" noise="116.88" route="routetop" type="cfm-fast" waiting="0.00" lane="top_0" pos="12.07" speed="2.45" angle="252.72" x="38.23" y="127.37"/>
        <vehicle id="cfm-fast_2" eclass="HBEFA3/PC_G_EU4" CO2="11078.33" CO="297.95" HC="1.63" NOx="5.13" PMx="0.27" fuel="4.76" electricity="0.00" noise="116.88" route="routetop" type="cfm-fast" waiting="0.00" lane="top_0" pos="27.90" speed="2.45" angle="224.25" x="10.95" y="107.57"/>
        <vehicle id="cfm-fast_3" eclass="HBEFA3/PC_G_EU4" CO2="11078.33" CO="297.95" HC="1.63" NOx="5.13" PMx="0.27" fuel="4.76" electricity="0.00" noise="116.88" route="routetop" type="cfm-fast" waiting="0.00" lane="top_0" pos="43.73" speed="2.45" angle="195.89" x="-3.61" y="77.16"/>
        <vehicle id="cfm-fast_4" eclass="HBEFA3/PC_G_EU4" CO2="11078.33" CO="297.95" HC="1.63" NOx="5.13" PMx="0.27" fuel="4.76" electricity="0.00" noise="116.88" route="routeleft" type="cfm-fast" waiting="0.00" lane="left_0" pos="9.57" speed="2.45" angle="167.19" x="-1.84" y="43.30"/>
        <vehicle id="cfm-fast_5" eclass="HBEFA3/PC_G_EU4" CO2="11078.33" CO="297.95" HC="1.63" NOx="5.13" PMx="0.27" fuel="4.76" electricity="0.00" noise="116.88" route="routeleft" type="cfm-fast" waiting="0.00" lane="left_0" pos="25.40" speed="2.45" angle="138.77" x="15.76" y="14.55"/>
        <vehicle id="cfm-slow_0" eclass="HBEFA3/PC_G_EU4" CO2="11078.33" CO="297.95" HC="1.63" NOx="5.13" PMx="0.27" fuel="4.76" electricity="0.00" noise="116.88" route="routebottom" type="cfm-slow" waiting="0.00" lane="bottom_0" pos="1.23" speed="2.45" angle="92.26" x="66.41" y="-4.89"/>
        <vehicle id="cfm-slow_1" eclass="HBEFA3/PC_G_EU4" CO2="11078.33" CO="297.95" HC="1.63" NOx="5.13" PMx="0.27" fuel="4.76" electricity="0.00" noise="116.88" route="routebottom" type="cfm-slow" waiting="0.00" lane="bottom_0" pos="17.07" speed="2.45" angle="63.75" x="98.73" y="4.71"/>
        <vehicle id="cfm-slow_2" eclass="HBEFA3/PC_G_EU4" CO2="11078.33" CO="297.95" HC="1.63" NOx="5.13" PMx="0.27" fuel="4.76" electricity="0.00" noise="116.88" route="routebottom" type="cfm-slow" waiting="0.00" lane="bottom_0" pos="32.90" speed="2.45" angle="35.31" x="122.59" y="28.53"/>
        <vehicle id="cfm-slow_3" eclass="HBEFA3/PC_G_EU4" CO2="11078.33" CO="297.95" HC="1.63" NOx="5.13" PMx="0.27" fuel="4.76" electricity="0.00" noise="116.88" route="routebottom" type="cfm-slow" waiting="0.00" lane="bottom_0" pos="48.73" speed="2.45" angle="6.86" x="132.22" y="60.84"/>
        <vehicle id="cfm-slow_4" eclass="HBEFA3/PC_G_EU4" CO2="11078.33" CO="297.95" HC="1.63" NOx="5.13" PMx="0.27" fuel="4.76" electricity="0.00" noise="116.88" route="routeright" type="cfm-slow" waiting="0.00" lane="right_0" pos="14.57" speed="2.45" angle="338.24" x="125.19" y="94.01"/>
        <vehicle id="cfm-slow_5" eclass="HBEFA3/PC_G_EU4" CO2="11078.33" CO="297.95" HC="1.63" NOx="5.13" PMx="0.27" fuel="4.76" electricity="0.00" noise="116.88" route="routeright" type="cfm-slow" waiting="0.00" lane="right_0" pos="30.40" speed="2.45" angle="309.77" x="103.30" y="119.65"/>
    </timestep>
    <timestep time="0.19">
        <vehicle id="cfm-fast_0" eclass="HBEFA3/PC_G_EU4" CO2="11550.75" CO="305.56" HC="1.67" NOx="5.35" PMx="0.29" fuel="4.97" electricity="0.00" noise="116.93" route="routeright" type="cfm-fast" waiting="0.00" lane="right_0" pos="46.26" speed="2.59" angle="281.34" x="71.79" y="131.79"/>
        <vehicle id="cfm-fast_1" eclass="HBEFA3/PC_G_EU4" CO2="11550.75" CO="305.56" HC="1.67" NOx="5.35" PMx="0.29" fuel="4.97" electricity="0.00" noise="116.93" route="routetop" type="cfm-fast" waiting="0.00" lane="top_0" pos="12.09" speed="2.59" angle="252.67" x="38.18" y="127.35"/>
        <vehicle id="cfm-fast_2" eclass="HBEFA3/PC_G_EU4" CO2="11550.75" CO="305.56" HC="1.67" NOx="5.35" PMx="0.29" fuel="4.97" electricity="0.00" noise="116.93" route="routetop" type="cfm-fast" waiting="0.00" lane="top_0" pos="27.93" speed="2.59" angle="224.20" x="10.91" y="107.52"/>
        <vehicle id="cfm-fast_3" eclass="HBEFA3/PC_G_EU4" CO2="11550.75" CO="305.56" HC="1.67" NOx="5.35" PMx="0.29" fuel="4.97" electricity="0.00" noise="116.93" route="routetop" type="cfm-fast" waiting="0.00" lane="top_0" pos="43.76" speed="2.59" angle="195.84" x="-3.62" y="77.10"/>
        <vehicle id="cfm-fast_4" eclass="HBEFA3/PC_G_EU4" CO2="11550.75" CO="305.56" HC="1.67" NOx="5.35" PMx="0.29" fuel="4.97" electricity="0.00" noise="116.93" route="routeleft" type="cfm-fast" waiting="0.00" lane="left_0" pos="9.59" speed="2.59" angle="167.15" x="-1.83" y="43.25"/>
        <vehicle id="cfm-fast_5" eclass="HBEFA3/PC_G_EU4" CO2="11550.75" CO="305.56" HC="1.67" NOx="5.35" PMx="0.29" fuel="4.97" electricity="0.00" noise="116.93" route="routeleft" type="cfm-fast" waiting="0.00" lane="left_0" pos="25.43" speed="2.59" angle="138.72" x="15.80" y="14.51"/>
        <vehicle id="cfm-slow_0" eclass="HBEFA3/PC_G_EU4" CO2="11550.75" CO="305.56" HC="1.67" NOx="5.35" PMx="0.29" fuel="4.97" electricity="0.00" noise="116.93" route="routebottom" type="cfm-slow" waiting="0.00" lane="bottom_0" pos="1.26" speed="2.59" angle="92.21" x="66.47" y="-4.89"/>
        <vehicle id="cfm-slow_1" eclass="HBEFA3/PC_G_EU4" CO2="11550.75" CO="305.56" HC="1.67" NOx="5.35" PMx="0.29" fuel="4.97" electricity="0.00" noise="116.93" route="routebottom" type="cfm-slow" waiting="0.00" lane="bottom_0" pos="17.09" speed="2.59" angle="63.70" x="98.78" y="4.73"/>
        <vehicle id="cfm-slow_2" eclass="HBEFA3/PC_G_EU4" CO2="11550.75" CO="305.56" HC="1.67" NOx="5.35" PMx="0.29" fuel="4.97" electricity="0.00" noise="116.93" route="routebottom" type="cfm-slow" waiting="0.00" lane="bottom_0" pos="32.93" speed="2.59" angle="35.27" x="122.62" y="28.58"/>
        <vehicle id="cfm-slow_3" eclass="HBEFA3/PC_G_EU4" CO2="11550.75" CO="305.56" HC="1.67" NOx="5.35" PMx="0.29" fuel="4.97" electricity="0.00" noise="116.93" route="routebottom" type="cfm-slow" waiting="0.00" lane="bottom_0" pos="48.76" speed="2.59" angle="6.82" x="132.22" y="60.90"/>
        <vehicle id="cfm-slow_4" eclass="HBEFA3/PC_G_EU4" CO2="11550.75" CO="305.56" HC="1.67" NOx="5.35" PMx="0.29" fuel="4.97" electricity="0.00" noise="116.93" route="routeright" type="cfm-slow" waiting="0.00" lane="right_0" pos="14.59" speed="2.59" angle="338.19" x="125.16" y="94.06"/>
        <vehicle id="cfm-slow_5" eclass="HBEFA3/PC_G_EU4" CO2="11550.75" CO="305.56" HC="1.67" NOx="5.35" PMx="0.29" fuel="4.97" electricity="0.00" noise="116.93" route="routeright" type="cfm-slow" waiting="0.00" lane="right_0" pos="30.43" speed="2.59" angle="309.72" x="103.25" y="119.68"/>
    </timestep>
    <timestep time="0.20">
        <vehicle id="cfm-fast_0" eclass="HBEFA3/PC_G_EU4" CO2="12023.46" CO="313.18" HC="1.72" NOx="5.56" PMx="0.30" fuel="5.17" electricity="0.00" noise="116.99" route="routeright" type="cfm-fast" waiting="0.00" lane="right_0" pos="46.29" speed="2.73" angle="281.29" x="71.73" y="131.80"/>
        <vehicle id="cfm-fast_1" eclass="HBEFA3/PC_G_EU4" CO2="12023.46" CO="313.18" HC="1.72" NOx="5.56" PMx="0.30" fuel="5.17" electricity="0.00" noise="116.99" route="routetop" type="cfm-fast" waiting="0.00" lane="top_0" pos="12.12" speed="2.73" angle="252.62" x="38.13" y="127.33"/>
        <vehicle id="cfm-fast_2" eclass="HBEFA3/PC_G_EU4" CO2="12023.46" CO="313.18" HC="1.72" NOx="5.56" PMx="0.30" fuel="5.17" electricity="0.00" noise="116.99" route="routetop" type="cfm-fast" waiting="0.00" lane="top_0" pos="27.95" speed="2.73" angle="224.15" x="10.88" y="107.48"/>
        <vehicle id="cfm-fast_3" eclass="HBEFA3/PC_G_EU4" CO2="12023.46" CO="313.18" HC="1.72" NOx="5.56" PMx="0.30" fuel="5.17" electricity="0.00" noise="116.99" route="routetop" type="cfm-fast" waiting="0.00" lane="top_0" pos="43.79" speed="2.73" angle="195.79" x="-3.63" y="77.04"/>
        <vehicle id="cfm-fast_4" eclass="HBEFA3/PC_G_EU4" CO2="12023.46" CO="313.18" HC="1.72" NOx="5.56" PMx="0.30" fuel="5.17" electricity="0.00" noise="116.99" route="routeleft" type="cfm-fast" waiting="0.00" lane="left_0" pos="9.62" speed="2.73" angle="167.10" x="-1.81" y="43.19"/>
        <vehicle id="cfm-fast_5" eclass="HBEFA3/PC_G_EU4" CO2="12023.46" CO="313.18" HC="1.72" NOx="5.56" PMx="0.30" fuel="5.17" electricity="0.00" noise="116.99" route="routeleft" type="cfm-fast" waiting="0.00" lane="left_0" pos="25.45" speed="2.73" angle="138.67" x="15.84" y="14.47"/>
        <vehicle id="cfm-slow_0" eclass="HBEFA3/PC_G_EU4" CO2="12023.46" CO="313.18" HC="1.72" NOx="5.56" PMx="0.30" fuel="5.17" electricity="0.00" noise="116.99" route="routebottom" type="cfm-slow" waiting="0.00" lane="bottom_0" pos="1.29" speed="2.73" angle="92.16" x="66.53" y="-4.88"/>
        <vehicle id="cfm-slow_1" eclass="HBEFA3/PC_G_EU4" CO2="12023.46" CO="313.18" HC="1.72" NOx="5.56" PMx="0.30" fuel="5.17" electricity="0.00" noise="116.99" route="routebottom" type="cfm-slow" waiting="0.00" lane="bottom_0" pos="17.12" speed="2.73" angle="63.65" x="98.83" y="4.76"/>
        <vehicle id="cfm-slow_2" eclass="HBEFA3/PC_G_EU4" CO2="12023.46" CO="313.18" HC="1.72" NOx="5.56" PMx="0.30" fuel="5.17" electricity="0.00" noise="116.99" route="routebottom" type="cfm-slow" waiting="0.00" lane="bottom_0" pos="32.95" speed="2.73" angle="35.22" x="122.65" y="28.63"/>
        <vehicle id="cfm-slow_3" eclass="HBEFA3/PC_G_EU4" CO2="12023.46" CO="313.18" HC="1.72" NOx="5.56" PMx="0.30" fuel="5.17" electricity="0.00" noise="116.99" route="routebottom" type="cfm-slow" waiting="0.00" lane="bottom_0" pos="48.79" speed="2.73" angle="6.77" x="132.22" y="60.96"/>
        <vehicle id="cfm-slow_4" eclass="HBEFA3/PC_G_EU4" CO2="12023.46" CO="313.18" HC="1.72" NOx="5.56" PMx="0.30" fuel="5.17" electricity="0.00" noise="116.99" route="routeright" type="cfm-slow" waiting="0.00" lane="right_0" pos="14.62" speed="2.73" angle="338.14" x="125.14" y="94.11"/>
        <vehicle id="cfm-slow_5" eclass="HBEFA3/PC_G_EU4" CO2="12023.46" CO="313.18" HC="1.72" NOx="5.56" PMx="0.30" fuel="5.17" electricity="0.00" noise="116.99" route="routeright" type="cfm-slow" waiting="0.00" lane="right_0" pos="30.45" speed="2.73" angle="309.67" x="103.20" y="119.71"/>
    </timestep>
    <timestep time="0.21">
        <vehicle id="cfm-fast_0" eclass="HBEFA3/PC_G_EU4" CO2="12496.46" CO="320.83" HC="1.77" NOx="5.78" PMx="0.31" fuel="5.37" electricity="0.00" noise="117.04" route="routeright" type="cfm-fast" waiting="0.00" lane="right_0" pos="46.31" speed="2.86" angle="281.24" x="71.67" y="131.81"/>
        <vehicle id="cfm-fast_1" eclass="HBEFA3/PC_G_EU4" CO2="12496.46" CO="320.83" HC="1.77" NOx="5.78" PMx="0.31" fuel="5.37" electricity="0.00" noise="117.04" route="routetop" type="cfm-fast" waiting="0.00" lane="top_0" pos="12.15" speed="2.86" angle="252.57" x="38.07" y="127.31"/>
        <vehicle id="cfm-fast_2" eclass="HBEFA3/PC_G_EU4" CO2="12496.46" CO="320.83" HC="1.77" NOx="5.78" PMx="0.31" fuel="5.37" electricity="0.00" noise="117.04" route="routetop" type="cfm-fast" waiting="0.00" lane="top_0" pos="27.98" speed="2.86" angle="224.10" x="10.84" y="107.43"/>
        <vehicle id="cfm-fast_3" eclass="HBEFA3/PC_G_EU4" CO2="12496.46" CO="320.83" HC="1.77" NOx="5.78" PMx="0.31" fuel="5.37" electricity="0.00" noise="117.04" route="routetop" type="cfm-fast" waiting="0.00" lane="top_0" pos="43.81" speed="2.86" angle="195.74" x="-3.64" y="76.98"/>
        <vehicle id="cfm-fast_4" eclass="HBEFA3/PC_G_EU4" CO2="12496.46" CO="320.83" HC="1.77" NOx="5.78" PMx="0.31" fuel="5.37" electricity="0.00" noise="117.04" route="routeleft" type="cfm-fast" waiting="0.00" lane="left_0" pos="9.65" speed="2.86" angle="167.04" x="-1.79" y="43.13"/>
        <vehicle id="cfm-fast_5" eclass="HBEFA3/PC_G_EU4" CO2="12496.46" CO="320.83" HC="1.77" NOx="5.78" PMx="0.31" fuel="5.37" electricity="0.00" noise="117.04" route="routeleft" type="cfm-fast" waiting="0.00" lane="left_0" pos="25.48" speed="2.86" angle="138.62" x="15.89" y="14.42"/>
        <vehicle id="cfm-slow_0" eclass="HBEFA3/PC_G_EU4" CO2="12496.46" CO="320.83" HC="1.77" NOx="5.78" PMx="0.31" fuel="5.37" electricity="0.00" noise="117.04" route="routebottom" type="cfm-slow" waiting="0.00" lane="bottom_0" pos="1.32" speed="2.86" angle="92.11" x="66.59" y="-4.88"/>
        <vehicle id="cfm-slow_1" eclass="HBEFA3/PC_G_EU4" CO2="12496.46" CO="320.83" HC="1.77" NOx="5.78" PMx="0.31" fuel="5.37" electricity="0.00" noise="117.04" route="routebottom" type="cfm-slow" waiting="0.00" lane="bottom_0" pos="17.15" speed="2.86" angle="63.60" x="98.88" y="4.80"/>
        <vehicle id="cfm-slow_2" eclass="HBEFA3/PC_G_EU4" CO2="12496.46" CO="320.83" HC="1.77" NOx="5.78" PMx="0.31" fuel="5.37" electricity="0.00" noise="117.04" route="routebottom" type="cfm-slow" waiting="0.00" lane="bottom_0" pos="32.98" speed="2.86" angle="35.16" x="122.68" y="28.68"/>
        <vehicle id="cfm-slow_3" eclass="HBEFA3/PC_G_EU4" CO2="12496.46" CO="320.83" HC="1.77" NOx="5.78" PMx="0.31" fuel="5.37" electricity="0.00" noise="117.04" route="routebottom" type="cfm-slow" waiting="0.00" lane="bottom_0" pos="48.82" speed="2.86" angle="6.72" x="132.22" y="61.02"/>
        <vehicle id="cfm-slow_4" eclass="HBEFA3/PC_G_EU4" CO2="12496.46" CO="320.83" HC="1.77" NOx="5.78" PMx="0.31" fuel="5.37" electricity="0.00" noise="117.04" route="routeright" type="cfm-slow" waiting="0.00" lane="right_0" pos="14.65" speed="2.86" angle="338.08" x="125.11" y="94.17"/>
        <vehicle id="cfm-slow_5" eclass="HBEFA3/PC_G_EU4" CO2="12496.46" CO="320.83" HC="1.77" NOx="5.78" PMx="0.31" fuel="5.37" electricity="0.00" noise="117.04" route="routeright" type="cfm-slow" waiting="0.00" lane="right_0" pos="30.48" speed="2.86" angle="309.62" x="103.15" y="119.75"/>
    </timestep>
    <timestep time="0.22">
        <vehicle id="cfm-fast_0" eclass="HBEFA3/PC_G_EU4" CO2="12969.76" CO="328.50" HC="1.81" NOx="6.00" PMx="0.32" fuel="5.58" electricity="0.00" noise="117.09" route="routeright" type="cfm-fast" waiting="0.00" lane="right_0" pos="46.34" speed="3.00" angle="281.18" x="71.61" y="131.81"/>
        <vehicle id="cfm-fast_1" eclass="HBEFA3/PC_G_EU4" CO2="12969.76" CO="328.50" HC="1.81" NOx="6.00" PMx="0.32" fuel="5.58" electricity="0.00" noise="117.09" route="routetop" type="cfm-fast" waiting="0.00" lane="top_0" pos="12.18" speed="3.00" angle="252.52" x="38.01" y="127.28"/>
        <vehicle id="cfm-fast_2" eclass="HBEFA3/PC_G_EU4" CO2="12969.76" CO="328.50" HC="1.81" NOx="6.00" PMx="0.32" fuel="5.58" electricity="0.00" noise="117.09" route="routetop" type="cfm-fast" waiting="0.00" lane="top_0" pos="28.01" speed="3.00" angle="224.04" x="10.79" y="107.38"/>
        <vehicle id="cfm-fast_3" eclass="HBEFA3/PC_G_EU4" CO2="12969.76" CO="328.50" HC="1.81" NOx="6.00" PMx="0.32" fuel="5.58" electricity="0.00" noise="117.09" route="routetop" type="cfm-fast" waiting="0.00" lane="top_0" pos="43.84" speed="3.00" angle="195.68" x="-3.65" y="76.92"/>
        <vehicle id="cfm-fast_4" eclass="HBEFA3/PC_G_EU4" CO2="12969.76" CO="328.50" HC="1.81" NOx="6.00" PMx="0.32" fuel="5.58" electricity="0.00" noise="117.09" route="routeleft" type="cfm-fast" waiting="0.00" lane="left_0" pos="9.68" speed="3.00" angle="166.99" x="-1.77" y="43.07"/>
        <vehicle id="cfm-fast_5" eclass="HBEFA3/PC_G_EU4" CO2="12969.76" CO="328.50" HC="1.81" NOx="6.00" PMx="0.32" fuel="5.58" electricity="0.00" noise="117.09" route="routeleft" type="cfm-fast" waiting="0.00" lane="left_0" pos="25.51" speed="3.00" angle="138.57" x="15.93" y="14.38"/>
        <vehicle id="cfm-slow_0" eclass="HBEFA3/PC_G_EU4" CO2="12969.76" CO="328.50" HC="1.81" NOx="6.00" PMx="0.32" fuel="5.58" electricity="0.00" noise="117.09" route="routebottom" type="cfm-slow" waiting="0.00" lane="bottom_0" pos="1.35" speed="3.00" angle="92.06" x="66.65" y="-4.88"/>
        <vehicle id="cfm-slow_1" eclass="HBEFA3/PC_G_EU4" CO2="12969.76" CO="328.50" HC="1.81" NOx="6.00" PMx="0.32" fuel="5.58" electricity="0.00" noise="117.09" route="routebottom" type="cfm-slow" waiting="0.00" lane="bottom_0" pos="17.18" speed="3.00" angle="63.55" x="98.94" y="4.83"/>
        <vehicle id="cfm-slow_2" eclass="HBEFA3/PC_G_EU4" CO2="12969.76" CO="328.50" HC="1.81" NOx="6.00" PMx="0.32" fuel="5.58" electricity="0.00" noise="117.09" route="routebottom" type="cfm-slow" waiting="0.00" lane="bottom_0" pos="33.01" speed="3.00" angle="35.11" x="122.71" y="28.74"/>
        <vehicle id="cfm-slow_3" eclass="HBEFA3/PC_G_EU4" CO2="12969.76" CO="328.50" HC="1.81" NOx="6.00" PMx="0.32" fuel="5.58" electricity="0.00" noise="117.09" route="routebottom" type="cfm-slow" waiting="0.00" lane="bottom_0" pos="48.85" speed="3.00" angle="6.66" x="132.22" y="61.09"/>
        <vehicle id="cfm-slow_4" eclass="HBEFA3/PC_G_EU4" CO2="12969.76" CO="328.50" HC="1.81" NOx="6.00" PMx="0.32" fuel="5.58" electricity="0.00" noise="117.09" route="routeright" type="cfm-slow" waiting="0.00" lane="right_0" pos="14.68" speed="3.00" angle="338.03" x="125.08" y="94.22"/>
        <vehicle id="cfm-slow_5" eclass="HBEFA3/PC_G_EU4" CO2="12969.76" CO="328.50" HC="1.81" NOx="6.00" PMx="0.32" fuel="5.58" electricity="0.00" noise="117.09" route="routeright" type="cfm-slow" waiting="0.00" lane="right_0" pos="30.51" speed="3.00" angle="309.56" x="103.10" y="119.79"/>
    </timestep>
    <timestep time="0.23">
        <vehicle id="cfm-fast_0" eclass="HBEFA3/PC_G_EU4" CO2="13443.34" CO="336.19" HC="1.86" NOx="6.22" PMx="0.33" fuel="5.78" electricity="0.00" noise="117.15" route="routeright" type="cfm-fast" waiting="0.00" lane="right_0" pos="46.38" speed="3.14" angle="281.13" x="71.54" y="131.82"/>
        <vehicle id="cfm-fast_1" eclass="HBEFA3/PC_G_EU4" CO2="13443.34" CO="336.19" HC="1.86" NOx="6.22" PMx="0.33" fuel="5.78" electricity="0.00" noise="117.15" route="routetop" type="cfm-fast" waiting="0.00" lane="top_0" pos="12.21" speed="3.14" angle="252.46" x="37.95" y="127.26"/>
        <vehicle id="cfm-fast_2" eclass="HBEFA3/PC_G_EU4" CO2="13443.34" CO="336.19" HC="1.86" NOx="6.22" PMx="0.33" fuel="5.78" electricity="0.00" noise="117.15" route="routetop" type="cfm-fast" waiting="0.00" lane="top_0" pos="28.04" speed="3.14" angle="223.98" x="10.75" y="107.33"/>
        <vehicle id="cfm-fast_3" eclass="HBEFA3/PC_G_EU4" CO2="13443.34" CO="336.19" HC="1.86" NOx="6.22" PMx="0.33" fuel="5.78" electricity="0.00" noise="117.15" route="routetop" type="cfm-fast" waiting="0.00" lane="top_0" pos="43.88" speed="3.14" angle="195.62" x="-3.67" y="76.85"/>
        <vehicle id="cfm-fast_4" eclass="HBEFA3/PC_G_EU4" CO2="13443.34" CO="336.19" HC="1.86" NOx="6.22" PMx="0.33" fuel="5.78" electricity="0.00" noise="117.15" route="routeleft" type="cfm-fast" waiting="0.00" lane="left_0" pos="9.71" speed="3.14" angle="166.93" x="-1.75" y="43.01"/>
        <vehicle id="cfm-fast_5" eclass="HBEFA3/PC_G_EU4" CO2="13443.34" CO="336.19" HC="1.86" NOx="6.22" PMx="0.33" fuel="5.78" electricity="0.00" noise="117.15" route="routeleft" type="cfm-fast" waiting="0.00" lane="left_0" pos="25.54" speed="3.14" angle="138.53" x="15.98" y="14.33"/>
        <vehicle id="cfm-slow_0" eclass="HBEFA3/PC_G_EU4" CO2="13443.34" CO="336.19" HC="1.86" NOx="6.22" PMx="0.33" fuel="5.78" electricity="0.00" noise="117.15" route="routebottom" type="cfm-slow" waiting="0.00" lane="bottom_0" pos="1.38" speed="3.14" angle="92.00" x="66.72" y="-4.87"/>
        <vehicle id="cfm-slow_1" eclass="HBEFA3/PC_G_EU4" CO2="13443.34" CO="336.19" HC="1.86" NOx="6.22" PMx="0.33" fuel="5.78" electricity="0.00" noise="117.15" route="routebottom" type="cfm-slow" waiting="0.00" lane="bottom_0" pos="17.21" speed="3.14" angle="63.49" x="99.00" y="4.86"/>
        <vehicle id="cfm-slow_2" eclass="HBEFA3/PC_G_EU4" CO2="13443.34" CO="336.19" HC="1.86" NOx="6.22" PMx="0.33" fuel="5.78" electricity="0.00" noise="117.15" route="routebottom" type="cfm-slow" waiting="0.00" lane="bottom_0" pos="33.04" speed="3.14" angle="35.05" x="122.74" y="28.80"/>
        <vehicle id="cfm-slow_3" eclass="HBEFA3/PC_G_EU4" CO2="13443.34" CO="336.19" HC="1.86" NOx="6.22" PMx="0.33" fuel="5.78" electricity="0.00" noise="117.15" route="routebottom" type="cfm-slow" waiting="0.00" lane="bottom_0" pos="48.88" speed="3.14" angle="6.60" x="132.22" y="61.15"/>
        <vehicle id="cfm-slow_4" eclass="HBEFA3/PC_G_EU4" CO2="13443.34" CO="336.19" HC="1.86" NOx="6.22" PMx="0.33" fuel="5.78" electricity="0.00" noise="117.15" route="routeright" type="cfm-slow" waiting="0.00" lane="right_0" pos="14.71" speed="3.14" angle="337.97" x="125.05" y="94.28"/>
        <vehicle id="cfm-slow_5" eclass="HBEFA3/PC_G_EU4" CO2="13443.34" CO="336.19" HC="1.86" NOx="6.22" PMx="0.33" fuel="5.78" electricity="0.00" noise="117.15" route="routeright" type="cfm-slow" waiting="0.00" lane="right_0" pos="30.54" speed="3.14" angle="309.50" x="103.05" y="119.83"/>
    </timestep>
    <timestep time="0.24">
        <vehicle id="cfm-fast_0" eclass="HBEFA3/PC_G_EU4" CO2="13917.22" CO="343.90" HC="1.91" NOx="6.44" PMx="0.34" fuel="5.98" electricity="0.00" noise="117.20" route="routeright" type="cfm-fast" waiting="0.00" lane="right_0" pos="46.41" speed="3.27" angle="281.07" x="71.47" y="131.83"/>
        <vehicle id="cfm-fast_1" eclass="HBEFA3/PC_G_EU4" CO2="13917.22" CO="343.90" HC="1.91" NOx="6.44" PMx="0.34" fuel="5.98" electricity="0.00" noise="117.20" route="routetop" type="cfm-fast" waiting="0.00" lane="top_0" pos="12.24" speed="3.27" angle="252.40" x="37.88" y="127.23"/>
        <vehicle id="cfm-fast_2" eclass="HBEFA3/PC_G_EU4" CO2="13917.22" CO="343.90" HC="1.91" NOx="6.44" PMx="0.34" fuel="5.98" electricity="0.00" noise="117.20" route="routetop" type="cfm-fast" waiting="0.00" lane="top_0" pos="28.08" speed="3.27" angle="223.92" x="10.71" y="107.28"/>
        <vehicle id="cfm-fast_3" eclass="HBEFA3/PC_G_EU4" CO2="13917.22" CO="343.90" HC="1.91" NOx="6.44" PMx="0.34" fuel="5.98" electricity="0.00" noise="117.20" route="routetop" type="cfm-fast" waiting="0.00" lane="top_0" pos="43.91" speed="3.27" angle="195.56" x="-3.68" y="76.78"/>
        <vehicle id="cfm-fast_4" eclass="HBEFA3/PC_G_EU4" CO2="13917.22" CO="343.90" HC="1.91" NOx="6.44" PMx="0.34" fuel="5.98" electricity="0.00" noise="117.20" route="routeleft" type="cfm-fast" waiting="0.00" lane="left_0" pos="9.74" speed="3.27" angle="166.87" x="-1.73" y="42.94"/>
        <vehicle id="cfm-fast_5" eclass="HBEFA3/PC_G_EU4" CO2="13917.22" CO="343.90" HC="1.91" NOx="6.44" PMx="0.34" fuel="5.98" electricity="0.00" noise="117.20" route="routeleft" type="cfm-fast" waiting="0.00" lane="left_0" pos="25.58" speed="3.27" angle="138.48" x="16.03" y="14.28"/>
        <vehicle id="cfm-slow_0" eclass="HBEFA3/PC_G_EU4" CO2="13917.22" CO="343.90" HC="1.91" NOx="6.44" PMx="0.34" fuel="5.98" electricity="0.00" noise="117.20" route="routebottom" type="cfm-slow" waiting="0.00" lane="bottom_0" pos="1.41" speed="3.27" angle="91.94" x="66.79" y="-4.87"/>
        <vehicle id="cfm-slow_1" eclass="HBEFA3/PC_G_EU4" CO2="13917.22" CO="343.90" HC="1.91" NOx="6.44" PMx="0.34" fuel="5.98" electricity="0.00" noise="117.20" route="routebottom" type="cfm-slow" waiting="0.00" lane="bottom_0" pos="17.24" speed="3.27" angle="63.43" x="99.06" y="4.90"/>
        <vehicle id="cfm-slow_2" eclass="HBEFA3/PC_G_EU4" CO2="13917.22" CO="343.90" HC="1.91" NOx="6.44" PMx="0.34" fuel="5.98" electricity="0.00" noise="117.20" route="routebottom" type="cfm-slow" waiting="0.00" lane="bottom_0" pos="33.08" speed="3.27" angle="34.99" x="122.78" y="28.86"/>
        <vehicle id="cfm-slow_3" eclass="HBEFA3/PC_G_EU4" CO2="13917.22" CO="343.90" HC="1.91" NOx="6.44" PMx="0.34" fuel="5.98" electricity="0.00" noise="117.20" route="routebottom" type="cfm-slow" waiting="0.00" lane="bottom_0" pos="48.91" speed="3.27" angle="6.54" x="132.23" y="61.22"/>
        <vehicle id="cfm-slow_4" eclass="HBEFA3/PC_G_EU4" CO2="13917.22" CO="343.90" HC="1.91" NOx="6.44" PMx="0.34" fuel="5.98" electricity="0.00" noise="117.20" route="routeright" type="cfm-slow" waiting="0.00" lane="right_0" pos="14.74" speed="3.27" angle="337.90" x="125.02" y="94.35"/>
        <vehicle id="cfm-slow_5" eclass="HBEFA3/PC_G_EU4" CO2="13917.22" CO="343.90" HC="1.91" NOx="6.44" PMx="0.34" fuel="5.98" electricity="0.00" noise="117.20" route="routeright" type="cfm-slow" waiting="0.00" lane="right_0" pos="30.58" speed="3.27" angle="309.44" x="102.99" y="119.87"/>
    </timestep>
    <timestep time="0.25">
        <vehicle id="cfm-fast_0" eclass="HBEFA3/PC_G_EU4" CO2="14391.39" CO="351.63" HC="1.95" NOx="6.66" PMx="0.36" fuel="6.19" electricity="0.00" noise="117.26" route="routeright" type="cfm-fast" waiting="0.00" lane="right_0" pos="46.44" speed="3.41" angle="281.00" x="71.40" y="131.83"/>
        <vehicle id="cfm-fast_1" eclass="HBEFA3/PC_G_EU4" CO2="14391.39" CO="351.63" HC="1.95" NOx="6.66" PMx="0.36" fuel="6.19" electricity="0.00" noise="117.26" route="routetop" type="cfm-fast" waiting="0.00" lane="top_0" pos="12.28" speed="3.41" angle="252.34" x="37.81" y="127.20"/>
        <vehicle id="cfm-fast_2" eclass="HBEFA3/PC_G_EU4" CO2="14391.39" CO="351.63" HC="1.95" NOx="6.66" PMx="0.36" fuel="6.19" electricity="0.00" noise="117.26" route="routetop" type="cfm-fast" waiting="0.00" lane="top_0" pos="28.11" speed="3.41" angle="223.87" x="10.66" y="107.22"/>
        <vehicle id="cfm-fast_3" eclass="HBEFA3/PC_G_EU4" CO2="14391.39" CO="351.63" HC="1.95" NOx="6.66" PMx="0.36" fuel="6.19" electricity="0.00" noise="117.26" route="routetop" type="cfm-fast" waiting="0.00" lane="top_0" pos="43.94" speed="3.41" angle="195.50" x="-3.69" y="76.71"/>
        <vehicle id="cfm-fast_4" eclass="HBEFA3/PC_G_EU4" CO2="14391.39" CO="351.63" HC="1.95" NOx="6.66" PMx="0.36" fuel="6.19" electricity="0.00" noise="117.26" route="routeleft" type="cfm-fast" waiting="0.00" lane="left_0" pos="9.78" speed="3.41" angle="166.81" x="-1.71" y="42.87"/>
        <vehicle id="cfm-fast_5" eclass="HBEFA3/PC_G_EU4" CO2="14391.39" CO="351.63" HC="1.95" NOx="6.66" PMx="0.36" fuel="6.19" electricity="0.00" noise="117.26" route="routeleft" type="cfm-fast" waiting="0.00" lane="left_0" pos="25.61" speed="3.41" angle="138.44" x="16.08" y="14.23"/>
        <vehicle id="cfm-slow_0" eclass="HBEFA3/PC_G_EU4" CO2="14391.39" CO="351.63" HC="1.95" NOx="6.66" PMx="0.36" fuel="6.19" electricity="0.00" noise="117.26" route="routebottom" type="cfm-slow" waiting="0.00" lane="bottom_0" pos="1.44" speed="3.41" angle="91.88" x="66.86" y="-4.86"/>
        <vehicle id="cfm-slow_1" eclass="HBEFA3/PC_G_EU4" CO2="14391.39" CO="351.63" HC="1.95" NOx="6.66" PMx="0.36" fuel="6.19" electricity="0.00" noise="117.26" route="routebottom" type="cfm-slow" waiting="0.00" lane="bottom_0" pos="17.28" speed="3.41" angle="63.36" x="99.12" y="4.94"/>
        <vehicle id="cfm-slow_2" eclass="HBEFA3/PC_G_EU4" CO2="14391.39" CO="351.63" HC="1.95" NOx="6.66" PMx="0.36" fuel="6.19" electricity="0.00" noise="117.26" route="routebottom" type="cfm-slow" waiting="0.00" lane="bottom_0" pos="33.11" speed="3.41" angle="34.92" x="122.82" y="28.92"/>
        <vehicle id="cfm-slow_3" eclass="HBEFA3/PC_G_EU4" CO2="14391.39" CO="351.63" HC="1.95" NOx="6.66" PMx="0.36" fuel="6.19" electricity="0.00" noise="117.26" route="routebottom" type="cfm-slow" waiting="0.00" lane="bottom_0" pos="48.94" speed="3.41" angle="6.48" x="132.23" y="61.30"/>
        <vehicle id="cfm-slow_4" eclass="HBEFA3/PC_G_EU4" CO2="14391.39" CO="351.63" HC="1.95" NOx="6.66" PMx="0.36" fuel="6.19" electricity="0.00" noise="117.26" route="routeright" type="cfm-slow" waiting="0.00" lane="right_0" pos="14.78" speed="3.41" angle="337.84" x="124.99" y="94.41"/>
        <vehicle id="cfm-slow_5" eclass="HBEFA3/PC_G_EU4" CO2="14391.39" CO="351.63" HC="1.95" NOx="6.66" PMx="0.36" fuel="6.19" electricity="0.00" noise="117.26" route="routeright" type="cfm-slow" waiting="0.00" lane="right_0" pos="30.61" speed="3.41" angle="309.38" x="102.93" y="119.91"/>
    </timestep>
    <timestep time="0.26">
        <vehicle id="cfm-fast_0" eclass="HBEFA3/PC_G_EU4" CO2="14865.86" CO="359.38" HC="2.00" NOx="6.88" PMx="0.37" fuel="6.39" electricity="0.00" noise="117.31" route="routeright" type="cfm-fast" waiting="0.00" lane="right_0" pos="46.48" speed="3.55" angle="280.94" x="71.32" y="131.84"/>
        <vehicle id="cfm-fast_1" eclass="HBEFA3/PC_G_EU4" CO2="14865.86" CO="359.38" HC="2.00" NOx="6.88" PMx="0.37" fuel="6.39" electricity="0.00" noise="117.31" route="routetop" type="cfm-fast" waiting="0.00" lane="top_0" pos="12.31" speed="3.55" angle="252.28" x="37.74" y="127.18"/>
        <vehicle id="cfm-fast_2" eclass="HBEFA3/PC_G_EU4" CO2="14865.86" CO="359.38" HC="2.00" NOx="6.88" PMx="0.37" fuel="6.39" electricity="0.00" noise="117.31" route="routetop" type="cfm-fast" waiting="0.00" lane="top_0" pos="28.15" speed="3.55" angle="223.83" x="10.61" y="107.17"/>
        <vehicle id="cfm-fast_3" eclass="HBEFA3/PC_G_EU4" CO2="14865.86" CO="359.38" HC="2.00" NOx="6.88" PMx="0.37" fuel="6.39" electricity="0.00" noise="117.31" route="routetop" type="cfm-fast" waiting="0.00" lane="top_0" pos="43.98" speed="3.55" angle="195.43" x="-3.71" y="76.64"/>
        <vehicle id="cfm-fast_4" eclass="HBEFA3/PC_G_EU4" CO2="14865.86" CO="359.38" HC="2.00" NOx="6.88" PMx="0.37" fuel="6.39" electricity="0.00" noise="117.31" route="routeleft" type="cfm-fast" waiting="0.00" lane="left_0" pos="9.81" speed="3.55" angle="166.74" x="-1.69" y="42.80"/>
        <vehicle id="cfm-fast_5" eclass="HBEFA3/PC_G_EU4" CO2="14865.86" CO="359.38" HC="2.00" NOx="6.88" PMx="0.37" fuel="6.39" electricity="0.00" noise="117.31" route="routeleft" type="cfm-fast" waiting="0.00" lane="left_0" pos="25.65" speed="3.55" angle="138.38" x="16.14" y="14.17"/>
        <vehicle id="cfm-slow_0" eclass="HBEFA3/PC_G_EU4" CO2="14865.86" CO="359.38" HC="2.00" NOx="6.88" PMx="0.37" fuel="6.39" electricity="0.00" noise="117.31" route="routebottom" type="cfm-slow" waiting="0.00" lane="bottom_0" pos="1.48" speed="3.55" angle="91.82" x="66.94" y="-4.86"/>
        <vehicle id="cfm-slow_1" eclass="HBEFA3/PC_G_EU4" CO2="14865.86" CO="359.38" HC="2.00" NOx="6.88" PMx="0.37" fuel="6.39" electricity="0.00" noise="117.31" route="routebottom" type="cfm-slow" waiting="0.00" lane="bottom_0" pos="17.31" speed="3.55" angle="63.30" x="99.19" y="4.98"/>
        <vehicle id="cfm-slow_2" eclass="HBEFA3/PC_G_EU4" CO2="14865.86" CO="359.38" HC="2.00" NOx="6.88" PMx="0.37" fuel="6.39" electricity="0.00" noise="117.31" route="routebottom" type="cfm-slow" waiting="0.00" lane="bottom_0" pos="33.15" speed="3.55" angle="34.86" x="122.86" y="28.99"/>
        <vehicle id="cfm-slow_3" eclass="HBEFA3/PC_G_EU4" CO2="14865.86" CO="359.38" HC="2.00" NOx="6.88" PMx="0.37" fuel="6.39" electricity="0.00" noise="117.31" route="routebottom" type="cfm-slow" waiting="0.00" lane="bottom_0" pos="48.98" speed="3.55" angle="6.41" x="132.23" y="61.37"/>
        <vehicle id="cfm-slow_4" eclass="HBEFA3/PC_G_EU4" CO2="14865.86" CO="359.38" HC="2.00" NOx="6.88" PMx="0.37" fuel="6.39" electricity="0.00" noise="117.31" route="routeright" type="cfm-slow" waiting="0.00" lane="right_0" pos="14.81" speed="3.55" angle="337.77" x="124.95" y="94.48"/>
        <vehicle id="cfm-slow_5" eclass="HBEFA3/PC_G_EU4" CO2="14865.86" CO="359.38" HC="2.00" NOx="6.88" PMx="0.37" fuel="6.39" electricity="0.00" noise="117.31" route="routeright" type="cfm-slow" waiting="0.00" lane="right_0" pos="30.65" speed="3.55" angle="309.32" x="102.87" y="119.96"/>
    </timestep>
    <timestep time="0.27">
        <vehicle id="cfm-fast_0" eclass="HBEFA3/PC_G_EU4" CO2="15340.61" CO="367.16" HC="2.05" NOx="7.10" PMx="0.38" fuel="6.59" electricity="0.00" noise="117.37" route="routeright" type="cfm-fast" waiting="0.00" lane="right_0" pos="46.52" speed="3.68" angle="280.87" x="71.24" y="131.85"/>
        <vehicle id="cfm-fast_1" eclass="HBEFA3/PC_G_EU4" CO2="15340.61" CO="367.16" HC="2.05" NOx="7.10" PMx="0.38" fuel="6.59" electricity="0.00" noise="117.37" route="routetop" type="cfm-fast" waiting="0.00" lane="top_0" pos="12.35" speed="3.68" angle="252.21" x="37.67" y="127.15"/>
        <vehicle id="cfm-fast_2" eclass="HBEFA3/PC_G_EU4" CO2="15340.61" CO="367.16" HC="2.05" NOx="7.10" PMx="0.38" fuel="6.59" electricity="0.00" noise="117.37" route="routetop" type="cfm-fast" waiting="0.00" lane="top_0" pos="28.18" speed="3.68" angle="223.78" x="10.56" y="107.10"/>
        <vehicle id="cfm-fast_3" eclass="HBEFA3/PC_G_EU4" CO2="15340.61" CO="367.16" HC="2.05" NOx="7.10" PMx="0.38" fuel="6.59" electricity="0.00" noise="117.37" route="routetop" type="cfm-fast" waiting="0.00" lane="top_0" pos="44.02" speed="3.68" angle="195.36" x="-3.72" y="76.56"/>
        <vehicle id="cfm-fast_4" eclass="HBEFA3/PC_G_EU4" CO2="15340.61" CO="367.16" HC="2.05" NOx="7.10" PMx="0.38" fuel="6.59" electricity="0.00" noise="117.37" route="routeleft" type="cfm-fast" waiting="0.00" lane="left_0" pos="9.85" speed="3.68" angle="166.67" x="-1.66" y="42.72"/>
        <vehicle id="cfm-fast_5" eclass="HBEFA3/PC_G_EU4" CO2="15340.61" CO="367.16" HC="2.05" NOx="7.10" PMx="0.38" fuel="6.59" electricity="0.00" noise="117.37" route="routeleft" type="cfm-fast" waiting="0.00" lane="left_0" pos="25.68" speed="3.68" angle="138.32" x="16.20" y="14.12"/>
        <vehicle id="cfm-slow_0" eclass="HBEFA3/PC_G_EU4" CO2="15340.61" CO="367.16" HC="2.05" NOx="7.10" PMx="0.38" fuel="6.59" electricity="0.00" noise="117.37" route="routebottom" type="cfm-slow" waiting="0.00" lane="bottom_0" pos="1.52" speed="3.68" angle="91.75" x="67.02" y="-4.86"/>
        <vehicle id="cfm-slow_1" eclass="HBEFA3/PC_G_EU4" CO2="15340.61" CO="367.16" HC="2.05" NOx="7.10" PMx="0.38" fuel="6.59" electricity="0.00" noise="117.37" route="routebottom" type="cfm-slow" waiting="0.00" lane="bottom_0" pos="17.35" speed="3.68" angle="63.23" x="99.25" y="5.02"/>
        <vehicle id="cfm-slow_2" eclass="HBEFA3/PC_G_EU4" CO2="15340.61" CO="367.16" HC="2.05" NOx="7.10" PMx="0.38" fuel="6.59" electricity="0.00" noise="117.37" route="routebottom" type="cfm-slow" waiting="0.00" lane="bottom_0" pos="33.18" speed="3.68" angle="34.79" x="122.90" y="29.05"/>
        <vehicle id="cfm-slow_3" eclass="HBEFA3/PC_G_EU4" CO2="15340.61" CO="367.16" HC="2.05" NOx="7.10" PMx="0.38" fuel="6.59" electricity="0.00" noise="117.37" route="routebottom" type="cfm-slow" waiting="0.00" lane="bottom_0" pos="49.02" speed="3.68" angle="6.34" x="132.23" y="61.45"/>
        <vehicle id="cfm-slow_4" eclass="HBEFA3/PC_G_EU4" CO2="15340.61" CO="367.16" HC="2.05" NOx="7.10" PMx="0.38" fuel="6.59" electricity="0.00" noise="117.37" route="routeright" type="cfm-slow" waiting="0.00" lane="right_0" pos="14.85" speed="3.68" angle="337.70" x="124.92" y="94.55"/>
        <vehicle id="cfm-slow_5" eclass="HBEFA3/PC_G_EU4" CO2="15340.61" CO="367.16" HC="2.05" NOx="7.10" PMx="0.38" fuel="6.59" electricity="0.00" noise="117.37" route="routeright" type="cfm-slow" waiting="0.00" lane="right_0" pos="30.68" speed="3.68" angle="309.26" x="102.80" y="120.00"/>
    </timestep>
    <timestep time="0.28">
        <vehicle id="cfm-fast_0" eclass="HBEFA3/PC_G_EU4" CO2="15815.66" CO="374.96" HC="2.09" NOx="7.32" PMx="0.39" fuel="6.80" electricity="0.00" noise="117.42" route="routeright" type="cfm-fast" waiting="0.00" lane="right_0" pos="46.55" speed="3.82" angle="280.80" x="71.16" y="131.86"/>
        <vehicle id="cfm-fast_1" eclass="HBEFA3/PC_G_EU4" CO2="15815.66" CO="374.96" HC="2.09" NOx="7.32" PMx="0.39" fuel="6.80" electricity="0.00" noise="117.42" route="routetop" type="cfm-fast" waiting="0.00" lane="top_0" pos="12.39" speed="3.82" angle="252.14" x="37.59" y="127.12"/>
        <vehicle id="cfm-fast_2" eclass="HBEFA3/PC_G_EU4" CO2="15815.66" CO="374.96" HC="2.09" NOx="7.32" PMx="0.39" fuel="6.80" electricity="0.00" noise="117.42" route="routetop" type="cfm-fast" waiting="0.00" lane="top_0" pos="28.22" speed="3.82" angle="223.72" x="10.50" y="107.04"/>
        <vehicle id="cfm-fast_3" eclass="HBEFA3/PC_G_EU4" CO2="15815.66" CO="374.96" HC="2.09" NOx="7.32" PMx="0.39" fuel="6.80" electricity="0.00" noise="117.42" route="routetop" type="cfm-fast" waiting="0.00" lane="top_0" pos="44.05" speed="3.82" angle="195.29" x="-3.74" y="76.48"/>
        <vehicle id="cfm-fast_4" eclass="HBEFA3/PC_G_EU4" CO2="15815.66" CO="374.96" HC="2.09" NOx="7.32" PMx="0.39" fuel="6.80" electricity="0.00" noise="117.42" route="routeleft" type="cfm-fast" waiting="0.00" lane="left_0" pos="9.89" speed="3.82" angle="166.60" x="-1.64" y="42.64"/>
        <vehicle id="cfm-fast_5" eclass="HBEFA3/PC_G_EU4" CO2="15815.66" CO="374.96" HC="2.09" NOx="7.32" PMx="0.39" fuel="6.80" electricity="0.00" noise="117.42" route="routeleft" type="cfm-fast" waiting="0.00" lane="left_0" pos="25.72" speed="3.82" angle="138.24" x="16.26" y="14.06"/>
        <vehicle id="cfm-slow_0" eclass="HBEFA3/PC_G_EU4" CO2="15815.66" CO="374.96" HC="2.09" NOx="7.32" PMx="0.39" fuel="6.80" electricity="0.00" noise="117.42" route="routebottom" type="cfm-slow" waiting="0.00" lane="bottom_0" pos="1.55" speed="3.82" angle="91.68" x="67.10" y="-4.85"/>
        <vehicle id="cfm-slow_1" eclass="HBEFA3/PC_G_EU4" CO2="15815.66" CO="374.96" HC="2.09" NOx="7.32" PMx="0.39" fuel="6.80" electricity="0.00" noise="117.42" route="routebottom" type="cfm-slow" waiting="0.00" lane="bottom_0" pos="17.39" speed="3.82" angle="63.16" x="99.33" y="5.06"/>
        <vehicle id="cfm-slow_2" eclass="HBEFA3/PC_G_EU4" CO2="15815.66" CO="374.96" HC="2.09" NOx="7.32" PMx="0.39" fuel="6.80" electricity="0.00" noise="117.42" route="routebottom" type="cfm-slow" waiting="0.00" lane="bottom_0" pos="33.22" speed="3.82" angle="34.72" x="122.94" y="29.12"/>
        <vehicle id="cfm-slow_3" eclass="HBEFA3/PC_G_EU4" CO2="15815.66" CO="374.96" HC="2.09" NOx="7.32" PMx="0.39" fuel="6.80" electricity="0.00" noise="117.42" route="routebottom" type="cfm-slow" waiting="0.00" lane="bottom_0" pos="49.05" speed="3.82" angle="6.27" x="132.23" y="61.53"/>
        <vehicle id="cfm-slow_4" eclass="HBEFA3/PC_G_EU4" CO2="15815.66" CO="374.96" HC="2.09" NOx="7.32" PMx="0.39" fuel="6.80" electricity="0.00" noise="117.42" route="routeright" type="cfm-slow" waiting="0.00" lane="right_0" pos="14.89" speed="3.82" angle="337.63" x="124.88" y="94.62"/>
        <vehicle id="cfm-slow_5" eclass="HBEFA3/PC_G_EU4" CO2="15815.66" CO="374.96" HC="2.09" NOx="7.32" PMx="0.39" fuel="6.80" electricity="0.00" noise="117.42" route="routeright" type="cfm-slow" waiting="0.00" lane="right_0" pos="30.72" speed="3.82" angle="309.21" x="102.74" y="120.05"/>
    </timestep>
    <timestep time="0.29">
        <vehicle id="cfm-fast_0" eclass="HBEFA3/PC_G_EU4" CO2="16290.99" CO="382.78" HC="2.14" NOx="7.54" PMx="0.40" fuel="7.00" electricity="0.00" noise="117.48" route="routeright" type="cfm-fast" waiting="0.00" lane="right_0" pos="46.59" speed="3.95" angle="280.73" x="71.07" y="131.87"/>
        <vehicle id="cfm-fast_1" eclass="HBEFA3/PC_G_EU4" CO2="16290.99" CO="382.78" HC="2.14" NOx="7.54" PMx="0.40" fuel="7.00" electricity="0.00" noise="117.48" route="routetop" type="cfm-fast" waiting="0.00" lane="top_0" pos="12.43" speed="3.95" angle="252.07" x="37.52" y="127.08"/>
        <vehicle id="cfm-fast_2" eclass="HBEFA3/PC_G_EU4" CO2="16290.99" CO="382.78" HC="2.14" NOx="7.54" PMx="0.40" fuel="7.00" electricity="0.00" noise="117.48" route="routetop" type="cfm-fast" waiting="0.00" lane="top_0" pos="28.26" speed="3.95" angle="223.65" x="10.45" y="106.97"/>
        <vehicle id="cfm-fast_3" eclass="HBEFA3/PC_G_EU4" CO2="16290.99" CO="382.78" HC="2.14" NOx="7.54" PMx="0.40" fuel="7.00" electricity="0.00" noise="117.48" route="routetop" type="cfm-fast" waiting="0.00" lane="top_0" pos="44.09" speed="3.95" angle="195.22" x="-3.75" y="76.39"/>
        <vehicle id="cfm-fast_4" eclass="HBEFA3/PC_G_EU4" CO2="16290.99" CO="382.78" HC="2.14" NOx="7.54" PMx="0.40" fuel="7.00" electricity="0.00" noise="117.48" route="routeleft" type="cfm-fast" waiting="0.00" lane="left_0" pos="9.93" speed="3.95" angle="166.53" x="-1.62" y="42.56"/>
        <vehicle id="cfm-fast_5" eclass="HBEFA3/PC_G_EU4" CO2="16290.99" CO="382.78" HC="2.14" NOx="7.54" PMx="0.40" fuel="7.00" electricity="0.00" noise="117.48" route="routeleft" type="cfm-fast" waiting="0.00" lane="left_0" pos="25.76" speed="3.95" angle="138.17" x="16.32" y="14.01"/>
        <vehicle id="cfm-slow_0" eclass="HBEFA3/PC_G_EU4" CO2="16290.99" CO="382.78" HC="2.14" NOx="7.54" PMx="0.40" fuel="7.00" electricity="0.00" noise="117.48" route="routebottom" type="cfm-slow" waiting="0.00" lane="bottom_0" pos="1.59" speed="3.95" angle="91.61" x="67.19" y="-4.85"/>
        <vehicle id="cfm-slow_1" eclass="HBEFA3/PC_G_EU4" CO2="16290.99" CO="382.78" HC="2.14" NOx="7.54" PMx="0.40" fuel="7.00" electricity="0.00" noise="117.48" route="routebottom" type="cfm-slow" waiting="0.00" lane="bottom_0" pos="17.43" speed="3.95" angle="63.09" x="99.40" y="5.10"/>
        <vehicle id="cfm-slow_2" eclass="HBEFA3/PC_G_EU4" CO2="16290.99" CO="382.78" HC="2.14" NOx="7.54" PMx="0.40" fuel="7.00" electricity="0.00" noise="117.48" route="routebottom" type="cfm-slow" waiting="0.00" lane="bottom_0" pos="33.26" speed="3.95" angle="34.66" x="122.98" y="29.20"/>
        <vehicle id="cfm-slow_3" eclass="HBEFA3/PC_G_EU4" CO2="16290.99" CO="382.78" HC="2.14" NOx="7.54" PMx="0.40" fuel="7.00" electricity="0.00" noise="117.48" route="routebottom" type="cfm-slow" waiting="0.00" lane="bottom_0" pos="49.09" speed="3.95" angle="6.20" x="132.23" y="61.62"/>
        <vehicle id="cfm-slow_4" eclass="HBEFA3/PC_G_EU4" CO2="16290.99" CO="382.78" HC="2.14" NOx="7.54" PMx="0.40" fuel="7.00" electricity="0.00" noise="117.48" route="routeright" type="cfm-slow" waiting="0.00" lane="right_0" pos="14.93" speed="3.95" angle="337.55" x="124.84" y="94.70"/>
        <vehicle id="cfm-slow_5" eclass="HBEFA3/PC_G_EU4" CO2="16290.99" CO="382.78" HC="2.14" NOx="7.54" PMx="0.40" fuel="7.00" electricity="0.00" noise="117.48" route="routeright" type="cfm-slow" waiting="0.00" lane="right_0" pos="30.76" speed="3.95" angle="309.15" x="102.67" y="120.10"/>
    </timestep>
    <timestep time="0.30">
        <vehicle id="cfm-fast_0" eclass="HBEFA3/PC_G_EU4" CO2="16766.62" CO="390.62" HC="2.19" NOx="7.77" PMx="0.41" fuel="7.21" electricity="0.00" noise="117.53" route="routeright" type="cfm-fast" waiting="0.00" lane="right_0" pos="46.63" speed="4.09" angle="280.65" x="70.99" y="131.88"/>
        <vehicle id="cfm-fast_1" eclass="HBEFA3/PC_G_EU4" CO2="16766.62" CO="390.62" HC="2.19" NOx="7.77" PMx="0.41" fuel="7.21" electricity="0.00" noise="117.53" route="routetop" type="cfm-fast" waiting="0.00" lane="top_0" pos="12.47" speed="4.09" angle="251.99" x="37.43" y="127.05"/>
        <vehicle id="cfm-fast_2" eclass="HBEFA3/PC_G_EU4" CO2="16766.62" CO="390.62" HC="2.19" NOx="7.77" PMx="0.41" fuel="7.21" electricity="0.00" noise="117.53" route="routetop" type="cfm-fast" waiting="0.00" lane="top_0" pos="28.30" speed="4.09" angle="223.58" x="10.40" y="106.91"/>
        <vehicle id="cfm-fast_3" eclass="HBEFA3/PC_G_EU4" CO2="16766.62" CO="390.62" HC="2.19" NOx="7.77" PMx="0.41" fuel="7.21" electricity="0.00" noise="117.53" route="routetop" type="cfm-fast" waiting="0.00" lane="top_0" pos="44.13" speed="4.09" angle="195.14" x="-3.77" y="76.31"/>
        <vehicle id="cfm-fast_4" eclass="HBEFA3/PC_G_EU4" CO2="16766.62" CO="390.62" HC="2.19" NOx="7.77" PMx="0.41" fuel="7.21" electricity="0.00" noise="117.53" route="routeleft" type="cfm-fast" waiting="0.00" lane="left_0" pos="9.97" speed="4.09" angle="166.45" x="-1.59" y="42.48"/>
        <vehicle id="cfm-fast_5" eclass="HBEFA3/PC_G_EU4" CO2="16766.62" CO="390.62" HC="2.19" NOx="7.77" PMx="0.41" fuel="7.21" electricity="0.00" noise="117.53" route="routeleft" type="cfm-fast" waiting="0.00" lane="left_0" pos="25.80" speed="4.09" angle="138.10" x="16.38" y="13.95"/>
        <vehicle id="cfm-slow_0" eclass="HBEFA3/PC_G_EU4" CO2="16766.62" CO="390.62" HC="2.19" NOx="7.77" PMx="0.41" fuel="7.21" electricity="0.00" noise="117.53" route="routebottom" type="cfm-slow" waiting="0.00" lane="bottom_0" pos="1.63" speed="4.09" angle="91.54" x="67.27" y="-4.84"/>
        <vehicle id="cfm-slow_1" eclass="HBEFA3/PC_G_EU4" CO2="16766.62" CO="390.62" HC="2.19" NOx="7.77" PMx="0.41" fuel="7.21" electricity="0.00" noise="117.53" route="routebottom" type="cfm-slow" waiting="0.00" lane="bottom_0" pos="17.47" speed="4.09" angle="63.01" x="99.47" y="5.15"/>
        <vehicle id="cfm-slow_2" eclass="HBEFA3/PC_G_EU4" CO2="16766.62" CO="390.62" HC="2.19" NOx="7.77" PMx="0.41" fuel="7.21" electricity="0.00" noise="117.53" route="routebottom" type="cfm-slow" waiting="0.00" lane="bottom_0" pos="33.30" speed="4.09" angle="34.60" x="123.03" y="29.27"/>
        <vehicle id="cfm-slow_3" eclass="HBEFA3/PC_G_EU4" CO2="16766.62" CO="390.62" HC="2.19" NOx="7.77" PMx="0.41" fuel="7.21" electricity="0.00" noise="117.53" route="routebottom" type="cfm-slow" waiting="0.00" lane="bottom_0" pos="49.13" speed="4.09" angle="6.12" x="132.23" y="61.71"/>
        <vehicle id="cfm-slow_4" eclass="HBEFA3/PC_G_EU4" CO2="16766.62" CO="390.62" HC="2.19" NOx="7.77" PMx="0.41" fuel="7.21" electricity="0.00" noise="117.53" route="routeright" type="cfm-slow" waiting="0.00" lane="right_0" pos="14.97" speed="4.09" angle="337.48" x="124.80" y="94.78"/>
        <vehicle id="cfm-slow_5" eclass="HBEFA3/PC_G_EU4" CO2="16766.62" CO="390.62" HC="2.19" NOx="7.77" PMx="0.41" fuel="7.21" electricity="0.00" noise="117.53" route="routeright" type="cfm-slow" waiting="0.00" lane="right_0" pos="30.80" speed="4.09" angle="309.09" x="102.60" y="120.15"/>
    </timestep>
    <timestep time="0.31">
        <vehicle id="cfm-fast_0" eclass="HBEFA3/PC_G_EU4" CO2="17242.54" CO="398.48" HC="2.24" NOx="7.99" PMx="0.43" fuel="7.41" electricity="0.00" noise="117.59" route="routeright" type="cfm-fast" waiting="0.00" lane="right_0" pos="46.68" speed="4.23" angle="280.58" x="70.90" y="131.89"/>
        <vehicle id="cfm-fast_1" eclass="HBEFA3/PC_G_EU4" CO2="17242.54" CO="398.48" HC="2.24" NOx="7.99" PMx="0.43" fuel="7.41" electricity="0.00" noise="117.59" route="routetop" type="cfm-fast" waiting="0.00" lane="top_0" pos="12.51" speed="4.23" angle="251.92" x="37.35" y="127.02"/>
        <vehicle id="cfm-fast_2" eclass="HBEFA3/PC_G_EU4" CO2="17242.54" CO="398.48" HC="2.24" NOx="7.99" PMx="0.43" fuel="7.41" electricity="0.00" noise="117.59" route="routetop" type="cfm-fast" waiting="0.00" lane="top_0" pos="28.34" speed="4.23" angle="223.50" x="10.34" y="106.83"/>
        <vehicle id="cfm-fast_3" eclass="HBEFA3/PC_G_EU4" CO2="17242.54" CO="398.48" HC="2.24" NOx="7.99" PMx="0.43" fuel="7.41" electricity="0.00" noise="117.59" route="routetop" type="cfm-fast" waiting="0.00" lane="top_0" pos="44.18" speed="4.23" angle="195.06" x="-3.78" y="76.22"/>
        <vehicle id="cfm-fast_4" eclass="HBEFA3/PC_G_EU4" CO2="17242.54" CO="398.48" HC="2.24" NOx="7.99" PMx="0.43" fuel="7.41" electricity="0.00" noise="117.59" route="routeleft" type="cfm-fast" waiting="0.00" lane="left_0" pos="10.01" speed="4.23" angle="166.37" x="-1.56" y="42.39"/>
        <vehicle id="cfm-fast_5" eclass="HBEFA3/PC_G_EU4" CO2="17242.54" CO="398.48" HC="2.24" NOx="7.99" PMx="0.43" fuel="7.41" electricity="0.00" noise="117.59" route="routeleft" type="cfm-fast" waiting="0.00" lane="left_0" pos="25.84" speed="4.23" angle="138.02" x="16.45" y="13.89"/>
        <vehicle id="cfm-slow_0" eclass="HBEFA3/PC_G_EU4" CO2="17242.54" CO="398.48" HC="2.24" NOx="7.99" PMx="0.43" fuel="7.41" electricity="0.00" noise="117.59" route="routebottom" type="cfm-slow" waiting="0.00" lane="bottom_0" pos="1.68" speed="4.23" angle="91.46" x="67.36" y="-4.84"/>
        <vehicle id="cfm-slow_1" eclass="HBEFA3/PC_G_EU4" CO2="17242.54" CO="398.48" HC="2.24" NOx="7.99" PMx="0.43" fuel="7.41" electricity="0.00" noise="117.59" route="routebottom" type="cfm-slow" waiting="0.00" lane="bottom_0" pos="17.51" speed="4.23" angle="62.94" x="99.55" y="5.20"/>
        <vehicle id="cfm-slow_2" eclass="HBEFA3/PC_G_EU4" CO2="17242.54" CO="398.48" HC="2.24" NOx="7.99" PMx="0.43" fuel="7.41" electricity="0.00" noise="117.59" route="routebottom" type="cfm-slow" waiting="0.00" lane="bottom_0" pos="33.34" speed="4.23" angle="34.54" x="123.08" y="29.35"/>
        <vehicle id="cfm-slow_3" eclass="HBEFA3/PC_G_EU4" CO2="17242.54" CO="398.48" HC="2.24" NOx="7.99" PMx="0.43" fuel="7.41" electricity="0.00" noise="117.59" route="routebottom" type="cfm-slow" waiting="0.00" lane="bottom_0" pos="49.18" speed="4.23" angle="6.04" x="132.24" y="61.80"/>
        <vehicle id="cfm-slow_4" eclass="HBEFA3/PC_G_EU4" CO2="17242.54" CO="398.48" HC="2.24" NOx="7.99" PMx="0.43" fuel="7.41" electricity="0.00" noise="117.59" route="routeright" type="cfm-slow" waiting="0.00" lane="right_0" pos="15.01" speed="4.23" angle="337.39" x="124.76" y="94.86"/>
        <vehicle id="cfm-slow_5" eclass="HBEFA3/PC_G_EU4" CO2="17242.54" CO="398.48" HC="2.24" NOx="7.99" PMx="0.43" fuel="7.41" electricity="0.00" noise="117.59" route="routeright" type="cfm-slow" waiting="0.00" lane="right_0" pos="30.84" speed="4.23" angle="309.01" x="102.52" y="120.20"/>
    </timestep>
    <timestep time="0.32">
        <vehicle id="cfm-fast_0" eclass="HBEFA3/PC_G_EU4" CO2="17718.76" CO="406.36" HC="2.28" NOx="8.21" PMx="0.44" fuel="7.62" electricity="0.00" noise="117.64" route="routeright" type="cfm-fast" waiting="0.00" lane="right_0" pos="46.72" speed="4.36" angle="280.50" x="70.80" y="131.89"/>
        <vehicle id="cfm-fast_1" eclass="HBEFA3/PC_G_EU4" CO2="17718.76" CO="406.36" HC="2.28" NOx="8.21" PMx="0.44" fuel="7.62" electricity="0.00" noise="117.64" route="routetop" type="cfm-fast" waiting="0.00" lane="top_0" pos="12.55" speed="4.36" angle="251.84" x="37.26" y="126.98"/>
        <vehicle id="cfm-fast_2" eclass="HBEFA3/PC_G_EU4" CO2="17718.76" CO="406.36" HC="2.28" NOx="8.21" PMx="0.44" fuel="7.62" electricity="0.00" noise="117.64" route="routetop" type="cfm-fast" waiting="0.00" lane="top_0" pos="28.39" speed="4.36" angle="223.42" x="10.28" y="106.76"/>
        <vehicle id="cfm-fast_3" eclass="HBEFA3/PC_G_EU4" CO2="17718.76" CO="406.36" HC="2.28" NOx="8.21" PMx="0.44" fuel="7.62" electricity="0.00" noise="117.64" route="routetop" type="cfm-fast" waiting="0.00" lane="top_0" pos="44.22" speed="4.36" angle="194.98" x="-3.80" y="76.13"/>
        <vehicle id="cfm-fast_4" eclass="HBEFA3/PC_G_EU4" CO2="17718.76" CO="406.36" HC="2.28" NOx="8.21" PMx="0.44" fuel="7.62" electricity="0.00" noise="117.64" route="routeleft" type="cfm-fast" waiting="0.00" lane="left_0" pos="10.05" speed="4.36" angle="166.29" x="-1.53" y="42.30"/>
        <vehicle id="cfm-fast_5" eclass="HBEFA3/PC_G_EU4" CO2="17718.76" CO="406.36" HC="2.28" NOx="8.21" PMx="0.44" fuel="7.62" electricity="0.00" noise="117.64" route="routeleft" type="cfm-fast" waiting="0.00" lane="left_0" pos="25.89" speed="4.36" angle="137.94" x="16.52" y="13.82"/>
        <vehicle id="cfm-slow_0" eclass="HBEFA3/PC_G_EU4" CO2="17718.76" CO="406.36" HC="2.28" NOx="8.21" PMx="0.44" fuel="7.62" electricity="0.00" noise="117.64" route="routebottom" type="cfm-slow" waiting="0.00" lane="bottom_0" pos="1.72" speed="4.36" angle="91.39" x="67.46" y="-4.83"/>
        <vehicle id="cfm-slow_1" eclass="HBEFA3/PC_G_EU4" CO2="17718.76" CO="406.36" HC="2.28" NOx="8.21" PMx="0.44" fuel="7.62" electricity="0.00" noise="117.64" route="routebottom" type="cfm-slow" waiting="0.00" lane="bottom_0" pos="17.55" speed="4.36" angle="62.86" x="99.63" y="5.24"/>
        <vehicle id="cfm-slow_2" eclass="HBEFA3/PC_G_EU4" CO2="17718.76" CO="406.36" HC="2.28" NOx="8.21" PMx="0.44" fuel="7.62" electricity="0.00" noise="117.64" route="routebottom" type="cfm-slow" waiting="0.00" lane="bottom_0" pos="33.39" speed="4.36" angle="34.46" x="123.12" y="29.43"/>
        <vehicle id="cfm-slow_3" eclass="HBEFA3/PC_G_EU4" CO2="17718.76" CO="406.36" HC="2.28" NOx="8.21" PMx="0.44" fuel="7.62" electricity="0.00" noise="117.64" route="routebottom" type="cfm-slow" waiting="0.00" lane="bottom_0" pos="49.22" speed="4.36" angle="5.96" x="132.24" y="61.89"/>
        <vehicle id="cfm-slow_4" eclass="HBEFA3/PC_G_EU4" CO2="17718.76" CO="406.36" HC="2.28" NOx="8.21" PMx="0.44" fuel="7.62" electricity="0.00" noise="117.64" route="routeright" type="cfm-slow" waiting="0.00" lane="right_0" pos="15.05" speed="4.36" angle="337.31" x="124.72" y="94.94"/>
        <vehicle id="cfm-slow_5" eclass="HBEFA3/PC_G_EU4" CO2="17718.76" CO="406.36" HC="2.28" NOx="8.21" PMx="0.44" fuel="7.62" electricity="0.00" noise="117.64" route="routeright" type="cfm-slow" waiting="0.00" lane="right_0" pos="30.89" speed="4.36" angle="308.93" x="102.44" y="120.25"/>
    </timestep>
    <timestep time="0.33">
        <vehicle id="cfm-fast_0" eclass="HBEFA3/PC_G_EU4" CO2="18195.26" CO="414.27" HC="2.33" NOx="8.43" PMx="0.45" fuel="7.82" electricity="0.00" noise="117.70" route="routeright" type="cfm-fast" waiting="0.00" lane="right_0" pos="46.77" speed="4.50" angle="280.41" x="70.71" y="131.90"/>
        <vehicle id="cfm-fast_1" eclass="HBEFA3/PC_G_EU4" CO2="18195.26" CO="414.27" HC="2.33" NOx="8.43" PMx="0.45" fuel="7.82" electricity="0.00" noise="117.70" route="routetop" type="cfm-fast" waiting="0.00" lane="top_0" pos="12.60" speed="4.50" angle="251.76" x="37.17" y="126.95"/>
        <vehicle id="cfm-fast_2" eclass="HBEFA3/PC_G_EU4" CO2="18195.26" CO="414.27" HC="2.33" NOx="8.43" PMx="0.45" fuel="7.82" electricity="0.00" noise="117.70" route="routetop" type="cfm-fast" waiting="0.00" lane="top_0" pos="28.43" speed="4.50" angle="223.34" x="10.22" y="106.68"/>
        <vehicle id="cfm-fast_3" eclass="HBEFA3/PC_G_EU4" CO2="18195.26" CO="414.27" HC="2.33" NOx="8.43" PMx="0.45" fuel="7.82" electricity="0.00" noise="117.70" route="routetop" type="cfm-fast" waiting="0.00" lane="top_0" pos="44.27" speed="4.50" angle="194.90" x="-3.82" y="76.03"/>
        <vehicle id="cfm-fast_4" eclass="HBEFA3/PC_G_EU4" CO2="18195.26" CO="414.27" HC="2.33" NOx="8.43" PMx="0.45" fuel="7.82" electricity="0.00" noise="117.70" route="routeleft" type="cfm-fast" waiting="0.00" lane="left_0" pos="10.10" speed="4.50" angle="166.21" x="-1.51" y="42.21"/>
        <vehicle id="cfm-fast_5" eclass="HBEFA3/PC_G_EU4" CO2="18195.26" CO="414.27" HC="2.33" NOx="8.43" PMx="0.45" fuel="7.82" electricity="0.00" noise="117.70" route="routeleft" type="cfm-fast" waiting="0.00" lane="left_0" pos="25.93" speed="4.50" angle="137.85" x="16.59" y="13.76"/>
        <vehicle id="cfm-slow_0" eclass="HBEFA3/PC_G_EU4" CO2="18195.26" CO="414.27" HC="2.33" NOx="8.43" PMx="0.45" fuel="7.82" electricity="0.00" noise="117.70" route="routebottom" type="cfm-slow" waiting="0.00" lane="bottom_0" pos="1.76" speed="4.50" angle="91.31" x="67.55" y="-4.82"/>
        <vehicle id="cfm-slow_1" eclass="HBEFA3/PC_G_EU4" CO2="18195.26" CO="414.27" HC="2.33" NOx="8.43" PMx="0.45" fuel="7.82" electricity="0.00" noise="117.70" route="routebottom" type="cfm-slow" waiting="0.00" lane="bottom_0" pos="17.60" speed="4.50" angle="62.77" x="99.71" y="5.29"/>
        <vehicle id="cfm-slow_2" eclass="HBEFA3/PC_G_EU4" CO2="18195.26" CO="414.27" HC="2.33" NOx="8.43" PMx="0.45" fuel="7.82" electricity="0.00" noise="117.70" route="routebottom" type="cfm-slow" waiting="0.00" lane="bottom_0" pos="33.43" speed="4.50" angle="34.38" x="123.17" y="29.52"/>
        <vehicle id="cfm-slow_3" eclass="HBEFA3/PC_G_EU4" CO2="18195.26" CO="414.27" HC="2.33" NOx="8.43" PMx="0.45" fuel="7.82" electricity="0.00" noise="117.70" route="routebottom" type="cfm-slow" waiting="0.00" lane="bottom_0" pos="49.27" speed="4.50" angle="5.88" x="132.24" y="61.99"/>
        <vehicle id="cfm-slow_4" eclass="HBEFA3/PC_G_EU4" CO2="18195.26" CO="414.27" HC="2.33" NOx="8.43" PMx="0.45" fuel="7.82" electricity="0.00" noise="117.70" route="routeright" type="cfm-slow" waiting="0.00" lane="right_0" pos="15.10" speed="4.50" angle="337.23" x="124.68" y="95.03"/>
        <vehicle id="cfm-slow_5" eclass="HBEFA3/PC_G_EU4" CO2="18195.26" CO="414.27" HC="2.33" NOx="8.43" PMx="0.45" fuel="7.82" electricity="0.00" noise="117.70" route="routeright" type="cfm-slow" waiting="0.00" lane="right_0" pos="30.93" speed="4.50" angle="308.85" x="102.36" y="120.31"/>
    </timestep>
    <timestep time="0.34">
        <vehicle id="cfm-fast_0" eclass="HBEFA3/PC_G_EU4" CO2="18672.06" CO="422.19" HC="2.38" NOx="8.65" PMx="0.46" fuel="8.03" electricity="0.00" noise="117.75" route="routeright" type="cfm-fast" waiting="0.00" lane="right_0" pos="46.81" speed="4.64" angle="280.33" x="70.61" y="131.91"/>
        <vehicle id="cfm-fast_1" eclass="HBEFA3/PC_G_EU4" CO2="18672.06" CO="422.19" HC="2.38" NOx="8.65" PMx="0.46" fuel="8.03" electricity="0.00" noise="117.75" route="routetop" type="cfm-fast" waiting="0.00" lane="top_0" pos="12.64" speed="4.64" angle="251.67" x="37.08" y="126.91"/>
        <vehicle id="cfm-fast_2" eclass="HBEFA3/PC_G_EU4" CO2="18672.06" CO="422.19" HC="2.38" NOx="8.65" PMx="0.46" fuel="8.03" electricity="0.00" noise="117.75" route="routetop" type="cfm-fast" waiting="0.00" lane="top_0" pos="28.48" speed="4.64" angle="223.25" x="10.16" y="106.61"/>
        <vehicle id="cfm-fast_3" eclass="HBEFA3/PC_G_EU4" CO2="18672.06" CO="422.19" HC="2.38" NOx="8.65" PMx="0.46" fuel="8.03" electricity="0.00" noise="117.75" route="routetop" type="cfm-fast" waiting="0.00" lane="top_0" pos="44.31" speed="4.64" angle="194.81" x="-3.84" y="75.93"/>
        <vehicle id="cfm-fast_4" eclass="HBEFA3/PC_G_EU4" CO2="18672.06" CO="422.19" HC="2.38" NOx="8.65" PMx="0.46" fuel="8.03" electricity="0.00" noise="117.75" route="routeleft" type="cfm-fast" waiting="0.00" lane="left_0" pos="10.14" speed="4.64" angle="166.15" x="-1.48" y="42.11"/>
        <vehicle id="cfm-fast_5" eclass="HBEFA3/PC_G_EU4" CO2="18672.06" CO="422.19" HC="2.38" NOx="8.65" PMx="0.46" fuel="8.03" electricity="0.00" noise="117.75" route="routeleft" type="cfm-fast" waiting="0.00" lane="left_0" pos="25.98" speed="4.64" angle="137.77" x="16.66" y="13.69"/>
        <vehicle id="cfm-slow_0" eclass="HBEFA3/PC_G_EU4" CO2="18672.06" CO="422.19" HC="2.38" NOx="8.65" PMx="0.46" fuel="8.03" electricity="0.00" noise="117.75" route="routebottom" type="cfm-slow" waiting="0.00" lane="bottom_0" pos="1.81" speed="4.64" angle="91.22" x="67.65" y="-4.82"/>
        <vehicle id="cfm-slow_1" eclass="HBEFA3/PC_G_EU4" CO2="18672.06" CO="422.19" HC="2.38" NOx="8.65" PMx="0.46" fuel="8.03" electricity="0.00" noise="117.75" route="routebottom" type="cfm-slow" waiting="0.00" lane="bottom_0" pos="17.64" speed="4.64" angle="62.69" x="99.80" y="5.35"/>
        <vehicle id="cfm-slow_2" eclass="HBEFA3/PC_G_EU4" CO2="18672.06" CO="422.19" HC="2.38" NOx="8.65" PMx="0.46" fuel="8.03" electricity="0.00" noise="117.75" route="routebottom" type="cfm-slow" waiting="0.00" lane="bottom_0" pos="33.48" speed="4.64" angle="34.29" x="123.22" y="29.61"/>
        <vehicle id="cfm-slow_3" eclass="HBEFA3/PC_G_EU4" CO2="18672.06" CO="422.19" HC="2.38" NOx="8.65" PMx="0.46" fuel="8.03" electricity="0.00" noise="117.75" route="routebottom" type="cfm-slow" waiting="0.00" lane="bottom_0" pos="49.31" speed="4.64" angle="5.79" x="132.24" y="62.09"/>
        <vehicle id="cfm-slow_4" eclass="HBEFA3/PC_G_EU4" CO2="18672.06" CO="422.19" HC="2.38" NOx="8.65" PMx="0.46" fuel="8.03" electricity="0.00" noise="117.75" route="routeright" type="cfm-slow" waiting="0.00" lane="right_0" pos="15.14" speed="4.64" angle="337.14" x="124.63" y="95.12"/>
        <vehicle id="cfm-slow_5" eclass="HBEFA3/PC_G_EU4" CO2="18672.06" CO="422.19" HC="2.38" NOx="8.65" PMx="0.46" fuel="8.03" electricity="0.00" noise="117.75" route="routeright" type="cfm-slow" waiting="0.00" lane="right_0" pos="30.98" speed="4.64" angle="308.77" x="102.28" y="120.36"/>
    </timestep>
    <timestep time="0.35">
        <vehicle id="cfm-fast_0" eclass="HBEFA3/PC_G_EU4" CO2="19149.15" CO="430.14" HC="2.43" NOx="8.87" PMx="0.47" fuel="8.23" electricity="0.00" noise="117.81" route="routeright" type="cfm-fast" waiting="0.00" lane="right_0" pos="46.86" speed="4.77" angle="280.24" x="70.51" y="131.93"/>
        <vehicle id="cfm-fast_1" eclass="HBEFA3/PC_G_EU4" CO2="19149.15" CO="430.14" HC="2.43" NOx="8.87" PMx="0.47" fuel="8.23" electricity="0.00" noise="117.81" route="routetop" type="cfm-fast" waiting="0.00" lane="top_0" pos="12.69" speed="4.77" angle="251.60" x="36.98" y="126.87"/>
        <vehicle id="cfm-fast_2" eclass="HBEFA3/PC_G_EU4" CO2="19149.15" CO="430.14" HC="2.43" NOx="8.87" PMx="0.47" fuel="8.23" electricity="0.00" noise="117.81" route="routetop" type="cfm-fast" waiting="0.00" lane="top_0" pos="28.53" speed="4.77" angle="223.17" x="10.10" y="106.52"/>
        <vehicle id="cfm-fast_3" eclass="HBEFA3/PC_G_EU4" CO2="19149.15" CO="430.14" HC="2.43" NOx="8.87" PMx="0.47" fuel="8.23" electricity="0.00" noise="117.81" route="routetop" type="cfm-fast" waiting="0.00" lane="top_0" pos="44.36" speed="4.77" angle="194.72" x="-3.85" y="75.83"/>
        <vehicle id="cfm-fast_4" eclass="HBEFA3/PC_G_EU4" CO2="19149.15" CO="430.14" HC="2.43" NOx="8.87" PMx="0.47" fuel="8.23" electricity="0.00" noise="117.81" route="routeleft" type="cfm-fast" waiting="0.00" lane="left_0" pos="10.19" speed="4.77" angle="166.08" x="-1.45" y="42.01"/>
        <vehicle id="cfm-fast_5" eclass="HBEFA3/PC_G_EU4" CO2="19149.15" CO="430.14" HC="2.43" NOx="8.87" PMx="0.47" fuel="8.23" electricity="0.00" noise="117.81" route="routeleft" type="cfm-fast" waiting="0.00" lane="left_0" pos="26.03" speed="4.77" angle="137.68" x="16.74" y="13.62"/>
        <vehicle id="cfm-slow_0" eclass="HBEFA3/PC_G_EU4" CO2="19149.15" CO="430.14" HC="2.43" NOx="8.87" PMx="0.47" fuel="8.23" electricity="0.00" noise="117.81" route="routebottom" type="cfm-slow" waiting="0.00" lane="bottom_0" pos="1.86" speed="4.77" angle="91.14" x="67.76" y="-4.81"/>
        <vehicle id="cfm-slow_1" eclass="HBEFA3/PC_G_EU4" CO2="19149.15" CO="430.14" HC="2.43" NOx="8.87" PMx="0.47" fuel="8.23" electricity="0.00" noise="117.81" route="routebottom" type="cfm-slow" waiting="0.00" lane="bottom_0" pos="17.69" speed="4.77" angle="62.60" x="99.89" y="5.40"/>
        <vehicle id="cfm-slow_2" eclass="HBEFA3/PC_G_EU4" CO2="19149.15" CO="430.14" HC="2.43" NOx="8.87" PMx="0.47" fuel="8.23" electricity="0.00" noise="117.81" route="routebottom" type="cfm-slow" waiting="0.00" lane="bottom_0" pos="33.53" speed="4.77" angle="34.21" x="123.27" y="29.70"/>
        <vehicle id="cfm-slow_3" eclass="HBEFA3/PC_G_EU4" CO2="19149.15" CO="430.14" HC="2.43" NOx="8.87" PMx="0.47" fuel="8.23" electricity="0.00" noise="117.81" route="routebottom" type="cfm-slow" waiting="0.00" lane="bottom_0" pos="49.36" speed="4.77" angle="5.70" x="132.24" y="62.19"/>
        <vehicle id="cfm-slow_4" eclass="HBEFA3/PC_G_EU4" CO2="19149.15" CO="430.14" HC="2.43" NOx="8.87" PMx="0.47" fuel="8.23" electricity="0.00" noise="117.81" route="routeright" type="cfm-slow" waiting="0.00" lane="right_0" pos="15.19" speed="4.77" angle="337.05" x="124.58" y="95.21"/>
        <vehicle id="cfm-slow_5" eclass="HBEFA3/PC_G_EU4" CO2="19149.15" CO="430.14" HC="2.43" NOx="8.87" PMx="0.47" fuel="8.23" electricity="0.00" noise="117.81" route="routeright" type="cfm-slow" waiting="0.00" lane="right_0" pos="31.03" speed="4.77" angle="308.68" x="102.19" y="120.42"/>
    </timestep>
    <timestep time="0.36">
        <vehicle id="cfm-fast_0" eclass="HBEFA3/PC_G_EU4" CO2="19626.53" CO="438.11" HC="2.48" NOx="9.09" PMx="0.49" fuel="8.44" electricity="0.00" noise="117.87" route="routeright" type="cfm-fast" waiting="0.00" lane="right_0" pos="46.91" speed="4.91" angle="280.15" x="70.40" y="131.94"/>
        <vehicle id="cfm-fast_1" eclass="HBEFA3/PC_G_EU4" CO2="19626.53" CO="438.11" HC="2.48" NOx="9.09" PMx="0.49" fuel="8.44" electricity="0.00" noise="117.87" route="routetop" type="cfm-fast" waiting="0.00" lane="top_0" pos="12.74" speed="4.91" angle="251.53" x="36.89" y="126.83"/>
        <vehicle id="cfm-fast_2" eclass="HBEFA3/PC_G_EU4" CO2="19626.53" CO="438.11" HC="2.48" NOx="9.09" PMx="0.49" fuel="8.44" electricity="0.00" noise="117.87" route="routetop" type="cfm-fast" waiting="0.00" lane="top_0" pos="28.57" speed="4.91" angle="223.08" x="10.03" y="106.44"/>
        <vehicle id="cfm-fast_3" eclass="HBEFA3/PC_G_EU4" CO2="19626.53" CO="438.11" HC="2.48" NOx="9.09" PMx="0.49" fuel="8.44" electricity="0.00" noise="117.87" route="routetop" type="cfm-fast" waiting="0.00" lane="top_0" pos="44.41" speed="4.91" angle="194.63" x="-3.87" y="75.73"/>
        <vehicle id="cfm-fast_4" eclass="HBEFA3/PC_G_EU4" CO2="19626.53" CO="438.11" HC="2.48" NOx="9.09" PMx="0.49" fuel="8.44" electricity="0.00" noise="117.87" route="routeleft" type="cfm-fast" waiting="0.00" lane="left_0" pos="10.24" speed="4.91" angle="166.01" x="-1.41" y="41.91"/>
        <vehicle id="cfm-fast_5" eclass="HBEFA3/PC_G_EU4" CO2="19626.53" CO="438.11" HC="2.48" NOx="9.09" PMx="0.49" fuel="8.44" electricity="0.00" noise="117.87" route="routeleft" type="cfm-fast" waiting="0.00" lane="left_0" pos="26.07" speed="4.91" angle="137.59" x="16.82" y="13.55"/>
        <vehicle id="cfm-slow_0" eclass="HBEFA3/PC_G_EU4" CO2="19626.53" CO="438.11" HC="2.48" NOx="9.09" PMx="0.49" fuel="8.44" electricity="0.00" noise="117.87" route="routebottom" type="cfm-slow" waiting="0.00" lane="bottom_0" pos="1.91" speed="4.91" angle="91.05" x="67.86" y="-4.81"/>
        <vehicle id="cfm-slow_1" eclass="HBEFA3/PC_G_EU4" CO2="19626.53" CO="438.11" HC="2.48" NOx="9.09" PMx="0.49" fuel="8.44" electricity="0.00" noise="117.87" route="routebottom" type="cfm-slow" waiting="0.00" lane="bottom_0" pos="17.74" speed="4.91" angle="62.51" x="99.98" y="5.45"/>
        <vehicle id="cfm-slow_2" eclass="HBEFA3/PC_G_EU4" CO2="19626.53" CO="438.11" HC="2.48" NOx="9.09" PMx="0.49" fuel="8.44" electricity="0.00" noise="117.87" route="routebottom" type="cfm-slow" waiting="0.00" lane="bottom_0" pos="33.57" speed="4.91" angle="34.12" x="123.32" y="29.79"/>
        <vehicle id="cfm-slow_3" eclass="HBEFA3/PC_G_EU4" CO2="19626.53" CO="438.11" HC="2.48" NOx="9.09" PMx="0.49" fuel="8.44" electricity="0.00" noise="117.87" route="routebottom" type="cfm-slow" waiting="0.00" lane="bottom_0" pos="49.41" speed="4.91" angle="5.61" x="132.25" y="62.30"/>
        <vehicle id="cfm-slow_4" eclass="HBEFA3/PC_G_EU4" CO2="19626.53" CO="438.11" HC="2.48" NOx="9.09" PMx="0.49" fuel="8.44" electricity="0.00" noise="117.87" route="routeright" type="cfm-slow" waiting="0.00" lane="right_0" pos="15.24" speed="4.91" angle="336.96" x="124.54" y="95.31"/>
        <vehicle id="cfm-slow_5" eclass="HBEFA3/PC_G_EU4" CO2="19626.53" CO="438.11" HC="2.48" NOx="9.09" PMx="0.49" fuel="8.44" electricity="0.00" noise="117.87" route="routeright" type="cfm-slow" waiting="0.00" lane="right_0" pos="31.07" speed="4.91" angle="308.59" x="102.11" y="120.48"/>
    </timestep>
    <timestep time="0.37">
        <vehicle id="cfm-fast_0" eclass="HBEFA3/PC_G_EU4" CO2="20104.21" CO="446.10" HC="2.52" NOx="9.31" PMx="0.50" fuel="8.64" electricity="0.00" noise="117.92" route="routeright" type="cfm-fast" waiting="0.00" lane="right_0" pos="46.96" speed="5.05" angle="280.06" x="70.29" y="131.95"/>
        <vehicle id="cfm-fast_1" eclass="HBEFA3/PC_G_EU4" CO2="20104.21" CO="446.10" HC="2.52" NOx="9.31" PMx="0.50" fuel="8.64" electricity="0.00" noise="117.92" route="routetop" type="cfm-fast" waiting="0.00" lane="top_0" pos="12.79" speed="5.05" angle="251.46" x="36.79" y="126.79"/>
        <vehicle id="cfm-fast_2" eclass="HBEFA3/PC_G_EU4" CO2="20104.21" CO="446.10" HC="2.52" NOx="9.31" PMx="0.50" fuel="8.64" electricity="0.00" noise="117.92" route="routetop" type="cfm-fast" waiting="0.00" lane="top_0" pos="28.63" speed="5.05" angle="222.98" x="9.97" y="106.36"/>
        <vehicle id="cfm-fast_3" eclass="HBEFA3/PC_G_EU4" CO2="20104.21" CO="446.10" HC="2.52" NOx="9.31" PMx="0.50" fuel="8.64" electricity="0.00" noise="117.92" route="routetop" type="cfm-fast" waiting="0.00" lane="top_0" pos="44.46" speed="5.05" angle="194.54" x="-3.89" y="75.62"/>
        <vehicle id="cfm-fast_4" eclass="HBEFA3/PC_G_EU4" CO2="20104.21" CO="446.10" HC="2.52" NOx="9.31" PMx="0.50" fuel="8.64" electricity="0.00" noise="117.92" route="routeleft" type="cfm-fast" waiting="0.00" lane="left_0" pos="10.29" speed="5.05" angle="165.92" x="-1.38" y="41.81"/>
        <vehicle id="cfm-fast_5" eclass="HBEFA3/PC_G_EU4" CO2="20104.21" CO="446.10" HC="2.52" NOx="9.31" PMx="0.50" fuel="8.64" electricity="0.00" noise="117.92" route="routeleft" type="cfm-fast" waiting="0.00" lane="left_0" pos="26.13" speed="5.05" angle="137.49" x="16.90" y="13.47"/>
        <vehicle id="cfm-slow_0" eclass="HBEFA3/PC_G_EU4" CO2="20104.21" CO="446.10" HC="2.52" NOx="9.31" PMx="0.50" fuel="8.64" electricity="0.00" noise="117.92" route="routebottom" type="cfm-slow" waiting="0.00" lane="bottom_0" pos="1.96" speed="5.05" angle="90.96" x="67.97" y="-4.80"/>
        <vehicle id="cfm-slow_1" eclass="HBEFA3/PC_G_EU4" CO2="20104.21" CO="446.10" HC="2.52" NOx="9.31" PMx="0.50" fuel="8.64" electricity="0.00" noise="117.92" route="routebottom" type="cfm-slow" waiting="0.00" lane="bottom_0" pos="17.79" speed="5.05" angle="62.42" x="100.07" y="5.51"/>
        <vehicle id="cfm-slow_2" eclass="HBEFA3/PC_G_EU4" CO2="20104.21" CO="446.10" HC="2.52" NOx="9.31" PMx="0.50" fuel="8.64" electricity="0.00" noise="117.92" route="routebottom" type="cfm-slow" waiting="0.00" lane="bottom_0" pos="33.63" speed="5.05" angle="34.02" x="123.37" y="29.88"/>
        <vehicle id="cfm-slow_3" eclass="HBEFA3/PC_G_EU4" CO2="20104.21" CO="446.10" HC="2.52" NOx="9.31" PMx="0.50" fuel="8.64" electricity="0.00" noise="117.92" route="routebottom" type="cfm-slow" waiting="0.00" lane="bottom_0" pos="49.46" speed="5.05" angle="5.52" x="132.25" y="62.41"/>
        <vehicle id="cfm-slow_4" eclass="HBEFA3/PC_G_EU4" CO2="20104.21" CO="446.10" HC="2.52" NOx="9.31" PMx="0.50" fuel="8.64" electricity="0.00" noise="117.92" route="routeright" type="cfm-slow" waiting="0.00" lane="right_0" pos="15.29" speed="5.05" angle="336.89" x="124.49" y="95.40"/>
        <vehicle id="cfm-slow_5" eclass="HBEFA3/PC_G_EU4" CO2="20104.21" CO="446.10" HC="2.52" NOx="9.31" PMx="0.50" fuel="8.64" electricity="0.00" noise="117.92" route="routeright" type="cfm-slow" waiting="0.00" lane="right_0" pos="31.13" speed="5.05" angle="308.50" x="102.02" y="120.54"/>
    </timestep>
    <timestep time="0.38">
        <vehicle id="cfm-fast_0" eclass="HBEFA3/PC_G_EU4" CO2="20582.17" CO="454.12" HC="2.57" NOx="9.54" PMx="0.51" fuel="8.85" electricity="0.00" noise="117.98" route="routeright" type="cfm-fast" waiting="0.00" lane="right_0" pos="47.01" speed="5.18" angle="279.96" x="70.18" y="131.96"/>
        <vehicle id="cfm-fast_1" eclass="HBEFA3/PC_G_EU4" CO2="20582.17" CO="454.12" HC="2.57" NOx="9.54" PMx="0.51" fuel="8.85" electricity="0.00" noise="117.98" route="routetop" type="cfm-fast" waiting="0.00" lane="top_0" pos="12.84" speed="5.18" angle="251.37" x="36.68" y="126.75"/>
        <vehicle id="cfm-fast_2" eclass="HBEFA3/PC_G_EU4" CO2="20582.17" CO="454.12" HC="2.57" NOx="9.54" PMx="0.51" fuel="8.85" electricity="0.00" noise="117.98" route="routetop" type="cfm-fast" waiting="0.00" lane="top_0" pos="28.68" speed="5.18" angle="222.89" x="9.90" y="106.27"/>
        <vehicle id="cfm-fast_3" eclass="HBEFA3/PC_G_EU4" CO2="20582.17" CO="454.12" HC="2.57" NOx="9.54" PMx="0.51" fuel="8.85" electricity="0.00" noise="117.98" route="routetop" type="cfm-fast" waiting="0.00" lane="top_0" pos="44.51" speed="5.18" angle="194.44" x="-3.91" y="75.51"/>
        <vehicle id="cfm-fast_4" eclass="HBEFA3/PC_G_EU4" CO2="20582.17" CO="454.12" HC="2.57" NOx="9.54" PMx="0.51" fuel="8.85" electricity="0.00" noise="117.98" route="routeleft" type="cfm-fast" waiting="0.00" lane="left_0" pos="10.34" speed="5.18" angle="165.82" x="-1.34" y="41.71"/>
        <vehicle id="cfm-fast_5" eclass="HBEFA3/PC_G_EU4" CO2="20582.17" CO="454.12" HC="2.57" NOx="9.54" PMx="0.51" fuel="8.85" electricity="0.00" noise="117.98" route="routeleft" type="cfm-fast" waiting="0.00" lane="left_0" pos="26.18" speed="5.18" angle="137.40" x="16.98" y="13.40"/>
        <vehicle id="cfm-slow_0" eclass="HBEFA3/PC_G_EU4" CO2="20582.17" CO="454.12" HC="2.57" NOx="9.54" PMx="0.51" fuel="8.85" electricity="0.00" noise="117.98" route="routebottom" type="cfm-slow" waiting="0.00" lane="bottom_0" pos="2.01" speed="5.18" angle="90.87" x="68.08" y="-4.79"/>
        <vehicle id="cfm-slow_1" eclass="HBEFA3/PC_G_EU4" CO2="20582.17" CO="454.12" HC="2.57" NOx="9.54" PMx="0.51" fuel="8.85" electricity="0.00" noise="117.98" route="routebottom" type="cfm-slow" waiting="0.00" lane="bottom_0" pos="17.84" speed="5.18" angle="62.35" x="100.17" y="5.57"/>
        <vehicle id="cfm-slow_2" eclass="HBEFA3/PC_G_EU4" CO2="20582.17" CO="454.12" HC="2.57" NOx="9.54" PMx="0.51" fuel="8.85" electricity="0.00" noise="117.98" route="routebottom" type="cfm-slow" waiting="0.00" lane="bottom_0" pos="33.68" speed="5.18" angle="33.93" x="123.42" y="29.98"/>
        <vehicle id="cfm-slow_3" eclass="HBEFA3/PC_G_EU4" CO2="20582.17" CO="454.12" HC="2.57" NOx="9.54" PMx="0.51" fuel="8.85" electricity="0.00" noise="117.98" route="routebottom" type="cfm-slow" waiting="0.00" lane="bottom_0" pos="49.51" speed="5.18" angle="5.42" x="132.25" y="62.52"/>
        <vehicle id="cfm-slow_4" eclass="HBEFA3/PC_G_EU4" CO2="20582.17" CO="454.12" HC="2.57" NOx="9.54" PMx="0.51" fuel="8.85" electricity="0.00" noise="117.98" route="routeright" type="cfm-slow" waiting="0.00" lane="right_0" pos="15.34" speed="5.18" angle="336.82" x="124.44" y="95.50"/>
        <vehicle id="cfm-slow_5" eclass="HBEFA3/PC_G_EU4" CO2="20582.17" CO="454.12" HC="2.57" NOx="9.54" PMx="0.51" fuel="8.85" electricity="0.00" noise="117.98" route="routeright" type="cfm-slow" waiting="0.00" lane="right_0" pos="31.18" speed="5.18" angle="308.41" x="101.92" y="120.60"/>
    </timestep>
    <timestep time="0.39">
        <vehicle id="cfm-fast_0" eclass="HBEFA3/PC_G_EU4" CO2="21060.43" CO="462.15" HC="2.62" NOx="9.76" PMx="0.52" fuel="9.05" electricity="0.00" noise="118.03" route="routeright" type="cfm-fast" waiting="0.00" lane="right_0" pos="47.06" speed="5.32" angle="279.86" x="70.07" y="131.97"/>
        <vehicle id="cfm-fast_1" eclass="HBEFA3/PC_G_EU4" CO2="21060.43" CO="462.15" HC="2.62" NOx="9.76" PMx="0.52" fuel="9.05" electricity="0.00" noise="118.03" route="routetop" type="cfm-fast" waiting="0.00" lane="top_0" pos="12.90" speed="5.32" angle="251.27" x="36.58" y="126.70"/>
        <vehicle id="cfm-fast_2" eclass="HBEFA3/PC_G_EU4" CO2="21060.43" CO="462.15" HC="2.62" NOx="9.76" PMx="0.52" fuel="9.05" electricity="0.00" noise="118.03" route="routetop" type="cfm-fast" waiting="0.00" lane="top_0" pos="28.73" speed="5.32" angle="222.79" x="9.83" y="106.18"/>
        <vehicle id="cfm-fast_3" eclass="HBEFA3/PC_G_EU4" CO2="21060.43" CO="462.15" HC="2.62" NOx="9.76" PMx="0.52" fuel="9.05" electricity="0.00" noise="118.03" route="routetop" type="cfm-fast" waiting="0.00" lane="top_0" pos="44.56" speed="5.32" angle="194.34" x="-3.93" y="75.40"/>
        <vehicle id="cfm-fast_4" eclass="HBEFA3/PC_G_EU4" CO2="21060.43" CO="462.15" HC="2.62" NOx="9.76" PMx="0.52" fuel="9.05" electricity="0.00" noise="118.03" route="routeleft" type="cfm-fast" waiting="0.00" lane="left_0" pos="10.40" speed="5.32" angle="165.73" x="-1.30" y="41.60"/>
        <vehicle id="cfm-fast_5" eclass="HBEFA3/PC_G_EU4" CO2="21060.43" CO="462.15" HC="2.62" NOx="9.76" PMx="0.52" fuel="9.05" electricity="0.00" noise="118.03" route="routeleft" type="cfm-fast" waiting="0.00" lane="left_0" pos="26.23" speed="5.32" angle="137.30" x="17.06" y="13.32"/>
        <vehicle id="cfm-slow_0" eclass="HBEFA3/PC_G_EU4" CO2="21060.43" CO="462.15" HC="2.62" NOx="9.76" PMx="0.52" fuel="9.05" electricity="0.00" noise="118.03" route="routebottom" type="cfm-slow" waiting="0.00" lane="bottom_0" pos="2.06" speed="5.32" angle="90.77" x="68.20" y="-4.79"/>
        <vehicle id="cfm-slow_1" eclass="HBEFA3/PC_G_EU4" CO2="21060.43" CO="462.15" HC="2.62" NOx="9.76" PMx="0.52" fuel="9.05" electricity="0.00" noise="118.03" route="routebottom" type="cfm-slow" waiting="0.00" lane="bottom_0" pos="17.90" speed="5.32" angle="62.28" x="100.27" y="5.63"/>
        <vehicle id="cfm-slow_2" eclass="HBEFA3/PC_G_EU4" CO2="21060.43" CO="462.15" HC="2.62" NOx="9.76" PMx="0.52" fuel="9.05" electricity="0.00" noise="118.03" route="routebottom" type="cfm-slow" waiting="0.00" lane="bottom_0" pos="33.73" speed="5.32" angle="33.83" x="123.48" y="30.08"/>
        <vehicle id="cfm-slow_3" eclass="HBEFA3/PC_G_EU4" CO2="21060.43" CO="462.15" HC="2.62" NOx="9.76" PMx="0.52" fuel="9.05" electricity="0.00" noise="118.03" route="routebottom" type="cfm-slow" waiting="0.00" lane="bottom_0" pos="49.56" speed="5.32" angle="5.32" x="132.25" y="62.63"/>
        <vehicle id="cfm-slow_4" eclass="HBEFA3/PC_G_EU4" CO2="21060.43" CO="462.15" HC="2.62" NOx="9.76" PMx="0.52" fuel="9.05" electricity="0.00" noise="118.03" route="routeright" type="cfm-slow" waiting="0.00" lane="right_0" pos="15.40" speed="5.32" angle="336.74" x="124.39" y="95.60"/>
        <vehicle id="cfm-slow_5" eclass="HBEFA3/PC_G_EU4" CO2="21060.43" CO="462.15" HC="2.62" NOx="9.76" PMx="0.52" fuel="9.05" electricity="0.00" noise="118.03" route="routeright" type="cfm-slow" waiting="0.00" lane="right_0" pos="31.23" speed="5.32" angle="308.31" x="101.83" y="120.66"/>
    </timestep>
    <timestep time="0.40">
        <vehicle id="cfm-fast_0" eclass="HBEFA3/PC_G_EU4" CO2="21538.98" CO="470.21" HC="2.67" NOx="9.98" PMx="0.53" fuel="9.26" electricity="0.00" noise="118.09" route="routeright" type="cfm-fast" waiting="0.00" lane="right_0" pos="47.12" speed="5.45" angle="279.76" x="69.95" y="131.98"/>
        <vehicle id="cfm-fast_1" eclass="HBEFA3/PC_G_EU4" CO2="21538.98" CO="470.21" HC="2.67" NOx="9.98" PMx="0.53" fuel="9.26" electricity="0.00" noise="118.09" route="routetop" type="cfm-fast" waiting="0.00" lane="top_0" pos="12.95" speed="5.45" angle="251.17" x="36.47" y="126.65"/>
        <vehicle id="cfm-fast_2" eclass="HBEFA3/PC_G_EU4" CO2="21538.98" CO="470.21" HC="2.67" NOx="9.98" PMx="0.53" fuel="9.26" electricity="0.00" noise="118.09" route="routetop" type="cfm-fast" waiting="0.00" lane="top_0" pos="28.78" speed="5.45" angle="222.69" x="9.75" y="106.09"/>
        <vehicle id="cfm-fast_3" eclass="HBEFA3/PC_G_EU4" CO2="21538.98" CO="470.21" HC="2.67" NOx="9.98" PMx="0.53" fuel="9.26" electricity="0.00" noise="118.09" route="routetop" type="cfm-fast" waiting="0.00" lane="top_0" pos="44.62" speed="5.45" angle="194.24" x="-3.96" y="75.28"/>
        <vehicle id="cfm-fast_4" eclass="HBEFA3/PC_G_EU4" CO2="21538.98" CO="470.21" HC="2.67" NOx="9.98" PMx="0.53" fuel="9.26" electricity="0.00" noise="118.09" route="routeleft" type="cfm-fast" waiting="0.00" lane="left_0" pos="10.45" speed="5.45" angle="165.62" x="-1.26" y="41.49"/>
        <vehicle id="cfm-fast_5" eclass="HBEFA3/PC_G_EU4" CO2="21538.98" CO="470.21" HC="2.67" NOx="9.98" PMx="0.53" fuel="9.26" electricity="0.00" noise="118.09" route="routeleft" type="cfm-fast" waiting="0.00" lane="left_0" pos="26.28" speed="5.45" angle="137.20" x="17.15" y="13.24"/>
        <vehicle id="cfm-slow_0" eclass="HBEFA3/PC_G_EU4" CO2="21538.98" CO="470.21" HC="2.67" NOx="9.98" PMx="0.53" fuel="9.26" electricity="0.00" noise="118.09" route="routebottom" type="cfm-slow" waiting="0.00" lane="bottom_0" pos="2.12" speed="5.45" angle="90.67" x="68.31" y="-4.78"/>
        <vehicle id="cfm-slow_1" eclass="HBEFA3/PC_G_EU4" CO2="21538.98" CO="470.21" HC="2.67" NOx="9.98" PMx="0.53" fuel="9.26" electricity="0.00" noise="118.09" route="routebottom" type="cfm-slow" waiting="0.00" lane="bottom_0" pos="17.95" speed="5.45" angle="62.20" x="100.37" y="5.69"/>
        <vehicle id="cfm-slow_2" eclass="HBEFA3/PC_G_EU4" CO2="21538.98" CO="470.21" HC="2.67" NOx="9.98" PMx="0.53" fuel="9.26" electricity="0.00" noise="118.09" route="routebottom" type="cfm-slow" waiting="0.00" lane="bottom_0" pos="33.78" speed="5.45" angle="33.73" x="123.53" y="30.18"/>
        <vehicle id="cfm-slow_3" eclass="HBEFA3/PC_G_EU4" CO2="21538.98" CO="470.21" HC="2.67" NOx="9.98" PMx="0.53" fuel="9.26" electricity="0.00" noise="118.09" route="routebottom" type="cfm-slow" waiting="0.00" lane="bottom_0" pos="49.62" speed="5.45" angle="5.22" x="132.25" y="62.75"/>
        <vehicle id="cfm-slow_4" eclass="HBEFA3/PC_G_EU4" CO2="21538.98" CO="470.21" HC="2.67" NOx="9.98" PMx="0.53" fuel="9.26" electricity="0.00" noise="118.09" route="routeright" type="cfm-slow" waiting="0.00" lane="right_0" pos="15.45" speed="5.45" angle="336.64" x="124.33" y="95.71"/>
        <vehicle id="cfm-slow_5" eclass="HBEFA3/PC_G_EU4" CO2="21538.98" CO="470.21" HC="2.67" NOx="9.98" PMx="0.53" fuel="9.26" electricity="0.00" noise="118.09" route="routeright" type="cfm-slow" waiting="0.00" lane="right_0" pos="31.28" speed="5.45" angle="308.22" x="101.73" y="120.73"/>
    </timestep>
    <timestep time="0.41">
        <vehicle id="cfm-fast_0" eclass="HBEFA3/PC_G_EU4" CO2="22017.82" CO="478.28" HC="2.72" NOx="10.20" PMx="0.55" fuel="9.46" electricity="0.00" noise="118.15" route="routeright" type="cfm-fast" waiting="0.00" lane="right_0" pos="47.17" speed="5.59" angle="279.66" x="69.83" y="131.99"/>
        <vehicle id="cfm-fast_1" eclass="HBEFA3/PC_G_EU4" CO2="22017.82" CO="478.28" HC="2.72" NOx="10.20" PMx="0.55" fuel="9.46" electricity="0.00" noise="118.15" route="routetop" type="cfm-fast" waiting="0.00" lane="top_0" pos="13.01" speed="5.59" angle="251.07" x="36.36" y="126.60"/>
        <vehicle id="cfm-fast_2" eclass="HBEFA3/PC_G_EU4" CO2="22017.82" CO="478.28" HC="2.72" NOx="10.20" PMx="0.55" fuel="9.46" electricity="0.00" noise="118.15" route="routetop" type="cfm-fast" waiting="0.00" lane="top_0" pos="28.84" speed="5.59" angle="222.59" x="9.68" y="105.99"/>
        <vehicle id="cfm-fast_3" eclass="HBEFA3/PC_G_EU4" CO2="22017.82" CO="478.28" HC="2.72" NOx="10.20" PMx="0.55" fuel="9.46" electricity="0.00" noise="118.15" route="routetop" type="cfm-fast" waiting="0.00" lane="top_0" pos="44.67" speed="5.59" angle="194.13" x="-3.98" y="75.16"/>
        <vehicle id="cfm-fast_4" eclass="HBEFA3/PC_G_EU4" CO2="22017.82" CO="478.28" HC="2.72" NOx="10.20" PMx="0.55" fuel="9.46" electricity="0.00" noise="118.15" route="routeleft" type="cfm-fast" waiting="0.00" lane="left_0" pos="10.51" speed="5.59" angle="165.52" x="-1.22" y="41.37"/>
        <vehicle id="cfm-fast_5" eclass="HBEFA3/PC_G_EU4" CO2="22017.82" CO="478.28" HC="2.72" NOx="10.20" PMx="0.55" fuel="9.46" electricity="0.00" noise="118.15" route="routeleft" type="cfm-fast" waiting="0.00" lane="left_0" pos="26.34" speed="5.59" angle="137.09" x="17.24" y="13.16"/>
        <vehicle id="cfm-slow_0" eclass="HBEFA3/PC_G_EU4" CO2="22017.82" CO="478.28" HC="2.72" NOx="10.20" PMx="0.55" fuel="9.46" electricity="0.00" noise="118.15" route="routebottom" type="cfm-slow" waiting="0.00" lane="bottom_0" pos="2.17" speed="5.59" angle="90.57" x="68.43" y="-4.77"/>
        <vehicle id="cfm-slow_1" eclass="HBEFA3/PC_G_EU4" CO2="22017.82" CO="478.28" HC="2.72" NOx="10.20" PMx="0.55" fuel="9.46" electricity="0.00" noise="118.15" route="routebottom" type="cfm-slow" waiting="0.00" lane="bottom_0" pos="18.01" speed="5.59" angle="62.09" x="100.47" y="5.75"/>
        <vehicle id="cfm-slow_2" eclass="HBEFA3/PC_G_EU4" CO2="22017.82" CO="478.28" HC="2.72" NOx="10.20" PMx="0.55" fuel="9.46" electricity="0.00" noise="118.15" route="routebottom" type="cfm-slow" waiting="0.00" lane="bottom_0" pos="33.84" speed="5.59" angle="33.63" x="123.59" y="30.29"/>
        <vehicle id="cfm-slow_3" eclass="HBEFA3/PC_G_EU4" CO2="22017.82" CO="478.28" HC="2.72" NOx="10.20" PMx="0.55" fuel="9.46" electricity="0.00" noise="118.15" route="routebottom" type="cfm-slow" waiting="0.00" lane="bottom_0" pos="49.67" speed="5.59" angle="5.11" x="132.26" y="62.87"/>
        <vehicle id="cfm-slow_4" eclass="HBEFA3/PC_G_EU4" CO2="22017.82" CO="478.28" HC="2.72" NOx="10.20" PMx="0.55" fuel="9.46" electricity="0.00" noise="118.15" route="routeright" type="cfm-slow" waiting="0.00" lane="right_0" pos="15.51" speed="5.59" angle="336.54" x="124.27" y="95.81"/>
        <vehicle id="cfm-slow_5" eclass="HBEFA3/PC_G_EU4" CO2="22017.82" CO="478.28" HC="2.72" NOx="10.20" PMx="0.55" fuel="9.46" electricity="0.00" noise="118.15" route="routeright" type="cfm-slow" waiting="0.00" lane="right_0" pos="31.34" speed="5.59" angle="308.11" x="101.63" y="120.80"/>
    </timestep>
    <timestep time="0.42">
        <vehicle id="cfm-fast_0" eclass="HBEFA3/PC_G_EU4" CO2="22496.95" CO="486.38" HC="2.77" NOx="10.43" PMx="0.56" fuel="9.67" electricity="0.00" noise="118.20" route="routeright" type="cfm-fast" waiting="0.00" lane="right_0" pos="47.23" speed="5.73" angle="279.56" x="69.71" y="132.01"/>
        <vehicle id="cfm-fast_1" eclass="HBEFA3/PC_G_EU4" CO2="22496.95" CO="486.38" HC="2.77" NOx="10.43" PMx="0.56" fuel="9.67" electricity="0.00" noise="118.20" route="routetop" type="cfm-fast" waiting="0.00" lane="top_0" pos="13.06" speed="5.73" angle="250.96" x="36.25" y="126.55"/>
        <vehicle id="cfm-fast_2" eclass="HBEFA3/PC_G_EU4" CO2="22496.95" CO="486.38" HC="2.77" NOx="10.43" PMx="0.56" fuel="9.67" electricity="0.00" noise="118.20" route="routetop" type="cfm-fast" waiting="0.00" lane="top_0" pos="28.90" speed="5.73" angle="222.49" x="9.60" y="105.89"/>
        <vehicle id="cfm-fast_3" eclass="HBEFA3/PC_G_EU4" CO2="22496.95" CO="486.38" HC="2.77" NOx="10.43" PMx="0.56" fuel="9.67" electricity="0.00" noise="118.20" route="routetop" type="cfm-fast" waiting="0.00" lane="top_0" pos="44.73" speed="5.73" angle="194.03" x="-4.00" y="75.04"/>
        <vehicle id="cfm-fast_4" eclass="HBEFA3/PC_G_EU4" CO2="22496.95" CO="486.38" HC="2.77" NOx="10.43" PMx="0.56" fuel="9.67" electricity="0.00" noise="118.20" route="routeleft" type="cfm-fast" waiting="0.00" lane="left_0" pos="10.56" speed="5.73" angle="165.42" x="-1.18" y="41.26"/>
        <vehicle id="cfm-fast_5" eclass="HBEFA3/PC_G_EU4" CO2="22496.95" CO="486.38" HC="2.77" NOx="10.43" PMx="0.56" fuel="9.67" electricity="0.00" noise="118.20" route="routeleft" type="cfm-fast" waiting="0.00" lane="left_0" pos="26.40" speed="5.73" angle="136.99" x="17.33" y="13.08"/>
        <vehicle id="cfm-slow_0" eclass="HBEFA3/PC_G_EU4" CO2="22496.95" CO="486.38" HC="2.77" NOx="10.43" PMx="0.56" fuel="9.67" electricity="0.00" noise="118.20" route="routebottom" type="cfm-slow" waiting="0.00" lane="bottom_0" pos="2.23" speed="5.73" angle="90.47" x="68.56" y="-4.77"/>
        <vehicle id="cfm-slow_1" eclass="HBEFA3/PC_G_EU4" CO2="22496.95" CO="486.38" HC="2.77" NOx="10.43" PMx="0.56" fuel="9.67" electricity="0.00" noise="118.20" route="routebottom" type="cfm-slow" waiting="0.00" lane="bottom_0" pos="18.06" speed="5.73" angle="61.98" x="100.57" y="5.82"/>
        <vehicle id="cfm-slow_2" eclass="HBEFA3/PC_G_EU4" CO2="22496.95" CO="486.38" HC="2.77" NOx="10.43" PMx="0.56" fuel="9.67" electricity="0.00" noise="118.20" route="routebottom" type="cfm-slow" waiting="0.00" lane="bottom_0" pos="33.90" speed="5.73" angle="33.52" x="123.65" y="30.40"/>
        <vehicle id="cfm-slow_3" eclass="HBEFA3/PC_G_EU4" CO2="22496.95" CO="486.38" HC="2.77" NOx="10.43" PMx="0.56" fuel="9.67" electricity="0.00" noise="118.20" route="routebottom" type="cfm-slow" waiting="0.00" lane="bottom_0" pos="49.73" speed="5.73" angle="5.01" x="132.26" y="62.99"/>
        <vehicle id="cfm-slow_4" eclass="HBEFA3/PC_G_EU4" CO2="22496.95" CO="486.38" HC="2.77" NOx="10.43" PMx="0.56" fuel="9.67" electricity="0.00" noise="118.20" route="routeright" type="cfm-slow" waiting="0.00" lane="right_0" pos="15.56" speed="5.73" angle="336.43" x="124.21" y="95.92"/>
        <vehicle id="cfm-slow_5" eclass="HBEFA3/PC_G_EU4" CO2="22496.95" CO="486.38" HC="2.77" NOx="10.43" PMx="0.56" fuel="9.67" electricity="0.00" noise="118.20" route="routeright" type="cfm-slow" waiting="0.00" lane="right_0" pos="31.40" speed="5.73" angle="308.01" x="101.53" y="120.86"/>
    </timestep>
    <timestep time="0.43">
        <vehicle id="cfm-fast_0" eclass="HBEFA3/PC_G_EU4" CO2="22976.38" CO="494.50" HC="2.82" NOx="10.65" PMx="0.57" fuel="9.88" electricity="0.00" noise="118.26" route="routeright" type="cfm-fast" waiting="0.00" lane="right_0" pos="47.29" speed="5.86" angle="279.45" x="69.58" y="132.02"/>
        <vehicle id="cfm-fast_1" eclass="HBEFA3/PC_G_EU4" CO2="22976.38" CO="494.50" HC="2.82" NOx="10.65" PMx="0.57" fuel="9.88" electricity="0.00" noise="118.26" route="routetop" type="cfm-fast" waiting="0.00" lane="top_0" pos="13.12" speed="5.86" angle="250.86" x="36.13" y="126.50"/>
        <vehicle id="cfm-fast_2" eclass="HBEFA3/PC_G_EU4" CO2="22976.38" CO="494.50" HC="2.82" NOx="10.65" PMx="0.57" fuel="9.88" electricity="0.00" noise="118.26" route="routetop" type="cfm-fast" waiting="0.00" lane="top_0" pos="28.96" speed="5.86" angle="222.38" x="9.53" y="105.79"/>
        <vehicle id="cfm-fast_3" eclass="HBEFA3/PC_G_EU4" CO2="22976.38" CO="494.50" HC="2.82" NOx="10.65" PMx="0.57" fuel="9.88" electricity="0.00" noise="118.26" route="routetop" type="cfm-fast" waiting="0.00" lane="top_0" pos="44.79" speed="5.86" angle="193.93" x="-4.02" y="74.92"/>
        <vehicle id="cfm-fast_4" eclass="HBEFA3/PC_G_EU4" CO2="22976.38" CO="494.50" HC="2.82" NOx="10.65" PMx="0.57" fuel="9.88" electricity="0.00" noise="118.26" route="routeleft" type="cfm-fast" waiting="0.00" lane="left_0" pos="10.62" speed="5.86" angle="165.31" x="-1.14" y="41.14"/>
        <vehicle id="cfm-fast_5" eclass="HBEFA3/PC_G_EU4" CO2="22976.38" CO="494.50" HC="2.82" NOx="10.65" PMx="0.57" fuel="9.88" electricity="0.00" noise="118.26" route="routeleft" type="cfm-fast" waiting="0.00" lane="left_0" pos="26.46" speed="5.86" angle="136.88" x="17.42" y="12.99"/>
        <vehicle id="cfm-slow_0" eclass="HBEFA3/PC_G_EU4" CO2="22976.38" CO="494.50" HC="2.82" NOx="10.65" PMx="0.57" fuel="9.88" electricity="0.00" noise="118.26" route="routebottom" type="cfm-slow" waiting="0.00" lane="bottom_0" pos="2.29" speed="5.86" angle="90.37" x="68.68" y="-4.76"/>
        <vehicle id="cfm-slow_1" eclass="HBEFA3/PC_G_EU4" CO2="22976.38" CO="494.50" HC="2.82" NOx="10.65" PMx="0.57" fuel="9.88" electricity="0.00" noise="118.26" route="routebottom" type="cfm-slow" waiting="0.00" lane="bottom_0" pos="18.12" speed="5.86" angle="61.87" x="100.67" y="5.89"/>
        <vehicle id="cfm-slow_2" eclass="HBEFA3/PC_G_EU4" CO2="22976.38" CO="494.50" HC="2.82" NOx="10.65" PMx="0.57" fuel="9.88" electricity="0.00" noise="118.26" route="routebottom" type="cfm-slow" waiting="0.00" lane="bottom_0" pos="33.96" speed="5.86" angle="33.41" x="123.71" y="30.51"/>
        <vehicle id="cfm-slow_3" eclass="HBEFA3/PC_G_EU4" CO2="22976.38" CO="494.50" HC="2.82" NOx="10.65" PMx="0.57" fuel="9.88" electricity="0.00" noise="118.26" route="routebottom" type="cfm-slow" waiting="0.00" lane="bottom_0" pos="49.79" speed="5.86" angle="4.90" x="132.26" y="63.12"/>
        <vehicle id="cfm-slow_4" eclass="HBEFA3/PC_G_EU4" CO2="22976.38" CO="494.50" HC="2.82" NOx="10.65" PMx="0.57" fuel="9.88" electricity="0.00" noise="118.26" route="routeright" type="cfm-slow" waiting="0.00" lane="right_0" pos="15.62" speed="5.86" angle="336.33" x="124.15" y="96.03"/>
        <vehicle id="cfm-slow_5" eclass="HBEFA3/PC_G_EU4" CO2="22976.38" CO="494.50" HC="2.82" NOx="10.65" PMx="0.57" fuel="9.88" electricity="0.00" noise="118.26" route="routeright" type="cfm-slow" waiting="0.00" lane="right_0" pos="31.46" speed="5.86" angle="307.91" x="101.42" y="120.93"/>
    </timestep>
    <timestep time="0.44">
        <vehicle id="cfm-fast_0" eclass="HBEFA3/PC_G_EU4" CO2="23456.09" CO="502.65" HC="2.87" NOx="10.87" PMx="0.58" fuel="10.08" electricity="0.00" noise="118.32" route="routeright" type="cfm-fast" waiting="0.00" lane="right_0" pos="47.35" speed="6.00" angle="279.35" x="69.45" y="132.03"/>
        <vehicle id="cfm-fast_1" eclass="HBEFA3/PC_G_EU4" CO2="23456.09" CO="502.65" HC="2.87" NOx="10.87" PMx="0.58" fuel="10.08" electricity="0.00" noise="118.32" route="routetop" type="cfm-fast" waiting="0.00" lane="top_0" pos="13.18" speed="6.00" angle="250.75" x="36.02" y="126.45"/>
        <vehicle id="cfm-fast_2" eclass="HBEFA3/PC_G_EU4" CO2="23456.09" CO="502.65" HC="2.87" NOx="10.87" PMx="0.58" fuel="10.08" electricity="0.00" noise="118.32" route="routetop" type="cfm-fast" waiting="0.00" lane="top_0" pos="29.02" speed="6.00" angle="222.27" x="9.45" y="105.69"/>
        <vehicle id="cfm-fast_3" eclass="HBEFA3/PC_G_EU4" CO2="23456.09" CO="502.65" HC="2.87" NOx="10.87" PMx="0.58" fuel="10.08" electricity="0.00" noise="118.32" route="routetop" type="cfm-fast" waiting="0.00" lane="top_0" pos="44.85" speed="6.00" angle="193.85" x="-4.05" y="74.79"/>
        <vehicle id="cfm-fast_4" eclass="HBEFA3/PC_G_EU4" CO2="23456.09" CO="502.65" HC="2.87" NOx="10.87" PMx="0.58" fuel="10.08" electricity="0.00" noise="118.32" route="routeleft" type="cfm-fast" waiting="0.00" lane="left_0" pos="10.68" speed="6.00" angle="165.20" x="-1.09" y="41.02"/>
        <vehicle id="cfm-fast_5" eclass="HBEFA3/PC_G_EU4" CO2="23456.09" CO="502.65" HC="2.87" NOx="10.87" PMx="0.58" fuel="10.08" electricity="0.00" noise="118.32" route="routeleft" type="cfm-fast" waiting="0.00" lane="left_0" pos="26.52" speed="6.00" angle="136.77" x="17.52" y="12.90"/>
        <vehicle id="cfm-slow_0" eclass="HBEFA3/PC_G_EU4" CO2="23412.04" CO="501.74" HC="2.86" NOx="10.85" PMx="0.58" fuel="10.06" electricity="0.00" noise="118.20" route="routebottom" type="cfm-slow" waiting="0.00" lane="bottom_0" pos="2.35" speed="6.00" angle="90.26" x="68.81" y="-4.75"/>
        <vehicle id="cfm-slow_1" eclass="HBEFA3/PC_G_EU4" CO2="23412.04" CO="501.74" HC="2.86" NOx="10.85" PMx="0.58" fuel="10.06" electricity="0.00" noise="118.20" route="routebottom" type="cfm-slow" waiting="0.00" lane="bottom_0" pos="18.18" speed="6.00" angle="61.76" x="100.78" y="5.96"/>
        <vehicle id="cfm-slow_2" eclass="HBEFA3/PC_G_EU4" CO2="23412.04" CO="501.74" HC="2.86" NOx="10.85" PMx="0.58" fuel="10.06" electricity="0.00" noise="118.20" route="routebottom" type="cfm-slow" waiting="0.00" lane="bottom_0" pos="34.02" speed="6.00" angle="33.30" x="123.78" y="30.62"/>
        <vehicle id="cfm-slow_3" eclass="HBEFA3/PC_G_EU4" CO2="23412.04" CO="501.74" HC="2.86" NOx="10.85" PMx="0.58" fuel="10.06" electricity="0.00" noise="118.20" route="routebottom" type="cfm-slow" waiting="0.00" lane="bottom_0" pos="49.85" speed="6.00" angle="4.78" x="132.26" y="63.25"/>
        <vehicle id="cfm-slow_4" eclass="HBEFA3/PC_G_EU4" CO2="23412.04" CO="501.74" HC="2.86" NOx="10.85" PMx="0.58" fuel="10.06" electricity="0.00" noise="118.20" route="routeright" type="cfm-slow" waiting="0.00" lane="right_0" pos="15.68" speed="6.00" angle="336.22" x="124.09" y="96.14"/>
        <vehicle id="cfm-slow_5" eclass="HBEFA3/PC_G_EU4" CO2="23412.04" CO="501.74" HC="2.86" NOx="10.85" PMx="0.58" fuel="10.06" electricity="0.00" noise="118.20" route="routeright" type="cfm-slow" waiting="0.00" lane="right_0" pos="31.52" speed="6.00" angle="307.80" x="101.32" y="121.01"/>
    </timestep>
    <timestep time="0.45">
        <vehicle id="cfm-fast_0" eclass="HBEFA3/PC_G_EU4" CO2="23936.10" CO="510.81" HC="2.91" NOx="11.09" PMx="0.59" fuel="10.29" electricity="0.00" noise="118.38" route="routeright" type="cfm-fast" waiting="0.00" lane="right_0" pos="47.41" speed="6.14" angle="279.26" x="69.32" y="132.05"/>
        <vehicle id="cfm-fast_1" eclass="HBEFA3/PC_G_EU4" CO2="23936.10" CO="510.81" HC="2.91" NOx="11.09" PMx="0.59" fuel="10.29" electricity="0.00" noise="118.38" route="routetop" type="cfm-fast" waiting="0.00" lane="top_0" pos="13.24" speed="6.14" angle="250.64" x="35.90" y="126.40"/>
        <vehicle id="cfm-fast_2" eclass="HBEFA3/PC_G_EU4" CO2="23936.10" CO="510.81" HC="2.91" NOx="11.09" PMx="0.59" fuel="10.29" electricity="0.00" noise="118.38" route="routetop" type="cfm-fast" waiting="0.00" lane="top_0" pos="29.08" speed="6.14" angle="222.16" x="9.37" y="105.59"/>
        <vehicle id="cfm-fast_3" eclass="HBEFA3/PC_G_EU4" CO2="23936.10" CO="510.81" HC="2.91" NOx="11.09" PMx="0.59" fuel="10.29" electricity="0.00" noise="118.38" route="routetop" type="cfm-fast" waiting="0.00" lane="top_0" pos="44.91" speed="6.14" angle="193.77" x="-4.07" y="74.66"/>
        <vehicle id="cfm-fast_4" eclass="HBEFA3/PC_G_EU4" CO2="23936.10" CO="510.81" HC="2.91" NOx="11.09" PMx="0.59" fuel="10.29" electricity="0.00" noise="118.38" route="routeleft" type="cfm-fast" waiting="0.00" lane="left_0" pos="10.74" speed="6.14" angle="165.08" x="-1.05" y="40.89"/>
        <vehicle id="cfm-fast_5" eclass="HBEFA3/PC_G_EU4" CO2="23936.10" CO="510.81" HC="2.91" NOx="11.09" PMx="0.59" fuel="10.29" electricity="0.00" noise="118.38" route="routeleft" type="cfm-fast" waiting="0.00" lane="left_0" pos="26.58" speed="6.14" angle="136.65" x="17.61" y="12.81"/>
        <vehicle id="cfm-slow_0" eclass="HBEFA3/PC_G_EU4" CO2="23687.92" CO="505.72" HC="2.89" NOx="10.98" PMx="0.59" fuel="10.18" electricity="0.00" noise="117.71" route="routebottom" type="cfm-slow" waiting="0.00" lane="bottom_0" pos="2.41" speed="6.13" angle="90.15" x="68.94" y="-4.74"/>
        <vehicle id="cfm-slow_1" eclass="HBEFA3/PC_G_EU4" CO2="23687.92" CO="505.72" HC="2.89" NOx="10.98" PMx="0.59" fuel="10.18" electricity="0.00" noise="117.71" route="routebottom" type="cfm-slow" waiting="0.00" lane="bottom_0" pos="18.24" speed="6.13" angle="61.65" x="100.89" y="6.04"/>
        <vehicle id="cfm-slow_2" eclass="HBEFA3/PC_G_EU4" CO2="23687.92" CO="505.72" HC="2.89" NOx="10.98" PMx="0.59" fuel="10.18" electricity="0.00" noise="117.71" route="routebottom" type="cfm-slow" waiting="0.00" lane="bottom_0" pos="34.08" speed="6.13" angle="33.19" x="123.84" y="30.74"/>
        <vehicle id="cfm-slow_3" eclass="HBEFA3/PC_G_EU4" CO2="23687.92" CO="505.72" HC="2.89" NOx="10.98" PMx="0.59" fuel="10.18" electricity="0.00" noise="117.71" route="routebottom" type="cfm-slow" waiting="0.00" lane="bottom_0" pos="49.91" speed="6.13" angle="4.67" x="132.27" y="63.38"/>
        <vehicle id="cfm-slow_4" eclass="HBEFA3/PC_G_EU4" CO2="23687.92" CO="505.72" HC="2.89" NOx="10.98" PMx="0.59" fuel="10.18" electricity="0.00" noise="117.71" route="routeright" type="cfm-slow" waiting="0.00" lane="right_0" pos="15.74" speed="6.13" angle="336.11" x="124.02" y="96.26"/>
        <vehicle id="cfm-slow_5" eclass="HBEFA3/PC_G_EU4" CO2="23688.34" CO="505.73" HC="2.89" NOx="10.98" PMx="0.59" fuel="10.18" electricity="0.00" noise="117.71" route="routeright" type="cfm-slow" waiting="0.00" lane="right_0" pos="31.58" speed="6.13" angle="307.69" x="101.21" y="121.08"/>
    </timestep>
    <timestep time="0.46">
        <vehicle id="cfm-fast_0" eclass="HBEFA3/PC_G_EU4" CO2="24416.40" CO="518.99" HC="2.96" NOx="11.32" PMx="0.61" fuel="10.50" electricity="0.00" noise="118.43" route="routeright" type="cfm-fast" waiting="0.00" lane="right_0" pos="47.47" speed="6.27" angle="279.17" x="69.19" y="132.06"/>
        <vehicle id="cfm-fast_1" eclass="HBEFA3/PC_G_EU4" CO2="24416.40" CO="518.99" HC="2.96" NOx="11.32" PMx="0.61" fuel="10.50" electricity="0.00" noise="118.43" route="routetop" type="cfm-fast" waiting="0.00" lane="top_0" pos="13.31" speed="6.27" angle="250.52" x="35.77" y="126.34"/>
        <vehicle id="cfm-fast_2" eclass="HBEFA3/PC_G_EU4" CO2="24416.40" CO="518.99" HC="2.96" NOx="11.32" PMx="0.61" fuel="10.50" electricity="0.00" noise="118.43" route="routetop" type="cfm-fast" waiting="0.00" lane="top_0" pos="29.14" speed="6.27" angle="222.04" x="9.28" y="105.48"/>
        <vehicle id="cfm-fast_3" eclass="HBEFA3/PC_G_EU4" CO2="24416.40" CO="518.99" HC="2.96" NOx="11.32" PMx="0.61" fuel="10.50" electricity="0.00" noise="118.43" route="routetop" type="cfm-fast" waiting="0.00" lane="top_0" pos="44.97" speed="6.27" angle="193.65" x="-4.09" y="74.53"/>
        <vehicle id="cfm-fast_4" eclass="HBEFA3/PC_G_EU4" CO2="24416.40" CO="518.99" HC="2.96" NOx="11.32" PMx="0.61" fuel="10.50" electricity="0.00" noise="118.43" route="routeleft" type="cfm-fast" waiting="0.00" lane="left_0" pos="10.81" speed="6.27" angle="164.97" x="-1.00" y="40.77"/>
        <vehicle id="cfm-fast_5" eclass="HBEFA3/PC_G_EU4" CO2="24416.40" CO="518.99" HC="2.96" NOx="11.32" PMx="0.61" fuel="10.50" electricity="0.00" noise="118.43" route="routeleft" type="cfm-fast" waiting="0.00" lane="left_0" pos="26.64" speed="6.27" angle="136.54" x="17.71" y="12.72"/>
        <vehicle id="cfm-slow_0" eclass="HBEFA3/PC_G_EU4" CO2="23953.00" CO="509.51" HC="2.91" NOx="11.10" PMx="0.59" fuel="10.30" electricity="0.00" noise="117.23" route="routebottom" type="cfm-slow" waiting="0.00" lane="bottom_0" pos="2.47" speed="6.27" angle="90.04" x="69.08" y="-4.74"/>
        <vehicle id="cfm-slow_1" eclass="HBEFA3/PC_G_EU4" CO2="23953.00" CO="509.51" HC="2.91" NOx="11.10" PMx="0.59" fuel="10.30" electricity="0.00" noise="117.23" route="routebottom" type="cfm-slow" waiting="0.00" lane="bottom_0" pos="18.31" speed="6.27" angle="61.53" x="101.00" y="6.11"/>
        <vehicle id="cfm-slow_2" eclass="HBEFA3/PC_G_EU4" CO2="23953.00" CO="509.51" HC="2.91" NOx="11.10" PMx="0.59" fuel="10.30" electricity="0.00" noise="117.23" route="routebottom" type="cfm-slow" waiting="0.00" lane="bottom_0" pos="34.14" speed="6.27" angle="33.08" x="123.90" y="30.85"/>
        <vehicle id="cfm-slow_3" eclass="HBEFA3/PC_G_EU4" CO2="23953.00" CO="509.51" HC="2.91" NOx="11.10" PMx="0.59" fuel="10.30" electricity="0.00" noise="117.23" route="routebottom" type="cfm-slow" waiting="0.00" lane="bottom_0" pos="49.97" speed="6.27" angle="4.58" x="132.27" y="63.51"/>
        <vehicle id="cfm-slow_4" eclass="HBEFA3/PC_G_EU4" CO2="23953.00" CO="509.51" HC="2.91" NOx="11.10" PMx="0.59" fuel="10.30" electricity="0.00" noise="117.23" route="routeright" type="cfm-slow" waiting="0.00" lane="right_0" pos="15.81" speed="6.27" angle="336.00" x="123.96" y="96.38"/>
        <vehicle id="cfm-slow_5" eclass="HBEFA3/PC_G_EU4" CO2="23955.74" CO="509.57" HC="2.91" NOx="11.10" PMx="0.59" fuel="10.30" electricity="0.00" noise="117.23" route="routeright" type="cfm-slow" waiting="0.00" lane="right_0" pos="31.64" speed="6.27" angle="307.57" x="101.09" y="121.15"/>
    </timestep>
    <timestep time="0.47">
        <vehicle id="cfm-fast_0" eclass="HBEFA3/PC_G_EU4" CO2="24897.00" CO="527.20" HC="3.01" NOx="11.54" PMx="0.62" fuel="10.70" electricity="0.00" noise="118.49" route="routeright" type="cfm-fast" waiting="0.00" lane="right_0" pos="47.54" speed="6.41" angle="279.06" x="69.05" y="132.07"/>
        <vehicle id="cfm-fast_1" eclass="HBEFA3/PC_G_EU4" CO2="24897.00" CO="527.20" HC="3.01" NOx="11.54" PMx="0.62" fuel="10.70" electricity="0.00" noise="118.49" route="routetop" type="cfm-fast" waiting="0.00" lane="top_0" pos="13.37" speed="6.41" angle="250.40" x="35.65" y="126.28"/>
        <vehicle id="cfm-fast_2" eclass="HBEFA3/PC_G_EU4" CO2="24897.00" CO="527.20" HC="3.01" NOx="11.54" PMx="0.62" fuel="10.70" electricity="0.00" noise="118.49" route="routetop" type="cfm-fast" waiting="0.00" lane="top_0" pos="29.20" speed="6.41" angle="221.93" x="9.20" y="105.37"/>
        <vehicle id="cfm-fast_3" eclass="HBEFA3/PC_G_EU4" CO2="24897.00" CO="527.20" HC="3.01" NOx="11.54" PMx="0.62" fuel="10.70" electricity="0.00" noise="118.49" route="routetop" type="cfm-fast" waiting="0.00" lane="top_0" pos="45.04" speed="6.41" angle="193.53" x="-4.11" y="74.39"/>
        <vehicle id="cfm-fast_4" eclass="HBEFA3/PC_G_EU4" CO2="24897.00" CO="527.20" HC="3.01" NOx="11.54" PMx="0.62" fuel="10.70" electricity="0.00" noise="118.49" route="routeleft" type="cfm-fast" waiting="0.00" lane="left_0" pos="10.87" speed="6.41" angle="164.85" x="-0.96" y="40.64"/>
        <vehicle id="cfm-fast_5" eclass="HBEFA3/PC_G_EU4" CO2="24897.00" CO="527.20" HC="3.01" NOx="11.54" PMx="0.62" fuel="10.70" electricity="0.00" noise="118.49" route="routeleft" type="cfm-fast" waiting="0.00" lane="left_0" pos="26.70" speed="6.41" angle="136.42" x="17.81" y="12.63"/>
        <vehicle id="cfm-slow_0" eclass="HBEFA3/PC_G_EU4" CO2="24207.52" CO="513.11" HC="2.93" NOx="11.22" PMx="0.60" fuel="10.41" electricity="0.00" noise="116.75" route="routebottom" type="cfm-slow" waiting="0.00" lane="bottom_0" pos="2.54" speed="6.40" angle="89.94" x="69.22" y="-4.73"/>
        <vehicle id="cfm-slow_1" eclass="HBEFA3/PC_G_EU4" CO2="24207.52" CO="513.11" HC="2.93" NOx="11.22" PMx="0.60" fuel="10.41" electricity="0.00" noise="116.75" route="routebottom" type="cfm-slow" waiting="0.00" lane="bottom_0" pos="18.37" speed="6.40" angle="61.41" x="101.12" y="6.19"/>
        <vehicle id="cfm-slow_2" eclass="HBEFA3/PC_G_EU4" CO2="24207.52" CO="513.11" HC="2.93" NOx="11.22" PMx="0.60" fuel="10.41" electricity="0.00" noise="116.75" route="routebottom" type="cfm-slow" waiting="0.00" lane="bottom_0" pos="34.20" speed="6.40" angle="32.96" x="123.97" y="30.97"/>
        <vehicle id="cfm-slow_3" eclass="HBEFA3/PC_G_EU4" CO2="24207.52" CO="513.11" HC="2.93" NOx="11.22" PMx="0.60" fuel="10.41" electricity="0.00" noise="116.75" route="routebottom" type="cfm-slow" waiting="0.00" lane="right_0" pos="0.04" speed="6.40" angle="4.40" x="132.27" y="63.84"/>
        <vehicle id="cfm-slow_4" eclass="HBEFA3/PC_G_EU4" CO2="24207.55" CO="513.11" HC="2.93" NOx="11.22" PMx="0.60" fuel="10.41" electricity="0.00" noise="116.75" route="routeright" type="cfm-slow" waiting="0.00" lane="right_0" pos="15.87" speed="6.40" angle="335.88" x="123.89" y="96.50"/>
        <vehicle id="cfm-slow_5" eclass="HBEFA3/PC_G_EU4" CO2="24214.63" CO="513.26" HC="2.93" NOx="11.22" PMx="0.60" fuel="10.41" electricity="0.00" noise="116.77" route="routeright" type="cfm-slow" waiting="0.00" lane="right_0" pos="31.70" speed="6.40" angle="307.46" x="100.98" y="121.23"/>
    </timestep>
    <timestep time="0.48">
        <vehicle id="cfm-fast_0" eclass="HBEFA3/PC_G_EU4" CO2="25377.88" CO="535.43" HC="3.06" NOx="11.76" PMx="0.63" fuel="10.91" electricity="0.00" noise="118.55" route="routeright" type="cfm-fast" waiting="0.00" lane="right_0" pos="47.60" speed="6.55" angle="278.93" x="68.91" y="132.08"/>
        <vehicle id="cfm-fast_1" eclass="HBEFA3/PC_G_EU4" CO2="25377.88" CO="535.43" HC="3.06" NOx="11.76" PMx="0.63" fuel="10.91" electricity="0.00" noise="118.55" route="routetop" type="cfm-fast" waiting="0.00" lane="top_0" pos="13.44" speed="6.55" angle="250.29" x="35.52" y="126.23"/>
        <vehicle id="cfm-fast_2" eclass="HBEFA3/PC_G_EU4" CO2="25377.88" CO="535.43" HC="3.06" NOx="11.76" PMx="0.63" fuel="10.91" electricity="0.00" noise="118.55" route="routetop" type="cfm-fast" waiting="0.00" lane="top_0" pos="29.27" speed="6.55" angle="221.81" x="9.11" y="105.26"/>
        <vehicle id="cfm-fast_3" eclass="HBEFA3/PC_G_EU4" CO2="25377.88" CO="535.43" HC="3.06" NOx="11.76" PMx="0.63" fuel="10.91" electricity="0.00" noise="118.55" route="routetop" type="cfm-fast" waiting="0.00" lane="top_0" pos="45.10" speed="6.55" angle="193.41" x="-4.13" y="74.25"/>
        <vehicle id="cfm-fast_4" eclass="HBEFA3/PC_G_EU4" CO2="25377.88" CO="535.43" HC="3.06" NOx="11.76" PMx="0.63" fuel="10.91" electricity="0.00" noise="118.55" route="routeleft" type="cfm-fast" waiting="0.00" lane="left_0" pos="10.94" speed="6.55" angle="164.73" x="-0.91" y="40.50"/>
        <vehicle id="cfm-fast_5" eclass="HBEFA3/PC_G_EU4" CO2="25377.88" CO="535.43" HC="3.06" NOx="11.76" PMx="0.63" fuel="10.91" electricity="0.00" noise="118.55" route="routeleft" type="cfm-fast" waiting="0.00" lane="left_0" pos="26.77" speed="6.55" angle="136.30" x="17.92" y="12.53"/>
        <vehicle id="cfm-slow_0" eclass="HBEFA3/PC_G_EU4" CO2="24451.72" CO="516.53" HC="2.95" NOx="11.33" PMx="0.61" fuel="10.51" electricity="0.00" noise="116.27" route="routebottom" type="cfm-slow" waiting="0.00" lane="bottom_0" pos="2.60" speed="6.53" angle="89.83" x="69.36" y="-4.71"/>
        <vehicle id="cfm-slow_1" eclass="HBEFA3/PC_G_EU4" CO2="24451.72" CO="516.53" HC="2.95" NOx="11.33" PMx="0.61" fuel="10.51" electricity="0.00" noise="116.27" route="routebottom" type="cfm-slow" waiting="0.00" lane="bottom_0" pos="18.44" speed="6.53" angle="61.29" x="101.23" y="6.27"/>
        <vehicle id="cfm-slow_2" eclass="HBEFA3/PC_G_EU4" CO2="24451.72" CO="516.53" HC="2.95" NOx="11.33" PMx="0.61" fuel="10.51" electricity="0.00" noise="116.27" route="routebottom" type="cfm-slow" waiting="0.00" lane="bottom_0" pos="34.27" speed="6.53" angle="32.84" x="124.04" y="31.10"/>
        <vehicle id="cfm-slow_3" eclass="HBEFA3/PC_G_EU4" CO2="24451.72" CO="516.53" HC="2.95" NOx="11.33" PMx="0.61" fuel="10.51" electricity="0.00" noise="116.27" route="routebottom" type="cfm-slow" waiting="0.00" lane="right_0" pos="0.10" speed="6.53" angle="4.28" x="132.27" y="63.98"/>
        <vehicle id="cfm-slow_4" eclass="HBEFA3/PC_G_EU4" CO2="24451.82" CO="516.53" HC="2.95" NOx="11.33" PMx="0.61" fuel="10.51" electricity="0.00" noise="116.27" route="routeright" type="cfm-slow" waiting="0.00" lane="right_0" pos="15.94" speed="6.53" angle="335.76" x="123.82" y="96.62"/>
        <vehicle id="cfm-slow_5" eclass="HBEFA3/PC_G_EU4" CO2="24465.36" CO="516.81" HC="2.95" NOx="11.33" PMx="0.61" fuel="10.52" electricity="0.00" noise="116.31" route="routeright" type="cfm-slow" waiting="0.00" lane="right_0" pos="31.77" speed="6.53" angle="307.34" x="100.86" y="121.31"/>
    </timestep>
    <timestep time="0.49">
        <vehicle id="cfm-fast_0" eclass="HBEFA3/PC_G_EU4" CO2="25859.06" CO="543.68" HC="3.11" NOx="11.99" PMx="0.64" fuel="11.12" electricity="0.00" noise="118.61" route="routeright" type="cfm-fast" waiting="0.00" lane="right_0" pos="47.67" speed="6.68" angle="278.81" x="68.77" y="132.08"/>
        <vehicle id="cfm-fast_1" eclass="HBEFA3/PC_G_EU4" CO2="25859.06" CO="543.68" HC="3.11" NOx="11.99" PMx="0.64" fuel="11.12" electricity="0.00" noise="118.61" route="routetop" type="cfm-fast" waiting="0.00" lane="top_0" pos="13.50" speed="6.68" angle="250.16" x="35.39" y="126.17"/>
        <vehicle id="cfm-fast_2" eclass="HBEFA3/PC_G_EU4" CO2="25859.06" CO="543.68" HC="3.11" NOx="11.99" PMx="0.64" fuel="11.12" electricity="0.00" noise="118.61" route="routetop" type="cfm-fast" waiting="0.00" lane="top_0" pos="29.34" speed="6.68" angle="221.69" x="9.02" y="105.15"/>
        <vehicle id="cfm-fast_3" eclass="HBEFA3/PC_G_EU4" CO2="25859.06" CO="543.68" HC="3.11" NOx="11.99" PMx="0.64" fuel="11.12" electricity="0.00" noise="118.61" route="routetop" type="cfm-fast" waiting="0.00" lane="top_0" pos="45.17" speed="6.68" angle="193.29" x="-4.15" y="74.11"/>
        <vehicle id="cfm-fast_4" eclass="HBEFA3/PC_G_EU4" CO2="25859.06" CO="543.68" HC="3.11" NOx="11.99" PMx="0.64" fuel="11.12" electricity="0.00" noise="118.61" route="routeleft" type="cfm-fast" waiting="0.00" lane="left_0" pos="11.00" speed="6.68" angle="164.60" x="-0.86" y="40.37"/>
        <vehicle id="cfm-fast_5" eclass="HBEFA3/PC_G_EU4" CO2="25859.06" CO="543.68" HC="3.11" NOx="11.99" PMx="0.64" fuel="11.12" electricity="0.00" noise="118.61" route="routeleft" type="cfm-fast" waiting="0.00" lane="left_0" pos="26.84" speed="6.68" angle="136.20" x="18.02" y="12.44"/>
        <vehicle id="cfm-slow_0" eclass="HBEFA3/PC_G_EU4" CO2="24685.85" CO="519.77" HC="2.97" NOx="11.43" PMx="0.61" fuel="10.61" electricity="0.00" noise="115.80" route="routebottom" type="cfm-slow" waiting="0.00" lane="bottom_0" pos="2.67" speed="6.66" angle="89.71" x="69.50" y="-4.70"/>
        <vehicle id="cfm-slow_1" eclass="HBEFA3/PC_G_EU4" CO2="24685.85" CO="519.77" HC="2.97" NOx="11.43" PMx="0.61" fuel="10.61" electricity="0.00" noise="115.80" route="routebottom" type="cfm-slow" waiting="0.00" lane="bottom_0" pos="18.50" speed="6.66" angle="61.16" x="101.35" y="6.34"/>
        <vehicle id="cfm-slow_2" eclass="HBEFA3/PC_G_EU4" CO2="24685.85" CO="519.77" HC="2.97" NOx="11.43" PMx="0.61" fuel="10.61" electricity="0.00" noise="115.80" route="routebottom" type="cfm-slow" waiting="0.00" lane="bottom_0" pos="34.34" speed="6.66" angle="32.72" x="124.11" y="31.22"/>
        <vehicle id="cfm-slow_3" eclass="HBEFA3/PC_G_EU4" CO2="24685.85" CO="519.77" HC="2.97" NOx="11.43" PMx="0.61" fuel="10.61" electricity="0.00" noise="115.80" route="routebottom" type="cfm-slow" waiting="0.00" lane="right_0" pos="0.17" speed="6.66" angle="4.16" x="132.26" y="64.13"/>
        <vehicle id="cfm-slow_4" eclass="HBEFA3/PC_G_EU4" CO2="24686.08" CO="519.77" HC="2.97" NOx="11.43" PMx="0.61" fuel="10.61" electricity="0.00" noise="115.80" route="routeright" type="cfm-slow" waiting="0.00" lane="right_0" pos="16.00" speed="6.66" angle="335.64" x="123.75" y="96.74"/>
        <vehicle id="cfm-slow_5" eclass="HBEFA3/PC_G_EU4" CO2="24708.28" CO="520.23" HC="2.98" NOx="11.44" PMx="0.61" fuel="10.62" electricity="0.00" noise="115.86" route="routeright" type="cfm-slow" waiting="0.00" lane="right_0" pos="31.84" speed="6.66" angle="307.22" x="100.74" y="121.39"/>
    </timestep>
    <timestep time="0.50">
        <vehicle id="cfm-fast_0" eclass="HBEFA3/PC_G_EU4" CO2="26340.53" CO="551.95" HC="3.16" NOx="12.21" PMx="0.65" fuel="11.32" electricity="0.00" noise="118.66" route="routeright" type="cfm-fast" waiting="0.00" lane="right_0" pos="47.74" speed="6.82" angle="278.68" x="68.62" y="132.09"/>
        <vehicle id="cfm-fast_1" eclass="HBEFA3/PC_G_EU4" CO2="26340.53" CO="551.95" HC="3.16" NOx="12.21" PMx="0.65" fuel="11.32" electricity="0.00" noise="118.66" route="routetop" type="cfm-fast" waiting="0.00" lane="top_0" pos="13.57" speed="6.82" angle="250.04" x="35.25" y="126.11"/>
        <vehicle id="cfm-fast_2" eclass="HBEFA3/PC_G_EU4" CO2="26340.53" CO="551.95" HC="3.16" NOx="12.21" PMx="0.65" fuel="11.32" electricity="0.00" noise="118.66" route="routetop" type="cfm-fast" waiting="0.00" lane="top_0" pos="29.41" speed="6.82" angle="221.58" x="8.93" y="105.03"/>
        <vehicle id="cfm-fast_3" eclass="HBEFA3/PC_G_EU4" CO2="26340.53" CO="551.95" HC="3.16" NOx="12.21" PMx="0.65" fuel="11.32" electricity="0.00" noise="118.66" route="routetop" type="cfm-fast" waiting="0.00" lane="top_0" pos="45.24" speed="6.82" angle="193.16" x="-4.17" y="73.97"/>
        <vehicle id="cfm-fast_4" eclass="HBEFA3/PC_G_EU4" CO2="26340.53" CO="551.95" HC="3.16" NOx="12.21" PMx="0.65" fuel="11.32" electricity="0.00" noise="118.66" route="routeleft" type="cfm-fast" waiting="0.00" lane="left_0" pos="11.07" speed="6.82" angle="164.47" x="-0.81" y="40.23"/>
        <vehicle id="cfm-fast_5" eclass="HBEFA3/PC_G_EU4" CO2="26340.53" CO="551.95" HC="3.16" NOx="12.21" PMx="0.65" fuel="11.32" electricity="0.00" noise="118.66" route="routeleft" type="cfm-fast" waiting="0.00" lane="left_0" pos="26.91" speed="6.82" angle="136.10" x="18.13" y="12.34"/>
        <vehicle id="cfm-slow_0" eclass="HBEFA3/PC_G_EU4" CO2="24910.14" CO="522.83" HC="2.99" NOx="11.54" PMx="0.62" fuel="10.71" electricity="0.00" noise="115.34" route="routebottom" type="cfm-slow" waiting="0.00" lane="bottom_0" pos="2.74" speed="6.79" angle="89.58" x="69.64" y="-4.68"/>
        <vehicle id="cfm-slow_1" eclass="HBEFA3/PC_G_EU4" CO2="24910.14" CO="522.83" HC="2.99" NOx="11.54" PMx="0.62" fuel="10.71" electricity="0.00" noise="115.34" route="routebottom" type="cfm-slow" waiting="0.00" lane="bottom_0" pos="18.57" speed="6.79" angle="61.03" x="101.48" y="6.43"/>
        <vehicle id="cfm-slow_2" eclass="HBEFA3/PC_G_EU4" CO2="24910.14" CO="522.83" HC="2.99" NOx="11.54" PMx="0.62" fuel="10.71" electricity="0.00" noise="115.34" route="routebottom" type="cfm-slow" waiting="0.00" lane="bottom_0" pos="34.40" speed="6.79" angle="32.59" x="124.18" y="31.35"/>
        <vehicle id="cfm-slow_3" eclass="HBEFA3/PC_G_EU4" CO2="24910.14" CO="522.83" HC="2.99" NOx="11.54" PMx="0.62" fuel="10.71" electricity="0.00" noise="115.34" route="routebottom" type="cfm-slow" waiting="0.00" lane="right_0" pos="0.24" speed="6.79" angle="4.04" x="132.26" y="64.27"/>
        <vehicle id="cfm-slow_4" eclass="HBEFA3/PC_G_EU4" CO2="24910.58" CO="522.84" HC="2.99" NOx="11.54" PMx="0.62" fuel="10.71" electricity="0.00" noise="115.34" route="routeright" type="cfm-slow" waiting="0.00" lane="right_0" pos="16.07" speed="6.79" angle="335.52" x="123.68" y="96.87"/>
        <vehicle id="cfm-slow_5" eclass="HBEFA3/PC_G_EU4" CO2="24943.71" CO="523.52" HC="3.00" NOx="11.55" PMx="0.62" fuel="10.72" electricity="0.00" noise="115.42" route="routeright" type="cfm-slow" waiting="0.00" lane="right_0" pos="31.90" speed="6.79" angle="307.10" x="100.62" y="121.47"/>
    </timestep>
    <timestep time="0.51">
        <vehicle id="cfm-fast_0" eclass="HBEFA3/PC_G_EU4" CO2="26822.29" CO="560.24" HC="3.21" NOx="12.43" PMx="0.67" fuel="11.53" electricity="0.00" noise="118.72" route="routeright" type="cfm-fast" waiting="0.00" lane="right_0" pos="47.81" speed="6.95" angle="278.55" x="68.47" y="132.10"/>
        <vehicle id="cfm-fast_1" eclass="HBEFA3/PC_G_EU4" CO2="26822.29" CO="560.24" HC="3.21" NOx="12.43" PMx="0.67" fuel="11.53" electricity="0.00" noise="118.72" route="routetop" type="cfm-fast" waiting="0.00" lane="top_0" pos="13.64" speed="6.95" angle="249.91" x="35.12" y="126.05"/>
        <vehicle id="cfm-fast_2" eclass="HBEFA3/PC_G_EU4" CO2="26822.29" CO="560.24" HC="3.21" NOx="12.43" PMx="0.67" fuel="11.53" electricity="0.00" noise="118.72" route="routetop" type="cfm-fast" waiting="0.00" lane="top_0" pos="29.47" speed="6.95" angle="221.48" x="8.84" y="104.92"/>
        <vehicle id="cfm-fast_3" eclass="HBEFA3/PC_G_EU4" CO2="26822.29" CO="560.24" HC="3.21" NOx="12.43" PMx="0.67" fuel="11.53" electricity="0.00" noise="118.72" route="routetop" type="cfm-fast" waiting="0.00" lane="top_0" pos="45.31" speed="6.95" angle="193.04" x="-4.19" y="73.82"/>
        <vehicle id="cfm-fast_4" eclass="HBEFA3/PC_G_EU4" CO2="26822.29" CO="560.24" HC="3.21" NOx="12.43" PMx="0.67" fuel="11.53" electricity="0.00" noise="118.72" route="routeleft" type="cfm-fast" waiting="0.00" lane="left_0" pos="11.14" speed="6.95" angle="164.35" x="-0.76" y="40.09"/>
        <vehicle id="cfm-fast_5" eclass="HBEFA3/PC_G_EU4" CO2="26822.29" CO="560.24" HC="3.21" NOx="12.43" PMx="0.67" fuel="11.53" electricity="0.00" noise="118.72" route="routeleft" type="cfm-fast" waiting="0.00" lane="left_0" pos="26.97" speed="6.95" angle="135.98" x="18.24" y="12.24"/>
        <vehicle id="cfm-slow_0" eclass="HBEFA3/PC_G_EU4" CO2="25124.81" CO="525.73" HC="3.01" NOx="11.63" PMx="0.62" fuel="10.80" electricity="0.00" noise="114.88" route="routebottom" type="cfm-slow" waiting="0.00" lane="bottom_0" pos="2.81" speed="6.92" angle="89.46" x="69.79" y="-4.67"/>
        <vehicle id="cfm-slow_1" eclass="HBEFA3/PC_G_EU4" CO2="25124.81" CO="525.73" HC="3.01" NOx="11.63" PMx="0.62" fuel="10.80" electricity="0.00" noise="114.88" route="routebottom" type="cfm-slow" waiting="0.00" lane="bottom_0" pos="18.64" speed="6.92" angle="60.90" x="101.60" y="6.51"/>
        <vehicle id="cfm-slow_2" eclass="HBEFA3/PC_G_EU4" CO2="25124.81" CO="525.73" HC="3.01" NOx="11.63" PMx="0.62" fuel="10.80" electricity="0.00" noise="114.88" route="routebottom" type="cfm-slow" waiting="0.00" lane="bottom_0" pos="34.47" speed="6.92" angle="32.47" x="124.25" y="31.48"/>
        <vehicle id="cfm-slow_3" eclass="HBEFA3/PC_G_EU4" CO2="25124.82" CO="525.73" HC="3.01" NOx="11.63" PMx="0.62" fuel="10.80" electricity="0.00" noise="114.88" route="routebottom" type="cfm-slow" waiting="0.00" lane="right_0" pos="0.31" speed="6.92" angle="3.91" x="132.26" y="64.42"/>
        <vehicle id="cfm-slow_4" eclass="HBEFA3/PC_G_EU4" CO2="25125.57" CO="525.74" HC="3.01" NOx="11.63" PMx="0.62" fuel="10.80" electricity="0.00" noise="114.88" route="routeright" type="cfm-slow" waiting="0.00" lane="right_0" pos="16.14" speed="6.92" angle="335.39" x="123.61" y="97.00"/>
        <vehicle id="cfm-slow_5" eclass="HBEFA3/PC_G_EU4" CO2="25172.00" CO="526.69" HC="3.02" NOx="11.66" PMx="0.62" fuel="10.82" electricity="0.00" noise="114.99" route="routeright" type="cfm-slow" waiting="0.00" lane="right_0" pos="31.97" speed="6.92" angle="307.00" x="100.50" y="121.55"/>
    </timestep>
    <timestep time="0.52">
        <vehicle id="cfm-fast_0" eclass="HBEFA3/PC_G_EU4" CO2="27304.34" CO="568.56" HC="3.26" NOx="12.66" PMx="0.68" fuel="11.74" electricity="0.00" noise="118.78" route="routeright" type="cfm-fast" waiting="0.00" lane="right_0" pos="47.88" speed="7.09" angle="278.42" x="68.32" y="132.11"/>
        <vehicle id="cfm-fast_1" eclass="HBEFA3/PC_G_EU4" CO2="27304.34" CO="568.56" HC="3.26" NOx="12.66" PMx="0.68" fuel="11.74" electricity="0.00" noise="118.78" route="routetop" type="cfm-fast" waiting="0.00" lane="top_0" pos="13.71" speed="7.09" angle="249.78" x="34.98" y="125.98"/>
        <vehicle id="cfm-fast_2" eclass="HBEFA3/PC_G_EU4" CO2="27304.34" CO="568.56" HC="3.26" NOx="12.66" PMx="0.68" fuel="11.74" electricity="0.00" noise="118.78" route="routetop" type="cfm-fast" waiting="0.00" lane="top_0" pos="29.55" speed="7.09" angle="221.36" x="8.75" y="104.79"/>
        <vehicle id="cfm-fast_3" eclass="HBEFA3/PC_G_EU4" CO2="27304.34" CO="568.56" HC="3.26" NOx="12.66" PMx="0.68" fuel="11.74" electricity="0.00" noise="118.78" route="routetop" type="cfm-fast" waiting="0.00" lane="top_0" pos="45.38" speed="7.09" angle="192.91" x="-4.21" y="73.67"/>
        <vehicle id="cfm-fast_4" eclass="HBEFA3/PC_G_EU4" CO2="27304.34" CO="568.56" HC="3.26" NOx="12.66" PMx="0.68" fuel="11.74" electricity="0.00" noise="118.78" route="routeleft" type="cfm-fast" waiting="0.00" lane="left_0" pos="11.21" speed="7.09" angle="164.21" x="-0.71" y="39.95"/>
        <vehicle id="cfm-fast_5" eclass="HBEFA3/PC_G_EU4" CO2="27304.34" CO="568.56" HC="3.26" NOx="12.66" PMx="0.68" fuel="11.74" electricity="0.00" noise="118.78" route="routeleft" type="cfm-fast" waiting="0.00" lane="left_0" pos="27.05" speed="7.09" angle="135.85" x="18.36" y="12.14"/>
        <vehicle id="cfm-slow_0" eclass="HBEFA3/PC_G_EU4" CO2="25330.10" CO="528.45" HC="3.03" NOx="11.73" PMx="0.63" fuel="10.89" electricity="0.00" noise="114.42" route="routebottom" type="cfm-slow" waiting="0.00" lane="bottom_0" pos="2.88" speed="7.04" angle="89.33" x="69.94" y="-4.65"/>
        <vehicle id="cfm-slow_1" eclass="HBEFA3/PC_G_EU4" CO2="25330.10" CO="528.45" HC="3.03" NOx="11.73" PMx="0.63" fuel="10.89" electricity="0.00" noise="114.42" route="routebottom" type="cfm-slow" waiting="0.00" lane="bottom_0" pos="18.71" speed="7.04" angle="60.77" x="101.73" y="6.59"/>
        <vehicle id="cfm-slow_2" eclass="HBEFA3/PC_G_EU4" CO2="25330.10" CO="528.45" HC="3.03" NOx="11.73" PMx="0.63" fuel="10.89" electricity="0.00" noise="114.42" route="routebottom" type="cfm-slow" waiting="0.00" lane="bottom_0" pos="34.54" speed="7.04" angle="32.36" x="124.32" y="31.61"/>
        <vehicle id="cfm-slow_3" eclass="HBEFA3/PC_G_EU4" CO2="25330.12" CO="528.45" HC="3.03" NOx="11.73" PMx="0.63" fuel="10.89" electricity="0.00" noise="114.42" route="routebottom" type="cfm-slow" waiting="0.00" lane="right_0" pos="0.38" speed="7.04" angle="3.78" x="132.25" y="64.57"/>
        <vehicle id="cfm-slow_4" eclass="HBEFA3/PC_G_EU4" CO2="25331.30" CO="528.48" HC="3.03" NOx="11.73" PMx="0.63" fuel="10.89" electricity="0.00" noise="114.42" route="routeright" type="cfm-slow" waiting="0.00" lane="right_0" pos="16.21" speed="7.04" angle="335.27" x="123.54" y="97.14"/>
        <vehicle id="cfm-slow_5" eclass="HBEFA3/PC_G_EU4" CO2="25393.46" CO="529.75" HC="3.04" NOx="11.76" PMx="0.63" fuel="10.92" electricity="0.00" noise="114.56" route="routeright" type="cfm-slow" waiting="0.00" lane="right_0" pos="32.04" speed="7.05" angle="306.91" x="100.37" y="121.64"/>
    </timestep>
    <timestep time="0.53">
        <vehicle id="cfm-fast_0" eclass="HBEFA3/PC_G_EU4" CO2="27786.69" CO="576.89" HC="3.31" NOx="12.88" PMx="0.69" fuel="11.94" electricity="0.00" noise="118.84" route="routeright" type="cfm-fast" waiting="0.00" lane="right_0" pos="47.95" speed="7.23" angle="278.28" x="68.16" y="132.12"/>
        <vehicle id="cfm-fast_1" eclass="HBEFA3/PC_G_EU4" CO2="27786.69" CO="576.89" HC="3.31" NOx="12.88" PMx="0.69" fuel="11.94" electricity="0.00" noise="118.84" route="routetop" type="cfm-fast" waiting="0.00" lane="top_0" pos="13.78" speed="7.23" angle="249.65" x="34.83" y="125.92"/>
        <vehicle id="cfm-fast_2" eclass="HBEFA3/PC_G_EU4" CO2="27786.69" CO="576.89" HC="3.31" NOx="12.88" PMx="0.69" fuel="11.94" electricity="0.00" noise="118.84" route="routetop" type="cfm-fast" waiting="0.00" lane="top_0" pos="29.62" speed="7.23" angle="221.23" x="8.66" y="104.67"/>
        <vehicle id="cfm-fast_3" eclass="HBEFA3/PC_G_EU4" CO2="27786.69" CO="576.89" HC="3.31" NOx="12.88" PMx="0.69" fuel="11.94" electricity="0.00" noise="118.84" route="routetop" type="cfm-fast" waiting="0.00" lane="top_0" pos="45.45" speed="7.23" angle="192.77" x="-4.23" y="73.51"/>
        <vehicle id="cfm-fast_4" eclass="HBEFA3/PC_G_EU4" CO2="27786.69" CO="576.89" HC="3.31" NOx="12.88" PMx="0.69" fuel="11.94" electricity="0.00" noise="118.84" route="routeleft" type="cfm-fast" waiting="0.00" lane="left_0" pos="11.28" speed="7.23" angle="164.08" x="-0.66" y="39.80"/>
        <vehicle id="cfm-fast_5" eclass="HBEFA3/PC_G_EU4" CO2="27786.69" CO="576.89" HC="3.31" NOx="12.88" PMx="0.69" fuel="11.94" electricity="0.00" noise="118.84" route="routeleft" type="cfm-fast" waiting="0.00" lane="left_0" pos="27.12" speed="7.23" angle="135.71" x="18.48" y="12.04"/>
        <vehicle id="cfm-slow_0" eclass="HBEFA3/PC_G_EU4" CO2="25526.22" CO="531.02" HC="3.05" NOx="11.82" PMx="0.63" fuel="10.97" electricity="0.00" noise="113.97" route="routebottom" type="cfm-slow" waiting="0.00" lane="bottom_0" pos="2.95" speed="7.17" angle="89.20" x="70.10" y="-4.64"/>
        <vehicle id="cfm-slow_1" eclass="HBEFA3/PC_G_EU4" CO2="25526.22" CO="531.02" HC="3.05" NOx="11.82" PMx="0.63" fuel="10.97" electricity="0.00" noise="113.97" route="routebottom" type="cfm-slow" waiting="0.00" lane="bottom_0" pos="18.78" speed="7.17" angle="60.64" x="101.85" y="6.68"/>
        <vehicle id="cfm-slow_2" eclass="HBEFA3/PC_G_EU4" CO2="25526.22" CO="531.02" HC="3.05" NOx="11.82" PMx="0.63" fuel="10.97" electricity="0.00" noise="113.97" route="routebottom" type="cfm-slow" waiting="0.00" lane="bottom_0" pos="34.62" speed="7.17" angle="32.26" x="124.40" y="31.75"/>
        <vehicle id="cfm-slow_3" eclass="HBEFA3/PC_G_EU4" CO2="25526.25" CO="531.02" HC="3.05" NOx="11.82" PMx="0.63" fuel="10.97" electricity="0.00" noise="113.97" route="routebottom" type="cfm-slow" waiting="0.00" lane="right_0" pos="0.45" speed="7.17" angle="3.65" x="132.25" y="64.73"/>
        <vehicle id="cfm-slow_4" eclass="HBEFA3/PC_G_EU4" CO2="25528.02" CO="531.06" HC="3.05" NOx="11.82" PMx="0.63" fuel="10.97" electricity="0.00" noise="113.97" route="routeright" type="cfm-slow" waiting="0.00" lane="right_0" pos="16.28" speed="7.17" angle="335.14" x="123.46" y="97.27"/>
        <vehicle id="cfm-slow_5" eclass="HBEFA3/PC_G_EU4" CO2="25608.39" CO="532.70" HC="3.06" NOx="11.86" PMx="0.63" fuel="11.01" electricity="0.00" noise="114.15" route="routeright" type="cfm-slow" waiting="0.00" lane="right_0" pos="32.12" speed="7.17" angle="306.78" x="100.24" y="121.72"/>
    </timestep>
    <timestep time="0.54">
        <vehicle id="cfm-fast_0" eclass="HBEFA3/PC_G_EU4" CO2="28269.32" CO="585.25" HC="3.36" NOx="13.11" PMx="0.70" fuel="12.15" electricity="0.00" noise="118.89" route="routeright" type="cfm-fast" waiting="0.00" lane="right_0" pos="48.02" speed="7.36" angle="278.14" x="68.01" y="132.13"/>
        <vehicle id="cfm-fast_1" eclass="HBEFA3/PC_G_EU4" CO2="28269.32" CO="585.25" HC="3.36" NOx="13.11" PMx="0.70" fuel="12.15" electricity="0.00" noise="118.89" route="routetop" type="cfm-fast" waiting="0.00" lane="top_0" pos="13.86" speed="7.36" angle="249.52" x="34.69" y="125.86"/>
        <vehicle id="cfm-fast_2" eclass="HBEFA3/PC_G_EU4" CO2="28269.32" CO="585.25" HC="3.36" NOx="13.11" PMx="0.70" fuel="12.15" electricity="0.00" noise="118.89" route="routetop" type="cfm-fast" waiting="0.00" lane="top_0" pos="29.69" speed="7.36" angle="221.09" x="8.57" y="104.54"/>
        <vehicle id="cfm-fast_3" eclass="HBEFA3/PC_G_EU4" CO2="28269.32" CO="585.25" HC="3.36" NOx="13.11" PMx="0.70" fuel="12.15" electricity="0.00" noise="118.89" route="routetop" type="cfm-fast" waiting="0.00" lane="top_0" pos="45.52" speed="7.36" angle="192.64" x="-4.25" y="73.36"/>
        <vehicle id="cfm-fast_4" eclass="HBEFA3/PC_G_EU4" CO2="28269.32" CO="585.25" HC="3.36" NOx="13.11" PMx="0.70" fuel="12.15" electricity="0.00" noise="118.89" route="routeleft" type="cfm-fast" waiting="0.00" lane="left_0" pos="11.36" speed="7.36" angle="163.94" x="-0.60" y="39.65"/>
        <vehicle id="cfm-fast_5" eclass="HBEFA3/PC_G_EU4" CO2="28269.32" CO="585.25" HC="3.36" NOx="13.11" PMx="0.70" fuel="12.15" electricity="0.00" noise="118.89" route="routeleft" type="cfm-fast" waiting="0.00" lane="left_0" pos="27.19" speed="7.36" angle="135.58" x="18.60" y="11.94"/>
        <vehicle id="cfm-slow_0" eclass="HBEFA3/PC_G_EU4" CO2="25713.39" CO="533.43" HC="3.06" NOx="11.90" PMx="0.64" fuel="11.05" electricity="0.00" noise="113.52" route="routebottom" type="cfm-slow" waiting="0.00" lane="bottom_0" pos="3.02" speed="7.29" angle="89.07" x="70.25" y="-4.62"/>
        <vehicle id="cfm-slow_1" eclass="HBEFA3/PC_G_EU4" CO2="25713.39" CO="533.43" HC="3.06" NOx="11.90" PMx="0.64" fuel="11.05" electricity="0.00" noise="113.52" route="routebottom" type="cfm-slow" waiting="0.00" lane="bottom_0" pos="18.86" speed="7.29" angle="60.50" x="101.98" y="6.76"/>
        <vehicle id="cfm-slow_2" eclass="HBEFA3/PC_G_EU4" CO2="25713.39" CO="533.43" HC="3.06" NOx="11.90" PMx="0.64" fuel="11.05" electricity="0.00" noise="113.52" route="routebottom" type="cfm-slow" waiting="0.00" lane="bottom_0" pos="34.69" speed="7.29" angle="32.13" x="124.47" y="31.89"/>
        <vehicle id="cfm-slow_3" eclass="HBEFA3/PC_G_EU4" CO2="25713.43" CO="533.43" HC="3.06" NOx="11.90" PMx="0.64" fuel="11.05" electricity="0.00" noise="113.52" route="routebottom" type="cfm-slow" waiting="0.00" lane="right_0" pos="0.52" speed="7.29" angle="3.52" x="132.25" y="64.88"/>
        <vehicle id="cfm-slow_4" eclass="HBEFA3/PC_G_EU4" CO2="25715.97" CO="533.48" HC="3.06" NOx="11.90" PMx="0.64" fuel="11.05" electricity="0.00" noise="113.52" route="routeright" type="cfm-slow" waiting="0.00" lane="right_0" pos="16.36" speed="7.29" angle="335.00" x="123.39" y="97.41"/>
        <vehicle id="cfm-slow_5" eclass="HBEFA3/PC_G_EU4" CO2="25817.08" CO="535.54" HC="3.07" NOx="11.95" PMx="0.64" fuel="11.10" electricity="0.00" noise="113.74" route="routeright" type="cfm-slow" waiting="0.00" lane="right_0" pos="32.19" speed="7.30" angle="306.64" x="100.11" y="121.80"/>
    </timestep>
    <timestep time="0.55">
        <vehicle id="cfm-fast_0" eclass="HBEFA3/PC_G_EU4" CO2="28752.25" CO="593.63" HC="3.41" NOx="13.33" PMx="0.71" fuel="12.36" electricity="0.00" noise="118.95" route="routeright" type="cfm-fast" waiting="0.00" lane="right_0" pos="48.10" speed="7.50" angle="278.00" x="67.84" y="132.14"/>
        <vehicle id="cfm-fast_1" eclass="HBEFA3/PC_G_EU4" CO2="28752.25" CO="593.63" HC="3.41" NOx="13.33" PMx="0.71" fuel="12.36" electricity="0.00" noise="118.95" route="routetop" type="cfm-fast" waiting="0.00" lane="top_0" pos="13.93" speed="7.50" angle="249.38" x="34.54" y="125.79"/>
        <vehicle id="cfm-fast_2" eclass="HBEFA3/PC_G_EU4" CO2="28752.25" CO="593.63" HC="3.41" NOx="13.33" PMx="0.71" fuel="12.36" electricity="0.00" noise="118.95" route="routetop" type="cfm-fast" waiting="0.00" lane="top_0" pos="29.77" speed="7.50" angle="220.95" x="8.47" y="104.41"/>
        <vehicle id="cfm-fast_3" eclass="HBEFA3/PC_G_EU4" CO2="28752.25" CO="593.63" HC="3.41" NOx="13.33" PMx="0.71" fuel="12.36" electricity="0.00" noise="118.95" route="routetop" type="cfm-fast" waiting="0.00" lane="top_0" pos="45.60" speed="7.50" angle="192.50" x="-4.27" y="73.20"/>
        <vehicle id="cfm-fast_4" eclass="HBEFA3/PC_G_EU4" CO2="28752.25" CO="593.63" HC="3.41" NOx="13.33" PMx="0.71" fuel="12.36" electricity="0.00" noise="118.95" route="routeleft" type="cfm-fast" waiting="0.00" lane="left_0" pos="11.43" speed="7.50" angle="163.83" x="-0.55" y="39.50"/>
        <vehicle id="cfm-fast_5" eclass="HBEFA3/PC_G_EU4" CO2="28752.25" CO="593.63" HC="3.41" NOx="13.33" PMx="0.71" fuel="12.36" electricity="0.00" noise="118.95" route="routeleft" type="cfm-fast" waiting="0.00" lane="left_0" pos="27.27" speed="7.50" angle="135.44" x="18.72" y="11.83"/>
        <vehicle id="cfm-slow_0" eclass="HBEFA3/PC_G_EU4" CO2="25891.81" CO="535.68" HC="3.08" NOx="11.98" PMx="0.64" fuel="11.13" electricity="0.00" noise="113.07" route="routebottom" type="cfm-slow" waiting="0.00" lane="bottom_0" pos="3.10" speed="7.42" angle="88.94" x="70.41" y="-4.60"/>
        <vehicle id="cfm-slow_1" eclass="HBEFA3/PC_G_EU4" CO2="25891.81" CO="535.68" HC="3.08" NOx="11.98" PMx="0.64" fuel="11.13" electricity="0.00" noise="113.07" route="routebottom" type="cfm-slow" waiting="0.00" lane="bottom_0" pos="18.93" speed="7.42" angle="60.36" x="102.12" y="6.85"/>
        <vehicle id="cfm-slow_2" eclass="HBEFA3/PC_G_EU4" CO2="25891.81" CO="535.68" HC="3.08" NOx="11.98" PMx="0.64" fuel="11.13" electricity="0.00" noise="113.07" route="routebottom" type="cfm-slow" waiting="0.00" lane="bottom_0" pos="34.76" speed="7.42" angle="32.00" x="124.54" y="32.03"/>
        <vehicle id="cfm-slow_3" eclass="HBEFA3/PC_G_EU4" CO2="25891.88" CO="535.69" HC="3.08" NOx="11.98" PMx="0.64" fuel="11.13" electricity="0.00" noise="113.07" route="routebottom" type="cfm-slow" waiting="0.00" lane="right_0" pos="0.60" speed="7.42" angle="3.39" x="132.25" y="65.04"/>
        <vehicle id="cfm-slow_4" eclass="HBEFA3/PC_G_EU4" CO2="25895.38" CO="535.76" HC="3.08" NOx="11.98" PMx="0.64" fuel="11.13" electricity="0.00" noise="113.08" route="routeright" type="cfm-slow" waiting="0.00" lane="right_0" pos="16.43" speed="7.42" angle="334.87" x="123.31" y="97.55"/>
        <vehicle id="cfm-slow_5" eclass="HBEFA3/PC_G_EU4" CO2="26019.84" CO="538.29" HC="3.09" NOx="12.04" PMx="0.64" fuel="11.18" electricity="0.00" noise="113.35" route="routeright" type="cfm-slow" waiting="0.00" lane="right_0" pos="32.26" speed="7.42" angle="306.50" x="99.97" y="121.88"/>
    </timestep>
    <timestep time="0.56">
        <vehicle id="cfm-fast_0" eclass="HBEFA3/PC_G_EU4" CO2="29235.47" CO="602.03" HC="3.46" NOx="13.56" PMx="0.73" fuel="12.57" electricity="0.00" noise="119.01" route="routeright" type="cfm-fast" waiting="0.00" lane="right_0" pos="48.18" speed="7.64" angle="277.86" x="67.68" y="132.15"/>
        <vehicle id="cfm-fast_1" eclass="HBEFA3/PC_G_EU4" CO2="29235.47" CO="602.03" HC="3.46" NOx="13.56" PMx="0.73" fuel="12.57" electricity="0.00" noise="119.01" route="routetop" type="cfm-fast" waiting="0.00" lane="top_0" pos="14.01" speed="7.64" angle="249.27" x="34.39" y="125.72"/>
        <vehicle id="cfm-fast_2" eclass="HBEFA3/PC_G_EU4" CO2="29235.47" CO="602.03" HC="3.46" NOx="13.56" PMx="0.73" fuel="12.57" electricity="0.00" noise="119.01" route="routetop" type="cfm-fast" waiting="0.00" lane="top_0" pos="29.84" speed="7.64" angle="220.81" x="8.38" y="104.28"/>
        <vehicle id="cfm-fast_3" eclass="HBEFA3/PC_G_EU4" CO2="29235.47" CO="602.03" HC="3.46" NOx="13.56" PMx="0.73" fuel="12.57" electricity="0.00" noise="119.01" route="routetop" type="cfm-fast" waiting="0.00" lane="top_0" pos="45.68" speed="7.64" angle="192.36" x="-4.30" y="73.03"/>
        <vehicle id="cfm-fast_4" eclass="HBEFA3/PC_G_EU4" CO2="29235.47" CO="602.03" HC="3.46" NOx="13.56" PMx="0.73" fuel="12.57" electricity="0.00" noise="119.01" route="routeleft" type="cfm-fast" waiting="0.00" lane="left_0" pos="11.51" speed="7.64" angle="163.73" x="-0.49" y="39.34"/>
        <vehicle id="cfm-fast_5" eclass="HBEFA3/PC_G_EU4" CO2="29235.47" CO="602.03" HC="3.46" NOx="13.56" PMx="0.73" fuel="12.57" electricity="0.00" noise="119.01" route="routeleft" type="cfm-fast" waiting="0.00" lane="left_0" pos="27.34" speed="7.64" angle="135.29" x="18.85" y="11.73"/>
        <vehicle id="cfm-slow_0" eclass="HBEFA3/PC_G_EU4" CO2="26061.70" CO="537.79" HC="3.09" NOx="12.06" PMx="0.64" fuel="11.20" electricity="0.00" noise="112.63" route="routebottom" type="cfm-slow" waiting="0.00" lane="bottom_0" pos="3.17" speed="7.54" angle="88.81" x="70.57" y="-4.59"/>
        <vehicle id="cfm-slow_1" eclass="HBEFA3/PC_G_EU4" CO2="26061.70" CO="537.79" HC="3.09" NOx="12.06" PMx="0.64" fuel="11.20" electricity="0.00" noise="112.63" route="routebottom" type="cfm-slow" waiting="0.00" lane="bottom_0" pos="19.01" speed="7.54" angle="60.22" x="102.25" y="6.94"/>
        <vehicle id="cfm-slow_2" eclass="HBEFA3/PC_G_EU4" CO2="26061.70" CO="537.79" HC="3.09" NOx="12.06" PMx="0.64" fuel="11.20" electricity="0.00" noise="112.63" route="routebottom" type="cfm-slow" waiting="0.00" lane="bottom_0" pos="34.84" speed="7.54" angle="31.86" x="124.61" y="32.18"/>
        <vehicle id="cfm-slow_3" eclass="HBEFA3/PC_G_EU4" CO2="26061.80" CO="537.79" HC="3.09" NOx="12.06" PMx="0.64" fuel="11.20" electricity="0.00" noise="112.63" route="routebottom" type="cfm-slow" waiting="0.00" lane="right_0" pos="0.67" speed="7.54" angle="3.25" x="132.24" y="65.20"/>
        <vehicle id="cfm-slow_4" eclass="HBEFA3/PC_G_EU4" CO2="26066.49" CO="537.89" HC="3.09" NOx="12.06" PMx="0.64" fuel="11.20" electricity="0.00" noise="112.64" route="routeright" type="cfm-slow" waiting="0.00" lane="right_0" pos="16.51" speed="7.54" angle="334.73" x="123.23" y="97.69"/>
        <vehicle id="cfm-slow_5" eclass="HBEFA3/PC_G_EU4" CO2="26216.93" CO="540.95" HC="3.11" NOx="12.13" PMx="0.65" fuel="11.27" electricity="0.00" noise="112.96" route="routeright" type="cfm-slow" waiting="0.00" lane="right_0" pos="32.34" speed="7.54" angle="306.36" x="99.83" y="121.96"/>
    </timestep>
    <timestep time="0.57">
        <vehicle id="cfm-fast_0" eclass="HBEFA3/PC_G_EU4" CO2="29718.98" CO="610.45" HC="3.51" NOx="13.78" PMx="0.74" fuel="12.77" electricity="0.00" noise="119.07" route="routeright" type="cfm-fast" waiting="0.00" lane="right_0" pos="48.25" speed="7.77" angle="277.72" x="67.51" y="132.16"/>
        <vehicle id="cfm-fast_1" eclass="HBEFA3/PC_G_EU4" CO2="29718.98" CO="610.45" HC="3.51" NOx="13.78" PMx="0.74" fuel="12.77" electricity="0.00" noise="119.07" route="routetop" type="cfm-fast" waiting="0.00" lane="top_0" pos="14.09" speed="7.77" angle="249.16" x="34.24" y="125.66"/>
        <vehicle id="cfm-fast_2" eclass="HBEFA3/PC_G_EU4" CO2="29718.98" CO="610.45" HC="3.51" NOx="13.78" PMx="0.74" fuel="12.77" electricity="0.00" noise="119.07" route="routetop" type="cfm-fast" waiting="0.00" lane="top_0" pos="29.92" speed="7.77" angle="220.67" x="8.28" y="104.14"/>
        <vehicle id="cfm-fast_3" eclass="HBEFA3/PC_G_EU4" CO2="29718.98" CO="610.45" HC="3.51" NOx="13.78" PMx="0.74" fuel="12.77" electricity="0.00" noise="119.07" route="routetop" type="cfm-fast" waiting="0.00" lane="top_0" pos="45.75" speed="7.77" angle="192.22" x="-4.32" y="72.87"/>
        <vehicle id="cfm-fast_4" eclass="HBEFA3/PC_G_EU4" CO2="29718.98" CO="610.45" HC="3.51" NOx="13.78" PMx="0.74" fuel="12.77" electricity="0.00" noise="119.07" route="routeleft" type="cfm-fast" waiting="0.00" lane="left_0" pos="11.59" speed="7.77" angle="163.60" x="-0.43" y="39.19"/>
        <vehicle id="cfm-fast_5" eclass="HBEFA3/PC_G_EU4" CO2="29718.98" CO="610.45" HC="3.51" NOx="13.78" PMx="0.74" fuel="12.77" electricity="0.00" noise="119.07" route="routeleft" type="cfm-fast" waiting="0.00" lane="left_0" pos="27.42" speed="7.77" angle="135.15" x="18.98" y="11.62"/>
        <vehicle id="cfm-slow_0" eclass="HBEFA3/PC_G_EU4" CO2="26223.26" CO="539.75" HC="3.10" NOx="12.13" PMx="0.65" fuel="11.27" electricity="0.00" noise="112.20" route="routebottom" type="cfm-slow" waiting="0.00" lane="bottom_0" pos="3.25" speed="7.66" angle="88.67" x="70.74" y="-4.57"/>
        <vehicle id="cfm-slow_1" eclass="HBEFA3/PC_G_EU4" CO2="26223.26" CO="539.75" HC="3.10" NOx="12.13" PMx="0.65" fuel="11.27" electricity="0.00" noise="112.20" route="routebottom" type="cfm-slow" waiting="0.00" lane="bottom_0" pos="19.08" speed="7.66" angle="60.08" x="102.39" y="7.03"/>
        <vehicle id="cfm-slow_2" eclass="HBEFA3/PC_G_EU4" CO2="26223.26" CO="539.75" HC="3.10" NOx="12.13" PMx="0.65" fuel="11.27" electricity="0.00" noise="112.20" route="routebottom" type="cfm-slow" waiting="0.00" lane="bottom_0" pos="34.91" speed="7.66" angle="31.72" x="124.69" y="32.32"/>
        <vehicle id="cfm-slow_3" eclass="HBEFA3/PC_G_EU4" CO2="26223.41" CO="539.75" HC="3.10" NOx="12.13" PMx="0.65" fuel="11.27" electricity="0.00" noise="112.20" route="routebottom" type="cfm-slow" waiting="0.00" lane="right_0" pos="0.75" speed="7.66" angle="3.11" x="132.24" y="65.37"/>
        <vehicle id="cfm-slow_4" eclass="HBEFA3/PC_G_EU4" CO2="26229.52" CO="539.87" HC="3.10" NOx="12.14" PMx="0.65" fuel="11.27" electricity="0.00" noise="112.21" route="routeright" type="cfm-slow" waiting="0.00" lane="right_0" pos="16.58" speed="7.66" angle="334.62" x="123.15" y="97.83"/>
        <vehicle id="cfm-slow_5" eclass="HBEFA3/PC_G_EU4" CO2="26408.62" CO="543.52" HC="3.12" NOx="12.22" PMx="0.65" fuel="11.35" electricity="0.00" noise="112.58" route="routeright" type="cfm-slow" waiting="0.00" lane="right_0" pos="32.42" speed="7.66" angle="306.21" x="99.69" y="122.05"/>
    </timestep>
    <timestep time="0.58">
        <vehicle id="cfm-fast_0" eclass="HBEFA3/PC_G_EU4" CO2="30202.79" CO="618.90" HC="3.56" NOx="14.00" PMx="0.75" fuel="12.98" electricity="0.00" noise="119.13" route="routeright" type="cfm-fast" waiting="0.00" lane="right_0" pos="48.33" speed="7.91" angle="277.57" x="67.34" y="132.17"/>
        <vehicle id="cfm-fast_1" eclass="HBEFA3/PC_G_EU4" CO2="30202.79" CO="618.90" HC="3.56" NOx="14.00" PMx="0.75" fuel="12.98" electricity="0.00" noise="119.13" route="routetop" type="cfm-fast" waiting="0.00" lane="top_0" pos="14.17" speed="7.91" angle="249.01" x="34.09" y="125.58"/>
        <vehicle id="cfm-fast_2" eclass="HBEFA3/PC_G_EU4" CO2="30202.79" CO="618.90" HC="3.56" NOx="14.00" PMx="0.75" fuel="12.98" electricity="0.00" noise="119.13" route="routetop" type="cfm-fast" waiting="0.00" lane="top_0" pos="30.00" speed="7.91" angle="220.52" x="8.18" y="104.00"/>
        <vehicle id="cfm-fast_3" eclass="HBEFA3/PC_G_EU4" CO2="30202.79" CO="618.90" HC="3.56" NOx="14.00" PMx="0.75" fuel="12.98" electricity="0.00" noise="119.13" route="routetop" type="cfm-fast" waiting="0.00" lane="top_0" pos="45.83" speed="7.91" angle="192.07" x="-4.34" y="72.70"/>
        <vehicle id="cfm-fast_4" eclass="HBEFA3/PC_G_EU4" CO2="30202.79" CO="618.90" HC="3.56" NOx="14.00" PMx="0.75" fuel="12.98" electricity="0.00" noise="119.13" route="routeleft" type="cfm-fast" waiting="0.00" lane="left_0" pos="11.67" speed="7.91" angle="163.46" x="-0.37" y="39.03"/>
        <vehicle id="cfm-fast_5" eclass="HBEFA3/PC_G_EU4" CO2="30202.79" CO="618.90" HC="3.56" NOx="14.00" PMx="0.75" fuel="12.98" electricity="0.00" noise="119.13" route="routeleft" type="cfm-fast" waiting="0.00" lane="left_0" pos="27.50" speed="7.91" angle="135.00" x="19.11" y="11.51"/>
        <vehicle id="cfm-slow_0" eclass="HBEFA3/PC_G_EU4" CO2="26376.69" CO="541.56" HC="3.11" NOx="12.20" PMx="0.65" fuel="11.34" electricity="0.00" noise="111.76" route="routebottom" type="cfm-slow" waiting="0.00" lane="bottom_0" pos="3.33" speed="7.78" angle="88.53" x="70.90" y="-4.55"/>
        <vehicle id="cfm-slow_1" eclass="HBEFA3/PC_G_EU4" CO2="26376.69" CO="541.56" HC="3.11" NOx="12.20" PMx="0.65" fuel="11.34" electricity="0.00" noise="111.76" route="routebottom" type="cfm-slow" waiting="0.00" lane="bottom_0" pos="19.16" speed="7.78" angle="59.97" x="102.53" y="7.13"/>
        <vehicle id="cfm-slow_2" eclass="HBEFA3/PC_G_EU4" CO2="26376.69" CO="541.56" HC="3.11" NOx="12.20" PMx="0.65" fuel="11.34" electricity="0.00" noise="111.76" route="routebottom" type="cfm-slow" waiting="0.00" lane="bottom_0" pos="34.99" speed="7.78" angle="31.58" x="124.76" y="32.47"/>
        <vehicle id="cfm-slow_3" eclass="HBEFA3/PC_G_EU4" CO2="26376.89" CO="541.56" HC="3.11" NOx="12.20" PMx="0.65" fuel="11.34" electricity="0.00" noise="111.77" route="routebottom" type="cfm-slow" waiting="0.00" lane="right_0" pos="0.83" speed="7.78" angle="2.97" x="132.24" y="65.54"/>
        <vehicle id="cfm-slow_4" eclass="HBEFA3/PC_G_EU4" CO2="26384.71" CO="541.72" HC="3.12" NOx="12.21" PMx="0.65" fuel="11.34" electricity="0.00" noise="111.78" route="routeright" type="cfm-slow" waiting="0.00" lane="right_0" pos="16.66" speed="7.78" angle="334.50" x="123.07" y="97.98"/>
        <vehicle id="cfm-slow_5" eclass="HBEFA3/PC_G_EU4" CO2="26595.19" CO="546.00" HC="3.14" NOx="12.31" PMx="0.66" fuel="11.43" electricity="0.00" noise="112.21" route="routeright" type="cfm-slow" waiting="0.00" lane="right_0" pos="32.49" speed="7.79" angle="306.07" x="99.55" y="122.13"/>
    </timestep>
    <timestep time="0.59">
        <vehicle id="cfm-fast_0" eclass="HBEFA3/PC_G_EU4" CO2="30686.88" CO="627.36" HC="3.61" NOx="14.23" PMx="0.76" fuel="13.19" electricity="0.00" noise="119.19" route="routeright" type="cfm-fast" waiting="0.00" lane="right_0" pos="48.41" speed="8.05" angle="277.42" x="67.17" y="132.18"/>
        <vehicle id="cfm-fast_1" eclass="HBEFA3/PC_G_EU4" CO2="30686.88" CO="627.36" HC="3.61" NOx="14.23" PMx="0.76" fuel="13.19" electricity="0.00" noise="119.19" route="routetop" type="cfm-fast" waiting="0.00" lane="top_0" pos="14.25" speed="8.05" angle="248.86" x="33.93" y="125.50"/>
        <vehicle id="cfm-fast_2" eclass="HBEFA3/PC_G_EU4" CO2="30686.88" CO="627.36" HC="3.61" NOx="14.23" PMx="0.76" fuel="13.19" electricity="0.00" noise="119.19" route="routetop" type="cfm-fast" waiting="0.00" lane="top_0" pos="30.08" speed="8.05" angle="220.37" x="8.08" y="103.86"/>
        <vehicle id="cfm-fast_3" eclass="HBEFA3/PC_G_EU4" CO2="30686.88" CO="627.36" HC="3.61" NOx="14.23" PMx="0.76" fuel="13.19" electricity="0.00" noise="119.19" route="routetop" type="cfm-fast" waiting="0.00" lane="top_0" pos="45.91" speed="8.05" angle="191.92" x="-4.37" y="72.53"/>
        <vehicle id="cfm-fast_4" eclass="HBEFA3/PC_G_EU4" CO2="30686.88" CO="627.36" HC="3.61" NOx="14.23" PMx="0.76" fuel="13.19" electricity="0.00" noise="119.19" route="routeleft" type="cfm-fast" waiting="0.00" lane="left_0" pos="11.75" speed="8.05" angle="163.31" x="-0.31" y="38.87"/>
        <vehicle id="cfm-fast_5" eclass="HBEFA3/PC_G_EU4" CO2="30686.88" CO="627.36" HC="3.61" NOx="14.23" PMx="0.76" fuel="13.19" electricity="0.00" noise="119.19" route="routeleft" type="cfm-fast" waiting="0.00" lane="left_0" pos="27.58" speed="8.05" angle="134.85" x="19.24" y="11.40"/>
        <vehicle id="cfm-slow_0" eclass="HBEFA3/PC_G_EU4" CO2="26522.17" CO="543.24" HC="3.13" NOx="12.27" PMx="0.66" fuel="11.40" electricity="0.00" noise="111.34" route="routebottom" type="cfm-slow" waiting="0.00" lane="bottom_0" pos="3.41" speed="7.90" angle="88.39" x="71.07" y="-4.54"/>
        <vehicle id="cfm-slow_1" eclass="HBEFA3/PC_G_EU4" CO2="26522.17" CO="543.24" HC="3.13" NOx="12.27" PMx="0.66" fuel="11.40" electricity="0.00" noise="111.34" route="routebottom" type="cfm-slow" waiting="0.00" lane="bottom_0" pos="19.24" speed="7.90" angle="59.85" x="102.67" y="7.22"/>
        <vehicle id="cfm-slow_2" eclass="HBEFA3/PC_G_EU4" CO2="26522.18" CO="543.24" HC="3.13" NOx="12.27" PMx="0.66" fuel="11.40" electricity="0.00" noise="111.34" route="routebottom" type="cfm-slow" waiting="0.00" lane="bottom_0" pos="35.07" speed="7.90" angle="31.44" x="124.84" y="32.62"/>
        <vehicle id="cfm-slow_3" eclass="HBEFA3/PC_G_EU4" CO2="26522.46" CO="543.24" HC="3.13" NOx="12.27" PMx="0.66" fuel="11.40" electricity="0.00" noise="111.34" route="routebottom" type="cfm-slow" waiting="0.00" lane="right_0" pos="0.91" speed="7.90" angle="2.83" x="132.23" y="65.71"/>
        <vehicle id="cfm-slow_4" eclass="HBEFA3/PC_G_EU4" CO2="26532.27" CO="543.44" HC="3.13" NOx="12.27" PMx="0.66" fuel="11.40" electricity="0.00" noise="111.36" route="routeright" type="cfm-slow" waiting="0.00" lane="right_0" pos="16.74" speed="7.90" angle="334.36" x="122.98" y="98.13"/>
        <vehicle id="cfm-slow_5" eclass="HBEFA3/PC_G_EU4" CO2="26776.87" CO="548.41" HC="3.16" NOx="12.39" PMx="0.66" fuel="11.51" electricity="0.00" noise="111.84" route="routeright" type="cfm-slow" waiting="0.00" lane="right_0" pos="32.57" speed="7.91" angle="305.92" x="99.40" y="122.22"/>
    </timestep>
    <timestep time="0.60">
        <vehicle id="cfm-fast_0" eclass="HBEFA3/PC_G_EU4" CO2="31171.27" CO="635.85" HC="3.66" NOx="14.45" PMx="0.78" fuel="13.40" electricity="0.00" noise="119.25" route="routeright" type="cfm-fast" waiting="0.00" lane="right_0" pos="48.50" speed="8.18" angle="277.26" x="67.00" y="132.19"/>
        <vehicle id="cfm-fast_1" eclass="HBEFA3/PC_G_EU4" CO2="31171.27" CO="635.85" HC="3.66" NOx="14.45" PMx="0.78" fuel="13.40" electricity="0.00" noise="119.25" route="routetop" type="cfm-fast" waiting="0.00" lane="top_0" pos="14.33" speed="8.18" angle="248.70" x="33.78" y="125.42"/>
        <vehicle id="cfm-fast_2" eclass="HBEFA3/PC_G_EU4" CO2="31171.27" CO="635.85" HC="3.66" NOx="14.45" PMx="0.78" fuel="13.40" electricity="0.00" noise="119.25" route="routetop" type="cfm-fast" waiting="0.00" lane="top_0" pos="30.16" speed="8.18" angle="220.22" x="7.97" y="103.72"/>
        <vehicle id="cfm-fast_3" eclass="HBEFA3/PC_G_EU4" CO2="31171.27" CO="635.85" HC="3.66" NOx="14.45" PMx="0.78" fuel="13.40" electricity="0.00" noise="119.25" route="routetop" type="cfm-fast" waiting="0.00" lane="top_0" pos="46.00" speed="8.18" angle="191.77" x="-4.39" y="72.35"/>
        <vehicle id="cfm-fast_4" eclass="HBEFA3/PC_G_EU4" CO2="31171.27" CO="635.85" HC="3.66" NOx="14.45" PMx="0.78" fuel="13.40" electricity="0.00" noise="119.25" route="routeleft" type="cfm-fast" waiting="0.00" lane="left_0" pos="11.83" speed="8.18" angle="163.17" x="-0.24" y="38.71"/>
        <vehicle id="cfm-fast_5" eclass="HBEFA3/PC_G_EU4" CO2="31171.27" CO="635.85" HC="3.66" NOx="14.45" PMx="0.78" fuel="13.40" electricity="0.00" noise="119.25" route="routeleft" type="cfm-fast" waiting="0.00" lane="left_0" pos="27.66" speed="8.18" angle="134.70" x="19.37" y="11.28"/>
        <vehicle id="cfm-slow_0" eclass="HBEFA3/PC_G_EU4" CO2="26659.91" CO="544.77" HC="3.14" NOx="12.33" PMx="0.66" fuel="11.46" electricity="0.00" noise="110.91" route="routebottom" type="cfm-slow" waiting="0.00" lane="bottom_0" pos="3.49" speed="8.02" angle="88.24" x="71.24" y="-4.52"/>
        <vehicle id="cfm-slow_1" eclass="HBEFA3/PC_G_EU4" CO2="26659.91" CO="544.77" HC="3.14" NOx="12.33" PMx="0.66" fuel="11.46" electricity="0.00" noise="110.91" route="routebottom" type="cfm-slow" waiting="0.00" lane="bottom_0" pos="19.32" speed="8.02" angle="59.70" x="102.81" y="7.32"/>
        <vehicle id="cfm-slow_2" eclass="HBEFA3/PC_G_EU4" CO2="26659.92" CO="544.77" HC="3.14" NOx="12.33" PMx="0.66" fuel="11.46" electricity="0.00" noise="110.91" route="routebottom" type="cfm-slow" waiting="0.00" lane="bottom_0" pos="35.15" speed="8.02" angle="31.29" x="124.92" y="32.78"/>
        <vehicle id="cfm-slow_3" eclass="HBEFA3/PC_G_EU4" CO2="26660.29" CO="544.78" HC="3.14" NOx="12.33" PMx="0.66" fuel="11.46" electricity="0.00" noise="110.91" route="routebottom" type="cfm-slow" waiting="0.00" lane="right_0" pos="0.99" speed="8.02" angle="2.68" x="132.23" y="65.88"/>
        <vehicle id="cfm-slow_4" eclass="HBEFA3/PC_G_EU4" CO2="26672.43" CO="545.03" HC="3.14" NOx="12.34" PMx="0.66" fuel="11.47" electricity="0.00" noise="110.94" route="routeright" type="cfm-slow" waiting="0.00" lane="right_0" pos="16.82" speed="8.02" angle="334.22" x="122.89" y="98.27"/>
        <vehicle id="cfm-slow_5" eclass="HBEFA3/PC_G_EU4" CO2="26953.93" CO="550.74" HC="3.17" NOx="12.47" PMx="0.67" fuel="11.59" electricity="0.00" noise="111.49" route="routeright" type="cfm-slow" waiting="0.00" lane="right_0" pos="32.65" speed="8.02" angle="305.76" x="99.25" y="122.31"/>
    </timestep>
    <timestep time="0.61">
        <vehicle id="cfm-fast_0" eclass="HBEFA3/PC_G_EU4" CO2="31655.95" CO="644.36" HC="3.71" NOx="14.68" PMx="0.79" fuel="13.61" electricity="0.00" noise="119.30" route="routeright" type="cfm-fast" waiting="0.00" lane="right_0" pos="48.58" speed="8.32" angle="277.11" x="66.82" y="132.20"/>
        <vehicle id="cfm-fast_1" eclass="HBEFA3/PC_G_EU4" CO2="31655.95" CO="644.36" HC="3.71" NOx="14.68" PMx="0.79" fuel="13.61" electricity="0.00" noise="119.30" route="routetop" type="cfm-fast" waiting="0.00" lane="top_0" pos="14.41" speed="8.32" angle="248.54" x="33.62" y="125.34"/>
        <vehicle id="cfm-fast_2" eclass="HBEFA3/PC_G_EU4" CO2="31655.95" CO="644.36" HC="3.71" NOx="14.68" PMx="0.79" fuel="13.61" electricity="0.00" noise="119.30" route="routetop" type="cfm-fast" waiting="0.00" lane="top_0" pos="30.25" speed="8.32" angle="220.06" x="7.87" y="103.57"/>
        <vehicle id="cfm-fast_3" eclass="HBEFA3/PC_G_EU4" CO2="31655.95" CO="644.36" HC="3.71" NOx="14.68" PMx="0.79" fuel="13.61" electricity="0.00" noise="119.30" route="routetop" type="cfm-fast" waiting="0.00" lane="top_0" pos="46.08" speed="8.32" angle="191.63" x="-4.42" y="72.18"/>
        <vehicle id="cfm-fast_4" eclass="HBEFA3/PC_G_EU4" CO2="31655.95" CO="644.36" HC="3.71" NOx="14.68" PMx="0.79" fuel="13.61" electricity="0.00" noise="119.30" route="routeleft" type="cfm-fast" waiting="0.00" lane="left_0" pos="11.91" speed="8.32" angle="163.02" x="-0.17" y="38.54"/>
        <vehicle id="cfm-fast_5" eclass="HBEFA3/PC_G_EU4" CO2="31655.95" CO="644.36" HC="3.71" NOx="14.68" PMx="0.79" fuel="13.61" electricity="0.00" noise="119.30" route="routeleft" type="cfm-fast" waiting="0.00" lane="left_0" pos="27.75" speed="8.32" angle="134.54" x="19.51" y="11.17"/>
        <vehicle id="cfm-slow_0" eclass="HBEFA3/PC_G_EU4" CO2="26790.09" CO="546.18" HC="3.15" NOx="12.39" PMx="0.66" fuel="11.52" electricity="0.00" noise="110.49" route="routebottom" type="cfm-slow" waiting="0.00" lane="bottom_0" pos="3.57" speed="8.13" angle="88.10" x="71.42" y="-4.50"/>
        <vehicle id="cfm-slow_1" eclass="HBEFA3/PC_G_EU4" CO2="26790.09" CO="546.18" HC="3.15" NOx="12.39" PMx="0.66" fuel="11.52" electricity="0.00" noise="110.49" route="routebottom" type="cfm-slow" waiting="0.00" lane="bottom_0" pos="19.40" speed="8.13" angle="59.55" x="102.95" y="7.42"/>
        <vehicle id="cfm-slow_2" eclass="HBEFA3/PC_G_EU4" CO2="26790.10" CO="546.18" HC="3.15" NOx="12.39" PMx="0.66" fuel="11.52" electricity="0.00" noise="110.49" route="routebottom" type="cfm-slow" waiting="0.00" lane="bottom_0" pos="35.23" speed="8.13" angle="31.14" x="125.00" y="32.94"/>
        <vehicle id="cfm-slow_3" eclass="HBEFA3/PC_G_EU4" CO2="26790.59" CO="546.19" HC="3.15" NOx="12.39" PMx="0.66" fuel="11.52" electricity="0.00" noise="110.49" route="routebottom" type="cfm-slow" waiting="0.00" lane="right_0" pos="1.07" speed="8.13" angle="2.54" x="132.23" y="66.05"/>
        <vehicle id="cfm-slow_4" eclass="HBEFA3/PC_G_EU4" CO2="26805.39" CO="546.49" HC="3.15" NOx="12.40" PMx="0.66" fuel="11.52" electricity="0.00" noise="110.52" route="routeright" type="cfm-slow" waiting="0.00" lane="right_0" pos="16.90" speed="8.13" angle="334.07" x="122.80" y="98.42"/>
        <vehicle id="cfm-slow_5" eclass="HBEFA3/PC_G_EU4" CO2="27126.58" CO="553.01" HC="3.19" NOx="12.55" PMx="0.67" fuel="11.66" electricity="0.00" noise="111.14" route="routeright" type="cfm-slow" waiting="0.00" lane="right_0" pos="32.73" speed="8.14" angle="305.61" x="99.10" y="122.40"/>
    </timestep>
    <timestep time="0.62">
        <vehicle id="cfm-fast_0" eclass="HBEFA3/PC_G_EU4" CO2="32140.92" CO="652.89" HC="3.76" NOx="14.90" PMx="0.80" fuel="13.82" electricity="0.00" noise="119.36" route="routeright" type="cfm-fast" waiting="0.00" lane="right_0" pos="48.66" speed="8.45" angle="276.97" x="66.64" y="132.21"/>
        <vehicle id="cfm-fast_1" eclass="HBEFA3/PC_G_EU4" CO2="32140.92" CO="652.89" HC="3.76" NOx="14.90" PMx="0.80" fuel="13.82" electricity="0.00" noise="119.36" route="routetop" type="cfm-fast" waiting="0.00" lane="top_0" pos="14.50" speed="8.45" angle="248.38" x="33.45" y="125.26"/>
        <vehicle id="cfm-fast_2" eclass="HBEFA3/PC_G_EU4" CO2="32140.92" CO="652.89" HC="3.76" NOx="14.90" PMx="0.80" fuel="13.82" electricity="0.00" noise="119.36" route="routetop" type="cfm-fast" waiting="0.00" lane="top_0" pos="30.33" speed="8.45" angle="219.91" x="7.76" y="103.42"/>
        <vehicle id="cfm-fast_3" eclass="HBEFA3/PC_G_EU4" CO2="32140.92" CO="652.89" HC="3.76" NOx="14.90" PMx="0.80" fuel="13.82" electricity="0.00" noise="119.36" route="routetop" type="cfm-fast" waiting="0.00" lane="top_0" pos="46.16" speed="8.45" angle="191.51" x="-4.44" y="72.00"/>
        <vehicle id="cfm-fast_4" eclass="HBEFA3/PC_G_EU4" CO2="32140.92" CO="652.89" HC="3.76" NOx="14.90" PMx="0.80" fuel="13.82" electricity="0.00" noise="119.36" route="routeleft" type="cfm-fast" waiting="0.00" lane="left_0" pos="12.00" speed="8.45" angle="162.87" x="-0.11" y="38.37"/>
        <vehicle id="cfm-fast_5" eclass="HBEFA3/PC_G_EU4" CO2="32140.92" CO="652.89" HC="3.76" NOx="14.90" PMx="0.80" fuel="13.82" electricity="0.00" noise="119.36" route="routeleft" type="cfm-fast" waiting="0.00" lane="left_0" pos="27.83" speed="8.45" angle="134.38" x="19.65" y="11.05"/>
        <vehicle id="cfm-slow_0" eclass="HBEFA3/PC_G_EU4" CO2="26912.89" CO="547.46" HC="3.15" NOx="12.44" PMx="0.66" fuel="11.57" electricity="0.00" noise="110.08" route="routebottom" type="cfm-slow" waiting="0.00" lane="bottom_0" pos="3.65" speed="8.25" angle="87.95" x="71.59" y="-4.48"/>
        <vehicle id="cfm-slow_1" eclass="HBEFA3/PC_G_EU4" CO2="26912.89" CO="547.46" HC="3.15" NOx="12.44" PMx="0.66" fuel="11.57" electricity="0.00" noise="110.08" route="routebottom" type="cfm-slow" waiting="0.00" lane="bottom_0" pos="19.48" speed="8.25" angle="59.40" x="103.10" y="7.53"/>
        <vehicle id="cfm-slow_2" eclass="HBEFA3/PC_G_EU4" CO2="26912.91" CO="547.46" HC="3.15" NOx="12.44" PMx="0.66" fuel="11.57" electricity="0.00" noise="110.08" route="routebottom" type="cfm-slow" waiting="0.00" lane="bottom_0" pos="35.32" speed="8.25" angle="30.99" x="125.08" y="33.09"/>
        <vehicle id="cfm-slow_3" eclass="HBEFA3/PC_G_EU4" CO2="26913.53" CO="547.47" HC="3.15" NOx="12.44" PMx="0.66" fuel="11.57" electricity="0.00" noise="110.08" route="routebottom" type="cfm-slow" waiting="0.00" lane="right_0" pos="1.15" speed="8.25" angle="2.39" x="132.22" y="66.23"/>
        <vehicle id="cfm-slow_4" eclass="HBEFA3/PC_G_EU4" CO2="26931.38" CO="547.84" HC="3.16" NOx="12.45" PMx="0.67" fuel="11.58" electricity="0.00" noise="110.11" route="routeright" type="cfm-slow" waiting="0.00" lane="right_0" pos="16.98" speed="8.25" angle="333.92" x="122.71" y="98.58"/>
        <vehicle id="cfm-slow_5" eclass="HBEFA3/PC_G_EU4" CO2="27295.08" CO="555.21" HC="3.20" NOx="12.62" PMx="0.67" fuel="11.73" electricity="0.00" noise="110.80" route="routeright" type="cfm-slow" waiting="0.00" lane="right_0" pos="32.82" speed="8.26" angle="305.45" x="98.95" y="122.49"/>
    </timestep>
    <timestep time="0.63">
        <vehicle id="cfm-fast_0" eclass="HBEFA3/PC_G_EU4" CO2="32626.19" CO="661.44" HC="3.82" NOx="15.13" PMx="0.81" fuel="14.02" electricity="0.00" noise="119.42" route="routeright" type="cfm-fast" waiting="0.00" lane="right_0" pos="48.75" speed="8.59" angle="276.84" x="66.45" y="132.22"/>
        <vehicle id="cfm-fast_1" eclass="HBEFA3/PC_G_EU4" CO2="32626.19" CO="661.44" HC="3.82" NOx="15.13" PMx="0.81" fuel="14.02" electricity="0.00" noise="119.42" route="routetop" type="cfm-fast" waiting="0.00" lane="top_0" pos="14.58" speed="8.59" angle="248.21" x="33.29" y="125.18"/>
        <vehicle id="cfm-fast_2" eclass="HBEFA3/PC_G_EU4" CO2="32626.19" CO="661.44" HC="3.82" NOx="15.13" PMx="0.81" fuel="14.02" electricity="0.00" noise="119.42" route="routetop" type="cfm-fast" waiting="0.00" lane="top_0" pos="30.42" speed="8.59" angle="219.75" x="7.66" y="103.27"/>
        <vehicle id="cfm-fast_3" eclass="HBEFA3/PC_G_EU4" CO2="32626.19" CO="661.44" HC="3.82" NOx="15.13" PMx="0.81" fuel="14.02" electricity="0.00" noise="119.42" route="routetop" type="cfm-fast" waiting="0.00" lane="top_0" pos="46.25" speed="8.59" angle="191.36" x="-4.46" y="71.81"/>
        <vehicle id="cfm-fast_4" eclass="HBEFA3/PC_G_EU4" CO2="32626.19" CO="661.44" HC="3.82" NOx="15.13" PMx="0.81" fuel="14.02" electricity="0.00" noise="119.42" route="routeleft" type="cfm-fast" waiting="0.00" lane="left_0" pos="12.08" speed="8.59" angle="162.72" x="-0.04" y="38.20"/>
        <vehicle id="cfm-fast_5" eclass="HBEFA3/PC_G_EU4" CO2="32626.19" CO="661.44" HC="3.82" NOx="15.13" PMx="0.81" fuel="14.02" electricity="0.00" noise="119.42" route="routeleft" type="cfm-fast" waiting="0.00" lane="left_0" pos="27.92" speed="8.59" angle="134.22" x="19.79" y="10.93"/>
        <vehicle id="cfm-slow_0" eclass="HBEFA3/PC_G_EU4" CO2="27028.49" CO="548.61" HC="3.16" NOx="12.49" PMx="0.67" fuel="11.62" electricity="0.00" noise="109.66" route="routebottom" type="cfm-slow" waiting="0.00" lane="bottom_0" pos="3.73" speed="8.36" angle="87.80" x="71.77" y="-4.47"/>
        <vehicle id="cfm-slow_1" eclass="HBEFA3/PC_G_EU4" CO2="27028.49" CO="548.61" HC="3.16" NOx="12.49" PMx="0.67" fuel="11.62" electricity="0.00" noise="109.66" route="routebottom" type="cfm-slow" waiting="0.00" lane="bottom_0" pos="19.57" speed="8.36" angle="59.24" x="103.24" y="7.63"/>
        <vehicle id="cfm-slow_2" eclass="HBEFA3/PC_G_EU4" CO2="27028.51" CO="548.61" HC="3.16" NOx="12.49" PMx="0.67" fuel="11.62" electricity="0.00" noise="109.66" route="routebottom" type="cfm-slow" waiting="0.00" lane="bottom_0" pos="35.40" speed="8.36" angle="30.84" x="125.16" y="33.25"/>
        <vehicle id="cfm-slow_3" eclass="HBEFA3/PC_G_EU4" CO2="27029.30" CO="548.63" HC="3.16" NOx="12.50" PMx="0.67" fuel="11.62" electricity="0.00" noise="109.67" route="routebottom" type="cfm-slow" waiting="0.00" lane="right_0" pos="1.23" speed="8.36" angle="2.26" x="132.22" y="66.41"/>
        <vehicle id="cfm-slow_4" eclass="HBEFA3/PC_G_EU4" CO2="27050.60" CO="549.06" HC="3.17" NOx="12.51" PMx="0.67" fuel="11.63" electricity="0.00" noise="109.71" route="routeright" type="cfm-slow" waiting="0.00" lane="right_0" pos="17.07" speed="8.36" angle="333.77" x="122.62" y="98.73"/>
        <vehicle id="cfm-slow_5" eclass="HBEFA3/PC_G_EU4" CO2="27459.63" CO="557.35" HC="3.21" NOx="12.70" PMx="0.68" fuel="11.80" electricity="0.00" noise="110.46" route="routeright" type="cfm-slow" waiting="0.00" lane="right_0" pos="32.90" speed="8.38" angle="305.29" x="98.79" y="122.58"/>
    </timestep>
    <timestep time="0.64">
        <vehicle id="cfm-fast_0" eclass="HBEFA3/PC_G_EU4" CO2="33111.74" CO="670.01" HC="3.87" NOx="15.36" PMx="0.83" fuel="14.23" electricity="0.00" noise="119.48" route="routeright" type="cfm-fast" waiting="0.00" lane="right_0" pos="48.84" speed="8.73" angle="276.69" x="66.26" y="132.22"/>
        <vehicle id="cfm-fast_1" eclass="HBEFA3/PC_G_EU4" CO2="33111.74" CO="670.01" HC="3.87" NOx="15.36" PMx="0.83" fuel="14.23" electricity="0.00" noise="119.48" route="routetop" type="cfm-fast" waiting="0.00" lane="top_0" pos="14.67" speed="8.73" angle="248.05" x="33.12" y="125.09"/>
        <vehicle id="cfm-fast_2" eclass="HBEFA3/PC_G_EU4" CO2="33111.74" CO="670.01" HC="3.87" NOx="15.36" PMx="0.83" fuel="14.23" electricity="0.00" noise="119.48" route="routetop" type="cfm-fast" waiting="0.00" lane="top_0" pos="30.50" speed="8.73" angle="219.58" x="7.55" y="103.12"/>
        <vehicle id="cfm-fast_3" eclass="HBEFA3/PC_G_EU4" CO2="33111.74" CO="670.01" HC="3.87" NOx="15.36" PMx="0.83" fuel="14.23" electricity="0.00" noise="119.48" route="routetop" type="cfm-fast" waiting="0.00" lane="top_0" pos="46.34" speed="8.73" angle="191.20" x="-4.48" y="71.62"/>
        <vehicle id="cfm-fast_4" eclass="HBEFA3/PC_G_EU4" CO2="33111.74" CO="670.01" HC="3.87" NOx="15.36" PMx="0.83" fuel="14.23" electricity="0.00" noise="119.48" route="routeleft" type="cfm-fast" waiting="0.00" lane="left_0" pos="12.17" speed="8.73" angle="162.56" x="0.03" y="38.02"/>
        <vehicle id="cfm-fast_5" eclass="HBEFA3/PC_G_EU4" CO2="33111.74" CO="670.01" HC="3.87" NOx="15.36" PMx="0.83" fuel="14.23" electricity="0.00" noise="119.48" route="routeleft" type="cfm-fast" waiting="0.00" lane="left_0" pos="28.00" speed="8.73" angle="134.06" x="19.93" y="10.81"/>
        <vehicle id="cfm-slow_0" eclass="HBEFA3/PC_G_EU4" CO2="27137.07" CO="549.64" HC="3.17" NOx="12.54" PMx="0.67" fuel="11.66" electricity="0.00" noise="109.25" route="routebottom" type="cfm-slow" waiting="0.00" lane="bottom_0" pos="3.82" speed="8.48" angle="87.66" x="71.95" y="-4.45"/>
        <vehicle id="cfm-slow_1" eclass="HBEFA3/PC_G_EU4" CO2="27137.07" CO="549.64" HC="3.17" NOx="12.54" PMx="0.67" fuel="11.66" electricity="0.00" noise="109.25" route="routebottom" type="cfm-slow" waiting="0.00" lane="bottom_0" pos="19.65" speed="8.48" angle="59.08" x="103.39" y="7.74"/>
        <vehicle id="cfm-slow_2" eclass="HBEFA3/PC_G_EU4" CO2="27137.10" CO="549.64" HC="3.17" NOx="12.54" PMx="0.67" fuel="11.66" electricity="0.00" noise="109.26" route="routebottom" type="cfm-slow" waiting="0.00" lane="bottom_0" pos="35.48" speed="8.48" angle="30.69" x="125.24" y="33.42"/>
        <vehicle id="cfm-slow_3" eclass="HBEFA3/PC_G_EU4" CO2="27138.09" CO="549.66" HC="3.17" NOx="12.54" PMx="0.67" fuel="11.67" electricity="0.00" noise="109.26" route="routebottom" type="cfm-slow" waiting="0.00" lane="right_0" pos="1.32" speed="8.48" angle="2.11" x="132.21" y="66.59"/>
        <vehicle id="cfm-slow_4" eclass="HBEFA3/PC_G_EU4" CO2="27163.26" CO="550.17" HC="3.17" NOx="12.56" PMx="0.67" fuel="11.68" electricity="0.00" noise="109.30" route="routeright" type="cfm-slow" waiting="0.00" lane="right_0" pos="17.15" speed="8.48" angle="333.62" x="122.53" y="98.89"/>
        <vehicle id="cfm-slow_5" eclass="HBEFA3/PC_G_EU4" CO2="27620.46" CO="559.44" HC="3.23" NOx="12.77" PMx="0.68" fuel="11.87" electricity="0.00" noise="110.14" route="routeright" type="cfm-slow" waiting="0.00" lane="right_0" pos="32.98" speed="8.49" angle="305.13" x="98.64" y="122.68"/>
    </timestep>
    <timestep time="0.65">
        <vehicle id="cfm-fast_0" eclass="HBEFA3/PC_G_EU4" CO2="33597.59" CO="678.61" HC="3.92" NOx="15.58" PMx="0.84" fuel="14.44" electricity="0.00" noise="119.54" route="routeright" type="cfm-fast" waiting="0.00" lane="right_0" pos="48.92" speed="8.86" angle="276.52" x="66.07" y="132.23"/>
        <vehicle id="cfm-fast_1" eclass="HBEFA3/PC_G_EU4" CO2="33597.59" CO="678.61" HC="3.92" NOx="15.58" PMx="0.84" fuel="14.44" electricity="0.00" noise="119.54" route="routetop" type="cfm-fast" waiting="0.00" lane="top_0" pos="14.76" speed="8.86" angle="247.88" x="32.95" y="125.01"/>
        <vehicle id="cfm-fast_2" eclass="HBEFA3/PC_G_EU4" CO2="33597.59" CO="678.61" HC="3.92" NOx="15.58" PMx="0.84" fuel="14.44" electricity="0.00" noise="119.54" route="routetop" type="cfm-fast" waiting="0.00" lane="top_0" pos="30.59" speed="8.86" angle="219.42" x="7.44" y="102.97"/>
        <vehicle id="cfm-fast_3" eclass="HBEFA3/PC_G_EU4" CO2="33597.59" CO="678.61" HC="3.92" NOx="15.58" PMx="0.84" fuel="14.44" electricity="0.00" noise="119.54" route="routetop" type="cfm-fast" waiting="0.00" lane="top_0" pos="46.42" speed="8.86" angle="191.04" x="-4.50" y="71.44"/>
        <vehicle id="cfm-fast_4" eclass="HBEFA3/PC_G_EU4" CO2="33597.59" CO="678.61" HC="3.92" NOx="15.58" PMx="0.84" fuel="14.44" electricity="0.00" noise="119.54" route="routeleft" type="cfm-fast" waiting="0.00" lane="left_0" pos="12.26" speed="8.86" angle="162.41" x="0.10" y="37.85"/>
        <vehicle id="cfm-fast_5" eclass="HBEFA3/PC_G_EU4" CO2="33597.59" CO="678.61" HC="3.92" NOx="15.58" PMx="0.84" fuel="14.44" electricity="0.00" noise="119.54" route="routeleft" type="cfm-fast" waiting="0.00" lane="left_0" pos="28.09" speed="8.86" angle="133.90" x="20.08" y="10.68"/>
        <vehicle id="cfm-slow_0" eclass="HBEFA3/PC_G_EU4" CO2="27238.79" CO="550.55" HC="3.18" NOx="12.59" PMx="0.67" fuel="11.71" electricity="0.00" noise="108.85" route="routebottom" type="cfm-slow" waiting="0.00" lane="bottom_0" pos="3.90" speed="8.59" angle="87.51" x="72.14" y="-4.42"/>
        <vehicle id="cfm-slow_1" eclass="HBEFA3/PC_G_EU4" CO2="27238.79" CO="550.55" HC="3.18" NOx="12.59" PMx="0.67" fuel="11.71" electricity="0.00" noise="108.85" route="routebottom" type="cfm-slow" waiting="0.00" lane="bottom_0" pos="19.74" speed="8.59" angle="58.93" x="103.54" y="7.85"/>
        <vehicle id="cfm-slow_2" eclass="HBEFA3/PC_G_EU4" CO2="27238.83" CO="550.55" HC="3.18" NOx="12.59" PMx="0.67" fuel="11.71" electricity="0.00" noise="108.85" route="routebottom" type="cfm-slow" waiting="0.00" lane="bottom_0" pos="35.57" speed="8.59" angle="30.53" x="125.32" y="33.58"/>
        <vehicle id="cfm-slow_3" eclass="HBEFA3/PC_G_EU4" CO2="27240.06" CO="550.58" HC="3.18" NOx="12.59" PMx="0.67" fuel="11.71" electricity="0.00" noise="108.85" route="routebottom" type="cfm-slow" waiting="0.00" lane="right_0" pos="1.40" speed="8.59" angle="1.95" x="132.20" y="66.78"/>
        <vehicle id="cfm-slow_4" eclass="HBEFA3/PC_G_EU4" CO2="27269.55" CO="551.18" HC="3.18" NOx="12.60" PMx="0.67" fuel="11.72" electricity="0.00" noise="108.91" route="routeright" type="cfm-slow" waiting="0.00" lane="right_0" pos="17.24" speed="8.59" angle="333.46" x="122.43" y="99.05"/>
        <vehicle id="cfm-slow_5" eclass="HBEFA3/PC_G_EU4" CO2="27777.77" CO="561.47" HC="3.24" NOx="12.84" PMx="0.69" fuel="11.94" electricity="0.00" noise="109.82" route="routeright" type="cfm-slow" waiting="0.00" lane="right_0" pos="33.07" speed="8.61" angle="304.97" x="98.48" y="122.77"/>
    </timestep>
    <timestep time="0.66">
        <vehicle id="cfm-fast_0" eclass="HBEFA3/PC_G_EU4" CO2="34083.73" CO="687.22" HC="3.97" NOx="15.81" PMx="0.85" fuel="14.65" electricity="0.00" noise="119.60" route="routeright" type="cfm-fast" waiting="0.00" lane="right_0" pos="49.02" speed="9.00" angle="276.35" x="65.88" y="132.23"/>
        <vehicle id="cfm-fast_1" eclass="HBEFA3/PC_G_EU4" CO2="34083.73" CO="687.22" HC="3.97" NOx="15.81" PMx="0.85" fuel="14.65" electricity="0.00" noise="119.60" route="routetop" type="cfm-fast" waiting="0.00" lane="top_0" pos="14.85" speed="9.00" angle="247.71" x="32.78" y="124.92"/>
        <vehicle id="cfm-fast_2" eclass="HBEFA3/PC_G_EU4" CO2="34083.73" CO="687.22" HC="3.97" NOx="15.81" PMx="0.85" fuel="14.65" electricity="0.00" noise="119.60" route="routetop" type="cfm-fast" waiting="0.00" lane="top_0" pos="30.68" speed="9.00" angle="219.27" x="7.32" y="102.81"/>
        <vehicle id="cfm-fast_3" eclass="HBEFA3/PC_G_EU4" CO2="34083.73" CO="687.22" HC="3.97" NOx="15.81" PMx="0.85" fuel="14.65" electricity="0.00" noise="119.60" route="routetop" type="cfm-fast" waiting="0.00" lane="top_0" pos="46.52" speed="9.00" angle="190.87" x="-4.52" y="71.24"/>
        <vehicle id="cfm-fast_4" eclass="HBEFA3/PC_G_EU4" CO2="34083.73" CO="687.22" HC="3.97" NOx="15.81" PMx="0.85" fuel="14.65" electricity="0.00" noise="119.60" route="routeleft" type="cfm-fast" waiting="0.00" lane="left_0" pos="12.35" speed="9.00" angle="162.25" x="0.17" y="37.67"/>
        <vehicle id="cfm-fast_5" eclass="HBEFA3/PC_G_EU4" CO2="34083.73" CO="687.22" HC="3.97" NOx="15.81" PMx="0.85" fuel="14.65" electricity="0.00" noise="119.60" route="routeleft" type="cfm-fast" waiting="0.00" lane="left_0" pos="28.18" speed="9.00" angle="133.78" x="20.22" y="10.56"/>
        <vehicle id="cfm-slow_0" eclass="HBEFA3/PC_G_EU4" CO2="27333.83" CO="551.34" HC="3.18" NOx="12.63" PMx="0.67" fuel="11.75" electricity="0.00" noise="108.45" route="routebottom" type="cfm-slow" waiting="0.00" lane="bottom_0" pos="3.99" speed="8.70" angle="87.35" x="72.32" y="-4.40"/>
        <vehicle id="cfm-slow_1" eclass="HBEFA3/PC_G_EU4" CO2="27333.83" CO="551.34" HC="3.18" NOx="12.63" PMx="0.67" fuel="11.75" electricity="0.00" noise="108.45" route="routebottom" type="cfm-slow" waiting="0.00" lane="bottom_0" pos="19.82" speed="8.70" angle="58.76" x="103.69" y="7.96"/>
        <vehicle id="cfm-slow_2" eclass="HBEFA3/PC_G_EU4" CO2="27333.88" CO="551.34" HC="3.18" NOx="12.63" PMx="0.67" fuel="11.75" electricity="0.00" noise="108.45" route="routebottom" type="cfm-slow" waiting="0.00" lane="bottom_0" pos="35.66" speed="8.70" angle="30.37" x="125.41" y="33.75"/>
        <vehicle id="cfm-slow_3" eclass="HBEFA3/PC_G_EU4" CO2="27335.39" CO="551.37" HC="3.18" NOx="12.63" PMx="0.67" fuel="11.75" electricity="0.00" noise="108.45" route="routebottom" type="cfm-slow" waiting="0.00" lane="right_0" pos="1.49" speed="8.70" angle="1.80" x="132.19" y="66.97"/>
        <vehicle id="cfm-slow_4" eclass="HBEFA3/PC_G_EU4" CO2="27369.68" CO="552.07" HC="3.19" NOx="12.65" PMx="0.68" fuel="11.76" electricity="0.00" noise="108.51" route="routeright" type="cfm-slow" waiting="0.00" lane="right_0" pos="17.32" speed="8.70" angle="333.31" x="122.34" y="99.21"/>
        <vehicle id="cfm-slow_5" eclass="HBEFA3/PC_G_EU4" CO2="27931.77" CO="563.46" HC="3.25" NOx="12.91" PMx="0.69" fuel="12.01" electricity="0.00" noise="109.51" route="routeright" type="cfm-slow" waiting="0.00" lane="right_0" pos="33.16" speed="8.72" angle="304.80" x="98.32" y="122.87"/>
    </timestep>
    <timestep time="0.67">
        <vehicle id="cfm-fast_0" eclass="HBEFA3/PC_G_EU4" CO2="34570.16" CO="695.86" HC="4.02" NOx="16.03" PMx="0.86" fuel="14.86" electricity="0.00" noise="119.66" route="routeright" type="cfm-fast" waiting="0.00" lane="right_0" pos="49.11" speed="9.14" angle="276.18" x="65.68" y="132.23"/>
        <vehicle id="cfm-fast_1" eclass="HBEFA3/PC_G_EU4" CO2="34570.16" CO="695.86" HC="4.02" NOx="16.03" PMx="0.86" fuel="14.86" electricity="0.00" noise="119.66" route="routetop" type="cfm-fast" waiting="0.00" lane="top_0" pos="14.94" speed="9.14" angle="247.53" x="32.60" y="124.83"/>
        <vehicle id="cfm-fast_2" eclass="HBEFA3/PC_G_EU4" CO2="34570.16" CO="695.86" HC="4.02" NOx="16.03" PMx="0.86" fuel="14.86" electricity="0.00" noise="119.66" route="routetop" type="cfm-fast" waiting="0.00" lane="top_0" pos="30.77" speed="9.14" angle="219.14" x="7.21" y="102.65"/>
        <vehicle id="cfm-fast_3" eclass="HBEFA3/PC_G_EU4" CO2="34570.16" CO="695.86" HC="4.02" NOx="16.03" PMx="0.86" fuel="14.86" electricity="0.00" noise="119.66" route="routetop" type="cfm-fast" waiting="0.00" lane="top_0" pos="46.61" speed="9.14" angle="190.70" x="-4.54" y="71.05"/>
        <vehicle id="cfm-fast_4" eclass="HBEFA3/PC_G_EU4" CO2="34570.16" CO="695.86" HC="4.02" NOx="16.03" PMx="0.86" fuel="14.86" electricity="0.00" noise="119.66" route="routeleft" type="cfm-fast" waiting="0.00" lane="left_0" pos="12.44" speed="9.14" angle="162.08" x="0.25" y="37.49"/>
        <vehicle id="cfm-fast_5" eclass="HBEFA3/PC_G_EU4" CO2="34570.16" CO="695.86" HC="4.02" NOx="16.03" PMx="0.86" fuel="14.86" electricity="0.00" noise="119.66" route="routeleft" type="cfm-fast" waiting="0.00" lane="left_0" pos="28.27" speed="9.14" angle="133.62" x="20.38" y="10.43"/>
        <vehicle id="cfm-slow_0" eclass="HBEFA3/PC_G_EU4" CO2="27422.35" CO="552.02" HC="3.19" NOx="12.67" PMx="0.68" fuel="11.79" electricity="0.00" noise="108.05" route="routebottom" type="cfm-slow" waiting="0.00" lane="bottom_0" pos="4.08" speed="8.81" angle="87.19" x="72.51" y="-4.37"/>
        <vehicle id="cfm-slow_1" eclass="HBEFA3/PC_G_EU4" CO2="27422.36" CO="552.02" HC="3.19" NOx="12.67" PMx="0.68" fuel="11.79" electricity="0.00" noise="108.05" route="routebottom" type="cfm-slow" waiting="0.00" lane="bottom_0" pos="19.91" speed="8.81" angle="58.60" x="103.85" y="8.07"/>
        <vehicle id="cfm-slow_2" eclass="HBEFA3/PC_G_EU4" CO2="27422.42" CO="552.02" HC="3.19" NOx="12.67" PMx="0.68" fuel="11.79" electricity="0.00" noise="108.05" route="routebottom" type="cfm-slow" waiting="0.00" lane="bottom_0" pos="35.75" speed="8.81" angle="30.21" x="125.49" y="33.92"/>
        <vehicle id="cfm-slow_3" eclass="HBEFA3/PC_G_EU4" CO2="27424.25" CO="552.06" HC="3.19" NOx="12.67" PMx="0.68" fuel="11.79" electricity="0.00" noise="108.05" route="routebottom" type="cfm-slow" waiting="0.00" lane="right_0" pos="1.58" speed="8.81" angle="1.64" x="132.18" y="67.15"/>
        <vehicle id="cfm-slow_4" eclass="HBEFA3/PC_G_EU4" CO2="27463.84" CO="552.87" HC="3.19" NOx="12.69" PMx="0.68" fuel="11.81" electricity="0.00" noise="108.13" route="routeright" type="cfm-slow" waiting="0.00" lane="right_0" pos="17.41" speed="8.81" angle="333.15" x="122.24" y="99.37"/>
        <vehicle id="cfm-slow_5" eclass="HBEFA3/PC_G_EU4" CO2="28082.65" CO="565.39" HC="3.27" NOx="12.98" PMx="0.69" fuel="12.07" electricity="0.00" noise="109.20" route="routeright" type="cfm-slow" waiting="0.00" lane="right_0" pos="33.25" speed="8.83" angle="304.65" x="98.15" y="122.96"/>
    </timestep>
    <timestep time="0.68">
        <vehicle id="cfm-fast_0" eclass="HBEFA3/PC_G_EU4" CO2="35056.89" CO="704.52" HC="4.07" NOx="16.26" PMx="0.87" fuel="15.07" electricity="0.00" noise="119.72" route="routeright" type="cfm-fast" waiting="0.00" lane="right_0" pos="49.20" speed="9.27" angle="276.01" x="65.48" y="132.24"/>
        <vehicle id="cfm-fast_1" eclass="HBEFA3/PC_G_EU4" CO2="35056.89" CO="704.52" HC="4.07" NOx="16.26" PMx="0.87" fuel="15.07" electricity="0.00" noise="119.72" route="routetop" type="cfm-fast" waiting="0.00" lane="top_0" pos="15.03" speed="9.27" angle="247.35" x="32.42" y="124.74"/>
        <vehicle id="cfm-fast_2" eclass="HBEFA3/PC_G_EU4" CO2="35056.89" CO="704.52" HC="4.07" NOx="16.26" PMx="0.87" fuel="15.07" electricity="0.00" noise="119.72" route="routetop" type="cfm-fast" waiting="0.00" lane="top_0" pos="30.87" speed="9.27" angle="218.98" x="7.10" y="102.48"/>
        <vehicle id="cfm-fast_3" eclass="HBEFA3/PC_G_EU4" CO2="35056.89" CO="704.52" HC="4.07" NOx="16.26" PMx="0.87" fuel="15.07" electricity="0.00" noise="119.72" route="routetop" type="cfm-fast" waiting="0.00" lane="top_0" pos="46.70" speed="9.27" angle="190.53" x="-4.56" y="70.85"/>
        <vehicle id="cfm-fast_4" eclass="HBEFA3/PC_G_EU4" CO2="35056.89" CO="704.52" HC="4.07" NOx="16.26" PMx="0.87" fuel="15.07" electricity="0.00" noise="119.72" route="routeleft" type="cfm-fast" waiting="0.00" lane="left_0" pos="12.53" speed="9.27" angle="161.92" x="0.32" y="37.30"/>
        <vehicle id="cfm-fast_5" eclass="HBEFA3/PC_G_EU4" CO2="35056.89" CO="704.52" HC="4.07" NOx="16.26" PMx="0.87" fuel="15.07" electricity="0.00" noise="119.72" route="routeleft" type="cfm-fast" waiting="0.00" lane="left_0" pos="28.37" speed="9.27" angle="133.45" x="20.53" y="10.31"/>
        <vehicle id="cfm-slow_0" eclass="HBEFA3/PC_G_EU4" CO2="27504.52" CO="552.59" HC="3.19" NOx="12.70" PMx="0.68" fuel="11.82" electricity="0.00" noise="107.66" route="routebottom" type="cfm-slow" waiting="0.00" lane="bottom_0" pos="4.17" speed="8.92" angle="87.03" x="72.70" y="-4.34"/>
        <vehicle id="cfm-slow_1" eclass="HBEFA3/PC_G_EU4" CO2="27504.52" CO="552.59" HC="3.19" NOx="12.70" PMx="0.68" fuel="11.82" electricity="0.00" noise="107.66" route="routebottom" type="cfm-slow" waiting="0.00" lane="bottom_0" pos="20.00" speed="8.92" angle="58.44" x="104.00" y="8.18"/>
        <vehicle id="cfm-slow_2" eclass="HBEFA3/PC_G_EU4" CO2="27504.60" CO="552.59" HC="3.19" NOx="12.70" PMx="0.68" fuel="11.82" electricity="0.00" noise="107.66" route="routebottom" type="cfm-slow" waiting="0.00" lane="bottom_0" pos="35.83" speed="8.92" angle="30.08" x="125.58" y="34.09"/>
        <vehicle id="cfm-slow_3" eclass="HBEFA3/PC_G_EU4" CO2="27506.81" CO="552.64" HC="3.19" NOx="12.71" PMx="0.68" fuel="11.82" electricity="0.00" noise="107.66" route="routebottom" type="cfm-slow" waiting="0.00" lane="right_0" pos="1.67" speed="8.92" angle="1.48" x="132.17" y="67.35"/>
        <vehicle id="cfm-slow_4" eclass="HBEFA3/PC_G_EU4" CO2="27552.22" CO="553.56" HC="3.20" NOx="12.73" PMx="0.68" fuel="11.84" electricity="0.00" noise="107.74" route="routeright" type="cfm-slow" waiting="0.00" lane="right_0" pos="17.50" speed="8.92" angle="332.99" x="122.14" y="99.53"/>
        <vehicle id="cfm-slow_5" eclass="HBEFA3/PC_G_EU4" CO2="28230.60" CO="567.29" HC="3.28" NOx="13.05" PMx="0.70" fuel="12.13" electricity="0.00" noise="108.91" route="routeright" type="cfm-slow" waiting="0.00" lane="right_0" pos="33.34" speed="8.94" angle="304.52" x="97.99" y="123.06"/>
    </timestep>
    <timestep time="0.69">
        <vehicle id="cfm-fast_0" eclass="HBEFA3/PC_G_EU4" CO2="35543.90" CO="713.20" HC="4.12" NOx="16.49" PMx="0.89" fuel="15.28" electricity="0.00" noise="119.78" route="routeright" type="cfm-fast" waiting="0.00" lane="right_0" pos="49.29" speed="9.41" angle="275.83" x="65.28" y="132.24"/>
        <vehicle id="cfm-fast_1" eclass="HBEFA3/PC_G_EU4" CO2="35543.90" CO="713.20" HC="4.12" NOx="16.49" PMx="0.89" fuel="15.28" electricity="0.00" noise="119.78" route="routetop" type="cfm-fast" waiting="0.00" lane="top_0" pos="15.13" speed="9.41" angle="247.17" x="32.24" y="124.65"/>
        <vehicle id="cfm-fast_2" eclass="HBEFA3/PC_G_EU4" CO2="35543.90" CO="713.20" HC="4.12" NOx="16.49" PMx="0.89" fuel="15.28" electricity="0.00" noise="119.78" route="routetop" type="cfm-fast" waiting="0.00" lane="top_0" pos="30.96" speed="9.41" angle="218.81" x="6.98" y="102.32"/>
        <vehicle id="cfm-fast_3" eclass="HBEFA3/PC_G_EU4" CO2="35543.90" CO="713.20" HC="4.12" NOx="16.49" PMx="0.89" fuel="15.28" electricity="0.00" noise="119.78" route="routetop" type="cfm-fast" waiting="0.00" lane="top_0" pos="46.79" speed="9.41" angle="190.36" x="-4.58" y="70.65"/>
        <vehicle id="cfm-fast_4" eclass="HBEFA3/PC_G_EU4" CO2="35543.90" CO="713.20" HC="4.12" NOx="16.49" PMx="0.89" fuel="15.28" electricity="0.00" noise="119.78" route="routeleft" type="cfm-fast" waiting="0.00" lane="left_0" pos="12.63" speed="9.41" angle="161.75" x="0.40" y="37.11"/>
        <vehicle id="cfm-fast_5" eclass="HBEFA3/PC_G_EU4" CO2="35543.90" CO="713.20" HC="4.12" NOx="16.49" PMx="0.89" fuel="15.28" electricity="0.00" noise="119.78" route="routeleft" type="cfm-fast" waiting="0.00" lane="left_0" pos="28.46" speed="9.41" angle="133.28" x="20.69" y="10.19"/>
        <vehicle id="cfm-slow_0" eclass="HBEFA3/PC_G_EU4" CO2="27580.49" CO="553.05" HC="3.20" NOx="12.74" PMx="0.68" fuel="11.86" electricity="0.00" noise="107.27" route="routebottom" type="cfm-slow" waiting="0.00" lane="bottom_0" pos="4.26" speed="9.03" angle="86.87" x="72.89" y="-4.32"/>
        <vehicle id="cfm-slow_1" eclass="HBEFA3/PC_G_EU4" CO2="27580.49" CO="553.05" HC="3.20" NOx="12.74" PMx="0.68" fuel="11.86" electricity="0.00" noise="107.27" route="routebottom" type="cfm-slow" waiting="0.00" lane="bottom_0" pos="20.09" speed="9.03" angle="58.27" x="104.16" y="8.29"/>
        <vehicle id="cfm-slow_2" eclass="HBEFA3/PC_G_EU4" CO2="27580.59" CO="553.06" HC="3.20" NOx="12.74" PMx="0.68" fuel="11.86" electricity="0.00" noise="107.27" route="routebottom" type="cfm-slow" waiting="0.00" lane="bottom_0" pos="35.92" speed="9.03" angle="29.94" x="125.67" y="34.26"/>
        <vehicle id="cfm-slow_3" eclass="HBEFA3/PC_G_EU4" CO2="27583.22" CO="553.11" HC="3.20" NOx="12.74" PMx="0.68" fuel="11.86" electricity="0.00" noise="107.27" route="routebottom" type="cfm-slow" waiting="0.00" lane="right_0" pos="1.76" speed="9.03" angle="1.32" x="132.16" y="67.54"/>
        <vehicle id="cfm-slow_4" eclass="HBEFA3/PC_G_EU4" CO2="27635.01" CO="554.16" HC="3.20" NOx="12.76" PMx="0.68" fuel="11.88" electricity="0.00" noise="107.36" route="routeright" type="cfm-slow" waiting="0.00" lane="right_0" pos="17.59" speed="9.03" angle="332.82" x="122.04" y="99.70"/>
        <vehicle id="cfm-slow_5" eclass="HBEFA3/PC_G_EU4" CO2="28375.81" CO="569.15" HC="3.29" NOx="13.11" PMx="0.70" fuel="12.20" electricity="0.00" noise="108.62" route="routeright" type="cfm-slow" waiting="0.00" lane="right_0" pos="33.43" speed="9.06" angle="304.36" x="97.82" y="123.16"/>
    </timestep>
    <timestep time="0.70">
        <vehicle id="cfm-fast_0" eclass="HBEFA3/PC_G_EU4" CO2="36031.21" CO="721.90" HC="4.18" NOx="16.71" PMx="0.90" fuel="15.49" electricity="0.00" noise="119.84" route="routeright" type="cfm-fast" waiting="0.00" lane="right_0" pos="49.39" speed="9.55" angle="275.66" x="65.08" y="132.25"/>
        <vehicle id="cfm-fast_1" eclass="HBEFA3/PC_G_EU4" CO2="36031.21" CO="721.90" HC="4.18" NOx="16.71" PMx="0.90" fuel="15.49" electricity="0.00" noise="119.84" route="routetop" type="cfm-fast" waiting="0.00" lane="top_0" pos="15.22" speed="9.55" angle="246.99" x="32.06" y="124.56"/>
        <vehicle id="cfm-fast_2" eclass="HBEFA3/PC_G_EU4" CO2="36031.21" CO="721.90" HC="4.18" NOx="16.71" PMx="0.90" fuel="15.49" electricity="0.00" noise="119.84" route="routetop" type="cfm-fast" waiting="0.00" lane="top_0" pos="31.06" speed="9.55" angle="218.64" x="6.87" y="102.14"/>
        <vehicle id="cfm-fast_3" eclass="HBEFA3/PC_G_EU4" CO2="36031.21" CO="721.90" HC="4.18" NOx="16.71" PMx="0.90" fuel="15.49" electricity="0.00" noise="119.84" route="routetop" type="cfm-fast" waiting="0.00" lane="top_0" pos="46.89" speed="9.55" angle="190.19" x="-4.60" y="70.44"/>
        <vehicle id="cfm-fast_4" eclass="HBEFA3/PC_G_EU4" CO2="36031.21" CO="721.90" HC="4.18" NOx="16.71" PMx="0.90" fuel="15.49" electricity="0.00" noise="119.84" route="routeleft" type="cfm-fast" waiting="0.00" lane="left_0" pos="12.72" speed="9.55" angle="161.61" x="0.47" y="36.92"/>
        <vehicle id="cfm-fast_5" eclass="HBEFA3/PC_G_EU4" CO2="36031.21" CO="721.90" HC="4.18" NOx="16.71" PMx="0.90" fuel="15.49" electricity="0.00" noise="119.84" route="routeleft" type="cfm-fast" waiting="0.00" lane="left_0" pos="28.56" speed="9.55" angle="133.10" x="20.85" y="10.06"/>
        <vehicle id="cfm-slow_0" eclass="HBEFA3/PC_G_EU4" CO2="27650.41" CO="553.41" HC="3.20" NOx="12.77" PMx="0.68" fuel="11.89" electricity="0.00" noise="106.88" route="routebottom" type="cfm-slow" waiting="0.00" lane="bottom_0" pos="4.35" speed="9.13" angle="86.70" x="73.09" y="-4.29"/>
        <vehicle id="cfm-slow_1" eclass="HBEFA3/PC_G_EU4" CO2="27650.42" CO="553.41" HC="3.20" NOx="12.77" PMx="0.68" fuel="11.89" electricity="0.00" noise="106.88" route="routebottom" type="cfm-slow" waiting="0.00" lane="bottom_0" pos="20.18" speed="9.13" angle="58.10" x="104.32" y="8.41"/>
        <vehicle id="cfm-slow_2" eclass="HBEFA3/PC_G_EU4" CO2="27650.54" CO="553.41" HC="3.20" NOx="12.77" PMx="0.68" fuel="11.89" electricity="0.00" noise="106.88" route="routebottom" type="cfm-slow" waiting="0.00" lane="bottom_0" pos="36.02" speed="9.13" angle="29.77" x="125.75" y="34.44"/>
        <vehicle id="cfm-slow_3" eclass="HBEFA3/PC_G_EU4" CO2="27653.66" CO="553.48" HC="3.20" NOx="12.77" PMx="0.68" fuel="11.89" electricity="0.00" noise="106.89" route="routebottom" type="cfm-slow" waiting="0.00" lane="right_0" pos="1.85" speed="9.14" angle="1.15" x="132.14" y="67.74"/>
        <vehicle id="cfm-slow_4" eclass="HBEFA3/PC_G_EU4" CO2="27712.39" CO="554.67" HC="3.21" NOx="12.80" PMx="0.68" fuel="11.91" electricity="0.00" noise="106.99" route="routeright" type="cfm-slow" waiting="0.00" lane="right_0" pos="17.68" speed="9.14" angle="332.66" x="121.94" y="99.87"/>
        <vehicle id="cfm-slow_5" eclass="HBEFA3/PC_G_EU4" CO2="28518.45" CO="570.97" HC="3.30" NOx="13.18" PMx="0.70" fuel="12.26" electricity="0.00" noise="108.33" route="routeright" type="cfm-slow" waiting="0.00" lane="right_0" pos="33.52" speed="9.17" angle="304.20" x="97.65" y="123.25"/>
    </timestep>
    <timestep time="0.71">
        <vehicle id="cfm-fast_0" eclass="HBEFA3/PC_G_EU4" CO2="36518.81" CO="730.63" HC="4.23" NOx="16.94" PMx="0.91" fuel="15.70" electricity="0.00" noise="119.90" route="routeright" type="cfm-fast" waiting="0.00" lane="right_0" pos="49.49" speed="9.68" angle="275.47" x="64.87" y="132.25"/>
        <vehicle id="cfm-fast_1" eclass="HBEFA3/PC_G_EU4" CO2="36518.81" CO="730.63" HC="4.23" NOx="16.94" PMx="0.91" fuel="15.70" electricity="0.00" noise="119.90" route="routetop" type="cfm-fast" waiting="0.00" lane="top_0" pos="15.32" speed="9.68" angle="246.85" x="31.87" y="124.46"/>
        <vehicle id="cfm-fast_2" eclass="HBEFA3/PC_G_EU4" CO2="36518.81" CO="730.63" HC="4.23" NOx="16.94" PMx="0.91" fuel="15.70" electricity="0.00" noise="119.90" route="routetop" type="cfm-fast" waiting="0.00" lane="top_0" pos="31.15" speed="9.68" angle="218.46" x="6.76" y="101.97"/>
        <vehicle id="cfm-fast_3" eclass="HBEFA3/PC_G_EU4" CO2="36518.81" CO="730.63" HC="4.23" NOx="16.94" PMx="0.91" fuel="15.70" electricity="0.00" noise="119.90" route="routetop" type="cfm-fast" waiting="0.00" lane="top_0" pos="46.99" speed="9.68" angle="190.01" x="-4.62" y="70.24"/>
        <vehicle id="cfm-fast_4" eclass="HBEFA3/PC_G_EU4" CO2="36518.81" CO="730.63" HC="4.23" NOx="16.94" PMx="0.91" fuel="15.70" electricity="0.00" noise="119.90" route="routeleft" type="cfm-fast" waiting="0.00" lane="left_0" pos="12.82" speed="9.68" angle="161.46" x="0.55" y="36.73"/>
        <vehicle id="cfm-fast_5" eclass="HBEFA3/PC_G_EU4" CO2="36518.81" CO="730.63" HC="4.23" NOx="16.94" PMx="0.91" fuel="15.70" electricity="0.00" noise="119.90" route="routeleft" type="cfm-fast" waiting="0.00" lane="left_0" pos="28.65" speed="9.68" angle="132.92" x="21.02" y="9.93"/>
        <vehicle id="cfm-slow_0" eclass="HBEFA3/PC_G_EU4" CO2="27714.45" CO="553.67" HC="3.20" NOx="12.80" PMx="0.68" fuel="11.91" electricity="0.00" noise="106.50" route="routebottom" type="cfm-slow" waiting="0.00" lane="bottom_0" pos="4.44" speed="9.24" angle="86.53" x="73.28" y="-4.26"/>
        <vehicle id="cfm-slow_1" eclass="HBEFA3/PC_G_EU4" CO2="27714.45" CO="553.67" HC="3.20" NOx="12.80" PMx="0.68" fuel="11.91" electricity="0.00" noise="106.50" route="routebottom" type="cfm-slow" waiting="0.00" lane="bottom_0" pos="20.28" speed="9.24" angle="57.93" x="104.48" y="8.52"/>
        <vehicle id="cfm-slow_2" eclass="HBEFA3/PC_G_EU4" CO2="27714.61" CO="553.67" HC="3.20" NOx="12.80" PMx="0.68" fuel="11.91" electricity="0.00" noise="106.50" route="routebottom" type="cfm-slow" waiting="0.00" lane="bottom_0" pos="36.11" speed="9.24" angle="29.59" x="125.83" y="34.62"/>
        <vehicle id="cfm-slow_3" eclass="HBEFA3/PC_G_EU4" CO2="27718.27" CO="553.74" HC="3.20" NOx="12.80" PMx="0.68" fuel="11.91" electricity="0.00" noise="106.50" route="routebottom" type="cfm-slow" waiting="0.00" lane="right_0" pos="1.94" speed="9.24" angle="0.99" x="132.13" y="67.93"/>
        <vehicle id="cfm-slow_4" eclass="HBEFA3/PC_G_EU4" CO2="27784.55" CO="555.09" HC="3.21" NOx="12.83" PMx="0.68" fuel="11.94" electricity="0.00" noise="106.62" route="routeright" type="cfm-slow" waiting="0.00" lane="right_0" pos="17.78" speed="9.24" angle="332.49" x="121.84" y="100.04"/>
        <vehicle id="cfm-slow_5" eclass="HBEFA3/PC_G_EU4" CO2="28658.70" CO="572.77" HC="3.31" NOx="13.24" PMx="0.71" fuel="12.32" electricity="0.00" noise="108.06" route="routeright" type="cfm-slow" waiting="0.00" lane="right_0" pos="33.61" speed="9.28" angle="304.03" x="97.47" y="123.35"/>
    </timestep>
    <timestep time="0.72">
        <vehicle id="cfm-fast_0" eclass="HBEFA3/PC_G_EU4" CO2="37006.70" CO="739.37" HC="4.28" NOx="17.17" PMx="0.92" fuel="15.91" electricity="0.00" noise="119.96" route="routeright" type="cfm-fast" waiting="0.00" lane="right_0" pos="49.58" speed="9.82" angle="275.29" x="64.66" y="132.25"/>
        <vehicle id="cfm-fast_1" eclass="HBEFA3/PC_G_EU4" CO2="37006.70" CO="739.37" HC="4.28" NOx="17.17" PMx="0.92" fuel="15.91" electricity="0.00" noise="119.96" route="routetop" type="cfm-fast" waiting="0.00" lane="top_0" pos="15.42" speed="9.82" angle="246.70" x="31.69" y="124.36"/>
        <vehicle id="cfm-fast_2" eclass="HBEFA3/PC_G_EU4" CO2="37006.70" CO="739.37" HC="4.28" NOx="17.17" PMx="0.92" fuel="15.91" electricity="0.00" noise="119.96" route="routetop" type="cfm-fast" waiting="0.00" lane="top_0" pos="31.25" speed="9.82" angle="218.28" x="6.64" y="101.80"/>
        <vehicle id="cfm-fast_3" eclass="HBEFA3/PC_G_EU4" CO2="37006.70" CO="739.37" HC="4.28" NOx="17.17" PMx="0.92" fuel="15.91" electricity="0.00" noise="119.96" route="routetop" type="cfm-fast" waiting="0.00" lane="top_0" pos="47.08" speed="9.82" angle="189.83" x="-4.64" y="70.03"/>
        <vehicle id="cfm-fast_4" eclass="HBEFA3/PC_G_EU4" CO2="37006.70" CO="739.37" HC="4.28" NOx="17.17" PMx="0.92" fuel="15.91" electricity="0.00" noise="119.96" route="routeleft" type="cfm-fast" waiting="0.00" lane="left_0" pos="12.92" speed="9.82" angle="161.28" x="0.64" y="36.54"/>
        <vehicle id="cfm-fast_5" eclass="HBEFA3/PC_G_EU4" CO2="37006.70" CO="739.37" HC="4.28" NOx="17.17" PMx="0.92" fuel="15.91" electricity="0.00" noise="119.96" route="routeleft" type="cfm-fast" waiting="0.00" lane="left_0" pos="28.75" speed="9.82" angle="132.74" x="21.18" y="9.80"/>
        <vehicle id="cfm-slow_0" eclass="HBEFA3/PC_G_EU4" CO2="27772.74" CO="553.82" HC="3.21" NOx="12.82" PMx="0.68" fuel="11.94" electricity="0.00" noise="106.12" route="routebottom" type="cfm-slow" waiting="0.00" lane="bottom_0" pos="4.54" speed="9.35" angle="86.36" x="73.48" y="-4.23"/>
        <vehicle id="cfm-slow_1" eclass="HBEFA3/PC_G_EU4" CO2="27772.74" CO="553.82" HC="3.21" NOx="12.82" PMx="0.68" fuel="11.94" electricity="0.00" noise="106.12" route="routebottom" type="cfm-slow" waiting="0.00" lane="bottom_0" pos="20.37" speed="9.35" angle="57.76" x="104.64" y="8.64"/>
        <vehicle id="cfm-slow_2" eclass="HBEFA3/PC_G_EU4" CO2="27772.93" CO="553.83" HC="3.21" NOx="12.82" PMx="0.68" fuel="11.94" electricity="0.00" noise="106.12" route="routebottom" type="cfm-slow" waiting="0.00" lane="bottom_0" pos="36.20" speed="9.35" angle="29.40" x="125.91" y="34.81"/>
        <vehicle id="cfm-slow_3" eclass="HBEFA3/PC_G_EU4" CO2="27777.22" CO="553.91" HC="3.21" NOx="12.82" PMx="0.68" fuel="11.94" electricity="0.00" noise="106.13" route="routebottom" type="cfm-slow" waiting="0.00" lane="right_0" pos="2.04" speed="9.35" angle="0.82" x="132.12" y="68.14"/>
        <vehicle id="cfm-slow_4" eclass="HBEFA3/PC_G_EU4" CO2="27851.66" CO="555.42" HC="3.21" NOx="12.86" PMx="0.69" fuel="11.97" electricity="0.00" noise="106.25" route="routeright" type="cfm-slow" waiting="0.00" lane="right_0" pos="17.87" speed="9.35" angle="332.36" x="121.74" y="100.21"/>
        <vehicle id="cfm-slow_5" eclass="HBEFA3/PC_G_EU4" CO2="28796.73" CO="574.53" HC="3.32" NOx="13.30" PMx="0.71" fuel="12.38" electricity="0.00" noise="107.79" route="routeright" type="cfm-slow" waiting="0.00" lane="right_0" pos="33.70" speed="9.38" angle="303.86" x="97.29" y="123.45"/>
    </timestep>
    <timestep time="0.73">
        <vehicle id="cfm-fast_0" eclass="HBEFA3/PC_G_EU4" CO2="37494.88" CO="748.14" HC="4.33" NOx="17.39" PMx="0.94" fuel="16.12" electricity="0.00" noise="120.02" route="routeright" type="cfm-fast" waiting="0.00" lane="right_0" pos="49.68" speed="9.95" angle="275.11" x="64.44" y="132.26"/>
        <vehicle id="cfm-fast_1" eclass="HBEFA3/PC_G_EU4" CO2="37494.88" CO="748.14" HC="4.33" NOx="17.39" PMx="0.94" fuel="16.12" electricity="0.00" noise="120.02" route="routetop" type="cfm-fast" waiting="0.00" lane="top_0" pos="15.52" speed="9.95" angle="246.52" x="31.50" y="124.26"/>
        <vehicle id="cfm-fast_2" eclass="HBEFA3/PC_G_EU4" CO2="37494.88" CO="748.14" HC="4.33" NOx="17.39" PMx="0.94" fuel="16.12" electricity="0.00" noise="120.02" route="routetop" type="cfm-fast" waiting="0.00" lane="top_0" pos="31.35" speed="9.95" angle="218.10" x="6.52" y="101.62"/>
        <vehicle id="cfm-fast_3" eclass="HBEFA3/PC_G_EU4" CO2="37494.88" CO="748.14" HC="4.33" NOx="17.39" PMx="0.94" fuel="16.12" electricity="0.00" noise="120.02" route="routetop" type="cfm-fast" waiting="0.00" lane="top_0" pos="47.18" speed="9.95" angle="189.64" x="-4.67" y="69.81"/>
        <vehicle id="cfm-fast_4" eclass="HBEFA3/PC_G_EU4" CO2="37494.88" CO="748.14" HC="4.33" NOx="17.39" PMx="0.94" fuel="16.12" electricity="0.00" noise="120.02" route="routeleft" type="cfm-fast" waiting="0.00" lane="left_0" pos="13.02" speed="9.95" angle="161.09" x="0.73" y="36.34"/>
        <vehicle id="cfm-fast_5" eclass="HBEFA3/PC_G_EU4" CO2="37494.88" CO="748.14" HC="4.33" NOx="17.39" PMx="0.94" fuel="16.12" electricity="0.00" noise="120.02" route="routeleft" type="cfm-fast" waiting="0.00" lane="left_0" pos="28.85" speed="9.95" angle="132.55" x="21.35" y="9.67"/>
        <vehicle id="cfm-slow_0" eclass="HBEFA3/PC_G_EU4" CO2="27825.43" CO="553.88" HC="3.21" NOx="12.84" PMx="0.69" fuel="11.96" electricity="0.00" noise="105.74" route="routebottom" type="cfm-slow" waiting="0.00" lane="bottom_0" pos="4.63" speed="9.45" angle="86.19" x="73.68" y="-4.21"/>
        <vehicle id="cfm-slow_1" eclass="HBEFA3/PC_G_EU4" CO2="27825.44" CO="553.88" HC="3.21" NOx="12.84" PMx="0.69" fuel="11.96" electricity="0.00" noise="105.74" route="routebottom" type="cfm-slow" waiting="0.00" lane="bottom_0" pos="20.46" speed="9.45" angle="57.63" x="104.81" y="8.76"/>
        <vehicle id="cfm-slow_2" eclass="HBEFA3/PC_G_EU4" CO2="27825.67" CO="553.89" HC="3.21" NOx="12.84" PMx="0.69" fuel="11.96" electricity="0.00" noise="105.74" route="routebottom" type="cfm-slow" waiting="0.00" lane="bottom_0" pos="36.30" speed="9.45" angle="29.22" x="125.99" y="34.99"/>
        <vehicle id="cfm-slow_3" eclass="HBEFA3/PC_G_EU4" CO2="27830.65" CO="553.99" HC="3.21" NOx="12.85" PMx="0.69" fuel="11.96" electricity="0.00" noise="105.75" route="routebottom" type="cfm-slow" waiting="0.00" lane="right_0" pos="2.13" speed="9.45" angle="0.65" x="132.11" y="68.34"/>
        <vehicle id="cfm-slow_4" eclass="HBEFA3/PC_G_EU4" CO2="27913.90" CO="555.68" HC="3.22" NOx="12.88" PMx="0.69" fuel="12.00" electricity="0.00" noise="105.89" route="routeright" type="cfm-slow" waiting="0.00" lane="right_0" pos="17.96" speed="9.45" angle="332.21" x="121.63" y="100.39"/>
        <vehicle id="cfm-slow_5" eclass="HBEFA3/PC_G_EU4" CO2="28932.69" CO="576.27" HC="3.34" NOx="13.36" PMx="0.71" fuel="12.44" electricity="0.00" noise="107.53" route="routeright" type="cfm-slow" waiting="0.00" lane="right_0" pos="33.80" speed="9.49" angle="303.69" x="97.12" y="123.55"/>
    </timestep>
    <timestep time="0.74">
        <vehicle id="cfm-fast_0" eclass="HBEFA3/PC_G_EU4" CO2="37689.60" CO="750.89" HC="4.35" NOx="17.48" PMx="0.94" fuel="16.20" electricity="0.00" noise="119.59" route="routeright" type="cfm-fast" waiting="0.00" lane="right_0" pos="49.78" speed="10.09" angle="274.92" x="64.22" y="132.26"/>
        <vehicle id="cfm-fast_1" eclass="HBEFA3/PC_G_EU4" CO2="37689.60" CO="750.89" HC="4.35" NOx="17.48" PMx="0.94" fuel="16.20" electricity="0.00" noise="119.59" route="routetop" type="cfm-fast" waiting="0.00" lane="top_0" pos="15.62" speed="10.09" angle="246.34" x="31.31" y="124.16"/>
        <vehicle id="cfm-fast_2" eclass="HBEFA3/PC_G_EU4" CO2="37689.60" CO="750.89" HC="4.35" NOx="17.48" PMx="0.94" fuel="16.20" electricity="0.00" noise="119.59" route="routetop" type="cfm-fast" waiting="0.00" lane="top_0" pos="31.45" speed="10.09" angle="217.92" x="6.40" y="101.44"/>
        <vehicle id="cfm-fast_3" eclass="HBEFA3/PC_G_EU4" CO2="37689.60" CO="750.89" HC="4.35" NOx="17.48" PMx="0.94" fuel="16.20" electricity="0.00" noise="119.59" route="routetop" type="cfm-fast" waiting="0.00" lane="top_0" pos="47.28" speed="10.09" angle="189.46" x="-4.69" y="69.60"/>
        <vehicle id="cfm-fast_4" eclass="HBEFA3/PC_G_EU4" CO2="37689.60" CO="750.89" HC="4.35" NOx="17.48" PMx="0.94" fuel="16.20" electricity="0.00" noise="119.59" route="routeleft" type="cfm-fast" waiting="0.00" lane="left_0" pos="13.12" speed="10.09" angle="160.90" x="0.82" y="36.14"/>
        <vehicle id="cfm-fast_5" eclass="HBEFA3/PC_G_EU4" CO2="37983.36" CO="756.93" HC="4.38" NOx="17.62" PMx="0.95" fuel="16.33" electricity="0.00" noise="120.08" route="routeleft" type="cfm-fast" waiting="0.00" lane="left_0" pos="28.95" speed="10.09" angle="132.37" x="21.52" y="9.54"/>
        <vehicle id="cfm-slow_0" eclass="HBEFA3/PC_G_EU4" CO2="27872.67" CO="553.85" HC="3.21" NOx="12.86" PMx="0.69" fuel="11.98" electricity="0.00" noise="105.37" route="routebottom" type="cfm-slow" waiting="0.00" lane="bottom_0" pos="4.73" speed="9.55" angle="86.02" x="73.89" y="-4.18"/>
        <vehicle id="cfm-slow_1" eclass="HBEFA3/PC_G_EU4" CO2="27872.68" CO="553.85" HC="3.21" NOx="12.86" PMx="0.69" fuel="11.98" electricity="0.00" noise="105.37" route="routebottom" type="cfm-slow" waiting="0.00" lane="bottom_0" pos="20.56" speed="9.55" angle="57.48" x="104.97" y="8.88"/>
        <vehicle id="cfm-slow_2" eclass="HBEFA3/PC_G_EU4" CO2="27872.95" CO="553.85" HC="3.21" NOx="12.86" PMx="0.69" fuel="11.98" electricity="0.00" noise="105.37" route="routebottom" type="cfm-slow" waiting="0.00" lane="bottom_0" pos="36.39" speed="9.55" angle="29.03" x="126.08" y="35.18"/>
        <vehicle id="cfm-slow_3" eclass="HBEFA3/PC_G_EU4" CO2="27878.71" CO="553.97" HC="3.21" NOx="12.87" PMx="0.69" fuel="11.98" electricity="0.00" noise="105.38" route="routebottom" type="cfm-slow" waiting="0.00" lane="right_0" pos="2.23" speed="9.55" angle="0.48" x="132.10" y="68.54"/>
        <vehicle id="cfm-slow_4" eclass="HBEFA3/PC_G_EU4" CO2="27971.44" CO="555.85" HC="3.22" NOx="12.91" PMx="0.69" fuel="12.02" electricity="0.00" noise="105.53" route="routeright" type="cfm-slow" waiting="0.00" lane="right_0" pos="18.06" speed="9.56" angle="332.03" x="121.51" y="100.56"/>
        <vehicle id="cfm-slow_5" eclass="HBEFA3/PC_G_EU4" CO2="29066.74" CO="577.98" HC="3.35" NOx="13.42" PMx="0.72" fuel="12.49" electricity="0.00" noise="107.27" route="routeright" type="cfm-slow" waiting="0.00" lane="right_0" pos="33.90" speed="9.60" angle="303.51" x="96.94" y="123.65"/>
    </timestep>
    <timestep time="0.75">
        <vehicle id="cfm-fast_0" eclass="HBEFA3/PC_G_EU4" CO2="37838.45" CO="752.72" HC="4.36" NOx="17.55" PMx="0.94" fuel="16.26" electricity="0.00" noise="119.11" route="routeright" type="cfm-fast" waiting="0.00" lane="right_0" pos="49.89" speed="10.22" angle="274.73" x="64.00" y="132.27"/>
        <vehicle id="cfm-fast_1" eclass="HBEFA3/PC_G_EU4" CO2="37838.45" CO="752.72" HC="4.36" NOx="17.55" PMx="0.94" fuel="16.26" electricity="0.00" noise="119.11" route="routetop" type="cfm-fast" waiting="0.00" lane="top_0" pos="15.72" speed="10.22" angle="246.15" x="31.12" y="124.05"/>
        <vehicle id="cfm-fast_2" eclass="HBEFA3/PC_G_EU4" CO2="37838.45" CO="752.72" HC="4.36" NOx="17.55" PMx="0.94" fuel="16.26" electricity="0.00" noise="119.11" route="routetop" type="cfm-fast" waiting="0.00" lane="top_0" pos="31.55" speed="10.22" angle="217.74" x="6.28" y="101.25"/>
        <vehicle id="cfm-fast_3" eclass="HBEFA3/PC_G_EU4" CO2="37838.45" CO="752.72" HC="4.36" NOx="17.55" PMx="0.94" fuel="16.26" electricity="0.00" noise="119.11" route="routetop" type="cfm-fast" waiting="0.00" lane="top_0" pos="47.39" speed="10.22" angle="189.29" x="-4.71" y="69.38"/>
        <vehicle id="cfm-fast_4" eclass="HBEFA3/PC_G_EU4" CO2="37841.18" CO="752.78" HC="4.36" NOx="17.55" PMx="0.94" fuel="16.27" electricity="0.00" noise="119.11" route="routeleft" type="cfm-fast" waiting="0.00" lane="left_0" pos="13.22" speed="10.22" angle="160.71" x="0.91" y="35.94"/>
        <vehicle id="cfm-fast_5" eclass="HBEFA3/PC_G_EU4" CO2="38472.13" CO="765.74" HC="4.44" NOx="17.85" PMx="0.96" fuel="16.54" electricity="0.00" noise="120.14" route="routeleft" type="cfm-fast" waiting="0.00" lane="left_0" pos="29.05" speed="10.23" angle="132.18" x="21.70" y="9.40"/>
        <vehicle id="cfm-slow_0" eclass="HBEFA3/PC_G_EU4" CO2="27914.59" CO="553.72" HC="3.21" NOx="12.88" PMx="0.69" fuel="12.00" electricity="0.00" noise="105.00" route="routebottom" type="cfm-slow" waiting="0.00" lane="bottom_0" pos="4.82" speed="9.66" angle="85.84" x="74.09" y="-4.15"/>
        <vehicle id="cfm-slow_1" eclass="HBEFA3/PC_G_EU4" CO2="27914.60" CO="553.72" HC="3.21" NOx="12.88" PMx="0.69" fuel="12.00" electricity="0.00" noise="105.00" route="routebottom" type="cfm-slow" waiting="0.00" lane="bottom_0" pos="20.66" speed="9.66" angle="57.30" x="105.14" y="9.01"/>
        <vehicle id="cfm-slow_2" eclass="HBEFA3/PC_G_EU4" CO2="27914.93" CO="553.73" HC="3.21" NOx="12.88" PMx="0.69" fuel="12.00" electricity="0.00" noise="105.00" route="routebottom" type="cfm-slow" waiting="0.00" lane="bottom_0" pos="36.49" speed="9.66" angle="28.85" x="126.16" y="35.37"/>
        <vehicle id="cfm-slow_3" eclass="HBEFA3/PC_G_EU4" CO2="27921.56" CO="553.86" HC="3.21" NOx="12.88" PMx="0.69" fuel="12.00" electricity="0.00" noise="105.01" route="routebottom" type="cfm-slow" waiting="0.00" lane="right_0" pos="2.32" speed="9.66" angle="0.31" x="132.08" y="68.75"/>
        <vehicle id="cfm-slow_4" eclass="HBEFA3/PC_G_EU4" CO2="28024.44" CO="555.95" HC="3.22" NOx="12.93" PMx="0.69" fuel="12.05" electricity="0.00" noise="105.18" route="routeright" type="cfm-slow" waiting="0.00" lane="right_0" pos="18.16" speed="9.66" angle="331.84" x="121.40" y="100.73"/>
        <vehicle id="cfm-slow_5" eclass="HBEFA3/PC_G_EU4" CO2="29196.44" CO="579.62" HC="3.36" NOx="13.48" PMx="0.72" fuel="12.55" electricity="0.00" noise="107.01" route="routeright" type="cfm-slow" waiting="0.00" lane="right_0" pos="33.99" speed="9.71" angle="303.33" x="96.75" y="123.75"/>
    </timestep>
    <timestep time="0.76">
        <vehicle id="cfm-fast_0" eclass="HBEFA3/PC_G_EU4" CO2="37977.75" CO="754.39" HC="4.37" NOx="17.61" PMx="0.95" fuel="16.32" electricity="0.00" noise="118.63" route="routeright" type="cfm-fast" waiting="0.00" lane="right_0" pos="49.99" speed="10.36" angle="274.57" x="63.78" y="132.27"/>
        <vehicle id="cfm-fast_1" eclass="HBEFA3/PC_G_EU4" CO2="37977.75" CO="754.39" HC="4.37" NOx="17.61" PMx="0.95" fuel="16.32" electricity="0.00" noise="118.63" route="routetop" type="cfm-fast" waiting="0.00" lane="top_0" pos="15.82" speed="10.36" angle="245.97" x="30.92" y="123.94"/>
        <vehicle id="cfm-fast_2" eclass="HBEFA3/PC_G_EU4" CO2="37977.75" CO="754.39" HC="4.37" NOx="17.61" PMx="0.95" fuel="16.32" electricity="0.00" noise="118.63" route="routetop" type="cfm-fast" waiting="0.00" lane="top_0" pos="31.66" speed="10.36" angle="217.55" x="6.15" y="101.07"/>
        <vehicle id="cfm-fast_3" eclass="HBEFA3/PC_G_EU4" CO2="37977.77" CO="754.39" HC="4.37" NOx="17.61" PMx="0.95" fuel="16.32" electricity="0.00" noise="118.63" route="routetop" type="cfm-fast" waiting="0.00" lane="top_0" pos="47.49" speed="10.36" angle="189.14" x="-4.73" y="69.16"/>
        <vehicle id="cfm-fast_4" eclass="HBEFA3/PC_G_EU4" CO2="37986.38" CO="754.56" HC="4.37" NOx="17.61" PMx="0.95" fuel="16.33" electricity="0.00" noise="118.65" route="routeleft" type="cfm-fast" waiting="0.00" lane="left_0" pos="13.32" speed="10.36" angle="160.52" x="1.00" y="35.74"/>
        <vehicle id="cfm-fast_5" eclass="HBEFA3/PC_G_EU4" CO2="38961.19" CO="774.57" HC="4.49" NOx="18.07" PMx="0.97" fuel="16.75" electricity="0.00" noise="120.20" route="routeleft" type="cfm-fast" waiting="0.00" lane="left_0" pos="29.16" speed="10.36" angle="131.98" x="21.87" y="9.26"/>
        <vehicle id="cfm-slow_0" eclass="HBEFA3/PC_G_EU4" CO2="27951.33" CO="553.50" HC="3.21" NOx="12.89" PMx="0.69" fuel="12.01" electricity="0.00" noise="104.64" route="routebottom" type="cfm-slow" waiting="0.00" lane="bottom_0" pos="4.92" speed="9.76" angle="85.67" x="74.30" y="-4.12"/>
        <vehicle id="cfm-slow_1" eclass="HBEFA3/PC_G_EU4" CO2="27951.35" CO="553.51" HC="3.21" NOx="12.89" PMx="0.69" fuel="12.01" electricity="0.00" noise="104.64" route="routebottom" type="cfm-slow" waiting="0.00" lane="bottom_0" pos="20.75" speed="9.76" angle="57.12" x="105.30" y="9.14"/>
        <vehicle id="cfm-slow_2" eclass="HBEFA3/PC_G_EU4" CO2="27951.74" CO="553.51" HC="3.21" NOx="12.89" PMx="0.69" fuel="12.02" electricity="0.00" noise="104.64" route="routebottom" type="cfm-slow" waiting="0.00" lane="bottom_0" pos="36.59" speed="9.76" angle="28.66" x="126.25" y="35.56"/>
        <vehicle id="cfm-slow_3" eclass="HBEFA3/PC_G_EU4" CO2="27959.33" CO="553.67" HC="3.21" NOx="12.90" PMx="0.69" fuel="12.02" electricity="0.00" noise="104.65" route="routebottom" type="cfm-slow" waiting="0.00" lane="right_0" pos="2.42" speed="9.76" angle="0.13" x="132.07" y="68.96"/>
        <vehicle id="cfm-slow_4" eclass="HBEFA3/PC_G_EU4" CO2="28073.06" CO="555.97" HC="3.22" NOx="12.95" PMx="0.69" fuel="12.07" electricity="0.00" noise="104.83" route="routeright" type="cfm-slow" waiting="0.00" lane="right_0" pos="18.25" speed="9.76" angle="331.65" x="121.28" y="100.90"/>
        <vehicle id="cfm-slow_5" eclass="HBEFA3/PC_G_EU4" CO2="29321.54" CO="581.19" HC="3.37" NOx="13.54" PMx="0.72" fuel="12.60" electricity="0.00" noise="106.76" route="routeright" type="cfm-slow" waiting="0.00" lane="right_0" pos="34.09" speed="9.81" angle="303.16" x="96.57" y="123.85"/>
    </timestep>
    <timestep time="0.77">
        <vehicle id="cfm-fast_0" eclass="HBEFA3/PC_G_EU4" CO2="38107.73" CO="755.88" HC="4.38" NOx="17.67" PMx="0.95" fuel="16.38" electricity="0.00" noise="118.16" route="routetop" type="cfm-fast" waiting="0.00" lane="top_0" pos="0.09" speed="10.49" angle="274.30" x="63.37" y="132.27"/>
        <vehicle id="cfm-fast_1" eclass="HBEFA3/PC_G_EU4" CO2="38107.73" CO="755.88" HC="4.38" NOx="17.67" PMx="0.95" fuel="16.38" electricity="0.00" noise="118.16" route="routetop" type="cfm-fast" waiting="0.00" lane="top_0" pos="15.93" speed="10.49" angle="245.78" x="30.72" y="123.83"/>
        <vehicle id="cfm-fast_2" eclass="HBEFA3/PC_G_EU4" CO2="38107.73" CO="755.88" HC="4.38" NOx="17.67" PMx="0.95" fuel="16.38" electricity="0.00" noise="118.16" route="routetop" type="cfm-fast" waiting="0.00" lane="top_0" pos="31.76" speed="10.49" angle="217.36" x="6.03" y="100.88"/>
        <vehicle id="cfm-fast_3" eclass="HBEFA3/PC_G_EU4" CO2="38107.84" CO="755.89" HC="4.38" NOx="17.67" PMx="0.95" fuel="16.38" electricity="0.00" noise="118.16" route="routetop" type="cfm-fast" waiting="0.00" lane="top_0" pos="47.59" speed="10.49" angle="188.94" x="-4.74" y="68.93"/>
        <vehicle id="cfm-fast_4" eclass="HBEFA3/PC_G_EU4" CO2="38125.53" CO="756.25" HC="4.38" NOx="17.68" PMx="0.95" fuel="16.39" electricity="0.00" noise="118.19" route="routeleft" type="cfm-fast" waiting="0.00" lane="left_0" pos="13.43" speed="10.49" angle="160.33" x="1.09" y="35.53"/>
        <vehicle id="cfm-fast_5" eclass="HBEFA3/PC_G_EU4" CO2="39450.54" CO="783.42" HC="4.54" NOx="18.30" PMx="0.99" fuel="16.96" electricity="0.00" noise="120.26" route="routeleft" type="cfm-fast" waiting="0.00" lane="left_0" pos="29.26" speed="10.50" angle="131.79" x="22.05" y="9.12"/>
        <vehicle id="cfm-slow_0" eclass="HBEFA3/PC_G_EU4" CO2="27983.03" CO="553.20" HC="3.21" NOx="12.91" PMx="0.69" fuel="12.03" electricity="0.00" noise="104.27" route="routebottom" type="cfm-slow" waiting="0.00" lane="bottom_0" pos="5.02" speed="9.86" angle="85.42" x="74.51" y="-4.09"/>
        <vehicle id="cfm-slow_1" eclass="HBEFA3/PC_G_EU4" CO2="27983.05" CO="553.20" HC="3.21" NOx="12.91" PMx="0.69" fuel="12.03" electricity="0.00" noise="104.27" route="routebottom" type="cfm-slow" waiting="0.00" lane="bottom_0" pos="20.85" speed="9.86" angle="56.94" x="105.47" y="9.27"/>
        <vehicle id="cfm-slow_2" eclass="HBEFA3/PC_G_EU4" CO2="27983.52" CO="553.21" HC="3.21" NOx="12.91" PMx="0.69" fuel="12.03" electricity="0.00" noise="104.27" route="routebottom" type="cfm-slow" waiting="0.00" lane="bottom_0" pos="36.68" speed="9.86" angle="28.46" x="126.33" y="35.76"/>
        <vehicle id="cfm-slow_3" eclass="HBEFA3/PC_G_EU4" CO2="27992.16" CO="553.39" HC="3.21" NOx="12.91" PMx="0.69" fuel="12.03" electricity="0.00" noise="104.29" route="routebottom" type="cfm-slow" waiting="0.00" lane="right_0" pos="2.52" speed="9.86" angle="359.98" x="132.06" y="69.17"/>
        <vehicle id="cfm-slow_4" eclass="HBEFA3/PC_G_EU4" CO2="28117.42" CO="555.93" HC="3.22" NOx="12.97" PMx="0.69" fuel="12.09" electricity="0.00" noise="104.49" route="routeright" type="cfm-slow" waiting="0.00" lane="right_0" pos="18.35" speed="9.86" angle="331.46" x="121.16" y="101.08"/>
        <vehicle id="cfm-slow_5" eclass="HBEFA3/PC_G_EU4" CO2="29442.13" CO="582.67" HC="3.38" NOx="13.59" PMx="0.73" fuel="12.66" electricity="0.00" noise="106.51" route="routeright" type="cfm-slow" waiting="0.00" lane="right_0" pos="34.19" speed="9.92" angle="302.98" x="96.38" y="123.96"/>
    </timestep>
    <timestep time="0.78">
        <vehicle id="cfm-fast_0" eclass="HBEFA3/PC_G_EU4" CO2="38228.64" CO="757.22" HC="4.39" NOx="17.72" PMx="0.95" fuel="16.43" electricity="0.00" noise="117.69" route="routetop" type="cfm-fast" waiting="0.00" lane="top_0" pos="0.20" speed="10.62" angle="274.11" x="63.14" y="132.26"/>
        <vehicle id="cfm-fast_1" eclass="HBEFA3/PC_G_EU4" CO2="38228.64" CO="757.22" HC="4.39" NOx="17.72" PMx="0.95" fuel="16.43" electricity="0.00" noise="117.69" route="routetop" type="cfm-fast" waiting="0.00" lane="top_0" pos="16.03" speed="10.62" angle="245.59" x="30.52" y="123.72"/>
        <vehicle id="cfm-fast_2" eclass="HBEFA3/PC_G_EU4" CO2="38228.64" CO="757.22" HC="4.39" NOx="17.72" PMx="0.95" fuel="16.43" electricity="0.00" noise="117.69" route="routetop" type="cfm-fast" waiting="0.00" lane="top_0" pos="31.87" speed="10.62" angle="217.17" x="5.90" y="100.69"/>
        <vehicle id="cfm-fast_3" eclass="HBEFA3/PC_G_EU4" CO2="38228.91" CO="757.22" HC="4.39" NOx="17.72" PMx="0.95" fuel="16.43" electricity="0.00" noise="117.69" route="routetop" type="cfm-fast" waiting="0.00" lane="top_0" pos="47.70" speed="10.62" angle="188.74" x="-4.76" y="68.70"/>
        <vehicle id="cfm-fast_4" eclass="HBEFA3/PC_G_EU4" CO2="38258.96" CO="757.84" HC="4.39" NOx="17.74" PMx="0.95" fuel="16.45" electricity="0.00" noise="117.74" route="routeleft" type="cfm-fast" waiting="0.00" lane="left_0" pos="13.53" speed="10.62" angle="160.13" x="1.19" y="35.33"/>
        <vehicle id="cfm-fast_5" eclass="HBEFA3/PC_G_EU4" CO2="39940.18" CO="792.30" HC="4.59" NOx="18.53" PMx="1.00" fuel="17.17" electricity="0.00" noise="120.32" route="routeleft" type="cfm-fast" waiting="0.00" lane="left_0" pos="29.37" speed="10.64" angle="131.60" x="22.23" y="8.98"/>
        <vehicle id="cfm-slow_0" eclass="HBEFA3/PC_G_EU4" CO2="28009.82" CO="552.82" HC="3.21" NOx="12.92" PMx="0.69" fuel="12.04" electricity="0.00" noise="103.91" route="routebottom" type="cfm-slow" waiting="0.00" lane="bottom_0" pos="5.12" speed="9.96" angle="85.27" x="74.72" y="-4.06"/>
        <vehicle id="cfm-slow_1" eclass="HBEFA3/PC_G_EU4" CO2="28009.85" CO="552.82" HC="3.21" NOx="12.92" PMx="0.69" fuel="12.04" electricity="0.00" noise="103.91" route="routebottom" type="cfm-slow" waiting="0.00" lane="bottom_0" pos="20.95" speed="9.96" angle="56.76" x="105.64" y="9.40"/>
        <vehicle id="cfm-slow_2" eclass="HBEFA3/PC_G_EU4" CO2="28010.39" CO="552.83" HC="3.21" NOx="12.92" PMx="0.69" fuel="12.04" electricity="0.00" noise="103.92" route="routebottom" type="cfm-slow" waiting="0.00" lane="bottom_0" pos="36.78" speed="9.96" angle="28.27" x="126.42" y="35.95"/>
        <vehicle id="cfm-slow_3" eclass="HBEFA3/PC_G_EU4" CO2="28020.19" CO="553.03" HC="3.21" NOx="12.92" PMx="0.69" fuel="12.04" electricity="0.00" noise="103.93" route="routebottom" type="cfm-slow" waiting="0.00" lane="right_0" pos="2.62" speed="9.96" angle="359.80" x="132.04" y="69.39"/>
        <vehicle id="cfm-slow_4" eclass="HBEFA3/PC_G_EU4" CO2="28157.66" CO="555.82" HC="3.22" NOx="12.99" PMx="0.69" fuel="12.10" electricity="0.00" noise="104.15" route="routeright" type="cfm-slow" waiting="0.00" lane="right_0" pos="18.45" speed="9.96" angle="331.26" x="121.04" y="101.26"/>
        <vehicle id="cfm-slow_5" eclass="HBEFA3/PC_G_EU4" CO2="29558.26" CO="584.08" HC="3.39" NOx="13.65" PMx="0.73" fuel="12.71" electricity="0.00" noise="106.26" route="routeright" type="cfm-slow" waiting="0.00" lane="right_0" pos="34.29" speed="10.03" angle="302.79" x="96.19" y="124.06"/>
    </timestep>
    <timestep time="0.79">
        <vehicle id="cfm-fast_0" eclass="HBEFA3/PC_G_EU4" CO2="38340.68" CO="758.39" HC="4.40" NOx="17.77" PMx="0.96" fuel="16.48" electricity="0.00" noise="117.23" route="routetop" type="cfm-fast" waiting="0.00" lane="top_0" pos="0.31" speed="10.75" angle="273.92" x="62.91" y="132.26"/>
        <vehicle id="cfm-fast_1" eclass="HBEFA3/PC_G_EU4" CO2="38340.68" CO="758.39" HC="4.40" NOx="17.77" PMx="0.96" fuel="16.48" electricity="0.00" noise="117.23" route="routetop" type="cfm-fast" waiting="0.00" lane="top_0" pos="16.14" speed="10.75" angle="245.39" x="30.32" y="123.61"/>
        <vehicle id="cfm-fast_2" eclass="HBEFA3/PC_G_EU4" CO2="38340.68" CO="758.39" HC="4.40" NOx="17.77" PMx="0.96" fuel="16.48" electricity="0.00" noise="117.23" route="routetop" type="cfm-fast" waiting="0.00" lane="top_0" pos="31.98" speed="10.75" angle="217.00" x="5.77" y="100.50"/>
        <vehicle id="cfm-fast_3" eclass="HBEFA3/PC_G_EU4" CO2="38341.23" CO="758.41" HC="4.40" NOx="17.77" PMx="0.96" fuel="16.48" electricity="0.00" noise="117.23" route="routetop" type="cfm-fast" waiting="0.00" lane="top_0" pos="47.81" speed="10.75" angle="188.53" x="-4.77" y="68.47"/>
        <vehicle id="cfm-fast_4" eclass="HBEFA3/PC_G_EU4" CO2="38386.97" CO="759.34" HC="4.40" NOx="17.79" PMx="0.96" fuel="16.50" electricity="0.00" noise="117.30" route="routeleft" type="cfm-fast" waiting="0.00" lane="left_0" pos="13.64" speed="10.75" angle="159.93" x="1.28" y="35.11"/>
        <vehicle id="cfm-fast_5" eclass="HBEFA3/PC_G_EU4" CO2="40430.12" CO="801.20" HC="4.65" NOx="18.76" PMx="1.01" fuel="17.38" electricity="0.00" noise="120.38" route="routeleft" type="cfm-fast" waiting="0.00" lane="left_0" pos="29.48" speed="10.77" angle="131.45" x="22.41" y="8.84"/>
        <vehicle id="cfm-slow_0" eclass="HBEFA3/PC_G_EU4" CO2="28031.82" CO="552.35" HC="3.20" NOx="12.92" PMx="0.69" fuel="12.05" electricity="0.00" noise="103.56" route="routebottom" type="cfm-slow" waiting="0.00" lane="bottom_0" pos="5.22" speed="10.06" angle="85.09" x="74.94" y="-4.02"/>
        <vehicle id="cfm-slow_1" eclass="HBEFA3/PC_G_EU4" CO2="28031.85" CO="552.35" HC="3.20" NOx="12.92" PMx="0.69" fuel="12.05" electricity="0.00" noise="103.56" route="routebottom" type="cfm-slow" waiting="0.00" lane="bottom_0" pos="21.05" speed="10.06" angle="56.58" x="105.81" y="9.54"/>
        <vehicle id="cfm-slow_2" eclass="HBEFA3/PC_G_EU4" CO2="28032.49" CO="552.36" HC="3.20" NOx="12.92" PMx="0.69" fuel="12.05" electricity="0.00" noise="103.56" route="routebottom" type="cfm-slow" waiting="0.00" lane="bottom_0" pos="36.88" speed="10.06" angle="28.07" x="126.51" y="36.15"/>
        <vehicle id="cfm-slow_3" eclass="HBEFA3/PC_G_EU4" CO2="28043.56" CO="552.59" HC="3.21" NOx="12.93" PMx="0.69" fuel="12.05" electricity="0.00" noise="103.58" route="routebottom" type="cfm-slow" waiting="0.00" lane="right_0" pos="2.72" speed="10.06" angle="359.62" x="132.02" y="69.60"/>
        <vehicle id="cfm-slow_4" eclass="HBEFA3/PC_G_EU4" CO2="28193.90" CO="555.64" HC="3.22" NOx="13.00" PMx="0.69" fuel="12.12" electricity="0.00" noise="103.81" route="routeright" type="cfm-slow" waiting="0.00" lane="right_0" pos="18.55" speed="10.06" angle="331.07" x="120.92" y="101.44"/>
        <vehicle id="cfm-slow_5" eclass="HBEFA3/PC_G_EU4" CO2="29670.00" CO="585.42" HC="3.40" NOx="13.70" PMx="0.73" fuel="12.75" electricity="0.00" noise="106.01" route="routeright" type="cfm-slow" waiting="0.00" lane="right_0" pos="34.39" speed="10.13" angle="302.61" x="96.00" y="124.17"/>
    </timestep>
    <timestep time="0.80">
        <vehicle id="cfm-fast_0" eclass="HBEFA3/PC_G_EU4" CO2="38444.08" CO="759.42" HC="4.41" NOx="17.82" PMx="0.96" fuel="16.53" electricity="0.00" noise="116.77" route="routetop" type="cfm-fast" waiting="0.00" lane="top_0" pos="0.42" speed="10.88" angle="273.72" x="62.67" y="132.25"/>
        <vehicle id="cfm-fast_1" eclass="HBEFA3/PC_G_EU4" CO2="38444.08" CO="759.42" HC="4.41" NOx="17.82" PMx="0.96" fuel="16.53" electricity="0.00" noise="116.77" route="routetop" type="cfm-fast" waiting="0.00" lane="top_0" pos="16.25" speed="10.88" angle="245.20" x="30.12" y="123.50"/>
        <vehicle id="cfm-fast_2" eclass="HBEFA3/PC_G_EU4" CO2="38444.09" CO="759.42" HC="4.41" NOx="17.82" PMx="0.96" fuel="16.53" electricity="0.00" noise="116.77" route="routetop" type="cfm-fast" waiting="0.00" lane="top_0" pos="32.08" speed="10.88" angle="216.84" x="5.65" y="100.30"/>
        <vehicle id="cfm-fast_3" eclass="HBEFA3/PC_G_EU4" CO2="38445.07" CO="759.44" HC="4.41" NOx="17.82" PMx="0.96" fuel="16.53" electricity="0.00" noise="116.77" route="routetop" type="cfm-fast" waiting="0.00" lane="top_0" pos="47.92" speed="10.88" angle="188.32" x="-4.78" y="68.24"/>
        <vehicle id="cfm-fast_4" eclass="HBEFA3/PC_G_EU4" CO2="38509.86" CO="760.77" HC="4.41" NOx="17.85" PMx="0.96" fuel="16.55" electricity="0.00" noise="116.86" route="routeleft" type="cfm-fast" waiting="0.00" lane="left_0" pos="13.75" speed="10.88" angle="159.73" x="1.38" y="34.90"/>
        <vehicle id="cfm-fast_5" eclass="HBEFA3/PC_G_EU4" CO2="40920.34" CO="810.11" HC="4.70" NOx="18.98" PMx="1.02" fuel="17.59" electricity="0.00" noise="120.44" route="routeleft" type="cfm-fast" waiting="0.00" lane="left_0" pos="29.58" speed="10.91" angle="131.26" x="22.60" y="8.70"/>
        <vehicle id="cfm-slow_0" eclass="HBEFA3/PC_G_EU4" CO2="28049.17" CO="551.80" HC="3.20" NOx="12.93" PMx="0.69" fuel="12.06" electricity="0.00" noise="103.21" route="routebottom" type="cfm-slow" waiting="0.00" lane="bottom_0" pos="5.32" speed="10.16" angle="84.90" x="75.15" y="-3.98"/>
        <vehicle id="cfm-slow_1" eclass="HBEFA3/PC_G_EU4" CO2="28049.20" CO="551.80" HC="3.20" NOx="12.93" PMx="0.69" fuel="12.06" electricity="0.00" noise="103.21" route="routebottom" type="cfm-slow" waiting="0.00" lane="bottom_0" pos="21.15" speed="10.16" angle="56.40" x="105.98" y="9.67"/>
        <vehicle id="cfm-slow_2" eclass="HBEFA3/PC_G_EU4" CO2="28049.94" CO="551.82" HC="3.20" NOx="12.93" PMx="0.69" fuel="12.06" electricity="0.00" noise="103.21" route="routebottom" type="cfm-slow" waiting="0.00" lane="bottom_0" pos="36.99" speed="10.16" angle="27.88" x="126.60" y="36.35"/>
        <vehicle id="cfm-slow_3" eclass="HBEFA3/PC_G_EU4" CO2="28062.41" CO="552.07" HC="3.20" NOx="12.94" PMx="0.69" fuel="12.06" electricity="0.00" noise="103.23" route="routebottom" type="cfm-slow" waiting="0.00" lane="right_0" pos="2.82" speed="10.16" angle="359.44" x="132.00" y="69.82"/>
        <vehicle id="cfm-slow_4" eclass="HBEFA3/PC_G_EU4" CO2="28226.27" CO="555.39" HC="3.22" NOx="13.01" PMx="0.69" fuel="12.13" electricity="0.00" noise="103.48" route="routeright" type="cfm-slow" waiting="0.00" lane="right_0" pos="18.65" speed="10.16" angle="330.87" x="120.80" y="101.62"/>
        <vehicle id="cfm-slow_5" eclass="HBEFA3/PC_G_EU4" CO2="29777.42" CO="586.68" HC="3.40" NOx="13.74" PMx="0.73" fuel="12.80" electricity="0.00" noise="105.76" route="routeright" type="cfm-slow" waiting="0.00" lane="right_0" pos="34.49" speed="10.23" angle="302.42" x="95.81" y="124.27"/>
    </timestep>
    <timestep time="0.81">
        <vehicle id="cfm-fast_0" eclass="HBEFA3/PC_G_EU4" CO2="38539.06" CO="760.29" HC="4.41" NOx="17.86" PMx="0.96" fuel="16.57" electricity="0.00" noise="116.31" route="routetop" type="cfm-fast" waiting="0.00" lane="top_0" pos="0.53" speed="11.00" angle="273.52" x="62.44" y="132.25"/>
        <vehicle id="cfm-fast_1" eclass="HBEFA3/PC_G_EU4" CO2="38539.06" CO="760.29" HC="4.41" NOx="17.86" PMx="0.96" fuel="16.57" electricity="0.00" noise="116.31" route="routetop" type="cfm-fast" waiting="0.00" lane="top_0" pos="16.36" speed="11.00" angle="245.00" x="29.91" y="123.38"/>
        <vehicle id="cfm-fast_2" eclass="HBEFA3/PC_G_EU4" CO2="38539.08" CO="760.29" HC="4.41" NOx="17.86" PMx="0.96" fuel="16.57" electricity="0.00" noise="116.31" route="routetop" type="cfm-fast" waiting="0.00" lane="top_0" pos="32.19" speed="11.00" angle="216.63" x="5.52" y="100.10"/>
        <vehicle id="cfm-fast_3" eclass="HBEFA3/PC_G_EU4" CO2="38540.66" CO="760.32" HC="4.41" NOx="17.86" PMx="0.96" fuel="16.57" electricity="0.00" noise="116.31" route="routetop" type="cfm-fast" waiting="0.00" lane="top_0" pos="48.03" speed="11.00" angle="188.11" x="-4.80" y="68.00"/>
        <vehicle id="cfm-fast_4" eclass="HBEFA3/PC_G_EU4" CO2="38627.93" CO="762.11" HC="4.42" NOx="17.90" PMx="0.96" fuel="16.60" electricity="0.00" noise="116.44" route="routeleft" type="cfm-fast" waiting="0.00" lane="left_0" pos="13.86" speed="11.00" angle="159.52" x="1.47" y="34.69"/>
        <vehicle id="cfm-fast_5" eclass="HBEFA3/PC_G_EU4" CO2="41410.86" CO="819.05" HC="4.75" NOx="19.21" PMx="1.04" fuel="17.80" electricity="0.00" noise="120.50" route="routeleft" type="cfm-fast" waiting="0.00" lane="left_0" pos="29.70" speed="11.05" angle="131.05" x="22.80" y="8.56"/>
        <vehicle id="cfm-slow_0" eclass="HBEFA3/PC_G_EU4" CO2="28061.97" CO="551.18" HC="3.20" NOx="12.93" PMx="0.69" fuel="12.06" electricity="0.00" noise="102.86" route="routebottom" type="cfm-slow" waiting="0.00" lane="bottom_0" pos="5.42" speed="10.25" angle="84.72" x="75.37" y="-3.94"/>
        <vehicle id="cfm-slow_1" eclass="HBEFA3/PC_G_EU4" CO2="28062.02" CO="551.18" HC="3.20" NOx="12.93" PMx="0.69" fuel="12.06" electricity="0.00" noise="102.86" route="routebottom" type="cfm-slow" waiting="0.00" lane="bottom_0" pos="21.26" speed="10.25" angle="56.21" x="106.15" y="9.81"/>
        <vehicle id="cfm-slow_2" eclass="HBEFA3/PC_G_EU4" CO2="28062.87" CO="551.20" HC="3.20" NOx="12.93" PMx="0.69" fuel="12.06" electricity="0.00" noise="102.86" route="routebottom" type="cfm-slow" waiting="0.00" lane="bottom_0" pos="37.09" speed="10.25" angle="27.69" x="126.69" y="36.55"/>
        <vehicle id="cfm-slow_3" eclass="HBEFA3/PC_G_EU4" CO2="28076.85" CO="551.48" HC="3.20" NOx="12.94" PMx="0.69" fuel="12.07" electricity="0.00" noise="102.88" route="routebottom" type="cfm-slow" waiting="0.00" lane="right_0" pos="2.92" speed="10.25" angle="359.25" x="131.97" y="70.04"/>
        <vehicle id="cfm-slow_4" eclass="HBEFA3/PC_G_EU4" CO2="28254.89" CO="555.09" HC="3.22" NOx="13.02" PMx="0.69" fuel="12.15" electricity="0.00" noise="103.15" route="routeright" type="cfm-slow" waiting="0.00" lane="right_0" pos="18.76" speed="10.26" angle="330.67" x="120.68" y="101.80"/>
        <vehicle id="cfm-slow_5" eclass="HBEFA3/PC_G_EU4" CO2="29880.59" CO="587.87" HC="3.41" NOx="13.79" PMx="0.74" fuel="12.84" electricity="0.00" noise="105.52" route="routeright" type="cfm-slow" waiting="0.00" lane="right_0" pos="34.60" speed="10.34" angle="302.29" x="95.61" y="124.38"/>
    </timestep>
    <timestep time="0.82">
        <vehicle id="cfm-fast_0" eclass="HBEFA3/PC_G_EU4" CO2="38625.83" CO="761.02" HC="4.42" NOx="17.90" PMx="0.96" fuel="16.60" electricity="0.00" noise="115.86" route="routetop" type="cfm-fast" waiting="0.00" lane="top_0" pos="0.64" speed="11.13" angle="273.32" x="62.20" y="132.24"/>
        <vehicle id="cfm-fast_1" eclass="HBEFA3/PC_G_EU4" CO2="38625.83" CO="761.02" HC="4.42" NOx="17.90" PMx="0.96" fuel="16.60" electricity="0.00" noise="115.86" route="routetop" type="cfm-fast" waiting="0.00" lane="top_0" pos="16.47" speed="11.13" angle="244.80" x="29.70" y="123.27"/>
        <vehicle id="cfm-fast_2" eclass="HBEFA3/PC_G_EU4" CO2="38625.87" CO="761.02" HC="4.42" NOx="17.90" PMx="0.96" fuel="16.60" electricity="0.00" noise="115.86" route="routetop" type="cfm-fast" waiting="0.00" lane="top_0" pos="32.31" speed="11.13" angle="216.42" x="5.40" y="99.89"/>
        <vehicle id="cfm-fast_3" eclass="HBEFA3/PC_G_EU4" CO2="38628.26" CO="761.07" HC="4.42" NOx="17.90" PMx="0.96" fuel="16.60" electricity="0.00" noise="115.86" route="routetop" type="cfm-fast" waiting="0.00" lane="top_0" pos="48.14" speed="11.13" angle="187.90" x="-4.81" y="67.76"/>
        <vehicle id="cfm-fast_4" eclass="HBEFA3/PC_G_EU4" CO2="38741.46" CO="763.39" HC="4.43" NOx="17.95" PMx="0.97" fuel="16.65" electricity="0.00" noise="116.03" route="routeleft" type="cfm-fast" waiting="0.00" lane="left_0" pos="13.97" speed="11.13" angle="159.33" x="1.57" y="34.47"/>
        <vehicle id="cfm-fast_5" eclass="HBEFA3/PC_G_EU4" CO2="41901.67" CO="828.01" HC="4.80" NOx="19.44" PMx="1.05" fuel="18.01" electricity="0.00" noise="120.56" route="routeleft" type="cfm-fast" waiting="0.00" lane="left_0" pos="29.81" speed="11.18" angle="130.85" x="22.99" y="8.42"/>
        <vehicle id="cfm-slow_0" eclass="HBEFA3/PC_G_EU4" CO2="28070.37" CO="550.48" HC="3.20" NOx="12.94" PMx="0.69" fuel="12.07" electricity="0.00" noise="102.51" route="routebottom" type="cfm-slow" waiting="0.00" lane="bottom_0" pos="5.53" speed="10.35" angle="84.53" x="75.59" y="-3.90"/>
        <vehicle id="cfm-slow_1" eclass="HBEFA3/PC_G_EU4" CO2="28070.42" CO="550.48" HC="3.20" NOx="12.94" PMx="0.69" fuel="12.07" electricity="0.00" noise="102.51" route="routebottom" type="cfm-slow" waiting="0.00" lane="bottom_0" pos="21.36" speed="10.35" angle="56.02" x="106.33" y="9.95"/>
        <vehicle id="cfm-slow_2" eclass="HBEFA3/PC_G_EU4" CO2="28071.40" CO="550.50" HC="3.20" NOx="12.94" PMx="0.69" fuel="12.07" electricity="0.00" noise="102.51" route="routebottom" type="cfm-slow" waiting="0.00" lane="bottom_0" pos="37.19" speed="10.35" angle="27.56" x="126.78" y="36.75"/>
        <vehicle id="cfm-slow_3" eclass="HBEFA3/PC_G_EU4" CO2="28087.02" CO="550.82" HC="3.20" NOx="12.94" PMx="0.69" fuel="12.07" electricity="0.00" noise="102.54" route="routebottom" type="cfm-slow" waiting="0.00" lane="right_0" pos="3.03" speed="10.35" angle="359.07" x="131.95" y="70.26"/>
        <vehicle id="cfm-slow_4" eclass="HBEFA3/PC_G_EU4" CO2="28279.87" CO="554.73" HC="3.22" NOx="13.03" PMx="0.69" fuel="12.16" electricity="0.00" noise="102.83" route="routeright" type="cfm-slow" waiting="0.00" lane="right_0" pos="18.86" speed="10.36" angle="330.47" x="120.56" y="101.99"/>
        <vehicle id="cfm-slow_5" eclass="HBEFA3/PC_G_EU4" CO2="29979.58" CO="588.98" HC="3.42" NOx="13.83" PMx="0.74" fuel="12.89" electricity="0.00" noise="105.27" route="routeright" type="cfm-slow" waiting="0.00" lane="right_0" pos="34.70" speed="10.44" angle="302.11" x="95.42" y="124.48"/>
    </timestep>
    <timestep time="0.83">
        <vehicle id="cfm-fast_0" eclass="HBEFA3/PC_G_EU4" CO2="38704.60" CO="761.60" HC="4.42" NOx="17.93" PMx="0.97" fuel="16.64" electricity="0.00" noise="115.41" route="routetop" type="cfm-fast" waiting="0.00" lane="top_0" pos="0.75" speed="11.25" angle="273.12" x="61.95" y="132.24"/>
        <vehicle id="cfm-fast_1" eclass="HBEFA3/PC_G_EU4" CO2="38704.60" CO="761.60" HC="4.42" NOx="17.93" PMx="0.97" fuel="16.64" electricity="0.00" noise="115.41" route="routetop" type="cfm-fast" waiting="0.00" lane="top_0" pos="16.58" speed="11.25" angle="244.62" x="29.49" y="123.15"/>
        <vehicle id="cfm-fast_2" eclass="HBEFA3/PC_G_EU4" CO2="38704.66" CO="761.60" HC="4.42" NOx="17.93" PMx="0.97" fuel="16.64" electricity="0.00" noise="115.41" route="routetop" type="cfm-fast" waiting="0.00" lane="top_0" pos="32.42" speed="11.25" angle="216.21" x="5.28" y="99.69"/>
        <vehicle id="cfm-fast_3" eclass="HBEFA3/PC_G_EU4" CO2="38708.11" CO="761.67" HC="4.42" NOx="17.93" PMx="0.97" fuel="16.64" electricity="0.00" noise="115.42" route="routetop" type="cfm-fast" waiting="0.00" lane="top_0" pos="48.25" speed="11.25" angle="187.68" x="-4.83" y="67.52"/>
        <vehicle id="cfm-fast_4" eclass="HBEFA3/PC_G_EU4" CO2="38850.71" CO="764.59" HC="4.44" NOx="18.00" PMx="0.97" fuel="16.70" electricity="0.00" noise="115.62" route="routeleft" type="cfm-fast" waiting="0.00" lane="left_0" pos="14.08" speed="11.25" angle="159.17" x="1.67" y="34.25"/>
        <vehicle id="cfm-fast_5" eclass="HBEFA3/PC_G_EU4" CO2="42392.77" CO="837.00" HC="4.86" NOx="19.67" PMx="1.06" fuel="18.22" electricity="0.00" noise="120.62" route="routeleft" type="cfm-fast" waiting="0.00" lane="left_0" pos="29.92" speed="11.32" angle="130.64" x="23.19" y="8.28"/>
        <vehicle id="cfm-slow_0" eclass="HBEFA3/PC_G_EU4" CO2="28074.46" CO="549.71" HC="3.19" NOx="12.93" PMx="0.69" fuel="12.07" electricity="0.00" noise="102.17" route="routebottom" type="cfm-slow" waiting="0.00" lane="bottom_0" pos="5.63" speed="10.44" angle="84.34" x="75.81" y="-3.86"/>
        <vehicle id="cfm-slow_1" eclass="HBEFA3/PC_G_EU4" CO2="28074.52" CO="549.71" HC="3.19" NOx="12.93" PMx="0.69" fuel="12.07" electricity="0.00" noise="102.17" route="routebottom" type="cfm-slow" waiting="0.00" lane="bottom_0" pos="21.46" speed="10.44" angle="55.83" x="106.51" y="10.08"/>
        <vehicle id="cfm-slow_2" eclass="HBEFA3/PC_G_EU4" CO2="28075.64" CO="549.73" HC="3.19" NOx="12.94" PMx="0.69" fuel="12.07" electricity="0.00" noise="102.17" route="routebottom" type="cfm-slow" waiting="0.00" lane="bottom_0" pos="37.30" speed="10.44" angle="27.37" x="126.86" y="36.96"/>
        <vehicle id="cfm-slow_3" eclass="HBEFA3/PC_G_EU4" CO2="28093.04" CO="550.08" HC="3.20" NOx="12.94" PMx="0.69" fuel="12.08" electricity="0.00" noise="102.20" route="routebottom" type="cfm-slow" waiting="0.00" lane="right_0" pos="3.13" speed="10.45" angle="358.88" x="131.93" y="70.48"/>
        <vehicle id="cfm-slow_4" eclass="HBEFA3/PC_G_EU4" CO2="28301.33" CO="554.30" HC="3.22" NOx="13.04" PMx="0.70" fuel="12.17" electricity="0.00" noise="102.51" route="routeright" type="cfm-slow" waiting="0.00" lane="right_0" pos="18.96" speed="10.45" angle="330.27" x="120.43" y="102.18"/>
        <vehicle id="cfm-slow_5" eclass="HBEFA3/PC_G_EU4" CO2="30074.45" CO="590.03" HC="3.43" NOx="13.88" PMx="0.74" fuel="12.93" electricity="0.00" noise="105.03" route="routeright" type="cfm-slow" waiting="0.00" lane="right_0" pos="34.81" speed="10.54" angle="301.92" x="95.21" y="124.58"/>
    </timestep>
    <timestep time="0.84">
        <vehicle id="cfm-fast_0" eclass="HBEFA3/PC_G_EU4" CO2="38775.57" CO="762.05" HC="4.43" NOx="17.96" PMx="0.97" fuel="16.67" electricity="0.00" noise="114.97" route="routetop" type="cfm-fast" waiting="0.00" lane="top_0" pos="0.86" speed="11.38" angle="272.91" x="61.71" y="132.24"/>
        <vehicle id="cfm-fast_1" eclass="HBEFA3/PC_G_EU4" CO2="38775.58" CO="762.05" HC="4.43" NOx="17.96" PMx="0.97" fuel="16.67" electricity="0.00" noise="114.97" route="routetop" type="cfm-fast" waiting="0.00" lane="top_0" pos="16.70" speed="11.38" angle="244.44" x="29.28" y="123.03"/>
        <vehicle id="cfm-fast_2" eclass="HBEFA3/PC_G_EU4" CO2="38775.66" CO="762.05" HC="4.43" NOx="17.96" PMx="0.97" fuel="16.67" electricity="0.00" noise="114.97" route="routetop" type="cfm-fast" waiting="0.00" lane="top_0" pos="32.53" speed="11.38" angle="215.99" x="5.15" y="99.48"/>
        <vehicle id="cfm-fast_3" eclass="HBEFA3/PC_G_EU4" CO2="38780.44" CO="762.15" HC="4.43" NOx="17.96" PMx="0.97" fuel="16.67" electricity="0.00" noise="114.97" route="routetop" type="cfm-fast" waiting="0.00" lane="top_0" pos="48.36" speed="11.38" angle="187.47" x="-4.84" y="67.28"/>
        <vehicle id="cfm-fast_4" eclass="HBEFA3/PC_G_EU4" CO2="38955.96" CO="765.74" HC="4.45" NOx="18.05" PMx="0.97" fuel="16.75" electricity="0.00" noise="115.22" route="routeleft" type="cfm-fast" waiting="0.00" lane="left_0" pos="14.20" speed="11.38" angle="158.95" x="1.78" y="34.03"/>
        <vehicle id="cfm-fast_5" eclass="HBEFA3/PC_G_EU4" CO2="42884.17" CO="846.00" HC="4.91" NOx="19.90" PMx="1.07" fuel="18.43" electricity="0.00" noise="120.68" route="routeleft" type="cfm-fast" waiting="0.00" lane="left_0" pos="30.03" speed="11.45" angle="130.43" x="23.39" y="8.13"/>
        <vehicle id="cfm-slow_0" eclass="HBEFA3/PC_G_EU4" CO2="28074.37" CO="548.86" HC="3.19" NOx="12.93" PMx="0.69" fuel="12.07" electricity="0.00" noise="101.83" route="routebottom" type="cfm-slow" waiting="0.00" lane="bottom_0" pos="5.74" speed="10.54" angle="84.14" x="76.03" y="-3.82"/>
        <vehicle id="cfm-slow_1" eclass="HBEFA3/PC_G_EU4" CO2="28074.44" CO="548.86" HC="3.19" NOx="12.93" PMx="0.69" fuel="12.07" electricity="0.00" noise="101.83" route="routebottom" type="cfm-slow" waiting="0.00" lane="bottom_0" pos="21.57" speed="10.54" angle="55.64" x="106.68" y="10.22"/>
        <vehicle id="cfm-slow_2" eclass="HBEFA3/PC_G_EU4" CO2="28075.73" CO="548.89" HC="3.19" NOx="12.93" PMx="0.69" fuel="12.07" electricity="0.00" noise="101.83" route="routebottom" type="cfm-slow" waiting="0.00" lane="bottom_0" pos="37.40" speed="10.54" angle="27.18" x="126.95" y="37.17"/>
        <vehicle id="cfm-slow_3" eclass="HBEFA3/PC_G_EU4" CO2="28095.04" CO="549.28" HC="3.19" NOx="12.94" PMx="0.69" fuel="12.08" electricity="0.00" noise="101.86" route="routebottom" type="cfm-slow" waiting="0.00" lane="right_0" pos="3.24" speed="10.54" angle="358.69" x="131.90" y="70.71"/>
        <vehicle id="cfm-slow_4" eclass="HBEFA3/PC_G_EU4" CO2="28319.37" CO="553.83" HC="3.22" NOx="13.05" PMx="0.70" fuel="12.17" electricity="0.00" noise="102.19" route="routeright" type="cfm-slow" waiting="0.00" lane="right_0" pos="19.07" speed="10.55" angle="330.06" x="120.30" y="102.36"/>
        <vehicle id="cfm-slow_5" eclass="HBEFA3/PC_G_EU4" CO2="30165.26" CO="591.01" HC="3.43" NOx="13.92" PMx="0.74" fuel="12.97" electricity="0.00" noise="104.79" route="routeright" type="cfm-slow" waiting="0.00" lane="right_0" pos="34.91" speed="10.64" angle="301.73" x="95.01" y="124.69"/>
    </timestep>
    <timestep time="0.85">
        <vehicle id="cfm-fast_0" eclass="HBEFA3/PC_G_EU4" CO2="38838.95" CO="762.36" HC="4.43" NOx="17.99" PMx="0.97" fuel="16.69" electricity="0.00" noise="114.53" route="routetop" type="cfm-fast" waiting="0.00" lane="top_0" pos="0.98" speed="11.50" angle="272.70" x="61.46" y="132.23"/>
        <vehicle id="cfm-fast_1" eclass="HBEFA3/PC_G_EU4" CO2="38838.95" CO="762.36" HC="4.43" NOx="17.99" PMx="0.97" fuel="16.69" electricity="0.00" noise="114.53" route="routetop" type="cfm-fast" waiting="0.00" lane="top_0" pos="16.81" speed="11.50" angle="244.23" x="29.06" y="122.90"/>
        <vehicle id="cfm-fast_2" eclass="HBEFA3/PC_G_EU4" CO2="38839.08" CO="762.36" HC="4.43" NOx="17.99" PMx="0.97" fuel="16.69" electricity="0.00" noise="114.53" route="routetop" type="cfm-fast" waiting="0.00" lane="top_0" pos="32.65" speed="11.50" angle="215.77" x="5.02" y="99.26"/>
        <vehicle id="cfm-fast_3" eclass="HBEFA3/PC_G_EU4" CO2="38845.49" CO="762.49" HC="4.43" NOx="17.99" PMx="0.97" fuel="16.70" electricity="0.00" noise="114.54" route="routetop" type="cfm-fast" waiting="0.00" lane="top_0" pos="48.48" speed="11.50" angle="187.25" x="-4.85" y="67.03"/>
        <vehicle id="cfm-fast_4" eclass="HBEFA3/PC_G_EU4" CO2="39057.46" CO="766.83" HC="4.46" NOx="18.09" PMx="0.97" fuel="16.79" electricity="0.00" noise="114.84" route="routeleft" type="cfm-fast" waiting="0.00" lane="left_0" pos="14.31" speed="11.50" angle="158.74" x="1.89" y="33.81"/>
        <vehicle id="cfm-fast_5" eclass="HBEFA3/PC_G_EU4" CO2="43375.86" CO="855.03" HC="4.96" NOx="20.13" PMx="1.09" fuel="18.65" electricity="0.00" noise="120.74" route="routeleft" type="cfm-fast" waiting="0.00" lane="left_0" pos="30.15" speed="11.59" angle="130.22" x="23.59" y="7.99"/>
        <vehicle id="cfm-slow_0" eclass="HBEFA3/PC_G_EU4" CO2="28070.21" CO="547.95" HC="3.19" NOx="12.93" PMx="0.69" fuel="12.07" electricity="0.00" noise="101.49" route="routebottom" type="cfm-slow" waiting="0.00" lane="bottom_0" pos="5.84" speed="10.63" angle="83.95" x="76.26" y="-3.78"/>
        <vehicle id="cfm-slow_1" eclass="HBEFA3/PC_G_EU4" CO2="28070.29" CO="547.95" HC="3.19" NOx="12.93" PMx="0.69" fuel="12.07" electricity="0.00" noise="101.49" route="routebottom" type="cfm-slow" waiting="0.00" lane="bottom_0" pos="21.68" speed="10.63" angle="55.46" x="106.86" y="10.37"/>
        <vehicle id="cfm-slow_2" eclass="HBEFA3/PC_G_EU4" CO2="28071.76" CO="547.98" HC="3.19" NOx="12.93" PMx="0.69" fuel="12.07" electricity="0.00" noise="101.50" route="routebottom" type="cfm-slow" waiting="0.00" lane="bottom_0" pos="37.51" speed="10.63" angle="26.99" x="127.03" y="37.39"/>
        <vehicle id="cfm-slow_3" eclass="HBEFA3/PC_G_EU4" CO2="28093.12" CO="548.42" HC="3.19" NOx="12.94" PMx="0.69" fuel="12.08" electricity="0.00" noise="101.53" route="routebottom" type="cfm-slow" waiting="0.00" lane="right_0" pos="3.34" speed="10.63" angle="358.50" x="131.88" y="70.94"/>
        <vehicle id="cfm-slow_4" eclass="HBEFA3/PC_G_EU4" CO2="28334.12" CO="553.30" HC="3.22" NOx="13.05" PMx="0.70" fuel="12.18" electricity="0.00" noise="101.88" route="routeright" type="cfm-slow" waiting="0.00" lane="right_0" pos="19.18" speed="10.64" angle="329.90" x="120.18" y="102.56"/>
        <vehicle id="cfm-slow_5" eclass="HBEFA3/PC_G_EU4" CO2="30252.09" CO="591.92" HC="3.44" NOx="13.95" PMx="0.75" fuel="13.00" electricity="0.00" noise="104.55" route="routeright" type="cfm-slow" waiting="0.00" lane="right_0" pos="35.02" speed="10.74" angle="301.53" x="94.80" y="124.79"/>
    </timestep>
    <timestep time="0.86">
        <vehicle id="cfm-fast_0" eclass="HBEFA3/PC_G_EU4" CO2="38894.91" CO="762.54" HC="4.43" NOx="18.01" PMx="0.97" fuel="16.72" electricity="0.00" noise="114.09" route="routetop" type="cfm-fast" waiting="0.00" lane="top_0" pos="1.10" speed="11.62" angle="272.49" x="61.21" y="132.23"/>
        <vehicle id="cfm-fast_1" eclass="HBEFA3/PC_G_EU4" CO2="38894.91" CO="762.54" HC="4.43" NOx="18.01" PMx="0.97" fuel="16.72" electricity="0.00" noise="114.09" route="routetop" type="cfm-fast" waiting="0.00" lane="top_0" pos="16.93" speed="11.62" angle="244.02" x="28.85" y="122.77"/>
        <vehicle id="cfm-fast_2" eclass="HBEFA3/PC_G_EU4" CO2="38895.11" CO="762.54" HC="4.43" NOx="18.01" PMx="0.97" fuel="16.72" electricity="0.00" noise="114.09" route="routetop" type="cfm-fast" waiting="0.00" lane="top_0" pos="32.76" speed="11.62" angle="215.55" x="4.89" y="99.05"/>
        <vehicle id="cfm-fast_3" eclass="HBEFA3/PC_G_EU4" CO2="38903.49" CO="762.71" HC="4.43" NOx="18.01" PMx="0.97" fuel="16.72" electricity="0.00" noise="114.10" route="routetop" type="cfm-fast" waiting="0.00" lane="top_0" pos="48.60" speed="11.62" angle="187.02" x="-4.87" y="66.78"/>
        <vehicle id="cfm-fast_4" eclass="HBEFA3/PC_G_EU4" CO2="39155.45" CO="767.87" HC="4.46" NOx="18.13" PMx="0.98" fuel="16.83" electricity="0.00" noise="114.45" route="routeleft" type="cfm-fast" waiting="0.00" lane="left_0" pos="14.43" speed="11.62" angle="158.52" x="2.00" y="33.58"/>
        <vehicle id="cfm-fast_5" eclass="HBEFA3/PC_G_EU4" CO2="43867.83" CO="864.07" HC="5.02" NOx="20.35" PMx="1.10" fuel="18.86" electricity="0.00" noise="120.80" route="routeleft" type="cfm-fast" waiting="0.00" lane="left_0" pos="30.27" speed="11.73" angle="130.00" x="23.79" y="7.84"/>
        <vehicle id="cfm-slow_0" eclass="HBEFA3/PC_G_EU4" CO2="28062.10" CO="546.97" HC="3.18" NOx="12.92" PMx="0.69" fuel="12.06" electricity="0.00" noise="101.16" route="routebottom" type="cfm-slow" waiting="0.00" lane="bottom_0" pos="5.95" speed="10.73" angle="83.75" x="76.48" y="-3.73"/>
        <vehicle id="cfm-slow_1" eclass="HBEFA3/PC_G_EU4" CO2="28062.19" CO="546.97" HC="3.18" NOx="12.92" PMx="0.69" fuel="12.06" electricity="0.00" noise="101.16" route="routebottom" type="cfm-slow" waiting="0.00" lane="bottom_0" pos="21.78" speed="10.73" angle="55.31" x="107.05" y="10.51"/>
        <vehicle id="cfm-slow_2" eclass="HBEFA3/PC_G_EU4" CO2="28063.85" CO="547.01" HC="3.18" NOx="12.92" PMx="0.69" fuel="12.06" electricity="0.00" noise="101.16" route="routebottom" type="cfm-slow" waiting="0.00" lane="bottom_0" pos="37.62" speed="10.73" angle="26.80" x="127.12" y="37.60"/>
        <vehicle id="cfm-slow_3" eclass="HBEFA3/PC_G_EU4" CO2="28087.42" CO="547.49" HC="3.18" NOx="12.93" PMx="0.69" fuel="12.07" electricity="0.00" noise="101.20" route="routebottom" type="cfm-slow" waiting="0.00" lane="right_0" pos="3.45" speed="10.73" angle="358.31" x="131.86" y="71.17"/>
        <vehicle id="cfm-slow_4" eclass="HBEFA3/PC_G_EU4" CO2="28345.67" CO="552.72" HC="3.21" NOx="13.06" PMx="0.70" fuel="12.18" electricity="0.00" noise="101.57" route="routeright" type="cfm-slow" waiting="0.00" lane="right_0" pos="19.28" speed="10.74" angle="329.73" x="120.04" y="102.74"/>
        <vehicle id="cfm-slow_5" eclass="HBEFA3/PC_G_EU4" CO2="30334.98" CO="592.76" HC="3.45" NOx="13.99" PMx="0.75" fuel="13.04" electricity="0.00" noise="104.31" route="routeright" type="cfm-slow" waiting="0.00" lane="right_0" pos="35.13" speed="10.84" angle="301.34" x="94.59" y="124.90"/>
    </timestep>
    <timestep time="0.87">
        <vehicle id="cfm-fast_0" eclass="HBEFA3/PC_G_EU4" CO2="38943.66" CO="762.59" HC="4.43" NOx="18.03" PMx="0.97" fuel="16.74" electricity="0.00" noise="113.66" route="routetop" type="cfm-fast" waiting="0.00" lane="top_0" pos="1.21" speed="11.74" angle="272.29" x="60.96" y="132.22"/>
        <vehicle id="cfm-fast_1" eclass="HBEFA3/PC_G_EU4" CO2="38943.67" CO="762.59" HC="4.43" NOx="18.03" PMx="0.97" fuel="16.74" electricity="0.00" noise="113.66" route="routetop" type="cfm-fast" waiting="0.00" lane="top_0" pos="17.05" speed="11.74" angle="243.81" x="28.63" y="122.65"/>
        <vehicle id="cfm-fast_2" eclass="HBEFA3/PC_G_EU4" CO2="38943.94" CO="762.60" HC="4.43" NOx="18.03" PMx="0.97" fuel="16.74" electricity="0.00" noise="113.66" route="routetop" type="cfm-fast" waiting="0.00" lane="top_0" pos="32.88" speed="11.74" angle="215.33" x="4.76" y="98.83"/>
        <vehicle id="cfm-fast_3" eclass="HBEFA3/PC_G_EU4" CO2="38954.67" CO="762.82" HC="4.43" NOx="18.04" PMx="0.97" fuel="16.74" electricity="0.00" noise="113.68" route="routetop" type="cfm-fast" waiting="0.00" lane="top_0" pos="48.71" speed="11.74" angle="186.84" x="-4.88" y="66.53"/>
        <vehicle id="cfm-fast_4" eclass="HBEFA3/PC_G_EU4" CO2="39250.17" CO="768.86" HC="4.47" NOx="18.17" PMx="0.98" fuel="16.87" electricity="0.00" noise="114.08" route="routeleft" type="cfm-fast" waiting="0.00" lane="left_0" pos="14.55" speed="11.75" angle="158.30" x="2.12" y="33.36"/>
        <vehicle id="cfm-fast_5" eclass="HBEFA3/PC_G_EU4" CO2="44360.11" CO="873.14" HC="5.07" NOx="20.58" PMx="1.11" fuel="19.07" electricity="0.00" noise="120.86" route="routeleft" type="cfm-fast" waiting="0.00" lane="left_0" pos="30.39" speed="11.86" angle="129.78" x="24.00" y="7.69"/>
        <vehicle id="cfm-slow_0" eclass="HBEFA3/PC_G_EU4" CO2="28050.13" CO="545.93" HC="3.18" NOx="12.91" PMx="0.69" fuel="12.06" electricity="0.00" noise="100.83" route="routebottom" type="cfm-slow" waiting="0.00" lane="bottom_0" pos="6.06" speed="10.82" angle="83.56" x="76.71" y="-3.69"/>
        <vehicle id="cfm-slow_1" eclass="HBEFA3/PC_G_EU4" CO2="28050.24" CO="545.93" HC="3.18" NOx="12.91" PMx="0.69" fuel="12.06" electricity="0.00" noise="100.83" route="routebottom" type="cfm-slow" waiting="0.00" lane="bottom_0" pos="21.89" speed="10.82" angle="55.10" x="107.22" y="10.66"/>
        <vehicle id="cfm-slow_2" eclass="HBEFA3/PC_G_EU4" CO2="28052.12" CO="545.97" HC="3.18" NOx="12.91" PMx="0.69" fuel="12.06" electricity="0.00" noise="100.83" route="routebottom" type="cfm-slow" waiting="0.00" lane="bottom_0" pos="37.72" speed="10.82" angle="26.60" x="127.20" y="37.82"/>
        <vehicle id="cfm-slow_3" eclass="HBEFA3/PC_G_EU4" CO2="28078.05" CO="546.50" HC="3.18" NOx="12.93" PMx="0.69" fuel="12.07" electricity="0.00" noise="100.87" route="routebottom" type="cfm-slow" waiting="0.00" lane="right_0" pos="3.56" speed="10.82" angle="358.11" x="131.83" y="71.40"/>
        <vehicle id="cfm-slow_4" eclass="HBEFA3/PC_G_EU4" CO2="28354.12" CO="552.09" HC="3.21" NOx="13.06" PMx="0.70" fuel="12.19" electricity="0.00" noise="101.26" route="routeright" type="cfm-slow" waiting="0.00" lane="right_0" pos="19.39" speed="10.83" angle="329.53" x="119.91" y="102.93"/>
        <vehicle id="cfm-slow_5" eclass="HBEFA3/PC_G_EU4" CO2="30414.02" CO="593.54" HC="3.45" NOx="14.03" PMx="0.75" fuel="13.07" electricity="0.00" noise="104.07" route="routeright" type="cfm-slow" waiting="0.00" lane="right_0" pos="35.24" speed="10.94" angle="301.14" x="94.38" y="125.00"/>
    </timestep>
    <timestep time="0.88">
        <vehicle id="cfm-fast_0" eclass="HBEFA3/PC_G_EU4" CO2="38985.39" CO="762.52" HC="4.43" NOx="18.05" PMx="0.97" fuel="16.76" electricity="0.00" noise="113.23" route="routetop" type="cfm-fast" waiting="0.00" lane="top_0" pos="1.33" speed="11.86" angle="272.09" x="60.70" y="132.21"/>
        <vehicle id="cfm-fast_1" eclass="HBEFA3/PC_G_EU4" CO2="38985.40" CO="762.52" HC="4.43" NOx="18.05" PMx="0.97" fuel="16.76" electricity="0.00" noise="113.23" route="routetop" type="cfm-fast" waiting="0.00" lane="top_0" pos="17.17" speed="11.86" angle="243.60" x="28.41" y="122.51"/>
        <vehicle id="cfm-fast_2" eclass="HBEFA3/PC_G_EU4" CO2="38985.77" CO="762.53" HC="4.43" NOx="18.05" PMx="0.97" fuel="16.76" electricity="0.00" noise="113.23" route="routetop" type="cfm-fast" waiting="0.00" lane="top_0" pos="33.00" speed="11.86" angle="215.11" x="4.63" y="98.61"/>
        <vehicle id="cfm-fast_3" eclass="HBEFA3/PC_G_EU4" CO2="38999.25" CO="762.80" HC="4.44" NOx="18.05" PMx="0.97" fuel="16.76" electricity="0.00" noise="113.25" route="routetop" type="cfm-fast" waiting="0.00" lane="top_0" pos="48.83" speed="11.86" angle="186.65" x="-4.89" y="66.27"/>
        <vehicle id="cfm-fast_4" eclass="HBEFA3/PC_G_EU4" CO2="39341.85" CO="769.81" HC="4.48" NOx="18.22" PMx="0.98" fuel="16.91" electricity="0.00" noise="113.72" route="routeleft" type="cfm-fast" waiting="0.00" lane="left_0" pos="14.67" speed="11.87" angle="158.08" x="2.23" y="33.13"/>
        <vehicle id="cfm-fast_5" eclass="HBEFA3/PC_G_EU4" CO2="44852.67" CO="882.23" HC="5.13" NOx="20.81" PMx="1.12" fuel="19.28" electricity="0.00" noise="120.92" route="routeleft" type="cfm-fast" waiting="0.00" lane="left_0" pos="30.51" speed="12.00" angle="129.56" x="24.21" y="7.54"/>
        <vehicle id="cfm-slow_0" eclass="HBEFA3/PC_G_EU4" CO2="28034.42" CO="544.82" HC="3.17" NOx="12.90" PMx="0.69" fuel="12.05" electricity="0.00" noise="100.50" route="routebottom" type="cfm-slow" waiting="0.00" lane="bottom_0" pos="6.17" speed="10.91" angle="83.36" x="76.94" y="-3.65"/>
        <vehicle id="cfm-slow_1" eclass="HBEFA3/PC_G_EU4" CO2="28034.55" CO="544.83" HC="3.17" NOx="12.90" PMx="0.69" fuel="12.05" electricity="0.00" noise="100.50" route="routebottom" type="cfm-slow" waiting="0.00" lane="bottom_0" pos="22.00" speed="10.91" angle="54.90" x="107.40" y="10.81"/>
        <vehicle id="cfm-slow_2" eclass="HBEFA3/PC_G_EU4" CO2="28036.66" CO="544.87" HC="3.17" NOx="12.90" PMx="0.69" fuel="12.05" electricity="0.00" noise="100.51" route="routebottom" type="cfm-slow" waiting="0.00" lane="bottom_0" pos="37.83" speed="10.91" angle="26.41" x="127.29" y="38.03"/>
        <vehicle id="cfm-slow_3" eclass="HBEFA3/PC_G_EU4" CO2="28065.11" CO="545.45" HC="3.17" NOx="12.92" PMx="0.69" fuel="12.06" electricity="0.00" noise="100.55" route="routebottom" type="cfm-slow" waiting="0.00" lane="right_0" pos="3.67" speed="10.91" angle="357.92" x="131.81" y="71.63"/>
        <vehicle id="cfm-slow_4" eclass="HBEFA3/PC_G_EU4" CO2="28359.58" CO="551.41" HC="3.21" NOx="13.06" PMx="0.70" fuel="12.19" electricity="0.00" noise="100.96" route="routeright" type="cfm-slow" waiting="0.00" lane="right_0" pos="19.50" speed="10.92" angle="329.33" x="119.77" y="103.12"/>
        <vehicle id="cfm-slow_5" eclass="HBEFA3/PC_G_EU4" CO2="30489.24" CO="594.25" HC="3.46" NOx="14.06" PMx="0.75" fuel="13.11" electricity="0.00" noise="103.83" route="routeright" type="cfm-slow" waiting="0.00" lane="right_0" pos="35.35" speed="11.04" angle="300.94" x="94.17" y="125.11"/>
    </timestep>
    <timestep time="0.89">
        <vehicle id="cfm-fast_0" eclass="HBEFA3/PC_G_EU4" CO2="39020.27" CO="762.33" HC="4.43" NOx="18.06" PMx="0.97" fuel="16.77" electricity="0.00" noise="112.81" route="routetop" type="cfm-fast" waiting="0.00" lane="top_0" pos="1.45" speed="11.98" angle="271.87" x="60.45" y="132.19"/>
        <vehicle id="cfm-fast_1" eclass="HBEFA3/PC_G_EU4" CO2="39020.28" CO="762.33" HC="4.43" NOx="18.06" PMx="0.97" fuel="16.77" electricity="0.00" noise="112.81" route="routetop" type="cfm-fast" waiting="0.00" lane="top_0" pos="17.29" speed="11.98" angle="243.38" x="28.19" y="122.38"/>
        <vehicle id="cfm-fast_2" eclass="HBEFA3/PC_G_EU4" CO2="39020.78" CO="762.34" HC="4.43" NOx="18.06" PMx="0.97" fuel="16.77" electricity="0.00" noise="112.81" route="routetop" type="cfm-fast" waiting="0.00" lane="top_0" pos="33.12" speed="11.98" angle="214.88" x="4.50" y="98.39"/>
        <vehicle id="cfm-fast_3" eclass="HBEFA3/PC_G_EU4" CO2="39037.44" CO="762.68" HC="4.44" NOx="18.07" PMx="0.97" fuel="16.78" electricity="0.00" noise="112.83" route="routetop" type="cfm-fast" waiting="0.00" lane="top_0" pos="48.95" speed="11.98" angle="186.43" x="-4.90" y="66.01"/>
        <vehicle id="cfm-fast_4" eclass="HBEFA3/PC_G_EU4" CO2="39430.72" CO="770.72" HC="4.48" NOx="18.25" PMx="0.98" fuel="16.95" electricity="0.00" noise="113.36" route="routeleft" type="cfm-fast" waiting="0.00" lane="left_0" pos="14.79" speed="11.98" angle="157.85" x="2.35" y="32.90"/>
        <vehicle id="cfm-fast_5" eclass="HBEFA3/PC_G_EU4" CO2="45345.52" CO="891.34" HC="5.18" NOx="21.04" PMx="1.14" fuel="19.49" electricity="0.00" noise="120.99" route="routeleft" type="cfm-fast" waiting="0.00" lane="left_0" pos="30.63" speed="12.14" angle="129.34" x="24.42" y="7.39"/>
        <vehicle id="cfm-slow_0" eclass="HBEFA3/PC_G_EU4" CO2="28015.07" CO="543.66" HC="3.16" NOx="12.89" PMx="0.69" fuel="12.04" electricity="0.00" noise="100.18" route="routebottom" type="cfm-slow" waiting="0.00" lane="bottom_0" pos="6.28" speed="11.00" angle="83.17" x="77.18" y="-3.61"/>
        <vehicle id="cfm-slow_1" eclass="HBEFA3/PC_G_EU4" CO2="28015.22" CO="543.66" HC="3.16" NOx="12.89" PMx="0.69" fuel="12.04" electricity="0.00" noise="100.18" route="routebottom" type="cfm-slow" waiting="0.00" lane="bottom_0" pos="22.11" speed="11.00" angle="54.69" x="107.58" y="10.96"/>
        <vehicle id="cfm-slow_2" eclass="HBEFA3/PC_G_EU4" CO2="28017.59" CO="543.71" HC="3.17" NOx="12.89" PMx="0.69" fuel="12.04" electricity="0.00" noise="100.18" route="routebottom" type="cfm-slow" waiting="0.00" lane="bottom_0" pos="37.94" speed="11.00" angle="26.21" x="127.38" y="38.25"/>
        <vehicle id="cfm-slow_3" eclass="HBEFA3/PC_G_EU4" CO2="28048.71" CO="544.34" HC="3.17" NOx="12.91" PMx="0.69" fuel="12.06" electricity="0.00" noise="100.23" route="routebottom" type="cfm-slow" waiting="0.00" lane="right_0" pos="3.78" speed="11.00" angle="357.73" x="131.79" y="71.87"/>
        <vehicle id="cfm-slow_4" eclass="HBEFA3/PC_G_EU4" CO2="28362.13" CO="550.68" HC="3.21" NOx="13.06" PMx="0.70" fuel="12.19" electricity="0.00" noise="100.67" route="routeright" type="cfm-slow" waiting="0.00" lane="right_0" pos="19.61" speed="11.01" angle="329.13" x="119.63" y="103.32"/>
        <vehicle id="cfm-slow_5" eclass="HBEFA3/PC_G_EU4" CO2="30560.73" CO="594.90" HC="3.46" NOx="14.09" PMx="0.75" fuel="13.14" electricity="0.00" noise="103.60" route="routeright" type="cfm-slow" waiting="0.00" lane="right_0" pos="35.46" speed="11.14" angle="300.74" x="93.96" y="125.22"/>
    </timestep>
    <timestep time="0.90">
        <vehicle id="cfm-fast_0" eclass="HBEFA3/PC_G_EU4" CO2="39048.49" CO="762.02" HC="4.43" NOx="18.07" PMx="0.97" fuel="16.78" electricity="0.00" noise="112.39" route="routetop" type="cfm-fast" waiting="0.00" lane="top_0" pos="1.57" speed="12.09" angle="271.65" x="60.19" y="132.18"/>
        <vehicle id="cfm-fast_1" eclass="HBEFA3/PC_G_EU4" CO2="39048.50" CO="762.02" HC="4.43" NOx="18.07" PMx="0.97" fuel="16.78" electricity="0.00" noise="112.39" route="routetop" type="cfm-fast" waiting="0.00" lane="top_0" pos="17.41" speed="12.09" angle="243.16" x="27.97" y="122.25"/>
        <vehicle id="cfm-fast_2" eclass="HBEFA3/PC_G_EU4" CO2="39049.15" CO="762.03" HC="4.43" NOx="18.07" PMx="0.97" fuel="16.79" electricity="0.00" noise="112.39" route="routetop" type="cfm-fast" waiting="0.00" lane="top_0" pos="33.24" speed="12.09" angle="214.66" x="4.37" y="98.17"/>
        <vehicle id="cfm-fast_3" eclass="HBEFA3/PC_G_EU4" CO2="39069.46" CO="762.45" HC="4.44" NOx="18.08" PMx="0.97" fuel="16.79" electricity="0.00" noise="112.42" route="routetop" type="cfm-fast" waiting="0.00" lane="top_0" pos="49.07" speed="12.09" angle="186.21" x="-4.91" y="65.75"/>
        <vehicle id="cfm-fast_4" eclass="HBEFA3/PC_G_EU4" CO2="39516.99" CO="771.60" HC="4.49" NOx="18.29" PMx="0.98" fuel="16.99" electricity="0.00" noise="113.01" route="routeleft" type="cfm-fast" waiting="0.00" lane="left_0" pos="14.91" speed="12.10" angle="157.63" x="2.46" y="32.66"/>
        <vehicle id="cfm-fast_5" eclass="HBEFA3/PC_G_EU4" CO2="45838.67" CO="900.48" HC="5.23" NOx="21.27" PMx="1.15" fuel="19.70" electricity="0.00" noise="121.05" route="routeleft" type="cfm-fast" waiting="0.00" lane="left_0" pos="30.75" speed="12.27" angle="129.17" x="24.64" y="7.23"/>
        <vehicle id="cfm-slow_0" eclass="HBEFA3/PC_G_EU4" CO2="27992.18" CO="542.43" HC="3.16" NOx="12.88" PMx="0.69" fuel="12.03" electricity="0.00" noise="99.86" route="routebottom" type="cfm-slow" waiting="0.00" lane="bottom_0" pos="6.39" speed="11.09" angle="83.01" x="77.41" y="-3.56"/>
        <vehicle id="cfm-slow_1" eclass="HBEFA3/PC_G_EU4" CO2="27992.35" CO="542.43" HC="3.16" NOx="12.88" PMx="0.69" fuel="12.03" electricity="0.00" noise="99.86" route="routebottom" type="cfm-slow" waiting="0.00" lane="bottom_0" pos="22.22" speed="11.09" angle="54.48" x="107.76" y="11.12"/>
        <vehicle id="cfm-slow_2" eclass="HBEFA3/PC_G_EU4" CO2="27995.01" CO="542.49" HC="3.16" NOx="12.88" PMx="0.69" fuel="12.03" electricity="0.00" noise="99.86" route="routebottom" type="cfm-slow" waiting="0.00" lane="bottom_0" pos="38.05" speed="11.09" angle="26.01" x="127.47" y="38.48"/>
        <vehicle id="cfm-slow_3" eclass="HBEFA3/PC_G_EU4" CO2="28028.97" CO="543.18" HC="3.16" NOx="12.90" PMx="0.69" fuel="12.05" electricity="0.00" noise="99.91" route="routebottom" type="cfm-slow" waiting="0.00" lane="right_0" pos="3.89" speed="11.09" angle="357.54" x="131.76" y="72.10"/>
        <vehicle id="cfm-slow_4" eclass="HBEFA3/PC_G_EU4" CO2="28361.88" CO="549.91" HC="3.20" NOx="13.05" PMx="0.70" fuel="12.19" electricity="0.00" noise="100.37" route="routeright" type="cfm-slow" waiting="0.00" lane="right_0" pos="19.72" speed="11.10" angle="328.93" x="119.49" y="103.51"/>
        <vehicle id="cfm-slow_5" eclass="HBEFA3/PC_G_EU4" CO2="30628.54" CO="595.49" HC="3.47" NOx="14.12" PMx="0.75" fuel="13.17" electricity="0.00" noise="103.36" route="routeright" type="cfm-slow" waiting="0.00" lane="right_0" pos="35.57" speed="11.23" angle="300.53" x="93.74" y="125.32"/>
    </timestep>
    <timestep time="0.91">
        <vehicle id="cfm-fast_0" eclass="HBEFA3/PC_G_EU4" CO2="39070.21" CO="761.60" HC="4.43" NOx="18.08" PMx="0.97" fuel="16.79" electricity="0.00" noise="111.98" route="routetop" type="cfm-fast" waiting="0.00" lane="top_0" pos="1.69" speed="12.21" angle="271.43" x="59.93" y="132.16"/>
        <vehicle id="cfm-fast_1" eclass="HBEFA3/PC_G_EU4" CO2="39070.24" CO="761.60" HC="4.43" NOx="18.08" PMx="0.97" fuel="16.79" electricity="0.00" noise="111.98" route="routetop" type="cfm-fast" waiting="0.00" lane="top_0" pos="17.53" speed="12.21" angle="242.94" x="27.74" y="122.11"/>
        <vehicle id="cfm-fast_2" eclass="HBEFA3/PC_G_EU4" CO2="39071.07" CO="761.61" HC="4.43" NOx="18.08" PMx="0.97" fuel="16.79" electricity="0.00" noise="111.98" route="routetop" type="cfm-fast" waiting="0.00" lane="top_0" pos="33.36" speed="12.21" angle="214.49" x="4.23" y="97.94"/>
        <vehicle id="cfm-fast_3" eclass="HBEFA3/PC_G_EU4" CO2="39095.53" CO="762.11" HC="4.44" NOx="18.09" PMx="0.97" fuel="16.81" electricity="0.00" noise="112.01" route="routetop" type="cfm-fast" waiting="0.00" lane="top_0" pos="49.19" speed="12.21" angle="185.98" x="-4.91" y="65.49"/>
        <vehicle id="cfm-fast_4" eclass="HBEFA3/PC_G_EU4" CO2="39600.86" CO="772.44" HC="4.49" NOx="18.33" PMx="0.99" fuel="17.02" electricity="0.00" noise="112.67" route="routeleft" type="cfm-fast" waiting="0.00" lane="left_0" pos="15.03" speed="12.22" angle="157.40" x="2.58" y="32.43"/>
        <vehicle id="cfm-fast_5" eclass="HBEFA3/PC_G_EU4" CO2="46332.11" CO="909.63" HC="5.29" NOx="21.50" PMx="1.16" fuel="19.92" electricity="0.00" noise="121.11" route="routeleft" type="cfm-fast" waiting="0.00" lane="left_0" pos="30.87" speed="12.41" angle="128.96" x="24.86" y="7.08"/>
        <vehicle id="cfm-slow_0" eclass="HBEFA3/PC_G_EU4" CO2="27965.85" CO="541.15" HC="3.15" NOx="12.86" PMx="0.68" fuel="12.02" electricity="0.00" noise="99.54" route="routebottom" type="cfm-slow" waiting="0.00" lane="bottom_0" pos="6.50" speed="11.18" angle="82.79" x="77.65" y="-3.51"/>
        <vehicle id="cfm-slow_1" eclass="HBEFA3/PC_G_EU4" CO2="27966.05" CO="541.15" HC="3.15" NOx="12.86" PMx="0.68" fuel="12.02" electricity="0.00" noise="99.54" route="routebottom" type="cfm-slow" waiting="0.00" lane="bottom_0" pos="22.33" speed="11.18" angle="54.27" x="107.95" y="11.28"/>
        <vehicle id="cfm-slow_2" eclass="HBEFA3/PC_G_EU4" CO2="27969.02" CO="541.21" HC="3.15" NOx="12.87" PMx="0.68" fuel="12.02" electricity="0.00" noise="99.54" route="routebottom" type="cfm-slow" waiting="0.00" lane="bottom_0" pos="38.17" speed="11.18" angle="25.81" x="127.56" y="38.70"/>
        <vehicle id="cfm-slow_3" eclass="HBEFA3/PC_G_EU4" CO2="28005.99" CO="541.96" HC="3.16" NOx="12.88" PMx="0.69" fuel="12.04" electricity="0.00" noise="99.60" route="routebottom" type="cfm-slow" waiting="0.00" lane="right_0" pos="4.00" speed="11.18" angle="357.34" x="131.72" y="72.34"/>
        <vehicle id="cfm-slow_4" eclass="HBEFA3/PC_G_EU4" CO2="28358.91" CO="549.10" HC="3.20" NOx="13.05" PMx="0.70" fuel="12.19" electricity="0.00" noise="100.08" route="routeright" type="cfm-slow" waiting="0.00" lane="right_0" pos="19.83" speed="11.19" angle="328.73" x="119.35" y="103.71"/>
        <vehicle id="cfm-slow_5" eclass="HBEFA3/PC_G_EU4" CO2="30692.72" CO="596.01" HC="3.47" NOx="14.15" PMx="0.76" fuel="13.19" electricity="0.00" noise="103.13" route="routeright" type="cfm-slow" waiting="0.00" lane="right_0" pos="35.69" speed="11.33" angle="300.33" x="93.52" y="125.43"/>
    </timestep>
    <timestep time="0.92">
        <vehicle id="cfm-fast_0" eclass="HBEFA3/PC_G_EU4" CO2="39085.62" CO="761.06" HC="4.43" NOx="18.08" PMx="0.97" fuel="16.80" electricity="0.00" noise="111.56" route="routetop" type="cfm-fast" waiting="0.00" lane="top_0" pos="1.82" speed="12.32" angle="271.21" x="59.66" y="132.15"/>
        <vehicle id="cfm-fast_1" eclass="HBEFA3/PC_G_EU4" CO2="39085.65" CO="761.06" HC="4.43" NOx="18.08" PMx="0.97" fuel="16.80" electricity="0.00" noise="111.56" route="routetop" type="cfm-fast" waiting="0.00" lane="top_0" pos="17.65" speed="12.32" angle="242.72" x="27.51" y="121.98"/>
        <vehicle id="cfm-fast_2" eclass="HBEFA3/PC_G_EU4" CO2="39086.72" CO="761.08" HC="4.43" NOx="18.08" PMx="0.97" fuel="16.80" electricity="0.00" noise="111.57" route="routetop" type="cfm-fast" waiting="0.00" lane="top_0" pos="33.48" speed="12.32" angle="214.26" x="4.10" y="97.71"/>
        <vehicle id="cfm-fast_3" eclass="HBEFA3/PC_G_EU4" CO2="39115.86" CO="761.68" HC="4.43" NOx="18.10" PMx="0.97" fuel="16.81" electricity="0.00" noise="111.60" route="routetop" type="cfm-fast" waiting="0.00" lane="top_0" pos="49.32" speed="12.33" angle="185.76" x="-4.92" y="65.23"/>
        <vehicle id="cfm-fast_4" eclass="HBEFA3/PC_G_EU4" CO2="39682.54" CO="773.26" HC="4.50" NOx="18.36" PMx="0.99" fuel="17.06" electricity="0.00" noise="112.34" route="routeleft" type="cfm-fast" waiting="0.00" lane="left_0" pos="15.15" speed="12.34" angle="157.17" x="2.70" y="32.19"/>
        <vehicle id="cfm-fast_5" eclass="HBEFA3/PC_G_EU4" CO2="46825.84" CO="918.81" HC="5.34" NOx="21.73" PMx="1.17" fuel="20.13" electricity="0.00" noise="121.17" route="routeleft" type="cfm-fast" waiting="0.00" lane="left_0" pos="31.00" speed="12.55" angle="128.73" x="25.08" y="6.93"/>
        <vehicle id="cfm-slow_0" eclass="HBEFA3/PC_G_EU4" CO2="27936.18" CO="539.81" HC="3.15" NOx="12.85" PMx="0.68" fuel="12.01" electricity="0.00" noise="99.22" route="routebottom" type="cfm-slow" waiting="0.00" lane="bottom_0" pos="6.61" speed="11.26" angle="82.58" x="77.88" y="-3.46"/>
        <vehicle id="cfm-slow_1" eclass="HBEFA3/PC_G_EU4" CO2="27936.40" CO="539.81" HC="3.15" NOx="12.85" PMx="0.68" fuel="12.01" electricity="0.00" noise="99.22" route="routebottom" type="cfm-slow" waiting="0.00" lane="bottom_0" pos="22.44" speed="11.26" angle="54.05" x="108.13" y="11.43"/>
        <vehicle id="cfm-slow_2" eclass="HBEFA3/PC_G_EU4" CO2="27939.71" CO="539.88" HC="3.15" NOx="12.85" PMx="0.68" fuel="12.01" electricity="0.00" noise="99.23" route="routebottom" type="cfm-slow" waiting="0.00" lane="bottom_0" pos="38.28" speed="11.26" angle="25.60" x="127.65" y="38.92"/>
        <vehicle id="cfm-slow_3" eclass="HBEFA3/PC_G_EU4" CO2="27979.87" CO="540.69" HC="3.15" NOx="12.87" PMx="0.69" fuel="12.03" electricity="0.00" noise="99.29" route="routebottom" type="cfm-slow" waiting="0.00" lane="right_0" pos="4.11" speed="11.27" angle="357.13" x="131.69" y="72.58"/>
        <vehicle id="cfm-slow_4" eclass="HBEFA3/PC_G_EU4" CO2="28353.32" CO="548.25" HC="3.19" NOx="13.04" PMx="0.69" fuel="12.19" electricity="0.00" noise="99.79" route="routeright" type="cfm-slow" waiting="0.00" lane="right_0" pos="19.95" speed="11.28" angle="328.53" x="119.21" y="103.90"/>
        <vehicle id="cfm-slow_5" eclass="HBEFA3/PC_G_EU4" CO2="30753.34" CO="596.47" HC="3.47" NOx="14.17" PMx="0.76" fuel="13.22" electricity="0.00" noise="102.90" route="routeright" type="cfm-slow" waiting="0.00" lane="right_0" pos="35.80" speed="11.43" angle="300.13" x="93.30" y="125.54"/>
    </timestep>
    <timestep time="0.93">
        <vehicle id="cfm-fast_0" eclass="HBEFA3/PC_G_EU4" CO2="39094.88" CO="760.42" HC="4.43" NOx="18.08" PMx="0.97" fuel="16.80" electricity="0.00" noise="111.16" route="routetop" type="cfm-fast" waiting="0.00" lane="top_0" pos="1.94" speed="12.44" angle="270.99" x="59.39" y="132.13"/>
        <vehicle id="cfm-fast_1" eclass="HBEFA3/PC_G_EU4" CO2="39094.92" CO="760.42" HC="4.43" NOx="18.08" PMx="0.97" fuel="16.80" electricity="0.00" noise="111.16" route="routetop" type="cfm-fast" waiting="0.00" lane="top_0" pos="17.78" speed="12.44" angle="242.50" x="27.28" y="121.84"/>
        <vehicle id="cfm-fast_2" eclass="HBEFA3/PC_G_EU4" CO2="39096.26" CO="760.45" HC="4.43" NOx="18.08" PMx="0.97" fuel="16.81" electricity="0.00" noise="111.16" route="routetop" type="cfm-fast" waiting="0.00" lane="top_0" pos="33.61" speed="12.44" angle="214.04" x="3.97" y="97.48"/>
        <vehicle id="cfm-fast_3" eclass="HBEFA3/PC_G_EU4" CO2="39130.64" CO="761.15" HC="4.43" NOx="18.10" PMx="0.97" fuel="16.82" electricity="0.00" noise="111.20" route="routetop" type="cfm-fast" waiting="0.00" lane="top_0" pos="49.44" speed="12.44" angle="185.53" x="-4.92" y="64.96"/>
        <vehicle id="cfm-fast_4" eclass="HBEFA3/PC_G_EU4" CO2="39762.22" CO="774.06" HC="4.51" NOx="18.40" PMx="0.99" fuel="17.09" electricity="0.00" noise="112.01" route="routeleft" type="cfm-fast" waiting="0.00" lane="left_0" pos="15.28" speed="12.45" angle="156.95" x="2.82" y="31.95"/>
        <vehicle id="cfm-fast_5" eclass="HBEFA3/PC_G_EU4" CO2="47319.86" CO="928.01" HC="5.40" NOx="21.96" PMx="1.19" fuel="20.34" electricity="0.00" noise="121.23" route="routeleft" type="cfm-fast" waiting="0.00" lane="left_0" pos="31.13" speed="12.68" angle="128.50" x="25.31" y="6.78"/>
        <vehicle id="cfm-slow_0" eclass="HBEFA3/PC_G_EU4" CO2="27903.27" CO="538.41" HC="3.14" NOx="12.83" PMx="0.68" fuel="11.99" electricity="0.00" noise="98.91" route="routebottom" type="cfm-slow" waiting="0.00" lane="bottom_0" pos="6.73" speed="11.35" angle="82.36" x="78.12" y="-3.40"/>
        <vehicle id="cfm-slow_1" eclass="HBEFA3/PC_G_EU4" CO2="27903.52" CO="538.42" HC="3.14" NOx="12.83" PMx="0.68" fuel="11.99" electricity="0.00" noise="98.91" route="routebottom" type="cfm-slow" waiting="0.00" lane="bottom_0" pos="22.56" speed="11.35" angle="53.84" x="108.32" y="11.59"/>
        <vehicle id="cfm-slow_2" eclass="HBEFA3/PC_G_EU4" CO2="27907.19" CO="538.49" HC="3.14" NOx="12.83" PMx="0.68" fuel="12.00" electricity="0.00" noise="98.92" route="routebottom" type="cfm-slow" waiting="0.00" lane="bottom_0" pos="38.39" speed="11.35" angle="25.41" x="127.74" y="39.15"/>
        <vehicle id="cfm-slow_3" eclass="HBEFA3/PC_G_EU4" CO2="27950.71" CO="539.38" HC="3.14" NOx="12.85" PMx="0.68" fuel="12.01" electricity="0.00" noise="98.98" route="routebottom" type="cfm-slow" waiting="0.00" lane="right_0" pos="4.23" speed="11.35" angle="356.93" x="131.65" y="72.82"/>
        <vehicle id="cfm-slow_4" eclass="HBEFA3/PC_G_EU4" CO2="28345.18" CO="547.36" HC="3.19" NOx="13.04" PMx="0.69" fuel="12.18" electricity="0.00" noise="99.51" route="routeright" type="cfm-slow" waiting="0.00" lane="right_0" pos="20.06" speed="11.37" angle="328.32" x="119.07" y="104.10"/>
        <vehicle id="cfm-slow_5" eclass="HBEFA3/PC_G_EU4" CO2="30810.46" CO="596.88" HC="3.48" NOx="14.20" PMx="0.76" fuel="13.24" electricity="0.00" noise="102.67" route="routeright" type="cfm-slow" waiting="0.00" lane="right_0" pos="35.92" speed="11.52" angle="299.97" x="93.08" y="125.65"/>
    </timestep>
    <timestep time="0.94">
        <vehicle id="cfm-fast_0" eclass="HBEFA3/PC_G_EU4" CO2="39098.16" CO="759.67" HC="4.42" NOx="18.08" PMx="0.97" fuel="16.81" electricity="0.00" noise="110.75" route="routetop" type="cfm-fast" waiting="0.00" lane="top_0" pos="2.07" speed="12.55" angle="270.76" x="59.12" y="132.12"/>
        <vehicle id="cfm-fast_1" eclass="HBEFA3/PC_G_EU4" CO2="39098.21" CO="759.67" HC="4.42" NOx="18.08" PMx="0.97" fuel="16.81" electricity="0.00" noise="110.75" route="routetop" type="cfm-fast" waiting="0.00" lane="top_0" pos="17.90" speed="12.55" angle="242.32" x="27.05" y="121.70"/>
        <vehicle id="cfm-fast_2" eclass="HBEFA3/PC_G_EU4" CO2="39099.86" CO="759.70" HC="4.42" NOx="18.08" PMx="0.97" fuel="16.81" electricity="0.00" noise="110.75" route="routetop" type="cfm-fast" waiting="0.00" lane="top_0" pos="33.73" speed="12.55" angle="213.81" x="3.84" y="97.24"/>
        <vehicle id="cfm-fast_3" eclass="HBEFA3/PC_G_EU4" CO2="39140.07" CO="760.53" HC="4.43" NOx="18.10" PMx="0.97" fuel="16.82" electricity="0.00" noise="110.81" route="routetop" type="cfm-fast" waiting="0.00" lane="top_0" pos="49.57" speed="12.55" angle="185.30" x="-4.93" y="64.69"/>
        <vehicle id="cfm-fast_4" eclass="HBEFA3/PC_G_EU4" CO2="39840.09" CO="774.83" HC="4.51" NOx="18.43" PMx="0.99" fuel="17.13" electricity="0.00" noise="111.69" route="routeleft" type="cfm-fast" waiting="0.00" lane="left_0" pos="15.40" speed="12.57" angle="156.77" x="2.94" y="31.71"/>
        <vehicle id="cfm-fast_5" eclass="HBEFA3/PC_G_EU4" CO2="47814.17" CO="937.23" HC="5.45" NOx="22.19" PMx="1.20" fuel="20.55" electricity="0.00" noise="121.29" route="routeleft" type="cfm-fast" waiting="0.00" lane="left_0" pos="31.26" speed="12.82" angle="128.27" x="25.54" y="6.63"/>
        <vehicle id="cfm-slow_0" eclass="HBEFA3/PC_G_EU4" CO2="27867.20" CO="536.97" HC="3.13" NOx="12.81" PMx="0.68" fuel="11.98" electricity="0.00" noise="98.60" route="routebottom" type="cfm-slow" waiting="0.00" lane="bottom_0" pos="6.84" speed="11.44" angle="82.14" x="78.36" y="-3.35"/>
        <vehicle id="cfm-slow_1" eclass="HBEFA3/PC_G_EU4" CO2="27867.48" CO="536.97" HC="3.13" NOx="12.81" PMx="0.68" fuel="11.98" electricity="0.00" noise="98.60" route="routebottom" type="cfm-slow" waiting="0.00" lane="bottom_0" pos="22.67" speed="11.44" angle="53.62" x="108.50" y="11.75"/>
        <vehicle id="cfm-slow_2" eclass="HBEFA3/PC_G_EU4" CO2="27871.55" CO="537.06" HC="3.13" NOx="12.81" PMx="0.68" fuel="11.98" electricity="0.00" noise="98.61" route="routebottom" type="cfm-slow" waiting="0.00" lane="bottom_0" pos="38.51" speed="11.44" angle="25.24" x="127.83" y="39.38"/>
        <vehicle id="cfm-slow_3" eclass="HBEFA3/PC_G_EU4" CO2="27918.62" CO="538.01" HC="3.14" NOx="12.84" PMx="0.68" fuel="12.00" electricity="0.00" noise="98.67" route="routebottom" type="cfm-slow" waiting="0.00" lane="right_0" pos="4.34" speed="11.44" angle="356.72" x="131.62" y="73.07"/>
        <vehicle id="cfm-slow_4" eclass="HBEFA3/PC_G_EU4" CO2="28334.58" CO="546.43" HC="3.19" NOx="13.03" PMx="0.69" fuel="12.18" electricity="0.00" noise="99.23" route="routeright" type="cfm-slow" waiting="0.00" lane="right_0" pos="20.18" speed="11.46" angle="328.11" x="118.93" y="104.30"/>
        <vehicle id="cfm-slow_5" eclass="HBEFA3/PC_G_EU4" CO2="30864.13" CO="597.23" HC="3.48" NOx="14.22" PMx="0.76" fuel="13.27" electricity="0.00" noise="102.44" route="routeright" type="cfm-slow" waiting="0.00" lane="right_0" pos="36.03" speed="11.62" angle="299.74" x="92.85" y="125.76"/>
    </timestep>
    <timestep time="0.95">
        <vehicle id="cfm-fast_0" eclass="HBEFA3/PC_G_EU4" CO2="39095.61" CO="758.82" HC="4.42" NOx="18.08" PMx="0.97" fuel="16.81" electricity="0.00" noise="110.35" route="routetop" type="cfm-fast" waiting="0.00" lane="top_0" pos="2.19" speed="12.66" angle="270.54" x="58.85" y="132.10"/>
        <vehicle id="cfm-fast_1" eclass="HBEFA3/PC_G_EU4" CO2="39095.68" CO="758.82" HC="4.42" NOx="18.08" PMx="0.97" fuel="16.81" electricity="0.00" noise="110.35" route="routetop" type="cfm-fast" waiting="0.00" lane="top_0" pos="18.03" speed="12.66" angle="242.10" x="26.82" y="121.56"/>
        <vehicle id="cfm-fast_2" eclass="HBEFA3/PC_G_EU4" CO2="39097.70" CO="758.86" HC="4.42" NOx="18.08" PMx="0.97" fuel="16.81" electricity="0.00" noise="110.35" route="routetop" type="cfm-fast" waiting="0.00" lane="top_0" pos="33.86" speed="12.66" angle="213.58" x="3.71" y="97.00"/>
        <vehicle id="cfm-fast_3" eclass="HBEFA3/PC_G_EU4" CO2="39144.37" CO="759.82" HC="4.43" NOx="18.10" PMx="0.97" fuel="16.83" electricity="0.00" noise="110.41" route="routetop" type="cfm-fast" waiting="0.00" lane="top_0" pos="49.69" speed="12.66" angle="185.07" x="-4.94" y="64.42"/>
        <vehicle id="cfm-fast_4" eclass="HBEFA3/PC_G_EU4" CO2="39916.33" CO="775.59" HC="4.52" NOx="18.47" PMx="0.99" fuel="17.16" electricity="0.00" noise="111.38" route="routeleft" type="cfm-fast" waiting="0.00" lane="left_0" pos="15.53" speed="12.68" angle="156.53" x="3.07" y="31.47"/>
        <vehicle id="cfm-fast_5" eclass="HBEFA3/PC_G_EU4" CO2="48308.78" CO="946.47" HC="5.50" NOx="22.42" PMx="1.21" fuel="20.77" electricity="0.00" noise="121.35" route="routeleft" type="cfm-fast" waiting="0.00" lane="left_0" pos="31.38" speed="12.95" angle="128.04" x="25.77" y="6.47"/>
        <vehicle id="cfm-slow_0" eclass="HBEFA3/PC_G_EU4" CO2="27828.06" CO="535.47" HC="3.12" NOx="12.79" PMx="0.68" fuel="11.96" electricity="0.00" noise="98.30" route="routebottom" type="cfm-slow" waiting="0.00" lane="bottom_0" pos="6.95" speed="11.52" angle="81.92" x="78.60" y="-3.29"/>
        <vehicle id="cfm-slow_1" eclass="HBEFA3/PC_G_EU4" CO2="27828.39" CO="535.48" HC="3.12" NOx="12.79" PMx="0.68" fuel="11.96" electricity="0.00" noise="98.30" route="routebottom" type="cfm-slow" waiting="0.00" lane="bottom_0" pos="22.79" speed="11.52" angle="53.40" x="108.69" y="11.91"/>
        <vehicle id="cfm-slow_2" eclass="HBEFA3/PC_G_EU4" CO2="27832.88" CO="535.57" HC="3.12" NOx="12.79" PMx="0.68" fuel="11.96" electricity="0.00" noise="98.30" route="routebottom" type="cfm-slow" waiting="0.00" lane="bottom_0" pos="38.62" speed="11.52" angle="25.03" x="127.91" y="39.61"/>
        <vehicle id="cfm-slow_3" eclass="HBEFA3/PC_G_EU4" CO2="27883.68" CO="536.60" HC="3.13" NOx="12.82" PMx="0.68" fuel="11.99" electricity="0.00" noise="98.37" route="routebottom" type="cfm-slow" waiting="0.00" lane="right_0" pos="4.45" speed="11.52" angle="356.51" x="131.58" y="73.31"/>
        <vehicle id="cfm-slow_4" eclass="HBEFA3/PC_G_EU4" CO2="28321.61" CO="545.46" HC="3.18" NOx="13.02" PMx="0.69" fuel="12.17" electricity="0.00" noise="98.95" route="routeright" type="cfm-slow" waiting="0.00" lane="right_0" pos="20.29" speed="11.54" angle="327.90" x="118.78" y="104.50"/>
        <vehicle id="cfm-slow_5" eclass="HBEFA3/PC_G_EU4" CO2="30914.40" CO="597.51" HC="3.48" NOx="14.24" PMx="0.76" fuel="13.29" electricity="0.00" noise="102.21" route="routeright" type="cfm-slow" waiting="0.00" lane="right_0" pos="36.15" speed="11.71" angle="299.51" x="92.62" y="125.86"/>
    </timestep>
    <timestep time="0.96">
        <vehicle id="cfm-fast_0" eclass="HBEFA3/PC_G_EU4" CO2="39087.40" CO="757.87" HC="4.42" NOx="18.07" PMx="0.97" fuel="16.80" electricity="0.00" noise="109.95" route="routetop" type="cfm-fast" waiting="0.00" lane="top_0" pos="2.32" speed="12.77" angle="270.31" x="58.58" y="132.08"/>
        <vehicle id="cfm-fast_1" eclass="HBEFA3/PC_G_EU4" CO2="39087.49" CO="757.87" HC="4.42" NOx="18.07" PMx="0.97" fuel="16.80" electricity="0.00" noise="109.95" route="routetop" type="cfm-fast" waiting="0.00" lane="top_0" pos="18.16" speed="12.77" angle="241.85" x="26.60" y="121.40"/>
        <vehicle id="cfm-fast_2" eclass="HBEFA3/PC_G_EU4" CO2="39089.94" CO="757.92" HC="4.42" NOx="18.07" PMx="0.97" fuel="16.80" electricity="0.00" noise="109.96" route="routetop" type="cfm-fast" waiting="0.00" lane="top_0" pos="33.99" speed="12.77" angle="213.35" x="3.58" y="96.76"/>
        <vehicle id="cfm-fast_3" eclass="HBEFA3/PC_G_EU4" CO2="39143.71" CO="759.02" HC="4.42" NOx="18.10" PMx="0.97" fuel="16.83" electricity="0.00" noise="110.03" route="routetop" type="cfm-fast" waiting="0.00" lane="top_0" pos="49.82" speed="12.77" angle="184.84" x="-4.94" y="64.14"/>
        <vehicle id="cfm-fast_4" eclass="HBEFA3/PC_G_EU4" CO2="39991.12" CO="776.33" HC="4.52" NOx="18.50" PMx="1.00" fuel="17.19" electricity="0.00" noise="111.08" route="routeleft" type="cfm-fast" waiting="0.00" lane="left_0" pos="15.66" speed="12.79" angle="156.30" x="3.21" y="31.23"/>
        <vehicle id="cfm-fast_5" eclass="HBEFA3/PC_G_EU4" CO2="48803.68" CO="955.73" HC="5.56" NOx="22.65" PMx="1.23" fuel="20.98" electricity="0.00" noise="121.42" route="routeleft" type="cfm-fast" waiting="0.00" lane="left_0" pos="31.52" speed="13.09" angle="127.80" x="26.01" y="6.32"/>
        <vehicle id="cfm-slow_0" eclass="HBEFA3/PC_G_EU4" CO2="27785.96" CO="533.93" HC="3.11" NOx="12.77" PMx="0.68" fuel="11.94" electricity="0.00" noise="97.99" route="routebottom" type="cfm-slow" waiting="0.00" lane="bottom_0" pos="7.07" speed="11.61" angle="81.70" x="78.84" y="-3.23"/>
        <vehicle id="cfm-slow_1" eclass="HBEFA3/PC_G_EU4" CO2="27786.32" CO="533.93" HC="3.11" NOx="12.77" PMx="0.68" fuel="11.94" electricity="0.00" noise="97.99" route="routebottom" type="cfm-slow" waiting="0.00" lane="bottom_0" pos="22.90" speed="11.61" angle="53.18" x="108.88" y="12.07"/>
        <vehicle id="cfm-slow_2" eclass="HBEFA3/PC_G_EU4" CO2="27791.27" CO="534.03" HC="3.12" NOx="12.77" PMx="0.68" fuel="11.95" electricity="0.00" noise="98.00" route="routebottom" type="cfm-slow" waiting="0.00" lane="bottom_0" pos="38.74" speed="11.61" angle="24.83" x="128.00" y="39.85"/>
        <vehicle id="cfm-slow_3" eclass="HBEFA3/PC_G_EU4" CO2="27845.99" CO="535.14" HC="3.12" NOx="12.80" PMx="0.68" fuel="11.97" electricity="0.00" noise="98.07" route="routebottom" type="cfm-slow" waiting="0.00" lane="right_0" pos="4.57" speed="11.61" angle="356.30" x="131.55" y="73.56"/>
        <vehicle id="cfm-slow_4" eclass="HBEFA3/PC_G_EU4" CO2="28306.34" CO="544.45" HC="3.18" NOx="13.01" PMx="0.69" fuel="12.17" electricity="0.00" noise="98.68" route="routeright" type="cfm-slow" waiting="0.00" lane="right_0" pos="20.41" speed="11.63" angle="327.71" x="118.63" y="104.71"/>
        <vehicle id="cfm-slow_5" eclass="HBEFA3/PC_G_EU4" CO2="30961.35" CO="597.75" HC="3.48" NOx="14.26" PMx="0.76" fuel="13.31" electricity="0.00" noise="101.98" route="routeright" type="cfm-slow" waiting="0.00" lane="right_0" pos="36.27" speed="11.80" angle="299.28" x="92.39" y="125.96"/>
    </timestep>
    <timestep time="0.97">
        <vehicle id="cfm-fast_0" eclass="HBEFA3/PC_G_EU4" CO2="39073.68" CO="756.83" HC="4.41" NOx="18.06" PMx="0.97" fuel="16.80" electricity="0.00" noise="109.56" route="routetop" type="cfm-fast" waiting="0.00" lane="top_0" pos="2.45" speed="12.88" angle="270.08" x="58.30" y="132.07"/>
        <vehicle id="cfm-fast_1" eclass="HBEFA3/PC_G_EU4" CO2="39073.78" CO="756.83" HC="4.41" NOx="18.06" PMx="0.97" fuel="16.80" electricity="0.00" noise="109.56" route="routetop" type="cfm-fast" waiting="0.00" lane="top_0" pos="18.28" speed="12.88" angle="241.60" x="26.37" y="121.25"/>
        <vehicle id="cfm-fast_2" eclass="HBEFA3/PC_G_EU4" CO2="39076.74" CO="756.89" HC="4.41" NOx="18.06" PMx="0.97" fuel="16.80" electricity="0.00" noise="109.56" route="routetop" type="cfm-fast" waiting="0.00" lane="top_0" pos="34.12" speed="12.88" angle="213.11" x="3.44" y="96.52"/>
        <vehicle id="cfm-fast_3" eclass="HBEFA3/PC_G_EU4" CO2="39138.29" CO="758.15" HC="4.42" NOx="18.09" PMx="0.97" fuel="16.82" electricity="0.00" noise="109.64" route="routetop" type="cfm-fast" waiting="0.00" lane="top_0" pos="49.95" speed="12.88" angle="184.62" x="-4.95" y="63.86"/>
        <vehicle id="cfm-fast_4" eclass="HBEFA3/PC_G_EU4" CO2="40064.61" CO="777.07" HC="4.53" NOx="18.53" PMx="1.00" fuel="17.22" electricity="0.00" noise="110.78" route="routeleft" type="cfm-fast" waiting="0.00" lane="left_0" pos="15.79" speed="12.91" angle="156.06" x="3.34" y="30.99"/>
        <vehicle id="cfm-fast_5" eclass="HBEFA3/PC_G_EU4" CO2="49298.87" CO="965.02" HC="5.61" NOx="22.88" PMx="1.24" fuel="21.19" electricity="0.00" noise="121.48" route="routeleft" type="cfm-fast" waiting="0.00" lane="left_0" pos="31.65" speed="13.23" angle="127.56" x="26.24" y="6.16"/>
        <vehicle id="cfm-slow_0" eclass="HBEFA3/PC_G_EU4" CO2="27740.97" CO="532.33" HC="3.11" NOx="12.75" PMx="0.68" fuel="11.92" electricity="0.00" noise="97.69" route="routebottom" type="cfm-slow" waiting="0.00" lane="bottom_0" pos="7.19" speed="11.69" angle="81.48" x="79.09" y="-3.18"/>
        <vehicle id="cfm-slow_1" eclass="HBEFA3/PC_G_EU4" CO2="27741.37" CO="532.34" HC="3.11" NOx="12.75" PMx="0.68" fuel="11.92" electricity="0.00" noise="97.69" route="routebottom" type="cfm-slow" waiting="0.00" lane="bottom_0" pos="23.02" speed="11.69" angle="53.01" x="109.07" y="12.24"/>
        <vehicle id="cfm-slow_2" eclass="HBEFA3/PC_G_EU4" CO2="27746.82" CO="532.45" HC="3.11" NOx="12.75" PMx="0.68" fuel="11.93" electricity="0.00" noise="97.70" route="routebottom" type="cfm-slow" waiting="0.00" lane="bottom_0" pos="38.85" speed="11.69" angle="24.61" x="128.08" y="40.08"/>
        <vehicle id="cfm-slow_3" eclass="HBEFA3/PC_G_EU4" CO2="27805.64" CO="533.65" HC="3.11" NOx="12.78" PMx="0.68" fuel="11.95" electricity="0.00" noise="97.78" route="routebottom" type="cfm-slow" waiting="0.00" lane="right_0" pos="4.69" speed="11.69" angle="356.09" x="131.51" y="73.81"/>
        <vehicle id="cfm-slow_4" eclass="HBEFA3/PC_G_EU4" CO2="28288.85" CO="543.42" HC="3.17" NOx="13.00" PMx="0.69" fuel="12.16" electricity="0.00" noise="98.41" route="routeright" type="cfm-slow" waiting="0.00" lane="right_0" pos="20.52" speed="11.72" angle="327.54" x="118.49" y="104.91"/>
        <vehicle id="cfm-slow_5" eclass="HBEFA3/PC_G_EU4" CO2="31005.01" CO="597.92" HC="3.49" NOx="14.28" PMx="0.76" fuel="13.33" electricity="0.00" noise="101.76" route="routeright" type="cfm-slow" waiting="0.00" lane="right_0" pos="36.39" speed="11.90" angle="299.05" x="92.16" y="126.07"/>
    </timestep>
    <timestep time="0.98">
        <vehicle id="cfm-fast_0" eclass="HBEFA3/PC_G_EU4" CO2="39054.59" CO="755.69" HC="4.40" NOx="18.05" PMx="0.97" fuel="16.79" electricity="0.00" noise="109.17" route="routetop" type="cfm-fast" waiting="0.00" lane="top_0" pos="2.58" speed="12.99" angle="269.87" x="58.02" y="132.05"/>
        <vehicle id="cfm-fast_1" eclass="HBEFA3/PC_G_EU4" CO2="39054.73" CO="755.69" HC="4.40" NOx="18.05" PMx="0.97" fuel="16.79" electricity="0.00" noise="109.17" route="routetop" type="cfm-fast" waiting="0.00" lane="top_0" pos="18.41" speed="12.99" angle="241.34" x="26.13" y="121.09"/>
        <vehicle id="cfm-fast_2" eclass="HBEFA3/PC_G_EU4" CO2="39058.25" CO="755.76" HC="4.41" NOx="18.05" PMx="0.97" fuel="16.79" electricity="0.00" noise="109.18" route="routetop" type="cfm-fast" waiting="0.00" lane="top_0" pos="34.25" speed="12.99" angle="212.88" x="3.31" y="96.28"/>
        <vehicle id="cfm-fast_3" eclass="HBEFA3/PC_G_EU4" CO2="39128.29" CO="757.20" HC="4.41" NOx="18.09" PMx="0.97" fuel="16.82" electricity="0.00" noise="109.26" route="routetop" type="cfm-fast" waiting="0.00" lane="left_0" pos="0.08" speed="12.99" angle="184.33" x="-4.95" y="63.40"/>
        <vehicle id="cfm-fast_4" eclass="HBEFA3/PC_G_EU4" CO2="40136.98" CO="777.79" HC="4.53" NOx="18.56" PMx="1.00" fuel="17.25" electricity="0.00" noise="110.49" route="routeleft" type="cfm-fast" waiting="0.00" lane="left_0" pos="15.92" speed="13.02" angle="155.82" x="3.48" y="30.74"/>
        <vehicle id="cfm-fast_5" eclass="HBEFA3/PC_G_EU4" CO2="49794.35" CO="974.32" HC="5.67" NOx="23.11" PMx="1.25" fuel="21.40" electricity="0.00" noise="121.54" route="routeleft" type="cfm-fast" waiting="0.00" lane="left_0" pos="31.78" speed="13.36" angle="127.32" x="26.48" y="6.00"/>
        <vehicle id="cfm-slow_0" eclass="HBEFA3/PC_G_EU4" CO2="27693.18" CO="530.70" HC="3.10" NOx="12.72" PMx="0.68" fuel="11.90" electricity="0.00" noise="97.39" route="routebottom" type="cfm-slow" waiting="0.00" lane="bottom_0" pos="7.31" speed="11.77" angle="81.25" x="79.34" y="-3.12"/>
        <vehicle id="cfm-slow_1" eclass="HBEFA3/PC_G_EU4" CO2="27693.63" CO="530.70" HC="3.10" NOx="12.72" PMx="0.68" fuel="11.90" electricity="0.00" noise="97.39" route="routebottom" type="cfm-slow" waiting="0.00" lane="bottom_0" pos="23.14" speed="11.77" angle="52.82" x="109.26" y="12.41"/>
        <vehicle id="cfm-slow_2" eclass="HBEFA3/PC_G_EU4" CO2="27699.61" CO="530.83" HC="3.10" NOx="12.72" PMx="0.68" fuel="11.91" electricity="0.00" noise="97.40" route="routebottom" type="cfm-slow" waiting="0.00" lane="bottom_0" pos="38.97" speed="11.77" angle="24.40" x="128.17" y="40.32"/>
        <vehicle id="cfm-slow_3" eclass="HBEFA3/PC_G_EU4" CO2="27762.72" CO="532.11" HC="3.11" NOx="12.75" PMx="0.68" fuel="11.93" electricity="0.00" noise="97.48" route="routebottom" type="cfm-slow" waiting="0.00" lane="right_0" pos="4.81" speed="11.78" angle="355.88" x="131.48" y="74.06"/>
        <vehicle id="cfm-slow_4" eclass="HBEFA3/PC_G_EU4" CO2="28269.21" CO="542.35" HC="3.17" NOx="12.99" PMx="0.69" fuel="12.15" electricity="0.00" noise="98.14" route="routeright" type="cfm-slow" waiting="0.00" lane="right_0" pos="20.64" speed="11.80" angle="327.33" x="118.33" y="105.11"/>
        <vehicle id="cfm-slow_5" eclass="HBEFA3/PC_G_EU4" CO2="31045.45" CO="598.05" HC="3.49" NOx="14.30" PMx="0.76" fuel="13.34" electricity="0.00" noise="101.53" route="routeright" type="cfm-slow" waiting="0.00" lane="right_0" pos="36.51" speed="11.99" angle="298.82" x="91.92" y="126.17"/>
    </timestep>
    <timestep time="0.99">
        <vehicle id="cfm-fast_0" eclass="HBEFA3/PC_G_EU4" CO2="39030.30" CO="754.46" HC="4.40" NOx="18.04" PMx="0.97" fuel="16.78" electricity="0.00" noise="108.79" route="routetop" type="cfm-fast" waiting="0.00" lane="top_0" pos="2.71" speed="13.10" angle="269.63" x="57.74" y="132.02"/>
        <vehicle id="cfm-fast_1" eclass="HBEFA3/PC_G_EU4" CO2="39030.47" CO="754.46" HC="4.40" NOx="18.04" PMx="0.97" fuel="16.78" electricity="0.00" noise="108.79" route="routetop" type="cfm-fast" waiting="0.00" lane="top_0" pos="18.55" speed="13.10" angle="241.09" x="25.90" y="120.94"/>
        <vehicle id="cfm-fast_2" eclass="HBEFA3/PC_G_EU4" CO2="39034.63" CO="754.55" HC="4.40" NOx="18.04" PMx="0.97" fuel="16.78" electricity="0.00" noise="108.79" route="routetop" type="cfm-fast" waiting="0.00" lane="top_0" pos="34.38" speed="13.10" angle="212.64" x="3.17" y="96.03"/>
        <vehicle id="cfm-fast_3" eclass="HBEFA3/PC_G_EU4" CO2="39113.91" CO="756.17" HC="4.41" NOx="18.08" PMx="0.97" fuel="16.81" electricity="0.00" noise="108.89" route="routetop" type="cfm-fast" waiting="0.00" lane="left_0" pos="0.21" speed="13.10" angle="184.09" x="-4.94" y="63.11"/>
        <vehicle id="cfm-fast_4" eclass="HBEFA3/PC_G_EU4" CO2="40208.38" CO="778.51" HC="4.54" NOx="18.59" PMx="1.00" fuel="17.28" electricity="0.00" noise="110.20" route="routeleft" type="cfm-fast" waiting="0.00" lane="left_0" pos="16.05" speed="13.13" angle="155.58" x="3.61" y="30.50"/>
        <vehicle id="cfm-fast_5" eclass="HBEFA3/PC_G_EU4" CO2="50290.12" CO="983.65" HC="5.72" NOx="23.34" PMx="1.26" fuel="21.62" electricity="0.00" noise="121.60" route="routeleft" type="cfm-fast" waiting="0.00" lane="left_0" pos="31.92" speed="13.50" angle="127.08" x="26.72" y="5.84"/>
        <vehicle id="cfm-slow_0" eclass="HBEFA3/PC_G_EU4" CO2="27642.67" CO="529.01" HC="3.09" NOx="12.69" PMx="0.68" fuel="11.88" electricity="0.00" noise="97.10" route="routebottom" type="cfm-slow" waiting="0.00" lane="bottom_0" pos="7.42" speed="11.86" angle="81.02" x="79.59" y="-3.07"/>
        <vehicle id="cfm-slow_1" eclass="HBEFA3/PC_G_EU4" CO2="27643.18" CO="529.02" HC="3.09" NOx="12.70" PMx="0.68" fuel="11.88" electricity="0.00" noise="97.10" route="routebottom" type="cfm-slow" waiting="0.00" lane="bottom_0" pos="23.26" speed="11.86" angle="52.60" x="109.45" y="12.58"/>
        <vehicle id="cfm-slow_2" eclass="HBEFA3/PC_G_EU4" CO2="27649.72" CO="529.16" HC="3.09" NOx="12.70" PMx="0.68" fuel="11.89" electricity="0.00" noise="97.11" route="routebottom" type="cfm-slow" waiting="0.00" lane="bottom_0" pos="39.09" speed="11.86" angle="24.19" x="128.26" y="40.56"/>
        <vehicle id="cfm-slow_3" eclass="HBEFA3/PC_G_EU4" CO2="27717.33" CO="530.53" HC="3.10" NOx="12.73" PMx="0.68" fuel="11.91" electricity="0.00" noise="97.20" route="routebottom" type="cfm-slow" waiting="0.00" lane="right_0" pos="4.92" speed="11.86" angle="355.66" x="131.44" y="74.31"/>
        <vehicle id="cfm-slow_4" eclass="HBEFA3/PC_G_EU4" CO2="28247.50" CO="541.25" HC="3.16" NOx="12.98" PMx="0.69" fuel="12.14" electricity="0.00" noise="97.88" route="routeright" type="cfm-slow" waiting="0.00" lane="right_0" pos="20.76" speed="11.89" angle="327.11" x="118.17" y="105.31"/>
        <vehicle id="cfm-slow_5" eclass="HBEFA3/PC_G_EU4" CO2="31082.72" CO="598.11" HC="3.49" NOx="14.31" PMx="0.76" fuel="13.36" electricity="0.00" noise="101.31" route="routeright" type="cfm-slow" waiting="0.00" lane="right_0" pos="36.63" speed="12.08" angle="298.58" x="91.68" y="126.28"/>
    </timestep>
    <timestep time="1.00">
        <vehicle id="cfm-fast_0" eclass="HBEFA3/PC_G_EU4" CO2="39000.94" CO="753.14" HC="4.39" NOx="18.02" PMx="0.97" fuel="16.76" electricity="0.00" noise="108.40" route="routetop" type="cfm-fast" waiting="0.00" lane="top_0" pos="2.84" speed="13.21" angle="269.39" x="57.46" y="131.99"/>
        <vehicle id="cfm-fast_1" eclass="HBEFA3/PC_G_EU4" CO2="39001.14" CO="753.14" HC="4.39" NOx="18.02" PMx="0.97" fuel="16.76" electricity="0.00" noise="108.40" route="routetop" type="cfm-fast" waiting="0.00" lane="top_1" pos="18.68" speed="13.21" angle="240.87" x="27.50" y="118.04"/>
        <vehicle id="cfm-fast_2" eclass="HBEFA3/PC_G_EU4" CO2="39006.03" CO="753.24" HC="4.39" NOx="18.02" PMx="0.97" fuel="16.77" electricity="0.00" noise="108.41" route="routetop" type="cfm-fast" waiting="0.00" lane="top_0" pos="34.51" speed="13.21" angle="212.40" x="3.03" y="95.78"/>
        <vehicle id="cfm-fast_3" eclass="HBEFA3/PC_G_EU4" CO2="39095.32" CO="755.07" HC="4.40" NOx="18.07" PMx="0.97" fuel="16.81" electricity="0.00" noise="108.52" route="routetop" type="cfm-fast" waiting="0.00" lane="left_0" pos="0.34" speed="13.21" angle="183.86" x="-4.93" y="62.83"/>
        <vehicle id="cfm-fast_4" eclass="HBEFA3/PC_G_EU4" CO2="40278.96" CO="779.23" HC="4.54" NOx="18.62" PMx="1.00" fuel="17.31" electricity="0.00" noise="109.93" route="routeleft" type="cfm-fast" waiting="0.00" lane="left_0" pos="16.18" speed="13.24" angle="155.33" x="3.75" y="30.25"/>
        <vehicle id="cfm-fast_5" eclass="HBEFA3/PC_G_EU4" CO2="50786.19" CO="993.00" HC="5.78" NOx="23.57" PMx="1.28" fuel="21.83" electricity="0.00" noise="121.66" route="routeleft" type="cfm-fast" waiting="0.00" lane="left_1" pos="32.05" speed="13.64" angle="126.87" x="28.75" y="8.46"/>
        <vehicle id="cfm-slow_0" eclass="HBEFA3/PC_G_EU4" CO2="27589.52" CO="527.29" HC="3.08" NOx="12.67" PMx="0.67" fuel="11.86" electricity="0.00" noise="96.80" route="routebottom" type="cfm-slow" waiting="0.00" lane="bottom_0" pos="7.54" speed="11.94" angle="80.81" x="79.84" y="-3.01"/>
        <vehicle id="cfm-slow_1" eclass="HBEFA3/PC_G_EU4" CO2="27590.09" CO="527.30" HC="3.08" NOx="12.67" PMx="0.67" fuel="11.86" electricity="0.00" noise="96.80" route="routebottom" type="cfm-slow" waiting="0.00" lane="bottom_0" pos="23.38" speed="11.94" angle="52.39" x="109.64" y="12.75"/>
        <vehicle id="cfm-slow_2" eclass="HBEFA3/PC_G_EU4" CO2="27597.24" CO="527.44" HC="3.08" NOx="12.67" PMx="0.67" fuel="11.86" electricity="0.00" noise="96.81" route="routebottom" type="cfm-slow" waiting="0.00" lane="bottom_0" pos="39.21" speed="11.94" angle="23.97" x="128.34" y="40.80"/>
        <vehicle id="cfm-slow_3" eclass="HBEFA3/PC_G_EU4" CO2="27669.55" CO="528.91" HC="3.09" NOx="12.71" PMx="0.68" fuel="11.89" electricity="0.00" noise="96.91" route="routebottom" type="cfm-slow" waiting="0.00" lane="right_0" pos="5.04" speed="11.94" angle="355.38" x="131.40" y="74.57"/>
        <vehicle id="cfm-slow_4" eclass="HBEFA3/PC_G_EU4" CO2="28223.78" CO="540.11" HC="3.15" NOx="12.97" PMx="0.69" fuel="12.13" electricity="0.00" noise="97.62" route="routeright" type="cfm-slow" waiting="0.00" lane="right_0" pos="20.88" speed="11.97" angle="326.90" x="118.01" y="105.51"/>
        <vehicle id="cfm-slow_5" eclass="HBEFA3/PC_G_EU4" CO2="31116.88" CO="598.13" HC="3.49" NOx="14.33" PMx="0.77" fuel="13.38" electricity="0.00" noise="101.09" route="routeright" type="cfm-slow" waiting="0.00" lane="right_0" pos="36.75" speed="12.17" angle="298.35" x="91.45" y="126.39"/>
    </timestep>
    <timestep time="1.01">
        <vehicle id="cfm-fast_0" eclass="HBEFA3/PC_G_EU4" CO2="49717.00" CO="972.87" HC="5.66" NOx="23.07" PMx="1.25" fuel="21.37" electricity="0.00" noise="121.53" route="routetop" type="cfm-fast" waiting="0.00" lane="top_0" pos="2.98" speed="13.34" angle="269.16" x="57.17" y="131.96"/>
        <vehicle id="cfm-fast_1" eclass="HBEFA3/PC_G_EU4" CO2="49717.01" CO="972.87" HC="5.66" NOx="23.07" PMx="1.25" fuel="21.37" electricity="0.00" noise="121.53" route="routetop" type="cfm-fast" waiting="0.00" lane="top_1" pos="18.81" speed="13.34" angle="240.61" x="27.27" y="117.88"/>
        <vehicle id="cfm-fast_2" eclass="HBEFA3/PC_G_EU4" CO2="38972.61" CO="751.86" HC="4.39" NOx="18.00" PMx="0.97" fuel="16.75" electricity="0.00" noise="108.03" route="routetop" type="cfm-fast" waiting="0.00" lane="top_0" pos="34.64" speed="13.31" angle="212.22" x="2.90" y="95.53"/>
        <vehicle id="cfm-fast_3" eclass="HBEFA3/PC_G_EU4" CO2="39072.69" CO="753.91" HC="4.40" NOx="18.05" PMx="0.97" fuel="16.80" electricity="0.00" noise="108.15" route="routetop" type="cfm-fast" waiting="0.00" lane="left_0" pos="0.48" speed="13.31" angle="183.61" x="-4.93" y="62.54"/>
        <vehicle id="cfm-fast_4" eclass="HBEFA3/PC_G_EU4" CO2="49837.20" CO="975.13" HC="5.67" NOx="23.13" PMx="1.25" fuel="21.42" electricity="0.00" noise="121.54" route="routeleft" type="cfm-fast" waiting="0.00" lane="left_0" pos="16.31" speed="13.38" angle="155.09" x="3.89" y="29.99"/>
        <vehicle id="cfm-fast_5" eclass="HBEFA3/PC_G_EU4" CO2="51282.55" CO="1002.37" HC="5.83" NOx="23.80" PMx="1.29" fuel="22.04" electricity="0.00" noise="121.72" route="routeleft" type="cfm-fast" waiting="0.00" lane="left_1" pos="32.19" speed="13.77" angle="126.61" x="28.99" y="8.31"/>
        <vehicle id="cfm-slow_0" eclass="HBEFA3/PC_G_EU4" CO2="27533.83" CO="525.52" HC="3.07" NOx="12.64" PMx="0.67" fuel="11.84" electricity="0.00" noise="96.51" route="routebottom" type="cfm-slow" waiting="0.00" lane="bottom_0" pos="7.66" speed="12.02" angle="80.64" x="80.09" y="-2.95"/>
        <vehicle id="cfm-slow_1" eclass="HBEFA3/PC_G_EU4" CO2="27534.46" CO="525.53" HC="3.07" NOx="12.64" PMx="0.67" fuel="11.84" electricity="0.00" noise="96.51" route="routebottom" type="cfm-slow" waiting="0.00" lane="bottom_0" pos="23.50" speed="12.02" angle="52.17" x="109.83" y="12.93"/>
        <vehicle id="cfm-slow_2" eclass="HBEFA3/PC_G_EU4" CO2="27542.26" CO="525.69" HC="3.07" NOx="12.64" PMx="0.67" fuel="11.84" electricity="0.00" noise="96.52" route="routebottom" type="cfm-slow" waiting="0.00" lane="bottom_0" pos="39.33" speed="12.02" angle="23.76" x="128.43" y="41.05"/>
        <vehicle id="cfm-slow_3" eclass="HBEFA3/PC_G_EU4" CO2="27619.45" CO="527.26" HC="3.08" NOx="12.68" PMx="0.67" fuel="11.87" electricity="0.00" noise="96.63" route="routebottom" type="cfm-slow" waiting="0.00" lane="right_0" pos="5.16" speed="12.02" angle="355.18" x="131.36" y="74.82"/>
        <vehicle id="cfm-slow_4" eclass="HBEFA3/PC_G_EU4" CO2="28198.13" CO="538.95" HC="3.15" NOx="12.95" PMx="0.69" fuel="12.12" electricity="0.00" noise="97.36" route="routeright" type="cfm-slow" waiting="0.00" lane="right_0" pos="21.00" speed="12.05" angle="326.68" x="117.85" y="105.72"/>
        <vehicle id="cfm-slow_5" eclass="HBEFA3/PC_G_EU4" CO2="31147.97" CO="598.09" HC="3.49" NOx="14.34" PMx="0.77" fuel="13.39" electricity="0.00" noise="100.87" route="routeright" type="cfm-slow" waiting="0.00" lane="right_0" pos="36.87" speed="12.26" angle="298.11" x="91.20" y="126.49"/>
    </timestep>
    <timestep time="1.02">
        <vehicle id="cfm-fast_0" eclass="HBEFA3/PC_G_EU4" CO2="50212.73" CO="982.19" HC="5.71" NOx="23.30" PMx="1.26" fuel="21.58" electricity="0.00" noise="121.59" route="routetop" type="cfm-fast" waiting="0.00" lane="top_0" pos="3.11" speed="13.48" angle="268.91" x="56.89" y="131.93"/>
        <vehicle id="cfm-fast_1" eclass="HBEFA3/PC_G_EU4" CO2="50212.74" CO="982.19" HC="5.71" NOx="23.30" PMx="1.26" fuel="21.58" electricity="0.00" noise="121.59" route="routetop" type="cfm-fast" waiting="0.00" lane="top_1" pos="18.95" speed="13.48" angle="240.36" x="27.04" y="117.73"/>
        <vehicle id="cfm-fast_2" eclass="HBEFA3/PC_G_EU4" CO2="38934.51" CO="750.39" HC="4.38" NOx="17.98" PMx="0.97" fuel="16.74" electricity="0.00" noise="107.66" route="routetop" type="cfm-fast" waiting="0.00" lane="top_0" pos="34.78" speed="13.42" angle="211.97" x="2.77" y="95.27"/>
        <vehicle id="cfm-fast_3" eclass="HBEFA3/PC_G_EU4" CO2="39133.57" CO="754.47" HC="4.40" NOx="18.08" PMx="0.97" fuel="16.82" electricity="0.00" noise="107.90" route="routetop" type="cfm-fast" waiting="0.00" lane="left_0" pos="0.61" speed="13.42" angle="183.37" x="-4.92" y="62.25"/>
        <vehicle id="cfm-fast_4" eclass="HBEFA3/PC_G_EU4" CO2="50333.00" CO="984.46" HC="5.73" NOx="23.36" PMx="1.27" fuel="21.64" electricity="0.00" noise="121.61" route="routeleft" type="cfm-fast" waiting="0.00" lane="left_0" pos="16.45" speed="13.51" angle="154.84" x="4.03" y="29.74"/>
        <vehicle id="cfm-fast_5" eclass="HBEFA3/PC_G_EU4" CO2="51779.20" CO="1011.76" HC="5.89" NOx="24.03" PMx="1.30" fuel="22.26" electricity="0.00" noise="121.79" route="routeleft" type="cfm-fast" waiting="0.00" lane="left_1" pos="32.33" speed="13.91" angle="126.35" x="29.24" y="8.17"/>
        <vehicle id="cfm-slow_0" eclass="HBEFA3/PC_G_EU4" CO2="27475.65" CO="523.71" HC="3.06" NOx="12.61" PMx="0.67" fuel="11.81" electricity="0.00" noise="96.23" route="routebottom" type="cfm-slow" waiting="0.00" lane="bottom_0" pos="7.78" speed="12.10" angle="80.41" x="80.34" y="-2.88"/>
        <vehicle id="cfm-slow_1" eclass="HBEFA3/PC_G_EU4" CO2="27476.36" CO="523.73" HC="3.06" NOx="12.61" PMx="0.67" fuel="11.81" electricity="0.00" noise="96.23" route="routebottom" type="cfm-slow" waiting="0.00" lane="bottom_0" pos="23.62" speed="12.10" angle="51.95" x="110.02" y="13.10"/>
        <vehicle id="cfm-slow_2" eclass="HBEFA3/PC_G_EU4" CO2="27484.84" CO="523.90" HC="3.06" NOx="12.61" PMx="0.67" fuel="11.81" electricity="0.00" noise="96.24" route="routebottom" type="cfm-slow" waiting="0.00" lane="bottom_0" pos="39.45" speed="12.10" angle="23.54" x="128.52" y="41.29"/>
        <vehicle id="cfm-slow_3" eclass="HBEFA3/PC_G_EU4" CO2="27567.13" CO="525.57" HC="3.07" NOx="12.65" PMx="0.67" fuel="11.85" electricity="0.00" noise="96.34" route="routebottom" type="cfm-slow" waiting="0.00" lane="right_0" pos="5.29" speed="12.10" angle="354.95" x="131.31" y="75.08"/>
        <vehicle id="cfm-slow_4" eclass="HBEFA3/PC_G_EU4" CO2="28170.60" CO="537.77" HC="3.14" NOx="12.94" PMx="0.69" fuel="12.11" electricity="0.00" noise="97.11" route="routeright" type="cfm-slow" waiting="0.00" lane="right_0" pos="21.12" speed="12.13" angle="326.46" x="117.69" y="105.92"/>
        <vehicle id="cfm-slow_5" eclass="HBEFA3/PC_G_EU4" CO2="31267.37" CO="599.89" HC="3.50" NOx="14.39" PMx="0.77" fuel="13.44" electricity="0.00" noise="100.77" route="routeright" type="cfm-slow" waiting="0.00" lane="right_0" pos="36.99" speed="12.35" angle="297.87" x="90.96" y="126.60"/>
    </timestep>
    <timestep time="1.03">
        <vehicle id="cfm-fast_0" eclass="HBEFA3/PC_G_EU4" CO2="50708.75" CO="991.54" HC="5.77" NOx="23.53" PMx="1.27" fuel="21.80" electricity="0.00" noise="121.65" route="routetop" type="cfm-fast" waiting="0.00" lane="top_0" pos="3.25" speed="13.62" angle="268.67" x="56.59" y="131.90"/>
        <vehicle id="cfm-fast_1" eclass="HBEFA3/PC_G_EU4" CO2="50708.76" CO="991.54" HC="5.77" NOx="23.53" PMx="1.27" fuel="21.80" electricity="0.00" noise="121.65" route="routetop" type="cfm-fast" waiting="0.00" lane="top_1" pos="19.08" speed="13.62" angle="240.10" x="26.81" y="117.58"/>
        <vehicle id="cfm-fast_2" eclass="HBEFA3/PC_G_EU4" CO2="38892.68" CO="748.87" HC="4.37" NOx="17.96" PMx="0.97" fuel="16.72" electricity="0.00" noise="107.29" route="routetop" type="cfm-fast" waiting="0.00" lane="top_0" pos="34.91" speed="13.52" angle="211.72" x="2.64" y="95.01"/>
        <vehicle id="cfm-fast_3" eclass="HBEFA3/PC_G_EU4" CO2="39194.38" CO="755.05" HC="4.41" NOx="18.10" PMx="0.97" fuel="16.85" electricity="0.00" noise="107.65" route="routetop" type="cfm-fast" waiting="0.00" lane="left_0" pos="0.75" speed="13.52" angle="183.13" x="-4.91" y="61.96"/>
        <vehicle id="cfm-fast_4" eclass="HBEFA3/PC_G_EU4" CO2="50829.09" CO="993.81" HC="5.78" NOx="23.59" PMx="1.28" fuel="21.85" electricity="0.00" noise="121.67" route="routeleft" type="cfm-fast" waiting="0.00" lane="left_0" pos="16.59" speed="13.65" angle="154.62" x="4.17" y="29.48"/>
        <vehicle id="cfm-fast_5" eclass="HBEFA3/PC_G_EU4" CO2="52276.14" CO="1021.17" HC="5.94" NOx="24.26" PMx="1.32" fuel="22.47" electricity="0.00" noise="121.85" route="routeleft" type="cfm-fast" waiting="0.00" lane="left_1" pos="32.47" speed="14.05" angle="126.09" x="29.48" y="8.02"/>
        <vehicle id="cfm-slow_0" eclass="HBEFA3/PC_G_EU4" CO2="27415.08" CO="521.87" HC="3.05" NOx="12.58" PMx="0.67" fuel="11.78" electricity="0.00" noise="95.94" route="routebottom" type="cfm-slow" waiting="0.00" lane="bottom_0" pos="7.91" speed="12.18" angle="80.19" x="80.59" y="-2.82"/>
        <vehicle id="cfm-slow_1" eclass="HBEFA3/PC_G_EU4" CO2="27415.86" CO="521.89" HC="3.05" NOx="12.58" PMx="0.67" fuel="11.78" electricity="0.00" noise="95.94" route="routebottom" type="cfm-slow" waiting="0.00" lane="bottom_0" pos="23.74" speed="12.18" angle="51.73" x="110.21" y="13.28"/>
        <vehicle id="cfm-slow_2" eclass="HBEFA3/PC_G_EU4" CO2="27425.08" CO="522.07" HC="3.05" NOx="12.58" PMx="0.67" fuel="11.79" electricity="0.00" noise="95.95" route="routebottom" type="cfm-slow" waiting="0.00" lane="bottom_0" pos="39.57" speed="12.18" angle="23.32" x="128.61" y="41.54"/>
        <vehicle id="cfm-slow_3" eclass="HBEFA3/PC_G_EU4" CO2="27512.66" CO="523.85" HC="3.06" NOx="12.63" PMx="0.67" fuel="11.83" electricity="0.00" noise="96.07" route="routebottom" type="cfm-slow" waiting="0.00" lane="right_0" pos="5.41" speed="12.18" angle="354.73" x="131.27" y="75.33"/>
        <vehicle id="cfm-slow_4" eclass="HBEFA3/PC_G_EU4" CO2="28142.10" CO="536.57" HC="3.14" NOx="12.92" PMx="0.69" fuel="12.10" electricity="0.00" noise="96.86" route="routeright" type="cfm-slow" waiting="0.00" lane="right_0" pos="21.24" speed="12.21" angle="326.23" x="117.53" y="106.13"/>
        <vehicle id="cfm-slow_5" eclass="HBEFA3/PC_G_EU4" CO2="31387.92" CO="601.71" HC="3.51" NOx="14.45" PMx="0.77" fuel="13.49" electricity="0.00" noise="100.68" route="routeright" type="cfm-slow" waiting="0.00" lane="right_0" pos="37.12" speed="12.44" angle="297.66" x="90.72" y="126.71"/>
    </timestep>
    <timestep time="1.04">
        <vehicle id="cfm-fast_0" eclass="HBEFA3/PC_G_EU4" CO2="51205.06" CO="1000.90" HC="5.82" NOx="23.77" PMx="1.29" fuel="22.01" electricity="0.00" noise="121.71" route="routetop" type="cfm-fast" waiting="0.00" lane="top_0" pos="3.39" speed="13.75" angle="268.42" x="56.30" y="131.87"/>
        <vehicle id="cfm-fast_1" eclass="HBEFA3/PC_G_EU4" CO2="51205.07" CO="1000.90" HC="5.82" NOx="23.77" PMx="1.29" fuel="22.01" electricity="0.00" noise="121.71" route="routetop" type="cfm-fast" waiting="0.00" lane="top_1" pos="19.22" speed="13.75" angle="239.89" x="26.57" y="117.42"/>
        <vehicle id="cfm-fast_2" eclass="HBEFA3/PC_G_EU4" CO2="38847.29" CO="747.28" HC="4.36" NOx="17.94" PMx="0.97" fuel="16.70" electricity="0.00" noise="106.92" route="routetop" type="cfm-fast" waiting="0.00" lane="top_0" pos="35.05" speed="13.62" angle="211.47" x="2.51" y="94.75"/>
        <vehicle id="cfm-fast_3" eclass="HBEFA3/PC_G_EU4" CO2="39255.23" CO="755.65" HC="4.41" NOx="18.13" PMx="0.98" fuel="16.87" electricity="0.00" noise="107.41" route="routetop" type="cfm-fast" waiting="0.00" lane="left_0" pos="0.88" speed="13.63" angle="182.88" x="-4.91" y="61.67"/>
        <vehicle id="cfm-fast_4" eclass="HBEFA3/PC_G_EU4" CO2="51325.47" CO="1003.18" HC="5.84" NOx="23.82" PMx="1.29" fuel="22.06" electricity="0.00" noise="121.73" route="routeleft" type="cfm-fast" waiting="0.00" lane="left_0" pos="16.72" speed="13.78" angle="154.39" x="4.32" y="29.23"/>
        <vehicle id="cfm-fast_5" eclass="HBEFA3/PC_G_EU4" CO2="52773.37" CO="1030.61" HC="6.00" NOx="24.49" PMx="1.33" fuel="22.68" electricity="0.00" noise="121.91" route="routeleft" type="cfm-fast" waiting="0.00" lane="left_1" pos="32.61" speed="14.18" angle="125.82" x="29.73" y="7.87"/>
        <vehicle id="cfm-slow_0" eclass="HBEFA3/PC_G_EU4" CO2="27352.18" CO="519.99" HC="3.04" NOx="12.55" PMx="0.67" fuel="11.76" electricity="0.00" noise="95.66" route="routebottom" type="cfm-slow" waiting="0.00" lane="bottom_0" pos="8.03" speed="12.26" angle="79.97" x="80.85" y="-2.75"/>
        <vehicle id="cfm-slow_1" eclass="HBEFA3/PC_G_EU4" CO2="27353.04" CO="520.00" HC="3.04" NOx="12.55" PMx="0.67" fuel="11.76" electricity="0.00" noise="95.66" route="routebottom" type="cfm-slow" waiting="0.00" lane="bottom_0" pos="23.86" speed="12.26" angle="51.51" x="110.41" y="13.46"/>
        <vehicle id="cfm-slow_2" eclass="HBEFA3/PC_G_EU4" CO2="27363.04" CO="520.21" HC="3.04" NOx="12.55" PMx="0.67" fuel="11.76" electricity="0.00" noise="95.67" route="routebottom" type="cfm-slow" waiting="0.00" lane="bottom_0" pos="39.70" speed="12.26" angle="23.13" x="128.70" y="41.79"/>
        <vehicle id="cfm-slow_3" eclass="HBEFA3/PC_G_EU4" CO2="27456.13" CO="522.10" HC="3.05" NOx="12.60" PMx="0.67" fuel="11.80" electricity="0.00" noise="95.79" route="routebottom" type="cfm-slow" waiting="0.00" lane="right_0" pos="5.53" speed="12.26" angle="354.50" x="131.22" y="75.59"/>
        <vehicle id="cfm-slow_4" eclass="HBEFA3/PC_G_EU4" CO2="28112.73" CO="535.36" HC="3.13" NOx="12.91" PMx="0.69" fuel="12.08" electricity="0.00" noise="96.61" route="routeright" type="cfm-slow" waiting="0.00" lane="right_0" pos="21.37" speed="12.30" angle="326.01" x="117.37" y="106.34"/>
        <vehicle id="cfm-slow_5" eclass="HBEFA3/PC_G_EU4" CO2="31509.65" CO="603.57" HC="3.52" NOx="14.50" PMx="0.78" fuel="13.54" electricity="0.00" noise="100.60" route="routeright" type="cfm-slow" waiting="0.00" lane="right_0" pos="37.24" speed="12.53" angle="297.47" x="90.47" y="126.82"/>
    </timestep>
    <timestep time="1.05">
        <vehicle id="cfm-fast_0" eclass="HBEFA3/PC_G_EU4" CO2="51701.66" CO="1010.29" HC="5.88" NOx="24.00" PMx="1.30" fuel="22.22" electricity="0.00" noise="121.78" route="routetop" type="cfm-fast" waiting="0.00" lane="top_0" pos="3.52" speed="13.89" angle="268.18" x="56.00" y="131.84"/>
        <vehicle id="cfm-fast_1" eclass="HBEFA3/PC_G_EU4" CO2="51701.67" CO="1010.29" HC="5.88" NOx="24.00" PMx="1.30" fuel="22.22" electricity="0.00" noise="121.78" route="routetop" type="cfm-fast" waiting="0.00" lane="top_1" pos="19.36" speed="13.89" angle="239.64" x="26.34" y="117.25"/>
        <vehicle id="cfm-fast_2" eclass="HBEFA3/PC_G_EU4" CO2="38798.52" CO="745.64" HC="4.35" NOx="17.91" PMx="0.96" fuel="16.68" electricity="0.00" noise="106.56" route="routetop" type="cfm-fast" waiting="0.00" lane="top_0" pos="35.19" speed="13.73" angle="211.22" x="2.37" y="94.48"/>
        <vehicle id="cfm-fast_3" eclass="HBEFA3/PC_G_EU4" CO2="39316.24" CO="756.26" HC="4.41" NOx="18.16" PMx="0.98" fuel="16.90" electricity="0.00" noise="107.18" route="routetop" type="cfm-fast" waiting="0.00" lane="left_0" pos="1.02" speed="13.73" angle="182.63" x="-4.90" y="61.38"/>
        <vehicle id="cfm-fast_4" eclass="HBEFA3/PC_G_EU4" CO2="51822.15" CO="1012.57" HC="5.89" NOx="24.05" PMx="1.30" fuel="22.28" electricity="0.00" noise="121.79" route="routeleft" type="cfm-fast" waiting="0.00" lane="left_0" pos="16.86" speed="13.92" angle="154.13" x="4.47" y="28.97"/>
        <vehicle id="cfm-fast_5" eclass="HBEFA3/PC_G_EU4" CO2="53270.90" CO="1040.07" HC="6.05" NOx="24.73" PMx="1.34" fuel="22.90" electricity="0.00" noise="121.97" route="routeleft" type="cfm-fast" waiting="0.00" lane="left_1" pos="32.76" speed="14.32" angle="125.55" x="29.98" y="7.72"/>
        <vehicle id="cfm-slow_0" eclass="HBEFA3/PC_G_EU4" CO2="27287.02" CO="518.07" HC="3.03" NOx="12.52" PMx="0.67" fuel="11.73" electricity="0.00" noise="95.38" route="routebottom" type="cfm-slow" waiting="0.00" lane="bottom_0" pos="8.15" speed="12.34" angle="79.74" x="81.10" y="-2.68"/>
        <vehicle id="cfm-slow_1" eclass="HBEFA3/PC_G_EU4" CO2="27287.98" CO="518.09" HC="3.03" NOx="12.52" PMx="0.67" fuel="11.73" electricity="0.00" noise="95.38" route="routebottom" type="cfm-slow" waiting="0.00" lane="bottom_0" pos="23.99" speed="12.34" angle="51.29" x="110.60" y="13.64"/>
        <vehicle id="cfm-slow_2" eclass="HBEFA3/PC_G_EU4" CO2="27298.81" CO="518.31" HC="3.03" NOx="12.52" PMx="0.67" fuel="11.73" electricity="0.00" noise="95.39" route="routebottom" type="cfm-slow" waiting="0.00" lane="bottom_0" pos="39.82" speed="12.34" angle="22.93" x="128.78" y="42.04"/>
        <vehicle id="cfm-slow_3" eclass="HBEFA3/PC_G_EU4" CO2="27397.62" CO="520.31" HC="3.04" NOx="12.57" PMx="0.67" fuel="11.78" electricity="0.00" noise="95.52" route="routebottom" type="cfm-slow" waiting="0.00" lane="right_0" pos="5.65" speed="12.34" angle="354.27" x="131.17" y="75.86"/>
        <vehicle id="cfm-slow_4" eclass="HBEFA3/PC_G_EU4" CO2="28082.56" CO="534.15" HC="3.12" NOx="12.89" PMx="0.69" fuel="12.07" electricity="0.00" noise="96.37" route="routeright" type="cfm-slow" waiting="0.00" lane="right_0" pos="21.49" speed="12.38" angle="325.79" x="117.20" y="106.55"/>
        <vehicle id="cfm-slow_5" eclass="HBEFA3/PC_G_EU4" CO2="31632.61" CO="605.46" HC="3.54" NOx="14.56" PMx="0.78" fuel="13.60" electricity="0.00" noise="100.51" route="routeright" type="cfm-slow" waiting="0.00" lane="right_0" pos="37.37" speed="12.62" angle="297.25" x="90.22" y="126.92"/>
    </timestep>
    <timestep time="1.06">
        <vehicle id="cfm-fast_0" eclass="HBEFA3/PC_G_EU4" CO2="52198.56" CO="1019.70" HC="5.93" NOx="24.23" PMx="1.31" fuel="22.44" electricity="0.00" noise="121.84" route="routetop" type="cfm-fast" waiting="0.00" lane="top_0" pos="3.67" speed="14.02" angle="267.92" x="55.70" y="131.81"/>
        <vehicle id="cfm-fast_1" eclass="HBEFA3/PC_G_EU4" CO2="52198.57" CO="1019.70" HC="5.93" NOx="24.23" PMx="1.31" fuel="22.44" electricity="0.00" noise="121.84" route="routetop" type="cfm-fast" waiting="0.00" lane="top_1" pos="19.50" speed="14.02" angle="239.38" x="26.11" y="117.08"/>
        <vehicle id="cfm-fast_2" eclass="HBEFA3/PC_G_EU4" CO2="38746.53" CO="743.94" HC="4.34" NOx="17.89" PMx="0.96" fuel="16.66" electricity="0.00" noise="106.21" route="routetop" type="cfm-fast" waiting="0.00" lane="top_0" pos="35.33" speed="13.83" angle="210.96" x="2.24" y="94.22"/>
        <vehicle id="cfm-fast_3" eclass="HBEFA3/PC_G_EU4" CO2="39377.53" CO="756.89" HC="4.42" NOx="18.18" PMx="0.98" fuel="16.93" electricity="0.00" noise="106.95" route="routetop" type="cfm-fast" waiting="0.00" lane="left_0" pos="1.16" speed="13.83" angle="182.38" x="-4.89" y="61.08"/>
        <vehicle id="cfm-fast_4" eclass="HBEFA3/PC_G_EU4" CO2="52319.12" CO="1021.99" HC="5.95" NOx="24.28" PMx="1.32" fuel="22.49" electricity="0.00" noise="121.85" route="routeleft" type="cfm-fast" waiting="0.00" lane="left_0" pos="17.00" speed="14.06" angle="153.87" x="4.63" y="28.71"/>
        <vehicle id="cfm-fast_5" eclass="HBEFA3/PC_G_EU4" CO2="53768.71" CO="1049.54" HC="6.11" NOx="24.96" PMx="1.35" fuel="23.11" electricity="0.00" noise="122.03" route="routeleft" type="cfm-fast" waiting="0.00" lane="left_1" pos="32.90" speed="14.45" angle="125.28" x="30.24" y="7.57"/>
        <vehicle id="cfm-slow_0" eclass="HBEFA3/PC_G_EU4" CO2="27219.69" CO="516.12" HC="3.02" NOx="12.48" PMx="0.66" fuel="11.70" electricity="0.00" noise="95.10" route="routebottom" type="cfm-slow" waiting="0.00" lane="bottom_0" pos="8.28" speed="12.41" angle="79.51" x="81.36" y="-2.61"/>
        <vehicle id="cfm-slow_1" eclass="HBEFA3/PC_G_EU4" CO2="27220.74" CO="516.14" HC="3.02" NOx="12.48" PMx="0.66" fuel="11.70" electricity="0.00" noise="95.10" route="routebottom" type="cfm-slow" waiting="0.00" lane="bottom_0" pos="24.11" speed="12.41" angle="51.07" x="110.80" y="13.82"/>
        <vehicle id="cfm-slow_2" eclass="HBEFA3/PC_G_EU4" CO2="27232.45" CO="516.38" HC="3.02" NOx="12.49" PMx="0.66" fuel="11.71" electricity="0.00" noise="95.12" route="routebottom" type="cfm-slow" waiting="0.00" lane="bottom_0" pos="39.94" speed="12.41" angle="22.69" x="128.86" y="42.29"/>
        <vehicle id="cfm-slow_3" eclass="HBEFA3/PC_G_EU4" CO2="27337.22" CO="518.50" HC="3.03" NOx="12.54" PMx="0.67" fuel="11.75" electricity="0.00" noise="95.25" route="routebottom" type="cfm-slow" waiting="0.00" lane="right_0" pos="5.78" speed="12.42" angle="354.04" x="131.12" y="76.12"/>
        <vehicle id="cfm-slow_4" eclass="HBEFA3/PC_G_EU4" CO2="28051.70" CO="532.93" HC="3.12" NOx="12.87" PMx="0.68" fuel="12.06" electricity="0.00" noise="96.13" route="routeright" type="cfm-slow" waiting="0.00" lane="right_0" pos="21.62" speed="12.46" angle="325.56" x="117.04" y="106.76"/>
        <vehicle id="cfm-slow_5" eclass="HBEFA3/PC_G_EU4" CO2="31756.86" CO="607.39" HC="3.55" NOx="14.61" PMx="0.78" fuel="13.65" electricity="0.00" noise="100.44" route="routeright" type="cfm-slow" waiting="0.00" lane="right_0" pos="37.50" speed="12.71" angle="297.02" x="89.96" y="127.02"/>
    </timestep>
    <timestep time="1.07">
        <vehicle id="cfm-fast_0" eclass="HBEFA3/PC_G_EU4" CO2="52695.75" CO="1029.13" HC="5.99" NOx="24.46" PMx="1.33" fuel="22.65" electricity="0.00" noise="121.90" route="routetop" type="cfm-fast" waiting="0.00" lane="top_0" pos="3.81" speed="14.16" angle="267.69" x="55.40" y="131.78"/>
        <vehicle id="cfm-fast_1" eclass="HBEFA3/PC_G_EU4" CO2="52695.76" CO="1029.13" HC="5.99" NOx="24.46" PMx="1.33" fuel="22.65" electricity="0.00" noise="121.90" route="routetop" type="cfm-fast" waiting="0.00" lane="top_1" pos="19.64" speed="14.16" angle="239.11" x="25.87" y="116.91"/>
        <vehicle id="cfm-fast_2" eclass="HBEFA3/PC_G_EU4" CO2="38691.48" CO="742.20" HC="4.33" NOx="17.86" PMx="0.96" fuel="16.63" electricity="0.00" noise="105.85" route="routetop" type="cfm-fast" waiting="0.00" lane="top_0" pos="35.46" speed="13.93" angle="210.70" x="2.11" y="93.95"/>
        <vehicle id="cfm-fast_3" eclass="HBEFA3/PC_G_EU4" CO2="39439.19" CO="757.54" HC="4.42" NOx="18.21" PMx="0.98" fuel="16.95" electricity="0.00" noise="106.73" route="routetop" type="cfm-fast" waiting="0.00" lane="left_0" pos="1.30" speed="13.94" angle="182.15" x="-4.88" y="60.78"/>
        <vehicle id="cfm-fast_4" eclass="HBEFA3/PC_G_EU4" CO2="52816.37" CO="1031.43" HC="6.00" NOx="24.51" PMx="1.33" fuel="22.70" electricity="0.00" noise="121.91" route="routeleft" type="cfm-fast" waiting="0.00" lane="left_0" pos="17.14" speed="14.19" angle="153.61" x="4.79" y="28.45"/>
        <vehicle id="cfm-fast_5" eclass="HBEFA3/PC_G_EU4" CO2="54266.82" CO="1059.04" HC="6.16" NOx="25.19" PMx="1.37" fuel="23.33" electricity="0.00" noise="122.10" route="routeleft" type="cfm-fast" waiting="0.00" lane="left_1" pos="33.05" speed="14.59" angle="125.01" x="30.49" y="7.41"/>
        <vehicle id="cfm-slow_0" eclass="HBEFA3/PC_G_EU4" CO2="27150.25" CO="514.13" HC="3.01" NOx="12.45" PMx="0.66" fuel="11.67" electricity="0.00" noise="94.83" route="routebottom" type="cfm-slow" waiting="0.00" lane="bottom_0" pos="8.40" speed="12.49" angle="79.28" x="81.62" y="-2.54"/>
        <vehicle id="cfm-slow_1" eclass="HBEFA3/PC_G_EU4" CO2="27151.41" CO="514.15" HC="3.01" NOx="12.45" PMx="0.66" fuel="11.67" electricity="0.00" noise="94.83" route="routebottom" type="cfm-slow" waiting="0.00" lane="bottom_0" pos="24.23" speed="12.49" angle="50.85" x="111.00" y="14.00"/>
        <vehicle id="cfm-slow_2" eclass="HBEFA3/PC_G_EU4" CO2="27164.04" CO="514.41" HC="3.01" NOx="12.45" PMx="0.66" fuel="11.68" electricity="0.00" noise="94.85" route="routebottom" type="cfm-slow" waiting="0.00" lane="bottom_0" pos="40.07" speed="12.49" angle="22.45" x="128.94" y="42.55"/>
        <vehicle id="cfm-slow_3" eclass="HBEFA3/PC_G_EU4" CO2="27275.01" CO="516.66" HC="3.02" NOx="12.51" PMx="0.66" fuel="11.72" electricity="0.00" noise="94.98" route="routebottom" type="cfm-slow" waiting="0.00" lane="right_0" pos="5.90" speed="12.49" angle="353.80" x="131.07" y="76.38"/>
        <vehicle id="cfm-slow_4" eclass="HBEFA3/PC_G_EU4" CO2="28020.24" CO="531.72" HC="3.11" NOx="12.86" PMx="0.68" fuel="12.04" electricity="0.00" noise="95.89" route="routeright" type="cfm-slow" waiting="0.00" lane="right_0" pos="21.74" speed="12.53" angle="325.37" x="116.87" y="106.97"/>
        <vehicle id="cfm-slow_5" eclass="HBEFA3/PC_G_EU4" CO2="31882.42" CO="609.35" HC="3.56" NOx="14.67" PMx="0.78" fuel="13.70" electricity="0.00" noise="100.36" route="routeright" type="cfm-slow" waiting="0.00" lane="right_0" pos="37.63" speed="12.80" angle="296.79" x="89.71" y="127.12"/>
    </timestep>
    <timestep time="1.08">
        <vehicle id="cfm-fast_0" eclass="HBEFA3/PC_G_EU4" CO2="53193.23" CO="1038.59" HC="6.04" NOx="24.69" PMx="1.34" fuel="22.87" electricity="0.00" noise="121.96" route="routetop" type="cfm-fast" waiting="0.00" lane="top_0" pos="3.95" speed="14.30" angle="267.43" x="55.09" y="131.74"/>
        <vehicle id="cfm-fast_1" eclass="HBEFA3/PC_G_EU4" CO2="53193.24" CO="1038.59" HC="6.04" NOx="24.69" PMx="1.34" fuel="22.87" electricity="0.00" noise="121.96" route="routetop" type="cfm-fast" waiting="0.00" lane="top_1" pos="19.78" speed="14.30" angle="238.85" x="25.64" y="116.74"/>
        <vehicle id="cfm-fast_2" eclass="HBEFA3/PC_G_EU4" CO2="38633.54" CO="740.41" HC="4.33" NOx="17.83" PMx="0.96" fuel="16.61" electricity="0.00" noise="105.51" route="routetop" type="cfm-fast" waiting="0.00" lane="top_0" pos="35.60" speed="14.03" angle="210.44" x="1.97" y="93.68"/>
        <vehicle id="cfm-fast_3" eclass="HBEFA3/PC_G_EU4" CO2="39501.35" CO="758.21" HC="4.43" NOx="18.24" PMx="0.98" fuel="16.98" electricity="0.00" noise="106.52" route="routetop" type="cfm-fast" waiting="0.00" lane="left_0" pos="1.44" speed="14.04" angle="181.89" x="-4.86" y="60.48"/>
        <vehicle id="cfm-fast_4" eclass="HBEFA3/PC_G_EU4" CO2="53313.93" CO="1040.88" HC="6.06" NOx="24.75" PMx="1.34" fuel="22.92" electricity="0.00" noise="121.98" route="routeleft" type="cfm-fast" waiting="0.00" lane="left_0" pos="17.29" speed="14.33" angle="153.35" x="4.95" y="28.18"/>
        <vehicle id="cfm-fast_5" eclass="HBEFA3/PC_G_EU4" CO2="54765.23" CO="1068.56" HC="6.22" NOx="25.42" PMx="1.38" fuel="23.54" electricity="0.00" noise="122.16" route="routeleft" type="cfm-fast" waiting="0.00" lane="left_1" pos="33.19" speed="14.73" angle="124.74" x="30.75" y="7.26"/>
        <vehicle id="cfm-slow_0" eclass="HBEFA3/PC_G_EU4" CO2="27078.77" CO="512.11" HC="3.00" NOx="12.41" PMx="0.66" fuel="11.64" electricity="0.00" noise="94.56" route="routebottom" type="cfm-slow" waiting="0.00" lane="bottom_0" pos="8.53" speed="12.57" angle="79.05" x="81.88" y="-2.47"/>
        <vehicle id="cfm-slow_1" eclass="HBEFA3/PC_G_EU4" CO2="27080.04" CO="512.14" HC="3.00" NOx="12.41" PMx="0.66" fuel="11.64" electricity="0.00" noise="94.56" route="routebottom" type="cfm-slow" waiting="0.00" lane="bottom_0" pos="24.36" speed="12.57" angle="50.67" x="111.20" y="14.19"/>
        <vehicle id="cfm-slow_2" eclass="HBEFA3/PC_G_EU4" CO2="27093.65" CO="512.41" HC="3.00" NOx="12.42" PMx="0.66" fuel="11.65" electricity="0.00" noise="94.57" route="routebottom" type="cfm-slow" waiting="0.00" lane="bottom_0" pos="40.19" speed="12.57" angle="22.21" x="129.02" y="42.81"/>
        <vehicle id="cfm-slow_3" eclass="HBEFA3/PC_G_EU4" CO2="27211.07" CO="514.80" HC="3.01" NOx="12.47" PMx="0.66" fuel="11.70" electricity="0.00" noise="94.72" route="routebottom" type="cfm-slow" waiting="0.00" lane="right_0" pos="6.03" speed="12.57" angle="353.57" x="131.02" y="76.65"/>
        <vehicle id="cfm-slow_4" eclass="HBEFA3/PC_G_EU4" CO2="27988.26" CO="530.50" HC="3.10" NOx="12.84" PMx="0.68" fuel="12.03" electricity="0.00" noise="95.66" route="routeright" type="cfm-slow" waiting="0.00" lane="right_0" pos="21.87" speed="12.61" angle="325.15" x="116.70" y="107.18"/>
        <vehicle id="cfm-slow_5" eclass="HBEFA3/PC_G_EU4" CO2="32009.35" CO="611.35" HC="3.57" NOx="14.73" PMx="0.79" fuel="13.76" electricity="0.00" noise="100.29" route="routeright" type="cfm-slow" waiting="0.00" lane="right_0" pos="37.75" speed="12.89" angle="296.55" x="89.45" y="127.23"/>
    </timestep>
    <timestep time="1.09">
        <vehicle id="cfm-fast_0" eclass="HBEFA3/PC_G_EU4" CO2="53691.00" CO="1048.06" HC="6.10" NOx="24.92" PMx="1.35" fuel="23.08" electricity="0.00" noise="122.02" route="routetop" type="cfm-fast" waiting="0.00" lane="top_0" pos="4.09" speed="14.43" angle="267.17" x="54.79" y="131.69"/>
        <vehicle id="cfm-fast_1" eclass="HBEFA3/PC_G_EU4" CO2="53691.01" CO="1048.06" HC="6.10" NOx="24.92" PMx="1.35" fuel="23.08" electricity="0.00" noise="122.02" route="routetop" type="cfm-fast" waiting="0.00" lane="top_1" pos="19.93" speed="14.43" angle="238.58" x="25.40" y="116.57"/>
        <vehicle id="cfm-fast_2" eclass="HBEFA3/PC_G_EU4" CO2="38572.86" CO="738.58" HC="4.32" NOx="17.80" PMx="0.96" fuel="16.58" electricity="0.00" noise="105.16" route="routetop" type="cfm-fast" waiting="0.00" lane="top_0" pos="35.75" speed="14.12" angle="210.18" x="1.84" y="93.41"/>
        <vehicle id="cfm-fast_3" eclass="HBEFA3/PC_G_EU4" CO2="39564.08" CO="758.91" HC="4.43" NOx="18.26" PMx="0.98" fuel="17.01" electricity="0.00" noise="106.31" route="routetop" type="cfm-fast" waiting="0.00" lane="left_0" pos="1.58" speed="14.14" angle="181.64" x="-4.85" y="60.17"/>
        <vehicle id="cfm-fast_4" eclass="HBEFA3/PC_G_EU4" CO2="53811.77" CO="1050.36" HC="6.11" NOx="24.98" PMx="1.35" fuel="23.13" electricity="0.00" noise="122.04" route="routeleft" type="cfm-fast" waiting="0.00" lane="left_0" pos="17.43" speed="14.47" angle="153.08" x="5.11" y="27.92"/>
        <vehicle id="cfm-fast_5" eclass="HBEFA3/PC_G_EU4" CO2="55263.92" CO="1078.11" HC="6.28" NOx="25.65" PMx="1.39" fuel="23.76" electricity="0.00" noise="122.22" route="routeleft" type="cfm-fast" waiting="0.00" lane="left_1" pos="33.34" speed="14.86" angle="124.52" x="31.01" y="7.10"/>
        <vehicle id="cfm-slow_0" eclass="HBEFA3/PC_G_EU4" CO2="27005.31" CO="510.06" HC="2.99" NOx="12.37" PMx="0.66" fuel="11.61" electricity="0.00" noise="94.29" route="routebottom" type="cfm-slow" waiting="0.00" lane="bottom_0" pos="8.65" speed="12.64" angle="78.82" x="82.14" y="-2.40"/>
        <vehicle id="cfm-slow_1" eclass="HBEFA3/PC_G_EU4" CO2="27006.70" CO="510.09" HC="2.99" NOx="12.38" PMx="0.66" fuel="11.61" electricity="0.00" noise="94.29" route="routebottom" type="cfm-slow" waiting="0.00" lane="bottom_0" pos="24.49" speed="12.64" angle="50.43" x="111.39" y="14.38"/>
        <vehicle id="cfm-slow_2" eclass="HBEFA3/PC_G_EU4" CO2="27021.35" CO="510.39" HC="2.99" NOx="12.38" PMx="0.66" fuel="11.62" electricity="0.00" noise="94.31" route="routebottom" type="cfm-slow" waiting="0.00" lane="bottom_0" pos="40.32" speed="12.64" angle="21.97" x="129.10" y="43.07"/>
        <vehicle id="cfm-slow_3" eclass="HBEFA3/PC_G_EU4" CO2="27145.47" CO="512.91" HC="3.00" NOx="12.44" PMx="0.66" fuel="11.67" electricity="0.00" noise="94.46" route="routebottom" type="cfm-slow" waiting="0.00" lane="right_0" pos="6.15" speed="12.65" angle="353.33" x="130.98" y="76.92"/>
        <vehicle id="cfm-slow_4" eclass="HBEFA3/PC_G_EU4" CO2="27955.85" CO="529.28" HC="3.10" NOx="12.82" PMx="0.68" fuel="12.02" electricity="0.00" noise="95.44" route="routeright" type="cfm-slow" waiting="0.00" lane="right_0" pos="21.99" speed="12.69" angle="324.91" x="116.52" y="107.39"/>
        <vehicle id="cfm-slow_5" eclass="HBEFA3/PC_G_EU4" CO2="32137.68" CO="613.38" HC="3.59" NOx="14.79" PMx="0.79" fuel="13.81" electricity="0.00" noise="100.22" route="routeright" type="cfm-slow" waiting="0.00" lane="right_0" pos="37.88" speed="12.98" angle="296.32" x="89.19" y="127.33"/>
    </timestep>
    <timestep time="1.10">
        <vehicle id="cfm-fast_0" eclass="HBEFA3/PC_G_EU4" CO2="54189.06" CO="1057.56" HC="6.16" NOx="25.15" PMx="1.36" fuel="23.29" electricity="0.00" noise="122.09" route="routetop" type="cfm-fast" waiting="0.00" lane="top_0" pos="4.24" speed="14.57" angle="266.91" x="54.48" y="131.65"/>
        <vehicle id="cfm-fast_1" eclass="HBEFA3/PC_G_EU4" CO2="54189.07" CO="1057.56" HC="6.16" NOx="25.15" PMx="1.36" fuel="23.29" electricity="0.00" noise="122.09" route="routetop" type="cfm-fast" waiting="0.00" lane="top_1" pos="20.07" speed="14.57" angle="238.31" x="25.16" y="116.39"/>
        <vehicle id="cfm-fast_2" eclass="HBEFA3/PC_G_EU4" CO2="38509.59" CO="736.71" HC="4.31" NOx="17.76" PMx="0.96" fuel="16.55" electricity="0.00" noise="104.83" route="routetop" type="cfm-fast" waiting="0.00" lane="top_0" pos="35.89" speed="14.22" angle="209.97" x="1.70" y="93.13"/>
        <vehicle id="cfm-fast_3" eclass="HBEFA3/PC_G_EU4" CO2="39627.51" CO="759.63" HC="4.44" NOx="18.29" PMx="0.98" fuel="17.03" electricity="0.00" noise="106.10" route="routetop" type="cfm-fast" waiting="0.00" lane="left_0" pos="1.72" speed="14.24" angle="181.39" x="-4.83" y="59.87"/>
        <vehicle id="cfm-fast_4" eclass="HBEFA3/PC_G_EU4" CO2="54309.90" CO="1059.87" HC="6.17" NOx="25.21" PMx="1.37" fuel="23.35" electricity="0.00" noise="122.10" route="routeleft" type="cfm-fast" waiting="0.00" lane="left_0" pos="17.58" speed="14.60" angle="152.82" x="5.27" y="27.65"/>
        <vehicle id="cfm-fast_5" eclass="HBEFA3/PC_G_EU4" CO2="55762.90" CO="1087.67" HC="6.33" NOx="25.89" PMx="1.41" fuel="23.97" electricity="0.00" noise="122.28" route="routeleft" type="cfm-fast" waiting="0.00" lane="left_1" pos="33.49" speed="15.00" angle="124.25" x="31.28" y="6.95"/>
        <vehicle id="cfm-slow_0" eclass="HBEFA3/PC_G_EU4" CO2="26929.94" CO="507.98" HC="2.98" NOx="12.34" PMx="0.66" fuel="11.58" electricity="0.00" noise="94.02" route="routebottom" type="cfm-slow" waiting="0.00" lane="bottom_0" pos="8.78" speed="12.71" angle="78.58" x="82.41" y="-2.33"/>
        <vehicle id="cfm-slow_1" eclass="HBEFA3/PC_G_EU4" CO2="26931.46" CO="508.01" HC="2.98" NOx="12.34" PMx="0.66" fuel="11.58" electricity="0.00" noise="94.02" route="routebottom" type="cfm-slow" waiting="0.00" lane="bottom_0" pos="24.61" speed="12.71" angle="50.20" x="111.58" y="14.57"/>
        <vehicle id="cfm-slow_2" eclass="HBEFA3/PC_G_EU4" CO2="26947.20" CO="508.33" HC="2.98" NOx="12.35" PMx="0.66" fuel="11.58" electricity="0.00" noise="94.04" route="routebottom" type="cfm-slow" waiting="0.00" lane="bottom_0" pos="40.45" speed="12.72" angle="21.73" x="129.18" y="43.33"/>
        <vehicle id="cfm-slow_3" eclass="HBEFA3/PC_G_EU4" CO2="27078.30" CO="510.99" HC="2.99" NOx="12.41" PMx="0.66" fuel="11.64" electricity="0.00" noise="94.20" route="routebottom" type="cfm-slow" waiting="0.00" lane="right_0" pos="6.28" speed="12.72" angle="353.11" x="130.93" y="77.18"/>
        <vehicle id="cfm-slow_4" eclass="HBEFA3/PC_G_EU4" CO2="27923.10" CO="528.06" HC="3.09" NOx="12.80" PMx="0.68" fuel="12.00" electricity="0.00" noise="95.22" route="routeright" type="cfm-slow" waiting="0.00" lane="right_0" pos="22.12" speed="12.77" angle="324.66" x="116.34" y="107.60"/>
        <vehicle id="cfm-slow_5" eclass="HBEFA3/PC_G_EU4" CO2="32267.44" CO="615.45" HC="3.60" NOx="14.85" PMx="0.79" fuel="13.87" electricity="0.00" noise="100.16" route="routeright" type="cfm-slow" waiting="0.00" lane="right_0" pos="38.01" speed="13.06" angle="296.08" x="88.93" y="127.43"/>
    </timestep>
    <timestep time="1.11">
        <vehicle id="cfm-fast_0" eclass="HBEFA3/PC_G_EU4" CO2="54687.42" CO="1067.08" HC="6.21" NOx="25.39" PMx="1.38" fuel="23.51" electricity="0.00" noise="122.15" route="routetop" type="cfm-fast" waiting="0.00" lane="top_0" pos="4.39" speed="14.71" angle="266.64" x="54.16" y="131.60"/>
        <vehicle id="cfm-fast_1" eclass="HBEFA3/PC_G_EU4" CO2="54687.43" CO="1067.08" HC="6.21" NOx="25.39" PMx="1.38" fuel="23.51" electricity="0.00" noise="122.15" route="routetop" type="cfm-fast" waiting="0.00" lane="top_1" pos="20.22" speed="14.71" angle="238.03" x="24.91" y="116.22"/>
        <vehicle id="cfm-fast_2" eclass="HBEFA3/PC_G_EU4" CO2="38443.89" CO="734.80" HC="4.29" NOx="17.73" PMx="0.95" fuel="16.53" electricity="0.00" noise="104.49" route="routetop" type="cfm-fast" waiting="0.00" lane="top_0" pos="36.03" speed="14.32" angle="209.71" x="1.57" y="92.85"/>
        <vehicle id="cfm-fast_3" eclass="HBEFA3/PC_G_EU4" CO2="39691.70" CO="760.38" HC="4.44" NOx="18.32" PMx="0.99" fuel="17.06" electricity="0.00" noise="105.91" route="routetop" type="cfm-fast" waiting="0.00" lane="left_0" pos="1.87" speed="14.34" angle="181.13" x="-4.81" y="59.56"/>
        <vehicle id="cfm-fast_4" eclass="HBEFA3/PC_G_EU4" CO2="54808.33" CO="1069.39" HC="6.23" NOx="25.44" PMx="1.38" fuel="23.56" electricity="0.00" noise="122.16" route="routeleft" type="cfm-fast" waiting="0.00" lane="left_0" pos="17.73" speed="14.74" angle="152.54" x="5.43" y="27.38"/>
        <vehicle id="cfm-fast_5" eclass="HBEFA3/PC_G_EU4" CO2="56262.18" CO="1097.26" HC="6.39" NOx="26.12" PMx="1.42" fuel="24.18" electricity="0.00" noise="122.35" route="routeleft" type="cfm-fast" waiting="0.00" lane="left_1" pos="33.64" speed="15.14" angle="123.97" x="31.55" y="6.80"/>
        <vehicle id="cfm-slow_0" eclass="HBEFA3/PC_G_EU4" CO2="26852.73" CO="505.87" HC="2.96" NOx="12.30" PMx="0.65" fuel="11.54" electricity="0.00" noise="93.76" route="routebottom" type="cfm-slow" waiting="0.00" lane="bottom_0" pos="8.91" speed="12.79" angle="78.39" x="82.67" y="-2.26"/>
        <vehicle id="cfm-slow_1" eclass="HBEFA3/PC_G_EU4" CO2="26854.39" CO="505.91" HC="2.96" NOx="12.30" PMx="0.65" fuel="11.54" electricity="0.00" noise="93.76" route="routebottom" type="cfm-slow" waiting="0.00" lane="bottom_0" pos="24.74" speed="12.79" angle="49.96" x="111.78" y="14.77"/>
        <vehicle id="cfm-slow_2" eclass="HBEFA3/PC_G_EU4" CO2="26871.28" CO="506.25" HC="2.97" NOx="12.31" PMx="0.65" fuel="11.55" electricity="0.00" noise="93.78" route="routebottom" type="cfm-slow" waiting="0.00" lane="bottom_0" pos="40.58" speed="12.79" angle="21.48" x="129.26" y="43.59"/>
        <vehicle id="cfm-slow_3" eclass="HBEFA3/PC_G_EU4" CO2="27009.63" CO="509.06" HC="2.98" NOx="12.37" PMx="0.66" fuel="11.61" electricity="0.00" noise="93.95" route="routebottom" type="cfm-slow" waiting="0.00" lane="right_0" pos="6.41" speed="12.80" angle="352.92" x="130.87" y="77.46"/>
        <vehicle id="cfm-slow_4" eclass="HBEFA3/PC_G_EU4" CO2="27890.07" CO="526.85" HC="3.09" NOx="12.79" PMx="0.68" fuel="11.99" electricity="0.00" noise="95.00" route="routeright" type="cfm-slow" waiting="0.00" lane="right_0" pos="22.25" speed="12.84" angle="324.42" x="116.17" y="107.81"/>
        <vehicle id="cfm-slow_5" eclass="HBEFA3/PC_G_EU4" CO2="32398.69" CO="617.57" HC="3.61" NOx="14.91" PMx="0.80" fuel="13.93" electricity="0.00" noise="100.10" route="routeright" type="cfm-slow" waiting="0.00" lane="right_0" pos="38.15" speed="13.15" angle="295.85" x="88.67" y="127.54"/>
    </timestep>
    <timestep time="1.12">
        <vehicle id="cfm-fast_0" eclass="HBEFA3/PC_G_EU4" CO2="55186.07" CO="1076.62" HC="6.27" NOx="25.62" PMx="1.39" fuel="23.72" electricity="0.00" noise="122.21" route="routetop" type="cfm-fast" waiting="0.00" lane="top_0" pos="4.54" speed="14.84" angle="266.37" x="53.85" y="131.56"/>
        <vehicle id="cfm-fast_1" eclass="HBEFA3/PC_G_EU4" CO2="55186.08" CO="1076.62" HC="6.27" NOx="25.62" PMx="1.39" fuel="23.72" electricity="0.00" noise="122.21" route="routetop" type="cfm-fast" waiting="0.00" lane="top_1" pos="20.37" speed="14.84" angle="237.76" x="24.66" y="116.04"/>
        <vehicle id="cfm-fast_2" eclass="HBEFA3/PC_G_EU4" CO2="38375.89" CO="732.86" HC="4.28" NOx="17.70" PMx="0.95" fuel="16.50" electricity="0.00" noise="104.16" route="routetop" type="cfm-fast" waiting="0.00" lane="top_0" pos="36.18" speed="14.41" angle="209.44" x="1.45" y="92.57"/>
        <vehicle id="cfm-fast_3" eclass="HBEFA3/PC_G_EU4" CO2="39756.76" CO="761.15" HC="4.45" NOx="18.35" PMx="0.99" fuel="17.09" electricity="0.00" noise="105.72" route="routetop" type="cfm-fast" waiting="0.00" lane="left_0" pos="2.01" speed="14.44" angle="180.87" x="-4.79" y="59.25"/>
        <vehicle id="cfm-fast_4" eclass="HBEFA3/PC_G_EU4" CO2="55307.05" CO="1078.93" HC="6.28" NOx="25.67" PMx="1.39" fuel="23.77" electricity="0.00" noise="122.23" route="routeleft" type="cfm-fast" waiting="0.00" lane="left_0" pos="17.87" speed="14.88" angle="152.31" x="5.60" y="27.10"/>
        <vehicle id="cfm-fast_5" eclass="HBEFA3/PC_G_EU4" CO2="56761.75" CO="1106.87" HC="6.44" NOx="26.35" PMx="1.43" fuel="24.40" electricity="0.00" noise="122.41" route="routeleft" type="cfm-fast" waiting="0.00" lane="left_1" pos="33.80" speed="15.27" angle="123.70" x="31.83" y="6.65"/>
        <vehicle id="cfm-slow_0" eclass="HBEFA3/PC_G_EU4" CO2="26773.74" CO="503.74" HC="2.95" NOx="12.26" PMx="0.65" fuel="11.51" electricity="0.00" noise="93.49" route="routebottom" type="cfm-slow" waiting="0.00" lane="bottom_0" pos="9.04" speed="12.86" angle="78.17" x="82.94" y="-2.18"/>
        <vehicle id="cfm-slow_1" eclass="HBEFA3/PC_G_EU4" CO2="26775.55" CO="503.78" HC="2.95" NOx="12.26" PMx="0.65" fuel="11.51" electricity="0.00" noise="93.50" route="routebottom" type="cfm-slow" waiting="0.00" lane="bottom_0" pos="24.87" speed="12.86" angle="49.72" x="111.97" y="14.96"/>
        <vehicle id="cfm-slow_2" eclass="HBEFA3/PC_G_EU4" CO2="26793.65" CO="504.14" HC="2.95" NOx="12.27" PMx="0.65" fuel="11.52" electricity="0.00" noise="93.52" route="routebottom" type="cfm-slow" waiting="0.00" lane="bottom_0" pos="40.70" speed="12.86" angle="21.24" x="129.35" y="43.86"/>
        <vehicle id="cfm-slow_3" eclass="HBEFA3/PC_G_EU4" CO2="26939.54" CO="507.10" HC="2.97" NOx="12.34" PMx="0.66" fuel="11.58" electricity="0.00" noise="93.70" route="routebottom" type="cfm-slow" waiting="0.00" lane="right_0" pos="6.54" speed="12.87" angle="352.67" x="130.81" y="77.73"/>
        <vehicle id="cfm-slow_4" eclass="HBEFA3/PC_G_EU4" CO2="27856.86" CO="525.64" HC="3.08" NOx="12.77" PMx="0.68" fuel="11.97" electricity="0.00" noise="94.78" route="routeright" type="cfm-slow" waiting="0.00" lane="right_0" pos="22.38" speed="12.92" angle="324.17" x="115.99" y="108.02"/>
        <vehicle id="cfm-slow_5" eclass="HBEFA3/PC_G_EU4" CO2="32531.45" CO="619.72" HC="3.62" NOx="14.97" PMx="0.80" fuel="13.98" electricity="0.00" noise="100.05" route="routeright" type="cfm-slow" waiting="0.00" lane="right_0" pos="38.28" speed="13.24" angle="295.61" x="88.40" y="127.64"/>
    </timestep>
    <timestep time="1.13">
        <vehicle id="cfm-fast_0" eclass="HBEFA3/PC_G_EU4" CO2="55685.01" CO="1086.18" HC="6.32" NOx="25.85" PMx="1.40" fuel="23.94" electricity="0.00" noise="122.27" route="routetop" type="cfm-fast" waiting="0.00" lane="top_0" pos="4.68" speed="14.98" angle="266.10" x="53.53" y="131.51"/>
        <vehicle id="cfm-fast_1" eclass="HBEFA3/PC_G_EU4" CO2="55685.02" CO="1086.18" HC="6.32" NOx="25.85" PMx="1.40" fuel="23.94" electricity="0.00" noise="122.27" route="routetop" type="cfm-fast" waiting="0.00" lane="top_1" pos="20.52" speed="14.98" angle="237.54" x="24.42" y="115.86"/>
        <vehicle id="cfm-fast_2" eclass="HBEFA3/PC_G_EU4" CO2="38305.75" CO="730.89" HC="4.27" NOx="17.66" PMx="0.95" fuel="16.47" electricity="0.00" noise="103.84" route="routetop" type="cfm-fast" waiting="0.00" lane="top_0" pos="36.32" speed="14.51" angle="209.17" x="1.32" y="92.29"/>
        <vehicle id="cfm-fast_3" eclass="HBEFA3/PC_G_EU4" CO2="39822.77" CO="761.96" HC="4.45" NOx="18.38" PMx="0.99" fuel="17.12" electricity="0.00" noise="105.53" route="routetop" type="cfm-fast" waiting="0.00" lane="left_0" pos="2.16" speed="14.54" angle="180.61" x="-4.78" y="58.94"/>
        <vehicle id="cfm-fast_4" eclass="HBEFA3/PC_G_EU4" CO2="55806.06" CO="1088.50" HC="6.34" NOx="25.91" PMx="1.41" fuel="23.99" electricity="0.00" noise="122.29" route="routeleft" type="cfm-fast" waiting="0.00" lane="left_0" pos="18.03" speed="15.01" angle="152.06" x="5.77" y="26.83"/>
        <vehicle id="cfm-fast_5" eclass="HBEFA3/PC_G_EU4" CO2="57261.61" CO="1116.49" HC="6.50" NOx="26.58" PMx="1.44" fuel="24.61" electricity="0.00" noise="122.47" route="routeleft" type="cfm-fast" waiting="0.00" lane="left_1" pos="33.95" speed="15.41" angle="123.42" x="32.10" y="6.49"/>
        <vehicle id="cfm-slow_0" eclass="HBEFA3/PC_G_EU4" CO2="26693.02" CO="501.58" HC="2.94" NOx="12.22" PMx="0.65" fuel="11.47" electricity="0.00" noise="93.23" route="routebottom" type="cfm-slow" waiting="0.00" lane="bottom_0" pos="9.17" speed="12.93" angle="77.93" x="83.21" y="-2.10"/>
        <vehicle id="cfm-slow_1" eclass="HBEFA3/PC_G_EU4" CO2="26694.99" CO="501.62" HC="2.94" NOx="12.22" PMx="0.65" fuel="11.47" electricity="0.00" noise="93.24" route="routebottom" type="cfm-slow" waiting="0.00" lane="bottom_0" pos="25.00" speed="12.93" angle="49.48" x="112.17" y="15.16"/>
        <vehicle id="cfm-slow_2" eclass="HBEFA3/PC_G_EU4" CO2="26714.37" CO="502.01" HC="2.94" NOx="12.23" PMx="0.65" fuel="11.48" electricity="0.00" noise="93.26" route="routebottom" type="cfm-slow" waiting="0.00" lane="bottom_0" pos="40.83" speed="12.93" angle="20.99" x="129.43" y="44.12"/>
        <vehicle id="cfm-slow_3" eclass="HBEFA3/PC_G_EU4" CO2="26868.09" CO="505.13" HC="2.96" NOx="12.30" PMx="0.65" fuel="11.55" electricity="0.00" noise="93.45" route="routebottom" type="cfm-slow" waiting="0.00" lane="right_0" pos="6.67" speed="12.94" angle="352.43" x="130.75" y="78.00"/>
        <vehicle id="cfm-slow_4" eclass="HBEFA3/PC_G_EU4" CO2="27823.54" CO="524.43" HC="3.07" NOx="12.75" PMx="0.68" fuel="11.96" electricity="0.00" noise="94.57" route="routeright" type="cfm-slow" waiting="0.00" lane="right_0" pos="22.51" speed="13.00" angle="323.93" x="115.80" y="108.24"/>
        <vehicle id="cfm-slow_5" eclass="HBEFA3/PC_G_EU4" CO2="32665.76" CO="621.91" HC="3.64" NOx="15.03" PMx="0.80" fuel="14.04" electricity="0.00" noise="99.99" route="routeright" type="cfm-slow" waiting="0.00" lane="right_0" pos="38.41" speed="13.33" angle="295.39" x="88.14" y="127.75"/>
    </timestep>
    <timestep time="1.14">
        <vehicle id="cfm-fast_0" eclass="HBEFA3/PC_G_EU4" CO2="56184.24" CO="1095.76" HC="6.38" NOx="26.08" PMx="1.42" fuel="24.15" electricity="0.00" noise="122.34" route="routetop" type="cfm-fast" waiting="0.00" lane="top_0" pos="4.84" speed="15.12" angle="265.83" x="53.21" y="131.47"/>
        <vehicle id="cfm-fast_1" eclass="HBEFA3/PC_G_EU4" CO2="56184.25" CO="1095.76" HC="6.38" NOx="26.08" PMx="1.42" fuel="24.15" electricity="0.00" noise="122.34" route="routetop" type="cfm-fast" waiting="0.00" lane="top_1" pos="20.67" speed="15.12" angle="237.27" x="24.17" y="115.67"/>
        <vehicle id="cfm-fast_2" eclass="HBEFA3/PC_G_EU4" CO2="38233.61" CO="728.88" HC="4.26" NOx="17.62" PMx="0.95" fuel="16.43" electricity="0.00" noise="103.52" route="routetop" type="cfm-fast" waiting="0.00" lane="top_0" pos="36.47" speed="14.60" angle="208.90" x="1.19" y="92.00"/>
        <vehicle id="cfm-fast_3" eclass="HBEFA3/PC_G_EU4" CO2="39889.81" CO="762.80" HC="4.46" NOx="18.40" PMx="0.99" fuel="17.15" electricity="0.00" noise="105.35" route="routetop" type="cfm-fast" waiting="0.00" lane="left_0" pos="2.30" speed="14.64" angle="180.35" x="-4.76" y="58.62"/>
        <vehicle id="cfm-fast_4" eclass="HBEFA3/PC_G_EU4" CO2="56305.36" CO="1098.09" HC="6.39" NOx="26.14" PMx="1.42" fuel="24.20" electricity="0.00" noise="122.35" route="routeleft" type="cfm-fast" waiting="0.00" lane="left_0" pos="18.18" speed="15.15" angle="151.78" x="5.95" y="26.56"/>
        <vehicle id="cfm-fast_5" eclass="HBEFA3/PC_G_EU4" CO2="57761.76" CO="1126.14" HC="6.56" NOx="26.82" PMx="1.46" fuel="24.83" electricity="0.00" noise="122.53" route="routeleft" type="cfm-fast" waiting="0.00" lane="left_1" pos="34.11" speed="15.55" angle="123.14" x="32.38" y="6.34"/>
        <vehicle id="cfm-slow_0" eclass="HBEFA3/PC_G_EU4" CO2="26610.65" CO="499.39" HC="2.93" NOx="12.18" PMx="0.65" fuel="11.44" electricity="0.00" noise="92.98" route="routebottom" type="cfm-slow" waiting="0.00" lane="bottom_0" pos="9.30" speed="13.01" angle="77.69" x="83.47" y="-2.01"/>
        <vehicle id="cfm-slow_1" eclass="HBEFA3/PC_G_EU4" CO2="26612.79" CO="499.43" HC="2.93" NOx="12.18" PMx="0.65" fuel="11.44" electricity="0.00" noise="92.98" route="routebottom" type="cfm-slow" waiting="0.00" lane="bottom_0" pos="25.13" speed="13.01" angle="49.24" x="112.37" y="15.36"/>
        <vehicle id="cfm-slow_2" eclass="HBEFA3/PC_G_EU4" CO2="26633.51" CO="499.86" HC="2.93" NOx="12.19" PMx="0.65" fuel="11.45" electricity="0.00" noise="93.00" route="routebottom" type="cfm-slow" waiting="0.00" lane="bottom_0" pos="40.96" speed="13.01" angle="20.77" x="129.51" y="44.39"/>
        <vehicle id="cfm-slow_3" eclass="HBEFA3/PC_G_EU4" CO2="26795.36" CO="503.14" HC="2.95" NOx="12.27" PMx="0.65" fuel="11.52" electricity="0.00" noise="93.20" route="routebottom" type="cfm-slow" waiting="0.00" lane="right_0" pos="6.80" speed="13.01" angle="352.19" x="130.69" y="78.27"/>
        <vehicle id="cfm-slow_4" eclass="HBEFA3/PC_G_EU4" CO2="27790.18" CO="523.24" HC="3.07" NOx="12.73" PMx="0.68" fuel="11.95" electricity="0.00" noise="94.37" route="routeright" type="cfm-slow" waiting="0.00" lane="right_0" pos="22.64" speed="13.07" angle="323.68" x="115.62" y="108.45"/>
        <vehicle id="cfm-slow_5" eclass="HBEFA3/PC_G_EU4" CO2="32801.65" CO="624.14" HC="3.65" NOx="15.09" PMx="0.81" fuel="14.10" electricity="0.00" noise="99.95" route="routeright" type="cfm-slow" waiting="0.00" lane="right_0" pos="38.55" speed="13.42" angle="295.17" x="87.87" y="127.85"/>
    </timestep>
    <timestep time="1.15">
        <vehicle id="cfm-fast_0" eclass="HBEFA3/PC_G_EU4" CO2="56683.76" CO="1105.36" HC="6.44" NOx="26.31" PMx="1.43" fuel="24.37" electricity="0.00" noise="122.40" route="routetop" type="cfm-fast" waiting="0.00" lane="top_0" pos="4.99" speed="15.25" angle="265.55" x="52.88" y="131.42"/>
        <vehicle id="cfm-fast_1" eclass="HBEFA3/PC_G_EU4" CO2="56683.77" CO="1105.36" HC="6.44" NOx="26.31" PMx="1.43" fuel="24.37" electricity="0.00" noise="122.40" route="routetop" type="cfm-fast" waiting="0.00" lane="top_1" pos="20.82" speed="15.25" angle="236.99" x="23.93" y="115.48"/>
        <vehicle id="cfm-fast_2" eclass="HBEFA3/PC_G_EU4" CO2="38159.59" CO="726.85" HC="4.25" NOx="17.59" PMx="0.95" fuel="16.40" electricity="0.00" noise="103.20" route="routetop" type="cfm-fast" waiting="0.00" lane="top_0" pos="36.61" speed="14.70" angle="208.62" x="1.06" y="91.71"/>
        <vehicle id="cfm-fast_3" eclass="HBEFA3/PC_G_EU4" CO2="39957.96" CO="763.68" HC="4.46" NOx="18.43" PMx="0.99" fuel="17.18" electricity="0.00" noise="105.17" route="routetop" type="cfm-fast" waiting="0.00" lane="left_0" pos="2.45" speed="14.73" angle="180.08" x="-4.74" y="58.31"/>
        <vehicle id="cfm-fast_4" eclass="HBEFA3/PC_G_EU4" CO2="56804.95" CO="1107.70" HC="6.45" NOx="26.37" PMx="1.43" fuel="24.42" electricity="0.00" noise="122.41" route="routeleft" type="cfm-fast" waiting="0.00" lane="left_0" pos="18.33" speed="15.28" angle="151.49" x="6.13" y="26.28"/>
        <vehicle id="cfm-fast_5" eclass="HBEFA3/PC_G_EU4" CO2="58262.21" CO="1135.82" HC="6.61" NOx="27.05" PMx="1.47" fuel="25.04" electricity="0.00" noise="122.60" route="routeleft" type="cfm-fast" waiting="0.00" lane="left_1" pos="34.26" speed="15.68" angle="122.86" x="32.66" y="6.18"/>
        <vehicle id="cfm-slow_0" eclass="HBEFA3/PC_G_EU4" CO2="26526.67" CO="497.18" HC="2.92" NOx="12.14" PMx="0.64" fuel="11.40" electricity="0.00" noise="92.72" route="routebottom" type="cfm-slow" waiting="0.00" lane="bottom_0" pos="9.43" speed="13.08" angle="77.45" x="83.74" y="-1.93"/>
        <vehicle id="cfm-slow_1" eclass="HBEFA3/PC_G_EU4" CO2="26528.99" CO="497.23" HC="2.92" NOx="12.14" PMx="0.64" fuel="11.40" electricity="0.00" noise="92.72" route="routebottom" type="cfm-slow" waiting="0.00" lane="bottom_0" pos="25.26" speed="13.08" angle="49.00" x="112.57" y="15.56"/>
        <vehicle id="cfm-slow_2" eclass="HBEFA3/PC_G_EU4" CO2="26551.12" CO="497.68" HC="2.92" NOx="12.15" PMx="0.64" fuel="11.41" electricity="0.00" noise="92.75" route="routebottom" type="cfm-slow" waiting="0.00" lane="bottom_0" pos="41.09" speed="13.08" angle="20.57" x="129.59" y="44.66"/>
        <vehicle id="cfm-slow_3" eclass="HBEFA3/PC_G_EU4" CO2="26721.43" CO="501.13" HC="2.94" NOx="12.23" PMx="0.65" fuel="11.49" electricity="0.00" noise="92.95" route="routebottom" type="cfm-slow" waiting="0.00" lane="right_0" pos="6.93" speed="13.09" angle="351.94" x="130.63" y="78.54"/>
        <vehicle id="cfm-slow_4" eclass="HBEFA3/PC_G_EU4" CO2="27756.86" CO="522.05" HC="3.06" NOx="12.72" PMx="0.68" fuel="11.93" electricity="0.00" noise="94.16" route="routeright" type="cfm-slow" waiting="0.00" lane="right_0" pos="22.77" speed="13.14" angle="323.43" x="115.44" y="108.67"/>
        <vehicle id="cfm-slow_5" eclass="HBEFA3/PC_G_EU4" CO2="32939.14" CO="626.41" HC="3.66" NOx="15.15" PMx="0.81" fuel="14.16" electricity="0.00" noise="99.90" route="routeright" type="cfm-slow" waiting="0.00" lane="right_0" pos="38.68" speed="13.50" angle="294.93" x="87.59" y="127.95"/>
    </timestep>
    <timestep time="1.16">
        <vehicle id="cfm-fast_0" eclass="HBEFA3/PC_G_EU4" CO2="57183.58" CO="1114.99" HC="6.49" NOx="26.55" PMx="1.44" fuel="24.58" electricity="0.00" noise="122.46" route="routetop" type="cfm-fast" waiting="0.00" lane="top_0" pos="5.14" speed="15.39" angle="265.23" x="52.55" y="131.37"/>
        <vehicle id="cfm-fast_1" eclass="HBEFA3/PC_G_EU4" CO2="57183.59" CO="1114.99" HC="6.49" NOx="26.55" PMx="1.44" fuel="24.58" electricity="0.00" noise="122.46" route="routetop" type="cfm-fast" waiting="0.00" lane="top_1" pos="20.98" speed="15.39" angle="236.71" x="23.68" y="115.28"/>
        <vehicle id="cfm-fast_2" eclass="HBEFA3/PC_G_EU4" CO2="38083.84" CO="724.80" HC="4.24" NOx="17.55" PMx="0.94" fuel="16.37" electricity="0.00" noise="102.89" route="routetop" type="cfm-fast" waiting="0.00" lane="top_0" pos="36.76" speed="14.79" angle="208.34" x="0.93" y="91.42"/>
        <vehicle id="cfm-fast_3" eclass="HBEFA3/PC_G_EU4" CO2="40027.30" CO="764.59" HC="4.47" NOx="18.46" PMx="0.99" fuel="17.21" electricity="0.00" noise="105.00" route="routetop" type="cfm-fast" waiting="0.00" lane="left_0" pos="2.60" speed="14.83" angle="179.84" x="-4.71" y="57.99"/>
        <vehicle id="cfm-fast_4" eclass="HBEFA3/PC_G_EU4" CO2="57304.84" CO="1117.33" HC="6.51" NOx="26.60" PMx="1.45" fuel="24.63" electricity="0.00" noise="122.48" route="routeleft" type="cfm-fast" waiting="0.00" lane="left_0" pos="18.48" speed="15.42" angle="151.20" x="6.32" y="26.01"/>
        <vehicle id="cfm-fast_5" eclass="HBEFA3/PC_G_EU4" CO2="58762.95" CO="1145.51" HC="6.67" NOx="27.28" PMx="1.48" fuel="25.26" electricity="0.00" noise="122.66" route="routeleft" type="cfm-fast" waiting="0.00" lane="left_1" pos="34.42" speed="15.82" angle="122.57" x="32.95" y="6.03"/>
        <vehicle id="cfm-slow_0" eclass="HBEFA3/PC_G_EU4" CO2="26441.15" CO="494.95" HC="2.90" NOx="12.10" PMx="0.64" fuel="11.37" electricity="0.00" noise="92.47" route="routebottom" type="cfm-slow" waiting="0.00" lane="bottom_0" pos="9.56" speed="13.15" angle="77.21" x="84.01" y="-1.85"/>
        <vehicle id="cfm-slow_1" eclass="HBEFA3/PC_G_EU4" CO2="26443.66" CO="495.00" HC="2.90" NOx="12.10" PMx="0.64" fuel="11.37" electricity="0.00" noise="92.47" route="routebottom" type="cfm-slow" waiting="0.00" lane="bottom_0" pos="25.39" speed="13.15" angle="48.75" x="112.77" y="15.76"/>
        <vehicle id="cfm-slow_2" eclass="HBEFA3/PC_G_EU4" CO2="26467.27" CO="495.48" HC="2.91" NOx="12.11" PMx="0.64" fuel="11.38" electricity="0.00" noise="92.50" route="routebottom" type="cfm-slow" waiting="0.00" lane="bottom_0" pos="41.23" speed="13.15" angle="20.33" x="129.66" y="44.93"/>
        <vehicle id="cfm-slow_3" eclass="HBEFA3/PC_G_EU4" CO2="26646.35" CO="499.11" HC="2.93" NOx="12.19" PMx="0.65" fuel="11.45" electricity="0.00" noise="92.71" route="routebottom" type="cfm-slow" waiting="0.00" lane="right_0" pos="7.06" speed="13.16" angle="351.70" x="130.57" y="78.82"/>
        <vehicle id="cfm-slow_4" eclass="HBEFA3/PC_G_EU4" CO2="27723.65" CO="520.88" HC="3.05" NOx="12.70" PMx="0.68" fuel="11.92" electricity="0.00" noise="93.96" route="routeright" type="cfm-slow" waiting="0.00" lane="right_0" pos="22.90" speed="13.22" angle="323.18" x="115.26" y="108.88"/>
        <vehicle id="cfm-slow_5" eclass="HBEFA3/PC_G_EU4" CO2="33078.28" CO="628.72" HC="3.68" NOx="15.22" PMx="0.81" fuel="14.22" electricity="0.00" noise="99.86" route="routeright" type="cfm-slow" waiting="0.00" lane="right_0" pos="38.82" speed="13.59" angle="294.68" x="87.32" y="128.05"/>
    </timestep>
    <timestep time="1.17">
        <vehicle id="cfm-fast_0" eclass="HBEFA3/PC_G_EU4" CO2="57683.68" CO="1124.64" HC="6.55" NOx="26.78" PMx="1.46" fuel="24.80" electricity="0.00" noise="122.52" route="routetop" type="cfm-fast" waiting="0.00" lane="top_0" pos="5.30" speed="15.52" angle="264.94" x="52.23" y="131.31"/>
        <vehicle id="cfm-fast_1" eclass="HBEFA3/PC_G_EU4" CO2="57683.69" CO="1124.64" HC="6.55" NOx="26.78" PMx="1.46" fuel="24.80" electricity="0.00" noise="122.52" route="routetop" type="cfm-fast" waiting="0.00" lane="top_1" pos="21.13" speed="15.52" angle="236.43" x="23.43" y="115.08"/>
        <vehicle id="cfm-fast_2" eclass="HBEFA3/PC_G_EU4" CO2="38006.49" CO="722.72" HC="4.23" NOx="17.51" PMx="0.94" fuel="16.34" electricity="0.00" noise="102.58" route="routetop" type="cfm-fast" waiting="0.00" lane="top_0" pos="36.91" speed="14.88" angle="208.06" x="0.80" y="91.13"/>
        <vehicle id="cfm-fast_3" eclass="HBEFA3/PC_G_EU4" CO2="40097.90" CO="765.54" HC="4.48" NOx="18.50" PMx="1.00" fuel="17.24" electricity="0.00" noise="104.84" route="routetop" type="cfm-fast" waiting="0.00" lane="left_0" pos="2.75" speed="14.93" angle="179.57" x="-4.68" y="57.67"/>
        <vehicle id="cfm-fast_4" eclass="HBEFA3/PC_G_EU4" CO2="57805.02" CO="1126.98" HC="6.56" NOx="26.84" PMx="1.46" fuel="24.85" electricity="0.00" noise="122.54" route="routeleft" type="cfm-fast" waiting="0.00" lane="left_0" pos="18.64" speed="15.56" angle="150.91" x="6.50" y="25.73"/>
        <vehicle id="cfm-fast_5" eclass="HBEFA3/PC_G_EU4" CO2="59263.98" CO="1155.23" HC="6.73" NOx="27.51" PMx="1.50" fuel="25.47" electricity="0.00" noise="122.72" route="routeleft" type="cfm-fast" waiting="0.00" lane="left_1" pos="34.58" speed="15.95" angle="122.32" x="33.23" y="5.87"/>
        <vehicle id="cfm-slow_0" eclass="HBEFA3/PC_G_EU4" CO2="26354.13" CO="492.69" HC="2.89" NOx="12.05" PMx="0.64" fuel="11.33" electricity="0.00" noise="92.22" route="routebottom" type="cfm-slow" waiting="0.00" lane="bottom_0" pos="9.69" speed="13.22" angle="76.97" x="84.28" y="-1.76"/>
        <vehicle id="cfm-slow_1" eclass="HBEFA3/PC_G_EU4" CO2="26356.86" CO="492.74" HC="2.89" NOx="12.05" PMx="0.64" fuel="11.33" electricity="0.00" noise="92.22" route="routebottom" type="cfm-slow" waiting="0.00" lane="bottom_0" pos="25.52" speed="13.22" angle="48.52" x="112.97" y="15.96"/>
        <vehicle id="cfm-slow_2" eclass="HBEFA3/PC_G_EU4" CO2="26382.02" CO="493.26" HC="2.90" NOx="12.07" PMx="0.64" fuel="11.34" electricity="0.00" noise="92.25" route="routebottom" type="cfm-slow" waiting="0.00" lane="bottom_0" pos="41.36" speed="13.22" angle="20.09" x="129.74" y="45.21"/>
        <vehicle id="cfm-slow_3" eclass="HBEFA3/PC_G_EU4" CO2="26570.20" CO="497.07" HC="2.92" NOx="12.15" PMx="0.65" fuel="11.42" electricity="0.00" noise="92.47" route="routebottom" type="cfm-slow" waiting="0.00" lane="right_0" pos="7.19" speed="13.23" angle="351.45" x="130.50" y="79.10"/>
        <vehicle id="cfm-slow_4" eclass="HBEFA3/PC_G_EU4" CO2="27690.61" CO="519.71" HC="3.05" NOx="12.68" PMx="0.67" fuel="11.90" electricity="0.00" noise="93.77" route="routeright" type="cfm-slow" waiting="0.00" lane="right_0" pos="23.04" speed="13.29" angle="322.99" x="115.07" y="109.10"/>
        <vehicle id="cfm-slow_5" eclass="HBEFA3/PC_G_EU4" CO2="33219.09" CO="631.08" HC="3.69" NOx="15.28" PMx="0.82" fuel="14.28" electricity="0.00" noise="99.82" route="routeright" type="cfm-slow" waiting="0.00" lane="right_0" pos="38.95" speed="13.68" angle="294.44" x="87.04" y="128.15"/>
    </timestep>
    <timestep time="1.18">
        <vehicle id="cfm-fast_0" eclass="HBEFA3/PC_G_EU4" CO2="58184.08" CO="1134.31" HC="6.61" NOx="27.01" PMx="1.47" fuel="25.01" electricity="0.00" noise="122.59" route="routetop" type="cfm-fast" waiting="0.00" lane="top_0" pos="5.45" speed="15.66" angle="264.65" x="51.89" y="131.25"/>
        <vehicle id="cfm-fast_1" eclass="HBEFA3/PC_G_EU4" CO2="58184.09" CO="1134.31" HC="6.61" NOx="27.01" PMx="1.47" fuel="25.01" electricity="0.00" noise="122.59" route="routetop" type="cfm-fast" waiting="0.00" lane="top_1" pos="21.29" speed="15.66" angle="236.15" x="23.17" y="114.89"/>
        <vehicle id="cfm-fast_2" eclass="HBEFA3/PC_G_EU4" CO2="37927.67" CO="720.62" HC="4.22" NOx="17.47" PMx="0.94" fuel="16.30" electricity="0.00" noise="102.28" route="routetop" type="cfm-fast" waiting="0.00" lane="top_0" pos="37.06" speed="14.97" angle="207.78" x="0.66" y="90.84"/>
        <vehicle id="cfm-fast_3" eclass="HBEFA3/PC_G_EU4" CO2="40169.83" CO="766.52" HC="4.48" NOx="18.53" PMx="1.00" fuel="17.27" electricity="0.00" noise="104.68" route="routetop" type="cfm-fast" waiting="0.00" lane="left_0" pos="2.90" speed="15.02" angle="179.30" x="-4.65" y="57.35"/>
        <vehicle id="cfm-fast_4" eclass="HBEFA3/PC_G_EU4" CO2="58305.49" CO="1136.65" HC="6.62" NOx="27.07" PMx="1.47" fuel="25.06" electricity="0.00" noise="122.60" route="routeleft" type="cfm-fast" waiting="0.00" lane="left_0" pos="18.80" speed="15.69" angle="150.62" x="6.69" y="25.45"/>
        <vehicle id="cfm-fast_5" eclass="HBEFA3/PC_G_EU4" CO2="59765.30" CO="1164.96" HC="6.78" NOx="27.75" PMx="1.51" fuel="25.69" electricity="0.00" noise="122.78" route="routeleft" type="cfm-fast" waiting="0.00" lane="left_1" pos="34.74" speed="16.09" angle="122.05" x="33.53" y="5.72"/>
        <vehicle id="cfm-slow_0" eclass="HBEFA3/PC_G_EU4" CO2="26265.69" CO="490.41" HC="2.88" NOx="12.01" PMx="0.64" fuel="11.29" electricity="0.00" noise="91.97" route="routebottom" type="cfm-slow" waiting="0.00" lane="bottom_0" pos="9.82" speed="13.29" angle="76.72" x="84.56" y="-1.68"/>
        <vehicle id="cfm-slow_1" eclass="HBEFA3/PC_G_EU4" CO2="26268.64" CO="490.47" HC="2.88" NOx="12.01" PMx="0.64" fuel="11.29" electricity="0.00" noise="91.97" route="routebottom" type="cfm-slow" waiting="0.00" lane="bottom_0" pos="25.66" speed="13.29" angle="48.32" x="113.17" y="16.16"/>
        <vehicle id="cfm-slow_2" eclass="HBEFA3/PC_G_EU4" CO2="26295.42" CO="491.02" HC="2.88" NOx="12.02" PMx="0.64" fuel="11.30" electricity="0.00" noise="92.01" route="routebottom" type="cfm-slow" waiting="0.00" lane="bottom_0" pos="41.49" speed="13.29" angle="19.85" x="129.81" y="45.48"/>
        <vehicle id="cfm-slow_3" eclass="HBEFA3/PC_G_EU4" CO2="26493.05" CO="495.02" HC="2.91" NOx="12.12" PMx="0.64" fuel="11.39" electricity="0.00" noise="92.24" route="routebottom" type="cfm-slow" waiting="0.00" lane="right_0" pos="7.33" speed="13.30" angle="351.20" x="130.44" y="79.38"/>
        <vehicle id="cfm-slow_4" eclass="HBEFA3/PC_G_EU4" CO2="27657.82" CO="518.56" HC="3.04" NOx="12.66" PMx="0.67" fuel="11.89" electricity="0.00" noise="93.58" route="routeright" type="cfm-slow" waiting="0.00" lane="right_0" pos="23.17" speed="13.36" angle="322.77" x="114.88" y="109.31"/>
        <vehicle id="cfm-slow_5" eclass="HBEFA3/PC_G_EU4" CO2="33361.59" CO="633.47" HC="3.71" NOx="15.35" PMx="0.82" fuel="14.34" electricity="0.00" noise="99.79" route="routeright" type="cfm-slow" waiting="0.00" lane="right_0" pos="39.09" speed="13.76" angle="294.19" x="86.76" y="128.25"/>
    </timestep>
    <timestep time="1.19">
        <vehicle id="cfm-fast_0" eclass="HBEFA3/PC_G_EU4" CO2="58684.78" CO="1144.00" HC="6.66" NOx="27.24" PMx="1.48" fuel="25.23" electricity="0.00" noise="122.65" route="routetop" type="cfm-fast" waiting="0.00" lane="top_0" pos="5.61" speed="15.80" angle="264.35" x="51.56" y="131.19"/>
        <vehicle id="cfm-fast_1" eclass="HBEFA3/PC_G_EU4" CO2="58684.79" CO="1144.00" HC="6.66" NOx="27.24" PMx="1.48" fuel="25.23" electricity="0.00" noise="122.65" route="routetop" type="cfm-fast" waiting="0.00" lane="top_1" pos="21.45" speed="15.80" angle="235.87" x="22.92" y="114.69"/>
        <vehicle id="cfm-fast_2" eclass="HBEFA3/PC_G_EU4" CO2="37847.49" CO="718.51" HC="4.21" NOx="17.43" PMx="0.94" fuel="16.27" electricity="0.00" noise="101.98" route="routetop" type="cfm-fast" waiting="0.00" lane="top_0" pos="37.21" speed="15.06" angle="207.58" x="0.53" y="90.54"/>
        <vehicle id="cfm-fast_3" eclass="HBEFA3/PC_G_EU4" CO2="40243.16" CO="767.54" HC="4.49" NOx="18.56" PMx="1.00" fuel="17.30" electricity="0.00" noise="104.52" route="routetop" type="cfm-fast" waiting="0.00" lane="left_0" pos="3.05" speed="15.12" angle="179.03" x="-4.62" y="57.02"/>
        <vehicle id="cfm-fast_4" eclass="HBEFA3/PC_G_EU4" CO2="58806.25" CO="1146.35" HC="6.68" NOx="27.30" PMx="1.48" fuel="25.28" electricity="0.00" noise="122.66" route="routeleft" type="cfm-fast" waiting="0.00" lane="left_0" pos="18.95" speed="15.83" angle="150.32" x="6.88" y="25.16"/>
        <vehicle id="cfm-fast_5" eclass="HBEFA3/PC_G_EU4" CO2="60266.91" CO="1174.72" HC="6.84" NOx="27.98" PMx="1.52" fuel="25.91" electricity="0.00" noise="122.85" route="routeleft" type="cfm-fast" waiting="0.00" lane="left_1" pos="34.90" speed="16.23" angle="121.75" x="33.82" y="5.57"/>
        <vehicle id="cfm-slow_0" eclass="HBEFA3/PC_G_EU4" CO2="26175.86" CO="488.11" HC="2.87" NOx="11.97" PMx="0.63" fuel="11.25" electricity="0.00" noise="91.72" route="routebottom" type="cfm-slow" waiting="0.00" lane="bottom_0" pos="9.96" speed="13.36" angle="76.47" x="84.83" y="-1.60"/>
        <vehicle id="cfm-slow_1" eclass="HBEFA3/PC_G_EU4" CO2="26179.04" CO="488.18" HC="2.87" NOx="11.97" PMx="0.63" fuel="11.25" electricity="0.00" noise="91.73" route="routebottom" type="cfm-slow" waiting="0.00" lane="bottom_0" pos="25.79" speed="13.36" angle="48.08" x="113.36" y="16.37"/>
        <vehicle id="cfm-slow_2" eclass="HBEFA3/PC_G_EU4" CO2="26207.54" CO="488.76" HC="2.87" NOx="11.98" PMx="0.64" fuel="11.27" electricity="0.00" noise="91.76" route="routebottom" type="cfm-slow" waiting="0.00" lane="bottom_0" pos="41.62" speed="13.36" angle="19.60" x="129.89" y="45.76"/>
        <vehicle id="cfm-slow_3" eclass="HBEFA3/PC_G_EU4" CO2="26414.95" CO="492.96" HC="2.89" NOx="12.08" PMx="0.64" fuel="11.35" electricity="0.00" noise="92.01" route="routebottom" type="cfm-slow" waiting="0.00" lane="right_0" pos="7.46" speed="13.37" angle="350.95" x="130.38" y="79.66"/>
        <vehicle id="cfm-slow_4" eclass="HBEFA3/PC_G_EU4" CO2="27625.34" CO="517.42" HC="3.04" NOx="12.65" PMx="0.67" fuel="11.87" electricity="0.00" noise="93.39" route="routeright" type="cfm-slow" waiting="0.00" lane="right_0" pos="23.30" speed="13.44" angle="322.52" x="114.68" y="109.53"/>
        <vehicle id="cfm-slow_5" eclass="HBEFA3/PC_G_EU4" CO2="33505.82" CO="635.91" HC="3.72" NOx="15.41" PMx="0.83" fuel="14.40" electricity="0.00" noise="99.75" route="routeright" type="cfm-slow" waiting="0.00" lane="right_0" pos="39.23" speed="13.85" angle="293.94" x="86.48" y="128.36"/>
    </timestep>
    <timestep time="1.20">
        <vehicle id="cfm-fast_0" eclass="HBEFA3/PC_G_EU4" CO2="59185.76" CO="1153.71" HC="6.72" NOx="27.48" PMx="1.49" fuel="25.44" electricity="0.00" noise="122.71" route="routetop" type="cfm-fast" waiting="0.00" lane="top_0" pos="5.77" speed="15.93" angle="264.05" x="51.22" y="131.13"/>
        <vehicle id="cfm-fast_1" eclass="HBEFA3/PC_G_EU4" CO2="59185.77" CO="1153.71" HC="6.72" NOx="27.48" PMx="1.49" fuel="25.44" electricity="0.00" noise="122.71" route="routetop" type="cfm-fast" waiting="0.00" lane="top_1" pos="21.61" speed="15.93" angle="235.58" x="22.66" y="114.49"/>
        <vehicle id="cfm-fast_2" eclass="HBEFA3/PC_G_EU4" CO2="37766.09" CO="716.38" HC="4.19" NOx="17.39" PMx="0.94" fuel="16.23" electricity="0.00" noise="101.69" route="routetop" type="cfm-fast" waiting="0.00" lane="top_0" pos="37.36" speed="15.15" angle="207.30" x="0.41" y="90.24"/>
        <vehicle id="cfm-fast_3" eclass="HBEFA3/PC_G_EU4" CO2="40317.95" CO="768.60" HC="4.50" NOx="18.59" PMx="1.00" fuel="17.33" electricity="0.00" noise="104.37" route="routetop" type="cfm-fast" waiting="0.00" lane="left_0" pos="3.20" speed="15.21" angle="178.76" x="-4.58" y="56.70"/>
        <vehicle id="cfm-fast_4" eclass="HBEFA3/PC_G_EU4" CO2="59307.31" CO="1156.07" HC="6.73" NOx="27.53" PMx="1.50" fuel="25.49" electricity="0.00" noise="122.73" route="routeleft" type="cfm-fast" waiting="0.00" lane="left_0" pos="19.11" speed="15.97" angle="150.04" x="7.07" y="24.88"/>
        <vehicle id="cfm-fast_5" eclass="HBEFA3/PC_G_EU4" CO2="60768.81" CO="1184.50" HC="6.90" NOx="28.21" PMx="1.54" fuel="26.12" electricity="0.00" noise="122.91" route="routeleft" type="cfm-fast" waiting="0.00" lane="left_1" pos="35.07" speed="16.36" angle="121.45" x="34.12" y="5.42"/>
        <vehicle id="cfm-slow_0" eclass="HBEFA3/PC_G_EU4" CO2="26084.71" CO="485.79" HC="2.85" NOx="11.92" PMx="0.63" fuel="11.21" electricity="0.00" noise="91.48" route="routebottom" type="cfm-slow" waiting="0.00" lane="bottom_0" pos="10.09" speed="13.42" angle="76.23" x="85.11" y="-1.51"/>
        <vehicle id="cfm-slow_1" eclass="HBEFA3/PC_G_EU4" CO2="26088.14" CO="485.86" HC="2.85" NOx="11.92" PMx="0.63" fuel="11.21" electricity="0.00" noise="91.49" route="routebottom" type="cfm-slow" waiting="0.00" lane="bottom_0" pos="25.92" speed="13.42" angle="47.84" x="113.56" y="16.58"/>
        <vehicle id="cfm-slow_2" eclass="HBEFA3/PC_G_EU4" CO2="26118.42" CO="486.48" HC="2.86" NOx="11.94" PMx="0.63" fuel="11.23" electricity="0.00" noise="91.52" route="routebottom" type="cfm-slow" waiting="0.00" lane="bottom_0" pos="41.76" speed="13.42" angle="19.36" x="129.96" y="46.04"/>
        <vehicle id="cfm-slow_3" eclass="HBEFA3/PC_G_EU4" CO2="26335.98" CO="490.89" HC="2.88" NOx="12.04" PMx="0.64" fuel="11.32" electricity="0.00" noise="91.78" route="routebottom" type="cfm-slow" waiting="0.00" lane="right_0" pos="7.59" speed="13.43" angle="350.73" x="130.31" y="79.94"/>
        <vehicle id="cfm-slow_4" eclass="HBEFA3/PC_G_EU4" CO2="27593.24" CO="516.30" HC="3.03" NOx="12.63" PMx="0.67" fuel="11.86" electricity="0.00" noise="93.21" route="routeright" type="cfm-slow" waiting="0.00" lane="right_0" pos="23.44" speed="13.51" angle="322.28" x="114.48" y="109.74"/>
        <vehicle id="cfm-slow_5" eclass="HBEFA3/PC_G_EU4" CO2="33651.79" CO="638.39" HC="3.74" NOx="15.48" PMx="0.83" fuel="14.47" electricity="0.00" noise="99.73" route="routeright" type="cfm-slow" waiting="0.00" lane="right_0" pos="39.37" speed="13.93" angle="293.68" x="86.20" y="128.46"/>
    </timestep>
    <timestep time="1.21">
        <vehicle id="cfm-fast_0" eclass="HBEFA3/PC_G_EU4" CO2="59687.03" CO="1163.44" HC="6.78" NOx="27.71" PMx="1.51" fuel="25.66" electricity="0.00" noise="122.77" route="routetop" type="cfm-fast" waiting="0.00" lane="top_0" pos="5.93" speed="16.07" angle="263.75" x="50.88" y="131.06"/>
        <vehicle id="cfm-fast_1" eclass="HBEFA3/PC_G_EU4" CO2="59687.04" CO="1163.44" HC="6.78" NOx="27.71" PMx="1.51" fuel="25.66" electricity="0.00" noise="122.77" route="routetop" type="cfm-fast" waiting="0.00" lane="top_1" pos="21.77" speed="16.07" angle="235.33" x="22.40" y="114.28"/>
        <vehicle id="cfm-fast_2" eclass="HBEFA3/PC_G_EU4" CO2="37683.57" CO="714.24" HC="4.18" NOx="17.35" PMx="0.93" fuel="16.20" electricity="0.00" noise="101.40" route="routetop" type="cfm-fast" waiting="0.00" lane="top_0" pos="37.51" speed="15.24" angle="207.02" x="0.29" y="89.93"/>
        <vehicle id="cfm-fast_3" eclass="HBEFA3/PC_G_EU4" CO2="40394.26" CO="769.71" HC="4.50" NOx="18.63" PMx="1.00" fuel="17.36" electricity="0.00" noise="104.23" route="routetop" type="cfm-fast" waiting="0.00" lane="left_0" pos="3.35" speed="15.31" angle="178.48" x="-4.55" y="56.37"/>
        <vehicle id="cfm-fast_4" eclass="HBEFA3/PC_G_EU4" CO2="59808.65" CO="1165.81" HC="6.79" NOx="27.77" PMx="1.51" fuel="25.71" electricity="0.00" noise="122.79" route="routeleft" type="cfm-fast" waiting="0.00" lane="left_0" pos="19.28" speed="16.10" angle="149.79" x="7.26" y="24.59"/>
        <vehicle id="cfm-fast_5" eclass="HBEFA3/PC_G_EU4" CO2="61271.01" CO="1194.30" HC="6.96" NOx="28.45" PMx="1.55" fuel="26.34" electricity="0.00" noise="122.97" route="routeleft" type="cfm-fast" waiting="0.00" lane="left_1" pos="35.23" speed="16.50" angle="121.15" x="34.43" y="5.27"/>
        <vehicle id="cfm-slow_0" eclass="HBEFA3/PC_G_EU4" CO2="25992.27" CO="483.46" HC="2.84" NOx="11.88" PMx="0.63" fuel="11.17" electricity="0.00" noise="91.24" route="routebottom" type="cfm-slow" waiting="0.00" lane="bottom_0" pos="10.23" speed="13.49" angle="76.05" x="85.39" y="-1.42"/>
        <vehicle id="cfm-slow_1" eclass="HBEFA3/PC_G_EU4" CO2="25995.97" CO="483.53" HC="2.84" NOx="11.88" PMx="0.63" fuel="11.17" electricity="0.00" noise="91.24" route="routebottom" type="cfm-slow" waiting="0.00" lane="bottom_0" pos="26.06" speed="13.49" angle="47.59" x="113.76" y="16.80"/>
        <vehicle id="cfm-slow_2" eclass="HBEFA3/PC_G_EU4" CO2="26028.12" CO="484.19" HC="2.84" NOx="11.89" PMx="0.63" fuel="11.19" electricity="0.00" noise="91.28" route="routebottom" type="cfm-slow" waiting="0.00" lane="bottom_0" pos="41.89" speed="13.49" angle="19.11" x="130.03" y="46.32"/>
        <vehicle id="cfm-slow_3" eclass="HBEFA3/PC_G_EU4" CO2="26256.20" CO="488.81" HC="2.87" NOx="12.00" PMx="0.64" fuel="11.29" electricity="0.00" noise="91.55" route="routebottom" type="cfm-slow" waiting="0.00" lane="right_0" pos="7.73" speed="13.50" angle="350.52" x="130.24" y="80.22"/>
        <vehicle id="cfm-slow_4" eclass="HBEFA3/PC_G_EU4" CO2="27561.57" CO="515.20" HC="3.02" NOx="12.61" PMx="0.67" fuel="11.85" electricity="0.00" noise="93.03" route="routeright" type="cfm-slow" waiting="0.00" lane="right_0" pos="23.58" speed="13.58" angle="322.04" x="114.29" y="109.95"/>
        <vehicle id="cfm-slow_5" eclass="HBEFA3/PC_G_EU4" CO2="33799.54" CO="640.92" HC="3.75" NOx="15.55" PMx="0.83" fuel="14.53" electricity="0.00" noise="99.70" route="routeright" type="cfm-slow" waiting="0.00" lane="right_0" pos="39.51" speed="14.02" angle="293.43" x="85.92" y="128.56"/>
    </timestep>
    <timestep time="1.22">
        <vehicle id="cfm-fast_0" eclass="HBEFA3/PC_G_EU4" CO2="60188.60" CO="1173.20" HC="6.83" NOx="27.94" PMx="1.52" fuel="25.87" electricity="0.00" noise="122.84" route="routetop" type="cfm-fast" waiting="0.00" lane="top_0" pos="6.09" speed="16.21" angle="263.45" x="50.54" y="131.00"/>
        <vehicle id="cfm-fast_1" eclass="HBEFA3/PC_G_EU4" CO2="60188.61" CO="1173.20" HC="6.83" NOx="27.94" PMx="1.52" fuel="25.87" electricity="0.00" noise="122.84" route="routetop" type="cfm-fast" waiting="0.00" lane="top_1" pos="21.93" speed="16.21" angle="235.03" x="22.15" y="114.07"/>
        <vehicle id="cfm-fast_2" eclass="HBEFA3/PC_G_EU4" CO2="37600.07" CO="712.09" HC="4.17" NOx="17.31" PMx="0.93" fuel="16.16" electricity="0.00" noise="101.11" route="routetop" type="cfm-fast" waiting="0.00" lane="top_0" pos="37.67" speed="15.33" angle="206.74" x="0.17" y="89.63"/>
        <vehicle id="cfm-fast_3" eclass="HBEFA3/PC_G_EU4" CO2="40472.15" CO="770.85" HC="4.51" NOx="18.66" PMx="1.01" fuel="17.40" electricity="0.00" noise="104.09" route="routetop" type="cfm-fast" waiting="0.00" lane="left_0" pos="3.51" speed="15.40" angle="178.21" x="-4.52" y="56.04"/>
        <vehicle id="cfm-fast_4" eclass="HBEFA3/PC_G_EU4" CO2="60310.29" CO="1175.57" HC="6.85" NOx="28.00" PMx="1.52" fuel="25.92" electricity="0.00" noise="122.85" route="routeleft" type="cfm-fast" waiting="0.00" lane="left_0" pos="19.44" speed="16.24" angle="149.49" x="7.47" y="24.31"/>
        <vehicle id="cfm-fast_5" eclass="HBEFA3/PC_G_EU4" CO2="61773.50" CO="1204.13" HC="7.01" NOx="28.68" PMx="1.56" fuel="26.55" electricity="0.00" noise="123.03" route="routeleft" type="cfm-fast" waiting="0.00" lane="left_1" pos="35.40" speed="16.64" angle="120.85" x="34.73" y="5.11"/>
        <vehicle id="cfm-slow_0" eclass="HBEFA3/PC_G_EU4" CO2="25898.61" CO="481.10" HC="2.83" NOx="11.83" PMx="0.63" fuel="11.13" electricity="0.00" noise="91.00" route="routebottom" type="cfm-slow" waiting="0.00" lane="bottom_0" pos="10.36" speed="13.56" angle="75.80" x="85.66" y="-1.33"/>
        <vehicle id="cfm-slow_1" eclass="HBEFA3/PC_G_EU4" CO2="25902.59" CO="481.19" HC="2.83" NOx="11.83" PMx="0.63" fuel="11.13" electricity="0.00" noise="91.01" route="routebottom" type="cfm-slow" waiting="0.00" lane="bottom_0" pos="26.20" speed="13.56" angle="47.34" x="113.95" y="17.01"/>
        <vehicle id="cfm-slow_2" eclass="HBEFA3/PC_G_EU4" CO2="25936.70" CO="481.88" HC="2.83" NOx="11.85" PMx="0.63" fuel="11.15" electricity="0.00" noise="91.05" route="routebottom" type="cfm-slow" waiting="0.00" lane="bottom_0" pos="42.03" speed="13.56" angle="18.86" x="130.11" y="46.60"/>
        <vehicle id="cfm-slow_3" eclass="HBEFA3/PC_G_EU4" CO2="26175.66" CO="486.73" HC="2.86" NOx="11.96" PMx="0.63" fuel="11.25" electricity="0.00" noise="91.32" route="routebottom" type="cfm-slow" waiting="0.00" lane="right_0" pos="7.86" speed="13.57" angle="350.27" x="130.17" y="80.50"/>
        <vehicle id="cfm-slow_4" eclass="HBEFA3/PC_G_EU4" CO2="27530.40" CO="514.11" HC="3.02" NOx="12.60" PMx="0.67" fuel="11.83" electricity="0.00" noise="92.85" route="routeright" type="cfm-slow" waiting="0.00" lane="right_0" pos="23.71" speed="13.65" angle="321.79" x="114.09" y="110.17"/>
        <vehicle id="cfm-slow_5" eclass="HBEFA3/PC_G_EU4" CO2="33949.08" CO="643.49" HC="3.77" NOx="15.61" PMx="0.84" fuel="14.59" electricity="0.00" noise="99.68" route="routeright" type="cfm-slow" waiting="0.00" lane="right_0" pos="39.65" speed="14.11" angle="293.19" x="85.63" y="128.67"/>
    </timestep>
    <timestep time="1.23">
        <vehicle id="cfm-fast_0" eclass="HBEFA3/PC_G_EU4" CO2="60690.46" CO="1182.97" HC="6.89" NOx="28.18" PMx="1.53" fuel="26.09" electricity="0.00" noise="122.90" route="routetop" type="cfm-fast" waiting="0.00" lane="top_0" pos="6.26" speed="16.34" angle="263.16" x="50.19" y="130.94"/>
        <vehicle id="cfm-fast_1" eclass="HBEFA3/PC_G_EU4" CO2="60690.47" CO="1182.97" HC="6.89" NOx="28.18" PMx="1.53" fuel="26.09" electricity="0.00" noise="122.90" route="routetop" type="cfm-fast" waiting="0.00" lane="top_1" pos="22.09" speed="16.34" angle="234.73" x="21.89" y="113.85"/>
        <vehicle id="cfm-fast_2" eclass="HBEFA3/PC_G_EU4" CO2="37515.69" CO="709.93" HC="4.16" NOx="17.26" PMx="0.93" fuel="16.13" electricity="0.00" noise="100.83" route="routetop" type="cfm-fast" waiting="0.00" lane="top_0" pos="37.82" speed="15.41" angle="206.45" x="0.04" y="89.32"/>
        <vehicle id="cfm-fast_3" eclass="HBEFA3/PC_G_EU4" CO2="40551.69" CO="772.04" HC="4.52" NOx="18.70" PMx="1.01" fuel="17.43" electricity="0.00" noise="103.96" route="routetop" type="cfm-fast" waiting="0.00" lane="left_0" pos="3.66" speed="15.50" angle="177.93" x="-4.48" y="55.71"/>
        <vehicle id="cfm-fast_4" eclass="HBEFA3/PC_G_EU4" CO2="60812.22" CO="1185.35" HC="6.90" NOx="28.23" PMx="1.54" fuel="26.14" electricity="0.00" noise="122.91" route="routeleft" type="cfm-fast" waiting="0.00" lane="left_0" pos="19.60" speed="16.38" angle="149.18" x="7.67" y="24.02"/>
        <vehicle id="cfm-fast_5" eclass="HBEFA3/PC_G_EU4" CO2="62276.28" CO="1213.97" HC="7.07" NOx="28.92" PMx="1.57" fuel="26.77" electricity="0.00" noise="123.10" route="routeleft" type="cfm-fast" waiting="0.00" lane="left_1" pos="35.57" speed="16.77" angle="120.54" x="35.04" y="4.96"/>
        <vehicle id="cfm-slow_0" eclass="HBEFA3/PC_G_EU4" CO2="25803.77" CO="478.73" HC="2.81" NOx="11.78" PMx="0.62" fuel="11.09" electricity="0.00" noise="90.76" route="routebottom" type="cfm-slow" waiting="0.00" lane="bottom_0" pos="10.50" speed="13.62" angle="75.54" x="85.94" y="-1.23"/>
        <vehicle id="cfm-slow_1" eclass="HBEFA3/PC_G_EU4" CO2="25808.05" CO="478.82" HC="2.82" NOx="11.78" PMx="0.62" fuel="11.09" electricity="0.00" noise="90.77" route="routebottom" type="cfm-slow" waiting="0.00" lane="bottom_0" pos="26.33" speed="13.62" angle="47.09" x="114.15" y="17.23"/>
        <vehicle id="cfm-slow_2" eclass="HBEFA3/PC_G_EU4" CO2="25844.20" CO="479.56" HC="2.82" NOx="11.80" PMx="0.63" fuel="11.11" electricity="0.00" noise="90.81" route="routebottom" type="cfm-slow" waiting="0.00" lane="bottom_0" pos="42.17" speed="13.63" angle="18.62" x="130.19" y="46.89"/>
        <vehicle id="cfm-slow_3" eclass="HBEFA3/PC_G_EU4" CO2="26094.44" CO="484.63" HC="2.85" NOx="11.92" PMx="0.63" fuel="11.22" electricity="0.00" noise="91.10" route="routebottom" type="cfm-slow" waiting="0.00" lane="right_0" pos="8.00" speed="13.64" angle="350.02" x="130.09" y="80.79"/>
        <vehicle id="cfm-slow_4" eclass="HBEFA3/PC_G_EU4" CO2="27499.79" CO="513.04" HC="3.01" NOx="12.58" PMx="0.67" fuel="11.82" electricity="0.00" noise="92.68" route="routeright" type="cfm-slow" waiting="0.00" lane="right_0" pos="23.85" speed="13.72" angle="321.54" x="113.89" y="110.39"/>
        <vehicle id="cfm-slow_5" eclass="HBEFA3/PC_G_EU4" CO2="34100.44" CO="646.10" HC="3.78" NOx="15.68" PMx="0.84" fuel="14.66" electricity="0.00" noise="99.66" route="routeright" type="cfm-slow" waiting="0.00" lane="right_0" pos="39.79" speed="14.19" angle="292.98" x="85.35" y="128.77"/>
    </timestep>
    <timestep time="1.24">
        <vehicle id="cfm-fast_0" eclass="HBEFA3/PC_G_EU4" CO2="61192.61" CO="1192.77" HC="6.95" NOx="28.41" PMx="1.55" fuel="26.30" electricity="0.00" noise="122.96" route="routetop" type="cfm-fast" waiting="0.00" lane="top_0" pos="6.42" speed="16.48" angle="262.90" x="49.85" y="130.87"/>
        <vehicle id="cfm-fast_1" eclass="HBEFA3/PC_G_EU4" CO2="61192.62" CO="1192.77" HC="6.95" NOx="28.41" PMx="1.55" fuel="26.30" electricity="0.00" noise="122.96" route="routetop" type="cfm-fast" waiting="0.00" lane="top_1" pos="22.26" speed="16.48" angle="234.42" x="21.63" y="113.63"/>
        <vehicle id="cfm-fast_2" eclass="HBEFA3/PC_G_EU4" CO2="37430.55" CO="707.77" HC="4.15" NOx="17.22" PMx="0.93" fuel="16.09" electricity="0.00" noise="100.55" route="routetop" type="cfm-fast" waiting="0.00" lane="top_0" pos="37.98" speed="15.50" angle="206.17" x="-0.08" y="89.01"/>
        <vehicle id="cfm-fast_3" eclass="HBEFA3/PC_G_EU4" CO2="40632.91" CO="773.27" HC="4.52" NOx="18.73" PMx="1.01" fuel="17.47" electricity="0.00" noise="103.83" route="routetop" type="cfm-fast" waiting="0.00" lane="left_0" pos="3.82" speed="15.59" angle="177.67" x="-4.45" y="55.37"/>
        <vehicle id="cfm-fast_4" eclass="HBEFA3/PC_G_EU4" CO2="61314.44" CO="1195.15" HC="6.96" NOx="28.47" PMx="1.55" fuel="26.36" electricity="0.00" noise="122.98" route="routeleft" type="cfm-fast" waiting="0.00" lane="left_0" pos="19.77" speed="16.51" angle="148.88" x="7.88" y="23.73"/>
        <vehicle id="cfm-fast_5" eclass="HBEFA3/PC_G_EU4" CO2="62779.35" CO="1223.84" HC="7.13" NOx="29.15" PMx="1.59" fuel="26.99" electricity="0.00" noise="123.16" route="routeleft" type="cfm-fast" waiting="0.00" lane="left_1" pos="35.73" speed="16.91" angle="120.23" x="35.35" y="4.81"/>
        <vehicle id="cfm-slow_0" eclass="HBEFA3/PC_G_EU4" CO2="25707.80" CO="476.35" HC="2.80" NOx="11.74" PMx="0.62" fuel="11.05" electricity="0.00" noise="90.53" route="routebottom" type="cfm-slow" waiting="0.00" lane="bottom_0" pos="10.64" speed="13.69" angle="75.29" x="86.21" y="-1.13"/>
        <vehicle id="cfm-slow_1" eclass="HBEFA3/PC_G_EU4" CO2="25712.39" CO="476.44" HC="2.80" NOx="11.74" PMx="0.62" fuel="11.05" electricity="0.00" noise="90.54" route="routebottom" type="cfm-slow" waiting="0.00" lane="bottom_0" pos="26.47" speed="13.69" angle="46.84" x="114.35" y="17.44"/>
        <vehicle id="cfm-slow_2" eclass="HBEFA3/PC_G_EU4" CO2="25750.68" CO="477.22" HC="2.81" NOx="11.76" PMx="0.62" fuel="11.07" electricity="0.00" noise="90.58" route="routebottom" type="cfm-slow" waiting="0.00" lane="bottom_0" pos="42.30" speed="13.69" angle="18.41" x="130.26" y="47.17"/>
        <vehicle id="cfm-slow_3" eclass="HBEFA3/PC_G_EU4" CO2="26012.58" CO="482.53" HC="2.84" NOx="11.88" PMx="0.63" fuel="11.18" electricity="0.00" noise="90.88" route="routebottom" type="cfm-slow" waiting="0.00" lane="right_0" pos="8.14" speed="13.70" angle="349.77" x="130.02" y="81.07"/>
        <vehicle id="cfm-slow_4" eclass="HBEFA3/PC_G_EU4" CO2="27469.79" CO="511.99" HC="3.01" NOx="12.56" PMx="0.67" fuel="11.81" electricity="0.00" noise="92.51" route="routeright" type="cfm-slow" waiting="0.00" lane="right_0" pos="23.99" speed="13.79" angle="321.29" x="113.68" y="110.60"/>
        <vehicle id="cfm-slow_5" eclass="HBEFA3/PC_G_EU4" CO2="34253.64" CO="648.76" HC="3.80" NOx="15.75" PMx="0.84" fuel="14.72" electricity="0.00" noise="99.64" route="routeright" type="cfm-slow" waiting="0.00" lane="right_0" pos="39.94" speed="14.28" angle="292.71" x="85.05" y="128.86"/>
    </timestep>
    <timestep time="1.25">
        <vehicle id="cfm-fast_0" eclass="HBEFA3/PC_G_EU4" CO2="61695.05" CO="1202.59" HC="7.00" NOx="28.65" PMx="1.56" fuel="26.52" electricity="0.00" noise="123.02" route="routetop" type="cfm-fast" waiting="0.00" lane="top_0" pos="6.59" speed="16.62" angle="262.59" x="49.50" y="130.79"/>
        <vehicle id="cfm-fast_1" eclass="HBEFA3/PC_G_EU4" CO2="61695.06" CO="1202.59" HC="7.00" NOx="28.65" PMx="1.56" fuel="26.52" electricity="0.00" noise="123.02" route="routetop" type="cfm-fast" waiting="0.00" lane="top_1" pos="22.42" speed="16.62" angle="234.11" x="21.37" y="113.41"/>
        <vehicle id="cfm-fast_2" eclass="HBEFA3/PC_G_EU4" CO2="37344.75" CO="705.60" HC="4.14" NOx="17.18" PMx="0.92" fuel="16.05" electricity="0.00" noise="100.28" route="routetop" type="cfm-fast" waiting="0.00" lane="top_0" pos="38.13" speed="15.59" angle="205.88" x="-0.21" y="88.70"/>
        <vehicle id="cfm-fast_3" eclass="HBEFA3/PC_G_EU4" CO2="40715.88" CO="774.55" HC="4.53" NOx="18.77" PMx="1.01" fuel="17.50" electricity="0.00" noise="103.70" route="routetop" type="cfm-fast" waiting="0.00" lane="left_0" pos="3.98" speed="15.69" angle="177.38" x="-4.40" y="55.04"/>
        <vehicle id="cfm-fast_4" eclass="HBEFA3/PC_G_EU4" CO2="61816.96" CO="1204.98" HC="7.02" NOx="28.70" PMx="1.56" fuel="26.57" electricity="0.00" noise="123.04" route="routeleft" type="cfm-fast" waiting="0.00" lane="left_0" pos="19.93" speed="16.65" angle="148.57" x="8.09" y="23.44"/>
        <vehicle id="cfm-fast_5" eclass="HBEFA3/PC_G_EU4" CO2="63282.72" CO="1233.72" HC="7.19" NOx="29.38" PMx="1.60" fuel="27.20" electricity="0.00" noise="123.22" route="routeleft" type="cfm-fast" waiting="0.00" lane="left_1" pos="35.91" speed="17.05" angle="119.98" x="35.66" y="4.65"/>
        <vehicle id="cfm-slow_0" eclass="HBEFA3/PC_G_EU4" CO2="25610.75" CO="473.95" HC="2.79" NOx="11.69" PMx="0.62" fuel="11.01" electricity="0.00" noise="90.30" route="routebottom" type="cfm-slow" waiting="0.00" lane="bottom_0" pos="10.77" speed="13.75" angle="75.03" x="86.49" y="-1.03"/>
        <vehicle id="cfm-slow_1" eclass="HBEFA3/PC_G_EU4" CO2="25615.67" CO="474.05" HC="2.79" NOx="11.69" PMx="0.62" fuel="11.01" electricity="0.00" noise="90.30" route="routebottom" type="cfm-slow" waiting="0.00" lane="bottom_0" pos="26.61" speed="13.75" angle="46.59" x="114.56" y="17.66"/>
        <vehicle id="cfm-slow_2" eclass="HBEFA3/PC_G_EU4" CO2="25656.19" CO="474.87" HC="2.79" NOx="11.71" PMx="0.62" fuel="11.03" electricity="0.00" noise="90.35" route="routebottom" type="cfm-slow" waiting="0.00" lane="bottom_0" pos="42.44" speed="13.76" angle="18.18" x="130.33" y="47.46"/>
        <vehicle id="cfm-slow_3" eclass="HBEFA3/PC_G_EU4" CO2="25930.16" CO="480.43" HC="2.83" NOx="11.84" PMx="0.63" fuel="11.15" electricity="0.00" noise="90.66" route="routebottom" type="cfm-slow" waiting="0.00" lane="right_0" pos="8.28" speed="13.77" angle="349.51" x="129.94" y="81.36"/>
        <vehicle id="cfm-slow_4" eclass="HBEFA3/PC_G_EU4" CO2="27440.45" CO="510.96" HC="3.00" NOx="12.55" PMx="0.67" fuel="11.80" electricity="0.00" noise="92.34" route="routeright" type="cfm-slow" waiting="0.00" lane="right_0" pos="24.13" speed="13.86" angle="321.05" x="113.48" y="110.82"/>
        <vehicle id="cfm-slow_5" eclass="HBEFA3/PC_G_EU4" CO2="34408.70" CO="651.47" HC="3.82" NOx="15.82" PMx="0.85" fuel="14.79" electricity="0.00" noise="99.63" route="routeright" type="cfm-slow" waiting="0.00" lane="right_0" pos="40.08" speed="14.36" angle="292.44" x="84.76" y="128.95"/>
    </timestep>
    <timestep time="1.26">
        <vehicle id="cfm-fast_0" eclass="HBEFA3/PC_G_EU4" CO2="62197.79" CO="1212.43" HC="7.06" NOx="28.88" PMx="1.57" fuel="26.74" electricity="0.00" noise="123.09" route="routetop" type="cfm-fast" waiting="0.00" lane="top_0" pos="6.76" speed="16.75" angle="262.27" x="49.15" y="130.71"/>
        <vehicle id="cfm-fast_1" eclass="HBEFA3/PC_G_EU4" CO2="62197.80" CO="1212.43" HC="7.06" NOx="28.88" PMx="1.57" fuel="26.74" electricity="0.00" noise="123.09" route="routetop" type="cfm-fast" waiting="0.00" lane="top_1" pos="22.59" speed="16.75" angle="233.79" x="21.11" y="113.19"/>
        <vehicle id="cfm-fast_2" eclass="HBEFA3/PC_G_EU4" CO2="37258.40" CO="703.43" HC="4.12" NOx="17.14" PMx="0.92" fuel="16.02" electricity="0.00" noise="100.01" route="routetop" type="cfm-fast" waiting="0.00" lane="top_0" pos="38.29" speed="15.67" angle="205.59" x="-0.33" y="88.39"/>
        <vehicle id="cfm-fast_3" eclass="HBEFA3/PC_G_EU4" CO2="40800.65" CO="775.88" HC="4.54" NOx="18.81" PMx="1.01" fuel="17.54" electricity="0.00" noise="103.58" route="routetop" type="cfm-fast" waiting="0.00" lane="left_0" pos="4.13" speed="15.78" angle="177.10" x="-4.35" y="54.70"/>
        <vehicle id="cfm-fast_4" eclass="HBEFA3/PC_G_EU4" CO2="62319.76" CO="1214.82" HC="7.08" NOx="28.94" PMx="1.58" fuel="26.79" electricity="0.00" noise="123.10" route="routeleft" type="cfm-fast" waiting="0.00" lane="left_0" pos="20.10" speed="16.78" angle="148.26" x="8.30" y="23.15"/>
        <vehicle id="cfm-fast_5" eclass="HBEFA3/PC_G_EU4" CO2="63786.37" CO="1243.63" HC="7.24" NOx="29.62" PMx="1.61" fuel="27.42" electricity="0.00" noise="123.29" route="routeleft" type="cfm-fast" waiting="0.00" lane="left_1" pos="36.08" speed="17.18" angle="119.65" x="35.98" y="4.50"/>
        <vehicle id="cfm-slow_0" eclass="HBEFA3/PC_G_EU4" CO2="25512.66" CO="471.53" HC="2.77" NOx="11.64" PMx="0.62" fuel="10.97" electricity="0.00" noise="90.07" route="routebottom" type="cfm-slow" waiting="0.00" lane="bottom_0" pos="10.91" speed="13.82" angle="74.77" x="86.77" y="-0.93"/>
        <vehicle id="cfm-slow_1" eclass="HBEFA3/PC_G_EU4" CO2="25517.93" CO="471.64" HC="2.78" NOx="11.64" PMx="0.62" fuel="10.97" electricity="0.00" noise="90.07" route="routebottom" type="cfm-slow" waiting="0.00" lane="bottom_0" pos="26.74" speed="13.82" angle="46.34" x="114.76" y="17.88"/>
        <vehicle id="cfm-slow_2" eclass="HBEFA3/PC_G_EU4" CO2="25560.78" CO="472.51" HC="2.78" NOx="11.66" PMx="0.62" fuel="10.99" electricity="0.00" noise="90.12" route="routebottom" type="cfm-slow" waiting="0.00" lane="bottom_0" pos="42.58" speed="13.82" angle="17.92" x="130.39" y="47.75"/>
        <vehicle id="cfm-slow_3" eclass="HBEFA3/PC_G_EU4" CO2="25847.21" CO="478.32" HC="2.81" NOx="11.80" PMx="0.63" fuel="11.11" electricity="0.00" noise="90.45" route="routebottom" type="cfm-slow" waiting="0.00" lane="right_0" pos="8.41" speed="13.83" angle="349.26" x="129.86" y="81.65"/>
        <vehicle id="cfm-slow_4" eclass="HBEFA3/PC_G_EU4" CO2="27411.84" CO="509.95" HC="3.00" NOx="12.53" PMx="0.67" fuel="11.78" electricity="0.00" noise="92.18" route="routeright" type="cfm-slow" waiting="0.00" lane="right_0" pos="24.27" speed="13.93" angle="320.81" x="113.28" y="111.04"/>
        <vehicle id="cfm-slow_5" eclass="HBEFA3/PC_G_EU4" CO2="34565.64" CO="654.22" HC="3.83" NOx="15.90" PMx="0.85" fuel="14.86" electricity="0.00" noise="99.62" route="routeright" type="cfm-slow" waiting="0.00" lane="right_0" pos="40.22" speed="14.45" angle="292.16" x="84.46" y="129.04"/>
    </timestep>
    <timestep time="1.27">
        <vehicle id="cfm-fast_0" eclass="HBEFA3/PC_G_EU4" CO2="62700.82" CO="1222.29" HC="7.12" NOx="29.11" PMx="1.59" fuel="26.95" electricity="0.00" noise="123.15" route="routetop" type="cfm-fast" waiting="0.00" lane="top_0" pos="6.93" speed="16.89" angle="261.96" x="48.79" y="130.63"/>
        <vehicle id="cfm-fast_1" eclass="HBEFA3/PC_G_EU4" CO2="62700.83" CO="1222.29" HC="7.12" NOx="29.11" PMx="1.59" fuel="26.95" electricity="0.00" noise="123.15" route="routetop" type="cfm-fast" waiting="0.00" lane="top_1" pos="22.76" speed="16.89" angle="233.48" x="20.85" y="112.97"/>
        <vehicle id="cfm-fast_2" eclass="HBEFA3/PC_G_EU4" CO2="37171.60" CO="701.26" HC="4.11" NOx="17.09" PMx="0.92" fuel="15.98" electricity="0.00" noise="99.74" route="routetop" type="cfm-fast" waiting="0.00" lane="top_0" pos="38.45" speed="15.76" angle="205.34" x="-0.46" y="88.07"/>
        <vehicle id="cfm-fast_3" eclass="HBEFA3/PC_G_EU4" CO2="40887.26" CO="777.25" HC="4.55" NOx="18.84" PMx="1.02" fuel="17.58" electricity="0.00" noise="103.46" route="routetop" type="cfm-fast" waiting="0.00" lane="left_0" pos="4.29" speed="15.87" angle="176.81" x="-4.31" y="54.37"/>
        <vehicle id="cfm-fast_4" eclass="HBEFA3/PC_G_EU4" CO2="62822.86" CO="1224.69" HC="7.13" NOx="29.17" PMx="1.59" fuel="27.00" electricity="0.00" noise="123.17" route="routeleft" type="cfm-fast" waiting="0.00" lane="left_0" pos="20.27" speed="16.92" angle="147.94" x="8.52" y="22.86"/>
        <vehicle id="cfm-fast_5" eclass="HBEFA3/PC_G_EU4" CO2="64290.32" CO="1253.56" HC="7.30" NOx="29.85" PMx="1.63" fuel="27.64" electricity="0.00" noise="123.35" route="routeleft" type="cfm-fast" waiting="0.00" lane="left_1" pos="36.25" speed="17.32" angle="119.32" x="36.31" y="4.36"/>
        <vehicle id="cfm-slow_0" eclass="HBEFA3/PC_G_EU4" CO2="25413.57" CO="469.10" HC="2.76" NOx="11.59" PMx="0.61" fuel="10.92" electricity="0.00" noise="89.84" route="routebottom" type="cfm-slow" waiting="0.00" lane="bottom_0" pos="11.05" speed="13.88" angle="74.51" x="87.05" y="-0.83"/>
        <vehicle id="cfm-slow_1" eclass="HBEFA3/PC_G_EU4" CO2="25419.21" CO="469.22" HC="2.76" NOx="11.59" PMx="0.61" fuel="10.93" electricity="0.00" noise="89.85" route="routebottom" type="cfm-slow" waiting="0.00" lane="bottom_0" pos="26.88" speed="13.88" angle="46.13" x="114.96" y="18.10"/>
        <vehicle id="cfm-slow_2" eclass="HBEFA3/PC_G_EU4" CO2="25464.49" CO="470.14" HC="2.77" NOx="11.62" PMx="0.62" fuel="10.95" electricity="0.00" noise="89.90" route="routebottom" type="cfm-slow" waiting="0.00" lane="bottom_0" pos="42.72" speed="13.88" angle="17.67" x="130.46" y="48.04"/>
        <vehicle id="cfm-slow_3" eclass="HBEFA3/PC_G_EU4" CO2="25763.81" CO="476.21" HC="2.80" NOx="11.76" PMx="0.62" fuel="11.07" electricity="0.00" noise="90.24" route="routebottom" type="cfm-slow" waiting="0.00" lane="right_0" pos="8.55" speed="13.90" angle="349.00" x="129.79" y="81.93"/>
        <vehicle id="cfm-slow_4" eclass="HBEFA3/PC_G_EU4" CO2="27384.01" CO="508.97" HC="2.99" NOx="12.52" PMx="0.67" fuel="11.77" electricity="0.00" noise="92.02" route="routeright" type="cfm-slow" waiting="0.00" lane="right_0" pos="24.41" speed="14.00" angle="320.59" x="113.07" y="111.26"/>
        <vehicle id="cfm-slow_5" eclass="HBEFA3/PC_G_EU4" CO2="34724.47" CO="657.01" HC="3.85" NOx="15.97" PMx="0.86" fuel="14.93" electricity="0.00" noise="99.61" route="routeright" type="cfm-slow" waiting="0.00" lane="right_0" pos="40.37" speed="14.53" angle="291.88" x="84.16" y="129.13"/>
    </timestep>
    <timestep time="1.28">
        <vehicle id="cfm-fast_0" eclass="HBEFA3/PC_G_EU4" CO2="63204.13" CO="1232.18" HC="7.18" NOx="29.35" PMx="1.60" fuel="27.17" electricity="0.00" noise="123.21" route="routetop" type="cfm-fast" waiting="0.00" lane="top_0" pos="7.10" speed="17.02" angle="261.63" x="48.43" y="130.55"/>
        <vehicle id="cfm-fast_1" eclass="HBEFA3/PC_G_EU4" CO2="63204.14" CO="1232.18" HC="7.18" NOx="29.35" PMx="1.60" fuel="27.17" electricity="0.00" noise="123.21" route="routetop" type="cfm-fast" waiting="0.00" lane="top_1" pos="22.93" speed="17.02" angle="233.16" x="20.58" y="112.74"/>
        <vehicle id="cfm-fast_2" eclass="HBEFA3/PC_G_EU4" CO2="37084.45" CO="699.09" HC="4.10" NOx="17.05" PMx="0.92" fuel="15.94" electricity="0.00" noise="99.48" route="routetop" type="cfm-fast" waiting="0.00" lane="top_0" pos="38.61" speed="15.84" angle="205.07" x="-0.58" y="87.75"/>
        <vehicle id="cfm-fast_3" eclass="HBEFA3/PC_G_EU4" CO2="40975.76" CO="778.66" HC="4.56" NOx="18.88" PMx="1.02" fuel="17.61" electricity="0.00" noise="103.35" route="routetop" type="cfm-fast" waiting="0.00" lane="left_0" pos="4.45" speed="15.96" angle="176.52" x="-4.26" y="54.02"/>
        <vehicle id="cfm-fast_4" eclass="HBEFA3/PC_G_EU4" CO2="63326.25" CO="1234.58" HC="7.19" NOx="29.40" PMx="1.60" fuel="27.22" electricity="0.00" noise="123.23" route="routeleft" type="cfm-fast" waiting="0.00" lane="left_0" pos="20.44" speed="17.06" angle="147.66" x="8.73" y="22.56"/>
        <vehicle id="cfm-fast_5" eclass="HBEFA3/PC_G_EU4" CO2="64794.56" CO="1263.52" HC="7.36" NOx="30.09" PMx="1.64" fuel="27.85" electricity="0.00" noise="123.41" route="routeleft" type="cfm-fast" waiting="0.00" lane="left_1" pos="36.42" speed="17.45" angle="118.98" x="36.63" y="4.21"/>
        <vehicle id="cfm-slow_0" eclass="HBEFA3/PC_G_EU4" CO2="25313.53" CO="466.66" HC="2.75" NOx="11.54" PMx="0.61" fuel="10.88" electricity="0.00" noise="89.61" route="routebottom" type="cfm-slow" waiting="0.00" lane="bottom_0" pos="11.19" speed="13.95" angle="74.25" x="87.34" y="-0.73"/>
        <vehicle id="cfm-slow_1" eclass="HBEFA3/PC_G_EU4" CO2="25319.56" CO="466.78" HC="2.75" NOx="11.55" PMx="0.61" fuel="10.88" electricity="0.00" noise="89.62" route="routebottom" type="cfm-slow" waiting="0.00" lane="bottom_0" pos="27.02" speed="13.95" angle="45.90" x="115.16" y="18.32"/>
        <vehicle id="cfm-slow_2" eclass="HBEFA3/PC_G_EU4" CO2="25367.38" CO="467.75" HC="2.75" NOx="11.57" PMx="0.61" fuel="10.90" electricity="0.00" noise="89.68" route="routebottom" type="cfm-slow" waiting="0.00" lane="bottom_0" pos="42.86" speed="13.95" angle="17.42" x="130.53" y="48.33"/>
        <vehicle id="cfm-slow_3" eclass="HBEFA3/PC_G_EU4" CO2="25680.01" CO="474.10" HC="2.79" NOx="11.72" PMx="0.62" fuel="11.04" electricity="0.00" noise="90.03" route="routebottom" type="cfm-slow" waiting="0.00" lane="right_0" pos="8.69" speed="13.96" angle="348.75" x="129.71" y="82.23"/>
        <vehicle id="cfm-slow_4" eclass="HBEFA3/PC_G_EU4" CO2="27357.00" CO="508.01" HC="2.99" NOx="12.50" PMx="0.66" fuel="11.76" electricity="0.00" noise="91.87" route="routeright" type="cfm-slow" waiting="0.00" lane="right_0" pos="24.55" speed="14.07" angle="320.33" x="112.86" y="111.47"/>
        <vehicle id="cfm-slow_5" eclass="HBEFA3/PC_G_EU4" CO2="34885.22" CO="659.85" HC="3.87" NOx="16.04" PMx="0.86" fuel="15.00" electricity="0.00" noise="99.61" route="routeright" type="cfm-slow" waiting="0.00" lane="right_0" pos="40.52" speed="14.62" angle="291.61" x="83.86" y="129.22"/>
    </timestep>
    <timestep time="1.29">
        <vehicle id="cfm-fast_0" eclass="HBEFA3/PC_G_EU4" CO2="63707.75" CO="1242.08" HC="7.23" NOx="29.58" PMx="1.61" fuel="27.38" electricity="0.00" noise="123.28" route="routetop" type="cfm-fast" waiting="0.00" lane="top_0" pos="7.27" speed="17.16" angle="261.31" x="48.07" y="130.47"/>
        <vehicle id="cfm-fast_1" eclass="HBEFA3/PC_G_EU4" CO2="63707.76" CO="1242.09" HC="7.23" NOx="29.58" PMx="1.61" fuel="27.38" electricity="0.00" noise="123.28" route="routetop" type="cfm-fast" waiting="0.00" lane="top_1" pos="23.10" speed="17.16" angle="232.91" x="20.31" y="112.51"/>
        <vehicle id="cfm-fast_2" eclass="HBEFA3/PC_G_EU4" CO2="36997.06" CO="696.93" HC="4.09" NOx="17.01" PMx="0.91" fuel="15.90" electricity="0.00" noise="99.23" route="routetop" type="cfm-fast" waiting="0.00" lane="top_0" pos="38.76" speed="15.92" angle="204.77" x="-0.69" y="87.43"/>
        <vehicle id="cfm-fast_3" eclass="HBEFA3/PC_G_EU4" CO2="41066.19" CO="780.13" HC="4.57" NOx="18.92" PMx="1.02" fuel="17.65" electricity="0.00" noise="103.25" route="routetop" type="cfm-fast" waiting="0.00" lane="left_0" pos="4.61" speed="16.06" angle="176.23" x="-4.21" y="53.68"/>
        <vehicle id="cfm-fast_4" eclass="HBEFA3/PC_G_EU4" CO2="63829.93" CO="1244.49" HC="7.25" NOx="29.64" PMx="1.62" fuel="27.44" electricity="0.00" noise="123.29" route="routeleft" type="cfm-fast" waiting="0.00" lane="left_0" pos="20.61" speed="17.19" angle="147.37" x="8.96" y="22.26"/>
        <vehicle id="cfm-fast_5" eclass="HBEFA3/PC_G_EU4" CO2="65299.09" CO="1273.49" HC="7.42" NOx="30.32" PMx="1.65" fuel="28.07" electricity="0.00" noise="123.48" route="routeleft" type="cfm-fast" waiting="0.00" lane="left_1" pos="36.60" speed="17.59" angle="118.65" x="36.96" y="4.07"/>
        <vehicle id="cfm-slow_0" eclass="HBEFA3/PC_G_EU4" CO2="25212.59" CO="464.21" HC="2.73" NOx="11.49" PMx="0.61" fuel="10.84" electricity="0.00" noise="89.39" route="routebottom" type="cfm-slow" waiting="0.00" lane="bottom_0" pos="11.33" speed="14.01" angle="73.99" x="87.62" y="-0.62"/>
        <vehicle id="cfm-slow_1" eclass="HBEFA3/PC_G_EU4" CO2="25219.03" CO="464.34" HC="2.73" NOx="11.50" PMx="0.61" fuel="10.84" electricity="0.00" noise="89.40" route="routebottom" type="cfm-slow" waiting="0.00" lane="bottom_0" pos="27.16" speed="14.01" angle="45.63" x="115.35" y="18.55"/>
        <vehicle id="cfm-slow_2" eclass="HBEFA3/PC_G_EU4" CO2="25269.48" CO="465.36" HC="2.74" NOx="11.52" PMx="0.61" fuel="10.86" electricity="0.00" noise="89.45" route="routebottom" type="cfm-slow" waiting="0.00" lane="bottom_0" pos="43.00" speed="14.01" angle="17.17" x="130.59" y="48.63"/>
        <vehicle id="cfm-slow_3" eclass="HBEFA3/PC_G_EU4" CO2="25595.85" CO="471.98" HC="2.78" NOx="11.67" PMx="0.62" fuel="11.00" electricity="0.00" noise="89.82" route="routebottom" type="cfm-slow" waiting="0.00" lane="right_0" pos="8.83" speed="14.03" angle="348.50" x="129.63" y="82.52"/>
        <vehicle id="cfm-slow_4" eclass="HBEFA3/PC_G_EU4" CO2="27330.87" CO="507.07" HC="2.98" NOx="12.49" PMx="0.66" fuel="11.75" electricity="0.00" noise="91.71" route="routeright" type="cfm-slow" waiting="0.00" lane="right_0" pos="24.69" speed="14.13" angle="320.07" x="112.64" y="111.69"/>
        <vehicle id="cfm-slow_5" eclass="HBEFA3/PC_G_EU4" CO2="35047.90" CO="662.74" HC="3.88" NOx="16.12" PMx="0.86" fuel="15.07" electricity="0.00" noise="99.61" route="routeright" type="cfm-slow" waiting="0.00" lane="right_0" pos="40.66" speed="14.70" angle="291.33" x="83.56" y="129.32"/>
    </timestep>
    <timestep time="1.30">
        <vehicle id="cfm-fast_0" eclass="HBEFA3/PC_G_EU4" CO2="64211.65" CO="1252.01" HC="7.29" NOx="29.82" PMx="1.63" fuel="27.60" electricity="0.00" noise="123.34" route="routetop" type="cfm-fast" waiting="0.00" lane="top_0" pos="7.44" speed="17.30" angle="260.99" x="47.71" y="130.39"/>
        <vehicle id="cfm-fast_1" eclass="HBEFA3/PC_G_EU4" CO2="64211.66" CO="1252.01" HC="7.29" NOx="29.82" PMx="1.63" fuel="27.60" electricity="0.00" noise="123.34" route="routetop" type="cfm-fast" waiting="0.00" lane="top_1" pos="23.27" speed="17.30" angle="232.59" x="20.05" y="112.27"/>
        <vehicle id="cfm-fast_2" eclass="HBEFA3/PC_G_EU4" CO2="36909.51" CO="694.77" HC="4.08" NOx="16.96" PMx="0.91" fuel="15.87" electricity="0.00" noise="98.97" route="routetop" type="cfm-fast" waiting="0.00" lane="top_0" pos="38.92" speed="16.01" angle="204.48" x="-0.81" y="87.10"/>
        <vehicle id="cfm-fast_3" eclass="HBEFA3/PC_G_EU4" CO2="41158.59" CO="781.65" HC="4.58" NOx="18.97" PMx="1.02" fuel="17.69" electricity="0.00" noise="103.14" route="routetop" type="cfm-fast" waiting="0.00" lane="left_0" pos="4.77" speed="16.15" angle="175.94" x="-4.16" y="53.34"/>
        <vehicle id="cfm-fast_4" eclass="HBEFA3/PC_G_EU4" CO2="64333.90" CO="1254.42" HC="7.31" NOx="29.87" PMx="1.63" fuel="27.65" electricity="0.00" noise="123.36" route="routeleft" type="cfm-fast" waiting="0.00" lane="left_0" pos="20.79" speed="17.33" angle="147.05" x="9.19" y="21.97"/>
        <vehicle id="cfm-fast_5" eclass="HBEFA3/PC_G_EU4" CO2="65803.92" CO="1283.49" HC="7.47" NOx="30.56" PMx="1.67" fuel="28.29" electricity="0.00" noise="123.54" route="routeleft" type="cfm-fast" waiting="0.00" lane="left_1" pos="36.78" speed="17.73" angle="118.31" x="37.30" y="3.92"/>
        <vehicle id="cfm-slow_0" eclass="HBEFA3/PC_G_EU4" CO2="25110.77" CO="461.74" HC="2.72" NOx="11.44" PMx="0.61" fuel="10.79" electricity="0.00" noise="89.17" route="routebottom" type="cfm-slow" waiting="0.00" lane="bottom_0" pos="11.47" speed="14.07" angle="73.78" x="87.90" y="-0.52"/>
        <vehicle id="cfm-slow_1" eclass="HBEFA3/PC_G_EU4" CO2="25117.65" CO="461.88" HC="2.72" NOx="11.45" PMx="0.61" fuel="10.80" electricity="0.00" noise="89.18" route="routebottom" type="cfm-slow" waiting="0.00" lane="bottom_0" pos="27.30" speed="14.07" angle="45.37" x="115.55" y="18.78"/>
        <vehicle id="cfm-slow_2" eclass="HBEFA3/PC_G_EU4" CO2="25170.86" CO="462.96" HC="2.73" NOx="11.47" PMx="0.61" fuel="10.82" electricity="0.00" noise="89.24" route="routebottom" type="cfm-slow" waiting="0.00" lane="bottom_0" pos="43.14" speed="14.07" angle="16.91" x="130.66" y="48.92"/>
        <vehicle id="cfm-slow_3" eclass="HBEFA3/PC_G_EU4" CO2="25511.40" CO="469.87" HC="2.77" NOx="11.63" PMx="0.62" fuel="10.97" electricity="0.00" noise="89.62" route="routebottom" type="cfm-slow" waiting="0.00" lane="right_0" pos="8.97" speed="14.09" angle="348.29" x="129.55" y="82.81"/>
        <vehicle id="cfm-slow_4" eclass="HBEFA3/PC_G_EU4" CO2="27305.66" CO="506.16" HC="2.98" NOx="12.48" PMx="0.66" fuel="11.74" electricity="0.00" noise="91.57" route="routeright" type="cfm-slow" waiting="0.00" lane="right_0" pos="24.83" speed="14.20" angle="319.80" x="112.42" y="111.91"/>
        <vehicle id="cfm-slow_5" eclass="HBEFA3/PC_G_EU4" CO2="35212.52" CO="665.67" HC="3.90" NOx="16.19" PMx="0.87" fuel="15.14" electricity="0.00" noise="99.61" route="routeright" type="cfm-slow" waiting="0.00" lane="right_0" pos="40.81" speed="14.79" angle="291.04" x="83.25" y="129.41"/>
    </timestep>
    <timestep time="1.31">
        <vehicle id="cfm-fast_0" eclass="HBEFA3/PC_G_EU4" CO2="64715.84" CO="1261.96" HC="7.35" NOx="30.05" PMx="1.64" fuel="27.82" electricity="0.00" noise="123.40" route="routetop" type="cfm-fast" waiting="0.00" lane="top_0" pos="7.61" speed="17.43" angle="260.70" x="47.34" y="130.30"/>
        <vehicle id="cfm-fast_1" eclass="HBEFA3/PC_G_EU4" CO2="64715.85" CO="1261.96" HC="7.35" NOx="30.05" PMx="1.64" fuel="27.82" electricity="0.00" noise="123.40" route="routetop" type="cfm-fast" waiting="0.00" lane="top_1" pos="23.45" speed="17.43" angle="232.28" x="19.79" y="112.03"/>
        <vehicle id="cfm-fast_2" eclass="HBEFA3/PC_G_EU4" CO2="36821.91" CO="692.62" HC="4.06" NOx="16.92" PMx="0.91" fuel="15.83" electricity="0.00" noise="98.72" route="routetop" type="cfm-fast" waiting="0.00" lane="top_0" pos="39.09" speed="16.09" angle="204.18" x="-0.92" y="86.78"/>
        <vehicle id="cfm-fast_3" eclass="HBEFA3/PC_G_EU4" CO2="41253.01" CO="783.21" HC="4.59" NOx="19.01" PMx="1.03" fuel="17.73" electricity="0.00" noise="103.04" route="routetop" type="cfm-fast" waiting="0.00" lane="left_0" pos="4.94" speed="16.24" angle="175.64" x="-4.12" y="52.99"/>
        <vehicle id="cfm-fast_4" eclass="HBEFA3/PC_G_EU4" CO2="64838.17" CO="1264.38" HC="7.36" NOx="30.11" PMx="1.64" fuel="27.87" electricity="0.00" noise="123.42" route="routeleft" type="cfm-fast" waiting="0.00" lane="left_0" pos="20.96" speed="17.47" angle="146.73" x="9.42" y="21.68"/>
        <vehicle id="cfm-fast_5" eclass="HBEFA3/PC_G_EU4" CO2="66309.03" CO="1293.50" HC="7.53" NOx="30.79" PMx="1.68" fuel="28.50" electricity="0.00" noise="123.60" route="routeleft" type="cfm-fast" waiting="0.00" lane="left_1" pos="36.96" speed="17.86" angle="117.97" x="37.63" y="3.77"/>
        <vehicle id="cfm-slow_0" eclass="HBEFA3/PC_G_EU4" CO2="25008.13" CO="459.26" HC="2.71" NOx="11.39" PMx="0.60" fuel="10.75" electricity="0.00" noise="88.95" route="routebottom" type="cfm-slow" waiting="0.00" lane="bottom_0" pos="11.61" speed="14.13" angle="73.54" x="88.19" y="-0.41"/>
        <vehicle id="cfm-slow_1" eclass="HBEFA3/PC_G_EU4" CO2="25015.47" CO="459.41" HC="2.71" NOx="11.40" PMx="0.60" fuel="10.75" electricity="0.00" noise="88.96" route="routebottom" type="cfm-slow" waiting="0.00" lane="bottom_0" pos="27.44" speed="14.13" angle="45.11" x="115.74" y="19.02"/>
        <vehicle id="cfm-slow_2" eclass="HBEFA3/PC_G_EU4" CO2="25071.54" CO="460.55" HC="2.71" NOx="11.42" PMx="0.60" fuel="10.78" electricity="0.00" noise="89.02" route="routebottom" type="cfm-slow" waiting="0.00" lane="bottom_0" pos="43.28" speed="14.13" angle="16.65" x="130.73" y="49.22"/>
        <vehicle id="cfm-slow_3" eclass="HBEFA3/PC_G_EU4" CO2="25426.71" CO="467.76" HC="2.76" NOx="11.59" PMx="0.61" fuel="10.93" electricity="0.00" noise="89.41" route="routebottom" type="cfm-slow" waiting="0.00" lane="right_0" pos="9.11" speed="14.15" angle="348.04" x="129.46" y="83.10"/>
        <vehicle id="cfm-slow_4" eclass="HBEFA3/PC_G_EU4" CO2="27281.42" CO="505.27" HC="2.97" NOx="12.46" PMx="0.66" fuel="11.73" electricity="0.00" noise="91.42" route="routeright" type="cfm-slow" waiting="0.00" lane="right_0" pos="24.97" speed="14.27" angle="319.54" x="112.21" y="112.12"/>
        <vehicle id="cfm-slow_5" eclass="HBEFA3/PC_G_EU4" CO2="35379.11" CO="668.66" HC="3.92" NOx="16.27" PMx="0.87" fuel="15.21" electricity="0.00" noise="99.61" route="routeright" type="cfm-slow" waiting="0.00" lane="right_0" pos="40.96" speed="14.87" angle="290.78" x="82.95" y="129.51"/>
    </timestep>
    <timestep time="1.32">
        <vehicle id="cfm-fast_0" eclass="HBEFA3/PC_G_EU4" CO2="65220.33" CO="1271.93" HC="7.41" NOx="30.29" PMx="1.65" fuel="28.03" electricity="0.00" noise="123.47" route="routetop" type="cfm-fast" waiting="0.00" lane="top_0" pos="7.79" speed="17.57" angle="260.40" x="46.98" y="130.21"/>
        <vehicle id="cfm-fast_1" eclass="HBEFA3/PC_G_EU4" CO2="65220.34" CO="1271.93" HC="7.41" NOx="30.29" PMx="1.65" fuel="28.03" electricity="0.00" noise="123.47" route="routetop" type="cfm-fast" waiting="0.00" lane="top_1" pos="23.62" speed="17.57" angle="231.95" x="19.53" y="111.79"/>
        <vehicle id="cfm-fast_2" eclass="HBEFA3/PC_G_EU4" CO2="36734.34" CO="690.47" HC="4.05" NOx="16.88" PMx="0.91" fuel="15.79" electricity="0.00" noise="98.48" route="routetop" type="cfm-fast" waiting="0.00" lane="top_0" pos="39.25" speed="16.17" angle="203.88" x="-1.04" y="86.45"/>
        <vehicle id="cfm-fast_3" eclass="HBEFA3/PC_G_EU4" CO2="41349.48" CO="784.83" HC="4.60" NOx="19.05" PMx="1.03" fuel="17.77" electricity="0.00" noise="102.95" route="routetop" type="cfm-fast" waiting="0.00" lane="left_0" pos="5.10" speed="16.33" angle="175.31" x="-4.07" y="52.64"/>
        <vehicle id="cfm-fast_4" eclass="HBEFA3/PC_G_EU4" CO2="65342.73" CO="1274.35" HC="7.42" NOx="30.34" PMx="1.65" fuel="28.09" electricity="0.00" noise="123.48" route="routeleft" type="cfm-fast" waiting="0.00" lane="left_0" pos="21.14" speed="17.60" angle="146.41" x="9.65" y="21.38"/>
        <vehicle id="cfm-fast_5" eclass="HBEFA3/PC_G_EU4" CO2="66814.44" CO="1303.54" HC="7.59" NOx="31.03" PMx="1.69" fuel="28.72" electricity="0.00" noise="123.67" route="routeleft" type="cfm-fast" waiting="0.00" lane="left_1" pos="37.14" speed="18.00" angle="117.67" x="37.97" y="3.62"/>
        <vehicle id="cfm-slow_0" eclass="HBEFA3/PC_G_EU4" CO2="24904.71" CO="456.78" HC="2.69" NOx="11.34" PMx="0.60" fuel="10.71" electricity="0.00" noise="88.73" route="routebottom" type="cfm-slow" waiting="0.00" lane="bottom_0" pos="11.75" speed="14.19" angle="73.29" x="88.47" y="-0.30"/>
        <vehicle id="cfm-slow_1" eclass="HBEFA3/PC_G_EU4" CO2="24912.52" CO="456.94" HC="2.69" NOx="11.35" PMx="0.60" fuel="10.71" electricity="0.00" noise="88.74" route="routebottom" type="cfm-slow" waiting="0.00" lane="bottom_0" pos="27.59" speed="14.19" angle="44.84" x="115.94" y="19.25"/>
        <vehicle id="cfm-slow_2" eclass="HBEFA3/PC_G_EU4" CO2="24971.58" CO="458.14" HC="2.70" NOx="11.38" PMx="0.60" fuel="10.73" electricity="0.00" noise="88.81" route="routebottom" type="cfm-slow" waiting="0.00" lane="bottom_0" pos="43.42" speed="14.20" angle="16.40" x="130.79" y="49.52"/>
        <vehicle id="cfm-slow_3" eclass="HBEFA3/PC_G_EU4" CO2="25341.82" CO="465.65" HC="2.74" NOx="11.55" PMx="0.61" fuel="10.89" electricity="0.00" noise="89.22" route="routebottom" type="cfm-slow" waiting="0.00" lane="right_0" pos="9.26" speed="14.21" angle="347.78" x="129.37" y="83.39"/>
        <vehicle id="cfm-slow_4" eclass="HBEFA3/PC_G_EU4" CO2="27258.19" CO="504.41" HC="2.97" NOx="12.45" PMx="0.66" fuel="11.72" electricity="0.00" noise="91.28" route="routeright" type="cfm-slow" waiting="0.00" lane="right_0" pos="25.12" speed="14.34" angle="319.27" x="111.99" y="112.34"/>
        <vehicle id="cfm-slow_5" eclass="HBEFA3/PC_G_EU4" CO2="35547.67" CO="671.68" HC="3.94" NOx="16.35" PMx="0.88" fuel="15.28" electricity="0.00" noise="99.62" route="routeright" type="cfm-slow" waiting="0.00" lane="right_0" pos="41.11" speed="14.96" angle="290.55" x="82.64" y="129.60"/>
    </timestep>
    <timestep time="1.33">
        <vehicle id="cfm-fast_0" eclass="HBEFA3/PC_G_EU4" CO2="65725.11" CO="1281.92" HC="7.47" NOx="30.52" PMx="1.66" fuel="28.25" electricity="0.00" noise="123.53" route="routetop" type="cfm-fast" waiting="0.00" lane="top_0" pos="7.97" speed="17.71" angle="260.08" x="46.61" y="130.11"/>
        <vehicle id="cfm-fast_1" eclass="HBEFA3/PC_G_EU4" CO2="65725.12" CO="1281.92" HC="7.47" NOx="30.52" PMx="1.66" fuel="28.25" electricity="0.00" noise="123.53" route="routetop" type="cfm-fast" waiting="0.00" lane="top_1" pos="23.80" speed="17.71" angle="231.63" x="19.26" y="111.54"/>
        <vehicle id="cfm-fast_2" eclass="HBEFA3/PC_G_EU4" CO2="36646.89" CO="688.34" HC="4.04" NOx="16.83" PMx="0.91" fuel="15.75" electricity="0.00" noise="98.24" route="routetop" type="cfm-fast" waiting="0.00" lane="top_0" pos="39.41" speed="16.25" angle="203.58" x="-1.16" y="86.12"/>
        <vehicle id="cfm-fast_3" eclass="HBEFA3/PC_G_EU4" CO2="41448.03" CO="786.49" HC="4.61" NOx="19.10" PMx="1.03" fuel="17.82" electricity="0.00" noise="102.86" route="routetop" type="cfm-fast" waiting="0.00" lane="left_0" pos="5.26" speed="16.42" angle="175.01" x="-4.00" y="52.30"/>
        <vehicle id="cfm-fast_4" eclass="HBEFA3/PC_G_EU4" CO2="65847.58" CO="1284.35" HC="7.48" NOx="30.58" PMx="1.67" fuel="28.30" electricity="0.00" noise="123.54" route="routeleft" type="cfm-fast" waiting="0.00" lane="left_0" pos="21.31" speed="17.74" angle="146.08" x="9.89" y="21.08"/>
        <vehicle id="cfm-fast_5" eclass="HBEFA3/PC_G_EU4" CO2="67320.14" CO="1313.60" HC="7.65" NOx="31.26" PMx="1.71" fuel="28.94" electricity="0.00" noise="123.73" route="routeleft" type="cfm-fast" waiting="0.00" lane="left_1" pos="37.32" speed="18.14" angle="117.36" x="38.31" y="3.47"/>
        <vehicle id="cfm-slow_0" eclass="HBEFA3/PC_G_EU4" CO2="24800.53" CO="454.29" HC="2.68" NOx="11.29" PMx="0.60" fuel="10.66" electricity="0.00" noise="88.52" route="routebottom" type="cfm-slow" waiting="0.00" lane="bottom_0" pos="11.90" speed="14.25" angle="73.04" x="88.76" y="-0.18"/>
        <vehicle id="cfm-slow_1" eclass="HBEFA3/PC_G_EU4" CO2="24808.85" CO="454.45" HC="2.68" NOx="11.30" PMx="0.60" fuel="10.66" electricity="0.00" noise="88.52" route="routebottom" type="cfm-slow" waiting="0.00" lane="bottom_0" pos="27.73" speed="14.25" angle="44.57" x="116.14" y="19.48"/>
        <vehicle id="cfm-slow_2" eclass="HBEFA3/PC_G_EU4" CO2="24871.01" CO="455.72" HC="2.69" NOx="11.33" PMx="0.60" fuel="10.69" electricity="0.00" noise="88.59" route="routebottom" type="cfm-slow" waiting="0.00" lane="bottom_0" pos="43.56" speed="14.26" angle="16.17" x="130.86" y="49.82"/>
        <vehicle id="cfm-slow_3" eclass="HBEFA3/PC_G_EU4" CO2="25256.79" CO="463.55" HC="2.73" NOx="11.51" PMx="0.61" fuel="10.86" electricity="0.00" noise="89.02" route="routebottom" type="cfm-slow" waiting="0.00" lane="right_0" pos="9.40" speed="14.28" angle="347.53" x="129.28" y="83.69"/>
        <vehicle id="cfm-slow_4" eclass="HBEFA3/PC_G_EU4" CO2="27236.03" CO="503.58" HC="2.96" NOx="12.44" PMx="0.66" fuel="11.71" electricity="0.00" noise="91.14" route="routeright" type="cfm-slow" waiting="0.00" lane="right_0" pos="25.26" speed="14.40" angle="319.00" x="111.77" y="112.56"/>
        <vehicle id="cfm-slow_5" eclass="HBEFA3/PC_G_EU4" CO2="35718.23" CO="674.76" HC="3.95" NOx="16.43" PMx="0.88" fuel="15.35" electricity="0.00" noise="99.63" route="routeright" type="cfm-slow" waiting="0.00" lane="right_0" pos="41.26" speed="15.04" angle="290.28" x="82.33" y="129.68"/>
    </timestep>
    <timestep time="1.34">
        <vehicle id="cfm-fast_0" eclass="HBEFA3/PC_G_EU4" CO2="66230.18" CO="1291.94" HC="7.52" NOx="30.76" PMx="1.68" fuel="28.47" electricity="0.00" noise="123.59" route="routetop" type="cfm-fast" waiting="0.00" lane="top_0" pos="8.15" speed="17.84" angle="259.75" x="46.24" y="130.01"/>
        <vehicle id="cfm-fast_1" eclass="HBEFA3/PC_G_EU4" CO2="66230.19" CO="1291.94" HC="7.52" NOx="30.76" PMx="1.68" fuel="28.47" electricity="0.00" noise="123.59" route="routetop" type="cfm-fast" waiting="0.00" lane="top_1" pos="23.98" speed="17.84" angle="231.30" x="18.99" y="111.29"/>
        <vehicle id="cfm-fast_2" eclass="HBEFA3/PC_G_EU4" CO2="36559.65" CO="686.22" HC="4.03" NOx="16.79" PMx="0.90" fuel="15.72" electricity="0.00" noise="98.00" route="routetop" type="cfm-fast" waiting="0.00" lane="top_0" pos="39.57" speed="16.33" angle="203.28" x="-1.28" y="85.79"/>
        <vehicle id="cfm-fast_3" eclass="HBEFA3/PC_G_EU4" CO2="41548.70" CO="788.21" HC="4.62" NOx="19.14" PMx="1.03" fuel="17.86" electricity="0.00" noise="102.77" route="routetop" type="cfm-fast" waiting="0.00" lane="left_0" pos="5.43" speed="16.51" angle="174.71" x="-3.94" y="51.95"/>
        <vehicle id="cfm-fast_4" eclass="HBEFA3/PC_G_EU4" CO2="66352.72" CO="1294.37" HC="7.54" NOx="30.81" PMx="1.68" fuel="28.52" electricity="0.00" noise="123.61" route="routeleft" type="cfm-fast" waiting="0.00" lane="left_0" pos="21.49" speed="17.88" angle="145.76" x="10.12" y="20.77"/>
        <vehicle id="cfm-fast_5" eclass="HBEFA3/PC_G_EU4" CO2="67826.13" CO="1323.68" HC="7.71" NOx="31.50" PMx="1.72" fuel="29.15" electricity="0.00" noise="123.79" route="routeleft" type="cfm-fast" waiting="0.00" lane="left_1" pos="37.50" speed="18.27" angle="117.01" x="38.66" y="3.34"/>
        <vehicle id="cfm-slow_0" eclass="HBEFA3/PC_G_EU4" CO2="24695.65" CO="451.78" HC="2.66" NOx="11.24" PMx="0.59" fuel="10.62" electricity="0.00" noise="88.30" route="routebottom" type="cfm-slow" waiting="0.00" lane="bottom_0" pos="12.04" speed="14.31" angle="72.78" x="89.04" y="-0.07"/>
        <vehicle id="cfm-slow_1" eclass="HBEFA3/PC_G_EU4" CO2="24704.50" CO="451.96" HC="2.67" NOx="11.25" PMx="0.60" fuel="10.62" electricity="0.00" noise="88.31" route="routebottom" type="cfm-slow" waiting="0.00" lane="bottom_0" pos="27.87" speed="14.31" angle="44.31" x="116.34" y="19.72"/>
        <vehicle id="cfm-slow_2" eclass="HBEFA3/PC_G_EU4" CO2="24769.88" CO="453.29" HC="2.67" NOx="11.28" PMx="0.60" fuel="10.65" electricity="0.00" noise="88.38" route="routebottom" type="cfm-slow" waiting="0.00" lane="bottom_0" pos="43.71" speed="14.32" angle="15.93" x="130.92" y="50.12"/>
        <vehicle id="cfm-slow_3" eclass="HBEFA3/PC_G_EU4" CO2="25171.66" CO="461.44" HC="2.72" NOx="11.47" PMx="0.61" fuel="10.82" electricity="0.00" noise="88.82" route="routebottom" type="cfm-slow" waiting="0.00" lane="right_0" pos="9.54" speed="14.34" angle="347.27" x="129.19" y="83.98"/>
        <vehicle id="cfm-slow_4" eclass="HBEFA3/PC_G_EU4" CO2="27214.96" CO="502.78" HC="2.96" NOx="12.43" PMx="0.66" fuel="11.70" electricity="0.00" noise="91.01" route="routeright" type="cfm-slow" waiting="0.00" lane="right_0" pos="25.40" speed="14.47" angle="318.74" x="111.55" y="112.78"/>
        <vehicle id="cfm-slow_5" eclass="HBEFA3/PC_G_EU4" CO2="35890.78" CO="677.88" HC="3.97" NOx="16.51" PMx="0.89" fuel="15.43" electricity="0.00" noise="99.64" route="routeright" type="cfm-slow" waiting="0.00" lane="right_0" pos="41.41" speed="15.13" angle="290.00" x="82.01" y="129.76"/>
    </timestep>
    <timestep time="1.35">
        <vehicle id="cfm-fast_0" eclass="HBEFA3/PC_G_EU4" CO2="66735.54" CO="1301.97" HC="7.58" NOx="30.99" PMx="1.69" fuel="28.69" electricity="0.00" noise="123.66" route="routetop" type="cfm-fast" waiting="0.00" lane="top_0" pos="8.33" speed="17.98" angle="259.42" x="45.87" y="129.91"/>
        <vehicle id="cfm-fast_1" eclass="HBEFA3/PC_G_EU4" CO2="66735.55" CO="1301.97" HC="7.58" NOx="30.99" PMx="1.69" fuel="28.69" electricity="0.00" noise="123.66" route="routetop" type="cfm-fast" waiting="0.00" lane="top_1" pos="24.16" speed="17.98" angle="230.97" x="18.72" y="111.04"/>
        <vehicle id="cfm-fast_2" eclass="HBEFA3/PC_G_EU4" CO2="36472.70" CO="684.11" HC="4.02" NOx="16.75" PMx="0.90" fuel="15.68" electricity="0.00" noise="97.77" route="routetop" type="cfm-fast" waiting="0.00" lane="top_0" pos="39.74" speed="16.41" angle="203.03" x="-1.40" y="85.46"/>
        <vehicle id="cfm-fast_3" eclass="HBEFA3/PC_G_EU4" CO2="41651.53" CO="789.98" HC="4.63" NOx="19.19" PMx="1.04" fuel="17.90" electricity="0.00" noise="102.69" route="routetop" type="cfm-fast" waiting="0.00" lane="left_0" pos="5.59" speed="16.60" angle="174.41" x="-3.87" y="51.60"/>
        <vehicle id="cfm-fast_4" eclass="HBEFA3/PC_G_EU4" CO2="66858.15" CO="1304.41" HC="7.60" NOx="31.05" PMx="1.69" fuel="28.74" electricity="0.00" noise="123.67" route="routeleft" type="cfm-fast" waiting="0.00" lane="left_0" pos="21.67" speed="18.01" angle="145.43" x="10.36" y="20.47"/>
        <vehicle id="cfm-fast_5" eclass="HBEFA3/PC_G_EU4" CO2="68332.42" CO="1333.79" HC="7.77" NOx="31.73" PMx="1.73" fuel="29.37" electricity="0.00" noise="123.86" route="routeleft" type="cfm-fast" waiting="0.00" lane="left_1" pos="37.68" speed="18.41" angle="116.67" x="39.01" y="3.20"/>
        <vehicle id="cfm-slow_0" eclass="HBEFA3/PC_G_EU4" CO2="24590.09" CO="449.27" HC="2.65" NOx="11.19" PMx="0.59" fuel="10.57" electricity="0.00" noise="88.09" route="routebottom" type="cfm-slow" waiting="0.00" lane="bottom_0" pos="12.18" speed="14.37" angle="72.53" x="89.33" y="0.05"/>
        <vehicle id="cfm-slow_1" eclass="HBEFA3/PC_G_EU4" CO2="24599.50" CO="449.46" HC="2.65" NOx="11.20" PMx="0.59" fuel="10.57" electricity="0.00" noise="88.10" route="routebottom" type="cfm-slow" waiting="0.00" lane="bottom_0" pos="28.02" speed="14.37" angle="44.04" x="116.54" y="19.96"/>
        <vehicle id="cfm-slow_2" eclass="HBEFA3/PC_G_EU4" CO2="24668.23" CO="450.86" HC="2.66" NOx="11.23" PMx="0.59" fuel="10.60" electricity="0.00" noise="88.18" route="routebottom" type="cfm-slow" waiting="0.00" lane="bottom_0" pos="43.85" speed="14.38" angle="15.65" x="130.98" y="50.42"/>
        <vehicle id="cfm-slow_3" eclass="HBEFA3/PC_G_EU4" CO2="25086.48" CO="459.35" HC="2.71" NOx="11.43" PMx="0.60" fuel="10.78" electricity="0.00" noise="88.63" route="routebottom" type="cfm-slow" waiting="0.00" lane="right_0" pos="9.69" speed="14.40" angle="347.01" x="129.10" y="84.28"/>
        <vehicle id="cfm-slow_4" eclass="HBEFA3/PC_G_EU4" CO2="27195.04" CO="502.00" HC="2.96" NOx="12.42" PMx="0.66" fuel="11.69" electricity="0.00" noise="90.88" route="routeright" type="cfm-slow" waiting="0.00" lane="right_0" pos="25.55" speed="14.53" angle="318.49" x="111.33" y="113.00"/>
        <vehicle id="cfm-slow_5" eclass="HBEFA3/PC_G_EU4" CO2="36065.35" CO="681.05" HC="3.99" NOx="16.59" PMx="0.89" fuel="15.50" electricity="0.00" noise="99.66" route="routeright" type="cfm-slow" waiting="0.00" lane="right_0" pos="41.56" speed="15.21" angle="289.73" x="81.70" y="129.85"/>
    </timestep>
    <timestep time="1.36">
        <vehicle id="cfm-fast_0" eclass="HBEFA3/PC_G_EU4" CO2="67241.20" CO="1312.03" HC="7.64" NOx="31.23" PMx="1.70" fuel="28.90" electricity="0.00" noise="123.72" route="routetop" type="cfm-fast" waiting="0.00" lane="top_0" pos="8.51" speed="18.12" angle="259.09" x="45.49" y="129.81"/>
        <vehicle id="cfm-fast_1" eclass="HBEFA3/PC_G_EU4" CO2="67241.21" CO="1312.03" HC="7.64" NOx="31.23" PMx="1.70" fuel="28.90" electricity="0.00" noise="123.72" route="routetop" type="cfm-fast" waiting="0.00" lane="top_1" pos="24.34" speed="18.12" angle="230.69" x="18.45" y="110.79"/>
        <vehicle id="cfm-fast_2" eclass="HBEFA3/PC_G_EU4" CO2="36386.13" CO="682.02" HC="4.00" NOx="16.71" PMx="0.90" fuel="15.64" electricity="0.00" noise="97.54" route="routetop" type="cfm-fast" waiting="0.00" lane="top_0" pos="39.90" speed="16.49" angle="202.74" x="-1.51" y="85.12"/>
        <vehicle id="cfm-fast_3" eclass="HBEFA3/PC_G_EU4" CO2="41756.54" CO="791.81" HC="4.64" NOx="19.23" PMx="1.04" fuel="17.95" electricity="0.00" noise="102.61" route="routetop" type="cfm-fast" waiting="0.00" lane="left_0" pos="5.76" speed="16.69" angle="174.11" x="-3.81" y="51.24"/>
        <vehicle id="cfm-fast_4" eclass="HBEFA3/PC_G_EU4" CO2="67363.87" CO="1314.47" HC="7.65" NOx="31.28" PMx="1.71" fuel="28.96" electricity="0.00" noise="123.73" route="routeleft" type="cfm-fast" waiting="0.00" lane="left_0" pos="21.85" speed="18.15" angle="145.15" x="10.61" y="20.16"/>
        <vehicle id="cfm-fast_5" eclass="HBEFA3/PC_G_EU4" CO2="68838.99" CO="1343.91" HC="7.83" NOx="31.97" PMx="1.75" fuel="29.59" electricity="0.00" noise="123.92" route="routeleft" type="cfm-fast" waiting="0.00" lane="left_1" pos="37.87" speed="18.55" angle="116.32" x="39.36" y="3.06"/>
        <vehicle id="cfm-slow_0" eclass="HBEFA3/PC_G_EU4" CO2="24483.89" CO="446.75" HC="2.64" NOx="11.14" PMx="0.59" fuel="10.52" electricity="0.00" noise="87.88" route="routebottom" type="cfm-slow" waiting="0.00" lane="bottom_0" pos="12.33" speed="14.43" angle="72.27" x="89.62" y="0.16"/>
        <vehicle id="cfm-slow_1" eclass="HBEFA3/PC_G_EU4" CO2="24493.88" CO="446.96" HC="2.64" NOx="11.14" PMx="0.59" fuel="10.53" electricity="0.00" noise="87.89" route="routebottom" type="cfm-slow" waiting="0.00" lane="bottom_0" pos="28.16" speed="14.43" angle="43.80" x="116.74" y="20.19"/>
        <vehicle id="cfm-slow_2" eclass="HBEFA3/PC_G_EU4" CO2="24566.10" CO="448.43" HC="2.65" NOx="11.18" PMx="0.59" fuel="10.56" electricity="0.00" noise="87.97" route="routebottom" type="cfm-slow" waiting="0.00" lane="bottom_0" pos="43.99" speed="14.43" angle="15.38" x="131.03" y="50.73"/>
        <vehicle id="cfm-slow_3" eclass="HBEFA3/PC_G_EU4" CO2="25001.31" CO="457.26" HC="2.70" NOx="11.38" PMx="0.60" fuel="10.75" electricity="0.00" noise="88.44" route="routebottom" type="cfm-slow" waiting="0.00" lane="right_0" pos="9.83" speed="14.46" angle="346.75" x="129.00" y="84.57"/>
        <vehicle id="cfm-slow_4" eclass="HBEFA3/PC_G_EU4" CO2="27176.31" CO="501.26" HC="2.95" NOx="12.41" PMx="0.66" fuel="11.68" electricity="0.00" noise="90.75" route="routeright" type="cfm-slow" waiting="0.00" lane="right_0" pos="25.70" speed="14.60" angle="318.26" x="111.10" y="113.22"/>
        <vehicle id="cfm-slow_5" eclass="HBEFA3/PC_G_EU4" CO2="36241.95" CO="684.27" HC="4.01" NOx="16.67" PMx="0.90" fuel="15.58" electricity="0.00" noise="99.67" route="routeright" type="cfm-slow" waiting="0.00" lane="right_0" pos="41.72" speed="15.30" angle="289.45" x="81.38" y="129.93"/>
    </timestep>
    <timestep time="1.37">
        <vehicle id="cfm-fast_0" eclass="HBEFA3/PC_G_EU4" CO2="67747.14" CO="1322.11" HC="7.70" NOx="31.46" PMx="1.72" fuel="29.12" electricity="0.00" noise="123.78" route="routetop" type="cfm-fast" waiting="0.00" lane="top_0" pos="8.69" speed="18.25" angle="258.76" x="45.11" y="129.71"/>
        <vehicle id="cfm-fast_1" eclass="HBEFA3/PC_G_EU4" CO2="67747.15" CO="1322.11" HC="7.70" NOx="31.46" PMx="1.72" fuel="29.12" electricity="0.00" noise="123.78" route="routetop" type="cfm-fast" waiting="0.00" lane="top_1" pos="24.52" speed="18.25" angle="230.37" x="18.18" y="110.52"/>
        <vehicle id="cfm-fast_2" eclass="HBEFA3/PC_G_EU4" CO2="36300.01" CO="679.95" HC="3.99" NOx="16.66" PMx="0.90" fuel="15.60" electricity="0.00" noise="97.32" route="routetop" type="cfm-fast" waiting="0.00" lane="top_0" pos="40.07" speed="16.56" angle="202.43" x="-1.61" y="84.78"/>
        <vehicle id="cfm-fast_3" eclass="HBEFA3/PC_G_EU4" CO2="41863.76" CO="793.68" HC="4.65" NOx="19.28" PMx="1.04" fuel="18.00" electricity="0.00" noise="102.54" route="routetop" type="cfm-fast" waiting="0.00" lane="left_0" pos="5.93" speed="16.78" angle="173.80" x="-3.74" y="50.89"/>
        <vehicle id="cfm-fast_4" eclass="HBEFA3/PC_G_EU4" CO2="67869.89" CO="1324.55" HC="7.71" NOx="31.52" PMx="1.72" fuel="29.17" electricity="0.00" noise="123.80" route="routeleft" type="cfm-fast" waiting="0.00" lane="left_0" pos="22.04" speed="18.28" angle="144.80" x="10.86" y="19.87"/>
        <vehicle id="cfm-fast_5" eclass="HBEFA3/PC_G_EU4" CO2="69345.86" CO="1354.06" HC="7.88" NOx="32.21" PMx="1.76" fuel="29.81" electricity="0.00" noise="123.98" route="routeleft" type="cfm-fast" waiting="0.00" lane="left_1" pos="38.06" speed="18.68" angle="115.97" x="39.72" y="2.91"/>
        <vehicle id="cfm-slow_0" eclass="HBEFA3/PC_G_EU4" CO2="24377.10" CO="444.23" HC="2.62" NOx="11.09" PMx="0.59" fuel="10.48" electricity="0.00" noise="87.67" route="routebottom" type="cfm-slow" waiting="0.00" lane="bottom_0" pos="12.47" speed="14.49" angle="72.01" x="89.91" y="0.28"/>
        <vehicle id="cfm-slow_1" eclass="HBEFA3/PC_G_EU4" CO2="24387.70" CO="444.45" HC="2.62" NOx="11.09" PMx="0.59" fuel="10.48" electricity="0.00" noise="87.68" route="routebottom" type="cfm-slow" waiting="0.00" lane="bottom_0" pos="28.31" speed="14.49" angle="43.56" x="116.93" y="20.44"/>
        <vehicle id="cfm-slow_2" eclass="HBEFA3/PC_G_EU4" CO2="24463.53" CO="445.99" HC="2.63" NOx="11.13" PMx="0.59" fuel="10.52" electricity="0.00" noise="87.77" route="routebottom" type="cfm-slow" waiting="0.00" lane="bottom_0" pos="44.14" speed="14.49" angle="15.11" x="131.09" y="51.03"/>
        <vehicle id="cfm-slow_3" eclass="HBEFA3/PC_G_EU4" CO2="24916.18" CO="455.17" HC="2.69" NOx="11.34" PMx="0.60" fuel="10.71" electricity="0.00" noise="88.26" route="routebottom" type="cfm-slow" waiting="0.00" lane="right_0" pos="9.98" speed="14.52" angle="346.49" x="128.91" y="84.87"/>
        <vehicle id="cfm-slow_4" eclass="HBEFA3/PC_G_EU4" CO2="27158.79" CO="500.54" HC="2.95" NOx="12.40" PMx="0.66" fuel="11.67" electricity="0.00" noise="90.63" route="routeright" type="cfm-slow" waiting="0.00" lane="right_0" pos="25.84" speed="14.66" angle="317.99" x="110.87" y="113.43"/>
        <vehicle id="cfm-slow_5" eclass="HBEFA3/PC_G_EU4" CO2="36420.59" CO="687.54" HC="4.03" NOx="16.75" PMx="0.90" fuel="15.66" electricity="0.00" noise="99.69" route="routeright" type="cfm-slow" waiting="0.00" lane="right_0" pos="41.87" speed="15.38" angle="289.17" x="81.06" y="130.02"/>
    </timestep>
    <timestep time="1.38">
        <vehicle id="cfm-fast_0" eclass="HBEFA3/PC_G_EU4" CO2="68253.38" CO="1332.21" HC="7.76" NOx="31.70" PMx="1.73" fuel="29.34" electricity="0.00" noise="123.85" route="routetop" type="cfm-fast" waiting="0.00" lane="top_0" pos="8.87" speed="18.39" angle="258.45" x="44.73" y="129.61"/>
        <vehicle id="cfm-fast_1" eclass="HBEFA3/PC_G_EU4" CO2="68253.39" CO="1332.21" HC="7.76" NOx="31.70" PMx="1.73" fuel="29.34" electricity="0.00" noise="123.85" route="routetop" type="cfm-fast" waiting="0.00" lane="top_1" pos="24.71" speed="18.39" angle="230.04" x="17.92" y="110.26"/>
        <vehicle id="cfm-fast_2" eclass="HBEFA3/PC_G_EU4" CO2="36214.43" CO="677.89" HC="3.98" NOx="16.62" PMx="0.89" fuel="15.57" electricity="0.00" noise="97.10" route="routetop" type="cfm-fast" waiting="0.00" lane="top_0" pos="40.23" speed="16.64" angle="202.12" x="-1.72" y="84.44"/>
        <vehicle id="cfm-fast_3" eclass="HBEFA3/PC_G_EU4" CO2="41973.23" CO="795.61" HC="4.66" NOx="19.33" PMx="1.04" fuel="18.04" electricity="0.00" noise="102.47" route="routetop" type="cfm-fast" waiting="0.00" lane="left_0" pos="6.10" speed="16.87" angle="173.49" x="-3.68" y="50.53"/>
        <vehicle id="cfm-fast_4" eclass="HBEFA3/PC_G_EU4" CO2="68376.20" CO="1334.66" HC="7.77" NOx="31.75" PMx="1.73" fuel="29.39" electricity="0.00" noise="123.86" route="routeleft" type="cfm-fast" waiting="0.00" lane="left_0" pos="22.22" speed="18.42" angle="144.46" x="11.12" y="19.56"/>
        <vehicle id="cfm-fast_5" eclass="HBEFA3/PC_G_EU4" CO2="69853.02" CO="1364.22" HC="7.94" NOx="32.44" PMx="1.77" fuel="30.03" electricity="0.00" noise="124.05" route="routeleft" type="cfm-fast" waiting="0.00" lane="left_1" pos="38.25" speed="18.82" angle="115.62" x="40.08" y="2.77"/>
        <vehicle id="cfm-slow_0" eclass="HBEFA3/PC_G_EU4" CO2="24269.73" CO="441.70" HC="2.61" NOx="11.04" PMx="0.58" fuel="10.43" electricity="0.00" noise="87.47" route="routebottom" type="cfm-slow" waiting="0.00" lane="bottom_0" pos="12.62" speed="14.55" angle="71.75" x="90.20" y="0.39"/>
        <vehicle id="cfm-slow_1" eclass="HBEFA3/PC_G_EU4" CO2="24280.97" CO="441.93" HC="2.61" NOx="11.04" PMx="0.58" fuel="10.44" electricity="0.00" noise="87.48" route="routebottom" type="cfm-slow" waiting="0.00" lane="bottom_0" pos="28.45" speed="14.55" angle="43.29" x="117.12" y="20.68"/>
        <vehicle id="cfm-slow_2" eclass="HBEFA3/PC_G_EU4" CO2="24360.56" CO="443.55" HC="2.62" NOx="11.08" PMx="0.59" fuel="10.47" electricity="0.00" noise="87.57" route="routebottom" type="cfm-slow" waiting="0.00" lane="bottom_0" pos="44.28" speed="14.55" angle="14.83" x="131.15" y="51.34"/>
        <vehicle id="cfm-slow_3" eclass="HBEFA3/PC_G_EU4" CO2="24831.14" CO="453.10" HC="2.67" NOx="11.30" PMx="0.60" fuel="10.67" electricity="0.00" noise="88.07" route="routebottom" type="cfm-slow" waiting="0.00" lane="right_0" pos="10.12" speed="14.58" angle="346.24" x="128.82" y="85.17"/>
        <vehicle id="cfm-slow_4" eclass="HBEFA3/PC_G_EU4" CO2="27142.53" CO="499.86" HC="2.94" NOx="12.39" PMx="0.66" fuel="11.67" electricity="0.00" noise="90.50" route="routeright" type="cfm-slow" waiting="0.00" lane="right_0" pos="25.99" speed="14.73" angle="317.72" x="110.64" y="113.65"/>
        <vehicle id="cfm-slow_5" eclass="HBEFA3/PC_G_EU4" CO2="36601.27" CO="690.85" HC="4.05" NOx="16.83" PMx="0.90" fuel="15.73" electricity="0.00" noise="99.72" route="routeright" type="cfm-slow" waiting="0.00" lane="right_0" pos="42.02" speed="15.47" angle="288.89" x="80.74" y="130.11"/>
    </timestep>
    <timestep time="1.39">
        <vehicle id="cfm-fast_0" eclass="HBEFA3/PC_G_EU4" CO2="68759.91" CO="1342.33" HC="7.82" NOx="31.93" PMx="1.74" fuel="29.56" electricity="0.00" noise="123.91" route="routetop" type="cfm-fast" waiting="0.00" lane="top_0" pos="9.06" speed="18.52" angle="258.15" x="44.35" y="129.50"/>
        <vehicle id="cfm-fast_1" eclass="HBEFA3/PC_G_EU4" CO2="68759.92" CO="1342.33" HC="7.82" NOx="31.93" PMx="1.74" fuel="29.56" electricity="0.00" noise="123.91" route="routetop" type="cfm-fast" waiting="0.00" lane="top_1" pos="24.89" speed="18.52" angle="229.71" x="17.65" y="109.99"/>
        <vehicle id="cfm-fast_2" eclass="HBEFA3/PC_G_EU4" CO2="36129.45" CO="675.85" HC="3.97" NOx="16.58" PMx="0.89" fuel="15.53" electricity="0.00" noise="96.88" route="routetop" type="cfm-fast" waiting="0.00" lane="top_0" pos="40.40" speed="16.72" angle="201.80" x="-1.82" y="84.10"/>
        <vehicle id="cfm-fast_3" eclass="HBEFA3/PC_G_EU4" CO2="42084.96" CO="797.60" HC="4.67" NOx="19.38" PMx="1.05" fuel="18.09" electricity="0.00" noise="102.40" route="routetop" type="cfm-fast" waiting="0.00" lane="left_0" pos="6.27" speed="16.96" angle="173.19" x="-3.61" y="50.17"/>
        <vehicle id="cfm-fast_4" eclass="HBEFA3/PC_G_EU4" CO2="68882.80" CO="1344.79" HC="7.83" NOx="31.99" PMx="1.75" fuel="29.61" electricity="0.00" noise="123.93" route="routeleft" type="cfm-fast" waiting="0.00" lane="left_0" pos="22.41" speed="18.56" angle="144.11" x="11.38" y="19.26"/>
        <vehicle id="cfm-fast_5" eclass="HBEFA3/PC_G_EU4" CO2="70360.47" CO="1374.41" HC="8.00" NOx="32.68" PMx="1.79" fuel="30.24" electricity="0.00" noise="124.11" route="routeleft" type="cfm-fast" waiting="0.00" lane="left_1" pos="38.43" speed="18.95" angle="115.30" x="40.44" y="2.63"/>
        <vehicle id="cfm-slow_0" eclass="HBEFA3/PC_G_EU4" CO2="24161.83" CO="439.16" HC="2.59" NOx="10.98" PMx="0.58" fuel="10.39" electricity="0.00" noise="87.26" route="routebottom" type="cfm-slow" waiting="0.00" lane="bottom_0" pos="12.76" speed="14.60" angle="71.53" x="90.49" y="0.51"/>
        <vehicle id="cfm-slow_1" eclass="HBEFA3/PC_G_EU4" CO2="24173.75" CO="439.41" HC="2.60" NOx="10.99" PMx="0.58" fuel="10.39" electricity="0.00" noise="87.28" route="routebottom" type="cfm-slow" waiting="0.00" lane="bottom_0" pos="28.60" speed="14.60" angle="43.02" x="117.32" y="20.93"/>
        <vehicle id="cfm-slow_2" eclass="HBEFA3/PC_G_EU4" CO2="24257.22" CO="441.10" HC="2.61" NOx="11.03" PMx="0.58" fuel="10.43" electricity="0.00" noise="87.37" route="routebottom" type="cfm-slow" waiting="0.00" lane="bottom_0" pos="44.43" speed="14.61" angle="14.55" x="131.20" y="51.65"/>
        <vehicle id="cfm-slow_3" eclass="HBEFA3/PC_G_EU4" CO2="24746.23" CO="451.03" HC="2.66" NOx="11.26" PMx="0.60" fuel="10.64" electricity="0.00" noise="87.89" route="routebottom" type="cfm-slow" waiting="0.00" lane="right_0" pos="10.27" speed="14.63" angle="346.02" x="128.72" y="85.47"/>
        <vehicle id="cfm-slow_4" eclass="HBEFA3/PC_G_EU4" CO2="27127.57" CO="499.21" HC="2.94" NOx="12.38" PMx="0.66" fuel="11.66" electricity="0.00" noise="90.39" route="routeright" type="cfm-slow" waiting="0.00" lane="right_0" pos="26.14" speed="14.79" angle="317.45" x="110.41" y="113.87"/>
        <vehicle id="cfm-slow_5" eclass="HBEFA3/PC_G_EU4" CO2="36784.01" CO="694.22" HC="4.07" NOx="16.92" PMx="0.91" fuel="15.81" electricity="0.00" noise="99.74" route="routeright" type="cfm-slow" waiting="0.00" lane="right_0" pos="42.18" speed="15.55" angle="288.61" x="80.41" y="130.19"/>
    </timestep>
    <timestep time="1.40">
        <vehicle id="cfm-fast_0" eclass="HBEFA3/PC_G_EU4" CO2="69266.73" CO="1352.47" HC="7.88" NOx="32.17" PMx="1.76" fuel="29.77" electricity="0.00" noise="123.97" route="routetop" type="cfm-fast" waiting="0.00" lane="top_0" pos="9.24" speed="18.66" angle="257.81" x="43.96" y="129.38"/>
        <vehicle id="cfm-fast_1" eclass="HBEFA3/PC_G_EU4" CO2="69266.74" CO="1352.47" HC="7.88" NOx="32.17" PMx="1.76" fuel="29.77" electricity="0.00" noise="123.97" route="routetop" type="cfm-fast" waiting="0.00" lane="top_1" pos="25.08" speed="18.66" angle="229.37" x="17.37" y="109.72"/>
        <vehicle id="cfm-fast_2" eclass="HBEFA3/PC_G_EU4" CO2="36045.15" CO="673.84" HC="3.96" NOx="16.54" PMx="0.89" fuel="15.49" electricity="0.00" noise="96.67" route="routetop" type="cfm-fast" waiting="0.00" lane="top_0" pos="40.57" speed="16.79" angle="201.49" x="-1.93" y="83.75"/>
        <vehicle id="cfm-fast_3" eclass="HBEFA3/PC_G_EU4" CO2="42198.99" CO="799.64" HC="4.68" NOx="19.44" PMx="1.05" fuel="18.14" electricity="0.00" noise="102.34" route="routetop" type="cfm-fast" waiting="0.00" lane="left_0" pos="6.44" speed="17.05" angle="172.92" x="-3.54" y="49.81"/>
        <vehicle id="cfm-fast_4" eclass="HBEFA3/PC_G_EU4" CO2="69389.69" CO="1354.93" HC="7.89" NOx="32.23" PMx="1.76" fuel="29.83" electricity="0.00" noise="123.99" route="routeleft" type="cfm-fast" waiting="0.00" lane="left_0" pos="22.59" speed="18.69" angle="143.77" x="11.64" y="18.95"/>
        <vehicle id="cfm-fast_5" eclass="HBEFA3/PC_G_EU4" CO2="70868.21" CO="1384.62" HC="8.06" NOx="32.91" PMx="1.80" fuel="30.46" electricity="0.00" noise="124.17" route="routeleft" type="cfm-fast" waiting="0.00" lane="left_1" pos="38.63" speed="19.09" angle="114.97" x="40.81" y="2.49"/>
        <vehicle id="cfm-slow_0" eclass="HBEFA3/PC_G_EU4" CO2="24053.42" CO="436.62" HC="2.58" NOx="10.93" PMx="0.58" fuel="10.34" electricity="0.00" noise="87.06" route="routebottom" type="cfm-slow" waiting="0.00" lane="bottom_0" pos="12.91" speed="14.66" angle="71.27" x="90.78" y="0.64"/>
        <vehicle id="cfm-slow_1" eclass="HBEFA3/PC_G_EU4" CO2="24066.05" CO="436.88" HC="2.58" NOx="10.94" PMx="0.58" fuel="10.34" electricity="0.00" noise="87.08" route="routebottom" type="cfm-slow" waiting="0.00" lane="bottom_0" pos="28.74" speed="14.66" angle="42.74" x="117.51" y="21.18"/>
        <vehicle id="cfm-slow_2" eclass="HBEFA3/PC_G_EU4" CO2="24153.56" CO="438.66" HC="2.59" NOx="10.98" PMx="0.58" fuel="10.38" electricity="0.00" noise="87.17" route="routebottom" type="cfm-slow" waiting="0.00" lane="bottom_0" pos="44.58" speed="14.66" angle="14.28" x="131.26" y="51.96"/>
        <vehicle id="cfm-slow_3" eclass="HBEFA3/PC_G_EU4" CO2="24661.51" CO="448.97" HC="2.65" NOx="11.22" PMx="0.59" fuel="10.60" electricity="0.00" noise="87.71" route="routebottom" type="cfm-slow" waiting="0.00" lane="right_0" pos="10.42" speed="14.69" angle="345.74" x="128.62" y="85.77"/>
        <vehicle id="cfm-slow_4" eclass="HBEFA3/PC_G_EU4" CO2="27113.94" CO="498.59" HC="2.94" NOx="12.37" PMx="0.66" fuel="11.65" electricity="0.00" noise="90.27" route="routeright" type="cfm-slow" waiting="0.00" lane="right_0" pos="26.29" speed="14.85" angle="317.18" x="110.17" y="114.08"/>
        <vehicle id="cfm-slow_5" eclass="HBEFA3/PC_G_EU4" CO2="36968.82" CO="697.63" HC="4.09" NOx="17.00" PMx="0.91" fuel="15.89" electricity="0.00" noise="99.77" route="routeright" type="cfm-slow" waiting="0.00" lane="right_0" pos="42.34" speed="15.64" angle="288.38" x="80.09" y="130.28"/>
    </timestep>
    <timestep time="1.41">
        <vehicle id="cfm-fast_0" eclass="HBEFA3/PC_G_EU4" CO2="69773.85" CO="1362.64" HC="7.93" NOx="32.40" PMx="1.77" fuel="29.99" electricity="0.00" noise="124.04" route="routetop" type="cfm-fast" waiting="0.00" lane="top_0" pos="9.43" speed="18.80" angle="257.47" x="43.58" y="129.26"/>
        <vehicle id="cfm-fast_1" eclass="HBEFA3/PC_G_EU4" CO2="69773.86" CO="1362.64" HC="7.93" NOx="32.40" PMx="1.77" fuel="29.99" electricity="0.00" noise="124.04" route="routetop" type="cfm-fast" waiting="0.00" lane="top_1" pos="25.27" speed="18.80" angle="229.04" x="17.10" y="109.45"/>
        <vehicle id="cfm-fast_2" eclass="HBEFA3/PC_G_EU4" CO2="35961.61" CO="671.84" HC="3.95" NOx="16.50" PMx="0.89" fuel="15.46" electricity="0.00" noise="96.46" route="routetop" type="cfm-fast" waiting="0.00" lane="top_0" pos="40.74" speed="16.87" angle="201.18" x="-2.04" y="83.40"/>
        <vehicle id="cfm-fast_3" eclass="HBEFA3/PC_G_EU4" CO2="42315.33" CO="801.73" HC="4.70" NOx="19.49" PMx="1.05" fuel="18.19" electricity="0.00" noise="102.28" route="routetop" type="cfm-fast" waiting="0.00" lane="left_0" pos="6.61" speed="17.14" angle="172.59" x="-3.46" y="49.45"/>
        <vehicle id="cfm-fast_4" eclass="HBEFA3/PC_G_EU4" CO2="69896.88" CO="1365.10" HC="7.95" NOx="32.46" PMx="1.77" fuel="30.05" electricity="0.00" noise="124.05" route="routeleft" type="cfm-fast" waiting="0.00" lane="left_0" pos="22.78" speed="18.83" angle="143.41" x="11.90" y="18.64"/>
        <vehicle id="cfm-fast_5" eclass="HBEFA3/PC_G_EU4" CO2="71376.25" CO="1394.86" HC="8.12" NOx="33.15" PMx="1.81" fuel="30.68" electricity="0.00" noise="124.24" route="routeleft" type="cfm-fast" waiting="0.00" lane="left_1" pos="38.82" speed="19.23" angle="114.61" x="41.18" y="2.36"/>
        <vehicle id="cfm-slow_0" eclass="HBEFA3/PC_G_EU4" CO2="23944.55" CO="434.08" HC="2.57" NOx="10.88" PMx="0.57" fuel="10.29" electricity="0.00" noise="86.86" route="routebottom" type="cfm-slow" waiting="0.00" lane="bottom_0" pos="13.06" speed="14.72" angle="71.00" x="91.07" y="0.77"/>
        <vehicle id="cfm-slow_1" eclass="HBEFA3/PC_G_EU4" CO2="23957.91" CO="434.35" HC="2.57" NOx="10.88" PMx="0.58" fuel="10.30" electricity="0.00" noise="86.88" route="routebottom" type="cfm-slow" waiting="0.00" lane="bottom_0" pos="28.89" speed="14.72" angle="42.47" x="117.71" y="21.43"/>
        <vehicle id="cfm-slow_2" eclass="HBEFA3/PC_G_EU4" CO2="24049.61" CO="436.22" HC="2.58" NOx="10.93" PMx="0.58" fuel="10.34" electricity="0.00" noise="86.98" route="routebottom" type="cfm-slow" waiting="0.00" lane="bottom_0" pos="44.72" speed="14.72" angle="14.00" x="131.32" y="52.27"/>
        <vehicle id="cfm-slow_3" eclass="HBEFA3/PC_G_EU4" CO2="24577.01" CO="446.92" HC="2.64" NOx="11.18" PMx="0.59" fuel="10.56" electricity="0.00" noise="87.54" route="routebottom" type="cfm-slow" waiting="0.00" lane="right_0" pos="10.56" speed="14.75" angle="345.46" x="128.51" y="86.07"/>
        <vehicle id="cfm-slow_4" eclass="HBEFA3/PC_G_EU4" CO2="27101.68" CO="498.01" HC="2.93" NOx="12.36" PMx="0.66" fuel="11.65" electricity="0.00" noise="90.16" route="routeright" type="cfm-slow" waiting="0.00" lane="right_0" pos="26.43" speed="14.92" angle="316.91" x="109.94" y="114.30"/>
        <vehicle id="cfm-slow_5" eclass="HBEFA3/PC_G_EU4" CO2="37155.70" CO="701.09" HC="4.11" NOx="17.09" PMx="0.92" fuel="15.97" electricity="0.00" noise="99.80" route="routeright" type="cfm-slow" waiting="0.00" lane="right_0" pos="42.49" speed="15.72" angle="288.10" x="79.76" y="130.35"/>
    </timestep>
    <timestep time="1.42">
        <vehicle id="cfm-fast_0" eclass="HBEFA3/PC_G_EU4" CO2="70281.25" CO="1372.82" HC="7.99" NOx="32.64" PMx="1.78" fuel="30.21" electricity="0.00" noise="124.10" route="routetop" type="cfm-fast" waiting="0.00" lane="top_0" pos="9.62" speed="18.93" angle="257.13" x="43.19" y="129.14"/>
        <vehicle id="cfm-fast_1" eclass="HBEFA3/PC_G_EU4" CO2="70281.26" CO="1372.82" HC="7.99" NOx="32.64" PMx="1.78" fuel="30.21" electricity="0.00" noise="124.10" route="routetop" type="cfm-fast" waiting="0.00" lane="top_1" pos="25.46" speed="18.93" angle="228.70" x="16.83" y="109.17"/>
        <vehicle id="cfm-fast_2" eclass="HBEFA3/PC_G_EU4" CO2="35878.89" CO="669.88" HC="3.94" NOx="16.46" PMx="0.89" fuel="15.42" electricity="0.00" noise="96.25" route="routetop" type="cfm-fast" waiting="0.00" lane="top_0" pos="40.91" speed="16.95" angle="200.86" x="-2.14" y="83.05"/>
        <vehicle id="cfm-fast_3" eclass="HBEFA3/PC_G_EU4" CO2="42434.02" CO="803.88" HC="4.71" NOx="19.54" PMx="1.06" fuel="18.24" electricity="0.00" noise="102.23" route="routetop" type="cfm-fast" waiting="0.00" lane="left_0" pos="6.78" speed="17.22" angle="172.26" x="-3.38" y="49.09"/>
        <vehicle id="cfm-fast_4" eclass="HBEFA3/PC_G_EU4" CO2="70404.36" CO="1375.30" HC="8.01" NOx="32.70" PMx="1.79" fuel="30.26" electricity="0.00" noise="124.12" route="routeleft" type="cfm-fast" waiting="0.00" lane="left_0" pos="22.97" speed="18.97" angle="143.08" x="12.16" y="18.33"/>
        <vehicle id="cfm-fast_5" eclass="HBEFA3/PC_G_EU4" CO2="71884.58" CO="1405.11" HC="8.18" NOx="33.39" PMx="1.83" fuel="30.90" electricity="0.00" noise="124.30" route="routeleft" type="cfm-fast" waiting="0.00" lane="left_1" pos="39.01" speed="19.36" angle="114.26" x="41.55" y="2.23"/>
        <vehicle id="cfm-slow_0" eclass="HBEFA3/PC_G_EU4" CO2="23835.24" CO="431.53" HC="2.55" NOx="10.83" PMx="0.57" fuel="10.25" electricity="0.00" noise="86.66" route="routebottom" type="cfm-slow" waiting="0.00" lane="bottom_0" pos="13.20" speed="14.77" angle="70.73" x="91.36" y="0.90"/>
        <vehicle id="cfm-slow_1" eclass="HBEFA3/PC_G_EU4" CO2="23849.37" CO="431.82" HC="2.55" NOx="10.83" PMx="0.57" fuel="10.25" electricity="0.00" noise="86.68" route="routebottom" type="cfm-slow" waiting="0.00" lane="bottom_0" pos="29.04" speed="14.77" angle="42.20" x="117.90" y="21.68"/>
        <vehicle id="cfm-slow_2" eclass="HBEFA3/PC_G_EU4" CO2="23945.40" CO="433.77" HC="2.56" NOx="10.88" PMx="0.57" fuel="10.29" electricity="0.00" noise="86.78" route="routebottom" type="cfm-slow" waiting="0.00" lane="bottom_0" pos="44.87" speed="14.78" angle="13.78" x="131.38" y="52.59"/>
        <vehicle id="cfm-slow_3" eclass="HBEFA3/PC_G_EU4" CO2="24492.76" CO="444.88" HC="2.63" NOx="11.13" PMx="0.59" fuel="10.53" electricity="0.00" noise="87.36" route="routebottom" type="cfm-slow" waiting="0.00" lane="right_0" pos="10.71" speed="14.81" angle="345.18" x="128.40" y="86.37"/>
        <vehicle id="cfm-slow_4" eclass="HBEFA3/PC_G_EU4" CO2="27090.81" CO="497.46" HC="2.93" NOx="12.36" PMx="0.66" fuel="11.64" electricity="0.00" noise="90.05" route="routeright" type="cfm-slow" waiting="0.00" lane="right_0" pos="26.58" speed="14.98" angle="316.64" x="109.70" y="114.52"/>
        <vehicle id="cfm-slow_5" eclass="HBEFA3/PC_G_EU4" CO2="37344.67" CO="704.60" HC="4.13" NOx="17.17" PMx="0.92" fuel="16.05" electricity="0.00" noise="99.83" route="routeright" type="cfm-slow" waiting="0.00" lane="right_0" pos="42.65" speed="15.81" angle="287.81" x="79.43" y="130.43"/>
    </timestep>
    <timestep time="1.43">
        <vehicle id="cfm-fast_0" eclass="HBEFA3/PC_G_EU4" CO2="70788.95" CO="1383.03" HC="8.05" NOx="32.88" PMx="1.80" fuel="30.43" electricity="0.00" noise="124.16" route="routetop" type="cfm-fast" waiting="0.00" lane="top_0" pos="9.81" speed="19.07" angle="256.78" x="42.79" y="129.02"/>
        <vehicle id="cfm-fast_1" eclass="HBEFA3/PC_G_EU4" CO2="70788.96" CO="1383.03" HC="8.05" NOx="32.88" PMx="1.80" fuel="30.43" electricity="0.00" noise="124.16" route="routetop" type="cfm-fast" waiting="0.00" lane="top_1" pos="25.65" speed="19.07" angle="228.41" x="16.55" y="108.90"/>
        <vehicle id="cfm-fast_2" eclass="HBEFA3/PC_G_EU4" CO2="35797.06" CO="667.93" HC="3.93" NOx="16.41" PMx="0.88" fuel="15.39" electricity="0.00" noise="96.05" route="routetop" type="cfm-fast" waiting="0.00" lane="top_0" pos="41.08" speed="17.02" angle="200.60" x="-2.25" y="82.70"/>
        <vehicle id="cfm-fast_3" eclass="HBEFA3/PC_G_EU4" CO2="42555.06" CO="806.09" HC="4.72" NOx="19.60" PMx="1.06" fuel="18.29" electricity="0.00" noise="102.17" route="routetop" type="cfm-fast" waiting="0.00" lane="left_0" pos="6.95" speed="17.31" angle="171.93" x="-3.29" y="48.73"/>
        <vehicle id="cfm-fast_4" eclass="HBEFA3/PC_G_EU4" CO2="70912.13" CO="1385.51" HC="8.07" NOx="32.93" PMx="1.80" fuel="30.48" electricity="0.00" noise="124.18" route="routeleft" type="cfm-fast" waiting="0.00" lane="left_0" pos="23.16" speed="19.10" angle="142.78" x="12.44" y="18.02"/>
        <vehicle id="cfm-fast_5" eclass="HBEFA3/PC_G_EU4" CO2="72393.20" CO="1415.39" HC="8.24" NOx="33.62" PMx="1.84" fuel="31.12" electricity="0.00" noise="124.36" route="routeleft" type="cfm-fast" waiting="0.00" lane="left_1" pos="39.21" speed="19.50" angle="113.90" x="41.93" y="2.09"/>
        <vehicle id="cfm-slow_0" eclass="HBEFA3/PC_G_EU4" CO2="23725.52" CO="428.98" HC="2.54" NOx="10.77" PMx="0.57" fuel="10.20" electricity="0.00" noise="86.47" route="routebottom" type="cfm-slow" waiting="0.00" lane="bottom_0" pos="13.35" speed="14.83" angle="70.45" x="91.65" y="1.03"/>
        <vehicle id="cfm-slow_1" eclass="HBEFA3/PC_G_EU4" CO2="23740.46" CO="429.28" HC="2.54" NOx="10.78" PMx="0.57" fuel="10.20" electricity="0.00" noise="86.48" route="routebottom" type="cfm-slow" waiting="0.00" lane="bottom_0" pos="29.19" speed="14.83" angle="41.92" x="118.10" y="21.93"/>
        <vehicle id="cfm-slow_2" eclass="HBEFA3/PC_G_EU4" CO2="23840.98" CO="431.33" HC="2.55" NOx="10.83" PMx="0.57" fuel="10.25" electricity="0.00" noise="86.59" route="routebottom" type="cfm-slow" waiting="0.00" lane="bottom_0" pos="45.02" speed="14.83" angle="13.52" x="131.42" y="52.90"/>
        <vehicle id="cfm-slow_3" eclass="HBEFA3/PC_G_EU4" CO2="24408.82" CO="442.85" HC="2.62" NOx="11.09" PMx="0.59" fuel="10.49" electricity="0.00" noise="87.19" route="routebottom" type="cfm-slow" waiting="0.00" lane="right_0" pos="10.86" speed="14.86" angle="344.90" x="128.29" y="86.67"/>
        <vehicle id="cfm-slow_4" eclass="HBEFA3/PC_G_EU4" CO2="27081.38" CO="496.94" HC="2.93" NOx="12.35" PMx="0.66" fuel="11.64" electricity="0.00" noise="89.95" route="routeright" type="cfm-slow" waiting="0.00" lane="right_0" pos="26.74" speed="15.04" angle="316.36" x="109.46" y="114.74"/>
        <vehicle id="cfm-slow_5" eclass="HBEFA3/PC_G_EU4" CO2="37535.73" CO="708.16" HC="4.15" NOx="17.26" PMx="0.93" fuel="16.13" electricity="0.00" noise="99.86" route="routeright" type="cfm-slow" waiting="0.00" lane="right_0" pos="42.81" speed="15.89" angle="287.52" x="79.09" y="130.50"/>
    </timestep>
    <timestep time="1.44">
        <vehicle id="cfm-fast_0" eclass="HBEFA3/PC_G_EU4" CO2="71296.94" CO="1393.26" HC="8.11" NOx="33.11" PMx="1.81" fuel="30.65" electricity="0.00" noise="124.23" route="routetop" type="cfm-fast" waiting="0.00" lane="top_0" pos="10.00" speed="19.21" angle="256.43" x="42.40" y="128.90"/>
        <vehicle id="cfm-fast_1" eclass="HBEFA3/PC_G_EU4" CO2="71296.95" CO="1393.26" HC="8.11" NOx="33.11" PMx="1.81" fuel="30.65" electricity="0.00" noise="124.23" route="routetop" type="cfm-fast" waiting="0.00" lane="top_1" pos="25.84" speed="19.21" angle="228.05" x="16.28" y="108.61"/>
        <vehicle id="cfm-fast_2" eclass="HBEFA3/PC_G_EU4" CO2="35716.19" CO="666.01" HC="3.91" NOx="16.37" PMx="0.88" fuel="15.35" electricity="0.00" noise="95.85" route="routetop" type="cfm-fast" waiting="0.00" lane="top_0" pos="41.25" speed="17.09" angle="200.29" x="-2.34" y="82.35"/>
        <vehicle id="cfm-fast_3" eclass="HBEFA3/PC_G_EU4" CO2="42678.48" CO="808.35" HC="4.74" NOx="19.65" PMx="1.06" fuel="18.35" electricity="0.00" noise="102.13" route="routetop" type="cfm-fast" waiting="0.00" lane="left_0" pos="7.13" speed="17.40" angle="171.59" x="-3.21" y="48.36"/>
        <vehicle id="cfm-fast_4" eclass="HBEFA3/PC_G_EU4" CO2="71420.19" CO="1395.74" HC="8.13" NOx="33.17" PMx="1.81" fuel="30.70" electricity="0.00" noise="124.24" route="routeleft" type="cfm-fast" waiting="0.00" lane="left_0" pos="23.36" speed="19.24" angle="142.43" x="12.72" y="17.72"/>
        <vehicle id="cfm-fast_5" eclass="HBEFA3/PC_G_EU4" CO2="72902.11" CO="1425.68" HC="8.30" NOx="33.86" PMx="1.85" fuel="31.34" electricity="0.00" noise="124.43" route="routeleft" type="cfm-fast" waiting="0.00" lane="left_1" pos="39.40" speed="19.64" angle="113.54" x="42.31" y="1.95"/>
        <vehicle id="cfm-slow_0" eclass="HBEFA3/PC_G_EU4" CO2="23615.42" CO="426.42" HC="2.52" NOx="10.72" PMx="0.57" fuel="10.15" electricity="0.00" noise="86.27" route="routebottom" type="cfm-slow" waiting="0.00" lane="bottom_0" pos="13.50" speed="14.88" angle="70.18" x="91.94" y="1.16"/>
        <vehicle id="cfm-slow_1" eclass="HBEFA3/PC_G_EU4" CO2="23631.20" CO="426.75" HC="2.52" NOx="10.73" PMx="0.57" fuel="10.16" electricity="0.00" noise="86.29" route="routebottom" type="cfm-slow" waiting="0.00" lane="bottom_0" pos="29.34" speed="14.88" angle="41.65" x="118.30" y="22.18"/>
        <vehicle id="cfm-slow_2" eclass="HBEFA3/PC_G_EU4" CO2="23736.37" CO="428.89" HC="2.54" NOx="10.78" PMx="0.57" fuel="10.20" electricity="0.00" noise="86.40" route="routebottom" type="cfm-slow" waiting="0.00" lane="bottom_0" pos="45.17" speed="14.89" angle="13.25" x="131.47" y="53.22"/>
        <vehicle id="cfm-slow_3" eclass="HBEFA3/PC_G_EU4" CO2="24325.23" CO="440.84" HC="2.61" NOx="11.05" PMx="0.58" fuel="10.46" electricity="0.00" noise="87.02" route="routebottom" type="cfm-slow" waiting="0.00" lane="right_0" pos="11.01" speed="14.92" angle="344.61" x="128.18" y="86.97"/>
        <vehicle id="cfm-slow_4" eclass="HBEFA3/PC_G_EU4" CO2="27073.40" CO="496.46" HC="2.93" NOx="12.35" PMx="0.66" fuel="11.64" electricity="0.00" noise="89.85" route="routeright" type="cfm-slow" waiting="0.00" lane="right_0" pos="26.89" speed="15.11" angle="316.13" x="109.22" y="114.96"/>
        <vehicle id="cfm-slow_5" eclass="HBEFA3/PC_G_EU4" CO2="37728.88" CO="711.77" HC="4.17" NOx="17.35" PMx="0.93" fuel="16.22" electricity="0.00" noise="99.90" route="routeright" type="cfm-slow" waiting="0.00" lane="right_0" pos="42.97" speed="15.97" angle="287.23" x="78.76" y="130.58"/>
    </timestep>
    <timestep time="1.45">
        <vehicle id="cfm-fast_0" eclass="HBEFA3/PC_G_EU4" CO2="71805.22" CO="1403.51" HC="8.17" NOx="33.35" PMx="1.82" fuel="30.87" electricity="0.00" noise="124.29" route="routetop" type="cfm-fast" waiting="0.00" lane="top_0" pos="10.20" speed="19.34" angle="256.13" x="42.00" y="128.77"/>
        <vehicle id="cfm-fast_1" eclass="HBEFA3/PC_G_EU4" CO2="71805.23" CO="1403.51" HC="8.17" NOx="33.35" PMx="1.82" fuel="30.87" electricity="0.00" noise="124.29" route="routetop" type="cfm-fast" waiting="0.00" lane="top_1" pos="26.03" speed="19.34" angle="227.69" x="16.01" y="108.32"/>
        <vehicle id="cfm-fast_2" eclass="HBEFA3/PC_G_EU4" CO2="35636.33" CO="664.12" HC="3.90" NOx="16.34" PMx="0.88" fuel="15.32" electricity="0.00" noise="95.66" route="routetop" type="cfm-fast" waiting="0.00" lane="top_0" pos="41.42" speed="17.17" angle="199.97" x="-2.44" y="81.99"/>
        <vehicle id="cfm-fast_3" eclass="HBEFA3/PC_G_EU4" CO2="42804.31" CO="810.67" HC="4.75" NOx="19.71" PMx="1.07" fuel="18.40" electricity="0.00" noise="102.08" route="routetop" type="cfm-fast" waiting="0.00" lane="left_0" pos="7.30" speed="17.49" angle="171.26" x="-3.12" y="48.00"/>
        <vehicle id="cfm-fast_4" eclass="HBEFA3/PC_G_EU4" CO2="71928.54" CO="1406.00" HC="8.19" NOx="33.41" PMx="1.83" fuel="30.92" electricity="0.00" noise="124.31" route="routeleft" type="cfm-fast" waiting="0.00" lane="left_0" pos="23.55" speed="19.38" angle="142.08" x="13.00" y="17.41"/>
        <vehicle id="cfm-fast_5" eclass="HBEFA3/PC_G_EU4" CO2="73411.31" CO="1436.00" HC="8.36" NOx="34.10" PMx="1.87" fuel="31.56" electricity="0.00" noise="124.49" route="routeleft" type="cfm-fast" waiting="0.00" lane="left_1" pos="39.60" speed="19.77" angle="113.17" x="42.69" y="1.82"/>
        <vehicle id="cfm-slow_0" eclass="HBEFA3/PC_G_EU4" CO2="23504.97" CO="423.87" HC="2.51" NOx="10.67" PMx="0.56" fuel="10.10" electricity="0.00" noise="86.08" route="routebottom" type="cfm-slow" waiting="0.00" lane="bottom_0" pos="13.65" speed="14.94" angle="69.90" x="92.23" y="1.29"/>
        <vehicle id="cfm-slow_1" eclass="HBEFA3/PC_G_EU4" CO2="23521.63" CO="424.21" HC="2.51" NOx="10.67" PMx="0.56" fuel="10.11" electricity="0.00" noise="86.10" route="routebottom" type="cfm-slow" waiting="0.00" lane="bottom_0" pos="29.48" speed="14.94" angle="41.43" x="118.50" y="22.43"/>
        <vehicle id="cfm-slow_2" eclass="HBEFA3/PC_G_EU4" CO2="23631.61" CO="426.45" HC="2.52" NOx="10.73" PMx="0.57" fuel="10.16" electricity="0.00" noise="86.22" route="routebottom" type="cfm-slow" waiting="0.00" lane="bottom_0" pos="45.32" speed="14.94" angle="12.98" x="131.52" y="53.54"/>
        <vehicle id="cfm-slow_3" eclass="HBEFA3/PC_G_EU4" CO2="24242.01" CO="438.83" HC="2.59" NOx="11.01" PMx="0.58" fuel="10.42" electricity="0.00" noise="86.86" route="routebottom" type="cfm-slow" waiting="0.00" lane="right_0" pos="11.16" speed="14.98" angle="344.33" x="128.07" y="87.27"/>
        <vehicle id="cfm-slow_4" eclass="HBEFA3/PC_G_EU4" CO2="27066.92" CO="496.01" HC="2.93" NOx="12.34" PMx="0.66" fuel="11.63" electricity="0.00" noise="89.75" route="routeright" type="cfm-slow" waiting="0.00" lane="right_0" pos="27.04" speed="15.17" angle="315.87" x="108.98" y="115.17"/>
        <vehicle id="cfm-slow_5" eclass="HBEFA3/PC_G_EU4" CO2="37924.14" CO="715.43" HC="4.19" NOx="17.44" PMx="0.94" fuel="16.30" electricity="0.00" noise="99.93" route="routeright" type="cfm-slow" waiting="0.00" lane="right_0" pos="43.13" speed="16.06" angle="286.93" x="78.42" y="130.66"/>
    </timestep>
    <timestep time="1.46">
        <vehicle id="cfm-fast_0" eclass="HBEFA3/PC_G_EU4" CO2="72313.80" CO="1413.78" HC="8.23" NOx="33.59" PMx="1.84" fuel="31.08" electricity="0.00" noise="124.35" route="routetop" type="cfm-fast" waiting="0.00" lane="top_0" pos="10.39" speed="19.48" angle="255.78" x="41.61" y="128.63"/>
        <vehicle id="cfm-fast_1" eclass="HBEFA3/PC_G_EU4" CO2="72313.81" CO="1413.78" HC="8.23" NOx="33.59" PMx="1.84" fuel="31.08" electricity="0.00" noise="124.35" route="routetop" type="cfm-fast" waiting="0.00" lane="top_1" pos="26.23" speed="19.48" angle="227.33" x="15.74" y="108.02"/>
        <vehicle id="cfm-fast_2" eclass="HBEFA3/PC_G_EU4" CO2="35557.56" CO="662.26" HC="3.89" NOx="16.30" PMx="0.88" fuel="15.28" electricity="0.00" noise="95.47" route="routetop" type="cfm-fast" waiting="0.00" lane="top_0" pos="41.59" speed="17.24" angle="199.65" x="-2.54" y="81.63"/>
        <vehicle id="cfm-fast_3" eclass="HBEFA3/PC_G_EU4" CO2="42932.55" CO="813.04" HC="4.76" NOx="19.77" PMx="1.07" fuel="18.45" electricity="0.00" noise="102.04" route="routetop" type="cfm-fast" waiting="0.00" lane="left_0" pos="7.48" speed="17.58" angle="170.92" x="-3.04" y="47.63"/>
        <vehicle id="cfm-fast_4" eclass="HBEFA3/PC_G_EU4" CO2="72437.18" CO="1416.28" HC="8.25" NOx="33.64" PMx="1.84" fuel="31.14" electricity="0.00" noise="124.37" route="routeleft" type="cfm-fast" waiting="0.00" lane="left_0" pos="23.74" speed="19.51" angle="141.73" x="13.28" y="17.10"/>
        <vehicle id="cfm-fast_5" eclass="HBEFA3/PC_G_EU4" CO2="73920.81" CO="1446.34" HC="8.42" NOx="34.34" PMx="1.88" fuel="31.77" electricity="0.00" noise="124.56" route="routeleft" type="cfm-fast" waiting="0.00" lane="left_1" pos="39.80" speed="19.91" angle="112.87" x="43.07" y="1.68"/>
        <vehicle id="cfm-slow_0" eclass="HBEFA3/PC_G_EU4" CO2="23394.20" CO="421.31" HC="2.49" NOx="10.61" PMx="0.56" fuel="10.06" electricity="0.00" noise="85.89" route="routebottom" type="cfm-slow" waiting="0.00" lane="bottom_0" pos="13.80" speed="14.99" angle="69.62" x="92.53" y="1.42"/>
        <vehicle id="cfm-slow_1" eclass="HBEFA3/PC_G_EU4" CO2="23411.78" CO="421.67" HC="2.50" NOx="10.62" PMx="0.56" fuel="10.06" electricity="0.00" noise="85.91" route="routebottom" type="cfm-slow" waiting="0.00" lane="bottom_0" pos="29.63" speed="14.99" angle="41.16" x="118.69" y="22.69"/>
        <vehicle id="cfm-slow_2" eclass="HBEFA3/PC_G_EU4" CO2="23526.73" CO="424.01" HC="2.51" NOx="10.67" PMx="0.56" fuel="10.11" electricity="0.00" noise="86.03" route="routebottom" type="cfm-slow" waiting="0.00" lane="bottom_0" pos="45.47" speed="15.00" angle="12.71" x="131.56" y="53.86"/>
        <vehicle id="cfm-slow_3" eclass="HBEFA3/PC_G_EU4" CO2="24159.22" CO="436.84" HC="2.58" NOx="10.97" PMx="0.58" fuel="10.38" electricity="0.00" noise="86.69" route="routebottom" type="cfm-slow" waiting="0.00" lane="right_0" pos="11.31" speed="15.03" angle="344.04" x="127.96" y="87.58"/>
        <vehicle id="cfm-slow_4" eclass="HBEFA3/PC_G_EU4" CO2="27061.96" CO="495.60" HC="2.92" NOx="12.34" PMx="0.66" fuel="11.63" electricity="0.00" noise="89.65" route="routeright" type="cfm-slow" waiting="0.00" lane="right_0" pos="27.19" speed="15.23" angle="315.58" x="108.73" y="115.39"/>
        <vehicle id="cfm-slow_5" eclass="HBEFA3/PC_G_EU4" CO2="38121.52" CO="719.13" HC="4.22" NOx="17.53" PMx="0.94" fuel="16.39" electricity="0.00" noise="99.97" route="routeright" type="cfm-slow" waiting="0.00" lane="right_0" pos="43.29" speed="16.14" angle="286.64" x="78.08" y="130.73"/>
    </timestep>
    <timestep time="1.47">
        <vehicle id="cfm-fast_0" eclass="HBEFA3/PC_G_EU4" CO2="72822.66" CO="1424.07" HC="8.29" NOx="33.82" PMx="1.85" fuel="31.30" electricity="0.00" noise="124.42" route="routetop" type="cfm-fast" waiting="0.00" lane="top_0" pos="10.59" speed="19.62" angle="255.41" x="41.21" y="128.49"/>
        <vehicle id="cfm-fast_1" eclass="HBEFA3/PC_G_EU4" CO2="72822.67" CO="1424.07" HC="8.29" NOx="33.82" PMx="1.85" fuel="31.30" electricity="0.00" noise="124.42" route="routetop" type="cfm-fast" waiting="0.00" lane="top_1" pos="26.42" speed="19.62" angle="226.97" x="15.47" y="107.73"/>
        <vehicle id="cfm-fast_2" eclass="HBEFA3/PC_G_EU4" CO2="35479.93" CO="660.42" HC="3.88" NOx="16.26" PMx="0.87" fuel="15.25" electricity="0.00" noise="95.28" route="routetop" type="cfm-fast" waiting="0.00" lane="top_0" pos="41.77" speed="17.31" angle="199.33" x="-2.63" y="81.27"/>
        <vehicle id="cfm-fast_3" eclass="HBEFA3/PC_G_EU4" CO2="43063.22" CO="815.48" HC="4.78" NOx="19.83" PMx="1.07" fuel="18.51" electricity="0.00" noise="102.00" route="routetop" type="cfm-fast" waiting="0.00" lane="left_0" pos="7.66" speed="17.66" angle="170.65" x="-2.95" y="47.26"/>
        <vehicle id="cfm-fast_4" eclass="HBEFA3/PC_G_EU4" CO2="72946.12" CO="1426.57" HC="8.30" NOx="33.88" PMx="1.85" fuel="31.36" electricity="0.00" noise="124.43" route="routeleft" type="cfm-fast" waiting="0.00" lane="left_0" pos="23.94" speed="19.65" angle="141.38" x="13.57" y="16.79"/>
        <vehicle id="cfm-fast_5" eclass="HBEFA3/PC_G_EU4" CO2="74430.59" CO="1456.70" HC="8.48" NOx="34.57" PMx="1.89" fuel="31.99" electricity="0.00" noise="124.62" route="routeleft" type="cfm-fast" waiting="0.00" lane="left_1" pos="40.00" speed="20.05" angle="112.50" x="43.46" y="1.56"/>
        <vehicle id="cfm-slow_0" eclass="HBEFA3/PC_G_EU4" CO2="23283.13" CO="418.75" HC="2.48" NOx="10.56" PMx="0.56" fuel="10.01" electricity="0.00" noise="85.70" route="routebottom" type="cfm-slow" waiting="0.00" lane="bottom_0" pos="13.95" speed="15.04" angle="69.35" x="92.82" y="1.56"/>
        <vehicle id="cfm-slow_1" eclass="HBEFA3/PC_G_EU4" CO2="23301.67" CO="419.13" HC="2.48" NOx="10.57" PMx="0.56" fuel="10.02" electricity="0.00" noise="85.72" route="routebottom" type="cfm-slow" waiting="0.00" lane="bottom_0" pos="29.78" speed="15.04" angle="40.88" x="118.88" y="22.96"/>
        <vehicle id="cfm-slow_2" eclass="HBEFA3/PC_G_EU4" CO2="23421.76" CO="421.57" HC="2.50" NOx="10.62" PMx="0.56" fuel="10.07" electricity="0.00" noise="85.85" route="routebottom" type="cfm-slow" waiting="0.00" lane="bottom_0" pos="45.62" speed="15.05" angle="12.44" x="131.61" y="54.18"/>
        <vehicle id="cfm-slow_3" eclass="HBEFA3/PC_G_EU4" CO2="24076.88" CO="434.87" HC="2.57" NOx="10.93" PMx="0.58" fuel="10.35" electricity="0.00" noise="86.53" route="routebottom" type="cfm-slow" waiting="0.00" lane="right_0" pos="11.46" speed="15.09" angle="343.79" x="127.85" y="87.88"/>
        <vehicle id="cfm-slow_4" eclass="HBEFA3/PC_G_EU4" CO2="27058.54" CO="495.23" HC="2.92" NOx="12.33" PMx="0.66" fuel="11.63" electricity="0.00" noise="89.56" route="routeright" type="cfm-slow" waiting="0.00" lane="right_0" pos="27.34" speed="15.29" angle="315.29" x="108.48" y="115.60"/>
        <vehicle id="cfm-slow_5" eclass="HBEFA3/PC_G_EU4" CO2="38321.00" CO="722.89" HC="4.24" NOx="17.63" PMx="0.95" fuel="16.47" electricity="0.00" noise="100.02" route="routeright" type="cfm-slow" waiting="0.00" lane="right_0" pos="43.45" speed="16.23" angle="286.34" x="77.74" y="130.81"/>
    </timestep>
    <timestep time="1.48">
        <vehicle id="cfm-fast_0" eclass="HBEFA3/PC_G_EU4" CO2="73331.82" CO="1434.39" HC="8.35" NOx="34.06" PMx="1.86" fuel="31.52" electricity="0.00" noise="124.48" route="routetop" type="cfm-fast" waiting="0.00" lane="top_0" pos="10.79" speed="19.75" angle="255.03" x="40.81" y="128.35"/>
        <vehicle id="cfm-fast_1" eclass="HBEFA3/PC_G_EU4" CO2="73331.83" CO="1434.39" HC="8.35" NOx="34.06" PMx="1.86" fuel="31.52" electricity="0.00" noise="124.48" route="routetop" type="cfm-fast" waiting="0.00" lane="top_1" pos="26.62" speed="19.75" angle="226.60" x="15.20" y="107.43"/>
        <vehicle id="cfm-fast_2" eclass="HBEFA3/PC_G_EU4" CO2="35403.50" CO="658.62" HC="3.87" NOx="16.22" PMx="0.87" fuel="15.22" electricity="0.00" noise="95.10" route="routetop" type="cfm-fast" waiting="0.00" lane="top_0" pos="41.94" speed="17.39" angle="199.01" x="-2.73" y="80.91"/>
        <vehicle id="cfm-fast_3" eclass="HBEFA3/PC_G_EU4" CO2="43196.35" CO="817.97" HC="4.79" NOx="19.89" PMx="1.08" fuel="18.57" electricity="0.00" noise="101.97" route="routetop" type="cfm-fast" waiting="0.00" lane="left_0" pos="7.83" speed="17.75" angle="170.33" x="-2.86" y="46.89"/>
        <vehicle id="cfm-fast_4" eclass="HBEFA3/PC_G_EU4" CO2="73455.35" CO="1436.89" HC="8.36" NOx="34.12" PMx="1.87" fuel="31.57" electricity="0.00" noise="124.50" route="routeleft" type="cfm-fast" waiting="0.00" lane="left_0" pos="24.14" speed="19.78" angle="141.02" x="13.86" y="16.48"/>
        <vehicle id="cfm-fast_5" eclass="HBEFA3/PC_G_EU4" CO2="74940.67" CO="1467.09" HC="8.54" NOx="34.81" PMx="1.91" fuel="32.21" electricity="0.00" noise="124.68" route="routeleft" type="cfm-fast" waiting="0.00" lane="left_1" pos="40.20" speed="20.18" angle="112.12" x="43.86" y="1.44"/>
        <vehicle id="cfm-slow_0" eclass="HBEFA3/PC_G_EU4" CO2="23171.80" CO="416.19" HC="2.46" NOx="10.50" PMx="0.55" fuel="9.96" electricity="0.00" noise="85.51" route="routebottom" type="cfm-slow" waiting="0.00" lane="bottom_0" pos="14.10" speed="15.10" angle="69.12" x="93.12" y="1.69"/>
        <vehicle id="cfm-slow_1" eclass="HBEFA3/PC_G_EU4" CO2="23191.34" CO="416.59" HC="2.47" NOx="10.51" PMx="0.55" fuel="9.97" electricity="0.00" noise="85.53" route="routebottom" type="cfm-slow" waiting="0.00" lane="bottom_0" pos="29.94" speed="15.10" angle="40.61" x="119.07" y="23.22"/>
        <vehicle id="cfm-slow_2" eclass="HBEFA3/PC_G_EU4" CO2="23316.75" CO="419.14" HC="2.48" NOx="10.57" PMx="0.56" fuel="10.02" electricity="0.00" noise="85.67" route="routebottom" type="cfm-slow" waiting="0.00" lane="bottom_0" pos="45.77" speed="15.10" angle="12.16" x="131.65" y="54.50"/>
        <vehicle id="cfm-slow_3" eclass="HBEFA3/PC_G_EU4" CO2="23995.03" CO="432.91" HC="2.56" NOx="10.89" PMx="0.58" fuel="10.31" electricity="0.00" noise="86.37" route="routebottom" type="cfm-slow" waiting="0.00" lane="right_0" pos="11.61" speed="15.14" angle="343.54" x="127.73" y="88.18"/>
        <vehicle id="cfm-slow_4" eclass="HBEFA3/PC_G_EU4" CO2="27056.70" CO="494.89" HC="2.92" NOx="12.33" PMx="0.66" fuel="11.63" electricity="0.00" noise="89.47" route="routeright" type="cfm-slow" waiting="0.00" lane="right_0" pos="27.50" speed="15.35" angle="315.01" x="108.23" y="115.81"/>
        <vehicle id="cfm-slow_5" eclass="HBEFA3/PC_G_EU4" CO2="38522.61" CO="726.70" HC="4.26" NOx="17.72" PMx="0.95" fuel="16.56" electricity="0.00" noise="100.06" route="routeright" type="cfm-slow" waiting="0.00" lane="right_0" pos="43.62" speed="16.31" angle="286.10" x="77.40" y="130.89"/>
    </timestep>
    <timestep time="1.49">
        <vehicle id="cfm-fast_0" eclass="HBEFA3/PC_G_EU4" CO2="73841.27" CO="1444.73" HC="8.41" NOx="34.30" PMx="1.88" fuel="31.74" electricity="0.00" noise="124.55" route="routetop" type="cfm-fast" waiting="0.00" lane="top_0" pos="10.99" speed="19.89" angle="254.66" x="40.41" y="128.20"/>
        <vehicle id="cfm-fast_1" eclass="HBEFA3/PC_G_EU4" CO2="73841.28" CO="1444.73" HC="8.41" NOx="34.30" PMx="1.88" fuel="31.74" electricity="0.00" noise="124.55" route="routetop" type="cfm-fast" waiting="0.00" lane="top_1" pos="26.82" speed="19.89" angle="226.25" x="14.92" y="107.13"/>
        <vehicle id="cfm-fast_2" eclass="HBEFA3/PC_G_EU4" CO2="35328.33" CO="656.85" HC="3.86" NOx="16.18" PMx="0.87" fuel="15.19" electricity="0.00" noise="94.92" route="routetop" type="cfm-fast" waiting="0.00" lane="top_0" pos="42.11" speed="17.46" angle="198.68" x="-2.83" y="80.55"/>
        <vehicle id="cfm-fast_3" eclass="HBEFA3/PC_G_EU4" CO2="43331.94" CO="820.51" HC="4.81" NOx="19.95" PMx="1.08" fuel="18.63" electricity="0.00" noise="101.94" route="routetop" type="cfm-fast" waiting="0.00" lane="left_0" pos="8.01" speed="17.84" angle="170.00" x="-2.76" y="46.52"/>
        <vehicle id="cfm-fast_4" eclass="HBEFA3/PC_G_EU4" CO2="73964.87" CO="1447.24" HC="8.42" NOx="34.36" PMx="1.88" fuel="31.79" electricity="0.00" noise="124.56" route="routeleft" type="cfm-fast" waiting="0.00" lane="left_0" pos="24.34" speed="19.92" angle="140.71" x="14.15" y="16.16"/>
        <vehicle id="cfm-fast_5" eclass="HBEFA3/PC_G_EU4" CO2="75451.04" CO="1477.49" HC="8.60" NOx="35.05" PMx="1.92" fuel="32.43" electricity="0.00" noise="124.75" route="routeleft" type="cfm-fast" waiting="0.00" lane="left_1" pos="40.41" speed="20.32" angle="111.75" x="44.26" y="1.31"/>
        <vehicle id="cfm-slow_0" eclass="HBEFA3/PC_G_EU4" CO2="23060.23" CO="413.63" HC="2.45" NOx="10.45" PMx="0.55" fuel="9.91" electricity="0.00" noise="85.33" route="routebottom" type="cfm-slow" waiting="0.00" lane="bottom_0" pos="14.25" speed="15.15" angle="68.84" x="93.41" y="1.84"/>
        <vehicle id="cfm-slow_1" eclass="HBEFA3/PC_G_EU4" CO2="23080.81" CO="414.05" HC="2.45" NOx="10.46" PMx="0.55" fuel="9.92" electricity="0.00" noise="85.35" route="routebottom" type="cfm-slow" waiting="0.00" lane="bottom_0" pos="30.09" speed="15.15" angle="40.33" x="119.26" y="23.48"/>
        <vehicle id="cfm-slow_2" eclass="HBEFA3/PC_G_EU4" CO2="23211.71" CO="416.71" HC="2.47" NOx="10.52" PMx="0.56" fuel="9.98" electricity="0.00" noise="85.49" route="routebottom" type="cfm-slow" waiting="0.00" lane="bottom_0" pos="45.92" speed="15.15" angle="11.89" x="131.70" y="54.82"/>
        <vehicle id="cfm-slow_3" eclass="HBEFA3/PC_G_EU4" CO2="23913.71" CO="430.96" HC="2.55" NOx="10.85" PMx="0.57" fuel="10.28" electricity="0.00" noise="86.22" route="routebottom" type="cfm-slow" waiting="0.00" lane="right_0" pos="11.76" speed="15.20" angle="343.26" x="127.61" y="88.49"/>
        <vehicle id="cfm-slow_4" eclass="HBEFA3/PC_G_EU4" CO2="27056.46" CO="494.59" HC="2.92" NOx="12.33" PMx="0.66" fuel="11.63" electricity="0.00" noise="89.38" route="routeright" type="cfm-slow" waiting="0.00" lane="right_0" pos="27.65" speed="15.42" angle="314.72" x="107.97" y="116.03"/>
        <vehicle id="cfm-slow_5" eclass="HBEFA3/PC_G_EU4" CO2="38726.35" CO="730.55" HC="4.28" NOx="17.81" PMx="0.96" fuel="16.65" electricity="0.00" noise="100.11" route="routeright" type="cfm-slow" waiting="0.00" lane="right_0" pos="43.78" speed="16.40" angle="285.79" x="77.05" y="130.95"/>
    </timestep>
    <timestep time="1.50">
        <vehicle id="cfm-fast_0" eclass="HBEFA3/PC_G_EU4" CO2="74351.01" CO="1455.09" HC="8.47" NOx="34.54" PMx="1.89" fuel="31.96" electricity="0.00" noise="124.61" route="routetop" type="cfm-fast" waiting="0.00" lane="top_0" pos="11.19" speed="20.02" angle="254.28" x="40.00" y="128.05"/>
        <vehicle id="cfm-fast_1" eclass="HBEFA3/PC_G_EU4" CO2="74351.02" CO="1455.09" HC="8.47" NOx="34.54" PMx="1.89" fuel="31.96" electricity="0.00" noise="124.61" route="routetop" type="cfm-fast" waiting="0.00" lane="top_1" pos="27.02" speed="20.02" angle="225.91" x="14.65" y="106.82"/>
        <vehicle id="cfm-fast_2" eclass="HBEFA3/PC_G_EU4" CO2="35254.47" CO="655.11" HC="3.85" NOx="16.15" PMx="0.87" fuel="15.15" electricity="0.00" noise="94.74" route="routetop" type="cfm-fast" waiting="0.00" lane="top_0" pos="42.29" speed="17.53" angle="198.40" x="-2.92" y="80.19"/>
        <vehicle id="cfm-fast_3" eclass="HBEFA3/PC_G_EU4" CO2="43470.00" CO="823.12" HC="4.82" NOx="20.01" PMx="1.08" fuel="18.69" electricity="0.00" noise="101.91" route="routetop" type="cfm-fast" waiting="0.00" lane="left_0" pos="8.19" speed="17.93" angle="169.67" x="-2.66" y="46.15"/>
        <vehicle id="cfm-fast_4" eclass="HBEFA3/PC_G_EU4" CO2="74474.68" CO="1457.60" HC="8.48" NOx="34.59" PMx="1.89" fuel="32.01" electricity="0.00" noise="124.63" route="routeleft" type="cfm-fast" waiting="0.00" lane="left_0" pos="24.54" speed="20.06" angle="140.35" x="14.45" y="15.86"/>
        <vehicle id="cfm-fast_5" eclass="HBEFA3/PC_G_EU4" CO2="75961.71" CO="1487.92" HC="8.66" NOx="35.29" PMx="1.93" fuel="32.65" electricity="0.00" noise="124.81" route="routeleft" type="cfm-fast" waiting="0.00" lane="left_1" pos="40.61" speed="20.45" angle="111.37" x="44.66" y="1.19"/>
        <vehicle id="cfm-slow_0" eclass="HBEFA3/PC_G_EU4" CO2="22948.44" CO="411.07" HC="2.44" NOx="10.40" PMx="0.55" fuel="9.86" electricity="0.00" noise="85.14" route="routebottom" type="cfm-slow" waiting="0.00" lane="bottom_0" pos="14.41" speed="15.20" angle="68.56" x="93.70" y="1.98"/>
        <vehicle id="cfm-slow_1" eclass="HBEFA3/PC_G_EU4" CO2="22970.10" CO="411.51" HC="2.44" NOx="10.41" PMx="0.55" fuel="9.87" electricity="0.00" noise="85.17" route="routebottom" type="cfm-slow" waiting="0.00" lane="bottom_0" pos="30.24" speed="15.20" angle="40.05" x="119.45" y="23.75"/>
        <vehicle id="cfm-slow_2" eclass="HBEFA3/PC_G_EU4" CO2="23106.67" CO="414.29" HC="2.45" NOx="10.47" PMx="0.55" fuel="9.93" electricity="0.00" noise="85.31" route="routebottom" type="cfm-slow" waiting="0.00" lane="bottom_0" pos="46.07" speed="15.21" angle="11.62" x="131.74" y="55.14"/>
        <vehicle id="cfm-slow_3" eclass="HBEFA3/PC_G_EU4" CO2="23832.96" CO="429.03" HC="2.54" NOx="10.81" PMx="0.57" fuel="10.24" electricity="0.00" noise="86.06" route="routebottom" type="cfm-slow" waiting="0.00" lane="right_0" pos="11.92" speed="15.25" angle="342.98" x="127.49" y="88.79"/>
        <vehicle id="cfm-slow_4" eclass="HBEFA3/PC_G_EU4" CO2="27057.84" CO="494.33" HC="2.92" NOx="12.33" PMx="0.66" fuel="11.63" electricity="0.00" noise="89.30" route="routeright" type="cfm-slow" waiting="0.00" lane="right_0" pos="27.81" speed="15.48" angle="314.43" x="107.72" y="116.24"/>
        <vehicle id="cfm-slow_5" eclass="HBEFA3/PC_G_EU4" CO2="38932.21" CO="734.46" HC="4.31" NOx="17.91" PMx="0.97" fuel="16.73" electricity="0.00" noise="100.15" route="routeright" type="cfm-slow" waiting="0.00" lane="right_0" pos="43.95" speed="16.48" angle="285.47" x="76.70" y="131.01"/>
    </timestep>
    <timestep time="1.51">
        <vehicle id="cfm-fast_0" eclass="HBEFA3/PC_G_EU4" CO2="74861.04" CO="1465.47" HC="8.53" NOx="34.77" PMx="1.90" fuel="32.18" electricity="0.00" noise="124.67" route="routetop" type="cfm-fast" waiting="0.00" lane="top_0" pos="11.39" speed="20.16" angle="253.90" x="39.59" y="127.91"/>
        <vehicle id="cfm-fast_1" eclass="HBEFA3/PC_G_EU4" CO2="74861.05" CO="1465.47" HC="8.53" NOx="34.77" PMx="1.90" fuel="32.18" electricity="0.00" noise="124.67" route="routetop" type="cfm-fast" waiting="0.00" lane="top_1" pos="27.22" speed="20.16" angle="225.53" x="14.38" y="106.51"/>
        <vehicle id="cfm-fast_2" eclass="HBEFA3/PC_G_EU4" CO2="35181.98" CO="653.41" HC="3.84" NOx="16.11" PMx="0.87" fuel="15.12" electricity="0.00" noise="94.57" route="routetop" type="cfm-fast" waiting="0.00" lane="top_0" pos="42.47" speed="17.60" angle="198.10" x="-3.01" y="79.82"/>
        <vehicle id="cfm-fast_3" eclass="HBEFA3/PC_G_EU4" CO2="43610.56" CO="825.78" HC="4.84" NOx="20.08" PMx="1.09" fuel="18.75" electricity="0.00" noise="101.88" route="routetop" type="cfm-fast" waiting="0.00" lane="left_0" pos="8.37" speed="18.01" angle="169.34" x="-2.56" y="45.77"/>
        <vehicle id="cfm-fast_4" eclass="HBEFA3/PC_G_EU4" CO2="74984.78" CO="1467.99" HC="8.54" NOx="34.83" PMx="1.91" fuel="32.23" electricity="0.00" noise="124.69" route="routeleft" type="cfm-fast" waiting="0.00" lane="left_0" pos="24.74" speed="20.19" angle="139.98" x="14.76" y="15.55"/>
        <vehicle id="cfm-fast_5" eclass="HBEFA3/PC_G_EU4" CO2="76472.66" CO="1498.37" HC="8.72" NOx="35.52" PMx="1.95" fuel="32.87" electricity="0.00" noise="124.88" route="routeleft" type="cfm-fast" waiting="0.00" lane="left_1" pos="40.82" speed="20.59" angle="110.98" x="45.06" y="1.06"/>
        <vehicle id="cfm-slow_0" eclass="HBEFA3/PC_G_EU4" CO2="22836.46" CO="408.51" HC="2.42" NOx="10.34" PMx="0.55" fuel="9.82" electricity="0.00" noise="84.96" route="routebottom" type="cfm-slow" waiting="0.00" lane="bottom_0" pos="14.56" speed="15.25" angle="68.27" x="93.99" y="2.13"/>
        <vehicle id="cfm-slow_1" eclass="HBEFA3/PC_G_EU4" CO2="22859.25" CO="408.98" HC="2.42" NOx="10.35" PMx="0.55" fuel="9.83" electricity="0.00" noise="84.99" route="routebottom" type="cfm-slow" waiting="0.00" lane="bottom_0" pos="30.39" speed="15.25" angle="39.77" x="119.64" y="24.02"/>
        <vehicle id="cfm-slow_2" eclass="HBEFA3/PC_G_EU4" CO2="23001.68" CO="411.87" HC="2.44" NOx="10.42" PMx="0.55" fuel="9.89" electricity="0.00" noise="85.14" route="routebottom" type="cfm-slow" waiting="0.00" lane="bottom_0" pos="46.23" speed="15.26" angle="11.40" x="131.79" y="55.47"/>
        <vehicle id="cfm-slow_3" eclass="HBEFA3/PC_G_EU4" CO2="23752.80" CO="427.12" HC="2.53" NOx="10.77" PMx="0.57" fuel="10.21" electricity="0.00" noise="85.91" route="routebottom" type="cfm-slow" waiting="0.00" lane="right_0" pos="12.07" speed="15.30" angle="342.70" x="127.37" y="89.10"/>
        <vehicle id="cfm-slow_4" eclass="HBEFA3/PC_G_EU4" CO2="27060.88" CO="494.11" HC="2.92" NOx="12.33" PMx="0.66" fuel="11.63" electricity="0.00" noise="89.22" route="routeright" type="cfm-slow" waiting="0.00" lane="right_0" pos="27.96" speed="15.54" angle="314.14" x="107.46" y="116.46"/>
        <vehicle id="cfm-slow_5" eclass="HBEFA3/PC_G_EU4" CO2="39140.21" CO="738.41" HC="4.33" NOx="18.00" PMx="0.97" fuel="16.82" electricity="0.00" noise="100.20" route="routeright" type="cfm-slow" waiting="0.00" lane="right_0" pos="44.11" speed="16.57" angle="285.16" x="76.35" y="131.08"/>
    </timestep>
    <timestep time="1.52">
        <vehicle id="cfm-fast_0" eclass="HBEFA3/PC_G_EU4" CO2="75371.37" CO="1475.87" HC="8.59" NOx="35.01" PMx="1.92" fuel="32.40" electricity="0.00" noise="124.74" route="routetop" type="cfm-fast" waiting="0.00" lane="top_0" pos="11.59" speed="20.30" angle="253.58" x="39.19" y="127.75"/>
        <vehicle id="cfm-fast_1" eclass="HBEFA3/PC_G_EU4" CO2="75371.38" CO="1475.87" HC="8.59" NOx="35.01" PMx="1.92" fuel="32.40" electricity="0.00" noise="124.74" route="routetop" type="cfm-fast" waiting="0.00" lane="top_1" pos="27.42" speed="20.30" angle="225.14" x="14.11" y="106.19"/>
        <vehicle id="cfm-fast_2" eclass="HBEFA3/PC_G_EU4" CO2="35110.90" CO="651.74" HC="3.84" NOx="16.08" PMx="0.87" fuel="15.09" electricity="0.00" noise="94.40" route="routetop" type="cfm-fast" waiting="0.00" lane="top_0" pos="42.64" speed="17.67" angle="197.79" x="-3.10" y="79.45"/>
        <vehicle id="cfm-fast_3" eclass="HBEFA3/PC_G_EU4" CO2="43753.62" CO="828.50" HC="4.86" NOx="20.14" PMx="1.09" fuel="18.81" electricity="0.00" noise="101.86" route="routetop" type="cfm-fast" waiting="0.00" lane="left_0" pos="8.55" speed="18.10" angle="169.01" x="-2.46" y="45.39"/>
        <vehicle id="cfm-fast_4" eclass="HBEFA3/PC_G_EU4" CO2="75495.18" CO="1478.39" HC="8.60" NOx="35.07" PMx="1.92" fuel="32.45" electricity="0.00" noise="124.75" route="routeleft" type="cfm-fast" waiting="0.00" lane="left_0" pos="24.94" speed="20.33" angle="139.61" x="15.07" y="15.24"/>
        <vehicle id="cfm-fast_5" eclass="HBEFA3/PC_G_EU4" CO2="76983.91" CO="1508.84" HC="8.78" NOx="35.76" PMx="1.96" fuel="33.09" electricity="0.00" noise="124.94" route="routeleft" type="cfm-fast" waiting="0.00" lane="left_1" pos="41.02" speed="20.73" angle="110.66" x="45.47" y="0.94"/>
        <vehicle id="cfm-slow_0" eclass="HBEFA3/PC_G_EU4" CO2="22724.31" CO="405.95" HC="2.41" NOx="10.29" PMx="0.54" fuel="9.77" electricity="0.00" noise="84.78" route="routebottom" type="cfm-slow" waiting="0.00" lane="bottom_0" pos="14.71" speed="15.30" angle="67.99" x="94.29" y="2.28"/>
        <vehicle id="cfm-slow_1" eclass="HBEFA3/PC_G_EU4" CO2="22748.29" CO="406.44" HC="2.41" NOx="10.30" PMx="0.54" fuel="9.78" electricity="0.00" noise="84.81" route="routebottom" type="cfm-slow" waiting="0.00" lane="bottom_0" pos="30.54" speed="15.30" angle="39.49" x="119.83" y="24.28"/>
        <vehicle id="cfm-slow_2" eclass="HBEFA3/PC_G_EU4" CO2="22896.75" CO="409.46" HC="2.43" NOx="10.37" PMx="0.55" fuel="9.84" electricity="0.00" noise="84.96" route="routebottom" type="cfm-slow" waiting="0.00" lane="bottom_0" pos="46.38" speed="15.31" angle="11.12" x="131.82" y="55.80"/>
        <vehicle id="cfm-slow_3" eclass="HBEFA3/PC_G_EU4" CO2="23673.27" CO="425.23" HC="2.52" NOx="10.73" PMx="0.57" fuel="10.18" electricity="0.00" noise="85.76" route="routebottom" type="cfm-slow" waiting="0.00" lane="right_0" pos="12.22" speed="15.36" angle="342.42" x="127.24" y="89.41"/>
        <vehicle id="cfm-slow_4" eclass="HBEFA3/PC_G_EU4" CO2="27065.58" CO="493.92" HC="2.92" NOx="12.33" PMx="0.66" fuel="11.63" electricity="0.00" noise="89.14" route="routeright" type="cfm-slow" waiting="0.00" lane="right_0" pos="28.12" speed="15.60" angle="313.86" x="107.21" y="116.68"/>
        <vehicle id="cfm-slow_5" eclass="HBEFA3/PC_G_EU4" CO2="39350.35" CO="742.42" HC="4.35" NOx="18.10" PMx="0.98" fuel="16.91" electricity="0.00" noise="100.26" route="routeright" type="cfm-slow" waiting="0.00" lane="right_0" pos="44.28" speed="16.65" angle="284.84" x="76.00" y="131.14"/>
    </timestep>
    <timestep time="1.53">
        <vehicle id="cfm-fast_0" eclass="HBEFA3/PC_G_EU4" CO2="75881.99" CO="1486.29" HC="8.65" NOx="35.25" PMx="1.93" fuel="32.62" electricity="0.00" noise="124.80" route="routetop" type="cfm-fast" waiting="0.00" lane="top_0" pos="11.79" speed="20.43" angle="253.21" x="38.78" y="127.59"/>
        <vehicle id="cfm-fast_1" eclass="HBEFA3/PC_G_EU4" CO2="75882.00" CO="1486.29" HC="8.65" NOx="35.25" PMx="1.93" fuel="32.62" electricity="0.00" noise="124.80" route="routetop" type="cfm-fast" waiting="0.00" lane="top_1" pos="27.63" speed="20.43" angle="224.75" x="13.84" y="105.87"/>
        <vehicle id="cfm-fast_2" eclass="HBEFA3/PC_G_EU4" CO2="35041.30" CO="650.10" HC="3.83" NOx="16.04" PMx="0.86" fuel="15.06" electricity="0.00" noise="94.24" route="routetop" type="cfm-fast" waiting="0.00" lane="top_0" pos="42.82" speed="17.74" angle="197.47" x="-3.18" y="79.07"/>
        <vehicle id="cfm-fast_3" eclass="HBEFA3/PC_G_EU4" CO2="43899.19" CO="831.28" HC="4.87" NOx="20.21" PMx="1.09" fuel="18.87" electricity="0.00" noise="101.84" route="routetop" type="cfm-fast" waiting="0.00" lane="left_0" pos="8.73" speed="18.19" angle="168.68" x="-2.36" y="45.02"/>
        <vehicle id="cfm-fast_4" eclass="HBEFA3/PC_G_EU4" CO2="76005.87" CO="1488.82" HC="8.66" NOx="35.31" PMx="1.93" fuel="32.67" electricity="0.00" noise="124.82" route="routeleft" type="cfm-fast" waiting="0.00" lane="left_0" pos="25.15" speed="20.47" angle="139.23" x="15.38" y="14.93"/>
        <vehicle id="cfm-fast_5" eclass="HBEFA3/PC_G_EU4" CO2="77495.45" CO="1519.33" HC="8.84" NOx="36.00" PMx="1.97" fuel="33.31" electricity="0.00" noise="125.00" route="routeleft" type="cfm-fast" waiting="0.00" lane="left_1" pos="41.23" speed="20.86" angle="110.28" x="45.88" y="0.83"/>
        <vehicle id="cfm-slow_0" eclass="HBEFA3/PC_G_EU4" CO2="22612.03" CO="403.40" HC="2.39" NOx="10.23" PMx="0.54" fuel="9.72" electricity="0.00" noise="84.60" route="routebottom" type="cfm-slow" waiting="0.00" lane="bottom_0" pos="14.87" speed="15.35" angle="67.70" x="94.58" y="2.42"/>
        <vehicle id="cfm-slow_1" eclass="HBEFA3/PC_G_EU4" CO2="22637.22" CO="403.91" HC="2.40" NOx="10.25" PMx="0.54" fuel="9.73" electricity="0.00" noise="84.63" route="routebottom" type="cfm-slow" waiting="0.00" lane="bottom_0" pos="30.70" speed="15.35" angle="39.23" x="120.03" y="24.55"/>
        <vehicle id="cfm-slow_2" eclass="HBEFA3/PC_G_EU4" CO2="22791.92" CO="407.06" HC="2.41" NOx="10.32" PMx="0.54" fuel="9.80" electricity="0.00" noise="84.79" route="routebottom" type="cfm-slow" waiting="0.00" lane="bottom_0" pos="46.53" speed="15.36" angle="10.83" x="131.85" y="56.13"/>
        <vehicle id="cfm-slow_3" eclass="HBEFA3/PC_G_EU4" CO2="23594.41" CO="423.35" HC="2.51" NOx="10.70" PMx="0.57" fuel="10.14" electricity="0.00" noise="85.61" route="routebottom" type="cfm-slow" waiting="0.00" lane="right_0" pos="12.38" speed="15.41" angle="342.14" x="127.12" y="89.71"/>
        <vehicle id="cfm-slow_4" eclass="HBEFA3/PC_G_EU4" CO2="27071.99" CO="493.78" HC="2.92" NOx="12.33" PMx="0.66" fuel="11.64" electricity="0.00" noise="89.07" route="routeright" type="cfm-slow" waiting="0.00" lane="right_0" pos="28.27" speed="15.66" angle="313.62" x="106.95" y="116.89"/>
        <vehicle id="cfm-slow_5" eclass="HBEFA3/PC_G_EU4" CO2="39562.63" CO="746.47" HC="4.38" NOx="18.20" PMx="0.98" fuel="17.01" electricity="0.00" noise="100.31" route="routeright" type="cfm-slow" waiting="0.00" lane="right_0" pos="44.45" speed="16.74" angle="284.52" x="75.65" y="131.21"/>
    </timestep>
    <timestep time="1.54">
        <vehicle id="cfm-fast_0" eclass="HBEFA3/PC_G_EU4" CO2="76392.90" CO="1496.73" HC="8.71" NOx="35.49" PMx="1.94" fuel="32.84" electricity="0.00" noise="124.87" route="routetop" type="cfm-fast" waiting="0.00" lane="top_0" pos="12.00" speed="20.57" angle="252.84" x="38.37" y="127.42"/>
        <vehicle id="cfm-fast_1" eclass="HBEFA3/PC_G_EU4" CO2="76392.91" CO="1496.73" HC="8.71" NOx="35.49" PMx="1.94" fuel="32.84" electricity="0.00" noise="124.87" route="routetop" type="cfm-fast" waiting="0.00" lane="top_1" pos="27.83" speed="20.57" angle="224.36" x="13.57" y="105.55"/>
        <vehicle id="cfm-fast_2" eclass="HBEFA3/PC_G_EU4" CO2="34973.20" CO="648.51" HC="3.82" NOx="16.01" PMx="0.86" fuel="15.03" electricity="0.00" noise="94.07" route="routetop" type="cfm-fast" waiting="0.00" lane="top_0" pos="43.00" speed="17.81" angle="197.15" x="-3.27" y="78.70"/>
        <vehicle id="cfm-fast_3" eclass="HBEFA3/PC_G_EU4" CO2="44047.29" CO="834.12" HC="4.89" NOx="20.28" PMx="1.10" fuel="18.93" electricity="0.00" noise="101.83" route="routetop" type="cfm-fast" waiting="0.00" lane="left_0" pos="8.92" speed="18.27" angle="168.39" x="-2.26" y="44.64"/>
        <vehicle id="cfm-fast_4" eclass="HBEFA3/PC_G_EU4" CO2="76516.85" CO="1499.27" HC="8.73" NOx="35.54" PMx="1.95" fuel="32.89" electricity="0.00" noise="124.88" route="routeleft" type="cfm-fast" waiting="0.00" lane="left_0" pos="25.35" speed="20.60" angle="138.86" x="15.69" y="14.62"/>
        <vehicle id="cfm-fast_5" eclass="HBEFA3/PC_G_EU4" CO2="78007.28" CO="1529.84" HC="8.90" NOx="36.24" PMx="1.99" fuel="33.53" electricity="0.00" noise="125.07" route="routeleft" type="cfm-fast" waiting="0.00" lane="left_1" pos="41.44" speed="21.00" angle="109.89" x="46.30" y="0.71"/>
        <vehicle id="cfm-slow_0" eclass="HBEFA3/PC_G_EU4" CO2="22499.62" CO="400.84" HC="2.38" NOx="10.18" PMx="0.54" fuel="9.67" electricity="0.00" noise="84.43" route="routebottom" type="cfm-slow" waiting="0.00" lane="bottom_0" pos="15.02" speed="15.40" angle="67.41" x="94.88" y="2.57"/>
        <vehicle id="cfm-slow_1" eclass="HBEFA3/PC_G_EU4" CO2="22526.09" CO="401.38" HC="2.38" NOx="10.19" PMx="0.54" fuel="9.68" electricity="0.00" noise="84.46" route="routebottom" type="cfm-slow" waiting="0.00" lane="bottom_0" pos="30.85" speed="15.40" angle="38.99" x="120.22" y="24.82"/>
        <vehicle id="cfm-slow_2" eclass="HBEFA3/PC_G_EU4" CO2="22687.21" CO="404.66" HC="2.40" NOx="10.27" PMx="0.54" fuel="9.75" electricity="0.00" noise="84.62" route="routebottom" type="cfm-slow" waiting="0.00" lane="bottom_0" pos="46.69" speed="15.41" angle="10.55" x="131.89" y="56.46"/>
        <vehicle id="cfm-slow_3" eclass="HBEFA3/PC_G_EU4" CO2="23516.24" CO="421.49" HC="2.50" NOx="10.66" PMx="0.56" fuel="10.11" electricity="0.00" noise="85.47" route="routebottom" type="cfm-slow" waiting="0.00" lane="right_0" pos="12.53" speed="15.46" angle="341.86" x="127.00" y="90.02"/>
        <vehicle id="cfm-slow_4" eclass="HBEFA3/PC_G_EU4" CO2="27080.11" CO="493.67" HC="2.91" NOx="12.33" PMx="0.66" fuel="11.64" electricity="0.00" noise="88.99" route="routeright" type="cfm-slow" waiting="0.00" lane="right_0" pos="28.43" speed="15.72" angle="313.34" x="106.68" y="117.10"/>
        <vehicle id="cfm-slow_5" eclass="HBEFA3/PC_G_EU4" CO2="39777.06" CO="750.58" HC="4.40" NOx="18.30" PMx="0.99" fuel="17.10" electricity="0.00" noise="100.37" route="routeright" type="cfm-slow" waiting="0.00" lane="right_0" pos="44.61" speed="16.82" angle="284.20" x="75.29" y="131.27"/>
    </timestep>
    <timestep time="1.55">
        <vehicle id="cfm-fast_0" eclass="HBEFA3/PC_G_EU4" CO2="76904.10" CO="1507.20" HC="8.77" NOx="35.72" PMx="1.96" fuel="33.06" electricity="0.00" noise="124.93" route="routetop" type="cfm-fast" waiting="0.00" lane="top_0" pos="12.21" speed="20.71" angle="252.46" x="37.95" y="127.26"/>
        <vehicle id="cfm-fast_1" eclass="HBEFA3/PC_G_EU4" CO2="76904.11" CO="1507.20" HC="8.77" NOx="35.72" PMx="1.96" fuel="33.06" electricity="0.00" noise="124.93" route="routetop" type="cfm-fast" waiting="0.00" lane="top_1" pos="28.04" speed="20.71" angle="223.97" x="13.29" y="105.22"/>
        <vehicle id="cfm-fast_2" eclass="HBEFA3/PC_G_EU4" CO2="34906.67" CO="646.95" HC="3.81" NOx="15.97" PMx="0.86" fuel="15.00" electricity="0.00" noise="93.92" route="routetop" type="cfm-fast" waiting="0.00" lane="top_0" pos="43.18" speed="17.88" angle="196.84" x="-3.35" y="78.33"/>
        <vehicle id="cfm-fast_3" eclass="HBEFA3/PC_G_EU4" CO2="44197.91" CO="837.02" HC="4.91" NOx="20.35" PMx="1.10" fuel="19.00" electricity="0.00" noise="101.82" route="routetop" type="cfm-fast" waiting="0.00" lane="left_0" pos="9.10" speed="18.36" angle="168.06" x="-2.14" y="44.26"/>
        <vehicle id="cfm-fast_4" eclass="HBEFA3/PC_G_EU4" CO2="77028.12" CO="1509.74" HC="8.79" NOx="35.78" PMx="1.96" fuel="33.11" electricity="0.00" noise="124.95" route="routeleft" type="cfm-fast" waiting="0.00" lane="left_0" pos="25.56" speed="20.74" angle="138.50" x="16.01" y="14.30"/>
        <vehicle id="cfm-fast_5" eclass="HBEFA3/PC_G_EU4" CO2="78519.40" CO="1540.37" HC="8.96" NOx="36.48" PMx="2.00" fuel="33.75" electricity="0.00" noise="125.13" route="routeleft" type="cfm-fast" waiting="0.00" lane="left_1" pos="41.65" speed="21.14" angle="109.51" x="46.71" y="0.60"/>
        <vehicle id="cfm-slow_0" eclass="HBEFA3/PC_G_EU4" CO2="22387.11" CO="398.29" HC="2.36" NOx="10.13" PMx="0.53" fuel="9.62" electricity="0.00" noise="84.25" route="routebottom" type="cfm-slow" waiting="0.00" lane="bottom_0" pos="15.17" speed="15.45" angle="67.12" x="95.18" y="2.72"/>
        <vehicle id="cfm-slow_1" eclass="HBEFA3/PC_G_EU4" CO2="22414.91" CO="398.86" HC="2.37" NOx="10.14" PMx="0.53" fuel="9.64" electricity="0.00" noise="84.28" route="routebottom" type="cfm-slow" waiting="0.00" lane="bottom_0" pos="31.01" speed="15.45" angle="38.71" x="120.40" y="25.10"/>
        <vehicle id="cfm-slow_2" eclass="HBEFA3/PC_G_EU4" CO2="22582.65" CO="402.27" HC="2.39" NOx="10.22" PMx="0.54" fuel="9.71" electricity="0.00" noise="84.45" route="routebottom" type="cfm-slow" waiting="0.00" lane="bottom_0" pos="46.84" speed="15.46" angle="10.27" x="131.92" y="56.79"/>
        <vehicle id="cfm-slow_3" eclass="HBEFA3/PC_G_EU4" CO2="23438.80" CO="419.65" HC="2.49" NOx="10.62" PMx="0.56" fuel="10.08" electricity="0.00" noise="85.33" route="routebottom" type="cfm-slow" waiting="0.00" lane="right_0" pos="12.69" speed="15.51" angle="341.59" x="126.87" y="90.33"/>
        <vehicle id="cfm-slow_4" eclass="HBEFA3/PC_G_EU4" CO2="27089.97" CO="493.60" HC="2.91" NOx="12.34" PMx="0.66" fuel="11.64" electricity="0.00" noise="88.93" route="routeright" type="cfm-slow" waiting="0.00" lane="right_0" pos="28.59" speed="15.78" angle="313.05" x="106.41" y="117.31"/>
        <vehicle id="cfm-slow_5" eclass="HBEFA3/PC_G_EU4" CO2="39993.63" CO="754.73" HC="4.43" NOx="18.40" PMx="0.99" fuel="17.19" electricity="0.00" noise="100.42" route="routeright" type="cfm-slow" waiting="0.00" lane="right_0" pos="44.78" speed="16.90" angle="283.89" x="74.93" y="131.34"/>
    </timestep>
    <timestep time="1.56">
        <vehicle id="cfm-fast_0" eclass="HBEFA3/PC_G_EU4" CO2="77415.59" CO="1517.69" HC="8.83" NOx="35.96" PMx="1.97" fuel="33.28" electricity="0.00" noise="124.99" route="routetop" type="cfm-fast" waiting="0.00" lane="top_0" pos="12.42" speed="20.84" angle="252.09" x="37.54" y="127.09"/>
        <vehicle id="cfm-fast_1" eclass="HBEFA3/PC_G_EU4" CO2="77415.60" CO="1517.69" HC="8.83" NOx="35.96" PMx="1.97" fuel="33.28" electricity="0.00" noise="124.99" route="routetop" type="cfm-fast" waiting="0.00" lane="top_1" pos="28.25" speed="20.84" angle="223.64" x="13.02" y="104.90"/>
        <vehicle id="cfm-fast_2" eclass="HBEFA3/PC_G_EU4" CO2="34841.75" CO="645.42" HC="3.80" NOx="15.94" PMx="0.86" fuel="14.98" electricity="0.00" noise="93.76" route="routetop" type="cfm-fast" waiting="0.00" lane="top_0" pos="43.36" speed="17.95" angle="196.52" x="-3.44" y="77.95"/>
        <vehicle id="cfm-fast_3" eclass="HBEFA3/PC_G_EU4" CO2="44351.08" CO="839.97" HC="4.92" NOx="20.42" PMx="1.11" fuel="19.06" electricity="0.00" noise="101.81" route="routetop" type="cfm-fast" waiting="0.00" lane="left_0" pos="9.28" speed="18.44" angle="167.72" x="-2.02" y="43.88"/>
        <vehicle id="cfm-fast_4" eclass="HBEFA3/PC_G_EU4" CO2="77539.69" CO="1520.23" HC="8.85" NOx="36.02" PMx="1.98" fuel="33.33" electricity="0.00" noise="125.01" route="routeleft" type="cfm-fast" waiting="0.00" lane="left_0" pos="25.77" speed="20.88" angle="138.15" x="16.33" y="13.99"/>
        <vehicle id="cfm-fast_5" eclass="HBEFA3/PC_G_EU4" CO2="79031.81" CO="1550.93" HC="9.02" NOx="36.71" PMx="2.01" fuel="33.97" electricity="0.00" noise="125.20" route="routeleft" type="cfm-fast" waiting="0.00" lane="left_1" pos="41.87" speed="21.27" angle="109.12" x="47.14" y="0.49"/>
        <vehicle id="cfm-slow_0" eclass="HBEFA3/PC_G_EU4" CO2="22274.53" CO="395.74" HC="2.35" NOx="10.07" PMx="0.53" fuel="9.57" electricity="0.00" noise="84.08" route="routebottom" type="cfm-slow" waiting="0.00" lane="bottom_0" pos="15.33" speed="15.50" angle="66.88" x="95.48" y="2.87"/>
        <vehicle id="cfm-slow_1" eclass="HBEFA3/PC_G_EU4" CO2="22303.71" CO="396.33" HC="2.35" NOx="10.08" PMx="0.53" fuel="9.59" electricity="0.00" noise="84.11" route="routebottom" type="cfm-slow" waiting="0.00" lane="bottom_0" pos="31.16" speed="15.50" angle="38.43" x="120.59" y="25.38"/>
        <vehicle id="cfm-slow_2" eclass="HBEFA3/PC_G_EU4" CO2="22478.27" CO="399.89" HC="2.37" NOx="10.17" PMx="0.54" fuel="9.66" electricity="0.00" noise="84.29" route="routebottom" type="cfm-slow" waiting="0.00" lane="bottom_0" pos="47.00" speed="15.51" angle="9.99" x="131.96" y="57.12"/>
        <vehicle id="cfm-slow_3" eclass="HBEFA3/PC_G_EU4" CO2="23362.12" CO="417.83" HC="2.48" NOx="10.58" PMx="0.56" fuel="10.04" electricity="0.00" noise="85.19" route="routebottom" type="cfm-slow" waiting="0.00" lane="right_0" pos="12.84" speed="15.56" angle="341.35" x="126.74" y="90.64"/>
        <vehicle id="cfm-slow_4" eclass="HBEFA3/PC_G_EU4" CO2="27101.59" CO="493.58" HC="2.92" NOx="12.34" PMx="0.66" fuel="11.65" electricity="0.00" noise="88.86" route="routeright" type="cfm-slow" waiting="0.00" lane="right_0" pos="28.75" speed="15.84" angle="312.76" x="106.15" y="117.52"/>
        <vehicle id="cfm-slow_5" eclass="HBEFA3/PC_G_EU4" CO2="40212.35" CO="758.94" HC="4.45" NOx="18.50" PMx="1.00" fuel="17.29" electricity="0.00" noise="100.48" route="routeright" type="cfm-slow" waiting="0.00" lane="right_0" pos="44.95" speed="16.99" angle="283.64" x="74.57" y="131.40"/>
    </timestep>
    <timestep time="1.57">
        <vehicle id="cfm-fast_0" eclass="HBEFA3/PC_G_EU4" CO2="77927.37" CO="1528.20" HC="8.89" NOx="36.20" PMx="1.99" fuel="33.50" electricity="0.00" noise="125.06" route="routetop" type="cfm-fast" waiting="0.00" lane="top_0" pos="12.63" speed="20.98" angle="251.71" x="37.12" y="126.93"/>
        <vehicle id="cfm-fast_1" eclass="HBEFA3/PC_G_EU4" CO2="77927.38" CO="1528.20" HC="8.89" NOx="36.20" PMx="1.99" fuel="33.50" electricity="0.00" noise="125.06" route="routetop" type="cfm-fast" waiting="0.00" lane="top_1" pos="28.46" speed="20.98" angle="223.26" x="12.75" y="104.56"/>
        <vehicle id="cfm-fast_2" eclass="HBEFA3/PC_G_EU4" CO2="34778.48" CO="643.94" HC="3.79" NOx="15.91" PMx="0.86" fuel="14.95" electricity="0.00" noise="93.61" route="routetop" type="cfm-fast" waiting="0.00" lane="top_0" pos="43.54" speed="18.01" angle="196.21" x="-3.53" y="77.57"/>
        <vehicle id="cfm-fast_3" eclass="HBEFA3/PC_G_EU4" CO2="44506.80" CO="842.98" HC="4.94" NOx="20.49" PMx="1.11" fuel="19.13" electricity="0.00" noise="101.80" route="routetop" type="cfm-fast" waiting="0.00" lane="left_0" pos="9.47" speed="18.53" angle="167.37" x="-1.91" y="43.50"/>
        <vehicle id="cfm-fast_4" eclass="HBEFA3/PC_G_EU4" CO2="78051.54" CO="1530.75" HC="8.91" NOx="36.26" PMx="1.99" fuel="33.55" electricity="0.00" noise="125.07" route="routeleft" type="cfm-fast" waiting="0.00" lane="left_0" pos="25.98" speed="21.01" angle="137.76" x="16.67" y="13.69"/>
        <vehicle id="cfm-fast_5" eclass="HBEFA3/PC_G_EU4" CO2="79544.52" CO="1561.51" HC="9.08" NOx="36.95" PMx="2.03" fuel="34.19" electricity="0.00" noise="125.26" route="routeleft" type="cfm-fast" waiting="0.00" lane="left_1" pos="42.08" speed="21.41" angle="108.73" x="47.56" y="0.38"/>
        <vehicle id="cfm-slow_0" eclass="HBEFA3/PC_G_EU4" CO2="22161.90" CO="393.19" HC="2.34" NOx="10.02" PMx="0.53" fuel="9.53" electricity="0.00" noise="83.91" route="routebottom" type="cfm-slow" waiting="0.00" lane="bottom_0" pos="15.48" speed="15.55" angle="66.62" x="95.77" y="3.03"/>
        <vehicle id="cfm-slow_1" eclass="HBEFA3/PC_G_EU4" CO2="22192.50" CO="393.82" HC="2.34" NOx="10.03" PMx="0.53" fuel="9.54" electricity="0.00" noise="83.94" route="routebottom" type="cfm-slow" waiting="0.00" lane="bottom_0" pos="31.32" speed="15.55" angle="38.15" x="120.77" y="25.65"/>
        <vehicle id="cfm-slow_2" eclass="HBEFA3/PC_G_EU4" CO2="22374.10" CO="397.51" HC="2.36" NOx="10.12" PMx="0.53" fuel="9.62" electricity="0.00" noise="84.13" route="routebottom" type="cfm-slow" waiting="0.00" lane="bottom_0" pos="47.15" speed="15.56" angle="9.70" x="131.99" y="57.45"/>
        <vehicle id="cfm-slow_3" eclass="HBEFA3/PC_G_EU4" CO2="23286.22" CO="416.03" HC="2.47" NOx="10.55" PMx="0.56" fuel="10.01" electricity="0.00" noise="85.05" route="routebottom" type="cfm-slow" waiting="0.00" lane="right_0" pos="13.00" speed="15.61" angle="341.07" x="126.61" y="90.95"/>
        <vehicle id="cfm-slow_4" eclass="HBEFA3/PC_G_EU4" CO2="27114.99" CO="493.59" HC="2.92" NOx="12.35" PMx="0.66" fuel="11.66" electricity="0.00" noise="88.80" route="routeright" type="cfm-slow" waiting="0.00" lane="right_0" pos="28.91" speed="15.90" angle="312.47" x="105.88" y="117.73"/>
        <vehicle id="cfm-slow_5" eclass="HBEFA3/PC_G_EU4" CO2="40433.22" CO="763.19" HC="4.47" NOx="18.60" PMx="1.00" fuel="17.38" electricity="0.00" noise="100.54" route="routeright" type="cfm-slow" waiting="0.00" lane="right_0" pos="45.12" speed="17.07" angle="283.33" x="74.21" y="131.45"/>
    </timestep>
    <timestep time="1.58">
        <vehicle id="cfm-fast_0" eclass="HBEFA3/PC_G_EU4" CO2="78439.45" CO="1538.73" HC="8.95" NOx="36.44" PMx="2.00" fuel="33.72" electricity="0.00" noise="125.12" route="routetop" type="cfm-fast" waiting="0.00" lane="top_0" pos="12.84" speed="21.12" angle="251.38" x="36.70" y="126.75"/>
        <vehicle id="cfm-fast_1" eclass="HBEFA3/PC_G_EU4" CO2="78439.46" CO="1538.73" HC="8.95" NOx="36.44" PMx="2.00" fuel="33.72" electricity="0.00" noise="125.12" route="routetop" type="cfm-fast" waiting="0.00" lane="top_1" pos="28.67" speed="21.12" angle="222.88" x="12.49" y="104.22"/>
        <vehicle id="cfm-fast_2" eclass="HBEFA3/PC_G_EU4" CO2="34716.91" CO="642.50" HC="3.78" NOx="15.88" PMx="0.86" fuel="14.92" electricity="0.00" noise="93.46" route="routetop" type="cfm-fast" waiting="0.00" lane="top_0" pos="43.72" speed="18.08" angle="195.92" x="-3.60" y="77.19"/>
        <vehicle id="cfm-fast_3" eclass="HBEFA3/PC_G_EU4" CO2="44665.07" CO="846.06" HC="4.96" NOx="20.56" PMx="1.12" fuel="19.20" electricity="0.00" noise="101.79" route="routetop" type="cfm-fast" waiting="0.00" lane="left_0" pos="9.66" speed="18.62" angle="167.03" x="-1.79" y="43.12"/>
        <vehicle id="cfm-fast_4" eclass="HBEFA3/PC_G_EU4" CO2="78563.69" CO="1541.29" HC="8.97" NOx="36.50" PMx="2.00" fuel="33.77" electricity="0.00" noise="125.14" route="routeleft" type="cfm-fast" waiting="0.00" lane="left_0" pos="26.19" speed="21.15" angle="137.37" x="17.00" y="13.38"/>
        <vehicle id="cfm-fast_5" eclass="HBEFA3/PC_G_EU4" CO2="80057.52" CO="1572.11" HC="9.15" NOx="37.19" PMx="2.04" fuel="34.41" electricity="0.00" noise="125.32" route="routeleft" type="cfm-fast" waiting="0.00" lane="left_1" pos="42.30" speed="21.55" angle="108.38" x="47.99" y="0.26"/>
        <vehicle id="cfm-slow_0" eclass="HBEFA3/PC_G_EU4" CO2="22049.24" CO="390.65" HC="2.32" NOx="9.96" PMx="0.52" fuel="9.48" electricity="0.00" noise="83.74" route="routebottom" type="cfm-slow" waiting="0.00" lane="bottom_0" pos="15.64" speed="15.60" angle="66.33" x="96.07" y="3.19"/>
        <vehicle id="cfm-slow_1" eclass="HBEFA3/PC_G_EU4" CO2="22081.32" CO="391.30" HC="2.32" NOx="9.98" PMx="0.53" fuel="9.49" electricity="0.00" noise="83.77" route="routebottom" type="cfm-slow" waiting="0.00" lane="bottom_0" pos="31.47" speed="15.60" angle="37.87" x="120.96" y="25.93"/>
        <vehicle id="cfm-slow_2" eclass="HBEFA3/PC_G_EU4" CO2="22270.16" CO="395.15" HC="2.35" NOx="10.07" PMx="0.53" fuel="9.57" electricity="0.00" noise="83.96" route="routebottom" type="cfm-slow" waiting="0.00" lane="bottom_0" pos="47.31" speed="15.61" angle="9.41" x="132.02" y="57.79"/>
        <vehicle id="cfm-slow_3" eclass="HBEFA3/PC_G_EU4" CO2="23211.14" CO="414.25" HC="2.46" NOx="10.51" PMx="0.56" fuel="9.98" electricity="0.00" noise="84.91" route="routebottom" type="cfm-slow" waiting="0.00" lane="right_0" pos="13.15" speed="15.67" angle="340.78" x="126.47" y="91.26"/>
        <vehicle id="cfm-slow_4" eclass="HBEFA3/PC_G_EU4" CO2="27130.18" CO="493.65" HC="2.92" NOx="12.35" PMx="0.66" fuel="11.66" electricity="0.00" noise="88.74" route="routeright" type="cfm-slow" waiting="0.00" lane="right_0" pos="29.07" speed="15.95" angle="312.18" x="105.61" y="117.94"/>
        <vehicle id="cfm-slow_5" eclass="HBEFA3/PC_G_EU4" CO2="40656.24" CO="767.50" HC="4.50" NOx="18.70" PMx="1.01" fuel="17.48" electricity="0.00" noise="100.61" route="routeright" type="cfm-slow" waiting="0.00" lane="right_0" pos="45.29" speed="17.16" angle="283.02" x="73.84" y="131.51"/>
    </timestep>
    <timestep time="1.59">
        <vehicle id="cfm-fast_0" eclass="HBEFA3/PC_G_EU4" CO2="78951.82" CO="1549.28" HC="9.01" NOx="36.68" PMx="2.01" fuel="33.94" electricity="0.00" noise="125.19" route="routetop" type="cfm-fast" waiting="0.00" lane="top_0" pos="13.05" speed="21.25" angle="250.99" x="36.28" y="126.57"/>
        <vehicle id="cfm-fast_1" eclass="HBEFA3/PC_G_EU4" CO2="78951.83" CO="1549.28" HC="9.01" NOx="36.68" PMx="2.01" fuel="33.94" electricity="0.00" noise="125.19" route="routetop" type="cfm-fast" waiting="0.00" lane="top_1" pos="28.88" speed="21.25" angle="222.49" x="12.22" y="103.87"/>
        <vehicle id="cfm-fast_2" eclass="HBEFA3/PC_G_EU4" CO2="34657.07" CO="641.10" HC="3.78" NOx="15.85" PMx="0.85" fuel="14.90" electricity="0.00" noise="93.32" route="routetop" type="cfm-fast" waiting="0.00" lane="top_0" pos="43.90" speed="18.15" angle="195.58" x="-3.68" y="76.81"/>
        <vehicle id="cfm-fast_3" eclass="HBEFA3/PC_G_EU4" CO2="44825.91" CO="849.19" HC="4.98" NOx="20.63" PMx="1.12" fuel="19.27" electricity="0.00" noise="101.79" route="routetop" type="cfm-fast" waiting="0.00" lane="left_0" pos="9.84" speed="18.70" angle="166.68" x="-1.67" y="42.73"/>
        <vehicle id="cfm-fast_4" eclass="HBEFA3/PC_G_EU4" CO2="79076.13" CO="1551.84" HC="9.03" NOx="36.74" PMx="2.02" fuel="33.99" electricity="0.00" noise="125.20" route="routeleft" type="cfm-fast" waiting="0.00" lane="left_0" pos="26.40" speed="21.28" angle="136.98" x="17.34" y="13.07"/>
        <vehicle id="cfm-fast_5" eclass="HBEFA3/PC_G_EU4" CO2="80570.81" CO="1582.73" HC="9.21" NOx="37.43" PMx="2.06" fuel="34.63" electricity="0.00" noise="125.39" route="routeleft" type="cfm-fast" waiting="0.00" lane="left_1" pos="42.51" speed="21.68" angle="108.00" x="48.42" y="0.16"/>
        <vehicle id="cfm-slow_0" eclass="HBEFA3/PC_G_EU4" CO2="21936.56" CO="388.11" HC="2.31" NOx="9.91" PMx="0.52" fuel="9.43" electricity="0.00" noise="83.57" route="routebottom" type="cfm-slow" waiting="0.00" lane="bottom_0" pos="15.80" speed="15.64" angle="66.04" x="96.36" y="3.35"/>
        <vehicle id="cfm-slow_1" eclass="HBEFA3/PC_G_EU4" CO2="21970.19" CO="388.80" HC="2.31" NOx="9.92" PMx="0.52" fuel="9.44" electricity="0.00" noise="83.60" route="routebottom" type="cfm-slow" waiting="0.00" lane="bottom_0" pos="31.63" speed="15.65" angle="37.59" x="121.15" y="26.21"/>
        <vehicle id="cfm-slow_2" eclass="HBEFA3/PC_G_EU4" CO2="22166.47" CO="392.79" HC="2.33" NOx="10.02" PMx="0.53" fuel="9.53" electricity="0.00" noise="83.80" route="routebottom" type="cfm-slow" waiting="0.00" lane="bottom_0" pos="47.47" speed="15.66" angle="9.19" x="132.06" y="58.12"/>
        <vehicle id="cfm-slow_3" eclass="HBEFA3/PC_G_EU4" CO2="23136.90" CO="412.50" HC="2.45" NOx="10.47" PMx="0.55" fuel="9.95" electricity="0.00" noise="84.78" route="routebottom" type="cfm-slow" waiting="0.00" lane="right_0" pos="13.31" speed="15.72" angle="340.50" x="126.33" y="91.56"/>
        <vehicle id="cfm-slow_4" eclass="HBEFA3/PC_G_EU4" CO2="27147.19" CO="493.74" HC="2.92" NOx="12.36" PMx="0.66" fuel="11.67" electricity="0.00" noise="88.68" route="routeright" type="cfm-slow" waiting="0.00" lane="right_0" pos="29.23" speed="16.01" angle="311.89" x="105.34" y="118.15"/>
        <vehicle id="cfm-slow_5" eclass="HBEFA3/PC_G_EU4" CO2="40881.41" CO="771.85" HC="4.53" NOx="18.81" PMx="1.02" fuel="17.57" electricity="0.00" noise="100.67" route="routeright" type="cfm-slow" waiting="0.00" lane="right_0" pos="45.47" speed="17.24" angle="282.71" x="73.48" y="131.56"/>
    </timestep>
    <timestep time="1.60">
        <vehicle id="cfm-fast_0" eclass="HBEFA3/PC_G_EU4" CO2="79464.48" CO="1559.85" HC="9.08" NOx="36.92" PMx="2.03" fuel="34.16" electricity="0.00" noise="125.25" route="routetop" type="cfm-fast" waiting="0.00" lane="top_0" pos="13.26" speed="21.39" angle="250.60" x="35.86" y="126.38"/>
        <vehicle id="cfm-fast_1" eclass="HBEFA3/PC_G_EU4" CO2="79464.49" CO="1559.85" HC="9.08" NOx="36.92" PMx="2.03" fuel="34.16" electricity="0.00" noise="125.25" route="routetop" type="cfm-fast" waiting="0.00" lane="top_1" pos="29.10" speed="21.39" angle="222.10" x="11.95" y="103.53"/>
        <vehicle id="cfm-fast_2" eclass="HBEFA3/PC_G_EU4" CO2="34599.01" CO="639.73" HC="3.77" NOx="15.82" PMx="0.85" fuel="14.87" electricity="0.00" noise="93.18" route="routetop" type="cfm-fast" waiting="0.00" lane="top_0" pos="44.08" speed="18.21" angle="195.24" x="-3.75" y="76.42"/>
        <vehicle id="cfm-fast_3" eclass="HBEFA3/PC_G_EU4" CO2="44989.31" CO="852.38" HC="4.99" NOx="20.71" PMx="1.12" fuel="19.34" electricity="0.00" noise="101.79" route="routetop" type="cfm-fast" waiting="0.00" lane="left_0" pos="10.03" speed="18.79" angle="166.33" x="-1.55" y="42.35"/>
        <vehicle id="cfm-fast_4" eclass="HBEFA3/PC_G_EU4" CO2="79588.86" CO="1562.42" HC="9.09" NOx="36.97" PMx="2.03" fuel="34.21" electricity="0.00" noise="125.27" route="routeleft" type="cfm-fast" waiting="0.00" lane="left_0" pos="26.62" speed="21.42" angle="136.58" x="17.68" y="12.75"/>
        <vehicle id="cfm-fast_5" eclass="HBEFA3/PC_G_EU4" CO2="81084.39" CO="1593.37" HC="9.27" NOx="37.67" PMx="2.07" fuel="34.85" electricity="0.00" noise="125.45" route="routeleft" type="cfm-fast" waiting="0.00" lane="left_1" pos="42.73" speed="21.82" angle="107.61" x="48.86" y="0.06"/>
        <vehicle id="cfm-slow_0" eclass="HBEFA3/PC_G_EU4" CO2="21823.89" CO="385.57" HC="2.29" NOx="9.85" PMx="0.52" fuel="9.38" electricity="0.00" noise="83.40" route="routebottom" type="cfm-slow" waiting="0.00" lane="bottom_0" pos="15.95" speed="15.69" angle="65.75" x="96.65" y="3.52"/>
        <vehicle id="cfm-slow_1" eclass="HBEFA3/PC_G_EU4" CO2="21859.12" CO="386.29" HC="2.30" NOx="9.87" PMx="0.52" fuel="9.40" electricity="0.00" noise="83.44" route="routebottom" type="cfm-slow" waiting="0.00" lane="bottom_0" pos="31.79" speed="15.69" angle="37.31" x="121.33" y="26.49"/>
        <vehicle id="cfm-slow_2" eclass="HBEFA3/PC_G_EU4" CO2="22063.06" CO="390.44" HC="2.32" NOx="9.97" PMx="0.53" fuel="9.48" electricity="0.00" noise="83.65" route="routebottom" type="cfm-slow" waiting="0.00" lane="bottom_0" pos="47.62" speed="15.70" angle="8.90" x="132.08" y="58.46"/>
        <vehicle id="cfm-slow_3" eclass="HBEFA3/PC_G_EU4" CO2="23063.53" CO="410.76" HC="2.44" NOx="10.44" PMx="0.55" fuel="9.91" electricity="0.00" noise="84.65" route="routebottom" type="cfm-slow" waiting="0.00" lane="right_0" pos="13.47" speed="15.77" angle="340.21" x="126.19" y="91.87"/>
        <vehicle id="cfm-slow_4" eclass="HBEFA3/PC_G_EU4" CO2="27166.03" CO="493.88" HC="2.92" NOx="12.37" PMx="0.66" fuel="11.68" electricity="0.00" noise="88.62" route="routeright" type="cfm-slow" waiting="0.00" lane="right_0" pos="29.39" speed="16.07" angle="311.60" x="105.06" y="118.37"/>
        <vehicle id="cfm-slow_5" eclass="HBEFA3/PC_G_EU4" CO2="41108.74" CO="776.26" HC="4.55" NOx="18.91" PMx="1.02" fuel="17.67" electricity="0.00" noise="100.74" route="routeright" type="cfm-slow" waiting="0.00" lane="right_0" pos="45.64" speed="17.33" angle="282.40" x="73.11" y="131.61"/>
    </timestep>
    <timestep time="1.61">
        <vehicle id="cfm-fast_0" eclass="HBEFA3/PC_G_EU4" CO2="79977.43" CO="1570.45" HC="9.14" NOx="37.16" PMx="2.04" fuel="34.38" electricity="0.00" noise="125.31" route="routetop" type="cfm-fast" waiting="0.00" lane="top_0" pos="13.48" speed="21.52" angle="250.21" x="35.44" y="126.19"/>
        <vehicle id="cfm-fast_1" eclass="HBEFA3/PC_G_EU4" CO2="79977.44" CO="1570.45" HC="9.14" NOx="37.16" PMx="2.04" fuel="34.38" electricity="0.00" noise="125.31" route="routetop" type="cfm-fast" waiting="0.00" lane="top_1" pos="29.31" speed="21.52" angle="221.71" x="11.68" y="103.18"/>
        <vehicle id="cfm-fast_2" eclass="HBEFA3/PC_G_EU4" CO2="34542.77" CO="638.42" HC="3.76" NOx="15.79" PMx="0.85" fuel="14.85" electricity="0.00" noise="93.04" route="routetop" type="cfm-fast" waiting="0.00" lane="top_0" pos="44.26" speed="18.28" angle="194.90" x="-3.82" y="76.03"/>
        <vehicle id="cfm-fast_3" eclass="HBEFA3/PC_G_EU4" CO2="45155.28" CO="855.63" HC="5.01" NOx="20.79" PMx="1.13" fuel="19.41" electricity="0.00" noise="101.80" route="routetop" type="cfm-fast" waiting="0.00" lane="left_0" pos="10.22" speed="18.87" angle="166.05" x="-1.43" y="41.96"/>
        <vehicle id="cfm-fast_4" eclass="HBEFA3/PC_G_EU4" CO2="80101.88" CO="1573.02" HC="9.15" NOx="37.21" PMx="2.04" fuel="34.43" electricity="0.00" noise="125.33" route="routeleft" type="cfm-fast" waiting="0.00" lane="left_0" pos="26.83" speed="21.56" angle="136.20" x="18.02" y="12.44"/>
        <vehicle id="cfm-fast_5" eclass="HBEFA3/PC_G_EU4" CO2="81598.27" CO="1604.03" HC="9.33" NOx="37.91" PMx="2.08" fuel="35.07" electricity="0.00" noise="125.52" route="routeleft" type="cfm-fast" waiting="0.00" lane="left_1" pos="42.95" speed="21.95" angle="107.22" x="49.30" y="-0.04"/>
        <vehicle id="cfm-slow_0" eclass="HBEFA3/PC_G_EU4" CO2="21711.25" CO="383.04" HC="2.28" NOx="9.80" PMx="0.52" fuel="9.33" electricity="0.00" noise="83.24" route="routebottom" type="cfm-slow" waiting="0.00" lane="bottom_0" pos="16.11" speed="15.74" angle="65.46" x="96.95" y="3.68"/>
        <vehicle id="cfm-slow_1" eclass="HBEFA3/PC_G_EU4" CO2="21748.13" CO="383.79" HC="2.28" NOx="9.82" PMx="0.52" fuel="9.35" electricity="0.00" noise="83.28" route="routebottom" type="cfm-slow" waiting="0.00" lane="bottom_0" pos="31.94" speed="15.74" angle="37.03" x="121.52" y="26.77"/>
        <vehicle id="cfm-slow_2" eclass="HBEFA3/PC_G_EU4" CO2="21959.97" CO="388.10" HC="2.31" NOx="9.92" PMx="0.52" fuel="9.44" electricity="0.00" noise="83.49" route="routebottom" type="cfm-slow" waiting="0.00" lane="bottom_0" pos="47.78" speed="15.75" angle="8.60" x="132.10" y="58.80"/>
        <vehicle id="cfm-slow_3" eclass="HBEFA3/PC_G_EU4" CO2="22991.06" CO="409.04" HC="2.43" NOx="10.40" PMx="0.55" fuel="9.88" electricity="0.00" noise="84.52" route="routebottom" type="cfm-slow" waiting="0.00" lane="right_0" pos="13.63" speed="15.82" angle="339.93" x="126.06" y="92.18"/>
        <vehicle id="cfm-slow_4" eclass="HBEFA3/PC_G_EU4" CO2="27186.72" CO="494.06" HC="2.92" NOx="12.37" PMx="0.66" fuel="11.69" electricity="0.00" noise="88.57" route="routeright" type="cfm-slow" waiting="0.00" lane="right_0" pos="29.55" speed="16.13" angle="311.36" x="104.79" y="118.58"/>
        <vehicle id="cfm-slow_5" eclass="HBEFA3/PC_G_EU4" CO2="41338.23" CO="780.72" HC="4.58" NOx="19.02" PMx="1.03" fuel="17.77" electricity="0.00" noise="100.80" route="routeright" type="cfm-slow" waiting="0.00" lane="right_0" pos="45.81" speed="17.41" angle="282.09" x="72.74" y="131.66"/>
    </timestep>
    <timestep time="1.62">
        <vehicle id="cfm-fast_0" eclass="HBEFA3/PC_G_EU4" CO2="80490.68" CO="1581.07" HC="9.20" NOx="37.39" PMx="2.05" fuel="34.60" electricity="0.00" noise="125.38" route="routetop" type="cfm-fast" waiting="0.00" lane="top_0" pos="13.70" speed="21.66" angle="249.81" x="35.01" y="126.00"/>
        <vehicle id="cfm-fast_1" eclass="HBEFA3/PC_G_EU4" CO2="80490.69" CO="1581.07" HC="9.20" NOx="37.39" PMx="2.05" fuel="34.60" electricity="0.00" noise="125.38" route="routetop" type="cfm-fast" waiting="0.00" lane="top_1" pos="29.53" speed="21.66" angle="221.36" x="11.41" y="102.83"/>
        <vehicle id="cfm-fast_2" eclass="HBEFA3/PC_G_EU4" CO2="34488.37" CO="637.14" HC="3.75" NOx="15.77" PMx="0.85" fuel="14.82" electricity="0.00" noise="92.91" route="routetop" type="cfm-fast" waiting="0.00" lane="top_0" pos="44.45" speed="18.35" angle="194.56" x="-3.89" y="75.65"/>
        <vehicle id="cfm-fast_3" eclass="HBEFA3/PC_G_EU4" CO2="45323.83" CO="858.94" HC="5.03" NOx="20.86" PMx="1.13" fuel="19.48" electricity="0.00" noise="101.81" route="routetop" type="cfm-fast" waiting="0.00" lane="left_0" pos="10.41" speed="18.96" angle="165.70" x="-1.29" y="41.57"/>
        <vehicle id="cfm-fast_4" eclass="HBEFA3/PC_G_EU4" CO2="80615.20" CO="1583.64" HC="9.21" NOx="37.45" PMx="2.06" fuel="34.65" electricity="0.00" noise="125.39" route="routeleft" type="cfm-fast" waiting="0.00" lane="left_0" pos="27.05" speed="21.69" angle="135.84" x="18.37" y="12.13"/>
        <vehicle id="cfm-fast_5" eclass="HBEFA3/PC_G_EU4" CO2="82112.43" CO="1614.72" HC="9.39" NOx="38.15" PMx="2.10" fuel="35.30" electricity="0.00" noise="125.58" route="routeleft" type="cfm-fast" waiting="0.00" lane="left_1" pos="43.17" speed="22.09" angle="106.82" x="49.74" y="-0.14"/>
        <vehicle id="cfm-slow_0" eclass="HBEFA3/PC_G_EU4" CO2="21598.65" CO="380.52" HC="2.26" NOx="9.75" PMx="0.51" fuel="9.28" electricity="0.00" noise="83.08" route="routebottom" type="cfm-slow" waiting="0.00" lane="bottom_0" pos="16.27" speed="15.78" angle="65.17" x="97.25" y="3.85"/>
        <vehicle id="cfm-slow_1" eclass="HBEFA3/PC_G_EU4" CO2="21637.25" CO="381.30" HC="2.27" NOx="9.76" PMx="0.51" fuel="9.30" electricity="0.00" noise="83.11" route="routebottom" type="cfm-slow" waiting="0.00" lane="bottom_0" pos="32.10" speed="15.79" angle="36.81" x="121.71" y="27.06"/>
        <vehicle id="cfm-slow_2" eclass="HBEFA3/PC_G_EU4" CO2="21857.20" CO="385.78" HC="2.29" NOx="9.87" PMx="0.52" fuel="9.40" electricity="0.00" noise="83.34" route="routebottom" type="cfm-slow" waiting="0.00" lane="bottom_0" pos="47.94" speed="15.80" angle="8.30" x="132.12" y="59.14"/>
        <vehicle id="cfm-slow_3" eclass="HBEFA3/PC_G_EU4" CO2="22919.51" CO="407.35" HC="2.42" NOx="10.37" PMx="0.55" fuel="9.85" electricity="0.00" noise="84.39" route="routebottom" type="cfm-slow" waiting="0.00" lane="right_0" pos="13.79" speed="15.86" angle="339.64" x="125.92" y="92.50"/>
        <vehicle id="cfm-slow_4" eclass="HBEFA3/PC_G_EU4" CO2="27209.27" CO="494.28" HC="2.92" NOx="12.38" PMx="0.66" fuel="11.70" electricity="0.00" noise="88.52" route="routeright" type="cfm-slow" waiting="0.00" lane="right_0" pos="29.71" speed="16.19" angle="311.05" x="104.50" y="118.78"/>
        <vehicle id="cfm-slow_5" eclass="HBEFA3/PC_G_EU4" CO2="41569.87" CO="785.22" HC="4.60" NOx="19.13" PMx="1.03" fuel="17.87" electricity="0.00" noise="100.87" route="routeright" type="cfm-slow" waiting="0.00" lane="right_0" pos="45.99" speed="17.50" angle="281.77" x="72.36" y="131.72"/>
    </timestep>
    <timestep time="1.63">
        <vehicle id="cfm-fast_0" eclass="HBEFA3/PC_G_EU4" CO2="79849.17" CO="1567.92" HC="9.12" NOx="37.09" PMx="2.04" fuel="34.32" electricity="0.00" noise="124.55" route="routetop" type="cfm-fast" waiting="0.00" lane="top_0" pos="13.91" speed="21.79" angle="249.42" x="34.58" y="125.81"/>
        <vehicle id="cfm-fast_1" eclass="HBEFA3/PC_G_EU4" CO2="81004.23" CO="1591.71" HC="9.26" NOx="37.63" PMx="2.07" fuel="34.82" electricity="0.00" noise="125.44" route="routetop" type="cfm-fast" waiting="0.00" lane="top_1" pos="29.75" speed="21.80" angle="220.95" x="11.14" y="102.47"/>
        <vehicle id="cfm-fast_2" eclass="HBEFA3/PC_G_EU4" CO2="34435.86" CO="635.91" HC="3.75" NOx="15.74" PMx="0.85" fuel="14.80" electricity="0.00" noise="92.78" route="routetop" type="cfm-fast" waiting="0.00" lane="top_0" pos="44.63" speed="18.41" angle="194.21" x="-3.96" y="75.26"/>
        <vehicle id="cfm-fast_3" eclass="HBEFA3/PC_G_EU4" CO2="45494.97" CO="862.31" HC="5.05" NOx="20.94" PMx="1.14" fuel="19.56" electricity="0.00" noise="101.82" route="routetop" type="cfm-fast" waiting="0.00" lane="left_0" pos="10.60" speed="19.05" angle="165.35" x="-1.15" y="41.19"/>
        <vehicle id="cfm-fast_4" eclass="HBEFA3/PC_G_EU4" CO2="81128.81" CO="1594.29" HC="9.27" NOx="37.69" PMx="2.07" fuel="34.87" electricity="0.00" noise="125.46" route="routeleft" type="cfm-fast" waiting="0.00" lane="left_0" pos="27.27" speed="21.83" angle="135.43" x="18.73" y="11.83"/>
        <vehicle id="cfm-fast_5" eclass="HBEFA3/PC_G_EU4" CO2="82626.89" CO="1625.42" HC="9.45" NOx="38.39" PMx="2.11" fuel="35.52" electricity="0.00" noise="125.65" route="routeleft" type="cfm-fast" waiting="0.00" lane="left_1" pos="43.39" speed="22.23" angle="106.43" x="50.18" y="-0.24"/>
        <vehicle id="cfm-slow_0" eclass="HBEFA3/PC_G_EU4" CO2="21486.12" CO="377.99" HC="2.25" NOx="9.69" PMx="0.51" fuel="9.24" electricity="0.00" noise="82.91" route="routebottom" type="cfm-slow" waiting="0.00" lane="bottom_0" pos="16.43" speed="15.83" angle="64.87" x="97.55" y="4.01"/>
        <vehicle id="cfm-slow_1" eclass="HBEFA3/PC_G_EU4" CO2="21526.50" CO="378.82" HC="2.25" NOx="9.71" PMx="0.51" fuel="9.25" electricity="0.00" noise="82.95" route="routebottom" type="cfm-slow" waiting="0.00" lane="bottom_0" pos="32.26" speed="15.83" angle="36.51" x="121.88" y="27.35"/>
        <vehicle id="cfm-slow_2" eclass="HBEFA3/PC_G_EU4" CO2="21754.78" CO="383.46" HC="2.28" NOx="9.82" PMx="0.52" fuel="9.35" electricity="0.00" noise="83.18" route="routebottom" type="cfm-slow" waiting="0.00" lane="bottom_0" pos="48.10" speed="15.84" angle="8.00" x="132.14" y="59.48"/>
        <vehicle id="cfm-slow_3" eclass="HBEFA3/PC_G_EU4" CO2="22848.92" CO="405.68" HC="2.41" NOx="10.33" PMx="0.55" fuel="9.82" electricity="0.00" noise="84.27" route="routebottom" type="cfm-slow" waiting="0.00" lane="right_0" pos="13.95" speed="15.91" angle="339.35" x="125.78" y="92.81"/>
        <vehicle id="cfm-slow_4" eclass="HBEFA3/PC_G_EU4" CO2="27233.70" CO="494.54" HC="2.92" NOx="12.39" PMx="0.66" fuel="11.71" electricity="0.00" noise="88.47" route="routeright" type="cfm-slow" waiting="0.00" lane="right_0" pos="29.87" speed="16.25" angle="310.75" x="104.22" y="118.98"/>
        <vehicle id="cfm-slow_5" eclass="HBEFA3/PC_G_EU4" CO2="41803.66" CO="789.78" HC="4.63" NOx="19.24" PMx="1.04" fuel="17.97" electricity="0.00" noise="100.94" route="routeright" type="cfm-slow" waiting="0.00" lane="right_0" pos="46.17" speed="17.58" angle="281.50" x="71.99" y="131.77"/>
    </timestep>
    <timestep time="1.64">
        <vehicle id="cfm-fast_0" eclass="HBEFA3/PC_G_EU4" CO2="79109.91" CO="1552.78" HC="9.03" NOx="36.74" PMx="2.02" fuel="34.01" electricity="0.00" noise="123.67" route="routetop" type="cfm-fast" waiting="0.00" lane="top_0" pos="14.13" speed="21.93" angle="249.07" x="34.15" y="125.61"/>
        <vehicle id="cfm-fast_1" eclass="HBEFA3/PC_G_EU4" CO2="81518.06" CO="1602.37" HC="9.32" NOx="37.87" PMx="2.08" fuel="35.04" electricity="0.00" noise="125.51" route="routetop" type="cfm-fast" waiting="0.00" lane="top_1" pos="29.97" speed="21.93" angle="220.54" x="10.88" y="102.10"/>
        <vehicle id="cfm-fast_2" eclass="HBEFA3/PC_G_EU4" CO2="34385.28" CO="634.72" HC="3.74" NOx="15.71" PMx="0.85" fuel="14.78" electricity="0.00" noise="92.65" route="routetop" type="cfm-fast" waiting="0.00" lane="top_0" pos="44.82" speed="18.48" angle="193.90" x="-4.03" y="74.87"/>
        <vehicle id="cfm-fast_3" eclass="HBEFA3/PC_G_EU4" CO2="45668.68" CO="865.74" HC="5.07" NOx="21.02" PMx="1.14" fuel="19.63" electricity="0.00" noise="101.83" route="routetop" type="cfm-fast" waiting="0.00" lane="left_0" pos="10.79" speed="19.13" angle="165.00" x="-1.02" y="40.80"/>
        <vehicle id="cfm-fast_4" eclass="HBEFA3/PC_G_EU4" CO2="81642.71" CO="1604.95" HC="9.34" NOx="37.93" PMx="2.08" fuel="35.09" electricity="0.00" noise="125.52" route="routeleft" type="cfm-fast" waiting="0.00" lane="left_0" pos="27.49" speed="21.97" angle="135.02" x="19.09" y="11.52"/>
        <vehicle id="cfm-fast_5" eclass="HBEFA3/PC_G_EU4" CO2="83141.64" CO="1636.15" HC="9.51" NOx="38.63" PMx="2.12" fuel="35.74" electricity="0.00" noise="125.71" route="routeleft" type="cfm-fast" waiting="0.00" lane="left_1" pos="43.62" speed="22.36" angle="106.07" x="50.63" y="-0.34"/>
        <vehicle id="cfm-slow_0" eclass="HBEFA3/PC_G_EU4" CO2="21373.67" CO="375.48" HC="2.23" NOx="9.64" PMx="0.51" fuel="9.19" electricity="0.00" noise="82.75" route="routebottom" type="cfm-slow" waiting="0.00" lane="bottom_0" pos="16.59" speed="15.88" angle="64.61" x="97.84" y="4.18"/>
        <vehicle id="cfm-slow_1" eclass="HBEFA3/PC_G_EU4" CO2="21415.90" CO="376.34" HC="2.24" NOx="9.66" PMx="0.51" fuel="9.21" electricity="0.00" noise="82.80" route="routebottom" type="cfm-slow" waiting="0.00" lane="bottom_0" pos="32.42" speed="15.88" angle="36.21" x="122.06" y="27.64"/>
        <vehicle id="cfm-slow_2" eclass="HBEFA3/PC_G_EU4" CO2="21652.74" CO="381.16" HC="2.27" NOx="9.77" PMx="0.51" fuel="9.31" electricity="0.00" noise="83.03" route="routebottom" type="cfm-slow" waiting="0.00" lane="bottom_0" pos="48.26" speed="15.89" angle="7.71" x="132.16" y="59.82"/>
        <vehicle id="cfm-slow_3" eclass="HBEFA3/PC_G_EU4" CO2="22779.30" CO="404.04" HC="2.40" NOx="10.30" PMx="0.54" fuel="9.79" electricity="0.00" noise="84.15" route="routebottom" type="cfm-slow" waiting="0.00" lane="right_0" pos="14.11" speed="15.96" angle="339.12" x="125.63" y="93.12"/>
        <vehicle id="cfm-slow_4" eclass="HBEFA3/PC_G_EU4" CO2="27260.03" CO="494.85" HC="2.93" NOx="12.40" PMx="0.66" fuel="11.72" electricity="0.00" noise="88.43" route="routeright" type="cfm-slow" waiting="0.00" lane="right_0" pos="30.03" speed="16.31" angle="310.45" x="103.94" y="119.19"/>
        <vehicle id="cfm-slow_5" eclass="HBEFA3/PC_G_EU4" CO2="42031.02" CO="794.21" HC="4.66" NOx="19.34" PMx="1.05" fuel="18.07" electricity="0.00" noise="101.01" route="routeright" type="cfm-slow" waiting="0.00" lane="right_0" pos="46.34" speed="17.67" angle="281.19" x="71.61" y="131.81"/>
    </timestep>
    <timestep time="1.65">
        <vehicle id="cfm-fast_0" eclass="HBEFA3/PC_G_EU4" CO2="78365.56" CO="1537.55" HC="8.95" NOx="36.38" PMx="2.00" fuel="33.69" electricity="0.00" noise="122.80" route="routetop" type="cfm-fast" waiting="0.00" lane="top_0" pos="14.35" speed="22.06" angle="248.65" x="33.73" y="125.40"/>
        <vehicle id="cfm-fast_1" eclass="HBEFA3/PC_G_EU4" CO2="82032.18" CO="1613.05" HC="9.38" NOx="38.11" PMx="2.09" fuel="35.26" electricity="0.00" noise="125.57" route="routetop" type="cfm-fast" waiting="0.00" lane="top_1" pos="30.19" speed="22.07" angle="220.12" x="10.62" y="101.73"/>
        <vehicle id="cfm-fast_2" eclass="HBEFA3/PC_G_EU4" CO2="34336.65" CO="633.57" HC="3.73" NOx="15.69" PMx="0.85" fuel="14.76" electricity="0.00" noise="92.53" route="routetop" type="cfm-fast" waiting="0.00" lane="top_0" pos="45.00" speed="18.54" angle="193.60" x="-4.10" y="74.47"/>
        <vehicle id="cfm-fast_3" eclass="HBEFA3/PC_G_EU4" CO2="45844.98" CO="869.23" HC="5.09" NOx="21.10" PMx="1.15" fuel="19.71" electricity="0.00" noise="101.84" route="routetop" type="cfm-fast" waiting="0.00" lane="left_0" pos="10.98" speed="19.22" angle="164.64" x="-0.88" y="40.41"/>
        <vehicle id="cfm-fast_4" eclass="HBEFA3/PC_G_EU4" CO2="82156.90" CO="1615.64" HC="9.40" NOx="38.17" PMx="2.10" fuel="35.32" electricity="0.00" noise="125.59" route="routeleft" type="cfm-fast" waiting="0.00" lane="left_0" pos="27.71" speed="22.10" angle="134.61" x="19.45" y="11.21"/>
        <vehicle id="cfm-fast_5" eclass="HBEFA3/PC_G_EU4" CO2="83656.68" CO="1646.90" HC="9.58" NOx="38.87" PMx="2.14" fuel="35.96" electricity="0.00" noise="125.77" route="routeleft" type="cfm-fast" waiting="0.00" lane="left_1" pos="43.84" speed="22.50" angle="105.65" x="51.08" y="-0.42"/>
        <vehicle id="cfm-slow_0" eclass="HBEFA3/PC_G_EU4" CO2="21261.32" CO="372.97" HC="2.22" NOx="9.58" PMx="0.50" fuel="9.14" electricity="0.00" noise="82.59" route="routebottom" type="cfm-slow" waiting="0.00" lane="bottom_0" pos="16.74" speed="15.92" angle="64.34" x="98.14" y="4.35"/>
        <vehicle id="cfm-slow_1" eclass="HBEFA3/PC_G_EU4" CO2="21305.46" CO="373.87" HC="2.23" NOx="9.60" PMx="0.51" fuel="9.16" electricity="0.00" noise="82.64" route="routebottom" type="cfm-slow" waiting="0.00" lane="bottom_0" pos="32.58" speed="15.92" angle="35.92" x="122.23" y="27.94"/>
        <vehicle id="cfm-slow_2" eclass="HBEFA3/PC_G_EU4" CO2="21551.10" CO="378.86" HC="2.25" NOx="9.72" PMx="0.51" fuel="9.26" electricity="0.00" noise="82.88" route="routebottom" type="cfm-slow" waiting="0.00" lane="bottom_0" pos="48.41" speed="15.94" angle="7.41" x="132.18" y="60.16"/>
        <vehicle id="cfm-slow_3" eclass="HBEFA3/PC_G_EU4" CO2="22710.68" CO="402.42" HC="2.39" NOx="10.26" PMx="0.54" fuel="9.76" electricity="0.00" noise="84.03" route="routebottom" type="cfm-slow" waiting="0.00" lane="right_0" pos="14.27" speed="16.01" angle="338.81" x="125.48" y="93.43"/>
        <vehicle id="cfm-slow_4" eclass="HBEFA3/PC_G_EU4" CO2="27288.19" CO="495.19" HC="2.93" NOx="12.42" PMx="0.66" fuel="11.73" electricity="0.00" noise="88.39" route="routeright" type="cfm-slow" waiting="0.00" lane="right_0" pos="30.20" speed="16.36" angle="310.15" x="103.65" y="119.39"/>
        <vehicle id="cfm-slow_5" eclass="HBEFA3/PC_G_EU4" CO2="42251.29" CO="798.50" HC="4.68" NOx="19.44" PMx="1.05" fuel="18.16" electricity="0.00" noise="101.06" route="routeright" type="cfm-slow" waiting="0.00" lane="right_0" pos="46.52" speed="17.75" angle="280.86" x="71.23" y="131.85"/>
    </timestep>
    <timestep time="1.66">
        <vehicle id="cfm-fast_0" eclass="HBEFA3/PC_G_EU4" CO2="77616.70" CO="1522.23" HC="8.86" NOx="36.03" PMx="1.98" fuel="33.36" electricity="0.00" noise="121.93" route="routetop" type="cfm-fast" waiting="0.00" lane="top_0" pos="14.57" speed="22.19" angle="248.23" x="33.30" y="125.18"/>
        <vehicle id="cfm-fast_1" eclass="HBEFA3/PC_G_EU4" CO2="82546.59" CO="1623.75" HC="9.44" NOx="38.35" PMx="2.11" fuel="35.48" electricity="0.00" noise="125.64" route="routetop" type="cfm-fast" waiting="0.00" lane="top_1" pos="30.41" speed="22.21" angle="219.70" x="10.35" y="101.36"/>
        <vehicle id="cfm-fast_2" eclass="HBEFA3/PC_G_EU4" CO2="34290.01" CO="632.47" HC="3.73" NOx="15.67" PMx="0.84" fuel="14.74" electricity="0.00" noise="92.41" route="routetop" type="cfm-fast" waiting="0.00" lane="top_0" pos="45.19" speed="18.61" angle="193.26" x="-4.15" y="74.08"/>
        <vehicle id="cfm-fast_3" eclass="HBEFA3/PC_G_EU4" CO2="46023.87" CO="872.78" HC="5.11" NOx="21.19" PMx="1.15" fuel="19.78" electricity="0.00" noise="101.86" route="routetop" type="cfm-fast" waiting="0.00" lane="left_0" pos="11.18" speed="19.30" angle="164.28" x="-0.74" y="40.02"/>
        <vehicle id="cfm-fast_4" eclass="HBEFA3/PC_G_EU4" CO2="82671.38" CO="1626.35" HC="9.46" NOx="38.41" PMx="2.11" fuel="35.54" electricity="0.00" noise="125.65" route="routeleft" type="cfm-fast" waiting="0.00" lane="left_0" pos="27.93" speed="22.24" angle="134.19" x="19.82" y="10.90"/>
        <vehicle id="cfm-fast_5" eclass="HBEFA3/PC_G_EU4" CO2="84172.02" CO="1657.67" HC="9.64" NOx="39.11" PMx="2.15" fuel="36.18" electricity="0.00" noise="125.84" route="routeleft" type="cfm-fast" waiting="0.00" lane="left_1" pos="44.07" speed="22.64" angle="105.23" x="51.54" y="-0.50"/>
        <vehicle id="cfm-slow_0" eclass="HBEFA3/PC_G_EU4" CO2="21149.09" CO="370.46" HC="2.21" NOx="9.53" PMx="0.50" fuel="9.09" electricity="0.00" noise="82.44" route="routebottom" type="cfm-slow" waiting="0.00" lane="bottom_0" pos="16.90" speed="15.97" angle="64.05" x="98.44" y="4.53"/>
        <vehicle id="cfm-slow_1" eclass="HBEFA3/PC_G_EU4" CO2="21195.21" CO="371.40" HC="2.21" NOx="9.55" PMx="0.50" fuel="9.11" electricity="0.00" noise="82.48" route="routebottom" type="cfm-slow" waiting="0.00" lane="bottom_0" pos="32.74" speed="15.97" angle="35.62" x="122.41" y="28.23"/>
        <vehicle id="cfm-slow_2" eclass="HBEFA3/PC_G_EU4" CO2="21449.88" CO="376.58" HC="2.24" NOx="9.67" PMx="0.51" fuel="9.22" electricity="0.00" noise="82.74" route="routebottom" type="cfm-slow" waiting="0.00" lane="bottom_0" pos="48.57" speed="15.98" angle="7.10" x="132.20" y="60.50"/>
        <vehicle id="cfm-slow_3" eclass="HBEFA3/PC_G_EU4" CO2="22643.08" CO="400.82" HC="2.38" NOx="10.23" PMx="0.54" fuel="9.73" electricity="0.00" noise="83.91" route="routebottom" type="cfm-slow" waiting="0.00" lane="right_0" pos="14.43" speed="16.06" angle="338.51" x="125.32" y="93.74"/>
        <vehicle id="cfm-slow_4" eclass="HBEFA3/PC_G_EU4" CO2="27318.12" CO="495.58" HC="2.93" NOx="12.43" PMx="0.66" fuel="11.74" electricity="0.00" noise="88.35" route="routeright" type="cfm-slow" waiting="0.00" lane="right_0" pos="30.36" speed="16.42" angle="309.84" x="103.36" y="119.60"/>
        <vehicle id="cfm-slow_5" eclass="HBEFA3/PC_G_EU4" CO2="42464.49" CO="802.65" HC="4.71" NOx="19.54" PMx="1.06" fuel="18.25" electricity="0.00" noise="101.11" route="routeright" type="cfm-slow" waiting="0.00" lane="right_0" pos="46.70" speed="17.84" angle="280.54" x="70.85" y="131.89"/>
    </timestep>
    <timestep time="1.67">
        <vehicle id="cfm-fast_0" eclass="HBEFA3/PC_G_EU4" CO2="76863.88" CO="1506.85" HC="8.77" NOx="35.67" PMx="1.96" fuel="33.04" electricity="0.00" noise="121.09" route="routetop" type="cfm-fast" waiting="0.00" lane="top_0" pos="14.80" speed="22.31" angle="247.80" x="32.88" y="124.97"/>
        <vehicle id="cfm-fast_1" eclass="HBEFA3/PC_G_EU4" CO2="83061.29" CO="1634.47" HC="9.50" NOx="38.59" PMx="2.12" fuel="35.70" electricity="0.00" noise="125.70" route="routetop" type="cfm-fast" waiting="0.00" lane="top_1" pos="30.63" speed="22.34" angle="219.27" x="10.09" y="100.99"/>
        <vehicle id="cfm-fast_2" eclass="HBEFA3/PC_G_EU4" CO2="34245.39" CO="631.42" HC="3.72" NOx="15.64" PMx="0.84" fuel="14.72" electricity="0.00" noise="92.29" route="routetop" type="cfm-fast" waiting="0.00" lane="top_0" pos="45.37" speed="18.67" angle="192.92" x="-4.21" y="73.68"/>
        <vehicle id="cfm-fast_3" eclass="HBEFA3/PC_G_EU4" CO2="46205.35" CO="876.39" HC="5.13" NOx="21.27" PMx="1.16" fuel="19.86" electricity="0.00" noise="101.88" route="routetop" type="cfm-fast" waiting="0.00" lane="left_0" pos="11.37" speed="19.39" angle="163.92" x="-0.60" y="39.63"/>
        <vehicle id="cfm-fast_4" eclass="HBEFA3/PC_G_EU4" CO2="83186.16" CO="1637.08" HC="9.52" NOx="38.65" PMx="2.12" fuel="35.76" electricity="0.00" noise="125.71" route="routeleft" type="cfm-fast" waiting="0.00" lane="left_0" pos="28.16" speed="22.38" angle="133.81" x="20.18" y="10.59"/>
        <vehicle id="cfm-fast_5" eclass="HBEFA3/PC_G_EU4" CO2="84687.64" CO="1668.46" HC="9.70" NOx="39.35" PMx="2.16" fuel="36.40" electricity="0.00" noise="125.90" route="routeleft" type="cfm-fast" waiting="0.00" lane="left_1" pos="44.30" speed="22.77" angle="104.81" x="52.00" y="-0.59"/>
        <vehicle id="cfm-slow_0" eclass="HBEFA3/PC_G_EU4" CO2="21036.99" CO="367.96" HC="2.19" NOx="9.47" PMx="0.50" fuel="9.04" electricity="0.00" noise="82.28" route="routebottom" type="cfm-slow" waiting="0.00" lane="bottom_0" pos="17.06" speed="16.01" angle="63.75" x="98.73" y="4.70"/>
        <vehicle id="cfm-slow_1" eclass="HBEFA3/PC_G_EU4" CO2="21085.15" CO="368.94" HC="2.20" NOx="9.50" PMx="0.50" fuel="9.06" electricity="0.00" noise="82.33" route="routebottom" type="cfm-slow" waiting="0.00" lane="bottom_0" pos="32.90" speed="16.01" angle="35.32" x="122.58" y="28.53"/>
        <vehicle id="cfm-slow_2" eclass="HBEFA3/PC_G_EU4" CO2="21349.10" CO="374.32" HC="2.23" NOx="9.62" PMx="0.51" fuel="9.18" electricity="0.00" noise="82.59" route="routebottom" type="cfm-slow" waiting="0.00" lane="bottom_0" pos="48.73" speed="16.03" angle="6.85" x="132.22" y="60.85"/>
        <vehicle id="cfm-slow_3" eclass="HBEFA3/PC_G_EU4" CO2="22576.53" CO="399.25" HC="2.37" NOx="10.20" PMx="0.54" fuel="9.70" electricity="0.00" noise="83.80" route="routebottom" type="cfm-slow" waiting="0.00" lane="right_0" pos="14.59" speed="16.11" angle="338.20" x="125.17" y="94.05"/>
        <vehicle id="cfm-slow_4" eclass="HBEFA3/PC_G_EU4" CO2="27349.76" CO="496.01" HC="2.93" NOx="12.44" PMx="0.66" fuel="11.76" electricity="0.00" noise="88.31" route="routeright" type="cfm-slow" waiting="0.00" lane="right_0" pos="30.53" speed="16.48" angle="309.53" x="103.07" y="119.81"/>
        <vehicle id="cfm-slow_5" eclass="HBEFA3/PC_G_EU4" CO2="42670.65" CO="806.66" HC="4.73" NOx="19.64" PMx="1.06" fuel="18.34" electricity="0.00" noise="101.16" route="routeright" type="cfm-slow" waiting="0.00" lane="right_0" pos="46.88" speed="17.93" angle="280.21" x="70.47" y="131.93"/>
    </timestep>
    <timestep time="1.68">
        <vehicle id="cfm-fast_0" eclass="HBEFA3/PC_G_EU4" CO2="76107.61" CO="1491.41" HC="8.68" NOx="35.31" PMx="1.94" fuel="32.71" electricity="0.00" noise="120.25" route="routetop" type="cfm-fast" waiting="0.00" lane="top_0" pos="15.02" speed="22.43" angle="247.37" x="32.44" y="124.75"/>
        <vehicle id="cfm-fast_1" eclass="HBEFA3/PC_G_EU4" CO2="83576.29" CO="1645.22" HC="9.57" NOx="38.83" PMx="2.14" fuel="35.93" electricity="0.00" noise="125.76" route="routetop" type="cfm-fast" waiting="0.00" lane="top_1" pos="30.86" speed="22.48" angle="218.92" x="9.82" y="100.61"/>
        <vehicle id="cfm-fast_2" eclass="HBEFA3/PC_G_EU4" CO2="34202.81" CO="630.41" HC="3.72" NOx="15.62" PMx="0.84" fuel="14.70" electricity="0.00" noise="92.17" route="routetop" type="cfm-fast" waiting="0.00" lane="top_0" pos="45.56" speed="18.74" angle="192.57" x="-4.26" y="73.28"/>
        <vehicle id="cfm-fast_3" eclass="HBEFA3/PC_G_EU4" CO2="46389.42" CO="880.05" HC="5.16" NOx="21.35" PMx="1.16" fuel="19.94" electricity="0.00" noise="101.90" route="routetop" type="cfm-fast" waiting="0.00" lane="left_0" pos="11.56" speed="19.47" angle="163.64" x="-0.45" y="39.23"/>
        <vehicle id="cfm-fast_4" eclass="HBEFA3/PC_G_EU4" CO2="83701.22" CO="1647.83" HC="9.58" NOx="38.89" PMx="2.14" fuel="35.98" electricity="0.00" noise="125.78" route="routeleft" type="cfm-fast" waiting="0.00" lane="left_0" pos="28.38" speed="22.51" angle="133.42" x="20.56" y="10.29"/>
        <vehicle id="cfm-fast_5" eclass="HBEFA3/PC_G_EU4" CO2="85203.56" CO="1679.28" HC="9.76" NOx="39.59" PMx="2.18" fuel="36.62" electricity="0.00" noise="125.97" route="routeleft" type="cfm-fast" waiting="0.00" lane="left_1" pos="44.52" speed="22.91" angle="104.38" x="52.46" y="-0.67"/>
        <vehicle id="cfm-slow_0" eclass="HBEFA3/PC_G_EU4" CO2="20925.04" CO="365.47" HC="2.18" NOx="9.42" PMx="0.50" fuel="8.99" electricity="0.00" noise="82.13" route="routebottom" type="cfm-slow" waiting="0.00" lane="bottom_0" pos="17.23" speed="16.05" angle="63.46" x="99.03" y="4.88"/>
        <vehicle id="cfm-slow_1" eclass="HBEFA3/PC_G_EU4" CO2="20975.32" CO="366.49" HC="2.18" NOx="9.44" PMx="0.50" fuel="9.02" electricity="0.00" noise="82.18" route="routebottom" type="cfm-slow" waiting="0.00" lane="bottom_0" pos="33.06" speed="16.06" angle="35.02" x="122.76" y="28.83"/>
        <vehicle id="cfm-slow_2" eclass="HBEFA3/PC_G_EU4" CO2="21248.79" CO="372.06" HC="2.22" NOx="9.57" PMx="0.50" fuel="9.13" electricity="0.00" noise="82.45" route="routebottom" type="cfm-slow" waiting="0.00" lane="bottom_0" pos="48.90" speed="16.07" angle="6.57" x="132.23" y="61.19"/>
        <vehicle id="cfm-slow_3" eclass="HBEFA3/PC_G_EU4" CO2="22511.05" CO="397.70" HC="2.36" NOx="10.17" PMx="0.54" fuel="9.68" electricity="0.00" noise="83.68" route="routebottom" type="cfm-slow" waiting="0.00" lane="right_0" pos="14.75" speed="16.15" angle="337.89" x="125.01" y="94.36"/>
        <vehicle id="cfm-slow_4" eclass="HBEFA3/PC_G_EU4" CO2="27383.05" CO="496.47" HC="2.94" NOx="12.46" PMx="0.66" fuel="11.77" electricity="0.00" noise="88.28" route="routeright" type="cfm-slow" waiting="0.00" lane="right_0" pos="30.69" speed="16.54" angle="309.25" x="102.79" y="120.02"/>
        <vehicle id="cfm-slow_5" eclass="HBEFA3/PC_G_EU4" CO2="42869.80" CO="810.53" HC="4.75" NOx="19.73" PMx="1.07" fuel="18.43" electricity="0.00" noise="101.19" route="routeright" type="cfm-slow" waiting="0.00" lane="right_0" pos="47.06" speed="18.01" angle="279.88" x="70.08" y="131.97"/>
    </timestep>
    <timestep time="1.69">
        <vehicle id="cfm-fast_0" eclass="HBEFA3/PC_G_EU4" CO2="75348.43" CO="1475.91" HC="8.59" NOx="34.95" PMx="1.92" fuel="32.39" electricity="0.00" noise="119.42" route="routetop" type="cfm-fast" waiting="0.00" lane="top_0" pos="15.25" speed="22.56" angle="246.95" x="32.01" y="124.53"/>
        <vehicle id="cfm-fast_1" eclass="HBEFA3/PC_G_EU4" CO2="84091.58" CO="1655.99" HC="9.63" NOx="39.07" PMx="2.15" fuel="36.15" electricity="0.00" noise="125.83" route="routetop" type="cfm-fast" waiting="0.00" lane="top_1" pos="31.08" speed="22.62" angle="218.52" x="9.56" y="100.23"/>
        <vehicle id="cfm-fast_2" eclass="HBEFA3/PC_G_EU4" CO2="34162.31" CO="629.45" HC="3.71" NOx="15.60" PMx="0.84" fuel="14.68" electricity="0.00" noise="92.06" route="routetop" type="cfm-fast" waiting="0.00" lane="top_0" pos="45.75" speed="18.80" angle="192.22" x="-4.32" y="72.88"/>
        <vehicle id="cfm-fast_3" eclass="HBEFA3/PC_G_EU4" CO2="46576.09" CO="883.78" HC="5.18" NOx="21.44" PMx="1.17" fuel="20.02" electricity="0.00" noise="101.92" route="routetop" type="cfm-fast" waiting="0.00" lane="left_0" pos="11.76" speed="19.56" angle="163.29" x="-0.29" y="38.84"/>
        <vehicle id="cfm-fast_4" eclass="HBEFA3/PC_G_EU4" CO2="84216.58" CO="1658.60" HC="9.64" NOx="39.13" PMx="2.15" fuel="36.20" electricity="0.00" noise="125.84" route="routeleft" type="cfm-fast" waiting="0.00" lane="left_0" pos="28.61" speed="22.65" angle="133.00" x="20.94" y="9.99"/>
        <vehicle id="cfm-fast_5" eclass="HBEFA3/PC_G_EU4" CO2="85719.77" CO="1690.11" HC="9.82" NOx="39.83" PMx="2.19" fuel="36.85" electricity="0.00" noise="126.03" route="routeleft" type="cfm-fast" waiting="0.00" lane="left_1" pos="44.76" speed="23.05" angle="103.95" x="52.93" y="-0.76"/>
        <vehicle id="cfm-slow_0" eclass="HBEFA3/PC_G_EU4" CO2="20813.26" CO="362.98" HC="2.16" NOx="9.37" PMx="0.49" fuel="8.95" electricity="0.00" noise="81.98" route="routebottom" type="cfm-slow" waiting="0.00" lane="bottom_0" pos="17.39" speed="16.10" angle="63.16" x="99.32" y="5.06"/>
        <vehicle id="cfm-slow_1" eclass="HBEFA3/PC_G_EU4" CO2="20865.73" CO="364.05" HC="2.17" NOx="9.39" PMx="0.49" fuel="8.97" electricity="0.00" noise="82.03" route="routebottom" type="cfm-slow" waiting="0.00" lane="bottom_0" pos="33.22" speed="16.10" angle="34.72" x="122.94" y="29.12"/>
        <vehicle id="cfm-slow_2" eclass="HBEFA3/PC_G_EU4" CO2="21148.96" CO="369.82" HC="2.20" NOx="9.52" PMx="0.50" fuel="9.09" electricity="0.00" noise="82.31" route="routebottom" type="cfm-slow" waiting="0.00" lane="bottom_0" pos="49.06" speed="16.12" angle="6.27" x="132.23" y="61.54"/>
        <vehicle id="cfm-slow_3" eclass="HBEFA3/PC_G_EU4" CO2="22446.65" CO="396.18" HC="2.36" NOx="10.14" PMx="0.53" fuel="9.65" electricity="0.00" noise="83.57" route="routebottom" type="cfm-slow" waiting="0.00" lane="right_0" pos="14.91" speed="16.20" angle="337.58" x="124.86" y="94.67"/>
        <vehicle id="cfm-slow_4" eclass="HBEFA3/PC_G_EU4" CO2="27417.91" CO="496.97" HC="2.94" NOx="12.47" PMx="0.66" fuel="11.79" electricity="0.00" noise="88.24" route="routeright" type="cfm-slow" waiting="0.00" lane="right_0" pos="30.86" speed="16.59" angle="308.98" x="102.49" y="120.22"/>
        <vehicle id="cfm-slow_5" eclass="HBEFA3/PC_G_EU4" CO2="43061.97" CO="814.27" HC="4.77" NOx="19.82" PMx="1.07" fuel="18.51" electricity="0.00" noise="101.22" route="routeright" type="cfm-slow" waiting="0.00" lane="right_0" pos="47.24" speed="18.10" angle="279.54" x="69.69" y="132.01"/>
    </timestep>
    <timestep time="1.70">
        <vehicle id="cfm-fast_0" eclass="HBEFA3/PC_G_EU4" CO2="74586.81" CO="1460.38" HC="8.50" NOx="34.58" PMx="1.90" fuel="32.06" electricity="0.00" noise="118.61" route="routetop" type="cfm-fast" waiting="0.00" lane="top_0" pos="15.47" speed="22.68" angle="246.60" x="31.58" y="124.30"/>
        <vehicle id="cfm-fast_1" eclass="HBEFA3/PC_G_EU4" CO2="84607.16" CO="1666.78" HC="9.69" NOx="39.31" PMx="2.16" fuel="36.37" electricity="0.00" noise="125.89" route="routetop" type="cfm-fast" waiting="0.00" lane="top_1" pos="31.31" speed="22.75" angle="218.11" x="9.31" y="99.84"/>
        <vehicle id="cfm-fast_2" eclass="HBEFA3/PC_G_EU4" CO2="34123.92" CO="628.54" HC="3.71" NOx="15.58" PMx="0.84" fuel="14.67" electricity="0.00" noise="91.95" route="routetop" type="cfm-fast" waiting="0.00" lane="top_0" pos="45.94" speed="18.86" angle="191.88" x="-4.37" y="72.48"/>
        <vehicle id="cfm-fast_3" eclass="HBEFA3/PC_G_EU4" CO2="46765.34" CO="887.56" HC="5.20" NOx="21.53" PMx="1.17" fuel="20.10" electricity="0.00" noise="101.95" route="routetop" type="cfm-fast" waiting="0.00" lane="left_0" pos="11.96" speed="19.64" angle="162.94" x="-0.14" y="38.45"/>
        <vehicle id="cfm-fast_4" eclass="HBEFA3/PC_G_EU4" CO2="84732.23" CO="1669.40" HC="9.71" NOx="39.37" PMx="2.17" fuel="36.42" electricity="0.00" noise="125.91" route="routeleft" type="cfm-fast" waiting="0.00" lane="left_0" pos="28.84" speed="22.78" angle="132.58" x="21.33" y="9.69"/>
        <vehicle id="cfm-fast_5" eclass="HBEFA3/PC_G_EU4" CO2="86236.27" CO="1700.97" HC="9.89" NOx="40.07" PMx="2.21" fuel="37.07" electricity="0.00" noise="126.10" route="routeleft" type="cfm-fast" waiting="0.00" lane="left_1" pos="44.99" speed="23.18" angle="103.59" x="53.39" y="-0.84"/>
        <vehicle id="cfm-slow_0" eclass="HBEFA3/PC_G_EU4" CO2="20701.65" CO="360.50" HC="2.15" NOx="9.31" PMx="0.49" fuel="8.90" electricity="0.00" noise="81.83" route="routebottom" type="cfm-slow" waiting="0.00" lane="bottom_0" pos="17.55" speed="16.14" angle="62.87" x="99.62" y="5.24"/>
        <vehicle id="cfm-slow_1" eclass="HBEFA3/PC_G_EU4" CO2="20756.39" CO="361.62" HC="2.16" NOx="9.34" PMx="0.49" fuel="8.92" electricity="0.00" noise="81.88" route="routebottom" type="cfm-slow" waiting="0.00" lane="bottom_0" pos="33.38" speed="16.14" angle="34.47" x="123.12" y="29.42"/>
        <vehicle id="cfm-slow_2" eclass="HBEFA3/PC_G_EU4" CO2="21049.63" CO="367.59" HC="2.19" NOx="9.48" PMx="0.50" fuel="9.05" electricity="0.00" noise="82.17" route="routebottom" type="cfm-slow" waiting="0.00" lane="bottom_0" pos="49.22" speed="16.16" angle="5.96" x="132.24" y="61.89"/>
        <vehicle id="cfm-slow_3" eclass="HBEFA3/PC_G_EU4" CO2="22383.35" CO="394.68" HC="2.35" NOx="10.10" PMx="0.53" fuel="9.62" electricity="0.00" noise="83.46" route="routebottom" type="cfm-slow" waiting="0.00" lane="right_0" pos="15.07" speed="16.25" angle="337.27" x="124.70" y="94.98"/>
        <vehicle id="cfm-slow_4" eclass="HBEFA3/PC_G_EU4" CO2="27454.29" CO="497.50" HC="2.94" NOx="12.49" PMx="0.67" fuel="11.80" electricity="0.00" noise="88.21" route="routeright" type="cfm-slow" waiting="0.00" lane="right_0" pos="31.03" speed="16.65" angle="308.68" x="102.20" y="120.42"/>
        <vehicle id="cfm-slow_5" eclass="HBEFA3/PC_G_EU4" CO2="43247.19" CO="817.87" HC="4.79" NOx="19.90" PMx="1.08" fuel="18.59" electricity="0.00" noise="101.25" route="routeright" type="cfm-slow" waiting="0.00" lane="right_0" pos="47.42" speed="18.18" angle="279.25" x="69.30" y="132.05"/>
    </timestep>
    <timestep time="1.71">
        <vehicle id="cfm-fast_0" eclass="HBEFA3/PC_G_EU4" CO2="73823.24" CO="1444.81" HC="8.41" NOx="34.22" PMx="1.88" fuel="31.73" electricity="0.00" noise="117.81" route="routetop" type="cfm-fast" waiting="0.00" lane="top_0" pos="15.70" speed="22.79" angle="246.18" x="31.15" y="124.07"/>
        <vehicle id="cfm-fast_1" eclass="HBEFA3/PC_G_EU4" CO2="85123.03" CO="1677.59" HC="9.75" NOx="39.55" PMx="2.18" fuel="36.59" electricity="0.00" noise="125.96" route="routetop" type="cfm-fast" waiting="0.00" lane="top_1" pos="31.54" speed="22.89" angle="217.69" x="9.05" y="99.45"/>
        <vehicle id="cfm-fast_2" eclass="HBEFA3/PC_G_EU4" CO2="34087.66" CO="627.67" HC="3.70" NOx="15.56" PMx="0.84" fuel="14.65" electricity="0.00" noise="91.85" route="routetop" type="cfm-fast" waiting="0.00" lane="top_0" pos="46.13" speed="18.93" angle="191.56" x="-4.43" y="72.07"/>
        <vehicle id="cfm-fast_3" eclass="HBEFA3/PC_G_EU4" CO2="46957.18" CO="891.41" HC="5.22" NOx="21.62" PMx="1.18" fuel="20.18" electricity="0.00" noise="101.98" route="routetop" type="cfm-fast" waiting="0.00" lane="left_0" pos="12.15" speed="19.73" angle="162.59" x="0.02" y="38.06"/>
        <vehicle id="cfm-fast_4" eclass="HBEFA3/PC_G_EU4" CO2="85248.18" CO="1680.21" HC="9.77" NOx="39.61" PMx="2.18" fuel="36.64" electricity="0.00" noise="125.97" route="routeleft" type="cfm-fast" waiting="0.00" lane="left_0" pos="29.07" speed="22.92" angle="132.15" x="21.72" y="9.38"/>
        <vehicle id="cfm-fast_5" eclass="HBEFA3/PC_G_EU4" CO2="86753.07" CO="1711.85" HC="9.95" NOx="40.31" PMx="2.22" fuel="37.29" electricity="0.00" noise="126.16" route="routeleft" type="cfm-fast" waiting="0.00" lane="left_1" pos="45.22" speed="23.32" angle="103.16" x="53.87" y="-0.91"/>
        <vehicle id="cfm-slow_0" eclass="HBEFA3/PC_G_EU4" CO2="20590.24" CO="358.03" HC="2.14" NOx="9.26" PMx="0.49" fuel="8.85" electricity="0.00" noise="81.68" route="routebottom" type="cfm-slow" waiting="0.00" lane="bottom_0" pos="17.71" speed="16.18" angle="62.57" x="99.92" y="5.42"/>
        <vehicle id="cfm-slow_1" eclass="HBEFA3/PC_G_EU4" CO2="20647.32" CO="359.20" HC="2.14" NOx="9.29" PMx="0.49" fuel="8.88" electricity="0.00" noise="81.73" route="routebottom" type="cfm-slow" waiting="0.00" lane="bottom_0" pos="33.54" speed="16.19" angle="34.17" x="123.28" y="29.73"/>
        <vehicle id="cfm-slow_2" eclass="HBEFA3/PC_G_EU4" CO2="20950.83" CO="365.37" HC="2.18" NOx="9.43" PMx="0.50" fuel="9.01" electricity="0.00" noise="82.03" route="routebottom" type="cfm-slow" waiting="0.00" lane="bottom_0" pos="49.38" speed="16.20" angle="5.66" x="132.24" y="62.24"/>
        <vehicle id="cfm-slow_3" eclass="HBEFA3/PC_G_EU4" CO2="22321.17" CO="393.22" HC="2.34" NOx="10.07" PMx="0.53" fuel="9.59" electricity="0.00" noise="83.36" route="routebottom" type="cfm-slow" waiting="0.00" lane="right_0" pos="15.24" speed="16.29" angle="336.97" x="124.54" y="95.30"/>
        <vehicle id="cfm-slow_4" eclass="HBEFA3/PC_G_EU4" CO2="27492.13" CO="498.07" HC="2.95" NOx="12.50" PMx="0.67" fuel="11.82" electricity="0.00" noise="88.18" route="routeright" type="cfm-slow" waiting="0.00" lane="right_0" pos="31.19" speed="16.71" angle="308.38" x="101.90" y="120.62"/>
        <vehicle id="cfm-slow_5" eclass="HBEFA3/PC_G_EU4" CO2="43425.49" CO="821.33" HC="4.81" NOx="19.98" PMx="1.08" fuel="18.67" electricity="0.00" noise="101.26" route="routeright" type="cfm-slow" waiting="0.00" lane="right_0" pos="47.60" speed="18.27" angle="278.94" x="68.91" y="132.08"/>
    </timestep>
    <timestep time="1.72">
        <vehicle id="cfm-fast_0" eclass="HBEFA3/PC_G_EU4" CO2="73058.18" CO="1429.23" HC="8.32" NOx="33.86" PMx="1.86" fuel="31.40" electricity="0.00" noise="117.02" route="routetop" type="cfm-fast" waiting="0.00" lane="top_0" pos="15.93" speed="22.91" angle="245.77" x="30.72" y="123.83"/>
        <vehicle id="cfm-fast_1" eclass="HBEFA3/PC_G_EU4" CO2="85639.19" CO="1688.42" HC="9.82" NOx="39.79" PMx="2.19" fuel="36.81" electricity="0.00" noise="126.02" route="routetop" type="cfm-fast" waiting="0.00" lane="top_1" pos="31.77" speed="23.02" angle="217.28" x="8.78" y="99.06"/>
        <vehicle id="cfm-fast_2" eclass="HBEFA3/PC_G_EU4" CO2="34053.56" CO="626.85" HC="3.70" NOx="15.54" PMx="0.84" fuel="14.64" electricity="0.00" noise="91.75" route="routetop" type="cfm-fast" waiting="0.00" lane="top_0" pos="46.32" speed="18.99" angle="191.24" x="-4.48" y="71.67"/>
        <vehicle id="cfm-fast_3" eclass="HBEFA3/PC_G_EU4" CO2="47151.62" CO="895.31" HC="5.24" NOx="21.71" PMx="1.18" fuel="20.27" electricity="0.00" noise="102.01" route="routetop" type="cfm-fast" waiting="0.00" lane="left_0" pos="12.35" speed="19.81" angle="162.24" x="0.18" y="37.66"/>
        <vehicle id="cfm-fast_4" eclass="HBEFA3/PC_G_EU4" CO2="85764.41" CO="1691.05" HC="9.83" NOx="39.85" PMx="2.19" fuel="36.87" electricity="0.00" noise="126.04" route="routeleft" type="cfm-fast" waiting="0.00" lane="left_0" pos="29.30" speed="23.06" angle="131.73" x="22.11" y="9.08"/>
        <vehicle id="cfm-fast_5" eclass="HBEFA3/PC_G_EU4" CO2="87270.15" CO="1722.75" HC="10.01" NOx="40.55" PMx="2.23" fuel="37.51" electricity="0.00" noise="126.22" route="routeleft" type="cfm-fast" waiting="0.00" lane="left_1" pos="45.45" speed="23.45" angle="102.73" x="54.34" y="-0.97"/>
        <vehicle id="cfm-slow_0" eclass="HBEFA3/PC_G_EU4" CO2="20479.04" CO="355.57" HC="2.12" NOx="9.21" PMx="0.48" fuel="8.80" electricity="0.00" noise="81.53" route="routebottom" type="cfm-slow" waiting="0.00" lane="bottom_0" pos="17.87" speed="16.23" angle="62.31" x="100.22" y="5.60"/>
        <vehicle id="cfm-slow_1" eclass="HBEFA3/PC_G_EU4" CO2="20538.53" CO="356.78" HC="2.13" NOx="9.23" PMx="0.49" fuel="8.83" electricity="0.00" noise="81.59" route="routebottom" type="cfm-slow" waiting="0.00" lane="bottom_0" pos="33.71" speed="16.23" angle="33.88" x="123.45" y="30.03"/>
        <vehicle id="cfm-slow_2" eclass="HBEFA3/PC_G_EU4" CO2="20852.57" CO="363.17" HC="2.17" NOx="9.38" PMx="0.49" fuel="8.96" electricity="0.00" noise="81.89" route="routebottom" type="cfm-slow" waiting="0.00" lane="bottom_0" pos="49.54" speed="16.25" angle="5.36" x="132.25" y="62.59"/>
        <vehicle id="cfm-slow_3" eclass="HBEFA3/PC_G_EU4" CO2="22260.13" CO="391.77" HC="2.33" NOx="10.04" PMx="0.53" fuel="9.57" electricity="0.00" noise="83.25" route="routebottom" type="cfm-slow" waiting="0.00" lane="right_0" pos="15.40" speed="16.34" angle="336.73" x="124.38" y="95.61"/>
        <vehicle id="cfm-slow_4" eclass="HBEFA3/PC_G_EU4" CO2="27531.36" CO="498.66" HC="2.95" NOx="12.52" PMx="0.67" fuel="11.83" electricity="0.00" noise="88.16" route="routeright" type="cfm-slow" waiting="0.00" lane="right_0" pos="31.36" speed="16.76" angle="308.08" x="101.60" y="120.82"/>
        <vehicle id="cfm-slow_5" eclass="HBEFA3/PC_G_EU4" CO2="43596.91" CO="824.66" HC="4.83" NOx="20.06" PMx="1.09" fuel="18.74" electricity="0.00" noise="101.28" route="routeright" type="cfm-slow" waiting="0.00" lane="right_0" pos="47.79" speed="18.35" angle="278.59" x="68.52" y="132.10"/>
    </timestep>
    <timestep time="1.73">
        <vehicle id="cfm-fast_0" eclass="HBEFA3/PC_G_EU4" CO2="72292.07" CO="1413.63" HC="8.23" NOx="33.49" PMx="1.84" fuel="31.07" electricity="0.00" noise="116.23" route="routetop" type="cfm-fast" waiting="0.00" lane="top_0" pos="16.16" speed="23.02" angle="245.36" x="30.28" y="123.59"/>
        <vehicle id="cfm-fast_1" eclass="HBEFA3/PC_G_EU4" CO2="86155.65" CO="1699.28" HC="9.88" NOx="40.03" PMx="2.20" fuel="37.03" electricity="0.00" noise="126.09" route="routetop" type="cfm-fast" waiting="0.00" lane="top_1" pos="32.00" speed="23.16" angle="216.90" x="8.52" y="98.66"/>
        <vehicle id="cfm-fast_2" eclass="HBEFA3/PC_G_EU4" CO2="34021.63" CO="626.09" HC="3.69" NOx="15.53" PMx="0.84" fuel="14.62" electricity="0.00" noise="91.65" route="routetop" type="cfm-fast" waiting="0.00" lane="top_0" pos="46.51" speed="19.05" angle="190.89" x="-4.52" y="71.26"/>
        <vehicle id="cfm-fast_3" eclass="HBEFA3/PC_G_EU4" CO2="47348.64" CO="899.28" HC="5.27" NOx="21.80" PMx="1.19" fuel="20.35" electricity="0.00" noise="102.04" route="routetop" type="cfm-fast" waiting="0.00" lane="left_0" pos="12.55" speed="19.90" angle="161.89" x="0.34" y="37.26"/>
        <vehicle id="cfm-fast_4" eclass="HBEFA3/PC_G_EU4" CO2="86280.94" CO="1701.91" HC="9.89" NOx="40.09" PMx="2.21" fuel="37.09" electricity="0.00" noise="126.10" route="routeleft" type="cfm-fast" waiting="0.00" lane="left_0" pos="29.53" speed="23.19" angle="131.36" x="22.50" y="8.77"/>
        <vehicle id="cfm-fast_5" eclass="HBEFA3/PC_G_EU4" CO2="87787.53" CO="1733.67" HC="10.08" NOx="40.79" PMx="2.25" fuel="37.74" electricity="0.00" noise="126.29" route="routeleft" type="cfm-fast" waiting="0.00" lane="left_1" pos="45.69" speed="23.59" angle="102.30" x="54.82" y="-1.04"/>
        <vehicle id="cfm-slow_0" eclass="HBEFA3/PC_G_EU4" CO2="20368.06" CO="353.11" HC="2.11" NOx="9.15" PMx="0.48" fuel="8.76" electricity="0.00" noise="81.38" route="routebottom" type="cfm-slow" waiting="0.00" lane="bottom_0" pos="18.03" speed="16.27" angle="62.04" x="100.51" y="5.79"/>
        <vehicle id="cfm-slow_1" eclass="HBEFA3/PC_G_EU4" CO2="20430.05" CO="354.38" HC="2.12" NOx="9.18" PMx="0.48" fuel="8.78" electricity="0.00" noise="81.44" route="routebottom" type="cfm-slow" waiting="0.00" lane="bottom_0" pos="33.87" speed="16.27" angle="33.58" x="123.62" y="30.34"/>
        <vehicle id="cfm-slow_2" eclass="HBEFA3/PC_G_EU4" CO2="20754.88" CO="360.99" HC="2.15" NOx="9.33" PMx="0.49" fuel="8.92" electricity="0.00" noise="81.76" route="routebottom" type="cfm-slow" waiting="0.00" lane="bottom_0" pos="49.71" speed="16.29" angle="5.05" x="132.26" y="62.94"/>
        <vehicle id="cfm-slow_3" eclass="HBEFA3/PC_G_EU4" CO2="22200.24" CO="390.36" HC="2.32" NOx="10.01" PMx="0.53" fuel="9.54" electricity="0.00" noise="83.15" route="routebottom" type="cfm-slow" waiting="0.00" lane="right_0" pos="15.56" speed="16.39" angle="336.44" x="124.21" y="95.92"/>
        <vehicle id="cfm-slow_4" eclass="HBEFA3/PC_G_EU4" CO2="27571.93" CO="499.29" HC="2.95" NOx="12.54" PMx="0.67" fuel="11.85" electricity="0.00" noise="88.13" route="routeright" type="cfm-slow" waiting="0.00" lane="right_0" pos="31.53" speed="16.82" angle="307.78" x="101.30" y="121.02"/>
        <vehicle id="cfm-slow_5" eclass="HBEFA3/PC_G_EU4" CO2="43761.49" CO="827.85" HC="4.85" NOx="20.14" PMx="1.09" fuel="18.81" electricity="0.00" noise="101.28" route="routeright" type="cfm-slow" waiting="0.00" lane="right_0" pos="47.97" speed="18.44" angle="278.25" x="68.12" y="132.12"/>
    </timestep>
    <timestep time="1.74">
        <vehicle id="cfm-fast_0" eclass="HBEFA3/PC_G_EU4" CO2="71525.34" CO="1398.02" HC="8.14" NOx="33.13" PMx="1.82" fuel="30.75" electricity="0.00" noise="115.47" route="routetop" type="cfm-fast" waiting="0.00" lane="top_0" pos="16.39" speed="23.14" angle="244.94" x="29.85" y="123.35"/>
        <vehicle id="cfm-fast_1" eclass="HBEFA3/PC_G_EU4" CO2="86672.40" CO="1710.15" HC="9.94" NOx="40.27" PMx="2.22" fuel="37.26" electricity="0.00" noise="126.15" route="routetop" type="cfm-fast" waiting="0.00" lane="top_1" pos="32.23" speed="23.30" angle="216.51" x="8.27" y="98.25"/>
        <vehicle id="cfm-fast_2" eclass="HBEFA3/PC_G_EU4" CO2="33991.92" CO="625.37" HC="3.69" NOx="15.51" PMx="0.84" fuel="14.61" electricity="0.00" noise="91.55" route="routetop" type="cfm-fast" waiting="0.00" lane="top_0" pos="46.70" speed="19.11" angle="190.54" x="-4.56" y="70.85"/>
        <vehicle id="cfm-fast_3" eclass="HBEFA3/PC_G_EU4" CO2="47548.26" CO="903.30" HC="5.29" NOx="21.89" PMx="1.19" fuel="20.44" electricity="0.00" noise="102.08" route="routetop" type="cfm-fast" waiting="0.00" lane="left_0" pos="12.75" speed="19.98" angle="161.57" x="0.50" y="36.86"/>
        <vehicle id="cfm-fast_4" eclass="HBEFA3/PC_G_EU4" CO2="86797.76" CO="1712.79" HC="9.96" NOx="40.33" PMx="2.22" fuel="37.31" electricity="0.00" noise="126.17" route="routeleft" type="cfm-fast" waiting="0.00" lane="left_0" pos="29.76" speed="23.33" angle="130.93" x="22.91" y="8.48"/>
        <vehicle id="cfm-fast_5" eclass="HBEFA3/PC_G_EU4" CO2="88305.20" CO="1744.62" HC="10.14" NOx="41.03" PMx="2.26" fuel="37.96" electricity="0.00" noise="126.35" route="routeleft" type="cfm-fast" waiting="0.00" lane="left_1" pos="45.93" speed="23.73" angle="101.87" x="55.30" y="-1.11"/>
        <vehicle id="cfm-slow_0" eclass="HBEFA3/PC_G_EU4" CO2="20257.32" CO="350.66" HC="2.09" NOx="9.10" PMx="0.48" fuel="8.71" electricity="0.00" noise="81.24" route="routebottom" type="cfm-slow" waiting="0.00" lane="bottom_0" pos="18.20" speed="16.31" angle="61.73" x="100.81" y="5.98"/>
        <vehicle id="cfm-slow_1" eclass="HBEFA3/PC_G_EU4" CO2="20321.89" CO="351.98" HC="2.10" NOx="9.13" PMx="0.48" fuel="8.74" electricity="0.00" noise="81.30" route="routebottom" type="cfm-slow" waiting="0.00" lane="bottom_0" pos="34.03" speed="16.31" angle="33.28" x="123.79" y="30.65"/>
        <vehicle id="cfm-slow_2" eclass="HBEFA3/PC_G_EU4" CO2="20657.76" CO="358.82" HC="2.14" NOx="9.29" PMx="0.49" fuel="8.88" electricity="0.00" noise="81.63" route="routebottom" type="cfm-slow" waiting="0.00" lane="bottom_0" pos="49.87" speed="16.33" angle="4.75" x="132.26" y="63.29"/>
        <vehicle id="cfm-slow_3" eclass="HBEFA3/PC_G_EU4" CO2="22141.52" CO="388.97" HC="2.32" NOx="9.99" PMx="0.53" fuel="9.52" electricity="0.00" noise="83.05" route="routebottom" type="cfm-slow" waiting="0.00" lane="right_0" pos="15.73" speed="16.43" angle="336.14" x="124.04" y="96.23"/>
        <vehicle id="cfm-slow_4" eclass="HBEFA3/PC_G_EU4" CO2="27613.77" CO="499.95" HC="2.96" NOx="12.56" PMx="0.67" fuel="11.87" electricity="0.00" noise="88.11" route="routeright" type="cfm-slow" waiting="0.00" lane="right_0" pos="31.70" speed="16.88" angle="307.47" x="100.99" y="121.22"/>
        <vehicle id="cfm-slow_5" eclass="HBEFA3/PC_G_EU4" CO2="43919.26" CO="830.91" HC="4.87" NOx="20.21" PMx="1.10" fuel="18.88" electricity="0.00" noise="101.28" route="routeright" type="cfm-slow" waiting="0.00" lane="right_0" pos="48.16" speed="18.52" angle="277.90" x="67.72" y="132.14"/>
    </timestep>
    <timestep time="1.75">
        <vehicle id="cfm-fast_0" eclass="HBEFA3/PC_G_EU4" CO2="70758.41" CO="1382.42" HC="8.05" NOx="32.77" PMx="1.80" fuel="30.42" electricity="0.00" noise="114.71" route="routetop" type="cfm-fast" waiting="0.00" lane="top_0" pos="16.63" speed="23.25" angle="244.56" x="29.41" y="123.11"/>
        <vehicle id="cfm-fast_1" eclass="HBEFA3/PC_G_EU4" CO2="87189.44" CO="1721.05" HC="10.00" NOx="40.51" PMx="2.23" fuel="37.48" electricity="0.00" noise="126.21" route="routetop" type="cfm-fast" waiting="0.00" lane="top_1" pos="32.47" speed="23.43" angle="216.08" x="8.02" y="97.84"/>
        <vehicle id="cfm-fast_2" eclass="HBEFA3/PC_G_EU4" CO2="33964.43" CO="624.70" HC="3.68" NOx="15.50" PMx="0.84" fuel="14.60" electricity="0.00" noise="91.46" route="routetop" type="cfm-fast" waiting="0.00" lane="top_0" pos="46.89" speed="19.18" angle="190.18" x="-4.60" y="70.44"/>
        <vehicle id="cfm-fast_3" eclass="HBEFA3/PC_G_EU4" CO2="47750.45" CO="907.38" HC="5.31" NOx="21.98" PMx="1.20" fuel="20.53" electricity="0.00" noise="102.12" route="routetop" type="cfm-fast" waiting="0.00" lane="left_0" pos="12.95" speed="20.07" angle="161.21" x="0.67" y="36.47"/>
        <vehicle id="cfm-fast_4" eclass="HBEFA3/PC_G_EU4" CO2="87314.87" CO="1723.69" HC="10.02" NOx="40.57" PMx="2.23" fuel="37.53" electricity="0.00" noise="126.23" route="routeleft" type="cfm-fast" waiting="0.00" lane="left_0" pos="30.00" speed="23.47" angle="130.50" x="23.32" y="8.18"/>
        <vehicle id="cfm-fast_5" eclass="HBEFA3/PC_G_EU4" CO2="88823.16" CO="1755.58" HC="10.20" NOx="41.28" PMx="2.27" fuel="38.18" electricity="0.00" noise="126.42" route="routeleft" type="cfm-fast" waiting="0.00" lane="left_1" pos="46.17" speed="23.86" angle="101.49" x="55.79" y="-1.18"/>
        <vehicle id="cfm-slow_0" eclass="HBEFA3/PC_G_EU4" CO2="20146.84" CO="348.22" HC="2.08" NOx="9.05" PMx="0.47" fuel="8.66" electricity="0.00" noise="81.09" route="routebottom" type="cfm-slow" waiting="0.00" lane="bottom_0" pos="18.36" speed="16.35" angle="61.43" x="101.10" y="6.17"/>
        <vehicle id="cfm-slow_1" eclass="HBEFA3/PC_G_EU4" CO2="20214.06" CO="349.59" HC="2.09" NOx="9.08" PMx="0.48" fuel="8.69" electricity="0.00" noise="81.16" route="routebottom" type="cfm-slow" waiting="0.00" lane="bottom_0" pos="34.19" speed="16.35" angle="32.98" x="123.96" y="30.96"/>
        <vehicle id="cfm-slow_2" eclass="HBEFA3/PC_G_EU4" CO2="20561.25" CO="356.66" HC="2.13" NOx="9.24" PMx="0.49" fuel="8.84" electricity="0.00" noise="81.50" route="routebottom" type="cfm-slow" waiting="0.00" lane="right_0" pos="0.03" speed="16.37" angle="4.41" x="132.27" y="63.83"/>
        <vehicle id="cfm-slow_3" eclass="HBEFA3/PC_G_EU4" CO2="22083.97" CO="387.60" HC="2.31" NOx="9.96" PMx="0.53" fuel="9.49" electricity="0.00" noise="82.95" route="routebottom" type="cfm-slow" waiting="0.00" lane="right_0" pos="15.89" speed="16.48" angle="335.84" x="123.87" y="96.54"/>
        <vehicle id="cfm-slow_4" eclass="HBEFA3/PC_G_EU4" CO2="27656.82" CO="500.63" HC="2.96" NOx="12.58" PMx="0.67" fuel="11.89" electricity="0.00" noise="88.09" route="routeright" type="cfm-slow" waiting="0.00" lane="right_0" pos="31.87" speed="16.93" angle="307.17" x="100.69" y="121.42"/>
        <vehicle id="cfm-slow_5" eclass="HBEFA3/PC_G_EU4" CO2="44070.27" CO="833.83" HC="4.89" NOx="20.28" PMx="1.10" fuel="18.94" electricity="0.00" noise="101.27" route="routeright" type="cfm-slow" waiting="0.00" lane="right_0" pos="48.34" speed="18.61" angle="277.55" x="67.32" y="132.17"/>
    </timestep>
    <timestep time="1.76">
        <vehicle id="cfm-fast_0" eclass="HBEFA3/PC_G_EU4" CO2="69991.67" CO="1366.83" HC="7.96" NOx="32.40" PMx="1.78" fuel="30.09" electricity="0.00" noise="113.96" route="routetop" type="cfm-fast" waiting="0.00" lane="top_0" pos="16.86" speed="23.36" angle="244.15" x="28.98" y="122.85"/>
        <vehicle id="cfm-fast_1" eclass="HBEFA3/PC_G_EU4" CO2="87706.77" CO="1731.97" HC="10.07" NOx="40.76" PMx="2.24" fuel="37.70" electricity="0.00" noise="126.28" route="routetop" type="cfm-fast" waiting="0.00" lane="top_1" pos="32.70" speed="23.57" angle="215.65" x="7.77" y="97.43"/>
        <vehicle id="cfm-fast_2" eclass="HBEFA3/PC_G_EU4" CO2="33939.19" CO="624.08" HC="3.68" NOx="15.48" PMx="0.84" fuel="14.59" electricity="0.00" noise="91.37" route="routetop" type="cfm-fast" waiting="0.00" lane="top_0" pos="47.08" speed="19.24" angle="189.83" x="-4.64" y="70.03"/>
        <vehicle id="cfm-fast_3" eclass="HBEFA3/PC_G_EU4" CO2="47955.24" CO="911.53" HC="5.34" NOx="22.08" PMx="1.20" fuel="20.61" electricity="0.00" noise="102.16" route="routetop" type="cfm-fast" waiting="0.00" lane="left_0" pos="13.15" speed="20.15" angle="160.84" x="0.85" y="36.07"/>
        <vehicle id="cfm-fast_4" eclass="HBEFA3/PC_G_EU4" CO2="87832.27" CO="1734.62" HC="10.08" NOx="40.81" PMx="2.25" fuel="37.75" electricity="0.00" noise="126.29" route="routeleft" type="cfm-fast" waiting="0.00" lane="left_0" pos="30.23" speed="23.60" angle="130.07" x="23.73" y="7.88"/>
        <vehicle id="cfm-fast_5" eclass="HBEFA3/PC_G_EU4" CO2="89341.41" CO="1766.57" HC="10.26" NOx="41.52" PMx="2.29" fuel="38.40" electricity="0.00" noise="126.48" route="routeleft" type="cfm-fast" waiting="0.00" lane="left_1" pos="46.41" speed="24.00" angle="101.04" x="56.28" y="-1.23"/>
        <vehicle id="cfm-slow_0" eclass="HBEFA3/PC_G_EU4" CO2="20036.61" CO="345.79" HC="2.07" NOx="8.99" PMx="0.47" fuel="8.61" electricity="0.00" noise="80.95" route="routebottom" type="cfm-slow" waiting="0.00" lane="bottom_0" pos="18.52" speed="16.39" angle="61.12" x="101.39" y="6.37"/>
        <vehicle id="cfm-slow_1" eclass="HBEFA3/PC_G_EU4" CO2="20106.58" CO="347.22" HC="2.07" NOx="9.03" PMx="0.47" fuel="8.64" electricity="0.00" noise="81.02" route="routebottom" type="cfm-slow" waiting="0.00" lane="bottom_0" pos="34.36" speed="16.39" angle="32.68" x="124.13" y="31.26"/>
        <vehicle id="cfm-slow_2" eclass="HBEFA3/PC_G_EU4" CO2="20465.35" CO="354.52" HC="2.12" NOx="9.19" PMx="0.48" fuel="8.80" electricity="0.00" noise="81.37" route="routebottom" type="cfm-slow" waiting="0.00" lane="right_0" pos="0.20" speed="16.41" angle="4.11" x="132.26" y="64.18"/>
        <vehicle id="cfm-slow_3" eclass="HBEFA3/PC_G_EU4" CO2="22027.61" CO="386.27" HC="2.30" NOx="9.93" PMx="0.52" fuel="9.47" electricity="0.00" noise="82.86" route="routebottom" type="cfm-slow" waiting="0.00" lane="right_0" pos="16.06" speed="16.52" angle="335.54" x="123.70" y="96.85"/>
        <vehicle id="cfm-slow_4" eclass="HBEFA3/PC_G_EU4" CO2="27701.03" CO="501.35" HC="2.97" NOx="12.60" PMx="0.67" fuel="11.91" electricity="0.00" noise="88.07" route="routeright" type="cfm-slow" waiting="0.00" lane="right_0" pos="32.04" speed="16.99" angle="306.92" x="100.39" y="121.63"/>
        <vehicle id="cfm-slow_5" eclass="HBEFA3/PC_G_EU4" CO2="44214.55" CO="836.63" HC="4.90" NOx="20.35" PMx="1.10" fuel="19.01" electricity="0.00" noise="101.26" route="routeright" type="cfm-slow" waiting="0.00" lane="right_0" pos="48.53" speed="18.69" angle="277.20" x="66.92" y="132.19"/>
    </timestep>
    <timestep time="1.77">
        <vehicle id="cfm-fast_0" eclass="HBEFA3/PC_G_EU4" CO2="69225.50" CO="1351.26" HC="7.87" NOx="32.04" PMx="1.76" fuel="29.76" electricity="0.00" noise="113.22" route="routetop" type="cfm-fast" waiting="0.00" lane="top_0" pos="17.09" speed="23.46" angle="243.73" x="28.54" y="122.59"/>
        <vehicle id="cfm-fast_1" eclass="HBEFA3/PC_G_EU4" CO2="88224.40" CO="1742.91" HC="10.13" NOx="41.00" PMx="2.26" fuel="37.92" electricity="0.00" noise="126.34" route="routetop" type="cfm-fast" waiting="0.00" lane="top_1" pos="32.94" speed="23.71" angle="215.22" x="7.52" y="97.01"/>
        <vehicle id="cfm-fast_2" eclass="HBEFA3/PC_G_EU4" CO2="33916.22" CO="623.51" HC="3.68" NOx="15.47" PMx="0.83" fuel="14.58" electricity="0.00" noise="91.29" route="routetop" type="cfm-fast" waiting="0.00" lane="top_0" pos="47.28" speed="19.30" angle="189.47" x="-4.69" y="69.61"/>
        <vehicle id="cfm-fast_3" eclass="HBEFA3/PC_G_EU4" CO2="48162.60" CO="915.73" HC="5.36" NOx="22.17" PMx="1.21" fuel="20.70" electricity="0.00" noise="102.20" route="routetop" type="cfm-fast" waiting="0.00" lane="left_0" pos="13.36" speed="20.24" angle="160.46" x="1.03" y="35.68"/>
        <vehicle id="cfm-fast_4" eclass="HBEFA3/PC_G_EU4" CO2="88349.97" CO="1745.56" HC="10.14" NOx="41.05" PMx="2.26" fuel="37.98" electricity="0.00" noise="126.36" route="routeleft" type="cfm-fast" waiting="0.00" lane="left_0" pos="30.47" speed="23.74" angle="129.63" x="24.15" y="7.59"/>
        <vehicle id="cfm-fast_5" eclass="HBEFA3/PC_G_EU4" CO2="89859.96" CO="1777.58" HC="10.33" NOx="41.76" PMx="2.30" fuel="38.63" electricity="0.00" noise="126.55" route="routeleft" type="cfm-fast" waiting="0.00" lane="left_1" pos="46.65" speed="24.14" angle="100.59" x="56.77" y="-1.28"/>
        <vehicle id="cfm-slow_0" eclass="HBEFA3/PC_G_EU4" CO2="19926.66" CO="343.37" HC="2.05" NOx="8.94" PMx="0.47" fuel="8.57" electricity="0.00" noise="80.81" route="routebottom" type="cfm-slow" waiting="0.00" lane="bottom_0" pos="18.69" speed="16.43" angle="60.81" x="101.69" y="6.57"/>
        <vehicle id="cfm-slow_1" eclass="HBEFA3/PC_G_EU4" CO2="19999.46" CO="344.85" HC="2.06" NOx="8.97" PMx="0.47" fuel="8.60" electricity="0.00" noise="80.88" route="routebottom" type="cfm-slow" waiting="0.00" lane="bottom_0" pos="34.52" speed="16.43" angle="32.39" x="124.30" y="31.57"/>
        <vehicle id="cfm-slow_2" eclass="HBEFA3/PC_G_EU4" CO2="20370.09" CO="352.40" HC="2.11" NOx="9.15" PMx="0.48" fuel="8.76" electricity="0.00" noise="81.24" route="routebottom" type="cfm-slow" waiting="0.00" lane="right_0" pos="0.36" speed="16.46" angle="3.81" x="132.26" y="64.54"/>
        <vehicle id="cfm-slow_3" eclass="HBEFA3/PC_G_EU4" CO2="21972.44" CO="384.96" HC="2.29" NOx="9.90" PMx="0.52" fuel="9.44" electricity="0.00" noise="82.77" route="routebottom" type="cfm-slow" waiting="0.00" lane="right_0" pos="16.22" speed="16.57" angle="335.24" x="123.52" y="97.16"/>
        <vehicle id="cfm-slow_4" eclass="HBEFA3/PC_G_EU4" CO2="27746.34" CO="502.09" HC="2.97" NOx="12.62" PMx="0.67" fuel="11.93" electricity="0.00" noise="88.05" route="routeright" type="cfm-slow" waiting="0.00" lane="right_0" pos="32.21" speed="17.05" angle="306.61" x="100.07" y="121.82"/>
        <vehicle id="cfm-slow_5" eclass="HBEFA3/PC_G_EU4" CO2="44352.15" CO="839.29" HC="4.92" NOx="20.41" PMx="1.11" fuel="19.06" electricity="0.00" noise="101.24" route="routeright" type="cfm-slow" waiting="0.00" lane="right_0" pos="48.72" speed="18.78" angle="276.89" x="66.52" y="132.21"/>
    </timestep>
    <timestep time="1.78">
        <vehicle id="cfm-fast_0" eclass="HBEFA3/PC_G_EU4" CO2="68460.28" CO="1335.71" HC="7.78" NOx="31.67" PMx="1.74" fuel="29.43" electricity="0.00" noise="112.50" route="routetop" type="cfm-fast" waiting="0.00" lane="top_0" pos="17.33" speed="23.57" angle="243.30" x="28.11" y="122.33"/>
        <vehicle id="cfm-fast_1" eclass="HBEFA3/PC_G_EU4" CO2="88742.31" CO="1753.87" HC="10.19" NOx="41.24" PMx="2.27" fuel="38.15" electricity="0.00" noise="126.41" route="routetop" type="cfm-fast" waiting="0.00" lane="top_1" pos="33.18" speed="23.84" angle="214.79" x="7.27" y="96.59"/>
        <vehicle id="cfm-fast_2" eclass="HBEFA3/PC_G_EU4" CO2="33895.53" CO="622.99" HC="3.67" NOx="15.46" PMx="0.83" fuel="14.57" electricity="0.00" noise="91.20" route="routetop" type="cfm-fast" waiting="0.00" lane="top_0" pos="47.47" speed="19.36" angle="189.18" x="-4.73" y="69.20"/>
        <vehicle id="cfm-fast_3" eclass="HBEFA3/PC_G_EU4" CO2="48372.54" CO="919.99" HC="5.39" NOx="22.27" PMx="1.21" fuel="20.79" electricity="0.00" noise="102.24" route="routetop" type="cfm-fast" waiting="0.00" lane="left_0" pos="13.56" speed="20.33" angle="160.08" x="1.21" y="35.28"/>
        <vehicle id="cfm-fast_4" eclass="HBEFA3/PC_G_EU4" CO2="88867.95" CO="1756.53" HC="10.21" NOx="41.30" PMx="2.28" fuel="38.20" electricity="0.00" noise="126.42" route="routeleft" type="cfm-fast" waiting="0.00" lane="left_0" pos="30.71" speed="23.88" angle="129.23" x="24.56" y="7.29"/>
        <vehicle id="cfm-fast_5" eclass="HBEFA3/PC_G_EU4" CO2="90378.80" CO="1788.61" HC="10.39" NOx="42.00" PMx="2.32" fuel="38.85" electricity="0.00" noise="126.61" route="routeleft" type="cfm-fast" waiting="0.00" lane="left_1" pos="46.89" speed="24.27" angle="100.14" x="57.27" y="-1.33"/>
        <vehicle id="cfm-slow_0" eclass="HBEFA3/PC_G_EU4" CO2="19817.00" CO="340.95" HC="2.04" NOx="8.89" PMx="0.47" fuel="8.52" electricity="0.00" noise="80.67" route="routebottom" type="cfm-slow" waiting="0.00" lane="bottom_0" pos="18.85" speed="16.47" angle="60.50" x="101.98" y="6.76"/>
        <vehicle id="cfm-slow_1" eclass="HBEFA3/PC_G_EU4" CO2="19892.72" CO="342.49" HC="2.05" NOx="8.92" PMx="0.47" fuel="8.55" electricity="0.00" noise="80.75" route="routebottom" type="cfm-slow" waiting="0.00" lane="bottom_0" pos="34.69" speed="16.47" angle="32.13" x="124.47" y="31.89"/>
        <vehicle id="cfm-slow_2" eclass="HBEFA3/PC_G_EU4" CO2="20275.47" CO="350.29" HC="2.09" NOx="9.10" PMx="0.48" fuel="8.72" electricity="0.00" noise="81.11" route="routebottom" type="cfm-slow" waiting="0.00" lane="right_0" pos="0.53" speed="16.50" angle="3.52" x="132.25" y="64.89"/>
        <vehicle id="cfm-slow_3" eclass="HBEFA3/PC_G_EU4" CO2="21918.49" CO="383.68" HC="2.29" NOx="9.88" PMx="0.52" fuel="9.42" electricity="0.00" noise="82.67" route="routebottom" type="cfm-slow" waiting="0.00" lane="right_0" pos="16.39" speed="16.61" angle="334.94" x="123.35" y="97.47"/>
        <vehicle id="cfm-slow_4" eclass="HBEFA3/PC_G_EU4" CO2="27792.69" CO="502.85" HC="2.98" NOx="12.64" PMx="0.67" fuel="11.95" electricity="0.00" noise="88.03" route="routeright" type="cfm-slow" waiting="0.00" lane="right_0" pos="32.38" speed="17.10" angle="306.29" x="99.76" y="122.01"/>
        <vehicle id="cfm-slow_5" eclass="HBEFA3/PC_G_EU4" CO2="44483.11" CO="841.82" HC="4.93" NOx="20.47" PMx="1.11" fuel="19.12" electricity="0.00" noise="101.22" route="routeright" type="cfm-slow" waiting="0.00" lane="right_0" pos="48.91" speed="18.86" angle="276.56" x="66.11" y="132.23"/>
    </timestep>
    <timestep time="1.79">
        <vehicle id="cfm-fast_0" eclass="HBEFA3/PC_G_EU4" CO2="67696.36" CO="1320.20" HC="7.69" NOx="31.31" PMx="1.72" fuel="29.10" electricity="0.00" noise="111.78" route="routetop" type="cfm-fast" waiting="0.00" lane="top_0" pos="17.57" speed="23.67" angle="242.87" x="27.67" y="122.07"/>
        <vehicle id="cfm-fast_1" eclass="HBEFA3/PC_G_EU4" CO2="89260.52" CO="1764.85" HC="10.25" NOx="41.48" PMx="2.29" fuel="38.37" electricity="0.00" noise="126.47" route="routetop" type="cfm-fast" waiting="0.00" lane="top_1" pos="33.42" speed="23.98" angle="214.41" x="7.02" y="96.17"/>
        <vehicle id="cfm-fast_2" eclass="HBEFA3/PC_G_EU4" CO2="33877.16" CO="622.52" HC="3.67" NOx="15.45" PMx="0.83" fuel="14.56" electricity="0.00" noise="91.12" route="routetop" type="cfm-fast" waiting="0.00" lane="top_0" pos="47.66" speed="19.42" angle="188.81" x="-4.75" y="68.78"/>
        <vehicle id="cfm-fast_3" eclass="HBEFA3/PC_G_EU4" CO2="48585.05" CO="924.31" HC="5.41" NOx="22.37" PMx="1.22" fuel="20.88" electricity="0.00" noise="102.29" route="routetop" type="cfm-fast" waiting="0.00" lane="left_0" pos="13.76" speed="20.41" angle="159.70" x="1.39" y="34.88"/>
        <vehicle id="cfm-fast_4" eclass="HBEFA3/PC_G_EU4" CO2="89386.23" CO="1767.52" HC="10.27" NOx="41.54" PMx="2.29" fuel="38.42" electricity="0.00" noise="126.49" route="routeleft" type="cfm-fast" waiting="0.00" lane="left_0" pos="30.95" speed="24.01" angle="128.82" x="24.99" y="6.99"/>
        <vehicle id="cfm-fast_5" eclass="HBEFA3/PC_G_EU4" CO2="90897.93" CO="1799.66" HC="10.45" NOx="42.24" PMx="2.33" fuel="39.07" electricity="0.00" noise="126.68" route="routeleft" type="cfm-fast" waiting="0.00" lane="left_1" pos="47.13" speed="24.41" angle="99.68" x="57.76" y="-1.38"/>
        <vehicle id="cfm-slow_0" eclass="HBEFA3/PC_G_EU4" CO2="19707.64" CO="338.54" HC="2.03" NOx="8.84" PMx="0.46" fuel="8.47" electricity="0.00" noise="80.53" route="routebottom" type="cfm-slow" waiting="0.00" lane="bottom_0" pos="19.02" speed="16.51" angle="60.19" x="102.28" y="6.96"/>
        <vehicle id="cfm-slow_1" eclass="HBEFA3/PC_G_EU4" CO2="19786.37" CO="340.15" HC="2.03" NOx="8.87" PMx="0.47" fuel="8.51" electricity="0.00" noise="80.61" route="routebottom" type="cfm-slow" waiting="0.00" lane="bottom_0" pos="34.85" speed="16.51" angle="31.83" x="124.63" y="32.20"/>
        <vehicle id="cfm-slow_2" eclass="HBEFA3/PC_G_EU4" CO2="20181.53" CO="348.20" HC="2.08" NOx="9.06" PMx="0.48" fuel="8.68" electricity="0.00" noise="80.99" route="routebottom" type="cfm-slow" waiting="0.00" lane="right_0" pos="0.69" speed="16.54" angle="3.22" x="132.24" y="65.25"/>
        <vehicle id="cfm-slow_3" eclass="HBEFA3/PC_G_EU4" CO2="21865.75" CO="382.43" HC="2.28" NOx="9.85" PMx="0.52" fuel="9.40" electricity="0.00" noise="82.59" route="routebottom" type="cfm-slow" waiting="0.00" lane="right_0" pos="16.56" speed="16.65" angle="334.66" x="123.18" y="97.78"/>
        <vehicle id="cfm-slow_4" eclass="HBEFA3/PC_G_EU4" CO2="27840.02" CO="503.63" HC="2.98" NOx="12.66" PMx="0.68" fuel="11.97" electricity="0.00" noise="88.01" route="routeright" type="cfm-slow" waiting="0.00" lane="right_0" pos="32.55" speed="17.16" angle="305.96" x="99.44" y="122.20"/>
        <vehicle id="cfm-slow_5" eclass="HBEFA3/PC_G_EU4" CO2="44607.48" CO="844.22" HC="4.95" NOx="20.53" PMx="1.11" fuel="19.17" electricity="0.00" noise="101.19" route="routeright" type="cfm-slow" waiting="0.00" lane="right_0" pos="49.09" speed="18.94" angle="276.20" x="65.71" y="132.23"/>
    </timestep>
    <timestep time="1.80">
        <vehicle id="cfm-fast_0" eclass="HBEFA3/PC_G_EU4" CO2="66934.07" CO="1304.72" HC="7.60" NOx="30.95" PMx="1.70" fuel="28.77" electricity="0.00" noise="111.08" route="routetop" type="cfm-fast" waiting="0.00" lane="top_0" pos="17.80" speed="23.77" angle="242.45" x="27.23" y="121.81"/>
        <vehicle id="cfm-fast_1" eclass="HBEFA3/PC_G_EU4" CO2="89779.02" CO="1775.86" HC="10.32" NOx="41.72" PMx="2.30" fuel="38.59" electricity="0.00" noise="126.54" route="routetop" type="cfm-fast" waiting="0.00" lane="top_1" pos="33.66" speed="24.12" angle="213.96" x="6.78" y="95.74"/>
        <vehicle id="cfm-fast_2" eclass="HBEFA3/PC_G_EU4" CO2="33861.12" CO="622.10" HC="3.67" NOx="15.44" PMx="0.83" fuel="14.56" electricity="0.00" noise="91.04" route="routetop" type="cfm-fast" waiting="0.00" lane="top_0" pos="47.86" speed="19.48" angle="188.44" x="-4.78" y="68.36"/>
        <vehicle id="cfm-fast_3" eclass="HBEFA3/PC_G_EU4" CO2="48800.14" CO="928.69" HC="5.44" NOx="22.47" PMx="1.22" fuel="20.98" electricity="0.00" noise="102.34" route="routetop" type="cfm-fast" waiting="0.00" lane="left_0" pos="13.97" speed="20.50" angle="159.33" x="1.57" y="34.47"/>
        <vehicle id="cfm-fast_4" eclass="HBEFA3/PC_G_EU4" CO2="89904.80" CO="1778.53" HC="10.33" NOx="41.78" PMx="2.30" fuel="38.65" electricity="0.00" noise="126.55" route="routeleft" type="cfm-fast" waiting="0.00" lane="left_0" pos="31.19" speed="24.15" angle="128.39" x="25.42" y="6.71"/>
        <vehicle id="cfm-fast_5" eclass="HBEFA3/PC_G_EU4" CO2="91417.35" CO="1810.73" HC="10.52" NOx="42.48" PMx="2.34" fuel="39.30" electricity="0.00" noise="126.74" route="routeleft" type="cfm-fast" waiting="0.00" lane="left_1" pos="47.38" speed="24.55" angle="99.25" x="58.26" y="-1.43"/>
        <vehicle id="cfm-slow_0" eclass="HBEFA3/PC_G_EU4" CO2="19598.60" CO="336.15" HC="2.01" NOx="8.78" PMx="0.46" fuel="8.42" electricity="0.00" noise="80.40" route="routebottom" type="cfm-slow" waiting="0.00" lane="bottom_0" pos="19.18" speed="16.55" angle="59.93" x="102.57" y="7.16"/>
        <vehicle id="cfm-slow_1" eclass="HBEFA3/PC_G_EU4" CO2="19680.42" CO="337.82" HC="2.02" NOx="8.82" PMx="0.46" fuel="8.46" electricity="0.00" noise="80.48" route="routebottom" type="cfm-slow" waiting="0.00" lane="bottom_0" pos="35.02" speed="16.55" angle="31.53" x="124.79" y="32.52"/>
        <vehicle id="cfm-slow_2" eclass="HBEFA3/PC_G_EU4" CO2="20088.27" CO="346.12" HC="2.07" NOx="9.01" PMx="0.47" fuel="8.63" electricity="0.00" noise="80.87" route="routebottom" type="cfm-slow" waiting="0.00" lane="right_0" pos="0.86" speed="16.58" angle="2.92" x="132.24" y="65.60"/>
        <vehicle id="cfm-slow_3" eclass="HBEFA3/PC_G_EU4" CO2="21814.24" CO="381.20" HC="2.27" NOx="9.82" PMx="0.52" fuel="9.38" electricity="0.00" noise="82.50" route="routebottom" type="cfm-slow" waiting="0.00" lane="right_0" pos="16.72" speed="16.70" angle="334.39" x="123.00" y="98.10"/>
        <vehicle id="cfm-slow_4" eclass="HBEFA3/PC_G_EU4" CO2="27888.28" CO="504.44" HC="2.98" NOx="12.68" PMx="0.68" fuel="11.99" electricity="0.00" noise="88.00" route="routeright" type="cfm-slow" waiting="0.00" lane="right_0" pos="32.72" speed="17.22" angle="305.63" x="99.12" y="122.39"/>
        <vehicle id="cfm-slow_5" eclass="HBEFA3/PC_G_EU4" CO2="44725.31" CO="846.50" HC="4.96" NOx="20.58" PMx="1.12" fuel="19.23" electricity="0.00" noise="101.16" route="routeright" type="cfm-slow" waiting="0.00" lane="right_0" pos="49.29" speed="19.03" angle="275.85" x="65.30" y="132.24"/>
    </timestep>
    <timestep time="1.81">
        <vehicle id="cfm-fast_0" eclass="HBEFA3/PC_G_EU4" CO2="66173.76" CO="1289.29" HC="7.51" NOx="30.59" PMx="1.68" fuel="28.44" electricity="0.00" noise="110.38" route="routetop" type="cfm-fast" waiting="0.00" lane="top_0" pos="18.04" speed="23.87" angle="242.07" x="26.80" y="121.54"/>
        <vehicle id="cfm-fast_1" eclass="HBEFA3/PC_G_EU4" CO2="90297.81" CO="1786.88" HC="10.38" NOx="41.96" PMx="2.31" fuel="38.81" electricity="0.00" noise="126.60" route="routetop" type="cfm-fast" waiting="0.00" lane="top_1" pos="33.90" speed="24.25" angle="213.52" x="6.54" y="95.30"/>
        <vehicle id="cfm-fast_2" eclass="HBEFA3/PC_G_EU4" CO2="33847.41" CO="621.74" HC="3.67" NOx="15.43" PMx="0.83" fuel="14.55" electricity="0.00" noise="90.97" route="routetop" type="cfm-fast" waiting="0.00" lane="top_0" pos="48.05" speed="19.54" angle="188.06" x="-4.80" y="67.94"/>
        <vehicle id="cfm-fast_3" eclass="HBEFA3/PC_G_EU4" CO2="49017.79" CO="933.12" HC="5.46" NOx="22.57" PMx="1.23" fuel="21.07" electricity="0.00" noise="102.39" route="routetop" type="cfm-fast" waiting="0.00" lane="left_0" pos="14.17" speed="20.58" angle="159.00" x="1.76" y="34.07"/>
        <vehicle id="cfm-fast_4" eclass="HBEFA3/PC_G_EU4" CO2="90423.67" CO="1789.56" HC="10.40" NOx="42.02" PMx="2.32" fuel="38.87" electricity="0.00" noise="126.62" route="routeleft" type="cfm-fast" waiting="0.00" lane="left_0" pos="31.43" speed="24.28" angle="127.95" x="25.86" y="6.42"/>
        <vehicle id="cfm-fast_5" eclass="HBEFA3/PC_G_EU4" CO2="91937.06" CO="1821.82" HC="10.58" NOx="42.73" PMx="2.36" fuel="39.52" electricity="0.00" noise="126.81" route="routeleft" type="cfm-fast" waiting="0.00" lane="left_1" pos="47.63" speed="24.68" angle="98.83" x="58.77" y="-1.46"/>
        <vehicle id="cfm-slow_0" eclass="HBEFA3/PC_G_EU4" CO2="19489.87" CO="333.76" HC="2.00" NOx="8.73" PMx="0.46" fuel="8.38" electricity="0.00" noise="80.26" route="routebottom" type="cfm-slow" waiting="0.00" lane="bottom_0" pos="19.35" speed="16.59" angle="59.64" x="102.87" y="7.36"/>
        <vehicle id="cfm-slow_1" eclass="HBEFA3/PC_G_EU4" CO2="19574.89" CO="335.49" HC="2.01" NOx="8.77" PMx="0.46" fuel="8.41" electricity="0.00" noise="80.35" route="routebottom" type="cfm-slow" waiting="0.00" lane="bottom_0" pos="35.18" speed="16.59" angle="31.23" x="124.95" y="32.84"/>
        <vehicle id="cfm-slow_2" eclass="HBEFA3/PC_G_EU4" CO2="19995.70" CO="344.06" HC="2.06" NOx="8.97" PMx="0.47" fuel="8.60" electricity="0.00" noise="80.75" route="routebottom" type="cfm-slow" waiting="0.00" lane="right_0" pos="1.02" speed="16.62" angle="2.62" x="132.23" y="65.96"/>
        <vehicle id="cfm-slow_3" eclass="HBEFA3/PC_G_EU4" CO2="21763.96" CO="380.00" HC="2.27" NOx="9.80" PMx="0.52" fuel="9.36" electricity="0.00" noise="82.41" route="routebottom" type="cfm-slow" waiting="0.00" lane="right_0" pos="16.89" speed="16.74" angle="334.09" x="122.81" y="98.41"/>
        <vehicle id="cfm-slow_4" eclass="HBEFA3/PC_G_EU4" CO2="27937.42" CO="505.27" HC="2.99" NOx="12.70" PMx="0.68" fuel="12.01" electricity="0.00" noise="87.99" route="routeright" type="cfm-slow" waiting="0.00" lane="right_0" pos="32.89" speed="17.27" angle="305.31" x="98.80" y="122.58"/>
        <vehicle id="cfm-slow_5" eclass="HBEFA3/PC_G_EU4" CO2="44836.64" CO="848.64" HC="4.97" NOx="20.63" PMx="1.12" fuel="19.27" electricity="0.00" noise="101.12" route="routeright" type="cfm-slow" waiting="0.00" lane="right_0" pos="49.48" speed="19.11" angle="275.49" x="64.89" y="132.25"/>
    </timestep>
    <timestep time="1.82">
        <vehicle id="cfm-fast_0" eclass="HBEFA3/PC_G_EU4" CO2="65415.74" CO="1273.91" HC="7.43" NOx="30.23" PMx="1.66" fuel="28.12" electricity="0.00" noise="109.70" route="routetop" type="cfm-fast" waiting="0.00" lane="top_0" pos="18.28" speed="23.97" angle="241.60" x="26.37" y="121.25"/>
        <vehicle id="cfm-fast_1" eclass="HBEFA3/PC_G_EU4" CO2="90816.89" CO="1797.93" HC="10.44" NOx="42.20" PMx="2.33" fuel="39.04" electricity="0.00" noise="126.67" route="routetop" type="cfm-fast" waiting="0.00" lane="top_1" pos="34.15" speed="24.39" angle="213.07" x="6.30" y="94.86"/>
        <vehicle id="cfm-fast_2" eclass="HBEFA3/PC_G_EU4" CO2="33836.07" CO="621.43" HC="3.67" NOx="15.43" PMx="0.83" fuel="14.54" electricity="0.00" noise="90.90" route="routetop" type="cfm-fast" waiting="0.00" lane="top_0" pos="48.25" speed="19.60" angle="187.69" x="-4.83" y="67.52"/>
        <vehicle id="cfm-fast_3" eclass="HBEFA3/PC_G_EU4" CO2="49238.00" CO="937.62" HC="5.49" NOx="22.67" PMx="1.24" fuel="21.16" electricity="0.00" noise="102.44" route="routetop" type="cfm-fast" waiting="0.00" lane="left_0" pos="14.38" speed="20.67" angle="158.61" x="1.96" y="33.68"/>
        <vehicle id="cfm-fast_4" eclass="HBEFA3/PC_G_EU4" CO2="90582.51" CO="1793.19" HC="10.42" NOx="42.09" PMx="2.32" fuel="38.94" electricity="0.00" noise="126.43" route="routeleft" type="cfm-fast" waiting="0.00" lane="left_0" pos="31.68" speed="24.42" angle="127.51" x="26.29" y="6.13"/>
        <vehicle id="cfm-fast_5" eclass="HBEFA3/PC_G_EU4" CO2="92457.06" CO="1832.94" HC="10.64" NOx="42.97" PMx="2.37" fuel="39.74" electricity="0.00" noise="126.87" route="routeleft" type="cfm-fast" waiting="0.00" lane="left_1" pos="47.88" speed="24.82" angle="98.37" x="59.28" y="-1.49"/>
        <vehicle id="cfm-slow_0" eclass="HBEFA3/PC_G_EU4" CO2="19381.48" CO="331.38" HC="1.98" NOx="8.68" PMx="0.45" fuel="8.33" electricity="0.00" noise="80.13" route="routebottom" type="cfm-slow" waiting="0.00" lane="bottom_0" pos="19.52" speed="16.63" angle="59.33" x="103.16" y="7.57"/>
        <vehicle id="cfm-slow_1" eclass="HBEFA3/PC_G_EU4" CO2="19469.79" CO="333.18" HC="2.00" NOx="8.72" PMx="0.46" fuel="8.37" electricity="0.00" noise="80.21" route="routebottom" type="cfm-slow" waiting="0.00" lane="bottom_0" pos="35.35" speed="16.63" angle="30.93" x="125.11" y="33.16"/>
        <vehicle id="cfm-slow_2" eclass="HBEFA3/PC_G_EU4" CO2="19903.85" CO="342.02" HC="2.05" NOx="8.92" PMx="0.47" fuel="8.56" electricity="0.00" noise="80.63" route="routebottom" type="cfm-slow" waiting="0.00" lane="right_0" pos="1.19" speed="16.66" angle="2.31" x="132.22" y="66.32"/>
        <vehicle id="cfm-slow_3" eclass="HBEFA3/PC_G_EU4" CO2="21714.91" CO="378.83" HC="2.26" NOx="9.78" PMx="0.52" fuel="9.33" electricity="0.00" noise="82.33" route="routebottom" type="cfm-slow" waiting="0.00" lane="right_0" pos="17.06" speed="16.79" angle="333.78" x="122.63" y="98.72"/>
        <vehicle id="cfm-slow_4" eclass="HBEFA3/PC_G_EU4" CO2="27987.37" CO="506.12" HC="2.99" NOx="12.72" PMx="0.68" fuel="12.03" electricity="0.00" noise="87.97" route="routeright" type="cfm-slow" waiting="0.00" lane="right_0" pos="33.07" speed="17.33" angle="304.98" x="98.48" y="122.77"/>
        <vehicle id="cfm-slow_5" eclass="HBEFA3/PC_G_EU4" CO2="44941.52" CO="850.66" HC="4.99" NOx="20.68" PMx="1.12" fuel="19.32" electricity="0.00" noise="101.08" route="routeright" type="cfm-slow" waiting="0.00" lane="right_0" pos="49.67" speed="19.20" angle="275.13" x="64.47" y="132.26"/>
    </timestep>
    <timestep time="1.83">
        <vehicle id="cfm-fast_0" eclass="HBEFA3/PC_G_EU4" CO2="64660.30" CO="1258.59" HC="7.34" NOx="29.87" PMx="1.64" fuel="27.79" electricity="0.00" noise="109.02" route="routetop" type="cfm-fast" waiting="0.00" lane="top_0" pos="18.52" speed="24.07" angle="241.13" x="25.94" y="120.96"/>
        <vehicle id="cfm-fast_1" eclass="HBEFA3/PC_G_EU4" CO2="91336.27" CO="1809.00" HC="10.51" NOx="42.45" PMx="2.34" fuel="39.26" electricity="0.00" noise="126.73" route="routetop" type="cfm-fast" waiting="0.00" lane="top_1" pos="34.39" speed="24.52" angle="212.63" x="6.05" y="94.42"/>
        <vehicle id="cfm-fast_2" eclass="HBEFA3/PC_G_EU4" CO2="33827.10" CO="621.17" HC="3.67" NOx="15.42" PMx="0.83" fuel="14.54" electricity="0.00" noise="90.83" route="routetop" type="cfm-fast" waiting="0.00" lane="top_0" pos="48.45" speed="19.66" angle="187.31" x="-4.85" y="67.10"/>
        <vehicle id="cfm-fast_3" eclass="HBEFA3/PC_G_EU4" CO2="49457.97" CO="942.12" HC="5.52" NOx="22.77" PMx="1.24" fuel="21.26" electricity="0.00" noise="102.49" route="routetop" type="cfm-fast" waiting="0.00" lane="left_0" pos="14.59" speed="20.75" angle="158.22" x="2.16" y="33.28"/>
        <vehicle id="cfm-fast_4" eclass="HBEFA3/PC_G_EU4" CO2="89278.17" CO="1766.71" HC="10.26" NOx="41.47" PMx="2.29" fuel="38.38" electricity="0.00" noise="125.25" route="routeleft" type="cfm-fast" waiting="0.00" lane="left_0" pos="31.92" speed="24.55" angle="127.07" x="26.73" y="5.83"/>
        <vehicle id="cfm-fast_5" eclass="HBEFA3/PC_G_EU4" CO2="92977.36" CO="1844.08" HC="10.71" NOx="43.21" PMx="2.39" fuel="39.97" electricity="0.00" noise="126.94" route="routeleft" type="cfm-fast" waiting="0.00" lane="left_1" pos="48.12" speed="24.95" angle="97.91" x="59.79" y="-1.52"/>
        <vehicle id="cfm-slow_0" eclass="HBEFA3/PC_G_EU4" CO2="19273.44" CO="329.01" HC="1.97" NOx="8.63" PMx="0.45" fuel="8.28" electricity="0.00" noise="80.00" route="routebottom" type="cfm-slow" waiting="0.00" lane="bottom_0" pos="19.68" speed="16.67" angle="59.02" x="103.45" y="7.78"/>
        <vehicle id="cfm-slow_1" eclass="HBEFA3/PC_G_EU4" CO2="19365.13" CO="330.88" HC="1.98" NOx="8.67" PMx="0.45" fuel="8.32" electricity="0.00" noise="80.09" route="routebottom" type="cfm-slow" waiting="0.00" lane="bottom_0" pos="35.52" speed="16.67" angle="30.63" x="125.27" y="33.48"/>
        <vehicle id="cfm-slow_2" eclass="HBEFA3/PC_G_EU4" CO2="19812.73" CO="340.00" HC="2.03" NOx="8.88" PMx="0.47" fuel="8.52" electricity="0.00" noise="80.51" route="routebottom" type="cfm-slow" waiting="0.00" lane="right_0" pos="1.36" speed="16.70" angle="2.04" x="132.21" y="66.68"/>
        <vehicle id="cfm-slow_3" eclass="HBEFA3/PC_G_EU4" CO2="21667.10" CO="377.69" HC="2.25" NOx="9.75" PMx="0.51" fuel="9.31" electricity="0.00" noise="82.25" route="routebottom" type="cfm-slow" waiting="0.00" lane="right_0" pos="17.23" speed="16.83" angle="333.48" x="122.44" y="99.03"/>
        <vehicle id="cfm-slow_4" eclass="HBEFA3/PC_G_EU4" CO2="28038.08" CO="506.99" HC="3.00" NOx="12.74" PMx="0.68" fuel="12.05" electricity="0.00" noise="87.96" route="routeright" type="cfm-slow" waiting="0.00" lane="right_0" pos="33.24" speed="17.38" angle="304.66" x="98.16" y="122.96"/>
        <vehicle id="cfm-slow_5" eclass="HBEFA3/PC_G_EU4" CO2="45040.01" CO="852.56" HC="5.00" NOx="20.72" PMx="1.13" fuel="19.36" electricity="0.00" noise="101.03" route="routeright" type="cfm-slow" waiting="0.00" lane="right_0" pos="49.86" speed="19.28" angle="274.77" x="64.06" y="132.26"/>
    </timestep>
    <timestep time="1.84">
        <vehicle id="cfm-fast_0" eclass="HBEFA3/PC_G_EU4" CO2="63907.75" CO="1243.33" HC="7.25" NOx="29.51" PMx="1.62" fuel="27.47" electricity="0.00" noise="108.36" route="routetop" type="cfm-fast" waiting="0.00" lane="top_0" pos="18.76" speed="24.16" angle="240.66" x="25.51" y="120.67"/>
        <vehicle id="cfm-fast_1" eclass="HBEFA3/PC_G_EU4" CO2="91855.94" CO="1820.09" HC="10.57" NOx="42.69" PMx="2.36" fuel="39.48" electricity="0.00" noise="126.80" route="routetop" type="cfm-fast" waiting="0.00" lane="top_1" pos="34.64" speed="24.66" angle="212.24" x="5.81" y="93.98"/>
        <vehicle id="cfm-fast_2" eclass="HBEFA3/PC_G_EU4" CO2="33820.50" CO="620.96" HC="3.66" NOx="15.42" PMx="0.83" fuel="14.54" electricity="0.00" noise="90.76" route="routetop" type="cfm-fast" waiting="0.00" lane="top_0" pos="48.64" speed="19.72" angle="186.94" x="-4.88" y="66.68"/>
        <vehicle id="cfm-fast_3" eclass="HBEFA3/PC_G_EU4" CO2="49666.32" CO="946.38" HC="5.54" NOx="22.87" PMx="1.25" fuel="21.35" electricity="0.00" noise="102.53" route="routetop" type="cfm-fast" waiting="0.00" lane="left_0" pos="14.80" speed="20.84" angle="157.83" x="2.36" y="32.88"/>
        <vehicle id="cfm-fast_4" eclass="HBEFA3/PC_G_EU4" CO2="87969.83" CO="1740.15" HC="10.11" NOx="40.85" PMx="2.25" fuel="37.81" electricity="0.00" noise="124.09" route="routeleft" type="cfm-fast" waiting="0.00" lane="left_0" pos="32.17" speed="24.68" angle="126.68" x="27.18" y="5.55"/>
        <vehicle id="cfm-fast_5" eclass="HBEFA3/PC_G_EU4" CO2="93497.95" CO="1855.24" HC="10.77" NOx="43.45" PMx="2.40" fuel="40.19" electricity="0.00" noise="127.00" route="routeleft" type="cfm-fast" waiting="0.00" lane="left_1" pos="48.38" speed="25.09" angle="97.45" x="60.30" y="-1.56"/>
        <vehicle id="cfm-slow_0" eclass="HBEFA3/PC_G_EU4" CO2="19165.75" CO="326.65" HC="1.96" NOx="8.57" PMx="0.45" fuel="8.24" electricity="0.00" noise="79.87" route="routebottom" type="cfm-slow" waiting="0.00" lane="bottom_0" pos="19.85" speed="16.70" angle="58.72" x="103.74" y="7.99"/>
        <vehicle id="cfm-slow_1" eclass="HBEFA3/PC_G_EU4" CO2="19260.93" CO="328.60" HC="1.97" NOx="8.62" PMx="0.45" fuel="8.28" electricity="0.00" noise="79.96" route="routebottom" type="cfm-slow" waiting="0.00" lane="bottom_0" pos="35.68" speed="16.71" angle="30.32" x="125.43" y="33.80"/>
        <vehicle id="cfm-slow_2" eclass="HBEFA3/PC_G_EU4" CO2="19722.35" CO="337.99" HC="2.02" NOx="8.84" PMx="0.46" fuel="8.48" electricity="0.00" noise="80.39" route="routebottom" type="cfm-slow" waiting="0.00" lane="right_0" pos="1.52" speed="16.74" angle="1.74" x="132.18" y="67.04"/>
        <vehicle id="cfm-slow_3" eclass="HBEFA3/PC_G_EU4" CO2="21620.54" CO="376.58" HC="2.25" NOx="9.73" PMx="0.51" fuel="9.29" electricity="0.00" noise="82.17" route="routebottom" type="cfm-slow" waiting="0.00" lane="right_0" pos="17.40" speed="16.87" angle="333.18" x="122.26" y="99.34"/>
        <vehicle id="cfm-slow_4" eclass="HBEFA3/PC_G_EU4" CO2="28089.50" CO="507.87" HC="3.01" NOx="12.77" PMx="0.68" fuel="12.07" electricity="0.00" noise="87.95" route="routeright" type="cfm-slow" waiting="0.00" lane="right_0" pos="33.42" speed="17.44" angle="304.38" x="97.84" y="123.15"/>
        <vehicle id="cfm-slow_5" eclass="HBEFA3/PC_G_EU4" CO2="45132.16" CO="854.33" HC="5.01" NOx="20.76" PMx="1.13" fuel="19.40" electricity="0.00" noise="100.98" route="routetop" type="cfm-slow" waiting="0.00" lane="top_0" pos="0.05" speed="19.36" angle="274.38" x="63.45" y="132.27"/>
    </timestep>
    <timestep time="1.85">
        <vehicle id="cfm-fast_0" eclass="HBEFA3/PC_G_EU4" CO2="63158.36" CO="1228.14" HC="7.16" NOx="29.16" PMx="1.61" fuel="27.15" electricity="0.00" noise="107.71" route="routetop" type="cfm-fast" waiting="0.00" lane="top_0" pos="19.01" speed="24.26" angle="240.19" x="25.07" y="120.38"/>
        <vehicle id="cfm-fast_1" eclass="HBEFA3/PC_G_EU4" CO2="92375.90" CO="1831.20" HC="10.63" NOx="42.93" PMx="2.37" fuel="39.71" electricity="0.00" noise="126.86" route="routetop" type="cfm-fast" waiting="0.00" lane="top_1" pos="34.89" speed="24.80" angle="211.78" x="5.58" y="93.53"/>
        <vehicle id="cfm-fast_2" eclass="HBEFA3/PC_G_EU4" CO2="33816.16" CO="620.80" HC="3.66" NOx="15.41" PMx="0.83" fuel="14.54" electricity="0.00" noise="90.70" route="routetop" type="cfm-fast" waiting="0.00" lane="top_0" pos="48.84" speed="19.78" angle="186.63" x="-4.89" y="66.25"/>
        <vehicle id="cfm-fast_3" eclass="HBEFA3/PC_G_EU4" CO2="49863.13" CO="950.41" HC="5.56" NOx="22.96" PMx="1.25" fuel="21.43" electricity="0.00" noise="102.56" route="routetop" type="cfm-fast" waiting="0.00" lane="left_0" pos="15.01" speed="20.92" angle="157.44" x="2.56" y="32.47"/>
        <vehicle id="cfm-fast_4" eclass="HBEFA3/PC_G_EU4" CO2="86658.31" CO="1713.53" HC="9.96" NOx="40.23" PMx="2.22" fuel="37.25" electricity="0.00" noise="122.94" route="routeleft" type="cfm-fast" waiting="0.00" lane="left_0" pos="32.42" speed="24.81" angle="126.22" x="27.64" y="5.27"/>
        <vehicle id="cfm-fast_5" eclass="HBEFA3/PC_G_EU4" CO2="94018.83" CO="1866.42" HC="10.84" NOx="43.70" PMx="2.41" fuel="40.41" electricity="0.00" noise="127.06" route="routeleft" type="cfm-fast" waiting="0.00" lane="left_1" pos="48.63" speed="25.23" angle="96.99" x="60.82" y="-1.59"/>
        <vehicle id="cfm-slow_0" eclass="HBEFA3/PC_G_EU4" CO2="19058.43" CO="324.31" HC="1.94" NOx="8.52" PMx="0.45" fuel="8.19" electricity="0.00" noise="79.74" route="routebottom" type="cfm-slow" waiting="0.00" lane="bottom_0" pos="20.02" speed="16.74" angle="58.41" x="104.03" y="8.20"/>
        <vehicle id="cfm-slow_1" eclass="HBEFA3/PC_G_EU4" CO2="19157.19" CO="326.32" HC="1.96" NOx="8.57" PMx="0.45" fuel="8.23" electricity="0.00" noise="79.83" route="routebottom" type="cfm-slow" waiting="0.00" lane="bottom_0" pos="35.85" speed="16.75" angle="30.05" x="125.60" y="34.12"/>
        <vehicle id="cfm-slow_2" eclass="HBEFA3/PC_G_EU4" CO2="19632.72" CO="336.00" HC="2.01" NOx="8.79" PMx="0.46" fuel="8.44" electricity="0.00" noise="80.28" route="routebottom" type="cfm-slow" waiting="0.00" lane="right_0" pos="1.69" speed="16.78" angle="1.44" x="132.16" y="67.40"/>
        <vehicle id="cfm-slow_3" eclass="HBEFA3/PC_G_EU4" CO2="21575.23" CO="375.49" HC="2.24" NOx="9.71" PMx="0.51" fuel="9.27" electricity="0.00" noise="82.09" route="routebottom" type="cfm-slow" waiting="0.00" lane="right_0" pos="17.56" speed="16.92" angle="332.87" x="122.07" y="99.65"/>
        <vehicle id="cfm-slow_4" eclass="HBEFA3/PC_G_EU4" CO2="28141.58" CO="508.77" HC="3.01" NOx="12.79" PMx="0.68" fuel="12.10" electricity="0.00" noise="87.94" route="routeright" type="cfm-slow" waiting="0.00" lane="right_0" pos="33.59" speed="17.50" angle="304.07" x="97.51" y="123.33"/>
        <vehicle id="cfm-slow_5" eclass="HBEFA3/PC_G_EU4" CO2="45218.02" CO="855.97" HC="5.02" NOx="20.80" PMx="1.13" fuel="19.44" electricity="0.00" noise="100.93" route="routetop" type="cfm-slow" waiting="0.00" lane="top_0" pos="0.25" speed="19.45" angle="274.02" x="63.03" y="132.26"/>
    </timestep>
    <timestep time="1.86">
        <vehicle id="cfm-fast_0" eclass="HBEFA3/PC_G_EU4" CO2="62412.39" CO="1213.03" HC="7.07" NOx="28.80" PMx="1.59" fuel="26.83" electricity="0.00" noise="107.06" route="routetop" type="cfm-fast" waiting="0.00" lane="top_0" pos="19.25" speed="24.35" angle="239.79" x="24.64" y="120.09"/>
        <vehicle id="cfm-fast_1" eclass="HBEFA3/PC_G_EU4" CO2="92896.15" CO="1842.34" HC="10.70" NOx="43.17" PMx="2.38" fuel="39.93" electricity="0.00" noise="126.93" route="routetop" type="cfm-fast" waiting="0.00" lane="top_1" pos="35.14" speed="24.93" angle="211.33" x="5.35" y="93.07"/>
        <vehicle id="cfm-fast_2" eclass="HBEFA3/PC_G_EU4" CO2="33813.97" CO="620.69" HC="3.66" NOx="15.41" PMx="0.83" fuel="14.53" electricity="0.00" noise="90.64" route="routetop" type="cfm-fast" waiting="0.00" lane="top_0" pos="49.04" speed="19.84" angle="186.27" x="-4.90" y="65.83"/>
        <vehicle id="cfm-fast_3" eclass="HBEFA3/PC_G_EU4" CO2="50048.48" CO="954.22" HC="5.59" NOx="23.04" PMx="1.26" fuel="21.51" electricity="0.00" noise="102.58" route="routetop" type="cfm-fast" waiting="0.00" lane="left_0" pos="15.22" speed="21.01" angle="157.05" x="2.76" y="32.07"/>
        <vehicle id="cfm-fast_4" eclass="HBEFA3/PC_G_EU4" CO2="85344.42" CO="1686.87" HC="9.80" NOx="39.61" PMx="2.19" fuel="36.69" electricity="0.00" noise="121.81" route="routeleft" type="cfm-fast" waiting="0.00" lane="left_0" pos="32.67" speed="24.94" angle="125.75" x="28.10" y="5.00"/>
        <vehicle id="cfm-fast_5" eclass="HBEFA3/PC_G_EU4" CO2="94540.00" CO="1877.62" HC="10.90" NOx="43.94" PMx="2.43" fuel="40.64" electricity="0.00" noise="127.13" route="routeleft" type="cfm-fast" waiting="0.00" lane="left_1" pos="48.88" speed="25.36" angle="96.57" x="61.34" y="-1.61"/>
        <vehicle id="cfm-slow_0" eclass="HBEFA3/PC_G_EU4" CO2="18951.48" CO="321.97" HC="1.93" NOx="8.47" PMx="0.44" fuel="8.15" electricity="0.00" noise="79.61" route="routebottom" type="cfm-slow" waiting="0.00" lane="bottom_0" pos="20.19" speed="16.78" angle="58.10" x="104.32" y="8.41"/>
        <vehicle id="cfm-slow_1" eclass="HBEFA3/PC_G_EU4" CO2="19053.93" CO="324.06" HC="1.94" NOx="8.52" PMx="0.45" fuel="8.19" electricity="0.00" noise="79.71" route="routebottom" type="cfm-slow" waiting="0.00" lane="bottom_0" pos="36.02" speed="16.78" angle="29.76" x="125.75" y="34.45"/>
        <vehicle id="cfm-slow_2" eclass="HBEFA3/PC_G_EU4" CO2="19543.87" CO="334.03" HC="2.00" NOx="8.75" PMx="0.46" fuel="8.40" electricity="0.00" noise="80.17" route="routebottom" type="cfm-slow" waiting="0.00" lane="right_0" pos="1.86" speed="16.81" angle="1.14" x="132.14" y="67.76"/>
        <vehicle id="cfm-slow_3" eclass="HBEFA3/PC_G_EU4" CO2="21531.16" CO="374.44" HC="2.23" NOx="9.68" PMx="0.51" fuel="9.26" electricity="0.00" noise="82.02" route="routebottom" type="cfm-slow" waiting="0.00" lane="right_0" pos="17.73" speed="16.96" angle="332.57" x="121.88" y="99.96"/>
        <vehicle id="cfm-slow_4" eclass="HBEFA3/PC_G_EU4" CO2="28194.27" CO="509.69" HC="3.02" NOx="12.81" PMx="0.68" fuel="12.12" electricity="0.00" noise="87.93" route="routeright" type="cfm-slow" waiting="0.00" lane="right_0" pos="33.77" speed="17.55" angle="303.75" x="97.18" y="123.51"/>
        <vehicle id="cfm-slow_5" eclass="HBEFA3/PC_G_EU4" CO2="45297.65" CO="857.50" HC="5.03" NOx="20.84" PMx="1.13" fuel="19.47" electricity="0.00" noise="100.87" route="routetop" type="cfm-slow" waiting="0.00" lane="top_0" pos="0.44" speed="19.53" angle="273.67" x="62.61" y="132.25"/>
    </timestep>
    <timestep time="1.87">
        <vehicle id="cfm-fast_0" eclass="HBEFA3/PC_G_EU4" CO2="61670.11" CO="1197.99" HC="6.99" NOx="28.45" PMx="1.57" fuel="26.51" electricity="0.00" noise="106.43" route="routetop" type="cfm-fast" waiting="0.00" lane="top_0" pos="19.50" speed="24.44" angle="239.35" x="24.21" y="119.78"/>
        <vehicle id="cfm-fast_1" eclass="HBEFA3/PC_G_EU4" CO2="93416.69" CO="1853.49" HC="10.76" NOx="43.42" PMx="2.40" fuel="40.16" electricity="0.00" noise="126.99" route="routetop" type="cfm-fast" waiting="0.00" lane="top_1" pos="35.39" speed="25.07" angle="210.87" x="5.12" y="92.61"/>
        <vehicle id="cfm-fast_2" eclass="HBEFA3/PC_G_EU4" CO2="33813.82" CO="620.62" HC="3.66" NOx="15.41" PMx="0.83" fuel="14.53" electricity="0.00" noise="90.58" route="routetop" type="cfm-fast" waiting="0.00" lane="top_0" pos="49.24" speed="19.90" angle="185.90" x="-4.91" y="65.40"/>
        <vehicle id="cfm-fast_3" eclass="HBEFA3/PC_G_EU4" CO2="50222.45" CO="957.79" HC="5.61" NOx="23.12" PMx="1.26" fuel="21.59" electricity="0.00" noise="102.60" route="routetop" type="cfm-fast" waiting="0.00" lane="left_0" pos="15.43" speed="21.09" angle="156.72" x="2.97" y="31.67"/>
        <vehicle id="cfm-fast_4" eclass="HBEFA3/PC_G_EU4" CO2="84028.92" CO="1660.18" HC="9.65" NOx="38.99" PMx="2.15" fuel="36.12" electricity="0.00" noise="120.69" route="routeleft" type="cfm-fast" waiting="0.00" lane="left_0" pos="32.92" speed="25.06" angle="125.28" x="28.56" y="4.72"/>
        <vehicle id="cfm-fast_5" eclass="HBEFA3/PC_G_EU4" CO2="95061.47" CO="1888.84" HC="10.96" NOx="44.18" PMx="2.44" fuel="40.86" electricity="0.00" noise="127.19" route="routeleft" type="cfm-fast" waiting="0.00" lane="left_1" pos="49.14" speed="25.50" angle="96.09" x="61.86" y="-1.62"/>
        <vehicle id="cfm-slow_0" eclass="HBEFA3/PC_G_EU4" CO2="18844.92" CO="319.64" HC="1.92" NOx="8.42" PMx="0.44" fuel="8.10" electricity="0.00" noise="79.48" route="routebottom" type="cfm-slow" waiting="0.00" lane="bottom_0" pos="20.35" speed="16.82" angle="57.79" x="104.62" y="8.62"/>
        <vehicle id="cfm-slow_1" eclass="HBEFA3/PC_G_EU4" CO2="18951.16" CO="321.81" HC="1.93" NOx="8.47" PMx="0.44" fuel="8.15" electricity="0.00" noise="79.58" route="routebottom" type="cfm-slow" waiting="0.00" lane="bottom_0" pos="36.19" speed="16.82" angle="29.43" x="125.90" y="34.78"/>
        <vehicle id="cfm-slow_2" eclass="HBEFA3/PC_G_EU4" CO2="19455.80" CO="332.08" HC="1.99" NOx="8.71" PMx="0.46" fuel="8.36" electricity="0.00" noise="80.06" route="routebottom" type="cfm-slow" waiting="0.00" lane="right_0" pos="2.03" speed="16.85" angle="0.83" x="132.12" y="68.12"/>
        <vehicle id="cfm-slow_3" eclass="HBEFA3/PC_G_EU4" CO2="21488.35" CO="373.41" HC="2.23" NOx="9.66" PMx="0.51" fuel="9.24" electricity="0.00" noise="81.94" route="routebottom" type="cfm-slow" waiting="0.00" lane="right_0" pos="17.90" speed="17.00" angle="332.31" x="121.70" y="100.28"/>
        <vehicle id="cfm-slow_4" eclass="HBEFA3/PC_G_EU4" CO2="28247.51" CO="510.62" HC="3.02" NOx="12.84" PMx="0.69" fuel="12.14" electricity="0.00" noise="87.93" route="routeright" type="cfm-slow" waiting="0.00" lane="right_0" pos="33.94" speed="17.61" angle="303.43" x="96.85" y="123.70"/>
        <vehicle id="cfm-slow_5" eclass="HBEFA3/PC_G_EU4" CO2="45371.11" CO="858.90" HC="5.03" NOx="20.87" PMx="1.13" fuel="19.50" electricity="0.00" noise="100.80" route="routetop" type="cfm-slow" waiting="0.00" lane="top_0" pos="0.64" speed="19.61" angle="273.32" x="62.19" y="132.24"/>
    </timestep>
    <timestep time="1.88">
        <vehicle id="cfm-fast_0" eclass="HBEFA3/PC_G_EU4" CO2="60931.76" CO="1183.03" HC="6.90" NOx="28.10" PMx="1.55" fuel="26.19" electricity="0.00" noise="105.80" route="routetop" type="cfm-fast" waiting="0.00" lane="top_0" pos="19.74" speed="24.53" angle="238.91" x="23.78" y="119.47"/>
        <vehicle id="cfm-fast_1" eclass="HBEFA3/PC_G_EU4" CO2="93937.53" CO="1864.67" HC="10.83" NOx="43.66" PMx="2.41" fuel="40.38" electricity="0.00" noise="127.05" route="routetop" type="cfm-fast" waiting="0.00" lane="top_1" pos="35.64" speed="25.21" angle="210.41" x="4.89" y="92.15"/>
        <vehicle id="cfm-fast_2" eclass="HBEFA3/PC_G_EU4" CO2="33815.60" CO="620.60" HC="3.66" NOx="15.41" PMx="0.83" fuel="14.54" electricity="0.00" noise="90.52" route="routetop" type="cfm-fast" waiting="0.00" lane="top_0" pos="49.44" speed="19.96" angle="185.54" x="-4.92" y="64.97"/>
        <vehicle id="cfm-fast_3" eclass="HBEFA3/PC_G_EU4" CO2="50385.12" CO="961.14" HC="5.63" NOx="23.20" PMx="1.27" fuel="21.66" electricity="0.00" noise="102.60" route="routetop" type="cfm-fast" waiting="0.00" lane="left_0" pos="15.64" speed="21.18" angle="156.33" x="3.19" y="31.27"/>
        <vehicle id="cfm-fast_4" eclass="HBEFA3/PC_G_EU4" CO2="82712.55" CO="1633.47" HC="9.49" NOx="38.36" PMx="2.12" fuel="35.55" electricity="0.00" noise="119.59" route="routeleft" type="cfm-fast" waiting="0.00" lane="left_0" pos="33.17" speed="25.18" angle="124.81" x="29.03" y="4.44"/>
        <vehicle id="cfm-fast_5" eclass="HBEFA3/PC_G_EU4" CO2="95583.23" CO="1900.09" HC="11.03" NOx="44.42" PMx="2.46" fuel="41.09" electricity="0.00" noise="127.26" route="routeleft" type="cfm-fast" waiting="0.00" lane="left_1" pos="49.39" speed="25.64" angle="95.61" x="62.39" y="-1.63"/>
        <vehicle id="cfm-slow_0" eclass="HBEFA3/PC_G_EU4" CO2="18738.75" CO="317.32" HC="1.91" NOx="8.37" PMx="0.44" fuel="8.05" electricity="0.00" noise="79.36" route="routebottom" type="cfm-slow" waiting="0.00" lane="bottom_0" pos="20.52" speed="16.85" angle="57.54" x="104.91" y="8.83"/>
        <vehicle id="cfm-slow_1" eclass="HBEFA3/PC_G_EU4" CO2="18848.89" CO="319.57" HC="1.92" NOx="8.42" PMx="0.44" fuel="8.10" electricity="0.00" noise="79.46" route="routebottom" type="cfm-slow" waiting="0.00" lane="bottom_0" pos="36.36" speed="16.86" angle="29.10" x="126.05" y="35.11"/>
        <vehicle id="cfm-slow_2" eclass="HBEFA3/PC_G_EU4" CO2="19368.52" CO="330.15" HC="1.98" NOx="8.67" PMx="0.45" fuel="8.33" electricity="0.00" noise="79.95" route="routebottom" type="cfm-slow" waiting="0.00" lane="right_0" pos="2.20" speed="16.89" angle="0.53" x="132.10" y="68.48"/>
        <vehicle id="cfm-slow_3" eclass="HBEFA3/PC_G_EU4" CO2="21446.78" CO="372.40" HC="2.22" NOx="9.64" PMx="0.51" fuel="9.22" electricity="0.00" noise="81.87" route="routebottom" type="cfm-slow" waiting="0.00" lane="right_0" pos="18.07" speed="17.04" angle="332.00" x="121.50" y="100.59"/>
        <vehicle id="cfm-slow_4" eclass="HBEFA3/PC_G_EU4" CO2="28301.26" CO="511.56" HC="3.03" NOx="12.86" PMx="0.69" fuel="12.17" electricity="0.00" noise="87.92" route="routeright" type="cfm-slow" waiting="0.00" lane="right_0" pos="34.12" speed="17.66" angle="303.11" x="96.52" y="123.88"/>
        <vehicle id="cfm-slow_5" eclass="HBEFA3/PC_G_EU4" CO2="45438.45" CO="860.18" HC="5.04" NOx="20.90" PMx="1.14" fuel="19.53" electricity="0.00" noise="100.73" route="routetop" type="cfm-slow" waiting="0.00" lane="top_0" pos="0.84" speed="19.69" angle="272.96" x="61.77" y="132.24"/>
    </timestep>
    <timestep time="1.89">
        <vehicle id="cfm-fast_0" eclass="HBEFA3/PC_G_EU4" CO2="60197.56" CO="1168.17" HC="6.82" NOx="27.75" PMx="1.53" fuel="25.88" electricity="0.00" noise="105.19" route="routetop" type="cfm-fast" waiting="0.00" lane="top_0" pos="19.99" speed="24.61" angle="238.46" x="23.36" y="119.16"/>
        <vehicle id="cfm-fast_1" eclass="HBEFA3/PC_G_EU4" CO2="94458.65" CO="1875.87" HC="10.89" NOx="43.90" PMx="2.43" fuel="40.60" electricity="0.00" noise="127.12" route="routetop" type="cfm-fast" waiting="0.00" lane="top_1" pos="35.89" speed="25.34" angle="210.00" x="4.66" y="91.68"/>
        <vehicle id="cfm-fast_2" eclass="HBEFA3/PC_G_EU4" CO2="33819.22" CO="620.61" HC="3.66" NOx="15.41" PMx="0.83" fuel="14.54" electricity="0.00" noise="90.47" route="routetop" type="cfm-fast" waiting="0.00" lane="top_0" pos="49.64" speed="20.02" angle="185.17" x="-4.93" y="64.54"/>
        <vehicle id="cfm-fast_3" eclass="HBEFA3/PC_G_EU4" CO2="50536.57" CO="964.26" HC="5.64" NOx="23.27" PMx="1.27" fuel="21.72" electricity="0.00" noise="102.60" route="routetop" type="cfm-fast" waiting="0.00" lane="left_0" pos="15.85" speed="21.26" angle="155.94" x="3.41" y="30.87"/>
        <vehicle id="cfm-fast_4" eclass="HBEFA3/PC_G_EU4" CO2="81396.01" CO="1606.77" HC="9.34" NOx="37.74" PMx="2.08" fuel="34.99" electricity="0.00" noise="118.50" route="routeleft" type="cfm-fast" waiting="0.00" lane="left_0" pos="33.42" speed="25.29" angle="124.40" x="29.50" y="4.17"/>
        <vehicle id="cfm-fast_5" eclass="HBEFA3/PC_G_EU4" CO2="96105.27" CO="1911.36" HC="11.09" NOx="44.67" PMx="2.47" fuel="41.31" electricity="0.00" noise="127.32" route="routeleft" type="cfm-fast" waiting="0.00" lane="left_1" pos="49.65" speed="25.77" angle="95.12" x="62.91" y="-1.64"/>
        <vehicle id="cfm-slow_0" eclass="HBEFA3/PC_G_EU4" CO2="18632.98" CO="315.01" HC="1.89" NOx="8.32" PMx="0.44" fuel="8.01" electricity="0.00" noise="79.23" route="routebottom" type="cfm-slow" waiting="0.00" lane="bottom_0" pos="20.69" speed="16.89" angle="57.24" x="105.20" y="9.06"/>
        <vehicle id="cfm-slow_1" eclass="HBEFA3/PC_G_EU4" CO2="18747.13" CO="317.34" HC="1.91" NOx="8.37" PMx="0.44" fuel="8.06" electricity="0.00" noise="79.34" route="routebottom" type="cfm-slow" waiting="0.00" lane="bottom_0" pos="36.53" speed="16.89" angle="28.77" x="126.19" y="35.44"/>
        <vehicle id="cfm-slow_2" eclass="HBEFA3/PC_G_EU4" CO2="19282.05" CO="328.24" HC="1.97" NOx="8.62" PMx="0.45" fuel="8.29" electricity="0.00" noise="79.84" route="routebottom" type="cfm-slow" waiting="0.00" lane="right_0" pos="2.37" speed="16.93" angle="0.23" x="132.08" y="68.85"/>
        <vehicle id="cfm-slow_3" eclass="HBEFA3/PC_G_EU4" CO2="21406.47" CO="371.43" HC="2.22" NOx="9.62" PMx="0.51" fuel="9.20" electricity="0.00" noise="81.80" route="routebottom" type="cfm-slow" waiting="0.00" lane="right_0" pos="18.25" speed="17.08" angle="331.67" x="121.29" y="100.89"/>
        <vehicle id="cfm-slow_4" eclass="HBEFA3/PC_G_EU4" CO2="28355.47" CO="512.52" HC="3.03" NOx="12.89" PMx="0.69" fuel="12.19" electricity="0.00" noise="87.91" route="routeright" type="cfm-slow" waiting="0.00" lane="right_0" pos="34.30" speed="17.72" angle="302.78" x="96.18" y="124.07"/>
        <vehicle id="cfm-slow_5" eclass="HBEFA3/PC_G_EU4" CO2="45499.73" CO="861.35" HC="5.05" NOx="20.93" PMx="1.14" fuel="19.56" electricity="0.00" noise="100.66" route="routetop" type="cfm-slow" waiting="0.00" lane="top_0" pos="1.04" speed="19.78" angle="272.60" x="61.34" y="132.23"/>
    </timestep>
    <timestep time="1.90">
        <vehicle id="cfm-fast_0" eclass="HBEFA3/PC_G_EU4" CO2="59467.73" CO="1153.39" HC="6.73" NOx="27.40" PMx="1.51" fuel="25.56" electricity="0.00" noise="104.58" route="routetop" type="cfm-fast" waiting="0.00" lane="top_0" pos="20.23" speed="24.70" angle="238.01" x="22.92" y="118.85"/>
        <vehicle id="cfm-fast_1" eclass="HBEFA3/PC_G_EU4" CO2="94980.07" CO="1887.09" HC="10.95" NOx="44.14" PMx="2.44" fuel="40.83" electricity="0.00" noise="127.18" route="routetop" type="cfm-fast" waiting="0.00" lane="top_1" pos="36.15" speed="25.48" angle="209.52" x="4.45" y="91.21"/>
        <vehicle id="cfm-fast_2" eclass="HBEFA3/PC_G_EU4" CO2="33824.57" CO="620.67" HC="3.66" NOx="15.41" PMx="0.83" fuel="14.54" electricity="0.00" noise="90.41" route="routetop" type="cfm-fast" waiting="0.00" lane="top_0" pos="49.84" speed="20.08" angle="184.81" x="-4.94" y="64.11"/>
        <vehicle id="cfm-fast_3" eclass="HBEFA3/PC_G_EU4" CO2="50676.89" CO="967.16" HC="5.66" NOx="23.33" PMx="1.27" fuel="21.78" electricity="0.00" noise="102.59" route="routetop" type="cfm-fast" waiting="0.00" lane="left_0" pos="16.06" speed="21.35" angle="155.55" x="3.63" y="30.46"/>
        <vehicle id="cfm-fast_4" eclass="HBEFA3/PC_G_EU4" CO2="80079.99" CO="1580.07" HC="9.19" NOx="37.11" PMx="2.05" fuel="34.42" electricity="0.00" noise="117.43" route="routeleft" type="cfm-fast" waiting="0.00" lane="left_0" pos="33.68" speed="25.41" angle="123.94" x="29.97" y="3.90"/>
        <vehicle id="cfm-fast_5" eclass="HBEFA3/PC_G_EU4" CO2="96627.61" CO="1922.64" HC="11.16" NOx="44.91" PMx="2.48" fuel="41.54" electricity="0.00" noise="127.39" route="routeleft" type="cfm-fast" waiting="0.00" lane="left_1" pos="49.91" speed="25.91" angle="94.65" x="63.45" y="-1.65"/>
        <vehicle id="cfm-slow_0" eclass="HBEFA3/PC_G_EU4" CO2="18527.63" CO="312.72" HC="1.88" NOx="8.27" PMx="0.43" fuel="7.96" electricity="0.00" noise="79.11" route="routebottom" type="cfm-slow" waiting="0.00" lane="bottom_0" pos="20.86" speed="16.92" angle="56.93" x="105.48" y="9.28"/>
        <vehicle id="cfm-slow_1" eclass="HBEFA3/PC_G_EU4" CO2="18645.89" CO="315.13" HC="1.89" NOx="8.32" PMx="0.44" fuel="8.01" electricity="0.00" noise="79.22" route="routebottom" type="cfm-slow" waiting="0.00" lane="bottom_0" pos="36.69" speed="16.93" angle="28.44" x="126.34" y="35.78"/>
        <vehicle id="cfm-slow_2" eclass="HBEFA3/PC_G_EU4" CO2="19196.40" CO="326.34" HC="1.96" NOx="8.58" PMx="0.45" fuel="8.25" electricity="0.00" noise="79.74" route="routebottom" type="cfm-slow" waiting="0.00" lane="right_0" pos="2.54" speed="16.97" angle="359.94" x="132.06" y="69.21"/>
        <vehicle id="cfm-slow_3" eclass="HBEFA3/PC_G_EU4" CO2="21367.41" CO="370.49" HC="2.21" NOx="9.60" PMx="0.51" fuel="9.18" electricity="0.00" noise="81.73" route="routebottom" type="cfm-slow" waiting="0.00" lane="right_0" pos="18.42" speed="17.13" angle="331.33" x="121.09" y="101.20"/>
        <vehicle id="cfm-slow_4" eclass="HBEFA3/PC_G_EU4" CO2="28410.08" CO="513.48" HC="3.04" NOx="12.91" PMx="0.69" fuel="12.21" electricity="0.00" noise="87.91" route="routeright" type="cfm-slow" waiting="0.00" lane="right_0" pos="34.47" speed="17.77" angle="302.46" x="95.85" y="124.25"/>
        <vehicle id="cfm-slow_5" eclass="HBEFA3/PC_G_EU4" CO2="45555.02" CO="862.39" HC="5.06" NOx="20.95" PMx="1.14" fuel="19.58" electricity="0.00" noise="100.58" route="routetop" type="cfm-slow" waiting="0.00" lane="top_0" pos="1.23" speed="19.86" angle="272.26" x="60.92" y="132.22"/>
    </timestep>
    <timestep time="1.91">
        <vehicle id="cfm-fast_0" eclass="HBEFA3/PC_G_EU4" CO2="58742.49" CO="1138.71" HC="6.65" NOx="27.06" PMx="1.49" fuel="25.25" electricity="0.00" noise="103.98" route="routetop" type="cfm-fast" waiting="0.00" lane="top_0" pos="20.48" speed="24.78" angle="237.61" x="22.49" y="118.54"/>
        <vehicle id="cfm-fast_1" eclass="HBEFA3/PC_G_EU4" CO2="95501.78" CO="1898.33" HC="11.02" NOx="44.39" PMx="2.45" fuel="41.05" electricity="0.00" noise="127.25" route="routetop" type="cfm-fast" waiting="0.00" lane="top_1" pos="36.40" speed="25.62" angle="209.04" x="4.23" y="90.73"/>
        <vehicle id="cfm-fast_2" eclass="HBEFA3/PC_G_EU4" CO2="33831.55" CO="620.76" HC="3.66" NOx="15.41" PMx="0.83" fuel="14.54" electricity="0.00" noise="90.36" route="routetop" type="cfm-fast" waiting="0.00" lane="left_0" pos="0.04" speed="20.13" angle="184.41" x="-4.95" y="63.48"/>
        <vehicle id="cfm-fast_3" eclass="HBEFA3/PC_G_EU4" CO2="50806.17" CO="969.84" HC="5.68" NOx="23.39" PMx="1.28" fuel="21.84" electricity="0.00" noise="102.57" route="routetop" type="cfm-fast" waiting="0.00" lane="left_0" pos="16.28" speed="21.43" angle="155.15" x="3.85" y="30.06"/>
        <vehicle id="cfm-fast_4" eclass="HBEFA3/PC_G_EU4" CO2="78765.14" CO="1553.40" HC="9.03" NOx="36.49" PMx="2.02" fuel="33.86" electricity="0.00" noise="116.37" route="routeleft" type="cfm-fast" waiting="0.00" lane="left_0" pos="33.93" speed="25.52" angle="123.47" x="30.45" y="3.64"/>
        <vehicle id="cfm-fast_5" eclass="HBEFA3/PC_G_EU4" CO2="97150.25" CO="1933.95" HC="11.22" NOx="45.16" PMx="2.50" fuel="41.76" electricity="0.00" noise="127.45" route="routebottom" type="cfm-fast" waiting="0.00" lane="bottom_1" pos="0.17" speed="26.05" angle="94.18" x="64.04" y="-1.64"/>
        <vehicle id="cfm-slow_0" eclass="HBEFA3/PC_G_EU4" CO2="18422.70" CO="310.43" HC="1.87" NOx="8.22" PMx="0.43" fuel="7.92" electricity="0.00" noise="78.99" route="routebottom" type="cfm-slow" waiting="0.00" lane="bottom_0" pos="21.03" speed="16.96" angle="56.62" x="105.77" y="9.51"/>
        <vehicle id="cfm-slow_1" eclass="HBEFA3/PC_G_EU4" CO2="18545.19" CO="312.93" HC="1.88" NOx="8.28" PMx="0.43" fuel="7.97" electricity="0.00" noise="79.11" route="routebottom" type="cfm-slow" waiting="0.00" lane="bottom_0" pos="36.86" speed="16.97" angle="28.11" x="126.49" y="36.11"/>
        <vehicle id="cfm-slow_2" eclass="HBEFA3/PC_G_EU4" CO2="19111.58" CO="324.47" HC="1.95" NOx="8.54" PMx="0.45" fuel="8.22" electricity="0.00" noise="79.63" route="routebottom" type="cfm-slow" waiting="0.00" lane="right_0" pos="2.71" speed="17.00" angle="359.64" x="132.02" y="69.58"/>
        <vehicle id="cfm-slow_3" eclass="HBEFA3/PC_G_EU4" CO2="21329.60" CO="369.57" HC="2.21" NOx="9.58" PMx="0.51" fuel="9.17" electricity="0.00" noise="81.66" route="routebottom" type="cfm-slow" waiting="0.00" lane="right_0" pos="18.59" speed="17.17" angle="331.00" x="120.88" y="101.50"/>
        <vehicle id="cfm-slow_4" eclass="HBEFA3/PC_G_EU4" CO2="28465.05" CO="514.46" HC="3.04" NOx="12.94" PMx="0.69" fuel="12.24" electricity="0.00" noise="87.90" route="routeright" type="cfm-slow" waiting="0.00" lane="right_0" pos="34.65" speed="17.83" angle="302.20" x="95.51" y="124.43"/>
        <vehicle id="cfm-slow_5" eclass="HBEFA3/PC_G_EU4" CO2="45604.38" CO="863.32" HC="5.06" NOx="20.97" PMx="1.14" fuel="19.60" electricity="0.00" noise="100.50" route="routetop" type="cfm-slow" waiting="0.00" lane="top_0" pos="1.43" speed="19.94" angle="271.90" x="60.49" y="132.20"/>
    </timestep>
    <timestep time="1.92">
        <vehicle id="cfm-fast_0" eclass="HBEFA3/PC_G_EU4" CO2="58022.03" CO="1124.14" HC="6.56" NOx="26.72" PMx="1.47" fuel="24.94" electricity="0.00" noise="103.39" route="routetop" type="cfm-fast" waiting="0.00" lane="top_0" pos="20.73" speed="24.87" angle="237.16" x="22.07" y="118.21"/>
        <vehicle id="cfm-fast_1" eclass="HBEFA3/PC_G_EU4" CO2="96023.79" CO="1909.60" HC="11.08" NOx="44.63" PMx="2.47" fuel="41.28" electricity="0.00" noise="127.31" route="routetop" type="cfm-fast" waiting="0.00" lane="top_1" pos="36.66" speed="25.75" angle="208.55" x="4.01" y="90.25"/>
        <vehicle id="cfm-fast_2" eclass="HBEFA3/PC_G_EU4" CO2="33840.06" CO="620.89" HC="3.66" NOx="15.42" PMx="0.83" fuel="14.55" electricity="0.00" noise="90.32" route="routetop" type="cfm-fast" waiting="0.00" lane="left_0" pos="0.24" speed="20.19" angle="184.04" x="-4.94" y="63.05"/>
        <vehicle id="cfm-fast_3" eclass="HBEFA3/PC_G_EU4" CO2="50924.48" CO="972.30" HC="5.69" NOx="23.45" PMx="1.28" fuel="21.89" electricity="0.00" noise="102.54" route="routetop" type="cfm-fast" waiting="0.00" lane="left_0" pos="16.49" speed="21.52" angle="154.75" x="4.08" y="29.65"/>
        <vehicle id="cfm-fast_4" eclass="HBEFA3/PC_G_EU4" CO2="77452.07" CO="1526.77" HC="8.88" NOx="35.87" PMx="1.98" fuel="33.29" electricity="0.00" noise="115.33" route="routeleft" type="cfm-fast" waiting="0.00" lane="left_0" pos="34.19" speed="25.63" angle="123.00" x="30.94" y="3.37"/>
        <vehicle id="cfm-fast_5" eclass="HBEFA3/PC_G_EU4" CO2="97673.17" CO="1945.29" HC="11.29" NOx="45.40" PMx="2.51" fuel="41.98" electricity="0.00" noise="127.52" route="routebottom" type="cfm-fast" waiting="0.00" lane="bottom_1" pos="0.43" speed="26.18" angle="93.70" x="64.58" y="-1.63"/>
        <vehicle id="cfm-slow_0" eclass="HBEFA3/PC_G_EU4" CO2="18318.19" CO="308.16" HC="1.85" NOx="8.17" PMx="0.43" fuel="7.87" electricity="0.00" noise="78.87" route="routebottom" type="cfm-slow" waiting="0.00" lane="bottom_0" pos="21.20" speed="17.00" angle="56.31" x="106.06" y="9.73"/>
        <vehicle id="cfm-slow_1" eclass="HBEFA3/PC_G_EU4" CO2="18445.02" CO="310.74" HC="1.87" NOx="8.23" PMx="0.43" fuel="7.93" electricity="0.00" noise="78.99" route="routebottom" type="cfm-slow" waiting="0.00" lane="bottom_0" pos="37.03" speed="17.00" angle="27.78" x="126.64" y="36.44"/>
        <vehicle id="cfm-slow_2" eclass="HBEFA3/PC_G_EU4" CO2="19027.60" CO="322.61" HC="1.94" NOx="8.50" PMx="0.45" fuel="8.18" electricity="0.00" noise="79.53" route="routebottom" type="cfm-slow" waiting="0.00" lane="right_0" pos="2.88" speed="17.04" angle="359.33" x="131.98" y="69.94"/>
        <vehicle id="cfm-slow_3" eclass="HBEFA3/PC_G_EU4" CO2="21293.04" CO="368.68" HC="2.20" NOx="9.57" PMx="0.50" fuel="9.15" electricity="0.00" noise="81.60" route="routebottom" type="cfm-slow" waiting="0.00" lane="right_0" pos="18.76" speed="17.21" angle="330.66" x="120.67" y="101.81"/>
        <vehicle id="cfm-slow_4" eclass="HBEFA3/PC_G_EU4" CO2="28520.33" CO="515.45" HC="3.05" NOx="12.96" PMx="0.69" fuel="12.26" electricity="0.00" noise="87.90" route="routeright" type="cfm-slow" waiting="0.00" lane="right_0" pos="34.83" speed="17.88" angle="301.88" x="95.17" y="124.61"/>
        <vehicle id="cfm-slow_5" eclass="HBEFA3/PC_G_EU4" CO2="45647.86" CO="864.14" HC="5.07" NOx="20.99" PMx="1.14" fuel="19.62" electricity="0.00" noise="100.42" route="routetop" type="cfm-slow" waiting="0.00" lane="top_0" pos="1.63" speed="20.02" angle="271.54" x="60.06" y="132.17"/>
    </timestep>
    <timestep time="1.93">
        <vehicle id="cfm-fast_0" eclass="HBEFA3/PC_G_EU4" CO2="57306.54" CO="1109.66" HC="6.48" NOx="26.38" PMx="1.45" fuel="24.63" electricity="0.00" noise="102.82" route="routetop" type="cfm-fast" waiting="0.00" lane="top_0" pos="20.98" speed="24.95" angle="236.70" x="21.65" y="117.88"/>
        <vehicle id="cfm-fast_1" eclass="HBEFA3/PC_G_EU4" CO2="96546.08" CO="1920.88" HC="11.15" NOx="44.87" PMx="2.48" fuel="41.50" electricity="0.00" noise="127.38" route="routetop" type="cfm-fast" waiting="0.00" lane="top_1" pos="36.92" speed="25.89" angle="208.06" x="3.80" y="89.76"/>
        <vehicle id="cfm-fast_2" eclass="HBEFA3/PC_G_EU4" CO2="33850.00" CO="621.05" HC="3.67" NOx="15.42" PMx="0.83" fuel="14.55" electricity="0.00" noise="90.27" route="routetop" type="cfm-fast" waiting="0.00" lane="left_0" pos="0.44" speed="20.25" angle="183.67" x="-4.93" y="62.61"/>
        <vehicle id="cfm-fast_3" eclass="HBEFA3/PC_G_EU4" CO2="51031.92" CO="974.54" HC="5.70" NOx="23.49" PMx="1.28" fuel="21.94" electricity="0.00" noise="102.51" route="routetop" type="cfm-fast" waiting="0.00" lane="left_0" pos="16.71" speed="21.60" angle="154.41" x="4.31" y="29.25"/>
        <vehicle id="cfm-fast_4" eclass="HBEFA3/PC_G_EU4" CO2="76141.40" CO="1500.19" HC="8.72" NOx="35.25" PMx="1.95" fuel="32.73" electricity="0.00" noise="114.30" route="routeleft" type="cfm-fast" waiting="0.00" lane="left_0" pos="34.44" speed="25.74" angle="122.52" x="31.42" y="3.10"/>
        <vehicle id="cfm-fast_5" eclass="HBEFA3/PC_G_EU4" CO2="98196.39" CO="1956.64" HC="11.35" NOx="45.64" PMx="2.53" fuel="42.21" electricity="0.00" noise="127.58" route="routebottom" type="cfm-fast" waiting="0.00" lane="bottom_1" pos="0.70" speed="26.32" angle="93.22" x="65.12" y="-1.62"/>
        <vehicle id="cfm-slow_0" eclass="HBEFA3/PC_G_EU4" CO2="18214.13" CO="305.89" HC="1.84" NOx="8.12" PMx="0.42" fuel="7.83" electricity="0.00" noise="78.75" route="routebottom" type="cfm-slow" waiting="0.00" lane="bottom_0" pos="21.37" speed="17.03" angle="56.00" x="106.35" y="9.96"/>
        <vehicle id="cfm-slow_1" eclass="HBEFA3/PC_G_EU4" CO2="18345.41" CO="308.57" HC="1.86" NOx="8.18" PMx="0.43" fuel="7.89" electricity="0.00" noise="78.87" route="routebottom" type="cfm-slow" waiting="0.00" lane="bottom_0" pos="37.20" speed="17.04" angle="27.54" x="126.79" y="36.78"/>
        <vehicle id="cfm-slow_2" eclass="HBEFA3/PC_G_EU4" CO2="18944.47" CO="320.78" HC="1.93" NOx="8.46" PMx="0.44" fuel="8.14" electricity="0.00" noise="79.43" route="routebottom" type="cfm-slow" waiting="0.00" lane="right_0" pos="3.05" speed="17.08" angle="359.03" x="131.95" y="70.31"/>
        <vehicle id="cfm-slow_3" eclass="HBEFA3/PC_G_EU4" CO2="21257.71" CO="367.82" HC="2.20" NOx="9.55" PMx="0.50" fuel="9.14" electricity="0.00" noise="81.54" route="routebottom" type="cfm-slow" waiting="0.00" lane="right_0" pos="18.93" speed="17.25" angle="330.33" x="120.47" y="102.12"/>
        <vehicle id="cfm-slow_4" eclass="HBEFA3/PC_G_EU4" CO2="28575.89" CO="516.44" HC="3.06" NOx="12.99" PMx="0.69" fuel="12.28" electricity="0.00" noise="87.89" route="routeright" type="cfm-slow" waiting="0.00" lane="right_0" pos="35.01" speed="17.94" angle="301.55" x="94.82" y="124.78"/>
        <vehicle id="cfm-slow_5" eclass="HBEFA3/PC_G_EU4" CO2="45685.54" CO="864.84" HC="5.07" NOx="21.01" PMx="1.14" fuel="19.64" electricity="0.00" noise="100.33" route="routetop" type="cfm-slow" waiting="0.00" lane="top_0" pos="1.83" speed="20.10" angle="271.18" x="59.63" y="132.15"/>
    </timestep>
    <timestep time="1.94">
        <vehicle id="cfm-fast_0" eclass="HBEFA3/PC_G_EU4" CO2="56596.20" CO="1095.29" HC="6.39" NOx="26.04" PMx="1.44" fuel="24.33" electricity="0.00" noise="102.25" route="routetop" type="cfm-fast" waiting="0.00" lane="top_0" pos="21.23" speed="25.03" angle="236.24" x="21.22" y="117.55"/>
        <vehicle id="cfm-fast_1" eclass="HBEFA3/PC_G_EU4" CO2="97068.67" CO="1932.19" HC="11.21" NOx="45.12" PMx="2.50" fuel="41.72" electricity="0.00" noise="127.44" route="routetop" type="cfm-fast" waiting="0.00" lane="top_1" pos="37.18" speed="26.02" angle="207.63" x="3.58" y="89.27"/>
        <vehicle id="cfm-fast_2" eclass="HBEFA3/PC_G_EU4" CO2="33861.27" CO="621.24" HC="3.67" NOx="15.42" PMx="0.83" fuel="14.56" electricity="0.00" noise="90.22" route="routetop" type="cfm-fast" waiting="0.00" lane="left_0" pos="0.65" speed="20.31" angle="183.31" x="-4.92" y="62.18"/>
        <vehicle id="cfm-fast_3" eclass="HBEFA3/PC_G_EU4" CO2="51128.59" CO="976.56" HC="5.71" NOx="23.54" PMx="1.29" fuel="21.98" electricity="0.00" noise="102.46" route="routetop" type="cfm-fast" waiting="0.00" lane="left_0" pos="16.93" speed="21.69" angle="154.01" x="4.55" y="28.85"/>
        <vehicle id="cfm-fast_4" eclass="HBEFA3/PC_G_EU4" CO2="74833.69" CO="1473.67" HC="8.57" NOx="34.63" PMx="1.91" fuel="32.17" electricity="0.00" noise="113.29" route="routeleft" type="cfm-fast" waiting="0.00" lane="left_0" pos="34.70" speed="25.84" angle="122.11" x="31.91" y="2.84"/>
        <vehicle id="cfm-fast_5" eclass="HBEFA3/PC_G_EU4" CO2="98719.90" CO="1968.01" HC="11.42" NOx="45.89" PMx="2.54" fuel="42.43" electricity="0.00" noise="127.65" route="routebottom" type="cfm-fast" waiting="0.00" lane="bottom_1" pos="0.96" speed="26.45" angle="92.74" x="65.66" y="-1.61"/>
        <vehicle id="cfm-slow_0" eclass="HBEFA3/PC_G_EU4" CO2="18110.50" CO="303.64" HC="1.83" NOx="8.07" PMx="0.42" fuel="7.78" electricity="0.00" noise="78.64" route="routebottom" type="cfm-slow" waiting="0.00" lane="bottom_0" pos="21.54" speed="17.06" angle="55.69" x="106.64" y="10.19"/>
        <vehicle id="cfm-slow_1" eclass="HBEFA3/PC_G_EU4" CO2="18246.36" CO="306.41" HC="1.84" NOx="8.13" PMx="0.43" fuel="7.84" electricity="0.00" noise="78.76" route="routebottom" type="cfm-slow" waiting="0.00" lane="bottom_0" pos="37.38" speed="17.07" angle="27.23" x="126.93" y="37.12"/>
        <vehicle id="cfm-slow_2" eclass="HBEFA3/PC_G_EU4" CO2="18862.21" CO="318.96" HC="1.92" NOx="8.42" PMx="0.44" fuel="8.11" electricity="0.00" noise="79.33" route="routebottom" type="cfm-slow" waiting="0.00" lane="right_0" pos="3.22" speed="17.11" angle="358.72" x="131.91" y="70.67"/>
        <vehicle id="cfm-slow_3" eclass="HBEFA3/PC_G_EU4" CO2="21223.63" CO="366.98" HC="2.19" NOx="9.53" PMx="0.50" fuel="9.12" electricity="0.00" noise="81.48" route="routebottom" type="cfm-slow" waiting="0.00" lane="right_0" pos="19.11" speed="17.29" angle="330.00" x="120.26" y="102.43"/>
        <vehicle id="cfm-slow_4" eclass="HBEFA3/PC_G_EU4" CO2="28631.66" CO="517.44" HC="3.06" NOx="13.01" PMx="0.70" fuel="12.31" electricity="0.00" noise="87.89" route="routeright" type="cfm-slow" waiting="0.00" lane="right_0" pos="35.19" speed="17.99" angle="301.23" x="94.48" y="124.95"/>
        <vehicle id="cfm-slow_5" eclass="HBEFA3/PC_G_EU4" CO2="45717.48" CO="865.43" HC="5.07" NOx="21.02" PMx="1.14" fuel="19.65" electricity="0.00" noise="100.24" route="routetop" type="cfm-slow" waiting="0.00" lane="top_0" pos="2.04" speed="20.18" angle="270.82" x="59.19" y="132.12"/>
    </timestep>
    <timestep time="1.95">
        <vehicle id="cfm-fast_0" eclass="HBEFA3/PC_G_EU4" CO2="55891.16" CO="1081.04" HC="6.31" NOx="25.71" PMx="1.42" fuel="24.02" electricity="0.00" noise="101.68" route="routetop" type="cfm-fast" waiting="0.00" lane="top_0" pos="21.48" speed="25.11" angle="235.78" x="20.80" y="117.22"/>
        <vehicle id="cfm-fast_1" eclass="HBEFA3/PC_G_EU4" CO2="97591.55" CO="1943.52" HC="11.28" NOx="45.36" PMx="2.51" fuel="41.95" electricity="0.00" noise="127.51" route="routetop" type="cfm-fast" waiting="0.00" lane="top_1" pos="37.44" speed="26.16" angle="207.14" x="3.38" y="88.78"/>
        <vehicle id="cfm-fast_2" eclass="HBEFA3/PC_G_EU4" CO2="33873.78" CO="621.46" HC="3.67" NOx="15.43" PMx="0.83" fuel="14.56" electricity="0.00" noise="90.18" route="routetop" type="cfm-fast" waiting="0.00" lane="left_0" pos="0.85" speed="20.37" angle="182.94" x="-4.91" y="61.74"/>
        <vehicle id="cfm-fast_3" eclass="HBEFA3/PC_G_EU4" CO2="51214.57" CO="978.37" HC="5.73" NOx="23.58" PMx="1.29" fuel="22.01" electricity="0.00" noise="102.41" route="routetop" type="cfm-fast" waiting="0.00" lane="left_0" pos="17.14" speed="21.77" angle="153.61" x="4.79" y="28.45"/>
        <vehicle id="cfm-fast_4" eclass="HBEFA3/PC_G_EU4" CO2="73529.49" CO="1447.23" HC="8.42" NOx="34.01" PMx="1.88" fuel="31.61" electricity="0.00" noise="112.29" route="routeleft" type="cfm-fast" waiting="0.00" lane="left_0" pos="34.96" speed="25.94" angle="121.63" x="32.41" y="2.59"/>
        <vehicle id="cfm-fast_5" eclass="HBEFA3/PC_G_EU4" CO2="99243.70" CO="1979.41" HC="11.48" NOx="46.13" PMx="2.55" fuel="42.66" electricity="0.00" noise="127.71" route="routebottom" type="cfm-fast" waiting="0.00" lane="bottom_1" pos="1.23" speed="26.59" angle="92.28" x="66.20" y="-1.60"/>
        <vehicle id="cfm-slow_0" eclass="HBEFA3/PC_G_EU4" CO2="18007.33" CO="301.40" HC="1.81" NOx="8.02" PMx="0.42" fuel="7.74" electricity="0.00" noise="78.52" route="routebottom" type="cfm-slow" waiting="0.00" lane="bottom_0" pos="21.71" speed="17.10" angle="55.41" x="106.93" y="10.41"/>
        <vehicle id="cfm-slow_1" eclass="HBEFA3/PC_G_EU4" CO2="18147.88" CO="304.27" HC="1.83" NOx="8.08" PMx="0.42" fuel="7.80" electricity="0.00" noise="78.65" route="routebottom" type="cfm-slow" waiting="0.00" lane="bottom_0" pos="37.55" speed="17.11" angle="26.92" x="127.06" y="37.46"/>
        <vehicle id="cfm-slow_2" eclass="HBEFA3/PC_G_EU4" CO2="18780.81" CO="317.16" HC="1.91" NOx="8.38" PMx="0.44" fuel="8.07" electricity="0.00" noise="79.23" route="routebottom" type="cfm-slow" waiting="0.00" lane="right_0" pos="3.39" speed="17.15" angle="358.41" x="131.87" y="71.04"/>
        <vehicle id="cfm-slow_3" eclass="HBEFA3/PC_G_EU4" CO2="21190.79" CO="366.17" HC="2.19" NOx="9.52" PMx="0.50" fuel="9.11" electricity="0.00" noise="81.42" route="routebottom" type="cfm-slow" waiting="0.00" lane="right_0" pos="19.28" speed="17.33" angle="329.73" x="120.05" y="102.74"/>
        <vehicle id="cfm-slow_4" eclass="HBEFA3/PC_G_EU4" CO2="28687.61" CO="518.45" HC="3.07" NOx="13.04" PMx="0.70" fuel="12.33" electricity="0.00" noise="87.88" route="routeright" type="cfm-slow" waiting="0.00" lane="right_0" pos="35.37" speed="18.05" angle="300.90" x="94.13" y="125.13"/>
        <vehicle id="cfm-slow_5" eclass="HBEFA3/PC_G_EU4" CO2="45743.75" CO="865.91" HC="5.08" NOx="21.03" PMx="1.14" fuel="19.66" electricity="0.00" noise="100.15" route="routetop" type="cfm-slow" waiting="0.00" lane="top_0" pos="2.24" speed="20.26" angle="270.46" x="58.76" y="132.10"/>
    </timestep>
    <timestep time="1.96">
        <vehicle id="cfm-fast_0" eclass="HBEFA3/PC_G_EU4" CO2="55191.60" CO="1066.89" HC="6.23" NOx="25.38" PMx="1.40" fuel="23.72" electricity="0.00" noise="101.13" route="routetop" type="cfm-fast" waiting="0.00" lane="top_0" pos="21.73" speed="25.19" angle="235.35" x="20.37" y="116.88"/>
        <vehicle id="cfm-fast_1" eclass="HBEFA3/PC_G_EU4" CO2="98114.72" CO="1954.87" HC="11.34" NOx="45.60" PMx="2.52" fuel="42.17" electricity="0.00" noise="127.57" route="routetop" type="cfm-fast" waiting="0.00" lane="top_1" pos="37.70" speed="26.30" angle="206.64" x="3.18" y="88.28"/>
        <vehicle id="cfm-fast_2" eclass="HBEFA3/PC_G_EU4" CO2="33887.43" CO="621.70" HC="3.67" NOx="15.43" PMx="0.83" fuel="14.57" electricity="0.00" noise="90.14" route="routetop" type="cfm-fast" waiting="0.00" lane="left_0" pos="1.06" speed="20.42" angle="182.57" x="-4.90" y="61.30"/>
        <vehicle id="cfm-fast_3" eclass="HBEFA3/PC_G_EU4" CO2="51289.95" CO="979.97" HC="5.73" NOx="23.61" PMx="1.29" fuel="22.05" electricity="0.00" noise="102.35" route="routetop" type="cfm-fast" waiting="0.00" lane="left_0" pos="17.36" speed="21.85" angle="153.21" x="5.03" y="28.05"/>
        <vehicle id="cfm-fast_4" eclass="HBEFA3/PC_G_EU4" CO2="72229.33" CO="1420.86" HC="8.27" NOx="33.40" PMx="1.85" fuel="31.05" electricity="0.00" noise="111.31" route="routeleft" type="cfm-fast" waiting="0.00" lane="left_0" pos="35.22" speed="26.04" angle="121.14" x="32.91" y="2.34"/>
        <vehicle id="cfm-fast_5" eclass="HBEFA3/PC_G_EU4" CO2="99767.79" CO="1990.83" HC="11.55" NOx="46.38" PMx="2.57" fuel="42.89" electricity="0.00" noise="127.78" route="routebottom" type="cfm-fast" waiting="0.00" lane="bottom_1" pos="1.49" speed="26.73" angle="91.81" x="66.75" y="-1.57"/>
        <vehicle id="cfm-slow_0" eclass="HBEFA3/PC_G_EU4" CO2="17904.62" CO="299.17" HC="1.80" NOx="7.97" PMx="0.42" fuel="7.70" electricity="0.00" noise="78.41" route="routebottom" type="cfm-slow" waiting="0.00" lane="bottom_0" pos="21.88" speed="17.13" angle="55.12" x="107.21" y="10.65"/>
        <vehicle id="cfm-slow_1" eclass="HBEFA3/PC_G_EU4" CO2="18049.98" CO="302.14" HC="1.82" NOx="8.04" PMx="0.42" fuel="7.76" electricity="0.00" noise="78.54" route="routebottom" type="cfm-slow" waiting="0.00" lane="bottom_0" pos="37.72" speed="17.14" angle="26.61" x="127.20" y="37.80"/>
        <vehicle id="cfm-slow_2" eclass="HBEFA3/PC_G_EU4" CO2="18700.30" CO="315.39" HC="1.90" NOx="8.34" PMx="0.44" fuel="8.04" electricity="0.00" noise="79.13" route="routebottom" type="cfm-slow" waiting="0.00" lane="right_0" pos="3.56" speed="17.18" angle="358.10" x="131.83" y="71.41"/>
        <vehicle id="cfm-slow_3" eclass="HBEFA3/PC_G_EU4" CO2="21159.17" CO="365.39" HC="2.18" NOx="9.50" PMx="0.50" fuel="9.10" electricity="0.00" noise="81.36" route="routebottom" type="cfm-slow" waiting="0.00" lane="right_0" pos="19.45" speed="17.37" angle="329.42" x="119.83" y="103.04"/>
        <vehicle id="cfm-slow_4" eclass="HBEFA3/PC_G_EU4" CO2="28743.69" CO="519.46" HC="3.07" NOx="13.06" PMx="0.70" fuel="12.36" electricity="0.00" noise="87.88" route="routeright" type="cfm-slow" waiting="0.00" lane="right_0" pos="35.55" speed="18.10" angle="300.57" x="93.78" y="125.30"/>
        <vehicle id="cfm-slow_5" eclass="HBEFA3/PC_G_EU4" CO2="45764.41" CO="866.28" HC="5.08" NOx="21.04" PMx="1.14" fuel="19.67" electricity="0.00" noise="100.05" route="routetop" type="cfm-slow" waiting="0.00" lane="top_0" pos="2.44" speed="20.34" angle="270.09" x="58.32" y="132.07"/>
    </timestep>
    <timestep time="1.97">
        <vehicle id="cfm-fast_0" eclass="HBEFA3/PC_G_EU4" CO2="54497.65" CO="1052.86" HC="6.15" NOx="25.05" PMx="1.38" fuel="23.43" electricity="0.00" noise="100.59" route="routetop" type="cfm-fast" waiting="0.00" lane="top_0" pos="21.99" speed="25.26" angle="234.90" x="19.95" y="116.53"/>
        <vehicle id="cfm-fast_1" eclass="HBEFA3/PC_G_EU4" CO2="98638.18" CO="1966.24" HC="11.41" NOx="45.85" PMx="2.54" fuel="42.40" electricity="0.00" noise="127.64" route="routetop" type="cfm-fast" waiting="0.00" lane="top_1" pos="37.97" speed="26.43" angle="206.14" x="2.98" y="87.77"/>
        <vehicle id="cfm-fast_2" eclass="HBEFA3/PC_G_EU4" CO2="33902.13" CO="621.97" HC="3.67" NOx="15.44" PMx="0.84" fuel="14.57" electricity="0.00" noise="90.10" route="routetop" type="cfm-fast" waiting="0.00" lane="left_0" pos="1.26" speed="20.48" angle="182.21" x="-4.89" y="60.86"/>
        <vehicle id="cfm-fast_3" eclass="HBEFA3/PC_G_EU4" CO2="51354.83" CO="981.36" HC="5.74" NOx="23.64" PMx="1.29" fuel="22.07" electricity="0.00" noise="102.29" route="routetop" type="cfm-fast" waiting="0.00" lane="left_0" pos="17.58" speed="21.94" angle="152.81" x="5.27" y="27.64"/>
        <vehicle id="cfm-fast_4" eclass="HBEFA3/PC_G_EU4" CO2="70933.70" CO="1394.59" HC="8.11" NOx="32.78" PMx="1.81" fuel="30.49" electricity="0.00" noise="110.34" route="routeleft" type="cfm-fast" waiting="0.00" lane="left_0" pos="35.48" speed="26.14" angle="120.66" x="33.42" y="2.09"/>
        <vehicle id="cfm-fast_5" eclass="HBEFA3/PC_G_EU4" CO2="100292.17" CO="2002.27" HC="11.61" NOx="46.62" PMx="2.58" fuel="43.11" electricity="0.00" noise="127.84" route="routebottom" type="cfm-fast" waiting="0.00" lane="bottom_1" pos="1.76" speed="26.86" angle="91.32" x="67.30" y="-1.54"/>
        <vehicle id="cfm-slow_0" eclass="HBEFA3/PC_G_EU4" CO2="17802.38" CO="296.95" HC="1.79" NOx="7.92" PMx="0.41" fuel="7.65" electricity="0.00" noise="78.29" route="routebottom" type="cfm-slow" waiting="0.00" lane="bottom_0" pos="22.05" speed="17.17" angle="54.79" x="107.49" y="10.89"/>
        <vehicle id="cfm-slow_1" eclass="HBEFA3/PC_G_EU4" CO2="17952.67" CO="300.02" HC="1.81" NOx="7.99" PMx="0.42" fuel="7.72" electricity="0.00" noise="78.43" route="routebottom" type="cfm-slow" waiting="0.00" lane="bottom_0" pos="37.89" speed="17.18" angle="26.30" x="127.34" y="38.15"/>
        <vehicle id="cfm-slow_2" eclass="HBEFA3/PC_G_EU4" CO2="18620.68" CO="313.63" HC="1.89" NOx="8.31" PMx="0.43" fuel="8.00" electricity="0.00" noise="79.04" route="routebottom" type="cfm-slow" waiting="0.00" lane="right_0" pos="3.73" speed="17.22" angle="357.80" x="131.80" y="71.78"/>
        <vehicle id="cfm-slow_3" eclass="HBEFA3/PC_G_EU4" CO2="21128.78" CO="364.64" HC="2.18" NOx="9.48" PMx="0.50" fuel="9.08" electricity="0.00" noise="81.30" route="routebottom" type="cfm-slow" waiting="0.00" lane="right_0" pos="19.63" speed="17.41" angle="329.11" x="119.61" y="103.34"/>
        <vehicle id="cfm-slow_4" eclass="HBEFA3/PC_G_EU4" CO2="28799.87" CO="520.48" HC="3.08" NOx="13.09" PMx="0.70" fuel="12.38" electricity="0.00" noise="87.88" route="routeright" type="cfm-slow" waiting="0.00" lane="right_0" pos="35.73" speed="18.16" angle="300.24" x="93.43" y="125.48"/>
        <vehicle id="cfm-slow_5" eclass="HBEFA3/PC_G_EU4" CO2="45779.53" CO="866.54" HC="5.08" NOx="21.04" PMx="1.15" fuel="19.68" electricity="0.00" noise="99.95" route="routetop" type="cfm-slow" waiting="0.00" lane="top_0" pos="2.65" speed="20.42" angle="269.75" x="57.88" y="132.03"/>
    </timestep>
    <timestep time="1.98">
        <vehicle id="cfm-fast_0" eclass="HBEFA3/PC_G_EU4" CO2="53809.46" CO="1038.95" HC="6.07" NOx="24.72" PMx="1.36" fuel="23.13" electricity="0.00" noise="100.05" route="routetop" type="cfm-fast" waiting="0.00" lane="top_0" pos="22.24" speed="25.34" angle="234.43" x="19.54" y="116.18"/>
        <vehicle id="cfm-fast_1" eclass="HBEFA3/PC_G_EU4" CO2="99161.94" CO="1977.63" HC="11.47" NOx="46.09" PMx="2.55" fuel="42.62" electricity="0.00" noise="127.70" route="routetop" type="cfm-fast" waiting="0.00" lane="top_1" pos="38.23" speed="26.57" angle="205.64" x="2.78" y="87.27"/>
        <vehicle id="cfm-fast_2" eclass="HBEFA3/PC_G_EU4" CO2="33917.78" CO="622.26" HC="3.67" NOx="15.44" PMx="0.84" fuel="14.58" electricity="0.00" noise="90.06" route="routetop" type="cfm-fast" waiting="0.00" lane="left_0" pos="1.47" speed="20.54" angle="181.84" x="-4.86" y="60.42"/>
        <vehicle id="cfm-fast_3" eclass="HBEFA3/PC_G_EU4" CO2="51409.32" CO="982.54" HC="5.75" NOx="23.66" PMx="1.29" fuel="22.10" electricity="0.00" noise="102.22" route="routetop" type="cfm-fast" waiting="0.00" lane="left_0" pos="17.80" speed="22.02" angle="152.41" x="5.52" y="27.23"/>
        <vehicle id="cfm-fast_4" eclass="HBEFA3/PC_G_EU4" CO2="69643.10" CO="1368.42" HC="7.96" NOx="32.17" PMx="1.78" fuel="29.94" electricity="0.00" noise="109.38" route="routeleft" type="cfm-fast" waiting="0.00" lane="left_0" pos="35.75" speed="26.23" angle="120.17" x="33.92" y="1.83"/>
        <vehicle id="cfm-fast_5" eclass="HBEFA3/PC_G_EU4" CO2="100816.85" CO="2013.73" HC="11.68" NOx="46.86" PMx="2.60" fuel="43.34" electricity="0.00" noise="127.91" route="routebottom" type="cfm-fast" waiting="0.00" lane="bottom_1" pos="2.03" speed="27.00" angle="90.83" x="67.85" y="-1.50"/>
        <vehicle id="cfm-slow_0" eclass="HBEFA3/PC_G_EU4" CO2="17700.61" CO="294.75" HC="1.78" NOx="7.87" PMx="0.41" fuel="7.61" electricity="0.00" noise="78.18" route="routebottom" type="cfm-slow" waiting="0.00" lane="bottom_0" pos="22.23" speed="17.20" angle="54.47" x="107.77" y="11.13"/>
        <vehicle id="cfm-slow_1" eclass="HBEFA3/PC_G_EU4" CO2="17855.95" CO="297.92" HC="1.79" NOx="7.94" PMx="0.41" fuel="7.68" electricity="0.00" noise="78.32" route="routebottom" type="cfm-slow" waiting="0.00" lane="bottom_0" pos="38.06" speed="17.21" angle="25.99" x="127.47" y="38.49"/>
        <vehicle id="cfm-slow_2" eclass="HBEFA3/PC_G_EU4" CO2="18541.95" CO="311.89" HC="1.88" NOx="8.27" PMx="0.43" fuel="7.97" electricity="0.00" noise="78.95" route="routebottom" type="cfm-slow" waiting="0.00" lane="right_0" pos="3.91" speed="17.25" angle="357.50" x="131.75" y="72.14"/>
        <vehicle id="cfm-slow_3" eclass="HBEFA3/PC_G_EU4" CO2="21099.61" CO="363.91" HC="2.18" NOx="9.47" PMx="0.50" fuel="9.07" electricity="0.00" noise="81.25" route="routebottom" type="cfm-slow" waiting="0.00" lane="right_0" pos="19.80" speed="17.45" angle="328.79" x="119.39" y="103.65"/>
        <vehicle id="cfm-slow_4" eclass="HBEFA3/PC_G_EU4" CO2="28856.09" CO="521.50" HC="3.09" NOx="13.11" PMx="0.70" fuel="12.40" electricity="0.00" noise="87.88" route="routeright" type="cfm-slow" waiting="0.00" lane="right_0" pos="35.92" speed="18.21" angle="299.97" x="93.08" y="125.65"/>
        <vehicle id="cfm-slow_5" eclass="HBEFA3/PC_G_EU4" CO2="45789.18" CO="866.69" HC="5.08" NOx="21.05" PMx="1.15" fuel="19.68" electricity="0.00" noise="99.85" route="routetop" type="cfm-slow" waiting="0.00" lane="top_0" pos="2.85" speed="20.50" angle="269.38" x="57.44" y="131.99"/>
    </timestep>
    <timestep time="1.99">
        <vehicle id="cfm-fast_0" eclass="HBEFA3/PC_G_EU4" CO2="53127.15" CO="1025.17" HC="5.99" NOx="24.40" PMx="1.35" fuel="22.84" electricity="0.00" noise="99.53" route="routetop" type="cfm-fast" waiting="0.00" lane="top_0" pos="22.49" speed="25.41" angle="233.95" x="19.12" y="115.83"/>
        <vehicle id="cfm-fast_1" eclass="HBEFA3/PC_G_EU4" CO2="99685.98" CO="1989.04" HC="11.54" NOx="46.34" PMx="2.57" fuel="42.85" electricity="0.00" noise="127.77" route="routetop" type="cfm-fast" waiting="0.00" lane="top_1" pos="38.50" speed="26.71" angle="205.19" x="2.58" y="86.76"/>
        <vehicle id="cfm-fast_2" eclass="HBEFA3/PC_G_EU4" CO2="33934.31" CO="622.57" HC="3.67" NOx="15.45" PMx="0.84" fuel="14.59" electricity="0.00" noise="90.02" route="routetop" type="cfm-fast" waiting="0.00" lane="left_0" pos="1.67" speed="20.60" angle="181.48" x="-4.84" y="59.97"/>
        <vehicle id="cfm-fast_3" eclass="HBEFA3/PC_G_EU4" CO2="51453.50" CO="983.51" HC="5.75" NOx="23.68" PMx="1.30" fuel="22.12" electricity="0.00" noise="102.14" route="routetop" type="cfm-fast" waiting="0.00" lane="left_0" pos="18.02" speed="22.10" angle="152.07" x="5.77" y="26.83"/>
        <vehicle id="cfm-fast_4" eclass="HBEFA3/PC_G_EU4" CO2="68357.97" CO="1342.36" HC="7.81" NOx="31.56" PMx="1.75" fuel="29.38" electricity="0.00" noise="108.43" route="routeleft" type="cfm-fast" waiting="0.00" lane="left_0" pos="36.01" speed="26.33" angle="119.75" x="34.43" y="1.59"/>
        <vehicle id="cfm-fast_5" eclass="HBEFA3/PC_G_EU4" CO2="101341.82" CO="2025.21" HC="11.74" NOx="47.11" PMx="2.61" fuel="43.56" electricity="0.00" noise="127.97" route="routebottom" type="cfm-fast" waiting="0.00" lane="bottom_1" pos="2.30" speed="27.14" angle="90.34" x="68.41" y="-1.47"/>
        <vehicle id="cfm-slow_0" eclass="HBEFA3/PC_G_EU4" CO2="17599.31" CO="292.55" HC="1.76" NOx="7.82" PMx="0.41" fuel="7.57" electricity="0.00" noise="78.07" route="routebottom" type="cfm-slow" waiting="0.00" lane="bottom_0" pos="22.40" speed="17.23" angle="54.14" x="108.06" y="11.37"/>
        <vehicle id="cfm-slow_1" eclass="HBEFA3/PC_G_EU4" CO2="17759.84" CO="295.83" HC="1.78" NOx="7.90" PMx="0.41" fuel="7.63" electricity="0.00" noise="78.22" route="routebottom" type="cfm-slow" waiting="0.00" lane="bottom_0" pos="38.23" speed="17.24" angle="25.68" x="127.61" y="38.84"/>
        <vehicle id="cfm-slow_2" eclass="HBEFA3/PC_G_EU4" CO2="18464.14" CO="310.18" HC="1.87" NOx="8.23" PMx="0.43" fuel="7.94" electricity="0.00" noise="78.86" route="routebottom" type="cfm-slow" waiting="0.00" lane="right_0" pos="4.08" speed="17.29" angle="357.19" x="131.70" y="72.51"/>
        <vehicle id="cfm-slow_3" eclass="HBEFA3/PC_G_EU4" CO2="21071.66" CO="363.22" HC="2.17" NOx="9.45" PMx="0.50" fuel="9.06" electricity="0.00" noise="81.20" route="routebottom" type="cfm-slow" waiting="0.00" lane="right_0" pos="19.98" speed="17.49" angle="328.47" x="119.17" y="103.95"/>
        <vehicle id="cfm-slow_4" eclass="HBEFA3/PC_G_EU4" CO2="28912.31" CO="522.53" HC="3.09" NOx="13.14" PMx="0.70" fuel="12.43" electricity="0.00" noise="87.87" route="routeright" type="cfm-slow" waiting="0.00" lane="right_0" pos="36.10" speed="18.27" angle="299.61" x="92.72" y="125.82"/>
        <vehicle id="cfm-slow_5" eclass="HBEFA3/PC_G_EU4" CO2="45793.43" CO="866.74" HC="5.08" NOx="21.05" PMx="1.15" fuel="19.68" electricity="0.00" noise="99.74" route="routetop" type="cfm-slow" waiting="0.00" lane="top_0" pos="3.06" speed="20.58" angle="269.01" x="57.00" y="131.94"/>
    </timestep>
    <timestep time="2.00">
        <vehicle id="cfm-fast_0" eclass="HBEFA3/PC_G_EU4" CO2="52450.85" CO="1011.50" HC="5.91" NOx="24.08" PMx="1.33" fuel="22.55" electricity="0.00" noise="99.01" route="routetop" type="cfm-fast" waiting="0.00" lane="top_0" pos="22.75" speed="25.48" angle="233.47" x="18.70" y="115.48"/>
        <vehicle id="cfm-fast_1" eclass="HBEFA3/PC_G_EU4" CO2="100210.32" CO="2000.48" HC="11.60" NOx="46.58" PMx="2.58" fuel="43.08" electricity="0.00" noise="127.83" route="routetop" type="cfm-fast" waiting="0.00" lane="top_1" pos="38.77" speed="26.84" angle="204.70" x="2.39" y="86.24"/>
        <vehicle id="cfm-fast_2" eclass="HBEFA3/PC_G_EU4" CO2="33951.61" CO="622.91" HC="3.68" NOx="15.46" PMx="0.84" fuel="14.59" electricity="0.00" noise="89.98" route="routetop" type="cfm-fast" waiting="0.00" lane="left_0" pos="1.88" speed="20.65" angle="181.10" x="-4.81" y="59.53"/>
        <vehicle id="cfm-fast_3" eclass="HBEFA3/PC_G_EU4" CO2="51487.47" CO="984.28" HC="5.76" NOx="23.70" PMx="1.30" fuel="22.13" electricity="0.00" noise="102.05" route="routetop" type="cfm-fast" waiting="0.00" lane="left_0" pos="18.25" speed="22.19" angle="151.65" x="6.03" y="26.43"/>
        <vehicle id="cfm-fast_4" eclass="HBEFA3/PC_G_EU4" CO2="67078.76" CO="1316.42" HC="7.66" NOx="30.96" PMx="1.71" fuel="28.83" electricity="0.00" noise="107.50" route="routeleft" type="cfm-fast" waiting="0.00" lane="left_0" pos="36.27" speed="26.42" angle="119.25" x="34.95" y="1.36"/>
        <vehicle id="cfm-fast_5" eclass="HBEFA3/PC_G_EU4" CO2="101867.08" CO="2036.71" HC="11.81" NOx="47.35" PMx="2.62" fuel="43.79" electricity="0.00" noise="128.04" route="routebottom" type="cfm-fast" waiting="0.00" lane="bottom_1" pos="2.58" speed="27.27" angle="89.88" x="68.97" y="-1.43"/>
        <vehicle id="cfm-slow_0" eclass="HBEFA3/PC_G_EU4" CO2="17498.51" CO="290.37" HC="1.75" NOx="7.77" PMx="0.41" fuel="7.52" electricity="0.00" noise="77.96" route="routebottom" type="cfm-slow" waiting="0.00" lane="bottom_0" pos="22.57" speed="17.27" angle="53.81" x="108.34" y="11.61"/>
        <vehicle id="cfm-slow_1" eclass="HBEFA3/PC_G_EU4" CO2="17664.34" CO="293.75" HC="1.77" NOx="7.85" PMx="0.41" fuel="7.59" electricity="0.00" noise="78.11" route="routebottom" type="cfm-slow" waiting="0.00" lane="bottom_0" pos="38.41" speed="17.28" angle="25.39" x="127.75" y="39.18"/>
        <vehicle id="cfm-slow_2" eclass="HBEFA3/PC_G_EU4" CO2="18387.23" CO="308.48" HC="1.86" NOx="8.19" PMx="0.43" fuel="7.90" electricity="0.00" noise="78.77" route="routebottom" type="cfm-slow" waiting="0.00" lane="right_0" pos="4.25" speed="17.32" angle="356.88" x="131.64" y="72.88"/>
        <vehicle id="cfm-slow_3" eclass="HBEFA3/PC_G_EU4" CO2="21044.91" CO="362.54" HC="2.17" NOx="9.44" PMx="0.50" fuel="9.05" electricity="0.00" noise="81.14" route="routebottom" type="cfm-slow" waiting="0.00" lane="right_0" pos="20.15" speed="17.53" angle="328.16" x="118.95" y="104.26"/>
        <vehicle id="cfm-slow_4" eclass="HBEFA3/PC_G_EU4" CO2="28968.51" CO="523.56" HC="3.10" NOx="13.16" PMx="0.71" fuel="12.45" electricity="0.00" noise="87.87" route="routeright" type="cfm-slow" waiting="0.00" lane="right_0" pos="36.28" speed="18.32" angle="299.26" x="92.36" y="125.98"/>
        <vehicle id="cfm-slow_5" eclass="HBEFA3/PC_G_EU4" CO2="45792.35" CO="866.68" HC="5.08" NOx="21.04" PMx="1.15" fuel="19.68" electricity="0.00" noise="99.63" route="routetop" type="cfm-slow" waiting="0.00" lane="top_0" pos="3.26" speed="20.66" angle="268.64" x="56.56" y="131.90"/>
    </timestep>
    <timestep time="2.01">
        <vehicle id="cfm-fast_0" eclass="HBEFA3/PC_G_EU4" CO2="51780.68" CO="997.96" HC="5.83" NOx="23.76" PMx="1.31" fuel="22.26" electricity="0.00" noise="98.50" route="routetop" type="cfm-fast" waiting="0.00" lane="top_0" pos="23.00" speed="25.55" angle="233.03" x="18.28" y="115.12"/>
        <vehicle id="cfm-fast_1" eclass="HBEFA3/PC_G_EU4" CO2="100734.95" CO="2011.94" HC="11.67" NOx="46.83" PMx="2.59" fuel="43.30" electricity="0.00" noise="127.90" route="routetop" type="cfm-fast" waiting="0.00" lane="top_1" pos="39.04" speed="26.98" angle="204.21" x="2.20" y="85.72"/>
        <vehicle id="cfm-fast_2" eclass="HBEFA3/PC_G_EU4" CO2="33969.60" CO="623.25" HC="3.68" NOx="15.46" PMx="0.84" fuel="14.60" electricity="0.00" noise="89.95" route="routetop" type="cfm-fast" waiting="0.00" lane="left_0" pos="2.09" speed="20.71" angle="180.73" x="-4.78" y="59.09"/>
        <vehicle id="cfm-fast_3" eclass="HBEFA3/PC_G_EU4" CO2="51511.35" CO="984.85" HC="5.76" NOx="23.71" PMx="1.30" fuel="22.14" electricity="0.00" noise="101.96" route="routetop" type="cfm-fast" waiting="0.00" lane="left_0" pos="18.47" speed="22.27" angle="151.23" x="6.30" y="26.03"/>
        <vehicle id="cfm-fast_4" eclass="HBEFA3/PC_G_EU4" CO2="65805.87" CO="1290.60" HC="7.51" NOx="30.35" PMx="1.68" fuel="28.29" electricity="0.00" noise="106.59" route="routeleft" type="cfm-fast" waiting="0.00" lane="left_0" pos="36.54" speed="26.51" angle="118.75" x="35.47" y="1.12"/>
        <vehicle id="cfm-fast_5" eclass="HBEFA3/PC_G_EU4" CO2="102392.63" CO="2048.24" HC="11.87" NOx="47.60" PMx="2.64" fuel="44.01" electricity="0.00" noise="128.10" route="routebottom" type="cfm-fast" waiting="0.00" lane="bottom_1" pos="2.85" speed="27.41" angle="89.38" x="69.53" y="-1.38"/>
        <vehicle id="cfm-slow_0" eclass="HBEFA3/PC_G_EU4" CO2="17398.20" CO="288.20" HC="1.74" NOx="7.73" PMx="0.40" fuel="7.48" electricity="0.00" noise="77.85" route="routebottom" type="cfm-slow" waiting="0.00" lane="bottom_0" pos="22.74" speed="17.30" angle="53.49" x="108.62" y="11.85"/>
        <vehicle id="cfm-slow_1" eclass="HBEFA3/PC_G_EU4" CO2="17569.47" CO="291.69" HC="1.76" NOx="7.81" PMx="0.41" fuel="7.55" electricity="0.00" noise="78.01" route="routebottom" type="cfm-slow" waiting="0.00" lane="bottom_0" pos="38.58" speed="17.31" angle="25.11" x="127.88" y="39.53"/>
        <vehicle id="cfm-slow_2" eclass="HBEFA3/PC_G_EU4" CO2="18311.26" CO="306.81" HC="1.85" NOx="8.16" PMx="0.43" fuel="7.87" electricity="0.00" noise="78.68" route="routebottom" type="cfm-slow" waiting="0.00" lane="right_0" pos="4.43" speed="17.36" angle="356.56" x="131.59" y="73.25"/>
        <vehicle id="cfm-slow_3" eclass="HBEFA3/PC_G_EU4" CO2="21019.35" CO="361.90" HC="2.17" NOx="9.43" PMx="0.50" fuel="9.04" electricity="0.00" noise="81.09" route="routebottom" type="cfm-slow" waiting="0.00" lane="right_0" pos="20.33" speed="17.57" angle="327.84" x="118.73" y="104.57"/>
        <vehicle id="cfm-slow_4" eclass="HBEFA3/PC_G_EU4" CO2="29024.63" CO="524.58" HC="3.11" NOx="13.19" PMx="0.71" fuel="12.48" electricity="0.00" noise="87.87" route="routeright" type="cfm-slow" waiting="0.00" lane="right_0" pos="36.47" speed="18.38" angle="298.90" x="92.00" y="126.14"/>
        <vehicle id="cfm-slow_5" eclass="HBEFA3/PC_G_EU4" CO2="45786.02" CO="866.52" HC="5.08" NOx="21.04" PMx="1.15" fuel="19.68" electricity="0.00" noise="99.52" route="routetop" type="cfm-slow" waiting="0.00" lane="top_0" pos="3.47" speed="20.74" angle="268.27" x="56.12" y="131.85"/>
    </timestep>
    <timestep time="2.02">
        <vehicle id="cfm-fast_0" eclass="HBEFA3/PC_G_EU4" CO2="51116.73" CO="984.55" HC="5.75" NOx="23.44" PMx="1.29" fuel="21.97" electricity="0.00" noise="98.00" route="routetop" type="cfm-fast" waiting="0.00" lane="top_0" pos="23.26" speed="25.62" angle="232.61" x="17.87" y="114.75"/>
        <vehicle id="cfm-fast_1" eclass="HBEFA3/PC_G_EU4" CO2="101259.88" CO="2023.42" HC="11.73" NOx="47.07" PMx="2.61" fuel="43.53" electricity="0.00" noise="127.96" route="routetop" type="cfm-fast" waiting="0.00" lane="top_1" pos="39.31" speed="27.12" angle="203.72" x="2.01" y="85.19"/>
        <vehicle id="cfm-fast_2" eclass="HBEFA3/PC_G_EU4" CO2="33988.20" CO="623.62" HC="3.68" NOx="15.47" PMx="0.84" fuel="14.61" electricity="0.00" noise="89.91" route="routetop" type="cfm-fast" waiting="0.00" lane="left_0" pos="2.29" speed="20.77" angle="180.36" x="-4.76" y="58.64"/>
        <vehicle id="cfm-fast_3" eclass="HBEFA3/PC_G_EU4" CO2="51525.23" CO="985.21" HC="5.76" NOx="23.71" PMx="1.30" fuel="22.15" electricity="0.00" noise="101.86" route="routetop" type="cfm-fast" waiting="0.00" lane="left_0" pos="18.69" speed="22.35" angle="150.81" x="6.57" y="25.63"/>
        <vehicle id="cfm-fast_4" eclass="HBEFA3/PC_G_EU4" CO2="64539.72" CO="1264.92" HC="7.37" NOx="29.76" PMx="1.65" fuel="27.74" electricity="0.00" noise="105.68" route="routeleft" type="cfm-fast" waiting="0.00" lane="left_0" pos="36.80" speed="26.59" angle="118.25" x="35.99" y="0.89"/>
        <vehicle id="cfm-fast_5" eclass="HBEFA3/PC_G_EU4" CO2="102918.47" CO="2059.79" HC="11.94" NOx="47.84" PMx="2.65" fuel="44.24" electricity="0.00" noise="128.17" route="routebottom" type="cfm-fast" waiting="0.00" lane="bottom_1" pos="3.13" speed="27.55" angle="88.88" x="70.09" y="-1.32"/>
        <vehicle id="cfm-slow_0" eclass="HBEFA3/PC_G_EU4" CO2="17298.38" CO="286.04" HC="1.73" NOx="7.68" PMx="0.40" fuel="7.44" electricity="0.00" noise="77.74" route="routebottom" type="cfm-slow" waiting="0.00" lane="bottom_0" pos="22.92" speed="17.33" angle="53.16" x="108.91" y="12.09"/>
        <vehicle id="cfm-slow_1" eclass="HBEFA3/PC_G_EU4" CO2="17475.22" CO="289.65" HC="1.75" NOx="7.76" PMx="0.40" fuel="7.51" electricity="0.00" noise="77.90" route="routebottom" type="cfm-slow" waiting="0.00" lane="bottom_0" pos="38.75" speed="17.34" angle="24.80" x="128.01" y="39.88"/>
        <vehicle id="cfm-slow_2" eclass="HBEFA3/PC_G_EU4" CO2="18236.21" CO="305.16" HC="1.84" NOx="8.12" PMx="0.42" fuel="7.84" electricity="0.00" noise="78.59" route="routebottom" type="cfm-slow" waiting="0.00" lane="right_0" pos="4.60" speed="17.39" angle="356.25" x="131.54" y="73.62"/>
        <vehicle id="cfm-slow_3" eclass="HBEFA3/PC_G_EU4" CO2="20994.99" CO="361.28" HC="2.16" NOx="9.42" PMx="0.50" fuel="9.02" electricity="0.00" noise="81.05" route="routebottom" type="cfm-slow" waiting="0.00" lane="right_0" pos="20.50" speed="17.61" angle="327.58" x="118.51" y="104.88"/>
        <vehicle id="cfm-slow_4" eclass="HBEFA3/PC_G_EU4" CO2="29080.63" CO="525.61" HC="3.11" NOx="13.21" PMx="0.71" fuel="12.50" electricity="0.00" noise="87.87" route="routeright" type="cfm-slow" waiting="0.00" lane="right_0" pos="36.65" speed="18.43" angle="298.54" x="91.64" y="126.30"/>
        <vehicle id="cfm-slow_5" eclass="HBEFA3/PC_G_EU4" CO2="45774.50" CO="866.26" HC="5.08" NOx="21.03" PMx="1.15" fuel="19.68" electricity="0.00" noise="99.40" route="routetop" type="cfm-slow" waiting="0.00" lane="top_0" pos="3.68" speed="20.82" angle="267.90" x="55.67" y="131.81"/>
    </timestep>
    <timestep time="2.03">
        <vehicle id="cfm-fast_0" eclass="HBEFA3/PC_G_EU4" CO2="50459.10" CO="971.27" HC="5.68" NOx="23.13" PMx="1.28" fuel="21.69" electricity="0.00" noise="97.51" route="routetop" type="cfm-fast" waiting="0.00" lane="top_0" pos="23.52" speed="25.69" angle="232.15" x="17.47" y="114.38"/>
        <vehicle id="cfm-fast_1" eclass="HBEFA3/PC_G_EU4" CO2="101785.09" CO="2034.92" HC="11.80" NOx="47.32" PMx="2.62" fuel="43.75" electricity="0.00" noise="128.03" route="routetop" type="cfm-fast" waiting="0.00" lane="top_1" pos="39.58" speed="27.25" angle="203.22" x="1.82" y="84.67"/>
        <vehicle id="cfm-fast_2" eclass="HBEFA3/PC_G_EU4" CO2="34007.32" CO="623.99" HC="3.68" NOx="15.48" PMx="0.84" fuel="14.62" electricity="0.00" noise="89.88" route="routetop" type="cfm-fast" waiting="0.00" lane="left_0" pos="2.50" speed="20.82" angle="180.00" x="-4.73" y="58.19"/>
        <vehicle id="cfm-fast_3" eclass="HBEFA3/PC_G_EU4" CO2="51529.21" CO="985.38" HC="5.77" NOx="23.71" PMx="1.30" fuel="22.15" electricity="0.00" noise="101.76" route="routetop" type="cfm-fast" waiting="0.00" lane="left_0" pos="18.92" speed="22.43" angle="150.39" x="6.83" y="25.23"/>
        <vehicle id="cfm-fast_4" eclass="HBEFA3/PC_G_EU4" CO2="63280.66" CO="1239.39" HC="7.22" NOx="29.16" PMx="1.62" fuel="27.20" electricity="0.00" noise="104.79" route="routeleft" type="cfm-fast" waiting="0.00" lane="left_0" pos="37.07" speed="26.68" angle="117.76" x="36.51" y="0.65"/>
        <vehicle id="cfm-fast_5" eclass="HBEFA3/PC_G_EU4" CO2="103444.61" CO="2071.35" HC="12.01" NOx="48.09" PMx="2.67" fuel="44.47" electricity="0.00" noise="128.23" route="routebottom" type="cfm-fast" waiting="0.00" lane="bottom_1" pos="3.40" speed="27.68" angle="88.38" x="70.65" y="-1.27"/>
        <vehicle id="cfm-slow_0" eclass="HBEFA3/PC_G_EU4" CO2="17199.07" CO="283.89" HC="1.71" NOx="7.63" PMx="0.40" fuel="7.39" electricity="0.00" noise="77.64" route="routebottom" type="cfm-slow" waiting="0.00" lane="bottom_0" pos="23.09" speed="17.36" angle="52.90" x="109.19" y="12.34"/>
        <vehicle id="cfm-slow_1" eclass="HBEFA3/PC_G_EU4" CO2="17381.61" CO="287.62" HC="1.74" NOx="7.72" PMx="0.40" fuel="7.47" electricity="0.00" noise="77.80" route="routebottom" type="cfm-slow" waiting="0.00" lane="bottom_0" pos="38.93" speed="17.37" angle="24.48" x="128.14" y="40.23"/>
        <vehicle id="cfm-slow_2" eclass="HBEFA3/PC_G_EU4" CO2="18162.09" CO="303.52" HC="1.83" NOx="8.08" PMx="0.42" fuel="7.81" electricity="0.00" noise="78.50" route="routebottom" type="cfm-slow" waiting="0.00" lane="right_0" pos="4.77" speed="17.43" angle="355.93" x="131.49" y="73.99"/>
        <vehicle id="cfm-slow_3" eclass="HBEFA3/PC_G_EU4" CO2="20971.81" CO="360.68" HC="2.16" NOx="9.40" PMx="0.50" fuel="9.01" electricity="0.00" noise="81.00" route="routebottom" type="cfm-slow" waiting="0.00" lane="right_0" pos="20.68" speed="17.65" angle="327.26" x="118.28" y="105.18"/>
        <vehicle id="cfm-slow_4" eclass="HBEFA3/PC_G_EU4" CO2="29136.49" CO="526.64" HC="3.12" NOx="13.24" PMx="0.71" fuel="12.52" electricity="0.00" noise="87.87" route="routeright" type="cfm-slow" waiting="0.00" lane="right_0" pos="36.83" speed="18.49" angle="298.18" x="91.28" y="126.46"/>
        <vehicle id="cfm-slow_5" eclass="HBEFA3/PC_G_EU4" CO2="45757.86" CO="865.90" HC="5.08" NOx="21.02" PMx="1.15" fuel="19.67" electricity="0.00" noise="99.29" route="routetop" type="cfm-slow" waiting="0.00" lane="top_0" pos="3.89" speed="20.90" angle="267.54" x="55.22" y="131.76"/>
    </timestep>
    <timestep time="2.04">
        <vehicle id="cfm-fast_0" eclass="HBEFA3/PC_G_EU4" CO2="49807.90" CO="958.12" HC="5.60" NOx="22.82" PMx="1.26" fuel="21.41" electricity="0.00" noise="97.02" route="routetop" type="cfm-fast" waiting="0.00" lane="top_0" pos="23.77" speed="25.76" angle="231.68" x="17.06" y="114.00"/>
        <vehicle id="cfm-fast_1" eclass="HBEFA3/PC_G_EU4" CO2="102310.60" CO="2046.44" HC="11.86" NOx="47.56" PMx="2.64" fuel="43.98" electricity="0.00" noise="128.09" route="routetop" type="cfm-fast" waiting="0.00" lane="top_1" pos="39.86" speed="27.39" angle="202.78" x="1.64" y="84.14"/>
        <vehicle id="cfm-fast_2" eclass="HBEFA3/PC_G_EU4" CO2="34026.87" CO="624.38" HC="3.69" NOx="15.49" PMx="0.84" fuel="14.63" electricity="0.00" noise="89.84" route="routetop" type="cfm-fast" waiting="0.00" lane="left_0" pos="2.71" speed="20.88" angle="179.63" x="-4.69" y="57.75"/>
        <vehicle id="cfm-fast_3" eclass="HBEFA3/PC_G_EU4" CO2="51523.41" CO="985.35" HC="5.77" NOx="23.71" PMx="1.30" fuel="22.15" electricity="0.00" noise="101.65" route="routetop" type="cfm-fast" waiting="0.00" lane="left_0" pos="19.14" speed="22.51" angle="150.00" x="7.10" y="24.83"/>
        <vehicle id="cfm-fast_4" eclass="HBEFA3/PC_G_EU4" CO2="62029.08" CO="1214.00" HC="7.07" NOx="28.57" PMx="1.58" fuel="26.66" electricity="0.00" noise="103.91" route="routeleft" type="cfm-fast" waiting="0.00" lane="left_0" pos="37.34" speed="26.76" angle="117.34" x="37.04" y="0.42"/>
        <vehicle id="cfm-fast_5" eclass="HBEFA3/PC_G_EU4" CO2="103971.04" CO="2082.94" HC="12.07" NOx="48.33" PMx="2.68" fuel="44.69" electricity="0.00" noise="128.30" route="routebottom" type="cfm-fast" waiting="0.00" lane="bottom_1" pos="3.68" speed="27.82" angle="87.87" x="71.22" y="-1.21"/>
        <vehicle id="cfm-slow_0" eclass="HBEFA3/PC_G_EU4" CO2="17100.27" CO="281.76" HC="1.70" NOx="7.58" PMx="0.40" fuel="7.35" electricity="0.00" noise="77.53" route="routebottom" type="cfm-slow" waiting="0.00" lane="bottom_0" pos="23.27" speed="17.39" angle="52.59" x="109.46" y="12.59"/>
        <vehicle id="cfm-slow_1" eclass="HBEFA3/PC_G_EU4" CO2="17288.65" CO="285.61" HC="1.72" NOx="7.67" PMx="0.40" fuel="7.43" electricity="0.00" noise="77.70" route="routebottom" type="cfm-slow" waiting="0.00" lane="bottom_0" pos="39.10" speed="17.41" angle="24.17" x="128.26" y="40.58"/>
        <vehicle id="cfm-slow_2" eclass="HBEFA3/PC_G_EU4" CO2="18088.93" CO="301.91" HC="1.82" NOx="8.05" PMx="0.42" fuel="7.78" electricity="0.00" noise="78.42" route="routebottom" type="cfm-slow" waiting="0.00" lane="right_0" pos="4.95" speed="17.46" angle="355.62" x="131.43" y="74.36"/>
        <vehicle id="cfm-slow_3" eclass="HBEFA3/PC_G_EU4" CO2="20949.80" CO="360.12" HC="2.16" NOx="9.39" PMx="0.50" fuel="9.01" electricity="0.00" noise="80.95" route="routebottom" type="cfm-slow" waiting="0.00" lane="right_0" pos="20.86" speed="17.69" angle="326.94" x="118.04" y="105.47"/>
        <vehicle id="cfm-slow_4" eclass="HBEFA3/PC_G_EU4" CO2="29192.15" CO="527.66" HC="3.12" NOx="13.26" PMx="0.71" fuel="12.55" electricity="0.00" noise="87.86" route="routeright" type="cfm-slow" waiting="0.00" lane="right_0" pos="37.02" speed="18.54" angle="297.82" x="90.91" y="126.62"/>
        <vehicle id="cfm-slow_5" eclass="HBEFA3/PC_G_EU4" CO2="45736.19" CO="865.44" HC="5.07" NOx="21.01" PMx="1.14" fuel="19.66" electricity="0.00" noise="99.17" route="routetop" type="cfm-slow" waiting="0.00" lane="top_0" pos="4.10" speed="20.97" angle="267.16" x="54.78" y="131.69"/>
    </timestep>
    <timestep time="2.05">
        <vehicle id="cfm-fast_0" eclass="HBEFA3/PC_G_EU4" CO2="49163.19" CO="945.11" HC="5.53" NOx="22.52" PMx="1.24" fuel="21.13" electricity="0.00" noise="96.54" route="routetop" type="cfm-fast" waiting="0.00" lane="top_0" pos="24.03" speed="25.83" angle="231.22" x="16.65" y="113.62"/>
        <vehicle id="cfm-fast_1" eclass="HBEFA3/PC_G_EU4" CO2="102836.39" CO="2057.98" HC="11.93" NOx="47.81" PMx="2.65" fuel="44.20" electricity="0.00" noise="128.16" route="routetop" type="cfm-fast" waiting="0.00" lane="top_1" pos="40.13" speed="27.52" angle="202.27" x="1.48" y="83.60"/>
        <vehicle id="cfm-fast_2" eclass="HBEFA3/PC_G_EU4" CO2="34046.79" CO="624.78" HC="3.69" NOx="15.50" PMx="0.84" fuel="14.63" electricity="0.00" noise="89.81" route="routetop" type="cfm-fast" waiting="0.00" lane="left_0" pos="2.92" speed="20.93" angle="179.26" x="-4.64" y="57.30"/>
        <vehicle id="cfm-fast_3" eclass="HBEFA3/PC_G_EU4" CO2="51507.93" CO="985.13" HC="5.76" NOx="23.70" PMx="1.30" fuel="22.14" electricity="0.00" noise="101.53" route="routetop" type="cfm-fast" waiting="0.00" lane="left_0" pos="19.37" speed="22.60" angle="149.62" x="7.38" y="24.43"/>
        <vehicle id="cfm-fast_4" eclass="HBEFA3/PC_G_EU4" CO2="60785.29" CO="1188.77" HC="6.93" NOx="27.98" PMx="1.55" fuel="26.13" electricity="0.00" noise="103.05" route="routeleft" type="cfm-fast" waiting="0.00" lane="left_0" pos="37.61" speed="26.84" angle="116.84" x="37.58" y="0.21"/>
        <vehicle id="cfm-fast_5" eclass="HBEFA3/PC_G_EU4" CO2="104497.76" CO="2094.56" HC="12.14" NOx="48.58" PMx="2.70" fuel="44.92" electricity="0.00" noise="128.36" route="routebottom" type="cfm-fast" waiting="0.00" lane="bottom_1" pos="3.96" speed="27.95" angle="87.41" x="71.79" y="-1.14"/>
        <vehicle id="cfm-slow_0" eclass="HBEFA3/PC_G_EU4" CO2="17001.99" CO="279.64" HC="1.69" NOx="7.54" PMx="0.39" fuel="7.31" electricity="0.00" noise="77.43" route="routebottom" type="cfm-slow" waiting="0.00" lane="bottom_0" pos="23.44" speed="17.43" angle="52.27" x="109.74" y="12.84"/>
        <vehicle id="cfm-slow_1" eclass="HBEFA3/PC_G_EU4" CO2="17196.34" CO="283.61" HC="1.71" NOx="7.63" PMx="0.40" fuel="7.39" electricity="0.00" noise="77.60" route="routebottom" type="cfm-slow" waiting="0.00" lane="bottom_0" pos="39.28" speed="17.44" angle="23.85" x="128.39" y="40.94"/>
        <vehicle id="cfm-slow_2" eclass="HBEFA3/PC_G_EU4" CO2="18016.71" CO="300.32" HC="1.81" NOx="8.01" PMx="0.42" fuel="7.74" electricity="0.00" noise="78.34" route="routebottom" type="cfm-slow" waiting="0.00" lane="right_0" pos="5.12" speed="17.49" angle="355.25" x="131.38" y="74.74"/>
        <vehicle id="cfm-slow_3" eclass="HBEFA3/PC_G_EU4" CO2="20928.96" CO="359.57" HC="2.15" NOx="9.38" PMx="0.50" fuel="9.00" electricity="0.00" noise="80.91" route="routebottom" type="cfm-slow" waiting="0.00" lane="right_0" pos="21.03" speed="17.73" angle="326.62" x="117.81" y="105.78"/>
        <vehicle id="cfm-slow_4" eclass="HBEFA3/PC_G_EU4" CO2="29247.59" CO="528.69" HC="3.13" NOx="13.29" PMx="0.71" fuel="12.57" electricity="0.00" noise="87.86" route="routeright" type="cfm-slow" waiting="0.00" lane="right_0" pos="37.21" speed="18.59" angle="297.54" x="90.55" y="126.79"/>
        <vehicle id="cfm-slow_5" eclass="HBEFA3/PC_G_EU4" CO2="45709.55" CO="864.88" HC="5.07" NOx="21.00" PMx="1.14" fuel="19.65" electricity="0.00" noise="99.04" route="routetop" type="cfm-slow" waiting="0.00" lane="top_0" pos="4.31" speed="21.05" angle="266.78" x="54.33" y="131.63"/>
    </timestep>
    <timestep time="2.06">
        <vehicle id="cfm-fast_0" eclass="HBEFA3/PC_G_EU4" CO2="48525.05" CO="932.22" HC="5.45" NOx="22.21" PMx="1.23" fuel="20.86" electricity="0.00" noise="96.08" route="routetop" type="cfm-fast" waiting="0.00" lane="top_0" pos="24.29" speed="25.89" angle="230.78" x="16.24" y="113.24"/>
        <vehicle id="cfm-fast_1" eclass="HBEFA3/PC_G_EU4" CO2="103362.49" CO="2069.55" HC="12.00" NOx="48.05" PMx="2.66" fuel="44.43" electricity="0.00" noise="128.22" route="routetop" type="cfm-fast" waiting="0.00" lane="top_1" pos="40.41" speed="27.66" angle="201.75" x="1.31" y="83.06"/>
        <vehicle id="cfm-fast_2" eclass="HBEFA3/PC_G_EU4" CO2="34066.97" CO="625.19" HC="3.69" NOx="15.50" PMx="0.84" fuel="14.64" electricity="0.00" noise="89.78" route="routetop" type="cfm-fast" waiting="0.00" lane="left_0" pos="3.13" speed="20.99" angle="178.88" x="-4.60" y="56.85"/>
        <vehicle id="cfm-fast_3" eclass="HBEFA3/PC_G_EU4" CO2="51482.88" CO="984.71" HC="5.76" NOx="23.68" PMx="1.30" fuel="22.13" electricity="0.00" noise="101.41" route="routetop" type="cfm-fast" waiting="0.00" lane="left_0" pos="19.59" speed="22.68" angle="149.20" x="7.67" y="24.04"/>
        <vehicle id="cfm-fast_4" eclass="HBEFA3/PC_G_EU4" CO2="59549.64" CO="1163.71" HC="6.78" NOx="27.39" PMx="1.52" fuel="25.60" electricity="0.00" noise="102.19" route="routeleft" type="cfm-fast" waiting="0.00" lane="left_0" pos="37.88" speed="26.92" angle="116.35" x="38.12" y="-0.01"/>
        <vehicle id="cfm-fast_5" eclass="HBEFA3/PC_G_EU4" CO2="105024.77" CO="2106.19" HC="12.20" NOx="48.83" PMx="2.71" fuel="45.14" electricity="0.00" noise="128.43" route="routebottom" type="cfm-fast" waiting="0.00" lane="bottom_1" pos="4.24" speed="28.09" angle="86.90" x="72.36" y="-1.06"/>
        <vehicle id="cfm-slow_0" eclass="HBEFA3/PC_G_EU4" CO2="16904.23" CO="277.53" HC="1.68" NOx="7.49" PMx="0.39" fuel="7.27" electricity="0.00" noise="77.33" route="routebottom" type="cfm-slow" waiting="0.00" lane="bottom_0" pos="23.61" speed="17.46" angle="51.96" x="110.02" y="13.10"/>
        <vehicle id="cfm-slow_1" eclass="HBEFA3/PC_G_EU4" CO2="17104.68" CO="281.62" HC="1.70" NOx="7.58" PMx="0.40" fuel="7.35" electricity="0.00" noise="77.51" route="routebottom" type="cfm-slow" waiting="0.00" lane="bottom_0" pos="39.45" speed="17.47" angle="23.54" x="128.52" y="41.29"/>
        <vehicle id="cfm-slow_2" eclass="HBEFA3/PC_G_EU4" CO2="17945.44" CO="298.76" HC="1.80" NOx="7.98" PMx="0.42" fuel="7.71" electricity="0.00" noise="78.26" route="routebottom" type="cfm-slow" waiting="0.00" lane="right_0" pos="5.30" speed="17.53" angle="354.93" x="131.31" y="75.11"/>
        <vehicle id="cfm-slow_3" eclass="HBEFA3/PC_G_EU4" CO2="20909.27" CO="359.06" HC="2.15" NOx="9.37" PMx="0.49" fuel="8.99" electricity="0.00" noise="80.87" route="routebottom" type="cfm-slow" waiting="0.00" lane="right_0" pos="21.21" speed="17.77" angle="326.29" x="117.57" y="106.08"/>
        <vehicle id="cfm-slow_4" eclass="HBEFA3/PC_G_EU4" CO2="29302.77" CO="529.71" HC="3.14" NOx="13.31" PMx="0.71" fuel="12.60" electricity="0.00" noise="87.86" route="routeright" type="cfm-slow" waiting="0.00" lane="right_0" pos="37.39" speed="18.65" angle="297.21" x="90.17" y="126.94"/>
        <vehicle id="cfm-slow_5" eclass="HBEFA3/PC_G_EU4" CO2="45678.02" CO="864.23" HC="5.07" NOx="20.98" PMx="1.14" fuel="19.63" electricity="0.00" noise="98.92" route="routetop" type="cfm-slow" waiting="0.00" lane="top_0" pos="4.52" speed="21.13" angle="266.40" x="53.88" y="131.56"/>
    </timestep>
    <timestep time="2.07">
        <vehicle id="cfm-fast_0" eclass="HBEFA3/PC_G_EU4" CO2="47893.56" CO="919.48" HC="5.38" NOx="21.91" PMx="1.21" fuel="20.59" electricity="0.00" noise="95.61" route="routetop" type="cfm-fast" waiting="0.00" lane="top_0" pos="24.55" speed="25.95" angle="230.34" x="15.84" y="112.85"/>
        <vehicle id="cfm-fast_1" eclass="HBEFA3/PC_G_EU4" CO2="103888.87" CO="2081.13" HC="12.06" NOx="48.30" PMx="2.68" fuel="44.66" electricity="0.00" noise="128.29" route="routetop" type="cfm-fast" waiting="0.00" lane="top_1" pos="40.69" speed="27.80" angle="201.23" x="1.14" y="82.51"/>
        <vehicle id="cfm-fast_2" eclass="HBEFA3/PC_G_EU4" CO2="34087.36" CO="625.60" HC="3.69" NOx="15.51" PMx="0.84" fuel="14.65" electricity="0.00" noise="89.75" route="routetop" type="cfm-fast" waiting="0.00" lane="left_0" pos="3.34" speed="21.05" angle="178.51" x="-4.55" y="56.40"/>
        <vehicle id="cfm-fast_3" eclass="HBEFA3/PC_G_EU4" CO2="51448.36" CO="984.10" HC="5.76" NOx="23.66" PMx="1.30" fuel="22.12" electricity="0.00" noise="101.29" route="routetop" type="cfm-fast" waiting="0.00" lane="left_0" pos="19.82" speed="22.76" angle="148.77" x="7.95" y="23.64"/>
        <vehicle id="cfm-fast_4" eclass="HBEFA3/PC_G_EU4" CO2="58322.43" CO="1138.81" HC="6.64" NOx="26.81" PMx="1.49" fuel="25.07" electricity="0.00" noise="101.35" route="routeleft" type="cfm-fast" waiting="0.00" lane="left_0" pos="38.15" speed="26.99" angle="115.85" x="38.66" y="-0.22"/>
        <vehicle id="cfm-fast_5" eclass="HBEFA3/PC_G_EU4" CO2="105552.07" CO="2117.84" HC="12.27" NOx="49.07" PMx="2.72" fuel="45.37" electricity="0.00" noise="128.49" route="routebottom" type="cfm-fast" waiting="0.00" lane="bottom_1" pos="4.52" speed="28.23" angle="86.38" x="72.93" y="-0.98"/>
        <vehicle id="cfm-slow_0" eclass="HBEFA3/PC_G_EU4" CO2="16806.99" CO="275.43" HC="1.67" NOx="7.44" PMx="0.39" fuel="7.22" electricity="0.00" noise="77.23" route="routebottom" type="cfm-slow" waiting="0.00" lane="bottom_0" pos="23.79" speed="17.49" angle="51.64" x="110.29" y="13.35"/>
        <vehicle id="cfm-slow_1" eclass="HBEFA3/PC_G_EU4" CO2="17013.69" CO="279.65" HC="1.69" NOx="7.54" PMx="0.39" fuel="7.31" electricity="0.00" noise="77.41" route="routebottom" type="cfm-slow" waiting="0.00" lane="bottom_0" pos="39.63" speed="17.50" angle="23.22" x="128.65" y="41.64"/>
        <vehicle id="cfm-slow_2" eclass="HBEFA3/PC_G_EU4" CO2="17875.14" CO="297.21" HC="1.79" NOx="7.95" PMx="0.42" fuel="7.68" electricity="0.00" noise="78.18" route="routebottom" type="cfm-slow" waiting="0.00" lane="right_0" pos="5.48" speed="17.56" angle="354.60" x="131.24" y="75.48"/>
        <vehicle id="cfm-slow_3" eclass="HBEFA3/PC_G_EU4" CO2="20890.73" CO="358.57" HC="2.15" NOx="9.36" PMx="0.49" fuel="8.98" electricity="0.00" noise="80.83" route="routebottom" type="cfm-slow" waiting="0.00" lane="right_0" pos="21.39" speed="17.81" angle="325.97" x="117.34" y="106.38"/>
        <vehicle id="cfm-slow_4" eclass="HBEFA3/PC_G_EU4" CO2="29357.65" CO="530.73" HC="3.14" NOx="13.34" PMx="0.72" fuel="12.62" electricity="0.00" noise="87.86" route="routeright" type="cfm-slow" waiting="0.00" lane="right_0" pos="37.58" speed="18.70" angle="296.87" x="89.80" y="127.09"/>
        <vehicle id="cfm-slow_5" eclass="HBEFA3/PC_G_EU4" CO2="45641.67" CO="863.48" HC="5.06" NOx="20.96" PMx="1.14" fuel="19.62" electricity="0.00" noise="98.79" route="routetop" type="cfm-slow" waiting="0.00" lane="top_0" pos="4.73" speed="21.20" angle="266.02" x="53.43" y="131.50"/>
    </timestep>
    <timestep time="2.08">
        <vehicle id="cfm-fast_0" eclass="HBEFA3/PC_G_EU4" CO2="47268.78" CO="906.87" HC="5.31" NOx="21.62" PMx="1.20" fuel="20.32" electricity="0.00" noise="95.16" route="routetop" type="cfm-fast" waiting="0.00" lane="top_0" pos="24.81" speed="26.02" angle="229.86" x="15.45" y="112.46"/>
        <vehicle id="cfm-fast_1" eclass="HBEFA3/PC_G_EU4" CO2="104415.54" CO="2092.74" HC="12.13" NOx="48.54" PMx="2.69" fuel="44.88" electricity="0.00" noise="128.35" route="routetop" type="cfm-fast" waiting="0.00" lane="top_1" pos="40.97" speed="27.93" angle="200.73" x="0.97" y="81.96"/>
        <vehicle id="cfm-fast_2" eclass="HBEFA3/PC_G_EU4" CO2="34107.86" CO="626.02" HC="3.70" NOx="15.52" PMx="0.84" fuel="14.66" electricity="0.00" noise="89.72" route="routetop" type="cfm-fast" waiting="0.00" lane="left_0" pos="3.55" speed="21.10" angle="178.13" x="-4.51" y="55.95"/>
        <vehicle id="cfm-fast_3" eclass="HBEFA3/PC_G_EU4" CO2="51404.51" CO="983.31" HC="5.75" NOx="23.64" PMx="1.30" fuel="22.10" electricity="0.00" noise="101.15" route="routetop" type="cfm-fast" waiting="0.00" lane="left_0" pos="20.05" speed="22.84" angle="148.35" x="8.24" y="23.24"/>
        <vehicle id="cfm-fast_4" eclass="HBEFA3/PC_G_EU4" CO2="57103.94" CO="1114.09" HC="6.49" NOx="26.24" PMx="1.46" fuel="24.55" electricity="0.00" noise="100.52" route="routeleft" type="cfm-fast" waiting="0.00" lane="left_0" pos="38.42" speed="27.07" angle="115.38" x="39.20" y="-0.44"/>
        <vehicle id="cfm-fast_5" eclass="HBEFA3/PC_G_EU4" CO2="106079.67" CO="2129.52" HC="12.34" NOx="49.32" PMx="2.74" fuel="45.60" electricity="0.00" noise="128.56" route="routebottom" type="cfm-fast" waiting="0.00" lane="bottom_1" pos="4.81" speed="28.36" angle="85.87" x="73.51" y="-0.90"/>
        <vehicle id="cfm-slow_0" eclass="HBEFA3/PC_G_EU4" CO2="16710.29" CO="273.35" HC="1.65" NOx="7.40" PMx="0.38" fuel="7.18" electricity="0.00" noise="77.13" route="routebottom" type="cfm-slow" waiting="0.00" lane="bottom_0" pos="23.96" speed="17.52" angle="51.33" x="110.57" y="13.61"/>
        <vehicle id="cfm-slow_1" eclass="HBEFA3/PC_G_EU4" CO2="16923.37" CO="277.70" HC="1.68" NOx="7.50" PMx="0.39" fuel="7.27" electricity="0.00" noise="77.32" route="routebottom" type="cfm-slow" waiting="0.00" lane="bottom_0" pos="39.80" speed="17.53" angle="22.96" x="128.77" y="42.00"/>
        <vehicle id="cfm-slow_2" eclass="HBEFA3/PC_G_EU4" CO2="17805.80" CO="295.68" HC="1.78" NOx="7.91" PMx="0.41" fuel="7.65" electricity="0.00" noise="78.10" route="routebottom" type="cfm-slow" waiting="0.00" lane="right_0" pos="5.65" speed="17.59" angle="354.27" x="131.17" y="75.85"/>
        <vehicle id="cfm-slow_3" eclass="HBEFA3/PC_G_EU4" CO2="20873.31" CO="358.10" HC="2.14" NOx="9.35" PMx="0.49" fuel="8.97" electricity="0.00" noise="80.79" route="routebottom" type="cfm-slow" waiting="0.00" lane="right_0" pos="21.57" speed="17.85" angle="325.65" x="117.10" y="106.68"/>
        <vehicle id="cfm-slow_4" eclass="HBEFA3/PC_G_EU4" CO2="29412.20" CO="531.74" HC="3.15" NOx="13.36" PMx="0.72" fuel="12.64" electricity="0.00" noise="87.86" route="routeright" type="cfm-slow" waiting="0.00" lane="right_0" pos="37.77" speed="18.76" angle="296.53" x="89.43" y="127.24"/>
        <vehicle id="cfm-slow_5" eclass="HBEFA3/PC_G_EU4" CO2="45600.58" CO="862.64" HC="5.06" NOx="20.94" PMx="1.14" fuel="19.60" electricity="0.00" noise="98.66" route="routetop" type="cfm-slow" waiting="0.00" lane="top_0" pos="4.95" speed="21.28" angle="265.63" x="52.97" y="131.43"/>
    </timestep>
    <timestep time="2.09">
        <vehicle id="cfm-fast_0" eclass="HBEFA3/PC_G_EU4" CO2="46650.76" CO="894.40" HC="5.23" NOx="21.33" PMx="1.18" fuel="20.05" electricity="0.00" noise="94.71" route="routetop" type="cfm-fast" waiting="0.00" lane="top_0" pos="25.07" speed="26.08" angle="229.38" x="15.05" y="112.06"/>
        <vehicle id="cfm-fast_1" eclass="HBEFA3/PC_G_EU4" CO2="104942.51" CO="2104.37" HC="12.19" NOx="48.79" PMx="2.71" fuel="45.11" electricity="0.00" noise="128.42" route="routetop" type="cfm-fast" waiting="0.00" lane="top_1" pos="41.25" speed="28.07" angle="200.25" x="0.82" y="81.41"/>
        <vehicle id="cfm-fast_2" eclass="HBEFA3/PC_G_EU4" CO2="34128.41" CO="626.44" HC="3.70" NOx="15.53" PMx="0.84" fuel="14.67" electricity="0.00" noise="89.69" route="routetop" type="cfm-fast" waiting="0.00" lane="left_0" pos="3.76" speed="21.16" angle="177.75" x="-4.46" y="55.49"/>
        <vehicle id="cfm-fast_3" eclass="HBEFA3/PC_G_EU4" CO2="51351.41" CO="982.33" HC="5.75" NOx="23.62" PMx="1.29" fuel="22.07" electricity="0.00" noise="101.02" route="routetop" type="cfm-fast" waiting="0.00" lane="left_0" pos="20.28" speed="22.92" angle="147.93" x="8.53" y="22.84"/>
        <vehicle id="cfm-fast_4" eclass="HBEFA3/PC_G_EU4" CO2="55894.46" CO="1089.54" HC="6.35" NOx="25.66" PMx="1.42" fuel="24.03" electricity="0.00" noise="99.71" route="routeleft" type="cfm-fast" waiting="0.00" lane="left_0" pos="38.69" speed="27.14" angle="114.91" x="39.75" y="-0.64"/>
        <vehicle id="cfm-fast_5" eclass="HBEFA3/PC_G_EU4" CO2="106607.56" CO="2141.22" HC="12.40" NOx="49.56" PMx="2.75" fuel="45.83" electricity="0.00" noise="128.62" route="routebottom" type="cfm-fast" waiting="0.00" lane="bottom_1" pos="5.09" speed="28.50" angle="85.36" x="74.09" y="-0.82"/>
        <vehicle id="cfm-slow_0" eclass="HBEFA3/PC_G_EU4" CO2="16614.12" CO="271.28" HC="1.64" NOx="7.35" PMx="0.38" fuel="7.14" electricity="0.00" noise="77.03" route="routebottom" type="cfm-slow" waiting="0.00" lane="bottom_0" pos="24.14" speed="17.55" angle="51.01" x="110.85" y="13.86"/>
        <vehicle id="cfm-slow_1" eclass="HBEFA3/PC_G_EU4" CO2="16833.73" CO="275.76" HC="1.67" NOx="7.45" PMx="0.39" fuel="7.24" electricity="0.00" noise="77.22" route="routebottom" type="cfm-slow" waiting="0.00" lane="bottom_0" pos="39.98" speed="17.56" angle="22.63" x="128.88" y="42.36"/>
        <vehicle id="cfm-slow_2" eclass="HBEFA3/PC_G_EU4" CO2="17737.43" CO="294.18" HC="1.78" NOx="7.88" PMx="0.41" fuel="7.62" electricity="0.00" noise="78.02" route="routebottom" type="cfm-slow" waiting="0.00" lane="right_0" pos="5.83" speed="17.62" angle="353.94" x="131.10" y="76.22"/>
        <vehicle id="cfm-slow_3" eclass="HBEFA3/PC_G_EU4" CO2="20857.02" CO="357.66" HC="2.14" NOx="9.34" PMx="0.49" fuel="8.97" electricity="0.00" noise="80.75" route="routebottom" type="cfm-slow" waiting="0.00" lane="right_0" pos="21.75" speed="17.89" angle="325.36" x="116.86" y="106.98"/>
        <vehicle id="cfm-slow_4" eclass="HBEFA3/PC_G_EU4" CO2="29466.39" CO="532.75" HC="3.15" NOx="13.38" PMx="0.72" fuel="12.67" electricity="0.00" noise="87.85" route="routeright" type="cfm-slow" waiting="0.00" lane="right_0" pos="37.95" speed="18.81" angle="296.19" x="89.05" y="127.39"/>
        <vehicle id="cfm-slow_5" eclass="HBEFA3/PC_G_EU4" CO2="45554.83" CO="861.71" HC="5.05" NOx="20.92" PMx="1.14" fuel="19.58" electricity="0.00" noise="98.53" route="routetop" type="cfm-slow" waiting="0.00" lane="top_0" pos="5.16" speed="21.36" angle="265.20" x="52.52" y="131.36"/>
    </timestep>
    <timestep time="2.10">
        <vehicle id="cfm-fast_0" eclass="HBEFA3/PC_G_EU4" CO2="46039.56" CO="882.07" HC="5.16" NOx="21.04" PMx="1.16" fuel="19.79" electricity="0.00" noise="94.28" route="routetop" type="cfm-fast" waiting="0.00" lane="top_0" pos="25.33" speed="26.14" angle="228.90" x="14.65" y="111.66"/>
        <vehicle id="cfm-fast_1" eclass="HBEFA3/PC_G_EU4" CO2="105469.77" CO="2116.02" HC="12.26" NOx="49.03" PMx="2.72" fuel="45.34" electricity="0.00" noise="128.48" route="routetop" type="cfm-fast" waiting="0.00" lane="top_1" pos="41.53" speed="28.21" angle="199.73" x="0.67" y="80.85"/>
        <vehicle id="cfm-fast_2" eclass="HBEFA3/PC_G_EU4" CO2="34148.93" CO="626.87" HC="3.70" NOx="15.54" PMx="0.84" fuel="14.68" electricity="0.00" noise="89.66" route="routetop" type="cfm-fast" waiting="0.00" lane="left_0" pos="3.97" speed="21.21" angle="177.39" x="-4.40" y="55.04"/>
        <vehicle id="cfm-fast_3" eclass="HBEFA3/PC_G_EU4" CO2="51289.20" CO="981.17" HC="5.74" NOx="23.58" PMx="1.29" fuel="22.05" electricity="0.00" noise="100.88" route="routetop" type="cfm-fast" waiting="0.00" lane="left_0" pos="20.51" speed="23.00" angle="147.56" x="8.82" y="22.44"/>
        <vehicle id="cfm-fast_4" eclass="HBEFA3/PC_G_EU4" CO2="54694.24" CO="1065.19" HC="6.21" NOx="25.10" PMx="1.39" fuel="23.51" electricity="0.00" noise="98.90" route="routeleft" type="cfm-fast" waiting="0.00" lane="left_0" pos="38.96" speed="27.21" angle="114.41" x="40.30" y="-0.84"/>
        <vehicle id="cfm-fast_5" eclass="HBEFA3/PC_G_EU4" CO2="107135.73" CO="2152.94" HC="12.47" NOx="49.81" PMx="2.77" fuel="46.05" electricity="0.00" noise="128.69" route="routebottom" type="cfm-fast" waiting="0.00" lane="bottom_1" pos="5.38" speed="28.64" angle="84.83" x="74.66" y="-0.71"/>
        <vehicle id="cfm-slow_0" eclass="HBEFA3/PC_G_EU4" CO2="16518.50" CO="269.22" HC="1.63" NOx="7.30" PMx="0.38" fuel="7.10" electricity="0.00" noise="76.93" route="routebottom" type="cfm-slow" waiting="0.00" lane="bottom_0" pos="24.32" speed="17.58" angle="50.73" x="111.13" y="14.12"/>
        <vehicle id="cfm-slow_1" eclass="HBEFA3/PC_G_EU4" CO2="16744.77" CO="273.84" HC="1.66" NOx="7.41" PMx="0.39" fuel="7.20" electricity="0.00" noise="77.13" route="routebottom" type="cfm-slow" waiting="0.00" lane="bottom_0" pos="40.15" speed="17.59" angle="22.29" x="129.00" y="42.72"/>
        <vehicle id="cfm-slow_2" eclass="HBEFA3/PC_G_EU4" CO2="17670.04" CO="292.70" HC="1.77" NOx="7.85" PMx="0.41" fuel="7.60" electricity="0.00" noise="77.95" route="routebottom" type="cfm-slow" waiting="0.00" lane="right_0" pos="6.00" speed="17.66" angle="353.61" x="131.03" y="76.60"/>
        <vehicle id="cfm-slow_3" eclass="HBEFA3/PC_G_EU4" CO2="20841.84" CO="357.24" HC="2.14" NOx="9.34" PMx="0.49" fuel="8.96" electricity="0.00" noise="80.71" route="routebottom" type="cfm-slow" waiting="0.00" lane="right_0" pos="21.93" speed="17.93" angle="325.03" x="116.62" y="107.28"/>
        <vehicle id="cfm-slow_4" eclass="HBEFA3/PC_G_EU4" CO2="29520.18" CO="533.75" HC="3.16" NOx="13.41" PMx="0.72" fuel="12.69" electricity="0.00" noise="87.85" route="routeright" type="cfm-slow" waiting="0.00" lane="right_0" pos="38.14" speed="18.86" angle="295.85" x="88.67" y="127.54"/>
        <vehicle id="cfm-slow_5" eclass="HBEFA3/PC_G_EU4" CO2="45504.48" CO="860.69" HC="5.05" NOx="20.89" PMx="1.14" fuel="19.56" electricity="0.00" noise="98.40" route="routetop" type="cfm-slow" waiting="0.00" lane="top_0" pos="5.37" speed="21.43" angle="264.80" x="52.07" y="131.28"/>
    </timestep>
    <timestep time="2.11">
        <vehicle id="cfm-fast_0" eclass="HBEFA3/PC_G_EU4" CO2="45435.22" CO="869.88" HC="5.09" NOx="20.75" PMx="1.15" fuel="19.53" electricity="0.00" noise="93.84" route="routetop" type="cfm-fast" waiting="0.00" lane="top_0" pos="25.59" speed="26.20" angle="228.46" x="14.25" y="111.26"/>
        <vehicle id="cfm-fast_1" eclass="HBEFA3/PC_G_EU4" CO2="105997.32" CO="2127.70" HC="12.33" NOx="49.28" PMx="2.74" fuel="45.56" electricity="0.00" noise="128.55" route="routetop" type="cfm-fast" waiting="0.00" lane="top_1" pos="41.81" speed="28.34" angle="199.21" x="0.52" y="80.29"/>
        <vehicle id="cfm-fast_2" eclass="HBEFA3/PC_G_EU4" CO2="34169.34" CO="627.29" HC="3.70" NOx="15.55" PMx="0.84" fuel="14.69" electricity="0.00" noise="89.62" route="routetop" type="cfm-fast" waiting="0.00" lane="left_0" pos="4.19" speed="21.27" angle="177.00" x="-4.34" y="54.59"/>
        <vehicle id="cfm-fast_3" eclass="HBEFA3/PC_G_EU4" CO2="51217.98" CO="979.83" HC="5.73" NOx="23.55" PMx="1.29" fuel="22.02" electricity="0.00" noise="100.73" route="routetop" type="cfm-fast" waiting="0.00" lane="left_0" pos="20.74" speed="23.07" angle="147.14" x="9.12" y="22.05"/>
        <vehicle id="cfm-fast_4" eclass="HBEFA3/PC_G_EU4" CO2="53503.53" CO="1041.02" HC="6.07" NOx="24.53" PMx="1.36" fuel="23.00" electricity="0.00" noise="98.11" route="routeleft" type="cfm-fast" waiting="0.00" lane="left_0" pos="39.23" speed="27.28" angle="113.90" x="40.85" y="-1.03"/>
        <vehicle id="cfm-fast_5" eclass="HBEFA3/PC_G_EU4" CO2="107664.21" CO="2164.68" HC="12.54" NOx="50.06" PMx="2.78" fuel="46.28" electricity="0.00" noise="128.75" route="routebottom" type="cfm-fast" waiting="0.00" lane="bottom_1" pos="5.67" speed="28.77" angle="84.29" x="75.24" y="-0.60"/>
        <vehicle id="cfm-slow_0" eclass="HBEFA3/PC_G_EU4" CO2="16423.42" CO="267.17" HC="1.62" NOx="7.26" PMx="0.38" fuel="7.06" electricity="0.00" noise="76.83" route="routebottom" type="cfm-slow" waiting="0.00" lane="bottom_0" pos="24.49" speed="17.61" angle="50.43" x="111.40" y="14.39"/>
        <vehicle id="cfm-slow_1" eclass="HBEFA3/PC_G_EU4" CO2="16656.50" CO="271.93" HC="1.65" NOx="7.37" PMx="0.38" fuel="7.16" electricity="0.00" noise="77.04" route="routebottom" type="cfm-slow" waiting="0.00" lane="bottom_0" pos="40.33" speed="17.62" angle="21.96" x="129.11" y="43.08"/>
        <vehicle id="cfm-slow_2" eclass="HBEFA3/PC_G_EU4" CO2="17603.62" CO="291.24" HC="1.76" NOx="7.81" PMx="0.41" fuel="7.57" electricity="0.00" noise="77.87" route="routebottom" type="cfm-slow" waiting="0.00" lane="right_0" pos="6.18" speed="17.69" angle="353.28" x="130.96" y="76.97"/>
        <vehicle id="cfm-slow_3" eclass="HBEFA3/PC_G_EU4" CO2="20827.76" CO="356.85" HC="2.14" NOx="9.33" PMx="0.49" fuel="8.95" electricity="0.00" noise="80.68" route="routebottom" type="cfm-slow" waiting="0.00" lane="right_0" pos="22.11" speed="17.96" angle="324.69" x="116.37" y="107.57"/>
        <vehicle id="cfm-slow_4" eclass="HBEFA3/PC_G_EU4" CO2="29573.54" CO="534.75" HC="3.17" NOx="13.43" PMx="0.72" fuel="12.71" electricity="0.00" noise="87.85" route="routeright" type="cfm-slow" waiting="0.00" lane="right_0" pos="38.33" speed="18.92" angle="295.51" x="88.30" y="127.69"/>
        <vehicle id="cfm-slow_5" eclass="HBEFA3/PC_G_EU4" CO2="45449.62" CO="859.58" HC="5.04" NOx="20.86" PMx="1.14" fuel="19.54" electricity="0.00" noise="98.26" route="routetop" type="cfm-slow" waiting="0.00" lane="top_0" pos="5.59" speed="21.51" angle="264.40" x="51.61" y="131.20"/>
    </timestep>
    <timestep time="2.12">
        <vehicle id="cfm-fast_0" eclass="HBEFA3/PC_G_EU4" CO2="44837.77" CO="857.83" HC="5.02" NOx="20.47" PMx="1.13" fuel="19.27" electricity="0.00" noise="93.42" route="routetop" type="cfm-fast" waiting="0.00" lane="top_0" pos="25.86" speed="26.26" angle="228.00" x="13.87" y="110.85"/>
        <vehicle id="cfm-fast_1" eclass="HBEFA3/PC_G_EU4" CO2="106525.16" CO="2139.39" HC="12.39" NOx="49.53" PMx="2.75" fuel="45.79" electricity="0.00" noise="128.61" route="routetop" type="cfm-fast" waiting="0.00" lane="top_1" pos="42.10" speed="28.48" angle="198.69" x="0.36" y="79.73"/>
        <vehicle id="cfm-fast_2" eclass="HBEFA3/PC_G_EU4" CO2="34189.58" CO="627.71" HC="3.71" NOx="15.55" PMx="0.84" fuel="14.70" electricity="0.00" noise="89.60" route="routetop" type="cfm-fast" waiting="0.00" lane="left_0" pos="4.40" speed="21.32" angle="176.61" x="-4.27" y="54.13"/>
        <vehicle id="cfm-fast_3" eclass="HBEFA3/PC_G_EU4" CO2="51137.87" CO="978.31" HC="5.72" NOx="23.51" PMx="1.29" fuel="21.98" electricity="0.00" noise="100.58" route="routetop" type="cfm-fast" waiting="0.00" lane="left_0" pos="20.97" speed="23.15" angle="146.71" x="9.43" y="21.66"/>
        <vehicle id="cfm-fast_4" eclass="HBEFA3/PC_G_EU4" CO2="52322.56" CO="1017.05" HC="5.93" NOx="23.97" PMx="1.33" fuel="22.49" electricity="0.00" noise="97.33" route="routeleft" type="cfm-fast" waiting="0.00" lane="left_0" pos="39.51" speed="27.34" angle="113.40" x="41.40" y="-1.23"/>
        <vehicle id="cfm-fast_5" eclass="HBEFA3/PC_G_EU4" CO2="108192.97" CO="2176.44" HC="12.60" NOx="50.30" PMx="2.80" fuel="46.51" electricity="0.00" noise="128.82" route="routebottom" type="cfm-fast" waiting="0.00" lane="bottom_1" pos="5.95" speed="28.91" angle="83.74" x="75.83" y="-0.50"/>
        <vehicle id="cfm-slow_0" eclass="HBEFA3/PC_G_EU4" CO2="16328.88" CO="265.14" HC="1.61" NOx="7.21" PMx="0.37" fuel="7.02" electricity="0.00" noise="76.74" route="routebottom" type="cfm-slow" waiting="0.00" lane="bottom_0" pos="24.67" speed="17.64" angle="50.10" x="111.66" y="14.65"/>
        <vehicle id="cfm-slow_1" eclass="HBEFA3/PC_G_EU4" CO2="16568.92" CO="270.04" HC="1.64" NOx="7.33" PMx="0.38" fuel="7.12" electricity="0.00" noise="76.95" route="routebottom" type="cfm-slow" waiting="0.00" lane="bottom_0" pos="40.51" speed="17.65" angle="21.62" x="129.22" y="43.45"/>
        <vehicle id="cfm-slow_2" eclass="HBEFA3/PC_G_EU4" CO2="17538.19" CO="289.80" HC="1.75" NOx="7.78" PMx="0.41" fuel="7.54" electricity="0.00" noise="77.80" route="routebottom" type="cfm-slow" waiting="0.00" lane="right_0" pos="6.36" speed="17.72" angle="353.00" x="130.90" y="77.35"/>
        <vehicle id="cfm-slow_3" eclass="HBEFA3/PC_G_EU4" CO2="20814.77" CO="356.48" HC="2.14" NOx="9.32" PMx="0.49" fuel="8.95" electricity="0.00" noise="80.64" route="routebottom" type="cfm-slow" waiting="0.00" lane="right_0" pos="22.29" speed="18.00" angle="324.35" x="116.12" y="107.87"/>
        <vehicle id="cfm-slow_4" eclass="HBEFA3/PC_G_EU4" CO2="29626.44" CO="535.74" HC="3.17" NOx="13.46" PMx="0.72" fuel="12.73" electricity="0.00" noise="87.84" route="routeright" type="cfm-slow" waiting="0.00" lane="right_0" pos="38.52" speed="18.97" angle="295.22" x="87.92" y="127.84"/>
        <vehicle id="cfm-slow_5" eclass="HBEFA3/PC_G_EU4" CO2="45390.33" CO="858.38" HC="5.03" NOx="20.83" PMx="1.14" fuel="19.51" electricity="0.00" noise="98.12" route="routetop" type="cfm-slow" waiting="0.00" lane="top_0" pos="5.80" speed="21.58" angle="263.99" x="51.15" y="131.11"/>
    </timestep>
    <timestep time="2.13">
        <vehicle id="cfm-fast_0" eclass="HBEFA3/PC_G_EU4" CO2="44247.26" CO="845.92" HC="4.95" NOx="20.19" PMx="1.12" fuel="19.02" electricity="0.00" noise="93.00" route="routetop" type="cfm-fast" waiting="0.00" lane="top_0" pos="26.12" speed="26.32" angle="227.51" x="13.48" y="110.44"/>
        <vehicle id="cfm-fast_1" eclass="HBEFA3/PC_G_EU4" CO2="107053.29" CO="2151.11" HC="12.46" NOx="49.77" PMx="2.76" fuel="46.02" electricity="0.00" noise="128.68" route="routetop" type="cfm-fast" waiting="0.00" lane="top_1" pos="42.38" speed="28.62" angle="198.23" x="0.22" y="79.16"/>
        <vehicle id="cfm-fast_2" eclass="HBEFA3/PC_G_EU4" CO2="34209.58" CO="628.13" HC="3.71" NOx="15.56" PMx="0.84" fuel="14.70" electricity="0.00" noise="89.57" route="routetop" type="cfm-fast" waiting="0.00" lane="left_0" pos="4.61" speed="21.38" angle="176.23" x="-4.21" y="53.68"/>
        <vehicle id="cfm-fast_3" eclass="HBEFA3/PC_G_EU4" CO2="51049.00" CO="976.61" HC="5.71" NOx="23.47" PMx="1.29" fuel="21.94" electricity="0.00" noise="100.42" route="routetop" type="cfm-fast" waiting="0.00" lane="left_0" pos="21.20" speed="23.23" angle="146.29" x="9.74" y="21.26"/>
        <vehicle id="cfm-fast_4" eclass="HBEFA3/PC_G_EU4" CO2="51151.55" CO="993.27" HC="5.80" NOx="23.42" PMx="1.30" fuel="21.99" electricity="0.00" noise="96.56" route="routeleft" type="cfm-fast" waiting="0.00" lane="left_0" pos="39.78" speed="27.41" angle="112.96" x="41.96" y="-1.43"/>
        <vehicle id="cfm-fast_5" eclass="HBEFA3/PC_G_EU4" CO2="108722.02" CO="2188.22" HC="12.67" NOx="50.55" PMx="2.81" fuel="46.73" electricity="0.00" noise="128.88" route="routebottom" type="cfm-fast" waiting="0.00" lane="bottom_1" pos="6.25" speed="29.05" angle="83.19" x="76.41" y="-0.39"/>
        <vehicle id="cfm-slow_0" eclass="HBEFA3/PC_G_EU4" CO2="16234.91" CO="263.12" HC="1.60" NOx="7.17" PMx="0.37" fuel="6.98" electricity="0.00" noise="76.64" route="routebottom" type="cfm-slow" waiting="0.00" lane="bottom_0" pos="24.84" speed="17.67" angle="49.77" x="111.93" y="14.92"/>
        <vehicle id="cfm-slow_1" eclass="HBEFA3/PC_G_EU4" CO2="16482.05" CO="268.16" HC="1.63" NOx="7.28" PMx="0.38" fuel="7.08" electricity="0.00" noise="76.86" route="routebottom" type="cfm-slow" waiting="0.00" lane="bottom_0" pos="40.68" speed="17.68" angle="21.28" x="129.33" y="43.81"/>
        <vehicle id="cfm-slow_2" eclass="HBEFA3/PC_G_EU4" CO2="17473.75" CO="288.38" HC="1.74" NOx="7.75" PMx="0.40" fuel="7.51" electricity="0.00" noise="77.73" route="routebottom" type="cfm-slow" waiting="0.00" lane="right_0" pos="6.54" speed="17.75" angle="352.68" x="130.81" y="77.72"/>
        <vehicle id="cfm-slow_3" eclass="HBEFA3/PC_G_EU4" CO2="20802.85" CO="356.14" HC="2.13" NOx="9.31" PMx="0.49" fuel="8.94" electricity="0.00" noise="80.61" route="routebottom" type="cfm-slow" waiting="0.00" lane="right_0" pos="22.47" speed="18.04" angle="324.01" x="115.86" y="108.17"/>
        <vehicle id="cfm-slow_4" eclass="HBEFA3/PC_G_EU4" CO2="29678.84" CO="536.72" HC="3.18" NOx="13.48" PMx="0.72" fuel="12.76" electricity="0.00" noise="87.84" route="routeright" type="cfm-slow" waiting="0.00" lane="right_0" pos="38.71" speed="19.03" angle="294.87" x="87.53" y="127.98"/>
        <vehicle id="cfm-slow_5" eclass="HBEFA3/PC_G_EU4" CO2="45326.68" CO="857.10" HC="5.03" NOx="20.80" PMx="1.14" fuel="19.48" electricity="0.00" noise="97.99" route="routetop" type="cfm-slow" waiting="0.00" lane="top_0" pos="6.02" speed="21.65" angle="263.59" x="50.70" y="131.03"/>
    </timestep>
    <timestep time="2.14">
        <vehicle id="cfm-fast_0" eclass="HBEFA3/PC_G_EU4" CO2="43663.71" CO="834.15" HC="4.89" NOx="19.91" PMx="1.10" fuel="18.77" electricity="0.00" noise="92.60" route="routetop" type="cfm-fast" waiting="0.00" lane="top_0" pos="26.38" speed="26.37" angle="227.02" x="13.10" y="110.02"/>
        <vehicle id="cfm-fast_1" eclass="HBEFA3/PC_G_EU4" CO2="107581.72" CO="2162.84" HC="12.53" NOx="50.02" PMx="2.78" fuel="46.24" electricity="0.00" noise="128.74" route="routetop" type="cfm-fast" waiting="0.00" lane="top_1" pos="42.67" speed="28.75" angle="197.71" x="0.09" y="78.58"/>
        <vehicle id="cfm-fast_2" eclass="HBEFA3/PC_G_EU4" CO2="34229.26" CO="628.55" HC="3.71" NOx="15.57" PMx="0.85" fuel="14.71" electricity="0.00" noise="89.54" route="routetop" type="cfm-fast" waiting="0.00" lane="left_0" pos="4.83" speed="21.44" angle="175.84" x="-4.15" y="53.22"/>
        <vehicle id="cfm-fast_3" eclass="HBEFA3/PC_G_EU4" CO2="50951.47" CO="974.74" HC="5.70" NOx="23.42" PMx="1.28" fuel="21.90" electricity="0.00" noise="100.26" route="routetop" type="cfm-fast" waiting="0.00" lane="left_0" pos="21.44" speed="23.31" angle="145.86" x="10.05" y="20.87"/>
        <vehicle id="cfm-fast_4" eclass="HBEFA3/PC_G_EU4" CO2="49990.70" CO="969.70" HC="5.66" NOx="22.87" PMx="1.27" fuel="21.49" electricity="0.00" noise="95.80" route="routeleft" type="cfm-fast" waiting="0.00" lane="left_0" pos="40.06" speed="27.47" angle="112.45" x="42.52" y="-1.60"/>
        <vehicle id="cfm-fast_5" eclass="HBEFA3/PC_G_EU4" CO2="109251.37" CO="2200.03" HC="12.74" NOx="50.80" PMx="2.82" fuel="46.96" electricity="0.00" noise="128.95" route="routebottom" type="cfm-fast" waiting="0.00" lane="bottom_1" pos="6.54" speed="29.18" angle="82.71" x="77.00" y="-0.27"/>
        <vehicle id="cfm-slow_0" eclass="HBEFA3/PC_G_EU4" CO2="16141.49" CO="261.11" HC="1.58" NOx="7.12" PMx="0.37" fuel="6.94" electricity="0.00" noise="76.55" route="routebottom" type="cfm-slow" waiting="0.00" lane="bottom_0" pos="25.02" speed="17.70" angle="49.44" x="112.20" y="15.19"/>
        <vehicle id="cfm-slow_1" eclass="HBEFA3/PC_G_EU4" CO2="16395.88" CO="266.31" HC="1.61" NOx="7.24" PMx="0.38" fuel="7.05" electricity="0.00" noise="76.77" route="routebottom" type="cfm-slow" waiting="0.00" lane="bottom_0" pos="40.86" speed="17.71" angle="20.94" x="129.44" y="44.18"/>
        <vehicle id="cfm-slow_2" eclass="HBEFA3/PC_G_EU4" CO2="17410.29" CO="286.98" HC="1.73" NOx="7.72" PMx="0.40" fuel="7.48" electricity="0.00" noise="77.66" route="routebottom" type="cfm-slow" waiting="0.00" lane="right_0" pos="6.71" speed="17.78" angle="352.35" x="130.73" y="78.09"/>
        <vehicle id="cfm-slow_3" eclass="HBEFA3/PC_G_EU4" CO2="20791.99" CO="355.81" HC="2.13" NOx="9.31" PMx="0.49" fuel="8.94" electricity="0.00" noise="80.58" route="routebottom" type="cfm-slow" waiting="0.00" lane="right_0" pos="22.65" speed="18.08" angle="323.67" x="115.61" y="108.46"/>
        <vehicle id="cfm-slow_4" eclass="HBEFA3/PC_G_EU4" CO2="29730.73" CO="537.70" HC="3.18" NOx="13.50" PMx="0.73" fuel="12.78" electricity="0.00" noise="87.84" route="routeright" type="cfm-slow" waiting="0.00" lane="right_0" pos="38.90" speed="19.08" angle="294.53" x="87.15" y="128.12"/>
        <vehicle id="cfm-slow_5" eclass="HBEFA3/PC_G_EU4" CO2="45258.74" CO="855.73" HC="5.02" NOx="20.77" PMx="1.13" fuel="19.45" electricity="0.00" noise="97.85" route="routetop" type="cfm-slow" waiting="0.00" lane="top_0" pos="6.24" speed="21.73" angle="263.18" x="50.24" y="130.94"/>
    </timestep>
    <timestep time="2.15">
        <vehicle id="cfm-fast_0" eclass="HBEFA3/PC_G_EU4" CO2="43087.14" CO="822.52" HC="4.82" NOx="19.64" PMx="1.09" fuel="18.52" electricity="0.00" noise="92.19" route="routetop" type="cfm-fast" waiting="0.00" lane="top_0" pos="26.65" speed="26.43" angle="226.53" x="12.71" y="109.60"/>
        <vehicle id="cfm-fast_1" eclass="HBEFA3/PC_G_EU4" CO2="108110.44" CO="2174.60" HC="12.59" NOx="50.26" PMx="2.79" fuel="46.47" electricity="0.00" noise="128.81" route="routetop" type="cfm-fast" waiting="0.00" lane="top_1" pos="42.96" speed="28.89" angle="197.19" x="-0.04" y="78.01"/>
        <vehicle id="cfm-fast_2" eclass="HBEFA3/PC_G_EU4" CO2="34248.56" CO="628.96" HC="3.71" NOx="15.58" PMx="0.85" fuel="14.72" electricity="0.00" noise="89.51" route="routetop" type="cfm-fast" waiting="0.00" lane="left_0" pos="5.04" speed="21.49" angle="175.39" x="-4.08" y="52.76"/>
        <vehicle id="cfm-fast_3" eclass="HBEFA3/PC_G_EU4" CO2="50845.41" CO="972.70" HC="5.69" NOx="23.37" PMx="1.28" fuel="21.86" electricity="0.00" noise="100.09" route="routetop" type="cfm-fast" waiting="0.00" lane="left_0" pos="21.67" speed="23.39" angle="145.44" x="10.36" y="20.47"/>
        <vehicle id="cfm-fast_4" eclass="HBEFA3/PC_G_EU4" CO2="48840.21" CO="946.34" HC="5.53" NOx="22.33" PMx="1.24" fuel="20.99" electricity="0.00" noise="95.05" route="routeleft" type="cfm-fast" waiting="0.00" lane="left_0" pos="40.33" speed="27.53" angle="111.93" x="43.09" y="-1.78"/>
        <vehicle id="cfm-fast_5" eclass="HBEFA3/PC_G_EU4" CO2="109781.01" CO="2211.86" HC="12.81" NOx="51.04" PMx="2.84" fuel="47.19" electricity="0.00" noise="129.01" route="routebottom" type="cfm-fast" waiting="0.00" lane="bottom_1" pos="6.83" speed="29.32" angle="82.17" x="77.59" y="-0.14"/>
        <vehicle id="cfm-slow_0" eclass="HBEFA3/PC_G_EU4" CO2="16048.63" CO="259.12" HC="1.57" NOx="7.08" PMx="0.37" fuel="6.90" electricity="0.00" noise="76.46" route="routebottom" type="cfm-slow" waiting="0.00" lane="bottom_0" pos="25.20" speed="17.73" angle="49.11" x="112.47" y="15.46"/>
        <vehicle id="cfm-slow_1" eclass="HBEFA3/PC_G_EU4" CO2="16310.43" CO="264.46" HC="1.60" NOx="7.20" PMx="0.37" fuel="7.01" electricity="0.00" noise="76.69" route="routebottom" type="cfm-slow" waiting="0.00" lane="bottom_0" pos="41.04" speed="17.74" angle="20.67" x="129.56" y="44.54"/>
        <vehicle id="cfm-slow_2" eclass="HBEFA3/PC_G_EU4" CO2="17347.83" CO="285.61" HC="1.73" NOx="7.69" PMx="0.40" fuel="7.46" electricity="0.00" noise="77.59" route="routebottom" type="cfm-slow" waiting="0.00" lane="right_0" pos="6.89" speed="17.82" angle="352.01" x="130.65" y="78.47"/>
        <vehicle id="cfm-slow_3" eclass="HBEFA3/PC_G_EU4" CO2="20782.19" CO="355.51" HC="2.13" NOx="9.30" PMx="0.49" fuel="8.93" electricity="0.00" noise="80.55" route="routebottom" type="cfm-slow" waiting="0.00" lane="right_0" pos="22.83" speed="18.12" angle="323.32" x="115.36" y="108.76"/>
        <vehicle id="cfm-slow_4" eclass="HBEFA3/PC_G_EU4" CO2="29782.07" CO="538.66" HC="3.19" NOx="13.53" PMx="0.73" fuel="12.80" electricity="0.00" noise="87.83" route="routeright" type="cfm-slow" waiting="0.00" lane="right_0" pos="39.09" speed="19.13" angle="294.18" x="86.76" y="128.26"/>
        <vehicle id="cfm-slow_5" eclass="HBEFA3/PC_G_EU4" CO2="45186.60" CO="854.29" HC="5.01" NOx="20.73" PMx="1.13" fuel="19.42" electricity="0.00" noise="97.70" route="routetop" type="cfm-slow" waiting="0.00" lane="top_0" pos="6.46" speed="21.80" angle="262.84" x="49.78" y="130.85"/>
    </timestep>
    <timestep time="2.16">
        <vehicle id="cfm-fast_0" eclass="HBEFA3/PC_G_EU4" CO2="42517.57" CO="811.04" HC="4.75" NOx="19.37" PMx="1.07" fuel="18.28" electricity="0.00" noise="91.80" route="routetop" type="cfm-fast" waiting="0.00" lane="top_0" pos="26.91" speed="26.48" angle="226.09" x="12.33" y="109.18"/>
        <vehicle id="cfm-fast_1" eclass="HBEFA3/PC_G_EU4" CO2="108639.44" CO="2186.38" HC="12.66" NOx="50.51" PMx="2.81" fuel="46.70" electricity="0.00" noise="128.87" route="routetop" type="cfm-fast" waiting="0.00" lane="top_1" pos="43.25" speed="29.02" angle="196.66" x="-0.17" y="77.42"/>
        <vehicle id="cfm-fast_2" eclass="HBEFA3/PC_G_EU4" CO2="34267.42" CO="629.37" HC="3.71" NOx="15.59" PMx="0.85" fuel="14.73" electricity="0.00" noise="89.48" route="routetop" type="cfm-fast" waiting="0.00" lane="left_0" pos="5.26" speed="21.55" angle="175.02" x="-4.00" y="52.31"/>
        <vehicle id="cfm-fast_3" eclass="HBEFA3/PC_G_EU4" CO2="50730.94" CO="970.49" HC="5.68" NOx="23.31" PMx="1.28" fuel="21.81" electricity="0.00" noise="99.92" route="routetop" type="cfm-fast" waiting="0.00" lane="left_0" pos="21.91" speed="23.46" angle="145.05" x="10.68" y="20.08"/>
        <vehicle id="cfm-fast_4" eclass="HBEFA3/PC_G_EU4" CO2="47700.24" CO="923.19" HC="5.39" NOx="21.79" PMx="1.21" fuel="20.50" electricity="0.00" noise="94.32" route="routeleft" type="cfm-fast" waiting="0.00" lane="left_0" pos="40.61" speed="27.59" angle="111.41" x="43.66" y="-1.95"/>
        <vehicle id="cfm-fast_5" eclass="HBEFA3/PC_G_EU4" CO2="110310.94" CO="2223.71" HC="12.87" NOx="51.29" PMx="2.85" fuel="47.42" electricity="0.00" noise="129.08" route="routebottom" type="cfm-fast" waiting="0.00" lane="bottom_1" pos="7.12" speed="29.45" angle="81.63" x="78.17" y="-0.00"/>
        <vehicle id="cfm-slow_0" eclass="HBEFA3/PC_G_EU4" CO2="15956.34" CO="257.14" HC="1.56" NOx="7.03" PMx="0.37" fuel="6.86" electricity="0.00" noise="76.37" route="routebottom" type="cfm-slow" waiting="0.00" lane="bottom_0" pos="25.38" speed="17.75" angle="48.78" x="112.74" y="15.73"/>
        <vehicle id="cfm-slow_1" eclass="HBEFA3/PC_G_EU4" CO2="16225.69" CO="262.64" HC="1.59" NOx="7.16" PMx="0.37" fuel="6.97" electricity="0.00" noise="76.60" route="routebottom" type="cfm-slow" waiting="0.00" lane="bottom_0" pos="41.21" speed="17.77" angle="20.35" x="129.66" y="44.91"/>
        <vehicle id="cfm-slow_2" eclass="HBEFA3/PC_G_EU4" CO2="17286.36" CO="284.26" HC="1.72" NOx="7.66" PMx="0.40" fuel="7.43" electricity="0.00" noise="77.52" route="routebottom" type="cfm-slow" waiting="0.00" lane="right_0" pos="7.07" speed="17.85" angle="351.68" x="130.56" y="78.84"/>
        <vehicle id="cfm-slow_3" eclass="HBEFA3/PC_G_EU4" CO2="20773.42" CO="355.24" HC="2.13" NOx="9.30" PMx="0.49" fuel="8.93" electricity="0.00" noise="80.52" route="routebottom" type="cfm-slow" waiting="0.00" lane="right_0" pos="23.01" speed="18.16" angle="323.02" x="115.11" y="109.06"/>
        <vehicle id="cfm-slow_4" eclass="HBEFA3/PC_G_EU4" CO2="29832.82" CO="539.62" HC="3.19" NOx="13.55" PMx="0.73" fuel="12.82" electricity="0.00" noise="87.83" route="routeright" type="cfm-slow" waiting="0.00" lane="right_0" pos="39.29" speed="19.19" angle="293.83" x="86.37" y="128.40"/>
        <vehicle id="cfm-slow_5" eclass="HBEFA3/PC_G_EU4" CO2="45110.33" CO="852.76" HC="5.00" NOx="20.69" PMx="1.13" fuel="19.39" electricity="0.00" noise="97.56" route="routetop" type="cfm-slow" waiting="0.00" lane="top_0" pos="6.67" speed="21.87" angle="262.43" x="49.32" y="130.75"/>
    </timestep>
    <timestep time="2.17">
        <vehicle id="cfm-fast_0" eclass="HBEFA3/PC_G_EU4" CO2="41955.02" CO="799.70" HC="4.69" NOx="19.10" PMx="1.06" fuel="18.03" electricity="0.00" noise="91.41" route="routetop" type="cfm-fast" waiting="0.00" lane="top_0" pos="27.18" speed="26.54" angle="225.60" x="11.96" y="108.75"/>
        <vehicle id="cfm-fast_1" eclass="HBEFA3/PC_G_EU4" CO2="109168.75" CO="2198.19" HC="12.73" NOx="50.76" PMx="2.82" fuel="46.93" electricity="0.00" noise="128.94" route="routetop" type="cfm-fast" waiting="0.00" lane="top_1" pos="43.54" speed="29.16" angle="196.17" x="-0.30" y="76.84"/>
        <vehicle id="cfm-fast_2" eclass="HBEFA3/PC_G_EU4" CO2="34285.76" CO="629.76" HC="3.72" NOx="15.59" PMx="0.85" fuel="14.74" electricity="0.00" noise="89.45" route="routetop" type="cfm-fast" waiting="0.00" lane="left_0" pos="5.48" speed="21.60" angle="174.63" x="-3.92" y="51.85"/>
        <vehicle id="cfm-fast_3" eclass="HBEFA3/PC_G_EU4" CO2="50608.19" CO="968.11" HC="5.66" NOx="23.25" PMx="1.28" fuel="21.75" electricity="0.00" noise="99.75" route="routetop" type="cfm-fast" waiting="0.00" lane="left_0" pos="22.14" speed="23.54" angle="144.61" x="11.01" y="19.70"/>
        <vehicle id="cfm-fast_4" eclass="HBEFA3/PC_G_EU4" CO2="46570.98" CO="900.25" HC="5.26" NOx="21.25" PMx="1.18" fuel="20.02" electricity="0.00" noise="93.60" route="routeleft" type="cfm-fast" waiting="0.00" lane="left_0" pos="40.88" speed="27.65" angle="110.89" x="44.23" y="-2.13"/>
        <vehicle id="cfm-fast_5" eclass="HBEFA3/PC_G_EU4" CO2="110841.17" CO="2235.58" HC="12.94" NOx="51.54" PMx="2.87" fuel="47.64" electricity="0.00" noise="129.14" route="routebottom" type="cfm-fast" waiting="0.00" lane="bottom_1" pos="7.42" speed="29.59" angle="81.09" x="78.77" y="0.13"/>
        <vehicle id="cfm-slow_0" eclass="HBEFA3/PC_G_EU4" CO2="15864.62" CO="255.17" HC="1.55" NOx="6.99" PMx="0.36" fuel="6.82" electricity="0.00" noise="76.28" route="routebottom" type="cfm-slow" waiting="0.00" lane="bottom_0" pos="25.55" speed="17.78" angle="48.47" x="113.01" y="16.00"/>
        <vehicle id="cfm-slow_1" eclass="HBEFA3/PC_G_EU4" CO2="16141.67" CO="260.82" HC="1.58" NOx="7.12" PMx="0.37" fuel="6.94" electricity="0.00" noise="76.52" route="routebottom" type="cfm-slow" waiting="0.00" lane="bottom_0" pos="41.39" speed="17.80" angle="20.03" x="129.76" y="45.28"/>
        <vehicle id="cfm-slow_2" eclass="HBEFA3/PC_G_EU4" CO2="17225.89" CO="282.93" HC="1.71" NOx="7.63" PMx="0.40" fuel="7.40" electricity="0.00" noise="77.46" route="routebottom" type="cfm-slow" waiting="0.00" lane="right_0" pos="7.25" speed="17.88" angle="351.34" x="130.48" y="79.22"/>
        <vehicle id="cfm-slow_3" eclass="HBEFA3/PC_G_EU4" CO2="20765.67" CO="354.98" HC="2.13" NOx="9.29" PMx="0.49" fuel="8.93" electricity="0.00" noise="80.49" route="routebottom" type="cfm-slow" waiting="0.00" lane="right_0" pos="23.19" speed="18.19" angle="322.73" x="114.85" y="109.35"/>
        <vehicle id="cfm-slow_4" eclass="HBEFA3/PC_G_EU4" CO2="29882.97" CO="540.56" HC="3.20" NOx="13.57" PMx="0.73" fuel="12.85" electricity="0.00" noise="87.83" route="routeright" type="cfm-slow" waiting="0.00" lane="right_0" pos="39.48" speed="19.24" angle="293.49" x="85.98" y="128.54"/>
        <vehicle id="cfm-slow_5" eclass="HBEFA3/PC_G_EU4" CO2="45030.01" CO="851.15" HC="4.99" NOx="20.65" PMx="1.13" fuel="19.36" electricity="0.00" noise="97.41" route="routetop" type="cfm-slow" waiting="0.00" lane="top_0" pos="6.89" speed="21.95" angle="262.01" x="48.86" y="130.65"/>
    </timestep>
    <timestep time="2.18">
        <vehicle id="cfm-fast_0" eclass="HBEFA3/PC_G_EU4" CO2="41399.50" CO="788.50" HC="4.62" NOx="18.84" PMx="1.04" fuel="17.80" electricity="0.00" noise="91.03" route="routetop" type="cfm-fast" waiting="0.00" lane="top_0" pos="27.44" speed="26.59" angle="225.10" x="11.59" y="108.31"/>
        <vehicle id="cfm-fast_1" eclass="HBEFA3/PC_G_EU4" CO2="109698.34" CO="2210.01" HC="12.79" NOx="51.00" PMx="2.84" fuel="47.15" electricity="0.00" noise="129.00" route="routetop" type="cfm-fast" waiting="0.00" lane="top_1" pos="43.83" speed="29.30" angle="195.65" x="-0.42" y="76.25"/>
        <vehicle id="cfm-fast_2" eclass="HBEFA3/PC_G_EU4" CO2="34303.54" CO="630.15" HC="3.72" NOx="15.60" PMx="0.85" fuel="14.75" electricity="0.00" noise="89.42" route="routetop" type="cfm-fast" waiting="0.00" lane="left_0" pos="5.69" speed="21.65" angle="174.23" x="-3.84" y="51.39"/>
        <vehicle id="cfm-fast_3" eclass="HBEFA3/PC_G_EU4" CO2="50477.27" CO="965.57" HC="5.65" NOx="23.19" PMx="1.27" fuel="21.70" electricity="0.00" noise="99.57" route="routetop" type="cfm-fast" waiting="0.00" lane="left_0" pos="22.38" speed="23.61" angle="144.17" x="11.34" y="19.31"/>
        <vehicle id="cfm-fast_4" eclass="HBEFA3/PC_G_EU4" CO2="45452.56" CO="877.53" HC="5.13" NOx="20.72" PMx="1.15" fuel="19.54" electricity="0.00" noise="92.88" route="routeleft" type="cfm-fast" waiting="0.00" lane="left_0" pos="41.16" speed="27.71" angle="110.44" x="44.80" y="-2.30"/>
        <vehicle id="cfm-fast_5" eclass="HBEFA3/PC_G_EU4" CO2="111371.68" CO="2247.47" HC="13.01" NOx="51.78" PMx="2.88" fuel="47.87" electricity="0.00" noise="129.21" route="routebottom" type="cfm-fast" waiting="0.00" lane="bottom_1" pos="7.72" speed="29.73" angle="80.60" x="79.36" y="0.27"/>
        <vehicle id="cfm-slow_0" eclass="HBEFA3/PC_G_EU4" CO2="15773.47" CO="253.21" HC="1.54" NOx="6.95" PMx="0.36" fuel="6.78" electricity="0.00" noise="76.19" route="routebottom" type="cfm-slow" waiting="0.00" lane="bottom_0" pos="25.73" speed="17.81" angle="48.19" x="113.28" y="16.28"/>
        <vehicle id="cfm-slow_1" eclass="HBEFA3/PC_G_EU4" CO2="16058.38" CO="259.03" HC="1.57" NOx="7.08" PMx="0.37" fuel="6.90" electricity="0.00" noise="76.44" route="routebottom" type="cfm-slow" waiting="0.00" lane="bottom_0" pos="41.57" speed="17.83" angle="19.70" x="129.86" y="45.65"/>
        <vehicle id="cfm-slow_2" eclass="HBEFA3/PC_G_EU4" CO2="17166.41" CO="281.62" HC="1.70" NOx="7.60" PMx="0.40" fuel="7.38" electricity="0.00" noise="77.39" route="routebottom" type="cfm-slow" waiting="0.00" lane="right_0" pos="7.43" speed="17.91" angle="351.01" x="130.39" y="79.59"/>
        <vehicle id="cfm-slow_3" eclass="HBEFA3/PC_G_EU4" CO2="20758.93" CO="354.75" HC="2.13" NOx="9.29" PMx="0.49" fuel="8.92" electricity="0.00" noise="80.46" route="routebottom" type="cfm-slow" waiting="0.00" lane="right_0" pos="23.37" speed="18.23" angle="322.40" x="114.58" y="109.64"/>
        <vehicle id="cfm-slow_4" eclass="HBEFA3/PC_G_EU4" CO2="29932.49" CO="541.50" HC="3.21" NOx="13.59" PMx="0.73" fuel="12.87" electricity="0.00" noise="87.82" route="routeright" type="cfm-slow" waiting="0.00" lane="right_0" pos="39.67" speed="19.29" angle="293.16" x="85.59" y="128.68"/>
        <vehicle id="cfm-slow_5" eclass="HBEFA3/PC_G_EU4" CO2="44945.71" CO="849.46" HC="4.98" NOx="20.61" PMx="1.13" fuel="19.32" electricity="0.00" noise="97.27" route="routetop" type="cfm-slow" waiting="0.00" lane="top_0" pos="7.11" speed="22.02" angle="261.60" x="48.39" y="130.54"/>
    </timestep>
    <timestep time="2.19">
        <vehicle id="cfm-fast_0" eclass="HBEFA3/PC_G_EU4" CO2="40851.00" CO="777.44" HC="4.56" NOx="18.58" PMx="1.03" fuel="17.56" electricity="0.00" noise="90.66" route="routetop" type="cfm-fast" waiting="0.00" lane="top_0" pos="27.71" speed="26.64" angle="224.60" x="11.21" y="107.88"/>
        <vehicle id="cfm-fast_1" eclass="HBEFA3/PC_G_EU4" CO2="110228.23" CO="2221.86" HC="12.86" NOx="51.25" PMx="2.85" fuel="47.38" electricity="0.00" noise="129.07" route="routetop" type="cfm-fast" waiting="0.00" lane="top_1" pos="44.13" speed="29.43" angle="195.10" x="-0.53" y="75.66"/>
        <vehicle id="cfm-fast_2" eclass="HBEFA3/PC_G_EU4" CO2="34320.67" CO="630.53" HC="3.72" NOx="15.61" PMx="0.85" fuel="14.75" electricity="0.00" noise="89.39" route="routetop" type="cfm-fast" waiting="0.00" lane="left_0" pos="5.91" speed="21.71" angle="173.84" x="-3.75" y="50.93"/>
        <vehicle id="cfm-fast_3" eclass="HBEFA3/PC_G_EU4" CO2="50338.31" CO="962.86" HC="5.63" NOx="23.12" PMx="1.27" fuel="21.64" electricity="0.00" noise="99.39" route="routetop" type="cfm-fast" waiting="0.00" lane="left_0" pos="22.61" speed="23.69" angle="143.73" x="11.67" y="18.92"/>
        <vehicle id="cfm-fast_4" eclass="HBEFA3/PC_G_EU4" CO2="44345.15" CO="855.03" HC="5.00" NOx="20.20" PMx="1.12" fuel="19.06" electricity="0.00" noise="92.18" route="routeleft" type="cfm-fast" waiting="0.00" lane="left_0" pos="41.44" speed="27.76" angle="109.92" x="45.37" y="-2.45"/>
        <vehicle id="cfm-fast_5" eclass="HBEFA3/PC_G_EU4" CO2="111902.49" CO="2259.38" HC="13.08" NOx="52.03" PMx="2.90" fuel="48.10" electricity="0.00" noise="129.27" route="routebottom" type="cfm-fast" waiting="0.00" lane="bottom_1" pos="8.02" speed="29.86" angle="80.04" x="79.95" y="0.43"/>
        <vehicle id="cfm-slow_0" eclass="HBEFA3/PC_G_EU4" CO2="15682.90" CO="251.27" HC="1.53" NOx="6.90" PMx="0.36" fuel="6.74" electricity="0.00" noise="76.10" route="routebottom" type="cfm-slow" waiting="0.00" lane="bottom_0" pos="25.91" speed="17.84" angle="47.86" x="113.54" y="16.56"/>
        <vehicle id="cfm-slow_1" eclass="HBEFA3/PC_G_EU4" CO2="15975.81" CO="257.25" HC="1.56" NOx="7.04" PMx="0.37" fuel="6.87" electricity="0.00" noise="76.36" route="routebottom" type="cfm-slow" waiting="0.00" lane="bottom_0" pos="41.75" speed="17.86" angle="19.38" x="129.95" y="46.02"/>
        <vehicle id="cfm-slow_2" eclass="HBEFA3/PC_G_EU4" CO2="17107.94" CO="280.33" HC="1.70" NOx="7.57" PMx="0.40" fuel="7.35" electricity="0.00" noise="77.33" route="routebottom" type="cfm-slow" waiting="0.00" lane="right_0" pos="7.61" speed="17.94" angle="350.71" x="130.31" y="79.97"/>
        <vehicle id="cfm-slow_3" eclass="HBEFA3/PC_G_EU4" CO2="20753.19" CO="354.54" HC="2.13" NOx="9.29" PMx="0.49" fuel="8.92" electricity="0.00" noise="80.44" route="routebottom" type="cfm-slow" waiting="0.00" lane="right_0" pos="23.56" speed="18.27" angle="322.07" x="114.31" y="109.92"/>
        <vehicle id="cfm-slow_4" eclass="HBEFA3/PC_G_EU4" CO2="29981.35" CO="542.42" HC="3.21" NOx="13.61" PMx="0.73" fuel="12.89" electricity="0.00" noise="87.82" route="routeright" type="cfm-slow" waiting="0.00" lane="right_0" pos="39.87" speed="19.35" angle="292.84" x="85.20" y="128.81"/>
        <vehicle id="cfm-slow_5" eclass="HBEFA3/PC_G_EU4" CO2="44857.52" CO="847.70" HC="4.97" NOx="20.57" PMx="1.12" fuel="19.28" electricity="0.00" noise="97.12" route="routetop" type="cfm-slow" waiting="0.00" lane="top_0" pos="7.33" speed="22.09" angle="261.18" x="47.93" y="130.44"/>
    </timestep>
    <timestep time="2.20">
        <vehicle id="cfm-fast_0" eclass="HBEFA3/PC_G_EU4" CO2="40309.54" CO="766.53" HC="4.49" NOx="18.32" PMx="1.02" fuel="17.33" electricity="0.00" noise="90.29" route="routetop" type="cfm-fast" waiting="0.00" lane="top_0" pos="27.98" speed="26.69" angle="224.10" x="10.84" y="107.44"/>
        <vehicle id="cfm-fast_1" eclass="HBEFA3/PC_G_EU4" CO2="110758.40" CO="2233.72" HC="12.93" NOx="51.50" PMx="2.86" fuel="47.61" electricity="0.00" noise="129.13" route="routetop" type="cfm-fast" waiting="0.00" lane="top_1" pos="44.42" speed="29.57" angle="194.55" x="-0.64" y="75.06"/>
        <vehicle id="cfm-fast_2" eclass="HBEFA3/PC_G_EU4" CO2="34337.12" CO="630.89" HC="3.72" NOx="15.61" PMx="0.85" fuel="14.76" electricity="0.00" noise="89.36" route="routetop" type="cfm-fast" waiting="0.00" lane="left_0" pos="6.13" speed="21.76" angle="173.44" x="-3.67" y="50.47"/>
        <vehicle id="cfm-fast_3" eclass="HBEFA3/PC_G_EU4" CO2="50191.43" CO="960.00" HC="5.62" NOx="23.05" PMx="1.27" fuel="21.57" electricity="0.00" noise="99.20" route="routetop" type="cfm-fast" waiting="0.00" lane="left_0" pos="22.85" speed="23.76" angle="143.28" x="12.00" y="18.53"/>
        <vehicle id="cfm-fast_4" eclass="HBEFA3/PC_G_EU4" CO2="43248.86" CO="832.75" HC="4.87" NOx="19.68" PMx="1.10" fuel="18.59" electricity="0.00" noise="91.49" route="routeleft" type="cfm-fast" waiting="0.00" lane="left_0" pos="41.72" speed="27.81" angle="109.40" x="45.95" y="-2.61"/>
        <vehicle id="cfm-fast_5" eclass="HBEFA3/PC_G_EU4" CO2="112433.59" CO="2271.32" HC="13.14" NOx="52.28" PMx="2.91" fuel="48.33" electricity="0.00" noise="129.34" route="routebottom" type="cfm-fast" waiting="0.00" lane="bottom_1" pos="8.32" speed="30.00" angle="79.48" x="80.55" y="0.58"/>
        <vehicle id="cfm-slow_0" eclass="HBEFA3/PC_G_EU4" CO2="15592.91" CO="249.34" HC="1.52" NOx="6.86" PMx="0.36" fuel="6.70" electricity="0.00" noise="76.02" route="routebottom" type="cfm-slow" waiting="0.00" lane="bottom_0" pos="26.09" speed="17.86" angle="47.54" x="113.80" y="16.84"/>
        <vehicle id="cfm-slow_1" eclass="HBEFA3/PC_G_EU4" CO2="15893.99" CO="255.49" HC="1.55" NOx="7.00" PMx="0.36" fuel="6.83" electricity="0.00" noise="76.28" route="routebottom" type="cfm-slow" waiting="0.00" lane="bottom_0" pos="41.93" speed="17.88" angle="19.05" x="130.05" y="46.39"/>
        <vehicle id="cfm-slow_2" eclass="HBEFA3/PC_G_EU4" CO2="17050.47" CO="279.07" HC="1.69" NOx="7.55" PMx="0.39" fuel="7.33" electricity="0.00" noise="77.27" route="routebottom" type="cfm-slow" waiting="0.00" lane="right_0" pos="7.79" speed="17.97" angle="350.41" x="130.21" y="80.34"/>
        <vehicle id="cfm-slow_3" eclass="HBEFA3/PC_G_EU4" CO2="20748.43" CO="354.36" HC="2.12" NOx="9.28" PMx="0.49" fuel="8.92" electricity="0.00" noise="80.41" route="routebottom" type="cfm-slow" waiting="0.00" lane="right_0" pos="23.74" speed="18.31" angle="321.74" x="114.04" y="110.21"/>
        <vehicle id="cfm-slow_4" eclass="HBEFA3/PC_G_EU4" CO2="30029.52" CO="543.33" HC="3.22" NOx="13.64" PMx="0.73" fuel="12.91" electricity="0.00" noise="87.81" route="routeright" type="cfm-slow" waiting="0.00" lane="right_0" pos="40.06" speed="19.40" angle="292.47" x="84.80" y="128.94"/>
        <vehicle id="cfm-slow_5" eclass="HBEFA3/PC_G_EU4" CO2="44765.51" CO="845.87" HC="4.96" NOx="20.52" PMx="1.12" fuel="19.24" electricity="0.00" noise="96.97" route="routetop" type="cfm-slow" waiting="0.00" lane="top_0" pos="7.56" speed="22.16" angle="260.78" x="47.47" y="130.33"/>
    </timestep>
    <timestep time="2.21">
        <vehicle id="cfm-fast_0" eclass="HBEFA3/PC_G_EU4" CO2="39775.09" CO="755.76" HC="4.43" NOx="18.07" PMx="1.00" fuel="17.10" electricity="0.00" noise="89.93" route="routetop" type="cfm-fast" waiting="0.00" lane="top_0" pos="28.25" speed="26.74" angle="223.68" x="10.47" y="107.00"/>
        <vehicle id="cfm-fast_1" eclass="HBEFA3/PC_G_EU4" CO2="111288.87" CO="2245.61" HC="13.00" NOx="51.75" PMx="2.88" fuel="47.84" electricity="0.00" noise="129.20" route="routetop" type="cfm-fast" waiting="0.00" lane="top_1" pos="44.72" speed="29.71" angle="194.00" x="-0.75" y="74.46"/>
        <vehicle id="cfm-fast_2" eclass="HBEFA3/PC_G_EU4" CO2="34352.80" CO="631.25" HC="3.73" NOx="15.62" PMx="0.85" fuel="14.77" electricity="0.00" noise="89.33" route="routetop" type="cfm-fast" waiting="0.00" lane="left_0" pos="6.34" speed="21.82" angle="173.08" x="-3.58" y="50.01"/>
        <vehicle id="cfm-fast_3" eclass="HBEFA3/PC_G_EU4" CO2="50036.76" CO="956.98" HC="5.60" NOx="22.97" PMx="1.26" fuel="21.51" electricity="0.00" noise="99.01" route="routetop" type="cfm-fast" waiting="0.00" lane="left_0" pos="23.09" speed="23.84" angle="142.91" x="12.33" y="18.14"/>
        <vehicle id="cfm-fast_4" eclass="HBEFA3/PC_G_EU4" CO2="42163.83" CO="810.70" HC="4.74" NOx="19.17" PMx="1.07" fuel="18.12" electricity="0.00" noise="90.82" route="routeleft" type="cfm-fast" waiting="0.00" lane="left_0" pos="42.00" speed="27.86" angle="108.89" x="46.53" y="-2.76"/>
        <vehicle id="cfm-fast_5" eclass="HBEFA3/PC_G_EU4" CO2="112964.98" CO="2283.27" HC="13.21" NOx="52.53" PMx="2.92" fuel="48.56" electricity="0.00" noise="129.40" route="routebottom" type="cfm-fast" waiting="0.00" lane="bottom_1" pos="8.62" speed="30.14" angle="78.92" x="81.14" y="0.75"/>
        <vehicle id="cfm-slow_0" eclass="HBEFA3/PC_G_EU4" CO2="15503.50" CO="247.43" HC="1.51" NOx="6.82" PMx="0.35" fuel="6.66" electricity="0.00" noise="75.93" route="routebottom" type="cfm-slow" waiting="0.00" lane="bottom_0" pos="26.27" speed="17.89" angle="47.21" x="114.06" y="17.13"/>
        <vehicle id="cfm-slow_1" eclass="HBEFA3/PC_G_EU4" CO2="15812.90" CO="253.75" HC="1.54" NOx="6.96" PMx="0.36" fuel="6.80" electricity="0.00" noise="76.20" route="routebottom" type="cfm-slow" waiting="0.00" lane="bottom_0" pos="42.11" speed="17.91" angle="18.72" x="130.15" y="46.76"/>
        <vehicle id="cfm-slow_2" eclass="HBEFA3/PC_G_EU4" CO2="16994.01" CO="277.83" HC="1.68" NOx="7.52" PMx="0.39" fuel="7.30" electricity="0.00" noise="77.21" route="routebottom" type="cfm-slow" waiting="0.00" lane="right_0" pos="7.97" speed="18.00" angle="350.08" x="130.11" y="80.72"/>
        <vehicle id="cfm-slow_3" eclass="HBEFA3/PC_G_EU4" CO2="20744.63" CO="354.19" HC="2.12" NOx="9.28" PMx="0.49" fuel="8.92" electricity="0.00" noise="80.39" route="routebottom" type="cfm-slow" waiting="0.00" lane="right_0" pos="23.92" speed="18.34" angle="321.41" x="113.78" y="110.50"/>
        <vehicle id="cfm-slow_4" eclass="HBEFA3/PC_G_EU4" CO2="30076.98" CO="544.23" HC="3.22" NOx="13.66" PMx="0.73" fuel="12.93" electricity="0.00" noise="87.80" route="routeright" type="cfm-slow" waiting="0.00" lane="right_0" pos="40.25" speed="19.45" angle="292.10" x="84.40" y="129.06"/>
        <vehicle id="cfm-slow_5" eclass="HBEFA3/PC_G_EU4" CO2="44669.76" CO="843.96" HC="4.95" NOx="20.48" PMx="1.12" fuel="19.20" electricity="0.00" noise="96.82" route="routetop" type="cfm-slow" waiting="0.00" lane="top_0" pos="7.78" speed="22.23" angle="260.42" x="47.00" y="130.22"/>
    </timestep>
    <timestep time="2.22">
        <vehicle id="cfm-fast_0" eclass="HBEFA3/PC_G_EU4" CO2="39247.67" CO="745.13" HC="4.37" NOx="17.82" PMx="0.99" fuel="16.87" electricity="0.00" noise="89.57" route="routetop" type="cfm-fast" waiting="0.00" lane="top_0" pos="28.51" speed="26.79" angle="223.19" x="10.11" y="106.55"/>
        <vehicle id="cfm-fast_1" eclass="HBEFA3/PC_G_EU4" CO2="111819.63" CO="2257.52" HC="13.06" NOx="51.99" PMx="2.89" fuel="48.07" electricity="0.00" noise="129.26" route="routetop" type="cfm-fast" waiting="0.00" lane="top_1" pos="45.02" speed="29.84" angle="193.52" x="-0.85" y="73.86"/>
        <vehicle id="cfm-fast_2" eclass="HBEFA3/PC_G_EU4" CO2="34367.68" CO="631.58" HC="3.73" NOx="15.63" PMx="0.85" fuel="14.77" electricity="0.00" noise="89.30" route="routetop" type="cfm-fast" waiting="0.00" lane="left_0" pos="6.56" speed="21.87" angle="172.68" x="-3.48" y="49.55"/>
        <vehicle id="cfm-fast_3" eclass="HBEFA3/PC_G_EU4" CO2="49874.43" CO="953.80" HC="5.58" NOx="22.90" PMx="1.26" fuel="21.44" electricity="0.00" noise="98.82" route="routetop" type="cfm-fast" waiting="0.00" lane="left_0" pos="23.33" speed="23.91" angle="142.48" x="12.68" y="17.76"/>
        <vehicle id="cfm-fast_4" eclass="HBEFA3/PC_G_EU4" CO2="41090.16" CO="788.87" HC="4.62" NOx="18.66" PMx="1.04" fuel="17.66" electricity="0.00" noise="90.15" route="routeleft" type="cfm-fast" waiting="0.00" lane="left_0" pos="42.27" speed="27.91" angle="108.40" x="47.11" y="-2.92"/>
        <vehicle id="cfm-fast_5" eclass="HBEFA3/PC_G_EU4" CO2="113496.66" CO="2295.25" HC="13.28" NOx="52.78" PMx="2.94" fuel="48.79" electricity="0.00" noise="129.47" route="routebottom" type="cfm-fast" waiting="0.00" lane="bottom_1" pos="8.92" speed="30.27" angle="78.39" x="81.74" y="0.91"/>
        <vehicle id="cfm-slow_0" eclass="HBEFA3/PC_G_EU4" CO2="15414.68" CO="245.53" HC="1.50" NOx="6.78" PMx="0.35" fuel="6.63" electricity="0.00" noise="75.85" route="routebottom" type="cfm-slow" waiting="0.00" lane="bottom_0" pos="26.45" speed="17.92" angle="46.88" x="114.32" y="17.41"/>
        <vehicle id="cfm-slow_1" eclass="HBEFA3/PC_G_EU4" CO2="15732.55" CO="252.02" HC="1.53" NOx="6.92" PMx="0.36" fuel="6.76" electricity="0.00" noise="76.12" route="routebottom" type="cfm-slow" waiting="0.00" lane="bottom_0" pos="42.29" speed="17.94" angle="18.43" x="130.25" y="47.14"/>
        <vehicle id="cfm-slow_2" eclass="HBEFA3/PC_G_EU4" CO2="16938.54" CO="276.61" HC="1.68" NOx="7.49" PMx="0.39" fuel="7.28" electricity="0.00" noise="77.15" route="routebottom" type="cfm-slow" waiting="0.00" lane="right_0" pos="8.15" speed="18.03" angle="349.75" x="130.01" y="81.09"/>
        <vehicle id="cfm-slow_3" eclass="HBEFA3/PC_G_EU4" CO2="20741.79" CO="354.04" HC="2.12" NOx="9.28" PMx="0.49" fuel="8.92" electricity="0.00" noise="80.37" route="routebottom" type="cfm-slow" waiting="0.00" lane="right_0" pos="24.11" speed="18.38" angle="321.08" x="113.51" y="110.79"/>
        <vehicle id="cfm-slow_4" eclass="HBEFA3/PC_G_EU4" CO2="30123.71" CO="545.12" HC="3.23" NOx="13.68" PMx="0.74" fuel="12.95" electricity="0.00" noise="87.80" route="routeright" type="cfm-slow" waiting="0.00" lane="right_0" pos="40.45" speed="19.51" angle="291.73" x="84.00" y="129.18"/>
        <vehicle id="cfm-slow_5" eclass="HBEFA3/PC_G_EU4" CO2="44570.34" CO="841.98" HC="4.94" NOx="20.43" PMx="1.12" fuel="19.16" electricity="0.00" noise="96.67" route="routetop" type="cfm-slow" waiting="0.00" lane="top_0" pos="8.00" speed="22.30" angle="260.02" x="46.54" y="130.09"/>
    </timestep>
    <timestep time="2.23">
        <vehicle id="cfm-fast_0" eclass="HBEFA3/PC_G_EU4" CO2="38727.26" CO="734.65" HC="4.31" NOx="17.57" PMx="0.97" fuel="16.65" electricity="0.00" noise="89.23" route="routetop" type="cfm-fast" waiting="0.00" lane="top_0" pos="28.78" speed="26.84" angle="222.70" x="9.76" y="106.09"/>
        <vehicle id="cfm-fast_1" eclass="HBEFA3/PC_G_EU4" CO2="112350.69" CO="2269.45" HC="13.13" NOx="52.24" PMx="2.91" fuel="48.29" electricity="0.00" noise="129.33" route="routetop" type="cfm-fast" waiting="0.00" lane="top_1" pos="45.32" speed="29.98" angle="192.98" x="-0.94" y="73.25"/>
        <vehicle id="cfm-fast_2" eclass="HBEFA3/PC_G_EU4" CO2="34381.69" CO="631.91" HC="3.73" NOx="15.63" PMx="0.85" fuel="14.78" electricity="0.00" noise="89.27" route="routetop" type="cfm-fast" waiting="0.00" lane="left_0" pos="6.78" speed="21.93" angle="172.26" x="-3.37" y="49.09"/>
        <vehicle id="cfm-fast_3" eclass="HBEFA3/PC_G_EU4" CO2="49704.56" CO="950.48" HC="5.56" NOx="22.81" PMx="1.25" fuel="21.37" electricity="0.00" noise="98.63" route="routetop" type="cfm-fast" waiting="0.00" lane="left_0" pos="23.57" speed="23.98" angle="142.05" x="13.03" y="17.38"/>
        <vehicle id="cfm-fast_4" eclass="HBEFA3/PC_G_EU4" CO2="40027.96" CO="767.27" HC="4.49" NOx="18.16" PMx="1.01" fuel="17.21" electricity="0.00" noise="89.49" route="routeleft" type="cfm-fast" waiting="0.00" lane="left_0" pos="42.55" speed="27.96" angle="107.93" x="47.70" y="-3.06"/>
        <vehicle id="cfm-fast_5" eclass="HBEFA3/PC_G_EU4" CO2="114028.63" CO="2307.25" HC="13.35" NOx="53.02" PMx="2.95" fuel="49.02" electricity="0.00" noise="129.54" route="routebottom" type="cfm-fast" waiting="0.00" lane="bottom_1" pos="9.22" speed="30.41" angle="77.86" x="82.34" y="1.09"/>
        <vehicle id="cfm-slow_0" eclass="HBEFA3/PC_G_EU4" CO2="15326.45" CO="243.64" HC="1.49" NOx="6.73" PMx="0.35" fuel="6.59" electricity="0.00" noise="75.76" route="routebottom" type="cfm-slow" waiting="0.00" lane="bottom_0" pos="26.63" speed="17.95" angle="46.55" x="114.59" y="17.69"/>
        <vehicle id="cfm-slow_1" eclass="HBEFA3/PC_G_EU4" CO2="15652.96" CO="250.30" HC="1.52" NOx="6.89" PMx="0.36" fuel="6.73" electricity="0.00" noise="76.04" route="routebottom" type="cfm-slow" waiting="0.00" lane="bottom_0" pos="42.47" speed="17.97" angle="18.13" x="130.34" y="47.51"/>
        <vehicle id="cfm-slow_2" eclass="HBEFA3/PC_G_EU4" CO2="16884.09" CO="275.41" HC="1.67" NOx="7.47" PMx="0.39" fuel="7.26" electricity="0.00" noise="77.09" route="routebottom" type="cfm-slow" waiting="0.00" lane="right_0" pos="8.33" speed="18.06" angle="349.42" x="129.91" y="81.47"/>
        <vehicle id="cfm-slow_3" eclass="HBEFA3/PC_G_EU4" CO2="20739.89" CO="353.92" HC="2.12" NOx="9.28" PMx="0.49" fuel="8.92" electricity="0.00" noise="80.35" route="routebottom" type="cfm-slow" waiting="0.00" lane="right_0" pos="24.29" speed="18.42" angle="320.77" x="113.24" y="111.08"/>
        <vehicle id="cfm-slow_4" eclass="HBEFA3/PC_G_EU4" CO2="30169.68" CO="546.00" HC="3.23" NOx="13.70" PMx="0.74" fuel="12.97" electricity="0.00" noise="87.79" route="routeright" type="cfm-slow" waiting="0.00" lane="right_0" pos="40.64" speed="19.56" angle="291.36" x="83.59" y="129.31"/>
        <vehicle id="cfm-slow_5" eclass="HBEFA3/PC_G_EU4" CO2="44467.34" CO="839.92" HC="4.93" NOx="20.38" PMx="1.11" fuel="19.11" electricity="0.00" noise="96.51" route="routetop" type="cfm-slow" waiting="0.00" lane="top_0" pos="8.23" speed="22.37" angle="259.61" x="46.07" y="129.97"/>
    </timestep>
    <timestep time="2.24">
        <vehicle id="cfm-fast_0" eclass="HBEFA3/PC_G_EU4" CO2="38213.84" CO="724.31" HC="4.25" NOx="17.33" PMx="0.96" fuel="16.43" electricity="0.00" noise="88.89" route="routetop" type="cfm-fast" waiting="0.00" lane="top_0" pos="29.05" speed="26.89" angle="222.21" x="9.40" y="105.64"/>
        <vehicle id="cfm-fast_1" eclass="HBEFA3/PC_G_EU4" CO2="112882.03" CO="2281.40" HC="13.20" NOx="52.49" PMx="2.92" fuel="48.52" electricity="0.00" noise="129.39" route="routetop" type="cfm-fast" waiting="0.00" lane="top_1" pos="45.62" speed="30.12" angle="192.43" x="-1.02" y="72.64"/>
        <vehicle id="cfm-fast_2" eclass="HBEFA3/PC_G_EU4" CO2="34394.78" CO="632.21" HC="3.73" NOx="15.64" PMx="0.85" fuel="14.78" electricity="0.00" noise="89.24" route="routetop" type="cfm-fast" waiting="0.00" lane="left_0" pos="7.00" speed="21.98" angle="171.84" x="-3.27" y="48.63"/>
        <vehicle id="cfm-fast_3" eclass="HBEFA3/PC_G_EU4" CO2="49527.27" CO="947.00" HC="5.54" NOx="22.73" PMx="1.25" fuel="21.29" electricity="0.00" noise="98.43" route="routetop" type="cfm-fast" waiting="0.00" lane="left_0" pos="23.81" speed="24.06" angle="141.61" x="13.38" y="17.00"/>
        <vehicle id="cfm-fast_4" eclass="HBEFA3/PC_G_EU4" CO2="38977.32" CO="745.91" HC="4.37" NOx="17.66" PMx="0.98" fuel="16.75" electricity="0.00" noise="88.85" route="routeleft" type="cfm-fast" waiting="0.00" lane="left_0" pos="42.83" speed="28.01" angle="107.43" x="48.28" y="-3.19"/>
        <vehicle id="cfm-fast_5" eclass="HBEFA3/PC_G_EU4" CO2="114560.90" CO="2319.27" HC="13.41" NOx="53.27" PMx="2.97" fuel="49.24" electricity="0.00" noise="129.60" route="routebottom" type="cfm-fast" waiting="0.00" lane="bottom_1" pos="9.53" speed="30.55" angle="77.30" x="82.94" y="1.27"/>
        <vehicle id="cfm-slow_0" eclass="HBEFA3/PC_G_EU4" CO2="15238.81" CO="241.76" HC="1.47" NOx="6.69" PMx="0.35" fuel="6.55" electricity="0.00" noise="75.68" route="routebottom" type="cfm-slow" waiting="0.00" lane="bottom_0" pos="26.81" speed="17.97" angle="46.24" x="114.85" y="17.98"/>
        <vehicle id="cfm-slow_1" eclass="HBEFA3/PC_G_EU4" CO2="15574.11" CO="248.61" HC="1.51" NOx="6.85" PMx="0.36" fuel="6.69" electricity="0.00" noise="75.97" route="routebottom" type="cfm-slow" waiting="0.00" lane="bottom_0" pos="42.65" speed="17.99" angle="17.80" x="130.43" y="47.89"/>
        <vehicle id="cfm-slow_2" eclass="HBEFA3/PC_G_EU4" CO2="16830.63" CO="274.23" HC="1.66" NOx="7.44" PMx="0.39" fuel="7.23" electricity="0.00" noise="77.03" route="routebottom" type="cfm-slow" waiting="0.00" lane="right_0" pos="8.51" speed="18.09" angle="349.08" x="129.81" y="81.84"/>
        <vehicle id="cfm-slow_3" eclass="HBEFA3/PC_G_EU4" CO2="20738.91" CO="353.82" HC="2.12" NOx="9.27" PMx="0.49" fuel="8.91" electricity="0.00" noise="80.33" route="routebottom" type="cfm-slow" waiting="0.00" lane="right_0" pos="24.48" speed="18.45" angle="320.46" x="112.96" y="111.37"/>
        <vehicle id="cfm-slow_4" eclass="HBEFA3/PC_G_EU4" CO2="30214.87" CO="546.86" HC="3.24" NOx="13.72" PMx="0.74" fuel="12.99" electricity="0.00" noise="87.78" route="routeright" type="cfm-slow" waiting="0.00" lane="right_0" pos="40.84" speed="19.61" angle="290.99" x="83.19" y="129.43"/>
        <vehicle id="cfm-slow_5" eclass="HBEFA3/PC_G_EU4" CO2="44360.82" CO="837.80" HC="4.92" NOx="20.33" PMx="1.11" fuel="19.07" electricity="0.00" noise="96.36" route="routetop" type="cfm-slow" waiting="0.00" lane="top_0" pos="8.45" speed="22.44" angle="259.20" x="45.61" y="129.84"/>
    </timestep>
    <timestep time="2.25">
        <vehicle id="cfm-fast_0" eclass="HBEFA3/PC_G_EU4" CO2="37707.40" CO="714.11" HC="4.19" NOx="17.09" PMx="0.95" fuel="16.21" electricity="0.00" noise="88.55" route="routetop" type="cfm-fast" waiting="0.00" lane="top_0" pos="29.32" speed="26.94" angle="221.72" x="9.04" y="105.18"/>
        <vehicle id="cfm-fast_1" eclass="HBEFA3/PC_G_EU4" CO2="113413.67" CO="2293.38" HC="13.27" NOx="52.74" PMx="2.94" fuel="48.75" electricity="0.00" noise="129.46" route="routetop" type="cfm-fast" waiting="0.00" lane="top_1" pos="45.92" speed="30.25" angle="191.87" x="-1.11" y="72.03"/>
        <vehicle id="cfm-fast_2" eclass="HBEFA3/PC_G_EU4" CO2="34406.90" CO="632.50" HC="3.73" NOx="15.64" PMx="0.85" fuel="14.79" electricity="0.00" noise="89.20" route="routetop" type="cfm-fast" waiting="0.00" lane="left_0" pos="7.22" speed="22.03" angle="171.41" x="-3.16" y="48.17"/>
        <vehicle id="cfm-fast_3" eclass="HBEFA3/PC_G_EU4" CO2="49342.70" CO="943.38" HC="5.52" NOx="22.64" PMx="1.24" fuel="21.21" electricity="0.00" noise="98.22" route="routetop" type="cfm-fast" waiting="0.00" lane="left_0" pos="24.05" speed="24.13" angle="141.18" x="13.73" y="16.62"/>
        <vehicle id="cfm-fast_4" eclass="HBEFA3/PC_G_EU4" CO2="37938.33" CO="724.77" HC="4.25" NOx="17.17" PMx="0.96" fuel="16.31" electricity="0.00" noise="88.22" route="routeleft" type="cfm-fast" waiting="0.00" lane="left_0" pos="43.11" speed="28.05" angle="106.93" x="48.87" y="-3.33"/>
        <vehicle id="cfm-fast_5" eclass="HBEFA3/PC_G_EU4" CO2="115093.46" CO="2331.31" HC="13.48" NOx="53.52" PMx="2.98" fuel="49.47" electricity="0.00" noise="129.67" route="routebottom" type="cfm-fast" waiting="0.00" lane="bottom_1" pos="9.84" speed="30.68" angle="76.74" x="83.54" y="1.46"/>
        <vehicle id="cfm-slow_0" eclass="HBEFA3/PC_G_EU4" CO2="15151.76" CO="239.90" HC="1.46" NOx="6.65" PMx="0.34" fuel="6.51" electricity="0.00" noise="75.60" route="routebottom" type="cfm-slow" waiting="0.00" lane="bottom_0" pos="26.99" speed="18.00" angle="45.96" x="115.11" y="18.26"/>
        <vehicle id="cfm-slow_1" eclass="HBEFA3/PC_G_EU4" CO2="15496.02" CO="246.93" HC="1.50" NOx="6.81" PMx="0.35" fuel="6.66" electricity="0.00" noise="75.89" route="routebottom" type="cfm-slow" waiting="0.00" lane="bottom_0" pos="42.83" speed="18.02" angle="17.47" x="130.51" y="48.27"/>
        <vehicle id="cfm-slow_2" eclass="HBEFA3/PC_G_EU4" CO2="16778.18" CO="273.08" HC="1.66" NOx="7.41" PMx="0.39" fuel="7.21" electricity="0.00" noise="76.98" route="routebottom" type="cfm-slow" waiting="0.00" lane="right_0" pos="8.69" speed="18.12" angle="348.75" x="129.71" y="82.22"/>
        <vehicle id="cfm-slow_3" eclass="HBEFA3/PC_G_EU4" CO2="20738.84" CO="353.73" HC="2.12" NOx="9.27" PMx="0.49" fuel="8.91" electricity="0.00" noise="80.31" route="routebottom" type="cfm-slow" waiting="0.00" lane="right_0" pos="24.66" speed="18.49" angle="320.12" x="112.68" y="111.65"/>
        <vehicle id="cfm-slow_4" eclass="HBEFA3/PC_G_EU4" CO2="30259.26" CO="547.70" HC="3.24" NOx="13.74" PMx="0.74" fuel="13.01" electricity="0.00" noise="87.78" route="routeright" type="cfm-slow" waiting="0.00" lane="right_0" pos="41.04" speed="19.67" angle="290.67" x="82.79" y="129.56"/>
        <vehicle id="cfm-slow_5" eclass="HBEFA3/PC_G_EU4" CO2="44250.87" CO="835.62" HC="4.90" NOx="20.27" PMx="1.11" fuel="19.02" electricity="0.00" noise="96.20" route="routetop" type="cfm-slow" waiting="0.00" lane="top_0" pos="8.68" speed="22.51" angle="258.78" x="45.14" y="129.72"/>
    </timestep>
    <timestep time="2.26">
        <vehicle id="cfm-fast_0" eclass="HBEFA3/PC_G_EU4" CO2="37207.91" CO="704.05" HC="4.13" NOx="16.85" PMx="0.94" fuel="15.99" electricity="0.00" noise="88.22" route="routetop" type="cfm-fast" waiting="0.00" lane="top_0" pos="29.59" speed="26.98" angle="221.28" x="8.69" y="104.72"/>
        <vehicle id="cfm-fast_1" eclass="HBEFA3/PC_G_EU4" CO2="113945.60" CO="2305.38" HC="13.34" NOx="52.99" PMx="2.95" fuel="48.98" electricity="0.00" noise="129.53" route="routetop" type="cfm-fast" waiting="0.00" lane="top_1" pos="46.23" speed="30.39" angle="191.37" x="-1.19" y="71.41"/>
        <vehicle id="cfm-fast_2" eclass="HBEFA3/PC_G_EU4" CO2="34417.98" CO="632.77" HC="3.73" NOx="15.64" PMx="0.85" fuel="14.79" electricity="0.00" noise="89.17" route="routetop" type="cfm-fast" waiting="0.00" lane="left_0" pos="7.44" speed="22.09" angle="170.99" x="-3.06" y="47.70"/>
        <vehicle id="cfm-fast_3" eclass="HBEFA3/PC_G_EU4" CO2="49150.98" CO="939.61" HC="5.50" NOx="22.55" PMx="1.24" fuel="21.13" electricity="0.00" noise="98.02" route="routetop" type="cfm-fast" waiting="0.00" lane="left_0" pos="24.29" speed="24.20" angle="140.77" x="14.08" y="16.24"/>
        <vehicle id="cfm-fast_4" eclass="HBEFA3/PC_G_EU4" CO2="36911.06" CO="703.87" HC="4.13" NOx="16.68" PMx="0.93" fuel="15.87" electricity="0.00" noise="87.59" route="routeleft" type="cfm-fast" waiting="0.00" lane="left_0" pos="43.40" speed="28.10" angle="106.43" x="49.46" y="-3.46"/>
        <vehicle id="cfm-fast_5" eclass="HBEFA3/PC_G_EU4" CO2="115626.31" CO="2343.38" HC="13.55" NOx="53.77" PMx="3.00" fuel="49.70" electricity="0.00" noise="129.73" route="routebottom" type="cfm-fast" waiting="0.00" lane="bottom_1" pos="10.15" speed="30.82" angle="76.19" x="84.14" y="1.65"/>
        <vehicle id="cfm-slow_0" eclass="HBEFA3/PC_G_EU4" CO2="15065.31" CO="238.05" HC="1.45" NOx="6.61" PMx="0.34" fuel="6.48" electricity="0.00" noise="75.52" route="routebottom" type="cfm-slow" waiting="0.00" lane="bottom_0" pos="27.17" speed="18.02" angle="45.62" x="115.36" y="18.56"/>
        <vehicle id="cfm-slow_1" eclass="HBEFA3/PC_G_EU4" CO2="15418.68" CO="245.27" HC="1.49" NOx="6.77" PMx="0.35" fuel="6.63" electricity="0.00" noise="75.82" route="routebottom" type="cfm-slow" waiting="0.00" lane="bottom_0" pos="43.01" speed="18.05" angle="17.15" x="130.60" y="48.65"/>
        <vehicle id="cfm-slow_2" eclass="HBEFA3/PC_G_EU4" CO2="16726.74" CO="271.94" HC="1.65" NOx="7.39" PMx="0.39" fuel="7.19" electricity="0.00" noise="76.92" route="routebottom" type="cfm-slow" waiting="0.00" lane="right_0" pos="8.87" speed="18.15" angle="348.45" x="129.61" y="82.60"/>
        <vehicle id="cfm-slow_3" eclass="HBEFA3/PC_G_EU4" CO2="20739.67" CO="353.67" HC="2.12" NOx="9.27" PMx="0.49" fuel="8.91" electricity="0.00" noise="80.29" route="routebottom" type="cfm-slow" waiting="0.00" lane="right_0" pos="24.85" speed="18.53" angle="319.77" x="112.40" y="111.93"/>
        <vehicle id="cfm-slow_4" eclass="HBEFA3/PC_G_EU4" CO2="30302.83" CO="548.54" HC="3.25" NOx="13.76" PMx="0.74" fuel="13.03" electricity="0.00" noise="87.77" route="routeright" type="cfm-slow" waiting="0.00" lane="right_0" pos="41.23" speed="19.72" angle="290.32" x="82.38" y="129.67"/>
        <vehicle id="cfm-slow_5" eclass="HBEFA3/PC_G_EU4" CO2="44137.56" CO="833.36" HC="4.89" NOx="20.22" PMx="1.11" fuel="18.97" electricity="0.00" noise="96.05" route="routetop" type="cfm-slow" waiting="0.00" lane="top_0" pos="8.90" speed="22.58" angle="258.41" x="44.67" y="129.59"/>
    </timestep>
    <timestep time="2.27">
        <vehicle id="cfm-fast_0" eclass="HBEFA3/PC_G_EU4" CO2="36715.34" CO="694.13" HC="4.08" NOx="16.62" PMx="0.92" fuel="15.78" electricity="0.00" noise="87.90" route="routetop" type="cfm-fast" waiting="0.00" lane="top_0" pos="29.86" speed="27.03" angle="220.78" x="8.35" y="104.24"/>
        <vehicle id="cfm-fast_1" eclass="HBEFA3/PC_G_EU4" CO2="114477.82" CO="2317.39" HC="13.40" NOx="53.23" PMx="2.97" fuel="49.21" electricity="0.00" noise="129.59" route="routetop" type="cfm-fast" waiting="0.00" lane="top_1" pos="46.53" speed="30.52" angle="190.80" x="-1.25" y="70.79"/>
        <vehicle id="cfm-fast_2" eclass="HBEFA3/PC_G_EU4" CO2="34427.99" CO="633.02" HC="3.74" NOx="15.65" PMx="0.85" fuel="14.80" electricity="0.00" noise="89.14" route="routetop" type="cfm-fast" waiting="0.00" lane="left_0" pos="7.67" speed="22.14" angle="170.63" x="-2.95" y="47.24"/>
        <vehicle id="cfm-fast_3" eclass="HBEFA3/PC_G_EU4" CO2="48952.23" CO="935.70" HC="5.48" NOx="22.45" PMx="1.23" fuel="21.04" electricity="0.00" noise="97.81" route="routetop" type="cfm-fast" waiting="0.00" lane="left_0" pos="24.54" speed="24.27" angle="140.36" x="14.45" y="15.86"/>
        <vehicle id="cfm-fast_4" eclass="HBEFA3/PC_G_EU4" CO2="35895.58" CO="683.21" HC="4.01" NOx="16.20" PMx="0.90" fuel="15.43" electricity="0.00" noise="86.98" route="routeleft" type="cfm-fast" waiting="0.00" lane="left_0" pos="43.68" speed="28.14" angle="105.99" x="50.05" y="-3.59"/>
        <vehicle id="cfm-fast_5" eclass="HBEFA3/PC_G_EU4" CO2="116159.45" CO="2355.46" HC="13.62" NOx="54.02" PMx="3.01" fuel="49.93" electricity="0.00" noise="129.80" route="routebottom" type="cfm-fast" waiting="0.00" lane="bottom_1" pos="10.45" speed="30.95" angle="75.67" x="84.74" y="1.85"/>
        <vehicle id="cfm-slow_0" eclass="HBEFA3/PC_G_EU4" CO2="14979.46" CO="236.22" HC="1.44" NOx="6.57" PMx="0.34" fuel="6.44" electricity="0.00" noise="75.44" route="routebottom" type="cfm-slow" waiting="0.00" lane="bottom_0" pos="27.35" speed="18.05" angle="45.29" x="115.61" y="18.86"/>
        <vehicle id="cfm-slow_1" eclass="HBEFA3/PC_G_EU4" CO2="15342.11" CO="243.62" HC="1.49" NOx="6.74" PMx="0.35" fuel="6.59" electricity="0.00" noise="75.75" route="routebottom" type="cfm-slow" waiting="0.00" lane="bottom_0" pos="43.19" speed="18.07" angle="16.82" x="130.68" y="49.03"/>
        <vehicle id="cfm-slow_2" eclass="HBEFA3/PC_G_EU4" CO2="16676.30" CO="270.83" HC="1.64" NOx="7.36" PMx="0.38" fuel="7.17" electricity="0.00" noise="76.87" route="routebottom" type="cfm-slow" waiting="0.00" lane="right_0" pos="9.05" speed="18.18" angle="348.15" x="129.50" y="82.97"/>
        <vehicle id="cfm-slow_3" eclass="HBEFA3/PC_G_EU4" CO2="20741.37" CO="353.62" HC="2.12" NOx="9.27" PMx="0.49" fuel="8.92" electricity="0.00" noise="80.27" route="routebottom" type="cfm-slow" waiting="0.00" lane="right_0" pos="25.03" speed="18.57" angle="319.43" x="112.12" y="112.21"/>
        <vehicle id="cfm-slow_4" eclass="HBEFA3/PC_G_EU4" CO2="30345.55" CO="549.35" HC="3.25" NOx="13.78" PMx="0.74" fuel="13.04" electricity="0.00" noise="87.76" route="routeright" type="cfm-slow" waiting="0.00" lane="right_0" pos="41.43" speed="19.77" angle="289.96" x="81.97" y="129.78"/>
        <vehicle id="cfm-slow_5" eclass="HBEFA3/PC_G_EU4" CO2="44020.97" CO="831.05" HC="4.88" NOx="20.16" PMx="1.10" fuel="18.92" electricity="0.00" noise="95.89" route="routetop" type="cfm-slow" waiting="0.00" lane="top_0" pos="9.13" speed="22.65" angle="258.02" x="44.20" y="129.45"/>
    </timestep>
    <timestep time="2.28">
        <vehicle id="cfm-fast_0" eclass="HBEFA3/PC_G_EU4" CO2="36229.68" CO="684.35" HC="4.02" NOx="16.39" PMx="0.91" fuel="15.57" electricity="0.00" noise="87.58" route="routetop" type="cfm-fast" waiting="0.00" lane="top_0" pos="30.13" speed="27.07" angle="220.28" x="8.01" y="103.77"/>
        <vehicle id="cfm-fast_1" eclass="HBEFA3/PC_G_EU4" CO2="115010.33" CO="2329.43" HC="13.47" NOx="53.48" PMx="2.98" fuel="49.44" electricity="0.00" noise="129.66" route="routetop" type="cfm-fast" waiting="0.00" lane="top_1" pos="46.84" speed="30.66" angle="190.23" x="-1.32" y="70.16"/>
        <vehicle id="cfm-fast_2" eclass="HBEFA3/PC_G_EU4" CO2="34436.88" CO="633.24" HC="3.74" NOx="15.65" PMx="0.85" fuel="14.80" electricity="0.00" noise="89.11" route="routetop" type="cfm-fast" waiting="0.00" lane="left_0" pos="7.89" speed="22.19" angle="170.23" x="-2.83" y="46.78"/>
        <vehicle id="cfm-fast_3" eclass="HBEFA3/PC_G_EU4" CO2="48746.58" CO="931.65" HC="5.45" NOx="22.35" PMx="1.23" fuel="20.95" electricity="0.00" noise="97.60" route="routetop" type="cfm-fast" waiting="0.00" lane="left_0" pos="24.78" speed="24.34" angle="139.91" x="14.82" y="15.49"/>
        <vehicle id="cfm-fast_4" eclass="HBEFA3/PC_G_EU4" CO2="34891.94" CO="662.78" HC="3.89" NOx="15.73" PMx="0.88" fuel="15.00" electricity="0.00" noise="86.39" route="routeleft" type="cfm-fast" waiting="0.00" lane="left_0" pos="43.96" speed="28.18" angle="105.47" x="50.65" y="-3.70"/>
        <vehicle id="cfm-fast_5" eclass="HBEFA3/PC_G_EU4" CO2="116692.89" CO="2367.57" HC="13.69" NOx="54.27" PMx="3.03" fuel="50.16" electricity="0.00" noise="129.86" route="routebottom" type="cfm-fast" waiting="0.00" lane="bottom_1" pos="10.77" speed="31.09" angle="75.09" x="85.34" y="2.07"/>
        <vehicle id="cfm-slow_0" eclass="HBEFA3/PC_G_EU4" CO2="14894.21" CO="234.40" HC="1.43" NOx="6.53" PMx="0.34" fuel="6.40" electricity="0.00" noise="75.36" route="routebottom" type="cfm-slow" waiting="0.00" lane="bottom_0" pos="27.53" speed="18.08" angle="44.95" x="115.86" y="19.15"/>
        <vehicle id="cfm-slow_1" eclass="HBEFA3/PC_G_EU4" CO2="15266.30" CO="242.00" HC="1.48" NOx="6.70" PMx="0.35" fuel="6.56" electricity="0.00" noise="75.68" route="routebottom" type="cfm-slow" waiting="0.00" lane="bottom_0" pos="43.37" speed="18.10" angle="16.49" x="130.77" y="49.41"/>
        <vehicle id="cfm-slow_2" eclass="HBEFA3/PC_G_EU4" CO2="16626.87" CO="269.74" HC="1.64" NOx="7.34" PMx="0.38" fuel="7.15" electricity="0.00" noise="76.82" route="routebottom" type="cfm-slow" waiting="0.00" lane="right_0" pos="9.24" speed="18.21" angle="347.82" x="129.38" y="83.35"/>
        <vehicle id="cfm-slow_3" eclass="HBEFA3/PC_G_EU4" CO2="20743.94" CO="353.60" HC="2.12" NOx="9.27" PMx="0.49" fuel="8.92" electricity="0.00" noise="80.25" route="routebottom" type="cfm-slow" waiting="0.00" lane="right_0" pos="25.22" speed="18.60" angle="319.08" x="111.83" y="112.50"/>
        <vehicle id="cfm-slow_4" eclass="HBEFA3/PC_G_EU4" CO2="30387.41" CO="550.16" HC="3.26" NOx="13.80" PMx="0.74" fuel="13.06" electricity="0.00" noise="87.75" route="routeright" type="cfm-slow" waiting="0.00" lane="right_0" pos="41.63" speed="19.82" angle="289.61" x="81.55" y="129.89"/>
        <vehicle id="cfm-slow_5" eclass="HBEFA3/PC_G_EU4" CO2="43901.18" CO="828.67" HC="4.86" NOx="20.10" PMx="1.10" fuel="18.87" electricity="0.00" noise="95.73" route="routetop" type="cfm-slow" waiting="0.00" lane="top_0" pos="9.35" speed="22.72" angle="257.61" x="43.74" y="129.31"/>
    </timestep>
    <timestep time="2.29">
        <vehicle id="cfm-fast_0" eclass="HBEFA3/PC_G_EU4" CO2="35750.90" CO="674.71" HC="3.96" NOx="16.16" PMx="0.90" fuel="15.37" electricity="0.00" noise="87.28" route="routetop" type="cfm-fast" waiting="0.00" lane="top_0" pos="30.40" speed="27.12" angle="219.77" x="7.67" y="103.30"/>
        <vehicle id="cfm-fast_1" eclass="HBEFA3/PC_G_EU4" CO2="115543.14" CO="2341.49" HC="13.54" NOx="53.73" PMx="2.99" fuel="49.67" electricity="0.00" noise="129.72" route="routetop" type="cfm-fast" waiting="0.00" lane="top_1" pos="47.15" speed="30.80" angle="189.65" x="-1.38" y="69.53"/>
        <vehicle id="cfm-fast_2" eclass="HBEFA3/PC_G_EU4" CO2="34444.59" CO="633.45" HC="3.74" NOx="15.65" PMx="0.85" fuel="14.81" electricity="0.00" noise="89.07" route="routetop" type="cfm-fast" waiting="0.00" lane="left_0" pos="8.11" speed="22.25" angle="169.82" x="-2.70" y="46.31"/>
        <vehicle id="cfm-fast_3" eclass="HBEFA3/PC_G_EU4" CO2="48534.16" CO="927.47" HC="5.43" NOx="22.25" PMx="1.22" fuel="20.86" electricity="0.00" noise="97.39" route="routetop" type="cfm-fast" waiting="0.00" lane="left_0" pos="25.02" speed="24.41" angle="139.46" x="15.19" y="15.12"/>
        <vehicle id="cfm-fast_4" eclass="HBEFA3/PC_G_EU4" CO2="33900.20" CO="642.60" HC="3.77" NOx="15.26" PMx="0.85" fuel="14.57" electricity="0.00" noise="85.80" route="routeleft" type="cfm-fast" waiting="0.00" lane="left_0" pos="44.24" speed="28.22" angle="104.95" x="51.25" y="-3.81"/>
        <vehicle id="cfm-fast_5" eclass="HBEFA3/PC_G_EU4" CO2="117226.61" CO="2379.70" HC="13.76" NOx="54.52" PMx="3.04" fuel="50.39" electricity="0.00" noise="129.93" route="routebottom" type="cfm-fast" waiting="0.00" lane="bottom_1" pos="11.08" speed="31.23" angle="74.51" x="85.94" y="2.28"/>
        <vehicle id="cfm-slow_0" eclass="HBEFA3/PC_G_EU4" CO2="14809.57" CO="232.59" HC="1.42" NOx="6.49" PMx="0.34" fuel="6.37" electricity="0.00" noise="75.29" route="routebottom" type="cfm-slow" waiting="0.00" lane="bottom_0" pos="27.71" speed="18.10" angle="44.61" x="116.11" y="19.45"/>
        <vehicle id="cfm-slow_1" eclass="HBEFA3/PC_G_EU4" CO2="15191.25" CO="240.38" HC="1.47" NOx="6.66" PMx="0.35" fuel="6.53" electricity="0.00" noise="75.61" route="routebottom" type="cfm-slow" waiting="0.00" lane="bottom_0" pos="43.55" speed="18.13" angle="16.19" x="130.86" y="49.79"/>
        <vehicle id="cfm-slow_2" eclass="HBEFA3/PC_G_EU4" CO2="16578.43" CO="268.67" HC="1.63" NOx="7.32" PMx="0.38" fuel="7.13" electricity="0.00" noise="76.77" route="routebottom" type="cfm-slow" waiting="0.00" lane="right_0" pos="9.42" speed="18.23" angle="347.49" x="129.27" y="83.72"/>
        <vehicle id="cfm-slow_3" eclass="HBEFA3/PC_G_EU4" CO2="20747.35" CO="353.59" HC="2.12" NOx="9.27" PMx="0.49" fuel="8.92" electricity="0.00" noise="80.24" route="routebottom" type="cfm-slow" waiting="0.00" lane="right_0" pos="25.40" speed="18.64" angle="318.73" x="111.55" y="112.78"/>
        <vehicle id="cfm-slow_4" eclass="HBEFA3/PC_G_EU4" CO2="30428.39" CO="550.94" HC="3.26" NOx="13.81" PMx="0.74" fuel="13.08" electricity="0.00" noise="87.74" route="routeright" type="cfm-slow" waiting="0.00" lane="right_0" pos="41.83" speed="19.88" angle="289.24" x="81.14" y="130.00"/>
        <vehicle id="cfm-slow_5" eclass="HBEFA3/PC_G_EU4" CO2="43778.25" CO="826.23" HC="4.85" NOx="20.04" PMx="1.10" fuel="18.82" electricity="0.00" noise="95.58" route="routetop" type="cfm-slow" waiting="0.00" lane="top_0" pos="9.58" speed="22.78" angle="257.20" x="43.27" y="129.16"/>
    </timestep>
    <timestep time="2.30">
        <vehicle id="cfm-fast_0" eclass="HBEFA3/PC_G_EU4" CO2="35278.95" CO="665.20" HC="3.91" NOx="15.94" PMx="0.89" fuel="15.16" electricity="0.00" noise="86.97" route="routetop" type="cfm-fast" waiting="0.00" lane="top_0" pos="30.67" speed="27.16" angle="219.28" x="7.33" y="102.82"/>
        <vehicle id="cfm-fast_1" eclass="HBEFA3/PC_G_EU4" CO2="116076.23" CO="2353.58" HC="13.61" NOx="53.98" PMx="3.01" fuel="49.90" electricity="0.00" noise="129.79" route="routetop" type="cfm-fast" waiting="0.00" lane="top_1" pos="47.46" speed="30.93" angle="189.13" x="-1.44" y="68.90"/>
        <vehicle id="cfm-fast_2" eclass="HBEFA3/PC_G_EU4" CO2="34451.07" CO="633.63" HC="3.74" NOx="15.65" PMx="0.85" fuel="14.81" electricity="0.00" noise="89.04" route="routetop" type="cfm-fast" waiting="0.00" lane="left_0" pos="8.33" speed="22.30" angle="169.41" x="-2.58" y="45.85"/>
        <vehicle id="cfm-fast_3" eclass="HBEFA3/PC_G_EU4" CO2="48315.10" CO="923.15" HC="5.40" NOx="22.15" PMx="1.22" fuel="20.77" electricity="0.00" noise="97.17" route="routetop" type="cfm-fast" waiting="0.00" lane="left_0" pos="25.27" speed="24.48" angle="139.02" x="15.56" y="14.75"/>
        <vehicle id="cfm-fast_4" eclass="HBEFA3/PC_G_EU4" CO2="32920.40" CO="622.65" HC="3.66" NOx="14.80" PMx="0.83" fuel="14.15" electricity="0.00" noise="85.22" route="routeleft" type="cfm-fast" waiting="0.00" lane="left_0" pos="44.52" speed="28.25" angle="104.42" x="51.84" y="-3.92"/>
        <vehicle id="cfm-fast_5" eclass="HBEFA3/PC_G_EU4" CO2="117760.63" CO="2391.85" HC="13.83" NOx="54.76" PMx="3.06" fuel="50.62" electricity="0.00" noise="129.99" route="routebottom" type="cfm-fast" waiting="0.00" lane="bottom_1" pos="11.39" speed="31.36" angle="73.93" x="86.55" y="2.50"/>
        <vehicle id="cfm-slow_0" eclass="HBEFA3/PC_G_EU4" CO2="14725.53" CO="230.80" HC="1.41" NOx="6.45" PMx="0.33" fuel="6.33" electricity="0.00" noise="75.21" route="routebottom" type="cfm-slow" waiting="0.00" lane="bottom_0" pos="27.89" speed="18.13" angle="44.27" x="116.36" y="19.75"/>
        <vehicle id="cfm-slow_1" eclass="HBEFA3/PC_G_EU4" CO2="15116.98" CO="238.79" HC="1.46" NOx="6.63" PMx="0.34" fuel="6.50" electricity="0.00" noise="75.54" route="routebottom" type="cfm-slow" waiting="0.00" lane="bottom_0" pos="43.73" speed="18.15" angle="15.88" x="130.93" y="50.17"/>
        <vehicle id="cfm-slow_2" eclass="HBEFA3/PC_G_EU4" CO2="16531.00" CO="267.63" HC="1.62" NOx="7.29" PMx="0.38" fuel="7.11" electricity="0.00" noise="76.72" route="routebottom" type="cfm-slow" waiting="0.00" lane="right_0" pos="9.60" speed="18.26" angle="347.17" x="129.15" y="84.10"/>
        <vehicle id="cfm-slow_3" eclass="HBEFA3/PC_G_EU4" CO2="20751.60" CO="353.60" HC="2.12" NOx="9.28" PMx="0.49" fuel="8.92" electricity="0.00" noise="80.22" route="routebottom" type="cfm-slow" waiting="0.00" lane="right_0" pos="25.59" speed="18.68" angle="318.43" x="111.27" y="113.06"/>
        <vehicle id="cfm-slow_4" eclass="HBEFA3/PC_G_EU4" CO2="30468.46" CO="551.71" HC="3.27" NOx="13.83" PMx="0.75" fuel="13.10" electricity="0.00" noise="87.73" route="routeright" type="cfm-slow" waiting="0.00" lane="right_0" pos="42.03" speed="19.93" angle="288.88" x="80.73" y="130.11"/>
        <vehicle id="cfm-slow_5" eclass="HBEFA3/PC_G_EU4" CO2="43652.27" CO="823.73" HC="4.83" NOx="19.98" PMx="1.09" fuel="18.76" electricity="0.00" noise="95.42" route="routetop" type="cfm-slow" waiting="0.00" lane="top_0" pos="9.81" speed="22.85" angle="256.78" x="42.80" y="129.02"/>
    </timestep>
    <timestep time="2.31">
        <vehicle id="cfm-fast_0" eclass="HBEFA3/PC_G_EU4" CO2="34813.80" CO="655.84" HC="3.85" NOx="15.71" PMx="0.87" fuel="14.96" electricity="0.00" noise="86.67" route="routetop" type="cfm-fast" waiting="0.00" lane="top_0" pos="30.95" speed="27.20" angle="218.83" x="7.00" y="102.34"/>
        <vehicle id="cfm-fast_1" eclass="HBEFA3/PC_G_EU4" CO2="116609.62" CO="2365.68" HC="13.68" NOx="54.23" PMx="3.02" fuel="50.12" electricity="0.00" noise="129.85" route="routetop" type="cfm-fast" waiting="0.00" lane="top_1" pos="47.77" speed="31.07" angle="188.56" x="-1.48" y="68.26"/>
        <vehicle id="cfm-fast_2" eclass="HBEFA3/PC_G_EU4" CO2="34456.29" CO="633.79" HC="3.74" NOx="15.66" PMx="0.85" fuel="14.81" electricity="0.00" noise="89.00" route="routetop" type="cfm-fast" waiting="0.00" lane="left_0" pos="8.56" speed="22.35" angle="169.00" x="-2.46" y="45.39"/>
        <vehicle id="cfm-fast_3" eclass="HBEFA3/PC_G_EU4" CO2="48089.53" CO="918.70" HC="5.38" NOx="22.04" PMx="1.21" fuel="20.67" electricity="0.00" noise="96.95" route="routetop" type="cfm-fast" waiting="0.00" lane="left_0" pos="25.51" speed="24.55" angle="138.57" x="15.94" y="14.37"/>
        <vehicle id="cfm-fast_4" eclass="HBEFA3/PC_G_EU4" CO2="31952.59" CO="602.94" HC="3.54" NOx="14.34" PMx="0.80" fuel="13.73" electricity="0.00" noise="84.66" route="routeleft" type="cfm-fast" waiting="0.00" lane="left_0" pos="44.81" speed="28.29" angle="103.92" x="52.44" y="-4.03"/>
        <vehicle id="cfm-fast_5" eclass="HBEFA3/PC_G_EU4" CO2="118294.94" CO="2404.02" HC="13.90" NOx="55.01" PMx="3.07" fuel="50.85" electricity="0.00" noise="130.06" route="routebottom" type="cfm-fast" waiting="0.00" lane="bottom_1" pos="11.71" speed="31.50" angle="73.41" x="87.15" y="2.73"/>
        <vehicle id="cfm-slow_0" eclass="HBEFA3/PC_G_EU4" CO2="14642.10" CO="229.02" HC="1.40" NOx="6.41" PMx="0.33" fuel="6.29" electricity="0.00" noise="75.14" route="routebottom" type="cfm-slow" waiting="0.00" lane="bottom_0" pos="28.07" speed="18.15" angle="43.93" x="116.61" y="20.05"/>
        <vehicle id="cfm-slow_1" eclass="HBEFA3/PC_G_EU4" CO2="15043.48" CO="237.21" HC="1.45" NOx="6.59" PMx="0.34" fuel="6.47" electricity="0.00" noise="75.47" route="routebottom" type="cfm-slow" waiting="0.00" lane="bottom_0" pos="43.91" speed="18.18" angle="15.53" x="131.00" y="50.56"/>
        <vehicle id="cfm-slow_2" eclass="HBEFA3/PC_G_EU4" CO2="16484.57" CO="266.60" HC="1.62" NOx="7.27" PMx="0.38" fuel="7.09" electricity="0.00" noise="76.67" route="routebottom" type="cfm-slow" waiting="0.00" lane="right_0" pos="9.78" speed="18.29" angle="346.84" x="129.04" y="84.47"/>
        <vehicle id="cfm-slow_3" eclass="HBEFA3/PC_G_EU4" CO2="20756.66" CO="353.63" HC="2.12" NOx="9.28" PMx="0.49" fuel="8.92" electricity="0.00" noise="80.21" route="routebottom" type="cfm-slow" waiting="0.00" lane="right_0" pos="25.78" speed="18.71" angle="318.11" x="110.97" y="113.34"/>
        <vehicle id="cfm-slow_4" eclass="HBEFA3/PC_G_EU4" CO2="30507.62" CO="552.47" HC="3.27" NOx="13.85" PMx="0.75" fuel="13.11" electricity="0.00" noise="87.72" route="routeright" type="cfm-slow" waiting="0.00" lane="right_0" pos="42.23" speed="19.98" angle="288.53" x="80.31" y="130.22"/>
        <vehicle id="cfm-slow_5" eclass="HBEFA3/PC_G_EU4" CO2="43523.31" CO="821.17" HC="4.82" NOx="19.92" PMx="1.09" fuel="18.71" electricity="0.00" noise="95.26" route="routetop" type="cfm-slow" waiting="0.00" lane="top_0" pos="10.04" speed="22.92" angle="256.37" x="42.33" y="128.87"/>
    </timestep>
    <timestep time="2.32">
        <vehicle id="cfm-fast_0" eclass="HBEFA3/PC_G_EU4" CO2="34355.42" CO="646.61" HC="3.80" NOx="15.50" PMx="0.86" fuel="14.77" electricity="0.00" noise="86.38" route="routetop" type="cfm-fast" waiting="0.00" lane="top_0" pos="31.22" speed="27.24" angle="218.34" x="6.68" y="101.85"/>
        <vehicle id="cfm-fast_1" eclass="HBEFA3/PC_G_EU4" CO2="117143.30" CO="2377.80" HC="13.75" NOx="54.48" PMx="3.04" fuel="50.35" electricity="0.00" noise="129.92" route="routetop" type="cfm-fast" waiting="0.00" lane="top_1" pos="48.08" speed="31.21" angle="187.99" x="-1.52" y="67.63"/>
        <vehicle id="cfm-fast_2" eclass="HBEFA3/PC_G_EU4" CO2="34460.20" CO="633.93" HC="3.74" NOx="15.66" PMx="0.85" fuel="14.81" electricity="0.00" noise="88.97" route="routetop" type="cfm-fast" waiting="0.00" lane="left_0" pos="8.78" speed="22.40" angle="168.59" x="-2.33" y="44.92"/>
        <vehicle id="cfm-fast_3" eclass="HBEFA3/PC_G_EU4" CO2="47857.58" CO="914.12" HC="5.35" NOx="21.93" PMx="1.21" fuel="20.57" electricity="0.00" noise="96.73" route="routetop" type="cfm-fast" waiting="0.00" lane="left_0" pos="25.76" speed="24.62" angle="138.17" x="16.32" y="14.01"/>
        <vehicle id="cfm-fast_4" eclass="HBEFA3/PC_G_EU4" CO2="30996.78" CO="583.47" HC="3.43" NOx="13.89" PMx="0.78" fuel="13.32" electricity="0.00" noise="84.11" route="routeleft" type="cfm-fast" waiting="0.00" lane="left_0" pos="45.09" speed="28.33" angle="103.44" x="53.05" y="-4.12"/>
        <vehicle id="cfm-fast_5" eclass="HBEFA3/PC_G_EU4" CO2="118829.54" CO="2416.21" HC="13.96" NOx="55.26" PMx="3.08" fuel="51.08" electricity="0.00" noise="130.12" route="routebottom" type="cfm-fast" waiting="0.00" lane="bottom_1" pos="12.02" speed="31.64" angle="72.84" x="87.76" y="2.97"/>
        <vehicle id="cfm-slow_0" eclass="HBEFA3/PC_G_EU4" CO2="14559.29" CO="227.25" HC="1.39" NOx="6.37" PMx="0.33" fuel="6.26" electricity="0.00" noise="75.06" route="routebottom" type="cfm-slow" waiting="0.00" lane="bottom_0" pos="28.25" speed="18.18" angle="43.65" x="116.86" y="20.35"/>
        <vehicle id="cfm-slow_1" eclass="HBEFA3/PC_G_EU4" CO2="14970.75" CO="235.65" HC="1.44" NOx="6.56" PMx="0.34" fuel="6.44" electricity="0.00" noise="75.40" route="routebottom" type="cfm-slow" waiting="0.00" lane="bottom_0" pos="44.09" speed="18.20" angle="15.19" x="131.07" y="50.94"/>
        <vehicle id="cfm-slow_2" eclass="HBEFA3/PC_G_EU4" CO2="16439.13" CO="265.60" HC="1.61" NOx="7.25" PMx="0.38" fuel="7.07" electricity="0.00" noise="76.62" route="routebottom" type="cfm-slow" waiting="0.00" lane="right_0" pos="9.97" speed="18.32" angle="346.51" x="128.92" y="84.85"/>
        <vehicle id="cfm-slow_3" eclass="HBEFA3/PC_G_EU4" CO2="20762.52" CO="353.68" HC="2.12" NOx="9.28" PMx="0.49" fuel="8.92" electricity="0.00" noise="80.20" route="routebottom" type="cfm-slow" waiting="0.00" lane="right_0" pos="25.97" speed="18.75" angle="317.77" x="110.68" y="113.62"/>
        <vehicle id="cfm-slow_4" eclass="HBEFA3/PC_G_EU4" CO2="30545.83" CO="553.20" HC="3.27" NOx="13.86" PMx="0.75" fuel="13.13" electricity="0.00" noise="87.71" route="routeright" type="cfm-slow" waiting="0.00" lane="right_0" pos="42.43" speed="20.03" angle="288.21" x="79.89" y="130.32"/>
        <vehicle id="cfm-slow_5" eclass="HBEFA3/PC_G_EU4" CO2="43391.44" CO="818.55" HC="4.80" NOx="19.86" PMx="1.09" fuel="18.65" electricity="0.00" noise="95.10" route="routetop" type="cfm-slow" waiting="0.00" lane="top_0" pos="10.27" speed="22.98" angle="256.01" x="41.86" y="128.72"/>
    </timestep>
    <timestep time="2.33">
        <vehicle id="cfm-fast_0" eclass="HBEFA3/PC_G_EU4" CO2="33903.76" CO="637.52" HC="3.75" NOx="15.28" PMx="0.85" fuel="14.57" electricity="0.00" noise="86.10" route="routetop" type="cfm-fast" waiting="0.00" lane="top_0" pos="31.49" speed="27.28" angle="217.85" x="6.35" y="101.36"/>
        <vehicle id="cfm-fast_1" eclass="HBEFA3/PC_G_EU4" CO2="117677.28" CO="2389.95" HC="13.82" NOx="54.73" PMx="3.05" fuel="50.58" electricity="0.00" noise="129.98" route="routetop" type="cfm-fast" waiting="0.00" lane="top_1" pos="48.39" speed="31.34" angle="187.42" x="-1.56" y="66.98"/>
        <vehicle id="cfm-fast_2" eclass="HBEFA3/PC_G_EU4" CO2="34462.76" CO="634.04" HC="3.74" NOx="15.66" PMx="0.85" fuel="14.81" electricity="0.00" noise="88.93" route="routetop" type="cfm-fast" waiting="0.00" lane="left_0" pos="9.00" speed="22.46" angle="168.24" x="-2.20" y="44.46"/>
        <vehicle id="cfm-fast_3" eclass="HBEFA3/PC_G_EU4" CO2="47619.38" CO="909.41" HC="5.32" NOx="21.81" PMx="1.20" fuel="20.47" electricity="0.00" noise="96.50" route="routetop" type="cfm-fast" waiting="0.00" lane="left_0" pos="26.01" speed="24.68" angle="137.72" x="16.71" y="13.65"/>
        <vehicle id="cfm-fast_4" eclass="HBEFA3/PC_G_EU4" CO2="30053.00" CO="564.24" HC="3.32" NOx="13.44" PMx="0.75" fuel="12.92" electricity="0.00" noise="83.57" route="routeleft" type="cfm-fast" waiting="0.00" lane="left_0" pos="45.37" speed="28.36" angle="102.92" x="53.65" y="-4.21"/>
        <vehicle id="cfm-fast_5" eclass="HBEFA3/PC_G_EU4" CO2="119364.44" CO="2428.43" HC="14.03" NOx="55.51" PMx="3.10" fuel="51.31" electricity="0.00" noise="130.19" route="routebottom" type="cfm-fast" waiting="0.00" lane="bottom_1" pos="12.34" speed="31.77" angle="72.27" x="88.36" y="3.21"/>
        <vehicle id="cfm-slow_0" eclass="HBEFA3/PC_G_EU4" CO2="14477.08" CO="225.50" HC="1.38" NOx="6.33" PMx="0.33" fuel="6.22" electricity="0.00" noise="74.99" route="routebottom" type="cfm-slow" waiting="0.00" lane="bottom_0" pos="28.44" speed="18.20" angle="43.32" x="117.11" y="20.66"/>
        <vehicle id="cfm-slow_1" eclass="HBEFA3/PC_G_EU4" CO2="14898.80" CO="234.11" HC="1.43" NOx="6.52" PMx="0.34" fuel="6.40" electricity="0.00" noise="75.34" route="routebottom" type="cfm-slow" waiting="0.00" lane="bottom_0" pos="44.28" speed="18.23" angle="14.84" x="131.14" y="51.33"/>
        <vehicle id="cfm-slow_2" eclass="HBEFA3/PC_G_EU4" CO2="16394.69" CO="264.62" HC="1.61" NOx="7.23" PMx="0.38" fuel="7.05" electricity="0.00" noise="76.58" route="routebottom" type="cfm-slow" waiting="0.00" lane="right_0" pos="10.15" speed="18.35" angle="346.20" x="128.80" y="85.23"/>
        <vehicle id="cfm-slow_3" eclass="HBEFA3/PC_G_EU4" CO2="20769.17" CO="353.74" HC="2.12" NOx="9.28" PMx="0.49" fuel="8.93" electricity="0.00" noise="80.19" route="routebottom" type="cfm-slow" waiting="0.00" lane="right_0" pos="26.15" speed="18.78" angle="317.42" x="110.38" y="113.89"/>
        <vehicle id="cfm-slow_4" eclass="HBEFA3/PC_G_EU4" CO2="30583.10" CO="553.92" HC="3.28" NOx="13.88" PMx="0.75" fuel="13.15" electricity="0.00" noise="87.69" route="routeright" type="cfm-slow" waiting="0.00" lane="right_0" pos="42.63" speed="20.09" angle="287.85" x="79.47" y="130.42"/>
        <vehicle id="cfm-slow_5" eclass="HBEFA3/PC_G_EU4" CO2="43256.74" CO="815.88" HC="4.79" NOx="19.79" PMx="1.08" fuel="18.59" electricity="0.00" noise="94.93" route="routetop" type="cfm-slow" waiting="0.00" lane="top_0" pos="10.50" speed="23.05" angle="255.58" x="41.39" y="128.55"/>
    </timestep>
    <timestep time="2.34">
        <vehicle id="cfm-fast_0" eclass="HBEFA3/PC_G_EU4" CO2="33458.79" CO="628.57" HC="3.70" NOx="15.07" PMx="0.84" fuel="14.38" electricity="0.00" noise="85.82" route="routetop" type="cfm-fast" waiting="0.00" lane="top_0" pos="31.76" speed="27.32" angle="217.36" x="6.03" y="100.87"/>
        <vehicle id="cfm-fast_1" eclass="HBEFA3/PC_G_EU4" CO2="118211.54" CO="2402.12" HC="13.88" NOx="54.97" PMx="3.07" fuel="50.81" electricity="0.00" noise="130.05" route="routetop" type="cfm-fast" waiting="0.00" lane="top_1" pos="48.71" speed="31.48" angle="186.88" x="-1.60" y="66.34"/>
        <vehicle id="cfm-fast_2" eclass="HBEFA3/PC_G_EU4" CO2="34463.92" CO="634.12" HC="3.74" NOx="15.66" PMx="0.85" fuel="14.81" electricity="0.00" noise="88.90" route="routetop" type="cfm-fast" waiting="0.00" lane="left_0" pos="9.23" speed="22.51" angle="167.82" x="-2.06" y="43.99"/>
        <vehicle id="cfm-fast_3" eclass="HBEFA3/PC_G_EU4" CO2="47375.06" CO="904.58" HC="5.30" NOx="21.70" PMx="1.19" fuel="20.36" electricity="0.00" noise="96.28" route="routetop" type="cfm-fast" waiting="0.00" lane="left_0" pos="26.25" speed="24.75" angle="137.26" x="17.10" y="13.29"/>
        <vehicle id="cfm-fast_4" eclass="HBEFA3/PC_G_EU4" CO2="29121.26" CO="545.25" HC="3.21" NOx="13.00" PMx="0.73" fuel="12.52" electricity="0.00" noise="83.05" route="routeleft" type="cfm-fast" waiting="0.00" lane="left_0" pos="45.66" speed="28.39" angle="102.39" x="54.26" y="-4.29"/>
        <vehicle id="cfm-fast_5" eclass="HBEFA3/PC_G_EU4" CO2="119899.62" CO="2440.67" HC="14.10" NOx="55.76" PMx="3.11" fuel="51.54" electricity="0.00" noise="130.25" route="routebottom" type="cfm-fast" waiting="0.00" lane="bottom_1" pos="12.66" speed="31.91" angle="71.70" x="88.97" y="3.45"/>
        <vehicle id="cfm-slow_0" eclass="HBEFA3/PC_G_EU4" CO2="14395.49" CO="223.76" HC="1.37" NOx="6.29" PMx="0.32" fuel="6.19" electricity="0.00" noise="74.92" route="routebottom" type="cfm-slow" waiting="0.00" lane="bottom_0" pos="28.62" speed="18.22" angle="42.98" x="117.35" y="20.97"/>
        <vehicle id="cfm-slow_1" eclass="HBEFA3/PC_G_EU4" CO2="14827.64" CO="232.58" HC="1.42" NOx="6.49" PMx="0.34" fuel="6.37" electricity="0.00" noise="75.27" route="routebottom" type="cfm-slow" waiting="0.00" lane="bottom_0" pos="44.46" speed="18.25" angle="14.50" x="131.22" y="51.71"/>
        <vehicle id="cfm-slow_2" eclass="HBEFA3/PC_G_EU4" CO2="16351.25" CO="263.66" HC="1.60" NOx="7.21" PMx="0.38" fuel="7.03" electricity="0.00" noise="76.53" route="routebottom" type="cfm-slow" waiting="0.00" lane="right_0" pos="10.33" speed="18.38" angle="345.90" x="128.68" y="85.60"/>
        <vehicle id="cfm-slow_3" eclass="HBEFA3/PC_G_EU4" CO2="20776.59" CO="353.82" HC="2.12" NOx="9.28" PMx="0.49" fuel="8.93" electricity="0.00" noise="80.17" route="routebottom" type="cfm-slow" waiting="0.00" lane="right_0" pos="26.34" speed="18.82" angle="317.08" x="110.08" y="114.16"/>
        <vehicle id="cfm-slow_4" eclass="HBEFA3/PC_G_EU4" CO2="30619.39" CO="554.63" HC="3.28" NOx="13.90" PMx="0.75" fuel="13.16" electricity="0.00" noise="87.68" route="routeright" type="cfm-slow" waiting="0.00" lane="right_0" pos="42.83" speed="20.14" angle="287.48" x="79.05" y="130.51"/>
        <vehicle id="cfm-slow_5" eclass="HBEFA3/PC_G_EU4" CO2="43119.28" CO="813.16" HC="4.77" NOx="19.73" PMx="1.08" fuel="18.53" electricity="0.00" noise="94.77" route="routetop" type="cfm-slow" waiting="0.00" lane="top_0" pos="10.73" speed="23.11" angle="255.14" x="40.92" y="128.39"/>
    </timestep>
    <timestep time="2.35">
        <vehicle id="cfm-fast_0" eclass="HBEFA3/PC_G_EU4" CO2="33020.45" CO="619.75" HC="3.65" NOx="14.87" PMx="0.83" fuel="14.19" electricity="0.00" noise="85.54" route="routetop" type="cfm-fast" waiting="0.00" lane="top_0" pos="32.04" speed="27.36" angle="216.91" x="5.70" y="100.38"/>
        <vehicle id="cfm-fast_1" eclass="HBEFA3/PC_G_EU4" CO2="118746.10" CO="2414.31" HC="13.95" NOx="55.22" PMx="3.08" fuel="51.04" electricity="0.00" noise="130.11" route="routetop" type="cfm-fast" waiting="0.00" lane="top_1" pos="49.02" speed="31.62" angle="186.30" x="-1.61" y="65.69"/>
        <vehicle id="cfm-fast_2" eclass="HBEFA3/PC_G_EU4" CO2="34463.65" CO="634.17" HC="3.74" NOx="15.65" PMx="0.85" fuel="14.81" electricity="0.00" noise="88.86" route="routetop" type="cfm-fast" waiting="0.00" lane="left_0" pos="9.46" speed="22.56" angle="167.40" x="-1.91" y="43.53"/>
        <vehicle id="cfm-fast_3" eclass="HBEFA3/PC_G_EU4" CO2="47124.75" CO="899.63" HC="5.27" NOx="21.58" PMx="1.19" fuel="20.26" electricity="0.00" noise="96.05" route="routetop" type="cfm-fast" waiting="0.00" lane="left_0" pos="26.50" speed="24.82" angle="136.80" x="17.49" y="12.93"/>
        <vehicle id="cfm-fast_4" eclass="HBEFA3/PC_G_EU4" CO2="28201.59" CO="526.50" HC="3.10" NOx="12.57" PMx="0.71" fuel="12.12" electricity="0.00" noise="82.53" route="routeleft" type="cfm-fast" waiting="0.00" lane="left_0" pos="45.94" speed="28.42" angle="101.86" x="54.86" y="-4.38"/>
        <vehicle id="cfm-fast_5" eclass="HBEFA3/PC_G_EU4" CO2="120435.10" CO="2452.92" HC="14.17" NOx="56.01" PMx="3.13" fuel="51.77" electricity="0.00" noise="130.32" route="routebottom" type="cfm-fast" waiting="0.00" lane="bottom_1" pos="12.98" speed="32.05" angle="71.17" x="89.57" y="3.71"/>
        <vehicle id="cfm-slow_0" eclass="HBEFA3/PC_G_EU4" CO2="14314.52" CO="222.03" HC="1.36" NOx="6.25" PMx="0.32" fuel="6.15" electricity="0.00" noise="74.85" route="routebottom" type="cfm-slow" waiting="0.00" lane="bottom_0" pos="28.80" speed="18.25" angle="42.64" x="117.59" y="21.27"/>
        <vehicle id="cfm-slow_1" eclass="HBEFA3/PC_G_EU4" CO2="14757.25" CO="231.07" HC="1.41" NOx="6.46" PMx="0.33" fuel="6.34" electricity="0.00" noise="75.21" route="routebottom" type="cfm-slow" waiting="0.00" lane="bottom_0" pos="44.64" speed="18.28" angle="14.15" x="131.29" y="52.10"/>
        <vehicle id="cfm-slow_2" eclass="HBEFA3/PC_G_EU4" CO2="16308.79" CO="262.72" HC="1.60" NOx="7.19" PMx="0.37" fuel="7.01" electricity="0.00" noise="76.49" route="routebottom" type="cfm-slow" waiting="0.00" lane="right_0" pos="10.52" speed="18.40" angle="345.55" x="128.54" y="85.97"/>
        <vehicle id="cfm-slow_3" eclass="HBEFA3/PC_G_EU4" CO2="20784.77" CO="353.92" HC="2.12" NOx="9.29" PMx="0.49" fuel="8.93" electricity="0.00" noise="80.16" route="routebottom" type="cfm-slow" waiting="0.00" lane="right_0" pos="26.53" speed="18.86" angle="316.74" x="109.79" y="114.44"/>
        <vehicle id="cfm-slow_4" eclass="HBEFA3/PC_G_EU4" CO2="30654.70" CO="555.31" HC="3.29" NOx="13.91" PMx="0.75" fuel="13.18" electricity="0.00" noise="87.67" route="routeright" type="cfm-slow" waiting="0.00" lane="right_0" pos="43.03" speed="20.19" angle="287.11" x="78.63" y="130.61"/>
        <vehicle id="cfm-slow_5" eclass="HBEFA3/PC_G_EU4" CO2="42979.14" CO="810.38" HC="4.76" NOx="19.66" PMx="1.08" fuel="18.47" electricity="0.00" noise="94.61" route="routetop" type="cfm-slow" waiting="0.00" lane="top_0" pos="10.96" speed="23.18" angle="254.70" x="40.45" y="128.22"/>
    </timestep>
    <timestep time="2.36">
        <vehicle id="cfm-fast_0" eclass="HBEFA3/PC_G_EU4" CO2="32588.70" CO="611.06" HC="3.60" NOx="14.66" PMx="0.82" fuel="14.01" electricity="0.00" noise="85.27" route="routetop" type="cfm-fast" waiting="0.00" lane="top_0" pos="32.31" speed="27.40" angle="216.41" x="5.39" y="99.88"/>
        <vehicle id="cfm-fast_1" eclass="HBEFA3/PC_G_EU4" CO2="119280.95" CO="2426.52" HC="14.02" NOx="55.47" PMx="3.10" fuel="51.27" electricity="0.00" noise="130.18" route="routetop" type="cfm-fast" waiting="0.00" lane="top_1" pos="49.34" speed="31.75" angle="185.70" x="-1.62" y="65.04"/>
        <vehicle id="cfm-fast_2" eclass="HBEFA3/PC_G_EU4" CO2="34461.90" CO="634.20" HC="3.74" NOx="15.65" PMx="0.85" fuel="14.81" electricity="0.00" noise="88.82" route="routetop" type="cfm-fast" waiting="0.00" lane="left_0" pos="9.68" speed="22.61" angle="166.98" x="-1.77" y="43.06"/>
        <vehicle id="cfm-fast_3" eclass="HBEFA3/PC_G_EU4" CO2="46868.58" CO="894.56" HC="5.24" NOx="21.46" PMx="1.18" fuel="20.15" electricity="0.00" noise="95.82" route="routetop" type="cfm-fast" waiting="0.00" lane="left_0" pos="26.75" speed="24.88" angle="136.33" x="17.89" y="12.56"/>
        <vehicle id="cfm-fast_4" eclass="HBEFA3/PC_G_EU4" CO2="27293.97" CO="508.00" HC="3.00" NOx="12.14" PMx="0.68" fuel="11.73" electricity="0.00" noise="82.03" route="routeleft" type="cfm-fast" waiting="0.00" lane="left_0" pos="46.23" speed="28.45" angle="101.40" x="55.47" y="-4.46"/>
        <vehicle id="cfm-fast_5" eclass="HBEFA3/PC_G_EU4" CO2="120970.87" CO="2465.20" HC="14.24" NOx="56.26" PMx="3.14" fuel="52.00" electricity="0.00" noise="130.38" route="routebottom" type="cfm-fast" waiting="0.00" lane="bottom_1" pos="13.30" speed="32.18" angle="70.58" x="90.18" y="3.98"/>
        <vehicle id="cfm-slow_0" eclass="HBEFA3/PC_G_EU4" CO2="14234.16" CO="220.32" HC="1.35" NOx="6.21" PMx="0.32" fuel="6.12" electricity="0.00" noise="74.78" route="routebottom" type="cfm-slow" waiting="0.00" lane="bottom_0" pos="28.98" speed="18.27" angle="42.30" x="117.83" y="21.58"/>
        <vehicle id="cfm-slow_1" eclass="HBEFA3/PC_G_EU4" CO2="14687.65" CO="229.58" HC="1.41" NOx="6.42" PMx="0.33" fuel="6.31" electricity="0.00" noise="75.15" route="routebottom" type="cfm-slow" waiting="0.00" lane="bottom_0" pos="44.83" speed="18.30" angle="13.84" x="131.36" y="52.49"/>
        <vehicle id="cfm-slow_2" eclass="HBEFA3/PC_G_EU4" CO2="16267.33" CO="261.80" HC="1.59" NOx="7.17" PMx="0.37" fuel="6.99" electricity="0.00" noise="76.45" route="routebottom" type="cfm-slow" waiting="0.00" lane="right_0" pos="10.70" speed="18.43" angle="345.20" x="128.41" y="86.35"/>
        <vehicle id="cfm-slow_3" eclass="HBEFA3/PC_G_EU4" CO2="20793.68" CO="354.03" HC="2.12" NOx="9.29" PMx="0.49" fuel="8.94" electricity="0.00" noise="80.15" route="routebottom" type="cfm-slow" waiting="0.00" lane="right_0" pos="26.72" speed="18.89" angle="316.39" x="109.49" y="114.72"/>
        <vehicle id="cfm-slow_4" eclass="HBEFA3/PC_G_EU4" CO2="30689.01" CO="555.97" HC="3.29" NOx="13.93" PMx="0.75" fuel="13.19" electricity="0.00" noise="87.65" route="routeright" type="cfm-slow" waiting="0.00" lane="right_0" pos="43.24" speed="20.24" angle="286.74" x="78.20" y="130.71"/>
        <vehicle id="cfm-slow_5" eclass="HBEFA3/PC_G_EU4" CO2="42836.38" CO="807.55" HC="4.74" NOx="19.59" PMx="1.07" fuel="18.41" electricity="0.00" noise="94.45" route="routetop" type="cfm-slow" waiting="0.00" lane="top_0" pos="11.20" speed="23.24" angle="254.26" x="39.98" y="128.05"/>
    </timestep>
    <timestep time="2.37">
        <vehicle id="cfm-fast_0" eclass="HBEFA3/PC_G_EU4" CO2="32163.49" CO="602.50" HC="3.55" NOx="14.46" PMx="0.81" fuel="13.83" electricity="0.00" noise="85.01" route="routetop" type="cfm-fast" waiting="0.00" lane="top_0" pos="32.59" speed="27.44" angle="215.89" x="5.09" y="99.37"/>
        <vehicle id="cfm-fast_1" eclass="HBEFA3/PC_G_EU4" CO2="119816.09" CO="2438.76" HC="14.09" NOx="55.72" PMx="3.11" fuel="51.50" electricity="0.00" noise="130.24" route="routetop" type="cfm-fast" waiting="0.00" lane="top_1" pos="49.66" speed="31.89" angle="185.10" x="-1.64" y="64.39"/>
        <vehicle id="cfm-fast_2" eclass="HBEFA3/PC_G_EU4" CO2="34458.64" CO="634.20" HC="3.74" NOx="15.65" PMx="0.85" fuel="14.81" electricity="0.00" noise="88.78" route="routetop" type="cfm-fast" waiting="0.00" lane="left_0" pos="9.91" speed="22.67" angle="166.56" x="-1.63" y="42.60"/>
        <vehicle id="cfm-fast_3" eclass="HBEFA3/PC_G_EU4" CO2="46606.68" CO="889.37" HC="5.21" NOx="21.33" PMx="1.18" fuel="20.03" electricity="0.00" noise="95.58" route="routetop" type="cfm-fast" waiting="0.00" lane="left_0" pos="27.00" speed="24.95" angle="135.93" x="18.29" y="12.20"/>
        <vehicle id="cfm-fast_4" eclass="HBEFA3/PC_G_EU4" CO2="26398.42" CO="489.73" HC="2.89" NOx="11.72" PMx="0.66" fuel="11.35" electricity="0.00" noise="81.55" route="routeleft" type="cfm-fast" waiting="0.00" lane="left_0" pos="46.51" speed="28.48" angle="100.88" x="56.08" y="-4.52"/>
        <vehicle id="cfm-fast_5" eclass="HBEFA3/PC_G_EU4" CO2="121506.93" CO="2477.51" HC="14.31" NOx="56.51" PMx="3.16" fuel="52.23" electricity="0.00" noise="130.45" route="routebottom" type="cfm-fast" waiting="0.00" lane="bottom_1" pos="13.63" speed="32.32" angle="69.99" x="90.78" y="4.25"/>
        <vehicle id="cfm-slow_0" eclass="HBEFA3/PC_G_EU4" CO2="14154.42" CO="218.62" HC="1.34" NOx="6.17" PMx="0.32" fuel="6.08" electricity="0.00" noise="74.71" route="routebottom" type="cfm-slow" waiting="0.00" lane="bottom_0" pos="29.17" speed="18.30" angle="41.96" x="118.07" y="21.89"/>
        <vehicle id="cfm-slow_1" eclass="HBEFA3/PC_G_EU4" CO2="14618.83" CO="228.11" HC="1.40" NOx="6.39" PMx="0.33" fuel="6.28" electricity="0.00" noise="75.09" route="routebottom" type="cfm-slow" waiting="0.00" lane="bottom_0" pos="45.01" speed="18.33" angle="13.54" x="131.42" y="52.88"/>
        <vehicle id="cfm-slow_2" eclass="HBEFA3/PC_G_EU4" CO2="16226.85" CO="260.91" HC="1.59" NOx="7.15" PMx="0.37" fuel="6.98" electricity="0.00" noise="76.40" route="routebottom" type="cfm-slow" waiting="0.00" lane="right_0" pos="10.89" speed="18.46" angle="344.85" x="128.27" y="86.72"/>
        <vehicle id="cfm-slow_3" eclass="HBEFA3/PC_G_EU4" CO2="20803.31" CO="354.17" HC="2.13" NOx="9.29" PMx="0.49" fuel="8.94" electricity="0.00" noise="80.14" route="routebottom" type="cfm-slow" waiting="0.00" lane="right_0" pos="26.91" speed="18.93" angle="316.10" x="109.19" y="114.99"/>
        <vehicle id="cfm-slow_4" eclass="HBEFA3/PC_G_EU4" CO2="30722.30" CO="556.62" HC="3.29" NOx="13.94" PMx="0.75" fuel="13.21" electricity="0.00" noise="87.64" route="routeright" type="cfm-slow" waiting="0.00" lane="right_0" pos="43.44" speed="20.30" angle="286.37" x="77.77" y="130.80"/>
        <vehicle id="cfm-slow_5" eclass="HBEFA3/PC_G_EU4" CO2="42691.07" CO="804.67" HC="4.72" NOx="19.52" PMx="1.07" fuel="18.35" electricity="0.00" noise="94.28" route="routetop" type="cfm-slow" waiting="0.00" lane="top_0" pos="11.43" speed="23.31" angle="253.84" x="39.51" y="127.88"/>
    </timestep>
    <timestep time="2.38">
        <vehicle id="cfm-fast_0" eclass="HBEFA3/PC_G_EU4" CO2="31744.77" CO="594.08" HC="3.50" NOx="14.26" PMx="0.79" fuel="13.65" electricity="0.00" noise="84.75" route="routetop" type="cfm-fast" waiting="0.00" lane="top_0" pos="32.86" speed="27.48" angle="215.37" x="4.79" y="98.87"/>
        <vehicle id="cfm-fast_1" eclass="HBEFA3/PC_G_EU4" CO2="120351.52" CO="2451.01" HC="14.16" NOx="55.97" PMx="3.13" fuel="51.73" electricity="0.00" noise="130.31" route="routetop" type="cfm-fast" waiting="0.00" lane="top_1" pos="49.98" speed="32.02" angle="184.54" x="-1.65" y="63.73"/>
        <vehicle id="cfm-fast_2" eclass="HBEFA3/PC_G_EU4" CO2="34453.83" CO="634.17" HC="3.74" NOx="15.65" PMx="0.85" fuel="14.81" electricity="0.00" noise="88.74" route="routetop" type="cfm-fast" waiting="0.00" lane="left_0" pos="10.14" speed="22.72" angle="166.16" x="-1.48" y="42.13"/>
        <vehicle id="cfm-fast_3" eclass="HBEFA3/PC_G_EU4" CO2="46339.19" CO="884.07" HC="5.18" NOx="21.20" PMx="1.17" fuel="19.92" electricity="0.00" noise="95.35" route="routetop" type="cfm-fast" waiting="0.00" lane="left_0" pos="27.25" speed="25.01" angle="135.47" x="18.70" y="11.86"/>
        <vehicle id="cfm-fast_4" eclass="HBEFA3/PC_G_EU4" CO2="25514.92" CO="471.71" HC="2.79" NOx="11.30" PMx="0.64" fuel="10.97" electricity="0.00" noise="81.07" route="routeleft" type="cfm-fast" waiting="0.00" lane="left_0" pos="46.80" speed="28.51" angle="100.35" x="56.69" y="-4.58"/>
        <vehicle id="cfm-fast_5" eclass="HBEFA3/PC_G_EU4" CO2="122043.29" CO="2489.83" HC="14.38" NOx="56.76" PMx="3.17" fuel="52.46" electricity="0.00" noise="130.52" route="routebottom" type="cfm-fast" waiting="0.00" lane="bottom_1" pos="13.95" speed="32.45" angle="69.39" x="91.39" y="4.53"/>
        <vehicle id="cfm-slow_0" eclass="HBEFA3/PC_G_EU4" CO2="14075.31" CO="216.94" HC="1.33" NOx="6.13" PMx="0.32" fuel="6.05" electricity="0.00" noise="74.64" route="routebottom" type="cfm-slow" waiting="0.00" lane="bottom_0" pos="29.35" speed="18.32" angle="41.62" x="118.32" y="22.20"/>
        <vehicle id="cfm-slow_1" eclass="HBEFA3/PC_G_EU4" CO2="14550.80" CO="226.65" HC="1.39" NOx="6.36" PMx="0.33" fuel="6.25" electricity="0.00" noise="75.03" route="routebottom" type="cfm-slow" waiting="0.00" lane="bottom_0" pos="45.19" speed="18.35" angle="13.21" x="131.48" y="53.27"/>
        <vehicle id="cfm-slow_2" eclass="HBEFA3/PC_G_EU4" CO2="16187.35" CO="260.03" HC="1.58" NOx="7.13" PMx="0.37" fuel="6.96" electricity="0.00" noise="76.36" route="routebottom" type="cfm-slow" waiting="0.00" lane="right_0" pos="11.07" speed="18.49" angle="344.49" x="128.13" y="87.09"/>
        <vehicle id="cfm-slow_3" eclass="HBEFA3/PC_G_EU4" CO2="20813.65" CO="354.31" HC="2.13" NOx="9.30" PMx="0.49" fuel="8.95" electricity="0.00" noise="80.14" route="routebottom" type="cfm-slow" waiting="0.00" lane="right_0" pos="27.10" speed="18.97" angle="315.75" x="108.88" y="115.26"/>
        <vehicle id="cfm-slow_4" eclass="HBEFA3/PC_G_EU4" CO2="30754.57" CO="557.25" HC="3.30" NOx="13.96" PMx="0.75" fuel="13.22" electricity="0.00" noise="87.63" route="routeright" type="cfm-slow" waiting="0.00" lane="right_0" pos="43.64" speed="20.35" angle="286.05" x="77.35" y="130.90"/>
        <vehicle id="cfm-slow_5" eclass="HBEFA3/PC_G_EU4" CO2="42543.30" CO="801.75" HC="4.71" NOx="19.45" PMx="1.07" fuel="18.29" electricity="0.00" noise="94.12" route="routetop" type="cfm-slow" waiting="0.00" lane="top_0" pos="11.66" speed="23.37" angle="253.45" x="39.04" y="127.69"/>
    </timestep>
    <timestep time="2.39">
        <vehicle id="cfm-fast_0" eclass="HBEFA3/PC_G_EU4" CO2="31332.49" CO="585.79" HC="3.45" NOx="14.07" PMx="0.78" fuel="13.47" electricity="0.00" noise="84.50" route="routetop" type="cfm-fast" waiting="0.00" lane="top_0" pos="33.14" speed="27.51" angle="214.85" x="4.48" y="98.36"/>
        <vehicle id="cfm-fast_1" eclass="HBEFA3/PC_G_EU4" CO2="120887.24" CO="2463.29" HC="14.23" NOx="56.22" PMx="3.14" fuel="51.96" electricity="0.00" noise="130.37" route="routetop" type="cfm-fast" waiting="0.00" lane="left_1" pos="0.30" speed="32.16" angle="183.94" x="-1.64" y="63.01"/>
        <vehicle id="cfm-fast_2" eclass="HBEFA3/PC_G_EU4" CO2="34447.44" CO="634.10" HC="3.74" NOx="15.64" PMx="0.85" fuel="14.81" electricity="0.00" noise="88.70" route="routetop" type="cfm-fast" waiting="0.00" lane="left_0" pos="10.36" speed="22.77" angle="165.79" x="-1.33" y="41.67"/>
        <vehicle id="cfm-fast_3" eclass="HBEFA3/PC_G_EU4" CO2="46066.22" CO="878.65" HC="5.15" NOx="21.07" PMx="1.16" fuel="19.80" electricity="0.00" noise="95.11" route="routetop" type="cfm-fast" waiting="0.00" lane="left_0" pos="27.50" speed="25.08" angle="135.00" x="19.11" y="11.51"/>
        <vehicle id="cfm-fast_4" eclass="HBEFA3/PC_G_EU4" CO2="24643.45" CO="453.93" HC="2.68" NOx="10.89" PMx="0.61" fuel="10.59" electricity="0.00" noise="80.61" route="routeleft" type="cfm-fast" waiting="0.00" lane="left_0" pos="47.08" speed="28.53" angle="99.83" x="57.30" y="-4.64"/>
        <vehicle id="cfm-fast_5" eclass="HBEFA3/PC_G_EU4" CO2="122579.93" CO="2502.17" HC="14.45" NOx="57.01" PMx="3.19" fuel="52.69" electricity="0.00" noise="130.58" route="routebottom" type="cfm-fast" waiting="0.00" lane="bottom_1" pos="14.28" speed="32.59" angle="68.84" x="91.99" y="4.81"/>
        <vehicle id="cfm-slow_0" eclass="HBEFA3/PC_G_EU4" CO2="13996.81" CO="215.26" HC="1.32" NOx="6.10" PMx="0.31" fuel="6.02" electricity="0.00" noise="74.57" route="routebottom" type="cfm-slow" waiting="0.00" lane="bottom_0" pos="29.53" speed="18.34" angle="41.35" x="118.56" y="22.52"/>
        <vehicle id="cfm-slow_1" eclass="HBEFA3/PC_G_EU4" CO2="14483.56" CO="225.21" HC="1.38" NOx="6.33" PMx="0.33" fuel="6.23" electricity="0.00" noise="74.97" route="routebottom" type="cfm-slow" waiting="0.00" lane="bottom_0" pos="45.38" speed="18.38" angle="12.88" x="131.53" y="53.66"/>
        <vehicle id="cfm-slow_2" eclass="HBEFA3/PC_G_EU4" CO2="16148.84" CO="259.18" HC="1.58" NOx="7.11" PMx="0.37" fuel="6.94" electricity="0.00" noise="76.32" route="routebottom" type="cfm-slow" waiting="0.00" lane="right_0" pos="11.26" speed="18.52" angle="344.14" x="128.00" y="87.47"/>
        <vehicle id="cfm-slow_3" eclass="HBEFA3/PC_G_EU4" CO2="20824.67" CO="354.47" HC="2.13" NOx="9.30" PMx="0.49" fuel="8.95" electricity="0.00" noise="80.13" route="routebottom" type="cfm-slow" waiting="0.00" lane="right_0" pos="27.29" speed="19.00" angle="315.40" x="108.57" y="115.52"/>
        <vehicle id="cfm-slow_4" eclass="HBEFA3/PC_G_EU4" CO2="30785.79" CO="557.86" HC="3.30" NOx="13.97" PMx="0.75" fuel="13.23" electricity="0.00" noise="87.61" route="routeright" type="cfm-slow" waiting="0.00" lane="right_0" pos="43.85" speed="20.40" angle="285.66" x="76.92" y="130.98"/>
        <vehicle id="cfm-slow_5" eclass="HBEFA3/PC_G_EU4" CO2="42393.13" CO="798.77" HC="4.69" NOx="19.38" PMx="1.06" fuel="18.22" electricity="0.00" noise="93.96" route="routetop" type="cfm-slow" waiting="0.00" lane="top_0" pos="11.90" speed="23.43" angle="253.03" x="38.57" y="127.51"/>
    </timestep>
    <timestep time="2.40">
        <vehicle id="cfm-fast_0" eclass="HBEFA3/PC_G_EU4" CO2="30926.60" CO="577.62" HC="3.40" NOx="13.87" PMx="0.77" fuel="13.29" electricity="0.00" noise="84.25" route="routetop" type="cfm-fast" waiting="0.00" lane="top_0" pos="33.41" speed="27.55" angle="214.39" x="4.18" y="97.85"/>
        <vehicle id="cfm-fast_1" eclass="HBEFA3/PC_G_EU4" CO2="121423.26" CO="2475.58" HC="14.30" NOx="56.47" PMx="3.16" fuel="52.19" electricity="0.00" noise="130.44" route="routetop" type="cfm-fast" waiting="0.00" lane="left_1" pos="0.62" speed="32.30" angle="183.35" x="-1.63" y="62.35"/>
        <vehicle id="cfm-fast_2" eclass="HBEFA3/PC_G_EU4" CO2="34439.43" CO="634.01" HC="3.74" NOx="15.64" PMx="0.85" fuel="14.80" electricity="0.00" noise="88.66" route="routetop" type="cfm-fast" waiting="0.00" lane="left_0" pos="10.59" speed="22.82" angle="165.37" x="-1.16" y="41.20"/>
        <vehicle id="cfm-fast_3" eclass="HBEFA3/PC_G_EU4" CO2="45787.91" CO="873.13" HC="5.11" NOx="20.94" PMx="1.15" fuel="19.68" electricity="0.00" noise="94.88" route="routetop" type="cfm-fast" waiting="0.00" lane="left_0" pos="27.75" speed="25.14" angle="134.53" x="19.52" y="11.16"/>
        <vehicle id="cfm-fast_4" eclass="HBEFA3/PC_G_EU4" CO2="23784.02" CO="436.39" HC="2.58" NOx="10.48" PMx="0.59" fuel="10.22" electricity="0.00" noise="80.17" route="routeleft" type="cfm-fast" waiting="0.00" lane="left_0" pos="47.37" speed="28.56" angle="99.32" x="57.91" y="-4.71"/>
        <vehicle id="cfm-fast_5" eclass="HBEFA3/PC_G_EU4" CO2="123116.87" CO="2514.54" HC="14.52" NOx="57.26" PMx="3.20" fuel="52.92" electricity="0.00" noise="130.65" route="routebottom" type="cfm-fast" waiting="0.00" lane="bottom_1" pos="14.60" speed="32.73" angle="68.23" x="92.59" y="5.12"/>
        <vehicle id="cfm-slow_0" eclass="HBEFA3/PC_G_EU4" CO2="13918.94" CO="213.61" HC="1.31" NOx="6.06" PMx="0.31" fuel="5.98" electricity="0.00" noise="74.51" route="routebottom" type="cfm-slow" waiting="0.00" lane="bottom_0" pos="29.72" speed="18.37" angle="41.01" x="118.79" y="22.84"/>
        <vehicle id="cfm-slow_1" eclass="HBEFA3/PC_G_EU4" CO2="14417.11" CO="223.78" HC="1.37" NOx="6.29" PMx="0.33" fuel="6.20" electricity="0.00" noise="74.91" route="routebottom" type="cfm-slow" waiting="0.00" lane="bottom_0" pos="45.56" speed="18.40" angle="12.54" x="131.59" y="54.05"/>
        <vehicle id="cfm-slow_2" eclass="HBEFA3/PC_G_EU4" CO2="16111.30" CO="258.35" HC="1.57" NOx="7.09" PMx="0.37" fuel="6.93" electricity="0.00" noise="76.29" route="routebottom" type="cfm-slow" waiting="0.00" lane="right_0" pos="11.44" speed="18.54" angle="343.82" x="127.86" y="87.84"/>
        <vehicle id="cfm-slow_3" eclass="HBEFA3/PC_G_EU4" CO2="20836.38" CO="354.65" HC="2.13" NOx="9.31" PMx="0.49" fuel="8.96" electricity="0.00" noise="80.12" route="routebottom" type="cfm-slow" waiting="0.00" lane="right_0" pos="27.48" speed="19.04" angle="315.04" x="108.25" y="115.79"/>
        <vehicle id="cfm-slow_4" eclass="HBEFA3/PC_G_EU4" CO2="30815.96" CO="558.45" HC="3.31" NOx="13.98" PMx="0.75" fuel="13.25" electricity="0.00" noise="87.59" route="routeright" type="cfm-slow" waiting="0.00" lane="right_0" pos="44.05" speed="20.45" angle="285.27" x="76.48" y="131.05"/>
        <vehicle id="cfm-slow_5" eclass="HBEFA3/PC_G_EU4" CO2="42240.63" CO="795.75" HC="4.67" NOx="19.30" PMx="1.06" fuel="18.16" electricity="0.00" noise="93.79" route="routetop" type="cfm-slow" waiting="0.00" lane="top_0" pos="12.13" speed="23.50" angle="252.60" x="38.10" y="127.32"/>
    </timestep>
    <timestep time="2.41">
        <vehicle id="cfm-fast_0" eclass="HBEFA3/PC_G_EU4" CO2="30527.03" CO="569.58" HC="3.36" NOx="13.68" PMx="0.76" fuel="13.12" electricity="0.00" noise="84.01" route="routetop" type="cfm-fast" waiting="0.00" lane="top_0" pos="33.69" speed="27.58" angle="213.89" x="3.89" y="97.33"/>
        <vehicle id="cfm-fast_1" eclass="HBEFA3/PC_G_EU4" CO2="121959.57" CO="2487.90" HC="14.37" NOx="56.72" PMx="3.17" fuel="52.42" electricity="0.00" noise="130.50" route="routetop" type="cfm-fast" waiting="0.00" lane="left_1" pos="0.95" speed="32.43" angle="182.76" x="-1.61" y="61.68"/>
        <vehicle id="cfm-fast_2" eclass="HBEFA3/PC_G_EU4" CO2="34429.77" CO="633.88" HC="3.74" NOx="15.63" PMx="0.85" fuel="14.80" electricity="0.00" noise="88.62" route="routetop" type="cfm-fast" waiting="0.00" lane="left_0" pos="10.82" speed="22.87" angle="164.94" x="-0.99" y="40.74"/>
        <vehicle id="cfm-fast_3" eclass="HBEFA3/PC_G_EU4" CO2="45504.38" CO="867.51" HC="5.08" NOx="20.80" PMx="1.15" fuel="19.56" electricity="0.00" noise="94.64" route="routetop" type="cfm-fast" waiting="0.00" lane="left_0" pos="28.00" speed="25.20" angle="134.06" x="19.93" y="10.80"/>
        <vehicle id="cfm-fast_4" eclass="HBEFA3/PC_G_EU4" CO2="22936.58" CO="419.09" HC="2.48" NOx="10.08" PMx="0.57" fuel="9.86" electricity="0.00" noise="79.74" route="routeleft" type="cfm-fast" waiting="0.00" lane="left_0" pos="47.65" speed="28.58" angle="98.83" x="58.52" y="-4.75"/>
        <vehicle id="cfm-fast_5" eclass="HBEFA3/PC_G_EU4" CO2="123654.10" CO="2526.93" HC="14.59" NOx="57.51" PMx="3.22" fuel="53.15" electricity="0.00" noise="130.71" route="routebottom" type="cfm-fast" waiting="0.00" lane="bottom_1" pos="14.93" speed="32.86" angle="67.61" x="93.19" y="5.42"/>
        <vehicle id="cfm-slow_0" eclass="HBEFA3/PC_G_EU4" CO2="13841.70" CO="211.96" HC="1.30" NOx="6.02" PMx="0.31" fuel="5.95" electricity="0.00" noise="74.44" route="routebottom" type="cfm-slow" waiting="0.00" lane="bottom_0" pos="29.90" speed="18.39" angle="40.67" x="119.02" y="23.16"/>
        <vehicle id="cfm-slow_1" eclass="HBEFA3/PC_G_EU4" CO2="14351.45" CO="222.38" HC="1.36" NOx="6.26" PMx="0.32" fuel="6.17" electricity="0.00" noise="74.85" route="routebottom" type="cfm-slow" waiting="0.00" lane="bottom_0" pos="45.74" speed="18.42" angle="12.21" x="131.64" y="54.44"/>
        <vehicle id="cfm-slow_2" eclass="HBEFA3/PC_G_EU4" CO2="16074.73" CO="257.53" HC="1.57" NOx="7.07" PMx="0.37" fuel="6.91" electricity="0.00" noise="76.25" route="routebottom" type="cfm-slow" waiting="0.00" lane="right_0" pos="11.63" speed="18.57" angle="343.51" x="127.72" y="88.22"/>
        <vehicle id="cfm-slow_3" eclass="HBEFA3/PC_G_EU4" CO2="20848.74" CO="354.84" HC="2.13" NOx="9.31" PMx="0.49" fuel="8.96" electricity="0.00" noise="80.12" route="routebottom" type="cfm-slow" waiting="0.00" lane="right_0" pos="27.67" speed="19.07" angle="314.68" x="107.94" y="116.05"/>
        <vehicle id="cfm-slow_4" eclass="HBEFA3/PC_G_EU4" CO2="30845.06" CO="559.02" HC="3.31" NOx="14.00" PMx="0.76" fuel="13.26" electricity="0.00" noise="87.58" route="routeright" type="cfm-slow" waiting="0.00" lane="right_0" pos="44.26" speed="20.50" angle="284.88" x="76.05" y="131.13"/>
        <vehicle id="cfm-slow_5" eclass="HBEFA3/PC_G_EU4" CO2="42085.87" CO="792.69" HC="4.65" NOx="19.23" PMx="1.05" fuel="18.09" electricity="0.00" noise="93.63" route="routetop" type="cfm-slow" waiting="0.00" lane="top_0" pos="12.37" speed="23.56" angle="252.17" x="37.63" y="127.13"/>
    </timestep>
    <timestep time="2.42">
        <vehicle id="cfm-fast_0" eclass="HBEFA3/PC_G_EU4" CO2="30133.73" CO="561.68" HC="3.31" NOx="13.50" PMx="0.75" fuel="12.95" electricity="0.00" noise="83.77" route="routetop" type="cfm-fast" waiting="0.00" lane="top_0" pos="33.96" speed="27.62" angle="213.39" x="3.60" y="96.81"/>
        <vehicle id="cfm-fast_1" eclass="HBEFA3/PC_G_EU4" CO2="122496.17" CO="2500.24" HC="14.44" NOx="56.97" PMx="3.18" fuel="52.65" electricity="0.00" noise="130.57" route="routetop" type="cfm-fast" waiting="0.00" lane="left_1" pos="1.27" speed="32.57" angle="182.21" x="-1.60" y="61.02"/>
        <vehicle id="cfm-fast_2" eclass="HBEFA3/PC_G_EU4" CO2="34418.42" CO="633.72" HC="3.74" NOx="15.62" PMx="0.85" fuel="14.79" electricity="0.00" noise="88.58" route="routetop" type="cfm-fast" waiting="0.00" lane="left_0" pos="11.05" speed="22.92" angle="164.52" x="-0.83" y="40.28"/>
        <vehicle id="cfm-fast_3" eclass="HBEFA3/PC_G_EU4" CO2="45215.78" CO="861.78" HC="5.05" NOx="20.67" PMx="1.14" fuel="19.44" electricity="0.00" noise="94.40" route="routetop" type="cfm-fast" waiting="0.00" lane="left_0" pos="28.26" speed="25.26" angle="133.65" x="20.35" y="10.46"/>
        <vehicle id="cfm-fast_4" eclass="HBEFA3/PC_G_EU4" CO2="22101.11" CO="402.02" HC="2.38" NOx="9.69" PMx="0.55" fuel="9.50" electricity="0.00" noise="79.32" route="routeleft" type="cfm-fast" waiting="0.00" lane="left_0" pos="47.94" speed="28.60" angle="98.28" x="59.14" y="-4.79"/>
        <vehicle id="cfm-fast_5" eclass="HBEFA3/PC_G_EU4" CO2="124191.62" CO="2539.33" HC="14.66" NOx="57.76" PMx="3.23" fuel="53.38" electricity="0.00" noise="130.78" route="routebottom" type="cfm-fast" waiting="0.00" lane="bottom_1" pos="15.26" speed="33.00" angle="67.00" x="93.80" y="5.72"/>
        <vehicle id="cfm-slow_0" eclass="HBEFA3/PC_G_EU4" CO2="13765.08" CO="210.33" HC="1.30" NOx="5.99" PMx="0.31" fuel="5.92" electricity="0.00" noise="74.38" route="routebottom" type="cfm-slow" waiting="0.00" lane="bottom_0" pos="30.08" speed="18.41" angle="40.33" x="119.25" y="23.48"/>
        <vehicle id="cfm-slow_1" eclass="HBEFA3/PC_G_EU4" CO2="14286.58" CO="220.99" HC="1.36" NOx="6.23" PMx="0.32" fuel="6.14" electricity="0.00" noise="74.80" route="routebottom" type="cfm-slow" waiting="0.00" lane="bottom_0" pos="45.93" speed="18.45" angle="11.88" x="131.70" y="54.84"/>
        <vehicle id="cfm-slow_2" eclass="HBEFA3/PC_G_EU4" CO2="16039.13" CO="256.74" HC="1.56" NOx="7.05" PMx="0.37" fuel="6.89" electricity="0.00" noise="76.21" route="routebottom" type="cfm-slow" waiting="0.00" lane="right_0" pos="11.81" speed="18.60" angle="343.17" x="127.57" y="88.59"/>
        <vehicle id="cfm-slow_3" eclass="HBEFA3/PC_G_EU4" CO2="20861.74" CO="355.05" HC="2.13" NOx="9.32" PMx="0.49" fuel="8.97" electricity="0.00" noise="80.11" route="routebottom" type="cfm-slow" waiting="0.00" lane="right_0" pos="27.86" speed="19.11" angle="314.32" x="107.63" y="116.32"/>
        <vehicle id="cfm-slow_4" eclass="HBEFA3/PC_G_EU4" CO2="30873.09" CO="559.57" HC="3.31" NOx="14.01" PMx="0.76" fuel="13.27" electricity="0.00" noise="87.56" route="routeright" type="cfm-slow" waiting="0.00" lane="right_0" pos="44.46" speed="20.55" angle="284.49" x="75.61" y="131.21"/>
        <vehicle id="cfm-slow_5" eclass="HBEFA3/PC_G_EU4" CO2="41928.91" CO="789.59" HC="4.64" NOx="19.15" PMx="1.05" fuel="18.02" electricity="0.00" noise="93.47" route="routetop" type="cfm-slow" waiting="0.00" lane="top_0" pos="12.60" speed="23.62" angle="251.75" x="37.16" y="126.94"/>
    </timestep>
    <timestep time="2.43">
        <vehicle id="cfm-fast_0" eclass="HBEFA3/PC_G_EU4" CO2="29746.65" CO="553.89" HC="3.26" NOx="13.31" PMx="0.74" fuel="12.79" electricity="0.00" noise="83.54" route="routetop" type="cfm-fast" waiting="0.00" lane="top_0" pos="34.24" speed="27.65" angle="212.89" x="3.31" y="96.29"/>
        <vehicle id="cfm-fast_1" eclass="HBEFA3/PC_G_EU4" CO2="123033.06" CO="2512.61" HC="14.51" NOx="57.22" PMx="3.20" fuel="52.89" electricity="0.00" noise="130.64" route="routetop" type="cfm-fast" waiting="0.00" lane="left_1" pos="1.60" speed="32.71" angle="181.61" x="-1.56" y="60.35"/>
        <vehicle id="cfm-fast_2" eclass="HBEFA3/PC_G_EU4" CO2="34405.37" CO="633.53" HC="3.74" NOx="15.62" PMx="0.85" fuel="14.79" electricity="0.00" noise="88.53" route="routetop" type="cfm-fast" waiting="0.00" lane="left_0" pos="11.28" speed="22.98" angle="164.09" x="-0.66" y="39.81"/>
        <vehicle id="cfm-fast_3" eclass="HBEFA3/PC_G_EU4" CO2="44922.22" CO="855.95" HC="5.01" NOx="20.53" PMx="1.13" fuel="19.31" electricity="0.00" noise="94.15" route="routetop" type="cfm-fast" waiting="0.00" lane="left_0" pos="28.51" speed="25.33" angle="133.18" x="20.78" y="10.12"/>
        <vehicle id="cfm-fast_4" eclass="HBEFA3/PC_G_EU4" CO2="21277.59" CO="385.20" HC="2.29" NOx="9.30" PMx="0.53" fuel="9.15" electricity="0.00" noise="78.91" route="routeleft" type="cfm-fast" waiting="0.00" lane="left_0" pos="48.22" speed="28.63" angle="97.73" x="59.75" y="-4.82"/>
        <vehicle id="cfm-fast_5" eclass="HBEFA3/PC_G_EU4" CO2="124729.44" CO="2551.76" HC="14.73" NOx="58.02" PMx="3.25" fuel="53.61" electricity="0.00" noise="130.84" route="routebottom" type="cfm-fast" waiting="0.00" lane="bottom_1" pos="15.59" speed="33.14" angle="66.45" x="94.40" y="6.04"/>
        <vehicle id="cfm-slow_0" eclass="HBEFA3/PC_G_EU4" CO2="13689.09" CO="208.72" HC="1.29" NOx="5.95" PMx="0.31" fuel="5.88" electricity="0.00" noise="74.31" route="routebottom" type="cfm-slow" waiting="0.00" lane="bottom_0" pos="30.27" speed="18.43" angle="40.00" x="119.49" y="23.80"/>
        <vehicle id="cfm-slow_1" eclass="HBEFA3/PC_G_EU4" CO2="14222.51" CO="219.62" HC="1.35" NOx="6.20" PMx="0.32" fuel="6.11" electricity="0.00" noise="74.74" route="routebottom" type="cfm-slow" waiting="0.00" lane="bottom_0" pos="46.11" speed="18.47" angle="11.57" x="131.76" y="55.23"/>
        <vehicle id="cfm-slow_2" eclass="HBEFA3/PC_G_EU4" CO2="16004.50" CO="255.97" HC="1.56" NOx="7.04" PMx="0.37" fuel="6.88" electricity="0.00" noise="76.18" route="routebottom" type="cfm-slow" waiting="0.00" lane="right_0" pos="12.00" speed="18.62" angle="342.83" x="127.42" y="88.96"/>
        <vehicle id="cfm-slow_3" eclass="HBEFA3/PC_G_EU4" CO2="20875.36" CO="355.27" HC="2.13" NOx="9.32" PMx="0.49" fuel="8.97" electricity="0.00" noise="80.10" route="routebottom" type="cfm-slow" waiting="0.00" lane="right_0" pos="28.05" speed="19.14" angle="313.96" x="107.31" y="116.59"/>
        <vehicle id="cfm-slow_4" eclass="HBEFA3/PC_G_EU4" CO2="30900.03" CO="560.10" HC="3.31" NOx="14.02" PMx="0.76" fuel="13.28" electricity="0.00" noise="87.54" route="routeright" type="cfm-slow" waiting="0.00" lane="right_0" pos="44.67" speed="20.61" angle="284.10" x="75.18" y="131.29"/>
        <vehicle id="cfm-slow_5" eclass="HBEFA3/PC_G_EU4" CO2="41769.84" CO="786.44" HC="4.62" NOx="19.08" PMx="1.05" fuel="17.95" electricity="0.00" noise="93.30" route="routetop" type="cfm-slow" waiting="0.00" lane="top_0" pos="12.84" speed="23.68" angle="251.37" x="36.69" y="126.75"/>
    </timestep>
    <timestep time="2.44">
        <vehicle id="cfm-fast_0" eclass="HBEFA3/PC_G_EU4" CO2="29365.72" CO="546.23" HC="3.22" NOx="13.13" PMx="0.73" fuel="12.62" electricity="0.00" noise="83.31" route="routetop" type="cfm-fast" waiting="0.00" lane="top_0" pos="34.52" speed="27.69" angle="212.40" x="3.03" y="95.77"/>
        <vehicle id="cfm-fast_1" eclass="HBEFA3/PC_G_EU4" CO2="123570.25" CO="2524.99" HC="14.58" NOx="57.47" PMx="3.21" fuel="53.12" electricity="0.00" noise="130.70" route="routetop" type="cfm-fast" waiting="0.00" lane="left_1" pos="1.93" speed="32.84" angle="181.02" x="-1.52" y="59.67"/>
        <vehicle id="cfm-fast_2" eclass="HBEFA3/PC_G_EU4" CO2="34390.57" CO="633.31" HC="3.74" NOx="15.61" PMx="0.85" fuel="14.78" electricity="0.00" noise="88.49" route="routetop" type="cfm-fast" waiting="0.00" lane="left_0" pos="11.51" speed="23.03" angle="163.73" x="-0.50" y="39.34"/>
        <vehicle id="cfm-fast_3" eclass="HBEFA3/PC_G_EU4" CO2="44623.83" CO="850.02" HC="4.98" NOx="20.38" PMx="1.12" fuel="19.18" electricity="0.00" noise="93.91" route="routetop" type="cfm-fast" waiting="0.00" lane="left_0" pos="28.76" speed="25.39" angle="132.71" x="21.21" y="9.78"/>
        <vehicle id="cfm-fast_4" eclass="HBEFA3/PC_G_EU4" CO2="20465.98" CO="368.62" HC="2.19" NOx="8.91" PMx="0.50" fuel="8.80" electricity="0.00" noise="78.53" route="routeleft" type="cfm-fast" waiting="0.00" lane="left_0" pos="48.51" speed="28.65" angle="97.18" x="60.37" y="-4.86"/>
        <vehicle id="cfm-fast_5" eclass="HBEFA3/PC_G_EU4" CO2="125267.54" CO="2564.22" HC="14.80" NOx="58.27" PMx="3.26" fuel="53.85" electricity="0.00" noise="130.91" route="routebottom" type="cfm-fast" waiting="0.00" lane="bottom_1" pos="15.93" speed="33.27" angle="65.85" x="94.99" y="6.37"/>
        <vehicle id="cfm-slow_0" eclass="HBEFA3/PC_G_EU4" CO2="13613.72" CO="207.12" HC="1.28" NOx="5.91" PMx="0.30" fuel="5.85" electricity="0.00" noise="74.25" route="routebottom" type="cfm-slow" waiting="0.00" lane="bottom_0" pos="30.45" speed="18.46" angle="39.66" x="119.72" y="24.12"/>
        <vehicle id="cfm-slow_1" eclass="HBEFA3/PC_G_EU4" CO2="14159.23" CO="218.26" HC="1.34" NOx="6.17" PMx="0.32" fuel="6.09" electricity="0.00" noise="74.69" route="routebottom" type="cfm-slow" waiting="0.00" lane="bottom_0" pos="46.30" speed="18.50" angle="11.26" x="131.80" y="55.62"/>
        <vehicle id="cfm-slow_2" eclass="HBEFA3/PC_G_EU4" CO2="15970.83" CO="255.22" HC="1.55" NOx="7.02" PMx="0.37" fuel="6.87" electricity="0.00" noise="76.14" route="routebottom" type="cfm-slow" waiting="0.00" lane="right_0" pos="12.19" speed="18.65" angle="342.49" x="127.27" y="89.33"/>
        <vehicle id="cfm-slow_3" eclass="HBEFA3/PC_G_EU4" CO2="20889.60" CO="355.50" HC="2.13" NOx="9.33" PMx="0.49" fuel="8.98" electricity="0.00" noise="80.10" route="routebottom" type="cfm-slow" waiting="0.00" lane="right_0" pos="28.24" speed="19.18" angle="313.68" x="107.00" y="116.85"/>
        <vehicle id="cfm-slow_4" eclass="HBEFA3/PC_G_EU4" CO2="30925.87" CO="560.61" HC="3.32" NOx="14.03" PMx="0.76" fuel="13.29" electricity="0.00" noise="87.52" route="routeright" type="cfm-slow" waiting="0.00" lane="right_0" pos="44.87" speed="20.66" angle="283.77" x="74.74" y="131.38"/>
        <vehicle id="cfm-slow_5" eclass="HBEFA3/PC_G_EU4" CO2="41608.70" CO="783.25" HC="4.60" NOx="19.00" PMx="1.04" fuel="17.89" electricity="0.00" noise="93.14" route="routetop" type="cfm-slow" waiting="0.00" lane="top_0" pos="13.08" speed="23.74" angle="250.94" x="36.22" y="126.54"/>
    </timestep>
    <timestep time="2.45">
        <vehicle id="cfm-fast_0" eclass="HBEFA3/PC_G_EU4" CO2="28990.88" CO="538.70" HC="3.18" NOx="12.96" PMx="0.72" fuel="12.46" electricity="0.00" noise="83.09" route="routetop" type="cfm-fast" waiting="0.00" lane="top_0" pos="34.79" speed="27.72" angle="211.94" x="2.75" y="95.24"/>
        <vehicle id="cfm-fast_1" eclass="HBEFA3/PC_G_EU4" CO2="124107.72" CO="2537.40" HC="14.65" NOx="57.73" PMx="3.23" fuel="53.35" electricity="0.00" noise="130.77" route="routetop" type="cfm-fast" waiting="0.00" lane="left_1" pos="2.26" speed="32.98" angle="180.42" x="-1.48" y="59.00"/>
        <vehicle id="cfm-fast_2" eclass="HBEFA3/PC_G_EU4" CO2="34373.99" CO="633.05" HC="3.74" NOx="15.60" PMx="0.85" fuel="14.78" electricity="0.00" noise="88.44" route="routetop" type="cfm-fast" waiting="0.00" lane="left_0" pos="11.74" speed="23.08" angle="163.33" x="-0.31" y="38.88"/>
        <vehicle id="cfm-fast_3" eclass="HBEFA3/PC_G_EU4" CO2="44320.75" CO="843.99" HC="4.95" NOx="20.24" PMx="1.12" fuel="19.05" electricity="0.00" noise="93.66" route="routetop" type="cfm-fast" waiting="0.00" lane="left_0" pos="29.02" speed="25.45" angle="132.24" x="21.64" y="9.45"/>
        <vehicle id="cfm-fast_4" eclass="HBEFA3/PC_G_EU4" CO2="19666.23" CO="352.27" HC="2.10" NOx="8.54" PMx="0.48" fuel="8.45" electricity="0.00" noise="78.15" route="routeleft" type="cfm-fast" waiting="0.00" lane="left_0" pos="48.80" speed="28.67" angle="96.70" x="60.98" y="-4.89"/>
        <vehicle id="cfm-fast_5" eclass="HBEFA3/PC_G_EU4" CO2="125805.94" CO="2576.69" HC="14.87" NOx="58.52" PMx="3.28" fuel="54.08" electricity="0.00" noise="130.97" route="routebottom" type="cfm-fast" waiting="0.00" lane="bottom_1" pos="16.26" speed="33.41" angle="65.24" x="95.59" y="6.70"/>
        <vehicle id="cfm-slow_0" eclass="HBEFA3/PC_G_EU4" CO2="13538.99" CO="205.53" HC="1.27" NOx="5.88" PMx="0.30" fuel="5.82" electricity="0.00" noise="74.19" route="routebottom" type="cfm-slow" waiting="0.00" lane="bottom_0" pos="30.64" speed="18.48" angle="39.32" x="119.95" y="24.45"/>
        <vehicle id="cfm-slow_1" eclass="HBEFA3/PC_G_EU4" CO2="14096.75" CO="216.92" HC="1.33" NOx="6.14" PMx="0.32" fuel="6.06" electricity="0.00" noise="74.63" route="routebottom" type="cfm-slow" waiting="0.00" lane="bottom_0" pos="46.48" speed="18.52" angle="10.92" x="131.84" y="56.02"/>
        <vehicle id="cfm-slow_2" eclass="HBEFA3/PC_G_EU4" CO2="15938.11" CO="254.49" HC="1.55" NOx="7.00" PMx="0.37" fuel="6.85" electricity="0.00" noise="76.11" route="routebottom" type="cfm-slow" waiting="0.00" lane="right_0" pos="12.37" speed="18.68" angle="342.15" x="127.12" y="89.71"/>
        <vehicle id="cfm-slow_3" eclass="HBEFA3/PC_G_EU4" CO2="20904.43" CO="355.75" HC="2.14" NOx="9.33" PMx="0.50" fuel="8.99" electricity="0.00" noise="80.10" route="routebottom" type="cfm-slow" waiting="0.00" lane="right_0" pos="28.44" speed="19.22" angle="313.33" x="106.67" y="117.11"/>
        <vehicle id="cfm-slow_4" eclass="HBEFA3/PC_G_EU4" CO2="30950.60" CO="561.10" HC="3.32" NOx="14.04" PMx="0.76" fuel="13.30" electricity="0.00" noise="87.50" route="routeright" type="cfm-slow" waiting="0.00" lane="right_0" pos="45.08" speed="20.71" angle="283.41" x="74.30" y="131.44"/>
        <vehicle id="cfm-slow_5" eclass="HBEFA3/PC_G_EU4" CO2="41445.58" CO="780.03" HC="4.58" NOx="18.92" PMx="1.04" fuel="17.82" electricity="0.00" noise="92.97" route="routetop" type="cfm-slow" waiting="0.00" lane="top_0" pos="13.32" speed="23.80" angle="250.51" x="35.76" y="126.33"/>
    </timestep>
    <timestep time="2.46">
        <vehicle id="cfm-fast_0" eclass="HBEFA3/PC_G_EU4" CO2="28622.08" CO="531.28" HC="3.13" NOx="12.78" PMx="0.71" fuel="12.30" electricity="0.00" noise="82.88" route="routetop" type="cfm-fast" waiting="0.00" lane="top_0" pos="35.07" speed="27.75" angle="211.43" x="2.48" y="94.71"/>
        <vehicle id="cfm-fast_1" eclass="HBEFA3/PC_G_EU4" CO2="124645.49" CO="2549.82" HC="14.72" NOx="57.98" PMx="3.24" fuel="53.58" electricity="0.00" noise="130.83" route="routetop" type="cfm-fast" waiting="0.00" lane="left_1" pos="2.59" speed="33.12" angle="179.85" x="-1.43" y="58.32"/>
        <vehicle id="cfm-fast_2" eclass="HBEFA3/PC_G_EU4" CO2="34355.63" CO="632.75" HC="3.73" NOx="15.59" PMx="0.85" fuel="14.77" electricity="0.00" noise="88.40" route="routetop" type="cfm-fast" waiting="0.00" lane="left_0" pos="11.97" speed="23.13" angle="162.91" x="-0.13" y="38.42"/>
        <vehicle id="cfm-fast_3" eclass="HBEFA3/PC_G_EU4" CO2="44013.10" CO="837.87" HC="4.91" NOx="20.09" PMx="1.11" fuel="18.92" electricity="0.00" noise="93.42" route="routetop" type="cfm-fast" waiting="0.00" lane="left_0" pos="29.27" speed="25.51" angle="131.77" x="22.07" y="9.11"/>
        <vehicle id="cfm-fast_4" eclass="HBEFA3/PC_G_EU4" CO2="18878.31" CO="336.17" HC="2.00" NOx="8.16" PMx="0.46" fuel="8.11" electricity="0.00" noise="77.79" route="routeleft" type="cfm-fast" waiting="0.00" lane="left_0" pos="49.08" speed="28.68" angle="96.18" x="61.60" y="-4.91"/>
        <vehicle id="cfm-fast_5" eclass="HBEFA3/PC_G_EU4" CO2="126344.63" CO="2589.19" HC="14.94" NOx="58.77" PMx="3.29" fuel="54.31" electricity="0.00" noise="131.04" route="routebottom" type="cfm-fast" waiting="0.00" lane="bottom_1" pos="16.60" speed="33.55" angle="64.66" x="96.20" y="7.03"/>
        <vehicle id="cfm-slow_0" eclass="HBEFA3/PC_G_EU4" CO2="13464.88" CO="203.95" HC="1.26" NOx="5.84" PMx="0.30" fuel="5.79" electricity="0.00" noise="74.13" route="routebottom" type="cfm-slow" waiting="0.00" lane="bottom_0" pos="30.82" speed="18.50" angle="39.04" x="120.18" y="24.77"/>
        <vehicle id="cfm-slow_1" eclass="HBEFA3/PC_G_EU4" CO2="14035.07" CO="215.60" HC="1.33" NOx="6.11" PMx="0.32" fuel="6.03" electricity="0.00" noise="74.58" route="routebottom" type="cfm-slow" waiting="0.00" lane="bottom_0" pos="46.67" speed="18.54" angle="10.59" x="131.88" y="56.42"/>
        <vehicle id="cfm-slow_2" eclass="HBEFA3/PC_G_EU4" CO2="15906.35" CO="253.79" HC="1.55" NOx="6.99" PMx="0.36" fuel="6.84" electricity="0.00" noise="76.08" route="routebottom" type="cfm-slow" waiting="0.00" lane="right_0" pos="12.56" speed="18.70" angle="341.81" x="126.97" y="90.08"/>
        <vehicle id="cfm-slow_3" eclass="HBEFA3/PC_G_EU4" CO2="20919.84" CO="356.01" HC="2.14" NOx="9.34" PMx="0.50" fuel="8.99" electricity="0.00" noise="80.09" route="routebottom" type="cfm-slow" waiting="0.00" lane="right_0" pos="28.63" speed="19.25" angle="312.97" x="106.35" y="117.36"/>
        <vehicle id="cfm-slow_4" eclass="HBEFA3/PC_G_EU4" CO2="30974.22" CO="561.57" HC="3.32" NOx="14.05" PMx="0.76" fuel="13.31" electricity="0.00" noise="87.48" route="routeright" type="cfm-slow" waiting="0.00" lane="right_0" pos="45.29" speed="20.76" angle="283.04" x="73.86" y="131.50"/>
        <vehicle id="cfm-slow_5" eclass="HBEFA3/PC_G_EU4" CO2="41280.54" CO="776.76" HC="4.56" NOx="18.84" PMx="1.03" fuel="17.74" electricity="0.00" noise="92.81" route="routetop" type="cfm-slow" waiting="0.00" lane="top_0" pos="13.55" speed="23.86" angle="250.07" x="35.29" y="126.12"/>
    </timestep>
    <timestep time="2.47">
        <vehicle id="cfm-fast_0" eclass="HBEFA3/PC_G_EU4" CO2="28259.24" CO="523.99" HC="3.09" NOx="12.61" PMx="0.70" fuel="12.15" electricity="0.00" noise="82.66" route="routetop" type="cfm-fast" waiting="0.00" lane="top_0" pos="35.35" speed="27.79" angle="210.91" x="2.22" y="94.17"/>
        <vehicle id="cfm-fast_1" eclass="HBEFA3/PC_G_EU4" CO2="125183.55" CO="2562.27" HC="14.79" NOx="58.23" PMx="3.26" fuel="53.81" electricity="0.00" noise="130.90" route="routetop" type="cfm-fast" waiting="0.00" lane="left_1" pos="2.92" speed="33.25" angle="179.25" x="-1.36" y="57.64"/>
        <vehicle id="cfm-fast_2" eclass="HBEFA3/PC_G_EU4" CO2="34335.43" CO="632.42" HC="3.73" NOx="15.58" PMx="0.85" fuel="14.76" electricity="0.00" noise="88.35" route="routetop" type="cfm-fast" waiting="0.00" lane="left_0" pos="12.20" speed="23.18" angle="162.50" x="0.06" y="37.96"/>
        <vehicle id="cfm-fast_3" eclass="HBEFA3/PC_G_EU4" CO2="43701.00" CO="831.66" HC="4.87" NOx="19.94" PMx="1.10" fuel="18.78" electricity="0.00" noise="93.17" route="routetop" type="cfm-fast" waiting="0.00" lane="left_0" pos="29.53" speed="25.57" angle="131.36" x="22.51" y="8.77"/>
        <vehicle id="cfm-fast_4" eclass="HBEFA3/PC_G_EU4" CO2="18102.16" CO="320.29" HC="1.91" NOx="7.80" PMx="0.44" fuel="7.78" electricity="0.00" noise="77.44" route="routeleft" type="cfm-fast" waiting="0.00" lane="left_0" pos="49.37" speed="28.70" angle="95.65" x="62.22" y="-4.92"/>
        <vehicle id="cfm-fast_5" eclass="HBEFA3/PC_G_EU4" CO2="126883.61" CO="2601.70" HC="15.01" NOx="59.02" PMx="3.31" fuel="54.54" electricity="0.00" noise="131.10" route="routebottom" type="cfm-fast" waiting="0.00" lane="bottom_1" pos="16.93" speed="33.68" angle="64.05" x="96.79" y="7.38"/>
        <vehicle id="cfm-slow_0" eclass="HBEFA3/PC_G_EU4" CO2="13391.41" CO="202.39" HC="1.25" NOx="5.81" PMx="0.30" fuel="5.76" electricity="0.00" noise="74.07" route="routebottom" type="cfm-slow" waiting="0.00" lane="bottom_0" pos="31.01" speed="18.52" angle="38.71" x="120.40" y="25.10"/>
        <vehicle id="cfm-slow_1" eclass="HBEFA3/PC_G_EU4" CO2="13974.18" CO="214.30" HC="1.32" NOx="6.08" PMx="0.31" fuel="6.01" electricity="0.00" noise="74.53" route="routebottom" type="cfm-slow" waiting="0.00" lane="bottom_0" pos="46.85" speed="18.56" angle="10.25" x="131.92" y="56.81"/>
        <vehicle id="cfm-slow_2" eclass="HBEFA3/PC_G_EU4" CO2="15875.53" CO="253.10" HC="1.54" NOx="6.97" PMx="0.36" fuel="6.82" electricity="0.00" noise="76.05" route="routebottom" type="cfm-slow" waiting="0.00" lane="right_0" pos="12.75" speed="18.73" angle="341.50" x="126.82" y="90.45"/>
        <vehicle id="cfm-slow_3" eclass="HBEFA3/PC_G_EU4" CO2="20935.81" CO="356.28" HC="2.14" NOx="9.35" PMx="0.50" fuel="9.00" electricity="0.00" noise="80.09" route="routebottom" type="cfm-slow" waiting="0.00" lane="right_0" pos="28.82" speed="19.29" angle="312.62" x="106.02" y="117.62"/>
        <vehicle id="cfm-slow_4" eclass="HBEFA3/PC_G_EU4" CO2="30996.71" CO="562.01" HC="3.33" NOx="14.06" PMx="0.76" fuel="13.32" electricity="0.00" noise="87.46" route="routeright" type="cfm-slow" waiting="0.00" lane="right_0" pos="45.50" speed="20.81" angle="282.66" x="73.42" y="131.57"/>
        <vehicle id="cfm-slow_5" eclass="HBEFA3/PC_G_EU4" CO2="41113.64" CO="773.46" HC="4.54" NOx="18.76" PMx="1.03" fuel="17.67" electricity="0.00" noise="92.64" route="routetop" type="cfm-slow" waiting="0.00" lane="top_0" pos="13.79" speed="23.92" angle="249.63" x="34.82" y="125.91"/>
    </timestep>
    <timestep time="2.48">
        <vehicle id="cfm-fast_0" eclass="HBEFA3/PC_G_EU4" CO2="27902.30" CO="516.82" HC="3.05" NOx="12.44" PMx="0.70" fuel="11.99" electricity="0.00" noise="82.46" route="routetop" type="cfm-fast" waiting="0.00" lane="top_0" pos="35.63" speed="27.82" angle="210.40" x="1.95" y="93.63"/>
        <vehicle id="cfm-fast_1" eclass="HBEFA3/PC_G_EU4" CO2="125721.90" CO="2574.74" HC="14.86" NOx="58.48" PMx="3.27" fuel="54.04" electricity="0.00" noise="130.96" route="routetop" type="cfm-fast" waiting="0.00" lane="left_1" pos="3.26" speed="33.39" angle="178.64" x="-1.30" y="56.96"/>
        <vehicle id="cfm-fast_2" eclass="HBEFA3/PC_G_EU4" CO2="34313.39" CO="632.05" HC="3.73" NOx="15.57" PMx="0.85" fuel="14.75" electricity="0.00" noise="88.30" route="routetop" type="cfm-fast" waiting="0.00" lane="left_0" pos="12.44" speed="23.23" angle="162.09" x="0.24" y="37.49"/>
        <vehicle id="cfm-fast_3" eclass="HBEFA3/PC_G_EU4" CO2="43384.58" CO="825.36" HC="4.84" NOx="19.79" PMx="1.09" fuel="18.65" electricity="0.00" noise="92.92" route="routetop" type="cfm-fast" waiting="0.00" lane="left_0" pos="29.79" speed="25.62" angle="130.89" x="22.95" y="8.45"/>
        <vehicle id="cfm-fast_4" eclass="HBEFA3/PC_G_EU4" CO2="17337.75" CO="304.66" HC="1.82" NOx="7.44" PMx="0.42" fuel="7.45" electricity="0.00" noise="77.11" route="routeleft" type="cfm-fast" waiting="0.00" lane="left_0" pos="49.66" speed="28.72" angle="95.13" x="62.84" y="-4.93"/>
        <vehicle id="cfm-fast_5" eclass="HBEFA3/PC_G_EU4" CO2="127422.88" CO="2614.24" HC="15.08" NOx="59.27" PMx="3.32" fuel="54.77" electricity="0.00" noise="131.17" route="routebottom" type="cfm-fast" waiting="0.00" lane="bottom_1" pos="17.27" speed="33.82" angle="63.41" x="97.38" y="7.74"/>
        <vehicle id="cfm-slow_0" eclass="HBEFA3/PC_G_EU4" CO2="13318.57" CO="200.85" HC="1.24" NOx="5.77" PMx="0.30" fuel="5.72" electricity="0.00" noise="74.01" route="routebottom" type="cfm-slow" waiting="0.00" lane="bottom_0" pos="31.19" speed="18.54" angle="38.37" x="120.62" y="25.43"/>
        <vehicle id="cfm-slow_1" eclass="HBEFA3/PC_G_EU4" CO2="13914.09" CO="213.01" HC="1.31" NOx="6.05" PMx="0.31" fuel="5.98" electricity="0.00" noise="74.48" route="routebottom" type="cfm-slow" waiting="0.00" lane="bottom_0" pos="47.04" speed="18.59" angle="9.91" x="131.96" y="57.21"/>
        <vehicle id="cfm-slow_2" eclass="HBEFA3/PC_G_EU4" CO2="15845.66" CO="252.43" HC="1.54" NOx="6.96" PMx="0.36" fuel="6.81" electricity="0.00" noise="76.02" route="routebottom" type="cfm-slow" waiting="0.00" lane="right_0" pos="12.94" speed="18.76" angle="341.18" x="126.66" y="90.82"/>
        <vehicle id="cfm-slow_3" eclass="HBEFA3/PC_G_EU4" CO2="20952.32" CO="356.57" HC="2.14" NOx="9.35" PMx="0.50" fuel="9.01" electricity="0.00" noise="80.09" route="routebottom" type="cfm-slow" waiting="0.00" lane="right_0" pos="29.01" speed="19.32" angle="312.27" x="105.69" y="117.87"/>
        <vehicle id="cfm-slow_4" eclass="HBEFA3/PC_G_EU4" CO2="31018.06" CO="562.44" HC="3.33" NOx="14.07" PMx="0.76" fuel="13.33" electricity="0.00" noise="87.44" route="routeright" type="cfm-slow" waiting="0.00" lane="right_0" pos="45.70" speed="20.86" angle="282.29" x="72.97" y="131.63"/>
        <vehicle id="cfm-slow_5" eclass="HBEFA3/PC_G_EU4" CO2="40944.95" CO="770.13" HC="4.52" NOx="18.68" PMx="1.02" fuel="17.60" electricity="0.00" noise="92.48" route="routetop" type="cfm-slow" waiting="0.00" lane="top_0" pos="14.03" speed="23.98" angle="249.24" x="34.35" y="125.70"/>
    </timestep>
    <timestep time="2.49">
        <vehicle id="cfm-fast_0" eclass="HBEFA3/PC_G_EU4" CO2="27551.21" CO="509.76" HC="3.01" NOx="12.27" PMx="0.69" fuel="11.84" electricity="0.00" noise="82.26" route="routetop" type="cfm-fast" waiting="0.00" lane="top_0" pos="35.91" speed="27.85" angle="209.94" x="1.68" y="93.10"/>
        <vehicle id="cfm-fast_1" eclass="HBEFA3/PC_G_EU4" CO2="126260.54" CO="2587.23" HC="14.93" NOx="58.73" PMx="3.29" fuel="54.27" electricity="0.00" noise="131.03" route="routetop" type="cfm-fast" waiting="0.00" lane="left_1" pos="3.59" speed="33.52" angle="178.03" x="-1.23" y="56.28"/>
        <vehicle id="cfm-fast_2" eclass="HBEFA3/PC_G_EU4" CO2="34289.48" CO="631.65" HC="3.73" NOx="15.56" PMx="0.85" fuel="14.74" electricity="0.00" noise="88.25" route="routetop" type="cfm-fast" waiting="0.00" lane="left_0" pos="12.67" speed="23.28" angle="161.68" x="0.43" y="37.03"/>
        <vehicle id="cfm-fast_3" eclass="HBEFA3/PC_G_EU4" CO2="43063.97" CO="818.98" HC="4.80" NOx="19.64" PMx="1.08" fuel="18.51" electricity="0.00" noise="92.67" route="routetop" type="cfm-fast" waiting="0.00" lane="left_0" pos="30.04" speed="25.68" angle="130.42" x="23.40" y="8.12"/>
        <vehicle id="cfm-fast_4" eclass="HBEFA3/PC_G_EU4" CO2="16585.00" CO="289.25" HC="1.73" NOx="7.08" PMx="0.40" fuel="7.13" electricity="0.00" noise="76.80" route="routeleft" type="cfm-fast" waiting="0.00" lane="left_0" pos="49.95" speed="28.73" angle="94.62" x="63.45" y="-4.95"/>
        <vehicle id="cfm-fast_5" eclass="HBEFA3/PC_G_EU4" CO2="127962.45" CO="2626.80" HC="15.15" NOx="59.52" PMx="3.33" fuel="55.00" electricity="0.00" noise="131.23" route="routebottom" type="cfm-fast" waiting="0.00" lane="bottom_1" pos="17.61" speed="33.95" angle="62.77" x="97.98" y="8.10"/>
        <vehicle id="cfm-slow_0" eclass="HBEFA3/PC_G_EU4" CO2="13246.35" CO="199.31" HC="1.23" NOx="5.74" PMx="0.29" fuel="5.69" electricity="0.00" noise="73.95" route="routebottom" type="cfm-slow" waiting="0.00" lane="bottom_0" pos="31.38" speed="18.56" angle="38.04" x="120.85" y="25.76"/>
        <vehicle id="cfm-slow_1" eclass="HBEFA3/PC_G_EU4" CO2="13854.80" CO="211.75" HC="1.30" NOx="6.02" PMx="0.31" fuel="5.96" electricity="0.00" noise="74.43" route="routebottom" type="cfm-slow" waiting="0.00" lane="bottom_0" pos="47.23" speed="18.61" angle="9.56" x="132.01" y="57.61"/>
        <vehicle id="cfm-slow_2" eclass="HBEFA3/PC_G_EU4" CO2="15816.72" CO="251.78" HC="1.53" NOx="6.94" PMx="0.36" fuel="6.80" electricity="0.00" noise="75.99" route="routebottom" type="cfm-slow" waiting="0.00" lane="right_0" pos="13.12" speed="18.78" angle="340.84" x="126.50" y="91.19"/>
        <vehicle id="cfm-slow_3" eclass="HBEFA3/PC_G_EU4" CO2="20969.37" CO="356.86" HC="2.14" NOx="9.36" PMx="0.50" fuel="9.01" electricity="0.00" noise="80.09" route="routebottom" type="cfm-slow" waiting="0.00" lane="right_0" pos="29.21" speed="19.36" angle="311.92" x="105.36" y="118.13"/>
        <vehicle id="cfm-slow_4" eclass="HBEFA3/PC_G_EU4" CO2="31038.27" CO="562.84" HC="3.33" NOx="14.08" PMx="0.76" fuel="13.34" electricity="0.00" noise="87.42" route="routeright" type="cfm-slow" waiting="0.00" lane="right_0" pos="45.91" speed="20.91" angle="281.91" x="72.53" y="131.69"/>
        <vehicle id="cfm-slow_5" eclass="HBEFA3/PC_G_EU4" CO2="40774.53" CO="766.76" HC="4.50" NOx="18.60" PMx="1.02" fuel="17.53" electricity="0.00" noise="92.31" route="routetop" type="cfm-slow" waiting="0.00" lane="top_0" pos="14.27" speed="24.04" angle="248.80" x="33.88" y="125.47"/>
    </timestep>
    <timestep time="2.50">
        <vehicle id="cfm-fast_0" eclass="HBEFA3/PC_G_EU4" CO2="27205.88" CO="502.82" HC="2.97" NOx="12.11" PMx="0.68" fuel="11.69" electricity="0.00" noise="82.06" route="routetop" type="cfm-fast" waiting="0.00" lane="top_0" pos="36.19" speed="27.88" angle="209.42" x="1.44" y="92.55"/>
        <vehicle id="cfm-fast_1" eclass="HBEFA3/PC_G_EU4" CO2="126799.48" CO="2599.75" HC="15.00" NOx="58.98" PMx="3.30" fuel="54.50" electricity="0.00" noise="131.09" route="routetop" type="cfm-fast" waiting="0.00" lane="left_1" pos="3.93" speed="33.66" angle="177.46" x="-1.15" y="55.59"/>
        <vehicle id="cfm-fast_2" eclass="HBEFA3/PC_G_EU4" CO2="34263.67" CO="631.21" HC="3.72" NOx="15.54" PMx="0.85" fuel="14.73" electricity="0.00" noise="88.20" route="routetop" type="cfm-fast" waiting="0.00" lane="left_0" pos="12.90" speed="23.33" angle="161.31" x="0.63" y="36.57"/>
        <vehicle id="cfm-fast_3" eclass="HBEFA3/PC_G_EU4" CO2="42739.29" CO="812.51" HC="4.76" NOx="19.49" PMx="1.08" fuel="18.37" electricity="0.00" noise="92.42" route="routetop" type="cfm-fast" waiting="0.00" lane="left_0" pos="30.30" speed="25.74" angle="129.94" x="23.85" y="7.80"/>
        <vehicle id="cfm-fast_4" eclass="HBEFA3/PC_G_EU4" CO2="15843.87" CO="274.08" HC="1.65" NOx="6.73" PMx="0.38" fuel="6.81" electricity="0.00" noise="76.49" route="routebottom" type="cfm-fast" waiting="0.00" lane="bottom_0" pos="0.23" speed="28.75" angle="94.05" x="64.26" y="-4.94"/>
        <vehicle id="cfm-fast_5" eclass="HBEFA3/PC_G_EU4" CO2="128502.30" CO="2639.38" HC="15.22" NOx="59.78" PMx="3.35" fuel="55.24" electricity="0.00" noise="131.30" route="routebottom" type="cfm-fast" waiting="0.00" lane="bottom_1" pos="17.95" speed="34.09" angle="62.19" x="98.58" y="8.47"/>
        <vehicle id="cfm-slow_0" eclass="HBEFA3/PC_G_EU4" CO2="13174.78" CO="197.79" HC="1.22" NOx="5.70" PMx="0.29" fuel="5.66" electricity="0.00" noise="73.89" route="routebottom" type="cfm-slow" waiting="0.00" lane="bottom_0" pos="31.57" speed="18.59" angle="37.70" x="121.07" y="26.10"/>
        <vehicle id="cfm-slow_1" eclass="HBEFA3/PC_G_EU4" CO2="13796.31" CO="210.49" HC="1.30" NOx="5.99" PMx="0.31" fuel="5.93" electricity="0.00" noise="74.38" route="routebottom" type="cfm-slow" waiting="0.00" lane="bottom_0" pos="47.41" speed="18.63" angle="9.26" x="132.05" y="58.01"/>
        <vehicle id="cfm-slow_2" eclass="HBEFA3/PC_G_EU4" CO2="15788.71" CO="251.15" HC="1.53" NOx="6.93" PMx="0.36" fuel="6.79" electricity="0.00" noise="75.96" route="routebottom" type="cfm-slow" waiting="0.00" lane="right_0" pos="13.31" speed="18.81" angle="340.50" x="126.33" y="91.56"/>
        <vehicle id="cfm-slow_3" eclass="HBEFA3/PC_G_EU4" CO2="20986.93" CO="357.17" HC="2.14" NOx="9.37" PMx="0.50" fuel="9.02" electricity="0.00" noise="80.09" route="routebottom" type="cfm-slow" waiting="0.00" lane="right_0" pos="29.40" speed="19.39" angle="311.58" x="105.04" y="118.39"/>
        <vehicle id="cfm-slow_4" eclass="HBEFA3/PC_G_EU4" CO2="31057.34" CO="563.23" HC="3.33" NOx="14.08" PMx="0.76" fuel="13.35" electricity="0.00" noise="87.40" route="routeright" type="cfm-slow" waiting="0.00" lane="right_0" pos="46.12" speed="20.96" angle="281.56" x="72.08" y="131.76"/>
        <vehicle id="cfm-slow_5" eclass="HBEFA3/PC_G_EU4" CO2="40602.45" CO="763.36" HC="4.48" NOx="18.52" PMx="1.02" fuel="17.45" electricity="0.00" noise="92.15" route="routetop" type="cfm-slow" waiting="0.00" lane="top_0" pos="14.52" speed="24.10" angle="248.34" x="33.42" y="125.24"/>
    </timestep>
    <timestep time="2.51">
        <vehicle id="cfm-fast_0" eclass="HBEFA3/PC_G_EU4" CO2="26866.27" CO="496.00" HC="2.93" NOx="11.95" PMx="0.67" fuel="11.55" electricity="0.00" noise="81.86" route="routetop" type="cfm-fast" waiting="0.00" lane="top_0" pos="36.46" speed="27.91" angle="208.90" x="1.19" y="92.00"/>
        <vehicle id="cfm-fast_1" eclass="HBEFA3/PC_G_EU4" CO2="127338.71" CO="2612.28" HC="15.07" NOx="59.23" PMx="3.32" fuel="54.74" electricity="0.00" noise="131.16" route="routetop" type="cfm-fast" waiting="0.00" lane="left_1" pos="4.27" speed="33.80" angle="176.85" x="-1.05" y="54.91"/>
        <vehicle id="cfm-fast_2" eclass="HBEFA3/PC_G_EU4" CO2="34235.94" CO="630.73" HC="3.72" NOx="15.53" PMx="0.85" fuel="14.72" electricity="0.00" noise="88.15" route="routetop" type="cfm-fast" waiting="0.00" lane="left_0" pos="13.14" speed="23.38" angle="160.87" x="0.83" y="36.11"/>
        <vehicle id="cfm-fast_3" eclass="HBEFA3/PC_G_EU4" CO2="42410.67" CO="805.96" HC="4.73" NOx="19.33" PMx="1.07" fuel="18.23" electricity="0.00" noise="92.17" route="routetop" type="cfm-fast" waiting="0.00" lane="left_0" pos="30.56" speed="25.79" angle="129.47" x="24.30" y="7.47"/>
        <vehicle id="cfm-fast_4" eclass="HBEFA3/PC_G_EU4" CO2="15114.30" CO="259.15" HC="1.56" NOx="6.39" PMx="0.36" fuel="6.50" electricity="0.00" noise="76.21" route="routebottom" type="cfm-fast" waiting="0.00" lane="bottom_0" pos="0.52" speed="28.76" angle="93.53" x="64.88" y="-4.92"/>
        <vehicle id="cfm-fast_5" eclass="HBEFA3/PC_G_EU4" CO2="129042.45" CO="2651.98" HC="15.30" NOx="60.03" PMx="3.36" fuel="55.47" electricity="0.00" noise="131.37" route="routebottom" type="cfm-fast" waiting="0.00" lane="bottom_1" pos="18.29" speed="34.23" angle="61.54" x="99.16" y="8.85"/>
        <vehicle id="cfm-slow_0" eclass="HBEFA3/PC_G_EU4" CO2="13103.83" CO="196.29" HC="1.21" NOx="5.67" PMx="0.29" fuel="5.63" electricity="0.00" noise="73.84" route="routebottom" type="cfm-slow" waiting="0.00" lane="bottom_0" pos="31.75" speed="18.61" angle="37.37" x="121.29" y="26.43"/>
        <vehicle id="cfm-slow_1" eclass="HBEFA3/PC_G_EU4" CO2="13738.62" CO="209.26" HC="1.29" NOx="5.97" PMx="0.31" fuel="5.91" electricity="0.00" noise="74.33" route="routebottom" type="cfm-slow" waiting="0.00" lane="bottom_0" pos="47.60" speed="18.65" angle="8.94" x="132.08" y="58.41"/>
        <vehicle id="cfm-slow_2" eclass="HBEFA3/PC_G_EU4" CO2="15761.63" CO="250.54" HC="1.53" NOx="6.92" PMx="0.36" fuel="6.78" electricity="0.00" noise="75.93" route="routebottom" type="cfm-slow" waiting="0.00" lane="right_0" pos="13.50" speed="18.84" angle="340.16" x="126.17" y="91.93"/>
        <vehicle id="cfm-slow_3" eclass="HBEFA3/PC_G_EU4" CO2="21004.98" CO="357.49" HC="2.15" NOx="9.38" PMx="0.50" fuel="9.03" electricity="0.00" noise="80.09" route="routebottom" type="cfm-slow" waiting="0.00" lane="right_0" pos="29.60" speed="19.43" angle="311.26" x="104.70" y="118.64"/>
        <vehicle id="cfm-slow_4" eclass="HBEFA3/PC_G_EU4" CO2="31075.25" CO="563.59" HC="3.34" NOx="14.09" PMx="0.76" fuel="13.36" electricity="0.00" noise="87.37" route="routeright" type="cfm-slow" waiting="0.00" lane="right_0" pos="46.33" speed="21.01" angle="281.21" x="71.63" y="131.81"/>
        <vehicle id="cfm-slow_5" eclass="HBEFA3/PC_G_EU4" CO2="40428.77" CO="759.92" HC="4.46" NOx="18.43" PMx="1.01" fuel="17.38" electricity="0.00" noise="91.98" route="routetop" type="cfm-slow" waiting="0.00" lane="top_0" pos="14.76" speed="24.16" angle="247.88" x="32.95" y="125.01"/>
    </timestep>
    <timestep time="2.52">
        <vehicle id="cfm-fast_0" eclass="HBEFA3/PC_G_EU4" CO2="26532.29" CO="489.29" HC="2.89" NOx="11.79" PMx="0.66" fuel="11.40" electricity="0.00" noise="81.68" route="routetop" type="cfm-fast" waiting="0.00" lane="top_0" pos="36.74" speed="27.94" angle="208.38" x="0.94" y="91.46"/>
        <vehicle id="cfm-fast_1" eclass="HBEFA3/PC_G_EU4" CO2="127878.23" CO="2624.84" HC="15.14" NOx="59.48" PMx="3.33" fuel="54.97" electricity="0.00" noise="131.22" route="routetop" type="cfm-fast" waiting="0.00" lane="left_1" pos="4.61" speed="33.93" angle="176.22" x="-0.96" y="54.22"/>
        <vehicle id="cfm-fast_2" eclass="HBEFA3/PC_G_EU4" CO2="34206.28" CO="630.21" HC="3.72" NOx="15.51" PMx="0.85" fuel="14.70" electricity="0.00" noise="88.10" route="routetop" type="cfm-fast" waiting="0.00" lane="left_0" pos="13.37" speed="23.43" angle="160.44" x="1.04" y="35.65"/>
        <vehicle id="cfm-fast_3" eclass="HBEFA3/PC_G_EU4" CO2="42078.22" CO="799.34" HC="4.69" NOx="19.17" PMx="1.06" fuel="18.09" electricity="0.00" noise="91.92" route="routetop" type="cfm-fast" waiting="0.00" lane="left_0" pos="30.82" speed="25.85" angle="129.06" x="24.75" y="7.15"/>
        <vehicle id="cfm-fast_4" eclass="HBEFA3/PC_G_EU4" CO2="14396.21" CO="244.44" HC="1.48" NOx="6.05" PMx="0.35" fuel="6.19" electricity="0.00" noise="75.93" route="routebottom" type="cfm-fast" waiting="0.00" lane="bottom_0" pos="0.81" speed="28.77" angle="93.01" x="65.50" y="-4.91"/>
        <vehicle id="cfm-fast_5" eclass="HBEFA3/PC_G_EU4" CO2="129582.89" CO="2664.61" HC="15.37" NOx="60.28" PMx="3.38" fuel="55.70" electricity="0.00" noise="131.43" route="routebottom" type="cfm-fast" waiting="0.00" lane="bottom_1" pos="18.64" speed="34.36" angle="60.89" x="99.75" y="9.25"/>
        <vehicle id="cfm-slow_0" eclass="HBEFA3/PC_G_EU4" CO2="13033.52" CO="194.80" HC="1.21" NOx="5.63" PMx="0.29" fuel="5.60" electricity="0.00" noise="73.78" route="routebottom" type="cfm-slow" waiting="0.00" lane="bottom_0" pos="31.94" speed="18.63" angle="37.04" x="121.51" y="26.76"/>
        <vehicle id="cfm-slow_1" eclass="HBEFA3/PC_G_EU4" CO2="13681.72" CO="208.04" HC="1.28" NOx="5.94" PMx="0.31" fuel="5.88" electricity="0.00" noise="74.29" route="routebottom" type="cfm-slow" waiting="0.00" lane="bottom_0" pos="47.79" speed="18.68" angle="8.59" x="132.10" y="58.81"/>
        <vehicle id="cfm-slow_2" eclass="HBEFA3/PC_G_EU4" CO2="15735.48" CO="249.96" HC="1.52" NOx="6.90" PMx="0.36" fuel="6.76" electricity="0.00" noise="75.91" route="routebottom" type="cfm-slow" waiting="0.00" lane="right_0" pos="13.69" speed="18.86" angle="339.82" x="126.00" y="92.30"/>
        <vehicle id="cfm-slow_3" eclass="HBEFA3/PC_G_EU4" CO2="21023.52" CO="357.82" HC="2.15" NOx="9.39" PMx="0.50" fuel="9.04" electricity="0.00" noise="80.09" route="routebottom" type="cfm-slow" waiting="0.00" lane="right_0" pos="29.79" speed="19.46" angle="310.90" x="104.36" y="118.88"/>
        <vehicle id="cfm-slow_4" eclass="HBEFA3/PC_G_EU4" CO2="31091.99" CO="563.93" HC="3.34" NOx="14.10" PMx="0.76" fuel="13.36" electricity="0.00" noise="87.35" route="routeright" type="cfm-slow" waiting="0.00" lane="right_0" pos="46.54" speed="21.06" angle="280.82" x="71.18" y="131.86"/>
        <vehicle id="cfm-slow_5" eclass="HBEFA3/PC_G_EU4" CO2="40253.54" CO="756.46" HC="4.44" NOx="18.35" PMx="1.01" fuel="17.30" electricity="0.00" noise="91.82" route="routetop" type="cfm-slow" waiting="0.00" lane="top_0" pos="15.00" speed="24.21" angle="247.42" x="32.49" y="124.77"/>
    </timestep>
    <timestep time="2.53">
        <vehicle id="cfm-fast_0" eclass="HBEFA3/PC_G_EU4" CO2="26203.89" CO="482.69" HC="2.85" NOx="11.64" PMx="0.65" fuel="11.26" electricity="0.00" noise="81.49" route="routetop" type="cfm-fast" waiting="0.00" lane="top_0" pos="37.02" speed="27.97" angle="207.85" x="0.70" y="90.91"/>
        <vehicle id="cfm-fast_1" eclass="HBEFA3/PC_G_EU4" CO2="128418.04" CO="2637.42" HC="15.21" NOx="59.74" PMx="3.35" fuel="55.20" electricity="0.00" noise="131.29" route="routetop" type="cfm-fast" waiting="0.00" lane="left_1" pos="4.95" speed="34.07" angle="175.60" x="-0.86" y="53.53"/>
        <vehicle id="cfm-fast_2" eclass="HBEFA3/PC_G_EU4" CO2="34174.66" CO="629.65" HC="3.72" NOx="15.50" PMx="0.85" fuel="14.69" electricity="0.00" noise="88.05" route="routetop" type="cfm-fast" waiting="0.00" lane="left_0" pos="13.60" speed="23.48" angle="160.00" x="1.25" y="35.19"/>
        <vehicle id="cfm-fast_3" eclass="HBEFA3/PC_G_EU4" CO2="41742.08" CO="792.63" HC="4.65" NOx="19.01" PMx="1.05" fuel="17.94" electricity="0.00" noise="91.66" route="routetop" type="cfm-fast" waiting="0.00" lane="left_0" pos="31.08" speed="25.91" angle="128.59" x="25.22" y="6.84"/>
        <vehicle id="cfm-fast_4" eclass="HBEFA3/PC_G_EU4" CO2="13689.56" CO="229.96" HC="1.39" NOx="5.71" PMx="0.33" fuel="5.88" electricity="0.00" noise="75.67" route="routebottom" type="cfm-fast" waiting="0.00" lane="bottom_0" pos="1.10" speed="28.78" angle="92.49" x="66.12" y="-4.90"/>
        <vehicle id="cfm-fast_5" eclass="HBEFA3/PC_G_EU4" CO2="130123.63" CO="2677.26" HC="15.44" NOx="60.53" PMx="3.39" fuel="55.93" electricity="0.00" noise="131.50" route="routebottom" type="cfm-fast" waiting="0.00" lane="bottom_1" pos="18.98" speed="34.50" angle="60.24" x="100.34" y="9.64"/>
        <vehicle id="cfm-slow_0" eclass="HBEFA3/PC_G_EU4" CO2="12963.85" CO="193.32" HC="1.20" NOx="5.60" PMx="0.29" fuel="5.57" electricity="0.00" noise="73.73" route="routebottom" type="cfm-slow" waiting="0.00" lane="bottom_0" pos="32.12" speed="18.65" angle="36.77" x="121.73" y="27.10"/>
        <vehicle id="cfm-slow_1" eclass="HBEFA3/PC_G_EU4" CO2="13625.62" CO="206.84" HC="1.28" NOx="5.91" PMx="0.30" fuel="5.86" electricity="0.00" noise="74.24" route="routebottom" type="cfm-slow" waiting="0.00" lane="bottom_0" pos="47.97" speed="18.70" angle="8.24" x="132.12" y="59.21"/>
        <vehicle id="cfm-slow_2" eclass="HBEFA3/PC_G_EU4" CO2="15710.24" CO="249.39" HC="1.52" NOx="6.89" PMx="0.36" fuel="6.75" electricity="0.00" noise="75.88" route="routebottom" type="cfm-slow" waiting="0.00" lane="right_0" pos="13.88" speed="18.89" angle="339.47" x="125.84" y="92.67"/>
        <vehicle id="cfm-slow_3" eclass="HBEFA3/PC_G_EU4" CO2="21042.53" CO="358.17" HC="2.15" NOx="9.39" PMx="0.50" fuel="9.05" electricity="0.00" noise="80.09" route="routebottom" type="cfm-slow" waiting="0.00" lane="right_0" pos="29.99" speed="19.50" angle="310.54" x="104.02" y="119.13"/>
        <vehicle id="cfm-slow_4" eclass="HBEFA3/PC_G_EU4" CO2="31107.57" CO="564.25" HC="3.34" NOx="14.10" PMx="0.76" fuel="13.37" electricity="0.00" noise="87.33" route="routeright" type="cfm-slow" waiting="0.00" lane="right_0" pos="46.76" speed="21.11" angle="280.43" x="70.73" y="131.90"/>
        <vehicle id="cfm-slow_5" eclass="HBEFA3/PC_G_EU4" CO2="40076.84" CO="752.97" HC="4.42" NOx="18.26" PMx="1.00" fuel="17.23" electricity="0.00" noise="91.66" route="routetop" type="cfm-slow" waiting="0.00" lane="top_0" pos="15.24" speed="24.27" angle="246.96" x="32.02" y="124.54"/>
    </timestep>
    <timestep time="2.54">
        <vehicle id="cfm-fast_0" eclass="HBEFA3/PC_G_EU4" CO2="25880.99" CO="476.20" HC="2.81" NOx="11.48" PMx="0.64" fuel="11.12" electricity="0.00" noise="81.31" route="routetop" type="cfm-fast" waiting="0.00" lane="top_0" pos="37.30" speed="27.99" angle="207.41" x="0.46" y="90.36"/>
        <vehicle id="cfm-fast_1" eclass="HBEFA3/PC_G_EU4" CO2="128958.14" CO="2650.02" HC="15.28" NOx="59.99" PMx="3.36" fuel="55.43" electricity="0.00" noise="131.36" route="routetop" type="cfm-fast" waiting="0.00" lane="left_1" pos="5.29" speed="34.21" angle="174.99" x="-0.74" y="52.83"/>
        <vehicle id="cfm-fast_2" eclass="HBEFA3/PC_G_EU4" CO2="34141.06" CO="629.06" HC="3.71" NOx="15.48" PMx="0.85" fuel="14.68" electricity="0.00" noise="87.99" route="routetop" type="cfm-fast" waiting="0.00" lane="left_0" pos="13.84" speed="23.53" angle="159.56" x="1.46" y="34.73"/>
        <vehicle id="cfm-fast_3" eclass="HBEFA3/PC_G_EU4" CO2="41402.37" CO="785.86" HC="4.61" NOx="18.85" PMx="1.04" fuel="17.80" electricity="0.00" noise="91.41" route="routetop" type="cfm-fast" waiting="0.00" lane="left_0" pos="31.33" speed="25.96" angle="128.13" x="25.68" y="6.53"/>
        <vehicle id="cfm-fast_4" eclass="HBEFA3/PC_G_EU4" CO2="12994.26" CO="215.71" HC="1.31" NOx="5.38" PMx="0.31" fuel="5.59" electricity="0.00" noise="75.42" route="routebottom" type="cfm-fast" waiting="0.00" lane="bottom_0" pos="1.38" speed="28.79" angle="91.99" x="66.74" y="-4.87"/>
        <vehicle id="cfm-fast_5" eclass="HBEFA3/PC_G_EU4" CO2="130664.65" CO="2689.92" HC="15.51" NOx="60.79" PMx="3.41" fuel="56.17" electricity="0.00" noise="131.56" route="routebottom" type="cfm-fast" waiting="0.00" lane="bottom_1" pos="19.33" speed="34.64" angle="59.65" x="100.92" y="10.04"/>
        <vehicle id="cfm-slow_0" eclass="HBEFA3/PC_G_EU4" CO2="12894.80" CO="191.86" HC="1.19" NOx="5.57" PMx="0.29" fuel="5.54" electricity="0.00" noise="73.67" route="routebottom" type="cfm-slow" waiting="0.00" lane="bottom_0" pos="32.31" speed="18.67" angle="36.42" x="121.94" y="27.44"/>
        <vehicle id="cfm-slow_1" eclass="HBEFA3/PC_G_EU4" CO2="13570.33" CO="205.66" HC="1.27" NOx="5.89" PMx="0.30" fuel="5.83" electricity="0.00" noise="74.19" route="routebottom" type="cfm-slow" waiting="0.00" lane="bottom_0" pos="48.16" speed="18.72" angle="7.88" x="132.14" y="59.61"/>
        <vehicle id="cfm-slow_2" eclass="HBEFA3/PC_G_EU4" CO2="15685.90" CO="248.84" HC="1.52" NOx="6.88" PMx="0.36" fuel="6.74" electricity="0.00" noise="75.86" route="routebottom" type="cfm-slow" waiting="0.00" lane="right_0" pos="14.07" speed="18.91" angle="339.19" x="125.67" y="93.05"/>
        <vehicle id="cfm-slow_3" eclass="HBEFA3/PC_G_EU4" CO2="21061.99" CO="358.52" HC="2.15" NOx="9.40" PMx="0.50" fuel="9.05" electricity="0.00" noise="80.09" route="routebottom" type="cfm-slow" waiting="0.00" lane="right_0" pos="30.18" speed="19.54" angle="310.18" x="103.68" y="119.37"/>
        <vehicle id="cfm-slow_4" eclass="HBEFA3/PC_G_EU4" CO2="31121.98" CO="564.54" HC="3.34" NOx="14.11" PMx="0.76" fuel="13.38" electricity="0.00" noise="87.30" route="routeright" type="cfm-slow" waiting="0.00" lane="right_0" pos="46.97" speed="21.16" angle="280.04" x="70.27" y="131.95"/>
        <vehicle id="cfm-slow_5" eclass="HBEFA3/PC_G_EU4" CO2="39898.71" CO="749.45" HC="4.40" NOx="18.18" PMx="1.00" fuel="17.15" electricity="0.00" noise="91.49" route="routetop" type="cfm-slow" waiting="0.00" lane="top_0" pos="15.48" speed="24.33" angle="246.58" x="31.56" y="124.29"/>
    </timestep>
    <timestep time="2.55">
        <vehicle id="cfm-fast_0" eclass="HBEFA3/PC_G_EU4" CO2="25563.53" CO="469.83" HC="2.78" NOx="11.33" PMx="0.63" fuel="10.99" electricity="0.00" noise="81.14" route="routetop" type="cfm-fast" waiting="0.00" lane="top_0" pos="37.58" speed="28.02" angle="206.89" x="0.23" y="89.80"/>
        <vehicle id="cfm-fast_1" eclass="HBEFA3/PC_G_EU4" CO2="129498.54" CO="2662.64" HC="15.36" NOx="60.24" PMx="3.38" fuel="55.66" electricity="0.00" noise="131.42" route="routetop" type="cfm-fast" waiting="0.00" lane="left_1" pos="5.63" speed="34.34" angle="174.34" x="-0.62" y="52.14"/>
        <vehicle id="cfm-fast_2" eclass="HBEFA3/PC_G_EU4" CO2="34105.47" CO="628.42" HC="3.71" NOx="15.46" PMx="0.85" fuel="14.66" electricity="0.00" noise="87.94" route="routetop" type="cfm-fast" waiting="0.00" lane="left_0" pos="14.08" speed="23.58" angle="159.18" x="1.66" y="34.26"/>
        <vehicle id="cfm-fast_3" eclass="HBEFA3/PC_G_EU4" CO2="41059.20" CO="779.01" HC="4.57" NOx="18.69" PMx="1.03" fuel="17.65" electricity="0.00" noise="91.15" route="routetop" type="cfm-fast" waiting="0.00" lane="left_0" pos="31.59" speed="26.01" angle="127.66" x="26.15" y="6.22"/>
        <vehicle id="cfm-fast_4" eclass="HBEFA3/PC_G_EU4" CO2="12310.25" CO="201.69" HC="1.23" NOx="5.06" PMx="0.29" fuel="5.29" electricity="0.00" noise="75.19" route="routebottom" type="cfm-fast" waiting="0.00" lane="bottom_0" pos="1.67" speed="28.80" angle="91.47" x="67.36" y="-4.84"/>
        <vehicle id="cfm-fast_5" eclass="HBEFA3/PC_G_EU4" CO2="131205.97" CO="2702.61" HC="15.58" NOx="61.04" PMx="3.42" fuel="56.40" electricity="0.00" noise="131.63" route="routebottom" type="cfm-fast" waiting="0.00" lane="bottom_1" pos="19.68" speed="34.77" angle="59.02" x="101.50" y="10.45"/>
        <vehicle id="cfm-slow_0" eclass="HBEFA3/PC_G_EU4" CO2="12826.40" CO="190.41" HC="1.18" NOx="5.54" PMx="0.28" fuel="5.51" electricity="0.00" noise="73.62" route="routebottom" type="cfm-slow" waiting="0.00" lane="bottom_0" pos="32.50" speed="18.69" angle="36.07" x="122.14" y="27.79"/>
        <vehicle id="cfm-slow_1" eclass="HBEFA3/PC_G_EU4" CO2="13515.82" CO="204.49" HC="1.26" NOx="5.86" PMx="0.30" fuel="5.81" electricity="0.00" noise="74.15" route="routebottom" type="cfm-slow" waiting="0.00" lane="bottom_0" pos="48.35" speed="18.74" angle="7.53" x="132.17" y="60.02"/>
        <vehicle id="cfm-slow_2" eclass="HBEFA3/PC_G_EU4" CO2="15662.48" CO="248.31" HC="1.52" NOx="6.87" PMx="0.36" fuel="6.73" electricity="0.00" noise="75.83" route="routebottom" type="cfm-slow" waiting="0.00" lane="right_0" pos="14.26" speed="18.94" angle="338.83" x="125.49" y="93.41"/>
        <vehicle id="cfm-slow_3" eclass="HBEFA3/PC_G_EU4" CO2="21081.88" CO="358.88" HC="2.15" NOx="9.41" PMx="0.50" fuel="9.06" electricity="0.00" noise="80.09" route="routebottom" type="cfm-slow" waiting="0.00" lane="right_0" pos="30.38" speed="19.57" angle="309.81" x="103.34" y="119.62"/>
        <vehicle id="cfm-slow_4" eclass="HBEFA3/PC_G_EU4" CO2="31135.21" CO="564.82" HC="3.34" NOx="14.12" PMx="0.76" fuel="13.38" electricity="0.00" noise="87.27" route="routeright" type="cfm-slow" waiting="0.00" lane="right_0" pos="47.18" speed="21.21" angle="279.65" x="69.82" y="131.99"/>
        <vehicle id="cfm-slow_5" eclass="HBEFA3/PC_G_EU4" CO2="39719.23" CO="745.91" HC="4.38" NOx="18.09" PMx="0.99" fuel="17.07" electricity="0.00" noise="91.33" route="routetop" type="cfm-slow" waiting="0.00" lane="top_0" pos="15.73" speed="24.38" angle="246.14" x="31.10" y="124.04"/>
    </timestep>
    <timestep time="2.56">
        <vehicle id="cfm-fast_0" eclass="HBEFA3/PC_G_EU4" CO2="25251.43" CO="463.56" HC="2.74" NOx="11.18" PMx="0.63" fuel="10.85" electricity="0.00" noise="80.97" route="routetop" type="cfm-fast" waiting="0.00" lane="top_0" pos="37.86" speed="28.05" angle="206.38" x="0.01" y="89.24"/>
        <vehicle id="cfm-fast_1" eclass="HBEFA3/PC_G_EU4" CO2="130039.23" CO="2675.28" HC="15.43" NOx="60.49" PMx="3.39" fuel="55.90" electricity="0.00" noise="131.49" route="routetop" type="cfm-fast" waiting="0.00" lane="left_1" pos="5.98" speed="34.48" angle="173.70" x="-0.49" y="51.45"/>
        <vehicle id="cfm-fast_2" eclass="HBEFA3/PC_G_EU4" CO2="34067.87" CO="627.75" HC="3.70" NOx="15.44" PMx="0.84" fuel="14.64" electricity="0.00" noise="87.88" route="routetop" type="cfm-fast" waiting="0.00" lane="left_0" pos="14.31" speed="23.63" angle="158.74" x="1.89" y="33.81"/>
        <vehicle id="cfm-fast_3" eclass="HBEFA3/PC_G_EU4" CO2="40712.70" CO="772.09" HC="4.53" NOx="18.52" PMx="1.02" fuel="17.50" electricity="0.00" noise="90.90" route="routetop" type="cfm-fast" waiting="0.00" lane="left_0" pos="31.86" speed="26.07" angle="127.19" x="26.62" y="5.91"/>
        <vehicle id="cfm-fast_4" eclass="HBEFA3/PC_G_EU4" CO2="11637.45" CO="187.89" HC="1.15" NOx="4.74" PMx="0.27" fuel="5.00" electricity="0.00" noise="74.97" route="routebottom" type="cfm-fast" waiting="0.00" lane="bottom_0" pos="1.96" speed="28.81" angle="90.96" x="67.97" y="-4.80"/>
        <vehicle id="cfm-fast_5" eclass="HBEFA3/PC_G_EU4" CO2="131747.58" CO="2715.32" HC="15.65" NOx="61.29" PMx="3.44" fuel="56.63" electricity="0.00" noise="131.69" route="routebottom" type="cfm-fast" waiting="0.00" lane="bottom_1" pos="20.02" speed="34.91" angle="58.38" x="102.08" y="10.87"/>
        <vehicle id="cfm-slow_0" eclass="HBEFA3/PC_G_EU4" CO2="12758.63" CO="188.97" HC="1.17" NOx="5.50" PMx="0.28" fuel="5.48" electricity="0.00" noise="73.57" route="routebottom" type="cfm-slow" waiting="0.00" lane="bottom_0" pos="32.68" speed="18.71" angle="35.72" x="122.35" y="28.14"/>
        <vehicle id="cfm-slow_1" eclass="HBEFA3/PC_G_EU4" CO2="13462.12" CO="203.34" HC="1.26" NOx="5.83" PMx="0.30" fuel="5.79" electricity="0.00" noise="74.11" route="routebottom" type="cfm-slow" waiting="0.00" lane="bottom_0" pos="48.54" speed="18.76" angle="7.18" x="132.19" y="60.42"/>
        <vehicle id="cfm-slow_2" eclass="HBEFA3/PC_G_EU4" CO2="15639.95" CO="247.80" HC="1.51" NOx="6.86" PMx="0.36" fuel="6.72" electricity="0.00" noise="75.81" route="routebottom" type="cfm-slow" waiting="0.00" lane="right_0" pos="14.45" speed="18.96" angle="338.47" x="125.31" y="93.77"/>
        <vehicle id="cfm-slow_3" eclass="HBEFA3/PC_G_EU4" CO2="21102.19" CO="359.25" HC="2.16" NOx="9.42" PMx="0.50" fuel="9.07" electricity="0.00" noise="80.09" route="routebottom" type="cfm-slow" waiting="0.00" lane="right_0" pos="30.57" speed="19.61" angle="309.45" x="103.00" y="119.86"/>
        <vehicle id="cfm-slow_4" eclass="HBEFA3/PC_G_EU4" CO2="31147.26" CO="565.07" HC="3.34" NOx="14.12" PMx="0.76" fuel="13.39" electricity="0.00" noise="87.25" route="routeright" type="cfm-slow" waiting="0.00" lane="right_0" pos="47.39" speed="21.26" angle="279.29" x="69.37" y="132.04"/>
        <vehicle id="cfm-slow_5" eclass="HBEFA3/PC_G_EU4" CO2="39538.45" CO="742.34" HC="4.36" NOx="18.01" PMx="0.99" fuel="17.00" electricity="0.00" noise="91.17" route="routetop" type="cfm-slow" waiting="0.00" lane="top_0" pos="15.97" speed="24.44" angle="245.70" x="30.64" y="123.79"/>
    </timestep>
    <timestep time="2.57">
        <vehicle id="cfm-fast_0" eclass="HBEFA3/PC_G_EU4" CO2="24944.63" CO="457.40" HC="2.71" NOx="11.04" PMx="0.62" fuel="10.72" electricity="0.00" noise="80.80" route="routetop" type="cfm-fast" waiting="0.00" lane="top_0" pos="38.14" speed="28.08" angle="205.86" x="-0.22" y="88.67"/>
        <vehicle id="cfm-fast_1" eclass="HBEFA3/PC_G_EU4" CO2="130580.21" CO="2687.94" HC="15.50" NOx="60.75" PMx="3.41" fuel="56.13" electricity="0.00" noise="131.55" route="routetop" type="cfm-fast" waiting="0.00" lane="left_1" pos="6.32" speed="34.62" angle="173.07" x="-0.36" y="50.75"/>
        <vehicle id="cfm-fast_2" eclass="HBEFA3/PC_G_EU4" CO2="34028.25" CO="627.04" HC="3.70" NOx="15.42" PMx="0.84" fuel="14.63" electricity="0.00" noise="87.83" route="routetop" type="cfm-fast" waiting="0.00" lane="left_0" pos="14.55" speed="23.67" angle="158.30" x="2.12" y="33.35"/>
        <vehicle id="cfm-fast_3" eclass="HBEFA3/PC_G_EU4" CO2="40362.99" CO="765.11" HC="4.49" NOx="18.36" PMx="1.02" fuel="17.35" electricity="0.00" noise="90.64" route="routetop" type="cfm-fast" waiting="0.00" lane="left_0" pos="32.12" speed="26.12" angle="126.78" x="27.09" y="5.61"/>
        <vehicle id="cfm-fast_4" eclass="HBEFA3/PC_G_EU4" CO2="10975.78" CO="174.31" HC="1.07" NOx="4.43" PMx="0.26" fuel="4.72" electricity="0.00" noise="74.76" route="routebottom" type="cfm-fast" waiting="0.00" lane="bottom_0" pos="2.25" speed="28.82" angle="90.44" x="68.59" y="-4.76"/>
        <vehicle id="cfm-fast_5" eclass="HBEFA3/PC_G_EU4" CO2="132289.48" CO="2728.05" HC="15.72" NOx="61.54" PMx="3.45" fuel="56.86" electricity="0.00" noise="131.76" route="routebottom" type="cfm-fast" waiting="0.00" lane="bottom_1" pos="20.38" speed="35.05" angle="57.74" x="102.67" y="11.29"/>
        <vehicle id="cfm-slow_0" eclass="HBEFA3/PC_G_EU4" CO2="12691.49" CO="187.55" HC="1.16" NOx="5.47" PMx="0.28" fuel="5.46" electricity="0.00" noise="73.52" route="routebottom" type="cfm-slow" waiting="0.00" lane="bottom_0" pos="32.87" speed="18.73" angle="35.37" x="122.56" y="28.48"/>
        <vehicle id="cfm-slow_1" eclass="HBEFA3/PC_G_EU4" CO2="13409.22" CO="202.21" HC="1.25" NOx="5.81" PMx="0.30" fuel="5.76" electricity="0.00" noise="74.07" route="routebottom" type="cfm-slow" waiting="0.00" lane="bottom_0" pos="48.72" speed="18.78" angle="6.87" x="132.22" y="60.82"/>
        <vehicle id="cfm-slow_2" eclass="HBEFA3/PC_G_EU4" CO2="15618.31" CO="247.30" HC="1.51" NOx="6.85" PMx="0.36" fuel="6.71" electricity="0.00" noise="75.79" route="routebottom" type="cfm-slow" waiting="0.00" lane="right_0" pos="14.63" speed="18.99" angle="338.11" x="125.12" y="94.14"/>
        <vehicle id="cfm-slow_3" eclass="HBEFA3/PC_G_EU4" CO2="21122.91" CO="359.63" HC="2.16" NOx="9.43" PMx="0.50" fuel="9.08" electricity="0.00" noise="80.09" route="routebottom" type="cfm-slow" waiting="0.00" lane="right_0" pos="30.77" speed="19.64" angle="309.14" x="102.65" y="120.11"/>
        <vehicle id="cfm-slow_4" eclass="HBEFA3/PC_G_EU4" CO2="31158.13" CO="565.30" HC="3.35" NOx="14.12" PMx="0.76" fuel="13.39" electricity="0.00" noise="87.22" route="routeright" type="cfm-slow" waiting="0.00" lane="right_0" pos="47.61" speed="21.31" angle="278.93" x="68.91" y="132.08"/>
        <vehicle id="cfm-slow_5" eclass="HBEFA3/PC_G_EU4" CO2="39356.42" CO="738.74" HC="4.34" NOx="17.92" PMx="0.98" fuel="16.92" electricity="0.00" noise="91.00" route="routetop" type="cfm-slow" waiting="0.00" lane="top_0" pos="16.22" speed="24.49" angle="245.25" x="30.18" y="123.53"/>
    </timestep>
    <timestep time="2.58">
        <vehicle id="cfm-fast_0" eclass="HBEFA3/PC_G_EU4" CO2="24643.06" CO="451.35" HC="2.67" NOx="10.90" PMx="0.61" fuel="10.59" electricity="0.00" noise="80.64" route="routetop" type="cfm-fast" waiting="0.00" lane="top_0" pos="38.43" speed="28.10" angle="205.37" x="-0.44" y="88.11"/>
        <vehicle id="cfm-fast_1" eclass="HBEFA3/PC_G_EU4" CO2="131121.48" CO="2700.63" HC="15.57" NOx="61.00" PMx="3.42" fuel="56.36" electricity="0.00" noise="131.62" route="routetop" type="cfm-fast" waiting="0.00" lane="left_1" pos="6.67" speed="34.75" angle="172.47" x="-0.21" y="50.05"/>
        <vehicle id="cfm-fast_2" eclass="HBEFA3/PC_G_EU4" CO2="33986.59" CO="626.28" HC="3.70" NOx="15.40" PMx="0.84" fuel="14.61" electricity="0.00" noise="87.77" route="routetop" type="cfm-fast" waiting="0.00" lane="left_0" pos="14.79" speed="23.72" angle="157.85" x="2.35" y="32.90"/>
        <vehicle id="cfm-fast_3" eclass="HBEFA3/PC_G_EU4" CO2="40010.18" CO="758.06" HC="4.45" NOx="18.19" PMx="1.01" fuel="17.20" electricity="0.00" noise="90.39" route="routetop" type="cfm-fast" waiting="0.00" lane="left_0" pos="32.38" speed="26.17" angle="126.29" x="27.57" y="5.32"/>
        <vehicle id="cfm-fast_4" eclass="HBEFA3/PC_G_EU4" CO2="10325.18" CO="160.96" HC="0.99" NOx="4.12" PMx="0.24" fuel="4.44" electricity="0.00" noise="74.56" route="routebottom" type="cfm-fast" waiting="0.00" lane="bottom_0" pos="2.54" speed="28.82" angle="89.94" x="69.21" y="-4.73"/>
        <vehicle id="cfm-fast_5" eclass="HBEFA3/PC_G_EU4" CO2="132831.67" CO="2740.81" HC="15.80" NOx="61.80" PMx="3.47" fuel="57.10" electricity="0.00" noise="131.82" route="routebottom" type="cfm-fast" waiting="0.00" lane="bottom_1" pos="20.73" speed="35.18" angle="57.16" x="103.24" y="11.73"/>
        <vehicle id="cfm-slow_0" eclass="HBEFA3/PC_G_EU4" CO2="12624.99" CO="186.14" HC="1.16" NOx="5.44" PMx="0.28" fuel="5.43" electricity="0.00" noise="73.46" route="routebottom" type="cfm-slow" waiting="0.00" lane="bottom_0" pos="33.06" speed="18.75" angle="35.02" x="122.76" y="28.83"/>
        <vehicle id="cfm-slow_1" eclass="HBEFA3/PC_G_EU4" CO2="13357.11" CO="201.10" HC="1.24" NOx="5.78" PMx="0.30" fuel="5.74" electricity="0.00" noise="74.02" route="routebottom" type="cfm-slow" waiting="0.00" lane="bottom_0" pos="48.91" speed="18.81" angle="6.54" x="132.23" y="61.23"/>
        <vehicle id="cfm-slow_2" eclass="HBEFA3/PC_G_EU4" CO2="15597.55" CO="246.83" HC="1.51" NOx="6.84" PMx="0.36" fuel="6.70" electricity="0.00" noise="75.77" route="routebottom" type="cfm-slow" waiting="0.00" lane="right_0" pos="14.83" speed="19.01" angle="337.75" x="124.94" y="94.51"/>
        <vehicle id="cfm-slow_3" eclass="HBEFA3/PC_G_EU4" CO2="21144.02" CO="360.03" HC="2.16" NOx="9.44" PMx="0.50" fuel="9.09" electricity="0.00" noise="80.09" route="routebottom" type="cfm-slow" waiting="0.00" lane="right_0" pos="30.97" speed="19.68" angle="308.79" x="102.30" y="120.35"/>
        <vehicle id="cfm-slow_4" eclass="HBEFA3/PC_G_EU4" CO2="31167.80" CO="565.51" HC="3.35" NOx="14.13" PMx="0.77" fuel="13.40" electricity="0.00" noise="87.19" route="routeright" type="cfm-slow" waiting="0.00" lane="right_0" pos="47.82" speed="21.36" angle="278.53" x="68.45" y="132.10"/>
        <vehicle id="cfm-slow_5" eclass="HBEFA3/PC_G_EU4" CO2="39173.21" CO="735.12" HC="4.32" NOx="17.83" PMx="0.98" fuel="16.84" electricity="0.00" noise="90.84" route="routetop" type="cfm-slow" waiting="0.00" lane="top_0" pos="16.46" speed="24.55" angle="244.81" x="29.72" y="123.28"/>
    </timestep>
    <timestep time="2.59">
        <vehicle id="cfm-fast_0" eclass="HBEFA3/PC_G_EU4" CO2="24346.64" CO="445.40" HC="2.64" NOx="10.76" PMx="0.60" fuel="10.47" electricity="0.00" noise="80.48" route="routetop" type="cfm-fast" waiting="0.00" lane="top_0" pos="38.71" speed="28.13" angle="204.88" x="-0.65" y="87.55"/>
        <vehicle id="cfm-fast_1" eclass="HBEFA3/PC_G_EU4" CO2="131663.04" CO="2713.34" HC="15.64" NOx="61.25" PMx="3.44" fuel="56.60" electricity="0.00" noise="131.68" route="routetop" type="cfm-fast" waiting="0.00" lane="left_1" pos="7.02" speed="34.89" angle="171.82" x="-0.05" y="49.35"/>
        <vehicle id="cfm-fast_2" eclass="HBEFA3/PC_G_EU4" CO2="33942.87" CO="625.49" HC="3.69" NOx="15.38" PMx="0.84" fuel="14.59" electricity="0.00" noise="87.71" route="routetop" type="cfm-fast" waiting="0.00" lane="left_0" pos="15.02" speed="23.77" angle="157.41" x="2.58" y="32.44"/>
        <vehicle id="cfm-fast_3" eclass="HBEFA3/PC_G_EU4" CO2="39654.40" CO="750.95" HC="4.41" NOx="18.02" PMx="1.00" fuel="17.05" electricity="0.00" noise="90.13" route="routetop" type="cfm-fast" waiting="0.00" lane="left_0" pos="32.64" speed="26.22" angle="125.80" x="28.05" y="5.03"/>
        <vehicle id="cfm-fast_4" eclass="HBEFA3/PC_G_EU4" CO2="9685.56" CO="147.83" HC="0.92" NOx="3.82" PMx="0.22" fuel="4.16" electricity="0.00" noise="74.38" route="routebottom" type="cfm-fast" waiting="0.00" lane="bottom_0" pos="2.83" speed="28.83" angle="89.43" x="69.83" y="-4.66"/>
        <vehicle id="cfm-fast_5" eclass="HBEFA3/PC_G_EU4" CO2="133374.16" CO="2753.58" HC="15.87" NOx="62.05" PMx="3.48" fuel="57.33" electricity="0.00" noise="131.89" route="routebottom" type="cfm-fast" waiting="0.00" lane="bottom_1" pos="21.08" speed="35.32" angle="56.51" x="103.81" y="12.17"/>
        <vehicle id="cfm-slow_0" eclass="HBEFA3/PC_G_EU4" CO2="12559.13" CO="184.74" HC="1.15" NOx="5.41" PMx="0.28" fuel="5.40" electricity="0.00" noise="73.41" route="routebottom" type="cfm-slow" waiting="0.00" lane="bottom_0" pos="33.25" speed="18.77" angle="34.68" x="122.97" y="29.18"/>
        <vehicle id="cfm-slow_1" eclass="HBEFA3/PC_G_EU4" CO2="13305.79" CO="200.00" HC="1.24" NOx="5.76" PMx="0.30" fuel="5.72" electricity="0.00" noise="73.98" route="routebottom" type="cfm-slow" waiting="0.00" lane="bottom_0" pos="49.10" speed="18.83" angle="6.19" x="132.23" y="61.63"/>
        <vehicle id="cfm-slow_2" eclass="HBEFA3/PC_G_EU4" CO2="15577.68" CO="246.38" HC="1.50" NOx="6.83" PMx="0.36" fuel="6.70" electricity="0.00" noise="75.75" route="routebottom" type="cfm-slow" waiting="0.00" lane="right_0" pos="15.02" speed="19.04" angle="337.38" x="124.76" y="94.87"/>
        <vehicle id="cfm-slow_3" eclass="HBEFA3/PC_G_EU4" CO2="21165.50" CO="360.43" HC="2.16" NOx="9.45" PMx="0.50" fuel="9.10" electricity="0.00" noise="80.10" route="routebottom" type="cfm-slow" waiting="0.00" lane="right_0" pos="31.16" speed="19.71" angle="308.43" x="101.95" y="120.58"/>
        <vehicle id="cfm-slow_4" eclass="HBEFA3/PC_G_EU4" CO2="31176.29" CO="565.69" HC="3.35" NOx="14.13" PMx="0.77" fuel="13.40" electricity="0.00" noise="87.17" route="routeright" type="cfm-slow" waiting="0.00" lane="right_0" pos="48.03" speed="21.41" angle="278.13" x="67.99" y="132.13"/>
        <vehicle id="cfm-slow_5" eclass="HBEFA3/PC_G_EU4" CO2="38988.87" CO="731.48" HC="4.30" NOx="17.74" PMx="0.98" fuel="16.76" electricity="0.00" noise="90.68" route="routetop" type="cfm-slow" waiting="0.00" lane="top_0" pos="16.71" speed="24.60" angle="244.42" x="29.25" y="123.02"/>
    </timestep>
    <timestep time="2.60">
        <vehicle id="cfm-fast_0" eclass="HBEFA3/PC_G_EU4" CO2="24055.31" CO="439.55" HC="2.60" NOx="10.62" PMx="0.60" fuel="10.34" electricity="0.00" noise="80.32" route="routetop" type="cfm-fast" waiting="0.00" lane="top_0" pos="38.99" speed="28.16" angle="204.36" x="-0.85" y="86.97"/>
        <vehicle id="cfm-fast_1" eclass="HBEFA3/PC_G_EU4" CO2="132204.89" CO="2726.07" HC="15.71" NOx="61.50" PMx="3.45" fuel="56.83" electricity="0.00" noise="131.75" route="routetop" type="cfm-fast" waiting="0.00" lane="left_1" pos="7.37" speed="35.02" angle="171.17" x="0.11" y="48.65"/>
        <vehicle id="cfm-fast_2" eclass="HBEFA3/PC_G_EU4" CO2="33897.10" CO="624.65" HC="3.69" NOx="15.36" PMx="0.84" fuel="14.57" electricity="0.00" noise="87.65" route="routetop" type="cfm-fast" waiting="0.00" lane="left_0" pos="15.26" speed="23.82" angle="156.97" x="2.80" y="31.98"/>
        <vehicle id="cfm-fast_3" eclass="HBEFA3/PC_G_EU4" CO2="39295.75" CO="743.79" HC="4.36" NOx="17.85" PMx="0.99" fuel="16.89" electricity="0.00" noise="89.88" route="routetop" type="cfm-fast" waiting="0.00" lane="left_0" pos="32.90" speed="26.27" angle="125.31" x="28.54" y="4.73"/>
        <vehicle id="cfm-fast_4" eclass="HBEFA3/PC_G_EU4" CO2="9056.83" CO="134.91" HC="0.84" NOx="3.53" PMx="0.21" fuel="3.89" electricity="0.00" noise="74.20" route="routebottom" type="cfm-fast" waiting="0.00" lane="bottom_0" pos="3.11" speed="28.83" angle="88.91" x="70.45" y="-4.60"/>
        <vehicle id="cfm-fast_5" eclass="HBEFA3/PC_G_EU4" CO2="133916.93" CO="2766.38" HC="15.94" NOx="62.30" PMx="3.50" fuel="57.56" electricity="0.00" noise="131.96" route="routebottom" type="cfm-fast" waiting="0.00" lane="bottom_1" pos="21.43" speed="35.45" angle="55.86" x="104.39" y="12.62"/>
        <vehicle id="cfm-slow_0" eclass="HBEFA3/PC_G_EU4" CO2="12493.90" CO="183.36" HC="1.14" NOx="5.38" PMx="0.28" fuel="5.37" electricity="0.00" noise="73.37" route="routebottom" type="cfm-slow" waiting="0.00" lane="bottom_0" pos="33.44" speed="18.79" angle="34.37" x="123.17" y="29.53"/>
        <vehicle id="cfm-slow_1" eclass="HBEFA3/PC_G_EU4" CO2="13255.27" CO="198.92" HC="1.23" NOx="5.73" PMx="0.30" fuel="5.70" electricity="0.00" noise="73.94" route="routebottom" type="cfm-slow" waiting="0.00" lane="bottom_0" pos="49.29" speed="18.85" angle="5.83" x="132.24" y="62.04"/>
        <vehicle id="cfm-slow_2" eclass="HBEFA3/PC_G_EU4" CO2="15558.68" CO="245.94" HC="1.50" NOx="6.82" PMx="0.36" fuel="6.69" electricity="0.00" noise="75.73" route="routebottom" type="cfm-slow" waiting="0.00" lane="right_0" pos="15.21" speed="19.07" angle="337.02" x="124.57" y="95.24"/>
        <vehicle id="cfm-slow_3" eclass="HBEFA3/PC_G_EU4" CO2="21187.34" CO="360.83" HC="2.17" NOx="9.46" PMx="0.50" fuel="9.11" electricity="0.00" noise="80.10" route="routebottom" type="cfm-slow" waiting="0.00" lane="right_0" pos="31.36" speed="19.75" angle="308.08" x="101.59" y="120.82"/>
        <vehicle id="cfm-slow_4" eclass="HBEFA3/PC_G_EU4" CO2="31183.58" CO="565.85" HC="3.35" NOx="14.13" PMx="0.77" fuel="13.40" electricity="0.00" noise="87.14" route="routeright" type="cfm-slow" waiting="0.00" lane="right_0" pos="48.25" speed="21.46" angle="277.73" x="67.53" y="132.16"/>
        <vehicle id="cfm-slow_5" eclass="HBEFA3/PC_G_EU4" CO2="38803.45" CO="727.82" HC="4.28" NOx="17.65" PMx="0.97" fuel="16.68" electricity="0.00" noise="90.52" route="routetop" type="cfm-slow" waiting="0.00" lane="top_0" pos="16.96" speed="24.66" angle="243.98" x="28.80" y="122.75"/>
    </timestep>
    <timestep time="2.61">
        <vehicle id="cfm-fast_0" eclass="HBEFA3/PC_G_EU4" CO2="23768.99" CO="433.80" HC="2.57" NOx="10.48" PMx="0.59" fuel="10.22" electricity="0.00" noise="80.17" route="routetop" type="cfm-fast" waiting="0.00" lane="top_0" pos="39.27" speed="28.18" angle="203.84" x="-1.06" y="86.40"/>
        <vehicle id="cfm-fast_1" eclass="HBEFA3/PC_G_EU4" CO2="132747.04" CO="2738.82" HC="15.78" NOx="61.76" PMx="3.47" fuel="57.06" electricity="0.00" noise="131.81" route="routetop" type="cfm-fast" waiting="0.00" lane="left_1" pos="7.72" speed="35.16" angle="170.58" x="0.27" y="47.95"/>
        <vehicle id="cfm-fast_2" eclass="HBEFA3/PC_G_EU4" CO2="33849.24" CO="623.77" HC="3.68" NOx="15.33" PMx="0.84" fuel="14.55" electricity="0.00" noise="87.59" route="routetop" type="cfm-fast" waiting="0.00" lane="left_0" pos="15.50" speed="23.87" angle="156.59" x="3.04" y="31.53"/>
        <vehicle id="cfm-fast_3" eclass="HBEFA3/PC_G_EU4" CO2="38934.37" CO="736.56" HC="4.32" NOx="17.68" PMx="0.98" fuel="16.74" electricity="0.00" noise="89.62" route="routetop" type="cfm-fast" waiting="0.00" lane="left_0" pos="33.17" speed="26.32" angle="124.82" x="29.02" y="4.44"/>
        <vehicle id="cfm-fast_4" eclass="HBEFA3/PC_G_EU4" CO2="8438.92" CO="122.22" HC="0.77" NOx="3.23" PMx="0.19" fuel="3.63" electricity="0.00" noise="74.04" route="routebottom" type="cfm-fast" waiting="0.00" lane="bottom_0" pos="3.40" speed="28.84" angle="88.39" x="71.06" y="-4.54"/>
        <vehicle id="cfm-fast_5" eclass="HBEFA3/PC_G_EU4" CO2="134460.00" CO="2779.20" HC="16.01" NOx="62.56" PMx="3.51" fuel="57.80" electricity="0.00" noise="132.02" route="routebottom" type="cfm-fast" waiting="0.00" lane="bottom_1" pos="21.79" speed="35.59" angle="55.27" x="104.96" y="13.07"/>
        <vehicle id="cfm-slow_0" eclass="HBEFA3/PC_G_EU4" CO2="12429.31" CO="181.99" HC="1.13" NOx="5.35" PMx="0.27" fuel="5.34" electricity="0.00" noise="73.32" route="routebottom" type="cfm-slow" waiting="0.00" lane="bottom_0" pos="33.62" speed="18.81" angle="34.03" x="123.37" y="29.88"/>
        <vehicle id="cfm-slow_1" eclass="HBEFA3/PC_G_EU4" CO2="13205.55" CO="197.86" HC="1.22" NOx="5.71" PMx="0.29" fuel="5.68" electricity="0.00" noise="73.90" route="routebottom" type="cfm-slow" waiting="0.00" lane="bottom_0" pos="49.48" speed="18.87" angle="5.48" x="132.25" y="62.44"/>
        <vehicle id="cfm-slow_2" eclass="HBEFA3/PC_G_EU4" CO2="15540.54" CO="245.53" HC="1.50" NOx="6.81" PMx="0.35" fuel="6.68" electricity="0.00" noise="75.71" route="routebottom" type="cfm-slow" waiting="0.00" lane="right_0" pos="15.40" speed="19.09" angle="336.74" x="124.39" y="95.60"/>
        <vehicle id="cfm-slow_3" eclass="HBEFA3/PC_G_EU4" CO2="21209.52" CO="361.25" HC="2.17" NOx="9.47" PMx="0.50" fuel="9.12" electricity="0.00" noise="80.10" route="routebottom" type="cfm-slow" waiting="0.00" lane="right_0" pos="31.56" speed="19.78" angle="307.72" x="101.24" y="121.06"/>
        <vehicle id="cfm-slow_4" eclass="HBEFA3/PC_G_EU4" CO2="31189.67" CO="565.99" HC="3.35" NOx="14.13" PMx="0.77" fuel="13.41" electricity="0.00" noise="87.11" route="routeright" type="cfm-slow" waiting="0.00" lane="right_0" pos="48.46" speed="21.51" angle="277.32" x="67.07" y="132.18"/>
        <vehicle id="cfm-slow_5" eclass="HBEFA3/PC_G_EU4" CO2="38617.02" CO="724.14" HC="4.26" NOx="17.57" PMx="0.97" fuel="16.60" electricity="0.00" noise="90.36" route="routetop" type="cfm-slow" waiting="0.00" lane="top_0" pos="17.20" speed="24.71" angle="243.53" x="28.34" y="122.47"/>
    </timestep>
    <timestep time="2.62">
        <vehicle id="cfm-fast_0" eclass="HBEFA3/PC_G_EU4" CO2="23487.62" CO="428.15" HC="2.54" NOx="10.35" PMx="0.58" fuel="10.10" electricity="0.00" noise="80.02" route="routetop" type="cfm-fast" waiting="0.00" lane="top_0" pos="39.55" speed="28.21" angle="203.31" x="-1.26" y="85.83"/>
        <vehicle id="cfm-fast_1" eclass="HBEFA3/PC_G_EU4" CO2="133289.48" CO="2751.59" HC="15.86" NOx="62.01" PMx="3.48" fuel="57.29" electricity="0.00" noise="131.88" route="routetop" type="cfm-fast" waiting="0.00" lane="left_1" pos="8.08" speed="35.30" angle="169.92" x="0.46" y="47.25"/>
        <vehicle id="cfm-fast_2" eclass="HBEFA3/PC_G_EU4" CO2="33799.30" CO="622.85" HC="3.68" NOx="15.31" PMx="0.84" fuel="14.53" electricity="0.00" noise="87.53" route="routetop" type="cfm-fast" waiting="0.00" lane="left_0" pos="15.74" speed="23.91" angle="156.15" x="3.29" y="31.08"/>
        <vehicle id="cfm-fast_3" eclass="HBEFA3/PC_G_EU4" CO2="38570.35" CO="729.28" HC="4.28" NOx="17.51" PMx="0.97" fuel="16.58" electricity="0.00" noise="89.36" route="routetop" type="cfm-fast" waiting="0.00" lane="left_0" pos="33.43" speed="26.37" angle="124.39" x="29.51" y="4.16"/>
        <vehicle id="cfm-fast_4" eclass="HBEFA3/PC_G_EU4" CO2="7831.74" CO="109.74" HC="0.70" NOx="2.95" PMx="0.17" fuel="3.37" electricity="0.00" noise="73.88" route="routebottom" type="cfm-fast" waiting="0.00" lane="bottom_0" pos="3.69" speed="28.84" angle="87.87" x="71.68" y="-4.48"/>
        <vehicle id="cfm-fast_5" eclass="HBEFA3/PC_G_EU4" CO2="135003.36" CO="2792.04" HC="16.08" NOx="62.81" PMx="3.53" fuel="58.03" electricity="0.00" noise="132.09" route="routebottom" type="cfm-fast" waiting="0.00" lane="bottom_1" pos="22.15" speed="35.73" angle="54.62" x="105.52" y="13.54"/>
        <vehicle id="cfm-slow_0" eclass="HBEFA3/PC_G_EU4" CO2="12365.35" CO="180.64" HC="1.13" NOx="5.31" PMx="0.27" fuel="5.32" electricity="0.00" noise="73.27" route="routebottom" type="cfm-slow" waiting="0.00" lane="bottom_0" pos="33.81" speed="18.83" angle="33.68" x="123.56" y="30.23"/>
        <vehicle id="cfm-slow_1" eclass="HBEFA3/PC_G_EU4" CO2="13156.62" CO="196.81" HC="1.22" NOx="5.69" PMx="0.29" fuel="5.66" electricity="0.00" noise="73.87" route="routebottom" type="cfm-slow" waiting="0.00" lane="bottom_0" pos="49.67" speed="18.89" angle="5.13" x="132.26" y="62.85"/>
        <vehicle id="cfm-slow_2" eclass="HBEFA3/PC_G_EU4" CO2="15523.27" CO="245.13" HC="1.50" NOx="6.80" PMx="0.35" fuel="6.67" electricity="0.00" noise="75.69" route="routebottom" type="cfm-slow" waiting="0.00" lane="right_0" pos="15.59" speed="19.12" angle="336.39" x="124.19" y="95.96"/>
        <vehicle id="cfm-slow_3" eclass="HBEFA3/PC_G_EU4" CO2="21232.03" CO="361.67" HC="2.17" NOx="9.48" PMx="0.50" fuel="9.13" electricity="0.00" noise="80.11" route="routebottom" type="cfm-slow" waiting="0.00" lane="right_0" pos="31.76" speed="19.82" angle="307.37" x="100.89" y="121.29"/>
        <vehicle id="cfm-slow_4" eclass="HBEFA3/PC_G_EU4" CO2="31194.57" CO="566.11" HC="3.35" NOx="14.14" PMx="0.77" fuel="13.41" electricity="0.00" noise="87.08" route="routeright" type="cfm-slow" waiting="0.00" lane="right_0" pos="48.68" speed="21.56" angle="276.94" x="66.60" y="132.21"/>
        <vehicle id="cfm-slow_5" eclass="HBEFA3/PC_G_EU4" CO2="38429.62" CO="720.44" HC="4.24" NOx="17.48" PMx="0.96" fuel="16.52" electricity="0.00" noise="90.20" route="routetop" type="cfm-slow" waiting="0.00" lane="top_0" pos="17.45" speed="24.76" angle="243.08" x="27.89" y="122.20"/>
    </timestep>
    <timestep time="2.63">
        <vehicle id="cfm-fast_0" eclass="HBEFA3/PC_G_EU4" CO2="23211.13" CO="422.61" HC="2.50" NOx="10.22" PMx="0.57" fuel="9.98" electricity="0.00" noise="79.88" route="routetop" type="cfm-fast" waiting="0.00" lane="top_0" pos="39.83" speed="28.23" angle="202.86" x="-1.46" y="85.26"/>
        <vehicle id="cfm-fast_1" eclass="HBEFA3/PC_G_EU4" CO2="133832.21" CO="2764.38" HC="15.93" NOx="62.26" PMx="3.50" fuel="57.53" electricity="0.00" noise="131.95" route="routetop" type="cfm-fast" waiting="0.00" lane="left_1" pos="8.43" speed="35.43" angle="169.26" x="0.65" y="46.55"/>
        <vehicle id="cfm-fast_2" eclass="HBEFA3/PC_G_EU4" CO2="33747.27" CO="621.89" HC="3.67" NOx="15.28" PMx="0.84" fuel="14.51" electricity="0.00" noise="87.46" route="routetop" type="cfm-fast" waiting="0.00" lane="left_0" pos="15.98" speed="23.96" angle="155.70" x="3.54" y="30.63"/>
        <vehicle id="cfm-fast_3" eclass="HBEFA3/PC_G_EU4" CO2="38203.82" CO="721.95" HC="4.24" NOx="17.33" PMx="0.96" fuel="16.42" electricity="0.00" noise="89.11" route="routetop" type="cfm-fast" waiting="0.00" lane="left_0" pos="33.69" speed="26.42" angle="123.90" x="30.01" y="3.88"/>
        <vehicle id="cfm-fast_4" eclass="HBEFA3/PC_G_EU4" CO2="7235.21" CO="97.47" HC="0.63" NOx="2.67" PMx="0.16" fuel="3.11" electricity="0.00" noise="73.74" route="routebottom" type="cfm-fast" waiting="0.00" lane="bottom_0" pos="3.98" speed="28.84" angle="87.37" x="72.30" y="-4.40"/>
        <vehicle id="cfm-fast_5" eclass="HBEFA3/PC_G_EU4" CO2="135547.01" CO="2804.90" HC="16.16" NOx="63.06" PMx="3.54" fuel="58.26" electricity="0.00" noise="132.15" route="routebottom" type="cfm-fast" waiting="0.00" lane="bottom_1" pos="22.51" speed="35.86" angle="53.97" x="106.08" y="14.02"/>
        <vehicle id="cfm-slow_0" eclass="HBEFA3/PC_G_EU4" CO2="12302.03" CO="179.30" HC="1.12" NOx="5.28" PMx="0.27" fuel="5.29" electricity="0.00" noise="73.22" route="routebottom" type="cfm-slow" waiting="0.00" lane="bottom_0" pos="34.00" speed="18.85" angle="33.34" x="123.76" y="30.59"/>
        <vehicle id="cfm-slow_1" eclass="HBEFA3/PC_G_EU4" CO2="13108.48" CO="195.78" HC="1.21" NOx="5.66" PMx="0.29" fuel="5.63" electricity="0.00" noise="73.83" route="routebottom" type="cfm-slow" waiting="0.00" lane="bottom_0" pos="49.85" speed="18.91" angle="4.78" x="132.26" y="63.26"/>
        <vehicle id="cfm-slow_2" eclass="HBEFA3/PC_G_EU4" CO2="15506.84" CO="244.75" HC="1.50" NOx="6.79" PMx="0.35" fuel="6.67" electricity="0.00" noise="75.67" route="routebottom" type="cfm-slow" waiting="0.00" lane="right_0" pos="15.78" speed="19.14" angle="336.05" x="123.99" y="96.32"/>
        <vehicle id="cfm-slow_3" eclass="HBEFA3/PC_G_EU4" CO2="21254.86" CO="362.10" HC="2.17" NOx="9.49" PMx="0.50" fuel="9.14" electricity="0.00" noise="80.11" route="routebottom" type="cfm-slow" waiting="0.00" lane="right_0" pos="31.96" speed="19.85" angle="307.02" x="100.53" y="121.53"/>
        <vehicle id="cfm-slow_4" eclass="HBEFA3/PC_G_EU4" CO2="31198.27" CO="566.20" HC="3.35" NOx="14.14" PMx="0.77" fuel="13.41" electricity="0.00" noise="87.05" route="routeright" type="cfm-slow" waiting="0.00" lane="right_0" pos="48.89" speed="21.61" angle="276.58" x="66.14" y="132.23"/>
        <vehicle id="cfm-slow_5" eclass="HBEFA3/PC_G_EU4" CO2="38241.30" CO="716.72" HC="4.21" NOx="17.39" PMx="0.96" fuel="16.44" electricity="0.00" noise="90.04" route="routetop" type="cfm-slow" waiting="0.00" lane="top_0" pos="17.70" speed="24.82" angle="242.64" x="27.43" y="121.93"/>
    </timestep>
    <timestep time="2.64">
        <vehicle id="cfm-fast_0" eclass="HBEFA3/PC_G_EU4" CO2="22939.43" CO="417.15" HC="2.47" NOx="10.09" PMx="0.57" fuel="9.86" electricity="0.00" noise="79.74" route="routetop" type="cfm-fast" waiting="0.00" lane="top_0" pos="40.12" speed="28.25" angle="202.33" x="-1.64" y="84.68"/>
        <vehicle id="cfm-fast_1" eclass="HBEFA3/PC_G_EU4" CO2="134375.23" CO="2777.20" HC="16.00" NOx="62.52" PMx="3.51" fuel="57.76" electricity="0.00" noise="132.01" route="routetop" type="cfm-fast" waiting="0.00" lane="left_1" pos="8.79" speed="35.57" angle="168.60" x="0.83" y="45.85"/>
        <vehicle id="cfm-fast_2" eclass="HBEFA3/PC_G_EU4" CO2="33693.13" CO="620.89" HC="3.66" NOx="15.26" PMx="0.84" fuel="14.48" electricity="0.00" noise="87.40" route="routetop" type="cfm-fast" waiting="0.00" lane="left_0" pos="16.22" speed="24.01" angle="155.26" x="3.79" y="30.17"/>
        <vehicle id="cfm-fast_3" eclass="HBEFA3/PC_G_EU4" CO2="37834.88" CO="714.56" HC="4.20" NOx="17.16" PMx="0.95" fuel="16.26" electricity="0.00" noise="88.85" route="routetop" type="cfm-fast" waiting="0.00" lane="left_0" pos="33.96" speed="26.47" angle="123.41" x="30.51" y="3.61"/>
        <vehicle id="cfm-fast_4" eclass="HBEFA3/PC_G_EU4" CO2="6649.23" CO="85.42" HC="0.56" NOx="2.39" PMx="0.14" fuel="2.86" electricity="0.00" noise="73.60" route="routebottom" type="cfm-fast" waiting="0.00" lane="bottom_0" pos="4.27" speed="28.84" angle="86.85" x="72.91" y="-4.31"/>
        <vehicle id="cfm-fast_5" eclass="HBEFA3/PC_G_EU4" CO2="136090.96" CO="2817.78" HC="16.23" NOx="63.32" PMx="3.56" fuel="58.50" electricity="0.00" noise="132.22" route="routebottom" type="cfm-fast" waiting="0.00" lane="bottom_1" pos="22.87" speed="36.00" angle="53.31" x="106.64" y="14.50"/>
        <vehicle id="cfm-slow_0" eclass="HBEFA3/PC_G_EU4" CO2="12239.35" CO="177.97" HC="1.11" NOx="5.25" PMx="0.27" fuel="5.26" electricity="0.00" noise="73.18" route="routebottom" type="cfm-slow" waiting="0.00" lane="bottom_0" pos="34.19" speed="18.86" angle="32.99" x="123.95" y="30.94"/>
        <vehicle id="cfm-slow_1" eclass="HBEFA3/PC_G_EU4" CO2="13061.13" CO="194.77" HC="1.21" NOx="5.64" PMx="0.29" fuel="5.61" electricity="0.00" noise="73.79" route="routebottom" type="cfm-slow" waiting="0.00" lane="right_0" pos="0.04" speed="18.93" angle="4.39" x="132.27" y="63.86"/>
        <vehicle id="cfm-slow_2" eclass="HBEFA3/PC_G_EU4" CO2="15491.26" CO="244.38" HC="1.49" NOx="6.78" PMx="0.35" fuel="6.66" electricity="0.00" noise="75.66" route="routebottom" type="cfm-slow" waiting="0.00" lane="right_0" pos="15.97" speed="19.17" angle="335.70" x="123.79" y="96.68"/>
        <vehicle id="cfm-slow_3" eclass="HBEFA3/PC_G_EU4" CO2="21277.99" CO="362.54" HC="2.18" NOx="9.50" PMx="0.51" fuel="9.15" electricity="0.00" noise="80.12" route="routebottom" type="cfm-slow" waiting="0.00" lane="right_0" pos="32.15" speed="19.89" angle="306.71" x="100.17" y="121.76"/>
        <vehicle id="cfm-slow_4" eclass="HBEFA3/PC_G_EU4" CO2="31200.77" CO="566.27" HC="3.35" NOx="14.14" PMx="0.77" fuel="13.41" electricity="0.00" noise="87.02" route="routeright" type="cfm-slow" waiting="0.00" lane="right_0" pos="49.11" speed="21.66" angle="276.17" x="65.67" y="132.23"/>
        <vehicle id="cfm-slow_5" eclass="HBEFA3/PC_G_EU4" CO2="38052.12" CO="712.99" HC="4.19" NOx="17.30" PMx="0.95" fuel="16.36" electricity="0.00" noise="89.88" route="routetop" type="cfm-slow" waiting="0.00" lane="top_0" pos="17.95" speed="24.87" angle="242.25" x="26.97" y="121.65"/>
    </timestep>
    <timestep time="2.65">
        <vehicle id="cfm-fast_0" eclass="HBEFA3/PC_G_EU4" CO2="22672.47" CO="411.80" HC="2.44" NOx="9.96" PMx="0.56" fuel="9.75" electricity="0.00" noise="79.60" route="routetop" type="cfm-fast" waiting="0.00" lane="top_0" pos="40.40" speed="28.28" angle="201.81" x="-1.82" y="84.10"/>
        <vehicle id="cfm-fast_1" eclass="HBEFA3/PC_G_EU4" CO2="134918.55" CO="2790.03" HC="16.07" NOx="62.77" PMx="3.53" fuel="57.99" electricity="0.00" noise="132.08" route="routetop" type="cfm-fast" waiting="0.00" lane="left_1" pos="9.14" speed="35.71" angle="168.01" x="1.04" y="45.14"/>
        <vehicle id="cfm-fast_2" eclass="HBEFA3/PC_G_EU4" CO2="33636.87" CO="619.85" HC="3.66" NOx="15.23" PMx="0.83" fuel="14.46" electricity="0.00" noise="87.33" route="routetop" type="cfm-fast" waiting="0.00" lane="left_0" pos="16.46" speed="24.06" angle="154.82" x="4.04" y="29.72"/>
        <vehicle id="cfm-fast_3" eclass="HBEFA3/PC_G_EU4" CO2="37463.66" CO="707.13" HC="4.15" NOx="16.98" PMx="0.94" fuel="16.10" electricity="0.00" noise="88.60" route="routetop" type="cfm-fast" waiting="0.00" lane="left_0" pos="34.22" speed="26.52" angle="122.93" x="31.01" y="3.33"/>
        <vehicle id="cfm-fast_4" eclass="HBEFA3/PC_G_EU4" CO2="6073.71" CO="73.57" HC="0.49" NOx="2.12" PMx="0.13" fuel="2.61" electricity="0.00" noise="73.47" route="routebottom" type="cfm-fast" waiting="0.00" lane="bottom_0" pos="4.56" speed="28.85" angle="86.33" x="73.53" y="-4.23"/>
        <vehicle id="cfm-fast_5" eclass="HBEFA3/PC_G_EU4" CO2="136635.19" CO="2830.69" HC="16.30" NOx="63.57" PMx="3.57" fuel="58.73" electricity="0.00" noise="132.28" route="routebottom" type="cfm-fast" waiting="0.00" lane="bottom_1" pos="23.23" speed="36.14" angle="52.72" x="107.20" y="14.98"/>
        <vehicle id="cfm-slow_0" eclass="HBEFA3/PC_G_EU4" CO2="12177.30" CO="176.66" HC="1.10" NOx="5.22" PMx="0.27" fuel="5.23" electricity="0.00" noise="73.13" route="routebottom" type="cfm-slow" waiting="0.00" lane="bottom_0" pos="34.38" speed="18.88" angle="32.64" x="124.15" y="31.30"/>
        <vehicle id="cfm-slow_1" eclass="HBEFA3/PC_G_EU4" CO2="13014.57" CO="193.77" HC="1.20" NOx="5.62" PMx="0.29" fuel="5.59" electricity="0.00" noise="73.76" route="routebottom" type="cfm-slow" waiting="0.00" lane="right_0" pos="0.23" speed="18.95" angle="4.04" x="132.26" y="64.26"/>
        <vehicle id="cfm-slow_2" eclass="HBEFA3/PC_G_EU4" CO2="15476.52" CO="244.04" HC="1.49" NOx="6.77" PMx="0.35" fuel="6.65" electricity="0.00" noise="75.64" route="routebottom" type="cfm-slow" waiting="0.00" lane="right_0" pos="16.16" speed="19.19" angle="335.35" x="123.59" y="97.05"/>
        <vehicle id="cfm-slow_3" eclass="HBEFA3/PC_G_EU4" CO2="21301.40" CO="362.99" HC="2.18" NOx="9.51" PMx="0.51" fuel="9.16" electricity="0.00" noise="80.12" route="routebottom" type="cfm-slow" waiting="0.00" lane="right_0" pos="32.35" speed="19.92" angle="306.33" x="99.80" y="121.98"/>
        <vehicle id="cfm-slow_4" eclass="HBEFA3/PC_G_EU4" CO2="31202.07" CO="566.32" HC="3.35" NOx="14.14" PMx="0.77" fuel="13.41" electricity="0.00" noise="86.98" route="routeright" type="cfm-slow" waiting="0.00" lane="right_0" pos="49.33" speed="21.71" angle="275.77" x="65.21" y="132.24"/>
        <vehicle id="cfm-slow_5" eclass="HBEFA3/PC_G_EU4" CO2="37862.13" CO="709.24" HC="4.17" NOx="17.20" PMx="0.95" fuel="16.28" electricity="0.00" noise="89.72" route="routetop" type="cfm-slow" waiting="0.00" lane="top_0" pos="18.20" speed="24.92" angle="241.77" x="26.52" y="121.35"/>
    </timestep>
    <timestep time="2.66">
        <vehicle id="cfm-fast_0" eclass="HBEFA3/PC_G_EU4" CO2="22410.17" CO="406.54" HC="2.41" NOx="9.84" PMx="0.55" fuel="9.63" electricity="0.00" noise="79.47" route="routetop" type="cfm-fast" waiting="0.00" lane="top_0" pos="40.68" speed="28.30" angle="201.28" x="-2.00" y="83.52"/>
        <vehicle id="cfm-fast_1" eclass="HBEFA3/PC_G_EU4" CO2="135462.16" CO="2802.89" HC="16.14" NOx="63.02" PMx="3.54" fuel="58.23" electricity="0.00" noise="132.14" route="routetop" type="cfm-fast" waiting="0.00" lane="left_1" pos="9.50" speed="35.84" angle="167.35" x="1.26" y="44.44"/>
        <vehicle id="cfm-fast_2" eclass="HBEFA3/PC_G_EU4" CO2="33578.50" CO="618.76" HC="3.65" NOx="15.20" PMx="0.83" fuel="14.43" electricity="0.00" noise="87.27" route="routetop" type="cfm-fast" waiting="0.00" lane="left_0" pos="16.70" speed="24.10" angle="154.43" x="4.30" y="29.27"/>
        <vehicle id="cfm-fast_3" eclass="HBEFA3/PC_G_EU4" CO2="37090.26" CO="699.66" HC="4.11" NOx="16.80" PMx="0.93" fuel="15.94" electricity="0.00" noise="88.34" route="routetop" type="cfm-fast" waiting="0.00" lane="left_0" pos="34.49" speed="26.56" angle="122.44" x="31.51" y="3.05"/>
        <vehicle id="cfm-fast_4" eclass="HBEFA3/PC_G_EU4" CO2="5508.57" CO="61.94" HC="0.42" NOx="1.85" PMx="0.11" fuel="2.37" electricity="0.00" noise="73.35" route="routebottom" type="cfm-fast" waiting="0.00" lane="bottom_0" pos="4.84" speed="28.85" angle="85.80" x="74.14" y="-4.14"/>
        <vehicle id="cfm-fast_5" eclass="HBEFA3/PC_G_EU4" CO2="137179.72" CO="2843.61" HC="16.37" NOx="63.83" PMx="3.59" fuel="58.97" electricity="0.00" noise="132.35" route="routebottom" type="cfm-fast" waiting="0.00" lane="bottom_1" pos="23.59" speed="36.27" angle="52.07" x="107.75" y="15.49"/>
        <vehicle id="cfm-slow_0" eclass="HBEFA3/PC_G_EU4" CO2="12115.88" CO="175.36" HC="1.10" NOx="5.20" PMx="0.27" fuel="5.21" electricity="0.00" noise="73.09" route="routebottom" type="cfm-slow" waiting="0.00" lane="bottom_0" pos="34.57" speed="18.90" angle="32.33" x="124.35" y="31.66"/>
        <vehicle id="cfm-slow_1" eclass="HBEFA3/PC_G_EU4" CO2="12968.80" CO="192.79" HC="1.20" NOx="5.60" PMx="0.29" fuel="5.57" electricity="0.00" noise="73.72" route="routebottom" type="cfm-slow" waiting="0.00" lane="right_0" pos="0.42" speed="18.97" angle="3.70" x="132.25" y="64.67"/>
        <vehicle id="cfm-slow_2" eclass="HBEFA3/PC_G_EU4" CO2="15462.61" CO="243.71" HC="1.49" NOx="6.77" PMx="0.35" fuel="6.65" electricity="0.00" noise="75.63" route="routebottom" type="cfm-slow" waiting="0.00" lane="right_0" pos="16.36" speed="19.22" angle="335.00" x="123.39" y="97.41"/>
        <vehicle id="cfm-slow_3" eclass="HBEFA3/PC_G_EU4" CO2="21325.08" CO="363.44" HC="2.18" NOx="9.52" PMx="0.51" fuel="9.17" electricity="0.00" noise="80.12" route="routebottom" type="cfm-slow" waiting="0.00" lane="right_0" pos="32.55" speed="19.96" angle="305.95" x="99.43" y="122.20"/>
        <vehicle id="cfm-slow_4" eclass="HBEFA3/PC_G_EU4" CO2="31202.17" CO="566.35" HC="3.35" NOx="14.13" PMx="0.77" fuel="13.41" electricity="0.00" noise="86.95" route="routeright" type="cfm-slow" waiting="0.00" lane="right_0" pos="49.55" speed="21.76" angle="275.36" x="64.74" y="132.25"/>
        <vehicle id="cfm-slow_5" eclass="HBEFA3/PC_G_EU4" CO2="37671.38" CO="705.48" HC="4.15" NOx="17.11" PMx="0.94" fuel="16.19" electricity="0.00" noise="89.56" route="routetop" type="cfm-slow" waiting="0.00" lane="top_0" pos="18.45" speed="24.97" angle="241.28" x="26.08" y="121.05"/>
    </timestep>
    <timestep time="2.67">
        <vehicle id="cfm-fast_0" eclass="HBEFA3/PC_G_EU4" CO2="22152.46" CO="401.37" HC="2.38" NOx="9.72" PMx="0.55" fuel="9.52" electricity="0.00" noise="79.34" route="routetop" type="cfm-fast" waiting="0.00" lane="top_0" pos="40.97" speed="28.32" angle="200.77" x="-2.18" y="82.93"/>
        <vehicle id="cfm-fast_1" eclass="HBEFA3/PC_G_EU4" CO2="136006.06" CO="2815.77" HC="16.22" NOx="63.28" PMx="3.56" fuel="58.46" electricity="0.00" noise="132.21" route="routetop" type="cfm-fast" waiting="0.00" lane="left_1" pos="9.86" speed="35.98" angle="166.69" x="1.47" y="43.74"/>
        <vehicle id="cfm-fast_2" eclass="HBEFA3/PC_G_EU4" CO2="33518.01" CO="617.63" HC="3.64" NOx="15.17" PMx="0.83" fuel="14.41" electricity="0.00" noise="87.20" route="routetop" type="cfm-fast" waiting="0.00" lane="left_0" pos="16.94" speed="24.15" angle="153.99" x="4.56" y="28.82"/>
        <vehicle id="cfm-fast_3" eclass="HBEFA3/PC_G_EU4" CO2="36714.79" CO="692.14" HC="4.07" NOx="16.63" PMx="0.92" fuel="15.78" electricity="0.00" noise="88.08" route="routetop" type="cfm-fast" waiting="0.00" lane="left_0" pos="34.76" speed="26.61" angle="122.01" x="32.02" y="2.79"/>
        <vehicle id="cfm-fast_4" eclass="HBEFA3/PC_G_EU4" CO2="0.00" CO="0.00" HC="0.00" NOx="0.00" PMx="0.00" fuel="0.00" electricity="0.00" noise="73.24" route="routebottom" type="cfm-fast" waiting="0.00" lane="bottom_0" pos="5.13" speed="28.84" angle="85.24" x="74.76" y="-4.05"/>
        <vehicle id="cfm-fast_5" eclass="HBEFA3/PC_G_EU4" CO2="137724.54" CO="2856.56" HC="16.45" NOx="64.08" PMx="3.60" fuel="59.20" electricity="0.00" noise="132.41" route="routebottom" type="cfm-fast" waiting="0.00" lane="bottom_1" pos="23.95" speed="36.41" angle="51.42" x="108.30" y="15.99"/>
        <vehicle id="cfm-slow_0" eclass="HBEFA3/PC_G_EU4" CO2="12055.10" CO="174.07" HC="1.09" NOx="5.17" PMx="0.26" fuel="5.18" electricity="0.00" noise="73.04" route="routebottom" type="cfm-slow" waiting="0.00" lane="bottom_0" pos="34.76" speed="18.92" angle="32.01" x="124.53" y="32.02"/>
        <vehicle id="cfm-slow_1" eclass="HBEFA3/PC_G_EU4" CO2="12923.82" CO="191.83" HC="1.19" NOx="5.57" PMx="0.29" fuel="5.56" electricity="0.00" noise="73.69" route="routebottom" type="cfm-slow" waiting="0.00" lane="right_0" pos="0.61" speed="18.99" angle="3.36" x="132.25" y="65.08"/>
        <vehicle id="cfm-slow_2" eclass="HBEFA3/PC_G_EU4" CO2="15449.53" CO="243.40" HC="1.49" NOx="6.76" PMx="0.35" fuel="6.64" electricity="0.00" noise="75.61" route="routebottom" type="cfm-slow" waiting="0.00" lane="right_0" pos="16.55" speed="19.24" angle="334.67" x="123.19" y="97.77"/>
        <vehicle id="cfm-slow_3" eclass="HBEFA3/PC_G_EU4" CO2="21349.02" CO="363.90" HC="2.18" NOx="9.53" PMx="0.51" fuel="9.18" electricity="0.00" noise="80.13" route="routebottom" type="cfm-slow" waiting="0.00" lane="right_0" pos="32.75" speed="19.99" angle="305.57" x="99.07" y="122.42"/>
        <vehicle id="cfm-slow_4" eclass="HBEFA3/PC_G_EU4" CO2="31201.07" CO="566.35" HC="3.35" NOx="14.13" PMx="0.77" fuel="13.41" electricity="0.00" noise="86.92" route="routeright" type="cfm-slow" waiting="0.00" lane="right_0" pos="49.76" speed="21.81" angle="274.95" x="64.27" y="132.26"/>
        <vehicle id="cfm-slow_5" eclass="HBEFA3/PC_G_EU4" CO2="37479.93" CO="701.70" HC="4.13" NOx="17.02" PMx="0.94" fuel="16.11" electricity="0.00" noise="89.40" route="routetop" type="cfm-slow" waiting="0.00" lane="top_0" pos="18.70" speed="25.02" angle="240.79" x="25.63" y="120.75"/>
    </timestep>
    <timestep time="2.68">
        <vehicle id="cfm-fast_0" eclass="HBEFA3/PC_G_EU4" CO2="21899.27" CO="396.29" HC="2.35" NOx="9.60" PMx="0.54" fuel="9.41" electricity="0.00" noise="79.21" route="routetop" type="cfm-fast" waiting="0.00" lane="top_0" pos="41.25" speed="28.35" angle="200.28" x="-2.35" y="82.35"/>
        <vehicle id="cfm-fast_1" eclass="HBEFA3/PC_G_EU4" CO2="136550.25" CO="2828.67" HC="16.29" NOx="63.53" PMx="3.57" fuel="58.70" electricity="0.00" noise="132.27" route="routetop" type="cfm-fast" waiting="0.00" lane="left_1" pos="10.22" speed="36.12" angle="166.08" x="1.69" y="43.03"/>
        <vehicle id="cfm-fast_2" eclass="HBEFA3/PC_G_EU4" CO2="33455.38" CO="616.46" HC="3.64" NOx="15.14" PMx="0.83" fuel="14.38" electricity="0.00" noise="87.13" route="routetop" type="cfm-fast" waiting="0.00" lane="left_0" pos="17.18" speed="24.20" angle="153.54" x="4.83" y="28.38"/>
        <vehicle id="cfm-fast_3" eclass="HBEFA3/PC_G_EU4" CO2="36337.36" CO="684.57" HC="4.02" NOx="16.45" PMx="0.91" fuel="15.62" electricity="0.00" noise="87.83" route="routetop" type="cfm-fast" waiting="0.00" lane="left_0" pos="35.02" speed="26.66" angle="121.51" x="32.53" y="2.53"/>
        <vehicle id="cfm-fast_4" eclass="HBEFA3/PC_G_EU4" CO2="0.00" CO="0.00" HC="0.00" NOx="0.00" PMx="0.00" fuel="0.00" electricity="0.00" noise="73.13" route="routebottom" type="cfm-fast" waiting="0.00" lane="bottom_0" pos="5.42" speed="28.84" angle="84.72" x="75.37" y="-3.94"/>
        <vehicle id="cfm-fast_5" eclass="HBEFA3/PC_G_EU4" CO2="138269.66" CO="2869.53" HC="16.52" NOx="64.33" PMx="3.62" fuel="59.44" electricity="0.00" noise="132.48" route="routebottom" type="cfm-fast" waiting="0.00" lane="bottom_1" pos="24.32" speed="36.55" angle="50.80" x="108.85" y="16.50"/>
        <vehicle id="cfm-slow_0" eclass="HBEFA3/PC_G_EU4" CO2="11994.96" CO="172.80" HC="1.08" NOx="5.14" PMx="0.26" fuel="5.16" electricity="0.00" noise="73.00" route="routebottom" type="cfm-slow" waiting="0.00" lane="bottom_0" pos="34.95" speed="18.94" angle="31.67" x="124.72" y="32.38"/>
        <vehicle id="cfm-slow_1" eclass="HBEFA3/PC_G_EU4" CO2="12879.62" CO="190.88" HC="1.18" NOx="5.55" PMx="0.29" fuel="5.54" electricity="0.00" noise="73.65" route="routebottom" type="cfm-slow" waiting="0.00" lane="right_0" pos="0.80" speed="19.01" angle="3.01" x="132.24" y="65.49"/>
        <vehicle id="cfm-slow_2" eclass="HBEFA3/PC_G_EU4" CO2="15437.26" CO="243.11" HC="1.49" NOx="6.75" PMx="0.35" fuel="6.64" electricity="0.00" noise="75.60" route="routebottom" type="cfm-slow" waiting="0.00" lane="right_0" pos="16.74" speed="19.27" angle="334.36" x="122.98" y="98.13"/>
        <vehicle id="cfm-slow_3" eclass="HBEFA3/PC_G_EU4" CO2="21373.20" CO="364.36" HC="2.19" NOx="9.54" PMx="0.51" fuel="9.19" electricity="0.00" noise="80.14" route="routebottom" type="cfm-slow" waiting="0.00" lane="right_0" pos="32.95" speed="20.03" angle="305.19" x="98.70" y="122.64"/>
        <vehicle id="cfm-slow_4" eclass="HBEFA3/PC_G_EU4" CO2="31198.77" CO="566.33" HC="3.35" NOx="14.13" PMx="0.77" fuel="13.41" electricity="0.00" noise="86.88" route="routeright" type="cfm-slow" waiting="0.00" lane="right_0" pos="49.98" speed="21.86" angle="274.58" x="63.80" y="132.27"/>
        <vehicle id="cfm-slow_5" eclass="HBEFA3/PC_G_EU4" CO2="37287.80" CO="697.91" HC="4.10" NOx="16.93" PMx="0.93" fuel="16.03" electricity="0.00" noise="89.24" route="routetop" type="cfm-slow" waiting="0.00" lane="top_0" pos="18.95" speed="25.07" angle="240.30" x="25.18" y="120.45"/>
    </timestep>
    <timestep time="2.69">
        <vehicle id="cfm-fast_0" eclass="HBEFA3/PC_G_EU4" CO2="21650.53" CO="391.30" HC="2.32" NOx="9.48" PMx="0.53" fuel="9.31" electricity="0.00" noise="79.09" route="routetop" type="cfm-fast" waiting="0.00" lane="top_0" pos="41.53" speed="28.37" angle="199.76" x="-2.50" y="81.76"/>
        <vehicle id="cfm-fast_1" eclass="HBEFA3/PC_G_EU4" CO2="137094.73" CO="2841.60" HC="16.36" NOx="63.79" PMx="3.59" fuel="58.93" electricity="0.00" noise="132.34" route="routetop" type="cfm-fast" waiting="0.00" lane="left_1" pos="10.58" speed="36.25" angle="165.42" x="1.94" y="42.33"/>
        <vehicle id="cfm-fast_2" eclass="HBEFA3/PC_G_EU4" CO2="33390.62" CO="615.24" HC="3.63" NOx="15.11" PMx="0.83" fuel="14.35" electricity="0.00" noise="87.07" route="routetop" type="cfm-fast" waiting="0.00" lane="left_0" pos="17.43" speed="24.24" angle="153.10" x="5.10" y="27.93"/>
        <vehicle id="cfm-fast_3" eclass="HBEFA3/PC_G_EU4" CO2="35958.08" CO="676.97" HC="3.98" NOx="16.27" PMx="0.90" fuel="15.46" electricity="0.00" noise="87.57" route="routetop" type="cfm-fast" waiting="0.00" lane="left_0" pos="35.29" speed="26.70" angle="121.02" x="33.04" y="2.27"/>
        <vehicle id="cfm-fast_4" eclass="HBEFA3/PC_G_EU4" CO2="0.00" CO="0.00" HC="0.00" NOx="0.00" PMx="0.00" fuel="0.00" electricity="0.00" noise="73.04" route="routebottom" type="cfm-fast" waiting="0.00" lane="bottom_0" pos="5.71" speed="28.84" angle="84.19" x="75.98" y="-3.83"/>
        <vehicle id="cfm-fast_5" eclass="HBEFA3/PC_G_EU4" CO2="138815.06" CO="2882.52" HC="16.59" NOx="64.59" PMx="3.63" fuel="59.67" electricity="0.00" noise="132.55" route="routebottom" type="cfm-fast" waiting="0.00" lane="bottom_1" pos="24.69" speed="36.68" angle="50.12" x="109.38" y="17.03"/>
        <vehicle id="cfm-slow_0" eclass="HBEFA3/PC_G_EU4" CO2="11935.45" CO="171.54" HC="1.07" NOx="5.11" PMx="0.26" fuel="5.13" electricity="0.00" noise="72.96" route="routebottom" type="cfm-slow" waiting="0.00" lane="bottom_0" pos="35.13" speed="18.96" angle="31.32" x="124.90" y="32.75"/>
        <vehicle id="cfm-slow_1" eclass="HBEFA3/PC_G_EU4" CO2="12836.20" CO="189.95" HC="1.18" NOx="5.53" PMx="0.28" fuel="5.52" electricity="0.00" noise="73.62" route="routebottom" type="cfm-slow" waiting="0.00" lane="right_0" pos="0.99" speed="19.03" angle="2.67" x="132.23" y="65.90"/>
        <vehicle id="cfm-slow_2" eclass="HBEFA3/PC_G_EU4" CO2="15425.79" CO="242.84" HC="1.48" NOx="6.75" PMx="0.35" fuel="6.63" electricity="0.00" noise="75.59" route="routebottom" type="cfm-slow" waiting="0.00" lane="right_0" pos="16.93" speed="19.29" angle="334.01" x="122.77" y="98.49"/>
        <vehicle id="cfm-slow_3" eclass="HBEFA3/PC_G_EU4" CO2="21397.60" CO="364.83" HC="2.19" NOx="9.55" PMx="0.51" fuel="9.20" electricity="0.00" noise="80.14" route="routebottom" type="cfm-slow" waiting="0.00" lane="right_0" pos="33.15" speed="20.06" angle="304.81" x="98.32" y="122.86"/>
        <vehicle id="cfm-slow_4" eclass="HBEFA3/PC_G_EU4" CO2="31195.27" CO="566.29" HC="3.35" NOx="14.13" PMx="0.77" fuel="13.41" electricity="0.00" noise="86.85" route="routetop" type="cfm-slow" waiting="0.00" lane="top_0" pos="0.20" speed="21.90" angle="274.11" x="63.14" y="132.26"/>
        <vehicle id="cfm-slow_5" eclass="HBEFA3/PC_G_EU4" CO2="37095.07" CO="694.10" HC="4.08" NOx="16.84" PMx="0.93" fuel="15.95" electricity="0.00" noise="89.09" route="routetop" type="cfm-slow" waiting="0.00" lane="top_0" pos="19.20" speed="25.12" angle="239.88" x="24.73" y="120.15"/>
    </timestep>
    <timestep time="2.70">
        <vehicle id="cfm-fast_0" eclass="HBEFA3/PC_G_EU4" CO2="21406.17" CO="386.40" HC="2.30" NOx="9.36" PMx="0.53" fuel="9.20" electricity="0.00" noise="78.97" route="routetop" type="cfm-fast" waiting="0.00" lane="top_0" pos="41.82" speed="28.39" angle="199.23" x="-2.66" y="81.17"/>
        <vehicle id="cfm-fast_1" eclass="HBEFA3/PC_G_EU4" CO2="137639.50" CO="2854.54" HC="16.43" NOx="64.04" PMx="3.60" fuel="59.16" electricity="0.00" noise="132.40" route="routetop" type="cfm-fast" waiting="0.00" lane="left_1" pos="10.95" speed="36.39" angle="164.74" x="2.20" y="41.63"/>
        <vehicle id="cfm-fast_2" eclass="HBEFA3/PC_G_EU4" CO2="33323.72" CO="613.99" HC="3.62" NOx="15.08" PMx="0.83" fuel="14.32" electricity="0.00" noise="87.00" route="routetop" type="cfm-fast" waiting="0.00" lane="left_0" pos="17.67" speed="24.29" angle="152.65" x="5.37" y="27.48"/>
        <vehicle id="cfm-fast_3" eclass="HBEFA3/PC_G_EU4" CO2="35577.05" CO="669.33" HC="3.93" NOx="16.09" PMx="0.89" fuel="15.29" electricity="0.00" noise="87.32" route="routetop" type="cfm-fast" waiting="0.00" lane="left_0" pos="35.56" speed="26.74" angle="120.52" x="33.56" y="2.02"/>
        <vehicle id="cfm-fast_4" eclass="HBEFA3/PC_G_EU4" CO2="0.00" CO="0.00" HC="0.00" NOx="0.00" PMx="0.00" fuel="0.00" electricity="0.00" noise="72.94" route="routebottom" type="cfm-fast" waiting="0.00" lane="bottom_0" pos="6.00" speed="28.84" angle="83.66" x="76.59" y="-3.72"/>
        <vehicle id="cfm-fast_5" eclass="HBEFA3/PC_G_EU4" CO2="139360.76" CO="2895.53" HC="16.67" NOx="64.84" PMx="3.65" fuel="59.90" electricity="0.00" noise="132.61" route="routebottom" type="cfm-fast" waiting="0.00" lane="bottom_1" pos="25.06" speed="36.82" angle="49.42" x="109.91" y="17.57"/>
        <vehicle id="cfm-slow_0" eclass="HBEFA3/PC_G_EU4" CO2="11876.57" CO="170.30" HC="1.07" NOx="5.08" PMx="0.26" fuel="5.11" electricity="0.00" noise="72.91" route="routebottom" type="cfm-slow" waiting="0.00" lane="bottom_0" pos="35.32" speed="18.97" angle="30.98" x="125.09" y="33.11"/>
        <vehicle id="cfm-slow_1" eclass="HBEFA3/PC_G_EU4" CO2="12793.57" CO="189.04" HC="1.17" NOx="5.51" PMx="0.28" fuel="5.50" electricity="0.00" noise="73.59" route="routebottom" type="cfm-slow" waiting="0.00" lane="right_0" pos="1.18" speed="19.05" angle="2.32" x="132.22" y="66.31"/>
        <vehicle id="cfm-slow_2" eclass="HBEFA3/PC_G_EU4" CO2="15415.14" CO="242.58" HC="1.48" NOx="6.74" PMx="0.35" fuel="6.63" electricity="0.00" noise="75.57" route="routebottom" type="cfm-slow" waiting="0.00" lane="right_0" pos="17.13" speed="19.31" angle="333.66" x="122.55" y="98.84"/>
        <vehicle id="cfm-slow_3" eclass="HBEFA3/PC_G_EU4" CO2="21422.22" CO="365.31" HC="2.19" NOx="9.56" PMx="0.51" fuel="9.21" electricity="0.00" noise="80.15" route="routebottom" type="cfm-slow" waiting="0.00" lane="right_0" pos="33.35" speed="20.10" angle="304.49" x="97.95" y="123.08"/>
        <vehicle id="cfm-slow_4" eclass="HBEFA3/PC_G_EU4" CO2="31190.58" CO="566.22" HC="3.35" NOx="14.12" PMx="0.77" fuel="13.41" electricity="0.00" noise="86.81" route="routetop" type="cfm-slow" waiting="0.00" lane="top_0" pos="0.42" speed="21.95" angle="273.71" x="62.66" y="132.25"/>
        <vehicle id="cfm-slow_5" eclass="HBEFA3/PC_G_EU4" CO2="36901.76" CO="690.29" HC="4.06" NOx="16.75" PMx="0.92" fuel="15.86" electricity="0.00" noise="88.93" route="routetop" type="cfm-slow" waiting="0.00" lane="top_0" pos="19.45" speed="25.17" angle="239.43" x="24.29" y="119.84"/>
    </timestep>
    <timestep time="2.71">
        <vehicle id="cfm-fast_0" eclass="HBEFA3/PC_G_EU4" CO2="21166.12" CO="381.59" HC="2.27" NOx="9.25" PMx="0.52" fuel="9.10" electricity="0.00" noise="78.85" route="routetop" type="cfm-fast" waiting="0.00" lane="top_0" pos="42.10" speed="28.41" angle="198.71" x="-2.82" y="80.58"/>
        <vehicle id="cfm-fast_1" eclass="HBEFA3/PC_G_EU4" CO2="138184.57" CO="2867.51" HC="16.51" NOx="64.30" PMx="3.62" fuel="59.40" electricity="0.00" noise="132.47" route="routetop" type="cfm-fast" waiting="0.00" lane="left_1" pos="11.31" speed="36.52" angle="164.06" x="2.45" y="40.92"/>
        <vehicle id="cfm-fast_2" eclass="HBEFA3/PC_G_EU4" CO2="33254.69" CO="612.69" HC="3.62" NOx="15.04" PMx="0.82" fuel="14.29" electricity="0.00" noise="86.92" route="routetop" type="cfm-fast" waiting="0.00" lane="left_0" pos="17.91" speed="24.34" angle="152.26" x="5.64" y="27.03"/>
        <vehicle id="cfm-fast_3" eclass="HBEFA3/PC_G_EU4" CO2="35194.37" CO="661.66" HC="3.89" NOx="15.90" PMx="0.88" fuel="15.13" electricity="0.00" noise="87.07" route="routetop" type="cfm-fast" waiting="0.00" lane="left_0" pos="35.83" speed="26.79" angle="120.05" x="34.07" y="1.76"/>
        <vehicle id="cfm-fast_4" eclass="HBEFA3/PC_G_EU4" CO2="0.00" CO="0.00" HC="0.00" NOx="0.00" PMx="0.00" fuel="0.00" electricity="0.00" noise="72.86" route="routebottom" type="cfm-fast" waiting="0.00" lane="bottom_0" pos="6.29" speed="28.84" angle="83.16" x="77.20" y="-3.60"/>
        <vehicle id="cfm-fast_5" eclass="HBEFA3/PC_G_EU4" CO2="139906.74" CO="2908.57" HC="16.74" NOx="65.10" PMx="3.66" fuel="60.14" electricity="0.00" noise="132.68" route="routebottom" type="cfm-fast" waiting="0.00" lane="bottom_1" pos="25.42" speed="36.95" angle="48.73" x="110.45" y="18.11"/>
        <vehicle id="cfm-slow_0" eclass="HBEFA3/PC_G_EU4" CO2="11818.33" CO="169.07" HC="1.06" NOx="5.05" PMx="0.26" fuel="5.08" electricity="0.00" noise="72.87" route="routebottom" type="cfm-slow" waiting="0.00" lane="bottom_0" pos="35.51" speed="18.99" angle="30.63" x="125.27" y="33.48"/>
        <vehicle id="cfm-slow_1" eclass="HBEFA3/PC_G_EU4" CO2="12751.72" CO="188.15" HC="1.17" NOx="5.49" PMx="0.28" fuel="5.48" electricity="0.00" noise="73.56" route="routebottom" type="cfm-slow" waiting="0.00" lane="right_0" pos="1.37" speed="19.07" angle="2.00" x="132.20" y="66.72"/>
        <vehicle id="cfm-slow_2" eclass="HBEFA3/PC_G_EU4" CO2="15405.27" CO="242.34" HC="1.48" NOx="6.74" PMx="0.35" fuel="6.62" electricity="0.00" noise="75.56" route="routebottom" type="cfm-slow" waiting="0.00" lane="right_0" pos="17.32" speed="19.34" angle="333.31" x="122.34" y="99.20"/>
        <vehicle id="cfm-slow_3" eclass="HBEFA3/PC_G_EU4" CO2="21447.04" CO="365.79" HC="2.19" NOx="9.57" PMx="0.51" fuel="9.22" electricity="0.00" noise="80.15" route="routebottom" type="cfm-slow" waiting="0.00" lane="right_0" pos="33.56" speed="20.13" angle="304.13" x="97.57" y="123.29"/>
        <vehicle id="cfm-slow_4" eclass="HBEFA3/PC_G_EU4" CO2="31184.69" CO="566.14" HC="3.35" NOx="14.12" PMx="0.77" fuel="13.40" electricity="0.00" noise="86.78" route="routetop" type="cfm-slow" waiting="0.00" lane="top_0" pos="0.64" speed="22.00" angle="273.32" x="62.19" y="132.24"/>
        <vehicle id="cfm-slow_5" eclass="HBEFA3/PC_G_EU4" CO2="36707.94" CO="686.47" HC="4.04" NOx="16.65" PMx="0.92" fuel="15.78" electricity="0.00" noise="88.77" route="routetop" type="cfm-slow" waiting="0.00" lane="top_0" pos="19.70" speed="25.22" angle="238.97" x="23.85" y="119.52"/>
    </timestep>
    <timestep time="2.72">
        <vehicle id="cfm-fast_0" eclass="HBEFA3/PC_G_EU4" CO2="20930.30" CO="376.87" HC="2.24" NOx="9.14" PMx="0.52" fuel="9.00" electricity="0.00" noise="78.73" route="routetop" type="cfm-fast" waiting="0.00" lane="top_0" pos="42.39" speed="28.43" angle="198.24" x="-2.97" y="79.98"/>
        <vehicle id="cfm-fast_1" eclass="HBEFA3/PC_G_EU4" CO2="138729.93" CO="2880.49" HC="16.58" NOx="64.55" PMx="3.63" fuel="59.63" electricity="0.00" noise="132.54" route="routetop" type="cfm-fast" waiting="0.00" lane="left_1" pos="11.68" speed="36.66" angle="163.44" x="2.72" y="40.22"/>
        <vehicle id="cfm-fast_2" eclass="HBEFA3/PC_G_EU4" CO2="33183.51" CO="611.34" HC="3.61" NOx="15.01" PMx="0.82" fuel="14.26" electricity="0.00" noise="86.85" route="routetop" type="cfm-fast" waiting="0.00" lane="left_0" pos="18.16" speed="24.38" angle="151.82" x="5.93" y="26.59"/>
        <vehicle id="cfm-fast_3" eclass="HBEFA3/PC_G_EU4" CO2="34810.17" CO="653.95" HC="3.85" NOx="15.72" PMx="0.87" fuel="14.96" electricity="0.00" noise="86.81" route="routetop" type="cfm-fast" waiting="0.00" lane="left_0" pos="36.09" speed="26.83" angle="119.59" x="34.60" y="1.51"/>
        <vehicle id="cfm-fast_4" eclass="HBEFA3/PC_G_EU4" CO2="0.00" CO="0.00" HC="0.00" NOx="0.00" PMx="0.00" fuel="0.00" electricity="0.00" noise="72.77" route="routebottom" type="cfm-fast" waiting="0.00" lane="bottom_0" pos="6.57" speed="28.83" angle="82.65" x="77.80" y="-3.47"/>
        <vehicle id="cfm-fast_5" eclass="HBEFA3/PC_G_EU4" CO2="140453.02" CO="2921.62" HC="16.81" NOx="65.35" PMx="3.68" fuel="60.37" electricity="0.00" noise="132.74" route="routebottom" type="cfm-fast" waiting="0.00" lane="bottom_1" pos="25.80" speed="37.09" angle="48.10" x="110.98" y="18.65"/>
        <vehicle id="cfm-slow_0" eclass="HBEFA3/PC_G_EU4" CO2="11760.71" CO="167.85" HC="1.05" NOx="5.03" PMx="0.26" fuel="5.06" electricity="0.00" noise="72.83" route="routebottom" type="cfm-slow" waiting="0.00" lane="bottom_0" pos="35.70" speed="19.01" angle="30.29" x="125.45" y="33.84"/>
        <vehicle id="cfm-slow_1" eclass="HBEFA3/PC_G_EU4" CO2="12710.64" CO="187.27" HC="1.16" NOx="5.47" PMx="0.28" fuel="5.46" electricity="0.00" noise="73.53" route="routebottom" type="cfm-slow" waiting="0.00" lane="right_0" pos="1.57" speed="19.09" angle="1.66" x="132.18" y="67.13"/>
        <vehicle id="cfm-slow_2" eclass="HBEFA3/PC_G_EU4" CO2="15396.19" CO="242.12" HC="1.48" NOx="6.73" PMx="0.35" fuel="6.62" electricity="0.00" noise="75.55" route="routebottom" type="cfm-slow" waiting="0.00" lane="right_0" pos="17.51" speed="19.36" angle="332.96" x="122.13" y="99.56"/>
        <vehicle id="cfm-slow_3" eclass="HBEFA3/PC_G_EU4" CO2="21472.04" CO="366.28" HC="2.20" NOx="9.58" PMx="0.51" fuel="9.23" electricity="0.00" noise="80.16" route="routebottom" type="cfm-slow" waiting="0.00" lane="right_0" pos="33.76" speed="20.17" angle="303.76" x="97.19" y="123.50"/>
        <vehicle id="cfm-slow_4" eclass="HBEFA3/PC_G_EU4" CO2="31177.61" CO="566.02" HC="3.35" NOx="14.12" PMx="0.77" fuel="13.40" electricity="0.00" noise="86.74" route="routetop" type="cfm-slow" waiting="0.00" lane="top_0" pos="0.86" speed="22.05" angle="272.92" x="61.72" y="132.24"/>
        <vehicle id="cfm-slow_5" eclass="HBEFA3/PC_G_EU4" CO2="36513.63" CO="682.63" HC="4.02" NOx="16.56" PMx="0.91" fuel="15.70" electricity="0.00" noise="88.62" route="routetop" type="cfm-slow" waiting="0.00" lane="top_0" pos="19.96" speed="25.27" angle="238.52" x="23.41" y="119.20"/>
    </timestep>
    <timestep time="2.73">
        <vehicle id="cfm-fast_0" eclass="HBEFA3/PC_G_EU4" CO2="20698.65" CO="372.22" HC="2.21" NOx="9.03" PMx="0.51" fuel="8.90" electricity="0.00" noise="78.62" route="routetop" type="cfm-fast" waiting="0.00" lane="top_0" pos="42.67" speed="28.45" angle="197.74" x="-3.11" y="79.39"/>
        <vehicle id="cfm-fast_1" eclass="HBEFA3/PC_G_EU4" CO2="139275.58" CO="2893.50" HC="16.65" NOx="64.80" PMx="3.65" fuel="59.87" electricity="0.00" noise="132.60" route="routetop" type="cfm-fast" waiting="0.00" lane="left_1" pos="12.05" speed="36.80" angle="162.78" x="2.99" y="39.52"/>
        <vehicle id="cfm-fast_2" eclass="HBEFA3/PC_G_EU4" CO2="33110.19" CO="609.96" HC="3.60" NOx="14.97" PMx="0.82" fuel="14.23" electricity="0.00" noise="86.78" route="routetop" type="cfm-fast" waiting="0.00" lane="left_0" pos="18.40" speed="24.43" angle="151.36" x="6.22" y="26.16"/>
        <vehicle id="cfm-fast_3" eclass="HBEFA3/PC_G_EU4" CO2="34424.52" CO="646.21" HC="3.80" NOx="15.54" PMx="0.86" fuel="14.80" electricity="0.00" noise="86.56" route="routetop" type="cfm-fast" waiting="0.00" lane="left_0" pos="36.36" speed="26.87" angle="119.08" x="35.12" y="1.28"/>
        <vehicle id="cfm-fast_4" eclass="HBEFA3/PC_G_EU4" CO2="0.00" CO="0.00" HC="0.00" NOx="0.00" PMx="0.00" fuel="0.00" electricity="0.00" noise="72.70" route="routebottom" type="cfm-fast" waiting="0.00" lane="bottom_0" pos="6.86" speed="28.83" angle="82.10" x="78.41" y="-3.33"/>
        <vehicle id="cfm-fast_5" eclass="HBEFA3/PC_G_EU4" CO2="140999.59" CO="2934.70" HC="16.88" NOx="65.61" PMx="3.69" fuel="60.61" electricity="0.00" noise="132.81" route="routebottom" type="cfm-fast" waiting="0.00" lane="bottom_1" pos="26.17" speed="37.23" angle="47.42" x="111.49" y="19.21"/>
        <vehicle id="cfm-slow_0" eclass="HBEFA3/PC_G_EU4" CO2="11703.74" CO="166.64" HC="1.05" NOx="5.00" PMx="0.25" fuel="5.03" electricity="0.00" noise="72.79" route="routebottom" type="cfm-slow" waiting="0.00" lane="bottom_0" pos="35.89" speed="19.03" angle="29.99" x="125.64" y="34.21"/>
        <vehicle id="cfm-slow_1" eclass="HBEFA3/PC_G_EU4" CO2="12670.34" CO="186.40" HC="1.16" NOx="5.45" PMx="0.28" fuel="5.45" electricity="0.00" noise="73.50" route="routebottom" type="cfm-slow" waiting="0.00" lane="right_0" pos="1.76" speed="19.11" angle="1.32" x="132.16" y="67.54"/>
        <vehicle id="cfm-slow_2" eclass="HBEFA3/PC_G_EU4" CO2="15387.89" CO="241.91" HC="1.48" NOx="6.73" PMx="0.35" fuel="6.61" electricity="0.00" noise="75.54" route="routebottom" type="cfm-slow" waiting="0.00" lane="right_0" pos="17.71" speed="19.39" angle="332.61" x="121.91" y="99.92"/>
        <vehicle id="cfm-slow_3" eclass="HBEFA3/PC_G_EU4" CO2="21497.22" CO="366.77" HC="2.20" NOx="9.59" PMx="0.51" fuel="9.24" electricity="0.00" noise="80.17" route="routebottom" type="cfm-slow" waiting="0.00" lane="right_0" pos="33.96" speed="20.20" angle="303.39" x="96.81" y="123.71"/>
        <vehicle id="cfm-slow_4" eclass="HBEFA3/PC_G_EU4" CO2="31169.34" CO="565.89" HC="3.35" NOx="14.11" PMx="0.77" fuel="13.40" electricity="0.00" noise="86.71" route="routetop" type="cfm-slow" waiting="0.00" lane="top_0" pos="1.08" speed="22.10" angle="272.52" x="61.24" y="132.23"/>
        <vehicle id="cfm-slow_5" eclass="HBEFA3/PC_G_EU4" CO2="36318.90" CO="678.79" HC="3.99" NOx="16.47" PMx="0.91" fuel="15.61" electricity="0.00" noise="88.46" route="routetop" type="cfm-slow" waiting="0.00" lane="top_0" pos="20.21" speed="25.32" angle="238.06" x="22.97" y="118.88"/>
    </timestep>
    <timestep time="2.74">
        <vehicle id="cfm-fast_0" eclass="HBEFA3/PC_G_EU4" CO2="20471.10" CO="367.66" HC="2.19" NOx="8.92" PMx="0.50" fuel="8.80" electricity="0.00" noise="78.51" route="routetop" type="cfm-fast" waiting="0.00" lane="top_0" pos="42.96" speed="28.47" angle="197.23" x="-3.25" y="78.79"/>
        <vehicle id="cfm-fast_1" eclass="HBEFA3/PC_G_EU4" CO2="139821.52" CO="2906.53" HC="16.73" NOx="65.06" PMx="3.66" fuel="60.10" electricity="0.00" noise="132.67" route="routetop" type="cfm-fast" waiting="0.00" lane="left_1" pos="12.42" speed="36.93" angle="162.12" x="3.27" y="38.81"/>
        <vehicle id="cfm-fast_2" eclass="HBEFA3/PC_G_EU4" CO2="33034.73" CO="608.53" HC="3.59" NOx="14.94" PMx="0.82" fuel="14.20" electricity="0.00" noise="86.71" route="routetop" type="cfm-fast" waiting="0.00" lane="left_0" pos="18.65" speed="24.47" angle="150.90" x="6.51" y="25.72"/>
        <vehicle id="cfm-fast_3" eclass="HBEFA3/PC_G_EU4" CO2="34037.55" CO="638.44" HC="3.76" NOx="15.36" PMx="0.85" fuel="14.63" electricity="0.00" noise="86.31" route="routetop" type="cfm-fast" waiting="0.00" lane="left_0" pos="36.63" speed="26.91" angle="118.58" x="35.65" y="1.04"/>
        <vehicle id="cfm-fast_4" eclass="HBEFA3/PC_G_EU4" CO2="0.00" CO="0.00" HC="0.00" NOx="0.00" PMx="0.00" fuel="0.00" electricity="0.00" noise="72.63" route="routebottom" type="cfm-fast" waiting="0.00" lane="bottom_0" pos="7.15" speed="28.82" angle="81.55" x="79.01" y="-3.20"/>
        <vehicle id="cfm-fast_5" eclass="HBEFA3/PC_G_EU4" CO2="141546.46" CO="2947.80" HC="16.96" NOx="65.86" PMx="3.71" fuel="60.84" electricity="0.00" noise="132.87" route="routebottom" type="cfm-fast" waiting="0.00" lane="bottom_1" pos="26.54" speed="37.36" angle="46.74" x="112.02" y="19.77"/>
        <vehicle id="cfm-slow_0" eclass="HBEFA3/PC_G_EU4" CO2="11647.39" CO="165.45" HC="1.04" NOx="4.97" PMx="0.25" fuel="5.01" electricity="0.00" noise="72.75" route="routebottom" type="cfm-slow" waiting="0.00" lane="bottom_0" pos="36.09" speed="19.04" angle="29.63" x="125.81" y="34.58"/>
        <vehicle id="cfm-slow_1" eclass="HBEFA3/PC_G_EU4" CO2="12630.82" CO="185.56" HC="1.15" NOx="5.43" PMx="0.28" fuel="5.43" electricity="0.00" noise="73.47" route="routebottom" type="cfm-slow" waiting="0.00" lane="right_0" pos="1.95" speed="19.13" angle="0.98" x="132.13" y="67.95"/>
        <vehicle id="cfm-slow_2" eclass="HBEFA3/PC_G_EU4" CO2="15380.36" CO="241.72" HC="1.48" NOx="6.72" PMx="0.35" fuel="6.61" electricity="0.00" noise="75.53" route="routebottom" type="cfm-slow" waiting="0.00" lane="right_0" pos="17.90" speed="19.41" angle="332.31" x="121.70" y="100.27"/>
        <vehicle id="cfm-slow_3" eclass="HBEFA3/PC_G_EU4" CO2="21522.55" CO="367.26" HC="2.20" NOx="9.60" PMx="0.51" fuel="9.25" electricity="0.00" noise="80.17" route="routebottom" type="cfm-slow" waiting="0.00" lane="right_0" pos="34.16" speed="20.23" angle="303.03" x="96.43" y="123.93"/>
        <vehicle id="cfm-slow_4" eclass="HBEFA3/PC_G_EU4" CO2="31159.88" CO="565.74" HC="3.35" NOx="14.11" PMx="0.77" fuel="13.39" electricity="0.00" noise="86.67" route="routetop" type="cfm-slow" waiting="0.00" lane="top_0" pos="1.30" speed="22.14" angle="272.14" x="60.77" y="132.21"/>
        <vehicle id="cfm-slow_5" eclass="HBEFA3/PC_G_EU4" CO2="36123.77" CO="674.94" HC="3.97" NOx="16.37" PMx="0.90" fuel="15.53" electricity="0.00" noise="88.31" route="routetop" type="cfm-slow" waiting="0.00" lane="top_0" pos="20.46" speed="25.37" angle="237.63" x="22.53" y="118.56"/>
    </timestep>
    <timestep time="2.75">
        <vehicle id="cfm-fast_0" eclass="HBEFA3/PC_G_EU4" CO2="20247.58" CO="363.18" HC="2.16" NOx="8.81" PMx="0.50" fuel="8.70" electricity="0.00" noise="78.41" route="routetop" type="cfm-fast" waiting="0.00" lane="top_0" pos="43.24" speed="28.49" angle="196.72" x="-3.38" y="78.19"/>
        <vehicle id="cfm-fast_1" eclass="HBEFA3/PC_G_EU4" CO2="140367.76" CO="2919.58" HC="16.80" NOx="65.31" PMx="3.68" fuel="60.34" electricity="0.00" noise="132.73" route="routetop" type="cfm-fast" waiting="0.00" lane="left_1" pos="12.79" speed="37.07" angle="161.51" x="3.55" y="38.11"/>
        <vehicle id="cfm-fast_2" eclass="HBEFA3/PC_G_EU4" CO2="32957.13" CO="607.06" HC="3.58" NOx="14.90" PMx="0.82" fuel="14.17" electricity="0.00" noise="86.63" route="routetop" type="cfm-fast" waiting="0.00" lane="left_0" pos="18.89" speed="24.52" angle="150.44" x="6.80" y="25.28"/>
        <vehicle id="cfm-fast_3" eclass="HBEFA3/PC_G_EU4" CO2="33649.34" CO="630.65" HC="3.71" NOx="15.17" PMx="0.84" fuel="14.46" electricity="0.00" noise="86.06" route="routetop" type="cfm-fast" waiting="0.00" lane="left_0" pos="36.90" speed="26.96" angle="118.07" x="36.18" y="0.80"/>
        <vehicle id="cfm-fast_4" eclass="HBEFA3/PC_G_EU4" CO2="0.00" CO="0.00" HC="0.00" NOx="0.00" PMx="0.00" fuel="0.00" electricity="0.00" noise="72.56" route="routebottom" type="cfm-fast" waiting="0.00" lane="bottom_0" pos="7.44" speed="28.82" angle="81.00" x="79.62" y="-3.06"/>
        <vehicle id="cfm-fast_5" eclass="HBEFA3/PC_G_EU4" CO2="142093.61" CO="2960.92" HC="17.03" NOx="66.12" PMx="3.73" fuel="61.08" electricity="0.00" noise="132.94" route="routebottom" type="cfm-fast" waiting="0.00" lane="bottom_1" pos="26.92" speed="37.50" angle="46.11" x="112.54" y="20.34"/>
        <vehicle id="cfm-slow_0" eclass="HBEFA3/PC_G_EU4" CO2="11591.67" CO="164.28" HC="1.03" NOx="4.94" PMx="0.25" fuel="4.98" electricity="0.00" noise="72.72" route="routebottom" type="cfm-slow" waiting="0.00" lane="bottom_0" pos="36.28" speed="19.06" angle="29.26" x="125.97" y="34.95"/>
        <vehicle id="cfm-slow_1" eclass="HBEFA3/PC_G_EU4" CO2="12592.06" CO="184.73" HC="1.15" NOx="5.41" PMx="0.28" fuel="5.41" electricity="0.00" noise="73.44" route="routebottom" type="cfm-slow" waiting="0.00" lane="right_0" pos="2.14" speed="19.15" angle="0.63" x="132.11" y="68.36"/>
        <vehicle id="cfm-slow_2" eclass="HBEFA3/PC_G_EU4" CO2="15373.59" CO="241.54" HC="1.48" NOx="6.72" PMx="0.35" fuel="6.61" electricity="0.00" noise="75.53" route="routebottom" type="cfm-slow" waiting="0.00" lane="right_0" pos="18.10" speed="19.44" angle="331.96" x="121.47" y="100.62"/>
        <vehicle id="cfm-slow_3" eclass="HBEFA3/PC_G_EU4" CO2="21548.03" CO="367.76" HC="2.21" NOx="9.61" PMx="0.51" fuel="9.26" electricity="0.00" noise="80.18" route="routebottom" type="cfm-slow" waiting="0.00" lane="right_0" pos="34.36" speed="20.27" angle="302.66" x="96.05" y="124.14"/>
        <vehicle id="cfm-slow_4" eclass="HBEFA3/PC_G_EU4" CO2="31149.24" CO="565.56" HC="3.35" NOx="14.10" PMx="0.77" fuel="13.39" electricity="0.00" noise="86.63" route="routetop" type="cfm-slow" waiting="0.00" lane="top_0" pos="1.53" speed="22.19" angle="271.74" x="60.29" y="132.18"/>
        <vehicle id="cfm-slow_5" eclass="HBEFA3/PC_G_EU4" CO2="35928.30" CO="671.09" HC="3.95" NOx="16.28" PMx="0.90" fuel="15.44" electricity="0.00" noise="88.16" route="routetop" type="cfm-slow" waiting="0.00" lane="top_0" pos="20.72" speed="25.41" angle="237.19" x="22.09" y="118.23"/>
    </timestep>
    <timestep time="2.76">
        <vehicle id="cfm-fast_0" eclass="HBEFA3/PC_G_EU4" CO2="20028.02" CO="358.79" HC="2.14" NOx="8.71" PMx="0.49" fuel="8.61" electricity="0.00" noise="78.31" route="routetop" type="cfm-fast" waiting="0.00" lane="top_0" pos="43.53" speed="28.51" angle="196.23" x="-3.52" y="77.59"/>
        <vehicle id="cfm-fast_1" eclass="HBEFA3/PC_G_EU4" CO2="140914.28" CO="2932.66" HC="16.87" NOx="65.57" PMx="3.69" fuel="60.57" electricity="0.00" noise="132.80" route="routetop" type="cfm-fast" waiting="0.00" lane="left_1" pos="13.16" speed="37.21" angle="160.83" x="3.87" y="37.41"/>
        <vehicle id="cfm-fast_2" eclass="HBEFA3/PC_G_EU4" CO2="32877.39" CO="605.54" HC="3.57" NOx="14.86" PMx="0.82" fuel="14.13" electricity="0.00" noise="86.56" route="routetop" type="cfm-fast" waiting="0.00" lane="left_0" pos="19.14" speed="24.56" angle="150.01" x="7.09" y="24.84"/>
        <vehicle id="cfm-fast_3" eclass="HBEFA3/PC_G_EU4" CO2="33260.00" CO="622.83" HC="3.66" NOx="14.99" PMx="0.83" fuel="14.30" electricity="0.00" noise="85.80" route="routetop" type="cfm-fast" waiting="0.00" lane="left_0" pos="37.17" speed="27.00" angle="117.63" x="36.71" y="0.56"/>
        <vehicle id="cfm-fast_4" eclass="HBEFA3/PC_G_EU4" CO2="0.00" CO="0.00" HC="0.00" NOx="0.00" PMx="0.00" fuel="0.00" electricity="0.00" noise="72.49" route="routebottom" type="cfm-fast" waiting="0.00" lane="bottom_0" pos="7.73" speed="28.81" angle="80.52" x="80.22" y="-2.92"/>
        <vehicle id="cfm-fast_5" eclass="HBEFA3/PC_G_EU4" CO2="142641.06" CO="2974.06" HC="17.11" NOx="66.38" PMx="3.74" fuel="61.31" electricity="0.00" noise="133.00" route="routebottom" type="cfm-fast" waiting="0.00" lane="bottom_1" pos="27.29" speed="37.64" angle="45.40" x="113.04" y="20.93"/>
        <vehicle id="cfm-slow_0" eclass="HBEFA3/PC_G_EU4" CO2="11536.59" CO="163.11" HC="1.02" NOx="4.92" PMx="0.25" fuel="4.96" electricity="0.00" noise="72.68" route="routebottom" type="cfm-slow" waiting="0.00" lane="bottom_0" pos="36.47" speed="19.08" angle="28.89" x="126.14" y="35.33"/>
        <vehicle id="cfm-slow_1" eclass="HBEFA3/PC_G_EU4" CO2="12554.08" CO="183.91" HC="1.15" NOx="5.40" PMx="0.28" fuel="5.40" electricity="0.00" noise="73.41" route="routebottom" type="cfm-slow" waiting="0.00" lane="right_0" pos="2.33" speed="19.17" angle="0.29" x="132.08" y="68.77"/>
        <vehicle id="cfm-slow_2" eclass="HBEFA3/PC_G_EU4" CO2="15367.58" CO="241.38" HC="1.48" NOx="6.72" PMx="0.35" fuel="6.61" electricity="0.00" noise="75.52" route="routebottom" type="cfm-slow" waiting="0.00" lane="right_0" pos="18.29" speed="19.46" angle="331.58" x="121.24" y="100.97"/>
        <vehicle id="cfm-slow_3" eclass="HBEFA3/PC_G_EU4" CO2="21573.64" CO="368.26" HC="2.21" NOx="9.62" PMx="0.51" fuel="9.27" electricity="0.00" noise="80.19" route="routebottom" type="cfm-slow" waiting="0.00" lane="right_0" pos="34.57" speed="20.30" angle="302.33" x="95.67" y="124.35"/>
        <vehicle id="cfm-slow_4" eclass="HBEFA3/PC_G_EU4" CO2="31137.42" CO="565.36" HC="3.35" NOx="14.09" PMx="0.77" fuel="13.38" electricity="0.00" noise="86.59" route="routetop" type="cfm-slow" waiting="0.00" lane="top_0" pos="1.75" speed="22.24" angle="271.34" x="59.81" y="132.16"/>
        <vehicle id="cfm-slow_5" eclass="HBEFA3/PC_G_EU4" CO2="35732.52" CO="667.22" HC="3.93" NOx="16.19" PMx="0.89" fuel="15.36" electricity="0.00" noise="88.01" route="routetop" type="cfm-slow" waiting="0.00" lane="top_0" pos="20.97" speed="25.46" angle="236.72" x="21.66" y="117.89"/>
    </timestep>
    <timestep time="2.77">
        <vehicle id="cfm-fast_0" eclass="HBEFA3/PC_G_EU4" CO2="19812.35" CO="354.47" HC="2.11" NOx="8.61" PMx="0.49" fuel="8.52" electricity="0.00" noise="78.21" route="routetop" type="cfm-fast" waiting="0.00" lane="top_0" pos="43.81" speed="28.53" angle="195.75" x="-3.64" y="76.99"/>
        <vehicle id="cfm-fast_1" eclass="HBEFA3/PC_G_EU4" CO2="141461.10" CO="2945.75" HC="16.95" NOx="65.82" PMx="3.71" fuel="60.81" electricity="0.00" noise="132.86" route="routetop" type="cfm-fast" waiting="0.00" lane="left_1" pos="13.53" speed="37.34" angle="160.15" x="4.18" y="36.71"/>
        <vehicle id="cfm-fast_2" eclass="HBEFA3/PC_G_EU4" CO2="32795.51" CO="603.99" HC="3.57" NOx="14.82" PMx="0.81" fuel="14.10" electricity="0.00" noise="86.48" route="routetop" type="cfm-fast" waiting="0.00" lane="left_0" pos="19.38" speed="24.61" angle="149.59" x="7.40" y="24.40"/>
        <vehicle id="cfm-fast_3" eclass="HBEFA3/PC_G_EU4" CO2="32869.62" CO="614.99" HC="3.62" NOx="14.80" PMx="0.82" fuel="14.13" electricity="0.00" noise="85.55" route="routetop" type="cfm-fast" waiting="0.00" lane="left_0" pos="37.44" speed="27.04" angle="117.15" x="37.25" y="0.34"/>
        <vehicle id="cfm-fast_4" eclass="HBEFA3/PC_G_EU4" CO2="0.00" CO="0.00" HC="0.00" NOx="0.00" PMx="0.00" fuel="0.00" electricity="0.00" noise="72.43" route="routebottom" type="cfm-fast" waiting="0.00" lane="bottom_0" pos="8.02" speed="28.80" angle="79.99" x="80.82" y="-2.75"/>
        <vehicle id="cfm-fast_5" eclass="HBEFA3/PC_G_EU4" CO2="143188.80" CO="2987.22" HC="17.18" NOx="66.63" PMx="3.76" fuel="61.55" electricity="0.00" noise="133.07" route="routebottom" type="cfm-fast" waiting="0.00" lane="bottom_1" pos="27.67" speed="37.77" angle="44.68" x="113.54" y="21.52"/>
        <vehicle id="cfm-slow_0" eclass="HBEFA3/PC_G_EU4" CO2="11482.13" CO="161.96" HC="1.02" NOx="4.89" PMx="0.25" fuel="4.94" electricity="0.00" noise="72.64" route="routebottom" type="cfm-slow" waiting="0.00" lane="bottom_0" pos="36.66" speed="19.10" angle="28.52" x="126.31" y="35.70"/>
        <vehicle id="cfm-slow_1" eclass="HBEFA3/PC_G_EU4" CO2="12516.86" CO="183.11" HC="1.14" NOx="5.38" PMx="0.28" fuel="5.38" electricity="0.00" noise="73.39" route="routebottom" type="cfm-slow" waiting="0.00" lane="right_0" pos="2.52" speed="19.18" angle="359.97" x="132.06" y="69.18"/>
        <vehicle id="cfm-slow_2" eclass="HBEFA3/PC_G_EU4" CO2="15362.31" CO="241.24" HC="1.48" NOx="6.71" PMx="0.35" fuel="6.60" electricity="0.00" noise="75.51" route="routebottom" type="cfm-slow" waiting="0.00" lane="right_0" pos="18.49" speed="19.48" angle="331.20" x="121.00" y="101.32"/>
        <vehicle id="cfm-slow_3" eclass="HBEFA3/PC_G_EU4" CO2="21599.37" CO="368.77" HC="2.21" NOx="9.64" PMx="0.51" fuel="9.28" electricity="0.00" noise="80.19" route="routebottom" type="cfm-slow" waiting="0.00" lane="right_0" pos="34.77" speed="20.34" angle="301.98" x="95.28" y="124.55"/>
        <vehicle id="cfm-slow_4" eclass="HBEFA3/PC_G_EU4" CO2="31124.42" CO="565.13" HC="3.34" NOx="14.09" PMx="0.77" fuel="13.38" electricity="0.00" noise="86.55" route="routetop" type="cfm-slow" waiting="0.00" lane="top_0" pos="1.97" speed="22.29" angle="270.94" x="59.33" y="132.13"/>
        <vehicle id="cfm-slow_5" eclass="HBEFA3/PC_G_EU4" CO2="35536.48" CO="663.36" HC="3.90" NOx="16.09" PMx="0.89" fuel="15.28" electricity="0.00" noise="87.85" route="routetop" type="cfm-slow" waiting="0.00" lane="top_0" pos="21.23" speed="25.51" angle="236.25" x="21.23" y="117.55"/>
    </timestep>
    <timestep time="2.78">
        <vehicle id="cfm-fast_0" eclass="HBEFA3/PC_G_EU4" CO2="19600.50" CO="350.22" HC="2.09" NOx="8.51" PMx="0.48" fuel="8.43" electricity="0.00" noise="78.11" route="routetop" type="cfm-fast" waiting="0.00" lane="top_0" pos="44.10" speed="28.55" angle="195.21" x="-3.75" y="76.39"/>
        <vehicle id="cfm-fast_1" eclass="HBEFA3/PC_G_EU4" CO2="142008.21" CO="2958.87" HC="17.02" NOx="66.08" PMx="3.72" fuel="61.04" electricity="0.00" noise="132.93" route="routetop" type="cfm-fast" waiting="0.00" lane="left_1" pos="13.91" speed="37.48" angle="159.47" x="4.49" y="36.01"/>
        <vehicle id="cfm-fast_2" eclass="HBEFA3/PC_G_EU4" CO2="32711.50" CO="602.38" HC="3.56" NOx="14.78" PMx="0.81" fuel="14.06" electricity="0.00" noise="86.40" route="routetop" type="cfm-fast" waiting="0.00" lane="left_0" pos="19.63" speed="24.65" angle="149.13" x="7.71" y="23.97"/>
        <vehicle id="cfm-fast_3" eclass="HBEFA3/PC_G_EU4" CO2="32478.30" CO="607.13" HC="3.57" NOx="14.62" PMx="0.81" fuel="13.96" electricity="0.00" noise="85.31" route="routetop" type="cfm-fast" waiting="0.00" lane="left_0" pos="37.71" speed="27.07" angle="116.65" x="37.79" y="0.13"/>
        <vehicle id="cfm-fast_4" eclass="HBEFA3/PC_G_EU4" CO2="0.00" CO="0.00" HC="0.00" NOx="0.00" PMx="0.00" fuel="0.00" electricity="0.00" noise="72.38" route="routebottom" type="cfm-fast" waiting="0.00" lane="bottom_0" pos="8.30" speed="28.79" angle="79.46" x="81.42" y="-2.59"/>
        <vehicle id="cfm-fast_5" eclass="HBEFA3/PC_G_EU4" CO2="143736.83" CO="3000.41" HC="17.25" NOx="66.89" PMx="3.77" fuel="61.79" electricity="0.00" noise="133.14" route="routebottom" type="cfm-fast" waiting="0.00" lane="bottom_1" pos="28.05" speed="37.91" angle="43.96" x="114.04" y="22.11"/>
        <vehicle id="cfm-slow_0" eclass="HBEFA3/PC_G_EU4" CO2="11428.30" CO="160.82" HC="1.01" NOx="4.87" PMx="0.25" fuel="4.91" electricity="0.00" noise="72.60" route="routebottom" type="cfm-slow" waiting="0.00" lane="bottom_0" pos="36.85" speed="19.11" angle="28.15" x="126.48" y="36.08"/>
        <vehicle id="cfm-slow_1" eclass="HBEFA3/PC_G_EU4" CO2="12480.41" CO="182.33" HC="1.14" NOx="5.36" PMx="0.28" fuel="5.36" electricity="0.00" noise="73.36" route="routebottom" type="cfm-slow" waiting="0.00" lane="right_0" pos="2.72" speed="19.20" angle="359.62" x="132.02" y="69.59"/>
        <vehicle id="cfm-slow_2" eclass="HBEFA3/PC_G_EU4" CO2="15357.78" CO="241.12" HC="1.48" NOx="6.71" PMx="0.35" fuel="6.60" electricity="0.00" noise="75.50" route="routebottom" type="cfm-slow" waiting="0.00" lane="right_0" pos="18.68" speed="19.51" angle="330.82" x="120.77" y="101.67"/>
        <vehicle id="cfm-slow_3" eclass="HBEFA3/PC_G_EU4" CO2="21625.20" CO="369.28" HC="2.22" NOx="9.65" PMx="0.51" fuel="9.30" electricity="0.00" noise="80.20" route="routebottom" type="cfm-slow" waiting="0.00" lane="right_0" pos="34.97" speed="20.37" angle="301.62" x="94.89" y="124.75"/>
        <vehicle id="cfm-slow_4" eclass="HBEFA3/PC_G_EU4" CO2="31110.24" CO="564.89" HC="3.34" NOx="14.08" PMx="0.77" fuel="13.37" electricity="0.00" noise="86.52" route="routetop" type="cfm-slow" waiting="0.00" lane="top_0" pos="2.19" speed="22.33" angle="270.54" x="58.85" y="132.10"/>
        <vehicle id="cfm-slow_5" eclass="HBEFA3/PC_G_EU4" CO2="35340.22" CO="659.49" HC="3.88" NOx="16.00" PMx="0.88" fuel="15.19" electricity="0.00" noise="87.70" route="routetop" type="cfm-slow" waiting="0.00" lane="top_0" pos="21.48" speed="25.55" angle="235.78" x="20.80" y="117.21"/>
    </timestep>
    <timestep time="2.79">
        <vehicle id="cfm-fast_0" eclass="HBEFA3/PC_G_EU4" CO2="19392.41" CO="346.06" HC="2.06" NOx="8.41" PMx="0.48" fuel="8.34" electricity="0.00" noise="78.01" route="routetop" type="cfm-fast" waiting="0.00" lane="top_0" pos="44.38" speed="28.57" angle="194.68" x="-3.86" y="75.78"/>
        <vehicle id="cfm-fast_1" eclass="HBEFA3/PC_G_EU4" CO2="142555.61" CO="2972.01" HC="17.09" NOx="66.34" PMx="3.74" fuel="61.28" electricity="0.00" noise="132.99" route="routetop" type="cfm-fast" waiting="0.00" lane="left_1" pos="14.28" speed="37.62" angle="158.83" x="4.82" y="35.31"/>
        <vehicle id="cfm-fast_2" eclass="HBEFA3/PC_G_EU4" CO2="32625.36" CO="600.74" HC="3.55" NOx="14.74" PMx="0.81" fuel="14.02" electricity="0.00" noise="86.32" route="routetop" type="cfm-fast" waiting="0.00" lane="left_0" pos="19.88" speed="24.70" angle="148.67" x="8.02" y="23.54"/>
        <vehicle id="cfm-fast_3" eclass="HBEFA3/PC_G_EU4" CO2="32086.14" CO="599.24" HC="3.53" NOx="14.43" PMx="0.80" fuel="13.79" electricity="0.00" noise="85.06" route="routetop" type="cfm-fast" waiting="0.00" lane="left_0" pos="37.98" speed="27.11" angle="116.15" x="38.33" y="-0.09"/>
        <vehicle id="cfm-fast_4" eclass="HBEFA3/PC_G_EU4" CO2="0.00" CO="0.00" HC="0.00" NOx="0.00" PMx="0.00" fuel="0.00" electricity="0.00" noise="72.32" route="routebottom" type="cfm-fast" waiting="0.00" lane="bottom_0" pos="8.59" speed="28.78" angle="78.93" x="82.01" y="-2.43"/>
        <vehicle id="cfm-fast_5" eclass="HBEFA3/PC_G_EU4" CO2="144285.16" CO="3013.61" HC="17.33" NOx="67.14" PMx="3.79" fuel="62.02" electricity="0.00" noise="133.20" route="routebottom" type="cfm-fast" waiting="0.00" lane="bottom_1" pos="28.43" speed="38.05" angle="43.30" x="114.53" y="22.72"/>
        <vehicle id="cfm-slow_0" eclass="HBEFA3/PC_G_EU4" CO2="11375.11" CO="159.70" HC="1.01" NOx="4.84" PMx="0.25" fuel="4.89" electricity="0.00" noise="72.57" route="routebottom" type="cfm-slow" waiting="0.00" lane="bottom_0" pos="37.04" speed="19.13" angle="27.77" x="126.64" y="36.45"/>
        <vehicle id="cfm-slow_1" eclass="HBEFA3/PC_G_EU4" CO2="12444.72" CO="181.57" HC="1.13" NOx="5.34" PMx="0.27" fuel="5.35" electricity="0.00" noise="73.34" route="routebottom" type="cfm-slow" waiting="0.00" lane="right_0" pos="2.91" speed="19.22" angle="359.28" x="131.98" y="70.01"/>
        <vehicle id="cfm-slow_2" eclass="HBEFA3/PC_G_EU4" CO2="15353.98" CO="241.00" HC="1.47" NOx="6.71" PMx="0.35" fuel="6.60" electricity="0.00" noise="75.50" route="routebottom" type="cfm-slow" waiting="0.00" lane="right_0" pos="18.88" speed="19.53" angle="330.44" x="120.54" y="102.02"/>
        <vehicle id="cfm-slow_3" eclass="HBEFA3/PC_G_EU4" CO2="21651.12" CO="369.79" HC="2.22" NOx="9.66" PMx="0.52" fuel="9.31" electricity="0.00" noise="80.21" route="routebottom" type="cfm-slow" waiting="0.00" lane="right_0" pos="35.18" speed="20.41" angle="301.25" x="94.50" y="124.94"/>
        <vehicle id="cfm-slow_4" eclass="HBEFA3/PC_G_EU4" CO2="31094.90" CO="564.62" HC="3.34" NOx="14.07" PMx="0.76" fuel="13.37" electricity="0.00" noise="86.48" route="routetop" type="cfm-slow" waiting="0.00" lane="top_0" pos="2.42" speed="22.38" angle="270.14" x="58.37" y="132.07"/>
        <vehicle id="cfm-slow_5" eclass="HBEFA3/PC_G_EU4" CO2="35143.77" CO="655.61" HC="3.86" NOx="15.91" PMx="0.88" fuel="15.11" electricity="0.00" noise="87.55" route="routetop" type="cfm-slow" waiting="0.00" lane="top_0" pos="21.74" speed="25.60" angle="235.34" x="20.36" y="116.88"/>
    </timestep>
    <timestep time="2.80">
        <vehicle id="cfm-fast_0" eclass="HBEFA3/PC_G_EU4" CO2="19188.01" CO="341.96" HC="2.04" NOx="8.31" PMx="0.47" fuel="8.25" electricity="0.00" noise="77.92" route="routetop" type="cfm-fast" waiting="0.00" lane="top_0" pos="44.67" speed="28.59" angle="194.15" x="-3.97" y="75.18"/>
        <vehicle id="cfm-fast_1" eclass="HBEFA3/PC_G_EU4" CO2="143103.31" CO="2985.17" HC="17.17" NOx="66.59" PMx="3.75" fuel="61.51" electricity="0.00" noise="133.06" route="routetop" type="cfm-fast" waiting="0.00" lane="left_1" pos="14.66" speed="37.75" angle="158.13" x="5.17" y="34.62"/>
        <vehicle id="cfm-fast_2" eclass="HBEFA3/PC_G_EU4" CO2="32537.09" CO="599.05" HC="3.54" NOx="14.70" PMx="0.81" fuel="13.99" electricity="0.00" noise="86.24" route="routetop" type="cfm-fast" waiting="0.00" lane="left_0" pos="20.12" speed="24.74" angle="148.22" x="8.33" y="23.11"/>
        <vehicle id="cfm-fast_3" eclass="HBEFA3/PC_G_EU4" CO2="31693.24" CO="591.34" HC="3.48" NOx="14.24" PMx="0.79" fuel="13.62" electricity="0.00" noise="84.81" route="routetop" type="cfm-fast" waiting="0.00" lane="left_0" pos="38.25" speed="27.15" angle="115.65" x="38.87" y="-0.31"/>
        <vehicle id="cfm-fast_4" eclass="HBEFA3/PC_G_EU4" CO2="0.00" CO="0.00" HC="0.00" NOx="0.00" PMx="0.00" fuel="0.00" electricity="0.00" noise="72.27" route="routebottom" type="cfm-fast" waiting="0.00" lane="bottom_0" pos="8.88" speed="28.78" angle="78.44" x="82.61" y="-2.27"/>
        <vehicle id="cfm-fast_5" eclass="HBEFA3/PC_G_EU4" CO2="144833.77" CO="3026.84" HC="17.40" NOx="67.40" PMx="3.80" fuel="62.26" electricity="0.00" noise="133.27" route="routebottom" type="cfm-fast" waiting="0.00" lane="bottom_1" pos="28.81" speed="38.18" angle="42.60" x="115.01" y="23.33"/>
        <vehicle id="cfm-slow_0" eclass="HBEFA3/PC_G_EU4" CO2="11322.53" CO="158.59" HC="1.00" NOx="4.82" PMx="0.24" fuel="4.87" electricity="0.00" noise="72.53" route="routebottom" type="cfm-slow" waiting="0.00" lane="bottom_0" pos="37.23" speed="19.15" angle="27.49" x="126.81" y="36.83"/>
        <vehicle id="cfm-slow_1" eclass="HBEFA3/PC_G_EU4" CO2="12409.79" CO="180.82" HC="1.13" NOx="5.33" PMx="0.27" fuel="5.33" electricity="0.00" noise="73.31" route="routebottom" type="cfm-slow" waiting="0.00" lane="right_0" pos="3.10" speed="19.24" angle="358.93" x="131.93" y="70.42"/>
        <vehicle id="cfm-slow_2" eclass="HBEFA3/PC_G_EU4" CO2="15350.91" CO="240.91" HC="1.47" NOx="6.71" PMx="0.35" fuel="6.60" electricity="0.00" noise="75.49" route="routebottom" type="cfm-slow" waiting="0.00" lane="right_0" pos="19.07" speed="19.56" angle="330.06" x="120.30" y="102.37"/>
        <vehicle id="cfm-slow_3" eclass="HBEFA3/PC_G_EU4" CO2="21677.13" CO="370.30" HC="2.22" NOx="9.67" PMx="0.52" fuel="9.32" electricity="0.00" noise="80.21" route="routebottom" type="cfm-slow" waiting="0.00" lane="right_0" pos="35.38" speed="20.44" angle="300.88" x="94.10" y="125.14"/>
        <vehicle id="cfm-slow_4" eclass="HBEFA3/PC_G_EU4" CO2="31078.39" CO="564.33" HC="3.34" NOx="14.06" PMx="0.76" fuel="13.36" electricity="0.00" noise="86.43" route="routetop" type="cfm-slow" waiting="0.00" lane="top_0" pos="2.64" speed="22.43" angle="269.76" x="57.89" y="132.03"/>
        <vehicle id="cfm-slow_5" eclass="HBEFA3/PC_G_EU4" CO2="34947.17" CO="651.73" HC="3.84" NOx="15.81" PMx="0.87" fuel="15.02" electricity="0.00" noise="87.41" route="routetop" type="cfm-slow" waiting="0.00" lane="top_0" pos="21.99" speed="25.65" angle="234.88" x="19.94" y="116.52"/>
    </timestep>
    <timestep time="2.81">
        <vehicle id="cfm-fast_0" eclass="HBEFA3/PC_G_EU4" CO2="18987.23" CO="337.94" HC="2.01" NOx="8.22" PMx="0.47" fuel="8.16" electricity="0.00" noise="77.83" route="routetop" type="cfm-fast" waiting="0.00" lane="top_0" pos="44.95" speed="28.61" angle="193.69" x="-4.08" y="74.57"/>
        <vehicle id="cfm-fast_1" eclass="HBEFA3/PC_G_EU4" CO2="143651.29" CO="2998.35" HC="17.24" NOx="66.85" PMx="3.77" fuel="61.75" electricity="0.00" noise="133.13" route="routetop" type="cfm-fast" waiting="0.00" lane="left_1" pos="15.04" speed="37.89" angle="157.42" x="5.52" y="33.93"/>
        <vehicle id="cfm-fast_2" eclass="HBEFA3/PC_G_EU4" CO2="32446.71" CO="597.33" HC="3.53" NOx="14.65" PMx="0.80" fuel="13.95" electricity="0.00" noise="86.16" route="routetop" type="cfm-fast" waiting="0.00" lane="left_0" pos="20.37" speed="24.78" angle="147.76" x="8.64" y="22.68"/>
        <vehicle id="cfm-fast_3" eclass="HBEFA3/PC_G_EU4" CO2="31299.67" CO="583.43" HC="3.44" NOx="14.06" PMx="0.78" fuel="13.45" electricity="0.00" noise="84.57" route="routetop" type="cfm-fast" waiting="0.00" lane="left_0" pos="38.53" speed="27.19" angle="115.21" x="39.42" y="-0.52"/>
        <vehicle id="cfm-fast_4" eclass="HBEFA3/PC_G_EU4" CO2="0.00" CO="0.00" HC="0.00" NOx="0.00" PMx="0.00" fuel="0.00" electricity="0.00" noise="72.23" route="routebottom" type="cfm-fast" waiting="0.00" lane="bottom_0" pos="9.17" speed="28.77" angle="77.93" x="83.21" y="-2.10"/>
        <vehicle id="cfm-fast_5" eclass="HBEFA3/PC_G_EU4" CO2="145382.68" CO="3040.09" HC="17.48" NOx="67.66" PMx="3.82" fuel="62.49" electricity="0.00" noise="133.33" route="routebottom" type="cfm-fast" waiting="0.00" lane="bottom_1" pos="29.20" speed="38.32" angle="41.89" x="115.50" y="23.95"/>
        <vehicle id="cfm-slow_0" eclass="HBEFA3/PC_G_EU4" CO2="11270.59" CO="157.49" HC="0.99" NOx="4.79" PMx="0.24" fuel="4.84" electricity="0.00" noise="72.50" route="routebottom" type="cfm-slow" waiting="0.00" lane="bottom_0" pos="37.42" speed="19.16" angle="27.14" x="126.96" y="37.21"/>
        <vehicle id="cfm-slow_1" eclass="HBEFA3/PC_G_EU4" CO2="12375.62" CO="180.09" HC="1.12" NOx="5.31" PMx="0.27" fuel="5.32" electricity="0.00" noise="73.29" route="routebottom" type="cfm-slow" waiting="0.00" lane="right_0" pos="3.29" speed="19.26" angle="358.59" x="131.89" y="70.83"/>
        <vehicle id="cfm-slow_2" eclass="HBEFA3/PC_G_EU4" CO2="15348.55" CO="240.83" HC="1.47" NOx="6.70" PMx="0.35" fuel="6.60" electricity="0.00" noise="75.49" route="routebottom" type="cfm-slow" waiting="0.00" lane="right_0" pos="19.27" speed="19.58" angle="329.76" x="120.07" y="102.72"/>
        <vehicle id="cfm-slow_3" eclass="HBEFA3/PC_G_EU4" CO2="21703.20" CO="370.82" HC="2.22" NOx="9.68" PMx="0.52" fuel="9.33" electricity="0.00" noise="80.22" route="routebottom" type="cfm-slow" waiting="0.00" lane="right_0" pos="35.59" speed="20.48" angle="300.51" x="93.71" y="125.34"/>
        <vehicle id="cfm-slow_4" eclass="HBEFA3/PC_G_EU4" CO2="31060.72" CO="564.01" HC="3.34" NOx="14.05" PMx="0.76" fuel="13.35" electricity="0.00" noise="86.39" route="routetop" type="cfm-slow" waiting="0.00" lane="top_0" pos="2.87" speed="22.47" angle="269.35" x="57.41" y="131.98"/>
        <vehicle id="cfm-slow_5" eclass="HBEFA3/PC_G_EU4" CO2="34750.46" CO="647.85" HC="3.81" NOx="15.72" PMx="0.87" fuel="14.94" electricity="0.00" noise="87.26" route="routetop" type="cfm-slow" waiting="0.00" lane="top_0" pos="22.25" speed="25.69" angle="234.40" x="19.52" y="116.17"/>
    </timestep>
    <timestep time="2.82">
        <vehicle id="cfm-fast_0" eclass="HBEFA3/PC_G_EU4" CO2="18790.01" CO="333.99" HC="1.99" NOx="8.12" PMx="0.46" fuel="8.08" electricity="0.00" noise="77.74" route="routetop" type="cfm-fast" waiting="0.00" lane="top_0" pos="45.24" speed="28.63" angle="193.16" x="-4.17" y="73.96"/>
        <vehicle id="cfm-fast_1" eclass="HBEFA3/PC_G_EU4" CO2="144199.57" CO="3011.55" HC="17.32" NOx="67.10" PMx="3.78" fuel="61.98" electricity="0.00" noise="133.19" route="routetop" type="cfm-fast" waiting="0.00" lane="left_1" pos="15.42" speed="38.02" angle="156.79" x="5.87" y="33.23"/>
        <vehicle id="cfm-fast_2" eclass="HBEFA3/PC_G_EU4" CO2="32354.21" CO="595.55" HC="3.52" NOx="14.61" PMx="0.80" fuel="13.91" electricity="0.00" noise="86.08" route="routetop" type="cfm-fast" waiting="0.00" lane="left_0" pos="20.62" speed="24.83" angle="147.36" x="8.96" y="22.25"/>
        <vehicle id="cfm-fast_3" eclass="HBEFA3/PC_G_EU4" CO2="30905.54" CO="575.50" HC="3.39" NOx="13.87" PMx="0.77" fuel="13.28" electricity="0.00" noise="84.32" route="routetop" type="cfm-fast" waiting="0.00" lane="left_0" pos="38.80" speed="27.23" angle="114.71" x="39.97" y="-0.72"/>
        <vehicle id="cfm-fast_4" eclass="HBEFA3/PC_G_EU4" CO2="0.00" CO="0.00" HC="0.00" NOx="0.00" PMx="0.00" fuel="0.00" electricity="0.00" noise="72.18" route="routebottom" type="cfm-fast" waiting="0.00" lane="bottom_0" pos="9.45" speed="28.76" angle="77.40" x="83.80" y="-1.91"/>
        <vehicle id="cfm-fast_5" eclass="HBEFA3/PC_G_EU4" CO2="145931.88" CO="3053.36" HC="17.55" NOx="67.91" PMx="3.83" fuel="62.73" electricity="0.00" noise="133.40" route="routebottom" type="cfm-fast" waiting="0.00" lane="bottom_1" pos="29.58" speed="38.45" angle="41.24" x="115.98" y="24.58"/>
        <vehicle id="cfm-slow_0" eclass="HBEFA3/PC_G_EU4" CO2="11219.27" CO="156.41" HC="0.99" NOx="4.77" PMx="0.24" fuel="4.82" electricity="0.00" noise="72.46" route="routebottom" type="cfm-slow" waiting="0.00" lane="bottom_0" pos="37.61" speed="19.18" angle="26.80" x="127.12" y="37.60"/>
        <vehicle id="cfm-slow_1" eclass="HBEFA3/PC_G_EU4" CO2="12342.20" CO="179.37" HC="1.12" NOx="5.29" PMx="0.27" fuel="5.31" electricity="0.00" noise="73.26" route="routebottom" type="cfm-slow" waiting="0.00" lane="right_0" pos="3.49" speed="19.28" angle="358.24" x="131.85" y="71.24"/>
        <vehicle id="cfm-slow_2" eclass="HBEFA3/PC_G_EU4" CO2="15346.89" CO="240.76" HC="1.47" NOx="6.70" PMx="0.35" fuel="6.60" electricity="0.00" noise="75.48" route="routebottom" type="cfm-slow" waiting="0.00" lane="right_0" pos="19.46" speed="19.60" angle="329.40" x="119.82" y="103.06"/>
        <vehicle id="cfm-slow_3" eclass="HBEFA3/PC_G_EU4" CO2="21729.32" CO="371.34" HC="2.23" NOx="9.69" PMx="0.52" fuel="9.34" electricity="0.00" noise="80.23" route="routebottom" type="cfm-slow" waiting="0.00" lane="right_0" pos="35.79" speed="20.51" angle="300.14" x="93.32" y="125.54"/>
        <vehicle id="cfm-slow_4" eclass="HBEFA3/PC_G_EU4" CO2="31041.90" CO="563.68" HC="3.34" NOx="14.04" PMx="0.76" fuel="13.34" electricity="0.00" noise="86.35" route="routetop" type="cfm-slow" waiting="0.00" lane="top_0" pos="3.09" speed="22.52" angle="268.95" x="56.93" y="131.94"/>
        <vehicle id="cfm-slow_5" eclass="HBEFA3/PC_G_EU4" CO2="34553.68" CO="643.97" HC="3.79" NOx="15.62" PMx="0.86" fuel="14.85" electricity="0.00" noise="87.11" route="routetop" type="cfm-slow" waiting="0.00" lane="top_0" pos="22.51" speed="25.74" angle="233.92" x="19.09" y="115.81"/>
    </timestep>
    <timestep time="2.83">
        <vehicle id="cfm-fast_0" eclass="HBEFA3/PC_G_EU4" CO2="18596.27" CO="330.12" HC="1.97" NOx="8.03" PMx="0.46" fuel="7.99" electricity="0.00" noise="77.66" route="routetop" type="cfm-fast" waiting="0.00" lane="top_0" pos="45.53" speed="28.64" angle="192.63" x="-4.25" y="73.35"/>
        <vehicle id="cfm-fast_1" eclass="HBEFA3/PC_G_EU4" CO2="144748.14" CO="3024.78" HC="17.39" NOx="67.36" PMx="3.80" fuel="62.22" electricity="0.00" noise="133.26" route="routetop" type="cfm-fast" waiting="0.00" lane="left_1" pos="15.80" speed="38.16" angle="156.08" x="6.25" y="32.55"/>
        <vehicle id="cfm-fast_2" eclass="HBEFA3/PC_G_EU4" CO2="32259.60" CO="593.74" HC="3.51" NOx="14.56" PMx="0.80" fuel="13.87" electricity="0.00" noise="86.00" route="routetop" type="cfm-fast" waiting="0.00" lane="left_0" pos="20.87" speed="24.87" angle="146.90" x="9.29" y="21.83"/>
        <vehicle id="cfm-fast_3" eclass="HBEFA3/PC_G_EU4" CO2="30510.94" CO="567.56" HC="3.35" NOx="13.68" PMx="0.76" fuel="13.12" electricity="0.00" noise="84.08" route="routetop" type="cfm-fast" waiting="0.00" lane="left_0" pos="39.07" speed="27.26" angle="114.20" x="40.52" y="-0.92"/>
        <vehicle id="cfm-fast_4" eclass="HBEFA3/PC_G_EU4" CO2="0.00" CO="0.00" HC="0.00" NOx="0.00" PMx="0.00" fuel="0.00" electricity="0.00" noise="72.14" route="routebottom" type="cfm-fast" waiting="0.00" lane="bottom_0" pos="9.74" speed="28.75" angle="76.87" x="84.39" y="-1.73"/>
        <vehicle id="cfm-fast_5" eclass="HBEFA3/PC_G_EU4" CO2="146481.37" CO="3066.66" HC="17.62" NOx="68.17" PMx="3.85" fuel="62.96" electricity="0.00" noise="133.46" route="routebottom" type="cfm-fast" waiting="0.00" lane="bottom_1" pos="29.97" speed="38.59" angle="40.55" x="116.44" y="25.22"/>
        <vehicle id="cfm-slow_0" eclass="HBEFA3/PC_G_EU4" CO2="11168.58" CO="155.34" HC="0.98" NOx="4.74" PMx="0.24" fuel="4.80" electricity="0.00" noise="72.43" route="routebottom" type="cfm-slow" waiting="0.00" lane="bottom_0" pos="37.81" speed="19.20" angle="26.45" x="127.27" y="37.98"/>
        <vehicle id="cfm-slow_1" eclass="HBEFA3/PC_G_EU4" CO2="12309.54" CO="178.67" HC="1.12" NOx="5.28" PMx="0.27" fuel="5.29" electricity="0.00" noise="73.24" route="routebottom" type="cfm-slow" waiting="0.00" lane="right_0" pos="3.68" speed="19.30" angle="357.90" x="131.81" y="71.66"/>
        <vehicle id="cfm-slow_2" eclass="HBEFA3/PC_G_EU4" CO2="15345.93" CO="240.71" HC="1.47" NOx="6.70" PMx="0.35" fuel="6.60" electricity="0.00" noise="75.48" route="routebottom" type="cfm-slow" waiting="0.00" lane="right_0" pos="19.66" speed="19.63" angle="329.05" x="119.57" y="103.40"/>
        <vehicle id="cfm-slow_3" eclass="HBEFA3/PC_G_EU4" CO2="21755.49" CO="371.86" HC="2.23" NOx="9.70" PMx="0.52" fuel="9.35" electricity="0.00" noise="80.24" route="routebottom" type="cfm-slow" waiting="0.00" lane="right_0" pos="36.00" speed="20.55" angle="299.81" x="92.92" y="125.73"/>
        <vehicle id="cfm-slow_4" eclass="HBEFA3/PC_G_EU4" CO2="31021.93" CO="563.32" HC="3.33" NOx="14.03" PMx="0.76" fuel="13.33" electricity="0.00" noise="86.31" route="routetop" type="cfm-slow" waiting="0.00" lane="top_0" pos="3.32" speed="22.57" angle="268.55" x="56.45" y="131.89"/>
        <vehicle id="cfm-slow_5" eclass="HBEFA3/PC_G_EU4" CO2="34356.87" CO="640.09" HC="3.77" NOx="15.53" PMx="0.86" fuel="14.77" electricity="0.00" noise="86.96" route="routetop" type="cfm-slow" waiting="0.00" lane="top_0" pos="22.77" speed="25.78" angle="233.44" x="18.67" y="115.45"/>
    </timestep>
    <timestep time="2.84">
        <vehicle id="cfm-fast_0" eclass="HBEFA3/PC_G_EU4" CO2="18405.95" CO="326.31" HC="1.95" NOx="7.94" PMx="0.45" fuel="7.91" electricity="0.00" noise="77.57" route="routetop" type="cfm-fast" waiting="0.00" lane="top_0" pos="45.81" speed="28.66" angle="192.11" x="-4.34" y="72.74"/>
        <vehicle id="cfm-fast_1" eclass="HBEFA3/PC_G_EU4" CO2="145297.00" CO="3038.02" HC="17.46" NOx="67.62" PMx="3.81" fuel="62.46" electricity="0.00" noise="133.32" route="routetop" type="cfm-fast" waiting="0.00" lane="left_1" pos="16.19" speed="38.30" angle="155.38" x="6.63" y="31.86"/>
        <vehicle id="cfm-fast_2" eclass="HBEFA3/PC_G_EU4" CO2="32162.89" CO="591.88" HC="3.49" NOx="14.52" PMx="0.80" fuel="13.83" electricity="0.00" noise="85.92" route="routetop" type="cfm-fast" waiting="0.00" lane="left_0" pos="21.12" speed="24.91" angle="146.45" x="9.63" y="21.41"/>
        <vehicle id="cfm-fast_3" eclass="HBEFA3/PC_G_EU4" CO2="30115.95" CO="559.61" HC="3.30" NOx="13.50" PMx="0.75" fuel="12.95" electricity="0.00" noise="83.84" route="routetop" type="cfm-fast" waiting="0.00" lane="left_0" pos="39.34" speed="27.30" angle="113.70" x="41.07" y="-1.11"/>
        <vehicle id="cfm-fast_4" eclass="HBEFA3/PC_G_EU4" CO2="0.00" CO="0.00" HC="0.00" NOx="0.00" PMx="0.00" fuel="0.00" electricity="0.00" noise="72.10" route="routebottom" type="cfm-fast" waiting="0.00" lane="bottom_0" pos="10.03" speed="28.73" angle="76.34" x="84.98" y="-1.55"/>
        <vehicle id="cfm-fast_5" eclass="HBEFA3/PC_G_EU4" CO2="147031.15" CO="3079.97" HC="17.70" NOx="68.43" PMx="3.86" fuel="63.20" electricity="0.00" noise="133.53" route="routebottom" type="cfm-fast" waiting="0.00" lane="bottom_1" pos="30.35" speed="38.73" angle="39.85" x="116.91" y="25.86"/>
        <vehicle id="cfm-slow_0" eclass="HBEFA3/PC_G_EU4" CO2="11118.50" CO="154.28" HC="0.97" NOx="4.72" PMx="0.24" fuel="4.78" electricity="0.00" noise="72.40" route="routebottom" type="cfm-slow" waiting="0.00" lane="bottom_0" pos="38.00" speed="19.21" angle="26.11" x="127.42" y="38.37"/>
        <vehicle id="cfm-slow_1" eclass="HBEFA3/PC_G_EU4" CO2="12277.62" CO="177.98" HC="1.11" NOx="5.26" PMx="0.27" fuel="5.28" electricity="0.00" noise="73.22" route="routebottom" type="cfm-slow" waiting="0.00" lane="right_0" pos="3.87" speed="19.32" angle="357.57" x="131.76" y="72.07"/>
        <vehicle id="cfm-slow_2" eclass="HBEFA3/PC_G_EU4" CO2="15345.67" CO="240.68" HC="1.47" NOx="6.70" PMx="0.35" fuel="6.60" electricity="0.00" noise="75.48" route="routebottom" type="cfm-slow" waiting="0.00" lane="right_0" pos="19.86" speed="19.65" angle="328.69" x="119.33" y="103.74"/>
        <vehicle id="cfm-slow_3" eclass="HBEFA3/PC_G_EU4" CO2="21781.68" CO="372.38" HC="2.23" NOx="9.72" PMx="0.52" fuel="9.36" electricity="0.00" noise="80.24" route="routebottom" type="cfm-slow" waiting="0.00" lane="right_0" pos="36.20" speed="20.58" angle="299.41" x="92.51" y="125.91"/>
        <vehicle id="cfm-slow_4" eclass="HBEFA3/PC_G_EU4" CO2="31000.82" CO="562.94" HC="3.33" NOx="14.02" PMx="0.76" fuel="13.33" electricity="0.00" noise="86.27" route="routetop" type="cfm-slow" waiting="0.00" lane="top_0" pos="3.54" speed="22.61" angle="268.14" x="55.96" y="131.84"/>
        <vehicle id="cfm-slow_5" eclass="HBEFA3/PC_G_EU4" CO2="34160.05" CO="636.21" HC="3.75" NOx="15.44" PMx="0.85" fuel="14.68" electricity="0.00" noise="86.82" route="routetop" type="cfm-slow" waiting="0.00" lane="top_0" pos="23.02" speed="25.82" angle="233.01" x="18.25" y="115.09"/>
    </timestep>
    <timestep time="2.85">
        <vehicle id="cfm-fast_0" eclass="HBEFA3/PC_G_EU4" CO2="18219.00" CO="322.57" HC="1.93" NOx="7.85" PMx="0.45" fuel="7.83" electricity="0.00" noise="77.49" route="routetop" type="cfm-fast" waiting="0.00" lane="top_0" pos="46.10" speed="28.68" angle="191.59" x="-4.42" y="72.13"/>
        <vehicle id="cfm-fast_1" eclass="HBEFA3/PC_G_EU4" CO2="145846.16" CO="3051.29" HC="17.54" NOx="67.87" PMx="3.83" fuel="62.69" electricity="0.00" noise="133.39" route="routetop" type="cfm-fast" waiting="0.00" lane="left_1" pos="16.57" speed="38.43" angle="154.69" x="7.01" y="31.17"/>
        <vehicle id="cfm-fast_2" eclass="HBEFA3/PC_G_EU4" CO2="32064.10" CO="589.98" HC="3.48" NOx="14.47" PMx="0.80" fuel="13.78" electricity="0.00" noise="85.83" route="routetop" type="cfm-fast" waiting="0.00" lane="left_0" pos="21.37" speed="24.96" angle="145.99" x="9.96" y="20.99"/>
        <vehicle id="cfm-fast_3" eclass="HBEFA3/PC_G_EU4" CO2="29720.66" CO="551.65" HC="3.25" NOx="13.31" PMx="0.74" fuel="12.78" electricity="0.00" noise="83.60" route="routetop" type="cfm-fast" waiting="0.00" lane="left_0" pos="39.62" speed="27.33" angle="113.20" x="41.63" y="-1.31"/>
        <vehicle id="cfm-fast_4" eclass="HBEFA3/PC_G_EU4" CO2="0.00" CO="0.00" HC="0.00" NOx="0.00" PMx="0.00" fuel="0.00" electricity="0.00" noise="72.06" route="routebottom" type="cfm-fast" waiting="0.00" lane="bottom_0" pos="10.32" speed="28.72" angle="75.89" x="85.57" y="-1.36"/>
        <vehicle id="cfm-fast_5" eclass="HBEFA3/PC_G_EU4" CO2="147581.23" CO="3093.30" HC="17.77" NOx="68.68" PMx="3.88" fuel="63.44" electricity="0.00" noise="133.60" route="routebottom" type="cfm-fast" waiting="0.00" lane="bottom_1" pos="30.74" speed="38.86" angle="39.20" x="117.37" y="26.51"/>
        <vehicle id="cfm-slow_0" eclass="HBEFA3/PC_G_EU4" CO2="11069.06" CO="153.24" HC="0.97" NOx="4.69" PMx="0.24" fuel="4.76" electricity="0.00" noise="72.37" route="routebottom" type="cfm-slow" waiting="0.00" lane="bottom_0" pos="38.19" speed="19.23" angle="25.76" x="127.58" y="38.75"/>
        <vehicle id="cfm-slow_1" eclass="HBEFA3/PC_G_EU4" CO2="12246.45" CO="177.31" HC="1.11" NOx="5.25" PMx="0.27" fuel="5.26" electricity="0.00" noise="73.20" route="routebottom" type="cfm-slow" waiting="0.00" lane="right_0" pos="4.06" speed="19.33" angle="357.22" x="131.70" y="72.48"/>
        <vehicle id="cfm-slow_2" eclass="HBEFA3/PC_G_EU4" CO2="15346.08" CO="240.66" HC="1.47" NOx="6.70" PMx="0.35" fuel="6.60" electricity="0.00" noise="75.47" route="routebottom" type="cfm-slow" waiting="0.00" lane="right_0" pos="20.05" speed="19.68" angle="328.33" x="119.08" y="104.09"/>
        <vehicle id="cfm-slow_3" eclass="HBEFA3/PC_G_EU4" CO2="21807.90" CO="372.90" HC="2.24" NOx="9.73" PMx="0.52" fuel="9.37" electricity="0.00" noise="80.25" route="routebottom" type="cfm-slow" waiting="0.00" lane="right_0" pos="36.41" speed="20.62" angle="299.00" x="92.11" y="126.09"/>
        <vehicle id="cfm-slow_4" eclass="HBEFA3/PC_G_EU4" CO2="30978.56" CO="562.54" HC="3.33" NOx="14.01" PMx="0.76" fuel="13.32" electricity="0.00" noise="86.22" route="routetop" type="cfm-slow" waiting="0.00" lane="top_0" pos="3.77" speed="22.66" angle="267.74" x="55.48" y="131.79"/>
        <vehicle id="cfm-slow_5" eclass="HBEFA3/PC_G_EU4" CO2="33963.26" CO="632.33" HC="3.72" NOx="15.34" PMx="0.85" fuel="14.60" electricity="0.00" noise="86.67" route="routetop" type="cfm-slow" waiting="0.00" lane="top_0" pos="23.28" speed="25.87" angle="232.57" x="17.83" y="114.72"/>
    </timestep>
    <timestep time="2.86">
        <vehicle id="cfm-fast_0" eclass="HBEFA3/PC_G_EU4" CO2="18035.33" CO="318.89" HC="1.90" NOx="7.76" PMx="0.44" fuel="7.75" electricity="0.00" noise="77.41" route="routetop" type="cfm-fast" waiting="0.00" lane="top_0" pos="46.39" speed="28.70" angle="191.11" x="-4.49" y="71.52"/>
        <vehicle id="cfm-fast_1" eclass="HBEFA3/PC_G_EU4" CO2="146395.60" CO="3064.58" HC="17.61" NOx="68.13" PMx="3.84" fuel="62.93" electricity="0.00" noise="133.45" route="routetop" type="cfm-fast" waiting="0.00" lane="left_1" pos="16.96" speed="38.57" angle="154.00" x="7.41" y="30.49"/>
        <vehicle id="cfm-fast_2" eclass="HBEFA3/PC_G_EU4" CO2="31963.22" CO="588.04" HC="3.47" NOx="14.42" PMx="0.79" fuel="13.74" electricity="0.00" noise="85.75" route="routetop" type="cfm-fast" waiting="0.00" lane="left_0" pos="21.62" speed="25.00" angle="145.53" x="10.29" y="20.56"/>
        <vehicle id="cfm-fast_3" eclass="HBEFA3/PC_G_EU4" CO2="29325.16" CO="543.68" HC="3.21" NOx="13.12" PMx="0.73" fuel="12.61" electricity="0.00" noise="83.36" route="routetop" type="cfm-fast" waiting="0.00" lane="left_0" pos="39.89" speed="27.37" angle="112.75" x="42.19" y="-1.50"/>
        <vehicle id="cfm-fast_4" eclass="HBEFA3/PC_G_EU4" CO2="0.00" CO="0.00" HC="0.00" NOx="0.00" PMx="0.00" fuel="0.00" electricity="0.00" noise="72.02" route="routebottom" type="cfm-fast" waiting="0.00" lane="bottom_0" pos="10.60" speed="28.71" angle="75.35" x="86.15" y="-1.15"/>
        <vehicle id="cfm-fast_5" eclass="HBEFA3/PC_G_EU4" CO2="148131.59" CO="3106.66" HC="17.85" NOx="68.94" PMx="3.89" fuel="63.67" electricity="0.00" noise="133.66" route="routebottom" type="cfm-fast" waiting="0.00" lane="bottom_1" pos="31.13" speed="39.00" angle="38.49" x="117.82" y="27.17"/>
        <vehicle id="cfm-slow_0" eclass="HBEFA3/PC_G_EU4" CO2="11020.23" CO="152.21" HC="0.96" NOx="4.67" PMx="0.24" fuel="4.74" electricity="0.00" noise="72.33" route="routebottom" type="cfm-slow" waiting="0.00" lane="bottom_0" pos="38.38" speed="19.24" angle="25.43" x="127.73" y="39.13"/>
        <vehicle id="cfm-slow_1" eclass="HBEFA3/PC_G_EU4" CO2="12216.02" CO="176.66" HC="1.10" NOx="5.23" PMx="0.27" fuel="5.25" electricity="0.00" noise="73.18" route="routebottom" type="cfm-slow" waiting="0.00" lane="right_0" pos="4.26" speed="19.35" angle="356.87" x="131.64" y="72.89"/>
        <vehicle id="cfm-slow_2" eclass="HBEFA3/PC_G_EU4" CO2="15347.16" CO="240.65" HC="1.47" NOx="6.70" PMx="0.35" fuel="6.60" electricity="0.00" noise="75.47" route="routebottom" type="cfm-slow" waiting="0.00" lane="right_0" pos="20.25" speed="19.70" angle="327.98" x="118.83" y="104.43"/>
        <vehicle id="cfm-slow_3" eclass="HBEFA3/PC_G_EU4" CO2="21834.11" CO="373.43" HC="2.24" NOx="9.74" PMx="0.52" fuel="9.39" electricity="0.00" noise="80.26" route="routebottom" type="cfm-slow" waiting="0.00" lane="right_0" pos="36.62" speed="20.65" angle="298.60" x="91.70" y="126.27"/>
        <vehicle id="cfm-slow_4" eclass="HBEFA3/PC_G_EU4" CO2="30955.18" CO="562.12" HC="3.33" NOx="14.00" PMx="0.76" fuel="13.31" electricity="0.00" noise="86.18" route="routetop" type="cfm-slow" waiting="0.00" lane="top_0" pos="4.00" speed="22.71" angle="267.35" x="54.99" y="131.72"/>
        <vehicle id="cfm-slow_5" eclass="HBEFA3/PC_G_EU4" CO2="33766.54" CO="628.45" HC="3.70" NOx="15.25" PMx="0.84" fuel="14.51" electricity="0.00" noise="86.53" route="routetop" type="cfm-slow" waiting="0.00" lane="top_0" pos="23.54" speed="25.91" angle="232.10" x="17.42" y="114.34"/>
    </timestep>
    <timestep time="2.87">
        <vehicle id="cfm-fast_0" eclass="HBEFA3/PC_G_EU4" CO2="17854.90" CO="315.28" HC="1.88" NOx="7.68" PMx="0.44" fuel="7.67" electricity="0.00" noise="77.34" route="routetop" type="cfm-fast" waiting="0.00" lane="top_0" pos="46.67" speed="28.71" angle="190.58" x="-4.55" y="70.90"/>
        <vehicle id="cfm-fast_1" eclass="HBEFA3/PC_G_EU4" CO2="146945.34" CO="3077.89" HC="17.69" NOx="68.39" PMx="3.86" fuel="63.16" electricity="0.00" noise="133.52" route="routetop" type="cfm-fast" waiting="0.00" lane="left_1" pos="17.34" speed="38.71" angle="153.28" x="7.82" y="29.81"/>
        <vehicle id="cfm-fast_2" eclass="HBEFA3/PC_G_EU4" CO2="31860.26" CO="586.06" HC="3.46" NOx="14.37" PMx="0.79" fuel="13.70" electricity="0.00" noise="85.66" route="routetop" type="cfm-fast" waiting="0.00" lane="left_0" pos="21.87" speed="25.04" angle="145.12" x="10.63" y="20.14"/>
        <vehicle id="cfm-fast_3" eclass="HBEFA3/PC_G_EU4" CO2="28929.54" CO="535.71" HC="3.16" NOx="12.93" PMx="0.72" fuel="12.44" electricity="0.00" noise="83.12" route="routetop" type="cfm-fast" waiting="0.00" lane="left_0" pos="40.17" speed="27.40" angle="112.24" x="42.75" y="-1.67"/>
        <vehicle id="cfm-fast_4" eclass="HBEFA3/PC_G_EU4" CO2="0.00" CO="0.00" HC="0.00" NOx="0.00" PMx="0.00" fuel="0.00" electricity="0.00" noise="71.99" route="routebottom" type="cfm-fast" waiting="0.00" lane="bottom_0" pos="10.89" speed="28.70" angle="74.81" x="86.73" y="-0.94"/>
        <vehicle id="cfm-fast_5" eclass="HBEFA3/PC_G_EU4" CO2="148682.25" CO="3120.04" HC="17.92" NOx="69.20" PMx="3.91" fuel="63.91" electricity="0.00" noise="133.73" route="routebottom" type="cfm-fast" waiting="0.00" lane="bottom_1" pos="31.52" speed="39.14" angle="37.78" x="118.26" y="27.84"/>
        <vehicle id="cfm-slow_0" eclass="HBEFA3/PC_G_EU4" CO2="10972.02" CO="151.19" HC="0.96" NOx="4.65" PMx="0.24" fuel="4.72" electricity="0.00" noise="72.30" route="routebottom" type="cfm-slow" waiting="0.00" lane="bottom_0" pos="38.58" speed="19.26" angle="25.12" x="127.88" y="39.52"/>
        <vehicle id="cfm-slow_1" eclass="HBEFA3/PC_G_EU4" CO2="12186.34" CO="176.02" HC="1.10" NOx="5.22" PMx="0.27" fuel="5.24" electricity="0.00" noise="73.16" route="routebottom" type="cfm-slow" waiting="0.00" lane="right_0" pos="4.45" speed="19.37" angle="356.52" x="131.58" y="73.30"/>
        <vehicle id="cfm-slow_2" eclass="HBEFA3/PC_G_EU4" CO2="15348.91" CO="240.66" HC="1.47" NOx="6.70" PMx="0.35" fuel="6.60" electricity="0.00" noise="75.47" route="routebottom" type="cfm-slow" waiting="0.00" lane="right_0" pos="20.45" speed="19.72" angle="327.65" x="118.58" y="104.78"/>
        <vehicle id="cfm-slow_3" eclass="HBEFA3/PC_G_EU4" CO2="21860.33" CO="373.95" HC="2.24" NOx="9.75" PMx="0.52" fuel="9.40" electricity="0.00" noise="80.27" route="routebottom" type="cfm-slow" waiting="0.00" lane="right_0" pos="36.82" speed="20.68" angle="298.20" x="91.30" y="126.45"/>
        <vehicle id="cfm-slow_4" eclass="HBEFA3/PC_G_EU4" CO2="30930.67" CO="561.67" HC="3.32" NOx="13.98" PMx="0.76" fuel="13.30" electricity="0.00" noise="86.14" route="routetop" type="cfm-slow" waiting="0.00" lane="top_0" pos="4.23" speed="22.75" angle="266.93" x="54.51" y="131.65"/>
        <vehicle id="cfm-slow_5" eclass="HBEFA3/PC_G_EU4" CO2="33569.92" CO="624.58" HC="3.68" NOx="15.16" PMx="0.84" fuel="14.43" electricity="0.00" noise="86.39" route="routetop" type="cfm-slow" waiting="0.00" lane="top_0" pos="23.80" speed="25.95" angle="231.64" x="17.01" y="113.96"/>
    </timestep>
    <timestep time="2.88">
        <vehicle id="cfm-fast_0" eclass="HBEFA3/PC_G_EU4" CO2="17677.63" CO="311.74" HC="1.86" NOx="7.60" PMx="0.43" fuel="7.60" electricity="0.00" noise="77.26" route="routetop" type="cfm-fast" waiting="0.00" lane="top_0" pos="46.96" speed="28.73" angle="190.05" x="-4.62" y="70.29"/>
        <vehicle id="cfm-fast_1" eclass="HBEFA3/PC_G_EU4" CO2="147495.37" CO="3091.22" HC="17.76" NOx="68.64" PMx="3.88" fuel="63.40" electricity="0.00" noise="133.59" route="routetop" type="cfm-fast" waiting="0.00" lane="left_1" pos="17.73" speed="38.84" angle="152.55" x="8.23" y="29.13"/>
        <vehicle id="cfm-fast_2" eclass="HBEFA3/PC_G_EU4" CO2="31755.25" CO="584.03" HC="3.45" NOx="14.32" PMx="0.79" fuel="13.65" electricity="0.00" noise="85.57" route="routetop" type="cfm-fast" waiting="0.00" lane="left_0" pos="22.12" speed="25.08" angle="144.65" x="10.97" y="19.73"/>
        <vehicle id="cfm-fast_3" eclass="HBEFA3/PC_G_EU4" CO2="28533.87" CO="527.74" HC="3.11" NOx="12.75" PMx="0.71" fuel="12.27" electricity="0.00" noise="82.88" route="routetop" type="cfm-fast" waiting="0.00" lane="left_0" pos="40.44" speed="27.43" angle="111.73" x="43.31" y="-1.85"/>
        <vehicle id="cfm-fast_4" eclass="HBEFA3/PC_G_EU4" CO2="0.00" CO="0.00" HC="0.00" NOx="0.00" PMx="0.00" fuel="0.00" electricity="0.00" noise="71.95" route="routebottom" type="cfm-fast" waiting="0.00" lane="bottom_0" pos="11.18" speed="28.68" angle="74.28" x="87.31" y="-0.73"/>
        <vehicle id="cfm-fast_5" eclass="HBEFA3/PC_G_EU4" CO2="149233.20" CO="3133.44" HC="18.00" NOx="69.45" PMx="3.92" fuel="64.15" electricity="0.00" noise="133.79" route="routebottom" type="cfm-fast" waiting="0.00" lane="bottom_1" pos="31.92" speed="39.27" angle="37.06" x="118.71" y="28.51"/>
        <vehicle id="cfm-slow_0" eclass="HBEFA3/PC_G_EU4" CO2="10924.44" CO="150.18" HC="0.95" NOx="4.62" PMx="0.23" fuel="4.70" electricity="0.00" noise="72.27" route="routebottom" type="cfm-slow" waiting="0.00" lane="bottom_0" pos="38.77" speed="19.28" angle="24.77" x="128.02" y="39.91"/>
        <vehicle id="cfm-slow_1" eclass="HBEFA3/PC_G_EU4" CO2="12157.39" CO="175.40" HC="1.10" NOx="5.20" PMx="0.27" fuel="5.23" electricity="0.00" noise="73.14" route="routebottom" type="cfm-slow" waiting="0.00" lane="right_0" pos="4.65" speed="19.39" angle="356.17" x="131.52" y="73.72"/>
        <vehicle id="cfm-slow_2" eclass="HBEFA3/PC_G_EU4" CO2="15351.31" CO="240.68" HC="1.47" NOx="6.70" PMx="0.35" fuel="6.60" electricity="0.00" noise="75.47" route="routebottom" type="cfm-slow" waiting="0.00" lane="right_0" pos="20.64" speed="19.75" angle="327.32" x="118.33" y="105.11"/>
        <vehicle id="cfm-slow_3" eclass="HBEFA3/PC_G_EU4" CO2="21886.52" CO="374.48" HC="2.25" NOx="9.76" PMx="0.52" fuel="9.41" electricity="0.00" noise="80.27" route="routebottom" type="cfm-slow" waiting="0.00" lane="right_0" pos="37.03" speed="20.72" angle="297.80" x="90.89" y="126.63"/>
        <vehicle id="cfm-slow_4" eclass="HBEFA3/PC_G_EU4" CO2="30905.04" CO="561.21" HC="3.32" NOx="13.97" PMx="0.76" fuel="13.28" electricity="0.00" noise="86.09" route="routetop" type="cfm-slow" waiting="0.00" lane="top_0" pos="4.45" speed="22.80" angle="266.52" x="54.02" y="131.58"/>
        <vehicle id="cfm-slow_5" eclass="HBEFA3/PC_G_EU4" CO2="33373.42" CO="620.70" HC="3.66" NOx="15.06" PMx="0.83" fuel="14.35" electricity="0.00" noise="86.24" route="routetop" type="cfm-slow" waiting="0.00" lane="top_0" pos="24.06" speed="26.00" angle="231.17" x="16.60" y="113.58"/>
    </timestep>
    <timestep time="2.89">
        <vehicle id="cfm-fast_0" eclass="HBEFA3/PC_G_EU4" CO2="17503.47" CO="308.25" HC="1.84" NOx="7.51" PMx="0.43" fuel="7.52" electricity="0.00" noise="77.19" route="routetop" type="cfm-fast" waiting="0.00" lane="top_0" pos="47.25" speed="28.75" angle="189.52" x="-4.68" y="69.67"/>
        <vehicle id="cfm-fast_1" eclass="HBEFA3/PC_G_EU4" CO2="148045.69" CO="3104.58" HC="17.84" NOx="68.90" PMx="3.89" fuel="63.64" electricity="0.00" noise="133.65" route="routetop" type="cfm-fast" waiting="0.00" lane="left_1" pos="18.12" speed="38.98" angle="151.88" x="8.66" y="28.45"/>
        <vehicle id="cfm-fast_2" eclass="HBEFA3/PC_G_EU4" CO2="31648.18" CO="581.97" HC="3.44" NOx="14.27" PMx="0.78" fuel="13.60" electricity="0.00" noise="85.49" route="routetop" type="cfm-fast" waiting="0.00" lane="left_0" pos="22.37" speed="25.12" angle="144.18" x="11.32" y="19.32"/>
        <vehicle id="cfm-fast_3" eclass="HBEFA3/PC_G_EU4" CO2="28138.24" CO="519.76" HC="3.07" NOx="12.56" PMx="0.70" fuel="12.10" electricity="0.00" noise="82.65" route="routetop" type="cfm-fast" waiting="0.00" lane="left_0" pos="40.71" speed="27.46" angle="111.21" x="43.88" y="-2.02"/>
        <vehicle id="cfm-fast_4" eclass="HBEFA3/PC_G_EU4" CO2="0.00" CO="0.00" HC="0.00" NOx="0.00" PMx="0.00" fuel="0.00" electricity="0.00" noise="71.92" route="routebottom" type="cfm-fast" waiting="0.00" lane="bottom_0" pos="11.46" speed="28.67" angle="73.79" x="87.89" y="-0.53"/>
        <vehicle id="cfm-fast_5" eclass="HBEFA3/PC_G_EU4" CO2="149784.45" CO="3146.86" HC="18.07" NOx="69.71" PMx="3.94" fuel="64.38" electricity="0.00" noise="133.86" route="routebottom" type="cfm-fast" waiting="0.00" lane="bottom_1" pos="32.31" speed="39.41" angle="36.40" x="119.14" y="29.20"/>
        <vehicle id="cfm-slow_0" eclass="HBEFA3/PC_G_EU4" CO2="10877.47" CO="149.19" HC="0.95" NOx="4.60" PMx="0.23" fuel="4.68" electricity="0.00" noise="72.24" route="routebottom" type="cfm-slow" waiting="0.00" lane="bottom_0" pos="38.96" speed="19.29" angle="24.42" x="128.16" y="40.30"/>
        <vehicle id="cfm-slow_1" eclass="HBEFA3/PC_G_EU4" CO2="12129.17" CO="174.79" HC="1.09" NOx="5.19" PMx="0.27" fuel="5.21" electricity="0.00" noise="73.12" route="routebottom" type="cfm-slow" waiting="0.00" lane="right_0" pos="4.84" speed="19.41" angle="355.82" x="131.47" y="74.13"/>
        <vehicle id="cfm-slow_2" eclass="HBEFA3/PC_G_EU4" CO2="15354.36" CO="240.71" HC="1.47" NOx="6.70" PMx="0.35" fuel="6.60" electricity="0.00" noise="75.47" route="routebottom" type="cfm-slow" waiting="0.00" lane="right_0" pos="20.84" speed="19.77" angle="326.97" x="118.06" y="105.45"/>
        <vehicle id="cfm-slow_3" eclass="HBEFA3/PC_G_EU4" CO2="21912.69" CO="375.01" HC="2.25" NOx="9.77" PMx="0.52" fuel="9.42" electricity="0.00" noise="80.28" route="routebottom" type="cfm-slow" waiting="0.00" lane="right_0" pos="37.24" speed="20.75" angle="297.48" x="90.48" y="126.81"/>
        <vehicle id="cfm-slow_4" eclass="HBEFA3/PC_G_EU4" CO2="30878.30" CO="560.72" HC="3.32" NOx="13.96" PMx="0.76" fuel="13.27" electricity="0.00" noise="86.05" route="routetop" type="cfm-slow" waiting="0.00" lane="top_0" pos="4.68" speed="22.84" angle="266.11" x="53.54" y="131.52"/>
        <vehicle id="cfm-slow_5" eclass="HBEFA3/PC_G_EU4" CO2="33177.09" CO="616.83" HC="3.63" NOx="14.97" PMx="0.83" fuel="14.26" electricity="0.00" noise="86.10" route="routetop" type="cfm-slow" waiting="0.00" lane="top_0" pos="24.32" speed="26.04" angle="230.74" x="16.19" y="113.20"/>
    </timestep>
    <timestep time="2.90">
        <vehicle id="cfm-fast_0" eclass="HBEFA3/PC_G_EU4" CO2="17332.35" CO="304.83" HC="1.82" NOx="7.43" PMx="0.42" fuel="7.45" electricity="0.00" noise="77.12" route="routetop" type="cfm-fast" waiting="0.00" lane="top_0" pos="47.54" speed="28.76" angle="189.05" x="-4.74" y="69.06"/>
        <vehicle id="cfm-fast_1" eclass="HBEFA3/PC_G_EU4" CO2="148596.30" CO="3117.95" HC="17.91" NOx="69.16" PMx="3.91" fuel="63.87" electricity="0.00" noise="133.72" route="routetop" type="cfm-fast" waiting="0.00" lane="left_1" pos="18.51" speed="39.12" angle="151.14" x="9.10" y="27.79"/>
        <vehicle id="cfm-fast_2" eclass="HBEFA3/PC_G_EU4" CO2="31539.07" CO="579.86" HC="3.42" NOx="14.22" PMx="0.78" fuel="13.56" electricity="0.00" noise="85.40" route="routetop" type="cfm-fast" waiting="0.00" lane="left_0" pos="22.62" speed="25.16" angle="143.71" x="11.68" y="18.91"/>
        <vehicle id="cfm-fast_3" eclass="HBEFA3/PC_G_EU4" CO2="27742.73" CO="511.79" HC="3.02" NOx="12.37" PMx="0.69" fuel="11.93" electricity="0.00" noise="82.42" route="routetop" type="cfm-fast" waiting="0.00" lane="left_0" pos="40.99" speed="27.50" angle="110.73" x="44.44" y="-2.20"/>
        <vehicle id="cfm-fast_4" eclass="HBEFA3/PC_G_EU4" CO2="0.00" CO="0.00" HC="0.00" NOx="0.00" PMx="0.00" fuel="0.00" electricity="0.00" noise="71.89" route="routebottom" type="cfm-fast" waiting="0.00" lane="bottom_0" pos="11.75" speed="28.66" angle="73.30" x="88.46" y="-0.30"/>
        <vehicle id="cfm-fast_5" eclass="HBEFA3/PC_G_EU4" CO2="150335.98" CO="3160.31" HC="18.15" NOx="69.97" PMx="3.95" fuel="64.62" electricity="0.00" noise="133.92" route="routebottom" type="cfm-fast" waiting="0.00" lane="bottom_1" pos="32.71" speed="39.55" angle="35.65" x="119.55" y="29.89"/>
        <vehicle id="cfm-slow_0" eclass="HBEFA3/PC_G_EU4" CO2="10831.12" CO="148.21" HC="0.94" NOx="4.58" PMx="0.23" fuel="4.66" electricity="0.00" noise="72.21" route="routebottom" type="cfm-slow" waiting="0.00" lane="bottom_0" pos="39.15" speed="19.31" angle="24.07" x="128.30" y="40.69"/>
        <vehicle id="cfm-slow_1" eclass="HBEFA3/PC_G_EU4" CO2="12101.69" CO="174.20" HC="1.09" NOx="5.18" PMx="0.27" fuel="5.20" electricity="0.00" noise="73.10" route="routebottom" type="cfm-slow" waiting="0.00" lane="right_0" pos="5.03" speed="19.42" angle="355.40" x="131.41" y="74.54"/>
        <vehicle id="cfm-slow_2" eclass="HBEFA3/PC_G_EU4" CO2="15358.05" CO="240.76" HC="1.47" NOx="6.70" PMx="0.35" fuel="6.60" electricity="0.00" noise="75.47" route="routebottom" type="cfm-slow" waiting="0.00" lane="right_0" pos="21.04" speed="19.80" angle="326.61" x="117.80" y="105.78"/>
        <vehicle id="cfm-slow_3" eclass="HBEFA3/PC_G_EU4" CO2="21938.81" CO="375.53" HC="2.25" NOx="9.79" PMx="0.52" fuel="9.43" electricity="0.00" noise="80.29" route="routebottom" type="cfm-slow" waiting="0.00" lane="right_0" pos="37.45" speed="20.79" angle="297.11" x="90.07" y="126.98"/>
        <vehicle id="cfm-slow_4" eclass="HBEFA3/PC_G_EU4" CO2="30850.45" CO="560.21" HC="3.32" NOx="13.94" PMx="0.76" fuel="13.26" electricity="0.00" noise="86.00" route="routetop" type="cfm-slow" waiting="0.00" lane="top_0" pos="4.91" speed="22.89" angle="265.69" x="53.05" y="131.45"/>
        <vehicle id="cfm-slow_5" eclass="HBEFA3/PC_G_EU4" CO2="32980.95" CO="612.96" HC="3.61" NOx="14.88" PMx="0.82" fuel="14.18" electricity="0.00" noise="85.96" route="routetop" type="cfm-slow" waiting="0.00" lane="top_0" pos="24.58" speed="26.08" angle="230.28" x="15.79" y="112.80"/>
    </timestep>
    <timestep time="2.91">
        <vehicle id="cfm-fast_0" eclass="HBEFA3/PC_G_EU4" CO2="17164.20" CO="301.47" HC="1.80" NOx="7.35" PMx="0.42" fuel="7.38" electricity="0.00" noise="77.05" route="routetop" type="cfm-fast" waiting="0.00" lane="top_0" pos="47.82" speed="28.78" angle="188.50" x="-4.77" y="68.44"/>
        <vehicle id="cfm-fast_1" eclass="HBEFA3/PC_G_EU4" CO2="149147.21" CO="3131.35" HC="17.99" NOx="69.41" PMx="3.92" fuel="64.11" electricity="0.00" noise="133.78" route="routetop" type="cfm-fast" waiting="0.00" lane="left_1" pos="18.90" speed="39.25" angle="150.39" x="9.55" y="27.12"/>
        <vehicle id="cfm-fast_2" eclass="HBEFA3/PC_G_EU4" CO2="31427.93" CO="577.71" HC="3.41" NOx="14.16" PMx="0.78" fuel="13.51" electricity="0.00" noise="85.31" route="routetop" type="cfm-fast" waiting="0.00" lane="left_0" pos="22.87" speed="25.21" angle="143.24" x="12.03" y="18.49"/>
        <vehicle id="cfm-fast_3" eclass="HBEFA3/PC_G_EU4" CO2="27347.43" CO="503.81" HC="2.98" NOx="12.18" PMx="0.68" fuel="11.76" electricity="0.00" noise="82.19" route="routetop" type="cfm-fast" waiting="0.00" lane="left_0" pos="41.26" speed="27.53" angle="110.25" x="45.01" y="-2.36"/>
        <vehicle id="cfm-fast_4" eclass="HBEFA3/PC_G_EU4" CO2="0.00" CO="0.00" HC="0.00" NOx="0.00" PMx="0.00" fuel="0.00" electricity="0.00" noise="71.86" route="routebottom" type="cfm-fast" waiting="0.00" lane="bottom_0" pos="12.04" speed="28.64" angle="72.79" x="89.04" y="-0.07"/>
        <vehicle id="cfm-fast_5" eclass="HBEFA3/PC_G_EU4" CO2="150887.81" CO="3173.77" HC="18.22" NOx="70.23" PMx="3.97" fuel="64.86" electricity="0.00" noise="133.99" route="routebottom" type="cfm-fast" waiting="0.00" lane="bottom_1" pos="33.10" speed="39.68" angle="34.91" x="119.97" y="30.59"/>
        <vehicle id="cfm-slow_0" eclass="HBEFA3/PC_G_EU4" CO2="10785.38" CO="147.25" HC="0.93" NOx="4.56" PMx="0.23" fuel="4.64" electricity="0.00" noise="72.19" route="routebottom" type="cfm-slow" waiting="0.00" lane="bottom_0" pos="39.35" speed="19.32" angle="23.72" x="128.44" y="41.08"/>
        <vehicle id="cfm-slow_1" eclass="HBEFA3/PC_G_EU4" CO2="12074.93" CO="173.62" HC="1.09" NOx="5.16" PMx="0.26" fuel="5.19" electricity="0.00" noise="73.08" route="routebottom" type="cfm-slow" waiting="0.00" lane="right_0" pos="5.23" speed="19.44" angle="355.06" x="131.34" y="74.96"/>
        <vehicle id="cfm-slow_2" eclass="HBEFA3/PC_G_EU4" CO2="15362.36" CO="240.82" HC="1.47" NOx="6.71" PMx="0.35" fuel="6.60" electricity="0.00" noise="75.47" route="routebottom" type="cfm-slow" waiting="0.00" lane="right_0" pos="21.24" speed="19.82" angle="326.25" x="117.54" y="106.12"/>
        <vehicle id="cfm-slow_3" eclass="HBEFA3/PC_G_EU4" CO2="21964.88" CO="376.06" HC="2.25" NOx="9.80" PMx="0.52" fuel="9.44" electricity="0.00" noise="80.30" route="routebottom" type="cfm-slow" waiting="0.00" lane="right_0" pos="37.65" speed="20.82" angle="296.73" x="89.65" y="127.15"/>
        <vehicle id="cfm-slow_4" eclass="HBEFA3/PC_G_EU4" CO2="30821.50" CO="559.68" HC="3.31" NOx="13.93" PMx="0.76" fuel="13.25" electricity="0.00" noise="85.96" route="routetop" type="cfm-slow" waiting="0.00" lane="top_0" pos="5.14" speed="22.93" angle="265.23" x="52.56" y="131.37"/>
        <vehicle id="cfm-slow_5" eclass="HBEFA3/PC_G_EU4" CO2="32785.03" CO="609.10" HC="3.59" NOx="14.78" PMx="0.82" fuel="14.09" electricity="0.00" noise="85.82" route="routetop" type="cfm-slow" waiting="0.00" lane="top_0" pos="24.84" speed="26.12" angle="229.80" x="15.40" y="112.41"/>
    </timestep>
    <timestep time="2.92">
        <vehicle id="cfm-fast_0" eclass="HBEFA3/PC_G_EU4" CO2="16998.97" CO="298.17" HC="1.78" NOx="7.27" PMx="0.41" fuel="7.31" electricity="0.00" noise="76.98" route="routetop" type="cfm-fast" waiting="0.00" lane="top_0" pos="48.11" speed="28.79" angle="187.95" x="-4.81" y="67.82"/>
        <vehicle id="cfm-fast_1" eclass="HBEFA3/PC_G_EU4" CO2="149698.41" CO="3144.77" HC="18.06" NOx="69.67" PMx="3.94" fuel="64.35" electricity="0.00" noise="133.85" route="routetop" type="cfm-fast" waiting="0.00" lane="left_1" pos="19.30" speed="39.39" angle="149.71" x="10.00" y="26.45"/>
        <vehicle id="cfm-fast_2" eclass="HBEFA3/PC_G_EU4" CO2="31314.77" CO="575.52" HC="3.40" NOx="14.11" PMx="0.78" fuel="13.46" electricity="0.00" noise="85.22" route="routetop" type="cfm-fast" waiting="0.00" lane="left_0" pos="23.13" speed="25.25" angle="142.85" x="12.38" y="18.08"/>
        <vehicle id="cfm-fast_3" eclass="HBEFA3/PC_G_EU4" CO2="26952.40" CO="495.84" HC="2.93" NOx="12.00" PMx="0.67" fuel="11.59" electricity="0.00" noise="81.96" route="routetop" type="cfm-fast" waiting="0.00" lane="left_0" pos="41.54" speed="27.56" angle="109.73" x="45.59" y="-2.51"/>
        <vehicle id="cfm-fast_4" eclass="HBEFA3/PC_G_EU4" CO2="0.00" CO="0.00" HC="0.00" NOx="0.00" PMx="0.00" fuel="0.00" electricity="0.00" noise="71.83" route="routebottom" type="cfm-fast" waiting="0.00" lane="bottom_0" pos="12.32" speed="28.63" angle="72.28" x="89.61" y="0.16"/>
        <vehicle id="cfm-fast_5" eclass="HBEFA3/PC_G_EU4" CO2="151439.93" CO="3187.26" HC="18.30" NOx="70.48" PMx="3.99" fuel="65.10" electricity="0.00" noise="134.06" route="routebottom" type="cfm-fast" waiting="0.00" lane="bottom_1" pos="33.50" speed="39.82" angle="34.23" x="120.38" y="31.30"/>
        <vehicle id="cfm-slow_0" eclass="HBEFA3/PC_G_EU4" CO2="10740.26" CO="146.30" HC="0.93" NOx="4.54" PMx="0.23" fuel="4.62" electricity="0.00" noise="72.16" route="routebottom" type="cfm-slow" waiting="0.00" lane="bottom_0" pos="39.54" speed="19.34" angle="23.38" x="128.59" y="41.47"/>
        <vehicle id="cfm-slow_1" eclass="HBEFA3/PC_G_EU4" CO2="12048.89" CO="173.06" HC="1.08" NOx="5.15" PMx="0.26" fuel="5.18" electricity="0.00" noise="73.07" route="routebottom" type="cfm-slow" waiting="0.00" lane="right_0" pos="5.42" speed="19.46" angle="354.70" x="131.26" y="75.37"/>
        <vehicle id="cfm-slow_2" eclass="HBEFA3/PC_G_EU4" CO2="15367.30" CO="240.90" HC="1.47" NOx="6.71" PMx="0.35" fuel="6.61" electricity="0.00" noise="75.47" route="routebottom" type="cfm-slow" waiting="0.00" lane="right_0" pos="21.44" speed="19.84" angle="325.88" x="117.27" y="106.46"/>
        <vehicle id="cfm-slow_3" eclass="HBEFA3/PC_G_EU4" CO2="21990.89" CO="376.59" HC="2.26" NOx="9.81" PMx="0.52" fuel="9.45" electricity="0.00" noise="80.30" route="routebottom" type="cfm-slow" waiting="0.00" lane="right_0" pos="37.86" speed="20.86" angle="296.36" x="89.23" y="127.31"/>
        <vehicle id="cfm-slow_4" eclass="HBEFA3/PC_G_EU4" CO2="30791.47" CO="559.13" HC="3.31" NOx="13.91" PMx="0.76" fuel="13.24" electricity="0.00" noise="85.91" route="routetop" type="cfm-slow" waiting="0.00" lane="top_0" pos="5.37" speed="22.98" angle="264.81" x="52.07" y="131.28"/>
        <vehicle id="cfm-slow_5" eclass="HBEFA3/PC_G_EU4" CO2="32589.35" CO="605.24" HC="3.57" NOx="14.69" PMx="0.81" fuel="14.01" electricity="0.00" noise="85.69" route="routetop" type="cfm-slow" waiting="0.00" lane="top_0" pos="25.11" speed="26.16" angle="229.32" x="15.00" y="112.01"/>
    </timestep>
    <timestep time="2.93">
        <vehicle id="cfm-fast_0" eclass="HBEFA3/PC_G_EU4" CO2="16836.60" CO="294.92" HC="1.77" NOx="7.20" PMx="0.41" fuel="7.24" electricity="0.00" noise="76.92" route="routetop" type="cfm-fast" waiting="0.00" lane="top_0" pos="48.40" speed="28.81" angle="187.40" x="-4.84" y="67.20"/>
        <vehicle id="cfm-fast_1" eclass="HBEFA3/PC_G_EU4" CO2="150249.89" CO="3158.21" HC="18.14" NOx="69.93" PMx="3.95" fuel="64.58" electricity="0.00" noise="133.91" route="routetop" type="cfm-fast" waiting="0.00" lane="left_1" pos="19.69" speed="39.52" angle="148.98" x="10.47" y="25.79"/>
        <vehicle id="cfm-fast_2" eclass="HBEFA3/PC_G_EU4" CO2="31199.61" CO="573.29" HC="3.39" NOx="14.05" PMx="0.77" fuel="13.41" electricity="0.00" noise="85.13" route="routetop" type="cfm-fast" waiting="0.00" lane="left_0" pos="23.38" speed="25.29" angle="142.39" x="12.75" y="17.68"/>
        <vehicle id="cfm-fast_3" eclass="HBEFA3/PC_G_EU4" CO2="26557.72" CO="487.88" HC="2.88" NOx="11.81" PMx="0.66" fuel="11.42" electricity="0.00" noise="81.73" route="routetop" type="cfm-fast" waiting="0.00" lane="left_0" pos="41.82" speed="27.59" angle="109.22" x="46.16" y="-2.66"/>
        <vehicle id="cfm-fast_4" eclass="HBEFA3/PC_G_EU4" CO2="0.00" CO="0.00" HC="0.00" NOx="0.00" PMx="0.00" fuel="0.00" electricity="0.00" noise="71.80" route="routebottom" type="cfm-fast" waiting="0.00" lane="bottom_0" pos="12.61" speed="28.61" angle="71.77" x="90.18" y="0.39"/>
        <vehicle id="cfm-fast_5" eclass="HBEFA3/PC_G_EU4" CO2="151992.34" CO="3200.77" HC="18.37" NOx="70.74" PMx="4.00" fuel="65.33" electricity="0.00" noise="134.12" route="routebottom" type="cfm-fast" waiting="0.00" lane="bottom_1" pos="33.90" speed="39.95" angle="33.51" x="120.78" y="32.01"/>
        <vehicle id="cfm-slow_0" eclass="HBEFA3/PC_G_EU4" CO2="10695.75" CO="145.36" HC="0.92" NOx="4.51" PMx="0.23" fuel="4.60" electricity="0.00" noise="72.13" route="routebottom" type="cfm-slow" waiting="0.00" lane="bottom_0" pos="39.74" speed="19.35" angle="23.07" x="128.73" y="41.87"/>
        <vehicle id="cfm-slow_1" eclass="HBEFA3/PC_G_EU4" CO2="12023.58" CO="172.52" HC="1.08" NOx="5.14" PMx="0.26" fuel="5.17" electricity="0.00" noise="73.05" route="routebottom" type="cfm-slow" waiting="0.00" lane="right_0" pos="5.62" speed="19.48" angle="354.33" x="131.18" y="75.78"/>
        <vehicle id="cfm-slow_2" eclass="HBEFA3/PC_G_EU4" CO2="15372.85" CO="240.99" HC="1.48" NOx="6.71" PMx="0.35" fuel="6.61" electricity="0.00" noise="75.47" route="routebottom" type="cfm-slow" waiting="0.00" lane="right_0" pos="21.64" speed="19.87" angle="325.52" x="117.01" y="106.79"/>
        <vehicle id="cfm-slow_3" eclass="HBEFA3/PC_G_EU4" CO2="22016.82" CO="377.11" HC="2.26" NOx="9.82" PMx="0.53" fuel="9.46" electricity="0.00" noise="80.31" route="routebottom" type="cfm-slow" waiting="0.00" lane="right_0" pos="38.07" speed="20.89" angle="295.98" x="88.82" y="127.48"/>
        <vehicle id="cfm-slow_4" eclass="HBEFA3/PC_G_EU4" CO2="30760.35" CO="558.56" HC="3.31" NOx="13.90" PMx="0.76" fuel="13.22" electricity="0.00" noise="85.86" route="routetop" type="cfm-slow" waiting="0.00" lane="top_0" pos="5.60" speed="23.02" angle="264.38" x="51.59" y="131.19"/>
        <vehicle id="cfm-slow_5" eclass="HBEFA3/PC_G_EU4" CO2="32393.95" CO="601.39" HC="3.54" NOx="14.60" PMx="0.81" fuel="13.92" electricity="0.00" noise="85.55" route="routetop" type="cfm-slow" waiting="0.00" lane="top_0" pos="25.37" speed="26.20" angle="228.84" x="14.60" y="111.61"/>
    </timestep>
    <timestep time="2.94">
        <vehicle id="cfm-fast_0" eclass="HBEFA3/PC_G_EU4" CO2="16677.03" CO="291.73" HC="1.75" NOx="7.12" PMx="0.41" fuel="7.17" electricity="0.00" noise="76.85" route="routetop" type="cfm-fast" waiting="0.00" lane="top_0" pos="48.69" speed="28.82" angle="186.88" x="-4.88" y="66.58"/>
        <vehicle id="cfm-fast_1" eclass="HBEFA3/PC_G_EU4" CO2="150801.68" CO="3171.67" HC="18.21" NOx="70.19" PMx="3.97" fuel="64.82" electricity="0.00" noise="133.98" route="routetop" type="cfm-fast" waiting="0.00" lane="left_1" pos="20.09" speed="39.66" angle="148.26" x="10.95" y="25.13"/>
        <vehicle id="cfm-fast_2" eclass="HBEFA3/PC_G_EU4" CO2="31082.46" CO="571.02" HC="3.37" NOx="14.00" PMx="0.77" fuel="13.36" electricity="0.00" noise="85.04" route="routetop" type="cfm-fast" waiting="0.00" lane="left_0" pos="23.63" speed="25.33" angle="141.93" x="13.12" y="17.28"/>
        <vehicle id="cfm-fast_3" eclass="HBEFA3/PC_G_EU4" CO2="26163.48" CO="479.92" HC="2.84" NOx="11.62" PMx="0.65" fuel="11.25" electricity="0.00" noise="81.51" route="routetop" type="cfm-fast" waiting="0.00" lane="left_0" pos="42.09" speed="27.62" angle="108.71" x="46.73" y="-2.81"/>
        <vehicle id="cfm-fast_4" eclass="HBEFA3/PC_G_EU4" CO2="0.00" CO="0.00" HC="0.00" NOx="0.00" PMx="0.00" fuel="0.00" electricity="0.00" noise="71.78" route="routebottom" type="cfm-fast" waiting="0.00" lane="bottom_0" pos="12.89" speed="28.60" angle="71.30" x="90.75" y="0.62"/>
        <vehicle id="cfm-fast_5" eclass="HBEFA3/PC_G_EU4" CO2="152545.04" CO="3214.29" HC="18.45" NOx="71.00" PMx="4.02" fuel="65.57" electricity="0.00" noise="134.19" route="routebottom" type="cfm-fast" waiting="0.00" lane="bottom_1" pos="34.30" speed="40.09" angle="32.79" x="121.18" y="32.73"/>
        <vehicle id="cfm-slow_0" eclass="HBEFA3/PC_G_EU4" CO2="10651.86" CO="144.43" HC="0.92" NOx="4.49" PMx="0.23" fuel="4.58" electricity="0.00" noise="72.10" route="routebottom" type="cfm-slow" waiting="0.00" lane="bottom_0" pos="39.93" speed="19.37" angle="22.72" x="128.85" y="42.26"/>
        <vehicle id="cfm-slow_1" eclass="HBEFA3/PC_G_EU4" CO2="11998.98" CO="171.98" HC="1.08" NOx="5.13" PMx="0.26" fuel="5.16" electricity="0.00" noise="73.03" route="routebottom" type="cfm-slow" waiting="0.00" lane="right_0" pos="5.81" speed="19.49" angle="353.97" x="131.11" y="76.19"/>
        <vehicle id="cfm-slow_2" eclass="HBEFA3/PC_G_EU4" CO2="15379.00" CO="241.09" HC="1.48" NOx="6.71" PMx="0.35" fuel="6.61" electricity="0.00" noise="75.48" route="routebottom" type="cfm-slow" waiting="0.00" lane="right_0" pos="21.83" speed="19.89" angle="325.21" x="116.74" y="107.13"/>
        <vehicle id="cfm-slow_3" eclass="HBEFA3/PC_G_EU4" CO2="22042.67" CO="377.64" HC="2.26" NOx="9.83" PMx="0.53" fuel="9.48" electricity="0.00" noise="80.32" route="routebottom" type="cfm-slow" waiting="0.00" lane="right_0" pos="38.28" speed="20.92" angle="295.60" x="88.40" y="127.65"/>
        <vehicle id="cfm-slow_4" eclass="HBEFA3/PC_G_EU4" CO2="30728.15" CO="557.97" HC="3.30" NOx="13.88" PMx="0.76" fuel="13.21" electricity="0.00" noise="85.82" route="routetop" type="cfm-slow" waiting="0.00" lane="top_0" pos="5.83" speed="23.07" angle="263.94" x="51.10" y="131.10"/>
        <vehicle id="cfm-slow_5" eclass="HBEFA3/PC_G_EU4" CO2="32198.86" CO="597.55" HC="3.52" NOx="14.50" PMx="0.80" fuel="13.84" electricity="0.00" noise="85.41" route="routetop" type="cfm-slow" waiting="0.00" lane="top_0" pos="25.63" speed="26.24" angle="228.41" x="14.20" y="111.21"/>
    </timestep>
    <timestep time="2.95">
        <vehicle id="cfm-fast_0" eclass="HBEFA3/PC_G_EU4" CO2="16520.20" CO="288.60" HC="1.73" NOx="7.05" PMx="0.40" fuel="7.10" electricity="0.00" noise="76.79" route="routetop" type="cfm-fast" waiting="0.00" lane="top_0" pos="48.98" speed="28.84" angle="186.38" x="-4.90" y="65.96"/>
        <vehicle id="cfm-fast_1" eclass="HBEFA3/PC_G_EU4" CO2="151353.75" CO="3185.15" HC="18.29" NOx="70.44" PMx="3.98" fuel="65.06" electricity="0.00" noise="134.04" route="routetop" type="cfm-fast" waiting="0.00" lane="left_1" pos="20.49" speed="39.80" angle="147.59" x="11.43" y="24.46"/>
        <vehicle id="cfm-fast_2" eclass="HBEFA3/PC_G_EU4" CO2="30963.34" CO="568.71" HC="3.36" NOx="13.94" PMx="0.77" fuel="13.31" electricity="0.00" noise="84.95" route="routetop" type="cfm-fast" waiting="0.00" lane="left_0" pos="23.89" speed="25.37" angle="141.48" x="13.49" y="16.88"/>
        <vehicle id="cfm-fast_3" eclass="HBEFA3/PC_G_EU4" CO2="25769.75" CO="471.97" HC="2.79" NOx="11.44" PMx="0.64" fuel="11.08" electricity="0.00" noise="81.29" route="routetop" type="cfm-fast" waiting="0.00" lane="left_0" pos="42.37" speed="27.65" angle="108.26" x="47.31" y="-2.97"/>
        <vehicle id="cfm-fast_4" eclass="HBEFA3/PC_G_EU4" CO2="0.00" CO="0.00" HC="0.00" NOx="0.00" PMx="0.00" fuel="0.00" electricity="0.00" noise="71.75" route="routebottom" type="cfm-fast" waiting="0.00" lane="bottom_0" pos="13.18" speed="28.58" angle="70.77" x="91.31" y="0.88"/>
        <vehicle id="cfm-fast_5" eclass="HBEFA3/PC_G_EU4" CO2="153098.04" CO="3227.85" HC="18.53" NOx="71.26" PMx="4.03" fuel="65.81" electricity="0.00" noise="134.25" route="routebottom" type="cfm-fast" waiting="0.00" lane="bottom_1" pos="34.70" speed="40.23" angle="32.11" x="121.57" y="33.46"/>
        <vehicle id="cfm-slow_0" eclass="HBEFA3/PC_G_EU4" CO2="10608.58" CO="143.52" HC="0.91" NOx="4.47" PMx="0.23" fuel="4.56" electricity="0.00" noise="72.08" route="routebottom" type="cfm-slow" waiting="0.00" lane="bottom_0" pos="40.12" speed="19.38" angle="22.35" x="128.98" y="42.66"/>
        <vehicle id="cfm-slow_1" eclass="HBEFA3/PC_G_EU4" CO2="11975.10" CO="171.47" HC="1.07" NOx="5.11" PMx="0.26" fuel="5.15" electricity="0.00" noise="73.02" route="routebottom" type="cfm-slow" waiting="0.00" lane="right_0" pos="6.01" speed="19.51" angle="353.60" x="131.03" y="76.61"/>
        <vehicle id="cfm-slow_2" eclass="HBEFA3/PC_G_EU4" CO2="15385.75" CO="241.20" HC="1.48" NOx="6.71" PMx="0.35" fuel="6.61" electricity="0.00" noise="75.48" route="routebottom" type="cfm-slow" waiting="0.00" lane="right_0" pos="22.03" speed="19.91" angle="324.83" x="116.47" y="107.45"/>
        <vehicle id="cfm-slow_3" eclass="HBEFA3/PC_G_EU4" CO2="22068.43" CO="378.16" HC="2.27" NOx="9.84" PMx="0.53" fuel="9.49" electricity="0.00" noise="80.33" route="routebottom" type="cfm-slow" waiting="0.00" lane="right_0" pos="38.49" speed="20.96" angle="295.27" x="87.98" y="127.81"/>
        <vehicle id="cfm-slow_4" eclass="HBEFA3/PC_G_EU4" CO2="30694.89" CO="557.36" HC="3.30" NOx="13.86" PMx="0.76" fuel="13.19" electricity="0.00" noise="85.77" route="routetop" type="cfm-slow" waiting="0.00" lane="top_0" pos="6.06" speed="23.11" angle="263.51" x="50.61" y="131.01"/>
        <vehicle id="cfm-slow_5" eclass="HBEFA3/PC_G_EU4" CO2="32004.10" CO="593.71" HC="3.50" NOx="14.41" PMx="0.80" fuel="13.76" electricity="0.00" noise="85.28" route="routetop" type="cfm-slow" waiting="0.00" lane="top_0" pos="25.89" speed="26.28" angle="227.93" x="13.82" y="110.80"/>
    </timestep>
    <timestep time="2.96">
        <vehicle id="cfm-fast_0" eclass="HBEFA3/PC_G_EU4" CO2="16366.04" CO="285.52" HC="1.71" NOx="6.97" PMx="0.40" fuel="7.03" electricity="0.00" noise="76.73" route="routetop" type="cfm-fast" waiting="0.00" lane="top_0" pos="49.27" speed="28.85" angle="185.85" x="-4.91" y="65.34"/>
        <vehicle id="cfm-fast_1" eclass="HBEFA3/PC_G_EU4" CO2="151906.11" CO="3198.66" HC="18.36" NOx="70.70" PMx="4.00" fuel="65.30" electricity="0.00" noise="134.11" route="routetop" type="cfm-fast" waiting="0.00" lane="left_1" pos="20.89" speed="39.93" angle="146.87" x="11.93" y="23.82"/>
        <vehicle id="cfm-fast_2" eclass="HBEFA3/PC_G_EU4" CO2="30842.25" CO="566.35" HC="3.35" NOx="13.88" PMx="0.76" fuel="13.26" electricity="0.00" noise="84.85" route="routetop" type="cfm-fast" waiting="0.00" lane="left_0" pos="24.14" speed="25.41" angle="141.02" x="13.86" y="16.48"/>
        <vehicle id="cfm-fast_3" eclass="HBEFA3/PC_G_EU4" CO2="25376.59" CO="464.03" HC="2.75" NOx="11.25" PMx="0.63" fuel="10.91" electricity="0.00" noise="81.07" route="routetop" type="cfm-fast" waiting="0.00" lane="left_0" pos="42.65" speed="27.67" angle="107.77" x="47.89" y="-3.10"/>
        <vehicle id="cfm-fast_4" eclass="HBEFA3/PC_G_EU4" CO2="0.00" CO="0.00" HC="0.00" NOx="0.00" PMx="0.00" fuel="0.00" electricity="0.00" noise="71.73" route="routebottom" type="cfm-fast" waiting="0.00" lane="bottom_0" pos="13.47" speed="28.56" angle="70.24" x="91.87" y="1.13"/>
        <vehicle id="cfm-fast_5" eclass="HBEFA3/PC_G_EU4" CO2="153651.32" CO="3241.42" HC="18.60" NOx="71.52" PMx="4.05" fuel="66.05" electricity="0.00" noise="134.32" route="routebottom" type="cfm-fast" waiting="0.00" lane="bottom_1" pos="35.11" speed="40.36" angle="31.36" x="121.94" y="34.20"/>
        <vehicle id="cfm-slow_0" eclass="HBEFA3/PC_G_EU4" CO2="10565.90" CO="142.62" HC="0.91" NOx="4.45" PMx="0.23" fuel="4.54" electricity="0.00" noise="72.05" route="routebottom" type="cfm-slow" waiting="0.00" lane="bottom_0" pos="40.32" speed="19.40" angle="21.98" x="129.10" y="43.06"/>
        <vehicle id="cfm-slow_1" eclass="HBEFA3/PC_G_EU4" CO2="11951.93" CO="170.97" HC="1.07" NOx="5.10" PMx="0.26" fuel="5.14" electricity="0.00" noise="73.00" route="routebottom" type="cfm-slow" waiting="0.00" lane="right_0" pos="6.20" speed="19.53" angle="353.24" x="130.96" y="77.02"/>
        <vehicle id="cfm-slow_2" eclass="HBEFA3/PC_G_EU4" CO2="15393.09" CO="241.33" HC="1.48" NOx="6.72" PMx="0.35" fuel="6.62" electricity="0.00" noise="75.48" route="routebottom" type="cfm-slow" waiting="0.00" lane="right_0" pos="22.23" speed="19.94" angle="324.45" x="116.19" y="107.78"/>
        <vehicle id="cfm-slow_3" eclass="HBEFA3/PC_G_EU4" CO2="22094.08" CO="378.69" HC="2.27" NOx="9.85" PMx="0.53" fuel="9.50" electricity="0.00" noise="80.33" route="routebottom" type="cfm-slow" waiting="0.00" lane="right_0" pos="38.70" speed="20.99" angle="294.89" x="87.55" y="127.97"/>
        <vehicle id="cfm-slow_4" eclass="HBEFA3/PC_G_EU4" CO2="30660.57" CO="556.72" HC="3.30" NOx="13.85" PMx="0.75" fuel="13.18" electricity="0.00" noise="85.72" route="routetop" type="cfm-slow" waiting="0.00" lane="top_0" pos="6.29" speed="23.16" angle="263.11" x="50.12" y="130.92"/>
        <vehicle id="cfm-slow_5" eclass="HBEFA3/PC_G_EU4" CO2="31809.69" CO="589.88" HC="3.48" NOx="14.32" PMx="0.79" fuel="13.67" electricity="0.00" noise="85.14" route="routetop" type="cfm-slow" waiting="0.00" lane="top_0" pos="26.16" speed="26.32" angle="227.44" x="13.43" y="110.38"/>
    </timestep>
    <timestep time="2.97">
        <vehicle id="cfm-fast_0" eclass="HBEFA3/PC_G_EU4" CO2="16214.51" CO="282.49" HC="1.69" NOx="6.90" PMx="0.39" fuel="6.97" electricity="0.00" noise="76.67" route="routetop" type="cfm-fast" waiting="0.00" lane="top_0" pos="49.55" speed="28.87" angle="185.33" x="-4.93" y="64.72"/>
        <vehicle id="cfm-fast_1" eclass="HBEFA3/PC_G_EU4" CO2="152458.77" CO="3212.18" HC="18.44" NOx="70.96" PMx="4.01" fuel="65.53" electricity="0.00" noise="134.18" route="routetop" type="cfm-fast" waiting="0.00" lane="left_1" pos="21.29" speed="40.07" angle="146.15" x="12.43" y="23.17"/>
        <vehicle id="cfm-fast_2" eclass="HBEFA3/PC_G_EU4" CO2="30719.22" CO="563.96" HC="3.33" NOx="13.82" PMx="0.76" fuel="13.20" electricity="0.00" noise="84.76" route="routetop" type="cfm-fast" waiting="0.00" lane="left_0" pos="24.39" speed="25.45" angle="140.62" x="14.23" y="16.08"/>
        <vehicle id="cfm-fast_3" eclass="HBEFA3/PC_G_EU4" CO2="24984.08" CO="456.10" HC="2.70" NOx="11.07" PMx="0.62" fuel="10.74" electricity="0.00" noise="80.85" route="routetop" type="cfm-fast" waiting="0.00" lane="left_0" pos="42.92" speed="27.70" angle="107.27" x="48.47" y="-3.23"/>
        <vehicle id="cfm-fast_4" eclass="HBEFA3/PC_G_EU4" CO2="0.00" CO="0.00" HC="0.00" NOx="0.00" PMx="0.00" fuel="0.00" electricity="0.00" noise="71.70" route="routebottom" type="cfm-fast" waiting="0.00" lane="bottom_0" pos="13.75" speed="28.55" angle="69.71" x="92.43" y="1.38"/>
        <vehicle id="cfm-fast_5" eclass="HBEFA3/PC_G_EU4" CO2="154204.90" CO="3255.01" HC="18.68" NOx="71.78" PMx="4.06" fuel="66.28" electricity="0.00" noise="134.38" route="routebottom" type="cfm-fast" waiting="0.00" lane="bottom_1" pos="35.51" speed="40.50" angle="30.60" x="122.31" y="34.94"/>
        <vehicle id="cfm-slow_0" eclass="HBEFA3/PC_G_EU4" CO2="10523.83" CO="141.73" HC="0.90" NOx="4.43" PMx="0.22" fuel="4.52" electricity="0.00" noise="72.03" route="routebottom" type="cfm-slow" waiting="0.00" lane="bottom_0" pos="40.51" speed="19.41" angle="21.61" x="129.22" y="43.46"/>
        <vehicle id="cfm-slow_1" eclass="HBEFA3/PC_G_EU4" CO2="11929.46" CO="170.48" HC="1.07" NOx="5.09" PMx="0.26" fuel="5.13" electricity="0.00" noise="72.99" route="routebottom" type="cfm-slow" waiting="0.00" lane="right_0" pos="6.40" speed="19.55" angle="352.94" x="130.88" y="77.43"/>
        <vehicle id="cfm-slow_2" eclass="HBEFA3/PC_G_EU4" CO2="15401.00" CO="241.47" HC="1.48" NOx="6.72" PMx="0.35" fuel="6.62" electricity="0.00" noise="75.49" route="routebottom" type="cfm-slow" waiting="0.00" lane="right_0" pos="22.43" speed="19.96" angle="324.07" x="115.91" y="108.11"/>
        <vehicle id="cfm-slow_3" eclass="HBEFA3/PC_G_EU4" CO2="22119.61" CO="379.21" HC="2.27" NOx="9.87" PMx="0.53" fuel="9.51" electricity="0.00" noise="80.34" route="routebottom" type="cfm-slow" waiting="0.00" lane="right_0" pos="38.91" speed="21.03" angle="294.51" x="87.13" y="128.12"/>
        <vehicle id="cfm-slow_4" eclass="HBEFA3/PC_G_EU4" CO2="30625.19" CO="556.07" HC="3.29" NOx="13.83" PMx="0.75" fuel="13.16" electricity="0.00" noise="85.67" route="routetop" type="cfm-slow" waiting="0.00" lane="top_0" pos="6.53" speed="23.20" angle="262.71" x="49.63" y="130.82"/>
        <vehicle id="cfm-slow_5" eclass="HBEFA3/PC_G_EU4" CO2="31615.66" CO="586.05" HC="3.46" NOx="14.22" PMx="0.79" fuel="13.59" electricity="0.00" noise="85.01" route="routetop" type="cfm-slow" waiting="0.00" lane="top_0" pos="26.42" speed="26.36" angle="226.95" x="13.05" y="109.96"/>
    </timestep>
    <timestep time="2.98">
        <vehicle id="cfm-fast_0" eclass="HBEFA3/PC_G_EU4" CO2="16065.54" CO="279.51" HC="1.68" NOx="6.83" PMx="0.39" fuel="6.91" electricity="0.00" noise="76.61" route="routetop" type="cfm-fast" waiting="0.00" lane="top_0" pos="49.84" speed="28.88" angle="184.80" x="-4.94" y="64.10"/>
        <vehicle id="cfm-fast_1" eclass="HBEFA3/PC_G_EU4" CO2="153011.72" CO="3225.73" HC="18.51" NOx="71.22" PMx="4.03" fuel="65.77" electricity="0.00" noise="134.24" route="routetop" type="cfm-fast" waiting="0.00" lane="left_1" pos="21.69" speed="40.21" angle="145.44" x="12.94" y="22.52"/>
        <vehicle id="cfm-fast_2" eclass="HBEFA3/PC_G_EU4" CO2="30594.25" CO="561.53" HC="3.32" NOx="13.76" PMx="0.76" fuel="13.15" electricity="0.00" noise="84.67" route="routetop" type="cfm-fast" waiting="0.00" lane="left_0" pos="24.65" speed="25.49" angle="140.15" x="14.62" y="15.69"/>
        <vehicle id="cfm-fast_3" eclass="HBEFA3/PC_G_EU4" CO2="24592.30" CO="448.18" HC="2.66" NOx="10.88" PMx="0.61" fuel="10.57" electricity="0.00" noise="80.63" route="routetop" type="cfm-fast" waiting="0.00" lane="left_0" pos="43.20" speed="27.73" angle="106.78" x="49.05" y="-3.37"/>
        <vehicle id="cfm-fast_4" eclass="HBEFA3/PC_G_EU4" CO2="0.00" CO="0.00" HC="0.00" NOx="0.00" PMx="0.00" fuel="0.00" electricity="0.00" noise="71.68" route="routebottom" type="cfm-fast" waiting="0.00" lane="bottom_0" pos="14.04" speed="28.53" angle="69.23" x="92.99" y="1.63"/>
        <vehicle id="cfm-fast_5" eclass="HBEFA3/PC_G_EU4" CO2="154758.77" CO="3268.63" HC="18.75" NOx="72.03" PMx="4.08" fuel="66.52" electricity="0.00" noise="134.45" route="routebottom" type="cfm-fast" waiting="0.00" lane="bottom_1" pos="35.92" speed="40.64" angle="29.91" x="122.68" y="35.69"/>
        <vehicle id="cfm-slow_0" eclass="HBEFA3/PC_G_EU4" CO2="10482.38" CO="140.86" HC="0.90" NOx="4.41" PMx="0.22" fuel="4.51" electricity="0.00" noise="72.00" route="routebottom" type="cfm-slow" waiting="0.00" lane="bottom_0" pos="40.70" speed="19.43" angle="21.24" x="129.35" y="43.86"/>
        <vehicle id="cfm-slow_1" eclass="HBEFA3/PC_G_EU4" CO2="11907.70" CO="170.01" HC="1.07" NOx="5.08" PMx="0.26" fuel="5.12" electricity="0.00" noise="72.98" route="routebottom" type="cfm-slow" waiting="0.00" lane="right_0" pos="6.59" speed="19.56" angle="352.57" x="130.79" y="77.84"/>
        <vehicle id="cfm-slow_2" eclass="HBEFA3/PC_G_EU4" CO2="15409.48" CO="241.62" HC="1.48" NOx="6.72" PMx="0.35" fuel="6.62" electricity="0.00" noise="75.49" route="routebottom" type="cfm-slow" waiting="0.00" lane="right_0" pos="22.63" speed="19.98" angle="323.70" x="115.63" y="108.44"/>
        <vehicle id="cfm-slow_3" eclass="HBEFA3/PC_G_EU4" CO2="22145.02" CO="379.73" HC="2.28" NOx="9.88" PMx="0.53" fuel="9.52" electricity="0.00" noise="80.35" route="routebottom" type="cfm-slow" waiting="0.00" lane="right_0" pos="39.12" speed="21.06" angle="294.13" x="86.70" y="128.28"/>
        <vehicle id="cfm-slow_4" eclass="HBEFA3/PC_G_EU4" CO2="30588.78" CO="555.40" HC="3.29" NOx="13.81" PMx="0.75" fuel="13.15" electricity="0.00" noise="85.63" route="routetop" type="cfm-slow" waiting="0.00" lane="top_0" pos="6.76" speed="23.25" angle="262.27" x="49.14" y="130.71"/>
        <vehicle id="cfm-slow_5" eclass="HBEFA3/PC_G_EU4" CO2="31422.04" CO="582.23" HC="3.43" NOx="14.13" PMx="0.78" fuel="13.51" electricity="0.00" noise="84.88" route="routetop" type="cfm-slow" waiting="0.00" lane="top_0" pos="26.68" speed="26.40" angle="226.46" x="12.66" y="109.54"/>
    </timestep>
    <timestep time="2.99">
        <vehicle id="cfm-fast_0" eclass="HBEFA3/PC_G_EU4" CO2="15919.08" CO="276.59" HC="1.66" NOx="6.76" PMx="0.39" fuel="6.84" electricity="0.00" noise="76.55" route="routetop" type="cfm-fast" waiting="0.00" lane="left_0" pos="0.13" speed="28.89" angle="184.24" x="-4.94" y="63.29"/>
        <vehicle id="cfm-fast_1" eclass="HBEFA3/PC_G_EU4" CO2="153564.96" CO="3239.30" HC="18.59" NOx="71.48" PMx="4.04" fuel="66.01" electricity="0.00" noise="134.31" route="routetop" type="cfm-fast" waiting="0.00" lane="left_1" pos="22.09" speed="40.34" angle="144.73" x="13.47" y="21.89"/>
        <vehicle id="cfm-fast_2" eclass="HBEFA3/PC_G_EU4" CO2="30467.38" CO="559.06" HC="3.30" NOx="13.70" PMx="0.76" fuel="13.10" electricity="0.00" noise="84.57" route="routetop" type="cfm-fast" waiting="0.00" lane="left_0" pos="24.90" speed="25.53" angle="139.68" x="15.01" y="15.30"/>
        <vehicle id="cfm-fast_3" eclass="HBEFA3/PC_G_EU4" CO2="24201.30" CO="440.28" HC="2.61" NOx="10.70" PMx="0.60" fuel="10.40" electricity="0.00" noise="80.42" route="routetop" type="cfm-fast" waiting="0.00" lane="left_0" pos="43.48" speed="27.76" angle="106.29" x="49.63" y="-3.50"/>
        <vehicle id="cfm-fast_4" eclass="HBEFA3/PC_G_EU4" CO2="0.00" CO="0.00" HC="0.00" NOx="0.00" PMx="0.00" fuel="0.00" electricity="0.00" noise="71.66" route="routebottom" type="cfm-fast" waiting="0.00" lane="bottom_0" pos="14.32" speed="28.51" angle="68.71" x="93.54" y="1.90"/>
        <vehicle id="cfm-fast_5" eclass="HBEFA3/PC_G_EU4" CO2="155312.93" CO="3282.27" HC="18.83" NOx="72.29" PMx="4.09" fuel="66.76" electricity="0.00" noise="134.52" route="routebottom" type="cfm-fast" waiting="0.00" lane="bottom_1" pos="36.33" speed="40.77" angle="29.13" x="123.02" y="36.45"/>
        <vehicle id="cfm-slow_0" eclass="HBEFA3/PC_G_EU4" CO2="10441.52" CO="139.99" HC="0.89" NOx="4.39" PMx="0.22" fuel="4.49" electricity="0.00" noise="71.98" route="routebottom" type="cfm-slow" waiting="0.00" lane="bottom_0" pos="40.90" speed="19.44" angle="20.87" x="129.47" y="44.26"/>
        <vehicle id="cfm-slow_1" eclass="HBEFA3/PC_G_EU4" CO2="11886.63" CO="169.55" HC="1.06" NOx="5.07" PMx="0.26" fuel="5.11" electricity="0.00" noise="72.96" route="routebottom" type="cfm-slow" waiting="0.00" lane="right_0" pos="6.79" speed="19.58" angle="352.20" x="130.69" y="78.25"/>
        <vehicle id="cfm-slow_2" eclass="HBEFA3/PC_G_EU4" CO2="15418.52" CO="241.79" HC="1.48" NOx="6.73" PMx="0.35" fuel="6.63" electricity="0.00" noise="75.49" route="routebottom" type="cfm-slow" waiting="0.00" lane="right_0" pos="22.83" speed="20.01" angle="323.32" x="115.36" y="108.76"/>
        <vehicle id="cfm-slow_3" eclass="HBEFA3/PC_G_EU4" CO2="22170.29" CO="380.25" HC="2.28" NOx="9.89" PMx="0.53" fuel="9.53" electricity="0.00" noise="80.35" route="routebottom" type="cfm-slow" waiting="0.00" lane="right_0" pos="39.33" speed="21.10" angle="293.75" x="86.28" y="128.43"/>
        <vehicle id="cfm-slow_4" eclass="HBEFA3/PC_G_EU4" CO2="30551.32" CO="554.70" HC="3.28" NOx="13.79" PMx="0.75" fuel="13.13" electricity="0.00" noise="85.58" route="routetop" type="cfm-slow" waiting="0.00" lane="top_0" pos="6.99" speed="23.29" angle="261.83" x="48.65" y="130.60"/>
        <vehicle id="cfm-slow_5" eclass="HBEFA3/PC_G_EU4" CO2="31228.84" CO="578.43" HC="3.41" NOx="14.04" PMx="0.78" fuel="13.42" electricity="0.00" noise="84.75" route="routetop" type="cfm-slow" waiting="0.00" lane="top_0" pos="26.95" speed="26.44" angle="226.03" x="12.28" y="109.12"/>
    </timestep>
    <timestep time="3.00">
        <vehicle id="cfm-fast_0" eclass="HBEFA3/PC_G_EU4" CO2="15775.06" CO="273.71" HC="1.64" NOx="6.69" PMx="0.38" fuel="6.78" electricity="0.00" noise="76.50" route="routetop" type="cfm-fast" waiting="0.00" lane="left_0" pos="0.42" speed="28.91" angle="183.72" x="-4.93" y="62.66"/>
        <vehicle id="cfm-fast_1" eclass="HBEFA3/PC_G_EU4" CO2="154118.49" CO="3252.89" HC="18.67" NOx="71.74" PMx="4.06" fuel="66.25" electricity="0.00" noise="134.37" route="routetop" type="cfm-fast" waiting="0.00" lane="left_1" pos="22.50" speed="40.48" angle="143.97" x="14.01" y="21.26"/>
        <vehicle id="cfm-fast_2" eclass="HBEFA3/PC_G_EU4" CO2="30338.60" CO="556.55" HC="3.29" NOx="13.64" PMx="0.75" fuel="13.04" electricity="0.00" noise="84.47" route="routetop" type="cfm-fast" waiting="0.00" lane="left_0" pos="25.16" speed="25.57" angle="139.21" x="15.40" y="14.91"/>
        <vehicle id="cfm-fast_3" eclass="HBEFA3/PC_G_EU4" CO2="23811.17" CO="432.39" HC="2.56" NOx="10.51" PMx="0.59" fuel="10.24" electricity="0.00" noise="80.21" route="routetop" type="cfm-fast" waiting="0.00" lane="left_0" pos="43.75" speed="27.78" angle="105.85" x="50.22" y="-3.62"/>
        <vehicle id="cfm-fast_4" eclass="HBEFA3/PC_G_EU4" CO2="0.00" CO="0.00" HC="0.00" NOx="0.00" PMx="0.00" fuel="0.00" electricity="0.00" noise="71.64" route="routebottom" type="cfm-fast" waiting="0.00" lane="bottom_0" pos="14.61" speed="28.49" angle="68.18" x="94.09" y="2.18"/>
        <vehicle id="cfm-fast_5" eclass="HBEFA3/PC_G_EU4" CO2="155867.39" CO="3295.92" HC="18.91" NOx="72.55" PMx="4.11" fuel="67.00" electricity="0.00" noise="134.58" route="routebottom" type="cfm-fast" waiting="0.00" lane="bottom_1" pos="36.73" speed="40.91" angle="28.34" x="123.37" y="37.22"/>
        <vehicle id="cfm-slow_0" eclass="HBEFA3/PC_G_EU4" CO2="10401.27" CO="139.14" HC="0.89" NOx="4.37" PMx="0.22" fuel="4.47" electricity="0.00" noise="71.95" route="routebottom" type="cfm-slow" waiting="0.00" lane="bottom_0" pos="41.09" speed="19.46" angle="20.57" x="129.59" y="44.66"/>
        <vehicle id="cfm-slow_1" eclass="HBEFA3/PC_G_EU4" CO2="11866.26" CO="169.11" HC="1.06" NOx="5.06" PMx="0.26" fuel="5.10" electricity="0.00" noise="72.95" route="routebottom" type="cfm-slow" waiting="0.00" lane="right_0" pos="6.99" speed="19.60" angle="351.83" x="130.60" y="78.67"/>
        <vehicle id="cfm-slow_2" eclass="HBEFA3/PC_G_EU4" CO2="15428.11" CO="241.96" HC="1.48" NOx="6.73" PMx="0.35" fuel="6.63" electricity="0.00" noise="75.50" route="routebottom" type="cfm-slow" waiting="0.00" lane="right_0" pos="23.03" speed="20.03" angle="322.99" x="115.08" y="109.09"/>
        <vehicle id="cfm-slow_3" eclass="HBEFA3/PC_G_EU4" CO2="22195.41" CO="380.76" HC="2.28" NOx="9.90" PMx="0.53" fuel="9.54" electricity="0.00" noise="80.36" route="routebottom" type="cfm-slow" waiting="0.00" lane="right_0" pos="39.54" speed="21.13" angle="293.37" x="85.85" y="128.59"/>
        <vehicle id="cfm-slow_4" eclass="HBEFA3/PC_G_EU4" CO2="30512.85" CO="553.99" HC="3.28" NOx="13.77" PMx="0.75" fuel="13.12" electricity="0.00" noise="85.53" route="routetop" type="cfm-slow" waiting="0.00" lane="top_0" pos="7.22" speed="23.33" angle="261.39" x="48.16" y="130.49"/>
        <vehicle id="cfm-slow_5" eclass="HBEFA3/PC_G_EU4" CO2="31036.10" CO="574.63" HC="3.39" NOx="13.95" PMx="0.77" fuel="13.34" electricity="0.00" noise="84.61" route="routetop" type="cfm-slow" waiting="0.00" lane="top_0" pos="27.21" speed="26.48" angle="225.54" x="11.91" y="108.69"/>
    </timestep>
    <timestep time="3.01">
        <vehicle id="cfm-fast_0" eclass="HBEFA3/PC_G_EU4" CO2="15633.45" CO="270.89" HC="1.63" NOx="6.63" PMx="0.38" fuel="6.72" electricity="0.00" noise="76.45" route="routetop" type="cfm-fast" waiting="0.00" lane="left_0" pos="0.71" speed="28.92" angle="183.19" x="-4.92" y="62.04"/>
        <vehicle id="cfm-fast_1" eclass="HBEFA3/PC_G_EU4" CO2="154672.32" CO="3266.50" HC="18.74" NOx="71.99" PMx="4.08" fuel="66.49" electricity="0.00" noise="134.44" route="routetop" type="cfm-fast" waiting="0.00" lane="left_1" pos="22.90" speed="40.62" angle="143.21" x="14.55" y="20.62"/>
        <vehicle id="cfm-fast_2" eclass="HBEFA3/PC_G_EU4" CO2="30207.95" CO="554.01" HC="3.27" NOx="13.58" PMx="0.75" fuel="12.98" electricity="0.00" noise="84.38" route="routetop" type="cfm-fast" waiting="0.00" lane="left_0" pos="25.42" speed="25.60" angle="138.74" x="15.79" y="14.52"/>
        <vehicle id="cfm-fast_3" eclass="HBEFA3/PC_G_EU4" CO2="23421.95" CO="424.51" HC="2.52" NOx="10.33" PMx="0.58" fuel="10.07" electricity="0.00" noise="80.00" route="routetop" type="cfm-fast" waiting="0.00" lane="left_0" pos="44.03" speed="27.81" angle="105.33" x="50.81" y="-3.73"/>
        <vehicle id="cfm-fast_4" eclass="HBEFA3/PC_G_EU4" CO2="0.00" CO="0.00" HC="0.00" NOx="0.00" PMx="0.00" fuel="0.00" electricity="0.00" noise="71.61" route="routebottom" type="cfm-fast" waiting="0.00" lane="bottom_0" pos="14.89" speed="28.47" angle="67.65" x="94.64" y="2.45"/>
        <vehicle id="cfm-fast_5" eclass="HBEFA3/PC_G_EU4" CO2="156422.13" CO="3309.60" HC="18.98" NOx="72.81" PMx="4.12" fuel="67.24" electricity="0.00" noise="134.65" route="routebottom" type="cfm-fast" waiting="0.00" lane="bottom_1" pos="37.15" speed="41.05" angle="27.61" x="123.71" y="37.98"/>
        <vehicle id="cfm-slow_0" eclass="HBEFA3/PC_G_EU4" CO2="10361.62" CO="138.31" HC="0.88" NOx="4.35" PMx="0.22" fuel="4.45" electricity="0.00" noise="71.93" route="routebottom" type="cfm-slow" waiting="0.00" lane="bottom_0" pos="41.29" speed="19.47" angle="20.22" x="129.70" y="45.06"/>
        <vehicle id="cfm-slow_1" eclass="HBEFA3/PC_G_EU4" CO2="11846.59" CO="168.69" HC="1.06" NOx="5.05" PMx="0.26" fuel="5.09" electricity="0.00" noise="72.94" route="routebottom" type="cfm-slow" waiting="0.00" lane="right_0" pos="7.18" speed="19.61" angle="351.47" x="130.51" y="79.08"/>
        <vehicle id="cfm-slow_2" eclass="HBEFA3/PC_G_EU4" CO2="15438.24" CO="242.15" HC="1.48" NOx="6.74" PMx="0.35" fuel="6.64" electricity="0.00" noise="75.50" route="routebottom" type="cfm-slow" waiting="0.00" lane="right_0" pos="23.23" speed="20.05" angle="322.65" x="114.79" y="109.41"/>
        <vehicle id="cfm-slow_3" eclass="HBEFA3/PC_G_EU4" CO2="22220.38" CO="381.28" HC="2.29" NOx="9.91" PMx="0.53" fuel="9.55" electricity="0.00" noise="80.37" route="routebottom" type="cfm-slow" waiting="0.00" lane="right_0" pos="39.76" speed="21.16" angle="293.05" x="85.42" y="128.74"/>
        <vehicle id="cfm-slow_4" eclass="HBEFA3/PC_G_EU4" CO2="30473.35" CO="553.26" HC="3.28" NOx="13.75" PMx="0.75" fuel="13.10" electricity="0.00" noise="85.48" route="routetop" type="cfm-slow" waiting="0.00" lane="top_0" pos="7.46" speed="23.38" angle="260.95" x="47.67" y="130.38"/>
        <vehicle id="cfm-slow_5" eclass="HBEFA3/PC_G_EU4" CO2="30843.83" CO="570.84" HC="3.37" NOx="13.86" PMx="0.77" fuel="13.26" electricity="0.00" noise="84.49" route="routetop" type="cfm-slow" waiting="0.00" lane="top_0" pos="27.48" speed="26.52" angle="225.04" x="11.54" y="108.26"/>
    </timestep>
    <timestep time="3.02">
        <vehicle id="cfm-fast_0" eclass="HBEFA3/PC_G_EU4" CO2="15494.17" CO="268.10" HC="1.61" NOx="6.56" PMx="0.38" fuel="6.66" electricity="0.00" noise="76.39" route="routetop" type="cfm-fast" waiting="0.00" lane="left_0" pos="1.00" speed="28.94" angle="182.67" x="-4.90" y="61.42"/>
        <vehicle id="cfm-fast_1" eclass="HBEFA3/PC_G_EU4" CO2="155226.44" CO="3280.14" HC="18.82" NOx="72.25" PMx="4.09" fuel="66.72" electricity="0.00" noise="134.50" route="routetop" type="cfm-fast" waiting="0.00" lane="left_1" pos="23.31" speed="40.75" angle="142.54" x="15.11" y="20.00"/>
        <vehicle id="cfm-fast_2" eclass="HBEFA3/PC_G_EU4" CO2="30075.43" CO="551.42" HC="3.26" NOx="13.51" PMx="0.75" fuel="12.93" electricity="0.00" noise="84.28" route="routetop" type="cfm-fast" waiting="0.00" lane="left_0" pos="25.67" speed="25.64" angle="138.33" x="16.18" y="14.13"/>
        <vehicle id="cfm-fast_3" eclass="HBEFA3/PC_G_EU4" CO2="23033.73" CO="416.66" HC="2.47" NOx="10.14" PMx="0.57" fuel="9.90" electricity="0.00" noise="79.79" route="routetop" type="cfm-fast" waiting="0.00" lane="left_0" pos="44.31" speed="27.83" angle="104.81" x="51.40" y="-3.84"/>
        <vehicle id="cfm-fast_4" eclass="HBEFA3/PC_G_EU4" CO2="0.00" CO="0.00" HC="0.00" NOx="0.00" PMx="0.00" fuel="0.00" electricity="0.00" noise="71.59" route="routebottom" type="cfm-fast" waiting="0.00" lane="bottom_0" pos="15.18" speed="28.45" angle="67.12" x="95.18" y="2.72"/>
        <vehicle id="cfm-fast_5" eclass="HBEFA3/PC_G_EU4" CO2="156977.17" CO="3323.31" HC="19.06" NOx="73.07" PMx="4.14" fuel="67.48" electricity="0.00" noise="134.71" route="routebottom" type="cfm-fast" waiting="0.00" lane="bottom_1" pos="37.56" speed="41.18" angle="26.88" x="124.03" y="38.77"/>
        <vehicle id="cfm-slow_0" eclass="HBEFA3/PC_G_EU4" CO2="10322.57" CO="137.48" HC="0.88" NOx="4.34" PMx="0.22" fuel="4.44" electricity="0.00" noise="71.91" route="routebottom" type="cfm-slow" waiting="0.00" lane="bottom_0" pos="41.48" speed="19.48" angle="19.86" x="129.81" y="45.47"/>
        <vehicle id="cfm-slow_1" eclass="HBEFA3/PC_G_EU4" CO2="11827.60" CO="168.27" HC="1.06" NOx="5.04" PMx="0.26" fuel="5.08" electricity="0.00" noise="72.93" route="routebottom" type="cfm-slow" waiting="0.00" lane="right_0" pos="7.38" speed="19.63" angle="351.10" x="130.42" y="79.49"/>
        <vehicle id="cfm-slow_2" eclass="HBEFA3/PC_G_EU4" CO2="15448.91" CO="242.35" HC="1.48" NOx="6.74" PMx="0.35" fuel="6.64" electricity="0.00" noise="75.51" route="routebottom" type="cfm-slow" waiting="0.00" lane="right_0" pos="23.43" speed="20.08" angle="322.29" x="114.49" y="109.73"/>
        <vehicle id="cfm-slow_3" eclass="HBEFA3/PC_G_EU4" CO2="22245.18" CO="381.79" HC="2.29" NOx="9.92" PMx="0.53" fuel="9.56" electricity="0.00" noise="80.38" route="routebottom" type="cfm-slow" waiting="0.00" lane="right_0" pos="39.97" speed="21.20" angle="292.65" x="84.99" y="128.88"/>
        <vehicle id="cfm-slow_4" eclass="HBEFA3/PC_G_EU4" CO2="30432.85" CO="552.51" HC="3.27" NOx="13.73" PMx="0.75" fuel="13.08" electricity="0.00" noise="85.43" route="routetop" type="cfm-slow" waiting="0.00" lane="top_0" pos="7.69" speed="23.42" angle="260.58" x="47.18" y="130.26"/>
        <vehicle id="cfm-slow_5" eclass="HBEFA3/PC_G_EU4" CO2="30652.05" CO="567.06" HC="3.35" NOx="13.77" PMx="0.76" fuel="13.18" electricity="0.00" noise="84.36" route="routetop" type="cfm-slow" waiting="0.00" lane="top_0" pos="27.74" speed="26.55" angle="224.54" x="11.17" y="107.82"/>
    </timestep>
    <timestep time="3.03">
        <vehicle id="cfm-fast_0" eclass="HBEFA3/PC_G_EU4" CO2="15357.19" CO="265.37" HC="1.59" NOx="6.50" PMx="0.37" fuel="6.60" electricity="0.00" noise="76.34" route="routetop" type="cfm-fast" waiting="0.00" lane="left_0" pos="1.29" speed="28.95" angle="182.16" x="-4.88" y="60.80"/>
        <vehicle id="cfm-fast_1" eclass="HBEFA3/PC_G_EU4" CO2="155780.84" CO="3293.79" HC="18.89" NOx="72.51" PMx="4.11" fuel="66.96" electricity="0.00" noise="134.57" route="routetop" type="cfm-fast" waiting="0.00" lane="left_1" pos="23.72" speed="40.89" angle="141.80" x="15.67" y="19.38"/>
        <vehicle id="cfm-fast_2" eclass="HBEFA3/PC_G_EU4" CO2="29941.07" CO="548.80" HC="3.24" NOx="13.45" PMx="0.74" fuel="12.87" electricity="0.00" noise="84.18" route="routetop" type="cfm-fast" waiting="0.00" lane="left_0" pos="25.93" speed="25.68" angle="137.86" x="16.59" y="13.76"/>
        <vehicle id="cfm-fast_3" eclass="HBEFA3/PC_G_EU4" CO2="22646.56" CO="408.82" HC="2.43" NOx="9.96" PMx="0.56" fuel="9.73" electricity="0.00" noise="79.59" route="routetop" type="cfm-fast" waiting="0.00" lane="left_0" pos="44.59" speed="27.86" angle="104.30" x="51.99" y="-3.95"/>
        <vehicle id="cfm-fast_4" eclass="HBEFA3/PC_G_EU4" CO2="0.00" CO="0.00" HC="0.00" NOx="0.00" PMx="0.00" fuel="0.00" electricity="0.00" noise="71.57" route="routebottom" type="cfm-fast" waiting="0.00" lane="bottom_0" pos="15.46" speed="28.44" angle="66.66" x="95.73" y="3.00"/>
        <vehicle id="cfm-fast_5" eclass="HBEFA3/PC_G_EU4" CO2="157532.50" CO="3337.03" HC="19.14" NOx="73.33" PMx="4.16" fuel="67.72" electricity="0.00" noise="134.78" route="routebottom" type="cfm-fast" waiting="0.00" lane="bottom_1" pos="37.97" speed="41.32" angle="26.12" x="124.34" y="39.55"/>
        <vehicle id="cfm-slow_0" eclass="HBEFA3/PC_G_EU4" CO2="10284.13" CO="136.67" HC="0.87" NOx="4.32" PMx="0.22" fuel="4.42" electricity="0.00" noise="71.88" route="routebottom" type="cfm-slow" waiting="0.00" lane="bottom_0" pos="41.68" speed="19.50" angle="19.50" x="129.92" y="45.87"/>
        <vehicle id="cfm-slow_1" eclass="HBEFA3/PC_G_EU4" CO2="11809.29" CO="167.87" HC="1.05" NOx="5.03" PMx="0.26" fuel="5.08" electricity="0.00" noise="72.92" route="routebottom" type="cfm-slow" waiting="0.00" lane="right_0" pos="7.57" speed="19.65" angle="350.76" x="130.32" y="79.90"/>
        <vehicle id="cfm-slow_2" eclass="HBEFA3/PC_G_EU4" CO2="15460.10" CO="242.56" HC="1.48" NOx="6.74" PMx="0.35" fuel="6.65" electricity="0.00" noise="75.52" route="routebottom" type="cfm-slow" waiting="0.00" lane="right_0" pos="23.63" speed="20.10" angle="321.93" x="114.20" y="110.05"/>
        <vehicle id="cfm-slow_3" eclass="HBEFA3/PC_G_EU4" CO2="22269.81" CO="382.30" HC="2.29" NOx="9.93" PMx="0.53" fuel="9.57" electricity="0.00" noise="80.38" route="routebottom" type="cfm-slow" waiting="0.00" lane="right_0" pos="40.18" speed="21.23" angle="292.24" x="84.55" y="129.01"/>
        <vehicle id="cfm-slow_4" eclass="HBEFA3/PC_G_EU4" CO2="30391.35" CO="551.73" HC="3.27" NOx="13.71" PMx="0.75" fuel="13.06" electricity="0.00" noise="85.38" route="routetop" type="cfm-slow" waiting="0.00" lane="top_0" pos="7.93" speed="23.46" angle="260.15" x="46.70" y="130.13"/>
        <vehicle id="cfm-slow_5" eclass="HBEFA3/PC_G_EU4" CO2="30460.78" CO="563.29" HC="3.32" NOx="13.67" PMx="0.76" fuel="13.09" electricity="0.00" noise="84.23" route="routetop" type="cfm-slow" waiting="0.00" lane="top_0" pos="28.01" speed="26.59" angle="224.04" x="10.80" y="107.39"/>
    </timestep>
    <timestep time="3.04">
        <vehicle id="cfm-fast_0" eclass="HBEFA3/PC_G_EU4" CO2="15222.43" CO="262.68" HC="1.58" NOx="6.43" PMx="0.37" fuel="6.54" electricity="0.00" noise="76.29" route="routetop" type="cfm-fast" waiting="0.00" lane="left_0" pos="1.58" speed="28.96" angle="181.64" x="-4.85" y="60.18"/>
        <vehicle id="cfm-fast_1" eclass="HBEFA3/PC_G_EU4" CO2="156335.54" CO="3307.47" HC="18.97" NOx="72.77" PMx="4.12" fuel="67.20" electricity="0.00" noise="134.64" route="routetop" type="cfm-fast" waiting="0.00" lane="left_1" pos="24.13" speed="41.02" angle="141.06" x="16.24" y="18.76"/>
        <vehicle id="cfm-fast_2" eclass="HBEFA3/PC_G_EU4" CO2="29804.88" CO="546.14" HC="3.23" NOx="13.38" PMx="0.74" fuel="12.81" electricity="0.00" noise="84.09" route="routetop" type="cfm-fast" waiting="0.00" lane="left_0" pos="26.19" speed="25.72" angle="137.38" x="16.99" y="13.39"/>
        <vehicle id="cfm-fast_3" eclass="HBEFA3/PC_G_EU4" CO2="22260.50" CO="401.01" HC="2.38" NOx="9.78" PMx="0.55" fuel="9.57" electricity="0.00" noise="79.39" route="routetop" type="cfm-fast" waiting="0.00" lane="left_0" pos="44.87" speed="27.88" angle="103.83" x="52.58" y="-4.05"/>
        <vehicle id="cfm-fast_4" eclass="HBEFA3/PC_G_EU4" CO2="0.00" CO="0.00" HC="0.00" NOx="0.00" PMx="0.00" fuel="0.00" electricity="0.00" noise="71.55" route="routebottom" type="cfm-fast" waiting="0.00" lane="bottom_0" pos="15.74" speed="28.42" angle="66.14" x="96.26" y="3.30"/>
        <vehicle id="cfm-fast_5" eclass="HBEFA3/PC_G_EU4" CO2="158088.12" CO="3350.78" HC="19.21" NOx="73.59" PMx="4.17" fuel="67.95" electricity="0.00" noise="134.84" route="routebottom" type="cfm-fast" waiting="0.00" lane="bottom_1" pos="38.38" speed="41.45" angle="25.38" x="124.65" y="40.34"/>
        <vehicle id="cfm-slow_0" eclass="HBEFA3/PC_G_EU4" CO2="10246.28" CO="135.87" HC="0.87" NOx="4.30" PMx="0.22" fuel="4.40" electricity="0.00" noise="71.86" route="routebottom" type="cfm-slow" waiting="0.00" lane="bottom_0" pos="41.87" speed="19.51" angle="19.15" x="130.02" y="46.28"/>
        <vehicle id="cfm-slow_1" eclass="HBEFA3/PC_G_EU4" CO2="11791.66" CO="167.49" HC="1.05" NOx="5.02" PMx="0.26" fuel="5.07" electricity="0.00" noise="72.91" route="routebottom" type="cfm-slow" waiting="0.00" lane="right_0" pos="7.77" speed="19.67" angle="350.44" x="130.22" y="80.31"/>
        <vehicle id="cfm-slow_2" eclass="HBEFA3/PC_G_EU4" CO2="15471.81" CO="242.78" HC="1.49" NOx="6.75" PMx="0.35" fuel="6.65" electricity="0.00" noise="75.52" route="routebottom" type="cfm-slow" waiting="0.00" lane="right_0" pos="23.84" speed="20.12" angle="321.57" x="113.90" y="110.36"/>
        <vehicle id="cfm-slow_3" eclass="HBEFA3/PC_G_EU4" CO2="22294.25" CO="382.80" HC="2.29" NOx="9.94" PMx="0.53" fuel="9.58" electricity="0.00" noise="80.39" route="routebottom" type="cfm-slow" waiting="0.00" lane="right_0" pos="40.39" speed="21.27" angle="291.84" x="84.11" y="129.15"/>
        <vehicle id="cfm-slow_4" eclass="HBEFA3/PC_G_EU4" CO2="30348.86" CO="550.94" HC="3.26" NOx="13.69" PMx="0.75" fuel="13.05" electricity="0.00" noise="85.33" route="routetop" type="cfm-slow" waiting="0.00" lane="top_0" pos="8.16" speed="23.51" angle="259.72" x="46.21" y="130.00"/>
        <vehicle id="cfm-slow_5" eclass="HBEFA3/PC_G_EU4" CO2="30270.05" CO="559.53" HC="3.30" NOx="13.58" PMx="0.75" fuel="13.01" electricity="0.00" noise="84.10" route="routetop" type="cfm-slow" waiting="0.00" lane="top_0" pos="28.28" speed="26.63" angle="223.62" x="10.43" y="106.95"/>
    </timestep>
    <timestep time="3.05">
        <vehicle id="cfm-fast_0" eclass="HBEFA3/PC_G_EU4" CO2="15089.86" CO="260.03" HC="1.56" NOx="6.37" PMx="0.36" fuel="6.49" electricity="0.00" noise="76.24" route="routetop" type="cfm-fast" waiting="0.00" lane="left_0" pos="1.87" speed="28.97" angle="181.12" x="-4.81" y="59.55"/>
        <vehicle id="cfm-fast_1" eclass="HBEFA3/PC_G_EU4" CO2="156890.54" CO="3321.17" HC="19.05" NOx="73.03" PMx="4.14" fuel="67.44" electricity="0.00" noise="134.70" route="routetop" type="cfm-fast" waiting="0.00" lane="left_1" pos="24.54" speed="41.16" angle="140.36" x="16.83" y="18.15"/>
        <vehicle id="cfm-fast_2" eclass="HBEFA3/PC_G_EU4" CO2="29666.89" CO="543.44" HC="3.21" NOx="13.32" PMx="0.73" fuel="12.75" electricity="0.00" noise="83.99" route="routetop" type="cfm-fast" waiting="0.00" lane="left_0" pos="26.44" speed="25.76" angle="136.90" x="17.40" y="13.01"/>
        <vehicle id="cfm-fast_3" eclass="HBEFA3/PC_G_EU4" CO2="21875.63" CO="393.21" HC="2.34" NOx="9.59" PMx="0.54" fuel="9.40" electricity="0.00" noise="79.19" route="routetop" type="cfm-fast" waiting="0.00" lane="left_0" pos="45.15" speed="27.90" angle="103.34" x="53.17" y="-4.14"/>
        <vehicle id="cfm-fast_4" eclass="HBEFA3/PC_G_EU4" CO2="0.00" CO="0.00" HC="0.00" NOx="0.00" PMx="0.00" fuel="0.00" electricity="0.00" noise="71.53" route="routebottom" type="cfm-fast" waiting="0.00" lane="bottom_0" pos="16.03" speed="28.40" angle="65.61" x="96.80" y="3.60"/>
        <vehicle id="cfm-fast_5" eclass="HBEFA3/PC_G_EU4" CO2="158644.04" CO="3364.54" HC="19.29" NOx="73.85" PMx="4.19" fuel="68.19" electricity="0.00" noise="134.91" route="routebottom" type="cfm-fast" waiting="0.00" lane="bottom_1" pos="38.80" speed="41.59" angle="24.66" x="124.95" y="41.14"/>
        <vehicle id="cfm-slow_0" eclass="HBEFA3/PC_G_EU4" CO2="10209.02" CO="135.09" HC="0.86" NOx="4.28" PMx="0.22" fuel="4.39" electricity="0.00" noise="71.84" route="routebottom" type="cfm-slow" waiting="0.00" lane="bottom_0" pos="42.07" speed="19.53" angle="18.79" x="130.13" y="46.69"/>
        <vehicle id="cfm-slow_1" eclass="HBEFA3/PC_G_EU4" CO2="11774.71" CO="167.12" HC="1.05" NOx="5.02" PMx="0.26" fuel="5.06" electricity="0.00" noise="72.90" route="routebottom" type="cfm-slow" waiting="0.00" lane="right_0" pos="7.97" speed="19.68" angle="350.08" x="130.11" y="80.72"/>
        <vehicle id="cfm-slow_2" eclass="HBEFA3/PC_G_EU4" CO2="15484.03" CO="243.01" HC="1.49" NOx="6.76" PMx="0.35" fuel="6.66" electricity="0.00" noise="75.53" route="routebottom" type="cfm-slow" waiting="0.00" lane="right_0" pos="24.04" speed="20.15" angle="321.20" x="113.61" y="110.68"/>
        <vehicle id="cfm-slow_3" eclass="HBEFA3/PC_G_EU4" CO2="22318.50" CO="383.31" HC="2.30" NOx="9.95" PMx="0.53" fuel="9.59" electricity="0.00" noise="80.40" route="routebottom" type="cfm-slow" waiting="0.00" lane="right_0" pos="40.61" speed="21.30" angle="291.43" x="83.67" y="129.28"/>
        <vehicle id="cfm-slow_4" eclass="HBEFA3/PC_G_EU4" CO2="30305.39" CO="550.13" HC="3.26" NOx="13.67" PMx="0.75" fuel="13.03" electricity="0.00" noise="85.27" route="routetop" type="cfm-slow" waiting="0.00" lane="top_0" pos="8.40" speed="23.55" angle="259.29" x="45.72" y="129.87"/>
        <vehicle id="cfm-slow_5" eclass="HBEFA3/PC_G_EU4" CO2="30079.88" CO="555.78" HC="3.28" NOx="13.49" PMx="0.75" fuel="12.93" electricity="0.00" noise="83.98" route="routetop" type="cfm-slow" waiting="0.00" lane="top_0" pos="28.54" speed="26.66" angle="223.14" x="10.08" y="106.50"/>
    </timestep>
    <timestep time="3.06">
        <vehicle id="cfm-fast_0" eclass="HBEFA3/PC_G_EU4" CO2="14959.41" CO="257.43" HC="1.55" NOx="6.31" PMx="0.36" fuel="6.43" electricity="0.00" noise="76.20" route="routetop" type="cfm-fast" waiting="0.00" lane="left_0" pos="2.16" speed="28.99" angle="180.60" x="-4.78" y="58.93"/>
        <vehicle id="cfm-fast_1" eclass="HBEFA3/PC_G_EU4" CO2="157445.82" CO="3334.89" HC="19.12" NOx="73.29" PMx="4.15" fuel="67.68" electricity="0.00" noise="134.77" route="routetop" type="cfm-fast" waiting="0.00" lane="left_1" pos="24.96" speed="41.30" angle="139.59" x="17.43" y="17.55"/>
        <vehicle id="cfm-fast_2" eclass="HBEFA3/PC_G_EU4" CO2="29527.11" CO="540.71" HC="3.20" NOx="13.25" PMx="0.73" fuel="12.69" electricity="0.00" noise="83.89" route="routetop" type="cfm-fast" waiting="0.00" lane="left_0" pos="26.70" speed="25.79" angle="136.43" x="17.81" y="12.63"/>
        <vehicle id="cfm-fast_3" eclass="HBEFA3/PC_G_EU4" CO2="21491.99" CO="385.44" HC="2.29" NOx="9.41" PMx="0.53" fuel="9.24" electricity="0.00" noise="78.99" route="routetop" type="cfm-fast" waiting="0.00" lane="left_0" pos="45.43" speed="27.92" angle="102.82" x="53.77" y="-4.22"/>
        <vehicle id="cfm-fast_4" eclass="HBEFA3/PC_G_EU4" CO2="0.00" CO="0.00" HC="0.00" NOx="0.00" PMx="0.00" fuel="0.00" electricity="0.00" noise="71.51" route="routebottom" type="cfm-fast" waiting="0.00" lane="bottom_0" pos="16.31" speed="28.38" angle="65.09" x="97.33" y="3.89"/>
        <vehicle id="cfm-fast_5" eclass="HBEFA3/PC_G_EU4" CO2="159200.24" CO="3378.33" HC="19.37" NOx="74.11" PMx="4.20" fuel="68.43" electricity="0.00" noise="134.98" route="routebottom" type="cfm-fast" waiting="0.00" lane="bottom_1" pos="39.22" speed="41.73" angle="23.91" x="125.24" y="41.95"/>
        <vehicle id="cfm-slow_0" eclass="HBEFA3/PC_G_EU4" CO2="10172.36" CO="134.31" HC="0.86" NOx="4.26" PMx="0.22" fuel="4.37" electricity="0.00" noise="71.82" route="routebottom" type="cfm-slow" waiting="0.00" lane="bottom_0" pos="42.26" speed="19.54" angle="18.46" x="130.24" y="47.09"/>
        <vehicle id="cfm-slow_1" eclass="HBEFA3/PC_G_EU4" CO2="11758.43" CO="166.76" HC="1.05" NOx="5.01" PMx="0.26" fuel="5.05" electricity="0.00" noise="72.89" route="routebottom" type="cfm-slow" waiting="0.00" lane="right_0" pos="8.17" speed="19.70" angle="349.71" x="130.00" y="81.13"/>
        <vehicle id="cfm-slow_2" eclass="HBEFA3/PC_G_EU4" CO2="15496.75" CO="243.25" HC="1.49" NOx="6.76" PMx="0.35" fuel="6.66" electricity="0.00" noise="75.54" route="routebottom" type="cfm-slow" waiting="0.00" lane="right_0" pos="24.24" speed="20.17" angle="320.85" x="113.32" y="111.00"/>
        <vehicle id="cfm-slow_3" eclass="HBEFA3/PC_G_EU4" CO2="22342.55" CO="383.80" HC="2.30" NOx="9.96" PMx="0.53" fuel="9.60" electricity="0.00" noise="80.40" route="routebottom" type="cfm-slow" waiting="0.00" lane="right_0" pos="40.82" speed="21.33" angle="291.03" x="83.24" y="129.42"/>
        <vehicle id="cfm-slow_4" eclass="HBEFA3/PC_G_EU4" CO2="30260.95" CO="549.31" HC="3.25" NOx="13.65" PMx="0.75" fuel="13.01" electricity="0.00" noise="85.22" route="routetop" type="cfm-slow" waiting="0.00" lane="top_0" pos="8.63" speed="23.59" angle="258.86" x="45.23" y="129.74"/>
        <vehicle id="cfm-slow_5" eclass="HBEFA3/PC_G_EU4" CO2="29890.27" CO="552.04" HC="3.26" NOx="13.40" PMx="0.74" fuel="12.85" electricity="0.00" noise="83.85" route="routetop" type="cfm-slow" waiting="0.00" lane="top_0" pos="28.81" speed="26.70" angle="222.65" x="9.72" y="106.04"/>
    </timestep>
    <timestep time="3.07">
        <vehicle id="cfm-fast_0" eclass="HBEFA3/PC_G_EU4" CO2="14831.04" CO="254.87" HC="1.53" NOx="6.25" PMx="0.36" fuel="6.38" electricity="0.00" noise="76.15" route="routetop" type="cfm-fast" waiting="0.00" lane="left_0" pos="2.45" speed="29.00" angle="180.08" x="-4.74" y="58.31"/>
        <vehicle id="cfm-fast_1" eclass="HBEFA3/PC_G_EU4" CO2="158001.40" CO="3348.63" HC="19.20" NOx="73.55" PMx="4.17" fuel="67.92" electricity="0.00" noise="134.83" route="routetop" type="cfm-fast" waiting="0.00" lane="left_1" pos="25.37" speed="41.43" angle="138.82" x="18.03" y="16.95"/>
        <vehicle id="cfm-fast_2" eclass="HBEFA3/PC_G_EU4" CO2="29385.56" CO="537.94" HC="3.18" NOx="13.18" PMx="0.73" fuel="12.63" electricity="0.00" noise="83.79" route="routetop" type="cfm-fast" waiting="0.00" lane="left_0" pos="26.96" speed="25.83" angle="136.01" x="18.22" y="12.26"/>
        <vehicle id="cfm-fast_3" eclass="HBEFA3/PC_G_EU4" CO2="21109.64" CO="377.69" HC="2.25" NOx="9.23" PMx="0.52" fuel="9.07" electricity="0.00" noise="78.80" route="routetop" type="cfm-fast" waiting="0.00" lane="left_0" pos="45.71" speed="27.95" angle="102.30" x="54.36" y="-4.31"/>
        <vehicle id="cfm-fast_4" eclass="HBEFA3/PC_G_EU4" CO2="0.00" CO="0.00" HC="0.00" NOx="0.00" PMx="0.00" fuel="0.00" electricity="0.00" noise="71.50" route="routebottom" type="cfm-fast" waiting="0.00" lane="bottom_0" pos="16.60" speed="28.36" angle="64.60" x="97.86" y="4.19"/>
        <vehicle id="cfm-fast_5" eclass="HBEFA3/PC_G_EU4" CO2="159756.74" CO="3392.14" HC="19.44" NOx="74.37" PMx="4.22" fuel="68.67" electricity="0.00" noise="135.04" route="routebottom" type="cfm-fast" waiting="0.00" lane="bottom_1" pos="39.64" speed="41.86" angle="23.16" x="125.54" y="42.75"/>
        <vehicle id="cfm-slow_0" eclass="HBEFA3/PC_G_EU4" CO2="10136.29" CO="133.55" HC="0.86" NOx="4.25" PMx="0.21" fuel="4.36" electricity="0.00" noise="71.80" route="routebottom" type="cfm-slow" waiting="0.00" lane="bottom_0" pos="42.46" speed="19.55" angle="18.14" x="130.34" y="47.50"/>
        <vehicle id="cfm-slow_1" eclass="HBEFA3/PC_G_EU4" CO2="11742.81" CO="166.42" HC="1.05" NOx="5.00" PMx="0.26" fuel="5.05" electricity="0.00" noise="72.88" route="routebottom" type="cfm-slow" waiting="0.00" lane="right_0" pos="8.36" speed="19.72" angle="349.35" x="129.89" y="81.54"/>
        <vehicle id="cfm-slow_2" eclass="HBEFA3/PC_G_EU4" CO2="15509.95" CO="243.50" HC="1.49" NOx="6.77" PMx="0.35" fuel="6.67" electricity="0.00" noise="75.54" route="routebottom" type="cfm-slow" waiting="0.00" lane="right_0" pos="24.44" speed="20.19" angle="320.52" x="113.01" y="111.32"/>
        <vehicle id="cfm-slow_3" eclass="HBEFA3/PC_G_EU4" CO2="22366.39" CO="384.30" HC="2.30" NOx="9.97" PMx="0.54" fuel="9.61" electricity="0.00" noise="80.41" route="routebottom" type="cfm-slow" waiting="0.00" lane="right_0" pos="41.03" speed="21.37" angle="290.68" x="82.80" y="129.55"/>
        <vehicle id="cfm-slow_4" eclass="HBEFA3/PC_G_EU4" CO2="30215.54" CO="548.46" HC="3.25" NOx="13.63" PMx="0.74" fuel="12.99" electricity="0.00" noise="85.17" route="routetop" type="cfm-slow" waiting="0.00" lane="top_0" pos="8.87" speed="23.64" angle="258.46" x="44.73" y="129.61"/>
        <vehicle id="cfm-slow_5" eclass="HBEFA3/PC_G_EU4" CO2="29701.26" CO="548.32" HC="3.24" NOx="13.31" PMx="0.74" fuel="12.77" electricity="0.00" noise="83.73" route="routetop" type="cfm-slow" waiting="0.00" lane="top_0" pos="29.08" speed="26.74" angle="222.16" x="9.37" y="105.59"/>
    </timestep>
    <timestep time="3.08">
        <vehicle id="cfm-fast_0" eclass="HBEFA3/PC_G_EU4" CO2="14704.70" CO="252.35" HC="1.52" NOx="6.19" PMx="0.35" fuel="6.32" electricity="0.00" noise="76.11" route="routetop" type="cfm-fast" waiting="0.00" lane="left_0" pos="2.74" speed="29.01" angle="179.58" x="-4.68" y="57.69"/>
        <vehicle id="cfm-fast_1" eclass="HBEFA3/PC_G_EU4" CO2="158557.27" CO="3362.39" HC="19.28" NOx="73.81" PMx="4.18" fuel="68.16" electricity="0.00" noise="134.90" route="routetop" type="cfm-fast" waiting="0.00" lane="left_1" pos="25.79" speed="41.57" angle="138.11" x="18.64" y="16.36"/>
        <vehicle id="cfm-fast_2" eclass="HBEFA3/PC_G_EU4" CO2="29242.27" CO="535.13" HC="3.16" NOx="13.12" PMx="0.72" fuel="12.57" electricity="0.00" noise="83.69" route="routetop" type="cfm-fast" waiting="0.00" lane="left_0" pos="27.22" speed="25.87" angle="135.53" x="18.64" y="11.90"/>
        <vehicle id="cfm-fast_3" eclass="HBEFA3/PC_G_EU4" CO2="20728.65" CO="369.97" HC="2.20" NOx="9.05" PMx="0.51" fuel="8.91" electricity="0.00" noise="78.61" route="routetop" type="cfm-fast" waiting="0.00" lane="left_0" pos="45.99" speed="27.97" angle="101.78" x="54.96" y="-4.39"/>
        <vehicle id="cfm-fast_4" eclass="HBEFA3/PC_G_EU4" CO2="0.00" CO="0.00" HC="0.00" NOx="0.00" PMx="0.00" fuel="0.00" electricity="0.00" noise="71.48" route="routebottom" type="cfm-fast" waiting="0.00" lane="bottom_0" pos="16.88" speed="28.33" angle="64.09" x="98.39" y="4.50"/>
        <vehicle id="cfm-fast_5" eclass="HBEFA3/PC_G_EU4" CO2="160313.53" CO="3405.97" HC="19.52" NOx="74.63" PMx="4.23" fuel="68.91" electricity="0.00" noise="135.11" route="routebottom" type="cfm-fast" waiting="0.00" lane="bottom_1" pos="40.06" speed="42.00" angle="22.45" x="125.80" y="43.57"/>
        <vehicle id="cfm-slow_0" eclass="HBEFA3/PC_G_EU4" CO2="10100.82" CO="132.80" HC="0.85" NOx="4.23" PMx="0.21" fuel="4.34" electricity="0.00" noise="71.78" route="routebottom" type="cfm-slow" waiting="0.00" lane="bottom_0" pos="42.66" speed="19.57" angle="17.78" x="130.43" y="47.91"/>
        <vehicle id="cfm-slow_1" eclass="HBEFA3/PC_G_EU4" CO2="11727.86" CO="166.09" HC="1.04" NOx="4.99" PMx="0.26" fuel="5.04" electricity="0.00" noise="72.87" route="routebottom" type="cfm-slow" waiting="0.00" lane="right_0" pos="8.56" speed="19.73" angle="348.99" x="129.78" y="81.95"/>
        <vehicle id="cfm-slow_2" eclass="HBEFA3/PC_G_EU4" CO2="15523.64" CO="243.77" HC="1.49" NOx="6.77" PMx="0.36" fuel="6.67" electricity="0.00" noise="75.55" route="routebottom" type="cfm-slow" waiting="0.00" lane="right_0" pos="24.64" speed="20.22" angle="320.15" x="112.71" y="111.62"/>
        <vehicle id="cfm-slow_3" eclass="HBEFA3/PC_G_EU4" CO2="22390.00" CO="384.79" HC="2.31" NOx="9.98" PMx="0.54" fuel="9.62" electricity="0.00" noise="80.41" route="routebottom" type="cfm-slow" waiting="0.00" lane="right_0" pos="41.25" speed="21.40" angle="290.30" x="82.35" y="129.67"/>
        <vehicle id="cfm-slow_4" eclass="HBEFA3/PC_G_EU4" CO2="30169.19" CO="547.59" HC="3.24" NOx="13.60" PMx="0.74" fuel="12.97" electricity="0.00" noise="85.12" route="routetop" type="cfm-slow" waiting="0.00" lane="top_0" pos="9.11" speed="23.68" angle="258.06" x="44.25" y="129.47"/>
        <vehicle id="cfm-slow_5" eclass="HBEFA3/PC_G_EU4" CO2="29512.85" CO="544.61" HC="3.22" NOx="13.22" PMx="0.73" fuel="12.69" electricity="0.00" noise="83.61" route="routetop" type="cfm-slow" waiting="0.00" lane="top_0" pos="29.34" speed="26.77" angle="221.67" x="9.01" y="105.14"/>
    </timestep>
    <timestep time="3.09">
        <vehicle id="cfm-fast_0" eclass="HBEFA3/PC_G_EU4" CO2="14580.33" CO="249.87" HC="1.50" NOx="6.13" PMx="0.35" fuel="6.27" electricity="0.00" noise="76.06" route="routetop" type="cfm-fast" waiting="0.00" lane="left_0" pos="3.03" speed="29.02" angle="179.06" x="-4.62" y="57.06"/>
        <vehicle id="cfm-fast_1" eclass="HBEFA3/PC_G_EU4" CO2="159113.43" CO="3376.18" HC="19.35" NOx="74.07" PMx="4.20" fuel="68.39" electricity="0.00" noise="134.96" route="routetop" type="cfm-fast" waiting="0.00" lane="left_1" pos="26.20" speed="41.71" angle="137.34" x="19.27" y="15.78"/>
        <vehicle id="cfm-fast_2" eclass="HBEFA3/PC_G_EU4" CO2="29097.25" CO="532.29" HC="3.15" NOx="13.05" PMx="0.72" fuel="12.51" electricity="0.00" noise="83.59" route="routetop" type="cfm-fast" waiting="0.00" lane="left_0" pos="27.48" speed="25.90" angle="135.04" x="19.07" y="11.54"/>
        <vehicle id="cfm-fast_3" eclass="HBEFA3/PC_G_EU4" CO2="20349.07" CO="362.28" HC="2.16" NOx="8.87" PMx="0.50" fuel="8.75" electricity="0.00" noise="78.42" route="routetop" type="cfm-fast" waiting="0.00" lane="left_0" pos="46.27" speed="27.99" angle="101.32" x="55.55" y="-4.47"/>
        <vehicle id="cfm-fast_4" eclass="HBEFA3/PC_G_EU4" CO2="0.00" CO="0.00" HC="0.00" NOx="0.00" PMx="0.00" fuel="0.00" electricity="0.00" noise="71.46" route="routebottom" type="cfm-fast" waiting="0.00" lane="bottom_0" pos="17.16" speed="28.31" angle="63.57" x="98.91" y="4.81"/>
        <vehicle id="cfm-fast_5" eclass="HBEFA3/PC_G_EU4" CO2="160870.61" CO="3419.82" HC="19.60" NOx="74.89" PMx="4.25" fuel="69.15" electricity="0.00" noise="135.17" route="routebottom" type="cfm-fast" waiting="0.00" lane="bottom_1" pos="40.48" speed="42.14" angle="21.66" x="126.06" y="44.40"/>
        <vehicle id="cfm-slow_0" eclass="HBEFA3/PC_G_EU4" CO2="10065.93" CO="132.07" HC="0.85" NOx="4.21" PMx="0.21" fuel="4.33" electricity="0.00" noise="71.76" route="routebottom" type="cfm-slow" waiting="0.00" lane="bottom_0" pos="42.85" speed="19.58" angle="17.43" x="130.52" y="48.32"/>
        <vehicle id="cfm-slow_1" eclass="HBEFA3/PC_G_EU4" CO2="11713.57" CO="165.78" HC="1.04" NOx="4.99" PMx="0.26" fuel="5.04" electricity="0.00" noise="72.86" route="routebottom" type="cfm-slow" waiting="0.00" lane="right_0" pos="8.76" speed="19.75" angle="348.63" x="129.67" y="82.36"/>
        <vehicle id="cfm-slow_2" eclass="HBEFA3/PC_G_EU4" CO2="15537.80" CO="244.04" HC="1.49" NOx="6.78" PMx="0.36" fuel="6.68" electricity="0.00" noise="75.56" route="routebottom" type="cfm-slow" waiting="0.00" lane="right_0" pos="24.85" speed="20.24" angle="319.77" x="112.40" y="111.93"/>
        <vehicle id="cfm-slow_3" eclass="HBEFA3/PC_G_EU4" CO2="22413.39" CO="385.28" HC="2.31" NOx="9.99" PMx="0.54" fuel="9.63" electricity="0.00" noise="80.42" route="routebottom" type="cfm-slow" waiting="0.00" lane="right_0" pos="41.46" speed="21.44" angle="289.91" x="81.91" y="129.79"/>
        <vehicle id="cfm-slow_4" eclass="HBEFA3/PC_G_EU4" CO2="30121.89" CO="546.71" HC="3.24" NOx="13.58" PMx="0.74" fuel="12.95" electricity="0.00" noise="85.07" route="routetop" type="cfm-slow" waiting="0.00" lane="top_0" pos="9.34" speed="23.72" angle="257.63" x="43.76" y="129.32"/>
        <vehicle id="cfm-slow_5" eclass="HBEFA3/PC_G_EU4" CO2="29325.07" CO="540.91" HC="3.19" NOx="13.13" PMx="0.73" fuel="12.61" electricity="0.00" noise="83.49" route="routetop" type="cfm-slow" waiting="0.00" lane="top_0" pos="29.61" speed="26.81" angle="221.24" x="8.66" y="104.68"/>
    </timestep>
    <timestep time="3.10">
        <vehicle id="cfm-fast_0" eclass="HBEFA3/PC_G_EU4" CO2="14457.89" CO="247.42" HC="1.49" NOx="6.07" PMx="0.35" fuel="6.21" electricity="0.00" noise="76.02" route="routetop" type="cfm-fast" waiting="0.00" lane="left_0" pos="3.32" speed="29.04" angle="178.54" x="-4.56" y="56.44"/>
        <vehicle id="cfm-fast_1" eclass="HBEFA3/PC_G_EU4" CO2="159669.88" CO="3389.98" HC="19.43" NOx="74.33" PMx="4.22" fuel="68.63" electricity="0.00" noise="135.03" route="routetop" type="cfm-fast" waiting="0.00" lane="left_1" pos="26.62" speed="41.84" angle="136.56" x="19.90" y="15.20"/>
        <vehicle id="cfm-fast_2" eclass="HBEFA3/PC_G_EU4" CO2="28950.52" CO="529.41" HC="3.13" NOx="12.98" PMx="0.72" fuel="12.44" electricity="0.00" noise="83.48" route="routetop" type="cfm-fast" waiting="0.00" lane="left_0" pos="27.74" speed="25.94" angle="134.56" x="19.49" y="11.18"/>
        <vehicle id="cfm-fast_3" eclass="HBEFA3/PC_G_EU4" CO2="19970.95" CO="354.61" HC="2.11" NOx="8.69" PMx="0.49" fuel="8.58" electricity="0.00" noise="78.24" route="routetop" type="cfm-fast" waiting="0.00" lane="left_0" pos="46.55" speed="28.01" angle="100.81" x="56.15" y="-4.53"/>
        <vehicle id="cfm-fast_4" eclass="HBEFA3/PC_G_EU4" CO2="0.00" CO="0.00" HC="0.00" NOx="0.00" PMx="0.00" fuel="0.00" electricity="0.00" noise="71.44" route="routebottom" type="cfm-fast" waiting="0.00" lane="bottom_0" pos="17.45" speed="28.29" angle="63.05" x="99.43" y="5.13"/>
        <vehicle id="cfm-fast_5" eclass="HBEFA3/PC_G_EU4" CO2="161427.99" CO="3433.70" HC="19.67" NOx="75.15" PMx="4.26" fuel="69.39" electricity="0.00" noise="135.24" route="routebottom" type="cfm-fast" waiting="0.00" lane="bottom_1" pos="40.90" speed="42.27" angle="20.88" x="126.32" y="45.23"/>
        <vehicle id="cfm-slow_0" eclass="HBEFA3/PC_G_EU4" CO2="10031.63" CO="131.34" HC="0.84" NOx="4.20" PMx="0.21" fuel="4.31" electricity="0.00" noise="71.74" route="routebottom" type="cfm-slow" waiting="0.00" lane="bottom_0" pos="43.05" speed="19.59" angle="17.07" x="130.62" y="48.73"/>
        <vehicle id="cfm-slow_1" eclass="HBEFA3/PC_G_EU4" CO2="11699.93" CO="165.48" HC="1.04" NOx="4.98" PMx="0.26" fuel="5.03" electricity="0.00" noise="72.85" route="routebottom" type="cfm-slow" waiting="0.00" lane="right_0" pos="8.96" speed="19.77" angle="348.33" x="129.56" y="82.77"/>
        <vehicle id="cfm-slow_2" eclass="HBEFA3/PC_G_EU4" CO2="15552.42" CO="244.32" HC="1.50" NOx="6.78" PMx="0.36" fuel="6.69" electricity="0.00" noise="75.57" route="routebottom" type="cfm-slow" waiting="0.00" lane="right_0" pos="25.05" speed="20.26" angle="319.40" x="112.09" y="112.24"/>
        <vehicle id="cfm-slow_3" eclass="HBEFA3/PC_G_EU4" CO2="22436.54" CO="385.77" HC="2.31" NOx="10.00" PMx="0.54" fuel="9.64" electricity="0.00" noise="80.43" route="routebottom" type="cfm-slow" waiting="0.00" lane="right_0" pos="41.68" speed="21.47" angle="289.52" x="81.46" y="129.91"/>
        <vehicle id="cfm-slow_4" eclass="HBEFA3/PC_G_EU4" CO2="30073.66" CO="545.81" HC="3.23" NOx="13.56" PMx="0.74" fuel="12.93" electricity="0.00" noise="85.01" route="routetop" type="cfm-slow" waiting="0.00" lane="top_0" pos="9.58" speed="23.76" angle="257.20" x="43.27" y="129.16"/>
        <vehicle id="cfm-slow_5" eclass="HBEFA3/PC_G_EU4" CO2="29137.92" CO="537.22" HC="3.17" NOx="13.04" PMx="0.72" fuel="12.52" electricity="0.00" noise="83.37" route="routetop" type="cfm-slow" waiting="0.00" lane="top_0" pos="29.88" speed="26.84" angle="220.74" x="8.33" y="104.21"/>
    </timestep>
    <timestep time="3.11">
        <vehicle id="cfm-fast_0" eclass="HBEFA3/PC_G_EU4" CO2="14337.33" CO="245.02" HC="1.48" NOx="6.01" PMx="0.35" fuel="6.16" electricity="0.00" noise="75.98" route="routetop" type="cfm-fast" waiting="0.00" lane="left_0" pos="3.61" speed="29.05" angle="178.02" x="-4.49" y="55.82"/>
        <vehicle id="cfm-fast_1" eclass="HBEFA3/PC_G_EU4" CO2="160226.62" CO="3403.81" HC="19.51" NOx="74.59" PMx="4.23" fuel="68.87" electricity="0.00" noise="135.10" route="routetop" type="cfm-fast" waiting="0.00" lane="left_1" pos="27.04" speed="41.98" angle="135.85" x="20.54" y="14.62"/>
        <vehicle id="cfm-fast_2" eclass="HBEFA3/PC_G_EU4" CO2="28802.11" CO="526.50" HC="3.11" NOx="12.91" PMx="0.71" fuel="12.38" electricity="0.00" noise="83.38" route="routetop" type="cfm-fast" waiting="0.00" lane="left_0" pos="28.00" speed="25.97" angle="134.07" x="19.92" y="10.82"/>
        <vehicle id="cfm-fast_3" eclass="HBEFA3/PC_G_EU4" CO2="19594.35" CO="346.97" HC="2.07" NOx="8.52" PMx="0.48" fuel="8.42" electricity="0.00" noise="78.06" route="routetop" type="cfm-fast" waiting="0.00" lane="left_0" pos="46.83" speed="28.03" angle="100.30" x="56.75" y="-4.59"/>
        <vehicle id="cfm-fast_4" eclass="HBEFA3/PC_G_EU4" CO2="0.00" CO="0.00" HC="0.00" NOx="0.00" PMx="0.00" fuel="0.00" electricity="0.00" noise="71.42" route="routebottom" type="cfm-fast" waiting="0.00" lane="bottom_0" pos="17.73" speed="28.27" angle="62.53" x="99.95" y="5.44"/>
        <vehicle id="cfm-fast_5" eclass="HBEFA3/PC_G_EU4" CO2="161985.65" CO="3447.59" HC="19.75" NOx="75.41" PMx="4.28" fuel="69.63" electricity="0.00" noise="135.30" route="routebottom" type="cfm-fast" waiting="0.00" lane="bottom_1" pos="41.32" speed="42.41" angle="20.15" x="126.55" y="46.06"/>
        <vehicle id="cfm-slow_0" eclass="HBEFA3/PC_G_EU4" CO2="9997.91" CO="130.63" HC="0.84" NOx="4.18" PMx="0.21" fuel="4.30" electricity="0.00" noise="71.72" route="routebottom" type="cfm-slow" waiting="0.00" lane="bottom_0" pos="43.24" speed="19.61" angle="16.72" x="130.71" y="49.14"/>
        <vehicle id="cfm-slow_1" eclass="HBEFA3/PC_G_EU4" CO2="11686.95" CO="165.19" HC="1.04" NOx="4.97" PMx="0.25" fuel="5.02" electricity="0.00" noise="72.85" route="routebottom" type="cfm-slow" waiting="0.00" lane="right_0" pos="9.15" speed="19.78" angle="347.97" x="129.43" y="83.18"/>
        <vehicle id="cfm-slow_2" eclass="HBEFA3/PC_G_EU4" CO2="15567.50" CO="244.62" HC="1.50" NOx="6.79" PMx="0.36" fuel="6.69" electricity="0.00" noise="75.58" route="routebottom" type="cfm-slow" waiting="0.00" lane="right_0" pos="25.25" speed="20.29" angle="319.02" x="111.78" y="112.55"/>
        <vehicle id="cfm-slow_3" eclass="HBEFA3/PC_G_EU4" CO2="22459.45" CO="386.25" HC="2.31" NOx="10.01" PMx="0.54" fuel="9.65" electricity="0.00" noise="80.43" route="routebottom" type="cfm-slow" waiting="0.00" lane="right_0" pos="41.89" speed="21.50" angle="289.13" x="81.01" y="130.03"/>
        <vehicle id="cfm-slow_4" eclass="HBEFA3/PC_G_EU4" CO2="30024.51" CO="544.89" HC="3.23" NOx="13.53" PMx="0.74" fuel="12.91" electricity="0.00" noise="84.96" route="routetop" type="cfm-slow" waiting="0.00" lane="top_0" pos="9.82" speed="23.80" angle="256.77" x="42.78" y="129.01"/>
        <vehicle id="cfm-slow_5" eclass="HBEFA3/PC_G_EU4" CO2="28951.43" CO="533.54" HC="3.15" NOx="12.96" PMx="0.72" fuel="12.44" electricity="0.00" noise="83.25" route="routetop" type="cfm-slow" waiting="0.00" lane="top_0" pos="30.15" speed="26.88" angle="220.24" x="7.99" y="103.74"/>
    </timestep>
    <timestep time="3.12">
        <vehicle id="cfm-fast_0" eclass="HBEFA3/PC_G_EU4" CO2="14218.60" CO="242.65" HC="1.46" NOx="5.96" PMx="0.34" fuel="6.11" electricity="0.00" noise="75.94" route="routetop" type="cfm-fast" waiting="0.00" lane="left_0" pos="3.90" speed="29.06" angle="177.52" x="-4.42" y="55.20"/>
        <vehicle id="cfm-fast_1" eclass="HBEFA3/PC_G_EU4" CO2="160783.66" CO="3417.66" HC="19.59" NOx="74.85" PMx="4.25" fuel="69.11" electricity="0.00" noise="135.16" route="routetop" type="cfm-fast" waiting="0.00" lane="left_1" pos="27.46" speed="42.12" angle="135.07" x="21.19" y="14.06"/>
        <vehicle id="cfm-fast_2" eclass="HBEFA3/PC_G_EU4" CO2="28652.04" CO="523.55" HC="3.10" NOx="12.83" PMx="0.71" fuel="12.32" electricity="0.00" noise="83.28" route="routetop" type="cfm-fast" waiting="0.00" lane="left_0" pos="28.26" speed="26.01" angle="133.65" x="20.35" y="10.46"/>
        <vehicle id="cfm-fast_3" eclass="HBEFA3/PC_G_EU4" CO2="19219.32" CO="339.36" HC="2.03" NOx="8.34" PMx="0.47" fuel="8.26" electricity="0.00" noise="77.88" route="routetop" type="cfm-fast" waiting="0.00" lane="left_0" pos="47.11" speed="28.05" angle="99.78" x="57.35" y="-4.65"/>
        <vehicle id="cfm-fast_4" eclass="HBEFA3/PC_G_EU4" CO2="0.00" CO="0.00" HC="0.00" NOx="0.00" PMx="0.00" fuel="0.00" electricity="0.00" noise="71.40" route="routebottom" type="cfm-fast" waiting="0.00" lane="bottom_0" pos="18.01" speed="28.25" angle="62.08" x="100.47" y="5.76"/>
        <vehicle id="cfm-fast_5" eclass="HBEFA3/PC_G_EU4" CO2="162543.61" CO="3461.51" HC="19.83" NOx="75.67" PMx="4.30" fuel="69.87" electricity="0.00" noise="135.37" route="routebottom" type="cfm-fast" waiting="0.00" lane="bottom_1" pos="41.75" speed="42.55" angle="19.35" x="126.77" y="46.91"/>
        <vehicle id="cfm-slow_0" eclass="HBEFA3/PC_G_EU4" CO2="9964.78" CO="129.93" HC="0.84" NOx="4.16" PMx="0.21" fuel="4.28" electricity="0.00" noise="71.70" route="routebottom" type="cfm-slow" waiting="0.00" lane="bottom_0" pos="43.44" speed="19.62" angle="16.36" x="130.80" y="49.56"/>
        <vehicle id="cfm-slow_1" eclass="HBEFA3/PC_G_EU4" CO2="11674.60" CO="164.92" HC="1.04" NOx="4.97" PMx="0.25" fuel="5.02" electricity="0.00" noise="72.84" route="routebottom" type="cfm-slow" waiting="0.00" lane="right_0" pos="9.35" speed="19.80" angle="347.61" x="129.31" y="83.59"/>
        <vehicle id="cfm-slow_2" eclass="HBEFA3/PC_G_EU4" CO2="15583.03" CO="244.92" HC="1.50" NOx="6.80" PMx="0.36" fuel="6.70" electricity="0.00" noise="75.59" route="routebottom" type="cfm-slow" waiting="0.00" lane="right_0" pos="25.45" speed="20.31" angle="318.64" x="111.47" y="112.86"/>
        <vehicle id="cfm-slow_3" eclass="HBEFA3/PC_G_EU4" CO2="22482.11" CO="386.73" HC="2.32" NOx="10.02" PMx="0.54" fuel="9.66" electricity="0.00" noise="80.44" route="routebottom" type="cfm-slow" waiting="0.00" lane="right_0" pos="42.11" speed="21.54" angle="288.74" x="80.57" y="130.15"/>
        <vehicle id="cfm-slow_4" eclass="HBEFA3/PC_G_EU4" CO2="29974.45" CO="543.95" HC="3.22" NOx="13.51" PMx="0.74" fuel="12.88" electricity="0.00" noise="84.91" route="routetop" type="cfm-slow" waiting="0.00" lane="top_0" pos="10.06" speed="23.85" angle="256.34" x="42.29" y="128.86"/>
        <vehicle id="cfm-slow_5" eclass="HBEFA3/PC_G_EU4" CO2="28765.61" CO="529.88" HC="3.13" NOx="12.87" PMx="0.71" fuel="12.36" electricity="0.00" noise="83.13" route="routetop" type="cfm-slow" waiting="0.00" lane="top_0" pos="30.42" speed="26.91" angle="219.74" x="7.65" y="103.27"/>
    </timestep>
    <timestep time="3.13">
        <vehicle id="cfm-fast_0" eclass="HBEFA3/PC_G_EU4" CO2="14101.65" CO="240.32" HC="1.45" NOx="5.90" PMx="0.34" fuel="6.06" electricity="0.00" noise="75.90" route="routetop" type="cfm-fast" waiting="0.00" lane="left_0" pos="4.19" speed="29.07" angle="176.99" x="-4.34" y="54.58"/>
        <vehicle id="cfm-fast_1" eclass="HBEFA3/PC_G_EU4" CO2="161340.99" CO="3431.53" HC="19.66" NOx="75.11" PMx="4.26" fuel="69.35" electricity="0.00" noise="135.23" route="routetop" type="cfm-fast" waiting="0.00" lane="left_1" pos="27.88" speed="42.25" angle="134.29" x="21.85" y="13.50"/>
        <vehicle id="cfm-fast_2" eclass="HBEFA3/PC_G_EU4" CO2="28500.33" CO="520.57" HC="3.08" NOx="12.76" PMx="0.71" fuel="12.25" electricity="0.00" noise="83.18" route="routetop" type="cfm-fast" waiting="0.00" lane="left_0" pos="28.52" speed="26.05" angle="133.17" x="20.79" y="10.11"/>
        <vehicle id="cfm-fast_3" eclass="HBEFA3/PC_G_EU4" CO2="18845.91" CO="331.78" HC="1.98" NOx="8.16" PMx="0.46" fuel="8.10" electricity="0.00" noise="77.70" route="routetop" type="cfm-fast" waiting="0.00" lane="left_0" pos="47.39" speed="28.07" angle="99.29" x="57.95" y="-4.71"/>
        <vehicle id="cfm-fast_4" eclass="HBEFA3/PC_G_EU4" CO2="0.00" CO="0.00" HC="0.00" NOx="0.00" PMx="0.00" fuel="0.00" electricity="0.00" noise="71.39" route="routebottom" type="cfm-fast" waiting="0.00" lane="bottom_0" pos="18.29" speed="28.23" angle="61.55" x="100.98" y="6.09"/>
        <vehicle id="cfm-fast_5" eclass="HBEFA3/PC_G_EU4" CO2="163101.86" CO="3475.45" HC="19.91" NOx="75.93" PMx="4.31" fuel="70.11" electricity="0.00" noise="135.44" route="routebottom" type="cfm-fast" waiting="0.00" lane="bottom_1" pos="42.18" speed="42.68" angle="18.55" x="127.00" y="47.75"/>
        <vehicle id="cfm-slow_0" eclass="HBEFA3/PC_G_EU4" CO2="9932.24" CO="129.25" HC="0.83" NOx="4.15" PMx="0.21" fuel="4.27" electricity="0.00" noise="71.69" route="routebottom" type="cfm-slow" waiting="0.00" lane="bottom_0" pos="43.64" speed="19.64" angle="16.06" x="130.90" y="49.97"/>
        <vehicle id="cfm-slow_1" eclass="HBEFA3/PC_G_EU4" CO2="11662.90" CO="164.66" HC="1.04" NOx="4.96" PMx="0.25" fuel="5.01" electricity="0.00" noise="72.83" route="routebottom" type="cfm-slow" waiting="0.00" lane="right_0" pos="9.55" speed="19.82" angle="347.26" x="129.18" y="83.99"/>
        <vehicle id="cfm-slow_2" eclass="HBEFA3/PC_G_EU4" CO2="15598.99" CO="245.23" HC="1.50" NOx="6.80" PMx="0.36" fuel="6.71" electricity="0.00" noise="75.60" route="routebottom" type="cfm-slow" waiting="0.00" lane="right_0" pos="25.66" speed="20.33" angle="318.33" x="111.16" y="113.16"/>
        <vehicle id="cfm-slow_3" eclass="HBEFA3/PC_G_EU4" CO2="22504.50" CO="387.20" HC="2.32" NOx="10.03" PMx="0.54" fuel="9.67" electricity="0.00" noise="80.44" route="routebottom" type="cfm-slow" waiting="0.00" lane="right_0" pos="42.32" speed="21.57" angle="288.40" x="80.12" y="130.27"/>
        <vehicle id="cfm-slow_4" eclass="HBEFA3/PC_G_EU4" CO2="29923.48" CO="543.00" HC="3.22" NOx="13.48" PMx="0.74" fuel="12.86" electricity="0.00" noise="84.85" route="routetop" type="cfm-slow" waiting="0.00" lane="top_0" pos="10.30" speed="23.89" angle="255.96" x="41.80" y="128.70"/>
        <vehicle id="cfm-slow_5" eclass="HBEFA3/PC_G_EU4" CO2="28580.48" CO="526.23" HC="3.11" NOx="12.78" PMx="0.71" fuel="12.29" electricity="0.00" noise="83.01" route="routetop" type="cfm-slow" waiting="0.00" lane="top_0" pos="30.69" speed="26.94" angle="219.26" x="7.31" y="102.80"/>
    </timestep>
    <timestep time="3.14">
        <vehicle id="cfm-fast_0" eclass="HBEFA3/PC_G_EU4" CO2="13986.44" CO="238.02" HC="1.44" NOx="5.85" PMx="0.34" fuel="6.01" electricity="0.00" noise="75.86" route="routetop" type="cfm-fast" waiting="0.00" lane="left_0" pos="4.48" speed="29.08" angle="176.47" x="-4.25" y="53.96"/>
        <vehicle id="cfm-fast_1" eclass="HBEFA3/PC_G_EU4" CO2="161898.61" CO="3445.42" HC="19.74" NOx="75.37" PMx="4.28" fuel="69.59" electricity="0.00" noise="135.29" route="routetop" type="cfm-fast" waiting="0.00" lane="left_1" pos="28.31" speed="42.39" angle="133.57" x="22.52" y="12.94"/>
        <vehicle id="cfm-fast_2" eclass="HBEFA3/PC_G_EU4" CO2="28346.99" CO="517.56" HC="3.06" NOx="12.69" PMx="0.70" fuel="12.18" electricity="0.00" noise="83.07" route="routetop" type="cfm-fast" waiting="0.00" lane="left_0" pos="28.78" speed="26.08" angle="132.69" x="21.23" y="9.76"/>
        <vehicle id="cfm-fast_3" eclass="HBEFA3/PC_G_EU4" CO2="18474.17" CO="324.23" HC="1.94" NOx="7.99" PMx="0.45" fuel="7.94" electricity="0.00" noise="77.53" route="routetop" type="cfm-fast" waiting="0.00" lane="left_0" pos="47.67" speed="28.08" angle="98.80" x="58.56" y="-4.75"/>
        <vehicle id="cfm-fast_4" eclass="HBEFA3/PC_G_EU4" CO2="0.00" CO="0.00" HC="0.00" NOx="0.00" PMx="0.00" fuel="0.00" electricity="0.00" noise="71.37" route="routebottom" type="cfm-fast" waiting="0.00" lane="bottom_0" pos="18.58" speed="28.20" angle="61.03" x="101.48" y="6.43"/>
        <vehicle id="cfm-fast_5" eclass="HBEFA3/PC_G_EU4" CO2="163660.40" CO="3489.41" HC="19.99" NOx="76.19" PMx="4.33" fuel="70.35" electricity="0.00" noise="135.50" route="routebottom" type="cfm-fast" waiting="0.00" lane="bottom_1" pos="42.61" speed="42.82" angle="17.85" x="127.20" y="48.61"/>
        <vehicle id="cfm-slow_0" eclass="HBEFA3/PC_G_EU4" CO2="9900.27" CO="128.57" HC="0.83" NOx="4.13" PMx="0.21" fuel="4.26" electricity="0.00" noise="71.67" route="routebottom" type="cfm-slow" waiting="0.00" lane="bottom_0" pos="43.83" speed="19.65" angle="15.69" x="130.97" y="50.38"/>
        <vehicle id="cfm-slow_1" eclass="HBEFA3/PC_G_EU4" CO2="11651.84" CO="164.42" HC="1.03" NOx="4.95" PMx="0.25" fuel="5.01" electricity="0.00" noise="72.83" route="routebottom" type="cfm-slow" waiting="0.00" lane="right_0" pos="9.75" speed="19.83" angle="346.90" x="129.06" y="84.40"/>
        <vehicle id="cfm-slow_2" eclass="HBEFA3/PC_G_EU4" CO2="15615.39" CO="245.55" HC="1.50" NOx="6.81" PMx="0.36" fuel="6.71" electricity="0.00" noise="75.61" route="routebottom" type="cfm-slow" waiting="0.00" lane="right_0" pos="25.86" speed="20.36" angle="317.96" x="110.84" y="113.46"/>
        <vehicle id="cfm-slow_3" eclass="HBEFA3/PC_G_EU4" CO2="22526.63" CO="387.67" HC="2.32" NOx="10.04" PMx="0.54" fuel="9.68" electricity="0.00" noise="80.45" route="routebottom" type="cfm-slow" waiting="0.00" lane="right_0" pos="42.54" speed="21.61" angle="288.01" x="79.66" y="130.38"/>
        <vehicle id="cfm-slow_4" eclass="HBEFA3/PC_G_EU4" CO2="29871.63" CO="542.02" HC="3.21" NOx="13.46" PMx="0.74" fuel="12.84" electricity="0.00" noise="84.80" route="routetop" type="cfm-slow" waiting="0.00" lane="top_0" pos="10.54" speed="23.93" angle="255.51" x="41.32" y="128.53"/>
        <vehicle id="cfm-slow_5" eclass="HBEFA3/PC_G_EU4" CO2="28396.04" CO="522.60" HC="3.09" NOx="12.69" PMx="0.71" fuel="12.21" electricity="0.00" noise="82.90" route="routetop" type="cfm-slow" waiting="0.00" lane="top_0" pos="30.96" speed="26.98" angle="218.81" x="6.99" y="102.32"/>
    </timestep>
    <timestep time="3.15">
        <vehicle id="cfm-fast_0" eclass="HBEFA3/PC_G_EU4" CO2="13872.92" CO="235.76" HC="1.42" NOx="5.79" PMx="0.33" fuel="5.96" electricity="0.00" noise="75.82" route="routetop" type="cfm-fast" waiting="0.00" lane="left_0" pos="4.77" speed="29.09" angle="175.94" x="-4.16" y="53.34"/>
        <vehicle id="cfm-fast_1" eclass="HBEFA3/PC_G_EU4" CO2="162456.52" CO="3459.34" HC="19.82" NOx="75.63" PMx="4.29" fuel="69.83" electricity="0.00" noise="135.36" route="routetop" type="cfm-fast" waiting="0.00" lane="left_1" pos="28.73" speed="42.52" angle="132.78" x="23.21" y="12.41"/>
        <vehicle id="cfm-fast_2" eclass="HBEFA3/PC_G_EU4" CO2="28192.07" CO="514.51" HC="3.04" NOx="12.61" PMx="0.70" fuel="12.12" electricity="0.00" noise="82.97" route="routetop" type="cfm-fast" waiting="0.00" lane="left_0" pos="29.04" speed="26.12" angle="132.20" x="21.67" y="9.42"/>
        <vehicle id="cfm-fast_3" eclass="HBEFA3/PC_G_EU4" CO2="18104.15" CO="316.71" HC="1.90" NOx="7.81" PMx="0.44" fuel="7.78" electricity="0.00" noise="77.36" route="routetop" type="cfm-fast" waiting="0.00" lane="left_0" pos="47.95" speed="28.10" angle="98.26" x="59.16" y="-4.79"/>
        <vehicle id="cfm-fast_4" eclass="HBEFA3/PC_G_EU4" CO2="0.00" CO="0.00" HC="0.00" NOx="0.00" PMx="0.00" fuel="0.00" electricity="0.00" noise="71.35" route="routebottom" type="cfm-fast" waiting="0.00" lane="bottom_0" pos="18.86" speed="28.18" angle="60.50" x="101.99" y="6.77"/>
        <vehicle id="cfm-fast_5" eclass="HBEFA3/PC_G_EU4" CO2="164219.23" CO="3503.39" HC="20.06" NOx="76.45" PMx="4.34" fuel="70.59" electricity="0.00" noise="135.57" route="routebottom" type="cfm-fast" waiting="0.00" lane="bottom_1" pos="43.03" speed="42.95" angle="17.10" x="127.40" y="49.46"/>
        <vehicle id="cfm-slow_0" eclass="HBEFA3/PC_G_EU4" CO2="9868.88" CO="127.91" HC="0.82" NOx="4.12" PMx="0.21" fuel="4.24" electricity="0.00" noise="71.65" route="routebottom" type="cfm-slow" waiting="0.00" lane="bottom_0" pos="44.03" speed="19.66" angle="15.31" x="131.05" y="50.80"/>
        <vehicle id="cfm-slow_1" eclass="HBEFA3/PC_G_EU4" CO2="11641.41" CO="164.18" HC="1.03" NOx="4.95" PMx="0.25" fuel="5.00" electricity="0.00" noise="72.82" route="routebottom" type="cfm-slow" waiting="0.00" lane="right_0" pos="9.95" speed="19.85" angle="346.54" x="128.93" y="84.81"/>
        <vehicle id="cfm-slow_2" eclass="HBEFA3/PC_G_EU4" CO2="15632.20" CO="245.89" HC="1.50" NOx="6.82" PMx="0.36" fuel="6.72" electricity="0.00" noise="75.62" route="routebottom" type="cfm-slow" waiting="0.00" lane="right_0" pos="26.07" speed="20.38" angle="317.58" x="110.52" y="113.76"/>
        <vehicle id="cfm-slow_3" eclass="HBEFA3/PC_G_EU4" CO2="22548.48" CO="388.13" HC="2.33" NOx="10.05" PMx="0.54" fuel="9.69" electricity="0.00" noise="80.45" route="routebottom" type="cfm-slow" waiting="0.00" lane="right_0" pos="42.75" speed="21.64" angle="287.62" x="79.21" y="130.48"/>
        <vehicle id="cfm-slow_4" eclass="HBEFA3/PC_G_EU4" CO2="29818.89" CO="541.03" HC="3.20" NOx="13.43" PMx="0.73" fuel="12.82" electricity="0.00" noise="84.75" route="routetop" type="cfm-slow" waiting="0.00" lane="top_0" pos="10.78" speed="23.97" angle="255.06" x="40.83" y="128.35"/>
        <vehicle id="cfm-slow_5" eclass="HBEFA3/PC_G_EU4" CO2="28212.32" CO="518.98" HC="3.07" NOx="12.60" PMx="0.70" fuel="12.13" electricity="0.00" noise="82.78" route="routetop" type="cfm-slow" waiting="0.00" lane="top_0" pos="31.23" speed="27.01" angle="218.32" x="6.66" y="101.84"/>
    </timestep>
    <timestep time="3.16">
        <vehicle id="cfm-fast_0" eclass="HBEFA3/PC_G_EU4" CO2="13761.04" CO="233.52" HC="1.41" NOx="5.74" PMx="0.33" fuel="5.92" electricity="0.00" noise="75.78" route="routetop" type="cfm-fast" waiting="0.00" lane="left_0" pos="5.06" speed="29.10" angle="175.37" x="-4.08" y="52.72"/>
        <vehicle id="cfm-fast_1" eclass="HBEFA3/PC_G_EU4" CO2="163014.72" CO="3473.27" HC="19.90" NOx="75.89" PMx="4.31" fuel="70.07" electricity="0.00" noise="135.43" route="routetop" type="cfm-fast" waiting="0.00" lane="left_1" pos="29.16" speed="42.66" angle="131.99" x="23.90" y="11.87"/>
        <vehicle id="cfm-fast_2" eclass="HBEFA3/PC_G_EU4" CO2="28035.57" CO="511.44" HC="3.03" NOx="12.54" PMx="0.69" fuel="12.05" electricity="0.00" noise="82.87" route="routetop" type="cfm-fast" waiting="0.00" lane="left_0" pos="29.30" speed="26.15" angle="131.72" x="22.12" y="9.07"/>
        <vehicle id="cfm-fast_3" eclass="HBEFA3/PC_G_EU4" CO2="17735.90" CO="309.23" HC="1.85" NOx="7.64" PMx="0.43" fuel="7.62" electricity="0.00" noise="77.20" route="routetop" type="cfm-fast" waiting="0.00" lane="left_0" pos="48.23" speed="28.12" angle="97.72" x="59.77" y="-4.82"/>
        <vehicle id="cfm-fast_4" eclass="HBEFA3/PC_G_EU4" CO2="0.00" CO="0.00" HC="0.00" NOx="0.00" PMx="0.00" fuel="0.00" electricity="0.00" noise="71.34" route="routebottom" type="cfm-fast" waiting="0.00" lane="bottom_0" pos="19.14" speed="28.16" angle="60.00" x="102.49" y="7.10"/>
        <vehicle id="cfm-fast_5" eclass="HBEFA3/PC_G_EU4" CO2="164778.36" CO="3517.40" HC="20.14" NOx="76.72" PMx="4.36" fuel="70.83" electricity="0.00" noise="135.63" route="routebottom" type="cfm-fast" waiting="0.00" lane="bottom_1" pos="43.47" speed="43.09" angle="16.34" x="127.60" y="50.33"/>
        <vehicle id="cfm-slow_0" eclass="HBEFA3/PC_G_EU4" CO2="9838.06" CO="127.26" HC="0.82" NOx="4.10" PMx="0.21" fuel="4.23" electricity="0.00" noise="71.64" route="routebottom" type="cfm-slow" waiting="0.00" lane="bottom_0" pos="44.23" speed="19.67" angle="14.94" x="131.12" y="51.22"/>
        <vehicle id="cfm-slow_1" eclass="HBEFA3/PC_G_EU4" CO2="11631.61" CO="163.96" HC="1.03" NOx="4.94" PMx="0.25" fuel="5.00" electricity="0.00" noise="72.82" route="routebottom" type="cfm-slow" waiting="0.00" lane="right_0" pos="10.14" speed="19.87" angle="346.21" x="128.81" y="85.22"/>
        <vehicle id="cfm-slow_2" eclass="HBEFA3/PC_G_EU4" CO2="15649.43" CO="246.22" HC="1.51" NOx="6.83" PMx="0.36" fuel="6.73" electricity="0.00" noise="75.63" route="routebottom" type="cfm-slow" waiting="0.00" lane="right_0" pos="26.27" speed="20.40" angle="317.21" x="110.20" y="114.06"/>
        <vehicle id="cfm-slow_3" eclass="HBEFA3/PC_G_EU4" CO2="22570.04" CO="388.59" HC="2.33" NOx="10.06" PMx="0.54" fuel="9.70" electricity="0.00" noise="80.46" route="routebottom" type="cfm-slow" waiting="0.00" lane="right_0" pos="42.97" speed="21.67" angle="287.22" x="78.76" y="130.58"/>
        <vehicle id="cfm-slow_4" eclass="HBEFA3/PC_G_EU4" CO2="29765.28" CO="540.03" HC="3.20" NOx="13.40" PMx="0.73" fuel="12.79" electricity="0.00" noise="84.69" route="routetop" type="cfm-slow" waiting="0.00" lane="top_0" pos="11.02" speed="24.01" angle="254.60" x="40.35" y="128.18"/>
        <vehicle id="cfm-slow_5" eclass="HBEFA3/PC_G_EU4" CO2="28029.32" CO="515.37" HC="3.05" NOx="12.52" PMx="0.70" fuel="12.05" electricity="0.00" noise="82.67" route="routetop" type="cfm-slow" waiting="0.00" lane="top_0" pos="31.50" speed="27.04" angle="217.84" x="6.34" y="101.35"/>
    </timestep>
    <timestep time="3.17">
        <vehicle id="cfm-fast_0" eclass="HBEFA3/PC_G_EU4" CO2="13650.77" CO="231.33" HC="1.40" NOx="5.69" PMx="0.33" fuel="5.87" electricity="0.00" noise="75.74" route="routetop" type="cfm-fast" waiting="0.00" lane="left_0" pos="5.35" speed="29.11" angle="174.85" x="-3.97" y="52.10"/>
        <vehicle id="cfm-fast_1" eclass="HBEFA3/PC_G_EU4" CO2="163573.22" CO="3487.23" HC="19.97" NOx="76.15" PMx="4.33" fuel="70.31" electricity="0.00" noise="135.49" route="routetop" type="cfm-fast" waiting="0.00" lane="left_1" pos="29.59" speed="42.80" angle="131.26" x="24.59" y="11.33"/>
        <vehicle id="cfm-fast_2" eclass="HBEFA3/PC_G_EU4" CO2="27877.52" CO="508.32" HC="3.01" NOx="12.46" PMx="0.69" fuel="11.98" electricity="0.00" noise="82.76" route="routetop" type="cfm-fast" waiting="0.00" lane="left_0" pos="29.56" speed="26.18" angle="131.30" x="22.56" y="8.73"/>
        <vehicle id="cfm-fast_3" eclass="HBEFA3/PC_G_EU4" CO2="17369.46" CO="301.78" HC="1.81" NOx="7.46" PMx="0.42" fuel="7.47" electricity="0.00" noise="77.04" route="routetop" type="cfm-fast" waiting="0.00" lane="left_0" pos="48.51" speed="28.14" angle="97.17" x="60.37" y="-4.86"/>
        <vehicle id="cfm-fast_4" eclass="HBEFA3/PC_G_EU4" CO2="0.00" CO="0.00" HC="0.00" NOx="0.00" PMx="0.00" fuel="0.00" electricity="0.00" noise="71.32" route="routebottom" type="cfm-fast" waiting="0.00" lane="bottom_0" pos="19.42" speed="28.13" angle="59.51" x="102.99" y="7.45"/>
        <vehicle id="cfm-fast_5" eclass="HBEFA3/PC_G_EU4" CO2="165337.78" CO="3531.42" HC="20.22" NOx="76.98" PMx="4.37" fuel="71.07" electricity="0.00" noise="135.70" route="routebottom" type="cfm-fast" waiting="0.00" lane="bottom_1" pos="43.90" speed="43.23" angle="15.57" x="127.77" y="51.20"/>
        <vehicle id="cfm-slow_0" eclass="HBEFA3/PC_G_EU4" CO2="9807.83" CO="126.62" HC="0.82" NOx="4.09" PMx="0.21" fuel="4.22" electricity="0.00" noise="71.62" route="routebottom" type="cfm-slow" waiting="0.00" lane="bottom_0" pos="44.42" speed="19.69" angle="14.57" x="131.20" y="51.63"/>
        <vehicle id="cfm-slow_1" eclass="HBEFA3/PC_G_EU4" CO2="11622.43" CO="163.76" HC="1.03" NOx="4.94" PMx="0.25" fuel="5.00" electricity="0.00" noise="72.82" route="routebottom" type="cfm-slow" waiting="0.00" lane="right_0" pos="10.34" speed="19.88" angle="345.88" x="128.67" y="85.62"/>
        <vehicle id="cfm-slow_2" eclass="HBEFA3/PC_G_EU4" CO2="15667.06" CO="246.57" HC="1.51" NOx="6.83" PMx="0.36" fuel="6.73" electricity="0.00" noise="75.64" route="routebottom" type="cfm-slow" waiting="0.00" lane="right_0" pos="26.47" speed="20.43" angle="316.84" x="109.88" y="114.36"/>
        <vehicle id="cfm-slow_3" eclass="HBEFA3/PC_G_EU4" CO2="22591.31" CO="389.04" HC="2.33" NOx="10.07" PMx="0.54" fuel="9.71" electricity="0.00" noise="80.46" route="routebottom" type="cfm-slow" waiting="0.00" lane="right_0" pos="43.19" speed="21.71" angle="286.83" x="78.30" y="130.68"/>
        <vehicle id="cfm-slow_4" eclass="HBEFA3/PC_G_EU4" CO2="29710.80" CO="539.01" HC="3.19" NOx="13.38" PMx="0.73" fuel="12.77" electricity="0.00" noise="84.64" route="routetop" type="cfm-slow" waiting="0.00" lane="top_0" pos="11.26" speed="24.05" angle="254.15" x="39.86" y="128.00"/>
        <vehicle id="cfm-slow_5" eclass="HBEFA3/PC_G_EU4" CO2="27847.05" CO="511.78" HC="3.02" NOx="12.43" PMx="0.69" fuel="11.97" electricity="0.00" noise="82.55" route="routetop" type="cfm-slow" waiting="0.00" lane="top_0" pos="31.77" speed="27.08" angle="217.35" x="6.02" y="100.87"/>
    </timestep>
    <timestep time="3.18">
        <vehicle id="cfm-fast_0" eclass="HBEFA3/PC_G_EU4" CO2="13542.05" CO="229.16" HC="1.38" NOx="5.64" PMx="0.33" fuel="5.82" electricity="0.00" noise="75.71" route="routetop" type="cfm-fast" waiting="0.00" lane="left_0" pos="5.65" speed="29.12" angle="174.32" x="-3.85" y="51.49"/>
        <vehicle id="cfm-fast_1" eclass="HBEFA3/PC_G_EU4" CO2="164132.01" CO="3501.21" HC="20.05" NOx="76.41" PMx="4.34" fuel="70.55" electricity="0.00" noise="135.56" route="routetop" type="cfm-fast" waiting="0.00" lane="left_1" pos="30.02" speed="42.93" angle="130.46" x="25.31" y="10.82"/>
        <vehicle id="cfm-fast_2" eclass="HBEFA3/PC_G_EU4" CO2="27717.94" CO="505.18" HC="2.99" NOx="12.39" PMx="0.69" fuel="11.91" electricity="0.00" noise="82.66" route="routetop" type="cfm-fast" waiting="0.00" lane="left_0" pos="29.82" speed="26.22" angle="130.82" x="23.02" y="8.40"/>
        <vehicle id="cfm-fast_3" eclass="HBEFA3/PC_G_EU4" CO2="17004.88" CO="294.37" HC="1.77" NOx="7.29" PMx="0.41" fuel="7.31" electricity="0.00" noise="76.88" route="routetop" type="cfm-fast" waiting="0.00" lane="left_0" pos="48.79" speed="28.15" angle="96.71" x="60.97" y="-4.89"/>
        <vehicle id="cfm-fast_4" eclass="HBEFA3/PC_G_EU4" CO2="0.00" CO="0.00" HC="0.00" NOx="0.00" PMx="0.00" fuel="0.00" electricity="0.00" noise="71.30" route="routebottom" type="cfm-fast" waiting="0.00" lane="bottom_0" pos="19.70" speed="28.11" angle="58.99" x="103.48" y="7.80"/>
        <vehicle id="cfm-fast_5" eclass="HBEFA3/PC_G_EU4" CO2="165897.49" CO="3545.47" HC="20.30" NOx="77.24" PMx="4.39" fuel="71.31" electricity="0.00" noise="135.76" route="routebottom" type="cfm-fast" waiting="0.00" lane="bottom_1" pos="44.33" speed="43.36" angle="14.73" x="127.93" y="52.07"/>
        <vehicle id="cfm-slow_0" eclass="HBEFA3/PC_G_EU4" CO2="9778.16" CO="125.99" HC="0.81" NOx="4.07" PMx="0.20" fuel="4.20" electricity="0.00" noise="71.61" route="routebottom" type="cfm-slow" waiting="0.00" lane="bottom_0" pos="44.62" speed="19.70" angle="14.20" x="131.28" y="52.05"/>
        <vehicle id="cfm-slow_1" eclass="HBEFA3/PC_G_EU4" CO2="11613.87" CO="163.56" HC="1.03" NOx="4.93" PMx="0.25" fuel="4.99" electricity="0.00" noise="72.81" route="routebottom" type="cfm-slow" waiting="0.00" lane="right_0" pos="10.54" speed="19.90" angle="345.50" x="128.52" y="86.02"/>
        <vehicle id="cfm-slow_2" eclass="HBEFA3/PC_G_EU4" CO2="15685.08" CO="246.93" HC="1.51" NOx="6.84" PMx="0.36" fuel="6.74" electricity="0.00" noise="75.65" route="routebottom" type="cfm-slow" waiting="0.00" lane="right_0" pos="26.68" speed="20.45" angle="316.47" x="109.55" y="114.66"/>
        <vehicle id="cfm-slow_3" eclass="HBEFA3/PC_G_EU4" CO2="22612.29" CO="389.49" HC="2.33" NOx="10.08" PMx="0.54" fuel="9.72" electricity="0.00" noise="80.47" route="routebottom" type="cfm-slow" waiting="0.00" lane="right_0" pos="43.41" speed="21.74" angle="286.43" x="77.84" y="130.79"/>
        <vehicle id="cfm-slow_4" eclass="HBEFA3/PC_G_EU4" CO2="29655.48" CO="537.97" HC="3.19" NOx="13.35" PMx="0.73" fuel="12.75" electricity="0.00" noise="84.58" route="routetop" type="cfm-slow" waiting="0.00" lane="top_0" pos="11.50" speed="24.09" angle="253.75" x="39.37" y="127.83"/>
        <vehicle id="cfm-slow_5" eclass="HBEFA3/PC_G_EU4" CO2="27665.53" CO="508.20" HC="3.00" NOx="12.34" PMx="0.69" fuel="11.89" electricity="0.00" noise="82.44" route="routetop" type="cfm-slow" waiting="0.00" lane="top_0" pos="32.04" speed="27.11" angle="216.91" x="5.70" y="100.38"/>
    </timestep>
    <timestep time="3.19">
        <vehicle id="cfm-fast_0" eclass="HBEFA3/PC_G_EU4" CO2="13434.84" CO="227.02" HC="1.37" NOx="5.58" PMx="0.32" fuel="5.77" electricity="0.00" noise="75.67" route="routetop" type="cfm-fast" waiting="0.00" lane="left_0" pos="5.94" speed="29.13" angle="173.78" x="-3.74" y="50.87"/>
        <vehicle id="cfm-fast_1" eclass="HBEFA3/PC_G_EU4" CO2="164691.09" CO="3515.21" HC="20.13" NOx="76.68" PMx="4.36" fuel="70.79" electricity="0.00" noise="135.62" route="routetop" type="cfm-fast" waiting="0.00" lane="left_1" pos="30.45" speed="43.07" angle="129.65" x="26.02" y="10.30"/>
        <vehicle id="cfm-fast_2" eclass="HBEFA3/PC_G_EU4" CO2="27556.87" CO="502.01" HC="2.97" NOx="12.31" PMx="0.68" fuel="11.85" electricity="0.00" noise="82.55" route="routetop" type="cfm-fast" waiting="0.00" lane="left_0" pos="30.09" speed="26.25" angle="130.33" x="23.48" y="8.07"/>
        <vehicle id="cfm-fast_3" eclass="HBEFA3/PC_G_EU4" CO2="16642.20" CO="287.00" HC="1.72" NOx="7.12" PMx="0.40" fuel="7.15" electricity="0.00" noise="76.72" route="routetop" type="cfm-fast" waiting="0.00" lane="left_0" pos="49.08" speed="28.17" angle="96.19" x="61.58" y="-4.91"/>
        <vehicle id="cfm-fast_4" eclass="HBEFA3/PC_G_EU4" CO2="0.00" CO="0.00" HC="0.00" NOx="0.00" PMx="0.00" fuel="0.00" electricity="0.00" noise="71.29" route="routebottom" type="cfm-fast" waiting="0.00" lane="bottom_0" pos="19.98" speed="28.09" angle="58.47" x="103.97" y="8.16"/>
        <vehicle id="cfm-fast_5" eclass="HBEFA3/PC_G_EU4" CO2="166457.49" CO="3559.54" HC="20.38" NOx="77.50" PMx="4.41" fuel="71.55" electricity="0.00" noise="135.83" route="routebottom" type="cfm-fast" waiting="0.00" lane="bottom_1" pos="44.77" speed="43.50" angle="13.89" x="128.09" y="52.95"/>
        <vehicle id="cfm-slow_0" eclass="HBEFA3/PC_G_EU4" CO2="9749.07" CO="125.38" HC="0.81" NOx="4.06" PMx="0.20" fuel="4.19" electricity="0.00" noise="71.59" route="routebottom" type="cfm-slow" waiting="0.00" lane="bottom_0" pos="44.82" speed="19.71" angle="13.85" x="131.35" y="52.47"/>
        <vehicle id="cfm-slow_1" eclass="HBEFA3/PC_G_EU4" CO2="11605.93" CO="163.38" HC="1.03" NOx="4.93" PMx="0.25" fuel="4.99" electricity="0.00" noise="72.81" route="routebottom" type="cfm-slow" waiting="0.00" lane="right_0" pos="10.74" speed="19.91" angle="345.12" x="128.38" y="86.43"/>
        <vehicle id="cfm-slow_2" eclass="HBEFA3/PC_G_EU4" CO2="15703.49" CO="247.30" HC="1.51" NOx="6.85" PMx="0.36" fuel="6.75" electricity="0.00" noise="75.66" route="routebottom" type="cfm-slow" waiting="0.00" lane="right_0" pos="26.88" speed="20.47" angle="316.14" x="109.23" y="114.96"/>
        <vehicle id="cfm-slow_3" eclass="HBEFA3/PC_G_EU4" CO2="22632.96" CO="389.93" HC="2.34" NOx="10.09" PMx="0.54" fuel="9.73" electricity="0.00" noise="80.47" route="routebottom" type="cfm-slow" waiting="0.00" lane="right_0" pos="43.62" speed="21.77" angle="286.09" x="77.39" y="130.89"/>
        <vehicle id="cfm-slow_4" eclass="HBEFA3/PC_G_EU4" CO2="29599.32" CO="536.91" HC="3.18" NOx="13.32" PMx="0.73" fuel="12.72" electricity="0.00" noise="84.53" route="routetop" type="cfm-slow" waiting="0.00" lane="top_0" pos="11.74" speed="24.13" angle="253.32" x="38.89" y="127.63"/>
        <vehicle id="cfm-slow_5" eclass="HBEFA3/PC_G_EU4" CO2="27484.77" CO="504.64" HC="2.98" NOx="12.26" PMx="0.68" fuel="11.81" electricity="0.00" noise="82.33" route="routetop" type="cfm-slow" waiting="0.00" lane="top_0" pos="32.31" speed="27.14" angle="216.41" x="5.39" y="99.88"/>
    </timestep>
    <timestep time="3.20">
        <vehicle id="cfm-fast_0" eclass="HBEFA3/PC_G_EU4" CO2="13329.11" CO="224.91" HC="1.36" NOx="5.53" PMx="0.32" fuel="5.73" electricity="0.00" noise="75.64" route="routetop" type="cfm-fast" waiting="0.00" lane="left_0" pos="6.23" speed="29.14" angle="173.25" x="-3.63" y="50.25"/>
        <vehicle id="cfm-fast_1" eclass="HBEFA3/PC_G_EU4" CO2="165250.46" CO="3529.23" HC="20.21" NOx="76.94" PMx="4.37" fuel="71.03" electricity="0.00" noise="135.69" route="routetop" type="cfm-fast" waiting="0.00" lane="left_1" pos="30.88" speed="43.21" angle="128.92" x="26.75" y="9.79"/>
        <vehicle id="cfm-fast_2" eclass="HBEFA3/PC_G_EU4" CO2="27394.31" CO="498.80" HC="2.95" NOx="12.23" PMx="0.68" fuel="11.78" electricity="0.00" noise="82.44" route="routetop" type="cfm-fast" waiting="0.00" lane="left_0" pos="30.35" speed="26.28" angle="129.85" x="23.94" y="7.74"/>
        <vehicle id="cfm-fast_3" eclass="HBEFA3/PC_G_EU4" CO2="16281.47" CO="279.66" HC="1.68" NOx="6.95" PMx="0.39" fuel="7.00" electricity="0.00" noise="76.57" route="routetop" type="cfm-fast" waiting="0.00" lane="left_0" pos="49.36" speed="28.18" angle="95.68" x="62.19" y="-4.92"/>
        <vehicle id="cfm-fast_4" eclass="HBEFA3/PC_G_EU4" CO2="0.00" CO="0.00" HC="0.00" NOx="0.00" PMx="0.00" fuel="0.00" electricity="0.00" noise="71.27" route="routebottom" type="cfm-fast" waiting="0.00" lane="bottom_0" pos="20.26" speed="28.06" angle="57.95" x="104.46" y="8.51"/>
        <vehicle id="cfm-fast_5" eclass="HBEFA3/PC_G_EU4" CO2="167017.78" CO="3573.63" HC="20.45" NOx="77.76" PMx="4.42" fuel="71.79" electricity="0.00" noise="135.90" route="routebottom" type="cfm-fast" waiting="0.00" lane="bottom_1" pos="45.20" speed="43.64" angle="13.14" x="128.22" y="53.83"/>
        <vehicle id="cfm-slow_0" eclass="HBEFA3/PC_G_EU4" CO2="9720.54" CO="124.78" HC="0.81" NOx="4.05" PMx="0.20" fuel="4.18" electricity="0.00" noise="71.58" route="routebottom" type="cfm-slow" waiting="0.00" lane="bottom_0" pos="45.01" speed="19.73" angle="13.53" x="131.42" y="52.89"/>
        <vehicle id="cfm-slow_1" eclass="HBEFA3/PC_G_EU4" CO2="11598.59" CO="163.22" HC="1.03" NOx="4.93" PMx="0.25" fuel="4.99" electricity="0.00" noise="72.81" route="routebottom" type="cfm-slow" waiting="0.00" lane="right_0" pos="10.94" speed="19.93" angle="344.74" x="128.23" y="86.83"/>
        <vehicle id="cfm-slow_2" eclass="HBEFA3/PC_G_EU4" CO2="15722.28" CO="247.67" HC="1.51" NOx="6.86" PMx="0.36" fuel="6.76" electricity="0.00" noise="75.67" route="routebottom" type="cfm-slow" waiting="0.00" lane="right_0" pos="27.09" speed="20.50" angle="315.77" x="108.90" y="115.24"/>
        <vehicle id="cfm-slow_3" eclass="HBEFA3/PC_G_EU4" CO2="22653.32" CO="390.37" HC="2.34" NOx="10.10" PMx="0.54" fuel="9.74" electricity="0.00" noise="80.48" route="routebottom" type="cfm-slow" waiting="0.00" lane="right_0" pos="43.84" speed="21.81" angle="285.67" x="76.92" y="130.97"/>
        <vehicle id="cfm-slow_4" eclass="HBEFA3/PC_G_EU4" CO2="29542.33" CO="535.84" HC="3.17" NOx="13.30" PMx="0.73" fuel="12.70" electricity="0.00" noise="84.47" route="routetop" type="cfm-slow" waiting="0.00" lane="top_0" pos="11.98" speed="24.17" angle="252.88" x="38.41" y="127.44"/>
        <vehicle id="cfm-slow_5" eclass="HBEFA3/PC_G_EU4" CO2="27304.77" CO="501.09" HC="2.96" NOx="12.17" PMx="0.68" fuel="11.74" electricity="0.00" noise="82.22" route="routetop" type="cfm-slow" waiting="0.00" lane="top_0" pos="32.58" speed="27.17" angle="215.89" x="5.09" y="99.38"/>
    </timestep>
    <timestep time="3.21">
        <vehicle id="cfm-fast_0" eclass="HBEFA3/PC_G_EU4" CO2="13224.81" CO="222.83" HC="1.35" NOx="5.49" PMx="0.32" fuel="5.68" electricity="0.00" noise="75.60" route="routetop" type="cfm-fast" waiting="0.00" lane="left_0" pos="6.52" speed="29.15" angle="172.76" x="-3.50" y="49.64"/>
        <vehicle id="cfm-fast_1" eclass="HBEFA3/PC_G_EU4" CO2="165810.12" CO="3543.27" HC="20.28" NOx="77.20" PMx="4.39" fuel="71.27" electricity="0.00" noise="135.75" route="routetop" type="cfm-fast" waiting="0.00" lane="left_1" pos="31.31" speed="43.34" angle="128.14" x="27.49" y="9.30"/>
        <vehicle id="cfm-fast_2" eclass="HBEFA3/PC_G_EU4" CO2="27230.31" CO="495.57" HC="2.93" NOx="12.16" PMx="0.67" fuel="11.70" electricity="0.00" noise="82.34" route="routetop" type="cfm-fast" waiting="0.00" lane="left_0" pos="30.61" speed="26.32" angle="129.37" x="24.40" y="7.40"/>
        <vehicle id="cfm-fast_3" eclass="HBEFA3/PC_G_EU4" CO2="15922.72" CO="272.36" HC="1.64" NOx="6.78" PMx="0.38" fuel="6.84" electricity="0.00" noise="76.42" route="routetop" type="cfm-fast" waiting="0.00" lane="left_0" pos="49.64" speed="28.20" angle="95.16" x="62.79" y="-4.93"/>
        <vehicle id="cfm-fast_4" eclass="HBEFA3/PC_G_EU4" CO2="0.00" CO="0.00" HC="0.00" NOx="0.00" PMx="0.00" fuel="0.00" electricity="0.00" noise="71.25" route="routebottom" type="cfm-fast" waiting="0.00" lane="bottom_0" pos="20.54" speed="28.04" angle="57.50" x="104.95" y="8.86"/>
        <vehicle id="cfm-fast_5" eclass="HBEFA3/PC_G_EU4" CO2="167578.37" CO="3587.74" HC="20.53" NOx="78.02" PMx="4.44" fuel="72.03" electricity="0.00" noise="135.96" route="routebottom" type="cfm-fast" waiting="0.00" lane="bottom_1" pos="45.64" speed="43.77" angle="12.34" x="128.35" y="54.72"/>
        <vehicle id="cfm-slow_0" eclass="HBEFA3/PC_G_EU4" CO2="9692.58" CO="124.18" HC="0.80" NOx="4.03" PMx="0.20" fuel="4.17" electricity="0.00" noise="71.56" route="routebottom" type="cfm-slow" waiting="0.00" lane="bottom_0" pos="45.21" speed="19.74" angle="13.18" x="131.48" y="53.31"/>
        <vehicle id="cfm-slow_1" eclass="HBEFA3/PC_G_EU4" CO2="11591.86" CO="163.06" HC="1.03" NOx="4.92" PMx="0.25" fuel="4.98" electricity="0.00" noise="72.80" route="routebottom" type="cfm-slow" waiting="0.00" lane="right_0" pos="11.14" speed="19.95" angle="344.36" x="128.08" y="87.23"/>
        <vehicle id="cfm-slow_2" eclass="HBEFA3/PC_G_EU4" CO2="15741.44" CO="248.05" HC="1.52" NOx="6.87" PMx="0.36" fuel="6.77" electricity="0.00" noise="75.69" route="routebottom" type="cfm-slow" waiting="0.00" lane="right_0" pos="27.29" speed="20.52" angle="315.39" x="108.56" y="115.53"/>
        <vehicle id="cfm-slow_3" eclass="HBEFA3/PC_G_EU4" CO2="22673.36" CO="390.80" HC="2.34" NOx="10.11" PMx="0.54" fuel="9.75" electricity="0.00" noise="80.48" route="routebottom" type="cfm-slow" waiting="0.00" lane="right_0" pos="44.06" speed="21.84" angle="285.26" x="76.46" y="131.06"/>
        <vehicle id="cfm-slow_4" eclass="HBEFA3/PC_G_EU4" CO2="29484.51" CO="534.75" HC="3.17" NOx="13.27" PMx="0.73" fuel="12.67" electricity="0.00" noise="84.42" route="routetop" type="cfm-slow" waiting="0.00" lane="top_0" pos="12.22" speed="24.21" angle="252.44" x="37.92" y="127.25"/>
        <vehicle id="cfm-slow_5" eclass="HBEFA3/PC_G_EU4" CO2="27125.55" CO="497.56" HC="2.94" NOx="12.09" PMx="0.67" fuel="11.66" electricity="0.00" noise="82.11" route="routetop" type="cfm-slow" waiting="0.00" lane="top_0" pos="32.86" speed="27.20" angle="215.38" x="4.79" y="98.88"/>
    </timestep>
    <timestep time="3.22">
        <vehicle id="cfm-fast_0" eclass="HBEFA3/PC_G_EU4" CO2="13121.89" CO="220.78" HC="1.34" NOx="5.44" PMx="0.31" fuel="5.64" electricity="0.00" noise="75.57" route="routetop" type="cfm-fast" waiting="0.00" lane="left_0" pos="6.81" speed="29.16" angle="172.20" x="-3.36" y="49.03"/>
        <vehicle id="cfm-fast_1" eclass="HBEFA3/PC_G_EU4" CO2="166370.08" CO="3557.34" HC="20.36" NOx="77.46" PMx="4.40" fuel="71.51" electricity="0.00" noise="135.82" route="routetop" type="cfm-fast" waiting="0.00" lane="left_1" pos="31.75" speed="43.48" angle="127.35" x="28.23" y="8.81"/>
        <vehicle id="cfm-fast_2" eclass="HBEFA3/PC_G_EU4" CO2="27064.87" CO="492.30" HC="2.92" NOx="12.08" PMx="0.67" fuel="11.63" electricity="0.00" noise="82.23" route="routetop" type="cfm-fast" waiting="0.00" lane="left_0" pos="30.88" speed="26.35" angle="128.95" x="24.86" y="7.08"/>
        <vehicle id="cfm-fast_3" eclass="HBEFA3/PC_G_EU4" CO2="15566.00" CO="265.10" HC="1.60" NOx="6.61" PMx="0.37" fuel="6.69" electricity="0.00" noise="76.27" route="routetop" type="cfm-fast" waiting="0.00" lane="left_0" pos="49.92" speed="28.21" angle="94.66" x="63.40" y="-4.95"/>
        <vehicle id="cfm-fast_4" eclass="HBEFA3/PC_G_EU4" CO2="0.00" CO="0.00" HC="0.00" NOx="0.00" PMx="0.00" fuel="0.00" electricity="0.00" noise="71.24" route="routebottom" type="cfm-fast" waiting="0.00" lane="bottom_0" pos="20.82" speed="28.02" angle="57.00" x="105.42" y="9.23"/>
        <vehicle id="cfm-fast_5" eclass="HBEFA3/PC_G_EU4" CO2="168139.24" CO="3601.87" HC="20.61" NOx="78.29" PMx="4.45" fuel="72.27" electricity="0.00" noise="136.03" route="routebottom" type="cfm-fast" waiting="0.00" lane="bottom_1" pos="46.08" speed="43.91" angle="11.56" x="128.47" y="55.61"/>
        <vehicle id="cfm-slow_0" eclass="HBEFA3/PC_G_EU4" CO2="9665.18" CO="123.61" HC="0.80" NOx="4.02" PMx="0.20" fuel="4.15" electricity="0.00" noise="71.55" route="routebottom" type="cfm-slow" waiting="0.00" lane="bottom_0" pos="45.41" speed="19.75" angle="12.82" x="131.54" y="53.73"/>
        <vehicle id="cfm-slow_1" eclass="HBEFA3/PC_G_EU4" CO2="11585.73" CO="162.92" HC="1.03" NOx="4.92" PMx="0.25" fuel="4.98" electricity="0.00" noise="72.80" route="routebottom" type="cfm-slow" waiting="0.00" lane="right_0" pos="11.34" speed="19.96" angle="343.98" x="127.94" y="87.64"/>
        <vehicle id="cfm-slow_2" eclass="HBEFA3/PC_G_EU4" CO2="15760.96" CO="248.44" HC="1.52" NOx="6.88" PMx="0.36" fuel="6.77" electricity="0.00" noise="75.70" route="routebottom" type="cfm-slow" waiting="0.00" lane="right_0" pos="27.50" speed="20.54" angle="315.00" x="108.22" y="115.82"/>
        <vehicle id="cfm-slow_3" eclass="HBEFA3/PC_G_EU4" CO2="22693.07" CO="391.23" HC="2.34" NOx="10.12" PMx="0.54" fuel="9.75" electricity="0.00" noise="80.48" route="routebottom" type="cfm-slow" waiting="0.00" lane="right_0" pos="44.28" speed="21.87" angle="284.84" x="76.00" y="131.14"/>
        <vehicle id="cfm-slow_4" eclass="HBEFA3/PC_G_EU4" CO2="29425.89" CO="533.65" HC="3.16" NOx="13.24" PMx="0.72" fuel="12.65" electricity="0.00" noise="84.36" route="routetop" type="cfm-slow" waiting="0.00" lane="top_0" pos="12.46" speed="24.25" angle="252.00" x="37.44" y="127.05"/>
        <vehicle id="cfm-slow_5" eclass="HBEFA3/PC_G_EU4" CO2="26947.12" CO="494.04" HC="2.92" NOx="12.00" PMx="0.67" fuel="11.58" electricity="0.00" noise="82.01" route="routetop" type="cfm-slow" waiting="0.00" lane="top_0" pos="33.13" speed="27.23" angle="214.86" x="4.49" y="98.38"/>
    </timestep>
    <timestep time="3.23">
        <vehicle id="cfm-fast_0" eclass="HBEFA3/PC_G_EU4" CO2="13020.32" CO="218.76" HC="1.32" NOx="5.39" PMx="0.31" fuel="5.60" electricity="0.00" noise="75.54" route="routetop" type="cfm-fast" waiting="0.00" lane="left_0" pos="7.10" speed="29.17" angle="171.64" x="-3.22" y="48.42"/>
        <vehicle id="cfm-fast_1" eclass="HBEFA3/PC_G_EU4" CO2="166930.33" CO="3571.43" HC="20.44" NOx="77.72" PMx="4.42" fuel="71.75" electricity="0.00" noise="135.89" route="routetop" type="cfm-fast" waiting="0.00" lane="left_1" pos="32.18" speed="43.62" angle="126.62" x="28.98" y="8.32"/>
        <vehicle id="cfm-fast_2" eclass="HBEFA3/PC_G_EU4" CO2="26898.03" CO="489.01" HC="2.90" NOx="12.00" PMx="0.66" fuel="11.56" electricity="0.00" noise="82.13" route="routetop" type="cfm-fast" waiting="0.00" lane="left_0" pos="31.14" speed="26.38" angle="128.48" x="25.33" y="6.77"/>
        <vehicle id="cfm-fast_3" eclass="HBEFA3/PC_G_EU4" CO2="15211.35" CO="257.87" HC="1.56" NOx="6.44" PMx="0.37" fuel="6.54" electricity="0.00" noise="76.13" route="routebottom" type="cfm-fast" waiting="0.00" lane="bottom_0" pos="0.20" speed="28.23" angle="94.10" x="64.20" y="-4.94"/>
        <vehicle id="cfm-fast_4" eclass="HBEFA3/PC_G_EU4" CO2="0.00" CO="0.00" HC="0.00" NOx="0.00" PMx="0.00" fuel="0.00" electricity="0.00" noise="71.22" route="routebottom" type="cfm-fast" waiting="0.00" lane="bottom_0" pos="21.10" speed="27.99" angle="56.49" x="105.90" y="9.61"/>
        <vehicle id="cfm-fast_5" eclass="HBEFA3/PC_G_EU4" CO2="168700.41" CO="3616.02" HC="20.69" NOx="78.55" PMx="4.47" fuel="72.52" electricity="0.00" noise="136.09" route="routebottom" type="cfm-fast" waiting="0.00" lane="bottom_1" pos="46.52" speed="44.05" angle="10.81" x="128.57" y="56.51"/>
        <vehicle id="cfm-slow_0" eclass="HBEFA3/PC_G_EU4" CO2="9638.35" CO="123.04" HC="0.80" NOx="4.01" PMx="0.20" fuel="4.14" electricity="0.00" noise="71.53" route="routebottom" type="cfm-slow" waiting="0.00" lane="bottom_0" pos="45.61" speed="19.76" angle="12.46" x="131.60" y="54.15"/>
        <vehicle id="cfm-slow_1" eclass="HBEFA3/PC_G_EU4" CO2="11580.20" CO="162.79" HC="1.03" NOx="4.92" PMx="0.25" fuel="4.98" electricity="0.00" noise="72.80" route="routebottom" type="cfm-slow" waiting="0.00" lane="right_0" pos="11.54" speed="19.98" angle="343.67" x="127.79" y="88.04"/>
        <vehicle id="cfm-slow_2" eclass="HBEFA3/PC_G_EU4" CO2="15780.84" CO="248.84" HC="1.52" NOx="6.89" PMx="0.36" fuel="6.78" electricity="0.00" noise="75.71" route="routebottom" type="cfm-slow" waiting="0.00" lane="right_0" pos="27.70" speed="20.57" angle="314.62" x="107.88" y="116.10"/>
        <vehicle id="cfm-slow_3" eclass="HBEFA3/PC_G_EU4" CO2="22712.46" CO="391.65" HC="2.35" NOx="10.12" PMx="0.55" fuel="9.76" electricity="0.00" noise="80.49" route="routebottom" type="cfm-slow" waiting="0.00" lane="right_0" pos="44.50" speed="21.91" angle="284.42" x="75.54" y="131.23"/>
        <vehicle id="cfm-slow_4" eclass="HBEFA3/PC_G_EU4" CO2="29366.47" CO="532.53" HC="3.15" NOx="13.21" PMx="0.72" fuel="12.62" electricity="0.00" noise="84.30" route="routetop" type="cfm-slow" waiting="0.00" lane="top_0" pos="12.71" speed="24.29" angle="251.58" x="36.95" y="126.86"/>
        <vehicle id="cfm-slow_5" eclass="HBEFA3/PC_G_EU4" CO2="26769.49" CO="490.54" HC="2.90" NOx="11.92" PMx="0.66" fuel="11.51" electricity="0.00" noise="81.90" route="routetop" type="cfm-slow" waiting="0.00" lane="top_0" pos="33.40" speed="27.26" angle="214.42" x="4.19" y="97.87"/>
    </timestep>
    <timestep time="3.24">
        <vehicle id="cfm-fast_0" eclass="HBEFA3/PC_G_EU4" CO2="12920.06" CO="216.76" HC="1.31" NOx="5.34" PMx="0.31" fuel="5.55" electricity="0.00" noise="75.51" route="routetop" type="cfm-fast" waiting="0.00" lane="left_0" pos="7.40" speed="29.18" angle="171.08" x="-3.08" y="47.80"/>
        <vehicle id="cfm-fast_1" eclass="HBEFA3/PC_G_EU4" CO2="167490.87" CO="3585.53" HC="20.52" NOx="77.98" PMx="4.44" fuel="72.00" electricity="0.00" noise="135.95" route="routetop" type="cfm-fast" waiting="0.00" lane="left_1" pos="32.62" speed="43.75" angle="125.80" x="29.75" y="7.86"/>
        <vehicle id="cfm-fast_2" eclass="HBEFA3/PC_G_EU4" CO2="26729.81" CO="485.69" HC="2.88" NOx="11.92" PMx="0.66" fuel="11.49" electricity="0.00" noise="82.02" route="routetop" type="cfm-fast" waiting="0.00" lane="left_0" pos="31.40" speed="26.41" angle="128.00" x="25.81" y="6.45"/>
        <vehicle id="cfm-fast_3" eclass="HBEFA3/PC_G_EU4" CO2="14858.80" CO="250.69" HC="1.51" NOx="6.28" PMx="0.36" fuel="6.39" electricity="0.00" noise="75.99" route="routebottom" type="cfm-fast" waiting="0.00" lane="bottom_0" pos="0.49" speed="28.24" angle="93.59" x="64.80" y="-4.93"/>
        <vehicle id="cfm-fast_4" eclass="HBEFA3/PC_G_EU4" CO2="0.00" CO="0.00" HC="0.00" NOx="0.00" PMx="0.00" fuel="0.00" electricity="0.00" noise="71.20" route="routebottom" type="cfm-fast" waiting="0.00" lane="bottom_0" pos="21.38" speed="27.97" angle="55.98" x="106.37" y="9.98"/>
        <vehicle id="cfm-fast_5" eclass="HBEFA3/PC_G_EU4" CO2="169261.87" CO="3630.20" HC="20.77" NOx="78.81" PMx="4.49" fuel="72.76" electricity="0.00" noise="136.16" route="routebottom" type="cfm-fast" waiting="0.00" lane="bottom_1" pos="46.96" speed="44.18" angle="10.02" x="128.67" y="57.41"/>
        <vehicle id="cfm-slow_0" eclass="HBEFA3/PC_G_EU4" CO2="9612.08" CO="122.48" HC="0.79" NOx="3.99" PMx="0.20" fuel="4.13" electricity="0.00" noise="71.52" route="routebottom" type="cfm-slow" waiting="0.00" lane="bottom_0" pos="45.80" speed="19.78" angle="12.10" x="131.66" y="54.57"/>
        <vehicle id="cfm-slow_1" eclass="HBEFA3/PC_G_EU4" CO2="11575.26" CO="162.67" HC="1.02" NOx="4.91" PMx="0.25" fuel="4.98" electricity="0.00" noise="72.80" route="routebottom" type="cfm-slow" waiting="0.00" lane="right_0" pos="11.74" speed="20.00" angle="343.30" x="127.63" y="88.44"/>
        <vehicle id="cfm-slow_2" eclass="HBEFA3/PC_G_EU4" CO2="15801.05" CO="249.24" HC="1.52" NOx="6.89" PMx="0.36" fuel="6.79" electricity="0.00" noise="75.72" route="routebottom" type="cfm-slow" waiting="0.00" lane="right_0" pos="27.91" speed="20.59" angle="314.23" x="107.55" y="116.39"/>
        <vehicle id="cfm-slow_3" eclass="HBEFA3/PC_G_EU4" CO2="22731.50" CO="392.06" HC="2.35" NOx="10.13" PMx="0.55" fuel="9.77" electricity="0.00" noise="80.49" route="routebottom" type="cfm-slow" waiting="0.00" lane="right_0" pos="44.72" speed="21.94" angle="284.00" x="75.07" y="131.31"/>
        <vehicle id="cfm-slow_4" eclass="HBEFA3/PC_G_EU4" CO2="29306.27" CO="531.39" HC="3.15" NOx="13.18" PMx="0.72" fuel="12.60" electricity="0.00" noise="84.25" route="routetop" type="cfm-slow" waiting="0.00" lane="top_0" pos="12.95" speed="24.33" angle="251.17" x="36.47" y="126.65"/>
        <vehicle id="cfm-slow_5" eclass="HBEFA3/PC_G_EU4" CO2="26592.66" CO="487.06" HC="2.88" NOx="11.83" PMx="0.66" fuel="11.43" electricity="0.00" noise="81.79" route="routetop" type="cfm-slow" waiting="0.00" lane="top_0" pos="33.67" speed="27.29" angle="213.92" x="3.91" y="97.36"/>
    </timestep>
    <timestep time="3.25">
        <vehicle id="cfm-fast_0" eclass="HBEFA3/PC_G_EU4" CO2="12821.07" CO="214.78" HC="1.30" NOx="5.29" PMx="0.31" fuel="5.51" electricity="0.00" noise="75.48" route="routetop" type="cfm-fast" waiting="0.00" lane="left_0" pos="7.69" speed="29.19" angle="170.59" x="-2.94" y="47.19"/>
        <vehicle id="cfm-fast_1" eclass="HBEFA3/PC_G_EU4" CO2="168051.70" CO="3599.66" HC="20.60" NOx="78.25" PMx="4.45" fuel="72.24" electricity="0.00" noise="136.02" route="routetop" type="cfm-fast" waiting="0.00" lane="left_1" pos="33.06" speed="43.89" angle="124.98" x="30.52" y="7.39"/>
        <vehicle id="cfm-fast_2" eclass="HBEFA3/PC_G_EU4" CO2="26560.24" CO="482.33" HC="2.86" NOx="11.84" PMx="0.66" fuel="11.42" electricity="0.00" noise="81.91" route="routetop" type="cfm-fast" waiting="0.00" lane="left_0" pos="31.67" speed="26.45" angle="127.52" x="26.28" y="6.14"/>
        <vehicle id="cfm-fast_3" eclass="HBEFA3/PC_G_EU4" CO2="14508.39" CO="243.55" HC="1.47" NOx="6.11" PMx="0.35" fuel="6.24" electricity="0.00" noise="75.85" route="routebottom" type="cfm-fast" waiting="0.00" lane="bottom_0" pos="0.77" speed="28.25" angle="93.08" x="65.41" y="-4.91"/>
        <vehicle id="cfm-fast_4" eclass="HBEFA3/PC_G_EU4" CO2="0.00" CO="0.00" HC="0.00" NOx="0.00" PMx="0.00" fuel="0.00" electricity="0.00" noise="71.19" route="routebottom" type="cfm-fast" waiting="0.00" lane="bottom_0" pos="21.66" speed="27.94" angle="55.48" x="106.84" y="10.35"/>
        <vehicle id="cfm-fast_5" eclass="HBEFA3/PC_G_EU4" CO2="169823.62" CO="3644.40" HC="20.85" NOx="79.07" PMx="4.50" fuel="73.00" electricity="0.00" noise="136.22" route="routebottom" type="cfm-fast" waiting="0.00" lane="bottom_1" pos="47.41" speed="44.32" angle="9.27" x="128.76" y="58.31"/>
        <vehicle id="cfm-slow_0" eclass="HBEFA3/PC_G_EU4" CO2="9586.37" CO="121.94" HC="0.79" NOx="3.98" PMx="0.20" fuel="4.12" electricity="0.00" noise="71.51" route="routebottom" type="cfm-slow" waiting="0.00" lane="bottom_0" pos="46.00" speed="19.79" angle="11.74" x="131.72" y="54.99"/>
        <vehicle id="cfm-slow_1" eclass="HBEFA3/PC_G_EU4" CO2="11570.90" CO="162.57" HC="1.02" NOx="4.91" PMx="0.25" fuel="4.97" electricity="0.00" noise="72.80" route="routebottom" type="cfm-slow" waiting="0.00" lane="right_0" pos="11.94" speed="20.01" angle="342.94" x="127.47" y="88.84"/>
        <vehicle id="cfm-slow_2" eclass="HBEFA3/PC_G_EU4" CO2="15821.61" CO="249.66" HC="1.53" NOx="6.90" PMx="0.36" fuel="6.80" electricity="0.00" noise="75.74" route="routebottom" type="cfm-slow" waiting="0.00" lane="right_0" pos="28.12" speed="20.61" angle="313.87" x="107.21" y="116.68"/>
        <vehicle id="cfm-slow_3" eclass="HBEFA3/PC_G_EU4" CO2="22750.20" CO="392.47" HC="2.35" NOx="10.14" PMx="0.55" fuel="9.78" electricity="0.00" noise="80.49" route="routebottom" type="cfm-slow" waiting="0.00" lane="right_0" pos="44.94" speed="21.98" angle="283.67" x="74.61" y="131.40"/>
        <vehicle id="cfm-slow_4" eclass="HBEFA3/PC_G_EU4" CO2="29245.28" CO="530.24" HC="3.14" NOx="13.15" PMx="0.72" fuel="12.57" electricity="0.00" noise="84.19" route="routetop" type="cfm-slow" waiting="0.00" lane="top_0" pos="13.19" speed="24.37" angle="250.73" x="35.99" y="126.44"/>
        <vehicle id="cfm-slow_5" eclass="HBEFA3/PC_G_EU4" CO2="26416.63" CO="483.59" HC="2.86" NOx="11.75" PMx="0.65" fuel="11.36" electricity="0.00" noise="81.69" route="routetop" type="cfm-slow" waiting="0.00" lane="top_0" pos="33.95" speed="27.33" angle="213.42" x="3.62" y="96.84"/>
    </timestep>
    <timestep time="3.26">
        <vehicle id="cfm-fast_0" eclass="HBEFA3/PC_G_EU4" CO2="12723.31" CO="212.83" HC="1.29" NOx="5.25" PMx="0.30" fuel="5.47" electricity="0.00" noise="75.45" route="routetop" type="cfm-fast" waiting="0.00" lane="left_0" pos="7.98" speed="29.20" angle="170.06" x="-2.78" y="46.59"/>
        <vehicle id="cfm-fast_1" eclass="HBEFA3/PC_G_EU4" CO2="168612.82" CO="3613.81" HC="20.68" NOx="78.51" PMx="4.47" fuel="72.48" electricity="0.00" noise="136.08" route="routetop" type="cfm-fast" waiting="0.00" lane="left_1" pos="33.50" speed="44.02" angle="124.23" x="31.30" y="6.94"/>
        <vehicle id="cfm-fast_2" eclass="HBEFA3/PC_G_EU4" CO2="26389.34" CO="478.96" HC="2.84" NOx="11.76" PMx="0.65" fuel="11.34" electricity="0.00" noise="81.80" route="routetop" type="cfm-fast" waiting="0.00" lane="left_0" pos="31.93" speed="26.48" angle="127.05" x="26.76" y="5.82"/>
        <vehicle id="cfm-fast_3" eclass="HBEFA3/PC_G_EU4" CO2="14160.16" CO="236.46" HC="1.43" NOx="5.95" PMx="0.34" fuel="6.09" electricity="0.00" noise="75.72" route="routebottom" type="cfm-fast" waiting="0.00" lane="bottom_0" pos="1.05" speed="28.26" angle="92.57" x="66.02" y="-4.90"/>
        <vehicle id="cfm-fast_4" eclass="HBEFA3/PC_G_EU4" CO2="0.00" CO="0.00" HC="0.00" NOx="0.00" PMx="0.00" fuel="0.00" electricity="0.00" noise="71.17" route="routebottom" type="cfm-fast" waiting="0.00" lane="bottom_0" pos="21.94" speed="27.92" angle="55.01" x="107.31" y="10.73"/>
        <vehicle id="cfm-fast_5" eclass="HBEFA3/PC_G_EU4" CO2="170385.67" CO="3658.62" HC="20.93" NOx="79.34" PMx="4.52" fuel="73.24" electricity="0.00" noise="136.29" route="routebottom" type="cfm-fast" waiting="0.00" lane="bottom_1" pos="47.85" speed="44.45" angle="8.43" x="128.82" y="59.22"/>
        <vehicle id="cfm-slow_0" eclass="HBEFA3/PC_G_EU4" CO2="9561.21" CO="121.41" HC="0.79" NOx="3.97" PMx="0.20" fuel="4.11" electricity="0.00" noise="71.50" route="routebottom" type="cfm-slow" waiting="0.00" lane="bottom_0" pos="46.20" speed="19.80" angle="11.44" x="131.78" y="55.41"/>
        <vehicle id="cfm-slow_1" eclass="HBEFA3/PC_G_EU4" CO2="11567.13" CO="162.47" HC="1.02" NOx="4.91" PMx="0.25" fuel="4.97" electricity="0.00" noise="72.80" route="routebottom" type="cfm-slow" waiting="0.00" lane="right_0" pos="12.14" speed="20.03" angle="342.57" x="127.31" y="89.24"/>
        <vehicle id="cfm-slow_2" eclass="HBEFA3/PC_G_EU4" CO2="15842.49" CO="250.08" HC="1.53" NOx="6.91" PMx="0.36" fuel="6.81" electricity="0.00" noise="75.75" route="routebottom" type="cfm-slow" waiting="0.00" lane="right_0" pos="28.32" speed="20.64" angle="313.53" x="106.86" y="116.96"/>
        <vehicle id="cfm-slow_3" eclass="HBEFA3/PC_G_EU4" CO2="22768.55" CO="392.87" HC="2.35" NOx="10.15" PMx="0.55" fuel="9.79" electricity="0.00" noise="80.50" route="routebottom" type="cfm-slow" waiting="0.00" lane="right_0" pos="45.16" speed="22.01" angle="283.27" x="74.14" y="131.46"/>
        <vehicle id="cfm-slow_4" eclass="HBEFA3/PC_G_EU4" CO2="29183.53" CO="529.08" HC="3.13" NOx="13.12" PMx="0.72" fuel="12.54" electricity="0.00" noise="84.14" route="routetop" type="cfm-slow" waiting="0.00" lane="top_0" pos="13.44" speed="24.41" angle="250.28" x="35.51" y="126.22"/>
        <vehicle id="cfm-slow_5" eclass="HBEFA3/PC_G_EU4" CO2="26241.43" CO="480.14" HC="2.84" NOx="11.67" PMx="0.65" fuel="11.28" electricity="0.00" noise="81.58" route="routetop" type="cfm-slow" waiting="0.00" lane="top_0" pos="34.22" speed="27.35" angle="212.93" x="3.34" y="96.33"/>
    </timestep>
    <timestep time="3.27">
        <vehicle id="cfm-fast_0" eclass="HBEFA3/PC_G_EU4" CO2="12626.74" CO="210.91" HC="1.28" NOx="5.20" PMx="0.30" fuel="5.43" electricity="0.00" noise="75.42" route="routetop" type="cfm-fast" waiting="0.00" lane="left_0" pos="8.27" speed="29.21" angle="169.52" x="-2.61" y="45.98"/>
        <vehicle id="cfm-fast_1" eclass="HBEFA3/PC_G_EU4" CO2="169174.24" CO="3627.99" HC="20.76" NOx="78.77" PMx="4.48" fuel="72.72" electricity="0.00" noise="136.15" route="routetop" type="cfm-fast" waiting="0.00" lane="left_1" pos="33.94" speed="44.16" angle="123.43" x="32.09" y="6.50"/>
        <vehicle id="cfm-fast_2" eclass="HBEFA3/PC_G_EU4" CO2="26217.13" CO="475.55" HC="2.82" NOx="11.67" PMx="0.65" fuel="11.27" electricity="0.00" noise="81.70" route="routetop" type="cfm-fast" waiting="0.00" lane="left_0" pos="32.20" speed="26.51" angle="126.62" x="27.24" y="5.52"/>
        <vehicle id="cfm-fast_3" eclass="HBEFA3/PC_G_EU4" CO2="13814.14" CO="229.40" HC="1.39" NOx="5.78" PMx="0.33" fuel="5.94" electricity="0.00" noise="75.59" route="routebottom" type="cfm-fast" waiting="0.00" lane="bottom_0" pos="1.33" speed="28.27" angle="92.08" x="66.63" y="-4.88"/>
        <vehicle id="cfm-fast_4" eclass="HBEFA3/PC_G_EU4" CO2="0.00" CO="0.00" HC="0.00" NOx="0.00" PMx="0.00" fuel="0.00" electricity="0.00" noise="71.16" route="routebottom" type="cfm-fast" waiting="0.00" lane="bottom_0" pos="22.22" speed="27.89" angle="54.48" x="107.76" y="11.12"/>
        <vehicle id="cfm-fast_5" eclass="HBEFA3/PC_G_EU4" CO2="170948.01" CO="3672.86" HC="21.01" NOx="79.60" PMx="4.53" fuel="73.48" electricity="0.00" noise="136.36" route="routebottom" type="cfm-fast" waiting="0.00" lane="bottom_1" pos="48.30" speed="44.59" angle="7.57" x="128.87" y="60.14"/>
        <vehicle id="cfm-slow_0" eclass="HBEFA3/PC_G_EU4" CO2="9536.60" CO="120.89" HC="0.78" NOx="3.96" PMx="0.20" fuel="4.10" electricity="0.00" noise="71.48" route="routebottom" type="cfm-slow" waiting="0.00" lane="bottom_0" pos="46.40" speed="19.81" angle="11.08" x="131.83" y="55.84"/>
        <vehicle id="cfm-slow_1" eclass="HBEFA3/PC_G_EU4" CO2="11563.93" CO="162.39" HC="1.02" NOx="4.91" PMx="0.25" fuel="4.97" electricity="0.00" noise="72.80" route="routebottom" type="cfm-slow" waiting="0.00" lane="right_0" pos="12.34" speed="20.04" angle="342.21" x="127.15" y="89.64"/>
        <vehicle id="cfm-slow_2" eclass="HBEFA3/PC_G_EU4" CO2="15863.69" CO="250.50" HC="1.53" NOx="6.92" PMx="0.36" fuel="6.82" electricity="0.00" noise="75.76" route="routebottom" type="cfm-slow" waiting="0.00" lane="right_0" pos="28.53" speed="20.66" angle="313.16" x="106.51" y="117.23"/>
        <vehicle id="cfm-slow_3" eclass="HBEFA3/PC_G_EU4" CO2="22786.54" CO="393.26" HC="2.35" NOx="10.16" PMx="0.55" fuel="9.79" electricity="0.00" noise="80.50" route="routebottom" type="cfm-slow" waiting="0.00" lane="right_0" pos="45.38" speed="22.04" angle="282.88" x="73.67" y="131.53"/>
        <vehicle id="cfm-slow_4" eclass="HBEFA3/PC_G_EU4" CO2="29121.02" CO="527.90" HC="3.13" NOx="13.09" PMx="0.72" fuel="12.52" electricity="0.00" noise="84.08" route="routetop" type="cfm-slow" waiting="0.00" lane="top_0" pos="13.68" speed="24.45" angle="249.84" x="35.03" y="126.01"/>
        <vehicle id="cfm-slow_5" eclass="HBEFA3/PC_G_EU4" CO2="26067.06" CO="476.70" HC="2.82" NOx="11.58" PMx="0.65" fuel="11.20" electricity="0.00" noise="81.48" route="routetop" type="cfm-slow" waiting="0.00" lane="top_0" pos="34.49" speed="27.38" angle="212.43" x="3.05" y="95.81"/>
    </timestep>
    <timestep time="3.28">
        <vehicle id="cfm-fast_0" eclass="HBEFA3/PC_G_EU4" CO2="12531.33" CO="209.01" HC="1.27" NOx="5.16" PMx="0.30" fuel="5.39" electricity="0.00" noise="75.39" route="routetop" type="cfm-fast" waiting="0.00" lane="left_0" pos="8.56" speed="29.22" angle="168.99" x="-2.45" y="45.37"/>
        <vehicle id="cfm-fast_1" eclass="HBEFA3/PC_G_EU4" CO2="169735.94" CO="3642.18" HC="20.84" NOx="79.03" PMx="4.50" fuel="72.96" electricity="0.00" noise="136.21" route="routetop" type="cfm-fast" waiting="0.00" lane="left_1" pos="34.39" speed="44.30" angle="122.63" x="32.89" y="6.06"/>
        <vehicle id="cfm-fast_2" eclass="HBEFA3/PC_G_EU4" CO2="26043.65" CO="472.12" HC="2.80" NOx="11.59" PMx="0.64" fuel="11.19" electricity="0.00" noise="81.59" route="routetop" type="cfm-fast" waiting="0.00" lane="left_0" pos="32.46" speed="26.54" angle="126.13" x="27.73" y="5.22"/>
        <vehicle id="cfm-fast_3" eclass="HBEFA3/PC_G_EU4" CO2="13470.36" CO="222.39" HC="1.35" NOx="5.62" PMx="0.32" fuel="5.79" electricity="0.00" noise="75.46" route="routebottom" type="cfm-fast" waiting="0.00" lane="bottom_0" pos="1.62" speed="28.29" angle="91.57" x="67.24" y="-4.84"/>
        <vehicle id="cfm-fast_4" eclass="HBEFA3/PC_G_EU4" CO2="0.00" CO="0.00" HC="0.00" NOx="0.00" PMx="0.00" fuel="0.00" electricity="0.00" noise="71.14" route="routebottom" type="cfm-fast" waiting="0.00" lane="bottom_0" pos="22.50" speed="27.87" angle="53.95" x="108.22" y="11.51"/>
        <vehicle id="cfm-fast_5" eclass="HBEFA3/PC_G_EU4" CO2="171510.63" CO="3687.12" HC="21.08" NOx="79.86" PMx="4.55" fuel="73.72" electricity="0.00" noise="136.42" route="routebottom" type="cfm-fast" waiting="0.00" lane="bottom_1" pos="48.74" speed="44.73" angle="6.78" x="128.92" y="61.05"/>
        <vehicle id="cfm-slow_0" eclass="HBEFA3/PC_G_EU4" CO2="9512.55" CO="120.38" HC="0.78" NOx="3.94" PMx="0.20" fuel="4.09" electricity="0.00" noise="71.47" route="routebottom" type="cfm-slow" waiting="0.00" lane="bottom_0" pos="46.60" speed="19.83" angle="10.72" x="131.87" y="56.26"/>
        <vehicle id="cfm-slow_1" eclass="HBEFA3/PC_G_EU4" CO2="11561.31" CO="162.32" HC="1.02" NOx="4.91" PMx="0.25" fuel="4.97" electricity="0.00" noise="72.80" route="routebottom" type="cfm-slow" waiting="0.00" lane="right_0" pos="12.54" speed="20.06" angle="341.84" x="126.99" y="90.04"/>
        <vehicle id="cfm-slow_2" eclass="HBEFA3/PC_G_EU4" CO2="15885.20" CO="250.94" HC="1.53" NOx="6.93" PMx="0.37" fuel="6.83" electricity="0.00" noise="75.78" route="routebottom" type="cfm-slow" waiting="0.00" lane="right_0" pos="28.74" speed="20.68" angle="312.78" x="106.16" y="117.50"/>
        <vehicle id="cfm-slow_3" eclass="HBEFA3/PC_G_EU4" CO2="22804.17" CO="393.65" HC="2.36" NOx="10.16" PMx="0.55" fuel="9.80" electricity="0.00" noise="80.50" route="routebottom" type="cfm-slow" waiting="0.00" lane="right_0" pos="45.60" speed="22.08" angle="282.48" x="73.20" y="131.60"/>
        <vehicle id="cfm-slow_4" eclass="HBEFA3/PC_G_EU4" CO2="29057.77" CO="526.70" HC="3.12" NOx="13.06" PMx="0.72" fuel="12.49" electricity="0.00" noise="84.02" route="routetop" type="cfm-slow" waiting="0.00" lane="top_0" pos="13.93" speed="24.49" angle="249.39" x="34.55" y="125.80"/>
        <vehicle id="cfm-slow_5" eclass="HBEFA3/PC_G_EU4" CO2="25893.51" CO="473.28" HC="2.80" NOx="11.50" PMx="0.64" fuel="11.13" electricity="0.00" noise="81.38" route="routetop" type="cfm-slow" waiting="0.00" lane="top_0" pos="34.77" speed="27.41" angle="211.99" x="2.78" y="95.29"/>
    </timestep>
    <timestep time="3.29">
        <vehicle id="cfm-fast_0" eclass="HBEFA3/PC_G_EU4" CO2="12437.04" CO="207.13" HC="1.26" NOx="5.11" PMx="0.30" fuel="5.35" electricity="0.00" noise="75.36" route="routetop" type="cfm-fast" waiting="0.00" lane="left_0" pos="8.86" speed="29.23" angle="168.47" x="-2.29" y="44.76"/>
        <vehicle id="cfm-fast_1" eclass="HBEFA3/PC_G_EU4" CO2="170297.94" CO="3656.40" HC="20.91" NOx="79.30" PMx="4.51" fuel="73.20" electricity="0.00" noise="136.28" route="routetop" type="cfm-fast" waiting="0.00" lane="left_1" pos="34.83" speed="44.43" angle="121.88" x="33.69" y="5.63"/>
        <vehicle id="cfm-fast_2" eclass="HBEFA3/PC_G_EU4" CO2="25868.92" CO="468.66" HC="2.78" NOx="11.51" PMx="0.64" fuel="11.12" electricity="0.00" noise="81.48" route="routetop" type="cfm-fast" waiting="0.00" lane="left_0" pos="32.73" speed="26.57" angle="125.63" x="28.22" y="4.93"/>
        <vehicle id="cfm-fast_3" eclass="HBEFA3/PC_G_EU4" CO2="13128.87" CO="215.42" HC="1.31" NOx="5.46" PMx="0.31" fuel="5.64" electricity="0.00" noise="75.34" route="routebottom" type="cfm-fast" waiting="0.00" lane="bottom_0" pos="1.90" speed="28.30" angle="91.07" x="67.84" y="-4.81"/>
        <vehicle id="cfm-fast_4" eclass="HBEFA3/PC_G_EU4" CO2="0.00" CO="0.00" HC="0.00" NOx="0.00" PMx="0.00" fuel="0.00" electricity="0.00" noise="71.13" route="routebottom" type="cfm-fast" waiting="0.00" lane="bottom_0" pos="22.78" speed="27.84" angle="53.42" x="108.67" y="11.90"/>
        <vehicle id="cfm-fast_5" eclass="HBEFA3/PC_G_EU4" CO2="172073.56" CO="3701.40" HC="21.16" NOx="80.13" PMx="4.57" fuel="73.97" electricity="0.00" noise="136.49" route="routebottom" type="cfm-fast" waiting="0.00" lane="bottom_1" pos="49.19" speed="44.86" angle="5.96" x="128.94" y="61.97"/>
        <vehicle id="cfm-slow_0" eclass="HBEFA3/PC_G_EU4" CO2="9489.05" CO="119.88" HC="0.78" NOx="3.93" PMx="0.20" fuel="4.08" electricity="0.00" noise="71.46" route="routebottom" type="cfm-slow" waiting="0.00" lane="bottom_0" pos="46.79" speed="19.84" angle="10.36" x="131.91" y="56.69"/>
        <vehicle id="cfm-slow_1" eclass="HBEFA3/PC_G_EU4" CO2="11559.25" CO="162.27" HC="1.02" NOx="4.90" PMx="0.25" fuel="4.97" electricity="0.00" noise="72.80" route="routebottom" type="cfm-slow" waiting="0.00" lane="right_0" pos="12.74" speed="20.08" angle="341.51" x="126.83" y="90.44"/>
        <vehicle id="cfm-slow_2" eclass="HBEFA3/PC_G_EU4" CO2="15907.02" CO="251.38" HC="1.54" NOx="6.94" PMx="0.37" fuel="6.84" electricity="0.00" noise="75.79" route="routebottom" type="cfm-slow" waiting="0.00" lane="right_0" pos="28.94" speed="20.71" angle="312.40" x="105.81" y="117.78"/>
        <vehicle id="cfm-slow_3" eclass="HBEFA3/PC_G_EU4" CO2="22821.43" CO="394.03" HC="2.36" NOx="10.17" PMx="0.55" fuel="9.81" electricity="0.00" noise="80.50" route="routebottom" type="cfm-slow" waiting="0.00" lane="right_0" pos="45.82" speed="22.11" angle="282.08" x="72.73" y="131.67"/>
        <vehicle id="cfm-slow_4" eclass="HBEFA3/PC_G_EU4" CO2="28993.78" CO="525.50" HC="3.11" NOx="13.03" PMx="0.71" fuel="12.46" electricity="0.00" noise="83.97" route="routetop" type="cfm-slow" waiting="0.00" lane="top_0" pos="14.17" speed="24.53" angle="249.00" x="34.07" y="125.57"/>
        <vehicle id="cfm-slow_5" eclass="HBEFA3/PC_G_EU4" CO2="25720.81" CO="469.88" HC="2.78" NOx="11.42" PMx="0.64" fuel="11.06" electricity="0.00" noise="81.28" route="routetop" type="cfm-slow" waiting="0.00" lane="top_0" pos="35.04" speed="27.44" angle="211.48" x="2.51" y="94.76"/>
    </timestep>
    <timestep time="3.30">
        <vehicle id="cfm-fast_0" eclass="HBEFA3/PC_G_EU4" CO2="12343.82" CO="205.27" HC="1.25" NOx="5.07" PMx="0.29" fuel="5.31" electricity="0.00" noise="75.33" route="routetop" type="cfm-fast" waiting="0.00" lane="left_0" pos="9.15" speed="29.24" angle="167.97" x="-2.11" y="44.16"/>
        <vehicle id="cfm-fast_1" eclass="HBEFA3/PC_G_EU4" CO2="170860.23" CO="3670.63" HC="20.99" NOx="79.56" PMx="4.53" fuel="73.44" electricity="0.00" noise="136.35" route="routetop" type="cfm-fast" waiting="0.00" lane="left_1" pos="35.28" speed="44.57" angle="121.07" x="34.51" y="5.23"/>
        <vehicle id="cfm-fast_2" eclass="HBEFA3/PC_G_EU4" CO2="25692.96" CO="465.17" HC="2.76" NOx="11.42" PMx="0.63" fuel="11.04" electricity="0.00" noise="81.37" route="routetop" type="cfm-fast" waiting="0.00" lane="left_0" pos="33.00" speed="26.60" angle="125.13" x="28.71" y="4.63"/>
        <vehicle id="cfm-fast_3" eclass="HBEFA3/PC_G_EU4" CO2="12789.68" CO="208.50" HC="1.27" NOx="5.30" PMx="0.30" fuel="5.50" electricity="0.00" noise="75.22" route="routebottom" type="cfm-fast" waiting="0.00" lane="bottom_0" pos="2.18" speed="28.31" angle="90.56" x="68.45" y="-4.77"/>
        <vehicle id="cfm-fast_4" eclass="HBEFA3/PC_G_EU4" CO2="0.00" CO="0.00" HC="0.00" NOx="0.00" PMx="0.00" fuel="0.00" electricity="0.00" noise="71.11" route="routebottom" type="cfm-fast" waiting="0.00" lane="bottom_0" pos="23.06" speed="27.81" angle="52.96" x="109.13" y="12.28"/>
        <vehicle id="cfm-fast_5" eclass="HBEFA3/PC_G_EU4" CO2="172636.77" CO="3715.71" HC="21.24" NOx="80.39" PMx="4.58" fuel="74.21" electricity="0.00" noise="136.55" route="routebottom" type="cfm-fast" waiting="0.00" lane="bottom_1" pos="49.64" speed="45.00" angle="5.13" x="128.96" y="62.90"/>
        <vehicle id="cfm-slow_0" eclass="HBEFA3/PC_G_EU4" CO2="9466.10" CO="119.39" HC="0.77" NOx="3.92" PMx="0.20" fuel="4.07" electricity="0.00" noise="71.45" route="routebottom" type="cfm-slow" waiting="0.00" lane="bottom_0" pos="46.99" speed="19.85" angle="9.99" x="131.95" y="57.11"/>
        <vehicle id="cfm-slow_1" eclass="HBEFA3/PC_G_EU4" CO2="11557.75" CO="162.22" HC="1.02" NOx="4.90" PMx="0.25" fuel="4.97" electricity="0.00" noise="72.80" route="routebottom" type="cfm-slow" waiting="0.00" lane="right_0" pos="12.94" speed="20.09" angle="341.17" x="126.66" y="90.84"/>
        <vehicle id="cfm-slow_2" eclass="HBEFA3/PC_G_EU4" CO2="15929.13" CO="251.82" HC="1.54" NOx="6.95" PMx="0.37" fuel="6.85" electricity="0.00" noise="75.80" route="routebottom" type="cfm-slow" waiting="0.00" lane="right_0" pos="29.15" speed="20.73" angle="312.02" x="105.46" y="118.05"/>
        <vehicle id="cfm-slow_3" eclass="HBEFA3/PC_G_EU4" CO2="22838.32" CO="394.41" HC="2.36" NOx="10.18" PMx="0.55" fuel="9.82" electricity="0.00" noise="80.51" route="routebottom" type="cfm-slow" waiting="0.00" lane="right_0" pos="46.04" speed="22.14" angle="281.68" x="72.26" y="131.73"/>
        <vehicle id="cfm-slow_4" eclass="HBEFA3/PC_G_EU4" CO2="28929.07" CO="524.27" HC="3.11" NOx="13.00" PMx="0.71" fuel="12.44" electricity="0.00" noise="83.91" route="routetop" type="cfm-slow" waiting="0.00" lane="top_0" pos="14.42" speed="24.57" angle="248.53" x="33.60" y="125.33"/>
        <vehicle id="cfm-slow_5" eclass="HBEFA3/PC_G_EU4" CO2="25548.95" CO="466.49" HC="2.76" NOx="11.34" PMx="0.63" fuel="10.98" electricity="0.00" noise="81.18" route="routetop" type="cfm-slow" waiting="0.00" lane="top_0" pos="35.32" speed="27.47" angle="210.97" x="2.25" y="94.23"/>
    </timestep>
    <timestep time="3.31">
        <vehicle id="cfm-fast_0" eclass="HBEFA3/PC_G_EU4" CO2="12251.66" CO="203.43" HC="1.24" NOx="5.02" PMx="0.29" fuel="5.27" electricity="0.00" noise="75.30" route="routetop" type="cfm-fast" waiting="0.00" lane="left_0" pos="9.44" speed="29.25" angle="167.43" x="-1.92" y="43.56"/>
        <vehicle id="cfm-fast_1" eclass="HBEFA3/PC_G_EU4" CO2="171422.82" CO="3684.89" HC="21.07" NOx="79.82" PMx="4.55" fuel="73.69" electricity="0.00" noise="136.41" route="routetop" type="cfm-fast" waiting="0.00" lane="left_1" pos="35.72" speed="44.71" angle="120.26" x="35.33" y="4.82"/>
        <vehicle id="cfm-fast_2" eclass="HBEFA3/PC_G_EU4" CO2="25515.81" CO="461.66" HC="2.74" NOx="11.34" PMx="0.63" fuel="10.97" electricity="0.00" noise="81.27" route="routetop" type="cfm-fast" waiting="0.00" lane="left_0" pos="33.26" speed="26.63" angle="124.66" x="29.20" y="4.34"/>
        <vehicle id="cfm-fast_3" eclass="HBEFA3/PC_G_EU4" CO2="12452.83" CO="201.62" HC="1.23" NOx="5.14" PMx="0.29" fuel="5.35" electricity="0.00" noise="75.10" route="routebottom" type="cfm-fast" waiting="0.00" lane="bottom_0" pos="2.47" speed="28.32" angle="90.05" x="69.06" y="-4.74"/>
        <vehicle id="cfm-fast_4" eclass="HBEFA3/PC_G_EU4" CO2="0.00" CO="0.00" HC="0.00" NOx="0.00" PMx="0.00" fuel="0.00" electricity="0.00" noise="71.09" route="routebottom" type="cfm-fast" waiting="0.00" lane="bottom_0" pos="23.33" speed="27.79" angle="52.47" x="109.57" y="12.69"/>
        <vehicle id="cfm-fast_5" eclass="HBEFA3/PC_G_EU4" CO2="173200.27" CO="3730.04" HC="21.32" NOx="80.65" PMx="4.60" fuel="74.45" electricity="0.00" noise="136.62" route="routebottom" type="cfm-fast" waiting="0.00" lane="right_1" pos="0.09" speed="45.14" angle="4.32" x="128.97" y="63.88"/>
        <vehicle id="cfm-slow_0" eclass="HBEFA3/PC_G_EU4" CO2="9443.69" CO="118.92" HC="0.77" NOx="3.91" PMx="0.20" fuel="4.06" electricity="0.00" noise="71.44" route="routebottom" type="cfm-slow" waiting="0.00" lane="bottom_0" pos="47.19" speed="19.86" angle="9.63" x="132.00" y="57.54"/>
        <vehicle id="cfm-slow_1" eclass="HBEFA3/PC_G_EU4" CO2="11556.81" CO="162.19" HC="1.02" NOx="4.90" PMx="0.25" fuel="4.97" electricity="0.00" noise="72.80" route="routebottom" type="cfm-slow" waiting="0.00" lane="right_0" pos="13.14" speed="20.11" angle="340.80" x="126.48" y="91.23"/>
        <vehicle id="cfm-slow_2" eclass="HBEFA3/PC_G_EU4" CO2="15951.52" CO="252.28" HC="1.54" NOx="6.96" PMx="0.37" fuel="6.86" electricity="0.00" noise="75.82" route="routebottom" type="cfm-slow" waiting="0.00" lane="right_0" pos="29.36" speed="20.75" angle="311.64" x="105.11" y="118.33"/>
        <vehicle id="cfm-slow_3" eclass="HBEFA3/PC_G_EU4" CO2="22854.83" CO="394.78" HC="2.36" NOx="10.19" PMx="0.55" fuel="9.82" electricity="0.00" noise="80.51" route="routebottom" type="cfm-slow" waiting="0.00" lane="right_0" pos="46.26" speed="22.18" angle="281.34" x="71.78" y="131.80"/>
        <vehicle id="cfm-slow_4" eclass="HBEFA3/PC_G_EU4" CO2="28863.64" CO="523.04" HC="3.10" NOx="12.97" PMx="0.71" fuel="12.41" electricity="0.00" noise="83.85" route="routetop" type="cfm-slow" waiting="0.00" lane="top_0" pos="14.67" speed="24.61" angle="248.06" x="33.13" y="125.10"/>
        <vehicle id="cfm-slow_5" eclass="HBEFA3/PC_G_EU4" CO2="25377.93" CO="463.12" HC="2.74" NOx="11.26" PMx="0.63" fuel="10.91" electricity="0.00" noise="81.08" route="routetop" type="cfm-slow" waiting="0.00" lane="top_0" pos="35.59" speed="27.50" angle="210.47" x="1.99" y="93.70"/>
    </timestep>
    <timestep time="3.32">
        <vehicle id="cfm-fast_0" eclass="HBEFA3/PC_G_EU4" CO2="12160.51" CO="201.61" HC="1.23" NOx="4.98" PMx="0.29" fuel="5.23" electricity="0.00" noise="75.28" route="routetop" type="cfm-fast" waiting="0.00" lane="left_0" pos="9.73" speed="29.26" angle="166.89" x="-1.74" y="42.96"/>
        <vehicle id="cfm-fast_1" eclass="HBEFA3/PC_G_EU4" CO2="171985.69" CO="3699.17" HC="21.15" NOx="80.08" PMx="4.56" fuel="73.93" electricity="0.00" noise="136.48" route="routetop" type="cfm-fast" waiting="0.00" lane="left_1" pos="36.17" speed="44.84" angle="119.47" x="36.16" y="4.43"/>
        <vehicle id="cfm-fast_2" eclass="HBEFA3/PC_G_EU4" CO2="25337.48" CO="458.12" HC="2.72" NOx="11.26" PMx="0.62" fuel="10.89" electricity="0.00" noise="81.16" route="routetop" type="cfm-fast" waiting="0.00" lane="left_0" pos="33.53" speed="26.66" angle="124.20" x="29.70" y="4.05"/>
        <vehicle id="cfm-fast_3" eclass="HBEFA3/PC_G_EU4" CO2="12118.35" CO="194.79" HC="1.19" NOx="4.98" PMx="0.28" fuel="5.21" electricity="0.00" noise="74.98" route="routebottom" type="cfm-fast" waiting="0.00" lane="bottom_0" pos="2.75" speed="28.33" angle="89.56" x="69.67" y="-4.68"/>
        <vehicle id="cfm-fast_4" eclass="HBEFA3/PC_G_EU4" CO2="0.00" CO="0.00" HC="0.00" NOx="0.00" PMx="0.00" fuel="0.00" electricity="0.00" noise="71.08" route="routebottom" type="cfm-fast" waiting="0.00" lane="bottom_0" pos="23.61" speed="27.76" angle="51.97" x="110.01" y="13.09"/>
        <vehicle id="cfm-fast_5" eclass="HBEFA3/PC_G_EU4" CO2="173764.07" CO="3744.38" HC="21.40" NOx="80.92" PMx="4.61" fuel="74.69" electricity="0.00" noise="136.68" route="routebottom" type="cfm-fast" waiting="0.00" lane="right_1" pos="0.55" speed="45.27" angle="3.50" x="128.95" y="64.81"/>
        <vehicle id="cfm-slow_0" eclass="HBEFA3/PC_G_EU4" CO2="9421.82" CO="118.46" HC="0.77" NOx="3.90" PMx="0.20" fuel="4.05" electricity="0.00" noise="71.43" route="routebottom" type="cfm-slow" waiting="0.00" lane="bottom_0" pos="47.39" speed="19.88" angle="9.29" x="132.04" y="57.96"/>
        <vehicle id="cfm-slow_1" eclass="HBEFA3/PC_G_EU4" CO2="11556.43" CO="162.17" HC="1.02" NOx="4.90" PMx="0.25" fuel="4.97" electricity="0.00" noise="72.80" route="routebottom" type="cfm-slow" waiting="0.00" lane="right_0" pos="13.35" speed="20.12" angle="340.44" x="126.30" y="91.63"/>
        <vehicle id="cfm-slow_2" eclass="HBEFA3/PC_G_EU4" CO2="15974.20" CO="252.74" HC="1.54" NOx="6.97" PMx="0.37" fuel="6.87" electricity="0.00" noise="75.83" route="routebottom" type="cfm-slow" waiting="0.00" lane="right_0" pos="29.57" speed="20.78" angle="311.32" x="104.75" y="118.60"/>
        <vehicle id="cfm-slow_3" eclass="HBEFA3/PC_G_EU4" CO2="22870.96" CO="395.14" HC="2.37" NOx="10.19" PMx="0.55" fuel="9.83" electricity="0.00" noise="80.51" route="routebottom" type="cfm-slow" waiting="0.00" lane="right_0" pos="46.48" speed="22.21" angle="280.93" x="71.31" y="131.84"/>
        <vehicle id="cfm-slow_4" eclass="HBEFA3/PC_G_EU4" CO2="28797.52" CO="521.79" HC="3.09" NOx="12.93" PMx="0.71" fuel="12.38" electricity="0.00" noise="83.79" route="routetop" type="cfm-slow" waiting="0.00" lane="top_0" pos="14.91" speed="24.65" angle="247.58" x="32.66" y="124.86"/>
        <vehicle id="cfm-slow_5" eclass="HBEFA3/PC_G_EU4" CO2="25207.77" CO="459.77" HC="2.72" NOx="11.17" PMx="0.62" fuel="10.84" electricity="0.00" noise="80.99" route="routetop" type="cfm-slow" waiting="0.00" lane="top_0" pos="35.87" speed="27.53" angle="210.00" x="1.72" y="93.17"/>
    </timestep>
    <timestep time="3.33">
        <vehicle id="cfm-fast_0" eclass="HBEFA3/PC_G_EU4" CO2="12070.34" CO="199.81" HC="1.21" NOx="4.94" PMx="0.29" fuel="5.19" electricity="0.00" noise="75.25" route="routetop" type="cfm-fast" waiting="0.00" lane="left_0" pos="10.03" speed="29.27" angle="166.34" x="-1.55" y="42.36"/>
        <vehicle id="cfm-fast_1" eclass="HBEFA3/PC_G_EU4" CO2="172548.86" CO="3713.48" HC="21.23" NOx="80.35" PMx="4.58" fuel="74.17" electricity="0.00" noise="136.54" route="routetop" type="cfm-fast" waiting="0.00" lane="left_1" pos="36.62" speed="44.98" angle="118.61" x="37.00" y="4.05"/>
        <vehicle id="cfm-fast_2" eclass="HBEFA3/PC_G_EU4" CO2="25158.00" CO="454.57" HC="2.70" NOx="11.17" PMx="0.62" fuel="10.81" electricity="0.00" noise="81.05" route="routetop" type="cfm-fast" waiting="0.00" lane="left_0" pos="33.80" speed="26.69" angle="123.71" x="30.20" y="3.78"/>
        <vehicle id="cfm-fast_3" eclass="HBEFA3/PC_G_EU4" CO2="11786.27" CO="188.01" HC="1.15" NOx="4.82" PMx="0.28" fuel="5.07" electricity="0.00" noise="74.87" route="routebottom" type="cfm-fast" waiting="0.00" lane="bottom_0" pos="3.03" speed="28.33" angle="89.06" x="70.27" y="-4.62"/>
        <vehicle id="cfm-fast_4" eclass="HBEFA3/PC_G_EU4" CO2="0.00" CO="0.00" HC="0.00" NOx="0.00" PMx="0.00" fuel="0.00" electricity="0.00" noise="71.06" route="routebottom" type="cfm-fast" waiting="0.00" lane="bottom_0" pos="23.89" speed="27.74" angle="51.47" x="110.45" y="13.50"/>
        <vehicle id="cfm-fast_5" eclass="HBEFA3/PC_G_EU4" CO2="174328.16" CO="3758.75" HC="21.48" NOx="81.18" PMx="4.63" fuel="74.93" electricity="0.00" noise="136.75" route="routebottom" type="cfm-fast" waiting="0.00" lane="right_1" pos="1.00" speed="45.41" angle="2.67" x="128.93" y="65.74"/>
        <vehicle id="cfm-slow_0" eclass="HBEFA3/PC_G_EU4" CO2="9400.50" CO="118.01" HC="0.77" NOx="3.89" PMx="0.20" fuel="4.04" electricity="0.00" noise="71.42" route="routebottom" type="cfm-slow" waiting="0.00" lane="bottom_0" pos="47.59" speed="19.89" angle="8.96" x="132.07" y="58.39"/>
        <vehicle id="cfm-slow_1" eclass="HBEFA3/PC_G_EU4" CO2="11556.59" CO="162.16" HC="1.02" NOx="4.90" PMx="0.25" fuel="4.97" electricity="0.00" noise="72.80" route="routebottom" type="cfm-slow" waiting="0.00" lane="right_0" pos="13.55" speed="20.14" angle="340.07" x="126.13" y="92.02"/>
        <vehicle id="cfm-slow_2" eclass="HBEFA3/PC_G_EU4" CO2="15997.14" CO="253.20" HC="1.55" NOx="6.98" PMx="0.37" fuel="6.88" electricity="0.00" noise="75.85" route="routebottom" type="cfm-slow" waiting="0.00" lane="right_0" pos="29.77" speed="20.80" angle="310.93" x="104.39" y="118.86"/>
        <vehicle id="cfm-slow_3" eclass="HBEFA3/PC_G_EU4" CO2="22886.69" CO="395.49" HC="2.37" NOx="10.20" PMx="0.55" fuel="9.84" electricity="0.00" noise="80.51" route="routebottom" type="cfm-slow" waiting="0.00" lane="right_0" pos="46.71" speed="22.24" angle="280.52" x="70.83" y="131.89"/>
        <vehicle id="cfm-slow_4" eclass="HBEFA3/PC_G_EU4" CO2="28730.70" CO="520.52" HC="3.08" NOx="12.90" PMx="0.71" fuel="12.35" electricity="0.00" noise="83.74" route="routetop" type="cfm-slow" waiting="0.00" lane="top_0" pos="15.16" speed="24.68" angle="247.11" x="32.18" y="124.62"/>
        <vehicle id="cfm-slow_5" eclass="HBEFA3/PC_G_EU4" CO2="25038.47" CO="456.43" HC="2.70" NOx="11.09" PMx="0.62" fuel="10.76" electricity="0.00" noise="80.89" route="routetop" type="cfm-slow" waiting="0.00" lane="top_0" pos="36.14" speed="27.56" angle="209.50" x="1.47" y="92.63"/>
    </timestep>
    <timestep time="3.34">
        <vehicle id="cfm-fast_0" eclass="HBEFA3/PC_G_EU4" CO2="11981.12" CO="198.03" HC="1.20" NOx="4.90" PMx="0.28" fuel="5.15" electricity="0.00" noise="75.22" route="routetop" type="cfm-fast" waiting="0.00" lane="left_0" pos="10.32" speed="29.27" angle="165.87" x="-1.36" y="41.76"/>
        <vehicle id="cfm-fast_1" eclass="HBEFA3/PC_G_EU4" CO2="173112.32" CO="3727.80" HC="21.31" NOx="80.61" PMx="4.59" fuel="74.41" electricity="0.00" noise="136.61" route="routetop" type="cfm-fast" waiting="0.00" lane="left_1" pos="37.07" speed="45.12" angle="117.76" x="37.85" y="3.67"/>
        <vehicle id="cfm-fast_2" eclass="HBEFA3/PC_G_EU4" CO2="24977.41" CO="450.98" HC="2.68" NOx="11.08" PMx="0.62" fuel="10.74" electricity="0.00" noise="80.94" route="routetop" type="cfm-fast" waiting="0.00" lane="left_0" pos="34.06" speed="26.72" angle="123.22" x="30.70" y="3.50"/>
        <vehicle id="cfm-fast_3" eclass="HBEFA3/PC_G_EU4" CO2="11456.62" CO="181.27" HC="1.11" NOx="4.67" PMx="0.27" fuel="4.92" electricity="0.00" noise="74.76" route="routebottom" type="cfm-fast" waiting="0.00" lane="bottom_0" pos="3.32" speed="28.34" angle="88.55" x="70.88" y="-4.56"/>
        <vehicle id="cfm-fast_4" eclass="HBEFA3/PC_G_EU4" CO2="0.00" CO="0.00" HC="0.00" NOx="0.00" PMx="0.00" fuel="0.00" electricity="0.00" noise="71.05" route="routebottom" type="cfm-fast" waiting="0.00" lane="bottom_0" pos="24.17" speed="27.71" angle="50.97" x="110.89" y="13.90"/>
        <vehicle id="cfm-fast_5" eclass="HBEFA3/PC_G_EU4" CO2="174892.54" CO="3773.15" HC="21.56" NOx="81.44" PMx="4.64" fuel="75.18" electricity="0.00" noise="136.82" route="routebottom" type="cfm-fast" waiting="0.00" lane="right_1" pos="1.46" speed="45.55" angle="1.88" x="128.90" y="66.67"/>
        <vehicle id="cfm-slow_0" eclass="HBEFA3/PC_G_EU4" CO2="9379.71" CO="117.56" HC="0.76" NOx="3.88" PMx="0.19" fuel="4.03" electricity="0.00" noise="71.41" route="routebottom" type="cfm-slow" waiting="0.00" lane="bottom_0" pos="47.79" speed="19.90" angle="8.58" x="132.10" y="58.82"/>
        <vehicle id="cfm-slow_1" eclass="HBEFA3/PC_G_EU4" CO2="11557.29" CO="162.16" HC="1.02" NOx="4.90" PMx="0.25" fuel="4.97" electricity="0.00" noise="72.81" route="routebottom" type="cfm-slow" waiting="0.00" lane="right_0" pos="13.75" speed="20.16" angle="339.71" x="125.95" y="92.42"/>
        <vehicle id="cfm-slow_2" eclass="HBEFA3/PC_G_EU4" CO2="16020.35" CO="253.67" HC="1.55" NOx="6.99" PMx="0.37" fuel="6.89" electricity="0.00" noise="75.86" route="routebottom" type="cfm-slow" waiting="0.00" lane="right_0" pos="29.98" speed="20.82" angle="310.55" x="104.03" y="119.12"/>
        <vehicle id="cfm-slow_3" eclass="HBEFA3/PC_G_EU4" CO2="22902.03" CO="395.84" HC="2.37" NOx="10.21" PMx="0.55" fuel="9.84" electricity="0.00" noise="80.51" route="routebottom" type="cfm-slow" waiting="0.00" lane="right_0" pos="46.93" speed="22.28" angle="280.11" x="70.35" y="131.94"/>
        <vehicle id="cfm-slow_4" eclass="HBEFA3/PC_G_EU4" CO2="28663.19" CO="519.25" HC="3.08" NOx="12.87" PMx="0.71" fuel="12.32" electricity="0.00" noise="83.68" route="routetop" type="cfm-slow" waiting="0.00" lane="top_0" pos="15.41" speed="24.72" angle="246.72" x="31.71" y="124.38"/>
        <vehicle id="cfm-slow_5" eclass="HBEFA3/PC_G_EU4" CO2="24870.02" CO="453.11" HC="2.68" NOx="11.01" PMx="0.62" fuel="10.69" electricity="0.00" noise="80.79" route="routetop" type="cfm-slow" waiting="0.00" lane="top_0" pos="36.42" speed="27.58" angle="208.99" x="1.23" y="92.09"/>
    </timestep>
    <timestep time="3.35">
        <vehicle id="cfm-fast_0" eclass="HBEFA3/PC_G_EU4" CO2="11892.81" CO="196.27" HC="1.19" NOx="4.85" PMx="0.28" fuel="5.11" electricity="0.00" noise="75.20" route="routetop" type="cfm-fast" waiting="0.00" lane="left_0" pos="10.61" speed="29.28" angle="165.33" x="-1.15" y="41.16"/>
        <vehicle id="cfm-fast_1" eclass="HBEFA3/PC_G_EU4" CO2="173676.07" CO="3742.14" HC="21.39" NOx="80.87" PMx="4.61" fuel="74.65" electricity="0.00" noise="136.67" route="routetop" type="cfm-fast" waiting="0.00" lane="left_1" pos="37.53" speed="45.25" angle="116.97" x="38.71" y="3.32"/>
        <vehicle id="cfm-fast_2" eclass="HBEFA3/PC_G_EU4" CO2="24795.73" CO="447.38" HC="2.66" NOx="11.00" PMx="0.61" fuel="10.66" electricity="0.00" noise="80.84" route="routetop" type="cfm-fast" waiting="0.00" lane="left_0" pos="34.33" speed="26.75" angle="122.73" x="31.21" y="3.22"/>
        <vehicle id="cfm-fast_3" eclass="HBEFA3/PC_G_EU4" CO2="11129.41" CO="174.58" HC="1.08" NOx="4.51" PMx="0.26" fuel="4.78" electricity="0.00" noise="74.66" route="routebottom" type="cfm-fast" waiting="0.00" lane="bottom_0" pos="3.60" speed="28.35" angle="88.04" x="71.49" y="-4.50"/>
        <vehicle id="cfm-fast_4" eclass="HBEFA3/PC_G_EU4" CO2="0.00" CO="0.00" HC="0.00" NOx="0.00" PMx="0.00" fuel="0.00" electricity="0.00" noise="71.03" route="routebottom" type="cfm-fast" waiting="0.00" lane="bottom_0" pos="24.44" speed="27.68" angle="50.52" x="111.32" y="14.31"/>
        <vehicle id="cfm-fast_5" eclass="HBEFA3/PC_G_EU4" CO2="175457.21" CO="3787.56" HC="21.64" NOx="81.71" PMx="4.66" fuel="75.42" electricity="0.00" noise="136.88" route="routebottom" type="cfm-fast" waiting="0.00" lane="right_1" pos="1.91" speed="45.68" angle="1.05" x="128.84" y="67.61"/>
        <vehicle id="cfm-slow_0" eclass="HBEFA3/PC_G_EU4" CO2="9359.46" CO="117.14" HC="0.76" NOx="3.87" PMx="0.19" fuel="4.02" electricity="0.00" noise="71.40" route="routebottom" type="cfm-slow" waiting="0.00" lane="bottom_0" pos="47.99" speed="19.91" angle="8.21" x="132.12" y="59.24"/>
        <vehicle id="cfm-slow_1" eclass="HBEFA3/PC_G_EU4" CO2="11558.53" CO="162.17" HC="1.02" NOx="4.90" PMx="0.25" fuel="4.97" electricity="0.00" noise="72.81" route="routebottom" type="cfm-slow" waiting="0.00" lane="right_0" pos="13.95" speed="20.17" angle="339.35" x="125.77" y="92.82"/>
        <vehicle id="cfm-slow_2" eclass="HBEFA3/PC_G_EU4" CO2="16043.81" CO="254.15" HC="1.55" NOx="7.00" PMx="0.37" fuel="6.90" electricity="0.00" noise="75.88" route="routebottom" type="cfm-slow" waiting="0.00" lane="right_0" pos="30.19" speed="20.85" angle="310.16" x="103.66" y="119.38"/>
        <vehicle id="cfm-slow_3" eclass="HBEFA3/PC_G_EU4" CO2="22916.98" CO="396.18" HC="2.37" NOx="10.21" PMx="0.55" fuel="9.85" electricity="0.00" noise="80.51" route="routebottom" type="cfm-slow" waiting="0.00" lane="right_0" pos="47.15" speed="22.31" angle="279.70" x="69.88" y="131.99"/>
        <vehicle id="cfm-slow_4" eclass="HBEFA3/PC_G_EU4" CO2="28595.02" CO="517.95" HC="3.07" NOx="12.84" PMx="0.70" fuel="12.29" electricity="0.00" noise="83.62" route="routetop" type="cfm-slow" waiting="0.00" lane="top_0" pos="15.65" speed="24.76" angle="246.27" x="31.24" y="124.12"/>
        <vehicle id="cfm-slow_5" eclass="HBEFA3/PC_G_EU4" CO2="24702.45" CO="449.81" HC="2.67" NOx="10.93" PMx="0.61" fuel="10.62" electricity="0.00" noise="80.70" route="routetop" type="cfm-slow" waiting="0.00" lane="top_0" pos="36.70" speed="27.61" angle="208.47" x="0.99" y="91.55"/>
    </timestep>
    <timestep time="3.36">
        <vehicle id="cfm-fast_0" eclass="HBEFA3/PC_G_EU4" CO2="11805.38" CO="194.53" HC="1.18" NOx="4.81" PMx="0.28" fuel="5.07" electricity="0.00" noise="75.17" route="routetop" type="cfm-fast" waiting="0.00" lane="left_0" pos="10.90" speed="29.29" angle="164.79" x="-0.93" y="40.57"/>
        <vehicle id="cfm-fast_1" eclass="HBEFA3/PC_G_EU4" CO2="174240.11" CO="3756.51" HC="21.47" NOx="81.14" PMx="4.63" fuel="74.90" electricity="0.00" noise="136.74" route="routetop" type="cfm-fast" waiting="0.00" lane="left_1" pos="37.98" speed="45.39" angle="116.12" x="39.57" y="2.97"/>
        <vehicle id="cfm-fast_2" eclass="HBEFA3/PC_G_EU4" CO2="24612.98" CO="443.75" HC="2.63" NOx="10.91" PMx="0.61" fuel="10.58" electricity="0.00" noise="80.73" route="routetop" type="cfm-fast" waiting="0.00" lane="left_0" pos="34.60" speed="26.78" angle="122.29" x="31.71" y="2.94"/>
        <vehicle id="cfm-fast_3" eclass="HBEFA3/PC_G_EU4" CO2="10804.68" CO="167.94" HC="1.04" NOx="4.36" PMx="0.25" fuel="4.64" electricity="0.00" noise="74.56" route="routebottom" type="cfm-fast" waiting="0.00" lane="bottom_0" pos="3.88" speed="28.36" angle="87.55" x="72.09" y="-4.43"/>
        <vehicle id="cfm-fast_4" eclass="HBEFA3/PC_G_EU4" CO2="0.00" CO="0.00" HC="0.00" NOx="0.00" PMx="0.00" fuel="0.00" electricity="0.00" noise="71.02" route="routebottom" type="cfm-fast" waiting="0.00" lane="bottom_0" pos="24.72" speed="27.66" angle="50.00" x="111.74" y="14.73"/>
        <vehicle id="cfm-fast_5" eclass="HBEFA3/PC_G_EU4" CO2="176022.17" CO="3801.99" HC="21.72" NOx="81.97" PMx="4.68" fuel="75.66" electricity="0.00" noise="136.95" route="routebottom" type="cfm-fast" waiting="0.00" lane="right_1" pos="2.37" speed="45.82" angle="0.21" x="128.79" y="68.55"/>
        <vehicle id="cfm-slow_0" eclass="HBEFA3/PC_G_EU4" CO2="9339.75" CO="116.72" HC="0.76" NOx="3.86" PMx="0.19" fuel="4.01" electricity="0.00" noise="71.39" route="routebottom" type="cfm-slow" waiting="0.00" lane="bottom_0" pos="48.19" speed="19.92" angle="7.83" x="132.15" y="59.67"/>
        <vehicle id="cfm-slow_1" eclass="HBEFA3/PC_G_EU4" CO2="11560.30" CO="162.19" HC="1.02" NOx="4.90" PMx="0.25" fuel="4.97" electricity="0.00" noise="72.81" route="routebottom" type="cfm-slow" waiting="0.00" lane="right_0" pos="14.15" speed="20.19" angle="339.03" x="125.59" y="93.21"/>
        <vehicle id="cfm-slow_2" eclass="HBEFA3/PC_G_EU4" CO2="16067.52" CO="254.63" HC="1.56" NOx="7.01" PMx="0.37" fuel="6.91" electricity="0.00" noise="75.89" route="routebottom" type="cfm-slow" waiting="0.00" lane="right_0" pos="30.40" speed="20.87" angle="309.77" x="103.30" y="119.65"/>
        <vehicle id="cfm-slow_3" eclass="HBEFA3/PC_G_EU4" CO2="22931.52" CO="396.51" HC="2.37" NOx="10.22" PMx="0.55" fuel="9.86" electricity="0.00" noise="80.51" route="routebottom" type="cfm-slow" waiting="0.00" lane="right_0" pos="47.38" speed="22.34" angle="279.31" x="69.40" y="132.04"/>
        <vehicle id="cfm-slow_4" eclass="HBEFA3/PC_G_EU4" CO2="28526.19" CO="516.65" HC="3.06" NOx="12.80" PMx="0.70" fuel="12.26" electricity="0.00" noise="83.56" route="routetop" type="cfm-slow" waiting="0.00" lane="top_0" pos="15.90" speed="24.80" angle="245.83" x="30.77" y="123.86"/>
        <vehicle id="cfm-slow_5" eclass="HBEFA3/PC_G_EU4" CO2="24535.74" CO="446.52" HC="2.65" NOx="10.86" PMx="0.61" fuel="10.55" electricity="0.00" noise="80.61" route="routetop" type="cfm-slow" waiting="0.00" lane="top_0" pos="36.97" speed="27.64" angle="207.95" x="0.74" y="91.01"/>
    </timestep>
    <timestep time="3.37">
        <vehicle id="cfm-fast_0" eclass="HBEFA3/PC_G_EU4" CO2="11718.80" CO="192.80" HC="1.17" NOx="4.77" PMx="0.28" fuel="5.04" electricity="0.00" noise="75.15" route="routetop" type="cfm-fast" waiting="0.00" lane="left_0" pos="11.20" speed="29.30" angle="164.24" x="-0.72" y="39.98"/>
        <vehicle id="cfm-fast_1" eclass="HBEFA3/PC_G_EU4" CO2="174804.44" CO="3770.90" HC="21.55" NOx="81.40" PMx="4.64" fuel="75.14" electricity="0.00" noise="136.81" route="routetop" type="cfm-fast" waiting="0.00" lane="left_1" pos="38.43" speed="45.52" angle="115.30" x="40.44" y="2.63"/>
        <vehicle id="cfm-fast_2" eclass="HBEFA3/PC_G_EU4" CO2="24429.19" CO="440.09" HC="2.61" NOx="10.82" PMx="0.60" fuel="10.50" electricity="0.00" noise="80.62" route="routetop" type="cfm-fast" waiting="0.00" lane="left_0" pos="34.87" speed="26.80" angle="121.80" x="32.23" y="2.68"/>
        <vehicle id="cfm-fast_3" eclass="HBEFA3/PC_G_EU4" CO2="10482.46" CO="161.35" HC="1.00" NOx="4.21" PMx="0.24" fuel="4.51" electricity="0.00" noise="74.46" route="routebottom" type="cfm-fast" waiting="0.00" lane="bottom_0" pos="4.17" speed="28.37" angle="87.03" x="72.70" y="-4.34"/>
        <vehicle id="cfm-fast_4" eclass="HBEFA3/PC_G_EU4" CO2="0.00" CO="0.00" HC="0.00" NOx="0.00" PMx="0.00" fuel="0.00" electricity="0.00" noise="71.00" route="routebottom" type="cfm-fast" waiting="0.00" lane="bottom_0" pos="24.99" speed="27.63" angle="49.49" x="112.16" y="15.15"/>
        <vehicle id="cfm-fast_5" eclass="HBEFA3/PC_G_EU4" CO2="176587.43" CO="3816.45" HC="21.80" NOx="82.24" PMx="4.69" fuel="75.91" electricity="0.00" noise="137.01" route="routebottom" type="cfm-fast" waiting="0.00" lane="right_1" pos="2.83" speed="45.95" angle="359.43" x="128.71" y="69.49"/>
        <vehicle id="cfm-slow_0" eclass="HBEFA3/PC_G_EU4" CO2="9320.56" CO="116.31" HC="0.76" NOx="3.85" PMx="0.19" fuel="4.01" electricity="0.00" noise="71.39" route="routebottom" type="cfm-slow" waiting="0.00" lane="bottom_0" pos="48.39" speed="19.94" angle="7.46" x="132.17" y="60.10"/>
        <vehicle id="cfm-slow_1" eclass="HBEFA3/PC_G_EU4" CO2="11562.60" CO="162.23" HC="1.02" NOx="4.90" PMx="0.25" fuel="4.97" electricity="0.00" noise="72.82" route="routebottom" type="cfm-slow" waiting="0.00" lane="right_0" pos="14.35" speed="20.20" angle="338.64" x="125.39" y="93.60"/>
        <vehicle id="cfm-slow_2" eclass="HBEFA3/PC_G_EU4" CO2="16091.47" CO="255.12" HC="1.56" NOx="7.02" PMx="0.37" fuel="6.92" electricity="0.00" noise="75.91" route="routebottom" type="cfm-slow" waiting="0.00" lane="right_0" pos="30.61" speed="20.90" angle="309.38" x="102.93" y="119.91"/>
        <vehicle id="cfm-slow_3" eclass="HBEFA3/PC_G_EU4" CO2="22945.65" CO="396.83" HC="2.38" NOx="10.22" PMx="0.55" fuel="9.86" electricity="0.00" noise="80.51" route="routebottom" type="cfm-slow" waiting="0.00" lane="right_0" pos="47.60" speed="22.37" angle="278.94" x="68.92" y="132.08"/>
        <vehicle id="cfm-slow_4" eclass="HBEFA3/PC_G_EU4" CO2="28456.70" CO="515.34" HC="3.05" NOx="12.77" PMx="0.70" fuel="12.23" electricity="0.00" noise="83.51" route="routetop" type="cfm-slow" waiting="0.00" lane="top_0" pos="16.15" speed="24.83" angle="245.38" x="30.31" y="123.60"/>
        <vehicle id="cfm-slow_5" eclass="HBEFA3/PC_G_EU4" CO2="24369.90" CO="443.25" HC="2.63" NOx="10.78" PMx="0.60" fuel="10.48" electricity="0.00" noise="80.51" route="routetop" type="cfm-slow" waiting="0.00" lane="top_0" pos="37.25" speed="27.66" angle="207.51" x="0.50" y="90.47"/>
    </timestep>
    <timestep time="3.38">
        <vehicle id="cfm-fast_0" eclass="HBEFA3/PC_G_EU4" CO2="11633.04" CO="191.09" HC="1.16" NOx="4.73" PMx="0.28" fuel="5.00" electricity="0.00" noise="75.12" route="routetop" type="cfm-fast" waiting="0.00" lane="left_0" pos="11.49" speed="29.31" angle="163.76" x="-0.51" y="39.38"/>
        <vehicle id="cfm-fast_1" eclass="HBEFA3/PC_G_EU4" CO2="175369.07" CO="3785.31" HC="21.63" NOx="81.67" PMx="4.66" fuel="75.38" electricity="0.00" noise="136.87" route="routetop" type="cfm-fast" waiting="0.00" lane="left_1" pos="38.89" speed="45.66" angle="114.48" x="41.32" y="2.31"/>
        <vehicle id="cfm-fast_2" eclass="HBEFA3/PC_G_EU4" CO2="24244.39" CO="436.42" HC="2.59" NOx="10.74" PMx="0.60" fuel="10.42" electricity="0.00" noise="80.51" route="routetop" type="cfm-fast" waiting="0.00" lane="left_0" pos="35.13" speed="26.83" angle="121.31" x="32.74" y="2.42"/>
        <vehicle id="cfm-fast_3" eclass="HBEFA3/PC_G_EU4" CO2="10162.76" CO="154.81" HC="0.96" NOx="4.06" PMx="0.23" fuel="4.37" electricity="0.00" noise="74.36" route="routebottom" type="cfm-fast" waiting="0.00" lane="bottom_0" pos="4.45" speed="28.37" angle="86.52" x="73.30" y="-4.26"/>
        <vehicle id="cfm-fast_4" eclass="HBEFA3/PC_G_EU4" CO2="0.00" CO="0.00" HC="0.00" NOx="0.00" PMx="0.00" fuel="0.00" electricity="0.00" noise="70.99" route="routebottom" type="cfm-fast" waiting="0.00" lane="bottom_0" pos="25.27" speed="27.60" angle="48.98" x="112.58" y="15.57"/>
        <vehicle id="cfm-fast_5" eclass="HBEFA3/PC_G_EU4" CO2="177152.98" CO="3830.93" HC="21.88" NOx="82.50" PMx="4.71" fuel="76.15" electricity="0.00" noise="137.08" route="routebottom" type="cfm-fast" waiting="0.00" lane="right_1" pos="3.29" speed="46.09" angle="358.59" x="128.61" y="70.43"/>
        <vehicle id="cfm-slow_0" eclass="HBEFA3/PC_G_EU4" CO2="9301.91" CO="115.91" HC="0.76" NOx="3.84" PMx="0.19" fuel="4.00" electricity="0.00" noise="71.38" route="routebottom" type="cfm-slow" waiting="0.00" lane="bottom_0" pos="48.59" speed="19.95" angle="7.08" x="132.20" y="60.53"/>
        <vehicle id="cfm-slow_1" eclass="HBEFA3/PC_G_EU4" CO2="11565.43" CO="162.27" HC="1.02" NOx="4.90" PMx="0.25" fuel="4.97" electricity="0.00" noise="72.82" route="routebottom" type="cfm-slow" waiting="0.00" lane="right_0" pos="14.56" speed="20.22" angle="338.26" x="125.20" y="93.99"/>
        <vehicle id="cfm-slow_2" eclass="HBEFA3/PC_G_EU4" CO2="16115.64" CO="255.61" HC="1.56" NOx="7.03" PMx="0.37" fuel="6.93" electricity="0.00" noise="75.92" route="routebottom" type="cfm-slow" waiting="0.00" lane="right_0" pos="30.82" speed="20.92" angle="309.06" x="102.57" y="120.17"/>
        <vehicle id="cfm-slow_3" eclass="HBEFA3/PC_G_EU4" CO2="22959.36" CO="397.15" HC="2.38" NOx="10.23" PMx="0.55" fuel="9.87" electricity="0.00" noise="80.51" route="routebottom" type="cfm-slow" waiting="0.00" lane="right_0" pos="47.82" speed="22.41" angle="278.52" x="68.44" y="132.10"/>
        <vehicle id="cfm-slow_4" eclass="HBEFA3/PC_G_EU4" CO2="28386.58" CO="514.01" HC="3.05" NOx="12.73" PMx="0.70" fuel="12.20" electricity="0.00" noise="83.45" route="routetop" type="cfm-slow" waiting="0.00" lane="top_0" pos="16.40" speed="24.87" angle="244.93" x="29.84" y="123.34"/>
        <vehicle id="cfm-slow_5" eclass="HBEFA3/PC_G_EU4" CO2="24204.93" CO="440.00" HC="2.61" NOx="10.70" PMx="0.60" fuel="10.40" electricity="0.00" noise="80.42" route="routetop" type="cfm-slow" waiting="0.00" lane="top_0" pos="37.53" speed="27.69" angle="207.00" x="0.28" y="89.91"/>
    </timestep>
    <timestep time="3.39">
        <vehicle id="cfm-fast_0" eclass="HBEFA3/PC_G_EU4" CO2="11548.07" CO="189.39" HC="1.15" NOx="4.69" PMx="0.27" fuel="4.96" electricity="0.00" noise="75.10" route="routetop" type="cfm-fast" waiting="0.00" lane="left_0" pos="11.78" speed="29.31" angle="163.25" x="-0.28" y="38.80"/>
        <vehicle id="cfm-fast_1" eclass="HBEFA3/PC_G_EU4" CO2="175933.99" CO="3799.74" HC="21.71" NOx="81.93" PMx="4.67" fuel="75.63" electricity="0.00" noise="136.94" route="routetop" type="cfm-fast" waiting="0.00" lane="left_1" pos="39.35" speed="45.80" angle="113.64" x="42.20" y="1.99"/>
        <vehicle id="cfm-fast_2" eclass="HBEFA3/PC_G_EU4" CO2="24058.60" CO="432.73" HC="2.57" NOx="10.65" PMx="0.59" fuel="10.34" electricity="0.00" noise="80.40" route="routetop" type="cfm-fast" waiting="0.00" lane="left_0" pos="35.40" speed="26.86" angle="120.81" x="33.26" y="2.17"/>
        <vehicle id="cfm-fast_3" eclass="HBEFA3/PC_G_EU4" CO2="9845.60" CO="148.32" HC="0.92" NOx="3.91" PMx="0.23" fuel="4.23" electricity="0.00" noise="74.27" route="routebottom" type="cfm-fast" waiting="0.00" lane="bottom_0" pos="4.73" speed="28.38" angle="86.00" x="73.91" y="-4.17"/>
        <vehicle id="cfm-fast_4" eclass="HBEFA3/PC_G_EU4" CO2="0.00" CO="0.00" HC="0.00" NOx="0.00" PMx="0.00" fuel="0.00" electricity="0.00" noise="70.97" route="routebottom" type="cfm-fast" waiting="0.00" lane="bottom_0" pos="25.55" speed="27.58" angle="48.49" x="113.00" y="15.99"/>
        <vehicle id="cfm-fast_5" eclass="HBEFA3/PC_G_EU4" CO2="177718.82" CO="3845.43" HC="21.96" NOx="82.76" PMx="4.73" fuel="76.39" electricity="0.00" noise="137.15" route="routebottom" type="cfm-fast" waiting="0.00" lane="right_1" pos="3.75" speed="46.23" angle="357.75" x="128.52" y="71.37"/>
        <vehicle id="cfm-slow_0" eclass="HBEFA3/PC_G_EU4" CO2="9283.78" CO="115.53" HC="0.75" NOx="3.83" PMx="0.19" fuel="3.99" electricity="0.00" noise="71.37" route="routebottom" type="cfm-slow" waiting="0.00" lane="bottom_0" pos="48.79" speed="19.96" angle="6.77" x="132.22" y="60.96"/>
        <vehicle id="cfm-slow_1" eclass="HBEFA3/PC_G_EU4" CO2="11568.77" CO="162.33" HC="1.02" NOx="4.91" PMx="0.25" fuel="4.97" electricity="0.00" noise="72.82" route="routebottom" type="cfm-slow" waiting="0.00" lane="right_0" pos="14.76" speed="20.23" angle="337.87" x="125.00" y="94.38"/>
        <vehicle id="cfm-slow_2" eclass="HBEFA3/PC_G_EU4" CO2="16140.04" CO="256.11" HC="1.56" NOx="7.05" PMx="0.37" fuel="6.94" electricity="0.00" noise="75.94" route="routebottom" type="cfm-slow" waiting="0.00" lane="right_0" pos="31.03" speed="20.94" angle="308.68" x="102.19" y="120.42"/>
        <vehicle id="cfm-slow_3" eclass="HBEFA3/PC_G_EU4" CO2="22972.66" CO="397.46" HC="2.38" NOx="10.24" PMx="0.55" fuel="9.87" electricity="0.00" noise="80.51" route="routebottom" type="cfm-slow" waiting="0.00" lane="right_0" pos="48.05" speed="22.44" angle="278.10" x="67.96" y="132.13"/>
        <vehicle id="cfm-slow_4" eclass="HBEFA3/PC_G_EU4" CO2="28315.83" CO="512.67" HC="3.04" NOx="12.70" PMx="0.70" fuel="12.17" electricity="0.00" noise="83.39" route="routetop" type="cfm-slow" waiting="0.00" lane="top_0" pos="16.65" speed="24.91" angle="244.53" x="29.37" y="123.09"/>
        <vehicle id="cfm-slow_5" eclass="HBEFA3/PC_G_EU4" CO2="24040.84" CO="436.77" HC="2.59" NOx="10.62" PMx="0.59" fuel="10.33" electricity="0.00" noise="80.33" route="routetop" type="cfm-slow" waiting="0.00" lane="top_0" pos="37.80" speed="27.72" angle="206.49" x="0.06" y="89.36"/>
    </timestep>
    <timestep time="3.40">
        <vehicle id="cfm-fast_0" eclass="HBEFA3/PC_G_EU4" CO2="11463.86" CO="187.71" HC="1.14" NOx="4.65" PMx="0.27" fuel="4.93" electricity="0.00" noise="75.07" route="routetop" type="cfm-fast" waiting="0.00" lane="left_0" pos="12.08" speed="29.32" angle="162.73" x="-0.04" y="38.21"/>
        <vehicle id="cfm-fast_1" eclass="HBEFA3/PC_G_EU4" CO2="176499.20" CO="3814.19" HC="21.79" NOx="82.19" PMx="4.69" fuel="75.87" electricity="0.00" noise="137.00" route="routetop" type="cfm-fast" waiting="0.00" lane="left_1" pos="39.81" speed="45.93" angle="112.86" x="43.09" y="1.68"/>
        <vehicle id="cfm-fast_2" eclass="HBEFA3/PC_G_EU4" CO2="23871.86" CO="429.01" HC="2.55" NOx="10.56" PMx="0.59" fuel="10.26" electricity="0.00" noise="80.30" route="routetop" type="cfm-fast" waiting="0.00" lane="left_0" pos="35.67" speed="26.89" angle="120.31" x="33.78" y="1.91"/>
        <vehicle id="cfm-fast_3" eclass="HBEFA3/PC_G_EU4" CO2="9531.02" CO="141.88" HC="0.89" NOx="3.76" PMx="0.22" fuel="4.10" electricity="0.00" noise="74.18" route="routebottom" type="cfm-fast" waiting="0.00" lane="bottom_0" pos="5.02" speed="28.38" angle="85.42" x="74.51" y="-4.09"/>
        <vehicle id="cfm-fast_4" eclass="HBEFA3/PC_G_EU4" CO2="0.00" CO="0.00" HC="0.00" NOx="0.00" PMx="0.00" fuel="0.00" electricity="0.00" noise="70.96" route="routebottom" type="cfm-fast" waiting="0.00" lane="bottom_0" pos="25.82" speed="27.55" angle="48.02" x="113.41" y="16.42"/>
        <vehicle id="cfm-fast_5" eclass="HBEFA3/PC_G_EU4" CO2="178284.95" CO="3859.95" HC="22.04" NOx="83.03" PMx="4.74" fuel="76.64" electricity="0.00" noise="137.21" route="routebottom" type="cfm-fast" waiting="0.00" lane="right_1" pos="4.22" speed="46.36" angle="356.94" x="128.39" y="72.31"/>
        <vehicle id="cfm-slow_0" eclass="HBEFA3/PC_G_EU4" CO2="9266.17" CO="115.15" HC="0.75" NOx="3.83" PMx="0.19" fuel="3.98" electricity="0.00" noise="71.36" route="routebottom" type="cfm-slow" waiting="0.00" lane="bottom_0" pos="48.99" speed="19.97" angle="6.40" x="132.23" y="61.39"/>
        <vehicle id="cfm-slow_1" eclass="HBEFA3/PC_G_EU4" CO2="11572.62" CO="162.40" HC="1.02" NOx="4.91" PMx="0.25" fuel="4.97" electricity="0.00" noise="72.83" route="routebottom" type="cfm-slow" waiting="0.00" lane="right_0" pos="14.96" speed="20.25" angle="337.49" x="124.81" y="94.77"/>
        <vehicle id="cfm-slow_2" eclass="HBEFA3/PC_G_EU4" CO2="16164.66" CO="256.61" HC="1.57" NOx="7.06" PMx="0.37" fuel="6.95" electricity="0.00" noise="75.95" route="routebottom" type="cfm-slow" waiting="0.00" lane="right_0" pos="31.24" speed="20.97" angle="308.30" x="101.82" y="120.67"/>
        <vehicle id="cfm-slow_3" eclass="HBEFA3/PC_G_EU4" CO2="22985.54" CO="397.76" HC="2.38" NOx="10.24" PMx="0.55" fuel="9.88" electricity="0.00" noise="80.51" route="routebottom" type="cfm-slow" waiting="0.00" lane="right_0" pos="48.27" speed="22.47" angle="277.68" x="67.47" y="132.16"/>
        <vehicle id="cfm-slow_4" eclass="HBEFA3/PC_G_EU4" CO2="28244.46" CO="511.31" HC="3.03" NOx="12.67" PMx="0.70" fuel="12.14" electricity="0.00" noise="83.33" route="routetop" type="cfm-slow" waiting="0.00" lane="top_0" pos="16.90" speed="24.95" angle="244.08" x="28.91" y="122.81"/>
        <vehicle id="cfm-slow_5" eclass="HBEFA3/PC_G_EU4" CO2="23877.62" CO="433.55" HC="2.57" NOx="10.54" PMx="0.59" fuel="10.26" electricity="0.00" noise="80.24" route="routetop" type="cfm-slow" waiting="0.00" lane="top_0" pos="38.08" speed="27.74" angle="205.98" x="-0.16" y="88.80"/>
    </timestep>
    <timestep time="3.41">
        <vehicle id="cfm-fast_0" eclass="HBEFA3/PC_G_EU4" CO2="11380.38" CO="186.04" HC="1.13" NOx="4.61" PMx="0.27" fuel="4.89" electricity="0.00" noise="75.05" route="routetop" type="cfm-fast" waiting="0.00" lane="left_0" pos="12.37" speed="29.33" angle="162.21" x="0.19" y="37.62"/>
        <vehicle id="cfm-fast_1" eclass="HBEFA3/PC_G_EU4" CO2="177064.70" CO="3828.67" HC="21.87" NOx="82.46" PMx="4.71" fuel="76.11" electricity="0.00" noise="137.07" route="routetop" type="cfm-fast" waiting="0.00" lane="left_1" pos="40.27" speed="46.07" angle="112.00" x="43.99" y="1.40"/>
        <vehicle id="cfm-fast_2" eclass="HBEFA3/PC_G_EU4" CO2="23684.19" CO="425.28" HC="2.53" NOx="10.47" PMx="0.58" fuel="10.18" electricity="0.00" noise="80.19" route="routetop" type="cfm-fast" waiting="0.00" lane="left_0" pos="35.94" speed="26.91" angle="119.87" x="34.30" y="1.65"/>
        <vehicle id="cfm-fast_3" eclass="HBEFA3/PC_G_EU4" CO2="9219.02" CO="135.48" HC="0.85" NOx="3.61" PMx="0.21" fuel="3.96" electricity="0.00" noise="74.09" route="routebottom" type="cfm-fast" waiting="0.00" lane="bottom_0" pos="5.30" speed="28.39" angle="84.94" x="75.11" y="-3.99"/>
        <vehicle id="cfm-fast_4" eclass="HBEFA3/PC_G_EU4" CO2="0.00" CO="0.00" HC="0.00" NOx="0.00" PMx="0.00" fuel="0.00" electricity="0.00" noise="70.94" route="routebottom" type="cfm-fast" waiting="0.00" lane="bottom_0" pos="26.10" speed="27.52" angle="47.52" x="113.81" y="16.86"/>
        <vehicle id="cfm-fast_5" eclass="HBEFA3/PC_G_EU4" CO2="178851.37" CO="3874.49" HC="22.12" NOx="83.29" PMx="4.76" fuel="76.88" electricity="0.00" noise="137.28" route="routebottom" type="cfm-fast" waiting="0.00" lane="right_1" pos="4.68" speed="46.50" angle="356.09" x="128.26" y="73.25"/>
        <vehicle id="cfm-slow_0" eclass="HBEFA3/PC_G_EU4" CO2="9249.09" CO="114.79" HC="0.75" NOx="3.82" PMx="0.19" fuel="3.98" electricity="0.00" noise="71.36" route="routebottom" type="cfm-slow" waiting="0.00" lane="bottom_0" pos="49.19" speed="19.98" angle="6.03" x="132.24" y="61.82"/>
        <vehicle id="cfm-slow_1" eclass="HBEFA3/PC_G_EU4" CO2="11576.98" CO="162.47" HC="1.02" NOx="4.91" PMx="0.25" fuel="4.98" electricity="0.00" noise="72.83" route="routebottom" type="cfm-slow" waiting="0.00" lane="right_0" pos="15.16" speed="20.27" angle="337.10" x="124.61" y="95.16"/>
        <vehicle id="cfm-slow_2" eclass="HBEFA3/PC_G_EU4" CO2="16189.48" CO="257.12" HC="1.57" NOx="7.07" PMx="0.37" fuel="6.96" electricity="0.00" noise="75.97" route="routebottom" type="cfm-slow" waiting="0.00" lane="right_0" pos="31.45" speed="20.99" angle="307.92" x="101.44" y="120.92"/>
        <vehicle id="cfm-slow_3" eclass="HBEFA3/PC_G_EU4" CO2="22998.00" CO="398.05" HC="2.38" NOx="10.25" PMx="0.55" fuel="9.89" electricity="0.00" noise="80.51" route="routebottom" type="cfm-slow" waiting="0.00" lane="right_0" pos="48.50" speed="22.51" angle="277.26" x="66.99" y="132.19"/>
        <vehicle id="cfm-slow_4" eclass="HBEFA3/PC_G_EU4" CO2="28172.48" CO="509.95" HC="3.02" NOx="12.63" PMx="0.69" fuel="12.11" electricity="0.00" noise="83.27" route="routetop" type="cfm-slow" waiting="0.00" lane="top_0" pos="17.15" speed="24.98" angle="243.63" x="28.45" y="122.54"/>
        <vehicle id="cfm-slow_5" eclass="HBEFA3/PC_G_EU4" CO2="23715.28" CO="430.35" HC="2.55" NOx="10.47" PMx="0.59" fuel="10.19" electricity="0.00" noise="80.16" route="routetop" type="cfm-slow" waiting="0.00" lane="top_0" pos="38.36" speed="27.77" angle="205.47" x="-0.39" y="88.25"/>
    </timestep>
    <timestep time="3.42">
        <vehicle id="cfm-fast_0" eclass="HBEFA3/PC_G_EU4" CO2="11297.60" CO="184.39" HC="1.13" NOx="4.57" PMx="0.27" fuel="4.86" electricity="0.00" noise="75.03" route="routetop" type="cfm-fast" waiting="0.00" lane="left_0" pos="12.66" speed="29.34" angle="161.69" x="0.43" y="37.04"/>
        <vehicle id="cfm-fast_1" eclass="HBEFA3/PC_G_EU4" CO2="177630.50" CO="3843.16" HC="21.95" NOx="82.72" PMx="4.72" fuel="76.35" electricity="0.00" noise="137.14" route="routetop" type="cfm-fast" waiting="0.00" lane="left_1" pos="40.73" speed="46.21" angle="111.14" x="44.90" y="1.11"/>
        <vehicle id="cfm-fast_2" eclass="HBEFA3/PC_G_EU4" CO2="23495.62" CO="421.52" HC="2.51" NOx="10.38" PMx="0.58" fuel="10.10" electricity="0.00" noise="80.08" route="routetop" type="cfm-fast" waiting="0.00" lane="left_0" pos="36.21" speed="26.94" angle="119.37" x="34.82" y="1.41"/>
        <vehicle id="cfm-fast_3" eclass="HBEFA3/PC_G_EU4" CO2="8909.63" CO="129.14" HC="0.81" NOx="3.47" PMx="0.20" fuel="3.83" electricity="0.00" noise="74.00" route="routebottom" type="cfm-fast" waiting="0.00" lane="bottom_0" pos="5.59" speed="28.39" angle="84.42" x="75.71" y="-3.88"/>
        <vehicle id="cfm-fast_4" eclass="HBEFA3/PC_G_EU4" CO2="0.00" CO="0.00" HC="0.00" NOx="0.00" PMx="0.00" fuel="0.00" electricity="0.00" noise="70.93" route="routebottom" type="cfm-fast" waiting="0.00" lane="bottom_0" pos="26.37" speed="27.50" angle="47.02" x="114.21" y="17.29"/>
        <vehicle id="cfm-fast_5" eclass="HBEFA3/PC_G_EU4" CO2="179418.09" CO="3889.05" HC="22.21" NOx="83.56" PMx="4.77" fuel="77.12" electricity="0.00" noise="137.34" route="routebottom" type="cfm-fast" waiting="0.00" lane="right_1" pos="5.15" speed="46.64" angle="355.27" x="128.12" y="74.20"/>
        <vehicle id="cfm-slow_0" eclass="HBEFA3/PC_G_EU4" CO2="9232.53" CO="114.44" HC="0.75" NOx="3.81" PMx="0.19" fuel="3.97" electricity="0.00" noise="71.35" route="routebottom" type="cfm-slow" waiting="0.00" lane="bottom_0" pos="49.38" speed="19.99" angle="5.65" x="132.25" y="62.25"/>
        <vehicle id="cfm-slow_1" eclass="HBEFA3/PC_G_EU4" CO2="11581.84" CO="162.56" HC="1.02" NOx="4.91" PMx="0.25" fuel="4.98" electricity="0.00" noise="72.84" route="routebottom" type="cfm-slow" waiting="0.00" lane="right_0" pos="15.37" speed="20.28" angle="336.79" x="124.42" y="95.55"/>
        <vehicle id="cfm-slow_2" eclass="HBEFA3/PC_G_EU4" CO2="16214.50" CO="257.63" HC="1.57" NOx="7.08" PMx="0.37" fuel="6.97" electricity="0.00" noise="75.98" route="routebottom" type="cfm-slow" waiting="0.00" lane="right_0" pos="31.66" speed="21.01" angle="307.55" x="101.07" y="121.17"/>
        <vehicle id="cfm-slow_3" eclass="HBEFA3/PC_G_EU4" CO2="23010.02" CO="398.34" HC="2.38" NOx="10.25" PMx="0.55" fuel="9.89" electricity="0.00" noise="80.51" route="routebottom" type="cfm-slow" waiting="0.00" lane="right_0" pos="48.72" speed="22.54" angle="276.88" x="66.51" y="132.22"/>
        <vehicle id="cfm-slow_4" eclass="HBEFA3/PC_G_EU4" CO2="28099.90" CO="508.57" HC="3.01" NOx="12.60" PMx="0.69" fuel="12.08" electricity="0.00" noise="83.21" route="routetop" type="cfm-slow" waiting="0.00" lane="top_0" pos="17.40" speed="25.02" angle="243.18" x="27.98" y="122.26"/>
        <vehicle id="cfm-slow_5" eclass="HBEFA3/PC_G_EU4" CO2="23553.82" CO="427.17" HC="2.53" NOx="10.39" PMx="0.58" fuel="10.12" electricity="0.00" noise="80.07" route="routetop" type="cfm-slow" waiting="0.00" lane="top_0" pos="38.64" speed="27.79" angle="205.01" x="-0.60" y="87.69"/>
    </timestep>
    <timestep time="3.43">
        <vehicle id="cfm-fast_0" eclass="HBEFA3/PC_G_EU4" CO2="11215.50" CO="182.75" HC="1.12" NOx="4.53" PMx="0.27" fuel="4.82" electricity="0.00" noise="75.00" route="routetop" type="cfm-fast" waiting="0.00" lane="left_0" pos="12.96" speed="29.34" angle="161.20" x="0.68" y="36.46"/>
        <vehicle id="cfm-fast_1" eclass="HBEFA3/PC_G_EU4" CO2="178196.58" CO="3857.68" HC="22.03" NOx="82.99" PMx="4.74" fuel="76.60" electricity="0.00" noise="137.20" route="routetop" type="cfm-fast" waiting="0.00" lane="left_1" pos="41.19" speed="46.34" angle="110.35" x="45.81" y="0.85"/>
        <vehicle id="cfm-fast_2" eclass="HBEFA3/PC_G_EU4" CO2="23306.17" CO="417.75" HC="2.48" NOx="10.29" PMx="0.57" fuel="10.02" electricity="0.00" noise="79.97" route="routetop" type="cfm-fast" waiting="0.00" lane="left_0" pos="36.48" speed="26.97" angle="118.86" x="35.35" y="1.17"/>
        <vehicle id="cfm-fast_3" eclass="HBEFA3/PC_G_EU4" CO2="8602.87" CO="122.86" HC="0.78" NOx="3.32" PMx="0.19" fuel="3.70" electricity="0.00" noise="73.92" route="routebottom" type="cfm-fast" waiting="0.00" lane="bottom_0" pos="5.87" speed="28.40" angle="83.90" x="76.32" y="-3.77"/>
        <vehicle id="cfm-fast_4" eclass="HBEFA3/PC_G_EU4" CO2="0.00" CO="0.00" HC="0.00" NOx="0.00" PMx="0.00" fuel="0.00" electricity="0.00" noise="70.91" route="routebottom" type="cfm-fast" waiting="0.00" lane="bottom_0" pos="26.65" speed="27.47" angle="46.52" x="114.62" y="17.72"/>
        <vehicle id="cfm-fast_5" eclass="HBEFA3/PC_G_EU4" CO2="179985.10" CO="3903.64" HC="22.29" NOx="83.82" PMx="4.79" fuel="77.37" electricity="0.00" noise="137.41" route="routebottom" type="cfm-fast" waiting="0.00" lane="right_1" pos="5.62" speed="46.77" angle="354.40" x="127.95" y="75.14"/>
        <vehicle id="cfm-slow_0" eclass="HBEFA3/PC_G_EU4" CO2="9216.48" CO="114.10" HC="0.74" NOx="3.80" PMx="0.19" fuel="3.96" electricity="0.00" noise="71.34" route="routebottom" type="cfm-slow" waiting="0.00" lane="bottom_0" pos="49.59" speed="20.01" angle="5.28" x="132.25" y="62.68"/>
        <vehicle id="cfm-slow_1" eclass="HBEFA3/PC_G_EU4" CO2="11587.20" CO="162.66" HC="1.02" NOx="4.91" PMx="0.25" fuel="4.98" electricity="0.00" noise="72.84" route="routebottom" type="cfm-slow" waiting="0.00" lane="right_0" pos="15.57" speed="20.30" angle="336.43" x="124.21" y="95.93"/>
        <vehicle id="cfm-slow_2" eclass="HBEFA3/PC_G_EU4" CO2="16239.72" CO="258.15" HC="1.58" NOx="7.09" PMx="0.37" fuel="6.98" electricity="0.00" noise="76.00" route="routebottom" type="cfm-slow" waiting="0.00" lane="right_0" pos="31.87" speed="21.04" angle="307.17" x="100.69" y="121.43"/>
        <vehicle id="cfm-slow_3" eclass="HBEFA3/PC_G_EU4" CO2="23021.61" CO="398.61" HC="2.39" NOx="10.26" PMx="0.55" fuel="9.90" electricity="0.00" noise="80.51" route="routebottom" type="cfm-slow" waiting="0.00" lane="right_0" pos="48.95" speed="22.57" angle="276.48" x="66.02" y="132.23"/>
        <vehicle id="cfm-slow_4" eclass="HBEFA3/PC_G_EU4" CO2="28026.73" CO="507.18" HC="3.01" NOx="12.56" PMx="0.69" fuel="12.05" electricity="0.00" noise="83.16" route="routetop" type="cfm-slow" waiting="0.00" lane="top_0" pos="17.65" speed="25.05" angle="242.73" x="27.52" y="121.98"/>
        <vehicle id="cfm-slow_5" eclass="HBEFA3/PC_G_EU4" CO2="23393.24" CO="424.00" HC="2.52" NOx="10.31" PMx="0.58" fuel="10.06" electricity="0.00" noise="79.98" route="routetop" type="cfm-slow" waiting="0.00" lane="top_0" pos="38.91" speed="27.82" angle="204.50" x="-0.80" y="87.13"/>
    </timestep>
    <timestep time="3.44">
        <vehicle id="cfm-fast_0" eclass="HBEFA3/PC_G_EU4" CO2="11134.04" CO="181.12" HC="1.11" NOx="4.49" PMx="0.26" fuel="4.79" electricity="0.00" noise="74.98" route="routetop" type="cfm-fast" waiting="0.00" lane="left_0" pos="13.25" speed="29.35" angle="160.66" x="0.93" y="35.88"/>
        <vehicle id="cfm-fast_1" eclass="HBEFA3/PC_G_EU4" CO2="178762.96" CO="3872.22" HC="22.11" NOx="83.25" PMx="4.75" fuel="76.84" electricity="0.00" noise="137.27" route="routetop" type="cfm-fast" waiting="0.00" lane="left_1" pos="41.66" speed="46.48" angle="109.50" x="46.73" y="0.60"/>
        <vehicle id="cfm-fast_2" eclass="HBEFA3/PC_G_EU4" CO2="23115.87" CO="413.96" HC="2.46" NOx="10.20" PMx="0.57" fuel="9.94" electricity="0.00" noise="79.87" route="routetop" type="cfm-fast" waiting="0.00" lane="left_0" pos="36.75" speed="26.99" angle="118.36" x="35.88" y="0.93"/>
        <vehicle id="cfm-fast_3" eclass="HBEFA3/PC_G_EU4" CO2="8298.76" CO="116.62" HC="0.74" NOx="3.18" PMx="0.19" fuel="3.57" electricity="0.00" noise="73.84" route="routebottom" type="cfm-fast" waiting="0.00" lane="bottom_0" pos="6.15" speed="28.40" angle="83.38" x="76.92" y="-3.66"/>
        <vehicle id="cfm-fast_4" eclass="HBEFA3/PC_G_EU4" CO2="0.00" CO="0.00" HC="0.00" NOx="0.00" PMx="0.00" fuel="0.00" electricity="0.00" noise="70.89" route="routebottom" type="cfm-fast" waiting="0.00" lane="bottom_0" pos="26.92" speed="27.44" angle="46.08" x="115.02" y="18.16"/>
        <vehicle id="cfm-fast_5" eclass="HBEFA3/PC_G_EU4" CO2="180552.40" CO="3918.25" HC="22.37" NOx="84.09" PMx="4.81" fuel="77.61" electricity="0.00" noise="137.47" route="routebottom" type="cfm-fast" waiting="0.00" lane="right_1" pos="6.08" speed="46.91" angle="353.54" x="127.77" y="76.09"/>
        <vehicle id="cfm-slow_0" eclass="HBEFA3/PC_G_EU4" CO2="9200.95" CO="113.77" HC="0.74" NOx="3.79" PMx="0.19" fuel="3.96" electricity="0.00" noise="71.34" route="routebottom" type="cfm-slow" waiting="0.00" lane="bottom_0" pos="49.79" speed="20.02" angle="4.91" x="132.26" y="63.11"/>
        <vehicle id="cfm-slow_1" eclass="HBEFA3/PC_G_EU4" CO2="11593.05" CO="162.77" HC="1.03" NOx="4.92" PMx="0.25" fuel="4.98" electricity="0.00" noise="72.85" route="routebottom" type="cfm-slow" waiting="0.00" lane="right_0" pos="15.77" speed="20.31" angle="336.06" x="123.99" y="96.31"/>
        <vehicle id="cfm-slow_2" eclass="HBEFA3/PC_G_EU4" CO2="16265.12" CO="258.67" HC="1.58" NOx="7.10" PMx="0.38" fuel="6.99" electricity="0.00" noise="76.02" route="routebottom" type="cfm-slow" waiting="0.00" lane="right_0" pos="32.08" speed="21.06" angle="306.86" x="100.31" y="121.68"/>
        <vehicle id="cfm-slow_3" eclass="HBEFA3/PC_G_EU4" CO2="23032.77" CO="398.88" HC="2.39" NOx="10.26" PMx="0.55" fuel="9.90" electricity="0.00" noise="80.51" route="routebottom" type="cfm-slow" waiting="0.00" lane="right_0" pos="49.18" speed="22.61" angle="276.05" x="65.53" y="132.24"/>
        <vehicle id="cfm-slow_4" eclass="HBEFA3/PC_G_EU4" CO2="27952.99" CO="505.78" HC="3.00" NOx="12.52" PMx="0.69" fuel="12.02" electricity="0.00" noise="83.10" route="routetop" type="cfm-slow" waiting="0.00" lane="top_0" pos="17.90" speed="25.09" angle="242.32" x="27.06" y="121.71"/>
        <vehicle id="cfm-slow_5" eclass="HBEFA3/PC_G_EU4" CO2="23233.53" CO="420.85" HC="2.50" NOx="10.24" PMx="0.57" fuel="9.99" electricity="0.00" noise="79.90" route="routetop" type="cfm-slow" waiting="0.00" lane="top_0" pos="39.19" speed="27.85" angle="203.98" x="-1.00" y="86.56"/>
    </timestep>
    <timestep time="3.45">
        <vehicle id="cfm-fast_0" eclass="HBEFA3/PC_G_EU4" CO2="11053.21" CO="179.51" HC="1.10" NOx="4.46" PMx="0.26" fuel="4.75" electricity="0.00" noise="74.96" route="routetop" type="cfm-fast" waiting="0.00" lane="left_0" pos="13.54" speed="29.36" angle="160.11" x="1.19" y="35.31"/>
        <vehicle id="cfm-fast_1" eclass="HBEFA3/PC_G_EU4" CO2="179329.63" CO="3886.78" HC="22.19" NOx="83.52" PMx="4.77" fuel="77.08" electricity="0.00" noise="137.33" route="routetop" type="cfm-fast" waiting="0.00" lane="left_1" pos="42.13" speed="46.62" angle="108.64" x="47.65" y="0.35"/>
        <vehicle id="cfm-fast_2" eclass="HBEFA3/PC_G_EU4" CO2="22924.75" CO="410.15" HC="2.44" NOx="10.11" PMx="0.56" fuel="9.85" electricity="0.00" noise="79.76" route="routetop" type="cfm-fast" waiting="0.00" lane="left_0" pos="37.02" speed="27.02" angle="117.85" x="36.41" y="0.70"/>
        <vehicle id="cfm-fast_3" eclass="HBEFA3/PC_G_EU4" CO2="7997.31" CO="110.44" HC="0.71" NOx="3.03" PMx="0.18" fuel="3.44" electricity="0.00" noise="73.76" route="routebottom" type="cfm-fast" waiting="0.00" lane="bottom_0" pos="6.44" speed="28.41" angle="82.91" x="77.52" y="-3.54"/>
        <vehicle id="cfm-fast_4" eclass="HBEFA3/PC_G_EU4" CO2="0.00" CO="0.00" HC="0.00" NOx="0.00" PMx="0.00" fuel="0.00" electricity="0.00" noise="70.88" route="routebottom" type="cfm-fast" waiting="0.00" lane="bottom_0" pos="27.20" speed="27.41" angle="45.57" x="115.40" y="18.61"/>
        <vehicle id="cfm-fast_5" eclass="HBEFA3/PC_G_EU4" CO2="181119.99" CO="3932.88" HC="22.45" NOx="84.35" PMx="4.82" fuel="77.85" electricity="0.00" noise="137.54" route="routebottom" type="cfm-fast" waiting="0.00" lane="right_1" pos="6.56" speed="47.05" angle="352.71" x="127.59" y="77.04"/>
        <vehicle id="cfm-slow_0" eclass="HBEFA3/PC_G_EU4" CO2="9185.93" CO="113.45" HC="0.74" NOx="3.79" PMx="0.19" fuel="3.95" electricity="0.00" noise="71.33" route="routebottom" type="cfm-slow" waiting="0.00" lane="bottom_0" pos="49.99" speed="20.03" angle="4.57" x="132.27" y="63.54"/>
        <vehicle id="cfm-slow_1" eclass="HBEFA3/PC_G_EU4" CO2="11599.38" CO="162.89" HC="1.03" NOx="4.92" PMx="0.25" fuel="4.99" electricity="0.00" noise="72.86" route="routebottom" type="cfm-slow" waiting="0.00" lane="right_0" pos="15.98" speed="20.33" angle="335.69" x="123.78" y="96.69"/>
        <vehicle id="cfm-slow_2" eclass="HBEFA3/PC_G_EU4" CO2="16290.69" CO="259.20" HC="1.58" NOx="7.11" PMx="0.38" fuel="7.00" electricity="0.00" noise="76.03" route="routebottom" type="cfm-slow" waiting="0.00" lane="right_0" pos="32.29" speed="21.08" angle="306.46" x="99.92" y="121.91"/>
        <vehicle id="cfm-slow_3" eclass="HBEFA3/PC_G_EU4" CO2="23043.48" CO="399.14" HC="2.39" NOx="10.26" PMx="0.55" fuel="9.91" electricity="0.00" noise="80.51" route="routebottom" type="cfm-slow" waiting="0.00" lane="right_0" pos="49.40" speed="22.64" angle="275.63" x="65.05" y="132.25"/>
        <vehicle id="cfm-slow_4" eclass="HBEFA3/PC_G_EU4" CO2="27878.68" CO="504.37" HC="2.99" NOx="12.49" PMx="0.69" fuel="11.98" electricity="0.00" noise="83.04" route="routetop" type="cfm-slow" waiting="0.00" lane="top_0" pos="18.15" speed="25.13" angle="241.86" x="26.61" y="121.41"/>
        <vehicle id="cfm-slow_5" eclass="HBEFA3/PC_G_EU4" CO2="23074.71" CO="417.72" HC="2.48" NOx="10.16" PMx="0.57" fuel="9.92" electricity="0.00" noise="79.81" route="routetop" type="cfm-slow" waiting="0.00" lane="top_0" pos="39.47" speed="27.87" angle="203.47" x="-1.20" y="86.00"/>
    </timestep>
    <timestep time="3.46">
        <vehicle id="cfm-fast_0" eclass="HBEFA3/PC_G_EU4" CO2="10972.97" CO="177.90" HC="1.09" NOx="4.42" PMx="0.26" fuel="4.72" electricity="0.00" noise="74.94" route="routetop" type="cfm-fast" waiting="0.00" lane="left_0" pos="13.84" speed="29.37" angle="159.56" x="1.45" y="34.73"/>
        <vehicle id="cfm-fast_1" eclass="HBEFA3/PC_G_EU4" CO2="179896.59" CO="3901.36" HC="22.27" NOx="83.78" PMx="4.79" fuel="77.33" electricity="0.00" noise="137.40" route="routetop" type="cfm-fast" waiting="0.00" lane="left_1" pos="42.59" speed="46.75" angle="107.86" x="48.58" y="0.13"/>
        <vehicle id="cfm-fast_2" eclass="HBEFA3/PC_G_EU4" CO2="22732.84" CO="406.32" HC="2.42" NOx="10.02" PMx="0.56" fuel="9.77" electricity="0.00" noise="79.65" route="routetop" type="cfm-fast" waiting="0.00" lane="left_0" pos="37.29" speed="27.04" angle="117.42" x="36.95" y="0.46"/>
        <vehicle id="cfm-fast_3" eclass="HBEFA3/PC_G_EU4" CO2="7698.53" CO="104.30" HC="0.67" NOx="2.89" PMx="0.17" fuel="3.31" electricity="0.00" noise="73.68" route="routebottom" type="cfm-fast" waiting="0.00" lane="bottom_0" pos="6.72" speed="28.41" angle="82.37" x="78.11" y="-3.40"/>
        <vehicle id="cfm-fast_4" eclass="HBEFA3/PC_G_EU4" CO2="0.00" CO="0.00" HC="0.00" NOx="0.00" PMx="0.00" fuel="0.00" electricity="0.00" noise="70.86" route="routebottom" type="cfm-fast" waiting="0.00" lane="bottom_0" pos="27.47" speed="27.39" angle="45.06" x="115.78" y="19.06"/>
        <vehicle id="cfm-fast_5" eclass="HBEFA3/PC_G_EU4" CO2="181687.87" CO="3947.53" HC="22.53" NOx="84.62" PMx="4.84" fuel="78.10" electricity="0.00" noise="137.61" route="routebottom" type="cfm-fast" waiting="0.00" lane="right_1" pos="7.03" speed="47.18" angle="351.81" x="127.37" y="77.98"/>
        <vehicle id="cfm-slow_0" eclass="HBEFA3/PC_G_EU4" CO2="9171.42" CO="113.14" HC="0.74" NOx="3.78" PMx="0.19" fuel="3.94" electricity="0.00" noise="71.33" route="routebottom" type="cfm-slow" waiting="0.00" lane="right_0" pos="0.19" speed="20.04" angle="4.13" x="132.26" y="64.16"/>
        <vehicle id="cfm-slow_1" eclass="HBEFA3/PC_G_EU4" CO2="11606.20" CO="163.02" HC="1.03" NOx="4.92" PMx="0.25" fuel="4.99" electricity="0.00" noise="72.86" route="routebottom" type="cfm-slow" waiting="0.00" lane="right_0" pos="16.18" speed="20.35" angle="335.32" x="123.57" y="97.08"/>
        <vehicle id="cfm-slow_2" eclass="HBEFA3/PC_G_EU4" CO2="16316.44" CO="259.73" HC="1.59" NOx="7.13" PMx="0.38" fuel="7.01" electricity="0.00" noise="76.05" route="routebottom" type="cfm-slow" waiting="0.00" lane="right_0" pos="32.50" speed="21.11" angle="306.05" x="99.53" y="122.14"/>
        <vehicle id="cfm-slow_3" eclass="HBEFA3/PC_G_EU4" CO2="23053.75" CO="399.40" HC="2.39" NOx="10.27" PMx="0.56" fuel="9.91" electricity="0.00" noise="80.51" route="routebottom" type="cfm-slow" waiting="0.00" lane="right_0" pos="49.63" speed="22.67" angle="275.21" x="64.56" y="132.25"/>
        <vehicle id="cfm-slow_4" eclass="HBEFA3/PC_G_EU4" CO2="27803.82" CO="502.95" HC="2.98" NOx="12.45" PMx="0.68" fuel="11.95" electricity="0.00" noise="82.98" route="routetop" type="cfm-slow" waiting="0.00" lane="top_0" pos="18.40" speed="25.16" angle="241.37" x="26.16" y="121.11"/>
        <vehicle id="cfm-slow_5" eclass="HBEFA3/PC_G_EU4" CO2="22916.76" CO="414.61" HC="2.46" NOx="10.09" PMx="0.57" fuel="9.85" electricity="0.00" noise="79.73" route="routetop" type="cfm-slow" waiting="0.00" lane="top_0" pos="39.75" speed="27.89" angle="203.01" x="-1.41" y="85.43"/>
    </timestep>
    <timestep time="3.47">
        <vehicle id="cfm-fast_0" eclass="HBEFA3/PC_G_EU4" CO2="10893.30" CO="176.31" HC="1.08" NOx="4.38" PMx="0.26" fuel="4.68" electricity="0.00" noise="74.92" route="routetop" type="cfm-fast" waiting="0.00" lane="left_0" pos="14.13" speed="29.37" angle="159.08" x="1.72" y="34.16"/>
        <vehicle id="cfm-fast_1" eclass="HBEFA3/PC_G_EU4" CO2="180463.85" CO="3915.97" HC="22.35" NOx="84.05" PMx="4.80" fuel="77.57" electricity="0.00" noise="137.46" route="routetop" type="cfm-fast" waiting="0.00" lane="left_1" pos="43.06" speed="46.89" angle="107.02" x="49.52" y="-0.09"/>
        <vehicle id="cfm-fast_2" eclass="HBEFA3/PC_G_EU4" CO2="22540.17" CO="402.48" HC="2.40" NOx="9.93" PMx="0.55" fuel="9.69" electricity="0.00" noise="79.55" route="routetop" type="cfm-fast" waiting="0.00" lane="left_0" pos="37.56" speed="27.07" angle="116.93" x="37.49" y="0.25"/>
        <vehicle id="cfm-fast_3" eclass="HBEFA3/PC_G_EU4" CO2="7402.46" CO="98.23" HC="0.64" NOx="2.75" PMx="0.16" fuel="3.18" electricity="0.00" noise="73.61" route="routebottom" type="cfm-fast" waiting="0.00" lane="bottom_0" pos="7.01" speed="28.41" angle="81.82" x="78.71" y="-3.27"/>
        <vehicle id="cfm-fast_4" eclass="HBEFA3/PC_G_EU4" CO2="0.00" CO="0.00" HC="0.00" NOx="0.00" PMx="0.00" fuel="0.00" electricity="0.00" noise="70.85" route="routebottom" type="cfm-fast" waiting="0.00" lane="bottom_0" pos="27.74" speed="27.36" angle="44.55" x="116.16" y="19.51"/>
        <vehicle id="cfm-fast_5" eclass="HBEFA3/PC_G_EU4" CO2="182256.05" CO="3962.20" HC="22.61" NOx="84.89" PMx="4.85" fuel="78.34" electricity="0.00" noise="137.67" route="routebottom" type="cfm-fast" waiting="0.00" lane="right_1" pos="7.50" speed="47.32" angle="350.90" x="127.16" y="78.93"/>
        <vehicle id="cfm-slow_0" eclass="HBEFA3/PC_G_EU4" CO2="9157.42" CO="112.84" HC="0.74" NOx="3.77" PMx="0.19" fuel="3.94" electricity="0.00" noise="71.32" route="routebottom" type="cfm-slow" waiting="0.00" lane="right_0" pos="0.39" speed="20.05" angle="3.77" x="132.25" y="64.59"/>
        <vehicle id="cfm-slow_1" eclass="HBEFA3/PC_G_EU4" CO2="11613.50" CO="163.16" HC="1.03" NOx="4.92" PMx="0.25" fuel="4.99" electricity="0.00" noise="72.87" route="routebottom" type="cfm-slow" waiting="0.00" lane="right_0" pos="16.38" speed="20.36" angle="334.95" x="123.36" y="97.46"/>
        <vehicle id="cfm-slow_2" eclass="HBEFA3/PC_G_EU4" CO2="16342.35" CO="260.26" HC="1.59" NOx="7.14" PMx="0.38" fuel="7.02" electricity="0.00" noise="76.06" route="routebottom" type="cfm-slow" waiting="0.00" lane="right_0" pos="32.71" speed="21.13" angle="305.65" x="99.14" y="122.37"/>
        <vehicle id="cfm-slow_3" eclass="HBEFA3/PC_G_EU4" CO2="23063.57" CO="399.64" HC="2.39" NOx="10.27" PMx="0.56" fuel="9.91" electricity="0.00" noise="80.50" route="routebottom" type="cfm-slow" waiting="0.00" lane="right_0" pos="49.86" speed="22.70" angle="274.78" x="64.07" y="132.26"/>
        <vehicle id="cfm-slow_4" eclass="HBEFA3/PC_G_EU4" CO2="27728.40" CO="501.52" HC="2.97" NOx="12.42" PMx="0.68" fuel="11.92" electricity="0.00" noise="82.92" route="routetop" type="cfm-slow" waiting="0.00" lane="top_0" pos="18.65" speed="25.20" angle="240.88" x="25.71" y="120.81"/>
        <vehicle id="cfm-slow_5" eclass="HBEFA3/PC_G_EU4" CO2="22759.69" CO="411.51" HC="2.44" NOx="10.01" PMx="0.56" fuel="9.78" electricity="0.00" noise="79.65" route="routetop" type="cfm-slow" waiting="0.00" lane="top_0" pos="40.03" speed="27.92" angle="202.50" x="-1.59" y="84.86"/>
    </timestep>
    <timestep time="3.48">
        <vehicle id="cfm-fast_0" eclass="HBEFA3/PC_G_EU4" CO2="10814.17" CO="174.73" HC="1.07" NOx="4.34" PMx="0.25" fuel="4.65" electricity="0.00" noise="74.89" route="routetop" type="cfm-fast" waiting="0.00" lane="left_0" pos="14.43" speed="29.38" angle="158.53" x="2.00" y="33.59"/>
        <vehicle id="cfm-fast_1" eclass="HBEFA3/PC_G_EU4" CO2="181031.39" CO="3930.59" HC="22.44" NOx="84.31" PMx="4.82" fuel="77.82" electricity="0.00" noise="137.53" route="routetop" type="cfm-fast" waiting="0.00" lane="left_1" pos="43.53" speed="47.02" angle="106.20" x="50.46" y="-0.30"/>
        <vehicle id="cfm-fast_2" eclass="HBEFA3/PC_G_EU4" CO2="22346.75" CO="398.62" HC="2.37" NOx="9.83" PMx="0.55" fuel="9.61" electricity="0.00" noise="79.44" route="routetop" type="cfm-fast" waiting="0.00" lane="left_0" pos="37.83" speed="27.09" angle="116.43" x="38.03" y="0.03"/>
        <vehicle id="cfm-fast_3" eclass="HBEFA3/PC_G_EU4" CO2="7109.09" CO="92.20" HC="0.60" NOx="2.62" PMx="0.15" fuel="3.06" electricity="0.00" noise="73.54" route="routebottom" type="cfm-fast" waiting="0.00" lane="bottom_0" pos="7.29" speed="28.42" angle="81.28" x="79.30" y="-3.13"/>
        <vehicle id="cfm-fast_4" eclass="HBEFA3/PC_G_EU4" CO2="0.00" CO="0.00" HC="0.00" NOx="0.00" PMx="0.00" fuel="0.00" electricity="0.00" noise="70.83" route="routebottom" type="cfm-fast" waiting="0.00" lane="bottom_0" pos="28.02" speed="27.33" angle="44.04" x="116.54" y="19.96"/>
        <vehicle id="cfm-fast_5" eclass="HBEFA3/PC_G_EU4" CO2="182824.51" CO="3976.89" HC="22.69" NOx="85.15" PMx="4.87" fuel="78.59" electricity="0.00" noise="137.74" route="routebottom" type="cfm-fast" waiting="0.00" lane="right_1" pos="7.97" speed="47.45" angle="350.10" x="126.92" y="79.87"/>
        <vehicle id="cfm-slow_0" eclass="HBEFA3/PC_G_EU4" CO2="9143.92" CO="112.55" HC="0.74" NOx="3.77" PMx="0.19" fuel="3.93" electricity="0.00" noise="71.32" route="routebottom" type="cfm-slow" waiting="0.00" lane="right_0" pos="0.59" speed="20.06" angle="3.41" x="132.25" y="65.02"/>
        <vehicle id="cfm-slow_1" eclass="HBEFA3/PC_G_EU4" CO2="11621.26" CO="163.31" HC="1.03" NOx="4.93" PMx="0.25" fuel="5.00" electricity="0.00" noise="72.88" route="routebottom" type="cfm-slow" waiting="0.00" lane="right_0" pos="16.59" speed="20.38" angle="334.61" x="123.15" y="97.84"/>
        <vehicle id="cfm-slow_2" eclass="HBEFA3/PC_G_EU4" CO2="16368.41" CO="260.79" HC="1.59" NOx="7.15" PMx="0.38" fuel="7.04" electricity="0.00" noise="76.08" route="routebottom" type="cfm-slow" waiting="0.00" lane="right_0" pos="32.92" speed="21.15" angle="305.25" x="98.75" y="122.61"/>
        <vehicle id="cfm-slow_3" eclass="HBEFA3/PC_G_EU4" CO2="23072.94" CO="399.88" HC="2.39" NOx="10.28" PMx="0.56" fuel="9.92" electricity="0.00" noise="80.50" route="routetop" type="cfm-slow" waiting="0.00" lane="top_0" pos="0.08" speed="22.74" angle="274.32" x="63.39" y="132.27"/>
        <vehicle id="cfm-slow_4" eclass="HBEFA3/PC_G_EU4" CO2="27652.45" CO="500.07" HC="2.96" NOx="12.38" PMx="0.68" fuel="11.89" electricity="0.00" noise="82.86" route="routetop" type="cfm-slow" waiting="0.00" lane="top_0" pos="18.91" speed="25.23" angle="240.39" x="25.25" y="120.50"/>
        <vehicle id="cfm-slow_5" eclass="HBEFA3/PC_G_EU4" CO2="22603.51" CO="408.43" HC="2.42" NOx="9.94" PMx="0.56" fuel="9.72" electricity="0.00" noise="79.56" route="routetop" type="cfm-slow" waiting="0.00" lane="top_0" pos="40.31" speed="27.94" angle="201.98" x="-1.76" y="84.29"/>
    </timestep>
    <timestep time="3.49">
        <vehicle id="cfm-fast_0" eclass="HBEFA3/PC_G_EU4" CO2="10735.56" CO="173.16" HC="1.06" NOx="4.31" PMx="0.25" fuel="4.61" electricity="0.00" noise="74.87" route="routetop" type="cfm-fast" waiting="0.00" lane="left_0" pos="14.72" speed="29.39" angle="157.98" x="2.28" y="33.02"/>
        <vehicle id="cfm-fast_1" eclass="HBEFA3/PC_G_EU4" CO2="181599.23" CO="3945.24" HC="22.52" NOx="84.58" PMx="4.84" fuel="78.06" electricity="0.00" noise="137.60" route="routetop" type="cfm-fast" waiting="0.00" lane="left_1" pos="44.00" speed="47.16" angle="105.35" x="51.41" y="-0.48"/>
        <vehicle id="cfm-fast_2" eclass="HBEFA3/PC_G_EU4" CO2="22152.63" CO="394.75" HC="2.35" NOx="9.74" PMx="0.54" fuel="9.52" electricity="0.00" noise="79.34" route="routetop" type="cfm-fast" waiting="0.00" lane="left_0" pos="38.10" speed="27.12" angle="115.93" x="38.57" y="-0.19"/>
        <vehicle id="cfm-fast_3" eclass="HBEFA3/PC_G_EU4" CO2="6818.44" CO="86.23" HC="0.57" NOx="2.48" PMx="0.15" fuel="2.93" electricity="0.00" noise="73.47" route="routebottom" type="cfm-fast" waiting="0.00" lane="bottom_0" pos="7.57" speed="28.42" angle="80.76" x="79.90" y="-2.99"/>
        <vehicle id="cfm-fast_4" eclass="HBEFA3/PC_G_EU4" CO2="0.00" CO="0.00" HC="0.00" NOx="0.00" PMx="0.00" fuel="0.00" electricity="0.00" noise="70.82" route="routebottom" type="cfm-fast" waiting="0.00" lane="bottom_0" pos="28.29" speed="27.31" angle="43.59" x="116.91" y="20.41"/>
        <vehicle id="cfm-fast_5" eclass="HBEFA3/PC_G_EU4" CO2="183393.27" CO="3991.60" HC="22.77" NOx="85.42" PMx="4.89" fuel="78.83" electricity="0.00" noise="137.80" route="routebottom" type="cfm-fast" waiting="0.00" lane="right_1" pos="8.45" speed="47.59" angle="349.25" x="126.67" y="80.81"/>
        <vehicle id="cfm-slow_0" eclass="HBEFA3/PC_G_EU4" CO2="9130.93" CO="112.27" HC="0.73" NOx="3.76" PMx="0.19" fuel="3.92" electricity="0.00" noise="71.31" route="routebottom" type="cfm-slow" waiting="0.00" lane="right_0" pos="0.79" speed="20.07" angle="3.04" x="132.24" y="65.45"/>
        <vehicle id="cfm-slow_1" eclass="HBEFA3/PC_G_EU4" CO2="11629.50" CO="163.47" HC="1.03" NOx="4.93" PMx="0.25" fuel="5.00" electricity="0.00" noise="72.88" route="routebottom" type="cfm-slow" waiting="0.00" lane="right_0" pos="16.79" speed="20.39" angle="334.27" x="122.92" y="98.22"/>
        <vehicle id="cfm-slow_2" eclass="HBEFA3/PC_G_EU4" CO2="16394.62" CO="261.33" HC="1.59" NOx="7.16" PMx="0.38" fuel="7.05" electricity="0.00" noise="76.10" route="routebottom" type="cfm-slow" waiting="0.00" lane="right_0" pos="33.13" speed="21.18" angle="304.85" x="98.36" y="122.84"/>
        <vehicle id="cfm-slow_3" eclass="HBEFA3/PC_G_EU4" CO2="23081.85" CO="400.10" HC="2.39" NOx="10.28" PMx="0.56" fuel="9.92" electricity="0.00" noise="80.50" route="routetop" type="cfm-slow" waiting="0.00" lane="top_0" pos="0.31" speed="22.77" angle="273.91" x="62.90" y="132.26"/>
        <vehicle id="cfm-slow_4" eclass="HBEFA3/PC_G_EU4" CO2="27575.98" CO="498.62" HC="2.96" NOx="12.34" PMx="0.68" fuel="11.85" electricity="0.00" noise="82.81" route="routetop" type="cfm-slow" waiting="0.00" lane="top_0" pos="19.16" speed="25.27" angle="239.93" x="24.80" y="120.20"/>
        <vehicle id="cfm-slow_5" eclass="HBEFA3/PC_G_EU4" CO2="22448.19" CO="405.37" HC="2.41" NOx="9.86" PMx="0.55" fuel="9.65" electricity="0.00" noise="79.48" route="routetop" type="cfm-slow" waiting="0.00" lane="top_0" pos="40.59" speed="27.97" angle="201.45" x="-1.94" y="83.71"/>
    </timestep>
    <timestep time="3.50">
        <vehicle id="cfm-fast_0" eclass="HBEFA3/PC_G_EU4" CO2="10657.45" CO="171.59" HC="1.05" NOx="4.27" PMx="0.25" fuel="4.58" electricity="0.00" noise="74.85" route="routetop" type="cfm-fast" waiting="0.00" lane="left_0" pos="15.01" speed="29.39" angle="157.43" x="2.57" y="32.46"/>
        <vehicle id="cfm-fast_1" eclass="HBEFA3/PC_G_EU4" CO2="182167.36" CO="3959.91" HC="22.60" NOx="84.84" PMx="4.85" fuel="78.30" electricity="0.00" noise="137.66" route="routetop" type="cfm-fast" waiting="0.00" lane="left_1" pos="44.48" speed="47.30" angle="104.47" x="52.36" y="-0.66"/>
        <vehicle id="cfm-fast_2" eclass="HBEFA3/PC_G_EU4" CO2="21957.82" CO="390.86" HC="2.33" NOx="9.65" PMx="0.54" fuel="9.44" electricity="0.00" noise="79.23" route="routetop" type="cfm-fast" waiting="0.00" lane="left_0" pos="38.37" speed="27.14" angle="115.44" x="39.11" y="-0.40"/>
        <vehicle id="cfm-fast_3" eclass="HBEFA3/PC_G_EU4" CO2="6530.53" CO="80.31" HC="0.53" NOx="2.34" PMx="0.14" fuel="2.81" electricity="0.00" noise="73.40" route="routebottom" type="cfm-fast" waiting="0.00" lane="bottom_0" pos="7.86" speed="28.42" angle="80.28" x="80.49" y="-2.84"/>
        <vehicle id="cfm-fast_4" eclass="HBEFA3/PC_G_EU4" CO2="0.00" CO="0.00" HC="0.00" NOx="0.00" PMx="0.00" fuel="0.00" electricity="0.00" noise="70.80" route="routebottom" type="cfm-fast" waiting="0.00" lane="bottom_0" pos="28.56" speed="27.28" angle="43.08" x="117.27" y="20.87"/>
        <vehicle id="cfm-fast_5" eclass="HBEFA3/PC_G_EU4" CO2="183962.33" CO="4006.34" HC="22.85" NOx="85.68" PMx="4.90" fuel="79.08" electricity="0.00" noise="137.87" route="routebottom" type="cfm-fast" waiting="0.00" lane="right_1" pos="8.93" speed="47.73" angle="348.43" x="126.42" y="81.76"/>
        <vehicle id="cfm-slow_0" eclass="HBEFA3/PC_G_EU4" CO2="9118.43" CO="112.01" HC="0.73" NOx="3.75" PMx="0.19" fuel="3.92" electricity="0.00" noise="71.31" route="routebottom" type="cfm-slow" waiting="0.00" lane="right_0" pos="0.99" speed="20.09" angle="2.68" x="132.23" y="65.89"/>
        <vehicle id="cfm-slow_1" eclass="HBEFA3/PC_G_EU4" CO2="11638.19" CO="163.64" HC="1.03" NOx="4.93" PMx="0.25" fuel="5.00" electricity="0.00" noise="72.89" route="routebottom" type="cfm-slow" waiting="0.00" lane="right_0" pos="16.99" speed="20.41" angle="333.90" x="122.70" y="98.60"/>
        <vehicle id="cfm-slow_2" eclass="HBEFA3/PC_G_EU4" CO2="16420.97" CO="261.88" HC="1.60" NOx="7.17" PMx="0.38" fuel="7.06" electricity="0.00" noise="76.11" route="routebottom" type="cfm-slow" waiting="0.00" lane="right_0" pos="33.35" speed="21.20" angle="304.51" x="97.97" y="123.07"/>
        <vehicle id="cfm-slow_3" eclass="HBEFA3/PC_G_EU4" CO2="23090.31" CO="400.32" HC="2.39" NOx="10.28" PMx="0.56" fuel="9.93" electricity="0.00" noise="80.50" route="routetop" type="cfm-slow" waiting="0.00" lane="top_0" pos="0.54" speed="22.80" angle="273.50" x="62.41" y="132.25"/>
        <vehicle id="cfm-slow_4" eclass="HBEFA3/PC_G_EU4" CO2="27498.98" CO="497.16" HC="2.95" NOx="12.31" PMx="0.68" fuel="11.82" electricity="0.00" noise="82.75" route="routetop" type="cfm-slow" waiting="0.00" lane="top_0" pos="19.41" speed="25.30" angle="239.50" x="24.36" y="119.89"/>
        <vehicle id="cfm-slow_5" eclass="HBEFA3/PC_G_EU4" CO2="22293.75" CO="402.32" HC="2.39" NOx="9.79" PMx="0.55" fuel="9.58" electricity="0.00" noise="79.40" route="routetop" type="cfm-slow" waiting="0.00" lane="top_0" pos="40.87" speed="27.99" angle="200.93" x="-2.12" y="83.14"/>
    </timestep>
    <timestep time="3.51">
        <vehicle id="cfm-fast_0" eclass="HBEFA3/PC_G_EU4" CO2="10579.81" CO="170.04" HC="1.04" NOx="4.23" PMx="0.25" fuel="4.55" electricity="0.00" noise="74.83" route="routetop" type="cfm-fast" waiting="0.00" lane="left_0" pos="15.31" speed="29.40" angle="156.91" x="2.85" y="31.89"/>
        <vehicle id="cfm-fast_1" eclass="HBEFA3/PC_G_EU4" CO2="182735.78" CO="3974.60" HC="22.68" NOx="85.11" PMx="4.87" fuel="78.55" electricity="0.00" noise="137.73" route="routetop" type="cfm-fast" waiting="0.00" lane="left_1" pos="44.95" speed="47.43" angle="103.66" x="53.32" y="-0.83"/>
        <vehicle id="cfm-fast_2" eclass="HBEFA3/PC_G_EU4" CO2="21762.35" CO="386.95" HC="2.31" NOx="9.56" PMx="0.53" fuel="9.35" electricity="0.00" noise="79.13" route="routetop" type="cfm-fast" waiting="0.00" lane="left_0" pos="38.65" speed="27.16" angle="114.99" x="39.66" y="-0.61"/>
        <vehicle id="cfm-fast_3" eclass="HBEFA3/PC_G_EU4" CO2="6245.36" CO="74.45" HC="0.50" NOx="2.21" PMx="0.13" fuel="2.68" electricity="0.00" noise="73.34" route="routebottom" type="cfm-fast" waiting="0.00" lane="bottom_0" pos="8.14" speed="28.42" angle="79.76" x="81.08" y="-2.68"/>
        <vehicle id="cfm-fast_4" eclass="HBEFA3/PC_G_EU4" CO2="0.00" CO="0.00" HC="0.00" NOx="0.00" PMx="0.00" fuel="0.00" electricity="0.00" noise="70.79" route="routebottom" type="cfm-fast" waiting="0.00" lane="bottom_0" pos="28.83" speed="27.25" angle="42.58" x="117.63" y="21.33"/>
        <vehicle id="cfm-fast_5" eclass="HBEFA3/PC_G_EU4" CO2="184531.67" CO="4021.10" HC="22.94" NOx="85.95" PMx="4.92" fuel="79.32" electricity="0.00" noise="137.94" route="routebottom" type="cfm-fast" waiting="0.00" lane="right_1" pos="9.41" speed="47.86" angle="347.58" x="126.13" y="82.70"/>
        <vehicle id="cfm-slow_0" eclass="HBEFA3/PC_G_EU4" CO2="9106.43" CO="111.75" HC="0.73" NOx="3.75" PMx="0.19" fuel="3.91" electricity="0.00" noise="71.30" route="routebottom" type="cfm-slow" waiting="0.00" lane="right_0" pos="1.19" speed="20.10" angle="2.32" x="132.22" y="66.32"/>
        <vehicle id="cfm-slow_1" eclass="HBEFA3/PC_G_EU4" CO2="11647.34" CO="163.82" HC="1.03" NOx="4.94" PMx="0.25" fuel="5.01" electricity="0.00" noise="72.90" route="routebottom" type="cfm-slow" waiting="0.00" lane="right_0" pos="17.20" speed="20.42" angle="333.53" x="122.47" y="98.98"/>
        <vehicle id="cfm-slow_2" eclass="HBEFA3/PC_G_EU4" CO2="16447.45" CO="262.42" HC="1.60" NOx="7.18" PMx="0.38" fuel="7.07" electricity="0.00" noise="76.13" route="routebottom" type="cfm-slow" waiting="0.00" lane="right_0" pos="33.56" speed="21.22" angle="304.12" x="97.57" y="123.30"/>
        <vehicle id="cfm-slow_3" eclass="HBEFA3/PC_G_EU4" CO2="23098.31" CO="400.53" HC="2.40" NOx="10.29" PMx="0.56" fuel="9.93" electricity="0.00" noise="80.49" route="routetop" type="cfm-slow" waiting="0.00" lane="top_0" pos="0.77" speed="22.83" angle="273.09" x="61.92" y="132.24"/>
        <vehicle id="cfm-slow_4" eclass="HBEFA3/PC_G_EU4" CO2="27421.48" CO="495.68" HC="2.94" NOx="12.27" PMx="0.68" fuel="11.79" electricity="0.00" noise="82.69" route="routetop" type="cfm-slow" waiting="0.00" lane="top_0" pos="19.66" speed="25.34" angle="239.04" x="23.92" y="119.57"/>
        <vehicle id="cfm-slow_5" eclass="HBEFA3/PC_G_EU4" CO2="22140.19" CO="399.29" HC="2.37" NOx="9.72" PMx="0.55" fuel="9.52" electricity="0.00" noise="79.33" route="routetop" type="cfm-slow" waiting="0.00" lane="top_0" pos="41.15" speed="28.01" angle="200.47" x="-2.29" y="82.56"/>
    </timestep>
    <timestep time="3.52">
        <vehicle id="cfm-fast_0" eclass="HBEFA3/PC_G_EU4" CO2="10502.63" CO="168.50" HC="1.03" NOx="4.20" PMx="0.25" fuel="4.51" electricity="0.00" noise="74.81" route="routetop" type="cfm-fast" waiting="0.00" lane="left_0" pos="15.60" speed="29.41" angle="156.40" x="3.15" y="31.34"/>
        <vehicle id="cfm-fast_1" eclass="HBEFA3/PC_G_EU4" CO2="183304.50" CO="3989.31" HC="22.76" NOx="85.38" PMx="4.88" fuel="78.79" electricity="0.00" noise="137.79" route="routetop" type="cfm-fast" waiting="0.00" lane="left_1" pos="45.43" speed="47.57" angle="102.78" x="54.29" y="-0.97"/>
        <vehicle id="cfm-fast_2" eclass="HBEFA3/PC_G_EU4" CO2="21566.26" CO="383.03" HC="2.28" NOx="9.46" PMx="0.53" fuel="9.27" electricity="0.00" noise="79.02" route="routetop" type="cfm-fast" waiting="0.00" lane="left_0" pos="38.92" speed="27.19" angle="114.49" x="40.21" y="-0.81"/>
        <vehicle id="cfm-fast_3" eclass="HBEFA3/PC_G_EU4" CO2="5962.95" CO="68.64" HC="0.46" NOx="2.07" PMx="0.12" fuel="2.56" electricity="0.00" noise="73.27" route="routebottom" type="cfm-fast" waiting="0.00" lane="bottom_0" pos="8.43" speed="28.42" angle="79.23" x="81.67" y="-2.53"/>
        <vehicle id="cfm-fast_4" eclass="HBEFA3/PC_G_EU4" CO2="0.00" CO="0.00" HC="0.00" NOx="0.00" PMx="0.00" fuel="0.00" electricity="0.00" noise="70.77" route="routebottom" type="cfm-fast" waiting="0.00" lane="bottom_0" pos="29.11" speed="27.22" angle="42.07" x="118.00" y="21.79"/>
        <vehicle id="cfm-fast_5" eclass="HBEFA3/PC_G_EU4" CO2="185101.30" CO="4035.88" HC="23.02" NOx="86.22" PMx="4.94" fuel="79.57" electricity="0.00" noise="138.00" route="routebottom" type="cfm-fast" waiting="0.00" lane="right_1" pos="9.89" speed="48.00" angle="346.70" x="125.84" y="83.64"/>
        <vehicle id="cfm-slow_0" eclass="HBEFA3/PC_G_EU4" CO2="9094.93" CO="111.50" HC="0.73" NOx="3.74" PMx="0.19" fuel="3.91" electricity="0.00" noise="71.30" route="routebottom" type="cfm-slow" waiting="0.00" lane="right_0" pos="1.39" speed="20.11" angle="1.98" x="132.20" y="66.75"/>
        <vehicle id="cfm-slow_1" eclass="HBEFA3/PC_G_EU4" CO2="11656.94" CO="164.01" HC="1.03" NOx="4.94" PMx="0.25" fuel="5.01" electricity="0.00" noise="72.91" route="routebottom" type="cfm-slow" waiting="0.00" lane="right_0" pos="17.40" speed="20.44" angle="333.16" x="122.25" y="99.35"/>
        <vehicle id="cfm-slow_2" eclass="HBEFA3/PC_G_EU4" CO2="16474.05" CO="262.97" HC="1.60" NOx="7.20" PMx="0.38" fuel="7.08" electricity="0.00" noise="76.15" route="routebottom" type="cfm-slow" waiting="0.00" lane="right_0" pos="33.77" speed="21.25" angle="303.74" x="97.17" y="123.52"/>
        <vehicle id="cfm-slow_3" eclass="HBEFA3/PC_G_EU4" CO2="23105.85" CO="400.73" HC="2.40" NOx="10.29" PMx="0.56" fuel="9.93" electricity="0.00" noise="80.49" route="routetop" type="cfm-slow" waiting="0.00" lane="top_0" pos="1.00" speed="22.87" angle="272.67" x="61.43" y="132.23"/>
        <vehicle id="cfm-slow_4" eclass="HBEFA3/PC_G_EU4" CO2="27343.49" CO="494.20" HC="2.93" NOx="12.23" PMx="0.67" fuel="11.75" electricity="0.00" noise="82.63" route="routetop" type="cfm-slow" waiting="0.00" lane="top_0" pos="19.92" speed="25.37" angle="238.58" x="23.47" y="119.25"/>
        <vehicle id="cfm-slow_5" eclass="HBEFA3/PC_G_EU4" CO2="21987.49" CO="396.28" HC="2.35" NOx="9.64" PMx="0.54" fuel="9.45" electricity="0.00" noise="79.25" route="routetop" type="cfm-slow" waiting="0.00" lane="top_0" pos="41.43" speed="28.04" angle="199.95" x="-2.44" y="81.98"/>
    </timestep>
    <timestep time="3.53">
        <vehicle id="cfm-fast_0" eclass="HBEFA3/PC_G_EU4" CO2="10425.87" CO="166.96" HC="1.02" NOx="4.16" PMx="0.24" fuel="4.48" electricity="0.00" noise="74.79" route="routetop" type="cfm-fast" waiting="0.00" lane="left_0" pos="15.90" speed="29.41" angle="155.86" x="3.46" y="30.78"/>
        <vehicle id="cfm-fast_1" eclass="HBEFA3/PC_G_EU4" CO2="183873.50" CO="4004.04" HC="22.84" NOx="85.64" PMx="4.90" fuel="79.04" electricity="0.00" noise="137.86" route="routetop" type="cfm-fast" waiting="0.00" lane="left_1" pos="45.90" speed="47.71" angle="101.91" x="55.25" y="-1.10"/>
        <vehicle id="cfm-fast_2" eclass="HBEFA3/PC_G_EU4" CO2="21369.56" CO="379.10" HC="2.26" NOx="9.37" PMx="0.52" fuel="9.19" electricity="0.00" noise="78.92" route="routetop" type="cfm-fast" waiting="0.00" lane="left_0" pos="39.19" speed="27.21" angle="113.98" x="40.76" y="-1.00"/>
        <vehicle id="cfm-fast_3" eclass="HBEFA3/PC_G_EU4" CO2="5683.32" CO="62.89" HC="0.43" NOx="1.94" PMx="0.12" fuel="2.44" electricity="0.00" noise="73.21" route="routebottom" type="cfm-fast" waiting="0.00" lane="bottom_0" pos="8.71" speed="28.42" angle="78.71" x="82.26" y="-2.37"/>
        <vehicle id="cfm-fast_4" eclass="HBEFA3/PC_G_EU4" CO2="0.00" CO="0.00" HC="0.00" NOx="0.00" PMx="0.00" fuel="0.00" electricity="0.00" noise="70.76" route="routebottom" type="cfm-fast" waiting="0.00" lane="bottom_0" pos="29.38" speed="27.19" angle="41.58" x="118.36" y="22.25"/>
        <vehicle id="cfm-fast_5" eclass="HBEFA3/PC_G_EU4" CO2="185671.23" CO="4050.68" HC="23.10" NOx="86.48" PMx="4.95" fuel="79.81" electricity="0.00" noise="138.07" route="routebottom" type="cfm-fast" waiting="0.00" lane="right_1" pos="10.37" speed="48.14" angle="345.87" x="125.54" y="84.58"/>
        <vehicle id="cfm-slow_0" eclass="HBEFA3/PC_G_EU4" CO2="9083.92" CO="111.26" HC="0.73" NOx="3.74" PMx="0.19" fuel="3.90" electricity="0.00" noise="71.30" route="routebottom" type="cfm-slow" waiting="0.00" lane="right_0" pos="1.59" speed="20.12" angle="1.62" x="132.18" y="67.18"/>
        <vehicle id="cfm-slow_1" eclass="HBEFA3/PC_G_EU4" CO2="11666.98" CO="164.20" HC="1.03" NOx="4.95" PMx="0.25" fuel="5.02" electricity="0.00" noise="72.92" route="routebottom" type="cfm-slow" waiting="0.00" lane="right_0" pos="17.61" speed="20.46" angle="332.79" x="122.02" y="99.73"/>
        <vehicle id="cfm-slow_2" eclass="HBEFA3/PC_G_EU4" CO2="16500.78" CO="263.53" HC="1.61" NOx="7.21" PMx="0.38" fuel="7.09" electricity="0.00" noise="76.16" route="routebottom" type="cfm-slow" waiting="0.00" lane="right_0" pos="33.98" speed="21.27" angle="303.35" x="96.77" y="123.74"/>
        <vehicle id="cfm-slow_3" eclass="HBEFA3/PC_G_EU4" CO2="23112.92" CO="400.93" HC="2.40" NOx="10.29" PMx="0.56" fuel="9.94" electricity="0.00" noise="80.49" route="routetop" type="cfm-slow" waiting="0.00" lane="top_0" pos="1.22" speed="22.90" angle="272.27" x="60.94" y="132.22"/>
        <vehicle id="cfm-slow_4" eclass="HBEFA3/PC_G_EU4" CO2="27265.00" CO="492.70" HC="2.92" NOx="12.19" PMx="0.67" fuel="11.72" electricity="0.00" noise="82.57" route="routetop" type="cfm-slow" waiting="0.00" lane="top_0" pos="20.17" speed="25.41" angle="238.12" x="23.03" y="118.93"/>
        <vehicle id="cfm-slow_5" eclass="HBEFA3/PC_G_EU4" CO2="21835.66" CO="393.29" HC="2.34" NOx="9.57" PMx="0.54" fuel="9.39" electricity="0.00" noise="79.17" route="routetop" type="cfm-slow" waiting="0.00" lane="top_0" pos="41.71" speed="28.06" angle="199.43" x="-2.60" y="81.39"/>
    </timestep>
    <timestep time="3.54">
        <vehicle id="cfm-fast_0" eclass="HBEFA3/PC_G_EU4" CO2="10349.52" CO="165.43" HC="1.02" NOx="4.12" PMx="0.24" fuel="4.45" electricity="0.00" noise="74.77" route="routetop" type="cfm-fast" waiting="0.00" lane="left_0" pos="16.19" speed="29.42" angle="155.32" x="3.76" y="30.23"/>
        <vehicle id="cfm-fast_1" eclass="HBEFA3/PC_G_EU4" CO2="184442.80" CO="4018.79" HC="22.92" NOx="85.91" PMx="4.92" fuel="79.28" electricity="0.00" noise="137.93" route="routetop" type="cfm-fast" waiting="0.00" lane="left_1" pos="46.38" speed="47.84" angle="101.09" x="56.23" y="-1.22"/>
        <vehicle id="cfm-fast_2" eclass="HBEFA3/PC_G_EU4" CO2="21172.29" CO="375.15" HC="2.24" NOx="9.28" PMx="0.52" fuel="9.10" electricity="0.00" noise="78.81" route="routetop" type="cfm-fast" waiting="0.00" lane="left_0" pos="39.46" speed="27.23" angle="113.48" x="41.31" y="-1.20"/>
        <vehicle id="cfm-fast_3" eclass="HBEFA3/PC_G_EU4" CO2="5406.46" CO="57.19" HC="0.40" NOx="1.81" PMx="0.11" fuel="2.32" electricity="0.00" noise="73.15" route="routebottom" type="cfm-fast" waiting="0.00" lane="bottom_0" pos="9.00" speed="28.42" angle="78.25" x="82.85" y="-2.20"/>
        <vehicle id="cfm-fast_4" eclass="HBEFA3/PC_G_EU4" CO2="0.00" CO="0.00" HC="0.00" NOx="0.00" PMx="0.00" fuel="0.00" electricity="0.00" noise="70.74" route="routebottom" type="cfm-fast" waiting="0.00" lane="bottom_0" pos="29.65" speed="27.17" angle="41.13" x="118.71" y="22.72"/>
        <vehicle id="cfm-fast_5" eclass="HBEFA3/PC_G_EU4" CO2="186241.45" CO="4065.50" HC="23.18" NOx="86.75" PMx="4.97" fuel="80.06" electricity="0.00" noise="138.13" route="routebottom" type="cfm-fast" waiting="0.00" lane="right_1" pos="10.85" speed="48.27" angle="344.93" x="125.20" y="85.51"/>
        <vehicle id="cfm-slow_0" eclass="HBEFA3/PC_G_EU4" CO2="9073.39" CO="111.04" HC="0.73" NOx="3.73" PMx="0.19" fuel="3.90" electricity="0.00" noise="71.29" route="routebottom" type="cfm-slow" waiting="0.00" lane="right_0" pos="1.79" speed="20.13" angle="1.26" x="132.15" y="67.62"/>
        <vehicle id="cfm-slow_1" eclass="HBEFA3/PC_G_EU4" CO2="11677.47" CO="164.41" HC="1.04" NOx="4.95" PMx="0.26" fuel="5.02" electricity="0.00" noise="72.93" route="routebottom" type="cfm-slow" waiting="0.00" lane="right_0" pos="17.81" speed="20.47" angle="332.43" x="121.80" y="100.11"/>
        <vehicle id="cfm-slow_2" eclass="HBEFA3/PC_G_EU4" CO2="16527.61" CO="264.08" HC="1.61" NOx="7.22" PMx="0.38" fuel="7.10" electricity="0.00" noise="76.18" route="routebottom" type="cfm-slow" waiting="0.00" lane="right_0" pos="34.20" speed="21.29" angle="302.97" x="96.37" y="123.96"/>
        <vehicle id="cfm-slow_3" eclass="HBEFA3/PC_G_EU4" CO2="23119.52" CO="401.11" HC="2.40" NOx="10.29" PMx="0.56" fuel="9.94" electricity="0.00" noise="80.48" route="routetop" type="cfm-slow" waiting="0.00" lane="top_0" pos="1.45" speed="22.93" angle="271.87" x="60.44" y="132.19"/>
        <vehicle id="cfm-slow_4" eclass="HBEFA3/PC_G_EU4" CO2="27186.04" CO="491.20" HC="2.91" NOx="12.15" PMx="0.67" fuel="11.69" electricity="0.00" noise="82.51" route="routetop" type="cfm-slow" waiting="0.00" lane="top_0" pos="20.43" speed="25.44" angle="237.68" x="22.59" y="118.61"/>
        <vehicle id="cfm-slow_5" eclass="HBEFA3/PC_G_EU4" CO2="21684.70" CO="390.31" HC="2.32" NOx="9.50" PMx="0.53" fuel="9.32" electricity="0.00" noise="79.09" route="routetop" type="cfm-slow" waiting="0.00" lane="top_0" pos="41.99" speed="28.08" angle="198.91" x="-2.76" y="80.81"/>
    </timestep>
    <timestep time="3.55">
        <vehicle id="cfm-fast_0" eclass="HBEFA3/PC_G_EU4" CO2="10273.55" CO="163.91" HC="1.01" NOx="4.09" PMx="0.24" fuel="4.42" electricity="0.00" noise="74.75" route="routetop" type="cfm-fast" waiting="0.00" lane="left_0" pos="16.48" speed="29.42" angle="154.77" x="4.07" y="29.67"/>
        <vehicle id="cfm-fast_1" eclass="HBEFA3/PC_G_EU4" CO2="185012.39" CO="4033.57" HC="23.01" NOx="86.17" PMx="4.93" fuel="79.53" electricity="0.00" noise="137.99" route="routetop" type="cfm-fast" waiting="0.00" lane="left_1" pos="46.86" speed="47.98" angle="100.19" x="57.21" y="-1.32"/>
        <vehicle id="cfm-fast_2" eclass="HBEFA3/PC_G_EU4" CO2="20974.48" CO="371.20" HC="2.21" NOx="9.18" PMx="0.51" fuel="9.02" electricity="0.00" noise="78.71" route="routetop" type="cfm-fast" waiting="0.00" lane="left_0" pos="39.74" speed="27.26" angle="113.03" x="41.87" y="-1.40"/>
        <vehicle id="cfm-fast_3" eclass="HBEFA3/PC_G_EU4" CO2="0.00" CO="0.00" HC="0.00" NOx="0.00" PMx="0.00" fuel="0.00" electricity="0.00" noise="73.10" route="routebottom" type="cfm-fast" waiting="0.00" lane="bottom_0" pos="9.28" speed="28.42" angle="77.72" x="83.44" y="-2.02"/>
        <vehicle id="cfm-fast_4" eclass="HBEFA3/PC_G_EU4" CO2="0.00" CO="0.00" HC="0.00" NOx="0.00" PMx="0.00" fuel="0.00" electricity="0.00" noise="70.73" route="routebottom" type="cfm-fast" waiting="0.00" lane="bottom_0" pos="29.92" speed="27.14" angle="40.63" x="119.05" y="23.20"/>
        <vehicle id="cfm-fast_5" eclass="HBEFA3/PC_G_EU4" CO2="186811.96" CO="4080.35" HC="23.26" NOx="87.02" PMx="4.98" fuel="80.30" electricity="0.00" noise="138.20" route="routebottom" type="cfm-fast" waiting="0.00" lane="right_1" pos="11.33" speed="48.41" angle="343.99" x="124.86" y="86.44"/>
        <vehicle id="cfm-slow_0" eclass="HBEFA3/PC_G_EU4" CO2="9063.35" CO="110.82" HC="0.73" NOx="3.73" PMx="0.19" fuel="3.90" electricity="0.00" noise="71.29" route="routebottom" type="cfm-slow" waiting="0.00" lane="right_0" pos="1.99" speed="20.14" angle="0.89" x="132.13" y="68.05"/>
        <vehicle id="cfm-slow_1" eclass="HBEFA3/PC_G_EU4" CO2="11688.39" CO="164.63" HC="1.04" NOx="4.96" PMx="0.26" fuel="5.02" electricity="0.00" noise="72.93" route="routebottom" type="cfm-slow" waiting="0.00" lane="right_0" pos="18.02" speed="20.49" angle="332.11" x="121.56" y="100.48"/>
        <vehicle id="cfm-slow_2" eclass="HBEFA3/PC_G_EU4" CO2="16554.55" CO="264.64" HC="1.61" NOx="7.23" PMx="0.38" fuel="7.12" electricity="0.00" noise="76.20" route="routebottom" type="cfm-slow" waiting="0.00" lane="right_0" pos="34.41" speed="21.32" angle="302.58" x="95.97" y="124.18"/>
        <vehicle id="cfm-slow_3" eclass="HBEFA3/PC_G_EU4" CO2="23125.66" CO="401.28" HC="2.40" NOx="10.30" PMx="0.56" fuel="9.94" electricity="0.00" noise="80.48" route="routetop" type="cfm-slow" waiting="0.00" lane="top_0" pos="1.68" speed="22.96" angle="271.45" x="59.95" y="132.16"/>
        <vehicle id="cfm-slow_4" eclass="HBEFA3/PC_G_EU4" CO2="27106.61" CO="489.69" HC="2.90" NOx="12.12" PMx="0.67" fuel="11.65" electricity="0.00" noise="82.45" route="routetop" type="cfm-slow" waiting="0.00" lane="top_0" pos="20.68" speed="25.48" angle="237.25" x="22.15" y="118.28"/>
        <vehicle id="cfm-slow_5" eclass="HBEFA3/PC_G_EU4" CO2="21534.61" CO="387.35" HC="2.30" NOx="9.43" PMx="0.53" fuel="9.26" electricity="0.00" noise="79.02" route="routetop" type="cfm-slow" waiting="0.00" lane="top_0" pos="42.27" speed="28.10" angle="198.42" x="-2.91" y="80.22"/>
    </timestep>
    <timestep time="3.56">
        <vehicle id="cfm-fast_0" eclass="HBEFA3/PC_G_EU4" CO2="10197.95" CO="162.39" HC="1.00" NOx="4.05" PMx="0.24" fuel="4.38" electricity="0.00" noise="74.73" route="routetop" type="cfm-fast" waiting="0.00" lane="left_0" pos="16.78" speed="29.43" angle="154.29" x="4.38" y="29.12"/>
        <vehicle id="cfm-fast_1" eclass="HBEFA3/PC_G_EU4" CO2="185582.27" CO="4048.37" HC="23.09" NOx="86.44" PMx="4.95" fuel="79.77" electricity="0.00" noise="138.06" route="routetop" type="cfm-fast" waiting="0.00" lane="left_1" pos="47.34" speed="48.12" angle="99.31" x="58.19" y="-1.42"/>
        <vehicle id="cfm-fast_2" eclass="HBEFA3/PC_G_EU4" CO2="20776.14" CO="367.23" HC="2.19" NOx="9.09" PMx="0.51" fuel="8.93" electricity="0.00" noise="78.61" route="routetop" type="cfm-fast" waiting="0.00" lane="left_0" pos="40.01" speed="27.28" angle="112.53" x="42.43" y="-1.57"/>
        <vehicle id="cfm-fast_3" eclass="HBEFA3/PC_G_EU4" CO2="0.00" CO="0.00" HC="0.00" NOx="0.00" PMx="0.00" fuel="0.00" electricity="0.00" noise="73.04" route="routebottom" type="cfm-fast" waiting="0.00" lane="bottom_0" pos="9.56" speed="28.42" angle="77.20" x="84.02" y="-1.84"/>
        <vehicle id="cfm-fast_4" eclass="HBEFA3/PC_G_EU4" CO2="0.00" CO="0.00" HC="0.00" NOx="0.00" PMx="0.00" fuel="0.00" electricity="0.00" noise="70.71" route="routebottom" type="cfm-fast" waiting="0.00" lane="bottom_0" pos="30.19" speed="27.11" angle="40.13" x="119.39" y="23.67"/>
        <vehicle id="cfm-fast_5" eclass="HBEFA3/PC_G_EU4" CO2="187382.76" CO="4095.21" HC="23.35" NOx="87.28" PMx="5.00" fuel="80.55" electricity="0.00" noise="138.26" route="routebottom" type="cfm-fast" waiting="0.00" lane="right_1" pos="11.82" speed="48.55" angle="343.17" x="124.50" y="87.37"/>
        <vehicle id="cfm-slow_0" eclass="HBEFA3/PC_G_EU4" CO2="9053.80" CO="110.62" HC="0.72" NOx="3.72" PMx="0.19" fuel="3.89" electricity="0.00" noise="71.29" route="routebottom" type="cfm-slow" waiting="0.00" lane="right_0" pos="2.20" speed="20.15" angle="0.53" x="132.10" y="68.48"/>
        <vehicle id="cfm-slow_1" eclass="HBEFA3/PC_G_EU4" CO2="11699.74" CO="164.85" HC="1.04" NOx="4.96" PMx="0.26" fuel="5.03" electricity="0.00" noise="72.94" route="routebottom" type="cfm-slow" waiting="0.00" lane="right_0" pos="18.22" speed="20.50" angle="331.71" x="121.32" y="100.85"/>
        <vehicle id="cfm-slow_2" eclass="HBEFA3/PC_G_EU4" CO2="16581.59" CO="265.20" HC="1.62" NOx="7.24" PMx="0.38" fuel="7.13" electricity="0.00" noise="76.21" route="routebottom" type="cfm-slow" waiting="0.00" lane="right_0" pos="34.62" speed="21.34" angle="302.25" x="95.57" y="124.41"/>
        <vehicle id="cfm-slow_3" eclass="HBEFA3/PC_G_EU4" CO2="23131.32" CO="401.45" HC="2.40" NOx="10.30" PMx="0.56" fuel="9.94" electricity="0.00" noise="80.47" route="routetop" type="cfm-slow" waiting="0.00" lane="top_0" pos="1.91" speed="23.00" angle="271.04" x="59.46" y="132.14"/>
        <vehicle id="cfm-slow_4" eclass="HBEFA3/PC_G_EU4" CO2="27026.72" CO="488.17" HC="2.90" NOx="12.08" PMx="0.67" fuel="11.62" electricity="0.00" noise="82.40" route="routetop" type="cfm-slow" waiting="0.00" lane="top_0" pos="20.94" speed="25.51" angle="236.78" x="21.72" y="117.94"/>
        <vehicle id="cfm-slow_5" eclass="HBEFA3/PC_G_EU4" CO2="21385.37" CO="384.40" HC="2.29" NOx="9.36" PMx="0.53" fuel="9.19" electricity="0.00" noise="78.95" route="routetop" type="cfm-slow" waiting="0.00" lane="top_0" pos="42.55" speed="28.13" angle="197.95" x="-3.05" y="79.64"/>
    </timestep>
    <timestep time="3.57">
        <vehicle id="cfm-fast_0" eclass="HBEFA3/PC_G_EU4" CO2="10122.69" CO="160.88" HC="0.99" NOx="4.02" PMx="0.24" fuel="4.35" electricity="0.00" noise="74.71" route="routetop" type="cfm-fast" waiting="0.00" lane="left_0" pos="17.07" speed="29.44" angle="153.75" x="4.71" y="28.58"/>
        <vehicle id="cfm-fast_1" eclass="HBEFA3/PC_G_EU4" CO2="186152.45" CO="4063.19" HC="23.17" NOx="86.71" PMx="4.97" fuel="80.02" electricity="0.00" noise="138.12" route="routetop" type="cfm-fast" waiting="0.00" lane="left_1" pos="47.83" speed="48.25" angle="98.46" x="59.18" y="-1.49"/>
        <vehicle id="cfm-fast_2" eclass="HBEFA3/PC_G_EU4" CO2="20577.31" CO="363.25" HC="2.17" NOx="9.00" PMx="0.50" fuel="8.85" electricity="0.00" noise="78.51" route="routetop" type="cfm-fast" waiting="0.00" lane="left_0" pos="40.28" speed="27.30" angle="112.02" x="42.99" y="-1.75"/>
        <vehicle id="cfm-fast_3" eclass="HBEFA3/PC_G_EU4" CO2="0.00" CO="0.00" HC="0.00" NOx="0.00" PMx="0.00" fuel="0.00" electricity="0.00" noise="72.99" route="routebottom" type="cfm-fast" waiting="0.00" lane="bottom_0" pos="9.85" speed="28.42" angle="76.68" x="84.61" y="-1.66"/>
        <vehicle id="cfm-fast_4" eclass="HBEFA3/PC_G_EU4" CO2="0.00" CO="0.00" HC="0.00" NOx="0.00" PMx="0.00" fuel="0.00" electricity="0.00" noise="70.70" route="routebottom" type="cfm-fast" waiting="0.00" lane="bottom_0" pos="30.46" speed="27.08" angle="39.64" x="119.73" y="24.14"/>
        <vehicle id="cfm-fast_5" eclass="HBEFA3/PC_G_EU4" CO2="187953.86" CO="4110.10" HC="23.43" NOx="87.55" PMx="5.02" fuel="80.79" electricity="0.00" noise="138.33" route="routebottom" type="cfm-fast" waiting="0.00" lane="right_1" pos="12.31" speed="48.68" angle="342.32" x="124.13" y="88.30"/>
        <vehicle id="cfm-slow_0" eclass="HBEFA3/PC_G_EU4" CO2="9044.73" CO="110.42" HC="0.72" NOx="3.72" PMx="0.19" fuel="3.89" electricity="0.00" noise="71.29" route="routebottom" type="cfm-slow" waiting="0.00" lane="right_0" pos="2.40" speed="20.16" angle="0.17" x="132.08" y="68.91"/>
        <vehicle id="cfm-slow_1" eclass="HBEFA3/PC_G_EU4" CO2="11711.52" CO="165.08" HC="1.04" NOx="4.97" PMx="0.26" fuel="5.03" electricity="0.00" noise="72.95" route="routebottom" type="cfm-slow" waiting="0.00" lane="right_0" pos="18.43" speed="20.52" angle="331.31" x="121.07" y="101.22"/>
        <vehicle id="cfm-slow_2" eclass="HBEFA3/PC_G_EU4" CO2="16608.72" CO="265.76" HC="1.62" NOx="7.26" PMx="0.38" fuel="7.14" electricity="0.00" noise="76.23" route="routebottom" type="cfm-slow" waiting="0.00" lane="right_0" pos="34.84" speed="21.37" angle="301.87" x="95.16" y="124.61"/>
        <vehicle id="cfm-slow_3" eclass="HBEFA3/PC_G_EU4" CO2="23136.50" CO="401.61" HC="2.40" NOx="10.30" PMx="0.56" fuel="9.95" electricity="0.00" noise="80.47" route="routetop" type="cfm-slow" waiting="0.00" lane="top_0" pos="2.14" speed="23.03" angle="270.63" x="58.96" y="132.11"/>
        <vehicle id="cfm-slow_4" eclass="HBEFA3/PC_G_EU4" CO2="26946.39" CO="486.64" HC="2.89" NOx="12.04" PMx="0.66" fuel="11.58" electricity="0.00" noise="82.34" route="routetop" type="cfm-slow" waiting="0.00" lane="top_0" pos="21.19" speed="25.54" angle="236.31" x="21.29" y="117.60"/>
        <vehicle id="cfm-slow_5" eclass="HBEFA3/PC_G_EU4" CO2="21237.00" CO="381.48" HC="2.27" NOx="9.29" PMx="0.52" fuel="9.13" electricity="0.00" noise="78.87" route="routetop" type="cfm-slow" waiting="0.00" lane="top_0" pos="42.83" speed="28.15" angle="197.45" x="-3.19" y="79.05"/>
    </timestep>
    <timestep time="3.58">
        <vehicle id="cfm-fast_0" eclass="HBEFA3/PC_G_EU4" CO2="10047.76" CO="159.38" HC="0.98" NOx="3.98" PMx="0.24" fuel="4.32" electricity="0.00" noise="74.69" route="routetop" type="cfm-fast" waiting="0.00" lane="left_0" pos="17.37" speed="29.44" angle="153.21" x="5.03" y="28.04"/>
        <vehicle id="cfm-fast_1" eclass="HBEFA3/PC_G_EU4" CO2="186722.91" CO="4078.03" HC="23.25" NOx="86.97" PMx="4.98" fuel="80.26" electricity="0.00" noise="138.19" route="routetop" type="cfm-fast" waiting="0.00" lane="left_1" pos="48.31" speed="48.39" angle="97.57" x="60.17" y="-1.55"/>
        <vehicle id="cfm-fast_2" eclass="HBEFA3/PC_G_EU4" CO2="20378.02" CO="359.25" HC="2.14" NOx="8.90" PMx="0.50" fuel="8.76" electricity="0.00" noise="78.40" route="routetop" type="cfm-fast" waiting="0.00" lane="left_0" pos="40.55" speed="27.32" angle="111.51" x="43.55" y="-1.92"/>
        <vehicle id="cfm-fast_3" eclass="HBEFA3/PC_G_EU4" CO2="0.00" CO="0.00" HC="0.00" NOx="0.00" PMx="0.00" fuel="0.00" electricity="0.00" noise="72.93" route="routebottom" type="cfm-fast" waiting="0.00" lane="bottom_0" pos="10.13" speed="28.42" angle="76.18" x="85.19" y="-1.48"/>
        <vehicle id="cfm-fast_4" eclass="HBEFA3/PC_G_EU4" CO2="0.00" CO="0.00" HC="0.00" NOx="0.00" PMx="0.00" fuel="0.00" electricity="0.00" noise="70.69" route="routebottom" type="cfm-fast" waiting="0.00" lane="bottom_0" pos="30.73" speed="27.06" angle="39.18" x="120.07" y="24.61"/>
        <vehicle id="cfm-fast_5" eclass="HBEFA3/PC_G_EU4" CO2="188525.25" CO="4125.01" HC="23.51" NOx="87.82" PMx="5.03" fuel="81.04" electricity="0.00" noise="138.40" route="routebottom" type="cfm-fast" waiting="0.00" lane="right_1" pos="12.80" speed="48.82" angle="341.50" x="123.76" y="89.23"/>
        <vehicle id="cfm-slow_0" eclass="HBEFA3/PC_G_EU4" CO2="9036.13" CO="110.23" HC="0.72" NOx="3.71" PMx="0.19" fuel="3.88" electricity="0.00" noise="71.28" route="routebottom" type="cfm-slow" waiting="0.00" lane="right_0" pos="2.60" speed="20.18" angle="359.83" x="132.04" y="69.35"/>
        <vehicle id="cfm-slow_1" eclass="HBEFA3/PC_G_EU4" CO2="11723.71" CO="165.33" HC="1.04" NOx="4.97" PMx="0.26" fuel="5.04" electricity="0.00" noise="72.96" route="routebottom" type="cfm-slow" waiting="0.00" lane="right_0" pos="18.63" speed="20.53" angle="330.91" x="120.83" y="101.58"/>
        <vehicle id="cfm-slow_2" eclass="HBEFA3/PC_G_EU4" CO2="16635.93" CO="266.33" HC="1.62" NOx="7.27" PMx="0.39" fuel="7.15" electricity="0.00" noise="76.25" route="routebottom" type="cfm-slow" waiting="0.00" lane="right_0" pos="35.05" speed="21.39" angle="301.48" x="94.74" y="124.82"/>
        <vehicle id="cfm-slow_3" eclass="HBEFA3/PC_G_EU4" CO2="23141.21" CO="401.75" HC="2.40" NOx="10.30" PMx="0.56" fuel="9.95" electricity="0.00" noise="80.46" route="routetop" type="cfm-slow" waiting="0.00" lane="top_0" pos="2.37" speed="23.06" angle="270.21" x="58.47" y="132.08"/>
        <vehicle id="cfm-slow_4" eclass="HBEFA3/PC_G_EU4" CO2="26865.61" CO="485.10" HC="2.88" NOx="12.00" PMx="0.66" fuel="11.55" electricity="0.00" noise="82.28" route="routetop" type="cfm-slow" waiting="0.00" lane="top_0" pos="21.45" speed="25.58" angle="235.84" x="20.85" y="117.26"/>
        <vehicle id="cfm-slow_5" eclass="HBEFA3/PC_G_EU4" CO2="21089.47" CO="378.57" HC="2.25" NOx="9.22" PMx="0.52" fuel="9.07" electricity="0.00" noise="78.80" route="routetop" type="cfm-slow" waiting="0.00" lane="top_0" pos="43.12" speed="28.17" angle="196.94" x="-3.32" y="78.45"/>
    </timestep>
    <timestep time="3.59">
        <vehicle id="cfm-fast_0" eclass="HBEFA3/PC_G_EU4" CO2="9973.14" CO="157.88" HC="0.97" NOx="3.94" PMx="0.23" fuel="4.29" electricity="0.00" noise="74.67" route="routetop" type="cfm-fast" waiting="0.00" lane="left_0" pos="17.66" speed="29.45" angle="152.66" x="5.36" y="27.50"/>
        <vehicle id="cfm-fast_1" eclass="HBEFA3/PC_G_EU4" CO2="187293.67" CO="4092.89" HC="23.33" NOx="87.24" PMx="5.00" fuel="80.51" electricity="0.00" noise="138.25" route="routetop" type="cfm-fast" waiting="0.00" lane="left_1" pos="48.79" speed="48.52" angle="96.73" x="61.16" y="-1.60"/>
        <vehicle id="cfm-fast_2" eclass="HBEFA3/PC_G_EU4" CO2="20178.28" CO="355.25" HC="2.12" NOx="8.81" PMx="0.49" fuel="8.67" electricity="0.00" noise="78.30" route="routetop" type="cfm-fast" waiting="0.00" lane="left_0" pos="40.83" speed="27.34" angle="111.00" x="44.11" y="-2.09"/>
        <vehicle id="cfm-fast_3" eclass="HBEFA3/PC_G_EU4" CO2="0.00" CO="0.00" HC="0.00" NOx="0.00" PMx="0.00" fuel="0.00" electricity="0.00" noise="72.88" route="routebottom" type="cfm-fast" waiting="0.00" lane="bottom_0" pos="10.42" speed="28.42" angle="75.70" x="85.77" y="-1.29"/>
        <vehicle id="cfm-fast_4" eclass="HBEFA3/PC_G_EU4" CO2="0.00" CO="0.00" HC="0.00" NOx="0.00" PMx="0.00" fuel="0.00" electricity="0.00" noise="70.67" route="routebottom" type="cfm-fast" waiting="0.00" lane="bottom_0" pos="31.00" speed="27.03" angle="38.71" x="120.40" y="25.09"/>
        <vehicle id="cfm-fast_5" eclass="HBEFA3/PC_G_EU4" CO2="189096.93" CO="4139.94" HC="23.59" NOx="88.08" PMx="5.05" fuel="81.28" electricity="0.00" noise="138.46" route="routebottom" type="cfm-fast" waiting="0.00" lane="right_1" pos="13.28" speed="48.95" angle="340.59" x="123.35" y="90.14"/>
        <vehicle id="cfm-slow_0" eclass="HBEFA3/PC_G_EU4" CO2="9028.01" CO="110.06" HC="0.72" NOx="3.71" PMx="0.19" fuel="3.88" electricity="0.00" noise="71.28" route="routebottom" type="cfm-slow" waiting="0.00" lane="right_0" pos="2.80" speed="20.19" angle="359.47" x="132.00" y="69.78"/>
        <vehicle id="cfm-slow_1" eclass="HBEFA3/PC_G_EU4" CO2="11736.32" CO="165.58" HC="1.04" NOx="4.98" PMx="0.26" fuel="5.04" electricity="0.00" noise="72.97" route="routebottom" type="cfm-slow" waiting="0.00" lane="right_0" pos="18.84" speed="20.55" angle="330.51" x="120.58" y="101.95"/>
        <vehicle id="cfm-slow_2" eclass="HBEFA3/PC_G_EU4" CO2="16663.22" CO="266.89" HC="1.63" NOx="7.28" PMx="0.39" fuel="7.16" electricity="0.00" noise="76.27" route="routebottom" type="cfm-slow" waiting="0.00" lane="right_0" pos="35.26" speed="21.41" angle="301.09" x="94.33" y="125.03"/>
        <vehicle id="cfm-slow_3" eclass="HBEFA3/PC_G_EU4" CO2="23145.44" CO="401.89" HC="2.40" NOx="10.30" PMx="0.56" fuel="9.95" electricity="0.00" noise="80.46" route="routetop" type="cfm-slow" waiting="0.00" lane="top_0" pos="2.61" speed="23.09" angle="269.82" x="57.97" y="132.04"/>
        <vehicle id="cfm-slow_4" eclass="HBEFA3/PC_G_EU4" CO2="26784.40" CO="483.55" HC="2.87" NOx="11.96" PMx="0.66" fuel="11.51" electricity="0.00" noise="82.22" route="routetop" type="cfm-slow" waiting="0.00" lane="top_0" pos="21.70" speed="25.61" angle="235.39" x="20.42" y="116.92"/>
        <vehicle id="cfm-slow_5" eclass="HBEFA3/PC_G_EU4" CO2="20942.80" CO="375.67" HC="2.23" NOx="9.15" PMx="0.51" fuel="9.00" electricity="0.00" noise="78.73" route="routetop" type="cfm-slow" waiting="0.00" lane="top_0" pos="43.40" speed="28.19" angle="196.44" x="-3.46" y="77.86"/>
    </timestep>
    <timestep time="3.60">
        <vehicle id="cfm-fast_0" eclass="HBEFA3/PC_G_EU4" CO2="9898.80" CO="156.39" HC="0.96" NOx="3.91" PMx="0.23" fuel="4.26" electricity="0.00" noise="74.65" route="routetop" type="cfm-fast" waiting="0.00" lane="left_0" pos="17.96" speed="29.45" angle="152.19" x="5.69" y="26.95"/>
        <vehicle id="cfm-fast_1" eclass="HBEFA3/PC_G_EU4" CO2="187864.72" CO="4107.77" HC="23.42" NOx="87.51" PMx="5.01" fuel="80.75" electricity="0.00" noise="138.32" route="routetop" type="cfm-fast" waiting="0.00" lane="left_1" pos="49.28" speed="48.66" angle="95.82" x="62.16" y="-1.62"/>
        <vehicle id="cfm-fast_2" eclass="HBEFA3/PC_G_EU4" CO2="19978.13" CO="351.24" HC="2.10" NOx="8.71" PMx="0.49" fuel="8.59" electricity="0.00" noise="78.20" route="routetop" type="cfm-fast" waiting="0.00" lane="left_0" pos="41.10" speed="27.37" angle="110.55" x="44.67" y="-2.27"/>
        <vehicle id="cfm-fast_3" eclass="HBEFA3/PC_G_EU4" CO2="0.00" CO="0.00" HC="0.00" NOx="0.00" PMx="0.00" fuel="0.00" electricity="0.00" noise="72.83" route="routebottom" type="cfm-fast" waiting="0.00" lane="bottom_0" pos="10.70" speed="28.42" angle="75.17" x="86.35" y="-1.08"/>
        <vehicle id="cfm-fast_4" eclass="HBEFA3/PC_G_EU4" CO2="0.00" CO="0.00" HC="0.00" NOx="0.00" PMx="0.00" fuel="0.00" electricity="0.00" noise="70.66" route="routebottom" type="cfm-fast" waiting="0.00" lane="bottom_0" pos="31.27" speed="27.00" angle="38.23" x="120.72" y="25.58"/>
        <vehicle id="cfm-fast_5" eclass="HBEFA3/PC_G_EU4" CO2="189668.90" CO="4154.89" HC="23.68" NOx="88.35" PMx="5.07" fuel="81.53" electricity="0.00" noise="138.53" route="routebottom" type="cfm-fast" waiting="0.00" lane="right_1" pos="13.78" speed="49.09" angle="339.67" x="122.94" y="91.06"/>
        <vehicle id="cfm-slow_0" eclass="HBEFA3/PC_G_EU4" CO2="9020.37" CO="109.89" HC="0.72" NOx="3.70" PMx="0.19" fuel="3.88" electricity="0.00" noise="71.28" route="routebottom" type="cfm-slow" waiting="0.00" lane="right_0" pos="3.00" speed="20.20" angle="359.11" x="131.95" y="70.21"/>
        <vehicle id="cfm-slow_1" eclass="HBEFA3/PC_G_EU4" CO2="11749.34" CO="165.84" HC="1.04" NOx="4.98" PMx="0.26" fuel="5.05" electricity="0.00" noise="72.98" route="routebottom" type="cfm-slow" waiting="0.00" lane="right_0" pos="19.04" speed="20.57" angle="330.11" x="120.34" y="102.32"/>
        <vehicle id="cfm-slow_2" eclass="HBEFA3/PC_G_EU4" CO2="16690.57" CO="267.46" HC="1.63" NOx="7.29" PMx="0.39" fuel="7.17" electricity="0.00" noise="76.28" route="routebottom" type="cfm-slow" waiting="0.00" lane="right_0" pos="35.48" speed="21.44" angle="300.70" x="93.92" y="125.23"/>
        <vehicle id="cfm-slow_3" eclass="HBEFA3/PC_G_EU4" CO2="23149.18" CO="402.02" HC="2.40" NOx="10.30" PMx="0.56" fuel="9.95" electricity="0.00" noise="80.45" route="routetop" type="cfm-slow" waiting="0.00" lane="top_0" pos="2.84" speed="23.12" angle="269.41" x="57.48" y="131.99"/>
        <vehicle id="cfm-slow_4" eclass="HBEFA3/PC_G_EU4" CO2="26702.78" CO="481.99" HC="2.86" NOx="11.92" PMx="0.66" fuel="11.48" electricity="0.00" noise="82.16" route="routetop" type="cfm-slow" waiting="0.00" lane="top_0" pos="21.96" speed="25.64" angle="234.95" x="19.99" y="116.57"/>
        <vehicle id="cfm-slow_5" eclass="HBEFA3/PC_G_EU4" CO2="20796.97" CO="372.80" HC="2.22" NOx="9.08" PMx="0.51" fuel="8.94" electricity="0.00" noise="78.66" route="routetop" type="cfm-slow" waiting="0.00" lane="top_0" pos="43.68" speed="28.21" angle="195.99" x="-3.59" y="77.27"/>
    </timestep>
    <timestep time="3.61">
        <vehicle id="cfm-fast_0" eclass="HBEFA3/PC_G_EU4" CO2="9824.73" CO="154.91" HC="0.95" NOx="3.87" PMx="0.23" fuel="4.22" electricity="0.00" noise="74.64" route="routetop" type="cfm-fast" waiting="0.00" lane="left_0" pos="18.25" speed="29.46" angle="151.64" x="6.04" y="26.42"/>
        <vehicle id="cfm-fast_1" eclass="HBEFA3/PC_G_EU4" CO2="188436.06" CO="4122.68" HC="23.50" NOx="87.78" PMx="5.03" fuel="81.00" electricity="0.00" noise="138.39" route="routetop" type="cfm-fast" waiting="0.00" lane="left_1" pos="49.77" speed="48.80" angle="94.90" x="63.16" y="-1.64"/>
        <vehicle id="cfm-fast_2" eclass="HBEFA3/PC_G_EU4" CO2="19777.60" CO="347.22" HC="2.08" NOx="8.62" PMx="0.48" fuel="8.50" electricity="0.00" noise="78.10" route="routetop" type="cfm-fast" waiting="0.00" lane="left_0" pos="41.38" speed="27.39" angle="110.04" x="45.24" y="-2.42"/>
        <vehicle id="cfm-fast_3" eclass="HBEFA3/PC_G_EU4" CO2="0.00" CO="0.00" HC="0.00" NOx="0.00" PMx="0.00" fuel="0.00" electricity="0.00" noise="72.79" route="routebottom" type="cfm-fast" waiting="0.00" lane="bottom_0" pos="10.98" speed="28.41" angle="74.64" x="86.92" y="-0.87"/>
        <vehicle id="cfm-fast_4" eclass="HBEFA3/PC_G_EU4" CO2="0.00" CO="0.00" HC="0.00" NOx="0.00" PMx="0.00" fuel="0.00" electricity="0.00" noise="70.64" route="routebottom" type="cfm-fast" waiting="0.00" lane="bottom_0" pos="31.54" speed="26.97" angle="37.74" x="121.04" y="26.06"/>
        <vehicle id="cfm-fast_5" eclass="HBEFA3/PC_G_EU4" CO2="190241.16" CO="4169.86" HC="23.76" NOx="88.62" PMx="5.08" fuel="81.78" electricity="0.00" noise="138.59" route="routebottom" type="cfm-fast" waiting="0.00" lane="right_1" pos="14.27" speed="49.23" angle="338.80" x="122.51" y="91.98"/>
        <vehicle id="cfm-slow_0" eclass="HBEFA3/PC_G_EU4" CO2="9013.19" CO="109.74" HC="0.72" NOx="3.70" PMx="0.19" fuel="3.87" electricity="0.00" noise="71.28" route="routebottom" type="cfm-slow" waiting="0.00" lane="right_0" pos="3.21" speed="20.21" angle="358.74" x="131.91" y="70.64"/>
        <vehicle id="cfm-slow_1" eclass="HBEFA3/PC_G_EU4" CO2="11762.76" CO="166.11" HC="1.05" NOx="4.99" PMx="0.26" fuel="5.06" electricity="0.00" noise="72.99" route="routebottom" type="cfm-slow" waiting="0.00" lane="right_0" pos="19.25" speed="20.58" angle="329.79" x="120.09" y="102.69"/>
        <vehicle id="cfm-slow_2" eclass="HBEFA3/PC_G_EU4" CO2="16717.99" CO="268.03" HC="1.63" NOx="7.31" PMx="0.39" fuel="7.19" electricity="0.00" noise="76.30" route="routebottom" type="cfm-slow" waiting="0.00" lane="right_0" pos="35.69" speed="21.46" angle="300.31" x="93.51" y="125.44"/>
        <vehicle id="cfm-slow_3" eclass="HBEFA3/PC_G_EU4" CO2="23152.45" CO="402.14" HC="2.41" NOx="10.30" PMx="0.56" fuel="9.95" electricity="0.00" noise="80.45" route="routetop" type="cfm-slow" waiting="0.00" lane="top_0" pos="3.07" speed="23.16" angle="268.99" x="56.98" y="131.94"/>
        <vehicle id="cfm-slow_4" eclass="HBEFA3/PC_G_EU4" CO2="26620.74" CO="480.43" HC="2.85" NOx="11.88" PMx="0.66" fuel="11.44" electricity="0.00" noise="82.10" route="routetop" type="cfm-slow" waiting="0.00" lane="top_0" pos="22.22" speed="25.68" angle="234.47" x="19.57" y="116.21"/>
        <vehicle id="cfm-slow_5" eclass="HBEFA3/PC_G_EU4" CO2="20651.99" CO="369.93" HC="2.20" NOx="9.01" PMx="0.51" fuel="8.88" electricity="0.00" noise="78.59" route="routetop" type="cfm-slow" waiting="0.00" lane="top_0" pos="43.96" speed="28.23" angle="195.46" x="-3.70" y="76.67"/>
    </timestep>
    <timestep time="3.62">
        <vehicle id="cfm-fast_0" eclass="HBEFA3/PC_G_EU4" CO2="9750.92" CO="153.42" HC="0.95" NOx="3.84" PMx="0.23" fuel="4.19" electricity="0.00" noise="74.62" route="routetop" type="cfm-fast" waiting="0.00" lane="left_0" pos="18.55" speed="29.46" angle="151.09" x="6.39" y="25.90"/>
        <vehicle id="cfm-fast_1" eclass="HBEFA3/PC_G_EU4" CO2="189007.69" CO="4137.61" HC="23.58" NOx="88.04" PMx="5.05" fuel="81.24" electricity="0.00" noise="138.45" route="routebottom" type="cfm-fast" waiting="0.00" lane="bottom_1" pos="0.26" speed="48.93" angle="94.02" x="64.22" y="-1.64"/>
        <vehicle id="cfm-fast_2" eclass="HBEFA3/PC_G_EU4" CO2="19576.71" CO="343.19" HC="2.05" NOx="8.52" PMx="0.48" fuel="8.42" electricity="0.00" noise="78.00" route="routetop" type="cfm-fast" waiting="0.00" lane="left_0" pos="41.65" speed="27.41" angle="109.53" x="45.81" y="-2.57"/>
        <vehicle id="cfm-fast_3" eclass="HBEFA3/PC_G_EU4" CO2="0.00" CO="0.00" HC="0.00" NOx="0.00" PMx="0.00" fuel="0.00" electricity="0.00" noise="72.74" route="routebottom" type="cfm-fast" waiting="0.00" lane="bottom_0" pos="11.27" speed="28.41" angle="74.11" x="87.50" y="-0.67"/>
        <vehicle id="cfm-fast_4" eclass="HBEFA3/PC_G_EU4" CO2="0.00" CO="0.00" HC="0.00" NOx="0.00" PMx="0.00" fuel="0.00" electricity="0.00" noise="70.63" route="routebottom" type="cfm-fast" waiting="0.00" lane="bottom_0" pos="31.81" speed="26.94" angle="37.26" x="121.37" y="26.54"/>
        <vehicle id="cfm-fast_5" eclass="HBEFA3/PC_G_EU4" CO2="190813.71" CO="4184.86" HC="23.84" NOx="88.89" PMx="5.10" fuel="82.02" electricity="0.00" noise="138.66" route="routebottom" type="cfm-fast" waiting="0.00" lane="right_1" pos="14.76" speed="49.36" angle="337.88" x="122.06" y="92.88"/>
        <vehicle id="cfm-slow_0" eclass="HBEFA3/PC_G_EU4" CO2="9006.48" CO="109.59" HC="0.72" NOx="3.70" PMx="0.19" fuel="3.87" electricity="0.00" noise="71.28" route="routebottom" type="cfm-slow" waiting="0.00" lane="right_0" pos="3.41" speed="20.22" angle="358.38" x="131.87" y="71.08"/>
        <vehicle id="cfm-slow_1" eclass="HBEFA3/PC_G_EU4" CO2="11776.58" CO="166.38" HC="1.05" NOx="4.99" PMx="0.26" fuel="5.06" electricity="0.00" noise="73.01" route="routebottom" type="cfm-slow" waiting="0.00" lane="right_0" pos="19.46" speed="20.60" angle="329.41" x="119.83" y="103.05"/>
        <vehicle id="cfm-slow_2" eclass="HBEFA3/PC_G_EU4" CO2="16745.47" CO="268.60" HC="1.64" NOx="7.32" PMx="0.39" fuel="7.20" electricity="0.00" noise="76.32" route="routebottom" type="cfm-slow" waiting="0.00" lane="right_0" pos="35.91" speed="21.48" angle="299.98" x="93.09" y="125.65"/>
        <vehicle id="cfm-slow_3" eclass="HBEFA3/PC_G_EU4" CO2="23155.23" CO="402.25" HC="2.41" NOx="10.30" PMx="0.56" fuel="9.95" electricity="0.00" noise="80.44" route="routetop" type="cfm-slow" waiting="0.00" lane="top_0" pos="3.30" speed="23.19" angle="268.58" x="56.48" y="131.89"/>
        <vehicle id="cfm-slow_4" eclass="HBEFA3/PC_G_EU4" CO2="26538.29" CO="478.86" HC="2.84" NOx="11.84" PMx="0.65" fuel="11.41" electricity="0.00" noise="82.05" route="routetop" type="cfm-slow" waiting="0.00" lane="top_0" pos="22.47" speed="25.71" angle="233.98" x="19.15" y="115.85"/>
        <vehicle id="cfm-slow_5" eclass="HBEFA3/PC_G_EU4" CO2="20507.85" CO="367.09" HC="2.18" NOx="8.94" PMx="0.50" fuel="8.82" electricity="0.00" noise="78.52" route="routetop" type="cfm-slow" waiting="0.00" lane="top_0" pos="44.24" speed="28.25" angle="194.94" x="-3.81" y="76.08"/>
    </timestep>
    <timestep time="3.63">
        <vehicle id="cfm-fast_0" eclass="HBEFA3/PC_G_EU4" CO2="9677.34" CO="151.94" HC="0.94" NOx="3.80" PMx="0.23" fuel="4.16" electricity="0.00" noise="74.60" route="routetop" type="cfm-fast" waiting="0.00" lane="left_0" pos="18.84" speed="29.47" angle="150.54" x="6.74" y="25.37"/>
        <vehicle id="cfm-fast_1" eclass="HBEFA3/PC_G_EU4" CO2="189579.62" CO="4152.55" HC="23.66" NOx="88.31" PMx="5.06" fuel="81.49" electricity="0.00" noise="138.52" route="routebottom" type="cfm-fast" waiting="0.00" lane="bottom_1" pos="0.75" speed="49.07" angle="93.12" x="65.23" y="-1.62"/>
        <vehicle id="cfm-fast_2" eclass="HBEFA3/PC_G_EU4" CO2="19375.49" CO="339.15" HC="2.03" NOx="8.43" PMx="0.47" fuel="8.33" electricity="0.00" noise="77.90" route="routetop" type="cfm-fast" waiting="0.00" lane="left_0" pos="41.92" speed="27.43" angle="109.02" x="46.38" y="-2.72"/>
        <vehicle id="cfm-fast_3" eclass="HBEFA3/PC_G_EU4" CO2="0.00" CO="0.00" HC="0.00" NOx="0.00" PMx="0.00" fuel="0.00" electricity="0.00" noise="72.70" route="routebottom" type="cfm-fast" waiting="0.00" lane="bottom_0" pos="11.55" speed="28.41" angle="73.65" x="88.07" y="-0.46"/>
        <vehicle id="cfm-fast_4" eclass="HBEFA3/PC_G_EU4" CO2="0.00" CO="0.00" HC="0.00" NOx="0.00" PMx="0.00" fuel="0.00" electricity="0.00" noise="70.61" route="routebottom" type="cfm-fast" waiting="0.00" lane="bottom_0" pos="32.08" speed="26.92" angle="36.84" x="121.69" y="27.02"/>
        <vehicle id="cfm-fast_5" eclass="HBEFA3/PC_G_EU4" CO2="191386.56" CO="4199.87" HC="23.93" NOx="89.16" PMx="5.11" fuel="82.27" electricity="0.00" noise="138.73" route="routebottom" type="cfm-fast" waiting="0.00" lane="right_1" pos="15.26" speed="49.50" angle="336.96" x="121.61" y="93.79"/>
        <vehicle id="cfm-slow_0" eclass="HBEFA3/PC_G_EU4" CO2="9000.24" CO="109.45" HC="0.72" NOx="3.69" PMx="0.19" fuel="3.87" electricity="0.00" noise="71.28" route="routebottom" type="cfm-slow" waiting="0.00" lane="right_0" pos="3.61" speed="20.23" angle="358.02" x="131.82" y="71.51"/>
        <vehicle id="cfm-slow_1" eclass="HBEFA3/PC_G_EU4" CO2="11790.79" CO="166.67" HC="1.05" NOx="5.00" PMx="0.26" fuel="5.07" electricity="0.00" noise="73.02" route="routebottom" type="cfm-slow" waiting="0.00" lane="right_0" pos="19.66" speed="20.61" angle="329.04" x="119.57" y="103.41"/>
        <vehicle id="cfm-slow_2" eclass="HBEFA3/PC_G_EU4" CO2="16772.99" CO="269.18" HC="1.64" NOx="7.33" PMx="0.39" fuel="7.21" electricity="0.00" noise="76.33" route="routebottom" type="cfm-slow" waiting="0.00" lane="right_0" pos="36.12" speed="21.51" angle="299.56" x="92.67" y="125.84"/>
        <vehicle id="cfm-slow_3" eclass="HBEFA3/PC_G_EU4" CO2="23157.52" CO="402.36" HC="2.41" NOx="10.30" PMx="0.56" fuel="9.95" electricity="0.00" noise="80.43" route="routetop" type="cfm-slow" waiting="0.00" lane="top_0" pos="3.53" speed="23.22" angle="268.16" x="55.99" y="131.84"/>
        <vehicle id="cfm-slow_4" eclass="HBEFA3/PC_G_EU4" CO2="26455.46" CO="477.28" HC="2.83" NOx="11.80" PMx="0.65" fuel="11.37" electricity="0.00" noise="81.99" route="routetop" type="cfm-slow" waiting="0.00" lane="top_0" pos="22.73" speed="25.74" angle="233.50" x="18.73" y="115.50"/>
        <vehicle id="cfm-slow_5" eclass="HBEFA3/PC_G_EU4" CO2="20364.54" CO="364.26" HC="2.17" NOx="8.87" PMx="0.50" fuel="8.75" electricity="0.00" noise="78.45" route="routetop" type="cfm-slow" waiting="0.00" lane="top_0" pos="44.53" speed="28.27" angle="194.41" x="-3.92" y="75.48"/>
    </timestep>
    <timestep time="3.64">
        <vehicle id="cfm-fast_0" eclass="HBEFA3/PC_G_EU4" CO2="9603.98" CO="150.47" HC="0.93" NOx="3.77" PMx="0.22" fuel="4.13" electricity="0.00" noise="74.58" route="routetop" type="cfm-fast" waiting="0.00" lane="left_0" pos="19.13" speed="29.48" angle="150.01" x="7.09" y="24.84"/>
        <vehicle id="cfm-fast_1" eclass="HBEFA3/PC_G_EU4" CO2="190151.84" CO="4167.52" HC="23.75" NOx="88.58" PMx="5.08" fuel="81.74" electricity="0.00" noise="138.58" route="routebottom" type="cfm-fast" waiting="0.00" lane="bottom_1" pos="1.24" speed="49.21" angle="92.26" x="66.23" y="-1.60"/>
        <vehicle id="cfm-fast_2" eclass="HBEFA3/PC_G_EU4" CO2="19173.96" CO="335.11" HC="2.01" NOx="8.33" PMx="0.47" fuel="8.24" electricity="0.00" noise="77.80" route="routetop" type="cfm-fast" waiting="0.00" lane="left_0" pos="42.20" speed="27.45" angle="108.51" x="46.95" y="-2.87"/>
        <vehicle id="cfm-fast_3" eclass="HBEFA3/PC_G_EU4" CO2="0.00" CO="0.00" HC="0.00" NOx="0.00" PMx="0.00" fuel="0.00" electricity="0.00" noise="72.65" route="routebottom" type="cfm-fast" waiting="0.00" lane="bottom_0" pos="11.84" speed="28.40" angle="73.14" x="88.64" y="-0.23"/>
        <vehicle id="cfm-fast_4" eclass="HBEFA3/PC_G_EU4" CO2="0.00" CO="0.00" HC="0.00" NOx="0.00" PMx="0.00" fuel="0.00" electricity="0.00" noise="70.60" route="routebottom" type="cfm-fast" waiting="0.00" lane="bottom_0" pos="32.35" speed="26.89" angle="36.34" x="121.98" y="27.52"/>
        <vehicle id="cfm-fast_5" eclass="HBEFA3/PC_G_EU4" CO2="191959.70" CO="4214.91" HC="24.01" NOx="89.42" PMx="5.13" fuel="82.51" electricity="0.00" noise="138.79" route="routebottom" type="cfm-fast" waiting="0.00" lane="right_1" pos="15.75" speed="49.64" angle="336.13" x="121.12" y="94.68"/>
        <vehicle id="cfm-slow_0" eclass="HBEFA3/PC_G_EU4" CO2="8994.46" CO="109.32" HC="0.72" NOx="3.69" PMx="0.18" fuel="3.87" electricity="0.00" noise="71.28" route="routebottom" type="cfm-slow" waiting="0.00" lane="right_0" pos="3.81" speed="20.24" angle="357.67" x="131.78" y="71.94"/>
        <vehicle id="cfm-slow_1" eclass="HBEFA3/PC_G_EU4" CO2="11805.39" CO="166.96" HC="1.05" NOx="5.01" PMx="0.26" fuel="5.07" electricity="0.00" noise="73.03" route="routebottom" type="cfm-slow" waiting="0.00" lane="right_0" pos="19.87" speed="20.63" angle="328.67" x="119.31" y="103.77"/>
        <vehicle id="cfm-slow_2" eclass="HBEFA3/PC_G_EU4" CO2="16800.56" CO="269.75" HC="1.64" NOx="7.34" PMx="0.39" fuel="7.22" electricity="0.00" noise="76.35" route="routebottom" type="cfm-slow" waiting="0.00" lane="right_0" pos="36.34" speed="21.53" angle="299.14" x="92.25" y="126.03"/>
        <vehicle id="cfm-slow_3" eclass="HBEFA3/PC_G_EU4" CO2="23159.32" CO="402.45" HC="2.41" NOx="10.30" PMx="0.56" fuel="9.96" electricity="0.00" noise="80.43" route="routetop" type="cfm-slow" waiting="0.00" lane="top_0" pos="3.76" speed="23.25" angle="267.75" x="55.49" y="131.79"/>
        <vehicle id="cfm-slow_4" eclass="HBEFA3/PC_G_EU4" CO2="26372.24" CO="475.69" HC="2.82" NOx="11.76" PMx="0.65" fuel="11.34" electricity="0.00" noise="81.93" route="routetop" type="cfm-slow" waiting="0.00" lane="top_0" pos="22.99" speed="25.78" angle="233.05" x="18.30" y="115.14"/>
        <vehicle id="cfm-slow_5" eclass="HBEFA3/PC_G_EU4" CO2="20222.07" CO="361.45" HC="2.15" NOx="8.81" PMx="0.50" fuel="8.69" electricity="0.00" noise="78.38" route="routetop" type="cfm-slow" waiting="0.00" lane="top_0" pos="44.81" speed="28.29" angle="193.90" x="-4.03" y="74.88"/>
    </timestep>
    <timestep time="3.65">
        <vehicle id="cfm-fast_0" eclass="HBEFA3/PC_G_EU4" CO2="9530.82" CO="149.00" HC="0.92" NOx="3.73" PMx="0.22" fuel="4.10" electricity="0.00" noise="74.56" route="routetop" type="cfm-fast" waiting="0.00" lane="left_0" pos="19.43" speed="29.48" angle="149.50" x="7.46" y="24.32"/>
        <vehicle id="cfm-fast_1" eclass="HBEFA3/PC_G_EU4" CO2="190724.35" CO="4182.52" HC="23.83" NOx="88.85" PMx="5.10" fuel="81.98" electricity="0.00" noise="138.65" route="routebottom" type="cfm-fast" waiting="0.00" lane="bottom_1" pos="1.73" speed="49.34" angle="91.37" x="67.24" y="-1.54"/>
        <vehicle id="cfm-fast_2" eclass="HBEFA3/PC_G_EU4" CO2="18972.15" CO="331.06" HC="1.98" NOx="8.23" PMx="0.46" fuel="8.16" electricity="0.00" noise="77.71" route="routetop" type="cfm-fast" waiting="0.00" lane="left_0" pos="42.47" speed="27.47" angle="108.07" x="47.53" y="-3.02"/>
        <vehicle id="cfm-fast_3" eclass="HBEFA3/PC_G_EU4" CO2="0.00" CO="0.00" HC="0.00" NOx="0.00" PMx="0.00" fuel="0.00" electricity="0.00" noise="72.61" route="routebottom" type="cfm-fast" waiting="0.00" lane="bottom_0" pos="12.12" speed="28.40" angle="72.64" x="89.20" y="-0.00"/>
        <vehicle id="cfm-fast_4" eclass="HBEFA3/PC_G_EU4" CO2="0.00" CO="0.00" HC="0.00" NOx="0.00" PMx="0.00" fuel="0.00" electricity="0.00" noise="70.58" route="routebottom" type="cfm-fast" waiting="0.00" lane="bottom_0" pos="32.62" speed="26.86" angle="35.84" x="122.28" y="28.02"/>
        <vehicle id="cfm-fast_5" eclass="HBEFA3/PC_G_EU4" CO2="192533.13" CO="4229.97" HC="24.09" NOx="89.69" PMx="5.15" fuel="82.76" electricity="0.00" noise="138.86" route="routebottom" type="cfm-fast" waiting="0.00" lane="right_1" pos="16.25" speed="49.77" angle="335.25" x="120.63" y="95.58"/>
        <vehicle id="cfm-slow_0" eclass="HBEFA3/PC_G_EU4" CO2="8989.13" CO="109.21" HC="0.72" NOx="3.69" PMx="0.18" fuel="3.86" electricity="0.00" noise="71.28" route="routebottom" type="cfm-slow" waiting="0.00" lane="right_0" pos="4.01" speed="20.25" angle="357.31" x="131.72" y="72.37"/>
        <vehicle id="cfm-slow_1" eclass="HBEFA3/PC_G_EU4" CO2="11820.38" CO="167.27" HC="1.05" NOx="5.01" PMx="0.26" fuel="5.08" electricity="0.00" noise="73.04" route="routebottom" type="cfm-slow" waiting="0.00" lane="right_0" pos="20.07" speed="20.65" angle="328.29" x="119.05" y="104.13"/>
        <vehicle id="cfm-slow_2" eclass="HBEFA3/PC_G_EU4" CO2="16828.17" CO="270.33" HC="1.65" NOx="7.36" PMx="0.39" fuel="7.23" electricity="0.00" noise="76.37" route="routebottom" type="cfm-slow" waiting="0.00" lane="right_0" pos="36.55" speed="21.56" angle="298.73" x="91.83" y="126.22"/>
        <vehicle id="cfm-slow_3" eclass="HBEFA3/PC_G_EU4" CO2="23160.64" CO="402.53" HC="2.41" NOx="10.30" PMx="0.56" fuel="9.96" electricity="0.00" noise="80.42" route="routetop" type="cfm-slow" waiting="0.00" lane="top_0" pos="4.00" speed="23.28" angle="267.35" x="54.99" y="131.72"/>
        <vehicle id="cfm-slow_4" eclass="HBEFA3/PC_G_EU4" CO2="26288.64" CO="474.09" HC="2.81" NOx="11.72" PMx="0.65" fuel="11.30" electricity="0.00" noise="81.87" route="routetop" type="cfm-slow" waiting="0.00" lane="top_0" pos="23.25" speed="25.81" angle="232.63" x="17.89" y="114.77"/>
        <vehicle id="cfm-slow_5" eclass="HBEFA3/PC_G_EU4" CO2="20080.41" CO="358.65" HC="2.14" NOx="8.74" PMx="0.49" fuel="8.63" electricity="0.00" noise="78.31" route="routetop" type="cfm-slow" waiting="0.00" lane="top_0" pos="45.09" speed="28.31" angle="193.43" x="-4.12" y="74.28"/>
    </timestep>
    <timestep time="3.66">
        <vehicle id="cfm-fast_0" eclass="HBEFA3/PC_G_EU4" CO2="9457.85" CO="147.53" HC="0.91" NOx="3.70" PMx="0.22" fuel="4.07" electricity="0.00" noise="74.54" route="routetop" type="cfm-fast" waiting="0.00" lane="left_0" pos="19.72" speed="29.49" angle="148.95" x="7.83" y="23.81"/>
        <vehicle id="cfm-fast_1" eclass="HBEFA3/PC_G_EU4" CO2="191297.15" CO="4197.53" HC="23.91" NOx="89.11" PMx="5.11" fuel="82.23" electricity="0.00" noise="138.72" route="routebottom" type="cfm-fast" waiting="0.00" lane="bottom_1" pos="2.23" speed="49.48" angle="90.47" x="68.26" y="-1.48"/>
        <vehicle id="cfm-fast_2" eclass="HBEFA3/PC_G_EU4" CO2="18770.09" CO="327.00" HC="1.96" NOx="8.14" PMx="0.46" fuel="8.07" electricity="0.00" noise="77.61" route="routetop" type="cfm-fast" waiting="0.00" lane="left_0" pos="42.75" speed="27.49" angle="107.58" x="48.10" y="-3.15"/>
        <vehicle id="cfm-fast_3" eclass="HBEFA3/PC_G_EU4" CO2="0.00" CO="0.00" HC="0.00" NOx="0.00" PMx="0.00" fuel="0.00" electricity="0.00" noise="72.57" route="routebottom" type="cfm-fast" waiting="0.00" lane="bottom_0" pos="12.40" speed="28.40" angle="72.13" x="89.77" y="0.22"/>
        <vehicle id="cfm-fast_4" eclass="HBEFA3/PC_G_EU4" CO2="0.00" CO="0.00" HC="0.00" NOx="0.00" PMx="0.00" fuel="0.00" electricity="0.00" noise="70.57" route="routebottom" type="cfm-fast" waiting="0.00" lane="bottom_0" pos="32.89" speed="26.83" angle="35.34" x="122.57" y="28.51"/>
        <vehicle id="cfm-fast_5" eclass="HBEFA3/PC_G_EU4" CO2="193106.85" CO="4245.05" HC="24.17" NOx="89.96" PMx="5.16" fuel="83.01" electricity="0.00" noise="138.92" route="routebottom" type="cfm-fast" waiting="0.00" lane="right_1" pos="16.75" speed="49.91" angle="334.40" x="120.13" y="96.47"/>
        <vehicle id="cfm-slow_0" eclass="HBEFA3/PC_G_EU4" CO2="8984.27" CO="109.10" HC="0.72" NOx="3.69" PMx="0.18" fuel="3.86" electricity="0.00" noise="71.28" route="routebottom" type="cfm-slow" waiting="0.00" lane="right_0" pos="4.22" speed="20.26" angle="356.94" x="131.65" y="72.81"/>
        <vehicle id="cfm-slow_1" eclass="HBEFA3/PC_G_EU4" CO2="11835.74" CO="167.58" HC="1.05" NOx="5.02" PMx="0.26" fuel="5.09" electricity="0.00" noise="73.05" route="routebottom" type="cfm-slow" waiting="0.00" lane="right_0" pos="20.28" speed="20.66" angle="327.92" x="118.79" y="104.49"/>
        <vehicle id="cfm-slow_2" eclass="HBEFA3/PC_G_EU4" CO2="16855.80" CO="270.90" HC="1.65" NOx="7.37" PMx="0.39" fuel="7.25" electricity="0.00" noise="76.38" route="routebottom" type="cfm-slow" waiting="0.00" lane="right_0" pos="36.77" speed="21.58" angle="298.30" x="91.40" y="126.40"/>
        <vehicle id="cfm-slow_3" eclass="HBEFA3/PC_G_EU4" CO2="23161.46" CO="402.61" HC="2.41" NOx="10.30" PMx="0.56" fuel="9.96" electricity="0.00" noise="80.41" route="routetop" type="cfm-slow" waiting="0.00" lane="top_0" pos="4.23" speed="23.32" angle="266.92" x="54.50" y="131.65"/>
        <vehicle id="cfm-slow_4" eclass="HBEFA3/PC_G_EU4" CO2="26204.68" CO="472.49" HC="2.80" NOx="11.68" PMx="0.64" fuel="11.26" electricity="0.00" noise="81.81" route="routetop" type="cfm-slow" waiting="0.00" lane="top_0" pos="23.51" speed="25.84" angle="232.17" x="17.48" y="114.39"/>
        <vehicle id="cfm-slow_5" eclass="HBEFA3/PC_G_EU4" CO2="19939.58" CO="355.87" HC="2.12" NOx="8.67" PMx="0.49" fuel="8.57" electricity="0.00" noise="78.25" route="routetop" type="cfm-slow" waiting="0.00" lane="top_0" pos="45.38" speed="28.33" angle="192.91" x="-4.21" y="73.67"/>
    </timestep>
    <timestep time="3.67">
        <vehicle id="cfm-fast_0" eclass="HBEFA3/PC_G_EU4" CO2="9385.05" CO="146.07" HC="0.90" NOx="3.67" PMx="0.22" fuel="4.03" electricity="0.00" noise="74.53" route="routetop" type="cfm-fast" waiting="0.00" lane="left_0" pos="20.02" speed="29.49" angle="148.41" x="8.20" y="23.29"/>
        <vehicle id="cfm-fast_1" eclass="HBEFA3/PC_G_EU4" CO2="191870.24" CO="4212.56" HC="24.00" NOx="89.38" PMx="5.13" fuel="82.48" electricity="0.00" noise="138.78" route="routebottom" type="cfm-fast" waiting="0.00" lane="bottom_1" pos="2.73" speed="49.62" angle="89.61" x="69.27" y="-1.40"/>
        <vehicle id="cfm-fast_2" eclass="HBEFA3/PC_G_EU4" CO2="18567.81" CO="322.93" HC="1.93" NOx="8.04" PMx="0.45" fuel="7.98" electricity="0.00" noise="77.51" route="routetop" type="cfm-fast" waiting="0.00" lane="left_0" pos="43.02" speed="27.50" angle="107.10" x="48.68" y="-3.28"/>
        <vehicle id="cfm-fast_3" eclass="HBEFA3/PC_G_EU4" CO2="0.00" CO="0.00" HC="0.00" NOx="0.00" PMx="0.00" fuel="0.00" electricity="0.00" noise="72.53" route="routebottom" type="cfm-fast" waiting="0.00" lane="bottom_0" pos="12.69" speed="28.39" angle="71.63" x="90.34" y="0.45"/>
        <vehicle id="cfm-fast_4" eclass="HBEFA3/PC_G_EU4" CO2="0.00" CO="0.00" HC="0.00" NOx="0.00" PMx="0.00" fuel="0.00" electricity="0.00" noise="70.55" route="routebottom" type="cfm-fast" waiting="0.00" lane="bottom_0" pos="33.16" speed="26.80" angle="34.83" x="122.87" y="29.01"/>
        <vehicle id="cfm-fast_5" eclass="HBEFA3/PC_G_EU4" CO2="193680.87" CO="4260.16" HC="24.26" NOx="90.23" PMx="5.18" fuel="83.25" electricity="0.00" noise="138.99" route="routebottom" type="cfm-fast" waiting="0.00" lane="right_1" pos="17.25" speed="50.05" angle="333.47" x="119.60" y="97.35"/>
        <vehicle id="cfm-slow_0" eclass="HBEFA3/PC_G_EU4" CO2="8979.85" CO="109.00" HC="0.72" NOx="3.68" PMx="0.18" fuel="3.86" electricity="0.00" noise="71.28" route="routebottom" type="cfm-slow" waiting="0.00" lane="right_0" pos="4.42" speed="20.27" angle="356.57" x="131.59" y="73.24"/>
        <vehicle id="cfm-slow_1" eclass="HBEFA3/PC_G_EU4" CO2="11851.48" CO="167.89" HC="1.06" NOx="5.03" PMx="0.26" fuel="5.09" electricity="0.00" noise="73.06" route="routebottom" type="cfm-slow" waiting="0.00" lane="right_0" pos="20.49" speed="20.68" angle="327.60" x="118.53" y="104.85"/>
        <vehicle id="cfm-slow_2" eclass="HBEFA3/PC_G_EU4" CO2="16883.46" CO="271.48" HC="1.65" NOx="7.38" PMx="0.39" fuel="7.26" electricity="0.00" noise="76.40" route="routebottom" type="cfm-slow" waiting="0.00" lane="right_0" pos="36.99" speed="21.60" angle="297.88" x="90.98" y="126.59"/>
        <vehicle id="cfm-slow_3" eclass="HBEFA3/PC_G_EU4" CO2="23161.79" CO="402.67" HC="2.41" NOx="10.30" PMx="0.56" fuel="9.96" electricity="0.00" noise="80.41" route="routetop" type="cfm-slow" waiting="0.00" lane="top_0" pos="4.46" speed="23.35" angle="266.50" x="54.00" y="131.58"/>
        <vehicle id="cfm-slow_4" eclass="HBEFA3/PC_G_EU4" CO2="26120.36" CO="470.88" HC="2.79" NOx="11.64" PMx="0.64" fuel="11.23" electricity="0.00" noise="81.76" route="routetop" type="cfm-slow" waiting="0.00" lane="top_0" pos="23.77" speed="25.87" angle="231.70" x="17.07" y="114.01"/>
        <vehicle id="cfm-slow_5" eclass="HBEFA3/PC_G_EU4" CO2="19799.57" CO="353.11" HC="2.10" NOx="8.60" PMx="0.49" fuel="8.51" electricity="0.00" noise="78.18" route="routetop" type="cfm-slow" waiting="0.00" lane="top_0" pos="45.66" speed="28.35" angle="192.39" x="-4.29" y="73.07"/>
    </timestep>
    <timestep time="3.68">
        <vehicle id="cfm-fast_0" eclass="HBEFA3/PC_G_EU4" CO2="9312.41" CO="144.61" HC="0.90" NOx="3.63" PMx="0.22" fuel="4.00" electricity="0.00" noise="74.51" route="routetop" type="cfm-fast" waiting="0.00" lane="left_0" pos="20.31" speed="29.49" angle="147.86" x="8.57" y="22.78"/>
        <vehicle id="cfm-fast_1" eclass="HBEFA3/PC_G_EU4" CO2="192443.62" CO="4227.62" HC="24.08" NOx="89.65" PMx="5.14" fuel="82.72" electricity="0.00" noise="138.85" route="routebottom" type="cfm-fast" waiting="0.00" lane="bottom_1" pos="3.22" speed="49.75" angle="88.71" x="70.29" y="-1.30"/>
        <vehicle id="cfm-fast_2" eclass="HBEFA3/PC_G_EU4" CO2="18365.32" CO="318.86" HC="1.91" NOx="7.95" PMx="0.45" fuel="7.89" electricity="0.00" noise="77.42" route="routetop" type="cfm-fast" waiting="0.00" lane="left_0" pos="43.30" speed="27.52" angle="106.61" x="49.26" y="-3.41"/>
        <vehicle id="cfm-fast_3" eclass="HBEFA3/PC_G_EU4" CO2="0.00" CO="0.00" HC="0.00" NOx="0.00" PMx="0.00" fuel="0.00" electricity="0.00" noise="72.49" route="routebottom" type="cfm-fast" waiting="0.00" lane="bottom_0" pos="12.97" speed="28.39" angle="71.16" x="90.90" y="0.69"/>
        <vehicle id="cfm-fast_4" eclass="HBEFA3/PC_G_EU4" CO2="0.00" CO="0.00" HC="0.00" NOx="0.00" PMx="0.00" fuel="0.00" electricity="0.00" noise="70.54" route="routebottom" type="cfm-fast" waiting="0.00" lane="bottom_0" pos="33.42" speed="26.78" angle="34.39" x="123.16" y="29.51"/>
        <vehicle id="cfm-fast_5" eclass="HBEFA3/PC_G_EU4" CO2="194255.17" CO="4275.28" HC="24.34" NOx="90.50" PMx="5.20" fuel="83.50" electricity="0.00" noise="139.05" route="routebottom" type="cfm-fast" waiting="0.00" lane="right_1" pos="17.75" speed="50.18" angle="332.54" x="119.07" y="98.23"/>
        <vehicle id="cfm-slow_0" eclass="HBEFA3/PC_G_EU4" CO2="8975.89" CO="108.91" HC="0.72" NOx="3.68" PMx="0.18" fuel="3.86" electricity="0.00" noise="71.28" route="routebottom" type="cfm-slow" waiting="0.00" lane="right_0" pos="4.62" speed="20.28" angle="356.21" x="131.53" y="73.67"/>
        <vehicle id="cfm-slow_1" eclass="HBEFA3/PC_G_EU4" CO2="11867.58" CO="168.22" HC="1.06" NOx="5.04" PMx="0.26" fuel="5.10" electricity="0.00" noise="73.08" route="routebottom" type="cfm-slow" waiting="0.00" lane="right_0" pos="20.69" speed="20.69" angle="327.23" x="118.26" y="105.20"/>
        <vehicle id="cfm-slow_2" eclass="HBEFA3/PC_G_EU4" CO2="16911.14" CO="272.06" HC="1.66" NOx="7.39" PMx="0.39" fuel="7.27" electricity="0.00" noise="76.42" route="routebottom" type="cfm-slow" waiting="0.00" lane="right_0" pos="37.20" speed="21.63" angle="297.55" x="90.55" y="126.78"/>
        <vehicle id="cfm-slow_3" eclass="HBEFA3/PC_G_EU4" CO2="23161.63" CO="402.73" HC="2.41" NOx="10.30" PMx="0.56" fuel="9.96" electricity="0.00" noise="80.40" route="routetop" type="cfm-slow" waiting="0.00" lane="top_0" pos="4.70" speed="23.38" angle="266.08" x="53.50" y="131.51"/>
        <vehicle id="cfm-slow_4" eclass="HBEFA3/PC_G_EU4" CO2="26035.69" CO="469.26" HC="2.78" NOx="11.60" PMx="0.64" fuel="11.19" electricity="0.00" noise="81.70" route="routetop" type="cfm-slow" waiting="0.00" lane="top_0" pos="24.02" speed="25.90" angle="231.23" x="16.66" y="113.63"/>
        <vehicle id="cfm-slow_5" eclass="HBEFA3/PC_G_EU4" CO2="19660.37" CO="350.36" HC="2.09" NOx="8.54" PMx="0.48" fuel="8.45" electricity="0.00" noise="78.12" route="routetop" type="cfm-slow" waiting="0.00" lane="top_0" pos="45.94" speed="28.37" angle="191.87" x="-4.38" y="72.46"/>
    </timestep>
    <timestep time="3.69">
        <vehicle id="cfm-fast_0" eclass="HBEFA3/PC_G_EU4" CO2="9239.91" CO="143.15" HC="0.89" NOx="3.60" PMx="0.21" fuel="3.97" electricity="0.00" noise="74.49" route="routetop" type="cfm-fast" waiting="0.00" lane="left_0" pos="20.61" speed="29.50" angle="147.38" x="8.95" y="22.27"/>
        <vehicle id="cfm-fast_1" eclass="HBEFA3/PC_G_EU4" CO2="193017.30" CO="4242.70" HC="24.16" NOx="89.92" PMx="5.16" fuel="82.97" electricity="0.00" noise="138.91" route="routebottom" type="cfm-fast" waiting="0.00" lane="bottom_1" pos="3.72" speed="49.89" angle="87.80" x="71.30" y="-1.20"/>
        <vehicle id="cfm-fast_2" eclass="HBEFA3/PC_G_EU4" CO2="18162.65" CO="314.79" HC="1.89" NOx="7.85" PMx="0.44" fuel="7.81" electricity="0.00" noise="77.32" route="routetop" type="cfm-fast" waiting="0.00" lane="left_0" pos="43.57" speed="27.54" angle="106.16" x="49.84" y="-3.55"/>
        <vehicle id="cfm-fast_3" eclass="HBEFA3/PC_G_EU4" CO2="0.00" CO="0.00" HC="0.00" NOx="0.00" PMx="0.00" fuel="0.00" electricity="0.00" noise="72.46" route="routebottom" type="cfm-fast" waiting="0.00" lane="bottom_0" pos="13.26" speed="28.38" angle="70.63" x="91.46" y="0.94"/>
        <vehicle id="cfm-fast_4" eclass="HBEFA3/PC_G_EU4" CO2="0.00" CO="0.00" HC="0.00" NOx="0.00" PMx="0.00" fuel="0.00" electricity="0.00" noise="70.52" route="routebottom" type="cfm-fast" waiting="0.00" lane="bottom_0" pos="33.69" speed="26.75" angle="33.90" x="123.44" y="30.01"/>
        <vehicle id="cfm-fast_5" eclass="HBEFA3/PC_G_EU4" CO2="194829.77" CO="4290.43" HC="24.43" NOx="90.77" PMx="5.21" fuel="83.75" electricity="0.00" noise="139.12" route="routebottom" type="cfm-fast" waiting="0.00" lane="right_1" pos="18.26" speed="50.32" angle="331.66" x="118.52" y="99.10"/>
        <vehicle id="cfm-slow_0" eclass="HBEFA3/PC_G_EU4" CO2="8972.38" CO="108.83" HC="0.71" NOx="3.68" PMx="0.18" fuel="3.86" electricity="0.00" noise="71.28" route="routebottom" type="cfm-slow" waiting="0.00" lane="right_0" pos="4.83" speed="20.30" angle="355.84" x="131.47" y="74.10"/>
        <vehicle id="cfm-slow_1" eclass="HBEFA3/PC_G_EU4" CO2="11884.05" CO="168.55" HC="1.06" NOx="5.04" PMx="0.26" fuel="5.11" electricity="0.00" noise="73.09" route="routebottom" type="cfm-slow" waiting="0.00" lane="right_0" pos="20.90" speed="20.71" angle="326.86" x="117.98" y="105.55"/>
        <vehicle id="cfm-slow_2" eclass="HBEFA3/PC_G_EU4" CO2="16938.82" CO="272.64" HC="1.66" NOx="7.41" PMx="0.39" fuel="7.28" electricity="0.00" noise="76.44" route="routebottom" type="cfm-slow" waiting="0.00" lane="right_0" pos="37.42" speed="21.65" angle="297.16" x="90.12" y="126.96"/>
        <vehicle id="cfm-slow_3" eclass="HBEFA3/PC_G_EU4" CO2="23160.97" CO="402.77" HC="2.41" NOx="10.30" PMx="0.56" fuel="9.96" electricity="0.00" noise="80.39" route="routetop" type="cfm-slow" waiting="0.00" lane="top_0" pos="4.93" speed="23.41" angle="265.66" x="53.00" y="131.44"/>
        <vehicle id="cfm-slow_4" eclass="HBEFA3/PC_G_EU4" CO2="25950.68" CO="467.64" HC="2.78" NOx="11.56" PMx="0.64" fuel="11.15" electricity="0.00" noise="81.64" route="routetop" type="cfm-slow" waiting="0.00" lane="top_0" pos="24.28" speed="25.94" angle="230.79" x="16.25" y="113.25"/>
        <vehicle id="cfm-slow_5" eclass="HBEFA3/PC_G_EU4" CO2="19521.97" CO="347.63" HC="2.07" NOx="8.47" PMx="0.48" fuel="8.39" electricity="0.00" noise="78.06" route="routetop" type="cfm-slow" waiting="0.00" lane="top_0" pos="46.23" speed="28.39" angle="191.40" x="-4.46" y="71.86"/>
    </timestep>
    <timestep time="3.70">
        <vehicle id="cfm-fast_0" eclass="HBEFA3/PC_G_EU4" CO2="9167.54" CO="141.69" HC="0.88" NOx="3.56" PMx="0.21" fuel="3.94" electricity="0.00" noise="74.47" route="routetop" type="cfm-fast" waiting="0.00" lane="left_0" pos="20.90" speed="29.50" angle="146.84" x="9.34" y="21.77"/>
        <vehicle id="cfm-fast_1" eclass="HBEFA3/PC_G_EU4" CO2="193591.27" CO="4257.80" HC="24.25" NOx="90.19" PMx="5.18" fuel="83.22" electricity="0.00" noise="138.98" route="routebottom" type="cfm-fast" waiting="0.00" lane="bottom_1" pos="4.22" speed="50.02" angle="86.93" x="72.32" y="-1.07"/>
        <vehicle id="cfm-fast_2" eclass="HBEFA3/PC_G_EU4" CO2="17959.84" CO="310.71" HC="1.86" NOx="7.75" PMx="0.43" fuel="7.72" electricity="0.00" noise="77.23" route="routetop" type="cfm-fast" waiting="0.00" lane="left_0" pos="43.85" speed="27.56" angle="105.67" x="50.42" y="-3.66"/>
        <vehicle id="cfm-fast_3" eclass="HBEFA3/PC_G_EU4" CO2="0.00" CO="0.00" HC="0.00" NOx="0.00" PMx="0.00" fuel="0.00" electricity="0.00" noise="72.42" route="routebottom" type="cfm-fast" waiting="0.00" lane="bottom_0" pos="13.54" speed="28.38" angle="70.11" x="92.01" y="1.19"/>
        <vehicle id="cfm-fast_4" eclass="HBEFA3/PC_G_EU4" CO2="0.00" CO="0.00" HC="0.00" NOx="0.00" PMx="0.00" fuel="0.00" electricity="0.00" noise="70.51" route="routebottom" type="cfm-fast" waiting="0.00" lane="bottom_0" pos="33.96" speed="26.72" angle="33.41" x="123.72" y="30.51"/>
        <vehicle id="cfm-fast_5" eclass="HBEFA3/PC_G_EU4" CO2="195404.66" CO="4305.59" HC="24.51" NOx="91.03" PMx="5.23" fuel="83.99" electricity="0.00" noise="139.19" route="routebottom" type="cfm-fast" waiting="0.00" lane="right_1" pos="18.76" speed="50.45" angle="330.70" x="117.94" y="99.96"/>
        <vehicle id="cfm-slow_0" eclass="HBEFA3/PC_G_EU4" CO2="8969.31" CO="108.76" HC="0.71" NOx="3.68" PMx="0.18" fuel="3.86" electricity="0.00" noise="71.28" route="routebottom" type="cfm-slow" waiting="0.00" lane="right_0" pos="5.03" speed="20.31" angle="355.41" x="131.41" y="74.53"/>
        <vehicle id="cfm-slow_1" eclass="HBEFA3/PC_G_EU4" CO2="11900.87" CO="168.89" HC="1.06" NOx="5.05" PMx="0.26" fuel="5.12" electricity="0.00" noise="73.10" route="routebottom" type="cfm-slow" waiting="0.00" lane="right_0" pos="21.11" speed="20.72" angle="326.48" x="117.71" y="105.90"/>
        <vehicle id="cfm-slow_2" eclass="HBEFA3/PC_G_EU4" CO2="16966.52" CO="273.22" HC="1.66" NOx="7.42" PMx="0.39" fuel="7.29" electricity="0.00" noise="76.45" route="routebottom" type="cfm-slow" waiting="0.00" lane="right_0" pos="37.64" speed="21.67" angle="296.77" x="89.69" y="127.13"/>
        <vehicle id="cfm-slow_3" eclass="HBEFA3/PC_G_EU4" CO2="23159.82" CO="402.81" HC="2.41" NOx="10.30" PMx="0.56" fuel="9.96" electricity="0.00" noise="80.38" route="routetop" type="cfm-slow" waiting="0.00" lane="top_0" pos="5.17" speed="23.44" angle="265.19" x="52.50" y="131.36"/>
        <vehicle id="cfm-slow_4" eclass="HBEFA3/PC_G_EU4" CO2="25865.33" CO="466.01" HC="2.77" NOx="11.52" PMx="0.64" fuel="11.12" electricity="0.00" noise="81.58" route="routetop" type="cfm-slow" waiting="0.00" lane="top_0" pos="24.54" speed="25.97" angle="230.35" x="15.85" y="112.86"/>
        <vehicle id="cfm-slow_5" eclass="HBEFA3/PC_G_EU4" CO2="19384.38" CO="344.91" HC="2.06" NOx="8.41" PMx="0.47" fuel="8.33" electricity="0.00" noise="77.99" route="routetop" type="cfm-slow" waiting="0.00" lane="top_0" pos="46.51" speed="28.41" angle="190.88" x="-4.52" y="71.25"/>
    </timestep>
    <timestep time="3.71">
        <vehicle id="cfm-fast_0" eclass="HBEFA3/PC_G_EU4" CO2="9095.28" CO="140.23" HC="0.87" NOx="3.53" PMx="0.21" fuel="3.91" electricity="0.00" noise="74.46" route="routetop" type="cfm-fast" waiting="0.00" lane="left_0" pos="21.20" speed="29.51" angle="146.29" x="9.73" y="21.27"/>
        <vehicle id="cfm-fast_1" eclass="HBEFA3/PC_G_EU4" CO2="194165.53" CO="4272.92" HC="24.33" NOx="90.46" PMx="5.19" fuel="83.46" electricity="0.00" noise="139.04" route="routebottom" type="cfm-fast" waiting="0.00" lane="bottom_1" pos="4.72" speed="50.16" angle="86.02" x="73.34" y="-0.92"/>
        <vehicle id="cfm-fast_2" eclass="HBEFA3/PC_G_EU4" CO2="17756.90" CO="306.63" HC="1.84" NOx="7.66" PMx="0.43" fuel="7.63" electricity="0.00" noise="77.14" route="routetop" type="cfm-fast" waiting="0.00" lane="left_0" pos="44.12" speed="27.58" angle="105.16" x="51.00" y="-3.77"/>
        <vehicle id="cfm-fast_3" eclass="HBEFA3/PC_G_EU4" CO2="0.00" CO="0.00" HC="0.00" NOx="0.00" PMx="0.00" fuel="0.00" electricity="0.00" noise="72.38" route="routebottom" type="cfm-fast" waiting="0.00" lane="bottom_0" pos="13.82" speed="28.37" angle="69.58" x="92.57" y="1.44"/>
        <vehicle id="cfm-fast_4" eclass="HBEFA3/PC_G_EU4" CO2="0.00" CO="0.00" HC="0.00" NOx="0.00" PMx="0.00" fuel="0.00" electricity="0.00" noise="70.50" route="routebottom" type="cfm-fast" waiting="0.00" lane="bottom_0" pos="34.23" speed="26.69" angle="32.92" x="123.99" y="31.02"/>
        <vehicle id="cfm-fast_5" eclass="HBEFA3/PC_G_EU4" CO2="195979.84" CO="4320.78" HC="24.59" NOx="91.30" PMx="5.25" fuel="84.24" electricity="0.00" noise="139.25" route="routebottom" type="cfm-fast" waiting="0.00" lane="right_1" pos="19.27" speed="50.59" angle="329.81" x="117.36" y="100.82"/>
        <vehicle id="cfm-slow_0" eclass="HBEFA3/PC_G_EU4" CO2="8966.68" CO="108.70" HC="0.71" NOx="3.68" PMx="0.18" fuel="3.85" electricity="0.00" noise="71.28" route="routebottom" type="cfm-slow" waiting="0.00" lane="right_0" pos="5.23" speed="20.32" angle="355.05" x="131.33" y="74.97"/>
        <vehicle id="cfm-slow_1" eclass="HBEFA3/PC_G_EU4" CO2="11918.04" CO="169.24" HC="1.06" NOx="5.06" PMx="0.26" fuel="5.12" electricity="0.00" noise="73.11" route="routebottom" type="cfm-slow" waiting="0.00" lane="right_0" pos="21.32" speed="20.74" angle="326.10" x="117.43" y="106.25"/>
        <vehicle id="cfm-slow_2" eclass="HBEFA3/PC_G_EU4" CO2="16994.21" CO="273.80" HC="1.67" NOx="7.43" PMx="0.40" fuel="7.30" electricity="0.00" noise="76.47" route="routebottom" type="cfm-slow" waiting="0.00" lane="right_0" pos="37.85" speed="21.70" angle="296.38" x="89.25" y="127.30"/>
        <vehicle id="cfm-slow_3" eclass="HBEFA3/PC_G_EU4" CO2="23158.17" CO="402.83" HC="2.41" NOx="10.30" PMx="0.56" fuel="9.95" electricity="0.00" noise="80.37" route="routetop" type="cfm-slow" waiting="0.00" lane="top_0" pos="5.40" speed="23.47" angle="264.75" x="52.01" y="131.27"/>
        <vehicle id="cfm-slow_4" eclass="HBEFA3/PC_G_EU4" CO2="25779.66" CO="464.37" HC="2.76" NOx="11.48" PMx="0.63" fuel="11.08" electricity="0.00" noise="81.53" route="routetop" type="cfm-slow" waiting="0.00" lane="top_0" pos="24.80" speed="26.00" angle="229.87" x="15.46" y="112.47"/>
        <vehicle id="cfm-slow_5" eclass="HBEFA3/PC_G_EU4" CO2="19247.58" CO="342.21" HC="2.04" NOx="8.34" PMx="0.47" fuel="8.27" electricity="0.00" noise="77.93" route="routetop" type="cfm-slow" waiting="0.00" lane="top_0" pos="46.80" speed="28.43" angle="190.36" x="-4.58" y="70.64"/>
    </timestep>
    <timestep time="3.72">
        <vehicle id="cfm-fast_0" eclass="HBEFA3/PC_G_EU4" CO2="9023.13" CO="138.78" HC="0.86" NOx="3.49" PMx="0.21" fuel="3.88" electricity="0.00" noise="74.44" route="routetop" type="cfm-fast" waiting="0.00" lane="left_0" pos="21.49" speed="29.51" angle="145.75" x="10.13" y="20.77"/>
        <vehicle id="cfm-fast_1" eclass="HBEFA3/PC_G_EU4" CO2="194740.08" CO="4288.06" HC="24.41" NOx="90.72" PMx="5.21" fuel="83.71" electricity="0.00" noise="139.11" route="routebottom" type="cfm-fast" waiting="0.00" lane="bottom_1" pos="5.23" speed="50.30" angle="85.12" x="74.36" y="-0.77"/>
        <vehicle id="cfm-fast_2" eclass="HBEFA3/PC_G_EU4" CO2="17553.86" CO="302.54" HC="1.82" NOx="7.56" PMx="0.42" fuel="7.55" electricity="0.00" noise="77.04" route="routetop" type="cfm-fast" waiting="0.00" lane="left_0" pos="44.40" speed="27.59" angle="104.65" x="51.59" y="-3.87"/>
        <vehicle id="cfm-fast_3" eclass="HBEFA3/PC_G_EU4" CO2="0.00" CO="0.00" HC="0.00" NOx="0.00" PMx="0.00" fuel="0.00" electricity="0.00" noise="72.35" route="routebottom" type="cfm-fast" waiting="0.00" lane="bottom_0" pos="14.11" speed="28.37" angle="69.11" x="93.13" y="1.70"/>
        <vehicle id="cfm-fast_4" eclass="HBEFA3/PC_G_EU4" CO2="0.00" CO="0.00" HC="0.00" NOx="0.00" PMx="0.00" fuel="0.00" electricity="0.00" noise="70.48" route="routebottom" type="cfm-fast" waiting="0.00" lane="bottom_0" pos="34.49" speed="26.66" angle="32.43" x="124.27" y="31.52"/>
        <vehicle id="cfm-fast_5" eclass="HBEFA3/PC_G_EU4" CO2="196555.32" CO="4335.99" HC="24.68" NOx="91.57" PMx="5.26" fuel="84.49" electricity="0.00" noise="139.32" route="routebottom" type="cfm-fast" waiting="0.00" lane="right_1" pos="19.77" speed="50.73" angle="328.86" x="116.75" y="101.67"/>
        <vehicle id="cfm-slow_0" eclass="HBEFA3/PC_G_EU4" CO2="8964.50" CO="108.64" HC="0.71" NOx="3.67" PMx="0.18" fuel="3.85" electricity="0.00" noise="71.29" route="routebottom" type="cfm-slow" waiting="0.00" lane="right_0" pos="5.44" speed="20.33" angle="354.67" x="131.25" y="75.40"/>
        <vehicle id="cfm-slow_1" eclass="HBEFA3/PC_G_EU4" CO2="11935.56" CO="169.59" HC="1.07" NOx="5.07" PMx="0.26" fuel="5.13" electricity="0.00" noise="73.13" route="routebottom" type="cfm-slow" waiting="0.00" lane="right_0" pos="21.52" speed="20.76" angle="325.73" x="117.16" y="106.60"/>
        <vehicle id="cfm-slow_2" eclass="HBEFA3/PC_G_EU4" CO2="17021.89" CO="274.38" HC="1.67" NOx="7.44" PMx="0.40" fuel="7.32" electricity="0.00" noise="76.49" route="routebottom" type="cfm-slow" waiting="0.00" lane="right_0" pos="38.07" speed="21.72" angle="295.98" x="88.82" y="127.48"/>
        <vehicle id="cfm-slow_3" eclass="HBEFA3/PC_G_EU4" CO2="23156.02" CO="402.85" HC="2.41" NOx="10.30" PMx="0.56" fuel="9.95" electricity="0.00" noise="80.37" route="routetop" type="cfm-slow" waiting="0.00" lane="top_0" pos="5.64" speed="23.50" angle="264.31" x="51.51" y="131.18"/>
        <vehicle id="cfm-slow_4" eclass="HBEFA3/PC_G_EU4" CO2="25693.68" CO="462.73" HC="2.75" NOx="11.44" PMx="0.63" fuel="11.04" electricity="0.00" noise="81.47" route="routetop" type="cfm-slow" waiting="0.00" lane="top_0" pos="25.06" speed="26.03" angle="229.39" x="15.06" y="112.07"/>
        <vehicle id="cfm-slow_5" eclass="HBEFA3/PC_G_EU4" CO2="19111.57" CO="339.52" HC="2.02" NOx="8.28" PMx="0.47" fuel="8.22" electricity="0.00" noise="77.87" route="routetop" type="cfm-slow" waiting="0.00" lane="top_0" pos="47.08" speed="28.45" angle="189.83" x="-4.64" y="70.03"/>
    </timestep>
    <timestep time="3.73">
        <vehicle id="cfm-fast_0" eclass="HBEFA3/PC_G_EU4" CO2="8951.06" CO="137.32" HC="0.85" NOx="3.46" PMx="0.21" fuel="3.85" electricity="0.00" noise="74.42" route="routetop" type="cfm-fast" waiting="0.00" lane="left_0" pos="21.79" speed="29.52" angle="145.27" x="10.52" y="20.27"/>
        <vehicle id="cfm-fast_1" eclass="HBEFA3/PC_G_EU4" CO2="195314.93" CO="4303.22" HC="24.50" NOx="90.99" PMx="5.23" fuel="83.96" electricity="0.00" noise="139.18" route="routebottom" type="cfm-fast" waiting="0.00" lane="bottom_1" pos="5.73" speed="50.43" angle="84.16" x="75.38" y="-0.58"/>
        <vehicle id="cfm-fast_2" eclass="HBEFA3/PC_G_EU4" CO2="17350.75" CO="298.45" HC="1.79" NOx="7.47" PMx="0.42" fuel="7.46" electricity="0.00" noise="76.95" route="routetop" type="cfm-fast" waiting="0.00" lane="left_0" pos="44.68" speed="27.61" angle="104.14" x="52.17" y="-3.98"/>
        <vehicle id="cfm-fast_3" eclass="HBEFA3/PC_G_EU4" CO2="0.00" CO="0.00" HC="0.00" NOx="0.00" PMx="0.00" fuel="0.00" electricity="0.00" noise="72.32" route="routebottom" type="cfm-fast" waiting="0.00" lane="bottom_0" pos="14.39" speed="28.36" angle="68.58" x="93.67" y="1.97"/>
        <vehicle id="cfm-fast_4" eclass="HBEFA3/PC_G_EU4" CO2="0.00" CO="0.00" HC="0.00" NOx="0.00" PMx="0.00" fuel="0.00" electricity="0.00" noise="70.47" route="routebottom" type="cfm-fast" waiting="0.00" lane="bottom_0" pos="34.76" speed="26.64" angle="32.00" x="124.54" y="32.02"/>
        <vehicle id="cfm-fast_5" eclass="HBEFA3/PC_G_EU4" CO2="197131.08" CO="4351.22" HC="24.76" NOx="91.84" PMx="5.28" fuel="84.74" electricity="0.00" noise="139.38" route="routebottom" type="cfm-fast" waiting="0.00" lane="right_1" pos="20.28" speed="50.86" angle="327.92" x="116.14" y="102.51"/>
        <vehicle id="cfm-slow_0" eclass="HBEFA3/PC_G_EU4" CO2="8962.74" CO="108.60" HC="0.71" NOx="3.67" PMx="0.18" fuel="3.85" electricity="0.00" noise="71.29" route="routebottom" type="cfm-slow" waiting="0.00" lane="right_0" pos="5.64" speed="20.34" angle="354.29" x="131.18" y="75.83"/>
        <vehicle id="cfm-slow_1" eclass="HBEFA3/PC_G_EU4" CO2="11953.43" CO="169.96" HC="1.07" NOx="5.07" PMx="0.26" fuel="5.14" electricity="0.00" noise="73.14" route="routebottom" type="cfm-slow" waiting="0.00" lane="right_0" pos="21.73" speed="20.77" angle="325.38" x="116.88" y="106.96"/>
        <vehicle id="cfm-slow_2" eclass="HBEFA3/PC_G_EU4" CO2="17049.56" CO="274.97" HC="1.67" NOx="7.46" PMx="0.40" fuel="7.33" electricity="0.00" noise="76.50" route="routebottom" type="cfm-slow" waiting="0.00" lane="right_0" pos="38.29" speed="21.75" angle="295.59" x="88.39" y="127.65"/>
        <vehicle id="cfm-slow_3" eclass="HBEFA3/PC_G_EU4" CO2="23153.37" CO="402.86" HC="2.41" NOx="10.30" PMx="0.56" fuel="9.95" electricity="0.00" noise="80.36" route="routetop" type="cfm-slow" waiting="0.00" lane="top_0" pos="5.87" speed="23.54" angle="263.87" x="51.01" y="131.09"/>
        <vehicle id="cfm-slow_4" eclass="HBEFA3/PC_G_EU4" CO2="25607.38" CO="461.08" HC="2.74" NOx="11.40" PMx="0.63" fuel="11.01" electricity="0.00" noise="81.41" route="routetop" type="cfm-slow" waiting="0.00" lane="top_0" pos="25.32" speed="26.06" angle="228.92" x="14.67" y="111.68"/>
        <vehicle id="cfm-slow_5" eclass="HBEFA3/PC_G_EU4" CO2="18976.34" CO="336.85" HC="2.01" NOx="8.21" PMx="0.46" fuel="8.16" electricity="0.00" noise="77.81" route="routetop" type="cfm-slow" waiting="0.00" lane="top_0" pos="47.37" speed="28.47" angle="189.32" x="-4.71" y="69.42"/>
    </timestep>
    <timestep time="3.74">
        <vehicle id="cfm-fast_0" eclass="HBEFA3/PC_G_EU4" CO2="8879.08" CO="135.87" HC="0.84" NOx="3.43" PMx="0.20" fuel="3.82" electricity="0.00" noise="74.40" route="routetop" type="cfm-fast" waiting="0.00" lane="left_0" pos="22.08" speed="29.52" angle="144.72" x="10.93" y="19.79"/>
        <vehicle id="cfm-fast_1" eclass="HBEFA3/PC_G_EU4" CO2="195890.06" CO="4318.41" HC="24.58" NOx="91.26" PMx="5.24" fuel="84.20" electricity="0.00" noise="139.24" route="routebottom" type="cfm-fast" waiting="0.00" lane="bottom_1" pos="6.24" speed="50.57" angle="83.21" x="76.40" y="-0.39"/>
        <vehicle id="cfm-fast_2" eclass="HBEFA3/PC_G_EU4" CO2="17147.59" CO="294.36" HC="1.77" NOx="7.37" PMx="0.41" fuel="7.37" electricity="0.00" noise="76.86" route="routetop" type="cfm-fast" waiting="0.00" lane="left_0" pos="44.95" speed="27.63" angle="103.70" x="52.76" y="-4.08"/>
        <vehicle id="cfm-fast_3" eclass="HBEFA3/PC_G_EU4" CO2="0.00" CO="0.00" HC="0.00" NOx="0.00" PMx="0.00" fuel="0.00" electricity="0.00" noise="72.29" route="routebottom" type="cfm-fast" waiting="0.00" lane="bottom_0" pos="14.67" speed="28.35" angle="68.05" x="94.22" y="2.24"/>
        <vehicle id="cfm-fast_4" eclass="HBEFA3/PC_G_EU4" CO2="0.00" CO="0.00" HC="0.00" NOx="0.00" PMx="0.00" fuel="0.00" electricity="0.00" noise="70.45" route="routebottom" type="cfm-fast" waiting="0.00" lane="bottom_0" pos="35.03" speed="26.61" angle="31.52" x="124.80" y="32.54"/>
        <vehicle id="cfm-fast_5" eclass="HBEFA3/PC_G_EU4" CO2="197707.14" CO="4366.48" HC="24.84" NOx="92.11" PMx="5.30" fuel="84.98" electricity="0.00" noise="139.45" route="routebottom" type="cfm-fast" waiting="0.00" lane="right_1" pos="20.79" speed="51.00" angle="327.04" x="115.51" y="103.35"/>
        <vehicle id="cfm-slow_0" eclass="HBEFA3/PC_G_EU4" CO2="8961.43" CO="108.57" HC="0.71" NOx="3.67" PMx="0.18" fuel="3.85" electricity="0.00" noise="71.29" route="routebottom" type="cfm-slow" waiting="0.00" lane="right_0" pos="5.84" speed="20.35" angle="353.91" x="131.10" y="76.26"/>
        <vehicle id="cfm-slow_1" eclass="HBEFA3/PC_G_EU4" CO2="11971.63" CO="170.33" HC="1.07" NOx="5.08" PMx="0.26" fuel="5.15" electricity="0.00" noise="73.15" route="routebottom" type="cfm-slow" waiting="0.00" lane="right_0" pos="21.94" speed="20.79" angle="325.01" x="116.60" y="107.30"/>
        <vehicle id="cfm-slow_2" eclass="HBEFA3/PC_G_EU4" CO2="17077.21" CO="275.55" HC="1.68" NOx="7.47" PMx="0.40" fuel="7.34" electricity="0.00" noise="76.52" route="routebottom" type="cfm-slow" waiting="0.00" lane="right_0" pos="38.51" speed="21.77" angle="295.25" x="87.95" y="127.82"/>
        <vehicle id="cfm-slow_3" eclass="HBEFA3/PC_G_EU4" CO2="23150.23" CO="402.86" HC="2.41" NOx="10.29" PMx="0.56" fuel="9.95" electricity="0.00" noise="80.35" route="routetop" type="cfm-slow" waiting="0.00" lane="top_0" pos="6.11" speed="23.57" angle="263.43" x="50.51" y="131.00"/>
        <vehicle id="cfm-slow_4" eclass="HBEFA3/PC_G_EU4" CO2="25520.79" CO="459.42" HC="2.73" NOx="11.35" PMx="0.63" fuel="10.97" electricity="0.00" noise="81.35" route="routetop" type="cfm-slow" waiting="0.00" lane="top_0" pos="25.58" speed="26.09" angle="228.47" x="14.27" y="111.28"/>
        <vehicle id="cfm-slow_5" eclass="HBEFA3/PC_G_EU4" CO2="18841.90" CO="334.19" HC="1.99" NOx="8.15" PMx="0.46" fuel="8.10" electricity="0.00" noise="77.75" route="routetop" type="cfm-slow" waiting="0.00" lane="top_0" pos="47.65" speed="28.49" angle="188.83" x="-4.75" y="68.81"/>
    </timestep>
    <timestep time="3.75">
        <vehicle id="cfm-fast_0" eclass="HBEFA3/PC_G_EU4" CO2="8807.16" CO="134.42" HC="0.84" NOx="3.39" PMx="0.20" fuel="3.79" electricity="0.00" noise="74.39" route="routetop" type="cfm-fast" waiting="0.00" lane="left_0" pos="22.38" speed="29.53" angle="144.16" x="11.34" y="19.30"/>
        <vehicle id="cfm-fast_1" eclass="HBEFA3/PC_G_EU4" CO2="196465.49" CO="4333.62" HC="24.66" NOx="91.53" PMx="5.26" fuel="84.45" electricity="0.00" noise="139.31" route="routebottom" type="cfm-fast" waiting="0.00" lane="bottom_1" pos="6.74" speed="50.71" angle="82.33" x="77.41" y="-0.17"/>
        <vehicle id="cfm-fast_2" eclass="HBEFA3/PC_G_EU4" CO2="16944.41" CO="290.27" HC="1.75" NOx="7.27" PMx="0.41" fuel="7.28" electricity="0.00" noise="76.77" route="routetop" type="cfm-fast" waiting="0.00" lane="left_0" pos="45.23" speed="27.64" angle="103.18" x="53.34" y="-4.17"/>
        <vehicle id="cfm-fast_3" eclass="HBEFA3/PC_G_EU4" CO2="0.00" CO="0.00" HC="0.00" NOx="0.00" PMx="0.00" fuel="0.00" electricity="0.00" noise="72.25" route="routebottom" type="cfm-fast" waiting="0.00" lane="bottom_0" pos="14.96" speed="28.35" angle="67.53" x="94.76" y="2.51"/>
        <vehicle id="cfm-fast_4" eclass="HBEFA3/PC_G_EU4" CO2="0.00" CO="0.00" HC="0.00" NOx="0.00" PMx="0.00" fuel="0.00" electricity="0.00" noise="70.44" route="routebottom" type="cfm-fast" waiting="0.00" lane="bottom_0" pos="35.29" speed="26.58" angle="31.04" x="125.05" y="33.05"/>
        <vehicle id="cfm-fast_5" eclass="HBEFA3/PC_G_EU4" CO2="198283.49" CO="4381.75" HC="24.93" NOx="92.38" PMx="5.31" fuel="85.23" electricity="0.00" noise="139.52" route="routebottom" type="cfm-fast" waiting="0.00" lane="right_1" pos="21.30" speed="51.14" angle="326.10" x="114.87" y="104.17"/>
        <vehicle id="cfm-slow_0" eclass="HBEFA3/PC_G_EU4" CO2="8960.54" CO="108.54" HC="0.71" NOx="3.67" PMx="0.18" fuel="3.85" electricity="0.00" noise="71.29" route="routebottom" type="cfm-slow" waiting="0.00" lane="right_0" pos="6.05" speed="20.36" angle="353.53" x="131.02" y="76.69"/>
        <vehicle id="cfm-slow_1" eclass="HBEFA3/PC_G_EU4" CO2="11990.16" CO="170.70" HC="1.07" NOx="5.09" PMx="0.26" fuel="5.15" electricity="0.00" noise="73.17" route="routebottom" type="cfm-slow" waiting="0.00" lane="right_0" pos="22.15" speed="20.80" angle="324.61" x="116.31" y="107.64"/>
        <vehicle id="cfm-slow_2" eclass="HBEFA3/PC_G_EU4" CO2="17104.83" CO="276.13" HC="1.68" NOx="7.48" PMx="0.40" fuel="7.35" electricity="0.00" noise="76.54" route="routebottom" type="cfm-slow" waiting="0.00" lane="right_0" pos="38.72" speed="21.79" angle="294.85" x="87.51" y="127.98"/>
        <vehicle id="cfm-slow_3" eclass="HBEFA3/PC_G_EU4" CO2="23146.58" CO="402.84" HC="2.41" NOx="10.29" PMx="0.56" fuel="9.95" electricity="0.00" noise="80.34" route="routetop" type="cfm-slow" waiting="0.00" lane="top_0" pos="6.34" speed="23.60" angle="263.03" x="50.01" y="130.90"/>
        <vehicle id="cfm-slow_4" eclass="HBEFA3/PC_G_EU4" CO2="25433.91" CO="457.76" HC="2.72" NOx="11.31" PMx="0.63" fuel="10.93" electricity="0.00" noise="81.30" route="routetop" type="cfm-slow" waiting="0.00" lane="top_0" pos="25.85" speed="26.12" angle="228.02" x="13.88" y="110.87"/>
        <vehicle id="cfm-slow_5" eclass="HBEFA3/PC_G_EU4" CO2="18708.22" CO="331.55" HC="1.98" NOx="8.09" PMx="0.46" fuel="8.04" electricity="0.00" noise="77.69" route="routetop" type="cfm-slow" waiting="0.00" lane="top_0" pos="47.93" speed="28.50" angle="188.29" x="-4.79" y="68.20"/>
    </timestep>
    <timestep time="3.76">
        <vehicle id="cfm-fast_0" eclass="HBEFA3/PC_G_EU4" CO2="8735.29" CO="132.97" HC="0.83" NOx="3.36" PMx="0.20" fuel="3.75" electricity="0.00" noise="74.37" route="routetop" type="cfm-fast" waiting="0.00" lane="left_0" pos="22.68" speed="29.53" angle="143.61" x="11.75" y="18.82"/>
        <vehicle id="cfm-fast_1" eclass="HBEFA3/PC_G_EU4" CO2="197041.21" CO="4348.85" HC="24.75" NOx="91.80" PMx="5.28" fuel="84.70" electricity="0.00" noise="139.37" route="routebottom" type="cfm-fast" waiting="0.00" lane="bottom_1" pos="7.25" speed="50.84" angle="81.40" x="78.43" y="0.05"/>
        <vehicle id="cfm-fast_2" eclass="HBEFA3/PC_G_EU4" CO2="16741.23" CO="286.17" HC="1.72" NOx="7.18" PMx="0.40" fuel="7.20" electricity="0.00" noise="76.68" route="routetop" type="cfm-fast" waiting="0.00" lane="left_0" pos="45.51" speed="27.66" angle="102.67" x="53.93" y="-4.25"/>
        <vehicle id="cfm-fast_3" eclass="HBEFA3/PC_G_EU4" CO2="0.00" CO="0.00" HC="0.00" NOx="0.00" PMx="0.00" fuel="0.00" electricity="0.00" noise="72.22" route="routebottom" type="cfm-fast" waiting="0.00" lane="bottom_0" pos="15.24" speed="28.34" angle="67.00" x="95.31" y="2.79"/>
        <vehicle id="cfm-fast_4" eclass="HBEFA3/PC_G_EU4" CO2="0.00" CO="0.00" HC="0.00" NOx="0.00" PMx="0.00" fuel="0.00" electricity="0.00" noise="70.42" route="routebottom" type="cfm-fast" waiting="0.00" lane="bottom_0" pos="35.56" speed="26.55" angle="30.55" x="125.31" y="33.56"/>
        <vehicle id="cfm-fast_5" eclass="HBEFA3/PC_G_EU4" CO2="198860.13" CO="4397.05" HC="25.01" NOx="92.65" PMx="5.33" fuel="85.48" electricity="0.00" noise="139.58" route="routebottom" type="cfm-fast" waiting="0.00" lane="right_1" pos="21.82" speed="51.27" angle="325.22" x="114.22" y="105.00"/>
        <vehicle id="cfm-slow_0" eclass="HBEFA3/PC_G_EU4" CO2="8960.08" CO="108.52" HC="0.71" NOx="3.67" PMx="0.18" fuel="3.85" electricity="0.00" noise="71.30" route="routebottom" type="cfm-slow" waiting="0.00" lane="right_0" pos="6.25" speed="20.37" angle="353.16" x="130.94" y="77.12"/>
        <vehicle id="cfm-slow_1" eclass="HBEFA3/PC_G_EU4" CO2="12009.01" CO="171.09" HC="1.07" NOx="5.10" PMx="0.26" fuel="5.16" electricity="0.00" noise="73.18" route="routebottom" type="cfm-slow" waiting="0.00" lane="right_0" pos="22.36" speed="20.82" angle="324.22" x="116.02" y="107.98"/>
        <vehicle id="cfm-slow_2" eclass="HBEFA3/PC_G_EU4" CO2="17132.42" CO="276.71" HC="1.68" NOx="7.49" PMx="0.40" fuel="7.36" electricity="0.00" noise="76.56" route="routebottom" type="cfm-slow" waiting="0.00" lane="right_0" pos="38.94" speed="21.82" angle="294.46" x="87.07" y="128.14"/>
        <vehicle id="cfm-slow_3" eclass="HBEFA3/PC_G_EU4" CO2="23142.44" CO="402.82" HC="2.41" NOx="10.29" PMx="0.56" fuel="9.95" electricity="0.00" noise="80.33" route="routetop" type="cfm-slow" waiting="0.00" lane="top_0" pos="6.58" speed="23.63" angle="262.61" x="49.52" y="130.79"/>
        <vehicle id="cfm-slow_4" eclass="HBEFA3/PC_G_EU4" CO2="25346.74" CO="456.09" HC="2.71" NOx="11.27" PMx="0.62" fuel="10.90" electricity="0.00" noise="81.24" route="routetop" type="cfm-slow" waiting="0.00" lane="top_0" pos="26.11" speed="26.15" angle="227.53" x="13.50" y="110.46"/>
        <vehicle id="cfm-slow_5" eclass="HBEFA3/PC_G_EU4" CO2="18575.31" CO="328.92" HC="1.96" NOx="8.02" PMx="0.45" fuel="7.98" electricity="0.00" noise="77.63" route="routetop" type="cfm-slow" waiting="0.00" lane="top_0" pos="48.22" speed="28.52" angle="187.74" x="-4.82" y="67.59"/>
    </timestep>
    <timestep time="3.77">
        <vehicle id="cfm-fast_0" eclass="HBEFA3/PC_G_EU4" CO2="8663.47" CO="131.52" HC="0.82" NOx="3.32" PMx="0.20" fuel="3.72" electricity="0.00" noise="74.35" route="routetop" type="cfm-fast" waiting="0.00" lane="left_0" pos="22.97" speed="29.53" angle="143.08" x="12.16" y="18.33"/>
        <vehicle id="cfm-fast_1" eclass="HBEFA3/PC_G_EU4" CO2="197617.23" CO="4364.10" HC="24.83" NOx="92.07" PMx="5.29" fuel="84.95" electricity="0.00" noise="139.44" route="routebottom" type="cfm-fast" waiting="0.00" lane="bottom_1" pos="7.76" speed="50.98" angle="80.52" x="79.45" y="0.29"/>
        <vehicle id="cfm-fast_2" eclass="HBEFA3/PC_G_EU4" CO2="16538.07" CO="282.08" HC="1.70" NOx="7.08" PMx="0.40" fuel="7.11" electricity="0.00" noise="76.59" route="routetop" type="cfm-fast" waiting="0.00" lane="left_0" pos="45.78" speed="27.68" angle="102.16" x="54.52" y="-4.33"/>
        <vehicle id="cfm-fast_3" eclass="HBEFA3/PC_G_EU4" CO2="0.00" CO="0.00" HC="0.00" NOx="0.00" PMx="0.00" fuel="0.00" electricity="0.00" noise="72.19" route="routebottom" type="cfm-fast" waiting="0.00" lane="bottom_0" pos="15.52" speed="28.33" angle="66.54" x="95.85" y="3.07"/>
        <vehicle id="cfm-fast_4" eclass="HBEFA3/PC_G_EU4" CO2="0.00" CO="0.00" HC="0.00" NOx="0.00" PMx="0.00" fuel="0.00" electricity="0.00" noise="70.41" route="routebottom" type="cfm-fast" waiting="0.00" lane="bottom_0" pos="35.82" speed="26.53" angle="30.09" x="125.57" y="34.07"/>
        <vehicle id="cfm-fast_5" eclass="HBEFA3/PC_G_EU4" CO2="199437.07" CO="4412.37" HC="25.10" NOx="92.92" PMx="5.35" fuel="85.73" electricity="0.00" noise="139.65" route="routebottom" type="cfm-fast" waiting="0.00" lane="right_1" pos="22.33" speed="51.41" angle="324.28" x="113.54" y="105.81"/>
        <vehicle id="cfm-slow_0" eclass="HBEFA3/PC_G_EU4" CO2="8960.05" CO="108.52" HC="0.71" NOx="3.67" PMx="0.18" fuel="3.85" electricity="0.00" noise="71.30" route="routebottom" type="cfm-slow" waiting="0.00" lane="right_0" pos="6.45" speed="20.38" angle="352.83" x="130.85" y="77.55"/>
        <vehicle id="cfm-slow_1" eclass="HBEFA3/PC_G_EU4" CO2="12028.19" CO="171.48" HC="1.08" NOx="5.11" PMx="0.26" fuel="5.17" electricity="0.00" noise="73.19" route="routebottom" type="cfm-slow" waiting="0.00" lane="right_0" pos="22.56" speed="20.84" angle="323.82" x="115.73" y="108.33"/>
        <vehicle id="cfm-slow_2" eclass="HBEFA3/PC_G_EU4" CO2="17159.98" CO="277.29" HC="1.69" NOx="7.51" PMx="0.40" fuel="7.38" electricity="0.00" noise="76.57" route="routebottom" type="cfm-slow" waiting="0.00" lane="right_0" pos="39.16" speed="21.84" angle="294.06" x="86.63" y="128.30"/>
        <vehicle id="cfm-slow_3" eclass="HBEFA3/PC_G_EU4" CO2="23137.79" CO="402.79" HC="2.41" NOx="10.29" PMx="0.56" fuel="9.95" electricity="0.00" noise="80.32" route="routetop" type="cfm-slow" waiting="0.00" lane="top_0" pos="6.82" speed="23.66" angle="262.16" x="49.02" y="130.68"/>
        <vehicle id="cfm-slow_4" eclass="HBEFA3/PC_G_EU4" CO2="25259.29" CO="454.42" HC="2.70" NOx="11.23" PMx="0.62" fuel="10.86" electricity="0.00" noise="81.18" route="routetop" type="cfm-slow" waiting="0.00" lane="top_0" pos="26.37" speed="26.18" angle="227.05" x="13.12" y="110.04"/>
        <vehicle id="cfm-slow_5" eclass="HBEFA3/PC_G_EU4" CO2="18443.17" CO="326.31" HC="1.95" NOx="7.96" PMx="0.45" fuel="7.93" electricity="0.00" noise="77.57" route="routetop" type="cfm-slow" waiting="0.00" lane="top_0" pos="48.51" speed="28.54" angle="187.20" x="-4.86" y="66.97"/>
    </timestep>
    <timestep time="3.78">
        <vehicle id="cfm-fast_0" eclass="HBEFA3/PC_G_EU4" CO2="8591.68" CO="130.06" HC="0.81" NOx="3.29" PMx="0.20" fuel="3.69" electricity="0.00" noise="74.34" route="routetop" type="cfm-fast" waiting="0.00" lane="left_0" pos="23.27" speed="29.54" angle="142.59" x="12.59" y="17.86"/>
        <vehicle id="cfm-fast_1" eclass="HBEFA3/PC_G_EU4" CO2="198193.53" CO="4379.37" HC="24.92" NOx="92.34" PMx="5.31" fuel="85.19" electricity="0.00" noise="139.51" route="routebottom" type="cfm-fast" waiting="0.00" lane="bottom_1" pos="8.27" speed="51.12" angle="79.56" x="80.46" y="0.56"/>
        <vehicle id="cfm-fast_2" eclass="HBEFA3/PC_G_EU4" CO2="16334.97" CO="277.98" HC="1.67" NOx="6.98" PMx="0.39" fuel="7.02" electricity="0.00" noise="76.50" route="routetop" type="cfm-fast" waiting="0.00" lane="left_0" pos="46.06" speed="27.69" angle="101.65" x="55.11" y="-4.41"/>
        <vehicle id="cfm-fast_3" eclass="HBEFA3/PC_G_EU4" CO2="0.00" CO="0.00" HC="0.00" NOx="0.00" PMx="0.00" fuel="0.00" electricity="0.00" noise="72.17" route="routebottom" type="cfm-fast" waiting="0.00" lane="bottom_0" pos="15.81" speed="28.32" angle="66.02" x="96.38" y="3.37"/>
        <vehicle id="cfm-fast_4" eclass="HBEFA3/PC_G_EU4" CO2="0.00" CO="0.00" HC="0.00" NOx="0.00" PMx="0.00" fuel="0.00" electricity="0.00" noise="70.40" route="routebottom" type="cfm-fast" waiting="0.00" lane="bottom_0" pos="36.09" speed="26.50" angle="29.63" x="125.81" y="34.58"/>
        <vehicle id="cfm-fast_5" eclass="HBEFA3/PC_G_EU4" CO2="200014.29" CO="4427.71" HC="25.18" NOx="93.19" PMx="5.36" fuel="85.98" electricity="0.00" noise="139.71" route="routebottom" type="cfm-fast" waiting="0.00" lane="right_1" pos="22.85" speed="51.55" angle="323.34" x="112.86" y="106.61"/>
        <vehicle id="cfm-slow_0" eclass="HBEFA3/PC_G_EU4" CO2="8960.44" CO="108.52" HC="0.71" NOx="3.67" PMx="0.18" fuel="3.85" electricity="0.00" noise="71.30" route="routebottom" type="cfm-slow" waiting="0.00" lane="right_0" pos="6.66" speed="20.39" angle="352.45" x="130.76" y="77.98"/>
        <vehicle id="cfm-slow_1" eclass="HBEFA3/PC_G_EU4" CO2="12047.68" CO="171.88" HC="1.08" NOx="5.12" PMx="0.27" fuel="5.18" electricity="0.00" noise="73.21" route="routebottom" type="cfm-slow" waiting="0.00" lane="right_0" pos="22.77" speed="20.85" angle="323.43" x="115.44" y="108.67"/>
        <vehicle id="cfm-slow_2" eclass="HBEFA3/PC_G_EU4" CO2="17187.49" CO="277.87" HC="1.69" NOx="7.52" PMx="0.40" fuel="7.39" electricity="0.00" noise="76.59" route="routebottom" type="cfm-slow" waiting="0.00" lane="right_0" pos="39.38" speed="21.87" angle="293.67" x="86.19" y="128.47"/>
        <vehicle id="cfm-slow_3" eclass="HBEFA3/PC_G_EU4" CO2="23132.65" CO="402.75" HC="2.41" NOx="10.28" PMx="0.56" fuel="9.94" electricity="0.00" noise="80.31" route="routetop" type="cfm-slow" waiting="0.00" lane="top_0" pos="7.05" speed="23.69" angle="261.71" x="48.52" y="130.57"/>
        <vehicle id="cfm-slow_4" eclass="HBEFA3/PC_G_EU4" CO2="25171.58" CO="452.74" HC="2.69" NOx="11.19" PMx="0.62" fuel="10.82" electricity="0.00" noise="81.13" route="routetop" type="cfm-slow" waiting="0.00" lane="top_0" pos="26.63" speed="26.21" angle="226.56" x="12.74" y="109.63"/>
        <vehicle id="cfm-slow_5" eclass="HBEFA3/PC_G_EU4" CO2="18311.77" CO="323.72" HC="1.93" NOx="7.90" PMx="0.45" fuel="7.87" electricity="0.00" noise="77.52" route="routetop" type="cfm-slow" waiting="0.00" lane="top_0" pos="48.79" speed="28.56" angle="186.72" x="-4.89" y="66.36"/>
    </timestep>
    <timestep time="3.79">
        <vehicle id="cfm-fast_0" eclass="HBEFA3/PC_G_EU4" CO2="8519.92" CO="128.61" HC="0.80" NOx="3.26" PMx="0.20" fuel="3.66" electricity="0.00" noise="74.32" route="routetop" type="cfm-fast" waiting="0.00" lane="left_0" pos="23.56" speed="29.54" angle="142.06" x="13.02" y="17.39"/>
        <vehicle id="cfm-fast_1" eclass="HBEFA3/PC_G_EU4" CO2="198770.13" CO="4394.66" HC="25.00" NOx="92.61" PMx="5.33" fuel="85.44" electricity="0.00" noise="139.57" route="routebottom" type="cfm-fast" waiting="0.00" lane="bottom_1" pos="8.79" speed="51.25" angle="78.60" x="81.48" y="0.83"/>
        <vehicle id="cfm-fast_2" eclass="HBEFA3/PC_G_EU4" CO2="16131.93" CO="273.88" HC="1.65" NOx="6.89" PMx="0.39" fuel="6.93" electricity="0.00" noise="76.42" route="routetop" type="cfm-fast" waiting="0.00" lane="left_0" pos="46.34" speed="27.71" angle="101.19" x="55.71" y="-4.48"/>
        <vehicle id="cfm-fast_3" eclass="HBEFA3/PC_G_EU4" CO2="0.00" CO="0.00" HC="0.00" NOx="0.00" PMx="0.00" fuel="0.00" electricity="0.00" noise="72.14" route="routebottom" type="cfm-fast" waiting="0.00" lane="bottom_0" pos="16.09" speed="28.32" angle="65.50" x="96.91" y="3.66"/>
        <vehicle id="cfm-fast_4" eclass="HBEFA3/PC_G_EU4" CO2="0.00" CO="0.00" HC="0.00" NOx="0.00" PMx="0.00" fuel="0.00" electricity="0.00" noise="70.38" route="routebottom" type="cfm-fast" waiting="0.00" lane="bottom_0" pos="36.35" speed="26.47" angle="29.11" x="126.04" y="35.10"/>
        <vehicle id="cfm-fast_5" eclass="HBEFA3/PC_G_EU4" CO2="200591.81" CO="4443.07" HC="25.27" NOx="93.46" PMx="5.38" fuel="86.22" electricity="0.00" noise="139.78" route="routebottom" type="cfm-fast" waiting="0.00" lane="right_1" pos="23.36" speed="51.68" angle="322.47" x="112.15" y="107.41"/>
        <vehicle id="cfm-slow_0" eclass="HBEFA3/PC_G_EU4" CO2="8961.24" CO="108.53" HC="0.71" NOx="3.67" PMx="0.18" fuel="3.85" electricity="0.00" noise="71.31" route="routebottom" type="cfm-slow" waiting="0.00" lane="right_0" pos="6.86" speed="20.40" angle="352.07" x="130.66" y="78.40"/>
        <vehicle id="cfm-slow_1" eclass="HBEFA3/PC_G_EU4" CO2="12067.49" CO="172.28" HC="1.08" NOx="5.13" PMx="0.27" fuel="5.19" electricity="0.00" noise="73.22" route="routebottom" type="cfm-slow" waiting="0.00" lane="right_0" pos="22.98" speed="20.87" angle="323.06" x="115.15" y="109.01"/>
        <vehicle id="cfm-slow_2" eclass="HBEFA3/PC_G_EU4" CO2="17214.95" CO="278.45" HC="1.69" NOx="7.53" PMx="0.40" fuel="7.40" electricity="0.00" noise="76.61" route="routebottom" type="cfm-slow" waiting="0.00" lane="right_0" pos="39.60" speed="21.89" angle="293.27" x="85.74" y="128.63"/>
        <vehicle id="cfm-slow_3" eclass="HBEFA3/PC_G_EU4" CO2="23127.00" CO="402.70" HC="2.41" NOx="10.28" PMx="0.56" fuel="9.94" electricity="0.00" noise="80.30" route="routetop" type="cfm-slow" waiting="0.00" lane="top_0" pos="7.29" speed="23.72" angle="261.27" x="48.03" y="130.46"/>
        <vehicle id="cfm-slow_4" eclass="HBEFA3/PC_G_EU4" CO2="25083.60" CO="451.05" HC="2.68" NOx="11.14" PMx="0.62" fuel="10.78" electricity="0.00" noise="81.07" route="routetop" type="cfm-slow" waiting="0.00" lane="top_0" pos="26.89" speed="26.24" angle="226.12" x="12.36" y="109.21"/>
        <vehicle id="cfm-slow_5" eclass="HBEFA3/PC_G_EU4" CO2="18181.13" CO="321.13" HC="1.92" NOx="7.84" PMx="0.44" fuel="7.82" electricity="0.00" noise="77.46" route="routetop" type="cfm-slow" waiting="0.00" lane="top_0" pos="49.08" speed="28.57" angle="186.20" x="-4.91" y="65.75"/>
    </timestep>
    <timestep time="3.80">
        <vehicle id="cfm-fast_0" eclass="HBEFA3/PC_G_EU4" CO2="8448.16" CO="127.16" HC="0.79" NOx="3.22" PMx="0.19" fuel="3.63" electricity="0.00" noise="74.30" route="routetop" type="cfm-fast" waiting="0.00" lane="left_0" pos="23.86" speed="29.54" angle="141.53" x="13.45" y="16.92"/>
        <vehicle id="cfm-fast_1" eclass="HBEFA3/PC_G_EU4" CO2="199347.01" CO="4409.98" HC="25.08" NOx="92.88" PMx="5.34" fuel="85.69" electricity="0.00" noise="139.64" route="routebottom" type="cfm-fast" waiting="0.00" lane="bottom_1" pos="9.30" speed="51.39" angle="77.72" x="82.49" y="1.13"/>
        <vehicle id="cfm-fast_2" eclass="HBEFA3/PC_G_EU4" CO2="15929.00" CO="269.79" HC="1.63" NOx="6.79" PMx="0.38" fuel="6.85" electricity="0.00" noise="76.33" route="routetop" type="cfm-fast" waiting="0.00" lane="left_0" pos="46.61" speed="27.72" angle="100.69" x="56.30" y="-4.54"/>
        <vehicle id="cfm-fast_3" eclass="HBEFA3/PC_G_EU4" CO2="0.00" CO="0.00" HC="0.00" NOx="0.00" PMx="0.00" fuel="0.00" electricity="0.00" noise="72.11" route="routebottom" type="cfm-fast" waiting="0.00" lane="bottom_0" pos="16.37" speed="28.31" angle="64.97" x="97.45" y="3.96"/>
        <vehicle id="cfm-fast_4" eclass="HBEFA3/PC_G_EU4" CO2="0.00" CO="0.00" HC="0.00" NOx="0.00" PMx="0.00" fuel="0.00" electricity="0.00" noise="70.37" route="routebottom" type="cfm-fast" waiting="0.00" lane="bottom_0" pos="36.62" speed="26.44" angle="28.60" x="126.27" y="35.62"/>
        <vehicle id="cfm-fast_5" eclass="HBEFA3/PC_G_EU4" CO2="201169.62" CO="4458.45" HC="25.35" NOx="93.73" PMx="5.40" fuel="86.47" electricity="0.00" noise="139.84" route="routebottom" type="cfm-fast" waiting="0.00" lane="right_1" pos="23.88" speed="51.82" angle="321.52" x="111.43" y="108.19"/>
        <vehicle id="cfm-slow_0" eclass="HBEFA3/PC_G_EU4" CO2="8962.47" CO="108.55" HC="0.71" NOx="3.67" PMx="0.18" fuel="3.85" electricity="0.00" noise="71.31" route="routebottom" type="cfm-slow" waiting="0.00" lane="right_0" pos="7.07" speed="20.41" angle="351.69" x="130.56" y="78.83"/>
        <vehicle id="cfm-slow_1" eclass="HBEFA3/PC_G_EU4" CO2="12087.60" CO="172.69" HC="1.08" NOx="5.14" PMx="0.27" fuel="5.20" electricity="0.00" noise="73.24" route="routebottom" type="cfm-slow" waiting="0.00" lane="right_0" pos="23.19" speed="20.88" angle="322.73" x="114.85" y="109.35"/>
        <vehicle id="cfm-slow_2" eclass="HBEFA3/PC_G_EU4" CO2="17242.36" CO="279.03" HC="1.70" NOx="7.54" PMx="0.40" fuel="7.41" electricity="0.00" noise="76.62" route="routebottom" type="cfm-slow" waiting="0.00" lane="right_0" pos="39.82" speed="21.91" angle="292.94" x="85.30" y="128.78"/>
        <vehicle id="cfm-slow_3" eclass="HBEFA3/PC_G_EU4" CO2="23120.85" CO="402.64" HC="2.41" NOx="10.27" PMx="0.56" fuel="9.94" electricity="0.00" noise="80.29" route="routetop" type="cfm-slow" waiting="0.00" lane="top_0" pos="7.53" speed="23.75" angle="260.82" x="47.53" y="130.34"/>
        <vehicle id="cfm-slow_4" eclass="HBEFA3/PC_G_EU4" CO2="24995.37" CO="449.37" HC="2.67" NOx="11.10" PMx="0.61" fuel="10.74" electricity="0.00" noise="81.01" route="routetop" type="cfm-slow" waiting="0.00" lane="top_0" pos="27.16" speed="26.27" angle="225.64" x="11.99" y="108.78"/>
        <vehicle id="cfm-slow_5" eclass="HBEFA3/PC_G_EU4" CO2="18051.23" CO="318.56" HC="1.90" NOx="7.77" PMx="0.44" fuel="7.76" electricity="0.00" noise="77.41" route="routetop" type="cfm-slow" waiting="0.00" lane="top_0" pos="49.36" speed="28.59" angle="185.68" x="-4.92" y="65.13"/>
    </timestep>
    <timestep time="3.81">
        <vehicle id="cfm-fast_0" eclass="HBEFA3/PC_G_EU4" CO2="8376.42" CO="125.71" HC="0.79" NOx="3.19" PMx="0.19" fuel="3.60" electricity="0.00" noise="74.29" route="routetop" type="cfm-fast" waiting="0.00" lane="left_0" pos="24.15" speed="29.55" angle="140.99" x="13.88" y="16.46"/>
        <vehicle id="cfm-fast_1" eclass="HBEFA3/PC_G_EU4" CO2="199924.19" CO="4425.31" HC="25.17" NOx="93.15" PMx="5.36" fuel="85.94" electricity="0.00" noise="139.70" route="routebottom" type="cfm-fast" waiting="0.00" lane="bottom_1" pos="9.81" speed="51.52" angle="76.78" x="83.49" y="1.45"/>
        <vehicle id="cfm-fast_2" eclass="HBEFA3/PC_G_EU4" CO2="15726.19" CO="265.69" HC="1.60" NOx="6.70" PMx="0.38" fuel="6.76" electricity="0.00" noise="76.25" route="routetop" type="cfm-fast" waiting="0.00" lane="left_0" pos="46.89" speed="27.74" angle="100.18" x="56.89" y="-4.60"/>
        <vehicle id="cfm-fast_3" eclass="HBEFA3/PC_G_EU4" CO2="0.00" CO="0.00" HC="0.00" NOx="0.00" PMx="0.00" fuel="0.00" electricity="0.00" noise="72.08" route="routebottom" type="cfm-fast" waiting="0.00" lane="bottom_0" pos="16.66" speed="28.30" angle="64.50" x="97.98" y="4.25"/>
        <vehicle id="cfm-fast_4" eclass="HBEFA3/PC_G_EU4" CO2="0.00" CO="0.00" HC="0.00" NOx="0.00" PMx="0.00" fuel="0.00" electricity="0.00" noise="70.35" route="routebottom" type="cfm-fast" waiting="0.00" lane="bottom_0" pos="36.88" speed="26.42" angle="28.08" x="126.50" y="36.14"/>
        <vehicle id="cfm-fast_5" eclass="HBEFA3/PC_G_EU4" CO2="201747.72" CO="4473.85" HC="25.44" NOx="94.00" PMx="5.41" fuel="86.72" electricity="0.00" noise="139.91" route="routebottom" type="cfm-fast" waiting="0.00" lane="right_1" pos="24.40" speed="51.95" angle="320.63" x="110.71" y="108.96"/>
        <vehicle id="cfm-slow_0" eclass="HBEFA3/PC_G_EU4" CO2="8964.10" CO="108.57" HC="0.71" NOx="3.67" PMx="0.18" fuel="3.85" electricity="0.00" noise="71.31" route="routebottom" type="cfm-slow" waiting="0.00" lane="right_0" pos="7.27" speed="20.43" angle="351.30" x="130.47" y="79.26"/>
        <vehicle id="cfm-slow_1" eclass="HBEFA3/PC_G_EU4" CO2="12108.01" CO="173.11" HC="1.09" NOx="5.14" PMx="0.27" fuel="5.20" electricity="0.00" noise="73.25" route="routebottom" type="cfm-slow" waiting="0.00" lane="right_0" pos="23.40" speed="20.90" angle="322.35" x="114.54" y="109.68"/>
        <vehicle id="cfm-slow_2" eclass="HBEFA3/PC_G_EU4" CO2="17269.71" CO="279.61" HC="1.70" NOx="7.56" PMx="0.40" fuel="7.42" electricity="0.00" noise="76.64" route="routebottom" type="cfm-slow" waiting="0.00" lane="right_0" pos="40.04" speed="21.94" angle="292.52" x="84.85" y="128.92"/>
        <vehicle id="cfm-slow_3" eclass="HBEFA3/PC_G_EU4" CO2="23114.20" CO="402.57" HC="2.41" NOx="10.27" PMx="0.56" fuel="9.94" electricity="0.00" noise="80.28" route="routetop" type="cfm-slow" waiting="0.00" lane="top_0" pos="7.77" speed="23.78" angle="260.45" x="47.03" y="130.22"/>
        <vehicle id="cfm-slow_4" eclass="HBEFA3/PC_G_EU4" CO2="24906.90" CO="447.67" HC="2.66" NOx="11.06" PMx="0.61" fuel="10.71" electricity="0.00" noise="80.96" route="routetop" type="cfm-slow" waiting="0.00" lane="top_0" pos="27.42" speed="26.30" angle="225.15" x="11.62" y="108.35"/>
        <vehicle id="cfm-slow_5" eclass="HBEFA3/PC_G_EU4" CO2="17922.06" CO="316.01" HC="1.89" NOx="7.71" PMx="0.44" fuel="7.70" electricity="0.00" noise="77.35" route="routetop" type="cfm-slow" waiting="0.00" lane="top_0" pos="49.65" speed="28.61" angle="185.16" x="-4.93" y="64.52"/>
    </timestep>
    <timestep time="3.82">
        <vehicle id="cfm-fast_0" eclass="HBEFA3/PC_G_EU4" CO2="8304.66" CO="124.26" HC="0.78" NOx="3.15" PMx="0.19" fuel="3.57" electricity="0.00" noise="74.27" route="routetop" type="cfm-fast" waiting="0.00" lane="left_0" pos="24.45" speed="29.55" angle="140.52" x="14.32" y="15.99"/>
        <vehicle id="cfm-fast_1" eclass="HBEFA3/PC_G_EU4" CO2="200501.67" CO="4440.67" HC="25.25" NOx="93.42" PMx="5.38" fuel="86.19" electricity="0.00" noise="139.77" route="routebottom" type="cfm-fast" waiting="0.00" lane="bottom_1" pos="10.33" speed="51.66" angle="75.90" x="84.50" y="1.77"/>
        <vehicle id="cfm-fast_2" eclass="HBEFA3/PC_G_EU4" CO2="15523.52" CO="261.60" HC="1.58" NOx="6.60" PMx="0.37" fuel="6.67" electricity="0.00" noise="76.16" route="routetop" type="cfm-fast" waiting="0.00" lane="left_0" pos="47.17" speed="27.75" angle="99.67" x="57.49" y="-4.66"/>
        <vehicle id="cfm-fast_3" eclass="HBEFA3/PC_G_EU4" CO2="0.00" CO="0.00" HC="0.00" NOx="0.00" PMx="0.00" fuel="0.00" electricity="0.00" noise="72.06" route="routebottom" type="cfm-fast" waiting="0.00" lane="bottom_0" pos="16.94" speed="28.29" angle="63.98" x="98.50" y="4.56"/>
        <vehicle id="cfm-fast_4" eclass="HBEFA3/PC_G_EU4" CO2="0.00" CO="0.00" HC="0.00" NOx="0.00" PMx="0.00" fuel="0.00" electricity="0.00" noise="70.34" route="routebottom" type="cfm-fast" waiting="0.00" lane="bottom_0" pos="37.14" speed="26.39" angle="27.62" x="126.74" y="36.66"/>
        <vehicle id="cfm-fast_5" eclass="HBEFA3/PC_G_EU4" CO2="202326.11" CO="4489.28" HC="25.52" NOx="94.27" PMx="5.43" fuel="86.97" electricity="0.00" noise="139.98" route="routebottom" type="cfm-fast" waiting="0.00" lane="right_1" pos="24.92" speed="52.09" angle="319.68" x="109.95" y="109.72"/>
        <vehicle id="cfm-slow_0" eclass="HBEFA3/PC_G_EU4" CO2="8966.15" CO="108.61" HC="0.71" NOx="3.67" PMx="0.18" fuel="3.85" electricity="0.00" noise="71.32" route="routebottom" type="cfm-slow" waiting="0.00" lane="right_0" pos="7.47" speed="20.44" angle="350.92" x="130.37" y="79.69"/>
        <vehicle id="cfm-slow_1" eclass="HBEFA3/PC_G_EU4" CO2="12128.71" CO="173.53" HC="1.09" NOx="5.15" PMx="0.27" fuel="5.21" electricity="0.00" noise="73.27" route="routebottom" type="cfm-slow" waiting="0.00" lane="right_0" pos="23.61" speed="20.92" angle="321.98" x="114.24" y="110.01"/>
        <vehicle id="cfm-slow_2" eclass="HBEFA3/PC_G_EU4" CO2="17296.99" CO="280.19" HC="1.70" NOx="7.57" PMx="0.40" fuel="7.44" electricity="0.00" noise="76.66" route="routebottom" type="cfm-slow" waiting="0.00" lane="right_0" pos="40.26" speed="21.96" angle="292.10" x="84.39" y="129.06"/>
        <vehicle id="cfm-slow_3" eclass="HBEFA3/PC_G_EU4" CO2="23107.05" CO="402.49" HC="2.41" NOx="10.27" PMx="0.56" fuel="9.93" electricity="0.00" noise="80.26" route="routetop" type="cfm-slow" waiting="0.00" lane="top_0" pos="8.00" speed="23.82" angle="260.01" x="46.53" y="130.09"/>
        <vehicle id="cfm-slow_4" eclass="HBEFA3/PC_G_EU4" CO2="24818.19" CO="445.97" HC="2.65" NOx="11.02" PMx="0.61" fuel="10.67" electricity="0.00" noise="80.90" route="routetop" type="cfm-slow" waiting="0.00" lane="top_0" pos="27.68" speed="26.33" angle="224.66" x="11.25" y="107.92"/>
        <vehicle id="cfm-slow_5" eclass="HBEFA3/PC_G_EU4" CO2="17793.62" CO="313.47" HC="1.87" NOx="7.65" PMx="0.43" fuel="7.65" electricity="0.00" noise="77.30" route="routetop" type="cfm-slow" waiting="0.00" lane="top_0" pos="49.94" speed="28.63" angle="184.64" x="-4.95" y="63.90"/>
    </timestep>
    <timestep time="3.83">
        <vehicle id="cfm-fast_0" eclass="HBEFA3/PC_G_EU4" CO2="8232.90" CO="122.80" HC="0.77" NOx="3.12" PMx="0.19" fuel="3.54" electricity="0.00" noise="74.25" route="routetop" type="cfm-fast" waiting="0.00" lane="left_0" pos="24.74" speed="29.56" angle="139.98" x="14.76" y="15.55"/>
        <vehicle id="cfm-fast_1" eclass="HBEFA3/PC_G_EU4" CO2="201079.43" CO="4456.05" HC="25.34" NOx="93.69" PMx="5.39" fuel="86.43" electricity="0.00" noise="139.83" route="routebottom" type="cfm-fast" waiting="0.00" lane="bottom_1" pos="10.85" speed="51.80" angle="74.94" x="85.50" y="2.13"/>
        <vehicle id="cfm-fast_2" eclass="HBEFA3/PC_G_EU4" CO2="15321.02" CO="257.51" HC="1.56" NOx="6.50" PMx="0.37" fuel="6.59" electricity="0.00" noise="76.08" route="routetop" type="cfm-fast" waiting="0.00" lane="left_0" pos="47.45" speed="27.77" angle="99.21" x="58.08" y="-4.72"/>
        <vehicle id="cfm-fast_3" eclass="HBEFA3/PC_G_EU4" CO2="0.00" CO="0.00" HC="0.00" NOx="0.00" PMx="0.00" fuel="0.00" electricity="0.00" noise="72.03" route="routebottom" type="cfm-fast" waiting="0.00" lane="bottom_0" pos="17.22" speed="28.28" angle="63.46" x="99.02" y="4.88"/>
        <vehicle id="cfm-fast_4" eclass="HBEFA3/PC_G_EU4" CO2="0.00" CO="0.00" HC="0.00" NOx="0.00" PMx="0.00" fuel="0.00" electricity="0.00" noise="70.33" route="routebottom" type="cfm-fast" waiting="0.00" lane="bottom_0" pos="37.41" speed="26.36" angle="27.17" x="126.95" y="37.18"/>
        <vehicle id="cfm-fast_5" eclass="HBEFA3/PC_G_EU4" CO2="202904.80" CO="4504.73" HC="25.61" NOx="94.54" PMx="5.45" fuel="87.22" electricity="0.00" noise="140.04" route="routebottom" type="cfm-fast" waiting="0.00" lane="right_1" pos="25.44" speed="52.23" angle="318.72" x="109.19" y="110.48"/>
        <vehicle id="cfm-slow_0" eclass="HBEFA3/PC_G_EU4" CO2="8968.61" CO="108.65" HC="0.71" NOx="3.67" PMx="0.18" fuel="3.86" electricity="0.00" noise="71.32" route="routebottom" type="cfm-slow" waiting="0.00" lane="right_0" pos="7.68" speed="20.45" angle="350.61" x="130.27" y="80.12"/>
        <vehicle id="cfm-slow_1" eclass="HBEFA3/PC_G_EU4" CO2="12149.71" CO="173.96" HC="1.09" NOx="5.16" PMx="0.27" fuel="5.22" electricity="0.00" noise="73.28" route="routebottom" type="cfm-slow" waiting="0.00" lane="right_0" pos="23.82" speed="20.93" angle="321.60" x="113.93" y="110.34"/>
        <vehicle id="cfm-slow_2" eclass="HBEFA3/PC_G_EU4" CO2="17324.20" CO="280.76" HC="1.71" NOx="7.58" PMx="0.40" fuel="7.45" electricity="0.00" noise="76.67" route="routebottom" type="cfm-slow" waiting="0.00" lane="right_0" pos="40.48" speed="21.99" angle="291.68" x="83.94" y="129.20"/>
        <vehicle id="cfm-slow_3" eclass="HBEFA3/PC_G_EU4" CO2="23099.40" CO="402.41" HC="2.41" NOx="10.26" PMx="0.56" fuel="9.93" electricity="0.00" noise="80.25" route="routetop" type="cfm-slow" waiting="0.00" lane="top_0" pos="8.24" speed="23.85" angle="259.58" x="46.04" y="129.96"/>
        <vehicle id="cfm-slow_4" eclass="HBEFA3/PC_G_EU4" CO2="24729.24" CO="444.27" HC="2.64" NOx="10.98" PMx="0.61" fuel="10.63" electricity="0.00" noise="80.84" route="routetop" type="cfm-slow" waiting="0.00" lane="top_0" pos="27.95" speed="26.36" angle="224.16" x="10.89" y="107.49"/>
        <vehicle id="cfm-slow_5" eclass="HBEFA3/PC_G_EU4" CO2="17665.91" CO="310.94" HC="1.86" NOx="7.59" PMx="0.43" fuel="7.59" electricity="0.00" noise="77.24" route="routetop" type="cfm-slow" waiting="0.00" lane="left_0" pos="0.22" speed="28.64" angle="184.08" x="-4.94" y="63.09"/>
    </timestep>
    <timestep time="3.84">
        <vehicle id="cfm-fast_0" eclass="HBEFA3/PC_G_EU4" CO2="8161.11" CO="121.35" HC="0.76" NOx="3.09" PMx="0.19" fuel="3.51" electricity="0.00" noise="74.24" route="routetop" type="cfm-fast" waiting="0.00" lane="left_0" pos="25.04" speed="29.56" angle="139.43" x="15.21" y="15.10"/>
        <vehicle id="cfm-fast_1" eclass="HBEFA3/PC_G_EU4" CO2="201657.49" CO="4471.45" HC="25.42" NOx="93.96" PMx="5.41" fuel="86.68" electricity="0.00" noise="139.90" route="routebottom" type="cfm-fast" waiting="0.00" lane="bottom_1" pos="11.37" speed="51.93" angle="73.97" x="86.51" y="2.49"/>
        <vehicle id="cfm-fast_2" eclass="HBEFA3/PC_G_EU4" CO2="15118.72" CO="253.42" HC="1.53" NOx="6.41" PMx="0.36" fuel="6.50" electricity="0.00" noise="76.00" route="routetop" type="cfm-fast" waiting="0.00" lane="left_0" pos="47.72" speed="27.78" angle="98.69" x="58.68" y="-4.76"/>
        <vehicle id="cfm-fast_3" eclass="HBEFA3/PC_G_EU4" CO2="0.00" CO="0.00" HC="0.00" NOx="0.00" PMx="0.00" fuel="0.00" electricity="0.00" noise="72.01" route="routebottom" type="cfm-fast" waiting="0.00" lane="bottom_0" pos="17.51" speed="28.27" angle="62.94" x="99.54" y="5.19"/>
        <vehicle id="cfm-fast_4" eclass="HBEFA3/PC_G_EU4" CO2="0.00" CO="0.00" HC="0.00" NOx="0.00" PMx="0.00" fuel="0.00" electricity="0.00" noise="70.31" route="routebottom" type="cfm-fast" waiting="0.00" lane="bottom_0" pos="37.67" speed="26.33" angle="26.70" x="127.16" y="37.71"/>
        <vehicle id="cfm-fast_5" eclass="HBEFA3/PC_G_EU4" CO2="203483.78" CO="4520.20" HC="25.69" NOx="94.81" PMx="5.46" fuel="87.47" electricity="0.00" noise="140.11" route="routebottom" type="cfm-fast" waiting="0.00" lane="right_1" pos="25.97" speed="52.36" angle="317.82" x="108.42" y="111.22"/>
        <vehicle id="cfm-slow_0" eclass="HBEFA3/PC_G_EU4" CO2="8971.47" CO="108.71" HC="0.71" NOx="3.67" PMx="0.18" fuel="3.86" electricity="0.00" noise="71.33" route="routebottom" type="cfm-slow" waiting="0.00" lane="right_0" pos="7.88" speed="20.46" angle="350.23" x="130.16" y="80.54"/>
        <vehicle id="cfm-slow_1" eclass="HBEFA3/PC_G_EU4" CO2="12170.99" CO="174.39" HC="1.09" NOx="5.17" PMx="0.27" fuel="5.23" electricity="0.00" noise="73.30" route="routebottom" type="cfm-slow" waiting="0.00" lane="right_0" pos="24.03" speed="20.95" angle="321.22" x="113.62" y="110.67"/>
        <vehicle id="cfm-slow_2" eclass="HBEFA3/PC_G_EU4" CO2="17351.34" CO="281.34" HC="1.71" NOx="7.59" PMx="0.41" fuel="7.46" electricity="0.00" noise="76.69" route="routebottom" type="cfm-slow" waiting="0.00" lane="right_0" pos="40.70" speed="22.01" angle="291.26" x="83.49" y="129.34"/>
        <vehicle id="cfm-slow_3" eclass="HBEFA3/PC_G_EU4" CO2="23091.24" CO="402.31" HC="2.40" NOx="10.26" PMx="0.56" fuel="9.93" electricity="0.00" noise="80.24" route="routetop" type="cfm-slow" waiting="0.00" lane="top_0" pos="8.48" speed="23.88" angle="259.14" x="45.54" y="129.83"/>
        <vehicle id="cfm-slow_4" eclass="HBEFA3/PC_G_EU4" CO2="24640.07" CO="442.56" HC="2.63" NOx="10.93" PMx="0.61" fuel="10.59" electricity="0.00" noise="80.79" route="routetop" type="cfm-slow" waiting="0.00" lane="top_0" pos="28.21" speed="26.39" angle="223.74" x="10.52" y="107.06"/>
        <vehicle id="cfm-slow_5" eclass="HBEFA3/PC_G_EU4" CO2="17538.91" CO="308.43" HC="1.84" NOx="7.53" PMx="0.43" fuel="7.54" electricity="0.00" noise="77.19" route="routetop" type="cfm-slow" waiting="0.00" lane="left_0" pos="0.51" speed="28.66" angle="183.56" x="-4.93" y="62.48"/>
    </timestep>
    <timestep time="3.85">
        <vehicle id="cfm-fast_0" eclass="HBEFA3/PC_G_EU4" CO2="8089.29" CO="119.89" HC="0.75" NOx="3.05" PMx="0.18" fuel="3.48" electricity="0.00" noise="74.22" route="routetop" type="cfm-fast" waiting="0.00" lane="left_0" pos="25.33" speed="29.56" angle="138.89" x="15.66" y="14.65"/>
        <vehicle id="cfm-fast_1" eclass="HBEFA3/PC_G_EU4" CO2="202235.83" CO="4486.87" HC="25.51" NOx="94.23" PMx="5.43" fuel="86.93" electricity="0.00" noise="139.97" route="routebottom" type="cfm-fast" waiting="0.00" lane="bottom_1" pos="11.89" speed="52.07" angle="73.08" x="87.50" y="2.87"/>
        <vehicle id="cfm-fast_2" eclass="HBEFA3/PC_G_EU4" CO2="14916.63" CO="249.34" HC="1.51" NOx="6.31" PMx="0.36" fuel="6.41" electricity="0.00" noise="75.91" route="routetop" type="cfm-fast" waiting="0.00" lane="left_0" pos="48.00" speed="27.79" angle="98.15" x="59.28" y="-4.80"/>
        <vehicle id="cfm-fast_3" eclass="HBEFA3/PC_G_EU4" CO2="0.00" CO="0.00" HC="0.00" NOx="0.00" PMx="0.00" fuel="0.00" electricity="0.00" noise="71.98" route="routebottom" type="cfm-fast" waiting="0.00" lane="bottom_0" pos="17.79" speed="28.26" angle="62.42" x="100.07" y="5.50"/>
        <vehicle id="cfm-fast_4" eclass="HBEFA3/PC_G_EU4" CO2="0.00" CO="0.00" HC="0.00" NOx="0.00" PMx="0.00" fuel="0.00" electricity="0.00" noise="70.30" route="routebottom" type="cfm-fast" waiting="0.00" lane="bottom_0" pos="37.93" speed="26.31" angle="26.22" x="127.37" y="38.24"/>
        <vehicle id="cfm-fast_5" eclass="HBEFA3/PC_G_EU4" CO2="204063.05" CO="4535.69" HC="25.78" NOx="95.09" PMx="5.48" fuel="87.72" electricity="0.00" noise="140.17" route="routebottom" type="cfm-fast" waiting="0.00" lane="right_1" pos="26.49" speed="52.50" angle="316.87" x="107.63" y="111.95"/>
        <vehicle id="cfm-slow_0" eclass="HBEFA3/PC_G_EU4" CO2="8974.73" CO="108.77" HC="0.71" NOx="3.68" PMx="0.18" fuel="3.86" electricity="0.00" noise="71.33" route="routebottom" type="cfm-slow" waiting="0.00" lane="right_0" pos="8.09" speed="20.47" angle="349.86" x="130.04" y="80.97"/>
        <vehicle id="cfm-slow_1" eclass="HBEFA3/PC_G_EU4" CO2="12192.55" CO="174.84" HC="1.10" NOx="5.18" PMx="0.27" fuel="5.24" electricity="0.00" noise="73.31" route="routebottom" type="cfm-slow" waiting="0.00" lane="right_0" pos="24.24" speed="20.97" angle="320.85" x="113.32" y="111.00"/>
        <vehicle id="cfm-slow_2" eclass="HBEFA3/PC_G_EU4" CO2="17378.39" CO="281.91" HC="1.71" NOx="7.60" PMx="0.41" fuel="7.47" electricity="0.00" noise="76.71" route="routebottom" type="cfm-slow" waiting="0.00" lane="right_0" pos="40.92" speed="22.03" angle="290.84" x="83.04" y="129.48"/>
        <vehicle id="cfm-slow_3" eclass="HBEFA3/PC_G_EU4" CO2="23082.59" CO="402.20" HC="2.40" NOx="10.25" PMx="0.56" fuel="9.92" electricity="0.00" noise="80.23" route="routetop" type="cfm-slow" waiting="0.00" lane="top_0" pos="8.72" speed="23.91" angle="258.70" x="45.05" y="129.69"/>
        <vehicle id="cfm-slow_4" eclass="HBEFA3/PC_G_EU4" CO2="24550.69" CO="440.84" HC="2.62" NOx="10.89" PMx="0.60" fuel="10.55" electricity="0.00" noise="80.73" route="routetop" type="cfm-slow" waiting="0.00" lane="top_0" pos="28.47" speed="26.42" angle="223.26" x="10.17" y="106.61"/>
        <vehicle id="cfm-slow_5" eclass="HBEFA3/PC_G_EU4" CO2="17412.62" CO="305.93" HC="1.83" NOx="7.47" PMx="0.42" fuel="7.48" electricity="0.00" noise="77.14" route="routetop" type="cfm-slow" waiting="0.00" lane="left_0" pos="0.79" speed="28.67" angle="183.04" x="-4.91" y="61.86"/>
    </timestep>
    <timestep time="3.86">
        <vehicle id="cfm-fast_0" eclass="HBEFA3/PC_G_EU4" CO2="8017.43" CO="118.43" HC="0.74" NOx="3.02" PMx="0.18" fuel="3.45" electricity="0.00" noise="74.20" route="routetop" type="cfm-fast" waiting="0.00" lane="left_0" pos="25.63" speed="29.56" angle="138.41" x="16.11" y="14.20"/>
        <vehicle id="cfm-fast_1" eclass="HBEFA3/PC_G_EU4" CO2="202814.47" CO="4502.32" HC="25.59" NOx="94.50" PMx="5.44" fuel="87.18" electricity="0.00" noise="140.03" route="routebottom" type="cfm-fast" waiting="0.00" lane="bottom_1" pos="12.41" speed="52.21" angle="72.14" x="88.50" y="3.27"/>
        <vehicle id="cfm-fast_2" eclass="HBEFA3/PC_G_EU4" CO2="14714.78" CO="245.25" HC="1.49" NOx="6.22" PMx="0.35" fuel="6.33" electricity="0.00" noise="75.83" route="routetop" type="cfm-fast" waiting="0.00" lane="left_0" pos="48.28" speed="27.81" angle="97.62" x="59.87" y="-4.83"/>
        <vehicle id="cfm-fast_3" eclass="HBEFA3/PC_G_EU4" CO2="0.00" CO="0.00" HC="0.00" NOx="0.00" PMx="0.00" fuel="0.00" electricity="0.00" noise="71.96" route="routebottom" type="cfm-fast" waiting="0.00" lane="bottom_0" pos="18.07" speed="28.25" angle="61.97" x="100.58" y="5.83"/>
        <vehicle id="cfm-fast_4" eclass="HBEFA3/PC_G_EU4" CO2="0.00" CO="0.00" HC="0.00" NOx="0.00" PMx="0.00" fuel="0.00" electricity="0.00" noise="70.29" route="routebottom" type="cfm-fast" waiting="0.00" lane="bottom_0" pos="38.20" speed="26.28" angle="25.75" x="127.58" y="38.76"/>
        <vehicle id="cfm-fast_5" eclass="HBEFA3/PC_G_EU4" CO2="204642.61" CO="4551.20" HC="25.86" NOx="95.36" PMx="5.50" fuel="87.97" electricity="0.00" noise="140.24" route="routebottom" type="cfm-fast" waiting="0.00" lane="right_1" pos="27.02" speed="52.64" angle="315.95" x="106.83" y="112.68"/>
        <vehicle id="cfm-slow_0" eclass="HBEFA3/PC_G_EU4" CO2="8978.38" CO="108.84" HC="0.72" NOx="3.68" PMx="0.18" fuel="3.86" electricity="0.00" noise="71.34" route="routebottom" type="cfm-slow" waiting="0.00" lane="right_0" pos="8.29" speed="20.48" angle="349.48" x="129.93" y="81.40"/>
        <vehicle id="cfm-slow_1" eclass="HBEFA3/PC_G_EU4" CO2="12214.39" CO="175.28" HC="1.10" NOx="5.19" PMx="0.27" fuel="5.25" electricity="0.00" noise="73.33" route="routebottom" type="cfm-slow" waiting="0.00" lane="right_0" pos="24.45" speed="20.98" angle="320.51" x="113.01" y="111.32"/>
        <vehicle id="cfm-slow_2" eclass="HBEFA3/PC_G_EU4" CO2="17405.35" CO="282.49" HC="1.72" NOx="7.62" PMx="0.41" fuel="7.48" electricity="0.00" noise="76.72" route="routebottom" type="cfm-slow" waiting="0.00" lane="right_0" pos="41.14" speed="22.06" angle="290.50" x="82.58" y="129.61"/>
        <vehicle id="cfm-slow_3" eclass="HBEFA3/PC_G_EU4" CO2="23073.43" CO="402.08" HC="2.40" NOx="10.25" PMx="0.56" fuel="9.92" electricity="0.00" noise="80.22" route="routetop" type="cfm-slow" waiting="0.00" lane="top_0" pos="8.96" speed="23.94" angle="258.33" x="44.55" y="129.56"/>
        <vehicle id="cfm-slow_4" eclass="HBEFA3/PC_G_EU4" CO2="24461.09" CO="439.13" HC="2.61" NOx="10.85" PMx="0.60" fuel="10.51" electricity="0.00" noise="80.68" route="routetop" type="cfm-slow" waiting="0.00" lane="top_0" pos="28.74" speed="26.45" angle="222.78" x="9.81" y="106.16"/>
        <vehicle id="cfm-slow_5" eclass="HBEFA3/PC_G_EU4" CO2="17287.04" CO="303.45" HC="1.82" NOx="7.41" PMx="0.42" fuel="7.43" electricity="0.00" noise="77.09" route="routetop" type="cfm-slow" waiting="0.00" lane="left_0" pos="1.08" speed="28.69" angle="182.52" x="-4.90" y="61.24"/>
    </timestep>
    <timestep time="3.87">
        <vehicle id="cfm-fast_0" eclass="HBEFA3/PC_G_EU4" CO2="7945.53" CO="116.97" HC="0.74" NOx="2.98" PMx="0.18" fuel="3.42" electricity="0.00" noise="74.19" route="routetop" type="cfm-fast" waiting="0.00" lane="left_0" pos="25.93" speed="29.57" angle="137.86" x="16.58" y="13.76"/>
        <vehicle id="cfm-fast_1" eclass="HBEFA3/PC_G_EU4" CO2="203393.41" CO="4517.78" HC="25.68" NOx="94.77" PMx="5.46" fuel="87.43" electricity="0.00" noise="140.10" route="routebottom" type="cfm-fast" waiting="0.00" lane="bottom_1" pos="12.94" speed="52.34" angle="71.26" x="89.49" y="3.67"/>
        <vehicle id="cfm-fast_2" eclass="HBEFA3/PC_G_EU4" CO2="14513.19" CO="241.18" HC="1.46" NOx="6.12" PMx="0.35" fuel="6.24" electricity="0.00" noise="75.76" route="routetop" type="cfm-fast" waiting="0.00" lane="left_0" pos="48.56" speed="27.82" angle="97.08" x="60.47" y="-4.86"/>
        <vehicle id="cfm-fast_3" eclass="HBEFA3/PC_G_EU4" CO2="0.00" CO="0.00" HC="0.00" NOx="0.00" PMx="0.00" fuel="0.00" electricity="0.00" noise="71.94" route="routebottom" type="cfm-fast" waiting="0.00" lane="bottom_0" pos="18.35" speed="28.24" angle="61.44" x="101.09" y="6.17"/>
        <vehicle id="cfm-fast_4" eclass="HBEFA3/PC_G_EU4" CO2="0.00" CO="0.00" HC="0.00" NOx="0.00" PMx="0.00" fuel="0.00" electricity="0.00" noise="70.27" route="routebottom" type="cfm-fast" waiting="0.00" lane="bottom_0" pos="38.46" speed="26.25" angle="25.32" x="127.79" y="39.29"/>
        <vehicle id="cfm-fast_5" eclass="HBEFA3/PC_G_EU4" CO2="205222.46" CO="4566.73" HC="25.95" NOx="95.63" PMx="5.51" fuel="88.21" electricity="0.00" noise="140.31" route="routebottom" type="cfm-fast" waiting="0.00" lane="right_1" pos="27.55" speed="52.77" angle="314.91" x="106.00" y="113.37"/>
        <vehicle id="cfm-slow_0" eclass="HBEFA3/PC_G_EU4" CO2="8982.44" CO="108.91" HC="0.72" NOx="3.68" PMx="0.18" fuel="3.86" electricity="0.00" noise="71.34" route="routebottom" type="cfm-slow" waiting="0.00" lane="right_0" pos="8.50" speed="20.49" angle="349.10" x="129.82" y="81.82"/>
        <vehicle id="cfm-slow_1" eclass="HBEFA3/PC_G_EU4" CO2="12236.49" CO="175.74" HC="1.10" NOx="5.20" PMx="0.27" fuel="5.26" electricity="0.00" noise="73.34" route="routebottom" type="cfm-slow" waiting="0.00" lane="right_0" pos="24.66" speed="21.00" angle="320.12" x="112.69" y="111.64"/>
        <vehicle id="cfm-slow_2" eclass="HBEFA3/PC_G_EU4" CO2="17432.23" CO="283.06" HC="1.72" NOx="7.63" PMx="0.41" fuel="7.49" electricity="0.00" noise="76.74" route="routebottom" type="cfm-slow" waiting="0.00" lane="right_0" pos="41.36" speed="22.08" angle="290.10" x="82.12" y="129.74"/>
        <vehicle id="cfm-slow_3" eclass="HBEFA3/PC_G_EU4" CO2="23063.78" CO="401.95" HC="2.40" NOx="10.24" PMx="0.56" fuel="9.91" electricity="0.00" noise="80.21" route="routetop" type="cfm-slow" waiting="0.00" lane="top_0" pos="9.20" speed="23.97" angle="257.89" x="44.06" y="129.41"/>
        <vehicle id="cfm-slow_4" eclass="HBEFA3/PC_G_EU4" CO2="24371.29" CO="437.40" HC="2.60" NOx="10.80" PMx="0.60" fuel="10.48" electricity="0.00" noise="80.62" route="routetop" type="cfm-slow" waiting="0.00" lane="top_0" pos="29.00" speed="26.48" angle="222.29" x="9.46" y="105.71"/>
        <vehicle id="cfm-slow_5" eclass="HBEFA3/PC_G_EU4" CO2="17162.15" CO="300.97" HC="1.80" NOx="7.35" PMx="0.42" fuel="7.38" electricity="0.00" noise="77.04" route="routetop" type="cfm-slow" waiting="0.00" lane="left_0" pos="1.37" speed="28.71" angle="182.02" x="-4.87" y="60.63"/>
    </timestep>
    <timestep time="3.88">
        <vehicle id="cfm-fast_0" eclass="HBEFA3/PC_G_EU4" CO2="7873.57" CO="115.51" HC="0.73" NOx="2.95" PMx="0.18" fuel="3.38" electricity="0.00" noise="74.17" route="routetop" type="cfm-fast" waiting="0.00" lane="left_0" pos="26.22" speed="29.57" angle="137.31" x="17.05" y="13.33"/>
        <vehicle id="cfm-fast_1" eclass="HBEFA3/PC_G_EU4" CO2="203972.63" CO="4533.27" HC="25.76" NOx="95.04" PMx="5.48" fuel="87.68" electricity="0.00" noise="140.16" route="routebottom" type="cfm-fast" waiting="0.00" lane="bottom_1" pos="13.46" speed="52.48" angle="70.29" x="90.47" y="4.11"/>
        <vehicle id="cfm-fast_2" eclass="HBEFA3/PC_G_EU4" CO2="14311.88" CO="237.10" HC="1.44" NOx="6.03" PMx="0.34" fuel="6.15" electricity="0.00" noise="75.68" route="routetop" type="cfm-fast" waiting="0.00" lane="left_0" pos="48.84" speed="27.83" angle="96.63" x="61.07" y="-4.89"/>
        <vehicle id="cfm-fast_3" eclass="HBEFA3/PC_G_EU4" CO2="0.00" CO="0.00" HC="0.00" NOx="0.00" PMx="0.00" fuel="0.00" electricity="0.00" noise="71.91" route="routebottom" type="cfm-fast" waiting="0.00" lane="bottom_0" pos="18.64" speed="28.23" angle="60.91" x="101.59" y="6.50"/>
        <vehicle id="cfm-fast_4" eclass="HBEFA3/PC_G_EU4" CO2="0.00" CO="0.00" HC="0.00" NOx="0.00" PMx="0.00" fuel="0.00" electricity="0.00" noise="70.26" route="routebottom" type="cfm-fast" waiting="0.00" lane="bottom_0" pos="38.72" speed="26.22" angle="24.85" x="127.99" y="39.82"/>
        <vehicle id="cfm-fast_5" eclass="HBEFA3/PC_G_EU4" CO2="205802.61" CO="4582.29" HC="26.03" NOx="95.90" PMx="5.53" fuel="88.46" electricity="0.00" noise="140.37" route="routebottom" type="cfm-fast" waiting="0.00" lane="right_1" pos="28.07" speed="52.91" angle="313.87" x="105.17" y="114.07"/>
        <vehicle id="cfm-slow_0" eclass="HBEFA3/PC_G_EU4" CO2="8986.88" CO="109.00" HC="0.72" NOx="3.68" PMx="0.18" fuel="3.86" electricity="0.00" noise="71.35" route="routebottom" type="cfm-slow" waiting="0.00" lane="right_0" pos="8.70" speed="20.50" angle="348.73" x="129.70" y="82.25"/>
        <vehicle id="cfm-slow_1" eclass="HBEFA3/PC_G_EU4" CO2="12258.87" CO="176.19" HC="1.10" NOx="5.21" PMx="0.27" fuel="5.27" electricity="0.00" noise="73.36" route="routebottom" type="cfm-slow" waiting="0.00" lane="right_0" pos="24.87" speed="21.01" angle="319.73" x="112.37" y="111.96"/>
        <vehicle id="cfm-slow_2" eclass="HBEFA3/PC_G_EU4" CO2="17459.00" CO="283.63" HC="1.72" NOx="7.64" PMx="0.41" fuel="7.50" electricity="0.00" noise="76.75" route="routebottom" type="cfm-slow" waiting="0.00" lane="right_0" pos="41.58" speed="22.11" angle="289.70" x="81.66" y="129.86"/>
        <vehicle id="cfm-slow_3" eclass="HBEFA3/PC_G_EU4" CO2="23053.62" CO="401.82" HC="2.40" NOx="10.24" PMx="0.56" fuel="9.91" electricity="0.00" noise="80.19" route="routetop" type="cfm-slow" waiting="0.00" lane="top_0" pos="9.44" speed="24.00" angle="257.46" x="43.56" y="129.26"/>
        <vehicle id="cfm-slow_4" eclass="HBEFA3/PC_G_EU4" CO2="24281.29" CO="435.68" HC="2.59" NOx="10.76" PMx="0.60" fuel="10.44" electricity="0.00" noise="80.57" route="routetop" type="cfm-slow" waiting="0.00" lane="top_0" pos="29.27" speed="26.50" angle="221.81" x="9.11" y="105.27"/>
        <vehicle id="cfm-slow_5" eclass="HBEFA3/PC_G_EU4" CO2="17037.94" CO="298.52" HC="1.79" NOx="7.29" PMx="0.41" fuel="7.32" electricity="0.00" noise="76.99" route="routetop" type="cfm-slow" waiting="0.00" lane="left_0" pos="1.66" speed="28.72" angle="181.50" x="-4.84" y="60.01"/>
    </timestep>
    <timestep time="3.89">
        <vehicle id="cfm-fast_0" eclass="HBEFA3/PC_G_EU4" CO2="7801.56" CO="114.05" HC="0.72" NOx="2.92" PMx="0.18" fuel="3.35" electricity="0.00" noise="74.16" route="routetop" type="cfm-fast" waiting="0.00" lane="left_0" pos="26.52" speed="29.57" angle="136.77" x="17.52" y="12.90"/>
        <vehicle id="cfm-fast_1" eclass="HBEFA3/PC_G_EU4" CO2="204552.15" CO="4548.78" HC="25.85" NOx="95.31" PMx="5.49" fuel="87.93" electricity="0.00" noise="140.23" route="routebottom" type="cfm-fast" waiting="0.00" lane="bottom_1" pos="13.99" speed="52.62" angle="69.33" x="91.45" y="4.56"/>
        <vehicle id="cfm-fast_2" eclass="HBEFA3/PC_G_EU4" CO2="14110.88" CO="233.03" HC="1.41" NOx="5.93" PMx="0.34" fuel="6.07" electricity="0.00" noise="75.60" route="routetop" type="cfm-fast" waiting="0.00" lane="left_0" pos="49.12" speed="27.85" angle="96.12" x="61.67" y="-4.91"/>
        <vehicle id="cfm-fast_3" eclass="HBEFA3/PC_G_EU4" CO2="0.00" CO="0.00" HC="0.00" NOx="0.00" PMx="0.00" fuel="0.00" electricity="0.00" noise="71.89" route="routebottom" type="cfm-fast" waiting="0.00" lane="bottom_0" pos="18.92" speed="28.22" angle="60.38" x="102.10" y="6.84"/>
        <vehicle id="cfm-fast_4" eclass="HBEFA3/PC_G_EU4" CO2="0.00" CO="0.00" HC="0.00" NOx="0.00" PMx="0.00" fuel="0.00" electricity="0.00" noise="70.24" route="routebottom" type="cfm-fast" waiting="0.00" lane="bottom_0" pos="38.98" speed="26.20" angle="24.38" x="128.18" y="40.35"/>
        <vehicle id="cfm-fast_5" eclass="HBEFA3/PC_G_EU4" CO2="206383.04" CO="4597.87" HC="26.12" NOx="96.17" PMx="5.55" fuel="88.71" electricity="0.00" noise="140.44" route="routebottom" type="cfm-fast" waiting="0.00" lane="right_1" pos="28.61" speed="53.05" angle="312.96" x="104.32" y="114.75"/>
        <vehicle id="cfm-slow_0" eclass="HBEFA3/PC_G_EU4" CO2="8991.72" CO="109.09" HC="0.72" NOx="3.68" PMx="0.19" fuel="3.87" electricity="0.00" noise="71.35" route="routebottom" type="cfm-slow" waiting="0.00" lane="right_0" pos="8.91" speed="20.51" angle="348.40" x="129.59" y="82.67"/>
        <vehicle id="cfm-slow_1" eclass="HBEFA3/PC_G_EU4" CO2="12281.50" CO="176.66" HC="1.11" NOx="5.22" PMx="0.27" fuel="5.28" electricity="0.00" noise="73.38" route="routebottom" type="cfm-slow" waiting="0.00" lane="right_0" pos="25.08" speed="21.03" angle="319.34" x="112.05" y="112.28"/>
        <vehicle id="cfm-slow_2" eclass="HBEFA3/PC_G_EU4" CO2="17485.67" CO="284.20" HC="1.73" NOx="7.65" PMx="0.41" fuel="7.52" electricity="0.00" noise="76.77" route="routebottom" type="cfm-slow" waiting="0.00" lane="right_0" pos="41.80" speed="22.13" angle="289.30" x="81.20" y="129.98"/>
        <vehicle id="cfm-slow_3" eclass="HBEFA3/PC_G_EU4" CO2="23042.96" CO="401.67" HC="2.40" NOx="10.23" PMx="0.56" fuel="9.91" electricity="0.00" noise="80.18" route="routetop" type="cfm-slow" waiting="0.00" lane="top_0" pos="9.68" speed="24.03" angle="257.02" x="43.07" y="129.10"/>
        <vehicle id="cfm-slow_4" eclass="HBEFA3/PC_G_EU4" CO2="24191.10" CO="433.95" HC="2.58" NOx="10.72" PMx="0.59" fuel="10.40" electricity="0.00" noise="80.51" route="routetop" type="cfm-slow" waiting="0.00" lane="top_0" pos="29.53" speed="26.53" angle="221.38" x="8.76" y="104.81"/>
        <vehicle id="cfm-slow_5" eclass="HBEFA3/PC_G_EU4" CO2="16914.43" CO="296.07" HC="1.77" NOx="7.24" PMx="0.41" fuel="7.27" electricity="0.00" noise="76.94" route="routetop" type="cfm-slow" waiting="0.00" lane="left_0" pos="1.94" speed="28.74" angle="180.99" x="-4.80" y="59.39"/>
    </timestep>
    <timestep time="3.90">
        <vehicle id="cfm-fast_0" eclass="HBEFA3/PC_G_EU4" CO2="7729.49" CO="112.58" HC="0.71" NOx="2.88" PMx="0.18" fuel="3.32" electricity="0.00" noise="74.14" route="routetop" type="cfm-fast" waiting="0.00" lane="left_0" pos="26.81" speed="29.58" angle="136.23" x="17.99" y="12.47"/>
        <vehicle id="cfm-fast_1" eclass="HBEFA3/PC_G_EU4" CO2="205131.95" CO="4564.31" HC="25.94" NOx="95.59" PMx="5.51" fuel="88.18" electricity="0.00" noise="140.30" route="routebottom" type="cfm-fast" waiting="0.00" lane="bottom_1" pos="14.51" speed="52.75" angle="68.40" x="92.43" y="5.03"/>
        <vehicle id="cfm-fast_2" eclass="HBEFA3/PC_G_EU4" CO2="13910.20" CO="228.97" HC="1.39" NOx="5.84" PMx="0.33" fuel="5.98" electricity="0.00" noise="75.52" route="routetop" type="cfm-fast" waiting="0.00" lane="left_0" pos="49.39" speed="27.86" angle="95.61" x="62.27" y="-4.92"/>
        <vehicle id="cfm-fast_3" eclass="HBEFA3/PC_G_EU4" CO2="0.00" CO="0.00" HC="0.00" NOx="0.00" PMx="0.00" fuel="0.00" electricity="0.00" noise="71.87" route="routebottom" type="cfm-fast" waiting="0.00" lane="bottom_0" pos="19.20" speed="28.21" angle="59.91" x="102.60" y="7.17"/>
        <vehicle id="cfm-fast_4" eclass="HBEFA3/PC_G_EU4" CO2="0.00" CO="0.00" HC="0.00" NOx="0.00" PMx="0.00" fuel="0.00" electricity="0.00" noise="70.23" route="routebottom" type="cfm-fast" waiting="0.00" lane="bottom_0" pos="39.25" speed="26.17" angle="23.91" x="128.37" y="40.87"/>
        <vehicle id="cfm-fast_5" eclass="HBEFA3/PC_G_EU4" CO2="206963.77" CO="4613.46" HC="26.21" NOx="96.44" PMx="5.56" fuel="88.96" electricity="0.00" noise="140.50" route="routebottom" type="cfm-fast" waiting="0.00" lane="right_1" pos="29.14" speed="53.18" angle="311.99" x="103.46" y="115.42"/>
        <vehicle id="cfm-slow_0" eclass="HBEFA3/PC_G_EU4" CO2="8996.94" CO="109.19" HC="0.72" NOx="3.69" PMx="0.19" fuel="3.87" electricity="0.00" noise="71.36" route="routebottom" type="cfm-slow" waiting="0.00" lane="right_0" pos="9.11" speed="20.52" angle="348.04" x="129.46" y="83.10"/>
        <vehicle id="cfm-slow_1" eclass="HBEFA3/PC_G_EU4" CO2="12304.39" CO="177.13" HC="1.11" NOx="5.23" PMx="0.27" fuel="5.29" electricity="0.00" noise="73.39" route="routebottom" type="cfm-slow" waiting="0.00" lane="right_0" pos="25.29" speed="21.05" angle="318.95" x="111.73" y="112.60"/>
        <vehicle id="cfm-slow_2" eclass="HBEFA3/PC_G_EU4" CO2="17512.24" CO="284.76" HC="1.73" NOx="7.67" PMx="0.41" fuel="7.53" electricity="0.00" noise="76.79" route="routebottom" type="cfm-slow" waiting="0.00" lane="right_0" pos="42.02" speed="22.15" angle="288.90" x="80.74" y="130.10"/>
        <vehicle id="cfm-slow_3" eclass="HBEFA3/PC_G_EU4" CO2="23031.80" CO="401.51" HC="2.40" NOx="10.23" PMx="0.56" fuel="9.90" electricity="0.00" noise="80.17" route="routetop" type="cfm-slow" waiting="0.00" lane="top_0" pos="9.92" speed="24.06" angle="256.59" x="42.57" y="128.95"/>
        <vehicle id="cfm-slow_4" eclass="HBEFA3/PC_G_EU4" CO2="24100.73" CO="432.21" HC="2.57" NOx="10.67" PMx="0.59" fuel="10.36" electricity="0.00" noise="80.46" route="routetop" type="cfm-slow" waiting="0.00" lane="top_0" pos="29.80" speed="26.56" angle="220.89" x="8.43" y="104.35"/>
        <vehicle id="cfm-slow_5" eclass="HBEFA3/PC_G_EU4" CO2="16791.59" CO="293.64" HC="1.76" NOx="7.18" PMx="0.41" fuel="7.22" electricity="0.00" noise="76.89" route="routetop" type="cfm-slow" waiting="0.00" lane="left_0" pos="2.23" speed="28.75" angle="180.47" x="-4.77" y="58.77"/>
    </timestep>
    <timestep time="3.91">
        <vehicle id="cfm-fast_0" eclass="HBEFA3/PC_G_EU4" CO2="7657.34" CO="111.12" HC="0.70" NOx="2.85" PMx="0.17" fuel="3.29" electricity="0.00" noise="74.12" route="routetop" type="cfm-fast" waiting="0.00" lane="left_0" pos="27.11" speed="29.58" angle="135.73" x="18.46" y="12.05"/>
        <vehicle id="cfm-fast_1" eclass="HBEFA3/PC_G_EU4" CO2="205712.05" CO="4579.86" HC="26.02" NOx="95.86" PMx="5.53" fuel="88.43" electricity="0.00" noise="140.36" route="routebottom" type="cfm-fast" waiting="0.00" lane="bottom_1" pos="15.04" speed="52.89" angle="67.41" x="93.40" y="5.52"/>
        <vehicle id="cfm-fast_2" eclass="HBEFA3/PC_G_EU4" CO2="13709.87" CO="224.91" HC="1.37" NOx="5.74" PMx="0.32" fuel="5.89" electricity="0.00" noise="75.45" route="routetop" type="cfm-fast" waiting="0.00" lane="left_0" pos="49.67" speed="27.87" angle="95.10" x="62.87" y="-4.93"/>
        <vehicle id="cfm-fast_3" eclass="HBEFA3/PC_G_EU4" CO2="0.00" CO="0.00" HC="0.00" NOx="0.00" PMx="0.00" fuel="0.00" electricity="0.00" noise="71.85" route="routebottom" type="cfm-fast" waiting="0.00" lane="bottom_0" pos="19.48" speed="28.20" angle="59.40" x="103.10" y="7.53"/>
        <vehicle id="cfm-fast_4" eclass="HBEFA3/PC_G_EU4" CO2="0.00" CO="0.00" HC="0.00" NOx="0.00" PMx="0.00" fuel="0.00" electricity="0.00" noise="70.22" route="routebottom" type="cfm-fast" waiting="0.00" lane="bottom_0" pos="39.51" speed="26.14" angle="23.44" x="128.56" y="41.40"/>
        <vehicle id="cfm-fast_5" eclass="HBEFA3/PC_G_EU4" CO2="207544.79" CO="4629.08" HC="26.29" NOx="96.71" PMx="5.58" fuel="89.21" electricity="0.00" noise="140.57" route="routebottom" type="cfm-fast" waiting="0.00" lane="right_1" pos="29.67" speed="53.32" angle="311.07" x="102.59" y="116.09"/>
        <vehicle id="cfm-slow_0" eclass="HBEFA3/PC_G_EU4" CO2="9002.55" CO="109.30" HC="0.72" NOx="3.69" PMx="0.19" fuel="3.87" electricity="0.00" noise="71.36" route="routebottom" type="cfm-slow" waiting="0.00" lane="right_0" pos="9.32" speed="20.53" angle="347.67" x="129.33" y="83.52"/>
        <vehicle id="cfm-slow_1" eclass="HBEFA3/PC_G_EU4" CO2="12327.52" CO="177.60" HC="1.11" NOx="5.24" PMx="0.27" fuel="5.30" electricity="0.00" noise="73.41" route="routebottom" type="cfm-slow" waiting="0.00" lane="right_0" pos="25.50" speed="21.06" angle="318.56" x="111.41" y="112.92"/>
        <vehicle id="cfm-slow_2" eclass="HBEFA3/PC_G_EU4" CO2="17538.69" CO="285.33" HC="1.73" NOx="7.68" PMx="0.41" fuel="7.54" electricity="0.00" noise="76.80" route="routebottom" type="cfm-slow" waiting="0.00" lane="right_0" pos="42.24" speed="22.18" angle="288.51" x="80.28" y="130.23"/>
        <vehicle id="cfm-slow_3" eclass="HBEFA3/PC_G_EU4" CO2="23020.15" CO="401.35" HC="2.40" NOx="10.22" PMx="0.56" fuel="9.90" electricity="0.00" noise="80.15" route="routetop" type="cfm-slow" waiting="0.00" lane="top_0" pos="10.16" speed="24.09" angle="256.18" x="42.08" y="128.80"/>
        <vehicle id="cfm-slow_4" eclass="HBEFA3/PC_G_EU4" CO2="24010.18" CO="430.47" HC="2.56" NOx="10.63" PMx="0.59" fuel="10.32" electricity="0.00" noise="80.40" route="routetop" type="cfm-slow" waiting="0.00" lane="top_0" pos="30.07" speed="26.59" angle="220.40" x="8.10" y="103.89"/>
        <vehicle id="cfm-slow_5" eclass="HBEFA3/PC_G_EU4" CO2="16669.41" CO="291.22" HC="1.74" NOx="7.12" PMx="0.41" fuel="7.17" electricity="0.00" noise="76.84" route="routetop" type="cfm-slow" waiting="0.00" lane="left_0" pos="2.52" speed="28.77" angle="179.98" x="-4.73" y="58.16"/>
    </timestep>
    <timestep time="3.92">
        <vehicle id="cfm-fast_0" eclass="HBEFA3/PC_G_EU4" CO2="7585.12" CO="109.65" HC="0.69" NOx="2.81" PMx="0.17" fuel="3.26" electricity="0.00" noise="74.11" route="routetop" type="cfm-fast" waiting="0.00" lane="left_0" pos="27.40" speed="29.58" angle="135.18" x="18.95" y="11.64"/>
        <vehicle id="cfm-fast_1" eclass="HBEFA3/PC_G_EU4" CO2="206292.44" CO="4595.43" HC="26.11" NOx="96.13" PMx="5.54" fuel="88.67" electricity="0.00" noise="140.43" route="routebottom" type="cfm-fast" waiting="0.00" lane="bottom_1" pos="15.57" speed="53.02" angle="66.49" x="94.36" y="6.02"/>
        <vehicle id="cfm-fast_2" eclass="HBEFA3/PC_G_EU4" CO2="13509.92" CO="220.86" HC="1.34" NOx="5.65" PMx="0.32" fuel="5.81" electricity="0.00" noise="75.37" route="routetop" type="cfm-fast" waiting="0.00" lane="left_0" pos="49.95" speed="27.88" angle="94.62" x="63.47" y="-4.95"/>
        <vehicle id="cfm-fast_3" eclass="HBEFA3/PC_G_EU4" CO2="0.00" CO="0.00" HC="0.00" NOx="0.00" PMx="0.00" fuel="0.00" electricity="0.00" noise="71.83" route="routebottom" type="cfm-fast" waiting="0.00" lane="bottom_0" pos="19.76" speed="28.19" angle="58.88" x="103.59" y="7.88"/>
        <vehicle id="cfm-fast_4" eclass="HBEFA3/PC_G_EU4" CO2="0.00" CO="0.00" HC="0.00" NOx="0.00" PMx="0.00" fuel="0.00" electricity="0.00" noise="70.21" route="routebottom" type="cfm-fast" waiting="0.00" lane="bottom_0" pos="39.77" speed="26.12" angle="23.03" x="128.75" y="41.93"/>
        <vehicle id="cfm-fast_5" eclass="HBEFA3/PC_G_EU4" CO2="208126.11" CO="4644.72" HC="26.38" NOx="96.99" PMx="5.60" fuel="89.46" electricity="0.00" noise="140.64" route="routebottom" type="cfm-fast" waiting="0.00" lane="right_1" pos="30.20" speed="53.45" angle="310.09" x="101.70" y="116.73"/>
        <vehicle id="cfm-slow_0" eclass="HBEFA3/PC_G_EU4" CO2="9008.53" CO="109.42" HC="0.72" NOx="3.69" PMx="0.19" fuel="3.87" electricity="0.00" noise="71.37" route="routebottom" type="cfm-slow" waiting="0.00" lane="right_0" pos="9.52" speed="20.54" angle="347.30" x="129.20" y="83.94"/>
        <vehicle id="cfm-slow_1" eclass="HBEFA3/PC_G_EU4" CO2="12350.91" CO="178.08" HC="1.11" NOx="5.25" PMx="0.27" fuel="5.31" electricity="0.00" noise="73.43" route="routebottom" type="cfm-slow" waiting="0.00" lane="right_0" pos="25.71" speed="21.08" angle="318.23" x="111.08" y="113.24"/>
        <vehicle id="cfm-slow_2" eclass="HBEFA3/PC_G_EU4" CO2="17565.02" CO="285.89" HC="1.74" NOx="7.69" PMx="0.41" fuel="7.55" electricity="0.00" noise="76.82" route="routebottom" type="cfm-slow" waiting="0.00" lane="right_0" pos="42.46" speed="22.20" angle="288.15" x="79.82" y="130.34"/>
        <vehicle id="cfm-slow_3" eclass="HBEFA3/PC_G_EU4" CO2="23007.99" CO="401.17" HC="2.40" NOx="10.21" PMx="0.56" fuel="9.89" electricity="0.00" noise="80.14" route="routetop" type="cfm-slow" waiting="0.00" lane="top_0" pos="10.40" speed="24.12" angle="255.76" x="41.59" y="128.63"/>
        <vehicle id="cfm-slow_4" eclass="HBEFA3/PC_G_EU4" CO2="23919.46" CO="428.73" HC="2.55" NOx="10.59" PMx="0.59" fuel="10.28" electricity="0.00" noise="80.35" route="routetop" type="cfm-slow" waiting="0.00" lane="top_0" pos="30.33" speed="26.62" angle="219.90" x="7.76" y="103.42"/>
        <vehicle id="cfm-slow_5" eclass="HBEFA3/PC_G_EU4" CO2="16547.90" CO="288.81" HC="1.73" NOx="7.06" PMx="0.40" fuel="7.11" electricity="0.00" noise="76.79" route="routetop" type="cfm-slow" waiting="0.00" lane="left_0" pos="2.81" speed="28.78" angle="179.46" x="-4.67" y="57.54"/>
    </timestep>
    <timestep time="3.93">
        <vehicle id="cfm-fast_0" eclass="HBEFA3/PC_G_EU4" CO2="7512.81" CO="108.18" HC="0.68" NOx="2.78" PMx="0.17" fuel="3.23" electricity="0.00" noise="74.09" route="routetop" type="cfm-fast" waiting="0.00" lane="left_0" pos="27.70" speed="29.58" angle="134.63" x="19.43" y="11.23"/>
        <vehicle id="cfm-fast_1" eclass="HBEFA3/PC_G_EU4" CO2="206873.13" CO="4611.03" HC="26.19" NOx="96.40" PMx="5.56" fuel="88.92" electricity="0.00" noise="140.49" route="routebottom" type="cfm-fast" waiting="0.00" lane="bottom_1" pos="16.10" speed="53.16" angle="65.53" x="95.32" y="6.55"/>
        <vehicle id="cfm-fast_2" eclass="HBEFA3/PC_G_EU4" CO2="13310.35" CO="216.81" HC="1.32" NOx="5.55" PMx="0.31" fuel="5.72" electricity="0.00" noise="75.30" route="routebottom" type="cfm-fast" waiting="0.00" lane="bottom_0" pos="0.23" speed="27.89" angle="94.05" x="64.26" y="-4.94"/>
        <vehicle id="cfm-fast_3" eclass="HBEFA3/PC_G_EU4" CO2="0.00" CO="0.00" HC="0.00" NOx="0.00" PMx="0.00" fuel="0.00" electricity="0.00" noise="71.81" route="routebottom" type="cfm-fast" waiting="0.00" lane="bottom_0" pos="20.05" speed="28.18" angle="58.36" x="104.08" y="8.24"/>
        <vehicle id="cfm-fast_4" eclass="HBEFA3/PC_G_EU4" CO2="0.00" CO="0.00" HC="0.00" NOx="0.00" PMx="0.00" fuel="0.00" electricity="0.00" noise="70.19" route="routebottom" type="cfm-fast" waiting="0.00" lane="bottom_0" pos="40.03" speed="26.09" angle="22.53" x="128.92" y="42.47"/>
        <vehicle id="cfm-fast_5" eclass="HBEFA3/PC_G_EU4" CO2="208707.71" CO="4660.39" HC="26.46" NOx="97.26" PMx="5.61" fuel="89.71" electricity="0.00" noise="140.70" route="routebottom" type="cfm-fast" waiting="0.00" lane="right_1" pos="30.74" speed="53.59" angle="309.16" x="100.81" y="117.37"/>
        <vehicle id="cfm-slow_0" eclass="HBEFA3/PC_G_EU4" CO2="9014.89" CO="109.55" HC="0.72" NOx="3.69" PMx="0.19" fuel="3.88" electricity="0.00" noise="71.38" route="routebottom" type="cfm-slow" waiting="0.00" lane="right_0" pos="9.73" speed="20.55" angle="346.93" x="129.07" y="84.36"/>
        <vehicle id="cfm-slow_1" eclass="HBEFA3/PC_G_EU4" CO2="12374.53" CO="178.57" HC="1.12" NOx="5.27" PMx="0.27" fuel="5.32" electricity="0.00" noise="73.44" route="routebottom" type="cfm-slow" waiting="0.00" lane="right_0" pos="25.92" speed="21.10" angle="317.85" x="110.75" y="113.55"/>
        <vehicle id="cfm-slow_2" eclass="HBEFA3/PC_G_EU4" CO2="17591.23" CO="286.45" HC="1.74" NOx="7.70" PMx="0.41" fuel="7.56" electricity="0.00" noise="76.83" route="routebottom" type="cfm-slow" waiting="0.00" lane="right_0" pos="42.69" speed="22.23" angle="287.74" x="79.35" y="130.45"/>
        <vehicle id="cfm-slow_3" eclass="HBEFA3/PC_G_EU4" CO2="22995.34" CO="400.99" HC="2.40" NOx="10.21" PMx="0.56" fuel="9.88" electricity="0.00" noise="80.13" route="routetop" type="cfm-slow" waiting="0.00" lane="top_0" pos="10.64" speed="24.15" angle="255.31" x="41.10" y="128.45"/>
        <vehicle id="cfm-slow_4" eclass="HBEFA3/PC_G_EU4" CO2="23828.58" CO="426.99" HC="2.54" NOx="10.54" PMx="0.59" fuel="10.24" electricity="0.00" noise="80.29" route="routetop" type="cfm-slow" waiting="0.00" lane="top_0" pos="30.60" speed="26.64" angle="219.41" x="7.43" y="102.95"/>
        <vehicle id="cfm-slow_5" eclass="HBEFA3/PC_G_EU4" CO2="16427.05" CO="286.42" HC="1.72" NOx="7.00" PMx="0.40" fuel="7.06" electricity="0.00" noise="76.74" route="routetop" type="cfm-slow" waiting="0.00" lane="left_0" pos="3.09" speed="28.80" angle="178.95" x="-4.61" y="56.92"/>
    </timestep>
    <timestep time="3.94">
        <vehicle id="cfm-fast_0" eclass="HBEFA3/PC_G_EU4" CO2="7440.43" CO="106.70" HC="0.68" NOx="2.75" PMx="0.17" fuel="3.20" electricity="0.00" noise="74.08" route="routetop" type="cfm-fast" waiting="0.00" lane="left_0" pos="28.00" speed="29.59" angle="134.07" x="19.92" y="10.82"/>
        <vehicle id="cfm-fast_1" eclass="HBEFA3/PC_G_EU4" CO2="207454.10" CO="4626.64" HC="26.28" NOx="96.67" PMx="5.58" fuel="89.17" electricity="0.00" noise="140.56" route="routebottom" type="cfm-fast" waiting="0.00" lane="bottom_1" pos="16.64" speed="53.30" angle="64.60" x="96.27" y="7.07"/>
        <vehicle id="cfm-fast_2" eclass="HBEFA3/PC_G_EU4" CO2="13111.20" CO="212.78" HC="1.30" NOx="5.46" PMx="0.31" fuel="5.64" electricity="0.00" noise="75.23" route="routebottom" type="cfm-fast" waiting="0.00" lane="bottom_0" pos="0.51" speed="27.90" angle="93.55" x="64.86" y="-4.93"/>
        <vehicle id="cfm-fast_3" eclass="HBEFA3/PC_G_EU4" CO2="0.00" CO="0.00" HC="0.00" NOx="0.00" PMx="0.00" fuel="0.00" electricity="0.00" noise="71.79" route="routebottom" type="cfm-fast" waiting="0.00" lane="bottom_0" pos="20.33" speed="28.17" angle="57.83" x="104.57" y="8.59"/>
        <vehicle id="cfm-fast_4" eclass="HBEFA3/PC_G_EU4" CO2="0.00" CO="0.00" HC="0.00" NOx="0.00" PMx="0.00" fuel="0.00" electricity="0.00" noise="70.18" route="routebottom" type="cfm-fast" waiting="0.00" lane="bottom_0" pos="40.29" speed="26.06" angle="22.03" x="129.08" y="43.00"/>
        <vehicle id="cfm-fast_5" eclass="HBEFA3/PC_G_EU4" CO2="209289.61" CO="4676.07" HC="26.55" NOx="97.53" PMx="5.63" fuel="89.96" electricity="0.00" noise="140.77" route="routebottom" type="cfm-fast" waiting="0.00" lane="right_1" pos="31.28" speed="53.73" angle="308.19" x="99.90" y="117.98"/>
        <vehicle id="cfm-slow_0" eclass="HBEFA3/PC_G_EU4" CO2="9021.63" CO="109.68" HC="0.72" NOx="3.70" PMx="0.19" fuel="3.88" electricity="0.00" noise="71.38" route="routebottom" type="cfm-slow" waiting="0.00" lane="right_0" pos="9.94" speed="20.56" angle="346.56" x="128.94" y="84.79"/>
        <vehicle id="cfm-slow_1" eclass="HBEFA3/PC_G_EU4" CO2="12398.39" CO="179.06" HC="1.12" NOx="5.28" PMx="0.27" fuel="5.33" electricity="0.00" noise="73.46" route="routebottom" type="cfm-slow" waiting="0.00" lane="right_0" pos="26.13" speed="21.11" angle="317.46" x="110.42" y="113.86"/>
        <vehicle id="cfm-slow_2" eclass="HBEFA3/PC_G_EU4" CO2="17617.31" CO="287.01" HC="1.74" NOx="7.71" PMx="0.41" fuel="7.57" electricity="0.00" noise="76.85" route="routebottom" type="cfm-slow" waiting="0.00" lane="right_0" pos="42.91" speed="22.25" angle="287.34" x="78.89" y="130.55"/>
        <vehicle id="cfm-slow_3" eclass="HBEFA3/PC_G_EU4" CO2="22982.19" CO="400.79" HC="2.40" NOx="10.20" PMx="0.56" fuel="9.88" electricity="0.00" noise="80.11" route="routetop" type="cfm-slow" waiting="0.00" lane="top_0" pos="10.89" speed="24.18" angle="254.85" x="40.61" y="128.27"/>
        <vehicle id="cfm-slow_4" eclass="HBEFA3/PC_G_EU4" CO2="23737.54" CO="425.24" HC="2.53" NOx="10.50" PMx="0.58" fuel="10.20" electricity="0.00" noise="80.24" route="routetop" type="cfm-slow" waiting="0.00" lane="top_0" pos="30.87" speed="26.67" angle="218.98" x="7.10" y="102.49"/>
        <vehicle id="cfm-slow_5" eclass="HBEFA3/PC_G_EU4" CO2="16306.84" CO="284.04" HC="1.70" NOx="6.95" PMx="0.40" fuel="7.01" electricity="0.00" noise="76.70" route="routetop" type="cfm-slow" waiting="0.00" lane="left_0" pos="3.38" speed="28.81" angle="178.43" x="-4.54" y="56.31"/>
    </timestep>
    <timestep time="3.95">
        <vehicle id="cfm-fast_0" eclass="HBEFA3/PC_G_EU4" CO2="7367.95" CO="105.23" HC="0.67" NOx="2.71" PMx="0.17" fuel="3.17" electricity="0.00" noise="74.06" route="routetop" type="cfm-fast" waiting="0.00" lane="left_0" pos="28.29" speed="29.59" angle="133.59" x="20.41" y="10.41"/>
        <vehicle id="cfm-fast_1" eclass="HBEFA3/PC_G_EU4" CO2="208035.37" CO="4642.28" HC="26.36" NOx="96.94" PMx="5.59" fuel="89.42" electricity="0.00" noise="140.62" route="routebottom" type="cfm-fast" waiting="0.00" lane="bottom_1" pos="17.17" speed="53.43" angle="63.60" x="97.21" y="7.64"/>
        <vehicle id="cfm-fast_2" eclass="HBEFA3/PC_G_EU4" CO2="12912.48" CO="208.74" HC="1.27" NOx="5.36" PMx="0.30" fuel="5.55" electricity="0.00" noise="75.15" route="routebottom" type="cfm-fast" waiting="0.00" lane="bottom_0" pos="0.79" speed="27.91" angle="93.04" x="65.46" y="-4.91"/>
        <vehicle id="cfm-fast_3" eclass="HBEFA3/PC_G_EU4" CO2="0.00" CO="0.00" HC="0.00" NOx="0.00" PMx="0.00" fuel="0.00" electricity="0.00" noise="71.77" route="routebottom" type="cfm-fast" waiting="0.00" lane="bottom_0" pos="20.61" speed="28.15" angle="57.38" x="105.06" y="8.95"/>
        <vehicle id="cfm-fast_4" eclass="HBEFA3/PC_G_EU4" CO2="0.00" CO="0.00" HC="0.00" NOx="0.00" PMx="0.00" fuel="0.00" electricity="0.00" noise="70.17" route="routebottom" type="cfm-fast" waiting="0.00" lane="bottom_0" pos="40.55" speed="26.04" angle="21.53" x="129.25" y="43.54"/>
        <vehicle id="cfm-fast_5" eclass="HBEFA3/PC_G_EU4" CO2="209871.80" CO="4691.78" HC="26.64" NOx="97.80" PMx="5.65" fuel="90.21" electricity="0.00" noise="140.83" route="routebottom" type="cfm-fast" waiting="0.00" lane="right_1" pos="31.82" speed="53.86" angle="307.20" x="98.98" y="118.60"/>
        <vehicle id="cfm-slow_0" eclass="HBEFA3/PC_G_EU4" CO2="9028.74" CO="109.82" HC="0.72" NOx="3.70" PMx="0.19" fuel="3.88" electricity="0.00" noise="71.39" route="routebottom" type="cfm-slow" waiting="0.00" lane="right_0" pos="10.14" speed="20.58" angle="346.22" x="128.81" y="85.21"/>
        <vehicle id="cfm-slow_1" eclass="HBEFA3/PC_G_EU4" CO2="12422.48" CO="179.55" HC="1.12" NOx="5.29" PMx="0.28" fuel="5.34" electricity="0.00" noise="73.48" route="routebottom" type="cfm-slow" waiting="0.00" lane="right_0" pos="26.34" speed="21.13" angle="317.08" x="110.08" y="114.17"/>
        <vehicle id="cfm-slow_2" eclass="HBEFA3/PC_G_EU4" CO2="17643.25" CO="287.57" HC="1.75" NOx="7.72" PMx="0.41" fuel="7.58" electricity="0.00" noise="76.86" route="routebottom" type="cfm-slow" waiting="0.00" lane="right_0" pos="43.13" speed="22.27" angle="286.93" x="78.42" y="130.66"/>
        <vehicle id="cfm-slow_3" eclass="HBEFA3/PC_G_EU4" CO2="22968.55" CO="400.59" HC="2.39" NOx="10.19" PMx="0.56" fuel="9.87" electricity="0.00" noise="80.10" route="routetop" type="cfm-slow" waiting="0.00" lane="top_0" pos="11.13" speed="24.21" angle="254.39" x="40.12" y="128.10"/>
        <vehicle id="cfm-slow_4" eclass="HBEFA3/PC_G_EU4" CO2="23646.34" CO="423.49" HC="2.52" NOx="10.46" PMx="0.58" fuel="10.16" electricity="0.00" noise="80.18" route="routetop" type="cfm-slow" waiting="0.00" lane="top_0" pos="31.13" speed="26.70" angle="218.50" x="6.78" y="102.01"/>
        <vehicle id="cfm-slow_5" eclass="HBEFA3/PC_G_EU4" CO2="16187.27" CO="281.67" HC="1.69" NOx="6.89" PMx="0.39" fuel="6.96" electricity="0.00" noise="76.65" route="routetop" type="cfm-slow" waiting="0.00" lane="left_0" pos="3.67" speed="28.83" angle="177.91" x="-4.48" y="55.69"/>
    </timestep>
    <timestep time="3.96">
        <vehicle id="cfm-fast_0" eclass="HBEFA3/PC_G_EU4" CO2="7295.37" CO="103.75" HC="0.66" NOx="2.68" PMx="0.16" fuel="3.14" electricity="0.00" noise="74.04" route="routetop" type="cfm-fast" waiting="0.00" lane="left_0" pos="28.59" speed="29.59" angle="133.04" x="20.91" y="10.02"/>
        <vehicle id="cfm-fast_1" eclass="HBEFA3/PC_G_EU4" CO2="208616.93" CO="4657.94" HC="26.45" NOx="97.22" PMx="5.61" fuel="89.67" electricity="0.00" noise="140.69" route="routebottom" type="cfm-fast" waiting="0.00" lane="bottom_1" pos="17.71" speed="53.57" angle="62.58" x="98.15" y="8.21"/>
        <vehicle id="cfm-fast_2" eclass="HBEFA3/PC_G_EU4" CO2="12714.21" CO="204.72" HC="1.25" NOx="5.27" PMx="0.30" fuel="5.47" electricity="0.00" noise="75.08" route="routebottom" type="cfm-fast" waiting="0.00" lane="bottom_0" pos="1.07" speed="27.92" angle="92.54" x="66.06" y="-4.90"/>
        <vehicle id="cfm-fast_3" eclass="HBEFA3/PC_G_EU4" CO2="0.00" CO="0.00" HC="0.00" NOx="0.00" PMx="0.00" fuel="0.00" electricity="0.00" noise="71.75" route="routebottom" type="cfm-fast" waiting="0.00" lane="bottom_0" pos="20.89" speed="28.14" angle="56.87" x="105.54" y="9.32"/>
        <vehicle id="cfm-fast_4" eclass="HBEFA3/PC_G_EU4" CO2="0.00" CO="0.00" HC="0.00" NOx="0.00" PMx="0.00" fuel="0.00" electricity="0.00" noise="70.15" route="routebottom" type="cfm-fast" waiting="0.00" lane="bottom_0" pos="40.81" speed="26.01" angle="21.04" x="129.41" y="44.07"/>
        <vehicle id="cfm-fast_5" eclass="HBEFA3/PC_G_EU4" CO2="210454.28" CO="4707.51" HC="26.72" NOx="98.08" PMx="5.66" fuel="90.46" electricity="0.00" noise="140.90" route="routebottom" type="cfm-fast" waiting="0.00" lane="right_1" pos="32.36" speed="54.00" angle="306.29" x="98.04" y="119.19"/>
        <vehicle id="cfm-slow_0" eclass="HBEFA3/PC_G_EU4" CO2="9036.22" CO="109.97" HC="0.72" NOx="3.70" PMx="0.19" fuel="3.88" electricity="0.00" noise="71.40" route="routebottom" type="cfm-slow" waiting="0.00" lane="right_0" pos="10.35" speed="20.59" angle="345.88" x="128.67" y="85.63"/>
        <vehicle id="cfm-slow_1" eclass="HBEFA3/PC_G_EU4" CO2="12446.79" CO="180.05" HC="1.13" NOx="5.30" PMx="0.28" fuel="5.35" electricity="0.00" noise="73.49" route="routebottom" type="cfm-slow" waiting="0.00" lane="right_0" pos="26.55" speed="21.14" angle="316.69" x="109.75" y="114.48"/>
        <vehicle id="cfm-slow_2" eclass="HBEFA3/PC_G_EU4" CO2="17669.06" CO="288.12" HC="1.75" NOx="7.74" PMx="0.41" fuel="7.60" electricity="0.00" noise="76.88" route="routebottom" type="cfm-slow" waiting="0.00" lane="right_0" pos="43.36" speed="22.30" angle="286.52" x="77.95" y="130.76"/>
        <vehicle id="cfm-slow_3" eclass="HBEFA3/PC_G_EU4" CO2="22954.41" CO="400.37" HC="2.39" NOx="10.19" PMx="0.56" fuel="9.87" electricity="0.00" noise="80.08" route="routetop" type="cfm-slow" waiting="0.00" lane="top_0" pos="11.37" speed="24.24" angle="253.93" x="39.63" y="127.92"/>
        <vehicle id="cfm-slow_4" eclass="HBEFA3/PC_G_EU4" CO2="23555.00" CO="421.73" HC="2.51" NOx="10.41" PMx="0.58" fuel="10.13" electricity="0.00" noise="80.13" route="routetop" type="cfm-slow" waiting="0.00" lane="top_0" pos="31.40" speed="26.73" angle="218.02" x="6.46" y="101.53"/>
        <vehicle id="cfm-slow_5" eclass="HBEFA3/PC_G_EU4" CO2="16068.34" CO="279.31" HC="1.68" NOx="6.83" PMx="0.39" fuel="6.91" electricity="0.00" noise="76.60" route="routetop" type="cfm-slow" waiting="0.00" lane="left_0" pos="3.96" speed="28.84" angle="177.41" x="-4.41" y="55.07"/>
    </timestep>
    <timestep time="3.97">
        <vehicle id="cfm-fast_0" eclass="HBEFA3/PC_G_EU4" CO2="7222.70" CO="102.26" HC="0.65" NOx="2.64" PMx="0.16" fuel="3.10" electricity="0.00" noise="74.03" route="routetop" type="cfm-fast" waiting="0.00" lane="left_0" pos="28.88" speed="29.59" angle="132.49" x="21.41" y="9.62"/>
        <vehicle id="cfm-fast_1" eclass="HBEFA3/PC_G_EU4" CO2="209198.78" CO="4673.62" HC="26.54" NOx="97.49" PMx="5.63" fuel="89.92" electricity="0.00" noise="140.76" route="routebottom" type="cfm-fast" waiting="0.00" lane="bottom_1" pos="18.24" speed="53.71" angle="61.63" x="99.08" y="8.80"/>
        <vehicle id="cfm-fast_2" eclass="HBEFA3/PC_G_EU4" CO2="12516.42" CO="200.71" HC="1.23" NOx="5.18" PMx="0.29" fuel="5.38" electricity="0.00" noise="75.01" route="routebottom" type="cfm-fast" waiting="0.00" lane="bottom_0" pos="1.35" speed="27.93" angle="92.05" x="66.66" y="-4.88"/>
        <vehicle id="cfm-fast_3" eclass="HBEFA3/PC_G_EU4" CO2="0.00" CO="0.00" HC="0.00" NOx="0.00" PMx="0.00" fuel="0.00" electricity="0.00" noise="71.73" route="routebottom" type="cfm-fast" waiting="0.00" lane="bottom_0" pos="21.17" speed="28.13" angle="56.36" x="106.01" y="9.70"/>
        <vehicle id="cfm-fast_4" eclass="HBEFA3/PC_G_EU4" CO2="0.00" CO="0.00" HC="0.00" NOx="0.00" PMx="0.00" fuel="0.00" electricity="0.00" noise="70.14" route="routebottom" type="cfm-fast" waiting="0.00" lane="bottom_0" pos="41.07" speed="25.98" angle="20.61" x="129.58" y="44.61"/>
        <vehicle id="cfm-fast_5" eclass="HBEFA3/PC_G_EU4" CO2="211037.05" CO="4723.26" HC="26.81" NOx="98.35" PMx="5.68" fuel="90.71" electricity="0.00" noise="140.96" route="routebottom" type="cfm-fast" waiting="0.00" lane="right_1" pos="32.90" speed="54.14" angle="305.30" x="97.09" y="119.76"/>
        <vehicle id="cfm-slow_0" eclass="HBEFA3/PC_G_EU4" CO2="9044.06" CO="110.13" HC="0.72" NOx="3.71" PMx="0.19" fuel="3.89" electricity="0.00" noise="71.41" route="routebottom" type="cfm-slow" waiting="0.00" lane="right_0" pos="10.55" speed="20.60" angle="345.48" x="128.52" y="86.05"/>
        <vehicle id="cfm-slow_1" eclass="HBEFA3/PC_G_EU4" CO2="12471.33" CO="180.56" HC="1.13" NOx="5.31" PMx="0.28" fuel="5.36" electricity="0.00" noise="73.51" route="routebottom" type="cfm-slow" waiting="0.00" lane="right_0" pos="26.77" speed="21.16" angle="316.31" x="109.41" y="114.78"/>
        <vehicle id="cfm-slow_2" eclass="HBEFA3/PC_G_EU4" CO2="17694.73" CO="288.67" HC="1.75" NOx="7.75" PMx="0.41" fuel="7.61" electricity="0.00" noise="76.89" route="routebottom" type="cfm-slow" waiting="0.00" lane="right_0" pos="43.58" speed="22.32" angle="286.15" x="77.48" y="130.87"/>
        <vehicle id="cfm-slow_3" eclass="HBEFA3/PC_G_EU4" CO2="22939.77" CO="400.15" HC="2.39" NOx="10.18" PMx="0.56" fuel="9.86" electricity="0.00" noise="80.07" route="routetop" type="cfm-slow" waiting="0.00" lane="top_0" pos="11.61" speed="24.27" angle="253.54" x="39.14" y="127.73"/>
        <vehicle id="cfm-slow_4" eclass="HBEFA3/PC_G_EU4" CO2="23463.52" CO="419.97" HC="2.50" NOx="10.37" PMx="0.58" fuel="10.09" electricity="0.00" noise="80.08" route="routetop" type="cfm-slow" waiting="0.00" lane="top_0" pos="31.67" speed="26.75" angle="217.53" x="6.14" y="101.05"/>
        <vehicle id="cfm-slow_5" eclass="HBEFA3/PC_G_EU4" CO2="15950.04" CO="276.96" HC="1.66" NOx="6.78" PMx="0.39" fuel="6.86" electricity="0.00" noise="76.56" route="routetop" type="cfm-slow" waiting="0.00" lane="left_0" pos="4.25" speed="28.85" angle="176.89" x="-4.32" y="54.46"/>
    </timestep>
    <timestep time="3.98">
        <vehicle id="cfm-fast_0" eclass="HBEFA3/PC_G_EU4" CO2="7149.92" CO="100.78" HC="0.64" NOx="2.61" PMx="0.16" fuel="3.07" electricity="0.00" noise="74.01" route="routetop" type="cfm-fast" waiting="0.00" lane="left_0" pos="29.18" speed="29.59" angle="131.94" x="21.91" y="9.23"/>
        <vehicle id="cfm-fast_1" eclass="HBEFA3/PC_G_EU4" CO2="209780.92" CO="4689.33" HC="26.62" NOx="97.76" PMx="5.64" fuel="90.17" electricity="0.00" noise="140.82" route="routebottom" type="cfm-fast" waiting="0.00" lane="bottom_1" pos="18.78" speed="53.84" angle="60.61" x="100.00" y="9.41"/>
        <vehicle id="cfm-fast_2" eclass="HBEFA3/PC_G_EU4" CO2="12319.12" CO="196.70" HC="1.21" NOx="5.08" PMx="0.29" fuel="5.30" electricity="0.00" noise="74.95" route="routebottom" type="cfm-fast" waiting="0.00" lane="bottom_0" pos="1.63" speed="27.94" angle="91.55" x="67.26" y="-4.84"/>
        <vehicle id="cfm-fast_3" eclass="HBEFA3/PC_G_EU4" CO2="0.00" CO="0.00" HC="0.00" NOx="0.00" PMx="0.00" fuel="0.00" electricity="0.00" noise="71.71" route="routebottom" type="cfm-fast" waiting="0.00" lane="bottom_0" pos="21.45" speed="28.12" angle="55.85" x="106.49" y="10.07"/>
        <vehicle id="cfm-fast_4" eclass="HBEFA3/PC_G_EU4" CO2="0.00" CO="0.00" HC="0.00" NOx="0.00" PMx="0.00" fuel="0.00" electricity="0.00" noise="70.13" route="routebottom" type="cfm-fast" waiting="0.00" lane="bottom_0" pos="41.33" speed="25.96" angle="20.14" x="129.72" y="45.15"/>
        <vehicle id="cfm-fast_5" eclass="HBEFA3/PC_G_EU4" CO2="211620.11" CO="4739.03" HC="26.90" NOx="98.62" PMx="5.70" fuel="90.96" electricity="0.00" noise="141.03" route="routebottom" type="cfm-fast" waiting="0.00" lane="right_1" pos="33.44" speed="54.27" angle="304.37" x="96.13" y="120.32"/>
        <vehicle id="cfm-slow_0" eclass="HBEFA3/PC_G_EU4" CO2="9052.26" CO="110.29" HC="0.72" NOx="3.71" PMx="0.19" fuel="3.89" electricity="0.00" noise="71.41" route="routebottom" type="cfm-slow" waiting="0.00" lane="right_0" pos="10.76" speed="20.61" angle="345.09" x="128.36" y="86.46"/>
        <vehicle id="cfm-slow_1" eclass="HBEFA3/PC_G_EU4" CO2="12496.08" CO="181.07" HC="1.13" NOx="5.32" PMx="0.28" fuel="5.37" electricity="0.00" noise="73.53" route="routebottom" type="cfm-slow" waiting="0.00" lane="right_0" pos="26.98" speed="21.18" angle="315.98" x="109.08" y="115.09"/>
        <vehicle id="cfm-slow_2" eclass="HBEFA3/PC_G_EU4" CO2="17720.25" CO="289.22" HC="1.76" NOx="7.76" PMx="0.42" fuel="7.62" electricity="0.00" noise="76.91" route="routebottom" type="cfm-slow" waiting="0.00" lane="right_0" pos="43.80" speed="22.35" angle="285.75" x="77.01" y="130.96"/>
        <vehicle id="cfm-slow_3" eclass="HBEFA3/PC_G_EU4" CO2="22924.64" CO="399.91" HC="2.39" NOx="10.17" PMx="0.56" fuel="9.85" electricity="0.00" noise="80.05" route="routetop" type="cfm-slow" waiting="0.00" lane="top_0" pos="11.86" speed="24.30" angle="253.10" x="38.66" y="127.54"/>
        <vehicle id="cfm-slow_4" eclass="HBEFA3/PC_G_EU4" CO2="23371.91" CO="418.21" HC="2.49" NOx="10.33" PMx="0.57" fuel="10.05" electricity="0.00" noise="80.02" route="routetop" type="cfm-slow" waiting="0.00" lane="top_0" pos="31.93" speed="26.78" angle="217.05" x="5.82" y="100.57"/>
        <vehicle id="cfm-slow_5" eclass="HBEFA3/PC_G_EU4" CO2="15832.36" CO="274.63" HC="1.65" NOx="6.72" PMx="0.38" fuel="6.81" electricity="0.00" noise="76.51" route="routetop" type="cfm-slow" waiting="0.00" lane="left_0" pos="4.54" speed="28.87" angle="176.37" x="-4.23" y="53.84"/>
    </timestep>
    <timestep time="3.99">
        <vehicle id="cfm-fast_0" eclass="HBEFA3/PC_G_EU4" CO2="7077.03" CO="99.29" HC="0.63" NOx="2.57" PMx="0.16" fuel="3.04" electricity="0.00" noise="74.00" route="routetop" type="cfm-fast" waiting="0.00" lane="left_0" pos="29.48" speed="29.60" angle="131.45" x="22.41" y="8.84"/>
        <vehicle id="cfm-fast_1" eclass="HBEFA3/PC_G_EU4" CO2="210363.36" CO="4705.05" HC="26.71" NOx="98.03" PMx="5.66" fuel="90.42" electricity="0.00" noise="140.89" route="routebottom" type="cfm-fast" waiting="0.00" lane="bottom_1" pos="19.32" speed="53.98" angle="59.66" x="100.91" y="10.03"/>
        <vehicle id="cfm-fast_2" eclass="HBEFA3/PC_G_EU4" CO2="12122.34" CO="192.70" HC="1.18" NOx="4.99" PMx="0.28" fuel="5.21" electricity="0.00" noise="74.88" route="routebottom" type="cfm-fast" waiting="0.00" lane="bottom_0" pos="1.91" speed="27.95" angle="91.05" x="67.86" y="-4.81"/>
        <vehicle id="cfm-fast_3" eclass="HBEFA3/PC_G_EU4" CO2="0.00" CO="0.00" HC="0.00" NOx="0.00" PMx="0.00" fuel="0.00" electricity="0.00" noise="71.69" route="routebottom" type="cfm-fast" waiting="0.00" lane="bottom_0" pos="21.73" speed="28.10" angle="55.38" x="106.96" y="10.44"/>
        <vehicle id="cfm-fast_4" eclass="HBEFA3/PC_G_EU4" CO2="0.00" CO="0.00" HC="0.00" NOx="0.00" PMx="0.00" fuel="0.00" electricity="0.00" noise="70.11" route="routebottom" type="cfm-fast" waiting="0.00" lane="bottom_0" pos="41.59" speed="25.93" angle="19.67" x="129.87" y="45.69"/>
        <vehicle id="cfm-fast_5" eclass="HBEFA3/PC_G_EU4" CO2="212203.47" CO="4754.82" HC="26.98" NOx="98.89" PMx="5.71" fuel="91.22" electricity="0.00" noise="141.10" route="routebottom" type="cfm-fast" waiting="0.00" lane="right_1" pos="33.98" speed="54.41" angle="303.37" x="95.16" y="120.86"/>
        <vehicle id="cfm-slow_0" eclass="HBEFA3/PC_G_EU4" CO2="9060.82" CO="110.46" HC="0.72" NOx="3.71" PMx="0.19" fuel="3.89" electricity="0.00" noise="71.42" route="routebottom" type="cfm-slow" waiting="0.00" lane="right_0" pos="10.96" speed="20.62" angle="344.70" x="128.21" y="86.88"/>
        <vehicle id="cfm-slow_1" eclass="HBEFA3/PC_G_EU4" CO2="12521.04" CO="181.58" HC="1.13" NOx="5.33" PMx="0.28" fuel="5.38" electricity="0.00" noise="73.54" route="routebottom" type="cfm-slow" waiting="0.00" lane="right_0" pos="27.19" speed="21.19" angle="315.58" x="108.73" y="115.39"/>
        <vehicle id="cfm-slow_2" eclass="HBEFA3/PC_G_EU4" CO2="17745.62" CO="289.77" HC="1.76" NOx="7.77" PMx="0.42" fuel="7.63" electricity="0.00" noise="76.93" route="routebottom" type="cfm-slow" waiting="0.00" lane="right_0" pos="44.03" speed="22.37" angle="285.32" x="76.54" y="131.05"/>
        <vehicle id="cfm-slow_3" eclass="HBEFA3/PC_G_EU4" CO2="22909.02" CO="399.67" HC="2.39" NOx="10.16" PMx="0.55" fuel="9.85" electricity="0.00" noise="80.04" route="routetop" type="cfm-slow" waiting="0.00" lane="top_0" pos="12.10" speed="24.33" angle="252.66" x="38.17" y="127.35"/>
        <vehicle id="cfm-slow_4" eclass="HBEFA3/PC_G_EU4" CO2="23280.16" CO="416.45" HC="2.48" NOx="10.28" PMx="0.57" fuel="10.01" electricity="0.00" noise="79.97" route="routetop" type="cfm-slow" waiting="0.00" lane="top_0" pos="32.20" speed="26.81" angle="216.61" x="5.51" y="100.08"/>
        <vehicle id="cfm-slow_5" eclass="HBEFA3/PC_G_EU4" CO2="15715.29" CO="272.31" HC="1.63" NOx="6.67" PMx="0.38" fuel="6.76" electricity="0.00" noise="76.47" route="routetop" type="cfm-slow" waiting="0.00" lane="left_0" pos="4.83" speed="28.88" angle="175.84" x="-4.15" y="53.23"/>
    </timestep>
    <timestep time="4.00">
        <vehicle id="cfm-fast_0" eclass="HBEFA3/PC_G_EU4" CO2="7004.04" CO="97.80" HC="0.62" NOx="2.54" PMx="0.16" fuel="3.01" electricity="0.00" noise="73.98" route="routetop" type="cfm-fast" waiting="0.00" lane="left_0" pos="29.77" speed="29.60" angle="130.91" x="22.93" y="8.46"/>
        <vehicle id="cfm-fast_1" eclass="HBEFA3/PC_G_EU4" CO2="210946.09" CO="4720.80" HC="26.80" NOx="98.31" PMx="5.68" fuel="90.68" electricity="0.00" noise="140.95" route="routebottom" type="cfm-fast" waiting="0.00" lane="bottom_1" pos="19.86" speed="54.12" angle="58.67" x="101.82" y="10.68"/>
        <vehicle id="cfm-fast_2" eclass="HBEFA3/PC_G_EU4" CO2="11926.09" CO="188.72" HC="1.16" NOx="4.90" PMx="0.28" fuel="5.13" electricity="0.00" noise="74.81" route="routebottom" type="cfm-fast" waiting="0.00" lane="bottom_0" pos="2.19" speed="27.96" angle="90.55" x="68.46" y="-4.77"/>
        <vehicle id="cfm-fast_3" eclass="HBEFA3/PC_G_EU4" CO2="0.00" CO="0.00" HC="0.00" NOx="0.00" PMx="0.00" fuel="0.00" electricity="0.00" noise="71.67" route="routebottom" type="cfm-fast" waiting="0.00" lane="bottom_0" pos="22.01" speed="28.09" angle="54.87" x="107.43" y="10.83"/>
        <vehicle id="cfm-fast_4" eclass="HBEFA3/PC_G_EU4" CO2="0.00" CO="0.00" HC="0.00" NOx="0.00" PMx="0.00" fuel="0.00" electricity="0.00" noise="70.10" route="routebottom" type="cfm-fast" waiting="0.00" lane="bottom_0" pos="41.85" speed="25.91" angle="19.20" x="130.01" y="46.23"/>
        <vehicle id="cfm-fast_5" eclass="HBEFA3/PC_G_EU4" CO2="212787.12" CO="4770.63" HC="27.07" NOx="99.17" PMx="5.73" fuel="91.47" electricity="0.00" noise="141.16" route="routebottom" type="cfm-fast" waiting="0.00" lane="right_1" pos="34.53" speed="54.55" angle="302.39" x="94.18" y="121.40"/>
        <vehicle id="cfm-slow_0" eclass="HBEFA3/PC_G_EU4" CO2="9069.74" CO="110.64" HC="0.73" NOx="3.72" PMx="0.19" fuel="3.90" electricity="0.00" noise="71.43" route="routebottom" type="cfm-slow" waiting="0.00" lane="right_0" pos="11.17" speed="20.63" angle="344.30" x="128.06" y="87.30"/>
        <vehicle id="cfm-slow_1" eclass="HBEFA3/PC_G_EU4" CO2="12546.21" CO="182.10" HC="1.14" NOx="5.34" PMx="0.28" fuel="5.39" electricity="0.00" noise="73.56" route="routebottom" type="cfm-slow" waiting="0.00" lane="right_0" pos="27.40" speed="21.21" angle="315.18" x="108.38" y="115.68"/>
        <vehicle id="cfm-slow_2" eclass="HBEFA3/PC_G_EU4" CO2="17770.83" CO="290.31" HC="1.76" NOx="7.78" PMx="0.42" fuel="7.64" electricity="0.00" noise="76.94" route="routebottom" type="cfm-slow" waiting="0.00" lane="right_0" pos="44.25" speed="22.40" angle="284.89" x="76.06" y="131.13"/>
        <vehicle id="cfm-slow_3" eclass="HBEFA3/PC_G_EU4" CO2="22892.91" CO="399.42" HC="2.39" NOx="10.15" PMx="0.55" fuel="9.84" electricity="0.00" noise="80.02" route="routetop" type="cfm-slow" waiting="0.00" lane="top_0" pos="12.34" speed="24.36" angle="252.22" x="37.68" y="127.15"/>
        <vehicle id="cfm-slow_4" eclass="HBEFA3/PC_G_EU4" CO2="23188.29" CO="414.68" HC="2.47" NOx="10.24" PMx="0.57" fuel="9.97" electricity="0.00" noise="79.92" route="routetop" type="cfm-slow" waiting="0.00" lane="top_0" pos="32.47" speed="26.83" angle="216.11" x="5.22" y="99.59"/>
        <vehicle id="cfm-slow_5" eclass="HBEFA3/PC_G_EU4" CO2="15598.82" CO="270.00" HC="1.62" NOx="6.61" PMx="0.38" fuel="6.71" electricity="0.00" noise="76.43" route="routetop" type="cfm-slow" waiting="0.00" lane="left_0" pos="5.11" speed="28.89" angle="175.29" x="-4.06" y="52.61"/>
    </timestep>
    <timestep time="4.01">
        <vehicle id="cfm-fast_0" eclass="HBEFA3/PC_G_EU4" CO2="6930.93" CO="96.31" HC="0.62" NOx="2.51" PMx="0.15" fuel="2.98" electricity="0.00" noise="73.96" route="routetop" type="cfm-fast" waiting="0.00" lane="left_0" pos="30.07" speed="29.60" angle="130.37" x="23.45" y="8.09"/>
        <vehicle id="cfm-fast_1" eclass="HBEFA3/PC_G_EU4" CO2="211529.11" CO="4736.56" HC="26.88" NOx="98.58" PMx="5.69" fuel="90.93" electricity="0.00" noise="141.02" route="routebottom" type="cfm-fast" waiting="0.00" lane="bottom_1" pos="20.41" speed="54.25" angle="57.69" x="102.72" y="11.33"/>
        <vehicle id="cfm-fast_2" eclass="HBEFA3/PC_G_EU4" CO2="11730.40" CO="184.74" HC="1.14" NOx="4.81" PMx="0.27" fuel="5.04" electricity="0.00" noise="74.74" route="routebottom" type="cfm-fast" waiting="0.00" lane="bottom_0" pos="2.47" speed="27.97" angle="90.05" x="69.06" y="-4.74"/>
        <vehicle id="cfm-fast_3" eclass="HBEFA3/PC_G_EU4" CO2="0.00" CO="0.00" HC="0.00" NOx="0.00" PMx="0.00" fuel="0.00" electricity="0.00" noise="71.65" route="routebottom" type="cfm-fast" waiting="0.00" lane="bottom_0" pos="22.30" speed="28.08" angle="54.34" x="107.89" y="11.22"/>
        <vehicle id="cfm-fast_4" eclass="HBEFA3/PC_G_EU4" CO2="0.00" CO="0.00" HC="0.00" NOx="0.00" PMx="0.00" fuel="0.00" electricity="0.00" noise="70.09" route="routebottom" type="cfm-fast" waiting="0.00" lane="bottom_0" pos="42.11" speed="25.88" angle="18.72" x="130.15" y="46.76"/>
        <vehicle id="cfm-fast_5" eclass="HBEFA3/PC_G_EU4" CO2="213371.06" CO="4786.47" HC="27.16" NOx="99.44" PMx="5.75" fuel="91.72" electricity="0.00" noise="141.23" route="routebottom" type="cfm-fast" waiting="0.00" lane="right_1" pos="35.08" speed="54.68" angle="301.41" x="93.18" y="121.91"/>
        <vehicle id="cfm-slow_0" eclass="HBEFA3/PC_G_EU4" CO2="9079.01" CO="110.83" HC="0.73" NOx="3.72" PMx="0.19" fuel="3.90" electricity="0.00" noise="71.44" route="routebottom" type="cfm-slow" waiting="0.00" lane="right_0" pos="11.38" speed="20.64" angle="343.91" x="127.91" y="87.71"/>
        <vehicle id="cfm-slow_1" eclass="HBEFA3/PC_G_EU4" CO2="12571.58" CO="182.63" HC="1.14" NOx="5.36" PMx="0.28" fuel="5.40" electricity="0.00" noise="73.58" route="routebottom" type="cfm-slow" waiting="0.00" lane="right_0" pos="27.61" speed="21.23" angle="314.79" x="108.03" y="115.98"/>
        <vehicle id="cfm-slow_2" eclass="HBEFA3/PC_G_EU4" CO2="17795.88" CO="290.85" HC="1.76" NOx="7.79" PMx="0.42" fuel="7.65" electricity="0.00" noise="76.95" route="routebottom" type="cfm-slow" waiting="0.00" lane="right_0" pos="44.47" speed="22.42" angle="284.47" x="75.59" y="131.22"/>
        <vehicle id="cfm-slow_3" eclass="HBEFA3/PC_G_EU4" CO2="22876.31" CO="399.15" HC="2.39" NOx="10.15" PMx="0.55" fuel="9.83" electricity="0.00" noise="80.01" route="routetop" type="cfm-slow" waiting="0.00" lane="top_0" pos="12.59" speed="24.39" angle="251.78" x="37.20" y="126.96"/>
        <vehicle id="cfm-slow_4" eclass="HBEFA3/PC_G_EU4" CO2="23096.31" CO="412.91" HC="2.46" NOx="10.19" PMx="0.57" fuel="9.93" electricity="0.00" noise="79.86" route="routetop" type="cfm-slow" waiting="0.00" lane="top_0" pos="32.74" speed="26.86" angle="215.60" x="4.92" y="99.09"/>
        <vehicle id="cfm-slow_5" eclass="HBEFA3/PC_G_EU4" CO2="15482.96" CO="267.70" HC="1.61" NOx="6.56" PMx="0.37" fuel="6.66" electricity="0.00" noise="76.38" route="routetop" type="cfm-slow" waiting="0.00" lane="left_0" pos="5.40" speed="28.91" angle="174.76" x="-3.95" y="52.00"/>
    </timestep>
    <timestep time="4.02">
        <vehicle id="cfm-fast_0" eclass="HBEFA3/PC_G_EU4" CO2="6857.71" CO="94.81" HC="0.61" NOx="2.47" PMx="0.15" fuel="2.95" electricity="0.00" noise="73.95" route="routetop" type="cfm-fast" waiting="0.00" lane="left_0" pos="30.36" speed="29.60" angle="129.83" x="23.96" y="7.72"/>
        <vehicle id="cfm-fast_1" eclass="HBEFA3/PC_G_EU4" CO2="212112.42" CO="4752.35" HC="26.97" NOx="98.85" PMx="5.71" fuel="91.18" electricity="0.00" noise="141.09" route="routebottom" type="cfm-fast" waiting="0.00" lane="bottom_1" pos="20.95" speed="54.39" angle="56.75" x="103.60" y="12.01"/>
        <vehicle id="cfm-fast_2" eclass="HBEFA3/PC_G_EU4" CO2="11535.27" CO="180.77" HC="1.11" NOx="4.71" PMx="0.27" fuel="4.96" electricity="0.00" noise="74.68" route="routebottom" type="cfm-fast" waiting="0.00" lane="bottom_0" pos="2.75" speed="27.98" angle="89.57" x="69.66" y="-4.68"/>
        <vehicle id="cfm-fast_3" eclass="HBEFA3/PC_G_EU4" CO2="0.00" CO="0.00" HC="0.00" NOx="0.00" PMx="0.00" fuel="0.00" electricity="0.00" noise="71.64" route="routebottom" type="cfm-fast" waiting="0.00" lane="bottom_0" pos="22.58" speed="28.07" angle="53.81" x="108.35" y="11.62"/>
        <vehicle id="cfm-fast_4" eclass="HBEFA3/PC_G_EU4" CO2="0.00" CO="0.00" HC="0.00" NOx="0.00" PMx="0.00" fuel="0.00" electricity="0.00" noise="70.08" route="routebottom" type="cfm-fast" waiting="0.00" lane="bottom_0" pos="42.37" speed="25.85" angle="18.31" x="130.29" y="47.30"/>
        <vehicle id="cfm-fast_5" eclass="HBEFA3/PC_G_EU4" CO2="213955.29" CO="4802.32" HC="27.24" NOx="99.71" PMx="5.76" fuel="91.97" electricity="0.00" noise="141.29" route="routebottom" type="cfm-fast" waiting="0.00" lane="right_1" pos="35.63" speed="54.82" angle="300.39" x="92.17" y="122.41"/>
        <vehicle id="cfm-slow_0" eclass="HBEFA3/PC_G_EU4" CO2="9088.63" CO="111.02" HC="0.73" NOx="3.73" PMx="0.19" fuel="3.91" electricity="0.00" noise="71.44" route="routebottom" type="cfm-slow" waiting="0.00" lane="right_0" pos="11.58" speed="20.65" angle="343.59" x="127.75" y="88.13"/>
        <vehicle id="cfm-slow_1" eclass="HBEFA3/PC_G_EU4" CO2="12597.14" CO="183.15" HC="1.14" NOx="5.37" PMx="0.28" fuel="5.41" electricity="0.00" noise="73.60" route="routebottom" type="cfm-slow" waiting="0.00" lane="right_0" pos="27.83" speed="21.24" angle="314.39" x="107.68" y="116.27"/>
        <vehicle id="cfm-slow_2" eclass="HBEFA3/PC_G_EU4" CO2="17820.77" CO="291.39" HC="1.77" NOx="7.80" PMx="0.42" fuel="7.66" electricity="0.00" noise="76.97" route="routebottom" type="cfm-slow" waiting="0.00" lane="right_0" pos="44.70" speed="22.44" angle="284.04" x="75.11" y="131.31"/>
        <vehicle id="cfm-slow_3" eclass="HBEFA3/PC_G_EU4" CO2="22859.22" CO="398.88" HC="2.38" NOx="10.14" PMx="0.55" fuel="9.83" electricity="0.00" noise="79.99" route="routetop" type="cfm-slow" waiting="0.00" lane="top_0" pos="12.83" speed="24.42" angle="251.39" x="36.71" y="126.76"/>
        <vehicle id="cfm-slow_4" eclass="HBEFA3/PC_G_EU4" CO2="23004.21" CO="411.14" HC="2.45" NOx="10.15" PMx="0.56" fuel="9.89" electricity="0.00" noise="79.81" route="routetop" type="cfm-slow" waiting="0.00" lane="top_0" pos="33.01" speed="26.88" angle="215.09" x="4.62" y="98.60"/>
        <vehicle id="cfm-slow_5" eclass="HBEFA3/PC_G_EU4" CO2="15367.69" CO="265.41" HC="1.59" NOx="6.50" PMx="0.37" fuel="6.61" electricity="0.00" noise="76.34" route="routetop" type="cfm-slow" waiting="0.00" lane="left_0" pos="5.69" speed="28.92" angle="174.23" x="-3.84" y="51.39"/>
    </timestep>
    <timestep time="4.03">
        <vehicle id="cfm-fast_0" eclass="HBEFA3/PC_G_EU4" CO2="6784.37" CO="93.31" HC="0.60" NOx="2.44" PMx="0.15" fuel="2.92" electricity="0.00" noise="73.93" route="routetop" type="cfm-fast" waiting="0.00" lane="left_0" pos="30.66" speed="29.60" angle="129.29" x="24.48" y="7.35"/>
        <vehicle id="cfm-fast_1" eclass="HBEFA3/PC_G_EU4" CO2="212696.02" CO="4768.16" HC="27.06" NOx="99.13" PMx="5.73" fuel="91.43" electricity="0.00" noise="141.15" route="routebottom" type="cfm-fast" waiting="0.00" lane="bottom_1" pos="21.50" speed="54.52" angle="55.75" x="104.48" y="12.70"/>
        <vehicle id="cfm-fast_2" eclass="HBEFA3/PC_G_EU4" CO2="11340.74" CO="176.82" HC="1.09" NOx="4.62" PMx="0.26" fuel="4.87" electricity="0.00" noise="74.62" route="routebottom" type="cfm-fast" waiting="0.00" lane="bottom_0" pos="3.03" speed="27.99" angle="89.07" x="70.26" y="-4.62"/>
        <vehicle id="cfm-fast_3" eclass="HBEFA3/PC_G_EU4" CO2="0.00" CO="0.00" HC="0.00" NOx="0.00" PMx="0.00" fuel="0.00" electricity="0.00" noise="71.62" route="routebottom" type="cfm-fast" waiting="0.00" lane="bottom_0" pos="22.86" speed="28.05" angle="53.27" x="108.80" y="12.01"/>
        <vehicle id="cfm-fast_4" eclass="HBEFA3/PC_G_EU4" CO2="0.00" CO="0.00" HC="0.00" NOx="0.00" PMx="0.00" fuel="0.00" electricity="0.00" noise="70.06" route="routebottom" type="cfm-fast" waiting="0.00" lane="bottom_0" pos="42.62" speed="25.83" angle="17.84" x="130.42" y="47.84"/>
        <vehicle id="cfm-fast_5" eclass="HBEFA3/PC_G_EU4" CO2="214539.82" CO="4818.20" HC="27.33" NOx="99.99" PMx="5.78" fuel="92.22" electricity="0.00" noise="141.36" route="routebottom" type="cfm-fast" waiting="0.00" lane="right_1" pos="36.17" speed="54.95" angle="299.42" x="91.15" y="122.90"/>
        <vehicle id="cfm-slow_0" eclass="HBEFA3/PC_G_EU4" CO2="9098.60" CO="111.22" HC="0.73" NOx="3.73" PMx="0.19" fuel="3.91" electricity="0.00" noise="71.45" route="routebottom" type="cfm-slow" waiting="0.00" lane="right_0" pos="11.79" speed="20.66" angle="343.21" x="127.59" y="88.54"/>
        <vehicle id="cfm-slow_1" eclass="HBEFA3/PC_G_EU4" CO2="12622.90" CO="183.69" HC="1.15" NOx="5.38" PMx="0.28" fuel="5.43" electricity="0.00" noise="73.62" route="routebottom" type="cfm-slow" waiting="0.00" lane="right_0" pos="28.04" speed="21.26" angle="313.99" x="107.34" y="116.57"/>
        <vehicle id="cfm-slow_2" eclass="HBEFA3/PC_G_EU4" CO2="17845.49" CO="291.93" HC="1.77" NOx="7.82" PMx="0.42" fuel="7.67" electricity="0.00" noise="76.98" route="routebottom" type="cfm-slow" waiting="0.00" lane="right_0" pos="44.92" speed="22.47" angle="283.69" x="74.64" y="131.39"/>
        <vehicle id="cfm-slow_3" eclass="HBEFA3/PC_G_EU4" CO2="22841.64" CO="398.60" HC="2.38" NOx="10.13" PMx="0.55" fuel="9.82" electricity="0.00" noise="79.98" route="routetop" type="cfm-slow" waiting="0.00" lane="top_0" pos="13.07" speed="24.45" angle="250.95" x="36.23" y="126.54"/>
        <vehicle id="cfm-slow_4" eclass="HBEFA3/PC_G_EU4" CO2="22912.01" CO="409.36" HC="2.44" NOx="10.11" PMx="0.56" fuel="9.85" electricity="0.00" noise="79.76" route="routetop" type="cfm-slow" waiting="0.00" lane="top_0" pos="33.28" speed="26.91" angle="214.61" x="4.32" y="98.10"/>
        <vehicle id="cfm-slow_5" eclass="HBEFA3/PC_G_EU4" CO2="15253.01" CO="263.13" HC="1.58" NOx="6.45" PMx="0.37" fuel="6.56" electricity="0.00" noise="76.30" route="routetop" type="cfm-slow" waiting="0.00" lane="left_0" pos="5.98" speed="28.93" angle="173.70" x="-3.72" y="50.78"/>
    </timestep>
    <timestep time="4.04">
        <vehicle id="cfm-fast_0" eclass="HBEFA3/PC_G_EU4" CO2="6710.92" CO="91.81" HC="0.59" NOx="2.40" PMx="0.15" fuel="2.88" electricity="0.00" noise="73.92" route="routetop" type="cfm-fast" waiting="0.00" lane="left_0" pos="30.96" speed="29.60" angle="128.81" x="25.00" y="6.98"/>
        <vehicle id="cfm-fast_1" eclass="HBEFA3/PC_G_EU4" CO2="213279.91" CO="4783.99" HC="27.14" NOx="99.40" PMx="5.74" fuel="91.68" electricity="0.00" noise="141.22" route="routebottom" type="cfm-fast" waiting="0.00" lane="bottom_1" pos="22.04" speed="54.66" angle="54.81" x="105.35" y="13.40"/>
        <vehicle id="cfm-fast_2" eclass="HBEFA3/PC_G_EU4" CO2="11146.82" CO="172.87" HC="1.07" NOx="4.53" PMx="0.26" fuel="4.79" electricity="0.00" noise="74.55" route="routebottom" type="cfm-fast" waiting="0.00" lane="bottom_0" pos="3.31" speed="28.00" angle="88.57" x="70.86" y="-4.56"/>
        <vehicle id="cfm-fast_3" eclass="HBEFA3/PC_G_EU4" CO2="0.00" CO="0.00" HC="0.00" NOx="0.00" PMx="0.00" fuel="0.00" electricity="0.00" noise="71.60" route="routebottom" type="cfm-fast" waiting="0.00" lane="bottom_0" pos="23.14" speed="28.04" angle="52.82" x="109.26" y="12.40"/>
        <vehicle id="cfm-fast_4" eclass="HBEFA3/PC_G_EU4" CO2="0.00" CO="0.00" HC="0.00" NOx="0.00" PMx="0.00" fuel="0.00" electricity="0.00" noise="70.05" route="routebottom" type="cfm-fast" waiting="0.00" lane="bottom_0" pos="42.88" speed="25.80" angle="17.37" x="130.54" y="48.39"/>
        <vehicle id="cfm-fast_5" eclass="HBEFA3/PC_G_EU4" CO2="215124.63" CO="4834.10" HC="27.42" NOx="100.26" PMx="5.80" fuel="92.47" electricity="0.00" noise="141.43" route="routebottom" type="cfm-fast" waiting="0.00" lane="right_1" pos="36.73" speed="55.09" angle="298.38" x="90.12" y="123.36"/>
        <vehicle id="cfm-slow_0" eclass="HBEFA3/PC_G_EU4" CO2="9108.91" CO="111.43" HC="0.73" NOx="3.73" PMx="0.19" fuel="3.92" electricity="0.00" noise="71.46" route="routebottom" type="cfm-slow" waiting="0.00" lane="right_0" pos="12.00" speed="20.67" angle="342.83" x="127.42" y="88.96"/>
        <vehicle id="cfm-slow_1" eclass="HBEFA3/PC_G_EU4" CO2="12648.84" CO="184.22" HC="1.15" NOx="5.39" PMx="0.28" fuel="5.44" electricity="0.00" noise="73.63" route="routebottom" type="cfm-slow" waiting="0.00" lane="right_0" pos="28.25" speed="21.28" angle="313.66" x="106.98" y="116.86"/>
        <vehicle id="cfm-slow_2" eclass="HBEFA3/PC_G_EU4" CO2="17870.03" CO="292.46" HC="1.77" NOx="7.83" PMx="0.42" fuel="7.68" electricity="0.00" noise="77.00" route="routebottom" type="cfm-slow" waiting="0.00" lane="right_0" pos="45.15" speed="22.49" angle="283.29" x="74.16" y="131.46"/>
        <vehicle id="cfm-slow_3" eclass="HBEFA3/PC_G_EU4" CO2="22823.57" CO="398.31" HC="2.38" NOx="10.12" PMx="0.55" fuel="9.81" electricity="0.00" noise="79.96" route="routetop" type="cfm-slow" waiting="0.00" lane="top_0" pos="13.32" speed="24.48" angle="250.50" x="35.75" y="126.33"/>
        <vehicle id="cfm-slow_4" eclass="HBEFA3/PC_G_EU4" CO2="22819.70" CO="407.59" HC="2.43" NOx="10.06" PMx="0.56" fuel="9.81" electricity="0.00" noise="79.71" route="routetop" type="cfm-slow" waiting="0.00" lane="top_0" pos="33.55" speed="26.93" angle="214.15" x="4.04" y="97.60"/>
        <vehicle id="cfm-slow_5" eclass="HBEFA3/PC_G_EU4" CO2="15138.91" CO="260.87" HC="1.57" NOx="6.39" PMx="0.37" fuel="6.51" electricity="0.00" noise="76.26" route="routetop" type="cfm-slow" waiting="0.00" lane="left_0" pos="6.27" speed="28.95" angle="173.19" x="-3.61" y="50.16"/>
    </timestep>
    <timestep time="4.05">
        <vehicle id="cfm-fast_0" eclass="HBEFA3/PC_G_EU4" CO2="6637.33" CO="90.30" HC="0.58" NOx="2.37" PMx="0.15" fuel="2.85" electricity="0.00" noise="73.90" route="routetop" type="cfm-fast" waiting="0.00" lane="left_0" pos="31.25" speed="29.61" angle="128.28" x="25.53" y="6.63"/>
        <vehicle id="cfm-fast_1" eclass="HBEFA3/PC_G_EU4" CO2="213864.10" CO="4799.85" HC="27.23" NOx="99.67" PMx="5.76" fuel="91.93" electricity="0.00" noise="141.28" route="routebottom" type="cfm-fast" waiting="0.00" lane="bottom_1" pos="22.59" speed="54.80" angle="53.81" x="106.21" y="14.13"/>
        <vehicle id="cfm-fast_2" eclass="HBEFA3/PC_G_EU4" CO2="10953.52" CO="168.94" HC="1.04" NOx="4.44" PMx="0.25" fuel="4.71" electricity="0.00" noise="74.49" route="routebottom" type="cfm-fast" waiting="0.00" lane="bottom_0" pos="3.59" speed="28.01" angle="88.06" x="71.46" y="-4.50"/>
        <vehicle id="cfm-fast_3" eclass="HBEFA3/PC_G_EU4" CO2="0.00" CO="0.00" HC="0.00" NOx="0.00" PMx="0.00" fuel="0.00" electricity="0.00" noise="71.59" route="routebottom" type="cfm-fast" waiting="0.00" lane="bottom_0" pos="23.42" speed="28.02" angle="52.32" x="109.70" y="12.81"/>
        <vehicle id="cfm-fast_4" eclass="HBEFA3/PC_G_EU4" CO2="0.00" CO="0.00" HC="0.00" NOx="0.00" PMx="0.00" fuel="0.00" electricity="0.00" noise="70.04" route="routebottom" type="cfm-fast" waiting="0.00" lane="bottom_0" pos="43.14" speed="25.78" angle="16.91" x="130.66" y="48.93"/>
        <vehicle id="cfm-fast_5" eclass="HBEFA3/PC_G_EU4" CO2="215709.74" CO="4850.02" HC="27.51" NOx="100.54" PMx="5.82" fuel="92.72" electricity="0.00" noise="141.49" route="routebottom" type="cfm-fast" waiting="0.00" lane="right_1" pos="37.28" speed="55.23" angle="297.41" x="89.09" y="123.82"/>
        <vehicle id="cfm-slow_0" eclass="HBEFA3/PC_G_EU4" CO2="9119.56" CO="111.65" HC="0.73" NOx="3.74" PMx="0.19" fuel="3.92" electricity="0.00" noise="71.47" route="routebottom" type="cfm-slow" waiting="0.00" lane="right_0" pos="12.20" speed="20.68" angle="342.46" x="127.26" y="89.37"/>
        <vehicle id="cfm-slow_1" eclass="HBEFA3/PC_G_EU4" CO2="12674.97" CO="184.76" HC="1.15" NOx="5.40" PMx="0.28" fuel="5.45" electricity="0.00" noise="73.65" route="routebottom" type="cfm-slow" waiting="0.00" lane="right_0" pos="28.46" speed="21.29" angle="313.27" x="106.62" y="117.14"/>
        <vehicle id="cfm-slow_2" eclass="HBEFA3/PC_G_EU4" CO2="17894.39" CO="292.99" HC="1.78" NOx="7.84" PMx="0.42" fuel="7.69" electricity="0.00" noise="77.01" route="routebottom" type="cfm-slow" waiting="0.00" lane="right_0" pos="45.37" speed="22.52" angle="282.88" x="73.68" y="131.53"/>
        <vehicle id="cfm-slow_3" eclass="HBEFA3/PC_G_EU4" CO2="22805.02" CO="398.01" HC="2.38" NOx="10.11" PMx="0.55" fuel="9.80" electricity="0.00" noise="79.94" route="routetop" type="cfm-slow" waiting="0.00" lane="top_0" pos="13.56" speed="24.50" angle="250.05" x="35.27" y="126.11"/>
        <vehicle id="cfm-slow_4" eclass="HBEFA3/PC_G_EU4" CO2="22727.30" CO="405.81" HC="2.41" NOx="10.02" PMx="0.56" fuel="9.77" electricity="0.00" noise="79.65" route="routetop" type="cfm-slow" waiting="0.00" lane="top_0" pos="33.82" speed="26.96" angle="213.66" x="3.76" y="97.09"/>
        <vehicle id="cfm-slow_5" eclass="HBEFA3/PC_G_EU4" CO2="15025.37" CO="258.61" HC="1.56" NOx="6.34" PMx="0.36" fuel="6.46" electricity="0.00" noise="76.22" route="routetop" type="cfm-slow" waiting="0.00" lane="left_0" pos="6.56" speed="28.96" angle="172.69" x="-3.48" y="49.55"/>
    </timestep>
    <timestep time="4.06">
        <vehicle id="cfm-fast_0" eclass="HBEFA3/PC_G_EU4" CO2="6563.63" CO="88.79" HC="0.57" NOx="2.33" PMx="0.14" fuel="2.82" electricity="0.00" noise="73.89" route="routetop" type="cfm-fast" waiting="0.00" lane="left_0" pos="31.55" speed="29.61" angle="127.74" x="26.06" y="6.28"/>
        <vehicle id="cfm-fast_1" eclass="HBEFA3/PC_G_EU4" CO2="214448.58" CO="4815.72" HC="27.32" NOx="99.95" PMx="5.78" fuel="92.18" electricity="0.00" noise="141.35" route="routebottom" type="cfm-fast" waiting="0.00" lane="bottom_1" pos="23.14" speed="54.93" angle="52.88" x="107.07" y="14.86"/>
        <vehicle id="cfm-fast_2" eclass="HBEFA3/PC_G_EU4" CO2="10760.88" CO="165.01" HC="1.02" NOx="4.35" PMx="0.25" fuel="4.63" electricity="0.00" noise="74.43" route="routebottom" type="cfm-fast" waiting="0.00" lane="bottom_0" pos="3.87" speed="28.01" angle="87.58" x="72.06" y="-4.43"/>
        <vehicle id="cfm-fast_3" eclass="HBEFA3/PC_G_EU4" CO2="0.00" CO="0.00" HC="0.00" NOx="0.00" PMx="0.00" fuel="0.00" electricity="0.00" noise="71.57" route="routebottom" type="cfm-fast" waiting="0.00" lane="bottom_0" pos="23.70" speed="28.01" angle="51.81" x="110.15" y="13.22"/>
        <vehicle id="cfm-fast_4" eclass="HBEFA3/PC_G_EU4" CO2="0.00" CO="0.00" HC="0.00" NOx="0.00" PMx="0.00" fuel="0.00" electricity="0.00" noise="70.03" route="routebottom" type="cfm-fast" waiting="0.00" lane="bottom_0" pos="43.40" speed="25.75" angle="16.44" x="130.78" y="49.47"/>
        <vehicle id="cfm-fast_5" eclass="HBEFA3/PC_G_EU4" CO2="216295.14" CO="4865.97" HC="27.59" NOx="100.81" PMx="5.83" fuel="92.97" electricity="0.00" noise="141.56" route="routebottom" type="cfm-fast" waiting="0.00" lane="right_1" pos="37.83" speed="55.36" angle="296.38" x="88.03" y="124.24"/>
        <vehicle id="cfm-slow_0" eclass="HBEFA3/PC_G_EU4" CO2="9130.55" CO="111.87" HC="0.73" NOx="3.74" PMx="0.19" fuel="3.92" electricity="0.00" noise="71.48" route="routebottom" type="cfm-slow" waiting="0.00" lane="right_0" pos="12.41" speed="20.69" angle="342.08" x="127.09" y="89.78"/>
        <vehicle id="cfm-slow_1" eclass="HBEFA3/PC_G_EU4" CO2="12701.27" CO="185.30" HC="1.16" NOx="5.41" PMx="0.28" fuel="5.46" electricity="0.00" noise="73.67" route="routebottom" type="cfm-slow" waiting="0.00" lane="right_0" pos="28.68" speed="21.31" angle="312.88" x="106.26" y="117.43"/>
        <vehicle id="cfm-slow_2" eclass="HBEFA3/PC_G_EU4" CO2="17918.58" CO="293.51" HC="1.78" NOx="7.85" PMx="0.42" fuel="7.70" electricity="0.00" noise="77.03" route="routebottom" type="cfm-slow" waiting="0.00" lane="right_0" pos="45.60" speed="22.54" angle="282.48" x="73.20" y="131.60"/>
        <vehicle id="cfm-slow_3" eclass="HBEFA3/PC_G_EU4" CO2="22785.99" CO="397.70" HC="2.38" NOx="10.10" PMx="0.55" fuel="9.79" electricity="0.00" noise="79.93" route="routetop" type="cfm-slow" waiting="0.00" lane="top_0" pos="13.81" speed="24.53" angle="249.60" x="34.78" y="125.90"/>
        <vehicle id="cfm-slow_4" eclass="HBEFA3/PC_G_EU4" CO2="22634.80" CO="404.03" HC="2.40" NOx="9.97" PMx="0.55" fuel="9.73" electricity="0.00" noise="79.60" route="routetop" type="cfm-slow" waiting="0.00" lane="top_0" pos="34.09" speed="26.99" angle="213.17" x="3.48" y="96.58"/>
        <vehicle id="cfm-slow_5" eclass="HBEFA3/PC_G_EU4" CO2="14912.41" CO="256.37" HC="1.54" NOx="6.29" PMx="0.36" fuel="6.41" electricity="0.00" noise="76.18" route="routetop" type="cfm-slow" waiting="0.00" lane="left_0" pos="6.85" speed="28.97" angle="172.13" x="-3.34" y="48.95"/>
    </timestep>
    <timestep time="4.07">
        <vehicle id="cfm-fast_0" eclass="HBEFA3/PC_G_EU4" CO2="6489.80" CO="87.28" HC="0.56" NOx="2.30" PMx="0.14" fuel="2.79" electricity="0.00" noise="73.87" route="routetop" type="cfm-fast" waiting="0.00" lane="left_0" pos="31.84" speed="29.61" angle="127.21" x="26.60" y="5.93"/>
        <vehicle id="cfm-fast_1" eclass="HBEFA3/PC_G_EU4" CO2="215033.35" CO="4831.62" HC="27.41" NOx="100.22" PMx="5.80" fuel="92.43" electricity="0.00" noise="141.42" route="routebottom" type="cfm-fast" waiting="0.00" lane="bottom_1" pos="23.69" speed="55.07" angle="51.89" x="107.90" y="15.63"/>
        <vehicle id="cfm-fast_2" eclass="HBEFA3/PC_G_EU4" CO2="10568.89" CO="161.10" HC="1.00" NOx="4.26" PMx="0.24" fuel="4.54" electricity="0.00" noise="74.37" route="routebottom" type="cfm-fast" waiting="0.00" lane="bottom_0" pos="4.15" speed="28.02" angle="87.07" x="72.65" y="-4.35"/>
        <vehicle id="cfm-fast_3" eclass="HBEFA3/PC_G_EU4" CO2="0.00" CO="0.00" HC="0.00" NOx="0.00" PMx="0.00" fuel="0.00" electricity="0.00" noise="71.55" route="routebottom" type="cfm-fast" waiting="0.00" lane="bottom_0" pos="23.98" speed="28.00" angle="51.31" x="110.59" y="13.63"/>
        <vehicle id="cfm-fast_4" eclass="HBEFA3/PC_G_EU4" CO2="0.00" CO="0.00" HC="0.00" NOx="0.00" PMx="0.00" fuel="0.00" electricity="0.00" noise="70.02" route="routebottom" type="cfm-fast" waiting="0.00" lane="bottom_0" pos="43.65" speed="25.73" angle="16.02" x="130.90" y="50.01"/>
        <vehicle id="cfm-fast_5" eclass="HBEFA3/PC_G_EU4" CO2="216880.83" CO="4881.93" HC="27.68" NOx="101.08" PMx="5.85" fuel="93.23" electricity="0.00" noise="141.62" route="routebottom" type="cfm-fast" waiting="0.00" lane="right_1" pos="38.39" speed="55.50" angle="295.37" x="86.97" y="124.66"/>
        <vehicle id="cfm-slow_0" eclass="HBEFA3/PC_G_EU4" CO2="9141.88" CO="112.10" HC="0.73" NOx="3.75" PMx="0.19" fuel="3.93" electricity="0.00" noise="71.49" route="routebottom" type="cfm-slow" waiting="0.00" lane="right_0" pos="12.62" speed="20.70" angle="341.70" x="126.93" y="90.20"/>
        <vehicle id="cfm-slow_1" eclass="HBEFA3/PC_G_EU4" CO2="12727.75" CO="185.85" HC="1.16" NOx="5.43" PMx="0.28" fuel="5.47" electricity="0.00" noise="73.69" route="routebottom" type="cfm-slow" waiting="0.00" lane="right_0" pos="28.89" speed="21.33" angle="312.50" x="105.90" y="117.71"/>
        <vehicle id="cfm-slow_2" eclass="HBEFA3/PC_G_EU4" CO2="17942.57" CO="294.04" HC="1.78" NOx="7.86" PMx="0.42" fuel="7.71" electricity="0.00" noise="77.04" route="routebottom" type="cfm-slow" waiting="0.00" lane="right_0" pos="45.82" speed="22.56" angle="282.07" x="72.72" y="131.67"/>
        <vehicle id="cfm-slow_3" eclass="HBEFA3/PC_G_EU4" CO2="22766.47" CO="397.38" HC="2.38" NOx="10.09" PMx="0.55" fuel="9.79" electricity="0.00" noise="79.91" route="routetop" type="cfm-slow" waiting="0.00" lane="top_0" pos="14.06" speed="24.56" angle="249.21" x="34.30" y="125.68"/>
        <vehicle id="cfm-slow_4" eclass="HBEFA3/PC_G_EU4" CO2="22542.22" CO="402.24" HC="2.39" NOx="9.93" PMx="0.55" fuel="9.69" electricity="0.00" noise="79.55" route="routetop" type="cfm-slow" waiting="0.00" lane="top_0" pos="34.36" speed="27.01" angle="212.68" x="3.19" y="96.07"/>
        <vehicle id="cfm-slow_5" eclass="HBEFA3/PC_G_EU4" CO2="14800.00" CO="254.13" HC="1.53" NOx="6.23" PMx="0.36" fuel="6.36" electricity="0.00" noise="76.14" route="routetop" type="cfm-slow" waiting="0.00" lane="left_0" pos="7.14" speed="28.98" angle="171.57" x="-3.20" y="48.34"/>
    </timestep>
    <timestep time="4.08">
        <vehicle id="cfm-fast_0" eclass="HBEFA3/PC_G_EU4" CO2="6415.85" CO="85.77" HC="0.56" NOx="2.26" PMx="0.14" fuel="2.76" electricity="0.00" noise="73.86" route="routetop" type="cfm-fast" waiting="0.00" lane="left_0" pos="32.14" speed="29.61" angle="126.73" x="27.13" y="5.58"/>
        <vehicle id="cfm-fast_1" eclass="HBEFA3/PC_G_EU4" CO2="215618.41" CO="4847.54" HC="27.49" NOx="100.49" PMx="5.81" fuel="92.68" electricity="0.00" noise="141.48" route="routebottom" type="cfm-fast" waiting="0.00" lane="bottom_1" pos="24.24" speed="55.21" angle="50.91" x="108.73" y="16.39"/>
        <vehicle id="cfm-fast_2" eclass="HBEFA3/PC_G_EU4" CO2="10377.59" CO="157.21" HC="0.98" NOx="4.17" PMx="0.24" fuel="4.46" electricity="0.00" noise="74.31" route="routebottom" type="cfm-fast" waiting="0.00" lane="bottom_0" pos="4.43" speed="28.03" angle="86.56" x="73.25" y="-4.27"/>
        <vehicle id="cfm-fast_3" eclass="HBEFA3/PC_G_EU4" CO2="0.00" CO="0.00" HC="0.00" NOx="0.00" PMx="0.00" fuel="0.00" electricity="0.00" noise="71.54" route="routebottom" type="cfm-fast" waiting="0.00" lane="bottom_0" pos="24.26" speed="27.98" angle="50.82" x="111.03" y="14.04"/>
        <vehicle id="cfm-fast_4" eclass="HBEFA3/PC_G_EU4" CO2="0.00" CO="0.00" HC="0.00" NOx="0.00" PMx="0.00" fuel="0.00" electricity="0.00" noise="70.00" route="routebottom" type="cfm-fast" waiting="0.00" lane="bottom_0" pos="43.91" speed="25.70" angle="15.54" x="131.00" y="50.55"/>
        <vehicle id="cfm-fast_5" eclass="HBEFA3/PC_G_EU4" CO2="217466.82" CO="4897.92" HC="27.77" NOx="101.36" PMx="5.87" fuel="93.48" electricity="0.00" noise="141.69" route="routebottom" type="cfm-fast" waiting="0.00" lane="right_1" pos="38.94" speed="55.64" angle="294.41" x="85.90" y="125.05"/>
        <vehicle id="cfm-slow_0" eclass="HBEFA3/PC_G_EU4" CO2="9153.53" CO="112.33" HC="0.74" NOx="3.75" PMx="0.19" fuel="3.93" electricity="0.00" noise="71.50" route="routebottom" type="cfm-slow" waiting="0.00" lane="right_0" pos="12.83" speed="20.72" angle="341.38" x="126.76" y="90.61"/>
        <vehicle id="cfm-slow_1" eclass="HBEFA3/PC_G_EU4" CO2="12754.39" CO="186.40" HC="1.16" NOx="5.44" PMx="0.28" fuel="5.48" electricity="0.00" noise="73.71" route="routebottom" type="cfm-slow" waiting="0.00" lane="right_0" pos="29.10" speed="21.34" angle="312.11" x="105.54" y="117.99"/>
        <vehicle id="cfm-slow_2" eclass="HBEFA3/PC_G_EU4" CO2="17966.38" CO="294.56" HC="1.79" NOx="7.87" PMx="0.42" fuel="7.72" electricity="0.00" noise="77.05" route="routebottom" type="cfm-slow" waiting="0.00" lane="right_0" pos="46.05" speed="22.59" angle="281.66" x="72.24" y="131.74"/>
        <vehicle id="cfm-slow_3" eclass="HBEFA3/PC_G_EU4" CO2="22746.47" CO="397.05" HC="2.37" NOx="10.08" PMx="0.55" fuel="9.78" electricity="0.00" noise="79.89" route="routetop" type="cfm-slow" waiting="0.00" lane="top_0" pos="14.30" speed="24.59" angle="248.75" x="33.83" y="125.45"/>
        <vehicle id="cfm-slow_4" eclass="HBEFA3/PC_G_EU4" CO2="22449.56" CO="400.46" HC="2.38" NOx="9.88" PMx="0.55" fuel="9.65" electricity="0.00" noise="79.50" route="routetop" type="cfm-slow" waiting="0.00" lane="top_0" pos="34.63" speed="27.04" angle="212.25" x="2.91" y="95.56"/>
        <vehicle id="cfm-slow_5" eclass="HBEFA3/PC_G_EU4" CO2="14688.15" CO="251.91" HC="1.52" NOx="6.18" PMx="0.35" fuel="6.31" electricity="0.00" noise="76.10" route="routetop" type="cfm-slow" waiting="0.00" lane="left_0" pos="7.43" speed="29.00" angle="171.01" x="-3.06" y="47.73"/>
    </timestep>
    <timestep time="4.09">
        <vehicle id="cfm-fast_0" eclass="HBEFA3/PC_G_EU4" CO2="6341.77" CO="84.25" HC="0.55" NOx="2.23" PMx="0.14" fuel="2.73" electricity="0.00" noise="73.84" route="routetop" type="cfm-fast" waiting="0.00" lane="left_0" pos="32.44" speed="29.61" angle="126.18" x="27.68" y="5.25"/>
        <vehicle id="cfm-fast_1" eclass="HBEFA3/PC_G_EU4" CO2="216203.77" CO="4863.48" HC="27.58" NOx="100.77" PMx="5.83" fuel="92.94" electricity="0.00" noise="141.55" route="routebottom" type="cfm-fast" waiting="0.00" lane="bottom_1" pos="24.80" speed="55.34" angle="49.92" x="109.54" y="17.19"/>
        <vehicle id="cfm-fast_2" eclass="HBEFA3/PC_G_EU4" CO2="10186.99" CO="153.32" HC="0.95" NOx="4.08" PMx="0.23" fuel="4.38" electricity="0.00" noise="74.25" route="routebottom" type="cfm-fast" waiting="0.00" lane="bottom_0" pos="4.71" speed="28.03" angle="86.05" x="73.85" y="-4.18"/>
        <vehicle id="cfm-fast_3" eclass="HBEFA3/PC_G_EU4" CO2="0.00" CO="0.00" HC="0.00" NOx="0.00" PMx="0.00" fuel="0.00" electricity="0.00" noise="71.52" route="routebottom" type="cfm-fast" waiting="0.00" lane="bottom_0" pos="24.54" speed="27.97" angle="50.34" x="111.46" y="14.45"/>
        <vehicle id="cfm-fast_4" eclass="HBEFA3/PC_G_EU4" CO2="0.00" CO="0.00" HC="0.00" NOx="0.00" PMx="0.00" fuel="0.00" electricity="0.00" noise="69.99" route="routebottom" type="cfm-fast" waiting="0.00" lane="bottom_0" pos="44.17" speed="25.68" angle="15.05" x="131.10" y="51.09"/>
        <vehicle id="cfm-fast_5" eclass="HBEFA3/PC_G_EU4" CO2="218053.09" CO="4913.93" HC="27.86" NOx="101.63" PMx="5.88" fuel="93.73" electricity="0.00" noise="141.76" route="routebottom" type="cfm-fast" waiting="0.00" lane="right_1" pos="39.50" speed="55.77" angle="293.42" x="84.83" y="125.45"/>
        <vehicle id="cfm-slow_0" eclass="HBEFA3/PC_G_EU4" CO2="9165.51" CO="112.58" HC="0.74" NOx="3.76" PMx="0.19" fuel="3.94" electricity="0.00" noise="71.51" route="routebottom" type="cfm-slow" waiting="0.00" lane="right_0" pos="13.03" speed="20.73" angle="341.01" x="126.58" y="91.02"/>
        <vehicle id="cfm-slow_1" eclass="HBEFA3/PC_G_EU4" CO2="12781.20" CO="186.96" HC="1.17" NOx="5.45" PMx="0.29" fuel="5.49" electricity="0.00" noise="73.72" route="routebottom" type="cfm-slow" waiting="0.00" lane="right_0" pos="29.32" speed="21.36" angle="311.72" x="105.18" y="118.28"/>
        <vehicle id="cfm-slow_2" eclass="HBEFA3/PC_G_EU4" CO2="17989.99" CO="295.07" HC="1.79" NOx="7.88" PMx="0.42" fuel="7.73" electricity="0.00" noise="77.07" route="routebottom" type="cfm-slow" waiting="0.00" lane="right_0" pos="46.28" speed="22.61" angle="281.31" x="71.75" y="131.80"/>
        <vehicle id="cfm-slow_3" eclass="HBEFA3/PC_G_EU4" CO2="22725.99" CO="396.71" HC="2.37" NOx="10.07" PMx="0.55" fuel="9.77" electricity="0.00" noise="79.88" route="routetop" type="cfm-slow" waiting="0.00" lane="top_0" pos="14.55" speed="24.62" angle="248.28" x="33.36" y="125.21"/>
        <vehicle id="cfm-slow_4" eclass="HBEFA3/PC_G_EU4" CO2="22356.82" CO="398.67" HC="2.37" NOx="9.84" PMx="0.55" fuel="9.61" electricity="0.00" noise="79.45" route="routetop" type="cfm-slow" waiting="0.00" lane="top_0" pos="34.90" speed="27.06" angle="211.75" x="2.65" y="95.04"/>
        <vehicle id="cfm-slow_5" eclass="HBEFA3/PC_G_EU4" CO2="14576.84" CO="249.70" HC="1.50" NOx="6.13" PMx="0.35" fuel="6.27" electricity="0.00" noise="76.06" route="routetop" type="cfm-slow" waiting="0.00" lane="left_0" pos="7.72" speed="29.01" angle="170.53" x="-2.92" y="47.12"/>
    </timestep>
    <timestep time="4.10">
        <vehicle id="cfm-fast_0" eclass="HBEFA3/PC_G_EU4" CO2="6267.56" CO="82.72" HC="0.54" NOx="2.19" PMx="0.14" fuel="2.69" electricity="0.00" noise="73.83" route="routetop" type="cfm-fast" waiting="0.00" lane="left_0" pos="32.73" speed="29.61" angle="125.63" x="28.22" y="4.92"/>
        <vehicle id="cfm-fast_1" eclass="HBEFA3/PC_G_EU4" CO2="216789.41" CO="4879.44" HC="27.67" NOx="101.04" PMx="5.85" fuel="93.19" electricity="0.00" noise="141.61" route="routebottom" type="cfm-fast" waiting="0.00" lane="bottom_1" pos="25.35" speed="55.48" angle="48.87" x="110.34" y="18.00"/>
        <vehicle id="cfm-fast_2" eclass="HBEFA3/PC_G_EU4" CO2="9997.10" CO="149.45" HC="0.93" NOx="3.99" PMx="0.23" fuel="4.30" electricity="0.00" noise="74.20" route="routebottom" type="cfm-fast" waiting="0.00" lane="bottom_0" pos="4.99" speed="28.04" angle="85.55" x="74.45" y="-4.10"/>
        <vehicle id="cfm-fast_3" eclass="HBEFA3/PC_G_EU4" CO2="0.00" CO="0.00" HC="0.00" NOx="0.00" PMx="0.00" fuel="0.00" electricity="0.00" noise="71.51" route="routebottom" type="cfm-fast" waiting="0.00" lane="bottom_0" pos="24.82" speed="27.95" angle="49.82" x="111.89" y="14.88"/>
        <vehicle id="cfm-fast_4" eclass="HBEFA3/PC_G_EU4" CO2="0.00" CO="0.00" HC="0.00" NOx="0.00" PMx="0.00" fuel="0.00" electricity="0.00" noise="69.98" route="routebottom" type="cfm-fast" waiting="0.00" lane="bottom_0" pos="44.42" speed="25.65" angle="14.57" x="131.20" y="51.64"/>
        <vehicle id="cfm-fast_5" eclass="HBEFA3/PC_G_EU4" CO2="218639.66" CO="4929.95" HC="27.95" NOx="101.91" PMx="5.90" fuel="93.98" electricity="0.00" noise="141.82" route="routebottom" type="cfm-fast" waiting="0.00" lane="right_1" pos="40.06" speed="55.91" angle="292.46" x="83.74" y="125.81"/>
        <vehicle id="cfm-slow_0" eclass="HBEFA3/PC_G_EU4" CO2="9177.82" CO="112.82" HC="0.74" NOx="3.77" PMx="0.19" fuel="3.95" electricity="0.00" noise="71.52" route="routebottom" type="cfm-slow" waiting="0.00" lane="right_0" pos="13.24" speed="20.74" angle="340.63" x="126.40" y="91.42"/>
        <vehicle id="cfm-slow_1" eclass="HBEFA3/PC_G_EU4" CO2="12808.16" CO="187.52" HC="1.17" NOx="5.46" PMx="0.29" fuel="5.51" electricity="0.00" noise="73.74" route="routebottom" type="cfm-slow" waiting="0.00" lane="right_0" pos="29.53" speed="21.38" angle="311.38" x="104.81" y="118.56"/>
        <vehicle id="cfm-slow_2" eclass="HBEFA3/PC_G_EU4" CO2="18013.40" CO="295.58" HC="1.79" NOx="7.89" PMx="0.42" fuel="7.74" electricity="0.00" noise="77.08" route="routebottom" type="cfm-slow" waiting="0.00" lane="right_0" pos="46.50" speed="22.64" angle="280.90" x="71.27" y="131.85"/>
        <vehicle id="cfm-slow_3" eclass="HBEFA3/PC_G_EU4" CO2="22705.04" CO="396.37" HC="2.37" NOx="10.06" PMx="0.55" fuel="9.76" electricity="0.00" noise="79.86" route="routetop" type="cfm-slow" waiting="0.00" lane="top_0" pos="14.79" speed="24.65" angle="247.81" x="32.88" y="124.97"/>
        <vehicle id="cfm-slow_4" eclass="HBEFA3/PC_G_EU4" CO2="22264.01" CO="396.88" HC="2.36" NOx="9.80" PMx="0.55" fuel="9.57" electricity="0.00" noise="79.40" route="routetop" type="cfm-slow" waiting="0.00" lane="top_0" pos="35.17" speed="27.09" angle="211.25" x="2.39" y="94.52"/>
        <vehicle id="cfm-slow_5" eclass="HBEFA3/PC_G_EU4" CO2="14466.06" CO="247.50" HC="1.49" NOx="6.07" PMx="0.35" fuel="6.22" electricity="0.00" noise="76.02" route="routetop" type="cfm-slow" waiting="0.00" lane="left_0" pos="8.01" speed="29.02" angle="170.00" x="-2.76" y="46.52"/>
    </timestep>
    <timestep time="4.11">
        <vehicle id="cfm-fast_0" eclass="HBEFA3/PC_G_EU4" CO2="6193.22" CO="81.20" HC="0.53" NOx="2.16" PMx="0.14" fuel="2.66" electricity="0.00" noise="73.81" route="routetop" type="cfm-fast" waiting="0.00" lane="left_0" pos="33.03" speed="29.61" angle="125.07" x="28.77" y="4.60"/>
        <vehicle id="cfm-fast_1" eclass="HBEFA3/PC_G_EU4" CO2="217375.35" CO="4895.42" HC="27.76" NOx="101.32" PMx="5.86" fuel="93.44" electricity="0.00" noise="141.68" route="routebottom" type="cfm-fast" waiting="0.00" lane="bottom_1" pos="25.91" speed="55.62" angle="47.90" x="111.13" y="18.82"/>
        <vehicle id="cfm-fast_2" eclass="HBEFA3/PC_G_EU4" CO2="9807.95" CO="145.59" HC="0.91" NOx="3.90" PMx="0.22" fuel="4.22" electricity="0.00" noise="74.14" route="routebottom" type="cfm-fast" waiting="0.00" lane="bottom_0" pos="5.27" speed="28.05" angle="85.00" x="75.04" y="-4.00"/>
        <vehicle id="cfm-fast_3" eclass="HBEFA3/PC_G_EU4" CO2="0.00" CO="0.00" HC="0.00" NOx="0.00" PMx="0.00" fuel="0.00" electricity="0.00" noise="71.49" route="routebottom" type="cfm-fast" waiting="0.00" lane="bottom_0" pos="25.10" speed="27.94" angle="49.30" x="112.31" y="15.30"/>
        <vehicle id="cfm-fast_4" eclass="HBEFA3/PC_G_EU4" CO2="0.00" CO="0.00" HC="0.00" NOx="0.00" PMx="0.00" fuel="0.00" electricity="0.00" noise="69.97" route="routebottom" type="cfm-fast" waiting="0.00" lane="bottom_0" pos="44.68" speed="25.63" angle="14.08" x="131.30" y="52.18"/>
        <vehicle id="cfm-fast_5" eclass="HBEFA3/PC_G_EU4" CO2="219226.52" CO="4946.01" HC="28.03" NOx="102.18" PMx="5.92" fuel="94.23" electricity="0.00" noise="141.89" route="routebottom" type="cfm-fast" waiting="0.00" lane="right_1" pos="40.62" speed="56.05" angle="291.41" x="82.64" y="126.15"/>
        <vehicle id="cfm-slow_0" eclass="HBEFA3/PC_G_EU4" CO2="9190.45" CO="113.08" HC="0.74" NOx="3.77" PMx="0.19" fuel="3.95" electricity="0.00" noise="71.53" route="routebottom" type="cfm-slow" waiting="0.00" lane="right_0" pos="13.45" speed="20.75" angle="340.25" x="126.21" y="91.83"/>
        <vehicle id="cfm-slow_1" eclass="HBEFA3/PC_G_EU4" CO2="12835.28" CO="188.08" HC="1.17" NOx="5.48" PMx="0.29" fuel="5.52" electricity="0.00" noise="73.76" route="routebottom" type="cfm-slow" waiting="0.00" lane="right_0" pos="29.75" speed="21.39" angle="310.99" x="104.44" y="118.83"/>
        <vehicle id="cfm-slow_2" eclass="HBEFA3/PC_G_EU4" CO2="18036.61" CO="296.09" HC="1.79" NOx="7.90" PMx="0.42" fuel="7.75" electricity="0.00" noise="77.10" route="routebottom" type="cfm-slow" waiting="0.00" lane="right_0" pos="46.73" speed="22.66" angle="280.48" x="70.78" y="131.90"/>
        <vehicle id="cfm-slow_3" eclass="HBEFA3/PC_G_EU4" CO2="22683.60" CO="396.01" HC="2.37" NOx="10.05" PMx="0.55" fuel="9.75" electricity="0.00" noise="79.84" route="routetop" type="cfm-slow" waiting="0.00" lane="top_0" pos="15.04" speed="24.68" angle="247.34" x="32.41" y="124.73"/>
        <vehicle id="cfm-slow_4" eclass="HBEFA3/PC_G_EU4" CO2="22171.13" CO="395.09" HC="2.35" NOx="9.75" PMx="0.54" fuel="9.53" electricity="0.00" noise="79.35" route="routetop" type="cfm-slow" waiting="0.00" lane="top_0" pos="35.44" speed="27.11" angle="210.75" x="2.13" y="94.00"/>
        <vehicle id="cfm-slow_5" eclass="HBEFA3/PC_G_EU4" CO2="14355.82" CO="245.30" HC="1.48" NOx="6.02" PMx="0.35" fuel="6.17" electricity="0.00" noise="75.98" route="routetop" type="cfm-slow" waiting="0.00" lane="left_0" pos="8.30" speed="29.03" angle="169.47" x="-2.60" y="45.92"/>
    </timestep>
    <timestep time="4.12">
        <vehicle id="cfm-fast_0" eclass="HBEFA3/PC_G_EU4" CO2="6118.76" CO="79.67" HC="0.52" NOx="2.12" PMx="0.13" fuel="2.63" electricity="0.00" noise="73.80" route="routetop" type="cfm-fast" waiting="0.00" lane="left_0" pos="33.32" speed="29.61" angle="124.57" x="29.31" y="4.27"/>
        <vehicle id="cfm-fast_1" eclass="HBEFA3/PC_G_EU4" CO2="217961.58" CO="4911.43" HC="27.84" NOx="101.59" PMx="5.88" fuel="93.69" electricity="0.00" noise="141.74" route="routebottom" type="cfm-fast" waiting="0.00" lane="bottom_1" pos="26.46" speed="55.75" angle="46.88" x="111.91" y="19.66"/>
        <vehicle id="cfm-fast_2" eclass="HBEFA3/PC_G_EU4" CO2="9619.54" CO="141.75" HC="0.89" NOx="3.81" PMx="0.22" fuel="4.13" electricity="0.00" noise="74.09" route="routebottom" type="cfm-fast" waiting="0.00" lane="bottom_0" pos="5.55" speed="28.05" angle="84.49" x="75.63" y="-3.89"/>
        <vehicle id="cfm-fast_3" eclass="HBEFA3/PC_G_EU4" CO2="0.00" CO="0.00" HC="0.00" NOx="0.00" PMx="0.00" fuel="0.00" electricity="0.00" noise="71.47" route="routebottom" type="cfm-fast" waiting="0.00" lane="bottom_0" pos="25.37" speed="27.92" angle="48.78" x="112.74" y="15.73"/>
        <vehicle id="cfm-fast_4" eclass="HBEFA3/PC_G_EU4" CO2="0.00" CO="0.00" HC="0.00" NOx="0.00" PMx="0.00" fuel="0.00" electricity="0.00" noise="69.96" route="routebottom" type="cfm-fast" waiting="0.00" lane="bottom_0" pos="44.94" speed="25.60" angle="13.67" x="131.40" y="52.72"/>
        <vehicle id="cfm-fast_5" eclass="HBEFA3/PC_G_EU4" CO2="219813.67" CO="4962.08" HC="28.12" NOx="102.46" PMx="5.93" fuel="94.49" electricity="0.00" noise="141.95" route="routebottom" type="cfm-fast" waiting="0.00" lane="right_1" pos="41.18" speed="56.18" angle="290.41" x="81.54" y="126.48"/>
        <vehicle id="cfm-slow_0" eclass="HBEFA3/PC_G_EU4" CO2="9203.40" CO="113.34" HC="0.74" NOx="3.78" PMx="0.19" fuel="3.96" electricity="0.00" noise="71.54" route="routebottom" type="cfm-slow" waiting="0.00" lane="right_0" pos="13.66" speed="20.76" angle="339.88" x="126.03" y="92.24"/>
        <vehicle id="cfm-slow_1" eclass="HBEFA3/PC_G_EU4" CO2="12862.55" CO="188.64" HC="1.18" NOx="5.49" PMx="0.29" fuel="5.53" electricity="0.00" noise="73.78" route="routebottom" type="cfm-slow" waiting="0.00" lane="right_0" pos="29.96" speed="21.41" angle="310.59" x="104.07" y="119.09"/>
        <vehicle id="cfm-slow_2" eclass="HBEFA3/PC_G_EU4" CO2="18059.61" CO="296.60" HC="1.80" NOx="7.91" PMx="0.42" fuel="7.76" electricity="0.00" noise="77.11" route="routebottom" type="cfm-slow" waiting="0.00" lane="right_0" pos="46.96" speed="22.69" angle="280.06" x="70.30" y="131.95"/>
        <vehicle id="cfm-slow_3" eclass="HBEFA3/PC_G_EU4" CO2="22661.70" CO="395.64" HC="2.36" NOx="10.04" PMx="0.55" fuel="9.74" electricity="0.00" noise="79.82" route="routetop" type="cfm-slow" waiting="0.00" lane="top_0" pos="15.29" speed="24.71" angle="246.90" x="31.93" y="124.49"/>
        <vehicle id="cfm-slow_4" eclass="HBEFA3/PC_G_EU4" CO2="22078.19" CO="393.30" HC="2.34" NOx="9.71" PMx="0.54" fuel="9.49" electricity="0.00" noise="79.30" route="routetop" type="cfm-slow" waiting="0.00" lane="top_0" pos="35.71" speed="27.13" angle="210.25" x="1.87" y="93.48"/>
        <vehicle id="cfm-slow_5" eclass="HBEFA3/PC_G_EU4" CO2="14246.11" CO="243.12" HC="1.47" NOx="5.97" PMx="0.34" fuel="6.12" electricity="0.00" noise="75.94" route="routetop" type="cfm-slow" waiting="0.00" lane="left_0" pos="8.59" speed="29.04" angle="168.94" x="-2.44" y="45.31"/>
    </timestep>
    <timestep time="4.13">
        <vehicle id="cfm-fast_0" eclass="HBEFA3/PC_G_EU4" CO2="6044.17" CO="78.14" HC="0.51" NOx="2.09" PMx="0.13" fuel="2.60" electricity="0.00" noise="73.78" route="routetop" type="cfm-fast" waiting="0.00" lane="left_0" pos="33.62" speed="29.61" angle="124.04" x="29.87" y="3.96"/>
        <vehicle id="cfm-fast_1" eclass="HBEFA3/PC_G_EU4" CO2="218548.11" CO="4927.45" HC="27.93" NOx="101.86" PMx="5.90" fuel="93.94" electricity="0.00" noise="141.81" route="routebottom" type="cfm-fast" waiting="0.00" lane="bottom_1" pos="27.02" speed="55.89" angle="45.91" x="112.68" y="20.50"/>
        <vehicle id="cfm-fast_2" eclass="HBEFA3/PC_G_EU4" CO2="9431.90" CO="137.92" HC="0.87" NOx="3.72" PMx="0.21" fuel="4.05" electricity="0.00" noise="74.03" route="routebottom" type="cfm-fast" waiting="0.00" lane="bottom_0" pos="5.83" speed="28.06" angle="83.97" x="76.23" y="-3.78"/>
        <vehicle id="cfm-fast_3" eclass="HBEFA3/PC_G_EU4" CO2="0.00" CO="0.00" HC="0.00" NOx="0.00" PMx="0.00" fuel="0.00" electricity="0.00" noise="71.46" route="routebottom" type="cfm-fast" waiting="0.00" lane="bottom_0" pos="25.65" speed="27.91" angle="48.33" x="113.16" y="16.16"/>
        <vehicle id="cfm-fast_4" eclass="HBEFA3/PC_G_EU4" CO2="0.00" CO="0.00" HC="0.00" NOx="0.00" PMx="0.00" fuel="0.00" electricity="0.00" noise="69.95" route="routebottom" type="cfm-fast" waiting="0.00" lane="bottom_0" pos="45.19" speed="25.58" angle="13.21" x="131.48" y="53.27"/>
        <vehicle id="cfm-fast_5" eclass="HBEFA3/PC_G_EU4" CO2="220401.12" CO="4978.17" HC="28.21" NOx="102.73" PMx="5.95" fuel="94.74" electricity="0.00" noise="142.02" route="routebottom" type="cfm-fast" waiting="0.00" lane="right_1" pos="41.75" speed="56.32" angle="289.36" x="80.42" y="126.77"/>
        <vehicle id="cfm-slow_0" eclass="HBEFA3/PC_G_EU4" CO2="9216.66" CO="113.61" HC="0.74" NOx="3.78" PMx="0.19" fuel="3.96" electricity="0.00" noise="71.55" route="routebottom" type="cfm-slow" waiting="0.00" lane="right_0" pos="13.86" speed="20.77" angle="339.50" x="125.85" y="92.65"/>
        <vehicle id="cfm-slow_1" eclass="HBEFA3/PC_G_EU4" CO2="12889.96" CO="189.21" HC="1.18" NOx="5.50" PMx="0.29" fuel="5.54" electricity="0.00" noise="73.80" route="routebottom" type="cfm-slow" waiting="0.00" lane="right_0" pos="30.17" speed="21.43" angle="310.19" x="103.69" y="119.36"/>
        <vehicle id="cfm-slow_2" eclass="HBEFA3/PC_G_EU4" CO2="18082.41" CO="297.10" HC="1.80" NOx="7.92" PMx="0.43" fuel="7.77" electricity="0.00" noise="77.12" route="routebottom" type="cfm-slow" waiting="0.00" lane="right_0" pos="47.18" speed="22.71" angle="279.65" x="69.81" y="132.00"/>
        <vehicle id="cfm-slow_3" eclass="HBEFA3/PC_G_EU4" CO2="22639.31" CO="395.27" HC="2.36" NOx="10.03" PMx="0.55" fuel="9.73" electricity="0.00" noise="79.81" route="routetop" type="cfm-slow" waiting="0.00" lane="top_0" pos="15.54" speed="24.74" angle="246.49" x="31.46" y="124.24"/>
        <vehicle id="cfm-slow_4" eclass="HBEFA3/PC_G_EU4" CO2="21985.19" CO="391.51" HC="2.33" NOx="9.66" PMx="0.54" fuel="9.45" electricity="0.00" noise="79.25" route="routetop" type="cfm-slow" waiting="0.00" lane="top_0" pos="35.98" speed="27.16" angle="209.80" x="1.62" y="92.95"/>
        <vehicle id="cfm-slow_5" eclass="HBEFA3/PC_G_EU4" CO2="14136.91" CO="240.95" HC="1.45" NOx="5.92" PMx="0.34" fuel="6.08" electricity="0.00" noise="75.91" route="routetop" type="cfm-slow" waiting="0.00" lane="left_0" pos="8.88" speed="29.06" angle="168.44" x="-2.27" y="44.71"/>
    </timestep>
    <timestep time="4.14">
        <vehicle id="cfm-fast_0" eclass="HBEFA3/PC_G_EU4" CO2="5969.44" CO="76.60" HC="0.50" NOx="2.05" PMx="0.13" fuel="2.57" electricity="0.00" noise="73.76" route="routetop" type="cfm-fast" waiting="0.00" lane="left_0" pos="33.92" speed="29.61" angle="123.49" x="30.43" y="3.65"/>
        <vehicle id="cfm-fast_1" eclass="HBEFA3/PC_G_EU4" CO2="219134.92" CO="4943.50" HC="28.02" NOx="102.14" PMx="5.91" fuel="94.20" electricity="0.00" noise="141.88" route="routebottom" type="cfm-fast" waiting="0.00" lane="bottom_1" pos="27.58" speed="56.02" angle="44.84" x="113.42" y="21.38"/>
        <vehicle id="cfm-fast_2" eclass="HBEFA3/PC_G_EU4" CO2="9245.05" CO="134.10" HC="0.84" NOx="3.63" PMx="0.21" fuel="3.97" electricity="0.00" noise="73.98" route="routebottom" type="cfm-fast" waiting="0.00" lane="bottom_0" pos="6.11" speed="28.07" angle="83.46" x="76.82" y="-3.67"/>
        <vehicle id="cfm-fast_3" eclass="HBEFA3/PC_G_EU4" CO2="0.00" CO="0.00" HC="0.00" NOx="0.00" PMx="0.00" fuel="0.00" electricity="0.00" noise="71.44" route="routebottom" type="cfm-fast" waiting="0.00" lane="bottom_0" pos="25.93" speed="27.89" angle="47.82" x="113.57" y="16.60"/>
        <vehicle id="cfm-fast_4" eclass="HBEFA3/PC_G_EU4" CO2="0.00" CO="0.00" HC="0.00" NOx="0.00" PMx="0.00" fuel="0.00" electricity="0.00" noise="69.93" route="routebottom" type="cfm-fast" waiting="0.00" lane="bottom_0" pos="45.45" speed="25.55" angle="12.75" x="131.55" y="53.81"/>
        <vehicle id="cfm-fast_5" eclass="HBEFA3/PC_G_EU4" CO2="220988.85" CO="4994.29" HC="28.30" NOx="103.01" PMx="5.97" fuel="94.99" electricity="0.00" noise="142.08" route="routebottom" type="cfm-fast" waiting="0.00" lane="right_1" pos="42.31" speed="56.45" angle="288.36" x="79.31" y="127.07"/>
        <vehicle id="cfm-slow_0" eclass="HBEFA3/PC_G_EU4" CO2="9230.24" CO="113.89" HC="0.74" NOx="3.79" PMx="0.19" fuel="3.97" electricity="0.00" noise="71.56" route="routebottom" type="cfm-slow" waiting="0.00" lane="right_0" pos="14.07" speed="20.78" angle="339.18" x="125.67" y="93.05"/>
        <vehicle id="cfm-slow_1" eclass="HBEFA3/PC_G_EU4" CO2="12917.52" CO="189.78" HC="1.18" NOx="5.51" PMx="0.29" fuel="5.55" electricity="0.00" noise="73.82" route="routebottom" type="cfm-slow" waiting="0.00" lane="right_0" pos="30.39" speed="21.45" angle="309.79" x="103.32" y="119.63"/>
        <vehicle id="cfm-slow_2" eclass="HBEFA3/PC_G_EU4" CO2="18104.98" CO="297.59" HC="1.80" NOx="7.93" PMx="0.43" fuel="7.78" electricity="0.00" noise="77.13" route="routebottom" type="cfm-slow" waiting="0.00" lane="right_0" pos="47.41" speed="22.73" angle="279.26" x="69.33" y="132.05"/>
        <vehicle id="cfm-slow_3" eclass="HBEFA3/PC_G_EU4" CO2="22616.46" CO="394.88" HC="2.36" NOx="10.01" PMx="0.55" fuel="9.72" electricity="0.00" noise="79.79" route="routetop" type="cfm-slow" waiting="0.00" lane="top_0" pos="15.78" speed="24.76" angle="246.04" x="31.00" y="123.98"/>
        <vehicle id="cfm-slow_4" eclass="HBEFA3/PC_G_EU4" CO2="21892.13" CO="389.71" HC="2.32" NOx="9.62" PMx="0.54" fuel="9.41" electricity="0.00" noise="79.20" route="routetop" type="cfm-slow" waiting="0.00" lane="top_0" pos="36.25" speed="27.18" angle="209.29" x="1.38" y="92.42"/>
        <vehicle id="cfm-slow_5" eclass="HBEFA3/PC_G_EU4" CO2="14028.23" CO="238.79" HC="1.44" NOx="5.87" PMx="0.34" fuel="6.03" electricity="0.00" noise="75.87" route="routetop" type="cfm-slow" waiting="0.00" lane="left_0" pos="9.17" speed="29.07" angle="167.93" x="-2.09" y="44.11"/>
    </timestep>
    <timestep time="4.15">
        <vehicle id="cfm-fast_0" eclass="HBEFA3/PC_G_EU4" CO2="5894.60" CO="75.06" HC="0.49" NOx="2.02" PMx="0.13" fuel="2.53" electricity="0.00" noise="73.75" route="routetop" type="cfm-fast" waiting="0.00" lane="left_0" pos="34.21" speed="29.61" angle="122.95" x="30.99" y="3.34"/>
        <vehicle id="cfm-fast_1" eclass="HBEFA3/PC_G_EU4" CO2="219722.03" CO="4959.57" HC="28.11" NOx="102.41" PMx="5.93" fuel="94.45" electricity="0.00" noise="141.94" route="routebottom" type="cfm-fast" waiting="0.00" lane="bottom_1" pos="28.14" speed="56.16" angle="43.81" x="114.17" y="22.26"/>
        <vehicle id="cfm-fast_2" eclass="HBEFA3/PC_G_EU4" CO2="9058.99" CO="130.30" HC="0.82" NOx="3.54" PMx="0.20" fuel="3.89" electricity="0.00" noise="73.93" route="routebottom" type="cfm-fast" waiting="0.00" lane="bottom_0" pos="6.39" speed="28.07" angle="83.00" x="77.42" y="-3.56"/>
        <vehicle id="cfm-fast_3" eclass="HBEFA3/PC_G_EU4" CO2="0.00" CO="0.00" HC="0.00" NOx="0.00" PMx="0.00" fuel="0.00" electricity="0.00" noise="71.43" route="routebottom" type="cfm-fast" waiting="0.00" lane="bottom_0" pos="26.21" speed="27.88" angle="47.31" x="113.98" y="17.04"/>
        <vehicle id="cfm-fast_4" eclass="HBEFA3/PC_G_EU4" CO2="0.00" CO="0.00" HC="0.00" NOx="0.00" PMx="0.00" fuel="0.00" electricity="0.00" noise="69.92" route="routebottom" type="cfm-fast" waiting="0.00" lane="bottom_0" pos="45.70" speed="25.53" angle="12.29" x="131.63" y="54.35"/>
        <vehicle id="cfm-fast_5" eclass="HBEFA3/PC_G_EU4" CO2="221576.88" CO="5010.42" HC="28.39" NOx="103.28" PMx="5.99" fuel="95.24" electricity="0.00" noise="142.15" route="routebottom" type="cfm-fast" waiting="0.00" lane="right_1" pos="42.88" speed="56.59" angle="287.36" x="78.17" y="127.33"/>
        <vehicle id="cfm-slow_0" eclass="HBEFA3/PC_G_EU4" CO2="9244.13" CO="114.17" HC="0.75" NOx="3.80" PMx="0.19" fuel="3.97" electricity="0.00" noise="71.57" route="routebottom" type="cfm-slow" waiting="0.00" lane="right_0" pos="14.28" speed="20.79" angle="338.79" x="125.47" y="93.45"/>
        <vehicle id="cfm-slow_1" eclass="HBEFA3/PC_G_EU4" CO2="12945.21" CO="190.36" HC="1.19" NOx="5.53" PMx="0.29" fuel="5.56" electricity="0.00" noise="73.84" route="routebottom" type="cfm-slow" waiting="0.00" lane="right_0" pos="30.60" speed="21.46" angle="309.39" x="102.94" y="119.90"/>
        <vehicle id="cfm-slow_2" eclass="HBEFA3/PC_G_EU4" CO2="18127.34" CO="298.09" HC="1.81" NOx="7.94" PMx="0.43" fuel="7.79" electricity="0.00" noise="77.15" route="routebottom" type="cfm-slow" waiting="0.00" lane="right_0" pos="47.64" speed="22.76" angle="278.87" x="68.84" y="132.08"/>
        <vehicle id="cfm-slow_3" eclass="HBEFA3/PC_G_EU4" CO2="22593.14" CO="394.49" HC="2.36" NOx="10.00" PMx="0.55" fuel="9.71" electricity="0.00" noise="79.77" route="routetop" type="cfm-slow" waiting="0.00" lane="top_0" pos="16.03" speed="24.79" angle="245.59" x="30.53" y="123.73"/>
        <vehicle id="cfm-slow_4" eclass="HBEFA3/PC_G_EU4" CO2="21799.03" CO="387.91" HC="2.31" NOx="9.57" PMx="0.53" fuel="9.37" electricity="0.00" noise="79.15" route="routetop" type="cfm-slow" waiting="0.00" lane="top_0" pos="36.53" speed="27.21" angle="208.78" x="1.14" y="91.88"/>
        <vehicle id="cfm-slow_5" eclass="HBEFA3/PC_G_EU4" CO2="13920.05" CO="236.63" HC="1.43" NOx="5.81" PMx="0.33" fuel="5.98" electricity="0.00" noise="75.83" route="routetop" type="cfm-slow" waiting="0.00" lane="left_0" pos="9.46" speed="29.08" angle="167.39" x="-1.91" y="43.51"/>
    </timestep>
    <timestep time="4.16">
        <vehicle id="cfm-fast_0" eclass="HBEFA3/PC_G_EU4" CO2="5819.62" CO="73.52" HC="0.48" NOx="1.98" PMx="0.13" fuel="2.50" electricity="0.00" noise="73.73" route="routetop" type="cfm-fast" waiting="0.00" lane="left_0" pos="34.51" speed="29.61" angle="122.41" x="31.54" y="3.03"/>
        <vehicle id="cfm-fast_1" eclass="HBEFA3/PC_G_EU4" CO2="220309.42" CO="4975.66" HC="28.20" NOx="102.69" PMx="5.95" fuel="94.70" electricity="0.00" noise="142.01" route="routebottom" type="cfm-fast" waiting="0.00" lane="bottom_1" pos="28.71" speed="56.30" angle="42.79" x="114.88" y="23.17"/>
        <vehicle id="cfm-fast_2" eclass="HBEFA3/PC_G_EU4" CO2="8873.74" CO="126.52" HC="0.80" NOx="3.46" PMx="0.20" fuel="3.81" electricity="0.00" noise="73.87" route="routebottom" type="cfm-fast" waiting="0.00" lane="bottom_0" pos="6.67" speed="28.08" angle="82.47" x="78.00" y="-3.43"/>
        <vehicle id="cfm-fast_3" eclass="HBEFA3/PC_G_EU4" CO2="0.00" CO="0.00" HC="0.00" NOx="0.00" PMx="0.00" fuel="0.00" electricity="0.00" noise="71.42" route="routebottom" type="cfm-fast" waiting="0.00" lane="bottom_0" pos="26.49" speed="27.86" angle="46.80" x="114.39" y="17.48"/>
        <vehicle id="cfm-fast_4" eclass="HBEFA3/PC_G_EU4" CO2="0.00" CO="0.00" HC="0.00" NOx="0.00" PMx="0.00" fuel="0.00" electricity="0.00" noise="69.91" route="routebottom" type="cfm-fast" waiting="0.00" lane="bottom_0" pos="45.96" speed="25.50" angle="11.82" x="131.71" y="54.90"/>
        <vehicle id="cfm-fast_5" eclass="HBEFA3/PC_G_EU4" CO2="222165.20" CO="5026.58" HC="28.48" NOx="103.56" PMx="6.00" fuel="95.50" electricity="0.00" noise="142.22" route="routebottom" type="cfm-fast" waiting="0.00" lane="right_1" pos="43.44" speed="56.73" angle="286.36" x="77.04" y="127.59"/>
        <vehicle id="cfm-slow_0" eclass="HBEFA3/PC_G_EU4" CO2="9258.32" CO="114.46" HC="0.75" NOx="3.80" PMx="0.19" fuel="3.98" electricity="0.00" noise="71.58" route="routebottom" type="cfm-slow" waiting="0.00" lane="right_0" pos="14.49" speed="20.80" angle="338.39" x="125.27" y="93.85"/>
        <vehicle id="cfm-slow_1" eclass="HBEFA3/PC_G_EU4" CO2="12973.03" CO="190.93" HC="1.19" NOx="5.54" PMx="0.29" fuel="5.58" electricity="0.00" noise="73.86" route="routebottom" type="cfm-slow" waiting="0.00" lane="right_0" pos="30.82" speed="21.48" angle="309.06" x="102.57" y="120.17"/>
        <vehicle id="cfm-slow_2" eclass="HBEFA3/PC_G_EU4" CO2="18149.48" CO="298.57" HC="1.81" NOx="7.95" PMx="0.43" fuel="7.80" electricity="0.00" noise="77.16" route="routebottom" type="cfm-slow" waiting="0.00" lane="right_0" pos="47.87" speed="22.78" angle="278.44" x="68.35" y="132.11"/>
        <vehicle id="cfm-slow_3" eclass="HBEFA3/PC_G_EU4" CO2="22569.35" CO="394.08" HC="2.36" NOx="9.99" PMx="0.55" fuel="9.70" electricity="0.00" noise="79.75" route="routetop" type="cfm-slow" waiting="0.00" lane="top_0" pos="16.28" speed="24.82" angle="245.14" x="30.06" y="123.47"/>
        <vehicle id="cfm-slow_4" eclass="HBEFA3/PC_G_EU4" CO2="21705.88" CO="386.12" HC="2.30" NOx="9.53" PMx="0.53" fuel="9.33" electricity="0.00" noise="79.10" route="routetop" type="cfm-slow" waiting="0.00" lane="top_0" pos="36.80" speed="27.23" angle="208.27" x="0.89" y="91.35"/>
        <vehicle id="cfm-slow_5" eclass="HBEFA3/PC_G_EU4" CO2="13812.37" CO="234.49" HC="1.42" NOx="5.76" PMx="0.33" fuel="5.94" electricity="0.00" noise="75.80" route="routetop" type="cfm-slow" waiting="0.00" lane="left_0" pos="9.75" speed="29.09" angle="166.85" x="-1.72" y="42.91"/>
    </timestep>
    <timestep time="4.17">
        <vehicle id="cfm-fast_0" eclass="HBEFA3/PC_G_EU4" CO2="5744.52" CO="71.98" HC="0.48" NOx="1.95" PMx="0.12" fuel="2.47" electricity="0.00" noise="73.72" route="routetop" type="cfm-fast" waiting="0.00" lane="left_0" pos="34.81" speed="29.61" angle="121.92" x="32.11" y="2.74"/>
        <vehicle id="cfm-fast_1" eclass="HBEFA3/PC_G_EU4" CO2="220897.11" CO="4991.77" HC="28.28" NOx="102.96" PMx="5.97" fuel="94.95" electricity="0.00" noise="142.07" route="routebottom" type="cfm-fast" waiting="0.00" lane="bottom_1" pos="29.27" speed="56.43" angle="41.74" x="115.59" y="24.08"/>
        <vehicle id="cfm-fast_2" eclass="HBEFA3/PC_G_EU4" CO2="8689.32" CO="122.75" HC="0.78" NOx="3.37" PMx="0.19" fuel="3.74" electricity="0.00" noise="73.82" route="routebottom" type="cfm-fast" waiting="0.00" lane="bottom_0" pos="6.95" speed="28.08" angle="81.93" x="78.59" y="-3.29"/>
        <vehicle id="cfm-fast_3" eclass="HBEFA3/PC_G_EU4" CO2="0.00" CO="0.00" HC="0.00" NOx="0.00" PMx="0.00" fuel="0.00" electricity="0.00" noise="71.40" route="routebottom" type="cfm-fast" waiting="0.00" lane="bottom_0" pos="26.77" speed="27.84" angle="46.30" x="114.79" y="17.91"/>
        <vehicle id="cfm-fast_4" eclass="HBEFA3/PC_G_EU4" CO2="0.00" CO="0.00" HC="0.00" NOx="0.00" PMx="0.00" fuel="0.00" electricity="0.00" noise="69.90" route="routebottom" type="cfm-fast" waiting="0.00" lane="bottom_0" pos="46.21" speed="25.48" angle="11.42" x="131.79" y="55.44"/>
        <vehicle id="cfm-fast_5" eclass="HBEFA3/PC_G_EU4" CO2="222753.81" CO="5042.76" HC="28.56" NOx="103.83" PMx="6.02" fuel="95.75" electricity="0.00" noise="142.28" route="routebottom" type="cfm-fast" waiting="0.00" lane="right_1" pos="44.01" speed="56.86" angle="285.34" x="75.90" y="127.81"/>
        <vehicle id="cfm-slow_0" eclass="HBEFA3/PC_G_EU4" CO2="9272.81" CO="114.76" HC="0.75" NOx="3.81" PMx="0.19" fuel="3.99" electricity="0.00" noise="71.59" route="routebottom" type="cfm-slow" waiting="0.00" lane="right_0" pos="14.69" speed="20.81" angle="337.99" x="125.07" y="94.25"/>
        <vehicle id="cfm-slow_1" eclass="HBEFA3/PC_G_EU4" CO2="13000.97" CO="191.51" HC="1.19" NOx="5.55" PMx="0.29" fuel="5.59" electricity="0.00" noise="73.87" route="routebottom" type="cfm-slow" waiting="0.00" lane="right_0" pos="31.03" speed="21.50" angle="308.67" x="102.18" y="120.43"/>
        <vehicle id="cfm-slow_2" eclass="HBEFA3/PC_G_EU4" CO2="18171.40" CO="299.06" HC="1.81" NOx="7.96" PMx="0.43" fuel="7.81" electricity="0.00" noise="77.17" route="routebottom" type="cfm-slow" waiting="0.00" lane="right_0" pos="48.09" speed="22.81" angle="278.02" x="67.86" y="132.14"/>
        <vehicle id="cfm-slow_3" eclass="HBEFA3/PC_G_EU4" CO2="22545.09" CO="393.67" HC="2.35" NOx="9.98" PMx="0.55" fuel="9.69" electricity="0.00" noise="79.73" route="routetop" type="cfm-slow" waiting="0.00" lane="top_0" pos="16.53" speed="24.85" angle="244.70" x="29.59" y="123.21"/>
        <vehicle id="cfm-slow_4" eclass="HBEFA3/PC_G_EU4" CO2="21612.69" CO="384.32" HC="2.29" NOx="9.48" PMx="0.53" fuel="9.29" electricity="0.00" noise="79.05" route="routetop" type="cfm-slow" waiting="0.00" lane="top_0" pos="37.07" speed="27.25" angle="207.77" x="0.65" y="90.81"/>
        <vehicle id="cfm-slow_5" eclass="HBEFA3/PC_G_EU4" CO2="13705.18" CO="232.35" HC="1.40" NOx="5.71" PMx="0.33" fuel="5.89" electricity="0.00" noise="75.76" route="routetop" type="cfm-slow" waiting="0.00" lane="left_0" pos="10.05" speed="29.10" angle="166.31" x="-1.54" y="42.32"/>
    </timestep>
    <timestep time="4.18">
        <vehicle id="cfm-fast_0" eclass="HBEFA3/PC_G_EU4" CO2="5669.29" CO="70.43" HC="0.47" NOx="1.91" PMx="0.12" fuel="2.44" electricity="0.00" noise="73.70" route="routetop" type="cfm-fast" waiting="0.00" lane="left_0" pos="35.10" speed="29.61" angle="121.37" x="32.68" y="2.46"/>
        <vehicle id="cfm-fast_1" eclass="HBEFA3/PC_G_EU4" CO2="221485.10" CO="5007.90" HC="28.37" NOx="103.24" PMx="5.98" fuel="95.21" electricity="0.00" noise="142.14" route="routebottom" type="cfm-fast" waiting="0.00" lane="bottom_1" pos="29.84" speed="56.57" angle="40.78" x="116.29" y="25.01"/>
        <vehicle id="cfm-fast_2" eclass="HBEFA3/PC_G_EU4" CO2="8505.75" CO="119.00" HC="0.76" NOx="3.28" PMx="0.19" fuel="3.66" electricity="0.00" noise="73.77" route="routebottom" type="cfm-fast" waiting="0.00" lane="bottom_0" pos="7.23" speed="28.08" angle="81.39" x="79.18" y="-3.16"/>
        <vehicle id="cfm-fast_3" eclass="HBEFA3/PC_G_EU4" CO2="0.00" CO="0.00" HC="0.00" NOx="0.00" PMx="0.00" fuel="0.00" electricity="0.00" noise="71.39" route="routebottom" type="cfm-fast" waiting="0.00" lane="bottom_0" pos="27.05" speed="27.83" angle="45.85" x="115.19" y="18.36"/>
        <vehicle id="cfm-fast_4" eclass="HBEFA3/PC_G_EU4" CO2="0.00" CO="0.00" HC="0.00" NOx="0.00" PMx="0.00" fuel="0.00" electricity="0.00" noise="69.89" route="routebottom" type="cfm-fast" waiting="0.00" lane="bottom_0" pos="46.47" speed="25.45" angle="10.95" x="131.84" y="55.99"/>
        <vehicle id="cfm-fast_5" eclass="HBEFA3/PC_G_EU4" CO2="223342.71" CO="5058.96" HC="28.65" NOx="104.11" PMx="6.04" fuel="96.00" electricity="0.00" noise="142.35" route="routebottom" type="cfm-fast" waiting="0.00" lane="right_1" pos="44.58" speed="57.00" angle="284.23" x="74.75" y="128.02"/>
        <vehicle id="cfm-slow_0" eclass="HBEFA3/PC_G_EU4" CO2="9287.61" CO="115.06" HC="0.75" NOx="3.82" PMx="0.19" fuel="3.99" electricity="0.00" noise="71.60" route="routebottom" type="cfm-slow" waiting="0.00" lane="right_0" pos="14.90" speed="20.82" angle="337.60" x="124.86" y="94.65"/>
        <vehicle id="cfm-slow_1" eclass="HBEFA3/PC_G_EU4" CO2="13029.04" CO="192.10" HC="1.20" NOx="5.56" PMx="0.29" fuel="5.60" electricity="0.00" noise="73.89" route="routebottom" type="cfm-slow" waiting="0.00" lane="right_0" pos="31.25" speed="21.51" angle="308.28" x="101.80" y="120.68"/>
        <vehicle id="cfm-slow_2" eclass="HBEFA3/PC_G_EU4" CO2="18193.08" CO="299.54" HC="1.81" NOx="7.97" PMx="0.43" fuel="7.82" electricity="0.00" noise="77.19" route="routebottom" type="cfm-slow" waiting="0.00" lane="right_0" pos="48.32" speed="22.83" angle="277.59" x="67.37" y="132.17"/>
        <vehicle id="cfm-slow_3" eclass="HBEFA3/PC_G_EU4" CO2="22520.37" CO="393.25" HC="2.35" NOx="9.97" PMx="0.55" fuel="9.68" electricity="0.00" noise="79.71" route="routetop" type="cfm-slow" waiting="0.00" lane="top_0" pos="16.78" speed="24.88" angle="244.30" x="29.13" y="122.94"/>
        <vehicle id="cfm-slow_4" eclass="HBEFA3/PC_G_EU4" CO2="21519.46" CO="382.52" HC="2.28" NOx="9.44" PMx="0.53" fuel="9.25" electricity="0.00" noise="79.00" route="routetop" type="cfm-slow" waiting="0.00" lane="top_0" pos="37.34" speed="27.28" angle="207.33" x="0.42" y="90.27"/>
        <vehicle id="cfm-slow_5" eclass="HBEFA3/PC_G_EU4" CO2="13598.48" CO="230.23" HC="1.39" NOx="5.66" PMx="0.33" fuel="5.85" electricity="0.00" noise="75.72" route="routetop" type="cfm-slow" waiting="0.00" lane="left_0" pos="10.34" speed="29.11" angle="165.84" x="-1.35" y="41.72"/>
    </timestep>
    <timestep time="4.19">
        <vehicle id="cfm-fast_0" eclass="HBEFA3/PC_G_EU4" CO2="0.00" CO="0.00" HC="0.00" NOx="0.00" PMx="0.00" fuel="0.00" electricity="0.00" noise="73.69" route="routetop" type="cfm-fast" waiting="0.00" lane="left_0" pos="35.40" speed="29.61" angle="120.82" x="33.25" y="2.17"/>
        <vehicle id="cfm-fast_1" eclass="HBEFA3/PC_G_EU4" CO2="222073.37" CO="5024.06" HC="28.46" NOx="103.51" PMx="6.00" fuel="95.46" electricity="0.00" noise="142.21" route="routebottom" type="cfm-fast" waiting="0.00" lane="bottom_1" pos="30.40" speed="56.71" angle="39.76" x="116.97" y="25.95"/>
        <vehicle id="cfm-fast_2" eclass="HBEFA3/PC_G_EU4" CO2="8323.04" CO="115.26" HC="0.74" NOx="3.20" PMx="0.18" fuel="3.58" electricity="0.00" noise="73.73" route="routebottom" type="cfm-fast" waiting="0.00" lane="bottom_0" pos="7.51" speed="28.09" angle="80.85" x="79.77" y="-3.02"/>
        <vehicle id="cfm-fast_3" eclass="HBEFA3/PC_G_EU4" CO2="0.00" CO="0.00" HC="0.00" NOx="0.00" PMx="0.00" fuel="0.00" electricity="0.00" noise="71.37" route="routebottom" type="cfm-fast" waiting="0.00" lane="bottom_0" pos="27.33" speed="27.81" angle="45.33" x="115.58" y="18.82"/>
        <vehicle id="cfm-fast_4" eclass="HBEFA3/PC_G_EU4" CO2="0.00" CO="0.00" HC="0.00" NOx="0.00" PMx="0.00" fuel="0.00" electricity="0.00" noise="69.88" route="routebottom" type="cfm-fast" waiting="0.00" lane="bottom_0" pos="46.72" speed="25.43" angle="10.49" x="131.90" y="56.53"/>
        <vehicle id="cfm-fast_5" eclass="HBEFA3/PC_G_EU4" CO2="223931.91" CO="5075.19" HC="28.74" NOx="104.39" PMx="6.05" fuel="96.26" electricity="0.00" noise="142.41" route="routebottom" type="cfm-fast" waiting="0.00" lane="right_1" pos="45.15" speed="57.14" angle="283.23" x="73.59" y="128.21"/>
        <vehicle id="cfm-slow_0" eclass="HBEFA3/PC_G_EU4" CO2="9302.70" CO="115.37" HC="0.75" NOx="3.82" PMx="0.19" fuel="4.00" electricity="0.00" noise="71.61" route="routebottom" type="cfm-slow" waiting="0.00" lane="right_0" pos="15.11" speed="20.84" angle="337.20" x="124.66" y="95.06"/>
        <vehicle id="cfm-slow_1" eclass="HBEFA3/PC_G_EU4" CO2="13057.22" CO="192.68" HC="1.20" NOx="5.58" PMx="0.29" fuel="5.61" electricity="0.00" noise="73.91" route="routebottom" type="cfm-slow" waiting="0.00" lane="right_0" pos="31.46" speed="21.53" angle="307.89" x="101.41" y="120.94"/>
        <vehicle id="cfm-slow_2" eclass="HBEFA3/PC_G_EU4" CO2="18214.54" CO="300.02" HC="1.82" NOx="7.98" PMx="0.43" fuel="7.83" electricity="0.00" noise="77.20" route="routebottom" type="cfm-slow" waiting="0.00" lane="right_0" pos="48.55" speed="22.86" angle="277.16" x="66.88" y="132.19"/>
        <vehicle id="cfm-slow_3" eclass="HBEFA3/PC_G_EU4" CO2="22495.19" CO="392.82" HC="2.35" NOx="9.95" PMx="0.55" fuel="9.67" electricity="0.00" noise="79.69" route="routetop" type="cfm-slow" waiting="0.00" lane="top_0" pos="17.03" speed="24.91" angle="243.85" x="28.67" y="122.67"/>
        <vehicle id="cfm-slow_4" eclass="HBEFA3/PC_G_EU4" CO2="21426.19" CO="380.72" HC="2.27" NOx="9.40" PMx="0.52" fuel="9.21" electricity="0.00" noise="78.95" route="routetop" type="cfm-slow" waiting="0.00" lane="top_0" pos="37.62" speed="27.30" angle="206.83" x="0.21" y="89.73"/>
        <vehicle id="cfm-slow_5" eclass="HBEFA3/PC_G_EU4" CO2="13492.26" CO="228.11" HC="1.38" NOx="5.61" PMx="0.32" fuel="5.80" electricity="0.00" noise="75.69" route="routetop" type="cfm-slow" waiting="0.00" lane="left_0" pos="10.63" speed="29.12" angle="165.30" x="-1.13" y="41.13"/>
    </timestep>
    <timestep time="4.20">
        <vehicle id="cfm-fast_0" eclass="HBEFA3/PC_G_EU4" CO2="0.00" CO="0.00" HC="0.00" NOx="0.00" PMx="0.00" fuel="0.00" electricity="0.00" noise="73.67" route="routetop" type="cfm-fast" waiting="0.00" lane="left_0" pos="35.69" speed="29.61" angle="120.27" x="33.82" y="1.89"/>
        <vehicle id="cfm-fast_1" eclass="HBEFA3/PC_G_EU4" CO2="222661.94" CO="5040.24" HC="28.55" NOx="103.79" PMx="6.02" fuel="95.71" electricity="0.00" noise="142.27" route="routebottom" type="cfm-fast" waiting="0.00" lane="bottom_1" pos="30.97" speed="56.84" angle="38.79" x="117.64" y="26.90"/>
        <vehicle id="cfm-fast_2" eclass="HBEFA3/PC_G_EU4" CO2="8141.20" CO="111.54" HC="0.71" NOx="3.11" PMx="0.18" fuel="3.50" electricity="0.00" noise="73.68" route="routebottom" type="cfm-fast" waiting="0.00" lane="bottom_0" pos="7.79" speed="28.09" angle="80.40" x="80.36" y="-2.88"/>
        <vehicle id="cfm-fast_3" eclass="HBEFA3/PC_G_EU4" CO2="0.00" CO="0.00" HC="0.00" NOx="0.00" PMx="0.00" fuel="0.00" electricity="0.00" noise="71.36" route="routebottom" type="cfm-fast" waiting="0.00" lane="bottom_0" pos="27.60" speed="27.80" angle="44.81" x="115.96" y="19.28"/>
        <vehicle id="cfm-fast_4" eclass="HBEFA3/PC_G_EU4" CO2="0.00" CO="0.00" HC="0.00" NOx="0.00" PMx="0.00" fuel="0.00" electricity="0.00" noise="69.87" route="routebottom" type="cfm-fast" waiting="0.00" lane="bottom_0" pos="46.98" speed="25.41" angle="10.02" x="131.95" y="57.07"/>
        <vehicle id="cfm-fast_5" eclass="HBEFA3/PC_G_EU4" CO2="224521.40" CO="5091.43" HC="28.83" NOx="104.66" PMx="6.07" fuel="96.51" electricity="0.00" noise="142.48" route="routebottom" type="cfm-fast" waiting="0.00" lane="right_1" pos="45.73" speed="57.27" angle="282.18" x="72.43" y="128.37"/>
        <vehicle id="cfm-slow_0" eclass="HBEFA3/PC_G_EU4" CO2="9318.09" CO="115.68" HC="0.75" NOx="3.83" PMx="0.19" fuel="4.01" electricity="0.00" noise="71.62" route="routebottom" type="cfm-slow" waiting="0.00" lane="right_0" pos="15.32" speed="20.85" angle="336.85" x="124.46" y="95.46"/>
        <vehicle id="cfm-slow_1" eclass="HBEFA3/PC_G_EU4" CO2="13085.52" CO="193.27" HC="1.20" NOx="5.59" PMx="0.29" fuel="5.62" electricity="0.00" noise="73.93" route="routebottom" type="cfm-slow" waiting="0.00" lane="right_0" pos="31.68" speed="21.55" angle="307.51" x="101.03" y="121.20"/>
        <vehicle id="cfm-slow_2" eclass="HBEFA3/PC_G_EU4" CO2="18235.75" CO="300.49" HC="1.82" NOx="7.99" PMx="0.43" fuel="7.84" electricity="0.00" noise="77.21" route="routebottom" type="cfm-slow" waiting="0.00" lane="right_0" pos="48.78" speed="22.88" angle="276.79" x="66.39" y="132.22"/>
        <vehicle id="cfm-slow_3" eclass="HBEFA3/PC_G_EU4" CO2="22469.54" CO="392.38" HC="2.35" NOx="9.94" PMx="0.54" fuel="9.66" electricity="0.00" noise="79.67" route="routetop" type="cfm-slow" waiting="0.00" lane="top_0" pos="17.28" speed="24.93" angle="243.40" x="28.21" y="122.39"/>
        <vehicle id="cfm-slow_4" eclass="HBEFA3/PC_G_EU4" CO2="21332.90" CO="378.91" HC="2.26" NOx="9.35" PMx="0.52" fuel="9.17" electricity="0.00" noise="78.90" route="routetop" type="cfm-slow" waiting="0.00" lane="top_0" pos="37.89" speed="27.32" angle="206.33" x="-0.01" y="89.18"/>
        <vehicle id="cfm-slow_5" eclass="HBEFA3/PC_G_EU4" CO2="13386.51" CO="226.00" HC="1.37" NOx="5.56" PMx="0.32" fuel="5.75" electricity="0.00" noise="75.66" route="routetop" type="cfm-slow" waiting="0.00" lane="left_0" pos="10.92" speed="29.13" angle="164.76" x="-0.92" y="40.54"/>
    </timestep>
    <timestep time="4.21">
        <vehicle id="cfm-fast_0" eclass="HBEFA3/PC_G_EU4" CO2="0.00" CO="0.00" HC="0.00" NOx="0.00" PMx="0.00" fuel="0.00" electricity="0.00" noise="73.66" route="routetop" type="cfm-fast" waiting="0.00" lane="left_0" pos="35.99" speed="29.61" angle="119.78" x="34.39" y="1.61"/>
        <vehicle id="cfm-fast_1" eclass="HBEFA3/PC_G_EU4" CO2="223250.79" CO="5056.44" HC="28.64" NOx="104.07" PMx="6.03" fuel="95.96" electricity="0.00" noise="142.34" route="routebottom" type="cfm-fast" waiting="0.00" lane="bottom_1" pos="31.54" speed="56.98" angle="37.74" x="118.29" y="27.87"/>
        <vehicle id="cfm-fast_2" eclass="HBEFA3/PC_G_EU4" CO2="7960.24" CO="107.84" HC="0.69" NOx="3.02" PMx="0.18" fuel="3.42" electricity="0.00" noise="73.63" route="routebottom" type="cfm-fast" waiting="0.00" lane="bottom_0" pos="8.07" speed="28.10" angle="79.88" x="80.94" y="-2.72"/>
        <vehicle id="cfm-fast_3" eclass="HBEFA3/PC_G_EU4" CO2="0.00" CO="0.00" HC="0.00" NOx="0.00" PMx="0.00" fuel="0.00" electricity="0.00" noise="71.34" route="routebottom" type="cfm-fast" waiting="0.00" lane="bottom_0" pos="27.88" speed="27.78" angle="44.29" x="116.35" y="19.73"/>
        <vehicle id="cfm-fast_4" eclass="HBEFA3/PC_G_EU4" CO2="0.00" CO="0.00" HC="0.00" NOx="0.00" PMx="0.00" fuel="0.00" electricity="0.00" noise="69.86" route="routebottom" type="cfm-fast" waiting="0.00" lane="bottom_0" pos="47.23" speed="25.38" angle="9.56" x="132.01" y="57.62"/>
        <vehicle id="cfm-fast_5" eclass="HBEFA3/PC_G_EU4" CO2="225111.18" CO="5107.70" HC="28.92" NOx="104.94" PMx="6.09" fuel="96.76" electricity="0.00" noise="142.55" route="routebottom" type="cfm-fast" waiting="0.00" lane="right_1" pos="46.30" speed="57.41" angle="281.20" x="71.26" y="128.53"/>
        <vehicle id="cfm-slow_0" eclass="HBEFA3/PC_G_EU4" CO2="9333.77" CO="116.00" HC="0.76" NOx="3.84" PMx="0.19" fuel="4.01" electricity="0.00" noise="71.63" route="routebottom" type="cfm-slow" waiting="0.00" lane="right_0" pos="15.53" speed="20.86" angle="336.50" x="124.25" y="95.85"/>
        <vehicle id="cfm-slow_1" eclass="HBEFA3/PC_G_EU4" CO2="13113.93" CO="193.86" HC="1.21" NOx="5.60" PMx="0.29" fuel="5.64" electricity="0.00" noise="73.95" route="routebottom" type="cfm-slow" waiting="0.00" lane="right_0" pos="31.89" speed="21.56" angle="307.12" x="100.64" y="121.46"/>
        <vehicle id="cfm-slow_2" eclass="HBEFA3/PC_G_EU4" CO2="18256.73" CO="300.95" HC="1.82" NOx="8.00" PMx="0.43" fuel="7.85" electricity="0.00" noise="77.22" route="routebottom" type="cfm-slow" waiting="0.00" lane="right_0" pos="49.01" speed="22.90" angle="276.37" x="65.89" y="132.23"/>
        <vehicle id="cfm-slow_3" eclass="HBEFA3/PC_G_EU4" CO2="22443.44" CO="391.93" HC="2.34" NOx="9.93" PMx="0.54" fuel="9.65" electricity="0.00" noise="79.65" route="routetop" type="cfm-slow" waiting="0.00" lane="top_0" pos="17.52" speed="24.96" angle="242.95" x="27.75" y="122.12"/>
        <vehicle id="cfm-slow_4" eclass="HBEFA3/PC_G_EU4" CO2="21239.58" CO="377.11" HC="2.25" NOx="9.31" PMx="0.52" fuel="9.13" electricity="0.00" noise="78.85" route="routetop" type="cfm-slow" waiting="0.00" lane="top_0" pos="38.16" speed="27.35" angle="205.83" x="-0.23" y="88.64"/>
        <vehicle id="cfm-slow_5" eclass="HBEFA3/PC_G_EU4" CO2="13281.23" CO="223.90" HC="1.35" NOx="5.51" PMx="0.32" fuel="5.71" electricity="0.00" noise="75.62" route="routetop" type="cfm-slow" waiting="0.00" lane="left_0" pos="11.21" speed="29.14" angle="164.22" x="-0.71" y="39.95"/>
    </timestep>
    <timestep time="4.22">
        <vehicle id="cfm-fast_0" eclass="HBEFA3/PC_G_EU4" CO2="0.00" CO="0.00" HC="0.00" NOx="0.00" PMx="0.00" fuel="0.00" electricity="0.00" noise="73.64" route="routetop" type="cfm-fast" waiting="0.00" lane="left_0" pos="36.29" speed="29.61" angle="119.23" x="34.97" y="1.34"/>
        <vehicle id="cfm-fast_1" eclass="HBEFA3/PC_G_EU4" CO2="223839.94" CO="5072.65" HC="28.73" NOx="104.34" PMx="6.05" fuel="96.22" electricity="0.00" noise="142.40" route="routebottom" type="cfm-fast" waiting="0.00" lane="bottom_1" pos="32.11" speed="57.12" angle="36.76" x="118.93" y="28.85"/>
        <vehicle id="cfm-fast_2" eclass="HBEFA3/PC_G_EU4" CO2="7780.19" CO="104.15" HC="0.67" NOx="2.94" PMx="0.17" fuel="3.34" electricity="0.00" noise="73.58" route="routebottom" type="cfm-fast" waiting="0.00" lane="bottom_0" pos="8.36" speed="28.10" angle="79.37" x="81.53" y="-2.57"/>
        <vehicle id="cfm-fast_3" eclass="HBEFA3/PC_G_EU4" CO2="0.00" CO="0.00" HC="0.00" NOx="0.00" PMx="0.00" fuel="0.00" electricity="0.00" noise="71.33" route="routebottom" type="cfm-fast" waiting="0.00" lane="bottom_0" pos="28.16" speed="27.76" angle="43.81" x="116.73" y="20.19"/>
        <vehicle id="cfm-fast_4" eclass="HBEFA3/PC_G_EU4" CO2="0.00" CO="0.00" HC="0.00" NOx="0.00" PMx="0.00" fuel="0.00" electricity="0.00" noise="69.85" route="routebottom" type="cfm-fast" waiting="0.00" lane="bottom_0" pos="47.48" speed="25.36" angle="9.16" x="132.06" y="58.16"/>
        <vehicle id="cfm-fast_5" eclass="HBEFA3/PC_G_EU4" CO2="225701.25" CO="5123.99" HC="29.01" NOx="105.21" PMx="6.11" fuel="97.02" electricity="0.00" noise="142.61" route="routebottom" type="cfm-fast" waiting="0.00" lane="right_1" pos="46.88" speed="57.55" angle="280.17" x="70.09" y="128.65"/>
        <vehicle id="cfm-slow_0" eclass="HBEFA3/PC_G_EU4" CO2="9349.73" CO="116.33" HC="0.76" NOx="3.84" PMx="0.19" fuel="4.02" electricity="0.00" noise="71.65" route="routebottom" type="cfm-slow" waiting="0.00" lane="right_0" pos="15.74" speed="20.87" angle="336.12" x="124.03" y="96.24"/>
        <vehicle id="cfm-slow_1" eclass="HBEFA3/PC_G_EU4" CO2="13142.44" CO="194.45" HC="1.21" NOx="5.62" PMx="0.29" fuel="5.65" electricity="0.00" noise="73.97" route="routebottom" type="cfm-slow" waiting="0.00" lane="right_0" pos="32.11" speed="21.58" angle="306.79" x="100.25" y="121.71"/>
        <vehicle id="cfm-slow_2" eclass="HBEFA3/PC_G_EU4" CO2="18277.47" CO="301.42" HC="1.83" NOx="8.01" PMx="0.43" fuel="7.86" electricity="0.00" noise="77.23" route="routebottom" type="cfm-slow" waiting="0.00" lane="right_0" pos="49.24" speed="22.93" angle="275.94" x="65.40" y="132.24"/>
        <vehicle id="cfm-slow_3" eclass="HBEFA3/PC_G_EU4" CO2="22416.88" CO="391.47" HC="2.34" NOx="9.91" PMx="0.54" fuel="9.64" electricity="0.00" noise="79.63" route="routetop" type="cfm-slow" waiting="0.00" lane="top_0" pos="17.77" speed="24.99" angle="242.50" x="27.29" y="121.84"/>
        <vehicle id="cfm-slow_4" eclass="HBEFA3/PC_G_EU4" CO2="21146.24" CO="375.31" HC="2.24" NOx="9.26" PMx="0.52" fuel="9.09" electricity="0.00" noise="78.80" route="routetop" type="cfm-slow" waiting="0.00" lane="top_0" pos="38.44" speed="27.37" angle="205.36" x="-0.45" y="88.09"/>
        <vehicle id="cfm-slow_5" eclass="HBEFA3/PC_G_EU4" CO2="13176.41" CO="221.81" HC="1.34" NOx="5.46" PMx="0.32" fuel="5.66" electricity="0.00" noise="75.59" route="routetop" type="cfm-slow" waiting="0.00" lane="left_0" pos="11.50" speed="29.15" angle="163.74" x="-0.50" y="39.36"/>
    </timestep>
    <timestep time="4.23">
        <vehicle id="cfm-fast_0" eclass="HBEFA3/PC_G_EU4" CO2="0.00" CO="0.00" HC="0.00" NOx="0.00" PMx="0.00" fuel="0.00" electricity="0.00" noise="73.63" route="routetop" type="cfm-fast" waiting="0.00" lane="left_0" pos="36.58" speed="29.61" angle="118.67" x="35.55" y="1.08"/>
        <vehicle id="cfm-fast_1" eclass="HBEFA3/PC_G_EU4" CO2="224429.39" CO="5088.90" HC="28.82" NOx="104.62" PMx="6.07" fuel="96.47" electricity="0.00" noise="142.47" route="routebottom" type="cfm-fast" waiting="0.00" lane="bottom_1" pos="32.69" speed="57.25" angle="35.69" x="119.53" y="29.86"/>
        <vehicle id="cfm-fast_2" eclass="HBEFA3/PC_G_EU4" CO2="7601.05" CO="100.48" HC="0.65" NOx="2.85" PMx="0.17" fuel="3.27" electricity="0.00" noise="73.54" route="routebottom" type="cfm-fast" waiting="0.00" lane="bottom_0" pos="8.64" speed="28.10" angle="78.85" x="82.11" y="-2.41"/>
        <vehicle id="cfm-fast_3" eclass="HBEFA3/PC_G_EU4" CO2="0.00" CO="0.00" HC="0.00" NOx="0.00" PMx="0.00" fuel="0.00" electricity="0.00" noise="71.32" route="routebottom" type="cfm-fast" waiting="0.00" lane="bottom_0" pos="28.44" speed="27.75" angle="43.32" x="117.11" y="20.66"/>
        <vehicle id="cfm-fast_4" eclass="HBEFA3/PC_G_EU4" CO2="0.00" CO="0.00" HC="0.00" NOx="0.00" PMx="0.00" fuel="0.00" electricity="0.00" noise="69.84" route="routebottom" type="cfm-fast" waiting="0.00" lane="bottom_0" pos="47.74" speed="25.33" angle="8.68" x="132.09" y="58.70"/>
        <vehicle id="cfm-fast_5" eclass="HBEFA3/PC_G_EU4" CO2="226291.61" CO="5140.30" HC="29.10" NOx="105.49" PMx="6.12" fuel="97.27" electricity="0.00" noise="142.68" route="routebottom" type="cfm-fast" waiting="0.00" lane="right_1" pos="47.45" speed="57.68" angle="279.19" x="68.91" y="128.77"/>
        <vehicle id="cfm-slow_0" eclass="HBEFA3/PC_G_EU4" CO2="9365.98" CO="116.66" HC="0.76" NOx="3.85" PMx="0.20" fuel="4.03" electricity="0.00" noise="71.66" route="routebottom" type="cfm-slow" waiting="0.00" lane="right_0" pos="15.95" speed="20.88" angle="335.75" x="123.81" y="96.64"/>
        <vehicle id="cfm-slow_1" eclass="HBEFA3/PC_G_EU4" CO2="13171.05" CO="195.05" HC="1.21" NOx="5.63" PMx="0.30" fuel="5.66" electricity="0.00" noise="73.99" route="routebottom" type="cfm-slow" waiting="0.00" lane="right_0" pos="32.33" speed="21.60" angle="306.38" x="99.85" y="121.95"/>
        <vehicle id="cfm-slow_2" eclass="HBEFA3/PC_G_EU4" CO2="18297.96" CO="301.87" HC="1.83" NOx="8.02" PMx="0.43" fuel="7.87" electricity="0.00" noise="77.25" route="routebottom" type="cfm-slow" waiting="0.00" lane="right_0" pos="49.47" speed="22.95" angle="275.51" x="64.91" y="132.25"/>
        <vehicle id="cfm-slow_3" eclass="HBEFA3/PC_G_EU4" CO2="22389.86" CO="391.01" HC="2.34" NOx="9.90" PMx="0.54" fuel="9.62" electricity="0.00" noise="79.61" route="routetop" type="cfm-slow" waiting="0.00" lane="top_0" pos="18.02" speed="25.02" angle="242.10" x="26.83" y="121.56"/>
        <vehicle id="cfm-slow_4" eclass="HBEFA3/PC_G_EU4" CO2="21052.89" CO="373.50" HC="2.23" NOx="9.22" PMx="0.51" fuel="9.05" electricity="0.00" noise="78.75" route="routetop" type="cfm-slow" waiting="0.00" lane="top_0" pos="38.71" speed="27.39" angle="204.87" x="-0.65" y="87.54"/>
        <vehicle id="cfm-slow_5" eclass="HBEFA3/PC_G_EU4" CO2="13072.04" CO="219.73" HC="1.33" NOx="5.41" PMx="0.31" fuel="5.62" electricity="0.00" noise="75.55" route="routetop" type="cfm-slow" waiting="0.00" lane="left_0" pos="11.79" speed="29.16" angle="163.23" x="-0.27" y="38.78"/>
    </timestep>
    <timestep time="4.24">
        <vehicle id="cfm-fast_0" eclass="HBEFA3/PC_G_EU4" CO2="0.00" CO="0.00" HC="0.00" NOx="0.00" PMx="0.00" fuel="0.00" electricity="0.00" noise="73.61" route="routetop" type="cfm-fast" waiting="0.00" lane="left_0" pos="36.88" speed="29.61" angle="118.12" x="36.14" y="0.82"/>
        <vehicle id="cfm-fast_1" eclass="HBEFA3/PC_G_EU4" CO2="225019.12" CO="5105.16" HC="28.91" NOx="104.89" PMx="6.09" fuel="96.72" electricity="0.00" noise="142.54" route="routebottom" type="cfm-fast" waiting="0.00" lane="bottom_1" pos="33.26" speed="57.39" angle="34.64" x="120.14" y="30.87"/>
        <vehicle id="cfm-fast_2" eclass="HBEFA3/PC_G_EU4" CO2="7422.84" CO="96.83" HC="0.63" NOx="2.77" PMx="0.16" fuel="3.19" electricity="0.00" noise="73.49" route="routebottom" type="cfm-fast" waiting="0.00" lane="bottom_0" pos="8.92" speed="28.11" angle="78.38" x="82.69" y="-2.25"/>
        <vehicle id="cfm-fast_3" eclass="HBEFA3/PC_G_EU4" CO2="0.00" CO="0.00" HC="0.00" NOx="0.00" PMx="0.00" fuel="0.00" electricity="0.00" noise="71.30" route="routebottom" type="cfm-fast" waiting="0.00" lane="bottom_0" pos="28.71" speed="27.73" angle="42.80" x="117.47" y="21.13"/>
        <vehicle id="cfm-fast_4" eclass="HBEFA3/PC_G_EU4" CO2="0.00" CO="0.00" HC="0.00" NOx="0.00" PMx="0.00" fuel="0.00" electricity="0.00" noise="69.83" route="routebottom" type="cfm-fast" waiting="0.00" lane="bottom_0" pos="47.99" speed="25.31" angle="8.21" x="132.12" y="59.25"/>
        <vehicle id="cfm-fast_5" eclass="HBEFA3/PC_G_EU4" CO2="226882.26" CO="5156.63" HC="29.19" NOx="105.77" PMx="6.14" fuel="97.53" electricity="0.00" noise="142.74" route="routebottom" type="cfm-fast" waiting="0.00" lane="right_1" pos="48.03" speed="57.82" angle="278.08" x="67.73" y="128.84"/>
        <vehicle id="cfm-slow_0" eclass="HBEFA3/PC_G_EU4" CO2="9382.51" CO="117.00" HC="0.76" NOx="3.86" PMx="0.20" fuel="4.03" electricity="0.00" noise="71.67" route="routebottom" type="cfm-slow" waiting="0.00" lane="right_0" pos="16.15" speed="20.89" angle="335.37" x="123.60" y="97.03"/>
        <vehicle id="cfm-slow_1" eclass="HBEFA3/PC_G_EU4" CO2="13199.75" CO="195.65" HC="1.22" NOx="5.64" PMx="0.30" fuel="5.67" electricity="0.00" noise="74.01" route="routebottom" type="cfm-slow" waiting="0.00" lane="right_0" pos="32.54" speed="21.62" angle="305.97" x="99.45" y="122.19"/>
        <vehicle id="cfm-slow_2" eclass="HBEFA3/PC_G_EU4" CO2="18318.20" CO="302.33" HC="1.83" NOx="8.03" PMx="0.43" fuel="7.87" electricity="0.00" noise="77.26" route="routebottom" type="cfm-slow" waiting="0.00" lane="right_0" pos="49.70" speed="22.98" angle="275.08" x="64.41" y="132.26"/>
        <vehicle id="cfm-slow_3" eclass="HBEFA3/PC_G_EU4" CO2="22362.40" CO="390.53" HC="2.33" NOx="9.89" PMx="0.54" fuel="9.61" electricity="0.00" noise="79.59" route="routetop" type="cfm-slow" waiting="0.00" lane="top_0" pos="18.28" speed="25.04" angle="241.61" x="26.38" y="121.26"/>
        <vehicle id="cfm-slow_4" eclass="HBEFA3/PC_G_EU4" CO2="20959.51" CO="371.70" HC="2.22" NOx="9.17" PMx="0.51" fuel="9.01" electricity="0.00" noise="78.71" route="routetop" type="cfm-slow" waiting="0.00" lane="top_0" pos="38.99" speed="27.41" angle="204.36" x="-0.85" y="86.98"/>
        <vehicle id="cfm-slow_5" eclass="HBEFA3/PC_G_EU4" CO2="12968.13" CO="217.66" HC="1.32" NOx="5.36" PMx="0.31" fuel="5.57" electricity="0.00" noise="75.52" route="routetop" type="cfm-slow" waiting="0.00" lane="left_0" pos="12.09" speed="29.17" angle="162.71" x="-0.04" y="38.19"/>
    </timestep>
    <timestep time="4.25">
        <vehicle id="cfm-fast_0" eclass="HBEFA3/PC_G_EU4" CO2="0.00" CO="0.00" HC="0.00" NOx="0.00" PMx="0.00" fuel="0.00" electricity="0.00" noise="73.60" route="routetop" type="cfm-fast" waiting="0.00" lane="left_0" pos="37.17" speed="29.61" angle="117.62" x="36.72" y="0.56"/>
        <vehicle id="cfm-fast_1" eclass="HBEFA3/PC_G_EU4" CO2="225609.14" CO="5121.44" HC="29.00" NOx="105.17" PMx="6.10" fuel="96.98" electricity="0.00" noise="142.60" route="routebottom" type="cfm-fast" waiting="0.00" lane="bottom_1" pos="33.84" speed="57.52" angle="33.63" x="120.71" y="31.90"/>
        <vehicle id="cfm-fast_2" eclass="HBEFA3/PC_G_EU4" CO2="7245.57" CO="93.20" HC="0.61" NOx="2.69" PMx="0.16" fuel="3.11" electricity="0.00" noise="73.45" route="routebottom" type="cfm-fast" waiting="0.00" lane="bottom_0" pos="9.20" speed="28.11" angle="77.87" x="83.27" y="-2.08"/>
        <vehicle id="cfm-fast_3" eclass="HBEFA3/PC_G_EU4" CO2="0.00" CO="0.00" HC="0.00" NOx="0.00" PMx="0.00" fuel="0.00" electricity="0.00" noise="71.29" route="routebottom" type="cfm-fast" waiting="0.00" lane="bottom_0" pos="28.99" speed="27.71" angle="42.29" x="117.84" y="21.60"/>
        <vehicle id="cfm-fast_4" eclass="HBEFA3/PC_G_EU4" CO2="0.00" CO="0.00" HC="0.00" NOx="0.00" PMx="0.00" fuel="0.00" electricity="0.00" noise="69.82" route="routebottom" type="cfm-fast" waiting="0.00" lane="bottom_0" pos="48.24" speed="25.29" angle="7.73" x="132.16" y="59.79"/>
        <vehicle id="cfm-fast_5" eclass="HBEFA3/PC_G_EU4" CO2="227473.21" CO="5172.98" HC="29.28" NOx="106.04" PMx="6.16" fuel="97.78" electricity="0.00" noise="142.81" route="routebottom" type="cfm-fast" waiting="0.00" lane="right_1" pos="48.61" speed="57.95" angle="276.97" x="66.54" y="128.91"/>
        <vehicle id="cfm-slow_0" eclass="HBEFA3/PC_G_EU4" CO2="9399.32" CO="117.34" HC="0.76" NOx="3.87" PMx="0.20" fuel="4.04" electricity="0.00" noise="71.68" route="routebottom" type="cfm-slow" waiting="0.00" lane="right_0" pos="16.36" speed="20.90" angle="334.99" x="123.38" y="97.42"/>
        <vehicle id="cfm-slow_1" eclass="HBEFA3/PC_G_EU4" CO2="13228.55" CO="196.25" HC="1.22" NOx="5.66" PMx="0.30" fuel="5.69" electricity="0.00" noise="74.03" route="routebottom" type="cfm-slow" waiting="0.00" lane="right_0" pos="32.76" speed="21.63" angle="305.56" x="99.05" y="122.43"/>
        <vehicle id="cfm-slow_2" eclass="HBEFA3/PC_G_EU4" CO2="18338.18" CO="302.78" HC="1.83" NOx="8.04" PMx="0.43" fuel="7.88" electricity="0.00" noise="77.27" route="routebottom" type="cfm-slow" waiting="0.00" lane="right_0" pos="49.93" speed="23.00" angle="274.66" x="63.92" y="132.27"/>
        <vehicle id="cfm-slow_3" eclass="HBEFA3/PC_G_EU4" CO2="22334.48" CO="390.05" HC="2.33" NOx="9.87" PMx="0.54" fuel="9.60" electricity="0.00" noise="79.57" route="routetop" type="cfm-slow" waiting="0.00" lane="top_0" pos="18.53" speed="25.07" angle="241.13" x="25.93" y="120.96"/>
        <vehicle id="cfm-slow_4" eclass="HBEFA3/PC_G_EU4" CO2="20866.13" CO="369.89" HC="2.21" NOx="9.13" PMx="0.51" fuel="8.97" electricity="0.00" noise="78.66" route="routetop" type="cfm-slow" waiting="0.00" lane="top_0" pos="39.26" speed="27.44" angle="203.86" x="-1.05" y="86.43"/>
        <vehicle id="cfm-slow_5" eclass="HBEFA3/PC_G_EU4" CO2="12864.66" CO="215.59" HC="1.31" NOx="5.31" PMx="0.31" fuel="5.53" electricity="0.00" noise="75.49" route="routetop" type="cfm-slow" waiting="0.00" lane="left_0" pos="12.38" speed="29.18" angle="162.20" x="0.20" y="37.61"/>
    </timestep>
    <timestep time="4.26">
        <vehicle id="cfm-fast_0" eclass="HBEFA3/PC_G_EU4" CO2="0.00" CO="0.00" HC="0.00" NOx="0.00" PMx="0.00" fuel="0.00" electricity="0.00" noise="73.58" route="routetop" type="cfm-fast" waiting="0.00" lane="left_0" pos="37.47" speed="29.61" angle="117.09" x="37.31" y="0.32"/>
        <vehicle id="cfm-fast_1" eclass="HBEFA3/PC_G_EU4" CO2="226199.46" CO="5137.75" HC="29.08" NOx="105.45" PMx="6.12" fuel="97.23" electricity="0.00" noise="142.67" route="routebottom" type="cfm-fast" waiting="0.00" lane="bottom_1" pos="34.41" speed="57.66" angle="32.58" x="121.29" y="32.93"/>
        <vehicle id="cfm-fast_2" eclass="HBEFA3/PC_G_EU4" CO2="7069.26" CO="89.58" HC="0.59" NOx="2.60" PMx="0.15" fuel="3.04" electricity="0.00" noise="73.41" route="routebottom" type="cfm-fast" waiting="0.00" lane="bottom_0" pos="9.48" speed="28.11" angle="77.35" x="83.85" y="-1.90"/>
        <vehicle id="cfm-fast_3" eclass="HBEFA3/PC_G_EU4" CO2="0.00" CO="0.00" HC="0.00" NOx="0.00" PMx="0.00" fuel="0.00" electricity="0.00" noise="71.28" route="routebottom" type="cfm-fast" waiting="0.00" lane="bottom_0" pos="29.27" speed="27.69" angle="41.77" x="118.21" y="22.06"/>
        <vehicle id="cfm-fast_4" eclass="HBEFA3/PC_G_EU4" CO2="0.00" CO="0.00" HC="0.00" NOx="0.00" PMx="0.00" fuel="0.00" electricity="0.00" noise="69.81" route="routebottom" type="cfm-fast" waiting="0.00" lane="bottom_0" pos="48.50" speed="25.26" angle="7.25" x="132.19" y="60.33"/>
        <vehicle id="cfm-fast_5" eclass="HBEFA3/PC_G_EU4" CO2="228064.45" CO="5189.35" HC="29.37" NOx="106.32" PMx="6.17" fuel="98.03" electricity="0.00" noise="142.88" route="routebottom" type="cfm-fast" waiting="0.00" lane="right_1" pos="49.19" speed="58.09" angle="275.95" x="65.35" y="128.94"/>
        <vehicle id="cfm-slow_0" eclass="HBEFA3/PC_G_EU4" CO2="9416.40" CO="117.69" HC="0.77" NOx="3.87" PMx="0.20" fuel="4.05" electricity="0.00" noise="71.69" route="routebottom" type="cfm-slow" waiting="0.00" lane="right_0" pos="16.57" speed="20.91" angle="334.63" x="123.16" y="97.82"/>
        <vehicle id="cfm-slow_1" eclass="HBEFA3/PC_G_EU4" CO2="13257.43" CO="196.85" HC="1.22" NOx="5.67" PMx="0.30" fuel="5.70" electricity="0.00" noise="74.05" route="routebottom" type="cfm-slow" waiting="0.00" lane="right_0" pos="32.98" speed="21.65" angle="305.15" x="98.65" y="122.67"/>
        <vehicle id="cfm-slow_2" eclass="HBEFA3/PC_G_EU4" CO2="18357.92" CO="303.22" HC="1.84" NOx="8.04" PMx="0.43" fuel="7.89" electricity="0.00" noise="77.28" route="routetop" type="cfm-slow" waiting="0.00" lane="top_0" pos="0.16" speed="23.03" angle="274.19" x="63.23" y="132.26"/>
        <vehicle id="cfm-slow_3" eclass="HBEFA3/PC_G_EU4" CO2="22306.11" CO="389.55" HC="2.33" NOx="9.86" PMx="0.54" fuel="9.59" electricity="0.00" noise="79.55" route="routetop" type="cfm-slow" waiting="0.00" lane="top_0" pos="18.78" speed="25.10" angle="240.64" x="25.48" y="120.66"/>
        <vehicle id="cfm-slow_4" eclass="HBEFA3/PC_G_EU4" CO2="20772.74" CO="368.08" HC="2.20" NOx="9.08" PMx="0.51" fuel="8.93" electricity="0.00" noise="78.61" route="routetop" type="cfm-slow" waiting="0.00" lane="top_0" pos="39.53" speed="27.46" angle="203.35" x="-1.25" y="85.87"/>
        <vehicle id="cfm-slow_5" eclass="HBEFA3/PC_G_EU4" CO2="12761.62" CO="213.53" HC="1.29" NOx="5.27" PMx="0.30" fuel="5.49" electricity="0.00" noise="75.46" route="routetop" type="cfm-slow" waiting="0.00" lane="left_0" pos="12.67" speed="29.19" angle="161.68" x="0.43" y="37.03"/>
    </timestep>
    <timestep time="4.27">
        <vehicle id="cfm-fast_0" eclass="HBEFA3/PC_G_EU4" CO2="0.00" CO="0.00" HC="0.00" NOx="0.00" PMx="0.00" fuel="0.00" electricity="0.00" noise="73.57" route="routetop" type="cfm-fast" waiting="0.00" lane="left_0" pos="37.77" speed="29.61" angle="116.55" x="37.90" y="0.08"/>
        <vehicle id="cfm-fast_1" eclass="HBEFA3/PC_G_EU4" CO2="226790.07" CO="5154.08" HC="29.17" NOx="105.72" PMx="6.14" fuel="97.49" electricity="0.00" noise="142.73" route="routebottom" type="cfm-fast" waiting="0.00" lane="bottom_1" pos="34.99" speed="57.80" angle="31.58" x="121.83" y="33.98"/>
        <vehicle id="cfm-fast_2" eclass="HBEFA3/PC_G_EU4" CO2="6893.91" CO="85.99" HC="0.57" NOx="2.52" PMx="0.15" fuel="2.96" electricity="0.00" noise="73.36" route="routebottom" type="cfm-fast" waiting="0.00" lane="bottom_0" pos="9.76" speed="28.11" angle="76.84" x="84.43" y="-1.72"/>
        <vehicle id="cfm-fast_3" eclass="HBEFA3/PC_G_EU4" CO2="0.00" CO="0.00" HC="0.00" NOx="0.00" PMx="0.00" fuel="0.00" electricity="0.00" noise="71.26" route="routebottom" type="cfm-fast" waiting="0.00" lane="bottom_0" pos="29.54" speed="27.68" angle="41.33" x="118.57" y="22.54"/>
        <vehicle id="cfm-fast_4" eclass="HBEFA3/PC_G_EU4" CO2="0.00" CO="0.00" HC="0.00" NOx="0.00" PMx="0.00" fuel="0.00" electricity="0.00" noise="69.80" route="routebottom" type="cfm-fast" waiting="0.00" lane="bottom_0" pos="48.75" speed="25.24" angle="6.84" x="132.22" y="60.88"/>
        <vehicle id="cfm-fast_5" eclass="HBEFA3/PC_G_EU4" CO2="228655.98" CO="5205.75" HC="29.46" NOx="106.60" PMx="6.19" fuel="98.29" electricity="0.00" noise="142.94" route="routebottom" type="cfm-fast" waiting="0.00" lane="right_1" pos="49.77" speed="58.23" angle="274.88" x="64.16" y="128.96"/>
        <vehicle id="cfm-slow_0" eclass="HBEFA3/PC_G_EU4" CO2="9433.76" CO="118.04" HC="0.77" NOx="3.88" PMx="0.20" fuel="4.06" electricity="0.00" noise="71.71" route="routebottom" type="cfm-slow" waiting="0.00" lane="right_0" pos="16.78" speed="20.92" angle="334.28" x="122.93" y="98.21"/>
        <vehicle id="cfm-slow_1" eclass="HBEFA3/PC_G_EU4" CO2="13286.40" CO="197.45" HC="1.23" NOx="5.68" PMx="0.30" fuel="5.71" electricity="0.00" noise="74.07" route="routebottom" type="cfm-slow" waiting="0.00" lane="right_0" pos="33.19" speed="21.67" angle="304.74" x="98.25" y="122.90"/>
        <vehicle id="cfm-slow_2" eclass="HBEFA3/PC_G_EU4" CO2="18377.39" CO="303.66" HC="1.84" NOx="8.05" PMx="0.43" fuel="7.90" electricity="0.00" noise="77.29" route="routetop" type="cfm-slow" waiting="0.00" lane="top_0" pos="0.39" speed="23.05" angle="273.77" x="62.74" y="132.25"/>
        <vehicle id="cfm-slow_3" eclass="HBEFA3/PC_G_EU4" CO2="22277.30" CO="389.05" HC="2.33" NOx="9.85" PMx="0.54" fuel="9.58" electricity="0.00" noise="79.53" route="routetop" type="cfm-slow" waiting="0.00" lane="top_0" pos="19.03" speed="25.13" angle="240.15" x="25.04" y="120.36"/>
        <vehicle id="cfm-slow_4" eclass="HBEFA3/PC_G_EU4" CO2="20679.34" CO="366.28" HC="2.18" NOx="9.04" PMx="0.51" fuel="8.89" electricity="0.00" noise="78.56" route="routetop" type="cfm-slow" waiting="0.00" lane="top_0" pos="39.81" speed="27.48" angle="202.91" x="-1.45" y="85.31"/>
        <vehicle id="cfm-slow_5" eclass="HBEFA3/PC_G_EU4" CO2="12659.01" CO="211.48" HC="1.28" NOx="5.22" PMx="0.30" fuel="5.44" electricity="0.00" noise="75.42" route="routetop" type="cfm-slow" waiting="0.00" lane="left_0" pos="12.96" speed="29.20" angle="161.20" x="0.68" y="36.45"/>
    </timestep>
    <timestep time="4.28">
        <vehicle id="cfm-fast_0" eclass="HBEFA3/PC_G_EU4" CO2="0.00" CO="0.00" HC="0.00" NOx="0.00" PMx="0.00" fuel="0.00" electricity="0.00" noise="73.55" route="routetop" type="cfm-fast" waiting="0.00" lane="left_0" pos="38.06" speed="29.61" angle="116.00" x="38.49" y="-0.15"/>
        <vehicle id="cfm-fast_1" eclass="HBEFA3/PC_G_EU4" CO2="227380.97" CO="5170.43" HC="29.26" NOx="106.00" PMx="6.15" fuel="97.74" electricity="0.00" noise="142.80" route="routebottom" type="cfm-fast" waiting="0.00" lane="bottom_1" pos="35.57" speed="57.93" angle="30.50" x="122.36" y="35.05"/>
        <vehicle id="cfm-fast_2" eclass="HBEFA3/PC_G_EU4" CO2="6719.54" CO="82.41" HC="0.55" NOx="2.44" PMx="0.14" fuel="2.89" electricity="0.00" noise="73.32" route="routebottom" type="cfm-fast" waiting="0.00" lane="bottom_0" pos="10.04" speed="28.12" angle="76.32" x="85.01" y="-1.54"/>
        <vehicle id="cfm-fast_3" eclass="HBEFA3/PC_G_EU4" CO2="0.00" CO="0.00" HC="0.00" NOx="0.00" PMx="0.00" fuel="0.00" electricity="0.00" noise="71.25" route="routebottom" type="cfm-fast" waiting="0.00" lane="bottom_0" pos="29.82" speed="27.66" angle="40.82" x="118.92" y="23.02"/>
        <vehicle id="cfm-fast_4" eclass="HBEFA3/PC_G_EU4" CO2="0.00" CO="0.00" HC="0.00" NOx="0.00" PMx="0.00" fuel="0.00" electricity="0.00" noise="69.79" route="routebottom" type="cfm-fast" waiting="0.00" lane="bottom_0" pos="49.00" speed="25.22" angle="6.37" x="132.23" y="61.42"/>
        <vehicle id="cfm-fast_5" eclass="HBEFA3/PC_G_EU4" CO2="229247.80" CO="5222.17" HC="29.55" NOx="106.87" PMx="6.21" fuel="98.54" electricity="0.00" noise="143.01" route="routetop" type="cfm-fast" waiting="0.00" lane="top_1" pos="0.36" speed="58.36" angle="273.84" x="62.90" y="128.96"/>
        <vehicle id="cfm-slow_0" eclass="HBEFA3/PC_G_EU4" CO2="9451.38" CO="118.40" HC="0.77" NOx="3.89" PMx="0.20" fuel="4.06" electricity="0.00" noise="71.72" route="routebottom" type="cfm-slow" waiting="0.00" lane="right_0" pos="16.99" speed="20.94" angle="333.90" x="122.70" y="98.59"/>
        <vehicle id="cfm-slow_1" eclass="HBEFA3/PC_G_EU4" CO2="13315.44" CO="198.06" HC="1.23" NOx="5.70" PMx="0.30" fuel="5.72" electricity="0.00" noise="74.09" route="routebottom" type="cfm-slow" waiting="0.00" lane="right_0" pos="33.41" speed="21.69" angle="304.40" x="97.85" y="123.14"/>
        <vehicle id="cfm-slow_2" eclass="HBEFA3/PC_G_EU4" CO2="18396.60" CO="304.09" HC="1.84" NOx="8.06" PMx="0.43" fuel="7.91" electricity="0.00" noise="77.30" route="routetop" type="cfm-slow" waiting="0.00" lane="top_0" pos="0.62" speed="23.07" angle="273.36" x="62.24" y="132.24"/>
        <vehicle id="cfm-slow_3" eclass="HBEFA3/PC_G_EU4" CO2="22248.04" CO="388.54" HC="2.32" NOx="9.83" PMx="0.54" fuel="9.56" electricity="0.00" noise="79.51" route="routetop" type="cfm-slow" waiting="0.00" lane="top_0" pos="19.28" speed="25.15" angle="239.74" x="24.59" y="120.05"/>
        <vehicle id="cfm-slow_4" eclass="HBEFA3/PC_G_EU4" CO2="20585.94" CO="364.47" HC="2.17" NOx="8.99" PMx="0.50" fuel="8.85" electricity="0.00" noise="78.52" route="routetop" type="cfm-slow" waiting="0.00" lane="top_0" pos="40.08" speed="27.50" angle="202.40" x="-1.62" y="84.75"/>
        <vehicle id="cfm-slow_5" eclass="HBEFA3/PC_G_EU4" CO2="12556.83" CO="209.44" HC="1.27" NOx="5.17" PMx="0.30" fuel="5.40" electricity="0.00" noise="75.39" route="routetop" type="cfm-slow" waiting="0.00" lane="left_0" pos="13.25" speed="29.21" angle="160.65" x="0.94" y="35.88"/>
    </timestep>
    <timestep time="4.29">
        <vehicle id="cfm-fast_0" eclass="HBEFA3/PC_G_EU4" CO2="0.00" CO="0.00" HC="0.00" NOx="0.00" PMx="0.00" fuel="0.00" electricity="0.00" noise="73.54" route="routetop" type="cfm-fast" waiting="0.00" lane="left_0" pos="38.36" speed="29.61" angle="115.46" x="39.08" y="-0.39"/>
        <vehicle id="cfm-fast_1" eclass="HBEFA3/PC_G_EU4" CO2="227972.17" CO="5186.80" HC="29.35" NOx="106.28" PMx="6.17" fuel="97.99" electricity="0.00" noise="142.86" route="routebottom" type="cfm-fast" waiting="0.00" lane="bottom_1" pos="36.15" speed="58.07" angle="29.46" x="122.88" y="36.12"/>
        <vehicle id="cfm-fast_2" eclass="HBEFA3/PC_G_EU4" CO2="6546.17" CO="78.85" HC="0.53" NOx="2.36" PMx="0.14" fuel="2.81" electricity="0.00" noise="73.28" route="routebottom" type="cfm-fast" waiting="0.00" lane="bottom_0" pos="10.32" speed="28.12" angle="75.87" x="85.58" y="-1.35"/>
        <vehicle id="cfm-fast_3" eclass="HBEFA3/PC_G_EU4" CO2="0.00" CO="0.00" HC="0.00" NOx="0.00" PMx="0.00" fuel="0.00" electricity="0.00" noise="71.24" route="routebottom" type="cfm-fast" waiting="0.00" lane="bottom_0" pos="30.10" speed="27.64" angle="40.31" x="119.27" y="23.50"/>
        <vehicle id="cfm-fast_4" eclass="HBEFA3/PC_G_EU4" CO2="0.00" CO="0.00" HC="0.00" NOx="0.00" PMx="0.00" fuel="0.00" electricity="0.00" noise="69.78" route="routebottom" type="cfm-fast" waiting="0.00" lane="bottom_0" pos="49.25" speed="25.20" angle="5.90" x="132.24" y="61.96"/>
        <vehicle id="cfm-fast_5" eclass="HBEFA3/PC_G_EU4" CO2="229839.92" CO="5238.61" HC="29.64" NOx="107.15" PMx="6.23" fuel="98.80" electricity="0.00" noise="143.07" route="routetop" type="cfm-fast" waiting="0.00" lane="top_1" pos="0.94" speed="58.50" angle="272.77" x="61.70" y="128.93"/>
        <vehicle id="cfm-slow_0" eclass="HBEFA3/PC_G_EU4" CO2="9469.27" CO="118.77" HC="0.77" NOx="3.90" PMx="0.20" fuel="4.07" electricity="0.00" noise="71.73" route="routebottom" type="cfm-slow" waiting="0.00" lane="right_0" pos="17.20" speed="20.95" angle="333.53" x="122.47" y="98.98"/>
        <vehicle id="cfm-slow_1" eclass="HBEFA3/PC_G_EU4" CO2="13344.56" CO="198.67" HC="1.23" NOx="5.71" PMx="0.30" fuel="5.74" electricity="0.00" noise="74.11" route="routebottom" type="cfm-slow" waiting="0.00" lane="right_0" pos="33.63" speed="21.70" angle="304.00" x="97.44" y="123.37"/>
        <vehicle id="cfm-slow_2" eclass="HBEFA3/PC_G_EU4" CO2="18415.55" CO="304.52" HC="1.84" NOx="8.07" PMx="0.43" fuel="7.92" electricity="0.00" noise="77.31" route="routetop" type="cfm-slow" waiting="0.00" lane="top_0" pos="0.85" speed="23.10" angle="272.94" x="61.74" y="132.24"/>
        <vehicle id="cfm-slow_3" eclass="HBEFA3/PC_G_EU4" CO2="22218.34" CO="388.02" HC="2.32" NOx="9.82" PMx="0.54" fuel="9.55" electricity="0.00" noise="79.49" route="routetop" type="cfm-slow" waiting="0.00" lane="top_0" pos="19.53" speed="25.18" angle="239.29" x="24.15" y="119.74"/>
        <vehicle id="cfm-slow_4" eclass="HBEFA3/PC_G_EU4" CO2="20492.54" CO="362.66" HC="2.16" NOx="8.95" PMx="0.50" fuel="8.81" electricity="0.00" noise="78.47" route="routetop" type="cfm-slow" waiting="0.00" lane="top_0" pos="40.36" speed="27.52" angle="201.88" x="-1.80" y="84.18"/>
        <vehicle id="cfm-slow_5" eclass="HBEFA3/PC_G_EU4" CO2="12455.07" CO="207.41" HC="1.26" NOx="5.12" PMx="0.30" fuel="5.35" electricity="0.00" noise="75.36" route="routetop" type="cfm-slow" waiting="0.00" lane="left_0" pos="13.55" speed="29.22" angle="160.11" x="1.19" y="35.30"/>
    </timestep>
    <timestep time="4.30">
        <vehicle id="cfm-fast_0" eclass="HBEFA3/PC_G_EU4" CO2="0.00" CO="0.00" HC="0.00" NOx="0.00" PMx="0.00" fuel="0.00" electricity="0.00" noise="73.53" route="routetop" type="cfm-fast" waiting="0.00" lane="left_0" pos="38.65" speed="29.61" angle="114.97" x="39.68" y="-0.61"/>
        <vehicle id="cfm-fast_1" eclass="HBEFA3/PC_G_EU4" CO2="228563.65" CO="5203.19" HC="29.44" NOx="106.55" PMx="6.19" fuel="98.25" electricity="0.00" noise="142.93" route="routebottom" type="cfm-fast" waiting="0.00" lane="bottom_1" pos="36.73" speed="58.21" angle="28.35" x="123.36" y="37.21"/>
        <vehicle id="cfm-fast_2" eclass="HBEFA3/PC_G_EU4" CO2="6373.80" CO="75.31" HC="0.50" NOx="2.27" PMx="0.13" fuel="2.74" electricity="0.00" noise="73.24" route="routebottom" type="cfm-fast" waiting="0.00" lane="bottom_0" pos="10.60" speed="28.12" angle="75.35" x="86.15" y="-1.15"/>
        <vehicle id="cfm-fast_3" eclass="HBEFA3/PC_G_EU4" CO2="0.00" CO="0.00" HC="0.00" NOx="0.00" PMx="0.00" fuel="0.00" electricity="0.00" noise="71.22" route="routebottom" type="cfm-fast" waiting="0.00" lane="bottom_0" pos="30.37" speed="27.62" angle="39.80" x="119.62" y="23.98"/>
        <vehicle id="cfm-fast_4" eclass="HBEFA3/PC_G_EU4" CO2="0.00" CO="0.00" HC="0.00" NOx="0.00" PMx="0.00" fuel="0.00" electricity="0.00" noise="69.77" route="routebottom" type="cfm-fast" waiting="0.00" lane="bottom_0" pos="49.50" speed="25.17" angle="5.43" x="132.25" y="62.50"/>
        <vehicle id="cfm-fast_5" eclass="HBEFA3/PC_G_EU4" CO2="230432.33" CO="5255.07" HC="29.73" NOx="107.43" PMx="6.24" fuel="99.05" electricity="0.00" noise="143.14" route="routetop" type="cfm-fast" waiting="0.00" lane="top_1" pos="1.53" speed="58.64" angle="271.74" x="60.50" y="128.89"/>
        <vehicle id="cfm-slow_0" eclass="HBEFA3/PC_G_EU4" CO2="9487.43" CO="119.14" HC="0.78" NOx="3.91" PMx="0.20" fuel="4.08" electricity="0.00" noise="71.74" route="routebottom" type="cfm-slow" waiting="0.00" lane="right_0" pos="17.41" speed="20.96" angle="333.15" x="122.24" y="99.37"/>
        <vehicle id="cfm-slow_1" eclass="HBEFA3/PC_G_EU4" CO2="13373.74" CO="199.27" HC="1.24" NOx="5.72" PMx="0.30" fuel="5.75" electricity="0.00" noise="74.13" route="routebottom" type="cfm-slow" waiting="0.00" lane="right_0" pos="33.84" speed="21.72" angle="303.61" x="97.03" y="123.59"/>
        <vehicle id="cfm-slow_2" eclass="HBEFA3/PC_G_EU4" CO2="18434.23" CO="304.95" HC="1.85" NOx="8.08" PMx="0.44" fuel="7.92" electricity="0.00" noise="77.32" route="routetop" type="cfm-slow" waiting="0.00" lane="top_0" pos="1.08" speed="23.12" angle="272.52" x="61.24" y="132.23"/>
        <vehicle id="cfm-slow_3" eclass="HBEFA3/PC_G_EU4" CO2="22188.20" CO="387.49" HC="2.32" NOx="9.80" PMx="0.54" fuel="9.54" electricity="0.00" noise="79.47" route="routetop" type="cfm-slow" waiting="0.00" lane="top_0" pos="19.78" speed="25.21" angle="238.83" x="23.71" y="119.42"/>
        <vehicle id="cfm-slow_4" eclass="HBEFA3/PC_G_EU4" CO2="20399.15" CO="360.85" HC="2.15" NOx="8.91" PMx="0.50" fuel="8.77" electricity="0.00" noise="78.42" route="routetop" type="cfm-slow" waiting="0.00" lane="top_0" pos="40.63" speed="27.54" angle="201.37" x="-1.97" y="83.61"/>
        <vehicle id="cfm-slow_5" eclass="HBEFA3/PC_G_EU4" CO2="12353.73" CO="205.38" HC="1.25" NOx="5.07" PMx="0.29" fuel="5.31" electricity="0.00" noise="75.33" route="routetop" type="cfm-slow" waiting="0.00" lane="left_0" pos="13.84" speed="29.23" angle="159.56" x="1.45" y="34.73"/>
    </timestep>
    <timestep time="4.31">
        <vehicle id="cfm-fast_0" eclass="HBEFA3/PC_G_EU4" CO2="0.00" CO="0.00" HC="0.00" NOx="0.00" PMx="0.00" fuel="0.00" electricity="0.00" noise="73.51" route="routetop" type="cfm-fast" waiting="0.00" lane="left_0" pos="38.95" speed="29.60" angle="114.43" x="40.28" y="-0.83"/>
        <vehicle id="cfm-fast_1" eclass="HBEFA3/PC_G_EU4" CO2="229155.43" CO="5219.60" HC="29.53" NOx="106.83" PMx="6.21" fuel="98.50" electricity="0.00" noise="143.00" route="routebottom" type="cfm-fast" waiting="0.00" lane="bottom_1" pos="37.32" speed="58.34" angle="27.32" x="123.84" y="38.31"/>
        <vehicle id="cfm-fast_2" eclass="HBEFA3/PC_G_EU4" CO2="6202.44" CO="71.79" HC="0.48" NOx="2.19" PMx="0.13" fuel="2.67" electricity="0.00" noise="73.20" route="routebottom" type="cfm-fast" waiting="0.00" lane="bottom_0" pos="10.89" speed="28.12" angle="74.82" x="86.72" y="-0.95"/>
        <vehicle id="cfm-fast_3" eclass="HBEFA3/PC_G_EU4" CO2="0.00" CO="0.00" HC="0.00" NOx="0.00" PMx="0.00" fuel="0.00" electricity="0.00" noise="71.21" route="routebottom" type="cfm-fast" waiting="0.00" lane="bottom_0" pos="30.65" speed="27.61" angle="39.30" x="119.96" y="24.46"/>
        <vehicle id="cfm-fast_4" eclass="HBEFA3/PC_G_EU4" CO2="0.00" CO="0.00" HC="0.00" NOx="0.00" PMx="0.00" fuel="0.00" electricity="0.00" noise="69.76" route="routebottom" type="cfm-fast" waiting="0.00" lane="bottom_0" pos="49.76" speed="25.15" angle="4.96" x="132.26" y="63.04"/>
        <vehicle id="cfm-fast_5" eclass="HBEFA3/PC_G_EU4" CO2="231025.02" CO="5271.55" HC="29.82" NOx="107.71" PMx="6.26" fuel="99.31" electricity="0.00" noise="143.20" route="routetop" type="cfm-fast" waiting="0.00" lane="top_1" pos="2.12" speed="58.77" angle="270.67" x="59.29" y="128.82"/>
        <vehicle id="cfm-slow_0" eclass="HBEFA3/PC_G_EU4" CO2="9505.84" CO="119.52" HC="0.78" NOx="3.91" PMx="0.20" fuel="4.09" electricity="0.00" noise="71.76" route="routebottom" type="cfm-slow" waiting="0.00" lane="right_0" pos="17.62" speed="20.97" angle="332.77" x="122.01" y="99.75"/>
        <vehicle id="cfm-slow_1" eclass="HBEFA3/PC_G_EU4" CO2="13402.99" CO="199.88" HC="1.24" NOx="5.74" PMx="0.30" fuel="5.76" electricity="0.00" noise="74.15" route="routebottom" type="cfm-slow" waiting="0.00" lane="right_0" pos="34.06" speed="21.74" angle="303.21" x="96.63" y="123.82"/>
        <vehicle id="cfm-slow_2" eclass="HBEFA3/PC_G_EU4" CO2="18452.64" CO="305.37" HC="1.85" NOx="8.09" PMx="0.44" fuel="7.93" electricity="0.00" noise="77.33" route="routetop" type="cfm-slow" waiting="0.00" lane="top_0" pos="1.31" speed="23.15" angle="272.12" x="60.75" y="132.21"/>
        <vehicle id="cfm-slow_3" eclass="HBEFA3/PC_G_EU4" CO2="22157.62" CO="386.95" HC="2.31" NOx="9.79" PMx="0.54" fuel="9.52" electricity="0.00" noise="79.45" route="routetop" type="cfm-slow" waiting="0.00" lane="top_0" pos="20.04" speed="25.24" angle="238.37" x="23.27" y="119.10"/>
        <vehicle id="cfm-slow_4" eclass="HBEFA3/PC_G_EU4" CO2="20305.77" CO="359.04" HC="2.14" NOx="8.86" PMx="0.50" fuel="8.73" electricity="0.00" noise="78.38" route="routetop" type="cfm-slow" waiting="0.00" lane="top_0" pos="40.91" speed="27.57" angle="200.85" x="-2.15" y="83.05"/>
        <vehicle id="cfm-slow_5" eclass="HBEFA3/PC_G_EU4" CO2="12252.79" CO="203.36" HC="1.24" NOx="5.02" PMx="0.29" fuel="5.27" electricity="0.00" noise="75.30" route="routetop" type="cfm-slow" waiting="0.00" lane="left_0" pos="14.13" speed="29.24" angle="159.08" x="1.72" y="34.16"/>
    </timestep>
    <timestep time="4.32">
        <vehicle id="cfm-fast_0" eclass="HBEFA3/PC_G_EU4" CO2="0.00" CO="0.00" HC="0.00" NOx="0.00" PMx="0.00" fuel="0.00" electricity="0.00" noise="73.50" route="routetop" type="cfm-fast" waiting="0.00" lane="left_0" pos="39.25" speed="29.60" angle="113.88" x="40.88" y="-1.04"/>
        <vehicle id="cfm-fast_1" eclass="HBEFA3/PC_G_EU4" CO2="229747.50" CO="5236.04" HC="29.62" NOx="107.11" PMx="6.22" fuel="98.76" electricity="0.00" noise="143.06" route="routebottom" type="cfm-fast" waiting="0.00" lane="bottom_1" pos="37.90" speed="58.48" angle="26.25" x="124.29" y="39.42"/>
        <vehicle id="cfm-fast_2" eclass="HBEFA3/PC_G_EU4" CO2="6032.11" CO="68.29" HC="0.46" NOx="2.11" PMx="0.13" fuel="2.59" electricity="0.00" noise="73.16" route="routebottom" type="cfm-fast" waiting="0.00" lane="bottom_0" pos="11.17" speed="28.12" angle="74.30" x="87.29" y="-0.74"/>
        <vehicle id="cfm-fast_3" eclass="HBEFA3/PC_G_EU4" CO2="0.00" CO="0.00" HC="0.00" NOx="0.00" PMx="0.00" fuel="0.00" electricity="0.00" noise="71.20" route="routebottom" type="cfm-fast" waiting="0.00" lane="bottom_0" pos="30.93" speed="27.59" angle="38.86" x="120.30" y="24.95"/>
        <vehicle id="cfm-fast_4" eclass="HBEFA3/PC_G_EU4" CO2="0.00" CO="0.00" HC="0.00" NOx="0.00" PMx="0.00" fuel="0.00" electricity="0.00" noise="69.75" route="routebottom" type="cfm-fast" waiting="0.00" lane="right_0" pos="0.01" speed="25.13" angle="4.46" x="132.27" y="63.77"/>
        <vehicle id="cfm-fast_5" eclass="HBEFA3/PC_G_EU4" CO2="231618.01" CO="5288.05" HC="29.91" NOx="107.98" PMx="6.28" fuel="99.56" electricity="0.00" noise="143.27" route="routetop" type="cfm-fast" waiting="0.00" lane="top_1" pos="2.70" speed="58.91" angle="269.65" x="58.09" y="128.74"/>
        <vehicle id="cfm-slow_0" eclass="HBEFA3/PC_G_EU4" CO2="9524.51" CO="119.90" HC="0.78" NOx="3.92" PMx="0.20" fuel="4.09" electricity="0.00" noise="71.77" route="routebottom" type="cfm-slow" waiting="0.00" lane="right_0" pos="17.83" speed="20.98" angle="332.41" x="121.78" y="100.14"/>
        <vehicle id="cfm-slow_1" eclass="HBEFA3/PC_G_EU4" CO2="13432.31" CO="200.50" HC="1.24" NOx="5.75" PMx="0.30" fuel="5.77" electricity="0.00" noise="74.17" route="routebottom" type="cfm-slow" waiting="0.00" lane="right_0" pos="34.28" speed="21.76" angle="302.82" x="96.22" y="124.05"/>
        <vehicle id="cfm-slow_2" eclass="HBEFA3/PC_G_EU4" CO2="18470.78" CO="305.78" HC="1.85" NOx="8.09" PMx="0.44" fuel="7.94" electricity="0.00" noise="77.34" route="routetop" type="cfm-slow" waiting="0.00" lane="top_0" pos="1.54" speed="23.17" angle="271.70" x="60.25" y="132.18"/>
        <vehicle id="cfm-slow_3" eclass="HBEFA3/PC_G_EU4" CO2="22126.60" CO="386.41" HC="2.31" NOx="9.77" PMx="0.54" fuel="9.51" electricity="0.00" noise="79.43" route="routetop" type="cfm-slow" waiting="0.00" lane="top_0" pos="20.29" speed="25.26" angle="237.91" x="22.83" y="118.78"/>
        <vehicle id="cfm-slow_4" eclass="HBEFA3/PC_G_EU4" CO2="20212.40" CO="357.23" HC="2.13" NOx="8.82" PMx="0.49" fuel="8.69" electricity="0.00" noise="78.33" route="routetop" type="cfm-slow" waiting="0.00" lane="top_0" pos="41.19" speed="27.59" angle="200.40" x="-2.31" y="82.48"/>
        <vehicle id="cfm-slow_5" eclass="HBEFA3/PC_G_EU4" CO2="12152.25" CO="201.35" HC="1.22" NOx="4.98" PMx="0.29" fuel="5.22" electricity="0.00" noise="75.27" route="routetop" type="cfm-slow" waiting="0.00" lane="left_0" pos="14.42" speed="29.24" angle="158.53" x="2.00" y="33.60"/>
    </timestep>
    <timestep time="4.33">
        <vehicle id="cfm-fast_0" eclass="HBEFA3/PC_G_EU4" CO2="0.00" CO="0.00" HC="0.00" NOx="0.00" PMx="0.00" fuel="0.00" electricity="0.00" noise="73.48" route="routetop" type="cfm-fast" waiting="0.00" lane="left_0" pos="39.54" speed="29.60" angle="113.34" x="41.48" y="-1.26"/>
        <vehicle id="cfm-fast_1" eclass="HBEFA3/PC_G_EU4" CO2="230339.86" CO="5252.50" HC="29.71" NOx="107.39" PMx="6.24" fuel="99.01" electricity="0.00" noise="143.13" route="routebottom" type="cfm-fast" waiting="0.00" lane="bottom_1" pos="38.49" speed="58.62" angle="25.22" x="124.73" y="40.54"/>
        <vehicle id="cfm-fast_2" eclass="HBEFA3/PC_G_EU4" CO2="5862.82" CO="64.81" HC="0.44" NOx="2.03" PMx="0.12" fuel="2.52" electricity="0.00" noise="73.13" route="routebottom" type="cfm-fast" waiting="0.00" lane="bottom_0" pos="11.45" speed="28.12" angle="73.81" x="87.86" y="-0.54"/>
        <vehicle id="cfm-fast_3" eclass="HBEFA3/PC_G_EU4" CO2="0.00" CO="0.00" HC="0.00" NOx="0.00" PMx="0.00" fuel="0.00" electricity="0.00" noise="71.18" route="routebottom" type="cfm-fast" waiting="0.00" lane="bottom_0" pos="31.20" speed="27.57" angle="38.36" x="120.63" y="25.45"/>
        <vehicle id="cfm-fast_4" eclass="HBEFA3/PC_G_EU4" CO2="0.00" CO="0.00" HC="0.00" NOx="0.00" PMx="0.00" fuel="0.00" electricity="0.00" noise="69.74" route="routebottom" type="cfm-fast" waiting="0.00" lane="right_0" pos="0.26" speed="25.11" angle="4.00" x="132.26" y="64.31"/>
        <vehicle id="cfm-fast_5" eclass="HBEFA3/PC_G_EU4" CO2="232211.30" CO="5304.58" HC="30.00" NOx="108.26" PMx="6.30" fuel="99.82" electricity="0.00" noise="143.34" route="routetop" type="cfm-fast" waiting="0.00" lane="top_1" pos="3.30" speed="59.05" angle="268.58" x="56.89" y="128.61"/>
        <vehicle id="cfm-slow_0" eclass="HBEFA3/PC_G_EU4" CO2="9543.43" CO="120.29" HC="0.78" NOx="3.93" PMx="0.20" fuel="4.10" electricity="0.00" noise="71.78" route="routebottom" type="cfm-slow" waiting="0.00" lane="right_0" pos="18.04" speed="20.99" angle="332.07" x="121.54" y="100.52"/>
        <vehicle id="cfm-slow_1" eclass="HBEFA3/PC_G_EU4" CO2="13461.68" CO="201.11" HC="1.25" NOx="5.76" PMx="0.30" fuel="5.79" electricity="0.00" noise="74.19" route="routebottom" type="cfm-slow" waiting="0.00" lane="right_0" pos="34.50" speed="21.77" angle="302.42" x="95.81" y="124.27"/>
        <vehicle id="cfm-slow_2" eclass="HBEFA3/PC_G_EU4" CO2="18488.64" CO="306.19" HC="1.85" NOx="8.10" PMx="0.44" fuel="7.95" electricity="0.00" noise="77.35" route="routetop" type="cfm-slow" waiting="0.00" lane="top_0" pos="1.78" speed="23.20" angle="271.29" x="59.75" y="132.15"/>
        <vehicle id="cfm-slow_3" eclass="HBEFA3/PC_G_EU4" CO2="22095.15" CO="385.85" HC="2.31" NOx="9.76" PMx="0.54" fuel="9.50" electricity="0.00" noise="79.41" route="routetop" type="cfm-slow" waiting="0.00" lane="top_0" pos="20.54" speed="25.29" angle="237.51" x="22.39" y="118.46"/>
        <vehicle id="cfm-slow_4" eclass="HBEFA3/PC_G_EU4" CO2="20119.04" CO="355.42" HC="2.12" NOx="8.77" PMx="0.49" fuel="8.65" electricity="0.00" noise="78.29" route="routetop" type="cfm-slow" waiting="0.00" lane="top_0" pos="41.46" speed="27.61" angle="199.89" x="-2.46" y="81.90"/>
        <vehicle id="cfm-slow_5" eclass="HBEFA3/PC_G_EU4" CO2="12052.12" CO="199.35" HC="1.21" NOx="4.93" PMx="0.29" fuel="5.18" electricity="0.00" noise="75.24" route="routetop" type="cfm-slow" waiting="0.00" lane="left_0" pos="14.71" speed="29.25" angle="157.98" x="2.28" y="33.03"/>
    </timestep>
    <timestep time="4.34">
        <vehicle id="cfm-fast_0" eclass="HBEFA3/PC_G_EU4" CO2="0.00" CO="0.00" HC="0.00" NOx="0.00" PMx="0.00" fuel="0.00" electricity="0.00" noise="73.47" route="routetop" type="cfm-fast" waiting="0.00" lane="left_0" pos="39.84" speed="29.60" angle="112.85" x="42.08" y="-1.47"/>
        <vehicle id="cfm-fast_1" eclass="HBEFA3/PC_G_EU4" CO2="230932.51" CO="5268.97" HC="29.80" NOx="107.66" PMx="6.26" fuel="99.27" electricity="0.00" noise="143.19" route="routebottom" type="cfm-fast" waiting="0.00" lane="bottom_1" pos="39.07" speed="58.75" angle="24.17" x="125.14" y="41.67"/>
        <vehicle id="cfm-fast_2" eclass="HBEFA3/PC_G_EU4" CO2="5694.58" CO="61.35" HC="0.42" NOx="1.95" PMx="0.12" fuel="2.45" electricity="0.00" noise="73.09" route="routebottom" type="cfm-fast" waiting="0.00" lane="bottom_0" pos="11.73" speed="28.12" angle="73.33" x="88.42" y="-0.32"/>
        <vehicle id="cfm-fast_3" eclass="HBEFA3/PC_G_EU4" CO2="0.00" CO="0.00" HC="0.00" NOx="0.00" PMx="0.00" fuel="0.00" electricity="0.00" noise="71.17" route="routebottom" type="cfm-fast" waiting="0.00" lane="bottom_0" pos="31.48" speed="27.55" angle="37.86" x="120.96" y="25.94"/>
        <vehicle id="cfm-fast_4" eclass="HBEFA3/PC_G_EU4" CO2="0.00" CO="0.00" HC="0.00" NOx="0.00" PMx="0.00" fuel="0.00" electricity="0.00" noise="69.73" route="routebottom" type="cfm-fast" waiting="0.00" lane="right_0" pos="0.51" speed="25.08" angle="3.55" x="132.25" y="64.85"/>
        <vehicle id="cfm-fast_5" eclass="HBEFA3/PC_G_EU4" CO2="232804.87" CO="5321.12" HC="30.09" NOx="108.54" PMx="6.31" fuel="100.07" electricity="0.00" noise="143.40" route="routetop" type="cfm-fast" waiting="0.00" lane="top_1" pos="3.89" speed="59.18" angle="267.54" x="55.68" y="128.48"/>
        <vehicle id="cfm-slow_0" eclass="HBEFA3/PC_G_EU4" CO2="9562.61" CO="120.68" HC="0.78" NOx="3.94" PMx="0.20" fuel="4.11" electricity="0.00" noise="71.80" route="routebottom" type="cfm-slow" waiting="0.00" lane="right_0" pos="18.25" speed="21.00" angle="331.66" x="121.29" y="100.90"/>
        <vehicle id="cfm-slow_1" eclass="HBEFA3/PC_G_EU4" CO2="13491.10" CO="201.73" HC="1.25" NOx="5.78" PMx="0.30" fuel="5.80" electricity="0.00" noise="74.20" route="routebottom" type="cfm-slow" waiting="0.00" lane="right_0" pos="34.71" speed="21.79" angle="302.09" x="95.39" y="124.49"/>
        <vehicle id="cfm-slow_2" eclass="HBEFA3/PC_G_EU4" CO2="18506.22" CO="306.59" HC="1.85" NOx="8.11" PMx="0.44" fuel="7.95" electricity="0.00" noise="77.36" route="routetop" type="cfm-slow" waiting="0.00" lane="top_0" pos="2.01" speed="23.22" angle="270.87" x="59.25" y="132.12"/>
        <vehicle id="cfm-slow_3" eclass="HBEFA3/PC_G_EU4" CO2="22063.27" CO="385.29" HC="2.30" NOx="9.74" PMx="0.54" fuel="9.48" electricity="0.00" noise="79.39" route="routetop" type="cfm-slow" waiting="0.00" lane="top_0" pos="20.79" speed="25.32" angle="237.04" x="21.96" y="118.13"/>
        <vehicle id="cfm-slow_4" eclass="HBEFA3/PC_G_EU4" CO2="20025.70" CO="353.62" HC="2.11" NOx="8.73" PMx="0.49" fuel="8.61" electricity="0.00" noise="78.24" route="routetop" type="cfm-slow" waiting="0.00" lane="top_0" pos="41.74" speed="27.63" angle="199.38" x="-2.62" y="81.33"/>
        <vehicle id="cfm-slow_5" eclass="HBEFA3/PC_G_EU4" CO2="11952.37" CO="197.35" HC="1.20" NOx="4.88" PMx="0.28" fuel="5.14" electricity="0.00" noise="75.21" route="routetop" type="cfm-slow" waiting="0.00" lane="left_0" pos="15.01" speed="29.26" angle="157.44" x="2.56" y="32.47"/>
    </timestep>
    <timestep time="4.35">
        <vehicle id="cfm-fast_0" eclass="HBEFA3/PC_G_EU4" CO2="0.00" CO="0.00" HC="0.00" NOx="0.00" PMx="0.00" fuel="0.00" electricity="0.00" noise="73.45" route="routetop" type="cfm-fast" waiting="0.00" lane="left_0" pos="40.13" speed="29.60" angle="112.30" x="42.69" y="-1.65"/>
        <vehicle id="cfm-fast_1" eclass="HBEFA3/PC_G_EU4" CO2="231525.46" CO="5285.47" HC="29.89" NOx="107.94" PMx="6.28" fuel="99.52" electricity="0.00" noise="143.26" route="routebottom" type="cfm-fast" waiting="0.00" lane="bottom_1" pos="39.66" speed="58.89" angle="23.13" x="125.56" y="42.80"/>
        <vehicle id="cfm-fast_2" eclass="HBEFA3/PC_G_EU4" CO2="5527.40" CO="57.91" HC="0.40" NOx="1.88" PMx="0.11" fuel="2.38" electricity="0.00" noise="73.05" route="routebottom" type="cfm-fast" waiting="0.00" lane="bottom_0" pos="12.01" speed="28.12" angle="72.83" x="88.99" y="-0.09"/>
        <vehicle id="cfm-fast_3" eclass="HBEFA3/PC_G_EU4" CO2="0.00" CO="0.00" HC="0.00" NOx="0.00" PMx="0.00" fuel="0.00" electricity="0.00" noise="71.16" route="routebottom" type="cfm-fast" waiting="0.00" lane="bottom_0" pos="31.75" speed="27.54" angle="37.37" x="121.29" y="26.43"/>
        <vehicle id="cfm-fast_4" eclass="HBEFA3/PC_G_EU4" CO2="0.00" CO="0.00" HC="0.00" NOx="0.00" PMx="0.00" fuel="0.00" electricity="0.00" noise="69.72" route="routebottom" type="cfm-fast" waiting="0.00" lane="right_0" pos="0.76" speed="25.06" angle="3.09" x="132.24" y="65.39"/>
        <vehicle id="cfm-fast_5" eclass="HBEFA3/PC_G_EU4" CO2="233398.74" CO="5337.69" HC="30.18" NOx="108.82" PMx="6.33" fuel="100.33" electricity="0.00" noise="143.47" route="routetop" type="cfm-fast" waiting="0.00" lane="top_1" pos="4.48" speed="59.32" angle="266.46" x="54.47" y="128.31"/>
        <vehicle id="cfm-slow_0" eclass="HBEFA3/PC_G_EU4" CO2="9582.03" CO="121.08" HC="0.79" NOx="3.95" PMx="0.20" fuel="4.12" electricity="0.00" noise="71.81" route="routebottom" type="cfm-slow" waiting="0.00" lane="right_0" pos="18.46" speed="21.01" angle="331.25" x="121.03" y="101.27"/>
        <vehicle id="cfm-slow_1" eclass="HBEFA3/PC_G_EU4" CO2="13520.57" CO="202.34" HC="1.25" NOx="5.79" PMx="0.30" fuel="5.81" electricity="0.00" noise="74.22" route="routebottom" type="cfm-slow" waiting="0.00" lane="right_0" pos="34.93" speed="21.81" angle="301.69" x="94.97" y="124.70"/>
        <vehicle id="cfm-slow_2" eclass="HBEFA3/PC_G_EU4" CO2="18523.52" CO="306.99" HC="1.86" NOx="8.12" PMx="0.44" fuel="7.96" electricity="0.00" noise="77.37" route="routetop" type="cfm-slow" waiting="0.00" lane="top_0" pos="2.24" speed="23.24" angle="270.45" x="58.75" y="132.09"/>
        <vehicle id="cfm-slow_3" eclass="HBEFA3/PC_G_EU4" CO2="22030.97" CO="384.72" HC="2.30" NOx="9.72" PMx="0.53" fuel="9.47" electricity="0.00" noise="79.36" route="routetop" type="cfm-slow" waiting="0.00" lane="top_0" pos="21.05" speed="25.34" angle="236.58" x="21.53" y="117.79"/>
        <vehicle id="cfm-slow_4" eclass="HBEFA3/PC_G_EU4" CO2="19932.38" CO="351.81" HC="2.10" NOx="8.68" PMx="0.49" fuel="8.57" electricity="0.00" noise="78.20" route="routetop" type="cfm-slow" waiting="0.00" lane="top_0" pos="42.02" speed="27.65" angle="198.87" x="-2.77" y="80.76"/>
        <vehicle id="cfm-slow_5" eclass="HBEFA3/PC_G_EU4" CO2="11853.01" CO="195.36" HC="1.19" NOx="4.84" PMx="0.28" fuel="5.10" electricity="0.00" noise="75.18" route="routetop" type="cfm-slow" waiting="0.00" lane="left_0" pos="15.30" speed="29.27" angle="156.92" x="2.84" y="31.91"/>
    </timestep>
    <timestep time="4.36">
        <vehicle id="cfm-fast_0" eclass="HBEFA3/PC_G_EU4" CO2="0.00" CO="0.00" HC="0.00" NOx="0.00" PMx="0.00" fuel="0.00" electricity="0.00" noise="73.44" route="routetop" type="cfm-fast" waiting="0.00" lane="left_0" pos="40.43" speed="29.60" angle="111.74" x="43.29" y="-1.84"/>
        <vehicle id="cfm-fast_1" eclass="HBEFA3/PC_G_EU4" CO2="232118.69" CO="5302.00" HC="29.98" NOx="108.22" PMx="6.29" fuel="99.78" electricity="0.00" noise="143.33" route="routebottom" type="cfm-fast" waiting="0.00" lane="bottom_1" pos="40.25" speed="59.02" angle="22.08" x="125.92" y="43.96"/>
        <vehicle id="cfm-fast_2" eclass="HBEFA3/PC_G_EU4" CO2="5361.29" CO="54.49" HC="0.38" NOx="1.80" PMx="0.11" fuel="2.30" electricity="0.00" noise="73.02" route="routebottom" type="cfm-fast" waiting="0.00" lane="bottom_0" pos="12.29" speed="28.13" angle="72.33" x="89.55" y="0.13"/>
        <vehicle id="cfm-fast_3" eclass="HBEFA3/PC_G_EU4" CO2="0.00" CO="0.00" HC="0.00" NOx="0.00" PMx="0.00" fuel="0.00" electricity="0.00" noise="71.15" route="routebottom" type="cfm-fast" waiting="0.00" lane="bottom_0" pos="32.03" speed="27.52" angle="36.93" x="121.62" y="26.92"/>
        <vehicle id="cfm-fast_4" eclass="HBEFA3/PC_G_EU4" CO2="0.00" CO="0.00" HC="0.00" NOx="0.00" PMx="0.00" fuel="0.00" electricity="0.00" noise="69.71" route="routebottom" type="cfm-fast" waiting="0.00" lane="right_0" pos="1.01" speed="25.04" angle="2.64" x="132.23" y="65.93"/>
        <vehicle id="cfm-fast_5" eclass="HBEFA3/PC_G_EU4" CO2="233992.90" CO="5354.28" HC="30.27" NOx="109.10" PMx="6.35" fuel="100.58" electricity="0.00" noise="143.53" route="routetop" type="cfm-fast" waiting="0.00" lane="top_1" pos="5.07" speed="59.45" angle="265.37" x="53.27" y="128.14"/>
        <vehicle id="cfm-slow_0" eclass="HBEFA3/PC_G_EU4" CO2="9601.69" CO="121.49" HC="0.79" NOx="3.96" PMx="0.20" fuel="4.13" electricity="0.00" noise="71.82" route="routebottom" type="cfm-slow" waiting="0.00" lane="right_0" pos="18.67" speed="21.03" angle="330.84" x="120.78" y="101.65"/>
        <vehicle id="cfm-slow_1" eclass="HBEFA3/PC_G_EU4" CO2="13550.08" CO="202.96" HC="1.26" NOx="5.80" PMx="0.31" fuel="5.82" electricity="0.00" noise="74.24" route="routebottom" type="cfm-slow" waiting="0.00" lane="right_0" pos="35.15" speed="21.83" angle="301.30" x="94.55" y="124.92"/>
        <vehicle id="cfm-slow_2" eclass="HBEFA3/PC_G_EU4" CO2="18540.53" CO="307.38" HC="1.86" NOx="8.12" PMx="0.44" fuel="7.97" electricity="0.00" noise="77.38" route="routetop" type="cfm-slow" waiting="0.00" lane="top_0" pos="2.47" speed="23.27" angle="270.04" x="58.25" y="132.07"/>
        <vehicle id="cfm-slow_3" eclass="HBEFA3/PC_G_EU4" CO2="21998.23" CO="384.13" HC="2.30" NOx="9.71" PMx="0.53" fuel="9.46" electricity="0.00" noise="79.34" route="routetop" type="cfm-slow" waiting="0.00" lane="top_0" pos="21.30" speed="25.37" angle="236.11" x="21.10" y="117.45"/>
        <vehicle id="cfm-slow_4" eclass="HBEFA3/PC_G_EU4" CO2="19839.08" CO="350.00" HC="2.09" NOx="8.64" PMx="0.48" fuel="8.53" electricity="0.00" noise="78.15" route="routetop" type="cfm-slow" waiting="0.00" lane="top_0" pos="42.29" speed="27.67" angle="198.39" x="-2.93" y="80.18"/>
        <vehicle id="cfm-slow_5" eclass="HBEFA3/PC_G_EU4" CO2="11754.03" CO="193.38" HC="1.18" NOx="4.79" PMx="0.28" fuel="5.05" electricity="0.00" noise="75.15" route="routetop" type="cfm-slow" waiting="0.00" lane="left_0" pos="15.59" speed="29.28" angle="156.42" x="3.14" y="31.35"/>
    </timestep>
    <timestep time="4.37">
        <vehicle id="cfm-fast_0" eclass="HBEFA3/PC_G_EU4" CO2="0.00" CO="0.00" HC="0.00" NOx="0.00" PMx="0.00" fuel="0.00" electricity="0.00" noise="73.42" route="routetop" type="cfm-fast" waiting="0.00" lane="left_0" pos="40.73" speed="29.59" angle="111.19" x="43.90" y="-2.03"/>
        <vehicle id="cfm-fast_1" eclass="HBEFA3/PC_G_EU4" CO2="232712.22" CO="5318.54" HC="30.07" NOx="108.50" PMx="6.31" fuel="100.03" electricity="0.00" noise="143.39" route="routebottom" type="cfm-fast" waiting="0.00" lane="bottom_1" pos="40.84" speed="59.16" angle="20.98" x="126.28" y="45.12"/>
        <vehicle id="cfm-fast_2" eclass="HBEFA3/PC_G_EU4" CO2="5196.25" CO="51.09" HC="0.37" NOx="1.72" PMx="0.10" fuel="2.23" electricity="0.00" noise="72.98" route="routebottom" type="cfm-fast" waiting="0.00" lane="bottom_0" pos="12.57" speed="28.13" angle="71.83" x="90.11" y="0.36"/>
        <vehicle id="cfm-fast_3" eclass="HBEFA3/PC_G_EU4" CO2="0.00" CO="0.00" HC="0.00" NOx="0.00" PMx="0.00" fuel="0.00" electricity="0.00" noise="71.13" route="routebottom" type="cfm-fast" waiting="0.00" lane="bottom_0" pos="32.30" speed="27.50" angle="36.43" x="121.93" y="27.43"/>
        <vehicle id="cfm-fast_4" eclass="HBEFA3/PC_G_EU4" CO2="0.00" CO="0.00" HC="0.00" NOx="0.00" PMx="0.00" fuel="0.00" electricity="0.00" noise="69.70" route="routebottom" type="cfm-fast" waiting="0.00" lane="right_0" pos="1.26" speed="25.02" angle="2.21" x="132.22" y="66.47"/>
        <vehicle id="cfm-fast_5" eclass="HBEFA3/PC_G_EU4" CO2="234587.35" CO="5370.89" HC="30.36" NOx="109.37" PMx="6.37" fuel="100.84" electricity="0.00" noise="143.60" route="routetop" type="cfm-fast" waiting="0.00" lane="top_1" pos="5.67" speed="59.59" angle="264.30" x="52.07" y="127.93"/>
        <vehicle id="cfm-slow_0" eclass="HBEFA3/PC_G_EU4" CO2="9621.60" CO="121.89" HC="0.79" NOx="3.97" PMx="0.20" fuel="4.14" electricity="0.00" noise="71.84" route="routebottom" type="cfm-slow" waiting="0.00" lane="right_0" pos="18.88" speed="21.04" angle="330.43" x="120.53" y="102.03"/>
        <vehicle id="cfm-slow_1" eclass="HBEFA3/PC_G_EU4" CO2="13579.63" CO="203.58" HC="1.26" NOx="5.82" PMx="0.31" fuel="5.84" electricity="0.00" noise="74.26" route="routebottom" type="cfm-slow" waiting="0.00" lane="right_0" pos="35.37" speed="21.84" angle="300.90" x="94.13" y="125.13"/>
        <vehicle id="cfm-slow_2" eclass="HBEFA3/PC_G_EU4" CO2="18557.26" CO="307.77" HC="1.86" NOx="8.13" PMx="0.44" fuel="7.98" electricity="0.00" noise="77.39" route="routetop" type="cfm-slow" waiting="0.00" lane="top_0" pos="2.71" speed="23.29" angle="269.64" x="57.75" y="132.02"/>
        <vehicle id="cfm-slow_3" eclass="HBEFA3/PC_G_EU4" CO2="21965.07" CO="383.55" HC="2.29" NOx="9.69" PMx="0.53" fuel="9.44" electricity="0.00" noise="79.32" route="routetop" type="cfm-slow" waiting="0.00" lane="top_0" pos="21.56" speed="25.40" angle="235.64" x="20.67" y="117.12"/>
        <vehicle id="cfm-slow_4" eclass="HBEFA3/PC_G_EU4" CO2="19745.80" CO="348.19" HC="2.08" NOx="8.59" PMx="0.48" fuel="8.49" electricity="0.00" noise="78.11" route="routetop" type="cfm-slow" waiting="0.00" lane="top_0" pos="42.57" speed="27.69" angle="197.92" x="-3.06" y="79.60"/>
        <vehicle id="cfm-slow_5" eclass="HBEFA3/PC_G_EU4" CO2="11655.43" CO="191.40" HC="1.17" NOx="4.74" PMx="0.28" fuel="5.01" electricity="0.00" noise="75.12" route="routetop" type="cfm-slow" waiting="0.00" lane="left_0" pos="15.89" speed="29.29" angle="155.88" x="3.44" y="30.80"/>
    </timestep>
    <timestep time="4.38">
        <vehicle id="cfm-fast_0" eclass="HBEFA3/PC_G_EU4" CO2="0.00" CO="0.00" HC="0.00" NOx="0.00" PMx="0.00" fuel="0.00" electricity="0.00" noise="73.41" route="routetop" type="cfm-fast" waiting="0.00" lane="left_0" pos="41.02" speed="29.59" angle="110.68" x="44.51" y="-2.22"/>
        <vehicle id="cfm-fast_1" eclass="HBEFA3/PC_G_EU4" CO2="233306.04" CO="5335.10" HC="30.17" NOx="108.77" PMx="6.33" fuel="100.29" electricity="0.00" noise="143.46" route="routebottom" type="cfm-fast" waiting="0.00" lane="bottom_1" pos="41.44" speed="59.30" angle="19.94" x="126.61" y="46.29"/>
        <vehicle id="cfm-fast_2" eclass="HBEFA3/PC_G_EU4" CO2="0.00" CO="0.00" HC="0.00" NOx="0.00" PMx="0.00" fuel="0.00" electricity="0.00" noise="72.95" route="routebottom" type="cfm-fast" waiting="0.00" lane="bottom_0" pos="12.85" speed="28.12" angle="71.37" x="90.67" y="0.59"/>
        <vehicle id="cfm-fast_3" eclass="HBEFA3/PC_G_EU4" CO2="0.00" CO="0.00" HC="0.00" NOx="0.00" PMx="0.00" fuel="0.00" electricity="0.00" noise="71.12" route="routebottom" type="cfm-fast" waiting="0.00" lane="bottom_0" pos="32.58" speed="27.48" angle="35.92" x="122.23" y="27.94"/>
        <vehicle id="cfm-fast_4" eclass="HBEFA3/PC_G_EU4" CO2="0.00" CO="0.00" HC="0.00" NOx="0.00" PMx="0.00" fuel="0.00" electricity="0.00" noise="69.70" route="routebottom" type="cfm-fast" waiting="0.00" lane="right_0" pos="1.51" speed="25.00" angle="1.76" x="132.19" y="67.01"/>
        <vehicle id="cfm-fast_5" eclass="HBEFA3/PC_G_EU4" CO2="235182.09" CO="5387.52" HC="30.45" NOx="109.65" PMx="6.38" fuel="101.09" electricity="0.00" noise="143.67" route="routetop" type="cfm-fast" waiting="0.00" lane="top_1" pos="6.27" speed="59.73" angle="263.20" x="50.86" y="127.71"/>
        <vehicle id="cfm-slow_0" eclass="HBEFA3/PC_G_EU4" CO2="9641.74" CO="122.31" HC="0.79" NOx="3.98" PMx="0.20" fuel="4.14" electricity="0.00" noise="71.85" route="routebottom" type="cfm-slow" waiting="0.00" lane="right_0" pos="19.09" speed="21.05" angle="330.02" x="120.28" y="102.40"/>
        <vehicle id="cfm-slow_1" eclass="HBEFA3/PC_G_EU4" CO2="13609.22" CO="204.20" HC="1.27" NOx="5.83" PMx="0.31" fuel="5.85" electricity="0.00" noise="74.28" route="routebottom" type="cfm-slow" waiting="0.00" lane="right_0" pos="35.59" speed="21.86" angle="300.51" x="93.71" y="125.34"/>
        <vehicle id="cfm-slow_2" eclass="HBEFA3/PC_G_EU4" CO2="18573.70" CO="308.15" HC="1.86" NOx="8.14" PMx="0.44" fuel="7.98" electricity="0.00" noise="77.40" route="routetop" type="cfm-slow" waiting="0.00" lane="top_0" pos="2.94" speed="23.32" angle="269.22" x="57.26" y="131.97"/>
        <vehicle id="cfm-slow_3" eclass="HBEFA3/PC_G_EU4" CO2="21931.49" CO="382.95" HC="2.29" NOx="9.68" PMx="0.53" fuel="9.43" electricity="0.00" noise="79.30" route="routetop" type="cfm-slow" waiting="0.00" lane="top_0" pos="21.81" speed="25.42" angle="235.23" x="20.24" y="116.78"/>
        <vehicle id="cfm-slow_4" eclass="HBEFA3/PC_G_EU4" CO2="19652.56" CO="346.38" HC="2.07" NOx="8.55" PMx="0.48" fuel="8.45" electricity="0.00" noise="78.06" route="routetop" type="cfm-slow" waiting="0.00" lane="top_0" pos="42.85" speed="27.71" angle="197.42" x="-3.19" y="79.02"/>
        <vehicle id="cfm-slow_5" eclass="HBEFA3/PC_G_EU4" CO2="11557.20" CO="189.43" HC="1.15" NOx="4.70" PMx="0.27" fuel="4.97" electricity="0.00" noise="75.09" route="routetop" type="cfm-slow" waiting="0.00" lane="left_0" pos="16.18" speed="29.29" angle="155.34" x="3.75" y="30.25"/>
    </timestep>
    <timestep time="4.39">
        <vehicle id="cfm-fast_0" eclass="HBEFA3/PC_G_EU4" CO2="0.00" CO="0.00" HC="0.00" NOx="0.00" PMx="0.00" fuel="0.00" electricity="0.00" noise="73.39" route="routetop" type="cfm-fast" waiting="0.00" lane="left_0" pos="41.32" speed="29.59" angle="110.15" x="45.13" y="-2.39"/>
        <vehicle id="cfm-fast_1" eclass="HBEFA3/PC_G_EU4" CO2="233387.64" CO="5341.13" HC="30.19" NOx="108.81" PMx="6.33" fuel="100.32" electricity="0.00" noise="143.38" route="routebottom" type="cfm-fast" waiting="0.00" lane="bottom_1" pos="42.03" speed="59.43" angle="18.83" x="126.92" y="47.47"/>
        <vehicle id="cfm-fast_2" eclass="HBEFA3/PC_G_EU4" CO2="0.00" CO="0.00" HC="0.00" NOx="0.00" PMx="0.00" fuel="0.00" electricity="0.00" noise="72.91" route="routebottom" type="cfm-fast" waiting="0.00" lane="bottom_0" pos="13.14" speed="28.12" angle="70.85" x="91.22" y="0.84"/>
        <vehicle id="cfm-fast_3" eclass="HBEFA3/PC_G_EU4" CO2="0.00" CO="0.00" HC="0.00" NOx="0.00" PMx="0.00" fuel="0.00" electricity="0.00" noise="71.11" route="routebottom" type="cfm-fast" waiting="0.00" lane="bottom_0" pos="32.85" speed="27.46" angle="35.41" x="122.53" y="28.44"/>
        <vehicle id="cfm-fast_4" eclass="HBEFA3/PC_G_EU4" CO2="0.00" CO="0.00" HC="0.00" NOx="0.00" PMx="0.00" fuel="0.00" electricity="0.00" noise="69.69" route="routebottom" type="cfm-fast" waiting="0.00" lane="right_0" pos="1.76" speed="24.97" angle="1.32" x="132.15" y="67.54"/>
        <vehicle id="cfm-fast_5" eclass="HBEFA3/PC_G_EU4" CO2="235777.12" CO="5404.18" HC="30.54" NOx="109.93" PMx="6.40" fuel="101.35" electricity="0.00" noise="143.73" route="routetop" type="cfm-fast" waiting="0.00" lane="top_1" pos="6.87" speed="59.86" angle="262.11" x="49.66" y="127.44"/>
        <vehicle id="cfm-slow_0" eclass="HBEFA3/PC_G_EU4" CO2="9662.12" CO="122.73" HC="0.80" NOx="3.99" PMx="0.20" fuel="4.15" electricity="0.00" noise="71.87" route="routebottom" type="cfm-slow" waiting="0.00" lane="right_0" pos="19.30" speed="21.06" angle="329.69" x="120.02" y="102.78"/>
        <vehicle id="cfm-slow_1" eclass="HBEFA3/PC_G_EU4" CO2="13638.85" CO="204.82" HC="1.27" NOx="5.84" PMx="0.31" fuel="5.86" electricity="0.00" noise="74.30" route="routebottom" type="cfm-slow" waiting="0.00" lane="right_0" pos="35.81" speed="21.88" angle="300.12" x="93.29" y="125.55"/>
        <vehicle id="cfm-slow_2" eclass="HBEFA3/PC_G_EU4" CO2="18589.85" CO="308.53" HC="1.87" NOx="8.15" PMx="0.44" fuel="7.99" electricity="0.00" noise="77.41" route="routetop" type="cfm-slow" waiting="0.00" lane="top_0" pos="3.17" speed="23.34" angle="268.81" x="56.76" y="131.92"/>
        <vehicle id="cfm-slow_3" eclass="HBEFA3/PC_G_EU4" CO2="21897.49" CO="382.34" HC="2.29" NOx="9.66" PMx="0.53" fuel="9.41" electricity="0.00" noise="79.28" route="routetop" type="cfm-slow" waiting="0.00" lane="top_0" pos="22.06" speed="25.45" angle="234.75" x="19.82" y="116.42"/>
        <vehicle id="cfm-slow_4" eclass="HBEFA3/PC_G_EU4" CO2="19559.34" CO="344.57" HC="2.06" NOx="8.51" PMx="0.48" fuel="8.41" electricity="0.00" noise="78.02" route="routetop" type="cfm-slow" waiting="0.00" lane="top_0" pos="43.12" speed="27.73" angle="196.93" x="-3.33" y="78.44"/>
        <vehicle id="cfm-slow_5" eclass="HBEFA3/PC_G_EU4" CO2="11459.33" CO="187.47" HC="1.14" NOx="4.65" PMx="0.27" fuel="4.93" electricity="0.00" noise="75.07" route="routetop" type="cfm-slow" waiting="0.00" lane="left_0" pos="16.47" speed="29.30" angle="154.80" x="4.05" y="29.70"/>
    </timestep>
    <timestep time="4.40">
        <vehicle id="cfm-fast_0" eclass="HBEFA3/PC_G_EU4" CO2="0.00" CO="0.00" HC="0.00" NOx="0.00" PMx="0.00" fuel="0.00" electricity="0.00" noise="73.38" route="routetop" type="cfm-fast" waiting="0.00" lane="left_0" pos="41.61" speed="29.59" angle="109.59" x="45.74" y="-2.55"/>
        <vehicle id="cfm-fast_1" eclass="HBEFA3/PC_G_EU4" CO2="232119.48" CO="5319.34" HC="30.06" NOx="108.21" PMx="6.30" fuel="99.78" electricity="0.00" noise="142.92" route="routebottom" type="cfm-fast" waiting="0.00" lane="bottom_1" pos="42.63" speed="59.57" angle="17.81" x="127.21" y="48.65"/>
        <vehicle id="cfm-fast_2" eclass="HBEFA3/PC_G_EU4" CO2="0.00" CO="0.00" HC="0.00" NOx="0.00" PMx="0.00" fuel="0.00" electricity="0.00" noise="72.88" route="routebottom" type="cfm-fast" waiting="0.00" lane="bottom_0" pos="13.42" speed="28.12" angle="70.33" x="91.77" y="1.09"/>
        <vehicle id="cfm-fast_3" eclass="HBEFA3/PC_G_EU4" CO2="0.00" CO="0.00" HC="0.00" NOx="0.00" PMx="0.00" fuel="0.00" electricity="0.00" noise="71.10" route="routebottom" type="cfm-fast" waiting="0.00" lane="bottom_0" pos="33.13" speed="27.44" angle="34.89" x="122.84" y="28.95"/>
        <vehicle id="cfm-fast_4" eclass="HBEFA3/PC_G_EU4" CO2="0.00" CO="0.00" HC="0.00" NOx="0.00" PMx="0.00" fuel="0.00" electricity="0.00" noise="69.68" route="routebottom" type="cfm-fast" waiting="0.00" lane="right_0" pos="2.01" speed="24.95" angle="0.87" x="132.12" y="68.08"/>
        <vehicle id="cfm-fast_5" eclass="HBEFA3/PC_G_EU4" CO2="236372.45" CO="5420.85" HC="30.63" NOx="110.21" PMx="6.42" fuel="101.60" electricity="0.00" noise="143.80" route="routetop" type="cfm-fast" waiting="0.00" lane="top_1" pos="7.47" speed="60.00" angle="260.95" x="48.46" y="127.17"/>
        <vehicle id="cfm-slow_0" eclass="HBEFA3/PC_G_EU4" CO2="9682.72" CO="123.15" HC="0.80" NOx="4.00" PMx="0.20" fuel="4.16" electricity="0.00" noise="71.88" route="routebottom" type="cfm-slow" waiting="0.00" lane="right_0" pos="19.51" speed="21.07" angle="329.31" x="119.76" y="103.14"/>
        <vehicle id="cfm-slow_1" eclass="HBEFA3/PC_G_EU4" CO2="13668.50" CO="205.44" HC="1.27" NOx="5.86" PMx="0.31" fuel="5.88" electricity="0.00" noise="74.32" route="routebottom" type="cfm-slow" waiting="0.00" lane="right_0" pos="36.02" speed="21.90" angle="299.76" x="92.87" y="125.75"/>
        <vehicle id="cfm-slow_2" eclass="HBEFA3/PC_G_EU4" CO2="18605.70" CO="308.90" HC="1.87" NOx="8.15" PMx="0.44" fuel="8.00" electricity="0.00" noise="77.42" route="routetop" type="cfm-slow" waiting="0.00" lane="top_0" pos="3.41" speed="23.36" angle="268.39" x="56.26" y="131.87"/>
        <vehicle id="cfm-slow_3" eclass="HBEFA3/PC_G_EU4" CO2="21863.07" CO="381.73" HC="2.28" NOx="9.64" PMx="0.53" fuel="9.40" electricity="0.00" noise="79.25" route="routetop" type="cfm-slow" waiting="0.00" lane="top_0" pos="22.32" speed="25.48" angle="234.28" x="19.40" y="116.07"/>
        <vehicle id="cfm-slow_4" eclass="HBEFA3/PC_G_EU4" CO2="19466.16" CO="342.76" HC="2.05" NOx="8.46" PMx="0.47" fuel="8.37" electricity="0.00" noise="77.97" route="routetop" type="cfm-slow" waiting="0.00" lane="top_0" pos="43.40" speed="27.75" angle="196.43" x="-3.46" y="77.86"/>
        <vehicle id="cfm-slow_5" eclass="HBEFA3/PC_G_EU4" CO2="11361.83" CO="185.52" HC="1.13" NOx="4.60" PMx="0.27" fuel="4.88" electricity="0.00" noise="75.04" route="routetop" type="cfm-slow" waiting="0.00" lane="left_0" pos="16.76" speed="29.31" angle="154.31" x="4.37" y="29.15"/>
    </timestep>
    <timestep time="4.41">
        <vehicle id="cfm-fast_0" eclass="HBEFA3/PC_G_EU4" CO2="0.00" CO="0.00" HC="0.00" NOx="0.00" PMx="0.00" fuel="0.00" electricity="0.00" noise="73.37" route="routetop" type="cfm-fast" waiting="0.00" lane="left_0" pos="41.91" speed="29.59" angle="109.04" x="46.36" y="-2.71"/>
        <vehicle id="cfm-fast_1" eclass="HBEFA3/PC_G_EU4" CO2="230872.18" CO="5297.96" HC="29.94" NOx="107.62" PMx="6.27" fuel="99.24" electricity="0.00" noise="142.47" route="routebottom" type="cfm-fast" waiting="0.00" lane="bottom_1" pos="43.22" speed="59.70" angle="16.76" x="127.49" y="49.84"/>
        <vehicle id="cfm-fast_2" eclass="HBEFA3/PC_G_EU4" CO2="0.00" CO="0.00" HC="0.00" NOx="0.00" PMx="0.00" fuel="0.00" electricity="0.00" noise="72.85" route="routebottom" type="cfm-fast" waiting="0.00" lane="bottom_0" pos="13.70" speed="28.12" angle="69.81" x="92.32" y="1.33"/>
        <vehicle id="cfm-fast_3" eclass="HBEFA3/PC_G_EU4" CO2="0.00" CO="0.00" HC="0.00" NOx="0.00" PMx="0.00" fuel="0.00" electricity="0.00" noise="71.08" route="routebottom" type="cfm-fast" waiting="0.00" lane="bottom_0" pos="33.40" speed="27.42" angle="34.44" x="123.13" y="29.46"/>
        <vehicle id="cfm-fast_4" eclass="HBEFA3/PC_G_EU4" CO2="0.00" CO="0.00" HC="0.00" NOx="0.00" PMx="0.00" fuel="0.00" electricity="0.00" noise="69.67" route="routebottom" type="cfm-fast" waiting="0.00" lane="right_0" pos="2.26" speed="24.93" angle="0.42" x="132.09" y="68.61"/>
        <vehicle id="cfm-fast_5" eclass="HBEFA3/PC_G_EU4" CO2="236968.07" CO="5437.55" HC="30.73" NOx="110.49" PMx="6.43" fuel="101.86" electricity="0.00" noise="143.86" route="routetop" type="cfm-fast" waiting="0.00" lane="top_1" pos="8.07" speed="60.14" angle="259.92" x="47.27" y="126.87"/>
        <vehicle id="cfm-slow_0" eclass="HBEFA3/PC_G_EU4" CO2="9703.56" CO="123.58" HC="0.80" NOx="4.01" PMx="0.20" fuel="4.17" electricity="0.00" noise="71.89" route="routebottom" type="cfm-slow" waiting="0.00" lane="right_0" pos="19.72" speed="21.08" angle="328.93" x="119.49" y="103.51"/>
        <vehicle id="cfm-slow_1" eclass="HBEFA3/PC_G_EU4" CO2="13698.17" CO="206.06" HC="1.28" NOx="5.87" PMx="0.31" fuel="5.89" electricity="0.00" noise="74.34" route="routebottom" type="cfm-slow" waiting="0.00" lane="right_0" pos="36.24" speed="21.91" angle="299.33" x="92.44" y="125.94"/>
        <vehicle id="cfm-slow_2" eclass="HBEFA3/PC_G_EU4" CO2="18621.25" CO="309.27" HC="1.87" NOx="8.16" PMx="0.44" fuel="8.00" electricity="0.00" noise="77.42" route="routetop" type="cfm-slow" waiting="0.00" lane="top_0" pos="3.64" speed="23.39" angle="267.97" x="55.75" y="131.82"/>
        <vehicle id="cfm-slow_3" eclass="HBEFA3/PC_G_EU4" CO2="21828.23" CO="381.11" HC="2.28" NOx="9.63" PMx="0.53" fuel="9.38" electricity="0.00" noise="79.23" route="routetop" type="cfm-slow" waiting="0.00" lane="top_0" pos="22.57" speed="25.50" angle="233.80" x="18.99" y="115.72"/>
        <vehicle id="cfm-slow_4" eclass="HBEFA3/PC_G_EU4" CO2="19373.01" CO="340.95" HC="2.04" NOx="8.42" PMx="0.47" fuel="8.33" electricity="0.00" noise="77.93" route="routetop" type="cfm-slow" waiting="0.00" lane="top_0" pos="43.68" speed="27.77" angle="195.99" x="-3.59" y="77.27"/>
        <vehicle id="cfm-slow_5" eclass="HBEFA3/PC_G_EU4" CO2="11264.68" CO="183.57" HC="1.12" NOx="4.56" PMx="0.27" fuel="4.84" electricity="0.00" noise="75.01" route="routetop" type="cfm-slow" waiting="0.00" lane="left_0" pos="17.06" speed="29.32" angle="153.77" x="4.69" y="28.61"/>
    </timestep>
    <timestep time="4.42">
        <vehicle id="cfm-fast_0" eclass="HBEFA3/PC_G_EU4" CO2="0.00" CO="0.00" HC="0.00" NOx="0.00" PMx="0.00" fuel="0.00" electricity="0.00" noise="73.35" route="routetop" type="cfm-fast" waiting="0.00" lane="left_0" pos="42.21" speed="29.58" angle="108.49" x="46.97" y="-2.88"/>
        <vehicle id="cfm-fast_1" eclass="HBEFA3/PC_G_EU4" CO2="229645.72" CO="5276.98" HC="29.81" NOx="107.04" PMx="6.24" fuel="98.71" electricity="0.00" noise="142.02" route="routebottom" type="cfm-fast" waiting="0.00" lane="bottom_1" pos="43.82" speed="59.83" angle="15.72" x="127.74" y="51.04"/>
        <vehicle id="cfm-fast_2" eclass="HBEFA3/PC_G_EU4" CO2="0.00" CO="0.00" HC="0.00" NOx="0.00" PMx="0.00" fuel="0.00" electricity="0.00" noise="72.82" route="routebottom" type="cfm-fast" waiting="0.00" lane="bottom_0" pos="13.98" speed="28.12" angle="69.31" x="92.88" y="1.58"/>
        <vehicle id="cfm-fast_3" eclass="HBEFA3/PC_G_EU4" CO2="0.00" CO="0.00" HC="0.00" NOx="0.00" PMx="0.00" fuel="0.00" electricity="0.00" noise="71.07" route="routebottom" type="cfm-fast" waiting="0.00" lane="bottom_0" pos="33.67" speed="27.41" angle="33.93" x="123.42" y="29.98"/>
        <vehicle id="cfm-fast_4" eclass="HBEFA3/PC_G_EU4" CO2="0.00" CO="0.00" HC="0.00" NOx="0.00" PMx="0.00" fuel="0.00" electricity="0.00" noise="69.66" route="routebottom" type="cfm-fast" waiting="0.00" lane="right_0" pos="2.51" speed="24.91" angle="359.99" x="132.06" y="69.15"/>
        <vehicle id="cfm-fast_5" eclass="HBEFA3/PC_G_EU4" CO2="237563.98" CO="5454.27" HC="30.82" NOx="110.77" PMx="6.45" fuel="102.12" electricity="0.00" noise="143.93" route="routetop" type="cfm-fast" waiting="0.00" lane="top_1" pos="8.67" speed="60.27" angle="258.85" x="46.07" y="126.55"/>
        <vehicle id="cfm-slow_0" eclass="HBEFA3/PC_G_EU4" CO2="9724.62" CO="124.01" HC="0.80" NOx="4.02" PMx="0.20" fuel="4.18" electricity="0.00" noise="71.91" route="routebottom" type="cfm-slow" waiting="0.00" lane="right_0" pos="19.93" speed="21.09" angle="328.55" x="119.23" y="103.88"/>
        <vehicle id="cfm-slow_1" eclass="HBEFA3/PC_G_EU4" CO2="13727.87" CO="206.68" HC="1.28" NOx="5.88" PMx="0.31" fuel="5.90" electricity="0.00" noise="74.36" route="routebottom" type="cfm-slow" waiting="0.00" lane="right_0" pos="36.46" speed="21.93" angle="298.90" x="92.01" y="126.14"/>
        <vehicle id="cfm-slow_2" eclass="HBEFA3/PC_G_EU4" CO2="18636.51" CO="309.63" HC="1.87" NOx="8.17" PMx="0.44" fuel="8.01" electricity="0.00" noise="77.43" route="routetop" type="cfm-slow" waiting="0.00" lane="top_0" pos="3.87" speed="23.41" angle="267.57" x="55.25" y="131.76"/>
        <vehicle id="cfm-slow_3" eclass="HBEFA3/PC_G_EU4" CO2="21792.99" CO="380.48" HC="2.27" NOx="9.61" PMx="0.53" fuel="9.37" electricity="0.00" noise="79.21" route="routetop" type="cfm-slow" waiting="0.00" lane="top_0" pos="22.83" speed="25.53" angle="233.32" x="18.57" y="115.36"/>
        <vehicle id="cfm-slow_4" eclass="HBEFA3/PC_G_EU4" CO2="19279.90" CO="339.14" HC="2.03" NOx="8.37" PMx="0.47" fuel="8.29" electricity="0.00" noise="77.88" route="routetop" type="cfm-slow" waiting="0.00" lane="top_0" pos="43.96" speed="27.79" angle="195.47" x="-3.70" y="76.68"/>
        <vehicle id="cfm-slow_5" eclass="HBEFA3/PC_G_EU4" CO2="11167.88" CO="181.62" HC="1.11" NOx="4.51" PMx="0.26" fuel="4.80" electricity="0.00" noise="74.98" route="routetop" type="cfm-slow" waiting="0.00" lane="left_0" pos="17.35" speed="29.32" angle="153.23" x="5.02" y="28.07"/>
    </timestep>
    <timestep time="4.43">
        <vehicle id="cfm-fast_0" eclass="HBEFA3/PC_G_EU4" CO2="0.00" CO="0.00" HC="0.00" NOx="0.00" PMx="0.00" fuel="0.00" electricity="0.00" noise="73.34" route="routetop" type="cfm-fast" waiting="0.00" lane="left_0" pos="42.50" speed="29.58" angle="108.02" x="47.59" y="-3.03"/>
        <vehicle id="cfm-fast_1" eclass="HBEFA3/PC_G_EU4" CO2="228440.06" CO="5256.42" HC="29.69" NOx="106.47" PMx="6.21" fuel="98.19" electricity="0.00" noise="141.59" route="routebottom" type="cfm-fast" waiting="0.00" lane="bottom_1" pos="44.42" speed="59.97" angle="14.55" x="127.96" y="52.25"/>
        <vehicle id="cfm-fast_2" eclass="HBEFA3/PC_G_EU4" CO2="0.00" CO="0.00" HC="0.00" NOx="0.00" PMx="0.00" fuel="0.00" electricity="0.00" noise="72.78" route="routebottom" type="cfm-fast" waiting="0.00" lane="bottom_0" pos="14.26" speed="28.12" angle="68.83" x="93.42" y="1.84"/>
        <vehicle id="cfm-fast_3" eclass="HBEFA3/PC_G_EU4" CO2="0.00" CO="0.00" HC="0.00" NOx="0.00" PMx="0.00" fuel="0.00" electricity="0.00" noise="71.06" route="routebottom" type="cfm-fast" waiting="0.00" lane="bottom_0" pos="33.95" speed="27.39" angle="33.43" x="123.70" y="30.49"/>
        <vehicle id="cfm-fast_4" eclass="HBEFA3/PC_G_EU4" CO2="0.00" CO="0.00" HC="0.00" NOx="0.00" PMx="0.00" fuel="0.00" electricity="0.00" noise="69.66" route="routebottom" type="cfm-fast" waiting="0.00" lane="right_0" pos="2.76" speed="24.89" angle="359.55" x="132.01" y="69.68"/>
        <vehicle id="cfm-fast_5" eclass="HBEFA3/PC_G_EU4" CO2="238160.18" CO="5471.01" HC="30.91" NOx="111.05" PMx="6.47" fuel="102.37" electricity="0.00" noise="144.00" route="routetop" type="cfm-fast" waiting="0.00" lane="top_1" pos="9.27" speed="60.41" angle="257.82" x="44.88" y="126.21"/>
        <vehicle id="cfm-slow_0" eclass="HBEFA3/PC_G_EU4" CO2="9745.91" CO="124.45" HC="0.81" NOx="4.02" PMx="0.21" fuel="4.19" electricity="0.00" noise="71.92" route="routebottom" type="cfm-slow" waiting="0.00" lane="right_0" pos="20.15" speed="21.11" angle="328.17" x="118.96" y="104.25"/>
        <vehicle id="cfm-slow_1" eclass="HBEFA3/PC_G_EU4" CO2="13757.58" CO="207.31" HC="1.28" NOx="5.90" PMx="0.31" fuel="5.91" electricity="0.00" noise="74.38" route="routebottom" type="cfm-slow" waiting="0.00" lane="right_0" pos="36.68" speed="21.95" angle="298.48" x="91.57" y="126.33"/>
        <vehicle id="cfm-slow_2" eclass="HBEFA3/PC_G_EU4" CO2="18651.46" CO="309.98" HC="1.87" NOx="8.17" PMx="0.44" fuel="8.02" electricity="0.00" noise="77.44" route="routetop" type="cfm-slow" waiting="0.00" lane="top_0" pos="4.11" speed="23.44" angle="267.15" x="54.76" y="131.69"/>
        <vehicle id="cfm-slow_3" eclass="HBEFA3/PC_G_EU4" CO2="21757.33" CO="379.84" HC="2.27" NOx="9.59" PMx="0.53" fuel="9.35" electricity="0.00" noise="79.19" route="routetop" type="cfm-slow" waiting="0.00" lane="top_0" pos="23.09" speed="25.55" angle="232.92" x="18.15" y="115.01"/>
        <vehicle id="cfm-slow_4" eclass="HBEFA3/PC_G_EU4" CO2="19186.83" CO="337.33" HC="2.02" NOx="8.33" PMx="0.47" fuel="8.25" electricity="0.00" noise="77.84" route="routetop" type="cfm-slow" waiting="0.00" lane="top_0" pos="44.23" speed="27.81" angle="194.95" x="-3.81" y="76.10"/>
        <vehicle id="cfm-slow_5" eclass="HBEFA3/PC_G_EU4" CO2="11071.43" CO="179.69" HC="1.10" NOx="4.47" PMx="0.26" fuel="4.76" electricity="0.00" noise="74.95" route="routetop" type="cfm-slow" waiting="0.00" lane="left_0" pos="17.64" speed="29.33" angle="152.69" x="5.34" y="27.53"/>
    </timestep>
    <timestep time="4.44">
        <vehicle id="cfm-fast_0" eclass="HBEFA3/PC_G_EU4" CO2="0.00" CO="0.00" HC="0.00" NOx="0.00" PMx="0.00" fuel="0.00" electricity="0.00" noise="73.32" route="routetop" type="cfm-fast" waiting="0.00" lane="left_0" pos="42.80" speed="29.58" angle="107.49" x="48.21" y="-3.17"/>
        <vehicle id="cfm-fast_1" eclass="HBEFA3/PC_G_EU4" CO2="227255.15" CO="5236.25" HC="29.57" NOx="105.91" PMx="6.18" fuel="97.69" electricity="0.00" noise="141.17" route="routebottom" type="cfm-fast" waiting="0.00" lane="bottom_1" pos="45.02" speed="60.10" angle="13.47" x="128.17" y="53.47"/>
        <vehicle id="cfm-fast_2" eclass="HBEFA3/PC_G_EU4" CO2="0.00" CO="0.00" HC="0.00" NOx="0.00" PMx="0.00" fuel="0.00" electricity="0.00" noise="72.75" route="routebottom" type="cfm-fast" waiting="0.00" lane="bottom_0" pos="14.54" speed="28.12" angle="68.30" x="93.96" y="2.11"/>
        <vehicle id="cfm-fast_3" eclass="HBEFA3/PC_G_EU4" CO2="0.00" CO="0.00" HC="0.00" NOx="0.00" PMx="0.00" fuel="0.00" electricity="0.00" noise="71.05" route="routebottom" type="cfm-fast" waiting="0.00" lane="bottom_0" pos="34.22" speed="27.37" angle="32.93" x="123.99" y="31.01"/>
        <vehicle id="cfm-fast_4" eclass="HBEFA3/PC_G_EU4" CO2="0.00" CO="0.00" HC="0.00" NOx="0.00" PMx="0.00" fuel="0.00" electricity="0.00" noise="69.65" route="routebottom" type="cfm-fast" waiting="0.00" lane="right_0" pos="3.00" speed="24.87" angle="359.11" x="131.95" y="70.21"/>
        <vehicle id="cfm-fast_5" eclass="HBEFA3/PC_G_EU4" CO2="238756.67" CO="5487.77" HC="31.00" NOx="111.33" PMx="6.49" fuel="102.63" electricity="0.00" noise="144.06" route="routetop" type="cfm-fast" waiting="0.00" lane="top_1" pos="9.88" speed="60.55" angle="256.71" x="43.70" y="125.84"/>
        <vehicle id="cfm-slow_0" eclass="HBEFA3/PC_G_EU4" CO2="9767.41" CO="124.89" HC="0.81" NOx="4.03" PMx="0.21" fuel="4.20" electricity="0.00" noise="71.94" route="routebottom" type="cfm-slow" waiting="0.00" lane="right_0" pos="20.36" speed="21.12" angle="327.78" x="118.70" y="104.62"/>
        <vehicle id="cfm-slow_1" eclass="HBEFA3/PC_G_EU4" CO2="13787.30" CO="207.93" HC="1.29" NOx="5.91" PMx="0.31" fuel="5.93" electricity="0.00" noise="74.40" route="routebottom" type="cfm-slow" waiting="0.00" lane="right_0" pos="36.90" speed="21.97" angle="298.05" x="91.14" y="126.52"/>
        <vehicle id="cfm-slow_2" eclass="HBEFA3/PC_G_EU4" CO2="18666.11" CO="310.33" HC="1.88" NOx="8.18" PMx="0.44" fuel="8.02" electricity="0.00" noise="77.45" route="routetop" type="cfm-slow" waiting="0.00" lane="top_0" pos="4.34" speed="23.46" angle="266.72" x="54.26" y="131.62"/>
        <vehicle id="cfm-slow_3" eclass="HBEFA3/PC_G_EU4" CO2="21721.26" CO="379.19" HC="2.27" NOx="9.57" PMx="0.53" fuel="9.34" electricity="0.00" noise="79.16" route="routetop" type="cfm-slow" waiting="0.00" lane="top_0" pos="23.34" speed="25.58" angle="232.46" x="17.74" y="114.63"/>
        <vehicle id="cfm-slow_4" eclass="HBEFA3/PC_G_EU4" CO2="19093.80" CO="335.53" HC="2.01" NOx="8.28" PMx="0.47" fuel="8.21" electricity="0.00" noise="77.80" route="routetop" type="cfm-slow" waiting="0.00" lane="top_0" pos="44.51" speed="27.83" angle="194.44" x="-3.91" y="75.51"/>
        <vehicle id="cfm-slow_5" eclass="HBEFA3/PC_G_EU4" CO2="10975.33" CO="177.76" HC="1.09" NOx="4.42" PMx="0.26" fuel="4.72" electricity="0.00" noise="74.93" route="routetop" type="cfm-slow" waiting="0.00" lane="left_0" pos="17.94" speed="29.34" angle="152.23" x="5.67" y="26.99"/>
    </timestep>
    <timestep time="4.45">
        <vehicle id="cfm-fast_0" eclass="HBEFA3/PC_G_EU4" CO2="0.00" CO="0.00" HC="0.00" NOx="0.00" PMx="0.00" fuel="0.00" electricity="0.00" noise="73.31" route="routetop" type="cfm-fast" waiting="0.00" lane="left_0" pos="43.09" speed="29.58" angle="106.97" x="48.83" y="-3.32"/>
        <vehicle id="cfm-fast_1" eclass="HBEFA3/PC_G_EU4" CO2="226090.94" CO="5216.49" HC="29.45" NOx="105.36" PMx="6.15" fuel="97.19" electricity="0.00" noise="140.75" route="routebottom" type="cfm-fast" waiting="0.00" lane="bottom_1" pos="45.63" speed="60.22" angle="12.37" x="128.34" y="54.69"/>
        <vehicle id="cfm-fast_2" eclass="HBEFA3/PC_G_EU4" CO2="0.00" CO="0.00" HC="0.00" NOx="0.00" PMx="0.00" fuel="0.00" electricity="0.00" noise="72.72" route="routebottom" type="cfm-fast" waiting="0.00" lane="bottom_0" pos="14.82" speed="28.12" angle="67.78" x="94.50" y="2.38"/>
        <vehicle id="cfm-fast_3" eclass="HBEFA3/PC_G_EU4" CO2="0.00" CO="0.00" HC="0.00" NOx="0.00" PMx="0.00" fuel="0.00" electricity="0.00" noise="71.03" route="routebottom" type="cfm-fast" waiting="0.00" lane="bottom_0" pos="34.50" speed="27.35" angle="32.43" x="124.27" y="31.52"/>
        <vehicle id="cfm-fast_4" eclass="HBEFA3/PC_G_EU4" CO2="0.00" CO="0.00" HC="0.00" NOx="0.00" PMx="0.00" fuel="0.00" electricity="0.00" noise="69.64" route="routebottom" type="cfm-fast" waiting="0.00" lane="right_0" pos="3.25" speed="24.85" angle="358.66" x="131.90" y="70.75"/>
        <vehicle id="cfm-fast_5" eclass="HBEFA3/PC_G_EU4" CO2="239353.46" CO="5504.56" HC="31.09" NOx="111.61" PMx="6.50" fuel="102.89" electricity="0.00" noise="144.13" route="routetop" type="cfm-fast" waiting="0.00" lane="top_1" pos="10.49" speed="60.68" angle="255.63" x="42.52" y="125.45"/>
        <vehicle id="cfm-slow_0" eclass="HBEFA3/PC_G_EU4" CO2="9789.13" CO="125.34" HC="0.81" NOx="4.04" PMx="0.21" fuel="4.21" electricity="0.00" noise="71.95" route="routebottom" type="cfm-slow" waiting="0.00" lane="right_0" pos="20.57" speed="21.13" angle="327.46" x="118.43" y="104.98"/>
        <vehicle id="cfm-slow_1" eclass="HBEFA3/PC_G_EU4" CO2="13817.03" CO="208.56" HC="1.29" NOx="5.93" PMx="0.31" fuel="5.94" electricity="0.00" noise="74.42" route="routebottom" type="cfm-slow" waiting="0.00" lane="right_0" pos="37.12" speed="21.99" angle="297.65" x="90.71" y="126.71"/>
        <vehicle id="cfm-slow_2" eclass="HBEFA3/PC_G_EU4" CO2="18680.46" CO="310.67" HC="1.88" NOx="8.19" PMx="0.44" fuel="8.03" electricity="0.00" noise="77.46" route="routetop" type="cfm-slow" waiting="0.00" lane="top_0" pos="4.58" speed="23.49" angle="266.30" x="53.76" y="131.55"/>
        <vehicle id="cfm-slow_3" eclass="HBEFA3/PC_G_EU4" CO2="21684.79" CO="378.54" HC="2.26" NOx="9.56" PMx="0.53" fuel="9.32" electricity="0.00" noise="79.14" route="routetop" type="cfm-slow" waiting="0.00" lane="top_0" pos="23.60" speed="25.61" angle="232.00" x="17.34" y="114.26"/>
        <vehicle id="cfm-slow_4" eclass="HBEFA3/PC_G_EU4" CO2="19000.82" CO="333.72" HC="1.99" NOx="8.24" PMx="0.46" fuel="8.17" electricity="0.00" noise="77.76" route="routetop" type="cfm-slow" waiting="0.00" lane="top_0" pos="44.79" speed="27.85" angle="193.93" x="-4.02" y="74.92"/>
        <vehicle id="cfm-slow_5" eclass="HBEFA3/PC_G_EU4" CO2="10879.56" CO="175.83" HC="1.08" NOx="4.37" PMx="0.26" fuel="4.68" electricity="0.00" noise="74.90" route="routetop" type="cfm-slow" waiting="0.00" lane="left_0" pos="18.23" speed="29.34" angle="151.68" x="6.02" y="26.46"/>
    </timestep>
    <timestep time="4.46">
        <vehicle id="cfm-fast_0" eclass="HBEFA3/PC_G_EU4" CO2="0.00" CO="0.00" HC="0.00" NOx="0.00" PMx="0.00" fuel="0.00" electricity="0.00" noise="73.30" route="routetop" type="cfm-fast" waiting="0.00" lane="left_0" pos="43.39" speed="29.57" angle="106.45" x="49.45" y="-3.46"/>
        <vehicle id="cfm-fast_1" eclass="HBEFA3/PC_G_EU4" CO2="224947.38" CO="5197.14" HC="29.33" NOx="104.81" PMx="6.12" fuel="96.69" electricity="0.00" noise="140.34" route="routebottom" type="cfm-fast" waiting="0.00" lane="bottom_1" pos="46.23" speed="60.35" angle="11.33" x="128.51" y="55.92"/>
        <vehicle id="cfm-fast_2" eclass="HBEFA3/PC_G_EU4" CO2="0.00" CO="0.00" HC="0.00" NOx="0.00" PMx="0.00" fuel="0.00" electricity="0.00" noise="72.69" route="routebottom" type="cfm-fast" waiting="0.00" lane="bottom_0" pos="15.10" speed="28.12" angle="67.25" x="95.05" y="2.65"/>
        <vehicle id="cfm-fast_3" eclass="HBEFA3/PC_G_EU4" CO2="0.00" CO="0.00" HC="0.00" NOx="0.00" PMx="0.00" fuel="0.00" electricity="0.00" noise="71.02" route="routebottom" type="cfm-fast" waiting="0.00" lane="bottom_0" pos="34.77" speed="27.33" angle="31.99" x="124.55" y="32.04"/>
        <vehicle id="cfm-fast_4" eclass="HBEFA3/PC_G_EU4" CO2="0.00" CO="0.00" HC="0.00" NOx="0.00" PMx="0.00" fuel="0.00" electricity="0.00" noise="69.63" route="routebottom" type="cfm-fast" waiting="0.00" lane="right_0" pos="3.50" speed="24.83" angle="358.21" x="131.85" y="71.28"/>
        <vehicle id="cfm-fast_5" eclass="HBEFA3/PC_G_EU4" CO2="239950.54" CO="5521.36" HC="31.18" NOx="111.89" PMx="6.52" fuel="103.14" electricity="0.00" noise="144.19" route="routetop" type="cfm-fast" waiting="0.00" lane="top_1" pos="11.10" speed="60.82" angle="254.44" x="41.34" y="125.02"/>
        <vehicle id="cfm-slow_0" eclass="HBEFA3/PC_G_EU4" CO2="9811.07" CO="125.79" HC="0.81" NOx="4.05" PMx="0.21" fuel="4.22" electricity="0.00" noise="71.97" route="routebottom" type="cfm-slow" waiting="0.00" lane="right_0" pos="20.78" speed="21.14" angle="327.08" x="118.15" y="105.34"/>
        <vehicle id="cfm-slow_1" eclass="HBEFA3/PC_G_EU4" CO2="13846.77" CO="209.18" HC="1.29" NOx="5.94" PMx="0.31" fuel="5.95" electricity="0.00" noise="74.44" route="routebottom" type="cfm-slow" waiting="0.00" lane="right_0" pos="37.34" speed="22.00" angle="297.30" x="90.27" y="126.90"/>
        <vehicle id="cfm-slow_2" eclass="HBEFA3/PC_G_EU4" CO2="18694.49" CO="311.01" HC="1.88" NOx="8.19" PMx="0.44" fuel="8.04" electricity="0.00" noise="77.46" route="routetop" type="cfm-slow" waiting="0.00" lane="top_0" pos="4.81" speed="23.51" angle="265.87" x="53.25" y="131.47"/>
        <vehicle id="cfm-slow_3" eclass="HBEFA3/PC_G_EU4" CO2="21647.92" CO="377.87" HC="2.26" NOx="9.54" PMx="0.53" fuel="9.31" electricity="0.00" noise="79.12" route="routetop" type="cfm-slow" waiting="0.00" lane="top_0" pos="23.85" speed="25.63" angle="231.54" x="16.93" y="113.88"/>
        <vehicle id="cfm-slow_4" eclass="HBEFA3/PC_G_EU4" CO2="18907.88" CO="331.91" HC="1.98" NOx="8.19" PMx="0.46" fuel="8.13" electricity="0.00" noise="77.71" route="routetop" type="cfm-slow" waiting="0.00" lane="top_0" pos="45.07" speed="27.87" angle="193.48" x="-4.12" y="74.33"/>
        <vehicle id="cfm-slow_5" eclass="HBEFA3/PC_G_EU4" CO2="10784.12" CO="173.91" HC="1.06" NOx="4.33" PMx="0.25" fuel="4.64" electricity="0.00" noise="74.88" route="routetop" type="cfm-slow" waiting="0.00" lane="left_0" pos="18.52" speed="29.35" angle="151.13" x="6.37" y="25.93"/>
    </timestep>
    <timestep time="4.47">
        <vehicle id="cfm-fast_0" eclass="HBEFA3/PC_G_EU4" CO2="0.00" CO="0.00" HC="0.00" NOx="0.00" PMx="0.00" fuel="0.00" electricity="0.00" noise="73.28" route="routetop" type="cfm-fast" waiting="0.00" lane="left_0" pos="43.68" speed="29.57" angle="105.98" x="50.07" y="-3.59"/>
        <vehicle id="cfm-fast_1" eclass="HBEFA3/PC_G_EU4" CO2="223824.41" CO="5178.19" HC="29.22" NOx="104.28" PMx="6.10" fuel="96.21" electricity="0.00" noise="139.94" route="routebottom" type="cfm-fast" waiting="0.00" lane="bottom_1" pos="46.83" speed="60.48" angle="10.25" x="128.64" y="57.15"/>
        <vehicle id="cfm-fast_2" eclass="HBEFA3/PC_G_EU4" CO2="0.00" CO="0.00" HC="0.00" NOx="0.00" PMx="0.00" fuel="0.00" electricity="0.00" noise="72.66" route="routebottom" type="cfm-fast" waiting="0.00" lane="bottom_0" pos="15.39" speed="28.11" angle="66.80" x="95.59" y="2.92"/>
        <vehicle id="cfm-fast_3" eclass="HBEFA3/PC_G_EU4" CO2="0.00" CO="0.00" HC="0.00" NOx="0.00" PMx="0.00" fuel="0.00" electricity="0.00" noise="71.01" route="routebottom" type="cfm-fast" waiting="0.00" lane="bottom_0" pos="35.04" speed="27.31" angle="31.49" x="124.81" y="32.57"/>
        <vehicle id="cfm-fast_4" eclass="HBEFA3/PC_G_EU4" CO2="0.00" CO="0.00" HC="0.00" NOx="0.00" PMx="0.00" fuel="0.00" electricity="0.00" noise="69.63" route="routebottom" type="cfm-fast" waiting="0.00" lane="right_0" pos="3.75" speed="24.81" angle="357.77" x="131.79" y="71.81"/>
        <vehicle id="cfm-fast_5" eclass="HBEFA3/PC_G_EU4" CO2="240547.91" CO="5538.19" HC="31.28" NOx="112.17" PMx="6.54" fuel="103.40" electricity="0.00" noise="144.26" route="routetop" type="cfm-fast" waiting="0.00" lane="top_1" pos="11.70" speed="60.95" angle="253.36" x="40.17" y="124.59"/>
        <vehicle id="cfm-slow_0" eclass="HBEFA3/PC_G_EU4" CO2="9833.21" CO="126.25" HC="0.82" NOx="4.06" PMx="0.21" fuel="4.23" electricity="0.00" noise="71.98" route="routebottom" type="cfm-slow" waiting="0.00" lane="right_0" pos="20.99" speed="21.15" angle="326.70" x="117.87" y="105.70"/>
        <vehicle id="cfm-slow_1" eclass="HBEFA3/PC_G_EU4" CO2="13876.50" CO="209.81" HC="1.30" NOx="5.95" PMx="0.31" fuel="5.96" electricity="0.00" noise="74.46" route="routebottom" type="cfm-slow" waiting="0.00" lane="right_0" pos="37.56" speed="22.02" angle="296.90" x="89.83" y="127.07"/>
        <vehicle id="cfm-slow_2" eclass="HBEFA3/PC_G_EU4" CO2="18708.22" CO="311.34" HC="1.88" NOx="8.20" PMx="0.44" fuel="8.04" electricity="0.00" noise="77.47" route="routetop" type="cfm-slow" waiting="0.00" lane="top_0" pos="5.05" speed="23.53" angle="265.38" x="52.75" y="131.40"/>
        <vehicle id="cfm-slow_3" eclass="HBEFA3/PC_G_EU4" CO2="21610.65" CO="377.20" HC="2.26" NOx="9.52" PMx="0.52" fuel="9.29" electricity="0.00" noise="79.09" route="routetop" type="cfm-slow" waiting="0.00" lane="top_0" pos="24.11" speed="25.66" angle="231.08" x="16.53" y="113.51"/>
        <vehicle id="cfm-slow_4" eclass="HBEFA3/PC_G_EU4" CO2="18814.99" CO="330.11" HC="1.97" NOx="8.15" PMx="0.46" fuel="8.09" electricity="0.00" noise="77.67" route="routetop" type="cfm-slow" waiting="0.00" lane="top_0" pos="45.35" speed="27.89" angle="192.96" x="-4.20" y="73.73"/>
        <vehicle id="cfm-slow_5" eclass="HBEFA3/PC_G_EU4" CO2="10689.01" CO="172.00" HC="1.05" NOx="4.28" PMx="0.25" fuel="4.59" electricity="0.00" noise="74.85" route="routetop" type="cfm-slow" waiting="0.00" lane="left_0" pos="18.82" speed="29.36" angle="150.58" x="6.72" y="25.41"/>
    </timestep>
    <timestep time="4.48">
        <vehicle id="cfm-fast_0" eclass="HBEFA3/PC_G_EU4" CO2="0.00" CO="0.00" HC="0.00" NOx="0.00" PMx="0.00" fuel="0.00" electricity="0.00" noise="73.27" route="routetop" type="cfm-fast" waiting="0.00" lane="left_0" pos="43.98" speed="29.57" angle="105.43" x="50.70" y="-3.71"/>
        <vehicle id="cfm-fast_1" eclass="HBEFA3/PC_G_EU4" CO2="222721.94" CO="5159.64" HC="29.11" NOx="103.76" PMx="6.07" fuel="95.74" electricity="0.00" noise="139.55" route="routebottom" type="cfm-fast" waiting="0.00" lane="bottom_1" pos="47.44" speed="60.61" angle="9.22" x="128.77" y="58.39"/>
        <vehicle id="cfm-fast_2" eclass="HBEFA3/PC_G_EU4" CO2="0.00" CO="0.00" HC="0.00" NOx="0.00" PMx="0.00" fuel="0.00" electricity="0.00" noise="72.63" route="routebottom" type="cfm-fast" waiting="0.00" lane="bottom_0" pos="15.67" speed="28.11" angle="66.28" x="96.12" y="3.22"/>
        <vehicle id="cfm-fast_3" eclass="HBEFA3/PC_G_EU4" CO2="0.00" CO="0.00" HC="0.00" NOx="0.00" PMx="0.00" fuel="0.00" electricity="0.00" noise="71.00" route="routebottom" type="cfm-fast" waiting="0.00" lane="bottom_0" pos="35.31" speed="27.29" angle="30.99" x="125.08" y="33.09"/>
        <vehicle id="cfm-fast_4" eclass="HBEFA3/PC_G_EU4" CO2="0.00" CO="0.00" HC="0.00" NOx="0.00" PMx="0.00" fuel="0.00" electricity="0.00" noise="69.62" route="routebottom" type="cfm-fast" waiting="0.00" lane="right_0" pos="4.00" speed="24.79" angle="357.34" x="131.72" y="72.34"/>
        <vehicle id="cfm-fast_5" eclass="HBEFA3/PC_G_EU4" CO2="241145.57" CO="5555.04" HC="31.37" NOx="112.45" PMx="6.56" fuel="103.66" electricity="0.00" noise="144.32" route="routetop" type="cfm-fast" waiting="0.00" lane="top_1" pos="12.32" speed="61.09" angle="252.29" x="39.01" y="124.12"/>
        <vehicle id="cfm-slow_0" eclass="HBEFA3/PC_G_EU4" CO2="9855.56" CO="126.71" HC="0.82" NOx="4.08" PMx="0.21" fuel="4.24" electricity="0.00" noise="72.00" route="routebottom" type="cfm-slow" waiting="0.00" lane="right_0" pos="21.20" speed="21.16" angle="326.31" x="117.59" y="106.06"/>
        <vehicle id="cfm-slow_1" eclass="HBEFA3/PC_G_EU4" CO2="13906.23" CO="210.43" HC="1.30" NOx="5.97" PMx="0.32" fuel="5.98" electricity="0.00" noise="74.48" route="routebottom" type="cfm-slow" waiting="0.00" lane="right_0" pos="37.78" speed="22.04" angle="296.50" x="89.39" y="127.25"/>
        <vehicle id="cfm-slow_2" eclass="HBEFA3/PC_G_EU4" CO2="18721.63" CO="311.66" HC="1.88" NOx="8.20" PMx="0.44" fuel="8.05" electricity="0.00" noise="77.48" route="routetop" type="cfm-slow" waiting="0.00" lane="top_0" pos="5.28" speed="23.56" angle="264.96" x="52.25" y="131.32"/>
        <vehicle id="cfm-slow_3" eclass="HBEFA3/PC_G_EU4" CO2="21572.98" CO="376.52" HC="2.25" NOx="9.50" PMx="0.52" fuel="9.27" electricity="0.00" noise="79.07" route="routetop" type="cfm-slow" waiting="0.00" lane="top_0" pos="24.37" speed="25.68" angle="230.67" x="16.12" y="113.13"/>
        <vehicle id="cfm-slow_4" eclass="HBEFA3/PC_G_EU4" CO2="18722.15" CO="328.30" HC="1.96" NOx="8.11" PMx="0.46" fuel="8.05" electricity="0.00" noise="77.63" route="routetop" type="cfm-slow" waiting="0.00" lane="top_0" pos="45.63" speed="27.90" angle="192.45" x="-4.28" y="73.14"/>
        <vehicle id="cfm-slow_5" eclass="HBEFA3/PC_G_EU4" CO2="10594.23" CO="170.10" HC="1.04" NOx="4.24" PMx="0.25" fuel="4.55" electricity="0.00" noise="74.82" route="routetop" type="cfm-slow" waiting="0.00" lane="left_0" pos="19.11" speed="29.36" angle="150.04" x="7.07" y="24.88"/>
    </timestep>
    <timestep time="4.49">
        <vehicle id="cfm-fast_0" eclass="HBEFA3/PC_G_EU4" CO2="0.00" CO="0.00" HC="0.00" NOx="0.00" PMx="0.00" fuel="0.00" electricity="0.00" noise="73.25" route="routetop" type="cfm-fast" waiting="0.00" lane="left_0" pos="44.28" speed="29.56" angle="104.88" x="51.32" y="-3.82"/>
        <vehicle id="cfm-fast_1" eclass="HBEFA3/PC_G_EU4" CO2="221639.93" CO="5141.49" HC="29.00" NOx="103.25" PMx="6.04" fuel="95.27" electricity="0.00" noise="139.17" route="routebottom" type="cfm-fast" waiting="0.00" lane="bottom_1" pos="48.05" speed="60.73" angle="8.05" x="128.84" y="59.63"/>
        <vehicle id="cfm-fast_2" eclass="HBEFA3/PC_G_EU4" CO2="0.00" CO="0.00" HC="0.00" NOx="0.00" PMx="0.00" fuel="0.00" electricity="0.00" noise="72.61" route="routebottom" type="cfm-fast" waiting="0.00" lane="bottom_0" pos="15.95" speed="28.11" angle="65.76" x="96.64" y="3.51"/>
        <vehicle id="cfm-fast_3" eclass="HBEFA3/PC_G_EU4" CO2="0.00" CO="0.00" HC="0.00" NOx="0.00" PMx="0.00" fuel="0.00" electricity="0.00" noise="70.99" route="routebottom" type="cfm-fast" waiting="0.00" lane="bottom_0" pos="35.59" speed="27.27" angle="30.50" x="125.34" y="33.62"/>
        <vehicle id="cfm-fast_4" eclass="HBEFA3/PC_G_EU4" CO2="0.00" CO="0.00" HC="0.00" NOx="0.00" PMx="0.00" fuel="0.00" electricity="0.00" noise="69.61" route="routebottom" type="cfm-fast" waiting="0.00" lane="right_0" pos="4.25" speed="24.77" angle="356.89" x="131.65" y="72.86"/>
        <vehicle id="cfm-fast_5" eclass="HBEFA3/PC_G_EU4" CO2="241743.52" CO="5571.91" HC="31.46" NOx="112.73" PMx="6.57" fuel="103.91" electricity="0.00" noise="144.39" route="routetop" type="cfm-fast" waiting="0.00" lane="top_1" pos="12.93" speed="61.23" angle="251.25" x="37.85" y="123.65"/>
        <vehicle id="cfm-slow_0" eclass="HBEFA3/PC_G_EU4" CO2="9878.11" CO="127.17" HC="0.82" NOx="4.09" PMx="0.21" fuel="4.25" electricity="0.00" noise="72.01" route="routebottom" type="cfm-slow" waiting="0.00" lane="right_0" pos="21.41" speed="21.18" angle="325.93" x="117.30" y="106.42"/>
        <vehicle id="cfm-slow_1" eclass="HBEFA3/PC_G_EU4" CO2="13935.96" CO="211.06" HC="1.30" NOx="5.98" PMx="0.32" fuel="5.99" electricity="0.00" noise="74.50" route="routebottom" type="cfm-slow" waiting="0.00" lane="right_0" pos="38.00" speed="22.06" angle="296.10" x="88.95" y="127.42"/>
        <vehicle id="cfm-slow_2" eclass="HBEFA3/PC_G_EU4" CO2="18734.73" CO="311.98" HC="1.89" NOx="8.21" PMx="0.44" fuel="8.05" electricity="0.00" noise="77.48" route="routetop" type="cfm-slow" waiting="0.00" lane="top_0" pos="5.52" speed="23.58" angle="264.52" x="51.76" y="131.22"/>
        <vehicle id="cfm-slow_3" eclass="HBEFA3/PC_G_EU4" CO2="21534.91" CO="375.84" HC="2.25" NOx="9.48" PMx="0.52" fuel="9.26" electricity="0.00" noise="79.05" route="routetop" type="cfm-slow" waiting="0.00" lane="top_0" pos="24.62" speed="25.71" angle="230.20" x="15.73" y="112.74"/>
        <vehicle id="cfm-slow_4" eclass="HBEFA3/PC_G_EU4" CO2="18629.37" CO="326.49" HC="1.95" NOx="8.06" PMx="0.45" fuel="8.01" electricity="0.00" noise="77.59" route="routetop" type="cfm-slow" waiting="0.00" lane="top_0" pos="45.91" speed="27.92" angle="191.93" x="-4.36" y="72.54"/>
        <vehicle id="cfm-slow_5" eclass="HBEFA3/PC_G_EU4" CO2="10499.76" CO="168.19" HC="1.03" NOx="4.19" PMx="0.25" fuel="4.51" electricity="0.00" noise="74.80" route="routetop" type="cfm-slow" waiting="0.00" lane="left_0" pos="19.41" speed="29.37" angle="149.54" x="7.43" y="24.36"/>
    </timestep>
    <timestep time="4.50">
        <vehicle id="cfm-fast_0" eclass="HBEFA3/PC_G_EU4" CO2="0.00" CO="0.00" HC="0.00" NOx="0.00" PMx="0.00" fuel="0.00" electricity="0.00" noise="73.24" route="routetop" type="cfm-fast" waiting="0.00" lane="left_0" pos="44.57" speed="29.56" angle="104.33" x="51.95" y="-3.94"/>
        <vehicle id="cfm-fast_1" eclass="HBEFA3/PC_G_EU4" CO2="220578.28" CO="5123.75" HC="28.89" NOx="102.75" PMx="6.02" fuel="94.82" electricity="0.00" noise="138.79" route="routebottom" type="cfm-fast" waiting="0.00" lane="bottom_1" pos="48.66" speed="60.86" angle="6.90" x="128.91" y="60.88"/>
        <vehicle id="cfm-fast_2" eclass="HBEFA3/PC_G_EU4" CO2="0.00" CO="0.00" HC="0.00" NOx="0.00" PMx="0.00" fuel="0.00" electricity="0.00" noise="72.58" route="routebottom" type="cfm-fast" waiting="0.00" lane="bottom_0" pos="16.23" speed="28.11" angle="65.24" x="97.17" y="3.80"/>
        <vehicle id="cfm-fast_3" eclass="HBEFA3/PC_G_EU4" CO2="0.00" CO="0.00" HC="0.00" NOx="0.00" PMx="0.00" fuel="0.00" electricity="0.00" noise="70.97" route="routebottom" type="cfm-fast" waiting="0.00" lane="bottom_0" pos="35.86" speed="27.25" angle="30.04" x="125.60" y="34.14"/>
        <vehicle id="cfm-fast_4" eclass="HBEFA3/PC_G_EU4" CO2="0.00" CO="0.00" HC="0.00" NOx="0.00" PMx="0.00" fuel="0.00" electricity="0.00" noise="69.61" route="routebottom" type="cfm-fast" waiting="0.00" lane="right_0" pos="4.49" speed="24.75" angle="356.44" x="131.57" y="73.39"/>
        <vehicle id="cfm-fast_5" eclass="HBEFA3/PC_G_EU4" CO2="242341.77" CO="5588.80" HC="31.55" NOx="113.01" PMx="6.59" fuel="104.17" electricity="0.00" noise="144.46" route="routetop" type="cfm-fast" waiting="0.00" lane="top_1" pos="13.54" speed="61.36" angle="250.10" x="36.70" y="123.14"/>
        <vehicle id="cfm-slow_0" eclass="HBEFA3/PC_G_EU4" CO2="9900.87" CO="127.64" HC="0.82" NOx="4.10" PMx="0.21" fuel="4.26" electricity="0.00" noise="72.03" route="routebottom" type="cfm-slow" waiting="0.00" lane="right_0" pos="21.63" speed="21.19" angle="325.54" x="117.02" y="106.78"/>
        <vehicle id="cfm-slow_1" eclass="HBEFA3/PC_G_EU4" CO2="13965.67" CO="211.68" HC="1.31" NOx="5.99" PMx="0.32" fuel="6.00" electricity="0.00" noise="74.52" route="routebottom" type="cfm-slow" waiting="0.00" lane="right_0" pos="38.22" speed="22.08" angle="295.71" x="88.51" y="127.60"/>
        <vehicle id="cfm-slow_2" eclass="HBEFA3/PC_G_EU4" CO2="18747.51" CO="312.29" HC="1.89" NOx="8.21" PMx="0.44" fuel="8.06" electricity="0.00" noise="77.49" route="routetop" type="cfm-slow" waiting="0.00" lane="top_0" pos="5.76" speed="23.61" angle="264.08" x="51.26" y="131.13"/>
        <vehicle id="cfm-slow_3" eclass="HBEFA3/PC_G_EU4" CO2="21496.45" CO="375.14" HC="2.24" NOx="9.46" PMx="0.52" fuel="9.24" electricity="0.00" noise="79.02" route="routetop" type="cfm-slow" waiting="0.00" lane="top_0" pos="24.88" speed="25.73" angle="229.73" x="15.34" y="112.35"/>
        <vehicle id="cfm-slow_4" eclass="HBEFA3/PC_G_EU4" CO2="18536.63" CO="324.69" HC="1.94" NOx="8.02" PMx="0.45" fuel="7.97" electricity="0.00" noise="77.55" route="routetop" type="cfm-slow" waiting="0.00" lane="top_0" pos="46.19" speed="27.94" angle="191.47" x="-4.45" y="71.95"/>
        <vehicle id="cfm-slow_5" eclass="HBEFA3/PC_G_EU4" CO2="10405.61" CO="166.30" HC="1.02" NOx="4.15" PMx="0.24" fuel="4.47" electricity="0.00" noise="74.77" route="routetop" type="cfm-slow" waiting="0.00" lane="left_0" pos="19.70" speed="29.38" angle="149.00" x="7.80" y="23.85"/>
    </timestep>
    <timestep time="4.51">
        <vehicle id="cfm-fast_0" eclass="HBEFA3/PC_G_EU4" CO2="0.00" CO="0.00" HC="0.00" NOx="0.00" PMx="0.00" fuel="0.00" electricity="0.00" noise="73.23" route="routetop" type="cfm-fast" waiting="0.00" lane="left_0" pos="44.87" speed="29.56" angle="103.83" x="52.57" y="-4.05"/>
        <vehicle id="cfm-fast_1" eclass="HBEFA3/PC_G_EU4" CO2="219536.91" CO="5106.40" HC="28.79" NOx="102.25" PMx="5.99" fuel="94.37" electricity="0.00" noise="138.43" route="routebottom" type="cfm-fast" waiting="0.00" lane="bottom_1" pos="49.27" speed="60.98" angle="5.82" x="128.94" y="62.13"/>
        <vehicle id="cfm-fast_2" eclass="HBEFA3/PC_G_EU4" CO2="0.00" CO="0.00" HC="0.00" NOx="0.00" PMx="0.00" fuel="0.00" electricity="0.00" noise="72.55" route="routebottom" type="cfm-fast" waiting="0.00" lane="bottom_0" pos="16.51" speed="28.10" angle="64.72" x="97.70" y="4.10"/>
        <vehicle id="cfm-fast_3" eclass="HBEFA3/PC_G_EU4" CO2="0.00" CO="0.00" HC="0.00" NOx="0.00" PMx="0.00" fuel="0.00" electricity="0.00" noise="70.96" route="routebottom" type="cfm-fast" waiting="0.00" lane="bottom_0" pos="36.13" speed="27.23" angle="29.54" x="125.85" y="34.67"/>
        <vehicle id="cfm-fast_4" eclass="HBEFA3/PC_G_EU4" CO2="0.00" CO="0.00" HC="0.00" NOx="0.00" PMx="0.00" fuel="0.00" electricity="0.00" noise="69.60" route="routebottom" type="cfm-fast" waiting="0.00" lane="right_0" pos="4.74" speed="24.73" angle="356.00" x="131.50" y="73.92"/>
        <vehicle id="cfm-fast_5" eclass="HBEFA3/PC_G_EU4" CO2="242940.31" CO="5605.71" HC="31.64" NOx="113.29" PMx="6.61" fuel="104.43" electricity="0.00" noise="144.52" route="routetop" type="cfm-fast" waiting="0.00" lane="top_1" pos="14.16" speed="61.50" angle="249.02" x="35.55" y="122.61"/>
        <vehicle id="cfm-slow_0" eclass="HBEFA3/PC_G_EU4" CO2="9923.82" CO="128.11" HC="0.83" NOx="4.11" PMx="0.21" fuel="4.27" electricity="0.00" noise="72.04" route="routebottom" type="cfm-slow" waiting="0.00" lane="right_0" pos="21.84" speed="21.20" angle="325.20" x="116.74" y="107.13"/>
        <vehicle id="cfm-slow_1" eclass="HBEFA3/PC_G_EU4" CO2="13995.37" CO="212.31" HC="1.31" NOx="6.01" PMx="0.32" fuel="6.02" electricity="0.00" noise="74.54" route="routebottom" type="cfm-slow" waiting="0.00" lane="right_0" pos="38.45" speed="22.09" angle="295.34" x="88.07" y="127.78"/>
        <vehicle id="cfm-slow_2" eclass="HBEFA3/PC_G_EU4" CO2="18759.97" CO="312.60" HC="1.89" NOx="8.22" PMx="0.44" fuel="8.06" electricity="0.00" noise="77.50" route="routetop" type="cfm-slow" waiting="0.00" lane="top_0" pos="5.99" speed="23.63" angle="263.64" x="50.76" y="131.04"/>
        <vehicle id="cfm-slow_3" eclass="HBEFA3/PC_G_EU4" CO2="21457.60" CO="374.44" HC="2.24" NOx="9.44" PMx="0.52" fuel="9.22" electricity="0.00" noise="79.00" route="routetop" type="cfm-slow" waiting="0.00" lane="top_0" pos="25.14" speed="25.76" angle="229.26" x="14.95" y="111.96"/>
        <vehicle id="cfm-slow_4" eclass="HBEFA3/PC_G_EU4" CO2="18443.96" CO="322.89" HC="1.93" NOx="7.97" PMx="0.45" fuel="7.93" electricity="0.00" noise="77.50" route="routetop" type="cfm-slow" waiting="0.00" lane="top_0" pos="46.47" speed="27.96" angle="190.96" x="-4.51" y="71.35"/>
        <vehicle id="cfm-slow_5" eclass="HBEFA3/PC_G_EU4" CO2="10311.78" CO="164.41" HC="1.01" NOx="4.11" PMx="0.24" fuel="4.43" electricity="0.00" noise="74.75" route="routetop" type="cfm-slow" waiting="0.00" lane="left_0" pos="19.99" speed="29.38" angle="148.46" x="8.17" y="23.34"/>
    </timestep>
    <timestep time="4.52">
        <vehicle id="cfm-fast_0" eclass="HBEFA3/PC_G_EU4" CO2="0.00" CO="0.00" HC="0.00" NOx="0.00" PMx="0.00" fuel="0.00" electricity="0.00" noise="73.21" route="routetop" type="cfm-fast" waiting="0.00" lane="left_0" pos="45.16" speed="29.55" angle="103.31" x="53.20" y="-4.15"/>
        <vehicle id="cfm-fast_1" eclass="HBEFA3/PC_G_EU4" CO2="218515.75" CO="5089.44" HC="28.68" NOx="101.77" PMx="5.97" fuel="93.93" electricity="0.00" noise="138.07" route="routebottom" type="cfm-fast" waiting="0.00" lane="bottom_1" pos="49.88" speed="61.10" angle="4.70" x="128.97" y="63.38"/>
        <vehicle id="cfm-fast_2" eclass="HBEFA3/PC_G_EU4" CO2="0.00" CO="0.00" HC="0.00" NOx="0.00" PMx="0.00" fuel="0.00" electricity="0.00" noise="72.53" route="routebottom" type="cfm-fast" waiting="0.00" lane="bottom_0" pos="16.79" speed="28.10" angle="64.26" x="98.23" y="4.40"/>
        <vehicle id="cfm-fast_3" eclass="HBEFA3/PC_G_EU4" CO2="0.00" CO="0.00" HC="0.00" NOx="0.00" PMx="0.00" fuel="0.00" electricity="0.00" noise="70.95" route="routebottom" type="cfm-fast" waiting="0.00" lane="bottom_0" pos="36.40" speed="27.22" angle="29.01" x="126.09" y="35.21"/>
        <vehicle id="cfm-fast_4" eclass="HBEFA3/PC_G_EU4" CO2="0.00" CO="0.00" HC="0.00" NOx="0.00" PMx="0.00" fuel="0.00" electricity="0.00" noise="69.59" route="routebottom" type="cfm-fast" waiting="0.00" lane="right_0" pos="4.99" speed="24.71" angle="355.55" x="131.42" y="74.44"/>
        <vehicle id="cfm-fast_5" eclass="HBEFA3/PC_G_EU4" CO2="243539.13" CO="5622.64" HC="31.74" NOx="113.57" PMx="6.63" fuel="104.69" electricity="0.00" noise="144.59" route="routetop" type="cfm-fast" waiting="0.00" lane="top_1" pos="14.77" speed="61.64" angle="247.87" x="34.42" y="122.05"/>
        <vehicle id="cfm-slow_0" eclass="HBEFA3/PC_G_EU4" CO2="9946.97" CO="128.59" HC="0.83" NOx="4.12" PMx="0.21" fuel="4.28" electricity="0.00" noise="72.06" route="routebottom" type="cfm-slow" waiting="0.00" lane="right_0" pos="22.05" speed="21.21" angle="324.80" x="116.44" y="107.48"/>
        <vehicle id="cfm-slow_1" eclass="HBEFA3/PC_G_EU4" CO2="14025.06" CO="212.93" HC="1.32" NOx="6.02" PMx="0.32" fuel="6.03" electricity="0.00" noise="74.56" route="routebottom" type="cfm-slow" waiting="0.00" lane="right_0" pos="38.67" speed="22.11" angle="294.96" x="87.63" y="127.94"/>
        <vehicle id="cfm-slow_2" eclass="HBEFA3/PC_G_EU4" CO2="18772.11" CO="312.90" HC="1.89" NOx="8.23" PMx="0.45" fuel="8.07" electricity="0.00" noise="77.50" route="routetop" type="cfm-slow" waiting="0.00" lane="top_0" pos="6.23" speed="23.65" angle="263.20" x="50.26" y="130.95"/>
        <vehicle id="cfm-slow_3" eclass="HBEFA3/PC_G_EU4" CO2="21418.36" CO="373.73" HC="2.24" NOx="9.43" PMx="0.52" fuel="9.21" electricity="0.00" noise="78.98" route="routetop" type="cfm-slow" waiting="0.00" lane="top_0" pos="25.40" speed="25.78" angle="228.78" x="14.56" y="111.57"/>
        <vehicle id="cfm-slow_4" eclass="HBEFA3/PC_G_EU4" CO2="18351.34" CO="321.08" HC="1.92" NOx="7.93" PMx="0.45" fuel="7.89" electricity="0.00" noise="77.46" route="routetop" type="cfm-slow" waiting="0.00" lane="top_0" pos="46.75" speed="27.98" angle="190.45" x="-4.57" y="70.75"/>
        <vehicle id="cfm-slow_5" eclass="HBEFA3/PC_G_EU4" CO2="10218.25" CO="162.53" HC="1.00" NOx="4.06" PMx="0.24" fuel="4.39" electricity="0.00" noise="74.72" route="routetop" type="cfm-slow" waiting="0.00" lane="left_0" pos="20.29" speed="29.39" angle="147.91" x="8.54" y="22.83"/>
    </timestep>
    <timestep time="4.53">
        <vehicle id="cfm-fast_0" eclass="HBEFA3/PC_G_EU4" CO2="0.00" CO="0.00" HC="0.00" NOx="0.00" PMx="0.00" fuel="0.00" electricity="0.00" noise="73.20" route="routetop" type="cfm-fast" waiting="0.00" lane="left_0" pos="45.46" speed="29.55" angle="102.76" x="53.83" y="-4.23"/>
        <vehicle id="cfm-fast_1" eclass="HBEFA3/PC_G_EU4" CO2="217514.70" CO="5072.88" HC="28.58" NOx="101.29" PMx="5.94" fuel="93.50" electricity="0.00" noise="137.71" route="routebottom" type="cfm-fast" waiting="0.00" lane="right_1" pos="0.49" speed="61.22" angle="3.60" x="128.95" y="64.69"/>
        <vehicle id="cfm-fast_2" eclass="HBEFA3/PC_G_EU4" CO2="0.00" CO="0.00" HC="0.00" NOx="0.00" PMx="0.00" fuel="0.00" electricity="0.00" noise="72.50" route="routebottom" type="cfm-fast" waiting="0.00" lane="bottom_0" pos="17.07" speed="28.10" angle="63.74" x="98.74" y="4.71"/>
        <vehicle id="cfm-fast_3" eclass="HBEFA3/PC_G_EU4" CO2="0.00" CO="0.00" HC="0.00" NOx="0.00" PMx="0.00" fuel="0.00" electricity="0.00" noise="70.94" route="routebottom" type="cfm-fast" waiting="0.00" lane="bottom_0" pos="36.68" speed="27.20" angle="28.48" x="126.33" y="35.74"/>
        <vehicle id="cfm-fast_4" eclass="HBEFA3/PC_G_EU4" CO2="0.00" CO="0.00" HC="0.00" NOx="0.00" PMx="0.00" fuel="0.00" electricity="0.00" noise="69.59" route="routebottom" type="cfm-fast" waiting="0.00" lane="right_0" pos="5.23" speed="24.69" angle="355.05" x="131.33" y="74.97"/>
        <vehicle id="cfm-fast_5" eclass="HBEFA3/PC_G_EU4" CO2="244138.26" CO="5639.60" HC="31.83" NOx="113.85" PMx="6.65" fuel="104.94" electricity="0.00" noise="144.65" route="routetop" type="cfm-fast" waiting="0.00" lane="top_1" pos="15.39" speed="61.77" angle="246.80" x="33.29" y="121.48"/>
        <vehicle id="cfm-slow_0" eclass="HBEFA3/PC_G_EU4" CO2="9970.31" CO="129.07" HC="0.83" NOx="4.13" PMx="0.21" fuel="4.29" electricity="0.00" noise="72.07" route="routebottom" type="cfm-slow" waiting="0.00" lane="right_0" pos="22.26" speed="21.22" angle="324.40" x="116.15" y="107.83"/>
        <vehicle id="cfm-slow_1" eclass="HBEFA3/PC_G_EU4" CO2="14054.71" CO="213.56" HC="1.32" NOx="6.03" PMx="0.32" fuel="6.04" electricity="0.00" noise="74.58" route="routebottom" type="cfm-slow" waiting="0.00" lane="right_0" pos="38.89" speed="22.13" angle="294.56" x="87.18" y="128.10"/>
        <vehicle id="cfm-slow_2" eclass="HBEFA3/PC_G_EU4" CO2="18783.93" CO="313.19" HC="1.89" NOx="8.23" PMx="0.45" fuel="8.07" electricity="0.00" noise="77.51" route="routetop" type="cfm-slow" waiting="0.00" lane="top_0" pos="6.47" speed="23.68" angle="262.82" x="49.76" y="130.85"/>
        <vehicle id="cfm-slow_3" eclass="HBEFA3/PC_G_EU4" CO2="21378.74" CO="373.01" HC="2.23" NOx="9.41" PMx="0.52" fuel="9.19" electricity="0.00" noise="78.95" route="routetop" type="cfm-slow" waiting="0.00" lane="top_0" pos="25.65" speed="25.81" angle="228.37" x="14.16" y="111.17"/>
        <vehicle id="cfm-slow_4" eclass="HBEFA3/PC_G_EU4" CO2="18258.79" CO="319.28" HC="1.91" NOx="7.89" PMx="0.44" fuel="7.85" electricity="0.00" noise="77.42" route="routetop" type="cfm-slow" waiting="0.00" lane="top_0" pos="47.03" speed="28.00" angle="189.93" x="-4.63" y="70.15"/>
        <vehicle id="cfm-slow_5" eclass="HBEFA3/PC_G_EU4" CO2="10125.03" CO="160.65" HC="0.99" NOx="4.02" PMx="0.24" fuel="4.35" electricity="0.00" noise="74.70" route="routetop" type="cfm-slow" waiting="0.00" lane="left_0" pos="20.58" speed="29.40" angle="147.43" x="8.91" y="22.32"/>
    </timestep>
    <timestep time="4.54">
        <vehicle id="cfm-fast_0" eclass="HBEFA3/PC_G_EU4" CO2="0.00" CO="0.00" HC="0.00" NOx="0.00" PMx="0.00" fuel="0.00" electricity="0.00" noise="73.18" route="routetop" type="cfm-fast" waiting="0.00" lane="left_0" pos="45.75" speed="29.55" angle="102.21" x="54.46" y="-4.32"/>
        <vehicle id="cfm-fast_1" eclass="HBEFA3/PC_G_EU4" CO2="216533.67" CO="5056.72" HC="28.49" NOx="100.83" PMx="5.92" fuel="93.08" electricity="0.00" noise="137.37" route="routebottom" type="cfm-fast" waiting="0.00" lane="right_1" pos="1.10" speed="61.34" angle="2.48" x="128.93" y="65.95"/>
        <vehicle id="cfm-fast_2" eclass="HBEFA3/PC_G_EU4" CO2="0.00" CO="0.00" HC="0.00" NOx="0.00" PMx="0.00" fuel="0.00" electricity="0.00" noise="72.47" route="routebottom" type="cfm-fast" waiting="0.00" lane="bottom_0" pos="17.35" speed="28.09" angle="63.22" x="99.26" y="5.02"/>
        <vehicle id="cfm-fast_3" eclass="HBEFA3/PC_G_EU4" CO2="0.00" CO="0.00" HC="0.00" NOx="0.00" PMx="0.00" fuel="0.00" electricity="0.00" noise="70.93" route="routebottom" type="cfm-fast" waiting="0.00" lane="bottom_0" pos="36.95" speed="27.18" angle="27.95" x="126.56" y="36.27"/>
        <vehicle id="cfm-fast_4" eclass="HBEFA3/PC_G_EU4" CO2="0.00" CO="0.00" HC="0.00" NOx="0.00" PMx="0.00" fuel="0.00" electricity="0.00" noise="69.58" route="routebottom" type="cfm-fast" waiting="0.00" lane="right_0" pos="5.48" speed="24.67" angle="354.59" x="131.24" y="75.49"/>
        <vehicle id="cfm-fast_5" eclass="HBEFA3/PC_G_EU4" CO2="244737.67" CO="5656.58" HC="31.92" NOx="114.13" PMx="6.66" fuel="105.20" electricity="0.00" noise="144.72" route="routetop" type="cfm-fast" waiting="0.00" lane="top_1" pos="16.01" speed="61.91" angle="245.68" x="32.18" y="120.87"/>
        <vehicle id="cfm-slow_0" eclass="HBEFA3/PC_G_EU4" CO2="9993.83" CO="129.56" HC="0.84" NOx="4.14" PMx="0.21" fuel="4.30" electricity="0.00" noise="72.09" route="routebottom" type="cfm-slow" waiting="0.00" lane="right_0" pos="22.47" speed="21.24" angle="323.99" x="115.85" y="108.18"/>
        <vehicle id="cfm-slow_1" eclass="HBEFA3/PC_G_EU4" CO2="14084.35" CO="214.18" HC="1.32" NOx="6.05" PMx="0.32" fuel="6.05" electricity="0.00" noise="74.60" route="routebottom" type="cfm-slow" waiting="0.00" lane="right_0" pos="39.11" speed="22.15" angle="294.16" x="86.73" y="128.27"/>
        <vehicle id="cfm-slow_2" eclass="HBEFA3/PC_G_EU4" CO2="18795.42" CO="313.48" HC="1.89" NOx="8.24" PMx="0.45" fuel="8.08" electricity="0.00" noise="77.52" route="routetop" type="cfm-slow" waiting="0.00" lane="top_0" pos="6.70" speed="23.70" angle="262.37" x="49.26" y="130.74"/>
        <vehicle id="cfm-slow_3" eclass="HBEFA3/PC_G_EU4" CO2="21338.73" CO="372.28" HC="2.23" NOx="9.39" PMx="0.52" fuel="9.17" electricity="0.00" noise="78.93" route="routetop" type="cfm-slow" waiting="0.00" lane="top_0" pos="25.91" speed="25.83" angle="227.89" x="13.79" y="110.76"/>
        <vehicle id="cfm-slow_4" eclass="HBEFA3/PC_G_EU4" CO2="18166.29" CO="317.48" HC="1.90" NOx="7.84" PMx="0.44" fuel="7.81" electricity="0.00" noise="77.38" route="routetop" type="cfm-slow" waiting="0.00" lane="top_0" pos="47.31" speed="28.01" angle="189.42" x="-4.69" y="69.55"/>
        <vehicle id="cfm-slow_5" eclass="HBEFA3/PC_G_EU4" CO2="10032.10" CO="158.77" HC="0.98" NOx="3.97" PMx="0.23" fuel="4.31" electricity="0.00" noise="74.67" route="routetop" type="cfm-slow" waiting="0.00" lane="left_0" pos="20.88" speed="29.40" angle="146.89" x="9.30" y="21.82"/>
    </timestep>
    <timestep time="4.55">
        <vehicle id="cfm-fast_0" eclass="HBEFA3/PC_G_EU4" CO2="0.00" CO="0.00" HC="0.00" NOx="0.00" PMx="0.00" fuel="0.00" electricity="0.00" noise="73.17" route="routetop" type="cfm-fast" waiting="0.00" lane="left_0" pos="46.05" speed="29.54" angle="101.66" x="55.09" y="-4.41"/>
        <vehicle id="cfm-fast_1" eclass="HBEFA3/PC_G_EU4" CO2="215572.56" CO="5040.95" HC="28.39" NOx="100.37" PMx="5.89" fuel="92.66" electricity="0.00" noise="137.03" route="routebottom" type="cfm-fast" waiting="0.00" lane="right_1" pos="1.72" speed="61.46" angle="1.40" x="128.87" y="67.21"/>
        <vehicle id="cfm-fast_2" eclass="HBEFA3/PC_G_EU4" CO2="0.00" CO="0.00" HC="0.00" NOx="0.00" PMx="0.00" fuel="0.00" electricity="0.00" noise="72.45" route="routebottom" type="cfm-fast" waiting="0.00" lane="bottom_0" pos="17.63" speed="28.09" angle="62.71" x="99.78" y="5.33"/>
        <vehicle id="cfm-fast_3" eclass="HBEFA3/PC_G_EU4" CO2="0.00" CO="0.00" HC="0.00" NOx="0.00" PMx="0.00" fuel="0.00" electricity="0.00" noise="70.92" route="routebottom" type="cfm-fast" waiting="0.00" lane="bottom_0" pos="37.22" speed="27.16" angle="27.51" x="126.80" y="36.81"/>
        <vehicle id="cfm-fast_4" eclass="HBEFA3/PC_G_EU4" CO2="0.00" CO="0.00" HC="0.00" NOx="0.00" PMx="0.00" fuel="0.00" electricity="0.00" noise="69.57" route="routebottom" type="cfm-fast" waiting="0.00" lane="right_0" pos="5.73" speed="24.65" angle="354.13" x="131.14" y="76.01"/>
        <vehicle id="cfm-fast_5" eclass="HBEFA3/PC_G_EU4" CO2="245337.37" CO="5673.58" HC="32.01" NOx="114.41" PMx="6.68" fuel="105.46" electricity="0.00" noise="144.79" route="routetop" type="cfm-fast" waiting="0.00" lane="top_1" pos="16.63" speed="62.05" angle="244.60" x="31.06" y="120.25"/>
        <vehicle id="cfm-slow_0" eclass="HBEFA3/PC_G_EU4" CO2="10017.55" CO="130.04" HC="0.84" NOx="4.15" PMx="0.21" fuel="4.31" electricity="0.00" noise="72.11" route="routebottom" type="cfm-slow" waiting="0.00" lane="right_0" pos="22.69" speed="21.25" angle="323.59" x="115.56" y="108.53"/>
        <vehicle id="cfm-slow_1" eclass="HBEFA3/PC_G_EU4" CO2="14113.95" CO="214.81" HC="1.33" NOx="6.06" PMx="0.32" fuel="6.07" electricity="0.00" noise="74.62" route="routebottom" type="cfm-slow" waiting="0.00" lane="right_0" pos="39.33" speed="22.17" angle="293.75" x="86.28" y="128.43"/>
        <vehicle id="cfm-slow_2" eclass="HBEFA3/PC_G_EU4" CO2="18806.59" CO="313.76" HC="1.90" NOx="8.24" PMx="0.45" fuel="8.08" electricity="0.00" noise="77.52" route="routetop" type="cfm-slow" waiting="0.00" lane="top_0" pos="6.94" speed="23.73" angle="261.93" x="48.76" y="130.62"/>
        <vehicle id="cfm-slow_3" eclass="HBEFA3/PC_G_EU4" CO2="21298.34" CO="371.55" HC="2.22" NOx="9.37" PMx="0.52" fuel="9.16" electricity="0.00" noise="78.90" route="routetop" type="cfm-slow" waiting="0.00" lane="top_0" pos="26.17" speed="25.86" angle="227.41" x="13.41" y="110.35"/>
        <vehicle id="cfm-slow_4" eclass="HBEFA3/PC_G_EU4" CO2="18073.86" CO="315.68" HC="1.89" NOx="7.80" PMx="0.44" fuel="7.77" electricity="0.00" noise="77.34" route="routetop" type="cfm-slow" waiting="0.00" lane="top_0" pos="47.59" speed="28.03" angle="188.96" x="-4.74" y="68.95"/>
        <vehicle id="cfm-slow_5" eclass="HBEFA3/PC_G_EU4" CO2="9939.48" CO="156.91" HC="0.97" NOx="3.93" PMx="0.23" fuel="4.27" electricity="0.00" noise="74.65" route="routetop" type="cfm-slow" waiting="0.00" lane="left_0" pos="21.17" speed="29.41" angle="146.35" x="9.69" y="21.32"/>
    </timestep>
    <timestep time="4.56">
        <vehicle id="cfm-fast_0" eclass="HBEFA3/PC_G_EU4" CO2="0.00" CO="0.00" HC="0.00" NOx="0.00" PMx="0.00" fuel="0.00" electricity="0.00" noise="73.16" route="routetop" type="cfm-fast" waiting="0.00" lane="left_0" pos="46.34" speed="29.54" angle="101.18" x="55.72" y="-4.48"/>
        <vehicle id="cfm-fast_1" eclass="HBEFA3/PC_G_EU4" CO2="214631.27" CO="5025.57" HC="28.30" NOx="99.93" PMx="5.87" fuel="92.26" electricity="0.00" noise="136.71" route="routebottom" type="cfm-fast" waiting="0.00" lane="right_1" pos="2.33" speed="61.58" angle="0.28" x="128.80" y="68.47"/>
        <vehicle id="cfm-fast_2" eclass="HBEFA3/PC_G_EU4" CO2="0.00" CO="0.00" HC="0.00" NOx="0.00" PMx="0.00" fuel="0.00" electricity="0.00" noise="72.42" route="routebottom" type="cfm-fast" waiting="0.00" lane="bottom_0" pos="17.91" speed="28.08" angle="62.25" x="100.30" y="5.64"/>
        <vehicle id="cfm-fast_3" eclass="HBEFA3/PC_G_EU4" CO2="0.00" CO="0.00" HC="0.00" NOx="0.00" PMx="0.00" fuel="0.00" electricity="0.00" noise="70.90" route="routebottom" type="cfm-fast" waiting="0.00" lane="bottom_0" pos="37.49" speed="27.14" angle="27.02" x="127.02" y="37.35"/>
        <vehicle id="cfm-fast_4" eclass="HBEFA3/PC_G_EU4" CO2="0.00" CO="0.00" HC="0.00" NOx="0.00" PMx="0.00" fuel="0.00" electricity="0.00" noise="69.57" route="routebottom" type="cfm-fast" waiting="0.00" lane="right_0" pos="5.97" speed="24.63" angle="353.67" x="131.05" y="76.53"/>
        <vehicle id="cfm-fast_5" eclass="HBEFA3/PC_G_EU4" CO2="245937.37" CO="5690.60" HC="32.11" NOx="114.69" PMx="6.70" fuel="105.72" electricity="0.00" noise="144.85" route="routetop" type="cfm-fast" waiting="0.00" lane="top_1" pos="17.25" speed="62.18" angle="243.47" x="29.97" y="119.60"/>
        <vehicle id="cfm-slow_0" eclass="HBEFA3/PC_G_EU4" CO2="10041.44" CO="130.54" HC="0.84" NOx="4.16" PMx="0.21" fuel="4.32" electricity="0.00" noise="72.12" route="routebottom" type="cfm-slow" waiting="0.00" lane="right_0" pos="22.90" speed="21.26" angle="323.19" x="115.26" y="108.88"/>
        <vehicle id="cfm-slow_1" eclass="HBEFA3/PC_G_EU4" CO2="14143.52" CO="215.43" HC="1.33" NOx="6.07" PMx="0.32" fuel="6.08" electricity="0.00" noise="74.64" route="routebottom" type="cfm-slow" waiting="0.00" lane="right_0" pos="39.55" speed="22.18" angle="293.35" x="85.83" y="128.59"/>
        <vehicle id="cfm-slow_2" eclass="HBEFA3/PC_G_EU4" CO2="18817.43" CO="314.04" HC="1.90" NOx="8.24" PMx="0.45" fuel="8.09" electricity="0.00" noise="77.53" route="routetop" type="cfm-slow" waiting="0.00" lane="top_0" pos="7.18" speed="23.75" angle="261.48" x="48.26" y="130.51"/>
        <vehicle id="cfm-slow_3" eclass="HBEFA3/PC_G_EU4" CO2="21257.58" CO="370.81" HC="2.22" NOx="9.35" PMx="0.52" fuel="9.14" electricity="0.00" noise="78.88" route="routetop" type="cfm-slow" waiting="0.00" lane="top_0" pos="26.43" speed="25.88" angle="226.93" x="13.03" y="109.95"/>
        <vehicle id="cfm-slow_4" eclass="HBEFA3/PC_G_EU4" CO2="17981.49" CO="313.87" HC="1.88" NOx="7.75" PMx="0.44" fuel="7.73" electricity="0.00" noise="77.30" route="routetop" type="cfm-slow" waiting="0.00" lane="top_0" pos="47.87" speed="28.05" angle="188.42" x="-4.78" y="68.35"/>
        <vehicle id="cfm-slow_5" eclass="HBEFA3/PC_G_EU4" CO2="9847.14" CO="155.04" HC="0.96" NOx="3.89" PMx="0.23" fuel="4.23" electricity="0.00" noise="74.63" route="routetop" type="cfm-slow" waiting="0.00" lane="left_0" pos="21.46" speed="29.41" angle="145.81" x="10.08" y="20.82"/>
    </timestep>
    <timestep time="4.57">
        <vehicle id="cfm-fast_0" eclass="HBEFA3/PC_G_EU4" CO2="0.00" CO="0.00" HC="0.00" NOx="0.00" PMx="0.00" fuel="0.00" electricity="0.00" noise="73.14" route="routetop" type="cfm-fast" waiting="0.00" lane="left_0" pos="46.64" speed="29.54" angle="100.64" x="56.36" y="-4.55"/>
        <vehicle id="cfm-fast_1" eclass="HBEFA3/PC_G_EU4" CO2="213709.70" CO="5010.57" HC="28.21" NOx="99.49" PMx="5.85" fuel="91.86" electricity="0.00" noise="136.38" route="routebottom" type="cfm-fast" waiting="0.00" lane="right_1" pos="2.95" speed="61.70" angle="359.21" x="128.69" y="69.73"/>
        <vehicle id="cfm-fast_2" eclass="HBEFA3/PC_G_EU4" CO2="0.00" CO="0.00" HC="0.00" NOx="0.00" PMx="0.00" fuel="0.00" electricity="0.00" noise="72.40" route="routebottom" type="cfm-fast" waiting="0.00" lane="bottom_0" pos="18.20" speed="28.08" angle="61.74" x="100.80" y="5.98"/>
        <vehicle id="cfm-fast_3" eclass="HBEFA3/PC_G_EU4" CO2="0.00" CO="0.00" HC="0.00" NOx="0.00" PMx="0.00" fuel="0.00" electricity="0.00" noise="70.89" route="routebottom" type="cfm-fast" waiting="0.00" lane="bottom_0" pos="37.76" speed="27.12" angle="26.53" x="127.23" y="37.89"/>
        <vehicle id="cfm-fast_4" eclass="HBEFA3/PC_G_EU4" CO2="0.00" CO="0.00" HC="0.00" NOx="0.00" PMx="0.00" fuel="0.00" electricity="0.00" noise="69.56" route="routebottom" type="cfm-fast" waiting="0.00" lane="right_0" pos="6.22" speed="24.61" angle="353.21" x="130.95" y="77.05"/>
        <vehicle id="cfm-fast_5" eclass="HBEFA3/PC_G_EU4" CO2="246537.66" CO="5707.64" HC="32.20" NOx="114.97" PMx="6.72" fuel="105.97" electricity="0.00" noise="144.92" route="routetop" type="cfm-fast" waiting="0.00" lane="top_1" pos="17.88" speed="62.32" angle="242.36" x="28.87" y="118.94"/>
        <vehicle id="cfm-slow_0" eclass="HBEFA3/PC_G_EU4" CO2="10065.52" CO="131.03" HC="0.84" NOx="4.17" PMx="0.21" fuel="4.33" electricity="0.00" noise="72.14" route="routebottom" type="cfm-slow" waiting="0.00" lane="right_0" pos="23.11" speed="21.27" angle="322.87" x="114.96" y="109.22"/>
        <vehicle id="cfm-slow_1" eclass="HBEFA3/PC_G_EU4" CO2="14173.06" CO="216.06" HC="1.33" NOx="6.09" PMx="0.32" fuel="6.09" electricity="0.00" noise="74.66" route="routebottom" type="cfm-slow" waiting="0.00" lane="right_0" pos="39.77" speed="22.20" angle="293.02" x="85.38" y="128.76"/>
        <vehicle id="cfm-slow_2" eclass="HBEFA3/PC_G_EU4" CO2="18827.94" CO="314.30" HC="1.90" NOx="8.25" PMx="0.45" fuel="8.09" electricity="0.00" noise="77.53" route="routetop" type="cfm-slow" waiting="0.00" lane="top_0" pos="7.42" speed="23.77" angle="261.03" x="47.76" y="130.40"/>
        <vehicle id="cfm-slow_3" eclass="HBEFA3/PC_G_EU4" CO2="21216.44" CO="370.06" HC="2.21" NOx="9.33" PMx="0.51" fuel="9.12" electricity="0.00" noise="78.85" route="routetop" type="cfm-slow" waiting="0.00" lane="top_0" pos="26.69" speed="25.91" angle="226.45" x="12.66" y="109.54"/>
        <vehicle id="cfm-slow_4" eclass="HBEFA3/PC_G_EU4" CO2="17889.20" CO="312.07" HC="1.87" NOx="7.71" PMx="0.43" fuel="7.69" electricity="0.00" noise="77.26" route="routetop" type="cfm-slow" waiting="0.00" lane="top_0" pos="48.15" speed="28.07" angle="187.88" x="-4.81" y="67.74"/>
        <vehicle id="cfm-slow_5" eclass="HBEFA3/PC_G_EU4" CO2="9755.10" CO="153.19" HC="0.95" NOx="3.84" PMx="0.23" fuel="4.19" electricity="0.00" noise="74.60" route="routetop" type="cfm-slow" waiting="0.00" lane="left_0" pos="21.76" speed="29.42" angle="145.31" x="10.47" y="20.32"/>
    </timestep>
    <timestep time="4.58">
        <vehicle id="cfm-fast_0" eclass="HBEFA3/PC_G_EU4" CO2="0.00" CO="0.00" HC="0.00" NOx="0.00" PMx="0.00" fuel="0.00" electricity="0.00" noise="73.13" route="routetop" type="cfm-fast" waiting="0.00" lane="left_0" pos="46.94" speed="29.53" angle="100.10" x="56.99" y="-4.61"/>
        <vehicle id="cfm-fast_1" eclass="HBEFA3/PC_G_EU4" CO2="212807.74" CO="4995.97" HC="28.12" NOx="99.06" PMx="5.83" fuel="91.48" electricity="0.00" noise="136.07" route="routebottom" type="cfm-fast" waiting="0.00" lane="right_1" pos="3.57" speed="61.81" angle="358.08" x="128.56" y="70.99"/>
        <vehicle id="cfm-fast_2" eclass="HBEFA3/PC_G_EU4" CO2="0.00" CO="0.00" HC="0.00" NOx="0.00" PMx="0.00" fuel="0.00" electricity="0.00" noise="72.37" route="routebottom" type="cfm-fast" waiting="0.00" lane="bottom_0" pos="18.48" speed="28.08" angle="61.21" x="101.31" y="6.31"/>
        <vehicle id="cfm-fast_3" eclass="HBEFA3/PC_G_EU4" CO2="0.00" CO="0.00" HC="0.00" NOx="0.00" PMx="0.00" fuel="0.00" electricity="0.00" noise="70.88" route="routebottom" type="cfm-fast" waiting="0.00" lane="bottom_0" pos="38.03" speed="27.10" angle="26.04" x="127.45" y="38.43"/>
        <vehicle id="cfm-fast_4" eclass="HBEFA3/PC_G_EU4" CO2="0.00" CO="0.00" HC="0.00" NOx="0.00" PMx="0.00" fuel="0.00" electricity="0.00" noise="69.56" route="routebottom" type="cfm-fast" waiting="0.00" lane="right_0" pos="6.47" speed="24.59" angle="352.81" x="130.85" y="77.57"/>
        <vehicle id="cfm-fast_5" eclass="HBEFA3/PC_G_EU4" CO2="247138.24" CO="5724.70" HC="32.29" NOx="115.25" PMx="6.73" fuel="106.23" electricity="0.00" noise="144.98" route="routetop" type="cfm-fast" waiting="0.00" lane="top_1" pos="18.50" speed="62.45" angle="241.21" x="27.80" y="118.24"/>
        <vehicle id="cfm-slow_0" eclass="HBEFA3/PC_G_EU4" CO2="10089.77" CO="131.54" HC="0.85" NOx="4.18" PMx="0.21" fuel="4.34" electricity="0.00" noise="72.15" route="routebottom" type="cfm-slow" waiting="0.00" lane="right_0" pos="23.33" speed="21.28" angle="322.49" x="114.65" y="109.56"/>
        <vehicle id="cfm-slow_1" eclass="HBEFA3/PC_G_EU4" CO2="14202.55" CO="216.68" HC="1.34" NOx="6.10" PMx="0.32" fuel="6.10" electricity="0.00" noise="74.68" route="routebottom" type="cfm-slow" waiting="0.00" lane="right_0" pos="40.00" speed="22.22" angle="292.59" x="84.93" y="128.90"/>
        <vehicle id="cfm-slow_2" eclass="HBEFA3/PC_G_EU4" CO2="18838.12" CO="314.57" HC="1.90" NOx="8.25" PMx="0.45" fuel="8.10" electricity="0.00" noise="77.54" route="routetop" type="cfm-slow" waiting="0.00" lane="top_0" pos="7.65" speed="23.80" angle="260.65" x="47.26" y="130.29"/>
        <vehicle id="cfm-slow_3" eclass="HBEFA3/PC_G_EU4" CO2="21174.93" CO="369.30" HC="2.21" NOx="9.31" PMx="0.51" fuel="9.10" electricity="0.00" noise="78.83" route="routetop" type="cfm-slow" waiting="0.00" lane="top_0" pos="26.95" speed="25.93" angle="226.03" x="12.28" y="109.12"/>
        <vehicle id="cfm-slow_4" eclass="HBEFA3/PC_G_EU4" CO2="17796.96" CO="310.28" HC="1.86" NOx="7.67" PMx="0.43" fuel="7.65" electricity="0.00" noise="77.22" route="routetop" type="cfm-slow" waiting="0.00" lane="top_0" pos="48.43" speed="28.08" angle="187.35" x="-4.85" y="67.14"/>
        <vehicle id="cfm-slow_5" eclass="HBEFA3/PC_G_EU4" CO2="9663.34" CO="151.33" HC="0.93" NOx="3.80" PMx="0.22" fuel="4.15" electricity="0.00" noise="74.58" route="routetop" type="cfm-slow" waiting="0.00" lane="left_0" pos="22.05" speed="29.42" angle="144.78" x="10.88" y="19.84"/>
    </timestep>
    <timestep time="4.59">
        <vehicle id="cfm-fast_0" eclass="HBEFA3/PC_G_EU4" CO2="0.00" CO="0.00" HC="0.00" NOx="0.00" PMx="0.00" fuel="0.00" electricity="0.00" noise="73.12" route="routetop" type="cfm-fast" waiting="0.00" lane="left_0" pos="47.23" speed="29.53" angle="99.56" x="57.62" y="-4.68"/>
        <vehicle id="cfm-fast_1" eclass="HBEFA3/PC_G_EU4" CO2="211925.28" CO="4981.75" HC="28.03" NOx="98.65" PMx="5.81" fuel="91.10" electricity="0.00" noise="135.76" route="routebottom" type="cfm-fast" waiting="0.00" lane="right_1" pos="4.19" speed="61.93" angle="356.99" x="128.40" y="72.25"/>
        <vehicle id="cfm-fast_2" eclass="HBEFA3/PC_G_EU4" CO2="0.00" CO="0.00" HC="0.00" NOx="0.00" PMx="0.00" fuel="0.00" electricity="0.00" noise="72.35" route="routebottom" type="cfm-fast" waiting="0.00" lane="bottom_0" pos="18.76" speed="28.07" angle="60.69" x="101.81" y="6.65"/>
        <vehicle id="cfm-fast_3" eclass="HBEFA3/PC_G_EU4" CO2="0.00" CO="0.00" HC="0.00" NOx="0.00" PMx="0.00" fuel="0.00" electricity="0.00" noise="70.87" route="routebottom" type="cfm-fast" waiting="0.00" lane="bottom_0" pos="38.30" speed="27.08" angle="25.56" x="127.67" y="38.97"/>
        <vehicle id="cfm-fast_4" eclass="HBEFA3/PC_G_EU4" CO2="0.00" CO="0.00" HC="0.00" NOx="0.00" PMx="0.00" fuel="0.00" electricity="0.00" noise="69.55" route="routebottom" type="cfm-fast" waiting="0.00" lane="right_0" pos="6.71" speed="24.58" angle="352.35" x="130.73" y="78.09"/>
        <vehicle id="cfm-fast_5" eclass="HBEFA3/PC_G_EU4" CO2="247739.12" CO="5741.79" HC="32.39" NOx="115.54" PMx="6.75" fuel="106.49" electricity="0.00" noise="145.05" route="routetop" type="cfm-fast" waiting="0.00" lane="top_1" pos="19.13" speed="62.59" angle="240.03" x="26.73" y="117.53"/>
        <vehicle id="cfm-slow_0" eclass="HBEFA3/PC_G_EU4" CO2="10114.19" CO="132.04" HC="0.85" NOx="4.19" PMx="0.22" fuel="4.35" electricity="0.00" noise="72.17" route="routebottom" type="cfm-slow" waiting="0.00" lane="right_0" pos="23.54" speed="21.29" angle="322.10" x="114.34" y="109.89"/>
        <vehicle id="cfm-slow_1" eclass="HBEFA3/PC_G_EU4" CO2="14232.00" CO="217.30" HC="1.34" NOx="6.12" PMx="0.32" fuel="6.12" electricity="0.00" noise="74.69" route="routebottom" type="cfm-slow" waiting="0.00" lane="right_0" pos="40.22" speed="22.24" angle="292.17" x="84.47" y="129.04"/>
        <vehicle id="cfm-slow_2" eclass="HBEFA3/PC_G_EU4" CO2="18847.97" CO="314.82" HC="1.90" NOx="8.26" PMx="0.45" fuel="8.10" electricity="0.00" noise="77.54" route="routetop" type="cfm-slow" waiting="0.00" lane="top_0" pos="7.89" speed="23.82" angle="260.22" x="46.77" y="130.15"/>
        <vehicle id="cfm-slow_3" eclass="HBEFA3/PC_G_EU4" CO2="21133.04" CO="368.54" HC="2.20" NOx="9.29" PMx="0.51" fuel="9.08" electricity="0.00" noise="78.81" route="routetop" type="cfm-slow" waiting="0.00" lane="top_0" pos="27.21" speed="25.96" angle="225.54" x="11.92" y="108.70"/>
        <vehicle id="cfm-slow_4" eclass="HBEFA3/PC_G_EU4" CO2="17704.80" CO="308.48" HC="1.85" NOx="7.62" PMx="0.43" fuel="7.61" electricity="0.00" noise="77.18" route="routetop" type="cfm-slow" waiting="0.00" lane="top_0" pos="48.71" speed="28.10" angle="186.85" x="-4.88" y="66.54"/>
        <vehicle id="cfm-slow_5" eclass="HBEFA3/PC_G_EU4" CO2="9571.86" CO="149.49" HC="0.92" NOx="3.76" PMx="0.22" fuel="4.11" electricity="0.00" noise="74.55" route="routetop" type="cfm-slow" waiting="0.00" lane="left_0" pos="22.35" speed="29.43" angle="144.23" x="11.29" y="19.36"/>
    </timestep>
    <timestep time="4.60">
        <vehicle id="cfm-fast_0" eclass="HBEFA3/PC_G_EU4" CO2="0.00" CO="0.00" HC="0.00" NOx="0.00" PMx="0.00" fuel="0.00" electricity="0.00" noise="73.10" route="routetop" type="cfm-fast" waiting="0.00" lane="left_0" pos="47.53" speed="29.52" angle="99.07" x="58.25" y="-4.74"/>
        <vehicle id="cfm-fast_1" eclass="HBEFA3/PC_G_EU4" CO2="211062.21" CO="4967.91" HC="27.95" NOx="98.24" PMx="5.79" fuel="90.73" electricity="0.00" noise="135.46" route="routebottom" type="cfm-fast" waiting="0.00" lane="right_1" pos="4.81" speed="62.05" angle="355.86" x="128.22" y="73.51"/>
        <vehicle id="cfm-fast_2" eclass="HBEFA3/PC_G_EU4" CO2="0.00" CO="0.00" HC="0.00" NOx="0.00" PMx="0.00" fuel="0.00" electricity="0.00" noise="72.33" route="routebottom" type="cfm-fast" waiting="0.00" lane="bottom_0" pos="19.04" speed="28.07" angle="60.16" x="102.31" y="6.98"/>
        <vehicle id="cfm-fast_3" eclass="HBEFA3/PC_G_EU4" CO2="0.00" CO="0.00" HC="0.00" NOx="0.00" PMx="0.00" fuel="0.00" electricity="0.00" noise="70.86" route="routebottom" type="cfm-fast" waiting="0.00" lane="bottom_0" pos="38.57" speed="27.06" angle="25.12" x="127.88" y="39.52"/>
        <vehicle id="cfm-fast_4" eclass="HBEFA3/PC_G_EU4" CO2="0.00" CO="0.00" HC="0.00" NOx="0.00" PMx="0.00" fuel="0.00" electricity="0.00" noise="69.55" route="routebottom" type="cfm-fast" waiting="0.00" lane="right_0" pos="6.96" speed="24.56" angle="351.89" x="130.61" y="78.60"/>
        <vehicle id="cfm-fast_5" eclass="HBEFA3/PC_G_EU4" CO2="248340.28" CO="5758.89" HC="32.48" NOx="115.82" PMx="6.77" fuel="106.75" electricity="0.00" noise="145.12" route="routetop" type="cfm-fast" waiting="0.00" lane="top_1" pos="19.75" speed="62.73" angle="238.90" x="25.69" y="116.78"/>
        <vehicle id="cfm-slow_0" eclass="HBEFA3/PC_G_EU4" CO2="10138.78" CO="132.55" HC="0.85" NOx="4.21" PMx="0.22" fuel="4.36" electricity="0.00" noise="72.19" route="routebottom" type="cfm-slow" waiting="0.00" lane="right_0" pos="23.75" speed="21.31" angle="321.72" x="114.03" y="110.23"/>
        <vehicle id="cfm-slow_1" eclass="HBEFA3/PC_G_EU4" CO2="14261.40" CO="217.92" HC="1.34" NOx="6.13" PMx="0.32" fuel="6.13" electricity="0.00" noise="74.71" route="routebottom" type="cfm-slow" waiting="0.00" lane="right_0" pos="40.44" speed="22.26" angle="291.75" x="84.01" y="129.18"/>
        <vehicle id="cfm-slow_2" eclass="HBEFA3/PC_G_EU4" CO2="18857.48" CO="315.07" HC="1.90" NOx="8.26" PMx="0.45" fuel="8.11" electricity="0.00" noise="77.55" route="routetop" type="cfm-slow" waiting="0.00" lane="top_0" pos="8.13" speed="23.85" angle="259.78" x="46.27" y="130.02"/>
        <vehicle id="cfm-slow_3" eclass="HBEFA3/PC_G_EU4" CO2="21090.79" CO="367.77" HC="2.20" NOx="9.27" PMx="0.51" fuel="9.07" electricity="0.00" noise="78.78" route="routetop" type="cfm-slow" waiting="0.00" lane="top_0" pos="27.47" speed="25.98" angle="225.06" x="11.55" y="108.27"/>
        <vehicle id="cfm-slow_4" eclass="HBEFA3/PC_G_EU4" CO2="17612.71" CO="306.68" HC="1.84" NOx="7.58" PMx="0.43" fuel="7.57" electricity="0.00" noise="77.14" route="routetop" type="cfm-slow" waiting="0.00" lane="top_0" pos="48.99" speed="28.12" angle="186.36" x="-4.90" y="65.93"/>
        <vehicle id="cfm-slow_5" eclass="HBEFA3/PC_G_EU4" CO2="9480.66" CO="147.64" HC="0.91" NOx="3.71" PMx="0.22" fuel="4.08" electricity="0.00" noise="74.53" route="routetop" type="cfm-slow" waiting="0.00" lane="left_0" pos="22.64" speed="29.43" angle="143.68" x="11.70" y="18.88"/>
    </timestep>
    <timestep time="4.61">
        <vehicle id="cfm-fast_0" eclass="HBEFA3/PC_G_EU4" CO2="0.00" CO="0.00" HC="0.00" NOx="0.00" PMx="0.00" fuel="0.00" electricity="0.00" noise="73.09" route="routetop" type="cfm-fast" waiting="0.00" lane="left_0" pos="47.82" speed="29.52" angle="98.50" x="58.89" y="-4.77"/>
        <vehicle id="cfm-fast_1" eclass="HBEFA3/PC_G_EU4" CO2="210218.42" CO="4954.45" HC="27.87" NOx="97.84" PMx="5.77" fuel="90.36" electricity="0.00" noise="135.17" route="routebottom" type="cfm-fast" waiting="0.00" lane="right_1" pos="5.43" speed="62.16" angle="354.75" x="128.02" y="74.77"/>
        <vehicle id="cfm-fast_2" eclass="HBEFA3/PC_G_EU4" CO2="0.00" CO="0.00" HC="0.00" NOx="0.00" PMx="0.00" fuel="0.00" electricity="0.00" noise="72.30" route="routebottom" type="cfm-fast" waiting="0.00" lane="bottom_0" pos="19.32" speed="28.06" angle="59.70" x="102.81" y="7.32"/>
        <vehicle id="cfm-fast_3" eclass="HBEFA3/PC_G_EU4" CO2="0.00" CO="0.00" HC="0.00" NOx="0.00" PMx="0.00" fuel="0.00" electricity="0.00" noise="70.85" route="routebottom" type="cfm-fast" waiting="0.00" lane="bottom_0" pos="38.84" speed="27.04" angle="24.63" x="128.08" y="40.06"/>
        <vehicle id="cfm-fast_4" eclass="HBEFA3/PC_G_EU4" CO2="0.00" CO="0.00" HC="0.00" NOx="0.00" PMx="0.00" fuel="0.00" electricity="0.00" noise="69.54" route="routebottom" type="cfm-fast" waiting="0.00" lane="right_0" pos="7.20" speed="24.54" angle="351.43" x="130.50" y="79.12"/>
        <vehicle id="cfm-fast_5" eclass="HBEFA3/PC_G_EU4" CO2="248941.74" CO="5776.02" HC="32.57" NOx="116.10" PMx="6.79" fuel="107.01" electricity="0.00" noise="145.18" route="routetop" type="cfm-fast" waiting="0.00" lane="top_1" pos="20.38" speed="62.86" angle="237.73" x="24.64" y="116.02"/>
        <vehicle id="cfm-slow_0" eclass="HBEFA3/PC_G_EU4" CO2="10163.55" CO="133.06" HC="0.86" NOx="4.22" PMx="0.22" fuel="4.37" electricity="0.00" noise="72.20" route="routebottom" type="cfm-slow" waiting="0.00" lane="right_0" pos="23.96" speed="21.32" angle="321.34" x="113.72" y="110.57"/>
        <vehicle id="cfm-slow_1" eclass="HBEFA3/PC_G_EU4" CO2="14290.75" CO="218.55" HC="1.35" NOx="6.14" PMx="0.33" fuel="6.14" electricity="0.00" noise="74.73" route="routebottom" type="cfm-slow" waiting="0.00" lane="right_0" pos="40.66" speed="22.28" angle="291.32" x="83.55" y="129.32"/>
        <vehicle id="cfm-slow_2" eclass="HBEFA3/PC_G_EU4" CO2="18866.65" CO="315.31" HC="1.90" NOx="8.26" PMx="0.45" fuel="8.11" electricity="0.00" noise="77.55" route="routetop" type="cfm-slow" waiting="0.00" lane="top_0" pos="8.37" speed="23.87" angle="259.35" x="45.78" y="129.89"/>
        <vehicle id="cfm-slow_3" eclass="HBEFA3/PC_G_EU4" CO2="21048.17" CO="366.99" HC="2.20" NOx="9.25" PMx="0.51" fuel="9.05" electricity="0.00" noise="78.76" route="routetop" type="cfm-slow" waiting="0.00" lane="top_0" pos="27.73" speed="26.01" angle="224.57" x="11.19" y="107.85"/>
        <vehicle id="cfm-slow_4" eclass="HBEFA3/PC_G_EU4" CO2="17520.70" CO="304.88" HC="1.83" NOx="7.53" PMx="0.43" fuel="7.53" electricity="0.00" noise="77.10" route="routetop" type="cfm-slow" waiting="0.00" lane="top_0" pos="49.27" speed="28.13" angle="185.84" x="-4.91" y="65.33"/>
        <vehicle id="cfm-slow_5" eclass="HBEFA3/PC_G_EU4" CO2="9389.74" CO="145.81" HC="0.90" NOx="3.67" PMx="0.22" fuel="4.04" electricity="0.00" noise="74.51" route="routetop" type="cfm-slow" waiting="0.00" lane="left_0" pos="22.93" speed="29.44" angle="143.13" x="12.11" y="18.39"/>
    </timestep>
    <timestep time="4.62">
        <vehicle id="cfm-fast_0" eclass="HBEFA3/PC_G_EU4" CO2="0.00" CO="0.00" HC="0.00" NOx="0.00" PMx="0.00" fuel="0.00" electricity="0.00" noise="73.07" route="routetop" type="cfm-fast" waiting="0.00" lane="left_0" pos="48.12" speed="29.52" angle="97.94" x="59.52" y="-4.81"/>
        <vehicle id="cfm-fast_1" eclass="HBEFA3/PC_G_EU4" CO2="209393.77" CO="4941.37" HC="27.79" NOx="97.45" PMx="5.75" fuel="90.01" electricity="0.00" noise="134.88" route="routebottom" type="cfm-fast" waiting="0.00" lane="right_1" pos="6.05" speed="62.27" angle="353.60" x="127.79" y="76.03"/>
        <vehicle id="cfm-fast_2" eclass="HBEFA3/PC_G_EU4" CO2="0.00" CO="0.00" HC="0.00" NOx="0.00" PMx="0.00" fuel="0.00" electricity="0.00" noise="72.28" route="routebottom" type="cfm-fast" waiting="0.00" lane="bottom_0" pos="19.60" speed="28.06" angle="59.18" x="103.30" y="7.67"/>
        <vehicle id="cfm-fast_3" eclass="HBEFA3/PC_G_EU4" CO2="0.00" CO="0.00" HC="0.00" NOx="0.00" PMx="0.00" fuel="0.00" electricity="0.00" noise="70.84" route="routebottom" type="cfm-fast" waiting="0.00" lane="bottom_0" pos="39.12" speed="27.02" angle="24.14" x="128.27" y="40.61"/>
        <vehicle id="cfm-fast_4" eclass="HBEFA3/PC_G_EU4" CO2="0.00" CO="0.00" HC="0.00" NOx="0.00" PMx="0.00" fuel="0.00" electricity="0.00" noise="69.54" route="routebottom" type="cfm-fast" waiting="0.00" lane="right_0" pos="7.45" speed="24.52" angle="350.97" x="130.38" y="79.63"/>
        <vehicle id="cfm-fast_5" eclass="HBEFA3/PC_G_EU4" CO2="249543.49" CO="5793.17" HC="32.67" NOx="116.38" PMx="6.80" fuel="107.27" electricity="0.00" noise="145.25" route="routetop" type="cfm-fast" waiting="0.00" lane="top_1" pos="21.01" speed="63.00" angle="236.65" x="23.62" y="115.24"/>
        <vehicle id="cfm-slow_0" eclass="HBEFA3/PC_G_EU4" CO2="10188.47" CO="133.57" HC="0.86" NOx="4.23" PMx="0.22" fuel="4.38" electricity="0.00" noise="72.22" route="routebottom" type="cfm-slow" waiting="0.00" lane="right_0" pos="24.18" speed="21.33" angle="320.95" x="113.41" y="110.90"/>
        <vehicle id="cfm-slow_1" eclass="HBEFA3/PC_G_EU4" CO2="14320.05" CO="219.17" HC="1.35" NOx="6.16" PMx="0.33" fuel="6.16" electricity="0.00" noise="74.75" route="routebottom" type="cfm-slow" waiting="0.00" lane="right_0" pos="40.89" speed="22.29" angle="290.90" x="83.10" y="129.46"/>
        <vehicle id="cfm-slow_2" eclass="HBEFA3/PC_G_EU4" CO2="18875.49" CO="315.55" HC="1.91" NOx="8.27" PMx="0.45" fuel="8.11" electricity="0.00" noise="77.56" route="routetop" type="cfm-slow" waiting="0.00" lane="top_0" pos="8.61" speed="23.89" angle="258.91" x="45.28" y="129.76"/>
        <vehicle id="cfm-slow_3" eclass="HBEFA3/PC_G_EU4" CO2="21005.20" CO="366.20" HC="2.19" NOx="9.23" PMx="0.51" fuel="9.03" electricity="0.00" noise="78.73" route="routetop" type="cfm-slow" waiting="0.00" lane="top_0" pos="27.99" speed="26.03" angle="224.08" x="10.83" y="107.42"/>
        <vehicle id="cfm-slow_4" eclass="HBEFA3/PC_G_EU4" CO2="17428.75" CO="303.09" HC="1.82" NOx="7.49" PMx="0.42" fuel="7.49" electricity="0.00" noise="77.06" route="routetop" type="cfm-slow" waiting="0.00" lane="top_0" pos="49.55" speed="28.15" angle="185.33" x="-4.93" y="64.72"/>
        <vehicle id="cfm-slow_5" eclass="HBEFA3/PC_G_EU4" CO2="9299.09" CO="143.97" HC="0.89" NOx="3.63" PMx="0.22" fuel="4.00" electricity="0.00" noise="74.49" route="routetop" type="cfm-slow" waiting="0.00" lane="left_0" pos="23.23" speed="29.44" angle="142.66" x="12.53" y="17.92"/>
    </timestep>
    <timestep time="4.63">
        <vehicle id="cfm-fast_0" eclass="HBEFA3/PC_G_EU4" CO2="0.00" CO="0.00" HC="0.00" NOx="0.00" PMx="0.00" fuel="0.00" electricity="0.00" noise="73.06" route="routetop" type="cfm-fast" waiting="0.00" lane="left_0" pos="48.41" speed="29.51" angle="97.37" x="60.15" y="-4.85"/>
        <vehicle id="cfm-fast_1" eclass="HBEFA3/PC_G_EU4" CO2="208588.17" CO="4928.67" HC="27.71" NOx="97.06" PMx="5.73" fuel="89.66" electricity="0.00" noise="134.60" route="routebottom" type="cfm-fast" waiting="0.00" lane="right_1" pos="6.68" speed="62.39" angle="352.48" x="127.53" y="77.28"/>
        <vehicle id="cfm-fast_2" eclass="HBEFA3/PC_G_EU4" CO2="0.00" CO="0.00" HC="0.00" NOx="0.00" PMx="0.00" fuel="0.00" electricity="0.00" noise="72.26" route="routebottom" type="cfm-fast" waiting="0.00" lane="bottom_0" pos="19.88" speed="28.05" angle="58.66" x="103.79" y="8.03"/>
        <vehicle id="cfm-fast_3" eclass="HBEFA3/PC_G_EU4" CO2="0.00" CO="0.00" HC="0.00" NOx="0.00" PMx="0.00" fuel="0.00" electricity="0.00" noise="70.82" route="routebottom" type="cfm-fast" waiting="0.00" lane="bottom_0" pos="39.39" speed="27.00" angle="23.66" x="128.47" y="41.16"/>
        <vehicle id="cfm-fast_4" eclass="HBEFA3/PC_G_EU4" CO2="0.00" CO="0.00" HC="0.00" NOx="0.00" PMx="0.00" fuel="0.00" electricity="0.00" noise="69.53" route="routebottom" type="cfm-fast" waiting="0.00" lane="right_0" pos="7.69" speed="24.50" angle="350.58" x="130.26" y="80.15"/>
        <vehicle id="cfm-fast_5" eclass="HBEFA3/PC_G_EU4" CO2="250145.53" CO="5810.34" HC="32.76" NOx="116.66" PMx="6.82" fuel="107.52" electricity="0.00" noise="145.31" route="routetop" type="cfm-fast" waiting="0.00" lane="top_1" pos="21.64" speed="63.14" angle="235.51" x="22.60" y="114.44"/>
        <vehicle id="cfm-slow_0" eclass="HBEFA3/PC_G_EU4" CO2="10213.56" CO="134.09" HC="0.86" NOx="4.24" PMx="0.22" fuel="4.39" electricity="0.00" noise="72.24" route="routebottom" type="cfm-slow" waiting="0.00" lane="right_0" pos="24.39" speed="21.34" angle="320.62" x="113.09" y="111.24"/>
        <vehicle id="cfm-slow_1" eclass="HBEFA3/PC_G_EU4" CO2="14349.29" CO="219.79" HC="1.36" NOx="6.17" PMx="0.33" fuel="6.17" electricity="0.00" noise="74.77" route="routebottom" type="cfm-slow" waiting="0.00" lane="right_0" pos="41.11" speed="22.31" angle="290.55" x="82.64" y="129.60"/>
        <vehicle id="cfm-slow_2" eclass="HBEFA3/PC_G_EU4" CO2="18883.99" CO="315.78" HC="1.91" NOx="8.27" PMx="0.45" fuel="8.12" electricity="0.00" noise="77.56" route="routetop" type="cfm-slow" waiting="0.00" lane="top_0" pos="8.85" speed="23.92" angle="258.49" x="44.78" y="129.62"/>
        <vehicle id="cfm-slow_3" eclass="HBEFA3/PC_G_EU4" CO2="20961.86" CO="365.41" HC="2.19" NOx="9.20" PMx="0.51" fuel="9.01" electricity="0.00" noise="78.71" route="routetop" type="cfm-slow" waiting="0.00" lane="top_0" pos="28.25" speed="26.05" angle="223.67" x="10.47" y="106.99"/>
        <vehicle id="cfm-slow_4" eclass="HBEFA3/PC_G_EU4" CO2="17336.89" CO="301.29" HC="1.81" NOx="7.45" PMx="0.42" fuel="7.45" electricity="0.00" noise="77.03" route="routetop" type="cfm-slow" waiting="0.00" lane="top_0" pos="49.83" speed="28.17" angle="184.82" x="-4.94" y="64.12"/>
        <vehicle id="cfm-slow_5" eclass="HBEFA3/PC_G_EU4" CO2="9208.71" CO="142.14" HC="0.88" NOx="3.58" PMx="0.21" fuel="3.96" electricity="0.00" noise="74.46" route="routetop" type="cfm-slow" waiting="0.00" lane="left_0" pos="23.52" speed="29.45" angle="142.13" x="12.96" y="17.45"/>
    </timestep>
    <timestep time="4.64">
        <vehicle id="cfm-fast_0" eclass="HBEFA3/PC_G_EU4" CO2="0.00" CO="0.00" HC="0.00" NOx="0.00" PMx="0.00" fuel="0.00" electricity="0.00" noise="73.05" route="routetop" type="cfm-fast" waiting="0.00" lane="left_0" pos="48.71" speed="29.51" angle="96.84" x="60.79" y="-4.88"/>
        <vehicle id="cfm-fast_1" eclass="HBEFA3/PC_G_EU4" CO2="207801.47" CO="4916.34" HC="27.63" NOx="96.69" PMx="5.71" fuel="89.32" electricity="0.00" noise="134.33" route="routebottom" type="cfm-fast" waiting="0.00" lane="right_1" pos="7.30" speed="62.50" angle="351.28" x="127.25" y="78.53"/>
        <vehicle id="cfm-fast_2" eclass="HBEFA3/PC_G_EU4" CO2="0.00" CO="0.00" HC="0.00" NOx="0.00" PMx="0.00" fuel="0.00" electricity="0.00" noise="72.24" route="routebottom" type="cfm-fast" waiting="0.00" lane="bottom_0" pos="20.16" speed="28.05" angle="58.14" x="104.28" y="8.38"/>
        <vehicle id="cfm-fast_3" eclass="HBEFA3/PC_G_EU4" CO2="0.00" CO="0.00" HC="0.00" NOx="0.00" PMx="0.00" fuel="0.00" electricity="0.00" noise="70.81" route="routebottom" type="cfm-fast" waiting="0.00" lane="bottom_0" pos="39.65" speed="26.98" angle="23.18" x="128.67" y="41.70"/>
        <vehicle id="cfm-fast_4" eclass="HBEFA3/PC_G_EU4" CO2="0.00" CO="0.00" HC="0.00" NOx="0.00" PMx="0.00" fuel="0.00" electricity="0.00" noise="69.53" route="routebottom" type="cfm-fast" waiting="0.00" lane="right_0" pos="7.94" speed="24.48" angle="350.13" x="130.13" y="80.66"/>
        <vehicle id="cfm-fast_5" eclass="HBEFA3/PC_G_EU4" CO2="250747.86" CO="5827.54" HC="32.85" NOx="116.95" PMx="6.84" fuel="107.78" electricity="0.00" noise="145.38" route="routetop" type="cfm-fast" waiting="0.00" lane="top_1" pos="22.28" speed="63.27" angle="234.38" x="21.60" y="113.61"/>
        <vehicle id="cfm-slow_0" eclass="HBEFA3/PC_G_EU4" CO2="10238.80" CO="134.61" HC="0.86" NOx="4.25" PMx="0.22" fuel="4.40" electricity="0.00" noise="72.25" route="routebottom" type="cfm-slow" waiting="0.00" lane="right_0" pos="24.60" speed="21.36" angle="320.22" x="112.77" y="111.56"/>
        <vehicle id="cfm-slow_1" eclass="HBEFA3/PC_G_EU4" CO2="14378.46" CO="220.41" HC="1.36" NOx="6.18" PMx="0.33" fuel="6.18" electricity="0.00" noise="74.79" route="routebottom" type="cfm-slow" waiting="0.00" lane="right_0" pos="41.33" speed="22.33" angle="290.14" x="82.17" y="129.72"/>
        <vehicle id="cfm-slow_2" eclass="HBEFA3/PC_G_EU4" CO2="18892.15" CO="316.00" HC="1.91" NOx="8.28" PMx="0.45" fuel="8.12" electricity="0.00" noise="77.56" route="routetop" type="cfm-slow" waiting="0.00" lane="top_0" pos="9.09" speed="23.94" angle="258.10" x="44.29" y="129.48"/>
        <vehicle id="cfm-slow_3" eclass="HBEFA3/PC_G_EU4" CO2="20918.16" CO="364.61" HC="2.18" NOx="9.18" PMx="0.51" fuel="8.99" electricity="0.00" noise="78.68" route="routetop" type="cfm-slow" waiting="0.00" lane="top_0" pos="28.51" speed="26.08" angle="223.20" x="10.12" y="106.55"/>
        <vehicle id="cfm-slow_4" eclass="HBEFA3/PC_G_EU4" CO2="17245.10" CO="299.50" HC="1.80" NOx="7.40" PMx="0.42" fuel="7.41" electricity="0.00" noise="76.99" route="routetop" type="cfm-slow" waiting="0.00" lane="left_0" pos="0.12" speed="28.18" angle="184.27" x="-4.94" y="63.32"/>
        <vehicle id="cfm-slow_5" eclass="HBEFA3/PC_G_EU4" CO2="9118.60" CO="140.32" HC="0.87" NOx="3.54" PMx="0.21" fuel="3.92" electricity="0.00" noise="74.44" route="routetop" type="cfm-slow" waiting="0.00" lane="left_0" pos="23.82" speed="29.45" angle="141.60" x="13.39" y="16.99"/>
    </timestep>
    <timestep time="4.65">
        <vehicle id="cfm-fast_0" eclass="HBEFA3/PC_G_EU4" CO2="0.00" CO="0.00" HC="0.00" NOx="0.00" PMx="0.00" fuel="0.00" electricity="0.00" noise="73.03" route="routetop" type="cfm-fast" waiting="0.00" lane="left_0" pos="49.00" speed="29.50" angle="96.33" x="61.42" y="-4.90"/>
        <vehicle id="cfm-fast_1" eclass="HBEFA3/PC_G_EU4" CO2="207033.56" CO="4904.38" HC="27.56" NOx="96.33" PMx="5.69" fuel="88.99" electricity="0.00" noise="134.06" route="routebottom" type="cfm-fast" waiting="0.00" lane="right_1" pos="7.93" speed="62.61" angle="350.18" x="126.94" y="79.78"/>
        <vehicle id="cfm-fast_2" eclass="HBEFA3/PC_G_EU4" CO2="0.00" CO="0.00" HC="0.00" NOx="0.00" PMx="0.00" fuel="0.00" electricity="0.00" noise="72.22" route="routebottom" type="cfm-fast" waiting="0.00" lane="bottom_0" pos="20.44" speed="28.04" angle="57.66" x="104.77" y="8.73"/>
        <vehicle id="cfm-fast_3" eclass="HBEFA3/PC_G_EU4" CO2="0.00" CO="0.00" HC="0.00" NOx="0.00" PMx="0.00" fuel="0.00" electricity="0.00" noise="70.80" route="routebottom" type="cfm-fast" waiting="0.00" lane="bottom_0" pos="39.92" speed="26.96" angle="22.73" x="128.85" y="42.25"/>
        <vehicle id="cfm-fast_4" eclass="HBEFA3/PC_G_EU4" CO2="0.00" CO="0.00" HC="0.00" NOx="0.00" PMx="0.00" fuel="0.00" electricity="0.00" noise="69.52" route="routebottom" type="cfm-fast" waiting="0.00" lane="right_0" pos="8.18" speed="24.47" angle="349.68" x="129.99" y="81.16"/>
        <vehicle id="cfm-fast_5" eclass="HBEFA3/PC_G_EU4" CO2="251350.48" CO="5844.75" HC="32.95" NOx="117.23" PMx="6.86" fuel="108.04" electricity="0.00" noise="145.45" route="routetop" type="cfm-fast" waiting="0.00" lane="top_1" pos="22.91" speed="63.41" angle="233.19" x="20.61" y="112.77"/>
        <vehicle id="cfm-slow_0" eclass="HBEFA3/PC_G_EU4" CO2="10264.20" CO="135.14" HC="0.87" NOx="4.26" PMx="0.22" fuel="4.41" electricity="0.00" noise="72.27" route="routebottom" type="cfm-slow" waiting="0.00" lane="right_0" pos="24.82" speed="21.37" angle="319.82" x="112.44" y="111.89"/>
        <vehicle id="cfm-slow_1" eclass="HBEFA3/PC_G_EU4" CO2="14407.57" CO="221.02" HC="1.36" NOx="6.20" PMx="0.33" fuel="6.19" electricity="0.00" noise="74.81" route="routebottom" type="cfm-slow" waiting="0.00" lane="right_0" pos="41.56" speed="22.35" angle="289.74" x="81.71" y="129.85"/>
        <vehicle id="cfm-slow_2" eclass="HBEFA3/PC_G_EU4" CO2="18899.96" CO="316.22" HC="1.91" NOx="8.28" PMx="0.45" fuel="8.12" electricity="0.00" noise="77.57" route="routetop" type="cfm-slow" waiting="0.00" lane="top_0" pos="9.33" speed="23.97" angle="257.66" x="43.80" y="129.33"/>
        <vehicle id="cfm-slow_3" eclass="HBEFA3/PC_G_EU4" CO2="20874.11" CO="363.80" HC="2.18" NOx="9.16" PMx="0.51" fuel="8.97" electricity="0.00" noise="78.66" route="routetop" type="cfm-slow" waiting="0.00" lane="top_0" pos="28.77" speed="26.10" angle="222.72" x="9.77" y="106.11"/>
        <vehicle id="cfm-slow_4" eclass="HBEFA3/PC_G_EU4" CO2="17153.39" CO="297.71" HC="1.79" NOx="7.36" PMx="0.42" fuel="7.37" electricity="0.00" noise="76.95" route="routetop" type="cfm-slow" waiting="0.00" lane="left_0" pos="0.40" speed="28.20" angle="183.76" x="-4.93" y="62.71"/>
        <vehicle id="cfm-slow_5" eclass="HBEFA3/PC_G_EU4" CO2="9028.75" CO="138.50" HC="0.86" NOx="3.50" PMx="0.21" fuel="3.88" electricity="0.00" noise="74.42" route="routetop" type="cfm-slow" waiting="0.00" lane="left_0" pos="24.11" speed="29.46" angle="141.07" x="13.82" y="16.52"/>
    </timestep>
    <timestep time="4.66">
        <vehicle id="cfm-fast_0" eclass="HBEFA3/PC_G_EU4" CO2="0.00" CO="0.00" HC="0.00" NOx="0.00" PMx="0.00" fuel="0.00" electricity="0.00" noise="73.02" route="routetop" type="cfm-fast" waiting="0.00" lane="left_0" pos="49.30" speed="29.50" angle="95.79" x="62.06" y="-4.92"/>
        <vehicle id="cfm-fast_1" eclass="HBEFA3/PC_G_EU4" CO2="206284.31" CO="4892.79" HC="27.49" NOx="95.97" PMx="5.67" fuel="88.67" electricity="0.00" noise="133.80" route="routebottom" type="cfm-fast" waiting="0.00" lane="right_1" pos="8.55" speed="62.72" angle="349.06" x="126.61" y="81.02"/>
        <vehicle id="cfm-fast_2" eclass="HBEFA3/PC_G_EU4" CO2="0.00" CO="0.00" HC="0.00" NOx="0.00" PMx="0.00" fuel="0.00" electricity="0.00" noise="72.20" route="routebottom" type="cfm-fast" waiting="0.00" lane="bottom_0" pos="20.72" speed="28.03" angle="57.18" x="105.25" y="9.10"/>
        <vehicle id="cfm-fast_3" eclass="HBEFA3/PC_G_EU4" CO2="0.00" CO="0.00" HC="0.00" NOx="0.00" PMx="0.00" fuel="0.00" electricity="0.00" noise="70.79" route="routebottom" type="cfm-fast" waiting="0.00" lane="bottom_0" pos="40.19" speed="26.94" angle="22.21" x="129.02" y="42.81"/>
        <vehicle id="cfm-fast_4" eclass="HBEFA3/PC_G_EU4" CO2="0.00" CO="0.00" HC="0.00" NOx="0.00" PMx="0.00" fuel="0.00" electricity="0.00" noise="69.52" route="routebottom" type="cfm-fast" waiting="0.00" lane="right_0" pos="8.43" speed="24.45" angle="349.24" x="129.86" y="81.67"/>
        <vehicle id="cfm-fast_5" eclass="HBEFA3/PC_G_EU4" CO2="251953.40" CO="5861.99" HC="33.04" NOx="117.51" PMx="6.88" fuel="108.30" electricity="0.00" noise="145.51" route="routetop" type="cfm-fast" waiting="0.00" lane="top_1" pos="23.55" speed="63.55" angle="232.10" x="19.64" y="111.89"/>
        <vehicle id="cfm-slow_0" eclass="HBEFA3/PC_G_EU4" CO2="10289.76" CO="135.67" HC="0.87" NOx="4.28" PMx="0.22" fuel="4.42" electricity="0.00" noise="72.29" route="routebottom" type="cfm-slow" waiting="0.00" lane="right_0" pos="25.03" speed="21.38" angle="319.43" x="112.12" y="112.21"/>
        <vehicle id="cfm-slow_1" eclass="HBEFA3/PC_G_EU4" CO2="14436.62" CO="221.64" HC="1.37" NOx="6.21" PMx="0.33" fuel="6.21" electricity="0.00" noise="74.83" route="routebottom" type="cfm-slow" waiting="0.00" lane="right_0" pos="41.78" speed="22.37" angle="289.33" x="81.24" y="129.97"/>
        <vehicle id="cfm-slow_2" eclass="HBEFA3/PC_G_EU4" CO2="18907.43" CO="316.43" HC="1.91" NOx="8.28" PMx="0.45" fuel="8.13" electricity="0.00" noise="77.57" route="routetop" type="cfm-slow" waiting="0.00" lane="top_0" pos="9.57" speed="23.99" angle="257.23" x="43.30" y="129.17"/>
        <vehicle id="cfm-slow_3" eclass="HBEFA3/PC_G_EU4" CO2="20829.71" CO="362.98" HC="2.17" NOx="9.14" PMx="0.51" fuel="8.95" electricity="0.00" noise="78.63" route="routetop" type="cfm-slow" waiting="0.00" lane="top_0" pos="29.03" speed="26.13" angle="222.24" x="9.43" y="105.67"/>
        <vehicle id="cfm-slow_4" eclass="HBEFA3/PC_G_EU4" CO2="17061.75" CO="295.92" HC="1.78" NOx="7.32" PMx="0.41" fuel="7.33" electricity="0.00" noise="76.91" route="routetop" type="cfm-slow" waiting="0.00" lane="left_0" pos="0.68" speed="28.22" angle="183.25" x="-4.92" y="62.11"/>
        <vehicle id="cfm-slow_5" eclass="HBEFA3/PC_G_EU4" CO2="8939.16" CO="136.69" HC="0.85" NOx="3.46" PMx="0.21" fuel="3.84" electricity="0.00" noise="74.40" route="routetop" type="cfm-slow" waiting="0.00" lane="left_0" pos="24.41" speed="29.46" angle="140.59" x="14.25" y="16.06"/>
    </timestep>
    <timestep time="4.67">
        <vehicle id="cfm-fast_0" eclass="HBEFA3/PC_G_EU4" CO2="0.00" CO="0.00" HC="0.00" NOx="0.00" PMx="0.00" fuel="0.00" electricity="0.00" noise="73.01" route="routetop" type="cfm-fast" waiting="0.00" lane="left_0" pos="49.59" speed="29.49" angle="95.25" x="62.69" y="-4.93"/>
        <vehicle id="cfm-fast_1" eclass="HBEFA3/PC_G_EU4" CO2="205553.60" CO="4881.57" HC="27.42" NOx="95.63" PMx="5.65" fuel="88.36" electricity="0.00" noise="133.55" route="routebottom" type="cfm-fast" waiting="0.00" lane="right_1" pos="9.18" speed="62.83" angle="347.99" x="126.27" y="82.26"/>
        <vehicle id="cfm-fast_2" eclass="HBEFA3/PC_G_EU4" CO2="0.00" CO="0.00" HC="0.00" NOx="0.00" PMx="0.00" fuel="0.00" electricity="0.00" noise="72.17" route="routebottom" type="cfm-fast" waiting="0.00" lane="bottom_0" pos="21.00" speed="28.03" angle="56.67" x="105.72" y="9.47"/>
        <vehicle id="cfm-fast_3" eclass="HBEFA3/PC_G_EU4" CO2="0.00" CO="0.00" HC="0.00" NOx="0.00" PMx="0.00" fuel="0.00" electricity="0.00" noise="70.78" route="routebottom" type="cfm-fast" waiting="0.00" lane="bottom_0" pos="40.46" speed="26.92" angle="21.70" x="129.19" y="43.36"/>
        <vehicle id="cfm-fast_4" eclass="HBEFA3/PC_G_EU4" CO2="0.00" CO="0.00" HC="0.00" NOx="0.00" PMx="0.00" fuel="0.00" electricity="0.00" noise="69.52" route="routebottom" type="cfm-fast" waiting="0.00" lane="right_0" pos="8.67" speed="24.43" angle="348.79" x="129.72" y="82.18"/>
        <vehicle id="cfm-fast_5" eclass="HBEFA3/PC_G_EU4" CO2="252556.61" CO="5879.24" HC="33.14" NOx="117.79" PMx="6.89" fuel="108.56" electricity="0.00" noise="145.58" route="routetop" type="cfm-fast" waiting="0.00" lane="top_1" pos="24.18" speed="63.68" angle="230.93" x="18.69" y="111.01"/>
        <vehicle id="cfm-slow_0" eclass="HBEFA3/PC_G_EU4" CO2="10315.46" CO="136.20" HC="0.87" NOx="4.29" PMx="0.22" fuel="4.43" electricity="0.00" noise="72.30" route="routebottom" type="cfm-slow" waiting="0.00" lane="right_0" pos="25.25" speed="21.39" angle="319.03" x="111.79" y="112.54"/>
        <vehicle id="cfm-slow_1" eclass="HBEFA3/PC_G_EU4" CO2="14465.59" CO="222.25" HC="1.37" NOx="6.22" PMx="0.33" fuel="6.22" electricity="0.00" noise="74.85" route="routebottom" type="cfm-slow" waiting="0.00" lane="right_0" pos="42.00" speed="22.39" angle="288.93" x="80.78" y="130.10"/>
        <vehicle id="cfm-slow_2" eclass="HBEFA3/PC_G_EU4" CO2="18914.56" CO="316.63" HC="1.91" NOx="8.28" PMx="0.45" fuel="8.13" electricity="0.00" noise="77.58" route="routetop" type="cfm-slow" waiting="0.00" lane="top_0" pos="9.81" speed="24.01" angle="256.79" x="42.81" y="129.02"/>
        <vehicle id="cfm-slow_3" eclass="HBEFA3/PC_G_EU4" CO2="20784.96" CO="362.16" HC="2.17" NOx="9.12" PMx="0.50" fuel="8.93" electricity="0.00" noise="78.61" route="routetop" type="cfm-slow" waiting="0.00" lane="top_0" pos="29.29" speed="26.15" angle="221.77" x="9.08" y="105.22"/>
        <vehicle id="cfm-slow_4" eclass="HBEFA3/PC_G_EU4" CO2="16970.20" CO="294.13" HC="1.76" NOx="7.27" PMx="0.41" fuel="7.29" electricity="0.00" noise="76.87" route="routetop" type="cfm-slow" waiting="0.00" lane="left_0" pos="0.96" speed="28.23" angle="182.73" x="-4.90" y="61.50"/>
        <vehicle id="cfm-slow_5" eclass="HBEFA3/PC_G_EU4" CO2="8849.83" CO="134.88" HC="0.84" NOx="3.41" PMx="0.20" fuel="3.80" electricity="0.00" noise="74.38" route="routetop" type="cfm-slow" waiting="0.00" lane="left_0" pos="24.70" speed="29.47" angle="140.05" x="14.70" y="15.61"/>
    </timestep>
    <timestep time="4.68">
        <vehicle id="cfm-fast_0" eclass="HBEFA3/PC_G_EU4" CO2="0.00" CO="0.00" HC="0.00" NOx="0.00" PMx="0.00" fuel="0.00" electricity="0.00" noise="73.00" route="routetop" type="cfm-fast" waiting="0.00" lane="left_0" pos="49.89" speed="29.49" angle="94.71" x="63.33" y="-4.94"/>
        <vehicle id="cfm-fast_1" eclass="HBEFA3/PC_G_EU4" CO2="204841.28" CO="4870.72" HC="27.36" NOx="95.29" PMx="5.64" fuel="88.05" electricity="0.00" noise="133.30" route="routebottom" type="cfm-fast" waiting="0.00" lane="right_1" pos="9.81" speed="62.94" angle="346.84" x="125.89" y="83.49"/>
        <vehicle id="cfm-fast_2" eclass="HBEFA3/PC_G_EU4" CO2="0.00" CO="0.00" HC="0.00" NOx="0.00" PMx="0.00" fuel="0.00" electricity="0.00" noise="72.15" route="routebottom" type="cfm-fast" waiting="0.00" lane="bottom_0" pos="21.28" speed="28.02" angle="56.16" x="106.20" y="9.84"/>
        <vehicle id="cfm-fast_3" eclass="HBEFA3/PC_G_EU4" CO2="0.00" CO="0.00" HC="0.00" NOx="0.00" PMx="0.00" fuel="0.00" electricity="0.00" noise="70.77" route="routebottom" type="cfm-fast" waiting="0.00" lane="bottom_0" pos="40.73" speed="26.90" angle="21.18" x="129.36" y="43.91"/>
        <vehicle id="cfm-fast_4" eclass="HBEFA3/PC_G_EU4" CO2="0.00" CO="0.00" HC="0.00" NOx="0.00" PMx="0.00" fuel="0.00" electricity="0.00" noise="69.51" route="routebottom" type="cfm-fast" waiting="0.00" lane="right_0" pos="8.91" speed="24.41" angle="348.39" x="129.58" y="82.69"/>
        <vehicle id="cfm-fast_5" eclass="HBEFA3/PC_G_EU4" CO2="253160.11" CO="5896.52" HC="33.23" NOx="118.08" PMx="6.91" fuel="108.82" electricity="0.00" noise="145.64" route="routetop" type="cfm-fast" waiting="0.00" lane="top_1" pos="24.82" speed="63.82" angle="229.84" x="17.75" y="110.09"/>
        <vehicle id="cfm-slow_0" eclass="HBEFA3/PC_G_EU4" CO2="10341.31" CO="136.73" HC="0.88" NOx="4.30" PMx="0.22" fuel="4.45" electricity="0.00" noise="72.32" route="routebottom" type="cfm-slow" waiting="0.00" lane="right_0" pos="25.46" speed="21.41" angle="318.63" x="111.46" y="112.87"/>
        <vehicle id="cfm-slow_1" eclass="HBEFA3/PC_G_EU4" CO2="14494.49" CO="222.87" HC="1.37" NOx="6.24" PMx="0.33" fuel="6.23" electricity="0.00" noise="74.87" route="routebottom" type="cfm-slow" waiting="0.00" lane="right_0" pos="42.23" speed="22.40" angle="288.53" x="80.31" y="130.22"/>
        <vehicle id="cfm-slow_2" eclass="HBEFA3/PC_G_EU4" CO2="18921.34" CO="316.83" HC="1.91" NOx="8.29" PMx="0.45" fuel="8.13" electricity="0.00" noise="77.58" route="routetop" type="cfm-slow" waiting="0.00" lane="top_0" pos="10.05" speed="24.04" angle="256.36" x="42.31" y="128.87"/>
        <vehicle id="cfm-slow_3" eclass="HBEFA3/PC_G_EU4" CO2="20739.86" CO="361.33" HC="2.16" NOx="9.10" PMx="0.50" fuel="8.92" electricity="0.00" noise="78.58" route="routetop" type="cfm-slow" waiting="0.00" lane="top_0" pos="29.56" speed="26.17" angle="221.35" x="8.74" y="104.78"/>
        <vehicle id="cfm-slow_4" eclass="HBEFA3/PC_G_EU4" CO2="16878.73" CO="292.34" HC="1.75" NOx="7.23" PMx="0.41" fuel="7.26" electricity="0.00" noise="76.84" route="routetop" type="cfm-slow" waiting="0.00" lane="left_0" pos="1.25" speed="28.25" angle="182.24" x="-4.89" y="60.89"/>
        <vehicle id="cfm-slow_5" eclass="HBEFA3/PC_G_EU4" CO2="8760.76" CO="133.07" HC="0.83" NOx="3.37" PMx="0.20" fuel="3.77" electricity="0.00" noise="74.35" route="routetop" type="cfm-slow" waiting="0.00" lane="left_0" pos="25.00" speed="29.47" angle="139.51" x="15.15" y="15.16"/>
    </timestep>
    <timestep time="4.69">
        <vehicle id="cfm-fast_0" eclass="HBEFA3/PC_G_EU4" CO2="0.00" CO="0.00" HC="0.00" NOx="0.00" PMx="0.00" fuel="0.00" electricity="0.00" noise="72.98" route="routebottom" type="cfm-fast" waiting="0.00" lane="bottom_0" pos="0.18" speed="29.48" angle="94.14" x="64.15" y="-4.94"/>
        <vehicle id="cfm-fast_1" eclass="HBEFA3/PC_G_EU4" CO2="204147.24" CO="4860.23" HC="27.29" NOx="94.96" PMx="5.62" fuel="87.75" electricity="0.00" noise="133.06" route="routebottom" type="cfm-fast" waiting="0.00" lane="right_1" pos="10.44" speed="63.05" angle="345.72" x="125.48" y="84.72"/>
        <vehicle id="cfm-fast_2" eclass="HBEFA3/PC_G_EU4" CO2="0.00" CO="0.00" HC="0.00" NOx="0.00" PMx="0.00" fuel="0.00" electricity="0.00" noise="72.13" route="routebottom" type="cfm-fast" waiting="0.00" lane="bottom_0" pos="21.56" speed="28.02" angle="55.65" x="106.67" y="10.21"/>
        <vehicle id="cfm-fast_3" eclass="HBEFA3/PC_G_EU4" CO2="0.00" CO="0.00" HC="0.00" NOx="0.00" PMx="0.00" fuel="0.00" electricity="0.00" noise="70.76" route="routebottom" type="cfm-fast" waiting="0.00" lane="bottom_0" pos="41.00" speed="26.88" angle="20.72" x="129.53" y="44.47"/>
        <vehicle id="cfm-fast_4" eclass="HBEFA3/PC_G_EU4" CO2="0.00" CO="0.00" HC="0.00" NOx="0.00" PMx="0.00" fuel="0.00" electricity="0.00" noise="69.51" route="routebottom" type="cfm-fast" waiting="0.00" lane="right_0" pos="9.16" speed="24.40" angle="347.96" x="129.43" y="83.19"/>
        <vehicle id="cfm-fast_5" eclass="HBEFA3/PC_G_EU4" CO2="253763.90" CO="5913.82" HC="33.32" NOx="118.36" PMx="6.93" fuel="109.08" electricity="0.00" noise="145.71" route="routetop" type="cfm-fast" waiting="0.00" lane="top_1" pos="25.46" speed="63.95" angle="228.69" x="16.82" y="109.17"/>
        <vehicle id="cfm-slow_0" eclass="HBEFA3/PC_G_EU4" CO2="10367.30" CO="137.27" HC="0.88" NOx="4.31" PMx="0.22" fuel="4.46" electricity="0.00" noise="72.34" route="routebottom" type="cfm-slow" waiting="0.00" lane="right_0" pos="25.67" speed="21.42" angle="318.30" x="111.14" y="113.19"/>
        <vehicle id="cfm-slow_1" eclass="HBEFA3/PC_G_EU4" CO2="14523.30" CO="223.48" HC="1.38" NOx="6.25" PMx="0.33" fuel="6.24" electricity="0.00" noise="74.89" route="routebottom" type="cfm-slow" waiting="0.00" lane="right_0" pos="42.45" speed="22.42" angle="288.17" x="79.84" y="130.34"/>
        <vehicle id="cfm-slow_2" eclass="HBEFA3/PC_G_EU4" CO2="18927.78" CO="317.02" HC="1.91" NOx="8.29" PMx="0.45" fuel="8.14" electricity="0.00" noise="77.58" route="routetop" type="cfm-slow" waiting="0.00" lane="top_0" pos="10.29" speed="24.06" angle="255.98" x="41.82" y="128.71"/>
        <vehicle id="cfm-slow_3" eclass="HBEFA3/PC_G_EU4" CO2="20694.41" CO="360.49" HC="2.16" NOx="9.07" PMx="0.50" fuel="8.90" electricity="0.00" noise="78.55" route="routetop" type="cfm-slow" waiting="0.00" lane="top_0" pos="29.82" speed="26.20" angle="220.86" x="8.41" y="104.32"/>
        <vehicle id="cfm-slow_4" eclass="HBEFA3/PC_G_EU4" CO2="16787.35" CO="290.55" HC="1.74" NOx="7.19" PMx="0.41" fuel="7.22" electricity="0.00" noise="76.80" route="routetop" type="cfm-slow" waiting="0.00" lane="left_0" pos="1.53" speed="28.26" angle="181.73" x="-4.85" y="60.28"/>
        <vehicle id="cfm-slow_5" eclass="HBEFA3/PC_G_EU4" CO2="8671.94" CO="131.27" HC="0.82" NOx="3.33" PMx="0.20" fuel="3.73" electricity="0.00" noise="74.33" route="routetop" type="cfm-slow" waiting="0.00" lane="left_0" pos="25.29" speed="29.47" angle="138.97" x="15.60" y="14.71"/>
    </timestep>
    <timestep time="4.70">
        <vehicle id="cfm-fast_0" eclass="HBEFA3/PC_G_EU4" CO2="0.00" CO="0.00" HC="0.00" NOx="0.00" PMx="0.00" fuel="0.00" electricity="0.00" noise="72.97" route="routebottom" type="cfm-fast" waiting="0.00" lane="bottom_0" pos="0.48" speed="29.48" angle="93.61" x="64.78" y="-4.93"/>
        <vehicle id="cfm-fast_1" eclass="HBEFA3/PC_G_EU4" CO2="203471.33" CO="4850.10" HC="27.23" NOx="94.64" PMx="5.60" fuel="87.46" electricity="0.00" noise="132.83" route="routebottom" type="cfm-fast" waiting="0.00" lane="right_1" pos="11.07" speed="63.16" angle="344.50" x="125.04" y="85.94"/>
        <vehicle id="cfm-fast_2" eclass="HBEFA3/PC_G_EU4" CO2="0.00" CO="0.00" HC="0.00" NOx="0.00" PMx="0.00" fuel="0.00" electricity="0.00" noise="72.11" route="routebottom" type="cfm-fast" waiting="0.00" lane="bottom_0" pos="21.84" speed="28.01" angle="55.20" x="107.14" y="10.59"/>
        <vehicle id="cfm-fast_3" eclass="HBEFA3/PC_G_EU4" CO2="0.00" CO="0.00" HC="0.00" NOx="0.00" PMx="0.00" fuel="0.00" electricity="0.00" noise="70.75" route="routebottom" type="cfm-fast" waiting="0.00" lane="bottom_0" pos="41.27" speed="26.86" angle="20.25" x="129.69" y="45.02"/>
        <vehicle id="cfm-fast_4" eclass="HBEFA3/PC_G_EU4" CO2="0.00" CO="0.00" HC="0.00" NOx="0.00" PMx="0.00" fuel="0.00" electricity="0.00" noise="69.51" route="routebottom" type="cfm-fast" waiting="0.00" lane="right_0" pos="9.40" speed="24.38" angle="347.52" x="129.28" y="83.69"/>
        <vehicle id="cfm-fast_5" eclass="HBEFA3/PC_G_EU4" CO2="254367.99" CO="5931.15" HC="33.42" NOx="118.64" PMx="6.95" fuel="109.34" electricity="0.00" noise="145.77" route="routetop" type="cfm-fast" waiting="0.00" lane="top_1" pos="26.10" speed="64.09" angle="227.57" x="15.92" y="108.21"/>
        <vehicle id="cfm-slow_0" eclass="HBEFA3/PC_G_EU4" CO2="10393.43" CO="137.81" HC="0.88" NOx="4.32" PMx="0.22" fuel="4.47" electricity="0.00" noise="72.35" route="routebottom" type="cfm-slow" waiting="0.00" lane="right_0" pos="25.89" speed="21.43" angle="317.91" x="110.80" y="113.50"/>
        <vehicle id="cfm-slow_1" eclass="HBEFA3/PC_G_EU4" CO2="14552.04" CO="224.09" HC="1.38" NOx="6.26" PMx="0.33" fuel="6.26" electricity="0.00" noise="74.90" route="routebottom" type="cfm-slow" waiting="0.00" lane="right_0" pos="42.68" speed="22.44" angle="287.76" x="79.37" y="130.44"/>
        <vehicle id="cfm-slow_2" eclass="HBEFA3/PC_G_EU4" CO2="18933.86" CO="317.20" HC="1.91" NOx="8.29" PMx="0.45" fuel="8.14" electricity="0.00" noise="77.58" route="routetop" type="cfm-slow" waiting="0.00" lane="top_0" pos="10.53" speed="24.08" angle="255.52" x="41.33" y="128.53"/>
        <vehicle id="cfm-slow_3" eclass="HBEFA3/PC_G_EU4" CO2="20648.63" CO="359.65" HC="2.15" NOx="9.05" PMx="0.50" fuel="8.88" electricity="0.00" noise="78.53" route="routetop" type="cfm-slow" waiting="0.00" lane="top_0" pos="30.08" speed="26.22" angle="220.37" x="8.08" y="103.86"/>
        <vehicle id="cfm-slow_4" eclass="HBEFA3/PC_G_EU4" CO2="16696.05" CO="288.76" HC="1.73" NOx="7.14" PMx="0.40" fuel="7.18" electricity="0.00" noise="76.76" route="routetop" type="cfm-slow" waiting="0.00" lane="left_0" pos="1.81" speed="28.28" angle="181.23" x="-4.82" y="59.68"/>
        <vehicle id="cfm-slow_5" eclass="HBEFA3/PC_G_EU4" CO2="8583.37" CO="129.47" HC="0.81" NOx="3.29" PMx="0.20" fuel="3.69" electricity="0.00" noise="74.31" route="routetop" type="cfm-slow" waiting="0.00" lane="left_0" pos="25.59" speed="29.48" angle="138.47" x="16.05" y="14.26"/>
    </timestep>
    <timestep time="4.71">
        <vehicle id="cfm-fast_0" eclass="HBEFA3/PC_G_EU4" CO2="0.00" CO="0.00" HC="0.00" NOx="0.00" PMx="0.00" fuel="0.00" electricity="0.00" noise="72.96" route="routebottom" type="cfm-fast" waiting="0.00" lane="bottom_0" pos="0.77" speed="29.47" angle="93.08" x="65.42" y="-4.91"/>
        <vehicle id="cfm-fast_1" eclass="HBEFA3/PC_G_EU4" CO2="202813.42" CO="4840.32" HC="27.17" NOx="94.33" PMx="5.59" fuel="87.18" electricity="0.00" noise="132.60" route="routebottom" type="cfm-fast" waiting="0.00" lane="right_1" pos="11.71" speed="63.26" angle="343.37" x="124.59" y="87.15"/>
        <vehicle id="cfm-fast_2" eclass="HBEFA3/PC_G_EU4" CO2="0.00" CO="0.00" HC="0.00" NOx="0.00" PMx="0.00" fuel="0.00" electricity="0.00" noise="72.09" route="routebottom" type="cfm-fast" waiting="0.00" lane="bottom_0" pos="22.12" speed="28.00" angle="54.67" x="107.60" y="10.98"/>
        <vehicle id="cfm-fast_3" eclass="HBEFA3/PC_G_EU4" CO2="0.00" CO="0.00" HC="0.00" NOx="0.00" PMx="0.00" fuel="0.00" electricity="0.00" noise="70.74" route="routebottom" type="cfm-fast" waiting="0.00" lane="bottom_0" pos="41.54" speed="26.84" angle="19.76" x="129.84" y="45.58"/>
        <vehicle id="cfm-fast_4" eclass="HBEFA3/PC_G_EU4" CO2="0.00" CO="0.00" HC="0.00" NOx="0.00" PMx="0.00" fuel="0.00" electricity="0.00" noise="69.50" route="routebottom" type="cfm-fast" waiting="0.00" lane="right_0" pos="9.65" speed="24.36" angle="347.08" x="129.12" y="84.19"/>
        <vehicle id="cfm-fast_5" eclass="HBEFA3/PC_G_EU4" CO2="254972.36" CO="5948.49" HC="33.51" NOx="118.92" PMx="6.96" fuel="109.60" electricity="0.00" noise="145.84" route="routetop" type="cfm-fast" waiting="0.00" lane="top_1" pos="26.74" speed="64.23" angle="226.37" x="15.02" y="107.24"/>
        <vehicle id="cfm-slow_0" eclass="HBEFA3/PC_G_EU4" CO2="10419.70" CO="138.36" HC="0.89" NOx="4.33" PMx="0.22" fuel="4.48" electricity="0.00" noise="72.37" route="routebottom" type="cfm-slow" waiting="0.00" lane="right_0" pos="26.10" speed="21.44" angle="317.52" x="110.46" y="113.82"/>
        <vehicle id="cfm-slow_1" eclass="HBEFA3/PC_G_EU4" CO2="14580.69" CO="224.70" HC="1.38" NOx="6.27" PMx="0.33" fuel="6.27" electricity="0.00" noise="74.92" route="routebottom" type="cfm-slow" waiting="0.00" lane="right_0" pos="42.90" speed="22.46" angle="287.35" x="78.90" y="130.55"/>
        <vehicle id="cfm-slow_2" eclass="HBEFA3/PC_G_EU4" CO2="18939.60" CO="317.38" HC="1.92" NOx="8.29" PMx="0.45" fuel="8.14" electricity="0.00" noise="77.59" route="routetop" type="cfm-slow" waiting="0.00" lane="top_0" pos="10.77" speed="24.11" angle="255.07" x="40.85" y="128.36"/>
        <vehicle id="cfm-slow_3" eclass="HBEFA3/PC_G_EU4" CO2="20602.50" CO="358.80" HC="2.15" NOx="9.03" PMx="0.50" fuel="8.86" electricity="0.00" noise="78.50" route="routetop" type="cfm-slow" waiting="0.00" lane="top_0" pos="30.34" speed="26.24" angle="219.88" x="7.75" y="103.40"/>
        <vehicle id="cfm-slow_4" eclass="HBEFA3/PC_G_EU4" CO2="16604.83" CO="286.97" HC="1.72" NOx="7.10" PMx="0.40" fuel="7.14" electricity="0.00" noise="76.73" route="routetop" type="cfm-slow" waiting="0.00" lane="left_0" pos="2.09" speed="28.29" angle="180.72" x="-4.78" y="59.07"/>
        <vehicle id="cfm-slow_5" eclass="HBEFA3/PC_G_EU4" CO2="8495.04" CO="127.68" HC="0.80" NOx="3.25" PMx="0.19" fuel="3.65" electricity="0.00" noise="74.29" route="routetop" type="cfm-slow" waiting="0.00" lane="left_0" pos="25.88" speed="29.48" angle="137.95" x="16.51" y="13.83"/>
    </timestep>
    <timestep time="4.72">
        <vehicle id="cfm-fast_0" eclass="HBEFA3/PC_G_EU4" CO2="0.00" CO="0.00" HC="0.00" NOx="0.00" PMx="0.00" fuel="0.00" electricity="0.00" noise="72.94" route="routebottom" type="cfm-fast" waiting="0.00" lane="bottom_0" pos="1.07" speed="29.47" angle="92.54" x="66.05" y="-4.90"/>
        <vehicle id="cfm-fast_1" eclass="HBEFA3/PC_G_EU4" CO2="202173.38" CO="4830.91" HC="27.11" NOx="94.02" PMx="5.57" fuel="86.90" electricity="0.00" noise="132.37" route="routebottom" type="cfm-fast" waiting="0.00" lane="right_1" pos="12.34" speed="63.37" angle="342.26" x="124.11" y="88.36"/>
        <vehicle id="cfm-fast_2" eclass="HBEFA3/PC_G_EU4" CO2="0.00" CO="0.00" HC="0.00" NOx="0.00" PMx="0.00" fuel="0.00" electricity="0.00" noise="72.08" route="routebottom" type="cfm-fast" waiting="0.00" lane="bottom_0" pos="22.40" speed="28.00" angle="54.14" x="108.06" y="11.37"/>
        <vehicle id="cfm-fast_3" eclass="HBEFA3/PC_G_EU4" CO2="0.00" CO="0.00" HC="0.00" NOx="0.00" PMx="0.00" fuel="0.00" electricity="0.00" noise="70.72" route="routebottom" type="cfm-fast" waiting="0.00" lane="bottom_0" pos="41.81" speed="26.82" angle="19.27" x="129.99" y="46.14"/>
        <vehicle id="cfm-fast_4" eclass="HBEFA3/PC_G_EU4" CO2="0.00" CO="0.00" HC="0.00" NOx="0.00" PMx="0.00" fuel="0.00" electricity="0.00" noise="69.50" route="routebottom" type="cfm-fast" waiting="0.00" lane="right_0" pos="9.89" speed="24.35" angle="346.64" x="128.97" y="84.69"/>
        <vehicle id="cfm-fast_5" eclass="HBEFA3/PC_G_EU4" CO2="255577.03" CO="5965.86" HC="33.61" NOx="119.21" PMx="6.98" fuel="109.86" electricity="0.00" noise="145.91" route="routetop" type="cfm-fast" waiting="0.00" lane="top_1" pos="27.39" speed="64.36" angle="225.21" x="14.16" y="106.25"/>
        <vehicle id="cfm-slow_0" eclass="HBEFA3/PC_G_EU4" CO2="10446.11" CO="138.90" HC="0.89" NOx="4.35" PMx="0.22" fuel="4.49" electricity="0.00" noise="72.39" route="routebottom" type="cfm-slow" waiting="0.00" lane="right_0" pos="26.32" speed="21.45" angle="317.12" x="110.12" y="114.13"/>
        <vehicle id="cfm-slow_1" eclass="HBEFA3/PC_G_EU4" CO2="14609.26" CO="225.31" HC="1.39" NOx="6.29" PMx="0.33" fuel="6.28" electricity="0.00" noise="74.94" route="routebottom" type="cfm-slow" waiting="0.00" lane="right_0" pos="43.13" speed="22.48" angle="286.94" x="78.43" y="130.65"/>
        <vehicle id="cfm-slow_2" eclass="HBEFA3/PC_G_EU4" CO2="18944.99" CO="317.55" HC="1.92" NOx="8.30" PMx="0.45" fuel="8.14" electricity="0.00" noise="77.59" route="routetop" type="cfm-slow" waiting="0.00" lane="top_0" pos="11.01" speed="24.13" angle="254.61" x="40.36" y="128.18"/>
        <vehicle id="cfm-slow_3" eclass="HBEFA3/PC_G_EU4" CO2="20556.04" CO="357.94" HC="2.14" NOx="9.01" PMx="0.50" fuel="8.84" electricity="0.00" noise="78.48" route="routetop" type="cfm-slow" waiting="0.00" lane="top_0" pos="30.60" speed="26.27" angle="219.40" x="7.42" y="102.94"/>
        <vehicle id="cfm-slow_4" eclass="HBEFA3/PC_G_EU4" CO2="16513.70" CO="285.19" HC="1.71" NOx="7.06" PMx="0.40" fuel="7.10" electricity="0.00" noise="76.69" route="routetop" type="cfm-slow" waiting="0.00" lane="left_0" pos="2.38" speed="28.31" angle="180.21" x="-4.75" y="58.46"/>
        <vehicle id="cfm-slow_5" eclass="HBEFA3/PC_G_EU4" CO2="8406.97" CO="125.89" HC="0.79" NOx="3.20" PMx="0.19" fuel="3.61" electricity="0.00" noise="74.27" route="routetop" type="cfm-slow" waiting="0.00" lane="left_0" pos="26.18" speed="29.48" angle="137.40" x="16.98" y="13.40"/>
    </timestep>
    <timestep time="4.73">
        <vehicle id="cfm-fast_0" eclass="HBEFA3/PC_G_EU4" CO2="0.00" CO="0.00" HC="0.00" NOx="0.00" PMx="0.00" fuel="0.00" electricity="0.00" noise="72.93" route="routebottom" type="cfm-fast" waiting="0.00" lane="bottom_0" pos="1.36" speed="29.46" angle="92.03" x="66.68" y="-4.87"/>
        <vehicle id="cfm-fast_1" eclass="HBEFA3/PC_G_EU4" CO2="201551.06" CO="4821.84" HC="27.05" NOx="93.73" PMx="5.56" fuel="86.64" electricity="0.00" noise="132.16" route="routebottom" type="cfm-fast" waiting="0.00" lane="right_1" pos="12.98" speed="63.48" angle="341.17" x="123.61" y="89.56"/>
        <vehicle id="cfm-fast_2" eclass="HBEFA3/PC_G_EU4" CO2="0.00" CO="0.00" HC="0.00" NOx="0.00" PMx="0.00" fuel="0.00" electricity="0.00" noise="72.06" route="routebottom" type="cfm-fast" waiting="0.00" lane="bottom_0" pos="22.68" speed="27.99" angle="53.61" x="108.52" y="11.76"/>
        <vehicle id="cfm-fast_3" eclass="HBEFA3/PC_G_EU4" CO2="0.00" CO="0.00" HC="0.00" NOx="0.00" PMx="0.00" fuel="0.00" electricity="0.00" noise="70.71" route="routebottom" type="cfm-fast" waiting="0.00" lane="bottom_0" pos="42.07" speed="26.80" angle="18.78" x="130.13" y="46.70"/>
        <vehicle id="cfm-fast_4" eclass="HBEFA3/PC_G_EU4" CO2="0.00" CO="0.00" HC="0.00" NOx="0.00" PMx="0.00" fuel="0.00" electricity="0.00" noise="69.50" route="routebottom" type="cfm-fast" waiting="0.00" lane="right_0" pos="10.13" speed="24.33" angle="346.23" x="128.81" y="85.19"/>
        <vehicle id="cfm-fast_5" eclass="HBEFA3/PC_G_EU4" CO2="256181.99" CO="5983.24" HC="33.70" NOx="119.49" PMx="7.00" fuel="110.12" electricity="0.00" noise="145.97" route="routetop" type="cfm-fast" waiting="0.00" lane="top_1" pos="28.03" speed="64.50" angle="223.98" x="13.31" y="105.24"/>
        <vehicle id="cfm-slow_0" eclass="HBEFA3/PC_G_EU4" CO2="10472.64" CO="139.45" HC="0.89" NOx="4.36" PMx="0.22" fuel="4.50" electricity="0.00" noise="72.41" route="routebottom" type="cfm-slow" waiting="0.00" lane="right_0" pos="26.53" speed="21.47" angle="316.73" x="109.78" y="114.44"/>
        <vehicle id="cfm-slow_1" eclass="HBEFA3/PC_G_EU4" CO2="14637.73" CO="225.92" HC="1.39" NOx="6.30" PMx="0.34" fuel="6.29" electricity="0.00" noise="74.96" route="routebottom" type="cfm-slow" waiting="0.00" lane="right_0" pos="43.35" speed="22.50" angle="286.53" x="77.96" y="130.76"/>
        <vehicle id="cfm-slow_2" eclass="HBEFA3/PC_G_EU4" CO2="18950.02" CO="317.71" HC="1.92" NOx="8.30" PMx="0.45" fuel="8.15" electricity="0.00" noise="77.59" route="routetop" type="cfm-slow" waiting="0.00" lane="top_0" pos="11.25" speed="24.15" angle="254.15" x="39.87" y="128.01"/>
        <vehicle id="cfm-slow_3" eclass="HBEFA3/PC_G_EU4" CO2="20509.25" CO="357.08" HC="2.14" NOx="8.99" PMx="0.50" fuel="8.82" electricity="0.00" noise="78.45" route="routetop" type="cfm-slow" waiting="0.00" lane="top_0" pos="30.87" speed="26.29" angle="218.97" x="7.09" y="102.48"/>
        <vehicle id="cfm-slow_4" eclass="HBEFA3/PC_G_EU4" CO2="16422.66" CO="283.41" HC="1.70" NOx="7.01" PMx="0.40" fuel="7.06" electricity="0.00" noise="76.65" route="routetop" type="cfm-slow" waiting="0.00" lane="left_0" pos="2.66" speed="28.32" angle="179.72" x="-4.70" y="57.85"/>
        <vehicle id="cfm-slow_5" eclass="HBEFA3/PC_G_EU4" CO2="8319.13" CO="124.11" HC="0.78" NOx="3.16" PMx="0.19" fuel="3.58" electricity="0.00" noise="74.25" route="routetop" type="cfm-slow" waiting="0.00" lane="left_0" pos="26.47" speed="29.49" angle="136.85" x="17.44" y="12.97"/>
    </timestep>
    <timestep time="4.74">
        <vehicle id="cfm-fast_0" eclass="HBEFA3/PC_G_EU4" CO2="0.00" CO="0.00" HC="0.00" NOx="0.00" PMx="0.00" fuel="0.00" electricity="0.00" noise="72.92" route="routebottom" type="cfm-fast" waiting="0.00" lane="bottom_0" pos="1.65" speed="29.45" angle="91.50" x="67.32" y="-4.84"/>
        <vehicle id="cfm-fast_1" eclass="HBEFA3/PC_G_EU4" CO2="200946.33" CO="4813.13" HC="27.00" NOx="93.44" PMx="5.54" fuel="86.38" electricity="0.00" noise="131.94" route="routebottom" type="cfm-fast" waiting="0.00" lane="right_1" pos="13.61" speed="63.58" angle="339.97" x="123.08" y="90.75"/>
        <vehicle id="cfm-fast_2" eclass="HBEFA3/PC_G_EU4" CO2="0.00" CO="0.00" HC="0.00" NOx="0.00" PMx="0.00" fuel="0.00" electricity="0.00" noise="72.04" route="routebottom" type="cfm-fast" waiting="0.00" lane="bottom_0" pos="22.96" speed="27.98" angle="53.09" x="108.98" y="12.15"/>
        <vehicle id="cfm-fast_3" eclass="HBEFA3/PC_G_EU4" CO2="0.00" CO="0.00" HC="0.00" NOx="0.00" PMx="0.00" fuel="0.00" electricity="0.00" noise="70.70" route="routebottom" type="cfm-fast" waiting="0.00" lane="bottom_0" pos="42.34" speed="26.78" angle="18.35" x="130.28" y="47.25"/>
        <vehicle id="cfm-fast_4" eclass="HBEFA3/PC_G_EU4" CO2="0.00" CO="0.00" HC="0.00" NOx="0.00" PMx="0.00" fuel="0.00" electricity="0.00" noise="69.49" route="routebottom" type="cfm-fast" waiting="0.00" lane="right_0" pos="10.38" speed="24.31" angle="345.82" x="128.65" y="85.69"/>
        <vehicle id="cfm-fast_5" eclass="HBEFA3/PC_G_EU4" CO2="256787.24" CO="6000.65" HC="33.80" NOx="119.78" PMx="7.02" fuel="110.38" electricity="0.00" noise="146.04" route="routetop" type="cfm-fast" waiting="0.00" lane="top_1" pos="28.68" speed="64.64" angle="222.86" x="12.48" y="104.20"/>
        <vehicle id="cfm-slow_0" eclass="HBEFA3/PC_G_EU4" CO2="10499.31" CO="140.00" HC="0.90" NOx="4.37" PMx="0.23" fuel="4.51" electricity="0.00" noise="72.42" route="routebottom" type="cfm-slow" waiting="0.00" lane="right_0" pos="26.75" speed="21.48" angle="316.34" x="109.44" y="114.76"/>
        <vehicle id="cfm-slow_1" eclass="HBEFA3/PC_G_EU4" CO2="14666.11" CO="226.52" HC="1.39" NOx="6.31" PMx="0.34" fuel="6.30" electricity="0.00" noise="74.98" route="routebottom" type="cfm-slow" waiting="0.00" lane="right_0" pos="43.58" speed="22.52" angle="286.15" x="77.48" y="130.87"/>
        <vehicle id="cfm-slow_2" eclass="HBEFA3/PC_G_EU4" CO2="18954.70" CO="317.87" HC="1.92" NOx="8.30" PMx="0.45" fuel="8.15" electricity="0.00" noise="77.59" route="routetop" type="cfm-slow" waiting="0.00" lane="top_0" pos="11.49" speed="24.18" angle="253.75" x="39.38" y="127.83"/>
        <vehicle id="cfm-slow_3" eclass="HBEFA3/PC_G_EU4" CO2="20462.12" CO="356.21" HC="2.13" NOx="8.96" PMx="0.50" fuel="8.80" electricity="0.00" noise="78.43" route="routetop" type="cfm-slow" waiting="0.00" lane="top_0" pos="31.13" speed="26.31" angle="218.50" x="6.78" y="102.01"/>
        <vehicle id="cfm-slow_4" eclass="HBEFA3/PC_G_EU4" CO2="16331.71" CO="281.62" HC="1.69" NOx="6.97" PMx="0.39" fuel="7.02" electricity="0.00" noise="76.62" route="routetop" type="cfm-slow" waiting="0.00" lane="left_0" pos="2.94" speed="28.34" angle="179.22" x="-4.64" y="57.25"/>
        <vehicle id="cfm-slow_5" eclass="HBEFA3/PC_G_EU4" CO2="8231.54" CO="122.33" HC="0.77" NOx="3.12" PMx="0.19" fuel="3.54" electricity="0.00" noise="74.23" route="routetop" type="cfm-slow" waiting="0.00" lane="left_0" pos="26.77" speed="29.49" angle="136.31" x="17.91" y="12.54"/>
    </timestep>
    <timestep time="4.75">
        <vehicle id="cfm-fast_0" eclass="HBEFA3/PC_G_EU4" CO2="0.00" CO="0.00" HC="0.00" NOx="0.00" PMx="0.00" fuel="0.00" electricity="0.00" noise="72.90" route="routebottom" type="cfm-fast" waiting="0.00" lane="bottom_0" pos="1.95" speed="29.45" angle="90.98" x="67.95" y="-4.80"/>
        <vehicle id="cfm-fast_1" eclass="HBEFA3/PC_G_EU4" CO2="200359.06" CO="4804.76" HC="26.95" NOx="93.16" PMx="5.53" fuel="86.12" electricity="0.00" noise="131.74" route="routebottom" type="cfm-fast" waiting="0.00" lane="right_1" pos="14.25" speed="63.69" angle="338.84" x="122.53" y="91.94"/>
        <vehicle id="cfm-fast_2" eclass="HBEFA3/PC_G_EU4" CO2="0.00" CO="0.00" HC="0.00" NOx="0.00" PMx="0.00" fuel="0.00" electricity="0.00" noise="72.02" route="routebottom" type="cfm-fast" waiting="0.00" lane="bottom_0" pos="23.24" speed="27.98" angle="52.63" x="109.42" y="12.55"/>
        <vehicle id="cfm-fast_3" eclass="HBEFA3/PC_G_EU4" CO2="0.00" CO="0.00" HC="0.00" NOx="0.00" PMx="0.00" fuel="0.00" electricity="0.00" noise="70.69" route="routebottom" type="cfm-fast" waiting="0.00" lane="bottom_0" pos="42.61" speed="26.76" angle="17.87" x="130.41" y="47.81"/>
        <vehicle id="cfm-fast_4" eclass="HBEFA3/PC_G_EU4" CO2="0.00" CO="0.00" HC="0.00" NOx="0.00" PMx="0.00" fuel="0.00" electricity="0.00" noise="69.49" route="routebottom" type="cfm-fast" waiting="0.00" lane="right_0" pos="10.62" speed="24.30" angle="345.36" x="128.47" y="86.18"/>
        <vehicle id="cfm-fast_5" eclass="HBEFA3/PC_G_EU4" CO2="257392.79" CO="6018.08" HC="33.89" NOx="120.06" PMx="7.04" fuel="110.64" electricity="0.00" noise="146.10" route="routetop" type="cfm-fast" waiting="0.00" lane="top_1" pos="29.33" speed="64.77" angle="221.68" x="11.66" y="103.16"/>
        <vehicle id="cfm-slow_0" eclass="HBEFA3/PC_G_EU4" CO2="10526.10" CO="140.56" HC="0.90" NOx="4.38" PMx="0.23" fuel="4.52" electricity="0.00" noise="72.44" route="routebottom" type="cfm-slow" waiting="0.00" lane="right_0" pos="26.96" speed="21.49" angle="316.01" x="109.10" y="115.07"/>
        <vehicle id="cfm-slow_1" eclass="HBEFA3/PC_G_EU4" CO2="14694.38" CO="227.13" HC="1.40" NOx="6.33" PMx="0.34" fuel="6.32" electricity="0.00" noise="75.00" route="routebottom" type="cfm-slow" waiting="0.00" lane="right_0" pos="43.80" speed="22.54" angle="285.75" x="77.01" y="130.96"/>
        <vehicle id="cfm-slow_2" eclass="HBEFA3/PC_G_EU4" CO2="18959.03" CO="318.02" HC="1.92" NOx="8.30" PMx="0.45" fuel="8.15" electricity="0.00" noise="77.60" route="routetop" type="cfm-slow" waiting="0.00" lane="top_0" pos="11.74" speed="24.20" angle="253.32" x="38.90" y="127.64"/>
        <vehicle id="cfm-slow_3" eclass="HBEFA3/PC_G_EU4" CO2="20414.67" CO="355.33" HC="2.13" NOx="8.94" PMx="0.49" fuel="8.78" electricity="0.00" noise="78.40" route="routetop" type="cfm-slow" waiting="0.00" lane="top_0" pos="31.39" speed="26.34" angle="218.03" x="6.47" y="101.54"/>
        <vehicle id="cfm-slow_4" eclass="HBEFA3/PC_G_EU4" CO2="16240.84" CO="279.84" HC="1.68" NOx="6.93" PMx="0.39" fuel="6.98" electricity="0.00" noise="76.58" route="routetop" type="cfm-slow" waiting="0.00" lane="left_0" pos="3.23" speed="28.35" angle="178.71" x="-4.58" y="56.64"/>
        <vehicle id="cfm-slow_5" eclass="HBEFA3/PC_G_EU4" CO2="8144.19" CO="120.55" HC="0.76" NOx="3.08" PMx="0.19" fuel="3.50" electricity="0.00" noise="74.21" route="routetop" type="cfm-slow" waiting="0.00" lane="left_0" pos="27.06" speed="29.50" angle="135.82" x="18.38" y="12.12"/>
    </timestep>
    <timestep time="4.76">
        <vehicle id="cfm-fast_0" eclass="HBEFA3/PC_G_EU4" CO2="0.00" CO="0.00" HC="0.00" NOx="0.00" PMx="0.00" fuel="0.00" electricity="0.00" noise="72.89" route="routebottom" type="cfm-fast" waiting="0.00" lane="bottom_0" pos="2.24" speed="29.44" angle="90.45" x="68.58" y="-4.76"/>
        <vehicle id="cfm-fast_1" eclass="HBEFA3/PC_G_EU4" CO2="199789.09" CO="4796.74" HC="26.90" NOx="92.89" PMx="5.52" fuel="85.88" electricity="0.00" noise="131.54" route="routebottom" type="cfm-fast" waiting="0.00" lane="right_1" pos="14.89" speed="63.79" angle="337.65" x="121.95" y="93.11"/>
        <vehicle id="cfm-fast_2" eclass="HBEFA3/PC_G_EU4" CO2="0.00" CO="0.00" HC="0.00" NOx="0.00" PMx="0.00" fuel="0.00" electricity="0.00" noise="72.00" route="routebottom" type="cfm-fast" waiting="0.00" lane="bottom_0" pos="23.52" speed="27.97" angle="52.13" x="109.87" y="12.96"/>
        <vehicle id="cfm-fast_3" eclass="HBEFA3/PC_G_EU4" CO2="0.00" CO="0.00" HC="0.00" NOx="0.00" PMx="0.00" fuel="0.00" electricity="0.00" noise="70.68" route="routebottom" type="cfm-fast" waiting="0.00" lane="bottom_0" pos="42.88" speed="26.74" angle="17.38" x="130.54" y="48.38"/>
        <vehicle id="cfm-fast_4" eclass="HBEFA3/PC_G_EU4" CO2="0.00" CO="0.00" HC="0.00" NOx="0.00" PMx="0.00" fuel="0.00" electricity="0.00" noise="69.49" route="routebottom" type="cfm-fast" waiting="0.00" lane="right_0" pos="10.86" speed="24.28" angle="344.89" x="128.29" y="86.67"/>
        <vehicle id="cfm-fast_5" eclass="HBEFA3/PC_G_EU4" CO2="257998.62" CO="6035.53" HC="33.99" NOx="120.34" PMx="7.05" fuel="110.90" electricity="0.00" noise="146.17" route="routetop" type="cfm-fast" waiting="0.00" lane="top_1" pos="29.97" speed="64.91" angle="220.52" x="10.87" y="102.08"/>
        <vehicle id="cfm-slow_0" eclass="HBEFA3/PC_G_EU4" CO2="10553.01" CO="141.12" HC="0.90" NOx="4.40" PMx="0.23" fuel="4.54" electricity="0.00" noise="72.46" route="routebottom" type="cfm-slow" waiting="0.00" lane="right_0" pos="27.18" speed="21.51" angle="315.61" x="108.75" y="115.37"/>
        <vehicle id="cfm-slow_1" eclass="HBEFA3/PC_G_EU4" CO2="14722.56" CO="227.73" HC="1.40" NOx="6.34" PMx="0.34" fuel="6.33" electricity="0.00" noise="75.01" route="routebottom" type="cfm-slow" waiting="0.00" lane="right_0" pos="44.03" speed="22.55" angle="285.32" x="76.53" y="131.05"/>
        <vehicle id="cfm-slow_2" eclass="HBEFA3/PC_G_EU4" CO2="18963.00" CO="318.16" HC="1.92" NOx="8.30" PMx="0.45" fuel="8.15" electricity="0.00" noise="77.60" route="routetop" type="cfm-slow" waiting="0.00" lane="top_0" pos="11.98" speed="24.23" angle="252.88" x="38.41" y="127.44"/>
        <vehicle id="cfm-slow_3" eclass="HBEFA3/PC_G_EU4" CO2="20366.88" CO="354.44" HC="2.12" NOx="8.92" PMx="0.49" fuel="8.75" electricity="0.00" noise="78.37" route="routetop" type="cfm-slow" waiting="0.00" lane="top_0" pos="31.66" speed="26.36" angle="217.55" x="6.15" y="101.07"/>
        <vehicle id="cfm-slow_4" eclass="HBEFA3/PC_G_EU4" CO2="16150.07" CO="278.06" HC="1.67" NOx="6.88" PMx="0.39" fuel="6.94" electricity="0.00" noise="76.55" route="routetop" type="cfm-slow" waiting="0.00" lane="left_0" pos="3.51" speed="28.37" angle="178.20" x="-4.52" y="56.03"/>
        <vehicle id="cfm-slow_5" eclass="HBEFA3/PC_G_EU4" CO2="8057.07" CO="118.78" HC="0.75" NOx="3.04" PMx="0.18" fuel="3.46" electricity="0.00" noise="74.19" route="routetop" type="cfm-slow" waiting="0.00" lane="left_0" pos="27.36" speed="29.50" angle="135.27" x="18.87" y="11.71"/>
    </timestep>
    <timestep time="4.77">
        <vehicle id="cfm-fast_0" eclass="HBEFA3/PC_G_EU4" CO2="0.00" CO="0.00" HC="0.00" NOx="0.00" PMx="0.00" fuel="0.00" electricity="0.00" noise="72.88" route="routebottom" type="cfm-fast" waiting="0.00" lane="bottom_0" pos="2.54" speed="29.44" angle="89.94" x="69.21" y="-4.73"/>
        <vehicle id="cfm-fast_1" eclass="HBEFA3/PC_G_EU4" CO2="199236.28" CO="4789.06" HC="26.85" NOx="92.63" PMx="5.50" fuel="85.64" electricity="0.00" noise="131.34" route="routebottom" type="cfm-fast" waiting="0.00" lane="right_1" pos="15.52" speed="63.89" angle="336.54" x="121.35" y="94.27"/>
        <vehicle id="cfm-fast_2" eclass="HBEFA3/PC_G_EU4" CO2="0.00" CO="0.00" HC="0.00" NOx="0.00" PMx="0.00" fuel="0.00" electricity="0.00" noise="71.98" route="routebottom" type="cfm-fast" waiting="0.00" lane="bottom_0" pos="23.80" speed="27.96" angle="51.63" x="110.31" y="13.37"/>
        <vehicle id="cfm-fast_3" eclass="HBEFA3/PC_G_EU4" CO2="0.00" CO="0.00" HC="0.00" NOx="0.00" PMx="0.00" fuel="0.00" electricity="0.00" noise="70.67" route="routebottom" type="cfm-fast" waiting="0.00" lane="bottom_0" pos="43.14" speed="26.72" angle="16.90" x="130.66" y="48.94"/>
        <vehicle id="cfm-fast_4" eclass="HBEFA3/PC_G_EU4" CO2="0.00" CO="0.00" HC="0.00" NOx="0.00" PMx="0.00" fuel="0.00" electricity="0.00" noise="69.49" route="routebottom" type="cfm-fast" waiting="0.00" lane="right_0" pos="11.10" speed="24.27" angle="344.43" x="128.11" y="87.16"/>
        <vehicle id="cfm-fast_5" eclass="HBEFA3/PC_G_EU4" CO2="258604.75" CO="6053.01" HC="34.08" NOx="120.63" PMx="7.07" fuel="111.16" electricity="0.00" noise="146.24" route="routetop" type="cfm-fast" waiting="0.00" lane="top_1" pos="30.63" speed="65.05" angle="219.29" x="10.09" y="101.00"/>
        <vehicle id="cfm-slow_0" eclass="HBEFA3/PC_G_EU4" CO2="10580.04" CO="141.68" HC="0.91" NOx="4.41" PMx="0.23" fuel="4.55" electricity="0.00" noise="72.48" route="routebottom" type="cfm-slow" waiting="0.00" lane="right_0" pos="27.39" speed="21.52" angle="315.20" x="108.40" y="115.67"/>
        <vehicle id="cfm-slow_1" eclass="HBEFA3/PC_G_EU4" CO2="14750.64" CO="228.33" HC="1.40" NOx="6.35" PMx="0.34" fuel="6.34" electricity="0.00" noise="75.03" route="routebottom" type="cfm-slow" waiting="0.00" lane="right_0" pos="44.25" speed="22.57" angle="284.89" x="76.05" y="131.13"/>
        <vehicle id="cfm-slow_2" eclass="HBEFA3/PC_G_EU4" CO2="18966.62" CO="318.29" HC="1.92" NOx="8.30" PMx="0.45" fuel="8.15" electricity="0.00" noise="77.60" route="routetop" type="cfm-slow" waiting="0.00" lane="top_0" pos="12.22" speed="24.25" angle="252.44" x="37.93" y="127.25"/>
        <vehicle id="cfm-slow_3" eclass="HBEFA3/PC_G_EU4" CO2="20318.78" CO="353.55" HC="2.12" NOx="8.89" PMx="0.49" fuel="8.73" electricity="0.00" noise="78.35" route="routetop" type="cfm-slow" waiting="0.00" lane="top_0" pos="31.92" speed="26.38" angle="217.07" x="5.84" y="100.59"/>
        <vehicle id="cfm-slow_4" eclass="HBEFA3/PC_G_EU4" CO2="16059.39" CO="276.28" HC="1.66" NOx="6.84" PMx="0.39" fuel="6.90" electricity="0.00" noise="76.51" route="routetop" type="cfm-slow" waiting="0.00" lane="left_0" pos="3.79" speed="28.38" angle="177.70" x="-4.45" y="55.42"/>
        <vehicle id="cfm-slow_5" eclass="HBEFA3/PC_G_EU4" CO2="7970.19" CO="117.01" HC="0.74" NOx="3.00" PMx="0.18" fuel="3.43" electricity="0.00" noise="74.17" route="routetop" type="cfm-slow" waiting="0.00" lane="left_0" pos="27.65" speed="29.50" angle="134.72" x="19.35" y="11.30"/>
    </timestep>
    <timestep time="4.78">
        <vehicle id="cfm-fast_0" eclass="HBEFA3/PC_G_EU4" CO2="0.00" CO="0.00" HC="0.00" NOx="0.00" PMx="0.00" fuel="0.00" electricity="0.00" noise="72.87" route="routebottom" type="cfm-fast" waiting="0.00" lane="bottom_0" pos="2.83" speed="29.43" angle="89.41" x="69.84" y="-4.66"/>
        <vehicle id="cfm-fast_1" eclass="HBEFA3/PC_G_EU4" CO2="198700.50" CO="4781.72" HC="26.80" NOx="92.38" PMx="5.49" fuel="85.41" electricity="0.00" noise="131.16" route="routebottom" type="cfm-fast" waiting="0.00" lane="right_1" pos="16.16" speed="64.00" angle="335.40" x="120.71" y="95.42"/>
        <vehicle id="cfm-fast_2" eclass="HBEFA3/PC_G_EU4" CO2="0.00" CO="0.00" HC="0.00" NOx="0.00" PMx="0.00" fuel="0.00" electricity="0.00" noise="71.97" route="routebottom" type="cfm-fast" waiting="0.00" lane="bottom_0" pos="24.08" speed="27.95" angle="51.12" x="110.75" y="13.78"/>
        <vehicle id="cfm-fast_3" eclass="HBEFA3/PC_G_EU4" CO2="0.00" CO="0.00" HC="0.00" NOx="0.00" PMx="0.00" fuel="0.00" electricity="0.00" noise="70.66" route="routebottom" type="cfm-fast" waiting="0.00" lane="bottom_0" pos="43.41" speed="26.70" angle="16.41" x="130.79" y="49.50"/>
        <vehicle id="cfm-fast_4" eclass="HBEFA3/PC_G_EU4" CO2="0.00" CO="0.00" HC="0.00" NOx="0.00" PMx="0.00" fuel="0.00" electricity="0.00" noise="69.49" route="routebottom" type="cfm-fast" waiting="0.00" lane="right_0" pos="11.35" speed="24.25" angle="343.97" x="127.93" y="87.65"/>
        <vehicle id="cfm-fast_5" eclass="HBEFA3/PC_G_EU4" CO2="259211.17" CO="6070.50" HC="34.18" NOx="120.91" PMx="7.09" fuel="111.42" electricity="0.00" noise="146.30" route="routetop" type="cfm-fast" waiting="0.00" lane="top_1" pos="31.28" speed="65.18" angle="218.17" x="9.34" y="99.90"/>
        <vehicle id="cfm-slow_0" eclass="HBEFA3/PC_G_EU4" CO2="10607.19" CO="142.24" HC="0.91" NOx="4.42" PMx="0.23" fuel="4.56" electricity="0.00" noise="72.49" route="routebottom" type="cfm-slow" waiting="0.00" lane="right_0" pos="27.61" speed="21.53" angle="314.80" x="108.04" y="115.97"/>
        <vehicle id="cfm-slow_1" eclass="HBEFA3/PC_G_EU4" CO2="14778.61" CO="228.93" HC="1.41" NOx="6.37" PMx="0.34" fuel="6.35" electricity="0.00" noise="75.05" route="routebottom" type="cfm-slow" waiting="0.00" lane="right_0" pos="44.48" speed="22.59" angle="284.46" x="75.57" y="131.22"/>
        <vehicle id="cfm-slow_2" eclass="HBEFA3/PC_G_EU4" CO2="18969.88" CO="318.42" HC="1.92" NOx="8.30" PMx="0.45" fuel="8.15" electricity="0.00" noise="77.60" route="routetop" type="cfm-slow" waiting="0.00" lane="top_0" pos="12.46" speed="24.27" angle="252.00" x="37.44" y="127.06"/>
        <vehicle id="cfm-slow_3" eclass="HBEFA3/PC_G_EU4" CO2="20270.35" CO="352.66" HC="2.11" NOx="8.87" PMx="0.49" fuel="8.71" electricity="0.00" noise="78.32" route="routetop" type="cfm-slow" waiting="0.00" lane="top_0" pos="32.19" speed="26.40" angle="216.65" x="5.53" y="100.11"/>
        <vehicle id="cfm-slow_4" eclass="HBEFA3/PC_G_EU4" CO2="15968.80" CO="274.50" HC="1.65" NOx="6.80" PMx="0.39" fuel="6.86" electricity="0.00" noise="76.48" route="routetop" type="cfm-slow" waiting="0.00" lane="left_0" pos="4.08" speed="28.40" angle="177.20" x="-4.37" y="54.82"/>
        <vehicle id="cfm-slow_5" eclass="HBEFA3/PC_G_EU4" CO2="7883.54" CO="115.25" HC="0.73" NOx="2.96" PMx="0.18" fuel="3.39" electricity="0.00" noise="74.15" route="routetop" type="cfm-slow" waiting="0.00" lane="left_0" pos="27.95" speed="29.50" angle="134.17" x="19.84" y="10.89"/>
    </timestep>
    <timestep time="4.79">
        <vehicle id="cfm-fast_0" eclass="HBEFA3/PC_G_EU4" CO2="0.00" CO="0.00" HC="0.00" NOx="0.00" PMx="0.00" fuel="0.00" electricity="0.00" noise="72.85" route="routebottom" type="cfm-fast" waiting="0.00" lane="bottom_0" pos="3.13" speed="29.43" angle="88.89" x="70.47" y="-4.60"/>
        <vehicle id="cfm-fast_1" eclass="HBEFA3/PC_G_EU4" CO2="198181.61" CO="4774.72" HC="26.76" NOx="92.13" PMx="5.48" fuel="85.19" electricity="0.00" noise="130.97" route="routebottom" type="cfm-fast" waiting="0.00" lane="right_1" pos="16.81" speed="64.10" angle="334.29" x="120.07" y="96.57"/>
        <vehicle id="cfm-fast_2" eclass="HBEFA3/PC_G_EU4" CO2="0.00" CO="0.00" HC="0.00" NOx="0.00" PMx="0.00" fuel="0.00" electricity="0.00" noise="71.95" route="routebottom" type="cfm-fast" waiting="0.00" lane="bottom_0" pos="24.36" speed="27.94" angle="50.67" x="111.19" y="14.18"/>
        <vehicle id="cfm-fast_3" eclass="HBEFA3/PC_G_EU4" CO2="0.00" CO="0.00" HC="0.00" NOx="0.00" PMx="0.00" fuel="0.00" electricity="0.00" noise="70.65" route="routebottom" type="cfm-fast" waiting="0.00" lane="bottom_0" pos="43.68" speed="26.68" angle="15.98" x="130.91" y="50.06"/>
        <vehicle id="cfm-fast_4" eclass="HBEFA3/PC_G_EU4" CO2="0.00" CO="0.00" HC="0.00" NOx="0.00" PMx="0.00" fuel="0.00" electricity="0.00" noise="69.48" route="routebottom" type="cfm-fast" waiting="0.00" lane="right_0" pos="11.59" speed="24.24" angle="343.58" x="127.75" y="88.14"/>
        <vehicle id="cfm-fast_5" eclass="HBEFA3/PC_G_EU4" CO2="259817.88" CO="6088.02" HC="34.27" NOx="121.20" PMx="7.11" fuel="111.68" electricity="0.00" noise="146.37" route="routetop" type="cfm-fast" waiting="0.00" lane="top_1" pos="31.93" speed="65.32" angle="217.00" x="8.60" y="98.78"/>
        <vehicle id="cfm-slow_0" eclass="HBEFA3/PC_G_EU4" CO2="10634.45" CO="142.81" HC="0.91" NOx="4.43" PMx="0.23" fuel="4.57" electricity="0.00" noise="72.51" route="routebottom" type="cfm-slow" waiting="0.00" lane="right_0" pos="27.82" speed="21.54" angle="314.39" x="107.69" y="116.27"/>
        <vehicle id="cfm-slow_1" eclass="HBEFA3/PC_G_EU4" CO2="14806.46" CO="229.53" HC="1.41" NOx="6.38" PMx="0.34" fuel="6.36" electricity="0.00" noise="75.07" route="routebottom" type="cfm-slow" waiting="0.00" lane="right_0" pos="44.71" speed="22.61" angle="284.02" x="75.10" y="131.31"/>
        <vehicle id="cfm-slow_2" eclass="HBEFA3/PC_G_EU4" CO2="18972.79" CO="318.54" HC="1.92" NOx="8.31" PMx="0.45" fuel="8.16" electricity="0.00" noise="77.60" route="routetop" type="cfm-slow" waiting="0.00" lane="top_0" pos="12.71" speed="24.30" angle="251.58" x="36.96" y="126.86"/>
        <vehicle id="cfm-slow_3" eclass="HBEFA3/PC_G_EU4" CO2="20221.61" CO="351.75" HC="2.11" NOx="8.85" PMx="0.49" fuel="8.69" electricity="0.00" noise="78.30" route="routetop" type="cfm-slow" waiting="0.00" lane="top_0" pos="32.45" speed="26.43" angle="216.15" x="5.24" y="99.63"/>
        <vehicle id="cfm-slow_4" eclass="HBEFA3/PC_G_EU4" CO2="15878.30" CO="272.73" HC="1.64" NOx="6.75" PMx="0.38" fuel="6.83" electricity="0.00" noise="76.44" route="routetop" type="cfm-slow" waiting="0.00" lane="left_0" pos="4.36" speed="28.41" angle="176.68" x="-4.29" y="54.21"/>
        <vehicle id="cfm-slow_5" eclass="HBEFA3/PC_G_EU4" CO2="7797.12" CO="113.49" HC="0.72" NOx="2.92" PMx="0.18" fuel="3.35" electricity="0.00" noise="74.13" route="routetop" type="cfm-slow" waiting="0.00" lane="left_0" pos="28.24" speed="29.51" angle="133.68" x="20.32" y="10.48"/>
    </timestep>
    <timestep time="4.80">
        <vehicle id="cfm-fast_0" eclass="HBEFA3/PC_G_EU4" CO2="0.00" CO="0.00" HC="0.00" NOx="0.00" PMx="0.00" fuel="0.00" electricity="0.00" noise="72.84" route="routebottom" type="cfm-fast" waiting="0.00" lane="bottom_0" pos="3.42" speed="29.42" angle="88.36" x="71.10" y="-4.53"/>
        <vehicle id="cfm-fast_1" eclass="HBEFA3/PC_G_EU4" CO2="197679.45" CO="4768.05" HC="26.71" NOx="91.89" PMx="5.47" fuel="84.97" electricity="0.00" noise="130.79" route="routebottom" type="cfm-fast" waiting="0.00" lane="right_1" pos="17.45" speed="64.20" angle="333.10" x="119.39" y="97.70"/>
        <vehicle id="cfm-fast_2" eclass="HBEFA3/PC_G_EU4" CO2="0.00" CO="0.00" HC="0.00" NOx="0.00" PMx="0.00" fuel="0.00" electricity="0.00" noise="71.93" route="routebottom" type="cfm-fast" waiting="0.00" lane="bottom_0" pos="24.64" speed="27.94" angle="50.15" x="111.62" y="14.61"/>
        <vehicle id="cfm-fast_3" eclass="HBEFA3/PC_G_EU4" CO2="0.00" CO="0.00" HC="0.00" NOx="0.00" PMx="0.00" fuel="0.00" electricity="0.00" noise="70.64" route="routebottom" type="cfm-fast" waiting="0.00" lane="bottom_0" pos="43.94" speed="26.66" angle="15.47" x="131.02" y="50.62"/>
        <vehicle id="cfm-fast_4" eclass="HBEFA3/PC_G_EU4" CO2="0.00" CO="0.00" HC="0.00" NOx="0.00" PMx="0.00" fuel="0.00" electricity="0.00" noise="69.48" route="routebottom" type="cfm-fast" waiting="0.00" lane="right_0" pos="11.83" speed="24.22" angle="343.13" x="127.56" y="88.62"/>
        <vehicle id="cfm-fast_5" eclass="HBEFA3/PC_G_EU4" CO2="260424.89" CO="6105.55" HC="34.37" NOx="121.48" PMx="7.13" fuel="111.94" electricity="0.00" noise="146.43" route="routetop" type="cfm-fast" waiting="0.00" lane="top_1" pos="32.58" speed="65.45" angle="215.87" x="7.90" y="97.64"/>
        <vehicle id="cfm-slow_0" eclass="HBEFA3/PC_G_EU4" CO2="10661.83" CO="143.37" HC="0.91" NOx="4.45" PMx="0.23" fuel="4.58" electricity="0.00" noise="72.53" route="routebottom" type="cfm-slow" waiting="0.00" lane="right_0" pos="28.04" speed="21.56" angle="313.99" x="107.34" y="116.57"/>
        <vehicle id="cfm-slow_1" eclass="HBEFA3/PC_G_EU4" CO2="14834.21" CO="230.12" HC="1.41" NOx="6.39" PMx="0.34" fuel="6.38" electricity="0.00" noise="75.09" route="routebottom" type="cfm-slow" waiting="0.00" lane="right_0" pos="44.93" speed="22.63" angle="283.68" x="74.62" y="131.40"/>
        <vehicle id="cfm-slow_2" eclass="HBEFA3/PC_G_EU4" CO2="18975.33" CO="318.66" HC="1.92" NOx="8.31" PMx="0.45" fuel="8.16" electricity="0.00" noise="77.60" route="routetop" type="cfm-slow" waiting="0.00" lane="top_0" pos="12.95" speed="24.32" angle="251.18" x="36.48" y="126.65"/>
        <vehicle id="cfm-slow_3" eclass="HBEFA3/PC_G_EU4" CO2="20172.55" CO="350.84" HC="2.10" NOx="8.82" PMx="0.49" fuel="8.67" electricity="0.00" noise="78.27" route="routetop" type="cfm-slow" waiting="0.00" lane="top_0" pos="32.71" speed="26.45" angle="215.65" x="4.95" y="99.14"/>
        <vehicle id="cfm-slow_4" eclass="HBEFA3/PC_G_EU4" CO2="15787.90" CO="270.95" HC="1.63" NOx="6.71" PMx="0.38" fuel="6.79" electricity="0.00" noise="76.41" route="routetop" type="cfm-slow" waiting="0.00" lane="left_0" pos="4.65" speed="28.43" angle="176.17" x="-4.20" y="53.61"/>
        <vehicle id="cfm-slow_5" eclass="HBEFA3/PC_G_EU4" CO2="7710.94" CO="111.74" HC="0.71" NOx="2.88" PMx="0.17" fuel="3.31" electricity="0.00" noise="74.11" route="routetop" type="cfm-slow" waiting="0.00" lane="left_0" pos="28.54" speed="29.51" angle="133.13" x="20.82" y="10.09"/>
    </timestep>
    <timestep time="4.81">
        <vehicle id="cfm-fast_0" eclass="HBEFA3/PC_G_EU4" CO2="0.00" CO="0.00" HC="0.00" NOx="0.00" PMx="0.00" fuel="0.00" electricity="0.00" noise="72.83" route="routebottom" type="cfm-fast" waiting="0.00" lane="bottom_0" pos="3.71" speed="29.41" angle="87.83" x="71.73" y="-4.47"/>
        <vehicle id="cfm-fast_1" eclass="HBEFA3/PC_G_EU4" CO2="197193.89" CO="4761.72" HC="26.67" NOx="91.66" PMx="5.46" fuel="84.76" electricity="0.00" noise="130.62" route="routebottom" type="cfm-fast" waiting="0.00" lane="right_1" pos="18.09" speed="64.30" angle="331.97" x="118.70" y="98.82"/>
        <vehicle id="cfm-fast_2" eclass="HBEFA3/PC_G_EU4" CO2="0.00" CO="0.00" HC="0.00" NOx="0.00" PMx="0.00" fuel="0.00" electricity="0.00" noise="71.91" route="routebottom" type="cfm-fast" waiting="0.00" lane="bottom_0" pos="24.92" speed="27.93" angle="49.63" x="112.04" y="15.03"/>
        <vehicle id="cfm-fast_3" eclass="HBEFA3/PC_G_EU4" CO2="0.00" CO="0.00" HC="0.00" NOx="0.00" PMx="0.00" fuel="0.00" electricity="0.00" noise="70.63" route="routebottom" type="cfm-fast" waiting="0.00" lane="bottom_0" pos="44.21" speed="26.64" angle="14.97" x="131.12" y="51.19"/>
        <vehicle id="cfm-fast_4" eclass="HBEFA3/PC_G_EU4" CO2="0.00" CO="0.00" HC="0.00" NOx="0.00" PMx="0.00" fuel="0.00" electricity="0.00" noise="69.48" route="routebottom" type="cfm-fast" waiting="0.00" lane="right_0" pos="12.07" speed="24.20" angle="342.69" x="127.36" y="89.11"/>
        <vehicle id="cfm-fast_5" eclass="HBEFA3/PC_G_EU4" CO2="261032.18" CO="6123.11" HC="34.46" NOx="121.76" PMx="7.14" fuel="112.20" electricity="0.00" noise="146.50" route="routetop" type="cfm-fast" waiting="0.00" lane="top_1" pos="33.24" speed="65.59" angle="214.69" x="7.20" y="96.49"/>
        <vehicle id="cfm-slow_0" eclass="HBEFA3/PC_G_EU4" CO2="10689.31" CO="143.94" HC="0.92" NOx="4.46" PMx="0.23" fuel="4.59" electricity="0.00" noise="72.55" route="routebottom" type="cfm-slow" waiting="0.00" lane="right_0" pos="28.25" speed="21.57" angle="313.66" x="106.98" y="116.86"/>
        <vehicle id="cfm-slow_1" eclass="HBEFA3/PC_G_EU4" CO2="14861.83" CO="230.71" HC="1.42" NOx="6.40" PMx="0.34" fuel="6.39" electricity="0.00" noise="75.11" route="routebottom" type="cfm-slow" waiting="0.00" lane="right_0" pos="45.16" speed="22.65" angle="283.27" x="74.13" y="131.47"/>
        <vehicle id="cfm-slow_2" eclass="HBEFA3/PC_G_EU4" CO2="18977.52" CO="318.76" HC="1.92" NOx="8.31" PMx="0.45" fuel="8.16" electricity="0.00" noise="77.60" route="routetop" type="cfm-slow" waiting="0.00" lane="top_0" pos="13.19" speed="24.34" angle="250.73" x="36.00" y="126.44"/>
        <vehicle id="cfm-slow_3" eclass="HBEFA3/PC_G_EU4" CO2="20123.17" CO="349.92" HC="2.10" NOx="8.80" PMx="0.49" fuel="8.65" electricity="0.00" noise="78.24" route="routetop" type="cfm-slow" waiting="0.00" lane="top_0" pos="32.98" speed="26.47" angle="215.14" x="4.65" y="98.65"/>
        <vehicle id="cfm-slow_4" eclass="HBEFA3/PC_G_EU4" CO2="15697.59" CO="269.18" HC="1.62" NOx="6.67" PMx="0.38" fuel="6.75" electricity="0.00" noise="76.37" route="routetop" type="cfm-slow" waiting="0.00" lane="left_0" pos="4.93" speed="28.44" angle="175.65" x="-4.12" y="53.00"/>
        <vehicle id="cfm-slow_5" eclass="HBEFA3/PC_G_EU4" CO2="7624.98" CO="109.98" HC="0.70" NOx="2.83" PMx="0.17" fuel="3.28" electricity="0.00" noise="74.09" route="routetop" type="cfm-slow" waiting="0.00" lane="left_0" pos="28.83" speed="29.51" angle="132.59" x="21.32" y="9.69"/>
    </timestep>
    <timestep time="4.82">
        <vehicle id="cfm-fast_0" eclass="HBEFA3/PC_G_EU4" CO2="0.00" CO="0.00" HC="0.00" NOx="0.00" PMx="0.00" fuel="0.00" electricity="0.00" noise="72.82" route="routebottom" type="cfm-fast" waiting="0.00" lane="bottom_0" pos="4.01" speed="29.41" angle="87.32" x="72.36" y="-4.39"/>
        <vehicle id="cfm-fast_1" eclass="HBEFA3/PC_G_EU4" CO2="196724.77" CO="4755.71" HC="26.63" NOx="91.44" PMx="5.45" fuel="84.56" electricity="0.00" noise="130.45" route="routebottom" type="cfm-fast" waiting="0.00" lane="right_1" pos="18.73" speed="64.41" angle="330.75" x="117.97" y="99.92"/>
        <vehicle id="cfm-fast_2" eclass="HBEFA3/PC_G_EU4" CO2="0.00" CO="0.00" HC="0.00" NOx="0.00" PMx="0.00" fuel="0.00" electricity="0.00" noise="71.90" route="routebottom" type="cfm-fast" waiting="0.00" lane="bottom_0" pos="25.20" speed="27.92" angle="49.12" x="112.47" y="15.46"/>
        <vehicle id="cfm-fast_3" eclass="HBEFA3/PC_G_EU4" CO2="0.00" CO="0.00" HC="0.00" NOx="0.00" PMx="0.00" fuel="0.00" electricity="0.00" noise="70.62" route="routebottom" type="cfm-fast" waiting="0.00" lane="bottom_0" pos="44.48" speed="26.62" angle="14.47" x="131.22" y="51.75"/>
        <vehicle id="cfm-fast_4" eclass="HBEFA3/PC_G_EU4" CO2="0.00" CO="0.00" HC="0.00" NOx="0.00" PMx="0.00" fuel="0.00" electricity="0.00" noise="69.48" route="routebottom" type="cfm-fast" waiting="0.00" lane="right_0" pos="12.32" speed="24.19" angle="342.25" x="127.17" y="89.59"/>
        <vehicle id="cfm-fast_5" eclass="HBEFA3/PC_G_EU4" CO2="261639.77" CO="6140.69" HC="34.56" NOx="122.05" PMx="7.16" fuel="112.47" electricity="0.00" noise="146.57" route="routetop" type="cfm-fast" waiting="0.00" lane="top_1" pos="33.90" speed="65.73" angle="213.53" x="6.54" y="95.31"/>
        <vehicle id="cfm-slow_0" eclass="HBEFA3/PC_G_EU4" CO2="10716.90" CO="144.52" HC="0.92" NOx="4.47" PMx="0.23" fuel="4.61" electricity="0.00" noise="72.57" route="routebottom" type="cfm-slow" waiting="0.00" lane="right_0" pos="28.47" speed="21.58" angle="313.26" x="106.61" y="117.15"/>
        <vehicle id="cfm-slow_1" eclass="HBEFA3/PC_G_EU4" CO2="14889.34" CO="231.30" HC="1.42" NOx="6.42" PMx="0.34" fuel="6.40" electricity="0.00" noise="75.12" route="routebottom" type="cfm-slow" waiting="0.00" lane="right_0" pos="45.39" speed="22.67" angle="282.86" x="73.65" y="131.53"/>
        <vehicle id="cfm-slow_2" eclass="HBEFA3/PC_G_EU4" CO2="18979.34" CO="318.86" HC="1.92" NOx="8.31" PMx="0.45" fuel="8.16" electricity="0.00" noise="77.60" route="routetop" type="cfm-slow" waiting="0.00" lane="top_0" pos="13.44" speed="24.37" angle="250.29" x="35.52" y="126.23"/>
        <vehicle id="cfm-slow_3" eclass="HBEFA3/PC_G_EU4" CO2="20073.49" CO="349.00" HC="2.09" NOx="8.78" PMx="0.49" fuel="8.63" electricity="0.00" noise="78.22" route="routetop" type="cfm-slow" waiting="0.00" lane="top_0" pos="33.24" speed="26.49" angle="214.66" x="4.36" y="98.16"/>
        <vehicle id="cfm-slow_4" eclass="HBEFA3/PC_G_EU4" CO2="15607.38" CO="267.41" HC="1.61" NOx="6.62" PMx="0.38" fuel="6.71" electricity="0.00" noise="76.34" route="routetop" type="cfm-slow" waiting="0.00" lane="left_0" pos="5.22" speed="28.45" angle="175.10" x="-4.02" y="52.40"/>
        <vehicle id="cfm-slow_5" eclass="HBEFA3/PC_G_EU4" CO2="7539.25" CO="108.24" HC="0.69" NOx="2.79" PMx="0.17" fuel="3.24" electricity="0.00" noise="74.07" route="routetop" type="cfm-slow" waiting="0.00" lane="left_0" pos="29.13" speed="29.51" angle="132.04" x="21.82" y="9.30"/>
    </timestep>
    <timestep time="4.83">
        <vehicle id="cfm-fast_0" eclass="HBEFA3/PC_G_EU4" CO2="0.00" CO="0.00" HC="0.00" NOx="0.00" PMx="0.00" fuel="0.00" electricity="0.00" noise="72.80" route="routebottom" type="cfm-fast" waiting="0.00" lane="bottom_0" pos="4.30" speed="29.40" angle="86.78" x="72.99" y="-4.30"/>
        <vehicle id="cfm-fast_1" eclass="HBEFA3/PC_G_EU4" CO2="196271.96" CO="4750.04" HC="26.60" NOx="91.22" PMx="5.44" fuel="84.37" electricity="0.00" noise="130.29" route="routebottom" type="cfm-fast" waiting="0.00" lane="right_1" pos="19.38" speed="64.51" angle="329.60" x="117.23" y="101.01"/>
        <vehicle id="cfm-fast_2" eclass="HBEFA3/PC_G_EU4" CO2="0.00" CO="0.00" HC="0.00" NOx="0.00" PMx="0.00" fuel="0.00" electricity="0.00" noise="71.88" route="routebottom" type="cfm-fast" waiting="0.00" lane="bottom_0" pos="25.48" speed="27.91" angle="48.60" x="112.89" y="15.88"/>
        <vehicle id="cfm-fast_3" eclass="HBEFA3/PC_G_EU4" CO2="0.00" CO="0.00" HC="0.00" NOx="0.00" PMx="0.00" fuel="0.00" electricity="0.00" noise="70.61" route="routebottom" type="cfm-fast" waiting="0.00" lane="bottom_0" pos="44.74" speed="26.60" angle="13.96" x="131.33" y="52.31"/>
        <vehicle id="cfm-fast_4" eclass="HBEFA3/PC_G_EU4" CO2="0.00" CO="0.00" HC="0.00" NOx="0.00" PMx="0.00" fuel="0.00" electricity="0.00" noise="69.48" route="routebottom" type="cfm-fast" waiting="0.00" lane="right_0" pos="12.56" speed="24.17" angle="341.81" x="126.98" y="90.07"/>
        <vehicle id="cfm-fast_5" eclass="HBEFA3/PC_G_EU4" CO2="262247.65" CO="6158.30" HC="34.66" NOx="122.33" PMx="7.18" fuel="112.73" electricity="0.00" noise="146.63" route="routetop" type="cfm-fast" waiting="0.00" lane="top_1" pos="34.56" speed="65.86" angle="212.36" x="5.89" y="94.13"/>
        <vehicle id="cfm-slow_0" eclass="HBEFA3/PC_G_EU4" CO2="10744.59" CO="145.09" HC="0.92" NOx="4.48" PMx="0.23" fuel="4.62" electricity="0.00" noise="72.58" route="routebottom" type="cfm-slow" waiting="0.00" lane="right_0" pos="28.69" speed="21.59" angle="312.87" x="106.25" y="117.44"/>
        <vehicle id="cfm-slow_1" eclass="HBEFA3/PC_G_EU4" CO2="14916.73" CO="231.89" HC="1.42" NOx="6.43" PMx="0.34" fuel="6.41" electricity="0.00" noise="75.14" route="routebottom" type="cfm-slow" waiting="0.00" lane="right_0" pos="45.61" speed="22.69" angle="282.45" x="73.17" y="131.60"/>
        <vehicle id="cfm-slow_2" eclass="HBEFA3/PC_G_EU4" CO2="18980.81" CO="318.96" HC="1.92" NOx="8.31" PMx="0.45" fuel="8.16" electricity="0.00" noise="77.60" route="routetop" type="cfm-slow" waiting="0.00" lane="top_0" pos="13.68" speed="24.39" angle="249.84" x="35.04" y="126.01"/>
        <vehicle id="cfm-slow_3" eclass="HBEFA3/PC_G_EU4" CO2="20023.49" CO="348.07" HC="2.08" NOx="8.75" PMx="0.49" fuel="8.61" electricity="0.00" noise="78.19" route="routetop" type="cfm-slow" waiting="0.00" lane="top_0" pos="33.51" speed="26.52" angle="214.22" x="4.08" y="97.67"/>
        <vehicle id="cfm-slow_4" eclass="HBEFA3/PC_G_EU4" CO2="15517.27" CO="265.64" HC="1.60" NOx="6.58" PMx="0.37" fuel="6.67" electricity="0.00" noise="76.30" route="routetop" type="cfm-slow" waiting="0.00" lane="left_0" pos="5.50" speed="28.47" angle="174.58" x="-3.91" y="51.79"/>
        <vehicle id="cfm-slow_5" eclass="HBEFA3/PC_G_EU4" CO2="7453.74" CO="106.49" HC="0.68" NOx="2.75" PMx="0.17" fuel="3.20" electricity="0.00" noise="74.05" route="routetop" type="cfm-slow" waiting="0.00" lane="left_0" pos="29.42" speed="29.52" angle="131.52" x="22.32" y="8.91"/>
    </timestep>
    <timestep time="4.84">
        <vehicle id="cfm-fast_0" eclass="HBEFA3/PC_G_EU4" CO2="0.00" CO="0.00" HC="0.00" NOx="0.00" PMx="0.00" fuel="0.00" electricity="0.00" noise="72.79" route="routebottom" type="cfm-fast" waiting="0.00" lane="bottom_0" pos="4.60" speed="29.39" angle="86.25" x="73.61" y="-4.22"/>
        <vehicle id="cfm-fast_1" eclass="HBEFA3/PC_G_EU4" CO2="195835.32" CO="4744.68" HC="26.56" NOx="91.01" PMx="5.43" fuel="84.18" electricity="0.00" noise="130.13" route="routebottom" type="cfm-fast" waiting="0.00" lane="right_1" pos="20.03" speed="64.61" angle="328.39" x="116.45" y="102.09"/>
        <vehicle id="cfm-fast_2" eclass="HBEFA3/PC_G_EU4" CO2="0.00" CO="0.00" HC="0.00" NOx="0.00" PMx="0.00" fuel="0.00" electricity="0.00" noise="71.87" route="routebottom" type="cfm-fast" waiting="0.00" lane="bottom_0" pos="25.75" speed="27.90" angle="48.15" x="113.31" y="16.31"/>
        <vehicle id="cfm-fast_3" eclass="HBEFA3/PC_G_EU4" CO2="0.00" CO="0.00" HC="0.00" NOx="0.00" PMx="0.00" fuel="0.00" electricity="0.00" noise="70.60" route="routebottom" type="cfm-fast" waiting="0.00" lane="bottom_0" pos="45.01" speed="26.58" angle="13.54" x="131.42" y="52.88"/>
        <vehicle id="cfm-fast_4" eclass="HBEFA3/PC_G_EU4" CO2="0.00" CO="0.00" HC="0.00" NOx="0.00" PMx="0.00" fuel="0.00" electricity="0.00" noise="69.48" route="routebottom" type="cfm-fast" waiting="0.00" lane="right_0" pos="12.80" speed="24.16" angle="341.43" x="126.78" y="90.56"/>
        <vehicle id="cfm-fast_5" eclass="HBEFA3/PC_G_EU4" CO2="262855.82" CO="6175.92" HC="34.75" NOx="122.62" PMx="7.20" fuel="112.99" electricity="0.00" noise="146.70" route="routetop" type="cfm-fast" waiting="0.00" lane="top_1" pos="35.22" speed="66.00" angle="211.18" x="5.28" y="92.92"/>
        <vehicle id="cfm-slow_0" eclass="HBEFA3/PC_G_EU4" CO2="10772.38" CO="145.67" HC="0.93" NOx="4.50" PMx="0.23" fuel="4.63" electricity="0.00" noise="72.60" route="routebottom" type="cfm-slow" waiting="0.00" lane="right_0" pos="28.90" speed="21.61" angle="312.47" x="105.88" y="117.72"/>
        <vehicle id="cfm-slow_1" eclass="HBEFA3/PC_G_EU4" CO2="14943.99" CO="232.48" HC="1.43" NOx="6.44" PMx="0.34" fuel="6.42" electricity="0.00" noise="75.16" route="routebottom" type="cfm-slow" waiting="0.00" lane="right_0" pos="45.84" speed="22.71" angle="282.04" x="72.69" y="131.67"/>
        <vehicle id="cfm-slow_2" eclass="HBEFA3/PC_G_EU4" CO2="18981.91" CO="319.04" HC="1.92" NOx="8.31" PMx="0.45" fuel="8.16" electricity="0.00" noise="77.60" route="routetop" type="cfm-slow" waiting="0.00" lane="top_0" pos="13.92" speed="24.41" angle="249.40" x="34.56" y="125.80"/>
        <vehicle id="cfm-slow_3" eclass="HBEFA3/PC_G_EU4" CO2="19973.20" CO="347.13" HC="2.08" NOx="8.73" PMx="0.48" fuel="8.59" electricity="0.00" noise="78.17" route="routetop" type="cfm-slow" waiting="0.00" lane="top_0" pos="33.77" speed="26.54" angle="213.74" x="3.80" y="97.17"/>
        <vehicle id="cfm-slow_4" eclass="HBEFA3/PC_G_EU4" CO2="15427.25" CO="263.87" HC="1.59" NOx="6.54" PMx="0.37" fuel="6.63" electricity="0.00" noise="76.27" route="routetop" type="cfm-slow" waiting="0.00" lane="left_0" pos="5.79" speed="28.48" angle="174.06" x="-3.80" y="51.19"/>
        <vehicle id="cfm-slow_5" eclass="HBEFA3/PC_G_EU4" CO2="7368.46" CO="104.75" HC="0.67" NOx="2.71" PMx="0.17" fuel="3.17" electricity="0.00" noise="74.03" route="routetop" type="cfm-slow" waiting="0.00" lane="left_0" pos="29.72" speed="29.52" angle="131.01" x="22.83" y="8.53"/>
    </timestep>
    <timestep time="4.85">
        <vehicle id="cfm-fast_0" eclass="HBEFA3/PC_G_EU4" CO2="0.00" CO="0.00" HC="0.00" NOx="0.00" PMx="0.00" fuel="0.00" electricity="0.00" noise="72.78" route="routebottom" type="cfm-fast" waiting="0.00" lane="bottom_0" pos="4.89" speed="29.39" angle="85.72" x="74.24" y="-4.13"/>
        <vehicle id="cfm-fast_1" eclass="HBEFA3/PC_G_EU4" CO2="195414.68" CO="4739.65" HC="26.53" NOx="90.81" PMx="5.42" fuel="84.00" electricity="0.00" noise="129.98" route="routebottom" type="cfm-fast" waiting="0.00" lane="right_1" pos="20.67" speed="64.71" angle="327.25" x="115.66" y="103.15"/>
        <vehicle id="cfm-fast_2" eclass="HBEFA3/PC_G_EU4" CO2="0.00" CO="0.00" HC="0.00" NOx="0.00" PMx="0.00" fuel="0.00" electricity="0.00" noise="71.85" route="routebottom" type="cfm-fast" waiting="0.00" lane="bottom_0" pos="26.03" speed="27.89" angle="47.64" x="113.72" y="16.75"/>
        <vehicle id="cfm-fast_3" eclass="HBEFA3/PC_G_EU4" CO2="0.00" CO="0.00" HC="0.00" NOx="0.00" PMx="0.00" fuel="0.00" electricity="0.00" noise="70.59" route="routebottom" type="cfm-fast" waiting="0.00" lane="bottom_0" pos="45.27" speed="26.56" angle="13.06" x="131.50" y="53.44"/>
        <vehicle id="cfm-fast_4" eclass="HBEFA3/PC_G_EU4" CO2="0.00" CO="0.00" HC="0.00" NOx="0.00" PMx="0.00" fuel="0.00" electricity="0.00" noise="69.48" route="routebottom" type="cfm-fast" waiting="0.00" lane="right_0" pos="13.04" speed="24.15" angle="340.99" x="126.57" y="91.03"/>
        <vehicle id="cfm-fast_5" eclass="HBEFA3/PC_G_EU4" CO2="263464.29" CO="6193.57" HC="34.85" NOx="122.90" PMx="7.22" fuel="113.25" electricity="0.00" noise="146.76" route="routetop" type="cfm-fast" waiting="0.00" lane="top_1" pos="35.88" speed="66.14" angle="210.02" x="4.67" y="91.71"/>
        <vehicle id="cfm-slow_0" eclass="HBEFA3/PC_G_EU4" CO2="10800.26" CO="146.25" HC="0.93" NOx="4.51" PMx="0.23" fuel="4.64" electricity="0.00" noise="72.62" route="routebottom" type="cfm-slow" waiting="0.00" lane="right_0" pos="29.12" speed="21.62" angle="312.08" x="105.52" y="118.01"/>
        <vehicle id="cfm-slow_1" eclass="HBEFA3/PC_G_EU4" CO2="14971.12" CO="233.06" HC="1.43" NOx="6.45" PMx="0.34" fuel="6.44" electricity="0.00" noise="75.18" route="routebottom" type="cfm-slow" waiting="0.00" lane="right_0" pos="46.07" speed="22.72" angle="281.64" x="72.20" y="131.74"/>
        <vehicle id="cfm-slow_2" eclass="HBEFA3/PC_G_EU4" CO2="18982.65" CO="319.12" HC="1.92" NOx="8.31" PMx="0.45" fuel="8.16" electricity="0.00" noise="77.60" route="routetop" type="cfm-slow" waiting="0.00" lane="top_0" pos="14.17" speed="24.44" angle="249.01" x="34.08" y="125.58"/>
        <vehicle id="cfm-slow_3" eclass="HBEFA3/PC_G_EU4" CO2="19922.59" CO="346.19" HC="2.07" NOx="8.70" PMx="0.48" fuel="8.56" electricity="0.00" noise="78.14" route="routetop" type="cfm-slow" waiting="0.00" lane="top_0" pos="34.04" speed="26.56" angle="213.25" x="3.52" y="96.67"/>
        <vehicle id="cfm-slow_4" eclass="HBEFA3/PC_G_EU4" CO2="15337.34" CO="262.10" HC="1.58" NOx="6.50" PMx="0.37" fuel="6.59" electricity="0.00" noise="76.24" route="routetop" type="cfm-slow" waiting="0.00" lane="left_0" pos="6.07" speed="28.50" angle="173.54" x="-3.69" y="50.59"/>
        <vehicle id="cfm-slow_5" eclass="HBEFA3/PC_G_EU4" CO2="7283.40" CO="103.02" HC="0.66" NOx="2.67" PMx="0.16" fuel="3.13" electricity="0.00" noise="74.01" route="routetop" type="cfm-slow" waiting="0.00" lane="left_0" pos="30.01" speed="29.52" angle="130.47" x="23.35" y="8.16"/>
    </timestep>
    <timestep time="4.86">
        <vehicle id="cfm-fast_0" eclass="HBEFA3/PC_G_EU4" CO2="0.00" CO="0.00" HC="0.00" NOx="0.00" PMx="0.00" fuel="0.00" electricity="0.00" noise="72.77" route="routebottom" type="cfm-fast" waiting="0.00" lane="bottom_0" pos="5.18" speed="29.38" angle="85.15" x="74.87" y="-4.03"/>
        <vehicle id="cfm-fast_1" eclass="HBEFA3/PC_G_EU4" CO2="195009.92" CO="4734.94" HC="26.50" NOx="90.62" PMx="5.41" fuel="83.83" electricity="0.00" noise="129.83" route="routebottom" type="cfm-fast" waiting="0.00" lane="right_1" pos="21.32" speed="64.81" angle="326.07" x="114.84" y="104.20"/>
        <vehicle id="cfm-fast_2" eclass="HBEFA3/PC_G_EU4" CO2="0.00" CO="0.00" HC="0.00" NOx="0.00" PMx="0.00" fuel="0.00" electricity="0.00" noise="71.83" route="routebottom" type="cfm-fast" waiting="0.00" lane="bottom_0" pos="26.31" speed="27.88" angle="47.13" x="114.13" y="17.20"/>
        <vehicle id="cfm-fast_3" eclass="HBEFA3/PC_G_EU4" CO2="0.00" CO="0.00" HC="0.00" NOx="0.00" PMx="0.00" fuel="0.00" electricity="0.00" noise="70.58" route="routebottom" type="cfm-fast" waiting="0.00" lane="bottom_0" pos="45.54" speed="26.54" angle="12.58" x="131.58" y="54.01"/>
        <vehicle id="cfm-fast_4" eclass="HBEFA3/PC_G_EU4" CO2="0.00" CO="0.00" HC="0.00" NOx="0.00" PMx="0.00" fuel="0.00" electricity="0.00" noise="69.48" route="routebottom" type="cfm-fast" waiting="0.00" lane="right_0" pos="13.28" speed="24.13" angle="340.55" x="126.36" y="91.50"/>
        <vehicle id="cfm-fast_5" eclass="HBEFA3/PC_G_EU4" CO2="264073.04" CO="6211.23" HC="34.94" NOx="123.19" PMx="7.23" fuel="113.51" electricity="0.00" noise="146.83" route="routetop" type="cfm-fast" waiting="0.00" lane="top_1" pos="36.54" speed="66.27" angle="208.77" x="4.11" y="90.47"/>
        <vehicle id="cfm-slow_0" eclass="HBEFA3/PC_G_EU4" CO2="10828.24" CO="146.83" HC="0.93" NOx="4.52" PMx="0.23" fuel="4.65" electricity="0.00" noise="72.64" route="routebottom" type="cfm-slow" waiting="0.00" lane="right_0" pos="29.33" speed="21.63" angle="311.69" x="105.15" y="118.30"/>
        <vehicle id="cfm-slow_1" eclass="HBEFA3/PC_G_EU4" CO2="14998.12" CO="233.64" HC="1.43" NOx="6.47" PMx="0.35" fuel="6.45" electricity="0.00" noise="75.19" route="routebottom" type="cfm-slow" waiting="0.00" lane="right_0" pos="46.29" speed="22.74" angle="281.28" x="71.72" y="131.80"/>
        <vehicle id="cfm-slow_2" eclass="HBEFA3/PC_G_EU4" CO2="18983.03" CO="319.20" HC="1.92" NOx="8.31" PMx="0.45" fuel="8.16" electricity="0.00" noise="77.60" route="routetop" type="cfm-slow" waiting="0.00" lane="top_0" pos="14.41" speed="24.46" angle="248.54" x="33.61" y="125.34"/>
        <vehicle id="cfm-slow_3" eclass="HBEFA3/PC_G_EU4" CO2="19871.69" CO="345.24" HC="2.07" NOx="8.68" PMx="0.48" fuel="8.54" electricity="0.00" noise="78.11" route="routetop" type="cfm-slow" waiting="0.00" lane="top_0" pos="34.31" speed="26.58" angle="212.77" x="3.25" y="96.17"/>
        <vehicle id="cfm-slow_4" eclass="HBEFA3/PC_G_EU4" CO2="15247.52" CO="260.33" HC="1.57" NOx="6.45" PMx="0.37" fuel="6.55" electricity="0.00" noise="76.20" route="routetop" type="cfm-slow" waiting="0.00" lane="left_0" pos="6.36" speed="28.51" angle="173.07" x="-3.58" y="49.99"/>
        <vehicle id="cfm-slow_5" eclass="HBEFA3/PC_G_EU4" CO2="7198.56" CO="101.28" HC="0.65" NOx="2.63" PMx="0.16" fuel="3.09" electricity="0.00" noise="74.00" route="routetop" type="cfm-slow" waiting="0.00" lane="left_0" pos="30.31" speed="29.52" angle="129.93" x="23.86" y="7.79"/>
    </timestep>
    <timestep time="4.87">
        <vehicle id="cfm-fast_0" eclass="HBEFA3/PC_G_EU4" CO2="0.00" CO="0.00" HC="0.00" NOx="0.00" PMx="0.00" fuel="0.00" electricity="0.00" noise="72.75" route="routebottom" type="cfm-fast" waiting="0.00" lane="bottom_0" pos="5.48" speed="29.37" angle="84.61" x="75.49" y="-3.92"/>
        <vehicle id="cfm-fast_1" eclass="HBEFA3/PC_G_EU4" CO2="194620.87" CO="4730.54" HC="26.47" NOx="90.44" PMx="5.40" fuel="83.66" electricity="0.00" noise="129.69" route="routebottom" type="cfm-fast" waiting="0.00" lane="right_1" pos="21.97" speed="64.90" angle="324.94" x="114.01" y="105.24"/>
        <vehicle id="cfm-fast_2" eclass="HBEFA3/PC_G_EU4" CO2="0.00" CO="0.00" HC="0.00" NOx="0.00" PMx="0.00" fuel="0.00" electricity="0.00" noise="71.82" route="routebottom" type="cfm-fast" waiting="0.00" lane="bottom_0" pos="26.59" speed="27.88" angle="46.62" x="114.53" y="17.64"/>
        <vehicle id="cfm-fast_3" eclass="HBEFA3/PC_G_EU4" CO2="0.00" CO="0.00" HC="0.00" NOx="0.00" PMx="0.00" fuel="0.00" electricity="0.00" noise="70.57" route="routebottom" type="cfm-fast" waiting="0.00" lane="bottom_0" pos="45.80" speed="26.52" angle="12.10" x="131.66" y="54.57"/>
        <vehicle id="cfm-fast_4" eclass="HBEFA3/PC_G_EU4" CO2="0.00" CO="0.00" HC="0.00" NOx="0.00" PMx="0.00" fuel="0.00" electricity="0.00" noise="69.48" route="routebottom" type="cfm-fast" waiting="0.00" lane="right_0" pos="13.52" speed="24.12" angle="340.12" x="126.15" y="91.98"/>
        <vehicle id="cfm-fast_5" eclass="HBEFA3/PC_G_EU4" CO2="264682.09" CO="6228.92" HC="35.04" NOx="123.48" PMx="7.25" fuel="113.77" electricity="0.00" noise="146.90" route="routetop" type="cfm-fast" waiting="0.00" lane="top_1" pos="37.20" speed="66.41" angle="207.59" x="3.56" y="89.23"/>
        <vehicle id="cfm-slow_0" eclass="HBEFA3/PC_G_EU4" CO2="10856.31" CO="147.41" HC="0.94" NOx="4.54" PMx="0.24" fuel="4.67" electricity="0.00" noise="72.66" route="routebottom" type="cfm-slow" waiting="0.00" lane="right_0" pos="29.55" speed="21.65" angle="311.35" x="104.78" y="118.58"/>
        <vehicle id="cfm-slow_1" eclass="HBEFA3/PC_G_EU4" CO2="15024.99" CO="234.22" HC="1.44" NOx="6.48" PMx="0.35" fuel="6.46" electricity="0.00" noise="75.21" route="routebottom" type="cfm-slow" waiting="0.00" lane="right_0" pos="46.52" speed="22.76" angle="280.86" x="71.23" y="131.85"/>
        <vehicle id="cfm-slow_2" eclass="HBEFA3/PC_G_EU4" CO2="18983.05" CO="319.26" HC="1.93" NOx="8.31" PMx="0.45" fuel="8.16" electricity="0.00" noise="77.60" route="routetop" type="cfm-slow" waiting="0.00" lane="top_0" pos="14.66" speed="24.48" angle="248.07" x="33.14" y="125.10"/>
        <vehicle id="cfm-slow_3" eclass="HBEFA3/PC_G_EU4" CO2="19820.49" CO="344.29" HC="2.06" NOx="8.65" PMx="0.48" fuel="8.52" electricity="0.00" noise="78.09" route="routetop" type="cfm-slow" waiting="0.00" lane="top_0" pos="34.57" speed="26.60" angle="212.32" x="2.97" y="95.67"/>
        <vehicle id="cfm-slow_4" eclass="HBEFA3/PC_G_EU4" CO2="15157.80" CO="258.57" HC="1.56" NOx="6.41" PMx="0.36" fuel="6.52" electricity="0.00" noise="76.17" route="routetop" type="cfm-slow" waiting="0.00" lane="left_0" pos="6.64" speed="28.52" angle="172.53" x="-3.44" y="49.39"/>
        <vehicle id="cfm-slow_5" eclass="HBEFA3/PC_G_EU4" CO2="7113.94" CO="99.56" HC="0.64" NOx="2.59" PMx="0.16" fuel="3.06" electricity="0.00" noise="73.98" route="routetop" type="cfm-slow" waiting="0.00" lane="left_0" pos="30.60" speed="29.53" angle="129.39" x="24.38" y="7.42"/>
    </timestep>
    <timestep time="4.88">
        <vehicle id="cfm-fast_0" eclass="HBEFA3/PC_G_EU4" CO2="0.00" CO="0.00" HC="0.00" NOx="0.00" PMx="0.00" fuel="0.00" electricity="0.00" noise="72.74" route="routebottom" type="cfm-fast" waiting="0.00" lane="bottom_0" pos="5.77" speed="29.37" angle="84.08" x="76.11" y="-3.80"/>
        <vehicle id="cfm-fast_1" eclass="HBEFA3/PC_G_EU4" CO2="194247.41" CO="4726.46" HC="26.44" NOx="90.26" PMx="5.39" fuel="83.50" electricity="0.00" noise="129.55" route="routebottom" type="cfm-fast" waiting="0.00" lane="right_1" pos="22.62" speed="65.00" angle="323.75" x="113.15" y="106.26"/>
        <vehicle id="cfm-fast_2" eclass="HBEFA3/PC_G_EU4" CO2="0.00" CO="0.00" HC="0.00" NOx="0.00" PMx="0.00" fuel="0.00" electricity="0.00" noise="71.80" route="routebottom" type="cfm-fast" waiting="0.00" lane="bottom_0" pos="26.87" speed="27.87" angle="46.15" x="114.94" y="18.07"/>
        <vehicle id="cfm-fast_3" eclass="HBEFA3/PC_G_EU4" CO2="0.00" CO="0.00" HC="0.00" NOx="0.00" PMx="0.00" fuel="0.00" electricity="0.00" noise="70.56" route="routebottom" type="cfm-fast" waiting="0.00" lane="bottom_0" pos="46.07" speed="26.50" angle="11.63" x="131.74" y="55.14"/>
        <vehicle id="cfm-fast_4" eclass="HBEFA3/PC_G_EU4" CO2="0.00" CO="0.00" HC="0.00" NOx="0.00" PMx="0.00" fuel="0.00" electricity="0.00" noise="69.48" route="routebottom" type="cfm-fast" waiting="0.00" lane="right_0" pos="13.76" speed="24.10" angle="339.68" x="125.94" y="92.45"/>
        <vehicle id="cfm-fast_5" eclass="HBEFA3/PC_G_EU4" CO2="265291.43" CO="6246.63" HC="35.14" NOx="123.76" PMx="7.27" fuel="114.04" electricity="0.00" noise="146.96" route="routetop" type="cfm-fast" waiting="0.00" lane="top_1" pos="37.87" speed="66.55" angle="206.33" x="3.05" y="87.96"/>
        <vehicle id="cfm-slow_0" eclass="HBEFA3/PC_G_EU4" CO2="10884.47" CO="148.00" HC="0.94" NOx="4.55" PMx="0.24" fuel="4.68" electricity="0.00" noise="72.67" route="routebottom" type="cfm-slow" waiting="0.00" lane="right_0" pos="29.77" speed="21.66" angle="310.95" x="104.40" y="118.85"/>
        <vehicle id="cfm-slow_1" eclass="HBEFA3/PC_G_EU4" CO2="15051.72" CO="234.79" HC="1.44" NOx="6.49" PMx="0.35" fuel="6.47" electricity="0.00" noise="75.23" route="routebottom" type="cfm-slow" waiting="0.00" lane="right_0" pos="46.75" speed="22.78" angle="280.44" x="70.74" y="131.90"/>
        <vehicle id="cfm-slow_2" eclass="HBEFA3/PC_G_EU4" CO2="18982.70" CO="319.32" HC="1.93" NOx="8.31" PMx="0.45" fuel="8.16" electricity="0.00" noise="77.60" route="routetop" type="cfm-slow" waiting="0.00" lane="top_0" pos="14.90" speed="24.51" angle="247.60" x="32.67" y="124.87"/>
        <vehicle id="cfm-slow_3" eclass="HBEFA3/PC_G_EU4" CO2="19769.00" CO="343.32" HC="2.06" NOx="8.63" PMx="0.48" fuel="8.50" electricity="0.00" noise="78.06" route="routetop" type="cfm-slow" waiting="0.00" lane="top_0" pos="34.84" speed="26.63" angle="211.86" x="2.71" y="95.16"/>
        <vehicle id="cfm-slow_4" eclass="HBEFA3/PC_G_EU4" CO2="15068.18" CO="256.80" HC="1.55" NOx="6.37" PMx="0.36" fuel="6.48" electricity="0.00" noise="76.14" route="routetop" type="cfm-slow" waiting="0.00" lane="left_0" pos="6.93" speed="28.54" angle="171.98" x="-3.31" y="48.79"/>
        <vehicle id="cfm-slow_5" eclass="HBEFA3/PC_G_EU4" CO2="7029.54" CO="97.83" HC="0.63" NOx="2.55" PMx="0.16" fuel="3.02" electricity="0.00" noise="73.96" route="routetop" type="cfm-slow" waiting="0.00" lane="left_0" pos="30.90" speed="29.53" angle="128.92" x="24.90" y="7.05"/>
    </timestep>
    <timestep time="4.89">
        <vehicle id="cfm-fast_0" eclass="HBEFA3/PC_G_EU4" CO2="0.00" CO="0.00" HC="0.00" NOx="0.00" PMx="0.00" fuel="0.00" electricity="0.00" noise="72.73" route="routebottom" type="cfm-fast" waiting="0.00" lane="bottom_0" pos="6.07" speed="29.36" angle="83.54" x="76.73" y="-3.69"/>
        <vehicle id="cfm-fast_1" eclass="HBEFA3/PC_G_EU4" CO2="193889.38" CO="4722.68" HC="26.42" NOx="90.09" PMx="5.38" fuel="83.34" electricity="0.00" noise="129.42" route="routebottom" type="cfm-fast" waiting="0.00" lane="right_1" pos="23.27" speed="65.10" angle="322.64" x="112.28" y="107.27"/>
        <vehicle id="cfm-fast_2" eclass="HBEFA3/PC_G_EU4" CO2="0.00" CO="0.00" HC="0.00" NOx="0.00" PMx="0.00" fuel="0.00" electricity="0.00" noise="71.79" route="routebottom" type="cfm-fast" waiting="0.00" lane="bottom_0" pos="27.15" speed="27.86" angle="45.66" x="115.33" y="18.53"/>
        <vehicle id="cfm-fast_3" eclass="HBEFA3/PC_G_EU4" CO2="0.00" CO="0.00" HC="0.00" NOx="0.00" PMx="0.00" fuel="0.00" electricity="0.00" noise="70.55" route="routebottom" type="cfm-fast" waiting="0.00" lane="bottom_0" pos="46.33" speed="26.48" angle="11.20" x="131.81" y="55.70"/>
        <vehicle id="cfm-fast_4" eclass="HBEFA3/PC_G_EU4" CO2="0.00" CO="0.00" HC="0.00" NOx="0.00" PMx="0.00" fuel="0.00" electricity="0.00" noise="69.48" route="routebottom" type="cfm-fast" waiting="0.00" lane="right_0" pos="14.00" speed="24.09" angle="339.27" x="125.72" y="92.92"/>
        <vehicle id="cfm-fast_5" eclass="HBEFA3/PC_G_EU4" CO2="265901.06" CO="6264.36" HC="35.23" NOx="124.05" PMx="7.29" fuel="114.30" electricity="0.00" noise="147.03" route="routetop" type="cfm-fast" waiting="0.00" lane="top_1" pos="38.54" speed="66.68" angle="205.13" x="2.55" y="86.69"/>
        <vehicle id="cfm-slow_0" eclass="HBEFA3/PC_G_EU4" CO2="10912.72" CO="148.58" HC="0.95" NOx="4.56" PMx="0.24" fuel="4.69" electricity="0.00" noise="72.69" route="routebottom" type="cfm-slow" waiting="0.00" lane="right_0" pos="29.98" speed="21.67" angle="310.54" x="104.02" y="119.13"/>
        <vehicle id="cfm-slow_1" eclass="HBEFA3/PC_G_EU4" CO2="15078.31" CO="235.37" HC="1.44" NOx="6.50" PMx="0.35" fuel="6.48" electricity="0.00" noise="75.24" route="routebottom" type="cfm-slow" waiting="0.00" lane="right_0" pos="46.98" speed="22.80" angle="280.02" x="70.25" y="131.95"/>
        <vehicle id="cfm-slow_2" eclass="HBEFA3/PC_G_EU4" CO2="18981.99" CO="319.37" HC="1.93" NOx="8.30" PMx="0.45" fuel="8.16" electricity="0.00" noise="77.60" route="routetop" type="cfm-slow" waiting="0.00" lane="top_0" pos="15.15" speed="24.53" angle="247.13" x="32.20" y="124.63"/>
        <vehicle id="cfm-slow_3" eclass="HBEFA3/PC_G_EU4" CO2="19717.21" CO="342.36" HC="2.05" NOx="8.60" PMx="0.48" fuel="8.48" electricity="0.00" noise="78.03" route="routetop" type="cfm-slow" waiting="0.00" lane="top_0" pos="35.10" speed="26.65" angle="211.37" x="2.45" y="94.64"/>
        <vehicle id="cfm-slow_4" eclass="HBEFA3/PC_G_EU4" CO2="14978.67" CO="255.04" HC="1.54" NOx="6.33" PMx="0.36" fuel="6.44" electricity="0.00" noise="76.11" route="routetop" type="cfm-slow" waiting="0.00" lane="left_0" pos="7.21" speed="28.55" angle="171.43" x="-3.17" y="48.19"/>
        <vehicle id="cfm-slow_5" eclass="HBEFA3/PC_G_EU4" CO2="6945.36" CO="96.11" HC="0.62" NOx="2.51" PMx="0.15" fuel="2.99" electricity="0.00" noise="73.94" route="routetop" type="cfm-slow" waiting="0.00" lane="left_0" pos="31.19" speed="29.53" angle="128.38" x="25.43" y="6.70"/>
    </timestep>
    <timestep time="4.90">
        <vehicle id="cfm-fast_0" eclass="HBEFA3/PC_G_EU4" CO2="0.00" CO="0.00" HC="0.00" NOx="0.00" PMx="0.00" fuel="0.00" electricity="0.00" noise="72.72" route="routebottom" type="cfm-fast" waiting="0.00" lane="bottom_0" pos="6.36" speed="29.35" angle="83.06" x="77.35" y="-3.58"/>
        <vehicle id="cfm-fast_1" eclass="HBEFA3/PC_G_EU4" CO2="193546.63" CO="4719.22" HC="26.39" NOx="89.93" PMx="5.38" fuel="83.20" electricity="0.00" noise="129.29" route="routebottom" type="cfm-fast" waiting="0.00" lane="right_1" pos="23.92" speed="65.20" angle="321.44" x="111.37" y="108.25"/>
        <vehicle id="cfm-fast_2" eclass="HBEFA3/PC_G_EU4" CO2="0.00" CO="0.00" HC="0.00" NOx="0.00" PMx="0.00" fuel="0.00" electricity="0.00" noise="71.77" route="routebottom" type="cfm-fast" waiting="0.00" lane="bottom_0" pos="27.43" speed="27.85" angle="45.14" x="115.72" y="18.99"/>
        <vehicle id="cfm-fast_3" eclass="HBEFA3/PC_G_EU4" CO2="0.00" CO="0.00" HC="0.00" NOx="0.00" PMx="0.00" fuel="0.00" electricity="0.00" noise="70.54" route="routebottom" type="cfm-fast" waiting="0.00" lane="bottom_0" pos="46.60" speed="26.46" angle="10.71" x="131.87" y="56.27"/>
        <vehicle id="cfm-fast_4" eclass="HBEFA3/PC_G_EU4" CO2="0.00" CO="0.00" HC="0.00" NOx="0.00" PMx="0.00" fuel="0.00" electricity="0.00" noise="69.48" route="routebottom" type="cfm-fast" waiting="0.00" lane="right_0" pos="14.25" speed="24.07" angle="338.85" x="125.50" y="93.39"/>
        <vehicle id="cfm-fast_5" eclass="HBEFA3/PC_G_EU4" CO2="266510.98" CO="6282.12" HC="35.33" NOx="124.33" PMx="7.31" fuel="114.56" electricity="0.00" noise="147.09" route="routetop" type="cfm-fast" waiting="0.00" lane="top_1" pos="39.21" speed="66.82" angle="203.91" x="2.09" y="85.40"/>
        <vehicle id="cfm-slow_0" eclass="HBEFA3/PC_G_EU4" CO2="10941.05" CO="149.17" HC="0.95" NOx="4.58" PMx="0.24" fuel="4.70" electricity="0.00" noise="72.71" route="routebottom" type="cfm-slow" waiting="0.00" lane="right_0" pos="30.20" speed="21.69" angle="310.14" x="103.64" y="119.40"/>
        <vehicle id="cfm-slow_1" eclass="HBEFA3/PC_G_EU4" CO2="15104.76" CO="235.94" HC="1.45" NOx="6.51" PMx="0.35" fuel="6.49" electricity="0.00" noise="75.26" route="routebottom" type="cfm-slow" waiting="0.00" lane="right_0" pos="47.21" speed="22.82" angle="279.60" x="69.76" y="132.00"/>
        <vehicle id="cfm-slow_2" eclass="HBEFA3/PC_G_EU4" CO2="18980.92" CO="319.41" HC="1.93" NOx="8.30" PMx="0.45" fuel="8.16" electricity="0.00" noise="77.60" route="routetop" type="cfm-slow" waiting="0.00" lane="top_0" pos="15.39" speed="24.55" angle="246.74" x="31.73" y="124.39"/>
        <vehicle id="cfm-slow_3" eclass="HBEFA3/PC_G_EU4" CO2="19665.13" CO="341.38" HC="2.05" NOx="8.58" PMx="0.48" fuel="8.45" electricity="0.00" noise="78.01" route="routetop" type="cfm-slow" waiting="0.00" lane="top_0" pos="35.37" speed="26.67" angle="210.88" x="2.20" y="94.13"/>
        <vehicle id="cfm-slow_4" eclass="HBEFA3/PC_G_EU4" CO2="14889.25" CO="253.28" HC="1.53" NOx="6.28" PMx="0.36" fuel="6.40" electricity="0.00" noise="76.07" route="routetop" type="cfm-slow" waiting="0.00" lane="left_0" pos="7.50" speed="28.56" angle="170.89" x="-3.03" y="47.59"/>
        <vehicle id="cfm-slow_5" eclass="HBEFA3/PC_G_EU4" CO2="6861.39" CO="94.39" HC="0.61" NOx="2.47" PMx="0.15" fuel="2.95" electricity="0.00" noise="73.92" route="routetop" type="cfm-slow" waiting="0.00" lane="left_0" pos="31.49" speed="29.53" angle="127.85" x="25.96" y="6.35"/>
    </timestep>
    <timestep time="4.91">
        <vehicle id="cfm-fast_0" eclass="HBEFA3/PC_G_EU4" CO2="0.00" CO="0.00" HC="0.00" NOx="0.00" PMx="0.00" fuel="0.00" electricity="0.00" noise="72.71" route="routebottom" type="cfm-fast" waiting="0.00" lane="bottom_0" pos="6.65" speed="29.35" angle="82.50" x="77.97" y="-3.44"/>
        <vehicle id="cfm-fast_1" eclass="HBEFA3/PC_G_EU4" CO2="193219.02" CO="4716.06" HC="26.37" NOx="89.77" PMx="5.37" fuel="83.06" electricity="0.00" noise="129.17" route="routebottom" type="cfm-fast" waiting="0.00" lane="right_1" pos="24.58" speed="65.30" angle="320.31" x="110.45" y="109.22"/>
        <vehicle id="cfm-fast_2" eclass="HBEFA3/PC_G_EU4" CO2="0.00" CO="0.00" HC="0.00" NOx="0.00" PMx="0.00" fuel="0.00" electricity="0.00" noise="71.76" route="routebottom" type="cfm-fast" waiting="0.00" lane="bottom_0" pos="27.71" speed="27.84" angle="44.62" x="116.10" y="19.44"/>
        <vehicle id="cfm-fast_3" eclass="HBEFA3/PC_G_EU4" CO2="0.00" CO="0.00" HC="0.00" NOx="0.00" PMx="0.00" fuel="0.00" electricity="0.00" noise="70.53" route="routebottom" type="cfm-fast" waiting="0.00" lane="bottom_0" pos="46.86" speed="26.44" angle="10.23" x="131.93" y="56.83"/>
        <vehicle id="cfm-fast_4" eclass="HBEFA3/PC_G_EU4" CO2="0.00" CO="0.00" HC="0.00" NOx="0.00" PMx="0.00" fuel="0.00" electricity="0.00" noise="69.48" route="routebottom" type="cfm-fast" waiting="0.00" lane="right_0" pos="14.49" speed="24.06" angle="338.39" x="125.27" y="93.85"/>
        <vehicle id="cfm-fast_5" eclass="HBEFA3/PC_G_EU4" CO2="267121.20" CO="6299.89" HC="35.43" NOx="124.62" PMx="7.32" fuel="114.82" electricity="0.00" noise="147.16" route="routetop" type="cfm-fast" waiting="0.00" lane="top_1" pos="39.87" speed="66.95" angle="202.75" x="1.63" y="84.10"/>
        <vehicle id="cfm-slow_0" eclass="HBEFA3/PC_G_EU4" CO2="10969.45" CO="149.76" HC="0.95" NOx="4.59" PMx="0.24" fuel="4.72" electricity="0.00" noise="72.73" route="routebottom" type="cfm-slow" waiting="0.00" lane="right_0" pos="30.42" speed="21.70" angle="309.74" x="103.27" y="119.67"/>
        <vehicle id="cfm-slow_1" eclass="HBEFA3/PC_G_EU4" CO2="15131.06" CO="236.51" HC="1.45" NOx="6.53" PMx="0.35" fuel="6.50" electricity="0.00" noise="75.28" route="routebottom" type="cfm-slow" waiting="0.00" lane="right_0" pos="47.43" speed="22.84" angle="279.23" x="69.28" y="132.05"/>
        <vehicle id="cfm-slow_2" eclass="HBEFA3/PC_G_EU4" CO2="18979.47" CO="319.45" HC="1.93" NOx="8.30" PMx="0.45" fuel="8.16" electricity="0.00" noise="77.60" route="routetop" type="cfm-slow" waiting="0.00" lane="top_0" pos="15.64" speed="24.58" angle="246.30" x="31.27" y="124.13"/>
        <vehicle id="cfm-slow_3" eclass="HBEFA3/PC_G_EU4" CO2="19612.77" CO="340.40" HC="2.04" NOx="8.55" PMx="0.48" fuel="8.43" electricity="0.00" noise="77.98" route="routetop" type="cfm-slow" waiting="0.00" lane="top_0" pos="35.64" speed="26.69" angle="210.38" x="1.94" y="93.62"/>
        <vehicle id="cfm-slow_4" eclass="HBEFA3/PC_G_EU4" CO2="14799.94" CO="251.52" HC="1.52" NOx="6.24" PMx="0.36" fuel="6.36" electricity="0.00" noise="76.04" route="routetop" type="cfm-slow" waiting="0.00" lane="left_0" pos="7.78" speed="28.57" angle="170.42" x="-2.88" y="46.99"/>
        <vehicle id="cfm-slow_5" eclass="HBEFA3/PC_G_EU4" CO2="6777.64" CO="92.68" HC="0.60" NOx="2.43" PMx="0.15" fuel="2.91" electricity="0.00" noise="73.90" route="routetop" type="cfm-slow" waiting="0.00" lane="left_0" pos="31.78" speed="29.53" angle="127.32" x="26.49" y="6.00"/>
    </timestep>
    <timestep time="4.92">
        <vehicle id="cfm-fast_0" eclass="HBEFA3/PC_G_EU4" CO2="0.00" CO="0.00" HC="0.00" NOx="0.00" PMx="0.00" fuel="0.00" electricity="0.00" noise="72.69" route="routebottom" type="cfm-fast" waiting="0.00" lane="bottom_0" pos="6.95" speed="29.34" angle="81.94" x="78.58" y="-3.30"/>
        <vehicle id="cfm-fast_1" eclass="HBEFA3/PC_G_EU4" CO2="192906.41" CO="4713.20" HC="26.35" NOx="89.62" PMx="5.36" fuel="82.92" electricity="0.00" noise="129.05" route="routebottom" type="cfm-fast" waiting="0.00" lane="right_1" pos="25.23" speed="65.39" angle="319.11" x="109.50" y="110.17"/>
        <vehicle id="cfm-fast_2" eclass="HBEFA3/PC_G_EU4" CO2="0.00" CO="0.00" HC="0.00" NOx="0.00" PMx="0.00" fuel="0.00" electricity="0.00" noise="71.74" route="routebottom" type="cfm-fast" waiting="0.00" lane="bottom_0" pos="27.98" speed="27.83" angle="44.10" x="116.49" y="19.90"/>
        <vehicle id="cfm-fast_3" eclass="HBEFA3/PC_G_EU4" CO2="0.00" CO="0.00" HC="0.00" NOx="0.00" PMx="0.00" fuel="0.00" electricity="0.00" noise="70.52" route="routebottom" type="cfm-fast" waiting="0.00" lane="bottom_0" pos="47.13" speed="26.42" angle="9.75" x="131.98" y="57.40"/>
        <vehicle id="cfm-fast_4" eclass="HBEFA3/PC_G_EU4" CO2="0.00" CO="0.00" HC="0.00" NOx="0.00" PMx="0.00" fuel="0.00" electricity="0.00" noise="69.48" route="routebottom" type="cfm-fast" waiting="0.00" lane="right_0" pos="14.73" speed="24.05" angle="337.93" x="125.03" y="94.32"/>
        <vehicle id="cfm-fast_5" eclass="HBEFA3/PC_G_EU4" CO2="267731.70" CO="6317.69" HC="35.52" NOx="124.91" PMx="7.34" fuel="115.08" electricity="0.00" noise="147.22" route="routetop" type="cfm-fast" waiting="0.00" lane="top_1" pos="40.55" speed="67.09" angle="201.49" x="1.23" y="82.79"/>
        <vehicle id="cfm-slow_0" eclass="HBEFA3/PC_G_EU4" CO2="10997.94" CO="150.36" HC="0.96" NOx="4.60" PMx="0.24" fuel="4.73" electricity="0.00" noise="72.75" route="routebottom" type="cfm-slow" waiting="0.00" lane="right_0" pos="30.64" speed="21.71" angle="309.33" x="102.89" y="119.94"/>
        <vehicle id="cfm-slow_1" eclass="HBEFA3/PC_G_EU4" CO2="15157.21" CO="237.07" HC="1.45" NOx="6.54" PMx="0.35" fuel="6.52" electricity="0.00" noise="75.30" route="routebottom" type="cfm-slow" waiting="0.00" lane="right_0" pos="47.66" speed="22.86" angle="278.82" x="68.78" y="132.08"/>
        <vehicle id="cfm-slow_2" eclass="HBEFA3/PC_G_EU4" CO2="18977.67" CO="319.48" HC="1.93" NOx="8.30" PMx="0.45" fuel="8.16" electricity="0.00" noise="77.60" route="routetop" type="cfm-slow" waiting="0.00" lane="top_0" pos="15.89" speed="24.60" angle="245.85" x="30.80" y="123.88"/>
        <vehicle id="cfm-slow_3" eclass="HBEFA3/PC_G_EU4" CO2="19560.11" CO="339.42" HC="2.03" NOx="8.53" PMx="0.47" fuel="8.41" electricity="0.00" noise="77.95" route="routetop" type="cfm-slow" waiting="0.00" lane="top_0" pos="35.91" speed="26.71" angle="209.94" x="1.69" y="93.10"/>
        <vehicle id="cfm-slow_4" eclass="HBEFA3/PC_G_EU4" CO2="14710.73" CO="249.76" HC="1.51" NOx="6.20" PMx="0.35" fuel="6.32" electricity="0.00" noise="76.01" route="routetop" type="cfm-slow" waiting="0.00" lane="left_0" pos="8.07" speed="28.59" angle="169.89" x="-2.73" y="46.40"/>
        <vehicle id="cfm-slow_5" eclass="HBEFA3/PC_G_EU4" CO2="6694.11" CO="90.97" HC="0.59" NOx="2.40" PMx="0.15" fuel="2.88" electricity="0.00" noise="73.89" route="routetop" type="cfm-slow" waiting="0.00" lane="left_0" pos="32.08" speed="29.53" angle="126.85" x="27.02" y="5.65"/>
    </timestep>
    <timestep time="4.93">
        <vehicle id="cfm-fast_0" eclass="HBEFA3/PC_G_EU4" CO2="0.00" CO="0.00" HC="0.00" NOx="0.00" PMx="0.00" fuel="0.00" electricity="0.00" noise="72.68" route="routebottom" type="cfm-fast" waiting="0.00" lane="bottom_0" pos="7.24" speed="29.33" angle="81.38" x="79.20" y="-3.15"/>
        <vehicle id="cfm-fast_1" eclass="HBEFA3/PC_G_EU4" CO2="192608.65" CO="4710.64" HC="26.33" NOx="89.48" PMx="5.36" fuel="82.79" electricity="0.00" noise="128.93" route="routebottom" type="cfm-fast" waiting="0.00" lane="right_1" pos="25.89" speed="65.49" angle="317.97" x="108.54" y="111.10"/>
        <vehicle id="cfm-fast_2" eclass="HBEFA3/PC_G_EU4" CO2="0.00" CO="0.00" HC="0.00" NOx="0.00" PMx="0.00" fuel="0.00" electricity="0.00" noise="71.73" route="routebottom" type="cfm-fast" waiting="0.00" lane="bottom_0" pos="28.26" speed="27.82" angle="43.64" x="116.87" y="20.36"/>
        <vehicle id="cfm-fast_3" eclass="HBEFA3/PC_G_EU4" CO2="0.00" CO="0.00" HC="0.00" NOx="0.00" PMx="0.00" fuel="0.00" electricity="0.00" noise="70.51" route="routebottom" type="cfm-fast" waiting="0.00" lane="bottom_0" pos="47.39" speed="26.40" angle="9.29" x="132.04" y="57.96"/>
        <vehicle id="cfm-fast_4" eclass="HBEFA3/PC_G_EU4" CO2="0.00" CO="0.00" HC="0.00" NOx="0.00" PMx="0.00" fuel="0.00" electricity="0.00" noise="69.48" route="routebottom" type="cfm-fast" waiting="0.00" lane="right_0" pos="14.97" speed="24.03" angle="337.48" x="124.80" y="94.78"/>
        <vehicle id="cfm-fast_5" eclass="HBEFA3/PC_G_EU4" CO2="268342.50" CO="6335.51" HC="35.62" NOx="125.19" PMx="7.36" fuel="115.35" electricity="0.00" noise="147.29" route="routetop" type="cfm-fast" waiting="0.00" lane="top_1" pos="41.22" speed="67.23" angle="200.30" x="0.83" y="81.47"/>
        <vehicle id="cfm-slow_0" eclass="HBEFA3/PC_G_EU4" CO2="11026.49" CO="150.95" HC="0.96" NOx="4.61" PMx="0.24" fuel="4.74" electricity="0.00" noise="72.77" route="routebottom" type="cfm-slow" waiting="0.00" lane="right_0" pos="30.85" speed="21.73" angle="308.99" x="102.50" y="120.21"/>
        <vehicle id="cfm-slow_1" eclass="HBEFA3/PC_G_EU4" CO2="15183.22" CO="237.64" HC="1.46" NOx="6.55" PMx="0.35" fuel="6.53" electricity="0.00" noise="75.31" route="routebottom" type="cfm-slow" waiting="0.00" lane="right_0" pos="47.89" speed="22.88" angle="278.40" x="68.29" y="132.11"/>
        <vehicle id="cfm-slow_2" eclass="HBEFA3/PC_G_EU4" CO2="18975.49" CO="319.50" HC="1.93" NOx="8.30" PMx="0.45" fuel="8.16" electricity="0.00" noise="77.60" route="routetop" type="cfm-slow" waiting="0.00" lane="top_0" pos="16.13" speed="24.62" angle="245.41" x="30.34" y="123.62"/>
        <vehicle id="cfm-slow_3" eclass="HBEFA3/PC_G_EU4" CO2="19507.18" CO="338.43" HC="2.03" NOx="8.50" PMx="0.47" fuel="8.39" electricity="0.00" noise="77.93" route="routetop" type="cfm-slow" waiting="0.00" lane="top_0" pos="36.17" speed="26.73" angle="209.45" x="1.45" y="92.58"/>
        <vehicle id="cfm-slow_4" eclass="HBEFA3/PC_G_EU4" CO2="14621.63" CO="248.00" HC="1.50" NOx="6.16" PMx="0.35" fuel="6.29" electricity="0.00" noise="75.98" route="routetop" type="cfm-slow" waiting="0.00" lane="left_0" pos="8.35" speed="28.60" angle="169.37" x="-2.57" y="45.80"/>
        <vehicle id="cfm-slow_5" eclass="HBEFA3/PC_G_EU4" CO2="6610.79" CO="89.26" HC="0.58" NOx="2.36" PMx="0.15" fuel="2.84" electricity="0.00" noise="73.87" route="routetop" type="cfm-slow" waiting="0.00" lane="left_0" pos="32.37" speed="29.53" angle="126.29" x="27.56" y="5.32"/>
    </timestep>
    <timestep time="4.94">
        <vehicle id="cfm-fast_0" eclass="HBEFA3/PC_G_EU4" CO2="0.00" CO="0.00" HC="0.00" NOx="0.00" PMx="0.00" fuel="0.00" electricity="0.00" noise="72.67" route="routebottom" type="cfm-fast" waiting="0.00" lane="bottom_0" pos="7.53" speed="29.32" angle="80.82" x="79.81" y="-3.01"/>
        <vehicle id="cfm-fast_1" eclass="HBEFA3/PC_G_EU4" CO2="192325.59" CO="4708.38" HC="26.31" NOx="89.34" PMx="5.35" fuel="82.67" electricity="0.00" noise="128.82" route="routebottom" type="cfm-fast" waiting="0.00" lane="right_1" pos="26.54" speed="65.59" angle="316.78" x="107.55" y="112.02"/>
        <vehicle id="cfm-fast_2" eclass="HBEFA3/PC_G_EU4" CO2="0.00" CO="0.00" HC="0.00" NOx="0.00" PMx="0.00" fuel="0.00" electricity="0.00" noise="71.71" route="routebottom" type="cfm-fast" waiting="0.00" lane="bottom_0" pos="28.54" speed="27.81" angle="43.12" x="117.24" y="20.83"/>
        <vehicle id="cfm-fast_3" eclass="HBEFA3/PC_G_EU4" CO2="0.00" CO="0.00" HC="0.00" NOx="0.00" PMx="0.00" fuel="0.00" electricity="0.00" noise="70.50" route="routebottom" type="cfm-fast" waiting="0.00" lane="bottom_0" pos="47.66" speed="26.38" angle="8.83" x="132.08" y="58.53"/>
        <vehicle id="cfm-fast_4" eclass="HBEFA3/PC_G_EU4" CO2="0.00" CO="0.00" HC="0.00" NOx="0.00" PMx="0.00" fuel="0.00" electricity="0.00" noise="69.48" route="routebottom" type="cfm-fast" waiting="0.00" lane="right_0" pos="15.21" speed="24.02" angle="337.02" x="124.57" y="95.24"/>
        <vehicle id="cfm-fast_5" eclass="HBEFA3/PC_G_EU4" CO2="268953.59" CO="6353.35" HC="35.72" NOx="125.48" PMx="7.38" fuel="115.61" electricity="0.00" noise="147.36" route="routetop" type="cfm-fast" waiting="0.00" lane="top_1" pos="41.89" speed="67.36" angle="199.06" x="0.47" y="80.13"/>
        <vehicle id="cfm-slow_0" eclass="HBEFA3/PC_G_EU4" CO2="11055.12" CO="151.55" HC="0.96" NOx="4.63" PMx="0.24" fuel="4.75" electricity="0.00" noise="72.78" route="routebottom" type="cfm-slow" waiting="0.00" lane="right_0" pos="31.07" speed="21.74" angle="308.60" x="102.12" y="120.47"/>
        <vehicle id="cfm-slow_1" eclass="HBEFA3/PC_G_EU4" CO2="15209.07" CO="238.20" HC="1.46" NOx="6.56" PMx="0.35" fuel="6.54" electricity="0.00" noise="75.33" route="routebottom" type="cfm-slow" waiting="0.00" lane="right_0" pos="48.12" speed="22.90" angle="277.97" x="67.80" y="132.14"/>
        <vehicle id="cfm-slow_2" eclass="HBEFA3/PC_G_EU4" CO2="18972.95" CO="319.51" HC="1.93" NOx="8.30" PMx="0.45" fuel="8.16" electricity="0.00" noise="77.59" route="routetop" type="cfm-slow" waiting="0.00" lane="top_0" pos="16.38" speed="24.64" angle="244.97" x="29.88" y="123.37"/>
        <vehicle id="cfm-slow_3" eclass="HBEFA3/PC_G_EU4" CO2="19453.97" CO="337.43" HC="2.02" NOx="8.48" PMx="0.47" fuel="8.36" electricity="0.00" noise="77.90" route="routetop" type="cfm-slow" waiting="0.00" lane="top_0" pos="36.44" speed="26.75" angle="208.95" x="1.21" y="92.05"/>
        <vehicle id="cfm-slow_4" eclass="HBEFA3/PC_G_EU4" CO2="14532.63" CO="246.25" HC="1.49" NOx="6.11" PMx="0.35" fuel="6.25" electricity="0.00" noise="75.95" route="routetop" type="cfm-slow" waiting="0.00" lane="left_0" pos="8.64" speed="28.61" angle="168.85" x="-2.41" y="45.21"/>
        <vehicle id="cfm-slow_5" eclass="HBEFA3/PC_G_EU4" CO2="6527.68" CO="87.56" HC="0.57" NOx="2.32" PMx="0.14" fuel="2.81" electricity="0.00" noise="73.85" route="routetop" type="cfm-slow" waiting="0.00" lane="left_0" pos="32.67" speed="29.54" angle="125.74" x="28.11" y="4.99"/>
    </timestep>
    <timestep time="4.95">
        <vehicle id="cfm-fast_0" eclass="HBEFA3/PC_G_EU4" CO2="0.00" CO="0.00" HC="0.00" NOx="0.00" PMx="0.00" fuel="0.00" electricity="0.00" noise="72.66" route="routebottom" type="cfm-fast" waiting="0.00" lane="bottom_0" pos="7.83" speed="29.32" angle="80.34" x="80.42" y="-2.86"/>
        <vehicle id="cfm-fast_1" eclass="HBEFA3/PC_G_EU4" CO2="192057.09" CO="4706.42" HC="26.30" NOx="89.22" PMx="5.34" fuel="82.56" electricity="0.00" noise="128.71" route="routebottom" type="cfm-fast" waiting="0.00" lane="right_1" pos="27.20" speed="65.68" angle="315.59" x="106.55" y="112.91"/>
        <vehicle id="cfm-fast_2" eclass="HBEFA3/PC_G_EU4" CO2="0.00" CO="0.00" HC="0.00" NOx="0.00" PMx="0.00" fuel="0.00" electricity="0.00" noise="71.70" route="routebottom" type="cfm-fast" waiting="0.00" lane="bottom_0" pos="28.82" speed="27.80" angle="42.61" x="117.61" y="21.30"/>
        <vehicle id="cfm-fast_3" eclass="HBEFA3/PC_G_EU4" CO2="0.00" CO="0.00" HC="0.00" NOx="0.00" PMx="0.00" fuel="0.00" electricity="0.00" noise="70.49" route="routebottom" type="cfm-fast" waiting="0.00" lane="bottom_0" pos="47.92" speed="26.36" angle="8.34" x="132.11" y="59.10"/>
        <vehicle id="cfm-fast_4" eclass="HBEFA3/PC_G_EU4" CO2="0.00" CO="0.00" HC="0.00" NOx="0.00" PMx="0.00" fuel="0.00" electricity="0.00" noise="69.48" route="routebottom" type="cfm-fast" waiting="0.00" lane="right_0" pos="15.45" speed="24.01" angle="336.65" x="124.33" y="95.70"/>
        <vehicle id="cfm-fast_5" eclass="HBEFA3/PC_G_EU4" CO2="269564.98" CO="6371.21" HC="35.81" NOx="125.76" PMx="7.40" fuel="115.87" electricity="0.00" noise="147.42" route="routetop" type="cfm-fast" waiting="0.00" lane="top_1" pos="42.57" speed="67.50" angle="197.90" x="0.14" y="78.79"/>
        <vehicle id="cfm-slow_0" eclass="HBEFA3/PC_G_EU4" CO2="11083.82" CO="152.14" HC="0.97" NOx="4.64" PMx="0.24" fuel="4.76" electricity="0.00" noise="72.80" route="routebottom" type="cfm-slow" waiting="0.00" lane="right_0" pos="31.29" speed="21.75" angle="308.21" x="101.73" y="120.73"/>
        <vehicle id="cfm-slow_1" eclass="HBEFA3/PC_G_EU4" CO2="15234.76" CO="238.75" HC="1.46" NOx="6.57" PMx="0.35" fuel="6.55" electricity="0.00" noise="75.35" route="routebottom" type="cfm-slow" waiting="0.00" lane="right_0" pos="48.35" speed="22.92" angle="277.54" x="67.31" y="132.17"/>
        <vehicle id="cfm-slow_2" eclass="HBEFA3/PC_G_EU4" CO2="18970.05" CO="319.52" HC="1.93" NOx="8.30" PMx="0.45" fuel="8.15" electricity="0.00" noise="77.59" route="routetop" type="cfm-slow" waiting="0.00" lane="top_0" pos="16.62" speed="24.67" angle="244.56" x="29.41" y="123.11"/>
        <vehicle id="cfm-slow_3" eclass="HBEFA3/PC_G_EU4" CO2="19400.48" CO="336.43" HC="2.02" NOx="8.45" PMx="0.47" fuel="8.34" electricity="0.00" noise="77.87" route="routetop" type="cfm-slow" waiting="0.00" lane="top_0" pos="36.71" speed="26.77" angle="208.44" x="0.97" y="91.53"/>
        <vehicle id="cfm-slow_4" eclass="HBEFA3/PC_G_EU4" CO2="14443.74" CO="244.49" HC="1.48" NOx="6.07" PMx="0.35" fuel="6.21" electricity="0.00" noise="75.91" route="routetop" type="cfm-slow" waiting="0.00" lane="left_0" pos="8.93" speed="28.62" angle="168.37" x="-2.25" y="44.61"/>
        <vehicle id="cfm-slow_5" eclass="HBEFA3/PC_G_EU4" CO2="6444.79" CO="85.86" HC="0.56" NOx="2.28" PMx="0.14" fuel="2.77" electricity="0.00" noise="73.83" route="routetop" type="cfm-slow" waiting="0.00" lane="left_0" pos="32.96" speed="29.54" angle="125.19" x="28.65" y="4.67"/>
    </timestep>
    <timestep time="4.96">
        <vehicle id="cfm-fast_0" eclass="HBEFA3/PC_G_EU4" CO2="0.00" CO="0.00" HC="0.00" NOx="0.00" PMx="0.00" fuel="0.00" electricity="0.00" noise="72.65" route="routebottom" type="cfm-fast" waiting="0.00" lane="bottom_0" pos="8.12" speed="29.31" angle="79.80" x="81.03" y="-2.70"/>
        <vehicle id="cfm-fast_1" eclass="HBEFA3/PC_G_EU4" CO2="191803.01" CO="4704.74" HC="26.29" NOx="89.10" PMx="5.34" fuel="82.45" electricity="0.00" noise="128.61" route="routebottom" type="cfm-fast" waiting="0.00" lane="right_1" pos="27.86" speed="65.78" angle="314.30" x="105.51" y="113.78"/>
        <vehicle id="cfm-fast_2" eclass="HBEFA3/PC_G_EU4" CO2="0.00" CO="0.00" HC="0.00" NOx="0.00" PMx="0.00" fuel="0.00" electricity="0.00" noise="71.68" route="routebottom" type="cfm-fast" waiting="0.00" lane="bottom_0" pos="29.10" speed="27.79" angle="42.09" x="117.98" y="21.77"/>
        <vehicle id="cfm-fast_3" eclass="HBEFA3/PC_G_EU4" CO2="0.00" CO="0.00" HC="0.00" NOx="0.00" PMx="0.00" fuel="0.00" electricity="0.00" noise="70.48" route="routebottom" type="cfm-fast" waiting="0.00" lane="bottom_0" pos="48.18" speed="26.34" angle="7.84" x="132.15" y="59.66"/>
        <vehicle id="cfm-fast_4" eclass="HBEFA3/PC_G_EU4" CO2="0.00" CO="0.00" HC="0.00" NOx="0.00" PMx="0.00" fuel="0.00" electricity="0.00" noise="69.49" route="routebottom" type="cfm-fast" waiting="0.00" lane="right_0" pos="15.69" speed="23.99" angle="336.21" x="124.08" y="96.15"/>
        <vehicle id="cfm-fast_5" eclass="HBEFA3/PC_G_EU4" CO2="270176.65" CO="6389.09" HC="35.91" NOx="126.05" PMx="7.42" fuel="116.14" electricity="0.00" noise="147.49" route="routetop" type="cfm-fast" waiting="0.00" lane="top_1" pos="43.24" speed="67.64" angle="196.68" x="-0.17" y="77.44"/>
        <vehicle id="cfm-slow_0" eclass="HBEFA3/PC_G_EU4" CO2="11112.58" CO="152.74" HC="0.97" NOx="4.65" PMx="0.24" fuel="4.78" electricity="0.00" noise="72.82" route="routebottom" type="cfm-slow" waiting="0.00" lane="right_0" pos="31.51" speed="21.77" angle="307.82" x="101.34" y="120.99"/>
        <vehicle id="cfm-slow_1" eclass="HBEFA3/PC_G_EU4" CO2="15260.30" CO="239.31" HC="1.47" NOx="6.58" PMx="0.35" fuel="6.56" electricity="0.00" noise="75.36" route="routebottom" type="cfm-slow" waiting="0.00" lane="right_0" pos="48.58" speed="22.93" angle="277.11" x="66.82" y="132.20"/>
        <vehicle id="cfm-slow_2" eclass="HBEFA3/PC_G_EU4" CO2="18966.77" CO="319.52" HC="1.93" NOx="8.29" PMx="0.45" fuel="8.15" electricity="0.00" noise="77.59" route="routetop" type="cfm-slow" waiting="0.00" lane="top_0" pos="16.87" speed="24.69" angle="244.13" x="28.95" y="122.84"/>
        <vehicle id="cfm-slow_3" eclass="HBEFA3/PC_G_EU4" CO2="19346.71" CO="335.42" HC="2.01" NOx="8.43" PMx="0.47" fuel="8.32" electricity="0.00" noise="77.85" route="routetop" type="cfm-slow" waiting="0.00" lane="top_0" pos="36.98" speed="26.80" angle="207.94" x="0.74" y="91.00"/>
        <vehicle id="cfm-slow_4" eclass="HBEFA3/PC_G_EU4" CO2="14354.95" CO="242.74" HC="1.47" NOx="6.03" PMx="0.34" fuel="6.17" electricity="0.00" noise="75.88" route="routetop" type="cfm-slow" waiting="0.00" lane="left_0" pos="9.21" speed="28.64" angle="167.85" x="-2.07" y="44.03"/>
        <vehicle id="cfm-slow_5" eclass="HBEFA3/PC_G_EU4" CO2="6362.11" CO="84.16" HC="0.55" NOx="2.24" PMx="0.14" fuel="2.73" electricity="0.00" noise="73.82" route="routetop" type="cfm-slow" waiting="0.00" lane="left_0" pos="33.26" speed="29.54" angle="124.66" x="29.20" y="4.34"/>
    </timestep>
    <timestep time="4.97">
        <vehicle id="cfm-fast_0" eclass="HBEFA3/PC_G_EU4" CO2="0.00" CO="0.00" HC="0.00" NOx="0.00" PMx="0.00" fuel="0.00" electricity="0.00" noise="72.63" route="routebottom" type="cfm-fast" waiting="0.00" lane="bottom_0" pos="8.41" speed="29.30" angle="79.26" x="81.64" y="-2.53"/>
        <vehicle id="cfm-fast_1" eclass="HBEFA3/PC_G_EU4" CO2="191563.20" CO="4703.36" HC="26.27" NOx="88.98" PMx="5.33" fuel="82.34" electricity="0.00" noise="128.51" route="routebottom" type="cfm-fast" waiting="0.00" lane="right_1" pos="28.51" speed="65.87" angle="313.12" x="104.47" y="114.64"/>
        <vehicle id="cfm-fast_2" eclass="HBEFA3/PC_G_EU4" CO2="0.00" CO="0.00" HC="0.00" NOx="0.00" PMx="0.00" fuel="0.00" electricity="0.00" noise="71.67" route="routebottom" type="cfm-fast" waiting="0.00" lane="bottom_0" pos="29.37" speed="27.78" angle="41.58" x="118.35" y="22.24"/>
        <vehicle id="cfm-fast_3" eclass="HBEFA3/PC_G_EU4" CO2="0.00" CO="0.00" HC="0.00" NOx="0.00" PMx="0.00" fuel="0.00" electricity="0.00" noise="70.47" route="routebottom" type="cfm-fast" waiting="0.00" lane="bottom_0" pos="48.45" speed="26.32" angle="7.35" x="132.18" y="60.23"/>
        <vehicle id="cfm-fast_4" eclass="HBEFA3/PC_G_EU4" CO2="0.00" CO="0.00" HC="0.00" NOx="0.00" PMx="0.00" fuel="0.00" electricity="0.00" noise="69.49" route="routebottom" type="cfm-fast" waiting="0.00" lane="right_0" pos="15.93" speed="23.98" angle="335.78" x="123.83" y="96.60"/>
        <vehicle id="cfm-fast_5" eclass="HBEFA3/PC_G_EU4" CO2="270788.62" CO="6406.99" HC="36.01" NOx="126.34" PMx="7.43" fuel="116.40" electricity="0.00" noise="147.55" route="routetop" type="cfm-fast" waiting="0.00" lane="top_1" pos="43.92" speed="67.77" angle="195.49" x="-0.45" y="76.08"/>
        <vehicle id="cfm-slow_0" eclass="HBEFA3/PC_G_EU4" CO2="11141.41" CO="153.34" HC="0.97" NOx="4.67" PMx="0.24" fuel="4.79" electricity="0.00" noise="72.84" route="routebottom" type="cfm-slow" waiting="0.00" lane="right_0" pos="31.72" speed="21.78" angle="307.43" x="100.95" y="121.25"/>
        <vehicle id="cfm-slow_1" eclass="HBEFA3/PC_G_EU4" CO2="15285.67" CO="239.86" HC="1.47" NOx="6.60" PMx="0.35" fuel="6.57" electricity="0.00" noise="75.38" route="routebottom" type="cfm-slow" waiting="0.00" lane="right_0" pos="48.81" speed="22.95" angle="276.74" x="66.32" y="132.22"/>
        <vehicle id="cfm-slow_2" eclass="HBEFA3/PC_G_EU4" CO2="18963.13" CO="319.51" HC="1.93" NOx="8.29" PMx="0.45" fuel="8.15" electricity="0.00" noise="77.59" route="routetop" type="cfm-slow" waiting="0.00" lane="top_0" pos="17.12" speed="24.71" angle="243.68" x="28.50" y="122.57"/>
        <vehicle id="cfm-slow_3" eclass="HBEFA3/PC_G_EU4" CO2="19292.67" CO="334.40" HC="2.00" NOx="8.40" PMx="0.47" fuel="8.29" electricity="0.00" noise="77.82" route="routetop" type="cfm-slow" waiting="0.00" lane="top_0" pos="37.24" speed="26.82" angle="207.52" x="0.50" y="90.47"/>
        <vehicle id="cfm-slow_4" eclass="HBEFA3/PC_G_EU4" CO2="14266.27" CO="240.99" HC="1.46" NOx="5.99" PMx="0.34" fuel="6.13" electricity="0.00" noise="75.85" route="routetop" type="cfm-slow" waiting="0.00" lane="left_0" pos="9.50" speed="28.65" angle="167.32" x="-1.89" y="43.44"/>
        <vehicle id="cfm-slow_5" eclass="HBEFA3/PC_G_EU4" CO2="6279.64" CO="82.47" HC="0.54" NOx="2.20" PMx="0.14" fuel="2.70" electricity="0.00" noise="73.80" route="routetop" type="cfm-slow" waiting="0.00" lane="left_0" pos="33.56" speed="29.54" angle="124.16" x="29.75" y="4.03"/>
    </timestep>
    <timestep time="4.98">
        <vehicle id="cfm-fast_0" eclass="HBEFA3/PC_G_EU4" CO2="0.00" CO="0.00" HC="0.00" NOx="0.00" PMx="0.00" fuel="0.00" electricity="0.00" noise="72.62" route="routebottom" type="cfm-fast" waiting="0.00" lane="bottom_0" pos="8.70" speed="29.29" angle="78.72" x="82.25" y="-2.37"/>
        <vehicle id="cfm-fast_1" eclass="HBEFA3/PC_G_EU4" CO2="191337.51" CO="4702.26" HC="26.26" NOx="88.87" PMx="5.33" fuel="82.25" electricity="0.00" noise="128.42" route="routebottom" type="cfm-fast" waiting="0.00" lane="right_1" pos="29.17" speed="65.97" angle="311.92" x="103.40" y="115.47"/>
        <vehicle id="cfm-fast_2" eclass="HBEFA3/PC_G_EU4" CO2="0.00" CO="0.00" HC="0.00" NOx="0.00" PMx="0.00" fuel="0.00" electricity="0.00" noise="71.66" route="routebottom" type="cfm-fast" waiting="0.00" lane="bottom_0" pos="29.65" speed="27.77" angle="41.13" x="118.71" y="22.72"/>
        <vehicle id="cfm-fast_3" eclass="HBEFA3/PC_G_EU4" CO2="0.00" CO="0.00" HC="0.00" NOx="0.00" PMx="0.00" fuel="0.00" electricity="0.00" noise="70.46" route="routebottom" type="cfm-fast" waiting="0.00" lane="bottom_0" pos="48.71" speed="26.30" angle="6.89" x="132.21" y="60.79"/>
        <vehicle id="cfm-fast_4" eclass="HBEFA3/PC_G_EU4" CO2="0.00" CO="0.00" HC="0.00" NOx="0.00" PMx="0.00" fuel="0.00" electricity="0.00" noise="69.49" route="routebottom" type="cfm-fast" waiting="0.00" lane="right_0" pos="16.17" speed="23.97" angle="335.35" x="123.58" y="97.05"/>
        <vehicle id="cfm-fast_5" eclass="HBEFA3/PC_G_EU4" CO2="271400.88" CO="6424.92" HC="36.10" NOx="126.63" PMx="7.45" fuel="116.66" electricity="0.00" noise="147.62" route="routetop" type="cfm-fast" waiting="0.00" lane="top_1" pos="44.60" speed="67.91" angle="194.23" x="-0.70" y="74.71"/>
        <vehicle id="cfm-slow_0" eclass="HBEFA3/PC_G_EU4" CO2="11170.30" CO="153.95" HC="0.98" NOx="4.68" PMx="0.24" fuel="4.80" electricity="0.00" noise="72.86" route="routebottom" type="cfm-slow" waiting="0.00" lane="right_0" pos="31.94" speed="21.79" angle="307.04" x="100.56" y="121.51"/>
        <vehicle id="cfm-slow_1" eclass="HBEFA3/PC_G_EU4" CO2="15310.88" CO="240.41" HC="1.47" NOx="6.61" PMx="0.35" fuel="6.58" electricity="0.00" noise="75.39" route="routebottom" type="cfm-slow" waiting="0.00" lane="right_0" pos="49.04" speed="22.97" angle="276.31" x="65.83" y="132.23"/>
        <vehicle id="cfm-slow_2" eclass="HBEFA3/PC_G_EU4" CO2="18959.13" CO="319.50" HC="1.93" NOx="8.29" PMx="0.45" fuel="8.15" electricity="0.00" noise="77.59" route="routetop" type="cfm-slow" waiting="0.00" lane="top_0" pos="17.37" speed="24.74" angle="243.24" x="28.04" y="122.29"/>
        <vehicle id="cfm-slow_3" eclass="HBEFA3/PC_G_EU4" CO2="19238.36" CO="333.38" HC="2.00" NOx="8.37" PMx="0.47" fuel="8.27" electricity="0.00" noise="77.79" route="routetop" type="cfm-slow" waiting="0.00" lane="top_0" pos="37.51" speed="26.84" angle="207.02" x="0.29" y="89.94"/>
        <vehicle id="cfm-slow_4" eclass="HBEFA3/PC_G_EU4" CO2="14177.70" CO="239.24" HC="1.45" NOx="5.95" PMx="0.34" fuel="6.09" electricity="0.00" noise="75.82" route="routetop" type="cfm-slow" waiting="0.00" lane="left_0" pos="9.79" speed="28.66" angle="166.79" x="-1.70" y="42.85"/>
        <vehicle id="cfm-slow_5" eclass="HBEFA3/PC_G_EU4" CO2="6197.38" CO="80.78" HC="0.53" NOx="2.16" PMx="0.13" fuel="2.66" electricity="0.00" noise="73.78" route="routetop" type="cfm-slow" waiting="0.00" lane="left_0" pos="33.85" speed="29.54" angle="123.61" x="30.30" y="3.72"/>
    </timestep>
    <timestep time="4.99">
        <vehicle id="cfm-fast_0" eclass="HBEFA3/PC_G_EU4" CO2="0.00" CO="0.00" HC="0.00" NOx="0.00" PMx="0.00" fuel="0.00" electricity="0.00" noise="72.61" route="routebottom" type="cfm-fast" waiting="0.00" lane="bottom_0" pos="9.00" speed="29.28" angle="78.24" x="82.86" y="-2.20"/>
        <vehicle id="cfm-fast_1" eclass="HBEFA3/PC_G_EU4" CO2="191125.81" CO="4701.45" HC="26.25" NOx="88.77" PMx="5.33" fuel="82.16" electricity="0.00" noise="128.33" route="routebottom" type="cfm-fast" waiting="0.00" lane="right_1" pos="29.83" speed="66.06" angle="310.77" x="102.32" y="116.28"/>
        <vehicle id="cfm-fast_2" eclass="HBEFA3/PC_G_EU4" CO2="0.00" CO="0.00" HC="0.00" NOx="0.00" PMx="0.00" fuel="0.00" electricity="0.00" noise="71.64" route="routebottom" type="cfm-fast" waiting="0.00" lane="bottom_0" pos="29.93" speed="27.76" angle="40.62" x="119.06" y="23.21"/>
        <vehicle id="cfm-fast_3" eclass="HBEFA3/PC_G_EU4" CO2="0.00" CO="0.00" HC="0.00" NOx="0.00" PMx="0.00" fuel="0.00" electricity="0.00" noise="70.45" route="routebottom" type="cfm-fast" waiting="0.00" lane="bottom_0" pos="48.97" speed="26.28" angle="6.43" x="132.23" y="61.36"/>
        <vehicle id="cfm-fast_4" eclass="HBEFA3/PC_G_EU4" CO2="0.00" CO="0.00" HC="0.00" NOx="0.00" PMx="0.00" fuel="0.00" electricity="0.00" noise="69.49" route="routebottom" type="cfm-fast" waiting="0.00" lane="right_0" pos="16.41" speed="23.96" angle="334.91" x="123.33" y="97.50"/>
        <vehicle id="cfm-fast_5" eclass="HBEFA3/PC_G_EU4" CO2="272013.43" CO="6442.87" HC="36.20" NOx="126.91" PMx="7.47" fuel="116.92" electricity="0.00" noise="147.69" route="routetop" type="cfm-fast" waiting="0.00" lane="top_1" pos="45.28" speed="68.05" angle="193.05" x="-0.92" y="73.33"/>
        <vehicle id="cfm-slow_0" eclass="HBEFA3/PC_G_EU4" CO2="11199.24" CO="154.55" HC="0.98" NOx="4.69" PMx="0.24" fuel="4.81" electricity="0.00" noise="72.88" route="routebottom" type="cfm-slow" waiting="0.00" lane="right_0" pos="32.16" speed="21.81" angle="306.70" x="100.16" y="121.77"/>
        <vehicle id="cfm-slow_1" eclass="HBEFA3/PC_G_EU4" CO2="15335.92" CO="240.95" HC="1.48" NOx="6.62" PMx="0.35" fuel="6.59" electricity="0.00" noise="75.41" route="routebottom" type="cfm-slow" waiting="0.00" lane="right_0" pos="49.27" speed="22.99" angle="275.88" x="65.34" y="132.24"/>
        <vehicle id="cfm-slow_2" eclass="HBEFA3/PC_G_EU4" CO2="18954.75" CO="319.48" HC="1.93" NOx="8.29" PMx="0.45" fuel="8.15" electricity="0.00" noise="77.58" route="routetop" type="cfm-slow" waiting="0.00" lane="top_0" pos="17.61" speed="24.76" angle="242.79" x="27.58" y="122.02"/>
        <vehicle id="cfm-slow_3" eclass="HBEFA3/PC_G_EU4" CO2="19183.79" CO="332.36" HC="1.99" NOx="8.35" PMx="0.46" fuel="8.25" electricity="0.00" noise="77.77" route="routetop" type="cfm-slow" waiting="0.00" lane="top_0" pos="37.78" speed="26.86" angle="206.53" x="0.07" y="89.40"/>
        <vehicle id="cfm-slow_4" eclass="HBEFA3/PC_G_EU4" CO2="14089.24" CO="237.49" HC="1.44" NOx="5.90" PMx="0.34" fuel="6.06" electricity="0.00" noise="75.79" route="routetop" type="cfm-slow" waiting="0.00" lane="left_0" pos="10.07" speed="28.67" angle="166.26" x="-1.52" y="42.26"/>
        <vehicle id="cfm-slow_5" eclass="HBEFA3/PC_G_EU4" CO2="6115.34" CO="79.10" HC="0.52" NOx="2.12" PMx="0.13" fuel="2.63" electricity="0.00" noise="73.77" route="routetop" type="cfm-slow" waiting="0.00" lane="left_0" pos="34.15" speed="29.54" angle="123.07" x="30.86" y="3.41"/>
    </timestep>
    <timestep time="5.00">
        <vehicle id="cfm-fast_0" eclass="HBEFA3/PC_G_EU4" CO2="0.00" CO="0.00" HC="0.00" NOx="0.00" PMx="0.00" fuel="0.00" electricity="0.00" noise="72.60" route="routebottom" type="cfm-fast" waiting="0.00" lane="bottom_0" pos="9.29" speed="29.28" angle="77.70" x="83.46" y="-2.02"/>
        <vehicle id="cfm-fast_1" eclass="HBEFA3/PC_G_EU4" CO2="190927.94" CO="4700.92" HC="26.25" NOx="88.68" PMx="5.32" fuel="82.07" electricity="0.00" noise="128.24" route="routebottom" type="cfm-fast" waiting="0.00" lane="right_1" pos="30.50" speed="66.16" angle="309.56" x="101.22" y="117.08"/>
        <vehicle id="cfm-fast_2" eclass="HBEFA3/PC_G_EU4" CO2="0.00" CO="0.00" HC="0.00" NOx="0.00" PMx="0.00" fuel="0.00" electricity="0.00" noise="71.63" route="routebottom" type="cfm-fast" waiting="0.00" lane="bottom_0" pos="30.21" speed="27.74" angle="40.11" x="119.41" y="23.69"/>
        <vehicle id="cfm-fast_3" eclass="HBEFA3/PC_G_EU4" CO2="0.00" CO="0.00" HC="0.00" NOx="0.00" PMx="0.00" fuel="0.00" electricity="0.00" noise="70.44" route="routebottom" type="cfm-fast" waiting="0.00" lane="bottom_0" pos="49.23" speed="26.26" angle="5.94" x="132.24" y="61.92"/>
        <vehicle id="cfm-fast_4" eclass="HBEFA3/PC_G_EU4" CO2="0.00" CO="0.00" HC="0.00" NOx="0.00" PMx="0.00" fuel="0.00" electricity="0.00" noise="69.49" route="routebottom" type="cfm-fast" waiting="0.00" lane="right_0" pos="16.65" speed="23.94" angle="334.53" x="123.08" y="97.95"/>
        <vehicle id="cfm-fast_5" eclass="HBEFA3/PC_G_EU4" CO2="272626.27" CO="6460.83" HC="36.30" NOx="127.20" PMx="7.49" fuel="117.19" electricity="0.00" noise="147.75" route="routetop" type="cfm-fast" waiting="0.00" lane="top_1" pos="45.96" speed="68.18" angle="191.80" x="-1.12" y="71.95"/>
        <vehicle id="cfm-slow_0" eclass="HBEFA3/PC_G_EU4" CO2="11228.24" CO="155.15" HC="0.98" NOx="4.71" PMx="0.25" fuel="4.83" electricity="0.00" noise="72.90" route="routebottom" type="cfm-slow" waiting="0.00" lane="right_0" pos="32.38" speed="21.82" angle="306.29" x="99.76" y="122.01"/>
        <vehicle id="cfm-slow_1" eclass="HBEFA3/PC_G_EU4" CO2="15360.80" CO="241.49" HC="1.48" NOx="6.63" PMx="0.36" fuel="6.60" electricity="0.00" noise="75.43" route="routebottom" type="cfm-slow" waiting="0.00" lane="right_0" pos="49.50" speed="23.01" angle="275.45" x="64.84" y="132.25"/>
        <vehicle id="cfm-slow_2" eclass="HBEFA3/PC_G_EU4" CO2="18950.01" CO="319.45" HC="1.93" NOx="8.28" PMx="0.45" fuel="8.15" electricity="0.00" noise="77.58" route="routetop" type="cfm-slow" waiting="0.00" lane="top_0" pos="17.86" speed="24.78" angle="242.37" x="27.13" y="121.75"/>
        <vehicle id="cfm-slow_3" eclass="HBEFA3/PC_G_EU4" CO2="19128.95" CO="331.33" HC="1.99" NOx="8.32" PMx="0.46" fuel="8.22" electricity="0.00" noise="77.74" route="routetop" type="cfm-slow" waiting="0.00" lane="top_0" pos="38.05" speed="26.88" angle="206.04" x="-0.14" y="88.86"/>
        <vehicle id="cfm-slow_4" eclass="HBEFA3/PC_G_EU4" CO2="14000.88" CO="235.74" HC="1.43" NOx="5.86" PMx="0.34" fuel="6.02" electricity="0.00" noise="75.76" route="routetop" type="cfm-slow" waiting="0.00" lane="left_0" pos="10.36" speed="28.68" angle="165.79" x="-1.33" y="41.67"/>
        <vehicle id="cfm-slow_5" eclass="HBEFA3/PC_G_EU4" CO2="6033.50" CO="77.42" HC="0.51" NOx="2.08" PMx="0.13" fuel="2.59" electricity="0.00" noise="73.75" route="routetop" type="cfm-slow" waiting="0.00" lane="left_0" pos="34.44" speed="29.54" angle="122.53" x="31.42" y="3.10"/>
    </timestep>
    <timestep time="5.01">
        <vehicle id="cfm-fast_0" eclass="HBEFA3/PC_G_EU4" CO2="0.00" CO="0.00" HC="0.00" NOx="0.00" PMx="0.00" fuel="0.00" electricity="0.00" noise="72.59" route="routebottom" type="cfm-fast" waiting="0.00" lane="bottom_0" pos="9.58" speed="29.27" angle="77.16" x="84.06" y="-1.83"/>
        <vehicle id="cfm-fast_1" eclass="HBEFA3/PC_G_EU4" CO2="190743.78" CO="4700.66" HC="26.24" NOx="88.59" PMx="5.32" fuel="81.99" electricity="0.00" noise="128.16" route="routebottom" type="cfm-fast" waiting="0.00" lane="right_1" pos="31.16" speed="66.25" angle="308.41" x="100.10" y="117.85"/>
        <vehicle id="cfm-fast_2" eclass="HBEFA3/PC_G_EU4" CO2="0.00" CO="0.00" HC="0.00" NOx="0.00" PMx="0.00" fuel="0.00" electricity="0.00" noise="71.62" route="routebottom" type="cfm-fast" waiting="0.00" lane="bottom_0" pos="30.48" speed="27.73" angle="39.60" x="119.76" y="24.18"/>
        <vehicle id="cfm-fast_3" eclass="HBEFA3/PC_G_EU4" CO2="0.00" CO="0.00" HC="0.00" NOx="0.00" PMx="0.00" fuel="0.00" electricity="0.00" noise="70.43" route="routebottom" type="cfm-fast" waiting="0.00" lane="bottom_0" pos="49.50" speed="26.24" angle="5.44" x="132.25" y="62.49"/>
        <vehicle id="cfm-fast_4" eclass="HBEFA3/PC_G_EU4" CO2="0.00" CO="0.00" HC="0.00" NOx="0.00" PMx="0.00" fuel="0.00" electricity="0.00" noise="69.50" route="routebottom" type="cfm-fast" waiting="0.00" lane="right_0" pos="16.89" speed="23.93" angle="334.10" x="122.82" y="98.40"/>
        <vehicle id="cfm-fast_5" eclass="HBEFA3/PC_G_EU4" CO2="273239.41" CO="6478.83" HC="36.40" NOx="127.49" PMx="7.51" fuel="117.45" electricity="0.00" noise="147.82" route="routetop" type="cfm-fast" waiting="0.00" lane="top_1" pos="46.65" speed="68.32" angle="190.59" x="-1.28" y="70.56"/>
        <vehicle id="cfm-slow_0" eclass="HBEFA3/PC_G_EU4" CO2="11257.29" CO="155.76" HC="0.99" NOx="4.72" PMx="0.25" fuel="4.84" electricity="0.00" noise="72.92" route="routebottom" type="cfm-slow" waiting="0.00" lane="right_0" pos="32.60" speed="21.83" angle="305.87" x="99.36" y="122.25"/>
        <vehicle id="cfm-slow_1" eclass="HBEFA3/PC_G_EU4" CO2="15385.50" CO="242.03" HC="1.48" NOx="6.64" PMx="0.36" fuel="6.61" electricity="0.00" noise="75.44" route="routebottom" type="cfm-slow" waiting="0.00" lane="right_0" pos="49.73" speed="23.03" angle="275.02" x="64.34" y="132.26"/>
        <vehicle id="cfm-slow_2" eclass="HBEFA3/PC_G_EU4" CO2="18944.89" CO="319.41" HC="1.93" NOx="8.28" PMx="0.45" fuel="8.14" electricity="0.00" noise="77.58" route="routetop" type="cfm-slow" waiting="0.00" lane="top_0" pos="18.11" speed="24.80" angle="241.94" x="26.68" y="121.46"/>
        <vehicle id="cfm-slow_3" eclass="HBEFA3/PC_G_EU4" CO2="19073.84" CO="330.29" HC="1.98" NOx="8.29" PMx="0.46" fuel="8.20" electricity="0.00" noise="77.71" route="routetop" type="cfm-slow" waiting="0.00" lane="top_0" pos="38.32" speed="26.90" angle="205.54" x="-0.36" y="88.33"/>
        <vehicle id="cfm-slow_4" eclass="HBEFA3/PC_G_EU4" CO2="13912.63" CO="234.00" HC="1.42" NOx="5.82" PMx="0.33" fuel="5.98" electricity="0.00" noise="75.73" route="routetop" type="cfm-slow" waiting="0.00" lane="left_0" pos="10.65" speed="28.69" angle="165.26" x="-1.12" y="41.09"/>
        <vehicle id="cfm-slow_5" eclass="HBEFA3/PC_G_EU4" CO2="5951.88" CO="75.74" HC="0.50" NOx="2.04" PMx="0.13" fuel="2.56" electricity="0.00" noise="73.73" route="routetop" type="cfm-slow" waiting="0.00" lane="left_0" pos="34.74" speed="29.54" angle="122.04" x="31.98" y="2.81"/>
    </timestep>
    <timestep time="5.02">
        <vehicle id="cfm-fast_0" eclass="HBEFA3/PC_G_EU4" CO2="0.00" CO="0.00" HC="0.00" NOx="0.00" PMx="0.00" fuel="0.00" electricity="0.00" noise="72.57" route="routebottom" type="cfm-fast" waiting="0.00" lane="bottom_0" pos="9.88" speed="29.26" angle="76.63" x="84.66" y="-1.65"/>
        <vehicle id="cfm-fast_1" eclass="HBEFA3/PC_G_EU4" CO2="190573.17" CO="4700.68" HC="26.24" NOx="88.51" PMx="5.32" fuel="81.92" electricity="0.00" noise="128.08" route="routebottom" type="cfm-fast" waiting="0.00" lane="right_1" pos="31.82" speed="66.34" angle="307.19" x="98.97" y="118.60"/>
        <vehicle id="cfm-fast_2" eclass="HBEFA3/PC_G_EU4" CO2="0.00" CO="0.00" HC="0.00" NOx="0.00" PMx="0.00" fuel="0.00" electricity="0.00" noise="71.60" route="routebottom" type="cfm-fast" waiting="0.00" lane="bottom_0" pos="30.76" speed="27.72" angle="39.15" x="120.10" y="24.66"/>
        <vehicle id="cfm-fast_3" eclass="HBEFA3/PC_G_EU4" CO2="0.00" CO="0.00" HC="0.00" NOx="0.00" PMx="0.00" fuel="0.00" electricity="0.00" noise="70.42" route="routebottom" type="cfm-fast" waiting="0.00" lane="bottom_0" pos="49.76" speed="26.22" angle="4.96" x="132.26" y="63.05"/>
        <vehicle id="cfm-fast_4" eclass="HBEFA3/PC_G_EU4" CO2="0.00" CO="0.00" HC="0.00" NOx="0.00" PMx="0.00" fuel="0.00" electricity="0.00" noise="69.50" route="routebottom" type="cfm-fast" waiting="0.00" lane="right_0" pos="17.12" speed="23.92" angle="333.67" x="122.56" y="98.84"/>
        <vehicle id="cfm-fast_5" eclass="HBEFA3/PC_G_EU4" CO2="273852.83" CO="6496.84" HC="36.50" NOx="127.77" PMx="7.53" fuel="117.72" electricity="0.00" noise="147.88" route="routetop" type="cfm-fast" waiting="0.00" lane="top_1" pos="47.33" speed="68.45" angle="189.31" x="-1.42" y="69.16"/>
        <vehicle id="cfm-slow_0" eclass="HBEFA3/PC_G_EU4" CO2="11286.39" CO="156.37" HC="0.99" NOx="4.73" PMx="0.25" fuel="4.85" electricity="0.00" noise="72.93" route="routebottom" type="cfm-slow" waiting="0.00" lane="right_0" pos="32.81" speed="21.85" angle="305.46" x="98.95" y="122.49"/>
        <vehicle id="cfm-slow_1" eclass="HBEFA3/PC_G_EU4" CO2="15410.03" CO="242.57" HC="1.49" NOx="6.65" PMx="0.36" fuel="6.62" electricity="0.00" noise="75.46" route="routebottom" type="cfm-slow" waiting="0.00" lane="right_0" pos="49.96" speed="23.05" angle="274.61" x="63.85" y="132.27"/>
        <vehicle id="cfm-slow_2" eclass="HBEFA3/PC_G_EU4" CO2="18939.41" CO="319.37" HC="1.92" NOx="8.28" PMx="0.45" fuel="8.14" electricity="0.00" noise="77.57" route="routetop" type="cfm-slow" waiting="0.00" lane="top_0" pos="18.36" speed="24.83" angle="241.45" x="26.23" y="121.16"/>
        <vehicle id="cfm-slow_3" eclass="HBEFA3/PC_G_EU4" CO2="19018.48" CO="329.25" HC="1.97" NOx="8.27" PMx="0.46" fuel="8.18" electricity="0.00" noise="77.69" route="routetop" type="cfm-slow" waiting="0.00" lane="top_0" pos="38.59" speed="26.92" angle="205.10" x="-0.56" y="87.79"/>
        <vehicle id="cfm-slow_4" eclass="HBEFA3/PC_G_EU4" CO2="13824.50" CO="232.26" HC="1.41" NOx="5.78" PMx="0.33" fuel="5.94" electricity="0.00" noise="75.70" route="routetop" type="cfm-slow" waiting="0.00" lane="left_0" pos="10.93" speed="28.71" angle="164.73" x="-0.91" y="40.51"/>
        <vehicle id="cfm-slow_5" eclass="HBEFA3/PC_G_EU4" CO2="5870.46" CO="74.06" HC="0.49" NOx="2.01" PMx="0.13" fuel="2.52" electricity="0.00" noise="73.72" route="routetop" type="cfm-slow" waiting="0.00" lane="left_0" pos="35.03" speed="29.54" angle="121.50" x="32.55" y="2.52"/>
    </timestep>
    <timestep time="5.03">
        <vehicle id="cfm-fast_0" eclass="HBEFA3/PC_G_EU4" CO2="0.00" CO="0.00" HC="0.00" NOx="0.00" PMx="0.00" fuel="0.00" electricity="0.00" noise="72.56" route="routebottom" type="cfm-fast" waiting="0.00" lane="bottom_0" pos="10.17" speed="29.25" angle="76.13" x="85.27" y="-1.46"/>
        <vehicle id="cfm-fast_1" eclass="HBEFA3/PC_G_EU4" CO2="190415.98" CO="4700.98" HC="26.24" NOx="88.43" PMx="5.31" fuel="81.85" electricity="0.00" noise="128.01" route="routebottom" type="cfm-fast" waiting="0.00" lane="right_1" pos="32.49" speed="66.44" angle="306.05" x="97.81" y="119.32"/>
        <vehicle id="cfm-fast_2" eclass="HBEFA3/PC_G_EU4" CO2="0.00" CO="0.00" HC="0.00" NOx="0.00" PMx="0.00" fuel="0.00" electricity="0.00" noise="71.59" route="routebottom" type="cfm-fast" waiting="0.00" lane="bottom_0" pos="31.04" speed="27.71" angle="38.65" x="120.44" y="25.15"/>
        <vehicle id="cfm-fast_3" eclass="HBEFA3/PC_G_EU4" CO2="0.00" CO="0.00" HC="0.00" NOx="0.00" PMx="0.00" fuel="0.00" electricity="0.00" noise="70.41" route="routebottom" type="cfm-fast" waiting="0.00" lane="right_0" pos="0.02" speed="26.20" angle="4.43" x="132.27" y="63.80"/>
        <vehicle id="cfm-fast_4" eclass="HBEFA3/PC_G_EU4" CO2="0.00" CO="0.00" HC="0.00" NOx="0.00" PMx="0.00" fuel="0.00" electricity="0.00" noise="69.50" route="routebottom" type="cfm-fast" waiting="0.00" lane="right_0" pos="17.36" speed="23.91" angle="333.23" x="122.29" y="99.28"/>
        <vehicle id="cfm-fast_5" eclass="HBEFA3/PC_G_EU4" CO2="274466.55" CO="6514.87" HC="36.59" NOx="128.06" PMx="7.54" fuel="117.98" electricity="0.00" noise="147.95" route="routetop" type="cfm-fast" waiting="0.00" lane="top_1" pos="48.02" speed="68.59" angle="188.11" x="-1.51" y="67.76"/>
        <vehicle id="cfm-slow_0" eclass="HBEFA3/PC_G_EU4" CO2="11315.54" CO="156.97" HC="0.99" NOx="4.75" PMx="0.25" fuel="4.86" electricity="0.00" noise="72.95" route="routebottom" type="cfm-slow" waiting="0.00" lane="right_0" pos="33.03" speed="21.86" angle="305.04" x="98.55" y="122.73"/>
        <vehicle id="cfm-slow_1" eclass="HBEFA3/PC_G_EU4" CO2="15434.38" CO="243.10" HC="1.49" NOx="6.66" PMx="0.36" fuel="6.63" electricity="0.00" noise="75.47" route="routetop" type="cfm-slow" waiting="0.00" lane="top_0" pos="0.19" speed="23.07" angle="274.13" x="63.16" y="132.26"/>
        <vehicle id="cfm-slow_2" eclass="HBEFA3/PC_G_EU4" CO2="18933.56" CO="319.32" HC="1.92" NOx="8.27" PMx="0.45" fuel="8.14" electricity="0.00" noise="77.57" route="routetop" type="cfm-slow" waiting="0.00" lane="top_0" pos="18.61" speed="24.85" angle="240.97" x="25.79" y="120.86"/>
        <vehicle id="cfm-slow_3" eclass="HBEFA3/PC_G_EU4" CO2="18962.86" CO="328.20" HC="1.97" NOx="8.24" PMx="0.46" fuel="8.15" electricity="0.00" noise="77.66" route="routetop" type="cfm-slow" waiting="0.00" lane="top_0" pos="38.86" speed="26.94" angle="204.60" x="-0.76" y="87.24"/>
        <vehicle id="cfm-slow_4" eclass="HBEFA3/PC_G_EU4" CO2="13736.47" CO="230.51" HC="1.40" NOx="5.74" PMx="0.33" fuel="5.90" electricity="0.00" noise="75.67" route="routetop" type="cfm-slow" waiting="0.00" lane="left_0" pos="11.22" speed="28.72" angle="164.20" x="-0.70" y="39.93"/>
        <vehicle id="cfm-slow_5" eclass="HBEFA3/PC_G_EU4" CO2="5789.26" CO="72.39" HC="0.48" NOx="1.97" PMx="0.12" fuel="2.49" electricity="0.00" noise="73.70" route="routetop" type="cfm-slow" waiting="0.00" lane="left_0" pos="35.33" speed="29.54" angle="120.95" x="33.12" y="2.24"/>
    </timestep>
    <timestep time="5.04">
        <vehicle id="cfm-fast_0" eclass="HBEFA3/PC_G_EU4" CO2="0.00" CO="0.00" HC="0.00" NOx="0.00" PMx="0.00" fuel="0.00" electricity="0.00" noise="72.55" route="routebottom" type="cfm-fast" waiting="0.00" lane="bottom_0" pos="10.46" speed="29.24" angle="75.62" x="85.86" y="-1.26"/>
        <vehicle id="cfm-fast_1" eclass="HBEFA3/PC_G_EU4" CO2="190272.07" CO="4701.54" HC="26.24" NOx="88.36" PMx="5.31" fuel="81.79" electricity="0.00" noise="127.94" route="routebottom" type="cfm-fast" waiting="0.00" lane="right_1" pos="33.15" speed="66.53" angle="304.84" x="96.64" y="120.03"/>
        <vehicle id="cfm-fast_2" eclass="HBEFA3/PC_G_EU4" CO2="0.00" CO="0.00" HC="0.00" NOx="0.00" PMx="0.00" fuel="0.00" electricity="0.00" noise="71.58" route="routebottom" type="cfm-fast" waiting="0.00" lane="bottom_0" pos="31.31" speed="27.70" angle="38.16" x="120.77" y="25.65"/>
        <vehicle id="cfm-fast_3" eclass="HBEFA3/PC_G_EU4" CO2="0.00" CO="0.00" HC="0.00" NOx="0.00" PMx="0.00" fuel="0.00" electricity="0.00" noise="70.40" route="routebottom" type="cfm-fast" waiting="0.00" lane="right_0" pos="0.28" speed="26.18" angle="3.96" x="132.26" y="64.37"/>
        <vehicle id="cfm-fast_4" eclass="HBEFA3/PC_G_EU4" CO2="0.00" CO="0.00" HC="0.00" NOx="0.00" PMx="0.00" fuel="0.00" electricity="0.00" noise="69.51" route="routebottom" type="cfm-fast" waiting="0.00" lane="right_0" pos="17.60" speed="23.90" angle="332.80" x="122.03" y="99.72"/>
        <vehicle id="cfm-fast_5" eclass="HBEFA3/PC_G_EU4" CO2="275080.56" CO="6532.93" HC="36.69" NOx="128.35" PMx="7.56" fuel="118.24" electricity="0.00" noise="148.02" route="routetop" type="cfm-fast" waiting="0.00" lane="top_1" pos="48.70" speed="68.73" angle="186.89" x="-1.60" y="66.35"/>
        <vehicle id="cfm-slow_0" eclass="HBEFA3/PC_G_EU4" CO2="11344.73" CO="157.58" HC="1.00" NOx="4.76" PMx="0.25" fuel="4.88" electricity="0.00" noise="72.97" route="routebottom" type="cfm-slow" waiting="0.00" lane="right_0" pos="33.25" speed="21.87" angle="304.65" x="98.14" y="122.97"/>
        <vehicle id="cfm-slow_1" eclass="HBEFA3/PC_G_EU4" CO2="15458.55" CO="243.63" HC="1.49" NOx="6.67" PMx="0.36" fuel="6.64" electricity="0.00" noise="75.49" route="routetop" type="cfm-slow" waiting="0.00" lane="top_0" pos="0.42" speed="23.09" angle="273.71" x="62.67" y="132.25"/>
        <vehicle id="cfm-slow_2" eclass="HBEFA3/PC_G_EU4" CO2="18927.35" CO="319.26" HC="1.92" NOx="8.27" PMx="0.45" fuel="8.14" electricity="0.00" noise="77.57" route="routetop" type="cfm-slow" waiting="0.00" lane="top_0" pos="18.86" speed="24.87" angle="240.48" x="25.34" y="120.57"/>
        <vehicle id="cfm-slow_3" eclass="HBEFA3/PC_G_EU4" CO2="18906.99" CO="327.15" HC="1.96" NOx="8.21" PMx="0.46" fuel="8.13" electricity="0.00" noise="77.63" route="routetop" type="cfm-slow" waiting="0.00" lane="top_0" pos="39.13" speed="26.96" angle="204.10" x="-0.95" y="86.70"/>
        <vehicle id="cfm-slow_4" eclass="HBEFA3/PC_G_EU4" CO2="13648.56" CO="228.77" HC="1.39" NOx="5.69" PMx="0.33" fuel="5.87" electricity="0.00" noise="75.64" route="routetop" type="cfm-slow" waiting="0.00" lane="left_0" pos="11.51" speed="28.73" angle="163.73" x="-0.50" y="39.35"/>
        <vehicle id="cfm-slow_5" eclass="HBEFA3/PC_G_EU4" CO2="5708.26" CO="70.73" HC="0.47" NOx="1.93" PMx="0.12" fuel="2.45" electricity="0.00" noise="73.68" route="routetop" type="cfm-slow" waiting="0.00" lane="left_0" pos="35.62" speed="29.54" angle="120.40" x="33.68" y="1.95"/>
    </timestep>
    <timestep time="5.05">
        <vehicle id="cfm-fast_0" eclass="HBEFA3/PC_G_EU4" CO2="0.00" CO="0.00" HC="0.00" NOx="0.00" PMx="0.00" fuel="0.00" electricity="0.00" noise="72.54" route="routebottom" type="cfm-fast" waiting="0.00" lane="bottom_0" pos="10.75" speed="29.24" angle="75.07" x="86.45" y="-1.04"/>
        <vehicle id="cfm-fast_1" eclass="HBEFA3/PC_G_EU4" CO2="190141.28" CO="4702.38" HC="26.24" NOx="88.30" PMx="5.31" fuel="81.73" electricity="0.00" noise="127.87" route="routebottom" type="cfm-fast" waiting="0.00" lane="right_1" pos="33.82" speed="66.62" angle="303.68" x="95.45" y="120.70"/>
        <vehicle id="cfm-fast_2" eclass="HBEFA3/PC_G_EU4" CO2="0.00" CO="0.00" HC="0.00" NOx="0.00" PMx="0.00" fuel="0.00" electricity="0.00" noise="71.56" route="routebottom" type="cfm-fast" waiting="0.00" lane="bottom_0" pos="31.59" speed="27.69" angle="37.66" x="121.10" y="26.14"/>
        <vehicle id="cfm-fast_3" eclass="HBEFA3/PC_G_EU4" CO2="0.00" CO="0.00" HC="0.00" NOx="0.00" PMx="0.00" fuel="0.00" electricity="0.00" noise="70.39" route="routebottom" type="cfm-fast" waiting="0.00" lane="right_0" pos="0.54" speed="26.16" angle="3.48" x="132.25" y="64.93"/>
        <vehicle id="cfm-fast_4" eclass="HBEFA3/PC_G_EU4" CO2="0.00" CO="0.00" HC="0.00" NOx="0.00" PMx="0.00" fuel="0.00" electricity="0.00" noise="69.51" route="routebottom" type="cfm-fast" waiting="0.00" lane="right_0" pos="17.84" speed="23.89" angle="332.39" x="121.77" y="100.16"/>
        <vehicle id="cfm-fast_5" eclass="HBEFA3/PC_G_EU4" CO2="275694.86" CO="6551.00" HC="36.79" NOx="128.64" PMx="7.58" fuel="118.51" electricity="0.00" noise="148.08" route="routetop" type="cfm-fast" waiting="0.00" lane="top_1" pos="49.39" speed="68.86" angle="185.60" x="-1.63" y="64.94"/>
        <vehicle id="cfm-slow_0" eclass="HBEFA3/PC_G_EU4" CO2="11373.96" CO="158.19" HC="1.00" NOx="4.77" PMx="0.25" fuel="4.89" electricity="0.00" noise="72.99" route="routebottom" type="cfm-slow" waiting="0.00" lane="right_0" pos="33.47" speed="21.89" angle="304.28" x="97.74" y="123.20"/>
        <vehicle id="cfm-slow_1" eclass="HBEFA3/PC_G_EU4" CO2="15482.54" CO="244.15" HC="1.49" NOx="6.69" PMx="0.36" fuel="6.66" electricity="0.00" noise="75.50" route="routetop" type="cfm-slow" waiting="0.00" lane="top_0" pos="0.65" speed="23.11" angle="273.30" x="62.17" y="132.24"/>
        <vehicle id="cfm-slow_2" eclass="HBEFA3/PC_G_EU4" CO2="18920.76" CO="319.20" HC="1.92" NOx="8.27" PMx="0.45" fuel="8.13" electricity="0.00" noise="77.56" route="routetop" type="cfm-slow" waiting="0.00" lane="top_0" pos="19.10" speed="24.90" angle="240.01" x="24.90" y="120.27"/>
        <vehicle id="cfm-slow_3" eclass="HBEFA3/PC_G_EU4" CO2="18850.86" CO="326.09" HC="1.96" NOx="8.19" PMx="0.46" fuel="8.10" electricity="0.00" noise="77.61" route="routetop" type="cfm-slow" waiting="0.00" lane="top_0" pos="39.40" speed="26.98" angle="203.60" x="-1.15" y="86.15"/>
        <vehicle id="cfm-slow_4" eclass="HBEFA3/PC_G_EU4" CO2="13560.75" CO="227.04" HC="1.38" NOx="5.65" PMx="0.32" fuel="5.83" electricity="0.00" noise="75.61" route="routetop" type="cfm-slow" waiting="0.00" lane="left_0" pos="11.80" speed="28.74" angle="163.23" x="-0.27" y="38.77"/>
        <vehicle id="cfm-slow_5" eclass="HBEFA3/PC_G_EU4" CO2="0.00" CO="0.00" HC="0.00" NOx="0.00" PMx="0.00" fuel="0.00" electricity="0.00" noise="73.67" route="routetop" type="cfm-slow" waiting="0.00" lane="left_0" pos="35.92" speed="29.54" angle="119.92" x="34.25" y="1.67"/>
    </timestep>
    <timestep time="5.06">
        <vehicle id="cfm-fast_0" eclass="HBEFA3/PC_G_EU4" CO2="0.00" CO="0.00" HC="0.00" NOx="0.00" PMx="0.00" fuel="0.00" electricity="0.00" noise="72.53" route="routebottom" type="cfm-fast" waiting="0.00" lane="bottom_0" pos="11.04" speed="29.23" angle="74.52" x="87.04" y="-0.83"/>
        <vehicle id="cfm-fast_1" eclass="HBEFA3/PC_G_EU4" CO2="190023.50" CO="4703.48" HC="26.24" NOx="88.24" PMx="5.31" fuel="81.68" electricity="0.00" noise="127.81" route="routebottom" type="cfm-fast" waiting="0.00" lane="right_1" pos="34.49" speed="66.72" angle="302.46" x="94.26" y="121.36"/>
        <vehicle id="cfm-fast_2" eclass="HBEFA3/PC_G_EU4" CO2="0.00" CO="0.00" HC="0.00" NOx="0.00" PMx="0.00" fuel="0.00" electricity="0.00" noise="71.55" route="routebottom" type="cfm-fast" waiting="0.00" lane="bottom_0" pos="31.87" speed="27.68" angle="37.16" x="121.43" y="26.64"/>
        <vehicle id="cfm-fast_3" eclass="HBEFA3/PC_G_EU4" CO2="0.00" CO="0.00" HC="0.00" NOx="0.00" PMx="0.00" fuel="0.00" electricity="0.00" noise="70.38" route="routebottom" type="cfm-fast" waiting="0.00" lane="right_0" pos="0.81" speed="26.14" angle="3.01" x="132.24" y="65.49"/>
        <vehicle id="cfm-fast_4" eclass="HBEFA3/PC_G_EU4" CO2="0.00" CO="0.00" HC="0.00" NOx="0.00" PMx="0.00" fuel="0.00" electricity="0.00" noise="69.51" route="routebottom" type="cfm-fast" waiting="0.00" lane="right_0" pos="18.08" speed="23.87" angle="331.99" x="121.49" y="100.60"/>
        <vehicle id="cfm-fast_5" eclass="HBEFA3/PC_G_EU4" CO2="276309.46" CO="6569.10" HC="36.89" NOx="128.93" PMx="7.60" fuel="118.77" electricity="0.00" noise="148.15" route="routetop" type="cfm-fast" waiting="0.00" lane="left_1" pos="0.08" speed="69.00" angle="184.34" x="-1.65" y="63.46"/>
        <vehicle id="cfm-slow_0" eclass="HBEFA3/PC_G_EU4" CO2="11403.23" CO="158.80" HC="1.00" NOx="4.79" PMx="0.25" fuel="4.90" electricity="0.00" noise="73.01" route="routebottom" type="cfm-slow" waiting="0.00" lane="right_0" pos="33.69" speed="21.90" angle="303.89" x="97.32" y="123.43"/>
        <vehicle id="cfm-slow_1" eclass="HBEFA3/PC_G_EU4" CO2="15506.35" CO="244.68" HC="1.50" NOx="6.70" PMx="0.36" fuel="6.67" electricity="0.00" noise="75.52" route="routetop" type="cfm-slow" waiting="0.00" lane="top_0" pos="0.88" speed="23.13" angle="272.88" x="61.67" y="132.23"/>
        <vehicle id="cfm-slow_2" eclass="HBEFA3/PC_G_EU4" CO2="18913.81" CO="319.12" HC="1.92" NOx="8.26" PMx="0.45" fuel="8.13" electricity="0.00" noise="77.56" route="routetop" type="cfm-slow" waiting="0.00" lane="top_0" pos="19.35" speed="24.92" angle="239.61" x="24.46" y="119.96"/>
        <vehicle id="cfm-slow_3" eclass="HBEFA3/PC_G_EU4" CO2="18794.48" CO="325.02" HC="1.95" NOx="8.16" PMx="0.45" fuel="8.08" electricity="0.00" noise="77.58" route="routetop" type="cfm-slow" waiting="0.00" lane="top_0" pos="39.67" speed="27.00" angle="203.12" x="-1.35" y="85.60"/>
        <vehicle id="cfm-slow_4" eclass="HBEFA3/PC_G_EU4" CO2="13473.06" CO="225.30" HC="1.36" NOx="5.61" PMx="0.32" fuel="5.79" electricity="0.00" noise="75.58" route="routetop" type="cfm-slow" waiting="0.00" lane="left_0" pos="12.08" speed="28.75" angle="162.72" x="-0.04" y="38.20"/>
        <vehicle id="cfm-slow_5" eclass="HBEFA3/PC_G_EU4" CO2="0.00" CO="0.00" HC="0.00" NOx="0.00" PMx="0.00" fuel="0.00" electricity="0.00" noise="73.65" route="routetop" type="cfm-slow" waiting="0.00" lane="left_0" pos="36.21" speed="29.54" angle="119.36" x="34.83" y="1.41"/>
    </timestep>
    <timestep time="5.07">
        <vehicle id="cfm-fast_0" eclass="HBEFA3/PC_G_EU4" CO2="0.00" CO="0.00" HC="0.00" NOx="0.00" PMx="0.00" fuel="0.00" electricity="0.00" noise="72.52" route="routebottom" type="cfm-fast" waiting="0.00" lane="bottom_0" pos="11.34" speed="29.22" angle="73.98" x="87.63" y="-0.62"/>
        <vehicle id="cfm-fast_1" eclass="HBEFA3/PC_G_EU4" CO2="189918.57" CO="4704.84" HC="26.24" NOx="88.19" PMx="5.31" fuel="81.64" electricity="0.00" noise="127.75" route="routebottom" type="cfm-fast" waiting="0.00" lane="right_1" pos="35.15" speed="66.81" angle="301.27" x="93.04" y="121.98"/>
        <vehicle id="cfm-fast_2" eclass="HBEFA3/PC_G_EU4" CO2="0.00" CO="0.00" HC="0.00" NOx="0.00" PMx="0.00" fuel="0.00" electricity="0.00" noise="71.54" route="routebottom" type="cfm-fast" waiting="0.00" lane="bottom_0" pos="32.15" speed="27.67" angle="36.73" x="121.75" y="27.14"/>
        <vehicle id="cfm-fast_3" eclass="HBEFA3/PC_G_EU4" CO2="0.00" CO="0.00" HC="0.00" NOx="0.00" PMx="0.00" fuel="0.00" electricity="0.00" noise="70.38" route="routebottom" type="cfm-fast" waiting="0.00" lane="right_0" pos="1.07" speed="26.12" angle="2.54" x="132.23" y="66.05"/>
        <vehicle id="cfm-fast_4" eclass="HBEFA3/PC_G_EU4" CO2="0.00" CO="0.00" HC="0.00" NOx="0.00" PMx="0.00" fuel="0.00" electricity="0.00" noise="69.52" route="routebottom" type="cfm-fast" waiting="0.00" lane="right_0" pos="18.32" speed="23.86" angle="331.52" x="121.20" y="101.02"/>
        <vehicle id="cfm-fast_5" eclass="HBEFA3/PC_G_EU4" CO2="276924.34" CO="6587.22" HC="36.99" NOx="129.22" PMx="7.62" fuel="119.04" electricity="0.00" noise="148.21" route="routetop" type="cfm-fast" waiting="0.00" lane="left_1" pos="0.77" speed="69.14" angle="183.08" x="-1.62" y="62.05"/>
        <vehicle id="cfm-slow_0" eclass="HBEFA3/PC_G_EU4" CO2="11432.54" CO="159.42" HC="1.01" NOx="4.80" PMx="0.25" fuel="4.91" electricity="0.00" noise="73.03" route="routebottom" type="cfm-slow" waiting="0.00" lane="right_0" pos="33.91" speed="21.92" angle="303.49" x="96.91" y="123.66"/>
        <vehicle id="cfm-slow_1" eclass="HBEFA3/PC_G_EU4" CO2="15529.97" CO="245.19" HC="1.50" NOx="6.71" PMx="0.36" fuel="6.68" electricity="0.00" noise="75.54" route="routetop" type="cfm-slow" waiting="0.00" lane="top_0" pos="1.11" speed="23.15" angle="272.46" x="61.17" y="132.22"/>
        <vehicle id="cfm-slow_2" eclass="HBEFA3/PC_G_EU4" CO2="18906.49" CO="319.04" HC="1.92" NOx="8.26" PMx="0.45" fuel="8.13" electricity="0.00" noise="77.55" route="routetop" type="cfm-slow" waiting="0.00" lane="top_0" pos="19.60" speed="24.94" angle="239.16" x="24.02" y="119.65"/>
        <vehicle id="cfm-slow_3" eclass="HBEFA3/PC_G_EU4" CO2="18737.85" CO="323.95" HC="1.94" NOx="8.13" PMx="0.45" fuel="8.05" electricity="0.00" noise="77.55" route="routetop" type="cfm-slow" waiting="0.00" lane="top_0" pos="39.94" speed="27.02" angle="202.67" x="-1.53" y="85.05"/>
        <vehicle id="cfm-slow_4" eclass="HBEFA3/PC_G_EU4" CO2="13385.48" CO="223.56" HC="1.35" NOx="5.57" PMx="0.32" fuel="5.75" electricity="0.00" noise="75.55" route="routetop" type="cfm-slow" waiting="0.00" lane="left_0" pos="12.37" speed="28.76" angle="162.21" x="0.19" y="37.62"/>
        <vehicle id="cfm-slow_5" eclass="HBEFA3/PC_G_EU4" CO2="0.00" CO="0.00" HC="0.00" NOx="0.00" PMx="0.00" fuel="0.00" electricity="0.00" noise="73.63" route="routetop" type="cfm-slow" waiting="0.00" lane="left_0" pos="36.51" speed="29.54" angle="118.81" x="35.41" y="1.15"/>
    </timestep>
    <timestep time="5.08">
        <vehicle id="cfm-fast_0" eclass="HBEFA3/PC_G_EU4" CO2="0.00" CO="0.00" HC="0.00" NOx="0.00" PMx="0.00" fuel="0.00" electricity="0.00" noise="72.51" route="routebottom" type="cfm-fast" waiting="0.00" lane="bottom_0" pos="11.63" speed="29.21" angle="73.51" x="88.22" y="-0.40"/>
        <vehicle id="cfm-fast_1" eclass="HBEFA3/PC_G_EU4" CO2="189826.35" CO="4706.46" HC="26.25" NOx="88.15" PMx="5.31" fuel="81.60" electricity="0.00" noise="127.69" route="routebottom" type="cfm-fast" waiting="0.00" lane="right_1" pos="35.82" speed="66.90" angle="300.05" x="91.81" y="122.60"/>
        <vehicle id="cfm-fast_2" eclass="HBEFA3/PC_G_EU4" CO2="0.00" CO="0.00" HC="0.00" NOx="0.00" PMx="0.00" fuel="0.00" electricity="0.00" noise="71.52" route="routebottom" type="cfm-fast" waiting="0.00" lane="bottom_0" pos="32.42" speed="27.65" angle="36.21" x="122.06" y="27.65"/>
        <vehicle id="cfm-fast_3" eclass="HBEFA3/PC_G_EU4" CO2="0.00" CO="0.00" HC="0.00" NOx="0.00" PMx="0.00" fuel="0.00" electricity="0.00" noise="70.37" route="routebottom" type="cfm-fast" waiting="0.00" lane="right_0" pos="1.33" speed="26.10" angle="2.09" x="132.21" y="66.62"/>
        <vehicle id="cfm-fast_4" eclass="HBEFA3/PC_G_EU4" CO2="0.00" CO="0.00" HC="0.00" NOx="0.00" PMx="0.00" fuel="0.00" electricity="0.00" noise="69.52" route="routebottom" type="cfm-fast" waiting="0.00" lane="right_0" pos="18.56" speed="23.85" angle="331.06" x="120.92" y="101.45"/>
        <vehicle id="cfm-fast_5" eclass="HBEFA3/PC_G_EU4" CO2="277539.52" CO="6605.36" HC="37.08" NOx="129.50" PMx="7.64" fuel="119.30" electricity="0.00" noise="148.28" route="routetop" type="cfm-fast" waiting="0.00" lane="left_1" pos="1.47" speed="69.27" angle="181.86" x="-1.57" y="60.63"/>
        <vehicle id="cfm-slow_0" eclass="HBEFA3/PC_G_EU4" CO2="11461.87" CO="160.03" HC="1.01" NOx="4.82" PMx="0.25" fuel="4.93" electricity="0.00" noise="73.05" route="routebottom" type="cfm-slow" waiting="0.00" lane="right_0" pos="34.13" speed="21.93" angle="303.09" x="96.50" y="123.89"/>
        <vehicle id="cfm-slow_1" eclass="HBEFA3/PC_G_EU4" CO2="15553.40" CO="245.71" HC="1.50" NOx="6.72" PMx="0.36" fuel="6.69" electricity="0.00" noise="75.55" route="routetop" type="cfm-slow" waiting="0.00" lane="top_0" pos="1.35" speed="23.17" angle="272.06" x="60.68" y="132.21"/>
        <vehicle id="cfm-slow_2" eclass="HBEFA3/PC_G_EU4" CO2="18898.79" CO="318.96" HC="1.92" NOx="8.26" PMx="0.45" fuel="8.12" electricity="0.00" noise="77.55" route="routetop" type="cfm-slow" waiting="0.00" lane="top_0" pos="19.85" speed="24.96" angle="238.70" x="23.59" y="119.33"/>
        <vehicle id="cfm-slow_3" eclass="HBEFA3/PC_G_EU4" CO2="18680.98" CO="322.88" HC="1.94" NOx="8.11" PMx="0.45" fuel="8.03" electricity="0.00" noise="77.53" route="routetop" type="cfm-slow" waiting="0.00" lane="top_0" pos="40.21" speed="27.04" angle="202.17" x="-1.70" y="84.49"/>
        <vehicle id="cfm-slow_4" eclass="HBEFA3/PC_G_EU4" CO2="13298.02" CO="221.83" HC="1.34" NOx="5.53" PMx="0.32" fuel="5.72" electricity="0.00" noise="75.53" route="routetop" type="cfm-slow" waiting="0.00" lane="left_0" pos="12.66" speed="28.77" angle="161.70" x="0.42" y="37.05"/>
        <vehicle id="cfm-slow_5" eclass="HBEFA3/PC_G_EU4" CO2="0.00" CO="0.00" HC="0.00" NOx="0.00" PMx="0.00" fuel="0.00" electricity="0.00" noise="73.62" route="routetop" type="cfm-slow" waiting="0.00" lane="left_0" pos="36.81" speed="29.54" angle="118.25" x="35.99" y="0.89"/>
    </timestep>
    <timestep time="5.09">
        <vehicle id="cfm-fast_0" eclass="HBEFA3/PC_G_EU4" CO2="0.00" CO="0.00" HC="0.00" NOx="0.00" PMx="0.00" fuel="0.00" electricity="0.00" noise="72.49" route="routebottom" type="cfm-fast" waiting="0.00" lane="bottom_0" pos="11.92" speed="29.20" angle="72.99" x="88.81" y="-0.16"/>
        <vehicle id="cfm-fast_1" eclass="HBEFA3/PC_G_EU4" CO2="189746.72" CO="4708.34" HC="26.26" NOx="88.11" PMx="5.31" fuel="81.56" electricity="0.00" noise="127.64" route="routebottom" type="cfm-fast" waiting="0.00" lane="right_1" pos="36.49" speed="66.99" angle="298.82" x="90.56" y="123.16"/>
        <vehicle id="cfm-fast_2" eclass="HBEFA3/PC_G_EU4" CO2="0.00" CO="0.00" HC="0.00" NOx="0.00" PMx="0.00" fuel="0.00" electricity="0.00" noise="71.51" route="routebottom" type="cfm-fast" waiting="0.00" lane="bottom_0" pos="32.70" speed="27.64" angle="35.69" x="122.36" y="28.16"/>
        <vehicle id="cfm-fast_3" eclass="HBEFA3/PC_G_EU4" CO2="0.00" CO="0.00" HC="0.00" NOx="0.00" PMx="0.00" fuel="0.00" electricity="0.00" noise="70.36" route="routebottom" type="cfm-fast" waiting="0.00" lane="right_0" pos="1.59" speed="26.08" angle="1.62" x="132.18" y="67.18"/>
        <vehicle id="cfm-fast_4" eclass="HBEFA3/PC_G_EU4" CO2="0.00" CO="0.00" HC="0.00" NOx="0.00" PMx="0.00" fuel="0.00" electricity="0.00" noise="69.53" route="routebottom" type="cfm-fast" waiting="0.00" lane="right_0" pos="18.80" speed="23.84" angle="330.59" x="120.63" y="101.87"/>
        <vehicle id="cfm-fast_5" eclass="HBEFA3/PC_G_EU4" CO2="278154.99" CO="6623.52" HC="37.18" NOx="129.79" PMx="7.65" fuel="119.56" electricity="0.00" noise="148.35" route="routetop" type="cfm-fast" waiting="0.00" lane="left_1" pos="2.16" speed="69.41" angle="180.60" x="-1.49" y="59.21"/>
        <vehicle id="cfm-slow_0" eclass="HBEFA3/PC_G_EU4" CO2="11491.24" CO="160.64" HC="1.01" NOx="4.83" PMx="0.25" fuel="4.94" electricity="0.00" noise="73.07" route="routebottom" type="cfm-slow" waiting="0.00" lane="right_0" pos="34.35" speed="21.94" angle="302.69" x="96.09" y="124.12"/>
        <vehicle id="cfm-slow_1" eclass="HBEFA3/PC_G_EU4" CO2="15576.64" CO="246.22" HC="1.51" NOx="6.73" PMx="0.36" fuel="6.70" electricity="0.00" noise="75.56" route="routetop" type="cfm-slow" waiting="0.00" lane="top_0" pos="1.58" speed="23.19" angle="271.64" x="60.18" y="132.18"/>
        <vehicle id="cfm-slow_2" eclass="HBEFA3/PC_G_EU4" CO2="18890.73" CO="318.86" HC="1.92" NOx="8.25" PMx="0.45" fuel="8.12" electricity="0.00" noise="77.55" route="routetop" type="cfm-slow" waiting="0.00" lane="top_0" pos="20.10" speed="24.99" angle="238.25" x="23.15" y="119.02"/>
        <vehicle id="cfm-slow_3" eclass="HBEFA3/PC_G_EU4" CO2="18623.87" CO="321.80" HC="1.93" NOx="8.08" PMx="0.45" fuel="8.01" electricity="0.00" noise="77.50" route="routetop" type="cfm-slow" waiting="0.00" lane="top_0" pos="40.48" speed="27.06" angle="201.66" x="-1.87" y="83.94"/>
        <vehicle id="cfm-slow_4" eclass="HBEFA3/PC_G_EU4" CO2="13210.67" CO="220.10" HC="1.33" NOx="5.49" PMx="0.32" fuel="5.68" electricity="0.00" noise="75.50" route="routetop" type="cfm-slow" waiting="0.00" lane="left_0" pos="12.95" speed="28.78" angle="161.22" x="0.67" y="36.48"/>
        <vehicle id="cfm-slow_5" eclass="HBEFA3/PC_G_EU4" CO2="0.00" CO="0.00" HC="0.00" NOx="0.00" PMx="0.00" fuel="0.00" electricity="0.00" noise="73.60" route="routetop" type="cfm-slow" waiting="0.00" lane="left_0" pos="37.10" speed="29.54" angle="117.72" x="36.57" y="0.62"/>
    </timestep>
    <timestep time="5.10">
        <vehicle id="cfm-fast_0" eclass="HBEFA3/PC_G_EU4" CO2="0.00" CO="0.00" HC="0.00" NOx="0.00" PMx="0.00" fuel="0.00" electricity="0.00" noise="72.48" route="routebottom" type="cfm-fast" waiting="0.00" lane="bottom_0" pos="12.21" speed="29.19" angle="72.47" x="89.39" y="0.07"/>
        <vehicle id="cfm-fast_1" eclass="HBEFA3/PC_G_EU4" CO2="189679.54" CO="4710.47" HC="26.26" NOx="88.07" PMx="5.31" fuel="81.53" electricity="0.00" noise="127.59" route="routebottom" type="cfm-fast" waiting="0.00" lane="right_1" pos="37.16" speed="67.08" angle="297.61" x="89.31" y="123.73"/>
        <vehicle id="cfm-fast_2" eclass="HBEFA3/PC_G_EU4" CO2="0.00" CO="0.00" HC="0.00" NOx="0.00" PMx="0.00" fuel="0.00" electricity="0.00" noise="71.50" route="routebottom" type="cfm-fast" waiting="0.00" lane="bottom_0" pos="32.97" speed="27.63" angle="35.18" x="122.67" y="28.67"/>
        <vehicle id="cfm-fast_3" eclass="HBEFA3/PC_G_EU4" CO2="0.00" CO="0.00" HC="0.00" NOx="0.00" PMx="0.00" fuel="0.00" electricity="0.00" noise="70.35" route="routebottom" type="cfm-fast" waiting="0.00" lane="right_0" pos="1.85" speed="26.06" angle="1.16" x="132.14" y="67.74"/>
        <vehicle id="cfm-fast_4" eclass="HBEFA3/PC_G_EU4" CO2="0.00" CO="0.00" HC="0.00" NOx="0.00" PMx="0.00" fuel="0.00" electricity="0.00" noise="69.53" route="routebottom" type="cfm-fast" waiting="0.00" lane="right_0" pos="19.03" speed="23.83" angle="330.13" x="120.35" y="102.30"/>
        <vehicle id="cfm-fast_5" eclass="HBEFA3/PC_G_EU4" CO2="278770.76" CO="6641.71" HC="37.28" NOx="130.08" PMx="7.67" fuel="119.83" electricity="0.00" noise="148.41" route="routetop" type="cfm-fast" waiting="0.00" lane="left_1" pos="2.86" speed="69.55" angle="179.37" x="-1.38" y="57.78"/>
        <vehicle id="cfm-slow_0" eclass="HBEFA3/PC_G_EU4" CO2="11520.64" CO="161.26" HC="1.02" NOx="4.84" PMx="0.25" fuel="4.95" electricity="0.00" noise="73.09" route="routebottom" type="cfm-slow" waiting="0.00" lane="right_0" pos="34.57" speed="21.96" angle="302.33" x="95.67" y="124.35"/>
        <vehicle id="cfm-slow_1" eclass="HBEFA3/PC_G_EU4" CO2="15599.69" CO="246.73" HC="1.51" NOx="6.74" PMx="0.36" fuel="6.71" electricity="0.00" noise="75.58" route="routetop" type="cfm-slow" waiting="0.00" lane="top_0" pos="1.81" speed="23.21" angle="271.23" x="59.68" y="132.15"/>
        <vehicle id="cfm-slow_2" eclass="HBEFA3/PC_G_EU4" CO2="18882.31" CO="318.76" HC="1.92" NOx="8.25" PMx="0.45" fuel="8.12" electricity="0.00" noise="77.54" route="routetop" type="cfm-slow" waiting="0.00" lane="top_0" pos="20.35" speed="25.01" angle="237.79" x="22.72" y="118.70"/>
        <vehicle id="cfm-slow_3" eclass="HBEFA3/PC_G_EU4" CO2="18566.52" CO="320.71" HC="1.92" NOx="8.05" PMx="0.45" fuel="7.98" electricity="0.00" noise="77.47" route="routetop" type="cfm-slow" waiting="0.00" lane="top_0" pos="40.75" speed="27.08" angle="201.15" x="-2.04" y="83.38"/>
        <vehicle id="cfm-slow_4" eclass="HBEFA3/PC_G_EU4" CO2="13123.43" CO="218.37" HC="1.32" NOx="5.45" PMx="0.31" fuel="5.64" electricity="0.00" noise="75.47" route="routetop" type="cfm-slow" waiting="0.00" lane="left_0" pos="13.23" speed="28.79" angle="160.69" x="0.92" y="35.91"/>
        <vehicle id="cfm-slow_5" eclass="HBEFA3/PC_G_EU4" CO2="0.00" CO="0.00" HC="0.00" NOx="0.00" PMx="0.00" fuel="0.00" electricity="0.00" noise="73.59" route="routetop" type="cfm-slow" waiting="0.00" lane="left_0" pos="37.40" speed="29.54" angle="117.23" x="37.16" y="0.38"/>
    </timestep>
    <timestep time="5.11">
        <vehicle id="cfm-fast_0" eclass="HBEFA3/PC_G_EU4" CO2="0.00" CO="0.00" HC="0.00" NOx="0.00" PMx="0.00" fuel="0.00" electricity="0.00" noise="72.47" route="routebottom" type="cfm-fast" waiting="0.00" lane="bottom_0" pos="12.50" speed="29.18" angle="71.95" x="89.97" y="0.30"/>
        <vehicle id="cfm-fast_1" eclass="HBEFA3/PC_G_EU4" CO2="189624.66" CO="4712.86" HC="26.27" NOx="88.05" PMx="5.31" fuel="81.51" electricity="0.00" noise="127.54" route="routebottom" type="cfm-fast" waiting="0.00" lane="right_1" pos="37.83" speed="67.18" angle="296.37" x="88.03" y="124.24"/>
        <vehicle id="cfm-fast_2" eclass="HBEFA3/PC_G_EU4" CO2="0.00" CO="0.00" HC="0.00" NOx="0.00" PMx="0.00" fuel="0.00" electricity="0.00" noise="71.49" route="routebottom" type="cfm-fast" waiting="0.00" lane="bottom_0" pos="33.25" speed="27.62" angle="34.67" x="122.97" y="29.18"/>
        <vehicle id="cfm-fast_3" eclass="HBEFA3/PC_G_EU4" CO2="0.00" CO="0.00" HC="0.00" NOx="0.00" PMx="0.00" fuel="0.00" electricity="0.00" noise="70.34" route="routebottom" type="cfm-fast" waiting="0.00" lane="right_0" pos="2.11" speed="26.05" angle="0.69" x="132.11" y="68.30"/>
        <vehicle id="cfm-fast_4" eclass="HBEFA3/PC_G_EU4" CO2="0.00" CO="0.00" HC="0.00" NOx="0.00" PMx="0.00" fuel="0.00" electricity="0.00" noise="69.54" route="routebottom" type="cfm-fast" waiting="0.00" lane="right_0" pos="19.27" speed="23.82" angle="329.75" x="120.06" y="102.72"/>
        <vehicle id="cfm-fast_5" eclass="HBEFA3/PC_G_EU4" CO2="279386.81" CO="6659.91" HC="37.38" NOx="130.37" PMx="7.69" fuel="120.09" electricity="0.00" noise="148.48" route="routetop" type="cfm-fast" waiting="0.00" lane="left_1" pos="3.55" speed="69.68" angle="178.10" x="-1.24" y="56.36"/>
        <vehicle id="cfm-slow_0" eclass="HBEFA3/PC_G_EU4" CO2="11550.06" CO="161.87" HC="1.02" NOx="4.86" PMx="0.25" fuel="4.96" electricity="0.00" noise="73.10" route="routebottom" type="cfm-slow" waiting="0.00" lane="right_0" pos="34.79" speed="21.97" angle="301.96" x="95.25" y="124.56"/>
        <vehicle id="cfm-slow_1" eclass="HBEFA3/PC_G_EU4" CO2="15622.54" CO="247.23" HC="1.51" NOx="6.75" PMx="0.36" fuel="6.72" electricity="0.00" noise="75.59" route="routetop" type="cfm-slow" waiting="0.00" lane="top_0" pos="2.04" speed="23.22" angle="270.81" x="59.18" y="132.12"/>
        <vehicle id="cfm-slow_2" eclass="HBEFA3/PC_G_EU4" CO2="18873.51" CO="318.65" HC="1.92" NOx="8.24" PMx="0.45" fuel="8.11" electricity="0.00" noise="77.54" route="routetop" type="cfm-slow" waiting="0.00" lane="top_0" pos="20.60" speed="25.03" angle="237.39" x="22.29" y="118.38"/>
        <vehicle id="cfm-slow_3" eclass="HBEFA3/PC_G_EU4" CO2="18508.93" CO="319.62" HC="1.92" NOx="8.02" PMx="0.45" fuel="7.96" electricity="0.00" noise="77.45" route="routetop" type="cfm-slow" waiting="0.00" lane="top_0" pos="41.02" speed="27.10" angle="200.69" x="-2.21" y="82.82"/>
        <vehicle id="cfm-slow_4" eclass="HBEFA3/PC_G_EU4" CO2="13036.31" CO="216.64" HC="1.31" NOx="5.40" PMx="0.31" fuel="5.60" electricity="0.00" noise="75.44" route="routetop" type="cfm-slow" waiting="0.00" lane="left_0" pos="13.52" speed="28.80" angle="160.15" x="1.17" y="35.35"/>
        <vehicle id="cfm-slow_5" eclass="HBEFA3/PC_G_EU4" CO2="0.00" CO="0.00" HC="0.00" NOx="0.00" PMx="0.00" fuel="0.00" electricity="0.00" noise="73.57" route="routetop" type="cfm-slow" waiting="0.00" lane="left_0" pos="37.69" speed="29.54" angle="116.69" x="37.75" y="0.14"/>
    </timestep>
    <timestep time="5.12">
        <vehicle id="cfm-fast_0" eclass="HBEFA3/PC_G_EU4" CO2="0.00" CO="0.00" HC="0.00" NOx="0.00" PMx="0.00" fuel="0.00" electricity="0.00" noise="72.46" route="routebottom" type="cfm-fast" waiting="0.00" lane="bottom_0" pos="12.80" speed="29.17" angle="71.48" x="90.56" y="0.54"/>
        <vehicle id="cfm-fast_1" eclass="HBEFA3/PC_G_EU4" CO2="189581.96" CO="4715.50" HC="26.28" NOx="88.03" PMx="5.31" fuel="81.49" electricity="0.00" noise="127.50" route="routebottom" type="cfm-fast" waiting="0.00" lane="right_1" pos="38.51" speed="67.27" angle="295.18" x="86.74" y="124.75"/>
        <vehicle id="cfm-fast_2" eclass="HBEFA3/PC_G_EU4" CO2="0.00" CO="0.00" HC="0.00" NOx="0.00" PMx="0.00" fuel="0.00" electricity="0.00" noise="71.48" route="routebottom" type="cfm-fast" waiting="0.00" lane="bottom_0" pos="33.53" speed="27.61" angle="34.20" x="123.27" y="29.70"/>
        <vehicle id="cfm-fast_3" eclass="HBEFA3/PC_G_EU4" CO2="0.00" CO="0.00" HC="0.00" NOx="0.00" PMx="0.00" fuel="0.00" electricity="0.00" noise="70.33" route="routebottom" type="cfm-fast" waiting="0.00" lane="right_0" pos="2.37" speed="26.03" angle="0.22" x="132.08" y="68.85"/>
        <vehicle id="cfm-fast_4" eclass="HBEFA3/PC_G_EU4" CO2="0.00" CO="0.00" HC="0.00" NOx="0.00" PMx="0.00" fuel="0.00" electricity="0.00" noise="69.54" route="routebottom" type="cfm-fast" waiting="0.00" lane="right_0" pos="19.51" speed="23.81" angle="329.32" x="119.76" y="103.14"/>
        <vehicle id="cfm-fast_5" eclass="HBEFA3/PC_G_EU4" CO2="280003.16" CO="6678.14" HC="37.48" NOx="130.66" PMx="7.71" fuel="120.36" electricity="0.00" noise="148.54" route="routetop" type="cfm-fast" waiting="0.00" lane="left_1" pos="4.25" speed="69.82" angle="176.88" x="-1.06" y="54.94"/>
        <vehicle id="cfm-slow_0" eclass="HBEFA3/PC_G_EU4" CO2="11579.51" CO="162.49" HC="1.03" NOx="4.87" PMx="0.25" fuel="4.98" electricity="0.00" noise="73.12" route="routebottom" type="cfm-slow" waiting="0.00" lane="right_0" pos="35.01" speed="21.98" angle="301.56" x="94.83" y="124.78"/>
        <vehicle id="cfm-slow_1" eclass="HBEFA3/PC_G_EU4" CO2="15645.19" CO="247.73" HC="1.52" NOx="6.76" PMx="0.36" fuel="6.73" electricity="0.00" noise="75.61" route="routetop" type="cfm-slow" waiting="0.00" lane="top_0" pos="2.27" speed="23.24" angle="270.39" x="58.68" y="132.09"/>
        <vehicle id="cfm-slow_2" eclass="HBEFA3/PC_G_EU4" CO2="18864.35" CO="318.54" HC="1.92" NOx="8.24" PMx="0.45" fuel="8.11" electricity="0.00" noise="77.53" route="routetop" type="cfm-slow" waiting="0.00" lane="top_0" pos="20.85" speed="25.05" angle="236.93" x="21.86" y="118.05"/>
        <vehicle id="cfm-slow_3" eclass="HBEFA3/PC_G_EU4" CO2="18451.10" CO="318.53" HC="1.91" NOx="8.00" PMx="0.45" fuel="7.93" electricity="0.00" noise="77.42" route="routetop" type="cfm-slow" waiting="0.00" lane="top_0" pos="41.29" speed="27.12" angle="200.21" x="-2.37" y="82.26"/>
        <vehicle id="cfm-slow_4" eclass="HBEFA3/PC_G_EU4" CO2="12949.31" CO="214.91" HC="1.30" NOx="5.36" PMx="0.31" fuel="5.57" electricity="0.00" noise="75.41" route="routetop" type="cfm-slow" waiting="0.00" lane="left_0" pos="13.81" speed="28.81" angle="159.61" x="1.43" y="34.78"/>
        <vehicle id="cfm-slow_5" eclass="HBEFA3/PC_G_EU4" CO2="0.00" CO="0.00" HC="0.00" NOx="0.00" PMx="0.00" fuel="0.00" electricity="0.00" noise="73.56" route="routetop" type="cfm-slow" waiting="0.00" lane="left_0" pos="37.99" speed="29.54" angle="116.14" x="38.34" y="-0.09"/>
    </timestep>
    <timestep time="5.13">
        <vehicle id="cfm-fast_0" eclass="HBEFA3/PC_G_EU4" CO2="0.00" CO="0.00" HC="0.00" NOx="0.00" PMx="0.00" fuel="0.00" electricity="0.00" noise="72.45" route="routebottom" type="cfm-fast" waiting="0.00" lane="bottom_0" pos="13.09" speed="29.16" angle="70.94" x="91.13" y="0.79"/>
        <vehicle id="cfm-fast_1" eclass="HBEFA3/PC_G_EU4" CO2="189551.29" CO="4718.38" HC="26.30" NOx="88.01" PMx="5.31" fuel="81.48" electricity="0.00" noise="127.46" route="routebottom" type="cfm-fast" waiting="0.00" lane="right_1" pos="39.18" speed="67.36" angle="293.98" x="85.45" y="125.22"/>
        <vehicle id="cfm-fast_2" eclass="HBEFA3/PC_G_EU4" CO2="0.00" CO="0.00" HC="0.00" NOx="0.00" PMx="0.00" fuel="0.00" electricity="0.00" noise="71.46" route="routebottom" type="cfm-fast" waiting="0.00" lane="bottom_0" pos="33.80" speed="27.59" angle="33.70" x="123.55" y="30.22"/>
        <vehicle id="cfm-fast_3" eclass="HBEFA3/PC_G_EU4" CO2="0.00" CO="0.00" HC="0.00" NOx="0.00" PMx="0.00" fuel="0.00" electricity="0.00" noise="70.32" route="routebottom" type="cfm-fast" waiting="0.00" lane="right_0" pos="2.63" speed="26.01" angle="359.78" x="132.04" y="69.41"/>
        <vehicle id="cfm-fast_4" eclass="HBEFA3/PC_G_EU4" CO2="0.00" CO="0.00" HC="0.00" NOx="0.00" PMx="0.00" fuel="0.00" electricity="0.00" noise="69.55" route="routebottom" type="cfm-fast" waiting="0.00" lane="right_0" pos="19.75" speed="23.80" angle="328.89" x="119.46" y="103.56"/>
        <vehicle id="cfm-fast_5" eclass="HBEFA3/PC_G_EU4" CO2="280619.79" CO="6696.39" HC="37.58" NOx="130.95" PMx="7.73" fuel="120.62" electricity="0.00" noise="148.61" route="routetop" type="cfm-fast" waiting="0.00" lane="left_1" pos="4.95" speed="69.95" angle="175.60" x="-0.86" y="53.52"/>
        <vehicle id="cfm-slow_0" eclass="HBEFA3/PC_G_EU4" CO2="11608.97" CO="163.11" HC="1.03" NOx="4.88" PMx="0.26" fuel="4.99" electricity="0.00" noise="73.14" route="routebottom" type="cfm-slow" waiting="0.00" lane="right_0" pos="35.23" speed="22.00" angle="301.16" x="94.41" y="124.99"/>
        <vehicle id="cfm-slow_1" eclass="HBEFA3/PC_G_EU4" CO2="15667.64" CO="248.23" HC="1.52" NOx="6.77" PMx="0.36" fuel="6.73" electricity="0.00" noise="75.62" route="routetop" type="cfm-slow" waiting="0.00" lane="top_0" pos="2.51" speed="23.26" angle="269.99" x="58.18" y="132.06"/>
        <vehicle id="cfm-slow_2" eclass="HBEFA3/PC_G_EU4" CO2="18854.82" CO="318.41" HC="1.92" NOx="8.23" PMx="0.45" fuel="8.10" electricity="0.00" noise="77.53" route="routetop" type="cfm-slow" waiting="0.00" lane="top_0" pos="21.10" speed="25.07" angle="236.47" x="21.44" y="117.72"/>
        <vehicle id="cfm-slow_3" eclass="HBEFA3/PC_G_EU4" CO2="18393.04" CO="317.43" HC="1.90" NOx="7.97" PMx="0.44" fuel="7.91" electricity="0.00" noise="77.39" route="routetop" type="cfm-slow" waiting="0.00" lane="top_0" pos="41.56" speed="27.13" angle="199.71" x="-2.52" y="81.70"/>
        <vehicle id="cfm-slow_4" eclass="HBEFA3/PC_G_EU4" CO2="12862.42" CO="213.19" HC="1.29" NOx="5.32" PMx="0.31" fuel="5.53" electricity="0.00" noise="75.39" route="routetop" type="cfm-slow" waiting="0.00" lane="left_0" pos="14.10" speed="28.82" angle="159.14" x="1.69" y="34.22"/>
        <vehicle id="cfm-slow_5" eclass="HBEFA3/PC_G_EU4" CO2="0.00" CO="0.00" HC="0.00" NOx="0.00" PMx="0.00" fuel="0.00" electricity="0.00" noise="73.54" route="routetop" type="cfm-slow" waiting="0.00" lane="left_0" pos="38.28" speed="29.54" angle="115.60" x="38.93" y="-0.33"/>
    </timestep>
    <timestep time="5.14">
        <vehicle id="cfm-fast_0" eclass="HBEFA3/PC_G_EU4" CO2="0.00" CO="0.00" HC="0.00" NOx="0.00" PMx="0.00" fuel="0.00" electricity="0.00" noise="72.44" route="routebottom" type="cfm-fast" waiting="0.00" lane="bottom_0" pos="13.38" speed="29.16" angle="70.40" x="91.70" y="1.05"/>
        <vehicle id="cfm-fast_1" eclass="HBEFA3/PC_G_EU4" CO2="189532.53" CO="4721.51" HC="26.31" NOx="88.00" PMx="5.31" fuel="81.47" electricity="0.00" noise="127.43" route="routebottom" type="cfm-fast" waiting="0.00" lane="right_1" pos="39.86" speed="67.45" angle="292.84" x="84.14" y="125.68"/>
        <vehicle id="cfm-fast_2" eclass="HBEFA3/PC_G_EU4" CO2="0.00" CO="0.00" HC="0.00" NOx="0.00" PMx="0.00" fuel="0.00" electricity="0.00" noise="71.45" route="routebottom" type="cfm-fast" waiting="0.00" lane="bottom_0" pos="34.08" speed="27.58" angle="33.19" x="123.84" y="30.74"/>
        <vehicle id="cfm-fast_3" eclass="HBEFA3/PC_G_EU4" CO2="0.00" CO="0.00" HC="0.00" NOx="0.00" PMx="0.00" fuel="0.00" electricity="0.00" noise="70.31" route="routebottom" type="cfm-fast" waiting="0.00" lane="right_0" pos="2.89" speed="25.99" angle="359.31" x="131.98" y="69.97"/>
        <vehicle id="cfm-fast_4" eclass="HBEFA3/PC_G_EU4" CO2="0.00" CO="0.00" HC="0.00" NOx="0.00" PMx="0.00" fuel="0.00" electricity="0.00" noise="69.55" route="routebottom" type="cfm-fast" waiting="0.00" lane="right_0" pos="19.99" speed="23.79" angle="328.46" x="119.16" y="103.97"/>
        <vehicle id="cfm-fast_5" eclass="HBEFA3/PC_G_EU4" CO2="281236.72" CO="6714.66" HC="37.68" NOx="131.24" PMx="7.75" fuel="120.89" electricity="0.00" noise="148.67" route="routetop" type="cfm-fast" waiting="0.00" lane="left_1" pos="5.65" speed="70.09" angle="174.31" x="-0.61" y="52.11"/>
        <vehicle id="cfm-slow_0" eclass="HBEFA3/PC_G_EU4" CO2="11638.45" CO="163.72" HC="1.03" NOx="4.90" PMx="0.26" fuel="5.00" electricity="0.00" noise="73.16" route="routebottom" type="cfm-slow" waiting="0.00" lane="right_0" pos="35.45" speed="22.01" angle="300.76" x="93.98" y="125.20"/>
        <vehicle id="cfm-slow_1" eclass="HBEFA3/PC_G_EU4" CO2="15689.89" CO="248.72" HC="1.52" NOx="6.78" PMx="0.36" fuel="6.74" electricity="0.00" noise="75.64" route="routetop" type="cfm-slow" waiting="0.00" lane="top_0" pos="2.74" speed="23.28" angle="269.58" x="57.68" y="132.01"/>
        <vehicle id="cfm-slow_2" eclass="HBEFA3/PC_G_EU4" CO2="18844.92" CO="318.28" HC="1.92" NOx="8.23" PMx="0.45" fuel="8.10" electricity="0.00" noise="77.52" route="routetop" type="cfm-slow" waiting="0.00" lane="top_0" pos="21.35" speed="25.10" angle="236.01" x="21.01" y="117.38"/>
        <vehicle id="cfm-slow_3" eclass="HBEFA3/PC_G_EU4" CO2="18334.75" CO="316.32" HC="1.90" NOx="7.94" PMx="0.44" fuel="7.88" electricity="0.00" noise="77.37" route="routetop" type="cfm-slow" waiting="0.00" lane="top_0" pos="41.83" speed="27.15" angle="199.20" x="-2.67" y="81.13"/>
        <vehicle id="cfm-slow_4" eclass="HBEFA3/PC_G_EU4" CO2="12775.65" CO="211.46" HC="1.28" NOx="5.28" PMx="0.30" fuel="5.49" electricity="0.00" noise="75.36" route="routetop" type="cfm-slow" waiting="0.00" lane="left_0" pos="14.39" speed="28.83" angle="158.60" x="1.96" y="33.66"/>
        <vehicle id="cfm-slow_5" eclass="HBEFA3/PC_G_EU4" CO2="0.00" CO="0.00" HC="0.00" NOx="0.00" PMx="0.00" fuel="0.00" electricity="0.00" noise="73.52" route="routetop" type="cfm-slow" waiting="0.00" lane="left_0" pos="38.58" speed="29.54" angle="115.11" x="39.52" y="-0.56"/>
    </timestep>
    <timestep time="5.15">
        <vehicle id="cfm-fast_0" eclass="HBEFA3/PC_G_EU4" CO2="0.00" CO="0.00" HC="0.00" NOx="0.00" PMx="0.00" fuel="0.00" electricity="0.00" noise="72.43" route="routebottom" type="cfm-fast" waiting="0.00" lane="bottom_0" pos="13.67" speed="29.15" angle="69.86" x="92.27" y="1.31"/>
        <vehicle id="cfm-fast_1" eclass="HBEFA3/PC_G_EU4" CO2="189525.55" CO="4724.88" HC="26.33" NOx="88.00" PMx="5.31" fuel="81.47" electricity="0.00" noise="127.39" route="routebottom" type="cfm-fast" waiting="0.00" lane="right_1" pos="40.53" speed="67.54" angle="291.57" x="82.82" y="126.09"/>
        <vehicle id="cfm-fast_2" eclass="HBEFA3/PC_G_EU4" CO2="0.00" CO="0.00" HC="0.00" NOx="0.00" PMx="0.00" fuel="0.00" electricity="0.00" noise="71.44" route="routebottom" type="cfm-fast" waiting="0.00" lane="bottom_0" pos="34.35" speed="27.57" angle="32.68" x="124.13" y="31.26"/>
        <vehicle id="cfm-fast_3" eclass="HBEFA3/PC_G_EU4" CO2="0.00" CO="0.00" HC="0.00" NOx="0.00" PMx="0.00" fuel="0.00" electricity="0.00" noise="70.31" route="routebottom" type="cfm-fast" waiting="0.00" lane="right_0" pos="3.15" speed="25.97" angle="358.85" x="131.92" y="70.52"/>
        <vehicle id="cfm-fast_4" eclass="HBEFA3/PC_G_EU4" CO2="0.00" CO="0.00" HC="0.00" NOx="0.00" PMx="0.00" fuel="0.00" electricity="0.00" noise="69.56" route="routebottom" type="cfm-fast" waiting="0.00" lane="right_0" pos="20.22" speed="23.78" angle="328.02" x="118.86" y="104.39"/>
        <vehicle id="cfm-fast_5" eclass="HBEFA3/PC_G_EU4" CO2="281853.94" CO="6732.95" HC="37.78" NOx="131.53" PMx="7.76" fuel="121.15" electricity="0.00" noise="148.74" route="routetop" type="cfm-fast" waiting="0.00" lane="left_1" pos="6.35" speed="70.23" angle="173.03" x="-0.35" y="50.69"/>
        <vehicle id="cfm-slow_0" eclass="HBEFA3/PC_G_EU4" CO2="11667.95" CO="164.34" HC="1.04" NOx="4.91" PMx="0.26" fuel="5.02" electricity="0.00" noise="73.18" route="routebottom" type="cfm-slow" waiting="0.00" lane="right_0" pos="35.67" speed="22.03" angle="300.36" x="93.56" y="125.41"/>
        <vehicle id="cfm-slow_1" eclass="HBEFA3/PC_G_EU4" CO2="15711.94" CO="249.21" HC="1.52" NOx="6.79" PMx="0.36" fuel="6.75" electricity="0.00" noise="75.65" route="routetop" type="cfm-slow" waiting="0.00" lane="top_0" pos="2.97" speed="23.30" angle="269.16" x="57.18" y="131.96"/>
        <vehicle id="cfm-slow_2" eclass="HBEFA3/PC_G_EU4" CO2="18834.65" CO="318.14" HC="1.92" NOx="8.22" PMx="0.45" fuel="8.10" electricity="0.00" noise="77.51" route="routetop" type="cfm-slow" waiting="0.00" lane="top_0" pos="21.61" speed="25.12" angle="235.55" x="20.59" y="117.05"/>
        <vehicle id="cfm-slow_3" eclass="HBEFA3/PC_G_EU4" CO2="18276.23" CO="315.21" HC="1.89" NOx="7.91" PMx="0.44" fuel="7.86" electricity="0.00" noise="77.34" route="routetop" type="cfm-slow" waiting="0.00" lane="top_0" pos="42.11" speed="27.17" angle="198.70" x="-2.82" y="80.57"/>
        <vehicle id="cfm-slow_4" eclass="HBEFA3/PC_G_EU4" CO2="12689.00" CO="209.74" HC="1.27" NOx="5.24" PMx="0.30" fuel="5.45" electricity="0.00" noise="75.33" route="routetop" type="cfm-slow" waiting="0.00" lane="left_0" pos="14.68" speed="28.84" angle="158.06" x="2.24" y="33.11"/>
        <vehicle id="cfm-slow_5" eclass="HBEFA3/PC_G_EU4" CO2="0.00" CO="0.00" HC="0.00" NOx="0.00" PMx="0.00" fuel="0.00" electricity="0.00" noise="73.51" route="routetop" type="cfm-slow" waiting="0.00" lane="left_0" pos="38.87" speed="29.54" angle="114.57" x="40.12" y="-0.77"/>
    </timestep>
    <timestep time="5.16">
        <vehicle id="cfm-fast_0" eclass="HBEFA3/PC_G_EU4" CO2="0.00" CO="0.00" HC="0.00" NOx="0.00" PMx="0.00" fuel="0.00" electricity="0.00" noise="72.42" route="routebottom" type="cfm-fast" waiting="0.00" lane="bottom_0" pos="13.96" speed="29.14" angle="69.33" x="92.84" y="1.57"/>
        <vehicle id="cfm-fast_1" eclass="HBEFA3/PC_G_EU4" CO2="189530.21" CO="4728.50" HC="26.34" NOx="88.00" PMx="5.31" fuel="81.47" electricity="0.00" noise="127.36" route="routebottom" type="cfm-fast" waiting="0.00" lane="right_1" pos="41.21" speed="67.63" angle="290.37" x="81.49" y="126.49"/>
        <vehicle id="cfm-fast_2" eclass="HBEFA3/PC_G_EU4" CO2="0.00" CO="0.00" HC="0.00" NOx="0.00" PMx="0.00" fuel="0.00" electricity="0.00" noise="71.43" route="routebottom" type="cfm-fast" waiting="0.00" lane="bottom_0" pos="34.63" speed="27.56" angle="32.24" x="124.41" y="31.78"/>
        <vehicle id="cfm-fast_3" eclass="HBEFA3/PC_G_EU4" CO2="0.00" CO="0.00" HC="0.00" NOx="0.00" PMx="0.00" fuel="0.00" electricity="0.00" noise="70.30" route="routebottom" type="cfm-fast" waiting="0.00" lane="right_0" pos="3.41" speed="25.95" angle="358.38" x="131.87" y="71.08"/>
        <vehicle id="cfm-fast_4" eclass="HBEFA3/PC_G_EU4" CO2="0.00" CO="0.00" HC="0.00" NOx="0.00" PMx="0.00" fuel="0.00" electricity="0.00" noise="69.56" route="routebottom" type="cfm-fast" waiting="0.00" lane="right_0" pos="20.46" speed="23.77" angle="327.64" x="118.57" y="104.80"/>
        <vehicle id="cfm-fast_5" eclass="HBEFA3/PC_G_EU4" CO2="282471.46" CO="6751.27" HC="37.88" NOx="131.82" PMx="7.78" fuel="121.42" electricity="0.00" noise="148.81" route="routetop" type="cfm-fast" waiting="0.00" lane="left_1" pos="7.06" speed="70.36" angle="171.75" x="-0.03" y="49.28"/>
        <vehicle id="cfm-slow_0" eclass="HBEFA3/PC_G_EU4" CO2="11697.46" CO="164.96" HC="1.04" NOx="4.92" PMx="0.26" fuel="5.03" electricity="0.00" noise="73.20" route="routebottom" type="cfm-slow" waiting="0.00" lane="right_0" pos="35.89" speed="22.04" angle="300.01" x="93.14" y="125.63"/>
        <vehicle id="cfm-slow_1" eclass="HBEFA3/PC_G_EU4" CO2="15733.78" CO="249.70" HC="1.53" NOx="6.80" PMx="0.37" fuel="6.76" electricity="0.00" noise="75.67" route="routetop" type="cfm-slow" waiting="0.00" lane="top_0" pos="3.21" speed="23.32" angle="268.75" x="56.68" y="131.91"/>
        <vehicle id="cfm-slow_2" eclass="HBEFA3/PC_G_EU4" CO2="18824.01" CO="318.00" HC="1.92" NOx="8.22" PMx="0.45" fuel="8.09" electricity="0.00" noise="77.51" route="routetop" type="cfm-slow" waiting="0.00" lane="top_0" pos="21.86" speed="25.14" angle="235.14" x="20.16" y="116.71"/>
        <vehicle id="cfm-slow_3" eclass="HBEFA3/PC_G_EU4" CO2="18217.49" CO="314.10" HC="1.89" NOx="7.88" PMx="0.44" fuel="7.83" electricity="0.00" noise="77.31" route="routetop" type="cfm-slow" waiting="0.00" lane="top_0" pos="42.38" speed="27.19" angle="198.26" x="-2.97" y="80.00"/>
        <vehicle id="cfm-slow_4" eclass="HBEFA3/PC_G_EU4" CO2="12602.46" CO="208.02" HC="1.26" NOx="5.20" PMx="0.30" fuel="5.42" electricity="0.00" noise="75.30" route="routetop" type="cfm-slow" waiting="0.00" lane="left_0" pos="14.96" speed="28.85" angle="157.52" x="2.52" y="32.55"/>
        <vehicle id="cfm-slow_5" eclass="HBEFA3/PC_G_EU4" CO2="0.00" CO="0.00" HC="0.00" NOx="0.00" PMx="0.00" fuel="0.00" electricity="0.00" noise="73.49" route="routetop" type="cfm-slow" waiting="0.00" lane="left_0" pos="39.17" speed="29.53" angle="114.03" x="40.72" y="-0.99"/>
    </timestep>
    <timestep time="5.17">
        <vehicle id="cfm-fast_0" eclass="HBEFA3/PC_G_EU4" CO2="0.00" CO="0.00" HC="0.00" NOx="0.00" PMx="0.00" fuel="0.00" electricity="0.00" noise="72.40" route="routebottom" type="cfm-fast" waiting="0.00" lane="bottom_0" pos="14.25" speed="29.13" angle="68.84" x="93.41" y="1.84"/>
        <vehicle id="cfm-fast_1" eclass="HBEFA3/PC_G_EU4" CO2="189546.37" CO="4732.35" HC="26.36" NOx="88.00" PMx="5.31" fuel="81.48" electricity="0.00" noise="127.34" route="routebottom" type="cfm-fast" waiting="0.00" lane="right_1" pos="41.88" speed="67.72" angle="289.09" x="80.15" y="126.85"/>
        <vehicle id="cfm-fast_2" eclass="HBEFA3/PC_G_EU4" CO2="0.00" CO="0.00" HC="0.00" NOx="0.00" PMx="0.00" fuel="0.00" electricity="0.00" noise="71.42" route="routebottom" type="cfm-fast" waiting="0.00" lane="bottom_0" pos="34.91" speed="27.54" angle="31.74" x="124.68" y="32.30"/>
        <vehicle id="cfm-fast_3" eclass="HBEFA3/PC_G_EU4" CO2="0.00" CO="0.00" HC="0.00" NOx="0.00" PMx="0.00" fuel="0.00" electricity="0.00" noise="70.29" route="routebottom" type="cfm-fast" waiting="0.00" lane="right_0" pos="3.67" speed="25.93" angle="357.91" x="131.81" y="71.63"/>
        <vehicle id="cfm-fast_4" eclass="HBEFA3/PC_G_EU4" CO2="0.00" CO="0.00" HC="0.00" NOx="0.00" PMx="0.00" fuel="0.00" electricity="0.00" noise="69.57" route="routebottom" type="cfm-fast" waiting="0.00" lane="right_0" pos="20.70" speed="23.76" angle="327.23" x="118.25" y="105.21"/>
        <vehicle id="cfm-fast_5" eclass="HBEFA3/PC_G_EU4" CO2="283089.26" CO="6769.60" HC="37.97" NOx="132.11" PMx="7.80" fuel="121.69" electricity="0.00" noise="148.87" route="routetop" type="cfm-fast" waiting="0.00" lane="left_1" pos="7.76" speed="70.50" angle="170.51" x="0.29" y="47.87"/>
        <vehicle id="cfm-slow_0" eclass="HBEFA3/PC_G_EU4" CO2="11726.98" CO="165.58" HC="1.04" NOx="4.94" PMx="0.26" fuel="5.04" electricity="0.00" noise="73.22" route="routebottom" type="cfm-slow" waiting="0.00" lane="right_0" pos="36.11" speed="22.06" angle="299.60" x="92.70" y="125.82"/>
        <vehicle id="cfm-slow_1" eclass="HBEFA3/PC_G_EU4" CO2="15755.41" CO="250.18" HC="1.53" NOx="6.81" PMx="0.37" fuel="6.77" electricity="0.00" noise="75.68" route="routetop" type="cfm-slow" waiting="0.00" lane="top_0" pos="3.44" speed="23.34" angle="268.33" x="56.18" y="131.86"/>
        <vehicle id="cfm-slow_2" eclass="HBEFA3/PC_G_EU4" CO2="18813.01" CO="317.85" HC="1.92" NOx="8.21" PMx="0.45" fuel="8.09" electricity="0.00" noise="77.50" route="routetop" type="cfm-slow" waiting="0.00" lane="top_0" pos="22.11" speed="25.16" angle="234.67" x="19.75" y="116.36"/>
        <vehicle id="cfm-slow_3" eclass="HBEFA3/PC_G_EU4" CO2="18158.52" CO="312.98" HC="1.88" NOx="7.86" PMx="0.44" fuel="7.81" electricity="0.00" noise="77.28" route="routetop" type="cfm-slow" waiting="0.00" lane="top_0" pos="42.65" speed="27.21" angle="197.77" x="-3.10" y="79.43"/>
        <vehicle id="cfm-slow_4" eclass="HBEFA3/PC_G_EU4" CO2="12516.04" CO="206.30" HC="1.25" NOx="5.16" PMx="0.30" fuel="5.38" electricity="0.00" noise="75.28" route="routetop" type="cfm-slow" waiting="0.00" lane="left_0" pos="15.25" speed="28.86" angle="156.99" x="2.80" y="32.00"/>
        <vehicle id="cfm-slow_5" eclass="HBEFA3/PC_G_EU4" CO2="0.00" CO="0.00" HC="0.00" NOx="0.00" PMx="0.00" fuel="0.00" electricity="0.00" noise="73.48" route="routetop" type="cfm-slow" waiting="0.00" lane="left_0" pos="39.46" speed="29.53" angle="113.48" x="41.32" y="-1.20"/>
    </timestep>
    <timestep time="5.18">
        <vehicle id="cfm-fast_0" eclass="HBEFA3/PC_G_EU4" CO2="0.00" CO="0.00" HC="0.00" NOx="0.00" PMx="0.00" fuel="0.00" electricity="0.00" noise="72.39" route="routebottom" type="cfm-fast" waiting="0.00" lane="bottom_0" pos="14.55" speed="29.12" angle="68.30" x="93.97" y="2.12"/>
        <vehicle id="cfm-fast_1" eclass="HBEFA3/PC_G_EU4" CO2="189573.92" CO="4736.43" HC="26.38" NOx="88.02" PMx="5.31" fuel="81.49" electricity="0.00" noise="127.31" route="routebottom" type="cfm-fast" waiting="0.00" lane="right_1" pos="42.56" speed="67.81" angle="287.91" x="78.80" y="127.18"/>
        <vehicle id="cfm-fast_2" eclass="HBEFA3/PC_G_EU4" CO2="0.00" CO="0.00" HC="0.00" NOx="0.00" PMx="0.00" fuel="0.00" electricity="0.00" noise="71.40" route="routebottom" type="cfm-fast" waiting="0.00" lane="bottom_0" pos="35.18" speed="27.53" angle="31.24" x="124.95" y="32.83"/>
        <vehicle id="cfm-fast_3" eclass="HBEFA3/PC_G_EU4" CO2="0.00" CO="0.00" HC="0.00" NOx="0.00" PMx="0.00" fuel="0.00" electricity="0.00" noise="70.28" route="routebottom" type="cfm-fast" waiting="0.00" lane="right_0" pos="3.93" speed="25.91" angle="357.47" x="131.74" y="72.19"/>
        <vehicle id="cfm-fast_4" eclass="HBEFA3/PC_G_EU4" CO2="0.00" CO="0.00" HC="0.00" NOx="0.00" PMx="0.00" fuel="0.00" electricity="0.00" noise="69.58" route="routebottom" type="cfm-fast" waiting="0.00" lane="right_0" pos="20.94" speed="23.75" angle="326.79" x="117.94" y="105.61"/>
        <vehicle id="cfm-fast_5" eclass="HBEFA3/PC_G_EU4" CO2="283707.36" CO="6787.96" HC="38.07" NOx="132.40" PMx="7.82" fuel="121.95" electricity="0.00" noise="148.94" route="routetop" type="cfm-fast" waiting="0.00" lane="left_1" pos="8.47" speed="70.64" angle="169.19" x="0.67" y="46.47"/>
        <vehicle id="cfm-slow_0" eclass="HBEFA3/PC_G_EU4" CO2="11756.50" CO="166.19" HC="1.05" NOx="4.95" PMx="0.26" fuel="5.05" electricity="0.00" noise="73.24" route="routebottom" type="cfm-slow" waiting="0.00" lane="right_0" pos="36.33" speed="22.07" angle="299.17" x="92.27" y="126.02"/>
        <vehicle id="cfm-slow_1" eclass="HBEFA3/PC_G_EU4" CO2="15776.83" CO="250.65" HC="1.53" NOx="6.82" PMx="0.37" fuel="6.78" electricity="0.00" noise="75.69" route="routetop" type="cfm-slow" waiting="0.00" lane="top_0" pos="3.67" speed="23.36" angle="267.91" x="55.68" y="131.81"/>
        <vehicle id="cfm-slow_2" eclass="HBEFA3/PC_G_EU4" CO2="18801.65" CO="317.69" HC="1.91" NOx="8.20" PMx="0.45" fuel="8.08" electricity="0.00" noise="77.50" route="routetop" type="cfm-slow" waiting="0.00" lane="top_0" pos="22.36" speed="25.19" angle="234.20" x="19.34" y="116.01"/>
        <vehicle id="cfm-slow_3" eclass="HBEFA3/PC_G_EU4" CO2="18099.33" CO="311.86" HC="1.87" NOx="7.83" PMx="0.44" fuel="7.78" electricity="0.00" noise="77.26" route="routetop" type="cfm-slow" waiting="0.00" lane="top_0" pos="42.92" speed="27.23" angle="197.29" x="-3.23" y="78.86"/>
        <vehicle id="cfm-slow_4" eclass="HBEFA3/PC_G_EU4" CO2="12429.74" CO="204.59" HC="1.24" NOx="5.12" PMx="0.29" fuel="5.34" electricity="0.00" noise="75.25" route="routetop" type="cfm-slow" waiting="0.00" lane="left_0" pos="15.54" speed="28.87" angle="156.51" x="3.09" y="31.45"/>
        <vehicle id="cfm-slow_5" eclass="HBEFA3/PC_G_EU4" CO2="0.00" CO="0.00" HC="0.00" NOx="0.00" PMx="0.00" fuel="0.00" electricity="0.00" noise="73.46" route="routetop" type="cfm-slow" waiting="0.00" lane="left_0" pos="39.76" speed="29.53" angle="113.00" x="41.91" y="-1.41"/>
    </timestep>
    <timestep time="5.19">
        <vehicle id="cfm-fast_0" eclass="HBEFA3/PC_G_EU4" CO2="0.00" CO="0.00" HC="0.00" NOx="0.00" PMx="0.00" fuel="0.00" electricity="0.00" noise="72.38" route="routebottom" type="cfm-fast" waiting="0.00" lane="bottom_0" pos="14.84" speed="29.11" angle="67.75" x="94.53" y="2.40"/>
        <vehicle id="cfm-fast_1" eclass="HBEFA3/PC_G_EU4" CO2="189612.72" CO="4740.75" HC="26.40" NOx="88.03" PMx="5.32" fuel="81.51" electricity="0.00" noise="127.29" route="routebottom" type="cfm-fast" waiting="0.00" lane="right_1" pos="43.24" speed="67.90" angle="286.72" x="77.44" y="127.49"/>
        <vehicle id="cfm-fast_2" eclass="HBEFA3/PC_G_EU4" CO2="0.00" CO="0.00" HC="0.00" NOx="0.00" PMx="0.00" fuel="0.00" electricity="0.00" noise="71.39" route="routebottom" type="cfm-fast" waiting="0.00" lane="bottom_0" pos="35.46" speed="27.52" angle="30.74" x="125.21" y="33.36"/>
        <vehicle id="cfm-fast_3" eclass="HBEFA3/PC_G_EU4" CO2="0.00" CO="0.00" HC="0.00" NOx="0.00" PMx="0.00" fuel="0.00" electricity="0.00" noise="70.27" route="routebottom" type="cfm-fast" waiting="0.00" lane="right_0" pos="4.19" speed="25.89" angle="357.00" x="131.66" y="72.74"/>
        <vehicle id="cfm-fast_4" eclass="HBEFA3/PC_G_EU4" CO2="0.00" CO="0.00" HC="0.00" NOx="0.00" PMx="0.00" fuel="0.00" electricity="0.00" noise="69.58" route="routebottom" type="cfm-fast" waiting="0.00" lane="right_0" pos="21.17" speed="23.74" angle="326.36" x="117.62" y="106.01"/>
        <vehicle id="cfm-fast_5" eclass="HBEFA3/PC_G_EU4" CO2="284325.75" CO="6806.34" HC="38.17" NOx="132.69" PMx="7.84" fuel="122.22" electricity="0.00" noise="149.00" route="routetop" type="cfm-fast" waiting="0.00" lane="left_1" pos="9.18" speed="70.77" angle="167.94" x="1.06" y="45.08"/>
        <vehicle id="cfm-slow_0" eclass="HBEFA3/PC_G_EU4" CO2="11786.03" CO="166.81" HC="1.05" NOx="4.96" PMx="0.26" fuel="5.07" electricity="0.00" noise="73.26" route="routebottom" type="cfm-slow" waiting="0.00" lane="right_0" pos="36.55" speed="22.08" angle="298.74" x="91.84" y="126.21"/>
        <vehicle id="cfm-slow_1" eclass="HBEFA3/PC_G_EU4" CO2="15798.03" CO="251.13" HC="1.53" NOx="6.83" PMx="0.37" fuel="6.79" electricity="0.00" noise="75.71" route="routetop" type="cfm-slow" waiting="0.00" lane="top_0" pos="3.91" speed="23.38" angle="267.51" x="55.19" y="131.75"/>
        <vehicle id="cfm-slow_2" eclass="HBEFA3/PC_G_EU4" CO2="18789.91" CO="317.52" HC="1.91" NOx="8.20" PMx="0.45" fuel="8.08" electricity="0.00" noise="77.49" route="routetop" type="cfm-slow" waiting="0.00" lane="top_0" pos="22.61" speed="25.21" angle="233.73" x="18.92" y="115.66"/>
        <vehicle id="cfm-slow_3" eclass="HBEFA3/PC_G_EU4" CO2="18039.93" CO="310.73" HC="1.87" NOx="7.80" PMx="0.44" fuel="7.75" electricity="0.00" noise="77.23" route="routetop" type="cfm-slow" waiting="0.00" lane="top_0" pos="43.19" speed="27.25" angle="196.80" x="-3.36" y="78.29"/>
        <vehicle id="cfm-slow_4" eclass="HBEFA3/PC_G_EU4" CO2="12343.57" CO="202.87" HC="1.23" NOx="5.08" PMx="0.29" fuel="5.31" electricity="0.00" noise="75.22" route="routetop" type="cfm-slow" waiting="0.00" lane="left_0" pos="15.83" speed="28.88" angle="155.98" x="3.39" y="30.91"/>
        <vehicle id="cfm-slow_5" eclass="HBEFA3/PC_G_EU4" CO2="0.00" CO="0.00" HC="0.00" NOx="0.00" PMx="0.00" fuel="0.00" electricity="0.00" noise="73.45" route="routetop" type="cfm-slow" waiting="0.00" lane="left_0" pos="40.05" speed="29.53" angle="112.45" x="42.52" y="-1.60"/>
    </timestep>
    <timestep time="5.20">
        <vehicle id="cfm-fast_0" eclass="HBEFA3/PC_G_EU4" CO2="0.00" CO="0.00" HC="0.00" NOx="0.00" PMx="0.00" fuel="0.00" electricity="0.00" noise="72.37" route="routebottom" type="cfm-fast" waiting="0.00" lane="bottom_0" pos="15.13" speed="29.10" angle="67.21" x="95.09" y="2.68"/>
        <vehicle id="cfm-fast_1" eclass="HBEFA3/PC_G_EU4" CO2="189662.65" CO="4745.30" HC="26.43" NOx="88.05" PMx="5.32" fuel="81.53" electricity="0.00" noise="127.28" route="routebottom" type="cfm-fast" waiting="0.00" lane="right_1" pos="43.92" speed="67.99" angle="285.51" x="76.08" y="127.78"/>
        <vehicle id="cfm-fast_2" eclass="HBEFA3/PC_G_EU4" CO2="0.00" CO="0.00" HC="0.00" NOx="0.00" PMx="0.00" fuel="0.00" electricity="0.00" noise="71.38" route="routebottom" type="cfm-fast" waiting="0.00" lane="bottom_0" pos="35.73" speed="27.51" angle="30.24" x="125.48" y="33.89"/>
        <vehicle id="cfm-fast_3" eclass="HBEFA3/PC_G_EU4" CO2="0.00" CO="0.00" HC="0.00" NOx="0.00" PMx="0.00" fuel="0.00" electricity="0.00" noise="70.26" route="routebottom" type="cfm-fast" waiting="0.00" lane="right_0" pos="4.45" speed="25.87" angle="356.53" x="131.59" y="73.29"/>
        <vehicle id="cfm-fast_4" eclass="HBEFA3/PC_G_EU4" CO2="0.00" CO="0.00" HC="0.00" NOx="0.00" PMx="0.00" fuel="0.00" electricity="0.00" noise="69.59" route="routebottom" type="cfm-fast" waiting="0.00" lane="right_0" pos="21.41" speed="23.73" angle="325.93" x="117.31" y="106.41"/>
        <vehicle id="cfm-fast_5" eclass="HBEFA3/PC_G_EU4" CO2="284944.43" CO="6824.74" HC="38.27" NOx="132.98" PMx="7.86" fuel="122.48" electricity="0.00" noise="149.07" route="routetop" type="cfm-fast" waiting="0.00" lane="left_1" pos="9.88" speed="70.91" angle="166.65" x="1.49" y="43.69"/>
        <vehicle id="cfm-slow_0" eclass="HBEFA3/PC_G_EU4" CO2="11815.57" CO="167.43" HC="1.05" NOx="4.98" PMx="0.26" fuel="5.08" electricity="0.00" noise="73.28" route="routebottom" type="cfm-slow" waiting="0.00" lane="right_0" pos="36.77" speed="22.10" angle="298.31" x="91.40" y="126.40"/>
        <vehicle id="cfm-slow_1" eclass="HBEFA3/PC_G_EU4" CO2="15819.02" CO="251.59" HC="1.54" NOx="6.84" PMx="0.37" fuel="6.80" electricity="0.00" noise="75.72" route="routetop" type="cfm-slow" waiting="0.00" lane="top_0" pos="4.14" speed="23.40" angle="267.09" x="54.69" y="131.68"/>
        <vehicle id="cfm-slow_2" eclass="HBEFA3/PC_G_EU4" CO2="18777.81" CO="317.34" HC="1.91" NOx="8.19" PMx="0.45" fuel="8.07" electricity="0.00" noise="77.48" route="routetop" type="cfm-slow" waiting="0.00" lane="top_0" pos="22.87" speed="25.23" angle="233.25" x="18.51" y="115.31"/>
        <vehicle id="cfm-slow_3" eclass="HBEFA3/PC_G_EU4" CO2="17980.30" CO="309.59" HC="1.86" NOx="7.77" PMx="0.43" fuel="7.73" electricity="0.00" noise="77.20" route="routetop" type="cfm-slow" waiting="0.00" lane="top_0" pos="43.47" speed="27.27" angle="196.32" x="-3.49" y="77.72"/>
        <vehicle id="cfm-slow_4" eclass="HBEFA3/PC_G_EU4" CO2="12257.51" CO="201.16" HC="1.22" NOx="5.03" PMx="0.29" fuel="5.27" electricity="0.00" noise="75.20" route="routetop" type="cfm-slow" waiting="0.00" lane="left_0" pos="16.12" speed="28.89" angle="155.45" x="3.69" y="30.36"/>
        <vehicle id="cfm-slow_5" eclass="HBEFA3/PC_G_EU4" CO2="0.00" CO="0.00" HC="0.00" NOx="0.00" PMx="0.00" fuel="0.00" electricity="0.00" noise="73.44" route="routetop" type="cfm-slow" waiting="0.00" lane="left_0" pos="40.35" speed="29.53" angle="111.90" x="43.13" y="-1.79"/>
    </timestep>
    <timestep time="5.21">
        <vehicle id="cfm-fast_0" eclass="HBEFA3/PC_G_EU4" CO2="0.00" CO="0.00" HC="0.00" NOx="0.00" PMx="0.00" fuel="0.00" electricity="0.00" noise="72.36" route="routebottom" type="cfm-fast" waiting="0.00" lane="bottom_0" pos="15.42" speed="29.09" angle="66.74" x="95.65" y="2.96"/>
        <vehicle id="cfm-fast_1" eclass="HBEFA3/PC_G_EU4" CO2="189723.57" CO="4750.08" HC="26.45" NOx="88.08" PMx="5.32" fuel="81.55" electricity="0.00" noise="127.26" route="routebottom" type="cfm-fast" waiting="0.00" lane="right_1" pos="44.60" speed="68.08" angle="284.19" x="74.70" y="128.03"/>
        <vehicle id="cfm-fast_2" eclass="HBEFA3/PC_G_EU4" CO2="0.00" CO="0.00" HC="0.00" NOx="0.00" PMx="0.00" fuel="0.00" electricity="0.00" noise="71.37" route="routebottom" type="cfm-fast" waiting="0.00" lane="bottom_0" pos="36.01" speed="27.49" angle="29.79" x="125.74" y="34.42"/>
        <vehicle id="cfm-fast_3" eclass="HBEFA3/PC_G_EU4" CO2="0.00" CO="0.00" HC="0.00" NOx="0.00" PMx="0.00" fuel="0.00" electricity="0.00" noise="70.26" route="routebottom" type="cfm-fast" waiting="0.00" lane="right_0" pos="4.70" speed="25.86" angle="356.06" x="131.51" y="73.84"/>
        <vehicle id="cfm-fast_4" eclass="HBEFA3/PC_G_EU4" CO2="0.00" CO="0.00" HC="0.00" NOx="0.00" PMx="0.00" fuel="0.00" electricity="0.00" noise="69.60" route="routebottom" type="cfm-fast" waiting="0.00" lane="right_0" pos="21.65" speed="23.72" angle="325.50" x="116.99" y="106.81"/>
        <vehicle id="cfm-fast_5" eclass="HBEFA3/PC_G_EU4" CO2="285563.41" CO="6843.16" HC="38.37" NOx="133.27" PMx="7.88" fuel="122.75" electricity="0.00" noise="149.14" route="routetop" type="cfm-fast" waiting="0.00" lane="left_1" pos="10.60" speed="71.05" angle="165.40" x="1.95" y="42.31"/>
        <vehicle id="cfm-slow_0" eclass="HBEFA3/PC_G_EU4" CO2="11845.10" CO="168.05" HC="1.06" NOx="4.99" PMx="0.26" fuel="5.09" electricity="0.00" noise="73.29" route="routebottom" type="cfm-slow" waiting="0.00" lane="right_0" pos="36.99" speed="22.11" angle="297.87" x="90.97" y="126.60"/>
        <vehicle id="cfm-slow_1" eclass="HBEFA3/PC_G_EU4" CO2="15839.80" CO="252.06" HC="1.54" NOx="6.85" PMx="0.37" fuel="6.81" electricity="0.00" noise="75.73" route="routetop" type="cfm-slow" waiting="0.00" lane="top_0" pos="4.38" speed="23.42" angle="266.66" x="54.19" y="131.61"/>
        <vehicle id="cfm-slow_2" eclass="HBEFA3/PC_G_EU4" CO2="18765.35" CO="317.16" HC="1.91" NOx="8.19" PMx="0.45" fuel="8.07" electricity="0.00" noise="77.48" route="routetop" type="cfm-slow" waiting="0.00" lane="top_0" pos="23.12" speed="25.25" angle="232.87" x="18.09" y="114.96"/>
        <vehicle id="cfm-slow_3" eclass="HBEFA3/PC_G_EU4" CO2="17920.47" CO="308.45" HC="1.85" NOx="7.74" PMx="0.43" fuel="7.70" electricity="0.00" noise="77.18" route="routetop" type="cfm-slow" waiting="0.00" lane="top_0" pos="43.74" speed="27.28" angle="195.88" x="-3.61" y="77.14"/>
        <vehicle id="cfm-slow_4" eclass="HBEFA3/PC_G_EU4" CO2="12171.57" CO="199.45" HC="1.22" NOx="4.99" PMx="0.29" fuel="5.23" electricity="0.00" noise="75.17" route="routetop" type="cfm-slow" waiting="0.00" lane="left_0" pos="16.41" speed="28.90" angle="154.91" x="3.99" y="29.82"/>
        <vehicle id="cfm-slow_5" eclass="HBEFA3/PC_G_EU4" CO2="0.00" CO="0.00" HC="0.00" NOx="0.00" PMx="0.00" fuel="0.00" electricity="0.00" noise="73.42" route="routetop" type="cfm-slow" waiting="0.00" lane="left_0" pos="40.64" speed="29.53" angle="111.34" x="43.73" y="-1.98"/>
    </timestep>
    <timestep time="5.22">
        <vehicle id="cfm-fast_0" eclass="HBEFA3/PC_G_EU4" CO2="0.00" CO="0.00" HC="0.00" NOx="0.00" PMx="0.00" fuel="0.00" electricity="0.00" noise="72.35" route="routebottom" type="cfm-fast" waiting="0.00" lane="bottom_0" pos="15.71" speed="29.08" angle="66.20" x="96.19" y="3.26"/>
        <vehicle id="cfm-fast_1" eclass="HBEFA3/PC_G_EU4" CO2="189795.36" CO="4755.08" HC="26.47" NOx="88.11" PMx="5.33" fuel="81.58" electricity="0.00" noise="127.25" route="routebottom" type="cfm-fast" waiting="0.00" lane="right_1" pos="45.28" speed="68.17" angle="282.99" x="73.32" y="128.25"/>
        <vehicle id="cfm-fast_2" eclass="HBEFA3/PC_G_EU4" CO2="0.00" CO="0.00" HC="0.00" NOx="0.00" PMx="0.00" fuel="0.00" electricity="0.00" noise="71.36" route="routebottom" type="cfm-fast" waiting="0.00" lane="bottom_0" pos="36.28" speed="27.48" angle="29.25" x="125.98" y="34.96"/>
        <vehicle id="cfm-fast_3" eclass="HBEFA3/PC_G_EU4" CO2="0.00" CO="0.00" HC="0.00" NOx="0.00" PMx="0.00" fuel="0.00" electricity="0.00" noise="70.25" route="routebottom" type="cfm-fast" waiting="0.00" lane="right_0" pos="4.96" speed="25.84" angle="355.59" x="131.43" y="74.39"/>
        <vehicle id="cfm-fast_4" eclass="HBEFA3/PC_G_EU4" CO2="0.00" CO="0.00" HC="0.00" NOx="0.00" PMx="0.00" fuel="0.00" electricity="0.00" noise="69.61" route="routebottom" type="cfm-fast" waiting="0.00" lane="right_0" pos="21.89" speed="23.71" angle="325.11" x="116.67" y="107.21"/>
        <vehicle id="cfm-fast_5" eclass="HBEFA3/PC_G_EU4" CO2="286182.67" CO="6861.60" HC="38.47" NOx="133.56" PMx="7.89" fuel="123.02" electricity="0.00" noise="149.20" route="routetop" type="cfm-fast" waiting="0.00" lane="left_1" pos="11.31" speed="71.18" angle="164.07" x="2.45" y="40.94"/>
        <vehicle id="cfm-slow_0" eclass="HBEFA3/PC_G_EU4" CO2="11874.62" CO="168.67" HC="1.06" NOx="5.01" PMx="0.26" fuel="5.10" electricity="0.00" noise="73.31" route="routebottom" type="cfm-slow" waiting="0.00" lane="right_0" pos="37.21" speed="22.13" angle="297.53" x="90.53" y="126.79"/>
        <vehicle id="cfm-slow_1" eclass="HBEFA3/PC_G_EU4" CO2="15860.35" CO="252.52" HC="1.54" NOx="6.86" PMx="0.37" fuel="6.82" electricity="0.00" noise="75.75" route="routetop" type="cfm-slow" waiting="0.00" lane="top_0" pos="4.61" speed="23.44" angle="266.24" x="53.69" y="131.54"/>
        <vehicle id="cfm-slow_2" eclass="HBEFA3/PC_G_EU4" CO2="18752.52" CO="316.97" HC="1.91" NOx="8.18" PMx="0.45" fuel="8.06" electricity="0.00" noise="77.47" route="routetop" type="cfm-slow" waiting="0.00" lane="top_0" pos="23.37" speed="25.27" angle="232.41" x="17.70" y="114.59"/>
        <vehicle id="cfm-slow_3" eclass="HBEFA3/PC_G_EU4" CO2="17860.42" CO="307.31" HC="1.85" NOx="7.71" PMx="0.43" fuel="7.68" electricity="0.00" noise="77.15" route="routetop" type="cfm-slow" waiting="0.00" lane="top_0" pos="44.01" speed="27.30" angle="195.37" x="-3.72" y="76.56"/>
        <vehicle id="cfm-slow_4" eclass="HBEFA3/PC_G_EU4" CO2="12085.76" CO="197.74" HC="1.21" NOx="4.95" PMx="0.29" fuel="5.20" electricity="0.00" noise="75.15" route="routetop" type="cfm-slow" waiting="0.00" lane="left_0" pos="16.70" speed="28.91" angle="154.44" x="4.29" y="29.27"/>
        <vehicle id="cfm-slow_5" eclass="HBEFA3/PC_G_EU4" CO2="0.00" CO="0.00" HC="0.00" NOx="0.00" PMx="0.00" fuel="0.00" electricity="0.00" noise="73.41" route="routetop" type="cfm-slow" waiting="0.00" lane="left_0" pos="40.94" speed="29.53" angle="110.80" x="44.34" y="-2.17"/>
    </timestep>
    <timestep time="5.23">
        <vehicle id="cfm-fast_0" eclass="HBEFA3/PC_G_EU4" CO2="0.00" CO="0.00" HC="0.00" NOx="0.00" PMx="0.00" fuel="0.00" electricity="0.00" noise="72.34" route="routebottom" type="cfm-fast" waiting="0.00" lane="bottom_0" pos="16.00" speed="29.07" angle="65.66" x="96.74" y="3.56"/>
        <vehicle id="cfm-fast_1" eclass="HBEFA3/PC_G_EU4" CO2="189877.89" CO="4760.30" HC="26.50" NOx="88.15" PMx="5.33" fuel="81.62" electricity="0.00" noise="127.24" route="routebottom" type="cfm-fast" waiting="0.00" lane="right_1" pos="45.97" speed="68.26" angle="281.74" x="71.94" y="128.44"/>
        <vehicle id="cfm-fast_2" eclass="HBEFA3/PC_G_EU4" CO2="0.00" CO="0.00" HC="0.00" NOx="0.00" PMx="0.00" fuel="0.00" electricity="0.00" noise="71.35" route="routebottom" type="cfm-fast" waiting="0.00" lane="bottom_0" pos="36.56" speed="27.47" angle="28.72" x="126.22" y="35.50"/>
        <vehicle id="cfm-fast_3" eclass="HBEFA3/PC_G_EU4" CO2="0.00" CO="0.00" HC="0.00" NOx="0.00" PMx="0.00" fuel="0.00" electricity="0.00" noise="70.24" route="routebottom" type="cfm-fast" waiting="0.00" lane="right_0" pos="5.22" speed="25.82" angle="355.08" x="131.34" y="74.94"/>
        <vehicle id="cfm-fast_4" eclass="HBEFA3/PC_G_EU4" CO2="0.00" CO="0.00" HC="0.00" NOx="0.00" PMx="0.00" fuel="0.00" electricity="0.00" noise="69.61" route="routebottom" type="cfm-fast" waiting="0.00" lane="right_0" pos="22.12" speed="23.70" angle="324.66" x="116.34" y="107.60"/>
        <vehicle id="cfm-fast_5" eclass="HBEFA3/PC_G_EU4" CO2="286802.23" CO="6880.06" HC="38.57" NOx="133.85" PMx="7.91" fuel="123.28" electricity="0.00" noise="149.27" route="routetop" type="cfm-fast" waiting="0.00" lane="left_1" pos="12.02" speed="71.32" angle="162.83" x="2.97" y="39.57"/>
        <vehicle id="cfm-slow_0" eclass="HBEFA3/PC_G_EU4" CO2="11904.15" CO="169.29" HC="1.06" NOx="5.02" PMx="0.26" fuel="5.12" electricity="0.00" noise="73.33" route="routebottom" type="cfm-slow" waiting="0.00" lane="right_0" pos="37.43" speed="22.14" angle="297.13" x="90.09" y="126.97"/>
        <vehicle id="cfm-slow_1" eclass="HBEFA3/PC_G_EU4" CO2="15880.69" CO="252.98" HC="1.55" NOx="6.87" PMx="0.37" fuel="6.83" electricity="0.00" noise="75.76" route="routetop" type="cfm-slow" waiting="0.00" lane="top_0" pos="4.84" speed="23.46" angle="265.81" x="53.19" y="131.47"/>
        <vehicle id="cfm-slow_2" eclass="HBEFA3/PC_G_EU4" CO2="18739.32" CO="316.78" HC="1.91" NOx="8.17" PMx="0.45" fuel="8.06" electricity="0.00" noise="77.46" route="routetop" type="cfm-slow" waiting="0.00" lane="top_0" pos="23.62" speed="25.29" angle="231.96" x="17.30" y="114.22"/>
        <vehicle id="cfm-slow_3" eclass="HBEFA3/PC_G_EU4" CO2="17800.16" CO="306.16" HC="1.84" NOx="7.68" PMx="0.43" fuel="7.65" electricity="0.00" noise="77.12" route="routetop" type="cfm-slow" waiting="0.00" lane="top_0" pos="44.29" speed="27.32" angle="194.86" x="-3.83" y="75.99"/>
        <vehicle id="cfm-slow_4" eclass="HBEFA3/PC_G_EU4" CO2="12000.06" CO="196.03" HC="1.20" NOx="4.91" PMx="0.28" fuel="5.16" electricity="0.00" noise="75.12" route="routetop" type="cfm-slow" waiting="0.00" lane="left_0" pos="16.99" speed="28.91" angle="153.91" x="4.61" y="28.74"/>
        <vehicle id="cfm-slow_5" eclass="HBEFA3/PC_G_EU4" CO2="0.00" CO="0.00" HC="0.00" NOx="0.00" PMx="0.00" fuel="0.00" electricity="0.00" noise="73.39" route="routetop" type="cfm-slow" waiting="0.00" lane="left_0" pos="41.24" speed="29.52" angle="110.30" x="44.95" y="-2.34"/>
    </timestep>
    <timestep time="5.24">
        <vehicle id="cfm-fast_0" eclass="HBEFA3/PC_G_EU4" CO2="0.00" CO="0.00" HC="0.00" NOx="0.00" PMx="0.00" fuel="0.00" electricity="0.00" noise="72.33" route="routebottom" type="cfm-fast" waiting="0.00" lane="bottom_0" pos="16.29" speed="29.06" angle="65.13" x="97.29" y="3.87"/>
        <vehicle id="cfm-fast_1" eclass="HBEFA3/PC_G_EU4" CO2="189971.04" CO="4765.75" HC="26.53" NOx="88.20" PMx="5.33" fuel="81.66" electricity="0.00" noise="127.23" route="routebottom" type="cfm-fast" waiting="0.00" lane="right_1" pos="46.65" speed="68.35" angle="280.57" x="70.55" y="128.60"/>
        <vehicle id="cfm-fast_2" eclass="HBEFA3/PC_G_EU4" CO2="0.00" CO="0.00" HC="0.00" NOx="0.00" PMx="0.00" fuel="0.00" electricity="0.00" noise="71.34" route="routebottom" type="cfm-fast" waiting="0.00" lane="bottom_0" pos="36.83" speed="27.45" angle="28.18" x="126.46" y="36.04"/>
        <vehicle id="cfm-fast_3" eclass="HBEFA3/PC_G_EU4" CO2="0.00" CO="0.00" HC="0.00" NOx="0.00" PMx="0.00" fuel="0.00" electricity="0.00" noise="70.23" route="routebottom" type="cfm-fast" waiting="0.00" lane="right_0" pos="5.48" speed="25.80" angle="354.59" x="131.24" y="75.49"/>
        <vehicle id="cfm-fast_4" eclass="HBEFA3/PC_G_EU4" CO2="0.00" CO="0.00" HC="0.00" NOx="0.00" PMx="0.00" fuel="0.00" electricity="0.00" noise="69.62" route="routebottom" type="cfm-fast" waiting="0.00" lane="right_0" pos="22.36" speed="23.69" angle="324.21" x="116.01" y="107.99"/>
        <vehicle id="cfm-fast_5" eclass="HBEFA3/PC_G_EU4" CO2="287422.08" CO="6898.55" HC="38.67" NOx="134.14" PMx="7.93" fuel="123.55" electricity="0.00" noise="149.33" route="routetop" type="cfm-fast" waiting="0.00" lane="left_1" pos="12.73" speed="71.45" angle="161.58" x="3.51" y="38.21"/>
        <vehicle id="cfm-slow_0" eclass="HBEFA3/PC_G_EU4" CO2="11933.66" CO="169.91" HC="1.07" NOx="5.03" PMx="0.26" fuel="5.13" electricity="0.00" noise="73.35" route="routebottom" type="cfm-slow" waiting="0.00" lane="right_0" pos="37.66" speed="22.16" angle="296.73" x="89.65" y="127.15"/>
        <vehicle id="cfm-slow_1" eclass="HBEFA3/PC_G_EU4" CO2="15900.80" CO="253.43" HC="1.55" NOx="6.87" PMx="0.37" fuel="6.83" electricity="0.00" noise="75.77" route="routetop" type="cfm-slow" waiting="0.00" lane="top_0" pos="5.08" speed="23.48" angle="265.34" x="52.69" y="131.39"/>
        <vehicle id="cfm-slow_2" eclass="HBEFA3/PC_G_EU4" CO2="18725.76" CO="316.57" HC="1.91" NOx="8.17" PMx="0.45" fuel="8.05" electricity="0.00" noise="77.46" route="routetop" type="cfm-slow" waiting="0.00" lane="top_0" pos="23.88" speed="25.32" angle="231.50" x="16.90" y="113.85"/>
        <vehicle id="cfm-slow_3" eclass="HBEFA3/PC_G_EU4" CO2="17739.70" CO="305.01" HC="1.83" NOx="7.66" PMx="0.43" fuel="7.63" electricity="0.00" noise="77.10" route="routetop" type="cfm-slow" waiting="0.00" lane="top_0" pos="44.56" speed="27.34" angle="194.35" x="-3.93" y="75.41"/>
        <vehicle id="cfm-slow_4" eclass="HBEFA3/PC_G_EU4" CO2="11914.49" CO="194.32" HC="1.19" NOx="4.87" PMx="0.28" fuel="5.12" electricity="0.00" noise="75.09" route="routetop" type="cfm-slow" waiting="0.00" lane="left_0" pos="17.28" speed="28.92" angle="153.37" x="4.93" y="28.21"/>
        <vehicle id="cfm-slow_5" eclass="HBEFA3/PC_G_EU4" CO2="0.00" CO="0.00" HC="0.00" NOx="0.00" PMx="0.00" fuel="0.00" electricity="0.00" noise="73.38" route="routetop" type="cfm-slow" waiting="0.00" lane="left_0" pos="41.53" speed="29.52" angle="109.75" x="45.57" y="-2.50"/>
    </timestep>
    <timestep time="5.25">
        <vehicle id="cfm-fast_0" eclass="HBEFA3/PC_G_EU4" CO2="0.00" CO="0.00" HC="0.00" NOx="0.00" PMx="0.00" fuel="0.00" electricity="0.00" noise="72.32" route="routebottom" type="cfm-fast" waiting="0.00" lane="bottom_0" pos="16.58" speed="29.05" angle="64.62" x="97.84" y="4.17"/>
        <vehicle id="cfm-fast_1" eclass="HBEFA3/PC_G_EU4" CO2="190074.69" CO="4771.42" HC="26.56" NOx="88.24" PMx="5.34" fuel="81.70" electricity="0.00" noise="127.23" route="routebottom" type="cfm-fast" waiting="0.00" lane="right_1" pos="47.33" speed="68.44" angle="279.36" x="69.15" y="128.75"/>
        <vehicle id="cfm-fast_2" eclass="HBEFA3/PC_G_EU4" CO2="0.00" CO="0.00" HC="0.00" NOx="0.00" PMx="0.00" fuel="0.00" electricity="0.00" noise="71.32" route="routebottom" type="cfm-fast" waiting="0.00" lane="bottom_0" pos="37.10" speed="27.44" angle="27.67" x="126.70" y="36.58"/>
        <vehicle id="cfm-fast_3" eclass="HBEFA3/PC_G_EU4" CO2="0.00" CO="0.00" HC="0.00" NOx="0.00" PMx="0.00" fuel="0.00" electricity="0.00" noise="70.23" route="routebottom" type="cfm-fast" waiting="0.00" lane="right_0" pos="5.74" speed="25.78" angle="354.11" x="131.14" y="76.03"/>
        <vehicle id="cfm-fast_4" eclass="HBEFA3/PC_G_EU4" CO2="0.00" CO="0.00" HC="0.00" NOx="0.00" PMx="0.00" fuel="0.00" electricity="0.00" noise="69.63" route="routebottom" type="cfm-fast" waiting="0.00" lane="right_0" pos="22.60" speed="23.69" angle="323.76" x="115.68" y="108.38"/>
        <vehicle id="cfm-fast_5" eclass="HBEFA3/PC_G_EU4" CO2="288042.22" CO="6917.06" HC="38.77" NOx="134.43" PMx="7.95" fuel="123.81" electricity="0.00" noise="149.40" route="routetop" type="cfm-fast" waiting="0.00" lane="left_1" pos="13.45" speed="71.59" angle="160.30" x="4.11" y="36.87"/>
        <vehicle id="cfm-slow_0" eclass="HBEFA3/PC_G_EU4" CO2="11963.16" CO="170.53" HC="1.07" NOx="5.05" PMx="0.26" fuel="5.14" electricity="0.00" noise="73.37" route="routebottom" type="cfm-slow" waiting="0.00" lane="right_0" pos="37.88" speed="22.17" angle="296.33" x="89.21" y="127.32"/>
        <vehicle id="cfm-slow_1" eclass="HBEFA3/PC_G_EU4" CO2="15920.68" CO="253.88" HC="1.55" NOx="6.88" PMx="0.37" fuel="6.84" electricity="0.00" noise="75.79" route="routetop" type="cfm-slow" waiting="0.00" lane="top_0" pos="5.31" speed="23.50" angle="264.91" x="52.19" y="131.30"/>
        <vehicle id="cfm-slow_2" eclass="HBEFA3/PC_G_EU4" CO2="18711.84" CO="316.36" HC="1.91" NOx="8.16" PMx="0.45" fuel="8.04" electricity="0.00" noise="77.45" route="routetop" type="cfm-slow" waiting="0.00" lane="top_0" pos="24.13" speed="25.34" angle="231.04" x="16.50" y="113.48"/>
        <vehicle id="cfm-slow_3" eclass="HBEFA3/PC_G_EU4" CO2="17679.03" CO="303.85" HC="1.83" NOx="7.63" PMx="0.43" fuel="7.60" electricity="0.00" noise="77.07" route="routetop" type="cfm-slow" waiting="0.00" lane="top_0" pos="44.83" speed="27.36" angle="193.87" x="-4.04" y="74.83"/>
        <vehicle id="cfm-slow_4" eclass="HBEFA3/PC_G_EU4" CO2="11829.05" CO="192.62" HC="1.18" NOx="4.83" PMx="0.28" fuel="5.08" electricity="0.00" noise="75.07" route="routetop" type="cfm-slow" waiting="0.00" lane="left_0" pos="17.56" speed="28.93" angle="152.84" x="5.25" y="27.67"/>
        <vehicle id="cfm-slow_5" eclass="HBEFA3/PC_G_EU4" CO2="0.00" CO="0.00" HC="0.00" NOx="0.00" PMx="0.00" fuel="0.00" electricity="0.00" noise="73.36" route="routetop" type="cfm-slow" waiting="0.00" lane="left_0" pos="41.83" speed="29.52" angle="109.20" x="46.18" y="-2.67"/>
    </timestep>
    <timestep time="5.26">
        <vehicle id="cfm-fast_0" eclass="HBEFA3/PC_G_EU4" CO2="0.00" CO="0.00" HC="0.00" NOx="0.00" PMx="0.00" fuel="0.00" electricity="0.00" noise="72.31" route="routebottom" type="cfm-fast" waiting="0.00" lane="bottom_0" pos="16.87" speed="29.04" angle="64.11" x="98.37" y="4.49"/>
        <vehicle id="cfm-fast_1" eclass="HBEFA3/PC_G_EU4" CO2="190188.72" CO="4777.30" HC="26.59" NOx="88.30" PMx="5.34" fuel="81.75" electricity="0.00" noise="127.23" route="routebottom" type="cfm-fast" waiting="0.00" lane="right_1" pos="48.02" speed="68.53" angle="278.10" x="67.75" y="128.84"/>
        <vehicle id="cfm-fast_2" eclass="HBEFA3/PC_G_EU4" CO2="0.00" CO="0.00" HC="0.00" NOx="0.00" PMx="0.00" fuel="0.00" electricity="0.00" noise="71.31" route="routebottom" type="cfm-fast" waiting="0.00" lane="bottom_0" pos="37.38" speed="27.43" angle="27.23" x="126.93" y="37.13"/>
        <vehicle id="cfm-fast_3" eclass="HBEFA3/PC_G_EU4" CO2="0.00" CO="0.00" HC="0.00" NOx="0.00" PMx="0.00" fuel="0.00" electricity="0.00" noise="70.22" route="routebottom" type="cfm-fast" waiting="0.00" lane="right_0" pos="5.99" speed="25.76" angle="353.63" x="131.04" y="76.58"/>
        <vehicle id="cfm-fast_4" eclass="HBEFA3/PC_G_EU4" CO2="0.00" CO="0.00" HC="0.00" NOx="0.00" PMx="0.00" fuel="0.00" electricity="0.00" noise="69.64" route="routebottom" type="cfm-fast" waiting="0.00" lane="right_0" pos="22.83" speed="23.68" angle="323.31" x="115.35" y="108.77"/>
        <vehicle id="cfm-fast_5" eclass="HBEFA3/PC_G_EU4" CO2="288662.65" CO="6935.59" HC="38.87" NOx="134.72" PMx="7.97" fuel="124.08" electricity="0.00" noise="149.47" route="routetop" type="cfm-fast" waiting="0.00" lane="left_1" pos="14.17" speed="71.73" angle="159.05" x="4.72" y="35.53"/>
        <vehicle id="cfm-slow_0" eclass="HBEFA3/PC_G_EU4" CO2="11992.65" CO="171.15" HC="1.08" NOx="5.06" PMx="0.27" fuel="5.16" electricity="0.00" noise="73.39" route="routebottom" type="cfm-slow" waiting="0.00" lane="right_0" pos="38.10" speed="22.18" angle="295.93" x="88.76" y="127.50"/>
        <vehicle id="cfm-slow_1" eclass="HBEFA3/PC_G_EU4" CO2="15940.34" CO="254.32" HC="1.55" NOx="6.89" PMx="0.37" fuel="6.85" electricity="0.00" noise="75.80" route="routetop" type="cfm-slow" waiting="0.00" lane="top_0" pos="5.55" speed="23.52" angle="264.47" x="51.69" y="131.21"/>
        <vehicle id="cfm-slow_2" eclass="HBEFA3/PC_G_EU4" CO2="18697.55" CO="316.14" HC="1.90" NOx="8.15" PMx="0.45" fuel="8.04" electricity="0.00" noise="77.44" route="routetop" type="cfm-slow" waiting="0.00" lane="top_0" pos="24.38" speed="25.36" angle="230.64" x="16.10" y="113.11"/>
        <vehicle id="cfm-slow_3" eclass="HBEFA3/PC_G_EU4" CO2="17618.16" CO="302.69" HC="1.82" NOx="7.60" PMx="0.43" fuel="7.57" electricity="0.00" noise="77.04" route="routetop" type="cfm-slow" waiting="0.00" lane="top_0" pos="45.11" speed="27.37" angle="193.41" x="-4.13" y="74.25"/>
        <vehicle id="cfm-slow_4" eclass="HBEFA3/PC_G_EU4" CO2="11743.73" CO="190.92" HC="1.17" NOx="4.79" PMx="0.28" fuel="5.05" electricity="0.00" noise="75.04" route="routetop" type="cfm-slow" waiting="0.00" lane="left_0" pos="17.85" speed="28.94" angle="152.34" x="5.57" y="27.14"/>
        <vehicle id="cfm-slow_5" eclass="HBEFA3/PC_G_EU4" CO2="0.00" CO="0.00" HC="0.00" NOx="0.00" PMx="0.00" fuel="0.00" electricity="0.00" noise="73.35" route="routetop" type="cfm-slow" waiting="0.00" lane="left_0" pos="42.12" speed="29.52" angle="108.65" x="46.79" y="-2.83"/>
    </timestep>
    <timestep time="5.27">
        <vehicle id="cfm-fast_0" eclass="HBEFA3/PC_G_EU4" CO2="0.00" CO="0.00" HC="0.00" NOx="0.00" PMx="0.00" fuel="0.00" electricity="0.00" noise="72.30" route="routebottom" type="cfm-fast" waiting="0.00" lane="bottom_0" pos="17.16" speed="29.03" angle="63.58" x="98.91" y="4.81"/>
        <vehicle id="cfm-fast_1" eclass="HBEFA3/PC_G_EU4" CO2="190312.99" CO="4783.39" HC="26.62" NOx="88.35" PMx="5.35" fuel="81.81" electricity="0.00" noise="127.23" route="routebottom" type="cfm-fast" waiting="0.00" lane="right_1" pos="48.71" speed="68.62" angle="276.84" x="66.34" y="128.92"/>
        <vehicle id="cfm-fast_2" eclass="HBEFA3/PC_G_EU4" CO2="0.00" CO="0.00" HC="0.00" NOx="0.00" PMx="0.00" fuel="0.00" electricity="0.00" noise="71.30" route="routebottom" type="cfm-fast" waiting="0.00" lane="bottom_0" pos="37.65" speed="27.41" angle="26.73" x="127.15" y="37.67"/>
        <vehicle id="cfm-fast_3" eclass="HBEFA3/PC_G_EU4" CO2="0.00" CO="0.00" HC="0.00" NOx="0.00" PMx="0.00" fuel="0.00" electricity="0.00" noise="70.21" route="routebottom" type="cfm-fast" waiting="0.00" lane="right_0" pos="6.25" speed="25.75" angle="353.16" x="130.94" y="77.12"/>
        <vehicle id="cfm-fast_4" eclass="HBEFA3/PC_G_EU4" CO2="0.00" CO="0.00" HC="0.00" NOx="0.00" PMx="0.00" fuel="0.00" electricity="0.00" noise="69.65" route="routebottom" type="cfm-fast" waiting="0.00" lane="right_0" pos="23.07" speed="23.67" angle="322.94" x="115.02" y="109.15"/>
        <vehicle id="cfm-fast_5" eclass="HBEFA3/PC_G_EU4" CO2="289283.38" CO="6954.14" HC="38.97" NOx="135.01" PMx="7.99" fuel="124.35" electricity="0.00" noise="149.53" route="routetop" type="cfm-fast" waiting="0.00" lane="left_1" pos="14.89" speed="71.86" angle="157.71" x="5.37" y="34.21"/>
        <vehicle id="cfm-slow_0" eclass="HBEFA3/PC_G_EU4" CO2="12022.13" CO="171.77" HC="1.08" NOx="5.07" PMx="0.27" fuel="5.17" electricity="0.00" noise="73.41" route="routebottom" type="cfm-slow" waiting="0.00" lane="right_0" pos="38.32" speed="22.20" angle="295.53" x="88.32" y="127.68"/>
        <vehicle id="cfm-slow_1" eclass="HBEFA3/PC_G_EU4" CO2="15959.77" CO="254.76" HC="1.56" NOx="6.90" PMx="0.37" fuel="6.86" electricity="0.00" noise="75.81" route="routetop" type="cfm-slow" waiting="0.00" lane="top_0" pos="5.78" speed="23.54" angle="264.03" x="51.20" y="131.12"/>
        <vehicle id="cfm-slow_2" eclass="HBEFA3/PC_G_EU4" CO2="18682.90" CO="315.92" HC="1.90" NOx="8.14" PMx="0.45" fuel="8.03" electricity="0.00" noise="77.43" route="routetop" type="cfm-slow" waiting="0.00" lane="top_0" pos="24.64" speed="25.38" angle="230.18" x="15.71" y="112.72"/>
        <vehicle id="cfm-slow_3" eclass="HBEFA3/PC_G_EU4" CO2="17557.09" CO="301.53" HC="1.81" NOx="7.57" PMx="0.42" fuel="7.55" electricity="0.00" noise="77.02" route="routetop" type="cfm-slow" waiting="0.00" lane="top_0" pos="45.38" speed="27.39" angle="192.90" x="-4.21" y="73.66"/>
        <vehicle id="cfm-slow_4" eclass="HBEFA3/PC_G_EU4" CO2="11658.53" CO="189.22" HC="1.16" NOx="4.75" PMx="0.28" fuel="5.01" electricity="0.00" noise="75.02" route="routetop" type="cfm-slow" waiting="0.00" lane="left_0" pos="18.14" speed="28.95" angle="151.84" x="5.91" y="26.62"/>
        <vehicle id="cfm-slow_5" eclass="HBEFA3/PC_G_EU4" CO2="0.00" CO="0.00" HC="0.00" NOx="0.00" PMx="0.00" fuel="0.00" electricity="0.00" noise="73.33" route="routetop" type="cfm-slow" waiting="0.00" lane="left_0" pos="42.42" speed="29.52" angle="108.17" x="47.41" y="-2.99"/>
    </timestep>
    <timestep time="5.28">
        <vehicle id="cfm-fast_0" eclass="HBEFA3/PC_G_EU4" CO2="0.00" CO="0.00" HC="0.00" NOx="0.00" PMx="0.00" fuel="0.00" electricity="0.00" noise="72.29" route="routebottom" type="cfm-fast" waiting="0.00" lane="bottom_0" pos="17.45" speed="29.02" angle="63.04" x="99.44" y="5.13"/>
        <vehicle id="cfm-fast_1" eclass="HBEFA3/PC_G_EU4" CO2="190447.40" CO="4789.70" HC="26.65" NOx="88.42" PMx="5.35" fuel="81.86" electricity="0.00" noise="127.24" route="routebottom" type="cfm-fast" waiting="0.00" lane="right_1" pos="49.39" speed="68.71" angle="275.58" x="64.93" y="128.95"/>
        <vehicle id="cfm-fast_2" eclass="HBEFA3/PC_G_EU4" CO2="0.00" CO="0.00" HC="0.00" NOx="0.00" PMx="0.00" fuel="0.00" electricity="0.00" noise="71.29" route="routebottom" type="cfm-fast" waiting="0.00" lane="bottom_0" pos="37.93" speed="27.40" angle="26.24" x="127.37" y="38.22"/>
        <vehicle id="cfm-fast_3" eclass="HBEFA3/PC_G_EU4" CO2="0.00" CO="0.00" HC="0.00" NOx="0.00" PMx="0.00" fuel="0.00" electricity="0.00" noise="70.20" route="routebottom" type="cfm-fast" waiting="0.00" lane="right_0" pos="6.51" speed="25.73" angle="352.73" x="130.83" y="77.66"/>
        <vehicle id="cfm-fast_4" eclass="HBEFA3/PC_G_EU4" CO2="0.00" CO="0.00" HC="0.00" NOx="0.00" PMx="0.00" fuel="0.00" electricity="0.00" noise="69.65" route="routebottom" type="cfm-fast" waiting="0.00" lane="right_0" pos="23.31" speed="23.66" angle="322.52" x="114.68" y="109.53"/>
        <vehicle id="cfm-fast_5" eclass="HBEFA3/PC_G_EU4" CO2="289904.39" CO="6972.71" HC="39.08" NOx="135.30" PMx="8.01" fuel="124.62" electricity="0.00" noise="149.60" route="routetop" type="cfm-fast" waiting="0.00" lane="left_1" pos="15.61" speed="72.00" angle="156.44" x="6.05" y="32.90"/>
        <vehicle id="cfm-slow_0" eclass="HBEFA3/PC_G_EU4" CO2="12051.58" CO="172.39" HC="1.08" NOx="5.09" PMx="0.27" fuel="5.18" electricity="0.00" noise="73.43" route="routebottom" type="cfm-slow" waiting="0.00" lane="right_0" pos="38.54" speed="22.21" angle="295.18" x="87.87" y="127.85"/>
        <vehicle id="cfm-slow_1" eclass="HBEFA3/PC_G_EU4" CO2="15978.96" CO="255.19" HC="1.56" NOx="6.91" PMx="0.37" fuel="6.87" electricity="0.00" noise="75.82" route="routetop" type="cfm-slow" waiting="0.00" lane="top_0" pos="6.02" speed="23.56" angle="263.59" x="50.70" y="131.03"/>
        <vehicle id="cfm-slow_2" eclass="HBEFA3/PC_G_EU4" CO2="18667.89" CO="315.69" HC="1.90" NOx="8.14" PMx="0.45" fuel="8.02" electricity="0.00" noise="77.43" route="routetop" type="cfm-slow" waiting="0.00" lane="top_0" pos="24.89" speed="25.40" angle="229.71" x="15.32" y="112.33"/>
        <vehicle id="cfm-slow_3" eclass="HBEFA3/PC_G_EU4" CO2="17495.82" CO="300.36" HC="1.81" NOx="7.54" PMx="0.42" fuel="7.52" electricity="0.00" noise="76.99" route="routetop" type="cfm-slow" waiting="0.00" lane="top_0" pos="45.65" speed="27.41" angle="192.40" x="-4.29" y="73.08"/>
        <vehicle id="cfm-slow_4" eclass="HBEFA3/PC_G_EU4" CO2="11573.46" CO="187.52" HC="1.15" NOx="4.71" PMx="0.27" fuel="4.97" electricity="0.00" noise="74.99" route="routetop" type="cfm-slow" waiting="0.00" lane="left_0" pos="18.43" speed="28.96" angle="151.30" x="6.26" y="26.10"/>
        <vehicle id="cfm-slow_5" eclass="HBEFA3/PC_G_EU4" CO2="0.00" CO="0.00" HC="0.00" NOx="0.00" PMx="0.00" fuel="0.00" electricity="0.00" noise="73.32" route="routetop" type="cfm-slow" waiting="0.00" lane="left_0" pos="42.71" speed="29.51" angle="107.65" x="48.03" y="-3.13"/>
    </timestep>
    <timestep time="5.29">
        <vehicle id="cfm-fast_0" eclass="HBEFA3/PC_G_EU4" CO2="0.00" CO="0.00" HC="0.00" NOx="0.00" PMx="0.00" fuel="0.00" electricity="0.00" noise="72.27" route="routebottom" type="cfm-fast" waiting="0.00" lane="bottom_0" pos="17.74" speed="29.01" angle="62.51" x="99.98" y="5.45"/>
        <vehicle id="cfm-fast_1" eclass="HBEFA3/PC_G_EU4" CO2="190591.82" CO="4796.22" HC="26.68" NOx="88.48" PMx="5.36" fuel="81.93" electricity="0.00" noise="127.24" route="routetop" type="cfm-fast" waiting="0.00" lane="top_1" pos="0.08" speed="68.80" angle="274.34" x="63.46" y="128.97"/>
        <vehicle id="cfm-fast_2" eclass="HBEFA3/PC_G_EU4" CO2="0.00" CO="0.00" HC="0.00" NOx="0.00" PMx="0.00" fuel="0.00" electricity="0.00" noise="71.28" route="routebottom" type="cfm-fast" waiting="0.00" lane="bottom_0" pos="38.20" speed="27.39" angle="25.74" x="127.59" y="38.77"/>
        <vehicle id="cfm-fast_3" eclass="HBEFA3/PC_G_EU4" CO2="0.00" CO="0.00" HC="0.00" NOx="0.00" PMx="0.00" fuel="0.00" electricity="0.00" noise="70.20" route="routebottom" type="cfm-fast" waiting="0.00" lane="right_0" pos="6.77" speed="25.71" angle="352.25" x="130.70" y="78.20"/>
        <vehicle id="cfm-fast_4" eclass="HBEFA3/PC_G_EU4" CO2="0.00" CO="0.00" HC="0.00" NOx="0.00" PMx="0.00" fuel="0.00" electricity="0.00" noise="69.66" route="routebottom" type="cfm-fast" waiting="0.00" lane="right_0" pos="23.54" speed="23.65" angle="322.09" x="114.33" y="109.90"/>
        <vehicle id="cfm-fast_5" eclass="HBEFA3/PC_G_EU4" CO2="290525.70" CO="6991.30" HC="39.18" NOx="135.59" PMx="8.02" fuel="124.88" electricity="0.00" noise="149.66" route="routetop" type="cfm-fast" waiting="0.00" lane="left_1" pos="16.33" speed="72.14" angle="155.12" x="6.77" y="31.61"/>
        <vehicle id="cfm-slow_0" eclass="HBEFA3/PC_G_EU4" CO2="12081.02" CO="173.01" HC="1.09" NOx="5.10" PMx="0.27" fuel="5.19" electricity="0.00" noise="73.45" route="routebottom" type="cfm-slow" waiting="0.00" lane="right_0" pos="38.77" speed="22.23" angle="294.78" x="87.42" y="128.02"/>
        <vehicle id="cfm-slow_1" eclass="HBEFA3/PC_G_EU4" CO2="15997.93" CO="255.62" HC="1.56" NOx="6.92" PMx="0.37" fuel="6.88" electricity="0.00" noise="75.83" route="routetop" type="cfm-slow" waiting="0.00" lane="top_0" pos="6.26" speed="23.58" angle="263.16" x="50.20" y="130.94"/>
        <vehicle id="cfm-slow_2" eclass="HBEFA3/PC_G_EU4" CO2="18652.51" CO="315.45" HC="1.90" NOx="8.13" PMx="0.45" fuel="8.02" electricity="0.00" noise="77.42" route="routetop" type="cfm-slow" waiting="0.00" lane="top_0" pos="25.15" speed="25.42" angle="229.24" x="14.94" y="111.95"/>
        <vehicle id="cfm-slow_3" eclass="HBEFA3/PC_G_EU4" CO2="17434.36" CO="299.18" HC="1.80" NOx="7.51" PMx="0.42" fuel="7.49" electricity="0.00" noise="76.96" route="routetop" type="cfm-slow" waiting="0.00" lane="top_0" pos="45.93" speed="27.43" angle="191.89" x="-4.37" y="72.50"/>
        <vehicle id="cfm-slow_4" eclass="HBEFA3/PC_G_EU4" CO2="11488.51" CO="185.82" HC="1.14" NOx="4.67" PMx="0.27" fuel="4.94" electricity="0.00" noise="74.97" route="routetop" type="cfm-slow" waiting="0.00" lane="left_0" pos="18.72" speed="28.96" angle="150.76" x="6.60" y="25.58"/>
        <vehicle id="cfm-slow_5" eclass="HBEFA3/PC_G_EU4" CO2="0.00" CO="0.00" HC="0.00" NOx="0.00" PMx="0.00" fuel="0.00" electricity="0.00" noise="73.31" route="routetop" type="cfm-slow" waiting="0.00" lane="left_0" pos="43.01" speed="29.51" angle="107.13" x="48.65" y="-3.27"/>
    </timestep>
    <timestep time="5.30">
        <vehicle id="cfm-fast_0" eclass="HBEFA3/PC_G_EU4" CO2="0.00" CO="0.00" HC="0.00" NOx="0.00" PMx="0.00" fuel="0.00" electricity="0.00" noise="72.26" route="routebottom" type="cfm-fast" waiting="0.00" lane="bottom_0" pos="18.03" speed="29.00" angle="62.05" x="100.51" y="5.78"/>
        <vehicle id="cfm-fast_1" eclass="HBEFA3/PC_G_EU4" CO2="190746.13" CO="4802.94" HC="26.72" NOx="88.55" PMx="5.36" fuel="81.99" electricity="0.00" noise="127.25" route="routetop" type="cfm-fast" waiting="0.00" lane="top_1" pos="0.77" speed="68.89" angle="273.08" x="62.05" y="128.94"/>
        <vehicle id="cfm-fast_2" eclass="HBEFA3/PC_G_EU4" CO2="0.00" CO="0.00" HC="0.00" NOx="0.00" PMx="0.00" fuel="0.00" electricity="0.00" noise="71.27" route="routebottom" type="cfm-fast" waiting="0.00" lane="bottom_0" pos="38.47" speed="27.37" angle="25.30" x="127.80" y="39.31"/>
        <vehicle id="cfm-fast_3" eclass="HBEFA3/PC_G_EU4" CO2="0.00" CO="0.00" HC="0.00" NOx="0.00" PMx="0.00" fuel="0.00" electricity="0.00" noise="70.19" route="routebottom" type="cfm-fast" waiting="0.00" lane="right_0" pos="7.02" speed="25.69" angle="351.77" x="130.58" y="78.74"/>
        <vehicle id="cfm-fast_4" eclass="HBEFA3/PC_G_EU4" CO2="0.00" CO="0.00" HC="0.00" NOx="0.00" PMx="0.00" fuel="0.00" electricity="0.00" noise="69.67" route="routebottom" type="cfm-fast" waiting="0.00" lane="right_0" pos="23.78" speed="23.65" angle="321.67" x="113.99" y="110.27"/>
        <vehicle id="cfm-fast_5" eclass="HBEFA3/PC_G_EU4" CO2="291147.30" CO="7009.92" HC="39.28" NOx="135.89" PMx="8.04" fuel="125.15" electricity="0.00" noise="149.73" route="routetop" type="cfm-fast" waiting="0.00" lane="left_1" pos="17.05" speed="72.27" angle="153.83" x="7.51" y="30.32"/>
        <vehicle id="cfm-slow_0" eclass="HBEFA3/PC_G_EU4" CO2="12110.43" CO="173.63" HC="1.09" NOx="5.11" PMx="0.27" fuel="5.21" electricity="0.00" noise="73.47" route="routebottom" type="cfm-slow" waiting="0.00" lane="right_0" pos="38.99" speed="22.24" angle="294.37" x="86.97" y="128.18"/>
        <vehicle id="cfm-slow_1" eclass="HBEFA3/PC_G_EU4" CO2="16016.66" CO="256.05" HC="1.56" NOx="6.93" PMx="0.37" fuel="6.88" electricity="0.00" noise="75.85" route="routetop" type="cfm-slow" waiting="0.00" lane="top_0" pos="6.49" speed="23.60" angle="262.77" x="49.70" y="130.84"/>
        <vehicle id="cfm-slow_2" eclass="HBEFA3/PC_G_EU4" CO2="18636.78" CO="315.20" HC="1.90" NOx="8.12" PMx="0.45" fuel="8.01" electricity="0.00" noise="77.41" route="routetop" type="cfm-slow" waiting="0.00" lane="top_0" pos="25.40" speed="25.45" angle="228.78" x="14.55" y="111.56"/>
        <vehicle id="cfm-slow_3" eclass="HBEFA3/PC_G_EU4" CO2="17372.71" CO="298.01" HC="1.79" NOx="7.48" PMx="0.42" fuel="7.47" electricity="0.00" noise="76.94" route="routetop" type="cfm-slow" waiting="0.00" lane="top_0" pos="46.20" speed="27.44" angle="191.45" x="-4.45" y="71.91"/>
        <vehicle id="cfm-slow_4" eclass="HBEFA3/PC_G_EU4" CO2="11403.69" CO="184.13" HC="1.13" NOx="4.63" PMx="0.27" fuel="4.90" electricity="0.00" noise="74.94" route="routetop" type="cfm-slow" waiting="0.00" lane="left_0" pos="19.01" speed="28.97" angle="150.21" x="6.95" y="25.06"/>
        <vehicle id="cfm-slow_5" eclass="HBEFA3/PC_G_EU4" CO2="0.00" CO="0.00" HC="0.00" NOx="0.00" PMx="0.00" fuel="0.00" electricity="0.00" noise="73.29" route="routetop" type="cfm-slow" waiting="0.00" lane="left_0" pos="43.30" speed="29.51" angle="106.60" x="49.26" y="-3.41"/>
    </timestep>
    <timestep time="5.31">
        <vehicle id="cfm-fast_0" eclass="HBEFA3/PC_G_EU4" CO2="0.00" CO="0.00" HC="0.00" NOx="0.00" PMx="0.00" fuel="0.00" electricity="0.00" noise="72.25" route="routebottom" type="cfm-fast" waiting="0.00" lane="bottom_0" pos="18.32" speed="28.98" angle="61.50" x="101.03" y="6.13"/>
        <vehicle id="cfm-fast_1" eclass="HBEFA3/PC_G_EU4" CO2="190910.22" CO="4809.87" HC="26.75" NOx="88.63" PMx="5.37" fuel="82.06" electricity="0.00" noise="127.26" route="routetop" type="cfm-fast" waiting="0.00" lane="top_1" pos="1.46" speed="68.97" angle="271.87" x="60.64" y="128.90"/>
        <vehicle id="cfm-fast_2" eclass="HBEFA3/PC_G_EU4" CO2="0.00" CO="0.00" HC="0.00" NOx="0.00" PMx="0.00" fuel="0.00" electricity="0.00" noise="71.26" route="routebottom" type="cfm-fast" waiting="0.00" lane="bottom_0" pos="38.75" speed="27.36" angle="24.81" x="128.00" y="39.87"/>
        <vehicle id="cfm-fast_3" eclass="HBEFA3/PC_G_EU4" CO2="0.00" CO="0.00" HC="0.00" NOx="0.00" PMx="0.00" fuel="0.00" electricity="0.00" noise="70.18" route="routebottom" type="cfm-fast" waiting="0.00" lane="right_0" pos="7.28" speed="25.67" angle="351.29" x="130.46" y="79.28"/>
        <vehicle id="cfm-fast_4" eclass="HBEFA3/PC_G_EU4" CO2="0.00" CO="0.00" HC="0.00" NOx="0.00" PMx="0.00" fuel="0.00" electricity="0.00" noise="69.68" route="routebottom" type="cfm-fast" waiting="0.00" lane="right_0" pos="24.02" speed="23.64" angle="321.24" x="113.64" y="110.65"/>
        <vehicle id="cfm-fast_5" eclass="HBEFA3/PC_G_EU4" CO2="291769.20" CO="7028.55" HC="39.38" NOx="136.18" PMx="8.06" fuel="125.42" electricity="0.00" noise="149.80" route="routetop" type="cfm-fast" waiting="0.00" lane="left_1" pos="17.77" speed="72.41" angle="152.47" x="8.28" y="29.05"/>
        <vehicle id="cfm-slow_0" eclass="HBEFA3/PC_G_EU4" CO2="12139.81" CO="174.25" HC="1.09" NOx="5.13" PMx="0.27" fuel="5.22" electricity="0.00" noise="73.48" route="routebottom" type="cfm-slow" waiting="0.00" lane="right_0" pos="39.21" speed="22.26" angle="293.97" x="86.52" y="128.34"/>
        <vehicle id="cfm-slow_1" eclass="HBEFA3/PC_G_EU4" CO2="16035.15" CO="256.47" HC="1.57" NOx="6.93" PMx="0.37" fuel="6.89" electricity="0.00" noise="75.86" route="routetop" type="cfm-slow" waiting="0.00" lane="top_0" pos="6.73" speed="23.62" angle="262.33" x="49.21" y="130.72"/>
        <vehicle id="cfm-slow_2" eclass="HBEFA3/PC_G_EU4" CO2="18620.68" CO="314.94" HC="1.90" NOx="8.11" PMx="0.45" fuel="8.00" electricity="0.00" noise="77.40" route="routetop" type="cfm-slow" waiting="0.00" lane="top_0" pos="25.65" speed="25.47" angle="228.37" x="14.16" y="111.17"/>
        <vehicle id="cfm-slow_3" eclass="HBEFA3/PC_G_EU4" CO2="17310.86" CO="296.82" HC="1.78" NOx="7.45" PMx="0.42" fuel="7.44" electricity="0.00" noise="76.91" route="routetop" type="cfm-slow" waiting="0.00" lane="top_0" pos="46.48" speed="27.46" angle="190.94" x="-4.51" y="71.32"/>
        <vehicle id="cfm-slow_4" eclass="HBEFA3/PC_G_EU4" CO2="11319.00" CO="182.43" HC="1.12" NOx="4.59" PMx="0.27" fuel="4.87" electricity="0.00" noise="74.92" route="routetop" type="cfm-slow" waiting="0.00" lane="left_0" pos="19.30" speed="28.98" angle="149.74" x="7.30" y="24.54"/>
        <vehicle id="cfm-slow_5" eclass="HBEFA3/PC_G_EU4" CO2="0.00" CO="0.00" HC="0.00" NOx="0.00" PMx="0.00" fuel="0.00" electricity="0.00" noise="73.28" route="routetop" type="cfm-slow" waiting="0.00" lane="left_0" pos="43.60" speed="29.51" angle="106.13" x="49.88" y="-3.56"/>
    </timestep>
    <timestep time="5.32">
        <vehicle id="cfm-fast_0" eclass="HBEFA3/PC_G_EU4" CO2="0.00" CO="0.00" HC="0.00" NOx="0.00" PMx="0.00" fuel="0.00" electricity="0.00" noise="72.24" route="routebottom" type="cfm-fast" waiting="0.00" lane="bottom_0" pos="18.61" speed="28.97" angle="60.96" x="101.55" y="6.47"/>
        <vehicle id="cfm-fast_1" eclass="HBEFA3/PC_G_EU4" CO2="191083.96" CO="4817.00" HC="26.79" NOx="88.71" PMx="5.37" fuel="82.14" electricity="0.00" noise="127.28" route="routetop" type="cfm-fast" waiting="0.00" lane="top_1" pos="2.15" speed="69.06" angle="270.61" x="59.22" y="128.82"/>
        <vehicle id="cfm-fast_2" eclass="HBEFA3/PC_G_EU4" CO2="0.00" CO="0.00" HC="0.00" NOx="0.00" PMx="0.00" fuel="0.00" electricity="0.00" noise="71.25" route="routebottom" type="cfm-fast" waiting="0.00" lane="bottom_0" pos="39.02" speed="27.35" angle="24.31" x="128.20" y="40.42"/>
        <vehicle id="cfm-fast_3" eclass="HBEFA3/PC_G_EU4" CO2="0.00" CO="0.00" HC="0.00" NOx="0.00" PMx="0.00" fuel="0.00" electricity="0.00" noise="70.17" route="routebottom" type="cfm-fast" waiting="0.00" lane="right_0" pos="7.54" speed="25.66" angle="350.81" x="130.34" y="79.82"/>
        <vehicle id="cfm-fast_4" eclass="HBEFA3/PC_G_EU4" CO2="0.00" CO="0.00" HC="0.00" NOx="0.00" PMx="0.00" fuel="0.00" electricity="0.00" noise="69.69" route="routebottom" type="cfm-fast" waiting="0.00" lane="right_0" pos="24.25" speed="23.63" angle="320.83" x="113.30" y="111.02"/>
        <vehicle id="cfm-fast_5" eclass="HBEFA3/PC_G_EU4" CO2="292391.38" CO="7047.21" HC="39.48" NOx="136.47" PMx="8.08" fuel="125.68" electricity="0.00" noise="149.86" route="routetop" type="cfm-fast" waiting="0.00" lane="left_1" pos="18.50" speed="72.55" angle="151.16" x="9.09" y="27.81"/>
        <vehicle id="cfm-slow_0" eclass="HBEFA3/PC_G_EU4" CO2="12169.17" CO="174.86" HC="1.10" NOx="5.14" PMx="0.27" fuel="5.23" electricity="0.00" noise="73.50" route="routebottom" type="cfm-slow" waiting="0.00" lane="right_0" pos="39.43" speed="22.27" angle="293.57" x="86.07" y="128.51"/>
        <vehicle id="cfm-slow_1" eclass="HBEFA3/PC_G_EU4" CO2="16053.41" CO="256.89" HC="1.57" NOx="6.94" PMx="0.37" fuel="6.90" electricity="0.00" noise="75.87" route="routetop" type="cfm-slow" waiting="0.00" lane="top_0" pos="6.96" speed="23.64" angle="261.88" x="48.71" y="130.61"/>
        <vehicle id="cfm-slow_2" eclass="HBEFA3/PC_G_EU4" CO2="18604.22" CO="314.68" HC="1.90" NOx="8.10" PMx="0.45" fuel="8.00" electricity="0.00" noise="77.39" route="routetop" type="cfm-slow" waiting="0.00" lane="top_0" pos="25.91" speed="25.49" angle="227.90" x="13.79" y="110.77"/>
        <vehicle id="cfm-slow_3" eclass="HBEFA3/PC_G_EU4" CO2="17248.83" CO="295.64" HC="1.78" NOx="7.42" PMx="0.42" fuel="7.41" electricity="0.00" noise="76.88" route="routetop" type="cfm-slow" waiting="0.00" lane="top_0" pos="46.75" speed="27.48" angle="190.44" x="-4.57" y="70.73"/>
        <vehicle id="cfm-slow_4" eclass="HBEFA3/PC_G_EU4" CO2="11234.44" CO="180.74" HC="1.11" NOx="4.55" PMx="0.26" fuel="4.83" electricity="0.00" noise="74.89" route="routetop" type="cfm-slow" waiting="0.00" lane="left_0" pos="19.59" speed="28.99" angle="149.20" x="7.66" y="24.04"/>
        <vehicle id="cfm-slow_5" eclass="HBEFA3/PC_G_EU4" CO2="0.00" CO="0.00" HC="0.00" NOx="0.00" PMx="0.00" fuel="0.00" electricity="0.00" noise="73.27" route="routetop" type="cfm-slow" waiting="0.00" lane="left_0" pos="43.89" speed="29.50" angle="105.59" x="50.51" y="-3.67"/>
    </timestep>
    <timestep time="5.33">
        <vehicle id="cfm-fast_0" eclass="HBEFA3/PC_G_EU4" CO2="0.00" CO="0.00" HC="0.00" NOx="0.00" PMx="0.00" fuel="0.00" electricity="0.00" noise="72.23" route="routebottom" type="cfm-fast" waiting="0.00" lane="bottom_0" pos="18.90" speed="28.96" angle="60.42" x="102.07" y="6.82"/>
        <vehicle id="cfm-fast_1" eclass="HBEFA3/PC_G_EU4" CO2="191267.25" CO="4824.33" HC="26.83" NOx="88.80" PMx="5.38" fuel="82.22" electricity="0.00" noise="127.30" route="routetop" type="cfm-fast" waiting="0.00" lane="top_1" pos="2.84" speed="69.15" angle="269.40" x="57.81" y="128.71"/>
        <vehicle id="cfm-fast_2" eclass="HBEFA3/PC_G_EU4" CO2="0.00" CO="0.00" HC="0.00" NOx="0.00" PMx="0.00" fuel="0.00" electricity="0.00" noise="71.24" route="routebottom" type="cfm-fast" waiting="0.00" lane="bottom_0" pos="39.29" speed="27.33" angle="23.82" x="128.40" y="40.97"/>
        <vehicle id="cfm-fast_3" eclass="HBEFA3/PC_G_EU4" CO2="0.00" CO="0.00" HC="0.00" NOx="0.00" PMx="0.00" fuel="0.00" electricity="0.00" noise="70.17" route="routebottom" type="cfm-fast" waiting="0.00" lane="right_0" pos="7.79" speed="25.64" angle="350.40" x="130.21" y="80.35"/>
        <vehicle id="cfm-fast_4" eclass="HBEFA3/PC_G_EU4" CO2="0.00" CO="0.00" HC="0.00" NOx="0.00" PMx="0.00" fuel="0.00" electricity="0.00" noise="69.70" route="routebottom" type="cfm-fast" waiting="0.00" lane="right_0" pos="24.49" speed="23.62" angle="320.44" x="112.94" y="111.39"/>
        <vehicle id="cfm-fast_5" eclass="HBEFA3/PC_G_EU4" CO2="293013.86" CO="7065.89" HC="39.58" NOx="136.76" PMx="8.10" fuel="125.95" electricity="0.00" noise="149.93" route="routetop" type="cfm-fast" waiting="0.00" lane="left_1" pos="19.23" speed="72.68" angle="149.83" x="9.92" y="26.57"/>
        <vehicle id="cfm-slow_0" eclass="HBEFA3/PC_G_EU4" CO2="12198.50" CO="175.48" HC="1.10" NOx="5.15" PMx="0.27" fuel="5.24" electricity="0.00" noise="73.52" route="routebottom" type="cfm-slow" waiting="0.00" lane="right_0" pos="39.66" speed="22.29" angle="293.18" x="85.62" y="128.67"/>
        <vehicle id="cfm-slow_1" eclass="HBEFA3/PC_G_EU4" CO2="16071.42" CO="257.30" HC="1.57" NOx="6.95" PMx="0.37" fuel="6.91" electricity="0.00" noise="75.88" route="routetop" type="cfm-slow" waiting="0.00" lane="top_0" pos="7.20" speed="23.66" angle="261.44" x="48.21" y="130.50"/>
        <vehicle id="cfm-slow_2" eclass="HBEFA3/PC_G_EU4" CO2="18587.41" CO="314.41" HC="1.89" NOx="8.10" PMx="0.44" fuel="7.99" electricity="0.00" noise="77.39" route="routetop" type="cfm-slow" waiting="0.00" lane="top_0" pos="26.16" speed="25.51" angle="227.43" x="13.42" y="110.37"/>
        <vehicle id="cfm-slow_3" eclass="HBEFA3/PC_G_EU4" CO2="17186.61" CO="294.45" HC="1.77" NOx="7.39" PMx="0.41" fuel="7.39" electricity="0.00" noise="76.86" route="routetop" type="cfm-slow" waiting="0.00" lane="top_0" pos="47.03" speed="27.49" angle="189.93" x="-4.63" y="70.15"/>
        <vehicle id="cfm-slow_4" eclass="HBEFA3/PC_G_EU4" CO2="11150.00" CO="179.05" HC="1.10" NOx="4.51" PMx="0.26" fuel="4.79" electricity="0.00" noise="74.87" route="routetop" type="cfm-slow" waiting="0.00" lane="left_0" pos="19.88" speed="28.99" angle="148.66" x="8.03" y="23.53"/>
        <vehicle id="cfm-slow_5" eclass="HBEFA3/PC_G_EU4" CO2="0.00" CO="0.00" HC="0.00" NOx="0.00" PMx="0.00" fuel="0.00" electricity="0.00" noise="73.25" route="routetop" type="cfm-slow" waiting="0.00" lane="left_0" pos="44.19" speed="29.50" angle="105.05" x="51.13" y="-3.79"/>
    </timestep>
    <timestep time="5.34">
        <vehicle id="cfm-fast_0" eclass="HBEFA3/PC_G_EU4" CO2="0.00" CO="0.00" HC="0.00" NOx="0.00" PMx="0.00" fuel="0.00" electricity="0.00" noise="72.22" route="routebottom" type="cfm-fast" waiting="0.00" lane="bottom_0" pos="19.19" speed="28.95" angle="59.92" x="102.58" y="7.16"/>
        <vehicle id="cfm-fast_1" eclass="HBEFA3/PC_G_EU4" CO2="191459.96" CO="4831.86" HC="26.87" NOx="88.89" PMx="5.39" fuel="82.30" electricity="0.00" noise="127.31" route="routetop" type="cfm-fast" waiting="0.00" lane="top_1" pos="3.53" speed="69.24" angle="268.14" x="56.40" y="128.56"/>
        <vehicle id="cfm-fast_2" eclass="HBEFA3/PC_G_EU4" CO2="0.00" CO="0.00" HC="0.00" NOx="0.00" PMx="0.00" fuel="0.00" electricity="0.00" noise="71.23" route="routebottom" type="cfm-fast" waiting="0.00" lane="bottom_0" pos="39.57" speed="27.32" angle="23.33" x="128.60" y="41.53"/>
        <vehicle id="cfm-fast_3" eclass="HBEFA3/PC_G_EU4" CO2="0.00" CO="0.00" HC="0.00" NOx="0.00" PMx="0.00" fuel="0.00" electricity="0.00" noise="70.16" route="routebottom" type="cfm-fast" waiting="0.00" lane="right_0" pos="8.05" speed="25.62" angle="349.93" x="130.07" y="80.89"/>
        <vehicle id="cfm-fast_4" eclass="HBEFA3/PC_G_EU4" CO2="0.00" CO="0.00" HC="0.00" NOx="0.00" PMx="0.00" fuel="0.00" electricity="0.00" noise="69.71" route="routebottom" type="cfm-fast" waiting="0.00" lane="right_0" pos="24.72" speed="23.62" angle="320.00" x="112.58" y="111.75"/>
        <vehicle id="cfm-fast_5" eclass="HBEFA3/PC_G_EU4" CO2="293636.63" CO="7084.59" HC="39.68" NOx="137.05" PMx="8.12" fuel="126.22" electricity="0.00" noise="149.99" route="routetop" type="cfm-fast" waiting="0.00" lane="left_1" pos="19.96" speed="72.82" angle="148.51" x="10.79" y="25.35"/>
        <vehicle id="cfm-slow_0" eclass="HBEFA3/PC_G_EU4" CO2="12227.79" CO="176.10" HC="1.10" NOx="5.17" PMx="0.27" fuel="5.26" electricity="0.00" noise="73.54" route="routebottom" type="cfm-slow" waiting="0.00" lane="right_0" pos="39.88" speed="22.30" angle="292.82" x="85.17" y="128.82"/>
        <vehicle id="cfm-slow_1" eclass="HBEFA3/PC_G_EU4" CO2="16089.20" CO="257.70" HC="1.57" NOx="6.96" PMx="0.38" fuel="6.92" electricity="0.00" noise="75.89" route="routetop" type="cfm-slow" waiting="0.00" lane="top_0" pos="7.44" speed="23.67" angle="260.99" x="47.72" y="130.39"/>
        <vehicle id="cfm-slow_2" eclass="HBEFA3/PC_G_EU4" CO2="18570.23" CO="314.14" HC="1.89" NOx="8.09" PMx="0.44" fuel="7.98" electricity="0.00" noise="77.38" route="routetop" type="cfm-slow" waiting="0.00" lane="top_0" pos="26.42" speed="25.53" angle="226.95" x="13.05" y="109.96"/>
        <vehicle id="cfm-slow_3" eclass="HBEFA3/PC_G_EU4" CO2="17124.21" CO="293.25" HC="1.76" NOx="7.36" PMx="0.41" fuel="7.36" electricity="0.00" noise="76.83" route="routetop" type="cfm-slow" waiting="0.00" lane="top_0" pos="47.30" speed="27.51" angle="189.43" x="-4.69" y="69.56"/>
        <vehicle id="cfm-slow_4" eclass="HBEFA3/PC_G_EU4" CO2="11065.70" CO="177.37" HC="1.09" NOx="4.47" PMx="0.26" fuel="4.76" electricity="0.00" noise="74.85" route="routetop" type="cfm-slow" waiting="0.00" lane="left_0" pos="20.17" speed="29.00" angle="148.13" x="8.39" y="23.03"/>
        <vehicle id="cfm-slow_5" eclass="HBEFA3/PC_G_EU4" CO2="0.00" CO="0.00" HC="0.00" NOx="0.00" PMx="0.00" fuel="0.00" electricity="0.00" noise="73.24" route="routetop" type="cfm-slow" waiting="0.00" lane="left_0" pos="44.48" speed="29.50" angle="104.50" x="51.76" y="-3.90"/>
    </timestep>
    <timestep time="5.35">
        <vehicle id="cfm-fast_0" eclass="HBEFA3/PC_G_EU4" CO2="0.00" CO="0.00" HC="0.00" NOx="0.00" PMx="0.00" fuel="0.00" electricity="0.00" noise="72.21" route="routebottom" type="cfm-fast" waiting="0.00" lane="bottom_0" pos="19.48" speed="28.94" angle="59.40" x="103.09" y="7.52"/>
        <vehicle id="cfm-fast_1" eclass="HBEFA3/PC_G_EU4" CO2="191661.99" CO="4839.59" HC="26.91" NOx="88.98" PMx="5.39" fuel="82.39" electricity="0.00" noise="127.34" route="routetop" type="cfm-fast" waiting="0.00" lane="top_1" pos="4.23" speed="69.33" angle="266.92" x="54.99" y="128.39"/>
        <vehicle id="cfm-fast_2" eclass="HBEFA3/PC_G_EU4" CO2="0.00" CO="0.00" HC="0.00" NOx="0.00" PMx="0.00" fuel="0.00" electricity="0.00" noise="71.22" route="routebottom" type="cfm-fast" waiting="0.00" lane="bottom_0" pos="39.84" speed="27.30" angle="22.89" x="128.80" y="42.08"/>
        <vehicle id="cfm-fast_3" eclass="HBEFA3/PC_G_EU4" CO2="0.00" CO="0.00" HC="0.00" NOx="0.00" PMx="0.00" fuel="0.00" electricity="0.00" noise="70.15" route="routebottom" type="cfm-fast" waiting="0.00" lane="right_0" pos="8.30" speed="25.60" angle="349.46" x="129.92" y="81.42"/>
        <vehicle id="cfm-fast_4" eclass="HBEFA3/PC_G_EU4" CO2="0.00" CO="0.00" HC="0.00" NOx="0.00" PMx="0.00" fuel="0.00" electricity="0.00" noise="69.72" route="routebottom" type="cfm-fast" waiting="0.00" lane="right_0" pos="24.96" speed="23.61" angle="319.56" x="112.23" y="112.10"/>
        <vehicle id="cfm-fast_5" eclass="HBEFA3/PC_G_EU4" CO2="294259.69" CO="7103.32" HC="39.78" NOx="137.35" PMx="8.14" fuel="126.49" electricity="0.00" noise="150.06" route="routetop" type="cfm-fast" waiting="0.00" lane="left_1" pos="20.68" speed="72.95" angle="147.24" x="11.67" y="24.15"/>
        <vehicle id="cfm-slow_0" eclass="HBEFA3/PC_G_EU4" CO2="12257.05" CO="176.72" HC="1.11" NOx="5.18" PMx="0.27" fuel="5.27" electricity="0.00" noise="73.56" route="routebottom" type="cfm-slow" waiting="0.00" lane="right_0" pos="40.10" speed="22.32" angle="292.39" x="84.71" y="128.96"/>
        <vehicle id="cfm-slow_1" eclass="HBEFA3/PC_G_EU4" CO2="16106.73" CO="258.11" HC="1.57" NOx="6.97" PMx="0.38" fuel="6.92" electricity="0.00" noise="75.90" route="routetop" type="cfm-slow" waiting="0.00" lane="top_0" pos="7.67" speed="23.69" angle="260.62" x="47.22" y="130.27"/>
        <vehicle id="cfm-slow_2" eclass="HBEFA3/PC_G_EU4" CO2="18552.70" CO="313.85" HC="1.89" NOx="8.08" PMx="0.44" fuel="7.97" electricity="0.00" noise="77.37" route="routetop" type="cfm-slow" waiting="0.00" lane="top_0" pos="26.68" speed="25.55" angle="226.48" x="12.68" y="109.56"/>
        <vehicle id="cfm-slow_3" eclass="HBEFA3/PC_G_EU4" CO2="17061.63" CO="292.05" HC="1.76" NOx="7.33" PMx="0.41" fuel="7.33" electricity="0.00" noise="76.81" route="routetop" type="cfm-slow" waiting="0.00" lane="top_0" pos="47.58" speed="27.53" angle="188.97" x="-4.74" y="68.97"/>
        <vehicle id="cfm-slow_4" eclass="HBEFA3/PC_G_EU4" CO2="10981.52" CO="175.68" HC="1.08" NOx="4.43" PMx="0.26" fuel="4.72" electricity="0.00" noise="74.82" route="routetop" type="cfm-slow" waiting="0.00" lane="left_0" pos="20.46" speed="29.01" angle="147.63" x="8.76" y="22.52"/>
        <vehicle id="cfm-slow_5" eclass="HBEFA3/PC_G_EU4" CO2="0.00" CO="0.00" HC="0.00" NOx="0.00" PMx="0.00" fuel="0.00" electricity="0.00" noise="73.22" route="routetop" type="cfm-slow" waiting="0.00" lane="left_0" pos="44.78" speed="29.49" angle="103.96" x="52.38" y="-4.02"/>
    </timestep>
    <timestep time="5.36">
        <vehicle id="cfm-fast_0" eclass="HBEFA3/PC_G_EU4" CO2="0.00" CO="0.00" HC="0.00" NOx="0.00" PMx="0.00" fuel="0.00" electricity="0.00" noise="72.20" route="routebottom" type="cfm-fast" waiting="0.00" lane="bottom_0" pos="19.77" speed="28.93" angle="58.87" x="103.60" y="7.89"/>
        <vehicle id="cfm-fast_1" eclass="HBEFA3/PC_G_EU4" CO2="191873.22" CO="4847.51" HC="26.95" NOx="89.08" PMx="5.40" fuel="82.48" electricity="0.00" noise="127.36" route="routetop" type="cfm-fast" waiting="0.00" lane="top_1" pos="4.92" speed="69.42" angle="265.65" x="53.58" y="128.19"/>
        <vehicle id="cfm-fast_2" eclass="HBEFA3/PC_G_EU4" CO2="0.00" CO="0.00" HC="0.00" NOx="0.00" PMx="0.00" fuel="0.00" electricity="0.00" noise="71.21" route="routebottom" type="cfm-fast" waiting="0.00" lane="bottom_0" pos="40.11" speed="27.29" angle="22.37" x="128.97" y="42.64"/>
        <vehicle id="cfm-fast_3" eclass="HBEFA3/PC_G_EU4" CO2="0.00" CO="0.00" HC="0.00" NOx="0.00" PMx="0.00" fuel="0.00" electricity="0.00" noise="70.15" route="routebottom" type="cfm-fast" waiting="0.00" lane="right_0" pos="8.56" speed="25.58" angle="348.99" x="129.78" y="81.95"/>
        <vehicle id="cfm-fast_4" eclass="HBEFA3/PC_G_EU4" CO2="0.00" CO="0.00" HC="0.00" NOx="0.00" PMx="0.00" fuel="0.00" electricity="0.00" noise="69.73" route="routebottom" type="cfm-fast" waiting="0.00" lane="right_0" pos="25.20" speed="23.60" angle="319.12" x="111.87" y="112.46"/>
        <vehicle id="cfm-fast_5" eclass="HBEFA3/PC_G_EU4" CO2="294883.04" CO="7122.06" HC="39.88" NOx="137.64" PMx="8.16" fuel="126.76" electricity="0.00" noise="150.12" route="routetop" type="cfm-fast" waiting="0.00" lane="left_1" pos="21.42" speed="73.09" angle="145.92" x="12.60" y="22.97"/>
        <vehicle id="cfm-slow_0" eclass="HBEFA3/PC_G_EU4" CO2="12286.28" CO="177.33" HC="1.11" NOx="5.20" PMx="0.27" fuel="5.28" electricity="0.00" noise="73.58" route="routebottom" type="cfm-slow" waiting="0.00" lane="right_0" pos="40.33" speed="22.33" angle="291.97" x="84.25" y="129.10"/>
        <vehicle id="cfm-slow_1" eclass="HBEFA3/PC_G_EU4" CO2="16124.01" CO="258.51" HC="1.58" NOx="6.97" PMx="0.38" fuel="6.93" electricity="0.00" noise="75.92" route="routetop" type="cfm-slow" waiting="0.00" lane="top_0" pos="7.91" speed="23.71" angle="260.18" x="46.73" y="130.14"/>
        <vehicle id="cfm-slow_2" eclass="HBEFA3/PC_G_EU4" CO2="18534.81" CO="313.56" HC="1.89" NOx="8.07" PMx="0.44" fuel="7.97" electricity="0.00" noise="77.36" route="routetop" type="cfm-slow" waiting="0.00" lane="top_0" pos="26.93" speed="25.57" angle="226.06" x="12.30" y="109.15"/>
        <vehicle id="cfm-slow_3" eclass="HBEFA3/PC_G_EU4" CO2="16998.86" CO="290.85" HC="1.75" NOx="7.30" PMx="0.41" fuel="7.31" electricity="0.00" noise="76.78" route="routetop" type="cfm-slow" waiting="0.00" lane="top_0" pos="47.85" speed="27.54" angle="188.45" x="-4.78" y="68.38"/>
        <vehicle id="cfm-slow_4" eclass="HBEFA3/PC_G_EU4" CO2="10897.47" CO="174.00" HC="1.07" NOx="4.39" PMx="0.26" fuel="4.68" electricity="0.00" noise="74.80" route="routetop" type="cfm-slow" waiting="0.00" lane="left_0" pos="20.75" speed="29.02" angle="147.12" x="9.14" y="22.03"/>
        <vehicle id="cfm-slow_5" eclass="HBEFA3/PC_G_EU4" CO2="0.00" CO="0.00" HC="0.00" NOx="0.00" PMx="0.00" fuel="0.00" electricity="0.00" noise="73.21" route="routetop" type="cfm-slow" waiting="0.00" lane="left_0" pos="45.07" speed="29.49" angle="103.48" x="53.01" y="-4.12"/>
    </timestep>
    <timestep time="5.37">
        <vehicle id="cfm-fast_0" eclass="HBEFA3/PC_G_EU4" CO2="0.00" CO="0.00" HC="0.00" NOx="0.00" PMx="0.00" fuel="0.00" electricity="0.00" noise="72.19" route="routebottom" type="cfm-fast" waiting="0.00" lane="bottom_0" pos="20.06" speed="28.92" angle="58.33" x="104.10" y="8.25"/>
        <vehicle id="cfm-fast_1" eclass="HBEFA3/PC_G_EU4" CO2="192093.53" CO="4855.62" HC="26.99" NOx="89.18" PMx="5.41" fuel="82.57" electricity="0.00" noise="127.39" route="routetop" type="cfm-fast" waiting="0.00" lane="top_1" pos="5.62" speed="69.51" angle="264.40" x="52.17" y="127.95"/>
        <vehicle id="cfm-fast_2" eclass="HBEFA3/PC_G_EU4" CO2="0.00" CO="0.00" HC="0.00" NOx="0.00" PMx="0.00" fuel="0.00" electricity="0.00" noise="71.20" route="routebottom" type="cfm-fast" waiting="0.00" lane="bottom_0" pos="40.39" speed="27.28" angle="21.85" x="129.14" y="43.20"/>
        <vehicle id="cfm-fast_3" eclass="HBEFA3/PC_G_EU4" CO2="0.00" CO="0.00" HC="0.00" NOx="0.00" PMx="0.00" fuel="0.00" electricity="0.00" noise="70.14" route="routebottom" type="cfm-fast" waiting="0.00" lane="right_0" pos="8.82" speed="25.57" angle="348.52" x="129.64" y="82.48"/>
        <vehicle id="cfm-fast_4" eclass="HBEFA3/PC_G_EU4" CO2="0.00" CO="0.00" HC="0.00" NOx="0.00" PMx="0.00" fuel="0.00" electricity="0.00" noise="69.74" route="routebottom" type="cfm-fast" waiting="0.00" lane="right_0" pos="25.43" speed="23.60" angle="318.68" x="111.51" y="112.82"/>
        <vehicle id="cfm-fast_5" eclass="HBEFA3/PC_G_EU4" CO2="295506.69" CO="7140.83" HC="39.99" NOx="137.93" PMx="8.17" fuel="127.02" electricity="0.00" noise="150.19" route="routetop" type="cfm-fast" waiting="0.00" lane="left_1" pos="22.15" speed="73.23" angle="144.63" x="13.54" y="21.80"/>
        <vehicle id="cfm-slow_0" eclass="HBEFA3/PC_G_EU4" CO2="12315.46" CO="177.95" HC="1.11" NOx="5.21" PMx="0.27" fuel="5.29" electricity="0.00" noise="73.60" route="routebottom" type="cfm-slow" waiting="0.00" lane="right_0" pos="40.55" speed="22.35" angle="291.54" x="83.79" y="129.25"/>
        <vehicle id="cfm-slow_1" eclass="HBEFA3/PC_G_EU4" CO2="16141.05" CO="258.90" HC="1.58" NOx="6.98" PMx="0.38" fuel="6.94" electricity="0.00" noise="75.93" route="routetop" type="cfm-slow" waiting="0.00" lane="top_0" pos="8.15" speed="23.73" angle="259.75" x="46.23" y="130.01"/>
        <vehicle id="cfm-slow_2" eclass="HBEFA3/PC_G_EU4" CO2="18516.56" CO="313.27" HC="1.89" NOx="8.06" PMx="0.44" fuel="7.96" electricity="0.00" noise="77.35" route="routetop" type="cfm-slow" waiting="0.00" lane="top_0" pos="27.19" speed="25.59" angle="225.58" x="11.95" y="108.73"/>
        <vehicle id="cfm-slow_3" eclass="HBEFA3/PC_G_EU4" CO2="16935.92" CO="289.64" HC="1.74" NOx="7.27" PMx="0.41" fuel="7.28" electricity="0.00" noise="76.75" route="routetop" type="cfm-slow" waiting="0.00" lane="top_0" pos="48.13" speed="27.56" angle="187.92" x="-4.81" y="67.78"/>
        <vehicle id="cfm-slow_4" eclass="HBEFA3/PC_G_EU4" CO2="10813.56" CO="172.32" HC="1.06" NOx="4.35" PMx="0.25" fuel="4.65" electricity="0.00" noise="74.78" route="routetop" type="cfm-slow" waiting="0.00" lane="left_0" pos="21.04" speed="29.02" angle="146.58" x="9.53" y="21.54"/>
        <vehicle id="cfm-slow_5" eclass="HBEFA3/PC_G_EU4" CO2="0.00" CO="0.00" HC="0.00" NOx="0.00" PMx="0.00" fuel="0.00" electricity="0.00" noise="73.20" route="routetop" type="cfm-slow" waiting="0.00" lane="left_0" pos="45.37" speed="29.49" angle="102.93" x="53.64" y="-4.21"/>
    </timestep>
    <timestep time="5.38">
        <vehicle id="cfm-fast_0" eclass="HBEFA3/PC_G_EU4" CO2="0.00" CO="0.00" HC="0.00" NOx="0.00" PMx="0.00" fuel="0.00" electricity="0.00" noise="72.18" route="routebottom" type="cfm-fast" waiting="0.00" lane="bottom_0" pos="20.35" speed="28.91" angle="57.80" x="104.61" y="8.61"/>
        <vehicle id="cfm-fast_1" eclass="HBEFA3/PC_G_EU4" CO2="192322.83" CO="4863.93" HC="27.04" NOx="89.29" PMx="5.42" fuel="82.67" electricity="0.00" noise="127.41" route="routetop" type="cfm-fast" waiting="0.00" lane="top_1" pos="6.31" speed="69.60" angle="263.14" x="50.77" y="127.69"/>
        <vehicle id="cfm-fast_2" eclass="HBEFA3/PC_G_EU4" CO2="0.00" CO="0.00" HC="0.00" NOx="0.00" PMx="0.00" fuel="0.00" electricity="0.00" noise="71.19" route="routebottom" type="cfm-fast" waiting="0.00" lane="bottom_0" pos="40.66" speed="27.26" angle="21.32" x="129.32" y="43.76"/>
        <vehicle id="cfm-fast_3" eclass="HBEFA3/PC_G_EU4" CO2="0.00" CO="0.00" HC="0.00" NOx="0.00" PMx="0.00" fuel="0.00" electricity="0.00" noise="70.13" route="routebottom" type="cfm-fast" waiting="0.00" lane="right_0" pos="9.07" speed="25.55" angle="348.12" x="129.49" y="83.01"/>
        <vehicle id="cfm-fast_4" eclass="HBEFA3/PC_G_EU4" CO2="0.00" CO="0.00" HC="0.00" NOx="0.00" PMx="0.00" fuel="0.00" electricity="0.00" noise="69.75" route="routebottom" type="cfm-fast" waiting="0.00" lane="right_0" pos="25.67" speed="23.59" angle="318.31" x="111.15" y="113.18"/>
        <vehicle id="cfm-fast_5" eclass="HBEFA3/PC_G_EU4" CO2="296130.62" CO="7159.62" HC="40.09" NOx="138.22" PMx="8.19" fuel="127.29" electricity="0.00" noise="150.26" route="routetop" type="cfm-fast" waiting="0.00" lane="left_1" pos="22.88" speed="73.36" angle="143.25" x="14.52" y="20.66"/>
        <vehicle id="cfm-slow_0" eclass="HBEFA3/PC_G_EU4" CO2="12344.60" CO="178.56" HC="1.12" NOx="5.22" PMx="0.28" fuel="5.31" electricity="0.00" noise="73.62" route="routebottom" type="cfm-slow" waiting="0.00" lane="right_0" pos="40.77" speed="22.36" angle="291.12" x="83.33" y="129.39"/>
        <vehicle id="cfm-slow_1" eclass="HBEFA3/PC_G_EU4" CO2="16157.84" CO="259.29" HC="1.58" NOx="6.99" PMx="0.38" fuel="6.95" electricity="0.00" noise="75.94" route="routetop" type="cfm-slow" waiting="0.00" lane="top_0" pos="8.39" speed="23.75" angle="259.31" x="45.74" y="129.88"/>
        <vehicle id="cfm-slow_2" eclass="HBEFA3/PC_G_EU4" CO2="18497.96" CO="312.96" HC="1.89" NOx="8.05" PMx="0.44" fuel="7.95" electricity="0.00" noise="77.34" route="routetop" type="cfm-slow" waiting="0.00" lane="top_0" pos="27.44" speed="25.62" angle="225.10" x="11.59" y="108.31"/>
        <vehicle id="cfm-slow_3" eclass="HBEFA3/PC_G_EU4" CO2="16872.81" CO="288.43" HC="1.74" NOx="7.24" PMx="0.41" fuel="7.25" electricity="0.00" noise="76.73" route="routetop" type="cfm-slow" waiting="0.00" lane="top_0" pos="48.40" speed="27.58" angle="187.39" x="-4.85" y="67.19"/>
        <vehicle id="cfm-slow_4" eclass="HBEFA3/PC_G_EU4" CO2="10729.78" CO="170.64" HC="1.05" NOx="4.31" PMx="0.25" fuel="4.61" electricity="0.00" noise="74.75" route="routetop" type="cfm-slow" waiting="0.00" lane="left_0" pos="21.33" speed="29.03" angle="146.05" x="9.91" y="21.04"/>
        <vehicle id="cfm-slow_5" eclass="HBEFA3/PC_G_EU4" CO2="0.00" CO="0.00" HC="0.00" NOx="0.00" PMx="0.00" fuel="0.00" electricity="0.00" noise="73.18" route="routetop" type="cfm-slow" waiting="0.00" lane="left_0" pos="45.66" speed="29.48" angle="102.38" x="54.26" y="-4.29"/>
    </timestep>
    <timestep time="5.39">
        <vehicle id="cfm-fast_0" eclass="HBEFA3/PC_G_EU4" CO2="0.00" CO="0.00" HC="0.00" NOx="0.00" PMx="0.00" fuel="0.00" electricity="0.00" noise="72.17" route="routebottom" type="cfm-fast" waiting="0.00" lane="bottom_0" pos="20.64" speed="28.90" angle="57.34" x="105.10" y="8.99"/>
        <vehicle id="cfm-fast_1" eclass="HBEFA3/PC_G_EU4" CO2="192560.99" CO="4872.42" HC="27.08" NOx="89.40" PMx="5.42" fuel="82.77" electricity="0.00" noise="127.44" route="routetop" type="cfm-fast" waiting="0.00" lane="top_1" pos="7.01" speed="69.68" angle="261.84" x="49.38" y="127.38"/>
        <vehicle id="cfm-fast_2" eclass="HBEFA3/PC_G_EU4" CO2="0.00" CO="0.00" HC="0.00" NOx="0.00" PMx="0.00" fuel="0.00" electricity="0.00" noise="71.18" route="routebottom" type="cfm-fast" waiting="0.00" lane="bottom_0" pos="40.93" speed="27.25" angle="20.81" x="129.49" y="44.32"/>
        <vehicle id="cfm-fast_3" eclass="HBEFA3/PC_G_EU4" CO2="0.00" CO="0.00" HC="0.00" NOx="0.00" PMx="0.00" fuel="0.00" electricity="0.00" noise="70.13" route="routebottom" type="cfm-fast" waiting="0.00" lane="right_0" pos="9.33" speed="25.53" angle="347.66" x="129.32" y="83.54"/>
        <vehicle id="cfm-fast_4" eclass="HBEFA3/PC_G_EU4" CO2="0.00" CO="0.00" HC="0.00" NOx="0.00" PMx="0.00" fuel="0.00" electricity="0.00" noise="69.76" route="routebottom" type="cfm-fast" waiting="0.00" lane="right_0" pos="25.90" speed="23.58" angle="317.88" x="110.77" y="113.52"/>
        <vehicle id="cfm-fast_5" eclass="HBEFA3/PC_G_EU4" CO2="296754.85" CO="7178.42" HC="40.19" NOx="138.52" PMx="8.21" fuel="127.56" electricity="0.00" noise="150.32" route="routetop" type="cfm-fast" waiting="0.00" lane="left_1" pos="23.62" speed="73.50" angle="141.99" x="15.53" y="19.54"/>
        <vehicle id="cfm-slow_0" eclass="HBEFA3/PC_G_EU4" CO2="12373.69" CO="179.18" HC="1.12" NOx="5.24" PMx="0.28" fuel="5.32" electricity="0.00" noise="73.64" route="routebottom" type="cfm-slow" waiting="0.00" lane="right_0" pos="41.00" speed="22.38" angle="290.73" x="82.87" y="129.53"/>
        <vehicle id="cfm-slow_1" eclass="HBEFA3/PC_G_EU4" CO2="16174.38" CO="259.67" HC="1.58" NOx="7.00" PMx="0.38" fuel="6.95" electricity="0.00" noise="75.95" route="routetop" type="cfm-slow" waiting="0.00" lane="top_0" pos="8.62" speed="23.77" angle="258.88" x="45.24" y="129.75"/>
        <vehicle id="cfm-slow_2" eclass="HBEFA3/PC_G_EU4" CO2="18479.00" CO="312.65" HC="1.88" NOx="8.04" PMx="0.44" fuel="7.94" electricity="0.00" noise="77.33" route="routetop" type="cfm-slow" waiting="0.00" lane="top_0" pos="27.70" speed="25.64" angle="224.62" x="11.23" y="107.89"/>
        <vehicle id="cfm-slow_3" eclass="HBEFA3/PC_G_EU4" CO2="16809.52" CO="287.22" HC="1.73" NOx="7.21" PMx="0.40" fuel="7.23" electricity="0.00" noise="76.70" route="routetop" type="cfm-slow" waiting="0.00" lane="top_0" pos="48.68" speed="27.59" angle="186.89" x="-4.88" y="66.60"/>
        <vehicle id="cfm-slow_4" eclass="HBEFA3/PC_G_EU4" CO2="10646.13" CO="168.96" HC="1.04" NOx="4.27" PMx="0.25" fuel="4.58" electricity="0.00" noise="74.73" route="routetop" type="cfm-slow" waiting="0.00" lane="left_0" pos="21.62" speed="29.04" angle="145.52" x="10.30" y="20.55"/>
        <vehicle id="cfm-slow_5" eclass="HBEFA3/PC_G_EU4" CO2="0.00" CO="0.00" HC="0.00" NOx="0.00" PMx="0.00" fuel="0.00" electricity="0.00" noise="73.17" route="routetop" type="cfm-slow" waiting="0.00" lane="left_0" pos="45.96" speed="29.48" angle="101.84" x="54.89" y="-4.38"/>
    </timestep>
    <timestep time="5.40">
        <vehicle id="cfm-fast_0" eclass="HBEFA3/PC_G_EU4" CO2="0.00" CO="0.00" HC="0.00" NOx="0.00" PMx="0.00" fuel="0.00" electricity="0.00" noise="72.16" route="routebottom" type="cfm-fast" waiting="0.00" lane="bottom_0" pos="20.92" speed="28.88" angle="56.81" x="105.59" y="9.37"/>
        <vehicle id="cfm-fast_1" eclass="HBEFA3/PC_G_EU4" CO2="192807.91" CO="4881.10" HC="27.13" NOx="89.51" PMx="5.43" fuel="82.88" electricity="0.00" noise="127.48" route="routetop" type="cfm-fast" waiting="0.00" lane="top_1" pos="7.71" speed="69.77" angle="260.56" x="47.98" y="127.06"/>
        <vehicle id="cfm-fast_2" eclass="HBEFA3/PC_G_EU4" CO2="0.00" CO="0.00" HC="0.00" NOx="0.00" PMx="0.00" fuel="0.00" electricity="0.00" noise="71.17" route="routebottom" type="cfm-fast" waiting="0.00" lane="bottom_0" pos="41.20" speed="27.23" angle="20.37" x="129.65" y="44.89"/>
        <vehicle id="cfm-fast_3" eclass="HBEFA3/PC_G_EU4" CO2="0.00" CO="0.00" HC="0.00" NOx="0.00" PMx="0.00" fuel="0.00" electricity="0.00" noise="70.12" route="routebottom" type="cfm-fast" waiting="0.00" lane="right_0" pos="9.58" speed="25.51" angle="347.20" x="129.16" y="84.06"/>
        <vehicle id="cfm-fast_4" eclass="HBEFA3/PC_G_EU4" CO2="0.00" CO="0.00" HC="0.00" NOx="0.00" PMx="0.00" fuel="0.00" electricity="0.00" noise="69.78" route="routebottom" type="cfm-fast" waiting="0.00" lane="right_0" pos="26.14" speed="23.58" angle="317.45" x="110.40" y="113.87"/>
        <vehicle id="cfm-fast_5" eclass="HBEFA3/PC_G_EU4" CO2="297379.37" CO="7197.26" HC="40.29" NOx="138.81" PMx="8.23" fuel="127.83" electricity="0.00" noise="150.39" route="routetop" type="cfm-fast" waiting="0.00" lane="left_1" pos="24.35" speed="73.64" angle="140.71" x="16.55" y="18.43"/>
        <vehicle id="cfm-slow_0" eclass="HBEFA3/PC_G_EU4" CO2="12402.74" CO="179.79" HC="1.12" NOx="5.25" PMx="0.28" fuel="5.33" electricity="0.00" noise="73.65" route="routebottom" type="cfm-slow" waiting="0.00" lane="right_0" pos="41.22" speed="22.39" angle="290.35" x="82.41" y="129.66"/>
        <vehicle id="cfm-slow_1" eclass="HBEFA3/PC_G_EU4" CO2="16190.67" CO="260.05" HC="1.59" NOx="7.00" PMx="0.38" fuel="6.96" electricity="0.00" noise="75.96" route="routetop" type="cfm-slow" waiting="0.00" lane="top_0" pos="8.86" speed="23.79" angle="258.47" x="44.75" y="129.62"/>
        <vehicle id="cfm-slow_2" eclass="HBEFA3/PC_G_EU4" CO2="18459.69" CO="312.33" HC="1.88" NOx="8.03" PMx="0.44" fuel="7.93" electricity="0.00" noise="77.32" route="routetop" type="cfm-slow" waiting="0.00" lane="top_0" pos="27.96" speed="25.66" angle="224.14" x="10.87" y="107.47"/>
        <vehicle id="cfm-slow_3" eclass="HBEFA3/PC_G_EU4" CO2="16746.07" CO="286.00" HC="1.72" NOx="7.18" PMx="0.40" fuel="7.20" electricity="0.00" noise="76.67" route="routetop" type="cfm-slow" waiting="0.00" lane="top_0" pos="48.96" speed="27.61" angle="186.42" x="-4.90" y="66.00"/>
        <vehicle id="cfm-slow_4" eclass="HBEFA3/PC_G_EU4" CO2="10562.62" CO="167.28" HC="1.03" NOx="4.23" PMx="0.25" fuel="4.54" electricity="0.00" noise="74.71" route="routetop" type="cfm-slow" waiting="0.00" lane="left_0" pos="21.91" speed="29.04" angle="145.03" x="10.69" y="20.07"/>
        <vehicle id="cfm-slow_5" eclass="HBEFA3/PC_G_EU4" CO2="0.00" CO="0.00" HC="0.00" NOx="0.00" PMx="0.00" fuel="0.00" electricity="0.00" noise="73.16" route="routetop" type="cfm-slow" waiting="0.00" lane="left_0" pos="46.25" speed="29.48" angle="101.35" x="55.52" y="-4.46"/>
    </timestep>
    <timestep time="5.41">
        <vehicle id="cfm-fast_0" eclass="HBEFA3/PC_G_EU4" CO2="0.00" CO="0.00" HC="0.00" NOx="0.00" PMx="0.00" fuel="0.00" electricity="0.00" noise="72.15" route="routebottom" type="cfm-fast" waiting="0.00" lane="bottom_0" pos="21.21" speed="28.87" angle="56.29" x="106.08" y="9.75"/>
        <vehicle id="cfm-fast_1" eclass="HBEFA3/PC_G_EU4" CO2="193063.49" CO="4889.96" HC="27.18" NOx="89.63" PMx="5.44" fuel="82.99" electricity="0.00" noise="127.51" route="routetop" type="cfm-fast" waiting="0.00" lane="top_1" pos="8.41" speed="69.86" angle="259.32" x="46.60" y="126.69"/>
        <vehicle id="cfm-fast_2" eclass="HBEFA3/PC_G_EU4" CO2="0.00" CO="0.00" HC="0.00" NOx="0.00" PMx="0.00" fuel="0.00" electricity="0.00" noise="71.16" route="routebottom" type="cfm-fast" waiting="0.00" lane="bottom_0" pos="41.48" speed="27.22" angle="19.87" x="129.80" y="45.45"/>
        <vehicle id="cfm-fast_3" eclass="HBEFA3/PC_G_EU4" CO2="0.00" CO="0.00" HC="0.00" NOx="0.00" PMx="0.00" fuel="0.00" electricity="0.00" noise="70.11" route="routebottom" type="cfm-fast" waiting="0.00" lane="right_0" pos="9.84" speed="25.50" angle="346.74" x="129.00" y="84.58"/>
        <vehicle id="cfm-fast_4" eclass="HBEFA3/PC_G_EU4" CO2="0.00" CO="0.00" HC="0.00" NOx="0.00" PMx="0.00" fuel="0.00" electricity="0.00" noise="69.79" route="routebottom" type="cfm-fast" waiting="0.00" lane="right_0" pos="26.38" speed="23.57" angle="317.02" x="110.03" y="114.21"/>
        <vehicle id="cfm-fast_5" eclass="HBEFA3/PC_G_EU4" CO2="298004.18" CO="7216.11" HC="40.39" NOx="139.10" PMx="8.25" fuel="128.10" electricity="0.00" noise="150.45" route="routetop" type="cfm-fast" waiting="0.00" lane="left_1" pos="25.09" speed="73.77" angle="139.34" x="17.62" y="17.36"/>
        <vehicle id="cfm-slow_0" eclass="HBEFA3/PC_G_EU4" CO2="12431.74" CO="180.40" HC="1.13" NOx="5.26" PMx="0.28" fuel="5.34" electricity="0.00" noise="73.67" route="routebottom" type="cfm-slow" waiting="0.00" lane="right_0" pos="41.44" speed="22.41" angle="289.94" x="81.94" y="129.78"/>
        <vehicle id="cfm-slow_1" eclass="HBEFA3/PC_G_EU4" CO2="16206.71" CO="260.42" HC="1.59" NOx="7.01" PMx="0.38" fuel="6.97" electricity="0.00" noise="75.97" route="routetop" type="cfm-slow" waiting="0.00" lane="top_0" pos="9.10" speed="23.81" angle="258.07" x="44.26" y="129.47"/>
        <vehicle id="cfm-slow_2" eclass="HBEFA3/PC_G_EU4" CO2="18440.03" CO="312.00" HC="1.88" NOx="8.02" PMx="0.44" fuel="7.93" electricity="0.00" noise="77.31" route="routetop" type="cfm-slow" waiting="0.00" lane="top_0" pos="28.21" speed="25.68" angle="223.74" x="10.51" y="107.05"/>
        <vehicle id="cfm-slow_3" eclass="HBEFA3/PC_G_EU4" CO2="16682.45" CO="284.77" HC="1.71" NOx="7.15" PMx="0.40" fuel="7.17" electricity="0.00" noise="76.65" route="routetop" type="cfm-slow" waiting="0.00" lane="top_0" pos="49.23" speed="27.63" angle="185.91" x="-4.91" y="65.41"/>
        <vehicle id="cfm-slow_4" eclass="HBEFA3/PC_G_EU4" CO2="10479.24" CO="165.61" HC="1.02" NOx="4.19" PMx="0.24" fuel="4.50" electricity="0.00" noise="74.68" route="routetop" type="cfm-slow" waiting="0.00" lane="left_0" pos="22.20" speed="29.05" angle="144.49" x="11.10" y="19.59"/>
        <vehicle id="cfm-slow_5" eclass="HBEFA3/PC_G_EU4" CO2="0.00" CO="0.00" HC="0.00" NOx="0.00" PMx="0.00" fuel="0.00" electricity="0.00" noise="73.15" route="routetop" type="cfm-slow" waiting="0.00" lane="left_0" pos="46.55" speed="29.47" angle="100.81" x="56.15" y="-4.53"/>
    </timestep>
    <timestep time="5.42">
        <vehicle id="cfm-fast_0" eclass="HBEFA3/PC_G_EU4" CO2="0.00" CO="0.00" HC="0.00" NOx="0.00" PMx="0.00" fuel="0.00" electricity="0.00" noise="72.14" route="routebottom" type="cfm-fast" waiting="0.00" lane="bottom_0" pos="21.50" speed="28.86" angle="55.76" x="106.57" y="10.14"/>
        <vehicle id="cfm-fast_1" eclass="HBEFA3/PC_G_EU4" CO2="193327.61" CO="4899.00" HC="27.22" NOx="89.76" PMx="5.45" fuel="83.10" electricity="0.00" noise="127.55" route="routetop" type="cfm-fast" waiting="0.00" lane="top_1" pos="9.11" speed="69.95" angle="258.13" x="45.21" y="126.31"/>
        <vehicle id="cfm-fast_2" eclass="HBEFA3/PC_G_EU4" CO2="0.00" CO="0.00" HC="0.00" NOx="0.00" PMx="0.00" fuel="0.00" electricity="0.00" noise="71.15" route="routebottom" type="cfm-fast" waiting="0.00" lane="bottom_0" pos="41.75" speed="27.20" angle="19.38" x="129.95" y="46.02"/>
        <vehicle id="cfm-fast_3" eclass="HBEFA3/PC_G_EU4" CO2="0.00" CO="0.00" HC="0.00" NOx="0.00" PMx="0.00" fuel="0.00" electricity="0.00" noise="70.11" route="routebottom" type="cfm-fast" waiting="0.00" lane="right_0" pos="10.09" speed="25.48" angle="346.28" x="128.84" y="85.11"/>
        <vehicle id="cfm-fast_4" eclass="HBEFA3/PC_G_EU4" CO2="0.00" CO="0.00" HC="0.00" NOx="0.00" PMx="0.00" fuel="0.00" electricity="0.00" noise="69.80" route="routebottom" type="cfm-fast" waiting="0.00" lane="right_0" pos="26.61" speed="23.56" angle="316.59" x="109.66" y="114.56"/>
        <vehicle id="cfm-fast_5" eclass="HBEFA3/PC_G_EU4" CO2="298629.29" CO="7234.98" HC="40.49" NOx="139.40" PMx="8.27" fuel="128.37" electricity="0.00" noise="150.52" route="routetop" type="cfm-fast" waiting="0.00" lane="left_1" pos="25.83" speed="73.91" angle="138.03" x="18.70" y="16.30"/>
        <vehicle id="cfm-slow_0" eclass="HBEFA3/PC_G_EU4" CO2="12460.68" CO="181.01" HC="1.13" NOx="5.28" PMx="0.28" fuel="5.36" electricity="0.00" noise="73.69" route="routebottom" type="cfm-slow" waiting="0.00" lane="right_0" pos="41.67" speed="22.42" angle="289.54" x="81.48" y="129.91"/>
        <vehicle id="cfm-slow_1" eclass="HBEFA3/PC_G_EU4" CO2="16222.49" CO="260.79" HC="1.59" NOx="7.02" PMx="0.38" fuel="6.97" electricity="0.00" noise="75.98" route="routetop" type="cfm-slow" waiting="0.00" lane="top_0" pos="9.34" speed="23.83" angle="257.64" x="43.77" y="129.32"/>
        <vehicle id="cfm-slow_2" eclass="HBEFA3/PC_G_EU4" CO2="18420.01" CO="311.67" HC="1.88" NOx="8.01" PMx="0.44" fuel="7.92" electricity="0.00" noise="77.30" route="routetop" type="cfm-slow" waiting="0.00" lane="top_0" pos="28.47" speed="25.70" angle="223.27" x="10.17" y="106.62"/>
        <vehicle id="cfm-slow_3" eclass="HBEFA3/PC_G_EU4" CO2="16618.66" CO="283.55" HC="1.71" NOx="7.12" PMx="0.40" fuel="7.14" electricity="0.00" noise="76.62" route="routetop" type="cfm-slow" waiting="0.00" lane="top_0" pos="49.51" speed="27.64" angle="185.41" x="-4.93" y="64.82"/>
        <vehicle id="cfm-slow_4" eclass="HBEFA3/PC_G_EU4" CO2="10395.99" CO="163.94" HC="1.01" NOx="4.15" PMx="0.24" fuel="4.47" electricity="0.00" noise="74.66" route="routetop" type="cfm-slow" waiting="0.00" lane="left_0" pos="22.49" speed="29.06" angle="143.95" x="11.50" y="19.11"/>
        <vehicle id="cfm-slow_5" eclass="HBEFA3/PC_G_EU4" CO2="0.00" CO="0.00" HC="0.00" NOx="0.00" PMx="0.00" fuel="0.00" electricity="0.00" noise="73.13" route="routetop" type="cfm-slow" waiting="0.00" lane="left_0" pos="46.84" speed="29.47" angle="100.27" x="56.78" y="-4.59"/>
    </timestep>
    <timestep time="5.43">
        <vehicle id="cfm-fast_0" eclass="HBEFA3/PC_G_EU4" CO2="0.00" CO="0.00" HC="0.00" NOx="0.00" PMx="0.00" fuel="0.00" electricity="0.00" noise="72.13" route="routebottom" type="cfm-fast" waiting="0.00" lane="bottom_0" pos="21.79" speed="28.85" angle="55.29" x="107.06" y="10.52"/>
        <vehicle id="cfm-fast_1" eclass="HBEFA3/PC_G_EU4" CO2="193600.17" CO="4908.23" HC="27.27" NOx="89.89" PMx="5.46" fuel="83.22" electricity="0.00" noise="127.59" route="routetop" type="cfm-fast" waiting="0.00" lane="top_1" pos="9.81" speed="70.04" angle="256.84" x="43.84" y="125.89"/>
        <vehicle id="cfm-fast_2" eclass="HBEFA3/PC_G_EU4" CO2="0.00" CO="0.00" HC="0.00" NOx="0.00" PMx="0.00" fuel="0.00" electricity="0.00" noise="71.14" route="routebottom" type="cfm-fast" waiting="0.00" lane="bottom_0" pos="42.02" speed="27.19" angle="18.88" x="130.10" y="46.58"/>
        <vehicle id="cfm-fast_3" eclass="HBEFA3/PC_G_EU4" CO2="0.00" CO="0.00" HC="0.00" NOx="0.00" PMx="0.00" fuel="0.00" electricity="0.00" noise="70.10" route="routebottom" type="cfm-fast" waiting="0.00" lane="right_0" pos="10.35" speed="25.46" angle="345.88" x="128.67" y="85.63"/>
        <vehicle id="cfm-fast_4" eclass="HBEFA3/PC_G_EU4" CO2="0.00" CO="0.00" HC="0.00" NOx="0.00" PMx="0.00" fuel="0.00" electricity="0.00" noise="69.81" route="routebottom" type="cfm-fast" waiting="0.00" lane="right_0" pos="26.85" speed="23.56" angle="316.19" x="109.29" y="114.90"/>
        <vehicle id="cfm-fast_5" eclass="HBEFA3/PC_G_EU4" CO2="299254.68" CO="7253.88" HC="40.60" NOx="139.69" PMx="8.29" fuel="128.63" electricity="0.00" noise="150.59" route="routetop" type="cfm-fast" waiting="0.00" lane="left_1" pos="26.57" speed="74.05" angle="136.66" x="19.82" y="15.27"/>
        <vehicle id="cfm-slow_0" eclass="HBEFA3/PC_G_EU4" CO2="12489.58" CO="181.62" HC="1.14" NOx="5.29" PMx="0.28" fuel="5.37" electricity="0.00" noise="73.71" route="routebottom" type="cfm-slow" waiting="0.00" lane="right_0" pos="41.89" speed="22.44" angle="289.13" x="81.01" y="130.03"/>
        <vehicle id="cfm-slow_1" eclass="HBEFA3/PC_G_EU4" CO2="16238.01" CO="261.16" HC="1.59" NOx="7.02" PMx="0.38" fuel="6.98" electricity="0.00" noise="75.99" route="routetop" type="cfm-slow" waiting="0.00" lane="top_0" pos="9.58" speed="23.85" angle="257.21" x="43.28" y="129.17"/>
        <vehicle id="cfm-slow_2" eclass="HBEFA3/PC_G_EU4" CO2="18399.64" CO="311.33" HC="1.88" NOx="8.00" PMx="0.44" fuel="7.91" electricity="0.00" noise="77.29" route="routetop" type="cfm-slow" waiting="0.00" lane="top_0" pos="28.73" speed="25.72" angle="222.80" x="9.83" y="106.18"/>
        <vehicle id="cfm-slow_3" eclass="HBEFA3/PC_G_EU4" CO2="16554.71" CO="282.32" HC="1.70" NOx="7.09" PMx="0.40" fuel="7.12" electricity="0.00" noise="76.60" route="routetop" type="cfm-slow" waiting="0.00" lane="top_0" pos="49.79" speed="27.66" angle="184.91" x="-4.94" y="64.22"/>
        <vehicle id="cfm-slow_4" eclass="HBEFA3/PC_G_EU4" CO2="10312.88" CO="162.27" HC="1.00" NOx="4.11" PMx="0.24" fuel="4.43" electricity="0.00" noise="74.64" route="routetop" type="cfm-slow" waiting="0.00" lane="left_0" pos="22.79" speed="29.06" angle="143.41" x="11.90" y="18.64"/>
        <vehicle id="cfm-slow_5" eclass="HBEFA3/PC_G_EU4" CO2="0.00" CO="0.00" HC="0.00" NOx="0.00" PMx="0.00" fuel="0.00" electricity="0.00" noise="73.12" route="routetop" type="cfm-slow" waiting="0.00" lane="left_0" pos="47.13" speed="29.47" angle="99.73" x="57.41" y="-4.66"/>
    </timestep>
    <timestep time="5.44">
        <vehicle id="cfm-fast_0" eclass="HBEFA3/PC_G_EU4" CO2="0.00" CO="0.00" HC="0.00" NOx="0.00" PMx="0.00" fuel="0.00" electricity="0.00" noise="72.12" route="routebottom" type="cfm-fast" waiting="0.00" lane="bottom_0" pos="22.08" speed="28.84" angle="54.75" x="107.53" y="10.92"/>
        <vehicle id="cfm-fast_1" eclass="HBEFA3/PC_G_EU4" CO2="193881.06" CO="4917.63" HC="27.32" NOx="90.02" PMx="5.47" fuel="83.34" electricity="0.00" noise="127.63" route="routetop" type="cfm-fast" waiting="0.00" lane="top_1" pos="10.51" speed="70.13" angle="255.59" x="42.48" y="125.44"/>
        <vehicle id="cfm-fast_2" eclass="HBEFA3/PC_G_EU4" CO2="0.00" CO="0.00" HC="0.00" NOx="0.00" PMx="0.00" fuel="0.00" electricity="0.00" noise="71.13" route="routebottom" type="cfm-fast" waiting="0.00" lane="bottom_0" pos="42.29" speed="27.18" angle="18.42" x="130.26" y="47.15"/>
        <vehicle id="cfm-fast_3" eclass="HBEFA3/PC_G_EU4" CO2="0.00" CO="0.00" HC="0.00" NOx="0.00" PMx="0.00" fuel="0.00" electricity="0.00" noise="70.10" route="routebottom" type="cfm-fast" waiting="0.00" lane="right_0" pos="10.60" speed="25.45" angle="345.39" x="128.48" y="86.14"/>
        <vehicle id="cfm-fast_4" eclass="HBEFA3/PC_G_EU4" CO2="0.00" CO="0.00" HC="0.00" NOx="0.00" PMx="0.00" fuel="0.00" electricity="0.00" noise="69.82" route="routebottom" type="cfm-fast" waiting="0.00" lane="right_0" pos="27.08" speed="23.55" angle="315.78" x="108.90" y="115.24"/>
        <vehicle id="cfm-fast_5" eclass="HBEFA3/PC_G_EU4" CO2="299880.37" CO="7272.79" HC="40.70" NOx="139.98" PMx="8.31" fuel="128.90" electricity="0.00" noise="150.65" route="routetop" type="cfm-fast" waiting="0.00" lane="left_1" pos="27.31" speed="74.18" angle="135.35" x="20.96" y="14.26"/>
        <vehicle id="cfm-slow_0" eclass="HBEFA3/PC_G_EU4" CO2="12518.41" CO="182.23" HC="1.14" NOx="5.30" PMx="0.28" fuel="5.38" electricity="0.00" noise="73.73" route="routebottom" type="cfm-slow" waiting="0.00" lane="right_0" pos="42.12" speed="22.45" angle="288.72" x="80.54" y="130.16"/>
        <vehicle id="cfm-slow_1" eclass="HBEFA3/PC_G_EU4" CO2="16253.28" CO="261.51" HC="1.59" NOx="7.03" PMx="0.38" fuel="6.99" electricity="0.00" noise="76.00" route="routetop" type="cfm-slow" waiting="0.00" lane="top_0" pos="9.82" speed="23.87" angle="256.77" x="42.79" y="129.02"/>
        <vehicle id="cfm-slow_2" eclass="HBEFA3/PC_G_EU4" CO2="18378.92" CO="310.98" HC="1.87" NOx="7.99" PMx="0.44" fuel="7.90" electricity="0.00" noise="77.28" route="routetop" type="cfm-slow" waiting="0.00" lane="top_0" pos="28.98" speed="25.74" angle="222.33" x="9.49" y="105.75"/>
        <vehicle id="cfm-slow_3" eclass="HBEFA3/PC_G_EU4" CO2="16490.59" CO="281.08" HC="1.69" NOx="7.06" PMx="0.40" fuel="7.09" electricity="0.00" noise="76.57" route="routetop" type="cfm-slow" waiting="0.00" lane="left_0" pos="0.06" speed="27.67" angle="184.37" x="-4.95" y="63.44"/>
        <vehicle id="cfm-slow_4" eclass="HBEFA3/PC_G_EU4" CO2="10229.91" CO="160.60" HC="0.99" NOx="4.07" PMx="0.24" fuel="4.40" electricity="0.00" noise="74.62" route="routetop" type="cfm-slow" waiting="0.00" lane="left_0" pos="23.08" speed="29.07" angle="142.94" x="12.31" y="18.16"/>
        <vehicle id="cfm-slow_5" eclass="HBEFA3/PC_G_EU4" CO2="0.00" CO="0.00" HC="0.00" NOx="0.00" PMx="0.00" fuel="0.00" electricity="0.00" noise="73.11" route="routetop" type="cfm-slow" waiting="0.00" lane="left_0" pos="47.43" speed="29.46" angle="99.23" x="58.04" y="-4.72"/>
    </timestep>
    <timestep time="5.45">
        <vehicle id="cfm-fast_0" eclass="HBEFA3/PC_G_EU4" CO2="0.00" CO="0.00" HC="0.00" NOx="0.00" PMx="0.00" fuel="0.00" electricity="0.00" noise="72.11" route="routebottom" type="cfm-fast" waiting="0.00" lane="bottom_0" pos="22.37" speed="28.83" angle="54.20" x="108.00" y="11.32"/>
        <vehicle id="cfm-fast_1" eclass="HBEFA3/PC_G_EU4" CO2="194170.18" CO="4927.20" HC="27.37" NOx="90.15" PMx="5.47" fuel="83.46" electricity="0.00" noise="127.67" route="routetop" type="cfm-fast" waiting="0.00" lane="top_1" pos="11.21" speed="70.22" angle="254.22" x="41.12" y="124.94"/>
        <vehicle id="cfm-fast_2" eclass="HBEFA3/PC_G_EU4" CO2="0.00" CO="0.00" HC="0.00" NOx="0.00" PMx="0.00" fuel="0.00" electricity="0.00" noise="71.12" route="routebottom" type="cfm-fast" waiting="0.00" lane="bottom_0" pos="42.56" speed="27.16" angle="17.95" x="130.39" y="47.72"/>
        <vehicle id="cfm-fast_3" eclass="HBEFA3/PC_G_EU4" CO2="0.00" CO="0.00" HC="0.00" NOx="0.00" PMx="0.00" fuel="0.00" electricity="0.00" noise="70.09" route="routebottom" type="cfm-fast" waiting="0.00" lane="right_0" pos="10.85" speed="25.43" angle="344.91" x="128.29" y="86.66"/>
        <vehicle id="cfm-fast_4" eclass="HBEFA3/PC_G_EU4" CO2="0.00" CO="0.00" HC="0.00" NOx="0.00" PMx="0.00" fuel="0.00" electricity="0.00" noise="69.83" route="routebottom" type="cfm-fast" waiting="0.00" lane="right_0" pos="27.32" speed="23.55" angle="315.34" x="108.52" y="115.56"/>
        <vehicle id="cfm-fast_5" eclass="HBEFA3/PC_G_EU4" CO2="300506.35" CO="7291.73" HC="40.80" NOx="140.28" PMx="8.32" fuel="129.17" electricity="0.00" noise="150.72" route="routetop" type="cfm-fast" waiting="0.00" lane="left_1" pos="28.06" speed="74.32" angle="133.98" x="22.12" y="13.27"/>
        <vehicle id="cfm-slow_0" eclass="HBEFA3/PC_G_EU4" CO2="12547.19" CO="182.84" HC="1.14" NOx="5.32" PMx="0.28" fuel="5.39" electricity="0.00" noise="73.75" route="routebottom" type="cfm-slow" waiting="0.00" lane="right_0" pos="42.34" speed="22.47" angle="288.37" x="80.08" y="130.28"/>
        <vehicle id="cfm-slow_1" eclass="HBEFA3/PC_G_EU4" CO2="16268.28" CO="261.87" HC="1.60" NOx="7.04" PMx="0.38" fuel="6.99" electricity="0.00" noise="76.01" route="routetop" type="cfm-slow" waiting="0.00" lane="top_0" pos="10.05" speed="23.89" angle="256.34" x="42.30" y="128.86"/>
        <vehicle id="cfm-slow_2" eclass="HBEFA3/PC_G_EU4" CO2="18357.84" CO="310.63" HC="1.87" NOx="7.98" PMx="0.44" fuel="7.89" electricity="0.00" noise="77.27" route="routetop" type="cfm-slow" waiting="0.00" lane="top_0" pos="29.24" speed="25.76" angle="221.86" x="9.15" y="105.31"/>
        <vehicle id="cfm-slow_3" eclass="HBEFA3/PC_G_EU4" CO2="16426.32" CO="279.85" HC="1.69" NOx="7.03" PMx="0.40" fuel="7.06" electricity="0.00" noise="76.54" route="routetop" type="cfm-slow" waiting="0.00" lane="left_0" pos="0.34" speed="27.69" angle="183.86" x="-4.93" y="62.84"/>
        <vehicle id="cfm-slow_4" eclass="HBEFA3/PC_G_EU4" CO2="10147.07" CO="158.94" HC="0.98" NOx="4.03" PMx="0.24" fuel="4.36" electricity="0.00" noise="74.59" route="routetop" type="cfm-slow" waiting="0.00" lane="left_0" pos="23.37" speed="29.08" angle="142.41" x="12.73" y="17.70"/>
        <vehicle id="cfm-slow_5" eclass="HBEFA3/PC_G_EU4" CO2="0.00" CO="0.00" HC="0.00" NOx="0.00" PMx="0.00" fuel="0.00" electricity="0.00" noise="73.09" route="routetop" type="cfm-slow" waiting="0.00" lane="left_0" pos="47.72" speed="29.46" angle="98.69" x="58.68" y="-4.76"/>
    </timestep>
    <timestep time="5.46">
        <vehicle id="cfm-fast_0" eclass="HBEFA3/PC_G_EU4" CO2="0.00" CO="0.00" HC="0.00" NOx="0.00" PMx="0.00" fuel="0.00" electricity="0.00" noise="72.10" route="routebottom" type="cfm-fast" waiting="0.00" lane="bottom_0" pos="22.66" speed="28.82" angle="53.65" x="108.48" y="11.73"/>
        <vehicle id="cfm-fast_1" eclass="HBEFA3/PC_G_EU4" CO2="194467.43" CO="4936.96" HC="27.43" NOx="90.29" PMx="5.48" fuel="83.59" electricity="0.00" noise="127.71" route="routetop" type="cfm-fast" waiting="0.00" lane="top_1" pos="11.91" speed="70.30" angle="253.00" x="39.78" y="124.43"/>
        <vehicle id="cfm-fast_2" eclass="HBEFA3/PC_G_EU4" CO2="0.00" CO="0.00" HC="0.00" NOx="0.00" PMx="0.00" fuel="0.00" electricity="0.00" noise="71.11" route="routebottom" type="cfm-fast" waiting="0.00" lane="bottom_0" pos="42.83" speed="27.15" angle="17.46" x="130.52" y="48.29"/>
        <vehicle id="cfm-fast_3" eclass="HBEFA3/PC_G_EU4" CO2="0.00" CO="0.00" HC="0.00" NOx="0.00" PMx="0.00" fuel="0.00" electricity="0.00" noise="70.08" route="routebottom" type="cfm-fast" waiting="0.00" lane="right_0" pos="11.11" speed="25.41" angle="344.42" x="128.11" y="87.17"/>
        <vehicle id="cfm-fast_4" eclass="HBEFA3/PC_G_EU4" CO2="0.00" CO="0.00" HC="0.00" NOx="0.00" PMx="0.00" fuel="0.00" electricity="0.00" noise="69.85" route="routebottom" type="cfm-fast" waiting="0.00" lane="right_0" pos="27.55" speed="23.54" angle="314.90" x="108.13" y="115.89"/>
        <vehicle id="cfm-fast_5" eclass="HBEFA3/PC_G_EU4" CO2="301132.62" CO="7310.69" HC="40.90" NOx="140.57" PMx="8.34" fuel="129.44" electricity="0.00" noise="150.78" route="routetop" type="cfm-fast" waiting="0.00" lane="left_1" pos="28.80" speed="74.45" angle="132.66" x="23.31" y="12.32"/>
        <vehicle id="cfm-slow_0" eclass="HBEFA3/PC_G_EU4" CO2="12575.91" CO="183.45" HC="1.15" NOx="5.33" PMx="0.28" fuel="5.41" electricity="0.00" noise="73.77" route="routebottom" type="cfm-slow" waiting="0.00" lane="right_0" pos="42.57" speed="22.48" angle="287.96" x="79.60" y="130.39"/>
        <vehicle id="cfm-slow_1" eclass="HBEFA3/PC_G_EU4" CO2="16283.03" CO="262.22" HC="1.60" NOx="7.04" PMx="0.38" fuel="7.00" electricity="0.00" noise="76.02" route="routetop" type="cfm-slow" waiting="0.00" lane="top_0" pos="10.29" speed="23.91" angle="255.97" x="41.81" y="128.71"/>
        <vehicle id="cfm-slow_2" eclass="HBEFA3/PC_G_EU4" CO2="18336.42" CO="310.27" HC="1.87" NOx="7.97" PMx="0.44" fuel="7.88" electricity="0.00" noise="77.26" route="routetop" type="cfm-slow" waiting="0.00" lane="top_0" pos="29.50" speed="25.78" angle="221.45" x="8.81" y="104.87"/>
        <vehicle id="cfm-slow_3" eclass="HBEFA3/PC_G_EU4" CO2="16361.89" CO="278.61" HC="1.68" NOx="7.00" PMx="0.39" fuel="7.03" electricity="0.00" noise="76.52" route="routetop" type="cfm-slow" waiting="0.00" lane="left_0" pos="0.62" speed="27.71" angle="183.36" x="-4.92" y="62.24"/>
        <vehicle id="cfm-slow_4" eclass="HBEFA3/PC_G_EU4" CO2="10064.38" CO="157.28" HC="0.97" NOx="4.00" PMx="0.23" fuel="4.33" electricity="0.00" noise="74.57" route="routetop" type="cfm-slow" waiting="0.00" lane="left_0" pos="23.66" speed="29.08" angle="141.89" x="13.16" y="17.24"/>
        <vehicle id="cfm-slow_5" eclass="HBEFA3/PC_G_EU4" CO2="0.00" CO="0.00" HC="0.00" NOx="0.00" PMx="0.00" fuel="0.00" electricity="0.00" noise="73.08" route="routetop" type="cfm-slow" waiting="0.00" lane="left_0" pos="48.02" speed="29.45" angle="98.12" x="59.31" y="-4.80"/>
    </timestep>
    <timestep time="5.47">
        <vehicle id="cfm-fast_0" eclass="HBEFA3/PC_G_EU4" CO2="0.00" CO="0.00" HC="0.00" NOx="0.00" PMx="0.00" fuel="0.00" electricity="0.00" noise="72.09" route="routebottom" type="cfm-fast" waiting="0.00" lane="bottom_0" pos="22.94" speed="28.80" angle="53.11" x="108.95" y="12.13"/>
        <vehicle id="cfm-fast_1" eclass="HBEFA3/PC_G_EU4" CO2="194772.70" CO="4946.88" HC="27.48" NOx="90.43" PMx="5.49" fuel="83.72" electricity="0.00" noise="127.76" route="routetop" type="cfm-fast" waiting="0.00" lane="top_1" pos="12.62" speed="70.39" angle="251.76" x="38.44" y="123.90"/>
        <vehicle id="cfm-fast_2" eclass="HBEFA3/PC_G_EU4" CO2="0.00" CO="0.00" HC="0.00" NOx="0.00" PMx="0.00" fuel="0.00" electricity="0.00" noise="71.10" route="routebottom" type="cfm-fast" waiting="0.00" lane="bottom_0" pos="43.11" speed="27.13" angle="16.97" x="130.65" y="48.86"/>
        <vehicle id="cfm-fast_3" eclass="HBEFA3/PC_G_EU4" CO2="0.00" CO="0.00" HC="0.00" NOx="0.00" PMx="0.00" fuel="0.00" electricity="0.00" noise="70.08" route="routebottom" type="cfm-fast" waiting="0.00" lane="right_0" pos="11.36" speed="25.40" angle="343.94" x="127.92" y="87.68"/>
        <vehicle id="cfm-fast_4" eclass="HBEFA3/PC_G_EU4" CO2="0.00" CO="0.00" HC="0.00" NOx="0.00" PMx="0.00" fuel="0.00" electricity="0.00" noise="69.86" route="routebottom" type="cfm-fast" waiting="0.00" lane="right_0" pos="27.79" speed="23.54" angle="314.46" x="107.75" y="116.22"/>
        <vehicle id="cfm-fast_5" eclass="HBEFA3/PC_G_EU4" CO2="301759.19" CO="7329.67" HC="41.01" NOx="140.86" PMx="8.36" fuel="129.71" electricity="0.00" noise="150.85" route="routetop" type="cfm-fast" waiting="0.00" lane="left_1" pos="29.55" speed="74.59" angle="131.34" x="24.52" y="11.38"/>
        <vehicle id="cfm-slow_0" eclass="HBEFA3/PC_G_EU4" CO2="12604.56" CO="184.06" HC="1.15" NOx="5.34" PMx="0.28" fuel="5.42" electricity="0.00" noise="73.78" route="routebottom" type="cfm-slow" waiting="0.00" lane="right_0" pos="42.79" speed="22.50" angle="287.55" x="79.13" y="130.50"/>
        <vehicle id="cfm-slow_1" eclass="HBEFA3/PC_G_EU4" CO2="16297.52" CO="262.56" HC="1.60" NOx="7.05" PMx="0.38" fuel="7.01" electricity="0.00" noise="76.03" route="routetop" type="cfm-slow" waiting="0.00" lane="top_0" pos="10.53" speed="23.93" angle="255.51" x="41.32" y="128.53"/>
        <vehicle id="cfm-slow_2" eclass="HBEFA3/PC_G_EU4" CO2="18314.65" CO="309.90" HC="1.87" NOx="7.96" PMx="0.44" fuel="7.87" electricity="0.00" noise="77.25" route="routetop" type="cfm-slow" waiting="0.00" lane="top_0" pos="29.76" speed="25.80" angle="220.97" x="8.48" y="104.42"/>
        <vehicle id="cfm-slow_3" eclass="HBEFA3/PC_G_EU4" CO2="16297.31" CO="277.36" HC="1.67" NOx="6.97" PMx="0.39" fuel="7.01" electricity="0.00" noise="76.49" route="routetop" type="cfm-slow" waiting="0.00" lane="left_0" pos="0.89" speed="27.72" angle="182.86" x="-4.91" y="61.65"/>
        <vehicle id="cfm-slow_4" eclass="HBEFA3/PC_G_EU4" CO2="9981.82" CO="155.62" HC="0.96" NOx="3.96" PMx="0.23" fuel="4.29" electricity="0.00" noise="74.55" route="routetop" type="cfm-slow" waiting="0.00" lane="left_0" pos="23.95" speed="29.09" angle="141.36" x="13.58" y="16.78"/>
        <vehicle id="cfm-slow_5" eclass="HBEFA3/PC_G_EU4" CO2="0.00" CO="0.00" HC="0.00" NOx="0.00" PMx="0.00" fuel="0.00" electricity="0.00" noise="73.07" route="routetop" type="cfm-slow" waiting="0.00" lane="left_0" pos="48.31" speed="29.45" angle="97.56" x="59.94" y="-4.83"/>
    </timestep>
    <timestep time="5.48">
        <vehicle id="cfm-fast_0" eclass="HBEFA3/PC_G_EU4" CO2="0.00" CO="0.00" HC="0.00" NOx="0.00" PMx="0.00" fuel="0.00" electricity="0.00" noise="72.08" route="routebottom" type="cfm-fast" waiting="0.00" lane="bottom_0" pos="23.23" speed="28.79" angle="52.65" x="109.41" y="12.54"/>
        <vehicle id="cfm-fast_1" eclass="HBEFA3/PC_G_EU4" CO2="195085.90" CO="4956.97" HC="27.53" NOx="90.58" PMx="5.50" fuel="83.86" electricity="0.00" noise="127.81" route="routetop" type="cfm-fast" waiting="0.00" lane="top_1" pos="13.32" speed="70.48" angle="250.51" x="37.11" y="123.32"/>
        <vehicle id="cfm-fast_2" eclass="HBEFA3/PC_G_EU4" CO2="0.00" CO="0.00" HC="0.00" NOx="0.00" PMx="0.00" fuel="0.00" electricity="0.00" noise="71.09" route="routebottom" type="cfm-fast" waiting="0.00" lane="bottom_0" pos="43.38" speed="27.12" angle="16.47" x="130.77" y="49.43"/>
        <vehicle id="cfm-fast_3" eclass="HBEFA3/PC_G_EU4" CO2="0.00" CO="0.00" HC="0.00" NOx="0.00" PMx="0.00" fuel="0.00" electricity="0.00" noise="70.07" route="routebottom" type="cfm-fast" waiting="0.00" lane="right_0" pos="11.62" speed="25.38" angle="343.53" x="127.73" y="88.19"/>
        <vehicle id="cfm-fast_4" eclass="HBEFA3/PC_G_EU4" CO2="0.00" CO="0.00" HC="0.00" NOx="0.00" PMx="0.00" fuel="0.00" electricity="0.00" noise="69.87" route="routebottom" type="cfm-fast" waiting="0.00" lane="right_0" pos="28.02" speed="23.53" angle="314.02" x="107.36" y="116.55"/>
        <vehicle id="cfm-fast_5" eclass="HBEFA3/PC_G_EU4" CO2="302386.04" CO="7348.68" HC="41.11" NOx="141.16" PMx="8.38" fuel="129.98" electricity="0.00" noise="150.92" route="routetop" type="cfm-fast" waiting="0.00" lane="left_1" pos="30.29" speed="74.73" angle="129.94" x="25.77" y="10.49"/>
        <vehicle id="cfm-slow_0" eclass="HBEFA3/PC_G_EU4" CO2="12633.15" CO="184.66" HC="1.15" NOx="5.35" PMx="0.28" fuel="5.43" electricity="0.00" noise="73.80" route="routebottom" type="cfm-slow" waiting="0.00" lane="right_0" pos="43.02" speed="22.51" angle="287.14" x="78.66" y="130.60"/>
        <vehicle id="cfm-slow_1" eclass="HBEFA3/PC_G_EU4" CO2="16311.74" CO="262.90" HC="1.60" NOx="7.06" PMx="0.38" fuel="7.01" electricity="0.00" noise="76.04" route="routetop" type="cfm-slow" waiting="0.00" lane="top_0" pos="10.77" speed="23.95" angle="255.06" x="40.84" y="128.36"/>
        <vehicle id="cfm-slow_2" eclass="HBEFA3/PC_G_EU4" CO2="18292.54" CO="309.52" HC="1.86" NOx="7.95" PMx="0.44" fuel="7.86" electricity="0.00" noise="77.24" route="routetop" type="cfm-slow" waiting="0.00" lane="top_0" pos="30.02" speed="25.82" angle="220.49" x="8.16" y="103.97"/>
        <vehicle id="cfm-slow_3" eclass="HBEFA3/PC_G_EU4" CO2="16232.58" CO="276.11" HC="1.66" NOx="6.94" PMx="0.39" fuel="6.98" electricity="0.00" noise="76.47" route="routetop" type="cfm-slow" waiting="0.00" lane="left_0" pos="1.17" speed="27.74" angle="182.36" x="-4.89" y="61.05"/>
        <vehicle id="cfm-slow_4" eclass="HBEFA3/PC_G_EU4" CO2="9899.40" CO="153.96" HC="0.95" NOx="3.92" PMx="0.23" fuel="4.26" electricity="0.00" noise="74.53" route="routetop" type="cfm-slow" waiting="0.00" lane="left_0" pos="24.24" speed="29.09" angle="140.84" x="14.01" y="16.32"/>
        <vehicle id="cfm-slow_5" eclass="HBEFA3/PC_G_EU4" CO2="0.00" CO="0.00" HC="0.00" NOx="0.00" PMx="0.00" fuel="0.00" electricity="0.00" noise="73.06" route="routetop" type="cfm-slow" waiting="0.00" lane="left_0" pos="48.61" speed="29.45" angle="96.99" x="60.57" y="-4.87"/>
    </timestep>
    <timestep time="5.49">
        <vehicle id="cfm-fast_0" eclass="HBEFA3/PC_G_EU4" CO2="0.00" CO="0.00" HC="0.00" NOx="0.00" PMx="0.00" fuel="0.00" electricity="0.00" noise="72.07" route="routebottom" type="cfm-fast" waiting="0.00" lane="bottom_0" pos="23.52" speed="28.78" angle="52.13" x="109.87" y="12.96"/>
        <vehicle id="cfm-fast_1" eclass="HBEFA3/PC_G_EU4" CO2="195406.93" CO="4967.23" HC="27.59" NOx="90.73" PMx="5.51" fuel="84.00" electricity="0.00" noise="127.86" route="routetop" type="cfm-fast" waiting="0.00" lane="top_1" pos="14.03" speed="70.57" angle="249.22" x="35.79" y="122.73"/>
        <vehicle id="cfm-fast_2" eclass="HBEFA3/PC_G_EU4" CO2="0.00" CO="0.00" HC="0.00" NOx="0.00" PMx="0.00" fuel="0.00" electricity="0.00" noise="71.08" route="routebottom" type="cfm-fast" waiting="0.00" lane="bottom_0" pos="43.65" speed="27.10" angle="16.03" x="130.90" y="50.00"/>
        <vehicle id="cfm-fast_3" eclass="HBEFA3/PC_G_EU4" CO2="0.00" CO="0.00" HC="0.00" NOx="0.00" PMx="0.00" fuel="0.00" electricity="0.00" noise="70.07" route="routebottom" type="cfm-fast" waiting="0.00" lane="right_0" pos="11.87" speed="25.36" angle="343.06" x="127.53" y="88.70"/>
        <vehicle id="cfm-fast_4" eclass="HBEFA3/PC_G_EU4" CO2="0.00" CO="0.00" HC="0.00" NOx="0.00" PMx="0.00" fuel="0.00" electricity="0.00" noise="69.89" route="routebottom" type="cfm-fast" waiting="0.00" lane="right_0" pos="28.26" speed="23.53" angle="313.65" x="106.97" y="116.87"/>
        <vehicle id="cfm-fast_5" eclass="HBEFA3/PC_G_EU4" CO2="303013.19" CO="7367.70" HC="41.21" NOx="141.45" PMx="8.40" fuel="130.25" electricity="0.00" noise="150.98" route="routetop" type="cfm-fast" waiting="0.00" lane="left_1" pos="31.04" speed="74.86" angle="128.63" x="27.02" y="9.61"/>
        <vehicle id="cfm-slow_0" eclass="HBEFA3/PC_G_EU4" CO2="12661.67" CO="185.27" HC="1.16" NOx="5.37" PMx="0.28" fuel="5.44" electricity="0.00" noise="73.82" route="routebottom" type="cfm-slow" waiting="0.00" lane="right_0" pos="43.24" speed="22.53" angle="286.73" x="78.19" y="130.71"/>
        <vehicle id="cfm-slow_1" eclass="HBEFA3/PC_G_EU4" CO2="16325.69" CO="263.23" HC="1.60" NOx="7.06" PMx="0.38" fuel="7.02" electricity="0.00" noise="76.05" route="routetop" type="cfm-slow" waiting="0.00" lane="top_0" pos="11.01" speed="23.97" angle="254.61" x="40.35" y="128.18"/>
        <vehicle id="cfm-slow_2" eclass="HBEFA3/PC_G_EU4" CO2="18270.07" CO="309.14" HC="1.86" NOx="7.94" PMx="0.44" fuel="7.85" electricity="0.00" noise="77.23" route="routetop" type="cfm-slow" waiting="0.00" lane="top_0" pos="30.27" speed="25.84" angle="220.01" x="7.83" y="103.52"/>
        <vehicle id="cfm-slow_3" eclass="HBEFA3/PC_G_EU4" CO2="16167.69" CO="274.86" HC="1.66" NOx="6.90" PMx="0.39" fuel="6.95" electricity="0.00" noise="76.44" route="routetop" type="cfm-slow" waiting="0.00" lane="left_0" pos="1.45" speed="27.75" angle="181.88" x="-4.86" y="60.45"/>
        <vehicle id="cfm-slow_4" eclass="HBEFA3/PC_G_EU4" CO2="9817.12" CO="152.30" HC="0.94" NOx="3.88" PMx="0.23" fuel="4.22" electricity="0.00" noise="74.51" route="routetop" type="cfm-slow" waiting="0.00" lane="left_0" pos="24.53" speed="29.10" angle="140.37" x="14.44" y="15.87"/>
        <vehicle id="cfm-slow_5" eclass="HBEFA3/PC_G_EU4" CO2="0.00" CO="0.00" HC="0.00" NOx="0.00" PMx="0.00" fuel="0.00" electricity="0.00" noise="73.04" route="routetop" type="cfm-slow" waiting="0.00" lane="left_0" pos="48.90" speed="29.44" angle="96.51" x="61.21" y="-4.90"/>
    </timestep>
    <timestep time="5.50">
        <vehicle id="cfm-fast_0" eclass="HBEFA3/PC_G_EU4" CO2="0.00" CO="0.00" HC="0.00" NOx="0.00" PMx="0.00" fuel="0.00" electricity="0.00" noise="72.06" route="routebottom" type="cfm-fast" waiting="0.00" lane="bottom_0" pos="23.81" speed="28.77" angle="51.61" x="110.32" y="13.38"/>
        <vehicle id="cfm-fast_1" eclass="HBEFA3/PC_G_EU4" CO2="195735.67" CO="4977.66" HC="27.64" NOx="90.88" PMx="5.52" fuel="84.14" electricity="0.00" noise="127.91" route="routetop" type="cfm-fast" waiting="0.00" lane="top_1" pos="14.73" speed="70.66" angle="247.94" x="34.49" y="122.09"/>
        <vehicle id="cfm-fast_2" eclass="HBEFA3/PC_G_EU4" CO2="0.00" CO="0.00" HC="0.00" NOx="0.00" PMx="0.00" fuel="0.00" electricity="0.00" noise="71.07" route="routebottom" type="cfm-fast" waiting="0.00" lane="bottom_0" pos="43.92" speed="27.09" angle="15.52" x="131.01" y="50.57"/>
        <vehicle id="cfm-fast_3" eclass="HBEFA3/PC_G_EU4" CO2="0.00" CO="0.00" HC="0.00" NOx="0.00" PMx="0.00" fuel="0.00" electricity="0.00" noise="70.06" route="routebottom" type="cfm-fast" waiting="0.00" lane="right_0" pos="12.12" speed="25.35" angle="342.60" x="127.32" y="89.21"/>
        <vehicle id="cfm-fast_4" eclass="HBEFA3/PC_G_EU4" CO2="0.00" CO="0.00" HC="0.00" NOx="0.00" PMx="0.00" fuel="0.00" electricity="0.00" noise="69.90" route="routebottom" type="cfm-fast" waiting="0.00" lane="right_0" pos="28.49" speed="23.52" angle="313.22" x="106.57" y="117.18"/>
        <vehicle id="cfm-fast_5" eclass="HBEFA3/PC_G_EU4" CO2="303640.63" CO="7386.75" HC="41.31" NOx="141.75" PMx="8.42" fuel="130.52" electricity="0.00" noise="151.05" route="routetop" type="cfm-fast" waiting="0.00" lane="left_1" pos="31.79" speed="75.00" angle="127.28" x="28.30" y="8.76"/>
        <vehicle id="cfm-slow_0" eclass="HBEFA3/PC_G_EU4" CO2="12690.12" CO="185.87" HC="1.16" NOx="5.38" PMx="0.28" fuel="5.45" electricity="0.00" noise="73.84" route="routebottom" type="cfm-slow" waiting="0.00" lane="right_0" pos="43.47" speed="22.54" angle="286.32" x="77.71" y="130.81"/>
        <vehicle id="cfm-slow_1" eclass="HBEFA3/PC_G_EU4" CO2="16339.38" CO="263.56" HC="1.61" NOx="7.07" PMx="0.38" fuel="7.02" electricity="0.00" noise="76.06" route="routetop" type="cfm-slow" waiting="0.00" lane="top_0" pos="11.25" speed="23.99" angle="254.15" x="39.87" y="128.00"/>
        <vehicle id="cfm-slow_2" eclass="HBEFA3/PC_G_EU4" CO2="18247.27" CO="308.75" HC="1.86" NOx="7.93" PMx="0.44" fuel="7.84" electricity="0.00" noise="77.22" route="routetop" type="cfm-slow" waiting="0.00" lane="top_0" pos="30.53" speed="25.86" angle="219.53" x="7.51" y="103.07"/>
        <vehicle id="cfm-slow_3" eclass="HBEFA3/PC_G_EU4" CO2="16102.66" CO="273.61" HC="1.65" NOx="6.87" PMx="0.39" fuel="6.92" electricity="0.00" noise="76.41" route="routetop" type="cfm-slow" waiting="0.00" lane="left_0" pos="1.73" speed="27.77" angle="181.38" x="-4.83" y="59.86"/>
        <vehicle id="cfm-slow_4" eclass="HBEFA3/PC_G_EU4" CO2="9734.99" CO="150.65" HC="0.93" NOx="3.84" PMx="0.23" fuel="4.18" electricity="0.00" noise="74.49" route="routetop" type="cfm-slow" waiting="0.00" lane="left_0" pos="24.82" speed="29.10" angle="139.83" x="14.88" y="15.43"/>
        <vehicle id="cfm-slow_5" eclass="HBEFA3/PC_G_EU4" CO2="0.00" CO="0.00" HC="0.00" NOx="0.00" PMx="0.00" fuel="0.00" electricity="0.00" noise="73.03" route="routetop" type="cfm-slow" waiting="0.00" lane="left_0" pos="49.20" speed="29.44" angle="95.97" x="61.84" y="-4.91"/>
    </timestep>
    <timestep time="5.51">
        <vehicle id="cfm-fast_0" eclass="HBEFA3/PC_G_EU4" CO2="0.00" CO="0.00" HC="0.00" NOx="0.00" PMx="0.00" fuel="0.00" electricity="0.00" noise="72.05" route="routebottom" type="cfm-fast" waiting="0.00" lane="bottom_0" pos="24.09" speed="28.76" angle="51.09" x="110.78" y="13.80"/>
        <vehicle id="cfm-fast_1" eclass="HBEFA3/PC_G_EU4" CO2="196072.05" CO="4988.25" HC="27.70" NOx="91.04" PMx="5.53" fuel="84.28" electricity="0.00" noise="127.96" route="routetop" type="cfm-fast" waiting="0.00" lane="top_1" pos="15.44" speed="70.75" angle="246.71" x="33.20" y="121.43"/>
        <vehicle id="cfm-fast_2" eclass="HBEFA3/PC_G_EU4" CO2="0.00" CO="0.00" HC="0.00" NOx="0.00" PMx="0.00" fuel="0.00" electricity="0.00" noise="71.06" route="routebottom" type="cfm-fast" waiting="0.00" lane="bottom_0" pos="44.19" speed="27.07" angle="15.01" x="131.11" y="51.14"/>
        <vehicle id="cfm-fast_3" eclass="HBEFA3/PC_G_EU4" CO2="0.00" CO="0.00" HC="0.00" NOx="0.00" PMx="0.00" fuel="0.00" electricity="0.00" noise="70.06" route="routebottom" type="cfm-fast" waiting="0.00" lane="right_0" pos="12.38" speed="25.33" angle="342.14" x="127.12" y="89.71"/>
        <vehicle id="cfm-fast_4" eclass="HBEFA3/PC_G_EU4" CO2="0.00" CO="0.00" HC="0.00" NOx="0.00" PMx="0.00" fuel="0.00" electricity="0.00" noise="69.91" route="routebottom" type="cfm-fast" waiting="0.00" lane="right_0" pos="28.73" speed="23.52" angle="312.79" x="106.18" y="117.50"/>
        <vehicle id="cfm-fast_5" eclass="HBEFA3/PC_G_EU4" CO2="304268.36" CO="7405.82" HC="41.42" NOx="142.04" PMx="8.44" fuel="130.79" electricity="0.00" noise="151.11" route="routetop" type="cfm-fast" waiting="0.00" lane="left_1" pos="32.54" speed="75.14" angle="125.95" x="29.61" y="7.94"/>
        <vehicle id="cfm-slow_0" eclass="HBEFA3/PC_G_EU4" CO2="12718.49" CO="186.47" HC="1.16" NOx="5.39" PMx="0.29" fuel="5.47" electricity="0.00" noise="73.86" route="routebottom" type="cfm-slow" waiting="0.00" lane="right_0" pos="43.69" speed="22.56" angle="285.95" x="77.24" y="130.92"/>
        <vehicle id="cfm-slow_1" eclass="HBEFA3/PC_G_EU4" CO2="16352.80" CO="263.88" HC="1.61" NOx="7.08" PMx="0.38" fuel="7.03" electricity="0.00" noise="76.07" route="routetop" type="cfm-slow" waiting="0.00" lane="top_0" pos="11.49" speed="24.01" angle="253.75" x="39.38" y="127.83"/>
        <vehicle id="cfm-slow_2" eclass="HBEFA3/PC_G_EU4" CO2="18224.11" CO="308.35" HC="1.86" NOx="7.92" PMx="0.44" fuel="7.83" electricity="0.00" noise="77.21" route="routetop" type="cfm-slow" waiting="0.00" lane="top_0" pos="30.79" speed="25.88" angle="219.11" x="7.18" y="102.62"/>
        <vehicle id="cfm-slow_3" eclass="HBEFA3/PC_G_EU4" CO2="16037.49" CO="272.35" HC="1.64" NOx="6.84" PMx="0.39" fuel="6.89" electricity="0.00" noise="76.39" route="routetop" type="cfm-slow" waiting="0.00" lane="left_0" pos="2.00" speed="27.78" angle="180.88" x="-4.79" y="59.26"/>
        <vehicle id="cfm-slow_4" eclass="HBEFA3/PC_G_EU4" CO2="9652.99" CO="149.00" HC="0.92" NOx="3.80" PMx="0.22" fuel="4.15" electricity="0.00" noise="74.47" route="routetop" type="cfm-slow" waiting="0.00" lane="left_0" pos="25.11" speed="29.11" angle="139.30" x="15.33" y="14.98"/>
        <vehicle id="cfm-slow_5" eclass="HBEFA3/PC_G_EU4" CO2="0.00" CO="0.00" HC="0.00" NOx="0.00" PMx="0.00" fuel="0.00" electricity="0.00" noise="73.02" route="routetop" type="cfm-slow" waiting="0.00" lane="left_0" pos="49.49" speed="29.43" angle="95.44" x="62.47" y="-4.93"/>
    </timestep>
    <timestep time="5.52">
        <vehicle id="cfm-fast_0" eclass="HBEFA3/PC_G_EU4" CO2="0.00" CO="0.00" HC="0.00" NOx="0.00" PMx="0.00" fuel="0.00" electricity="0.00" noise="72.04" route="routebottom" type="cfm-fast" waiting="0.00" lane="bottom_0" pos="24.38" speed="28.74" angle="50.63" x="111.23" y="14.22"/>
        <vehicle id="cfm-fast_1" eclass="HBEFA3/PC_G_EU4" CO2="196415.96" CO="4999.01" HC="27.76" NOx="91.20" PMx="5.54" fuel="84.43" electricity="0.00" noise="128.02" route="routetop" type="cfm-fast" waiting="0.00" lane="top_1" pos="16.15" speed="70.83" angle="245.43" x="31.93" y="120.73"/>
        <vehicle id="cfm-fast_2" eclass="HBEFA3/PC_G_EU4" CO2="0.00" CO="0.00" HC="0.00" NOx="0.00" PMx="0.00" fuel="0.00" electricity="0.00" noise="71.05" route="routebottom" type="cfm-fast" waiting="0.00" lane="bottom_0" pos="44.46" speed="27.06" angle="14.50" x="131.22" y="51.71"/>
        <vehicle id="cfm-fast_3" eclass="HBEFA3/PC_G_EU4" CO2="0.00" CO="0.00" HC="0.00" NOx="0.00" PMx="0.00" fuel="0.00" electricity="0.00" noise="70.05" route="routebottom" type="cfm-fast" waiting="0.00" lane="right_0" pos="12.63" speed="25.31" angle="341.68" x="126.92" y="90.22"/>
        <vehicle id="cfm-fast_4" eclass="HBEFA3/PC_G_EU4" CO2="0.00" CO="0.00" HC="0.00" NOx="0.00" PMx="0.00" fuel="0.00" electricity="0.00" noise="69.93" route="routebottom" type="cfm-fast" waiting="0.00" lane="right_0" pos="28.96" speed="23.51" angle="312.36" x="105.78" y="117.81"/>
        <vehicle id="cfm-fast_5" eclass="HBEFA3/PC_G_EU4" CO2="304896.39" CO="7424.90" HC="41.52" NOx="142.34" PMx="8.46" fuel="131.06" electricity="0.00" noise="151.18" route="routetop" type="cfm-fast" waiting="0.00" lane="left_1" pos="33.30" speed="75.27" angle="124.58" x="30.93" y="7.15"/>
        <vehicle id="cfm-slow_0" eclass="HBEFA3/PC_G_EU4" CO2="12746.80" CO="187.08" HC="1.17" NOx="5.41" PMx="0.29" fuel="5.48" electricity="0.00" noise="73.88" route="routebottom" type="cfm-slow" waiting="0.00" lane="right_0" pos="43.92" speed="22.57" angle="285.52" x="76.76" y="131.00"/>
        <vehicle id="cfm-slow_1" eclass="HBEFA3/PC_G_EU4" CO2="16365.96" CO="264.20" HC="1.61" NOx="7.08" PMx="0.38" fuel="7.03" electricity="0.00" noise="76.07" route="routetop" type="cfm-slow" waiting="0.00" lane="top_0" pos="11.73" speed="24.03" angle="253.33" x="38.90" y="127.64"/>
        <vehicle id="cfm-slow_2" eclass="HBEFA3/PC_G_EU4" CO2="18200.61" CO="307.95" HC="1.86" NOx="7.90" PMx="0.44" fuel="7.82" electricity="0.00" noise="77.20" route="routetop" type="cfm-slow" waiting="0.00" lane="top_0" pos="31.05" speed="25.90" angle="218.64" x="6.88" y="102.15"/>
        <vehicle id="cfm-slow_3" eclass="HBEFA3/PC_G_EU4" CO2="15972.17" CO="271.09" HC="1.63" NOx="6.81" PMx="0.38" fuel="6.87" electricity="0.00" noise="76.36" route="routetop" type="cfm-slow" waiting="0.00" lane="left_0" pos="2.28" speed="27.80" angle="180.38" x="-4.76" y="58.66"/>
        <vehicle id="cfm-slow_4" eclass="HBEFA3/PC_G_EU4" CO2="9571.14" CO="147.35" HC="0.91" NOx="3.76" PMx="0.22" fuel="4.11" electricity="0.00" noise="74.44" route="routetop" type="cfm-slow" waiting="0.00" lane="left_0" pos="25.40" speed="29.12" angle="138.77" x="15.77" y="14.54"/>
        <vehicle id="cfm-slow_5" eclass="HBEFA3/PC_G_EU4" CO2="0.00" CO="0.00" HC="0.00" NOx="0.00" PMx="0.00" fuel="0.00" electricity="0.00" noise="73.01" route="routetop" type="cfm-slow" waiting="0.00" lane="left_0" pos="49.78" speed="29.43" angle="94.90" x="63.11" y="-4.94"/>
    </timestep>
    <timestep time="5.53">
        <vehicle id="cfm-fast_0" eclass="HBEFA3/PC_G_EU4" CO2="0.00" CO="0.00" HC="0.00" NOx="0.00" PMx="0.00" fuel="0.00" electricity="0.00" noise="72.03" route="routebottom" type="cfm-fast" waiting="0.00" lane="bottom_0" pos="24.67" speed="28.73" angle="50.10" x="111.67" y="14.66"/>
        <vehicle id="cfm-fast_1" eclass="HBEFA3/PC_G_EU4" CO2="196767.30" CO="5009.93" HC="27.82" NOx="91.37" PMx="5.55" fuel="84.58" electricity="0.00" noise="128.08" route="routetop" type="cfm-fast" waiting="0.00" lane="top_1" pos="16.86" speed="70.92" angle="244.19" x="30.66" y="120.01"/>
        <vehicle id="cfm-fast_2" eclass="HBEFA3/PC_G_EU4" CO2="0.00" CO="0.00" HC="0.00" NOx="0.00" PMx="0.00" fuel="0.00" electricity="0.00" noise="71.04" route="routebottom" type="cfm-fast" waiting="0.00" lane="bottom_0" pos="44.73" speed="27.04" angle="13.99" x="131.32" y="52.29"/>
        <vehicle id="cfm-fast_3" eclass="HBEFA3/PC_G_EU4" CO2="0.00" CO="0.00" HC="0.00" NOx="0.00" PMx="0.00" fuel="0.00" electricity="0.00" noise="70.05" route="routebottom" type="cfm-fast" waiting="0.00" lane="right_0" pos="12.88" speed="25.30" angle="341.28" x="126.71" y="90.72"/>
        <vehicle id="cfm-fast_4" eclass="HBEFA3/PC_G_EU4" CO2="0.00" CO="0.00" HC="0.00" NOx="0.00" PMx="0.00" fuel="0.00" electricity="0.00" noise="69.94" route="routebottom" type="cfm-fast" waiting="0.00" lane="right_0" pos="29.20" speed="23.51" angle="311.93" x="105.38" y="118.12"/>
        <vehicle id="cfm-fast_5" eclass="HBEFA3/PC_G_EU4" CO2="305524.70" CO="7444.02" HC="41.62" NOx="142.63" PMx="8.48" fuel="131.33" electricity="0.00" noise="151.25" route="routetop" type="cfm-fast" waiting="0.00" lane="left_1" pos="34.05" speed="75.41" angle="123.24" x="32.28" y="6.39"/>
        <vehicle id="cfm-slow_0" eclass="HBEFA3/PC_G_EU4" CO2="12775.02" CO="187.68" HC="1.17" NOx="5.42" PMx="0.29" fuel="5.49" electricity="0.00" noise="73.89" route="routebottom" type="cfm-slow" waiting="0.00" lane="right_0" pos="44.14" speed="22.59" angle="285.09" x="76.28" y="131.09"/>
        <vehicle id="cfm-slow_1" eclass="HBEFA3/PC_G_EU4" CO2="16378.84" CO="264.51" HC="1.61" NOx="7.09" PMx="0.38" fuel="7.04" electricity="0.00" noise="76.08" route="routetop" type="cfm-slow" waiting="0.00" lane="top_0" pos="11.97" speed="24.05" angle="252.89" x="38.42" y="127.45"/>
        <vehicle id="cfm-slow_2" eclass="HBEFA3/PC_G_EU4" CO2="18176.78" CO="307.54" HC="1.85" NOx="7.89" PMx="0.44" fuel="7.81" electricity="0.00" noise="77.19" route="routetop" type="cfm-slow" waiting="0.00" lane="top_0" pos="31.31" speed="25.92" angle="218.18" x="6.57" y="101.69"/>
        <vehicle id="cfm-slow_3" eclass="HBEFA3/PC_G_EU4" CO2="15906.70" CO="269.82" HC="1.63" NOx="6.78" PMx="0.38" fuel="6.84" electricity="0.00" noise="76.34" route="routetop" type="cfm-slow" waiting="0.00" lane="left_0" pos="2.56" speed="27.81" angle="179.90" x="-4.72" y="58.07"/>
        <vehicle id="cfm-slow_4" eclass="HBEFA3/PC_G_EU4" CO2="9489.44" CO="145.70" HC="0.90" NOx="3.72" PMx="0.22" fuel="4.08" electricity="0.00" noise="74.42" route="routetop" type="cfm-slow" waiting="0.00" lane="left_0" pos="25.69" speed="29.12" angle="138.29" x="16.22" y="14.10"/>
        <vehicle id="cfm-slow_5" eclass="HBEFA3/PC_G_EU4" CO2="0.00" CO="0.00" HC="0.00" NOx="0.00" PMx="0.00" fuel="0.00" electricity="0.00" noise="72.99" route="routebottom" type="cfm-slow" waiting="0.00" lane="bottom_0" pos="0.08" speed="29.42" angle="94.33" x="63.93" y="-4.95"/>
    </timestep>
    <timestep time="5.54">
        <vehicle id="cfm-fast_0" eclass="HBEFA3/PC_G_EU4" CO2="0.00" CO="0.00" HC="0.00" NOx="0.00" PMx="0.00" fuel="0.00" electricity="0.00" noise="72.02" route="routebottom" type="cfm-fast" waiting="0.00" lane="bottom_0" pos="24.96" speed="28.72" angle="49.56" x="112.10" y="15.09"/>
        <vehicle id="cfm-fast_1" eclass="HBEFA3/PC_G_EU4" CO2="197125.98" CO="5021.00" HC="27.88" NOx="91.54" PMx="5.57" fuel="84.73" electricity="0.00" noise="128.13" route="routetop" type="cfm-fast" waiting="0.00" lane="top_1" pos="17.57" speed="71.01" angle="242.89" x="29.41" y="119.27"/>
        <vehicle id="cfm-fast_2" eclass="HBEFA3/PC_G_EU4" CO2="0.00" CO="0.00" HC="0.00" NOx="0.00" PMx="0.00" fuel="0.00" electricity="0.00" noise="71.03" route="routebottom" type="cfm-fast" waiting="0.00" lane="bottom_0" pos="45.00" speed="27.03" angle="13.56" x="131.42" y="52.86"/>
        <vehicle id="cfm-fast_3" eclass="HBEFA3/PC_G_EU4" CO2="0.00" CO="0.00" HC="0.00" NOx="0.00" PMx="0.00" fuel="0.00" electricity="0.00" noise="70.04" route="routebottom" type="cfm-fast" waiting="0.00" lane="right_0" pos="13.14" speed="25.28" angle="340.82" x="126.49" y="91.22"/>
        <vehicle id="cfm-fast_4" eclass="HBEFA3/PC_G_EU4" CO2="0.00" CO="0.00" HC="0.00" NOx="0.00" PMx="0.00" fuel="0.00" electricity="0.00" noise="69.95" route="routebottom" type="cfm-fast" waiting="0.00" lane="right_0" pos="29.43" speed="23.50" angle="311.54" x="104.98" y="118.43"/>
        <vehicle id="cfm-fast_5" eclass="HBEFA3/PC_G_EU4" CO2="306153.31" CO="7463.15" HC="41.73" NOx="142.93" PMx="8.50" fuel="131.60" electricity="0.00" noise="151.31" route="routetop" type="cfm-fast" waiting="0.00" lane="left_1" pos="34.81" speed="75.55" angle="121.93" x="33.65" y="5.66"/>
        <vehicle id="cfm-slow_0" eclass="HBEFA3/PC_G_EU4" CO2="12803.17" CO="188.27" HC="1.17" NOx="5.43" PMx="0.29" fuel="5.50" electricity="0.00" noise="73.91" route="routebottom" type="cfm-slow" waiting="0.00" lane="right_0" pos="44.37" speed="22.60" angle="284.66" x="75.80" y="131.18"/>
        <vehicle id="cfm-slow_1" eclass="HBEFA3/PC_G_EU4" CO2="16391.45" CO="264.82" HC="1.61" NOx="7.09" PMx="0.38" fuel="7.05" electricity="0.00" noise="76.09" route="routetop" type="cfm-slow" waiting="0.00" lane="top_0" pos="12.21" speed="24.07" angle="252.45" x="37.94" y="127.25"/>
        <vehicle id="cfm-slow_2" eclass="HBEFA3/PC_G_EU4" CO2="18152.59" CO="307.12" HC="1.85" NOx="7.88" PMx="0.43" fuel="7.80" electricity="0.00" noise="77.17" route="routetop" type="cfm-slow" waiting="0.00" lane="top_0" pos="31.57" speed="25.94" angle="217.71" x="6.26" y="101.22"/>
        <vehicle id="cfm-slow_3" eclass="HBEFA3/PC_G_EU4" CO2="15841.10" CO="268.56" HC="1.62" NOx="6.75" PMx="0.38" fuel="6.81" electricity="0.00" noise="76.31" route="routetop" type="cfm-slow" waiting="0.00" lane="left_0" pos="2.84" speed="27.83" angle="179.40" x="-4.66" y="57.47"/>
        <vehicle id="cfm-slow_4" eclass="HBEFA3/PC_G_EU4" CO2="9407.88" CO="144.05" HC="0.89" NOx="3.68" PMx="0.22" fuel="4.04" electricity="0.00" noise="74.40" route="routetop" type="cfm-slow" waiting="0.00" lane="left_0" pos="25.99" speed="29.13" angle="137.75" x="16.68" y="13.68"/>
        <vehicle id="cfm-slow_5" eclass="HBEFA3/PC_G_EU4" CO2="0.00" CO="0.00" HC="0.00" NOx="0.00" PMx="0.00" fuel="0.00" electricity="0.00" noise="72.98" route="routebottom" type="cfm-slow" waiting="0.00" lane="bottom_0" pos="0.37" speed="29.42" angle="93.80" x="64.56" y="-4.93"/>
    </timestep>
    <timestep time="5.55">
        <vehicle id="cfm-fast_0" eclass="HBEFA3/PC_G_EU4" CO2="0.00" CO="0.00" HC="0.00" NOx="0.00" PMx="0.00" fuel="0.00" electricity="0.00" noise="72.01" route="routebottom" type="cfm-fast" waiting="0.00" lane="bottom_0" pos="25.24" speed="28.71" angle="49.03" x="112.54" y="15.53"/>
        <vehicle id="cfm-fast_1" eclass="HBEFA3/PC_G_EU4" CO2="197491.90" CO="5032.24" HC="27.94" NOx="91.71" PMx="5.58" fuel="84.89" electricity="0.00" noise="128.19" route="routetop" type="cfm-fast" waiting="0.00" lane="top_1" pos="18.28" speed="71.10" angle="241.63" x="28.18" y="118.49"/>
        <vehicle id="cfm-fast_2" eclass="HBEFA3/PC_G_EU4" CO2="0.00" CO="0.00" HC="0.00" NOx="0.00" PMx="0.00" fuel="0.00" electricity="0.00" noise="71.02" route="routebottom" type="cfm-fast" waiting="0.00" lane="bottom_0" pos="45.27" speed="27.01" angle="13.07" x="131.50" y="53.43"/>
        <vehicle id="cfm-fast_3" eclass="HBEFA3/PC_G_EU4" CO2="0.00" CO="0.00" HC="0.00" NOx="0.00" PMx="0.00" fuel="0.00" electricity="0.00" noise="70.04" route="routebottom" type="cfm-fast" waiting="0.00" lane="right_0" pos="13.39" speed="25.27" angle="340.36" x="126.27" y="91.71"/>
        <vehicle id="cfm-fast_4" eclass="HBEFA3/PC_G_EU4" CO2="0.00" CO="0.00" HC="0.00" NOx="0.00" PMx="0.00" fuel="0.00" electricity="0.00" noise="69.97" route="routebottom" type="cfm-fast" waiting="0.00" lane="right_0" pos="29.67" speed="23.50" angle="311.13" x="104.57" y="118.73"/>
        <vehicle id="cfm-fast_5" eclass="HBEFA3/PC_G_EU4" CO2="306782.21" CO="7482.30" HC="41.83" NOx="143.22" PMx="8.51" fuel="131.87" electricity="0.00" noise="151.38" route="routetop" type="cfm-fast" waiting="0.00" lane="left_1" pos="35.56" speed="75.68" angle="120.55" x="35.03" y="4.96"/>
        <vehicle id="cfm-slow_0" eclass="HBEFA3/PC_G_EU4" CO2="12831.24" CO="188.87" HC="1.18" NOx="5.45" PMx="0.29" fuel="5.52" electricity="0.00" noise="73.93" route="routebottom" type="cfm-slow" waiting="0.00" lane="right_0" pos="44.60" speed="22.62" angle="284.23" x="75.33" y="131.27"/>
        <vehicle id="cfm-slow_1" eclass="HBEFA3/PC_G_EU4" CO2="16403.79" CO="265.12" HC="1.61" NOx="7.10" PMx="0.38" fuel="7.05" electricity="0.00" noise="76.10" route="routetop" type="cfm-slow" waiting="0.00" lane="top_0" pos="12.45" speed="24.09" angle="252.02" x="37.46" y="127.06"/>
        <vehicle id="cfm-slow_2" eclass="HBEFA3/PC_G_EU4" CO2="18128.07" CO="306.70" HC="1.85" NOx="7.87" PMx="0.43" fuel="7.79" electricity="0.00" noise="77.16" route="routetop" type="cfm-slow" waiting="0.00" lane="top_0" pos="31.83" speed="25.96" angle="217.24" x="5.95" y="100.76"/>
        <vehicle id="cfm-slow_3" eclass="HBEFA3/PC_G_EU4" CO2="15775.37" CO="267.28" HC="1.61" NOx="6.72" PMx="0.38" fuel="6.78" electricity="0.00" noise="76.29" route="routetop" type="cfm-slow" waiting="0.00" lane="left_0" pos="3.12" speed="27.84" angle="178.91" x="-4.60" y="56.87"/>
        <vehicle id="cfm-slow_4" eclass="HBEFA3/PC_G_EU4" CO2="9326.46" CO="142.41" HC="0.88" NOx="3.65" PMx="0.21" fuel="4.01" electricity="0.00" noise="74.38" route="routetop" type="cfm-slow" waiting="0.00" lane="left_0" pos="26.28" speed="29.13" angle="137.21" x="17.14" y="13.25"/>
        <vehicle id="cfm-slow_5" eclass="HBEFA3/PC_G_EU4" CO2="0.00" CO="0.00" HC="0.00" NOx="0.00" PMx="0.00" fuel="0.00" electricity="0.00" noise="72.97" route="routebottom" type="cfm-slow" waiting="0.00" lane="bottom_0" pos="0.67" speed="29.41" angle="93.26" x="65.19" y="-4.92"/>
    </timestep>
    <timestep time="5.56">
        <vehicle id="cfm-fast_0" eclass="HBEFA3/PC_G_EU4" CO2="0.00" CO="0.00" HC="0.00" NOx="0.00" PMx="0.00" fuel="0.00" electricity="0.00" noise="72.00" route="routebottom" type="cfm-fast" waiting="0.00" lane="bottom_0" pos="25.53" speed="28.69" angle="48.51" x="112.98" y="15.97"/>
        <vehicle id="cfm-fast_1" eclass="HBEFA3/PC_G_EU4" CO2="197864.98" CO="5043.62" HC="28.00" NOx="91.88" PMx="5.59" fuel="85.05" electricity="0.00" noise="128.26" route="routetop" type="cfm-fast" waiting="0.00" lane="top_1" pos="18.99" speed="71.19" angle="240.27" x="26.96" y="117.68"/>
        <vehicle id="cfm-fast_2" eclass="HBEFA3/PC_G_EU4" CO2="0.00" CO="0.00" HC="0.00" NOx="0.00" PMx="0.00" fuel="0.00" electricity="0.00" noise="71.01" route="routebottom" type="cfm-fast" waiting="0.00" lane="bottom_0" pos="45.54" speed="27.00" angle="12.58" x="131.58" y="54.01"/>
        <vehicle id="cfm-fast_3" eclass="HBEFA3/PC_G_EU4" CO2="0.00" CO="0.00" HC="0.00" NOx="0.00" PMx="0.00" fuel="0.00" electricity="0.00" noise="70.03" route="routebottom" type="cfm-fast" waiting="0.00" lane="right_0" pos="13.64" speed="25.25" angle="339.90" x="126.04" y="92.21"/>
        <vehicle id="cfm-fast_4" eclass="HBEFA3/PC_G_EU4" CO2="0.00" CO="0.00" HC="0.00" NOx="0.00" PMx="0.00" fuel="0.00" electricity="0.00" noise="69.98" route="routebottom" type="cfm-fast" waiting="0.00" lane="right_0" pos="29.90" speed="23.49" angle="310.69" x="104.16" y="119.03"/>
        <vehicle id="cfm-fast_5" eclass="HBEFA3/PC_G_EU4" CO2="307411.40" CO="7501.48" HC="41.93" NOx="143.52" PMx="8.53" fuel="132.14" electricity="0.00" noise="151.44" route="routetop" type="cfm-fast" waiting="0.00" lane="left_1" pos="36.32" speed="75.82" angle="119.18" x="36.44" y="4.30"/>
        <vehicle id="cfm-slow_0" eclass="HBEFA3/PC_G_EU4" CO2="12859.22" CO="189.47" HC="1.18" NOx="5.46" PMx="0.29" fuel="5.53" electricity="0.00" noise="73.95" route="routebottom" type="cfm-slow" waiting="0.00" lane="right_0" pos="44.82" speed="22.64" angle="283.83" x="74.85" y="131.36"/>
        <vehicle id="cfm-slow_1" eclass="HBEFA3/PC_G_EU4" CO2="16415.85" CO="265.42" HC="1.62" NOx="7.10" PMx="0.38" fuel="7.06" electricity="0.00" noise="76.11" route="routetop" type="cfm-slow" waiting="0.00" lane="top_0" pos="12.70" speed="24.11" angle="251.59" x="36.98" y="126.87"/>
        <vehicle id="cfm-slow_2" eclass="HBEFA3/PC_G_EU4" CO2="18103.21" CO="306.27" HC="1.85" NOx="7.86" PMx="0.43" fuel="7.78" electricity="0.00" noise="77.15" route="routetop" type="cfm-slow" waiting="0.00" lane="top_0" pos="32.09" speed="25.98" angle="216.83" x="5.64" y="100.29"/>
        <vehicle id="cfm-slow_3" eclass="HBEFA3/PC_G_EU4" CO2="15709.50" CO="266.01" HC="1.60" NOx="6.69" PMx="0.38" fuel="6.75" electricity="0.00" noise="76.26" route="routetop" type="cfm-slow" waiting="0.00" lane="left_0" pos="3.40" speed="27.86" angle="178.41" x="-4.54" y="56.28"/>
        <vehicle id="cfm-slow_4" eclass="HBEFA3/PC_G_EU4" CO2="9245.19" CO="140.77" HC="0.88" NOx="3.61" PMx="0.21" fuel="3.97" electricity="0.00" noise="74.36" route="routetop" type="cfm-slow" waiting="0.00" lane="left_0" pos="26.57" speed="29.14" angle="136.67" x="17.60" y="12.83"/>
        <vehicle id="cfm-slow_5" eclass="HBEFA3/PC_G_EU4" CO2="0.00" CO="0.00" HC="0.00" NOx="0.00" PMx="0.00" fuel="0.00" electricity="0.00" noise="72.96" route="routebottom" type="cfm-slow" waiting="0.00" lane="bottom_0" pos="0.96" speed="29.41" angle="92.73" x="65.83" y="-4.90"/>
    </timestep>
    <timestep time="5.57">
        <vehicle id="cfm-fast_0" eclass="HBEFA3/PC_G_EU4" CO2="0.00" CO="0.00" HC="0.00" NOx="0.00" PMx="0.00" fuel="0.00" electricity="0.00" noise="71.99" route="routebottom" type="cfm-fast" waiting="0.00" lane="bottom_0" pos="25.82" speed="28.68" angle="48.03" x="113.40" y="16.41"/>
        <vehicle id="cfm-fast_1" eclass="HBEFA3/PC_G_EU4" CO2="198245.12" CO="5055.17" HC="28.06" NOx="92.06" PMx="5.60" fuel="85.22" electricity="0.00" noise="128.32" route="routetop" type="cfm-fast" waiting="0.00" lane="top_1" pos="19.70" speed="71.28" angle="238.99" x="25.77" y="116.84"/>
        <vehicle id="cfm-fast_2" eclass="HBEFA3/PC_G_EU4" CO2="0.00" CO="0.00" HC="0.00" NOx="0.00" PMx="0.00" fuel="0.00" electricity="0.00" noise="71.00" route="routebottom" type="cfm-fast" waiting="0.00" lane="bottom_0" pos="45.81" speed="26.98" angle="12.09" x="131.66" y="54.58"/>
        <vehicle id="cfm-fast_3" eclass="HBEFA3/PC_G_EU4" CO2="0.00" CO="0.00" HC="0.00" NOx="0.00" PMx="0.00" fuel="0.00" electricity="0.00" noise="70.03" route="routebottom" type="cfm-fast" waiting="0.00" lane="right_0" pos="13.89" speed="25.23" angle="339.44" x="125.82" y="92.71"/>
        <vehicle id="cfm-fast_4" eclass="HBEFA3/PC_G_EU4" CO2="0.00" CO="0.00" HC="0.00" NOx="0.00" PMx="0.00" fuel="0.00" electricity="0.00" noise="70.00" route="routebottom" type="cfm-fast" waiting="0.00" lane="right_0" pos="30.14" speed="23.49" angle="310.25" x="103.75" y="119.32"/>
        <vehicle id="cfm-fast_5" eclass="HBEFA3/PC_G_EU4" CO2="308040.88" CO="7520.67" HC="42.04" NOx="143.81" PMx="8.55" fuel="132.41" electricity="0.00" noise="151.51" route="routetop" type="cfm-fast" waiting="0.00" lane="left_1" pos="37.08" speed="75.95" angle="117.75" x="37.86" y="3.66"/>
        <vehicle id="cfm-slow_0" eclass="HBEFA3/PC_G_EU4" CO2="12887.12" CO="190.06" HC="1.18" NOx="5.47" PMx="0.29" fuel="5.54" electricity="0.00" noise="73.97" route="routebottom" type="cfm-slow" waiting="0.00" lane="right_0" pos="45.05" speed="22.65" angle="283.46" x="74.37" y="131.43"/>
        <vehicle id="cfm-slow_1" eclass="HBEFA3/PC_G_EU4" CO2="16427.64" CO="265.71" HC="1.62" NOx="7.11" PMx="0.39" fuel="7.06" electricity="0.00" noise="76.12" route="routetop" type="cfm-slow" waiting="0.00" lane="top_0" pos="12.94" speed="24.13" angle="251.20" x="36.50" y="126.66"/>
        <vehicle id="cfm-slow_2" eclass="HBEFA3/PC_G_EU4" CO2="18078.01" CO="305.83" HC="1.84" NOx="7.84" PMx="0.43" fuel="7.77" electricity="0.00" noise="77.14" route="routetop" type="cfm-slow" waiting="0.00" lane="top_0" pos="32.35" speed="26.00" angle="216.34" x="5.35" y="99.81"/>
        <vehicle id="cfm-slow_3" eclass="HBEFA3/PC_G_EU4" CO2="15643.49" CO="264.73" HC="1.60" NOx="6.65" PMx="0.38" fuel="6.72" electricity="0.00" noise="76.24" route="routetop" type="cfm-slow" waiting="0.00" lane="left_0" pos="3.67" speed="27.87" angle="177.91" x="-4.48" y="55.68"/>
        <vehicle id="cfm-slow_4" eclass="HBEFA3/PC_G_EU4" CO2="9164.07" CO="139.13" HC="0.87" NOx="3.57" PMx="0.21" fuel="3.94" electricity="0.00" noise="74.34" route="routetop" type="cfm-slow" waiting="0.00" lane="left_0" pos="26.86" speed="29.14" angle="136.16" x="18.06" y="12.40"/>
        <vehicle id="cfm-slow_5" eclass="HBEFA3/PC_G_EU4" CO2="0.00" CO="0.00" HC="0.00" NOx="0.00" PMx="0.00" fuel="0.00" electricity="0.00" noise="72.95" route="routebottom" type="cfm-slow" waiting="0.00" lane="bottom_0" pos="1.26" speed="29.40" angle="92.22" x="66.46" y="-4.89"/>
    </timestep>
    <timestep time="5.58">
        <vehicle id="cfm-fast_0" eclass="HBEFA3/PC_G_EU4" CO2="0.00" CO="0.00" HC="0.00" NOx="0.00" PMx="0.00" fuel="0.00" electricity="0.00" noise="71.98" route="routebottom" type="cfm-fast" waiting="0.00" lane="bottom_0" pos="26.10" speed="28.67" angle="47.51" x="113.82" y="16.87"/>
        <vehicle id="cfm-fast_1" eclass="HBEFA3/PC_G_EU4" CO2="198632.22" CO="5066.86" HC="28.13" NOx="92.24" PMx="5.61" fuel="85.38" electricity="0.00" noise="128.39" route="routetop" type="cfm-fast" waiting="0.00" lane="top_1" pos="20.42" speed="71.37" angle="237.68" x="24.58" y="115.98"/>
        <vehicle id="cfm-fast_2" eclass="HBEFA3/PC_G_EU4" CO2="0.00" CO="0.00" HC="0.00" NOx="0.00" PMx="0.00" fuel="0.00" electricity="0.00" noise="70.99" route="routebottom" type="cfm-fast" waiting="0.00" lane="bottom_0" pos="46.08" speed="26.97" angle="11.61" x="131.75" y="55.16"/>
        <vehicle id="cfm-fast_3" eclass="HBEFA3/PC_G_EU4" CO2="0.00" CO="0.00" HC="0.00" NOx="0.00" PMx="0.00" fuel="0.00" electricity="0.00" noise="70.02" route="routebottom" type="cfm-fast" waiting="0.00" lane="right_0" pos="14.15" speed="25.22" angle="339.04" x="125.60" y="93.20"/>
        <vehicle id="cfm-fast_4" eclass="HBEFA3/PC_G_EU4" CO2="0.00" CO="0.00" HC="0.00" NOx="0.00" PMx="0.00" fuel="0.00" electricity="0.00" noise="70.01" route="routebottom" type="cfm-fast" waiting="0.00" lane="right_0" pos="30.37" speed="23.49" angle="309.82" x="103.34" y="119.62"/>
        <vehicle id="cfm-fast_5" eclass="HBEFA3/PC_G_EU4" CO2="308670.66" CO="7539.89" HC="42.14" NOx="144.11" PMx="8.57" fuel="132.68" electricity="0.00" noise="151.58" route="routetop" type="cfm-fast" waiting="0.00" lane="left_1" pos="37.84" speed="76.09" angle="116.38" x="39.31" y="3.08"/>
        <vehicle id="cfm-slow_0" eclass="HBEFA3/PC_G_EU4" CO2="12914.93" CO="190.65" HC="1.19" NOx="5.48" PMx="0.29" fuel="5.55" electricity="0.00" noise="73.98" route="routebottom" type="cfm-slow" waiting="0.00" lane="right_0" pos="45.28" speed="22.67" angle="283.06" x="73.88" y="131.50"/>
        <vehicle id="cfm-slow_1" eclass="HBEFA3/PC_G_EU4" CO2="16439.15" CO="266.00" HC="1.62" NOx="7.11" PMx="0.39" fuel="7.07" electricity="0.00" noise="76.12" route="routetop" type="cfm-slow" waiting="0.00" lane="top_0" pos="13.18" speed="24.15" angle="250.76" x="36.03" y="126.45"/>
        <vehicle id="cfm-slow_2" eclass="HBEFA3/PC_G_EU4" CO2="18052.47" CO="305.38" HC="1.84" NOx="7.83" PMx="0.43" fuel="7.76" electricity="0.00" noise="77.13" route="routetop" type="cfm-slow" waiting="0.00" lane="top_0" pos="32.61" speed="26.02" angle="215.84" x="5.06" y="99.33"/>
        <vehicle id="cfm-slow_3" eclass="HBEFA3/PC_G_EU4" CO2="15577.36" CO="263.45" HC="1.59" NOx="6.62" PMx="0.37" fuel="6.70" electricity="0.00" noise="76.21" route="routetop" type="cfm-slow" waiting="0.00" lane="left_0" pos="3.95" speed="27.89" angle="177.42" x="-4.41" y="55.09"/>
        <vehicle id="cfm-slow_4" eclass="HBEFA3/PC_G_EU4" CO2="9083.10" CO="137.50" HC="0.86" NOx="3.53" PMx="0.21" fuel="3.90" electricity="0.00" noise="74.32" route="routetop" type="cfm-slow" waiting="0.00" lane="left_0" pos="27.15" speed="29.15" angle="135.65" x="18.53" y="11.99"/>
        <vehicle id="cfm-slow_5" eclass="HBEFA3/PC_G_EU4" CO2="0.00" CO="0.00" HC="0.00" NOx="0.00" PMx="0.00" fuel="0.00" electricity="0.00" noise="72.93" route="routebottom" type="cfm-slow" waiting="0.00" lane="bottom_0" pos="1.55" speed="29.40" angle="91.69" x="67.09" y="-4.85"/>
    </timestep>
    <timestep time="5.59">
        <vehicle id="cfm-fast_0" eclass="HBEFA3/PC_G_EU4" CO2="0.00" CO="0.00" HC="0.00" NOx="0.00" PMx="0.00" fuel="0.00" electricity="0.00" noise="71.97" route="routebottom" type="cfm-fast" waiting="0.00" lane="bottom_0" pos="26.39" speed="28.66" angle="46.99" x="114.24" y="17.32"/>
        <vehicle id="cfm-fast_1" eclass="HBEFA3/PC_G_EU4" CO2="199026.21" CO="5078.71" HC="28.19" NOx="92.43" PMx="5.62" fuel="85.55" electricity="0.00" noise="128.45" route="routetop" type="cfm-fast" waiting="0.00" lane="top_1" pos="21.13" speed="71.46" angle="236.43" x="23.42" y="115.08"/>
        <vehicle id="cfm-fast_2" eclass="HBEFA3/PC_G_EU4" CO2="0.00" CO="0.00" HC="0.00" NOx="0.00" PMx="0.00" fuel="0.00" electricity="0.00" noise="70.98" route="routebottom" type="cfm-fast" waiting="0.00" lane="bottom_0" pos="46.35" speed="26.95" angle="11.17" x="131.81" y="55.73"/>
        <vehicle id="cfm-fast_3" eclass="HBEFA3/PC_G_EU4" CO2="0.00" CO="0.00" HC="0.00" NOx="0.00" PMx="0.00" fuel="0.00" electricity="0.00" noise="70.02" route="routebottom" type="cfm-fast" waiting="0.00" lane="right_0" pos="14.40" speed="25.20" angle="338.56" x="125.35" y="93.68"/>
        <vehicle id="cfm-fast_4" eclass="HBEFA3/PC_G_EU4" CO2="0.00" CO="0.00" HC="0.00" NOx="0.00" PMx="0.00" fuel="0.00" electricity="0.00" noise="70.03" route="routebottom" type="cfm-fast" waiting="0.00" lane="right_0" pos="30.61" speed="23.48" angle="309.38" x="102.93" y="119.91"/>
        <vehicle id="cfm-fast_5" eclass="HBEFA3/PC_G_EU4" CO2="309300.73" CO="7559.13" HC="42.25" NOx="144.40" PMx="8.59" fuel="132.95" electricity="0.00" noise="151.64" route="routetop" type="cfm-fast" waiting="0.00" lane="left_1" pos="38.60" speed="76.23" angle="115.01" x="40.76" y="2.51"/>
        <vehicle id="cfm-slow_0" eclass="HBEFA3/PC_G_EU4" CO2="12942.65" CO="191.24" HC="1.19" NOx="5.50" PMx="0.29" fuel="5.56" electricity="0.00" noise="74.00" route="routebottom" type="cfm-slow" waiting="0.00" lane="right_0" pos="45.50" speed="22.68" angle="282.65" x="73.40" y="131.57"/>
        <vehicle id="cfm-slow_1" eclass="HBEFA3/PC_G_EU4" CO2="16450.39" CO="266.28" HC="1.62" NOx="7.12" PMx="0.39" fuel="7.07" electricity="0.00" noise="76.13" route="routetop" type="cfm-slow" waiting="0.00" lane="top_0" pos="13.42" speed="24.17" angle="250.32" x="35.55" y="126.24"/>
        <vehicle id="cfm-slow_2" eclass="HBEFA3/PC_G_EU4" CO2="18026.60" CO="304.93" HC="1.84" NOx="7.82" PMx="0.43" fuel="7.75" electricity="0.00" noise="77.11" route="routetop" type="cfm-slow" waiting="0.00" lane="top_0" pos="32.87" speed="26.04" angle="215.35" x="4.78" y="98.85"/>
        <vehicle id="cfm-slow_3" eclass="HBEFA3/PC_G_EU4" CO2="15511.10" CO="262.17" HC="1.58" NOx="6.59" PMx="0.37" fuel="6.67" electricity="0.00" noise="76.19" route="routetop" type="cfm-slow" waiting="0.00" lane="left_0" pos="4.23" speed="27.90" angle="176.92" x="-4.32" y="54.49"/>
        <vehicle id="cfm-slow_4" eclass="HBEFA3/PC_G_EU4" CO2="9002.28" CO="135.86" HC="0.85" NOx="3.49" PMx="0.21" fuel="3.87" electricity="0.00" noise="74.30" route="routetop" type="cfm-slow" waiting="0.00" lane="left_0" pos="27.44" speed="29.15" angle="135.11" x="19.01" y="11.59"/>
        <vehicle id="cfm-slow_5" eclass="HBEFA3/PC_G_EU4" CO2="0.00" CO="0.00" HC="0.00" NOx="0.00" PMx="0.00" fuel="0.00" electricity="0.00" noise="72.92" route="routebottom" type="cfm-slow" waiting="0.00" lane="bottom_0" pos="1.84" speed="29.39" angle="91.17" x="67.72" y="-4.81"/>
    </timestep>
    <timestep time="5.60">
        <vehicle id="cfm-fast_0" eclass="HBEFA3/PC_G_EU4" CO2="0.00" CO="0.00" HC="0.00" NOx="0.00" PMx="0.00" fuel="0.00" electricity="0.00" noise="71.96" route="routebottom" type="cfm-fast" waiting="0.00" lane="bottom_0" pos="26.68" speed="28.64" angle="46.46" x="114.66" y="17.77"/>
        <vehicle id="cfm-fast_1" eclass="HBEFA3/PC_G_EU4" CO2="199426.98" CO="5090.70" HC="28.25" NOx="92.62" PMx="5.64" fuel="85.72" electricity="0.00" noise="128.52" route="routetop" type="cfm-fast" waiting="0.00" lane="top_1" pos="21.85" speed="71.55" angle="235.18" x="22.27" y="114.18"/>
        <vehicle id="cfm-fast_2" eclass="HBEFA3/PC_G_EU4" CO2="0.00" CO="0.00" HC="0.00" NOx="0.00" PMx="0.00" fuel="0.00" electricity="0.00" noise="70.97" route="routebottom" type="cfm-fast" waiting="0.00" lane="bottom_0" pos="46.62" speed="26.94" angle="10.68" x="131.87" y="56.31"/>
        <vehicle id="cfm-fast_3" eclass="HBEFA3/PC_G_EU4" CO2="0.00" CO="0.00" HC="0.00" NOx="0.00" PMx="0.00" fuel="0.00" electricity="0.00" noise="70.02" route="routebottom" type="cfm-fast" waiting="0.00" lane="right_0" pos="14.65" speed="25.19" angle="338.08" x="125.11" y="94.17"/>
        <vehicle id="cfm-fast_4" eclass="HBEFA3/PC_G_EU4" CO2="0.00" CO="0.00" HC="0.00" NOx="0.00" PMx="0.00" fuel="0.00" electricity="0.00" noise="70.04" route="routebottom" type="cfm-fast" waiting="0.00" lane="right_0" pos="30.84" speed="23.48" angle="309.01" x="102.52" y="120.20"/>
        <vehicle id="cfm-fast_5" eclass="HBEFA3/PC_G_EU4" CO2="309931.09" CO="7578.39" HC="42.35" NOx="144.70" PMx="8.61" fuel="133.22" electricity="0.00" noise="151.71" route="routetop" type="cfm-fast" waiting="0.00" lane="left_1" pos="39.37" speed="76.36" angle="113.60" x="42.23" y="1.98"/>
        <vehicle id="cfm-slow_0" eclass="HBEFA3/PC_G_EU4" CO2="12970.28" CO="191.83" HC="1.19" NOx="5.51" PMx="0.29" fuel="5.58" electricity="0.00" noise="74.02" route="routebottom" type="cfm-slow" waiting="0.00" lane="right_0" pos="45.73" speed="22.70" angle="282.24" x="72.92" y="131.64"/>
        <vehicle id="cfm-slow_1" eclass="HBEFA3/PC_G_EU4" CO2="16461.34" CO="266.55" HC="1.62" NOx="7.12" PMx="0.39" fuel="7.08" electricity="0.00" noise="76.14" route="routetop" type="cfm-slow" waiting="0.00" lane="top_0" pos="13.66" speed="24.19" angle="249.87" x="35.08" y="126.03"/>
        <vehicle id="cfm-slow_2" eclass="HBEFA3/PC_G_EU4" CO2="18000.39" CO="304.47" HC="1.83" NOx="7.81" PMx="0.43" fuel="7.74" electricity="0.00" noise="77.10" route="routetop" type="cfm-slow" waiting="0.00" lane="top_0" pos="33.13" speed="26.06" angle="214.86" x="4.49" y="98.37"/>
        <vehicle id="cfm-slow_3" eclass="HBEFA3/PC_G_EU4" CO2="15444.71" CO="260.88" HC="1.58" NOx="6.56" PMx="0.37" fuel="6.64" electricity="0.00" noise="76.16" route="routetop" type="cfm-slow" waiting="0.00" lane="left_0" pos="4.51" speed="27.91" angle="176.41" x="-4.24" y="53.90"/>
        <vehicle id="cfm-slow_4" eclass="HBEFA3/PC_G_EU4" CO2="8921.61" CO="134.23" HC="0.84" NOx="3.45" PMx="0.20" fuel="3.83" electricity="0.00" noise="74.28" route="routetop" type="cfm-slow" waiting="0.00" lane="left_0" pos="27.73" speed="29.15" angle="134.56" x="19.49" y="11.18"/>
        <vehicle id="cfm-slow_5" eclass="HBEFA3/PC_G_EU4" CO2="0.00" CO="0.00" HC="0.00" NOx="0.00" PMx="0.00" fuel="0.00" electricity="0.00" noise="72.91" route="routebottom" type="cfm-slow" waiting="0.00" lane="bottom_0" pos="2.14" speed="29.39" angle="90.64" x="68.35" y="-4.78"/>
    </timestep>
    <timestep time="5.61">
        <vehicle id="cfm-fast_0" eclass="HBEFA3/PC_G_EU4" CO2="0.00" CO="0.00" HC="0.00" NOx="0.00" PMx="0.00" fuel="0.00" electricity="0.00" noise="71.95" route="routebottom" type="cfm-fast" waiting="0.00" lane="bottom_0" pos="26.96" speed="28.63" angle="46.01" x="115.07" y="18.22"/>
        <vehicle id="cfm-fast_1" eclass="HBEFA3/PC_G_EU4" CO2="199834.45" CO="5102.84" HC="28.32" NOx="92.81" PMx="5.65" fuel="85.90" electricity="0.00" noise="128.59" route="routetop" type="cfm-fast" waiting="0.00" lane="top_1" pos="22.56" speed="71.63" angle="233.84" x="21.15" y="113.23"/>
        <vehicle id="cfm-fast_2" eclass="HBEFA3/PC_G_EU4" CO2="0.00" CO="0.00" HC="0.00" NOx="0.00" PMx="0.00" fuel="0.00" electricity="0.00" noise="70.97" route="routebottom" type="cfm-fast" waiting="0.00" lane="bottom_0" pos="46.89" speed="26.92" angle="10.18" x="131.93" y="56.89"/>
        <vehicle id="cfm-fast_3" eclass="HBEFA3/PC_G_EU4" CO2="0.00" CO="0.00" HC="0.00" NOx="0.00" PMx="0.00" fuel="0.00" electricity="0.00" noise="70.01" route="routebottom" type="cfm-fast" waiting="0.00" lane="right_0" pos="14.90" speed="25.17" angle="337.60" x="124.87" y="94.65"/>
        <vehicle id="cfm-fast_4" eclass="HBEFA3/PC_G_EU4" CO2="0.00" CO="0.00" HC="0.00" NOx="0.00" PMx="0.00" fuel="0.00" electricity="0.00" noise="70.06" route="routebottom" type="cfm-fast" waiting="0.00" lane="right_0" pos="31.08" speed="23.48" angle="308.59" x="102.10" y="120.48"/>
        <vehicle id="cfm-fast_5" eclass="HBEFA3/PC_G_EU4" CO2="310561.74" CO="7597.68" HC="42.45" NOx="144.99" PMx="8.63" fuel="133.50" electricity="0.00" noise="151.77" route="routetop" type="cfm-fast" waiting="0.00" lane="left_1" pos="40.13" speed="76.50" angle="112.26" x="43.72" y="1.48"/>
        <vehicle id="cfm-slow_0" eclass="HBEFA3/PC_G_EU4" CO2="12997.82" CO="192.42" HC="1.20" NOx="5.52" PMx="0.29" fuel="5.59" electricity="0.00" noise="74.04" route="routebottom" type="cfm-slow" waiting="0.00" lane="right_0" pos="45.96" speed="22.71" angle="281.83" x="72.43" y="131.71"/>
        <vehicle id="cfm-slow_1" eclass="HBEFA3/PC_G_EU4" CO2="16472.02" CO="266.82" HC="1.62" NOx="7.13" PMx="0.39" fuel="7.08" electricity="0.00" noise="76.15" route="routetop" type="cfm-slow" waiting="0.00" lane="top_0" pos="13.90" speed="24.21" angle="249.43" x="34.60" y="125.82"/>
        <vehicle id="cfm-slow_2" eclass="HBEFA3/PC_G_EU4" CO2="17973.85" CO="304.01" HC="1.83" NOx="7.79" PMx="0.43" fuel="7.73" electricity="0.00" noise="77.09" route="routetop" type="cfm-slow" waiting="0.00" lane="top_0" pos="33.39" speed="26.08" angle="214.43" x="4.20" y="97.89"/>
        <vehicle id="cfm-slow_3" eclass="HBEFA3/PC_G_EU4" CO2="15378.20" CO="259.59" HC="1.57" NOx="6.53" PMx="0.37" fuel="6.61" electricity="0.00" noise="76.14" route="routetop" type="cfm-slow" waiting="0.00" lane="left_0" pos="4.79" speed="27.93" angle="175.91" x="-4.16" y="53.30"/>
        <vehicle id="cfm-slow_4" eclass="HBEFA3/PC_G_EU4" CO2="8841.09" CO="132.61" HC="0.83" NOx="3.42" PMx="0.20" fuel="3.80" electricity="0.00" noise="74.26" route="routetop" type="cfm-slow" waiting="0.00" lane="left_0" pos="28.03" speed="29.16" angle="134.02" x="19.97" y="10.77"/>
        <vehicle id="cfm-slow_5" eclass="HBEFA3/PC_G_EU4" CO2="0.00" CO="0.00" HC="0.00" NOx="0.00" PMx="0.00" fuel="0.00" electricity="0.00" noise="72.90" route="routebottom" type="cfm-slow" waiting="0.00" lane="bottom_0" pos="2.43" speed="29.38" angle="90.11" x="68.99" y="-4.74"/>
    </timestep>
    <timestep time="5.62">
        <vehicle id="cfm-fast_0" eclass="HBEFA3/PC_G_EU4" CO2="0.00" CO="0.00" HC="0.00" NOx="0.00" PMx="0.00" fuel="0.00" electricity="0.00" noise="71.94" route="routebottom" type="cfm-fast" waiting="0.00" lane="bottom_0" pos="27.25" speed="28.62" angle="45.47" x="115.47" y="18.70"/>
        <vehicle id="cfm-fast_1" eclass="HBEFA3/PC_G_EU4" CO2="200248.54" CO="5115.13" HC="28.39" NOx="93.00" PMx="5.66" fuel="86.08" electricity="0.00" noise="128.66" route="routetop" type="cfm-fast" waiting="0.00" lane="top_1" pos="23.28" speed="71.72" angle="232.58" x="20.04" y="112.26"/>
        <vehicle id="cfm-fast_2" eclass="HBEFA3/PC_G_EU4" CO2="0.00" CO="0.00" HC="0.00" NOx="0.00" PMx="0.00" fuel="0.00" electricity="0.00" noise="70.96" route="routebottom" type="cfm-fast" waiting="0.00" lane="bottom_0" pos="47.16" speed="26.91" angle="9.69" x="131.99" y="57.46"/>
        <vehicle id="cfm-fast_3" eclass="HBEFA3/PC_G_EU4" CO2="0.00" CO="0.00" HC="0.00" NOx="0.00" PMx="0.00" fuel="0.00" electricity="0.00" noise="70.01" route="routebottom" type="cfm-fast" waiting="0.00" lane="right_0" pos="15.15" speed="25.16" angle="337.12" x="124.62" y="95.14"/>
        <vehicle id="cfm-fast_4" eclass="HBEFA3/PC_G_EU4" CO2="0.00" CO="0.00" HC="0.00" NOx="0.00" PMx="0.00" fuel="0.00" electricity="0.00" noise="70.07" route="routebottom" type="cfm-fast" waiting="0.00" lane="right_0" pos="31.31" speed="23.47" angle="308.16" x="101.68" y="120.76"/>
        <vehicle id="cfm-fast_5" eclass="HBEFA3/PC_G_EU4" CO2="311192.68" CO="7616.98" HC="42.56" NOx="145.29" PMx="8.65" fuel="133.77" electricity="0.00" noise="151.84" route="routetop" type="cfm-fast" waiting="0.00" lane="left_1" pos="40.90" speed="76.64" angle="110.83" x="45.22" y="1.01"/>
        <vehicle id="cfm-slow_0" eclass="HBEFA3/PC_G_EU4" CO2="13025.26" CO="193.00" HC="1.20" NOx="5.53" PMx="0.29" fuel="5.60" electricity="0.00" noise="74.05" route="routebottom" type="cfm-slow" waiting="0.00" lane="right_0" pos="46.18" speed="22.73" angle="281.47" x="71.95" y="131.78"/>
        <vehicle id="cfm-slow_1" eclass="HBEFA3/PC_G_EU4" CO2="16482.42" CO="267.09" HC="1.63" NOx="7.13" PMx="0.39" fuel="7.08" electricity="0.00" noise="76.15" route="routetop" type="cfm-slow" waiting="0.00" lane="top_0" pos="14.15" speed="24.23" angle="249.05" x="34.13" y="125.60"/>
        <vehicle id="cfm-slow_2" eclass="HBEFA3/PC_G_EU4" CO2="17946.98" CO="303.54" HC="1.83" NOx="7.78" PMx="0.43" fuel="7.71" electricity="0.00" noise="77.08" route="routetop" type="cfm-slow" waiting="0.00" lane="top_0" pos="33.65" speed="26.10" angle="213.96" x="3.93" y="97.40"/>
        <vehicle id="cfm-slow_3" eclass="HBEFA3/PC_G_EU4" CO2="15311.56" CO="258.30" HC="1.56" NOx="6.50" PMx="0.37" fuel="6.58" electricity="0.00" noise="76.11" route="routetop" type="cfm-slow" waiting="0.00" lane="left_0" pos="5.07" speed="27.94" angle="175.36" x="-4.08" y="52.71"/>
        <vehicle id="cfm-slow_4" eclass="HBEFA3/PC_G_EU4" CO2="8760.72" CO="130.98" HC="0.82" NOx="3.38" PMx="0.20" fuel="3.77" electricity="0.00" noise="74.24" route="routetop" type="cfm-slow" waiting="0.00" lane="left_0" pos="28.32" speed="29.16" angle="133.54" x="20.45" y="10.37"/>
        <vehicle id="cfm-slow_5" eclass="HBEFA3/PC_G_EU4" CO2="0.00" CO="0.00" HC="0.00" NOx="0.00" PMx="0.00" fuel="0.00" electricity="0.00" noise="72.89" route="routebottom" type="cfm-slow" waiting="0.00" lane="bottom_0" pos="2.72" speed="29.38" angle="89.61" x="69.61" y="-4.69"/>
    </timestep>
    <timestep time="5.63">
        <vehicle id="cfm-fast_0" eclass="HBEFA3/PC_G_EU4" CO2="0.00" CO="0.00" HC="0.00" NOx="0.00" PMx="0.00" fuel="0.00" electricity="0.00" noise="71.93" route="routebottom" type="cfm-fast" waiting="0.00" lane="bottom_0" pos="27.54" speed="28.60" angle="44.94" x="115.87" y="19.17"/>
        <vehicle id="cfm-fast_1" eclass="HBEFA3/PC_G_EU4" CO2="200669.15" CO="5127.56" HC="28.45" NOx="93.20" PMx="5.67" fuel="86.26" electricity="0.00" noise="128.73" route="routetop" type="cfm-fast" waiting="0.00" lane="top_1" pos="24.00" speed="71.81" angle="231.27" x="18.96" y="111.26"/>
        <vehicle id="cfm-fast_2" eclass="HBEFA3/PC_G_EU4" CO2="0.00" CO="0.00" HC="0.00" NOx="0.00" PMx="0.00" fuel="0.00" electricity="0.00" noise="70.95" route="routebottom" type="cfm-fast" waiting="0.00" lane="bottom_0" pos="47.43" speed="26.89" angle="9.24" x="132.05" y="58.04"/>
        <vehicle id="cfm-fast_3" eclass="HBEFA3/PC_G_EU4" CO2="0.00" CO="0.00" HC="0.00" NOx="0.00" PMx="0.00" fuel="0.00" electricity="0.00" noise="70.00" route="routebottom" type="cfm-fast" waiting="0.00" lane="right_0" pos="15.40" speed="25.14" angle="336.72" x="124.38" y="95.62"/>
        <vehicle id="cfm-fast_4" eclass="HBEFA3/PC_G_EU4" CO2="0.00" CO="0.00" HC="0.00" NOx="0.00" PMx="0.00" fuel="0.00" electricity="0.00" noise="70.09" route="routebottom" type="cfm-fast" waiting="0.00" lane="right_0" pos="31.55" speed="23.47" angle="307.74" x="101.26" y="121.04"/>
        <vehicle id="cfm-fast_5" eclass="HBEFA3/PC_G_EU4" CO2="311823.92" CO="7636.31" HC="42.66" NOx="145.59" PMx="8.67" fuel="134.04" electricity="0.00" noise="151.90" route="routetop" type="cfm-fast" waiting="0.00" lane="left_1" pos="41.67" speed="76.77" angle="109.48" x="46.74" y="0.60"/>
        <vehicle id="cfm-slow_0" eclass="HBEFA3/PC_G_EU4" CO2="13052.60" CO="193.59" HC="1.20" NOx="5.55" PMx="0.29" fuel="5.61" electricity="0.00" noise="74.07" route="routebottom" type="cfm-slow" waiting="0.00" lane="right_0" pos="46.41" speed="22.74" angle="281.06" x="71.46" y="131.83"/>
        <vehicle id="cfm-slow_1" eclass="HBEFA3/PC_G_EU4" CO2="16492.53" CO="267.35" HC="1.63" NOx="7.14" PMx="0.39" fuel="7.09" electricity="0.00" noise="76.16" route="routetop" type="cfm-slow" waiting="0.00" lane="top_0" pos="14.39" speed="24.25" angle="248.58" x="33.66" y="125.36"/>
        <vehicle id="cfm-slow_2" eclass="HBEFA3/PC_G_EU4" CO2="17919.77" CO="303.06" HC="1.83" NOx="7.77" PMx="0.43" fuel="7.70" electricity="0.00" noise="77.07" route="routetop" type="cfm-slow" waiting="0.00" lane="top_0" pos="33.91" speed="26.12" angle="213.48" x="3.66" y="96.90"/>
        <vehicle id="cfm-slow_3" eclass="HBEFA3/PC_G_EU4" CO2="15244.81" CO="257.00" HC="1.55" NOx="6.46" PMx="0.37" fuel="6.55" electricity="0.00" noise="76.09" route="routetop" type="cfm-slow" waiting="0.00" lane="left_0" pos="5.35" speed="27.96" angle="174.86" x="-3.97" y="52.11"/>
        <vehicle id="cfm-slow_4" eclass="HBEFA3/PC_G_EU4" CO2="8680.51" CO="129.36" HC="0.81" NOx="3.34" PMx="0.20" fuel="3.73" electricity="0.00" noise="74.22" route="routetop" type="cfm-slow" waiting="0.00" lane="left_0" pos="28.61" speed="29.17" angle="133.00" x="20.95" y="9.99"/>
        <vehicle id="cfm-slow_5" eclass="HBEFA3/PC_G_EU4" CO2="0.00" CO="0.00" HC="0.00" NOx="0.00" PMx="0.00" fuel="0.00" electricity="0.00" noise="72.88" route="routebottom" type="cfm-slow" waiting="0.00" lane="bottom_0" pos="3.02" speed="29.37" angle="89.08" x="70.24" y="-4.62"/>
    </timestep>
    <timestep time="5.64">
        <vehicle id="cfm-fast_0" eclass="HBEFA3/PC_G_EU4" CO2="0.00" CO="0.00" HC="0.00" NOx="0.00" PMx="0.00" fuel="0.00" electricity="0.00" noise="71.92" route="routebottom" type="cfm-fast" waiting="0.00" lane="bottom_0" pos="27.82" speed="28.59" angle="44.40" x="116.27" y="19.64"/>
        <vehicle id="cfm-fast_1" eclass="HBEFA3/PC_G_EU4" CO2="201096.20" CO="5140.13" HC="28.52" NOx="93.40" PMx="5.69" fuel="86.44" electricity="0.00" noise="128.81" route="routetop" type="cfm-fast" waiting="0.00" lane="top_1" pos="24.72" speed="71.90" angle="230.02" x="17.90" y="110.24"/>
        <vehicle id="cfm-fast_2" eclass="HBEFA3/PC_G_EU4" CO2="0.00" CO="0.00" HC="0.00" NOx="0.00" PMx="0.00" fuel="0.00" electricity="0.00" noise="70.94" route="routebottom" type="cfm-fast" waiting="0.00" lane="bottom_0" pos="47.70" speed="26.88" angle="8.76" x="132.09" y="58.62"/>
        <vehicle id="cfm-fast_3" eclass="HBEFA3/PC_G_EU4" CO2="0.00" CO="0.00" HC="0.00" NOx="0.00" PMx="0.00" fuel="0.00" electricity="0.00" noise="70.00" route="routebottom" type="cfm-fast" waiting="0.00" lane="right_0" pos="15.66" speed="25.13" angle="336.27" x="124.12" y="96.09"/>
        <vehicle id="cfm-fast_4" eclass="HBEFA3/PC_G_EU4" CO2="0.00" CO="0.00" HC="0.00" NOx="0.00" PMx="0.00" fuel="0.00" electricity="0.00" noise="70.11" route="routebottom" type="cfm-fast" waiting="0.00" lane="right_0" pos="31.78" speed="23.47" angle="307.32" x="100.84" y="121.32"/>
        <vehicle id="cfm-fast_5" eclass="HBEFA3/PC_G_EU4" CO2="312455.44" CO="7655.66" HC="42.77" NOx="145.88" PMx="8.69" fuel="134.31" electricity="0.00" noise="151.97" route="routetop" type="cfm-fast" waiting="0.00" lane="left_1" pos="42.43" speed="76.91" angle="108.14" x="48.27" y="0.20"/>
        <vehicle id="cfm-slow_0" eclass="HBEFA3/PC_G_EU4" CO2="13079.84" CO="194.17" HC="1.21" NOx="5.56" PMx="0.29" fuel="5.62" electricity="0.00" noise="74.09" route="routebottom" type="cfm-slow" waiting="0.00" lane="right_0" pos="46.64" speed="22.76" angle="280.64" x="70.97" y="131.88"/>
        <vehicle id="cfm-slow_1" eclass="HBEFA3/PC_G_EU4" CO2="16502.36" CO="267.60" HC="1.63" NOx="7.14" PMx="0.39" fuel="7.09" electricity="0.00" noise="76.17" route="routetop" type="cfm-slow" waiting="0.00" lane="top_0" pos="14.63" speed="24.27" angle="248.12" x="33.19" y="125.13"/>
        <vehicle id="cfm-slow_2" eclass="HBEFA3/PC_G_EU4" CO2="17892.23" CO="302.57" HC="1.82" NOx="7.75" PMx="0.43" fuel="7.69" electricity="0.00" noise="77.05" route="routetop" type="cfm-slow" waiting="0.00" lane="top_0" pos="34.18" speed="26.14" angle="213.01" x="3.38" y="96.41"/>
        <vehicle id="cfm-slow_3" eclass="HBEFA3/PC_G_EU4" CO2="15177.94" CO="255.71" HC="1.54" NOx="6.43" PMx="0.36" fuel="6.52" electricity="0.00" noise="76.06" route="routetop" type="cfm-slow" waiting="0.00" lane="left_0" pos="5.63" speed="27.97" angle="174.35" x="-3.86" y="51.52"/>
        <vehicle id="cfm-slow_4" eclass="HBEFA3/PC_G_EU4" CO2="8600.45" CO="127.73" HC="0.80" NOx="3.30" PMx="0.20" fuel="3.70" electricity="0.00" noise="74.20" route="routetop" type="cfm-slow" waiting="0.00" lane="left_0" pos="28.90" speed="29.17" angle="132.46" x="21.44" y="9.60"/>
        <vehicle id="cfm-slow_5" eclass="HBEFA3/PC_G_EU4" CO2="0.00" CO="0.00" HC="0.00" NOx="0.00" PMx="0.00" fuel="0.00" electricity="0.00" noise="72.86" route="routebottom" type="cfm-slow" waiting="0.00" lane="bottom_0" pos="3.31" speed="29.37" angle="88.55" x="70.87" y="-4.56"/>
    </timestep>
    <timestep time="5.65">
        <vehicle id="cfm-fast_0" eclass="HBEFA3/PC_G_EU4" CO2="0.00" CO="0.00" HC="0.00" NOx="0.00" PMx="0.00" fuel="0.00" electricity="0.00" noise="71.91" route="routebottom" type="cfm-fast" waiting="0.00" lane="bottom_0" pos="28.11" speed="28.58" angle="43.88" x="116.66" y="20.11"/>
        <vehicle id="cfm-fast_1" eclass="HBEFA3/PC_G_EU4" CO2="201529.61" CO="5152.85" HC="28.59" NOx="93.60" PMx="5.70" fuel="86.63" electricity="0.00" noise="128.88" route="routetop" type="cfm-fast" waiting="0.00" lane="top_1" pos="25.44" speed="71.99" angle="228.73" x="16.85" y="109.20"/>
        <vehicle id="cfm-fast_2" eclass="HBEFA3/PC_G_EU4" CO2="0.00" CO="0.00" HC="0.00" NOx="0.00" PMx="0.00" fuel="0.00" electricity="0.00" noise="70.93" route="routebottom" type="cfm-fast" waiting="0.00" lane="bottom_0" pos="47.96" speed="26.86" angle="8.25" x="132.12" y="59.19"/>
        <vehicle id="cfm-fast_3" eclass="HBEFA3/PC_G_EU4" CO2="0.00" CO="0.00" HC="0.00" NOx="0.00" PMx="0.00" fuel="0.00" electricity="0.00" noise="70.00" route="routebottom" type="cfm-fast" waiting="0.00" lane="right_0" pos="15.91" speed="25.11" angle="335.82" x="123.85" y="96.56"/>
        <vehicle id="cfm-fast_4" eclass="HBEFA3/PC_G_EU4" CO2="0.00" CO="0.00" HC="0.00" NOx="0.00" PMx="0.00" fuel="0.00" electricity="0.00" noise="70.12" route="routebottom" type="cfm-fast" waiting="0.00" lane="right_0" pos="32.02" speed="23.46" angle="306.94" x="100.42" y="121.61"/>
        <vehicle id="cfm-fast_5" eclass="HBEFA3/PC_G_EU4" CO2="313087.26" CO="7675.03" HC="42.87" NOx="146.18" PMx="8.71" fuel="134.58" electricity="0.00" noise="152.04" route="routetop" type="cfm-fast" waiting="0.00" lane="left_1" pos="43.21" speed="77.05" angle="106.76" x="49.81" y="-0.15"/>
        <vehicle id="cfm-slow_0" eclass="HBEFA3/PC_G_EU4" CO2="13106.98" CO="194.75" HC="1.21" NOx="5.57" PMx="0.30" fuel="5.63" electricity="0.00" noise="74.11" route="routebottom" type="cfm-slow" waiting="0.00" lane="right_0" pos="46.87" speed="22.78" angle="280.22" x="70.49" y="131.93"/>
        <vehicle id="cfm-slow_1" eclass="HBEFA3/PC_G_EU4" CO2="16511.90" CO="267.85" HC="1.63" NOx="7.14" PMx="0.39" fuel="7.10" electricity="0.00" noise="76.17" route="routetop" type="cfm-slow" waiting="0.00" lane="top_0" pos="14.87" speed="24.28" angle="247.66" x="32.73" y="124.89"/>
        <vehicle id="cfm-slow_2" eclass="HBEFA3/PC_G_EU4" CO2="17864.37" CO="302.08" HC="1.82" NOx="7.74" PMx="0.43" fuel="7.68" electricity="0.00" noise="77.04" route="routetop" type="cfm-slow" waiting="0.00" lane="top_0" pos="34.44" speed="26.16" angle="212.53" x="3.11" y="95.92"/>
        <vehicle id="cfm-slow_3" eclass="HBEFA3/PC_G_EU4" CO2="15110.96" CO="254.40" HC="1.54" NOx="6.40" PMx="0.36" fuel="6.50" electricity="0.00" noise="76.04" route="routetop" type="cfm-slow" waiting="0.00" lane="left_0" pos="5.91" speed="27.98" angle="173.84" x="-3.75" y="50.93"/>
        <vehicle id="cfm-slow_4" eclass="HBEFA3/PC_G_EU4" CO2="8520.54" CO="126.12" HC="0.79" NOx="3.26" PMx="0.19" fuel="3.66" electricity="0.00" noise="74.18" route="routetop" type="cfm-slow" waiting="0.00" lane="left_0" pos="29.19" speed="29.18" angle="131.92" x="21.93" y="9.21"/>
        <vehicle id="cfm-slow_5" eclass="HBEFA3/PC_G_EU4" CO2="0.00" CO="0.00" HC="0.00" NOx="0.00" PMx="0.00" fuel="0.00" electricity="0.00" noise="72.85" route="routebottom" type="cfm-slow" waiting="0.00" lane="bottom_0" pos="3.61" speed="29.36" angle="88.03" x="71.50" y="-4.49"/>
    </timestep>
    <timestep time="5.66">
        <vehicle id="cfm-fast_0" eclass="HBEFA3/PC_G_EU4" CO2="0.00" CO="0.00" HC="0.00" NOx="0.00" PMx="0.00" fuel="0.00" electricity="0.00" noise="71.90" route="routebottom" type="cfm-fast" waiting="0.00" lane="bottom_0" pos="28.39" speed="28.57" angle="43.40" x="117.05" y="20.58"/>
        <vehicle id="cfm-fast_1" eclass="HBEFA3/PC_G_EU4" CO2="201969.29" CO="5165.70" HC="28.66" NOx="93.81" PMx="5.71" fuel="86.82" electricity="0.00" noise="128.96" route="routetop" type="cfm-fast" waiting="0.00" lane="top_1" pos="26.16" speed="72.08" angle="227.46" x="15.84" y="108.12"/>
        <vehicle id="cfm-fast_2" eclass="HBEFA3/PC_G_EU4" CO2="0.00" CO="0.00" HC="0.00" NOx="0.00" PMx="0.00" fuel="0.00" electricity="0.00" noise="70.92" route="routebottom" type="cfm-fast" waiting="0.00" lane="bottom_0" pos="48.23" speed="26.85" angle="7.75" x="132.15" y="59.77"/>
        <vehicle id="cfm-fast_3" eclass="HBEFA3/PC_G_EU4" CO2="0.00" CO="0.00" HC="0.00" NOx="0.00" PMx="0.00" fuel="0.00" electricity="0.00" noise="69.99" route="routebottom" type="cfm-fast" waiting="0.00" lane="right_0" pos="16.16" speed="25.10" angle="335.36" x="123.59" y="97.04"/>
        <vehicle id="cfm-fast_4" eclass="HBEFA3/PC_G_EU4" CO2="0.00" CO="0.00" HC="0.00" NOx="0.00" PMx="0.00" fuel="0.00" electricity="0.00" noise="70.14" route="routebottom" type="cfm-fast" waiting="0.00" lane="right_0" pos="32.25" speed="23.46" angle="306.52" x="99.99" y="121.87"/>
        <vehicle id="cfm-fast_5" eclass="HBEFA3/PC_G_EU4" CO2="313719.37" CO="7694.42" HC="42.98" NOx="146.48" PMx="8.72" fuel="134.85" electricity="0.00" noise="152.10" route="routetop" type="cfm-fast" waiting="0.00" lane="left_1" pos="43.98" speed="77.18" angle="105.40" x="51.36" y="-0.47"/>
        <vehicle id="cfm-slow_0" eclass="HBEFA3/PC_G_EU4" CO2="13134.02" CO="195.33" HC="1.21" NOx="5.58" PMx="0.30" fuel="5.65" electricity="0.00" noise="74.12" route="routebottom" type="cfm-slow" waiting="0.00" lane="right_0" pos="47.10" speed="22.79" angle="279.81" x="70.00" y="131.98"/>
        <vehicle id="cfm-slow_1" eclass="HBEFA3/PC_G_EU4" CO2="16521.16" CO="268.09" HC="1.63" NOx="7.15" PMx="0.39" fuel="7.10" electricity="0.00" noise="76.18" route="routetop" type="cfm-slow" waiting="0.00" lane="top_0" pos="15.12" speed="24.30" angle="247.19" x="32.26" y="124.66"/>
        <vehicle id="cfm-slow_2" eclass="HBEFA3/PC_G_EU4" CO2="17836.17" CO="301.58" HC="1.82" NOx="7.73" PMx="0.43" fuel="7.67" electricity="0.00" noise="77.03" route="routetop" type="cfm-slow" waiting="0.00" lane="top_0" pos="34.70" speed="26.18" angle="212.12" x="2.84" y="95.42"/>
        <vehicle id="cfm-slow_3" eclass="HBEFA3/PC_G_EU4" CO2="15043.86" CO="253.10" HC="1.53" NOx="6.37" PMx="0.36" fuel="6.47" electricity="0.00" noise="76.01" route="routetop" type="cfm-slow" waiting="0.00" lane="left_0" pos="6.19" speed="28.00" angle="173.33" x="-3.64" y="50.34"/>
        <vehicle id="cfm-slow_4" eclass="HBEFA3/PC_G_EU4" CO2="8440.80" CO="124.50" HC="0.78" NOx="3.23" PMx="0.19" fuel="3.63" electricity="0.00" noise="74.16" route="routetop" type="cfm-slow" waiting="0.00" lane="left_0" pos="29.48" speed="29.18" angle="131.43" x="22.43" y="8.83"/>
        <vehicle id="cfm-slow_5" eclass="HBEFA3/PC_G_EU4" CO2="0.00" CO="0.00" HC="0.00" NOx="0.00" PMx="0.00" fuel="0.00" electricity="0.00" noise="72.84" route="routebottom" type="cfm-slow" waiting="0.00" lane="bottom_0" pos="3.90" speed="29.35" angle="87.52" x="72.13" y="-4.42"/>
    </timestep>
    <timestep time="5.67">
        <vehicle id="cfm-fast_0" eclass="HBEFA3/PC_G_EU4" CO2="0.00" CO="0.00" HC="0.00" NOx="0.00" PMx="0.00" fuel="0.00" electricity="0.00" noise="71.89" route="routebottom" type="cfm-fast" waiting="0.00" lane="bottom_0" pos="28.68" speed="28.55" angle="42.87" x="117.43" y="21.07"/>
        <vehicle id="cfm-fast_1" eclass="HBEFA3/PC_G_EU4" CO2="202415.15" CO="5178.69" HC="28.73" NOx="94.02" PMx="5.72" fuel="87.01" electricity="0.00" noise="129.04" route="routetop" type="cfm-fast" waiting="0.00" lane="top_1" pos="26.88" speed="72.17" angle="226.16" x="14.83" y="107.04"/>
        <vehicle id="cfm-fast_2" eclass="HBEFA3/PC_G_EU4" CO2="0.00" CO="0.00" HC="0.00" NOx="0.00" PMx="0.00" fuel="0.00" electricity="0.00" noise="70.91" route="routebottom" type="cfm-fast" waiting="0.00" lane="bottom_0" pos="48.50" speed="26.83" angle="7.24" x="132.19" y="60.35"/>
        <vehicle id="cfm-fast_3" eclass="HBEFA3/PC_G_EU4" CO2="0.00" CO="0.00" HC="0.00" NOx="0.00" PMx="0.00" fuel="0.00" electricity="0.00" noise="69.99" route="routebottom" type="cfm-fast" waiting="0.00" lane="right_0" pos="16.41" speed="25.08" angle="334.91" x="123.33" y="97.51"/>
        <vehicle id="cfm-fast_4" eclass="HBEFA3/PC_G_EU4" CO2="0.00" CO="0.00" HC="0.00" NOx="0.00" PMx="0.00" fuel="0.00" electricity="0.00" noise="70.16" route="routebottom" type="cfm-fast" waiting="0.00" lane="right_0" pos="32.49" speed="23.46" angle="306.08" x="99.56" y="122.13"/>
        <vehicle id="cfm-fast_5" eclass="HBEFA3/PC_G_EU4" CO2="314351.77" CO="7713.83" HC="43.08" NOx="146.77" PMx="8.74" fuel="135.12" electricity="0.00" noise="152.17" route="routetop" type="cfm-fast" waiting="0.00" lane="left_1" pos="44.75" speed="77.32" angle="103.96" x="52.91" y="-0.76"/>
        <vehicle id="cfm-slow_0" eclass="HBEFA3/PC_G_EU4" CO2="13160.95" CO="195.90" HC="1.22" NOx="5.60" PMx="0.30" fuel="5.66" electricity="0.00" noise="74.14" route="routebottom" type="cfm-slow" waiting="0.00" lane="right_0" pos="47.32" speed="22.81" angle="279.39" x="69.51" y="132.03"/>
        <vehicle id="cfm-slow_1" eclass="HBEFA3/PC_G_EU4" CO2="16530.14" CO="268.33" HC="1.63" NOx="7.15" PMx="0.39" fuel="7.11" electricity="0.00" noise="76.19" route="routetop" type="cfm-slow" waiting="0.00" lane="top_0" pos="15.36" speed="24.32" angle="246.80" x="31.79" y="124.42"/>
        <vehicle id="cfm-slow_2" eclass="HBEFA3/PC_G_EU4" CO2="17807.65" CO="301.07" HC="1.81" NOx="7.71" PMx="0.43" fuel="7.65" electricity="0.00" noise="77.01" route="routetop" type="cfm-slow" waiting="0.00" lane="top_0" pos="34.96" speed="26.20" angle="211.63" x="2.59" y="94.92"/>
        <vehicle id="cfm-slow_3" eclass="HBEFA3/PC_G_EU4" CO2="14976.65" CO="251.79" HC="1.52" NOx="6.34" PMx="0.36" fuel="6.44" electricity="0.00" noise="75.99" route="routetop" type="cfm-slow" waiting="0.00" lane="left_0" pos="6.47" speed="28.01" angle="172.86" x="-3.53" y="49.75"/>
        <vehicle id="cfm-slow_4" eclass="HBEFA3/PC_G_EU4" CO2="8361.21" CO="122.89" HC="0.77" NOx="3.19" PMx="0.19" fuel="3.59" electricity="0.00" noise="74.15" route="routetop" type="cfm-slow" waiting="0.00" lane="left_0" pos="29.78" speed="29.18" angle="130.90" x="22.94" y="8.46"/>
        <vehicle id="cfm-slow_5" eclass="HBEFA3/PC_G_EU4" CO2="0.00" CO="0.00" HC="0.00" NOx="0.00" PMx="0.00" fuel="0.00" electricity="0.00" noise="72.83" route="routebottom" type="cfm-slow" waiting="0.00" lane="bottom_0" pos="4.19" speed="29.35" angle="86.98" x="72.75" y="-4.34"/>
    </timestep>
    <timestep time="5.68">
        <vehicle id="cfm-fast_0" eclass="HBEFA3/PC_G_EU4" CO2="0.00" CO="0.00" HC="0.00" NOx="0.00" PMx="0.00" fuel="0.00" electricity="0.00" noise="71.88" route="routebottom" type="cfm-fast" waiting="0.00" lane="bottom_0" pos="28.96" speed="28.54" angle="42.34" x="117.81" y="21.55"/>
        <vehicle id="cfm-fast_1" eclass="HBEFA3/PC_G_EU4" CO2="202867.13" CO="5191.81" HC="28.80" NOx="94.23" PMx="5.74" fuel="87.20" electricity="0.00" noise="129.12" route="routetop" type="cfm-fast" waiting="0.00" lane="top_1" pos="27.60" speed="72.26" angle="224.80" x="13.87" y="105.91"/>
        <vehicle id="cfm-fast_2" eclass="HBEFA3/PC_G_EU4" CO2="0.00" CO="0.00" HC="0.00" NOx="0.00" PMx="0.00" fuel="0.00" electricity="0.00" noise="70.90" route="routebottom" type="cfm-fast" waiting="0.00" lane="bottom_0" pos="48.77" speed="26.82" angle="6.80" x="132.22" y="60.92"/>
        <vehicle id="cfm-fast_3" eclass="HBEFA3/PC_G_EU4" CO2="0.00" CO="0.00" HC="0.00" NOx="0.00" PMx="0.00" fuel="0.00" electricity="0.00" noise="69.99" route="routebottom" type="cfm-fast" waiting="0.00" lane="right_0" pos="16.66" speed="25.07" angle="334.50" x="123.07" y="97.98"/>
        <vehicle id="cfm-fast_4" eclass="HBEFA3/PC_G_EU4" CO2="0.00" CO="0.00" HC="0.00" NOx="0.00" PMx="0.00" fuel="0.00" electricity="0.00" noise="70.17" route="routebottom" type="cfm-fast" waiting="0.00" lane="right_0" pos="32.72" speed="23.46" angle="305.63" x="99.12" y="122.39"/>
        <vehicle id="cfm-fast_5" eclass="HBEFA3/PC_G_EU4" CO2="314984.47" CO="7733.26" HC="43.19" NOx="147.07" PMx="8.76" fuel="135.40" electricity="0.00" noise="152.23" route="routetop" type="cfm-fast" waiting="0.00" lane="left_1" pos="45.52" speed="77.45" angle="102.60" x="54.49" y="-0.99"/>
        <vehicle id="cfm-slow_0" eclass="HBEFA3/PC_G_EU4" CO2="13187.77" CO="196.48" HC="1.22" NOx="5.61" PMx="0.30" fuel="5.67" electricity="0.00" noise="74.16" route="routebottom" type="cfm-slow" waiting="0.00" lane="right_0" pos="47.55" speed="22.82" angle="279.03" x="69.02" y="132.07"/>
        <vehicle id="cfm-slow_1" eclass="HBEFA3/PC_G_EU4" CO2="16538.83" CO="268.56" HC="1.63" NOx="7.16" PMx="0.39" fuel="7.11" electricity="0.00" noise="76.19" route="routetop" type="cfm-slow" waiting="0.00" lane="top_0" pos="15.60" speed="24.34" angle="246.36" x="31.34" y="124.17"/>
        <vehicle id="cfm-slow_2" eclass="HBEFA3/PC_G_EU4" CO2="17778.80" CO="300.56" HC="1.81" NOx="7.70" PMx="0.43" fuel="7.64" electricity="0.00" noise="77.00" route="routetop" type="cfm-slow" waiting="0.00" lane="top_0" pos="35.22" speed="26.22" angle="211.15" x="2.34" y="94.41"/>
        <vehicle id="cfm-slow_3" eclass="HBEFA3/PC_G_EU4" CO2="14909.33" CO="250.48" HC="1.51" NOx="6.30" PMx="0.36" fuel="6.41" electricity="0.00" noise="75.96" route="routetop" type="cfm-slow" waiting="0.00" lane="left_0" pos="6.75" speed="28.02" angle="172.32" x="-3.39" y="49.16"/>
        <vehicle id="cfm-slow_4" eclass="HBEFA3/PC_G_EU4" CO2="8281.77" CO="121.28" HC="0.76" NOx="3.15" PMx="0.19" fuel="3.56" electricity="0.00" noise="74.13" route="routetop" type="cfm-slow" waiting="0.00" lane="left_0" pos="30.07" speed="29.19" angle="130.37" x="23.45" y="8.09"/>
        <vehicle id="cfm-slow_5" eclass="HBEFA3/PC_G_EU4" CO2="0.00" CO="0.00" HC="0.00" NOx="0.00" PMx="0.00" fuel="0.00" electricity="0.00" noise="72.82" route="routebottom" type="cfm-slow" waiting="0.00" lane="bottom_0" pos="4.49" speed="29.34" angle="86.45" x="73.38" y="-4.25"/>
    </timestep>
    <timestep time="5.69">
        <vehicle id="cfm-fast_0" eclass="HBEFA3/PC_G_EU4" CO2="0.00" CO="0.00" HC="0.00" NOx="0.00" PMx="0.00" fuel="0.00" electricity="0.00" noise="71.87" route="routebottom" type="cfm-fast" waiting="0.00" lane="bottom_0" pos="29.25" speed="28.53" angle="41.81" x="118.18" y="22.03"/>
        <vehicle id="cfm-fast_1" eclass="HBEFA3/PC_G_EU4" CO2="203325.13" CO="5205.07" HC="28.88" NOx="94.44" PMx="5.75" fuel="87.40" electricity="0.00" noise="129.20" route="routetop" type="cfm-fast" waiting="0.00" lane="top_1" pos="28.33" speed="72.35" angle="223.50" x="12.92" y="104.77"/>
        <vehicle id="cfm-fast_2" eclass="HBEFA3/PC_G_EU4" CO2="0.00" CO="0.00" HC="0.00" NOx="0.00" PMx="0.00" fuel="0.00" electricity="0.00" noise="70.89" route="routebottom" type="cfm-fast" waiting="0.00" lane="bottom_0" pos="49.04" speed="26.80" angle="6.30" x="132.23" y="61.50"/>
        <vehicle id="cfm-fast_3" eclass="HBEFA3/PC_G_EU4" CO2="0.00" CO="0.00" HC="0.00" NOx="0.00" PMx="0.00" fuel="0.00" electricity="0.00" noise="69.98" route="routebottom" type="cfm-fast" waiting="0.00" lane="right_0" pos="16.91" speed="25.05" angle="334.05" x="122.79" y="98.44"/>
        <vehicle id="cfm-fast_4" eclass="HBEFA3/PC_G_EU4" CO2="0.00" CO="0.00" HC="0.00" NOx="0.00" PMx="0.00" fuel="0.00" electricity="0.00" noise="70.19" route="routebottom" type="cfm-fast" waiting="0.00" lane="right_0" pos="32.96" speed="23.45" angle="305.19" x="98.69" y="122.64"/>
        <vehicle id="cfm-fast_5" eclass="HBEFA3/PC_G_EU4" CO2="315617.46" CO="7752.72" HC="43.29" NOx="147.37" PMx="8.78" fuel="135.67" electricity="0.00" noise="152.30" route="routetop" type="cfm-fast" waiting="0.00" lane="left_1" pos="46.30" speed="77.59" angle="101.24" x="56.06" y="-1.21"/>
        <vehicle id="cfm-slow_0" eclass="HBEFA3/PC_G_EU4" CO2="13214.48" CO="197.05" HC="1.22" NOx="5.62" PMx="0.30" fuel="5.68" electricity="0.00" noise="74.18" route="routebottom" type="cfm-slow" waiting="0.00" lane="right_0" pos="47.78" speed="22.84" angle="278.60" x="68.53" y="132.10"/>
        <vehicle id="cfm-slow_1" eclass="HBEFA3/PC_G_EU4" CO2="16547.22" CO="268.78" HC="1.63" NOx="7.16" PMx="0.39" fuel="7.11" electricity="0.00" noise="76.20" route="routetop" type="cfm-slow" waiting="0.00" lane="top_0" pos="15.85" speed="24.36" angle="245.92" x="30.88" y="123.92"/>
        <vehicle id="cfm-slow_2" eclass="HBEFA3/PC_G_EU4" CO2="17749.63" CO="300.04" HC="1.81" NOx="7.68" PMx="0.43" fuel="7.63" electricity="0.00" noise="76.99" route="routetop" type="cfm-slow" waiting="0.00" lane="top_0" pos="35.49" speed="26.24" angle="210.66" x="2.09" y="93.91"/>
        <vehicle id="cfm-slow_3" eclass="HBEFA3/PC_G_EU4" CO2="14841.91" CO="249.17" HC="1.51" NOx="6.27" PMx="0.35" fuel="6.38" electricity="0.00" noise="75.94" route="routetop" type="cfm-slow" waiting="0.00" lane="left_0" pos="7.03" speed="28.04" angle="171.78" x="-3.26" y="48.57"/>
        <vehicle id="cfm-slow_4" eclass="HBEFA3/PC_G_EU4" CO2="8202.50" CO="119.67" HC="0.75" NOx="3.11" PMx="0.19" fuel="3.53" electricity="0.00" noise="74.11" route="routetop" type="cfm-slow" waiting="0.00" lane="left_0" pos="30.36" speed="29.19" angle="129.83" x="23.96" y="7.72"/>
        <vehicle id="cfm-slow_5" eclass="HBEFA3/PC_G_EU4" CO2="0.00" CO="0.00" HC="0.00" NOx="0.00" PMx="0.00" fuel="0.00" electricity="0.00" noise="72.81" route="routebottom" type="cfm-slow" waiting="0.00" lane="bottom_0" pos="4.78" speed="29.34" angle="85.92" x="74.00" y="-4.16"/>
    </timestep>
    <timestep time="5.70">
        <vehicle id="cfm-fast_0" eclass="HBEFA3/PC_G_EU4" CO2="0.00" CO="0.00" HC="0.00" NOx="0.00" PMx="0.00" fuel="0.00" electricity="0.00" noise="71.86" route="routebottom" type="cfm-fast" waiting="0.00" lane="bottom_0" pos="29.53" speed="28.51" angle="41.34" x="118.56" y="22.52"/>
        <vehicle id="cfm-fast_1" eclass="HBEFA3/PC_G_EU4" CO2="203789.07" CO="5218.47" HC="28.95" NOx="94.66" PMx="5.77" fuel="87.60" electricity="0.00" noise="129.28" route="routetop" type="cfm-fast" waiting="0.00" lane="top_1" pos="29.05" speed="72.44" angle="222.18" x="12.01" y="103.60"/>
        <vehicle id="cfm-fast_2" eclass="HBEFA3/PC_G_EU4" CO2="0.00" CO="0.00" HC="0.00" NOx="0.00" PMx="0.00" fuel="0.00" electricity="0.00" noise="70.89" route="routebottom" type="cfm-fast" waiting="0.00" lane="bottom_0" pos="49.31" speed="26.79" angle="5.80" x="132.24" y="62.08"/>
        <vehicle id="cfm-fast_3" eclass="HBEFA3/PC_G_EU4" CO2="0.00" CO="0.00" HC="0.00" NOx="0.00" PMx="0.00" fuel="0.00" electricity="0.00" noise="69.98" route="routebottom" type="cfm-fast" waiting="0.00" lane="right_0" pos="17.16" speed="25.04" angle="333.60" x="122.52" y="98.90"/>
        <vehicle id="cfm-fast_4" eclass="HBEFA3/PC_G_EU4" CO2="0.00" CO="0.00" HC="0.00" NOx="0.00" PMx="0.00" fuel="0.00" electricity="0.00" noise="70.21" route="routebottom" type="cfm-fast" waiting="0.00" lane="right_0" pos="33.19" speed="23.45" angle="304.74" x="98.26" y="122.90"/>
        <vehicle id="cfm-fast_5" eclass="HBEFA3/PC_G_EU4" CO2="316250.73" CO="7772.20" HC="43.40" NOx="147.66" PMx="8.80" fuel="135.94" electricity="0.00" noise="152.37" route="routetop" type="cfm-fast" waiting="0.00" lane="left_1" pos="47.08" speed="77.73" angle="99.79" x="57.65" y="-1.36"/>
        <vehicle id="cfm-slow_0" eclass="HBEFA3/PC_G_EU4" CO2="13241.08" CO="197.62" HC="1.23" NOx="5.63" PMx="0.30" fuel="5.69" electricity="0.00" noise="74.19" route="routebottom" type="cfm-slow" waiting="0.00" lane="right_0" pos="48.01" speed="22.86" angle="278.17" x="68.04" y="132.13"/>
        <vehicle id="cfm-slow_1" eclass="HBEFA3/PC_G_EU4" CO2="16555.33" CO="269.00" HC="1.64" NOx="7.16" PMx="0.39" fuel="7.12" electricity="0.00" noise="76.20" route="routetop" type="cfm-slow" waiting="0.00" lane="top_0" pos="16.09" speed="24.38" angle="245.48" x="30.42" y="123.66"/>
        <vehicle id="cfm-slow_2" eclass="HBEFA3/PC_G_EU4" CO2="17720.14" CO="299.52" HC="1.81" NOx="7.67" PMx="0.42" fuel="7.62" electricity="0.00" noise="76.97" route="routetop" type="cfm-slow" waiting="0.00" lane="top_0" pos="35.75" speed="26.26" angle="210.18" x="1.84" y="93.40"/>
        <vehicle id="cfm-slow_3" eclass="HBEFA3/PC_G_EU4" CO2="14774.38" CO="247.86" HC="1.50" NOx="6.24" PMx="0.35" fuel="6.35" electricity="0.00" noise="75.91" route="routetop" type="cfm-slow" waiting="0.00" lane="left_0" pos="7.31" speed="28.05" angle="171.24" x="-3.12" y="47.98"/>
        <vehicle id="cfm-slow_4" eclass="HBEFA3/PC_G_EU4" CO2="8123.39" CO="118.06" HC="0.74" NOx="3.08" PMx="0.18" fuel="3.49" electricity="0.00" noise="74.09" route="routetop" type="cfm-slow" waiting="0.00" lane="left_0" pos="30.65" speed="29.19" angle="129.30" x="24.47" y="7.35"/>
        <vehicle id="cfm-slow_5" eclass="HBEFA3/PC_G_EU4" CO2="0.00" CO="0.00" HC="0.00" NOx="0.00" PMx="0.00" fuel="0.00" electricity="0.00" noise="72.80" route="routebottom" type="cfm-slow" waiting="0.00" lane="bottom_0" pos="5.07" speed="29.33" angle="85.35" x="74.63" y="-4.07"/>
    </timestep>
    <timestep time="5.71">
        <vehicle id="cfm-fast_0" eclass="HBEFA3/PC_G_EU4" CO2="0.00" CO="0.00" HC="0.00" NOx="0.00" PMx="0.00" fuel="0.00" electricity="0.00" noise="71.85" route="routebottom" type="cfm-fast" waiting="0.00" lane="bottom_0" pos="29.82" speed="28.50" angle="40.82" x="118.92" y="23.02"/>
        <vehicle id="cfm-fast_1" eclass="HBEFA3/PC_G_EU4" CO2="204258.88" CO="5231.99" HC="29.02" NOx="94.88" PMx="5.78" fuel="87.80" electricity="0.00" noise="129.36" route="routetop" type="cfm-fast" waiting="0.00" lane="top_1" pos="29.78" speed="72.53" angle="220.89" x="11.11" y="102.41"/>
        <vehicle id="cfm-fast_2" eclass="HBEFA3/PC_G_EU4" CO2="0.00" CO="0.00" HC="0.00" NOx="0.00" PMx="0.00" fuel="0.00" electricity="0.00" noise="70.88" route="routebottom" type="cfm-fast" waiting="0.00" lane="bottom_0" pos="49.57" speed="26.77" angle="5.30" x="132.25" y="62.65"/>
        <vehicle id="cfm-fast_3" eclass="HBEFA3/PC_G_EU4" CO2="0.00" CO="0.00" HC="0.00" NOx="0.00" PMx="0.00" fuel="0.00" electricity="0.00" noise="69.98" route="routebottom" type="cfm-fast" waiting="0.00" lane="right_0" pos="17.41" speed="25.02" angle="333.15" x="122.24" y="99.37"/>
        <vehicle id="cfm-fast_4" eclass="HBEFA3/PC_G_EU4" CO2="0.00" CO="0.00" HC="0.00" NOx="0.00" PMx="0.00" fuel="0.00" electricity="0.00" noise="70.22" route="routebottom" type="cfm-fast" waiting="0.00" lane="right_0" pos="33.42" speed="23.45" angle="304.37" x="97.82" y="123.16"/>
        <vehicle id="cfm-fast_5" eclass="HBEFA3/PC_G_EU4" CO2="316884.31" CO="7791.70" HC="43.50" NOx="147.96" PMx="8.82" fuel="136.21" electricity="0.00" noise="152.43" route="routetop" type="cfm-fast" waiting="0.00" lane="left_1" pos="47.86" speed="77.86" angle="98.41" x="59.24" y="-1.49"/>
        <vehicle id="cfm-slow_0" eclass="HBEFA3/PC_G_EU4" CO2="13267.57" CO="198.19" HC="1.23" NOx="5.65" PMx="0.30" fuel="5.70" electricity="0.00" noise="74.21" route="routebottom" type="cfm-slow" waiting="0.00" lane="right_0" pos="48.24" speed="22.87" angle="277.75" x="67.55" y="132.15"/>
        <vehicle id="cfm-slow_1" eclass="HBEFA3/PC_G_EU4" CO2="16563.15" CO="269.22" HC="1.64" NOx="7.17" PMx="0.39" fuel="7.12" electricity="0.00" noise="76.21" route="routetop" type="cfm-slow" waiting="0.00" lane="top_0" pos="16.34" speed="24.40" angle="245.04" x="29.96" y="123.41"/>
        <vehicle id="cfm-slow_2" eclass="HBEFA3/PC_G_EU4" CO2="17690.32" CO="298.98" HC="1.80" NOx="7.66" PMx="0.42" fuel="7.60" electricity="0.00" noise="76.96" route="routetop" type="cfm-slow" waiting="0.00" lane="top_0" pos="36.01" speed="26.28" angle="209.75" x="1.59" y="92.89"/>
        <vehicle id="cfm-slow_3" eclass="HBEFA3/PC_G_EU4" CO2="14706.75" CO="246.54" HC="1.49" NOx="6.21" PMx="0.35" fuel="6.32" electricity="0.00" noise="75.89" route="routetop" type="cfm-slow" waiting="0.00" lane="left_0" pos="7.59" speed="28.06" angle="170.74" x="-2.99" y="47.39"/>
        <vehicle id="cfm-slow_4" eclass="HBEFA3/PC_G_EU4" CO2="8044.44" CO="116.46" HC="0.73" NOx="3.04" PMx="0.18" fuel="3.46" electricity="0.00" noise="74.07" route="routetop" type="cfm-slow" waiting="0.00" lane="left_0" pos="30.94" speed="29.20" angle="128.83" x="24.98" y="7.00"/>
        <vehicle id="cfm-slow_5" eclass="HBEFA3/PC_G_EU4" CO2="0.00" CO="0.00" HC="0.00" NOx="0.00" PMx="0.00" fuel="0.00" electricity="0.00" noise="72.78" route="routebottom" type="cfm-slow" waiting="0.00" lane="bottom_0" pos="5.37" speed="29.32" angle="84.82" x="75.25" y="-3.96"/>
    </timestep>
    <timestep time="5.72">
        <vehicle id="cfm-fast_0" eclass="HBEFA3/PC_G_EU4" CO2="0.00" CO="0.00" HC="0.00" NOx="0.00" PMx="0.00" fuel="0.00" electricity="0.00" noise="71.84" route="routebottom" type="cfm-fast" waiting="0.00" lane="bottom_0" pos="30.10" speed="28.49" angle="40.30" x="119.28" y="23.51"/>
        <vehicle id="cfm-fast_1" eclass="HBEFA3/PC_G_EU4" CO2="204734.48" CO="5245.64" HC="29.10" NOx="95.11" PMx="5.79" fuel="88.01" electricity="0.00" noise="129.44" route="routetop" type="cfm-fast" waiting="0.00" lane="top_1" pos="30.50" speed="72.62" angle="219.52" x="10.24" y="101.21"/>
        <vehicle id="cfm-fast_2" eclass="HBEFA3/PC_G_EU4" CO2="0.00" CO="0.00" HC="0.00" NOx="0.00" PMx="0.00" fuel="0.00" electricity="0.00" noise="70.87" route="routebottom" type="cfm-fast" waiting="0.00" lane="bottom_0" pos="49.84" speed="26.76" angle="4.80" x="132.26" y="63.23"/>
        <vehicle id="cfm-fast_3" eclass="HBEFA3/PC_G_EU4" CO2="0.00" CO="0.00" HC="0.00" NOx="0.00" PMx="0.00" fuel="0.00" electricity="0.00" noise="69.97" route="routebottom" type="cfm-fast" waiting="0.00" lane="right_0" pos="17.66" speed="25.01" angle="332.70" x="121.97" y="99.83"/>
        <vehicle id="cfm-fast_4" eclass="HBEFA3/PC_G_EU4" CO2="0.00" CO="0.00" HC="0.00" NOx="0.00" PMx="0.00" fuel="0.00" electricity="0.00" noise="70.24" route="routebottom" type="cfm-fast" waiting="0.00" lane="right_0" pos="33.66" speed="23.45" angle="303.94" x="97.38" y="123.40"/>
        <vehicle id="cfm-fast_5" eclass="HBEFA3/PC_G_EU4" CO2="317518.17" CO="7811.22" HC="43.61" NOx="148.26" PMx="8.84" fuel="136.49" electricity="0.00" noise="152.50" route="routetop" type="cfm-fast" waiting="0.00" lane="left_1" pos="48.64" speed="78.00" angle="96.98" x="60.84" y="-1.59"/>
        <vehicle id="cfm-slow_0" eclass="HBEFA3/PC_G_EU4" CO2="13293.93" CO="198.75" HC="1.23" NOx="5.66" PMx="0.30" fuel="5.71" electricity="0.00" noise="74.23" route="routebottom" type="cfm-slow" waiting="0.00" lane="right_0" pos="48.47" speed="22.89" angle="277.32" x="67.06" y="132.18"/>
        <vehicle id="cfm-slow_1" eclass="HBEFA3/PC_G_EU4" CO2="16570.68" CO="269.42" HC="1.64" NOx="7.17" PMx="0.39" fuel="7.12" electricity="0.00" noise="76.21" route="routetop" type="cfm-slow" waiting="0.00" lane="top_0" pos="16.58" speed="24.42" angle="244.63" x="29.50" y="123.16"/>
        <vehicle id="cfm-slow_2" eclass="HBEFA3/PC_G_EU4" CO2="17660.19" CO="298.45" HC="1.80" NOx="7.64" PMx="0.42" fuel="7.59" electricity="0.00" noise="76.95" route="routetop" type="cfm-slow" waiting="0.00" lane="top_0" pos="36.27" speed="26.30" angle="209.26" x="1.36" y="92.38"/>
        <vehicle id="cfm-slow_3" eclass="HBEFA3/PC_G_EU4" CO2="14639.01" CO="245.22" HC="1.48" NOx="6.18" PMx="0.35" fuel="6.29" electricity="0.00" noise="75.86" route="routetop" type="cfm-slow" waiting="0.00" lane="left_0" pos="7.87" speed="28.08" angle="170.25" x="-2.83" y="46.81"/>
        <vehicle id="cfm-slow_4" eclass="HBEFA3/PC_G_EU4" CO2="7965.66" CO="114.86" HC="0.73" NOx="3.00" PMx="0.18" fuel="3.42" electricity="0.00" noise="74.05" route="routetop" type="cfm-slow" waiting="0.00" lane="left_0" pos="31.24" speed="29.20" angle="128.30" x="25.51" y="6.65"/>
        <vehicle id="cfm-slow_5" eclass="HBEFA3/PC_G_EU4" CO2="0.00" CO="0.00" HC="0.00" NOx="0.00" PMx="0.00" fuel="0.00" electricity="0.00" noise="72.77" route="routebottom" type="cfm-slow" waiting="0.00" lane="bottom_0" pos="5.66" speed="29.32" angle="84.28" x="75.87" y="-3.85"/>
    </timestep>
    <timestep time="5.73">
        <vehicle id="cfm-fast_0" eclass="HBEFA3/PC_G_EU4" CO2="0.00" CO="0.00" HC="0.00" NOx="0.00" PMx="0.00" fuel="0.00" electricity="0.00" noise="71.83" route="routebottom" type="cfm-fast" waiting="0.00" lane="bottom_0" pos="30.39" speed="28.47" angle="39.78" x="119.64" y="24.01"/>
        <vehicle id="cfm-fast_1" eclass="HBEFA3/PC_G_EU4" CO2="205215.79" CO="5259.43" HC="29.17" NOx="95.33" PMx="5.81" fuel="88.21" electricity="0.00" noise="129.53" route="routetop" type="cfm-fast" waiting="0.00" lane="top_1" pos="31.23" speed="72.71" angle="218.25" x="9.40" y="99.98"/>
        <vehicle id="cfm-fast_2" eclass="HBEFA3/PC_G_EU4" CO2="0.00" CO="0.00" HC="0.00" NOx="0.00" PMx="0.00" fuel="0.00" electricity="0.00" noise="70.86" route="routebottom" type="cfm-fast" waiting="0.00" lane="right_0" pos="0.11" speed="26.74" angle="4.27" x="132.27" y="63.99"/>
        <vehicle id="cfm-fast_3" eclass="HBEFA3/PC_G_EU4" CO2="0.00" CO="0.00" HC="0.00" NOx="0.00" PMx="0.00" fuel="0.00" electricity="0.00" noise="69.97" route="routebottom" type="cfm-fast" waiting="0.00" lane="right_0" pos="17.91" speed="24.99" angle="332.30" x="121.69" y="100.29"/>
        <vehicle id="cfm-fast_4" eclass="HBEFA3/PC_G_EU4" CO2="0.00" CO="0.00" HC="0.00" NOx="0.00" PMx="0.00" fuel="0.00" electricity="0.00" noise="70.26" route="routebottom" type="cfm-fast" waiting="0.00" lane="right_0" pos="33.89" speed="23.45" angle="303.52" x="96.94" y="123.65"/>
        <vehicle id="cfm-fast_5" eclass="HBEFA3/PC_G_EU4" CO2="318152.32" CO="7830.76" HC="43.71" NOx="148.56" PMx="8.86" fuel="136.76" electricity="0.00" noise="152.56" route="routetop" type="cfm-fast" waiting="0.00" lane="left_1" pos="49.42" speed="78.14" angle="95.56" x="62.44" y="-1.63"/>
        <vehicle id="cfm-slow_0" eclass="HBEFA3/PC_G_EU4" CO2="13320.18" CO="199.32" HC="1.24" NOx="5.67" PMx="0.30" fuel="5.73" electricity="0.00" noise="74.24" route="routebottom" type="cfm-slow" waiting="0.00" lane="right_0" pos="48.70" speed="22.90" angle="276.92" x="66.57" y="132.21"/>
        <vehicle id="cfm-slow_1" eclass="HBEFA3/PC_G_EU4" CO2="16577.92" CO="269.63" HC="1.64" NOx="7.17" PMx="0.39" fuel="7.13" electricity="0.00" noise="76.22" route="routetop" type="cfm-slow" waiting="0.00" lane="top_0" pos="16.82" speed="24.44" angle="244.21" x="29.04" y="122.89"/>
        <vehicle id="cfm-slow_2" eclass="HBEFA3/PC_G_EU4" CO2="17629.73" CO="297.90" HC="1.80" NOx="7.63" PMx="0.42" fuel="7.58" electricity="0.00" noise="76.93" route="routetop" type="cfm-slow" waiting="0.00" lane="top_0" pos="36.54" speed="26.32" angle="208.76" x="1.13" y="91.86"/>
        <vehicle id="cfm-slow_3" eclass="HBEFA3/PC_G_EU4" CO2="14571.18" CO="243.90" HC="1.48" NOx="6.14" PMx="0.35" fuel="6.26" electricity="0.00" noise="75.84" route="routetop" type="cfm-slow" waiting="0.00" lane="left_0" pos="8.15" speed="28.09" angle="169.74" x="-2.68" y="46.23"/>
        <vehicle id="cfm-slow_4" eclass="HBEFA3/PC_G_EU4" CO2="7887.04" CO="113.26" HC="0.72" NOx="2.97" PMx="0.18" fuel="3.39" electricity="0.00" noise="74.03" route="routetop" type="cfm-slow" waiting="0.00" lane="left_0" pos="31.53" speed="29.20" angle="127.78" x="26.03" y="6.30"/>
        <vehicle id="cfm-slow_5" eclass="HBEFA3/PC_G_EU4" CO2="0.00" CO="0.00" HC="0.00" NOx="0.00" PMx="0.00" fuel="0.00" electricity="0.00" noise="72.76" route="routebottom" type="cfm-slow" waiting="0.00" lane="bottom_0" pos="5.95" speed="29.31" angle="83.75" x="76.49" y="-3.73"/>
    </timestep>
    <timestep time="5.74">
        <vehicle id="cfm-fast_0" eclass="HBEFA3/PC_G_EU4" CO2="0.00" CO="0.00" HC="0.00" NOx="0.00" PMx="0.00" fuel="0.00" electricity="0.00" noise="71.82" route="routebottom" type="cfm-fast" waiting="0.00" lane="bottom_0" pos="30.67" speed="28.46" angle="39.27" x="119.99" y="24.51"/>
        <vehicle id="cfm-fast_1" eclass="HBEFA3/PC_G_EU4" CO2="205702.73" CO="5273.33" HC="29.25" NOx="95.56" PMx="5.82" fuel="88.42" electricity="0.00" noise="129.62" route="routetop" type="cfm-fast" waiting="0.00" lane="top_1" pos="31.96" speed="72.80" angle="216.96" x="8.57" y="98.73"/>
        <vehicle id="cfm-fast_2" eclass="HBEFA3/PC_G_EU4" CO2="0.00" CO="0.00" HC="0.00" NOx="0.00" PMx="0.00" fuel="0.00" electricity="0.00" noise="70.85" route="routebottom" type="cfm-fast" waiting="0.00" lane="right_0" pos="0.38" speed="26.73" angle="3.79" x="132.25" y="64.57"/>
        <vehicle id="cfm-fast_3" eclass="HBEFA3/PC_G_EU4" CO2="0.00" CO="0.00" HC="0.00" NOx="0.00" PMx="0.00" fuel="0.00" electricity="0.00" noise="69.97" route="routebottom" type="cfm-fast" waiting="0.00" lane="right_0" pos="18.16" speed="24.98" angle="331.83" x="121.39" y="100.74"/>
        <vehicle id="cfm-fast_4" eclass="HBEFA3/PC_G_EU4" CO2="0.00" CO="0.00" HC="0.00" NOx="0.00" PMx="0.00" fuel="0.00" electricity="0.00" noise="70.28" route="routebottom" type="cfm-fast" waiting="0.00" lane="right_0" pos="34.13" speed="23.44" angle="303.09" x="96.50" y="123.89"/>
        <vehicle id="cfm-fast_5" eclass="HBEFA3/PC_G_EU4" CO2="318786.77" CO="7850.32" HC="43.82" NOx="148.86" PMx="8.88" fuel="137.03" electricity="0.00" noise="152.63" route="routebottom" type="cfm-fast" waiting="0.00" lane="bottom_1" pos="0.20" speed="78.27" angle="94.13" x="64.10" y="-1.64"/>
        <vehicle id="cfm-slow_0" eclass="HBEFA3/PC_G_EU4" CO2="13346.31" CO="199.88" HC="1.24" NOx="5.68" PMx="0.30" fuel="5.74" electricity="0.00" noise="74.26" route="routebottom" type="cfm-slow" waiting="0.00" lane="right_0" pos="48.92" speed="22.92" angle="276.52" x="66.07" y="132.23"/>
        <vehicle id="cfm-slow_1" eclass="HBEFA3/PC_G_EU4" CO2="16584.86" CO="269.82" HC="1.64" NOx="7.17" PMx="0.39" fuel="7.13" electricity="0.00" noise="76.23" route="routetop" type="cfm-slow" waiting="0.00" lane="top_0" pos="17.07" speed="24.46" angle="243.77" x="28.59" y="122.62"/>
        <vehicle id="cfm-slow_2" eclass="HBEFA3/PC_G_EU4" CO2="17598.96" CO="297.35" HC="1.79" NOx="7.61" PMx="0.42" fuel="7.56" electricity="0.00" noise="76.92" route="routetop" type="cfm-slow" waiting="0.00" lane="top_0" pos="36.80" speed="26.33" angle="208.27" x="0.89" y="91.35"/>
        <vehicle id="cfm-slow_3" eclass="HBEFA3/PC_G_EU4" CO2="14503.26" CO="242.57" HC="1.47" NOx="6.11" PMx="0.35" fuel="6.23" electricity="0.00" noise="75.82" route="routetop" type="cfm-slow" waiting="0.00" lane="left_0" pos="8.43" speed="28.10" angle="169.23" x="-2.52" y="45.64"/>
        <vehicle id="cfm-slow_4" eclass="HBEFA3/PC_G_EU4" CO2="7808.58" CO="111.66" HC="0.71" NOx="2.93" PMx="0.18" fuel="3.36" electricity="0.00" noise="74.02" route="routetop" type="cfm-slow" waiting="0.00" lane="left_0" pos="31.82" speed="29.21" angle="127.25" x="26.55" y="5.95"/>
        <vehicle id="cfm-slow_5" eclass="HBEFA3/PC_G_EU4" CO2="0.00" CO="0.00" HC="0.00" NOx="0.00" PMx="0.00" fuel="0.00" electricity="0.00" noise="72.75" route="routebottom" type="cfm-slow" waiting="0.00" lane="bottom_0" pos="6.25" speed="29.30" angle="83.22" x="77.11" y="-3.62"/>
    </timestep>
    <timestep time="5.75">
        <vehicle id="cfm-fast_0" eclass="HBEFA3/PC_G_EU4" CO2="0.00" CO="0.00" HC="0.00" NOx="0.00" PMx="0.00" fuel="0.00" electricity="0.00" noise="71.81" route="routebottom" type="cfm-fast" waiting="0.00" lane="bottom_0" pos="30.96" speed="28.45" angle="38.80" x="120.34" y="25.01"/>
        <vehicle id="cfm-fast_1" eclass="HBEFA3/PC_G_EU4" CO2="206195.22" CO="5287.37" HC="29.32" NOx="95.79" PMx="5.84" fuel="88.63" electricity="0.00" noise="129.70" route="routetop" type="cfm-fast" waiting="0.00" lane="top_1" pos="32.69" speed="72.89" angle="215.68" x="7.79" y="97.46"/>
        <vehicle id="cfm-fast_2" eclass="HBEFA3/PC_G_EU4" CO2="0.00" CO="0.00" HC="0.00" NOx="0.00" PMx="0.00" fuel="0.00" electricity="0.00" noise="70.84" route="routebottom" type="cfm-fast" waiting="0.00" lane="right_0" pos="0.64" speed="26.71" angle="3.31" x="132.24" y="65.14"/>
        <vehicle id="cfm-fast_3" eclass="HBEFA3/PC_G_EU4" CO2="0.00" CO="0.00" HC="0.00" NOx="0.00" PMx="0.00" fuel="0.00" electricity="0.00" noise="69.97" route="routebottom" type="cfm-fast" waiting="0.00" lane="right_0" pos="18.41" speed="24.96" angle="331.35" x="121.09" y="101.18"/>
        <vehicle id="cfm-fast_4" eclass="HBEFA3/PC_G_EU4" CO2="0.00" CO="0.00" HC="0.00" NOx="0.00" PMx="0.00" fuel="0.00" electricity="0.00" noise="70.30" route="routebottom" type="cfm-fast" waiting="0.00" lane="right_0" pos="34.36" speed="23.44" angle="302.66" x="96.06" y="124.13"/>
        <vehicle id="cfm-fast_5" eclass="HBEFA3/PC_G_EU4" CO2="319421.51" CO="7869.91" HC="43.92" NOx="149.15" PMx="8.90" fuel="137.30" electricity="0.00" noise="152.70" route="routebottom" type="cfm-fast" waiting="0.00" lane="bottom_1" pos="0.98" speed="78.41" angle="92.69" x="65.71" y="-1.61"/>
        <vehicle id="cfm-slow_0" eclass="HBEFA3/PC_G_EU4" CO2="13372.32" CO="200.44" HC="1.24" NOx="5.69" PMx="0.30" fuel="5.75" electricity="0.00" noise="74.28" route="routebottom" type="cfm-slow" waiting="0.00" lane="right_0" pos="49.15" speed="22.94" angle="276.09" x="65.58" y="132.24"/>
        <vehicle id="cfm-slow_1" eclass="HBEFA3/PC_G_EU4" CO2="16591.52" CO="270.01" HC="1.64" NOx="7.18" PMx="0.39" fuel="7.13" electricity="0.00" noise="76.23" route="routetop" type="cfm-slow" waiting="0.00" lane="top_0" pos="17.31" speed="24.48" angle="243.33" x="28.14" y="122.35"/>
        <vehicle id="cfm-slow_2" eclass="HBEFA3/PC_G_EU4" CO2="17567.87" CO="296.79" HC="1.79" NOx="7.60" PMx="0.42" fuel="7.55" electricity="0.00" noise="76.91" route="routetop" type="cfm-slow" waiting="0.00" lane="top_0" pos="37.06" speed="26.35" angle="207.78" x="0.66" y="90.83"/>
        <vehicle id="cfm-slow_3" eclass="HBEFA3/PC_G_EU4" CO2="14435.24" CO="241.25" HC="1.46" NOx="6.08" PMx="0.34" fuel="6.21" electricity="0.00" noise="75.79" route="routetop" type="cfm-slow" waiting="0.00" lane="left_0" pos="8.71" speed="28.11" angle="168.71" x="-2.37" y="45.06"/>
        <vehicle id="cfm-slow_4" eclass="HBEFA3/PC_G_EU4" CO2="7730.29" CO="110.07" HC="0.70" NOx="2.89" PMx="0.17" fuel="3.32" electricity="0.00" noise="74.00" route="routetop" type="cfm-slow" waiting="0.00" lane="left_0" pos="32.11" speed="29.21" angle="126.78" x="27.08" y="5.61"/>
        <vehicle id="cfm-slow_5" eclass="HBEFA3/PC_G_EU4" CO2="0.00" CO="0.00" HC="0.00" NOx="0.00" PMx="0.00" fuel="0.00" electricity="0.00" noise="72.74" route="routebottom" type="cfm-slow" waiting="0.00" lane="bottom_0" pos="6.54" speed="29.30" angle="82.72" x="77.73" y="-3.49"/>
    </timestep>
    <timestep time="5.76">
        <vehicle id="cfm-fast_0" eclass="HBEFA3/PC_G_EU4" CO2="0.00" CO="0.00" HC="0.00" NOx="0.00" PMx="0.00" fuel="0.00" electricity="0.00" noise="71.81" route="routebottom" type="cfm-fast" waiting="0.00" lane="bottom_0" pos="31.24" speed="28.43" angle="38.29" x="120.68" y="25.52"/>
        <vehicle id="cfm-fast_1" eclass="HBEFA3/PC_G_EU4" CO2="206693.20" CO="5301.53" HC="29.40" NOx="96.03" PMx="5.85" fuel="88.85" electricity="0.00" noise="129.79" route="routetop" type="cfm-fast" waiting="0.00" lane="top_1" pos="33.42" speed="72.98" angle="214.41" x="7.02" y="96.18"/>
        <vehicle id="cfm-fast_2" eclass="HBEFA3/PC_G_EU4" CO2="0.00" CO="0.00" HC="0.00" NOx="0.00" PMx="0.00" fuel="0.00" electricity="0.00" noise="70.83" route="routebottom" type="cfm-fast" waiting="0.00" lane="right_0" pos="0.91" speed="26.69" angle="2.82" x="132.23" y="65.72"/>
        <vehicle id="cfm-fast_3" eclass="HBEFA3/PC_G_EU4" CO2="0.00" CO="0.00" HC="0.00" NOx="0.00" PMx="0.00" fuel="0.00" electricity="0.00" noise="69.96" route="routebottom" type="cfm-fast" waiting="0.00" lane="right_0" pos="18.66" speed="24.95" angle="330.86" x="120.80" y="101.63"/>
        <vehicle id="cfm-fast_4" eclass="HBEFA3/PC_G_EU4" CO2="0.00" CO="0.00" HC="0.00" NOx="0.00" PMx="0.00" fuel="0.00" electricity="0.00" noise="70.31" route="routebottom" type="cfm-fast" waiting="0.00" lane="right_0" pos="34.60" speed="23.44" angle="302.29" x="95.62" y="124.38"/>
        <vehicle id="cfm-fast_5" eclass="HBEFA3/PC_G_EU4" CO2="320056.54" CO="7889.51" HC="44.03" NOx="149.45" PMx="8.92" fuel="137.58" electricity="0.00" noise="152.76" route="routebottom" type="cfm-fast" waiting="0.00" lane="bottom_1" pos="1.77" speed="78.55" angle="91.31" x="67.32" y="-1.54"/>
        <vehicle id="cfm-slow_0" eclass="HBEFA3/PC_G_EU4" CO2="13398.21" CO="201.00" HC="1.25" NOx="5.71" PMx="0.30" fuel="5.76" electricity="0.00" noise="74.29" route="routebottom" type="cfm-slow" waiting="0.00" lane="right_0" pos="49.38" speed="22.95" angle="275.66" x="65.09" y="132.25"/>
        <vehicle id="cfm-slow_1" eclass="HBEFA3/PC_G_EU4" CO2="16597.87" CO="270.20" HC="1.64" NOx="7.18" PMx="0.39" fuel="7.13" electricity="0.00" noise="76.24" route="routetop" type="cfm-slow" waiting="0.00" lane="top_0" pos="17.56" speed="24.50" angle="242.89" x="27.69" y="122.08"/>
        <vehicle id="cfm-slow_2" eclass="HBEFA3/PC_G_EU4" CO2="17536.47" CO="296.22" HC="1.79" NOx="7.58" PMx="0.42" fuel="7.54" electricity="0.00" noise="76.89" route="routetop" type="cfm-slow" waiting="0.00" lane="top_0" pos="37.33" speed="26.37" angle="207.36" x="0.44" y="90.31"/>
        <vehicle id="cfm-slow_3" eclass="HBEFA3/PC_G_EU4" CO2="14367.13" CO="239.92" HC="1.45" NOx="6.05" PMx="0.34" fuel="6.18" electricity="0.00" noise="75.77" route="routetop" type="cfm-slow" waiting="0.00" lane="left_0" pos="9.00" speed="28.13" angle="168.25" x="-2.21" y="44.47"/>
        <vehicle id="cfm-slow_4" eclass="HBEFA3/PC_G_EU4" CO2="7652.17" CO="108.48" HC="0.69" NOx="2.85" PMx="0.17" fuel="3.29" electricity="0.00" noise="73.98" route="routetop" type="cfm-slow" waiting="0.00" lane="left_0" pos="32.40" speed="29.21" angle="126.24" x="27.62" y="5.29"/>
        <vehicle id="cfm-slow_5" eclass="HBEFA3/PC_G_EU4" CO2="0.00" CO="0.00" HC="0.00" NOx="0.00" PMx="0.00" fuel="0.00" electricity="0.00" noise="72.73" route="routebottom" type="cfm-slow" waiting="0.00" lane="bottom_0" pos="6.83" speed="29.29" angle="82.16" x="78.34" y="-3.35"/>
    </timestep>
    <timestep time="5.77">
        <vehicle id="cfm-fast_0" eclass="HBEFA3/PC_G_EU4" CO2="0.00" CO="0.00" HC="0.00" NOx="0.00" PMx="0.00" fuel="0.00" electricity="0.00" noise="71.80" route="routebottom" type="cfm-fast" waiting="0.00" lane="bottom_0" pos="31.53" speed="28.42" angle="37.78" x="121.02" y="26.03"/>
        <vehicle id="cfm-fast_1" eclass="HBEFA3/PC_G_EU4" CO2="207196.59" CO="5315.81" HC="29.48" NOx="96.26" PMx="5.87" fuel="89.06" electricity="0.00" noise="129.88" route="routetop" type="cfm-fast" waiting="0.00" lane="top_1" pos="34.15" speed="73.07" angle="213.07" x="6.30" y="94.86"/>
        <vehicle id="cfm-fast_2" eclass="HBEFA3/PC_G_EU4" CO2="0.00" CO="0.00" HC="0.00" NOx="0.00" PMx="0.00" fuel="0.00" electricity="0.00" noise="70.83" route="routebottom" type="cfm-fast" waiting="0.00" lane="right_0" pos="1.18" speed="26.68" angle="2.34" x="132.22" y="66.29"/>
        <vehicle id="cfm-fast_3" eclass="HBEFA3/PC_G_EU4" CO2="0.00" CO="0.00" HC="0.00" NOx="0.00" PMx="0.00" fuel="0.00" electricity="0.00" noise="69.96" route="routebottom" type="cfm-fast" waiting="0.00" lane="right_0" pos="18.91" speed="24.94" angle="330.37" x="120.50" y="102.08"/>
        <vehicle id="cfm-fast_4" eclass="HBEFA3/PC_G_EU4" CO2="0.00" CO="0.00" HC="0.00" NOx="0.00" PMx="0.00" fuel="0.00" electricity="0.00" noise="70.33" route="routebottom" type="cfm-fast" waiting="0.00" lane="right_0" pos="34.83" speed="23.44" angle="301.88" x="95.17" y="124.61"/>
        <vehicle id="cfm-fast_5" eclass="HBEFA3/PC_G_EU4" CO2="320691.86" CO="7909.14" HC="44.13" NOx="149.75" PMx="8.94" fuel="137.85" electricity="0.00" noise="152.83" route="routebottom" type="cfm-fast" waiting="0.00" lane="bottom_1" pos="2.56" speed="78.68" angle="89.92" x="68.93" y="-1.44"/>
        <vehicle id="cfm-slow_0" eclass="HBEFA3/PC_G_EU4" CO2="13423.96" CO="201.55" HC="1.25" NOx="5.72" PMx="0.30" fuel="5.77" electricity="0.00" noise="74.31" route="routebottom" type="cfm-slow" waiting="0.00" lane="right_0" pos="49.61" speed="22.97" angle="275.24" x="64.59" y="132.25"/>
        <vehicle id="cfm-slow_1" eclass="HBEFA3/PC_G_EU4" CO2="16603.94" CO="270.38" HC="1.64" NOx="7.18" PMx="0.39" fuel="7.14" electricity="0.00" noise="76.24" route="routetop" type="cfm-slow" waiting="0.00" lane="top_0" pos="17.80" speed="24.52" angle="242.45" x="27.23" y="121.81"/>
        <vehicle id="cfm-slow_2" eclass="HBEFA3/PC_G_EU4" CO2="17504.75" CO="295.65" HC="1.78" NOx="7.57" PMx="0.42" fuel="7.52" electricity="0.00" noise="76.88" route="routetop" type="cfm-slow" waiting="0.00" lane="top_0" pos="37.59" speed="26.39" angle="206.88" x="0.23" y="89.78"/>
        <vehicle id="cfm-slow_3" eclass="HBEFA3/PC_G_EU4" CO2="14298.92" CO="238.59" HC="1.45" NOx="6.01" PMx="0.34" fuel="6.15" electricity="0.00" noise="75.74" route="routetop" type="cfm-slow" waiting="0.00" lane="left_0" pos="9.28" speed="28.14" angle="167.73" x="-2.03" y="43.89"/>
        <vehicle id="cfm-slow_4" eclass="HBEFA3/PC_G_EU4" CO2="7574.21" CO="106.90" HC="0.68" NOx="2.82" PMx="0.17" fuel="3.26" electricity="0.00" noise="73.96" route="routetop" type="cfm-slow" waiting="0.00" lane="left_0" pos="32.70" speed="29.21" angle="125.69" x="28.16" y="4.96"/>
        <vehicle id="cfm-slow_5" eclass="HBEFA3/PC_G_EU4" CO2="0.00" CO="0.00" HC="0.00" NOx="0.00" PMx="0.00" fuel="0.00" electricity="0.00" noise="72.72" route="routebottom" type="cfm-slow" waiting="0.00" lane="bottom_0" pos="7.12" speed="29.28" angle="81.60" x="78.96" y="-3.21"/>
    </timestep>
    <timestep time="5.78">
        <vehicle id="cfm-fast_0" eclass="HBEFA3/PC_G_EU4" CO2="0.00" CO="0.00" HC="0.00" NOx="0.00" PMx="0.00" fuel="0.00" electricity="0.00" noise="71.79" route="routebottom" type="cfm-fast" waiting="0.00" lane="bottom_0" pos="31.81" speed="28.40" angle="37.26" x="121.36" y="26.53"/>
        <vehicle id="cfm-fast_1" eclass="HBEFA3/PC_G_EU4" CO2="207705.30" CO="5330.21" HC="29.56" NOx="96.50" PMx="5.88" fuel="89.28" electricity="0.00" noise="129.97" route="routetop" type="cfm-fast" waiting="0.00" lane="top_1" pos="34.88" speed="73.16" angle="211.80" x="5.59" y="93.54"/>
        <vehicle id="cfm-fast_2" eclass="HBEFA3/PC_G_EU4" CO2="0.00" CO="0.00" HC="0.00" NOx="0.00" PMx="0.00" fuel="0.00" electricity="0.00" noise="70.82" route="routebottom" type="cfm-fast" waiting="0.00" lane="right_0" pos="1.44" speed="26.66" angle="1.88" x="132.19" y="66.86"/>
        <vehicle id="cfm-fast_3" eclass="HBEFA3/PC_G_EU4" CO2="0.00" CO="0.00" HC="0.00" NOx="0.00" PMx="0.00" fuel="0.00" electricity="0.00" noise="69.96" route="routebottom" type="cfm-fast" waiting="0.00" lane="right_0" pos="19.16" speed="24.92" angle="329.93" x="120.20" y="102.52"/>
        <vehicle id="cfm-fast_4" eclass="HBEFA3/PC_G_EU4" CO2="0.00" CO="0.00" HC="0.00" NOx="0.00" PMx="0.00" fuel="0.00" electricity="0.00" noise="70.35" route="routebottom" type="cfm-fast" waiting="0.00" lane="right_0" pos="35.07" speed="23.44" angle="301.45" x="94.72" y="124.83"/>
        <vehicle id="cfm-fast_5" eclass="HBEFA3/PC_G_EU4" CO2="321327.47" CO="7928.79" HC="44.24" NOx="150.05" PMx="8.96" fuel="138.12" electricity="0.00" noise="152.89" route="routebottom" type="cfm-fast" waiting="0.00" lane="bottom_1" pos="3.35" speed="78.82" angle="88.48" x="70.54" y="-1.28"/>
        <vehicle id="cfm-slow_0" eclass="HBEFA3/PC_G_EU4" CO2="13449.59" CO="202.10" HC="1.25" NOx="5.73" PMx="0.31" fuel="5.78" electricity="0.00" noise="74.33" route="routebottom" type="cfm-slow" waiting="0.00" lane="right_0" pos="49.84" speed="22.98" angle="274.81" x="64.10" y="132.26"/>
        <vehicle id="cfm-slow_1" eclass="HBEFA3/PC_G_EU4" CO2="16609.70" CO="270.55" HC="1.64" NOx="7.18" PMx="0.39" fuel="7.14" electricity="0.00" noise="76.24" route="routetop" type="cfm-slow" waiting="0.00" lane="top_0" pos="18.05" speed="24.54" angle="242.05" x="26.79" y="121.53"/>
        <vehicle id="cfm-slow_2" eclass="HBEFA3/PC_G_EU4" CO2="17472.72" CO="295.07" HC="1.78" NOx="7.55" PMx="0.42" fuel="7.51" electricity="0.00" noise="76.86" route="routetop" type="cfm-slow" waiting="0.00" lane="top_0" pos="37.86" speed="26.41" angle="206.39" x="0.02" y="89.25"/>
        <vehicle id="cfm-slow_3" eclass="HBEFA3/PC_G_EU4" CO2="14230.63" CO="237.25" HC="1.44" NOx="5.98" PMx="0.34" fuel="6.12" electricity="0.00" noise="75.72" route="routetop" type="cfm-slow" waiting="0.00" lane="left_0" pos="9.56" speed="28.15" angle="167.21" x="-1.85" y="43.32"/>
        <vehicle id="cfm-slow_4" eclass="HBEFA3/PC_G_EU4" CO2="7496.43" CO="105.31" HC="0.67" NOx="2.78" PMx="0.17" fuel="3.22" electricity="0.00" noise="73.95" route="routetop" type="cfm-slow" waiting="0.00" lane="left_0" pos="32.99" speed="29.22" angle="125.15" x="28.69" y="4.64"/>
        <vehicle id="cfm-slow_5" eclass="HBEFA3/PC_G_EU4" CO2="0.00" CO="0.00" HC="0.00" NOx="0.00" PMx="0.00" fuel="0.00" electricity="0.00" noise="72.71" route="routebottom" type="cfm-slow" waiting="0.00" lane="bottom_0" pos="7.42" speed="29.28" angle="81.04" x="79.57" y="-3.07"/>
    </timestep>
    <timestep time="5.79">
        <vehicle id="cfm-fast_0" eclass="HBEFA3/PC_G_EU4" CO2="0.00" CO="0.00" HC="0.00" NOx="0.00" PMx="0.00" fuel="0.00" electricity="0.00" noise="71.78" route="routebottom" type="cfm-fast" waiting="0.00" lane="bottom_0" pos="32.09" speed="28.39" angle="36.82" x="121.70" y="27.04"/>
        <vehicle id="cfm-fast_1" eclass="HBEFA3/PC_G_EU4" CO2="208219.28" CO="5344.73" HC="29.64" NOx="96.74" PMx="5.90" fuel="89.50" electricity="0.00" noise="130.06" route="routetop" type="cfm-fast" waiting="0.00" lane="top_1" pos="35.61" speed="73.25" angle="210.46" x="4.92" y="92.20"/>
        <vehicle id="cfm-fast_2" eclass="HBEFA3/PC_G_EU4" CO2="0.00" CO="0.00" HC="0.00" NOx="0.00" PMx="0.00" fuel="0.00" electricity="0.00" noise="70.81" route="routebottom" type="cfm-fast" waiting="0.00" lane="right_0" pos="1.71" speed="26.65" angle="1.41" x="132.16" y="67.43"/>
        <vehicle id="cfm-fast_3" eclass="HBEFA3/PC_G_EU4" CO2="0.00" CO="0.00" HC="0.00" NOx="0.00" PMx="0.00" fuel="0.00" electricity="0.00" noise="69.96" route="routebottom" type="cfm-fast" waiting="0.00" lane="right_0" pos="19.41" speed="24.91" angle="329.50" x="119.89" y="102.96"/>
        <vehicle id="cfm-fast_4" eclass="HBEFA3/PC_G_EU4" CO2="0.00" CO="0.00" HC="0.00" NOx="0.00" PMx="0.00" fuel="0.00" electricity="0.00" noise="70.37" route="routebottom" type="cfm-fast" waiting="0.00" lane="right_0" pos="35.30" speed="23.44" angle="301.03" x="94.26" y="125.06"/>
        <vehicle id="cfm-fast_5" eclass="HBEFA3/PC_G_EU4" CO2="321963.38" CO="7948.46" HC="44.35" NOx="150.35" PMx="8.97" fuel="138.40" electricity="0.00" noise="152.96" route="routebottom" type="cfm-fast" waiting="0.00" lane="bottom_1" pos="4.13" speed="78.95" angle="87.09" x="72.14" y="-1.09"/>
        <vehicle id="cfm-slow_0" eclass="HBEFA3/PC_G_EU4" CO2="13475.09" CO="202.65" HC="1.26" NOx="5.74" PMx="0.31" fuel="5.79" electricity="0.00" noise="74.34" route="routetop" type="cfm-slow" waiting="0.00" lane="top_0" pos="0.07" speed="23.00" angle="274.34" x="63.41" y="132.27"/>
        <vehicle id="cfm-slow_1" eclass="HBEFA3/PC_G_EU4" CO2="16615.17" CO="270.72" HC="1.65" NOx="7.19" PMx="0.39" fuel="7.14" electricity="0.00" noise="76.25" route="routetop" type="cfm-slow" waiting="0.00" lane="top_0" pos="18.29" speed="24.56" angle="241.58" x="26.35" y="121.24"/>
        <vehicle id="cfm-slow_2" eclass="HBEFA3/PC_G_EU4" CO2="17440.38" CO="294.49" HC="1.78" NOx="7.53" PMx="0.42" fuel="7.50" electricity="0.00" noise="76.85" route="routetop" type="cfm-slow" waiting="0.00" lane="top_0" pos="38.12" speed="26.43" angle="205.91" x="-0.20" y="88.72"/>
        <vehicle id="cfm-slow_3" eclass="HBEFA3/PC_G_EU4" CO2="14162.26" CO="235.92" HC="1.43" NOx="5.95" PMx="0.34" fuel="6.09" electricity="0.00" noise="75.70" route="routetop" type="cfm-slow" waiting="0.00" lane="left_0" pos="9.84" speed="28.16" angle="166.69" x="-1.67" y="42.74"/>
        <vehicle id="cfm-slow_4" eclass="HBEFA3/PC_G_EU4" CO2="7418.82" CO="103.73" HC="0.66" NOx="2.74" PMx="0.17" fuel="3.19" electricity="0.00" noise="73.93" route="routetop" type="cfm-slow" waiting="0.00" lane="left_0" pos="33.28" speed="29.22" angle="124.63" x="29.23" y="4.32"/>
        <vehicle id="cfm-slow_5" eclass="HBEFA3/PC_G_EU4" CO2="0.00" CO="0.00" HC="0.00" NOx="0.00" PMx="0.00" fuel="0.00" electricity="0.00" noise="72.70" route="routebottom" type="cfm-slow" waiting="0.00" lane="bottom_0" pos="7.71" speed="29.27" angle="80.55" x="80.18" y="-2.93"/>
    </timestep>
    <timestep time="5.80">
        <vehicle id="cfm-fast_0" eclass="HBEFA3/PC_G_EU4" CO2="0.00" CO="0.00" HC="0.00" NOx="0.00" PMx="0.00" fuel="0.00" electricity="0.00" noise="71.77" route="routebottom" type="cfm-fast" waiting="0.00" lane="bottom_0" pos="32.38" speed="28.38" angle="36.29" x="122.01" y="27.57"/>
        <vehicle id="cfm-fast_1" eclass="HBEFA3/PC_G_EU4" CO2="208738.45" CO="5359.38" HC="29.72" NOx="96.99" PMx="5.91" fuel="89.73" electricity="0.00" noise="130.16" route="routetop" type="cfm-fast" waiting="0.00" lane="top_1" pos="36.34" speed="73.34" angle="209.15" x="4.28" y="90.84"/>
        <vehicle id="cfm-fast_2" eclass="HBEFA3/PC_G_EU4" CO2="0.00" CO="0.00" HC="0.00" NOx="0.00" PMx="0.00" fuel="0.00" electricity="0.00" noise="70.80" route="routebottom" type="cfm-fast" waiting="0.00" lane="right_0" pos="1.98" speed="26.63" angle="0.93" x="132.13" y="68.01"/>
        <vehicle id="cfm-fast_3" eclass="HBEFA3/PC_G_EU4" CO2="0.00" CO="0.00" HC="0.00" NOx="0.00" PMx="0.00" fuel="0.00" electricity="0.00" noise="69.96" route="routebottom" type="cfm-fast" waiting="0.00" lane="right_0" pos="19.66" speed="24.90" angle="329.05" x="119.58" y="103.39"/>
        <vehicle id="cfm-fast_4" eclass="HBEFA3/PC_G_EU4" CO2="0.00" CO="0.00" HC="0.00" NOx="0.00" PMx="0.00" fuel="0.00" electricity="0.00" noise="70.39" route="routebottom" type="cfm-fast" waiting="0.00" lane="right_0" pos="35.53" speed="23.44" angle="300.60" x="93.81" y="125.29"/>
        <vehicle id="cfm-fast_5" eclass="HBEFA3/PC_G_EU4" CO2="322599.58" CO="7968.15" HC="44.45" NOx="150.64" PMx="8.99" fuel="138.67" electricity="0.00" noise="153.03" route="routebottom" type="cfm-fast" waiting="0.00" lane="bottom_1" pos="4.93" speed="79.09" angle="85.65" x="73.75" y="-0.87"/>
        <vehicle id="cfm-slow_0" eclass="HBEFA3/PC_G_EU4" CO2="13500.46" CO="203.20" HC="1.26" NOx="5.75" PMx="0.31" fuel="5.80" electricity="0.00" noise="74.36" route="routetop" type="cfm-slow" waiting="0.00" lane="top_0" pos="0.30" speed="23.02" angle="273.93" x="62.92" y="132.26"/>
        <vehicle id="cfm-slow_1" eclass="HBEFA3/PC_G_EU4" CO2="16620.35" CO="270.88" HC="1.65" NOx="7.19" PMx="0.39" fuel="7.14" electricity="0.00" noise="76.25" route="routetop" type="cfm-slow" waiting="0.00" lane="top_0" pos="18.54" speed="24.58" angle="241.10" x="25.91" y="120.94"/>
        <vehicle id="cfm-slow_2" eclass="HBEFA3/PC_G_EU4" CO2="17407.73" CO="293.90" HC="1.77" NOx="7.52" PMx="0.42" fuel="7.48" electricity="0.00" noise="76.83" route="routetop" type="cfm-slow" waiting="0.00" lane="top_0" pos="38.38" speed="26.45" angle="205.43" x="-0.41" y="88.20"/>
        <vehicle id="cfm-slow_3" eclass="HBEFA3/PC_G_EU4" CO2="14093.80" CO="234.58" HC="1.42" NOx="5.92" PMx="0.34" fuel="6.06" electricity="0.00" noise="75.67" route="routetop" type="cfm-slow" waiting="0.00" lane="left_0" pos="10.12" speed="28.18" angle="166.18" x="-1.49" y="42.16"/>
        <vehicle id="cfm-slow_4" eclass="HBEFA3/PC_G_EU4" CO2="7341.38" CO="102.15" HC="0.65" NOx="2.71" PMx="0.16" fuel="3.16" electricity="0.00" noise="73.91" route="routetop" type="cfm-slow" waiting="0.00" lane="left_0" pos="33.57" speed="29.22" angle="124.12" x="29.78" y="4.01"/>
        <vehicle id="cfm-slow_5" eclass="HBEFA3/PC_G_EU4" CO2="0.00" CO="0.00" HC="0.00" NOx="0.00" PMx="0.00" fuel="0.00" electricity="0.00" noise="72.69" route="routebottom" type="cfm-slow" waiting="0.00" lane="bottom_0" pos="8.00" speed="29.26" angle="80.01" x="80.79" y="-2.76"/>
    </timestep>
    <timestep time="5.81">
        <vehicle id="cfm-fast_0" eclass="HBEFA3/PC_G_EU4" CO2="0.00" CO="0.00" HC="0.00" NOx="0.00" PMx="0.00" fuel="0.00" electricity="0.00" noise="71.76" route="routebottom" type="cfm-fast" waiting="0.00" lane="bottom_0" pos="32.66" speed="28.36" angle="35.76" x="122.32" y="28.09"/>
        <vehicle id="cfm-fast_1" eclass="HBEFA3/PC_G_EU4" CO2="209262.73" CO="5374.13" HC="29.80" NOx="97.23" PMx="5.93" fuel="89.95" electricity="0.00" noise="130.25" route="routetop" type="cfm-fast" waiting="0.00" lane="top_1" pos="37.08" speed="73.43" angle="207.77" x="3.66" y="89.46"/>
        <vehicle id="cfm-fast_2" eclass="HBEFA3/PC_G_EU4" CO2="0.00" CO="0.00" HC="0.00" NOx="0.00" PMx="0.00" fuel="0.00" electricity="0.00" noise="70.79" route="routebottom" type="cfm-fast" waiting="0.00" lane="right_0" pos="2.24" speed="26.62" angle="0.45" x="132.09" y="68.58"/>
        <vehicle id="cfm-fast_3" eclass="HBEFA3/PC_G_EU4" CO2="0.00" CO="0.00" HC="0.00" NOx="0.00" PMx="0.00" fuel="0.00" electricity="0.00" noise="69.96" route="routebottom" type="cfm-fast" waiting="0.00" lane="right_0" pos="19.90" speed="24.88" angle="328.60" x="119.26" y="103.83"/>
        <vehicle id="cfm-fast_4" eclass="HBEFA3/PC_G_EU4" CO2="0.00" CO="0.00" HC="0.00" NOx="0.00" PMx="0.00" fuel="0.00" electricity="0.00" noise="70.41" route="routebottom" type="cfm-fast" waiting="0.00" lane="right_0" pos="35.77" speed="23.44" angle="300.18" x="93.36" y="125.51"/>
        <vehicle id="cfm-fast_5" eclass="HBEFA3/PC_G_EU4" CO2="323236.07" CO="7987.87" HC="44.56" NOx="150.94" PMx="9.01" fuel="138.94" electricity="0.00" noise="153.09" route="routebottom" type="cfm-fast" waiting="0.00" lane="bottom_1" pos="5.72" speed="79.23" angle="84.19" x="75.35" y="-0.58"/>
        <vehicle id="cfm-slow_0" eclass="HBEFA3/PC_G_EU4" CO2="13525.70" CO="203.75" HC="1.26" NOx="5.76" PMx="0.31" fuel="5.81" electricity="0.00" noise="74.38" route="routetop" type="cfm-slow" waiting="0.00" lane="top_0" pos="0.53" speed="23.03" angle="273.51" x="62.42" y="132.25"/>
        <vehicle id="cfm-slow_1" eclass="HBEFA3/PC_G_EU4" CO2="16625.22" CO="271.04" HC="1.65" NOx="7.19" PMx="0.39" fuel="7.15" electricity="0.00" noise="76.26" route="routetop" type="cfm-slow" waiting="0.00" lane="top_0" pos="18.79" speed="24.60" angle="240.62" x="25.47" y="120.65"/>
        <vehicle id="cfm-slow_2" eclass="HBEFA3/PC_G_EU4" CO2="17374.77" CO="293.30" HC="1.77" NOx="7.50" PMx="0.42" fuel="7.47" electricity="0.00" noise="76.82" route="routetop" type="cfm-slow" waiting="0.00" lane="top_0" pos="38.65" speed="26.46" angle="204.99" x="-0.61" y="87.66"/>
        <vehicle id="cfm-slow_3" eclass="HBEFA3/PC_G_EU4" CO2="14025.26" CO="233.24" HC="1.41" NOx="5.88" PMx="0.33" fuel="6.03" electricity="0.00" noise="75.65" route="routetop" type="cfm-slow" waiting="0.00" lane="left_0" pos="10.40" speed="28.19" angle="165.71" x="-1.30" y="41.58"/>
        <vehicle id="cfm-slow_4" eclass="HBEFA3/PC_G_EU4" CO2="7264.11" CO="100.58" HC="0.64" NOx="2.67" PMx="0.16" fuel="3.12" electricity="0.00" noise="73.89" route="routetop" type="cfm-slow" waiting="0.00" lane="left_0" pos="33.87" speed="29.22" angle="123.59" x="30.33" y="3.70"/>
        <vehicle id="cfm-slow_5" eclass="HBEFA3/PC_G_EU4" CO2="0.00" CO="0.00" HC="0.00" NOx="0.00" PMx="0.00" fuel="0.00" electricity="0.00" noise="72.68" route="routebottom" type="cfm-slow" waiting="0.00" lane="bottom_0" pos="8.29" speed="29.26" angle="79.48" x="81.40" y="-2.60"/>
    </timestep>
    <timestep time="5.82">
        <vehicle id="cfm-fast_0" eclass="HBEFA3/PC_G_EU4" CO2="0.00" CO="0.00" HC="0.00" NOx="0.00" PMx="0.00" fuel="0.00" electricity="0.00" noise="71.75" route="routebottom" type="cfm-fast" waiting="0.00" lane="bottom_0" pos="32.95" speed="28.35" angle="35.23" x="122.64" y="28.62"/>
        <vehicle id="cfm-fast_1" eclass="HBEFA3/PC_G_EU4" CO2="209792.06" CO="5389.01" HC="29.88" NOx="97.48" PMx="5.94" fuel="90.18" electricity="0.00" noise="130.34" route="routetop" type="cfm-fast" waiting="0.00" lane="top_1" pos="37.81" speed="73.52" angle="206.43" x="3.10" y="88.07"/>
        <vehicle id="cfm-fast_2" eclass="HBEFA3/PC_G_EU4" CO2="0.00" CO="0.00" HC="0.00" NOx="0.00" PMx="0.00" fuel="0.00" electricity="0.00" noise="70.79" route="routebottom" type="cfm-fast" waiting="0.00" lane="right_0" pos="2.51" speed="26.60" angle="359.99" x="132.06" y="69.15"/>
        <vehicle id="cfm-fast_3" eclass="HBEFA3/PC_G_EU4" CO2="0.00" CO="0.00" HC="0.00" NOx="0.00" PMx="0.00" fuel="0.00" electricity="0.00" noise="69.95" route="routebottom" type="cfm-fast" waiting="0.00" lane="right_0" pos="20.15" speed="24.87" angle="328.15" x="118.95" y="104.26"/>
        <vehicle id="cfm-fast_4" eclass="HBEFA3/PC_G_EU4" CO2="0.00" CO="0.00" HC="0.00" NOx="0.00" PMx="0.00" fuel="0.00" electricity="0.00" noise="70.43" route="routebottom" type="cfm-fast" waiting="0.00" lane="right_0" pos="36.00" speed="23.43" angle="299.80" x="92.91" y="125.73"/>
        <vehicle id="cfm-fast_5" eclass="HBEFA3/PC_G_EU4" CO2="323872.85" CO="8007.60" HC="44.66" NOx="151.24" PMx="9.03" fuel="139.22" electricity="0.00" noise="153.16" route="routebottom" type="cfm-fast" waiting="0.00" lane="bottom_1" pos="6.51" speed="79.36" angle="82.76" x="76.95" y="-0.28"/>
        <vehicle id="cfm-slow_0" eclass="HBEFA3/PC_G_EU4" CO2="13550.80" CO="204.29" HC="1.27" NOx="5.78" PMx="0.31" fuel="5.82" electricity="0.00" noise="74.39" route="routetop" type="cfm-slow" waiting="0.00" lane="top_0" pos="0.76" speed="23.05" angle="273.09" x="61.93" y="132.24"/>
        <vehicle id="cfm-slow_1" eclass="HBEFA3/PC_G_EU4" CO2="16629.80" CO="271.19" HC="1.65" NOx="7.19" PMx="0.39" fuel="7.15" electricity="0.00" noise="76.26" route="routetop" type="cfm-slow" waiting="0.00" lane="top_0" pos="19.03" speed="24.62" angle="240.14" x="25.03" y="120.35"/>
        <vehicle id="cfm-slow_2" eclass="HBEFA3/PC_G_EU4" CO2="17341.50" CO="292.70" HC="1.77" NOx="7.49" PMx="0.42" fuel="7.45" electricity="0.00" noise="76.81" route="routetop" type="cfm-slow" waiting="0.00" lane="top_0" pos="38.91" speed="26.48" angle="204.50" x="-0.80" y="87.13"/>
        <vehicle id="cfm-slow_3" eclass="HBEFA3/PC_G_EU4" CO2="13956.64" CO="231.89" HC="1.41" NOx="5.85" PMx="0.33" fuel="6.00" electricity="0.00" noise="75.62" route="routetop" type="cfm-slow" waiting="0.00" lane="left_0" pos="10.69" speed="28.20" angle="165.19" x="-1.09" y="41.01"/>
        <vehicle id="cfm-slow_4" eclass="HBEFA3/PC_G_EU4" CO2="7187.01" CO="99.00" HC="0.63" NOx="2.63" PMx="0.16" fuel="3.09" electricity="0.00" noise="73.88" route="routetop" type="cfm-slow" waiting="0.00" lane="left_0" pos="34.16" speed="29.23" angle="123.05" x="30.88" y="3.40"/>
        <vehicle id="cfm-slow_5" eclass="HBEFA3/PC_G_EU4" CO2="0.00" CO="0.00" HC="0.00" NOx="0.00" PMx="0.00" fuel="0.00" electricity="0.00" noise="72.66" route="routebottom" type="cfm-slow" waiting="0.00" lane="bottom_0" pos="8.59" speed="29.25" angle="78.94" x="82.01" y="-2.44"/>
    </timestep>
    <timestep time="5.83">
        <vehicle id="cfm-fast_0" eclass="HBEFA3/PC_G_EU4" CO2="0.00" CO="0.00" HC="0.00" NOx="0.00" PMx="0.00" fuel="0.00" electricity="0.00" noise="71.74" route="routebottom" type="cfm-fast" waiting="0.00" lane="bottom_0" pos="33.23" speed="28.34" angle="34.71" x="122.95" y="29.14"/>
        <vehicle id="cfm-fast_1" eclass="HBEFA3/PC_G_EU4" CO2="210326.37" CO="5404.00" HC="29.96" NOx="97.73" PMx="5.96" fuel="90.41" electricity="0.00" noise="130.44" route="routetop" type="cfm-fast" waiting="0.00" lane="top_1" pos="38.55" speed="73.61" angle="205.10" x="2.54" y="86.66"/>
        <vehicle id="cfm-fast_2" eclass="HBEFA3/PC_G_EU4" CO2="0.00" CO="0.00" HC="0.00" NOx="0.00" PMx="0.00" fuel="0.00" electricity="0.00" noise="70.78" route="routebottom" type="cfm-fast" waiting="0.00" lane="right_0" pos="2.77" speed="26.59" angle="359.52" x="132.01" y="69.72"/>
        <vehicle id="cfm-fast_3" eclass="HBEFA3/PC_G_EU4" CO2="0.00" CO="0.00" HC="0.00" NOx="0.00" PMx="0.00" fuel="0.00" electricity="0.00" noise="69.95" route="routebottom" type="cfm-fast" waiting="0.00" lane="right_0" pos="20.40" speed="24.86" angle="327.72" x="118.64" y="104.70"/>
        <vehicle id="cfm-fast_4" eclass="HBEFA3/PC_G_EU4" CO2="0.00" CO="0.00" HC="0.00" NOx="0.00" PMx="0.00" fuel="0.00" electricity="0.00" noise="70.44" route="routebottom" type="cfm-fast" waiting="0.00" lane="right_0" pos="36.24" speed="23.43" angle="299.34" x="92.45" y="125.94"/>
        <vehicle id="cfm-fast_5" eclass="HBEFA3/PC_G_EU4" CO2="324509.92" CO="8027.36" HC="44.77" NOx="151.54" PMx="9.05" fuel="139.49" electricity="0.00" noise="153.22" route="routebottom" type="cfm-fast" waiting="0.00" lane="bottom_1" pos="7.31" speed="79.50" angle="81.30" x="78.54" y="0.08"/>
        <vehicle id="cfm-slow_0" eclass="HBEFA3/PC_G_EU4" CO2="13575.76" CO="204.83" HC="1.27" NOx="5.79" PMx="0.31" fuel="5.84" electricity="0.00" noise="74.41" route="routetop" type="cfm-slow" waiting="0.00" lane="top_0" pos="0.99" speed="23.07" angle="272.67" x="61.43" y="132.23"/>
        <vehicle id="cfm-slow_1" eclass="HBEFA3/PC_G_EU4" CO2="16634.07" CO="271.33" HC="1.65" NOx="7.19" PMx="0.39" fuel="7.15" electricity="0.00" noise="76.27" route="routetop" type="cfm-slow" waiting="0.00" lane="top_0" pos="19.28" speed="24.64" angle="239.74" x="24.59" y="120.05"/>
        <vehicle id="cfm-slow_2" eclass="HBEFA3/PC_G_EU4" CO2="17307.93" CO="292.09" HC="1.76" NOx="7.47" PMx="0.41" fuel="7.44" electricity="0.00" noise="76.79" route="routetop" type="cfm-slow" waiting="0.00" lane="top_0" pos="39.18" speed="26.50" angle="204.01" x="-0.99" y="86.59"/>
        <vehicle id="cfm-slow_3" eclass="HBEFA3/PC_G_EU4" CO2="13887.94" CO="230.55" HC="1.40" NOx="5.82" PMx="0.33" fuel="5.97" electricity="0.00" noise="75.60" route="routetop" type="cfm-slow" waiting="0.00" lane="left_0" pos="10.97" speed="28.21" angle="164.67" x="-0.89" y="40.44"/>
        <vehicle id="cfm-slow_4" eclass="HBEFA3/PC_G_EU4" CO2="7110.10" CO="97.43" HC="0.63" NOx="2.60" PMx="0.16" fuel="3.06" electricity="0.00" noise="73.86" route="routetop" type="cfm-slow" waiting="0.00" lane="left_0" pos="34.45" speed="29.23" angle="122.51" x="31.43" y="3.10"/>
        <vehicle id="cfm-slow_5" eclass="HBEFA3/PC_G_EU4" CO2="0.00" CO="0.00" HC="0.00" NOx="0.00" PMx="0.00" fuel="0.00" electricity="0.00" noise="72.65" route="routebottom" type="cfm-slow" waiting="0.00" lane="bottom_0" pos="8.88" speed="29.24" angle="78.43" x="82.61" y="-2.27"/>
    </timestep>
    <timestep time="5.84">
        <vehicle id="cfm-fast_0" eclass="HBEFA3/PC_G_EU4" CO2="0.00" CO="0.00" HC="0.00" NOx="0.00" PMx="0.00" fuel="0.00" electricity="0.00" noise="71.73" route="routebottom" type="cfm-fast" waiting="0.00" lane="bottom_0" pos="33.51" speed="28.32" angle="34.23" x="123.25" y="29.67"/>
        <vehicle id="cfm-fast_1" eclass="HBEFA3/PC_G_EU4" CO2="210865.59" CO="5419.10" HC="30.04" NOx="97.99" PMx="5.97" fuel="90.64" electricity="0.00" noise="130.54" route="routetop" type="cfm-fast" waiting="0.00" lane="top_1" pos="39.29" speed="73.70" angle="203.76" x="2.03" y="85.24"/>
        <vehicle id="cfm-fast_2" eclass="HBEFA3/PC_G_EU4" CO2="0.00" CO="0.00" HC="0.00" NOx="0.00" PMx="0.00" fuel="0.00" electricity="0.00" noise="70.77" route="routebottom" type="cfm-fast" waiting="0.00" lane="right_0" pos="3.04" speed="26.57" angle="359.04" x="131.95" y="70.29"/>
        <vehicle id="cfm-fast_3" eclass="HBEFA3/PC_G_EU4" CO2="0.00" CO="0.00" HC="0.00" NOx="0.00" PMx="0.00" fuel="0.00" electricity="0.00" noise="69.95" route="routebottom" type="cfm-fast" waiting="0.00" lane="right_0" pos="20.65" speed="24.84" angle="327.31" x="118.32" y="105.12"/>
        <vehicle id="cfm-fast_4" eclass="HBEFA3/PC_G_EU4" CO2="0.00" CO="0.00" HC="0.00" NOx="0.00" PMx="0.00" fuel="0.00" electricity="0.00" noise="70.46" route="routebottom" type="cfm-fast" waiting="0.00" lane="right_0" pos="36.47" speed="23.43" angle="298.89" x="91.99" y="126.14"/>
        <vehicle id="cfm-fast_5" eclass="HBEFA3/PC_G_EU4" CO2="325147.29" CO="8047.14" HC="44.88" NOx="151.84" PMx="9.07" fuel="139.76" electricity="0.00" noise="153.29" route="routebottom" type="cfm-fast" waiting="0.00" lane="bottom_1" pos="8.10" speed="79.64" angle="79.88" x="80.12" y="0.47"/>
        <vehicle id="cfm-slow_0" eclass="HBEFA3/PC_G_EU4" CO2="13600.58" CO="205.36" HC="1.27" NOx="5.80" PMx="0.31" fuel="5.85" electricity="0.00" noise="74.43" route="routetop" type="cfm-slow" waiting="0.00" lane="top_0" pos="1.23" speed="23.08" angle="272.27" x="60.93" y="132.22"/>
        <vehicle id="cfm-slow_1" eclass="HBEFA3/PC_G_EU4" CO2="16638.05" CO="271.47" HC="1.65" NOx="7.20" PMx="0.39" fuel="7.15" electricity="0.00" noise="76.27" route="routetop" type="cfm-slow" waiting="0.00" lane="top_0" pos="19.53" speed="24.65" angle="239.30" x="24.16" y="119.74"/>
        <vehicle id="cfm-slow_2" eclass="HBEFA3/PC_G_EU4" CO2="17274.06" CO="291.47" HC="1.76" NOx="7.45" PMx="0.41" fuel="7.43" electricity="0.00" noise="76.78" route="routetop" type="cfm-slow" waiting="0.00" lane="top_0" pos="39.44" speed="26.52" angle="203.52" x="-1.19" y="86.05"/>
        <vehicle id="cfm-slow_3" eclass="HBEFA3/PC_G_EU4" CO2="13819.17" CO="229.20" HC="1.39" NOx="5.79" PMx="0.33" fuel="5.94" electricity="0.00" noise="75.58" route="routetop" type="cfm-slow" waiting="0.00" lane="left_0" pos="11.25" speed="28.22" angle="164.14" x="-0.68" y="39.87"/>
        <vehicle id="cfm-slow_4" eclass="HBEFA3/PC_G_EU4" CO2="7033.36" CO="95.87" HC="0.62" NOx="2.56" PMx="0.16" fuel="3.02" electricity="0.00" noise="73.84" route="routetop" type="cfm-slow" waiting="0.00" lane="left_0" pos="34.74" speed="29.23" angle="122.03" x="31.99" y="2.80"/>
        <vehicle id="cfm-slow_5" eclass="HBEFA3/PC_G_EU4" CO2="0.00" CO="0.00" HC="0.00" NOx="0.00" PMx="0.00" fuel="0.00" electricity="0.00" noise="72.64" route="routebottom" type="cfm-slow" waiting="0.00" lane="bottom_0" pos="9.17" speed="29.24" angle="77.92" x="83.22" y="-2.09"/>
    </timestep>
    <timestep time="5.85">
        <vehicle id="cfm-fast_0" eclass="HBEFA3/PC_G_EU4" CO2="0.00" CO="0.00" HC="0.00" NOx="0.00" PMx="0.00" fuel="0.00" electricity="0.00" noise="71.72" route="routebottom" type="cfm-fast" waiting="0.00" lane="bottom_0" pos="33.79" speed="28.31" angle="33.71" x="123.54" y="30.20"/>
        <vehicle id="cfm-fast_1" eclass="HBEFA3/PC_G_EU4" CO2="211409.65" CO="5434.31" HC="30.13" NOx="98.24" PMx="5.99" fuel="90.87" electricity="0.00" noise="130.63" route="routetop" type="cfm-fast" waiting="0.00" lane="top_1" pos="40.03" speed="73.80" angle="202.47" x="1.54" y="83.81"/>
        <vehicle id="cfm-fast_2" eclass="HBEFA3/PC_G_EU4" CO2="0.00" CO="0.00" HC="0.00" NOx="0.00" PMx="0.00" fuel="0.00" electricity="0.00" noise="70.76" route="routebottom" type="cfm-fast" waiting="0.00" lane="right_0" pos="3.30" speed="26.56" angle="358.57" x="131.89" y="70.86"/>
        <vehicle id="cfm-fast_3" eclass="HBEFA3/PC_G_EU4" CO2="0.00" CO="0.00" HC="0.00" NOx="0.00" PMx="0.00" fuel="0.00" electricity="0.00" noise="69.95" route="routebottom" type="cfm-fast" waiting="0.00" lane="right_0" pos="20.90" speed="24.83" angle="326.86" x="117.99" y="105.55"/>
        <vehicle id="cfm-fast_4" eclass="HBEFA3/PC_G_EU4" CO2="0.00" CO="0.00" HC="0.00" NOx="0.00" PMx="0.00" fuel="0.00" electricity="0.00" noise="70.48" route="routebottom" type="cfm-fast" waiting="0.00" lane="right_0" pos="36.71" speed="23.43" angle="298.43" x="91.53" y="126.35"/>
        <vehicle id="cfm-fast_5" eclass="HBEFA3/PC_G_EU4" CO2="325784.95" CO="8066.94" HC="44.98" NOx="152.14" PMx="9.09" fuel="140.04" electricity="0.00" noise="153.35" route="routebottom" type="cfm-fast" waiting="0.00" lane="bottom_1" pos="8.90" speed="79.77" angle="78.42" x="81.70" y="0.90"/>
        <vehicle id="cfm-slow_0" eclass="HBEFA3/PC_G_EU4" CO2="13625.27" CO="205.90" HC="1.27" NOx="5.81" PMx="0.31" fuel="5.86" electricity="0.00" noise="74.44" route="routetop" type="cfm-slow" waiting="0.00" lane="top_0" pos="1.46" speed="23.10" angle="271.86" x="60.44" y="132.19"/>
        <vehicle id="cfm-slow_1" eclass="HBEFA3/PC_G_EU4" CO2="16641.73" CO="271.60" HC="1.65" NOx="7.20" PMx="0.39" fuel="7.15" electricity="0.00" noise="76.27" route="routetop" type="cfm-slow" waiting="0.00" lane="top_0" pos="19.77" speed="24.67" angle="238.85" x="23.73" y="119.43"/>
        <vehicle id="cfm-slow_2" eclass="HBEFA3/PC_G_EU4" CO2="17239.88" CO="290.85" HC="1.75" NOx="7.44" PMx="0.41" fuel="7.41" electricity="0.00" noise="76.76" route="routetop" type="cfm-slow" waiting="0.00" lane="top_0" pos="39.71" speed="26.54" angle="203.07" x="-1.38" y="85.52"/>
        <vehicle id="cfm-slow_3" eclass="HBEFA3/PC_G_EU4" CO2="13750.32" CO="227.85" HC="1.38" NOx="5.75" PMx="0.33" fuel="5.91" electricity="0.00" noise="75.55" route="routetop" type="cfm-slow" waiting="0.00" lane="left_0" pos="11.53" speed="28.24" angle="163.69" x="-0.48" y="39.30"/>
        <vehicle id="cfm-slow_4" eclass="HBEFA3/PC_G_EU4" CO2="6956.79" CO="94.30" HC="0.61" NOx="2.53" PMx="0.15" fuel="2.99" electricity="0.00" noise="73.83" route="routetop" type="cfm-slow" waiting="0.00" lane="left_0" pos="35.03" speed="29.23" angle="121.49" x="32.55" y="2.52"/>
        <vehicle id="cfm-slow_5" eclass="HBEFA3/PC_G_EU4" CO2="0.00" CO="0.00" HC="0.00" NOx="0.00" PMx="0.00" fuel="0.00" electricity="0.00" noise="72.63" route="routebottom" type="cfm-slow" waiting="0.00" lane="bottom_0" pos="9.46" speed="29.23" angle="77.38" x="83.82" y="-1.91"/>
    </timestep>
    <timestep time="5.86">
        <vehicle id="cfm-fast_0" eclass="HBEFA3/PC_G_EU4" CO2="0.00" CO="0.00" HC="0.00" NOx="0.00" PMx="0.00" fuel="0.00" electricity="0.00" noise="71.71" route="routebottom" type="cfm-fast" waiting="0.00" lane="bottom_0" pos="34.08" speed="28.29" angle="33.19" x="123.84" y="30.74"/>
        <vehicle id="cfm-fast_1" eclass="HBEFA3/PC_G_EU4" CO2="211958.48" CO="5449.64" HC="30.21" NOx="98.50" PMx="6.00" fuel="91.11" electricity="0.00" noise="130.73" route="routetop" type="cfm-fast" waiting="0.00" lane="top_1" pos="40.76" speed="73.89" angle="201.08" x="1.09" y="82.36"/>
        <vehicle id="cfm-fast_2" eclass="HBEFA3/PC_G_EU4" CO2="0.00" CO="0.00" HC="0.00" NOx="0.00" PMx="0.00" fuel="0.00" electricity="0.00" noise="70.75" route="routebottom" type="cfm-fast" waiting="0.00" lane="right_0" pos="3.57" speed="26.54" angle="358.09" x="131.83" y="71.42"/>
        <vehicle id="cfm-fast_3" eclass="HBEFA3/PC_G_EU4" CO2="0.00" CO="0.00" HC="0.00" NOx="0.00" PMx="0.00" fuel="0.00" electricity="0.00" noise="69.95" route="routebottom" type="cfm-fast" waiting="0.00" lane="right_0" pos="21.15" speed="24.82" angle="326.41" x="117.66" y="105.97"/>
        <vehicle id="cfm-fast_4" eclass="HBEFA3/PC_G_EU4" CO2="0.00" CO="0.00" HC="0.00" NOx="0.00" PMx="0.00" fuel="0.00" electricity="0.00" noise="70.50" route="routebottom" type="cfm-fast" waiting="0.00" lane="right_0" pos="36.94" speed="23.43" angle="297.97" x="91.07" y="126.55"/>
        <vehicle id="cfm-fast_5" eclass="HBEFA3/PC_G_EU4" CO2="326422.90" CO="8086.76" HC="45.09" NOx="152.44" PMx="9.11" fuel="140.31" electricity="0.00" noise="153.42" route="routebottom" type="cfm-fast" waiting="0.00" lane="bottom_1" pos="9.70" speed="79.91" angle="76.99" x="83.27" y="1.38"/>
        <vehicle id="cfm-slow_0" eclass="HBEFA3/PC_G_EU4" CO2="13649.81" CO="206.43" HC="1.28" NOx="5.82" PMx="0.31" fuel="5.87" electricity="0.00" noise="74.46" route="routetop" type="cfm-slow" waiting="0.00" lane="top_0" pos="1.69" speed="23.11" angle="271.45" x="59.94" y="132.16"/>
        <vehicle id="cfm-slow_1" eclass="HBEFA3/PC_G_EU4" CO2="16645.10" CO="271.73" HC="1.65" NOx="7.20" PMx="0.39" fuel="7.15" electricity="0.00" noise="76.28" route="routetop" type="cfm-slow" waiting="0.00" lane="top_0" pos="20.02" speed="24.69" angle="238.40" x="23.30" y="119.12"/>
        <vehicle id="cfm-slow_2" eclass="HBEFA3/PC_G_EU4" CO2="17205.40" CO="290.22" HC="1.75" NOx="7.42" PMx="0.41" fuel="7.40" electricity="0.00" noise="76.75" route="routetop" type="cfm-slow" waiting="0.00" lane="top_0" pos="39.97" speed="26.55" angle="202.60" x="-1.55" y="84.97"/>
        <vehicle id="cfm-slow_3" eclass="HBEFA3/PC_G_EU4" CO2="13681.41" CO="226.50" HC="1.38" NOx="5.72" PMx="0.33" fuel="5.88" electricity="0.00" noise="75.53" route="routetop" type="cfm-slow" waiting="0.00" lane="left_0" pos="11.82" speed="28.25" angle="163.19" x="-0.25" y="38.73"/>
        <vehicle id="cfm-slow_4" eclass="HBEFA3/PC_G_EU4" CO2="6880.41" CO="92.74" HC="0.60" NOx="2.49" PMx="0.15" fuel="2.96" electricity="0.00" noise="73.81" route="routetop" type="cfm-slow" waiting="0.00" lane="left_0" pos="35.33" speed="29.23" angle="120.95" x="33.11" y="2.24"/>
        <vehicle id="cfm-slow_5" eclass="HBEFA3/PC_G_EU4" CO2="0.00" CO="0.00" HC="0.00" NOx="0.00" PMx="0.00" fuel="0.00" electricity="0.00" noise="72.62" route="routebottom" type="cfm-slow" waiting="0.00" lane="bottom_0" pos="9.76" speed="29.22" angle="76.84" x="84.42" y="-1.72"/>
    </timestep>
    <timestep time="5.87">
        <vehicle id="cfm-fast_0" eclass="HBEFA3/PC_G_EU4" CO2="0.00" CO="0.00" HC="0.00" NOx="0.00" PMx="0.00" fuel="0.00" electricity="0.00" noise="71.70" route="routebottom" type="cfm-fast" waiting="0.00" lane="bottom_0" pos="34.36" speed="28.28" angle="32.67" x="124.13" y="31.27"/>
        <vehicle id="cfm-fast_1" eclass="HBEFA3/PC_G_EU4" CO2="212512.02" CO="5465.07" HC="30.29" NOx="98.76" PMx="6.02" fuel="91.35" electricity="0.00" noise="130.83" route="routetop" type="cfm-fast" waiting="0.00" lane="top_1" pos="41.50" speed="73.98" angle="199.78" x="0.68" y="80.90"/>
        <vehicle id="cfm-fast_2" eclass="HBEFA3/PC_G_EU4" CO2="0.00" CO="0.00" HC="0.00" NOx="0.00" PMx="0.00" fuel="0.00" electricity="0.00" noise="70.75" route="routebottom" type="cfm-fast" waiting="0.00" lane="right_0" pos="3.84" speed="26.53" angle="357.63" x="131.77" y="71.99"/>
        <vehicle id="cfm-fast_3" eclass="HBEFA3/PC_G_EU4" CO2="0.00" CO="0.00" HC="0.00" NOx="0.00" PMx="0.00" fuel="0.00" electricity="0.00" noise="69.95" route="routebottom" type="cfm-fast" waiting="0.00" lane="right_0" pos="21.39" speed="24.80" angle="325.96" x="117.33" y="106.39"/>
        <vehicle id="cfm-fast_4" eclass="HBEFA3/PC_G_EU4" CO2="0.00" CO="0.00" HC="0.00" NOx="0.00" PMx="0.00" fuel="0.00" electricity="0.00" noise="70.52" route="routebottom" type="cfm-fast" waiting="0.00" lane="right_0" pos="37.17" speed="23.43" angle="297.58" x="90.61" y="126.76"/>
        <vehicle id="cfm-fast_5" eclass="HBEFA3/PC_G_EU4" CO2="327061.14" CO="8106.61" HC="45.20" NOx="152.74" PMx="9.13" fuel="140.59" electricity="0.00" noise="153.49" route="routebottom" type="cfm-fast" waiting="0.00" lane="bottom_1" pos="10.50" speed="80.05" angle="75.59" x="84.83" y="1.88"/>
        <vehicle id="cfm-slow_0" eclass="HBEFA3/PC_G_EU4" CO2="13674.20" CO="206.96" HC="1.28" NOx="5.83" PMx="0.31" fuel="5.88" electricity="0.00" noise="74.47" route="routetop" type="cfm-slow" waiting="0.00" lane="top_0" pos="1.92" speed="23.13" angle="271.03" x="59.44" y="132.14"/>
        <vehicle id="cfm-slow_1" eclass="HBEFA3/PC_G_EU4" CO2="16648.18" CO="271.85" HC="1.65" NOx="7.20" PMx="0.39" fuel="7.16" electricity="0.00" noise="76.28" route="routetop" type="cfm-slow" waiting="0.00" lane="top_0" pos="20.27" speed="24.71" angle="237.95" x="22.87" y="118.81"/>
        <vehicle id="cfm-slow_2" eclass="HBEFA3/PC_G_EU4" CO2="17170.62" CO="289.59" HC="1.75" NOx="7.40" PMx="0.41" fuel="7.38" electricity="0.00" noise="76.73" route="routetop" type="cfm-slow" waiting="0.00" lane="top_0" pos="40.24" speed="26.57" angle="202.10" x="-1.72" y="84.43"/>
        <vehicle id="cfm-slow_3" eclass="HBEFA3/PC_G_EU4" CO2="13612.42" CO="225.15" HC="1.37" NOx="5.69" PMx="0.32" fuel="5.85" electricity="0.00" noise="75.51" route="routetop" type="cfm-slow" waiting="0.00" lane="left_0" pos="12.10" speed="28.26" angle="162.69" x="-0.03" y="38.17"/>
        <vehicle id="cfm-slow_4" eclass="HBEFA3/PC_G_EU4" CO2="6804.21" CO="91.18" HC="0.59" NOx="2.45" PMx="0.15" fuel="2.92" electricity="0.00" noise="73.79" route="routetop" type="cfm-slow" waiting="0.00" lane="left_0" pos="35.62" speed="29.24" angle="120.41" x="33.68" y="1.96"/>
        <vehicle id="cfm-slow_5" eclass="HBEFA3/PC_G_EU4" CO2="0.00" CO="0.00" HC="0.00" NOx="0.00" PMx="0.00" fuel="0.00" electricity="0.00" noise="72.61" route="routebottom" type="cfm-slow" waiting="0.00" lane="bottom_0" pos="10.05" speed="29.21" angle="76.31" x="85.02" y="-1.54"/>
    </timestep>
    <timestep time="5.88">
        <vehicle id="cfm-fast_0" eclass="HBEFA3/PC_G_EU4" CO2="0.00" CO="0.00" HC="0.00" NOx="0.00" PMx="0.00" fuel="0.00" electricity="0.00" noise="71.69" route="routebottom" type="cfm-fast" waiting="0.00" lane="bottom_0" pos="34.64" speed="28.26" angle="32.21" x="124.43" y="31.80"/>
        <vehicle id="cfm-fast_1" eclass="HBEFA3/PC_G_EU4" CO2="213070.20" CO="5480.61" HC="30.38" NOx="99.02" PMx="6.04" fuel="91.59" electricity="0.00" noise="130.93" route="routetop" type="cfm-fast" waiting="0.00" lane="top_1" pos="42.24" speed="74.07" angle="198.44" x="0.29" y="79.43"/>
        <vehicle id="cfm-fast_2" eclass="HBEFA3/PC_G_EU4" CO2="0.00" CO="0.00" HC="0.00" NOx="0.00" PMx="0.00" fuel="0.00" electricity="0.00" noise="70.74" route="routebottom" type="cfm-fast" waiting="0.00" lane="right_0" pos="4.10" speed="26.51" angle="357.15" x="131.69" y="72.56"/>
        <vehicle id="cfm-fast_3" eclass="HBEFA3/PC_G_EU4" CO2="0.00" CO="0.00" HC="0.00" NOx="0.00" PMx="0.00" fuel="0.00" electricity="0.00" noise="69.95" route="routebottom" type="cfm-fast" waiting="0.00" lane="right_0" pos="21.64" speed="24.79" angle="325.51" x="117.00" y="106.81"/>
        <vehicle id="cfm-fast_4" eclass="HBEFA3/PC_G_EU4" CO2="3939.84" CO="7.09" HC="0.13" NOx="1.23" PMx="0.06" fuel="1.69" electricity="0.00" noise="70.54" route="routebottom" type="cfm-fast" waiting="0.00" lane="right_0" pos="37.41" speed="23.43" angle="297.18" x="90.14" y="126.95"/>
        <vehicle id="cfm-fast_5" eclass="HBEFA3/PC_G_EU4" CO2="327699.67" CO="8126.47" HC="45.30" NOx="153.04" PMx="9.15" fuel="140.86" electricity="0.00" noise="153.55" route="routebottom" type="cfm-fast" waiting="0.00" lane="bottom_1" pos="11.30" speed="80.18" angle="74.10" x="86.38" y="2.44"/>
        <vehicle id="cfm-slow_0" eclass="HBEFA3/PC_G_EU4" CO2="13698.45" CO="207.49" HC="1.28" NOx="5.84" PMx="0.31" fuel="5.89" electricity="0.00" noise="74.49" route="routetop" type="cfm-slow" waiting="0.00" lane="top_0" pos="2.15" speed="23.15" angle="270.62" x="58.95" y="132.11"/>
        <vehicle id="cfm-slow_1" eclass="HBEFA3/PC_G_EU4" CO2="16650.95" CO="271.97" HC="1.65" NOx="7.20" PMx="0.39" fuel="7.16" electricity="0.00" noise="76.28" route="routetop" type="cfm-slow" waiting="0.00" lane="top_0" pos="20.51" speed="24.73" angle="237.56" x="22.44" y="118.50"/>
        <vehicle id="cfm-slow_2" eclass="HBEFA3/PC_G_EU4" CO2="17135.55" CO="288.95" HC="1.74" NOx="7.39" PMx="0.41" fuel="7.37" electricity="0.00" noise="76.72" route="routetop" type="cfm-slow" waiting="0.00" lane="top_0" pos="40.51" speed="26.59" angle="201.61" x="-1.89" y="83.88"/>
        <vehicle id="cfm-slow_3" eclass="HBEFA3/PC_G_EU4" CO2="13543.37" CO="223.80" HC="1.36" NOx="5.65" PMx="0.32" fuel="5.82" electricity="0.00" noise="75.48" route="routetop" type="cfm-slow" waiting="0.00" lane="left_0" pos="12.38" speed="28.27" angle="162.19" x="0.20" y="37.60"/>
        <vehicle id="cfm-slow_4" eclass="HBEFA3/PC_G_EU4" CO2="6728.19" CO="89.63" HC="0.58" NOx="2.42" PMx="0.15" fuel="2.89" electricity="0.00" noise="73.78" route="routetop" type="cfm-slow" waiting="0.00" lane="left_0" pos="35.91" speed="29.24" angle="119.93" x="34.24" y="1.68"/>
        <vehicle id="cfm-slow_5" eclass="HBEFA3/PC_G_EU4" CO2="0.00" CO="0.00" HC="0.00" NOx="0.00" PMx="0.00" fuel="0.00" electricity="0.00" noise="72.60" route="routebottom" type="cfm-slow" waiting="0.00" lane="bottom_0" pos="10.34" speed="29.21" angle="75.84" x="85.62" y="-1.34"/>
    </timestep>
    <timestep time="5.89">
        <vehicle id="cfm-fast_0" eclass="HBEFA3/PC_G_EU4" CO2="0.00" CO="0.00" HC="0.00" NOx="0.00" PMx="0.00" fuel="0.00" electricity="0.00" noise="71.68" route="routebottom" type="cfm-fast" waiting="0.00" lane="bottom_0" pos="34.93" speed="28.25" angle="31.70" x="124.70" y="32.34"/>
        <vehicle id="cfm-fast_1" eclass="HBEFA3/PC_G_EU4" CO2="213632.96" CO="5496.26" HC="30.47" NOx="99.29" PMx="6.05" fuel="91.83" electricity="0.00" noise="131.03" route="routetop" type="cfm-fast" waiting="0.00" lane="top_1" pos="42.99" speed="74.16" angle="197.14" x="-0.05" y="77.95"/>
        <vehicle id="cfm-fast_2" eclass="HBEFA3/PC_G_EU4" CO2="0.00" CO="0.00" HC="0.00" NOx="0.00" PMx="0.00" fuel="0.00" electricity="0.00" noise="70.73" route="routebottom" type="cfm-fast" waiting="0.00" lane="right_0" pos="4.37" speed="26.50" angle="356.67" x="131.61" y="73.12"/>
        <vehicle id="cfm-fast_3" eclass="HBEFA3/PC_G_EU4" CO2="0.00" CO="0.00" HC="0.00" NOx="0.00" PMx="0.00" fuel="0.00" electricity="0.00" noise="69.95" route="routebottom" type="cfm-fast" waiting="0.00" lane="right_0" pos="21.89" speed="24.78" angle="325.10" x="116.67" y="107.22"/>
        <vehicle id="cfm-fast_4" eclass="HBEFA3/PC_G_EU4" CO2="4014.00" CO="8.61" HC="0.14" NOx="1.27" PMx="0.06" fuel="1.73" electricity="0.00" noise="70.56" route="routebottom" type="cfm-fast" waiting="0.00" lane="right_0" pos="37.64" speed="23.43" angle="296.75" x="89.67" y="127.14"/>
        <vehicle id="cfm-fast_5" eclass="HBEFA3/PC_G_EU4" CO2="328338.50" CO="8146.36" HC="45.41" NOx="153.34" PMx="9.17" fuel="141.14" electricity="0.00" noise="153.62" route="routebottom" type="cfm-fast" waiting="0.00" lane="bottom_1" pos="12.11" speed="80.32" angle="72.70" x="87.91" y="3.03"/>
        <vehicle id="cfm-slow_0" eclass="HBEFA3/PC_G_EU4" CO2="13722.55" CO="208.01" HC="1.29" NOx="5.85" PMx="0.31" fuel="5.90" electricity="0.00" noise="74.50" route="routetop" type="cfm-slow" waiting="0.00" lane="top_0" pos="2.38" speed="23.16" angle="270.20" x="58.45" y="132.08"/>
        <vehicle id="cfm-slow_1" eclass="HBEFA3/PC_G_EU4" CO2="16653.42" CO="272.07" HC="1.65" NOx="7.20" PMx="0.39" fuel="7.16" electricity="0.00" noise="76.28" route="routetop" type="cfm-slow" waiting="0.00" lane="top_0" pos="20.76" speed="24.75" angle="237.10" x="22.02" y="118.17"/>
        <vehicle id="cfm-slow_2" eclass="HBEFA3/PC_G_EU4" CO2="17100.18" CO="288.30" HC="1.74" NOx="7.37" PMx="0.41" fuel="7.35" electricity="0.00" noise="76.70" route="routetop" type="cfm-slow" waiting="0.00" lane="top_0" pos="40.77" speed="26.61" angle="201.11" x="-2.06" y="83.33"/>
        <vehicle id="cfm-slow_3" eclass="HBEFA3/PC_G_EU4" CO2="13474.25" CO="222.44" HC="1.35" NOx="5.62" PMx="0.32" fuel="5.79" electricity="0.00" noise="75.46" route="routetop" type="cfm-slow" waiting="0.00" lane="left_0" pos="12.66" speed="28.28" angle="161.69" x="0.43" y="37.04"/>
        <vehicle id="cfm-slow_4" eclass="HBEFA3/PC_G_EU4" CO2="6652.35" CO="88.08" HC="0.57" NOx="2.38" PMx="0.15" fuel="2.86" electricity="0.00" noise="73.76" route="routetop" type="cfm-slow" waiting="0.00" lane="left_0" pos="36.20" speed="29.24" angle="119.38" x="34.81" y="1.42"/>
        <vehicle id="cfm-slow_5" eclass="HBEFA3/PC_G_EU4" CO2="0.00" CO="0.00" HC="0.00" NOx="0.00" PMx="0.00" fuel="0.00" electricity="0.00" noise="72.59" route="routebottom" type="cfm-slow" waiting="0.00" lane="bottom_0" pos="10.63" speed="29.20" angle="75.29" x="86.21" y="-1.13"/>
    </timestep>
    <timestep time="5.90">
        <vehicle id="cfm-fast_0" eclass="HBEFA3/PC_G_EU4" CO2="0.00" CO="0.00" HC="0.00" NOx="0.00" PMx="0.00" fuel="0.00" electricity="0.00" noise="71.68" route="routebottom" type="cfm-fast" waiting="0.00" lane="bottom_0" pos="35.21" speed="28.24" angle="31.19" x="124.97" y="32.89"/>
        <vehicle id="cfm-fast_1" eclass="HBEFA3/PC_G_EU4" CO2="214200.23" CO="5512.02" HC="30.55" NOx="99.55" PMx="6.07" fuel="92.07" electricity="0.00" noise="131.13" route="routetop" type="cfm-fast" waiting="0.00" lane="top_1" pos="43.73" speed="74.25" angle="195.84" x="-0.38" y="76.46"/>
        <vehicle id="cfm-fast_2" eclass="HBEFA3/PC_G_EU4" CO2="0.00" CO="0.00" HC="0.00" NOx="0.00" PMx="0.00" fuel="0.00" electricity="0.00" noise="70.72" route="routebottom" type="cfm-fast" waiting="0.00" lane="right_0" pos="4.63" speed="26.48" angle="356.19" x="131.53" y="73.68"/>
        <vehicle id="cfm-fast_3" eclass="HBEFA3/PC_G_EU4" CO2="0.00" CO="0.00" HC="0.00" NOx="0.00" PMx="0.00" fuel="0.00" electricity="0.00" noise="69.95" route="routebottom" type="cfm-fast" waiting="0.00" lane="right_0" pos="22.14" speed="24.77" angle="324.63" x="116.32" y="107.63"/>
        <vehicle id="cfm-fast_4" eclass="HBEFA3/PC_G_EU4" CO2="4087.86" CO="10.13" HC="0.15" NOx="1.30" PMx="0.06" fuel="1.76" electricity="0.00" noise="70.58" route="routebottom" type="cfm-fast" waiting="0.00" lane="right_0" pos="37.88" speed="23.43" angle="296.33" x="89.20" y="127.32"/>
        <vehicle id="cfm-fast_5" eclass="HBEFA3/PC_G_EU4" CO2="328977.61" CO="8166.27" HC="45.52" NOx="153.64" PMx="9.19" fuel="141.41" electricity="0.00" noise="153.68" route="routebottom" type="cfm-fast" waiting="0.00" lane="bottom_1" pos="12.91" speed="80.45" angle="71.30" x="89.44" y="3.65"/>
        <vehicle id="cfm-slow_0" eclass="HBEFA3/PC_G_EU4" CO2="13746.50" CO="208.53" HC="1.29" NOx="5.86" PMx="0.31" fuel="5.91" electricity="0.00" noise="74.52" route="routetop" type="cfm-slow" waiting="0.00" lane="top_0" pos="2.61" speed="23.18" angle="269.81" x="57.95" y="132.04"/>
        <vehicle id="cfm-slow_1" eclass="HBEFA3/PC_G_EU4" CO2="16655.59" CO="272.18" HC="1.65" NOx="7.20" PMx="0.39" fuel="7.16" electricity="0.00" noise="76.29" route="routetop" type="cfm-slow" waiting="0.00" lane="top_0" pos="21.01" speed="24.77" angle="236.65" x="21.60" y="117.84"/>
        <vehicle id="cfm-slow_2" eclass="HBEFA3/PC_G_EU4" CO2="17064.51" CO="287.65" HC="1.74" NOx="7.35" PMx="0.41" fuel="7.34" electricity="0.00" noise="76.69" route="routetop" type="cfm-slow" waiting="0.00" lane="top_0" pos="41.04" speed="26.63" angle="200.66" x="-2.23" y="82.78"/>
        <vehicle id="cfm-slow_3" eclass="HBEFA3/PC_G_EU4" CO2="13405.07" CO="221.08" HC="1.34" NOx="5.59" PMx="0.32" fuel="5.76" electricity="0.00" noise="75.44" route="routetop" type="cfm-slow" waiting="0.00" lane="left_0" pos="12.95" speed="28.29" angle="161.22" x="0.67" y="36.48"/>
        <vehicle id="cfm-slow_4" eclass="HBEFA3/PC_G_EU4" CO2="6576.70" CO="86.53" HC="0.56" NOx="2.35" PMx="0.14" fuel="2.83" electricity="0.00" noise="73.74" route="routetop" type="cfm-slow" waiting="0.00" lane="left_0" pos="36.50" speed="29.24" angle="118.83" x="35.39" y="1.16"/>
        <vehicle id="cfm-slow_5" eclass="HBEFA3/PC_G_EU4" CO2="0.00" CO="0.00" HC="0.00" NOx="0.00" PMx="0.00" fuel="0.00" electricity="0.00" noise="72.58" route="routebottom" type="cfm-slow" waiting="0.00" lane="bottom_0" pos="10.92" speed="29.19" angle="74.75" x="86.80" y="-0.92"/>
    </timestep>
    <timestep time="5.91">
        <vehicle id="cfm-fast_0" eclass="HBEFA3/PC_G_EU4" CO2="0.00" CO="0.00" HC="0.00" NOx="0.00" PMx="0.00" fuel="0.00" electricity="0.00" noise="71.67" route="routebottom" type="cfm-fast" waiting="0.00" lane="bottom_0" pos="35.49" speed="28.22" angle="30.68" x="125.25" y="33.43"/>
        <vehicle id="cfm-fast_1" eclass="HBEFA3/PC_G_EU4" CO2="214771.96" CO="5527.88" HC="30.64" NOx="99.82" PMx="6.09" fuel="92.32" electricity="0.00" noise="131.24" route="routetop" type="cfm-fast" waiting="0.00" lane="top_1" pos="44.47" speed="74.35" angle="194.47" x="-0.66" y="74.97"/>
        <vehicle id="cfm-fast_2" eclass="HBEFA3/PC_G_EU4" CO2="0.00" CO="0.00" HC="0.00" NOx="0.00" PMx="0.00" fuel="0.00" electricity="0.00" noise="70.71" route="routebottom" type="cfm-fast" waiting="0.00" lane="right_0" pos="4.89" speed="26.46" angle="355.72" x="131.45" y="74.25"/>
        <vehicle id="cfm-fast_3" eclass="HBEFA3/PC_G_EU4" CO2="0.00" CO="0.00" HC="0.00" NOx="0.00" PMx="0.00" fuel="0.00" electricity="0.00" noise="69.95" route="routebottom" type="cfm-fast" waiting="0.00" lane="right_0" pos="22.39" speed="24.75" angle="324.16" x="115.98" y="108.03"/>
        <vehicle id="cfm-fast_4" eclass="HBEFA3/PC_G_EU4" CO2="4161.43" CO="11.65" HC="0.16" NOx="1.34" PMx="0.06" fuel="1.79" electricity="0.00" noise="70.60" route="routebottom" type="cfm-fast" waiting="0.00" lane="right_0" pos="38.11" speed="23.43" angle="295.91" x="88.74" y="127.51"/>
        <vehicle id="cfm-fast_5" eclass="HBEFA3/PC_G_EU4" CO2="329617.02" CO="8186.20" HC="45.63" NOx="153.94" PMx="9.21" fuel="141.69" electricity="0.00" noise="153.75" route="routebottom" type="cfm-fast" waiting="0.00" lane="bottom_1" pos="13.72" speed="80.59" angle="69.82" x="90.95" y="4.33"/>
        <vehicle id="cfm-slow_0" eclass="HBEFA3/PC_G_EU4" CO2="13770.30" CO="209.05" HC="1.29" NOx="5.88" PMx="0.31" fuel="5.92" electricity="0.00" noise="74.54" route="routetop" type="cfm-slow" waiting="0.00" lane="top_0" pos="2.85" speed="23.20" angle="269.39" x="57.46" y="131.99"/>
        <vehicle id="cfm-slow_1" eclass="HBEFA3/PC_G_EU4" CO2="16657.45" CO="272.27" HC="1.65" NOx="7.20" PMx="0.39" fuel="7.16" electricity="0.00" noise="76.29" route="routetop" type="cfm-slow" waiting="0.00" lane="top_0" pos="21.26" speed="24.79" angle="236.19" x="21.18" y="117.51"/>
        <vehicle id="cfm-slow_2" eclass="HBEFA3/PC_G_EU4" CO2="17028.55" CO="286.99" HC="1.73" NOx="7.34" PMx="0.41" fuel="7.32" electricity="0.00" noise="76.67" route="routetop" type="cfm-slow" waiting="0.00" lane="top_0" pos="41.31" speed="26.64" angle="200.18" x="-2.38" y="82.23"/>
        <vehicle id="cfm-slow_3" eclass="HBEFA3/PC_G_EU4" CO2="13335.83" CO="219.72" HC="1.34" NOx="5.56" PMx="0.32" fuel="5.73" electricity="0.00" noise="75.42" route="routetop" type="cfm-slow" waiting="0.00" lane="left_0" pos="13.23" speed="28.30" angle="160.70" x="0.92" y="35.92"/>
        <vehicle id="cfm-slow_4" eclass="HBEFA3/PC_G_EU4" CO2="6501.23" CO="84.99" HC="0.55" NOx="2.31" PMx="0.14" fuel="2.79" electricity="0.00" noise="73.73" route="routetop" type="cfm-slow" waiting="0.00" lane="left_0" pos="36.79" speed="29.24" angle="118.28" x="35.96" y="0.90"/>
        <vehicle id="cfm-slow_5" eclass="HBEFA3/PC_G_EU4" CO2="0.00" CO="0.00" HC="0.00" NOx="0.00" PMx="0.00" fuel="0.00" electricity="0.00" noise="72.57" route="routebottom" type="cfm-slow" waiting="0.00" lane="bottom_0" pos="11.22" speed="29.18" angle="74.20" x="87.39" y="-0.71"/>
    </timestep>
    <timestep time="5.92">
        <vehicle id="cfm-fast_0" eclass="HBEFA3/PC_G_EU4" CO2="0.00" CO="0.00" HC="0.00" NOx="0.00" PMx="0.00" fuel="0.00" electricity="0.00" noise="71.66" route="routebottom" type="cfm-fast" waiting="0.00" lane="bottom_0" pos="35.77" speed="28.21" angle="30.16" x="125.52" y="33.97"/>
        <vehicle id="cfm-fast_1" eclass="HBEFA3/PC_G_EU4" CO2="215348.06" CO="5543.84" HC="30.73" NOx="100.09" PMx="6.10" fuel="92.57" electricity="0.00" noise="131.34" route="routetop" type="cfm-fast" waiting="0.00" lane="top_1" pos="45.22" speed="74.44" angle="193.16" x="-0.91" y="73.46"/>
        <vehicle id="cfm-fast_2" eclass="HBEFA3/PC_G_EU4" CO2="0.00" CO="0.00" HC="0.00" NOx="0.00" PMx="0.00" fuel="0.00" electricity="0.00" noise="70.71" route="routebottom" type="cfm-fast" waiting="0.00" lane="right_0" pos="5.16" speed="26.45" angle="355.19" x="131.36" y="74.81"/>
        <vehicle id="cfm-fast_3" eclass="HBEFA3/PC_G_EU4" CO2="0.00" CO="0.00" HC="0.00" NOx="0.00" PMx="0.00" fuel="0.00" electricity="0.00" noise="69.95" route="routebottom" type="cfm-fast" waiting="0.00" lane="right_0" pos="22.63" speed="24.74" angle="323.69" x="115.63" y="108.44"/>
        <vehicle id="cfm-fast_4" eclass="HBEFA3/PC_G_EU4" CO2="4234.71" CO="13.16" HC="0.16" NOx="1.37" PMx="0.07" fuel="1.82" electricity="0.00" noise="70.62" route="routebottom" type="cfm-fast" waiting="0.00" lane="right_0" pos="38.35" speed="23.43" angle="295.49" x="88.27" y="127.70"/>
        <vehicle id="cfm-fast_5" eclass="HBEFA3/PC_G_EU4" CO2="330256.73" CO="8206.15" HC="45.73" NOx="154.24" PMx="9.23" fuel="141.96" electricity="0.00" noise="153.82" route="routebottom" type="cfm-fast" waiting="0.00" lane="bottom_1" pos="14.52" speed="80.73" angle="68.38" x="92.44" y="5.04"/>
        <vehicle id="cfm-slow_0" eclass="HBEFA3/PC_G_EU4" CO2="13793.95" CO="209.56" HC="1.30" NOx="5.89" PMx="0.31" fuel="5.93" electricity="0.00" noise="74.55" route="routetop" type="cfm-slow" waiting="0.00" lane="top_0" pos="3.08" speed="23.21" angle="268.98" x="56.96" y="131.94"/>
        <vehicle id="cfm-slow_1" eclass="HBEFA3/PC_G_EU4" CO2="16659.01" CO="272.36" HC="1.65" NOx="7.20" PMx="0.39" fuel="7.16" electricity="0.00" noise="76.29" route="routetop" type="cfm-slow" waiting="0.00" lane="top_0" pos="21.50" speed="24.81" angle="235.74" x="20.76" y="117.18"/>
        <vehicle id="cfm-slow_2" eclass="HBEFA3/PC_G_EU4" CO2="16992.30" CO="286.32" HC="1.73" NOx="7.32" PMx="0.41" fuel="7.30" electricity="0.00" noise="76.66" route="routetop" type="cfm-slow" waiting="0.00" lane="top_0" pos="41.57" speed="26.66" angle="199.69" x="-2.52" y="81.68"/>
        <vehicle id="cfm-slow_3" eclass="HBEFA3/PC_G_EU4" CO2="13266.53" CO="218.36" HC="1.33" NOx="5.52" PMx="0.31" fuel="5.70" electricity="0.00" noise="75.39" route="routetop" type="cfm-slow" waiting="0.00" lane="left_0" pos="13.51" speed="28.31" angle="160.17" x="1.17" y="35.37"/>
        <vehicle id="cfm-slow_4" eclass="HBEFA3/PC_G_EU4" CO2="6425.96" CO="83.44" HC="0.54" NOx="2.27" PMx="0.14" fuel="2.76" electricity="0.00" noise="73.71" route="routetop" type="cfm-slow" waiting="0.00" lane="left_0" pos="37.08" speed="29.24" angle="117.75" x="36.53" y="0.64"/>
        <vehicle id="cfm-slow_5" eclass="HBEFA3/PC_G_EU4" CO2="0.00" CO="0.00" HC="0.00" NOx="0.00" PMx="0.00" fuel="0.00" electricity="0.00" noise="72.56" route="routebottom" type="cfm-slow" waiting="0.00" lane="bottom_0" pos="11.51" speed="29.17" angle="73.73" x="87.98" y="-0.49"/>
    </timestep>
    <timestep time="5.93">
        <vehicle id="cfm-fast_0" eclass="HBEFA3/PC_G_EU4" CO2="0.00" CO="0.00" HC="0.00" NOx="0.00" PMx="0.00" fuel="0.00" electricity="0.00" noise="71.65" route="routebottom" type="cfm-fast" waiting="0.00" lane="bottom_0" pos="36.05" speed="28.19" angle="29.69" x="125.78" y="34.52"/>
        <vehicle id="cfm-fast_1" eclass="HBEFA3/PC_G_EU4" CO2="215928.50" CO="5559.90" HC="30.81" NOx="100.36" PMx="6.12" fuel="92.82" electricity="0.00" noise="131.44" route="routetop" type="cfm-fast" waiting="0.00" lane="top_1" pos="45.96" speed="74.53" angle="191.80" x="-1.12" y="71.95"/>
        <vehicle id="cfm-fast_2" eclass="HBEFA3/PC_G_EU4" CO2="0.00" CO="0.00" HC="0.00" NOx="0.00" PMx="0.00" fuel="0.00" electricity="0.00" noise="70.70" route="routebottom" type="cfm-fast" waiting="0.00" lane="right_0" pos="5.42" speed="26.43" angle="354.69" x="131.26" y="75.37"/>
        <vehicle id="cfm-fast_3" eclass="HBEFA3/PC_G_EU4" CO2="0.00" CO="0.00" HC="0.00" NOx="0.00" PMx="0.00" fuel="0.00" electricity="0.00" noise="69.95" route="routebottom" type="cfm-fast" waiting="0.00" lane="right_0" pos="22.88" speed="24.73" angle="323.22" x="115.29" y="108.84"/>
        <vehicle id="cfm-fast_4" eclass="HBEFA3/PC_G_EU4" CO2="4307.68" CO="14.66" HC="0.17" NOx="1.40" PMx="0.07" fuel="1.85" electricity="0.00" noise="70.64" route="routebottom" type="cfm-fast" waiting="0.00" lane="right_0" pos="38.58" speed="23.44" angle="295.11" x="87.80" y="127.88"/>
        <vehicle id="cfm-fast_5" eclass="HBEFA3/PC_G_EU4" CO2="330896.72" CO="8226.12" HC="45.84" NOx="154.54" PMx="9.25" fuel="142.24" electricity="0.00" noise="153.88" route="routebottom" type="cfm-fast" waiting="0.00" lane="bottom_1" pos="15.33" speed="80.86" angle="66.91" x="93.93" y="5.78"/>
        <vehicle id="cfm-slow_0" eclass="HBEFA3/PC_G_EU4" CO2="13817.44" CO="210.08" HC="1.30" NOx="5.90" PMx="0.32" fuel="5.94" electricity="0.00" noise="74.57" route="routetop" type="cfm-slow" waiting="0.00" lane="top_0" pos="3.31" speed="23.23" angle="268.56" x="56.46" y="131.89"/>
        <vehicle id="cfm-slow_1" eclass="HBEFA3/PC_G_EU4" CO2="16660.26" CO="272.45" HC="1.65" NOx="7.20" PMx="0.39" fuel="7.16" electricity="0.00" noise="76.29" route="routetop" type="cfm-slow" waiting="0.00" lane="top_0" pos="21.75" speed="24.83" angle="235.32" x="20.34" y="116.85"/>
        <vehicle id="cfm-slow_2" eclass="HBEFA3/PC_G_EU4" CO2="16955.75" CO="285.65" HC="1.72" NOx="7.30" PMx="0.41" fuel="7.29" electricity="0.00" noise="76.64" route="routetop" type="cfm-slow" waiting="0.00" lane="top_0" pos="41.84" speed="26.68" angle="199.19" x="-2.67" y="81.12"/>
        <vehicle id="cfm-slow_3" eclass="HBEFA3/PC_G_EU4" CO2="13197.17" CO="217.00" HC="1.32" NOx="5.49" PMx="0.31" fuel="5.67" electricity="0.00" noise="75.37" route="routetop" type="cfm-slow" waiting="0.00" lane="left_0" pos="13.80" speed="28.32" angle="159.64" x="1.42" y="34.81"/>
        <vehicle id="cfm-slow_4" eclass="HBEFA3/PC_G_EU4" CO2="6350.86" CO="81.90" HC="0.54" NOx="2.24" PMx="0.14" fuel="2.73" electricity="0.00" noise="73.69" route="routetop" type="cfm-slow" waiting="0.00" lane="left_0" pos="37.37" speed="29.24" angle="117.27" x="37.11" y="0.40"/>
        <vehicle id="cfm-slow_5" eclass="HBEFA3/PC_G_EU4" CO2="0.00" CO="0.00" HC="0.00" NOx="0.00" PMx="0.00" fuel="0.00" electricity="0.00" noise="72.55" route="routebottom" type="cfm-slow" waiting="0.00" lane="bottom_0" pos="11.80" speed="29.17" angle="73.21" x="88.56" y="-0.26"/>
    </timestep>
    <timestep time="5.94">
        <vehicle id="cfm-fast_0" eclass="HBEFA3/PC_G_EU4" CO2="0.00" CO="0.00" HC="0.00" NOx="0.00" PMx="0.00" fuel="0.00" electricity="0.00" noise="71.64" route="routebottom" type="cfm-fast" waiting="0.00" lane="bottom_0" pos="36.34" speed="28.18" angle="29.14" x="126.03" y="35.07"/>
        <vehicle id="cfm-fast_1" eclass="HBEFA3/PC_G_EU4" CO2="216513.19" CO="5576.07" HC="30.90" NOx="100.64" PMx="6.14" fuel="93.07" electricity="0.00" noise="131.55" route="routetop" type="cfm-fast" waiting="0.00" lane="top_1" pos="46.71" speed="74.62" angle="190.47" x="-1.29" y="70.43"/>
        <vehicle id="cfm-fast_2" eclass="HBEFA3/PC_G_EU4" CO2="0.00" CO="0.00" HC="0.00" NOx="0.00" PMx="0.00" fuel="0.00" electricity="0.00" noise="70.69" route="routebottom" type="cfm-fast" waiting="0.00" lane="right_0" pos="5.69" speed="26.42" angle="354.20" x="131.16" y="75.93"/>
        <vehicle id="cfm-fast_3" eclass="HBEFA3/PC_G_EU4" CO2="0.00" CO="0.00" HC="0.00" NOx="0.00" PMx="0.00" fuel="0.00" electricity="0.00" noise="69.95" route="routebottom" type="cfm-fast" waiting="0.00" lane="right_0" pos="23.13" speed="24.72" angle="322.84" x="114.94" y="109.25"/>
        <vehicle id="cfm-fast_4" eclass="HBEFA3/PC_G_EU4" CO2="4380.36" CO="16.16" HC="0.18" NOx="1.44" PMx="0.07" fuel="1.88" electricity="0.00" noise="70.66" route="routebottom" type="cfm-fast" waiting="0.00" lane="right_0" pos="38.82" speed="23.44" angle="294.69" x="87.32" y="128.05"/>
        <vehicle id="cfm-fast_5" eclass="HBEFA3/PC_G_EU4" CO2="331537.00" CO="8246.12" HC="45.95" NOx="154.84" PMx="9.27" fuel="142.51" electricity="0.00" noise="153.95" route="routebottom" type="cfm-fast" waiting="0.00" lane="bottom_1" pos="16.14" speed="81.00" angle="65.46" x="95.38" y="6.58"/>
        <vehicle id="cfm-slow_0" eclass="HBEFA3/PC_G_EU4" CO2="13840.78" CO="210.59" HC="1.30" NOx="5.91" PMx="0.32" fuel="5.95" electricity="0.00" noise="74.58" route="routetop" type="cfm-slow" waiting="0.00" lane="top_0" pos="3.54" speed="23.25" angle="268.14" x="55.96" y="131.84"/>
        <vehicle id="cfm-slow_1" eclass="HBEFA3/PC_G_EU4" CO2="16661.21" CO="272.53" HC="1.66" NOx="7.20" PMx="0.39" fuel="7.16" electricity="0.00" noise="76.30" route="routetop" type="cfm-slow" waiting="0.00" lane="top_0" pos="22.00" speed="24.85" angle="234.87" x="19.93" y="116.51"/>
        <vehicle id="cfm-slow_2" eclass="HBEFA3/PC_G_EU4" CO2="16918.92" CO="284.97" HC="1.72" NOx="7.28" PMx="0.40" fuel="7.27" electricity="0.00" noise="76.62" route="routetop" type="cfm-slow" waiting="0.00" lane="top_0" pos="42.11" speed="26.70" angle="198.70" x="-2.82" y="80.57"/>
        <vehicle id="cfm-slow_3" eclass="HBEFA3/PC_G_EU4" CO2="13127.76" CO="215.63" HC="1.31" NOx="5.46" PMx="0.31" fuel="5.64" electricity="0.00" noise="75.35" route="routetop" type="cfm-slow" waiting="0.00" lane="left_0" pos="14.08" speed="28.33" angle="159.17" x="1.67" y="34.26"/>
        <vehicle id="cfm-slow_4" eclass="HBEFA3/PC_G_EU4" CO2="6275.96" CO="80.37" HC="0.53" NOx="2.20" PMx="0.14" fuel="2.70" electricity="0.00" noise="73.68" route="routetop" type="cfm-slow" waiting="0.00" lane="left_0" pos="37.67" speed="29.24" angle="116.73" x="37.70" y="0.16"/>
        <vehicle id="cfm-slow_5" eclass="HBEFA3/PC_G_EU4" CO2="0.00" CO="0.00" HC="0.00" NOx="0.00" PMx="0.00" fuel="0.00" electricity="0.00" noise="72.54" route="routebottom" type="cfm-slow" waiting="0.00" lane="bottom_0" pos="12.09" speed="29.16" angle="72.69" x="89.15" y="-0.03"/>
    </timestep>
    <timestep time="5.95">
        <vehicle id="cfm-fast_0" eclass="HBEFA3/PC_G_EU4" CO2="0.00" CO="0.00" HC="0.00" NOx="0.00" PMx="0.00" fuel="0.00" electricity="0.00" noise="71.63" route="routebottom" type="cfm-fast" waiting="0.00" lane="bottom_0" pos="36.62" speed="28.16" angle="28.59" x="126.27" y="35.63"/>
        <vehicle id="cfm-fast_1" eclass="HBEFA3/PC_G_EU4" CO2="217102.10" CO="5592.34" HC="30.99" NOx="100.92" PMx="6.15" fuel="93.32" electricity="0.00" noise="131.65" route="routetop" type="cfm-fast" waiting="0.00" lane="top_1" pos="47.46" speed="74.72" angle="189.14" x="-1.44" y="68.90"/>
        <vehicle id="cfm-fast_2" eclass="HBEFA3/PC_G_EU4" CO2="0.00" CO="0.00" HC="0.00" NOx="0.00" PMx="0.00" fuel="0.00" electricity="0.00" noise="70.68" route="routebottom" type="cfm-fast" waiting="0.00" lane="right_0" pos="5.95" speed="26.40" angle="353.71" x="131.05" y="76.49"/>
        <vehicle id="cfm-fast_3" eclass="HBEFA3/PC_G_EU4" CO2="0.00" CO="0.00" HC="0.00" NOx="0.00" PMx="0.00" fuel="0.00" electricity="0.00" noise="69.95" route="routebottom" type="cfm-fast" waiting="0.00" lane="right_0" pos="23.37" speed="24.71" angle="322.40" x="114.58" y="109.64"/>
        <vehicle id="cfm-fast_4" eclass="HBEFA3/PC_G_EU4" CO2="4452.75" CO="17.65" HC="0.19" NOx="1.47" PMx="0.07" fuel="1.91" electricity="0.00" noise="70.69" route="routebottom" type="cfm-fast" waiting="0.00" lane="right_0" pos="39.05" speed="23.44" angle="294.26" x="86.85" y="128.22"/>
        <vehicle id="cfm-fast_5" eclass="HBEFA3/PC_G_EU4" CO2="332177.58" CO="8266.13" HC="46.06" NOx="155.14" PMx="9.29" fuel="142.79" electricity="0.00" noise="154.01" route="routebottom" type="cfm-fast" waiting="0.00" lane="bottom_1" pos="16.95" speed="81.14" angle="64.01" x="96.83" y="7.41"/>
        <vehicle id="cfm-slow_0" eclass="HBEFA3/PC_G_EU4" CO2="13863.95" CO="211.09" HC="1.30" NOx="5.92" PMx="0.32" fuel="5.96" electricity="0.00" noise="74.60" route="routetop" type="cfm-slow" waiting="0.00" lane="top_0" pos="3.78" speed="23.26" angle="267.73" x="55.47" y="131.79"/>
        <vehicle id="cfm-slow_1" eclass="HBEFA3/PC_G_EU4" CO2="16661.85" CO="272.60" HC="1.66" NOx="7.20" PMx="0.39" fuel="7.16" electricity="0.00" noise="76.30" route="routetop" type="cfm-slow" waiting="0.00" lane="top_0" pos="22.25" speed="24.87" angle="234.40" x="19.52" y="116.17"/>
        <vehicle id="cfm-slow_2" eclass="HBEFA3/PC_G_EU4" CO2="16881.80" CO="284.29" HC="1.72" NOx="7.26" PMx="0.40" fuel="7.26" electricity="0.00" noise="76.61" route="routetop" type="cfm-slow" waiting="0.00" lane="top_0" pos="42.37" speed="26.71" angle="198.27" x="-2.97" y="80.01"/>
        <vehicle id="cfm-slow_3" eclass="HBEFA3/PC_G_EU4" CO2="13058.29" CO="214.26" HC="1.30" NOx="5.42" PMx="0.31" fuel="5.61" electricity="0.00" noise="75.32" route="routetop" type="cfm-slow" waiting="0.00" lane="left_0" pos="14.36" speed="28.35" angle="158.64" x="1.94" y="33.71"/>
        <vehicle id="cfm-slow_4" eclass="HBEFA3/PC_G_EU4" CO2="6201.25" CO="78.84" HC="0.52" NOx="2.17" PMx="0.13" fuel="2.67" electricity="0.00" noise="73.66" route="routetop" type="cfm-slow" waiting="0.00" lane="left_0" pos="37.96" speed="29.25" angle="116.20" x="38.28" y="-0.07"/>
        <vehicle id="cfm-slow_5" eclass="HBEFA3/PC_G_EU4" CO2="0.00" CO="0.00" HC="0.00" NOx="0.00" PMx="0.00" fuel="0.00" electricity="0.00" noise="72.53" route="routebottom" type="cfm-slow" waiting="0.00" lane="bottom_0" pos="12.38" speed="29.15" angle="72.17" x="89.73" y="0.21"/>
    </timestep>
    <timestep time="5.96">
        <vehicle id="cfm-fast_0" eclass="HBEFA3/PC_G_EU4" CO2="0.00" CO="0.00" HC="0.00" NOx="0.00" PMx="0.00" fuel="0.00" electricity="0.00" noise="71.62" route="routebottom" type="cfm-fast" waiting="0.00" lane="bottom_0" pos="36.90" speed="28.15" angle="28.05" x="126.52" y="36.18"/>
        <vehicle id="cfm-fast_1" eclass="HBEFA3/PC_G_EU4" CO2="217695.14" CO="5608.70" HC="31.08" NOx="101.19" PMx="6.17" fuel="93.58" electricity="0.00" noise="131.76" route="routetop" type="cfm-fast" waiting="0.00" lane="top_1" pos="48.20" speed="74.81" angle="187.76" x="-1.53" y="67.37"/>
        <vehicle id="cfm-fast_2" eclass="HBEFA3/PC_G_EU4" CO2="0.00" CO="0.00" HC="0.00" NOx="0.00" PMx="0.00" fuel="0.00" electricity="0.00" noise="70.68" route="routebottom" type="cfm-fast" waiting="0.00" lane="right_0" pos="6.22" speed="26.39" angle="353.22" x="130.95" y="77.05"/>
        <vehicle id="cfm-fast_3" eclass="HBEFA3/PC_G_EU4" CO2="0.00" CO="0.00" HC="0.00" NOx="0.00" PMx="0.00" fuel="0.00" electricity="0.00" noise="69.95" route="routebottom" type="cfm-fast" waiting="0.00" lane="right_0" pos="23.62" speed="24.69" angle="321.95" x="114.22" y="110.03"/>
        <vehicle id="cfm-fast_4" eclass="HBEFA3/PC_G_EU4" CO2="4524.83" CO="19.14" HC="0.20" NOx="1.51" PMx="0.07" fuel="1.95" electricity="0.00" noise="70.71" route="routebottom" type="cfm-fast" waiting="0.00" lane="right_0" pos="39.28" speed="23.44" angle="293.84" x="86.38" y="128.40"/>
        <vehicle id="cfm-fast_5" eclass="HBEFA3/PC_G_EU4" CO2="332818.45" CO="8286.17" HC="46.16" NOx="155.44" PMx="9.31" fuel="143.06" electricity="0.00" noise="154.08" route="routebottom" type="cfm-fast" waiting="0.00" lane="bottom_1" pos="17.77" speed="81.27" angle="62.47" x="98.25" y="8.27"/>
        <vehicle id="cfm-slow_0" eclass="HBEFA3/PC_G_EU4" CO2="13886.97" CO="211.59" HC="1.31" NOx="5.93" PMx="0.32" fuel="5.97" electricity="0.00" noise="74.61" route="routetop" type="cfm-slow" waiting="0.00" lane="top_0" pos="4.01" speed="23.28" angle="267.33" x="54.97" y="131.72"/>
        <vehicle id="cfm-slow_1" eclass="HBEFA3/PC_G_EU4" CO2="16662.19" CO="272.67" HC="1.66" NOx="7.20" PMx="0.39" fuel="7.16" electricity="0.00" noise="76.30" route="routetop" type="cfm-slow" waiting="0.00" lane="top_0" pos="22.50" speed="24.89" angle="233.94" x="19.11" y="115.82"/>
        <vehicle id="cfm-slow_2" eclass="HBEFA3/PC_G_EU4" CO2="16844.40" CO="283.60" HC="1.71" NOx="7.25" PMx="0.40" fuel="7.24" electricity="0.00" noise="76.59" route="routetop" type="cfm-slow" waiting="0.00" lane="top_0" pos="42.64" speed="26.73" angle="197.79" x="-3.10" y="79.45"/>
        <vehicle id="cfm-slow_3" eclass="HBEFA3/PC_G_EU4" CO2="12988.78" CO="212.90" HC="1.30" NOx="5.39" PMx="0.31" fuel="5.58" electricity="0.00" noise="75.30" route="routetop" type="cfm-slow" waiting="0.00" lane="left_0" pos="14.65" speed="28.36" angle="158.11" x="2.21" y="33.17"/>
        <vehicle id="cfm-slow_4" eclass="HBEFA3/PC_G_EU4" CO2="6126.74" CO="77.31" HC="0.51" NOx="2.13" PMx="0.13" fuel="2.63" electricity="0.00" noise="73.65" route="routetop" type="cfm-slow" waiting="0.00" lane="left_0" pos="38.25" speed="29.25" angle="115.66" x="38.87" y="-0.30"/>
        <vehicle id="cfm-slow_5" eclass="HBEFA3/PC_G_EU4" CO2="0.00" CO="0.00" HC="0.00" NOx="0.00" PMx="0.00" fuel="0.00" electricity="0.00" noise="72.52" route="routebottom" type="cfm-slow" waiting="0.00" lane="bottom_0" pos="12.67" speed="29.14" angle="71.65" x="90.31" y="0.44"/>
    </timestep>
    <timestep time="5.97">
        <vehicle id="cfm-fast_0" eclass="HBEFA3/PC_G_EU4" CO2="0.00" CO="0.00" HC="0.00" NOx="0.00" PMx="0.00" fuel="0.00" electricity="0.00" noise="71.61" route="routebottom" type="cfm-fast" waiting="0.00" lane="bottom_0" pos="37.18" speed="28.14" angle="27.57" x="126.77" y="36.73"/>
        <vehicle id="cfm-fast_1" eclass="HBEFA3/PC_G_EU4" CO2="218292.27" CO="5625.16" HC="31.17" NOx="101.47" PMx="6.19" fuel="93.83" electricity="0.00" noise="131.87" route="routetop" type="cfm-fast" waiting="0.00" lane="top_1" pos="48.95" speed="74.90" angle="186.43" x="-1.61" y="65.84"/>
        <vehicle id="cfm-fast_2" eclass="HBEFA3/PC_G_EU4" CO2="0.00" CO="0.00" HC="0.00" NOx="0.00" PMx="0.00" fuel="0.00" electricity="0.00" noise="70.67" route="routebottom" type="cfm-fast" waiting="0.00" lane="right_0" pos="6.48" speed="26.37" angle="352.78" x="130.84" y="77.60"/>
        <vehicle id="cfm-fast_3" eclass="HBEFA3/PC_G_EU4" CO2="0.00" CO="0.00" HC="0.00" NOx="0.00" PMx="0.00" fuel="0.00" electricity="0.00" noise="69.95" route="routebottom" type="cfm-fast" waiting="0.00" lane="right_0" pos="23.87" speed="24.68" angle="321.51" x="113.86" y="110.42"/>
        <vehicle id="cfm-fast_4" eclass="HBEFA3/PC_G_EU4" CO2="4596.62" CO="20.62" HC="0.21" NOx="1.54" PMx="0.07" fuel="1.98" electricity="0.00" noise="70.73" route="routebottom" type="cfm-fast" waiting="0.00" lane="right_0" pos="39.52" speed="23.44" angle="293.42" x="85.90" y="128.57"/>
        <vehicle id="cfm-fast_5" eclass="HBEFA3/PC_G_EU4" CO2="333459.61" CO="8306.23" HC="46.27" NOx="155.74" PMx="9.33" fuel="143.34" electricity="0.00" noise="154.15" route="routebottom" type="cfm-fast" waiting="0.00" lane="bottom_1" pos="18.58" speed="81.41" angle="61.00" x="99.65" y="9.18"/>
        <vehicle id="cfm-slow_0" eclass="HBEFA3/PC_G_EU4" CO2="13909.83" CO="212.09" HC="1.31" NOx="5.94" PMx="0.32" fuel="5.98" electricity="0.00" noise="74.63" route="routetop" type="cfm-slow" waiting="0.00" lane="top_0" pos="4.24" speed="23.29" angle="266.91" x="54.47" y="131.65"/>
        <vehicle id="cfm-slow_1" eclass="HBEFA3/PC_G_EU4" CO2="16662.22" CO="272.73" HC="1.66" NOx="7.20" PMx="0.39" fuel="7.16" electricity="0.00" noise="76.30" route="routetop" type="cfm-slow" waiting="0.00" lane="top_0" pos="22.75" speed="24.90" angle="233.47" x="18.70" y="115.48"/>
        <vehicle id="cfm-slow_2" eclass="HBEFA3/PC_G_EU4" CO2="16806.71" CO="282.91" HC="1.71" NOx="7.23" PMx="0.40" fuel="7.22" electricity="0.00" noise="76.58" route="routetop" type="cfm-slow" waiting="0.00" lane="top_0" pos="42.91" speed="26.75" angle="197.31" x="-3.22" y="78.89"/>
        <vehicle id="cfm-slow_3" eclass="HBEFA3/PC_G_EU4" CO2="12919.21" CO="211.53" HC="1.29" NOx="5.36" PMx="0.31" fuel="5.55" electricity="0.00" noise="75.28" route="routetop" type="cfm-slow" waiting="0.00" lane="left_0" pos="14.93" speed="28.37" angle="157.58" x="2.49" y="32.62"/>
        <vehicle id="cfm-slow_4" eclass="HBEFA3/PC_G_EU4" CO2="6052.41" CO="75.78" HC="0.50" NOx="2.10" PMx="0.13" fuel="2.60" electricity="0.00" noise="73.63" route="routetop" type="cfm-slow" waiting="0.00" lane="left_0" pos="38.54" speed="29.25" angle="115.18" x="39.45" y="-0.53"/>
        <vehicle id="cfm-slow_5" eclass="HBEFA3/PC_G_EU4" CO2="0.00" CO="0.00" HC="0.00" NOx="0.00" PMx="0.00" fuel="0.00" electricity="0.00" noise="72.51" route="routebottom" type="cfm-slow" waiting="0.00" lane="bottom_0" pos="12.97" speed="29.13" angle="71.17" x="90.89" y="0.69"/>
    </timestep>
    <timestep time="5.98">
        <vehicle id="cfm-fast_0" eclass="HBEFA3/PC_G_EU4" CO2="0.00" CO="0.00" HC="0.00" NOx="0.00" PMx="0.00" fuel="0.00" electricity="0.00" noise="71.60" route="routebottom" type="cfm-fast" waiting="0.00" lane="bottom_0" pos="37.46" speed="28.12" angle="27.08" x="126.99" y="37.29"/>
        <vehicle id="cfm-fast_1" eclass="HBEFA3/PC_G_EU4" CO2="218893.42" CO="5641.72" HC="31.26" NOx="101.76" PMx="6.21" fuel="94.09" electricity="0.00" noise="131.98" route="routetop" type="cfm-fast" waiting="0.00" lane="top_1" pos="49.70" speed="74.99" angle="185.02" x="-1.64" y="64.30"/>
        <vehicle id="cfm-fast_2" eclass="HBEFA3/PC_G_EU4" CO2="0.00" CO="0.00" HC="0.00" NOx="0.00" PMx="0.00" fuel="0.00" electricity="0.00" noise="70.66" route="routebottom" type="cfm-fast" waiting="0.00" lane="right_0" pos="6.74" speed="26.36" angle="352.29" x="130.72" y="78.16"/>
        <vehicle id="cfm-fast_3" eclass="HBEFA3/PC_G_EU4" CO2="0.00" CO="0.00" HC="0.00" NOx="0.00" PMx="0.00" fuel="0.00" electricity="0.00" noise="69.95" route="routebottom" type="cfm-fast" waiting="0.00" lane="right_0" pos="24.12" speed="24.67" angle="321.06" x="113.50" y="110.80"/>
        <vehicle id="cfm-fast_4" eclass="HBEFA3/PC_G_EU4" CO2="4668.12" CO="22.09" HC="0.22" NOx="1.57" PMx="0.08" fuel="2.01" electricity="0.00" noise="70.75" route="routebottom" type="cfm-fast" waiting="0.00" lane="right_0" pos="39.75" speed="23.44" angle="293.05" x="85.43" y="128.74"/>
        <vehicle id="cfm-fast_5" eclass="HBEFA3/PC_G_EU4" CO2="334101.06" CO="8326.31" HC="46.38" NOx="156.04" PMx="9.34" fuel="143.61" electricity="0.00" noise="154.21" route="routebottom" type="cfm-fast" waiting="0.00" lane="bottom_1" pos="19.40" speed="81.55" angle="59.53" x="101.04" y="10.12"/>
        <vehicle id="cfm-slow_0" eclass="HBEFA3/PC_G_EU4" CO2="13932.52" CO="212.59" HC="1.31" NOx="5.95" PMx="0.32" fuel="5.99" electricity="0.00" noise="74.64" route="routetop" type="cfm-slow" waiting="0.00" lane="top_0" pos="4.47" speed="23.31" angle="266.48" x="53.98" y="131.58"/>
        <vehicle id="cfm-slow_1" eclass="HBEFA3/PC_G_EU4" CO2="16661.95" CO="272.78" HC="1.66" NOx="7.20" PMx="0.39" fuel="7.16" electricity="0.00" noise="76.30" route="routetop" type="cfm-slow" waiting="0.00" lane="top_0" pos="23.00" speed="24.92" angle="233.04" x="18.29" y="115.13"/>
        <vehicle id="cfm-slow_2" eclass="HBEFA3/PC_G_EU4" CO2="16768.74" CO="282.20" HC="1.70" NOx="7.21" PMx="0.40" fuel="7.21" electricity="0.00" noise="76.56" route="routetop" type="cfm-slow" waiting="0.00" lane="top_0" pos="43.18" speed="26.77" angle="196.84" x="-3.35" y="78.33"/>
        <vehicle id="cfm-slow_3" eclass="HBEFA3/PC_G_EU4" CO2="12849.60" CO="210.15" HC="1.28" NOx="5.32" PMx="0.30" fuel="5.52" electricity="0.00" noise="75.26" route="routetop" type="cfm-slow" waiting="0.00" lane="left_0" pos="15.21" speed="28.38" angle="157.05" x="2.76" y="32.07"/>
        <vehicle id="cfm-slow_4" eclass="HBEFA3/PC_G_EU4" CO2="5978.29" CO="74.26" HC="0.49" NOx="2.06" PMx="0.13" fuel="2.57" electricity="0.00" noise="73.62" route="routetop" type="cfm-slow" waiting="0.00" lane="left_0" pos="38.84" speed="29.25" angle="114.64" x="40.04" y="-0.75"/>
        <vehicle id="cfm-slow_5" eclass="HBEFA3/PC_G_EU4" CO2="0.00" CO="0.00" HC="0.00" NOx="0.00" PMx="0.00" fuel="0.00" electricity="0.00" noise="72.50" route="routebottom" type="cfm-slow" waiting="0.00" lane="bottom_0" pos="13.26" speed="29.13" angle="70.63" x="91.46" y="0.94"/>
    </timestep>
    <timestep time="5.99">
        <vehicle id="cfm-fast_0" eclass="HBEFA3/PC_G_EU4" CO2="0.00" CO="0.00" HC="0.00" NOx="0.00" PMx="0.00" fuel="0.00" electricity="0.00" noise="71.59" route="routebottom" type="cfm-fast" waiting="0.00" lane="bottom_0" pos="37.74" speed="28.11" angle="26.57" x="127.22" y="37.85"/>
        <vehicle id="cfm-fast_1" eclass="HBEFA3/PC_G_EU4" CO2="219498.54" CO="5658.37" HC="31.35" NOx="102.04" PMx="6.22" fuel="94.35" electricity="0.00" noise="132.08" route="routetop" type="cfm-fast" waiting="0.00" lane="left_1" pos="0.45" speed="75.09" angle="183.66" x="-1.63" y="62.70"/>
        <vehicle id="cfm-fast_2" eclass="HBEFA3/PC_G_EU4" CO2="0.00" CO="0.00" HC="0.00" NOx="0.00" PMx="0.00" fuel="0.00" electricity="0.00" noise="70.66" route="routebottom" type="cfm-fast" waiting="0.00" lane="right_0" pos="7.01" speed="26.34" angle="351.80" x="130.59" y="78.71"/>
        <vehicle id="cfm-fast_3" eclass="HBEFA3/PC_G_EU4" CO2="0.00" CO="0.00" HC="0.00" NOx="0.00" PMx="0.00" fuel="0.00" electricity="0.00" noise="69.95" route="routebottom" type="cfm-fast" waiting="0.00" lane="right_0" pos="24.36" speed="24.66" angle="320.67" x="113.14" y="111.19"/>
        <vehicle id="cfm-fast_4" eclass="HBEFA3/PC_G_EU4" CO2="4739.31" CO="23.56" HC="0.22" NOx="1.61" PMx="0.08" fuel="2.04" electricity="0.00" noise="70.77" route="routebottom" type="cfm-fast" waiting="0.00" lane="right_0" pos="39.99" speed="23.44" angle="292.61" x="84.95" y="128.89"/>
        <vehicle id="cfm-fast_5" eclass="HBEFA3/PC_G_EU4" CO2="334742.81" CO="8346.41" HC="46.49" NOx="156.35" PMx="9.36" fuel="143.89" electricity="0.00" noise="154.28" route="routebottom" type="cfm-fast" waiting="0.00" lane="bottom_1" pos="20.21" speed="81.68" angle="58.04" x="102.40" y="11.10"/>
        <vehicle id="cfm-slow_0" eclass="HBEFA3/PC_G_EU4" CO2="13955.04" CO="213.09" HC="1.32" NOx="5.96" PMx="0.32" fuel="6.00" electricity="0.00" noise="74.65" route="routetop" type="cfm-slow" waiting="0.00" lane="top_0" pos="4.71" speed="23.33" angle="266.06" x="53.48" y="131.51"/>
        <vehicle id="cfm-slow_1" eclass="HBEFA3/PC_G_EU4" CO2="16661.36" CO="272.83" HC="1.66" NOx="7.20" PMx="0.39" fuel="7.16" electricity="0.00" noise="76.30" route="routetop" type="cfm-slow" waiting="0.00" lane="top_0" pos="23.25" speed="24.94" angle="232.63" x="17.89" y="114.77"/>
        <vehicle id="cfm-slow_2" eclass="HBEFA3/PC_G_EU4" CO2="16730.49" CO="281.50" HC="1.70" NOx="7.19" PMx="0.40" fuel="7.19" electricity="0.00" noise="76.55" route="routetop" type="cfm-slow" waiting="0.00" lane="top_0" pos="43.44" speed="26.78" angle="196.36" x="-3.48" y="77.77"/>
        <vehicle id="cfm-slow_3" eclass="HBEFA3/PC_G_EU4" CO2="12779.95" CO="208.78" HC="1.27" NOx="5.29" PMx="0.30" fuel="5.49" electricity="0.00" noise="75.24" route="routetop" type="cfm-slow" waiting="0.00" lane="left_0" pos="15.50" speed="28.39" angle="156.59" x="3.04" y="31.53"/>
        <vehicle id="cfm-slow_4" eclass="HBEFA3/PC_G_EU4" CO2="5904.35" CO="72.74" HC="0.48" NOx="2.03" PMx="0.13" fuel="2.54" electricity="0.00" noise="73.60" route="routetop" type="cfm-slow" waiting="0.00" lane="left_0" pos="39.13" speed="29.25" angle="114.10" x="40.64" y="-0.96"/>
        <vehicle id="cfm-slow_5" eclass="HBEFA3/PC_G_EU4" CO2="0.00" CO="0.00" HC="0.00" NOx="0.00" PMx="0.00" fuel="0.00" electricity="0.00" noise="72.49" route="routebottom" type="cfm-slow" waiting="0.00" lane="bottom_0" pos="13.55" speed="29.12" angle="70.09" x="92.03" y="1.20"/>
    </timestep>
    <timestep time="6.00">
        <vehicle id="cfm-fast_0" eclass="HBEFA3/PC_G_EU4" CO2="0.00" CO="0.00" HC="0.00" NOx="0.00" PMx="0.00" fuel="0.00" electricity="0.00" noise="71.58" route="routebottom" type="cfm-fast" waiting="0.00" lane="bottom_0" pos="38.02" speed="28.09" angle="26.06" x="127.44" y="38.41"/>
        <vehicle id="cfm-fast_1" eclass="HBEFA3/PC_G_EU4" CO2="220107.57" CO="5675.12" HC="31.45" NOx="102.33" PMx="6.24" fuel="94.61" electricity="0.00" noise="132.19" route="routetop" type="cfm-fast" waiting="0.00" lane="left_1" pos="1.21" speed="75.18" angle="182.31" x="-1.60" y="61.16"/>
        <vehicle id="cfm-fast_2" eclass="HBEFA3/PC_G_EU4" CO2="0.00" CO="0.00" HC="0.00" NOx="0.00" PMx="0.00" fuel="0.00" electricity="0.00" noise="70.65" route="routebottom" type="cfm-fast" waiting="0.00" lane="right_0" pos="7.27" speed="26.33" angle="351.30" x="130.47" y="79.26"/>
        <vehicle id="cfm-fast_3" eclass="HBEFA3/PC_G_EU4" CO2="0.00" CO="0.00" HC="0.00" NOx="0.00" PMx="0.00" fuel="0.00" electricity="0.00" noise="69.95" route="routebottom" type="cfm-fast" waiting="0.00" lane="right_0" pos="24.61" speed="24.65" angle="320.21" x="112.76" y="111.57"/>
        <vehicle id="cfm-fast_4" eclass="HBEFA3/PC_G_EU4" CO2="4810.20" CO="25.02" HC="0.23" NOx="1.64" PMx="0.08" fuel="2.07" electricity="0.00" noise="70.79" route="routebottom" type="cfm-fast" waiting="0.00" lane="right_0" pos="40.22" speed="23.44" angle="292.16" x="84.46" y="129.04"/>
        <vehicle id="cfm-fast_5" eclass="HBEFA3/PC_G_EU4" CO2="335384.85" CO="8366.53" HC="46.60" NOx="156.65" PMx="9.38" fuel="144.17" electricity="0.00" noise="154.34" route="routebottom" type="cfm-fast" waiting="0.00" lane="bottom_1" pos="21.03" speed="81.82" angle="56.60" x="103.73" y="12.11"/>
        <vehicle id="cfm-slow_0" eclass="HBEFA3/PC_G_EU4" CO2="13977.40" CO="213.58" HC="1.32" NOx="5.97" PMx="0.32" fuel="6.01" electricity="0.00" noise="74.67" route="routetop" type="cfm-slow" waiting="0.00" lane="top_0" pos="4.94" speed="23.34" angle="265.64" x="52.98" y="131.44"/>
        <vehicle id="cfm-slow_1" eclass="HBEFA3/PC_G_EU4" CO2="16660.47" CO="272.87" HC="1.66" NOx="7.20" PMx="0.39" fuel="7.16" electricity="0.00" noise="76.31" route="routetop" type="cfm-slow" waiting="0.00" lane="top_0" pos="23.50" speed="24.96" angle="232.18" x="17.50" y="114.41"/>
        <vehicle id="cfm-slow_2" eclass="HBEFA3/PC_G_EU4" CO2="16691.96" CO="280.78" HC="1.70" NOx="7.17" PMx="0.40" fuel="7.18" electricity="0.00" noise="76.53" route="routetop" type="cfm-slow" waiting="0.00" lane="top_0" pos="43.71" speed="26.80" angle="195.93" x="-3.60" y="77.20"/>
        <vehicle id="cfm-slow_3" eclass="HBEFA3/PC_G_EU4" CO2="12710.25" CO="207.41" HC="1.26" NOx="5.26" PMx="0.30" fuel="5.46" electricity="0.00" noise="75.21" route="routetop" type="cfm-slow" waiting="0.00" lane="left_0" pos="15.78" speed="28.40" angle="156.07" x="3.34" y="31.00"/>
        <vehicle id="cfm-slow_4" eclass="HBEFA3/PC_G_EU4" CO2="5830.62" CO="71.23" HC="0.47" NOx="1.99" PMx="0.12" fuel="2.51" electricity="0.00" noise="73.59" route="routetop" type="cfm-slow" waiting="0.00" lane="left_0" pos="39.42" speed="29.25" angle="113.56" x="41.23" y="-1.17"/>
        <vehicle id="cfm-slow_5" eclass="HBEFA3/PC_G_EU4" CO2="0.00" CO="0.00" HC="0.00" NOx="0.00" PMx="0.00" fuel="0.00" electricity="0.00" noise="72.48" route="routebottom" type="cfm-slow" waiting="0.00" lane="bottom_0" pos="13.84" speed="29.11" angle="69.55" x="92.60" y="1.46"/>
    </timestep>
    <timestep time="6.01">
        <vehicle id="cfm-fast_0" eclass="HBEFA3/PC_G_EU4" CO2="0.00" CO="0.00" HC="0.00" NOx="0.00" PMx="0.00" fuel="0.00" electricity="0.00" noise="71.58" route="routebottom" type="cfm-fast" waiting="0.00" lane="bottom_0" pos="38.30" speed="28.08" angle="25.55" x="127.67" y="38.98"/>
        <vehicle id="cfm-fast_1" eclass="HBEFA3/PC_G_EU4" CO2="220720.46" CO="5691.96" HC="31.54" NOx="102.62" PMx="6.26" fuel="94.88" electricity="0.00" noise="132.30" route="routetop" type="cfm-fast" waiting="0.00" lane="left_1" pos="1.96" speed="75.27" angle="180.96" x="-1.51" y="59.62"/>
        <vehicle id="cfm-fast_2" eclass="HBEFA3/PC_G_EU4" CO2="0.00" CO="0.00" HC="0.00" NOx="0.00" PMx="0.00" fuel="0.00" electricity="0.00" noise="70.64" route="routebottom" type="cfm-fast" waiting="0.00" lane="right_0" pos="7.53" speed="26.31" angle="350.82" x="130.34" y="79.81"/>
        <vehicle id="cfm-fast_3" eclass="HBEFA3/PC_G_EU4" CO2="0.00" CO="0.00" HC="0.00" NOx="0.00" PMx="0.00" fuel="0.00" electricity="0.00" noise="69.95" route="routebottom" type="cfm-fast" waiting="0.00" lane="right_0" pos="24.85" speed="24.64" angle="319.76" x="112.39" y="111.94"/>
        <vehicle id="cfm-fast_4" eclass="HBEFA3/PC_G_EU4" CO2="4880.80" CO="26.48" HC="0.24" NOx="1.68" PMx="0.08" fuel="2.10" electricity="0.00" noise="70.81" route="routebottom" type="cfm-fast" waiting="0.00" lane="right_0" pos="40.46" speed="23.45" angle="291.72" x="83.98" y="129.19"/>
        <vehicle id="cfm-fast_5" eclass="HBEFA3/PC_G_EU4" CO2="336027.18" CO="8386.68" HC="46.70" NOx="156.95" PMx="9.40" fuel="144.44" electricity="0.00" noise="154.41" route="routebottom" type="cfm-fast" waiting="0.00" lane="bottom_1" pos="21.85" speed="81.95" angle="55.16" x="105.05" y="13.15"/>
        <vehicle id="cfm-slow_0" eclass="HBEFA3/PC_G_EU4" CO2="13999.60" CO="214.06" HC="1.32" NOx="5.98" PMx="0.32" fuel="6.02" electricity="0.00" noise="74.68" route="routetop" type="cfm-slow" waiting="0.00" lane="top_0" pos="5.17" speed="23.36" angle="265.17" x="52.49" y="131.36"/>
        <vehicle id="cfm-slow_1" eclass="HBEFA3/PC_G_EU4" CO2="16659.28" CO="272.91" HC="1.66" NOx="7.20" PMx="0.39" fuel="7.16" electricity="0.00" noise="76.31" route="routetop" type="cfm-slow" waiting="0.00" lane="top_0" pos="23.75" speed="24.98" angle="231.73" x="17.10" y="114.04"/>
        <vehicle id="cfm-slow_2" eclass="HBEFA3/PC_G_EU4" CO2="16653.15" CO="280.07" HC="1.69" NOx="7.15" PMx="0.40" fuel="7.16" electricity="0.00" noise="76.51" route="routetop" type="cfm-slow" waiting="0.00" lane="top_0" pos="43.98" speed="26.82" angle="195.43" x="-3.71" y="76.64"/>
        <vehicle id="cfm-slow_3" eclass="HBEFA3/PC_G_EU4" CO2="12640.52" CO="206.03" HC="1.26" NOx="5.23" PMx="0.30" fuel="5.43" electricity="0.00" noise="75.19" route="routetop" type="cfm-slow" waiting="0.00" lane="left_0" pos="16.07" speed="28.41" angle="155.54" x="3.63" y="30.46"/>
        <vehicle id="cfm-slow_4" eclass="HBEFA3/PC_G_EU4" CO2="5757.09" CO="69.71" HC="0.47" NOx="1.96" PMx="0.12" fuel="2.47" electricity="0.00" noise="73.57" route="routetop" type="cfm-slow" waiting="0.00" lane="left_0" pos="39.71" speed="29.25" angle="113.06" x="41.82" y="-1.38"/>
        <vehicle id="cfm-slow_5" eclass="HBEFA3/PC_G_EU4" CO2="0.00" CO="0.00" HC="0.00" NOx="0.00" PMx="0.00" fuel="0.00" electricity="0.00" noise="72.47" route="routebottom" type="cfm-slow" waiting="0.00" lane="bottom_0" pos="14.13" speed="29.10" angle="69.07" x="93.17" y="1.72"/>
    </timestep>
    <timestep time="6.02">
        <vehicle id="cfm-fast_0" eclass="HBEFA3/PC_G_EU4" CO2="0.00" CO="0.00" HC="0.00" NOx="0.00" PMx="0.00" fuel="0.00" electricity="0.00" noise="71.57" route="routebottom" type="cfm-fast" waiting="0.00" lane="bottom_0" pos="38.59" speed="28.06" angle="25.10" x="127.89" y="39.54"/>
        <vehicle id="cfm-fast_1" eclass="HBEFA3/PC_G_EU4" CO2="221337.15" CO="5708.90" HC="31.63" NOx="102.91" PMx="6.28" fuel="95.14" electricity="0.00" noise="132.41" route="routetop" type="cfm-fast" waiting="0.00" lane="left_1" pos="2.71" speed="75.37" angle="179.64" x="-1.41" y="58.08"/>
        <vehicle id="cfm-fast_2" eclass="HBEFA3/PC_G_EU4" CO2="0.00" CO="0.00" HC="0.00" NOx="0.00" PMx="0.00" fuel="0.00" electricity="0.00" noise="70.63" route="routebottom" type="cfm-fast" waiting="0.00" lane="right_0" pos="7.80" speed="26.30" angle="350.39" x="130.21" y="80.36"/>
        <vehicle id="cfm-fast_3" eclass="HBEFA3/PC_G_EU4" CO2="0.00" CO="0.00" HC="0.00" NOx="0.00" PMx="0.00" fuel="0.00" electricity="0.00" noise="69.95" route="routebottom" type="cfm-fast" waiting="0.00" lane="right_0" pos="25.10" speed="24.63" angle="319.30" x="112.01" y="112.32"/>
        <vehicle id="cfm-fast_4" eclass="HBEFA3/PC_G_EU4" CO2="4951.10" CO="27.93" HC="0.25" NOx="1.71" PMx="0.08" fuel="2.13" electricity="0.00" noise="70.83" route="routebottom" type="cfm-fast" waiting="0.00" lane="right_0" pos="40.69" speed="23.45" angle="291.27" x="83.50" y="129.34"/>
        <vehicle id="cfm-fast_5" eclass="HBEFA3/PC_G_EU4" CO2="336669.80" CO="8406.85" HC="46.81" NOx="157.25" PMx="9.42" fuel="144.72" electricity="0.00" noise="154.48" route="routebottom" type="cfm-fast" waiting="0.00" lane="bottom_1" pos="22.67" speed="82.09" angle="53.67" x="106.34" y="14.24"/>
        <vehicle id="cfm-slow_0" eclass="HBEFA3/PC_G_EU4" CO2="14021.62" CO="214.55" HC="1.32" NOx="5.99" PMx="0.32" fuel="6.03" electricity="0.00" noise="74.70" route="routetop" type="cfm-slow" waiting="0.00" lane="top_0" pos="5.41" speed="23.38" angle="264.73" x="51.99" y="131.27"/>
        <vehicle id="cfm-slow_1" eclass="HBEFA3/PC_G_EU4" CO2="16657.77" CO="272.94" HC="1.66" NOx="7.20" PMx="0.39" fuel="7.16" electricity="0.00" noise="76.31" route="routetop" type="cfm-slow" waiting="0.00" lane="top_0" pos="24.00" speed="25.00" angle="231.28" x="16.71" y="113.67"/>
        <vehicle id="cfm-slow_2" eclass="HBEFA3/PC_G_EU4" CO2="16614.07" CO="279.34" HC="1.69" NOx="7.14" PMx="0.40" fuel="7.14" electricity="0.00" noise="76.50" route="routetop" type="cfm-slow" waiting="0.00" lane="top_0" pos="44.25" speed="26.83" angle="194.93" x="-3.81" y="76.07"/>
        <vehicle id="cfm-slow_3" eclass="HBEFA3/PC_G_EU4" CO2="12570.74" CO="204.66" HC="1.25" NOx="5.19" PMx="0.30" fuel="5.40" electricity="0.00" noise="75.17" route="routetop" type="cfm-slow" waiting="0.00" lane="left_0" pos="16.35" speed="28.42" angle="155.02" x="3.93" y="29.93"/>
        <vehicle id="cfm-slow_4" eclass="HBEFA3/PC_G_EU4" CO2="5683.75" CO="68.20" HC="0.46" NOx="1.92" PMx="0.12" fuel="2.44" electricity="0.00" noise="73.56" route="routetop" type="cfm-slow" waiting="0.00" lane="left_0" pos="40.01" speed="29.25" angle="112.54" x="42.42" y="-1.57"/>
        <vehicle id="cfm-slow_5" eclass="HBEFA3/PC_G_EU4" CO2="0.00" CO="0.00" HC="0.00" NOx="0.00" PMx="0.00" fuel="0.00" electricity="0.00" noise="72.46" route="routebottom" type="cfm-slow" waiting="0.00" lane="bottom_0" pos="14.42" speed="29.09" angle="68.53" x="93.73" y="2.00"/>
    </timestep>
    <timestep time="6.03">
        <vehicle id="cfm-fast_0" eclass="HBEFA3/PC_G_EU4" CO2="0.00" CO="0.00" HC="0.00" NOx="0.00" PMx="0.00" fuel="0.00" electricity="0.00" noise="71.56" route="routebottom" type="cfm-fast" waiting="0.00" lane="bottom_0" pos="38.87" speed="28.05" angle="24.59" x="128.09" y="40.11"/>
        <vehicle id="cfm-fast_1" eclass="HBEFA3/PC_G_EU4" CO2="221957.58" CO="5725.92" HC="31.72" NOx="103.20" PMx="6.30" fuel="95.41" electricity="0.00" noise="132.52" route="routetop" type="cfm-fast" waiting="0.00" lane="left_1" pos="3.47" speed="75.46" angle="178.26" x="-1.25" y="56.54"/>
        <vehicle id="cfm-fast_2" eclass="HBEFA3/PC_G_EU4" CO2="0.00" CO="0.00" HC="0.00" NOx="0.00" PMx="0.00" fuel="0.00" electricity="0.00" noise="70.63" route="routebottom" type="cfm-fast" waiting="0.00" lane="right_0" pos="8.06" speed="26.28" angle="349.91" x="130.06" y="80.91"/>
        <vehicle id="cfm-fast_3" eclass="HBEFA3/PC_G_EU4" CO2="0.00" CO="0.00" HC="0.00" NOx="0.00" PMx="0.00" fuel="0.00" electricity="0.00" noise="69.96" route="routebottom" type="cfm-fast" waiting="0.00" lane="right_0" pos="25.35" speed="24.61" angle="318.84" x="111.64" y="112.69"/>
        <vehicle id="cfm-fast_4" eclass="HBEFA3/PC_G_EU4" CO2="5021.10" CO="29.38" HC="0.26" NOx="1.74" PMx="0.09" fuel="2.16" electricity="0.00" noise="70.86" route="routebottom" type="cfm-fast" waiting="0.00" lane="right_0" pos="40.92" speed="23.45" angle="290.83" x="83.02" y="129.48"/>
        <vehicle id="cfm-fast_5" eclass="HBEFA3/PC_G_EU4" CO2="337312.71" CO="8427.03" HC="46.92" NOx="157.55" PMx="9.44" fuel="144.99" electricity="0.00" noise="154.54" route="routebottom" type="cfm-fast" waiting="0.00" lane="bottom_1" pos="23.49" speed="82.23" angle="52.25" x="107.60" y="15.35"/>
        <vehicle id="cfm-slow_0" eclass="HBEFA3/PC_G_EU4" CO2="14043.47" CO="215.03" HC="1.33" NOx="6.00" PMx="0.32" fuel="6.04" electricity="0.00" noise="74.71" route="routetop" type="cfm-slow" waiting="0.00" lane="top_0" pos="5.64" speed="23.39" angle="264.30" x="51.50" y="131.18"/>
        <vehicle id="cfm-slow_1" eclass="HBEFA3/PC_G_EU4" CO2="16655.96" CO="272.96" HC="1.66" NOx="7.20" PMx="0.39" fuel="7.16" electricity="0.00" noise="76.31" route="routetop" type="cfm-slow" waiting="0.00" lane="top_0" pos="24.25" speed="25.02" angle="230.84" x="16.31" y="113.31"/>
        <vehicle id="cfm-slow_2" eclass="HBEFA3/PC_G_EU4" CO2="16574.71" CO="278.61" HC="1.68" NOx="7.12" PMx="0.40" fuel="7.12" electricity="0.00" noise="76.48" route="routetop" type="cfm-slow" waiting="0.00" lane="top_0" pos="44.52" speed="26.85" angle="194.43" x="-3.92" y="75.50"/>
        <vehicle id="cfm-slow_3" eclass="HBEFA3/PC_G_EU4" CO2="12500.93" CO="203.28" HC="1.24" NOx="5.16" PMx="0.30" fuel="5.37" electricity="0.00" noise="75.15" route="routetop" type="cfm-slow" waiting="0.00" lane="left_0" pos="16.63" speed="28.43" angle="154.55" x="4.22" y="29.39"/>
        <vehicle id="cfm-slow_4" eclass="HBEFA3/PC_G_EU4" CO2="5610.62" CO="66.70" HC="0.45" NOx="1.89" PMx="0.12" fuel="2.41" electricity="0.00" noise="73.54" route="routetop" type="cfm-slow" waiting="0.00" lane="left_0" pos="40.30" speed="29.25" angle="111.99" x="43.02" y="-1.76"/>
        <vehicle id="cfm-slow_5" eclass="HBEFA3/PC_G_EU4" CO2="0.00" CO="0.00" HC="0.00" NOx="0.00" PMx="0.00" fuel="0.00" electricity="0.00" noise="72.45" route="routebottom" type="cfm-slow" waiting="0.00" lane="bottom_0" pos="14.71" speed="29.08" angle="67.99" x="94.29" y="2.28"/>
    </timestep>
    <timestep time="6.04">
        <vehicle id="cfm-fast_0" eclass="HBEFA3/PC_G_EU4" CO2="0.00" CO="0.00" HC="0.00" NOx="0.00" PMx="0.00" fuel="0.00" electricity="0.00" noise="71.55" route="routebottom" type="cfm-fast" waiting="0.00" lane="bottom_0" pos="39.15" speed="28.03" angle="24.09" x="128.30" y="40.67"/>
        <vehicle id="cfm-fast_1" eclass="HBEFA3/PC_G_EU4" CO2="222581.70" CO="5743.04" HC="31.82" NOx="103.49" PMx="6.31" fuel="95.68" electricity="0.00" noise="132.64" route="routetop" type="cfm-fast" waiting="0.00" lane="left_1" pos="4.22" speed="75.56" angle="176.93" x="-1.07" y="55.00"/>
        <vehicle id="cfm-fast_2" eclass="HBEFA3/PC_G_EU4" CO2="0.00" CO="0.00" HC="0.00" NOx="0.00" PMx="0.00" fuel="0.00" electricity="0.00" noise="70.62" route="routebottom" type="cfm-fast" waiting="0.00" lane="right_0" pos="8.32" speed="26.27" angle="349.43" x="129.91" y="81.45"/>
        <vehicle id="cfm-fast_3" eclass="HBEFA3/PC_G_EU4" CO2="0.00" CO="0.00" HC="0.00" NOx="0.00" PMx="0.00" fuel="0.00" electricity="0.00" noise="69.96" route="routebottom" type="cfm-fast" waiting="0.00" lane="right_0" pos="25.59" speed="24.60" angle="318.43" x="111.26" y="113.07"/>
        <vehicle id="cfm-fast_4" eclass="HBEFA3/PC_G_EU4" CO2="5090.80" CO="30.82" HC="0.27" NOx="1.77" PMx="0.09" fuel="2.19" electricity="0.00" noise="70.88" route="routebottom" type="cfm-fast" waiting="0.00" lane="right_0" pos="41.16" speed="23.45" angle="290.46" x="82.53" y="129.63"/>
        <vehicle id="cfm-fast_5" eclass="HBEFA3/PC_G_EU4" CO2="337955.91" CO="8447.24" HC="47.03" NOx="157.86" PMx="9.46" fuel="145.27" electricity="0.00" noise="154.61" route="routebottom" type="cfm-fast" waiting="0.00" lane="bottom_1" pos="24.32" speed="82.36" angle="50.80" x="108.84" y="16.50"/>
        <vehicle id="cfm-slow_0" eclass="HBEFA3/PC_G_EU4" CO2="14065.15" CO="215.51" HC="1.33" NOx="6.01" PMx="0.32" fuel="6.05" electricity="0.00" noise="74.73" route="routetop" type="cfm-slow" waiting="0.00" lane="top_0" pos="5.88" speed="23.41" angle="263.86" x="51.00" y="131.09"/>
        <vehicle id="cfm-slow_1" eclass="HBEFA3/PC_G_EU4" CO2="16653.84" CO="272.98" HC="1.66" NOx="7.19" PMx="0.39" fuel="7.16" electricity="0.00" noise="76.31" route="routetop" type="cfm-slow" waiting="0.00" lane="top_0" pos="24.50" speed="25.04" angle="230.43" x="15.92" y="112.93"/>
        <vehicle id="cfm-slow_2" eclass="HBEFA3/PC_G_EU4" CO2="16535.08" CO="277.87" HC="1.68" NOx="7.10" PMx="0.40" fuel="7.11" electricity="0.00" noise="76.46" route="routetop" type="cfm-slow" waiting="0.00" lane="top_0" pos="44.78" speed="26.87" angle="193.94" x="-4.02" y="74.93"/>
        <vehicle id="cfm-slow_3" eclass="HBEFA3/PC_G_EU4" CO2="12431.09" CO="201.90" HC="1.23" NOx="5.13" PMx="0.29" fuel="5.34" electricity="0.00" noise="75.13" route="routetop" type="cfm-slow" waiting="0.00" lane="left_0" pos="16.92" speed="28.44" angle="154.03" x="4.54" y="28.87"/>
        <vehicle id="cfm-slow_4" eclass="HBEFA3/PC_G_EU4" CO2="0.00" CO="0.00" HC="0.00" NOx="0.00" PMx="0.00" fuel="0.00" electricity="0.00" noise="73.53" route="routetop" type="cfm-slow" waiting="0.00" lane="left_0" pos="40.59" speed="29.25" angle="111.44" x="43.62" y="-1.94"/>
        <vehicle id="cfm-slow_5" eclass="HBEFA3/PC_G_EU4" CO2="0.00" CO="0.00" HC="0.00" NOx="0.00" PMx="0.00" fuel="0.00" electricity="0.00" noise="72.44" route="routebottom" type="cfm-slow" waiting="0.00" lane="bottom_0" pos="15.00" speed="29.07" angle="67.44" x="94.85" y="2.56"/>
    </timestep>
    <timestep time="6.05">
        <vehicle id="cfm-fast_0" eclass="HBEFA3/PC_G_EU4" CO2="0.00" CO="0.00" HC="0.00" NOx="0.00" PMx="0.00" fuel="0.00" electricity="0.00" noise="71.54" route="routebottom" type="cfm-fast" waiting="0.00" lane="bottom_0" pos="39.43" speed="28.02" angle="23.58" x="128.50" y="41.24"/>
        <vehicle id="cfm-fast_1" eclass="HBEFA3/PC_G_EU4" CO2="223209.45" CO="5760.24" HC="31.91" NOx="103.79" PMx="6.33" fuel="95.95" electricity="0.00" noise="132.75" route="routetop" type="cfm-fast" waiting="0.00" lane="left_1" pos="4.98" speed="75.65" angle="175.54" x="-0.85" y="53.46"/>
        <vehicle id="cfm-fast_2" eclass="HBEFA3/PC_G_EU4" CO2="0.00" CO="0.00" HC="0.00" NOx="0.00" PMx="0.00" fuel="0.00" electricity="0.00" noise="70.61" route="routebottom" type="cfm-fast" waiting="0.00" lane="right_0" pos="8.58" speed="26.25" angle="348.95" x="129.77" y="82.00"/>
        <vehicle id="cfm-fast_3" eclass="HBEFA3/PC_G_EU4" CO2="0.00" CO="0.00" HC="0.00" NOx="0.00" PMx="0.00" fuel="0.00" electricity="0.00" noise="69.96" route="routebottom" type="cfm-fast" waiting="0.00" lane="right_0" pos="25.84" speed="24.59" angle="318.00" x="110.88" y="113.43"/>
        <vehicle id="cfm-fast_4" eclass="HBEFA3/PC_G_EU4" CO2="5160.21" CO="32.25" HC="0.27" NOx="1.81" PMx="0.09" fuel="2.22" electricity="0.00" noise="70.90" route="routebottom" type="cfm-fast" waiting="0.00" lane="right_0" pos="41.39" speed="23.45" angle="290.03" x="82.05" y="129.76"/>
        <vehicle id="cfm-fast_5" eclass="HBEFA3/PC_G_EU4" CO2="338599.41" CO="8467.48" HC="47.14" NOx="158.16" PMx="9.48" fuel="145.55" electricity="0.00" noise="154.67" route="routebottom" type="cfm-fast" waiting="0.00" lane="bottom_1" pos="25.14" speed="82.50" angle="49.26" x="110.04" y="17.69"/>
        <vehicle id="cfm-slow_0" eclass="HBEFA3/PC_G_EU4" CO2="14086.65" CO="215.98" HC="1.33" NOx="6.02" PMx="0.32" fuel="6.06" electricity="0.00" noise="74.74" route="routetop" type="cfm-slow" waiting="0.00" lane="top_0" pos="6.11" speed="23.43" angle="263.42" x="50.51" y="130.99"/>
        <vehicle id="cfm-slow_1" eclass="HBEFA3/PC_G_EU4" CO2="16651.40" CO="272.99" HC="1.66" NOx="7.19" PMx="0.39" fuel="7.16" electricity="0.00" noise="76.31" route="routetop" type="cfm-slow" waiting="0.00" lane="top_0" pos="24.75" speed="25.06" angle="229.97" x="15.54" y="112.55"/>
        <vehicle id="cfm-slow_2" eclass="HBEFA3/PC_G_EU4" CO2="16495.18" CO="277.13" HC="1.67" NOx="7.08" PMx="0.39" fuel="7.09" electricity="0.00" noise="76.45" route="routetop" type="cfm-slow" waiting="0.00" lane="top_0" pos="45.05" speed="26.88" angle="193.51" x="-4.11" y="74.36"/>
        <vehicle id="cfm-slow_3" eclass="HBEFA3/PC_G_EU4" CO2="12361.21" CO="200.52" HC="1.22" NOx="5.09" PMx="0.29" fuel="5.31" electricity="0.00" noise="75.10" route="routetop" type="cfm-slow" waiting="0.00" lane="left_0" pos="17.20" speed="28.45" angle="153.51" x="4.85" y="28.34"/>
        <vehicle id="cfm-slow_4" eclass="HBEFA3/PC_G_EU4" CO2="0.00" CO="0.00" HC="0.00" NOx="0.00" PMx="0.00" fuel="0.00" electricity="0.00" noise="73.51" route="routetop" type="cfm-slow" waiting="0.00" lane="left_0" pos="40.88" speed="29.25" angle="110.89" x="44.23" y="-2.13"/>
        <vehicle id="cfm-slow_5" eclass="HBEFA3/PC_G_EU4" CO2="0.00" CO="0.00" HC="0.00" NOx="0.00" PMx="0.00" fuel="0.00" electricity="0.00" noise="72.43" route="routebottom" type="cfm-slow" waiting="0.00" lane="bottom_0" pos="15.29" speed="29.07" angle="66.93" x="95.41" y="2.83"/>
    </timestep>
    <timestep time="6.06">
        <vehicle id="cfm-fast_0" eclass="HBEFA3/PC_G_EU4" CO2="0.00" CO="0.00" HC="0.00" NOx="0.00" PMx="0.00" fuel="0.00" electricity="0.00" noise="71.53" route="routebottom" type="cfm-fast" waiting="0.00" lane="bottom_0" pos="39.71" speed="28.00" angle="23.11" x="128.71" y="41.81"/>
        <vehicle id="cfm-fast_1" eclass="HBEFA3/PC_G_EU4" CO2="223840.79" CO="5777.53" HC="32.01" NOx="104.08" PMx="6.35" fuel="96.22" electricity="0.00" noise="132.86" route="routetop" type="cfm-fast" waiting="0.00" lane="left_1" pos="5.74" speed="75.74" angle="174.15" x="-0.58" y="51.93"/>
        <vehicle id="cfm-fast_2" eclass="HBEFA3/PC_G_EU4" CO2="0.00" CO="0.00" HC="0.00" NOx="0.00" PMx="0.00" fuel="0.00" electricity="0.00" noise="70.61" route="routebottom" type="cfm-fast" waiting="0.00" lane="right_0" pos="8.85" speed="26.24" angle="348.48" x="129.62" y="82.55"/>
        <vehicle id="cfm-fast_3" eclass="HBEFA3/PC_G_EU4" CO2="0.00" CO="0.00" HC="0.00" NOx="0.00" PMx="0.00" fuel="0.00" electricity="0.00" noise="69.96" route="routebottom" type="cfm-fast" waiting="0.00" lane="right_0" pos="26.08" speed="24.58" angle="317.55" x="110.49" y="113.79"/>
        <vehicle id="cfm-fast_4" eclass="HBEFA3/PC_G_EU4" CO2="5229.31" CO="33.68" HC="0.28" NOx="1.84" PMx="0.09" fuel="2.25" electricity="0.00" noise="70.92" route="routebottom" type="cfm-fast" waiting="0.00" lane="right_0" pos="41.63" speed="23.45" angle="289.61" x="81.56" y="129.89"/>
        <vehicle id="cfm-fast_5" eclass="HBEFA3/PC_G_EU4" CO2="339243.20" CO="8487.73" HC="47.25" NOx="158.46" PMx="9.50" fuel="145.82" electricity="0.00" noise="154.74" route="routebottom" type="cfm-fast" waiting="0.00" lane="bottom_1" pos="25.97" speed="82.64" angle="47.78" x="111.22" y="18.91"/>
        <vehicle id="cfm-slow_0" eclass="HBEFA3/PC_G_EU4" CO2="14107.97" CO="216.45" HC="1.33" NOx="6.03" PMx="0.32" fuel="6.06" electricity="0.00" noise="74.75" route="routetop" type="cfm-slow" waiting="0.00" lane="top_0" pos="6.35" speed="23.44" angle="263.03" x="50.01" y="130.90"/>
        <vehicle id="cfm-slow_1" eclass="HBEFA3/PC_G_EU4" CO2="16648.67" CO="273.00" HC="1.66" NOx="7.19" PMx="0.39" fuel="7.16" electricity="0.00" noise="76.31" route="routetop" type="cfm-slow" waiting="0.00" lane="top_0" pos="25.00" speed="25.08" angle="229.51" x="15.16" y="112.17"/>
        <vehicle id="cfm-slow_2" eclass="HBEFA3/PC_G_EU4" CO2="16455.01" CO="276.39" HC="1.67" NOx="7.06" PMx="0.39" fuel="7.07" electricity="0.00" noise="76.43" route="routetop" type="cfm-slow" waiting="0.00" lane="top_0" pos="45.32" speed="26.90" angle="193.01" x="-4.19" y="73.79"/>
        <vehicle id="cfm-slow_3" eclass="HBEFA3/PC_G_EU4" CO2="12291.30" CO="199.14" HC="1.22" NOx="5.06" PMx="0.29" fuel="5.28" electricity="0.00" noise="75.08" route="routetop" type="cfm-slow" waiting="0.00" lane="left_0" pos="17.49" speed="28.45" angle="152.98" x="5.17" y="27.82"/>
        <vehicle id="cfm-slow_4" eclass="HBEFA3/PC_G_EU4" CO2="0.00" CO="0.00" HC="0.00" NOx="0.00" PMx="0.00" fuel="0.00" electricity="0.00" noise="73.50" route="routetop" type="cfm-slow" waiting="0.00" lane="left_0" pos="41.18" speed="29.25" angle="110.41" x="44.83" y="-2.31"/>
        <vehicle id="cfm-slow_5" eclass="HBEFA3/PC_G_EU4" CO2="0.00" CO="0.00" HC="0.00" NOx="0.00" PMx="0.00" fuel="0.00" electricity="0.00" noise="72.42" route="routebottom" type="cfm-slow" waiting="0.00" lane="bottom_0" pos="15.58" speed="29.06" angle="66.43" x="95.96" y="3.13"/>
    </timestep>
    <timestep time="6.07">
        <vehicle id="cfm-fast_0" eclass="HBEFA3/PC_G_EU4" CO2="0.00" CO="0.00" HC="0.00" NOx="0.00" PMx="0.00" fuel="0.00" electricity="0.00" noise="71.52" route="routebottom" type="cfm-fast" waiting="0.00" lane="bottom_0" pos="39.99" speed="27.99" angle="22.61" x="128.89" y="42.38"/>
        <vehicle id="cfm-fast_1" eclass="HBEFA3/PC_G_EU4" CO2="224475.66" CO="5794.91" HC="32.10" NOx="104.38" PMx="6.37" fuel="96.49" electricity="0.00" noise="132.97" route="routetop" type="cfm-fast" waiting="0.00" lane="left_1" pos="6.49" speed="75.84" angle="172.79" x="-0.29" y="50.41"/>
        <vehicle id="cfm-fast_2" eclass="HBEFA3/PC_G_EU4" CO2="0.00" CO="0.00" HC="0.00" NOx="0.00" PMx="0.00" fuel="0.00" electricity="0.00" noise="70.60" route="routebottom" type="cfm-fast" waiting="0.00" lane="right_0" pos="9.11" speed="26.22" angle="348.05" x="129.46" y="83.09"/>
        <vehicle id="cfm-fast_3" eclass="HBEFA3/PC_G_EU4" CO2="0.00" CO="0.00" HC="0.00" NOx="0.00" PMx="0.00" fuel="0.00" electricity="0.00" noise="69.96" route="routebottom" type="cfm-fast" waiting="0.00" lane="right_0" pos="26.33" speed="24.57" angle="317.10" x="110.10" y="114.15"/>
        <vehicle id="cfm-fast_4" eclass="HBEFA3/PC_G_EU4" CO2="5298.11" CO="35.10" HC="0.29" NOx="1.87" PMx="0.09" fuel="2.28" electricity="0.00" noise="70.94" route="routebottom" type="cfm-fast" waiting="0.00" lane="right_0" pos="41.86" speed="23.46" angle="289.18" x="81.07" y="130.02"/>
        <vehicle id="cfm-fast_5" eclass="HBEFA3/PC_G_EU4" CO2="339887.28" CO="8508.00" HC="47.36" NOx="158.76" PMx="9.52" fuel="146.10" electricity="0.00" noise="154.81" route="routebottom" type="cfm-fast" waiting="0.00" lane="bottom_1" pos="26.80" speed="82.77" angle="46.28" x="112.37" y="20.16"/>
        <vehicle id="cfm-slow_0" eclass="HBEFA3/PC_G_EU4" CO2="14129.12" CO="216.92" HC="1.34" NOx="6.04" PMx="0.32" fuel="6.07" electricity="0.00" noise="74.77" route="routetop" type="cfm-slow" waiting="0.00" lane="top_0" pos="6.58" speed="23.46" angle="262.61" x="49.52" y="130.79"/>
        <vehicle id="cfm-slow_1" eclass="HBEFA3/PC_G_EU4" CO2="16645.62" CO="273.00" HC="1.66" NOx="7.19" PMx="0.39" fuel="7.16" electricity="0.00" noise="76.31" route="routetop" type="cfm-slow" waiting="0.00" lane="top_0" pos="25.25" speed="25.09" angle="229.05" x="14.78" y="111.79"/>
        <vehicle id="cfm-slow_2" eclass="HBEFA3/PC_G_EU4" CO2="16414.57" CO="275.63" HC="1.67" NOx="7.04" PMx="0.39" fuel="7.06" electricity="0.00" noise="76.42" route="routetop" type="cfm-slow" waiting="0.00" lane="top_0" pos="45.59" speed="26.92" angle="192.51" x="-4.27" y="73.21"/>
        <vehicle id="cfm-slow_3" eclass="HBEFA3/PC_G_EU4" CO2="12221.37" CO="197.75" HC="1.21" NOx="5.03" PMx="0.29" fuel="5.25" electricity="0.00" noise="75.06" route="routetop" type="cfm-slow" waiting="0.00" lane="left_0" pos="17.77" speed="28.46" angle="152.46" x="5.48" y="27.29"/>
        <vehicle id="cfm-slow_4" eclass="HBEFA3/PC_G_EU4" CO2="0.00" CO="0.00" HC="0.00" NOx="0.00" PMx="0.00" fuel="0.00" electricity="0.00" noise="73.48" route="routetop" type="cfm-slow" waiting="0.00" lane="left_0" pos="41.47" speed="29.25" angle="109.87" x="45.44" y="-2.47"/>
        <vehicle id="cfm-slow_5" eclass="HBEFA3/PC_G_EU4" CO2="0.00" CO="0.00" HC="0.00" NOx="0.00" PMx="0.00" fuel="0.00" electricity="0.00" noise="72.41" route="routebottom" type="cfm-slow" waiting="0.00" lane="bottom_0" pos="15.87" speed="29.05" angle="65.90" x="96.51" y="3.43"/>
    </timestep>
    <timestep time="6.08">
        <vehicle id="cfm-fast_0" eclass="HBEFA3/PC_G_EU4" CO2="0.00" CO="0.00" HC="0.00" NOx="0.00" PMx="0.00" fuel="0.00" electricity="0.00" noise="71.51" route="routebottom" type="cfm-fast" waiting="0.00" lane="bottom_0" pos="40.27" speed="27.97" angle="22.08" x="129.07" y="42.96"/>
        <vehicle id="cfm-fast_1" eclass="HBEFA3/PC_G_EU4" CO2="225114.01" CO="5812.38" HC="32.20" NOx="104.68" PMx="6.39" fuel="96.77" electricity="0.00" noise="133.09" route="routetop" type="cfm-fast" waiting="0.00" lane="left_1" pos="7.25" speed="75.93" angle="171.39" x="0.06" y="48.89"/>
        <vehicle id="cfm-fast_2" eclass="HBEFA3/PC_G_EU4" CO2="0.00" CO="0.00" HC="0.00" NOx="0.00" PMx="0.00" fuel="0.00" electricity="0.00" noise="70.59" route="routebottom" type="cfm-fast" waiting="0.00" lane="right_0" pos="9.37" speed="26.21" angle="347.58" x="129.30" y="83.63"/>
        <vehicle id="cfm-fast_3" eclass="HBEFA3/PC_G_EU4" CO2="0.00" CO="0.00" HC="0.00" NOx="0.00" PMx="0.00" fuel="0.00" electricity="0.00" noise="69.96" route="routebottom" type="cfm-fast" waiting="0.00" lane="right_0" pos="26.58" speed="24.56" angle="316.65" x="109.71" y="114.51"/>
        <vehicle id="cfm-fast_4" eclass="HBEFA3/PC_G_EU4" CO2="5366.62" CO="36.51" HC="0.30" NOx="1.90" PMx="0.09" fuel="2.31" electricity="0.00" noise="70.97" route="routebottom" type="cfm-fast" waiting="0.00" lane="right_0" pos="42.10" speed="23.46" angle="288.76" x="80.58" y="130.15"/>
        <vehicle id="cfm-fast_5" eclass="HBEFA3/PC_G_EU4" CO2="340531.65" CO="8528.30" HC="47.47" NOx="159.06" PMx="9.54" fuel="146.38" electricity="0.00" noise="154.87" route="routebottom" type="cfm-fast" waiting="0.00" lane="bottom_1" pos="27.62" speed="82.91" angle="44.76" x="113.48" y="21.45"/>
        <vehicle id="cfm-slow_0" eclass="HBEFA3/PC_G_EU4" CO2="14150.09" CO="217.38" HC="1.34" NOx="6.05" PMx="0.32" fuel="6.08" electricity="0.00" noise="74.78" route="routetop" type="cfm-slow" waiting="0.00" lane="top_0" pos="6.81" speed="23.48" angle="262.16" x="49.02" y="130.68"/>
        <vehicle id="cfm-slow_1" eclass="HBEFA3/PC_G_EU4" CO2="16642.26" CO="272.99" HC="1.66" NOx="7.19" PMx="0.39" fuel="7.15" electricity="0.00" noise="76.31" route="routetop" type="cfm-slow" waiting="0.00" lane="top_0" pos="25.50" speed="25.11" angle="228.59" x="14.40" y="111.41"/>
        <vehicle id="cfm-slow_2" eclass="HBEFA3/PC_G_EU4" CO2="16373.87" CO="274.87" HC="1.66" NOx="7.02" PMx="0.39" fuel="7.04" electricity="0.00" noise="76.40" route="routetop" type="cfm-slow" waiting="0.00" lane="top_0" pos="45.86" speed="26.93" angle="192.02" x="-4.35" y="72.64"/>
        <vehicle id="cfm-slow_3" eclass="HBEFA3/PC_G_EU4" CO2="12151.40" CO="196.37" HC="1.20" NOx="4.99" PMx="0.29" fuel="5.22" electricity="0.00" noise="75.04" route="routetop" type="cfm-slow" waiting="0.00" lane="left_0" pos="18.06" speed="28.47" angle="152.00" x="5.81" y="26.77"/>
        <vehicle id="cfm-slow_4" eclass="HBEFA3/PC_G_EU4" CO2="0.00" CO="0.00" HC="0.00" NOx="0.00" PMx="0.00" fuel="0.00" electricity="0.00" noise="73.47" route="routetop" type="cfm-slow" waiting="0.00" lane="left_0" pos="41.76" speed="29.25" angle="109.32" x="46.05" y="-2.63"/>
        <vehicle id="cfm-slow_5" eclass="HBEFA3/PC_G_EU4" CO2="0.00" CO="0.00" HC="0.00" NOx="0.00" PMx="0.00" fuel="0.00" electricity="0.00" noise="72.40" route="routebottom" type="cfm-slow" waiting="0.00" lane="bottom_0" pos="16.16" speed="29.04" angle="65.36" x="97.05" y="3.74"/>
    </timestep>
    <timestep time="6.09">
        <vehicle id="cfm-fast_0" eclass="HBEFA3/PC_G_EU4" CO2="0.00" CO="0.00" HC="0.00" NOx="0.00" PMx="0.00" fuel="0.00" electricity="0.00" noise="71.51" route="routebottom" type="cfm-fast" waiting="0.00" lane="bottom_0" pos="40.55" speed="27.96" angle="21.54" x="129.25" y="43.53"/>
        <vehicle id="cfm-fast_1" eclass="HBEFA3/PC_G_EU4" CO2="225755.78" CO="5829.93" HC="32.29" NOx="104.98" PMx="6.41" fuel="97.04" electricity="0.00" noise="133.20" route="routetop" type="cfm-fast" waiting="0.00" lane="left_1" pos="8.01" speed="76.03" angle="170.04" x="0.43" y="47.37"/>
        <vehicle id="cfm-fast_2" eclass="HBEFA3/PC_G_EU4" CO2="0.00" CO="0.00" HC="0.00" NOx="0.00" PMx="0.00" fuel="0.00" electricity="0.00" noise="70.59" route="routebottom" type="cfm-fast" waiting="0.00" lane="right_0" pos="9.63" speed="26.19" angle="347.11" x="129.13" y="84.16"/>
        <vehicle id="cfm-fast_3" eclass="HBEFA3/PC_G_EU4" CO2="0.00" CO="0.00" HC="0.00" NOx="0.00" PMx="0.00" fuel="0.00" electricity="0.00" noise="69.97" route="routebottom" type="cfm-fast" waiting="0.00" lane="right_0" pos="26.82" speed="24.55" angle="316.22" x="109.33" y="114.87"/>
        <vehicle id="cfm-fast_4" eclass="HBEFA3/PC_G_EU4" CO2="5434.82" CO="37.92" HC="0.31" NOx="1.94" PMx="0.10" fuel="2.34" electricity="0.00" noise="70.99" route="routebottom" type="cfm-fast" waiting="0.00" lane="right_0" pos="42.33" speed="23.46" angle="288.39" x="80.10" y="130.28"/>
        <vehicle id="cfm-fast_5" eclass="HBEFA3/PC_G_EU4" CO2="341176.32" CO="8548.62" HC="47.57" NOx="159.37" PMx="9.56" fuel="146.65" electricity="0.00" noise="154.94" route="routebottom" type="cfm-fast" waiting="0.00" lane="bottom_1" pos="28.46" speed="83.05" angle="43.26" x="114.56" y="22.76"/>
        <vehicle id="cfm-slow_0" eclass="HBEFA3/PC_G_EU4" CO2="14170.88" CO="217.84" HC="1.34" NOx="6.06" PMx="0.32" fuel="6.09" electricity="0.00" noise="74.80" route="routetop" type="cfm-slow" waiting="0.00" lane="top_0" pos="7.05" speed="23.49" angle="261.72" x="48.53" y="130.57"/>
        <vehicle id="cfm-slow_1" eclass="HBEFA3/PC_G_EU4" CO2="16638.59" CO="272.98" HC="1.66" NOx="7.18" PMx="0.39" fuel="7.15" electricity="0.00" noise="76.31" route="routetop" type="cfm-slow" waiting="0.00" lane="top_0" pos="25.75" speed="25.13" angle="228.19" x="14.02" y="111.02"/>
        <vehicle id="cfm-slow_2" eclass="HBEFA3/PC_G_EU4" CO2="16332.90" CO="274.11" HC="1.66" NOx="7.00" PMx="0.39" fuel="7.02" electricity="0.00" noise="76.38" route="routetop" type="cfm-slow" waiting="0.00" lane="top_0" pos="46.13" speed="26.95" angle="191.55" x="-4.43" y="72.06"/>
        <vehicle id="cfm-slow_3" eclass="HBEFA3/PC_G_EU4" CO2="12081.42" CO="194.98" HC="1.19" NOx="4.96" PMx="0.28" fuel="5.19" electricity="0.00" noise="75.02" route="routetop" type="cfm-slow" waiting="0.00" lane="left_0" pos="18.34" speed="28.48" angle="151.47" x="6.15" y="26.26"/>
        <vehicle id="cfm-slow_4" eclass="HBEFA3/PC_G_EU4" CO2="0.00" CO="0.00" HC="0.00" NOx="0.00" PMx="0.00" fuel="0.00" electricity="0.00" noise="73.45" route="routetop" type="cfm-slow" waiting="0.00" lane="left_0" pos="42.05" speed="29.25" angle="108.78" x="46.65" y="-2.79"/>
        <vehicle id="cfm-slow_5" eclass="HBEFA3/PC_G_EU4" CO2="0.00" CO="0.00" HC="0.00" NOx="0.00" PMx="0.00" fuel="0.00" electricity="0.00" noise="72.39" route="routebottom" type="cfm-slow" waiting="0.00" lane="bottom_0" pos="16.45" speed="29.03" angle="64.82" x="97.60" y="4.04"/>
    </timestep>
    <timestep time="6.10">
        <vehicle id="cfm-fast_0" eclass="HBEFA3/PC_G_EU4" CO2="0.00" CO="0.00" HC="0.00" NOx="0.00" PMx="0.00" fuel="0.00" electricity="0.00" noise="71.50" route="routebottom" type="cfm-fast" waiting="0.00" lane="bottom_0" pos="40.82" speed="27.94" angle="21.01" x="129.42" y="44.10"/>
        <vehicle id="cfm-fast_1" eclass="HBEFA3/PC_G_EU4" CO2="226400.93" CO="5847.56" HC="32.39" NOx="105.29" PMx="6.42" fuel="97.32" electricity="0.00" noise="133.32" route="routetop" type="cfm-fast" waiting="0.00" lane="left_1" pos="8.78" speed="76.12" angle="168.62" x="0.83" y="45.87"/>
        <vehicle id="cfm-fast_2" eclass="HBEFA3/PC_G_EU4" CO2="0.00" CO="0.00" HC="0.00" NOx="0.00" PMx="0.00" fuel="0.00" electricity="0.00" noise="70.58" route="routebottom" type="cfm-fast" waiting="0.00" lane="right_0" pos="9.89" speed="26.18" angle="346.64" x="128.97" y="84.70"/>
        <vehicle id="cfm-fast_3" eclass="HBEFA3/PC_G_EU4" CO2="0.00" CO="0.00" HC="0.00" NOx="0.00" PMx="0.00" fuel="0.00" electricity="0.00" noise="69.97" route="routebottom" type="cfm-fast" waiting="0.00" lane="right_0" pos="27.07" speed="24.54" angle="315.81" x="108.93" y="115.21"/>
        <vehicle id="cfm-fast_4" eclass="HBEFA3/PC_G_EU4" CO2="5502.72" CO="39.32" HC="0.31" NOx="1.97" PMx="0.10" fuel="2.37" electricity="0.00" noise="71.01" route="routebottom" type="cfm-fast" waiting="0.00" lane="right_0" pos="42.57" speed="23.46" angle="287.96" x="79.60" y="130.39"/>
        <vehicle id="cfm-fast_5" eclass="HBEFA3/PC_G_EU4" CO2="341821.27" CO="8568.96" HC="47.68" NOx="159.67" PMx="9.58" fuel="146.93" electricity="0.00" noise="155.00" route="routebottom" type="cfm-fast" waiting="0.00" lane="bottom_1" pos="29.29" speed="83.18" angle="41.72" x="115.61" y="24.10"/>
        <vehicle id="cfm-slow_0" eclass="HBEFA3/PC_G_EU4" CO2="14191.49" CO="218.30" HC="1.35" NOx="6.07" PMx="0.33" fuel="6.10" electricity="0.00" noise="74.81" route="routetop" type="cfm-slow" waiting="0.00" lane="top_0" pos="7.28" speed="23.51" angle="261.28" x="48.04" y="130.46"/>
        <vehicle id="cfm-slow_1" eclass="HBEFA3/PC_G_EU4" CO2="16634.62" CO="272.96" HC="1.66" NOx="7.18" PMx="0.39" fuel="7.15" electricity="0.00" noise="76.31" route="routetop" type="cfm-slow" waiting="0.00" lane="top_0" pos="26.00" speed="25.15" angle="227.73" x="13.66" y="110.62"/>
        <vehicle id="cfm-slow_2" eclass="HBEFA3/PC_G_EU4" CO2="16291.67" CO="273.34" HC="1.65" NOx="6.98" PMx="0.39" fuel="7.00" electricity="0.00" noise="76.37" route="routetop" type="cfm-slow" waiting="0.00" lane="top_0" pos="46.40" speed="26.97" angle="191.08" x="-4.50" y="71.49"/>
        <vehicle id="cfm-slow_3" eclass="HBEFA3/PC_G_EU4" CO2="12011.41" CO="193.60" HC="1.18" NOx="4.93" PMx="0.28" fuel="5.16" electricity="0.00" noise="75.00" route="routetop" type="cfm-slow" waiting="0.00" lane="left_0" pos="18.63" speed="28.49" angle="150.94" x="6.49" y="25.75"/>
        <vehicle id="cfm-slow_4" eclass="HBEFA3/PC_G_EU4" CO2="0.00" CO="0.00" HC="0.00" NOx="0.00" PMx="0.00" fuel="0.00" electricity="0.00" noise="73.44" route="routetop" type="cfm-slow" waiting="0.00" lane="left_0" pos="42.35" speed="29.25" angle="108.30" x="47.26" y="-2.95"/>
        <vehicle id="cfm-slow_5" eclass="HBEFA3/PC_G_EU4" CO2="0.00" CO="0.00" HC="0.00" NOx="0.00" PMx="0.00" fuel="0.00" electricity="0.00" noise="72.38" route="routebottom" type="cfm-slow" waiting="0.00" lane="bottom_0" pos="16.75" speed="29.02" angle="64.34" x="98.14" y="4.35"/>
    </timestep>
    <timestep time="6.11">
        <vehicle id="cfm-fast_0" eclass="HBEFA3/PC_G_EU4" CO2="0.00" CO="0.00" HC="0.00" NOx="0.00" PMx="0.00" fuel="0.00" electricity="0.00" noise="71.49" route="routebottom" type="cfm-fast" waiting="0.00" lane="bottom_0" pos="41.10" speed="27.93" angle="20.55" x="129.60" y="44.68"/>
        <vehicle id="cfm-fast_1" eclass="HBEFA3/PC_G_EU4" CO2="227049.40" CO="5865.28" HC="32.49" NOx="105.59" PMx="6.44" fuel="97.60" electricity="0.00" noise="133.43" route="routetop" type="cfm-fast" waiting="0.00" lane="left_1" pos="9.54" speed="76.22" angle="167.28" x="1.28" y="44.37"/>
        <vehicle id="cfm-fast_2" eclass="HBEFA3/PC_G_EU4" CO2="0.00" CO="0.00" HC="0.00" NOx="0.00" PMx="0.00" fuel="0.00" electricity="0.00" noise="70.57" route="routebottom" type="cfm-fast" waiting="0.00" lane="right_0" pos="10.16" speed="26.16" angle="346.20" x="128.80" y="85.24"/>
        <vehicle id="cfm-fast_3" eclass="HBEFA3/PC_G_EU4" CO2="0.00" CO="0.00" HC="0.00" NOx="0.00" PMx="0.00" fuel="0.00" electricity="0.00" noise="69.97" route="routebottom" type="cfm-fast" waiting="0.00" lane="right_0" pos="27.31" speed="24.53" angle="315.35" x="108.53" y="115.56"/>
        <vehicle id="cfm-fast_4" eclass="HBEFA3/PC_G_EU4" CO2="5570.33" CO="40.72" HC="0.32" NOx="2.00" PMx="0.10" fuel="2.39" electricity="0.00" noise="71.03" route="routebottom" type="cfm-fast" waiting="0.00" lane="right_0" pos="42.80" speed="23.47" angle="287.53" x="79.11" y="130.50"/>
        <vehicle id="cfm-fast_5" eclass="HBEFA3/PC_G_EU4" CO2="342466.52" CO="8589.32" HC="47.79" NOx="159.97" PMx="9.60" fuel="147.21" electricity="0.00" noise="155.07" route="routebottom" type="cfm-fast" waiting="0.00" lane="bottom_1" pos="30.12" speed="83.32" angle="40.27" x="116.63" y="25.48"/>
        <vehicle id="cfm-slow_0" eclass="HBEFA3/PC_G_EU4" CO2="14211.91" CO="218.75" HC="1.35" NOx="6.08" PMx="0.33" fuel="6.11" electricity="0.00" noise="74.82" route="routetop" type="cfm-slow" waiting="0.00" lane="top_0" pos="7.52" speed="23.53" angle="260.84" x="47.54" y="130.35"/>
        <vehicle id="cfm-slow_1" eclass="HBEFA3/PC_G_EU4" CO2="16630.33" CO="272.93" HC="1.66" NOx="7.18" PMx="0.39" fuel="7.15" electricity="0.00" noise="76.31" route="routetop" type="cfm-slow" waiting="0.00" lane="top_0" pos="26.25" speed="25.17" angle="227.26" x="13.29" y="110.22"/>
        <vehicle id="cfm-slow_2" eclass="HBEFA3/PC_G_EU4" CO2="16250.18" CO="272.56" HC="1.65" NOx="6.96" PMx="0.39" fuel="6.99" electricity="0.00" noise="76.35" route="routetop" type="cfm-slow" waiting="0.00" lane="top_0" pos="46.67" speed="26.98" angle="190.59" x="-4.55" y="70.91"/>
        <vehicle id="cfm-slow_3" eclass="HBEFA3/PC_G_EU4" CO2="11941.38" CO="192.21" HC="1.18" NOx="4.89" PMx="0.28" fuel="5.13" electricity="0.00" noise="74.98" route="routetop" type="cfm-slow" waiting="0.00" lane="left_0" pos="18.91" speed="28.50" angle="150.40" x="6.83" y="25.24"/>
        <vehicle id="cfm-slow_4" eclass="HBEFA3/PC_G_EU4" CO2="0.00" CO="0.00" HC="0.00" NOx="0.00" PMx="0.00" fuel="0.00" electricity="0.00" noise="73.43" route="routetop" type="cfm-slow" waiting="0.00" lane="left_0" pos="42.64" speed="29.25" angle="107.78" x="47.88" y="-3.10"/>
        <vehicle id="cfm-slow_5" eclass="HBEFA3/PC_G_EU4" CO2="0.00" CO="0.00" HC="0.00" NOx="0.00" PMx="0.00" fuel="0.00" electricity="0.00" noise="72.37" route="routebottom" type="cfm-slow" waiting="0.00" lane="bottom_0" pos="17.04" speed="29.01" angle="63.81" x="98.68" y="4.67"/>
    </timestep>
    <timestep time="6.12">
        <vehicle id="cfm-fast_0" eclass="HBEFA3/PC_G_EU4" CO2="0.00" CO="0.00" HC="0.00" NOx="0.00" PMx="0.00" fuel="0.00" electricity="0.00" noise="71.48" route="routebottom" type="cfm-fast" waiting="0.00" lane="bottom_0" pos="41.38" speed="27.91" angle="20.04" x="129.75" y="45.26"/>
        <vehicle id="cfm-fast_1" eclass="HBEFA3/PC_G_EU4" CO2="227701.16" CO="5883.08" HC="32.59" NOx="105.90" PMx="6.46" fuel="97.88" electricity="0.00" noise="133.55" route="routetop" type="cfm-fast" waiting="0.00" lane="left_1" pos="10.30" speed="76.31" angle="165.95" x="1.75" y="42.88"/>
        <vehicle id="cfm-fast_2" eclass="HBEFA3/PC_G_EU4" CO2="0.00" CO="0.00" HC="0.00" NOx="0.00" PMx="0.00" fuel="0.00" electricity="0.00" noise="70.57" route="routebottom" type="cfm-fast" waiting="0.00" lane="right_0" pos="10.42" speed="26.15" angle="345.74" x="128.62" y="85.77"/>
        <vehicle id="cfm-fast_3" eclass="HBEFA3/PC_G_EU4" CO2="0.00" CO="0.00" HC="0.00" NOx="0.00" PMx="0.00" fuel="0.00" electricity="0.00" noise="69.98" route="routebottom" type="cfm-fast" waiting="0.00" lane="right_0" pos="27.56" speed="24.52" angle="314.89" x="108.13" y="115.90"/>
        <vehicle id="cfm-fast_4" eclass="HBEFA3/PC_G_EU4" CO2="5637.63" CO="42.11" HC="0.33" NOx="2.03" PMx="0.10" fuel="2.42" electricity="0.00" noise="71.05" route="routebottom" type="cfm-fast" waiting="0.00" lane="right_0" pos="43.04" speed="23.47" angle="287.11" x="78.62" y="130.61"/>
        <vehicle id="cfm-fast_5" eclass="HBEFA3/PC_G_EU4" CO2="343112.06" CO="8609.70" HC="47.90" NOx="160.28" PMx="9.62" fuel="147.49" electricity="0.00" noise="155.13" route="routebottom" type="cfm-fast" waiting="0.00" lane="bottom_1" pos="30.95" speed="83.45" angle="38.82" x="117.62" y="26.87"/>
        <vehicle id="cfm-slow_0" eclass="HBEFA3/PC_G_EU4" CO2="14232.15" CO="219.20" HC="1.35" NOx="6.09" PMx="0.33" fuel="6.12" electricity="0.00" noise="74.84" route="routetop" type="cfm-slow" waiting="0.00" lane="top_0" pos="7.76" speed="23.55" angle="260.47" x="47.05" y="130.23"/>
        <vehicle id="cfm-slow_1" eclass="HBEFA3/PC_G_EU4" CO2="16625.74" CO="272.90" HC="1.66" NOx="7.18" PMx="0.39" fuel="7.15" electricity="0.00" noise="76.31" route="routetop" type="cfm-slow" waiting="0.00" lane="top_0" pos="26.51" speed="25.19" angle="226.79" x="12.92" y="109.82"/>
        <vehicle id="cfm-slow_2" eclass="HBEFA3/PC_G_EU4" CO2="16208.43" CO="271.78" HC="1.64" NOx="6.94" PMx="0.39" fuel="6.97" electricity="0.00" noise="76.33" route="routetop" type="cfm-slow" waiting="0.00" lane="top_0" pos="46.94" speed="27.00" angle="190.09" x="-4.61" y="70.33"/>
        <vehicle id="cfm-slow_3" eclass="HBEFA3/PC_G_EU4" CO2="11871.34" CO="190.82" HC="1.17" NOx="4.86" PMx="0.28" fuel="5.10" electricity="0.00" noise="74.95" route="routetop" type="cfm-slow" waiting="0.00" lane="left_0" pos="19.20" speed="28.51" angle="149.92" x="7.17" y="24.73"/>
        <vehicle id="cfm-slow_4" eclass="HBEFA3/PC_G_EU4" CO2="0.00" CO="0.00" HC="0.00" NOx="0.00" PMx="0.00" fuel="0.00" electricity="0.00" noise="73.41" route="routetop" type="cfm-slow" waiting="0.00" lane="left_0" pos="42.93" speed="29.25" angle="107.26" x="48.49" y="-3.24"/>
        <vehicle id="cfm-slow_5" eclass="HBEFA3/PC_G_EU4" CO2="0.00" CO="0.00" HC="0.00" NOx="0.00" PMx="0.00" fuel="0.00" electricity="0.00" noise="72.36" route="routebottom" type="cfm-slow" waiting="0.00" lane="bottom_0" pos="17.33" speed="29.00" angle="63.27" x="99.21" y="4.99"/>
    </timestep>
    <timestep time="6.13">
        <vehicle id="cfm-fast_0" eclass="HBEFA3/PC_G_EU4" CO2="0.00" CO="0.00" HC="0.00" NOx="0.00" PMx="0.00" fuel="0.00" electricity="0.00" noise="71.47" route="routebottom" type="cfm-fast" waiting="0.00" lane="bottom_0" pos="41.66" speed="27.90" angle="19.53" x="129.91" y="45.84"/>
        <vehicle id="cfm-fast_1" eclass="HBEFA3/PC_G_EU4" CO2="228356.14" CO="5900.96" HC="32.68" NOx="106.21" PMx="6.48" fuel="98.16" electricity="0.00" noise="133.66" route="routetop" type="cfm-fast" waiting="0.00" lane="left_1" pos="11.06" speed="76.41" angle="164.52" x="2.28" y="41.40"/>
        <vehicle id="cfm-fast_2" eclass="HBEFA3/PC_G_EU4" CO2="0.00" CO="0.00" HC="0.00" NOx="0.00" PMx="0.00" fuel="0.00" electricity="0.00" noise="70.56" route="routebottom" type="cfm-fast" waiting="0.00" lane="right_0" pos="10.68" speed="26.13" angle="345.24" x="128.42" y="86.30"/>
        <vehicle id="cfm-fast_3" eclass="HBEFA3/PC_G_EU4" CO2="0.00" CO="0.00" HC="0.00" NOx="0.00" PMx="0.00" fuel="0.00" electricity="0.00" noise="69.98" route="routebottom" type="cfm-fast" waiting="0.00" lane="right_0" pos="27.80" speed="24.51" angle="314.43" x="107.72" y="116.24"/>
        <vehicle id="cfm-fast_4" eclass="HBEFA3/PC_G_EU4" CO2="5704.64" CO="43.50" HC="0.34" NOx="2.06" PMx="0.10" fuel="2.45" electricity="0.00" noise="71.08" route="routebottom" type="cfm-fast" waiting="0.00" lane="right_0" pos="43.27" speed="23.47" angle="286.68" x="78.13" y="130.72"/>
        <vehicle id="cfm-fast_5" eclass="HBEFA3/PC_G_EU4" CO2="343757.89" CO="8630.10" HC="48.01" NOx="160.58" PMx="9.64" fuel="147.76" electricity="0.00" noise="155.20" route="routebottom" type="cfm-fast" waiting="0.00" lane="bottom_1" pos="31.79" speed="83.59" angle="37.29" x="118.57" y="28.30"/>
        <vehicle id="cfm-slow_0" eclass="HBEFA3/PC_G_EU4" CO2="14252.20" CO="219.65" HC="1.35" NOx="6.09" PMx="0.33" fuel="6.13" electricity="0.00" noise="74.85" route="routetop" type="cfm-slow" waiting="0.00" lane="top_0" pos="7.99" speed="23.56" angle="260.04" x="46.56" y="130.10"/>
        <vehicle id="cfm-slow_1" eclass="HBEFA3/PC_G_EU4" CO2="16620.83" CO="272.86" HC="1.66" NOx="7.17" PMx="0.39" fuel="7.14" electricity="0.00" noise="76.31" route="routetop" type="cfm-slow" waiting="0.00" lane="top_0" pos="26.76" speed="25.21" angle="226.32" x="12.55" y="109.43"/>
        <vehicle id="cfm-slow_2" eclass="HBEFA3/PC_G_EU4" CO2="16166.42" CO="271.00" HC="1.64" NOx="6.92" PMx="0.39" fuel="6.95" electricity="0.00" noise="76.32" route="routetop" type="cfm-slow" waiting="0.00" lane="top_0" pos="47.21" speed="27.01" angle="189.59" x="-4.67" y="69.75"/>
        <vehicle id="cfm-slow_3" eclass="HBEFA3/PC_G_EU4" CO2="11801.28" CO="189.43" HC="1.16" NOx="4.83" PMx="0.28" fuel="5.07" electricity="0.00" noise="74.93" route="routetop" type="cfm-slow" waiting="0.00" lane="left_0" pos="19.48" speed="28.52" angle="149.40" x="7.52" y="24.23"/>
        <vehicle id="cfm-slow_4" eclass="HBEFA3/PC_G_EU4" CO2="0.00" CO="0.00" HC="0.00" NOx="0.00" PMx="0.00" fuel="0.00" electricity="0.00" noise="73.40" route="routetop" type="cfm-slow" waiting="0.00" lane="left_0" pos="43.22" speed="29.24" angle="106.74" x="49.10" y="-3.38"/>
        <vehicle id="cfm-slow_5" eclass="HBEFA3/PC_G_EU4" CO2="0.00" CO="0.00" HC="0.00" NOx="0.00" PMx="0.00" fuel="0.00" electricity="0.00" noise="72.35" route="routebottom" type="cfm-slow" waiting="0.00" lane="bottom_0" pos="17.62" speed="28.99" angle="62.74" x="99.75" y="5.31"/>
    </timestep>
    <timestep time="6.14">
        <vehicle id="cfm-fast_0" eclass="HBEFA3/PC_G_EU4" CO2="0.00" CO="0.00" HC="0.00" NOx="0.00" PMx="0.00" fuel="0.00" electricity="0.00" noise="71.46" route="routebottom" type="cfm-fast" waiting="0.00" lane="bottom_0" pos="41.94" speed="27.88" angle="19.02" x="130.06" y="46.42"/>
        <vehicle id="cfm-fast_1" eclass="HBEFA3/PC_G_EU4" CO2="229014.30" CO="5918.93" HC="32.78" NOx="106.52" PMx="6.50" fuel="98.44" electricity="0.00" noise="133.78" route="routetop" type="cfm-fast" waiting="0.00" lane="left_1" pos="11.83" speed="76.50" angle="163.18" x="2.83" y="39.93"/>
        <vehicle id="cfm-fast_2" eclass="HBEFA3/PC_G_EU4" CO2="0.00" CO="0.00" HC="0.00" NOx="0.00" PMx="0.00" fuel="0.00" electricity="0.00" noise="70.55" route="routebottom" type="cfm-fast" waiting="0.00" lane="right_0" pos="10.94" speed="26.12" angle="344.74" x="128.23" y="86.83"/>
        <vehicle id="cfm-fast_3" eclass="HBEFA3/PC_G_EU4" CO2="0.00" CO="0.00" HC="0.00" NOx="0.00" PMx="0.00" fuel="0.00" electricity="0.00" noise="69.98" route="routebottom" type="cfm-fast" waiting="0.00" lane="right_0" pos="28.05" speed="24.50" angle="313.97" x="107.32" y="116.58"/>
        <vehicle id="cfm-fast_4" eclass="HBEFA3/PC_G_EU4" CO2="5771.34" CO="44.88" HC="0.35" NOx="2.09" PMx="0.11" fuel="2.48" electricity="0.00" noise="71.10" route="routebottom" type="cfm-fast" waiting="0.00" lane="right_0" pos="43.51" speed="23.48" angle="286.26" x="77.63" y="130.83"/>
        <vehicle id="cfm-fast_5" eclass="HBEFA3/PC_G_EU4" CO2="344404.02" CO="8650.53" HC="48.12" NOx="160.88" PMx="9.66" fuel="148.04" electricity="0.00" noise="155.27" route="routebottom" type="cfm-fast" waiting="0.00" lane="bottom_1" pos="32.63" speed="83.73" angle="35.80" x="119.47" y="29.76"/>
        <vehicle id="cfm-slow_0" eclass="HBEFA3/PC_G_EU4" CO2="14272.06" CO="220.09" HC="1.36" NOx="6.10" PMx="0.33" fuel="6.13" electricity="0.00" noise="74.86" route="routetop" type="cfm-slow" waiting="0.00" lane="top_0" pos="8.23" speed="23.58" angle="259.61" x="46.07" y="129.97"/>
        <vehicle id="cfm-slow_1" eclass="HBEFA3/PC_G_EU4" CO2="16615.62" CO="272.82" HC="1.66" NOx="7.17" PMx="0.39" fuel="7.14" electricity="0.00" noise="76.31" route="routetop" type="cfm-slow" waiting="0.00" lane="top_0" pos="27.01" speed="25.23" angle="225.91" x="12.19" y="109.02"/>
        <vehicle id="cfm-slow_2" eclass="HBEFA3/PC_G_EU4" CO2="16124.16" CO="270.21" HC="1.63" NOx="6.90" PMx="0.39" fuel="6.93" electricity="0.00" noise="76.30" route="routetop" type="cfm-slow" waiting="0.00" lane="top_0" pos="47.48" speed="27.03" angle="189.16" x="-4.73" y="69.18"/>
        <vehicle id="cfm-slow_3" eclass="HBEFA3/PC_G_EU4" CO2="11731.20" CO="188.05" HC="1.15" NOx="4.79" PMx="0.28" fuel="5.04" electricity="0.00" noise="74.91" route="routetop" type="cfm-slow" waiting="0.00" lane="left_0" pos="19.77" speed="28.53" angle="148.88" x="7.88" y="23.73"/>
        <vehicle id="cfm-slow_4" eclass="HBEFA3/PC_G_EU4" CO2="0.00" CO="0.00" HC="0.00" NOx="0.00" PMx="0.00" fuel="0.00" electricity="0.00" noise="73.38" route="routetop" type="cfm-slow" waiting="0.00" lane="left_0" pos="43.52" speed="29.24" angle="106.24" x="49.71" y="-3.52"/>
        <vehicle id="cfm-slow_5" eclass="HBEFA3/PC_G_EU4" CO2="0.00" CO="0.00" HC="0.00" NOx="0.00" PMx="0.00" fuel="0.00" electricity="0.00" noise="72.34" route="routebottom" type="cfm-slow" waiting="0.00" lane="bottom_0" pos="17.91" speed="28.98" angle="62.27" x="100.28" y="5.63"/>
    </timestep>
    <timestep time="6.15">
        <vehicle id="cfm-fast_0" eclass="HBEFA3/PC_G_EU4" CO2="0.00" CO="0.00" HC="0.00" NOx="0.00" PMx="0.00" fuel="0.00" electricity="0.00" noise="71.45" route="routebottom" type="cfm-fast" waiting="0.00" lane="bottom_0" pos="42.22" speed="27.87" angle="18.52" x="130.22" y="47.00"/>
        <vehicle id="cfm-fast_1" eclass="HBEFA3/PC_G_EU4" CO2="229675.59" CO="5936.97" HC="32.88" NOx="106.83" PMx="6.52" fuel="98.73" electricity="0.00" noise="133.90" route="routetop" type="cfm-fast" waiting="0.00" lane="left_1" pos="12.60" speed="76.60" angle="161.80" x="3.41" y="38.48"/>
        <vehicle id="cfm-fast_2" eclass="HBEFA3/PC_G_EU4" CO2="0.00" CO="0.00" HC="0.00" NOx="0.00" PMx="0.00" fuel="0.00" electricity="0.00" noise="70.55" route="routebottom" type="cfm-fast" waiting="0.00" lane="right_0" pos="11.20" speed="26.10" angle="344.25" x="128.04" y="87.36"/>
        <vehicle id="cfm-fast_3" eclass="HBEFA3/PC_G_EU4" CO2="0.00" CO="0.00" HC="0.00" NOx="0.00" PMx="0.00" fuel="0.00" electricity="0.00" noise="69.99" route="routebottom" type="cfm-fast" waiting="0.00" lane="right_0" pos="28.29" speed="24.49" angle="313.59" x="106.92" y="116.92"/>
        <vehicle id="cfm-fast_4" eclass="HBEFA3/PC_G_EU4" CO2="5837.74" CO="46.25" HC="0.35" NOx="2.13" PMx="0.11" fuel="2.51" electricity="0.00" noise="71.12" route="routebottom" type="cfm-fast" waiting="0.00" lane="right_0" pos="43.74" speed="23.48" angle="285.86" x="77.14" y="130.93"/>
        <vehicle id="cfm-fast_5" eclass="HBEFA3/PC_G_EU4" CO2="345050.43" CO="8670.98" HC="48.23" NOx="161.19" PMx="9.68" fuel="148.32" electricity="0.00" noise="155.33" route="routebottom" type="cfm-fast" waiting="0.00" lane="bottom_1" pos="33.47" speed="83.86" angle="34.29" x="120.35" y="31.24"/>
        <vehicle id="cfm-slow_0" eclass="HBEFA3/PC_G_EU4" CO2="14291.74" CO="220.53" HC="1.36" NOx="6.11" PMx="0.33" fuel="6.14" electricity="0.00" noise="74.88" route="routetop" type="cfm-slow" waiting="0.00" lane="top_0" pos="8.46" speed="23.60" angle="259.17" x="45.58" y="129.84"/>
        <vehicle id="cfm-slow_1" eclass="HBEFA3/PC_G_EU4" CO2="16610.10" CO="272.77" HC="1.66" NOx="7.17" PMx="0.39" fuel="7.14" electricity="0.00" noise="76.30" route="routetop" type="cfm-slow" waiting="0.00" lane="top_0" pos="27.26" speed="25.24" angle="225.44" x="11.84" y="108.61"/>
        <vehicle id="cfm-slow_2" eclass="HBEFA3/PC_G_EU4" CO2="16081.64" CO="269.41" HC="1.63" NOx="6.88" PMx="0.38" fuel="6.91" electricity="0.00" noise="76.28" route="routetop" type="cfm-slow" waiting="0.00" lane="top_0" pos="47.75" speed="27.05" angle="188.64" x="-4.76" y="68.59"/>
        <vehicle id="cfm-slow_3" eclass="HBEFA3/PC_G_EU4" CO2="11661.11" CO="186.65" HC="1.14" NOx="4.76" PMx="0.27" fuel="5.01" electricity="0.00" noise="74.89" route="routetop" type="cfm-slow" waiting="0.00" lane="left_0" pos="20.05" speed="28.54" angle="148.35" x="8.24" y="23.24"/>
        <vehicle id="cfm-slow_4" eclass="HBEFA3/PC_G_EU4" CO2="0.00" CO="0.00" HC="0.00" NOx="0.00" PMx="0.00" fuel="0.00" electricity="0.00" noise="73.37" route="routetop" type="cfm-slow" waiting="0.00" lane="left_0" pos="43.81" speed="29.24" angle="105.75" x="50.33" y="-3.64"/>
        <vehicle id="cfm-slow_5" eclass="HBEFA3/PC_G_EU4" CO2="0.00" CO="0.00" HC="0.00" NOx="0.00" PMx="0.00" fuel="0.00" electricity="0.00" noise="72.33" route="routebottom" type="cfm-slow" waiting="0.00" lane="bottom_0" pos="18.19" speed="28.97" angle="61.74" x="100.80" y="5.98"/>
    </timestep>
    <timestep time="6.16">
        <vehicle id="cfm-fast_0" eclass="HBEFA3/PC_G_EU4" CO2="0.00" CO="0.00" HC="0.00" NOx="0.00" PMx="0.00" fuel="0.00" electricity="0.00" noise="71.44" route="routebottom" type="cfm-fast" waiting="0.00" lane="bottom_0" pos="42.50" speed="27.85" angle="18.07" x="130.36" y="47.58"/>
        <vehicle id="cfm-fast_1" eclass="HBEFA3/PC_G_EU4" CO2="230339.97" CO="5955.09" HC="32.98" NOx="107.14" PMx="6.54" fuel="99.01" electricity="0.00" noise="134.01" route="routetop" type="cfm-fast" waiting="0.00" lane="left_1" pos="13.36" speed="76.70" angle="160.46" x="4.03" y="37.03"/>
        <vehicle id="cfm-fast_2" eclass="HBEFA3/PC_G_EU4" CO2="0.00" CO="0.00" HC="0.00" NOx="0.00" PMx="0.00" fuel="0.00" electricity="0.00" noise="70.54" route="routebottom" type="cfm-fast" waiting="0.00" lane="right_0" pos="11.46" speed="26.09" angle="343.79" x="127.85" y="87.88"/>
        <vehicle id="cfm-fast_3" eclass="HBEFA3/PC_G_EU4" CO2="0.00" CO="0.00" HC="0.00" NOx="0.00" PMx="0.00" fuel="0.00" electricity="0.00" noise="69.99" route="routebottom" type="cfm-fast" waiting="0.00" lane="right_0" pos="28.54" speed="24.48" angle="313.14" x="106.50" y="117.24"/>
        <vehicle id="cfm-fast_4" eclass="HBEFA3/PC_G_EU4" CO2="5903.84" CO="47.62" HC="0.36" NOx="2.16" PMx="0.11" fuel="2.54" electricity="0.00" noise="71.15" route="routebottom" type="cfm-fast" waiting="0.00" lane="right_0" pos="43.98" speed="23.48" angle="285.42" x="76.64" y="131.03"/>
        <vehicle id="cfm-fast_5" eclass="HBEFA3/PC_G_EU4" CO2="345697.14" CO="8691.44" HC="48.34" NOx="161.49" PMx="9.70" fuel="148.60" electricity="0.00" noise="155.40" route="routebottom" type="cfm-fast" waiting="0.00" lane="bottom_1" pos="34.31" speed="84.00" angle="32.77" x="121.18" y="32.74"/>
        <vehicle id="cfm-slow_0" eclass="HBEFA3/PC_G_EU4" CO2="14311.22" CO="220.97" HC="1.36" NOx="6.12" PMx="0.33" fuel="6.15" electricity="0.00" noise="74.89" route="routetop" type="cfm-slow" waiting="0.00" lane="top_0" pos="8.70" speed="23.61" angle="258.74" x="45.09" y="129.71"/>
        <vehicle id="cfm-slow_1" eclass="HBEFA3/PC_G_EU4" CO2="16604.26" CO="272.71" HC="1.65" NOx="7.17" PMx="0.39" fuel="7.14" electricity="0.00" noise="76.30" route="routetop" type="cfm-slow" waiting="0.00" lane="top_0" pos="27.52" speed="25.26" angle="224.97" x="11.49" y="108.19"/>
        <vehicle id="cfm-slow_2" eclass="HBEFA3/PC_G_EU4" CO2="16038.87" CO="268.61" HC="1.62" NOx="6.86" PMx="0.38" fuel="6.89" electricity="0.00" noise="76.26" route="routetop" type="cfm-slow" waiting="0.00" lane="top_0" pos="48.02" speed="27.06" angle="188.12" x="-4.80" y="68.01"/>
        <vehicle id="cfm-slow_3" eclass="HBEFA3/PC_G_EU4" CO2="11591.02" CO="185.26" HC="1.14" NOx="4.73" PMx="0.27" fuel="4.98" electricity="0.00" noise="74.87" route="routetop" type="cfm-slow" waiting="0.00" lane="left_0" pos="20.34" speed="28.54" angle="147.82" x="8.60" y="22.74"/>
        <vehicle id="cfm-slow_4" eclass="HBEFA3/PC_G_EU4" CO2="0.00" CO="0.00" HC="0.00" NOx="0.00" PMx="0.00" fuel="0.00" electricity="0.00" noise="73.36" route="routetop" type="cfm-slow" waiting="0.00" lane="left_0" pos="44.10" speed="29.24" angle="105.21" x="50.95" y="-3.76"/>
        <vehicle id="cfm-slow_5" eclass="HBEFA3/PC_G_EU4" CO2="0.00" CO="0.00" HC="0.00" NOx="0.00" PMx="0.00" fuel="0.00" electricity="0.00" noise="72.32" route="routebottom" type="cfm-slow" waiting="0.00" lane="bottom_0" pos="18.48" speed="28.96" angle="61.20" x="101.32" y="6.32"/>
    </timestep>
    <timestep time="6.17">
        <vehicle id="cfm-fast_0" eclass="HBEFA3/PC_G_EU4" CO2="0.00" CO="0.00" HC="0.00" NOx="0.00" PMx="0.00" fuel="0.00" electricity="0.00" noise="71.44" route="routebottom" type="cfm-fast" waiting="0.00" lane="bottom_0" pos="42.78" speed="27.84" angle="17.56" x="130.49" y="48.17"/>
        <vehicle id="cfm-fast_1" eclass="HBEFA3/PC_G_EU4" CO2="231007.38" CO="5973.29" HC="33.08" NOx="107.45" PMx="6.56" fuel="99.30" electricity="0.00" noise="134.13" route="routetop" type="cfm-fast" waiting="0.00" lane="left_1" pos="14.13" speed="76.79" angle="159.12" x="4.68" y="35.60"/>
        <vehicle id="cfm-fast_2" eclass="HBEFA3/PC_G_EU4" CO2="0.00" CO="0.00" HC="0.00" NOx="0.00" PMx="0.00" fuel="0.00" electricity="0.00" noise="70.54" route="routebottom" type="cfm-fast" waiting="0.00" lane="right_0" pos="11.72" speed="26.07" angle="343.33" x="127.64" y="88.41"/>
        <vehicle id="cfm-fast_3" eclass="HBEFA3/PC_G_EU4" CO2="0.00" CO="0.00" HC="0.00" NOx="0.00" PMx="0.00" fuel="0.00" electricity="0.00" noise="69.99" route="routebottom" type="cfm-fast" waiting="0.00" lane="right_0" pos="28.78" speed="24.47" angle="312.69" x="106.09" y="117.57"/>
        <vehicle id="cfm-fast_4" eclass="HBEFA3/PC_G_EU4" CO2="5969.64" CO="48.98" HC="0.37" NOx="2.19" PMx="0.11" fuel="2.57" electricity="0.00" noise="71.17" route="routebottom" type="cfm-fast" waiting="0.00" lane="right_0" pos="44.21" speed="23.49" angle="284.97" x="76.14" y="131.12"/>
        <vehicle id="cfm-fast_5" eclass="HBEFA3/PC_G_EU4" CO2="346344.14" CO="8711.93" HC="48.45" NOx="161.79" PMx="9.72" fuel="148.88" electricity="0.00" noise="155.46" route="routebottom" type="cfm-fast" waiting="0.00" lane="bottom_1" pos="35.15" speed="84.14" angle="31.28" x="121.98" y="34.27"/>
        <vehicle id="cfm-slow_0" eclass="HBEFA3/PC_G_EU4" CO2="14330.51" CO="221.40" HC="1.36" NOx="6.13" PMx="0.33" fuel="6.16" electricity="0.00" noise="74.90" route="routetop" type="cfm-slow" waiting="0.00" lane="top_0" pos="8.94" speed="23.63" angle="258.37" x="44.60" y="129.57"/>
        <vehicle id="cfm-slow_1" eclass="HBEFA3/PC_G_EU4" CO2="16598.12" CO="272.65" HC="1.65" NOx="7.16" PMx="0.39" fuel="7.13" electricity="0.00" noise="76.30" route="routetop" type="cfm-slow" waiting="0.00" lane="top_0" pos="27.77" speed="25.28" angle="224.49" x="11.13" y="107.78"/>
        <vehicle id="cfm-slow_2" eclass="HBEFA3/PC_G_EU4" CO2="15995.86" CO="267.80" HC="1.62" NOx="6.84" PMx="0.38" fuel="6.88" electricity="0.00" noise="76.25" route="routetop" type="cfm-slow" waiting="0.00" lane="top_0" pos="48.29" speed="27.08" angle="187.60" x="-4.83" y="67.43"/>
        <vehicle id="cfm-slow_3" eclass="HBEFA3/PC_G_EU4" CO2="11520.91" CO="183.87" HC="1.13" NOx="4.69" PMx="0.27" fuel="4.95" electricity="0.00" noise="74.85" route="routetop" type="cfm-slow" waiting="0.00" lane="left_0" pos="20.62" speed="28.55" angle="147.35" x="8.97" y="22.25"/>
        <vehicle id="cfm-slow_4" eclass="HBEFA3/PC_G_EU4" CO2="0.00" CO="0.00" HC="0.00" NOx="0.00" PMx="0.00" fuel="0.00" electricity="0.00" noise="73.34" route="routetop" type="cfm-slow" waiting="0.00" lane="left_0" pos="44.39" speed="29.24" angle="104.66" x="51.57" y="-3.87"/>
        <vehicle id="cfm-slow_5" eclass="HBEFA3/PC_G_EU4" CO2="0.00" CO="0.00" HC="0.00" NOx="0.00" PMx="0.00" fuel="0.00" electricity="0.00" noise="72.31" route="routebottom" type="cfm-slow" waiting="0.00" lane="bottom_0" pos="18.77" speed="28.95" angle="60.65" x="101.84" y="6.67"/>
    </timestep>
    <timestep time="6.18">
        <vehicle id="cfm-fast_0" eclass="HBEFA3/PC_G_EU4" CO2="0.00" CO="0.00" HC="0.00" NOx="0.00" PMx="0.00" fuel="0.00" electricity="0.00" noise="71.43" route="routebottom" type="cfm-fast" waiting="0.00" lane="bottom_0" pos="43.05" speed="27.82" angle="17.06" x="130.62" y="48.75"/>
        <vehicle id="cfm-fast_1" eclass="HBEFA3/PC_G_EU4" CO2="231677.79" CO="5991.56" HC="33.18" NOx="107.77" PMx="6.58" fuel="99.59" electricity="0.00" noise="134.25" route="routetop" type="cfm-fast" waiting="0.00" lane="left_1" pos="14.90" speed="76.89" angle="157.69" x="5.39" y="34.19"/>
        <vehicle id="cfm-fast_2" eclass="HBEFA3/PC_G_EU4" CO2="0.00" CO="0.00" HC="0.00" NOx="0.00" PMx="0.00" fuel="0.00" electricity="0.00" noise="70.53" route="routebottom" type="cfm-fast" waiting="0.00" lane="right_0" pos="11.98" speed="26.06" angle="342.86" x="127.44" y="88.93"/>
        <vehicle id="cfm-fast_3" eclass="HBEFA3/PC_G_EU4" CO2="0.00" CO="0.00" HC="0.00" NOx="0.00" PMx="0.00" fuel="0.00" electricity="0.00" noise="70.00" route="routebottom" type="cfm-fast" waiting="0.00" lane="right_0" pos="29.03" speed="24.46" angle="312.25" x="105.67" y="117.89"/>
        <vehicle id="cfm-fast_4" eclass="HBEFA3/PC_G_EU4" CO2="6035.14" CO="50.33" HC="0.38" NOx="2.22" PMx="0.11" fuel="2.59" electricity="0.00" noise="71.19" route="routebottom" type="cfm-fast" waiting="0.00" lane="right_0" pos="44.45" speed="23.49" angle="284.52" x="75.65" y="131.21"/>
        <vehicle id="cfm-fast_5" eclass="HBEFA3/PC_G_EU4" CO2="346991.43" CO="8732.45" HC="48.56" NOx="162.10" PMx="9.74" fuel="149.15" electricity="0.00" noise="155.53" route="routebottom" type="cfm-fast" waiting="0.00" lane="bottom_1" pos="35.99" speed="84.27" angle="29.77" x="122.74" y="35.82"/>
        <vehicle id="cfm-slow_0" eclass="HBEFA3/PC_G_EU4" CO2="14349.61" CO="221.83" HC="1.37" NOx="6.14" PMx="0.33" fuel="6.17" electricity="0.00" noise="74.91" route="routetop" type="cfm-slow" waiting="0.00" lane="top_0" pos="9.17" speed="23.65" angle="257.94" x="44.11" y="129.43"/>
        <vehicle id="cfm-slow_1" eclass="HBEFA3/PC_G_EU4" CO2="16591.67" CO="272.58" HC="1.65" NOx="7.16" PMx="0.39" fuel="7.13" electricity="0.00" noise="76.30" route="routetop" type="cfm-slow" waiting="0.00" lane="top_0" pos="28.02" speed="25.30" angle="224.02" x="10.78" y="107.37"/>
        <vehicle id="cfm-slow_2" eclass="HBEFA3/PC_G_EU4" CO2="15952.59" CO="266.99" HC="1.61" NOx="6.82" PMx="0.38" fuel="6.86" electricity="0.00" noise="76.23" route="routetop" type="cfm-slow" waiting="0.00" lane="top_0" pos="48.56" speed="27.09" angle="187.09" x="-4.87" y="66.85"/>
        <vehicle id="cfm-slow_3" eclass="HBEFA3/PC_G_EU4" CO2="11450.80" CO="182.48" HC="1.12" NOx="4.66" PMx="0.27" fuel="4.92" electricity="0.00" noise="74.83" route="routetop" type="cfm-slow" waiting="0.00" lane="left_0" pos="20.91" speed="28.56" angle="146.83" x="9.35" y="21.76"/>
        <vehicle id="cfm-slow_4" eclass="HBEFA3/PC_G_EU4" CO2="0.00" CO="0.00" HC="0.00" NOx="0.00" PMx="0.00" fuel="0.00" electricity="0.00" noise="73.33" route="routetop" type="cfm-slow" waiting="0.00" lane="left_0" pos="44.69" speed="29.24" angle="104.12" x="52.19" y="-3.98"/>
        <vehicle id="cfm-slow_5" eclass="HBEFA3/PC_G_EU4" CO2="0.00" CO="0.00" HC="0.00" NOx="0.00" PMx="0.00" fuel="0.00" electricity="0.00" noise="72.30" route="routebottom" type="cfm-slow" waiting="0.00" lane="bottom_0" pos="19.06" speed="28.94" angle="60.11" x="102.36" y="7.01"/>
    </timestep>
    <timestep time="6.19">
        <vehicle id="cfm-fast_0" eclass="HBEFA3/PC_G_EU4" CO2="0.00" CO="0.00" HC="0.00" NOx="0.00" PMx="0.00" fuel="0.00" electricity="0.00" noise="71.42" route="routebottom" type="cfm-fast" waiting="0.00" lane="bottom_0" pos="43.33" speed="27.81" angle="16.55" x="130.75" y="49.33"/>
        <vehicle id="cfm-fast_1" eclass="HBEFA3/PC_G_EU4" CO2="232351.15" CO="6009.91" HC="33.28" NOx="108.08" PMx="6.60" fuel="99.88" electricity="0.00" noise="134.37" route="routetop" type="cfm-fast" waiting="0.00" lane="left_1" pos="15.67" speed="76.98" angle="156.33" x="6.11" y="32.79"/>
        <vehicle id="cfm-fast_2" eclass="HBEFA3/PC_G_EU4" CO2="0.00" CO="0.00" HC="0.00" NOx="0.00" PMx="0.00" fuel="0.00" electricity="0.00" noise="70.52" route="routebottom" type="cfm-fast" waiting="0.00" lane="right_0" pos="12.24" speed="26.04" angle="342.38" x="127.23" y="89.45"/>
        <vehicle id="cfm-fast_3" eclass="HBEFA3/PC_G_EU4" CO2="0.00" CO="0.00" HC="0.00" NOx="0.00" PMx="0.00" fuel="0.00" electricity="0.00" noise="70.00" route="routebottom" type="cfm-fast" waiting="0.00" lane="right_0" pos="29.27" speed="24.45" angle="311.80" x="105.26" y="118.21"/>
        <vehicle id="cfm-fast_4" eclass="HBEFA3/PC_G_EU4" CO2="6100.33" CO="51.68" HC="0.39" NOx="2.25" PMx="0.11" fuel="2.62" electricity="0.00" noise="71.21" route="routebottom" type="cfm-fast" waiting="0.00" lane="right_0" pos="44.68" speed="23.49" angle="284.07" x="75.15" y="131.30"/>
        <vehicle id="cfm-fast_5" eclass="HBEFA3/PC_G_EU4" CO2="347639.02" CO="8752.98" HC="48.67" NOx="162.40" PMx="9.76" fuel="149.43" electricity="0.00" noise="155.60" route="routebottom" type="cfm-fast" waiting="0.00" lane="bottom_1" pos="36.83" speed="84.41" angle="28.15" x="123.45" y="37.40"/>
        <vehicle id="cfm-slow_0" eclass="HBEFA3/PC_G_EU4" CO2="14368.51" CO="222.25" HC="1.37" NOx="6.15" PMx="0.33" fuel="6.18" electricity="0.00" noise="74.93" route="routetop" type="cfm-slow" waiting="0.00" lane="top_0" pos="9.41" speed="23.66" angle="257.51" x="43.63" y="129.27"/>
        <vehicle id="cfm-slow_1" eclass="HBEFA3/PC_G_EU4" CO2="16584.90" CO="272.50" HC="1.65" NOx="7.16" PMx="0.39" fuel="7.13" electricity="0.00" noise="76.30" route="routetop" type="cfm-slow" waiting="0.00" lane="top_0" pos="28.28" speed="25.32" angle="223.62" x="10.43" y="106.95"/>
        <vehicle id="cfm-slow_2" eclass="HBEFA3/PC_G_EU4" CO2="15909.07" CO="266.17" HC="1.61" NOx="6.80" PMx="0.38" fuel="6.84" electricity="0.00" noise="76.21" route="routetop" type="cfm-slow" waiting="0.00" lane="top_0" pos="48.83" speed="27.11" angle="186.64" x="-4.89" y="66.27"/>
        <vehicle id="cfm-slow_3" eclass="HBEFA3/PC_G_EU4" CO2="11380.69" CO="181.09" HC="1.11" NOx="4.63" PMx="0.27" fuel="4.89" electricity="0.00" noise="74.81" route="routetop" type="cfm-slow" waiting="0.00" lane="left_0" pos="21.19" speed="28.57" angle="146.30" x="9.73" y="21.28"/>
        <vehicle id="cfm-slow_4" eclass="HBEFA3/PC_G_EU4" CO2="0.00" CO="0.00" HC="0.00" NOx="0.00" PMx="0.00" fuel="0.00" electricity="0.00" noise="73.32" route="routetop" type="cfm-slow" waiting="0.00" lane="left_0" pos="44.98" speed="29.24" angle="103.65" x="52.81" y="-4.09"/>
        <vehicle id="cfm-slow_5" eclass="HBEFA3/PC_G_EU4" CO2="0.00" CO="0.00" HC="0.00" NOx="0.00" PMx="0.00" fuel="0.00" electricity="0.00" noise="72.29" route="routebottom" type="cfm-slow" waiting="0.00" lane="bottom_0" pos="19.35" speed="28.93" angle="59.63" x="102.87" y="7.37"/>
    </timestep>
    <timestep time="6.20">
        <vehicle id="cfm-fast_0" eclass="HBEFA3/PC_G_EU4" CO2="0.00" CO="0.00" HC="0.00" NOx="0.00" PMx="0.00" fuel="0.00" electricity="0.00" noise="71.41" route="routebottom" type="cfm-fast" waiting="0.00" lane="bottom_0" pos="43.61" speed="27.79" angle="16.10" x="130.88" y="49.92"/>
        <vehicle id="cfm-fast_1" eclass="HBEFA3/PC_G_EU4" CO2="233027.40" CO="6028.34" HC="33.38" NOx="108.40" PMx="6.62" fuel="100.17" electricity="0.00" noise="134.49" route="routetop" type="cfm-fast" waiting="0.00" lane="left_1" pos="16.44" speed="77.08" angle="154.91" x="6.88" y="31.40"/>
        <vehicle id="cfm-fast_2" eclass="HBEFA3/PC_G_EU4" CO2="0.00" CO="0.00" HC="0.00" NOx="0.00" PMx="0.00" fuel="0.00" electricity="0.00" noise="70.52" route="routebottom" type="cfm-fast" waiting="0.00" lane="right_0" pos="12.50" speed="26.03" angle="341.91" x="127.02" y="89.97"/>
        <vehicle id="cfm-fast_3" eclass="HBEFA3/PC_G_EU4" CO2="0.00" CO="0.00" HC="0.00" NOx="0.00" PMx="0.00" fuel="0.00" electricity="0.00" noise="70.00" route="routebottom" type="cfm-fast" waiting="0.00" lane="right_0" pos="29.52" speed="24.44" angle="311.41" x="104.84" y="118.54"/>
        <vehicle id="cfm-fast_4" eclass="HBEFA3/PC_G_EU4" CO2="6165.23" CO="53.03" HC="0.39" NOx="2.28" PMx="0.12" fuel="2.65" electricity="0.00" noise="71.24" route="routebottom" type="cfm-fast" waiting="0.00" lane="right_0" pos="44.92" speed="23.50" angle="283.71" x="74.65" y="131.39"/>
        <vehicle id="cfm-fast_5" eclass="HBEFA3/PC_G_EU4" CO2="348286.89" CO="8773.53" HC="48.78" NOx="162.71" PMx="9.78" fuel="149.71" electricity="0.00" noise="155.66" route="routebottom" type="cfm-fast" waiting="0.00" lane="bottom_1" pos="37.68" speed="84.55" angle="26.65" x="124.12" y="39.00"/>
        <vehicle id="cfm-slow_0" eclass="HBEFA3/PC_G_EU4" CO2="14387.21" CO="222.67" HC="1.37" NOx="6.16" PMx="0.33" fuel="6.18" electricity="0.00" noise="74.94" route="routetop" type="cfm-slow" waiting="0.00" lane="top_0" pos="9.64" speed="23.68" angle="257.08" x="43.14" y="129.12"/>
        <vehicle id="cfm-slow_1" eclass="HBEFA3/PC_G_EU4" CO2="16577.83" CO="272.42" HC="1.65" NOx="7.15" PMx="0.39" fuel="7.13" electricity="0.00" noise="76.30" route="routetop" type="cfm-slow" waiting="0.00" lane="top_0" pos="28.53" speed="25.34" angle="223.16" x="10.09" y="106.52"/>
        <vehicle id="cfm-slow_2" eclass="HBEFA3/PC_G_EU4" CO2="15865.32" CO="265.34" HC="1.60" NOx="6.78" PMx="0.38" fuel="6.82" electricity="0.00" noise="76.20" route="routetop" type="cfm-slow" waiting="0.00" lane="top_0" pos="49.11" speed="27.13" angle="186.15" x="-4.91" y="65.68"/>
        <vehicle id="cfm-slow_3" eclass="HBEFA3/PC_G_EU4" CO2="11310.57" CO="179.69" HC="1.10" NOx="4.59" PMx="0.26" fuel="4.86" electricity="0.00" noise="74.79" route="routetop" type="cfm-slow" waiting="0.00" lane="left_0" pos="21.48" speed="28.58" angle="145.78" x="10.11" y="20.79"/>
        <vehicle id="cfm-slow_4" eclass="HBEFA3/PC_G_EU4" CO2="0.00" CO="0.00" HC="0.00" NOx="0.00" PMx="0.00" fuel="0.00" electricity="0.00" noise="73.30" route="routetop" type="cfm-slow" waiting="0.00" lane="left_0" pos="45.27" speed="29.24" angle="103.11" x="53.43" y="-4.18"/>
        <vehicle id="cfm-slow_5" eclass="HBEFA3/PC_G_EU4" CO2="0.00" CO="0.00" HC="0.00" NOx="0.00" PMx="0.00" fuel="0.00" electricity="0.00" noise="72.29" route="routebottom" type="cfm-slow" waiting="0.00" lane="bottom_0" pos="19.64" speed="28.92" angle="59.10" x="103.38" y="7.73"/>
    </timestep>
    <timestep time="6.21">
        <vehicle id="cfm-fast_0" eclass="HBEFA3/PC_G_EU4" CO2="0.00" CO="0.00" HC="0.00" NOx="0.00" PMx="0.00" fuel="0.00" electricity="0.00" noise="71.40" route="routebottom" type="cfm-fast" waiting="0.00" lane="bottom_0" pos="43.89" speed="27.78" angle="15.58" x="130.99" y="50.50"/>
        <vehicle id="cfm-fast_1" eclass="HBEFA3/PC_G_EU4" CO2="233706.52" CO="6046.84" HC="33.48" NOx="108.72" PMx="6.64" fuel="100.46" electricity="0.00" noise="134.61" route="routetop" type="cfm-fast" waiting="0.00" lane="left_1" pos="17.21" speed="77.18" angle="153.52" x="7.68" y="30.04"/>
        <vehicle id="cfm-fast_2" eclass="HBEFA3/PC_G_EU4" CO2="0.00" CO="0.00" HC="0.00" NOx="0.00" PMx="0.00" fuel="0.00" electricity="0.00" noise="70.51" route="routebottom" type="cfm-fast" waiting="0.00" lane="right_0" pos="12.76" speed="26.01" angle="341.48" x="126.81" y="90.49"/>
        <vehicle id="cfm-fast_3" eclass="HBEFA3/PC_G_EU4" CO2="0.00" CO="0.00" HC="0.00" NOx="0.00" PMx="0.00" fuel="0.00" electricity="0.00" noise="70.01" route="routebottom" type="cfm-fast" waiting="0.00" lane="right_0" pos="29.76" speed="24.43" angle="310.96" x="104.42" y="118.84"/>
        <vehicle id="cfm-fast_4" eclass="HBEFA3/PC_G_EU4" CO2="6229.82" CO="54.36" HC="0.40" NOx="2.31" PMx="0.12" fuel="2.68" electricity="0.00" noise="71.26" route="routebottom" type="cfm-fast" waiting="0.00" lane="right_0" pos="45.15" speed="23.50" angle="283.28" x="74.15" y="131.46"/>
        <vehicle id="cfm-fast_5" eclass="HBEFA3/PC_G_EU4" CO2="348935.06" CO="8794.11" HC="48.89" NOx="163.01" PMx="9.80" fuel="149.99" electricity="0.00" noise="155.73" route="routebottom" type="cfm-fast" waiting="0.00" lane="bottom_1" pos="38.53" speed="84.68" angle="25.15" x="124.76" y="40.62"/>
        <vehicle id="cfm-slow_0" eclass="HBEFA3/PC_G_EU4" CO2="14405.72" CO="223.09" HC="1.37" NOx="6.16" PMx="0.33" fuel="6.19" electricity="0.00" noise="74.95" route="routetop" type="cfm-slow" waiting="0.00" lane="top_0" pos="9.88" speed="23.70" angle="256.65" x="42.65" y="128.97"/>
        <vehicle id="cfm-slow_1" eclass="HBEFA3/PC_G_EU4" CO2="16570.45" CO="272.34" HC="1.65" NOx="7.15" PMx="0.39" fuel="7.12" electricity="0.00" noise="76.29" route="routetop" type="cfm-slow" waiting="0.00" lane="top_0" pos="28.78" speed="25.36" angle="222.70" x="9.76" y="106.09"/>
        <vehicle id="cfm-slow_2" eclass="HBEFA3/PC_G_EU4" CO2="15821.31" CO="264.52" HC="1.60" NOx="6.75" PMx="0.38" fuel="6.80" electricity="0.00" noise="76.18" route="routetop" type="cfm-slow" waiting="0.00" lane="top_0" pos="49.38" speed="27.14" angle="185.65" x="-4.92" y="65.10"/>
        <vehicle id="cfm-slow_3" eclass="HBEFA3/PC_G_EU4" CO2="11240.46" CO="178.30" HC="1.10" NOx="4.56" PMx="0.26" fuel="4.83" electricity="0.00" noise="74.77" route="routetop" type="cfm-slow" waiting="0.00" lane="left_0" pos="21.77" speed="28.58" angle="145.30" x="10.49" y="20.31"/>
        <vehicle id="cfm-slow_4" eclass="HBEFA3/PC_G_EU4" CO2="0.00" CO="0.00" HC="0.00" NOx="0.00" PMx="0.00" fuel="0.00" electricity="0.00" noise="73.29" route="routetop" type="cfm-slow" waiting="0.00" lane="left_0" pos="45.56" speed="29.23" angle="102.57" x="54.05" y="-4.26"/>
        <vehicle id="cfm-slow_5" eclass="HBEFA3/PC_G_EU4" CO2="0.00" CO="0.00" HC="0.00" NOx="0.00" PMx="0.00" fuel="0.00" electricity="0.00" noise="72.28" route="routebottom" type="cfm-slow" waiting="0.00" lane="bottom_0" pos="19.93" speed="28.91" angle="58.57" x="103.88" y="8.09"/>
    </timestep>
    <timestep time="6.22">
        <vehicle id="cfm-fast_0" eclass="HBEFA3/PC_G_EU4" CO2="0.00" CO="0.00" HC="0.00" NOx="0.00" PMx="0.00" fuel="0.00" electricity="0.00" noise="71.39" route="routebottom" type="cfm-fast" waiting="0.00" lane="bottom_0" pos="44.17" speed="27.76" angle="15.05" x="131.10" y="51.09"/>
        <vehicle id="cfm-fast_1" eclass="HBEFA3/PC_G_EU4" CO2="234388.45" CO="6065.41" HC="33.59" NOx="109.04" PMx="6.65" fuel="100.75" electricity="0.00" noise="134.72" route="routetop" type="cfm-fast" waiting="0.00" lane="left_1" pos="17.98" speed="77.27" angle="152.14" x="8.50" y="28.69"/>
        <vehicle id="cfm-fast_2" eclass="HBEFA3/PC_G_EU4" CO2="0.00" CO="0.00" HC="0.00" NOx="0.00" PMx="0.00" fuel="0.00" electricity="0.00" noise="70.51" route="routebottom" type="cfm-fast" waiting="0.00" lane="right_0" pos="13.02" speed="26.00" angle="341.02" x="126.59" y="91.00"/>
        <vehicle id="cfm-fast_3" eclass="HBEFA3/PC_G_EU4" CO2="0.00" CO="0.00" HC="0.00" NOx="0.00" PMx="0.00" fuel="0.00" electricity="0.00" noise="70.01" route="routebottom" type="cfm-fast" waiting="0.00" lane="right_0" pos="30.00" speed="24.43" angle="310.51" x="103.99" y="119.15"/>
        <vehicle id="cfm-fast_4" eclass="HBEFA3/PC_G_EU4" CO2="6294.11" CO="55.69" HC="0.41" NOx="2.34" PMx="0.12" fuel="2.71" electricity="0.00" noise="71.28" route="routebottom" type="cfm-fast" waiting="0.00" lane="right_0" pos="45.39" speed="23.50" angle="282.86" x="73.65" y="131.53"/>
        <vehicle id="cfm-fast_5" eclass="HBEFA3/PC_G_EU4" CO2="349583.52" CO="8814.71" HC="49.00" NOx="163.32" PMx="9.82" fuel="150.27" electricity="0.00" noise="155.79" route="routebottom" type="cfm-fast" waiting="0.00" lane="bottom_1" pos="39.38" speed="84.82" angle="23.62" x="125.35" y="42.25"/>
        <vehicle id="cfm-slow_0" eclass="HBEFA3/PC_G_EU4" CO2="14424.03" CO="223.50" HC="1.38" NOx="6.17" PMx="0.33" fuel="6.20" electricity="0.00" noise="74.96" route="routetop" type="cfm-slow" waiting="0.00" lane="top_0" pos="10.12" speed="23.71" angle="256.24" x="42.16" y="128.82"/>
        <vehicle id="cfm-slow_1" eclass="HBEFA3/PC_G_EU4" CO2="16562.76" CO="272.24" HC="1.65" NOx="7.14" PMx="0.39" fuel="7.12" electricity="0.00" noise="76.29" route="routetop" type="cfm-slow" waiting="0.00" lane="top_0" pos="29.04" speed="25.37" angle="222.24" x="9.42" y="105.66"/>
        <vehicle id="cfm-slow_2" eclass="HBEFA3/PC_G_EU4" CO2="15777.07" CO="263.68" HC="1.60" NOx="6.73" PMx="0.38" fuel="6.78" electricity="0.00" noise="76.16" route="routetop" type="cfm-slow" waiting="0.00" lane="top_0" pos="49.65" speed="27.16" angle="185.16" x="-4.93" y="64.52"/>
        <vehicle id="cfm-slow_3" eclass="HBEFA3/PC_G_EU4" CO2="11170.34" CO="176.90" HC="1.09" NOx="4.53" PMx="0.26" fuel="4.80" electricity="0.00" noise="74.75" route="routetop" type="cfm-slow" waiting="0.00" lane="left_0" pos="22.05" speed="28.59" angle="144.78" x="10.88" y="19.84"/>
        <vehicle id="cfm-slow_4" eclass="HBEFA3/PC_G_EU4" CO2="0.00" CO="0.00" HC="0.00" NOx="0.00" PMx="0.00" fuel="0.00" electricity="0.00" noise="73.28" route="routetop" type="cfm-slow" waiting="0.00" lane="left_0" pos="45.85" speed="29.23" angle="102.02" x="54.68" y="-4.35"/>
        <vehicle id="cfm-slow_5" eclass="HBEFA3/PC_G_EU4" CO2="0.00" CO="0.00" HC="0.00" NOx="0.00" PMx="0.00" fuel="0.00" electricity="0.00" noise="72.27" route="routebottom" type="cfm-slow" waiting="0.00" lane="bottom_0" pos="20.22" speed="28.90" angle="58.03" x="104.39" y="8.45"/>
    </timestep>
    <timestep time="6.23">
        <vehicle id="cfm-fast_0" eclass="HBEFA3/PC_G_EU4" CO2="0.00" CO="0.00" HC="0.00" NOx="0.00" PMx="0.00" fuel="0.00" electricity="0.00" noise="71.38" route="routebottom" type="cfm-fast" waiting="0.00" lane="bottom_0" pos="44.44" speed="27.75" angle="14.53" x="131.21" y="51.68"/>
        <vehicle id="cfm-fast_1" eclass="HBEFA3/PC_G_EU4" CO2="235073.15" CO="6084.06" HC="33.69" NOx="109.36" PMx="6.67" fuel="101.05" electricity="0.00" noise="134.84" route="routetop" type="cfm-fast" waiting="0.00" lane="left_1" pos="18.76" speed="77.37" angle="150.67" x="9.38" y="27.37"/>
        <vehicle id="cfm-fast_2" eclass="HBEFA3/PC_G_EU4" CO2="0.00" CO="0.00" HC="0.00" NOx="0.00" PMx="0.00" fuel="0.00" electricity="0.00" noise="70.50" route="routebottom" type="cfm-fast" waiting="0.00" lane="right_0" pos="13.28" speed="25.99" angle="340.55" x="126.36" y="91.51"/>
        <vehicle id="cfm-fast_3" eclass="HBEFA3/PC_G_EU4" CO2="0.00" CO="0.00" HC="0.00" NOx="0.00" PMx="0.00" fuel="0.00" electricity="0.00" noise="70.02" route="routebottom" type="cfm-fast" waiting="0.00" lane="right_0" pos="30.25" speed="24.42" angle="310.05" x="103.56" y="119.46"/>
        <vehicle id="cfm-fast_4" eclass="HBEFA3/PC_G_EU4" CO2="6358.10" CO="57.02" HC="0.42" NOx="2.37" PMx="0.12" fuel="2.73" electricity="0.00" noise="71.31" route="routebottom" type="cfm-fast" waiting="0.00" lane="right_0" pos="45.62" speed="23.51" angle="282.44" x="73.15" y="131.61"/>
        <vehicle id="cfm-fast_5" eclass="HBEFA3/PC_G_EU4" CO2="350232.27" CO="8835.33" HC="49.11" NOx="163.62" PMx="9.84" fuel="150.55" electricity="0.00" noise="155.86" route="routebottom" type="cfm-fast" waiting="0.00" lane="bottom_1" pos="40.22" speed="84.95" angle="22.14" x="125.91" y="43.90"/>
        <vehicle id="cfm-slow_0" eclass="HBEFA3/PC_G_EU4" CO2="14442.14" CO="223.91" HC="1.38" NOx="6.18" PMx="0.33" fuel="6.21" electricity="0.00" noise="74.97" route="routetop" type="cfm-slow" waiting="0.00" lane="top_0" pos="10.36" speed="23.73" angle="255.85" x="41.68" y="128.66"/>
        <vehicle id="cfm-slow_1" eclass="HBEFA3/PC_G_EU4" CO2="16554.76" CO="272.14" HC="1.65" NOx="7.14" PMx="0.39" fuel="7.12" electricity="0.00" noise="76.29" route="routetop" type="cfm-slow" waiting="0.00" lane="top_0" pos="29.29" speed="25.39" angle="221.77" x="9.08" y="105.23"/>
        <vehicle id="cfm-slow_2" eclass="HBEFA3/PC_G_EU4" CO2="15732.59" CO="262.84" HC="1.59" NOx="6.71" PMx="0.38" fuel="6.76" electricity="0.00" noise="76.14" route="routetop" type="cfm-slow" waiting="0.00" lane="top_0" pos="49.92" speed="27.17" angle="184.66" x="-4.95" y="63.93"/>
        <vehicle id="cfm-slow_3" eclass="HBEFA3/PC_G_EU4" CO2="11100.24" CO="175.51" HC="1.08" NOx="4.49" PMx="0.26" fuel="4.77" electricity="0.00" noise="74.73" route="routetop" type="cfm-slow" waiting="0.00" lane="left_0" pos="22.34" speed="28.60" angle="144.24" x="11.28" y="19.37"/>
        <vehicle id="cfm-slow_4" eclass="HBEFA3/PC_G_EU4" CO2="0.00" CO="0.00" HC="0.00" NOx="0.00" PMx="0.00" fuel="0.00" electricity="0.00" noise="73.26" route="routetop" type="cfm-slow" waiting="0.00" lane="left_0" pos="46.15" speed="29.23" angle="101.52" x="55.30" y="-4.44"/>
        <vehicle id="cfm-slow_5" eclass="HBEFA3/PC_G_EU4" CO2="0.00" CO="0.00" HC="0.00" NOx="0.00" PMx="0.00" fuel="0.00" electricity="0.00" noise="72.26" route="routebottom" type="cfm-slow" waiting="0.00" lane="bottom_0" pos="20.51" speed="28.89" angle="57.57" x="104.89" y="8.82"/>
    </timestep>
    <timestep time="6.24">
        <vehicle id="cfm-fast_0" eclass="HBEFA3/PC_G_EU4" CO2="0.00" CO="0.00" HC="0.00" NOx="0.00" PMx="0.00" fuel="0.00" electricity="0.00" noise="71.38" route="routebottom" type="cfm-fast" waiting="0.00" lane="bottom_0" pos="44.72" speed="27.73" angle="14.00" x="131.32" y="52.27"/>
        <vehicle id="cfm-fast_1" eclass="HBEFA3/PC_G_EU4" CO2="235760.58" CO="6102.78" HC="33.79" NOx="109.69" PMx="6.69" fuel="101.34" electricity="0.00" noise="134.97" route="routetop" type="cfm-fast" waiting="0.00" lane="left_1" pos="19.53" speed="77.47" angle="149.28" x="10.28" y="26.06"/>
        <vehicle id="cfm-fast_2" eclass="HBEFA3/PC_G_EU4" CO2="0.00" CO="0.00" HC="0.00" NOx="0.00" PMx="0.00" fuel="0.00" electricity="0.00" noise="70.49" route="routebottom" type="cfm-fast" waiting="0.00" lane="right_0" pos="13.54" speed="25.97" angle="340.08" x="126.13" y="92.02"/>
        <vehicle id="cfm-fast_3" eclass="HBEFA3/PC_G_EU4" CO2="0.00" CO="0.00" HC="0.00" NOx="0.00" PMx="0.00" fuel="0.00" electricity="0.00" noise="70.02" route="routebottom" type="cfm-fast" waiting="0.00" lane="right_0" pos="30.49" speed="24.41" angle="309.60" x="103.14" y="119.76"/>
        <vehicle id="cfm-fast_4" eclass="HBEFA3/PC_G_EU4" CO2="6421.79" CO="58.34" HC="0.42" NOx="2.40" PMx="0.12" fuel="2.76" electricity="0.00" noise="71.33" route="routebottom" type="cfm-fast" waiting="0.00" lane="right_0" pos="45.86" speed="23.51" angle="282.01" x="72.65" y="131.68"/>
        <vehicle id="cfm-fast_5" eclass="HBEFA3/PC_G_EU4" CO2="350881.31" CO="8855.97" HC="49.23" NOx="163.93" PMx="9.86" fuel="150.83" electricity="0.00" noise="155.93" route="routebottom" type="cfm-fast" waiting="0.00" lane="bottom_1" pos="41.08" speed="85.09" angle="20.62" x="126.42" y="45.57"/>
        <vehicle id="cfm-slow_0" eclass="HBEFA3/PC_G_EU4" CO2="14460.04" CO="224.32" HC="1.38" NOx="6.19" PMx="0.33" fuel="6.22" electricity="0.00" noise="74.99" route="routetop" type="cfm-slow" waiting="0.00" lane="top_0" pos="10.59" speed="23.75" angle="255.40" x="41.20" y="128.49"/>
        <vehicle id="cfm-slow_1" eclass="HBEFA3/PC_G_EU4" CO2="16546.44" CO="272.04" HC="1.65" NOx="7.14" PMx="0.39" fuel="7.11" electricity="0.00" noise="76.29" route="routetop" type="cfm-slow" waiting="0.00" lane="top_0" pos="29.54" speed="25.41" angle="221.37" x="8.75" y="104.80"/>
        <vehicle id="cfm-slow_2" eclass="HBEFA3/PC_G_EU4" CO2="15687.87" CO="262.00" HC="1.59" NOx="6.69" PMx="0.37" fuel="6.74" electricity="0.00" noise="76.13" route="routetop" type="cfm-slow" waiting="0.00" lane="left_0" pos="0.19" speed="27.19" angle="184.13" x="-4.94" y="63.16"/>
        <vehicle id="cfm-slow_3" eclass="HBEFA3/PC_G_EU4" CO2="11030.13" CO="174.11" HC="1.07" NOx="4.46" PMx="0.26" fuel="4.74" electricity="0.00" noise="74.71" route="routetop" type="cfm-slow" waiting="0.00" lane="left_0" pos="22.62" speed="28.61" angle="143.71" x="11.68" y="18.90"/>
        <vehicle id="cfm-slow_4" eclass="HBEFA3/PC_G_EU4" CO2="0.00" CO="0.00" HC="0.00" NOx="0.00" PMx="0.00" fuel="0.00" electricity="0.00" noise="73.25" route="routetop" type="cfm-slow" waiting="0.00" lane="left_0" pos="46.44" speed="29.23" angle="101.01" x="55.93" y="-4.50"/>
        <vehicle id="cfm-slow_5" eclass="HBEFA3/PC_G_EU4" CO2="0.00" CO="0.00" HC="0.00" NOx="0.00" PMx="0.00" fuel="0.00" electricity="0.00" noise="72.25" route="routebottom" type="cfm-slow" waiting="0.00" lane="bottom_0" pos="20.80" speed="28.88" angle="57.04" x="105.38" y="9.20"/>
    </timestep>
    <timestep time="6.25">
        <vehicle id="cfm-fast_0" eclass="HBEFA3/PC_G_EU4" CO2="0.00" CO="0.00" HC="0.00" NOx="0.00" PMx="0.00" fuel="0.00" electricity="0.00" noise="71.37" route="routebottom" type="cfm-fast" waiting="0.00" lane="bottom_0" pos="45.00" speed="27.72" angle="13.56" x="131.42" y="52.85"/>
        <vehicle id="cfm-fast_1" eclass="HBEFA3/PC_G_EU4" CO2="236450.69" CO="6121.57" HC="33.89" NOx="110.01" PMx="6.71" fuel="101.64" electricity="0.00" noise="135.09" route="routetop" type="cfm-fast" waiting="0.00" lane="left_1" pos="20.31" speed="77.56" angle="147.86" x="11.21" y="24.76"/>
        <vehicle id="cfm-fast_2" eclass="HBEFA3/PC_G_EU4" CO2="0.00" CO="0.00" HC="0.00" NOx="0.00" PMx="0.00" fuel="0.00" electricity="0.00" noise="70.49" route="routebottom" type="cfm-fast" waiting="0.00" lane="right_0" pos="13.80" speed="25.96" angle="339.61" x="125.90" y="92.53"/>
        <vehicle id="cfm-fast_3" eclass="HBEFA3/PC_G_EU4" CO2="0.00" CO="0.00" HC="0.00" NOx="0.00" PMx="0.00" fuel="0.00" electricity="0.00" noise="70.03" route="routebottom" type="cfm-fast" waiting="0.00" lane="right_0" pos="30.74" speed="24.40" angle="309.19" x="102.71" y="120.07"/>
        <vehicle id="cfm-fast_4" eclass="HBEFA3/PC_G_EU4" CO2="6485.17" CO="59.65" HC="0.43" NOx="2.43" PMx="0.12" fuel="2.79" electricity="0.00" noise="71.35" route="routebottom" type="cfm-fast" waiting="0.00" lane="right_0" pos="46.09" speed="23.52" angle="281.60" x="72.15" y="131.75"/>
        <vehicle id="cfm-fast_5" eclass="HBEFA3/PC_G_EU4" CO2="351530.65" CO="8876.63" HC="49.34" NOx="164.23" PMx="9.88" fuel="151.11" electricity="0.00" noise="155.99" route="routebottom" type="cfm-fast" waiting="0.00" lane="bottom_1" pos="41.93" speed="85.23" angle="19.02" x="126.87" y="47.26"/>
        <vehicle id="cfm-slow_0" eclass="HBEFA3/PC_G_EU4" CO2="14477.74" CO="224.72" HC="1.38" NOx="6.20" PMx="0.33" fuel="6.22" electricity="0.00" noise="75.00" route="routetop" type="cfm-slow" waiting="0.00" lane="top_0" pos="10.83" speed="23.76" angle="254.95" x="40.72" y="128.31"/>
        <vehicle id="cfm-slow_1" eclass="HBEFA3/PC_G_EU4" CO2="16537.83" CO="271.92" HC="1.65" NOx="7.13" PMx="0.39" fuel="7.11" electricity="0.00" noise="76.28" route="routetop" type="cfm-slow" waiting="0.00" lane="top_0" pos="29.80" speed="25.43" angle="220.89" x="8.43" y="104.35"/>
        <vehicle id="cfm-slow_2" eclass="HBEFA3/PC_G_EU4" CO2="15642.91" CO="261.15" HC="1.58" NOx="6.67" PMx="0.37" fuel="6.72" electricity="0.00" noise="76.11" route="routetop" type="cfm-slow" waiting="0.00" lane="left_0" pos="0.46" speed="27.20" angle="183.64" x="-4.93" y="62.57"/>
        <vehicle id="cfm-slow_3" eclass="HBEFA3/PC_G_EU4" CO2="10960.04" CO="172.72" HC="1.06" NOx="4.43" PMx="0.26" fuel="4.71" electricity="0.00" noise="74.69" route="routetop" type="cfm-slow" waiting="0.00" lane="left_0" pos="22.91" speed="28.62" angle="143.17" x="12.08" y="18.43"/>
        <vehicle id="cfm-slow_4" eclass="HBEFA3/PC_G_EU4" CO2="0.00" CO="0.00" HC="0.00" NOx="0.00" PMx="0.00" fuel="0.00" electricity="0.00" noise="73.24" route="routetop" type="cfm-slow" waiting="0.00" lane="left_0" pos="46.73" speed="29.23" angle="100.47" x="56.55" y="-4.57"/>
        <vehicle id="cfm-slow_5" eclass="HBEFA3/PC_G_EU4" CO2="0.00" CO="0.00" HC="0.00" NOx="0.00" PMx="0.00" fuel="0.00" electricity="0.00" noise="72.24" route="routebottom" type="cfm-slow" waiting="0.00" lane="bottom_0" pos="21.09" speed="28.87" angle="56.52" x="105.87" y="9.58"/>
    </timestep>
    <timestep time="6.26">
        <vehicle id="cfm-fast_0" eclass="HBEFA3/PC_G_EU4" CO2="0.00" CO="0.00" HC="0.00" NOx="0.00" PMx="0.00" fuel="0.00" electricity="0.00" noise="71.36" route="routebottom" type="cfm-fast" waiting="0.00" lane="bottom_0" pos="45.28" speed="27.70" angle="13.06" x="131.50" y="53.44"/>
        <vehicle id="cfm-fast_1" eclass="HBEFA3/PC_G_EU4" CO2="237143.45" CO="6140.43" HC="34.00" NOx="110.34" PMx="6.73" fuel="101.94" electricity="0.00" noise="135.21" route="routetop" type="cfm-fast" waiting="0.00" lane="left_1" pos="21.08" speed="77.66" angle="146.52" x="12.18" y="23.50"/>
        <vehicle id="cfm-fast_2" eclass="HBEFA3/PC_G_EU4" CO2="0.00" CO="0.00" HC="0.00" NOx="0.00" PMx="0.00" fuel="0.00" electricity="0.00" noise="70.48" route="routebottom" type="cfm-fast" waiting="0.00" lane="right_0" pos="14.06" speed="25.94" angle="339.19" x="125.67" y="93.04"/>
        <vehicle id="cfm-fast_3" eclass="HBEFA3/PC_G_EU4" CO2="0.00" CO="0.00" HC="0.00" NOx="0.00" PMx="0.00" fuel="0.00" electricity="0.00" noise="70.03" route="routebottom" type="cfm-fast" waiting="0.00" lane="right_0" pos="30.98" speed="24.39" angle="308.76" x="102.28" y="120.36"/>
        <vehicle id="cfm-fast_4" eclass="HBEFA3/PC_G_EU4" CO2="6548.25" CO="60.96" HC="0.44" NOx="2.46" PMx="0.13" fuel="2.81" electricity="0.00" noise="71.38" route="routebottom" type="cfm-fast" waiting="0.00" lane="right_0" pos="46.33" speed="23.52" angle="281.22" x="71.65" y="131.81"/>
        <vehicle id="cfm-fast_5" eclass="HBEFA3/PC_G_EU4" CO2="352180.28" CO="8897.31" HC="49.45" NOx="164.54" PMx="9.90" fuel="151.38" electricity="0.00" noise="156.06" route="routebottom" type="cfm-fast" waiting="0.00" lane="bottom_1" pos="42.78" speed="85.36" angle="17.54" x="127.28" y="48.96"/>
        <vehicle id="cfm-slow_0" eclass="HBEFA3/PC_G_EU4" CO2="14495.24" CO="225.12" HC="1.38" NOx="6.20" PMx="0.33" fuel="6.23" electricity="0.00" noise="75.01" route="routetop" type="cfm-slow" waiting="0.00" lane="top_0" pos="11.07" speed="23.78" angle="254.50" x="40.24" y="128.14"/>
        <vehicle id="cfm-slow_1" eclass="HBEFA3/PC_G_EU4" CO2="16528.90" CO="271.81" HC="1.65" NOx="7.13" PMx="0.39" fuel="7.10" electricity="0.00" noise="76.28" route="routetop" type="cfm-slow" waiting="0.00" lane="top_0" pos="30.05" speed="25.45" angle="220.42" x="8.11" y="103.91"/>
        <vehicle id="cfm-slow_2" eclass="HBEFA3/PC_G_EU4" CO2="15597.72" CO="260.30" HC="1.58" NOx="6.65" PMx="0.37" fuel="6.70" electricity="0.00" noise="76.09" route="routetop" type="cfm-slow" waiting="0.00" lane="left_0" pos="0.74" speed="27.22" angle="183.14" x="-4.91" y="61.99"/>
        <vehicle id="cfm-slow_3" eclass="HBEFA3/PC_G_EU4" CO2="10889.96" CO="171.32" HC="1.05" NOx="4.39" PMx="0.25" fuel="4.68" electricity="0.00" noise="74.67" route="routetop" type="cfm-slow" waiting="0.00" lane="left_0" pos="23.20" speed="28.62" angle="142.72" x="12.49" y="17.97"/>
        <vehicle id="cfm-slow_4" eclass="HBEFA3/PC_G_EU4" CO2="0.00" CO="0.00" HC="0.00" NOx="0.00" PMx="0.00" fuel="0.00" electricity="0.00" noise="73.22" route="routetop" type="cfm-slow" waiting="0.00" lane="left_0" pos="47.02" speed="29.22" angle="99.94" x="57.18" y="-4.63"/>
        <vehicle id="cfm-slow_5" eclass="HBEFA3/PC_G_EU4" CO2="0.00" CO="0.00" HC="0.00" NOx="0.00" PMx="0.00" fuel="0.00" electricity="0.00" noise="72.23" route="routebottom" type="cfm-slow" waiting="0.00" lane="bottom_0" pos="21.38" speed="28.86" angle="55.99" x="106.36" y="9.97"/>
    </timestep>
    <timestep time="6.27">
        <vehicle id="cfm-fast_0" eclass="HBEFA3/PC_G_EU4" CO2="0.00" CO="0.00" HC="0.00" NOx="0.00" PMx="0.00" fuel="0.00" electricity="0.00" noise="71.35" route="routebottom" type="cfm-fast" waiting="0.00" lane="bottom_0" pos="45.55" speed="27.69" angle="12.56" x="131.59" y="54.03"/>
        <vehicle id="cfm-fast_1" eclass="HBEFA3/PC_G_EU4" CO2="237838.81" CO="6159.36" HC="34.10" NOx="110.66" PMx="6.75" fuel="102.24" electricity="0.00" noise="135.33" route="routetop" type="cfm-fast" waiting="0.00" lane="left_1" pos="21.86" speed="77.76" angle="145.16" x="13.17" y="22.25"/>
        <vehicle id="cfm-fast_2" eclass="HBEFA3/PC_G_EU4" CO2="0.00" CO="0.00" HC="0.00" NOx="0.00" PMx="0.00" fuel="0.00" electricity="0.00" noise="70.48" route="routebottom" type="cfm-fast" waiting="0.00" lane="right_0" pos="14.32" speed="25.93" angle="338.70" x="125.43" y="93.54"/>
        <vehicle id="cfm-fast_3" eclass="HBEFA3/PC_G_EU4" CO2="0.00" CO="0.00" HC="0.00" NOx="0.00" PMx="0.00" fuel="0.00" electricity="0.00" noise="70.04" route="routebottom" type="cfm-fast" waiting="0.00" lane="right_0" pos="31.22" speed="24.38" angle="308.32" x="101.84" y="120.66"/>
        <vehicle id="cfm-fast_4" eclass="HBEFA3/PC_G_EU4" CO2="6611.03" CO="62.26" HC="0.45" NOx="2.49" PMx="0.13" fuel="2.84" electricity="0.00" noise="71.40" route="routebottom" type="cfm-fast" waiting="0.00" lane="right_0" pos="46.56" speed="23.53" angle="280.79" x="71.14" y="131.86"/>
        <vehicle id="cfm-fast_5" eclass="HBEFA3/PC_G_EU4" CO2="352830.20" CO="8918.02" HC="49.56" NOx="164.84" PMx="9.92" fuel="151.66" electricity="0.00" noise="156.12" route="routebottom" type="cfm-fast" waiting="0.00" lane="bottom_1" pos="43.64" speed="85.50" angle="16.08" x="127.67" y="50.67"/>
        <vehicle id="cfm-slow_0" eclass="HBEFA3/PC_G_EU4" CO2="14512.53" CO="225.51" HC="1.39" NOx="6.21" PMx="0.33" fuel="6.24" electricity="0.00" noise="75.02" route="routetop" type="cfm-slow" waiting="0.00" lane="top_0" pos="11.31" speed="23.80" angle="254.05" x="39.76" y="127.96"/>
        <vehicle id="cfm-slow_1" eclass="HBEFA3/PC_G_EU4" CO2="16519.66" CO="271.68" HC="1.65" NOx="7.12" PMx="0.39" fuel="7.10" electricity="0.00" noise="76.28" route="routetop" type="cfm-slow" waiting="0.00" lane="top_0" pos="30.31" speed="25.47" angle="219.95" x="7.79" y="103.46"/>
        <vehicle id="cfm-slow_2" eclass="HBEFA3/PC_G_EU4" CO2="15552.30" CO="259.44" HC="1.57" NOx="6.63" PMx="0.37" fuel="6.69" electricity="0.00" noise="76.08" route="routetop" type="cfm-slow" waiting="0.00" lane="left_0" pos="1.01" speed="27.23" angle="182.65" x="-4.90" y="61.40"/>
        <vehicle id="cfm-slow_3" eclass="HBEFA3/PC_G_EU4" CO2="10819.88" CO="169.92" HC="1.05" NOx="4.36" PMx="0.25" fuel="4.65" electricity="0.00" noise="74.65" route="routetop" type="cfm-slow" waiting="0.00" lane="left_0" pos="23.48" speed="28.63" angle="142.20" x="12.90" y="17.52"/>
        <vehicle id="cfm-slow_4" eclass="HBEFA3/PC_G_EU4" CO2="0.00" CO="0.00" HC="0.00" NOx="0.00" PMx="0.00" fuel="0.00" electricity="0.00" noise="73.21" route="routetop" type="cfm-slow" waiting="0.00" lane="left_0" pos="47.32" speed="29.22" angle="99.40" x="57.80" y="-4.69"/>
        <vehicle id="cfm-slow_5" eclass="HBEFA3/PC_G_EU4" CO2="0.00" CO="0.00" HC="0.00" NOx="0.00" PMx="0.00" fuel="0.00" electricity="0.00" noise="72.22" route="routebottom" type="cfm-slow" waiting="0.00" lane="bottom_0" pos="21.66" speed="28.85" angle="55.47" x="106.85" y="10.35"/>
    </timestep>
    <timestep time="6.28">
        <vehicle id="cfm-fast_0" eclass="HBEFA3/PC_G_EU4" CO2="0.00" CO="0.00" HC="0.00" NOx="0.00" PMx="0.00" fuel="0.00" electricity="0.00" noise="71.34" route="routebottom" type="cfm-fast" waiting="0.00" lane="bottom_0" pos="45.83" speed="27.67" angle="12.06" x="131.67" y="54.62"/>
        <vehicle id="cfm-fast_1" eclass="HBEFA3/PC_G_EU4" CO2="238536.74" CO="6178.36" HC="34.21" NOx="110.99" PMx="6.77" fuel="102.54" electricity="0.00" noise="135.45" route="routetop" type="cfm-fast" waiting="0.00" lane="left_1" pos="22.64" speed="77.86" angle="143.70" x="14.20" y="21.03"/>
        <vehicle id="cfm-fast_2" eclass="HBEFA3/PC_G_EU4" CO2="0.00" CO="0.00" HC="0.00" NOx="0.00" PMx="0.00" fuel="0.00" electricity="0.00" noise="70.47" route="routebottom" type="cfm-fast" waiting="0.00" lane="right_0" pos="14.58" speed="25.91" angle="338.21" x="125.18" y="94.04"/>
        <vehicle id="cfm-fast_3" eclass="HBEFA3/PC_G_EU4" CO2="0.00" CO="0.00" HC="0.00" NOx="0.00" PMx="0.00" fuel="0.00" electricity="0.00" noise="70.04" route="routebottom" type="cfm-fast" waiting="0.00" lane="right_0" pos="31.47" speed="24.38" angle="307.89" x="101.40" y="120.95"/>
        <vehicle id="cfm-fast_4" eclass="HBEFA3/PC_G_EU4" CO2="6673.51" CO="63.56" HC="0.45" NOx="2.52" PMx="0.13" fuel="2.87" electricity="0.00" noise="71.42" route="routebottom" type="cfm-fast" waiting="0.00" lane="right_0" pos="46.80" speed="23.53" angle="280.36" x="70.64" y="131.91"/>
        <vehicle id="cfm-fast_5" eclass="HBEFA3/PC_G_EU4" CO2="353480.41" CO="8938.75" HC="49.67" NOx="165.15" PMx="9.94" fuel="151.94" electricity="0.00" noise="156.19" route="routebottom" type="cfm-fast" waiting="0.00" lane="bottom_1" pos="44.49" speed="85.64" angle="14.41" x="127.99" y="52.40"/>
        <vehicle id="cfm-slow_0" eclass="HBEFA3/PC_G_EU4" CO2="14529.62" CO="225.90" HC="1.39" NOx="6.22" PMx="0.33" fuel="6.25" electricity="0.00" noise="75.03" route="routetop" type="cfm-slow" waiting="0.00" lane="top_0" pos="11.55" speed="23.82" angle="253.67" x="39.28" y="127.79"/>
        <vehicle id="cfm-slow_1" eclass="HBEFA3/PC_G_EU4" CO2="16510.11" CO="271.55" HC="1.65" NOx="7.12" PMx="0.39" fuel="7.10" electricity="0.00" noise="76.28" route="routetop" type="cfm-slow" waiting="0.00" lane="top_0" pos="30.56" speed="25.48" angle="219.47" x="7.47" y="103.02"/>
        <vehicle id="cfm-slow_2" eclass="HBEFA3/PC_G_EU4" CO2="15506.65" CO="258.57" HC="1.57" NOx="6.60" PMx="0.37" fuel="6.67" electricity="0.00" noise="76.06" route="routetop" type="cfm-slow" waiting="0.00" lane="left_0" pos="1.28" speed="27.25" angle="182.18" x="-4.88" y="60.81"/>
        <vehicle id="cfm-slow_3" eclass="HBEFA3/PC_G_EU4" CO2="10749.83" CO="168.53" HC="1.04" NOx="4.33" PMx="0.25" fuel="4.62" electricity="0.00" noise="74.63" route="routetop" type="cfm-slow" waiting="0.00" lane="left_0" pos="23.77" speed="28.64" angle="141.69" x="13.32" y="17.06"/>
        <vehicle id="cfm-slow_4" eclass="HBEFA3/PC_G_EU4" CO2="0.00" CO="0.00" HC="0.00" NOx="0.00" PMx="0.00" fuel="0.00" electricity="0.00" noise="73.20" route="routetop" type="cfm-slow" waiting="0.00" lane="left_0" pos="47.61" speed="29.22" angle="98.91" x="58.43" y="-4.75"/>
        <vehicle id="cfm-slow_5" eclass="HBEFA3/PC_G_EU4" CO2="0.00" CO="0.00" HC="0.00" NOx="0.00" PMx="0.00" fuel="0.00" electricity="0.00" noise="72.21" route="routebottom" type="cfm-slow" waiting="0.00" lane="bottom_0" pos="21.95" speed="28.84" angle="54.99" x="107.32" y="10.74"/>
    </timestep>
    <timestep time="6.29">
        <vehicle id="cfm-fast_0" eclass="HBEFA3/PC_G_EU4" CO2="0.00" CO="0.00" HC="0.00" NOx="0.00" PMx="0.00" fuel="0.00" electricity="0.00" noise="71.33" route="routebottom" type="cfm-fast" waiting="0.00" lane="bottom_0" pos="46.11" speed="27.66" angle="11.58" x="131.75" y="55.21"/>
        <vehicle id="cfm-fast_1" eclass="HBEFA3/PC_G_EU4" CO2="239237.18" CO="6197.42" HC="34.31" NOx="111.32" PMx="6.79" fuel="102.84" electricity="0.00" noise="135.57" route="routetop" type="cfm-fast" waiting="0.00" lane="left_1" pos="23.42" speed="77.96" angle="142.34" x="15.26" y="19.83"/>
        <vehicle id="cfm-fast_2" eclass="HBEFA3/PC_G_EU4" CO2="0.00" CO="0.00" HC="0.00" NOx="0.00" PMx="0.00" fuel="0.00" electricity="0.00" noise="70.47" route="routebottom" type="cfm-fast" waiting="0.00" lane="right_0" pos="14.84" speed="25.90" angle="337.72" x="124.93" y="94.53"/>
        <vehicle id="cfm-fast_3" eclass="HBEFA3/PC_G_EU4" CO2="0.00" CO="0.00" HC="0.00" NOx="0.00" PMx="0.00" fuel="0.00" electricity="0.00" noise="70.05" route="routebottom" type="cfm-fast" waiting="0.00" lane="right_0" pos="31.71" speed="24.37" angle="307.45" x="100.97" y="121.24"/>
        <vehicle id="cfm-fast_4" eclass="HBEFA3/PC_G_EU4" CO2="6735.68" CO="64.84" HC="0.46" NOx="2.55" PMx="0.13" fuel="2.90" electricity="0.00" noise="71.45" route="routebottom" type="cfm-fast" waiting="0.00" lane="right_0" pos="47.03" speed="23.53" angle="279.92" x="70.14" y="131.96"/>
        <vehicle id="cfm-fast_5" eclass="HBEFA3/PC_G_EU4" CO2="354130.91" CO="8959.50" HC="49.78" NOx="165.45" PMx="9.96" fuel="152.22" electricity="0.00" noise="156.26" route="routebottom" type="cfm-fast" waiting="0.00" lane="bottom_1" pos="45.35" speed="85.77" angle="12.87" x="128.26" y="54.13"/>
        <vehicle id="cfm-slow_0" eclass="HBEFA3/PC_G_EU4" CO2="14546.50" CO="226.29" HC="1.39" NOx="6.23" PMx="0.34" fuel="6.25" electricity="0.00" noise="75.04" route="routetop" type="cfm-slow" waiting="0.00" lane="top_0" pos="11.78" speed="23.83" angle="253.23" x="38.80" y="127.60"/>
        <vehicle id="cfm-slow_1" eclass="HBEFA3/PC_G_EU4" CO2="16500.26" CO="271.41" HC="1.65" NOx="7.11" PMx="0.39" fuel="7.09" electricity="0.00" noise="76.27" route="routetop" type="cfm-slow" waiting="0.00" lane="top_0" pos="30.82" speed="25.50" angle="219.07" x="7.15" y="102.57"/>
        <vehicle id="cfm-slow_2" eclass="HBEFA3/PC_G_EU4" CO2="15460.77" CO="257.70" HC="1.56" NOx="6.58" PMx="0.37" fuel="6.65" electricity="0.00" noise="76.04" route="routetop" type="cfm-slow" waiting="0.00" lane="left_0" pos="1.55" speed="27.26" angle="181.69" x="-4.85" y="60.23"/>
        <vehicle id="cfm-slow_3" eclass="HBEFA3/PC_G_EU4" CO2="10679.79" CO="167.13" HC="1.03" NOx="4.30" PMx="0.25" fuel="4.59" electricity="0.00" noise="74.61" route="routetop" type="cfm-slow" waiting="0.00" lane="left_0" pos="24.06" speed="28.64" angle="141.17" x="13.74" y="16.61"/>
        <vehicle id="cfm-slow_4" eclass="HBEFA3/PC_G_EU4" CO2="0.00" CO="0.00" HC="0.00" NOx="0.00" PMx="0.00" fuel="0.00" electricity="0.00" noise="73.18" route="routetop" type="cfm-slow" waiting="0.00" lane="left_0" pos="47.90" speed="29.22" angle="98.35" x="59.06" y="-4.78"/>
        <vehicle id="cfm-slow_5" eclass="HBEFA3/PC_G_EU4" CO2="0.00" CO="0.00" HC="0.00" NOx="0.00" PMx="0.00" fuel="0.00" electricity="0.00" noise="72.20" route="routebottom" type="cfm-slow" waiting="0.00" lane="bottom_0" pos="22.24" speed="28.83" angle="54.44" x="107.80" y="11.15"/>
    </timestep>
    <timestep time="6.30">
        <vehicle id="cfm-fast_0" eclass="HBEFA3/PC_G_EU4" CO2="0.00" CO="0.00" HC="0.00" NOx="0.00" PMx="0.00" fuel="0.00" electricity="0.00" noise="71.33" route="routebottom" type="cfm-fast" waiting="0.00" lane="bottom_0" pos="46.38" speed="27.64" angle="11.11" x="131.82" y="55.80"/>
        <vehicle id="cfm-fast_1" eclass="HBEFA3/PC_G_EU4" CO2="239940.11" CO="6216.56" HC="34.42" NOx="111.65" PMx="6.82" fuel="103.14" electricity="0.00" noise="135.69" route="routetop" type="cfm-fast" waiting="0.00" lane="left_1" pos="24.20" speed="78.05" angle="140.94" x="16.34" y="18.66"/>
        <vehicle id="cfm-fast_2" eclass="HBEFA3/PC_G_EU4" CO2="0.00" CO="0.00" HC="0.00" NOx="0.00" PMx="0.00" fuel="0.00" electricity="0.00" noise="70.46" route="routebottom" type="cfm-fast" waiting="0.00" lane="right_0" pos="15.10" speed="25.89" angle="337.22" x="124.68" y="95.03"/>
        <vehicle id="cfm-fast_3" eclass="HBEFA3/PC_G_EU4" CO2="0.00" CO="0.00" HC="0.00" NOx="0.00" PMx="0.00" fuel="0.00" electricity="0.00" noise="70.05" route="routebottom" type="cfm-fast" waiting="0.00" lane="right_0" pos="31.96" speed="24.36" angle="307.02" x="100.53" y="121.53"/>
        <vehicle id="cfm-fast_4" eclass="HBEFA3/PC_G_EU4" CO2="6797.55" CO="66.13" HC="0.47" NOx="2.58" PMx="0.13" fuel="2.92" electricity="0.00" noise="71.47" route="routebottom" type="cfm-fast" waiting="0.00" lane="right_0" pos="47.27" speed="23.54" angle="279.49" x="69.63" y="132.01"/>
        <vehicle id="cfm-fast_5" eclass="HBEFA3/PC_G_EU4" CO2="354781.71" CO="8980.27" HC="49.89" NOx="165.76" PMx="9.98" fuel="152.50" electricity="0.00" noise="156.32" route="routebottom" type="cfm-fast" waiting="0.00" lane="bottom_1" pos="46.21" speed="85.91" angle="11.36" x="128.51" y="55.88"/>
        <vehicle id="cfm-slow_0" eclass="HBEFA3/PC_G_EU4" CO2="14563.16" CO="226.67" HC="1.39" NOx="6.23" PMx="0.34" fuel="6.26" electricity="0.00" noise="75.06" route="routetop" type="cfm-slow" waiting="0.00" lane="top_0" pos="12.02" speed="23.85" angle="252.80" x="38.32" y="127.41"/>
        <vehicle id="cfm-slow_1" eclass="HBEFA3/PC_G_EU4" CO2="16490.10" CO="271.27" HC="1.65" NOx="7.11" PMx="0.39" fuel="7.09" electricity="0.00" noise="76.27" route="routetop" type="cfm-slow" waiting="0.00" lane="top_0" pos="31.07" speed="25.52" angle="218.61" x="6.85" y="102.11"/>
        <vehicle id="cfm-slow_2" eclass="HBEFA3/PC_G_EU4" CO2="15414.66" CO="256.83" HC="1.56" NOx="6.56" PMx="0.37" fuel="6.63" electricity="0.00" noise="76.02" route="routetop" type="cfm-slow" waiting="0.00" lane="left_0" pos="1.83" speed="27.28" angle="181.20" x="-4.82" y="59.64"/>
        <vehicle id="cfm-slow_3" eclass="HBEFA3/PC_G_EU4" CO2="10609.77" CO="165.73" HC="1.02" NOx="4.26" PMx="0.25" fuel="4.56" electricity="0.00" noise="74.59" route="routetop" type="cfm-slow" waiting="0.00" lane="left_0" pos="24.34" speed="28.65" angle="140.70" x="14.16" y="16.16"/>
        <vehicle id="cfm-slow_4" eclass="HBEFA3/PC_G_EU4" CO2="0.00" CO="0.00" HC="0.00" NOx="0.00" PMx="0.00" fuel="0.00" electricity="0.00" noise="73.17" route="routetop" type="cfm-slow" waiting="0.00" lane="left_0" pos="48.19" speed="29.22" angle="97.79" x="59.68" y="-4.82"/>
        <vehicle id="cfm-slow_5" eclass="HBEFA3/PC_G_EU4" CO2="0.00" CO="0.00" HC="0.00" NOx="0.00" PMx="0.00" fuel="0.00" electricity="0.00" noise="72.19" route="routebottom" type="cfm-slow" waiting="0.00" lane="bottom_0" pos="22.53" speed="28.82" angle="53.89" x="108.27" y="11.55"/>
    </timestep>
    <timestep time="6.31">
        <vehicle id="cfm-fast_0" eclass="HBEFA3/PC_G_EU4" CO2="0.00" CO="0.00" HC="0.00" NOx="0.00" PMx="0.00" fuel="0.00" electricity="0.00" noise="71.32" route="routebottom" type="cfm-fast" waiting="0.00" lane="bottom_0" pos="46.66" speed="27.63" angle="10.61" x="131.88" y="56.39"/>
        <vehicle id="cfm-fast_1" eclass="HBEFA3/PC_G_EU4" CO2="240645.49" CO="6235.76" HC="34.52" NOx="111.98" PMx="6.84" fuel="103.44" electricity="0.00" noise="135.82" route="routetop" type="cfm-fast" waiting="0.00" lane="left_1" pos="24.98" speed="78.15" angle="139.54" x="17.47" y="17.51"/>
        <vehicle id="cfm-fast_2" eclass="HBEFA3/PC_G_EU4" CO2="0.00" CO="0.00" HC="0.00" NOx="0.00" PMx="0.00" fuel="0.00" electricity="0.00" noise="70.46" route="routebottom" type="cfm-fast" waiting="0.00" lane="right_0" pos="15.36" speed="25.87" angle="336.80" x="124.43" y="95.53"/>
        <vehicle id="cfm-fast_3" eclass="HBEFA3/PC_G_EU4" CO2="0.00" CO="0.00" HC="0.00" NOx="0.00" PMx="0.00" fuel="0.00" electricity="0.00" noise="70.06" route="routebottom" type="cfm-fast" waiting="0.00" lane="right_0" pos="32.20" speed="24.35" angle="306.63" x="100.09" y="121.81"/>
        <vehicle id="cfm-fast_4" eclass="HBEFA3/PC_G_EU4" CO2="6859.12" CO="67.40" HC="0.48" NOx="2.61" PMx="0.13" fuel="2.95" electricity="0.00" noise="71.49" route="routebottom" type="cfm-fast" waiting="0.00" lane="right_0" pos="47.50" speed="23.54" angle="279.12" x="69.13" y="132.06"/>
        <vehicle id="cfm-fast_5" eclass="HBEFA3/PC_G_EU4" CO2="355432.79" CO="9001.06" HC="50.00" NOx="166.06" PMx="10.00" fuel="152.78" electricity="0.00" noise="156.39" route="routebottom" type="cfm-fast" waiting="0.00" lane="bottom_1" pos="47.07" speed="86.05" angle="9.83" x="128.69" y="57.63"/>
        <vehicle id="cfm-slow_0" eclass="HBEFA3/PC_G_EU4" CO2="14579.62" CO="227.04" HC="1.40" NOx="6.24" PMx="0.34" fuel="6.27" electricity="0.00" noise="75.07" route="routetop" type="cfm-slow" waiting="0.00" lane="top_0" pos="12.26" speed="23.87" angle="252.37" x="37.85" y="127.22"/>
        <vehicle id="cfm-slow_1" eclass="HBEFA3/PC_G_EU4" CO2="16479.63" CO="271.12" HC="1.64" NOx="7.10" PMx="0.39" fuel="7.08" electricity="0.00" noise="76.27" route="routetop" type="cfm-slow" waiting="0.00" lane="top_0" pos="31.33" speed="25.54" angle="218.14" x="6.55" y="101.66"/>
        <vehicle id="cfm-slow_2" eclass="HBEFA3/PC_G_EU4" CO2="15368.33" CO="255.95" HC="1.55" NOx="6.54" PMx="0.37" fuel="6.61" electricity="0.00" noise="76.01" route="routetop" type="cfm-slow" waiting="0.00" lane="left_0" pos="2.10" speed="27.29" angle="180.71" x="-4.78" y="59.06"/>
        <vehicle id="cfm-slow_3" eclass="HBEFA3/PC_G_EU4" CO2="10539.77" CO="164.33" HC="1.01" NOx="4.23" PMx="0.24" fuel="4.53" electricity="0.00" noise="74.57" route="routetop" type="cfm-slow" waiting="0.00" lane="left_0" pos="24.63" speed="28.66" angle="140.19" x="14.59" y="15.72"/>
        <vehicle id="cfm-slow_4" eclass="HBEFA3/PC_G_EU4" CO2="0.00" CO="0.00" HC="0.00" NOx="0.00" PMx="0.00" fuel="0.00" electricity="0.00" noise="73.16" route="routetop" type="cfm-slow" waiting="0.00" lane="left_0" pos="48.48" speed="29.21" angle="97.23" x="60.31" y="-4.86"/>
        <vehicle id="cfm-slow_5" eclass="HBEFA3/PC_G_EU4" CO2="0.00" CO="0.00" HC="0.00" NOx="0.00" PMx="0.00" fuel="0.00" electricity="0.00" noise="72.18" route="routebottom" type="cfm-slow" waiting="0.00" lane="bottom_0" pos="22.82" speed="28.81" angle="53.35" x="108.74" y="11.95"/>
    </timestep>
    <timestep time="6.32">
        <vehicle id="cfm-fast_0" eclass="HBEFA3/PC_G_EU4" CO2="0.00" CO="0.00" HC="0.00" NOx="0.00" PMx="0.00" fuel="0.00" electricity="0.00" noise="71.31" route="routebottom" type="cfm-fast" waiting="0.00" lane="bottom_0" pos="46.93" speed="27.61" angle="10.10" x="131.94" y="56.99"/>
        <vehicle id="cfm-fast_1" eclass="HBEFA3/PC_G_EU4" CO2="241353.26" CO="6255.02" HC="34.63" NOx="112.32" PMx="6.86" fuel="103.75" electricity="0.00" noise="135.94" route="routetop" type="cfm-fast" waiting="0.00" lane="left_1" pos="25.77" speed="78.25" angle="138.15" x="18.61" y="16.39"/>
        <vehicle id="cfm-fast_2" eclass="HBEFA3/PC_G_EU4" CO2="0.00" CO="0.00" HC="0.00" NOx="0.00" PMx="0.00" fuel="0.00" electricity="0.00" noise="70.45" route="routebottom" type="cfm-fast" waiting="0.00" lane="right_0" pos="15.62" speed="25.86" angle="336.34" x="124.16" y="96.02"/>
        <vehicle id="cfm-fast_3" eclass="HBEFA3/PC_G_EU4" CO2="0.00" CO="0.00" HC="0.00" NOx="0.00" PMx="0.00" fuel="0.00" electricity="0.00" noise="70.07" route="routebottom" type="cfm-fast" waiting="0.00" lane="right_0" pos="32.44" speed="24.34" angle="306.16" x="99.64" y="122.08"/>
        <vehicle id="cfm-fast_4" eclass="HBEFA3/PC_G_EU4" CO2="6920.38" CO="68.68" HC="0.48" NOx="2.64" PMx="0.14" fuel="2.97" electricity="0.00" noise="71.52" route="routebottom" type="cfm-fast" waiting="0.00" lane="right_0" pos="47.74" speed="23.55" angle="278.68" x="68.62" y="132.09"/>
        <vehicle id="cfm-fast_5" eclass="HBEFA3/PC_G_EU4" CO2="356084.17" CO="9021.87" HC="50.12" NOx="166.37" PMx="10.02" fuel="153.06" electricity="0.00" noise="156.45" route="routebottom" type="cfm-fast" waiting="0.00" lane="bottom_1" pos="47.93" speed="86.18" angle="8.28" x="128.83" y="59.39"/>
        <vehicle id="cfm-slow_0" eclass="HBEFA3/PC_G_EU4" CO2="14595.87" CO="227.42" HC="1.40" NOx="6.25" PMx="0.34" fuel="6.27" electricity="0.00" noise="75.08" route="routetop" type="cfm-slow" waiting="0.00" lane="top_0" pos="12.50" speed="23.88" angle="251.93" x="37.37" y="127.03"/>
        <vehicle id="cfm-slow_1" eclass="HBEFA3/PC_G_EU4" CO2="16468.85" CO="270.97" HC="1.64" NOx="7.10" PMx="0.39" fuel="7.08" electricity="0.00" noise="76.26" route="routetop" type="cfm-slow" waiting="0.00" lane="top_0" pos="31.58" speed="25.56" angle="217.68" x="6.24" y="101.20"/>
        <vehicle id="cfm-slow_2" eclass="HBEFA3/PC_G_EU4" CO2="15321.78" CO="255.07" HC="1.54" NOx="6.52" PMx="0.36" fuel="6.59" electricity="0.00" noise="75.99" route="routetop" type="cfm-slow" waiting="0.00" lane="left_0" pos="2.37" speed="27.31" angle="180.22" x="-4.75" y="58.47"/>
        <vehicle id="cfm-slow_3" eclass="HBEFA3/PC_G_EU4" CO2="10469.79" CO="162.94" HC="1.01" NOx="4.20" PMx="0.24" fuel="4.50" electricity="0.00" noise="74.55" route="routetop" type="cfm-slow" waiting="0.00" lane="left_0" pos="24.92" speed="28.67" angle="139.66" x="15.03" y="15.28"/>
        <vehicle id="cfm-slow_4" eclass="HBEFA3/PC_G_EU4" CO2="0.00" CO="0.00" HC="0.00" NOx="0.00" PMx="0.00" fuel="0.00" electricity="0.00" noise="73.15" route="routetop" type="cfm-slow" waiting="0.00" lane="left_0" pos="48.78" speed="29.21" angle="96.74" x="60.94" y="-4.89"/>
        <vehicle id="cfm-slow_5" eclass="HBEFA3/PC_G_EU4" CO2="0.00" CO="0.00" HC="0.00" NOx="0.00" PMx="0.00" fuel="0.00" electricity="0.00" noise="72.17" route="routebottom" type="cfm-slow" waiting="0.00" lane="bottom_0" pos="23.11" speed="28.80" angle="52.88" x="109.21" y="12.36"/>
    </timestep>
    <timestep time="6.33">
        <vehicle id="cfm-fast_0" eclass="HBEFA3/PC_G_EU4" CO2="0.00" CO="0.00" HC="0.00" NOx="0.00" PMx="0.00" fuel="0.00" electricity="0.00" noise="71.30" route="routebottom" type="cfm-fast" waiting="0.00" lane="bottom_0" pos="47.21" speed="27.60" angle="9.59" x="132.00" y="57.58"/>
        <vehicle id="cfm-fast_1" eclass="HBEFA3/PC_G_EU4" CO2="242063.41" CO="6274.35" HC="34.73" NOx="112.65" PMx="6.88" fuel="104.05" electricity="0.00" noise="136.06" route="routetop" type="cfm-fast" waiting="0.00" lane="left_1" pos="26.55" speed="78.35" angle="136.70" x="19.79" y="15.30"/>
        <vehicle id="cfm-fast_2" eclass="HBEFA3/PC_G_EU4" CO2="0.00" CO="0.00" HC="0.00" NOx="0.00" PMx="0.00" fuel="0.00" electricity="0.00" noise="70.45" route="routebottom" type="cfm-fast" waiting="0.00" lane="right_0" pos="15.87" speed="25.84" angle="335.87" x="123.89" y="96.50"/>
        <vehicle id="cfm-fast_3" eclass="HBEFA3/PC_G_EU4" CO2="0.00" CO="0.00" HC="0.00" NOx="0.00" PMx="0.00" fuel="0.00" electricity="0.00" noise="70.07" route="routebottom" type="cfm-fast" waiting="0.00" lane="right_0" pos="32.69" speed="24.34" angle="305.70" x="99.19" y="122.35"/>
        <vehicle id="cfm-fast_4" eclass="HBEFA3/PC_G_EU4" CO2="6981.34" CO="69.94" HC="0.49" NOx="2.66" PMx="0.14" fuel="3.00" electricity="0.00" noise="71.54" route="routebottom" type="cfm-fast" waiting="0.00" lane="right_0" pos="47.97" speed="23.55" angle="278.24" x="68.12" y="132.12"/>
        <vehicle id="cfm-fast_5" eclass="HBEFA3/PC_G_EU4" CO2="356735.84" CO="9042.71" HC="50.23" NOx="166.68" PMx="10.04" fuel="153.34" electricity="0.00" noise="156.52" route="routebottom" type="cfm-fast" waiting="0.00" lane="bottom_1" pos="48.80" speed="86.32" angle="6.68" x="128.92" y="61.16"/>
        <vehicle id="cfm-slow_0" eclass="HBEFA3/PC_G_EU4" CO2="14611.90" CO="227.79" HC="1.40" NOx="6.26" PMx="0.34" fuel="6.28" electricity="0.00" noise="75.09" route="routetop" type="cfm-slow" waiting="0.00" lane="top_0" pos="12.74" speed="23.90" angle="251.53" x="36.89" y="126.83"/>
        <vehicle id="cfm-slow_1" eclass="HBEFA3/PC_G_EU4" CO2="16457.77" CO="270.80" HC="1.64" NOx="7.09" PMx="0.39" fuel="7.07" electricity="0.00" noise="76.26" route="routetop" type="cfm-slow" waiting="0.00" lane="top_0" pos="31.84" speed="25.57" angle="217.22" x="5.94" y="100.74"/>
        <vehicle id="cfm-slow_2" eclass="HBEFA3/PC_G_EU4" CO2="15275.00" CO="254.18" HC="1.54" NOx="6.49" PMx="0.36" fuel="6.57" electricity="0.00" noise="75.97" route="routetop" type="cfm-slow" waiting="0.00" lane="left_0" pos="2.65" speed="27.32" angle="179.75" x="-4.70" y="57.88"/>
        <vehicle id="cfm-slow_3" eclass="HBEFA3/PC_G_EU4" CO2="10399.83" CO="161.54" HC="1.00" NOx="4.16" PMx="0.24" fuel="4.47" electricity="0.00" noise="74.53" route="routetop" type="cfm-slow" waiting="0.00" lane="left_0" pos="25.20" speed="28.67" angle="139.13" x="15.46" y="14.85"/>
        <vehicle id="cfm-slow_4" eclass="HBEFA3/PC_G_EU4" CO2="0.00" CO="0.00" HC="0.00" NOx="0.00" PMx="0.00" fuel="0.00" electricity="0.00" noise="73.13" route="routetop" type="cfm-slow" waiting="0.00" lane="left_0" pos="49.07" speed="29.21" angle="96.20" x="61.57" y="-4.90"/>
        <vehicle id="cfm-slow_5" eclass="HBEFA3/PC_G_EU4" CO2="0.00" CO="0.00" HC="0.00" NOx="0.00" PMx="0.00" fuel="0.00" electricity="0.00" noise="72.17" route="routebottom" type="cfm-slow" waiting="0.00" lane="bottom_0" pos="23.39" speed="28.79" angle="52.36" x="109.67" y="12.78"/>
    </timestep>
    <timestep time="6.34">
        <vehicle id="cfm-fast_0" eclass="HBEFA3/PC_G_EU4" CO2="0.00" CO="0.00" HC="0.00" NOx="0.00" PMx="0.00" fuel="0.00" electricity="0.00" noise="71.29" route="routebottom" type="cfm-fast" waiting="0.00" lane="bottom_0" pos="47.49" speed="27.58" angle="9.15" x="132.06" y="58.17"/>
        <vehicle id="cfm-fast_1" eclass="HBEFA3/PC_G_EU4" CO2="242775.88" CO="6293.75" HC="34.84" NOx="112.99" PMx="6.90" fuel="104.36" electricity="0.00" noise="136.18" route="routetop" type="cfm-fast" waiting="0.00" lane="left_1" pos="27.33" speed="78.45" angle="135.31" x="20.99" y="14.23"/>
        <vehicle id="cfm-fast_2" eclass="HBEFA3/PC_G_EU4" CO2="0.00" CO="0.00" HC="0.00" NOx="0.00" PMx="0.00" fuel="0.00" electricity="0.00" noise="70.44" route="routebottom" type="cfm-fast" waiting="0.00" lane="right_0" pos="16.13" speed="25.83" angle="335.41" x="123.62" y="96.99"/>
        <vehicle id="cfm-fast_3" eclass="HBEFA3/PC_G_EU4" CO2="0.00" CO="0.00" HC="0.00" NOx="0.00" PMx="0.00" fuel="0.00" electricity="0.00" noise="70.08" route="routebottom" type="cfm-fast" waiting="0.00" lane="right_0" pos="32.93" speed="24.33" angle="305.24" x="98.74" y="122.61"/>
        <vehicle id="cfm-fast_4" eclass="HBEFA3/PC_G_EU4" CO2="7042.00" CO="71.20" HC="0.50" NOx="2.69" PMx="0.14" fuel="3.03" electricity="0.00" noise="71.56" route="routebottom" type="cfm-fast" waiting="0.00" lane="right_0" pos="48.21" speed="23.56" angle="277.80" x="67.61" y="132.15"/>
        <vehicle id="cfm-fast_5" eclass="HBEFA3/PC_G_EU4" CO2="357387.81" CO="9063.56" HC="50.34" NOx="166.98" PMx="10.06" fuel="153.62" electricity="0.00" noise="156.58" route="routebottom" type="cfm-fast" waiting="0.00" lane="bottom_1" pos="49.66" speed="86.45" angle="5.10" x="128.96" y="62.93"/>
        <vehicle id="cfm-slow_0" eclass="HBEFA3/PC_G_EU4" CO2="14627.72" CO="228.15" HC="1.40" NOx="6.26" PMx="0.34" fuel="6.29" electricity="0.00" noise="75.10" route="routetop" type="cfm-slow" waiting="0.00" lane="top_0" pos="12.98" speed="23.92" angle="251.12" x="36.42" y="126.63"/>
        <vehicle id="cfm-slow_1" eclass="HBEFA3/PC_G_EU4" CO2="16446.37" CO="270.64" HC="1.64" NOx="7.08" PMx="0.39" fuel="7.07" electricity="0.00" noise="76.26" route="routetop" type="cfm-slow" waiting="0.00" lane="top_0" pos="32.09" speed="25.59" angle="216.82" x="5.63" y="100.28"/>
        <vehicle id="cfm-slow_2" eclass="HBEFA3/PC_G_EU4" CO2="15228.01" CO="253.29" HC="1.53" NOx="6.47" PMx="0.36" fuel="6.55" electricity="0.00" noise="75.95" route="routetop" type="cfm-slow" waiting="0.00" lane="left_0" pos="2.92" speed="27.33" angle="179.26" x="-4.64" y="57.30"/>
        <vehicle id="cfm-slow_3" eclass="HBEFA3/PC_G_EU4" CO2="10329.91" CO="160.14" HC="0.99" NOx="4.13" PMx="0.24" fuel="4.44" electricity="0.00" noise="74.51" route="routetop" type="cfm-slow" waiting="0.00" lane="left_0" pos="25.49" speed="28.68" angle="138.61" x="15.90" y="14.41"/>
        <vehicle id="cfm-slow_4" eclass="HBEFA3/PC_G_EU4" CO2="0.00" CO="0.00" HC="0.00" NOx="0.00" PMx="0.00" fuel="0.00" electricity="0.00" noise="73.12" route="routetop" type="cfm-slow" waiting="0.00" lane="left_0" pos="49.36" speed="29.21" angle="95.67" x="62.20" y="-4.92"/>
        <vehicle id="cfm-slow_5" eclass="HBEFA3/PC_G_EU4" CO2="0.00" CO="0.00" HC="0.00" NOx="0.00" PMx="0.00" fuel="0.00" electricity="0.00" noise="72.16" route="routebottom" type="cfm-slow" waiting="0.00" lane="bottom_0" pos="23.68" speed="28.78" angle="51.84" x="110.12" y="13.20"/>
    </timestep>
    <timestep time="6.35">
        <vehicle id="cfm-fast_0" eclass="HBEFA3/PC_G_EU4" CO2="0.00" CO="0.00" HC="0.00" NOx="0.00" PMx="0.00" fuel="0.00" electricity="0.00" noise="71.29" route="routebottom" type="cfm-fast" waiting="0.00" lane="bottom_0" pos="47.76" speed="27.57" angle="8.63" x="132.10" y="58.76"/>
        <vehicle id="cfm-fast_1" eclass="HBEFA3/PC_G_EU4" CO2="243490.65" CO="6313.20" HC="34.95" NOx="113.32" PMx="6.92" fuel="104.66" electricity="0.00" noise="136.31" route="routetop" type="cfm-fast" waiting="0.00" lane="left_1" pos="28.12" speed="78.55" angle="133.88" x="22.22" y="13.19"/>
        <vehicle id="cfm-fast_2" eclass="HBEFA3/PC_G_EU4" CO2="0.00" CO="0.00" HC="0.00" NOx="0.00" PMx="0.00" fuel="0.00" electricity="0.00" noise="70.44" route="routebottom" type="cfm-fast" waiting="0.00" lane="right_0" pos="16.39" speed="25.81" angle="334.94" x="123.35" y="97.47"/>
        <vehicle id="cfm-fast_3" eclass="HBEFA3/PC_G_EU4" CO2="0.00" CO="0.00" HC="0.00" NOx="0.00" PMx="0.00" fuel="0.00" electricity="0.00" noise="70.08" route="routebottom" type="cfm-fast" waiting="0.00" lane="right_0" pos="33.17" speed="24.32" angle="304.78" x="98.29" y="122.88"/>
        <vehicle id="cfm-fast_4" eclass="HBEFA3/PC_G_EU4" CO2="7102.36" CO="72.45" HC="0.51" NOx="2.72" PMx="0.14" fuel="3.05" electricity="0.00" noise="71.59" route="routebottom" type="cfm-fast" waiting="0.00" lane="right_0" pos="48.44" speed="23.56" angle="277.36" x="67.10" y="132.18"/>
        <vehicle id="cfm-fast_5" eclass="HBEFA3/PC_G_EU4" CO2="358040.06" CO="9084.44" HC="50.45" NOx="167.29" PMx="10.08" fuel="153.90" electricity="0.00" noise="156.65" route="routebottom" type="cfm-fast" waiting="0.00" lane="right_1" pos="0.53" speed="86.59" angle="3.53" x="128.95" y="64.77"/>
        <vehicle id="cfm-slow_0" eclass="HBEFA3/PC_G_EU4" CO2="14643.32" CO="228.51" HC="1.40" NOx="6.27" PMx="0.34" fuel="6.29" electricity="0.00" noise="75.11" route="routetop" type="cfm-slow" waiting="0.00" lane="top_0" pos="13.22" speed="23.93" angle="250.69" x="35.95" y="126.42"/>
        <vehicle id="cfm-slow_1" eclass="HBEFA3/PC_G_EU4" CO2="16434.68" CO="270.46" HC="1.64" NOx="7.08" PMx="0.39" fuel="7.06" electricity="0.00" noise="76.25" route="routetop" type="cfm-slow" waiting="0.00" lane="top_0" pos="32.35" speed="25.61" angle="216.33" x="5.35" y="99.81"/>
        <vehicle id="cfm-slow_2" eclass="HBEFA3/PC_G_EU4" CO2="15180.80" CO="252.39" HC="1.53" NOx="6.45" PMx="0.36" fuel="6.53" electricity="0.00" noise="75.94" route="routetop" type="cfm-slow" waiting="0.00" lane="left_0" pos="3.19" speed="27.35" angle="178.77" x="-4.58" y="56.71"/>
        <vehicle id="cfm-slow_3" eclass="HBEFA3/PC_G_EU4" CO2="10260.01" CO="158.74" HC="0.98" NOx="4.10" PMx="0.24" fuel="4.41" electricity="0.00" noise="74.50" route="routetop" type="cfm-slow" waiting="0.00" lane="left_0" pos="25.78" speed="28.68" angle="138.14" x="16.34" y="13.98"/>
        <vehicle id="cfm-slow_4" eclass="HBEFA3/PC_G_EU4" CO2="0.00" CO="0.00" HC="0.00" NOx="0.00" PMx="0.00" fuel="0.00" electricity="0.00" noise="73.11" route="routetop" type="cfm-slow" waiting="0.00" lane="left_0" pos="49.65" speed="29.20" angle="95.14" x="62.82" y="-4.93"/>
        <vehicle id="cfm-slow_5" eclass="HBEFA3/PC_G_EU4" CO2="0.00" CO="0.00" HC="0.00" NOx="0.00" PMx="0.00" fuel="0.00" electricity="0.00" noise="72.15" route="routebottom" type="cfm-slow" waiting="0.00" lane="bottom_0" pos="23.97" speed="28.77" angle="51.32" x="110.58" y="13.61"/>
    </timestep>
    <timestep time="6.36">
        <vehicle id="cfm-fast_0" eclass="HBEFA3/PC_G_EU4" CO2="0.00" CO="0.00" HC="0.00" NOx="0.00" PMx="0.00" fuel="0.00" electricity="0.00" noise="71.28" route="routebottom" type="cfm-fast" waiting="0.00" lane="bottom_0" pos="48.04" speed="27.55" angle="8.12" x="132.13" y="59.35"/>
        <vehicle id="cfm-fast_1" eclass="HBEFA3/PC_G_EU4" CO2="244207.66" CO="6332.73" HC="35.05" NOx="113.66" PMx="6.94" fuel="104.97" electricity="0.00" noise="136.43" route="routetop" type="cfm-fast" waiting="0.00" lane="left_1" pos="28.91" speed="78.65" angle="132.46" x="23.48" y="12.19"/>
        <vehicle id="cfm-fast_2" eclass="HBEFA3/PC_G_EU4" CO2="0.00" CO="0.00" HC="0.00" NOx="0.00" PMx="0.00" fuel="0.00" electricity="0.00" noise="70.43" route="routebottom" type="cfm-fast" waiting="0.00" lane="right_0" pos="16.65" speed="25.80" angle="334.52" x="123.08" y="97.96"/>
        <vehicle id="cfm-fast_3" eclass="HBEFA3/PC_G_EU4" CO2="0.00" CO="0.00" HC="0.00" NOx="0.00" PMx="0.00" fuel="0.00" electricity="0.00" noise="70.09" route="routebottom" type="cfm-fast" waiting="0.00" lane="right_0" pos="33.42" speed="24.31" angle="304.38" x="97.84" y="123.15"/>
        <vehicle id="cfm-fast_4" eclass="HBEFA3/PC_G_EU4" CO2="7162.41" CO="73.70" HC="0.51" NOx="2.75" PMx="0.14" fuel="3.08" electricity="0.00" noise="71.61" route="routebottom" type="cfm-fast" waiting="0.00" lane="right_0" pos="48.68" speed="23.57" angle="276.94" x="66.60" y="132.21"/>
        <vehicle id="cfm-fast_5" eclass="HBEFA3/PC_G_EU4" CO2="358692.61" CO="9105.34" HC="50.56" NOx="167.60" PMx="10.10" fuel="154.18" electricity="0.00" noise="156.72" route="routebottom" type="cfm-fast" waiting="0.00" lane="right_1" pos="1.39" speed="86.73" angle="1.99" x="128.91" y="66.55"/>
        <vehicle id="cfm-slow_0" eclass="HBEFA3/PC_G_EU4" CO2="14658.71" CO="228.87" HC="1.41" NOx="6.28" PMx="0.34" fuel="6.30" electricity="0.00" noise="75.12" route="routetop" type="cfm-slow" waiting="0.00" lane="top_0" pos="13.46" speed="23.95" angle="250.25" x="35.48" y="126.21"/>
        <vehicle id="cfm-slow_1" eclass="HBEFA3/PC_G_EU4" CO2="16422.67" CO="270.28" HC="1.64" NOx="7.07" PMx="0.39" fuel="7.06" electricity="0.00" noise="76.25" route="routetop" type="cfm-slow" waiting="0.00" lane="top_0" pos="32.61" speed="25.63" angle="215.85" x="5.07" y="99.34"/>
        <vehicle id="cfm-slow_2" eclass="HBEFA3/PC_G_EU4" CO2="15133.37" CO="251.49" HC="1.52" NOx="6.42" PMx="0.36" fuel="6.51" electricity="0.00" noise="75.92" route="routetop" type="cfm-slow" waiting="0.00" lane="left_0" pos="3.47" speed="27.36" angle="178.28" x="-4.52" y="56.13"/>
        <vehicle id="cfm-slow_3" eclass="HBEFA3/PC_G_EU4" CO2="10190.14" CO="157.34" HC="0.97" NOx="4.06" PMx="0.24" fuel="4.38" electricity="0.00" noise="74.48" route="routetop" type="cfm-slow" waiting="0.00" lane="left_0" pos="26.06" speed="28.69" angle="137.61" x="16.80" y="13.57"/>
        <vehicle id="cfm-slow_4" eclass="HBEFA3/PC_G_EU4" CO2="0.00" CO="0.00" HC="0.00" NOx="0.00" PMx="0.00" fuel="0.00" electricity="0.00" noise="73.10" route="routetop" type="cfm-slow" waiting="0.00" lane="left_0" pos="49.95" speed="29.20" angle="94.62" x="63.45" y="-4.95"/>
        <vehicle id="cfm-slow_5" eclass="HBEFA3/PC_G_EU4" CO2="0.00" CO="0.00" HC="0.00" NOx="0.00" PMx="0.00" fuel="0.00" electricity="0.00" noise="72.14" route="routebottom" type="cfm-slow" waiting="0.00" lane="bottom_0" pos="24.26" speed="28.76" angle="50.82" x="111.03" y="14.03"/>
    </timestep>
    <timestep time="6.37">
        <vehicle id="cfm-fast_0" eclass="HBEFA3/PC_G_EU4" CO2="0.00" CO="0.00" HC="0.00" NOx="0.00" PMx="0.00" fuel="0.00" electricity="0.00" noise="71.27" route="routebottom" type="cfm-fast" waiting="0.00" lane="bottom_0" pos="48.31" speed="27.53" angle="7.60" x="132.16" y="59.94"/>
        <vehicle id="cfm-fast_1" eclass="HBEFA3/PC_G_EU4" CO2="244926.90" CO="6352.31" HC="35.16" NOx="114.00" PMx="6.96" fuel="105.28" electricity="0.00" noise="136.55" route="routetop" type="cfm-fast" waiting="0.00" lane="left_1" pos="29.69" speed="78.74" angle="131.06" x="24.77" y="11.21"/>
        <vehicle id="cfm-fast_2" eclass="HBEFA3/PC_G_EU4" CO2="0.00" CO="0.00" HC="0.00" NOx="0.00" PMx="0.00" fuel="0.00" electricity="0.00" noise="70.43" route="routebottom" type="cfm-fast" waiting="0.00" lane="right_0" pos="16.91" speed="25.79" angle="334.06" x="122.80" y="98.44"/>
        <vehicle id="cfm-fast_3" eclass="HBEFA3/PC_G_EU4" CO2="0.00" CO="0.00" HC="0.00" NOx="0.00" PMx="0.00" fuel="0.00" electricity="0.00" noise="70.10" route="routebottom" type="cfm-fast" waiting="0.00" lane="right_0" pos="33.66" speed="24.31" angle="303.94" x="97.38" y="123.40"/>
        <vehicle id="cfm-fast_4" eclass="HBEFA3/PC_G_EU4" CO2="7222.15" CO="74.94" HC="0.52" NOx="2.78" PMx="0.14" fuel="3.10" electricity="0.00" noise="71.63" route="routebottom" type="cfm-fast" waiting="0.00" lane="right_0" pos="48.92" speed="23.57" angle="276.54" x="66.09" y="132.23"/>
        <vehicle id="cfm-fast_5" eclass="HBEFA3/PC_G_EU4" CO2="359345.45" CO="9126.26" HC="50.68" NOx="167.90" PMx="10.12" fuel="154.46" electricity="0.00" noise="156.78" route="routebottom" type="cfm-fast" waiting="0.00" lane="right_1" pos="2.26" speed="86.86" angle="0.41" x="128.80" y="68.32"/>
        <vehicle id="cfm-slow_0" eclass="HBEFA3/PC_G_EU4" CO2="14673.87" CO="229.22" HC="1.41" NOx="6.28" PMx="0.34" fuel="6.31" electricity="0.00" noise="75.13" route="routetop" type="cfm-slow" waiting="0.00" lane="top_0" pos="13.70" speed="23.97" angle="249.81" x="35.01" y="126.00"/>
        <vehicle id="cfm-slow_1" eclass="HBEFA3/PC_G_EU4" CO2="16410.36" CO="270.09" HC="1.64" NOx="7.07" PMx="0.39" fuel="7.05" electricity="0.00" noise="76.24" route="routetop" type="cfm-slow" waiting="0.00" lane="top_0" pos="32.86" speed="25.65" angle="215.36" x="4.78" y="98.86"/>
        <vehicle id="cfm-slow_2" eclass="HBEFA3/PC_G_EU4" CO2="15085.73" CO="250.58" HC="1.52" NOx="6.40" PMx="0.36" fuel="6.48" electricity="0.00" noise="75.90" route="routetop" type="cfm-slow" waiting="0.00" lane="left_0" pos="3.74" speed="27.38" angle="177.79" x="-4.47" y="55.54"/>
        <vehicle id="cfm-slow_3" eclass="HBEFA3/PC_G_EU4" CO2="10120.30" CO="155.95" HC="0.97" NOx="4.03" PMx="0.23" fuel="4.35" electricity="0.00" noise="74.46" route="routetop" type="cfm-slow" waiting="0.00" lane="left_0" pos="26.35" speed="28.70" angle="137.08" x="17.25" y="13.15"/>
        <vehicle id="cfm-slow_4" eclass="HBEFA3/PC_G_EU4" CO2="0.00" CO="0.00" HC="0.00" NOx="0.00" PMx="0.00" fuel="0.00" electricity="0.00" noise="73.09" route="routebottom" type="cfm-slow" waiting="0.00" lane="bottom_0" pos="0.24" speed="29.20" angle="94.04" x="64.27" y="-4.94"/>
        <vehicle id="cfm-slow_5" eclass="HBEFA3/PC_G_EU4" CO2="0.00" CO="0.00" HC="0.00" NOx="0.00" PMx="0.00" fuel="0.00" electricity="0.00" noise="72.13" route="routebottom" type="cfm-slow" waiting="0.00" lane="bottom_0" pos="24.54" speed="28.75" angle="50.33" x="111.48" y="14.47"/>
    </timestep>
    <timestep time="6.38">
        <vehicle id="cfm-fast_0" eclass="HBEFA3/PC_G_EU4" CO2="0.00" CO="0.00" HC="0.00" NOx="0.00" PMx="0.00" fuel="0.00" electricity="0.00" noise="71.26" route="routebottom" type="cfm-fast" waiting="0.00" lane="bottom_0" pos="48.59" speed="27.52" angle="7.08" x="132.20" y="60.53"/>
        <vehicle id="cfm-fast_1" eclass="HBEFA3/PC_G_EU4" CO2="245648.32" CO="6371.95" HC="35.27" NOx="114.34" PMx="6.98" fuel="105.59" electricity="0.00" noise="136.68" route="routetop" type="cfm-fast" waiting="0.00" lane="left_1" pos="30.48" speed="78.84" angle="129.59" x="26.08" y="10.27"/>
        <vehicle id="cfm-fast_2" eclass="HBEFA3/PC_G_EU4" CO2="0.00" CO="0.00" HC="0.00" NOx="0.00" PMx="0.00" fuel="0.00" electricity="0.00" noise="70.42" route="routebottom" type="cfm-fast" waiting="0.00" lane="right_0" pos="17.16" speed="25.77" angle="333.59" x="122.51" y="98.91"/>
        <vehicle id="cfm-fast_3" eclass="HBEFA3/PC_G_EU4" CO2="0.00" CO="0.00" HC="0.00" NOx="0.00" PMx="0.00" fuel="0.00" electricity="0.00" noise="70.10" route="routebottom" type="cfm-fast" waiting="0.00" lane="right_0" pos="33.90" speed="24.30" angle="303.50" x="96.92" y="123.65"/>
        <vehicle id="cfm-fast_4" eclass="HBEFA3/PC_G_EU4" CO2="7281.59" CO="76.18" HC="0.53" NOx="2.80" PMx="0.15" fuel="3.13" electricity="0.00" noise="71.66" route="routebottom" type="cfm-fast" waiting="0.00" lane="right_0" pos="49.15" speed="23.58" angle="276.10" x="65.58" y="132.24"/>
        <vehicle id="cfm-fast_5" eclass="HBEFA3/PC_G_EU4" CO2="359998.58" CO="9147.20" HC="50.79" NOx="168.21" PMx="10.14" fuel="154.75" electricity="0.00" noise="156.85" route="routebottom" type="cfm-fast" waiting="0.00" lane="right_1" pos="3.13" speed="87.00" angle="358.88" x="128.65" y="70.10"/>
        <vehicle id="cfm-slow_0" eclass="HBEFA3/PC_G_EU4" CO2="14688.82" CO="229.57" HC="1.41" NOx="6.29" PMx="0.34" fuel="6.31" electricity="0.00" noise="75.14" route="routetop" type="cfm-slow" waiting="0.00" lane="top_0" pos="13.94" speed="23.99" angle="249.37" x="34.54" y="125.79"/>
        <vehicle id="cfm-slow_1" eclass="HBEFA3/PC_G_EU4" CO2="16397.74" CO="269.90" HC="1.64" NOx="7.06" PMx="0.39" fuel="7.05" electricity="0.00" noise="76.24" route="routetop" type="cfm-slow" waiting="0.00" lane="top_0" pos="33.12" speed="25.66" angle="214.88" x="4.50" y="98.39"/>
        <vehicle id="cfm-slow_2" eclass="HBEFA3/PC_G_EU4" CO2="15037.88" CO="249.67" HC="1.51" NOx="6.38" PMx="0.36" fuel="6.46" electricity="0.00" noise="75.88" route="routetop" type="cfm-slow" waiting="0.00" lane="left_0" pos="4.01" speed="27.39" angle="177.31" x="-4.39" y="54.96"/>
        <vehicle id="cfm-slow_3" eclass="HBEFA3/PC_G_EU4" CO2="10050.50" CO="154.55" HC="0.96" NOx="4.00" PMx="0.23" fuel="4.32" electricity="0.00" noise="74.44" route="routetop" type="cfm-slow" waiting="0.00" lane="left_0" pos="26.64" speed="28.70" angle="136.55" x="17.71" y="12.73"/>
        <vehicle id="cfm-slow_4" eclass="HBEFA3/PC_G_EU4" CO2="0.00" CO="0.00" HC="0.00" NOx="0.00" PMx="0.00" fuel="0.00" electricity="0.00" noise="73.07" route="routebottom" type="cfm-slow" waiting="0.00" lane="bottom_0" pos="0.53" speed="29.19" angle="93.51" x="64.90" y="-4.92"/>
        <vehicle id="cfm-slow_5" eclass="HBEFA3/PC_G_EU4" CO2="0.00" CO="0.00" HC="0.00" NOx="0.00" PMx="0.00" fuel="0.00" electricity="0.00" noise="72.12" route="routebottom" type="cfm-slow" waiting="0.00" lane="bottom_0" pos="24.83" speed="28.74" angle="49.80" x="111.91" y="14.90"/>
    </timestep>
    <timestep time="6.39">
        <vehicle id="cfm-fast_0" eclass="HBEFA3/PC_G_EU4" CO2="0.00" CO="0.00" HC="0.00" NOx="0.00" PMx="0.00" fuel="0.00" electricity="0.00" noise="71.25" route="routebottom" type="cfm-fast" waiting="0.00" lane="bottom_0" pos="48.86" speed="27.50" angle="6.63" x="132.22" y="61.12"/>
        <vehicle id="cfm-fast_1" eclass="HBEFA3/PC_G_EU4" CO2="246371.89" CO="6391.66" HC="35.38" NOx="114.68" PMx="7.00" fuel="105.90" electricity="0.00" noise="136.80" route="routetop" type="cfm-fast" waiting="0.00" lane="left_1" pos="31.27" speed="78.94" angle="128.22" x="27.41" y="9.35"/>
        <vehicle id="cfm-fast_2" eclass="HBEFA3/PC_G_EU4" CO2="0.00" CO="0.00" HC="0.00" NOx="0.00" PMx="0.00" fuel="0.00" electricity="0.00" noise="70.42" route="routebottom" type="cfm-fast" waiting="0.00" lane="right_0" pos="17.42" speed="25.76" angle="333.13" x="122.23" y="99.39"/>
        <vehicle id="cfm-fast_3" eclass="HBEFA3/PC_G_EU4" CO2="0.00" CO="0.00" HC="0.00" NOx="0.00" PMx="0.00" fuel="0.00" electricity="0.00" noise="70.11" route="routebottom" type="cfm-fast" waiting="0.00" lane="right_0" pos="34.14" speed="24.29" angle="303.06" x="96.47" y="123.91"/>
        <vehicle id="cfm-fast_4" eclass="HBEFA3/PC_G_EU4" CO2="7340.73" CO="77.40" HC="0.53" NOx="2.83" PMx="0.15" fuel="3.16" electricity="0.00" noise="71.68" route="routebottom" type="cfm-fast" waiting="0.00" lane="right_0" pos="49.39" speed="23.59" angle="275.66" x="65.08" y="132.25"/>
        <vehicle id="cfm-fast_5" eclass="HBEFA3/PC_G_EU4" CO2="360652.00" CO="9168.17" HC="50.90" NOx="168.52" PMx="10.16" fuel="155.03" electricity="0.00" noise="156.91" route="routebottom" type="cfm-fast" waiting="0.00" lane="right_1" pos="4.00" speed="87.14" angle="357.33" x="128.45" y="71.88"/>
        <vehicle id="cfm-slow_0" eclass="HBEFA3/PC_G_EU4" CO2="14703.55" CO="229.91" HC="1.41" NOx="6.30" PMx="0.34" fuel="6.32" electricity="0.00" noise="75.15" route="routetop" type="cfm-slow" waiting="0.00" lane="top_0" pos="14.18" speed="24.00" angle="248.99" x="34.07" y="125.57"/>
        <vehicle id="cfm-slow_1" eclass="HBEFA3/PC_G_EU4" CO2="16384.82" CO="269.70" HC="1.64" NOx="7.05" PMx="0.39" fuel="7.04" electricity="0.00" noise="76.23" route="routetop" type="cfm-slow" waiting="0.00" lane="top_0" pos="33.38" speed="25.68" angle="214.46" x="4.22" y="97.91"/>
        <vehicle id="cfm-slow_2" eclass="HBEFA3/PC_G_EU4" CO2="14989.82" CO="248.75" HC="1.51" NOx="6.36" PMx="0.36" fuel="6.44" electricity="0.00" noise="75.86" route="routetop" type="cfm-slow" waiting="0.00" lane="left_0" pos="4.29" speed="27.41" angle="176.82" x="-4.31" y="54.37"/>
        <vehicle id="cfm-slow_3" eclass="HBEFA3/PC_G_EU4" CO2="9980.74" CO="153.15" HC="0.95" NOx="3.96" PMx="0.23" fuel="4.29" electricity="0.00" noise="74.42" route="routetop" type="cfm-slow" waiting="0.00" lane="left_0" pos="26.92" speed="28.71" angle="136.08" x="18.16" y="12.31"/>
        <vehicle id="cfm-slow_4" eclass="HBEFA3/PC_G_EU4" CO2="0.00" CO="0.00" HC="0.00" NOx="0.00" PMx="0.00" fuel="0.00" electricity="0.00" noise="73.06" route="routebottom" type="cfm-slow" waiting="0.00" lane="bottom_0" pos="0.82" speed="29.19" angle="92.99" x="65.53" y="-4.91"/>
        <vehicle id="cfm-slow_5" eclass="HBEFA3/PC_G_EU4" CO2="0.00" CO="0.00" HC="0.00" NOx="0.00" PMx="0.00" fuel="0.00" electricity="0.00" noise="72.11" route="routebottom" type="cfm-slow" waiting="0.00" lane="bottom_0" pos="25.12" speed="28.73" angle="49.26" x="112.35" y="15.34"/>
    </timestep>
    <timestep time="6.40">
        <vehicle id="cfm-fast_0" eclass="HBEFA3/PC_G_EU4" CO2="0.00" CO="0.00" HC="0.00" NOx="0.00" PMx="0.00" fuel="0.00" electricity="0.00" noise="71.24" route="routebottom" type="cfm-fast" waiting="0.00" lane="bottom_0" pos="49.14" speed="27.49" angle="6.11" x="132.24" y="61.72"/>
        <vehicle id="cfm-fast_1" eclass="HBEFA3/PC_G_EU4" CO2="247097.57" CO="6411.42" HC="35.49" NOx="115.02" PMx="7.02" fuel="106.22" electricity="0.00" noise="136.93" route="routetop" type="cfm-fast" waiting="0.00" lane="left_1" pos="32.06" speed="79.04" angle="126.85" x="28.76" y="8.45"/>
        <vehicle id="cfm-fast_2" eclass="HBEFA3/PC_G_EU4" CO2="0.00" CO="0.00" HC="0.00" NOx="0.00" PMx="0.00" fuel="0.00" electricity="0.00" noise="70.41" route="routebottom" type="cfm-fast" waiting="0.00" lane="right_0" pos="17.68" speed="25.75" angle="332.66" x="121.94" y="99.86"/>
        <vehicle id="cfm-fast_3" eclass="HBEFA3/PC_G_EU4" CO2="0.00" CO="0.00" HC="0.00" NOx="0.00" PMx="0.00" fuel="0.00" electricity="0.00" noise="70.12" route="routebottom" type="cfm-fast" waiting="0.00" lane="right_0" pos="34.39" speed="24.29" angle="302.62" x="96.01" y="124.16"/>
        <vehicle id="cfm-fast_4" eclass="HBEFA3/PC_G_EU4" CO2="7399.56" CO="78.63" HC="0.54" NOx="2.86" PMx="0.15" fuel="3.18" electricity="0.00" noise="71.70" route="routebottom" type="cfm-fast" waiting="0.00" lane="right_0" pos="49.62" speed="23.59" angle="275.22" x="64.57" y="132.25"/>
        <vehicle id="cfm-fast_5" eclass="HBEFA3/PC_G_EU4" CO2="361305.71" CO="9189.15" HC="51.01" NOx="168.82" PMx="10.18" fuel="155.31" electricity="0.00" noise="156.98" route="routebottom" type="cfm-fast" waiting="0.00" lane="right_1" pos="4.88" speed="87.27" angle="355.74" x="128.20" y="73.65"/>
        <vehicle id="cfm-slow_0" eclass="HBEFA3/PC_G_EU4" CO2="14718.06" CO="230.25" HC="1.41" NOx="6.30" PMx="0.34" fuel="6.33" electricity="0.00" noise="75.16" route="routetop" type="cfm-slow" waiting="0.00" lane="top_0" pos="14.42" speed="24.02" angle="248.53" x="33.61" y="125.34"/>
        <vehicle id="cfm-slow_1" eclass="HBEFA3/PC_G_EU4" CO2="16371.60" CO="269.50" HC="1.63" NOx="7.05" PMx="0.39" fuel="7.04" electricity="0.00" noise="76.23" route="routetop" type="cfm-slow" waiting="0.00" lane="top_0" pos="33.63" speed="25.70" angle="213.99" x="3.95" y="97.43"/>
        <vehicle id="cfm-slow_2" eclass="HBEFA3/PC_G_EU4" CO2="14941.55" CO="247.83" HC="1.50" NOx="6.33" PMx="0.36" fuel="6.42" electricity="0.00" noise="75.85" route="routetop" type="cfm-slow" waiting="0.00" lane="left_0" pos="4.56" speed="27.42" angle="176.32" x="-4.23" y="53.79"/>
        <vehicle id="cfm-slow_3" eclass="HBEFA3/PC_G_EU4" CO2="9911.01" CO="151.75" HC="0.94" NOx="3.93" PMx="0.23" fuel="4.26" electricity="0.00" noise="74.40" route="routetop" type="cfm-slow" waiting="0.00" lane="left_0" pos="27.21" speed="28.72" angle="135.54" x="18.63" y="11.91"/>
        <vehicle id="cfm-slow_4" eclass="HBEFA3/PC_G_EU4" CO2="0.00" CO="0.00" HC="0.00" NOx="0.00" PMx="0.00" fuel="0.00" electricity="0.00" noise="73.05" route="routebottom" type="cfm-slow" waiting="0.00" lane="bottom_0" pos="1.11" speed="29.19" angle="92.46" x="66.15" y="-4.90"/>
        <vehicle id="cfm-slow_5" eclass="HBEFA3/PC_G_EU4" CO2="0.00" CO="0.00" HC="0.00" NOx="0.00" PMx="0.00" fuel="0.00" electricity="0.00" noise="72.10" route="routebottom" type="cfm-slow" waiting="0.00" lane="bottom_0" pos="25.41" speed="28.72" angle="48.73" x="112.79" y="15.78"/>
    </timestep>
    <timestep time="6.41">
        <vehicle id="cfm-fast_0" eclass="HBEFA3/PC_G_EU4" CO2="0.00" CO="0.00" HC="0.00" NOx="0.00" PMx="0.00" fuel="0.00" electricity="0.00" noise="71.24" route="routebottom" type="cfm-fast" waiting="0.00" lane="bottom_0" pos="49.41" speed="27.47" angle="5.60" x="132.25" y="62.31"/>
        <vehicle id="cfm-fast_1" eclass="HBEFA3/PC_G_EU4" CO2="247825.32" CO="6431.25" HC="35.59" NOx="115.36" PMx="7.04" fuel="106.53" electricity="0.00" noise="137.05" route="routetop" type="cfm-fast" waiting="0.00" lane="left_1" pos="32.85" speed="79.14" angle="125.37" x="30.15" y="7.62"/>
        <vehicle id="cfm-fast_2" eclass="HBEFA3/PC_G_EU4" CO2="0.00" CO="0.00" HC="0.00" NOx="0.00" PMx="0.00" fuel="0.00" electricity="0.00" noise="70.41" route="routebottom" type="cfm-fast" waiting="0.00" lane="right_0" pos="17.94" speed="25.73" angle="332.27" x="121.66" y="100.34"/>
        <vehicle id="cfm-fast_3" eclass="HBEFA3/PC_G_EU4" CO2="0.00" CO="0.00" HC="0.00" NOx="0.00" PMx="0.00" fuel="0.00" electricity="0.00" noise="70.13" route="routebottom" type="cfm-fast" waiting="0.00" lane="right_0" pos="34.63" speed="24.28" angle="302.24" x="95.55" y="124.41"/>
        <vehicle id="cfm-fast_4" eclass="HBEFA3/PC_G_EU4" CO2="7458.09" CO="79.84" HC="0.55" NOx="2.89" PMx="0.15" fuel="3.21" electricity="0.00" noise="71.73" route="routebottom" type="cfm-fast" waiting="0.00" lane="right_0" pos="49.86" speed="23.60" angle="274.78" x="64.06" y="132.26"/>
        <vehicle id="cfm-fast_5" eclass="HBEFA3/PC_G_EU4" CO2="361959.72" CO="9210.16" HC="51.13" NOx="169.13" PMx="10.20" fuel="155.59" electricity="0.00" noise="157.05" route="routebottom" type="cfm-fast" waiting="0.00" lane="right_1" pos="5.75" speed="87.41" angle="354.16" x="127.90" y="75.41"/>
        <vehicle id="cfm-slow_0" eclass="HBEFA3/PC_G_EU4" CO2="14732.35" CO="230.59" HC="1.42" NOx="6.31" PMx="0.34" fuel="6.33" electricity="0.00" noise="75.17" route="routetop" type="cfm-slow" waiting="0.00" lane="top_0" pos="14.66" speed="24.04" angle="248.07" x="33.15" y="125.10"/>
        <vehicle id="cfm-slow_1" eclass="HBEFA3/PC_G_EU4" CO2="16358.06" CO="269.29" HC="1.63" NOx="7.04" PMx="0.39" fuel="7.03" electricity="0.00" noise="76.23" route="routetop" type="cfm-slow" waiting="0.00" lane="top_0" pos="33.89" speed="25.72" angle="213.52" x="3.68" y="96.95"/>
        <vehicle id="cfm-slow_2" eclass="HBEFA3/PC_G_EU4" CO2="14893.08" CO="246.90" HC="1.50" NOx="6.31" PMx="0.35" fuel="6.40" electricity="0.00" noise="75.83" route="routetop" type="cfm-slow" waiting="0.00" lane="left_0" pos="4.84" speed="27.43" angle="175.82" x="-4.15" y="53.20"/>
        <vehicle id="cfm-slow_3" eclass="HBEFA3/PC_G_EU4" CO2="9841.32" CO="150.36" HC="0.93" NOx="3.90" PMx="0.23" fuel="4.23" electricity="0.00" noise="74.38" route="routetop" type="cfm-slow" waiting="0.00" lane="left_0" pos="27.50" speed="28.72" angle="135.00" x="19.10" y="11.51"/>
        <vehicle id="cfm-slow_4" eclass="HBEFA3/PC_G_EU4" CO2="0.00" CO="0.00" HC="0.00" NOx="0.00" PMx="0.00" fuel="0.00" electricity="0.00" noise="73.04" route="routebottom" type="cfm-slow" waiting="0.00" lane="bottom_0" pos="1.40" speed="29.18" angle="91.95" x="66.78" y="-4.87"/>
        <vehicle id="cfm-slow_5" eclass="HBEFA3/PC_G_EU4" CO2="0.00" CO="0.00" HC="0.00" NOx="0.00" PMx="0.00" fuel="0.00" electricity="0.00" noise="72.09" route="routebottom" type="cfm-slow" waiting="0.00" lane="bottom_0" pos="25.69" speed="28.71" angle="48.26" x="113.22" y="16.22"/>
    </timestep>
    <timestep time="6.42">
        <vehicle id="cfm-fast_0" eclass="HBEFA3/PC_G_EU4" CO2="0.00" CO="0.00" HC="0.00" NOx="0.00" PMx="0.00" fuel="0.00" electricity="0.00" noise="71.23" route="routebottom" type="cfm-fast" waiting="0.00" lane="bottom_0" pos="49.69" speed="27.46" angle="5.09" x="132.26" y="62.90"/>
        <vehicle id="cfm-fast_1" eclass="HBEFA3/PC_G_EU4" CO2="248555.12" CO="6451.13" HC="35.70" NOx="115.70" PMx="7.06" fuel="106.84" electricity="0.00" noise="137.17" route="routetop" type="cfm-fast" waiting="0.00" lane="left_1" pos="33.64" speed="79.24" angle="123.97" x="31.56" y="6.80"/>
        <vehicle id="cfm-fast_2" eclass="HBEFA3/PC_G_EU4" CO2="0.00" CO="0.00" HC="0.00" NOx="0.00" PMx="0.00" fuel="0.00" electricity="0.00" noise="70.40" route="routebottom" type="cfm-fast" waiting="0.00" lane="right_0" pos="18.19" speed="25.72" angle="331.76" x="121.35" y="100.80"/>
        <vehicle id="cfm-fast_3" eclass="HBEFA3/PC_G_EU4" CO2="0.00" CO="0.00" HC="0.00" NOx="0.00" PMx="0.00" fuel="0.00" electricity="0.00" noise="70.13" route="routebottom" type="cfm-fast" waiting="0.00" lane="right_0" pos="34.87" speed="24.27" angle="301.80" x="95.09" y="124.65"/>
        <vehicle id="cfm-fast_4" eclass="HBEFA3/PC_G_EU4" CO2="7516.32" CO="81.05" HC="0.55" NOx="2.92" PMx="0.15" fuel="3.23" electricity="0.00" noise="71.75" route="routetop" type="cfm-fast" waiting="0.00" lane="top_0" pos="0.10" speed="23.60" angle="274.30" x="63.36" y="132.27"/>
        <vehicle id="cfm-fast_5" eclass="HBEFA3/PC_G_EU4" CO2="362614.02" CO="9231.19" HC="51.24" NOx="169.44" PMx="10.22" fuel="155.87" electricity="0.00" noise="157.11" route="routebottom" type="cfm-fast" waiting="0.00" lane="right_1" pos="6.63" speed="87.55" angle="352.58" x="127.56" y="77.18"/>
        <vehicle id="cfm-slow_0" eclass="HBEFA3/PC_G_EU4" CO2="14746.41" CO="230.92" HC="1.42" NOx="6.32" PMx="0.34" fuel="6.34" electricity="0.00" noise="75.18" route="routetop" type="cfm-slow" waiting="0.00" lane="top_0" pos="14.90" speed="24.05" angle="247.61" x="32.68" y="124.87"/>
        <vehicle id="cfm-slow_1" eclass="HBEFA3/PC_G_EU4" CO2="16344.23" CO="269.07" HC="1.63" NOx="7.03" PMx="0.39" fuel="7.03" electricity="0.00" noise="76.22" route="routetop" type="cfm-slow" waiting="0.00" lane="top_0" pos="34.15" speed="25.73" angle="213.06" x="3.41" y="96.46"/>
        <vehicle id="cfm-slow_2" eclass="HBEFA3/PC_G_EU4" CO2="14844.40" CO="245.97" HC="1.49" NOx="6.29" PMx="0.35" fuel="6.38" electricity="0.00" noise="75.81" route="routetop" type="cfm-slow" waiting="0.00" lane="left_0" pos="5.11" speed="27.45" angle="175.29" x="-4.06" y="52.62"/>
        <vehicle id="cfm-slow_3" eclass="HBEFA3/PC_G_EU4" CO2="9771.68" CO="148.96" HC="0.93" NOx="3.86" PMx="0.23" fuel="4.20" electricity="0.00" noise="74.37" route="routetop" type="cfm-slow" waiting="0.00" lane="left_0" pos="27.79" speed="28.73" angle="134.47" x="19.57" y="11.11"/>
        <vehicle id="cfm-slow_4" eclass="HBEFA3/PC_G_EU4" CO2="0.00" CO="0.00" HC="0.00" NOx="0.00" PMx="0.00" fuel="0.00" electricity="0.00" noise="73.03" route="routebottom" type="cfm-slow" waiting="0.00" lane="bottom_0" pos="1.70" speed="29.18" angle="91.43" x="67.41" y="-4.83"/>
        <vehicle id="cfm-slow_5" eclass="HBEFA3/PC_G_EU4" CO2="0.00" CO="0.00" HC="0.00" NOx="0.00" PMx="0.00" fuel="0.00" electricity="0.00" noise="72.09" route="routebottom" type="cfm-slow" waiting="0.00" lane="bottom_0" pos="25.98" speed="28.69" angle="47.74" x="113.64" y="16.67"/>
    </timestep>
    <timestep time="6.43">
        <vehicle id="cfm-fast_0" eclass="HBEFA3/PC_G_EU4" CO2="0.00" CO="0.00" HC="0.00" NOx="0.00" PMx="0.00" fuel="0.00" electricity="0.00" noise="71.22" route="routebottom" type="cfm-fast" waiting="0.00" lane="bottom_0" pos="49.96" speed="27.44" angle="4.60" x="132.27" y="63.49"/>
        <vehicle id="cfm-fast_1" eclass="HBEFA3/PC_G_EU4" CO2="249286.93" CO="6471.08" HC="35.81" NOx="116.05" PMx="7.08" fuel="107.16" electricity="0.00" noise="137.30" route="routetop" type="cfm-fast" waiting="0.00" lane="left_1" pos="34.44" speed="79.34" angle="122.54" x="32.98" y="6.01"/>
        <vehicle id="cfm-fast_2" eclass="HBEFA3/PC_G_EU4" CO2="0.00" CO="0.00" HC="0.00" NOx="0.00" PMx="0.00" fuel="0.00" electricity="0.00" noise="70.40" route="routebottom" type="cfm-fast" waiting="0.00" lane="right_0" pos="18.45" speed="25.71" angle="331.26" x="121.04" y="101.26"/>
        <vehicle id="cfm-fast_3" eclass="HBEFA3/PC_G_EU4" CO2="0.00" CO="0.00" HC="0.00" NOx="0.00" PMx="0.00" fuel="0.00" electricity="0.00" noise="70.14" route="routebottom" type="cfm-fast" waiting="0.00" lane="right_0" pos="35.12" speed="24.27" angle="301.36" x="94.62" y="124.88"/>
        <vehicle id="cfm-fast_4" eclass="HBEFA3/PC_G_EU4" CO2="7574.24" CO="82.26" HC="0.56" NOx="2.94" PMx="0.15" fuel="3.26" electricity="0.00" noise="71.78" route="routetop" type="cfm-fast" waiting="0.00" lane="top_0" pos="0.33" speed="23.61" angle="273.87" x="62.86" y="132.26"/>
        <vehicle id="cfm-fast_5" eclass="HBEFA3/PC_G_EU4" CO2="363268.61" CO="9252.24" HC="51.35" NOx="169.75" PMx="10.24" fuel="156.15" electricity="0.00" noise="157.18" route="routebottom" type="cfm-fast" waiting="0.00" lane="right_1" pos="7.50" speed="87.68" angle="350.90" x="127.15" y="78.93"/>
        <vehicle id="cfm-slow_0" eclass="HBEFA3/PC_G_EU4" CO2="14760.25" CO="231.25" HC="1.42" NOx="6.32" PMx="0.34" fuel="6.34" electricity="0.00" noise="75.19" route="routetop" type="cfm-slow" waiting="0.00" lane="top_0" pos="15.14" speed="24.07" angle="247.15" x="32.22" y="124.64"/>
        <vehicle id="cfm-slow_1" eclass="HBEFA3/PC_G_EU4" CO2="16330.09" CO="268.85" HC="1.63" NOx="7.03" PMx="0.39" fuel="7.02" electricity="0.00" noise="76.22" route="routetop" type="cfm-slow" waiting="0.00" lane="top_0" pos="34.41" speed="25.75" angle="212.59" x="3.14" y="95.98"/>
        <vehicle id="cfm-slow_2" eclass="HBEFA3/PC_G_EU4" CO2="14795.52" CO="245.04" HC="1.49" NOx="6.26" PMx="0.35" fuel="6.36" electricity="0.00" noise="75.79" route="routetop" type="cfm-slow" waiting="0.00" lane="left_0" pos="5.39" speed="27.46" angle="174.79" x="-3.96" y="52.04"/>
        <vehicle id="cfm-slow_3" eclass="HBEFA3/PC_G_EU4" CO2="9702.08" CO="147.56" HC="0.92" NOx="3.83" PMx="0.22" fuel="4.17" electricity="0.00" noise="74.35" route="routetop" type="cfm-slow" waiting="0.00" lane="left_0" pos="28.07" speed="28.73" angle="133.93" x="20.05" y="10.71"/>
        <vehicle id="cfm-slow_4" eclass="HBEFA3/PC_G_EU4" CO2="0.00" CO="0.00" HC="0.00" NOx="0.00" PMx="0.00" fuel="0.00" electricity="0.00" noise="73.01" route="routebottom" type="cfm-slow" waiting="0.00" lane="bottom_0" pos="1.99" speed="29.18" angle="90.91" x="68.03" y="-4.80"/>
        <vehicle id="cfm-slow_5" eclass="HBEFA3/PC_G_EU4" CO2="0.00" CO="0.00" HC="0.00" NOx="0.00" PMx="0.00" fuel="0.00" electricity="0.00" noise="72.08" route="routebottom" type="cfm-slow" waiting="0.00" lane="bottom_0" pos="26.27" speed="28.68" angle="47.21" x="114.06" y="17.12"/>
    </timestep>
    <timestep time="6.44">
        <vehicle id="cfm-fast_0" eclass="HBEFA3/PC_G_EU4" CO2="0.00" CO="0.00" HC="0.00" NOx="0.00" PMx="0.00" fuel="0.00" electricity="0.00" noise="71.21" route="routebottom" type="cfm-fast" waiting="0.00" lane="right_0" pos="0.24" speed="27.43" angle="4.04" x="132.26" y="64.27"/>
        <vehicle id="cfm-fast_1" eclass="HBEFA3/PC_G_EU4" CO2="250020.71" CO="6491.07" HC="35.92" NOx="116.39" PMx="7.11" fuel="107.47" electricity="0.00" noise="137.42" route="routetop" type="cfm-fast" waiting="0.00" lane="left_1" pos="35.23" speed="79.44" angle="121.15" x="34.43" y="5.27"/>
        <vehicle id="cfm-fast_2" eclass="HBEFA3/PC_G_EU4" CO2="0.00" CO="0.00" HC="0.00" NOx="0.00" PMx="0.00" fuel="0.00" electricity="0.00" noise="70.40" route="routebottom" type="cfm-fast" waiting="0.00" lane="right_0" pos="18.71" speed="25.69" angle="330.76" x="120.74" y="101.72"/>
        <vehicle id="cfm-fast_3" eclass="HBEFA3/PC_G_EU4" CO2="0.00" CO="0.00" HC="0.00" NOx="0.00" PMx="0.00" fuel="0.00" electricity="0.00" noise="70.15" route="routebottom" type="cfm-fast" waiting="0.00" lane="right_0" pos="35.36" speed="24.26" angle="300.92" x="94.15" y="125.12"/>
        <vehicle id="cfm-fast_4" eclass="HBEFA3/PC_G_EU4" CO2="7631.85" CO="83.46" HC="0.57" NOx="2.97" PMx="0.15" fuel="3.28" electricity="0.00" noise="71.80" route="routetop" type="cfm-fast" waiting="0.00" lane="top_0" pos="0.57" speed="23.61" angle="273.45" x="62.35" y="132.25"/>
        <vehicle id="cfm-fast_5" eclass="HBEFA3/PC_G_EU4" CO2="363923.49" CO="9273.31" HC="51.46" NOx="170.05" PMx="10.26" fuel="156.43" electricity="0.00" noise="157.24" route="routebottom" type="cfm-fast" waiting="0.00" lane="right_1" pos="8.38" speed="87.82" angle="349.37" x="126.71" y="80.67"/>
        <vehicle id="cfm-slow_0" eclass="HBEFA3/PC_G_EU4" CO2="14773.87" CO="231.57" HC="1.42" NOx="6.33" PMx="0.34" fuel="6.35" electricity="0.00" noise="75.20" route="routetop" type="cfm-slow" waiting="0.00" lane="top_0" pos="15.38" speed="24.09" angle="246.77" x="31.76" y="124.40"/>
        <vehicle id="cfm-slow_1" eclass="HBEFA3/PC_G_EU4" CO2="16315.65" CO="268.62" HC="1.63" NOx="7.02" PMx="0.39" fuel="7.01" electricity="0.00" noise="76.21" route="routetop" type="cfm-slow" waiting="0.00" lane="top_0" pos="34.66" speed="25.77" angle="212.18" x="2.88" y="95.49"/>
        <vehicle id="cfm-slow_2" eclass="HBEFA3/PC_G_EU4" CO2="14746.44" CO="244.10" HC="1.48" NOx="6.24" PMx="0.35" fuel="6.34" electricity="0.00" noise="75.78" route="routetop" type="cfm-slow" waiting="0.00" lane="left_0" pos="5.66" speed="27.47" angle="174.29" x="-3.85" y="51.46"/>
        <vehicle id="cfm-slow_3" eclass="HBEFA3/PC_G_EU4" CO2="9632.53" CO="146.17" HC="0.91" NOx="3.80" PMx="0.22" fuel="4.14" electricity="0.00" noise="74.33" route="routetop" type="cfm-slow" waiting="0.00" lane="left_0" pos="28.36" speed="28.74" angle="133.46" x="20.52" y="10.32"/>
        <vehicle id="cfm-slow_4" eclass="HBEFA3/PC_G_EU4" CO2="0.00" CO="0.00" HC="0.00" NOx="0.00" PMx="0.00" fuel="0.00" electricity="0.00" noise="73.00" route="routebottom" type="cfm-slow" waiting="0.00" lane="bottom_0" pos="2.28" speed="29.17" angle="90.38" x="68.66" y="-4.76"/>
        <vehicle id="cfm-slow_5" eclass="HBEFA3/PC_G_EU4" CO2="0.00" CO="0.00" HC="0.00" NOx="0.00" PMx="0.00" fuel="0.00" electricity="0.00" noise="72.07" route="routebottom" type="cfm-slow" waiting="0.00" lane="bottom_0" pos="26.55" speed="28.67" angle="46.69" x="114.48" y="17.57"/>
    </timestep>
    <timestep time="6.45">
        <vehicle id="cfm-fast_0" eclass="HBEFA3/PC_G_EU4" CO2="0.00" CO="0.00" HC="0.00" NOx="0.00" PMx="0.00" fuel="0.00" electricity="0.00" noise="71.20" route="routebottom" type="cfm-fast" waiting="0.00" lane="right_0" pos="0.51" speed="27.41" angle="3.54" x="132.25" y="64.86"/>
        <vehicle id="cfm-fast_1" eclass="HBEFA3/PC_G_EU4" CO2="250756.44" CO="6511.13" HC="36.03" NOx="116.74" PMx="7.13" fuel="107.79" electricity="0.00" noise="137.55" route="routetop" type="cfm-fast" waiting="0.00" lane="left_1" pos="36.03" speed="79.55" angle="119.74" x="35.89" y="4.55"/>
        <vehicle id="cfm-fast_2" eclass="HBEFA3/PC_G_EU4" CO2="0.00" CO="0.00" HC="0.00" NOx="0.00" PMx="0.00" fuel="0.00" electricity="0.00" noise="70.39" route="routebottom" type="cfm-fast" waiting="0.00" lane="right_0" pos="18.96" speed="25.68" angle="330.26" x="120.43" y="102.18"/>
        <vehicle id="cfm-fast_3" eclass="HBEFA3/PC_G_EU4" CO2="0.00" CO="0.00" HC="0.00" NOx="0.00" PMx="0.00" fuel="0.00" electricity="0.00" noise="70.16" route="routebottom" type="cfm-fast" waiting="0.00" lane="right_0" pos="35.60" speed="24.25" angle="300.48" x="93.69" y="125.35"/>
        <vehicle id="cfm-fast_4" eclass="HBEFA3/PC_G_EU4" CO2="7689.16" CO="84.65" HC="0.58" NOx="3.00" PMx="0.16" fuel="3.31" electricity="0.00" noise="71.82" route="routetop" type="cfm-fast" waiting="0.00" lane="top_0" pos="0.80" speed="23.62" angle="273.02" x="61.84" y="132.24"/>
        <vehicle id="cfm-fast_5" eclass="HBEFA3/PC_G_EU4" CO2="364578.67" CO="9294.40" HC="51.58" NOx="170.36" PMx="10.28" fuel="156.71" electricity="0.00" noise="157.31" route="routebottom" type="cfm-fast" waiting="0.00" lane="right_1" pos="9.26" speed="87.95" angle="347.84" x="126.22" y="82.41"/>
        <vehicle id="cfm-slow_0" eclass="HBEFA3/PC_G_EU4" CO2="14787.26" CO="231.88" HC="1.42" NOx="6.33" PMx="0.34" fuel="6.36" electricity="0.00" noise="75.21" route="routetop" type="cfm-slow" waiting="0.00" lane="top_0" pos="15.62" speed="24.11" angle="246.33" x="31.30" y="124.15"/>
        <vehicle id="cfm-slow_1" eclass="HBEFA3/PC_G_EU4" CO2="16300.90" CO="268.38" HC="1.63" NOx="7.01" PMx="0.39" fuel="7.01" electricity="0.00" noise="76.20" route="routetop" type="cfm-slow" waiting="0.00" lane="top_0" pos="34.92" speed="25.79" angle="211.71" x="2.63" y="95.00"/>
        <vehicle id="cfm-slow_2" eclass="HBEFA3/PC_G_EU4" CO2="14697.16" CO="243.16" HC="1.48" NOx="6.22" PMx="0.35" fuel="6.32" electricity="0.00" noise="75.76" route="routetop" type="cfm-slow" waiting="0.00" lane="left_0" pos="5.94" speed="27.49" angle="173.79" x="-3.74" y="50.87"/>
        <vehicle id="cfm-slow_3" eclass="HBEFA3/PC_G_EU4" CO2="9563.03" CO="144.77" HC="0.90" NOx="3.77" PMx="0.22" fuel="4.11" electricity="0.00" noise="74.31" route="routetop" type="cfm-slow" waiting="0.00" lane="left_0" pos="28.65" speed="28.75" angle="132.93" x="21.01" y="9.94"/>
        <vehicle id="cfm-slow_4" eclass="HBEFA3/PC_G_EU4" CO2="0.00" CO="0.00" HC="0.00" NOx="0.00" PMx="0.00" fuel="0.00" electricity="0.00" noise="72.99" route="routebottom" type="cfm-slow" waiting="0.00" lane="bottom_0" pos="2.57" speed="29.17" angle="89.88" x="69.29" y="-4.72"/>
        <vehicle id="cfm-slow_5" eclass="HBEFA3/PC_G_EU4" CO2="0.00" CO="0.00" HC="0.00" NOx="0.00" PMx="0.00" fuel="0.00" electricity="0.00" noise="72.06" route="routebottom" type="cfm-slow" waiting="0.00" lane="bottom_0" pos="26.84" speed="28.66" angle="46.19" x="114.90" y="18.03"/>
    </timestep>
    <timestep time="6.46">
        <vehicle id="cfm-fast_0" eclass="HBEFA3/PC_G_EU4" CO2="0.00" CO="0.00" HC="0.00" NOx="0.00" PMx="0.00" fuel="0.00" electricity="0.00" noise="71.20" route="routebottom" type="cfm-fast" waiting="0.00" lane="right_0" pos="0.78" speed="27.40" angle="3.05" x="132.24" y="65.45"/>
        <vehicle id="cfm-fast_1" eclass="HBEFA3/PC_G_EU4" CO2="251494.08" CO="6531.24" HC="36.14" NOx="117.09" PMx="7.15" fuel="108.11" electricity="0.00" noise="137.67" route="routetop" type="cfm-fast" waiting="0.00" lane="left_1" pos="36.82" speed="79.65" angle="118.22" x="37.38" y="3.88"/>
        <vehicle id="cfm-fast_2" eclass="HBEFA3/PC_G_EU4" CO2="0.00" CO="0.00" HC="0.00" NOx="0.00" PMx="0.00" fuel="0.00" electricity="0.00" noise="70.39" route="routebottom" type="cfm-fast" waiting="0.00" lane="right_0" pos="19.22" speed="25.67" angle="329.84" x="120.12" y="102.64"/>
        <vehicle id="cfm-fast_3" eclass="HBEFA3/PC_G_EU4" CO2="0.00" CO="0.00" HC="0.00" NOx="0.00" PMx="0.00" fuel="0.00" electricity="0.00" noise="70.17" route="routebottom" type="cfm-fast" waiting="0.00" lane="right_0" pos="35.84" speed="24.25" angle="300.07" x="93.22" y="125.58"/>
        <vehicle id="cfm-fast_4" eclass="HBEFA3/PC_G_EU4" CO2="7746.17" CO="85.84" HC="0.58" NOx="3.02" PMx="0.16" fuel="3.33" electricity="0.00" noise="71.85" route="routetop" type="cfm-fast" waiting="0.00" lane="top_0" pos="1.04" speed="23.63" angle="272.59" x="61.33" y="132.23"/>
        <vehicle id="cfm-fast_5" eclass="HBEFA3/PC_G_EU4" CO2="365234.13" CO="9315.52" HC="51.69" NOx="170.67" PMx="10.30" fuel="157.00" electricity="0.00" noise="157.38" route="routebottom" type="cfm-fast" waiting="0.00" lane="right_1" pos="10.14" speed="88.09" angle="346.25" x="125.69" y="84.14"/>
        <vehicle id="cfm-slow_0" eclass="HBEFA3/PC_G_EU4" CO2="14800.42" CO="232.20" HC="1.42" NOx="6.34" PMx="0.34" fuel="6.36" electricity="0.00" noise="75.22" route="routetop" type="cfm-slow" waiting="0.00" lane="top_0" pos="15.86" speed="24.12" angle="245.90" x="30.85" y="123.90"/>
        <vehicle id="cfm-slow_1" eclass="HBEFA3/PC_G_EU4" CO2="16285.86" CO="268.14" HC="1.63" NOx="7.00" PMx="0.39" fuel="7.00" electricity="0.00" noise="76.20" route="routetop" type="cfm-slow" waiting="0.00" lane="top_0" pos="35.18" speed="25.80" angle="211.23" x="2.38" y="94.50"/>
        <vehicle id="cfm-slow_2" eclass="HBEFA3/PC_G_EU4" CO2="14647.69" CO="242.21" HC="1.47" NOx="6.19" PMx="0.35" fuel="6.30" electricity="0.00" noise="75.74" route="routetop" type="cfm-slow" waiting="0.00" lane="left_0" pos="6.21" speed="27.50" angle="173.29" x="-3.63" y="50.29"/>
        <vehicle id="cfm-slow_3" eclass="HBEFA3/PC_G_EU4" CO2="9493.57" CO="143.38" HC="0.89" NOx="3.73" PMx="0.22" fuel="4.08" electricity="0.00" noise="74.29" route="routetop" type="cfm-slow" waiting="0.00" lane="left_0" pos="28.94" speed="28.75" angle="132.39" x="21.50" y="9.56"/>
        <vehicle id="cfm-slow_4" eclass="HBEFA3/PC_G_EU4" CO2="0.00" CO="0.00" HC="0.00" NOx="0.00" PMx="0.00" fuel="0.00" electricity="0.00" noise="72.98" route="routebottom" type="cfm-slow" waiting="0.00" lane="bottom_0" pos="2.86" speed="29.17" angle="89.36" x="69.91" y="-4.66"/>
        <vehicle id="cfm-slow_5" eclass="HBEFA3/PC_G_EU4" CO2="0.00" CO="0.00" HC="0.00" NOx="0.00" PMx="0.00" fuel="0.00" electricity="0.00" noise="72.05" route="routebottom" type="cfm-slow" waiting="0.00" lane="bottom_0" pos="27.13" speed="28.65" angle="45.70" x="115.30" y="18.49"/>
    </timestep>
    <timestep time="6.47">
        <vehicle id="cfm-fast_0" eclass="HBEFA3/PC_G_EU4" CO2="0.00" CO="0.00" HC="0.00" NOx="0.00" PMx="0.00" fuel="0.00" electricity="0.00" noise="71.19" route="routebottom" type="cfm-fast" waiting="0.00" lane="right_0" pos="1.06" speed="27.38" angle="2.55" x="132.23" y="66.04"/>
        <vehicle id="cfm-fast_1" eclass="HBEFA3/PC_G_EU4" CO2="252233.60" CO="6551.41" HC="36.25" NOx="117.43" PMx="7.17" fuel="108.42" electricity="0.00" noise="137.80" route="routetop" type="cfm-fast" waiting="0.00" lane="left_1" pos="37.62" speed="79.75" angle="116.79" x="38.89" y="3.24"/>
        <vehicle id="cfm-fast_2" eclass="HBEFA3/PC_G_EU4" CO2="0.00" CO="0.00" HC="0.00" NOx="0.00" PMx="0.00" fuel="0.00" electricity="0.00" noise="70.38" route="routebottom" type="cfm-fast" waiting="0.00" lane="right_0" pos="19.48" speed="25.65" angle="329.37" x="119.80" y="103.08"/>
        <vehicle id="cfm-fast_3" eclass="HBEFA3/PC_G_EU4" CO2="0.00" CO="0.00" HC="0.00" NOx="0.00" PMx="0.00" fuel="0.00" electricity="0.00" noise="70.17" route="routebottom" type="cfm-fast" waiting="0.00" lane="right_0" pos="36.09" speed="24.24" angle="299.64" x="92.75" y="125.80"/>
        <vehicle id="cfm-fast_4" eclass="HBEFA3/PC_G_EU4" CO2="7802.87" CO="87.02" HC="0.59" NOx="3.05" PMx="0.16" fuel="3.35" electricity="0.00" noise="71.87" route="routetop" type="cfm-fast" waiting="0.00" lane="top_0" pos="1.28" speed="23.63" angle="272.18" x="60.82" y="132.21"/>
        <vehicle id="cfm-fast_5" eclass="HBEFA3/PC_G_EU4" CO2="365889.89" CO="9336.66" HC="51.80" NOx="170.98" PMx="10.32" fuel="157.28" electricity="0.00" noise="157.44" route="routebottom" type="cfm-fast" waiting="0.00" lane="right_1" pos="11.02" speed="88.23" angle="344.60" x="125.08" y="85.84"/>
        <vehicle id="cfm-slow_0" eclass="HBEFA3/PC_G_EU4" CO2="14813.35" CO="232.51" HC="1.43" NOx="6.35" PMx="0.34" fuel="6.37" electricity="0.00" noise="75.23" route="routetop" type="cfm-slow" waiting="0.00" lane="top_0" pos="16.10" speed="24.14" angle="245.46" x="30.40" y="123.65"/>
        <vehicle id="cfm-slow_1" eclass="HBEFA3/PC_G_EU4" CO2="16270.51" CO="267.89" HC="1.63" NOx="7.00" PMx="0.39" fuel="6.99" electricity="0.00" noise="76.19" route="routetop" type="cfm-slow" waiting="0.00" lane="top_0" pos="35.44" speed="25.82" angle="210.75" x="2.13" y="94.00"/>
        <vehicle id="cfm-slow_2" eclass="HBEFA3/PC_G_EU4" CO2="14598.03" CO="241.26" HC="1.46" NOx="6.17" PMx="0.35" fuel="6.27" electricity="0.00" noise="75.72" route="routetop" type="cfm-slow" waiting="0.00" lane="left_0" pos="6.49" speed="27.51" angle="172.83" x="-3.52" y="49.71"/>
        <vehicle id="cfm-slow_3" eclass="HBEFA3/PC_G_EU4" CO2="9424.17" CO="141.98" HC="0.88" NOx="3.70" PMx="0.22" fuel="4.05" electricity="0.00" noise="74.28" route="routetop" type="cfm-slow" waiting="0.00" lane="left_0" pos="29.22" speed="28.76" angle="131.86" x="21.99" y="9.17"/>
        <vehicle id="cfm-slow_4" eclass="HBEFA3/PC_G_EU4" CO2="0.00" CO="0.00" HC="0.00" NOx="0.00" PMx="0.00" fuel="0.00" electricity="0.00" noise="72.97" route="routebottom" type="cfm-slow" waiting="0.00" lane="bottom_0" pos="3.15" speed="29.16" angle="88.84" x="70.54" y="-4.59"/>
        <vehicle id="cfm-slow_5" eclass="HBEFA3/PC_G_EU4" CO2="0.00" CO="0.00" HC="0.00" NOx="0.00" PMx="0.00" fuel="0.00" electricity="0.00" noise="72.04" route="routebottom" type="cfm-slow" waiting="0.00" lane="bottom_0" pos="27.41" speed="28.64" angle="45.17" x="115.70" y="18.96"/>
    </timestep>
    <timestep time="6.48">
        <vehicle id="cfm-fast_0" eclass="HBEFA3/PC_G_EU4" CO2="0.00" CO="0.00" HC="0.00" NOx="0.00" PMx="0.00" fuel="0.00" electricity="0.00" noise="71.18" route="routebottom" type="cfm-fast" waiting="0.00" lane="right_0" pos="1.33" speed="27.37" angle="2.08" x="132.21" y="66.62"/>
        <vehicle id="cfm-fast_1" eclass="HBEFA3/PC_G_EU4" CO2="252974.96" CO="6571.64" HC="36.37" NOx="117.78" PMx="7.19" fuel="108.74" electricity="0.00" noise="137.92" route="routetop" type="cfm-fast" waiting="0.00" lane="left_1" pos="38.42" speed="79.85" angle="115.33" x="40.41" y="2.64"/>
        <vehicle id="cfm-fast_2" eclass="HBEFA3/PC_G_EU4" CO2="0.00" CO="0.00" HC="0.00" NOx="0.00" PMx="0.00" fuel="0.00" electricity="0.00" noise="70.38" route="routebottom" type="cfm-fast" waiting="0.00" lane="right_0" pos="19.73" speed="25.64" angle="328.91" x="119.48" y="103.53"/>
        <vehicle id="cfm-fast_3" eclass="HBEFA3/PC_G_EU4" CO2="0.00" CO="0.00" HC="0.00" NOx="0.00" PMx="0.00" fuel="0.00" electricity="0.00" noise="70.18" route="routebottom" type="cfm-fast" waiting="0.00" lane="right_0" pos="36.33" speed="24.23" angle="299.17" x="92.27" y="126.02"/>
        <vehicle id="cfm-fast_4" eclass="HBEFA3/PC_G_EU4" CO2="7859.27" CO="88.19" HC="0.60" NOx="3.08" PMx="0.16" fuel="3.38" electricity="0.00" noise="71.89" route="routetop" type="cfm-fast" waiting="0.00" lane="top_0" pos="1.51" speed="23.64" angle="271.76" x="60.32" y="132.19"/>
        <vehicle id="cfm-fast_5" eclass="HBEFA3/PC_G_EU4" CO2="366545.94" CO="9357.81" HC="51.92" NOx="171.29" PMx="10.34" fuel="157.56" electricity="0.00" noise="157.51" route="routebottom" type="cfm-fast" waiting="0.00" lane="right_1" pos="11.91" speed="88.36" angle="343.02" x="124.44" y="87.53"/>
        <vehicle id="cfm-slow_0" eclass="HBEFA3/PC_G_EU4" CO2="14826.05" CO="232.81" HC="1.43" NOx="6.35" PMx="0.34" fuel="6.37" electricity="0.00" noise="75.24" route="routetop" type="cfm-slow" waiting="0.00" lane="top_0" pos="16.34" speed="24.16" angle="245.03" x="29.94" y="123.40"/>
        <vehicle id="cfm-slow_1" eclass="HBEFA3/PC_G_EU4" CO2="16254.86" CO="267.64" HC="1.62" NOx="6.99" PMx="0.38" fuel="6.99" electricity="0.00" noise="76.19" route="routetop" type="cfm-slow" waiting="0.00" lane="top_0" pos="35.70" speed="25.84" angle="210.27" x="1.89" y="93.50"/>
        <vehicle id="cfm-slow_2" eclass="HBEFA3/PC_G_EU4" CO2="14548.17" CO="240.30" HC="1.46" NOx="6.15" PMx="0.35" fuel="6.25" electricity="0.00" noise="75.70" route="routetop" type="cfm-slow" waiting="0.00" lane="left_0" pos="6.76" speed="27.53" angle="172.30" x="-3.39" y="49.14"/>
        <vehicle id="cfm-slow_3" eclass="HBEFA3/PC_G_EU4" CO2="9354.83" CO="140.59" HC="0.88" NOx="3.67" PMx="0.21" fuel="4.02" electricity="0.00" noise="74.26" route="routetop" type="cfm-slow" waiting="0.00" lane="left_0" pos="29.51" speed="28.76" angle="131.39" x="22.47" y="8.79"/>
        <vehicle id="cfm-slow_4" eclass="HBEFA3/PC_G_EU4" CO2="0.00" CO="0.00" HC="0.00" NOx="0.00" PMx="0.00" fuel="0.00" electricity="0.00" noise="72.96" route="routebottom" type="cfm-slow" waiting="0.00" lane="bottom_0" pos="3.45" speed="29.16" angle="88.31" x="71.16" y="-4.53"/>
        <vehicle id="cfm-slow_5" eclass="HBEFA3/PC_G_EU4" CO2="0.00" CO="0.00" HC="0.00" NOx="0.00" PMx="0.00" fuel="0.00" electricity="0.00" noise="72.03" route="routebottom" type="cfm-slow" waiting="0.00" lane="bottom_0" pos="27.70" speed="28.63" angle="44.63" x="116.10" y="19.43"/>
    </timestep>
    <timestep time="6.49">
        <vehicle id="cfm-fast_0" eclass="HBEFA3/PC_G_EU4" CO2="0.00" CO="0.00" HC="0.00" NOx="0.00" PMx="0.00" fuel="0.00" electricity="0.00" noise="71.17" route="routebottom" type="cfm-fast" waiting="0.00" lane="right_0" pos="1.60" speed="27.35" angle="1.59" x="132.17" y="67.21"/>
        <vehicle id="cfm-fast_1" eclass="HBEFA3/PC_G_EU4" CO2="253718.14" CO="6591.91" HC="36.48" NOx="118.13" PMx="7.21" fuel="109.06" electricity="0.00" noise="138.05" route="routetop" type="cfm-fast" waiting="0.00" lane="left_1" pos="39.22" speed="79.95" angle="113.87" x="41.95" y="2.08"/>
        <vehicle id="cfm-fast_2" eclass="HBEFA3/PC_G_EU4" CO2="0.00" CO="0.00" HC="0.00" NOx="0.00" PMx="0.00" fuel="0.00" electricity="0.00" noise="70.38" route="routebottom" type="cfm-fast" waiting="0.00" lane="right_0" pos="19.99" speed="25.63" angle="328.45" x="119.16" y="103.98"/>
        <vehicle id="cfm-fast_3" eclass="HBEFA3/PC_G_EU4" CO2="0.00" CO="0.00" HC="0.00" NOx="0.00" PMx="0.00" fuel="0.00" electricity="0.00" noise="70.19" route="routebottom" type="cfm-fast" waiting="0.00" lane="right_0" pos="36.57" speed="24.23" angle="298.70" x="91.80" y="126.23"/>
        <vehicle id="cfm-fast_4" eclass="HBEFA3/PC_G_EU4" CO2="7915.36" CO="89.36" HC="0.60" NOx="3.10" PMx="0.16" fuel="3.40" electricity="0.00" noise="71.92" route="routetop" type="cfm-fast" waiting="0.00" lane="top_0" pos="1.75" speed="23.65" angle="271.34" x="59.81" y="132.16"/>
        <vehicle id="cfm-fast_5" eclass="HBEFA3/PC_G_EU4" CO2="367202.28" CO="9378.99" HC="52.03" NOx="171.59" PMx="10.36" fuel="157.84" electricity="0.00" noise="157.57" route="routebottom" type="cfm-fast" waiting="0.00" lane="right_1" pos="12.79" speed="88.50" angle="341.50" x="123.77" y="89.22"/>
        <vehicle id="cfm-slow_0" eclass="HBEFA3/PC_G_EU4" CO2="14838.53" CO="233.11" HC="1.43" NOx="6.36" PMx="0.34" fuel="6.38" electricity="0.00" noise="75.24" route="routetop" type="cfm-slow" waiting="0.00" lane="top_0" pos="16.59" speed="24.17" angle="244.62" x="29.49" y="123.15"/>
        <vehicle id="cfm-slow_1" eclass="HBEFA3/PC_G_EU4" CO2="16238.91" CO="267.38" HC="1.62" NOx="6.98" PMx="0.38" fuel="6.98" electricity="0.00" noise="76.18" route="routetop" type="cfm-slow" waiting="0.00" lane="top_0" pos="35.95" speed="25.86" angle="209.86" x="1.64" y="93.00"/>
        <vehicle id="cfm-slow_2" eclass="HBEFA3/PC_G_EU4" CO2="14498.12" CO="239.35" HC="1.45" NOx="6.12" PMx="0.34" fuel="6.23" electricity="0.00" noise="75.69" route="routetop" type="cfm-slow" waiting="0.00" lane="left_0" pos="7.04" speed="27.54" angle="171.77" x="-3.25" y="48.56"/>
        <vehicle id="cfm-slow_3" eclass="HBEFA3/PC_G_EU4" CO2="9285.54" CO="139.20" HC="0.87" NOx="3.63" PMx="0.21" fuel="3.99" electricity="0.00" noise="74.24" route="routetop" type="cfm-slow" waiting="0.00" lane="left_0" pos="29.80" speed="28.77" angle="130.86" x="22.97" y="8.43"/>
        <vehicle id="cfm-slow_4" eclass="HBEFA3/PC_G_EU4" CO2="0.00" CO="0.00" HC="0.00" NOx="0.00" PMx="0.00" fuel="0.00" electricity="0.00" noise="72.94" route="routebottom" type="cfm-slow" waiting="0.00" lane="bottom_0" pos="3.74" speed="29.15" angle="87.79" x="71.78" y="-4.46"/>
        <vehicle id="cfm-slow_5" eclass="HBEFA3/PC_G_EU4" CO2="0.00" CO="0.00" HC="0.00" NOx="0.00" PMx="0.00" fuel="0.00" electricity="0.00" noise="72.02" route="routebottom" type="cfm-slow" waiting="0.00" lane="bottom_0" pos="27.98" speed="28.62" angle="44.09" x="116.49" y="19.90"/>
    </timestep>
    <timestep time="6.50">
        <vehicle id="cfm-fast_0" eclass="HBEFA3/PC_G_EU4" CO2="0.00" CO="0.00" HC="0.00" NOx="0.00" PMx="0.00" fuel="0.00" electricity="0.00" noise="71.17" route="routebottom" type="cfm-fast" waiting="0.00" lane="right_0" pos="1.88" speed="27.33" angle="1.10" x="132.14" y="67.80"/>
        <vehicle id="cfm-fast_1" eclass="HBEFA3/PC_G_EU4" CO2="254463.11" CO="6612.25" HC="36.59" NOx="118.48" PMx="7.23" fuel="109.38" electricity="0.00" noise="138.18" route="routetop" type="cfm-fast" waiting="0.00" lane="left_1" pos="40.02" speed="80.05" angle="112.46" x="43.50" y="1.55"/>
        <vehicle id="cfm-fast_2" eclass="HBEFA3/PC_G_EU4" CO2="0.00" CO="0.00" HC="0.00" NOx="0.00" PMx="0.00" fuel="0.00" electricity="0.00" noise="70.37" route="routebottom" type="cfm-fast" waiting="0.00" lane="right_0" pos="20.25" speed="25.61" angle="327.98" x="118.84" y="104.43"/>
        <vehicle id="cfm-fast_3" eclass="HBEFA3/PC_G_EU4" CO2="0.00" CO="0.00" HC="0.00" NOx="0.00" PMx="0.00" fuel="0.00" electricity="0.00" noise="70.20" route="routebottom" type="cfm-fast" waiting="0.00" lane="right_0" pos="36.81" speed="24.22" angle="298.22" x="91.32" y="126.44"/>
        <vehicle id="cfm-fast_4" eclass="HBEFA3/PC_G_EU4" CO2="7971.14" CO="90.52" HC="0.61" NOx="3.13" PMx="0.16" fuel="3.43" electricity="0.00" noise="71.94" route="routetop" type="cfm-fast" waiting="0.00" lane="top_0" pos="1.99" speed="23.65" angle="270.91" x="59.30" y="132.13"/>
        <vehicle id="cfm-fast_5" eclass="HBEFA3/PC_G_EU4" CO2="367858.92" CO="9400.19" HC="52.14" NOx="171.90" PMx="10.38" fuel="158.12" electricity="0.00" noise="157.64" route="routebottom" type="cfm-fast" waiting="0.00" lane="right_1" pos="13.68" speed="88.64" angle="339.85" x="123.02" y="90.88"/>
        <vehicle id="cfm-slow_0" eclass="HBEFA3/PC_G_EU4" CO2="14850.77" CO="233.41" HC="1.43" NOx="6.36" PMx="0.34" fuel="6.38" electricity="0.00" noise="75.25" route="routetop" type="cfm-slow" waiting="0.00" lane="top_0" pos="16.83" speed="24.19" angle="244.21" x="29.04" y="122.89"/>
        <vehicle id="cfm-slow_1" eclass="HBEFA3/PC_G_EU4" CO2="16222.66" CO="267.11" HC="1.62" NOx="6.97" PMx="0.38" fuel="6.97" electricity="0.00" noise="76.18" route="routetop" type="cfm-slow" waiting="0.00" lane="top_0" pos="36.21" speed="25.87" angle="209.37" x="1.41" y="92.50"/>
        <vehicle id="cfm-slow_2" eclass="HBEFA3/PC_G_EU4" CO2="14447.88" CO="238.38" HC="1.45" NOx="6.10" PMx="0.34" fuel="6.21" electricity="0.00" noise="75.67" route="routetop" type="cfm-slow" waiting="0.00" lane="left_0" pos="7.31" speed="27.55" angle="171.24" x="-3.12" y="47.98"/>
        <vehicle id="cfm-slow_3" eclass="HBEFA3/PC_G_EU4" CO2="9216.31" CO="137.80" HC="0.86" NOx="3.60" PMx="0.21" fuel="3.96" electricity="0.00" noise="74.22" route="routetop" type="cfm-slow" waiting="0.00" lane="left_0" pos="30.09" speed="28.77" angle="130.34" x="23.48" y="8.07"/>
        <vehicle id="cfm-slow_4" eclass="HBEFA3/PC_G_EU4" CO2="0.00" CO="0.00" HC="0.00" NOx="0.00" PMx="0.00" fuel="0.00" electricity="0.00" noise="72.93" route="routebottom" type="cfm-slow" waiting="0.00" lane="bottom_0" pos="4.03" speed="29.15" angle="87.28" x="72.41" y="-4.38"/>
        <vehicle id="cfm-slow_5" eclass="HBEFA3/PC_G_EU4" CO2="0.00" CO="0.00" HC="0.00" NOx="0.00" PMx="0.00" fuel="0.00" electricity="0.00" noise="72.02" route="routebottom" type="cfm-slow" waiting="0.00" lane="bottom_0" pos="28.27" speed="28.60" angle="43.62" x="116.89" y="20.38"/>
    </timestep>
    <timestep time="6.51">
        <vehicle id="cfm-fast_0" eclass="HBEFA3/PC_G_EU4" CO2="0.00" CO="0.00" HC="0.00" NOx="0.00" PMx="0.00" fuel="0.00" electricity="0.00" noise="71.16" route="routebottom" type="cfm-fast" waiting="0.00" lane="right_0" pos="2.15" speed="27.32" angle="0.61" x="132.11" y="68.38"/>
        <vehicle id="cfm-fast_1" eclass="HBEFA3/PC_G_EU4" CO2="255209.83" CO="6632.63" HC="36.70" NOx="118.83" PMx="7.26" fuel="109.70" electricity="0.00" noise="138.30" route="routetop" type="cfm-fast" waiting="0.00" lane="left_1" pos="40.82" speed="80.15" angle="110.97" x="45.07" y="1.06"/>
        <vehicle id="cfm-fast_2" eclass="HBEFA3/PC_G_EU4" CO2="0.00" CO="0.00" HC="0.00" NOx="0.00" PMx="0.00" fuel="0.00" electricity="0.00" noise="70.37" route="routebottom" type="cfm-fast" waiting="0.00" lane="right_0" pos="20.50" speed="25.60" angle="327.58" x="118.51" y="104.87"/>
        <vehicle id="cfm-fast_3" eclass="HBEFA3/PC_G_EU4" CO2="0.00" CO="0.00" HC="0.00" NOx="0.00" PMx="0.00" fuel="0.00" electricity="0.00" noise="70.21" route="routebottom" type="cfm-fast" waiting="0.00" lane="right_0" pos="37.05" speed="24.22" angle="297.75" x="90.84" y="126.65"/>
        <vehicle id="cfm-fast_4" eclass="HBEFA3/PC_G_EU4" CO2="8026.62" CO="91.68" HC="0.62" NOx="3.15" PMx="0.16" fuel="3.45" electricity="0.00" noise="71.96" route="routetop" type="cfm-fast" waiting="0.00" lane="top_0" pos="2.22" speed="23.66" angle="270.49" x="58.79" y="132.10"/>
        <vehicle id="cfm-fast_5" eclass="HBEFA3/PC_G_EU4" CO2="368515.84" CO="9421.42" HC="52.26" NOx="172.21" PMx="10.40" fuel="158.41" electricity="0.00" noise="157.71" route="routebottom" type="cfm-fast" waiting="0.00" lane="right_1" pos="14.57" speed="88.77" angle="338.25" x="122.24" y="92.52"/>
        <vehicle id="cfm-slow_0" eclass="HBEFA3/PC_G_EU4" CO2="14862.78" CO="233.70" HC="1.43" NOx="6.37" PMx="0.34" fuel="6.39" electricity="0.00" noise="75.26" route="routetop" type="cfm-slow" waiting="0.00" lane="top_0" pos="17.07" speed="24.21" angle="243.77" x="28.59" y="122.62"/>
        <vehicle id="cfm-slow_1" eclass="HBEFA3/PC_G_EU4" CO2="16206.11" CO="266.84" HC="1.62" NOx="6.96" PMx="0.38" fuel="6.97" electricity="0.00" noise="76.17" route="routetop" type="cfm-slow" waiting="0.00" lane="top_0" pos="36.47" speed="25.89" angle="208.88" x="1.18" y="91.99"/>
        <vehicle id="cfm-slow_2" eclass="HBEFA3/PC_G_EU4" CO2="14397.46" CO="237.41" HC="1.44" NOx="6.07" PMx="0.34" fuel="6.19" electricity="0.00" noise="75.65" route="routetop" type="cfm-slow" waiting="0.00" lane="left_0" pos="7.59" speed="27.57" angle="170.74" x="-2.99" y="47.40"/>
        <vehicle id="cfm-slow_3" eclass="HBEFA3/PC_G_EU4" CO2="9147.14" CO="136.41" HC="0.85" NOx="3.57" PMx="0.21" fuel="3.93" electricity="0.00" noise="74.21" route="routetop" type="cfm-slow" waiting="0.00" lane="left_0" pos="30.37" speed="28.78" angle="129.81" x="23.98" y="7.71"/>
        <vehicle id="cfm-slow_4" eclass="HBEFA3/PC_G_EU4" CO2="0.00" CO="0.00" HC="0.00" NOx="0.00" PMx="0.00" fuel="0.00" electricity="0.00" noise="72.92" route="routebottom" type="cfm-slow" waiting="0.00" lane="bottom_0" pos="4.32" speed="29.15" angle="86.75" x="73.03" y="-4.30"/>
        <vehicle id="cfm-slow_5" eclass="HBEFA3/PC_G_EU4" CO2="0.00" CO="0.00" HC="0.00" NOx="0.00" PMx="0.00" fuel="0.00" electricity="0.00" noise="72.01" route="routebottom" type="cfm-slow" waiting="0.00" lane="bottom_0" pos="28.56" speed="28.59" angle="43.09" x="117.27" y="20.86"/>
    </timestep>
    <timestep time="6.52">
        <vehicle id="cfm-fast_0" eclass="HBEFA3/PC_G_EU4" CO2="0.00" CO="0.00" HC="0.00" NOx="0.00" PMx="0.00" fuel="0.00" electricity="0.00" noise="71.15" route="routebottom" type="cfm-fast" waiting="0.00" lane="right_0" pos="2.42" speed="27.30" angle="0.12" x="132.07" y="68.97"/>
        <vehicle id="cfm-fast_1" eclass="HBEFA3/PC_G_EU4" CO2="255958.27" CO="6653.07" HC="36.81" NOx="119.19" PMx="7.28" fuel="110.02" electricity="0.00" noise="138.43" route="routetop" type="cfm-fast" waiting="0.00" lane="left_1" pos="41.62" speed="80.26" angle="109.56" x="46.66" y="0.62"/>
        <vehicle id="cfm-fast_2" eclass="HBEFA3/PC_G_EU4" CO2="0.00" CO="0.00" HC="0.00" NOx="0.00" PMx="0.00" fuel="0.00" electricity="0.00" noise="70.36" route="routebottom" type="cfm-fast" waiting="0.00" lane="right_0" pos="20.76" speed="25.59" angle="327.12" x="118.17" y="105.31"/>
        <vehicle id="cfm-fast_3" eclass="HBEFA3/PC_G_EU4" CO2="0.00" CO="0.00" HC="0.00" NOx="0.00" PMx="0.00" fuel="0.00" electricity="0.00" noise="70.22" route="routebottom" type="cfm-fast" waiting="0.00" lane="right_0" pos="37.30" speed="24.21" angle="297.38" x="90.37" y="126.86"/>
        <vehicle id="cfm-fast_4" eclass="HBEFA3/PC_G_EU4" CO2="8081.79" CO="92.83" HC="0.62" NOx="3.18" PMx="0.17" fuel="3.47" electricity="0.00" noise="71.99" route="routetop" type="cfm-fast" waiting="0.00" lane="top_0" pos="2.46" speed="23.67" angle="270.06" x="58.28" y="132.07"/>
        <vehicle id="cfm-fast_5" eclass="HBEFA3/PC_G_EU4" CO2="369173.06" CO="9442.66" HC="52.37" NOx="172.52" PMx="10.42" fuel="158.69" electricity="0.00" noise="157.77" route="routebottom" type="cfm-fast" waiting="0.00" lane="right_1" pos="15.45" speed="88.91" angle="336.66" x="121.42" y="94.15"/>
        <vehicle id="cfm-slow_0" eclass="HBEFA3/PC_G_EU4" CO2="14874.56" CO="233.98" HC="1.43" NOx="6.37" PMx="0.34" fuel="6.39" electricity="0.00" noise="75.27" route="routetop" type="cfm-slow" waiting="0.00" lane="top_0" pos="17.31" speed="24.22" angle="243.33" x="28.14" y="122.35"/>
        <vehicle id="cfm-slow_1" eclass="HBEFA3/PC_G_EU4" CO2="16189.26" CO="266.56" HC="1.62" NOx="6.96" PMx="0.38" fuel="6.96" electricity="0.00" noise="76.16" route="routetop" type="cfm-slow" waiting="0.00" lane="top_0" pos="36.73" speed="25.91" angle="208.40" x="0.95" y="91.48"/>
        <vehicle id="cfm-slow_2" eclass="HBEFA3/PC_G_EU4" CO2="14346.86" CO="236.44" HC="1.44" NOx="6.05" PMx="0.34" fuel="6.17" electricity="0.00" noise="75.63" route="routetop" type="cfm-slow" waiting="0.00" lane="left_0" pos="7.86" speed="27.58" angle="170.27" x="-2.84" y="46.83"/>
        <vehicle id="cfm-slow_3" eclass="HBEFA3/PC_G_EU4" CO2="9078.03" CO="135.02" HC="0.84" NOx="3.54" PMx="0.21" fuel="3.90" electricity="0.00" noise="74.19" route="routetop" type="cfm-slow" waiting="0.00" lane="left_0" pos="30.66" speed="28.78" angle="129.29" x="24.48" y="7.34"/>
        <vehicle id="cfm-slow_4" eclass="HBEFA3/PC_G_EU4" CO2="0.00" CO="0.00" HC="0.00" NOx="0.00" PMx="0.00" fuel="0.00" electricity="0.00" noise="72.91" route="routebottom" type="cfm-slow" waiting="0.00" lane="bottom_0" pos="4.61" speed="29.14" angle="86.22" x="73.65" y="-4.21"/>
        <vehicle id="cfm-slow_5" eclass="HBEFA3/PC_G_EU4" CO2="0.00" CO="0.00" HC="0.00" NOx="0.00" PMx="0.00" fuel="0.00" electricity="0.00" noise="72.00" route="routebottom" type="cfm-slow" waiting="0.00" lane="bottom_0" pos="28.84" speed="28.58" angle="42.56" x="117.64" y="21.35"/>
    </timestep>
    <timestep time="6.53">
        <vehicle id="cfm-fast_0" eclass="HBEFA3/PC_G_EU4" CO2="0.00" CO="0.00" HC="0.00" NOx="0.00" PMx="0.00" fuel="0.00" electricity="0.00" noise="71.14" route="routebottom" type="cfm-fast" waiting="0.00" lane="right_0" pos="2.70" speed="27.29" angle="359.66" x="132.02" y="69.56"/>
        <vehicle id="cfm-fast_1" eclass="HBEFA3/PC_G_EU4" CO2="256708.41" CO="6673.56" HC="36.92" NOx="119.54" PMx="7.30" fuel="110.35" electricity="0.00" noise="138.55" route="routetop" type="cfm-fast" waiting="0.00" lane="left_1" pos="42.43" speed="80.36" angle="108.15" x="48.25" y="0.20"/>
        <vehicle id="cfm-fast_2" eclass="HBEFA3/PC_G_EU4" CO2="0.00" CO="0.00" HC="0.00" NOx="0.00" PMx="0.00" fuel="0.00" electricity="0.00" noise="70.36" route="routebottom" type="cfm-fast" waiting="0.00" lane="right_0" pos="21.01" speed="25.57" angle="326.65" x="117.84" y="105.74"/>
        <vehicle id="cfm-fast_3" eclass="HBEFA3/PC_G_EU4" CO2="0.00" CO="0.00" HC="0.00" NOx="0.00" PMx="0.00" fuel="0.00" electricity="0.00" noise="70.23" route="routebottom" type="cfm-fast" waiting="0.00" lane="right_0" pos="37.54" speed="24.21" angle="296.94" x="89.88" y="127.05"/>
        <vehicle id="cfm-fast_4" eclass="HBEFA3/PC_G_EU4" CO2="8136.66" CO="93.97" HC="0.63" NOx="3.21" PMx="0.17" fuel="3.50" electricity="0.00" noise="72.01" route="routetop" type="cfm-fast" waiting="0.00" lane="top_0" pos="2.70" speed="23.67" angle="269.66" x="57.78" y="132.02"/>
        <vehicle id="cfm-fast_5" eclass="HBEFA3/PC_G_EU4" CO2="369830.57" CO="9463.93" HC="52.48" NOx="172.83" PMx="10.44" fuel="158.97" electricity="0.00" noise="157.84" route="routebottom" type="cfm-fast" waiting="0.00" lane="right_1" pos="16.35" speed="89.05" angle="335.08" x="120.54" y="95.75"/>
        <vehicle id="cfm-slow_0" eclass="HBEFA3/PC_G_EU4" CO2="14886.10" CO="234.26" HC="1.44" NOx="6.38" PMx="0.35" fuel="6.40" electricity="0.00" noise="75.28" route="routetop" type="cfm-slow" waiting="0.00" lane="top_0" pos="17.55" speed="24.24" angle="242.90" x="27.69" y="122.09"/>
        <vehicle id="cfm-slow_1" eclass="HBEFA3/PC_G_EU4" CO2="16172.12" CO="266.28" HC="1.62" NOx="6.95" PMx="0.38" fuel="6.95" electricity="0.00" noise="76.16" route="routetop" type="cfm-slow" waiting="0.00" lane="top_0" pos="36.99" speed="25.93" angle="207.91" x="0.72" y="90.97"/>
        <vehicle id="cfm-slow_2" eclass="HBEFA3/PC_G_EU4" CO2="14296.07" CO="235.46" HC="1.43" NOx="6.02" PMx="0.34" fuel="6.15" electricity="0.00" noise="75.62" route="routetop" type="cfm-slow" waiting="0.00" lane="left_0" pos="8.14" speed="27.59" angle="169.77" x="-2.69" y="46.25"/>
        <vehicle id="cfm-slow_3" eclass="HBEFA3/PC_G_EU4" CO2="9008.99" CO="133.63" HC="0.84" NOx="3.50" PMx="0.21" fuel="3.87" electricity="0.00" noise="74.17" route="routetop" type="cfm-slow" waiting="0.00" lane="left_0" pos="30.95" speed="28.79" angle="128.82" x="24.99" y="6.99"/>
        <vehicle id="cfm-slow_4" eclass="HBEFA3/PC_G_EU4" CO2="0.00" CO="0.00" HC="0.00" NOx="0.00" PMx="0.00" fuel="0.00" electricity="0.00" noise="72.90" route="routebottom" type="cfm-slow" waiting="0.00" lane="bottom_0" pos="4.90" speed="29.14" angle="85.70" x="74.27" y="-4.12"/>
        <vehicle id="cfm-slow_5" eclass="HBEFA3/PC_G_EU4" CO2="0.00" CO="0.00" HC="0.00" NOx="0.00" PMx="0.00" fuel="0.00" electricity="0.00" noise="71.99" route="routebottom" type="cfm-slow" waiting="0.00" lane="bottom_0" pos="29.13" speed="28.57" angle="42.03" x="118.02" y="21.83"/>
    </timestep>
    <timestep time="6.54">
        <vehicle id="cfm-fast_0" eclass="HBEFA3/PC_G_EU4" CO2="0.00" CO="0.00" HC="0.00" NOx="0.00" PMx="0.00" fuel="0.00" electricity="0.00" noise="71.13" route="routebottom" type="cfm-fast" waiting="0.00" lane="right_0" pos="2.97" speed="27.27" angle="359.17" x="131.96" y="70.14"/>
        <vehicle id="cfm-fast_1" eclass="HBEFA3/PC_G_EU4" CO2="257460.21" CO="6694.10" HC="37.04" NOx="119.89" PMx="7.32" fuel="110.67" electricity="0.00" noise="138.68" route="routetop" type="cfm-fast" waiting="0.00" lane="left_1" pos="43.23" speed="80.46" angle="106.71" x="49.86" y="-0.16"/>
        <vehicle id="cfm-fast_2" eclass="HBEFA3/PC_G_EU4" CO2="0.00" CO="0.00" HC="0.00" NOx="0.00" PMx="0.00" fuel="0.00" electricity="0.00" noise="70.36" route="routebottom" type="cfm-fast" waiting="0.00" lane="right_0" pos="21.27" speed="25.56" angle="326.19" x="117.50" y="106.17"/>
        <vehicle id="cfm-fast_3" eclass="HBEFA3/PC_G_EU4" CO2="0.00" CO="0.00" HC="0.00" NOx="0.00" PMx="0.00" fuel="0.00" electricity="0.00" noise="70.24" route="routebottom" type="cfm-fast" waiting="0.00" lane="right_0" pos="37.78" speed="24.20" angle="296.51" x="89.40" y="127.25"/>
        <vehicle id="cfm-fast_4" eclass="HBEFA3/PC_G_EU4" CO2="8191.22" CO="95.11" HC="0.64" NOx="3.23" PMx="0.17" fuel="3.52" electricity="0.00" noise="72.03" route="routetop" type="cfm-fast" waiting="0.00" lane="top_0" pos="2.93" speed="23.68" angle="269.24" x="57.27" y="131.97"/>
        <vehicle id="cfm-fast_5" eclass="HBEFA3/PC_G_EU4" CO2="370488.37" CO="9485.21" HC="52.60" NOx="173.14" PMx="10.46" fuel="159.25" electricity="0.00" noise="157.90" route="routebottom" type="cfm-fast" waiting="0.00" lane="right_1" pos="17.24" speed="89.18" angle="333.49" x="119.62" y="97.33"/>
        <vehicle id="cfm-slow_0" eclass="HBEFA3/PC_G_EU4" CO2="14897.41" CO="234.54" HC="1.44" NOx="6.38" PMx="0.35" fuel="6.40" electricity="0.00" noise="75.29" route="routetop" type="cfm-slow" waiting="0.00" lane="top_0" pos="17.80" speed="24.26" angle="242.46" x="27.24" y="121.82"/>
        <vehicle id="cfm-slow_1" eclass="HBEFA3/PC_G_EU4" CO2="16154.67" CO="265.99" HC="1.61" NOx="6.94" PMx="0.38" fuel="6.94" electricity="0.00" noise="76.15" route="routetop" type="cfm-slow" waiting="0.00" lane="top_0" pos="37.25" speed="25.94" angle="207.51" x="0.50" y="90.46"/>
        <vehicle id="cfm-slow_2" eclass="HBEFA3/PC_G_EU4" CO2="14245.10" CO="234.48" HC="1.42" NOx="6.00" PMx="0.34" fuel="6.12" electricity="0.00" noise="75.60" route="routetop" type="cfm-slow" waiting="0.00" lane="left_0" pos="8.42" speed="27.61" angle="169.26" x="-2.53" y="45.68"/>
        <vehicle id="cfm-slow_3" eclass="HBEFA3/PC_G_EU4" CO2="8940.01" CO="132.24" HC="0.83" NOx="3.47" PMx="0.20" fuel="3.84" electricity="0.00" noise="74.15" route="routetop" type="cfm-slow" waiting="0.00" lane="left_0" pos="31.24" speed="28.79" angle="128.30" x="25.51" y="6.65"/>
        <vehicle id="cfm-slow_4" eclass="HBEFA3/PC_G_EU4" CO2="0.00" CO="0.00" HC="0.00" NOx="0.00" PMx="0.00" fuel="0.00" electricity="0.00" noise="72.89" route="routebottom" type="cfm-slow" waiting="0.00" lane="bottom_0" pos="5.20" speed="29.13" angle="85.13" x="74.89" y="-4.03"/>
        <vehicle id="cfm-slow_5" eclass="HBEFA3/PC_G_EU4" CO2="0.00" CO="0.00" HC="0.00" NOx="0.00" PMx="0.00" fuel="0.00" electricity="0.00" noise="71.98" route="routebottom" type="cfm-slow" waiting="0.00" lane="bottom_0" pos="29.41" speed="28.56" angle="41.53" x="118.40" y="22.31"/>
    </timestep>
    <timestep time="6.55">
        <vehicle id="cfm-fast_0" eclass="HBEFA3/PC_G_EU4" CO2="0.00" CO="0.00" HC="0.00" NOx="0.00" PMx="0.00" fuel="0.00" electricity="0.00" noise="71.13" route="routebottom" type="cfm-fast" waiting="0.00" lane="right_0" pos="3.24" speed="27.26" angle="358.68" x="131.90" y="70.72"/>
        <vehicle id="cfm-fast_1" eclass="HBEFA3/PC_G_EU4" CO2="258213.65" CO="6714.69" HC="37.15" NOx="120.25" PMx="7.34" fuel="110.99" electricity="0.00" noise="138.80" route="routetop" type="cfm-fast" waiting="0.00" lane="left_1" pos="44.04" speed="80.56" angle="105.29" x="51.48" y="-0.49"/>
        <vehicle id="cfm-fast_2" eclass="HBEFA3/PC_G_EU4" CO2="0.00" CO="0.00" HC="0.00" NOx="0.00" PMx="0.00" fuel="0.00" electricity="0.00" noise="70.35" route="routebottom" type="cfm-fast" waiting="0.00" lane="right_0" pos="21.53" speed="25.55" angle="325.72" x="117.16" y="106.61"/>
        <vehicle id="cfm-fast_3" eclass="HBEFA3/PC_G_EU4" CO2="0.00" CO="0.00" HC="0.00" NOx="0.00" PMx="0.00" fuel="0.00" electricity="0.00" noise="70.25" route="routebottom" type="cfm-fast" waiting="0.00" lane="right_0" pos="38.02" speed="24.20" angle="296.07" x="88.92" y="127.44"/>
        <vehicle id="cfm-fast_4" eclass="HBEFA3/PC_G_EU4" CO2="8245.48" CO="96.24" HC="0.64" NOx="3.26" PMx="0.17" fuel="3.54" electricity="0.00" noise="72.06" route="routetop" type="cfm-fast" waiting="0.00" lane="top_0" pos="3.17" speed="23.69" angle="268.81" x="56.76" y="131.92"/>
        <vehicle id="cfm-fast_5" eclass="HBEFA3/PC_G_EU4" CO2="371146.47" CO="9506.52" HC="52.71" NOx="173.45" PMx="10.48" fuel="159.54" electricity="0.00" noise="157.97" route="routebottom" type="cfm-fast" waiting="0.00" lane="right_1" pos="18.13" speed="89.32" angle="331.89" x="118.66" y="98.89"/>
        <vehicle id="cfm-slow_0" eclass="HBEFA3/PC_G_EU4" CO2="14908.48" CO="234.81" HC="1.44" NOx="6.39" PMx="0.35" fuel="6.41" electricity="0.00" noise="75.30" route="routetop" type="cfm-slow" waiting="0.00" lane="top_0" pos="18.04" speed="24.28" angle="242.07" x="26.80" y="121.54"/>
        <vehicle id="cfm-slow_1" eclass="HBEFA3/PC_G_EU4" CO2="16136.93" CO="265.69" HC="1.61" NOx="6.93" PMx="0.38" fuel="6.94" electricity="0.00" noise="76.15" route="routetop" type="cfm-slow" waiting="0.00" lane="top_0" pos="37.51" speed="25.96" angle="207.03" x="0.29" y="89.94"/>
        <vehicle id="cfm-slow_2" eclass="HBEFA3/PC_G_EU4" CO2="14193.96" CO="233.50" HC="1.42" NOx="5.98" PMx="0.34" fuel="6.10" electricity="0.00" noise="75.58" route="routetop" type="cfm-slow" waiting="0.00" lane="left_0" pos="8.69" speed="27.62" angle="168.75" x="-2.38" y="45.11"/>
        <vehicle id="cfm-slow_3" eclass="HBEFA3/PC_G_EU4" CO2="8871.10" CO="130.85" HC="0.82" NOx="3.44" PMx="0.20" fuel="3.81" electricity="0.00" noise="74.14" route="routetop" type="cfm-slow" waiting="0.00" lane="left_0" pos="31.53" speed="28.80" angle="127.78" x="26.02" y="6.31"/>
        <vehicle id="cfm-slow_4" eclass="HBEFA3/PC_G_EU4" CO2="0.00" CO="0.00" HC="0.00" NOx="0.00" PMx="0.00" fuel="0.00" electricity="0.00" noise="72.88" route="routebottom" type="cfm-slow" waiting="0.00" lane="bottom_0" pos="5.49" speed="29.13" angle="84.60" x="75.50" y="-3.91"/>
        <vehicle id="cfm-slow_5" eclass="HBEFA3/PC_G_EU4" CO2="0.00" CO="0.00" HC="0.00" NOx="0.00" PMx="0.00" fuel="0.00" electricity="0.00" noise="71.97" route="routebottom" type="cfm-slow" waiting="0.00" lane="bottom_0" pos="29.70" speed="28.55" angle="41.04" x="118.77" y="22.81"/>
    </timestep>
    <timestep time="6.56">
        <vehicle id="cfm-fast_0" eclass="HBEFA3/PC_G_EU4" CO2="0.00" CO="0.00" HC="0.00" NOx="0.00" PMx="0.00" fuel="0.00" electricity="0.00" noise="71.12" route="routebottom" type="cfm-fast" waiting="0.00" lane="right_0" pos="3.52" speed="27.24" angle="358.19" x="131.84" y="71.31"/>
        <vehicle id="cfm-fast_1" eclass="HBEFA3/PC_G_EU4" CO2="258968.70" CO="6735.34" HC="37.26" NOx="120.60" PMx="7.36" fuel="111.32" electricity="0.00" noise="138.93" route="routetop" type="cfm-fast" waiting="0.00" lane="left_1" pos="44.85" speed="80.66" angle="103.83" x="53.11" y="-0.79"/>
        <vehicle id="cfm-fast_2" eclass="HBEFA3/PC_G_EU4" CO2="0.00" CO="0.00" HC="0.00" NOx="0.00" PMx="0.00" fuel="0.00" electricity="0.00" noise="70.35" route="routebottom" type="cfm-fast" waiting="0.00" lane="right_0" pos="21.78" speed="25.53" angle="325.31" x="116.82" y="107.04"/>
        <vehicle id="cfm-fast_3" eclass="HBEFA3/PC_G_EU4" CO2="0.00" CO="0.00" HC="0.00" NOx="0.00" PMx="0.00" fuel="0.00" electricity="0.00" noise="70.26" route="routebottom" type="cfm-fast" waiting="0.00" lane="right_0" pos="38.26" speed="24.19" angle="295.63" x="88.43" y="127.63"/>
        <vehicle id="cfm-fast_4" eclass="HBEFA3/PC_G_EU4" CO2="8299.43" CO="97.37" HC="0.65" NOx="3.28" PMx="0.17" fuel="3.57" electricity="0.00" noise="72.08" route="routetop" type="cfm-fast" waiting="0.00" lane="top_0" pos="3.41" speed="23.69" angle="268.39" x="56.25" y="131.87"/>
        <vehicle id="cfm-fast_5" eclass="HBEFA3/PC_G_EU4" CO2="371804.85" CO="9527.85" HC="52.83" NOx="173.76" PMx="10.51" fuel="159.82" electricity="0.00" noise="158.04" route="routebottom" type="cfm-fast" waiting="0.00" lane="right_1" pos="19.02" speed="89.45" angle="330.20" x="117.64" y="100.41"/>
        <vehicle id="cfm-slow_0" eclass="HBEFA3/PC_G_EU4" CO2="14919.31" CO="235.08" HC="1.44" NOx="6.39" PMx="0.35" fuel="6.41" electricity="0.00" noise="75.30" route="routetop" type="cfm-slow" waiting="0.00" lane="top_0" pos="18.28" speed="24.29" angle="241.60" x="26.37" y="121.25"/>
        <vehicle id="cfm-slow_1" eclass="HBEFA3/PC_G_EU4" CO2="16118.89" CO="265.39" HC="1.61" NOx="6.92" PMx="0.38" fuel="6.93" electricity="0.00" noise="76.14" route="routetop" type="cfm-slow" waiting="0.00" lane="top_0" pos="37.77" speed="25.98" angle="206.55" x="0.08" y="89.42"/>
        <vehicle id="cfm-slow_2" eclass="HBEFA3/PC_G_EU4" CO2="14142.63" CO="232.51" HC="1.41" NOx="5.95" PMx="0.34" fuel="6.08" electricity="0.00" noise="75.56" route="routetop" type="cfm-slow" waiting="0.00" lane="left_0" pos="8.97" speed="27.63" angle="168.30" x="-2.22" y="44.53"/>
        <vehicle id="cfm-slow_3" eclass="HBEFA3/PC_G_EU4" CO2="8802.27" CO="129.46" HC="0.81" NOx="3.41" PMx="0.20" fuel="3.78" electricity="0.00" noise="74.12" route="routetop" type="cfm-slow" waiting="0.00" lane="left_0" pos="31.81" speed="28.80" angle="127.26" x="26.54" y="5.96"/>
        <vehicle id="cfm-slow_4" eclass="HBEFA3/PC_G_EU4" CO2="0.00" CO="0.00" HC="0.00" NOx="0.00" PMx="0.00" fuel="0.00" electricity="0.00" noise="72.87" route="routebottom" type="cfm-slow" waiting="0.00" lane="bottom_0" pos="5.78" speed="29.12" angle="84.07" x="76.12" y="-3.80"/>
        <vehicle id="cfm-slow_5" eclass="HBEFA3/PC_G_EU4" CO2="0.00" CO="0.00" HC="0.00" NOx="0.00" PMx="0.00" fuel="0.00" electricity="0.00" noise="71.96" route="routebottom" type="cfm-slow" waiting="0.00" lane="bottom_0" pos="29.98" speed="28.53" angle="40.52" x="119.13" y="23.30"/>
    </timestep>
    <timestep time="6.57">
        <vehicle id="cfm-fast_0" eclass="HBEFA3/PC_G_EU4" CO2="0.00" CO="0.00" HC="0.00" NOx="0.00" PMx="0.00" fuel="0.00" electricity="0.00" noise="71.11" route="routebottom" type="cfm-fast" waiting="0.00" lane="right_0" pos="3.79" speed="27.23" angle="357.71" x="131.78" y="71.89"/>
        <vehicle id="cfm-fast_1" eclass="HBEFA3/PC_G_EU4" CO2="259725.33" CO="6756.03" HC="37.38" NOx="120.96" PMx="7.39" fuel="111.64" electricity="0.00" noise="139.06" route="routetop" type="cfm-fast" waiting="0.00" lane="left_1" pos="45.65" speed="80.77" angle="102.37" x="54.75" y="-1.03"/>
        <vehicle id="cfm-fast_2" eclass="HBEFA3/PC_G_EU4" CO2="0.00" CO="0.00" HC="0.00" NOx="0.00" PMx="0.00" fuel="0.00" electricity="0.00" noise="70.35" route="routebottom" type="cfm-fast" waiting="0.00" lane="right_0" pos="22.04" speed="25.52" angle="324.83" x="116.46" y="107.46"/>
        <vehicle id="cfm-fast_3" eclass="HBEFA3/PC_G_EU4" CO2="0.00" CO="0.00" HC="0.00" NOx="0.00" PMx="0.00" fuel="0.00" electricity="0.00" noise="70.27" route="routebottom" type="cfm-fast" waiting="0.00" lane="right_0" pos="38.51" speed="24.19" angle="295.25" x="87.95" y="127.82"/>
        <vehicle id="cfm-fast_4" eclass="HBEFA3/PC_G_EU4" CO2="8353.07" CO="98.49" HC="0.65" NOx="3.31" PMx="0.17" fuel="3.59" electricity="0.00" noise="72.10" route="routetop" type="cfm-fast" waiting="0.00" lane="top_0" pos="3.64" speed="23.70" angle="267.96" x="55.75" y="131.82"/>
        <vehicle id="cfm-fast_5" eclass="HBEFA3/PC_G_EU4" CO2="372463.53" CO="9549.21" HC="52.94" NOx="174.07" PMx="10.53" fuel="160.10" electricity="0.00" noise="158.10" route="routebottom" type="cfm-fast" waiting="0.00" lane="right_1" pos="19.92" speed="89.59" angle="328.59" x="116.58" y="101.91"/>
        <vehicle id="cfm-slow_0" eclass="HBEFA3/PC_G_EU4" CO2="14929.91" CO="235.35" HC="1.44" NOx="6.40" PMx="0.35" fuel="6.42" electricity="0.00" noise="75.31" route="routetop" type="cfm-slow" waiting="0.00" lane="top_0" pos="18.53" speed="24.31" angle="241.13" x="25.93" y="120.96"/>
        <vehicle id="cfm-slow_1" eclass="HBEFA3/PC_G_EU4" CO2="16100.56" CO="265.08" HC="1.61" NOx="6.91" PMx="0.38" fuel="6.92" electricity="0.00" noise="76.13" route="routetop" type="cfm-slow" waiting="0.00" lane="top_0" pos="38.03" speed="25.99" angle="206.07" x="-0.12" y="88.90"/>
        <vehicle id="cfm-slow_2" eclass="HBEFA3/PC_G_EU4" CO2="14091.14" CO="231.52" HC="1.41" NOx="5.93" PMx="0.33" fuel="6.06" electricity="0.00" noise="75.54" route="routetop" type="cfm-slow" waiting="0.00" lane="left_0" pos="9.24" speed="27.64" angle="167.79" x="-2.05" y="43.96"/>
        <vehicle id="cfm-slow_3" eclass="HBEFA3/PC_G_EU4" CO2="8733.50" CO="128.07" HC="0.80" NOx="3.37" PMx="0.20" fuel="3.75" electricity="0.00" noise="74.10" route="routetop" type="cfm-slow" waiting="0.00" lane="left_0" pos="32.10" speed="28.80" angle="126.80" x="27.06" y="5.62"/>
        <vehicle id="cfm-slow_4" eclass="HBEFA3/PC_G_EU4" CO2="0.00" CO="0.00" HC="0.00" NOx="0.00" PMx="0.00" fuel="0.00" electricity="0.00" noise="72.86" route="routebottom" type="cfm-slow" waiting="0.00" lane="bottom_0" pos="6.07" speed="29.12" angle="83.54" x="76.74" y="-3.69"/>
        <vehicle id="cfm-slow_5" eclass="HBEFA3/PC_G_EU4" CO2="0.00" CO="0.00" HC="0.00" NOx="0.00" PMx="0.00" fuel="0.00" electricity="0.00" noise="71.96" route="routebottom" type="cfm-slow" waiting="0.00" lane="bottom_0" pos="30.27" speed="28.52" angle="39.99" x="119.49" y="23.80"/>
    </timestep>
    <timestep time="6.58">
        <vehicle id="cfm-fast_0" eclass="HBEFA3/PC_G_EU4" CO2="0.00" CO="0.00" HC="0.00" NOx="0.00" PMx="0.00" fuel="0.00" electricity="0.00" noise="71.10" route="routebottom" type="cfm-fast" waiting="0.00" lane="right_0" pos="4.06" speed="27.21" angle="357.23" x="131.70" y="72.47"/>
        <vehicle id="cfm-fast_1" eclass="HBEFA3/PC_G_EU4" CO2="260483.50" CO="6776.77" HC="37.49" NOx="121.31" PMx="7.41" fuel="111.97" electricity="0.00" noise="139.18" route="routetop" type="cfm-fast" waiting="0.00" lane="left_1" pos="46.46" speed="80.87" angle="100.94" x="56.39" y="-1.24"/>
        <vehicle id="cfm-fast_2" eclass="HBEFA3/PC_G_EU4" CO2="0.00" CO="0.00" HC="0.00" NOx="0.00" PMx="0.00" fuel="0.00" electricity="0.00" noise="70.35" route="routebottom" type="cfm-fast" waiting="0.00" lane="right_0" pos="22.29" speed="25.51" angle="324.34" x="116.11" y="107.88"/>
        <vehicle id="cfm-fast_3" eclass="HBEFA3/PC_G_EU4" CO2="0.00" CO="0.00" HC="0.00" NOx="0.00" PMx="0.00" fuel="0.00" electricity="0.00" noise="70.28" route="routebottom" type="cfm-fast" waiting="0.00" lane="right_0" pos="38.75" speed="24.18" angle="294.81" x="87.46" y="128.00"/>
        <vehicle id="cfm-fast_4" eclass="HBEFA3/PC_G_EU4" CO2="8406.41" CO="99.60" HC="0.66" NOx="3.33" PMx="0.17" fuel="3.61" electricity="0.00" noise="72.13" route="routetop" type="cfm-fast" waiting="0.00" lane="top_0" pos="3.88" speed="23.71" angle="267.56" x="55.24" y="131.76"/>
        <vehicle id="cfm-fast_5" eclass="HBEFA3/PC_G_EU4" CO2="373122.50" CO="9570.58" HC="53.06" NOx="174.38" PMx="10.55" fuel="160.39" electricity="0.00" noise="158.17" route="routebottom" type="cfm-fast" waiting="0.00" lane="right_1" pos="20.82" speed="89.73" angle="326.99" x="115.48" y="103.39"/>
        <vehicle id="cfm-slow_0" eclass="HBEFA3/PC_G_EU4" CO2="14940.27" CO="235.60" HC="1.44" NOx="6.40" PMx="0.35" fuel="6.42" electricity="0.00" noise="75.32" route="routetop" type="cfm-slow" waiting="0.00" lane="top_0" pos="18.77" speed="24.33" angle="240.65" x="25.50" y="120.67"/>
        <vehicle id="cfm-slow_1" eclass="HBEFA3/PC_G_EU4" CO2="16081.93" CO="264.76" HC="1.61" NOx="6.90" PMx="0.38" fuel="6.91" electricity="0.00" noise="76.13" route="routetop" type="cfm-slow" waiting="0.00" lane="top_0" pos="38.29" speed="26.01" angle="205.59" x="-0.33" y="88.38"/>
        <vehicle id="cfm-slow_2" eclass="HBEFA3/PC_G_EU4" CO2="14039.47" CO="230.52" HC="1.40" NOx="5.90" PMx="0.33" fuel="6.03" electricity="0.00" noise="75.53" route="routetop" type="cfm-slow" waiting="0.00" lane="left_0" pos="9.52" speed="27.66" angle="167.28" x="-1.87" y="43.39"/>
        <vehicle id="cfm-slow_3" eclass="HBEFA3/PC_G_EU4" CO2="8664.81" CO="126.69" HC="0.80" NOx="3.34" PMx="0.20" fuel="3.72" electricity="0.00" noise="74.09" route="routetop" type="cfm-slow" waiting="0.00" lane="left_0" pos="32.39" speed="28.81" angle="126.27" x="27.59" y="5.30"/>
        <vehicle id="cfm-slow_4" eclass="HBEFA3/PC_G_EU4" CO2="0.00" CO="0.00" HC="0.00" NOx="0.00" PMx="0.00" fuel="0.00" electricity="0.00" noise="72.85" route="routebottom" type="cfm-slow" waiting="0.00" lane="bottom_0" pos="6.36" speed="29.11" angle="83.05" x="77.35" y="-3.57"/>
        <vehicle id="cfm-slow_5" eclass="HBEFA3/PC_G_EU4" CO2="0.00" CO="0.00" HC="0.00" NOx="0.00" PMx="0.00" fuel="0.00" electricity="0.00" noise="71.95" route="routebottom" type="cfm-slow" waiting="0.00" lane="bottom_0" pos="30.55" speed="28.51" angle="39.47" x="119.85" y="24.30"/>
    </timestep>
    <timestep time="6.59">
        <vehicle id="cfm-fast_0" eclass="HBEFA3/PC_G_EU4" CO2="0.00" CO="0.00" HC="0.00" NOx="0.00" PMx="0.00" fuel="0.00" electricity="0.00" noise="71.10" route="routebottom" type="cfm-fast" waiting="0.00" lane="right_0" pos="4.33" speed="27.20" angle="356.74" x="131.62" y="73.05"/>
        <vehicle id="cfm-fast_1" eclass="HBEFA3/PC_G_EU4" CO2="261243.21" CO="6797.56" HC="37.60" NOx="121.67" PMx="7.43" fuel="112.30" electricity="0.00" noise="139.31" route="routetop" type="cfm-fast" waiting="0.00" lane="left_1" pos="47.27" speed="80.97" angle="99.43" x="58.04" y="-1.40"/>
        <vehicle id="cfm-fast_2" eclass="HBEFA3/PC_G_EU4" CO2="0.00" CO="0.00" HC="0.00" NOx="0.00" PMx="0.00" fuel="0.00" electricity="0.00" noise="70.34" route="routebottom" type="cfm-fast" waiting="0.00" lane="right_0" pos="22.55" speed="25.50" angle="323.86" x="115.75" y="108.30"/>
        <vehicle id="cfm-fast_3" eclass="HBEFA3/PC_G_EU4" CO2="0.00" CO="0.00" HC="0.00" NOx="0.00" PMx="0.00" fuel="0.00" electricity="0.00" noise="70.29" route="routebottom" type="cfm-fast" waiting="0.00" lane="right_0" pos="38.99" speed="24.18" angle="294.37" x="86.97" y="128.18"/>
        <vehicle id="cfm-fast_4" eclass="HBEFA3/PC_G_EU4" CO2="8459.44" CO="100.71" HC="0.67" NOx="3.36" PMx="0.18" fuel="3.64" electricity="0.00" noise="72.15" route="routetop" type="cfm-fast" waiting="0.00" lane="top_0" pos="4.12" speed="23.72" angle="267.13" x="54.74" y="131.69"/>
        <vehicle id="cfm-fast_5" eclass="HBEFA3/PC_G_EU4" CO2="373781.76" CO="9591.97" HC="53.17" NOx="174.69" PMx="10.57" fuel="160.67" electricity="0.00" noise="158.23" route="routebottom" type="cfm-fast" waiting="0.00" lane="right_1" pos="21.72" speed="89.86" angle="325.37" x="114.34" y="104.84"/>
        <vehicle id="cfm-slow_0" eclass="HBEFA3/PC_G_EU4" CO2="14950.39" CO="235.86" HC="1.45" NOx="6.41" PMx="0.35" fuel="6.43" electricity="0.00" noise="75.33" route="routetop" type="cfm-slow" waiting="0.00" lane="top_0" pos="19.01" speed="24.34" angle="240.18" x="25.06" y="120.38"/>
        <vehicle id="cfm-slow_1" eclass="HBEFA3/PC_G_EU4" CO2="16063.01" CO="264.44" HC="1.60" NOx="6.89" PMx="0.38" fuel="6.90" electricity="0.00" noise="76.12" route="routetop" type="cfm-slow" waiting="0.00" lane="top_0" pos="38.55" speed="26.03" angle="205.17" x="-0.54" y="87.86"/>
        <vehicle id="cfm-slow_2" eclass="HBEFA3/PC_G_EU4" CO2="13987.63" CO="229.52" HC="1.40" NOx="5.88" PMx="0.33" fuel="6.01" electricity="0.00" noise="75.51" route="routetop" type="cfm-slow" waiting="0.00" lane="left_0" pos="9.80" speed="27.67" angle="166.77" x="-1.70" y="42.83"/>
        <vehicle id="cfm-slow_3" eclass="HBEFA3/PC_G_EU4" CO2="8596.19" CO="125.30" HC="0.79" NOx="3.31" PMx="0.19" fuel="3.70" electricity="0.00" noise="74.07" route="routetop" type="cfm-slow" waiting="0.00" lane="left_0" pos="32.68" speed="28.81" angle="125.73" x="28.12" y="4.99"/>
        <vehicle id="cfm-slow_4" eclass="HBEFA3/PC_G_EU4" CO2="0.00" CO="0.00" HC="0.00" NOx="0.00" PMx="0.00" fuel="0.00" electricity="0.00" noise="72.83" route="routebottom" type="cfm-slow" waiting="0.00" lane="bottom_0" pos="6.65" speed="29.11" angle="82.50" x="77.96" y="-3.44"/>
        <vehicle id="cfm-slow_5" eclass="HBEFA3/PC_G_EU4" CO2="0.00" CO="0.00" HC="0.00" NOx="0.00" PMx="0.00" fuel="0.00" electricity="0.00" noise="71.94" route="routebottom" type="cfm-slow" waiting="0.00" lane="bottom_0" pos="30.84" speed="28.50" angle="39.01" x="120.20" y="24.80"/>
    </timestep>
    <timestep time="6.60">
        <vehicle id="cfm-fast_0" eclass="HBEFA3/PC_G_EU4" CO2="0.00" CO="0.00" HC="0.00" NOx="0.00" PMx="0.00" fuel="0.00" electricity="0.00" noise="71.09" route="routebottom" type="cfm-fast" waiting="0.00" lane="right_0" pos="4.60" speed="27.18" angle="356.24" x="131.54" y="73.63"/>
        <vehicle id="cfm-fast_1" eclass="HBEFA3/PC_G_EU4" CO2="262004.40" CO="6818.40" HC="37.72" NOx="122.03" PMx="7.45" fuel="112.62" electricity="0.00" noise="139.43" route="routetop" type="cfm-fast" waiting="0.00" lane="left_1" pos="48.08" speed="81.08" angle="97.99" x="59.70" y="-1.52"/>
        <vehicle id="cfm-fast_2" eclass="HBEFA3/PC_G_EU4" CO2="0.00" CO="0.00" HC="0.00" NOx="0.00" PMx="0.00" fuel="0.00" electricity="0.00" noise="70.34" route="routebottom" type="cfm-fast" waiting="0.00" lane="right_0" pos="22.80" speed="25.48" angle="323.38" x="115.40" y="108.71"/>
        <vehicle id="cfm-fast_3" eclass="HBEFA3/PC_G_EU4" CO2="0.00" CO="0.00" HC="0.00" NOx="0.00" PMx="0.00" fuel="0.00" electricity="0.00" noise="70.30" route="routebottom" type="cfm-fast" waiting="0.00" lane="right_0" pos="39.23" speed="24.17" angle="293.93" x="86.48" y="128.36"/>
        <vehicle id="cfm-fast_4" eclass="HBEFA3/PC_G_EU4" CO2="8512.17" CO="101.81" HC="0.67" NOx="3.38" PMx="0.18" fuel="3.66" electricity="0.00" noise="72.17" route="routetop" type="cfm-fast" waiting="0.00" lane="top_0" pos="4.36" speed="23.72" angle="266.70" x="54.23" y="131.61"/>
        <vehicle id="cfm-fast_5" eclass="HBEFA3/PC_G_EU4" CO2="374441.31" CO="9613.39" HC="53.29" NOx="175.00" PMx="10.59" fuel="160.95" electricity="0.00" noise="158.30" route="routebottom" type="cfm-fast" waiting="0.00" lane="right_1" pos="22.62" speed="90.00" angle="323.76" x="113.16" y="106.26"/>
        <vehicle id="cfm-slow_0" eclass="HBEFA3/PC_G_EU4" CO2="14960.28" CO="236.11" HC="1.45" NOx="6.41" PMx="0.35" fuel="6.43" electricity="0.00" noise="75.33" route="routetop" type="cfm-slow" waiting="0.00" lane="top_0" pos="19.26" speed="24.36" angle="239.78" x="24.63" y="120.08"/>
        <vehicle id="cfm-slow_1" eclass="HBEFA3/PC_G_EU4" CO2="16043.79" CO="264.12" HC="1.60" NOx="6.88" PMx="0.38" fuel="6.90" electricity="0.00" noise="76.11" route="routetop" type="cfm-slow" waiting="0.00" lane="top_0" pos="38.81" speed="26.05" angle="204.69" x="-0.72" y="87.34"/>
        <vehicle id="cfm-slow_2" eclass="HBEFA3/PC_G_EU4" CO2="13935.63" CO="228.52" HC="1.39" NOx="5.85" PMx="0.33" fuel="5.99" electricity="0.00" noise="75.49" route="routetop" type="cfm-slow" waiting="0.00" lane="left_0" pos="10.07" speed="27.68" angle="166.25" x="-1.52" y="42.26"/>
        <vehicle id="cfm-slow_3" eclass="HBEFA3/PC_G_EU4" CO2="8527.66" CO="123.92" HC="0.78" NOx="3.28" PMx="0.19" fuel="3.67" electricity="0.00" noise="74.05" route="routetop" type="cfm-slow" waiting="0.00" lane="left_0" pos="32.97" speed="28.82" angle="125.19" x="28.65" y="4.67"/>
        <vehicle id="cfm-slow_4" eclass="HBEFA3/PC_G_EU4" CO2="0.00" CO="0.00" HC="0.00" NOx="0.00" PMx="0.00" fuel="0.00" electricity="0.00" noise="72.82" route="routebottom" type="cfm-slow" waiting="0.00" lane="bottom_0" pos="6.94" speed="29.11" angle="81.95" x="78.57" y="-3.30"/>
        <vehicle id="cfm-slow_5" eclass="HBEFA3/PC_G_EU4" CO2="0.00" CO="0.00" HC="0.00" NOx="0.00" PMx="0.00" fuel="0.00" electricity="0.00" noise="71.93" route="routebottom" type="cfm-slow" waiting="0.00" lane="bottom_0" pos="31.12" speed="28.49" angle="38.50" x="120.54" y="25.31"/>
    </timestep>
    <timestep time="6.61">
        <vehicle id="cfm-fast_0" eclass="HBEFA3/PC_G_EU4" CO2="0.00" CO="0.00" HC="0.00" NOx="0.00" PMx="0.00" fuel="0.00" electricity="0.00" noise="71.08" route="routebottom" type="cfm-fast" waiting="0.00" lane="right_0" pos="4.87" speed="27.17" angle="355.75" x="131.45" y="74.21"/>
        <vehicle id="cfm-fast_1" eclass="HBEFA3/PC_G_EU4" CO2="262767.07" CO="6839.29" HC="37.83" NOx="122.39" PMx="7.47" fuel="112.95" electricity="0.00" noise="139.56" route="routetop" type="cfm-fast" waiting="0.00" lane="left_1" pos="48.89" speed="81.18" angle="96.54" x="61.36" y="-1.61"/>
        <vehicle id="cfm-fast_2" eclass="HBEFA3/PC_G_EU4" CO2="0.00" CO="0.00" HC="0.00" NOx="0.00" PMx="0.00" fuel="0.00" electricity="0.00" noise="70.34" route="routebottom" type="cfm-fast" waiting="0.00" lane="right_0" pos="23.06" speed="25.47" angle="322.96" x="115.04" y="109.13"/>
        <vehicle id="cfm-fast_3" eclass="HBEFA3/PC_G_EU4" CO2="0.00" CO="0.00" HC="0.00" NOx="0.00" PMx="0.00" fuel="0.00" electricity="0.00" noise="70.31" route="routebottom" type="cfm-fast" waiting="0.00" lane="right_0" pos="39.47" speed="24.17" angle="293.50" x="85.99" y="128.53"/>
        <vehicle id="cfm-fast_4" eclass="HBEFA3/PC_G_EU4" CO2="8564.59" CO="102.90" HC="0.68" NOx="3.41" PMx="0.18" fuel="3.68" electricity="0.00" noise="72.20" route="routetop" type="cfm-fast" waiting="0.00" lane="top_0" pos="4.59" speed="23.73" angle="266.27" x="53.72" y="131.54"/>
        <vehicle id="cfm-fast_5" eclass="HBEFA3/PC_G_EU4" CO2="375101.16" CO="9634.83" HC="53.40" NOx="175.31" PMx="10.61" fuel="161.24" electricity="0.00" noise="158.36" route="routebottom" type="cfm-fast" waiting="0.00" lane="right_1" pos="23.52" speed="90.14" angle="322.18" x="111.94" y="107.64"/>
        <vehicle id="cfm-slow_0" eclass="HBEFA3/PC_G_EU4" CO2="14969.92" CO="236.35" HC="1.45" NOx="6.41" PMx="0.35" fuel="6.43" electricity="0.00" noise="75.34" route="routetop" type="cfm-slow" waiting="0.00" lane="top_0" pos="19.50" speed="24.38" angle="239.34" x="24.20" y="119.78"/>
        <vehicle id="cfm-slow_1" eclass="HBEFA3/PC_G_EU4" CO2="16024.29" CO="263.78" HC="1.60" NOx="6.87" PMx="0.38" fuel="6.89" electricity="0.00" noise="76.10" route="routetop" type="cfm-slow" waiting="0.00" lane="top_0" pos="39.07" speed="26.06" angle="204.20" x="-0.91" y="86.81"/>
        <vehicle id="cfm-slow_2" eclass="HBEFA3/PC_G_EU4" CO2="13883.46" CO="227.51" HC="1.38" NOx="5.83" PMx="0.33" fuel="5.97" electricity="0.00" noise="75.47" route="routetop" type="cfm-slow" waiting="0.00" lane="left_0" pos="10.35" speed="27.69" angle="165.81" x="-1.33" y="41.69"/>
        <vehicle id="cfm-slow_3" eclass="HBEFA3/PC_G_EU4" CO2="8459.20" CO="122.53" HC="0.77" NOx="3.24" PMx="0.19" fuel="3.64" electricity="0.00" noise="74.04" route="routetop" type="cfm-slow" waiting="0.00" lane="left_0" pos="33.25" speed="28.82" angle="124.67" x="29.18" y="4.35"/>
        <vehicle id="cfm-slow_4" eclass="HBEFA3/PC_G_EU4" CO2="0.00" CO="0.00" HC="0.00" NOx="0.00" PMx="0.00" fuel="0.00" electricity="0.00" noise="72.81" route="routebottom" type="cfm-slow" waiting="0.00" lane="bottom_0" pos="7.23" speed="29.10" angle="81.39" x="79.18" y="-3.16"/>
        <vehicle id="cfm-slow_5" eclass="HBEFA3/PC_G_EU4" CO2="0.00" CO="0.00" HC="0.00" NOx="0.00" PMx="0.00" fuel="0.00" electricity="0.00" noise="71.92" route="routebottom" type="cfm-slow" waiting="0.00" lane="bottom_0" pos="31.41" speed="28.47" angle="37.99" x="120.88" y="25.82"/>
    </timestep>
    <timestep time="6.62">
        <vehicle id="cfm-fast_0" eclass="HBEFA3/PC_G_EU4" CO2="0.00" CO="0.00" HC="0.00" NOx="0.00" PMx="0.00" fuel="0.00" electricity="0.00" noise="71.07" route="routebottom" type="cfm-fast" waiting="0.00" lane="right_0" pos="5.15" speed="27.15" angle="355.21" x="131.37" y="74.78"/>
        <vehicle id="cfm-fast_1" eclass="HBEFA3/PC_G_EU4" CO2="263531.19" CO="6860.23" HC="37.95" NOx="122.75" PMx="7.50" fuel="113.28" electricity="0.00" noise="139.69" route="routetop" type="cfm-fast" waiting="0.00" lane="left_1" pos="49.71" speed="81.28" angle="95.02" x="63.03" y="-1.64"/>
        <vehicle id="cfm-fast_2" eclass="HBEFA3/PC_G_EU4" CO2="0.00" CO="0.00" HC="0.00" NOx="0.00" PMx="0.00" fuel="0.00" electricity="0.00" noise="70.33" route="routebottom" type="cfm-fast" waiting="0.00" lane="right_0" pos="23.31" speed="25.46" angle="322.51" x="114.67" y="109.53"/>
        <vehicle id="cfm-fast_3" eclass="HBEFA3/PC_G_EU4" CO2="0.00" CO="0.00" HC="0.00" NOx="0.00" PMx="0.00" fuel="0.00" electricity="0.00" noise="70.32" route="routebottom" type="cfm-fast" waiting="0.00" lane="right_0" pos="39.71" speed="24.16" angle="293.10" x="85.50" y="128.71"/>
        <vehicle id="cfm-fast_4" eclass="HBEFA3/PC_G_EU4" CO2="8616.70" CO="103.99" HC="0.69" NOx="3.43" PMx="0.18" fuel="3.70" electricity="0.00" noise="72.22" route="routetop" type="cfm-fast" waiting="0.00" lane="top_0" pos="4.83" speed="23.74" angle="265.84" x="53.22" y="131.47"/>
        <vehicle id="cfm-fast_5" eclass="HBEFA3/PC_G_EU4" CO2="375761.30" CO="9656.29" HC="53.51" NOx="175.62" PMx="10.63" fuel="161.52" electricity="0.00" noise="158.43" route="routebottom" type="cfm-fast" waiting="0.00" lane="right_1" pos="24.42" speed="90.27" angle="320.59" x="110.67" y="109.00"/>
        <vehicle id="cfm-slow_0" eclass="HBEFA3/PC_G_EU4" CO2="14979.31" CO="236.59" HC="1.45" NOx="6.42" PMx="0.35" fuel="6.44" electricity="0.00" noise="75.35" route="routetop" type="cfm-slow" waiting="0.00" lane="top_0" pos="19.74" speed="24.40" angle="238.90" x="23.78" y="119.47"/>
        <vehicle id="cfm-slow_1" eclass="HBEFA3/PC_G_EU4" CO2="16004.48" CO="263.44" HC="1.60" NOx="6.86" PMx="0.38" fuel="6.88" electricity="0.00" noise="76.10" route="routetop" type="cfm-slow" waiting="0.00" lane="top_0" pos="39.33" speed="26.08" angle="203.72" x="-1.10" y="86.28"/>
        <vehicle id="cfm-slow_2" eclass="HBEFA3/PC_G_EU4" CO2="13831.12" CO="226.50" HC="1.38" NOx="5.80" PMx="0.33" fuel="5.95" electricity="0.00" noise="75.45" route="routetop" type="cfm-slow" waiting="0.00" lane="left_0" pos="10.63" speed="27.71" angle="165.30" x="-1.13" y="41.13"/>
        <vehicle id="cfm-slow_3" eclass="HBEFA3/PC_G_EU4" CO2="8390.83" CO="121.15" HC="0.76" NOx="3.21" PMx="0.19" fuel="3.61" electricity="0.00" noise="74.02" route="routetop" type="cfm-slow" waiting="0.00" lane="left_0" pos="33.54" speed="28.83" angle="124.18" x="29.72" y="4.04"/>
        <vehicle id="cfm-slow_4" eclass="HBEFA3/PC_G_EU4" CO2="0.00" CO="0.00" HC="0.00" NOx="0.00" PMx="0.00" fuel="0.00" electricity="0.00" noise="72.80" route="routebottom" type="cfm-slow" waiting="0.00" lane="bottom_0" pos="7.52" speed="29.10" angle="80.83" x="79.79" y="-3.02"/>
        <vehicle id="cfm-slow_5" eclass="HBEFA3/PC_G_EU4" CO2="0.00" CO="0.00" HC="0.00" NOx="0.00" PMx="0.00" fuel="0.00" electricity="0.00" noise="71.91" route="routebottom" type="cfm-slow" waiting="0.00" lane="bottom_0" pos="31.69" speed="28.46" angle="37.47" x="121.22" y="26.33"/>
    </timestep>
    <timestep time="6.63">
        <vehicle id="cfm-fast_0" eclass="HBEFA3/PC_G_EU4" CO2="0.00" CO="0.00" HC="0.00" NOx="0.00" PMx="0.00" fuel="0.00" electricity="0.00" noise="71.07" route="routebottom" type="cfm-fast" waiting="0.00" lane="right_0" pos="5.42" speed="27.14" angle="354.71" x="131.26" y="75.36"/>
        <vehicle id="cfm-fast_1" eclass="HBEFA3/PC_G_EU4" CO2="264296.72" CO="6881.21" HC="38.06" NOx="123.11" PMx="7.52" fuel="113.61" electricity="0.00" noise="139.81" route="routebottom" type="cfm-fast" waiting="0.00" lane="bottom_1" pos="0.52" speed="81.39" angle="93.54" x="64.76" y="-1.63"/>
        <vehicle id="cfm-fast_2" eclass="HBEFA3/PC_G_EU4" CO2="0.00" CO="0.00" HC="0.00" NOx="0.00" PMx="0.00" fuel="0.00" electricity="0.00" noise="70.33" route="routebottom" type="cfm-fast" waiting="0.00" lane="right_0" pos="23.56" speed="25.45" angle="322.06" x="114.30" y="109.94"/>
        <vehicle id="cfm-fast_3" eclass="HBEFA3/PC_G_EU4" CO2="0.00" CO="0.00" HC="0.00" NOx="0.00" PMx="0.00" fuel="0.00" electricity="0.00" noise="70.33" route="routebottom" type="cfm-fast" waiting="0.00" lane="right_0" pos="39.96" speed="24.16" angle="292.67" x="85.01" y="128.87"/>
        <vehicle id="cfm-fast_4" eclass="HBEFA3/PC_G_EU4" CO2="8668.50" CO="105.08" HC="0.69" NOx="3.46" PMx="0.18" fuel="3.73" electricity="0.00" noise="72.24" route="routetop" type="cfm-fast" waiting="0.00" lane="top_0" pos="5.07" speed="23.74" angle="265.36" x="52.71" y="131.40"/>
        <vehicle id="cfm-fast_5" eclass="HBEFA3/PC_G_EU4" CO2="376421.73" CO="9677.77" HC="53.63" NOx="175.93" PMx="10.65" fuel="161.81" electricity="0.00" noise="158.50" route="routebottom" type="cfm-fast" waiting="0.00" lane="right_1" pos="25.32" speed="90.41" angle="318.94" x="109.36" y="110.31"/>
        <vehicle id="cfm-slow_0" eclass="HBEFA3/PC_G_EU4" CO2="14988.47" CO="236.83" HC="1.45" NOx="6.42" PMx="0.35" fuel="6.44" electricity="0.00" noise="75.36" route="routetop" type="cfm-slow" waiting="0.00" lane="top_0" pos="19.99" speed="24.41" angle="238.46" x="23.35" y="119.16"/>
        <vehicle id="cfm-slow_1" eclass="HBEFA3/PC_G_EU4" CO2="15984.39" CO="263.10" HC="1.60" NOx="6.85" PMx="0.38" fuel="6.87" electricity="0.00" noise="76.09" route="routetop" type="cfm-slow" waiting="0.00" lane="top_0" pos="39.59" speed="26.10" angle="203.24" x="-1.29" y="85.75"/>
        <vehicle id="cfm-slow_2" eclass="HBEFA3/PC_G_EU4" CO2="13778.63" CO="225.49" HC="1.37" NOx="5.78" PMx="0.33" fuel="5.92" electricity="0.00" noise="75.44" route="routetop" type="cfm-slow" waiting="0.00" lane="left_0" pos="10.91" speed="27.72" angle="164.78" x="-0.93" y="40.57"/>
        <vehicle id="cfm-slow_3" eclass="HBEFA3/PC_G_EU4" CO2="8322.54" CO="119.77" HC="0.76" NOx="3.18" PMx="0.19" fuel="3.58" electricity="0.00" noise="74.00" route="routetop" type="cfm-slow" waiting="0.00" lane="left_0" pos="33.83" speed="28.83" angle="123.65" x="30.27" y="3.74"/>
        <vehicle id="cfm-slow_4" eclass="HBEFA3/PC_G_EU4" CO2="0.00" CO="0.00" HC="0.00" NOx="0.00" PMx="0.00" fuel="0.00" electricity="0.00" noise="72.79" route="routebottom" type="cfm-slow" waiting="0.00" lane="bottom_0" pos="7.81" speed="29.09" angle="80.36" x="80.40" y="-2.87"/>
        <vehicle id="cfm-slow_5" eclass="HBEFA3/PC_G_EU4" CO2="0.00" CO="0.00" HC="0.00" NOx="0.00" PMx="0.00" fuel="0.00" electricity="0.00" noise="71.90" route="routebottom" type="cfm-slow" waiting="0.00" lane="bottom_0" pos="31.98" speed="28.45" angle="36.99" x="121.56" y="26.84"/>
    </timestep>
    <timestep time="6.64">
        <vehicle id="cfm-fast_0" eclass="HBEFA3/PC_G_EU4" CO2="0.00" CO="0.00" HC="0.00" NOx="0.00" PMx="0.00" fuel="0.00" electricity="0.00" noise="71.06" route="routebottom" type="cfm-fast" waiting="0.00" lane="right_0" pos="5.69" speed="27.12" angle="354.20" x="131.16" y="75.93"/>
        <vehicle id="cfm-fast_1" eclass="HBEFA3/PC_G_EU4" CO2="265063.64" CO="6902.24" HC="38.18" NOx="123.47" PMx="7.54" fuel="113.94" electricity="0.00" noise="139.94" route="routebottom" type="cfm-fast" waiting="0.00" lane="bottom_1" pos="1.34" speed="81.49" angle="92.10" x="66.43" y="-1.59"/>
        <vehicle id="cfm-fast_2" eclass="HBEFA3/PC_G_EU4" CO2="0.00" CO="0.00" HC="0.00" NOx="0.00" PMx="0.00" fuel="0.00" electricity="0.00" noise="70.33" route="routebottom" type="cfm-fast" waiting="0.00" lane="right_0" pos="23.82" speed="25.44" angle="321.60" x="113.93" y="110.34"/>
        <vehicle id="cfm-fast_3" eclass="HBEFA3/PC_G_EU4" CO2="0.00" CO="0.00" HC="0.00" NOx="0.00" PMx="0.00" fuel="0.00" electricity="0.00" noise="70.34" route="routebottom" type="cfm-fast" waiting="0.00" lane="right_0" pos="40.20" speed="24.15" angle="292.21" x="84.51" y="129.02"/>
        <vehicle id="cfm-fast_4" eclass="HBEFA3/PC_G_EU4" CO2="8720.00" CO="106.15" HC="0.70" NOx="3.48" PMx="0.18" fuel="3.75" electricity="0.00" noise="72.27" route="routetop" type="cfm-fast" waiting="0.00" lane="top_0" pos="5.30" speed="23.75" angle="264.93" x="52.21" y="131.31"/>
        <vehicle id="cfm-fast_5" eclass="HBEFA3/PC_G_EU4" CO2="377082.45" CO="9699.27" HC="53.74" NOx="176.24" PMx="10.67" fuel="162.09" electricity="0.00" noise="158.56" route="routebottom" type="cfm-fast" waiting="0.00" lane="right_1" pos="26.23" speed="90.55" angle="317.34" x="108.02" y="111.59"/>
        <vehicle id="cfm-slow_0" eclass="HBEFA3/PC_G_EU4" CO2="14997.38" CO="237.06" HC="1.45" NOx="6.43" PMx="0.35" fuel="6.45" electricity="0.00" noise="75.36" route="routetop" type="cfm-slow" waiting="0.00" lane="top_0" pos="20.23" speed="24.43" angle="238.01" x="22.93" y="118.85"/>
        <vehicle id="cfm-slow_1" eclass="HBEFA3/PC_G_EU4" CO2="15964.01" CO="262.75" HC="1.59" NOx="6.84" PMx="0.38" fuel="6.86" electricity="0.00" noise="76.08" route="routetop" type="cfm-slow" waiting="0.00" lane="top_0" pos="39.85" speed="26.11" angle="202.83" x="-1.48" y="85.22"/>
        <vehicle id="cfm-slow_2" eclass="HBEFA3/PC_G_EU4" CO2="13725.97" CO="224.47" HC="1.37" NOx="5.75" PMx="0.32" fuel="5.90" electricity="0.00" noise="75.42" route="routetop" type="cfm-slow" waiting="0.00" lane="left_0" pos="11.18" speed="27.73" angle="164.27" x="-0.73" y="40.01"/>
        <vehicle id="cfm-slow_3" eclass="HBEFA3/PC_G_EU4" CO2="8254.34" CO="118.39" HC="0.75" NOx="3.15" PMx="0.19" fuel="3.55" electricity="0.00" noise="73.99" route="routetop" type="cfm-slow" waiting="0.00" lane="left_0" pos="34.12" speed="28.83" angle="123.12" x="30.81" y="3.44"/>
        <vehicle id="cfm-slow_4" eclass="HBEFA3/PC_G_EU4" CO2="0.00" CO="0.00" HC="0.00" NOx="0.00" PMx="0.00" fuel="0.00" electricity="0.00" noise="72.78" route="routebottom" type="cfm-slow" waiting="0.00" lane="bottom_0" pos="8.11" speed="29.09" angle="79.82" x="81.01" y="-2.70"/>
        <vehicle id="cfm-slow_5" eclass="HBEFA3/PC_G_EU4" CO2="0.00" CO="0.00" HC="0.00" NOx="0.00" PMx="0.00" fuel="0.00" electricity="0.00" noise="71.90" route="routebottom" type="cfm-slow" waiting="0.00" lane="bottom_0" pos="32.26" speed="28.44" angle="36.51" x="121.88" y="27.36"/>
    </timestep>
    <timestep time="6.65">
        <vehicle id="cfm-fast_0" eclass="HBEFA3/PC_G_EU4" CO2="0.00" CO="0.00" HC="0.00" NOx="0.00" PMx="0.00" fuel="0.00" electricity="0.00" noise="71.05" route="routebottom" type="cfm-fast" waiting="0.00" lane="right_0" pos="5.96" speed="27.11" angle="353.69" x="131.05" y="76.51"/>
        <vehicle id="cfm-fast_1" eclass="HBEFA3/PC_G_EU4" CO2="265831.93" CO="6923.31" HC="38.29" NOx="123.83" PMx="7.56" fuel="114.27" electricity="0.00" noise="140.06" route="routebottom" type="cfm-fast" waiting="0.00" lane="bottom_1" pos="2.15" speed="81.60" angle="90.61" x="68.10" y="-1.49"/>
        <vehicle id="cfm-fast_2" eclass="HBEFA3/PC_G_EU4" CO2="0.00" CO="0.00" HC="0.00" NOx="0.00" PMx="0.00" fuel="0.00" electricity="0.00" noise="70.33" route="routebottom" type="cfm-fast" waiting="0.00" lane="right_0" pos="24.07" speed="25.42" angle="321.14" x="113.56" y="110.74"/>
        <vehicle id="cfm-fast_3" eclass="HBEFA3/PC_G_EU4" CO2="0.00" CO="0.00" HC="0.00" NOx="0.00" PMx="0.00" fuel="0.00" electricity="0.00" noise="70.35" route="routebottom" type="cfm-fast" waiting="0.00" lane="right_0" pos="40.44" speed="24.15" angle="291.75" x="84.02" y="129.18"/>
        <vehicle id="cfm-fast_4" eclass="HBEFA3/PC_G_EU4" CO2="8771.19" CO="107.22" HC="0.71" NOx="3.50" PMx="0.18" fuel="3.77" electricity="0.00" noise="72.29" route="routetop" type="cfm-fast" waiting="0.00" lane="top_0" pos="5.54" speed="23.76" angle="264.48" x="51.71" y="131.21"/>
        <vehicle id="cfm-fast_5" eclass="HBEFA3/PC_G_EU4" CO2="377743.46" CO="9720.80" HC="53.86" NOx="176.55" PMx="10.69" fuel="162.37" electricity="0.00" noise="158.63" route="routebottom" type="cfm-fast" waiting="0.00" lane="right_1" pos="27.14" speed="90.68" angle="315.71" x="106.64" y="112.83"/>
        <vehicle id="cfm-slow_0" eclass="HBEFA3/PC_G_EU4" CO2="15006.05" CO="237.28" HC="1.45" NOx="6.43" PMx="0.35" fuel="6.45" electricity="0.00" noise="75.37" route="routetop" type="cfm-slow" waiting="0.00" lane="top_0" pos="20.48" speed="24.45" angle="237.61" x="22.50" y="118.55"/>
        <vehicle id="cfm-slow_1" eclass="HBEFA3/PC_G_EU4" CO2="15943.34" CO="262.39" HC="1.59" NOx="6.83" PMx="0.38" fuel="6.85" electricity="0.00" noise="76.07" route="routetop" type="cfm-slow" waiting="0.00" lane="top_0" pos="40.12" speed="26.13" angle="202.34" x="-1.64" y="84.68"/>
        <vehicle id="cfm-slow_2" eclass="HBEFA3/PC_G_EU4" CO2="13673.16" CO="223.45" HC="1.36" NOx="5.73" PMx="0.32" fuel="5.88" electricity="0.00" noise="75.40" route="routetop" type="cfm-slow" waiting="0.00" lane="left_0" pos="11.46" speed="27.74" angle="163.80" x="-0.53" y="39.44"/>
        <vehicle id="cfm-slow_3" eclass="HBEFA3/PC_G_EU4" CO2="8186.22" CO="117.01" HC="0.74" NOx="3.11" PMx="0.18" fuel="3.52" electricity="0.00" noise="73.97" route="routetop" type="cfm-slow" waiting="0.00" lane="left_0" pos="34.41" speed="28.84" angle="122.59" x="31.35" y="3.14"/>
        <vehicle id="cfm-slow_4" eclass="HBEFA3/PC_G_EU4" CO2="0.00" CO="0.00" HC="0.00" NOx="0.00" PMx="0.00" fuel="0.00" electricity="0.00" noise="72.77" route="routebottom" type="cfm-slow" waiting="0.00" lane="bottom_0" pos="8.40" speed="29.08" angle="79.29" x="81.61" y="-2.54"/>
        <vehicle id="cfm-slow_5" eclass="HBEFA3/PC_G_EU4" CO2="0.00" CO="0.00" HC="0.00" NOx="0.00" PMx="0.00" fuel="0.00" electricity="0.00" noise="71.89" route="routebottom" type="cfm-slow" waiting="0.00" lane="bottom_0" pos="32.55" speed="28.43" angle="35.97" x="122.20" y="27.88"/>
    </timestep>
    <timestep time="6.66">
        <vehicle id="cfm-fast_0" eclass="HBEFA3/PC_G_EU4" CO2="0.00" CO="0.00" HC="0.00" NOx="0.00" PMx="0.00" fuel="0.00" electricity="0.00" noise="71.05" route="routebottom" type="cfm-fast" waiting="0.00" lane="right_0" pos="6.23" speed="27.09" angle="353.19" x="130.95" y="77.08"/>
        <vehicle id="cfm-fast_1" eclass="HBEFA3/PC_G_EU4" CO2="266601.55" CO="6944.43" HC="38.41" NOx="124.19" PMx="7.59" fuel="114.60" electricity="0.00" noise="140.19" route="routebottom" type="cfm-fast" waiting="0.00" lane="bottom_1" pos="2.97" speed="81.70" angle="89.17" x="69.77" y="-1.35"/>
        <vehicle id="cfm-fast_2" eclass="HBEFA3/PC_G_EU4" CO2="0.00" CO="0.00" HC="0.00" NOx="0.00" PMx="0.00" fuel="0.00" electricity="0.00" noise="70.32" route="routebottom" type="cfm-fast" waiting="0.00" lane="right_0" pos="24.33" speed="25.41" angle="320.72" x="113.19" y="111.14"/>
        <vehicle id="cfm-fast_3" eclass="HBEFA3/PC_G_EU4" CO2="0.00" CO="0.00" HC="0.00" NOx="0.00" PMx="0.00" fuel="0.00" electricity="0.00" noise="70.36" route="routebottom" type="cfm-fast" waiting="0.00" lane="right_0" pos="40.68" speed="24.15" angle="291.29" x="83.52" y="129.33"/>
        <vehicle id="cfm-fast_4" eclass="HBEFA3/PC_G_EU4" CO2="8822.07" CO="108.29" HC="0.71" NOx="3.53" PMx="0.19" fuel="3.79" electricity="0.00" noise="72.31" route="routetop" type="cfm-fast" waiting="0.00" lane="top_0" pos="5.78" speed="23.77" angle="264.04" x="51.20" y="131.12"/>
        <vehicle id="cfm-fast_5" eclass="HBEFA3/PC_G_EU4" CO2="378404.76" CO="9742.34" HC="53.98" NOx="176.86" PMx="10.71" fuel="162.66" electricity="0.00" noise="158.69" route="routebottom" type="cfm-fast" waiting="0.00" lane="right_1" pos="28.05" speed="90.82" angle="313.93" x="105.22" y="114.03"/>
        <vehicle id="cfm-slow_0" eclass="HBEFA3/PC_G_EU4" CO2="15014.48" CO="237.50" HC="1.45" NOx="6.43" PMx="0.35" fuel="6.45" electricity="0.00" noise="75.38" route="routetop" type="cfm-slow" waiting="0.00" lane="top_0" pos="20.72" speed="24.46" angle="237.18" x="22.08" y="118.22"/>
        <vehicle id="cfm-slow_1" eclass="HBEFA3/PC_G_EU4" CO2="15922.38" CO="262.03" HC="1.59" NOx="6.82" PMx="0.38" fuel="6.84" electricity="0.00" noise="76.07" route="routetop" type="cfm-slow" waiting="0.00" lane="top_0" pos="40.38" speed="26.15" angle="201.85" x="-1.81" y="84.14"/>
        <vehicle id="cfm-slow_2" eclass="HBEFA3/PC_G_EU4" CO2="13620.19" CO="222.42" HC="1.35" NOx="5.70" PMx="0.32" fuel="5.85" electricity="0.00" noise="75.38" route="routetop" type="cfm-slow" waiting="0.00" lane="left_0" pos="11.74" speed="27.75" angle="163.33" x="-0.31" y="38.89"/>
        <vehicle id="cfm-slow_3" eclass="HBEFA3/PC_G_EU4" CO2="8118.20" CO="115.63" HC="0.73" NOx="3.08" PMx="0.18" fuel="3.49" electricity="0.00" noise="73.95" route="routetop" type="cfm-slow" waiting="0.00" lane="left_0" pos="34.70" speed="28.84" angle="122.12" x="31.90" y="2.85"/>
        <vehicle id="cfm-slow_4" eclass="HBEFA3/PC_G_EU4" CO2="0.00" CO="0.00" HC="0.00" NOx="0.00" PMx="0.00" fuel="0.00" electricity="0.00" noise="72.76" route="routebottom" type="cfm-slow" waiting="0.00" lane="bottom_0" pos="8.69" speed="29.07" angle="78.76" x="82.22" y="-2.38"/>
        <vehicle id="cfm-slow_5" eclass="HBEFA3/PC_G_EU4" CO2="0.00" CO="0.00" HC="0.00" NOx="0.00" PMx="0.00" fuel="0.00" electricity="0.00" noise="71.88" route="routebottom" type="cfm-slow" waiting="0.00" lane="bottom_0" pos="32.83" speed="28.41" angle="35.44" x="122.51" y="28.41"/>
    </timestep>
    <timestep time="6.67">
        <vehicle id="cfm-fast_0" eclass="HBEFA3/PC_G_EU4" CO2="0.00" CO="0.00" HC="0.00" NOx="0.00" PMx="0.00" fuel="0.00" electricity="0.00" noise="71.04" route="routebottom" type="cfm-fast" waiting="0.00" lane="right_0" pos="6.50" speed="27.07" angle="352.74" x="130.83" y="77.65"/>
        <vehicle id="cfm-fast_1" eclass="HBEFA3/PC_G_EU4" CO2="267372.50" CO="6965.59" HC="38.53" NOx="124.56" PMx="7.61" fuel="114.93" electricity="0.00" noise="140.32" route="routebottom" type="cfm-fast" waiting="0.00" lane="bottom_1" pos="3.79" speed="81.80" angle="87.70" x="71.44" y="-1.19"/>
        <vehicle id="cfm-fast_2" eclass="HBEFA3/PC_G_EU4" CO2="0.00" CO="0.00" HC="0.00" NOx="0.00" PMx="0.00" fuel="0.00" electricity="0.00" noise="70.32" route="routebottom" type="cfm-fast" waiting="0.00" lane="right_0" pos="24.58" speed="25.40" angle="320.26" x="112.80" y="111.53"/>
        <vehicle id="cfm-fast_3" eclass="HBEFA3/PC_G_EU4" CO2="0.00" CO="0.00" HC="0.00" NOx="0.00" PMx="0.00" fuel="0.00" electricity="0.00" noise="70.37" route="routebottom" type="cfm-fast" waiting="0.00" lane="right_0" pos="40.92" speed="24.14" angle="290.83" x="83.02" y="129.48"/>
        <vehicle id="cfm-fast_4" eclass="HBEFA3/PC_G_EU4" CO2="8872.65" CO="109.35" HC="0.72" NOx="3.55" PMx="0.19" fuel="3.81" electricity="0.00" noise="72.34" route="routetop" type="cfm-fast" waiting="0.00" lane="top_0" pos="6.02" speed="23.78" angle="263.59" x="50.70" y="131.03"/>
        <vehicle id="cfm-fast_5" eclass="HBEFA3/PC_G_EU4" CO2="379066.36" CO="9763.91" HC="54.09" NOx="177.17" PMx="10.73" fuel="162.94" electricity="0.00" noise="158.76" route="routebottom" type="cfm-fast" waiting="0.00" lane="right_1" pos="28.95" speed="90.95" angle="312.32" x="103.76" y="115.19"/>
        <vehicle id="cfm-slow_0" eclass="HBEFA3/PC_G_EU4" CO2="15022.66" CO="237.72" HC="1.46" NOx="6.44" PMx="0.35" fuel="6.46" electricity="0.00" noise="75.38" route="routetop" type="cfm-slow" waiting="0.00" lane="top_0" pos="20.97" speed="24.48" angle="236.73" x="21.67" y="117.90"/>
        <vehicle id="cfm-slow_1" eclass="HBEFA3/PC_G_EU4" CO2="15901.13" CO="261.66" HC="1.59" NOx="6.81" PMx="0.38" fuel="6.84" electricity="0.00" noise="76.06" route="routetop" type="cfm-slow" waiting="0.00" lane="top_0" pos="40.64" speed="26.16" angle="201.36" x="-1.97" y="83.61"/>
        <vehicle id="cfm-slow_2" eclass="HBEFA3/PC_G_EU4" CO2="13567.07" CO="221.39" HC="1.35" NOx="5.68" PMx="0.32" fuel="5.83" electricity="0.00" noise="75.37" route="routetop" type="cfm-slow" waiting="0.00" lane="left_0" pos="12.02" speed="27.77" angle="162.84" x="-0.09" y="38.33"/>
        <vehicle id="cfm-slow_3" eclass="HBEFA3/PC_G_EU4" CO2="8050.26" CO="114.26" HC="0.72" NOx="3.05" PMx="0.18" fuel="3.46" electricity="0.00" noise="73.94" route="routetop" type="cfm-slow" waiting="0.00" lane="left_0" pos="34.98" speed="28.84" angle="121.59" x="32.45" y="2.57"/>
        <vehicle id="cfm-slow_4" eclass="HBEFA3/PC_G_EU4" CO2="0.00" CO="0.00" HC="0.00" NOx="0.00" PMx="0.00" fuel="0.00" electricity="0.00" noise="72.75" route="routebottom" type="cfm-slow" waiting="0.00" lane="bottom_0" pos="8.98" speed="29.07" angle="78.28" x="82.82" y="-2.22"/>
        <vehicle id="cfm-slow_5" eclass="HBEFA3/PC_G_EU4" CO2="0.00" CO="0.00" HC="0.00" NOx="0.00" PMx="0.00" fuel="0.00" electricity="0.00" noise="71.87" route="routebottom" type="cfm-slow" waiting="0.00" lane="bottom_0" pos="33.12" speed="28.40" angle="34.91" x="122.82" y="28.93"/>
    </timestep>
    <timestep time="6.68">
        <vehicle id="cfm-fast_0" eclass="HBEFA3/PC_G_EU4" CO2="0.00" CO="0.00" HC="0.00" NOx="0.00" PMx="0.00" fuel="0.00" electricity="0.00" noise="71.03" route="routebottom" type="cfm-fast" waiting="0.00" lane="right_0" pos="6.77" speed="27.06" angle="352.24" x="130.70" y="78.22"/>
        <vehicle id="cfm-fast_1" eclass="HBEFA3/PC_G_EU4" CO2="268144.73" CO="6986.80" HC="38.64" NOx="124.92" PMx="7.63" fuel="115.26" electricity="0.00" noise="140.44" route="routebottom" type="cfm-fast" waiting="0.00" lane="bottom_1" pos="4.61" speed="81.91" angle="86.23" x="73.10" y="-0.96"/>
        <vehicle id="cfm-fast_2" eclass="HBEFA3/PC_G_EU4" CO2="0.00" CO="0.00" HC="0.00" NOx="0.00" PMx="0.00" fuel="0.00" electricity="0.00" noise="70.32" route="routebottom" type="cfm-fast" waiting="0.00" lane="right_0" pos="24.84" speed="25.39" angle="319.79" x="112.42" y="111.91"/>
        <vehicle id="cfm-fast_3" eclass="HBEFA3/PC_G_EU4" CO2="0.00" CO="0.00" HC="0.00" NOx="0.00" PMx="0.00" fuel="0.00" electricity="0.00" noise="70.38" route="routebottom" type="cfm-fast" waiting="0.00" lane="right_0" pos="41.16" speed="24.14" angle="290.45" x="82.53" y="129.63"/>
        <vehicle id="cfm-fast_4" eclass="HBEFA3/PC_G_EU4" CO2="8922.92" CO="110.40" HC="0.72" NOx="3.57" PMx="0.19" fuel="3.84" electricity="0.00" noise="72.36" route="routetop" type="cfm-fast" waiting="0.00" lane="top_0" pos="6.26" speed="23.78" angle="263.16" x="50.20" y="130.94"/>
        <vehicle id="cfm-fast_5" eclass="HBEFA3/PC_G_EU4" CO2="379728.25" CO="9785.50" HC="54.21" NOx="177.48" PMx="10.75" fuel="163.23" electricity="0.00" noise="158.83" route="routebottom" type="cfm-fast" waiting="0.00" lane="right_1" pos="29.87" speed="91.09" angle="310.71" x="102.27" y="116.32"/>
        <vehicle id="cfm-slow_0" eclass="HBEFA3/PC_G_EU4" CO2="15030.59" CO="237.93" HC="1.46" NOx="6.44" PMx="0.35" fuel="6.46" electricity="0.00" noise="75.39" route="routetop" type="cfm-slow" waiting="0.00" lane="top_0" pos="21.21" speed="24.50" angle="236.28" x="21.25" y="117.57"/>
        <vehicle id="cfm-slow_1" eclass="HBEFA3/PC_G_EU4" CO2="15879.59" CO="261.29" HC="1.59" NOx="6.80" PMx="0.38" fuel="6.83" electricity="0.00" noise="76.05" route="routetop" type="cfm-slow" waiting="0.00" lane="top_0" pos="40.90" speed="26.18" angle="200.87" x="-2.14" y="83.07"/>
        <vehicle id="cfm-slow_2" eclass="HBEFA3/PC_G_EU4" CO2="13513.79" CO="220.36" HC="1.34" NOx="5.65" PMx="0.32" fuel="5.81" electricity="0.00" noise="75.35" route="routetop" type="cfm-slow" waiting="0.00" lane="left_0" pos="12.29" speed="27.78" angle="162.34" x="0.13" y="37.78"/>
        <vehicle id="cfm-slow_3" eclass="HBEFA3/PC_G_EU4" CO2="7982.42" CO="112.88" HC="0.72" NOx="3.02" PMx="0.18" fuel="3.43" electricity="0.00" noise="73.92" route="routetop" type="cfm-slow" waiting="0.00" lane="left_0" pos="35.27" speed="28.85" angle="121.05" x="33.01" y="2.29"/>
        <vehicle id="cfm-slow_4" eclass="HBEFA3/PC_G_EU4" CO2="0.00" CO="0.00" HC="0.00" NOx="0.00" PMx="0.00" fuel="0.00" electricity="0.00" noise="72.74" route="routebottom" type="cfm-slow" waiting="0.00" lane="bottom_0" pos="9.27" speed="29.06" angle="77.74" x="83.42" y="-2.03"/>
        <vehicle id="cfm-slow_5" eclass="HBEFA3/PC_G_EU4" CO2="0.00" CO="0.00" HC="0.00" NOx="0.00" PMx="0.00" fuel="0.00" electricity="0.00" noise="71.86" route="routebottom" type="cfm-slow" waiting="0.00" lane="bottom_0" pos="33.40" speed="28.39" angle="34.44" x="123.13" y="29.46"/>
    </timestep>
    <timestep time="6.69">
        <vehicle id="cfm-fast_0" eclass="HBEFA3/PC_G_EU4" CO2="0.00" CO="0.00" HC="0.00" NOx="0.00" PMx="0.00" fuel="0.00" electricity="0.00" noise="71.02" route="routebottom" type="cfm-fast" waiting="0.00" lane="right_0" pos="7.04" speed="27.04" angle="351.73" x="130.57" y="78.78"/>
        <vehicle id="cfm-fast_1" eclass="HBEFA3/PC_G_EU4" CO2="268918.24" CO="7008.05" HC="38.76" NOx="125.28" PMx="7.65" fuel="115.59" electricity="0.00" noise="140.57" route="routebottom" type="cfm-fast" waiting="0.00" lane="bottom_1" pos="5.43" speed="82.01" angle="84.74" x="74.76" y="-0.69"/>
        <vehicle id="cfm-fast_2" eclass="HBEFA3/PC_G_EU4" CO2="0.00" CO="0.00" HC="0.00" NOx="0.00" PMx="0.00" fuel="0.00" electricity="0.00" noise="70.32" route="routebottom" type="cfm-fast" waiting="0.00" lane="right_0" pos="25.09" speed="25.38" angle="319.32" x="112.03" y="112.30"/>
        <vehicle id="cfm-fast_3" eclass="HBEFA3/PC_G_EU4" CO2="0.00" CO="0.00" HC="0.00" NOx="0.00" PMx="0.00" fuel="0.00" electricity="0.00" noise="70.39" route="routebottom" type="cfm-fast" waiting="0.00" lane="right_0" pos="41.40" speed="24.13" angle="290.01" x="82.02" y="129.76"/>
        <vehicle id="cfm-fast_4" eclass="HBEFA3/PC_G_EU4" CO2="8972.88" CO="111.45" HC="0.73" NOx="3.60" PMx="0.19" fuel="3.86" electricity="0.00" noise="72.38" route="routetop" type="cfm-fast" waiting="0.00" lane="top_0" pos="6.49" speed="23.79" angle="262.77" x="49.70" y="130.84"/>
        <vehicle id="cfm-fast_5" eclass="HBEFA3/PC_G_EU4" CO2="380390.43" CO="9807.11" HC="54.32" NOx="177.79" PMx="10.77" fuel="163.51" electricity="0.00" noise="158.89" route="routebottom" type="cfm-fast" waiting="0.00" lane="right_1" pos="30.78" speed="91.23" angle="309.11" x="100.75" y="117.42"/>
        <vehicle id="cfm-slow_0" eclass="HBEFA3/PC_G_EU4" CO2="15038.28" CO="238.13" HC="1.46" NOx="6.44" PMx="0.35" fuel="6.46" electricity="0.00" noise="75.39" route="routetop" type="cfm-slow" waiting="0.00" lane="top_0" pos="21.46" speed="24.51" angle="235.83" x="20.84" y="117.25"/>
        <vehicle id="cfm-slow_1" eclass="HBEFA3/PC_G_EU4" CO2="15857.76" CO="260.91" HC="1.58" NOx="6.79" PMx="0.38" fuel="6.82" electricity="0.00" noise="76.04" route="routetop" type="cfm-slow" waiting="0.00" lane="top_0" pos="41.16" speed="26.20" angle="200.45" x="-2.30" y="82.53"/>
        <vehicle id="cfm-slow_2" eclass="HBEFA3/PC_G_EU4" CO2="13460.37" CO="219.32" HC="1.34" NOx="5.63" PMx="0.32" fuel="5.79" electricity="0.00" noise="75.33" route="routetop" type="cfm-slow" waiting="0.00" lane="left_0" pos="12.57" speed="27.79" angle="161.85" x="0.35" y="37.22"/>
        <vehicle id="cfm-slow_3" eclass="HBEFA3/PC_G_EU4" CO2="7914.68" CO="111.51" HC="0.71" NOx="2.99" PMx="0.18" fuel="3.40" electricity="0.00" noise="73.91" route="routetop" type="cfm-slow" waiting="0.00" lane="left_0" pos="35.56" speed="28.85" angle="120.52" x="33.56" y="2.01"/>
        <vehicle id="cfm-slow_4" eclass="HBEFA3/PC_G_EU4" CO2="0.00" CO="0.00" HC="0.00" NOx="0.00" PMx="0.00" fuel="0.00" electricity="0.00" noise="72.73" route="routebottom" type="cfm-slow" waiting="0.00" lane="bottom_0" pos="9.56" speed="29.06" angle="77.21" x="84.01" y="-1.85"/>
        <vehicle id="cfm-slow_5" eclass="HBEFA3/PC_G_EU4" CO2="0.00" CO="0.00" HC="0.00" NOx="0.00" PMx="0.00" fuel="0.00" electricity="0.00" noise="71.85" route="routebottom" type="cfm-slow" waiting="0.00" lane="bottom_0" pos="33.68" speed="28.38" angle="33.92" x="123.43" y="29.99"/>
    </timestep>
    <timestep time="6.70">
        <vehicle id="cfm-fast_0" eclass="HBEFA3/PC_G_EU4" CO2="0.00" CO="0.00" HC="0.00" NOx="0.00" PMx="0.00" fuel="0.00" electricity="0.00" noise="71.02" route="routebottom" type="cfm-fast" waiting="0.00" lane="right_0" pos="7.31" speed="27.03" angle="351.22" x="130.45" y="79.35"/>
        <vehicle id="cfm-fast_1" eclass="HBEFA3/PC_G_EU4" CO2="269692.99" CO="7029.35" HC="38.88" NOx="125.65" PMx="7.68" fuel="115.93" electricity="0.00" noise="140.69" route="routebottom" type="cfm-fast" waiting="0.00" lane="bottom_1" pos="6.25" speed="82.12" angle="83.19" x="76.42" y="-0.39"/>
        <vehicle id="cfm-fast_2" eclass="HBEFA3/PC_G_EU4" CO2="0.00" CO="0.00" HC="0.00" NOx="0.00" PMx="0.00" fuel="0.00" electricity="0.00" noise="70.32" route="routebottom" type="cfm-fast" waiting="0.00" lane="right_0" pos="25.34" speed="25.36" angle="318.85" x="111.64" y="112.69"/>
        <vehicle id="cfm-fast_3" eclass="HBEFA3/PC_G_EU4" CO2="0.00" CO="0.00" HC="0.00" NOx="0.00" PMx="0.00" fuel="0.00" electricity="0.00" noise="70.41" route="routebottom" type="cfm-fast" waiting="0.00" lane="right_0" pos="41.65" speed="24.13" angle="289.58" x="81.52" y="129.90"/>
        <vehicle id="cfm-fast_4" eclass="HBEFA3/PC_G_EU4" CO2="9022.53" CO="112.49" HC="0.74" NOx="3.62" PMx="0.19" fuel="3.88" electricity="0.00" noise="72.40" route="routetop" type="cfm-fast" waiting="0.00" lane="top_0" pos="6.73" speed="23.80" angle="262.32" x="49.20" y="130.72"/>
        <vehicle id="cfm-fast_5" eclass="HBEFA3/PC_G_EU4" CO2="381052.90" CO="9828.74" HC="54.44" NOx="178.10" PMx="10.79" fuel="163.80" electricity="0.00" noise="158.96" route="routebottom" type="cfm-fast" waiting="0.00" lane="right_1" pos="31.69" speed="91.36" angle="307.43" x="99.19" y="118.46"/>
        <vehicle id="cfm-slow_0" eclass="HBEFA3/PC_G_EU4" CO2="15045.72" CO="238.33" HC="1.46" NOx="6.45" PMx="0.35" fuel="6.47" electricity="0.00" noise="75.40" route="routetop" type="cfm-slow" waiting="0.00" lane="top_0" pos="21.70" speed="24.53" angle="235.39" x="20.42" y="116.92"/>
        <vehicle id="cfm-slow_1" eclass="HBEFA3/PC_G_EU4" CO2="15835.66" CO="260.52" HC="1.58" NOx="6.78" PMx="0.38" fuel="6.81" electricity="0.00" noise="76.03" route="routetop" type="cfm-slow" waiting="0.00" lane="top_0" pos="41.42" speed="26.21" angle="199.96" x="-2.44" y="81.98"/>
        <vehicle id="cfm-slow_2" eclass="HBEFA3/PC_G_EU4" CO2="13406.80" CO="218.29" HC="1.33" NOx="5.60" PMx="0.32" fuel="5.76" electricity="0.00" noise="75.31" route="routetop" type="cfm-slow" waiting="0.00" lane="left_0" pos="12.85" speed="27.80" angle="161.40" x="0.58" y="36.67"/>
        <vehicle id="cfm-slow_3" eclass="HBEFA3/PC_G_EU4" CO2="7847.04" CO="110.14" HC="0.70" NOx="2.95" PMx="0.18" fuel="3.37" electricity="0.00" noise="73.89" route="routetop" type="cfm-slow" waiting="0.00" lane="left_0" pos="35.85" speed="28.85" angle="120.02" x="34.12" y="1.74"/>
        <vehicle id="cfm-slow_4" eclass="HBEFA3/PC_G_EU4" CO2="0.00" CO="0.00" HC="0.00" NOx="0.00" PMx="0.00" fuel="0.00" electricity="0.00" noise="72.72" route="routebottom" type="cfm-slow" waiting="0.00" lane="bottom_0" pos="9.85" speed="29.05" angle="76.67" x="84.61" y="-1.66"/>
        <vehicle id="cfm-slow_5" eclass="HBEFA3/PC_G_EU4" CO2="0.00" CO="0.00" HC="0.00" NOx="0.00" PMx="0.00" fuel="0.00" electricity="0.00" noise="71.85" route="routebottom" type="cfm-slow" waiting="0.00" lane="bottom_0" pos="33.97" speed="28.37" angle="33.40" x="123.72" y="30.53"/>
    </timestep>
    <timestep time="6.71">
        <vehicle id="cfm-fast_0" eclass="HBEFA3/PC_G_EU4" CO2="0.00" CO="0.00" HC="0.00" NOx="0.00" PMx="0.00" fuel="0.00" electricity="0.00" noise="71.01" route="routebottom" type="cfm-fast" waiting="0.00" lane="right_0" pos="7.58" speed="27.01" angle="350.75" x="130.32" y="79.92"/>
        <vehicle id="cfm-fast_1" eclass="HBEFA3/PC_G_EU4" CO2="270468.95" CO="7050.69" HC="38.99" NOx="126.01" PMx="7.70" fuel="116.26" electricity="0.00" noise="140.82" route="routebottom" type="cfm-fast" waiting="0.00" lane="bottom_1" pos="7.07" speed="82.22" angle="81.74" x="78.06" y="-0.03"/>
        <vehicle id="cfm-fast_2" eclass="HBEFA3/PC_G_EU4" CO2="0.00" CO="0.00" HC="0.00" NOx="0.00" PMx="0.00" fuel="0.00" electricity="0.00" noise="70.31" route="routebottom" type="cfm-fast" waiting="0.00" lane="right_0" pos="25.60" speed="25.35" angle="318.42" x="111.26" y="113.07"/>
        <vehicle id="cfm-fast_3" eclass="HBEFA3/PC_G_EU4" CO2="0.00" CO="0.00" HC="0.00" NOx="0.00" PMx="0.00" fuel="0.00" electricity="0.00" noise="70.42" route="routebottom" type="cfm-fast" waiting="0.00" lane="right_0" pos="41.89" speed="24.13" angle="289.14" x="81.02" y="130.03"/>
        <vehicle id="cfm-fast_4" eclass="HBEFA3/PC_G_EU4" CO2="9071.88" CO="113.52" HC="0.74" NOx="3.64" PMx="0.19" fuel="3.90" electricity="0.00" noise="72.43" route="routetop" type="cfm-fast" waiting="0.00" lane="top_0" pos="6.97" speed="23.81" angle="261.87" x="48.70" y="130.61"/>
        <vehicle id="cfm-fast_5" eclass="HBEFA3/PC_G_EU4" CO2="381715.67" CO="9850.40" HC="54.55" NOx="178.42" PMx="10.81" fuel="164.08" electricity="0.00" noise="159.02" route="routebottom" type="cfm-fast" waiting="0.00" lane="right_1" pos="32.61" speed="91.50" angle="305.84" x="97.60" y="119.45"/>
        <vehicle id="cfm-slow_0" eclass="HBEFA3/PC_G_EU4" CO2="15052.91" CO="238.53" HC="1.46" NOx="6.45" PMx="0.35" fuel="6.47" electricity="0.00" noise="75.41" route="routetop" type="cfm-slow" waiting="0.00" lane="top_0" pos="21.95" speed="24.55" angle="234.97" x="20.02" y="116.59"/>
        <vehicle id="cfm-slow_1" eclass="HBEFA3/PC_G_EU4" CO2="15813.26" CO="260.13" HC="1.58" NOx="6.77" PMx="0.37" fuel="6.80" electricity="0.00" noise="76.03" route="routetop" type="cfm-slow" waiting="0.00" lane="top_0" pos="41.69" speed="26.23" angle="199.47" x="-2.59" y="81.44"/>
        <vehicle id="cfm-slow_2" eclass="HBEFA3/PC_G_EU4" CO2="13353.08" CO="217.24" HC="1.32" NOx="5.57" PMx="0.32" fuel="5.74" electricity="0.00" noise="75.29" route="routetop" type="cfm-slow" waiting="0.00" lane="left_0" pos="13.13" speed="27.81" angle="160.89" x="0.83" y="36.12"/>
        <vehicle id="cfm-slow_3" eclass="HBEFA3/PC_G_EU4" CO2="7779.49" CO="108.77" HC="0.69" NOx="2.92" PMx="0.17" fuel="3.34" electricity="0.00" noise="73.87" route="routetop" type="cfm-slow" waiting="0.00" lane="left_0" pos="36.14" speed="28.86" angle="119.51" x="34.68" y="1.48"/>
        <vehicle id="cfm-slow_4" eclass="HBEFA3/PC_G_EU4" CO2="0.00" CO="0.00" HC="0.00" NOx="0.00" PMx="0.00" fuel="0.00" electricity="0.00" noise="72.71" route="routebottom" type="cfm-slow" waiting="0.00" lane="bottom_0" pos="10.14" speed="29.05" angle="76.16" x="85.21" y="-1.48"/>
        <vehicle id="cfm-slow_5" eclass="HBEFA3/PC_G_EU4" CO2="0.00" CO="0.00" HC="0.00" NOx="0.00" PMx="0.00" fuel="0.00" electricity="0.00" noise="71.84" route="routebottom" type="cfm-slow" waiting="0.00" lane="bottom_0" pos="34.25" speed="28.35" angle="32.88" x="124.02" y="31.06"/>
    </timestep>
    <timestep time="6.72">
        <vehicle id="cfm-fast_0" eclass="HBEFA3/PC_G_EU4" CO2="0.00" CO="0.00" HC="0.00" NOx="0.00" PMx="0.00" fuel="0.00" electricity="0.00" noise="71.00" route="routebottom" type="cfm-fast" waiting="0.00" lane="right_0" pos="7.85" speed="27.00" angle="350.29" x="130.18" y="80.48"/>
        <vehicle id="cfm-fast_1" eclass="HBEFA3/PC_G_EU4" CO2="271246.12" CO="7072.07" HC="39.11" NOx="126.38" PMx="7.72" fuel="116.60" electricity="0.00" noise="140.95" route="routebottom" type="cfm-fast" waiting="0.00" lane="bottom_1" pos="7.89" speed="82.33" angle="80.28" x="79.71" y="0.36"/>
        <vehicle id="cfm-fast_2" eclass="HBEFA3/PC_G_EU4" CO2="0.00" CO="0.00" HC="0.00" NOx="0.00" PMx="0.00" fuel="0.00" electricity="0.00" noise="70.31" route="routebottom" type="cfm-fast" waiting="0.00" lane="right_0" pos="25.85" speed="25.34" angle="317.98" x="110.86" y="113.45"/>
        <vehicle id="cfm-fast_3" eclass="HBEFA3/PC_G_EU4" CO2="0.00" CO="0.00" HC="0.00" NOx="0.00" PMx="0.00" fuel="0.00" electricity="0.00" noise="70.43" route="routebottom" type="cfm-fast" waiting="0.00" lane="right_0" pos="42.13" speed="24.12" angle="288.70" x="80.52" y="130.16"/>
        <vehicle id="cfm-fast_4" eclass="HBEFA3/PC_G_EU4" CO2="9120.92" CO="114.55" HC="0.75" NOx="3.67" PMx="0.19" fuel="3.92" electricity="0.00" noise="72.45" route="routetop" type="cfm-fast" waiting="0.00" lane="top_0" pos="7.21" speed="23.82" angle="261.42" x="48.20" y="130.50"/>
        <vehicle id="cfm-fast_5" eclass="HBEFA3/PC_G_EU4" CO2="382378.73" CO="9872.07" HC="54.67" NOx="178.73" PMx="10.83" fuel="164.37" electricity="0.00" noise="159.09" route="routebottom" type="cfm-fast" waiting="0.00" lane="right_1" pos="33.52" speed="91.64" angle="304.21" x="95.98" y="120.41"/>
        <vehicle id="cfm-slow_0" eclass="HBEFA3/PC_G_EU4" CO2="15059.85" CO="238.72" HC="1.46" NOx="6.45" PMx="0.35" fuel="6.47" electricity="0.00" noise="75.41" route="routetop" type="cfm-slow" waiting="0.00" lane="top_0" pos="22.19" speed="24.57" angle="234.51" x="19.61" y="116.25"/>
        <vehicle id="cfm-slow_1" eclass="HBEFA3/PC_G_EU4" CO2="15790.58" CO="259.73" HC="1.58" NOx="6.76" PMx="0.37" fuel="6.79" electricity="0.00" noise="76.02" route="routetop" type="cfm-slow" waiting="0.00" lane="top_0" pos="41.95" speed="26.24" angle="198.99" x="-2.73" y="80.89"/>
        <vehicle id="cfm-slow_2" eclass="HBEFA3/PC_G_EU4" CO2="13299.22" CO="216.20" HC="1.32" NOx="5.55" PMx="0.31" fuel="5.72" electricity="0.00" noise="75.28" route="routetop" type="cfm-slow" waiting="0.00" lane="left_0" pos="13.41" speed="27.82" angle="160.37" x="1.07" y="35.58"/>
        <vehicle id="cfm-slow_3" eclass="HBEFA3/PC_G_EU4" CO2="7712.05" CO="107.40" HC="0.69" NOx="2.89" PMx="0.17" fuel="3.32" electricity="0.00" noise="73.86" route="routetop" type="cfm-slow" waiting="0.00" lane="left_0" pos="36.43" speed="28.86" angle="118.96" x="35.25" y="1.22"/>
        <vehicle id="cfm-slow_4" eclass="HBEFA3/PC_G_EU4" CO2="0.00" CO="0.00" HC="0.00" NOx="0.00" PMx="0.00" fuel="0.00" electricity="0.00" noise="72.70" route="routebottom" type="cfm-slow" waiting="0.00" lane="bottom_0" pos="10.43" speed="29.04" angle="75.67" x="85.80" y="-1.28"/>
        <vehicle id="cfm-slow_5" eclass="HBEFA3/PC_G_EU4" CO2="0.00" CO="0.00" HC="0.00" NOx="0.00" PMx="0.00" fuel="0.00" electricity="0.00" noise="71.83" route="routebottom" type="cfm-slow" waiting="0.00" lane="bottom_0" pos="34.53" speed="28.34" angle="32.37" x="124.31" y="31.59"/>
    </timestep>
    <timestep time="6.73">
        <vehicle id="cfm-fast_0" eclass="HBEFA3/PC_G_EU4" CO2="0.00" CO="0.00" HC="0.00" NOx="0.00" PMx="0.00" fuel="0.00" electricity="0.00" noise="71.00" route="routebottom" type="cfm-fast" waiting="0.00" lane="right_0" pos="8.12" speed="26.98" angle="349.79" x="130.02" y="81.04"/>
        <vehicle id="cfm-fast_1" eclass="HBEFA3/PC_G_EU4" CO2="272024.45" CO="7093.50" HC="39.23" NOx="126.74" PMx="7.74" fuel="116.93" electricity="0.00" noise="141.07" route="routebottom" type="cfm-fast" waiting="0.00" lane="bottom_1" pos="8.72" speed="82.44" angle="78.73" x="81.34" y="0.80"/>
        <vehicle id="cfm-fast_2" eclass="HBEFA3/PC_G_EU4" CO2="0.00" CO="0.00" HC="0.00" NOx="0.00" PMx="0.00" fuel="0.00" electricity="0.00" noise="70.31" route="routebottom" type="cfm-fast" waiting="0.00" lane="right_0" pos="26.10" speed="25.33" angle="317.52" x="110.46" y="113.82"/>
        <vehicle id="cfm-fast_3" eclass="HBEFA3/PC_G_EU4" CO2="0.00" CO="0.00" HC="0.00" NOx="0.00" PMx="0.00" fuel="0.00" electricity="0.00" noise="70.44" route="routebottom" type="cfm-fast" waiting="0.00" lane="right_0" pos="42.37" speed="24.12" angle="288.32" x="80.02" y="130.30"/>
        <vehicle id="cfm-fast_4" eclass="HBEFA3/PC_G_EU4" CO2="9169.65" CO="115.57" HC="0.75" NOx="3.69" PMx="0.19" fuel="3.94" electricity="0.00" noise="72.47" route="routetop" type="cfm-fast" waiting="0.00" lane="top_0" pos="7.45" speed="23.83" angle="260.97" x="47.70" y="130.38"/>
        <vehicle id="cfm-fast_5" eclass="HBEFA3/PC_G_EU4" CO2="383042.07" CO="9893.77" HC="54.79" NOx="179.04" PMx="10.85" fuel="164.65" electricity="0.00" noise="159.16" route="routebottom" type="cfm-fast" waiting="0.00" lane="right_1" pos="34.44" speed="91.77" angle="302.54" x="94.34" y="121.32"/>
        <vehicle id="cfm-slow_0" eclass="HBEFA3/PC_G_EU4" CO2="15066.55" CO="238.91" HC="1.46" NOx="6.46" PMx="0.35" fuel="6.48" electricity="0.00" noise="75.42" route="routetop" type="cfm-slow" waiting="0.00" lane="top_0" pos="22.44" speed="24.58" angle="234.05" x="19.21" y="115.90"/>
        <vehicle id="cfm-slow_1" eclass="HBEFA3/PC_G_EU4" CO2="15767.62" CO="259.33" HC="1.57" NOx="6.75" PMx="0.37" fuel="6.78" electricity="0.00" noise="76.01" route="routetop" type="cfm-slow" waiting="0.00" lane="top_0" pos="42.21" speed="26.26" angle="198.50" x="-2.88" y="80.35"/>
        <vehicle id="cfm-slow_2" eclass="HBEFA3/PC_G_EU4" CO2="13245.22" CO="215.15" HC="1.31" NOx="5.52" PMx="0.31" fuel="5.69" electricity="0.00" noise="75.26" route="routetop" type="cfm-slow" waiting="0.00" lane="left_0" pos="13.68" speed="27.83" angle="159.85" x="1.32" y="35.03"/>
        <vehicle id="cfm-slow_3" eclass="HBEFA3/PC_G_EU4" CO2="7644.71" CO="106.03" HC="0.68" NOx="2.86" PMx="0.17" fuel="3.29" electricity="0.00" noise="73.84" route="routetop" type="cfm-slow" waiting="0.00" lane="left_0" pos="36.72" speed="28.86" angle="118.42" x="35.81" y="0.96"/>
        <vehicle id="cfm-slow_4" eclass="HBEFA3/PC_G_EU4" CO2="0.00" CO="0.00" HC="0.00" NOx="0.00" PMx="0.00" fuel="0.00" electricity="0.00" noise="72.69" route="routebottom" type="cfm-slow" waiting="0.00" lane="bottom_0" pos="10.72" speed="29.04" angle="75.13" x="86.39" y="-1.07"/>
        <vehicle id="cfm-slow_5" eclass="HBEFA3/PC_G_EU4" CO2="0.00" CO="0.00" HC="0.00" NOx="0.00" PMx="0.00" fuel="0.00" electricity="0.00" noise="71.82" route="routebottom" type="cfm-slow" waiting="0.00" lane="bottom_0" pos="34.82" speed="28.33" angle="31.90" x="124.59" y="32.14"/>
    </timestep>
    <timestep time="6.74">
        <vehicle id="cfm-fast_0" eclass="HBEFA3/PC_G_EU4" CO2="0.00" CO="0.00" HC="0.00" NOx="0.00" PMx="0.00" fuel="0.00" electricity="0.00" noise="70.99" route="routebottom" type="cfm-fast" waiting="0.00" lane="right_0" pos="8.39" speed="26.97" angle="349.30" x="129.87" y="81.60"/>
        <vehicle id="cfm-fast_1" eclass="HBEFA3/PC_G_EU4" CO2="272803.94" CO="7114.96" HC="39.34" NOx="127.11" PMx="7.77" fuel="117.27" electricity="0.00" noise="141.20" route="routebottom" type="cfm-fast" waiting="0.00" lane="bottom_1" pos="9.54" speed="82.54" angle="77.28" x="82.96" y="1.28"/>
        <vehicle id="cfm-fast_2" eclass="HBEFA3/PC_G_EU4" CO2="0.00" CO="0.00" HC="0.00" NOx="0.00" PMx="0.00" fuel="0.00" electricity="0.00" noise="70.31" route="routebottom" type="cfm-fast" waiting="0.00" lane="right_0" pos="26.36" speed="25.32" angle="317.05" x="110.06" y="114.19"/>
        <vehicle id="cfm-fast_3" eclass="HBEFA3/PC_G_EU4" CO2="0.00" CO="0.00" HC="0.00" NOx="0.00" PMx="0.00" fuel="0.00" electricity="0.00" noise="70.45" route="routebottom" type="cfm-fast" waiting="0.00" lane="right_0" pos="42.61" speed="24.12" angle="287.88" x="79.51" y="130.41"/>
        <vehicle id="cfm-fast_4" eclass="HBEFA3/PC_G_EU4" CO2="9218.07" CO="116.59" HC="0.76" NOx="3.71" PMx="0.20" fuel="3.96" electricity="0.00" noise="72.50" route="routetop" type="cfm-fast" waiting="0.00" lane="top_0" pos="7.68" speed="23.83" angle="260.60" x="47.20" y="130.27"/>
        <vehicle id="cfm-fast_5" eclass="HBEFA3/PC_G_EU4" CO2="383705.71" CO="9915.49" HC="54.90" NOx="179.35" PMx="10.87" fuel="164.94" electricity="0.00" noise="159.22" route="routebottom" type="cfm-fast" waiting="0.00" lane="right_1" pos="35.36" speed="91.91" angle="300.89" x="92.66" y="122.17"/>
        <vehicle id="cfm-slow_0" eclass="HBEFA3/PC_G_EU4" CO2="15072.99" CO="239.09" HC="1.46" NOx="6.46" PMx="0.35" fuel="6.48" electricity="0.00" noise="75.42" route="routetop" type="cfm-slow" waiting="0.00" lane="top_0" pos="22.68" speed="24.60" angle="233.59" x="18.80" y="115.56"/>
        <vehicle id="cfm-slow_1" eclass="HBEFA3/PC_G_EU4" CO2="15744.38" CO="258.92" HC="1.57" NOx="6.74" PMx="0.37" fuel="6.77" electricity="0.00" noise="76.00" route="routetop" type="cfm-slow" waiting="0.00" lane="top_0" pos="42.47" speed="26.28" angle="198.09" x="-3.02" y="79.80"/>
        <vehicle id="cfm-slow_2" eclass="HBEFA3/PC_G_EU4" CO2="13191.08" CO="214.10" HC="1.31" NOx="5.50" PMx="0.31" fuel="5.67" electricity="0.00" noise="75.24" route="routetop" type="cfm-slow" waiting="0.00" lane="left_0" pos="13.96" speed="27.85" angle="159.34" x="1.56" y="34.49"/>
        <vehicle id="cfm-slow_3" eclass="HBEFA3/PC_G_EU4" CO2="7577.47" CO="104.67" HC="0.67" NOx="2.83" PMx="0.17" fuel="3.26" electricity="0.00" noise="73.83" route="routetop" type="cfm-slow" waiting="0.00" lane="left_0" pos="37.00" speed="28.87" angle="117.88" x="36.38" y="0.71"/>
        <vehicle id="cfm-slow_4" eclass="HBEFA3/PC_G_EU4" CO2="0.00" CO="0.00" HC="0.00" NOx="0.00" PMx="0.00" fuel="0.00" electricity="0.00" noise="72.68" route="routebottom" type="cfm-slow" waiting="0.00" lane="bottom_0" pos="11.01" speed="29.03" angle="74.59" x="86.98" y="-0.85"/>
        <vehicle id="cfm-slow_5" eclass="HBEFA3/PC_G_EU4" CO2="0.00" CO="0.00" HC="0.00" NOx="0.00" PMx="0.00" fuel="0.00" electricity="0.00" noise="71.81" route="routebottom" type="cfm-slow" waiting="0.00" lane="bottom_0" pos="35.10" speed="28.32" angle="31.38" x="124.87" y="32.68"/>
    </timestep>
    <timestep time="6.75">
        <vehicle id="cfm-fast_0" eclass="HBEFA3/PC_G_EU4" CO2="0.00" CO="0.00" HC="0.00" NOx="0.00" PMx="0.00" fuel="0.00" electricity="0.00" noise="70.98" route="routebottom" type="cfm-fast" waiting="0.00" lane="right_0" pos="8.66" speed="26.95" angle="348.80" x="129.72" y="82.16"/>
        <vehicle id="cfm-fast_1" eclass="HBEFA3/PC_G_EU4" CO2="273584.56" CO="7136.47" HC="39.46" NOx="127.48" PMx="7.79" fuel="117.60" electricity="0.00" noise="141.32" route="routebottom" type="cfm-fast" waiting="0.00" lane="bottom_1" pos="10.37" speed="82.65" angle="75.83" x="84.58" y="1.79"/>
        <vehicle id="cfm-fast_2" eclass="HBEFA3/PC_G_EU4" CO2="0.00" CO="0.00" HC="0.00" NOx="0.00" PMx="0.00" fuel="0.00" electricity="0.00" noise="70.31" route="routebottom" type="cfm-fast" waiting="0.00" lane="right_0" pos="26.61" speed="25.31" angle="316.59" x="109.66" y="114.56"/>
        <vehicle id="cfm-fast_3" eclass="HBEFA3/PC_G_EU4" CO2="0.00" CO="0.00" HC="0.00" NOx="0.00" PMx="0.00" fuel="0.00" electricity="0.00" noise="70.47" route="routebottom" type="cfm-fast" waiting="0.00" lane="right_0" pos="42.85" speed="24.12" angle="287.44" x="79.01" y="130.52"/>
        <vehicle id="cfm-fast_4" eclass="HBEFA3/PC_G_EU4" CO2="9266.18" CO="117.59" HC="0.76" NOx="3.74" PMx="0.20" fuel="3.98" electricity="0.00" noise="72.52" route="routetop" type="cfm-fast" waiting="0.00" lane="top_0" pos="7.92" speed="23.84" angle="260.16" x="46.70" y="130.14"/>
        <vehicle id="cfm-fast_5" eclass="HBEFA3/PC_G_EU4" CO2="384369.65" CO="9937.23" HC="55.02" NOx="179.66" PMx="10.90" fuel="165.22" electricity="0.00" noise="159.29" route="routebottom" type="cfm-fast" waiting="0.00" lane="right_1" pos="36.28" speed="92.05" angle="299.22" x="90.96" y="122.99"/>
        <vehicle id="cfm-slow_0" eclass="HBEFA3/PC_G_EU4" CO2="15079.18" CO="239.27" HC="1.46" NOx="6.46" PMx="0.35" fuel="6.48" electricity="0.00" noise="75.43" route="routetop" type="cfm-slow" waiting="0.00" lane="top_0" pos="22.93" speed="24.62" angle="233.13" x="18.40" y="115.22"/>
        <vehicle id="cfm-slow_1" eclass="HBEFA3/PC_G_EU4" CO2="15720.85" CO="258.51" HC="1.57" NOx="6.73" PMx="0.37" fuel="6.76" electricity="0.00" noise="75.99" route="routetop" type="cfm-slow" waiting="0.00" lane="top_0" pos="42.74" speed="26.29" angle="197.62" x="-3.14" y="79.25"/>
        <vehicle id="cfm-slow_2" eclass="HBEFA3/PC_G_EU4" CO2="13136.80" CO="213.04" HC="1.30" NOx="5.47" PMx="0.31" fuel="5.65" electricity="0.00" noise="75.22" route="routetop" type="cfm-slow" waiting="0.00" lane="left_0" pos="14.24" speed="27.86" angle="158.87" x="1.82" y="33.95"/>
        <vehicle id="cfm-slow_3" eclass="HBEFA3/PC_G_EU4" CO2="7510.35" CO="103.30" HC="0.66" NOx="2.79" PMx="0.17" fuel="3.23" electricity="0.00" noise="73.81" route="routetop" type="cfm-slow" waiting="0.00" lane="left_0" pos="37.29" speed="28.87" angle="117.42" x="36.95" y="0.46"/>
        <vehicle id="cfm-slow_4" eclass="HBEFA3/PC_G_EU4" CO2="0.00" CO="0.00" HC="0.00" NOx="0.00" PMx="0.00" fuel="0.00" electricity="0.00" noise="72.67" route="routebottom" type="cfm-slow" waiting="0.00" lane="bottom_0" pos="11.30" speed="29.02" angle="74.04" x="87.56" y="-0.64"/>
        <vehicle id="cfm-slow_5" eclass="HBEFA3/PC_G_EU4" CO2="0.00" CO="0.00" HC="0.00" NOx="0.00" PMx="0.00" fuel="0.00" electricity="0.00" noise="71.81" route="routebottom" type="cfm-slow" waiting="0.00" lane="bottom_0" pos="35.38" speed="28.30" angle="30.87" x="125.14" y="33.22"/>
    </timestep>
    <timestep time="6.76">
        <vehicle id="cfm-fast_0" eclass="HBEFA3/PC_G_EU4" CO2="0.00" CO="0.00" HC="0.00" NOx="0.00" PMx="0.00" fuel="0.00" electricity="0.00" noise="70.98" route="routebottom" type="cfm-fast" waiting="0.00" lane="right_0" pos="8.93" speed="26.94" angle="348.37" x="129.57" y="82.72"/>
        <vehicle id="cfm-fast_1" eclass="HBEFA3/PC_G_EU4" CO2="274366.28" CO="7158.02" HC="39.58" NOx="127.85" PMx="7.81" fuel="117.94" electricity="0.00" noise="141.45" route="routebottom" type="cfm-fast" waiting="0.00" lane="bottom_1" pos="11.20" speed="82.75" angle="74.29" x="86.17" y="2.37"/>
        <vehicle id="cfm-fast_2" eclass="HBEFA3/PC_G_EU4" CO2="0.00" CO="0.00" HC="0.00" NOx="0.00" PMx="0.00" fuel="0.00" electricity="0.00" noise="70.31" route="routebottom" type="cfm-fast" waiting="0.00" lane="right_0" pos="26.86" speed="25.29" angle="316.16" x="109.26" y="114.93"/>
        <vehicle id="cfm-fast_3" eclass="HBEFA3/PC_G_EU4" CO2="0.00" CO="0.00" HC="0.00" NOx="0.00" PMx="0.00" fuel="0.00" electricity="0.00" noise="70.48" route="routebottom" type="cfm-fast" waiting="0.00" lane="right_0" pos="43.09" speed="24.11" angle="287.00" x="78.50" y="130.64"/>
        <vehicle id="cfm-fast_4" eclass="HBEFA3/PC_G_EU4" CO2="9313.99" CO="118.60" HC="0.77" NOx="3.76" PMx="0.20" fuel="4.00" electricity="0.00" noise="72.54" route="routetop" type="cfm-fast" waiting="0.00" lane="top_0" pos="8.16" speed="23.85" angle="259.72" x="46.21" y="130.00"/>
        <vehicle id="cfm-fast_5" eclass="HBEFA3/PC_G_EU4" CO2="385033.87" CO="9958.99" HC="55.13" NOx="179.98" PMx="10.92" fuel="165.51" electricity="0.00" noise="159.35" route="routebottom" type="cfm-fast" waiting="0.00" lane="right_1" pos="37.20" speed="92.18" angle="297.55" x="89.23" y="123.76"/>
        <vehicle id="cfm-slow_0" eclass="HBEFA3/PC_G_EU4" CO2="15085.13" CO="239.44" HC="1.46" NOx="6.46" PMx="0.35" fuel="6.48" electricity="0.00" noise="75.44" route="routetop" type="cfm-slow" waiting="0.00" lane="top_0" pos="23.18" speed="24.63" angle="232.76" x="18.00" y="114.87"/>
        <vehicle id="cfm-slow_1" eclass="HBEFA3/PC_G_EU4" CO2="15697.05" CO="258.09" HC="1.57" NOx="6.71" PMx="0.37" fuel="6.75" electricity="0.00" noise="75.98" route="routetop" type="cfm-slow" waiting="0.00" lane="top_0" pos="43.00" speed="26.31" angle="197.15" x="-3.27" y="78.69"/>
        <vehicle id="cfm-slow_2" eclass="HBEFA3/PC_G_EU4" CO2="13082.39" CO="211.98" HC="1.29" NOx="5.45" PMx="0.31" fuel="5.62" electricity="0.00" noise="75.21" route="routetop" type="cfm-slow" waiting="0.00" lane="left_0" pos="14.52" speed="27.87" angle="158.35" x="2.09" y="33.41"/>
        <vehicle id="cfm-slow_3" eclass="HBEFA3/PC_G_EU4" CO2="7443.33" CO="101.94" HC="0.65" NOx="2.76" PMx="0.16" fuel="3.20" electricity="0.00" noise="73.80" route="routetop" type="cfm-slow" waiting="0.00" lane="left_0" pos="37.58" speed="28.87" angle="116.89" x="37.53" y="0.23"/>
        <vehicle id="cfm-slow_4" eclass="HBEFA3/PC_G_EU4" CO2="0.00" CO="0.00" HC="0.00" NOx="0.00" PMx="0.00" fuel="0.00" electricity="0.00" noise="72.66" route="routebottom" type="cfm-slow" waiting="0.00" lane="bottom_0" pos="11.59" speed="29.02" angle="73.58" x="88.15" y="-0.43"/>
        <vehicle id="cfm-slow_5" eclass="HBEFA3/PC_G_EU4" CO2="0.00" CO="0.00" HC="0.00" NOx="0.00" PMx="0.00" fuel="0.00" electricity="0.00" noise="71.80" route="routebottom" type="cfm-slow" waiting="0.00" lane="bottom_0" pos="35.67" speed="28.29" angle="30.36" x="125.42" y="33.77"/>
    </timestep>
    <timestep time="6.77">
        <vehicle id="cfm-fast_0" eclass="HBEFA3/PC_G_EU4" CO2="0.00" CO="0.00" HC="0.00" NOx="0.00" PMx="0.00" fuel="0.00" electricity="0.00" noise="70.97" route="routebottom" type="cfm-fast" waiting="0.00" lane="right_0" pos="9.20" speed="26.92" angle="347.88" x="129.40" y="83.28"/>
        <vehicle id="cfm-fast_1" eclass="HBEFA3/PC_G_EU4" CO2="275149.09" CO="7179.60" HC="39.70" NOx="128.21" PMx="7.83" fuel="118.27" electricity="0.00" noise="141.58" route="routebottom" type="cfm-fast" waiting="0.00" lane="bottom_1" pos="12.02" speed="82.86" angle="72.84" x="87.76" y="2.97"/>
        <vehicle id="cfm-fast_2" eclass="HBEFA3/PC_G_EU4" CO2="0.00" CO="0.00" HC="0.00" NOx="0.00" PMx="0.00" fuel="0.00" electricity="0.00" noise="70.30" route="routebottom" type="cfm-fast" waiting="0.00" lane="right_0" pos="27.11" speed="25.28" angle="315.72" x="108.85" y="115.28"/>
        <vehicle id="cfm-fast_3" eclass="HBEFA3/PC_G_EU4" CO2="0.00" CO="0.00" HC="0.00" NOx="0.00" PMx="0.00" fuel="0.00" electricity="0.00" noise="70.49" route="routebottom" type="cfm-fast" waiting="0.00" lane="right_0" pos="43.33" speed="24.11" angle="286.56" x="77.99" y="130.75"/>
        <vehicle id="cfm-fast_4" eclass="HBEFA3/PC_G_EU4" CO2="9361.49" CO="119.60" HC="0.78" NOx="3.78" PMx="0.20" fuel="4.02" electricity="0.00" noise="72.56" route="routetop" type="cfm-fast" waiting="0.00" lane="top_0" pos="8.40" speed="23.86" angle="259.29" x="45.71" y="129.87"/>
        <vehicle id="cfm-fast_5" eclass="HBEFA3/PC_G_EU4" CO2="385698.39" CO="9980.77" HC="55.25" NOx="180.29" PMx="10.94" fuel="165.79" electricity="0.00" noise="159.42" route="routebottom" type="cfm-fast" waiting="0.00" lane="right_1" pos="38.13" speed="92.32" angle="295.83" x="87.47" y="124.46"/>
        <vehicle id="cfm-slow_0" eclass="HBEFA3/PC_G_EU4" CO2="15090.82" CO="239.60" HC="1.47" NOx="6.47" PMx="0.35" fuel="6.49" electricity="0.00" noise="75.44" route="routetop" type="cfm-slow" waiting="0.00" lane="top_0" pos="23.42" speed="24.65" angle="232.31" x="17.61" y="114.51"/>
        <vehicle id="cfm-slow_1" eclass="HBEFA3/PC_G_EU4" CO2="15672.96" CO="257.66" HC="1.56" NOx="6.70" PMx="0.37" fuel="6.74" electricity="0.00" noise="75.97" route="routetop" type="cfm-slow" waiting="0.00" lane="top_0" pos="43.26" speed="26.33" angle="196.68" x="-3.40" y="78.14"/>
        <vehicle id="cfm-slow_2" eclass="HBEFA3/PC_G_EU4" CO2="13027.85" CO="210.92" HC="1.29" NOx="5.42" PMx="0.31" fuel="5.60" electricity="0.00" noise="75.19" route="routetop" type="cfm-slow" waiting="0.00" lane="left_0" pos="14.80" speed="27.88" angle="157.83" x="2.36" y="32.87"/>
        <vehicle id="cfm-slow_3" eclass="HBEFA3/PC_G_EU4" CO2="7376.42" CO="100.58" HC="0.65" NOx="2.73" PMx="0.16" fuel="3.17" electricity="0.00" noise="73.78" route="routetop" type="cfm-slow" waiting="0.00" lane="left_0" pos="37.87" speed="28.87" angle="116.36" x="38.10" y="0.00"/>
        <vehicle id="cfm-slow_4" eclass="HBEFA3/PC_G_EU4" CO2="0.00" CO="0.00" HC="0.00" NOx="0.00" PMx="0.00" fuel="0.00" electricity="0.00" noise="72.65" route="routebottom" type="cfm-slow" waiting="0.00" lane="bottom_0" pos="11.88" speed="29.01" angle="73.06" x="88.73" y="-0.19"/>
        <vehicle id="cfm-slow_5" eclass="HBEFA3/PC_G_EU4" CO2="0.00" CO="0.00" HC="0.00" NOx="0.00" PMx="0.00" fuel="0.00" electricity="0.00" noise="71.79" route="routebottom" type="cfm-slow" waiting="0.00" lane="bottom_0" pos="35.95" speed="28.28" angle="29.90" x="125.69" y="34.31"/>
    </timestep>
    <timestep time="6.78">
        <vehicle id="cfm-fast_0" eclass="HBEFA3/PC_G_EU4" CO2="0.00" CO="0.00" HC="0.00" NOx="0.00" PMx="0.00" fuel="0.00" electricity="0.00" noise="70.96" route="routebottom" type="cfm-fast" waiting="0.00" lane="right_0" pos="9.47" speed="26.91" angle="347.40" x="129.23" y="83.83"/>
        <vehicle id="cfm-fast_1" eclass="HBEFA3/PC_G_EU4" CO2="275932.97" CO="7201.23" HC="39.82" NOx="128.58" PMx="7.86" fuel="118.61" electricity="0.00" noise="141.70" route="routebottom" type="cfm-fast" waiting="0.00" lane="bottom_1" pos="12.85" speed="82.97" angle="71.40" x="89.34" y="3.61"/>
        <vehicle id="cfm-fast_2" eclass="HBEFA3/PC_G_EU4" CO2="0.00" CO="0.00" HC="0.00" NOx="0.00" PMx="0.00" fuel="0.00" electricity="0.00" noise="70.30" route="routebottom" type="cfm-fast" waiting="0.00" lane="right_0" pos="27.37" speed="25.27" angle="315.25" x="108.44" y="115.63"/>
        <vehicle id="cfm-fast_3" eclass="HBEFA3/PC_G_EU4" CO2="0.00" CO="0.00" HC="0.00" NOx="0.00" PMx="0.00" fuel="0.00" electricity="0.00" noise="70.50" route="routebottom" type="cfm-fast" waiting="0.00" lane="right_0" pos="43.58" speed="24.11" angle="286.16" x="77.49" y="130.87"/>
        <vehicle id="cfm-fast_4" eclass="HBEFA3/PC_G_EU4" CO2="9408.68" CO="120.59" HC="0.78" NOx="3.80" PMx="0.20" fuel="4.04" electricity="0.00" noise="72.58" route="routetop" type="cfm-fast" waiting="0.00" lane="top_0" pos="8.64" speed="23.87" angle="258.85" x="45.21" y="129.74"/>
        <vehicle id="cfm-fast_5" eclass="HBEFA3/PC_G_EU4" CO2="386363.20" CO="10002.58" HC="55.37" NOx="180.60" PMx="10.96" fuel="166.08" electricity="0.00" noise="159.49" route="routebottom" type="cfm-fast" waiting="0.00" lane="right_1" pos="39.05" speed="92.45" angle="294.22" x="85.70" y="125.13"/>
        <vehicle id="cfm-slow_0" eclass="HBEFA3/PC_G_EU4" CO2="15096.26" CO="239.77" HC="1.47" NOx="6.47" PMx="0.35" fuel="6.49" electricity="0.00" noise="75.45" route="routetop" type="cfm-slow" waiting="0.00" lane="top_0" pos="23.67" speed="24.67" angle="231.87" x="17.22" y="114.15"/>
        <vehicle id="cfm-slow_1" eclass="HBEFA3/PC_G_EU4" CO2="15648.60" CO="257.23" HC="1.56" NOx="6.69" PMx="0.37" fuel="6.73" electricity="0.00" noise="75.97" route="routetop" type="cfm-slow" waiting="0.00" lane="top_0" pos="43.53" speed="26.34" angle="196.23" x="-3.52" y="77.59"/>
        <vehicle id="cfm-slow_2" eclass="HBEFA3/PC_G_EU4" CO2="12973.17" CO="209.85" HC="1.28" NOx="5.39" PMx="0.31" fuel="5.58" electricity="0.00" noise="75.17" route="routetop" type="cfm-slow" waiting="0.00" lane="left_0" pos="15.08" speed="27.89" angle="157.31" x="2.63" y="32.34"/>
        <vehicle id="cfm-slow_3" eclass="HBEFA3/PC_G_EU4" CO2="7309.63" CO="99.22" HC="0.64" NOx="2.70" PMx="0.16" fuel="3.14" electricity="0.00" noise="73.77" route="routetop" type="cfm-slow" waiting="0.00" lane="left_0" pos="38.16" speed="28.88" angle="115.83" x="38.68" y="-0.23"/>
        <vehicle id="cfm-slow_4" eclass="HBEFA3/PC_G_EU4" CO2="0.00" CO="0.00" HC="0.00" NOx="0.00" PMx="0.00" fuel="0.00" electricity="0.00" noise="72.64" route="routebottom" type="cfm-slow" waiting="0.00" lane="bottom_0" pos="12.17" speed="29.01" angle="72.54" x="89.31" y="0.04"/>
        <vehicle id="cfm-slow_5" eclass="HBEFA3/PC_G_EU4" CO2="0.00" CO="0.00" HC="0.00" NOx="0.00" PMx="0.00" fuel="0.00" electricity="0.00" noise="71.78" route="routebottom" type="cfm-slow" waiting="0.00" lane="bottom_0" pos="36.23" speed="28.27" angle="29.35" x="125.94" y="34.87"/>
    </timestep>
    <timestep time="6.79">
        <vehicle id="cfm-fast_0" eclass="HBEFA3/PC_G_EU4" CO2="0.00" CO="0.00" HC="0.00" NOx="0.00" PMx="0.00" fuel="0.00" electricity="0.00" noise="70.95" route="routebottom" type="cfm-fast" waiting="0.00" lane="right_0" pos="9.74" speed="26.89" angle="346.92" x="129.06" y="84.38"/>
        <vehicle id="cfm-fast_1" eclass="HBEFA3/PC_G_EU4" CO2="276717.88" CO="7222.90" HC="39.94" NOx="128.95" PMx="7.88" fuel="118.95" electricity="0.00" noise="141.83" route="routebottom" type="cfm-fast" waiting="0.00" lane="bottom_1" pos="13.69" speed="83.07" angle="69.88" x="90.89" y="4.30"/>
        <vehicle id="cfm-fast_2" eclass="HBEFA3/PC_G_EU4" CO2="0.00" CO="0.00" HC="0.00" NOx="0.00" PMx="0.00" fuel="0.00" electricity="0.00" noise="70.30" route="routebottom" type="cfm-fast" waiting="0.00" lane="right_0" pos="27.62" speed="25.26" angle="314.77" x="108.02" y="115.98"/>
        <vehicle id="cfm-fast_3" eclass="HBEFA3/PC_G_EU4" CO2="0.00" CO="0.00" HC="0.00" NOx="0.00" PMx="0.00" fuel="0.00" electricity="0.00" noise="70.52" route="routebottom" type="cfm-fast" waiting="0.00" lane="right_0" pos="43.82" speed="24.10" angle="285.72" x="76.98" y="130.96"/>
        <vehicle id="cfm-fast_4" eclass="HBEFA3/PC_G_EU4" CO2="9455.56" CO="121.57" HC="0.79" NOx="3.82" PMx="0.20" fuel="4.06" electricity="0.00" noise="72.61" route="routetop" type="cfm-fast" waiting="0.00" lane="top_0" pos="8.88" speed="23.88" angle="258.44" x="44.72" y="129.61"/>
        <vehicle id="cfm-fast_5" eclass="HBEFA3/PC_G_EU4" CO2="387028.30" CO="10024.40" HC="55.48" NOx="180.91" PMx="10.98" fuel="166.36" electricity="0.00" noise="159.55" route="routebottom" type="cfm-fast" waiting="0.00" lane="right_1" pos="39.98" speed="92.59" angle="292.61" x="83.91" y="125.76"/>
        <vehicle id="cfm-slow_0" eclass="HBEFA3/PC_G_EU4" CO2="15101.44" CO="239.92" HC="1.47" NOx="6.47" PMx="0.35" fuel="6.49" electricity="0.00" noise="75.45" route="routetop" type="cfm-slow" waiting="0.00" lane="top_0" pos="23.92" speed="24.68" angle="231.43" x="16.83" y="113.79"/>
        <vehicle id="cfm-slow_1" eclass="HBEFA3/PC_G_EU4" CO2="15623.96" CO="256.79" HC="1.56" NOx="6.68" PMx="0.37" fuel="6.72" electricity="0.00" noise="75.96" route="routetop" type="cfm-slow" waiting="0.00" lane="top_0" pos="43.79" speed="26.36" angle="195.78" x="-3.63" y="77.03"/>
        <vehicle id="cfm-slow_2" eclass="HBEFA3/PC_G_EU4" CO2="12918.37" CO="208.79" HC="1.27" NOx="5.37" PMx="0.30" fuel="5.55" electricity="0.00" noise="75.15" route="routetop" type="cfm-slow" waiting="0.00" lane="left_0" pos="15.36" speed="27.90" angle="156.84" x="2.90" y="31.80"/>
        <vehicle id="cfm-slow_3" eclass="HBEFA3/PC_G_EU4" CO2="7242.96" CO="97.86" HC="0.63" NOx="2.67" PMx="0.16" fuel="3.11" electricity="0.00" noise="73.75" route="routetop" type="cfm-slow" waiting="0.00" lane="left_0" pos="38.45" speed="28.88" angle="115.34" x="39.26" y="-0.46"/>
        <vehicle id="cfm-slow_4" eclass="HBEFA3/PC_G_EU4" CO2="0.00" CO="0.00" HC="0.00" NOx="0.00" PMx="0.00" fuel="0.00" electricity="0.00" noise="72.63" route="routebottom" type="cfm-slow" waiting="0.00" lane="bottom_0" pos="12.46" speed="29.00" angle="72.03" x="89.89" y="0.27"/>
        <vehicle id="cfm-slow_5" eclass="HBEFA3/PC_G_EU4" CO2="0.00" CO="0.00" HC="0.00" NOx="0.00" PMx="0.00" fuel="0.00" electricity="0.00" noise="71.77" route="routebottom" type="cfm-slow" waiting="0.00" lane="bottom_0" pos="36.51" speed="28.25" angle="28.80" x="126.18" y="35.42"/>
    </timestep>
    <timestep time="6.80">
        <vehicle id="cfm-fast_0" eclass="HBEFA3/PC_G_EU4" CO2="0.00" CO="0.00" HC="0.00" NOx="0.00" PMx="0.00" fuel="0.00" electricity="0.00" noise="70.95" route="routebottom" type="cfm-fast" waiting="0.00" lane="right_0" pos="10.01" speed="26.88" angle="346.43" x="128.89" y="84.94"/>
        <vehicle id="cfm-fast_1" eclass="HBEFA3/PC_G_EU4" CO2="277503.82" CO="7244.61" HC="40.05" NOx="129.32" PMx="7.90" fuel="119.29" electricity="0.00" noise="141.95" route="routebottom" type="cfm-fast" waiting="0.00" lane="bottom_1" pos="14.52" speed="83.18" angle="68.39" x="92.43" y="5.04"/>
        <vehicle id="cfm-fast_2" eclass="HBEFA3/PC_G_EU4" CO2="0.00" CO="0.00" HC="0.00" NOx="0.00" PMx="0.00" fuel="0.00" electricity="0.00" noise="70.30" route="routebottom" type="cfm-fast" waiting="0.00" lane="right_0" pos="27.87" speed="25.25" angle="314.30" x="107.61" y="116.34"/>
        <vehicle id="cfm-fast_3" eclass="HBEFA3/PC_G_EU4" CO2="0.00" CO="0.00" HC="0.00" NOx="0.00" PMx="0.00" fuel="0.00" electricity="0.00" noise="70.53" route="routebottom" type="cfm-fast" waiting="0.00" lane="right_0" pos="44.06" speed="24.10" angle="285.26" x="76.47" y="131.06"/>
        <vehicle id="cfm-fast_4" eclass="HBEFA3/PC_G_EU4" CO2="9502.13" CO="122.55" HC="0.79" NOx="3.85" PMx="0.20" fuel="4.08" electricity="0.00" noise="72.63" route="routetop" type="cfm-fast" waiting="0.00" lane="top_0" pos="9.12" speed="23.89" angle="258.04" x="44.23" y="129.46"/>
        <vehicle id="cfm-fast_5" eclass="HBEFA3/PC_G_EU4" CO2="387693.69" CO="10046.25" HC="55.60" NOx="181.23" PMx="11.00" fuel="166.65" electricity="0.00" noise="159.62" route="routebottom" type="cfm-fast" waiting="0.00" lane="right_1" pos="40.90" speed="92.73" angle="290.88" x="82.09" y="126.32"/>
        <vehicle id="cfm-slow_0" eclass="HBEFA3/PC_G_EU4" CO2="15106.37" CO="240.07" HC="1.47" NOx="6.47" PMx="0.35" fuel="6.49" electricity="0.00" noise="75.46" route="routetop" type="cfm-slow" waiting="0.00" lane="top_0" pos="24.16" speed="24.70" angle="230.98" x="16.44" y="113.43"/>
        <vehicle id="cfm-slow_1" eclass="HBEFA3/PC_G_EU4" CO2="15599.04" CO="256.34" HC="1.56" NOx="6.67" PMx="0.37" fuel="6.71" electricity="0.00" noise="75.95" route="routetop" type="cfm-slow" waiting="0.00" lane="top_0" pos="44.05" speed="26.37" angle="195.29" x="-3.74" y="76.48"/>
        <vehicle id="cfm-slow_2" eclass="HBEFA3/PC_G_EU4" CO2="12863.44" CO="207.72" HC="1.27" NOx="5.34" PMx="0.30" fuel="5.53" electricity="0.00" noise="75.13" route="routetop" type="cfm-slow" waiting="0.00" lane="left_0" pos="15.64" speed="27.91" angle="156.34" x="3.18" y="31.27"/>
        <vehicle id="cfm-slow_3" eclass="HBEFA3/PC_G_EU4" CO2="7176.40" CO="96.51" HC="0.62" NOx="2.64" PMx="0.16" fuel="3.08" electricity="0.00" noise="73.74" route="routetop" type="cfm-slow" waiting="0.00" lane="left_0" pos="38.74" speed="28.88" angle="114.82" x="39.84" y="-0.67"/>
        <vehicle id="cfm-slow_4" eclass="HBEFA3/PC_G_EU4" CO2="0.00" CO="0.00" HC="0.00" NOx="0.00" PMx="0.00" fuel="0.00" electricity="0.00" noise="72.62" route="routebottom" type="cfm-slow" waiting="0.00" lane="bottom_0" pos="12.75" speed="28.99" angle="71.55" x="90.47" y="0.50"/>
        <vehicle id="cfm-slow_5" eclass="HBEFA3/PC_G_EU4" CO2="0.00" CO="0.00" HC="0.00" NOx="0.00" PMx="0.00" fuel="0.00" electricity="0.00" noise="71.76" route="routebottom" type="cfm-slow" waiting="0.00" lane="bottom_0" pos="36.80" speed="28.24" angle="28.25" x="126.43" y="35.98"/>
    </timestep>
    <timestep time="6.81">
        <vehicle id="cfm-fast_0" eclass="HBEFA3/PC_G_EU4" CO2="0.00" CO="0.00" HC="0.00" NOx="0.00" PMx="0.00" fuel="0.00" electricity="0.00" noise="70.94" route="routebottom" type="cfm-fast" waiting="0.00" lane="right_0" pos="10.28" speed="26.86" angle="346.01" x="128.72" y="85.49"/>
        <vehicle id="cfm-fast_1" eclass="HBEFA3/PC_G_EU4" CO2="278290.75" CO="7266.35" HC="40.17" NOx="129.69" PMx="7.92" fuel="119.62" electricity="0.00" noise="142.08" route="routebottom" type="cfm-fast" waiting="0.00" lane="bottom_1" pos="15.35" speed="83.29" angle="66.88" x="93.96" y="5.80"/>
        <vehicle id="cfm-fast_2" eclass="HBEFA3/PC_G_EU4" CO2="0.00" CO="0.00" HC="0.00" NOx="0.00" PMx="0.00" fuel="0.00" electricity="0.00" noise="70.30" route="routebottom" type="cfm-fast" waiting="0.00" lane="right_0" pos="28.13" speed="25.24" angle="313.85" x="107.19" y="116.69"/>
        <vehicle id="cfm-fast_3" eclass="HBEFA3/PC_G_EU4" CO2="0.00" CO="0.00" HC="0.00" NOx="0.00" PMx="0.00" fuel="0.00" electricity="0.00" noise="70.54" route="routebottom" type="cfm-fast" waiting="0.00" lane="right_0" pos="44.30" speed="24.10" angle="284.80" x="75.96" y="131.15"/>
        <vehicle id="cfm-fast_4" eclass="HBEFA3/PC_G_EU4" CO2="9548.40" CO="123.52" HC="0.80" NOx="3.87" PMx="0.21" fuel="4.10" electricity="0.00" noise="72.65" route="routetop" type="cfm-fast" waiting="0.00" lane="top_0" pos="9.36" speed="23.89" angle="257.61" x="43.73" y="129.31"/>
        <vehicle id="cfm-fast_5" eclass="HBEFA3/PC_G_EU4" CO2="388359.37" CO="10068.12" HC="55.72" NOx="181.54" PMx="11.02" fuel="166.94" electricity="0.00" noise="159.68" route="routebottom" type="cfm-fast" waiting="0.00" lane="right_1" pos="41.83" speed="92.86" angle="289.19" x="80.25" y="126.82"/>
        <vehicle id="cfm-slow_0" eclass="HBEFA3/PC_G_EU4" CO2="15111.05" CO="240.22" HC="1.47" NOx="6.47" PMx="0.35" fuel="6.50" electricity="0.00" noise="75.46" route="routetop" type="cfm-slow" waiting="0.00" lane="top_0" pos="24.41" speed="24.72" angle="230.59" x="16.05" y="113.06"/>
        <vehicle id="cfm-slow_1" eclass="HBEFA3/PC_G_EU4" CO2="15573.85" CO="255.90" HC="1.55" NOx="6.65" PMx="0.37" fuel="6.69" electricity="0.00" noise="75.94" route="routetop" type="cfm-slow" waiting="0.00" lane="top_0" pos="44.32" speed="26.39" angle="194.80" x="-3.84" y="75.92"/>
        <vehicle id="cfm-slow_2" eclass="HBEFA3/PC_G_EU4" CO2="12808.39" CO="206.64" HC="1.26" NOx="5.32" PMx="0.30" fuel="5.51" electricity="0.00" noise="75.12" route="routetop" type="cfm-slow" waiting="0.00" lane="left_0" pos="15.91" speed="27.92" angle="155.82" x="3.47" y="30.75"/>
        <vehicle id="cfm-slow_3" eclass="HBEFA3/PC_G_EU4" CO2="7109.95" CO="95.15" HC="0.61" NOx="2.61" PMx="0.16" fuel="3.06" electricity="0.00" noise="73.72" route="routetop" type="cfm-slow" waiting="0.00" lane="left_0" pos="39.03" speed="28.88" angle="114.29" x="40.43" y="-0.88"/>
        <vehicle id="cfm-slow_4" eclass="HBEFA3/PC_G_EU4" CO2="0.00" CO="0.00" HC="0.00" NOx="0.00" PMx="0.00" fuel="0.00" electricity="0.00" noise="72.61" route="routebottom" type="cfm-slow" waiting="0.00" lane="bottom_0" pos="13.04" speed="28.99" angle="71.03" x="91.04" y="0.75"/>
        <vehicle id="cfm-slow_5" eclass="HBEFA3/PC_G_EU4" CO2="0.00" CO="0.00" HC="0.00" NOx="0.00" PMx="0.00" fuel="0.00" electricity="0.00" noise="71.76" route="routebottom" type="cfm-slow" waiting="0.00" lane="bottom_0" pos="37.08" speed="28.23" angle="27.71" x="126.68" y="36.53"/>
    </timestep>
    <timestep time="6.82">
        <vehicle id="cfm-fast_0" eclass="HBEFA3/PC_G_EU4" CO2="0.00" CO="0.00" HC="0.00" NOx="0.00" PMx="0.00" fuel="0.00" electricity="0.00" noise="70.93" route="routebottom" type="cfm-fast" waiting="0.00" lane="right_0" pos="10.54" speed="26.85" angle="345.50" x="128.52" y="86.03"/>
        <vehicle id="cfm-fast_1" eclass="HBEFA3/PC_G_EU4" CO2="279078.67" CO="7288.14" HC="40.29" NOx="130.06" PMx="7.95" fuel="119.96" electricity="0.00" noise="142.20" route="routebottom" type="cfm-fast" waiting="0.00" lane="bottom_1" pos="16.18" speed="83.39" angle="65.38" x="95.46" y="6.62"/>
        <vehicle id="cfm-fast_2" eclass="HBEFA3/PC_G_EU4" CO2="0.00" CO="0.00" HC="0.00" NOx="0.00" PMx="0.00" fuel="0.00" electricity="0.00" noise="70.30" route="routebottom" type="cfm-fast" waiting="0.00" lane="right_0" pos="28.38" speed="25.23" angle="313.43" x="106.77" y="117.03"/>
        <vehicle id="cfm-fast_3" eclass="HBEFA3/PC_G_EU4" CO2="0.00" CO="0.00" HC="0.00" NOx="0.00" PMx="0.00" fuel="0.00" electricity="0.00" noise="70.56" route="routebottom" type="cfm-fast" waiting="0.00" lane="right_0" pos="44.54" speed="24.10" angle="284.34" x="75.45" y="131.25"/>
        <vehicle id="cfm-fast_4" eclass="HBEFA3/PC_G_EU4" CO2="9594.35" CO="124.49" HC="0.80" NOx="3.89" PMx="0.21" fuel="4.12" electricity="0.00" noise="72.67" route="routetop" type="cfm-fast" waiting="0.00" lane="top_0" pos="9.59" speed="23.90" angle="257.18" x="43.24" y="129.16"/>
        <vehicle id="cfm-fast_5" eclass="HBEFA3/PC_G_EU4" CO2="389025.35" CO="10090.01" HC="55.83" NOx="181.85" PMx="11.04" fuel="167.22" electricity="0.00" noise="159.75" route="routebottom" type="cfm-fast" waiting="0.00" lane="right_1" pos="42.76" speed="93.00" angle="287.56" x="78.40" y="127.28"/>
        <vehicle id="cfm-slow_0" eclass="HBEFA3/PC_G_EU4" CO2="15115.48" CO="240.36" HC="1.47" NOx="6.48" PMx="0.35" fuel="6.50" electricity="0.00" noise="75.46" route="routetop" type="cfm-slow" waiting="0.00" lane="top_0" pos="24.66" speed="24.74" angle="230.14" x="15.68" y="112.69"/>
        <vehicle id="cfm-slow_1" eclass="HBEFA3/PC_G_EU4" CO2="15548.39" CO="255.44" HC="1.55" NOx="6.64" PMx="0.37" fuel="6.68" electricity="0.00" noise="75.93" route="routetop" type="cfm-slow" waiting="0.00" lane="top_0" pos="44.58" speed="26.41" angle="194.30" x="-3.94" y="75.36"/>
        <vehicle id="cfm-slow_2" eclass="HBEFA3/PC_G_EU4" CO2="12753.21" CO="205.57" HC="1.26" NOx="5.29" PMx="0.30" fuel="5.48" electricity="0.00" noise="75.10" route="routetop" type="cfm-slow" waiting="0.00" lane="left_0" pos="16.19" speed="27.93" angle="155.31" x="3.77" y="30.22"/>
        <vehicle id="cfm-slow_3" eclass="HBEFA3/PC_G_EU4" CO2="7043.64" CO="93.80" HC="0.61" NOx="2.57" PMx="0.15" fuel="3.03" electricity="0.00" noise="73.71" route="routetop" type="cfm-slow" waiting="0.00" lane="left_0" pos="39.31" speed="28.89" angle="113.76" x="41.01" y="-1.09"/>
        <vehicle id="cfm-slow_4" eclass="HBEFA3/PC_G_EU4" CO2="0.00" CO="0.00" HC="0.00" NOx="0.00" PMx="0.00" fuel="0.00" electricity="0.00" noise="72.60" route="routebottom" type="cfm-slow" waiting="0.00" lane="bottom_0" pos="13.33" speed="28.98" angle="70.49" x="91.60" y="1.01"/>
        <vehicle id="cfm-slow_5" eclass="HBEFA3/PC_G_EU4" CO2="0.00" CO="0.00" HC="0.00" NOx="0.00" PMx="0.00" fuel="0.00" electricity="0.00" noise="71.75" route="routebottom" type="cfm-slow" waiting="0.00" lane="bottom_0" pos="37.36" speed="28.22" angle="27.26" x="126.91" y="37.09"/>
    </timestep>
    <timestep time="6.83">
        <vehicle id="cfm-fast_0" eclass="HBEFA3/PC_G_EU4" CO2="0.00" CO="0.00" HC="0.00" NOx="0.00" PMx="0.00" fuel="0.00" electricity="0.00" noise="70.93" route="routebottom" type="cfm-fast" waiting="0.00" lane="right_0" pos="10.81" speed="26.83" angle="344.99" x="128.32" y="86.57"/>
        <vehicle id="cfm-fast_1" eclass="HBEFA3/PC_G_EU4" CO2="279867.55" CO="7309.96" HC="40.41" NOx="130.43" PMx="7.97" fuel="120.30" electricity="0.00" noise="142.33" route="routebottom" type="cfm-fast" waiting="0.00" lane="bottom_1" pos="17.02" speed="83.50" angle="63.89" x="96.94" y="7.48"/>
        <vehicle id="cfm-fast_2" eclass="HBEFA3/PC_G_EU4" CO2="0.00" CO="0.00" HC="0.00" NOx="0.00" PMx="0.00" fuel="0.00" electricity="0.00" noise="70.30" route="routebottom" type="cfm-fast" waiting="0.00" lane="right_0" pos="28.63" speed="25.22" angle="312.97" x="106.34" y="117.36"/>
        <vehicle id="cfm-fast_3" eclass="HBEFA3/PC_G_EU4" CO2="0.00" CO="0.00" HC="0.00" NOx="0.00" PMx="0.00" fuel="0.00" electricity="0.00" noise="70.57" route="routebottom" type="cfm-fast" waiting="0.00" lane="right_0" pos="44.78" speed="24.10" angle="283.89" x="74.94" y="131.34"/>
        <vehicle id="cfm-fast_4" eclass="HBEFA3/PC_G_EU4" CO2="9640.00" CO="125.45" HC="0.81" NOx="3.91" PMx="0.21" fuel="4.14" electricity="0.00" noise="72.70" route="routetop" type="cfm-fast" waiting="0.00" lane="top_0" pos="9.83" speed="23.91" angle="256.74" x="42.75" y="129.00"/>
        <vehicle id="cfm-fast_5" eclass="HBEFA3/PC_G_EU4" CO2="389691.62" CO="10111.92" HC="55.95" NOx="182.17" PMx="11.06" fuel="167.51" electricity="0.00" noise="159.82" route="routebottom" type="cfm-fast" waiting="0.00" lane="right_1" pos="43.69" speed="93.14" angle="285.95" x="76.54" y="127.69"/>
        <vehicle id="cfm-slow_0" eclass="HBEFA3/PC_G_EU4" CO2="15119.65" CO="240.50" HC="1.47" NOx="6.48" PMx="0.35" fuel="6.50" electricity="0.00" noise="75.47" route="routetop" type="cfm-slow" waiting="0.00" lane="top_0" pos="24.91" speed="24.75" angle="229.68" x="15.30" y="112.31"/>
        <vehicle id="cfm-slow_1" eclass="HBEFA3/PC_G_EU4" CO2="15522.65" CO="254.98" HC="1.55" NOx="6.63" PMx="0.37" fuel="6.67" electricity="0.00" noise="75.92" route="routetop" type="cfm-slow" waiting="0.00" lane="top_0" pos="44.85" speed="26.42" angle="193.85" x="-4.04" y="74.80"/>
        <vehicle id="cfm-slow_2" eclass="HBEFA3/PC_G_EU4" CO2="12697.91" CO="204.49" HC="1.25" NOx="5.26" PMx="0.30" fuel="5.46" electricity="0.00" noise="75.08" route="routetop" type="cfm-slow" waiting="0.00" lane="left_0" pos="16.47" speed="27.94" angle="154.79" x="4.06" y="29.69"/>
        <vehicle id="cfm-slow_3" eclass="HBEFA3/PC_G_EU4" CO2="6977.44" CO="92.45" HC="0.60" NOx="2.54" PMx="0.15" fuel="3.00" electricity="0.00" noise="73.69" route="routetop" type="cfm-slow" waiting="0.00" lane="left_0" pos="39.60" speed="28.89" angle="113.22" x="41.60" y="-1.30"/>
        <vehicle id="cfm-slow_4" eclass="HBEFA3/PC_G_EU4" CO2="0.00" CO="0.00" HC="0.00" NOx="0.00" PMx="0.00" fuel="0.00" electricity="0.00" noise="72.59" route="routebottom" type="cfm-slow" waiting="0.00" lane="bottom_0" pos="13.62" speed="28.97" angle="69.96" x="92.17" y="1.27"/>
        <vehicle id="cfm-slow_5" eclass="HBEFA3/PC_G_EU4" CO2="0.00" CO="0.00" HC="0.00" NOx="0.00" PMx="0.00" fuel="0.00" electricity="0.00" noise="71.74" route="routebottom" type="cfm-slow" waiting="0.00" lane="bottom_0" pos="37.64" speed="28.20" angle="26.75" x="127.14" y="37.65"/>
    </timestep>
    <timestep time="6.84">
        <vehicle id="cfm-fast_0" eclass="HBEFA3/PC_G_EU4" CO2="0.00" CO="0.00" HC="0.00" NOx="0.00" PMx="0.00" fuel="0.00" electricity="0.00" noise="70.92" route="routebottom" type="cfm-fast" waiting="0.00" lane="right_0" pos="11.08" speed="26.82" angle="344.48" x="128.13" y="87.11"/>
        <vehicle id="cfm-fast_1" eclass="HBEFA3/PC_G_EU4" CO2="280657.36" CO="7331.82" HC="40.53" NOx="130.80" PMx="7.99" fuel="120.64" electricity="0.00" noise="142.45" route="routebottom" type="cfm-fast" waiting="0.00" lane="bottom_1" pos="17.85" speed="83.61" angle="62.32" x="98.41" y="8.36"/>
        <vehicle id="cfm-fast_2" eclass="HBEFA3/PC_G_EU4" CO2="0.00" CO="0.00" HC="0.00" NOx="0.00" PMx="0.00" fuel="0.00" electricity="0.00" noise="70.30" route="routebottom" type="cfm-fast" waiting="0.00" lane="right_0" pos="28.88" speed="25.21" angle="312.51" x="105.92" y="117.70"/>
        <vehicle id="cfm-fast_3" eclass="HBEFA3/PC_G_EU4" CO2="0.00" CO="0.00" HC="0.00" NOx="0.00" PMx="0.00" fuel="0.00" electricity="0.00" noise="70.58" route="routebottom" type="cfm-fast" waiting="0.00" lane="right_0" pos="45.02" speed="24.09" angle="283.52" x="74.43" y="131.42"/>
        <vehicle id="cfm-fast_4" eclass="HBEFA3/PC_G_EU4" CO2="9685.33" CO="126.41" HC="0.82" NOx="3.93" PMx="0.21" fuel="4.16" electricity="0.00" noise="72.72" route="routetop" type="cfm-fast" waiting="0.00" lane="top_0" pos="10.07" speed="23.92" angle="256.31" x="42.26" y="128.85"/>
        <vehicle id="cfm-fast_5" eclass="HBEFA3/PC_G_EU4" CO2="390358.18" CO="10133.86" HC="56.07" NOx="182.48" PMx="11.08" fuel="167.80" electricity="0.00" noise="159.88" route="routebottom" type="cfm-fast" waiting="0.00" lane="right_1" pos="44.63" speed="93.27" angle="284.14" x="74.66" y="128.04"/>
        <vehicle id="cfm-slow_0" eclass="HBEFA3/PC_G_EU4" CO2="15123.56" CO="240.63" HC="1.47" NOx="6.48" PMx="0.35" fuel="6.50" electricity="0.00" noise="75.47" route="routetop" type="cfm-slow" waiting="0.00" lane="top_0" pos="25.15" speed="24.77" angle="229.23" x="14.92" y="111.93"/>
        <vehicle id="cfm-slow_1" eclass="HBEFA3/PC_G_EU4" CO2="15496.64" CO="254.51" HC="1.55" NOx="6.62" PMx="0.37" fuel="6.66" electricity="0.00" noise="75.91" route="routetop" type="cfm-slow" waiting="0.00" lane="top_0" pos="45.11" speed="26.44" angle="193.40" x="-4.13" y="74.24"/>
        <vehicle id="cfm-slow_2" eclass="HBEFA3/PC_G_EU4" CO2="12642.50" CO="203.40" HC="1.24" NOx="5.24" PMx="0.30" fuel="5.43" electricity="0.00" noise="75.06" route="routetop" type="cfm-slow" waiting="0.00" lane="left_0" pos="16.75" speed="27.95" angle="154.34" x="4.35" y="29.17"/>
        <vehicle id="cfm-slow_3" eclass="HBEFA3/PC_G_EU4" CO2="6911.37" CO="91.10" HC="0.59" NOx="2.51" PMx="0.15" fuel="2.97" electricity="0.00" noise="73.68" route="routetop" type="cfm-slow" waiting="0.00" lane="left_0" pos="39.89" speed="28.89" angle="112.75" x="42.19" y="-1.50"/>
        <vehicle id="cfm-slow_4" eclass="HBEFA3/PC_G_EU4" CO2="0.00" CO="0.00" HC="0.00" NOx="0.00" PMx="0.00" fuel="0.00" electricity="0.00" noise="72.58" route="routebottom" type="cfm-slow" waiting="0.00" lane="bottom_0" pos="13.91" speed="28.97" angle="69.42" x="92.74" y="1.52"/>
        <vehicle id="cfm-slow_5" eclass="HBEFA3/PC_G_EU4" CO2="0.00" CO="0.00" HC="0.00" NOx="0.00" PMx="0.00" fuel="0.00" electricity="0.00" noise="71.73" route="routebottom" type="cfm-slow" waiting="0.00" lane="bottom_0" pos="37.92" speed="28.19" angle="26.24" x="127.36" y="38.22"/>
    </timestep>
    <timestep time="6.85">
        <vehicle id="cfm-fast_0" eclass="HBEFA3/PC_G_EU4" CO2="0.00" CO="0.00" HC="0.00" NOx="0.00" PMx="0.00" fuel="0.00" electricity="0.00" noise="70.92" route="routebottom" type="cfm-fast" waiting="0.00" lane="right_0" pos="11.35" speed="26.80" angle="343.96" x="127.93" y="87.66"/>
        <vehicle id="cfm-fast_1" eclass="HBEFA3/PC_G_EU4" CO2="281448.10" CO="7353.72" HC="40.65" NOx="131.18" PMx="8.02" fuel="120.98" electricity="0.00" noise="142.58" route="routebottom" type="cfm-fast" waiting="0.00" lane="bottom_1" pos="18.69" speed="83.71" angle="60.79" x="99.84" y="9.31"/>
        <vehicle id="cfm-fast_2" eclass="HBEFA3/PC_G_EU4" CO2="0.00" CO="0.00" HC="0.00" NOx="0.00" PMx="0.00" fuel="0.00" electricity="0.00" noise="70.30" route="routebottom" type="cfm-fast" waiting="0.00" lane="right_0" pos="29.13" speed="25.19" angle="312.05" x="105.49" y="118.03"/>
        <vehicle id="cfm-fast_3" eclass="HBEFA3/PC_G_EU4" CO2="0.00" CO="0.00" HC="0.00" NOx="0.00" PMx="0.00" fuel="0.00" electricity="0.00" noise="70.60" route="routebottom" type="cfm-fast" waiting="0.00" lane="right_0" pos="45.26" speed="24.09" angle="283.08" x="73.91" y="131.50"/>
        <vehicle id="cfm-fast_4" eclass="HBEFA3/PC_G_EU4" CO2="9730.36" CO="127.35" HC="0.82" NOx="3.95" PMx="0.21" fuel="4.18" electricity="0.00" noise="72.74" route="routetop" type="cfm-fast" waiting="0.00" lane="top_0" pos="10.31" speed="23.93" angle="255.93" x="41.77" y="128.69"/>
        <vehicle id="cfm-fast_5" eclass="HBEFA3/PC_G_EU4" CO2="391025.03" CO="10155.81" HC="56.19" NOx="182.79" PMx="11.10" fuel="168.08" electricity="0.00" noise="159.95" route="routebottom" type="cfm-fast" waiting="0.00" lane="right_1" pos="45.56" speed="93.41" angle="282.48" x="72.76" y="128.33"/>
        <vehicle id="cfm-slow_0" eclass="HBEFA3/PC_G_EU4" CO2="15127.22" CO="240.76" HC="1.47" NOx="6.48" PMx="0.35" fuel="6.50" electricity="0.00" noise="75.48" route="routetop" type="cfm-slow" waiting="0.00" lane="top_0" pos="25.40" speed="24.79" angle="228.77" x="14.55" y="111.56"/>
        <vehicle id="cfm-slow_1" eclass="HBEFA3/PC_G_EU4" CO2="15470.35" CO="254.04" HC="1.54" NOx="6.60" PMx="0.37" fuel="6.65" electricity="0.00" noise="75.90" route="routetop" type="cfm-slow" waiting="0.00" lane="top_0" pos="45.38" speed="26.45" angle="192.91" x="-4.21" y="73.67"/>
        <vehicle id="cfm-slow_2" eclass="HBEFA3/PC_G_EU4" CO2="12586.97" CO="202.32" HC="1.24" NOx="5.21" PMx="0.30" fuel="5.41" electricity="0.00" noise="75.05" route="routetop" type="cfm-slow" waiting="0.00" lane="left_0" pos="17.03" speed="27.96" angle="153.82" x="4.66" y="28.66"/>
        <vehicle id="cfm-slow_3" eclass="HBEFA3/PC_G_EU4" CO2="6845.42" CO="89.76" HC="0.58" NOx="2.48" PMx="0.15" fuel="2.94" electricity="0.00" noise="73.66" route="routetop" type="cfm-slow" waiting="0.00" lane="left_0" pos="40.18" speed="28.89" angle="112.21" x="42.78" y="-1.68"/>
        <vehicle id="cfm-slow_4" eclass="HBEFA3/PC_G_EU4" CO2="0.00" CO="0.00" HC="0.00" NOx="0.00" PMx="0.00" fuel="0.00" electricity="0.00" noise="72.57" route="routebottom" type="cfm-slow" waiting="0.00" lane="bottom_0" pos="14.20" speed="28.96" angle="68.94" x="93.30" y="1.79"/>
        <vehicle id="cfm-slow_5" eclass="HBEFA3/PC_G_EU4" CO2="0.00" CO="0.00" HC="0.00" NOx="0.00" PMx="0.00" fuel="0.00" electricity="0.00" noise="71.72" route="routebottom" type="cfm-slow" waiting="0.00" lane="bottom_0" pos="38.21" speed="28.18" angle="25.73" x="127.59" y="38.78"/>
    </timestep>
    <timestep time="6.86">
        <vehicle id="cfm-fast_0" eclass="HBEFA3/PC_G_EU4" CO2="0.00" CO="0.00" HC="0.00" NOx="0.00" PMx="0.00" fuel="0.00" electricity="0.00" noise="70.91" route="routebottom" type="cfm-fast" waiting="0.00" lane="right_0" pos="11.62" speed="26.79" angle="343.53" x="127.73" y="88.20"/>
        <vehicle id="cfm-fast_1" eclass="HBEFA3/PC_G_EU4" CO2="282239.74" CO="7375.65" HC="40.77" NOx="131.55" PMx="8.04" fuel="121.32" electricity="0.00" noise="142.70" route="routebottom" type="cfm-fast" waiting="0.00" lane="bottom_1" pos="19.53" speed="83.82" angle="59.28" x="101.26" y="10.28"/>
        <vehicle id="cfm-fast_2" eclass="HBEFA3/PC_G_EU4" CO2="0.00" CO="0.00" HC="0.00" NOx="0.00" PMx="0.00" fuel="0.00" electricity="0.00" noise="70.30" route="routebottom" type="cfm-fast" waiting="0.00" lane="right_0" pos="29.39" speed="25.18" angle="311.60" x="105.06" y="118.37"/>
        <vehicle id="cfm-fast_3" eclass="HBEFA3/PC_G_EU4" CO2="0.00" CO="0.00" HC="0.00" NOx="0.00" PMx="0.00" fuel="0.00" electricity="0.00" noise="70.61" route="routebottom" type="cfm-fast" waiting="0.00" lane="right_0" pos="45.50" speed="24.09" angle="282.65" x="73.40" y="131.57"/>
        <vehicle id="cfm-fast_4" eclass="HBEFA3/PC_G_EU4" CO2="9775.08" CO="128.30" HC="0.83" NOx="3.97" PMx="0.21" fuel="4.20" electricity="0.00" noise="72.76" route="routetop" type="cfm-fast" waiting="0.00" lane="top_0" pos="10.55" speed="23.94" angle="255.48" x="41.29" y="128.52"/>
        <vehicle id="cfm-fast_5" eclass="HBEFA3/PC_G_EU4" CO2="391692.17" CO="10177.79" HC="56.30" NOx="183.11" PMx="11.12" fuel="168.37" electricity="0.00" noise="160.01" route="routebottom" type="cfm-fast" waiting="0.00" lane="right_1" pos="46.50" speed="93.55" angle="280.85" x="70.86" y="128.57"/>
        <vehicle id="cfm-slow_0" eclass="HBEFA3/PC_G_EU4" CO2="15130.62" CO="240.88" HC="1.47" NOx="6.48" PMx="0.35" fuel="6.50" electricity="0.00" noise="75.48" route="routetop" type="cfm-slow" waiting="0.00" lane="top_0" pos="25.65" speed="24.80" angle="228.38" x="14.17" y="111.18"/>
        <vehicle id="cfm-slow_1" eclass="HBEFA3/PC_G_EU4" CO2="15443.80" CO="253.56" HC="1.54" NOx="6.59" PMx="0.37" fuel="6.64" electricity="0.00" noise="75.89" route="routetop" type="cfm-slow" waiting="0.00" lane="top_0" pos="45.64" speed="26.47" angle="192.42" x="-4.29" y="73.11"/>
        <vehicle id="cfm-slow_2" eclass="HBEFA3/PC_G_EU4" CO2="12531.32" CO="201.23" HC="1.23" NOx="5.18" PMx="0.29" fuel="5.39" electricity="0.00" noise="75.03" route="routetop" type="cfm-slow" waiting="0.00" lane="left_0" pos="17.31" speed="27.97" angle="153.31" x="4.97" y="28.14"/>
        <vehicle id="cfm-slow_3" eclass="HBEFA3/PC_G_EU4" CO2="6779.60" CO="88.42" HC="0.58" NOx="2.45" PMx="0.15" fuel="2.91" electricity="0.00" noise="73.65" route="routetop" type="cfm-slow" waiting="0.00" lane="left_0" pos="40.47" speed="28.89" angle="111.67" x="43.37" y="-1.87"/>
        <vehicle id="cfm-slow_4" eclass="HBEFA3/PC_G_EU4" CO2="0.00" CO="0.00" HC="0.00" NOx="0.00" PMx="0.00" fuel="0.00" electricity="0.00" noise="72.56" route="routebottom" type="cfm-slow" waiting="0.00" lane="bottom_0" pos="14.49" speed="28.95" angle="68.40" x="93.86" y="2.06"/>
        <vehicle id="cfm-slow_5" eclass="HBEFA3/PC_G_EU4" CO2="0.00" CO="0.00" HC="0.00" NOx="0.00" PMx="0.00" fuel="0.00" electricity="0.00" noise="71.72" route="routebottom" type="cfm-slow" waiting="0.00" lane="bottom_0" pos="38.49" speed="28.16" angle="25.27" x="127.81" y="39.34"/>
    </timestep>
    <timestep time="6.87">
        <vehicle id="cfm-fast_0" eclass="HBEFA3/PC_G_EU4" CO2="0.00" CO="0.00" HC="0.00" NOx="0.00" PMx="0.00" fuel="0.00" electricity="0.00" noise="70.90" route="routebottom" type="cfm-fast" waiting="0.00" lane="right_0" pos="11.89" speed="26.77" angle="343.04" x="127.51" y="88.73"/>
        <vehicle id="cfm-fast_1" eclass="HBEFA3/PC_G_EU4" CO2="283032.26" CO="7397.62" HC="40.89" NOx="131.92" PMx="8.06" fuel="121.66" electricity="0.00" noise="142.83" route="routebottom" type="cfm-fast" waiting="0.00" lane="bottom_1" pos="20.37" speed="83.93" angle="57.75" x="102.66" y="11.28"/>
        <vehicle id="cfm-fast_2" eclass="HBEFA3/PC_G_EU4" CO2="0.00" CO="0.00" HC="0.00" NOx="0.00" PMx="0.00" fuel="0.00" electricity="0.00" noise="70.30" route="routebottom" type="cfm-fast" waiting="0.00" lane="right_0" pos="29.64" speed="25.17" angle="311.19" x="104.63" y="118.69"/>
        <vehicle id="cfm-fast_3" eclass="HBEFA3/PC_G_EU4" CO2="0.00" CO="0.00" HC="0.00" NOx="0.00" PMx="0.00" fuel="0.00" electricity="0.00" noise="70.62" route="routebottom" type="cfm-fast" waiting="0.00" lane="right_0" pos="45.74" speed="24.09" angle="282.21" x="72.89" y="131.64"/>
        <vehicle id="cfm-fast_4" eclass="HBEFA3/PC_G_EU4" CO2="9819.49" CO="129.23" HC="0.83" NOx="3.99" PMx="0.21" fuel="4.22" electricity="0.00" noise="72.78" route="routetop" type="cfm-fast" waiting="0.00" lane="top_0" pos="10.79" speed="23.95" angle="255.03" x="40.80" y="128.34"/>
        <vehicle id="cfm-fast_5" eclass="HBEFA3/PC_G_EU4" CO2="392359.61" CO="10199.79" HC="56.42" NOx="183.42" PMx="11.14" fuel="168.66" electricity="0.00" noise="160.08" route="routebottom" type="cfm-fast" waiting="0.00" lane="right_1" pos="47.43" speed="93.68" angle="279.22" x="68.95" y="128.77"/>
        <vehicle id="cfm-slow_0" eclass="HBEFA3/PC_G_EU4" CO2="15133.77" CO="240.99" HC="1.47" NOx="6.48" PMx="0.35" fuel="6.51" electricity="0.00" noise="75.49" route="routetop" type="cfm-slow" waiting="0.00" lane="top_0" pos="25.90" speed="24.82" angle="227.92" x="13.81" y="110.79"/>
        <vehicle id="cfm-slow_1" eclass="HBEFA3/PC_G_EU4" CO2="15416.98" CO="253.08" HC="1.54" NOx="6.58" PMx="0.36" fuel="6.63" electricity="0.00" noise="75.88" route="routetop" type="cfm-slow" waiting="0.00" lane="top_0" pos="45.91" speed="26.48" angle="191.94" x="-4.36" y="72.55"/>
        <vehicle id="cfm-slow_2" eclass="HBEFA3/PC_G_EU4" CO2="12475.57" CO="200.14" HC="1.22" NOx="5.16" PMx="0.29" fuel="5.36" electricity="0.00" noise="75.01" route="routetop" type="cfm-slow" waiting="0.00" lane="left_0" pos="17.59" speed="27.98" angle="152.79" x="5.28" y="27.62"/>
        <vehicle id="cfm-slow_3" eclass="HBEFA3/PC_G_EU4" CO2="6713.92" CO="87.07" HC="0.57" NOx="2.42" PMx="0.15" fuel="2.89" electricity="0.00" noise="73.64" route="routetop" type="cfm-slow" waiting="0.00" lane="left_0" pos="40.76" speed="28.90" angle="111.13" x="43.97" y="-2.05"/>
        <vehicle id="cfm-slow_4" eclass="HBEFA3/PC_G_EU4" CO2="0.00" CO="0.00" HC="0.00" NOx="0.00" PMx="0.00" fuel="0.00" electricity="0.00" noise="72.55" route="routebottom" type="cfm-slow" waiting="0.00" lane="bottom_0" pos="14.78" speed="28.95" angle="67.86" x="94.42" y="2.34"/>
        <vehicle id="cfm-slow_5" eclass="HBEFA3/PC_G_EU4" CO2="0.00" CO="0.00" HC="0.00" NOx="0.00" PMx="0.00" fuel="0.00" electricity="0.00" noise="71.71" route="routebottom" type="cfm-slow" waiting="0.00" lane="bottom_0" pos="38.77" speed="28.15" angle="24.77" x="128.02" y="39.91"/>
    </timestep>
    <timestep time="6.88">
        <vehicle id="cfm-fast_0" eclass="HBEFA3/PC_G_EU4" CO2="0.00" CO="0.00" HC="0.00" NOx="0.00" PMx="0.00" fuel="0.00" electricity="0.00" noise="70.90" route="routebottom" type="cfm-fast" waiting="0.00" lane="right_0" pos="12.15" speed="26.76" angle="342.55" x="127.30" y="89.27"/>
        <vehicle id="cfm-fast_1" eclass="HBEFA3/PC_G_EU4" CO2="283825.65" CO="7419.63" HC="41.01" NOx="132.30" PMx="8.09" fuel="122.00" electricity="0.00" noise="142.95" route="routebottom" type="cfm-fast" waiting="0.00" lane="bottom_1" pos="21.21" speed="84.04" angle="56.27" x="104.02" y="12.34"/>
        <vehicle id="cfm-fast_2" eclass="HBEFA3/PC_G_EU4" CO2="0.00" CO="0.00" HC="0.00" NOx="0.00" PMx="0.00" fuel="0.00" electricity="0.00" noise="70.30" route="routebottom" type="cfm-fast" waiting="0.00" lane="right_0" pos="29.89" speed="25.16" angle="310.72" x="104.19" y="119.01"/>
        <vehicle id="cfm-fast_3" eclass="HBEFA3/PC_G_EU4" CO2="0.00" CO="0.00" HC="0.00" NOx="0.00" PMx="0.00" fuel="0.00" electricity="0.00" noise="70.64" route="routebottom" type="cfm-fast" waiting="0.00" lane="right_0" pos="45.99" speed="24.09" angle="281.78" x="72.37" y="131.72"/>
        <vehicle id="cfm-fast_4" eclass="HBEFA3/PC_G_EU4" CO2="9863.59" CO="130.16" HC="0.84" NOx="4.01" PMx="0.21" fuel="4.24" electricity="0.00" noise="72.80" route="routetop" type="cfm-fast" waiting="0.00" lane="top_0" pos="11.03" speed="23.96" angle="254.57" x="40.32" y="128.17"/>
        <vehicle id="cfm-fast_5" eclass="HBEFA3/PC_G_EU4" CO2="393027.34" CO="10221.81" HC="56.54" NOx="183.73" PMx="11.16" fuel="168.94" electricity="0.00" noise="160.14" route="routebottom" type="cfm-fast" waiting="0.00" lane="right_1" pos="48.37" speed="93.82" angle="277.43" x="67.03" y="128.88"/>
        <vehicle id="cfm-slow_0" eclass="HBEFA3/PC_G_EU4" CO2="15136.66" CO="241.11" HC="1.47" NOx="6.48" PMx="0.35" fuel="6.51" electricity="0.00" noise="75.49" route="routetop" type="cfm-slow" waiting="0.00" lane="top_0" pos="26.15" speed="24.84" angle="227.46" x="13.45" y="110.39"/>
        <vehicle id="cfm-slow_1" eclass="HBEFA3/PC_G_EU4" CO2="15389.89" CO="252.59" HC="1.53" NOx="6.57" PMx="0.36" fuel="6.62" electricity="0.00" noise="75.87" route="routetop" type="cfm-slow" waiting="0.00" lane="top_0" pos="46.17" speed="26.50" angle="191.50" x="-4.44" y="71.98"/>
        <vehicle id="cfm-slow_2" eclass="HBEFA3/PC_G_EU4" CO2="12419.70" CO="199.05" HC="1.22" NOx="5.13" PMx="0.29" fuel="5.34" electricity="0.00" noise="75.00" route="routetop" type="cfm-slow" waiting="0.00" lane="left_0" pos="17.87" speed="27.99" angle="152.32" x="5.59" y="27.11"/>
        <vehicle id="cfm-slow_3" eclass="HBEFA3/PC_G_EU4" CO2="6648.36" CO="85.74" HC="0.56" NOx="2.39" PMx="0.14" fuel="2.86" electricity="0.00" noise="73.62" route="routetop" type="cfm-slow" waiting="0.00" lane="left_0" pos="41.05" speed="28.90" angle="110.65" x="44.56" y="-2.23"/>
        <vehicle id="cfm-slow_4" eclass="HBEFA3/PC_G_EU4" CO2="0.00" CO="0.00" HC="0.00" NOx="0.00" PMx="0.00" fuel="0.00" electricity="0.00" noise="72.54" route="routebottom" type="cfm-slow" waiting="0.00" lane="bottom_0" pos="15.07" speed="28.94" angle="67.32" x="94.98" y="2.62"/>
        <vehicle id="cfm-slow_5" eclass="HBEFA3/PC_G_EU4" CO2="0.00" CO="0.00" HC="0.00" NOx="0.00" PMx="0.00" fuel="0.00" electricity="0.00" noise="71.70" route="routebottom" type="cfm-slow" waiting="0.00" lane="bottom_0" pos="39.05" speed="28.14" angle="24.26" x="128.23" y="40.48"/>
    </timestep>
    <timestep time="6.89">
        <vehicle id="cfm-fast_0" eclass="HBEFA3/PC_G_EU4" CO2="0.00" CO="0.00" HC="0.00" NOx="0.00" PMx="0.00" fuel="0.00" electricity="0.00" noise="70.89" route="routebottom" type="cfm-fast" waiting="0.00" lane="right_0" pos="12.42" speed="26.75" angle="342.06" x="127.09" y="89.80"/>
        <vehicle id="cfm-fast_1" eclass="HBEFA3/PC_G_EU4" CO2="284619.88" CO="7441.67" HC="41.13" NOx="132.67" PMx="8.11" fuel="122.34" electricity="0.00" noise="143.08" route="routebottom" type="cfm-fast" waiting="0.00" lane="bottom_1" pos="22.05" speed="84.15" angle="54.79" x="105.37" y="13.42"/>
        <vehicle id="cfm-fast_2" eclass="HBEFA3/PC_G_EU4" CO2="0.00" CO="0.00" HC="0.00" NOx="0.00" PMx="0.00" fuel="0.00" electricity="0.00" noise="70.30" route="routebottom" type="cfm-fast" waiting="0.00" lane="right_0" pos="30.14" speed="25.15" angle="310.25" x="103.75" y="119.32"/>
        <vehicle id="cfm-fast_3" eclass="HBEFA3/PC_G_EU4" CO2="0.00" CO="0.00" HC="0.00" NOx="0.00" PMx="0.00" fuel="0.00" electricity="0.00" noise="70.65" route="routebottom" type="cfm-fast" waiting="0.00" lane="right_0" pos="46.23" speed="24.08" angle="281.40" x="71.86" y="131.79"/>
        <vehicle id="cfm-fast_4" eclass="HBEFA3/PC_G_EU4" CO2="9907.38" CO="131.09" HC="0.84" NOx="4.04" PMx="0.21" fuel="4.26" electricity="0.00" noise="72.82" route="routetop" type="cfm-fast" waiting="0.00" lane="top_0" pos="11.27" speed="23.97" angle="254.12" x="39.83" y="127.99"/>
        <vehicle id="cfm-fast_5" eclass="HBEFA3/PC_G_EU4" CO2="393695.36" CO="10243.85" HC="56.66" NOx="184.05" PMx="11.19" fuel="169.23" electricity="0.00" noise="160.21" route="routebottom" type="cfm-fast" waiting="0.00" lane="right_1" pos="49.31" speed="93.95" angle="275.73" x="65.10" y="128.94"/>
        <vehicle id="cfm-slow_0" eclass="HBEFA3/PC_G_EU4" CO2="15139.29" CO="241.21" HC="1.47" NOx="6.48" PMx="0.35" fuel="6.51" electricity="0.00" noise="75.49" route="routetop" type="cfm-slow" waiting="0.00" lane="top_0" pos="26.40" speed="24.85" angle="227.00" x="13.08" y="110.00"/>
        <vehicle id="cfm-slow_1" eclass="HBEFA3/PC_G_EU4" CO2="15362.53" CO="252.10" HC="1.53" NOx="6.55" PMx="0.36" fuel="6.60" electricity="0.00" noise="75.86" route="routetop" type="cfm-slow" waiting="0.00" lane="top_0" pos="46.44" speed="26.51" angle="191.02" x="-4.50" y="71.41"/>
        <vehicle id="cfm-slow_2" eclass="HBEFA3/PC_G_EU4" CO2="12363.73" CO="197.95" HC="1.21" NOx="5.10" PMx="0.29" fuel="5.31" electricity="0.00" noise="74.98" route="routetop" type="cfm-slow" waiting="0.00" lane="left_0" pos="18.15" speed="28.00" angle="151.83" x="5.92" y="26.60"/>
        <vehicle id="cfm-slow_3" eclass="HBEFA3/PC_G_EU4" CO2="6582.95" CO="84.40" HC="0.55" NOx="2.36" PMx="0.14" fuel="2.83" electricity="0.00" noise="73.61" route="routetop" type="cfm-slow" waiting="0.00" lane="left_0" pos="41.34" speed="28.90" angle="110.11" x="45.16" y="-2.40"/>
        <vehicle id="cfm-slow_4" eclass="HBEFA3/PC_G_EU4" CO2="0.00" CO="0.00" HC="0.00" NOx="0.00" PMx="0.00" fuel="0.00" electricity="0.00" noise="72.53" route="routebottom" type="cfm-slow" waiting="0.00" lane="bottom_0" pos="15.36" speed="28.93" angle="66.84" x="95.53" y="2.90"/>
        <vehicle id="cfm-slow_5" eclass="HBEFA3/PC_G_EU4" CO2="0.00" CO="0.00" HC="0.00" NOx="0.00" PMx="0.00" fuel="0.00" electricity="0.00" noise="71.69" route="routebottom" type="cfm-slow" waiting="0.00" lane="bottom_0" pos="39.33" speed="28.13" angle="23.75" x="128.43" y="41.05"/>
    </timestep>
    <timestep time="6.90">
        <vehicle id="cfm-fast_0" eclass="HBEFA3/PC_G_EU4" CO2="0.00" CO="0.00" HC="0.00" NOx="0.00" PMx="0.00" fuel="0.00" electricity="0.00" noise="70.88" route="routebottom" type="cfm-fast" waiting="0.00" lane="right_0" pos="12.69" speed="26.73" angle="341.59" x="126.87" y="90.33"/>
        <vehicle id="cfm-fast_1" eclass="HBEFA3/PC_G_EU4" CO2="285414.93" CO="7463.75" HC="41.25" NOx="133.04" PMx="8.13" fuel="122.69" electricity="0.00" noise="143.20" route="routebottom" type="cfm-fast" waiting="0.00" lane="bottom_1" pos="22.89" speed="84.25" angle="53.26" x="106.69" y="14.53"/>
        <vehicle id="cfm-fast_2" eclass="HBEFA3/PC_G_EU4" CO2="0.00" CO="0.00" HC="0.00" NOx="0.00" PMx="0.00" fuel="0.00" electricity="0.00" noise="70.30" route="routebottom" type="cfm-fast" waiting="0.00" lane="right_0" pos="30.39" speed="25.14" angle="309.79" x="103.31" y="119.64"/>
        <vehicle id="cfm-fast_3" eclass="HBEFA3/PC_G_EU4" CO2="0.00" CO="0.00" HC="0.00" NOx="0.00" PMx="0.00" fuel="0.00" electricity="0.00" noise="70.67" route="routebottom" type="cfm-fast" waiting="0.00" lane="right_0" pos="46.47" speed="24.08" angle="280.96" x="71.35" y="131.84"/>
        <vehicle id="cfm-fast_4" eclass="HBEFA3/PC_G_EU4" CO2="9950.86" CO="132.00" HC="0.85" NOx="4.06" PMx="0.22" fuel="4.28" electricity="0.00" noise="72.85" route="routetop" type="cfm-fast" waiting="0.00" lane="top_0" pos="11.51" speed="23.98" angle="253.73" x="39.35" y="127.82"/>
        <vehicle id="cfm-fast_5" eclass="HBEFA3/PC_G_EU4" CO2="394363.67" CO="10265.91" HC="56.77" NOx="184.36" PMx="11.21" fuel="169.52" electricity="0.00" noise="160.28" route="routetop" type="cfm-fast" waiting="0.00" lane="top_1" pos="0.25" speed="94.09" angle="274.03" x="63.12" y="128.96"/>
        <vehicle id="cfm-slow_0" eclass="HBEFA3/PC_G_EU4" CO2="15141.66" CO="241.31" HC="1.48" NOx="6.48" PMx="0.35" fuel="6.51" electricity="0.00" noise="75.50" route="routetop" type="cfm-slow" waiting="0.00" lane="top_0" pos="26.64" speed="24.87" angle="226.54" x="12.72" y="109.61"/>
        <vehicle id="cfm-slow_1" eclass="HBEFA3/PC_G_EU4" CO2="15334.90" CO="251.60" HC="1.53" NOx="6.54" PMx="0.36" fuel="6.59" electricity="0.00" noise="75.85" route="routetop" type="cfm-slow" waiting="0.00" lane="top_0" pos="46.70" speed="26.53" angle="190.53" x="-4.56" y="70.85"/>
        <vehicle id="cfm-slow_2" eclass="HBEFA3/PC_G_EU4" CO2="12307.65" CO="196.85" HC="1.21" NOx="5.08" PMx="0.29" fuel="5.29" electricity="0.00" noise="74.96" route="routetop" type="cfm-slow" waiting="0.00" lane="left_0" pos="18.43" speed="28.01" angle="151.30" x="6.26" y="26.10"/>
        <vehicle id="cfm-slow_3" eclass="HBEFA3/PC_G_EU4" CO2="6517.66" CO="83.06" HC="0.54" NOx="2.33" PMx="0.14" fuel="2.80" electricity="0.00" noise="73.59" route="routetop" type="cfm-slow" waiting="0.00" lane="left_0" pos="41.63" speed="28.90" angle="109.57" x="45.76" y="-2.56"/>
        <vehicle id="cfm-slow_4" eclass="HBEFA3/PC_G_EU4" CO2="0.00" CO="0.00" HC="0.00" NOx="0.00" PMx="0.00" fuel="0.00" electricity="0.00" noise="72.52" route="routebottom" type="cfm-slow" waiting="0.00" lane="bottom_0" pos="15.65" speed="28.93" angle="66.32" x="96.08" y="3.20"/>
        <vehicle id="cfm-slow_5" eclass="HBEFA3/PC_G_EU4" CO2="0.00" CO="0.00" HC="0.00" NOx="0.00" PMx="0.00" fuel="0.00" electricity="0.00" noise="71.68" route="routebottom" type="cfm-slow" waiting="0.00" lane="bottom_0" pos="39.61" speed="28.11" angle="23.25" x="128.64" y="41.62"/>
    </timestep>
    <timestep time="6.91">
        <vehicle id="cfm-fast_0" eclass="HBEFA3/PC_G_EU4" CO2="0.00" CO="0.00" HC="0.00" NOx="0.00" PMx="0.00" fuel="0.00" electricity="0.00" noise="70.88" route="routebottom" type="cfm-fast" waiting="0.00" lane="right_0" pos="12.95" speed="26.72" angle="341.15" x="126.65" y="90.86"/>
        <vehicle id="cfm-fast_1" eclass="HBEFA3/PC_G_EU4" CO2="286210.80" CO="7485.86" HC="41.38" NOx="133.42" PMx="8.15" fuel="123.03" electricity="0.00" noise="143.33" route="routebottom" type="cfm-fast" waiting="0.00" lane="bottom_1" pos="23.74" speed="84.36" angle="51.81" x="107.97" y="15.69"/>
        <vehicle id="cfm-fast_2" eclass="HBEFA3/PC_G_EU4" CO2="0.00" CO="0.00" HC="0.00" NOx="0.00" PMx="0.00" fuel="0.00" electricity="0.00" noise="70.30" route="routebottom" type="cfm-fast" waiting="0.00" lane="right_0" pos="30.64" speed="25.13" angle="309.32" x="102.87" y="119.95"/>
        <vehicle id="cfm-fast_3" eclass="HBEFA3/PC_G_EU4" CO2="0.00" CO="0.00" HC="0.00" NOx="0.00" PMx="0.00" fuel="0.00" electricity="0.00" noise="70.68" route="routebottom" type="cfm-fast" waiting="0.00" lane="right_0" pos="46.71" speed="24.08" angle="280.52" x="70.83" y="131.89"/>
        <vehicle id="cfm-fast_4" eclass="HBEFA3/PC_G_EU4" CO2="9994.03" CO="132.91" HC="0.85" NOx="4.08" PMx="0.22" fuel="4.30" electricity="0.00" noise="72.87" route="routetop" type="cfm-fast" waiting="0.00" lane="top_0" pos="11.75" speed="23.99" angle="253.30" x="38.87" y="127.62"/>
        <vehicle id="cfm-fast_5" eclass="HBEFA3/PC_G_EU4" CO2="395032.27" CO="10288.00" HC="56.89" NOx="184.68" PMx="11.23" fuel="169.81" electricity="0.00" noise="160.34" route="routetop" type="cfm-fast" waiting="0.00" lane="top_1" pos="1.19" speed="94.23" angle="272.32" x="61.18" y="128.92"/>
        <vehicle id="cfm-slow_0" eclass="HBEFA3/PC_G_EU4" CO2="15143.77" CO="241.41" HC="1.48" NOx="6.49" PMx="0.35" fuel="6.51" electricity="0.00" noise="75.50" route="routetop" type="cfm-slow" waiting="0.00" lane="top_0" pos="26.89" speed="24.89" angle="226.12" x="12.36" y="109.21"/>
        <vehicle id="cfm-slow_1" eclass="HBEFA3/PC_G_EU4" CO2="15307.02" CO="251.09" HC="1.53" NOx="6.52" PMx="0.36" fuel="6.58" electricity="0.00" noise="75.84" route="routetop" type="cfm-slow" waiting="0.00" lane="top_0" pos="46.97" speed="26.54" angle="190.04" x="-4.62" y="70.28"/>
        <vehicle id="cfm-slow_2" eclass="HBEFA3/PC_G_EU4" CO2="12251.46" CO="195.75" HC="1.20" NOx="5.05" PMx="0.29" fuel="5.27" electricity="0.00" noise="74.94" route="routetop" type="cfm-slow" waiting="0.00" lane="left_0" pos="18.71" speed="28.02" angle="150.78" x="6.59" y="25.60"/>
        <vehicle id="cfm-slow_3" eclass="HBEFA3/PC_G_EU4" CO2="6452.52" CO="81.73" HC="0.54" NOx="2.29" PMx="0.14" fuel="2.77" electricity="0.00" noise="73.58" route="routetop" type="cfm-slow" waiting="0.00" lane="left_0" pos="41.91" speed="28.90" angle="109.04" x="46.36" y="-2.72"/>
        <vehicle id="cfm-slow_4" eclass="HBEFA3/PC_G_EU4" CO2="0.00" CO="0.00" HC="0.00" NOx="0.00" PMx="0.00" fuel="0.00" electricity="0.00" noise="72.51" route="routebottom" type="cfm-slow" waiting="0.00" lane="bottom_0" pos="15.94" speed="28.92" angle="65.78" x="96.62" y="3.50"/>
        <vehicle id="cfm-slow_5" eclass="HBEFA3/PC_G_EU4" CO2="0.00" CO="0.00" HC="0.00" NOx="0.00" PMx="0.00" fuel="0.00" electricity="0.00" noise="71.68" route="routebottom" type="cfm-slow" waiting="0.00" lane="bottom_0" pos="39.89" speed="28.10" angle="22.78" x="128.83" y="42.19"/>
    </timestep>
    <timestep time="6.92">
        <vehicle id="cfm-fast_0" eclass="HBEFA3/PC_G_EU4" CO2="0.00" CO="0.00" HC="0.00" NOx="0.00" PMx="0.00" fuel="0.00" electricity="0.00" noise="70.87" route="routebottom" type="cfm-fast" waiting="0.00" lane="right_0" pos="13.22" speed="26.70" angle="340.66" x="126.41" y="91.39"/>
        <vehicle id="cfm-fast_1" eclass="HBEFA3/PC_G_EU4" CO2="287007.45" CO="7508.01" HC="41.50" NOx="133.79" PMx="8.18" fuel="123.37" electricity="0.00" noise="143.45" route="routebottom" type="cfm-fast" waiting="0.00" lane="bottom_1" pos="24.58" speed="84.47" angle="50.32" x="109.23" y="16.88"/>
        <vehicle id="cfm-fast_2" eclass="HBEFA3/PC_G_EU4" CO2="0.00" CO="0.00" HC="0.00" NOx="0.00" PMx="0.00" fuel="0.00" electricity="0.00" noise="70.30" route="routebottom" type="cfm-fast" waiting="0.00" lane="right_0" pos="30.89" speed="25.12" angle="308.92" x="102.43" y="120.26"/>
        <vehicle id="cfm-fast_3" eclass="HBEFA3/PC_G_EU4" CO2="0.00" CO="0.00" HC="0.00" NOx="0.00" PMx="0.00" fuel="0.00" electricity="0.00" noise="70.70" route="routebottom" type="cfm-fast" waiting="0.00" lane="right_0" pos="46.95" speed="24.08" angle="280.08" x="70.31" y="131.94"/>
        <vehicle id="cfm-fast_4" eclass="HBEFA3/PC_G_EU4" CO2="10036.89" CO="133.82" HC="0.86" NOx="4.10" PMx="0.22" fuel="4.31" electricity="0.00" noise="72.89" route="routetop" type="cfm-fast" waiting="0.00" lane="top_0" pos="11.99" speed="24.00" angle="252.86" x="38.39" y="127.43"/>
        <vehicle id="cfm-fast_5" eclass="HBEFA3/PC_G_EU4" CO2="395701.17" CO="10310.10" HC="57.01" NOx="184.99" PMx="11.25" fuel="170.09" electricity="0.00" noise="160.41" route="routetop" type="cfm-fast" waiting="0.00" lane="top_1" pos="2.14" speed="94.36" angle="270.64" x="59.25" y="128.82"/>
        <vehicle id="cfm-slow_0" eclass="HBEFA3/PC_G_EU4" CO2="15145.63" CO="241.50" HC="1.48" NOx="6.49" PMx="0.35" fuel="6.51" electricity="0.00" noise="75.50" route="routetop" type="cfm-slow" waiting="0.00" lane="top_0" pos="27.14" speed="24.90" angle="225.67" x="12.01" y="108.81"/>
        <vehicle id="cfm-slow_1" eclass="HBEFA3/PC_G_EU4" CO2="15278.87" CO="250.58" HC="1.52" NOx="6.51" PMx="0.36" fuel="6.57" electricity="0.00" noise="75.83" route="routetop" type="cfm-slow" waiting="0.00" lane="top_0" pos="47.23" speed="26.56" angle="189.56" x="-4.68" y="69.71"/>
        <vehicle id="cfm-slow_2" eclass="HBEFA3/PC_G_EU4" CO2="12195.18" CO="194.65" HC="1.19" NOx="5.02" PMx="0.29" fuel="5.24" electricity="0.00" noise="74.93" route="routetop" type="cfm-slow" waiting="0.00" lane="left_0" pos="18.99" speed="28.03" angle="150.25" x="6.92" y="25.10"/>
        <vehicle id="cfm-slow_3" eclass="HBEFA3/PC_G_EU4" CO2="6387.51" CO="80.40" HC="0.53" NOx="2.26" PMx="0.14" fuel="2.75" electricity="0.00" noise="73.56" route="routetop" type="cfm-slow" waiting="0.00" lane="left_0" pos="42.20" speed="28.90" angle="108.50" x="46.97" y="-2.88"/>
        <vehicle id="cfm-slow_4" eclass="HBEFA3/PC_G_EU4" CO2="0.00" CO="0.00" HC="0.00" NOx="0.00" PMx="0.00" fuel="0.00" electricity="0.00" noise="72.50" route="routebottom" type="cfm-slow" waiting="0.00" lane="bottom_0" pos="16.23" speed="28.91" angle="65.25" x="97.17" y="3.80"/>
        <vehicle id="cfm-slow_5" eclass="HBEFA3/PC_G_EU4" CO2="0.00" CO="0.00" HC="0.00" NOx="0.00" PMx="0.00" fuel="0.00" electricity="0.00" noise="71.67" route="routebottom" type="cfm-slow" waiting="0.00" lane="bottom_0" pos="40.18" speed="28.09" angle="22.25" x="129.01" y="42.77"/>
    </timestep>
    <timestep time="6.93">
        <vehicle id="cfm-fast_0" eclass="HBEFA3/PC_G_EU4" CO2="0.00" CO="0.00" HC="0.00" NOx="0.00" PMx="0.00" fuel="0.00" electricity="0.00" noise="70.86" route="routebottom" type="cfm-fast" waiting="0.00" lane="right_0" pos="13.49" speed="26.69" angle="340.18" x="126.18" y="91.91"/>
        <vehicle id="cfm-fast_1" eclass="HBEFA3/PC_G_EU4" CO2="287804.88" CO="7530.19" HC="41.62" NOx="134.17" PMx="8.20" fuel="123.71" electricity="0.00" noise="143.58" route="routebottom" type="cfm-fast" waiting="0.00" lane="bottom_1" pos="25.43" speed="84.58" angle="48.72" x="110.45" y="18.11"/>
        <vehicle id="cfm-fast_2" eclass="HBEFA3/PC_G_EU4" CO2="0.00" CO="0.00" HC="0.00" NOx="0.00" PMx="0.00" fuel="0.00" electricity="0.00" noise="70.30" route="routebottom" type="cfm-fast" waiting="0.00" lane="right_0" pos="31.15" speed="25.11" angle="308.47" x="101.98" y="120.56"/>
        <vehicle id="cfm-fast_3" eclass="HBEFA3/PC_G_EU4" CO2="0.00" CO="0.00" HC="0.00" NOx="0.00" PMx="0.00" fuel="0.00" electricity="0.00" noise="70.71" route="routebottom" type="cfm-fast" waiting="0.00" lane="right_0" pos="47.19" speed="24.08" angle="279.63" x="69.80" y="132.00"/>
        <vehicle id="cfm-fast_4" eclass="HBEFA3/PC_G_EU4" CO2="10079.45" CO="134.72" HC="0.86" NOx="4.12" PMx="0.22" fuel="4.33" electricity="0.00" noise="72.91" route="routetop" type="cfm-fast" waiting="0.00" lane="top_0" pos="12.23" speed="24.01" angle="252.42" x="37.91" y="127.24"/>
        <vehicle id="cfm-fast_5" eclass="HBEFA3/PC_G_EU4" CO2="396370.36" CO="10332.23" HC="57.13" NOx="185.31" PMx="11.27" fuel="170.38" electricity="0.00" noise="160.47" route="routetop" type="cfm-fast" waiting="0.00" lane="top_1" pos="3.08" speed="94.50" angle="268.97" x="57.32" y="128.66"/>
        <vehicle id="cfm-slow_0" eclass="HBEFA3/PC_G_EU4" CO2="15147.23" CO="241.58" HC="1.48" NOx="6.49" PMx="0.35" fuel="6.51" electricity="0.00" noise="75.51" route="routetop" type="cfm-slow" waiting="0.00" lane="top_0" pos="27.39" speed="24.92" angle="225.20" x="11.66" y="108.40"/>
        <vehicle id="cfm-slow_1" eclass="HBEFA3/PC_G_EU4" CO2="15250.45" CO="250.07" HC="1.52" NOx="6.50" PMx="0.36" fuel="6.56" electricity="0.00" noise="75.82" route="routetop" type="cfm-slow" waiting="0.00" lane="top_0" pos="47.50" speed="26.58" angle="189.13" x="-4.73" y="69.14"/>
        <vehicle id="cfm-slow_2" eclass="HBEFA3/PC_G_EU4" CO2="12138.80" CO="193.54" HC="1.19" NOx="5.00" PMx="0.28" fuel="5.22" electricity="0.00" noise="74.91" route="routetop" type="cfm-slow" waiting="0.00" lane="left_0" pos="19.27" speed="28.04" angle="149.79" x="7.26" y="24.60"/>
        <vehicle id="cfm-slow_3" eclass="HBEFA3/PC_G_EU4" CO2="6322.65" CO="79.07" HC="0.52" NOx="2.23" PMx="0.14" fuel="2.72" electricity="0.00" noise="73.55" route="routetop" type="cfm-slow" waiting="0.00" lane="left_0" pos="42.49" speed="28.90" angle="108.04" x="47.57" y="-3.03"/>
        <vehicle id="cfm-slow_4" eclass="HBEFA3/PC_G_EU4" CO2="0.00" CO="0.00" HC="0.00" NOx="0.00" PMx="0.00" fuel="0.00" electricity="0.00" noise="72.49" route="routebottom" type="cfm-slow" waiting="0.00" lane="bottom_0" pos="16.51" speed="28.90" angle="64.71" x="97.71" y="4.10"/>
        <vehicle id="cfm-slow_5" eclass="HBEFA3/PC_G_EU4" CO2="0.00" CO="0.00" HC="0.00" NOx="0.00" PMx="0.00" fuel="0.00" electricity="0.00" noise="71.66" route="routebottom" type="cfm-slow" waiting="0.00" lane="bottom_0" pos="40.46" speed="28.07" angle="21.71" x="129.19" y="43.35"/>
    </timestep>
    <timestep time="6.94">
        <vehicle id="cfm-fast_0" eclass="HBEFA3/PC_G_EU4" CO2="0.00" CO="0.00" HC="0.00" NOx="0.00" PMx="0.00" fuel="0.00" electricity="0.00" noise="70.86" route="routebottom" type="cfm-fast" waiting="0.00" lane="right_0" pos="13.76" speed="26.67" angle="339.70" x="125.94" y="92.43"/>
        <vehicle id="cfm-fast_1" eclass="HBEFA3/PC_G_EU4" CO2="288603.07" CO="7552.41" HC="41.74" NOx="134.54" PMx="8.22" fuel="124.06" electricity="0.00" noise="143.70" route="routebottom" type="cfm-fast" waiting="0.00" lane="bottom_1" pos="26.27" speed="84.69" angle="47.22" x="111.64" y="19.37"/>
        <vehicle id="cfm-fast_2" eclass="HBEFA3/PC_G_EU4" CO2="0.00" CO="0.00" HC="0.00" NOx="0.00" PMx="0.00" fuel="0.00" electricity="0.00" noise="70.30" route="routebottom" type="cfm-fast" waiting="0.00" lane="right_0" pos="31.40" speed="25.10" angle="308.01" x="101.53" y="120.86"/>
        <vehicle id="cfm-fast_3" eclass="HBEFA3/PC_G_EU4" CO2="0.00" CO="0.00" HC="0.00" NOx="0.00" PMx="0.00" fuel="0.00" electricity="0.00" noise="70.73" route="routebottom" type="cfm-fast" waiting="0.00" lane="right_0" pos="47.43" speed="24.08" angle="279.24" x="69.28" y="132.05"/>
        <vehicle id="cfm-fast_4" eclass="HBEFA3/PC_G_EU4" CO2="10121.69" CO="135.61" HC="0.87" NOx="4.14" PMx="0.22" fuel="4.35" electricity="0.00" noise="72.93" route="routetop" type="cfm-fast" waiting="0.00" lane="top_0" pos="12.47" speed="24.02" angle="251.99" x="37.43" y="127.05"/>
        <vehicle id="cfm-fast_5" eclass="HBEFA3/PC_G_EU4" CO2="397039.83" CO="10354.38" HC="57.25" NOx="185.62" PMx="11.29" fuel="170.67" electricity="0.00" noise="160.54" route="routetop" type="cfm-fast" waiting="0.00" lane="top_1" pos="4.03" speed="94.64" angle="267.28" x="55.39" y="128.44"/>
        <vehicle id="cfm-slow_0" eclass="HBEFA3/PC_G_EU4" CO2="15148.57" CO="241.67" HC="1.48" NOx="6.49" PMx="0.35" fuel="6.51" electricity="0.00" noise="75.51" route="routetop" type="cfm-slow" waiting="0.00" lane="top_0" pos="27.64" speed="24.94" angle="224.74" x="11.31" y="107.99"/>
        <vehicle id="cfm-slow_1" eclass="HBEFA3/PC_G_EU4" CO2="15221.78" CO="249.54" HC="1.52" NOx="6.48" PMx="0.36" fuel="6.54" electricity="0.00" noise="75.81" route="routetop" type="cfm-slow" waiting="0.00" lane="top_0" pos="47.76" speed="26.59" angle="188.62" x="-4.77" y="68.57"/>
        <vehicle id="cfm-slow_2" eclass="HBEFA3/PC_G_EU4" CO2="12082.32" CO="192.43" HC="1.18" NOx="4.97" PMx="0.28" fuel="5.19" electricity="0.00" noise="74.89" route="routetop" type="cfm-slow" waiting="0.00" lane="left_0" pos="19.55" speed="28.05" angle="149.27" x="7.61" y="24.11"/>
        <vehicle id="cfm-slow_3" eclass="HBEFA3/PC_G_EU4" CO2="6257.93" CO="77.75" HC="0.51" NOx="2.20" PMx="0.13" fuel="2.69" electricity="0.00" noise="73.54" route="routetop" type="cfm-slow" waiting="0.00" lane="left_0" pos="42.78" speed="28.90" angle="107.52" x="48.18" y="-3.16"/>
        <vehicle id="cfm-slow_4" eclass="HBEFA3/PC_G_EU4" CO2="0.00" CO="0.00" HC="0.00" NOx="0.00" PMx="0.00" fuel="0.00" electricity="0.00" noise="72.48" route="routebottom" type="cfm-slow" waiting="0.00" lane="bottom_0" pos="16.80" speed="28.90" angle="64.23" x="98.25" y="4.41"/>
        <vehicle id="cfm-slow_5" eclass="HBEFA3/PC_G_EU4" CO2="0.00" CO="0.00" HC="0.00" NOx="0.00" PMx="0.00" fuel="0.00" electricity="0.00" noise="71.65" route="routebottom" type="cfm-slow" waiting="0.00" lane="bottom_0" pos="40.74" speed="28.06" angle="21.18" x="129.37" y="43.92"/>
    </timestep>
    <timestep time="6.95">
        <vehicle id="cfm-fast_0" eclass="HBEFA3/PC_G_EU4" CO2="0.00" CO="0.00" HC="0.00" NOx="0.00" PMx="0.00" fuel="0.00" electricity="0.00" noise="70.85" route="routebottom" type="cfm-fast" waiting="0.00" lane="right_0" pos="14.02" speed="26.66" angle="339.25" x="125.71" y="92.96"/>
        <vehicle id="cfm-fast_1" eclass="HBEFA3/PC_G_EU4" CO2="289401.99" CO="7574.66" HC="41.86" NOx="134.92" PMx="8.25" fuel="124.40" electricity="0.00" noise="143.82" route="routebottom" type="cfm-fast" waiting="0.00" lane="bottom_1" pos="27.12" speed="84.80" angle="45.72" x="112.81" y="20.66"/>
        <vehicle id="cfm-fast_2" eclass="HBEFA3/PC_G_EU4" CO2="0.00" CO="0.00" HC="0.00" NOx="0.00" PMx="0.00" fuel="0.00" electricity="0.00" noise="70.30" route="routebottom" type="cfm-fast" waiting="0.00" lane="right_0" pos="31.65" speed="25.09" angle="307.56" x="101.08" y="121.16"/>
        <vehicle id="cfm-fast_3" eclass="HBEFA3/PC_G_EU4" CO2="0.00" CO="0.00" HC="0.00" NOx="0.00" PMx="0.00" fuel="0.00" electricity="0.00" noise="70.74" route="routebottom" type="cfm-fast" waiting="0.00" lane="right_0" pos="47.67" speed="24.08" angle="278.81" x="68.77" y="132.08"/>
        <vehicle id="cfm-fast_4" eclass="HBEFA3/PC_G_EU4" CO2="10163.62" CO="136.50" HC="0.87" NOx="4.15" PMx="0.22" fuel="4.37" electricity="0.00" noise="72.95" route="routetop" type="cfm-fast" waiting="0.00" lane="top_0" pos="12.71" speed="24.03" angle="251.57" x="36.95" y="126.86"/>
        <vehicle id="cfm-fast_5" eclass="HBEFA3/PC_G_EU4" CO2="397709.61" CO="10376.55" HC="57.36" NOx="185.94" PMx="11.31" fuel="170.96" electricity="0.00" noise="160.61" route="routetop" type="cfm-fast" waiting="0.00" lane="top_1" pos="4.98" speed="94.77" angle="265.55" x="53.47" y="128.17"/>
        <vehicle id="cfm-slow_0" eclass="HBEFA3/PC_G_EU4" CO2="15149.64" CO="241.74" HC="1.48" NOx="6.49" PMx="0.35" fuel="6.51" electricity="0.00" noise="75.51" route="routetop" type="cfm-slow" waiting="0.00" lane="top_0" pos="27.89" speed="24.95" angle="224.27" x="10.96" y="107.58"/>
        <vehicle id="cfm-slow_1" eclass="HBEFA3/PC_G_EU4" CO2="15192.84" CO="249.02" HC="1.51" NOx="6.47" PMx="0.36" fuel="6.53" electricity="0.00" noise="75.80" route="routetop" type="cfm-slow" waiting="0.00" lane="top_0" pos="48.03" speed="26.61" angle="188.11" x="-4.80" y="68.00"/>
        <vehicle id="cfm-slow_2" eclass="HBEFA3/PC_G_EU4" CO2="12025.74" CO="191.32" HC="1.17" NOx="4.94" PMx="0.28" fuel="5.17" electricity="0.00" noise="74.87" route="routetop" type="cfm-slow" waiting="0.00" lane="left_0" pos="19.83" speed="28.06" angle="148.75" x="7.97" y="23.62"/>
        <vehicle id="cfm-slow_3" eclass="HBEFA3/PC_G_EU4" CO2="6193.35" CO="76.42" HC="0.51" NOx="2.17" PMx="0.13" fuel="2.66" electricity="0.00" noise="73.52" route="routetop" type="cfm-slow" waiting="0.00" lane="left_0" pos="43.07" speed="28.91" angle="107.01" x="48.78" y="-3.30"/>
        <vehicle id="cfm-slow_4" eclass="HBEFA3/PC_G_EU4" CO2="0.00" CO="0.00" HC="0.00" NOx="0.00" PMx="0.00" fuel="0.00" electricity="0.00" noise="72.48" route="routebottom" type="cfm-slow" waiting="0.00" lane="bottom_0" pos="17.09" speed="28.89" angle="63.70" x="98.78" y="4.73"/>
        <vehicle id="cfm-slow_5" eclass="HBEFA3/PC_G_EU4" CO2="0.00" CO="0.00" HC="0.00" NOx="0.00" PMx="0.00" fuel="0.00" electricity="0.00" noise="71.65" route="routebottom" type="cfm-slow" waiting="0.00" lane="bottom_0" pos="41.02" speed="28.05" angle="20.69" x="129.55" y="44.50"/>
    </timestep>
    <timestep time="6.96">
        <vehicle id="cfm-fast_0" eclass="HBEFA3/PC_G_EU4" CO2="0.00" CO="0.00" HC="0.00" NOx="0.00" PMx="0.00" fuel="0.00" electricity="0.00" noise="70.85" route="routebottom" type="cfm-fast" waiting="0.00" lane="right_0" pos="14.29" speed="26.64" angle="338.77" x="125.46" y="93.47"/>
        <vehicle id="cfm-fast_1" eclass="HBEFA3/PC_G_EU4" CO2="290201.64" CO="7596.95" HC="41.98" NOx="135.30" PMx="8.27" fuel="124.74" electricity="0.00" noise="143.95" route="routebottom" type="cfm-fast" waiting="0.00" lane="bottom_1" pos="27.97" speed="84.91" angle="44.10" x="113.94" y="21.99"/>
        <vehicle id="cfm-fast_2" eclass="HBEFA3/PC_G_EU4" CO2="0.00" CO="0.00" HC="0.00" NOx="0.00" PMx="0.00" fuel="0.00" electricity="0.00" noise="70.30" route="routebottom" type="cfm-fast" waiting="0.00" lane="right_0" pos="31.90" speed="25.08" angle="307.11" x="100.63" y="121.46"/>
        <vehicle id="cfm-fast_3" eclass="HBEFA3/PC_G_EU4" CO2="0.00" CO="0.00" HC="0.00" NOx="0.00" PMx="0.00" fuel="0.00" electricity="0.00" noise="70.75" route="routebottom" type="cfm-fast" waiting="0.00" lane="right_0" pos="47.91" speed="24.08" angle="278.36" x="68.25" y="132.11"/>
        <vehicle id="cfm-fast_4" eclass="HBEFA3/PC_G_EU4" CO2="10205.24" CO="137.38" HC="0.88" NOx="4.17" PMx="0.22" fuel="4.39" electricity="0.00" noise="72.97" route="routetop" type="cfm-fast" waiting="0.00" lane="top_0" pos="12.95" speed="24.04" angle="251.17" x="36.47" y="126.65"/>
        <vehicle id="cfm-fast_5" eclass="HBEFA3/PC_G_EU4" CO2="398379.67" CO="10398.74" HC="57.48" NOx="186.25" PMx="11.33" fuel="171.24" electricity="0.00" noise="160.67" route="routetop" type="cfm-fast" waiting="0.00" lane="top_1" pos="5.92" speed="94.91" angle="263.83" x="51.55" y="127.83"/>
        <vehicle id="cfm-slow_0" eclass="HBEFA3/PC_G_EU4" CO2="15150.46" CO="241.81" HC="1.48" NOx="6.49" PMx="0.35" fuel="6.51" electricity="0.00" noise="75.51" route="routetop" type="cfm-slow" waiting="0.00" lane="top_0" pos="28.14" speed="24.97" angle="223.83" x="10.62" y="107.17"/>
        <vehicle id="cfm-slow_1" eclass="HBEFA3/PC_G_EU4" CO2="15163.65" CO="248.48" HC="1.51" NOx="6.46" PMx="0.36" fuel="6.52" electricity="0.00" noise="75.79" route="routetop" type="cfm-slow" waiting="0.00" lane="top_0" pos="48.30" speed="26.62" angle="187.60" x="-4.83" y="67.43"/>
        <vehicle id="cfm-slow_2" eclass="HBEFA3/PC_G_EU4" CO2="11969.08" CO="190.21" HC="1.17" NOx="4.92" PMx="0.28" fuel="5.14" electricity="0.00" noise="74.86" route="routetop" type="cfm-slow" waiting="0.00" lane="left_0" pos="20.11" speed="28.07" angle="148.23" x="8.32" y="23.13"/>
        <vehicle id="cfm-slow_3" eclass="HBEFA3/PC_G_EU4" CO2="6128.92" CO="75.10" HC="0.50" NOx="2.14" PMx="0.13" fuel="2.63" electricity="0.00" noise="73.51" route="routetop" type="cfm-slow" waiting="0.00" lane="left_0" pos="43.36" speed="28.91" angle="106.50" x="49.39" y="-3.44"/>
        <vehicle id="cfm-slow_4" eclass="HBEFA3/PC_G_EU4" CO2="0.00" CO="0.00" HC="0.00" NOx="0.00" PMx="0.00" fuel="0.00" electricity="0.00" noise="72.47" route="routebottom" type="cfm-slow" waiting="0.00" lane="bottom_0" pos="17.38" speed="28.88" angle="63.17" x="99.32" y="5.05"/>
        <vehicle id="cfm-slow_5" eclass="HBEFA3/PC_G_EU4" CO2="0.00" CO="0.00" HC="0.00" NOx="0.00" PMx="0.00" fuel="0.00" electricity="0.00" noise="71.64" route="routebottom" type="cfm-slow" waiting="0.00" lane="bottom_0" pos="41.30" speed="28.04" angle="20.20" x="129.70" y="45.08"/>
    </timestep>
    <timestep time="6.97">
        <vehicle id="cfm-fast_0" eclass="HBEFA3/PC_G_EU4" CO2="0.00" CO="0.00" HC="0.00" NOx="0.00" PMx="0.00" fuel="0.00" electricity="0.00" noise="70.84" route="routebottom" type="cfm-fast" waiting="0.00" lane="right_0" pos="14.55" speed="26.63" angle="338.26" x="125.20" y="93.98"/>
        <vehicle id="cfm-fast_1" eclass="HBEFA3/PC_G_EU4" CO2="291001.99" CO="7619.26" HC="42.11" NOx="135.67" PMx="8.29" fuel="125.09" electricity="0.00" noise="144.07" route="routebottom" type="cfm-fast" waiting="0.00" lane="bottom_1" pos="28.82" speed="85.02" angle="42.58" x="115.03" y="23.35"/>
        <vehicle id="cfm-fast_2" eclass="HBEFA3/PC_G_EU4" CO2="0.00" CO="0.00" HC="0.00" NOx="0.00" PMx="0.00" fuel="0.00" electricity="0.00" noise="70.30" route="routebottom" type="cfm-fast" waiting="0.00" lane="right_0" pos="32.15" speed="25.07" angle="306.72" x="100.18" y="121.75"/>
        <vehicle id="cfm-fast_3" eclass="HBEFA3/PC_G_EU4" CO2="0.00" CO="0.00" HC="0.00" NOx="0.00" PMx="0.00" fuel="0.00" electricity="0.00" noise="70.77" route="routebottom" type="cfm-fast" waiting="0.00" lane="right_0" pos="48.15" speed="24.08" angle="277.91" x="67.73" y="132.14"/>
        <vehicle id="cfm-fast_4" eclass="HBEFA3/PC_G_EU4" CO2="10246.55" CO="138.25" HC="0.88" NOx="4.19" PMx="0.22" fuel="4.40" electricity="0.00" noise="72.99" route="routetop" type="cfm-fast" waiting="0.00" lane="top_0" pos="13.19" speed="24.05" angle="250.73" x="36.00" y="126.44"/>
        <vehicle id="cfm-fast_5" eclass="HBEFA3/PC_G_EU4" CO2="399050.02" CO="10420.96" HC="57.60" NOx="186.57" PMx="11.35" fuel="171.53" electricity="0.00" noise="160.74" route="routetop" type="cfm-fast" waiting="0.00" lane="top_1" pos="6.88" speed="95.05" angle="262.10" x="49.64" y="127.44"/>
        <vehicle id="cfm-slow_0" eclass="HBEFA3/PC_G_EU4" CO2="15151.02" CO="241.88" HC="1.48" NOx="6.49" PMx="0.35" fuel="6.51" electricity="0.00" noise="75.52" route="routetop" type="cfm-slow" waiting="0.00" lane="top_0" pos="28.39" speed="24.99" angle="223.42" x="10.28" y="106.76"/>
        <vehicle id="cfm-slow_1" eclass="HBEFA3/PC_G_EU4" CO2="15134.19" CO="247.95" HC="1.51" NOx="6.44" PMx="0.36" fuel="6.51" electricity="0.00" noise="75.78" route="routetop" type="cfm-slow" waiting="0.00" lane="top_0" pos="48.56" speed="26.64" angle="187.09" x="-4.86" y="66.85"/>
        <vehicle id="cfm-slow_2" eclass="HBEFA3/PC_G_EU4" CO2="11912.32" CO="189.10" HC="1.16" NOx="4.89" PMx="0.28" fuel="5.12" electricity="0.00" noise="74.84" route="routetop" type="cfm-slow" waiting="0.00" lane="left_0" pos="20.40" speed="28.08" angle="147.72" x="8.67" y="22.64"/>
        <vehicle id="cfm-slow_3" eclass="HBEFA3/PC_G_EU4" CO2="6064.64" CO="73.79" HC="0.49" NOx="2.11" PMx="0.13" fuel="2.61" electricity="0.00" noise="73.50" route="routetop" type="cfm-slow" waiting="0.00" lane="left_0" pos="43.65" speed="28.91" angle="106.04" x="49.99" y="-3.58"/>
        <vehicle id="cfm-slow_4" eclass="HBEFA3/PC_G_EU4" CO2="0.00" CO="0.00" HC="0.00" NOx="0.00" PMx="0.00" fuel="0.00" electricity="0.00" noise="72.46" route="routebottom" type="cfm-slow" waiting="0.00" lane="bottom_0" pos="17.67" speed="28.88" angle="62.64" x="99.85" y="5.37"/>
        <vehicle id="cfm-slow_5" eclass="HBEFA3/PC_G_EU4" CO2="0.00" CO="0.00" HC="0.00" NOx="0.00" PMx="0.00" fuel="0.00" electricity="0.00" noise="71.63" route="routebottom" type="cfm-slow" waiting="0.00" lane="bottom_0" pos="41.58" speed="28.02" angle="19.69" x="129.86" y="45.66"/>
    </timestep>
    <timestep time="6.98">
        <vehicle id="cfm-fast_0" eclass="HBEFA3/PC_G_EU4" CO2="0.00" CO="0.00" HC="0.00" NOx="0.00" PMx="0.00" fuel="0.00" electricity="0.00" noise="70.83" route="routebottom" type="cfm-fast" waiting="0.00" lane="right_0" pos="14.82" speed="26.61" angle="337.75" x="124.94" y="94.50"/>
        <vehicle id="cfm-fast_1" eclass="HBEFA3/PC_G_EU4" CO2="291803.03" CO="7641.61" HC="42.23" NOx="136.05" PMx="8.32" fuel="125.43" electricity="0.00" noise="144.19" route="routebottom" type="cfm-fast" waiting="0.00" lane="bottom_1" pos="29.67" speed="85.13" angle="41.07" x="116.09" y="24.73"/>
        <vehicle id="cfm-fast_2" eclass="HBEFA3/PC_G_EU4" CO2="0.00" CO="0.00" HC="0.00" NOx="0.00" PMx="0.00" fuel="0.00" electricity="0.00" noise="70.30" route="routebottom" type="cfm-fast" waiting="0.00" lane="right_0" pos="32.40" speed="25.06" angle="306.24" x="99.72" y="122.03"/>
        <vehicle id="cfm-fast_3" eclass="HBEFA3/PC_G_EU4" CO2="0.00" CO="0.00" HC="0.00" NOx="0.00" PMx="0.00" fuel="0.00" electricity="0.00" noise="70.79" route="routebottom" type="cfm-fast" waiting="0.00" lane="right_0" pos="48.39" speed="24.08" angle="277.46" x="67.22" y="132.17"/>
        <vehicle id="cfm-fast_4" eclass="HBEFA3/PC_G_EU4" CO2="10287.56" CO="139.12" HC="0.89" NOx="4.21" PMx="0.22" fuel="4.42" electricity="0.00" noise="73.01" route="routetop" type="cfm-fast" waiting="0.00" lane="top_0" pos="13.43" speed="24.06" angle="250.30" x="35.53" y="126.23"/>
        <vehicle id="cfm-fast_5" eclass="HBEFA3/PC_G_EU4" CO2="399720.67" CO="10443.19" HC="57.72" NOx="186.88" PMx="11.37" fuel="171.82" electricity="0.00" noise="160.80" route="routetop" type="cfm-fast" waiting="0.00" lane="top_1" pos="7.83" speed="95.18" angle="260.35" x="47.74" y="126.99"/>
        <vehicle id="cfm-slow_0" eclass="HBEFA3/PC_G_EU4" CO2="15151.32" CO="241.94" HC="1.48" NOx="6.49" PMx="0.35" fuel="6.51" electricity="0.00" noise="75.52" route="routetop" type="cfm-slow" waiting="0.00" lane="top_0" pos="28.64" speed="25.00" angle="222.96" x="9.95" y="106.33"/>
        <vehicle id="cfm-slow_1" eclass="HBEFA3/PC_G_EU4" CO2="15104.49" CO="247.40" HC="1.50" NOx="6.43" PMx="0.36" fuel="6.49" electricity="0.00" noise="75.77" route="routetop" type="cfm-slow" waiting="0.00" lane="top_0" pos="48.83" speed="26.65" angle="186.65" x="-4.89" y="66.28"/>
        <vehicle id="cfm-slow_2" eclass="HBEFA3/PC_G_EU4" CO2="11855.47" CO="187.98" HC="1.15" NOx="4.86" PMx="0.28" fuel="5.10" electricity="0.00" noise="74.82" route="routetop" type="cfm-slow" waiting="0.00" lane="left_0" pos="20.68" speed="28.09" angle="147.26" x="9.04" y="22.16"/>
        <vehicle id="cfm-slow_3" eclass="HBEFA3/PC_G_EU4" CO2="6000.52" CO="72.47" HC="0.48" NOx="2.08" PMx="0.13" fuel="2.58" electricity="0.00" noise="73.48" route="routetop" type="cfm-slow" waiting="0.00" lane="left_0" pos="43.94" speed="28.91" angle="105.51" x="50.61" y="-3.69"/>
        <vehicle id="cfm-slow_4" eclass="HBEFA3/PC_G_EU4" CO2="0.00" CO="0.00" HC="0.00" NOx="0.00" PMx="0.00" fuel="0.00" electricity="0.00" noise="72.45" route="routebottom" type="cfm-slow" waiting="0.00" lane="bottom_0" pos="17.96" speed="28.87" angle="62.18" x="100.38" y="5.70"/>
        <vehicle id="cfm-slow_5" eclass="HBEFA3/PC_G_EU4" CO2="0.00" CO="0.00" HC="0.00" NOx="0.00" PMx="0.00" fuel="0.00" electricity="0.00" noise="71.62" route="routebottom" type="cfm-slow" waiting="0.00" lane="bottom_0" pos="41.86" speed="28.01" angle="19.18" x="130.01" y="46.25"/>
    </timestep>
    <timestep time="6.99">
        <vehicle id="cfm-fast_0" eclass="HBEFA3/PC_G_EU4" CO2="0.00" CO="0.00" HC="0.00" NOx="0.00" PMx="0.00" fuel="0.00" electricity="0.00" noise="70.83" route="routebottom" type="cfm-fast" waiting="0.00" lane="right_0" pos="15.09" speed="26.60" angle="337.25" x="124.69" y="95.01"/>
        <vehicle id="cfm-fast_1" eclass="HBEFA3/PC_G_EU4" CO2="292604.74" CO="7663.99" HC="42.35" NOx="136.43" PMx="8.34" fuel="125.78" electricity="0.00" noise="144.32" route="routebottom" type="cfm-fast" waiting="0.00" lane="bottom_1" pos="30.53" speed="85.24" angle="39.54" x="117.11" y="26.15"/>
        <vehicle id="cfm-fast_2" eclass="HBEFA3/PC_G_EU4" CO2="0.00" CO="0.00" HC="0.00" NOx="0.00" PMx="0.00" fuel="0.00" electricity="0.00" noise="70.30" route="routebottom" type="cfm-fast" waiting="0.00" lane="right_0" pos="32.65" speed="25.05" angle="305.77" x="99.26" y="122.31"/>
        <vehicle id="cfm-fast_3" eclass="HBEFA3/PC_G_EU4" CO2="0.00" CO="0.00" HC="0.00" NOx="0.00" PMx="0.00" fuel="0.00" electricity="0.00" noise="70.80" route="routebottom" type="cfm-fast" waiting="0.00" lane="right_0" pos="48.63" speed="24.07" angle="277.01" x="66.70" y="132.20"/>
        <vehicle id="cfm-fast_4" eclass="HBEFA3/PC_G_EU4" CO2="10328.25" CO="139.98" HC="0.89" NOx="4.23" PMx="0.23" fuel="4.44" electricity="0.00" noise="73.03" route="routetop" type="cfm-fast" waiting="0.00" lane="top_0" pos="13.67" speed="24.07" angle="249.86" x="35.06" y="126.02"/>
        <vehicle id="cfm-fast_5" eclass="HBEFA3/PC_G_EU4" CO2="400391.61" CO="10465.45" HC="57.84" NOx="187.20" PMx="11.40" fuel="172.11" electricity="0.00" noise="160.87" route="routetop" type="cfm-fast" waiting="0.00" lane="top_1" pos="8.78" speed="95.32" angle="258.65" x="45.85" y="126.50"/>
        <vehicle id="cfm-slow_0" eclass="HBEFA3/PC_G_EU4" CO2="15151.36" CO="241.99" HC="1.48" NOx="6.49" PMx="0.35" fuel="6.51" electricity="0.00" noise="75.52" route="routetop" type="cfm-slow" waiting="0.00" lane="top_0" pos="28.89" speed="25.02" angle="222.50" x="9.62" y="105.91"/>
        <vehicle id="cfm-slow_1" eclass="HBEFA3/PC_G_EU4" CO2="15074.52" CO="246.85" HC="1.50" NOx="6.41" PMx="0.36" fuel="6.48" electricity="0.00" noise="75.76" route="routetop" type="cfm-slow" waiting="0.00" lane="top_0" pos="49.09" speed="26.67" angle="186.17" x="-4.91" y="65.71"/>
        <vehicle id="cfm-slow_2" eclass="HBEFA3/PC_G_EU4" CO2="11798.54" CO="186.86" HC="1.15" NOx="4.84" PMx="0.28" fuel="5.07" electricity="0.00" noise="74.81" route="routetop" type="cfm-slow" waiting="0.00" lane="left_0" pos="20.96" speed="28.10" angle="146.74" x="9.41" y="21.68"/>
        <vehicle id="cfm-slow_3" eclass="HBEFA3/PC_G_EU4" CO2="5936.54" CO="71.16" HC="0.48" NOx="2.05" PMx="0.13" fuel="2.55" electricity="0.00" noise="73.47" route="routetop" type="cfm-slow" waiting="0.00" lane="left_0" pos="44.23" speed="28.91" angle="104.97" x="51.22" y="-3.80"/>
        <vehicle id="cfm-slow_4" eclass="HBEFA3/PC_G_EU4" CO2="0.00" CO="0.00" HC="0.00" NOx="0.00" PMx="0.00" fuel="0.00" electricity="0.00" noise="72.44" route="routebottom" type="cfm-slow" waiting="0.00" lane="bottom_0" pos="18.25" speed="28.86" angle="61.64" x="100.90" y="6.04"/>
        <vehicle id="cfm-slow_5" eclass="HBEFA3/PC_G_EU4" CO2="0.00" CO="0.00" HC="0.00" NOx="0.00" PMx="0.00" fuel="0.00" electricity="0.00" noise="71.61" route="routebottom" type="cfm-slow" waiting="0.00" lane="bottom_0" pos="42.14" speed="28.00" angle="18.67" x="130.17" y="46.83"/>
    </timestep>
    <timestep time="7.00">
        <vehicle id="cfm-fast_0" eclass="HBEFA3/PC_G_EU4" CO2="0.00" CO="0.00" HC="0.00" NOx="0.00" PMx="0.00" fuel="0.00" electricity="0.00" noise="70.82" route="routebottom" type="cfm-fast" waiting="0.00" lane="right_0" pos="15.35" speed="26.59" angle="336.81" x="124.43" y="95.52"/>
        <vehicle id="cfm-fast_1" eclass="HBEFA3/PC_G_EU4" CO2="293407.11" CO="7686.41" HC="42.47" NOx="136.80" PMx="8.36" fuel="126.12" electricity="0.00" noise="144.44" route="routebottom" type="cfm-fast" waiting="0.00" lane="bottom_1" pos="31.38" speed="85.35" angle="38.04" x="118.10" y="27.60"/>
        <vehicle id="cfm-fast_2" eclass="HBEFA3/PC_G_EU4" CO2="0.00" CO="0.00" HC="0.00" NOx="0.00" PMx="0.00" fuel="0.00" electricity="0.00" noise="70.30" route="routebottom" type="cfm-fast" waiting="0.00" lane="right_0" pos="32.90" speed="25.04" angle="305.29" x="98.79" y="122.58"/>
        <vehicle id="cfm-fast_3" eclass="HBEFA3/PC_G_EU4" CO2="0.00" CO="0.00" HC="0.00" NOx="0.00" PMx="0.00" fuel="0.00" electricity="0.00" noise="70.82" route="routebottom" type="cfm-fast" waiting="0.00" lane="right_0" pos="48.87" speed="24.07" angle="276.62" x="66.18" y="132.22"/>
        <vehicle id="cfm-fast_4" eclass="HBEFA3/PC_G_EU4" CO2="10368.63" CO="140.84" HC="0.90" NOx="4.25" PMx="0.23" fuel="4.46" electricity="0.00" noise="73.05" route="routetop" type="cfm-fast" waiting="0.00" lane="top_0" pos="13.91" speed="24.08" angle="249.42" x="34.58" y="125.81"/>
        <vehicle id="cfm-fast_5" eclass="HBEFA3/PC_G_EU4" CO2="401062.84" CO="10487.73" HC="57.96" NOx="187.51" PMx="11.42" fuel="172.40" electricity="0.00" noise="160.94" route="routetop" type="cfm-fast" waiting="0.00" lane="top_1" pos="9.73" speed="95.45" angle="256.97" x="43.98" y="125.93"/>
        <vehicle id="cfm-slow_0" eclass="HBEFA3/PC_G_EU4" CO2="15151.13" CO="242.04" HC="1.48" NOx="6.49" PMx="0.35" fuel="6.51" electricity="0.00" noise="75.52" route="routetop" type="cfm-slow" waiting="0.00" lane="top_0" pos="29.14" speed="25.04" angle="222.05" x="9.28" y="105.48"/>
        <vehicle id="cfm-slow_1" eclass="HBEFA3/PC_G_EU4" CO2="15044.31" CO="246.30" HC="1.50" NOx="6.40" PMx="0.36" fuel="6.47" electricity="0.00" noise="75.75" route="routetop" type="cfm-slow" waiting="0.00" lane="top_0" pos="49.36" speed="26.68" angle="185.68" x="-4.92" y="65.13"/>
        <vehicle id="cfm-slow_2" eclass="HBEFA3/PC_G_EU4" CO2="11741.53" CO="185.74" HC="1.14" NOx="4.81" PMx="0.27" fuel="5.05" electricity="0.00" noise="74.79" route="routetop" type="cfm-slow" waiting="0.00" lane="left_0" pos="21.24" speed="28.11" angle="146.22" x="9.79" y="21.20"/>
        <vehicle id="cfm-slow_3" eclass="HBEFA3/PC_G_EU4" CO2="5872.72" CO="69.85" HC="0.47" NOx="2.02" PMx="0.12" fuel="2.52" electricity="0.00" noise="73.46" route="routetop" type="cfm-slow" waiting="0.00" lane="left_0" pos="44.52" speed="28.91" angle="104.44" x="51.83" y="-3.92"/>
        <vehicle id="cfm-slow_4" eclass="HBEFA3/PC_G_EU4" CO2="0.00" CO="0.00" HC="0.00" NOx="0.00" PMx="0.00" fuel="0.00" electricity="0.00" noise="72.43" route="routebottom" type="cfm-slow" waiting="0.00" lane="bottom_0" pos="18.54" speed="28.85" angle="61.10" x="101.41" y="6.38"/>
        <vehicle id="cfm-slow_5" eclass="HBEFA3/PC_G_EU4" CO2="0.00" CO="0.00" HC="0.00" NOx="0.00" PMx="0.00" fuel="0.00" electricity="0.00" noise="71.61" route="routebottom" type="cfm-slow" waiting="0.00" lane="bottom_0" pos="42.42" speed="27.98" angle="18.22" x="130.32" y="47.41"/>
    </timestep>
    <timestep time="7.01">
        <vehicle id="cfm-fast_0" eclass="HBEFA3/PC_G_EU4" CO2="0.00" CO="0.00" HC="0.00" NOx="0.00" PMx="0.00" fuel="0.00" electricity="0.00" noise="70.82" route="routebottom" type="cfm-fast" waiting="0.00" lane="right_0" pos="15.62" speed="26.57" angle="336.34" x="124.16" y="96.02"/>
        <vehicle id="cfm-fast_1" eclass="HBEFA3/PC_G_EU4" CO2="294210.11" CO="7708.85" HC="42.60" NOx="137.18" PMx="8.39" fuel="126.47" electricity="0.00" noise="144.56" route="routebottom" type="cfm-fast" waiting="0.00" lane="bottom_1" pos="32.23" speed="85.46" angle="36.54" x="119.06" y="29.06"/>
        <vehicle id="cfm-fast_2" eclass="HBEFA3/PC_G_EU4" CO2="0.00" CO="0.00" HC="0.00" NOx="0.00" PMx="0.00" fuel="0.00" electricity="0.00" noise="70.30" route="routebottom" type="cfm-fast" waiting="0.00" lane="right_0" pos="33.15" speed="25.03" angle="304.82" x="98.33" y="122.86"/>
        <vehicle id="cfm-fast_3" eclass="HBEFA3/PC_G_EU4" CO2="0.00" CO="0.00" HC="0.00" NOx="0.00" PMx="0.00" fuel="0.00" electricity="0.00" noise="70.83" route="routebottom" type="cfm-fast" waiting="0.00" lane="right_0" pos="49.12" speed="24.07" angle="276.17" x="65.66" y="132.23"/>
        <vehicle id="cfm-fast_4" eclass="HBEFA3/PC_G_EU4" CO2="10408.70" CO="141.69" HC="0.90" NOx="4.27" PMx="0.23" fuel="4.47" electricity="0.00" noise="73.07" route="routetop" type="cfm-fast" waiting="0.00" lane="top_0" pos="14.15" speed="24.09" angle="249.03" x="34.11" y="125.59"/>
        <vehicle id="cfm-fast_5" eclass="HBEFA3/PC_G_EU4" CO2="401734.37" CO="10510.03" HC="58.08" NOx="187.83" PMx="11.44" fuel="172.69" electricity="0.00" noise="161.00" route="routetop" type="cfm-fast" waiting="0.00" lane="top_1" pos="10.69" speed="95.59" angle="255.23" x="42.12" y="125.31"/>
        <vehicle id="cfm-slow_0" eclass="HBEFA3/PC_G_EU4" CO2="15150.65" CO="242.08" HC="1.48" NOx="6.48" PMx="0.35" fuel="6.51" electricity="0.00" noise="75.53" route="routetop" type="cfm-slow" waiting="0.00" lane="top_0" pos="29.39" speed="25.05" angle="221.60" x="8.95" y="105.06"/>
        <vehicle id="cfm-slow_1" eclass="HBEFA3/PC_G_EU4" CO2="15013.84" CO="245.74" HC="1.49" NOx="6.38" PMx="0.36" fuel="6.45" electricity="0.00" noise="75.74" route="routetop" type="cfm-slow" waiting="0.00" lane="top_0" pos="49.63" speed="26.69" angle="185.19" x="-4.93" y="64.56"/>
        <vehicle id="cfm-slow_2" eclass="HBEFA3/PC_G_EU4" CO2="11684.43" CO="184.61" HC="1.13" NOx="4.78" PMx="0.27" fuel="5.02" electricity="0.00" noise="74.77" route="routetop" type="cfm-slow" waiting="0.00" lane="left_0" pos="21.52" speed="28.11" angle="145.71" x="10.16" y="20.73"/>
        <vehicle id="cfm-slow_3" eclass="HBEFA3/PC_G_EU4" CO2="5809.06" CO="68.54" HC="0.46" NOx="1.99" PMx="0.12" fuel="2.50" electricity="0.00" noise="73.44" route="routetop" type="cfm-slow" waiting="0.00" lane="left_0" pos="44.81" speed="28.91" angle="103.92" x="52.44" y="-4.03"/>
        <vehicle id="cfm-slow_4" eclass="HBEFA3/PC_G_EU4" CO2="0.00" CO="0.00" HC="0.00" NOx="0.00" PMx="0.00" fuel="0.00" electricity="0.00" noise="72.42" route="routebottom" type="cfm-slow" waiting="0.00" lane="bottom_0" pos="18.82" speed="28.85" angle="60.56" x="101.93" y="6.73"/>
        <vehicle id="cfm-slow_5" eclass="HBEFA3/PC_G_EU4" CO2="0.00" CO="0.00" HC="0.00" NOx="0.00" PMx="0.00" fuel="0.00" electricity="0.00" noise="71.60" route="routebottom" type="cfm-slow" waiting="0.00" lane="bottom_0" pos="42.70" speed="27.97" angle="17.71" x="130.45" y="48.00"/>
    </timestep>
    <timestep time="7.02">
        <vehicle id="cfm-fast_0" eclass="HBEFA3/PC_G_EU4" CO2="0.00" CO="0.00" HC="0.00" NOx="0.00" PMx="0.00" fuel="0.00" electricity="0.00" noise="70.81" route="routebottom" type="cfm-fast" waiting="0.00" lane="right_0" pos="15.88" speed="26.56" angle="335.86" x="123.88" y="96.52"/>
        <vehicle id="cfm-fast_1" eclass="HBEFA3/PC_G_EU4" CO2="295013.75" CO="7731.33" HC="42.72" NOx="137.56" PMx="8.41" fuel="126.81" electricity="0.00" noise="144.69" route="routebottom" type="cfm-fast" waiting="0.00" lane="bottom_1" pos="33.09" speed="85.57" angle="34.93" x="119.96" y="30.57"/>
        <vehicle id="cfm-fast_2" eclass="HBEFA3/PC_G_EU4" CO2="0.00" CO="0.00" HC="0.00" NOx="0.00" PMx="0.00" fuel="0.00" electricity="0.00" noise="70.31" route="routebottom" type="cfm-fast" waiting="0.00" lane="right_0" pos="33.40" speed="25.02" angle="304.41" x="97.87" y="123.13"/>
        <vehicle id="cfm-fast_3" eclass="HBEFA3/PC_G_EU4" CO2="0.00" CO="0.00" HC="0.00" NOx="0.00" PMx="0.00" fuel="0.00" electricity="0.00" noise="70.85" route="routebottom" type="cfm-fast" waiting="0.00" lane="right_0" pos="49.36" speed="24.07" angle="275.72" x="65.15" y="132.24"/>
        <vehicle id="cfm-fast_4" eclass="HBEFA3/PC_G_EU4" CO2="10448.46" CO="142.53" HC="0.91" NOx="4.29" PMx="0.23" fuel="4.49" electricity="0.00" noise="73.10" route="routetop" type="cfm-fast" waiting="0.00" lane="top_0" pos="14.39" speed="24.10" angle="248.57" x="33.65" y="125.36"/>
        <vehicle id="cfm-fast_5" eclass="HBEFA3/PC_G_EU4" CO2="402406.18" CO="10532.35" HC="58.20" NOx="188.14" PMx="11.46" fuel="172.97" electricity="0.00" noise="161.07" route="routetop" type="cfm-fast" waiting="0.00" lane="top_1" pos="11.65" speed="95.73" angle="253.46" x="40.28" y="124.63"/>
        <vehicle id="cfm-slow_0" eclass="HBEFA3/PC_G_EU4" CO2="15149.90" CO="242.12" HC="1.48" NOx="6.48" PMx="0.35" fuel="6.51" electricity="0.00" noise="75.53" route="routetop" type="cfm-slow" waiting="0.00" lane="top_0" pos="29.64" speed="25.07" angle="221.19" x="8.63" y="104.63"/>
        <vehicle id="cfm-slow_1" eclass="HBEFA3/PC_G_EU4" CO2="14983.11" CO="245.18" HC="1.49" NOx="6.37" PMx="0.35" fuel="6.44" electricity="0.00" noise="75.72" route="routetop" type="cfm-slow" waiting="0.00" lane="top_0" pos="49.90" speed="26.71" angle="184.70" x="-4.94" y="63.98"/>
        <vehicle id="cfm-slow_2" eclass="HBEFA3/PC_G_EU4" CO2="11627.25" CO="183.49" HC="1.13" NOx="4.75" PMx="0.27" fuel="5.00" electricity="0.00" noise="74.75" route="routetop" type="cfm-slow" waiting="0.00" lane="left_0" pos="21.80" speed="28.12" angle="145.25" x="10.53" y="20.25"/>
        <vehicle id="cfm-slow_3" eclass="HBEFA3/PC_G_EU4" CO2="5745.55" CO="67.24" HC="0.45" NOx="1.96" PMx="0.12" fuel="2.47" electricity="0.00" noise="73.43" route="routetop" type="cfm-slow" waiting="0.00" lane="left_0" pos="45.09" speed="28.91" angle="103.43" x="53.06" y="-4.13"/>
        <vehicle id="cfm-slow_4" eclass="HBEFA3/PC_G_EU4" CO2="0.00" CO="0.00" HC="0.00" NOx="0.00" PMx="0.00" fuel="0.00" electricity="0.00" noise="72.41" route="routebottom" type="cfm-slow" waiting="0.00" lane="bottom_0" pos="19.11" speed="28.84" angle="60.03" x="102.45" y="7.07"/>
        <vehicle id="cfm-slow_5" eclass="HBEFA3/PC_G_EU4" CO2="0.00" CO="0.00" HC="0.00" NOx="0.00" PMx="0.00" fuel="0.00" electricity="0.00" noise="71.59" route="routebottom" type="cfm-slow" waiting="0.00" lane="bottom_0" pos="42.98" speed="27.96" angle="17.20" x="130.58" y="48.59"/>
    </timestep>
    <timestep time="7.03">
        <vehicle id="cfm-fast_0" eclass="HBEFA3/PC_G_EU4" CO2="0.00" CO="0.00" HC="0.00" NOx="0.00" PMx="0.00" fuel="0.00" electricity="0.00" noise="70.81" route="routebottom" type="cfm-fast" waiting="0.00" lane="right_0" pos="16.15" speed="26.54" angle="335.38" x="123.60" y="97.02"/>
        <vehicle id="cfm-fast_1" eclass="HBEFA3/PC_G_EU4" CO2="295817.99" CO="7753.84" HC="42.84" NOx="137.94" PMx="8.43" fuel="127.16" electricity="0.00" noise="144.81" route="routebottom" type="cfm-fast" waiting="0.00" lane="bottom_1" pos="33.95" speed="85.68" angle="33.43" x="120.82" y="32.10"/>
        <vehicle id="cfm-fast_2" eclass="HBEFA3/PC_G_EU4" CO2="0.00" CO="0.00" HC="0.00" NOx="0.00" PMx="0.00" fuel="0.00" electricity="0.00" noise="70.31" route="routebottom" type="cfm-fast" waiting="0.00" lane="right_0" pos="33.65" speed="25.02" angle="303.96" x="97.40" y="123.39"/>
        <vehicle id="cfm-fast_3" eclass="HBEFA3/PC_G_EU4" CO2="0.00" CO="0.00" HC="0.00" NOx="0.00" PMx="0.00" fuel="0.00" electricity="0.00" noise="70.86" route="routebottom" type="cfm-fast" waiting="0.00" lane="right_0" pos="49.60" speed="24.07" angle="275.27" x="64.63" y="132.25"/>
        <vehicle id="cfm-fast_4" eclass="HBEFA3/PC_G_EU4" CO2="10487.91" CO="143.37" HC="0.91" NOx="4.31" PMx="0.23" fuel="4.51" electricity="0.00" noise="73.12" route="routetop" type="cfm-fast" waiting="0.00" lane="top_0" pos="14.64" speed="24.11" angle="248.11" x="33.19" y="125.12"/>
        <vehicle id="cfm-fast_5" eclass="HBEFA3/PC_G_EU4" CO2="403078.29" CO="10554.69" HC="58.32" NOx="188.46" PMx="11.48" fuel="173.26" electricity="0.00" noise="161.13" route="routetop" type="cfm-fast" waiting="0.00" lane="top_1" pos="12.61" speed="95.86" angle="251.78" x="38.45" y="123.90"/>
        <vehicle id="cfm-slow_0" eclass="HBEFA3/PC_G_EU4" CO2="15148.89" CO="242.16" HC="1.48" NOx="6.48" PMx="0.35" fuel="6.51" electricity="0.00" noise="75.53" route="routetop" type="cfm-slow" waiting="0.00" lane="top_0" pos="29.89" speed="25.09" angle="220.72" x="8.31" y="104.19"/>
        <vehicle id="cfm-slow_1" eclass="HBEFA3/PC_G_EU4" CO2="14952.14" CO="244.61" HC="1.49" NOx="6.35" PMx="0.35" fuel="6.43" electricity="0.00" noise="75.71" route="routetop" type="cfm-slow" waiting="0.00" lane="left_0" pos="0.16" speed="26.72" angle="184.18" x="-4.94" y="63.22"/>
        <vehicle id="cfm-slow_2" eclass="HBEFA3/PC_G_EU4" CO2="11569.99" CO="182.36" HC="1.12" NOx="4.73" PMx="0.27" fuel="4.97" electricity="0.00" noise="74.74" route="routetop" type="cfm-slow" waiting="0.00" lane="left_0" pos="22.08" speed="28.13" angle="144.72" x="10.92" y="19.79"/>
        <vehicle id="cfm-slow_3" eclass="HBEFA3/PC_G_EU4" CO2="5682.20" CO="65.93" HC="0.45" NOx="1.93" PMx="0.12" fuel="2.44" electricity="0.00" noise="73.42" route="routetop" type="cfm-slow" waiting="0.00" lane="left_0" pos="45.38" speed="28.91" angle="102.90" x="53.67" y="-4.21"/>
        <vehicle id="cfm-slow_4" eclass="HBEFA3/PC_G_EU4" CO2="0.00" CO="0.00" HC="0.00" NOx="0.00" PMx="0.00" fuel="0.00" electricity="0.00" noise="72.40" route="routebottom" type="cfm-slow" waiting="0.00" lane="bottom_0" pos="19.40" speed="28.83" angle="59.54" x="102.95" y="7.43"/>
        <vehicle id="cfm-slow_5" eclass="HBEFA3/PC_G_EU4" CO2="0.00" CO="0.00" HC="0.00" NOx="0.00" PMx="0.00" fuel="0.00" electricity="0.00" noise="71.58" route="routebottom" type="cfm-slow" waiting="0.00" lane="bottom_0" pos="43.26" speed="27.94" angle="16.69" x="130.72" y="49.17"/>
    </timestep>
    <timestep time="7.04">
        <vehicle id="cfm-fast_0" eclass="HBEFA3/PC_G_EU4" CO2="0.00" CO="0.00" HC="0.00" NOx="0.00" PMx="0.00" fuel="0.00" electricity="0.00" noise="70.80" route="routebottom" type="cfm-fast" waiting="0.00" lane="right_0" pos="16.41" speed="26.53" angle="334.90" x="123.32" y="97.52"/>
        <vehicle id="cfm-fast_1" eclass="HBEFA3/PC_G_EU4" CO2="296622.83" CO="7776.38" HC="42.96" NOx="138.32" PMx="8.46" fuel="127.50" electricity="0.00" noise="144.93" route="routebottom" type="cfm-fast" waiting="0.00" lane="bottom_1" pos="34.80" speed="85.79" angle="31.92" x="121.66" y="33.64"/>
        <vehicle id="cfm-fast_2" eclass="HBEFA3/PC_G_EU4" CO2="0.00" CO="0.00" HC="0.00" NOx="0.00" PMx="0.00" fuel="0.00" electricity="0.00" noise="70.31" route="routebottom" type="cfm-fast" waiting="0.00" lane="right_0" pos="33.90" speed="25.01" angle="303.50" x="96.92" y="123.65"/>
        <vehicle id="cfm-fast_3" eclass="HBEFA3/PC_G_EU4" CO2="0.00" CO="0.00" HC="0.00" NOx="0.00" PMx="0.00" fuel="0.00" electricity="0.00" noise="70.88" route="routebottom" type="cfm-fast" waiting="0.00" lane="right_0" pos="49.84" speed="24.07" angle="274.82" x="64.11" y="132.26"/>
        <vehicle id="cfm-fast_4" eclass="HBEFA3/PC_G_EU4" CO2="10527.05" CO="144.20" HC="0.92" NOx="4.32" PMx="0.23" fuel="4.53" electricity="0.00" noise="73.14" route="routetop" type="cfm-fast" waiting="0.00" lane="top_0" pos="14.88" speed="24.12" angle="247.65" x="32.72" y="124.89"/>
        <vehicle id="cfm-fast_5" eclass="HBEFA3/PC_G_EU4" CO2="403750.69" CO="10577.06" HC="58.43" NOx="188.78" PMx="11.50" fuel="173.55" electricity="0.00" noise="161.20" route="routetop" type="cfm-fast" waiting="0.00" lane="top_1" pos="13.57" speed="96.00" angle="250.05" x="36.65" y="123.11"/>
        <vehicle id="cfm-slow_0" eclass="HBEFA3/PC_G_EU4" CO2="15147.62" CO="242.18" HC="1.48" NOx="6.48" PMx="0.35" fuel="6.51" electricity="0.00" noise="75.53" route="routetop" type="cfm-slow" waiting="0.00" lane="top_0" pos="30.14" speed="25.10" angle="220.25" x="8.00" y="103.75"/>
        <vehicle id="cfm-slow_1" eclass="HBEFA3/PC_G_EU4" CO2="14920.92" CO="244.03" HC="1.48" NOx="6.34" PMx="0.35" fuel="6.41" electricity="0.00" noise="75.70" route="routetop" type="cfm-slow" waiting="0.00" lane="left_0" pos="0.43" speed="26.74" angle="183.70" x="-4.93" y="62.64"/>
        <vehicle id="cfm-slow_2" eclass="HBEFA3/PC_G_EU4" CO2="11512.66" CO="181.23" HC="1.11" NOx="4.70" PMx="0.27" fuel="4.95" electricity="0.00" noise="74.72" route="routetop" type="cfm-slow" waiting="0.00" lane="left_0" pos="22.36" speed="28.14" angle="144.20" x="11.32" y="19.33"/>
        <vehicle id="cfm-slow_3" eclass="HBEFA3/PC_G_EU4" CO2="5619.02" CO="64.63" HC="0.44" NOx="1.90" PMx="0.12" fuel="2.42" electricity="0.00" noise="73.40" route="routetop" type="cfm-slow" waiting="0.00" lane="left_0" pos="45.67" speed="28.91" angle="102.36" x="54.29" y="-4.30"/>
        <vehicle id="cfm-slow_4" eclass="HBEFA3/PC_G_EU4" CO2="0.00" CO="0.00" HC="0.00" NOx="0.00" PMx="0.00" fuel="0.00" electricity="0.00" noise="72.39" route="routebottom" type="cfm-slow" waiting="0.00" lane="bottom_0" pos="19.69" speed="28.82" angle="59.01" x="103.46" y="7.79"/>
        <vehicle id="cfm-slow_5" eclass="HBEFA3/PC_G_EU4" CO2="0.00" CO="0.00" HC="0.00" NOx="0.00" PMx="0.00" fuel="0.00" electricity="0.00" noise="71.58" route="routebottom" type="cfm-slow" waiting="0.00" lane="bottom_0" pos="43.54" speed="27.93" angle="16.21" x="130.85" y="49.76"/>
    </timestep>
    <timestep time="7.05">
        <vehicle id="cfm-fast_0" eclass="HBEFA3/PC_G_EU4" CO2="0.00" CO="0.00" HC="0.00" NOx="0.00" PMx="0.00" fuel="0.00" electricity="0.00" noise="70.79" route="routebottom" type="cfm-fast" waiting="0.00" lane="right_0" pos="16.68" speed="26.51" angle="334.47" x="123.05" y="98.02"/>
        <vehicle id="cfm-fast_1" eclass="HBEFA3/PC_G_EU4" CO2="297428.25" CO="7798.95" HC="43.09" NOx="138.70" PMx="8.48" fuel="127.85" electricity="0.00" noise="145.06" route="routebottom" type="cfm-fast" waiting="0.00" lane="bottom_1" pos="35.66" speed="85.90" angle="30.32" x="122.45" y="35.22"/>
        <vehicle id="cfm-fast_2" eclass="HBEFA3/PC_G_EU4" CO2="0.00" CO="0.00" HC="0.00" NOx="0.00" PMx="0.00" fuel="0.00" electricity="0.00" noise="70.31" route="routebottom" type="cfm-fast" waiting="0.00" lane="right_0" pos="34.15" speed="25.00" angle="303.05" x="96.45" y="123.91"/>
        <vehicle id="cfm-fast_3" eclass="HBEFA3/PC_G_EU4" CO2="4099.63" CO="11.77" HC="0.15" NOx="1.29" PMx="0.06" fuel="1.76" electricity="0.00" noise="70.89" route="routetop" type="cfm-fast" waiting="0.00" lane="top_0" pos="0.08" speed="24.07" angle="274.33" x="63.40" y="132.27"/>
        <vehicle id="cfm-fast_4" eclass="HBEFA3/PC_G_EU4" CO2="10565.88" CO="145.03" HC="0.92" NOx="4.34" PMx="0.23" fuel="4.54" electricity="0.00" noise="73.16" route="routetop" type="cfm-fast" waiting="0.00" lane="top_0" pos="15.12" speed="24.13" angle="247.19" x="32.26" y="124.66"/>
        <vehicle id="cfm-fast_5" eclass="HBEFA3/PC_G_EU4" CO2="404423.38" CO="10599.45" HC="58.55" NOx="189.09" PMx="11.52" fuel="173.84" electricity="0.00" noise="161.27" route="routetop" type="cfm-fast" waiting="0.00" lane="top_1" pos="14.53" speed="96.14" angle="248.32" x="34.87" y="122.27"/>
        <vehicle id="cfm-slow_0" eclass="HBEFA3/PC_G_EU4" CO2="15146.09" CO="242.21" HC="1.48" NOx="6.48" PMx="0.35" fuel="6.51" electricity="0.00" noise="75.53" route="routetop" type="cfm-slow" waiting="0.00" lane="top_0" pos="30.39" speed="25.12" angle="219.79" x="7.68" y="103.31"/>
        <vehicle id="cfm-slow_1" eclass="HBEFA3/PC_G_EU4" CO2="14889.45" CO="243.45" HC="1.48" NOx="6.32" PMx="0.35" fuel="6.40" electricity="0.00" noise="75.69" route="routetop" type="cfm-slow" waiting="0.00" lane="left_0" pos="0.70" speed="26.75" angle="183.21" x="-4.92" y="62.07"/>
        <vehicle id="cfm-slow_2" eclass="HBEFA3/PC_G_EU4" CO2="11455.26" CO="180.10" HC="1.11" NOx="4.67" PMx="0.27" fuel="4.92" electricity="0.00" noise="74.70" route="routetop" type="cfm-slow" waiting="0.00" lane="left_0" pos="22.64" speed="28.15" angle="143.67" x="11.71" y="18.87"/>
        <vehicle id="cfm-slow_3" eclass="HBEFA3/PC_G_EU4" CO2="5556.00" CO="63.34" HC="0.43" NOx="1.87" PMx="0.12" fuel="2.39" electricity="0.00" noise="73.39" route="routetop" type="cfm-slow" waiting="0.00" lane="left_0" pos="45.96" speed="28.91" angle="101.83" x="54.90" y="-4.38"/>
        <vehicle id="cfm-slow_4" eclass="HBEFA3/PC_G_EU4" CO2="0.00" CO="0.00" HC="0.00" NOx="0.00" PMx="0.00" fuel="0.00" electricity="0.00" noise="72.38" route="routebottom" type="cfm-slow" waiting="0.00" lane="bottom_0" pos="19.98" speed="28.81" angle="58.48" x="103.96" y="8.15"/>
        <vehicle id="cfm-slow_5" eclass="HBEFA3/PC_G_EU4" CO2="0.00" CO="0.00" HC="0.00" NOx="0.00" PMx="0.00" fuel="0.00" electricity="0.00" noise="71.57" route="routebottom" type="cfm-slow" waiting="0.00" lane="bottom_0" pos="43.81" speed="27.92" angle="15.72" x="130.96" y="50.35"/>
    </timestep>
    <timestep time="7.06">
        <vehicle id="cfm-fast_0" eclass="HBEFA3/PC_G_EU4" CO2="0.00" CO="0.00" HC="0.00" NOx="0.00" PMx="0.00" fuel="0.00" electricity="0.00" noise="70.79" route="routebottom" type="cfm-fast" waiting="0.00" lane="right_0" pos="16.94" speed="26.50" angle="333.99" x="122.75" y="98.51"/>
        <vehicle id="cfm-fast_1" eclass="HBEFA3/PC_G_EU4" CO2="298234.23" CO="7821.55" HC="43.21" NOx="139.07" PMx="8.51" fuel="128.20" electricity="0.00" noise="145.18" route="routebottom" type="cfm-fast" waiting="0.00" lane="bottom_1" pos="36.52" speed="86.01" angle="28.75" x="123.19" y="36.82"/>
        <vehicle id="cfm-fast_2" eclass="HBEFA3/PC_G_EU4" CO2="0.00" CO="0.00" HC="0.00" NOx="0.00" PMx="0.00" fuel="0.00" electricity="0.00" noise="70.31" route="routebottom" type="cfm-fast" waiting="0.00" lane="right_0" pos="34.40" speed="24.99" angle="302.59" x="95.98" y="124.17"/>
        <vehicle id="cfm-fast_3" eclass="HBEFA3/PC_G_EU4" CO2="4160.78" CO="13.03" HC="0.16" NOx="1.32" PMx="0.06" fuel="1.79" electricity="0.00" noise="70.91" route="routetop" type="cfm-fast" waiting="0.00" lane="top_0" pos="0.32" speed="24.07" angle="273.90" x="62.88" y="132.26"/>
        <vehicle id="cfm-fast_4" eclass="HBEFA3/PC_G_EU4" CO2="10604.39" CO="145.85" HC="0.93" NOx="4.36" PMx="0.23" fuel="4.56" electricity="0.00" noise="73.17" route="routetop" type="cfm-fast" waiting="0.00" lane="top_0" pos="15.36" speed="24.14" angle="246.80" x="31.80" y="124.42"/>
        <vehicle id="cfm-fast_5" eclass="HBEFA3/PC_G_EU4" CO2="405096.36" CO="10621.85" HC="58.67" NOx="189.41" PMx="11.54" fuel="174.13" electricity="0.00" noise="161.33" route="routetop" type="cfm-fast" waiting="0.00" lane="top_1" pos="15.49" speed="96.27" angle="246.62" x="33.11" y="121.38"/>
        <vehicle id="cfm-slow_0" eclass="HBEFA3/PC_G_EU4" CO2="15144.29" CO="242.22" HC="1.48" NOx="6.48" PMx="0.35" fuel="6.51" electricity="0.00" noise="75.54" route="routetop" type="cfm-slow" waiting="0.00" lane="top_0" pos="30.65" speed="25.14" angle="219.32" x="7.37" y="102.87"/>
        <vehicle id="cfm-slow_1" eclass="HBEFA3/PC_G_EU4" CO2="14857.74" CO="242.87" HC="1.48" NOx="6.31" PMx="0.35" fuel="6.39" electricity="0.00" noise="75.68" route="routetop" type="cfm-slow" waiting="0.00" lane="left_0" pos="0.97" speed="26.77" angle="182.73" x="-4.90" y="61.49"/>
        <vehicle id="cfm-slow_2" eclass="HBEFA3/PC_G_EU4" CO2="11397.78" CO="178.96" HC="1.10" NOx="4.64" PMx="0.27" fuel="4.90" electricity="0.00" noise="74.69" route="routetop" type="cfm-slow" waiting="0.00" lane="left_0" pos="22.93" speed="28.16" angle="143.14" x="12.10" y="18.41"/>
        <vehicle id="cfm-slow_3" eclass="HBEFA3/PC_G_EU4" CO2="5493.14" CO="62.04" HC="0.42" NOx="1.84" PMx="0.11" fuel="2.36" electricity="0.00" noise="73.38" route="routetop" type="cfm-slow" waiting="0.00" lane="left_0" pos="46.25" speed="28.91" angle="101.35" x="55.52" y="-4.46"/>
        <vehicle id="cfm-slow_4" eclass="HBEFA3/PC_G_EU4" CO2="0.00" CO="0.00" HC="0.00" NOx="0.00" PMx="0.00" fuel="0.00" electricity="0.00" noise="72.38" route="routebottom" type="cfm-slow" waiting="0.00" lane="bottom_0" pos="20.27" speed="28.81" angle="57.95" x="104.46" y="8.51"/>
        <vehicle id="cfm-slow_5" eclass="HBEFA3/PC_G_EU4" CO2="0.00" CO="0.00" HC="0.00" NOx="0.00" PMx="0.00" fuel="0.00" electricity="0.00" noise="71.56" route="routebottom" type="cfm-slow" waiting="0.00" lane="bottom_0" pos="44.09" speed="27.90" angle="15.19" x="131.07" y="50.94"/>
    </timestep>
    <timestep time="7.07">
        <vehicle id="cfm-fast_0" eclass="HBEFA3/PC_G_EU4" CO2="0.00" CO="0.00" HC="0.00" NOx="0.00" PMx="0.00" fuel="0.00" electricity="0.00" noise="70.78" route="routebottom" type="cfm-fast" waiting="0.00" lane="right_0" pos="17.21" speed="26.49" angle="333.51" x="122.46" y="99.00"/>
        <vehicle id="cfm-fast_1" eclass="HBEFA3/PC_G_EU4" CO2="299040.77" CO="7844.18" HC="43.33" NOx="139.45" PMx="8.53" fuel="128.54" electricity="0.00" noise="145.30" route="routebottom" type="cfm-fast" waiting="0.00" lane="bottom_1" pos="37.38" speed="86.12" angle="27.20" x="123.90" y="38.44"/>
        <vehicle id="cfm-fast_2" eclass="HBEFA3/PC_G_EU4" CO2="0.00" CO="0.00" HC="0.00" NOx="0.00" PMx="0.00" fuel="0.00" electricity="0.00" noise="70.31" route="routebottom" type="cfm-fast" waiting="0.00" lane="right_0" pos="34.65" speed="24.98" angle="302.20" x="95.51" y="124.43"/>
        <vehicle id="cfm-fast_3" eclass="HBEFA3/PC_G_EU4" CO2="4221.73" CO="14.28" HC="0.17" NOx="1.35" PMx="0.07" fuel="1.81" electricity="0.00" noise="70.93" route="routetop" type="cfm-fast" waiting="0.00" lane="top_0" pos="0.56" speed="24.07" angle="273.46" x="62.37" y="132.25"/>
        <vehicle id="cfm-fast_4" eclass="HBEFA3/PC_G_EU4" CO2="10642.60" CO="146.66" HC="0.93" NOx="4.38" PMx="0.23" fuel="4.57" electricity="0.00" noise="73.19" route="routetop" type="cfm-fast" waiting="0.00" lane="top_0" pos="15.60" speed="24.15" angle="246.37" x="31.34" y="124.17"/>
        <vehicle id="cfm-fast_5" eclass="HBEFA3/PC_G_EU4" CO2="405769.63" CO="10644.28" HC="58.79" NOx="189.73" PMx="11.56" fuel="174.42" electricity="0.00" noise="161.40" route="routetop" type="cfm-fast" waiting="0.00" lane="top_1" pos="16.45" speed="96.41" angle="244.88" x="31.38" y="120.42"/>
        <vehicle id="cfm-slow_0" eclass="HBEFA3/PC_G_EU4" CO2="15142.24" CO="242.24" HC="1.48" NOx="6.48" PMx="0.35" fuel="6.51" electricity="0.00" noise="75.54" route="routetop" type="cfm-slow" waiting="0.00" lane="top_0" pos="30.90" speed="25.15" angle="218.92" x="7.06" y="102.43"/>
        <vehicle id="cfm-slow_1" eclass="HBEFA3/PC_G_EU4" CO2="14825.78" CO="242.28" HC="1.47" NOx="6.29" PMx="0.35" fuel="6.37" electricity="0.00" noise="75.67" route="routetop" type="cfm-slow" waiting="0.00" lane="left_0" pos="1.23" speed="26.78" angle="182.26" x="-4.89" y="60.92"/>
        <vehicle id="cfm-slow_2" eclass="HBEFA3/PC_G_EU4" CO2="11340.24" CO="177.83" HC="1.10" NOx="4.62" PMx="0.26" fuel="4.87" electricity="0.00" noise="74.67" route="routetop" type="cfm-slow" waiting="0.00" lane="left_0" pos="23.21" speed="28.17" angle="142.70" x="12.50" y="17.95"/>
        <vehicle id="cfm-slow_3" eclass="HBEFA3/PC_G_EU4" CO2="0.00" CO="0.00" HC="0.00" NOx="0.00" PMx="0.00" fuel="0.00" electricity="0.00" noise="73.36" route="routetop" type="cfm-slow" waiting="0.00" lane="left_0" pos="46.54" speed="28.91" angle="100.82" x="56.14" y="-4.53"/>
        <vehicle id="cfm-slow_4" eclass="HBEFA3/PC_G_EU4" CO2="0.00" CO="0.00" HC="0.00" NOx="0.00" PMx="0.00" fuel="0.00" electricity="0.00" noise="72.37" route="routebottom" type="cfm-slow" waiting="0.00" lane="bottom_0" pos="20.55" speed="28.80" angle="57.48" x="104.97" y="8.88"/>
        <vehicle id="cfm-slow_5" eclass="HBEFA3/PC_G_EU4" CO2="0.00" CO="0.00" HC="0.00" NOx="0.00" PMx="0.00" fuel="0.00" electricity="0.00" noise="71.55" route="routebottom" type="cfm-slow" waiting="0.00" lane="bottom_0" pos="44.37" speed="27.89" angle="14.66" x="131.18" y="51.53"/>
    </timestep>
    <timestep time="7.08">
        <vehicle id="cfm-fast_0" eclass="HBEFA3/PC_G_EU4" CO2="0.00" CO="0.00" HC="0.00" NOx="0.00" PMx="0.00" fuel="0.00" electricity="0.00" noise="70.78" route="routebottom" type="cfm-fast" waiting="0.00" lane="right_0" pos="17.47" speed="26.47" angle="333.03" x="122.17" y="99.48"/>
        <vehicle id="cfm-fast_1" eclass="HBEFA3/PC_G_EU4" CO2="299847.84" CO="7866.84" HC="43.46" NOx="139.83" PMx="8.55" fuel="128.89" electricity="0.00" noise="145.42" route="routebottom" type="cfm-fast" waiting="0.00" lane="bottom_1" pos="38.25" speed="86.23" angle="25.61" x="124.55" y="40.08"/>
        <vehicle id="cfm-fast_2" eclass="HBEFA3/PC_G_EU4" CO2="0.00" CO="0.00" HC="0.00" NOx="0.00" PMx="0.00" fuel="0.00" electricity="0.00" noise="70.32" route="routebottom" type="cfm-fast" waiting="0.00" lane="right_0" pos="34.90" speed="24.97" angle="301.75" x="95.03" y="124.67"/>
        <vehicle id="cfm-fast_3" eclass="HBEFA3/PC_G_EU4" CO2="4282.47" CO="15.53" HC="0.18" NOx="1.38" PMx="0.07" fuel="1.84" electricity="0.00" noise="70.94" route="routetop" type="cfm-fast" waiting="0.00" lane="top_0" pos="0.80" speed="24.07" angle="273.03" x="61.85" y="132.24"/>
        <vehicle id="cfm-fast_4" eclass="HBEFA3/PC_G_EU4" CO2="10680.50" CO="147.46" HC="0.94" NOx="4.40" PMx="0.24" fuel="4.59" electricity="0.00" noise="73.21" route="routetop" type="cfm-fast" waiting="0.00" lane="top_0" pos="15.84" speed="24.16" angle="245.93" x="30.89" y="123.92"/>
        <vehicle id="cfm-fast_5" eclass="HBEFA3/PC_G_EU4" CO2="406443.20" CO="10666.73" HC="58.91" NOx="190.04" PMx="11.58" fuel="174.71" electricity="0.00" noise="161.46" route="routetop" type="cfm-fast" waiting="0.00" lane="top_1" pos="17.42" speed="96.55" angle="243.16" x="29.67" y="119.42"/>
        <vehicle id="cfm-slow_0" eclass="HBEFA3/PC_G_EU4" CO2="15139.92" CO="242.24" HC="1.48" NOx="6.48" PMx="0.35" fuel="6.51" electricity="0.00" noise="75.54" route="routetop" type="cfm-slow" waiting="0.00" lane="top_0" pos="31.15" speed="25.17" angle="218.47" x="6.76" y="101.98"/>
        <vehicle id="cfm-slow_1" eclass="HBEFA3/PC_G_EU4" CO2="14793.57" CO="241.68" HC="1.47" NOx="6.28" PMx="0.35" fuel="6.36" electricity="0.00" noise="75.66" route="routetop" type="cfm-slow" waiting="0.00" lane="left_0" pos="1.50" speed="26.80" angle="181.78" x="-4.86" y="60.34"/>
        <vehicle id="cfm-slow_2" eclass="HBEFA3/PC_G_EU4" CO2="11282.62" CO="176.69" HC="1.09" NOx="4.59" PMx="0.26" fuel="4.85" electricity="0.00" noise="74.65" route="routetop" type="cfm-slow" waiting="0.00" lane="left_0" pos="23.49" speed="28.17" angle="142.19" x="12.91" y="17.51"/>
        <vehicle id="cfm-slow_3" eclass="HBEFA3/PC_G_EU4" CO2="0.00" CO="0.00" HC="0.00" NOx="0.00" PMx="0.00" fuel="0.00" electricity="0.00" noise="73.35" route="routetop" type="cfm-slow" waiting="0.00" lane="left_0" pos="46.83" speed="28.91" angle="100.29" x="56.76" y="-4.59"/>
        <vehicle id="cfm-slow_4" eclass="HBEFA3/PC_G_EU4" CO2="0.00" CO="0.00" HC="0.00" NOx="0.00" PMx="0.00" fuel="0.00" electricity="0.00" noise="72.36" route="routebottom" type="cfm-slow" waiting="0.00" lane="bottom_0" pos="20.84" speed="28.79" angle="56.96" x="105.45" y="9.26"/>
        <vehicle id="cfm-slow_5" eclass="HBEFA3/PC_G_EU4" CO2="0.00" CO="0.00" HC="0.00" NOx="0.00" PMx="0.00" fuel="0.00" electricity="0.00" noise="71.55" route="routebottom" type="cfm-slow" waiting="0.00" lane="bottom_0" pos="44.65" speed="27.88" angle="14.14" x="131.29" y="52.12"/>
    </timestep>
    <timestep time="7.09">
        <vehicle id="cfm-fast_0" eclass="HBEFA3/PC_G_EU4" CO2="0.00" CO="0.00" HC="0.00" NOx="0.00" PMx="0.00" fuel="0.00" electricity="0.00" noise="70.77" route="routebottom" type="cfm-fast" waiting="0.00" lane="right_0" pos="17.74" speed="26.46" angle="332.56" x="121.88" y="99.97"/>
        <vehicle id="cfm-fast_1" eclass="HBEFA3/PC_G_EU4" CO2="300655.43" CO="7889.53" HC="43.58" NOx="140.21" PMx="8.58" fuel="129.24" electricity="0.00" noise="145.54" route="routebottom" type="cfm-fast" waiting="0.00" lane="bottom_1" pos="39.11" speed="86.34" angle="24.10" x="125.17" y="41.74"/>
        <vehicle id="cfm-fast_2" eclass="HBEFA3/PC_G_EU4" CO2="0.00" CO="0.00" HC="0.00" NOx="0.00" PMx="0.00" fuel="0.00" electricity="0.00" noise="70.32" route="routebottom" type="cfm-fast" waiting="0.00" lane="right_0" pos="35.15" speed="24.96" angle="301.30" x="94.55" y="124.92"/>
        <vehicle id="cfm-fast_3" eclass="HBEFA3/PC_G_EU4" CO2="4343.01" CO="16.78" HC="0.18" NOx="1.41" PMx="0.07" fuel="1.87" electricity="0.00" noise="70.96" route="routetop" type="cfm-fast" waiting="0.00" lane="top_0" pos="1.04" speed="24.08" angle="272.59" x="61.33" y="132.23"/>
        <vehicle id="cfm-fast_4" eclass="HBEFA3/PC_G_EU4" CO2="10718.08" CO="148.27" HC="0.94" NOx="4.41" PMx="0.24" fuel="4.61" electricity="0.00" noise="73.23" route="routetop" type="cfm-fast" waiting="0.00" lane="top_0" pos="16.08" speed="24.17" angle="245.50" x="30.43" y="123.67"/>
        <vehicle id="cfm-fast_5" eclass="HBEFA3/PC_G_EU4" CO2="407117.06" CO="10689.21" HC="59.03" NOx="190.36" PMx="11.61" fuel="175.00" electricity="0.00" noise="161.53" route="routetop" type="cfm-fast" waiting="0.00" lane="top_1" pos="18.39" speed="96.68" angle="241.42" x="27.99" y="118.37"/>
        <vehicle id="cfm-slow_0" eclass="HBEFA3/PC_G_EU4" CO2="15137.33" CO="242.25" HC="1.48" NOx="6.48" PMx="0.35" fuel="6.51" electricity="0.00" noise="75.54" route="routetop" type="cfm-slow" waiting="0.00" lane="top_0" pos="31.40" speed="25.19" angle="218.01" x="6.46" y="101.53"/>
        <vehicle id="cfm-slow_1" eclass="HBEFA3/PC_G_EU4" CO2="14761.13" CO="241.08" HC="1.47" NOx="6.26" PMx="0.35" fuel="6.35" electricity="0.00" noise="75.65" route="routetop" type="cfm-slow" waiting="0.00" lane="left_0" pos="1.77" speed="26.81" angle="181.30" x="-4.82" y="59.77"/>
        <vehicle id="cfm-slow_2" eclass="HBEFA3/PC_G_EU4" CO2="11224.95" CO="175.55" HC="1.08" NOx="4.56" PMx="0.26" fuel="4.83" electricity="0.00" noise="74.64" route="routetop" type="cfm-slow" waiting="0.00" lane="left_0" pos="23.77" speed="28.18" angle="141.68" x="13.32" y="17.06"/>
        <vehicle id="cfm-slow_3" eclass="HBEFA3/PC_G_EU4" CO2="0.00" CO="0.00" HC="0.00" NOx="0.00" PMx="0.00" fuel="0.00" electricity="0.00" noise="73.34" route="routetop" type="cfm-slow" waiting="0.00" lane="left_0" pos="47.12" speed="28.91" angle="99.76" x="57.38" y="-4.65"/>
        <vehicle id="cfm-slow_4" eclass="HBEFA3/PC_G_EU4" CO2="0.00" CO="0.00" HC="0.00" NOx="0.00" PMx="0.00" fuel="0.00" electricity="0.00" noise="72.35" route="routebottom" type="cfm-slow" waiting="0.00" lane="bottom_0" pos="21.13" speed="28.78" angle="56.44" x="105.94" y="9.64"/>
        <vehicle id="cfm-slow_5" eclass="HBEFA3/PC_G_EU4" CO2="0.00" CO="0.00" HC="0.00" NOx="0.00" PMx="0.00" fuel="0.00" electricity="0.00" noise="71.54" route="routebottom" type="cfm-slow" waiting="0.00" lane="bottom_0" pos="44.93" speed="27.86" angle="13.69" x="131.40" y="52.71"/>
    </timestep>
    <timestep time="7.10">
        <vehicle id="cfm-fast_0" eclass="HBEFA3/PC_G_EU4" CO2="0.00" CO="0.00" HC="0.00" NOx="0.00" PMx="0.00" fuel="0.00" electricity="0.00" noise="70.77" route="routebottom" type="cfm-fast" waiting="0.00" lane="right_0" pos="18.00" speed="26.44" angle="332.14" x="121.58" y="100.46"/>
        <vehicle id="cfm-fast_1" eclass="HBEFA3/PC_G_EU4" CO2="301463.54" CO="7912.25" HC="43.71" NOx="140.59" PMx="8.60" fuel="129.58" electricity="0.00" noise="145.67" route="routebottom" type="cfm-fast" waiting="0.00" lane="bottom_1" pos="39.97" speed="86.46" angle="22.60" x="125.75" y="43.41"/>
        <vehicle id="cfm-fast_2" eclass="HBEFA3/PC_G_EU4" CO2="0.00" CO="0.00" HC="0.00" NOx="0.00" PMx="0.00" fuel="0.00" electricity="0.00" noise="70.32" route="routebottom" type="cfm-fast" waiting="0.00" lane="right_0" pos="35.40" speed="24.95" angle="300.85" x="94.07" y="125.16"/>
        <vehicle id="cfm-fast_3" eclass="HBEFA3/PC_G_EU4" CO2="4403.34" CO="18.03" HC="0.19" NOx="1.44" PMx="0.07" fuel="1.89" electricity="0.00" noise="70.97" route="routetop" type="cfm-fast" waiting="0.00" lane="top_0" pos="1.28" speed="24.08" angle="272.18" x="60.81" y="132.21"/>
        <vehicle id="cfm-fast_4" eclass="HBEFA3/PC_G_EU4" CO2="10755.35" CO="149.06" HC="0.95" NOx="4.43" PMx="0.24" fuel="4.62" electricity="0.00" noise="73.25" route="routetop" type="cfm-fast" waiting="0.00" lane="top_0" pos="16.33" speed="24.18" angle="245.06" x="29.97" y="123.42"/>
        <vehicle id="cfm-fast_5" eclass="HBEFA3/PC_G_EU4" CO2="407791.21" CO="10711.70" HC="59.15" NOx="190.68" PMx="11.63" fuel="175.29" electricity="0.00" noise="161.60" route="routetop" type="cfm-fast" waiting="0.00" lane="top_1" pos="19.36" speed="96.82" angle="239.64" x="26.35" y="117.26"/>
        <vehicle id="cfm-slow_0" eclass="HBEFA3/PC_G_EU4" CO2="15134.49" CO="242.24" HC="1.48" NOx="6.47" PMx="0.35" fuel="6.51" electricity="0.00" noise="75.54" route="routetop" type="cfm-slow" waiting="0.00" lane="top_0" pos="31.65" speed="25.20" angle="217.56" x="6.16" y="101.07"/>
        <vehicle id="cfm-slow_1" eclass="HBEFA3/PC_G_EU4" CO2="14728.44" CO="240.48" HC="1.46" NOx="6.25" PMx="0.35" fuel="6.33" electricity="0.00" noise="75.63" route="routetop" type="cfm-slow" waiting="0.00" lane="left_0" pos="2.04" speed="26.82" angle="180.82" x="-4.79" y="59.19"/>
        <vehicle id="cfm-slow_2" eclass="HBEFA3/PC_G_EU4" CO2="11167.21" CO="174.41" HC="1.08" NOx="4.54" PMx="0.26" fuel="4.80" electricity="0.00" noise="74.62" route="routetop" type="cfm-slow" waiting="0.00" lane="left_0" pos="24.05" speed="28.19" angle="141.17" x="13.73" y="16.61"/>
        <vehicle id="cfm-slow_3" eclass="HBEFA3/PC_G_EU4" CO2="0.00" CO="0.00" HC="0.00" NOx="0.00" PMx="0.00" fuel="0.00" electricity="0.00" noise="73.33" route="routetop" type="cfm-slow" waiting="0.00" lane="left_0" pos="47.41" speed="28.91" angle="99.26" x="58.00" y="-4.71"/>
        <vehicle id="cfm-slow_4" eclass="HBEFA3/PC_G_EU4" CO2="0.00" CO="0.00" HC="0.00" NOx="0.00" PMx="0.00" fuel="0.00" electricity="0.00" noise="72.34" route="routebottom" type="cfm-slow" waiting="0.00" lane="bottom_0" pos="21.42" speed="28.77" angle="55.92" x="106.43" y="10.02"/>
        <vehicle id="cfm-slow_5" eclass="HBEFA3/PC_G_EU4" CO2="0.00" CO="0.00" HC="0.00" NOx="0.00" PMx="0.00" fuel="0.00" electricity="0.00" noise="71.53" route="routebottom" type="cfm-slow" waiting="0.00" lane="bottom_0" pos="45.21" speed="27.85" angle="13.18" x="131.48" y="53.30"/>
    </timestep>
    <timestep time="7.11">
        <vehicle id="cfm-fast_0" eclass="HBEFA3/PC_G_EU4" CO2="0.00" CO="0.00" HC="0.00" NOx="0.00" PMx="0.00" fuel="0.00" electricity="0.00" noise="70.76" route="routebottom" type="cfm-fast" waiting="0.00" lane="right_0" pos="18.27" speed="26.43" angle="331.62" x="121.26" y="100.93"/>
        <vehicle id="cfm-fast_1" eclass="HBEFA3/PC_G_EU4" CO2="302272.13" CO="7935.00" HC="43.83" NOx="140.97" PMx="8.62" fuel="129.93" electricity="0.00" noise="145.79" route="routebottom" type="cfm-fast" waiting="0.00" lane="bottom_1" pos="40.84" speed="86.57" angle="20.99" x="126.28" y="45.11"/>
        <vehicle id="cfm-fast_2" eclass="HBEFA3/PC_G_EU4" CO2="0.00" CO="0.00" HC="0.00" NOx="0.00" PMx="0.00" fuel="0.00" electricity="0.00" noise="70.32" route="routebottom" type="cfm-fast" waiting="0.00" lane="right_0" pos="35.65" speed="24.94" angle="300.40" x="93.59" y="125.40"/>
        <vehicle id="cfm-fast_3" eclass="HBEFA3/PC_G_EU4" CO2="4463.47" CO="19.26" HC="0.20" NOx="1.46" PMx="0.07" fuel="1.92" electricity="0.00" noise="70.99" route="routetop" type="cfm-fast" waiting="0.00" lane="top_0" pos="1.52" speed="24.08" angle="271.74" x="60.30" y="132.18"/>
        <vehicle id="cfm-fast_4" eclass="HBEFA3/PC_G_EU4" CO2="10792.32" CO="149.85" HC="0.95" NOx="4.45" PMx="0.24" fuel="4.64" electricity="0.00" noise="73.27" route="routetop" type="cfm-fast" waiting="0.00" lane="top_0" pos="16.57" speed="24.19" angle="244.64" x="29.52" y="123.17"/>
        <vehicle id="cfm-fast_5" eclass="HBEFA3/PC_G_EU4" CO2="408465.65" CO="10734.22" HC="59.27" NOx="190.99" PMx="11.65" fuel="175.58" electricity="0.00" noise="161.66" route="routetop" type="cfm-fast" waiting="0.00" lane="top_1" pos="20.32" speed="96.95" angle="237.84" x="24.74" y="116.09"/>
        <vehicle id="cfm-slow_0" eclass="HBEFA3/PC_G_EU4" CO2="15131.38" CO="242.24" HC="1.48" NOx="6.47" PMx="0.35" fuel="6.50" electricity="0.00" noise="75.54" route="routetop" type="cfm-slow" waiting="0.00" lane="top_0" pos="31.91" speed="25.22" angle="217.10" x="5.86" y="100.62"/>
        <vehicle id="cfm-slow_1" eclass="HBEFA3/PC_G_EU4" CO2="14695.51" CO="239.86" HC="1.46" NOx="6.23" PMx="0.35" fuel="6.32" electricity="0.00" noise="75.62" route="routetop" type="cfm-slow" waiting="0.00" lane="left_0" pos="2.31" speed="26.84" angle="180.34" x="-4.76" y="58.61"/>
        <vehicle id="cfm-slow_2" eclass="HBEFA3/PC_G_EU4" CO2="11109.41" CO="173.27" HC="1.07" NOx="4.51" PMx="0.26" fuel="4.78" electricity="0.00" noise="74.60" route="routetop" type="cfm-slow" waiting="0.00" lane="left_0" pos="24.34" speed="28.20" angle="140.71" x="14.15" y="16.17"/>
        <vehicle id="cfm-slow_3" eclass="HBEFA3/PC_G_EU4" CO2="0.00" CO="0.00" HC="0.00" NOx="0.00" PMx="0.00" fuel="0.00" electricity="0.00" noise="73.31" route="routetop" type="cfm-slow" waiting="0.00" lane="left_0" pos="47.70" speed="28.91" angle="98.74" x="58.62" y="-4.76"/>
        <vehicle id="cfm-slow_4" eclass="HBEFA3/PC_G_EU4" CO2="0.00" CO="0.00" HC="0.00" NOx="0.00" PMx="0.00" fuel="0.00" electricity="0.00" noise="72.33" route="routebottom" type="cfm-slow" waiting="0.00" lane="bottom_0" pos="21.70" speed="28.77" angle="55.42" x="106.92" y="10.40"/>
        <vehicle id="cfm-slow_5" eclass="HBEFA3/PC_G_EU4" CO2="0.00" CO="0.00" HC="0.00" NOx="0.00" PMx="0.00" fuel="0.00" electricity="0.00" noise="71.52" route="routebottom" type="cfm-slow" waiting="0.00" lane="bottom_0" pos="45.49" speed="27.84" angle="12.68" x="131.57" y="53.89"/>
    </timestep>
    <timestep time="7.12">
        <vehicle id="cfm-fast_0" eclass="HBEFA3/PC_G_EU4" CO2="0.00" CO="0.00" HC="0.00" NOx="0.00" PMx="0.00" fuel="0.00" electricity="0.00" noise="70.76" route="routebottom" type="cfm-fast" waiting="0.00" lane="right_0" pos="18.53" speed="26.42" angle="331.11" x="120.95" y="101.40"/>
        <vehicle id="cfm-fast_1" eclass="HBEFA3/PC_G_EU4" CO2="303081.21" CO="7957.78" HC="43.96" NOx="141.36" PMx="8.65" fuel="130.28" electricity="0.00" noise="145.91" route="routebottom" type="cfm-fast" waiting="0.00" lane="bottom_1" pos="41.71" speed="86.68" angle="19.43" x="126.75" y="46.82"/>
        <vehicle id="cfm-fast_2" eclass="HBEFA3/PC_G_EU4" CO2="0.00" CO="0.00" HC="0.00" NOx="0.00" PMx="0.00" fuel="0.00" electricity="0.00" noise="70.32" route="routebottom" type="cfm-fast" waiting="0.00" lane="right_0" pos="35.90" speed="24.94" angle="299.99" x="93.11" y="125.64"/>
        <vehicle id="cfm-fast_3" eclass="HBEFA3/PC_G_EU4" CO2="4523.39" CO="20.50" HC="0.20" NOx="1.49" PMx="0.07" fuel="1.94" electricity="0.00" noise="71.01" route="routetop" type="cfm-fast" waiting="0.00" lane="top_0" pos="1.76" speed="24.08" angle="271.31" x="59.78" y="132.15"/>
        <vehicle id="cfm-fast_4" eclass="HBEFA3/PC_G_EU4" CO2="10828.97" CO="150.63" HC="0.95" NOx="4.46" PMx="0.24" fuel="4.65" electricity="0.00" noise="73.29" route="routetop" type="cfm-fast" waiting="0.00" lane="top_0" pos="16.81" speed="24.20" angle="244.24" x="29.07" y="122.91"/>
        <vehicle id="cfm-fast_5" eclass="HBEFA3/PC_G_EU4" CO2="409140.39" CO="10756.75" HC="59.39" NOx="191.31" PMx="11.67" fuel="175.87" electricity="0.00" noise="161.73" route="routetop" type="cfm-fast" waiting="0.00" lane="top_1" pos="21.30" speed="97.09" angle="236.14" x="23.16" y="114.88"/>
        <vehicle id="cfm-slow_0" eclass="HBEFA3/PC_G_EU4" CO2="15128.01" CO="242.22" HC="1.48" NOx="6.47" PMx="0.35" fuel="6.50" electricity="0.00" noise="75.54" route="routetop" type="cfm-slow" waiting="0.00" lane="top_0" pos="32.16" speed="25.24" angle="216.70" x="5.56" y="100.17"/>
        <vehicle id="cfm-slow_1" eclass="HBEFA3/PC_G_EU4" CO2="14662.35" CO="239.25" HC="1.46" NOx="6.21" PMx="0.35" fuel="6.30" electricity="0.00" noise="75.61" route="routetop" type="cfm-slow" waiting="0.00" lane="left_0" pos="2.57" speed="26.85" angle="179.88" x="-4.72" y="58.04"/>
        <vehicle id="cfm-slow_2" eclass="HBEFA3/PC_G_EU4" CO2="11051.55" CO="172.12" HC="1.06" NOx="4.48" PMx="0.26" fuel="4.75" electricity="0.00" noise="74.59" route="routetop" type="cfm-slow" waiting="0.00" lane="left_0" pos="24.62" speed="28.21" angle="140.21" x="14.57" y="15.74"/>
        <vehicle id="cfm-slow_3" eclass="HBEFA3/PC_G_EU4" CO2="0.00" CO="0.00" HC="0.00" NOx="0.00" PMx="0.00" fuel="0.00" electricity="0.00" noise="73.30" route="routetop" type="cfm-slow" waiting="0.00" lane="left_0" pos="47.99" speed="28.91" angle="98.19" x="59.24" y="-4.79"/>
        <vehicle id="cfm-slow_4" eclass="HBEFA3/PC_G_EU4" CO2="0.00" CO="0.00" HC="0.00" NOx="0.00" PMx="0.00" fuel="0.00" electricity="0.00" noise="72.32" route="routebottom" type="cfm-slow" waiting="0.00" lane="bottom_0" pos="21.99" speed="28.76" angle="54.91" x="107.39" y="10.80"/>
        <vehicle id="cfm-slow_5" eclass="HBEFA3/PC_G_EU4" CO2="0.00" CO="0.00" HC="0.00" NOx="0.00" PMx="0.00" fuel="0.00" electricity="0.00" noise="71.52" route="routebottom" type="cfm-slow" waiting="0.00" lane="bottom_0" pos="45.77" speed="27.82" angle="12.17" x="131.65" y="54.49"/>
    </timestep>
    <timestep time="7.13">
        <vehicle id="cfm-fast_0" eclass="HBEFA3/PC_G_EU4" CO2="0.00" CO="0.00" HC="0.00" NOx="0.00" PMx="0.00" fuel="0.00" electricity="0.00" noise="70.75" route="routebottom" type="cfm-fast" waiting="0.00" lane="right_0" pos="18.80" speed="26.40" angle="330.59" x="120.63" y="101.87"/>
        <vehicle id="cfm-fast_1" eclass="HBEFA3/PC_G_EU4" CO2="303890.76" CO="7980.58" HC="44.08" NOx="141.74" PMx="8.67" fuel="130.63" electricity="0.00" noise="146.03" route="routebottom" type="cfm-fast" waiting="0.00" lane="bottom_1" pos="42.58" speed="86.79" angle="17.90" x="127.19" y="48.55"/>
        <vehicle id="cfm-fast_2" eclass="HBEFA3/PC_G_EU4" CO2="0.00" CO="0.00" HC="0.00" NOx="0.00" PMx="0.00" fuel="0.00" electricity="0.00" noise="70.33" route="routebottom" type="cfm-fast" waiting="0.00" lane="right_0" pos="36.15" speed="24.93" angle="299.52" x="92.63" y="125.86"/>
        <vehicle id="cfm-fast_3" eclass="HBEFA3/PC_G_EU4" CO2="4583.10" CO="21.73" HC="0.21" NOx="1.52" PMx="0.08" fuel="1.97" electricity="0.00" noise="71.02" route="routetop" type="cfm-fast" waiting="0.00" lane="top_0" pos="2.00" speed="24.08" angle="270.88" x="59.26" y="132.12"/>
        <vehicle id="cfm-fast_4" eclass="HBEFA3/PC_G_EU4" CO2="10865.31" CO="151.40" HC="0.96" NOx="4.48" PMx="0.24" fuel="4.67" electricity="0.00" noise="73.31" route="routetop" type="cfm-fast" waiting="0.00" lane="top_0" pos="17.05" speed="24.21" angle="243.80" x="28.62" y="122.64"/>
        <vehicle id="cfm-fast_5" eclass="HBEFA3/PC_G_EU4" CO2="409815.41" CO="10779.31" HC="59.51" NOx="191.63" PMx="11.69" fuel="176.16" electricity="0.00" noise="161.79" route="routetop" type="cfm-fast" waiting="0.00" lane="top_1" pos="22.27" speed="97.23" angle="234.40" x="21.61" y="113.62"/>
        <vehicle id="cfm-slow_0" eclass="HBEFA3/PC_G_EU4" CO2="15124.37" CO="242.20" HC="1.48" NOx="6.47" PMx="0.35" fuel="6.50" electricity="0.00" noise="75.54" route="routetop" type="cfm-slow" waiting="0.00" lane="top_0" pos="32.41" speed="25.25" angle="216.22" x="5.29" y="99.70"/>
        <vehicle id="cfm-slow_1" eclass="HBEFA3/PC_G_EU4" CO2="14628.94" CO="238.63" HC="1.45" NOx="6.20" PMx="0.35" fuel="6.29" electricity="0.00" noise="75.60" route="routetop" type="cfm-slow" waiting="0.00" lane="left_0" pos="2.84" speed="26.87" angle="179.40" x="-4.66" y="57.46"/>
        <vehicle id="cfm-slow_2" eclass="HBEFA3/PC_G_EU4" CO2="10993.63" CO="170.98" HC="1.06" NOx="4.45" PMx="0.26" fuel="4.73" electricity="0.00" noise="74.57" route="routetop" type="cfm-slow" waiting="0.00" lane="left_0" pos="24.90" speed="28.21" angle="139.69" x="15.00" y="15.31"/>
        <vehicle id="cfm-slow_3" eclass="HBEFA3/PC_G_EU4" CO2="0.00" CO="0.00" HC="0.00" NOx="0.00" PMx="0.00" fuel="0.00" electricity="0.00" noise="73.29" route="routetop" type="cfm-slow" waiting="0.00" lane="left_0" pos="48.27" speed="28.91" angle="97.63" x="59.86" y="-4.83"/>
        <vehicle id="cfm-slow_4" eclass="HBEFA3/PC_G_EU4" CO2="0.00" CO="0.00" HC="0.00" NOx="0.00" PMx="0.00" fuel="0.00" electricity="0.00" noise="72.31" route="routebottom" type="cfm-slow" waiting="0.00" lane="bottom_0" pos="22.28" speed="28.75" angle="54.37" x="107.86" y="11.20"/>
        <vehicle id="cfm-slow_5" eclass="HBEFA3/PC_G_EU4" CO2="0.00" CO="0.00" HC="0.00" NOx="0.00" PMx="0.00" fuel="0.00" electricity="0.00" noise="71.51" route="routebottom" type="cfm-slow" waiting="0.00" lane="bottom_0" pos="46.04" speed="27.81" angle="11.67" x="131.74" y="55.08"/>
    </timestep>
    <timestep time="7.14">
        <vehicle id="cfm-fast_0" eclass="HBEFA3/PC_G_EU4" CO2="0.00" CO="0.00" HC="0.00" NOx="0.00" PMx="0.00" fuel="0.00" electricity="0.00" noise="70.75" route="routebottom" type="cfm-fast" waiting="0.00" lane="right_0" pos="19.06" speed="26.39" angle="330.08" x="120.32" y="102.35"/>
        <vehicle id="cfm-fast_1" eclass="HBEFA3/PC_G_EU4" CO2="304700.76" CO="8003.42" HC="44.20" NOx="142.12" PMx="8.69" fuel="130.98" electricity="0.00" noise="146.15" route="routebottom" type="cfm-fast" waiting="0.00" lane="bottom_1" pos="43.44" speed="86.90" angle="16.38" x="127.59" y="50.28"/>
        <vehicle id="cfm-fast_2" eclass="HBEFA3/PC_G_EU4" CO2="0.00" CO="0.00" HC="0.00" NOx="0.00" PMx="0.00" fuel="0.00" electricity="0.00" noise="70.33" route="routebottom" type="cfm-fast" waiting="0.00" lane="right_0" pos="36.40" speed="24.92" angle="299.03" x="92.14" y="126.08"/>
        <vehicle id="cfm-fast_3" eclass="HBEFA3/PC_G_EU4" CO2="4642.60" CO="22.96" HC="0.22" NOx="1.55" PMx="0.08" fuel="2.00" electricity="0.00" noise="71.04" route="routetop" type="cfm-fast" waiting="0.00" lane="top_0" pos="2.24" speed="24.08" angle="270.45" x="58.74" y="132.09"/>
        <vehicle id="cfm-fast_4" eclass="HBEFA3/PC_G_EU4" CO2="10901.34" CO="152.17" HC="0.96" NOx="4.50" PMx="0.24" fuel="4.69" electricity="0.00" noise="73.33" route="routetop" type="cfm-fast" waiting="0.00" lane="top_0" pos="17.29" speed="24.22" angle="243.36" x="28.17" y="122.37"/>
        <vehicle id="cfm-fast_5" eclass="HBEFA3/PC_G_EU4" CO2="410490.73" CO="10801.89" HC="59.63" NOx="191.95" PMx="11.71" fuel="176.45" electricity="0.00" noise="161.86" route="routetop" type="cfm-fast" waiting="0.00" lane="top_1" pos="23.24" speed="97.36" angle="232.65" x="20.10" y="112.32"/>
        <vehicle id="cfm-slow_0" eclass="HBEFA3/PC_G_EU4" CO2="15120.48" CO="242.18" HC="1.48" NOx="6.47" PMx="0.35" fuel="6.50" electricity="0.00" noise="75.54" route="routetop" type="cfm-slow" waiting="0.00" lane="top_0" pos="32.66" speed="25.27" angle="215.74" x="5.01" y="99.23"/>
        <vehicle id="cfm-slow_1" eclass="HBEFA3/PC_G_EU4" CO2="14595.30" CO="238.00" HC="1.45" NOx="6.18" PMx="0.34" fuel="6.27" electricity="0.00" noise="75.59" route="routetop" type="cfm-slow" waiting="0.00" lane="left_0" pos="3.11" speed="26.88" angle="178.91" x="-4.60" y="56.89"/>
        <vehicle id="cfm-slow_2" eclass="HBEFA3/PC_G_EU4" CO2="10935.66" CO="169.83" HC="1.05" NOx="4.43" PMx="0.25" fuel="4.70" electricity="0.00" noise="74.56" route="routetop" type="cfm-slow" waiting="0.00" lane="left_0" pos="25.18" speed="28.22" angle="139.17" x="15.43" y="14.88"/>
        <vehicle id="cfm-slow_3" eclass="HBEFA3/PC_G_EU4" CO2="0.00" CO="0.00" HC="0.00" NOx="0.00" PMx="0.00" fuel="0.00" electricity="0.00" noise="73.28" route="routetop" type="cfm-slow" waiting="0.00" lane="left_0" pos="48.56" speed="28.91" angle="97.08" x="60.48" y="-4.87"/>
        <vehicle id="cfm-slow_4" eclass="HBEFA3/PC_G_EU4" CO2="0.00" CO="0.00" HC="0.00" NOx="0.00" PMx="0.00" fuel="0.00" electricity="0.00" noise="72.31" route="routebottom" type="cfm-slow" waiting="0.00" lane="bottom_0" pos="22.57" speed="28.74" angle="53.82" x="108.33" y="11.60"/>
        <vehicle id="cfm-slow_5" eclass="HBEFA3/PC_G_EU4" CO2="0.00" CO="0.00" HC="0.00" NOx="0.00" PMx="0.00" fuel="0.00" electricity="0.00" noise="71.50" route="routebottom" type="cfm-slow" waiting="0.00" lane="bottom_0" pos="46.32" speed="27.80" angle="11.22" x="131.81" y="55.67"/>
    </timestep>
    <timestep time="7.15">
        <vehicle id="cfm-fast_0" eclass="HBEFA3/PC_G_EU4" CO2="0.00" CO="0.00" HC="0.00" NOx="0.00" PMx="0.00" fuel="0.00" electricity="0.00" noise="70.74" route="routebottom" type="cfm-fast" waiting="0.00" lane="right_0" pos="19.32" speed="26.37" angle="329.65" x="120.00" y="102.81"/>
        <vehicle id="cfm-fast_1" eclass="HBEFA3/PC_G_EU4" CO2="305511.20" CO="8026.28" HC="44.33" NOx="142.50" PMx="8.72" fuel="131.32" electricity="0.00" noise="146.27" route="routebottom" type="cfm-fast" waiting="0.00" lane="bottom_1" pos="44.31" speed="87.02" angle="14.76" x="127.92" y="52.04"/>
        <vehicle id="cfm-fast_2" eclass="HBEFA3/PC_G_EU4" CO2="0.00" CO="0.00" HC="0.00" NOx="0.00" PMx="0.00" fuel="0.00" electricity="0.00" noise="70.33" route="routebottom" type="cfm-fast" waiting="0.00" lane="right_0" pos="36.65" speed="24.91" angle="298.55" x="91.65" y="126.30"/>
        <vehicle id="cfm-fast_3" eclass="HBEFA3/PC_G_EU4" CO2="4701.89" CO="24.18" HC="0.23" NOx="1.58" PMx="0.08" fuel="2.02" electricity="0.00" noise="71.06" route="routetop" type="cfm-fast" waiting="0.00" lane="top_0" pos="2.49" speed="24.08" angle="270.02" x="58.23" y="132.06"/>
        <vehicle id="cfm-fast_4" eclass="HBEFA3/PC_G_EU4" CO2="10937.06" CO="152.94" HC="0.97" NOx="4.51" PMx="0.24" fuel="4.70" electricity="0.00" noise="73.35" route="routetop" type="cfm-fast" waiting="0.00" lane="top_0" pos="17.54" speed="24.23" angle="242.93" x="27.73" y="122.11"/>
        <vehicle id="cfm-fast_5" eclass="HBEFA3/PC_G_EU4" CO2="411166.34" CO="10824.49" HC="59.75" NOx="192.26" PMx="11.73" fuel="176.74" electricity="0.00" noise="161.92" route="routetop" type="cfm-fast" waiting="0.00" lane="top_1" pos="24.22" speed="97.50" angle="230.87" x="18.63" y="110.96"/>
        <vehicle id="cfm-slow_0" eclass="HBEFA3/PC_G_EU4" CO2="15116.32" CO="242.15" HC="1.48" NOx="6.46" PMx="0.35" fuel="6.50" electricity="0.00" noise="75.54" route="routetop" type="cfm-slow" waiting="0.00" lane="top_0" pos="32.92" speed="25.28" angle="215.26" x="4.72" y="98.77"/>
        <vehicle id="cfm-slow_1" eclass="HBEFA3/PC_G_EU4" CO2="14561.43" CO="237.37" HC="1.44" NOx="6.17" PMx="0.34" fuel="6.26" electricity="0.00" noise="75.58" route="routetop" type="cfm-slow" waiting="0.00" lane="left_0" pos="3.38" speed="26.90" angle="178.43" x="-4.54" y="56.31"/>
        <vehicle id="cfm-slow_2" eclass="HBEFA3/PC_G_EU4" CO2="10877.64" CO="168.68" HC="1.04" NOx="4.40" PMx="0.25" fuel="4.68" electricity="0.00" noise="74.54" route="routetop" type="cfm-slow" waiting="0.00" lane="left_0" pos="25.46" speed="28.23" angle="138.65" x="15.86" y="14.45"/>
        <vehicle id="cfm-slow_3" eclass="HBEFA3/PC_G_EU4" CO2="0.00" CO="0.00" HC="0.00" NOx="0.00" PMx="0.00" fuel="0.00" electricity="0.00" noise="73.26" route="routetop" type="cfm-slow" waiting="0.00" lane="left_0" pos="48.85" speed="28.91" angle="96.60" x="61.10" y="-4.89"/>
        <vehicle id="cfm-slow_4" eclass="HBEFA3/PC_G_EU4" CO2="0.00" CO="0.00" HC="0.00" NOx="0.00" PMx="0.00" fuel="0.00" electricity="0.00" noise="72.30" route="routebottom" type="cfm-slow" waiting="0.00" lane="bottom_0" pos="22.85" speed="28.73" angle="53.28" x="108.80" y="12.00"/>
        <vehicle id="cfm-slow_5" eclass="HBEFA3/PC_G_EU4" CO2="0.00" CO="0.00" HC="0.00" NOx="0.00" PMx="0.00" fuel="0.00" electricity="0.00" noise="71.49" route="routebottom" type="cfm-slow" waiting="0.00" lane="bottom_0" pos="46.60" speed="27.78" angle="10.71" x="131.87" y="56.27"/>
    </timestep>
    <timestep time="7.16">
        <vehicle id="cfm-fast_0" eclass="HBEFA3/PC_G_EU4" CO2="0.00" CO="0.00" HC="0.00" NOx="0.00" PMx="0.00" fuel="0.00" electricity="0.00" noise="70.74" route="routebottom" type="cfm-fast" waiting="0.00" lane="right_0" pos="19.59" speed="26.36" angle="329.18" x="119.66" y="103.27"/>
        <vehicle id="cfm-fast_1" eclass="HBEFA3/PC_G_EU4" CO2="306322.07" CO="8049.17" HC="44.45" NOx="142.88" PMx="8.74" fuel="131.67" electricity="0.00" noise="146.39" route="routebottom" type="cfm-fast" waiting="0.00" lane="bottom_1" pos="45.19" speed="87.13" angle="13.17" x="128.22" y="53.80"/>
        <vehicle id="cfm-fast_2" eclass="HBEFA3/PC_G_EU4" CO2="0.00" CO="0.00" HC="0.00" NOx="0.00" PMx="0.00" fuel="0.00" electricity="0.00" noise="70.34" route="routebottom" type="cfm-fast" waiting="0.00" lane="right_0" pos="36.90" speed="24.90" angle="298.06" x="91.16" y="126.51"/>
        <vehicle id="cfm-fast_3" eclass="HBEFA3/PC_G_EU4" CO2="4760.97" CO="25.40" HC="0.23" NOx="1.60" PMx="0.08" fuel="2.05" electricity="0.00" noise="71.07" route="routetop" type="cfm-fast" waiting="0.00" lane="top_0" pos="2.73" speed="24.08" angle="269.60" x="57.71" y="132.02"/>
        <vehicle id="cfm-fast_4" eclass="HBEFA3/PC_G_EU4" CO2="10972.46" CO="153.69" HC="0.97" NOx="4.53" PMx="0.24" fuel="4.72" electricity="0.00" noise="73.37" route="routetop" type="cfm-fast" waiting="0.00" lane="top_0" pos="17.78" speed="24.24" angle="242.49" x="27.28" y="121.84"/>
        <vehicle id="cfm-fast_5" eclass="HBEFA3/PC_G_EU4" CO2="411842.24" CO="10847.12" HC="59.87" NOx="192.58" PMx="11.75" fuel="177.03" electricity="0.00" noise="161.99" route="routetop" type="cfm-fast" waiting="0.00" lane="top_1" pos="25.19" speed="97.64" angle="229.17" x="17.21" y="109.55"/>
        <vehicle id="cfm-slow_0" eclass="HBEFA3/PC_G_EU4" CO2="15111.89" CO="242.11" HC="1.48" NOx="6.46" PMx="0.35" fuel="6.50" electricity="0.00" noise="75.54" route="routetop" type="cfm-slow" waiting="0.00" lane="top_0" pos="33.17" speed="25.30" angle="214.78" x="4.44" y="98.30"/>
        <vehicle id="cfm-slow_1" eclass="HBEFA3/PC_G_EU4" CO2="14527.33" CO="236.74" HC="1.44" NOx="6.15" PMx="0.34" fuel="6.24" electricity="0.00" noise="75.56" route="routetop" type="cfm-slow" waiting="0.00" lane="left_0" pos="3.65" speed="26.91" angle="177.95" x="-4.48" y="55.73"/>
        <vehicle id="cfm-slow_2" eclass="HBEFA3/PC_G_EU4" CO2="10819.57" CO="167.53" HC="1.04" NOx="4.37" PMx="0.25" fuel="4.65" electricity="0.00" noise="74.52" route="routetop" type="cfm-slow" waiting="0.00" lane="left_0" pos="25.75" speed="28.24" angle="138.20" x="16.30" y="14.03"/>
        <vehicle id="cfm-slow_3" eclass="HBEFA3/PC_G_EU4" CO2="0.00" CO="0.00" HC="0.00" NOx="0.00" PMx="0.00" fuel="0.00" electricity="0.00" noise="73.25" route="routetop" type="cfm-slow" waiting="0.00" lane="left_0" pos="49.14" speed="28.91" angle="96.07" x="61.72" y="-4.91"/>
        <vehicle id="cfm-slow_4" eclass="HBEFA3/PC_G_EU4" CO2="0.00" CO="0.00" HC="0.00" NOx="0.00" PMx="0.00" fuel="0.00" electricity="0.00" noise="72.29" route="routebottom" type="cfm-slow" waiting="0.00" lane="bottom_0" pos="23.14" speed="28.72" angle="52.81" x="109.27" y="12.41"/>
        <vehicle id="cfm-slow_5" eclass="HBEFA3/PC_G_EU4" CO2="0.00" CO="0.00" HC="0.00" NOx="0.00" PMx="0.00" fuel="0.00" electricity="0.00" noise="71.49" route="routebottom" type="cfm-slow" waiting="0.00" lane="bottom_0" pos="46.88" speed="27.77" angle="10.21" x="131.93" y="56.86"/>
    </timestep>
    <timestep time="7.17">
        <vehicle id="cfm-fast_0" eclass="HBEFA3/PC_G_EU4" CO2="0.00" CO="0.00" HC="0.00" NOx="0.00" PMx="0.00" fuel="0.00" electricity="0.00" noise="70.73" route="routebottom" type="cfm-fast" waiting="0.00" lane="right_0" pos="19.85" speed="26.35" angle="328.70" x="119.33" y="103.73"/>
        <vehicle id="cfm-fast_1" eclass="HBEFA3/PC_G_EU4" CO2="307133.36" CO="8072.08" HC="44.58" NOx="143.26" PMx="8.77" fuel="132.02" electricity="0.00" noise="146.51" route="routebottom" type="cfm-fast" waiting="0.00" lane="bottom_1" pos="46.06" speed="87.24" angle="11.58" x="128.47" y="55.57"/>
        <vehicle id="cfm-fast_2" eclass="HBEFA3/PC_G_EU4" CO2="0.00" CO="0.00" HC="0.00" NOx="0.00" PMx="0.00" fuel="0.00" electricity="0.00" noise="70.34" route="routebottom" type="cfm-fast" waiting="0.00" lane="right_0" pos="37.14" speed="24.89" angle="297.63" x="90.67" y="126.73"/>
        <vehicle id="cfm-fast_3" eclass="HBEFA3/PC_G_EU4" CO2="4819.84" CO="26.62" HC="0.24" NOx="1.63" PMx="0.08" fuel="2.07" electricity="0.00" noise="71.09" route="routetop" type="cfm-fast" waiting="0.00" lane="top_0" pos="2.97" speed="24.08" angle="269.17" x="57.20" y="131.96"/>
        <vehicle id="cfm-fast_4" eclass="HBEFA3/PC_G_EU4" CO2="11007.56" CO="154.45" HC="0.98" NOx="4.55" PMx="0.24" fuel="4.73" electricity="0.00" noise="73.38" route="routetop" type="cfm-fast" waiting="0.00" lane="top_0" pos="18.02" speed="24.25" angle="242.11" x="26.83" y="121.56"/>
        <vehicle id="cfm-fast_5" eclass="HBEFA3/PC_G_EU4" CO2="412518.44" CO="10869.76" HC="60.00" NOx="192.90" PMx="11.78" fuel="177.32" electricity="0.00" noise="162.06" route="routetop" type="cfm-fast" waiting="0.00" lane="top_1" pos="26.17" speed="97.77" angle="227.44" x="15.82" y="108.11"/>
        <vehicle id="cfm-slow_0" eclass="HBEFA3/PC_G_EU4" CO2="15107.21" CO="242.07" HC="1.48" NOx="6.46" PMx="0.35" fuel="6.49" electricity="0.00" noise="75.54" route="routetop" type="cfm-slow" waiting="0.00" lane="top_0" pos="33.42" speed="25.32" angle="214.38" x="4.17" y="97.83"/>
        <vehicle id="cfm-slow_1" eclass="HBEFA3/PC_G_EU4" CO2="14492.99" CO="236.10" HC="1.44" NOx="6.13" PMx="0.34" fuel="6.23" electricity="0.00" noise="75.55" route="routetop" type="cfm-slow" waiting="0.00" lane="left_0" pos="3.92" speed="26.92" angle="177.49" x="-4.42" y="55.16"/>
        <vehicle id="cfm-slow_2" eclass="HBEFA3/PC_G_EU4" CO2="10761.45" CO="166.38" HC="1.03" NOx="4.34" PMx="0.25" fuel="4.63" electricity="0.00" noise="74.51" route="routetop" type="cfm-slow" waiting="0.00" lane="left_0" pos="26.03" speed="28.24" angle="137.67" x="16.74" y="13.61"/>
        <vehicle id="cfm-slow_3" eclass="HBEFA3/PC_G_EU4" CO2="0.00" CO="0.00" HC="0.00" NOx="0.00" PMx="0.00" fuel="0.00" electricity="0.00" noise="73.24" route="routetop" type="cfm-slow" waiting="0.00" lane="left_0" pos="49.43" speed="28.91" angle="95.54" x="62.35" y="-4.92"/>
        <vehicle id="cfm-slow_4" eclass="HBEFA3/PC_G_EU4" CO2="0.00" CO="0.00" HC="0.00" NOx="0.00" PMx="0.00" fuel="0.00" electricity="0.00" noise="72.28" route="routebottom" type="cfm-slow" waiting="0.00" lane="bottom_0" pos="23.43" speed="28.72" angle="52.29" x="109.72" y="12.83"/>
        <vehicle id="cfm-slow_5" eclass="HBEFA3/PC_G_EU4" CO2="0.00" CO="0.00" HC="0.00" NOx="0.00" PMx="0.00" fuel="0.00" electricity="0.00" noise="71.48" route="routebottom" type="cfm-slow" waiting="0.00" lane="bottom_0" pos="47.15" speed="27.76" angle="9.70" x="131.99" y="57.46"/>
    </timestep>
    <timestep time="7.18">
        <vehicle id="cfm-fast_0" eclass="HBEFA3/PC_G_EU4" CO2="0.00" CO="0.00" HC="0.00" NOx="0.00" PMx="0.00" fuel="0.00" electricity="0.00" noise="70.73" route="routebottom" type="cfm-fast" waiting="0.00" lane="right_0" pos="20.11" speed="26.33" angle="328.22" x="119.00" y="104.19"/>
        <vehicle id="cfm-fast_1" eclass="HBEFA3/PC_G_EU4" CO2="307945.05" CO="8095.03" HC="44.70" NOx="143.64" PMx="8.79" fuel="132.37" electricity="0.00" noise="146.63" route="routebottom" type="cfm-fast" waiting="0.00" lane="bottom_1" pos="46.93" speed="87.35" angle="10.08" x="128.66" y="57.35"/>
        <vehicle id="cfm-fast_2" eclass="HBEFA3/PC_G_EU4" CO2="0.00" CO="0.00" HC="0.00" NOx="0.00" PMx="0.00" fuel="0.00" electricity="0.00" noise="70.34" route="routebottom" type="cfm-fast" waiting="0.00" lane="right_0" pos="37.39" speed="24.89" angle="297.21" x="90.17" y="126.94"/>
        <vehicle id="cfm-fast_3" eclass="HBEFA3/PC_G_EU4" CO2="4878.49" CO="27.83" HC="0.25" NOx="1.66" PMx="0.08" fuel="2.10" electricity="0.00" noise="71.11" route="routetop" type="cfm-fast" waiting="0.00" lane="top_0" pos="3.21" speed="24.08" angle="268.74" x="56.68" y="131.91"/>
        <vehicle id="cfm-fast_4" eclass="HBEFA3/PC_G_EU4" CO2="11042.34" CO="155.19" HC="0.98" NOx="4.56" PMx="0.24" fuel="4.75" electricity="0.00" noise="73.40" route="routetop" type="cfm-fast" waiting="0.00" lane="top_0" pos="18.26" speed="24.27" angle="241.63" x="26.40" y="121.27"/>
        <vehicle id="cfm-fast_5" eclass="HBEFA3/PC_G_EU4" CO2="413194.92" CO="10892.43" HC="60.12" NOx="193.22" PMx="11.80" fuel="177.61" electricity="0.00" noise="162.12" route="routetop" type="cfm-fast" waiting="0.00" lane="top_1" pos="27.15" speed="97.91" angle="225.66" x="14.47" y="106.62"/>
        <vehicle id="cfm-slow_0" eclass="HBEFA3/PC_G_EU4" CO2="15102.26" CO="242.03" HC="1.48" NOx="6.46" PMx="0.35" fuel="6.49" electricity="0.00" noise="75.54" route="routetop" type="cfm-slow" waiting="0.00" lane="top_0" pos="33.68" speed="25.33" angle="213.92" x="3.90" y="97.35"/>
        <vehicle id="cfm-slow_1" eclass="HBEFA3/PC_G_EU4" CO2="14458.42" CO="235.45" HC="1.43" NOx="6.12" PMx="0.34" fuel="6.21" electricity="0.00" noise="75.54" route="routetop" type="cfm-slow" waiting="0.00" lane="left_0" pos="4.19" speed="26.94" angle="177.00" x="-4.34" y="54.58"/>
        <vehicle id="cfm-slow_2" eclass="HBEFA3/PC_G_EU4" CO2="10703.28" CO="165.22" HC="1.02" NOx="4.31" PMx="0.25" fuel="4.60" electricity="0.00" noise="74.49" route="routetop" type="cfm-slow" waiting="0.00" lane="left_0" pos="26.31" speed="28.25" angle="137.15" x="17.19" y="13.20"/>
        <vehicle id="cfm-slow_3" eclass="HBEFA3/PC_G_EU4" CO2="0.00" CO="0.00" HC="0.00" NOx="0.00" PMx="0.00" fuel="0.00" electricity="0.00" noise="73.23" route="routetop" type="cfm-slow" waiting="0.00" lane="left_0" pos="49.72" speed="28.91" angle="95.02" x="62.97" y="-4.94"/>
        <vehicle id="cfm-slow_4" eclass="HBEFA3/PC_G_EU4" CO2="0.00" CO="0.00" HC="0.00" NOx="0.00" PMx="0.00" fuel="0.00" electricity="0.00" noise="72.27" route="routebottom" type="cfm-slow" waiting="0.00" lane="bottom_0" pos="23.72" speed="28.71" angle="51.78" x="110.18" y="13.25"/>
        <vehicle id="cfm-slow_5" eclass="HBEFA3/PC_G_EU4" CO2="0.00" CO="0.00" HC="0.00" NOx="0.00" PMx="0.00" fuel="0.00" electricity="0.00" noise="71.47" route="routebottom" type="cfm-slow" waiting="0.00" lane="bottom_0" pos="47.43" speed="27.74" angle="9.23" x="132.05" y="58.05"/>
    </timestep>
    <timestep time="7.19">
        <vehicle id="cfm-fast_0" eclass="HBEFA3/PC_G_EU4" CO2="0.00" CO="0.00" HC="0.00" NOx="0.00" PMx="0.00" fuel="0.00" electricity="0.00" noise="70.72" route="routebottom" type="cfm-fast" waiting="0.00" lane="right_0" pos="20.38" speed="26.32" angle="327.75" x="118.67" y="104.65"/>
        <vehicle id="cfm-fast_1" eclass="HBEFA3/PC_G_EU4" CO2="308757.14" CO="8118.00" HC="44.83" NOx="144.03" PMx="8.81" fuel="132.72" electricity="0.00" noise="146.75" route="routebottom" type="cfm-fast" waiting="0.00" lane="bottom_1" pos="47.81" speed="87.47" angle="8.52" x="128.81" y="59.14"/>
        <vehicle id="cfm-fast_2" eclass="HBEFA3/PC_G_EU4" CO2="0.00" CO="0.00" HC="0.00" NOx="0.00" PMx="0.00" fuel="0.00" electricity="0.00" noise="70.34" route="routebottom" type="cfm-fast" waiting="0.00" lane="right_0" pos="37.64" speed="24.88" angle="296.76" x="89.68" y="127.14"/>
        <vehicle id="cfm-fast_3" eclass="HBEFA3/PC_G_EU4" CO2="4936.93" CO="29.03" HC="0.25" NOx="1.69" PMx="0.09" fuel="2.12" electricity="0.00" noise="71.12" route="routetop" type="cfm-fast" waiting="0.00" lane="top_0" pos="3.45" speed="24.08" angle="268.31" x="56.16" y="131.86"/>
        <vehicle id="cfm-fast_4" eclass="HBEFA3/PC_G_EU4" CO2="11076.81" CO="155.93" HC="0.98" NOx="4.58" PMx="0.25" fuel="4.76" electricity="0.00" noise="73.42" route="routetop" type="cfm-fast" waiting="0.00" lane="top_0" pos="18.51" speed="24.28" angle="241.16" x="25.97" y="120.98"/>
        <vehicle id="cfm-fast_5" eclass="HBEFA3/PC_G_EU4" CO2="413871.70" CO="10915.12" HC="60.24" NOx="193.54" PMx="11.82" fuel="177.90" electricity="0.00" noise="162.19" route="routetop" type="cfm-fast" waiting="0.00" lane="top_1" pos="28.13" speed="98.05" angle="223.83" x="13.17" y="105.08"/>
        <vehicle id="cfm-slow_0" eclass="HBEFA3/PC_G_EU4" CO2="15097.04" CO="241.98" HC="1.48" NOx="6.45" PMx="0.35" fuel="6.49" electricity="0.00" noise="75.54" route="routetop" type="cfm-slow" waiting="0.00" lane="top_0" pos="33.93" speed="25.35" angle="213.46" x="3.64" y="96.88"/>
        <vehicle id="cfm-slow_1" eclass="HBEFA3/PC_G_EU4" CO2="14423.63" CO="234.80" HC="1.43" NOx="6.10" PMx="0.34" fuel="6.20" electricity="0.00" noise="75.53" route="routetop" type="cfm-slow" waiting="0.00" lane="left_0" pos="4.46" speed="26.95" angle="176.51" x="-4.26" y="54.01"/>
        <vehicle id="cfm-slow_2" eclass="HBEFA3/PC_G_EU4" CO2="10645.07" CO="164.07" HC="1.02" NOx="4.29" PMx="0.25" fuel="4.58" electricity="0.00" noise="74.47" route="routetop" type="cfm-slow" waiting="0.00" lane="left_0" pos="26.59" speed="28.26" angle="136.62" x="17.64" y="12.79"/>
        <vehicle id="cfm-slow_3" eclass="HBEFA3/PC_G_EU4" CO2="0.00" CO="0.00" HC="0.00" NOx="0.00" PMx="0.00" fuel="0.00" electricity="0.00" noise="73.21" route="routebottom" type="cfm-slow" waiting="0.00" lane="bottom_0" pos="0.01" speed="28.90" angle="94.46" x="63.78" y="-4.95"/>
        <vehicle id="cfm-slow_4" eclass="HBEFA3/PC_G_EU4" CO2="0.00" CO="0.00" HC="0.00" NOx="0.00" PMx="0.00" fuel="0.00" electricity="0.00" noise="72.26" route="routebottom" type="cfm-slow" waiting="0.00" lane="bottom_0" pos="24.00" speed="28.70" angle="51.26" x="110.63" y="13.67"/>
        <vehicle id="cfm-slow_5" eclass="HBEFA3/PC_G_EU4" CO2="0.00" CO="0.00" HC="0.00" NOx="0.00" PMx="0.00" fuel="0.00" electricity="0.00" noise="71.46" route="routebottom" type="cfm-slow" waiting="0.00" lane="bottom_0" pos="47.71" speed="27.73" angle="8.73" x="132.09" y="58.65"/>
    </timestep>
    <timestep time="7.20">
        <vehicle id="cfm-fast_0" eclass="HBEFA3/PC_G_EU4" CO2="0.00" CO="0.00" HC="0.00" NOx="0.00" PMx="0.00" fuel="0.00" electricity="0.00" noise="70.72" route="routebottom" type="cfm-fast" waiting="0.00" lane="right_0" pos="20.64" speed="26.31" angle="327.33" x="118.33" y="105.11"/>
        <vehicle id="cfm-fast_1" eclass="HBEFA3/PC_G_EU4" CO2="309569.60" CO="8141.00" HC="44.96" NOx="144.41" PMx="8.84" fuel="133.07" electricity="0.00" noise="146.87" route="routebottom" type="cfm-fast" waiting="0.00" lane="bottom_1" pos="48.68" speed="87.58" angle="6.87" x="128.91" y="60.93"/>
        <vehicle id="cfm-fast_2" eclass="HBEFA3/PC_G_EU4" CO2="0.00" CO="0.00" HC="0.00" NOx="0.00" PMx="0.00" fuel="0.00" electricity="0.00" noise="70.35" route="routebottom" type="cfm-fast" waiting="0.00" lane="right_0" pos="37.89" speed="24.87" angle="296.31" x="89.18" y="127.33"/>
        <vehicle id="cfm-fast_3" eclass="HBEFA3/PC_G_EU4" CO2="4995.15" CO="30.24" HC="0.26" NOx="1.71" PMx="0.09" fuel="2.15" electricity="0.00" noise="71.14" route="routetop" type="cfm-fast" waiting="0.00" lane="top_0" pos="3.69" speed="24.09" angle="267.88" x="55.65" y="131.81"/>
        <vehicle id="cfm-fast_4" eclass="HBEFA3/PC_G_EU4" CO2="11110.97" CO="156.66" HC="0.99" NOx="4.60" PMx="0.25" fuel="4.78" electricity="0.00" noise="73.44" route="routetop" type="cfm-fast" waiting="0.00" lane="top_0" pos="18.75" speed="24.29" angle="240.69" x="25.53" y="120.69"/>
        <vehicle id="cfm-fast_5" eclass="HBEFA3/PC_G_EU4" CO2="414548.77" CO="10937.83" HC="60.36" NOx="193.86" PMx="11.84" fuel="178.19" electricity="0.00" noise="162.25" route="routetop" type="cfm-fast" waiting="0.00" lane="top_1" pos="29.11" speed="98.18" angle="222.07" x="11.93" y="103.50"/>
        <vehicle id="cfm-slow_0" eclass="HBEFA3/PC_G_EU4" CO2="15091.57" CO="241.92" HC="1.48" NOx="6.45" PMx="0.35" fuel="6.49" electricity="0.00" noise="75.54" route="routetop" type="cfm-slow" waiting="0.00" lane="top_0" pos="34.18" speed="25.37" angle="213.00" x="3.38" y="96.40"/>
        <vehicle id="cfm-slow_1" eclass="HBEFA3/PC_G_EU4" CO2="14388.61" CO="234.14" HC="1.43" NOx="6.08" PMx="0.34" fuel="6.18" electricity="0.00" noise="75.52" route="routetop" type="cfm-slow" waiting="0.00" lane="left_0" pos="4.73" speed="26.96" angle="176.02" x="-4.18" y="53.44"/>
        <vehicle id="cfm-slow_2" eclass="HBEFA3/PC_G_EU4" CO2="10586.82" CO="162.91" HC="1.01" NOx="4.26" PMx="0.24" fuel="4.55" electricity="0.00" noise="74.46" route="routetop" type="cfm-slow" waiting="0.00" lane="left_0" pos="26.88" speed="28.27" angle="136.14" x="18.09" y="12.38"/>
        <vehicle id="cfm-slow_3" eclass="HBEFA3/PC_G_EU4" CO2="0.00" CO="0.00" HC="0.00" NOx="0.00" PMx="0.00" fuel="0.00" electricity="0.00" noise="73.20" route="routebottom" type="cfm-slow" waiting="0.00" lane="bottom_0" pos="0.30" speed="28.90" angle="93.93" x="64.40" y="-4.94"/>
        <vehicle id="cfm-slow_4" eclass="HBEFA3/PC_G_EU4" CO2="0.00" CO="0.00" HC="0.00" NOx="0.00" PMx="0.00" fuel="0.00" electricity="0.00" noise="72.25" route="routebottom" type="cfm-slow" waiting="0.00" lane="bottom_0" pos="24.29" speed="28.69" angle="50.77" x="111.09" y="14.08"/>
        <vehicle id="cfm-slow_5" eclass="HBEFA3/PC_G_EU4" CO2="0.00" CO="0.00" HC="0.00" NOx="0.00" PMx="0.00" fuel="0.00" electricity="0.00" noise="71.46" route="routebottom" type="cfm-slow" waiting="0.00" lane="bottom_0" pos="47.99" speed="27.72" angle="8.21" x="132.12" y="59.24"/>
    </timestep>
    <timestep time="7.21">
        <vehicle id="cfm-fast_0" eclass="HBEFA3/PC_G_EU4" CO2="0.00" CO="0.00" HC="0.00" NOx="0.00" PMx="0.00" fuel="0.00" electricity="0.00" noise="70.71" route="routebottom" type="cfm-fast" waiting="0.00" lane="right_0" pos="20.90" speed="26.29" angle="326.85" x="117.98" y="105.55"/>
        <vehicle id="cfm-fast_1" eclass="HBEFA3/PC_G_EU4" CO2="310382.43" CO="8164.02" HC="45.08" NOx="144.79" PMx="8.86" fuel="133.42" electricity="0.00" noise="146.99" route="routebottom" type="cfm-fast" waiting="0.00" lane="bottom_1" pos="49.56" speed="87.69" angle="5.28" x="128.95" y="62.73"/>
        <vehicle id="cfm-fast_2" eclass="HBEFA3/PC_G_EU4" CO2="0.00" CO="0.00" HC="0.00" NOx="0.00" PMx="0.00" fuel="0.00" electricity="0.00" noise="70.35" route="routebottom" type="cfm-fast" waiting="0.00" lane="right_0" pos="38.14" speed="24.86" angle="295.86" x="88.68" y="127.53"/>
        <vehicle id="cfm-fast_3" eclass="HBEFA3/PC_G_EU4" CO2="5053.15" CO="31.43" HC="0.27" NOx="1.74" PMx="0.09" fuel="2.17" electricity="0.00" noise="71.16" route="routetop" type="cfm-fast" waiting="0.00" lane="top_0" pos="3.93" speed="24.09" angle="267.47" x="55.13" y="131.74"/>
        <vehicle id="cfm-fast_4" eclass="HBEFA3/PC_G_EU4" CO2="11144.82" CO="157.39" HC="0.99" NOx="4.61" PMx="0.25" fuel="4.79" electricity="0.00" noise="73.46" route="routetop" type="cfm-fast" waiting="0.00" lane="top_0" pos="18.99" speed="24.30" angle="240.22" x="25.10" y="120.40"/>
        <vehicle id="cfm-fast_5" eclass="HBEFA3/PC_G_EU4" CO2="415226.13" CO="10960.56" HC="60.48" NOx="194.17" PMx="11.86" fuel="178.49" electricity="0.00" noise="162.32" route="routetop" type="cfm-fast" waiting="0.00" lane="top_1" pos="30.10" speed="98.32" angle="220.29" x="10.73" y="101.88"/>
        <vehicle id="cfm-slow_0" eclass="HBEFA3/PC_G_EU4" CO2="15085.83" CO="241.86" HC="1.48" NOx="6.45" PMx="0.35" fuel="6.48" electricity="0.00" noise="75.54" route="routetop" type="cfm-slow" waiting="0.00" lane="top_0" pos="34.44" speed="25.38" angle="212.53" x="3.11" y="95.92"/>
        <vehicle id="cfm-slow_1" eclass="HBEFA3/PC_G_EU4" CO2="14353.36" CO="233.48" HC="1.42" NOx="6.07" PMx="0.34" fuel="6.17" electricity="0.00" noise="75.50" route="routetop" type="cfm-slow" waiting="0.00" lane="left_0" pos="5.00" speed="26.98" angle="175.53" x="-4.10" y="52.86"/>
        <vehicle id="cfm-slow_2" eclass="HBEFA3/PC_G_EU4" CO2="10528.53" CO="161.75" HC="1.00" NOx="4.23" PMx="0.24" fuel="4.53" electricity="0.00" noise="74.44" route="routetop" type="cfm-slow" waiting="0.00" lane="left_0" pos="27.16" speed="28.27" angle="135.64" x="18.55" y="11.98"/>
        <vehicle id="cfm-slow_3" eclass="HBEFA3/PC_G_EU4" CO2="0.00" CO="0.00" HC="0.00" NOx="0.00" PMx="0.00" fuel="0.00" electricity="0.00" noise="73.19" route="routebottom" type="cfm-slow" waiting="0.00" lane="bottom_0" pos="0.59" speed="28.90" angle="93.41" x="65.02" y="-4.92"/>
        <vehicle id="cfm-slow_4" eclass="HBEFA3/PC_G_EU4" CO2="0.00" CO="0.00" HC="0.00" NOx="0.00" PMx="0.00" fuel="0.00" electricity="0.00" noise="72.25" route="routebottom" type="cfm-slow" waiting="0.00" lane="bottom_0" pos="24.58" speed="28.68" angle="50.27" x="111.53" y="14.52"/>
        <vehicle id="cfm-slow_5" eclass="HBEFA3/PC_G_EU4" CO2="0.00" CO="0.00" HC="0.00" NOx="0.00" PMx="0.00" fuel="0.00" electricity="0.00" noise="71.45" route="routebottom" type="cfm-slow" waiting="0.00" lane="bottom_0" pos="48.26" speed="27.70" angle="7.69" x="132.16" y="59.84"/>
    </timestep>
    <timestep time="7.22">
        <vehicle id="cfm-fast_0" eclass="HBEFA3/PC_G_EU4" CO2="0.00" CO="0.00" HC="0.00" NOx="0.00" PMx="0.00" fuel="0.00" electricity="0.00" noise="70.71" route="routebottom" type="cfm-fast" waiting="0.00" lane="right_0" pos="21.17" speed="26.28" angle="326.38" x="117.63" y="106.00"/>
        <vehicle id="cfm-fast_1" eclass="HBEFA3/PC_G_EU4" CO2="311195.62" CO="8187.07" HC="45.21" NOx="145.17" PMx="8.88" fuel="133.77" electricity="0.00" noise="147.11" route="routebottom" type="cfm-fast" waiting="0.00" lane="right_1" pos="0.44" speed="87.81" angle="3.69" x="128.95" y="64.59"/>
        <vehicle id="cfm-fast_2" eclass="HBEFA3/PC_G_EU4" CO2="0.00" CO="0.00" HC="0.00" NOx="0.00" PMx="0.00" fuel="0.00" electricity="0.00" noise="70.35" route="routebottom" type="cfm-fast" waiting="0.00" lane="right_0" pos="38.39" speed="24.85" angle="295.42" x="88.19" y="127.73"/>
        <vehicle id="cfm-fast_3" eclass="HBEFA3/PC_G_EU4" CO2="5110.94" CO="32.63" HC="0.27" NOx="1.77" PMx="0.09" fuel="2.20" electricity="0.00" noise="71.18" route="routetop" type="cfm-fast" waiting="0.00" lane="top_0" pos="4.17" speed="24.09" angle="267.03" x="54.62" y="131.67"/>
        <vehicle id="cfm-fast_4" eclass="HBEFA3/PC_G_EU4" CO2="11178.36" CO="158.11" HC="1.00" NOx="4.63" PMx="0.25" fuel="4.81" electricity="0.00" noise="73.48" route="routetop" type="cfm-fast" waiting="0.00" lane="top_0" pos="19.24" speed="24.31" angle="239.82" x="24.66" y="120.11"/>
        <vehicle id="cfm-fast_5" eclass="HBEFA3/PC_G_EU4" CO2="415903.79" CO="10983.31" HC="60.60" NOx="194.49" PMx="11.88" fuel="178.78" electricity="0.00" noise="162.39" route="routetop" type="cfm-fast" waiting="0.00" lane="top_1" pos="31.08" speed="98.45" angle="218.52" x="9.57" y="100.23"/>
        <vehicle id="cfm-slow_0" eclass="HBEFA3/PC_G_EU4" CO2="15079.82" CO="241.80" HC="1.48" NOx="6.44" PMx="0.35" fuel="6.48" electricity="0.00" noise="75.54" route="routetop" type="cfm-slow" waiting="0.00" lane="top_0" pos="34.69" speed="25.40" angle="212.13" x="2.85" y="95.44"/>
        <vehicle id="cfm-slow_1" eclass="HBEFA3/PC_G_EU4" CO2="14317.89" CO="232.82" HC="1.42" NOx="6.05" PMx="0.34" fuel="6.15" electricity="0.00" noise="75.49" route="routetop" type="cfm-slow" waiting="0.00" lane="left_0" pos="5.27" speed="26.99" angle="175.01" x="-4.00" y="52.29"/>
        <vehicle id="cfm-slow_2" eclass="HBEFA3/PC_G_EU4" CO2="10470.21" CO="160.60" HC="1.00" NOx="4.20" PMx="0.24" fuel="4.50" electricity="0.00" noise="74.43" route="routetop" type="cfm-slow" waiting="0.00" lane="left_0" pos="27.44" speed="28.28" angle="135.11" x="19.01" y="11.59"/>
        <vehicle id="cfm-slow_3" eclass="HBEFA3/PC_G_EU4" CO2="0.00" CO="0.00" HC="0.00" NOx="0.00" PMx="0.00" fuel="0.00" electricity="0.00" noise="73.18" route="routebottom" type="cfm-slow" waiting="0.00" lane="bottom_0" pos="0.88" speed="28.90" angle="92.89" x="65.64" y="-4.91"/>
        <vehicle id="cfm-slow_4" eclass="HBEFA3/PC_G_EU4" CO2="0.00" CO="0.00" HC="0.00" NOx="0.00" PMx="0.00" fuel="0.00" electricity="0.00" noise="72.24" route="routebottom" type="cfm-slow" waiting="0.00" lane="bottom_0" pos="24.86" speed="28.67" angle="49.73" x="111.96" y="14.95"/>
        <vehicle id="cfm-slow_5" eclass="HBEFA3/PC_G_EU4" CO2="0.00" CO="0.00" HC="0.00" NOx="0.00" PMx="0.00" fuel="0.00" electricity="0.00" noise="71.44" route="routebottom" type="cfm-slow" waiting="0.00" lane="bottom_0" pos="48.54" speed="27.69" angle="7.17" x="132.19" y="60.43"/>
    </timestep>
    <timestep time="7.23">
        <vehicle id="cfm-fast_0" eclass="HBEFA3/PC_G_EU4" CO2="0.00" CO="0.00" HC="0.00" NOx="0.00" PMx="0.00" fuel="0.00" electricity="0.00" noise="70.70" route="routebottom" type="cfm-fast" waiting="0.00" lane="right_0" pos="21.43" speed="26.26" angle="325.90" x="117.29" y="106.44"/>
        <vehicle id="cfm-fast_1" eclass="HBEFA3/PC_G_EU4" CO2="312009.16" CO="8210.15" HC="45.33" NOx="145.56" PMx="8.91" fuel="134.12" electricity="0.00" noise="147.23" route="routebottom" type="cfm-fast" waiting="0.00" lane="right_1" pos="1.32" speed="87.92" angle="2.13" x="128.91" y="66.39"/>
        <vehicle id="cfm-fast_2" eclass="HBEFA3/PC_G_EU4" CO2="0.00" CO="0.00" HC="0.00" NOx="0.00" PMx="0.00" fuel="0.00" electricity="0.00" noise="70.36" route="routebottom" type="cfm-fast" waiting="0.00" lane="right_0" pos="38.64" speed="24.85" angle="295.01" x="87.69" y="127.92"/>
        <vehicle id="cfm-fast_3" eclass="HBEFA3/PC_G_EU4" CO2="5168.51" CO="33.82" HC="0.28" NOx="1.80" PMx="0.09" fuel="2.22" electricity="0.00" noise="71.19" route="routetop" type="cfm-fast" waiting="0.00" lane="top_0" pos="4.41" speed="24.09" angle="266.60" x="54.11" y="131.60"/>
        <vehicle id="cfm-fast_4" eclass="HBEFA3/PC_G_EU4" CO2="11211.59" CO="158.82" HC="1.00" NOx="4.64" PMx="0.25" fuel="4.82" electricity="0.00" noise="73.49" route="routetop" type="cfm-fast" waiting="0.00" lane="top_0" pos="19.48" speed="24.32" angle="239.38" x="24.24" y="119.80"/>
        <vehicle id="cfm-fast_5" eclass="HBEFA3/PC_G_EU4" CO2="416581.73" CO="11006.09" HC="60.72" NOx="194.81" PMx="11.90" fuel="179.07" electricity="0.00" noise="162.45" route="routetop" type="cfm-fast" waiting="0.00" lane="top_1" pos="32.07" speed="98.59" angle="216.81" x="8.45" y="98.55"/>
        <vehicle id="cfm-slow_0" eclass="HBEFA3/PC_G_EU4" CO2="15073.56" CO="241.72" HC="1.48" NOx="6.44" PMx="0.35" fuel="6.48" electricity="0.00" noise="75.54" route="routetop" type="cfm-slow" waiting="0.00" lane="top_0" pos="34.94" speed="25.41" angle="211.66" x="2.61" y="94.95"/>
        <vehicle id="cfm-slow_1" eclass="HBEFA3/PC_G_EU4" CO2="14282.19" CO="232.15" HC="1.41" NOx="6.03" PMx="0.34" fuel="6.14" electricity="0.00" noise="75.48" route="routetop" type="cfm-slow" waiting="0.00" lane="left_0" pos="5.54" speed="27.00" angle="174.51" x="-3.90" y="51.72"/>
        <vehicle id="cfm-slow_2" eclass="HBEFA3/PC_G_EU4" CO2="10411.85" CO="159.44" HC="0.99" NOx="4.18" PMx="0.24" fuel="4.48" electricity="0.00" noise="74.41" route="routetop" type="cfm-slow" waiting="0.00" lane="left_0" pos="27.73" speed="28.29" angle="134.58" x="19.47" y="11.19"/>
        <vehicle id="cfm-slow_3" eclass="HBEFA3/PC_G_EU4" CO2="0.00" CO="0.00" HC="0.00" NOx="0.00" PMx="0.00" fuel="0.00" electricity="0.00" noise="73.17" route="routebottom" type="cfm-slow" waiting="0.00" lane="bottom_0" pos="1.16" speed="28.90" angle="92.36" x="66.27" y="-4.89"/>
        <vehicle id="cfm-slow_4" eclass="HBEFA3/PC_G_EU4" CO2="0.00" CO="0.00" HC="0.00" NOx="0.00" PMx="0.00" fuel="0.00" electricity="0.00" noise="72.23" route="routebottom" type="cfm-slow" waiting="0.00" lane="bottom_0" pos="25.15" speed="28.66" angle="49.20" x="112.40" y="15.39"/>
        <vehicle id="cfm-slow_5" eclass="HBEFA3/PC_G_EU4" CO2="0.00" CO="0.00" HC="0.00" NOx="0.00" PMx="0.00" fuel="0.00" electricity="0.00" noise="71.44" route="routebottom" type="cfm-slow" waiting="0.00" lane="bottom_0" pos="48.82" speed="27.68" angle="6.71" x="132.22" y="61.03"/>
    </timestep>
    <timestep time="7.24">
        <vehicle id="cfm-fast_0" eclass="HBEFA3/PC_G_EU4" CO2="0.00" CO="0.00" HC="0.00" NOx="0.00" PMx="0.00" fuel="0.00" electricity="0.00" noise="70.70" route="routebottom" type="cfm-fast" waiting="0.00" lane="right_0" pos="21.69" speed="26.25" angle="325.44" x="116.94" y="106.89"/>
        <vehicle id="cfm-fast_1" eclass="HBEFA3/PC_G_EU4" CO2="312823.02" CO="8233.25" HC="45.46" NOx="145.94" PMx="8.93" fuel="134.47" electricity="0.00" noise="147.35" route="routebottom" type="cfm-fast" waiting="0.00" lane="right_1" pos="2.20" speed="88.03" angle="0.53" x="128.81" y="68.19"/>
        <vehicle id="cfm-fast_2" eclass="HBEFA3/PC_G_EU4" CO2="0.00" CO="0.00" HC="0.00" NOx="0.00" PMx="0.00" fuel="0.00" electricity="0.00" noise="70.36" route="routebottom" type="cfm-fast" waiting="0.00" lane="right_0" pos="38.88" speed="24.84" angle="294.56" x="87.18" y="128.10"/>
        <vehicle id="cfm-fast_3" eclass="HBEFA3/PC_G_EU4" CO2="5225.86" CO="35.00" HC="0.29" NOx="1.82" PMx="0.09" fuel="2.25" electricity="0.00" noise="71.21" route="routetop" type="cfm-fast" waiting="0.00" lane="top_0" pos="4.65" speed="24.09" angle="266.16" x="53.59" y="131.52"/>
        <vehicle id="cfm-fast_4" eclass="HBEFA3/PC_G_EU4" CO2="11244.50" CO="159.53" HC="1.01" NOx="4.66" PMx="0.25" fuel="4.83" electricity="0.00" noise="73.51" route="routetop" type="cfm-fast" waiting="0.00" lane="top_0" pos="19.72" speed="24.33" angle="238.94" x="23.82" y="119.50"/>
        <vehicle id="cfm-fast_5" eclass="HBEFA3/PC_G_EU4" CO2="417259.97" CO="11028.88" HC="60.84" NOx="195.13" PMx="11.92" fuel="179.36" electricity="0.00" noise="162.52" route="routetop" type="cfm-fast" waiting="0.00" lane="top_1" pos="33.05" speed="98.73" angle="215.02" x="7.40" y="96.82"/>
        <vehicle id="cfm-slow_0" eclass="HBEFA3/PC_G_EU4" CO2="15067.03" CO="241.65" HC="1.48" NOx="6.44" PMx="0.35" fuel="6.48" electricity="0.00" noise="75.54" route="routetop" type="cfm-slow" waiting="0.00" lane="top_0" pos="35.20" speed="25.43" angle="211.19" x="2.36" y="94.46"/>
        <vehicle id="cfm-slow_1" eclass="HBEFA3/PC_G_EU4" CO2="14246.28" CO="231.48" HC="1.41" NOx="6.01" PMx="0.34" fuel="6.12" electricity="0.00" noise="75.47" route="routetop" type="cfm-slow" waiting="0.00" lane="left_0" pos="5.81" speed="27.02" angle="174.02" x="-3.79" y="51.14"/>
        <vehicle id="cfm-slow_2" eclass="HBEFA3/PC_G_EU4" CO2="10353.45" CO="158.28" HC="0.98" NOx="4.15" PMx="0.24" fuel="4.45" electricity="0.00" noise="74.39" route="routetop" type="cfm-slow" waiting="0.00" lane="left_0" pos="28.01" speed="28.30" angle="134.05" x="19.94" y="10.80"/>
        <vehicle id="cfm-slow_3" eclass="HBEFA3/PC_G_EU4" CO2="0.00" CO="0.00" HC="0.00" NOx="0.00" PMx="0.00" fuel="0.00" electricity="0.00" noise="73.15" route="routebottom" type="cfm-slow" waiting="0.00" lane="bottom_0" pos="1.45" speed="28.90" angle="91.86" x="66.89" y="-4.86"/>
        <vehicle id="cfm-slow_4" eclass="HBEFA3/PC_G_EU4" CO2="0.00" CO="0.00" HC="0.00" NOx="0.00" PMx="0.00" fuel="0.00" electricity="0.00" noise="72.22" route="routebottom" type="cfm-slow" waiting="0.00" lane="bottom_0" pos="25.44" speed="28.65" angle="48.67" x="112.83" y="15.82"/>
        <vehicle id="cfm-slow_5" eclass="HBEFA3/PC_G_EU4" CO2="0.00" CO="0.00" HC="0.00" NOx="0.00" PMx="0.00" fuel="0.00" electricity="0.00" noise="71.43" route="routebottom" type="cfm-slow" waiting="0.00" lane="bottom_0" pos="49.09" speed="27.66" angle="6.20" x="132.23" y="61.62"/>
    </timestep>
    <timestep time="7.25">
        <vehicle id="cfm-fast_0" eclass="HBEFA3/PC_G_EU4" CO2="0.00" CO="0.00" HC="0.00" NOx="0.00" PMx="0.00" fuel="0.00" electricity="0.00" noise="70.69" route="routebottom" type="cfm-fast" waiting="0.00" lane="right_0" pos="21.95" speed="26.24" angle="324.98" x="116.58" y="107.32"/>
        <vehicle id="cfm-fast_1" eclass="HBEFA3/PC_G_EU4" CO2="313637.21" CO="8256.38" HC="45.58" NOx="146.32" PMx="8.96" fuel="134.82" electricity="0.00" noise="147.47" route="routebottom" type="cfm-fast" waiting="0.00" lane="right_1" pos="3.08" speed="88.15" angle="358.97" x="128.66" y="69.99"/>
        <vehicle id="cfm-fast_2" eclass="HBEFA3/PC_G_EU4" CO2="0.00" CO="0.00" HC="0.00" NOx="0.00" PMx="0.00" fuel="0.00" electricity="0.00" noise="70.37" route="routebottom" type="cfm-fast" waiting="0.00" lane="right_0" pos="39.13" speed="24.83" angle="294.11" x="86.68" y="128.28"/>
        <vehicle id="cfm-fast_3" eclass="HBEFA3/PC_G_EU4" CO2="5282.99" CO="36.18" HC="0.30" NOx="1.85" PMx="0.09" fuel="2.27" electricity="0.00" noise="71.23" route="routetop" type="cfm-fast" waiting="0.00" lane="top_0" pos="4.89" speed="24.10" angle="265.72" x="53.08" y="131.45"/>
        <vehicle id="cfm-fast_4" eclass="HBEFA3/PC_G_EU4" CO2="11277.11" CO="160.23" HC="1.01" NOx="4.67" PMx="0.25" fuel="4.85" electricity="0.00" noise="73.53" route="routetop" type="cfm-fast" waiting="0.00" lane="top_0" pos="19.97" speed="24.34" angle="238.50" x="23.39" y="119.19"/>
        <vehicle id="cfm-fast_5" eclass="HBEFA3/PC_G_EU4" CO2="417938.50" CO="11051.70" HC="60.96" NOx="195.45" PMx="11.95" fuel="179.65" electricity="0.00" noise="162.58" route="routetop" type="cfm-fast" waiting="0.00" lane="top_1" pos="34.04" speed="98.86" angle="213.27" x="6.40" y="95.05"/>
        <vehicle id="cfm-slow_0" eclass="HBEFA3/PC_G_EU4" CO2="15060.24" CO="241.56" HC="1.47" NOx="6.43" PMx="0.35" fuel="6.47" electricity="0.00" noise="75.54" route="routetop" type="cfm-slow" waiting="0.00" lane="top_0" pos="35.45" speed="25.45" angle="210.72" x="2.12" y="93.97"/>
        <vehicle id="cfm-slow_1" eclass="HBEFA3/PC_G_EU4" CO2="14210.14" CO="230.80" HC="1.41" NOx="6.00" PMx="0.34" fuel="6.11" electricity="0.00" noise="75.45" route="routetop" type="cfm-slow" waiting="0.00" lane="left_0" pos="6.08" speed="27.03" angle="173.53" x="-3.69" y="50.57"/>
        <vehicle id="cfm-slow_2" eclass="HBEFA3/PC_G_EU4" CO2="10295.03" CO="157.11" HC="0.97" NOx="4.12" PMx="0.24" fuel="4.43" electricity="0.00" noise="74.38" route="routetop" type="cfm-slow" waiting="0.00" lane="left_0" pos="28.29" speed="28.30" angle="133.59" x="20.41" y="10.41"/>
        <vehicle id="cfm-slow_3" eclass="HBEFA3/PC_G_EU4" CO2="0.00" CO="0.00" HC="0.00" NOx="0.00" PMx="0.00" fuel="0.00" electricity="0.00" noise="73.14" route="routebottom" type="cfm-slow" waiting="0.00" lane="bottom_0" pos="1.74" speed="28.90" angle="91.35" x="67.51" y="-4.83"/>
        <vehicle id="cfm-slow_4" eclass="HBEFA3/PC_G_EU4" CO2="0.00" CO="0.00" HC="0.00" NOx="0.00" PMx="0.00" fuel="0.00" electricity="0.00" noise="72.21" route="routebottom" type="cfm-slow" waiting="0.00" lane="bottom_0" pos="25.72" speed="28.64" angle="48.20" x="113.26" y="16.26"/>
        <vehicle id="cfm-slow_5" eclass="HBEFA3/PC_G_EU4" CO2="0.00" CO="0.00" HC="0.00" NOx="0.00" PMx="0.00" fuel="0.00" electricity="0.00" noise="71.42" route="routebottom" type="cfm-slow" waiting="0.00" lane="bottom_0" pos="49.37" speed="27.65" angle="5.68" x="132.24" y="62.22"/>
    </timestep>
    <timestep time="7.26">
        <vehicle id="cfm-fast_0" eclass="HBEFA3/PC_G_EU4" CO2="0.00" CO="0.00" HC="0.00" NOx="0.00" PMx="0.00" fuel="0.00" electricity="0.00" noise="70.69" route="routebottom" type="cfm-fast" waiting="0.00" lane="right_0" pos="22.22" speed="26.22" angle="324.49" x="116.21" y="107.75"/>
        <vehicle id="cfm-fast_1" eclass="HBEFA3/PC_G_EU4" CO2="314451.71" CO="8279.53" HC="45.71" NOx="146.71" PMx="8.98" fuel="135.17" electricity="0.00" noise="147.59" route="routebottom" type="cfm-fast" waiting="0.00" lane="right_1" pos="3.96" speed="88.26" angle="357.41" x="128.46" y="71.79"/>
        <vehicle id="cfm-fast_2" eclass="HBEFA3/PC_G_EU4" CO2="0.00" CO="0.00" HC="0.00" NOx="0.00" PMx="0.00" fuel="0.00" electricity="0.00" noise="70.37" route="routebottom" type="cfm-fast" waiting="0.00" lane="right_0" pos="39.38" speed="24.83" angle="293.66" x="86.18" y="128.47"/>
        <vehicle id="cfm-fast_3" eclass="HBEFA3/PC_G_EU4" CO2="5339.90" CO="37.36" HC="0.30" NOx="1.88" PMx="0.10" fuel="2.30" electricity="0.00" noise="71.24" route="routetop" type="cfm-fast" waiting="0.00" lane="top_0" pos="5.14" speed="24.10" angle="265.24" x="52.57" y="131.37"/>
        <vehicle id="cfm-fast_4" eclass="HBEFA3/PC_G_EU4" CO2="11309.40" CO="160.92" HC="1.01" NOx="4.69" PMx="0.25" fuel="4.86" electricity="0.00" noise="73.55" route="routetop" type="cfm-fast" waiting="0.00" lane="top_0" pos="20.21" speed="24.35" angle="238.05" x="22.97" y="118.88"/>
        <vehicle id="cfm-fast_5" eclass="HBEFA3/PC_G_EU4" CO2="418617.32" CO="11074.54" HC="61.09" NOx="195.77" PMx="11.97" fuel="179.94" electricity="0.00" noise="162.65" route="routetop" type="cfm-fast" waiting="0.00" lane="top_1" pos="35.03" speed="99.00" angle="211.52" x="5.45" y="93.26"/>
        <vehicle id="cfm-slow_0" eclass="HBEFA3/PC_G_EU4" CO2="15053.18" CO="241.48" HC="1.47" NOx="6.43" PMx="0.35" fuel="6.47" electricity="0.00" noise="75.54" route="routetop" type="cfm-slow" waiting="0.00" lane="top_0" pos="35.71" speed="25.46" angle="210.25" x="1.88" y="93.48"/>
        <vehicle id="cfm-slow_1" eclass="HBEFA3/PC_G_EU4" CO2="14173.79" CO="230.11" HC="1.40" NOx="5.98" PMx="0.33" fuel="6.09" electricity="0.00" noise="75.44" route="routetop" type="cfm-slow" waiting="0.00" lane="left_0" pos="6.35" speed="27.04" angle="173.08" x="-3.58" y="50.00"/>
        <vehicle id="cfm-slow_2" eclass="HBEFA3/PC_G_EU4" CO2="10236.57" CO="155.95" HC="0.97" NOx="4.09" PMx="0.24" fuel="4.40" electricity="0.00" noise="74.36" route="routetop" type="cfm-slow" waiting="0.00" lane="left_0" pos="28.57" speed="28.31" angle="133.06" x="20.89" y="10.03"/>
        <vehicle id="cfm-slow_3" eclass="HBEFA3/PC_G_EU4" CO2="0.00" CO="0.00" HC="0.00" NOx="0.00" PMx="0.00" fuel="0.00" electricity="0.00" noise="73.13" route="routebottom" type="cfm-slow" waiting="0.00" lane="bottom_0" pos="2.03" speed="28.90" angle="90.83" x="68.13" y="-4.79"/>
        <vehicle id="cfm-slow_4" eclass="HBEFA3/PC_G_EU4" CO2="0.00" CO="0.00" HC="0.00" NOx="0.00" PMx="0.00" fuel="0.00" electricity="0.00" noise="72.20" route="routebottom" type="cfm-slow" waiting="0.00" lane="bottom_0" pos="26.01" speed="28.64" angle="47.68" x="113.68" y="16.72"/>
        <vehicle id="cfm-slow_5" eclass="HBEFA3/PC_G_EU4" CO2="0.00" CO="0.00" HC="0.00" NOx="0.00" PMx="0.00" fuel="0.00" electricity="0.00" noise="71.41" route="routebottom" type="cfm-slow" waiting="0.00" lane="bottom_0" pos="49.65" speed="27.64" angle="5.16" x="132.26" y="62.81"/>
    </timestep>
    <timestep time="7.27">
        <vehicle id="cfm-fast_0" eclass="HBEFA3/PC_G_EU4" CO2="0.00" CO="0.00" HC="0.00" NOx="0.00" PMx="0.00" fuel="0.00" electricity="0.00" noise="70.68" route="routebottom" type="cfm-fast" waiting="0.00" lane="right_0" pos="22.48" speed="26.21" angle="323.99" x="115.85" y="108.18"/>
        <vehicle id="cfm-fast_1" eclass="HBEFA3/PC_G_EU4" CO2="315266.51" CO="8302.71" HC="45.84" NOx="147.09" PMx="9.00" fuel="135.52" electricity="0.00" noise="147.71" route="routebottom" type="cfm-fast" waiting="0.00" lane="right_1" pos="4.84" speed="88.38" angle="355.80" x="128.21" y="73.58"/>
        <vehicle id="cfm-fast_2" eclass="HBEFA3/PC_G_EU4" CO2="0.00" CO="0.00" HC="0.00" NOx="0.00" PMx="0.00" fuel="0.00" electricity="0.00" noise="70.37" route="routebottom" type="cfm-fast" waiting="0.00" lane="right_0" pos="39.63" speed="24.82" angle="293.22" x="85.68" y="128.65"/>
        <vehicle id="cfm-fast_3" eclass="HBEFA3/PC_G_EU4" CO2="5396.58" CO="38.53" HC="0.31" NOx="1.90" PMx="0.10" fuel="2.32" electricity="0.00" noise="71.26" route="routetop" type="cfm-fast" waiting="0.00" lane="top_0" pos="5.38" speed="24.10" angle="264.79" x="52.06" y="131.28"/>
        <vehicle id="cfm-fast_4" eclass="HBEFA3/PC_G_EU4" CO2="11341.38" CO="161.61" HC="1.02" NOx="4.70" PMx="0.25" fuel="4.88" electricity="0.00" noise="73.56" route="routetop" type="cfm-fast" waiting="0.00" lane="top_0" pos="20.45" speed="24.37" angle="237.65" x="22.54" y="118.58"/>
        <vehicle id="cfm-fast_5" eclass="HBEFA3/PC_G_EU4" CO2="419296.44" CO="11097.40" HC="61.21" NOx="196.09" PMx="11.99" fuel="180.24" electricity="0.00" noise="162.72" route="routetop" type="cfm-fast" waiting="0.00" lane="top_1" pos="36.02" speed="99.14" angle="209.75" x="4.55" y="91.44"/>
        <vehicle id="cfm-slow_0" eclass="HBEFA3/PC_G_EU4" CO2="15045.87" CO="241.38" HC="1.47" NOx="6.43" PMx="0.35" fuel="6.47" electricity="0.00" noise="75.54" route="routetop" type="cfm-slow" waiting="0.00" lane="top_0" pos="35.96" speed="25.48" angle="209.84" x="1.63" y="92.99"/>
        <vehicle id="cfm-slow_1" eclass="HBEFA3/PC_G_EU4" CO2="14137.22" CO="229.43" HC="1.40" NOx="5.96" PMx="0.33" fuel="6.08" electricity="0.00" noise="75.43" route="routetop" type="cfm-slow" waiting="0.00" lane="left_0" pos="6.62" speed="27.06" angle="172.57" x="-3.45" y="49.43"/>
        <vehicle id="cfm-slow_2" eclass="HBEFA3/PC_G_EU4" CO2="10178.09" CO="154.79" HC="0.96" NOx="4.07" PMx="0.23" fuel="4.38" electricity="0.00" noise="74.35" route="routetop" type="cfm-slow" waiting="0.00" lane="left_0" pos="28.86" speed="28.32" angle="132.54" x="21.37" y="9.66"/>
        <vehicle id="cfm-slow_3" eclass="HBEFA3/PC_G_EU4" CO2="0.00" CO="0.00" HC="0.00" NOx="0.00" PMx="0.00" fuel="0.00" electricity="0.00" noise="73.12" route="routebottom" type="cfm-slow" waiting="0.00" lane="bottom_0" pos="2.32" speed="28.89" angle="90.31" x="68.75" y="-4.76"/>
        <vehicle id="cfm-slow_4" eclass="HBEFA3/PC_G_EU4" CO2="0.00" CO="0.00" HC="0.00" NOx="0.00" PMx="0.00" fuel="0.00" electricity="0.00" noise="72.20" route="routebottom" type="cfm-slow" waiting="0.00" lane="bottom_0" pos="26.30" speed="28.63" angle="47.16" x="114.10" y="17.17"/>
        <vehicle id="cfm-slow_5" eclass="HBEFA3/PC_G_EU4" CO2="0.00" CO="0.00" HC="0.00" NOx="0.00" PMx="0.00" fuel="0.00" electricity="0.00" noise="71.41" route="routebottom" type="cfm-slow" waiting="0.00" lane="bottom_0" pos="49.92" speed="27.62" angle="4.66" x="132.27" y="63.40"/>
    </timestep>
    <timestep time="7.28">
        <vehicle id="cfm-fast_0" eclass="HBEFA3/PC_G_EU4" CO2="0.00" CO="0.00" HC="0.00" NOx="0.00" PMx="0.00" fuel="0.00" electricity="0.00" noise="70.68" route="routebottom" type="cfm-fast" waiting="0.00" lane="right_0" pos="22.74" speed="26.20" angle="323.49" x="115.48" y="108.61"/>
        <vehicle id="cfm-fast_1" eclass="HBEFA3/PC_G_EU4" CO2="316081.60" CO="8325.91" HC="45.96" NOx="147.47" PMx="9.03" fuel="135.87" electricity="0.00" noise="147.83" route="routebottom" type="cfm-fast" waiting="0.00" lane="right_1" pos="5.73" speed="88.49" angle="354.19" x="127.91" y="75.37"/>
        <vehicle id="cfm-fast_2" eclass="HBEFA3/PC_G_EU4" CO2="0.00" CO="0.00" HC="0.00" NOx="0.00" PMx="0.00" fuel="0.00" electricity="0.00" noise="70.38" route="routebottom" type="cfm-fast" waiting="0.00" lane="right_0" pos="39.88" speed="24.81" angle="292.82" x="85.17" y="128.82"/>
        <vehicle id="cfm-fast_3" eclass="HBEFA3/PC_G_EU4" CO2="5453.05" CO="39.70" HC="0.32" NOx="1.93" PMx="0.10" fuel="2.34" electricity="0.00" noise="71.28" route="routetop" type="cfm-fast" waiting="0.00" lane="top_0" pos="5.62" speed="24.10" angle="264.34" x="51.55" y="131.19"/>
        <vehicle id="cfm-fast_4" eclass="HBEFA3/PC_G_EU4" CO2="11373.05" CO="162.30" HC="1.02" NOx="4.72" PMx="0.25" fuel="4.89" electricity="0.00" noise="73.58" route="routetop" type="cfm-fast" waiting="0.00" lane="top_0" pos="20.70" speed="24.38" angle="237.22" x="22.13" y="118.26"/>
        <vehicle id="cfm-fast_5" eclass="HBEFA3/PC_G_EU4" CO2="419975.84" CO="11120.28" HC="61.33" NOx="196.41" PMx="12.01" fuel="180.53" electricity="0.00" noise="162.78" route="routetop" type="cfm-fast" waiting="0.00" lane="top_1" pos="37.02" speed="99.27" angle="207.88" x="3.71" y="89.58"/>
        <vehicle id="cfm-slow_0" eclass="HBEFA3/PC_G_EU4" CO2="15038.29" CO="241.29" HC="1.47" NOx="6.42" PMx="0.35" fuel="6.46" electricity="0.00" noise="75.54" route="routetop" type="cfm-slow" waiting="0.00" lane="top_0" pos="36.22" speed="25.49" angle="209.36" x="1.41" y="92.49"/>
        <vehicle id="cfm-slow_1" eclass="HBEFA3/PC_G_EU4" CO2="14100.43" CO="228.73" HC="1.39" NOx="5.94" PMx="0.33" fuel="6.06" electricity="0.00" noise="75.42" route="routetop" type="cfm-slow" waiting="0.00" lane="left_0" pos="6.89" speed="27.07" angle="172.05" x="-3.32" y="48.86"/>
        <vehicle id="cfm-slow_2" eclass="HBEFA3/PC_G_EU4" CO2="10119.59" CO="153.62" HC="0.95" NOx="4.04" PMx="0.23" fuel="4.35" electricity="0.00" noise="74.33" route="routetop" type="cfm-slow" waiting="0.00" lane="left_0" pos="29.14" speed="28.32" angle="132.01" x="21.85" y="9.28"/>
        <vehicle id="cfm-slow_3" eclass="HBEFA3/PC_G_EU4" CO2="0.00" CO="0.00" HC="0.00" NOx="0.00" PMx="0.00" fuel="0.00" electricity="0.00" noise="73.11" route="routebottom" type="cfm-slow" waiting="0.00" lane="bottom_0" pos="2.61" speed="28.89" angle="89.81" x="69.37" y="-4.71"/>
        <vehicle id="cfm-slow_4" eclass="HBEFA3/PC_G_EU4" CO2="0.00" CO="0.00" HC="0.00" NOx="0.00" PMx="0.00" fuel="0.00" electricity="0.00" noise="72.19" route="routebottom" type="cfm-slow" waiting="0.00" lane="bottom_0" pos="26.58" speed="28.62" angle="46.64" x="114.52" y="17.62"/>
        <vehicle id="cfm-slow_5" eclass="HBEFA3/PC_G_EU4" CO2="0.00" CO="0.00" HC="0.00" NOx="0.00" PMx="0.00" fuel="0.00" electricity="0.00" noise="71.40" route="routebottom" type="cfm-slow" waiting="0.00" lane="right_0" pos="0.20" speed="27.61" angle="4.11" x="132.26" y="64.19"/>
    </timestep>
    <timestep time="7.29">
        <vehicle id="cfm-fast_0" eclass="HBEFA3/PC_G_EU4" CO2="0.00" CO="0.00" HC="0.00" NOx="0.00" PMx="0.00" fuel="0.00" electricity="0.00" noise="70.68" route="routebottom" type="cfm-fast" waiting="0.00" lane="right_0" pos="23.00" speed="26.19" angle="323.03" x="115.12" y="109.04"/>
        <vehicle id="cfm-fast_1" eclass="HBEFA3/PC_G_EU4" CO2="316896.97" CO="8349.14" HC="46.09" NOx="147.86" PMx="9.05" fuel="136.22" electricity="0.00" noise="147.95" route="routebottom" type="cfm-fast" waiting="0.00" lane="right_1" pos="6.62" speed="88.60" angle="352.60" x="127.56" y="77.16"/>
        <vehicle id="cfm-fast_2" eclass="HBEFA3/PC_G_EU4" CO2="0.00" CO="0.00" HC="0.00" NOx="0.00" PMx="0.00" fuel="0.00" electricity="0.00" noise="70.38" route="routebottom" type="cfm-fast" waiting="0.00" lane="right_0" pos="40.13" speed="24.80" angle="292.35" x="84.66" y="128.98"/>
        <vehicle id="cfm-fast_3" eclass="HBEFA3/PC_G_EU4" CO2="5509.28" CO="40.86" HC="0.32" NOx="1.96" PMx="0.10" fuel="2.37" electricity="0.00" noise="71.30" route="routetop" type="cfm-fast" waiting="0.00" lane="top_0" pos="5.86" speed="24.10" angle="263.89" x="51.04" y="131.09"/>
        <vehicle id="cfm-fast_4" eclass="HBEFA3/PC_G_EU4" CO2="11404.40" CO="162.97" HC="1.03" NOx="4.73" PMx="0.25" fuel="4.90" electricity="0.00" noise="73.60" route="routetop" type="cfm-fast" waiting="0.00" lane="top_0" pos="20.94" speed="24.39" angle="236.77" x="21.71" y="117.93"/>
        <vehicle id="cfm-fast_5" eclass="HBEFA3/PC_G_EU4" CO2="420655.54" CO="11143.18" HC="61.45" NOx="196.73" PMx="12.03" fuel="180.82" electricity="0.00" noise="162.85" route="routetop" type="cfm-fast" waiting="0.00" lane="top_1" pos="38.01" speed="99.41" angle="206.06" x="2.95" y="87.69"/>
        <vehicle id="cfm-slow_0" eclass="HBEFA3/PC_G_EU4" CO2="15030.45" CO="241.18" HC="1.47" NOx="6.42" PMx="0.35" fuel="6.46" electricity="0.00" noise="75.54" route="routetop" type="cfm-slow" waiting="0.00" lane="top_0" pos="36.47" speed="25.51" angle="208.89" x="1.18" y="91.99"/>
        <vehicle id="cfm-slow_1" eclass="HBEFA3/PC_G_EU4" CO2="14063.43" CO="228.04" HC="1.39" NOx="5.93" PMx="0.33" fuel="6.05" electricity="0.00" noise="75.40" route="routetop" type="cfm-slow" waiting="0.00" lane="left_0" pos="7.16" speed="27.08" angle="171.53" x="-3.19" y="48.30"/>
        <vehicle id="cfm-slow_2" eclass="HBEFA3/PC_G_EU4" CO2="10061.06" CO="152.46" HC="0.95" NOx="4.01" PMx="0.23" fuel="4.32" electricity="0.00" noise="74.31" route="routetop" type="cfm-slow" waiting="0.00" lane="left_0" pos="29.42" speed="28.33" angle="131.52" x="22.33" y="8.91"/>
        <vehicle id="cfm-slow_3" eclass="HBEFA3/PC_G_EU4" CO2="0.00" CO="0.00" HC="0.00" NOx="0.00" PMx="0.00" fuel="0.00" electricity="0.00" noise="73.10" route="routebottom" type="cfm-slow" waiting="0.00" lane="bottom_0" pos="2.90" speed="28.89" angle="89.30" x="69.99" y="-4.65"/>
        <vehicle id="cfm-slow_4" eclass="HBEFA3/PC_G_EU4" CO2="0.00" CO="0.00" HC="0.00" NOx="0.00" PMx="0.00" fuel="0.00" electricity="0.00" noise="72.18" route="routebottom" type="cfm-slow" waiting="0.00" lane="bottom_0" pos="26.87" speed="28.61" angle="46.16" x="114.94" y="18.07"/>
        <vehicle id="cfm-slow_5" eclass="HBEFA3/PC_G_EU4" CO2="0.00" CO="0.00" HC="0.00" NOx="0.00" PMx="0.00" fuel="0.00" electricity="0.00" noise="71.39" route="routebottom" type="cfm-slow" waiting="0.00" lane="right_0" pos="0.47" speed="27.60" angle="3.61" x="132.25" y="64.78"/>
    </timestep>
    <timestep time="7.30">
        <vehicle id="cfm-fast_0" eclass="HBEFA3/PC_G_EU4" CO2="0.00" CO="0.00" HC="0.00" NOx="0.00" PMx="0.00" fuel="0.00" electricity="0.00" noise="70.67" route="routebottom" type="cfm-fast" waiting="0.00" lane="right_0" pos="23.26" speed="26.17" angle="322.60" x="114.74" y="109.46"/>
        <vehicle id="cfm-fast_1" eclass="HBEFA3/PC_G_EU4" CO2="317712.61" CO="8372.39" HC="46.22" NOx="148.24" PMx="9.08" fuel="136.57" electricity="0.00" noise="148.06" route="routebottom" type="cfm-fast" waiting="0.00" lane="right_1" pos="7.50" speed="88.72" angle="350.89" x="127.15" y="78.93"/>
        <vehicle id="cfm-fast_2" eclass="HBEFA3/PC_G_EU4" CO2="0.00" CO="0.00" HC="0.00" NOx="0.00" PMx="0.00" fuel="0.00" electricity="0.00" noise="70.39" route="routebottom" type="cfm-fast" waiting="0.00" lane="right_0" pos="40.37" speed="24.80" angle="291.88" x="84.15" y="129.13"/>
        <vehicle id="cfm-fast_3" eclass="HBEFA3/PC_G_EU4" CO2="5565.30" CO="42.02" HC="0.33" NOx="1.98" PMx="0.10" fuel="2.39" electricity="0.00" noise="71.32" route="routetop" type="cfm-fast" waiting="0.00" lane="top_0" pos="6.10" speed="24.11" angle="263.44" x="50.53" y="131.00"/>
        <vehicle id="cfm-fast_4" eclass="HBEFA3/PC_G_EU4" CO2="11435.45" CO="163.64" HC="1.03" NOx="4.75" PMx="0.26" fuel="4.92" electricity="0.00" noise="73.61" route="routetop" type="cfm-fast" waiting="0.00" lane="top_0" pos="21.18" speed="24.40" angle="236.33" x="21.30" y="117.61"/>
        <vehicle id="cfm-fast_5" eclass="HBEFA3/PC_G_EU4" CO2="421335.53" CO="11166.11" HC="61.57" NOx="197.05" PMx="12.05" fuel="181.11" electricity="0.00" noise="162.91" route="routetop" type="cfm-fast" waiting="0.00" lane="top_1" pos="39.01" speed="99.55" angle="204.28" x="2.23" y="85.78"/>
        <vehicle id="cfm-slow_0" eclass="HBEFA3/PC_G_EU4" CO2="15022.34" CO="241.07" HC="1.47" NOx="6.41" PMx="0.35" fuel="6.46" electricity="0.00" noise="75.53" route="routetop" type="cfm-slow" waiting="0.00" lane="top_0" pos="36.73" speed="25.53" angle="208.41" x="0.96" y="91.49"/>
        <vehicle id="cfm-slow_1" eclass="HBEFA3/PC_G_EU4" CO2="14026.22" CO="227.33" HC="1.39" NOx="5.91" PMx="0.33" fuel="6.03" electricity="0.00" noise="75.39" route="routetop" type="cfm-slow" waiting="0.00" lane="left_0" pos="7.43" speed="27.10" angle="171.01" x="-3.06" y="47.73"/>
        <vehicle id="cfm-slow_2" eclass="HBEFA3/PC_G_EU4" CO2="10002.52" CO="151.29" HC="0.94" NOx="3.98" PMx="0.23" fuel="4.30" electricity="0.00" noise="74.30" route="routetop" type="cfm-slow" waiting="0.00" lane="left_0" pos="29.71" speed="28.34" angle="131.03" x="22.82" y="8.55"/>
        <vehicle id="cfm-slow_3" eclass="HBEFA3/PC_G_EU4" CO2="0.00" CO="0.00" HC="0.00" NOx="0.00" PMx="0.00" fuel="0.00" electricity="0.00" noise="73.09" route="routebottom" type="cfm-slow" waiting="0.00" lane="bottom_0" pos="3.19" speed="28.89" angle="88.78" x="70.61" y="-4.58"/>
        <vehicle id="cfm-slow_4" eclass="HBEFA3/PC_G_EU4" CO2="0.00" CO="0.00" HC="0.00" NOx="0.00" PMx="0.00" fuel="0.00" electricity="0.00" noise="72.17" route="routebottom" type="cfm-slow" waiting="0.00" lane="bottom_0" pos="27.15" speed="28.60" angle="45.65" x="115.34" y="18.54"/>
        <vehicle id="cfm-slow_5" eclass="HBEFA3/PC_G_EU4" CO2="0.00" CO="0.00" HC="0.00" NOx="0.00" PMx="0.00" fuel="0.00" electricity="0.00" noise="71.39" route="routebottom" type="cfm-slow" waiting="0.00" lane="right_0" pos="0.75" speed="27.58" angle="3.11" x="132.24" y="65.38"/>
    </timestep>
    <timestep time="7.31">
        <vehicle id="cfm-fast_0" eclass="HBEFA3/PC_G_EU4" CO2="0.00" CO="0.00" HC="0.00" NOx="0.00" PMx="0.00" fuel="0.00" electricity="0.00" noise="70.67" route="routebottom" type="cfm-fast" waiting="0.00" lane="right_0" pos="23.52" speed="26.16" angle="322.13" x="114.36" y="109.87"/>
        <vehicle id="cfm-fast_1" eclass="HBEFA3/PC_G_EU4" CO2="318528.51" CO="8395.67" HC="46.34" NOx="148.62" PMx="9.10" fuel="136.92" electricity="0.00" noise="148.18" route="routebottom" type="cfm-fast" waiting="0.00" lane="right_1" pos="8.39" speed="88.83" angle="349.35" x="126.70" y="80.69"/>
        <vehicle id="cfm-fast_2" eclass="HBEFA3/PC_G_EU4" CO2="0.00" CO="0.00" HC="0.00" NOx="0.00" PMx="0.00" fuel="0.00" electricity="0.00" noise="70.39" route="routebottom" type="cfm-fast" waiting="0.00" lane="right_0" pos="40.62" speed="24.79" angle="291.40" x="83.64" y="129.29"/>
        <vehicle id="cfm-fast_3" eclass="HBEFA3/PC_G_EU4" CO2="5621.09" CO="43.18" HC="0.34" NOx="2.01" PMx="0.10" fuel="2.42" electricity="0.00" noise="71.33" route="routetop" type="cfm-fast" waiting="0.00" lane="top_0" pos="6.34" speed="24.11" angle="263.04" x="50.02" y="130.90"/>
        <vehicle id="cfm-fast_4" eclass="HBEFA3/PC_G_EU4" CO2="11466.18" CO="164.31" HC="1.03" NOx="4.76" PMx="0.26" fuel="4.93" electricity="0.00" noise="73.63" route="routetop" type="cfm-fast" waiting="0.00" lane="top_0" pos="21.43" speed="24.41" angle="235.88" x="20.89" y="117.28"/>
        <vehicle id="cfm-fast_5" eclass="HBEFA3/PC_G_EU4" CO2="422015.81" CO="11189.06" HC="61.70" NOx="197.37" PMx="12.07" fuel="181.40" electricity="0.00" noise="162.98" route="routetop" type="cfm-fast" waiting="0.00" lane="top_1" pos="40.00" speed="99.68" angle="202.51" x="1.56" y="83.85"/>
        <vehicle id="cfm-slow_0" eclass="HBEFA3/PC_G_EU4" CO2="15013.98" CO="240.96" HC="1.47" NOx="6.41" PMx="0.35" fuel="6.45" electricity="0.00" noise="75.53" route="routetop" type="cfm-slow" waiting="0.00" lane="top_0" pos="36.98" speed="25.54" angle="207.93" x="0.73" y="90.99"/>
        <vehicle id="cfm-slow_1" eclass="HBEFA3/PC_G_EU4" CO2="13988.80" CO="226.63" HC="1.38" NOx="5.89" PMx="0.33" fuel="6.01" electricity="0.00" noise="75.38" route="routetop" type="cfm-slow" waiting="0.00" lane="left_0" pos="7.70" speed="27.11" angle="170.56" x="-2.93" y="47.16"/>
        <vehicle id="cfm-slow_2" eclass="HBEFA3/PC_G_EU4" CO2="9943.95" CO="150.12" HC="0.93" NOx="3.95" PMx="0.23" fuel="4.27" electricity="0.00" noise="74.28" route="routetop" type="cfm-slow" waiting="0.00" lane="left_0" pos="29.99" speed="28.34" angle="130.51" x="23.31" y="8.19"/>
        <vehicle id="cfm-slow_3" eclass="HBEFA3/PC_G_EU4" CO2="0.00" CO="0.00" HC="0.00" NOx="0.00" PMx="0.00" fuel="0.00" electricity="0.00" noise="73.07" route="routebottom" type="cfm-slow" waiting="0.00" lane="bottom_0" pos="3.48" speed="28.89" angle="88.26" x="71.22" y="-4.52"/>
        <vehicle id="cfm-slow_4" eclass="HBEFA3/PC_G_EU4" CO2="0.00" CO="0.00" HC="0.00" NOx="0.00" PMx="0.00" fuel="0.00" electricity="0.00" noise="72.16" route="routebottom" type="cfm-slow" waiting="0.00" lane="bottom_0" pos="27.44" speed="28.59" angle="45.11" x="115.74" y="19.01"/>
        <vehicle id="cfm-slow_5" eclass="HBEFA3/PC_G_EU4" CO2="0.00" CO="0.00" HC="0.00" NOx="0.00" PMx="0.00" fuel="0.00" electricity="0.00" noise="71.38" route="routebottom" type="cfm-slow" waiting="0.00" lane="right_0" pos="1.03" speed="27.57" angle="2.61" x="132.23" y="65.97"/>
    </timestep>
    <timestep time="7.32">
        <vehicle id="cfm-fast_0" eclass="HBEFA3/PC_G_EU4" CO2="0.00" CO="0.00" HC="0.00" NOx="0.00" PMx="0.00" fuel="0.00" electricity="0.00" noise="70.66" route="routebottom" type="cfm-fast" waiting="0.00" lane="right_0" pos="23.79" speed="26.15" angle="321.66" x="113.98" y="110.29"/>
        <vehicle id="cfm-fast_1" eclass="HBEFA3/PC_G_EU4" CO2="319344.66" CO="8418.97" HC="46.47" NOx="149.01" PMx="9.12" fuel="137.27" electricity="0.00" noise="148.30" route="routebottom" type="cfm-fast" waiting="0.00" lane="right_1" pos="9.28" speed="88.95" angle="347.81" x="126.21" y="82.45"/>
        <vehicle id="cfm-fast_2" eclass="HBEFA3/PC_G_EU4" CO2="0.00" CO="0.00" HC="0.00" NOx="0.00" PMx="0.00" fuel="0.00" electricity="0.00" noise="70.40" route="routebottom" type="cfm-fast" waiting="0.00" lane="right_0" pos="40.87" speed="24.78" angle="290.93" x="83.13" y="129.45"/>
        <vehicle id="cfm-fast_3" eclass="HBEFA3/PC_G_EU4" CO2="5676.65" CO="44.33" HC="0.34" NOx="2.04" PMx="0.10" fuel="2.44" electricity="0.00" noise="71.35" route="routetop" type="cfm-fast" waiting="0.00" lane="top_0" pos="6.58" speed="24.11" angle="262.60" x="49.51" y="130.79"/>
        <vehicle id="cfm-fast_4" eclass="HBEFA3/PC_G_EU4" CO2="11496.60" CO="164.96" HC="1.04" NOx="4.77" PMx="0.26" fuel="4.94" electricity="0.00" noise="73.65" route="routetop" type="cfm-fast" waiting="0.00" lane="top_0" pos="21.67" speed="24.42" angle="235.44" x="20.47" y="116.96"/>
        <vehicle id="cfm-fast_5" eclass="HBEFA3/PC_G_EU4" CO2="422696.38" CO="11212.02" HC="61.82" NOx="197.69" PMx="12.10" fuel="181.70" electricity="0.00" noise="163.05" route="routetop" type="cfm-fast" waiting="0.00" lane="top_1" pos="41.00" speed="99.82" angle="200.69" x="0.95" y="81.90"/>
        <vehicle id="cfm-slow_0" eclass="HBEFA3/PC_G_EU4" CO2="15005.35" CO="240.84" HC="1.47" NOx="6.40" PMx="0.35" fuel="6.45" electricity="0.00" noise="75.53" route="routetop" type="cfm-slow" waiting="0.00" lane="top_0" pos="37.24" speed="25.56" angle="207.53" x="0.51" y="90.48"/>
        <vehicle id="cfm-slow_1" eclass="HBEFA3/PC_G_EU4" CO2="13951.17" CO="225.92" HC="1.38" NOx="5.87" PMx="0.33" fuel="6.00" electricity="0.00" noise="75.37" route="routetop" type="cfm-slow" waiting="0.00" lane="left_0" pos="7.97" speed="27.12" angle="170.07" x="-2.78" y="46.60"/>
        <vehicle id="cfm-slow_2" eclass="HBEFA3/PC_G_EU4" CO2="9885.37" CO="148.95" HC="0.93" NOx="3.93" PMx="0.23" fuel="4.25" electricity="0.00" noise="74.27" route="routetop" type="cfm-slow" waiting="0.00" lane="left_0" pos="30.27" speed="28.35" angle="129.99" x="23.81" y="7.83"/>
        <vehicle id="cfm-slow_3" eclass="HBEFA3/PC_G_EU4" CO2="0.00" CO="0.00" HC="0.00" NOx="0.00" PMx="0.00" fuel="0.00" electricity="0.00" noise="73.06" route="routebottom" type="cfm-slow" waiting="0.00" lane="bottom_0" pos="3.77" speed="28.88" angle="87.74" x="71.84" y="-4.46"/>
        <vehicle id="cfm-slow_4" eclass="HBEFA3/PC_G_EU4" CO2="0.00" CO="0.00" HC="0.00" NOx="0.00" PMx="0.00" fuel="0.00" electricity="0.00" noise="72.15" route="routebottom" type="cfm-slow" waiting="0.00" lane="bottom_0" pos="27.73" speed="28.58" angle="44.58" x="116.13" y="19.48"/>
        <vehicle id="cfm-slow_5" eclass="HBEFA3/PC_G_EU4" CO2="0.00" CO="0.00" HC="0.00" NOx="0.00" PMx="0.00" fuel="0.00" electricity="0.00" noise="71.37" route="routebottom" type="cfm-slow" waiting="0.00" lane="right_0" pos="1.30" speed="27.56" angle="2.13" x="132.21" y="66.56"/>
    </timestep>
    <timestep time="7.33">
        <vehicle id="cfm-fast_0" eclass="HBEFA3/PC_G_EU4" CO2="0.00" CO="0.00" HC="0.00" NOx="0.00" PMx="0.00" fuel="0.00" electricity="0.00" noise="70.66" route="routebottom" type="cfm-fast" waiting="0.00" lane="right_0" pos="24.05" speed="26.13" angle="321.19" x="113.60" y="110.70"/>
        <vehicle id="cfm-fast_1" eclass="HBEFA3/PC_G_EU4" CO2="320161.04" CO="8442.30" HC="46.60" NOx="149.39" PMx="9.15" fuel="137.62" electricity="0.00" noise="148.42" route="routebottom" type="cfm-fast" waiting="0.00" lane="right_1" pos="10.17" speed="89.06" angle="346.21" x="125.67" y="84.19"/>
        <vehicle id="cfm-fast_2" eclass="HBEFA3/PC_G_EU4" CO2="0.00" CO="0.00" HC="0.00" NOx="0.00" PMx="0.00" fuel="0.00" electricity="0.00" noise="70.40" route="routebottom" type="cfm-fast" waiting="0.00" lane="right_0" pos="41.12" speed="24.78" angle="290.54" x="82.62" y="129.60"/>
        <vehicle id="cfm-fast_3" eclass="HBEFA3/PC_G_EU4" CO2="5731.98" CO="45.47" HC="0.35" NOx="2.06" PMx="0.11" fuel="2.46" electricity="0.00" noise="71.37" route="routetop" type="cfm-fast" waiting="0.00" lane="top_0" pos="6.82" speed="24.11" angle="262.15" x="49.01" y="130.68"/>
        <vehicle id="cfm-fast_4" eclass="HBEFA3/PC_G_EU4" CO2="11526.71" CO="165.62" HC="1.04" NOx="4.79" PMx="0.26" fuel="4.95" electricity="0.00" noise="73.66" route="routetop" type="cfm-fast" waiting="0.00" lane="top_0" pos="21.92" speed="24.44" angle="235.03" x="20.06" y="116.63"/>
        <vehicle id="cfm-fast_5" eclass="HBEFA3/PC_G_EU4" CO2="423377.25" CO="11235.01" HC="61.94" NOx="198.01" PMx="12.12" fuel="181.99" electricity="0.00" noise="163.11" route="routetop" type="cfm-fast" waiting="0.00" lane="top_1" pos="42.00" speed="99.95" angle="198.86" x="0.42" y="79.92"/>
        <vehicle id="cfm-slow_0" eclass="HBEFA3/PC_G_EU4" CO2="14996.46" CO="240.72" HC="1.47" NOx="6.40" PMx="0.35" fuel="6.45" electricity="0.00" noise="75.53" route="routetop" type="cfm-slow" waiting="0.00" lane="top_0" pos="37.49" speed="25.57" angle="207.06" x="0.30" y="89.97"/>
        <vehicle id="cfm-slow_1" eclass="HBEFA3/PC_G_EU4" CO2="13913.33" CO="225.20" HC="1.37" NOx="5.85" PMx="0.33" fuel="5.98" electricity="0.00" noise="75.35" route="routetop" type="cfm-slow" waiting="0.00" lane="left_0" pos="8.25" speed="27.13" angle="169.57" x="-2.63" y="46.03"/>
        <vehicle id="cfm-slow_2" eclass="HBEFA3/PC_G_EU4" CO2="9826.78" CO="147.78" HC="0.92" NOx="3.90" PMx="0.23" fuel="4.22" electricity="0.00" noise="74.25" route="routetop" type="cfm-slow" waiting="0.00" lane="left_0" pos="30.56" speed="28.35" angle="129.47" x="24.30" y="7.47"/>
        <vehicle id="cfm-slow_3" eclass="HBEFA3/PC_G_EU4" CO2="0.00" CO="0.00" HC="0.00" NOx="0.00" PMx="0.00" fuel="0.00" electricity="0.00" noise="73.05" route="routebottom" type="cfm-slow" waiting="0.00" lane="bottom_0" pos="4.05" speed="28.88" angle="87.23" x="72.46" y="-4.38"/>
        <vehicle id="cfm-slow_4" eclass="HBEFA3/PC_G_EU4" CO2="0.00" CO="0.00" HC="0.00" NOx="0.00" PMx="0.00" fuel="0.00" electricity="0.00" noise="72.15" route="routebottom" type="cfm-slow" waiting="0.00" lane="bottom_0" pos="28.01" speed="28.57" angle="44.04" x="116.53" y="19.95"/>
        <vehicle id="cfm-slow_5" eclass="HBEFA3/PC_G_EU4" CO2="0.00" CO="0.00" HC="0.00" NOx="0.00" PMx="0.00" fuel="0.00" electricity="0.00" noise="71.37" route="routebottom" type="cfm-slow" waiting="0.00" lane="right_0" pos="1.58" speed="27.54" angle="1.64" x="132.18" y="67.15"/>
    </timestep>
    <timestep time="7.34">
        <vehicle id="cfm-fast_0" eclass="HBEFA3/PC_G_EU4" CO2="0.00" CO="0.00" HC="0.00" NOx="0.00" PMx="0.00" fuel="0.00" electricity="0.00" noise="70.66" route="routebottom" type="cfm-fast" waiting="0.00" lane="right_0" pos="24.31" speed="26.12" angle="320.75" x="113.21" y="111.11"/>
        <vehicle id="cfm-fast_1" eclass="HBEFA3/PC_G_EU4" CO2="320977.65" CO="8465.64" HC="46.73" NOx="149.78" PMx="9.17" fuel="137.97" electricity="0.00" noise="148.53" route="routebottom" type="cfm-fast" waiting="0.00" lane="right_1" pos="11.06" speed="89.18" angle="344.52" x="125.05" y="85.92"/>
        <vehicle id="cfm-fast_2" eclass="HBEFA3/PC_G_EU4" CO2="0.00" CO="0.00" HC="0.00" NOx="0.00" PMx="0.00" fuel="0.00" electricity="0.00" noise="70.41" route="routebottom" type="cfm-fast" waiting="0.00" lane="right_0" pos="41.36" speed="24.77" angle="290.09" x="82.11" y="129.74"/>
        <vehicle id="cfm-fast_3" eclass="HBEFA3/PC_G_EU4" CO2="5787.09" CO="46.62" HC="0.36" NOx="2.09" PMx="0.11" fuel="2.49" electricity="0.00" noise="71.39" route="routetop" type="cfm-fast" waiting="0.00" lane="top_0" pos="7.06" speed="24.12" angle="261.69" x="48.50" y="130.56"/>
        <vehicle id="cfm-fast_4" eclass="HBEFA3/PC_G_EU4" CO2="11556.51" CO="166.26" HC="1.04" NOx="4.80" PMx="0.26" fuel="4.97" electricity="0.00" noise="73.68" route="routetop" type="cfm-fast" waiting="0.00" lane="top_0" pos="22.16" speed="24.45" angle="234.57" x="19.66" y="116.29"/>
        <vehicle id="cfm-fast_5" eclass="HBEFA3/PC_G_EU4" CO2="424058.40" CO="11258.03" HC="62.06" NOx="198.33" PMx="12.14" fuel="182.28" electricity="0.00" noise="163.18" route="routetop" type="cfm-fast" waiting="0.00" lane="top_1" pos="43.00" speed="100.09" angle="197.11" x="-0.06" y="77.92"/>
        <vehicle id="cfm-slow_0" eclass="HBEFA3/PC_G_EU4" CO2="14987.31" CO="240.59" HC="1.47" NOx="6.40" PMx="0.35" fuel="6.44" electricity="0.00" noise="75.53" route="routetop" type="cfm-slow" waiting="0.00" lane="top_0" pos="37.75" speed="25.59" angle="206.59" x="0.10" y="89.46"/>
        <vehicle id="cfm-slow_1" eclass="HBEFA3/PC_G_EU4" CO2="13875.28" CO="224.48" HC="1.37" NOx="5.84" PMx="0.33" fuel="5.96" electricity="0.00" noise="75.34" route="routetop" type="cfm-slow" waiting="0.00" lane="left_0" pos="8.52" speed="27.15" angle="169.07" x="-2.48" y="45.47"/>
        <vehicle id="cfm-slow_2" eclass="HBEFA3/PC_G_EU4" CO2="9768.17" CO="146.61" HC="0.91" NOx="3.87" PMx="0.22" fuel="4.20" electricity="0.00" noise="74.24" route="routetop" type="cfm-slow" waiting="0.00" lane="left_0" pos="30.84" speed="28.36" angle="129.02" x="24.80" y="7.12"/>
        <vehicle id="cfm-slow_3" eclass="HBEFA3/PC_G_EU4" CO2="0.00" CO="0.00" HC="0.00" NOx="0.00" PMx="0.00" fuel="0.00" electricity="0.00" noise="73.04" route="routebottom" type="cfm-slow" waiting="0.00" lane="bottom_0" pos="4.34" speed="28.88" angle="86.71" x="73.07" y="-4.29"/>
        <vehicle id="cfm-slow_4" eclass="HBEFA3/PC_G_EU4" CO2="0.00" CO="0.00" HC="0.00" NOx="0.00" PMx="0.00" fuel="0.00" electricity="0.00" noise="72.14" route="routebottom" type="cfm-slow" waiting="0.00" lane="bottom_0" pos="28.30" speed="28.56" angle="43.57" x="116.92" y="20.42"/>
        <vehicle id="cfm-slow_5" eclass="HBEFA3/PC_G_EU4" CO2="0.00" CO="0.00" HC="0.00" NOx="0.00" PMx="0.00" fuel="0.00" electricity="0.00" noise="71.36" route="routebottom" type="cfm-slow" waiting="0.00" lane="right_0" pos="1.85" speed="27.53" angle="1.15" x="132.14" y="67.74"/>
    </timestep>
    <timestep time="7.35">
        <vehicle id="cfm-fast_0" eclass="HBEFA3/PC_G_EU4" CO2="0.00" CO="0.00" HC="0.00" NOx="0.00" PMx="0.00" fuel="0.00" electricity="0.00" noise="70.65" route="routebottom" type="cfm-fast" waiting="0.00" lane="right_0" pos="24.57" speed="26.11" angle="320.29" x="112.82" y="111.51"/>
        <vehicle id="cfm-fast_1" eclass="HBEFA3/PC_G_EU4" CO2="321794.49" CO="8489.02" HC="46.85" NOx="150.16" PMx="9.20" fuel="138.32" electricity="0.00" noise="148.65" route="routebottom" type="cfm-fast" waiting="0.00" lane="right_1" pos="11.96" speed="89.29" angle="342.93" x="124.40" y="87.63"/>
        <vehicle id="cfm-fast_2" eclass="HBEFA3/PC_G_EU4" CO2="0.00" CO="0.00" HC="0.00" NOx="0.00" PMx="0.00" fuel="0.00" electricity="0.00" noise="70.41" route="routebottom" type="cfm-fast" waiting="0.00" lane="right_0" pos="41.61" speed="24.76" angle="289.64" x="81.59" y="129.88"/>
        <vehicle id="cfm-fast_3" eclass="HBEFA3/PC_G_EU4" CO2="5841.97" CO="47.75" HC="0.36" NOx="2.11" PMx="0.11" fuel="2.51" electricity="0.00" noise="71.40" route="routetop" type="cfm-fast" waiting="0.00" lane="top_0" pos="7.31" speed="24.12" angle="261.24" x="47.99" y="130.45"/>
        <vehicle id="cfm-fast_4" eclass="HBEFA3/PC_G_EU4" CO2="11586.00" CO="166.90" HC="1.05" NOx="4.82" PMx="0.26" fuel="4.98" electricity="0.00" noise="73.70" route="routetop" type="cfm-fast" waiting="0.00" lane="top_0" pos="22.41" speed="24.46" angle="234.11" x="19.26" y="115.95"/>
        <vehicle id="cfm-fast_5" eclass="HBEFA3/PC_G_EU4" CO2="424739.85" CO="11281.06" HC="62.19" NOx="198.65" PMx="12.16" fuel="182.57" electricity="0.00" noise="163.24" route="routetop" type="cfm-fast" waiting="0.00" lane="top_1" pos="44.00" speed="100.23" angle="195.34" x="-0.48" y="75.91"/>
        <vehicle id="cfm-slow_0" eclass="HBEFA3/PC_G_EU4" CO2="14977.90" CO="240.45" HC="1.47" NOx="6.39" PMx="0.35" fuel="6.44" electricity="0.00" noise="75.53" route="routetop" type="cfm-slow" waiting="0.00" lane="top_0" pos="38.01" speed="25.61" angle="206.12" x="-0.11" y="88.95"/>
        <vehicle id="cfm-slow_1" eclass="HBEFA3/PC_G_EU4" CO2="13837.03" CO="223.76" HC="1.37" NOx="5.82" PMx="0.33" fuel="5.95" electricity="0.00" noise="75.33" route="routetop" type="cfm-slow" waiting="0.00" lane="left_0" pos="8.79" speed="27.16" angle="168.58" x="-2.33" y="44.90"/>
        <vehicle id="cfm-slow_2" eclass="HBEFA3/PC_G_EU4" CO2="9709.55" CO="145.44" HC="0.91" NOx="3.84" PMx="0.22" fuel="4.17" electricity="0.00" noise="74.22" route="routetop" type="cfm-slow" waiting="0.00" lane="left_0" pos="31.12" speed="28.37" angle="128.50" x="25.31" y="6.78"/>
        <vehicle id="cfm-slow_3" eclass="HBEFA3/PC_G_EU4" CO2="0.00" CO="0.00" HC="0.00" NOx="0.00" PMx="0.00" fuel="0.00" electricity="0.00" noise="73.03" route="routebottom" type="cfm-slow" waiting="0.00" lane="bottom_0" pos="4.63" speed="28.88" angle="86.19" x="73.69" y="-4.21"/>
        <vehicle id="cfm-slow_4" eclass="HBEFA3/PC_G_EU4" CO2="0.00" CO="0.00" HC="0.00" NOx="0.00" PMx="0.00" fuel="0.00" electricity="0.00" noise="72.13" route="routebottom" type="cfm-slow" waiting="0.00" lane="bottom_0" pos="28.58" speed="28.55" angle="43.04" x="117.30" y="20.91"/>
        <vehicle id="cfm-slow_5" eclass="HBEFA3/PC_G_EU4" CO2="0.00" CO="0.00" HC="0.00" NOx="0.00" PMx="0.00" fuel="0.00" electricity="0.00" noise="71.35" route="routebottom" type="cfm-slow" waiting="0.00" lane="right_0" pos="2.13" speed="27.52" angle="0.66" x="132.11" y="68.33"/>
    </timestep>
    <timestep time="7.36">
        <vehicle id="cfm-fast_0" eclass="HBEFA3/PC_G_EU4" CO2="0.00" CO="0.00" HC="0.00" NOx="0.00" PMx="0.00" fuel="0.00" electricity="0.00" noise="70.65" route="routebottom" type="cfm-fast" waiting="0.00" lane="right_0" pos="24.83" speed="26.09" angle="319.80" x="112.42" y="111.91"/>
        <vehicle id="cfm-fast_1" eclass="HBEFA3/PC_G_EU4" CO2="322611.53" CO="8512.41" HC="46.98" NOx="150.55" PMx="9.22" fuel="138.67" electricity="0.00" noise="148.77" route="routebottom" type="cfm-fast" waiting="0.00" lane="right_1" pos="12.85" speed="89.41" angle="341.41" x="123.72" y="89.33"/>
        <vehicle id="cfm-fast_2" eclass="HBEFA3/PC_G_EU4" CO2="0.00" CO="0.00" HC="0.00" NOx="0.00" PMx="0.00" fuel="0.00" electricity="0.00" noise="70.42" route="routebottom" type="cfm-fast" waiting="0.00" lane="right_0" pos="41.86" speed="24.76" angle="289.19" x="81.08" y="130.02"/>
        <vehicle id="cfm-fast_3" eclass="HBEFA3/PC_G_EU4" CO2="5896.62" CO="48.88" HC="0.37" NOx="2.14" PMx="0.11" fuel="2.53" electricity="0.00" noise="71.42" route="routetop" type="cfm-fast" waiting="0.00" lane="top_0" pos="7.55" speed="24.12" angle="260.80" x="47.49" y="130.34"/>
        <vehicle id="cfm-fast_4" eclass="HBEFA3/PC_G_EU4" CO2="11615.18" CO="167.53" HC="1.05" NOx="4.83" PMx="0.26" fuel="4.99" electricity="0.00" noise="73.71" route="routetop" type="cfm-fast" waiting="0.00" lane="top_0" pos="22.65" speed="24.47" angle="233.65" x="18.86" y="115.61"/>
        <vehicle id="cfm-fast_5" eclass="HBEFA3/PC_G_EU4" CO2="425421.59" CO="11304.11" HC="62.31" NOx="198.97" PMx="12.18" fuel="182.87" electricity="0.00" noise="163.31" route="routetop" type="cfm-fast" waiting="0.00" lane="top_1" pos="45.01" speed="100.36" angle="193.55" x="-0.85" y="73.89"/>
        <vehicle id="cfm-slow_0" eclass="HBEFA3/PC_G_EU4" CO2="14968.23" CO="240.31" HC="1.47" NOx="6.39" PMx="0.35" fuel="6.43" electricity="0.00" noise="75.52" route="routetop" type="cfm-slow" waiting="0.00" lane="top_0" pos="38.26" speed="25.62" angle="205.64" x="-0.31" y="88.44"/>
        <vehicle id="cfm-slow_1" eclass="HBEFA3/PC_G_EU4" CO2="13798.58" CO="223.03" HC="1.36" NOx="5.80" PMx="0.32" fuel="5.93" electricity="0.00" noise="75.31" route="routetop" type="cfm-slow" waiting="0.00" lane="left_0" pos="9.06" speed="27.17" angle="168.13" x="-2.17" y="44.34"/>
        <vehicle id="cfm-slow_2" eclass="HBEFA3/PC_G_EU4" CO2="9650.93" CO="144.27" HC="0.90" NOx="3.82" PMx="0.22" fuel="4.15" electricity="0.00" noise="74.21" route="routetop" type="cfm-slow" waiting="0.00" lane="left_0" pos="31.41" speed="28.37" angle="127.99" x="25.81" y="6.45"/>
        <vehicle id="cfm-slow_3" eclass="HBEFA3/PC_G_EU4" CO2="0.00" CO="0.00" HC="0.00" NOx="0.00" PMx="0.00" fuel="0.00" electricity="0.00" noise="73.02" route="routebottom" type="cfm-slow" waiting="0.00" lane="bottom_0" pos="4.92" speed="28.88" angle="85.67" x="74.30" y="-4.12"/>
        <vehicle id="cfm-slow_4" eclass="HBEFA3/PC_G_EU4" CO2="0.00" CO="0.00" HC="0.00" NOx="0.00" PMx="0.00" fuel="0.00" electricity="0.00" noise="72.12" route="routebottom" type="cfm-slow" waiting="0.00" lane="bottom_0" pos="28.87" speed="28.54" angle="42.51" x="117.68" y="21.39"/>
        <vehicle id="cfm-slow_5" eclass="HBEFA3/PC_G_EU4" CO2="0.00" CO="0.00" HC="0.00" NOx="0.00" PMx="0.00" fuel="0.00" electricity="0.00" noise="71.34" route="routebottom" type="cfm-slow" waiting="0.00" lane="right_0" pos="2.40" speed="27.50" angle="0.16" x="132.07" y="68.93"/>
    </timestep>
    <timestep time="7.37">
        <vehicle id="cfm-fast_0" eclass="HBEFA3/PC_G_EU4" CO2="0.00" CO="0.00" HC="0.00" NOx="0.00" PMx="0.00" fuel="0.00" electricity="0.00" noise="70.64" route="routebottom" type="cfm-fast" waiting="0.00" lane="right_0" pos="25.09" speed="26.08" angle="319.32" x="112.03" y="112.30"/>
        <vehicle id="cfm-fast_1" eclass="HBEFA3/PC_G_EU4" CO2="323428.77" CO="8535.83" HC="47.11" NOx="150.93" PMx="9.24" fuel="139.03" electricity="0.00" noise="148.88" route="routebottom" type="cfm-fast" waiting="0.00" lane="right_1" pos="13.75" speed="89.52" angle="339.72" x="122.97" y="91.00"/>
        <vehicle id="cfm-fast_2" eclass="HBEFA3/PC_G_EU4" CO2="0.00" CO="0.00" HC="0.00" NOx="0.00" PMx="0.00" fuel="0.00" electricity="0.00" noise="70.42" route="routebottom" type="cfm-fast" waiting="0.00" lane="right_0" pos="42.11" speed="24.75" angle="288.74" x="80.56" y="130.15"/>
        <vehicle id="cfm-fast_3" eclass="HBEFA3/PC_G_EU4" CO2="5951.03" CO="50.01" HC="0.37" NOx="2.16" PMx="0.11" fuel="2.56" electricity="0.00" noise="71.44" route="routetop" type="cfm-fast" waiting="0.00" lane="top_0" pos="7.79" speed="24.13" angle="260.41" x="46.98" y="130.21"/>
        <vehicle id="cfm-fast_4" eclass="HBEFA3/PC_G_EU4" CO2="11644.04" CO="168.16" HC="1.05" NOx="4.84" PMx="0.26" fuel="5.01" electricity="0.00" noise="73.73" route="routetop" type="cfm-fast" waiting="0.00" lane="top_0" pos="22.90" speed="24.48" angle="233.20" x="18.46" y="115.27"/>
        <vehicle id="cfm-fast_5" eclass="HBEFA3/PC_G_EU4" CO2="426103.63" CO="11327.19" HC="62.43" NOx="199.29" PMx="12.20" fuel="183.16" electricity="0.00" noise="163.37" route="routetop" type="cfm-fast" waiting="0.00" lane="top_1" pos="46.01" speed="100.50" angle="191.71" x="-1.14" y="71.85"/>
        <vehicle id="cfm-slow_0" eclass="HBEFA3/PC_G_EU4" CO2="14958.29" CO="240.16" HC="1.47" NOx="6.38" PMx="0.35" fuel="6.43" electricity="0.00" noise="75.52" route="routetop" type="cfm-slow" waiting="0.00" lane="top_0" pos="38.52" speed="25.64" angle="205.23" x="-0.51" y="87.93"/>
        <vehicle id="cfm-slow_1" eclass="HBEFA3/PC_G_EU4" CO2="13759.93" CO="222.30" HC="1.36" NOx="5.78" PMx="0.32" fuel="5.91" electricity="0.00" noise="75.30" route="routetop" type="cfm-slow" waiting="0.00" lane="left_0" pos="9.33" speed="27.18" angle="167.63" x="-1.99" y="43.78"/>
        <vehicle id="cfm-slow_2" eclass="HBEFA3/PC_G_EU4" CO2="9592.30" CO="143.10" HC="0.89" NOx="3.79" PMx="0.22" fuel="4.12" electricity="0.00" noise="74.19" route="routetop" type="cfm-slow" waiting="0.00" lane="left_0" pos="31.69" speed="28.38" angle="127.48" x="26.32" y="6.11"/>
        <vehicle id="cfm-slow_3" eclass="HBEFA3/PC_G_EU4" CO2="0.00" CO="0.00" HC="0.00" NOx="0.00" PMx="0.00" fuel="0.00" electricity="0.00" noise="73.01" route="routebottom" type="cfm-slow" waiting="0.00" lane="bottom_0" pos="5.21" speed="28.87" angle="85.10" x="74.92" y="-4.02"/>
        <vehicle id="cfm-slow_4" eclass="HBEFA3/PC_G_EU4" CO2="0.00" CO="0.00" HC="0.00" NOx="0.00" PMx="0.00" fuel="0.00" electricity="0.00" noise="72.11" route="routebottom" type="cfm-slow" waiting="0.00" lane="bottom_0" pos="29.15" speed="28.53" angle="41.98" x="118.06" y="21.87"/>
        <vehicle id="cfm-slow_5" eclass="HBEFA3/PC_G_EU4" CO2="0.00" CO="0.00" HC="0.00" NOx="0.00" PMx="0.00" fuel="0.00" electricity="0.00" noise="71.34" route="routebottom" type="cfm-slow" waiting="0.00" lane="right_0" pos="2.68" speed="27.49" angle="359.69" x="132.03" y="69.51"/>
    </timestep>
    <timestep time="7.38">
        <vehicle id="cfm-fast_0" eclass="HBEFA3/PC_G_EU4" CO2="0.00" CO="0.00" HC="0.00" NOx="0.00" PMx="0.00" fuel="0.00" electricity="0.00" noise="70.64" route="routebottom" type="cfm-fast" waiting="0.00" lane="right_0" pos="25.35" speed="26.07" angle="318.83" x="111.63" y="112.70"/>
        <vehicle id="cfm-fast_1" eclass="HBEFA3/PC_G_EU4" CO2="324246.21" CO="8559.27" HC="47.24" NOx="151.31" PMx="9.27" fuel="139.38" electricity="0.00" noise="149.00" route="routebottom" type="cfm-fast" waiting="0.00" lane="right_1" pos="14.64" speed="89.64" angle="338.10" x="122.17" y="92.66"/>
        <vehicle id="cfm-fast_2" eclass="HBEFA3/PC_G_EU4" CO2="0.00" CO="0.00" HC="0.00" NOx="0.00" PMx="0.00" fuel="0.00" electricity="0.00" noise="70.43" route="routebottom" type="cfm-fast" waiting="0.00" lane="right_0" pos="42.35" speed="24.74" angle="288.35" x="80.05" y="130.29"/>
        <vehicle id="cfm-fast_3" eclass="HBEFA3/PC_G_EU4" CO2="6005.22" CO="51.14" HC="0.38" NOx="2.19" PMx="0.11" fuel="2.58" electricity="0.00" noise="71.46" route="routetop" type="cfm-fast" waiting="0.00" lane="top_0" pos="8.03" speed="24.13" angle="259.97" x="46.48" y="130.08"/>
        <vehicle id="cfm-fast_4" eclass="HBEFA3/PC_G_EU4" CO2="11672.59" CO="168.78" HC="1.06" NOx="4.86" PMx="0.26" fuel="5.02" electricity="0.00" noise="73.75" route="routetop" type="cfm-fast" waiting="0.00" lane="top_0" pos="23.14" speed="24.49" angle="232.82" x="18.06" y="114.92"/>
        <vehicle id="cfm-fast_5" eclass="HBEFA3/PC_G_EU4" CO2="426785.95" CO="11350.29" HC="62.55" NOx="199.61" PMx="12.22" fuel="183.45" electricity="0.00" noise="163.44" route="routetop" type="cfm-fast" waiting="0.00" lane="top_1" pos="47.02" speed="100.64" angle="189.89" x="-1.35" y="69.79"/>
        <vehicle id="cfm-slow_0" eclass="HBEFA3/PC_G_EU4" CO2="14948.10" CO="240.01" HC="1.47" NOx="6.38" PMx="0.35" fuel="6.43" electricity="0.00" noise="75.52" route="routetop" type="cfm-slow" waiting="0.00" lane="top_0" pos="38.78" speed="25.65" angle="204.75" x="-0.70" y="87.41"/>
        <vehicle id="cfm-slow_1" eclass="HBEFA3/PC_G_EU4" CO2="13721.07" CO="221.56" HC="1.35" NOx="5.76" PMx="0.32" fuel="5.90" electricity="0.00" noise="75.29" route="routetop" type="cfm-slow" waiting="0.00" lane="left_0" pos="9.60" speed="27.20" angle="167.13" x="-1.82" y="43.22"/>
        <vehicle id="cfm-slow_2" eclass="HBEFA3/PC_G_EU4" CO2="9533.67" CO="141.93" HC="0.89" NOx="3.76" PMx="0.22" fuel="4.10" electricity="0.00" noise="74.18" route="routetop" type="cfm-slow" waiting="0.00" lane="left_0" pos="31.98" speed="28.38" angle="126.99" x="26.83" y="5.77"/>
        <vehicle id="cfm-slow_3" eclass="HBEFA3/PC_G_EU4" CO2="0.00" CO="0.00" HC="0.00" NOx="0.00" PMx="0.00" fuel="0.00" electricity="0.00" noise="73.00" route="routebottom" type="cfm-slow" waiting="0.00" lane="bottom_0" pos="5.50" speed="28.87" angle="84.58" x="75.53" y="-3.91"/>
        <vehicle id="cfm-slow_4" eclass="HBEFA3/PC_G_EU4" CO2="0.00" CO="0.00" HC="0.00" NOx="0.00" PMx="0.00" fuel="0.00" electricity="0.00" noise="72.11" route="routebottom" type="cfm-slow" waiting="0.00" lane="bottom_0" pos="29.44" speed="28.52" angle="41.49" x="118.44" y="22.35"/>
        <vehicle id="cfm-slow_5" eclass="HBEFA3/PC_G_EU4" CO2="0.00" CO="0.00" HC="0.00" NOx="0.00" PMx="0.00" fuel="0.00" electricity="0.00" noise="71.33" route="routebottom" type="cfm-slow" waiting="0.00" lane="right_0" pos="2.95" speed="27.47" angle="359.20" x="131.97" y="70.10"/>
    </timestep>
    <timestep time="7.39">
        <vehicle id="cfm-fast_0" eclass="HBEFA3/PC_G_EU4" CO2="0.00" CO="0.00" HC="0.00" NOx="0.00" PMx="0.00" fuel="0.00" electricity="0.00" noise="70.64" route="routebottom" type="cfm-fast" waiting="0.00" lane="right_0" pos="25.61" speed="26.06" angle="318.40" x="111.23" y="113.10"/>
        <vehicle id="cfm-fast_1" eclass="HBEFA3/PC_G_EU4" CO2="325063.82" CO="8582.74" HC="47.36" NOx="151.70" PMx="9.29" fuel="139.73" electricity="0.00" noise="149.12" route="routebottom" type="cfm-fast" waiting="0.00" lane="right_1" pos="15.54" speed="89.76" angle="336.51" x="121.34" y="94.30"/>
        <vehicle id="cfm-fast_2" eclass="HBEFA3/PC_G_EU4" CO2="0.00" CO="0.00" HC="0.00" NOx="0.00" PMx="0.00" fuel="0.00" electricity="0.00" noise="70.43" route="routebottom" type="cfm-fast" waiting="0.00" lane="right_0" pos="42.60" speed="24.74" angle="287.90" x="79.53" y="130.41"/>
        <vehicle id="cfm-fast_3" eclass="HBEFA3/PC_G_EU4" CO2="6059.17" CO="52.25" HC="0.39" NOx="2.22" PMx="0.11" fuel="2.60" electricity="0.00" noise="71.48" route="routetop" type="cfm-fast" waiting="0.00" lane="top_0" pos="8.27" speed="24.13" angle="259.53" x="45.98" y="129.94"/>
        <vehicle id="cfm-fast_4" eclass="HBEFA3/PC_G_EU4" CO2="11700.84" CO="169.40" HC="1.06" NOx="4.87" PMx="0.26" fuel="5.03" electricity="0.00" noise="73.76" route="routetop" type="cfm-fast" waiting="0.00" lane="top_0" pos="23.39" speed="24.51" angle="232.38" x="17.67" y="114.57"/>
        <vehicle id="cfm-fast_5" eclass="HBEFA3/PC_G_EU4" CO2="427231.67" CO="11368.52" HC="62.65" NOx="199.82" PMx="12.24" fuel="183.65" electricity="0.00" noise="163.47" route="routetop" type="cfm-fast" waiting="0.00" lane="top_1" pos="48.03" speed="100.77" angle="188.09" x="-1.51" y="67.74"/>
        <vehicle id="cfm-slow_0" eclass="HBEFA3/PC_G_EU4" CO2="14937.64" CO="239.86" HC="1.46" NOx="6.37" PMx="0.35" fuel="6.42" electricity="0.00" noise="75.52" route="routetop" type="cfm-slow" waiting="0.00" lane="top_0" pos="39.03" speed="25.67" angle="204.28" x="-0.89" y="86.89"/>
        <vehicle id="cfm-slow_1" eclass="HBEFA3/PC_G_EU4" CO2="13682.02" CO="220.82" HC="1.35" NOx="5.74" PMx="0.32" fuel="5.88" electricity="0.00" noise="75.28" route="routetop" type="cfm-slow" waiting="0.00" lane="left_0" pos="9.88" speed="27.21" angle="166.62" x="-1.65" y="42.66"/>
        <vehicle id="cfm-slow_2" eclass="HBEFA3/PC_G_EU4" CO2="9475.04" CO="140.76" HC="0.88" NOx="3.73" PMx="0.22" fuel="4.07" electricity="0.00" noise="74.16" route="routetop" type="cfm-slow" waiting="0.00" lane="left_0" pos="32.26" speed="28.39" angle="126.51" x="27.35" y="5.45"/>
        <vehicle id="cfm-slow_3" eclass="HBEFA3/PC_G_EU4" CO2="0.00" CO="0.00" HC="0.00" NOx="0.00" PMx="0.00" fuel="0.00" electricity="0.00" noise="72.99" route="routebottom" type="cfm-slow" waiting="0.00" lane="bottom_0" pos="5.79" speed="28.87" angle="84.05" x="76.14" y="-3.80"/>
        <vehicle id="cfm-slow_4" eclass="HBEFA3/PC_G_EU4" CO2="0.00" CO="0.00" HC="0.00" NOx="0.00" PMx="0.00" fuel="0.00" electricity="0.00" noise="72.10" route="routebottom" type="cfm-slow" waiting="0.00" lane="bottom_0" pos="29.72" speed="28.51" angle="41.00" x="118.80" y="22.85"/>
        <vehicle id="cfm-slow_5" eclass="HBEFA3/PC_G_EU4" CO2="0.00" CO="0.00" HC="0.00" NOx="0.00" PMx="0.00" fuel="0.00" electricity="0.00" noise="71.32" route="routebottom" type="cfm-slow" waiting="0.00" lane="right_0" pos="3.23" speed="27.46" angle="358.71" x="131.91" y="70.69"/>
    </timestep>
    <timestep time="7.40">
        <vehicle id="cfm-fast_0" eclass="HBEFA3/PC_G_EU4" CO2="0.00" CO="0.00" HC="0.00" NOx="0.00" PMx="0.00" fuel="0.00" electricity="0.00" noise="70.63" route="routebottom" type="cfm-fast" waiting="0.00" lane="right_0" pos="25.87" speed="26.04" angle="317.94" x="110.82" y="113.48"/>
        <vehicle id="cfm-fast_1" eclass="HBEFA3/PC_G_EU4" CO2="325879.67" CO="8606.18" HC="47.49" NOx="152.08" PMx="9.32" fuel="140.08" electricity="0.00" noise="149.23" route="routebottom" type="cfm-fast" waiting="0.00" lane="right_1" pos="16.44" speed="89.87" angle="334.92" x="120.44" y="95.91"/>
        <vehicle id="cfm-fast_2" eclass="HBEFA3/PC_G_EU4" CO2="0.00" CO="0.00" HC="0.00" NOx="0.00" PMx="0.00" fuel="0.00" electricity="0.00" noise="70.44" route="routebottom" type="cfm-fast" waiting="0.00" lane="right_0" pos="42.85" speed="24.73" angle="287.45" x="79.01" y="130.52"/>
        <vehicle id="cfm-fast_3" eclass="HBEFA3/PC_G_EU4" CO2="6112.90" CO="53.37" HC="0.39" NOx="2.24" PMx="0.12" fuel="2.63" electricity="0.00" noise="71.49" route="routetop" type="cfm-fast" waiting="0.00" lane="top_0" pos="8.51" speed="24.14" angle="259.08" x="45.48" y="129.81"/>
        <vehicle id="cfm-fast_4" eclass="HBEFA3/PC_G_EU4" CO2="11728.77" CO="170.00" HC="1.07" NOx="4.88" PMx="0.26" fuel="5.04" electricity="0.00" noise="73.78" route="routetop" type="cfm-fast" waiting="0.00" lane="top_0" pos="23.63" speed="24.52" angle="231.94" x="17.28" y="114.21"/>
        <vehicle id="cfm-fast_5" eclass="HBEFA3/PC_G_EU4" CO2="421518.24" CO="11259.81" HC="62.01" NOx="197.12" PMx="12.09" fuel="181.19" electricity="0.00" noise="162.46" route="routetop" type="cfm-fast" waiting="0.00" lane="top_1" pos="49.03" speed="100.91" angle="186.28" x="-1.61" y="65.67"/>
        <vehicle id="cfm-slow_0" eclass="HBEFA3/PC_G_EU4" CO2="14926.93" CO="239.70" HC="1.46" NOx="6.36" PMx="0.35" fuel="6.42" electricity="0.00" noise="75.51" route="routetop" type="cfm-slow" waiting="0.00" lane="top_0" pos="39.29" speed="25.68" angle="203.80" x="-1.07" y="86.37"/>
        <vehicle id="cfm-slow_1" eclass="HBEFA3/PC_G_EU4" CO2="13642.78" CO="220.07" HC="1.34" NOx="5.72" PMx="0.32" fuel="5.86" electricity="0.00" noise="75.26" route="routetop" type="cfm-slow" waiting="0.00" lane="left_0" pos="10.15" speed="27.22" angle="166.14" x="-1.47" y="42.10"/>
        <vehicle id="cfm-slow_2" eclass="HBEFA3/PC_G_EU4" CO2="9416.41" CO="139.58" HC="0.87" NOx="3.70" PMx="0.21" fuel="4.05" electricity="0.00" noise="74.15" route="routetop" type="cfm-slow" waiting="0.00" lane="left_0" pos="32.54" speed="28.39" angle="125.98" x="27.87" y="5.13"/>
        <vehicle id="cfm-slow_3" eclass="HBEFA3/PC_G_EU4" CO2="0.00" CO="0.00" HC="0.00" NOx="0.00" PMx="0.00" fuel="0.00" electricity="0.00" noise="72.97" route="routebottom" type="cfm-slow" waiting="0.00" lane="bottom_0" pos="6.08" speed="28.87" angle="83.52" x="76.75" y="-3.69"/>
        <vehicle id="cfm-slow_4" eclass="HBEFA3/PC_G_EU4" CO2="0.00" CO="0.00" HC="0.00" NOx="0.00" PMx="0.00" fuel="0.00" electricity="0.00" noise="72.09" route="routebottom" type="cfm-slow" waiting="0.00" lane="bottom_0" pos="30.01" speed="28.50" angle="40.47" x="119.16" y="23.35"/>
        <vehicle id="cfm-slow_5" eclass="HBEFA3/PC_G_EU4" CO2="0.00" CO="0.00" HC="0.00" NOx="0.00" PMx="0.00" fuel="0.00" electricity="0.00" noise="71.32" route="routebottom" type="cfm-slow" waiting="0.00" lane="right_0" pos="3.50" speed="27.45" angle="358.21" x="131.85" y="71.28"/>
    </timestep>
    <timestep time="7.41">
        <vehicle id="cfm-fast_0" eclass="HBEFA3/PC_G_EU4" CO2="0.00" CO="0.00" HC="0.00" NOx="0.00" PMx="0.00" fuel="0.00" electricity="0.00" noise="70.63" route="routebottom" type="cfm-fast" waiting="0.00" lane="right_0" pos="26.13" speed="26.03" angle="317.46" x="110.41" y="113.86"/>
        <vehicle id="cfm-fast_1" eclass="HBEFA3/PC_G_EU4" CO2="326643.33" CO="8628.57" HC="47.61" NOx="152.44" PMx="9.34" fuel="140.41" electricity="0.00" noise="149.34" route="routebottom" type="cfm-fast" waiting="0.00" lane="right_1" pos="17.34" speed="89.99" angle="333.31" x="119.51" y="97.50"/>
        <vehicle id="cfm-fast_2" eclass="HBEFA3/PC_G_EU4" CO2="0.00" CO="0.00" HC="0.00" NOx="0.00" PMx="0.00" fuel="0.00" electricity="0.00" noise="70.44" route="routebottom" type="cfm-fast" waiting="0.00" lane="right_0" pos="43.10" speed="24.73" angle="287.00" x="78.49" y="130.64"/>
        <vehicle id="cfm-fast_3" eclass="HBEFA3/PC_G_EU4" CO2="6166.38" CO="54.48" HC="0.40" NOx="2.27" PMx="0.12" fuel="2.65" electricity="0.00" noise="71.51" route="routetop" type="cfm-fast" waiting="0.00" lane="top_0" pos="8.75" speed="24.14" angle="258.64" x="44.98" y="129.68"/>
        <vehicle id="cfm-fast_4" eclass="HBEFA3/PC_G_EU4" CO2="11756.38" CO="170.61" HC="1.07" NOx="4.89" PMx="0.26" fuel="5.05" electricity="0.00" noise="73.79" route="routetop" type="cfm-fast" waiting="0.00" lane="top_0" pos="23.88" speed="24.53" angle="231.50" x="16.90" y="113.85"/>
        <vehicle id="cfm-fast_5" eclass="HBEFA3/PC_G_EU4" CO2="415891.68" CO="11152.73" HC="61.39" NOx="194.47" PMx="11.95" fuel="178.77" electricity="0.00" noise="161.48" route="routetop" type="cfm-fast" waiting="0.00" lane="left_1" pos="0.05" speed="101.04" angle="184.41" x="-1.65" y="63.54"/>
        <vehicle id="cfm-slow_0" eclass="HBEFA3/PC_G_EU4" CO2="14915.96" CO="239.53" HC="1.46" NOx="6.36" PMx="0.35" fuel="6.41" electricity="0.00" noise="75.51" route="routetop" type="cfm-slow" waiting="0.00" lane="top_0" pos="39.55" speed="25.70" angle="203.33" x="-1.26" y="85.85"/>
        <vehicle id="cfm-slow_1" eclass="HBEFA3/PC_G_EU4" CO2="13603.33" CO="219.32" HC="1.34" NOx="5.71" PMx="0.32" fuel="5.85" electricity="0.00" noise="75.25" route="routetop" type="cfm-slow" waiting="0.00" lane="left_0" pos="10.42" speed="27.23" angle="165.68" x="-1.28" y="41.55"/>
        <vehicle id="cfm-slow_2" eclass="HBEFA3/PC_G_EU4" CO2="9357.78" CO="138.41" HC="0.87" NOx="3.68" PMx="0.21" fuel="4.02" electricity="0.00" noise="74.13" route="routetop" type="cfm-slow" waiting="0.00" lane="left_0" pos="32.83" speed="28.40" angle="125.45" x="28.40" y="4.82"/>
        <vehicle id="cfm-slow_3" eclass="HBEFA3/PC_G_EU4" CO2="0.00" CO="0.00" HC="0.00" NOx="0.00" PMx="0.00" fuel="0.00" electricity="0.00" noise="72.96" route="routebottom" type="cfm-slow" waiting="0.00" lane="bottom_0" pos="6.36" speed="28.86" angle="83.05" x="77.36" y="-3.57"/>
        <vehicle id="cfm-slow_4" eclass="HBEFA3/PC_G_EU4" CO2="0.00" CO="0.00" HC="0.00" NOx="0.00" PMx="0.00" fuel="0.00" electricity="0.00" noise="72.08" route="routebottom" type="cfm-slow" waiting="0.00" lane="bottom_0" pos="30.29" speed="28.49" angle="39.95" x="119.52" y="23.84"/>
        <vehicle id="cfm-slow_5" eclass="HBEFA3/PC_G_EU4" CO2="0.00" CO="0.00" HC="0.00" NOx="0.00" PMx="0.00" fuel="0.00" electricity="0.00" noise="71.31" route="routebottom" type="cfm-slow" waiting="0.00" lane="right_0" pos="3.78" speed="27.43" angle="357.73" x="131.79" y="71.87"/>
    </timestep>
    <timestep time="7.42">
        <vehicle id="cfm-fast_0" eclass="HBEFA3/PC_G_EU4" CO2="0.00" CO="0.00" HC="0.00" NOx="0.00" PMx="0.00" fuel="0.00" electricity="0.00" noise="70.63" route="routebottom" type="cfm-fast" waiting="0.00" lane="right_0" pos="26.39" speed="26.02" angle="316.99" x="110.00" y="114.24"/>
        <vehicle id="cfm-fast_1" eclass="HBEFA3/PC_G_EU4" CO2="327355.87" CO="8649.93" HC="47.73" NOx="152.78" PMx="9.36" fuel="140.71" electricity="0.00" noise="149.43" route="routebottom" type="cfm-fast" waiting="0.00" lane="right_1" pos="18.24" speed="90.10" angle="331.69" x="118.53" y="99.07"/>
        <vehicle id="cfm-fast_2" eclass="HBEFA3/PC_G_EU4" CO2="0.00" CO="0.00" HC="0.00" NOx="0.00" PMx="0.00" fuel="0.00" electricity="0.00" noise="70.45" route="routebottom" type="cfm-fast" waiting="0.00" lane="right_0" pos="43.34" speed="24.72" angle="286.55" x="77.97" y="130.76"/>
        <vehicle id="cfm-fast_3" eclass="HBEFA3/PC_G_EU4" CO2="6219.64" CO="55.58" HC="0.41" NOx="2.29" PMx="0.12" fuel="2.67" electricity="0.00" noise="71.53" route="routetop" type="cfm-fast" waiting="0.00" lane="top_0" pos="8.99" speed="24.14" angle="258.26" x="44.48" y="129.54"/>
        <vehicle id="cfm-fast_4" eclass="HBEFA3/PC_G_EU4" CO2="11783.69" CO="171.20" HC="1.07" NOx="4.91" PMx="0.26" fuel="5.07" electricity="0.00" noise="73.81" route="routetop" type="cfm-fast" waiting="0.00" lane="top_0" pos="24.12" speed="24.54" angle="231.06" x="16.51" y="113.49"/>
        <vehicle id="cfm-fast_5" eclass="HBEFA3/PC_G_EU4" CO2="410351.04" CO="11047.29" HC="60.77" NOx="191.85" PMx="11.81" fuel="176.39" electricity="0.00" noise="160.51" route="routetop" type="cfm-fast" waiting="0.00" lane="left_1" pos="1.06" speed="101.17" angle="182.56" x="-1.61" y="61.46"/>
        <vehicle id="cfm-slow_0" eclass="HBEFA3/PC_G_EU4" CO2="14904.72" CO="239.36" HC="1.46" NOx="6.35" PMx="0.35" fuel="6.41" electricity="0.00" noise="75.51" route="routetop" type="cfm-slow" waiting="0.00" lane="top_0" pos="39.80" speed="25.71" angle="202.92" x="-1.44" y="85.32"/>
        <vehicle id="cfm-slow_1" eclass="HBEFA3/PC_G_EU4" CO2="13563.70" CO="218.57" HC="1.33" NOx="5.69" PMx="0.32" fuel="5.83" electricity="0.00" noise="75.24" route="routetop" type="cfm-slow" waiting="0.00" lane="left_0" pos="10.69" speed="27.25" angle="165.18" x="-1.09" y="41.00"/>
        <vehicle id="cfm-slow_2" eclass="HBEFA3/PC_G_EU4" CO2="9299.16" CO="137.23" HC="0.86" NOx="3.65" PMx="0.21" fuel="4.00" electricity="0.00" noise="74.12" route="routetop" type="cfm-slow" waiting="0.00" lane="left_0" pos="33.11" speed="28.41" angle="124.92" x="28.92" y="4.50"/>
        <vehicle id="cfm-slow_3" eclass="HBEFA3/PC_G_EU4" CO2="0.00" CO="0.00" HC="0.00" NOx="0.00" PMx="0.00" fuel="0.00" electricity="0.00" noise="72.95" route="routebottom" type="cfm-slow" waiting="0.00" lane="bottom_0" pos="6.65" speed="28.86" angle="82.50" x="77.97" y="-3.44"/>
        <vehicle id="cfm-slow_4" eclass="HBEFA3/PC_G_EU4" CO2="0.00" CO="0.00" HC="0.00" NOx="0.00" PMx="0.00" fuel="0.00" electricity="0.00" noise="72.07" route="routebottom" type="cfm-slow" waiting="0.00" lane="bottom_0" pos="30.58" speed="28.49" angle="39.43" x="119.88" y="24.34"/>
        <vehicle id="cfm-slow_5" eclass="HBEFA3/PC_G_EU4" CO2="0.00" CO="0.00" HC="0.00" NOx="0.00" PMx="0.00" fuel="0.00" electricity="0.00" noise="71.30" route="routebottom" type="cfm-slow" waiting="0.00" lane="right_0" pos="4.05" speed="27.42" angle="357.24" x="131.71" y="72.45"/>
    </timestep>
    <timestep time="7.43">
        <vehicle id="cfm-fast_0" eclass="HBEFA3/PC_G_EU4" CO2="0.00" CO="0.00" HC="0.00" NOx="0.00" PMx="0.00" fuel="0.00" electricity="0.00" noise="70.62" route="routebottom" type="cfm-fast" waiting="0.00" lane="right_0" pos="26.65" speed="26.01" angle="316.51" x="109.59" y="114.62"/>
        <vehicle id="cfm-fast_1" eclass="HBEFA3/PC_G_EU4" CO2="328018.35" CO="8670.27" HC="47.84" NOx="153.09" PMx="9.38" fuel="141.00" electricity="0.00" noise="149.52" route="routebottom" type="cfm-fast" waiting="0.00" lane="right_1" pos="19.14" speed="90.22" angle="330.00" x="117.51" y="100.61"/>
        <vehicle id="cfm-fast_2" eclass="HBEFA3/PC_G_EU4" CO2="0.00" CO="0.00" HC="0.00" NOx="0.00" PMx="0.00" fuel="0.00" electricity="0.00" noise="70.46" route="routebottom" type="cfm-fast" waiting="0.00" lane="right_0" pos="43.59" speed="24.71" angle="286.13" x="77.45" y="130.87"/>
        <vehicle id="cfm-fast_3" eclass="HBEFA3/PC_G_EU4" CO2="6272.66" CO="56.68" HC="0.41" NOx="2.32" PMx="0.12" fuel="2.70" electricity="0.00" noise="71.55" route="routetop" type="cfm-fast" waiting="0.00" lane="top_0" pos="9.24" speed="24.15" angle="257.83" x="43.98" y="129.38"/>
        <vehicle id="cfm-fast_4" eclass="HBEFA3/PC_G_EU4" CO2="11810.69" CO="171.79" HC="1.08" NOx="4.92" PMx="0.27" fuel="5.08" electricity="0.00" noise="73.82" route="routetop" type="cfm-fast" waiting="0.00" lane="top_0" pos="24.37" speed="24.55" angle="230.67" x="16.12" y="113.13"/>
        <vehicle id="cfm-fast_5" eclass="HBEFA3/PC_G_EU4" CO2="404895.35" CO="10943.45" HC="60.16" NOx="189.28" PMx="11.67" fuel="174.04" electricity="0.00" noise="159.56" route="routetop" type="cfm-fast" waiting="0.00" lane="left_1" pos="2.07" speed="101.29" angle="180.76" x="-1.50" y="59.39"/>
        <vehicle id="cfm-slow_0" eclass="HBEFA3/PC_G_EU4" CO2="14893.23" CO="239.18" HC="1.46" NOx="6.35" PMx="0.35" fuel="6.40" electricity="0.00" noise="75.51" route="routetop" type="cfm-slow" waiting="0.00" lane="top_0" pos="40.06" speed="25.73" angle="202.44" x="-1.61" y="84.80"/>
        <vehicle id="cfm-slow_1" eclass="HBEFA3/PC_G_EU4" CO2="13523.87" CO="217.81" HC="1.33" NOx="5.67" PMx="0.32" fuel="5.81" electricity="0.00" noise="75.22" route="routetop" type="cfm-slow" waiting="0.00" lane="left_0" pos="10.97" speed="27.26" angle="164.67" x="-0.89" y="40.45"/>
        <vehicle id="cfm-slow_2" eclass="HBEFA3/PC_G_EU4" CO2="9240.54" CO="136.06" HC="0.85" NOx="3.62" PMx="0.21" fuel="3.97" electricity="0.00" noise="74.10" route="routetop" type="cfm-slow" waiting="0.00" lane="left_0" pos="33.40" speed="28.41" angle="124.45" x="29.45" y="4.19"/>
        <vehicle id="cfm-slow_3" eclass="HBEFA3/PC_G_EU4" CO2="0.00" CO="0.00" HC="0.00" NOx="0.00" PMx="0.00" fuel="0.00" electricity="0.00" noise="72.94" route="routebottom" type="cfm-slow" waiting="0.00" lane="bottom_0" pos="6.94" speed="28.86" angle="81.95" x="78.57" y="-3.30"/>
        <vehicle id="cfm-slow_4" eclass="HBEFA3/PC_G_EU4" CO2="0.00" CO="0.00" HC="0.00" NOx="0.00" PMx="0.00" fuel="0.00" electricity="0.00" noise="72.07" route="routebottom" type="cfm-slow" waiting="0.00" lane="bottom_0" pos="30.86" speed="28.48" angle="38.97" x="120.23" y="24.84"/>
        <vehicle id="cfm-slow_5" eclass="HBEFA3/PC_G_EU4" CO2="0.00" CO="0.00" HC="0.00" NOx="0.00" PMx="0.00" fuel="0.00" electricity="0.00" noise="71.30" route="routebottom" type="cfm-slow" waiting="0.00" lane="right_0" pos="4.32" speed="27.41" angle="356.75" x="131.62" y="73.03"/>
    </timestep>
    <timestep time="7.44">
        <vehicle id="cfm-fast_0" eclass="HBEFA3/PC_G_EU4" CO2="0.00" CO="0.00" HC="0.00" NOx="0.00" PMx="0.00" fuel="0.00" electricity="0.00" noise="70.62" route="routebottom" type="cfm-fast" waiting="0.00" lane="right_0" pos="26.91" speed="25.99" angle="316.09" x="109.18" y="115.00"/>
        <vehicle id="cfm-fast_1" eclass="HBEFA3/PC_G_EU4" CO2="328631.81" CO="8689.61" HC="47.94" NOx="153.38" PMx="9.40" fuel="141.26" electricity="0.00" noise="149.60" route="routebottom" type="cfm-fast" waiting="0.00" lane="right_1" pos="20.04" speed="90.34" angle="328.36" x="116.43" y="102.12"/>
        <vehicle id="cfm-fast_2" eclass="HBEFA3/PC_G_EU4" CO2="0.00" CO="0.00" HC="0.00" NOx="0.00" PMx="0.00" fuel="0.00" electricity="0.00" noise="70.46" route="routebottom" type="cfm-fast" waiting="0.00" lane="right_0" pos="43.84" speed="24.71" angle="285.68" x="76.93" y="130.97"/>
        <vehicle id="cfm-fast_3" eclass="HBEFA3/PC_G_EU4" CO2="6325.44" CO="57.78" HC="0.42" NOx="2.34" PMx="0.12" fuel="2.72" electricity="0.00" noise="71.57" route="routetop" type="cfm-fast" waiting="0.00" lane="top_0" pos="9.48" speed="24.15" angle="257.39" x="43.48" y="129.23"/>
        <vehicle id="cfm-fast_4" eclass="HBEFA3/PC_G_EU4" CO2="11837.37" CO="172.38" HC="1.08" NOx="4.93" PMx="0.27" fuel="5.09" electricity="0.00" noise="73.84" route="routetop" type="cfm-fast" waiting="0.00" lane="top_0" pos="24.61" speed="24.57" angle="230.22" x="15.75" y="112.76"/>
        <vehicle id="cfm-fast_5" eclass="HBEFA3/PC_G_EU4" CO2="399523.64" CO="10841.21" HC="59.56" NOx="186.74" PMx="11.53" fuel="171.74" electricity="0.00" noise="158.63" route="routetop" type="cfm-fast" waiting="0.00" lane="left_1" pos="3.08" speed="101.42" angle="178.96" x="-1.33" y="57.32"/>
        <vehicle id="cfm-slow_0" eclass="HBEFA3/PC_G_EU4" CO2="14881.48" CO="239.00" HC="1.46" NOx="6.34" PMx="0.35" fuel="6.40" electricity="0.00" noise="75.50" route="routetop" type="cfm-slow" waiting="0.00" lane="top_0" pos="40.32" speed="25.75" angle="201.96" x="-1.77" y="84.27"/>
        <vehicle id="cfm-slow_1" eclass="HBEFA3/PC_G_EU4" CO2="13483.86" CO="217.05" HC="1.33" NOx="5.65" PMx="0.32" fuel="5.80" electricity="0.00" noise="75.21" route="routetop" type="cfm-slow" waiting="0.00" lane="left_0" pos="11.24" speed="27.27" angle="164.17" x="-0.69" y="39.89"/>
        <vehicle id="cfm-slow_2" eclass="HBEFA3/PC_G_EU4" CO2="9181.93" CO="134.89" HC="0.85" NOx="3.59" PMx="0.21" fuel="3.95" electricity="0.00" noise="74.09" route="routetop" type="cfm-slow" waiting="0.00" lane="left_0" pos="33.68" speed="28.42" angle="123.93" x="29.98" y="3.90"/>
        <vehicle id="cfm-slow_3" eclass="HBEFA3/PC_G_EU4" CO2="0.00" CO="0.00" HC="0.00" NOx="0.00" PMx="0.00" fuel="0.00" electricity="0.00" noise="72.93" route="routebottom" type="cfm-slow" waiting="0.00" lane="bottom_0" pos="7.23" speed="28.85" angle="81.40" x="79.18" y="-3.16"/>
        <vehicle id="cfm-slow_4" eclass="HBEFA3/PC_G_EU4" CO2="0.00" CO="0.00" HC="0.00" NOx="0.00" PMx="0.00" fuel="0.00" electricity="0.00" noise="72.06" route="routebottom" type="cfm-slow" waiting="0.00" lane="bottom_0" pos="31.15" speed="28.47" angle="38.46" x="120.57" y="25.35"/>
        <vehicle id="cfm-slow_5" eclass="HBEFA3/PC_G_EU4" CO2="0.00" CO="0.00" HC="0.00" NOx="0.00" PMx="0.00" fuel="0.00" electricity="0.00" noise="71.29" route="routebottom" type="cfm-slow" waiting="0.00" lane="right_0" pos="4.60" speed="27.39" angle="356.25" x="131.54" y="73.62"/>
    </timestep>
    <timestep time="7.45">
        <vehicle id="cfm-fast_0" eclass="HBEFA3/PC_G_EU4" CO2="0.00" CO="0.00" HC="0.00" NOx="0.00" PMx="0.00" fuel="0.00" electricity="0.00" noise="70.62" route="routebottom" type="cfm-fast" waiting="0.00" lane="right_0" pos="27.17" speed="25.98" angle="315.61" x="108.76" y="115.36"/>
        <vehicle id="cfm-fast_1" eclass="HBEFA3/PC_G_EU4" CO2="329197.28" CO="8707.98" HC="48.04" NOx="153.64" PMx="9.42" fuel="141.51" electricity="0.00" noise="149.67" route="routebottom" type="cfm-fast" waiting="0.00" lane="right_1" pos="20.95" speed="90.45" angle="326.75" x="115.31" y="103.60"/>
        <vehicle id="cfm-fast_2" eclass="HBEFA3/PC_G_EU4" CO2="0.00" CO="0.00" HC="0.00" NOx="0.00" PMx="0.00" fuel="0.00" electricity="0.00" noise="70.47" route="routebottom" type="cfm-fast" waiting="0.00" lane="right_0" pos="44.08" speed="24.70" angle="285.21" x="76.41" y="131.07"/>
        <vehicle id="cfm-fast_3" eclass="HBEFA3/PC_G_EU4" CO2="6377.99" CO="58.87" HC="0.43" NOx="2.37" PMx="0.12" fuel="2.74" electricity="0.00" noise="71.59" route="routetop" type="cfm-fast" waiting="0.00" lane="top_0" pos="9.72" speed="24.15" angle="256.95" x="42.99" y="129.08"/>
        <vehicle id="cfm-fast_4" eclass="HBEFA3/PC_G_EU4" CO2="11863.75" CO="172.95" HC="1.08" NOx="4.94" PMx="0.27" fuel="5.10" electricity="0.00" noise="73.85" route="routetop" type="cfm-fast" waiting="0.00" lane="top_0" pos="24.86" speed="24.58" angle="229.77" x="15.37" y="112.38"/>
        <vehicle id="cfm-fast_5" eclass="HBEFA3/PC_G_EU4" CO2="394234.93" CO="10740.53" HC="58.97" NOx="184.25" PMx="11.40" fuel="169.46" electricity="0.00" noise="157.71" route="routetop" type="cfm-fast" waiting="0.00" lane="left_1" pos="4.10" speed="101.54" angle="177.15" x="-1.10" y="55.25"/>
        <vehicle id="cfm-slow_0" eclass="HBEFA3/PC_G_EU4" CO2="14869.47" CO="238.81" HC="1.46" NOx="6.34" PMx="0.35" fuel="6.39" electricity="0.00" noise="75.50" route="routetop" type="cfm-slow" waiting="0.00" lane="top_0" pos="40.58" speed="25.76" angle="201.48" x="-1.93" y="83.74"/>
        <vehicle id="cfm-slow_1" eclass="HBEFA3/PC_G_EU4" CO2="13443.65" CO="216.28" HC="1.32" NOx="5.63" PMx="0.32" fuel="5.78" electricity="0.00" noise="75.20" route="routetop" type="cfm-slow" waiting="0.00" lane="left_0" pos="11.51" speed="27.28" angle="163.73" x="-0.49" y="39.34"/>
        <vehicle id="cfm-slow_2" eclass="HBEFA3/PC_G_EU4" CO2="9123.34" CO="133.71" HC="0.84" NOx="3.57" PMx="0.21" fuel="3.92" electricity="0.00" noise="74.07" route="routetop" type="cfm-slow" waiting="0.00" lane="left_0" pos="33.96" speed="28.42" angle="123.40" x="30.52" y="3.60"/>
        <vehicle id="cfm-slow_3" eclass="HBEFA3/PC_G_EU4" CO2="0.00" CO="0.00" HC="0.00" NOx="0.00" PMx="0.00" fuel="0.00" electricity="0.00" noise="72.92" route="routebottom" type="cfm-slow" waiting="0.00" lane="bottom_0" pos="7.52" speed="28.85" angle="80.84" x="79.78" y="-3.02"/>
        <vehicle id="cfm-slow_4" eclass="HBEFA3/PC_G_EU4" CO2="0.00" CO="0.00" HC="0.00" NOx="0.00" PMx="0.00" fuel="0.00" electricity="0.00" noise="72.05" route="routebottom" type="cfm-slow" waiting="0.00" lane="bottom_0" pos="31.43" speed="28.46" angle="37.94" x="120.91" y="25.86"/>
        <vehicle id="cfm-slow_5" eclass="HBEFA3/PC_G_EU4" CO2="0.00" CO="0.00" HC="0.00" NOx="0.00" PMx="0.00" fuel="0.00" electricity="0.00" noise="71.28" route="routebottom" type="cfm-slow" waiting="0.00" lane="right_0" pos="4.87" speed="27.38" angle="355.76" x="131.46" y="74.20"/>
    </timestep>
    <timestep time="7.46">
        <vehicle id="cfm-fast_0" eclass="HBEFA3/PC_G_EU4" CO2="0.00" CO="0.00" HC="0.00" NOx="0.00" PMx="0.00" fuel="0.00" electricity="0.00" noise="70.61" route="routebottom" type="cfm-fast" waiting="0.00" lane="right_0" pos="27.43" speed="25.97" angle="315.13" x="108.33" y="115.72"/>
        <vehicle id="cfm-fast_1" eclass="HBEFA3/PC_G_EU4" CO2="329715.74" CO="8725.39" HC="48.13" NOx="153.89" PMx="9.43" fuel="141.73" electricity="0.00" noise="149.73" route="routebottom" type="cfm-fast" waiting="0.00" lane="right_1" pos="21.85" speed="90.57" angle="325.15" x="114.17" y="105.06"/>
        <vehicle id="cfm-fast_2" eclass="HBEFA3/PC_G_EU4" CO2="0.00" CO="0.00" HC="0.00" NOx="0.00" PMx="0.00" fuel="0.00" electricity="0.00" noise="70.47" route="routebottom" type="cfm-fast" waiting="0.00" lane="right_0" pos="44.33" speed="24.70" angle="284.74" x="75.89" y="131.16"/>
        <vehicle id="cfm-fast_3" eclass="HBEFA3/PC_G_EU4" CO2="6430.30" CO="59.96" HC="0.43" NOx="2.39" PMx="0.12" fuel="2.76" electricity="0.00" noise="71.60" route="routetop" type="cfm-fast" waiting="0.00" lane="top_0" pos="9.96" speed="24.16" angle="256.51" x="42.49" y="128.92"/>
        <vehicle id="cfm-fast_4" eclass="HBEFA3/PC_G_EU4" CO2="11889.81" CO="173.52" HC="1.09" NOx="4.96" PMx="0.27" fuel="5.11" electricity="0.00" noise="73.87" route="routetop" type="cfm-fast" waiting="0.00" lane="top_0" pos="25.10" speed="24.59" angle="229.32" x="15.00" y="112.01"/>
        <vehicle id="cfm-fast_5" eclass="HBEFA3/PC_G_EU4" CO2="389028.27" CO="10641.42" HC="58.39" NOx="181.79" PMx="11.27" fuel="167.22" electricity="0.00" noise="156.81" route="routetop" type="cfm-fast" waiting="0.00" lane="left_1" pos="5.12" speed="101.66" angle="175.32" x="-0.81" y="53.18"/>
        <vehicle id="cfm-slow_0" eclass="HBEFA3/PC_G_EU4" CO2="14857.21" CO="238.62" HC="1.46" NOx="6.33" PMx="0.35" fuel="6.39" electricity="0.00" noise="75.50" route="routetop" type="cfm-slow" waiting="0.00" lane="top_0" pos="40.83" speed="25.78" angle="201.00" x="-2.10" y="83.21"/>
        <vehicle id="cfm-slow_1" eclass="HBEFA3/PC_G_EU4" CO2="13403.26" CO="215.51" HC="1.32" NOx="5.61" PMx="0.31" fuel="5.76" electricity="0.00" noise="75.18" route="routetop" type="cfm-slow" waiting="0.00" lane="left_0" pos="11.78" speed="27.29" angle="163.25" x="-0.28" y="38.80"/>
        <vehicle id="cfm-slow_2" eclass="HBEFA3/PC_G_EU4" CO2="9064.76" CO="132.54" HC="0.83" NOx="3.54" PMx="0.21" fuel="3.90" electricity="0.00" noise="74.06" route="routetop" type="cfm-slow" waiting="0.00" lane="left_0" pos="34.25" speed="28.43" angle="122.88" x="31.05" y="3.30"/>
        <vehicle id="cfm-slow_3" eclass="HBEFA3/PC_G_EU4" CO2="0.00" CO="0.00" HC="0.00" NOx="0.00" PMx="0.00" fuel="0.00" electricity="0.00" noise="72.91" route="routebottom" type="cfm-slow" waiting="0.00" lane="bottom_0" pos="7.81" speed="28.85" angle="80.37" x="80.38" y="-2.87"/>
        <vehicle id="cfm-slow_4" eclass="HBEFA3/PC_G_EU4" CO2="0.00" CO="0.00" HC="0.00" NOx="0.00" PMx="0.00" fuel="0.00" electricity="0.00" noise="72.04" route="routebottom" type="cfm-slow" waiting="0.00" lane="bottom_0" pos="31.72" speed="28.45" angle="37.43" x="121.25" y="26.37"/>
        <vehicle id="cfm-slow_5" eclass="HBEFA3/PC_G_EU4" CO2="0.00" CO="0.00" HC="0.00" NOx="0.00" PMx="0.00" fuel="0.00" electricity="0.00" noise="71.28" route="routebottom" type="cfm-slow" waiting="0.00" lane="right_0" pos="5.15" speed="27.37" angle="355.21" x="131.37" y="74.78"/>
    </timestep>
    <timestep time="7.47">
        <vehicle id="cfm-fast_0" eclass="HBEFA3/PC_G_EU4" CO2="0.00" CO="0.00" HC="0.00" NOx="0.00" PMx="0.00" fuel="0.00" electricity="0.00" noise="70.61" route="routebottom" type="cfm-fast" waiting="0.00" lane="right_0" pos="27.69" speed="25.96" angle="314.64" x="107.90" y="116.09"/>
        <vehicle id="cfm-fast_1" eclass="HBEFA3/PC_G_EU4" CO2="330188.20" CO="8741.87" HC="48.22" NOx="154.11" PMx="9.45" fuel="141.93" electricity="0.00" noise="149.78" route="routebottom" type="cfm-fast" waiting="0.00" lane="right_1" pos="22.76" speed="90.68" angle="323.49" x="112.97" y="106.48"/>
        <vehicle id="cfm-fast_2" eclass="HBEFA3/PC_G_EU4" CO2="0.00" CO="0.00" HC="0.00" NOx="0.00" PMx="0.00" fuel="0.00" electricity="0.00" noise="70.48" route="routebottom" type="cfm-fast" waiting="0.00" lane="right_0" pos="44.58" speed="24.69" angle="284.27" x="75.36" y="131.26"/>
        <vehicle id="cfm-fast_3" eclass="HBEFA3/PC_G_EU4" CO2="6482.37" CO="61.04" HC="0.44" NOx="2.41" PMx="0.13" fuel="2.79" electricity="0.00" noise="71.62" route="routetop" type="cfm-fast" waiting="0.00" lane="top_0" pos="10.20" speed="24.16" angle="256.12" x="41.99" y="128.77"/>
        <vehicle id="cfm-fast_4" eclass="HBEFA3/PC_G_EU4" CO2="11915.56" CO="174.09" HC="1.09" NOx="4.97" PMx="0.27" fuel="5.12" electricity="0.00" noise="73.88" route="routetop" type="cfm-fast" waiting="0.00" lane="top_0" pos="25.35" speed="24.60" angle="228.87" x="14.63" y="111.64"/>
        <vehicle id="cfm-fast_5" eclass="HBEFA3/PC_G_EU4" CO2="383902.67" CO="10543.84" HC="57.82" NOx="179.37" PMx="11.14" fuel="165.02" electricity="0.00" noise="155.93" route="routetop" type="cfm-fast" waiting="0.00" lane="left_1" pos="6.13" speed="101.78" angle="173.40" x="-0.43" y="51.13"/>
        <vehicle id="cfm-slow_0" eclass="HBEFA3/PC_G_EU4" CO2="14844.68" CO="238.42" HC="1.46" NOx="6.32" PMx="0.35" fuel="6.38" electricity="0.00" noise="75.49" route="routetop" type="cfm-slow" waiting="0.00" lane="top_0" pos="41.09" speed="25.79" angle="200.58" x="-2.26" y="82.68"/>
        <vehicle id="cfm-slow_1" eclass="HBEFA3/PC_G_EU4" CO2="13362.69" CO="214.74" HC="1.31" NOx="5.59" PMx="0.31" fuel="5.74" electricity="0.00" noise="75.17" route="routetop" type="cfm-slow" waiting="0.00" lane="left_0" pos="12.06" speed="27.31" angle="162.76" x="-0.06" y="38.25"/>
        <vehicle id="cfm-slow_2" eclass="HBEFA3/PC_G_EU4" CO2="9006.19" CO="131.36" HC="0.83" NOx="3.51" PMx="0.20" fuel="3.87" electricity="0.00" noise="74.04" route="routetop" type="cfm-slow" waiting="0.00" lane="left_0" pos="34.53" speed="28.43" angle="122.38" x="31.59" y="3.01"/>
        <vehicle id="cfm-slow_3" eclass="HBEFA3/PC_G_EU4" CO2="0.00" CO="0.00" HC="0.00" NOx="0.00" PMx="0.00" fuel="0.00" electricity="0.00" noise="72.90" route="routebottom" type="cfm-slow" waiting="0.00" lane="bottom_0" pos="8.09" speed="28.85" angle="79.84" x="80.98" y="-2.71"/>
        <vehicle id="cfm-slow_4" eclass="HBEFA3/PC_G_EU4" CO2="0.00" CO="0.00" HC="0.00" NOx="0.00" PMx="0.00" fuel="0.00" electricity="0.00" noise="72.03" route="routebottom" type="cfm-slow" waiting="0.00" lane="bottom_0" pos="32.00" speed="28.44" angle="36.96" x="121.59" y="26.88"/>
        <vehicle id="cfm-slow_5" eclass="HBEFA3/PC_G_EU4" CO2="0.00" CO="0.00" HC="0.00" NOx="0.00" PMx="0.00" fuel="0.00" electricity="0.00" noise="71.27" route="routebottom" type="cfm-slow" waiting="0.00" lane="right_0" pos="5.42" speed="27.35" angle="354.70" x="131.26" y="75.36"/>
    </timestep>
    <timestep time="7.48">
        <vehicle id="cfm-fast_0" eclass="HBEFA3/PC_G_EU4" CO2="0.00" CO="0.00" HC="0.00" NOx="0.00" PMx="0.00" fuel="0.00" electricity="0.00" noise="70.61" route="routebottom" type="cfm-fast" waiting="0.00" lane="right_0" pos="27.95" speed="25.94" angle="314.15" x="107.48" y="116.45"/>
        <vehicle id="cfm-fast_1" eclass="HBEFA3/PC_G_EU4" CO2="330615.61" CO="8757.42" HC="48.30" NOx="154.31" PMx="9.46" fuel="142.12" electricity="0.00" noise="149.82" route="routebottom" type="cfm-fast" waiting="0.00" lane="right_1" pos="23.67" speed="90.80" angle="321.91" x="111.73" y="107.87"/>
        <vehicle id="cfm-fast_2" eclass="HBEFA3/PC_G_EU4" CO2="0.00" CO="0.00" HC="0.00" NOx="0.00" PMx="0.00" fuel="0.00" electricity="0.00" noise="70.49" route="routebottom" type="cfm-fast" waiting="0.00" lane="right_0" pos="44.83" speed="24.69" angle="283.83" x="74.84" y="131.36"/>
        <vehicle id="cfm-fast_3" eclass="HBEFA3/PC_G_EU4" CO2="6534.21" CO="62.12" HC="0.44" NOx="2.44" PMx="0.13" fuel="2.81" electricity="0.00" noise="71.64" route="routetop" type="cfm-fast" waiting="0.00" lane="top_0" pos="10.44" speed="24.16" angle="255.68" x="41.50" y="128.60"/>
        <vehicle id="cfm-fast_4" eclass="HBEFA3/PC_G_EU4" CO2="11941.00" CO="174.65" HC="1.09" NOx="4.98" PMx="0.27" fuel="5.13" electricity="0.00" noise="73.90" route="routetop" type="cfm-fast" waiting="0.00" lane="top_0" pos="25.60" speed="24.61" angle="228.46" x="14.25" y="111.26"/>
        <vehicle id="cfm-fast_5" eclass="HBEFA3/PC_G_EU4" CO2="378857.15" CO="10447.78" HC="57.26" NOx="176.99" PMx="11.01" fuel="162.85" electricity="0.00" noise="155.06" route="routetop" type="cfm-fast" waiting="0.00" lane="left_1" pos="7.15" speed="101.89" angle="171.58" x="0.01" y="49.09"/>
        <vehicle id="cfm-slow_0" eclass="HBEFA3/PC_G_EU4" CO2="14831.90" CO="238.21" HC="1.45" NOx="6.32" PMx="0.35" fuel="6.38" electricity="0.00" noise="75.49" route="routetop" type="cfm-slow" waiting="0.00" lane="top_0" pos="41.35" speed="25.81" angle="200.10" x="-2.40" y="82.14"/>
        <vehicle id="cfm-slow_1" eclass="HBEFA3/PC_G_EU4" CO2="13321.93" CO="213.96" HC="1.31" NOx="5.57" PMx="0.31" fuel="5.73" electricity="0.00" noise="75.16" route="routetop" type="cfm-slow" waiting="0.00" lane="left_0" pos="12.33" speed="27.32" angle="162.28" x="0.16" y="37.70"/>
        <vehicle id="cfm-slow_2" eclass="HBEFA3/PC_G_EU4" CO2="8947.65" CO="130.19" HC="0.82" NOx="3.48" PMx="0.20" fuel="3.85" electricity="0.00" noise="74.03" route="routetop" type="cfm-slow" waiting="0.00" lane="left_0" pos="34.82" speed="28.44" angle="121.89" x="32.13" y="2.73"/>
        <vehicle id="cfm-slow_3" eclass="HBEFA3/PC_G_EU4" CO2="0.00" CO="0.00" HC="0.00" NOx="0.00" PMx="0.00" fuel="0.00" electricity="0.00" noise="72.89" route="routebottom" type="cfm-slow" waiting="0.00" lane="bottom_0" pos="8.38" speed="28.84" angle="79.31" x="81.58" y="-2.55"/>
        <vehicle id="cfm-slow_4" eclass="HBEFA3/PC_G_EU4" CO2="0.00" CO="0.00" HC="0.00" NOx="0.00" PMx="0.00" fuel="0.00" electricity="0.00" noise="72.03" route="routebottom" type="cfm-slow" waiting="0.00" lane="bottom_0" pos="32.29" speed="28.43" angle="36.46" x="121.91" y="27.40"/>
        <vehicle id="cfm-slow_5" eclass="HBEFA3/PC_G_EU4" CO2="0.00" CO="0.00" HC="0.00" NOx="0.00" PMx="0.00" fuel="0.00" electricity="0.00" noise="71.26" route="routebottom" type="cfm-slow" waiting="0.00" lane="right_0" pos="5.69" speed="27.34" angle="354.19" x="131.15" y="75.94"/>
    </timestep>
    <timestep time="7.49">
        <vehicle id="cfm-fast_0" eclass="HBEFA3/PC_G_EU4" CO2="0.00" CO="0.00" HC="0.00" NOx="0.00" PMx="0.00" fuel="0.00" electricity="0.00" noise="70.60" route="routebottom" type="cfm-fast" waiting="0.00" lane="right_0" pos="28.21" speed="25.93" angle="313.73" x="107.05" y="116.81"/>
        <vehicle id="cfm-fast_1" eclass="HBEFA3/PC_G_EU4" CO2="330998.94" CO="8772.08" HC="48.38" NOx="154.49" PMx="9.47" fuel="142.28" electricity="0.00" noise="149.85" route="routebottom" type="cfm-fast" waiting="0.00" lane="right_1" pos="24.58" speed="90.92" angle="320.30" x="110.45" y="109.22"/>
        <vehicle id="cfm-fast_2" eclass="HBEFA3/PC_G_EU4" CO2="0.00" CO="0.00" HC="0.00" NOx="0.00" PMx="0.00" fuel="0.00" electricity="0.00" noise="70.49" route="routebottom" type="cfm-fast" waiting="0.00" lane="right_0" pos="45.07" speed="24.68" angle="283.42" x="74.32" y="131.44"/>
        <vehicle id="cfm-fast_3" eclass="HBEFA3/PC_G_EU4" CO2="6585.80" CO="63.19" HC="0.45" NOx="2.46" PMx="0.13" fuel="2.83" electricity="0.00" noise="71.66" route="routetop" type="cfm-fast" waiting="0.00" lane="top_0" pos="10.69" speed="24.17" angle="255.23" x="41.01" y="128.42"/>
        <vehicle id="cfm-fast_4" eclass="HBEFA3/PC_G_EU4" CO2="11966.13" CO="175.20" HC="1.09" NOx="4.99" PMx="0.27" fuel="5.14" electricity="0.00" noise="73.91" route="routetop" type="cfm-fast" waiting="0.00" lane="top_0" pos="25.84" speed="24.63" angle="228.02" x="13.89" y="110.87"/>
        <vehicle id="cfm-fast_5" eclass="HBEFA3/PC_G_EU4" CO2="373890.75" CO="10353.22" HC="56.71" NOx="174.64" PMx="10.88" fuel="160.72" electricity="0.00" noise="154.21" route="routetop" type="cfm-fast" waiting="0.00" lane="left_1" pos="8.17" speed="102.01" angle="169.74" x="0.51" y="47.06"/>
        <vehicle id="cfm-slow_0" eclass="HBEFA3/PC_G_EU4" CO2="14818.87" CO="238.01" HC="1.45" NOx="6.31" PMx="0.35" fuel="6.37" electricity="0.00" noise="75.49" route="routetop" type="cfm-slow" waiting="0.00" lane="top_0" pos="41.61" speed="25.82" angle="199.62" x="-2.54" y="81.60"/>
        <vehicle id="cfm-slow_1" eclass="HBEFA3/PC_G_EU4" CO2="13280.99" CO="213.18" HC="1.30" NOx="5.55" PMx="0.31" fuel="5.71" electricity="0.00" noise="75.14" route="routetop" type="cfm-slow" waiting="0.00" lane="left_0" pos="12.60" speed="27.33" angle="161.79" x="0.38" y="37.16"/>
        <vehicle id="cfm-slow_2" eclass="HBEFA3/PC_G_EU4" CO2="8889.12" CO="129.01" HC="0.81" NOx="3.45" PMx="0.20" fuel="3.82" electricity="0.00" noise="74.01" route="routetop" type="cfm-slow" waiting="0.00" lane="left_0" pos="35.10" speed="28.44" angle="121.37" x="32.68" y="2.45"/>
        <vehicle id="cfm-slow_3" eclass="HBEFA3/PC_G_EU4" CO2="0.00" CO="0.00" HC="0.00" NOx="0.00" PMx="0.00" fuel="0.00" electricity="0.00" noise="72.88" route="routebottom" type="cfm-slow" waiting="0.00" lane="bottom_0" pos="8.67" speed="28.84" angle="78.78" x="82.18" y="-2.39"/>
        <vehicle id="cfm-slow_4" eclass="HBEFA3/PC_G_EU4" CO2="0.00" CO="0.00" HC="0.00" NOx="0.00" PMx="0.00" fuel="0.00" electricity="0.00" noise="72.02" route="routebottom" type="cfm-slow" waiting="0.00" lane="bottom_0" pos="32.57" speed="28.42" angle="35.93" x="122.22" y="27.92"/>
        <vehicle id="cfm-slow_5" eclass="HBEFA3/PC_G_EU4" CO2="0.00" CO="0.00" HC="0.00" NOx="0.00" PMx="0.00" fuel="0.00" electricity="0.00" noise="71.26" route="routebottom" type="cfm-slow" waiting="0.00" lane="right_0" pos="5.97" speed="27.33" angle="353.68" x="131.05" y="76.52"/>
    </timestep>
    <timestep time="7.50">
        <vehicle id="cfm-fast_0" eclass="HBEFA3/PC_G_EU4" CO2="0.00" CO="0.00" HC="0.00" NOx="0.00" PMx="0.00" fuel="0.00" electricity="0.00" noise="70.60" route="routebottom" type="cfm-fast" waiting="0.00" lane="right_0" pos="28.47" speed="25.92" angle="313.26" x="106.61" y="117.15"/>
        <vehicle id="cfm-fast_1" eclass="HBEFA3/PC_G_EU4" CO2="331339.11" CO="8785.86" HC="48.45" NOx="154.65" PMx="9.49" fuel="142.43" electricity="0.00" noise="149.88" route="routebottom" type="cfm-fast" waiting="0.00" lane="right_1" pos="25.49" speed="91.03" angle="318.64" x="109.13" y="110.54"/>
        <vehicle id="cfm-fast_2" eclass="HBEFA3/PC_G_EU4" CO2="0.00" CO="0.00" HC="0.00" NOx="0.00" PMx="0.00" fuel="0.00" electricity="0.00" noise="70.50" route="routebottom" type="cfm-fast" waiting="0.00" lane="right_0" pos="45.32" speed="24.67" angle="282.98" x="73.79" y="131.51"/>
        <vehicle id="cfm-fast_3" eclass="HBEFA3/PC_G_EU4" CO2="6637.15" CO="64.26" HC="0.46" NOx="2.49" PMx="0.13" fuel="2.85" electricity="0.00" noise="71.68" route="routetop" type="cfm-fast" waiting="0.00" lane="top_0" pos="10.93" speed="24.17" angle="254.77" x="40.53" y="128.24"/>
        <vehicle id="cfm-fast_4" eclass="HBEFA3/PC_G_EU4" CO2="11990.95" CO="175.75" HC="1.10" NOx="5.00" PMx="0.27" fuel="5.15" electricity="0.00" noise="73.93" route="routetop" type="cfm-fast" waiting="0.00" lane="top_0" pos="26.09" speed="24.64" angle="227.56" x="13.53" y="110.48"/>
        <vehicle id="cfm-fast_5" eclass="HBEFA3/PC_G_EU4" CO2="369002.48" CO="10260.14" HC="56.16" NOx="172.34" PMx="10.76" fuel="158.62" electricity="0.00" noise="153.38" route="routetop" type="cfm-fast" waiting="0.00" lane="left_1" pos="9.19" speed="102.12" angle="167.91" x="1.07" y="45.04"/>
        <vehicle id="cfm-slow_0" eclass="HBEFA3/PC_G_EU4" CO2="14805.57" CO="237.79" HC="1.45" NOx="6.30" PMx="0.35" fuel="6.36" electricity="0.00" noise="75.48" route="routetop" type="cfm-slow" waiting="0.00" lane="top_0" pos="41.87" speed="25.84" angle="199.14" x="-2.69" y="81.07"/>
        <vehicle id="cfm-slow_1" eclass="HBEFA3/PC_G_EU4" CO2="13239.87" CO="212.39" HC="1.30" NOx="5.53" PMx="0.31" fuel="5.69" electricity="0.00" noise="75.13" route="routetop" type="cfm-slow" waiting="0.00" lane="left_0" pos="12.88" speed="27.34" angle="161.35" x="0.60" y="36.61"/>
        <vehicle id="cfm-slow_2" eclass="HBEFA3/PC_G_EU4" CO2="8830.61" CO="127.83" HC="0.81" NOx="3.43" PMx="0.20" fuel="3.80" electricity="0.00" noise="74.00" route="routetop" type="cfm-slow" waiting="0.00" lane="left_0" pos="35.39" speed="28.45" angle="120.84" x="33.23" y="2.18"/>
        <vehicle id="cfm-slow_3" eclass="HBEFA3/PC_G_EU4" CO2="0.00" CO="0.00" HC="0.00" NOx="0.00" PMx="0.00" fuel="0.00" electricity="0.00" noise="72.87" route="routebottom" type="cfm-slow" waiting="0.00" lane="bottom_0" pos="8.96" speed="28.84" angle="78.31" x="82.78" y="-2.23"/>
        <vehicle id="cfm-slow_4" eclass="HBEFA3/PC_G_EU4" CO2="0.00" CO="0.00" HC="0.00" NOx="0.00" PMx="0.00" fuel="0.00" electricity="0.00" noise="72.01" route="routebottom" type="cfm-slow" waiting="0.00" lane="bottom_0" pos="32.85" speed="28.41" angle="35.40" x="122.54" y="28.45"/>
        <vehicle id="cfm-slow_5" eclass="HBEFA3/PC_G_EU4" CO2="0.00" CO="0.00" HC="0.00" NOx="0.00" PMx="0.00" fuel="0.00" electricity="0.00" noise="71.25" route="routebottom" type="cfm-slow" waiting="0.00" lane="right_0" pos="6.24" speed="27.31" angle="353.17" x="130.94" y="77.10"/>
    </timestep>
    <timestep time="7.51">
        <vehicle id="cfm-fast_0" eclass="HBEFA3/PC_G_EU4" CO2="0.00" CO="0.00" HC="0.00" NOx="0.00" PMx="0.00" fuel="0.00" electricity="0.00" noise="70.60" route="routebottom" type="cfm-fast" waiting="0.00" lane="right_0" pos="28.73" speed="25.91" angle="312.79" x="106.17" y="117.50"/>
        <vehicle id="cfm-fast_1" eclass="HBEFA3/PC_G_EU4" CO2="331637.05" CO="8798.77" HC="48.52" NOx="154.79" PMx="9.50" fuel="142.55" electricity="0.00" noise="149.90" route="routebottom" type="cfm-fast" waiting="0.00" lane="right_1" pos="26.40" speed="91.15" angle="317.03" x="107.76" y="111.82"/>
        <vehicle id="cfm-fast_2" eclass="HBEFA3/PC_G_EU4" CO2="0.00" CO="0.00" HC="0.00" NOx="0.00" PMx="0.00" fuel="0.00" electricity="0.00" noise="70.51" route="routebottom" type="cfm-fast" waiting="0.00" lane="right_0" pos="45.57" speed="24.67" angle="282.54" x="73.27" y="131.59"/>
        <vehicle id="cfm-fast_3" eclass="HBEFA3/PC_G_EU4" CO2="6688.27" CO="65.32" HC="0.46" NOx="2.51" PMx="0.13" fuel="2.87" electricity="0.00" noise="71.70" route="routetop" type="cfm-fast" waiting="0.00" lane="top_0" pos="11.17" speed="24.18" angle="254.31" x="40.04" y="128.07"/>
        <vehicle id="cfm-fast_4" eclass="HBEFA3/PC_G_EU4" CO2="12015.46" CO="176.29" HC="1.10" NOx="5.01" PMx="0.27" fuel="5.16" electricity="0.00" noise="73.94" route="routetop" type="cfm-fast" waiting="0.00" lane="top_0" pos="26.34" speed="24.65" angle="227.11" x="13.17" y="110.09"/>
        <vehicle id="cfm-fast_5" eclass="HBEFA3/PC_G_EU4" CO2="364191.39" CO="10168.53" HC="55.63" NOx="170.07" PMx="10.63" fuel="156.55" electricity="0.00" noise="152.56" route="routetop" type="cfm-fast" waiting="0.00" lane="left_1" pos="10.22" speed="102.23" angle="166.09" x="1.69" y="43.04"/>
        <vehicle id="cfm-slow_0" eclass="HBEFA3/PC_G_EU4" CO2="14792.02" CO="237.57" HC="1.45" NOx="6.30" PMx="0.35" fuel="6.36" electricity="0.00" noise="75.48" route="routetop" type="cfm-slow" waiting="0.00" lane="top_0" pos="42.12" speed="25.85" angle="198.66" x="-2.83" y="80.53"/>
        <vehicle id="cfm-slow_1" eclass="HBEFA3/PC_G_EU4" CO2="13198.57" CO="211.60" HC="1.29" NOx="5.51" PMx="0.31" fuel="5.67" electricity="0.00" noise="75.12" route="routetop" type="cfm-slow" waiting="0.00" lane="left_0" pos="13.15" speed="27.35" angle="160.84" x="0.85" y="36.08"/>
        <vehicle id="cfm-slow_2" eclass="HBEFA3/PC_G_EU4" CO2="8772.13" CO="126.66" HC="0.80" NOx="3.40" PMx="0.20" fuel="3.77" electricity="0.00" noise="73.98" route="routetop" type="cfm-slow" waiting="0.00" lane="left_0" pos="35.67" speed="28.45" angle="120.31" x="33.78" y="1.91"/>
        <vehicle id="cfm-slow_3" eclass="HBEFA3/PC_G_EU4" CO2="0.00" CO="0.00" HC="0.00" NOx="0.00" PMx="0.00" fuel="0.00" electricity="0.00" noise="72.86" route="routebottom" type="cfm-slow" waiting="0.00" lane="bottom_0" pos="9.25" speed="28.83" angle="77.78" x="83.37" y="-2.04"/>
        <vehicle id="cfm-slow_4" eclass="HBEFA3/PC_G_EU4" CO2="0.00" CO="0.00" HC="0.00" NOx="0.00" PMx="0.00" fuel="0.00" electricity="0.00" noise="72.00" route="routebottom" type="cfm-slow" waiting="0.00" lane="bottom_0" pos="33.14" speed="28.40" angle="34.87" x="122.85" y="28.97"/>
        <vehicle id="cfm-slow_5" eclass="HBEFA3/PC_G_EU4" CO2="0.00" CO="0.00" HC="0.00" NOx="0.00" PMx="0.00" fuel="0.00" electricity="0.00" noise="71.24" route="routebottom" type="cfm-slow" waiting="0.00" lane="right_0" pos="6.51" speed="27.30" angle="352.72" x="130.82" y="77.67"/>
    </timestep>
    <timestep time="7.52">
        <vehicle id="cfm-fast_0" eclass="HBEFA3/PC_G_EU4" CO2="0.00" CO="0.00" HC="0.00" NOx="0.00" PMx="0.00" fuel="0.00" electricity="0.00" noise="70.60" route="routebottom" type="cfm-fast" waiting="0.00" lane="right_0" pos="28.99" speed="25.90" angle="312.32" x="105.74" y="117.84"/>
        <vehicle id="cfm-fast_1" eclass="HBEFA3/PC_G_EU4" CO2="331893.67" CO="8810.84" HC="48.58" NOx="154.91" PMx="9.51" fuel="142.66" electricity="0.00" noise="149.91" route="routebottom" type="cfm-fast" waiting="0.00" lane="right_1" pos="27.31" speed="91.26" angle="315.37" x="106.37" y="113.07"/>
        <vehicle id="cfm-fast_2" eclass="HBEFA3/PC_G_EU4" CO2="0.00" CO="0.00" HC="0.00" NOx="0.00" PMx="0.00" fuel="0.00" electricity="0.00" noise="70.51" route="routebottom" type="cfm-fast" waiting="0.00" lane="right_0" pos="45.81" speed="24.66" angle="282.09" x="72.74" y="131.66"/>
        <vehicle id="cfm-fast_3" eclass="HBEFA3/PC_G_EU4" CO2="6739.14" CO="66.38" HC="0.47" NOx="2.54" PMx="0.13" fuel="2.90" electricity="0.00" noise="71.71" route="routetop" type="cfm-fast" waiting="0.00" lane="top_0" pos="11.41" speed="24.18" angle="253.87" x="39.55" y="127.89"/>
        <vehicle id="cfm-fast_4" eclass="HBEFA3/PC_G_EU4" CO2="12039.66" CO="176.82" HC="1.10" NOx="5.03" PMx="0.27" fuel="5.18" electricity="0.00" noise="73.95" route="routetop" type="cfm-fast" waiting="0.00" lane="top_0" pos="26.58" speed="24.66" angle="226.65" x="12.81" y="109.70"/>
        <vehicle id="cfm-fast_5" eclass="HBEFA3/PC_G_EU4" CO2="359456.49" CO="10078.36" HC="55.10" NOx="167.83" PMx="10.51" fuel="154.51" electricity="0.00" noise="151.75" route="routetop" type="cfm-fast" waiting="0.00" lane="left_1" pos="11.24" speed="102.34" angle="164.20" x="2.40" y="41.07"/>
        <vehicle id="cfm-slow_0" eclass="HBEFA3/PC_G_EU4" CO2="14778.22" CO="237.35" HC="1.45" NOx="6.29" PMx="0.35" fuel="6.35" electricity="0.00" noise="75.48" route="routetop" type="cfm-slow" waiting="0.00" lane="top_0" pos="42.38" speed="25.87" angle="198.25" x="-2.97" y="79.99"/>
        <vehicle id="cfm-slow_1" eclass="HBEFA3/PC_G_EU4" CO2="13157.09" CO="210.80" HC="1.29" NOx="5.49" PMx="0.31" fuel="5.66" electricity="0.00" noise="75.10" route="routetop" type="cfm-slow" waiting="0.00" lane="left_0" pos="13.42" speed="27.36" angle="160.33" x="1.09" y="35.54"/>
        <vehicle id="cfm-slow_2" eclass="HBEFA3/PC_G_EU4" CO2="8713.67" CO="125.48" HC="0.79" NOx="3.37" PMx="0.20" fuel="3.75" electricity="0.00" noise="73.97" route="routetop" type="cfm-slow" waiting="0.00" lane="left_0" pos="35.96" speed="28.46" angle="119.85" x="34.32" y="1.64"/>
        <vehicle id="cfm-slow_3" eclass="HBEFA3/PC_G_EU4" CO2="0.00" CO="0.00" HC="0.00" NOx="0.00" PMx="0.00" fuel="0.00" electricity="0.00" noise="72.85" route="routebottom" type="cfm-slow" waiting="0.00" lane="bottom_0" pos="9.54" speed="28.83" angle="77.25" x="83.97" y="-1.86"/>
        <vehicle id="cfm-slow_4" eclass="HBEFA3/PC_G_EU4" CO2="0.00" CO="0.00" HC="0.00" NOx="0.00" PMx="0.00" fuel="0.00" electricity="0.00" noise="72.00" route="routebottom" type="cfm-slow" waiting="0.00" lane="bottom_0" pos="33.42" speed="28.39" angle="34.40" x="123.16" y="29.50"/>
        <vehicle id="cfm-slow_5" eclass="HBEFA3/PC_G_EU4" CO2="0.00" CO="0.00" HC="0.00" NOx="0.00" PMx="0.00" fuel="0.00" electricity="0.00" noise="71.24" route="routebottom" type="cfm-slow" waiting="0.00" lane="right_0" pos="6.78" speed="27.29" angle="352.21" x="130.70" y="78.24"/>
    </timestep>
    <timestep time="7.53">
        <vehicle id="cfm-fast_0" eclass="HBEFA3/PC_G_EU4" CO2="0.00" CO="0.00" HC="0.00" NOx="0.00" PMx="0.00" fuel="0.00" electricity="0.00" noise="70.59" route="routebottom" type="cfm-fast" waiting="0.00" lane="right_0" pos="29.25" speed="25.89" angle="311.84" x="105.30" y="118.18"/>
        <vehicle id="cfm-fast_1" eclass="HBEFA3/PC_G_EU4" CO2="332109.85" CO="8822.08" HC="48.64" NOx="155.01" PMx="9.51" fuel="142.76" electricity="0.00" noise="149.91" route="routebottom" type="cfm-fast" waiting="0.00" lane="right_1" pos="28.23" speed="91.38" angle="313.65" x="104.93" y="114.27"/>
        <vehicle id="cfm-fast_2" eclass="HBEFA3/PC_G_EU4" CO2="0.00" CO="0.00" HC="0.00" NOx="0.00" PMx="0.00" fuel="0.00" electricity="0.00" noise="70.52" route="routebottom" type="cfm-fast" waiting="0.00" lane="right_0" pos="46.06" speed="24.66" angle="281.65" x="72.22" y="131.74"/>
        <vehicle id="cfm-fast_3" eclass="HBEFA3/PC_G_EU4" CO2="6789.77" CO="67.43" HC="0.48" NOx="2.56" PMx="0.13" fuel="2.92" electricity="0.00" noise="71.73" route="routetop" type="cfm-fast" waiting="0.00" lane="top_0" pos="11.65" speed="24.18" angle="253.47" x="39.06" y="127.70"/>
        <vehicle id="cfm-fast_4" eclass="HBEFA3/PC_G_EU4" CO2="12063.54" CO="177.35" HC="1.11" NOx="5.04" PMx="0.27" fuel="5.19" electricity="0.00" noise="73.97" route="routetop" type="cfm-fast" waiting="0.00" lane="top_0" pos="26.83" speed="24.67" angle="226.21" x="12.45" y="109.31"/>
        <vehicle id="cfm-fast_5" eclass="HBEFA3/PC_G_EU4" CO2="354796.82" CO="9989.62" HC="54.58" NOx="165.63" PMx="10.39" fuel="152.51" electricity="0.00" noise="150.96" route="routetop" type="cfm-fast" waiting="0.00" lane="left_1" pos="12.26" speed="102.44" angle="162.40" x="3.16" y="39.11"/>
        <vehicle id="cfm-slow_0" eclass="HBEFA3/PC_G_EU4" CO2="14764.16" CO="237.12" HC="1.45" NOx="6.28" PMx="0.35" fuel="6.35" electricity="0.00" noise="75.47" route="routetop" type="cfm-slow" waiting="0.00" lane="top_0" pos="42.64" speed="25.88" angle="197.79" x="-3.10" y="79.45"/>
        <vehicle id="cfm-slow_1" eclass="HBEFA3/PC_G_EU4" CO2="13115.44" CO="210.01" HC="1.28" NOx="5.47" PMx="0.31" fuel="5.64" electricity="0.00" noise="75.09" route="routetop" type="cfm-slow" waiting="0.00" lane="left_0" pos="13.70" speed="27.38" angle="159.82" x="1.33" y="35.00"/>
        <vehicle id="cfm-slow_2" eclass="HBEFA3/PC_G_EU4" CO2="8655.24" CO="124.31" HC="0.78" NOx="3.34" PMx="0.19" fuel="3.72" electricity="0.00" noise="73.95" route="routetop" type="cfm-slow" waiting="0.00" lane="left_0" pos="36.24" speed="28.46" angle="119.31" x="34.88" y="1.38"/>
        <vehicle id="cfm-slow_3" eclass="HBEFA3/PC_G_EU4" CO2="0.00" CO="0.00" HC="0.00" NOx="0.00" PMx="0.00" fuel="0.00" electricity="0.00" noise="72.84" route="routebottom" type="cfm-slow" waiting="0.00" lane="bottom_0" pos="9.82" speed="28.83" angle="76.72" x="84.56" y="-1.68"/>
        <vehicle id="cfm-slow_4" eclass="HBEFA3/PC_G_EU4" CO2="0.00" CO="0.00" HC="0.00" NOx="0.00" PMx="0.00" fuel="0.00" electricity="0.00" noise="71.99" route="routebottom" type="cfm-slow" waiting="0.00" lane="bottom_0" pos="33.71" speed="28.38" angle="33.88" x="123.45" y="30.03"/>
        <vehicle id="cfm-slow_5" eclass="HBEFA3/PC_G_EU4" CO2="0.00" CO="0.00" HC="0.00" NOx="0.00" PMx="0.00" fuel="0.00" electricity="0.00" noise="71.23" route="routebottom" type="cfm-slow" waiting="0.00" lane="right_0" pos="7.06" speed="27.27" angle="351.70" x="130.57" y="78.82"/>
    </timestep>
    <timestep time="7.54">
        <vehicle id="cfm-fast_0" eclass="HBEFA3/PC_G_EU4" CO2="0.00" CO="0.00" HC="0.00" NOx="0.00" PMx="0.00" fuel="0.00" electricity="0.00" noise="70.59" route="routebottom" type="cfm-fast" waiting="0.00" lane="right_0" pos="29.51" speed="25.87" angle="311.43" x="104.86" y="118.53"/>
        <vehicle id="cfm-fast_1" eclass="HBEFA3/PC_G_EU4" CO2="332286.47" CO="8832.51" HC="48.69" NOx="155.09" PMx="9.52" fuel="142.83" electricity="0.00" noise="149.91" route="routebottom" type="cfm-fast" waiting="0.00" lane="right_1" pos="29.14" speed="91.50" angle="311.98" x="103.45" y="115.43"/>
        <vehicle id="cfm-fast_2" eclass="HBEFA3/PC_G_EU4" CO2="0.00" CO="0.00" HC="0.00" NOx="0.00" PMx="0.00" fuel="0.00" electricity="0.00" noise="70.53" route="routebottom" type="cfm-fast" waiting="0.00" lane="right_0" pos="46.31" speed="24.65" angle="281.26" x="71.69" y="131.80"/>
        <vehicle id="cfm-fast_3" eclass="HBEFA3/PC_G_EU4" CO2="6840.16" CO="68.48" HC="0.48" NOx="2.58" PMx="0.13" fuel="2.94" electricity="0.00" noise="71.75" route="routetop" type="cfm-fast" waiting="0.00" lane="top_0" pos="11.89" speed="24.19" angle="253.03" x="38.58" y="127.51"/>
        <vehicle id="cfm-fast_4" eclass="HBEFA3/PC_G_EU4" CO2="12087.12" CO="177.87" HC="1.11" NOx="5.05" PMx="0.27" fuel="5.20" electricity="0.00" noise="73.98" route="routetop" type="cfm-fast" waiting="0.00" lane="top_0" pos="27.08" speed="24.69" angle="225.79" x="12.10" y="108.91"/>
        <vehicle id="cfm-fast_5" eclass="HBEFA3/PC_G_EU4" CO2="350211.41" CO="9902.30" HC="54.07" NOx="163.47" PMx="10.28" fuel="150.54" electricity="0.00" noise="150.18" route="routetop" type="cfm-fast" waiting="0.00" lane="left_1" pos="13.29" speed="102.55" angle="160.60" x="3.97" y="37.17"/>
        <vehicle id="cfm-slow_0" eclass="HBEFA3/PC_G_EU4" CO2="14749.85" CO="236.88" HC="1.45" NOx="6.28" PMx="0.35" fuel="6.34" electricity="0.00" noise="75.47" route="routetop" type="cfm-slow" waiting="0.00" lane="top_0" pos="42.90" speed="25.90" angle="197.33" x="-3.22" y="78.90"/>
        <vehicle id="cfm-slow_1" eclass="HBEFA3/PC_G_EU4" CO2="13073.62" CO="209.20" HC="1.28" NOx="5.45" PMx="0.31" fuel="5.62" electricity="0.00" noise="75.08" route="routetop" type="cfm-slow" waiting="0.00" lane="left_0" pos="13.97" speed="27.39" angle="159.33" x="1.57" y="34.47"/>
        <vehicle id="cfm-slow_2" eclass="HBEFA3/PC_G_EU4" CO2="8596.85" CO="123.13" HC="0.78" NOx="3.32" PMx="0.19" fuel="3.70" electricity="0.00" noise="73.94" route="routetop" type="cfm-slow" waiting="0.00" lane="left_0" pos="36.52" speed="28.46" angle="118.78" x="35.44" y="1.13"/>
        <vehicle id="cfm-slow_3" eclass="HBEFA3/PC_G_EU4" CO2="0.00" CO="0.00" HC="0.00" NOx="0.00" PMx="0.00" fuel="0.00" electricity="0.00" noise="72.83" route="routebottom" type="cfm-slow" waiting="0.00" lane="bottom_0" pos="10.11" speed="28.82" angle="76.20" x="85.15" y="-1.50"/>
        <vehicle id="cfm-slow_4" eclass="HBEFA3/PC_G_EU4" CO2="0.00" CO="0.00" HC="0.00" NOx="0.00" PMx="0.00" fuel="0.00" electricity="0.00" noise="71.98" route="routebottom" type="cfm-slow" waiting="0.00" lane="bottom_0" pos="33.99" speed="28.36" angle="33.36" x="123.75" y="30.57"/>
        <vehicle id="cfm-slow_5" eclass="HBEFA3/PC_G_EU4" CO2="0.00" CO="0.00" HC="0.00" NOx="0.00" PMx="0.00" fuel="0.00" electricity="0.00" noise="71.23" route="routebottom" type="cfm-slow" waiting="0.00" lane="right_0" pos="7.33" speed="27.26" angle="351.19" x="130.44" y="79.39"/>
    </timestep>
    <timestep time="7.55">
        <vehicle id="cfm-fast_0" eclass="HBEFA3/PC_G_EU4" CO2="0.00" CO="0.00" HC="0.00" NOx="0.00" PMx="0.00" fuel="0.00" electricity="0.00" noise="70.59" route="routebottom" type="cfm-fast" waiting="0.00" lane="right_0" pos="29.76" speed="25.86" angle="310.95" x="104.41" y="118.85"/>
        <vehicle id="cfm-fast_1" eclass="HBEFA3/PC_G_EU4" CO2="332424.38" CO="8842.14" HC="48.74" NOx="155.16" PMx="9.53" fuel="142.89" electricity="0.00" noise="149.90" route="routebottom" type="cfm-fast" waiting="0.00" lane="right_1" pos="30.06" speed="91.61" angle="310.36" x="101.95" y="116.55"/>
        <vehicle id="cfm-fast_2" eclass="HBEFA3/PC_G_EU4" CO2="0.00" CO="0.00" HC="0.00" NOx="0.00" PMx="0.00" fuel="0.00" electricity="0.00" noise="70.53" route="routebottom" type="cfm-fast" waiting="0.00" lane="right_0" pos="46.55" speed="24.65" angle="280.80" x="71.16" y="131.86"/>
        <vehicle id="cfm-fast_3" eclass="HBEFA3/PC_G_EU4" CO2="6890.31" CO="69.52" HC="0.49" NOx="2.61" PMx="0.14" fuel="2.96" electricity="0.00" noise="71.77" route="routetop" type="cfm-fast" waiting="0.00" lane="top_0" pos="12.14" speed="24.19" angle="252.59" x="38.09" y="127.32"/>
        <vehicle id="cfm-fast_4" eclass="HBEFA3/PC_G_EU4" CO2="12110.39" CO="178.38" HC="1.11" NOx="5.06" PMx="0.27" fuel="5.21" electricity="0.00" noise="73.99" route="routetop" type="cfm-fast" waiting="0.00" lane="top_0" pos="27.32" speed="24.70" angle="225.33" x="11.76" y="108.51"/>
        <vehicle id="cfm-fast_5" eclass="HBEFA3/PC_G_EU4" CO2="345699.30" CO="9816.36" HC="53.57" NOx="161.34" PMx="10.16" fuel="148.60" electricity="0.00" noise="149.42" route="routetop" type="cfm-fast" waiting="0.00" lane="left_1" pos="14.32" speed="102.65" angle="158.77" x="4.85" y="35.26"/>
        <vehicle id="cfm-slow_0" eclass="HBEFA3/PC_G_EU4" CO2="14735.28" CO="236.64" HC="1.44" NOx="6.27" PMx="0.35" fuel="6.33" electricity="0.00" noise="75.46" route="routetop" type="cfm-slow" waiting="0.00" lane="top_0" pos="43.16" speed="25.91" angle="196.86" x="-3.35" y="78.36"/>
        <vehicle id="cfm-slow_1" eclass="HBEFA3/PC_G_EU4" CO2="13031.63" CO="208.40" HC="1.28" NOx="5.43" PMx="0.31" fuel="5.60" electricity="0.00" noise="75.06" route="routetop" type="cfm-slow" waiting="0.00" lane="left_0" pos="14.25" speed="27.40" angle="158.86" x="1.83" y="33.94"/>
        <vehicle id="cfm-slow_2" eclass="HBEFA3/PC_G_EU4" CO2="8538.48" CO="121.96" HC="0.77" NOx="3.29" PMx="0.19" fuel="3.67" electricity="0.00" noise="73.93" route="routetop" type="cfm-slow" waiting="0.00" lane="left_0" pos="36.81" speed="28.47" angle="118.25" x="36.00" y="0.88"/>
        <vehicle id="cfm-slow_3" eclass="HBEFA3/PC_G_EU4" CO2="0.00" CO="0.00" HC="0.00" NOx="0.00" PMx="0.00" fuel="0.00" electricity="0.00" noise="72.82" route="routebottom" type="cfm-slow" waiting="0.00" lane="bottom_0" pos="10.40" speed="28.82" angle="75.73" x="85.74" y="-1.30"/>
        <vehicle id="cfm-slow_4" eclass="HBEFA3/PC_G_EU4" CO2="0.00" CO="0.00" HC="0.00" NOx="0.00" PMx="0.00" fuel="0.00" electricity="0.00" noise="71.97" route="routebottom" type="cfm-slow" waiting="0.00" lane="bottom_0" pos="34.27" speed="28.35" angle="32.83" x="124.04" y="31.10"/>
        <vehicle id="cfm-slow_5" eclass="HBEFA3/PC_G_EU4" CO2="0.00" CO="0.00" HC="0.00" NOx="0.00" PMx="0.00" fuel="0.00" electricity="0.00" noise="71.22" route="routebottom" type="cfm-slow" waiting="0.00" lane="right_0" pos="7.60" speed="27.25" angle="350.72" x="130.31" y="79.96"/>
    </timestep>
    <timestep time="7.56">
        <vehicle id="cfm-fast_0" eclass="HBEFA3/PC_G_EU4" CO2="0.00" CO="0.00" HC="0.00" NOx="0.00" PMx="0.00" fuel="0.00" electricity="0.00" noise="70.59" route="routebottom" type="cfm-fast" waiting="0.00" lane="right_0" pos="30.02" speed="25.85" angle="310.47" x="103.96" y="119.17"/>
        <vehicle id="cfm-fast_1" eclass="HBEFA3/PC_G_EU4" CO2="332524.44" CO="8851.00" HC="48.78" NOx="155.20" PMx="9.53" fuel="142.94" electricity="0.00" noise="149.88" route="routebottom" type="cfm-fast" waiting="0.00" lane="right_1" pos="30.97" speed="91.73" angle="308.74" x="100.41" y="117.64"/>
        <vehicle id="cfm-fast_2" eclass="HBEFA3/PC_G_EU4" CO2="0.00" CO="0.00" HC="0.00" NOx="0.00" PMx="0.00" fuel="0.00" electricity="0.00" noise="70.54" route="routebottom" type="cfm-fast" waiting="0.00" lane="right_0" pos="46.80" speed="24.65" angle="280.35" x="70.64" y="131.91"/>
        <vehicle id="cfm-fast_3" eclass="HBEFA3/PC_G_EU4" CO2="6940.21" CO="70.56" HC="0.49" NOx="2.63" PMx="0.14" fuel="2.98" electricity="0.00" noise="71.79" route="routetop" type="cfm-fast" waiting="0.00" lane="top_0" pos="12.38" speed="24.20" angle="252.15" x="37.61" y="127.12"/>
        <vehicle id="cfm-fast_4" eclass="HBEFA3/PC_G_EU4" CO2="12133.34" CO="178.89" HC="1.12" NOx="5.07" PMx="0.27" fuel="5.22" electricity="0.00" noise="74.01" route="routetop" type="cfm-fast" waiting="0.00" lane="top_0" pos="27.57" speed="24.71" angle="224.87" x="11.41" y="108.11"/>
        <vehicle id="cfm-fast_5" eclass="HBEFA3/PC_G_EU4" CO2="341259.54" CO="9731.80" HC="53.07" NOx="159.24" PMx="10.05" fuel="146.69" electricity="0.00" noise="148.67" route="routetop" type="cfm-fast" waiting="0.00" lane="left_1" pos="15.34" speed="102.75" angle="156.91" x="5.79" y="33.37"/>
        <vehicle id="cfm-slow_0" eclass="HBEFA3/PC_G_EU4" CO2="14720.46" CO="236.40" HC="1.44" NOx="6.26" PMx="0.35" fuel="6.33" electricity="0.00" noise="75.46" route="routetop" type="cfm-slow" waiting="0.00" lane="top_0" pos="43.42" speed="25.93" angle="196.40" x="-3.47" y="77.82"/>
        <vehicle id="cfm-slow_1" eclass="HBEFA3/PC_G_EU4" CO2="12989.46" CO="207.59" HC="1.27" NOx="5.41" PMx="0.30" fuel="5.58" electricity="0.00" noise="75.05" route="routetop" type="cfm-slow" waiting="0.00" lane="left_0" pos="14.52" speed="27.41" angle="158.35" x="2.09" y="33.41"/>
        <vehicle id="cfm-slow_2" eclass="HBEFA3/PC_G_EU4" CO2="8480.15" CO="120.78" HC="0.76" NOx="3.26" PMx="0.19" fuel="3.65" electricity="0.00" noise="73.91" route="routetop" type="cfm-slow" waiting="0.00" lane="left_0" pos="37.09" speed="28.47" angle="117.73" x="36.56" y="0.63"/>
        <vehicle id="cfm-slow_3" eclass="HBEFA3/PC_G_EU4" CO2="0.00" CO="0.00" HC="0.00" NOx="0.00" PMx="0.00" fuel="0.00" electricity="0.00" noise="72.81" route="routebottom" type="cfm-slow" waiting="0.00" lane="bottom_0" pos="10.69" speed="28.81" angle="75.19" x="86.32" y="-1.09"/>
        <vehicle id="cfm-slow_4" eclass="HBEFA3/PC_G_EU4" CO2="0.00" CO="0.00" HC="0.00" NOx="0.00" PMx="0.00" fuel="0.00" electricity="0.00" noise="71.97" route="routebottom" type="cfm-slow" waiting="0.00" lane="bottom_0" pos="34.56" speed="28.34" angle="32.34" x="124.34" y="31.64"/>
        <vehicle id="cfm-slow_5" eclass="HBEFA3/PC_G_EU4" CO2="0.00" CO="0.00" HC="0.00" NOx="0.00" PMx="0.00" fuel="0.00" electricity="0.00" noise="71.21" route="routebottom" type="cfm-slow" waiting="0.00" lane="right_0" pos="7.88" speed="27.23" angle="350.25" x="130.16" y="80.53"/>
    </timestep>
    <timestep time="7.57">
        <vehicle id="cfm-fast_0" eclass="HBEFA3/PC_G_EU4" CO2="0.00" CO="0.00" HC="0.00" NOx="0.00" PMx="0.00" fuel="0.00" electricity="0.00" noise="70.58" route="routebottom" type="cfm-fast" waiting="0.00" lane="right_0" pos="30.28" speed="25.84" angle="309.99" x="103.50" y="119.50"/>
        <vehicle id="cfm-fast_1" eclass="HBEFA3/PC_G_EU4" CO2="332587.48" CO="8859.09" HC="48.82" NOx="155.23" PMx="9.54" fuel="142.96" electricity="0.00" noise="149.85" route="routebottom" type="cfm-fast" waiting="0.00" lane="right_1" pos="31.89" speed="91.84" angle="307.06" x="98.85" y="118.68"/>
        <vehicle id="cfm-fast_2" eclass="HBEFA3/PC_G_EU4" CO2="0.00" CO="0.00" HC="0.00" NOx="0.00" PMx="0.00" fuel="0.00" electricity="0.00" noise="70.55" route="routebottom" type="cfm-fast" waiting="0.00" lane="right_0" pos="47.04" speed="24.64" angle="279.90" x="70.11" y="131.97"/>
        <vehicle id="cfm-fast_3" eclass="HBEFA3/PC_G_EU4" CO2="6989.87" CO="71.59" HC="0.50" NOx="2.65" PMx="0.14" fuel="3.00" electricity="0.00" noise="71.81" route="routetop" type="cfm-fast" waiting="0.00" lane="top_0" pos="12.62" speed="24.20" angle="251.72" x="37.13" y="126.93"/>
        <vehicle id="cfm-fast_4" eclass="HBEFA3/PC_G_EU4" CO2="12155.99" CO="179.40" HC="1.12" NOx="5.08" PMx="0.28" fuel="5.23" electricity="0.00" noise="74.02" route="routetop" type="cfm-fast" waiting="0.00" lane="top_0" pos="27.82" speed="24.72" angle="224.40" x="11.07" y="107.70"/>
        <vehicle id="cfm-fast_5" eclass="HBEFA3/PC_G_EU4" CO2="336891.17" CO="9648.60" HC="52.59" NOx="157.18" PMx="9.94" fuel="144.81" electricity="0.00" noise="147.93" route="routetop" type="cfm-fast" waiting="0.00" lane="left_1" pos="16.37" speed="102.85" angle="155.04" x="6.81" y="31.53"/>
        <vehicle id="cfm-slow_0" eclass="HBEFA3/PC_G_EU4" CO2="14705.38" CO="236.15" HC="1.44" NOx="6.25" PMx="0.34" fuel="6.32" electricity="0.00" noise="75.45" route="routetop" type="cfm-slow" waiting="0.00" lane="top_0" pos="43.68" speed="25.94" angle="195.99" x="-3.59" y="77.27"/>
        <vehicle id="cfm-slow_1" eclass="HBEFA3/PC_G_EU4" CO2="12947.13" CO="206.78" HC="1.27" NOx="5.39" PMx="0.30" fuel="5.57" electricity="0.00" noise="75.04" route="routetop" type="cfm-slow" waiting="0.00" lane="left_0" pos="14.79" speed="27.42" angle="157.84" x="2.35" y="32.88"/>
        <vehicle id="cfm-slow_2" eclass="HBEFA3/PC_G_EU4" CO2="8421.85" CO="119.61" HC="0.76" NOx="3.23" PMx="0.19" fuel="3.62" electricity="0.00" noise="73.90" route="routetop" type="cfm-slow" waiting="0.00" lane="left_0" pos="37.38" speed="28.48" angle="117.26" x="37.12" y="0.39"/>
        <vehicle id="cfm-slow_3" eclass="HBEFA3/PC_G_EU4" CO2="0.00" CO="0.00" HC="0.00" NOx="0.00" PMx="0.00" fuel="0.00" electricity="0.00" noise="72.80" route="routebottom" type="cfm-slow" waiting="0.00" lane="bottom_0" pos="10.98" speed="28.81" angle="74.65" x="86.91" y="-0.88"/>
        <vehicle id="cfm-slow_4" eclass="HBEFA3/PC_G_EU4" CO2="0.00" CO="0.00" HC="0.00" NOx="0.00" PMx="0.00" fuel="0.00" electricity="0.00" noise="71.96" route="routebottom" type="cfm-slow" waiting="0.00" lane="bottom_0" pos="34.84" speed="28.33" angle="31.86" x="124.62" y="32.18"/>
        <vehicle id="cfm-slow_5" eclass="HBEFA3/PC_G_EU4" CO2="0.00" CO="0.00" HC="0.00" NOx="0.00" PMx="0.00" fuel="0.00" electricity="0.00" noise="71.21" route="routebottom" type="cfm-slow" waiting="0.00" lane="right_0" pos="8.15" speed="27.22" angle="349.75" x="130.01" y="81.09"/>
    </timestep>
    <timestep time="7.58">
        <vehicle id="cfm-fast_0" eclass="HBEFA3/PC_G_EU4" CO2="0.00" CO="0.00" HC="0.00" NOx="0.00" PMx="0.00" fuel="0.00" electricity="0.00" noise="70.58" route="routebottom" type="cfm-fast" waiting="0.00" lane="right_0" pos="30.54" speed="25.83" angle="309.51" x="103.05" y="119.82"/>
        <vehicle id="cfm-fast_1" eclass="HBEFA3/PC_G_EU4" CO2="332614.31" CO="8866.44" HC="48.85" NOx="155.24" PMx="9.54" fuel="142.97" electricity="0.00" noise="149.82" route="routebottom" type="cfm-fast" waiting="0.00" lane="right_1" pos="32.81" speed="91.96" angle="305.46" x="97.24" y="119.67"/>
        <vehicle id="cfm-fast_2" eclass="HBEFA3/PC_G_EU4" CO2="0.00" CO="0.00" HC="0.00" NOx="0.00" PMx="0.00" fuel="0.00" electricity="0.00" noise="70.56" route="routebottom" type="cfm-fast" waiting="0.00" lane="right_0" pos="47.29" speed="24.64" angle="279.45" x="69.58" y="132.02"/>
        <vehicle id="cfm-fast_3" eclass="HBEFA3/PC_G_EU4" CO2="7039.28" CO="72.62" HC="0.50" NOx="2.68" PMx="0.14" fuel="3.03" electricity="0.00" noise="71.82" route="routetop" type="cfm-fast" waiting="0.00" lane="top_0" pos="12.86" speed="24.21" angle="251.33" x="36.65" y="126.73"/>
        <vehicle id="cfm-fast_4" eclass="HBEFA3/PC_G_EU4" CO2="12178.32" CO="179.89" HC="1.12" NOx="5.09" PMx="0.28" fuel="5.23" electricity="0.00" noise="74.03" route="routetop" type="cfm-fast" waiting="0.00" lane="top_0" pos="28.07" speed="24.74" angle="223.94" x="10.72" y="107.30"/>
        <vehicle id="cfm-fast_5" eclass="HBEFA3/PC_G_EU4" CO2="332593.23" CO="9566.73" HC="52.11" NOx="155.15" PMx="9.83" fuel="142.97" electricity="0.00" noise="147.21" route="routetop" type="cfm-fast" waiting="0.00" lane="left_1" pos="17.40" speed="102.95" angle="153.17" x="7.88" y="29.71"/>
        <vehicle id="cfm-slow_0" eclass="HBEFA3/PC_G_EU4" CO2="14690.06" CO="235.89" HC="1.44" NOx="6.25" PMx="0.34" fuel="6.31" electricity="0.00" noise="75.45" route="routetop" type="cfm-slow" waiting="0.00" lane="top_0" pos="43.94" speed="25.96" angle="195.51" x="-3.69" y="76.72"/>
        <vehicle id="cfm-slow_1" eclass="HBEFA3/PC_G_EU4" CO2="12904.64" CO="205.96" HC="1.26" NOx="5.37" PMx="0.30" fuel="5.55" electricity="0.00" noise="75.02" route="routetop" type="cfm-slow" waiting="0.00" lane="left_0" pos="15.07" speed="27.43" angle="157.32" x="2.62" y="32.35"/>
        <vehicle id="cfm-slow_2" eclass="HBEFA3/PC_G_EU4" CO2="8363.60" CO="118.43" HC="0.75" NOx="3.21" PMx="0.19" fuel="3.60" electricity="0.00" noise="73.88" route="routetop" type="cfm-slow" waiting="0.00" lane="left_0" pos="37.66" speed="28.48" angle="116.74" x="37.69" y="0.17"/>
        <vehicle id="cfm-slow_3" eclass="HBEFA3/PC_G_EU4" CO2="0.00" CO="0.00" HC="0.00" NOx="0.00" PMx="0.00" fuel="0.00" electricity="0.00" noise="72.79" route="routebottom" type="cfm-slow" waiting="0.00" lane="bottom_0" pos="11.27" speed="28.81" angle="74.11" x="87.49" y="-0.67"/>
        <vehicle id="cfm-slow_4" eclass="HBEFA3/PC_G_EU4" CO2="0.00" CO="0.00" HC="0.00" NOx="0.00" PMx="0.00" fuel="0.00" electricity="0.00" noise="71.95" route="routebottom" type="cfm-slow" waiting="0.00" lane="bottom_0" pos="35.12" speed="28.32" angle="31.34" x="124.89" y="32.72"/>
        <vehicle id="cfm-slow_5" eclass="HBEFA3/PC_G_EU4" CO2="0.00" CO="0.00" HC="0.00" NOx="0.00" PMx="0.00" fuel="0.00" electricity="0.00" noise="71.20" route="routebottom" type="cfm-slow" waiting="0.00" lane="right_0" pos="8.42" speed="27.21" angle="349.25" x="129.86" y="81.66"/>
    </timestep>
    <timestep time="7.59">
        <vehicle id="cfm-fast_0" eclass="HBEFA3/PC_G_EU4" CO2="0.00" CO="0.00" HC="0.00" NOx="0.00" PMx="0.00" fuel="0.00" electricity="0.00" noise="70.58" route="routebottom" type="cfm-fast" waiting="0.00" lane="right_0" pos="30.80" speed="25.82" angle="309.09" x="102.60" y="120.15"/>
        <vehicle id="cfm-fast_1" eclass="HBEFA3/PC_G_EU4" CO2="332605.74" CO="8873.06" HC="48.89" NOx="155.24" PMx="9.54" fuel="142.97" electricity="0.00" noise="149.79" route="routebottom" type="cfm-fast" waiting="0.00" lane="right_1" pos="33.73" speed="92.07" angle="303.83" x="95.61" y="120.61"/>
        <vehicle id="cfm-fast_2" eclass="HBEFA3/PC_G_EU4" CO2="0.00" CO="0.00" HC="0.00" NOx="0.00" PMx="0.00" fuel="0.00" electricity="0.00" noise="70.56" route="routebottom" type="cfm-fast" waiting="0.00" lane="right_0" pos="47.54" speed="24.63" angle="279.06" x="69.05" y="132.07"/>
        <vehicle id="cfm-fast_3" eclass="HBEFA3/PC_G_EU4" CO2="7088.45" CO="73.65" HC="0.51" NOx="2.70" PMx="0.14" fuel="3.05" electricity="0.00" noise="71.84" route="routetop" type="cfm-fast" waiting="0.00" lane="top_0" pos="13.10" speed="24.21" angle="250.89" x="36.17" y="126.52"/>
        <vehicle id="cfm-fast_4" eclass="HBEFA3/PC_G_EU4" CO2="12200.35" CO="180.38" HC="1.12" NOx="5.10" PMx="0.28" fuel="5.24" electricity="0.00" noise="74.05" route="routetop" type="cfm-fast" waiting="0.00" lane="top_0" pos="28.31" speed="24.75" angle="223.56" x="10.38" y="106.89"/>
        <vehicle id="cfm-fast_5" eclass="HBEFA3/PC_G_EU4" CO2="328364.79" CO="9486.19" HC="51.63" NOx="153.15" PMx="9.72" fuel="141.15" electricity="0.00" noise="146.50" route="routetop" type="cfm-fast" waiting="0.00" lane="left_1" pos="18.43" speed="103.04" angle="151.29" x="9.01" y="27.92"/>
        <vehicle id="cfm-slow_0" eclass="HBEFA3/PC_G_EU4" CO2="14674.48" CO="235.63" HC="1.44" NOx="6.24" PMx="0.34" fuel="6.31" electricity="0.00" noise="75.45" route="routetop" type="cfm-slow" waiting="0.00" lane="top_0" pos="44.20" speed="25.97" angle="195.02" x="-3.79" y="76.17"/>
        <vehicle id="cfm-slow_1" eclass="HBEFA3/PC_G_EU4" CO2="12861.97" CO="205.14" HC="1.26" NOx="5.35" PMx="0.30" fuel="5.53" electricity="0.00" noise="75.01" route="routetop" type="cfm-slow" waiting="0.00" lane="left_0" pos="15.34" speed="27.44" angle="156.86" x="2.88" y="31.82"/>
        <vehicle id="cfm-slow_2" eclass="HBEFA3/PC_G_EU4" CO2="8305.38" CO="117.26" HC="0.74" NOx="3.18" PMx="0.19" fuel="3.57" electricity="0.00" noise="73.87" route="routetop" type="cfm-slow" waiting="0.00" lane="left_0" pos="37.95" speed="28.49" angle="116.21" x="38.26" y="-0.06"/>
        <vehicle id="cfm-slow_3" eclass="HBEFA3/PC_G_EU4" CO2="0.00" CO="0.00" HC="0.00" NOx="0.00" PMx="0.00" fuel="0.00" electricity="0.00" noise="72.78" route="routebottom" type="cfm-slow" waiting="0.00" lane="bottom_0" pos="11.55" speed="28.80" angle="73.65" x="88.07" y="-0.46"/>
        <vehicle id="cfm-slow_4" eclass="HBEFA3/PC_G_EU4" CO2="0.00" CO="0.00" HC="0.00" NOx="0.00" PMx="0.00" fuel="0.00" electricity="0.00" noise="71.94" route="routebottom" type="cfm-slow" waiting="0.00" lane="bottom_0" pos="35.41" speed="28.31" angle="30.83" x="125.16" y="33.27"/>
        <vehicle id="cfm-slow_5" eclass="HBEFA3/PC_G_EU4" CO2="0.00" CO="0.00" HC="0.00" NOx="0.00" PMx="0.00" fuel="0.00" electricity="0.00" noise="71.19" route="routebottom" type="cfm-slow" waiting="0.00" lane="right_0" pos="8.69" speed="27.19" angle="348.75" x="129.71" y="82.22"/>
    </timestep>
    <timestep time="7.60">
        <vehicle id="cfm-fast_0" eclass="HBEFA3/PC_G_EU4" CO2="0.00" CO="0.00" HC="0.00" NOx="0.00" PMx="0.00" fuel="0.00" electricity="0.00" noise="70.58" route="routebottom" type="cfm-fast" waiting="0.00" lane="right_0" pos="31.06" speed="25.80" angle="308.63" x="102.14" y="120.45"/>
        <vehicle id="cfm-fast_1" eclass="HBEFA3/PC_G_EU4" CO2="332562.55" CO="8878.96" HC="48.91" NOx="155.22" PMx="9.55" fuel="142.95" electricity="0.00" noise="149.74" route="routebottom" type="cfm-fast" waiting="0.00" lane="right_1" pos="34.66" speed="92.19" angle="302.20" x="93.95" y="121.53"/>
        <vehicle id="cfm-fast_2" eclass="HBEFA3/PC_G_EU4" CO2="0.00" CO="0.00" HC="0.00" NOx="0.00" PMx="0.00" fuel="0.00" electricity="0.00" noise="70.57" route="routebottom" type="cfm-fast" waiting="0.00" lane="right_0" pos="47.78" speed="24.63" angle="278.60" x="68.52" y="132.10"/>
        <vehicle id="cfm-fast_3" eclass="HBEFA3/PC_G_EU4" CO2="7137.37" CO="74.67" HC="0.52" NOx="2.72" PMx="0.14" fuel="3.07" electricity="0.00" noise="71.86" route="routetop" type="cfm-fast" waiting="0.00" lane="top_0" pos="13.35" speed="24.22" angle="250.45" x="35.70" y="126.31"/>
        <vehicle id="cfm-fast_4" eclass="HBEFA3/PC_G_EU4" CO2="12222.07" CO="180.87" HC="1.13" NOx="5.11" PMx="0.28" fuel="5.25" electricity="0.00" noise="74.06" route="routetop" type="cfm-fast" waiting="0.00" lane="top_0" pos="28.56" speed="24.76" angle="223.10" x="10.05" y="106.47"/>
        <vehicle id="cfm-fast_5" eclass="HBEFA3/PC_G_EU4" CO2="324204.90" CO="9406.95" HC="51.17" NOx="151.19" PMx="9.61" fuel="139.36" electricity="0.00" noise="145.80" route="routetop" type="cfm-fast" waiting="0.00" lane="left_1" pos="19.46" speed="103.14" angle="149.40" x="10.20" y="26.17"/>
        <vehicle id="cfm-slow_0" eclass="HBEFA3/PC_G_EU4" CO2="14658.65" CO="235.37" HC="1.44" NOx="6.23" PMx="0.34" fuel="6.30" electricity="0.00" noise="75.44" route="routetop" type="cfm-slow" waiting="0.00" lane="top_0" pos="44.46" speed="25.99" angle="194.54" x="-3.89" y="75.62"/>
        <vehicle id="cfm-slow_1" eclass="HBEFA3/PC_G_EU4" CO2="12819.15" CO="204.32" HC="1.25" NOx="5.33" PMx="0.30" fuel="5.51" electricity="0.00" noise="75.00" route="routetop" type="cfm-slow" waiting="0.00" lane="left_0" pos="15.62" speed="27.45" angle="156.37" x="3.17" y="31.31"/>
        <vehicle id="cfm-slow_2" eclass="HBEFA3/PC_G_EU4" CO2="8247.20" CO="116.09" HC="0.74" NOx="3.15" PMx="0.18" fuel="3.55" electricity="0.00" noise="73.86" route="routetop" type="cfm-slow" waiting="0.00" lane="left_0" pos="38.23" speed="28.49" angle="115.69" x="38.83" y="-0.29"/>
        <vehicle id="cfm-slow_3" eclass="HBEFA3/PC_G_EU4" CO2="0.00" CO="0.00" HC="0.00" NOx="0.00" PMx="0.00" fuel="0.00" electricity="0.00" noise="72.77" route="routebottom" type="cfm-slow" waiting="0.00" lane="bottom_0" pos="11.84" speed="28.80" angle="73.13" x="88.65" y="-0.23"/>
        <vehicle id="cfm-slow_4" eclass="HBEFA3/PC_G_EU4" CO2="0.00" CO="0.00" HC="0.00" NOx="0.00" PMx="0.00" fuel="0.00" electricity="0.00" noise="71.93" route="routebottom" type="cfm-slow" waiting="0.00" lane="bottom_0" pos="35.69" speed="28.30" angle="30.32" x="125.44" y="33.81"/>
        <vehicle id="cfm-slow_5" eclass="HBEFA3/PC_G_EU4" CO2="0.00" CO="0.00" HC="0.00" NOx="0.00" PMx="0.00" fuel="0.00" electricity="0.00" noise="71.19" route="routebottom" type="cfm-slow" waiting="0.00" lane="right_0" pos="8.96" speed="27.18" angle="348.31" x="129.56" y="82.79"/>
    </timestep>
    <timestep time="7.61">
        <vehicle id="cfm-fast_0" eclass="HBEFA3/PC_G_EU4" CO2="0.00" CO="0.00" HC="0.00" NOx="0.00" PMx="0.00" fuel="0.00" electricity="0.00" noise="70.57" route="routebottom" type="cfm-fast" waiting="0.00" lane="right_0" pos="31.31" speed="25.79" angle="308.16" x="101.68" y="120.76"/>
        <vehicle id="cfm-fast_1" eclass="HBEFA3/PC_G_EU4" CO2="332485.54" CO="8884.17" HC="48.93" NOx="155.18" PMx="9.55" fuel="142.92" electricity="0.00" noise="149.70" route="routebottom" type="cfm-fast" waiting="0.00" lane="right_1" pos="35.58" speed="92.30" angle="300.48" x="92.26" y="122.37"/>
        <vehicle id="cfm-fast_2" eclass="HBEFA3/PC_G_EU4" CO2="0.00" CO="0.00" HC="0.00" NOx="0.00" PMx="0.00" fuel="0.00" electricity="0.00" noise="70.58" route="routebottom" type="cfm-fast" waiting="0.00" lane="right_0" pos="48.03" speed="24.62" angle="278.13" x="67.99" y="132.13"/>
        <vehicle id="cfm-fast_3" eclass="HBEFA3/PC_G_EU4" CO2="7186.05" CO="75.68" HC="0.52" NOx="2.75" PMx="0.14" fuel="3.09" electricity="0.00" noise="71.88" route="routetop" type="cfm-fast" waiting="0.00" lane="top_0" pos="13.59" speed="24.22" angle="250.01" x="35.22" y="126.09"/>
        <vehicle id="cfm-fast_4" eclass="HBEFA3/PC_G_EU4" CO2="12243.47" CO="181.35" HC="1.13" NOx="5.12" PMx="0.28" fuel="5.26" electricity="0.00" noise="74.07" route="routetop" type="cfm-fast" waiting="0.00" lane="top_0" pos="28.81" speed="24.77" angle="222.65" x="9.72" y="106.05"/>
        <vehicle id="cfm-fast_5" eclass="HBEFA3/PC_G_EU4" CO2="320112.63" CO="9328.99" HC="50.72" NOx="149.26" PMx="9.51" fuel="137.60" electricity="0.00" noise="145.12" route="routetop" type="cfm-fast" waiting="0.00" lane="left_1" pos="20.50" speed="103.23" angle="147.58" x="11.43" y="24.45"/>
        <vehicle id="cfm-slow_0" eclass="HBEFA3/PC_G_EU4" CO2="14642.57" CO="235.10" HC="1.44" NOx="6.22" PMx="0.34" fuel="6.29" electricity="0.00" noise="75.44" route="routetop" type="cfm-slow" waiting="0.00" lane="top_0" pos="44.72" speed="26.00" angle="194.05" x="-3.99" y="75.07"/>
        <vehicle id="cfm-slow_1" eclass="HBEFA3/PC_G_EU4" CO2="12776.16" CO="203.49" HC="1.25" NOx="5.31" PMx="0.30" fuel="5.49" electricity="0.00" noise="74.98" route="routetop" type="cfm-slow" waiting="0.00" lane="left_0" pos="15.89" speed="27.47" angle="155.86" x="3.45" y="30.79"/>
        <vehicle id="cfm-slow_2" eclass="HBEFA3/PC_G_EU4" CO2="8189.07" CO="114.91" HC="0.73" NOx="3.12" PMx="0.18" fuel="3.52" electricity="0.00" noise="73.84" route="routetop" type="cfm-slow" waiting="0.00" lane="left_0" pos="38.52" speed="28.49" angle="115.22" x="39.40" y="-0.52"/>
        <vehicle id="cfm-slow_3" eclass="HBEFA3/PC_G_EU4" CO2="0.00" CO="0.00" HC="0.00" NOx="0.00" PMx="0.00" fuel="0.00" electricity="0.00" noise="72.76" route="routebottom" type="cfm-slow" waiting="0.00" lane="bottom_0" pos="12.13" speed="28.79" angle="72.62" x="89.22" y="0.00"/>
        <vehicle id="cfm-slow_4" eclass="HBEFA3/PC_G_EU4" CO2="0.00" CO="0.00" HC="0.00" NOx="0.00" PMx="0.00" fuel="0.00" electricity="0.00" noise="71.93" route="routebottom" type="cfm-slow" waiting="0.00" lane="bottom_0" pos="35.97" speed="28.29" angle="29.85" x="125.71" y="34.36"/>
        <vehicle id="cfm-slow_5" eclass="HBEFA3/PC_G_EU4" CO2="0.00" CO="0.00" HC="0.00" NOx="0.00" PMx="0.00" fuel="0.00" electricity="0.00" noise="71.18" route="routebottom" type="cfm-slow" waiting="0.00" lane="right_0" pos="9.23" speed="27.17" angle="347.82" x="129.38" y="83.35"/>
    </timestep>
    <timestep time="7.62">
        <vehicle id="cfm-fast_0" eclass="HBEFA3/PC_G_EU4" CO2="0.00" CO="0.00" HC="0.00" NOx="0.00" PMx="0.00" fuel="0.00" electricity="0.00" noise="70.57" route="routebottom" type="cfm-fast" waiting="0.00" lane="right_0" pos="31.57" speed="25.78" angle="307.70" x="101.22" y="121.07"/>
        <vehicle id="cfm-fast_1" eclass="HBEFA3/PC_G_EU4" CO2="332375.46" CO="8888.69" HC="48.95" NOx="155.13" PMx="9.55" fuel="142.87" electricity="0.00" noise="149.64" route="routebottom" type="cfm-fast" waiting="0.00" lane="right_1" pos="36.50" speed="92.41" angle="298.80" x="90.54" y="123.17"/>
        <vehicle id="cfm-fast_2" eclass="HBEFA3/PC_G_EU4" CO2="0.00" CO="0.00" HC="0.00" NOx="0.00" PMx="0.00" fuel="0.00" electricity="0.00" noise="70.59" route="routebottom" type="cfm-fast" waiting="0.00" lane="right_0" pos="48.28" speed="24.62" angle="277.67" x="67.47" y="132.16"/>
        <vehicle id="cfm-fast_3" eclass="HBEFA3/PC_G_EU4" CO2="7234.48" CO="76.69" HC="0.53" NOx="2.77" PMx="0.15" fuel="3.11" electricity="0.00" noise="71.90" route="routetop" type="cfm-fast" waiting="0.00" lane="top_0" pos="13.83" speed="24.23" angle="249.57" x="34.74" y="125.88"/>
        <vehicle id="cfm-fast_4" eclass="HBEFA3/PC_G_EU4" CO2="12264.57" CO="181.82" HC="1.13" NOx="5.13" PMx="0.28" fuel="5.27" electricity="0.00" noise="74.09" route="routetop" type="cfm-fast" waiting="0.00" lane="top_0" pos="29.06" speed="24.79" angle="222.20" x="9.40" y="105.63"/>
        <vehicle id="cfm-fast_5" eclass="HBEFA3/PC_G_EU4" CO2="316087.06" CO="9252.31" HC="50.27" NOx="147.36" PMx="9.41" fuel="135.87" electricity="0.00" noise="144.45" route="routetop" type="cfm-fast" waiting="0.00" lane="left_1" pos="21.53" speed="103.32" angle="145.71" x="12.74" y="22.78"/>
        <vehicle id="cfm-slow_0" eclass="HBEFA3/PC_G_EU4" CO2="14626.24" CO="234.82" HC="1.43" NOx="6.22" PMx="0.34" fuel="6.29" electricity="0.00" noise="75.43" route="routetop" type="cfm-slow" waiting="0.00" lane="top_0" pos="44.98" speed="26.02" angle="193.64" x="-4.09" y="74.52"/>
        <vehicle id="cfm-slow_1" eclass="HBEFA3/PC_G_EU4" CO2="12733.02" CO="202.66" HC="1.24" NOx="5.29" PMx="0.30" fuel="5.47" electricity="0.00" noise="74.97" route="routetop" type="cfm-slow" waiting="0.00" lane="left_0" pos="16.17" speed="27.48" angle="155.36" x="3.74" y="30.27"/>
        <vehicle id="cfm-slow_2" eclass="HBEFA3/PC_G_EU4" CO2="8130.99" CO="113.74" HC="0.72" NOx="3.10" PMx="0.18" fuel="3.50" electricity="0.00" noise="73.83" route="routetop" type="cfm-slow" waiting="0.00" lane="left_0" pos="38.80" speed="28.50" angle="114.70" x="39.98" y="-0.72"/>
        <vehicle id="cfm-slow_3" eclass="HBEFA3/PC_G_EU4" CO2="0.00" CO="0.00" HC="0.00" NOx="0.00" PMx="0.00" fuel="0.00" electricity="0.00" noise="72.75" route="routebottom" type="cfm-slow" waiting="0.00" lane="bottom_0" pos="12.42" speed="28.79" angle="72.11" x="89.80" y="0.23"/>
        <vehicle id="cfm-slow_4" eclass="HBEFA3/PC_G_EU4" CO2="0.00" CO="0.00" HC="0.00" NOx="0.00" PMx="0.00" fuel="0.00" electricity="0.00" noise="71.92" route="routebottom" type="cfm-slow" waiting="0.00" lane="bottom_0" pos="36.25" speed="28.28" angle="29.30" x="125.96" y="34.91"/>
        <vehicle id="cfm-slow_5" eclass="HBEFA3/PC_G_EU4" CO2="0.00" CO="0.00" HC="0.00" NOx="0.00" PMx="0.00" fuel="0.00" electricity="0.00" noise="71.18" route="routebottom" type="cfm-slow" waiting="0.00" lane="right_0" pos="9.51" speed="27.15" angle="347.33" x="129.21" y="83.90"/>
    </timestep>
    <timestep time="7.63">
        <vehicle id="cfm-fast_0" eclass="HBEFA3/PC_G_EU4" CO2="0.00" CO="0.00" HC="0.00" NOx="0.00" PMx="0.00" fuel="0.00" electricity="0.00" noise="70.57" route="routebottom" type="cfm-fast" waiting="0.00" lane="right_0" pos="31.83" speed="25.77" angle="307.23" x="100.76" y="121.38"/>
        <vehicle id="cfm-fast_1" eclass="HBEFA3/PC_G_EU4" CO2="332233.06" CO="8892.53" HC="48.97" NOx="155.06" PMx="9.55" fuel="142.81" electricity="0.00" noise="149.58" route="routebottom" type="cfm-fast" waiting="0.00" lane="right_1" pos="37.43" speed="92.53" angle="297.13" x="88.80" y="123.93"/>
        <vehicle id="cfm-fast_2" eclass="HBEFA3/PC_G_EU4" CO2="0.00" CO="0.00" HC="0.00" NOx="0.00" PMx="0.00" fuel="0.00" electricity="0.00" noise="70.60" route="routebottom" type="cfm-fast" waiting="0.00" lane="right_0" pos="48.52" speed="24.61" angle="277.21" x="66.94" y="132.19"/>
        <vehicle id="cfm-fast_3" eclass="HBEFA3/PC_G_EU4" CO2="7282.66" CO="77.70" HC="0.53" NOx="2.79" PMx="0.15" fuel="3.13" electricity="0.00" noise="71.92" route="routetop" type="cfm-fast" waiting="0.00" lane="top_0" pos="14.07" speed="24.23" angle="249.18" x="34.27" y="125.67"/>
        <vehicle id="cfm-fast_4" eclass="HBEFA3/PC_G_EU4" CO2="12285.36" CO="182.28" HC="1.14" NOx="5.14" PMx="0.28" fuel="5.28" electricity="0.00" noise="74.10" route="routetop" type="cfm-fast" waiting="0.00" lane="top_0" pos="29.30" speed="24.80" angle="221.75" x="9.07" y="105.21"/>
        <vehicle id="cfm-fast_5" eclass="HBEFA3/PC_G_EU4" CO2="312127.26" CO="9176.87" HC="49.83" NOx="145.49" PMx="9.31" fuel="134.17" electricity="0.00" noise="143.79" route="routetop" type="cfm-fast" waiting="0.00" lane="left_1" pos="22.56" speed="103.41" angle="143.85" x="14.10" y="21.15"/>
        <vehicle id="cfm-slow_0" eclass="HBEFA3/PC_G_EU4" CO2="14609.66" CO="234.54" HC="1.43" NOx="6.21" PMx="0.34" fuel="6.28" electricity="0.00" noise="75.43" route="routetop" type="cfm-slow" waiting="0.00" lane="top_0" pos="45.24" speed="26.03" angle="193.16" x="-4.17" y="73.97"/>
        <vehicle id="cfm-slow_1" eclass="HBEFA3/PC_G_EU4" CO2="12689.72" CO="201.82" HC="1.24" NOx="5.27" PMx="0.30" fuel="5.45" electricity="0.00" noise="74.96" route="routetop" type="cfm-slow" waiting="0.00" lane="left_0" pos="16.44" speed="27.49" angle="154.85" x="4.02" y="29.75"/>
        <vehicle id="cfm-slow_2" eclass="HBEFA3/PC_G_EU4" CO2="8072.96" CO="112.57" HC="0.72" NOx="3.07" PMx="0.18" fuel="3.47" electricity="0.00" noise="73.81" route="routetop" type="cfm-slow" waiting="0.00" lane="left_0" pos="39.09" speed="28.50" angle="114.17" x="40.56" y="-0.93"/>
        <vehicle id="cfm-slow_3" eclass="HBEFA3/PC_G_EU4" CO2="0.00" CO="0.00" HC="0.00" NOx="0.00" PMx="0.00" fuel="0.00" electricity="0.00" noise="72.74" route="routebottom" type="cfm-slow" waiting="0.00" lane="bottom_0" pos="12.71" speed="28.79" angle="71.61" x="90.37" y="0.46"/>
        <vehicle id="cfm-slow_4" eclass="HBEFA3/PC_G_EU4" CO2="0.00" CO="0.00" HC="0.00" NOx="0.00" PMx="0.00" fuel="0.00" electricity="0.00" noise="71.91" route="routebottom" type="cfm-slow" waiting="0.00" lane="bottom_0" pos="36.54" speed="28.27" angle="28.75" x="126.20" y="35.47"/>
        <vehicle id="cfm-slow_5" eclass="HBEFA3/PC_G_EU4" CO2="0.00" CO="0.00" HC="0.00" NOx="0.00" PMx="0.00" fuel="0.00" electricity="0.00" noise="71.17" route="routebottom" type="cfm-slow" waiting="0.00" lane="right_0" pos="9.78" speed="27.14" angle="346.85" x="129.04" y="84.46"/>
    </timestep>
    <timestep time="7.64">
        <vehicle id="cfm-fast_0" eclass="HBEFA3/PC_G_EU4" CO2="0.00" CO="0.00" HC="0.00" NOx="0.00" PMx="0.00" fuel="0.00" electricity="0.00" noise="70.57" route="routebottom" type="cfm-fast" waiting="0.00" lane="right_0" pos="32.09" speed="25.76" angle="306.84" x="100.30" y="121.69"/>
        <vehicle id="cfm-fast_1" eclass="HBEFA3/PC_G_EU4" CO2="332059.09" CO="8895.73" HC="48.98" NOx="154.97" PMx="9.54" fuel="142.74" electricity="0.00" noise="149.52" route="routebottom" type="cfm-fast" waiting="0.00" lane="right_1" pos="38.35" speed="92.64" angle="295.42" x="87.04" y="124.63"/>
        <vehicle id="cfm-fast_2" eclass="HBEFA3/PC_G_EU4" CO2="0.00" CO="0.00" HC="0.00" NOx="0.00" PMx="0.00" fuel="0.00" electricity="0.00" noise="70.60" route="routebottom" type="cfm-fast" waiting="0.00" lane="right_0" pos="48.77" speed="24.61" angle="276.81" x="66.41" y="132.22"/>
        <vehicle id="cfm-fast_3" eclass="HBEFA3/PC_G_EU4" CO2="7330.59" CO="78.70" HC="0.54" NOx="2.81" PMx="0.15" fuel="3.15" electricity="0.00" noise="71.93" route="routetop" type="cfm-fast" waiting="0.00" lane="top_0" pos="14.32" speed="24.24" angle="248.72" x="33.80" y="125.43"/>
        <vehicle id="cfm-fast_4" eclass="HBEFA3/PC_G_EU4" CO2="12305.84" CO="182.74" HC="1.14" NOx="5.15" PMx="0.28" fuel="5.29" electricity="0.00" noise="74.11" route="routetop" type="cfm-fast" waiting="0.00" lane="top_0" pos="29.55" speed="24.81" angle="221.35" x="8.74" y="104.78"/>
        <vehicle id="cfm-fast_5" eclass="HBEFA3/PC_G_EU4" CO2="308232.31" CO="9102.67" HC="49.39" NOx="143.65" PMx="9.21" fuel="132.49" electricity="0.00" noise="143.14" route="routetop" type="cfm-fast" waiting="0.00" lane="left_1" pos="23.60" speed="103.49" angle="142.02" x="15.50" y="19.57"/>
        <vehicle id="cfm-slow_0" eclass="HBEFA3/PC_G_EU4" CO2="14592.83" CO="234.25" HC="1.43" NOx="6.20" PMx="0.34" fuel="6.27" electricity="0.00" noise="75.42" route="routetop" type="cfm-slow" waiting="0.00" lane="top_0" pos="45.50" speed="26.05" angle="192.69" x="-4.24" y="73.41"/>
        <vehicle id="cfm-slow_1" eclass="HBEFA3/PC_G_EU4" CO2="12646.26" CO="200.98" HC="1.23" NOx="5.25" PMx="0.30" fuel="5.44" electricity="0.00" noise="74.94" route="routetop" type="cfm-slow" waiting="0.00" lane="left_0" pos="16.72" speed="27.50" angle="154.40" x="4.31" y="29.24"/>
        <vehicle id="cfm-slow_2" eclass="HBEFA3/PC_G_EU4" CO2="8014.97" CO="111.40" HC="0.71" NOx="3.04" PMx="0.18" fuel="3.45" electricity="0.00" noise="73.80" route="routetop" type="cfm-slow" waiting="0.00" lane="left_0" pos="39.37" speed="28.50" angle="113.65" x="41.13" y="-1.13"/>
        <vehicle id="cfm-slow_3" eclass="HBEFA3/PC_G_EU4" CO2="0.00" CO="0.00" HC="0.00" NOx="0.00" PMx="0.00" fuel="0.00" electricity="0.00" noise="72.73" route="routebottom" type="cfm-slow" waiting="0.00" lane="bottom_0" pos="12.99" speed="28.78" angle="71.12" x="90.94" y="0.71"/>
        <vehicle id="cfm-slow_4" eclass="HBEFA3/PC_G_EU4" CO2="0.00" CO="0.00" HC="0.00" NOx="0.00" PMx="0.00" fuel="0.00" electricity="0.00" noise="71.90" route="routebottom" type="cfm-slow" waiting="0.00" lane="bottom_0" pos="36.82" speed="28.26" angle="28.20" x="126.45" y="36.02"/>
        <vehicle id="cfm-slow_5" eclass="HBEFA3/PC_G_EU4" CO2="0.00" CO="0.00" HC="0.00" NOx="0.00" PMx="0.00" fuel="0.00" electricity="0.00" noise="71.16" route="routebottom" type="cfm-slow" waiting="0.00" lane="right_0" pos="10.05" speed="27.13" angle="346.36" x="128.87" y="85.02"/>
    </timestep>
    <timestep time="7.65">
        <vehicle id="cfm-fast_0" eclass="HBEFA3/PC_G_EU4" CO2="0.00" CO="0.00" HC="0.00" NOx="0.00" PMx="0.00" fuel="0.00" electricity="0.00" noise="70.57" route="routebottom" type="cfm-fast" waiting="0.00" lane="right_0" pos="32.34" speed="25.75" angle="306.35" x="99.82" y="121.97"/>
        <vehicle id="cfm-fast_1" eclass="HBEFA3/PC_G_EU4" CO2="331854.27" CO="8898.28" HC="48.99" NOx="154.88" PMx="9.54" fuel="142.65" electricity="0.00" noise="149.44" route="routebottom" type="cfm-fast" waiting="0.00" lane="right_1" pos="39.28" speed="92.76" angle="293.81" x="85.25" y="125.29"/>
        <vehicle id="cfm-fast_2" eclass="HBEFA3/PC_G_EU4" CO2="0.00" CO="0.00" HC="0.00" NOx="0.00" PMx="0.00" fuel="0.00" electricity="0.00" noise="70.61" route="routebottom" type="cfm-fast" waiting="0.00" lane="right_0" pos="49.01" speed="24.61" angle="276.35" x="65.88" y="132.23"/>
        <vehicle id="cfm-fast_3" eclass="HBEFA3/PC_G_EU4" CO2="7378.27" CO="79.69" HC="0.55" NOx="2.84" PMx="0.15" fuel="3.17" electricity="0.00" noise="71.95" route="routetop" type="cfm-fast" waiting="0.00" lane="top_0" pos="14.56" speed="24.24" angle="248.26" x="33.34" y="125.20"/>
        <vehicle id="cfm-fast_4" eclass="HBEFA3/PC_G_EU4" CO2="12326.01" CO="183.20" HC="1.14" NOx="5.16" PMx="0.28" fuel="5.30" electricity="0.00" noise="74.12" route="routetop" type="cfm-fast" waiting="0.00" lane="top_0" pos="29.80" speed="24.82" angle="220.89" x="8.43" y="104.35"/>
        <vehicle id="cfm-fast_5" eclass="HBEFA3/PC_G_EU4" CO2="304401.31" CO="9029.69" HC="48.96" NOx="141.84" PMx="9.11" fuel="130.85" electricity="0.00" noise="142.51" route="routetop" type="cfm-fast" waiting="0.00" lane="left_1" pos="24.63" speed="103.58" angle="140.19" x="16.96" y="18.02"/>
        <vehicle id="cfm-slow_0" eclass="HBEFA3/PC_G_EU4" CO2="14575.75" CO="233.96" HC="1.43" NOx="6.19" PMx="0.34" fuel="6.27" electricity="0.00" noise="75.42" route="routetop" type="cfm-slow" waiting="0.00" lane="top_0" pos="45.76" speed="26.06" angle="192.21" x="-4.32" y="72.86"/>
        <vehicle id="cfm-slow_1" eclass="HBEFA3/PC_G_EU4" CO2="12602.65" CO="200.14" HC="1.23" NOx="5.23" PMx="0.29" fuel="5.42" electricity="0.00" noise="74.93" route="routetop" type="cfm-slow" waiting="0.00" lane="left_0" pos="16.99" speed="27.51" angle="153.90" x="4.62" y="28.73"/>
        <vehicle id="cfm-slow_2" eclass="HBEFA3/PC_G_EU4" CO2="7957.04" CO="110.23" HC="0.70" NOx="3.01" PMx="0.18" fuel="3.42" electricity="0.00" noise="73.79" route="routetop" type="cfm-slow" waiting="0.00" lane="left_0" pos="39.66" speed="28.51" angle="113.14" x="41.71" y="-1.34"/>
        <vehicle id="cfm-slow_3" eclass="HBEFA3/PC_G_EU4" CO2="0.00" CO="0.00" HC="0.00" NOx="0.00" PMx="0.00" fuel="0.00" electricity="0.00" noise="72.72" route="routebottom" type="cfm-slow" waiting="0.00" lane="bottom_0" pos="13.28" speed="28.78" angle="70.59" x="91.51" y="0.96"/>
        <vehicle id="cfm-slow_4" eclass="HBEFA3/PC_G_EU4" CO2="0.00" CO="0.00" HC="0.00" NOx="0.00" PMx="0.00" fuel="0.00" electricity="0.00" noise="71.90" route="routebottom" type="cfm-slow" waiting="0.00" lane="bottom_0" pos="37.10" speed="28.25" angle="27.68" x="126.70" y="36.58"/>
        <vehicle id="cfm-slow_5" eclass="HBEFA3/PC_G_EU4" CO2="0.00" CO="0.00" HC="0.00" NOx="0.00" PMx="0.00" fuel="0.00" electricity="0.00" noise="71.16" route="routebottom" type="cfm-slow" waiting="0.00" lane="right_0" pos="10.32" speed="27.11" angle="345.93" x="128.69" y="85.57"/>
    </timestep>
    <timestep time="7.66">
        <vehicle id="cfm-fast_0" eclass="HBEFA3/PC_G_EU4" CO2="0.00" CO="0.00" HC="0.00" NOx="0.00" PMx="0.00" fuel="0.00" electricity="0.00" noise="70.57" route="routebottom" type="cfm-fast" waiting="0.00" lane="right_0" pos="32.60" speed="25.74" angle="305.86" x="99.34" y="122.25"/>
        <vehicle id="cfm-fast_1" eclass="HBEFA3/PC_G_EU4" CO2="331619.32" CO="8900.20" HC="48.99" NOx="154.77" PMx="9.54" fuel="142.55" electricity="0.00" noise="149.37" route="routebottom" type="cfm-fast" waiting="0.00" lane="right_1" pos="40.21" speed="92.87" angle="292.17" x="83.45" y="125.90"/>
        <vehicle id="cfm-fast_2" eclass="HBEFA3/PC_G_EU4" CO2="0.00" CO="0.00" HC="0.00" NOx="0.00" PMx="0.00" fuel="0.00" electricity="0.00" noise="70.62" route="routebottom" type="cfm-fast" waiting="0.00" lane="right_0" pos="49.26" speed="24.60" angle="275.89" x="65.35" y="132.24"/>
        <vehicle id="cfm-fast_3" eclass="HBEFA3/PC_G_EU4" CO2="7425.71" CO="80.68" HC="0.55" NOx="2.86" PMx="0.15" fuel="3.19" electricity="0.00" noise="71.97" route="routetop" type="cfm-fast" waiting="0.00" lane="top_0" pos="14.80" speed="24.25" angle="247.80" x="32.87" y="124.96"/>
        <vehicle id="cfm-fast_4" eclass="HBEFA3/PC_G_EU4" CO2="12345.87" CO="183.64" HC="1.14" NOx="5.17" PMx="0.28" fuel="5.31" electricity="0.00" noise="74.13" route="routetop" type="cfm-fast" waiting="0.00" lane="top_0" pos="30.05" speed="24.84" angle="220.43" x="8.12" y="103.92"/>
        <vehicle id="cfm-fast_5" eclass="HBEFA3/PC_G_EU4" CO2="300633.35" CO="8957.91" HC="48.54" NOx="140.07" PMx="9.01" fuel="129.23" electricity="0.00" noise="141.88" route="routetop" type="cfm-fast" waiting="0.00" lane="left_1" pos="25.67" speed="103.66" angle="138.32" x="18.46" y="16.52"/>
        <vehicle id="cfm-slow_0" eclass="HBEFA3/PC_G_EU4" CO2="14558.43" CO="233.67" HC="1.43" NOx="6.18" PMx="0.34" fuel="6.26" electricity="0.00" noise="75.41" route="routetop" type="cfm-slow" waiting="0.00" lane="top_0" pos="46.02" speed="26.08" angle="191.72" x="-4.40" y="72.30"/>
        <vehicle id="cfm-slow_1" eclass="HBEFA3/PC_G_EU4" CO2="12558.89" CO="199.30" HC="1.22" NOx="5.21" PMx="0.29" fuel="5.40" electricity="0.00" noise="74.91" route="routetop" type="cfm-slow" waiting="0.00" lane="left_0" pos="17.27" speed="27.52" angle="153.39" x="4.92" y="28.22"/>
        <vehicle id="cfm-slow_2" eclass="HBEFA3/PC_G_EU4" CO2="7899.16" CO="109.06" HC="0.70" NOx="2.99" PMx="0.18" fuel="3.40" electricity="0.00" noise="73.77" route="routetop" type="cfm-slow" waiting="0.00" lane="left_0" pos="39.94" speed="28.51" angle="112.66" x="42.29" y="-1.53"/>
        <vehicle id="cfm-slow_3" eclass="HBEFA3/PC_G_EU4" CO2="0.00" CO="0.00" HC="0.00" NOx="0.00" PMx="0.00" fuel="0.00" electricity="0.00" noise="72.71" route="routebottom" type="cfm-slow" waiting="0.00" lane="bottom_0" pos="13.57" speed="28.77" angle="70.05" x="92.07" y="1.22"/>
        <vehicle id="cfm-slow_4" eclass="HBEFA3/PC_G_EU4" CO2="0.00" CO="0.00" HC="0.00" NOx="0.00" PMx="0.00" fuel="0.00" electricity="0.00" noise="71.89" route="routebottom" type="cfm-slow" waiting="0.00" lane="bottom_0" pos="37.38" speed="28.24" angle="27.21" x="126.93" y="37.14"/>
        <vehicle id="cfm-slow_5" eclass="HBEFA3/PC_G_EU4" CO2="0.00" CO="0.00" HC="0.00" NOx="0.00" PMx="0.00" fuel="0.00" electricity="0.00" noise="71.15" route="routebottom" type="cfm-slow" waiting="0.00" lane="right_0" pos="10.59" speed="27.10" angle="345.41" x="128.49" y="86.12"/>
    </timestep>
    <timestep time="7.67">
        <vehicle id="cfm-fast_0" eclass="HBEFA3/PC_G_EU4" CO2="0.00" CO="0.00" HC="0.00" NOx="0.00" PMx="0.00" fuel="0.00" electricity="0.00" noise="70.56" route="routebottom" type="cfm-fast" waiting="0.00" lane="right_0" pos="32.86" speed="25.73" angle="305.37" x="98.87" y="122.54"/>
        <vehicle id="cfm-fast_1" eclass="HBEFA3/PC_G_EU4" CO2="331354.95" CO="8901.52" HC="48.99" NOx="154.64" PMx="9.53" fuel="142.43" electricity="0.00" noise="149.29" route="routebottom" type="cfm-fast" waiting="0.00" lane="right_1" pos="41.14" speed="92.98" angle="290.49" x="81.62" y="126.45"/>
        <vehicle id="cfm-fast_2" eclass="HBEFA3/PC_G_EU4" CO2="0.00" CO="0.00" HC="0.00" NOx="0.00" PMx="0.00" fuel="0.00" electricity="0.00" noise="70.63" route="routebottom" type="cfm-fast" waiting="0.00" lane="right_0" pos="49.51" speed="24.60" angle="275.43" x="64.82" y="132.25"/>
        <vehicle id="cfm-fast_3" eclass="HBEFA3/PC_G_EU4" CO2="7472.89" CO="81.67" HC="0.56" NOx="2.88" PMx="0.15" fuel="3.21" electricity="0.00" noise="71.99" route="routetop" type="cfm-fast" waiting="0.00" lane="top_0" pos="15.04" speed="24.25" angle="247.33" x="32.40" y="124.73"/>
        <vehicle id="cfm-fast_4" eclass="HBEFA3/PC_G_EU4" CO2="12365.42" CO="184.09" HC="1.15" NOx="5.17" PMx="0.28" fuel="5.32" electricity="0.00" noise="74.15" route="routetop" type="cfm-fast" waiting="0.00" lane="top_0" pos="30.30" speed="24.85" angle="219.97" x="7.81" y="103.48"/>
        <vehicle id="cfm-fast_5" eclass="HBEFA3/PC_G_EU4" CO2="296927.54" CO="8887.30" HC="48.13" NOx="138.32" PMx="8.92" fuel="127.64" electricity="0.00" noise="141.27" route="routetop" type="cfm-fast" waiting="0.00" lane="left_1" pos="26.71" speed="103.75" angle="136.40" x="20.03" y="15.08"/>
        <vehicle id="cfm-slow_0" eclass="HBEFA3/PC_G_EU4" CO2="14540.86" CO="233.36" HC="1.43" NOx="6.17" PMx="0.34" fuel="6.25" electricity="0.00" noise="75.41" route="routetop" type="cfm-slow" waiting="0.00" lane="top_0" pos="46.28" speed="26.09" angle="191.30" x="-4.47" y="71.74"/>
        <vehicle id="cfm-slow_1" eclass="HBEFA3/PC_G_EU4" CO2="12514.98" CO="198.45" HC="1.22" NOx="5.19" PMx="0.29" fuel="5.38" electricity="0.00" noise="74.90" route="routetop" type="cfm-slow" waiting="0.00" lane="left_0" pos="17.54" speed="27.53" angle="152.88" x="5.23" y="27.71"/>
        <vehicle id="cfm-slow_2" eclass="HBEFA3/PC_G_EU4" CO2="7841.34" CO="107.89" HC="0.69" NOx="2.96" PMx="0.17" fuel="3.37" electricity="0.00" noise="73.76" route="routetop" type="cfm-slow" waiting="0.00" lane="left_0" pos="40.23" speed="28.52" angle="112.12" x="42.88" y="-1.71"/>
        <vehicle id="cfm-slow_3" eclass="HBEFA3/PC_G_EU4" CO2="0.00" CO="0.00" HC="0.00" NOx="0.00" PMx="0.00" fuel="0.00" electricity="0.00" noise="72.70" route="routebottom" type="cfm-slow" waiting="0.00" lane="bottom_0" pos="13.86" speed="28.77" angle="69.52" x="92.63" y="1.47"/>
        <vehicle id="cfm-slow_4" eclass="HBEFA3/PC_G_EU4" CO2="0.00" CO="0.00" HC="0.00" NOx="0.00" PMx="0.00" fuel="0.00" electricity="0.00" noise="71.88" route="routebottom" type="cfm-slow" waiting="0.00" lane="bottom_0" pos="37.67" speed="28.23" angle="26.71" x="127.16" y="37.70"/>
        <vehicle id="cfm-slow_5" eclass="HBEFA3/PC_G_EU4" CO2="0.00" CO="0.00" HC="0.00" NOx="0.00" PMx="0.00" fuel="0.00" electricity="0.00" noise="71.15" route="routebottom" type="cfm-slow" waiting="0.00" lane="right_0" pos="10.86" speed="27.09" angle="344.89" x="128.29" y="86.67"/>
    </timestep>
    <timestep time="7.68">
        <vehicle id="cfm-fast_0" eclass="HBEFA3/PC_G_EU4" CO2="0.00" CO="0.00" HC="0.00" NOx="0.00" PMx="0.00" fuel="0.00" electricity="0.00" noise="70.56" route="routebottom" type="cfm-fast" waiting="0.00" lane="right_0" pos="33.12" speed="25.71" angle="304.88" x="98.39" y="122.82"/>
        <vehicle id="cfm-fast_1" eclass="HBEFA3/PC_G_EU4" CO2="331061.84" CO="8902.23" HC="48.99" NOx="154.50" PMx="9.53" fuel="142.31" electricity="0.00" noise="149.20" route="routebottom" type="cfm-fast" waiting="0.00" lane="right_1" pos="42.07" speed="93.09" angle="288.74" x="79.78" y="126.94"/>
        <vehicle id="cfm-fast_2" eclass="HBEFA3/PC_G_EU4" CO2="0.00" CO="0.00" HC="0.00" NOx="0.00" PMx="0.00" fuel="0.00" electricity="0.00" noise="70.64" route="routebottom" type="cfm-fast" waiting="0.00" lane="right_0" pos="49.75" speed="24.59" angle="274.98" x="64.29" y="132.26"/>
        <vehicle id="cfm-fast_3" eclass="HBEFA3/PC_G_EU4" CO2="7519.82" CO="82.65" HC="0.56" NOx="2.90" PMx="0.15" fuel="3.23" electricity="0.00" noise="72.01" route="routetop" type="cfm-fast" waiting="0.00" lane="top_0" pos="15.29" speed="24.26" angle="246.90" x="31.94" y="124.49"/>
        <vehicle id="cfm-fast_4" eclass="HBEFA3/PC_G_EU4" CO2="12384.66" CO="184.52" HC="1.15" NOx="5.18" PMx="0.28" fuel="5.32" electricity="0.00" noise="74.16" route="routetop" type="cfm-fast" waiting="0.00" lane="top_0" pos="30.55" speed="24.86" angle="219.50" x="7.49" y="103.05"/>
        <vehicle id="cfm-fast_5" eclass="HBEFA3/PC_G_EU4" CO2="293282.99" CO="8817.87" HC="47.72" NOx="136.60" PMx="8.83" fuel="126.07" electricity="0.00" noise="140.67" route="routetop" type="cfm-fast" waiting="0.00" lane="left_1" pos="27.75" speed="103.83" angle="134.55" x="21.64" y="13.68"/>
        <vehicle id="cfm-slow_0" eclass="HBEFA3/PC_G_EU4" CO2="14523.04" CO="233.06" HC="1.42" NOx="6.16" PMx="0.34" fuel="6.24" electricity="0.00" noise="75.40" route="routetop" type="cfm-slow" waiting="0.00" lane="top_0" pos="46.54" speed="26.11" angle="190.82" x="-4.53" y="71.18"/>
        <vehicle id="cfm-slow_1" eclass="HBEFA3/PC_G_EU4" CO2="12470.92" CO="197.60" HC="1.21" NOx="5.16" PMx="0.29" fuel="5.36" electricity="0.00" noise="74.89" route="routetop" type="cfm-slow" waiting="0.00" lane="left_0" pos="17.82" speed="27.54" angle="152.39" x="5.53" y="27.21"/>
        <vehicle id="cfm-slow_2" eclass="HBEFA3/PC_G_EU4" CO2="7783.58" CO="106.72" HC="0.68" NOx="2.93" PMx="0.17" fuel="3.35" electricity="0.00" noise="73.75" route="routetop" type="cfm-slow" waiting="0.00" lane="left_0" pos="40.51" speed="28.52" angle="111.59" x="43.47" y="-1.90"/>
        <vehicle id="cfm-slow_3" eclass="HBEFA3/PC_G_EU4" CO2="0.00" CO="0.00" HC="0.00" NOx="0.00" PMx="0.00" fuel="0.00" electricity="0.00" noise="72.69" route="routebottom" type="cfm-slow" waiting="0.00" lane="bottom_0" pos="14.14" speed="28.76" angle="69.05" x="93.20" y="1.73"/>
        <vehicle id="cfm-slow_4" eclass="HBEFA3/PC_G_EU4" CO2="0.00" CO="0.00" HC="0.00" NOx="0.00" PMx="0.00" fuel="0.00" electricity="0.00" noise="71.87" route="routebottom" type="cfm-slow" waiting="0.00" lane="bottom_0" pos="37.95" speed="28.22" angle="26.20" x="127.38" y="38.27"/>
        <vehicle id="cfm-slow_5" eclass="HBEFA3/PC_G_EU4" CO2="0.00" CO="0.00" HC="0.00" NOx="0.00" PMx="0.00" fuel="0.00" electricity="0.00" noise="71.14" route="routebottom" type="cfm-slow" waiting="0.00" lane="right_0" pos="11.13" speed="27.07" angle="344.38" x="128.09" y="87.22"/>
    </timestep>
    <timestep time="7.69">
        <vehicle id="cfm-fast_0" eclass="HBEFA3/PC_G_EU4" CO2="0.00" CO="0.00" HC="0.00" NOx="0.00" PMx="0.00" fuel="0.00" electricity="0.00" noise="70.56" route="routebottom" type="cfm-fast" waiting="0.00" lane="right_0" pos="33.37" speed="25.70" angle="304.46" x="97.92" y="123.10"/>
        <vehicle id="cfm-fast_1" eclass="HBEFA3/PC_G_EU4" CO2="330740.68" CO="8902.35" HC="48.98" NOx="154.35" PMx="9.52" fuel="142.17" electricity="0.00" noise="149.11" route="routebottom" type="cfm-fast" waiting="0.00" lane="right_1" pos="43.00" speed="93.20" angle="287.14" x="77.92" y="127.39"/>
        <vehicle id="cfm-fast_2" eclass="HBEFA3/PC_G_EU4" CO2="0.00" CO="0.00" HC="0.00" NOx="0.00" PMx="0.00" fuel="0.00" electricity="0.00" noise="70.65" route="routebottom" type="cfm-fast" waiting="0.00" lane="right_0" pos="50.00" speed="24.59" angle="274.56" x="63.76" y="132.27"/>
        <vehicle id="cfm-fast_3" eclass="HBEFA3/PC_G_EU4" CO2="7566.50" CO="83.62" HC="0.57" NOx="2.92" PMx="0.15" fuel="3.25" electricity="0.00" noise="72.03" route="routetop" type="cfm-fast" waiting="0.00" lane="top_0" pos="15.53" speed="24.26" angle="246.50" x="31.48" y="124.25"/>
        <vehicle id="cfm-fast_4" eclass="HBEFA3/PC_G_EU4" CO2="12403.60" CO="184.95" HC="1.15" NOx="5.19" PMx="0.28" fuel="5.33" electricity="0.00" noise="74.17" route="routetop" type="cfm-fast" waiting="0.00" lane="top_0" pos="30.79" speed="24.87" angle="219.11" x="7.18" y="102.61"/>
        <vehicle id="cfm-fast_5" eclass="HBEFA3/PC_G_EU4" CO2="289698.81" CO="8749.59" HC="47.32" NOx="134.90" PMx="8.74" fuel="124.53" electricity="0.00" noise="140.08" route="routetop" type="cfm-fast" waiting="0.00" lane="left_1" pos="28.79" speed="103.91" angle="132.68" x="23.29" y="12.34"/>
        <vehicle id="cfm-slow_0" eclass="HBEFA3/PC_G_EU4" CO2="14504.97" CO="232.75" HC="1.42" NOx="6.16" PMx="0.34" fuel="6.23" electricity="0.00" noise="75.40" route="routetop" type="cfm-slow" waiting="0.00" lane="top_0" pos="46.80" speed="26.12" angle="190.34" x="-4.58" y="70.62"/>
        <vehicle id="cfm-slow_1" eclass="HBEFA3/PC_G_EU4" CO2="12426.71" CO="196.74" HC="1.21" NOx="5.14" PMx="0.29" fuel="5.34" electricity="0.00" noise="74.87" route="routetop" type="cfm-slow" waiting="0.00" lane="left_0" pos="18.09" speed="27.55" angle="151.94" x="5.85" y="26.71"/>
        <vehicle id="cfm-slow_2" eclass="HBEFA3/PC_G_EU4" CO2="7725.88" CO="105.55" HC="0.68" NOx="2.90" PMx="0.17" fuel="3.32" electricity="0.00" noise="73.73" route="routetop" type="cfm-slow" waiting="0.00" lane="left_0" pos="40.80" speed="28.52" angle="111.05" x="44.05" y="-2.08"/>
        <vehicle id="cfm-slow_3" eclass="HBEFA3/PC_G_EU4" CO2="0.00" CO="0.00" HC="0.00" NOx="0.00" PMx="0.00" fuel="0.00" electricity="0.00" noise="72.68" route="routebottom" type="cfm-slow" waiting="0.00" lane="bottom_0" pos="14.43" speed="28.76" angle="68.51" x="93.75" y="2.01"/>
        <vehicle id="cfm-slow_4" eclass="HBEFA3/PC_G_EU4" CO2="0.00" CO="0.00" HC="0.00" NOx="0.00" PMx="0.00" fuel="0.00" electricity="0.00" noise="71.87" route="routebottom" type="cfm-slow" waiting="0.00" lane="bottom_0" pos="38.23" speed="28.21" angle="25.69" x="127.61" y="38.83"/>
        <vehicle id="cfm-slow_5" eclass="HBEFA3/PC_G_EU4" CO2="0.00" CO="0.00" HC="0.00" NOx="0.00" PMx="0.00" fuel="0.00" electricity="0.00" noise="71.13" route="routebottom" type="cfm-slow" waiting="0.00" lane="right_0" pos="11.40" speed="27.06" angle="343.88" x="127.89" y="87.77"/>
    </timestep>
    <timestep time="7.70">
        <vehicle id="cfm-fast_0" eclass="HBEFA3/PC_G_EU4" CO2="0.00" CO="0.00" HC="0.00" NOx="0.00" PMx="0.00" fuel="0.00" electricity="0.00" noise="70.56" route="routebottom" type="cfm-fast" waiting="0.00" lane="right_0" pos="33.63" speed="25.69" angle="303.99" x="97.43" y="123.37"/>
        <vehicle id="cfm-fast_1" eclass="HBEFA3/PC_G_EU4" CO2="330392.13" CO="8901.90" HC="48.97" NOx="154.18" PMx="9.52" fuel="142.02" electricity="0.00" noise="149.02" route="routebottom" type="cfm-fast" waiting="0.00" lane="right_1" pos="43.94" speed="93.32" angle="285.48" x="76.05" y="127.78"/>
        <vehicle id="cfm-fast_2" eclass="HBEFA3/PC_G_EU4" CO2="0.00" CO="0.00" HC="0.00" NOx="0.00" PMx="0.00" fuel="0.00" electricity="0.00" noise="70.66" route="routetop" type="cfm-fast" waiting="0.00" lane="top_0" pos="0.24" speed="24.59" angle="274.03" x="63.04" y="132.26"/>
        <vehicle id="cfm-fast_3" eclass="HBEFA3/PC_G_EU4" CO2="7612.93" CO="84.59" HC="0.57" NOx="2.95" PMx="0.16" fuel="3.27" electricity="0.00" noise="72.04" route="routetop" type="cfm-fast" waiting="0.00" lane="top_0" pos="15.77" speed="24.27" angle="246.06" x="31.02" y="124.00"/>
        <vehicle id="cfm-fast_4" eclass="HBEFA3/PC_G_EU4" CO2="12422.23" CO="185.37" HC="1.15" NOx="5.20" PMx="0.28" fuel="5.34" electricity="0.00" noise="74.18" route="routetop" type="cfm-fast" waiting="0.00" lane="top_0" pos="31.04" speed="24.89" angle="218.66" x="6.89" y="102.17"/>
        <vehicle id="cfm-fast_5" eclass="HBEFA3/PC_G_EU4" CO2="286174.15" CO="8682.43" HC="46.93" NOx="133.24" PMx="8.65" fuel="123.01" electricity="0.00" noise="139.50" route="routetop" type="cfm-fast" waiting="0.00" lane="left_1" pos="29.82" speed="103.98" angle="130.82" x="24.99" y="11.05"/>
        <vehicle id="cfm-slow_0" eclass="HBEFA3/PC_G_EU4" CO2="14486.66" CO="232.43" HC="1.42" NOx="6.15" PMx="0.34" fuel="6.23" electricity="0.00" noise="75.39" route="routetop" type="cfm-slow" waiting="0.00" lane="top_0" pos="47.06" speed="26.14" angle="189.86" x="-4.64" y="70.07"/>
        <vehicle id="cfm-slow_1" eclass="HBEFA3/PC_G_EU4" CO2="12382.35" CO="195.88" HC="1.20" NOx="5.12" PMx="0.29" fuel="5.32" electricity="0.00" noise="74.86" route="routetop" type="cfm-slow" waiting="0.00" lane="left_0" pos="18.37" speed="27.56" angle="151.42" x="6.18" y="26.21"/>
        <vehicle id="cfm-slow_2" eclass="HBEFA3/PC_G_EU4" CO2="7668.24" CO="104.38" HC="0.67" NOx="2.88" PMx="0.17" fuel="3.30" electricity="0.00" noise="73.72" route="routetop" type="cfm-slow" waiting="0.00" lane="left_0" pos="41.08" speed="28.52" angle="110.58" x="44.64" y="-2.26"/>
        <vehicle id="cfm-slow_3" eclass="HBEFA3/PC_G_EU4" CO2="0.00" CO="0.00" HC="0.00" NOx="0.00" PMx="0.00" fuel="0.00" electricity="0.00" noise="72.67" route="routebottom" type="cfm-slow" waiting="0.00" lane="bottom_0" pos="14.72" speed="28.76" angle="67.97" x="94.30" y="2.28"/>
        <vehicle id="cfm-slow_4" eclass="HBEFA3/PC_G_EU4" CO2="0.00" CO="0.00" HC="0.00" NOx="0.00" PMx="0.00" fuel="0.00" electricity="0.00" noise="71.86" route="routebottom" type="cfm-slow" waiting="0.00" lane="bottom_0" pos="38.51" speed="28.20" angle="25.23" x="127.83" y="39.39"/>
        <vehicle id="cfm-slow_5" eclass="HBEFA3/PC_G_EU4" CO2="0.00" CO="0.00" HC="0.00" NOx="0.00" PMx="0.00" fuel="0.00" electricity="0.00" noise="71.13" route="routebottom" type="cfm-slow" waiting="0.00" lane="right_0" pos="11.67" speed="27.05" angle="343.42" x="127.68" y="88.31"/>
    </timestep>
    <timestep time="7.71">
        <vehicle id="cfm-fast_0" eclass="HBEFA3/PC_G_EU4" CO2="0.00" CO="0.00" HC="0.00" NOx="0.00" PMx="0.00" fuel="0.00" electricity="0.00" noise="70.56" route="routebottom" type="cfm-fast" waiting="0.00" lane="right_0" pos="33.89" speed="25.68" angle="303.53" x="96.95" y="123.64"/>
        <vehicle id="cfm-fast_1" eclass="HBEFA3/PC_G_EU4" CO2="330016.86" CO="8900.89" HC="48.95" NOx="154.00" PMx="9.51" fuel="141.86" electricity="0.00" noise="148.92" route="routebottom" type="cfm-fast" waiting="0.00" lane="right_1" pos="44.87" speed="93.43" angle="283.74" x="74.16" y="128.13"/>
        <vehicle id="cfm-fast_2" eclass="HBEFA3/PC_G_EU4" CO2="0.00" CO="0.00" HC="0.00" NOx="0.00" PMx="0.00" fuel="0.00" electricity="0.00" noise="70.66" route="routetop" type="cfm-fast" waiting="0.00" lane="top_0" pos="0.49" speed="24.58" angle="273.59" x="62.52" y="132.25"/>
        <vehicle id="cfm-fast_3" eclass="HBEFA3/PC_G_EU4" CO2="7659.11" CO="85.56" HC="0.58" NOx="2.97" PMx="0.16" fuel="3.29" electricity="0.00" noise="72.06" route="routetop" type="cfm-fast" waiting="0.00" lane="top_0" pos="16.01" speed="24.27" angle="245.62" x="30.56" y="123.74"/>
        <vehicle id="cfm-fast_4" eclass="HBEFA3/PC_G_EU4" CO2="12440.54" CO="185.79" HC="1.16" NOx="5.21" PMx="0.28" fuel="5.35" electricity="0.00" noise="74.19" route="routetop" type="cfm-fast" waiting="0.00" lane="top_0" pos="31.29" speed="24.90" angle="218.21" x="6.59" y="101.72"/>
        <vehicle id="cfm-fast_5" eclass="HBEFA3/PC_G_EU4" CO2="282708.13" CO="8616.40" HC="46.55" NOx="131.60" PMx="8.56" fuel="121.52" electricity="0.00" noise="138.93" route="routetop" type="cfm-fast" waiting="0.00" lane="left_1" pos="30.87" speed="104.06" angle="128.94" x="26.72" y="9.81"/>
        <vehicle id="cfm-slow_0" eclass="HBEFA3/PC_G_EU4" CO2="14468.11" CO="232.11" HC="1.42" NOx="6.14" PMx="0.34" fuel="6.22" electricity="0.00" noise="75.38" route="routetop" type="cfm-slow" waiting="0.00" lane="top_0" pos="47.33" speed="26.15" angle="189.38" x="-4.70" y="69.51"/>
        <vehicle id="cfm-slow_1" eclass="HBEFA3/PC_G_EU4" CO2="12337.86" CO="195.02" HC="1.20" NOx="5.10" PMx="0.29" fuel="5.30" electricity="0.00" noise="74.85" route="routetop" type="cfm-slow" waiting="0.00" lane="left_0" pos="18.64" speed="27.57" angle="150.90" x="6.51" y="25.72"/>
        <vehicle id="cfm-slow_2" eclass="HBEFA3/PC_G_EU4" CO2="7610.66" CO="103.22" HC="0.66" NOx="2.85" PMx="0.17" fuel="3.27" electricity="0.00" noise="73.71" route="routetop" type="cfm-slow" waiting="0.00" lane="left_0" pos="41.37" speed="28.53" angle="110.05" x="45.23" y="-2.41"/>
        <vehicle id="cfm-slow_3" eclass="HBEFA3/PC_G_EU4" CO2="0.00" CO="0.00" HC="0.00" NOx="0.00" PMx="0.00" fuel="0.00" electricity="0.00" noise="72.66" route="routebottom" type="cfm-slow" waiting="0.00" lane="bottom_0" pos="15.01" speed="28.75" angle="67.43" x="94.86" y="2.56"/>
        <vehicle id="cfm-slow_4" eclass="HBEFA3/PC_G_EU4" CO2="0.00" CO="0.00" HC="0.00" NOx="0.00" PMx="0.00" fuel="0.00" electricity="0.00" noise="71.85" route="routebottom" type="cfm-slow" waiting="0.00" lane="bottom_0" pos="38.79" speed="28.19" angle="24.72" x="128.04" y="39.96"/>
        <vehicle id="cfm-slow_5" eclass="HBEFA3/PC_G_EU4" CO2="0.00" CO="0.00" HC="0.00" NOx="0.00" PMx="0.00" fuel="0.00" electricity="0.00" noise="71.12" route="routebottom" type="cfm-slow" waiting="0.00" lane="right_0" pos="11.94" speed="27.03" angle="342.93" x="127.47" y="88.85"/>
    </timestep>
    <timestep time="7.72">
        <vehicle id="cfm-fast_0" eclass="HBEFA3/PC_G_EU4" CO2="0.00" CO="0.00" HC="0.00" NOx="0.00" PMx="0.00" fuel="0.00" electricity="0.00" noise="70.56" route="routebottom" type="cfm-fast" waiting="0.00" lane="right_0" pos="34.14" speed="25.67" angle="303.06" x="96.47" y="123.91"/>
        <vehicle id="cfm-fast_1" eclass="HBEFA3/PC_G_EU4" CO2="329615.52" CO="8899.33" HC="48.94" NOx="153.81" PMx="9.50" fuel="141.69" electricity="0.00" noise="148.81" route="routebottom" type="cfm-fast" waiting="0.00" lane="right_1" pos="45.81" speed="93.54" angle="282.03" x="72.26" y="128.40"/>
        <vehicle id="cfm-fast_2" eclass="HBEFA3/PC_G_EU4" CO2="0.00" CO="0.00" HC="0.00" NOx="0.00" PMx="0.00" fuel="0.00" electricity="0.00" noise="70.67" route="routetop" type="cfm-fast" waiting="0.00" lane="top_0" pos="0.74" speed="24.58" angle="273.14" x="61.99" y="132.24"/>
        <vehicle id="cfm-fast_3" eclass="HBEFA3/PC_G_EU4" CO2="7705.04" CO="86.52" HC="0.58" NOx="2.99" PMx="0.16" fuel="3.31" electricity="0.00" noise="72.08" route="routetop" type="cfm-fast" waiting="0.00" lane="top_0" pos="16.26" speed="24.28" angle="245.18" x="30.11" y="123.49"/>
        <vehicle id="cfm-fast_4" eclass="HBEFA3/PC_G_EU4" CO2="12458.56" CO="186.20" HC="1.16" NOx="5.22" PMx="0.28" fuel="5.36" electricity="0.00" noise="74.20" route="routetop" type="cfm-fast" waiting="0.00" lane="top_0" pos="31.54" speed="24.91" angle="217.76" x="6.29" y="101.27"/>
        <vehicle id="cfm-fast_5" eclass="HBEFA3/PC_G_EU4" CO2="279299.89" CO="8551.47" HC="46.17" NOx="130.00" PMx="8.47" fuel="120.06" electricity="0.00" noise="138.37" route="routetop" type="cfm-fast" waiting="0.00" lane="left_1" pos="31.91" speed="104.14" angle="127.07" x="28.50" y="8.63"/>
        <vehicle id="cfm-slow_0" eclass="HBEFA3/PC_G_EU4" CO2="14449.31" CO="231.78" HC="1.42" NOx="6.13" PMx="0.34" fuel="6.21" electricity="0.00" noise="75.38" route="routetop" type="cfm-slow" waiting="0.00" lane="top_0" pos="47.59" speed="26.16" angle="188.95" x="-4.74" y="68.94"/>
        <vehicle id="cfm-slow_1" eclass="HBEFA3/PC_G_EU4" CO2="12293.22" CO="194.16" HC="1.19" NOx="5.08" PMx="0.29" fuel="5.28" electricity="0.00" noise="74.83" route="routetop" type="cfm-slow" waiting="0.00" lane="left_0" pos="18.92" speed="27.58" angle="150.39" x="6.84" y="25.23"/>
        <vehicle id="cfm-slow_2" eclass="HBEFA3/PC_G_EU4" CO2="7553.15" CO="102.05" HC="0.66" NOx="2.82" PMx="0.17" fuel="3.25" electricity="0.00" noise="73.69" route="routetop" type="cfm-slow" waiting="0.00" lane="left_0" pos="41.66" speed="28.53" angle="109.52" x="45.83" y="-2.57"/>
        <vehicle id="cfm-slow_3" eclass="HBEFA3/PC_G_EU4" CO2="0.00" CO="0.00" HC="0.00" NOx="0.00" PMx="0.00" fuel="0.00" electricity="0.00" noise="72.65" route="routebottom" type="cfm-slow" waiting="0.00" lane="bottom_0" pos="15.29" speed="28.75" angle="66.93" x="95.41" y="2.84"/>
        <vehicle id="cfm-slow_4" eclass="HBEFA3/PC_G_EU4" CO2="0.00" CO="0.00" HC="0.00" NOx="0.00" PMx="0.00" fuel="0.00" electricity="0.00" noise="71.85" route="routebottom" type="cfm-slow" waiting="0.00" lane="bottom_0" pos="39.08" speed="28.18" angle="24.21" x="128.25" y="40.53"/>
        <vehicle id="cfm-slow_5" eclass="HBEFA3/PC_G_EU4" CO2="0.00" CO="0.00" HC="0.00" NOx="0.00" PMx="0.00" fuel="0.00" electricity="0.00" noise="71.12" route="routebottom" type="cfm-slow" waiting="0.00" lane="right_0" pos="12.21" speed="27.02" angle="342.44" x="127.25" y="89.39"/>
    </timestep>
    <timestep time="7.73">
        <vehicle id="cfm-fast_0" eclass="HBEFA3/PC_G_EU4" CO2="0.00" CO="0.00" HC="0.00" NOx="0.00" PMx="0.00" fuel="0.00" electricity="0.00" noise="70.56" route="routebottom" type="cfm-fast" waiting="0.00" lane="right_0" pos="34.40" speed="25.66" angle="302.59" x="95.99" y="124.17"/>
        <vehicle id="cfm-fast_1" eclass="HBEFA3/PC_G_EU4" CO2="329188.74" CO="8897.24" HC="48.92" NOx="153.61" PMx="9.49" fuel="141.50" electricity="0.00" noise="148.71" route="routebottom" type="cfm-fast" waiting="0.00" lane="right_1" pos="46.74" speed="93.65" angle="280.41" x="70.36" y="128.62"/>
        <vehicle id="cfm-fast_2" eclass="HBEFA3/PC_G_EU4" CO2="0.00" CO="0.00" HC="0.00" NOx="0.00" PMx="0.00" fuel="0.00" electricity="0.00" noise="70.68" route="routetop" type="cfm-fast" waiting="0.00" lane="top_0" pos="0.98" speed="24.58" angle="272.70" x="61.46" y="132.23"/>
        <vehicle id="cfm-fast_3" eclass="HBEFA3/PC_G_EU4" CO2="7750.71" CO="87.48" HC="0.59" NOx="3.01" PMx="0.16" fuel="3.33" electricity="0.00" noise="72.10" route="routetop" type="cfm-fast" waiting="0.00" lane="top_0" pos="16.50" speed="24.29" angle="244.75" x="29.65" y="123.24"/>
        <vehicle id="cfm-fast_4" eclass="HBEFA3/PC_G_EU4" CO2="12476.26" CO="186.60" HC="1.16" NOx="5.23" PMx="0.28" fuel="5.36" electricity="0.00" noise="74.21" route="routetop" type="cfm-fast" waiting="0.00" lane="top_0" pos="31.79" speed="24.92" angle="217.31" x="5.99" y="100.83"/>
        <vehicle id="cfm-fast_5" eclass="HBEFA3/PC_G_EU4" CO2="275948.58" CO="8487.62" HC="45.79" NOx="128.41" PMx="8.39" fuel="118.62" electricity="0.00" noise="137.82" route="routetop" type="cfm-fast" waiting="0.00" lane="left_1" pos="32.95" speed="104.21" angle="125.19" x="30.32" y="7.51"/>
        <vehicle id="cfm-slow_0" eclass="HBEFA3/PC_G_EU4" CO2="14430.27" CO="231.45" HC="1.41" NOx="6.12" PMx="0.34" fuel="6.20" electricity="0.00" noise="75.37" route="routetop" type="cfm-slow" waiting="0.00" lane="top_0" pos="47.85" speed="26.18" angle="188.45" x="-4.78" y="68.38"/>
        <vehicle id="cfm-slow_1" eclass="HBEFA3/PC_G_EU4" CO2="12248.45" CO="193.29" HC="1.19" NOx="5.06" PMx="0.29" fuel="5.27" electricity="0.00" noise="74.82" route="routetop" type="cfm-slow" waiting="0.00" lane="left_0" pos="19.20" speed="27.59" angle="149.92" x="7.17" y="24.73"/>
        <vehicle id="cfm-slow_2" eclass="HBEFA3/PC_G_EU4" CO2="7495.71" CO="100.89" HC="0.65" NOx="2.80" PMx="0.16" fuel="3.22" electricity="0.00" noise="73.68" route="routetop" type="cfm-slow" waiting="0.00" lane="left_0" pos="41.94" speed="28.53" angle="108.99" x="46.42" y="-2.73"/>
        <vehicle id="cfm-slow_3" eclass="HBEFA3/PC_G_EU4" CO2="0.00" CO="0.00" HC="0.00" NOx="0.00" PMx="0.00" fuel="0.00" electricity="0.00" noise="72.64" route="routebottom" type="cfm-slow" waiting="0.00" lane="bottom_0" pos="15.58" speed="28.74" angle="66.44" x="95.96" y="3.13"/>
        <vehicle id="cfm-slow_4" eclass="HBEFA3/PC_G_EU4" CO2="0.00" CO="0.00" HC="0.00" NOx="0.00" PMx="0.00" fuel="0.00" electricity="0.00" noise="71.84" route="routebottom" type="cfm-slow" waiting="0.00" lane="bottom_0" pos="39.36" speed="28.16" angle="23.71" x="128.45" y="41.10"/>
        <vehicle id="cfm-slow_5" eclass="HBEFA3/PC_G_EU4" CO2="0.00" CO="0.00" HC="0.00" NOx="0.00" PMx="0.00" fuel="0.00" electricity="0.00" noise="71.11" route="routebottom" type="cfm-slow" waiting="0.00" lane="right_0" pos="12.48" speed="27.01" angle="341.94" x="127.03" y="89.93"/>
    </timestep>
    <timestep time="7.74">
        <vehicle id="cfm-fast_0" eclass="HBEFA3/PC_G_EU4" CO2="0.00" CO="0.00" HC="0.00" NOx="0.00" PMx="0.00" fuel="0.00" electricity="0.00" noise="70.55" route="routebottom" type="cfm-fast" waiting="0.00" lane="right_0" pos="34.66" speed="25.65" angle="302.19" x="95.50" y="124.44"/>
        <vehicle id="cfm-fast_1" eclass="HBEFA3/PC_G_EU4" CO2="328737.14" CO="8894.62" HC="48.90" NOx="153.40" PMx="9.48" fuel="141.31" electricity="0.00" noise="148.59" route="routebottom" type="cfm-fast" waiting="0.00" lane="right_1" pos="47.68" speed="93.76" angle="278.75" x="68.44" y="128.80"/>
        <vehicle id="cfm-fast_2" eclass="HBEFA3/PC_G_EU4" CO2="0.00" CO="0.00" HC="0.00" NOx="0.00" PMx="0.00" fuel="0.00" electricity="0.00" noise="70.69" route="routetop" type="cfm-fast" waiting="0.00" lane="top_0" pos="1.23" speed="24.57" angle="272.27" x="60.93" y="132.22"/>
        <vehicle id="cfm-fast_3" eclass="HBEFA3/PC_G_EU4" CO2="7796.13" CO="88.43" HC="0.60" NOx="3.03" PMx="0.16" fuel="3.35" electricity="0.00" noise="72.12" route="routetop" type="cfm-fast" waiting="0.00" lane="top_0" pos="16.74" speed="24.29" angle="244.36" x="29.19" y="122.98"/>
        <vehicle id="cfm-fast_4" eclass="HBEFA3/PC_G_EU4" CO2="12493.66" CO="187.00" HC="1.16" NOx="5.23" PMx="0.28" fuel="5.37" electricity="0.00" noise="74.23" route="routetop" type="cfm-fast" waiting="0.00" lane="top_0" pos="32.04" speed="24.94" angle="216.91" x="5.70" y="100.38"/>
        <vehicle id="cfm-fast_5" eclass="HBEFA3/PC_G_EU4" CO2="272653.37" CO="8424.84" HC="45.42" NOx="126.86" PMx="8.30" fuel="117.20" electricity="0.00" noise="137.28" route="routetop" type="cfm-fast" waiting="0.00" lane="left_1" pos="33.99" speed="104.28" angle="123.34" x="32.18" y="6.45"/>
        <vehicle id="cfm-slow_0" eclass="HBEFA3/PC_G_EU4" CO2="14410.99" CO="231.11" HC="1.41" NOx="6.11" PMx="0.34" fuel="6.19" electricity="0.00" noise="75.37" route="routetop" type="cfm-slow" waiting="0.00" lane="top_0" pos="48.11" speed="26.19" angle="187.95" x="-4.81" y="67.82"/>
        <vehicle id="cfm-slow_1" eclass="HBEFA3/PC_G_EU4" CO2="12203.53" CO="192.42" HC="1.18" NOx="5.04" PMx="0.28" fuel="5.25" electricity="0.00" noise="74.81" route="routetop" type="cfm-slow" waiting="0.00" lane="left_0" pos="19.47" speed="27.60" angle="149.42" x="7.51" y="24.25"/>
        <vehicle id="cfm-slow_2" eclass="HBEFA3/PC_G_EU4" CO2="7438.34" CO="99.72" HC="0.64" NOx="2.77" PMx="0.16" fuel="3.20" electricity="0.00" noise="73.67" route="routetop" type="cfm-slow" waiting="0.00" lane="left_0" pos="42.23" speed="28.54" angle="108.47" x="47.01" y="-2.89"/>
        <vehicle id="cfm-slow_3" eclass="HBEFA3/PC_G_EU4" CO2="0.00" CO="0.00" HC="0.00" NOx="0.00" PMx="0.00" fuel="0.00" electricity="0.00" noise="72.64" route="routebottom" type="cfm-slow" waiting="0.00" lane="bottom_0" pos="15.87" speed="28.74" angle="65.91" x="96.50" y="3.43"/>
        <vehicle id="cfm-slow_4" eclass="HBEFA3/PC_G_EU4" CO2="0.00" CO="0.00" HC="0.00" NOx="0.00" PMx="0.00" fuel="0.00" electricity="0.00" noise="71.83" route="routebottom" type="cfm-slow" waiting="0.00" lane="bottom_0" pos="39.64" speed="28.15" angle="23.20" x="128.66" y="41.67"/>
        <vehicle id="cfm-slow_5" eclass="HBEFA3/PC_G_EU4" CO2="0.00" CO="0.00" HC="0.00" NOx="0.00" PMx="0.00" fuel="0.00" electricity="0.00" noise="71.11" route="routebottom" type="cfm-slow" waiting="0.00" lane="right_0" pos="12.75" speed="27.00" angle="341.49" x="126.82" y="90.47"/>
    </timestep>
    <timestep time="7.75">
        <vehicle id="cfm-fast_0" eclass="HBEFA3/PC_G_EU4" CO2="0.00" CO="0.00" HC="0.00" NOx="0.00" PMx="0.00" fuel="0.00" electricity="0.00" noise="70.55" route="routebottom" type="cfm-fast" waiting="0.00" lane="right_0" pos="34.91" speed="25.64" angle="301.73" x="95.01" y="124.69"/>
        <vehicle id="cfm-fast_1" eclass="HBEFA3/PC_G_EU4" CO2="328261.35" CO="8891.49" HC="48.87" NOx="153.17" PMx="9.48" fuel="141.10" electricity="0.00" noise="148.48" route="routebottom" type="cfm-fast" waiting="0.00" lane="right_1" pos="48.62" speed="93.87" angle="276.96" x="66.52" y="128.91"/>
        <vehicle id="cfm-fast_2" eclass="HBEFA3/PC_G_EU4" CO2="0.00" CO="0.00" HC="0.00" NOx="0.00" PMx="0.00" fuel="0.00" electricity="0.00" noise="70.70" route="routetop" type="cfm-fast" waiting="0.00" lane="top_0" pos="1.47" speed="24.57" angle="271.83" x="60.40" y="132.19"/>
        <vehicle id="cfm-fast_3" eclass="HBEFA3/PC_G_EU4" CO2="7841.29" CO="89.37" HC="0.60" NOx="3.05" PMx="0.16" fuel="3.37" electricity="0.00" noise="72.14" route="routetop" type="cfm-fast" waiting="0.00" lane="top_0" pos="16.99" speed="24.30" angle="243.92" x="28.74" y="122.71"/>
        <vehicle id="cfm-fast_4" eclass="HBEFA3/PC_G_EU4" CO2="12510.75" CO="187.39" HC="1.16" NOx="5.24" PMx="0.28" fuel="5.38" electricity="0.00" noise="74.24" route="routetop" type="cfm-fast" waiting="0.00" lane="top_0" pos="32.29" speed="24.95" angle="216.45" x="5.42" y="99.92"/>
        <vehicle id="cfm-fast_5" eclass="HBEFA3/PC_G_EU4" CO2="269413.42" CO="8363.11" HC="45.06" NOx="125.33" PMx="8.22" fuel="115.81" electricity="0.00" noise="136.76" route="routetop" type="cfm-fast" waiting="0.00" lane="left_1" pos="35.04" speed="104.36" angle="121.51" x="34.07" y="5.45"/>
        <vehicle id="cfm-slow_0" eclass="HBEFA3/PC_G_EU4" CO2="14391.46" CO="230.77" HC="1.41" NOx="6.10" PMx="0.34" fuel="6.19" electricity="0.00" noise="75.36" route="routetop" type="cfm-slow" waiting="0.00" lane="top_0" pos="48.37" speed="26.21" angle="187.45" x="-4.84" y="67.26"/>
        <vehicle id="cfm-slow_1" eclass="HBEFA3/PC_G_EU4" CO2="12158.48" CO="191.54" HC="1.18" NOx="5.02" PMx="0.28" fuel="5.23" electricity="0.00" noise="74.79" route="routetop" type="cfm-slow" waiting="0.00" lane="left_0" pos="19.75" speed="27.61" angle="148.91" x="7.86" y="23.77"/>
        <vehicle id="cfm-slow_2" eclass="HBEFA3/PC_G_EU4" CO2="7381.04" CO="98.56" HC="0.64" NOx="2.74" PMx="0.16" fuel="3.17" electricity="0.00" noise="73.65" route="routetop" type="cfm-slow" waiting="0.00" lane="left_0" pos="42.51" speed="28.54" angle="108.00" x="47.61" y="-3.03"/>
        <vehicle id="cfm-slow_3" eclass="HBEFA3/PC_G_EU4" CO2="0.00" CO="0.00" HC="0.00" NOx="0.00" PMx="0.00" fuel="0.00" electricity="0.00" noise="72.63" route="routebottom" type="cfm-slow" waiting="0.00" lane="bottom_0" pos="16.16" speed="28.73" angle="65.37" x="97.04" y="3.73"/>
        <vehicle id="cfm-slow_4" eclass="HBEFA3/PC_G_EU4" CO2="0.00" CO="0.00" HC="0.00" NOx="0.00" PMx="0.00" fuel="0.00" electricity="0.00" noise="71.82" route="routebottom" type="cfm-slow" waiting="0.00" lane="bottom_0" pos="39.92" speed="28.14" angle="22.73" x="128.85" y="42.25"/>
        <vehicle id="cfm-slow_5" eclass="HBEFA3/PC_G_EU4" CO2="0.00" CO="0.00" HC="0.00" NOx="0.00" PMx="0.00" fuel="0.00" electricity="0.00" noise="71.10" route="routebottom" type="cfm-slow" waiting="0.00" lane="right_0" pos="13.02" speed="26.98" angle="341.02" x="126.59" y="91.00"/>
    </timestep>
    <timestep time="7.76">
        <vehicle id="cfm-fast_0" eclass="HBEFA3/PC_G_EU4" CO2="0.00" CO="0.00" HC="0.00" NOx="0.00" PMx="0.00" fuel="0.00" electricity="0.00" noise="70.55" route="routebottom" type="cfm-fast" waiting="0.00" lane="right_0" pos="35.17" speed="25.63" angle="301.26" x="94.52" y="124.93"/>
        <vehicle id="cfm-fast_1" eclass="HBEFA3/PC_G_EU4" CO2="327761.97" CO="8887.86" HC="48.84" NOx="152.94" PMx="9.46" fuel="140.89" electricity="0.00" noise="148.36" route="routebottom" type="cfm-fast" waiting="0.00" lane="right_1" pos="49.56" speed="93.98" angle="275.27" x="64.59" y="128.95"/>
        <vehicle id="cfm-fast_2" eclass="HBEFA3/PC_G_EU4" CO2="0.00" CO="0.00" HC="0.00" NOx="0.00" PMx="0.00" fuel="0.00" electricity="0.00" noise="70.71" route="routetop" type="cfm-fast" waiting="0.00" lane="top_0" pos="1.72" speed="24.57" angle="271.39" x="59.87" y="132.16"/>
        <vehicle id="cfm-fast_3" eclass="HBEFA3/PC_G_EU4" CO2="7886.20" CO="90.31" HC="0.61" NOx="3.07" PMx="0.16" fuel="3.39" electricity="0.00" noise="72.15" route="routetop" type="cfm-fast" waiting="0.00" lane="top_0" pos="17.23" speed="24.30" angle="243.48" x="28.30" y="122.44"/>
        <vehicle id="cfm-fast_4" eclass="HBEFA3/PC_G_EU4" CO2="12527.53" CO="187.78" HC="1.17" NOx="5.25" PMx="0.29" fuel="5.38" electricity="0.00" noise="74.25" route="routetop" type="cfm-fast" waiting="0.00" lane="top_0" pos="32.54" speed="24.96" angle="215.98" x="5.14" y="99.46"/>
        <vehicle id="cfm-fast_5" eclass="HBEFA3/PC_G_EU4" CO2="266227.90" CO="8302.42" HC="44.71" NOx="123.83" PMx="8.14" fuel="114.44" electricity="0.00" noise="136.24" route="routetop" type="cfm-fast" waiting="0.00" lane="left_1" pos="36.08" speed="104.43" angle="119.64" x="35.99" y="4.50"/>
        <vehicle id="cfm-slow_0" eclass="HBEFA3/PC_G_EU4" CO2="14371.70" CO="230.42" HC="1.41" NOx="6.09" PMx="0.34" fuel="6.18" electricity="0.00" noise="75.35" route="routetop" type="cfm-slow" waiting="0.00" lane="top_0" pos="48.64" speed="26.22" angle="186.95" x="-4.87" y="66.69"/>
        <vehicle id="cfm-slow_1" eclass="HBEFA3/PC_G_EU4" CO2="12113.30" CO="190.67" HC="1.17" NOx="4.99" PMx="0.28" fuel="5.21" electricity="0.00" noise="74.78" route="routetop" type="cfm-slow" waiting="0.00" lane="left_0" pos="20.02" speed="27.62" angle="148.40" x="8.21" y="23.28"/>
        <vehicle id="cfm-slow_2" eclass="HBEFA3/PC_G_EU4" CO2="7323.82" CO="97.40" HC="0.63" NOx="2.71" PMx="0.16" fuel="3.15" electricity="0.00" noise="73.64" route="routetop" type="cfm-slow" waiting="0.00" lane="left_0" pos="42.80" speed="28.54" angle="107.50" x="48.21" y="-3.17"/>
        <vehicle id="cfm-slow_3" eclass="HBEFA3/PC_G_EU4" CO2="0.00" CO="0.00" HC="0.00" NOx="0.00" PMx="0.00" fuel="0.00" electricity="0.00" noise="72.62" route="routebottom" type="cfm-slow" waiting="0.00" lane="bottom_0" pos="16.44" speed="28.73" angle="64.84" x="97.58" y="4.03"/>
        <vehicle id="cfm-slow_4" eclass="HBEFA3/PC_G_EU4" CO2="0.00" CO="0.00" HC="0.00" NOx="0.00" PMx="0.00" fuel="0.00" electricity="0.00" noise="71.82" route="routebottom" type="cfm-slow" waiting="0.00" lane="bottom_0" pos="40.20" speed="28.13" angle="22.20" x="129.03" y="42.83"/>
        <vehicle id="cfm-slow_5" eclass="HBEFA3/PC_G_EU4" CO2="0.00" CO="0.00" HC="0.00" NOx="0.00" PMx="0.00" fuel="0.00" electricity="0.00" noise="71.09" route="routebottom" type="cfm-slow" waiting="0.00" lane="right_0" pos="13.29" speed="26.97" angle="340.53" x="126.35" y="91.53"/>
    </timestep>
    <timestep time="7.77">
        <vehicle id="cfm-fast_0" eclass="HBEFA3/PC_G_EU4" CO2="0.00" CO="0.00" HC="0.00" NOx="0.00" PMx="0.00" fuel="0.00" electricity="0.00" noise="70.55" route="routebottom" type="cfm-fast" waiting="0.00" lane="right_0" pos="35.43" speed="25.62" angle="300.80" x="94.02" y="125.18"/>
        <vehicle id="cfm-fast_1" eclass="HBEFA3/PC_G_EU4" CO2="327239.60" CO="8883.75" HC="48.81" NOx="152.69" PMx="9.45" fuel="140.66" electricity="0.00" noise="148.24" route="routetop" type="cfm-fast" waiting="0.00" lane="top_1" pos="0.50" speed="94.09" angle="273.58" x="62.61" y="128.95"/>
        <vehicle id="cfm-fast_2" eclass="HBEFA3/PC_G_EU4" CO2="0.00" CO="0.00" HC="0.00" NOx="0.00" PMx="0.00" fuel="0.00" electricity="0.00" noise="70.72" route="routetop" type="cfm-fast" waiting="0.00" lane="top_0" pos="1.96" speed="24.57" angle="270.95" x="59.35" y="132.13"/>
        <vehicle id="cfm-fast_3" eclass="HBEFA3/PC_G_EU4" CO2="7930.86" CO="91.25" HC="0.61" NOx="3.09" PMx="0.16" fuel="3.41" electricity="0.00" noise="72.17" route="routetop" type="cfm-fast" waiting="0.00" lane="top_0" pos="17.47" speed="24.31" angle="243.04" x="27.85" y="122.18"/>
        <vehicle id="cfm-fast_4" eclass="HBEFA3/PC_G_EU4" CO2="12544.00" CO="188.16" HC="1.17" NOx="5.26" PMx="0.29" fuel="5.39" electricity="0.00" noise="74.26" route="routetop" type="cfm-fast" waiting="0.00" lane="top_0" pos="32.79" speed="24.97" angle="215.50" x="4.87" y="99.00"/>
        <vehicle id="cfm-fast_5" eclass="HBEFA3/PC_G_EU4" CO2="263096.00" CO="8242.75" HC="44.36" NOx="122.35" PMx="8.06" fuel="113.09" electricity="0.00" noise="135.73" route="routetop" type="cfm-fast" waiting="0.00" lane="left_1" pos="37.12" speed="104.50" angle="117.68" x="37.94" y="3.63"/>
        <vehicle id="cfm-slow_0" eclass="HBEFA3/PC_G_EU4" CO2="14351.69" CO="230.07" HC="1.41" NOx="6.08" PMx="0.34" fuel="6.17" electricity="0.00" noise="75.35" route="routetop" type="cfm-slow" waiting="0.00" lane="top_0" pos="48.90" speed="26.24" angle="186.52" x="-4.90" y="66.13"/>
        <vehicle id="cfm-slow_1" eclass="HBEFA3/PC_G_EU4" CO2="12067.99" CO="189.79" HC="1.17" NOx="4.97" PMx="0.28" fuel="5.19" electricity="0.00" noise="74.76" route="routetop" type="cfm-slow" waiting="0.00" lane="left_0" pos="20.30" speed="27.63" angle="147.89" x="8.56" y="22.80"/>
        <vehicle id="cfm-slow_2" eclass="HBEFA3/PC_G_EU4" CO2="7266.67" CO="96.24" HC="0.62" NOx="2.69" PMx="0.16" fuel="3.12" electricity="0.00" noise="73.63" route="routetop" type="cfm-slow" waiting="0.00" lane="left_0" pos="43.08" speed="28.54" angle="106.99" x="48.81" y="-3.31"/>
        <vehicle id="cfm-slow_3" eclass="HBEFA3/PC_G_EU4" CO2="0.00" CO="0.00" HC="0.00" NOx="0.00" PMx="0.00" fuel="0.00" electricity="0.00" noise="72.61" route="routebottom" type="cfm-slow" waiting="0.00" lane="bottom_0" pos="16.73" speed="28.72" angle="64.37" x="98.11" y="4.33"/>
        <vehicle id="cfm-slow_4" eclass="HBEFA3/PC_G_EU4" CO2="0.00" CO="0.00" HC="0.00" NOx="0.00" PMx="0.00" fuel="0.00" electricity="0.00" noise="71.81" route="routebottom" type="cfm-slow" waiting="0.00" lane="bottom_0" pos="40.48" speed="28.12" angle="21.66" x="129.21" y="43.40"/>
        <vehicle id="cfm-slow_5" eclass="HBEFA3/PC_G_EU4" CO2="0.00" CO="0.00" HC="0.00" NOx="0.00" PMx="0.00" fuel="0.00" electricity="0.00" noise="71.09" route="routebottom" type="cfm-slow" waiting="0.00" lane="right_0" pos="13.56" speed="26.96" angle="340.04" x="126.11" y="92.06"/>
    </timestep>
    <timestep time="7.78">
        <vehicle id="cfm-fast_0" eclass="HBEFA3/PC_G_EU4" CO2="0.00" CO="0.00" HC="0.00" NOx="0.00" PMx="0.00" fuel="0.00" electricity="0.00" noise="70.55" route="routebottom" type="cfm-fast" waiting="0.00" lane="right_0" pos="35.68" speed="25.61" angle="300.34" x="93.53" y="125.43"/>
        <vehicle id="cfm-fast_1" eclass="HBEFA3/PC_G_EU4" CO2="326694.82" CO="8879.15" HC="48.78" NOx="152.43" PMx="9.44" fuel="140.43" electricity="0.00" noise="148.11" route="routetop" type="cfm-fast" waiting="0.00" lane="top_1" pos="1.44" speed="94.20" angle="271.90" x="60.67" y="128.90"/>
        <vehicle id="cfm-fast_2" eclass="HBEFA3/PC_G_EU4" CO2="0.00" CO="0.00" HC="0.00" NOx="0.00" PMx="0.00" fuel="0.00" electricity="0.00" noise="70.73" route="routetop" type="cfm-fast" waiting="0.00" lane="top_0" pos="2.21" speed="24.56" angle="270.51" x="58.82" y="132.10"/>
        <vehicle id="cfm-fast_3" eclass="HBEFA3/PC_G_EU4" CO2="7975.26" CO="92.18" HC="0.62" NOx="3.12" PMx="0.16" fuel="3.43" electricity="0.00" noise="72.19" route="routetop" type="cfm-fast" waiting="0.00" lane="top_0" pos="17.71" speed="24.32" angle="242.61" x="27.40" y="121.91"/>
        <vehicle id="cfm-fast_4" eclass="HBEFA3/PC_G_EU4" CO2="12560.17" CO="188.53" HC="1.17" NOx="5.26" PMx="0.29" fuel="5.40" electricity="0.00" noise="74.27" route="routetop" type="cfm-fast" waiting="0.00" lane="top_0" pos="33.04" speed="24.99" angle="215.03" x="4.59" y="98.54"/>
        <vehicle id="cfm-fast_5" eclass="HBEFA3/PC_G_EU4" CO2="260016.92" CO="8184.09" HC="44.02" NOx="120.89" PMx="7.98" fuel="111.77" electricity="0.00" noise="135.23" route="routetop" type="cfm-fast" waiting="0.00" lane="left_1" pos="38.17" speed="104.56" angle="115.76" x="39.93" y="2.83"/>
        <vehicle id="cfm-slow_0" eclass="HBEFA3/PC_G_EU4" CO2="14331.44" CO="229.72" HC="1.40" NOx="6.07" PMx="0.34" fuel="6.16" electricity="0.00" noise="75.34" route="routetop" type="cfm-slow" waiting="0.00" lane="top_0" pos="49.16" speed="26.25" angle="186.05" x="-4.91" y="65.57"/>
        <vehicle id="cfm-slow_1" eclass="HBEFA3/PC_G_EU4" CO2="12022.54" CO="188.90" HC="1.16" NOx="4.95" PMx="0.28" fuel="5.17" electricity="0.00" noise="74.75" route="routetop" type="cfm-slow" waiting="0.00" lane="left_0" pos="20.58" speed="27.64" angle="147.44" x="8.91" y="22.32"/>
        <vehicle id="cfm-slow_2" eclass="HBEFA3/PC_G_EU4" CO2="7209.60" CO="95.08" HC="0.62" NOx="2.66" PMx="0.16" fuel="3.10" electricity="0.00" noise="73.61" route="routetop" type="cfm-slow" waiting="0.00" lane="left_0" pos="43.37" speed="28.55" angle="106.48" x="49.40" y="-3.45"/>
        <vehicle id="cfm-slow_3" eclass="HBEFA3/PC_G_EU4" CO2="0.00" CO="0.00" HC="0.00" NOx="0.00" PMx="0.00" fuel="0.00" electricity="0.00" noise="72.60" route="routebottom" type="cfm-slow" waiting="0.00" lane="bottom_0" pos="17.02" speed="28.72" angle="63.84" x="98.64" y="4.65"/>
        <vehicle id="cfm-slow_4" eclass="HBEFA3/PC_G_EU4" CO2="0.00" CO="0.00" HC="0.00" NOx="0.00" PMx="0.00" fuel="0.00" electricity="0.00" noise="71.80" route="routebottom" type="cfm-slow" waiting="0.00" lane="bottom_0" pos="40.76" speed="28.11" angle="21.12" x="129.38" y="43.98"/>
        <vehicle id="cfm-slow_5" eclass="HBEFA3/PC_G_EU4" CO2="0.00" CO="0.00" HC="0.00" NOx="0.00" PMx="0.00" fuel="0.00" electricity="0.00" noise="71.08" route="routebottom" type="cfm-slow" waiting="0.00" lane="right_0" pos="13.83" speed="26.94" angle="339.55" x="125.88" y="92.59"/>
    </timestep>
    <timestep time="7.79">
        <vehicle id="cfm-fast_0" eclass="HBEFA3/PC_G_EU4" CO2="0.00" CO="0.00" HC="0.00" NOx="0.00" PMx="0.00" fuel="0.00" electricity="0.00" noise="70.55" route="routebottom" type="cfm-fast" waiting="0.00" lane="right_0" pos="35.94" speed="25.60" angle="299.93" x="93.04" y="125.67"/>
        <vehicle id="cfm-fast_1" eclass="HBEFA3/PC_G_EU4" CO2="326128.21" CO="8874.10" HC="48.74" NOx="152.16" PMx="9.43" fuel="140.19" electricity="0.00" noise="147.98" route="routetop" type="cfm-fast" waiting="0.00" lane="top_1" pos="2.38" speed="94.30" angle="270.18" x="58.74" y="128.79"/>
        <vehicle id="cfm-fast_2" eclass="HBEFA3/PC_G_EU4" CO2="0.00" CO="0.00" HC="0.00" NOx="0.00" PMx="0.00" fuel="0.00" electricity="0.00" noise="70.74" route="routetop" type="cfm-fast" waiting="0.00" lane="top_0" pos="2.46" speed="24.56" angle="270.07" x="58.29" y="132.07"/>
        <vehicle id="cfm-fast_3" eclass="HBEFA3/PC_G_EU4" CO2="8019.40" CO="93.10" HC="0.62" NOx="3.14" PMx="0.17" fuel="3.45" electricity="0.00" noise="72.21" route="routetop" type="cfm-fast" waiting="0.00" lane="top_0" pos="17.96" speed="24.32" angle="242.23" x="26.95" y="121.64"/>
        <vehicle id="cfm-fast_4" eclass="HBEFA3/PC_G_EU4" CO2="12576.04" CO="188.90" HC="1.17" NOx="5.27" PMx="0.29" fuel="5.41" electricity="0.00" noise="74.28" route="routetop" type="cfm-fast" waiting="0.00" lane="top_0" pos="33.29" speed="25.00" angle="214.59" x="4.31" y="98.08"/>
        <vehicle id="cfm-fast_5" eclass="HBEFA3/PC_G_EU4" CO2="256989.84" CO="8126.43" HC="43.68" NOx="119.47" PMx="7.90" fuel="110.47" electricity="0.00" noise="134.73" route="routetop" type="cfm-fast" waiting="0.00" lane="left_1" pos="39.22" speed="104.63" angle="113.88" x="41.95" y="2.08"/>
        <vehicle id="cfm-slow_0" eclass="HBEFA3/PC_G_EU4" CO2="14310.96" CO="229.35" HC="1.40" NOx="6.06" PMx="0.34" fuel="6.15" electricity="0.00" noise="75.34" route="routetop" type="cfm-slow" waiting="0.00" lane="top_0" pos="49.42" speed="26.26" angle="185.57" x="-4.92" y="65.00"/>
        <vehicle id="cfm-slow_1" eclass="HBEFA3/PC_G_EU4" CO2="11976.97" CO="188.02" HC="1.16" NOx="4.93" PMx="0.28" fuel="5.15" electricity="0.00" noise="74.74" route="routetop" type="cfm-slow" waiting="0.00" lane="left_0" pos="20.85" speed="27.65" angle="146.93" x="9.28" y="21.86"/>
        <vehicle id="cfm-slow_2" eclass="HBEFA3/PC_G_EU4" CO2="7152.61" CO="93.92" HC="0.61" NOx="2.63" PMx="0.16" fuel="3.07" electricity="0.00" noise="73.60" route="routetop" type="cfm-slow" waiting="0.00" lane="left_0" pos="43.65" speed="28.55" angle="106.03" x="50.00" y="-3.58"/>
        <vehicle id="cfm-slow_3" eclass="HBEFA3/PC_G_EU4" CO2="0.00" CO="0.00" HC="0.00" NOx="0.00" PMx="0.00" fuel="0.00" electricity="0.00" noise="72.59" route="routebottom" type="cfm-slow" waiting="0.00" lane="bottom_0" pos="17.30" speed="28.71" angle="63.31" x="99.17" y="4.97"/>
        <vehicle id="cfm-slow_4" eclass="HBEFA3/PC_G_EU4" CO2="0.00" CO="0.00" HC="0.00" NOx="0.00" PMx="0.00" fuel="0.00" electricity="0.00" noise="71.80" route="routebottom" type="cfm-slow" waiting="0.00" lane="bottom_0" pos="41.05" speed="28.10" angle="20.65" x="129.56" y="44.56"/>
        <vehicle id="cfm-slow_5" eclass="HBEFA3/PC_G_EU4" CO2="0.00" CO="0.00" HC="0.00" NOx="0.00" PMx="0.00" fuel="0.00" electricity="0.00" noise="71.08" route="routebottom" type="cfm-slow" waiting="0.00" lane="right_0" pos="14.10" speed="26.93" angle="339.12" x="125.64" y="93.12"/>
    </timestep>
    <timestep time="7.80">
        <vehicle id="cfm-fast_0" eclass="HBEFA3/PC_G_EU4" CO2="0.00" CO="0.00" HC="0.00" NOx="0.00" PMx="0.00" fuel="0.00" electricity="0.00" noise="70.55" route="routebottom" type="cfm-fast" waiting="0.00" lane="right_0" pos="36.19" speed="25.59" angle="299.43" x="92.53" y="125.90"/>
        <vehicle id="cfm-fast_1" eclass="HBEFA3/PC_G_EU4" CO2="325540.34" CO="8868.58" HC="48.70" NOx="151.88" PMx="9.42" fuel="139.93" electricity="0.00" noise="147.85" route="routetop" type="cfm-fast" waiting="0.00" lane="top_1" pos="3.33" speed="94.41" angle="268.52" x="56.82" y="128.61"/>
        <vehicle id="cfm-fast_2" eclass="HBEFA3/PC_G_EU4" CO2="0.00" CO="0.00" HC="0.00" NOx="0.00" PMx="0.00" fuel="0.00" electricity="0.00" noise="70.75" route="routetop" type="cfm-fast" waiting="0.00" lane="top_0" pos="2.70" speed="24.56" angle="269.65" x="57.76" y="132.02"/>
        <vehicle id="cfm-fast_3" eclass="HBEFA3/PC_G_EU4" CO2="8063.29" CO="94.02" HC="0.63" NOx="3.16" PMx="0.17" fuel="3.47" electricity="0.00" noise="72.23" route="routetop" type="cfm-fast" waiting="0.00" lane="top_0" pos="18.20" speed="24.33" angle="241.76" x="26.51" y="121.35"/>
        <vehicle id="cfm-fast_4" eclass="HBEFA3/PC_G_EU4" CO2="12591.59" CO="189.26" HC="1.17" NOx="5.28" PMx="0.29" fuel="5.41" electricity="0.00" noise="74.29" route="routetop" type="cfm-fast" waiting="0.00" lane="top_0" pos="33.54" speed="25.01" angle="214.16" x="4.05" y="97.61"/>
        <vehicle id="cfm-fast_5" eclass="HBEFA3/PC_G_EU4" CO2="254013.99" CO="8069.73" HC="43.35" NOx="118.06" PMx="7.83" fuel="109.19" electricity="0.00" noise="134.25" route="routetop" type="cfm-fast" waiting="0.00" lane="left_1" pos="40.26" speed="104.70" angle="112.01" x="43.98" y="1.40"/>
        <vehicle id="cfm-slow_0" eclass="HBEFA3/PC_G_EU4" CO2="14290.24" CO="228.99" HC="1.40" NOx="6.05" PMx="0.33" fuel="6.14" electricity="0.00" noise="75.33" route="routetop" type="cfm-slow" waiting="0.00" lane="top_0" pos="49.69" speed="26.28" angle="185.09" x="-4.93" y="64.43"/>
        <vehicle id="cfm-slow_1" eclass="HBEFA3/PC_G_EU4" CO2="11931.27" CO="187.13" HC="1.15" NOx="4.91" PMx="0.28" fuel="5.13" electricity="0.00" noise="74.72" route="routetop" type="cfm-slow" waiting="0.00" lane="left_0" pos="21.13" speed="27.66" angle="146.42" x="9.64" y="21.39"/>
        <vehicle id="cfm-slow_2" eclass="HBEFA3/PC_G_EU4" CO2="7095.70" CO="92.77" HC="0.60" NOx="2.61" PMx="0.15" fuel="3.05" electricity="0.00" noise="73.59" route="routetop" type="cfm-slow" waiting="0.00" lane="left_0" pos="43.94" speed="28.55" angle="105.51" x="50.61" y="-3.69"/>
        <vehicle id="cfm-slow_3" eclass="HBEFA3/PC_G_EU4" CO2="0.00" CO="0.00" HC="0.00" NOx="0.00" PMx="0.00" fuel="0.00" electricity="0.00" noise="72.58" route="routebottom" type="cfm-slow" waiting="0.00" lane="bottom_0" pos="17.59" speed="28.71" angle="62.78" x="99.70" y="5.29"/>
        <vehicle id="cfm-slow_4" eclass="HBEFA3/PC_G_EU4" CO2="0.00" CO="0.00" HC="0.00" NOx="0.00" PMx="0.00" fuel="0.00" electricity="0.00" noise="71.79" route="routebottom" type="cfm-slow" waiting="0.00" lane="bottom_0" pos="41.33" speed="28.09" angle="20.15" x="129.72" y="45.14"/>
        <vehicle id="cfm-slow_5" eclass="HBEFA3/PC_G_EU4" CO2="0.00" CO="0.00" HC="0.00" NOx="0.00" PMx="0.00" fuel="0.00" electricity="0.00" noise="71.07" route="routebottom" type="cfm-slow" waiting="0.00" lane="right_0" pos="14.37" speed="26.92" angle="338.61" x="125.38" y="93.63"/>
    </timestep>
    <timestep time="7.81">
        <vehicle id="cfm-fast_0" eclass="HBEFA3/PC_G_EU4" CO2="0.00" CO="0.00" HC="0.00" NOx="0.00" PMx="0.00" fuel="0.00" electricity="0.00" noise="70.55" route="routebottom" type="cfm-fast" waiting="0.00" lane="right_0" pos="36.45" speed="25.58" angle="298.93" x="92.03" y="126.12"/>
        <vehicle id="cfm-fast_1" eclass="HBEFA3/PC_G_EU4" CO2="324931.76" CO="8862.63" HC="48.66" NOx="151.60" PMx="9.40" fuel="139.67" electricity="0.00" noise="147.71" route="routetop" type="cfm-fast" waiting="0.00" lane="top_1" pos="4.27" speed="94.52" angle="266.83" x="54.89" y="128.37"/>
        <vehicle id="cfm-fast_2" eclass="HBEFA3/PC_G_EU4" CO2="0.00" CO="0.00" HC="0.00" NOx="0.00" PMx="0.00" fuel="0.00" electricity="0.00" noise="70.76" route="routetop" type="cfm-fast" waiting="0.00" lane="top_0" pos="2.95" speed="24.55" angle="269.21" x="57.24" y="131.97"/>
        <vehicle id="cfm-fast_3" eclass="HBEFA3/PC_G_EU4" CO2="8106.92" CO="94.94" HC="0.63" NOx="3.18" PMx="0.17" fuel="3.48" electricity="0.00" noise="72.25" route="routetop" type="cfm-fast" waiting="0.00" lane="top_0" pos="18.44" speed="24.33" angle="241.28" x="26.08" y="121.06"/>
        <vehicle id="cfm-fast_4" eclass="HBEFA3/PC_G_EU4" CO2="12606.84" CO="189.62" HC="1.18" NOx="5.28" PMx="0.29" fuel="5.42" electricity="0.00" noise="74.30" route="routetop" type="cfm-fast" waiting="0.00" lane="top_0" pos="33.79" speed="25.02" angle="213.71" x="3.79" y="97.14"/>
        <vehicle id="cfm-fast_5" eclass="HBEFA3/PC_G_EU4" CO2="251088.58" CO="8014.00" HC="43.02" NOx="116.68" PMx="7.75" fuel="107.93" electricity="0.00" noise="133.78" route="routetop" type="cfm-fast" waiting="0.00" lane="left_1" pos="41.31" speed="104.76" angle="110.13" x="46.04" y="0.78"/>
        <vehicle id="cfm-slow_0" eclass="HBEFA3/PC_G_EU4" CO2="14269.28" CO="228.62" HC="1.40" NOx="6.04" PMx="0.33" fuel="6.13" electricity="0.00" noise="75.32" route="routetop" type="cfm-slow" waiting="0.00" lane="top_0" pos="49.95" speed="26.29" angle="184.63" x="-4.95" y="63.87"/>
        <vehicle id="cfm-slow_1" eclass="HBEFA3/PC_G_EU4" CO2="11885.44" CO="186.24" HC="1.15" NOx="4.89" PMx="0.28" fuel="5.11" electricity="0.00" noise="74.71" route="routetop" type="cfm-slow" waiting="0.00" lane="left_0" pos="21.41" speed="27.67" angle="145.91" x="10.01" y="20.92"/>
        <vehicle id="cfm-slow_2" eclass="HBEFA3/PC_G_EU4" CO2="7038.88" CO="91.61" HC="0.60" NOx="2.58" PMx="0.15" fuel="3.03" electricity="0.00" noise="73.58" route="routetop" type="cfm-slow" waiting="0.00" lane="left_0" pos="44.22" speed="28.55" angle="104.98" x="51.21" y="-3.80"/>
        <vehicle id="cfm-slow_3" eclass="HBEFA3/PC_G_EU4" CO2="0.00" CO="0.00" HC="0.00" NOx="0.00" PMx="0.00" fuel="0.00" electricity="0.00" noise="72.57" route="routebottom" type="cfm-slow" waiting="0.00" lane="bottom_0" pos="17.88" speed="28.70" angle="62.30" x="100.23" y="5.61"/>
        <vehicle id="cfm-slow_4" eclass="HBEFA3/PC_G_EU4" CO2="0.00" CO="0.00" HC="0.00" NOx="0.00" PMx="0.00" fuel="0.00" electricity="0.00" noise="71.78" route="routebottom" type="cfm-slow" waiting="0.00" lane="bottom_0" pos="41.61" speed="28.08" angle="19.63" x="129.88" y="45.73"/>
        <vehicle id="cfm-slow_5" eclass="HBEFA3/PC_G_EU4" CO2="0.00" CO="0.00" HC="0.00" NOx="0.00" PMx="0.00" fuel="0.00" electricity="0.00" noise="71.07" route="routebottom" type="cfm-slow" waiting="0.00" lane="right_0" pos="14.64" speed="26.90" angle="338.10" x="125.12" y="94.15"/>
    </timestep>
    <timestep time="7.82">
        <vehicle id="cfm-fast_0" eclass="HBEFA3/PC_G_EU4" CO2="0.00" CO="0.00" HC="0.00" NOx="0.00" PMx="0.00" fuel="0.00" electricity="0.00" noise="70.55" route="routebottom" type="cfm-fast" waiting="0.00" lane="right_0" pos="36.71" speed="25.57" angle="298.43" x="91.53" y="126.35"/>
        <vehicle id="cfm-fast_1" eclass="HBEFA3/PC_G_EU4" CO2="324303.03" CO="8856.24" HC="48.62" NOx="151.30" PMx="9.39" fuel="139.40" electricity="0.00" noise="147.57" route="routetop" type="cfm-fast" waiting="0.00" lane="top_1" pos="5.22" speed="94.63" angle="265.12" x="52.97" y="128.09"/>
        <vehicle id="cfm-fast_2" eclass="HBEFA3/PC_G_EU4" CO2="0.00" CO="0.00" HC="0.00" NOx="0.00" PMx="0.00" fuel="0.00" electricity="0.00" noise="70.77" route="routetop" type="cfm-fast" waiting="0.00" lane="top_0" pos="3.19" speed="24.55" angle="268.77" x="56.71" y="131.91"/>
        <vehicle id="cfm-fast_3" eclass="HBEFA3/PC_G_EU4" CO2="8150.29" CO="95.85" HC="0.64" NOx="3.20" PMx="0.17" fuel="3.50" electricity="0.00" noise="72.26" route="routetop" type="cfm-fast" waiting="0.00" lane="top_0" pos="18.69" speed="24.34" angle="240.81" x="25.64" y="120.76"/>
        <vehicle id="cfm-fast_4" eclass="HBEFA3/PC_G_EU4" CO2="12621.79" CO="189.97" HC="1.18" NOx="5.29" PMx="0.29" fuel="5.43" electricity="0.00" noise="74.31" route="routetop" type="cfm-fast" waiting="0.00" lane="top_0" pos="34.04" speed="25.04" angle="213.25" x="3.52" y="96.67"/>
        <vehicle id="cfm-fast_5" eclass="HBEFA3/PC_G_EU4" CO2="248212.83" CO="7959.22" HC="42.70" NOx="115.32" PMx="7.68" fuel="106.70" electricity="0.00" noise="133.31" route="routetop" type="cfm-fast" waiting="0.00" lane="left_1" pos="42.36" speed="104.82" angle="108.28" x="48.11" y="0.23"/>
        <vehicle id="cfm-slow_0" eclass="HBEFA3/PC_G_EU4" CO2="14248.08" CO="228.24" HC="1.39" NOx="6.03" PMx="0.33" fuel="6.12" electricity="0.00" noise="75.32" route="routetop" type="cfm-slow" waiting="0.00" lane="left_0" pos="0.21" speed="26.31" angle="184.09" x="-4.94" y="63.11"/>
        <vehicle id="cfm-slow_1" eclass="HBEFA3/PC_G_EU4" CO2="11839.49" CO="185.34" HC="1.14" NOx="4.86" PMx="0.28" fuel="5.09" electricity="0.00" noise="74.70" route="routetop" type="cfm-slow" waiting="0.00" lane="left_0" pos="21.68" speed="27.68" angle="145.42" x="10.38" y="20.45"/>
        <vehicle id="cfm-slow_2" eclass="HBEFA3/PC_G_EU4" CO2="6982.14" CO="90.46" HC="0.59" NOx="2.55" PMx="0.15" fuel="3.00" electricity="0.00" noise="73.56" route="routetop" type="cfm-slow" waiting="0.00" lane="left_0" pos="44.51" speed="28.56" angle="104.45" x="51.82" y="-3.91"/>
        <vehicle id="cfm-slow_3" eclass="HBEFA3/PC_G_EU4" CO2="0.00" CO="0.00" HC="0.00" NOx="0.00" PMx="0.00" fuel="0.00" electricity="0.00" noise="72.56" route="routebottom" type="cfm-slow" waiting="0.00" lane="bottom_0" pos="18.17" speed="28.69" angle="61.79" x="100.75" y="5.94"/>
        <vehicle id="cfm-slow_4" eclass="HBEFA3/PC_G_EU4" CO2="0.00" CO="0.00" HC="0.00" NOx="0.00" PMx="0.00" fuel="0.00" electricity="0.00" noise="71.77" route="routebottom" type="cfm-slow" waiting="0.00" lane="bottom_0" pos="41.89" speed="28.07" angle="19.12" x="130.03" y="46.31"/>
        <vehicle id="cfm-slow_5" eclass="HBEFA3/PC_G_EU4" CO2="0.00" CO="0.00" HC="0.00" NOx="0.00" PMx="0.00" fuel="0.00" electricity="0.00" noise="71.06" route="routebottom" type="cfm-slow" waiting="0.00" lane="right_0" pos="14.91" speed="26.89" angle="337.59" x="124.86" y="94.67"/>
    </timestep>
    <timestep time="7.83">
        <vehicle id="cfm-fast_0" eclass="HBEFA3/PC_G_EU4" CO2="0.00" CO="0.00" HC="0.00" NOx="0.00" PMx="0.00" fuel="0.00" electricity="0.00" noise="70.55" route="routebottom" type="cfm-fast" waiting="0.00" lane="right_0" pos="36.96" speed="25.56" angle="297.93" x="91.03" y="126.57"/>
        <vehicle id="cfm-fast_1" eclass="HBEFA3/PC_G_EU4" CO2="323654.67" CO="8849.44" HC="48.57" NOx="150.99" PMx="9.38" fuel="139.12" electricity="0.00" noise="147.43" route="routetop" type="cfm-fast" waiting="0.00" lane="top_1" pos="6.17" speed="94.73" angle="263.39" x="51.06" y="127.74"/>
        <vehicle id="cfm-fast_2" eclass="HBEFA3/PC_G_EU4" CO2="0.00" CO="0.00" HC="0.00" NOx="0.00" PMx="0.00" fuel="0.00" electricity="0.00" noise="70.78" route="routetop" type="cfm-fast" waiting="0.00" lane="top_0" pos="3.44" speed="24.55" angle="268.33" x="56.19" y="131.86"/>
        <vehicle id="cfm-fast_3" eclass="HBEFA3/PC_G_EU4" CO2="8193.41" CO="96.75" HC="0.64" NOx="3.22" PMx="0.17" fuel="3.52" electricity="0.00" noise="72.28" route="routetop" type="cfm-fast" waiting="0.00" lane="top_0" pos="18.93" speed="24.35" angle="240.34" x="25.21" y="120.47"/>
        <vehicle id="cfm-fast_4" eclass="HBEFA3/PC_G_EU4" CO2="12636.43" CO="190.31" HC="1.18" NOx="5.30" PMx="0.29" fuel="5.43" electricity="0.00" noise="74.32" route="routetop" type="cfm-fast" waiting="0.00" lane="top_0" pos="34.29" speed="25.05" angle="212.80" x="3.26" y="96.20"/>
        <vehicle id="cfm-fast_5" eclass="HBEFA3/PC_G_EU4" CO2="245385.98" CO="7905.37" HC="42.39" NOx="113.99" PMx="7.61" fuel="105.48" electricity="0.00" noise="132.86" route="routetop" type="cfm-fast" waiting="0.00" lane="left_1" pos="43.41" speed="104.89" angle="106.40" x="50.21" y="-0.24"/>
        <vehicle id="cfm-slow_0" eclass="HBEFA3/PC_G_EU4" CO2="14226.65" CO="227.86" HC="1.39" NOx="6.02" PMx="0.33" fuel="6.12" electricity="0.00" noise="75.31" route="routetop" type="cfm-slow" waiting="0.00" lane="left_0" pos="0.48" speed="26.32" angle="183.62" x="-4.93" y="62.55"/>
        <vehicle id="cfm-slow_1" eclass="HBEFA3/PC_G_EU4" CO2="11793.43" CO="184.45" HC="1.14" NOx="4.84" PMx="0.27" fuel="5.07" electricity="0.00" noise="74.68" route="routetop" type="cfm-slow" waiting="0.00" lane="left_0" pos="21.96" speed="27.69" angle="144.95" x="10.76" y="19.99"/>
        <vehicle id="cfm-slow_2" eclass="HBEFA3/PC_G_EU4" CO2="6925.49" CO="89.30" HC="0.58" NOx="2.53" PMx="0.15" fuel="2.98" electricity="0.00" noise="73.55" route="routetop" type="cfm-slow" waiting="0.00" lane="left_0" pos="44.80" speed="28.56" angle="103.93" x="52.42" y="-4.03"/>
        <vehicle id="cfm-slow_3" eclass="HBEFA3/PC_G_EU4" CO2="0.00" CO="0.00" HC="0.00" NOx="0.00" PMx="0.00" fuel="0.00" electricity="0.00" noise="72.55" route="routebottom" type="cfm-slow" waiting="0.00" lane="bottom_0" pos="18.45" speed="28.69" angle="61.26" x="101.26" y="6.28"/>
        <vehicle id="cfm-slow_4" eclass="HBEFA3/PC_G_EU4" CO2="0.00" CO="0.00" HC="0.00" NOx="0.00" PMx="0.00" fuel="0.00" electricity="0.00" noise="71.77" route="routebottom" type="cfm-slow" waiting="0.00" lane="bottom_0" pos="42.17" speed="28.05" angle="18.61" x="130.19" y="46.89"/>
        <vehicle id="cfm-slow_5" eclass="HBEFA3/PC_G_EU4" CO2="0.00" CO="0.00" HC="0.00" NOx="0.00" PMx="0.00" fuel="0.00" electricity="0.00" noise="71.06" route="routebottom" type="cfm-slow" waiting="0.00" lane="right_0" pos="15.18" speed="26.88" angle="337.07" x="124.60" y="95.18"/>
    </timestep>
    <timestep time="7.84">
        <vehicle id="cfm-fast_0" eclass="HBEFA3/PC_G_EU4" CO2="0.00" CO="0.00" HC="0.00" NOx="0.00" PMx="0.00" fuel="0.00" electricity="0.00" noise="70.55" route="routebottom" type="cfm-fast" waiting="0.00" lane="right_0" pos="37.22" speed="25.55" angle="297.52" x="90.53" y="126.80"/>
        <vehicle id="cfm-fast_1" eclass="HBEFA3/PC_G_EU4" CO2="322987.22" CO="8842.22" HC="48.52" NOx="150.68" PMx="9.36" fuel="138.84" electricity="0.00" noise="147.28" route="routetop" type="cfm-fast" waiting="0.00" lane="top_1" pos="7.12" speed="94.84" angle="261.63" x="49.16" y="127.33"/>
        <vehicle id="cfm-fast_2" eclass="HBEFA3/PC_G_EU4" CO2="0.00" CO="0.00" HC="0.00" NOx="0.00" PMx="0.00" fuel="0.00" electricity="0.00" noise="70.79" route="routetop" type="cfm-fast" waiting="0.00" lane="top_0" pos="3.68" speed="24.55" angle="267.89" x="55.66" y="131.81"/>
        <vehicle id="cfm-fast_3" eclass="HBEFA3/PC_G_EU4" CO2="8236.26" CO="97.65" HC="0.65" NOx="3.24" PMx="0.17" fuel="3.54" electricity="0.00" noise="72.30" route="routetop" type="cfm-fast" waiting="0.00" lane="top_0" pos="19.18" speed="24.35" angle="239.91" x="24.77" y="120.18"/>
        <vehicle id="cfm-fast_4" eclass="HBEFA3/PC_G_EU4" CO2="12650.77" CO="190.65" HC="1.18" NOx="5.30" PMx="0.29" fuel="5.44" electricity="0.00" noise="74.33" route="routetop" type="cfm-fast" waiting="0.00" lane="top_0" pos="34.54" speed="25.06" angle="212.37" x="3.00" y="95.73"/>
        <vehicle id="cfm-fast_5" eclass="HBEFA3/PC_G_EU4" CO2="242607.28" CO="7852.44" HC="42.08" NOx="112.68" PMx="7.54" fuel="104.29" electricity="0.00" noise="132.41" route="routetop" type="cfm-fast" waiting="0.00" lane="left_1" pos="44.46" speed="104.95" angle="104.50" x="52.33" y="-0.65"/>
        <vehicle id="cfm-slow_0" eclass="HBEFA3/PC_G_EU4" CO2="14204.99" CO="227.47" HC="1.39" NOx="6.01" PMx="0.33" fuel="6.11" electricity="0.00" noise="75.30" route="routetop" type="cfm-slow" waiting="0.00" lane="left_0" pos="0.74" speed="26.33" angle="183.14" x="-4.91" y="61.98"/>
        <vehicle id="cfm-slow_1" eclass="HBEFA3/PC_G_EU4" CO2="11747.24" CO="183.55" HC="1.13" NOx="4.82" PMx="0.27" fuel="5.05" electricity="0.00" noise="74.67" route="routetop" type="cfm-slow" waiting="0.00" lane="left_0" pos="22.24" speed="27.70" angle="144.43" x="11.14" y="19.54"/>
        <vehicle id="cfm-slow_2" eclass="HBEFA3/PC_G_EU4" CO2="6868.93" CO="88.15" HC="0.58" NOx="2.50" PMx="0.15" fuel="2.95" electricity="0.00" noise="73.54" route="routetop" type="cfm-slow" waiting="0.00" lane="left_0" pos="45.08" speed="28.56" angle="103.46" x="53.03" y="-4.12"/>
        <vehicle id="cfm-slow_3" eclass="HBEFA3/PC_G_EU4" CO2="0.00" CO="0.00" HC="0.00" NOx="0.00" PMx="0.00" fuel="0.00" electricity="0.00" noise="72.55" route="routebottom" type="cfm-slow" waiting="0.00" lane="bottom_0" pos="18.74" speed="28.68" angle="60.72" x="101.78" y="6.63"/>
        <vehicle id="cfm-slow_4" eclass="HBEFA3/PC_G_EU4" CO2="0.00" CO="0.00" HC="0.00" NOx="0.00" PMx="0.00" fuel="0.00" electricity="0.00" noise="71.76" route="routebottom" type="cfm-slow" waiting="0.00" lane="bottom_0" pos="42.45" speed="28.04" angle="18.16" x="130.33" y="47.48"/>
        <vehicle id="cfm-slow_5" eclass="HBEFA3/PC_G_EU4" CO2="0.00" CO="0.00" HC="0.00" NOx="0.00" PMx="0.00" fuel="0.00" electricity="0.00" noise="71.05" route="routebottom" type="cfm-slow" waiting="0.00" lane="right_0" pos="15.45" speed="26.87" angle="336.65" x="124.33" y="95.70"/>
    </timestep>
    <timestep time="7.85">
        <vehicle id="cfm-fast_0" eclass="HBEFA3/PC_G_EU4" CO2="0.00" CO="0.00" HC="0.00" NOx="0.00" PMx="0.00" fuel="0.00" electricity="0.00" noise="70.55" route="routebottom" type="cfm-fast" waiting="0.00" lane="right_0" pos="37.47" speed="25.54" angle="297.06" x="90.02" y="127.00"/>
        <vehicle id="cfm-fast_1" eclass="HBEFA3/PC_G_EU4" CO2="322301.21" CO="8834.60" HC="48.47" NOx="150.35" PMx="9.35" fuel="138.54" electricity="0.00" noise="147.13" route="routetop" type="cfm-fast" waiting="0.00" lane="top_1" pos="8.07" speed="94.94" angle="259.93" x="47.27" y="126.87"/>
        <vehicle id="cfm-fast_2" eclass="HBEFA3/PC_G_EU4" CO2="0.00" CO="0.00" HC="0.00" NOx="0.00" PMx="0.00" fuel="0.00" electricity="0.00" noise="70.80" route="routetop" type="cfm-fast" waiting="0.00" lane="top_0" pos="3.93" speed="24.54" angle="267.47" x="55.14" y="131.74"/>
        <vehicle id="cfm-fast_3" eclass="HBEFA3/PC_G_EU4" CO2="8278.86" CO="98.55" HC="0.65" NOx="3.26" PMx="0.17" fuel="3.56" electricity="0.00" noise="72.32" route="routetop" type="cfm-fast" waiting="0.00" lane="top_0" pos="19.42" speed="24.36" angle="239.49" x="24.35" y="119.88"/>
        <vehicle id="cfm-fast_4" eclass="HBEFA3/PC_G_EU4" CO2="12664.80" CO="190.98" HC="1.18" NOx="5.31" PMx="0.29" fuel="5.44" electricity="0.00" noise="74.34" route="routetop" type="cfm-fast" waiting="0.00" lane="top_0" pos="34.79" speed="25.08" angle="211.95" x="2.75" y="95.25"/>
        <vehicle id="cfm-fast_5" eclass="HBEFA3/PC_G_EU4" CO2="239875.98" CO="7800.41" HC="41.77" NOx="111.39" PMx="7.47" fuel="103.11" electricity="0.00" noise="131.97" route="routetop" type="cfm-fast" waiting="0.00" lane="left_1" pos="45.51" speed="105.01" angle="102.64" x="54.45" y="-0.99"/>
        <vehicle id="cfm-slow_0" eclass="HBEFA3/PC_G_EU4" CO2="14183.09" CO="227.08" HC="1.39" NOx="6.00" PMx="0.33" fuel="6.10" electricity="0.00" noise="75.30" route="routetop" type="cfm-slow" waiting="0.00" lane="left_0" pos="1.00" speed="26.35" angle="182.66" x="-4.90" y="61.41"/>
        <vehicle id="cfm-slow_1" eclass="HBEFA3/PC_G_EU4" CO2="11700.93" CO="182.64" HC="1.13" NOx="4.80" PMx="0.27" fuel="5.03" electricity="0.00" noise="74.65" route="routetop" type="cfm-slow" waiting="0.00" lane="left_0" pos="22.51" speed="27.71" angle="143.91" x="11.53" y="19.08"/>
        <vehicle id="cfm-slow_2" eclass="HBEFA3/PC_G_EU4" CO2="6812.46" CO="87.00" HC="0.57" NOx="2.47" PMx="0.15" fuel="2.93" electricity="0.00" noise="73.52" route="routetop" type="cfm-slow" waiting="0.00" lane="left_0" pos="45.37" speed="28.56" angle="102.93" x="53.64" y="-4.21"/>
        <vehicle id="cfm-slow_3" eclass="HBEFA3/PC_G_EU4" CO2="0.00" CO="0.00" HC="0.00" NOx="0.00" PMx="0.00" fuel="0.00" electricity="0.00" noise="72.54" route="routebottom" type="cfm-slow" waiting="0.00" lane="bottom_0" pos="19.03" speed="28.68" angle="60.18" x="102.29" y="6.97"/>
        <vehicle id="cfm-slow_4" eclass="HBEFA3/PC_G_EU4" CO2="0.00" CO="0.00" HC="0.00" NOx="0.00" PMx="0.00" fuel="0.00" electricity="0.00" noise="71.75" route="routebottom" type="cfm-slow" waiting="0.00" lane="bottom_0" pos="42.73" speed="28.03" angle="17.65" x="130.47" y="48.07"/>
        <vehicle id="cfm-slow_5" eclass="HBEFA3/PC_G_EU4" CO2="0.00" CO="0.00" HC="0.00" NOx="0.00" PMx="0.00" fuel="0.00" electricity="0.00" noise="71.04" route="routebottom" type="cfm-slow" waiting="0.00" lane="right_0" pos="15.72" speed="26.85" angle="336.16" x="124.05" y="96.20"/>
    </timestep>
    <timestep time="7.86">
        <vehicle id="cfm-fast_0" eclass="HBEFA3/PC_G_EU4" CO2="0.00" CO="0.00" HC="0.00" NOx="0.00" PMx="0.00" fuel="0.00" electricity="0.00" noise="70.55" route="routebottom" type="cfm-fast" waiting="0.00" lane="right_0" pos="37.73" speed="25.53" angle="296.60" x="89.51" y="127.20"/>
        <vehicle id="cfm-fast_1" eclass="HBEFA3/PC_G_EU4" CO2="321597.14" CO="8826.59" HC="48.42" NOx="150.02" PMx="9.33" fuel="138.24" electricity="0.00" noise="146.98" route="routetop" type="cfm-fast" waiting="0.00" lane="top_1" pos="9.02" speed="95.05" angle="258.29" x="45.39" y="126.37"/>
        <vehicle id="cfm-fast_2" eclass="HBEFA3/PC_G_EU4" CO2="0.00" CO="0.00" HC="0.00" NOx="0.00" PMx="0.00" fuel="0.00" electricity="0.00" noise="70.81" route="routetop" type="cfm-fast" waiting="0.00" lane="top_0" pos="4.17" speed="24.54" angle="267.03" x="54.62" y="131.67"/>
        <vehicle id="cfm-fast_3" eclass="HBEFA3/PC_G_EU4" CO2="8321.20" CO="99.44" HC="0.66" NOx="3.28" PMx="0.17" fuel="3.58" electricity="0.00" noise="72.34" route="routetop" type="cfm-fast" waiting="0.00" lane="top_0" pos="19.66" speed="24.37" angle="239.05" x="23.92" y="119.57"/>
        <vehicle id="cfm-fast_4" eclass="HBEFA3/PC_G_EU4" CO2="12678.52" CO="191.30" HC="1.19" NOx="5.32" PMx="0.29" fuel="5.45" electricity="0.00" noise="74.34" route="routetop" type="cfm-fast" waiting="0.00" lane="top_0" pos="35.04" speed="25.09" angle="211.48" x="2.51" y="94.76"/>
        <vehicle id="cfm-fast_5" eclass="HBEFA3/PC_G_EU4" CO2="237191.33" CO="7749.27" HC="41.47" NOx="110.12" PMx="7.40" fuel="101.96" electricity="0.00" noise="131.54" route="routetop" type="cfm-fast" waiting="0.00" lane="left_1" pos="46.56" speed="105.07" angle="100.76" x="56.59" y="-1.26"/>
        <vehicle id="cfm-slow_0" eclass="HBEFA3/PC_G_EU4" CO2="14160.96" CO="226.69" HC="1.39" NOx="5.99" PMx="0.33" fuel="6.09" electricity="0.00" noise="75.29" route="routetop" type="cfm-slow" waiting="0.00" lane="left_0" pos="1.27" speed="26.36" angle="182.20" x="-4.89" y="60.85"/>
        <vehicle id="cfm-slow_1" eclass="HBEFA3/PC_G_EU4" CO2="11654.51" CO="181.74" HC="1.12" NOx="4.78" PMx="0.27" fuel="5.01" electricity="0.00" noise="74.64" route="routetop" type="cfm-slow" waiting="0.00" lane="left_0" pos="22.79" speed="27.71" angle="143.40" x="11.91" y="18.63"/>
        <vehicle id="cfm-slow_2" eclass="HBEFA3/PC_G_EU4" CO2="6756.08" CO="85.85" HC="0.56" NOx="2.45" PMx="0.15" fuel="2.90" electricity="0.00" noise="73.51" route="routetop" type="cfm-slow" waiting="0.00" lane="left_0" pos="45.65" speed="28.56" angle="102.40" x="54.25" y="-4.29"/>
        <vehicle id="cfm-slow_3" eclass="HBEFA3/PC_G_EU4" CO2="0.00" CO="0.00" HC="0.00" NOx="0.00" PMx="0.00" fuel="0.00" electricity="0.00" noise="72.53" route="routebottom" type="cfm-slow" waiting="0.00" lane="bottom_0" pos="19.31" speed="28.67" angle="59.71" x="102.80" y="7.32"/>
        <vehicle id="cfm-slow_4" eclass="HBEFA3/PC_G_EU4" CO2="0.00" CO="0.00" HC="0.00" NOx="0.00" PMx="0.00" fuel="0.00" electricity="0.00" noise="71.75" route="routebottom" type="cfm-slow" waiting="0.00" lane="bottom_0" pos="43.01" speed="28.02" angle="17.14" x="130.60" y="48.65"/>
        <vehicle id="cfm-slow_5" eclass="HBEFA3/PC_G_EU4" CO2="0.00" CO="0.00" HC="0.00" NOx="0.00" PMx="0.00" fuel="0.00" electricity="0.00" noise="71.04" route="routebottom" type="cfm-slow" waiting="0.00" lane="right_0" pos="15.98" speed="26.84" angle="335.68" x="123.77" y="96.71"/>
    </timestep>
    <timestep time="7.87">
        <vehicle id="cfm-fast_0" eclass="HBEFA3/PC_G_EU4" CO2="0.00" CO="0.00" HC="0.00" NOx="0.00" PMx="0.00" fuel="0.00" electricity="0.00" noise="70.55" route="routebottom" type="cfm-fast" waiting="0.00" lane="right_0" pos="37.98" speed="25.52" angle="296.14" x="89.00" y="127.41"/>
        <vehicle id="cfm-fast_1" eclass="HBEFA3/PC_G_EU4" CO2="320875.52" CO="8818.20" HC="48.36" NOx="149.68" PMx="9.31" fuel="137.93" electricity="0.00" noise="146.83" route="routetop" type="cfm-fast" waiting="0.00" lane="top_1" pos="9.97" speed="95.15" angle="256.55" x="43.53" y="125.79"/>
        <vehicle id="cfm-fast_2" eclass="HBEFA3/PC_G_EU4" CO2="0.00" CO="0.00" HC="0.00" NOx="0.00" PMx="0.00" fuel="0.00" electricity="0.00" noise="70.82" route="routetop" type="cfm-fast" waiting="0.00" lane="top_0" pos="4.42" speed="24.54" angle="266.58" x="54.09" y="131.59"/>
        <vehicle id="cfm-fast_3" eclass="HBEFA3/PC_G_EU4" CO2="8363.28" CO="100.32" HC="0.66" NOx="3.30" PMx="0.18" fuel="3.59" electricity="0.00" noise="72.35" route="routetop" type="cfm-fast" waiting="0.00" lane="top_0" pos="19.91" speed="24.37" angle="238.60" x="23.50" y="119.26"/>
        <vehicle id="cfm-fast_4" eclass="HBEFA3/PC_G_EU4" CO2="12691.95" CO="191.62" HC="1.19" NOx="5.32" PMx="0.29" fuel="5.46" electricity="0.00" noise="74.35" route="routetop" type="cfm-fast" waiting="0.00" lane="top_0" pos="35.29" speed="25.10" angle="211.02" x="2.27" y="94.28"/>
        <vehicle id="cfm-fast_5" eclass="HBEFA3/PC_G_EU4" CO2="234552.62" CO="7699.01" HC="41.18" NOx="108.87" PMx="7.33" fuel="100.82" electricity="0.00" noise="131.11" route="routetop" type="cfm-fast" waiting="0.00" lane="left_1" pos="47.61" speed="105.12" angle="98.86" x="58.73" y="-1.46"/>
        <vehicle id="cfm-slow_0" eclass="HBEFA3/PC_G_EU4" CO2="14138.59" CO="226.29" HC="1.38" NOx="5.98" PMx="0.33" fuel="6.08" electricity="0.00" noise="75.28" route="routetop" type="cfm-slow" waiting="0.00" lane="left_0" pos="1.53" speed="26.38" angle="181.73" x="-4.85" y="60.28"/>
        <vehicle id="cfm-slow_1" eclass="HBEFA3/PC_G_EU4" CO2="11607.98" CO="180.83" HC="1.11" NOx="4.75" PMx="0.27" fuel="4.99" electricity="0.00" noise="74.63" route="routetop" type="cfm-slow" waiting="0.00" lane="left_0" pos="23.07" speed="27.72" angle="142.95" x="12.30" y="18.17"/>
        <vehicle id="cfm-slow_2" eclass="HBEFA3/PC_G_EU4" CO2="6699.80" CO="84.71" HC="0.56" NOx="2.42" PMx="0.14" fuel="2.88" electricity="0.00" noise="73.50" route="routetop" type="cfm-slow" waiting="0.00" lane="left_0" pos="45.94" speed="28.57" angle="101.87" x="54.85" y="-4.38"/>
        <vehicle id="cfm-slow_3" eclass="HBEFA3/PC_G_EU4" CO2="0.00" CO="0.00" HC="0.00" NOx="0.00" PMx="0.00" fuel="0.00" electricity="0.00" noise="72.52" route="routebottom" type="cfm-slow" waiting="0.00" lane="bottom_0" pos="19.60" speed="28.67" angle="59.18" x="103.30" y="7.68"/>
        <vehicle id="cfm-slow_4" eclass="HBEFA3/PC_G_EU4" CO2="0.00" CO="0.00" HC="0.00" NOx="0.00" PMx="0.00" fuel="0.00" electricity="0.00" noise="71.74" route="routebottom" type="cfm-slow" waiting="0.00" lane="bottom_0" pos="43.29" speed="28.01" angle="16.63" x="130.73" y="49.24"/>
        <vehicle id="cfm-slow_5" eclass="HBEFA3/PC_G_EU4" CO2="0.00" CO="0.00" HC="0.00" NOx="0.00" PMx="0.00" fuel="0.00" electricity="0.00" noise="71.03" route="routebottom" type="cfm-slow" waiting="0.00" lane="right_0" pos="16.25" speed="26.83" angle="335.19" x="123.49" y="97.21"/>
    </timestep>
    <timestep time="7.88">
        <vehicle id="cfm-fast_0" eclass="HBEFA3/PC_G_EU4" CO2="0.00" CO="0.00" HC="0.00" NOx="0.00" PMx="0.00" fuel="0.00" electricity="0.00" noise="70.55" route="routebottom" type="cfm-fast" waiting="0.00" lane="right_0" pos="38.24" speed="25.51" angle="295.68" x="88.49" y="127.61"/>
        <vehicle id="cfm-fast_1" eclass="HBEFA3/PC_G_EU4" CO2="320136.84" CO="8809.43" HC="48.30" NOx="149.33" PMx="9.30" fuel="137.61" electricity="0.00" noise="146.67" route="routetop" type="cfm-fast" waiting="0.00" lane="top_1" pos="10.92" speed="95.26" angle="254.78" x="41.68" y="125.15"/>
        <vehicle id="cfm-fast_2" eclass="HBEFA3/PC_G_EU4" CO2="0.00" CO="0.00" HC="0.00" NOx="0.00" PMx="0.00" fuel="0.00" electricity="0.00" noise="70.83" route="routetop" type="cfm-fast" waiting="0.00" lane="top_0" pos="4.67" speed="24.54" angle="266.14" x="53.57" y="131.52"/>
        <vehicle id="cfm-fast_3" eclass="HBEFA3/PC_G_EU4" CO2="8405.10" CO="101.20" HC="0.67" NOx="3.32" PMx="0.18" fuel="3.61" electricity="0.00" noise="72.37" route="routetop" type="cfm-fast" waiting="0.00" lane="top_0" pos="20.15" speed="24.38" angle="238.16" x="23.07" y="118.96"/>
        <vehicle id="cfm-fast_4" eclass="HBEFA3/PC_G_EU4" CO2="12705.07" CO="191.93" HC="1.19" NOx="5.33" PMx="0.29" fuel="5.46" electricity="0.00" noise="74.36" route="routetop" type="cfm-fast" waiting="0.00" lane="top_0" pos="35.54" speed="25.11" angle="210.56" x="2.03" y="93.80"/>
        <vehicle id="cfm-fast_5" eclass="HBEFA3/PC_G_EU4" CO2="231959.12" CO="7649.61" HC="40.89" NOx="107.65" PMx="7.26" fuel="99.71" electricity="0.00" noise="130.70" route="routetop" type="cfm-fast" waiting="0.00" lane="left_1" pos="48.66" speed="105.18" angle="96.95" x="60.89" y="-1.59"/>
        <vehicle id="cfm-slow_0" eclass="HBEFA3/PC_G_EU4" CO2="14116.00" CO="225.88" HC="1.38" NOx="5.97" PMx="0.33" fuel="6.07" electricity="0.00" noise="75.27" route="routetop" type="cfm-slow" waiting="0.00" lane="left_0" pos="1.79" speed="26.39" angle="181.26" x="-4.82" y="59.71"/>
        <vehicle id="cfm-slow_1" eclass="HBEFA3/PC_G_EU4" CO2="11561.33" CO="179.92" HC="1.11" NOx="4.73" PMx="0.27" fuel="4.97" electricity="0.00" noise="74.61" route="routetop" type="cfm-slow" waiting="0.00" lane="left_0" pos="23.35" speed="27.73" angle="142.45" x="12.70" y="17.73"/>
        <vehicle id="cfm-slow_2" eclass="HBEFA3/PC_G_EU4" CO2="6643.62" CO="83.56" HC="0.55" NOx="2.39" PMx="0.14" fuel="2.86" electricity="0.00" noise="73.49" route="routetop" type="cfm-slow" waiting="0.00" lane="left_0" pos="46.22" speed="28.57" angle="101.40" x="55.46" y="-4.46"/>
        <vehicle id="cfm-slow_3" eclass="HBEFA3/PC_G_EU4" CO2="0.00" CO="0.00" HC="0.00" NOx="0.00" PMx="0.00" fuel="0.00" electricity="0.00" noise="72.51" route="routebottom" type="cfm-slow" waiting="0.00" lane="bottom_0" pos="19.89" speed="28.66" angle="58.65" x="103.80" y="8.04"/>
        <vehicle id="cfm-slow_4" eclass="HBEFA3/PC_G_EU4" CO2="0.00" CO="0.00" HC="0.00" NOx="0.00" PMx="0.00" fuel="0.00" electricity="0.00" noise="71.73" route="routebottom" type="cfm-slow" waiting="0.00" lane="bottom_0" pos="43.57" speed="28.00" angle="16.16" x="130.87" y="49.83"/>
        <vehicle id="cfm-slow_5" eclass="HBEFA3/PC_G_EU4" CO2="0.00" CO="0.00" HC="0.00" NOx="0.00" PMx="0.00" fuel="0.00" electricity="0.00" noise="71.03" route="routebottom" type="cfm-slow" waiting="0.00" lane="right_0" pos="16.52" speed="26.81" angle="334.71" x="123.21" y="97.72"/>
    </timestep>
    <timestep time="7.89">
        <vehicle id="cfm-fast_0" eclass="HBEFA3/PC_G_EU4" CO2="0.00" CO="0.00" HC="0.00" NOx="0.00" PMx="0.00" fuel="0.00" electricity="0.00" noise="70.55" route="routebottom" type="cfm-fast" waiting="0.00" lane="right_0" pos="38.49" speed="25.50" angle="295.27" x="87.98" y="127.81"/>
        <vehicle id="cfm-fast_1" eclass="HBEFA3/PC_G_EU4" CO2="319381.59" CO="8800.31" HC="48.24" NOx="148.97" PMx="9.28" fuel="137.29" electricity="0.00" noise="146.51" route="routetop" type="cfm-fast" waiting="0.00" lane="top_1" pos="11.87" speed="95.36" angle="253.06" x="39.85" y="124.46"/>
        <vehicle id="cfm-fast_2" eclass="HBEFA3/PC_G_EU4" CO2="0.00" CO="0.00" HC="0.00" NOx="0.00" PMx="0.00" fuel="0.00" electricity="0.00" noise="70.84" route="routetop" type="cfm-fast" waiting="0.00" lane="top_0" pos="4.91" speed="24.54" angle="265.69" x="53.05" y="131.45"/>
        <vehicle id="cfm-fast_3" eclass="HBEFA3/PC_G_EU4" CO2="8446.66" CO="102.07" HC="0.67" NOx="3.34" PMx="0.18" fuel="3.63" electricity="0.00" noise="72.39" route="routetop" type="cfm-fast" waiting="0.00" lane="top_0" pos="20.39" speed="24.39" angle="237.73" x="22.64" y="118.65"/>
        <vehicle id="cfm-fast_4" eclass="HBEFA3/PC_G_EU4" CO2="12717.88" CO="192.24" HC="1.19" NOx="5.33" PMx="0.29" fuel="5.47" electricity="0.00" noise="74.37" route="routetop" type="cfm-fast" waiting="0.00" lane="top_0" pos="35.80" speed="25.13" angle="210.10" x="1.79" y="93.31"/>
        <vehicle id="cfm-fast_5" eclass="HBEFA3/PC_G_EU4" CO2="229410.11" CO="7601.07" HC="40.60" NOx="106.45" PMx="7.20" fuel="98.61" electricity="0.00" noise="130.29" route="routetop" type="cfm-fast" waiting="0.00" lane="left_1" pos="49.71" speed="105.24" angle="95.00" x="63.04" y="-1.64"/>
        <vehicle id="cfm-slow_0" eclass="HBEFA3/PC_G_EU4" CO2="14093.17" CO="225.47" HC="1.38" NOx="5.96" PMx="0.33" fuel="6.06" electricity="0.00" noise="75.27" route="routetop" type="cfm-slow" waiting="0.00" lane="left_0" pos="2.06" speed="26.40" angle="180.78" x="-4.79" y="59.15"/>
        <vehicle id="cfm-slow_1" eclass="HBEFA3/PC_G_EU4" CO2="11514.58" CO="179.00" HC="1.10" NOx="4.71" PMx="0.27" fuel="4.95" electricity="0.00" noise="74.60" route="routetop" type="cfm-slow" waiting="0.00" lane="left_0" pos="23.62" speed="27.74" angle="141.95" x="13.11" y="17.29"/>
        <vehicle id="cfm-slow_2" eclass="HBEFA3/PC_G_EU4" CO2="6587.53" CO="82.42" HC="0.54" NOx="2.37" PMx="0.14" fuel="2.83" electricity="0.00" noise="73.48" route="routetop" type="cfm-slow" waiting="0.00" lane="left_0" pos="46.51" speed="28.57" angle="100.88" x="56.07" y="-4.52"/>
        <vehicle id="cfm-slow_3" eclass="HBEFA3/PC_G_EU4" CO2="0.00" CO="0.00" HC="0.00" NOx="0.00" PMx="0.00" fuel="0.00" electricity="0.00" noise="72.50" route="routebottom" type="cfm-slow" waiting="0.00" lane="bottom_0" pos="20.17" speed="28.65" angle="58.12" x="104.30" y="8.40"/>
        <vehicle id="cfm-slow_4" eclass="HBEFA3/PC_G_EU4" CO2="0.00" CO="0.00" HC="0.00" NOx="0.00" PMx="0.00" fuel="0.00" electricity="0.00" noise="71.72" route="routebottom" type="cfm-slow" waiting="0.00" lane="bottom_0" pos="43.85" speed="27.99" angle="15.65" x="130.98" y="50.42"/>
        <vehicle id="cfm-slow_5" eclass="HBEFA3/PC_G_EU4" CO2="0.00" CO="0.00" HC="0.00" NOx="0.00" PMx="0.00" fuel="0.00" electricity="0.00" noise="71.02" route="routebottom" type="cfm-slow" waiting="0.00" lane="right_0" pos="16.79" speed="26.80" angle="334.27" x="122.93" y="98.22"/>
    </timestep>
    <timestep time="7.90">
        <vehicle id="cfm-fast_0" eclass="HBEFA3/PC_G_EU4" CO2="0.00" CO="0.00" HC="0.00" NOx="0.00" PMx="0.00" fuel="0.00" electricity="0.00" noise="70.55" route="routebottom" type="cfm-fast" waiting="0.00" lane="right_0" pos="38.75" speed="25.49" angle="294.81" x="87.46" y="128.00"/>
        <vehicle id="cfm-fast_1" eclass="HBEFA3/PC_G_EU4" CO2="318610.24" CO="8790.84" HC="48.18" NOx="148.61" PMx="9.26" fuel="136.96" electricity="0.00" noise="146.35" route="routetop" type="cfm-fast" waiting="0.00" lane="top_1" pos="12.83" speed="95.47" angle="251.44" x="38.03" y="123.73"/>
        <vehicle id="cfm-fast_2" eclass="HBEFA3/PC_G_EU4" CO2="0.00" CO="0.00" HC="0.00" NOx="0.00" PMx="0.00" fuel="0.00" electricity="0.00" noise="70.85" route="routetop" type="cfm-fast" waiting="0.00" lane="top_0" pos="5.16" speed="24.53" angle="265.20" x="52.53" y="131.37"/>
        <vehicle id="cfm-fast_3" eclass="HBEFA3/PC_G_EU4" CO2="8487.95" CO="102.94" HC="0.68" NOx="3.36" PMx="0.18" fuel="3.65" electricity="0.00" noise="72.41" route="routetop" type="cfm-fast" waiting="0.00" lane="top_0" pos="20.64" speed="24.39" angle="237.33" x="22.23" y="118.33"/>
        <vehicle id="cfm-fast_4" eclass="HBEFA3/PC_G_EU4" CO2="12730.39" CO="192.54" HC="1.19" NOx="5.34" PMx="0.29" fuel="5.47" electricity="0.00" noise="74.38" route="routetop" type="cfm-fast" waiting="0.00" lane="top_0" pos="36.05" speed="25.14" angle="209.68" x="1.56" y="92.82"/>
        <vehicle id="cfm-fast_5" eclass="HBEFA3/PC_G_EU4" CO2="226904.90" CO="7553.35" HC="40.33" NOx="105.27" PMx="7.14" fuel="97.54" electricity="0.00" noise="129.89" route="routebottom" type="cfm-fast" waiting="0.00" lane="bottom_1" pos="0.77" speed="105.29" angle="93.09" x="65.26" y="-1.62"/>
        <vehicle id="cfm-slow_0" eclass="HBEFA3/PC_G_EU4" CO2="14070.12" CO="225.06" HC="1.38" NOx="5.94" PMx="0.33" fuel="6.05" electricity="0.00" noise="75.26" route="routetop" type="cfm-slow" waiting="0.00" lane="left_0" pos="2.32" speed="26.42" angle="180.31" x="-4.75" y="58.58"/>
        <vehicle id="cfm-slow_1" eclass="HBEFA3/PC_G_EU4" CO2="11467.72" CO="178.09" HC="1.10" NOx="4.69" PMx="0.27" fuel="4.93" electricity="0.00" noise="74.59" route="routetop" type="cfm-slow" waiting="0.00" lane="left_0" pos="23.90" speed="27.75" angle="141.45" x="13.51" y="16.85"/>
        <vehicle id="cfm-slow_2" eclass="HBEFA3/PC_G_EU4" CO2="6531.55" CO="81.27" HC="0.54" NOx="2.34" PMx="0.14" fuel="2.81" electricity="0.00" noise="73.46" route="routetop" type="cfm-slow" waiting="0.00" lane="left_0" pos="46.80" speed="28.57" angle="100.36" x="56.69" y="-4.58"/>
        <vehicle id="cfm-slow_3" eclass="HBEFA3/PC_G_EU4" CO2="0.00" CO="0.00" HC="0.00" NOx="0.00" PMx="0.00" fuel="0.00" electricity="0.00" noise="72.49" route="routebottom" type="cfm-slow" waiting="0.00" lane="bottom_0" pos="20.46" speed="28.65" angle="57.63" x="104.80" y="8.76"/>
        <vehicle id="cfm-slow_4" eclass="HBEFA3/PC_G_EU4" CO2="0.00" CO="0.00" HC="0.00" NOx="0.00" PMx="0.00" fuel="0.00" electricity="0.00" noise="71.72" route="routebottom" type="cfm-slow" waiting="0.00" lane="bottom_0" pos="44.13" speed="27.98" angle="15.12" x="131.09" y="51.01"/>
        <vehicle id="cfm-slow_5" eclass="HBEFA3/PC_G_EU4" CO2="0.00" CO="0.00" HC="0.00" NOx="0.00" PMx="0.00" fuel="0.00" electricity="0.00" noise="71.02" route="routebottom" type="cfm-slow" waiting="0.00" lane="right_0" pos="17.06" speed="26.79" angle="333.79" x="122.63" y="98.71"/>
    </timestep>
    <timestep time="7.91">
        <vehicle id="cfm-fast_0" eclass="HBEFA3/PC_G_EU4" CO2="0.00" CO="0.00" HC="0.00" NOx="0.00" PMx="0.00" fuel="0.00" electricity="0.00" noise="70.55" route="routebottom" type="cfm-fast" waiting="0.00" lane="right_0" pos="39.00" speed="25.48" angle="294.35" x="86.95" y="128.19"/>
        <vehicle id="cfm-fast_1" eclass="HBEFA3/PC_G_EU4" CO2="317823.27" CO="8781.02" HC="48.12" NOx="148.23" PMx="9.25" fuel="136.62" electricity="0.00" noise="146.19" route="routetop" type="cfm-fast" waiting="0.00" lane="top_1" pos="13.78" speed="95.57" angle="249.65" x="36.24" y="122.93"/>
        <vehicle id="cfm-fast_2" eclass="HBEFA3/PC_G_EU4" CO2="0.00" CO="0.00" HC="0.00" NOx="0.00" PMx="0.00" fuel="0.00" electricity="0.00" noise="70.86" route="routetop" type="cfm-fast" waiting="0.00" lane="top_0" pos="5.40" speed="24.53" angle="264.75" x="52.01" y="131.27"/>
        <vehicle id="cfm-fast_3" eclass="HBEFA3/PC_G_EU4" CO2="8528.99" CO="103.81" HC="0.68" NOx="3.37" PMx="0.18" fuel="3.67" electricity="0.00" noise="72.42" route="routetop" type="cfm-fast" waiting="0.00" lane="top_0" pos="20.88" speed="24.40" angle="236.88" x="21.81" y="118.01"/>
        <vehicle id="cfm-fast_4" eclass="HBEFA3/PC_G_EU4" CO2="12742.60" CO="192.83" HC="1.20" NOx="5.35" PMx="0.29" fuel="5.48" electricity="0.00" noise="74.39" route="routetop" type="cfm-fast" waiting="0.00" lane="top_0" pos="36.30" speed="25.15" angle="209.21" x="1.34" y="92.33"/>
        <vehicle id="cfm-fast_5" eclass="HBEFA3/PC_G_EU4" CO2="224442.79" CO="7506.46" HC="40.05" NOx="104.10" PMx="7.07" fuel="96.48" electricity="0.00" noise="129.49" route="routebottom" type="cfm-fast" waiting="0.00" lane="bottom_1" pos="1.82" speed="105.35" angle="91.22" x="67.42" y="-1.53"/>
        <vehicle id="cfm-slow_0" eclass="HBEFA3/PC_G_EU4" CO2="14046.84" CO="224.64" HC="1.37" NOx="5.93" PMx="0.33" fuel="6.04" electricity="0.00" noise="75.25" route="routetop" type="cfm-slow" waiting="0.00" lane="left_0" pos="2.59" speed="26.43" angle="179.86" x="-4.72" y="58.01"/>
        <vehicle id="cfm-slow_1" eclass="HBEFA3/PC_G_EU4" CO2="11420.75" CO="177.17" HC="1.09" NOx="4.66" PMx="0.26" fuel="4.91" electricity="0.00" noise="74.57" route="routetop" type="cfm-slow" waiting="0.00" lane="left_0" pos="24.18" speed="27.76" angle="140.95" x="13.92" y="16.42"/>
        <vehicle id="cfm-slow_2" eclass="HBEFA3/PC_G_EU4" CO2="6475.67" CO="80.13" HC="0.53" NOx="2.31" PMx="0.14" fuel="2.78" electricity="0.00" noise="73.45" route="routetop" type="cfm-slow" waiting="0.00" lane="left_0" pos="47.08" speed="28.57" angle="99.83" x="57.30" y="-4.64"/>
        <vehicle id="cfm-slow_3" eclass="HBEFA3/PC_G_EU4" CO2="0.00" CO="0.00" HC="0.00" NOx="0.00" PMx="0.00" fuel="0.00" electricity="0.00" noise="72.48" route="routebottom" type="cfm-slow" waiting="0.00" lane="bottom_0" pos="20.75" speed="28.64" angle="57.14" x="105.29" y="9.13"/>
        <vehicle id="cfm-slow_4" eclass="HBEFA3/PC_G_EU4" CO2="0.00" CO="0.00" HC="0.00" NOx="0.00" PMx="0.00" fuel="0.00" electricity="0.00" noise="71.71" route="routebottom" type="cfm-slow" waiting="0.00" lane="bottom_0" pos="44.41" speed="27.97" angle="14.60" x="131.20" y="51.61"/>
        <vehicle id="cfm-slow_5" eclass="HBEFA3/PC_G_EU4" CO2="0.00" CO="0.00" HC="0.00" NOx="0.00" PMx="0.00" fuel="0.00" electricity="0.00" noise="71.01" route="routebottom" type="cfm-slow" waiting="0.00" lane="right_0" pos="17.32" speed="26.78" angle="333.31" x="122.34" y="99.21"/>
    </timestep>
    <timestep time="7.92">
        <vehicle id="cfm-fast_0" eclass="HBEFA3/PC_G_EU4" CO2="0.00" CO="0.00" HC="0.00" NOx="0.00" PMx="0.00" fuel="0.00" electricity="0.00" noise="70.55" route="routebottom" type="cfm-fast" waiting="0.00" lane="right_0" pos="39.26" speed="25.47" angle="293.89" x="86.43" y="128.38"/>
        <vehicle id="cfm-fast_1" eclass="HBEFA3/PC_G_EU4" CO2="317021.14" CO="8770.86" HC="48.05" NOx="147.85" PMx="9.23" fuel="136.27" electricity="0.00" noise="146.02" route="routetop" type="cfm-fast" waiting="0.00" lane="top_1" pos="14.74" speed="95.67" angle="247.93" x="34.48" y="122.08"/>
        <vehicle id="cfm-fast_2" eclass="HBEFA3/PC_G_EU4" CO2="0.00" CO="0.00" HC="0.00" NOx="0.00" PMx="0.00" fuel="0.00" electricity="0.00" noise="70.87" route="routetop" type="cfm-fast" waiting="0.00" lane="top_0" pos="5.65" speed="24.53" angle="264.29" x="51.49" y="131.17"/>
        <vehicle id="cfm-fast_3" eclass="HBEFA3/PC_G_EU4" CO2="8569.77" CO="104.66" HC="0.69" NOx="3.39" PMx="0.18" fuel="3.68" electricity="0.00" noise="72.44" route="routetop" type="cfm-fast" waiting="0.00" lane="top_0" pos="21.13" speed="24.41" angle="236.43" x="21.40" y="117.69"/>
        <vehicle id="cfm-fast_4" eclass="HBEFA3/PC_G_EU4" CO2="12754.51" CO="193.12" HC="1.20" NOx="5.35" PMx="0.29" fuel="5.48" electricity="0.00" noise="74.40" route="routetop" type="cfm-fast" waiting="0.00" lane="top_0" pos="36.55" speed="25.17" angle="208.74" x="1.11" y="91.84"/>
        <vehicle id="cfm-fast_5" eclass="HBEFA3/PC_G_EU4" CO2="222023.10" CO="7460.38" HC="39.78" NOx="102.96" PMx="7.01" fuel="95.44" electricity="0.00" noise="129.10" route="routebottom" type="cfm-fast" waiting="0.00" lane="bottom_1" pos="2.87" speed="105.40" angle="89.34" x="69.58" y="-1.37"/>
        <vehicle id="cfm-slow_0" eclass="HBEFA3/PC_G_EU4" CO2="14023.32" CO="224.21" HC="1.37" NOx="5.92" PMx="0.33" fuel="6.03" electricity="0.00" noise="75.25" route="routetop" type="cfm-slow" waiting="0.00" lane="left_0" pos="2.85" speed="26.44" angle="179.38" x="-4.66" y="57.45"/>
        <vehicle id="cfm-slow_1" eclass="HBEFA3/PC_G_EU4" CO2="11373.67" CO="176.25" HC="1.09" NOx="4.64" PMx="0.26" fuel="4.89" electricity="0.00" noise="74.56" route="routetop" type="cfm-slow" waiting="0.00" lane="left_0" pos="24.46" speed="27.77" angle="140.50" x="14.33" y="15.98"/>
        <vehicle id="cfm-slow_2" eclass="HBEFA3/PC_G_EU4" CO2="6419.89" CO="78.99" HC="0.52" NOx="2.29" PMx="0.14" fuel="2.76" electricity="0.00" noise="73.44" route="routetop" type="cfm-slow" waiting="0.00" lane="left_0" pos="47.37" speed="28.57" angle="99.32" x="57.91" y="-4.71"/>
        <vehicle id="cfm-slow_3" eclass="HBEFA3/PC_G_EU4" CO2="0.00" CO="0.00" HC="0.00" NOx="0.00" PMx="0.00" fuel="0.00" electricity="0.00" noise="72.48" route="routebottom" type="cfm-slow" waiting="0.00" lane="bottom_0" pos="21.03" speed="28.64" angle="56.62" x="105.78" y="9.51"/>
        <vehicle id="cfm-slow_4" eclass="HBEFA3/PC_G_EU4" CO2="0.00" CO="0.00" HC="0.00" NOx="0.00" PMx="0.00" fuel="0.00" electricity="0.00" noise="71.70" route="routebottom" type="cfm-slow" waiting="0.00" lane="bottom_0" pos="44.69" speed="27.95" angle="14.07" x="131.30" y="52.20"/>
        <vehicle id="cfm-slow_5" eclass="HBEFA3/PC_G_EU4" CO2="0.00" CO="0.00" HC="0.00" NOx="0.00" PMx="0.00" fuel="0.00" electricity="0.00" noise="71.01" route="routebottom" type="cfm-slow" waiting="0.00" lane="right_0" pos="17.59" speed="26.76" angle="332.82" x="122.04" y="99.70"/>
    </timestep>
    <timestep time="7.93">
        <vehicle id="cfm-fast_0" eclass="HBEFA3/PC_G_EU4" CO2="0.00" CO="0.00" HC="0.00" NOx="0.00" PMx="0.00" fuel="0.00" electricity="0.00" noise="70.55" route="routebottom" type="cfm-fast" waiting="0.00" lane="right_0" pos="39.51" speed="25.46" angle="293.43" x="85.92" y="128.56"/>
        <vehicle id="cfm-fast_1" eclass="HBEFA3/PC_G_EU4" CO2="316204.30" CO="8760.39" HC="47.98" NOx="147.47" PMx="9.21" fuel="135.92" electricity="0.00" noise="145.86" route="routetop" type="cfm-fast" waiting="0.00" lane="top_1" pos="15.70" speed="95.77" angle="246.24" x="32.73" y="121.18"/>
        <vehicle id="cfm-fast_2" eclass="HBEFA3/PC_G_EU4" CO2="0.00" CO="0.00" HC="0.00" NOx="0.00" PMx="0.00" fuel="0.00" electricity="0.00" noise="70.89" route="routetop" type="cfm-fast" waiting="0.00" lane="top_0" pos="5.89" speed="24.53" angle="263.83" x="50.97" y="131.08"/>
        <vehicle id="cfm-fast_3" eclass="HBEFA3/PC_G_EU4" CO2="8610.28" CO="105.52" HC="0.69" NOx="3.41" PMx="0.18" fuel="3.70" electricity="0.00" noise="72.46" route="routetop" type="cfm-fast" waiting="0.00" lane="top_0" pos="21.37" speed="24.42" angle="235.98" x="20.99" y="117.36"/>
        <vehicle id="cfm-fast_4" eclass="HBEFA3/PC_G_EU4" CO2="12766.11" CO="193.40" HC="1.20" NOx="5.36" PMx="0.29" fuel="5.49" electricity="0.00" noise="74.41" route="routetop" type="cfm-fast" waiting="0.00" lane="top_0" pos="36.80" speed="25.18" angle="208.27" x="0.89" y="91.34"/>
        <vehicle id="cfm-fast_5" eclass="HBEFA3/PC_G_EU4" CO2="219645.14" CO="7415.10" HC="39.52" NOx="101.84" PMx="6.95" fuel="94.42" electricity="0.00" noise="128.73" route="routebottom" type="cfm-fast" waiting="0.00" lane="bottom_1" pos="3.93" speed="105.45" angle="87.47" x="71.73" y="-1.15"/>
        <vehicle id="cfm-slow_0" eclass="HBEFA3/PC_G_EU4" CO2="13999.59" CO="223.79" HC="1.37" NOx="5.91" PMx="0.33" fuel="6.02" electricity="0.00" noise="75.24" route="routetop" type="cfm-slow" waiting="0.00" lane="left_0" pos="3.12" speed="26.46" angle="178.91" x="-4.60" y="56.88"/>
        <vehicle id="cfm-slow_1" eclass="HBEFA3/PC_G_EU4" CO2="11326.50" CO="175.32" HC="1.08" NOx="4.62" PMx="0.26" fuel="4.87" electricity="0.00" noise="74.55" route="routetop" type="cfm-slow" waiting="0.00" lane="left_0" pos="24.73" speed="27.78" angle="139.99" x="14.75" y="15.56"/>
        <vehicle id="cfm-slow_2" eclass="HBEFA3/PC_G_EU4" CO2="6364.22" CO="77.86" HC="0.52" NOx="2.26" PMx="0.14" fuel="2.74" electricity="0.00" noise="73.43" route="routetop" type="cfm-slow" waiting="0.00" lane="left_0" pos="47.65" speed="28.58" angle="98.83" x="58.52" y="-4.75"/>
        <vehicle id="cfm-slow_3" eclass="HBEFA3/PC_G_EU4" CO2="0.00" CO="0.00" HC="0.00" NOx="0.00" PMx="0.00" fuel="0.00" electricity="0.00" noise="72.47" route="routebottom" type="cfm-slow" waiting="0.00" lane="bottom_0" pos="21.32" speed="28.63" angle="56.10" x="106.26" y="9.89"/>
        <vehicle id="cfm-slow_4" eclass="HBEFA3/PC_G_EU4" CO2="0.00" CO="0.00" HC="0.00" NOx="0.00" PMx="0.00" fuel="0.00" electricity="0.00" noise="71.70" route="routebottom" type="cfm-slow" waiting="0.00" lane="bottom_0" pos="44.97" speed="27.94" angle="13.62" x="131.41" y="52.79"/>
        <vehicle id="cfm-slow_5" eclass="HBEFA3/PC_G_EU4" CO2="0.00" CO="0.00" HC="0.00" NOx="0.00" PMx="0.00" fuel="0.00" electricity="0.00" noise="71.00" route="routebottom" type="cfm-slow" waiting="0.00" lane="right_0" pos="17.86" speed="26.75" angle="332.37" x="121.75" y="100.20"/>
    </timestep>
    <timestep time="7.94">
        <vehicle id="cfm-fast_0" eclass="HBEFA3/PC_G_EU4" CO2="0.00" CO="0.00" HC="0.00" NOx="0.00" PMx="0.00" fuel="0.00" electricity="0.00" noise="70.55" route="routebottom" type="cfm-fast" waiting="0.00" lane="right_0" pos="39.77" speed="25.45" angle="293.03" x="85.40" y="128.75"/>
        <vehicle id="cfm-fast_1" eclass="HBEFA3/PC_G_EU4" CO2="315373.20" CO="8749.59" HC="47.92" NOx="147.07" PMx="9.19" fuel="135.56" electricity="0.00" noise="145.69" route="routetop" type="cfm-fast" waiting="0.00" lane="top_1" pos="16.66" speed="95.87" angle="244.56" x="31.02" y="120.22"/>
        <vehicle id="cfm-fast_2" eclass="HBEFA3/PC_G_EU4" CO2="0.00" CO="0.00" HC="0.00" NOx="0.00" PMx="0.00" fuel="0.00" electricity="0.00" noise="70.90" route="routetop" type="cfm-fast" waiting="0.00" lane="top_0" pos="6.14" speed="24.53" angle="263.37" x="50.45" y="130.98"/>
        <vehicle id="cfm-fast_3" eclass="HBEFA3/PC_G_EU4" CO2="8650.53" CO="106.36" HC="0.70" NOx="3.43" PMx="0.18" fuel="3.72" electricity="0.00" noise="72.48" route="routetop" type="cfm-fast" waiting="0.00" lane="top_0" pos="21.61" speed="24.42" angle="235.54" x="20.57" y="117.04"/>
        <vehicle id="cfm-fast_4" eclass="HBEFA3/PC_G_EU4" CO2="12777.41" CO="193.68" HC="1.20" NOx="5.36" PMx="0.29" fuel="5.49" electricity="0.00" noise="74.41" route="routetop" type="cfm-fast" waiting="0.00" lane="top_0" pos="37.05" speed="25.19" angle="207.79" x="0.67" y="90.85"/>
        <vehicle id="cfm-fast_5" eclass="HBEFA3/PC_G_EU4" CO2="217308.25" CO="7370.60" HC="39.26" NOx="100.74" PMx="6.89" fuel="93.41" electricity="0.00" noise="128.35" route="routebottom" type="cfm-fast" waiting="0.00" lane="bottom_1" pos="4.98" speed="105.50" angle="85.54" x="73.87" y="-0.85"/>
        <vehicle id="cfm-slow_0" eclass="HBEFA3/PC_G_EU4" CO2="13975.62" CO="223.35" HC="1.37" NOx="5.90" PMx="0.33" fuel="6.01" electricity="0.00" noise="75.23" route="routetop" type="cfm-slow" waiting="0.00" lane="left_0" pos="3.38" speed="26.47" angle="178.43" x="-4.54" y="56.31"/>
        <vehicle id="cfm-slow_1" eclass="HBEFA3/PC_G_EU4" CO2="11279.22" CO="174.40" HC="1.08" NOx="4.60" PMx="0.26" fuel="4.85" electricity="0.00" noise="74.53" route="routetop" type="cfm-slow" waiting="0.00" lane="left_0" pos="25.01" speed="27.78" angle="139.48" x="15.17" y="15.14"/>
        <vehicle id="cfm-slow_2" eclass="HBEFA3/PC_G_EU4" CO2="6308.66" CO="76.72" HC="0.51" NOx="2.23" PMx="0.13" fuel="2.71" electricity="0.00" noise="73.41" route="routetop" type="cfm-slow" waiting="0.00" lane="left_0" pos="47.94" speed="28.58" angle="98.28" x="59.14" y="-4.79"/>
        <vehicle id="cfm-slow_3" eclass="HBEFA3/PC_G_EU4" CO2="0.00" CO="0.00" HC="0.00" NOx="0.00" PMx="0.00" fuel="0.00" electricity="0.00" noise="72.46" route="routebottom" type="cfm-slow" waiting="0.00" lane="bottom_0" pos="21.60" speed="28.63" angle="55.58" x="106.75" y="10.27"/>
        <vehicle id="cfm-slow_4" eclass="HBEFA3/PC_G_EU4" CO2="0.00" CO="0.00" HC="0.00" NOx="0.00" PMx="0.00" fuel="0.00" electricity="0.00" noise="71.69" route="routebottom" type="cfm-slow" waiting="0.00" lane="bottom_0" pos="45.25" speed="27.93" angle="13.11" x="131.49" y="53.38"/>
        <vehicle id="cfm-slow_5" eclass="HBEFA3/PC_G_EU4" CO2="0.00" CO="0.00" HC="0.00" NOx="0.00" PMx="0.00" fuel="0.00" electricity="0.00" noise="71.00" route="routebottom" type="cfm-slow" waiting="0.00" lane="right_0" pos="18.13" speed="26.74" angle="331.90" x="121.43" y="100.68"/>
    </timestep>
    <timestep time="7.95">
        <vehicle id="cfm-fast_0" eclass="HBEFA3/PC_G_EU4" CO2="0.00" CO="0.00" HC="0.00" NOx="0.00" PMx="0.00" fuel="0.00" electricity="0.00" noise="70.55" route="routebottom" type="cfm-fast" waiting="0.00" lane="right_0" pos="40.02" speed="25.44" angle="292.55" x="84.88" y="128.91"/>
        <vehicle id="cfm-fast_1" eclass="HBEFA3/PC_G_EU4" CO2="314528.28" CO="8738.49" HC="47.84" NOx="146.68" PMx="9.17" fuel="135.20" electricity="0.00" noise="145.52" route="routetop" type="cfm-fast" waiting="0.00" lane="top_1" pos="17.62" speed="95.97" angle="242.80" x="29.33" y="119.21"/>
        <vehicle id="cfm-fast_2" eclass="HBEFA3/PC_G_EU4" CO2="0.00" CO="0.00" HC="0.00" NOx="0.00" PMx="0.00" fuel="0.00" electricity="0.00" noise="70.91" route="routetop" type="cfm-fast" waiting="0.00" lane="top_0" pos="6.38" speed="24.53" angle="262.98" x="49.93" y="130.89"/>
        <vehicle id="cfm-fast_3" eclass="HBEFA3/PC_G_EU4" CO2="8690.52" CO="107.21" HC="0.70" NOx="3.45" PMx="0.18" fuel="3.74" electricity="0.00" noise="72.49" route="routetop" type="cfm-fast" waiting="0.00" lane="top_0" pos="21.86" speed="24.43" angle="235.14" x="20.16" y="116.71"/>
        <vehicle id="cfm-fast_4" eclass="HBEFA3/PC_G_EU4" CO2="12788.41" CO="193.95" HC="1.20" NOx="5.37" PMx="0.29" fuel="5.50" electricity="0.00" noise="74.42" route="routetop" type="cfm-fast" waiting="0.00" lane="top_0" pos="37.31" speed="25.20" angle="207.40" x="0.45" y="90.35"/>
        <vehicle id="cfm-fast_5" eclass="HBEFA3/PC_G_EU4" CO2="215011.77" CO="7326.87" HC="39.00" NOx="99.65" PMx="6.83" fuel="92.42" electricity="0.00" noise="127.99" route="routebottom" type="cfm-fast" waiting="0.00" lane="bottom_1" pos="6.04" speed="105.55" angle="83.58" x="76.00" y="-0.46"/>
        <vehicle id="cfm-slow_0" eclass="HBEFA3/PC_G_EU4" CO2="13951.44" CO="222.91" HC="1.36" NOx="5.89" PMx="0.33" fuel="6.00" electricity="0.00" noise="75.22" route="routetop" type="cfm-slow" waiting="0.00" lane="left_0" pos="3.64" speed="26.48" angle="177.96" x="-4.49" y="55.75"/>
        <vehicle id="cfm-slow_1" eclass="HBEFA3/PC_G_EU4" CO2="11231.85" CO="173.47" HC="1.07" NOx="4.57" PMx="0.26" fuel="4.83" electricity="0.00" noise="74.52" route="routetop" type="cfm-slow" waiting="0.00" lane="left_0" pos="25.29" speed="27.79" angle="138.97" x="15.60" y="14.71"/>
        <vehicle id="cfm-slow_2" eclass="HBEFA3/PC_G_EU4" CO2="6253.20" CO="75.59" HC="0.50" NOx="2.21" PMx="0.13" fuel="2.69" electricity="0.00" noise="73.40" route="routetop" type="cfm-slow" waiting="0.00" lane="left_0" pos="48.22" speed="28.58" angle="97.73" x="59.75" y="-4.82"/>
        <vehicle id="cfm-slow_3" eclass="HBEFA3/PC_G_EU4" CO2="0.00" CO="0.00" HC="0.00" NOx="0.00" PMx="0.00" fuel="0.00" electricity="0.00" noise="72.45" route="routebottom" type="cfm-slow" waiting="0.00" lane="bottom_0" pos="21.89" speed="28.62" angle="55.10" x="107.22" y="10.66"/>
        <vehicle id="cfm-slow_4" eclass="HBEFA3/PC_G_EU4" CO2="0.00" CO="0.00" HC="0.00" NOx="0.00" PMx="0.00" fuel="0.00" electricity="0.00" noise="71.68" route="routebottom" type="cfm-slow" waiting="0.00" lane="bottom_0" pos="45.53" speed="27.92" angle="12.61" x="131.58" y="53.98"/>
        <vehicle id="cfm-slow_5" eclass="HBEFA3/PC_G_EU4" CO2="0.00" CO="0.00" HC="0.00" NOx="0.00" PMx="0.00" fuel="0.00" electricity="0.00" noise="70.99" route="routebottom" type="cfm-slow" waiting="0.00" lane="right_0" pos="18.39" speed="26.73" angle="331.38" x="121.11" y="101.16"/>
    </timestep>
    <timestep time="7.96">
        <vehicle id="cfm-fast_0" eclass="HBEFA3/PC_G_EU4" CO2="0.00" CO="0.00" HC="0.00" NOx="0.00" PMx="0.00" fuel="0.00" electricity="0.00" noise="70.55" route="routebottom" type="cfm-fast" waiting="0.00" lane="right_0" pos="40.27" speed="25.43" angle="292.06" x="84.36" y="129.07"/>
        <vehicle id="cfm-fast_1" eclass="HBEFA3/PC_G_EU4" CO2="313669.96" CO="8727.09" HC="47.77" NOx="146.27" PMx="9.15" fuel="134.83" electricity="0.00" noise="145.34" route="routetop" type="cfm-fast" waiting="0.00" lane="top_1" pos="18.58" speed="96.07" angle="241.06" x="27.67" y="118.15"/>
        <vehicle id="cfm-fast_2" eclass="HBEFA3/PC_G_EU4" CO2="0.00" CO="0.00" HC="0.00" NOx="0.00" PMx="0.00" fuel="0.00" electricity="0.00" noise="70.92" route="routetop" type="cfm-fast" waiting="0.00" lane="top_0" pos="6.63" speed="24.53" angle="262.52" x="49.42" y="130.77"/>
        <vehicle id="cfm-fast_3" eclass="HBEFA3/PC_G_EU4" CO2="8730.25" CO="108.05" HC="0.71" NOx="3.47" PMx="0.18" fuel="3.75" electricity="0.00" noise="72.51" route="routetop" type="cfm-fast" waiting="0.00" lane="top_0" pos="22.10" speed="24.44" angle="234.68" x="19.76" y="116.37"/>
        <vehicle id="cfm-fast_4" eclass="HBEFA3/PC_G_EU4" CO2="12799.11" CO="194.21" HC="1.20" NOx="5.37" PMx="0.29" fuel="5.50" electricity="0.00" noise="74.43" route="routetop" type="cfm-fast" waiting="0.00" lane="top_0" pos="37.56" speed="25.22" angle="206.94" x="0.25" y="89.85"/>
        <vehicle id="cfm-fast_5" eclass="HBEFA3/PC_G_EU4" CO2="212755.05" CO="7283.90" HC="38.75" NOx="98.59" PMx="6.78" fuel="91.45" electricity="0.00" noise="127.63" route="routebottom" type="cfm-fast" waiting="0.00" lane="bottom_1" pos="7.10" speed="105.60" angle="81.69" x="78.12" y="-0.02"/>
        <vehicle id="cfm-slow_0" eclass="HBEFA3/PC_G_EU4" CO2="13927.02" CO="222.47" HC="1.36" NOx="5.87" PMx="0.33" fuel="5.99" electricity="0.00" noise="75.22" route="routetop" type="cfm-slow" waiting="0.00" lane="left_0" pos="3.91" speed="26.50" angle="177.50" x="-4.42" y="55.18"/>
        <vehicle id="cfm-slow_1" eclass="HBEFA3/PC_G_EU4" CO2="11184.38" CO="172.54" HC="1.07" NOx="4.55" PMx="0.26" fuel="4.81" electricity="0.00" noise="74.50" route="routetop" type="cfm-slow" waiting="0.00" lane="left_0" pos="25.57" speed="27.80" angle="138.49" x="16.02" y="14.29"/>
        <vehicle id="cfm-slow_2" eclass="HBEFA3/PC_G_EU4" CO2="6197.86" CO="74.45" HC="0.50" NOx="2.18" PMx="0.13" fuel="2.66" electricity="0.00" noise="73.39" route="routetop" type="cfm-slow" waiting="0.00" lane="left_0" pos="48.51" speed="28.58" angle="97.18" x="60.36" y="-4.86"/>
        <vehicle id="cfm-slow_3" eclass="HBEFA3/PC_G_EU4" CO2="0.00" CO="0.00" HC="0.00" NOx="0.00" PMx="0.00" fuel="0.00" electricity="0.00" noise="72.44" route="routebottom" type="cfm-slow" waiting="0.00" lane="bottom_0" pos="22.18" speed="28.61" angle="54.56" x="107.69" y="11.06"/>
        <vehicle id="cfm-slow_4" eclass="HBEFA3/PC_G_EU4" CO2="0.00" CO="0.00" HC="0.00" NOx="0.00" PMx="0.00" fuel="0.00" electricity="0.00" noise="71.68" route="routebottom" type="cfm-slow" waiting="0.00" lane="bottom_0" pos="45.81" speed="27.91" angle="12.10" x="131.66" y="54.57"/>
        <vehicle id="cfm-slow_5" eclass="HBEFA3/PC_G_EU4" CO2="0.00" CO="0.00" HC="0.00" NOx="0.00" PMx="0.00" fuel="0.00" electricity="0.00" noise="70.99" route="routebottom" type="cfm-slow" waiting="0.00" lane="right_0" pos="18.66" speed="26.71" angle="330.86" x="120.79" y="101.63"/>
    </timestep>
    <timestep time="7.97">
        <vehicle id="cfm-fast_0" eclass="HBEFA3/PC_G_EU4" CO2="0.00" CO="0.00" HC="0.00" NOx="0.00" PMx="0.00" fuel="0.00" electricity="0.00" noise="70.55" route="routebottom" type="cfm-fast" waiting="0.00" lane="right_0" pos="40.53" speed="25.43" angle="291.58" x="83.83" y="129.23"/>
        <vehicle id="cfm-fast_1" eclass="HBEFA3/PC_G_EU4" CO2="312798.67" CO="8715.40" HC="47.70" NOx="145.86" PMx="9.13" fuel="134.46" electricity="0.00" noise="145.17" route="routetop" type="cfm-fast" waiting="0.00" lane="top_1" pos="19.54" speed="96.17" angle="239.30" x="26.04" y="117.04"/>
        <vehicle id="cfm-fast_2" eclass="HBEFA3/PC_G_EU4" CO2="0.00" CO="0.00" HC="0.00" NOx="0.00" PMx="0.00" fuel="0.00" electricity="0.00" noise="70.93" route="routetop" type="cfm-fast" waiting="0.00" lane="top_0" pos="6.87" speed="24.52" angle="262.05" x="48.90" y="130.66"/>
        <vehicle id="cfm-fast_3" eclass="HBEFA3/PC_G_EU4" CO2="8769.71" CO="108.88" HC="0.71" NOx="3.49" PMx="0.19" fuel="3.77" electricity="0.00" noise="72.53" route="routetop" type="cfm-fast" waiting="0.00" lane="top_0" pos="22.35" speed="24.44" angle="234.22" x="19.36" y="116.03"/>
        <vehicle id="cfm-fast_4" eclass="HBEFA3/PC_G_EU4" CO2="12809.51" CO="194.47" HC="1.20" NOx="5.38" PMx="0.29" fuel="5.51" electricity="0.00" noise="74.44" route="routetop" type="cfm-fast" waiting="0.00" lane="top_0" pos="37.81" speed="25.23" angle="206.48" x="0.05" y="89.34"/>
        <vehicle id="cfm-fast_5" eclass="HBEFA3/PC_G_EU4" CO2="210537.45" CO="7241.68" HC="38.50" NOx="97.54" PMx="6.72" fuel="90.50" electricity="0.00" noise="127.27" route="routebottom" type="cfm-fast" waiting="0.00" lane="bottom_1" pos="8.15" speed="105.65" angle="79.79" x="80.22" y="0.50"/>
        <vehicle id="cfm-slow_0" eclass="HBEFA3/PC_G_EU4" CO2="13902.39" CO="222.02" HC="1.36" NOx="5.86" PMx="0.33" fuel="5.98" electricity="0.00" noise="75.21" route="routetop" type="cfm-slow" waiting="0.00" lane="left_0" pos="4.17" speed="26.51" angle="177.02" x="-4.34" y="54.61"/>
        <vehicle id="cfm-slow_1" eclass="HBEFA3/PC_G_EU4" CO2="11136.81" CO="171.61" HC="1.06" NOx="4.53" PMx="0.26" fuel="4.79" electricity="0.00" noise="74.49" route="routetop" type="cfm-slow" waiting="0.00" lane="left_0" pos="25.85" speed="27.81" angle="138.01" x="16.45" y="13.88"/>
        <vehicle id="cfm-slow_2" eclass="HBEFA3/PC_G_EU4" CO2="6142.63" CO="73.32" HC="0.49" NOx="2.16" PMx="0.13" fuel="2.64" electricity="0.00" noise="73.38" route="routetop" type="cfm-slow" waiting="0.00" lane="left_0" pos="48.80" speed="28.58" angle="96.70" x="60.98" y="-4.89"/>
        <vehicle id="cfm-slow_3" eclass="HBEFA3/PC_G_EU4" CO2="0.00" CO="0.00" HC="0.00" NOx="0.00" PMx="0.00" fuel="0.00" electricity="0.00" noise="72.43" route="routebottom" type="cfm-slow" waiting="0.00" lane="bottom_0" pos="22.46" speed="28.61" angle="54.02" x="108.16" y="11.46"/>
        <vehicle id="cfm-slow_4" eclass="HBEFA3/PC_G_EU4" CO2="0.00" CO="0.00" HC="0.00" NOx="0.00" PMx="0.00" fuel="0.00" electricity="0.00" noise="71.67" route="routebottom" type="cfm-slow" waiting="0.00" lane="bottom_0" pos="46.08" speed="27.90" angle="11.61" x="131.75" y="55.17"/>
        <vehicle id="cfm-slow_5" eclass="HBEFA3/PC_G_EU4" CO2="0.00" CO="0.00" HC="0.00" NOx="0.00" PMx="0.00" fuel="0.00" electricity="0.00" noise="70.98" route="routebottom" type="cfm-slow" waiting="0.00" lane="right_0" pos="18.93" speed="26.70" angle="330.34" x="120.47" y="102.11"/>
    </timestep>
    <timestep time="7.98">
        <vehicle id="cfm-fast_0" eclass="HBEFA3/PC_G_EU4" CO2="0.00" CO="0.00" HC="0.00" NOx="0.00" PMx="0.00" fuel="0.00" electricity="0.00" noise="70.55" route="routebottom" type="cfm-fast" waiting="0.00" lane="right_0" pos="40.78" speed="25.42" angle="291.10" x="83.31" y="129.39"/>
        <vehicle id="cfm-fast_1" eclass="HBEFA3/PC_G_EU4" CO2="311914.82" CO="8703.43" HC="47.62" NOx="145.44" PMx="9.11" fuel="134.08" electricity="0.00" noise="144.99" route="routetop" type="cfm-fast" waiting="0.00" lane="top_1" pos="20.50" speed="96.27" angle="237.57" x="24.44" y="115.88"/>
        <vehicle id="cfm-fast_2" eclass="HBEFA3/PC_G_EU4" CO2="0.00" CO="0.00" HC="0.00" NOx="0.00" PMx="0.00" fuel="0.00" electricity="0.00" noise="70.94" route="routetop" type="cfm-fast" waiting="0.00" lane="top_0" pos="7.12" speed="24.52" angle="261.59" x="48.39" y="130.54"/>
        <vehicle id="cfm-fast_3" eclass="HBEFA3/PC_G_EU4" CO2="8808.91" CO="109.71" HC="0.72" NOx="3.51" PMx="0.19" fuel="3.79" electricity="0.00" noise="72.55" route="routetop" type="cfm-fast" waiting="0.00" lane="top_0" pos="22.59" speed="24.45" angle="233.77" x="18.96" y="115.69"/>
        <vehicle id="cfm-fast_4" eclass="HBEFA3/PC_G_EU4" CO2="12819.61" CO="194.72" HC="1.21" NOx="5.38" PMx="0.29" fuel="5.51" electricity="0.00" noise="74.44" route="routetop" type="cfm-fast" waiting="0.00" lane="top_0" pos="38.06" speed="25.24" angle="206.01" x="-0.15" y="88.84"/>
        <vehicle id="cfm-fast_5" eclass="HBEFA3/PC_G_EU4" CO2="208358.33" CO="7200.19" HC="38.26" NOx="96.51" PMx="6.66" fuel="89.56" electricity="0.00" noise="126.93" route="routebottom" type="cfm-fast" waiting="0.00" lane="bottom_1" pos="9.21" speed="105.70" angle="77.88" x="82.31" y="1.08"/>
        <vehicle id="cfm-slow_0" eclass="HBEFA3/PC_G_EU4" CO2="13877.53" CO="221.57" HC="1.36" NOx="5.85" PMx="0.32" fuel="5.97" electricity="0.00" noise="75.20" route="routetop" type="cfm-slow" waiting="0.00" lane="left_0" pos="4.44" speed="26.52" angle="176.54" x="-4.26" y="54.05"/>
        <vehicle id="cfm-slow_1" eclass="HBEFA3/PC_G_EU4" CO2="11089.16" CO="170.67" HC="1.06" NOx="4.51" PMx="0.26" fuel="4.77" electricity="0.00" noise="74.48" route="routetop" type="cfm-slow" waiting="0.00" lane="left_0" pos="26.12" speed="27.82" angle="137.50" x="16.90" y="13.48"/>
        <vehicle id="cfm-slow_2" eclass="HBEFA3/PC_G_EU4" CO2="6087.52" CO="72.19" HC="0.48" NOx="2.13" PMx="0.13" fuel="2.62" electricity="0.00" noise="73.37" route="routetop" type="cfm-slow" waiting="0.00" lane="left_0" pos="49.08" speed="28.58" angle="96.18" x="61.59" y="-4.91"/>
        <vehicle id="cfm-slow_3" eclass="HBEFA3/PC_G_EU4" CO2="0.00" CO="0.00" HC="0.00" NOx="0.00" PMx="0.00" fuel="0.00" electricity="0.00" noise="72.42" route="routebottom" type="cfm-slow" waiting="0.00" lane="bottom_0" pos="22.75" speed="28.60" angle="53.48" x="108.63" y="11.86"/>
        <vehicle id="cfm-slow_4" eclass="HBEFA3/PC_G_EU4" CO2="0.00" CO="0.00" HC="0.00" NOx="0.00" PMx="0.00" fuel="0.00" electricity="0.00" noise="71.66" route="routebottom" type="cfm-slow" waiting="0.00" lane="bottom_0" pos="46.36" speed="27.89" angle="11.15" x="131.82" y="55.76"/>
        <vehicle id="cfm-slow_5" eclass="HBEFA3/PC_G_EU4" CO2="0.00" CO="0.00" HC="0.00" NOx="0.00" PMx="0.00" fuel="0.00" electricity="0.00" noise="70.98" route="routebottom" type="cfm-slow" waiting="0.00" lane="right_0" pos="19.19" speed="26.69" angle="329.88" x="120.15" y="102.59"/>
    </timestep>
    <timestep time="7.99">
        <vehicle id="cfm-fast_0" eclass="HBEFA3/PC_G_EU4" CO2="0.00" CO="0.00" HC="0.00" NOx="0.00" PMx="0.00" fuel="0.00" electricity="0.00" noise="70.55" route="routebottom" type="cfm-fast" waiting="0.00" lane="right_0" pos="41.04" speed="25.41" angle="290.67" x="82.79" y="129.56"/>
        <vehicle id="cfm-fast_1" eclass="HBEFA3/PC_G_EU4" CO2="311018.83" CO="8691.19" HC="47.54" NOx="145.02" PMx="9.09" fuel="133.69" electricity="0.00" noise="144.82" route="routetop" type="cfm-fast" waiting="0.00" lane="top_1" pos="21.47" speed="96.37" angle="235.83" x="22.89" y="114.66"/>
        <vehicle id="cfm-fast_2" eclass="HBEFA3/PC_G_EU4" CO2="0.00" CO="0.00" HC="0.00" NOx="0.00" PMx="0.00" fuel="0.00" electricity="0.00" noise="70.95" route="routetop" type="cfm-fast" waiting="0.00" lane="top_0" pos="7.36" speed="24.52" angle="261.13" x="47.87" y="130.42"/>
        <vehicle id="cfm-fast_3" eclass="HBEFA3/PC_G_EU4" CO2="8847.84" CO="110.53" HC="0.72" NOx="3.52" PMx="0.19" fuel="3.80" electricity="0.00" noise="72.56" route="routetop" type="cfm-fast" waiting="0.00" lane="top_0" pos="22.84" speed="24.46" angle="233.31" x="18.55" y="115.35"/>
        <vehicle id="cfm-fast_4" eclass="HBEFA3/PC_G_EU4" CO2="12829.41" CO="194.97" HC="1.21" NOx="5.38" PMx="0.29" fuel="5.51" electricity="0.00" noise="74.45" route="routetop" type="cfm-fast" waiting="0.00" lane="top_0" pos="38.32" speed="25.26" angle="205.55" x="-0.35" y="88.33"/>
        <vehicle id="cfm-fast_5" eclass="HBEFA3/PC_G_EU4" CO2="206217.07" CO="7159.43" HC="38.02" NOx="95.50" PMx="6.61" fuel="88.64" electricity="0.00" noise="126.59" route="routebottom" type="cfm-fast" waiting="0.00" lane="bottom_1" pos="10.27" speed="105.75" angle="76.02" x="84.38" y="1.72"/>
        <vehicle id="cfm-slow_0" eclass="HBEFA3/PC_G_EU4" CO2="13852.46" CO="221.11" HC="1.35" NOx="5.84" PMx="0.32" fuel="5.95" electricity="0.00" noise="75.19" route="routetop" type="cfm-slow" waiting="0.00" lane="left_0" pos="4.71" speed="26.54" angle="176.06" x="-4.18" y="53.48"/>
        <vehicle id="cfm-slow_1" eclass="HBEFA3/PC_G_EU4" CO2="11041.41" CO="169.73" HC="1.05" NOx="4.48" PMx="0.25" fuel="4.75" electricity="0.00" noise="74.46" route="routetop" type="cfm-slow" waiting="0.00" lane="left_0" pos="26.40" speed="27.83" angle="136.98" x="17.34" y="13.07"/>
        <vehicle id="cfm-slow_2" eclass="HBEFA3/PC_G_EU4" CO2="6032.53" CO="71.07" HC="0.48" NOx="2.10" PMx="0.13" fuel="2.59" electricity="0.00" noise="73.36" route="routetop" type="cfm-slow" waiting="0.00" lane="left_0" pos="49.37" speed="28.58" angle="95.66" x="62.21" y="-4.92"/>
        <vehicle id="cfm-slow_3" eclass="HBEFA3/PC_G_EU4" CO2="0.00" CO="0.00" HC="0.00" NOx="0.00" PMx="0.00" fuel="0.00" electricity="0.00" noise="72.42" route="routebottom" type="cfm-slow" waiting="0.00" lane="bottom_0" pos="23.04" speed="28.59" angle="52.99" x="109.10" y="12.26"/>
        <vehicle id="cfm-slow_4" eclass="HBEFA3/PC_G_EU4" CO2="0.00" CO="0.00" HC="0.00" NOx="0.00" PMx="0.00" fuel="0.00" electricity="0.00" noise="71.66" route="routebottom" type="cfm-slow" waiting="0.00" lane="bottom_0" pos="46.64" speed="27.87" angle="10.63" x="131.88" y="56.36"/>
        <vehicle id="cfm-slow_5" eclass="HBEFA3/PC_G_EU4" CO2="0.00" CO="0.00" HC="0.00" NOx="0.00" PMx="0.00" fuel="0.00" electricity="0.00" noise="70.98" route="routebottom" type="cfm-slow" waiting="0.00" lane="right_0" pos="19.46" speed="26.68" angle="329.40" x="119.82" y="103.06"/>
    </timestep>
    <timestep time="8.00">
        <vehicle id="cfm-fast_0" eclass="HBEFA3/PC_G_EU4" CO2="0.00" CO="0.00" HC="0.00" NOx="0.00" PMx="0.00" fuel="0.00" electricity="0.00" noise="70.55" route="routebottom" type="cfm-fast" waiting="0.00" lane="right_0" pos="41.29" speed="25.40" angle="290.22" x="82.26" y="129.70"/>
        <vehicle id="cfm-fast_1" eclass="HBEFA3/PC_G_EU4" CO2="310111.10" CO="8678.68" HC="47.47" NOx="144.59" PMx="9.07" fuel="133.30" electricity="0.00" noise="144.64" route="routetop" type="cfm-fast" waiting="0.00" lane="top_1" pos="22.43" speed="96.47" angle="234.09" x="21.36" y="113.40"/>
        <vehicle id="cfm-fast_2" eclass="HBEFA3/PC_G_EU4" CO2="0.00" CO="0.00" HC="0.00" NOx="0.00" PMx="0.00" fuel="0.00" electricity="0.00" noise="70.96" route="routetop" type="cfm-fast" waiting="0.00" lane="top_0" pos="7.61" speed="24.52" angle="260.71" x="47.36" y="130.31"/>
        <vehicle id="cfm-fast_3" eclass="HBEFA3/PC_G_EU4" CO2="8886.51" CO="111.34" HC="0.73" NOx="3.54" PMx="0.19" fuel="3.82" electricity="0.00" noise="72.58" route="routetop" type="cfm-fast" waiting="0.00" lane="top_0" pos="23.08" speed="24.47" angle="232.93" x="18.15" y="115.01"/>
        <vehicle id="cfm-fast_4" eclass="HBEFA3/PC_G_EU4" CO2="12838.90" CO="195.21" HC="1.21" NOx="5.39" PMx="0.29" fuel="5.52" electricity="0.00" noise="74.46" route="routetop" type="cfm-fast" waiting="0.00" lane="top_0" pos="38.57" speed="25.27" angle="205.13" x="-0.55" y="87.83"/>
        <vehicle id="cfm-fast_5" eclass="HBEFA3/PC_G_EU4" CO2="204113.05" CO="7119.38" HC="37.79" NOx="94.51" PMx="6.55" fuel="87.74" electricity="0.00" noise="126.26" route="routebottom" type="cfm-fast" waiting="0.00" lane="bottom_1" pos="11.32" speed="105.79" angle="74.06" x="86.42" y="2.46"/>
        <vehicle id="cfm-slow_0" eclass="HBEFA3/PC_G_EU4" CO2="13827.16" CO="220.65" HC="1.35" NOx="5.83" PMx="0.32" fuel="5.94" electricity="0.00" noise="75.18" route="routetop" type="cfm-slow" waiting="0.00" lane="left_0" pos="4.97" speed="26.55" angle="175.58" x="-4.11" y="52.92"/>
        <vehicle id="cfm-slow_1" eclass="HBEFA3/PC_G_EU4" CO2="10993.57" CO="168.79" HC="1.04" NOx="4.46" PMx="0.25" fuel="4.73" electricity="0.00" noise="74.45" route="routetop" type="cfm-slow" waiting="0.00" lane="left_0" pos="26.68" speed="27.83" angle="136.46" x="17.78" y="12.66"/>
        <vehicle id="cfm-slow_2" eclass="HBEFA3/PC_G_EU4" CO2="5977.65" CO="69.94" HC="0.47" NOx="2.08" PMx="0.13" fuel="2.57" electricity="0.00" noise="73.34" route="routetop" type="cfm-slow" waiting="0.00" lane="left_0" pos="49.65" speed="28.58" angle="95.14" x="62.82" y="-4.93"/>
        <vehicle id="cfm-slow_3" eclass="HBEFA3/PC_G_EU4" CO2="0.00" CO="0.00" HC="0.00" NOx="0.00" PMx="0.00" fuel="0.00" electricity="0.00" noise="72.41" route="routebottom" type="cfm-slow" waiting="0.00" lane="bottom_0" pos="23.32" speed="28.59" angle="52.49" x="109.55" y="12.67"/>
        <vehicle id="cfm-slow_4" eclass="HBEFA3/PC_G_EU4" CO2="0.00" CO="0.00" HC="0.00" NOx="0.00" PMx="0.00" fuel="0.00" electricity="0.00" noise="71.65" route="routebottom" type="cfm-slow" waiting="0.00" lane="bottom_0" pos="46.92" speed="27.86" angle="10.12" x="131.94" y="56.96"/>
        <vehicle id="cfm-slow_5" eclass="HBEFA3/PC_G_EU4" CO2="0.00" CO="0.00" HC="0.00" NOx="0.00" PMx="0.00" fuel="0.00" electricity="0.00" noise="70.97" route="routebottom" type="cfm-slow" waiting="0.00" lane="right_0" pos="19.73" speed="26.66" angle="328.92" x="119.49" y="103.52"/>
    </timestep>
    <timestep time="8.01">
        <vehicle id="cfm-fast_0" eclass="HBEFA3/PC_G_EU4" CO2="0.00" CO="0.00" HC="0.00" NOx="0.00" PMx="0.00" fuel="0.00" electricity="0.00" noise="70.56" route="routebottom" type="cfm-fast" waiting="0.00" lane="right_0" pos="41.55" speed="25.39" angle="289.76" x="81.73" y="129.84"/>
        <vehicle id="cfm-fast_1" eclass="HBEFA3/PC_G_EU4" CO2="309192.01" CO="8665.91" HC="47.38" NOx="144.15" PMx="9.05" fuel="132.91" electricity="0.00" noise="144.46" route="routetop" type="cfm-fast" waiting="0.00" lane="top_1" pos="23.40" speed="96.57" angle="232.37" x="19.87" y="112.10"/>
        <vehicle id="cfm-fast_2" eclass="HBEFA3/PC_G_EU4" CO2="0.00" CO="0.00" HC="0.00" NOx="0.00" PMx="0.00" fuel="0.00" electricity="0.00" noise="70.98" route="routetop" type="cfm-fast" waiting="0.00" lane="top_0" pos="7.85" speed="24.52" angle="260.29" x="46.85" y="130.17"/>
        <vehicle id="cfm-fast_3" eclass="HBEFA3/PC_G_EU4" CO2="8924.92" CO="112.16" HC="0.73" NOx="3.56" PMx="0.19" fuel="3.84" electricity="0.00" noise="72.60" route="routetop" type="cfm-fast" waiting="0.00" lane="top_0" pos="23.33" speed="24.47" angle="232.49" x="17.77" y="114.65"/>
        <vehicle id="cfm-fast_4" eclass="HBEFA3/PC_G_EU4" CO2="12848.10" CO="195.44" HC="1.21" NOx="5.39" PMx="0.29" fuel="5.52" electricity="0.00" noise="74.47" route="routetop" type="cfm-fast" waiting="0.00" lane="top_0" pos="38.82" speed="25.28" angle="204.67" x="-0.73" y="87.32"/>
        <vehicle id="cfm-fast_5" eclass="HBEFA3/PC_G_EU4" CO2="202045.66" CO="7080.02" HC="37.56" NOx="93.53" PMx="6.50" fuel="86.85" electricity="0.00" noise="125.93" route="routebottom" type="cfm-fast" waiting="0.00" lane="bottom_1" pos="12.38" speed="105.84" angle="72.20" x="88.44" y="3.24"/>
        <vehicle id="cfm-slow_0" eclass="HBEFA3/PC_G_EU4" CO2="13801.64" CO="220.19" HC="1.35" NOx="5.81" PMx="0.32" fuel="5.93" electricity="0.00" noise="75.18" route="routetop" type="cfm-slow" waiting="0.00" lane="left_0" pos="5.24" speed="26.56" angle="175.06" x="-4.01" y="52.35"/>
        <vehicle id="cfm-slow_1" eclass="HBEFA3/PC_G_EU4" CO2="10945.64" CO="167.85" HC="1.04" NOx="4.44" PMx="0.25" fuel="4.71" electricity="0.00" noise="74.44" route="routetop" type="cfm-slow" waiting="0.00" lane="left_0" pos="26.96" speed="27.84" angle="136.01" x="18.22" y="12.26"/>
        <vehicle id="cfm-slow_2" eclass="HBEFA3/PC_G_EU4" CO2="5922.90" CO="68.82" HC="0.46" NOx="2.05" PMx="0.12" fuel="2.55" electricity="0.00" noise="73.33" route="routetop" type="cfm-slow" waiting="0.00" lane="left_0" pos="49.94" speed="28.58" angle="94.63" x="63.44" y="-4.95"/>
        <vehicle id="cfm-slow_3" eclass="HBEFA3/PC_G_EU4" CO2="0.00" CO="0.00" HC="0.00" NOx="0.00" PMx="0.00" fuel="0.00" electricity="0.00" noise="72.40" route="routebottom" type="cfm-slow" waiting="0.00" lane="bottom_0" pos="23.61" speed="28.58" angle="51.97" x="110.00" y="13.09"/>
        <vehicle id="cfm-slow_4" eclass="HBEFA3/PC_G_EU4" CO2="0.00" CO="0.00" HC="0.00" NOx="0.00" PMx="0.00" fuel="0.00" electricity="0.00" noise="71.64" route="routebottom" type="cfm-slow" waiting="0.00" lane="bottom_0" pos="47.20" speed="27.85" angle="9.62" x="132.00" y="57.55"/>
        <vehicle id="cfm-slow_5" eclass="HBEFA3/PC_G_EU4" CO2="0.00" CO="0.00" HC="0.00" NOx="0.00" PMx="0.00" fuel="0.00" electricity="0.00" noise="70.97" route="routebottom" type="cfm-slow" waiting="0.00" lane="right_0" pos="19.99" speed="26.65" angle="328.44" x="119.15" y="103.99"/>
    </timestep>
    <timestep time="8.02">
        <vehicle id="cfm-fast_0" eclass="HBEFA3/PC_G_EU4" CO2="0.00" CO="0.00" HC="0.00" NOx="0.00" PMx="0.00" fuel="0.00" electricity="0.00" noise="70.56" route="routebottom" type="cfm-fast" waiting="0.00" lane="right_0" pos="41.80" speed="25.38" angle="289.30" x="81.20" y="129.98"/>
        <vehicle id="cfm-fast_1" eclass="HBEFA3/PC_G_EU4" CO2="308261.95" CO="8652.88" HC="47.30" NOx="143.71" PMx="9.02" fuel="132.51" electricity="0.00" noise="144.27" route="routetop" type="cfm-fast" waiting="0.00" lane="top_1" pos="24.36" speed="96.66" angle="230.66" x="18.41" y="110.75"/>
        <vehicle id="cfm-fast_2" eclass="HBEFA3/PC_G_EU4" CO2="0.00" CO="0.00" HC="0.00" NOx="0.00" PMx="0.00" fuel="0.00" electricity="0.00" noise="70.99" route="routetop" type="cfm-fast" waiting="0.00" lane="top_0" pos="8.10" speed="24.52" angle="259.84" x="46.34" y="130.04"/>
        <vehicle id="cfm-fast_3" eclass="HBEFA3/PC_G_EU4" CO2="8963.06" CO="112.96" HC="0.74" NOx="3.58" PMx="0.19" fuel="3.85" electricity="0.00" noise="72.62" route="routetop" type="cfm-fast" waiting="0.00" lane="top_0" pos="23.57" speed="24.48" angle="232.05" x="17.38" y="114.30"/>
        <vehicle id="cfm-fast_4" eclass="HBEFA3/PC_G_EU4" CO2="12857.00" CO="195.67" HC="1.21" NOx="5.40" PMx="0.29" fuel="5.53" electricity="0.00" noise="74.47" route="routetop" type="cfm-fast" waiting="0.00" lane="top_0" pos="39.07" speed="25.29" angle="204.20" x="-0.92" y="86.80"/>
        <vehicle id="cfm-fast_5" eclass="HBEFA3/PC_G_EU4" CO2="200014.30" CO="7041.36" HC="37.33" NOx="92.57" PMx="6.45" fuel="85.98" electricity="0.00" noise="125.61" route="routebottom" type="cfm-fast" waiting="0.00" lane="bottom_1" pos="13.44" speed="105.88" angle="70.32" x="90.44" y="4.10"/>
        <vehicle id="cfm-slow_0" eclass="HBEFA3/PC_G_EU4" CO2="13775.91" CO="219.72" HC="1.34" NOx="5.80" PMx="0.32" fuel="5.92" electricity="0.00" noise="75.17" route="routetop" type="cfm-slow" waiting="0.00" lane="left_0" pos="5.50" speed="26.58" angle="174.58" x="-3.91" y="51.79"/>
        <vehicle id="cfm-slow_1" eclass="HBEFA3/PC_G_EU4" CO2="10897.63" CO="166.91" HC="1.03" NOx="4.42" PMx="0.25" fuel="4.68" electricity="0.00" noise="74.42" route="routetop" type="cfm-slow" waiting="0.00" lane="left_0" pos="27.24" speed="27.85" angle="135.49" x="18.68" y="11.87"/>
        <vehicle id="cfm-slow_2" eclass="HBEFA3/PC_G_EU4" CO2="5868.26" CO="67.70" HC="0.46" NOx="2.03" PMx="0.12" fuel="2.52" electricity="0.00" noise="73.32" route="routebottom" type="cfm-slow" waiting="0.00" lane="bottom_0" pos="0.22" speed="28.59" angle="94.06" x="64.24" y="-4.94"/>
        <vehicle id="cfm-slow_3" eclass="HBEFA3/PC_G_EU4" CO2="0.00" CO="0.00" HC="0.00" NOx="0.00" PMx="0.00" fuel="0.00" electricity="0.00" noise="72.39" route="routebottom" type="cfm-slow" waiting="0.00" lane="bottom_0" pos="23.89" speed="28.57" angle="51.46" x="110.46" y="13.50"/>
        <vehicle id="cfm-slow_4" eclass="HBEFA3/PC_G_EU4" CO2="0.00" CO="0.00" HC="0.00" NOx="0.00" PMx="0.00" fuel="0.00" electricity="0.00" noise="71.64" route="routebottom" type="cfm-slow" waiting="0.00" lane="bottom_0" pos="47.48" speed="27.84" angle="9.17" x="132.06" y="58.15"/>
        <vehicle id="cfm-slow_5" eclass="HBEFA3/PC_G_EU4" CO2="0.00" CO="0.00" HC="0.00" NOx="0.00" PMx="0.00" fuel="0.00" electricity="0.00" noise="70.96" route="routebottom" type="cfm-slow" waiting="0.00" lane="right_0" pos="20.26" speed="26.64" angle="327.96" x="118.82" y="104.45"/>
    </timestep>
    <timestep time="8.03">
        <vehicle id="cfm-fast_0" eclass="HBEFA3/PC_G_EU4" CO2="0.00" CO="0.00" HC="0.00" NOx="0.00" PMx="0.00" fuel="0.00" electricity="0.00" noise="70.56" route="routebottom" type="cfm-fast" waiting="0.00" lane="right_0" pos="42.05" speed="25.37" angle="288.84" x="80.68" y="130.12"/>
        <vehicle id="cfm-fast_1" eclass="HBEFA3/PC_G_EU4" CO2="307321.32" CO="8639.62" HC="47.22" NOx="143.27" PMx="9.00" fuel="132.10" electricity="0.00" noise="144.09" route="routetop" type="cfm-fast" waiting="0.00" lane="top_1" pos="25.33" speed="96.76" angle="228.92" x="17.01" y="109.36"/>
        <vehicle id="cfm-fast_2" eclass="HBEFA3/PC_G_EU4" CO2="0.00" CO="0.00" HC="0.00" NOx="0.00" PMx="0.00" fuel="0.00" electricity="0.00" noise="71.00" route="routetop" type="cfm-fast" waiting="0.00" lane="top_0" pos="8.34" speed="24.52" angle="259.39" x="45.83" y="129.90"/>
        <vehicle id="cfm-fast_3" eclass="HBEFA3/PC_G_EU4" CO2="9000.93" CO="113.76" HC="0.74" NOx="3.60" PMx="0.19" fuel="3.87" electricity="0.00" noise="72.63" route="routetop" type="cfm-fast" waiting="0.00" lane="top_0" pos="23.82" speed="24.49" angle="231.61" x="16.99" y="113.94"/>
        <vehicle id="cfm-fast_4" eclass="HBEFA3/PC_G_EU4" CO2="12865.60" CO="195.89" HC="1.21" NOx="5.40" PMx="0.29" fuel="5.53" electricity="0.00" noise="74.48" route="routetop" type="cfm-fast" waiting="0.00" lane="top_0" pos="39.33" speed="25.31" angle="203.73" x="-1.10" y="86.29"/>
        <vehicle id="cfm-fast_5" eclass="HBEFA3/PC_G_EU4" CO2="198018.39" CO="7003.37" HC="37.11" NOx="91.63" PMx="6.40" fuel="85.12" electricity="0.00" noise="125.29" route="routebottom" type="cfm-fast" waiting="0.00" lane="bottom_1" pos="14.50" speed="105.93" angle="68.42" x="92.40" y="5.02"/>
        <vehicle id="cfm-slow_0" eclass="HBEFA3/PC_G_EU4" CO2="13749.96" CO="219.24" HC="1.34" NOx="5.79" PMx="0.32" fuel="5.91" electricity="0.00" noise="75.16" route="routetop" type="cfm-slow" waiting="0.00" lane="left_0" pos="5.77" speed="26.59" angle="174.09" x="-3.81" y="51.23"/>
        <vehicle id="cfm-slow_1" eclass="HBEFA3/PC_G_EU4" CO2="10849.54" CO="165.96" HC="1.03" NOx="4.39" PMx="0.25" fuel="4.66" electricity="0.00" noise="74.41" route="routetop" type="cfm-slow" waiting="0.00" lane="left_0" pos="27.52" speed="27.86" angle="134.97" x="19.13" y="11.48"/>
        <vehicle id="cfm-slow_2" eclass="HBEFA3/PC_G_EU4" CO2="5813.76" CO="66.58" HC="0.45" NOx="2.00" PMx="0.12" fuel="2.50" electricity="0.00" noise="73.31" route="routebottom" type="cfm-slow" waiting="0.00" lane="bottom_0" pos="0.51" speed="28.59" angle="93.55" x="64.86" y="-4.93"/>
        <vehicle id="cfm-slow_3" eclass="HBEFA3/PC_G_EU4" CO2="0.00" CO="0.00" HC="0.00" NOx="0.00" PMx="0.00" fuel="0.00" electricity="0.00" noise="72.38" route="routebottom" type="cfm-slow" waiting="0.00" lane="bottom_0" pos="24.18" speed="28.57" angle="50.94" x="110.91" y="13.92"/>
        <vehicle id="cfm-slow_4" eclass="HBEFA3/PC_G_EU4" CO2="0.00" CO="0.00" HC="0.00" NOx="0.00" PMx="0.00" fuel="0.00" electricity="0.00" noise="71.63" route="routebottom" type="cfm-slow" waiting="0.00" lane="bottom_0" pos="47.76" speed="27.83" angle="8.64" x="132.09" y="58.75"/>
        <vehicle id="cfm-slow_5" eclass="HBEFA3/PC_G_EU4" CO2="0.00" CO="0.00" HC="0.00" NOx="0.00" PMx="0.00" fuel="0.00" electricity="0.00" noise="70.96" route="routebottom" type="cfm-slow" waiting="0.00" lane="right_0" pos="20.53" speed="26.63" angle="327.54" x="118.48" y="104.92"/>
    </timestep>
    <timestep time="8.04">
        <vehicle id="cfm-fast_0" eclass="HBEFA3/PC_G_EU4" CO2="0.00" CO="0.00" HC="0.00" NOx="0.00" PMx="0.00" fuel="0.00" electricity="0.00" noise="70.56" route="routebottom" type="cfm-fast" waiting="0.00" lane="right_0" pos="42.31" speed="25.36" angle="288.42" x="80.15" y="130.26"/>
        <vehicle id="cfm-fast_1" eclass="HBEFA3/PC_G_EU4" CO2="306370.47" CO="8626.12" HC="47.14" NOx="142.82" PMx="8.98" fuel="131.69" electricity="0.00" noise="143.91" route="routetop" type="cfm-fast" waiting="0.00" lane="top_1" pos="26.30" speed="96.86" angle="227.20" x="15.64" y="107.91"/>
        <vehicle id="cfm-fast_2" eclass="HBEFA3/PC_G_EU4" CO2="0.00" CO="0.00" HC="0.00" NOx="0.00" PMx="0.00" fuel="0.00" electricity="0.00" noise="71.01" route="routetop" type="cfm-fast" waiting="0.00" lane="top_0" pos="8.59" speed="24.52" angle="258.94" x="45.32" y="129.77"/>
        <vehicle id="cfm-fast_3" eclass="HBEFA3/PC_G_EU4" CO2="9038.54" CO="114.56" HC="0.75" NOx="3.61" PMx="0.19" fuel="3.89" electricity="0.00" noise="72.65" route="routetop" type="cfm-fast" waiting="0.00" lane="top_0" pos="24.06" speed="24.50" angle="231.17" x="16.61" y="113.58"/>
        <vehicle id="cfm-fast_4" eclass="HBEFA3/PC_G_EU4" CO2="12873.91" CO="196.11" HC="1.21" NOx="5.40" PMx="0.30" fuel="5.53" electricity="0.00" noise="74.49" route="routetop" type="cfm-fast" waiting="0.00" lane="top_0" pos="39.58" speed="25.32" angle="203.26" x="-1.28" y="85.78"/>
        <vehicle id="cfm-fast_5" eclass="HBEFA3/PC_G_EU4" CO2="196057.33" CO="6966.05" HC="36.89" NOx="90.71" PMx="6.35" fuel="84.28" electricity="0.00" noise="124.98" route="routebottom" type="cfm-fast" waiting="0.00" lane="bottom_1" pos="15.56" speed="105.97" angle="66.51" x="94.34" y="6.01"/>
        <vehicle id="cfm-slow_0" eclass="HBEFA3/PC_G_EU4" CO2="13723.79" CO="218.76" HC="1.34" NOx="5.78" PMx="0.32" fuel="5.90" electricity="0.00" noise="75.15" route="routetop" type="cfm-slow" waiting="0.00" lane="left_0" pos="6.03" speed="26.60" angle="173.61" x="-3.70" y="50.67"/>
        <vehicle id="cfm-slow_1" eclass="HBEFA3/PC_G_EU4" CO2="10801.37" CO="165.02" HC="1.02" NOx="4.37" PMx="0.25" fuel="4.64" electricity="0.00" noise="74.40" route="routetop" type="cfm-slow" waiting="0.00" lane="left_0" pos="27.80" speed="27.87" angle="134.45" x="19.59" y="11.10"/>
        <vehicle id="cfm-slow_2" eclass="HBEFA3/PC_G_EU4" CO2="5759.37" CO="65.47" HC="0.45" NOx="1.97" PMx="0.12" fuel="2.48" electricity="0.00" noise="73.30" route="routebottom" type="cfm-slow" waiting="0.00" lane="bottom_0" pos="0.80" speed="28.59" angle="93.03" x="65.47" y="-4.91"/>
        <vehicle id="cfm-slow_3" eclass="HBEFA3/PC_G_EU4" CO2="0.00" CO="0.00" HC="0.00" NOx="0.00" PMx="0.00" fuel="0.00" electricity="0.00" noise="72.37" route="routebottom" type="cfm-slow" waiting="0.00" lane="bottom_0" pos="24.46" speed="28.56" angle="50.48" x="111.35" y="14.34"/>
        <vehicle id="cfm-slow_4" eclass="HBEFA3/PC_G_EU4" CO2="0.00" CO="0.00" HC="0.00" NOx="0.00" PMx="0.00" fuel="0.00" electricity="0.00" noise="71.62" route="routebottom" type="cfm-slow" waiting="0.00" lane="bottom_0" pos="48.03" speed="27.82" angle="8.12" x="132.13" y="59.34"/>
        <vehicle id="cfm-slow_5" eclass="HBEFA3/PC_G_EU4" CO2="0.00" CO="0.00" HC="0.00" NOx="0.00" PMx="0.00" fuel="0.00" electricity="0.00" noise="70.95" route="routebottom" type="cfm-slow" waiting="0.00" lane="right_0" pos="20.79" speed="26.61" angle="327.05" x="118.13" y="105.37"/>
    </timestep>
    <timestep time="8.05">
        <vehicle id="cfm-fast_0" eclass="HBEFA3/PC_G_EU4" CO2="0.00" CO="0.00" HC="0.00" NOx="0.00" PMx="0.00" fuel="0.00" electricity="0.00" noise="70.56" route="routebottom" type="cfm-fast" waiting="0.00" lane="right_0" pos="42.56" speed="25.36" angle="287.97" x="79.62" y="130.39"/>
        <vehicle id="cfm-fast_1" eclass="HBEFA3/PC_G_EU4" CO2="305409.77" CO="8612.39" HC="47.05" NOx="142.37" PMx="8.96" fuel="131.28" electricity="0.00" noise="143.72" route="routetop" type="cfm-fast" waiting="0.00" lane="top_1" pos="27.27" speed="96.95" angle="225.44" x="14.32" y="106.43"/>
        <vehicle id="cfm-fast_2" eclass="HBEFA3/PC_G_EU4" CO2="0.00" CO="0.00" HC="0.00" NOx="0.00" PMx="0.00" fuel="0.00" electricity="0.00" noise="71.02" route="routetop" type="cfm-fast" waiting="0.00" lane="top_0" pos="8.83" speed="24.52" angle="258.50" x="44.81" y="129.63"/>
        <vehicle id="cfm-fast_3" eclass="HBEFA3/PC_G_EU4" CO2="9075.89" CO="115.35" HC="0.75" NOx="3.63" PMx="0.19" fuel="3.90" electricity="0.00" noise="72.67" route="routetop" type="cfm-fast" waiting="0.00" lane="top_0" pos="24.31" speed="24.50" angle="230.76" x="16.22" y="113.22"/>
        <vehicle id="cfm-fast_4" eclass="HBEFA3/PC_G_EU4" CO2="12881.91" CO="196.32" HC="1.21" NOx="5.41" PMx="0.30" fuel="5.54" electricity="0.00" noise="74.49" route="routetop" type="cfm-fast" waiting="0.00" lane="top_0" pos="39.83" speed="25.33" angle="202.86" x="-1.46" y="85.26"/>
        <vehicle id="cfm-fast_5" eclass="HBEFA3/PC_G_EU4" CO2="194130.55" CO="6929.38" HC="36.67" NOx="89.80" PMx="6.30" fuel="83.45" electricity="0.00" noise="124.68" route="routebottom" type="cfm-fast" waiting="0.00" lane="bottom_1" pos="16.62" speed="106.01" angle="64.62" x="96.24" y="7.06"/>
        <vehicle id="cfm-slow_0" eclass="HBEFA3/PC_G_EU4" CO2="13697.41" CO="218.28" HC="1.34" NOx="5.76" PMx="0.32" fuel="5.89" electricity="0.00" noise="75.14" route="routetop" type="cfm-slow" waiting="0.00" lane="left_0" pos="6.30" speed="26.62" angle="173.15" x="-3.60" y="50.10"/>
        <vehicle id="cfm-slow_1" eclass="HBEFA3/PC_G_EU4" CO2="10753.11" CO="164.07" HC="1.02" NOx="4.35" PMx="0.25" fuel="4.62" electricity="0.00" noise="74.38" route="routetop" type="cfm-slow" waiting="0.00" lane="left_0" pos="28.07" speed="27.87" angle="133.93" x="20.05" y="10.71"/>
        <vehicle id="cfm-slow_2" eclass="HBEFA3/PC_G_EU4" CO2="5705.12" CO="64.35" HC="0.44" NOx="1.95" PMx="0.12" fuel="2.45" electricity="0.00" noise="73.29" route="routebottom" type="cfm-slow" waiting="0.00" lane="bottom_0" pos="1.08" speed="28.59" angle="92.51" x="66.09" y="-4.90"/>
        <vehicle id="cfm-slow_3" eclass="HBEFA3/PC_G_EU4" CO2="0.00" CO="0.00" HC="0.00" NOx="0.00" PMx="0.00" fuel="0.00" electricity="0.00" noise="72.37" route="routebottom" type="cfm-slow" waiting="0.00" lane="bottom_0" pos="24.75" speed="28.55" angle="49.95" x="111.79" y="14.78"/>
        <vehicle id="cfm-slow_4" eclass="HBEFA3/PC_G_EU4" CO2="0.00" CO="0.00" HC="0.00" NOx="0.00" PMx="0.00" fuel="0.00" electricity="0.00" noise="71.62" route="routebottom" type="cfm-slow" waiting="0.00" lane="bottom_0" pos="48.31" speed="27.81" angle="7.60" x="132.16" y="59.94"/>
        <vehicle id="cfm-slow_5" eclass="HBEFA3/PC_G_EU4" CO2="0.00" CO="0.00" HC="0.00" NOx="0.00" PMx="0.00" fuel="0.00" electricity="0.00" noise="70.95" route="routebottom" type="cfm-slow" waiting="0.00" lane="right_0" pos="21.06" speed="26.60" angle="326.57" x="117.78" y="105.82"/>
    </timestep>
    <timestep time="8.06">
        <vehicle id="cfm-fast_0" eclass="HBEFA3/PC_G_EU4" CO2="0.00" CO="0.00" HC="0.00" NOx="0.00" PMx="0.00" fuel="0.00" electricity="0.00" noise="70.56" route="routebottom" type="cfm-fast" waiting="0.00" lane="right_0" pos="42.81" speed="25.35" angle="287.51" x="79.09" y="130.51"/>
        <vehicle id="cfm-fast_1" eclass="HBEFA3/PC_G_EU4" CO2="304439.59" CO="8598.44" HC="46.96" NOx="141.91" PMx="8.93" fuel="130.86" electricity="0.00" noise="143.53" route="routetop" type="cfm-fast" waiting="0.00" lane="top_1" pos="28.24" speed="97.05" angle="223.66" x="13.03" y="104.91"/>
        <vehicle id="cfm-fast_2" eclass="HBEFA3/PC_G_EU4" CO2="0.00" CO="0.00" HC="0.00" NOx="0.00" PMx="0.00" fuel="0.00" electricity="0.00" noise="71.04" route="routetop" type="cfm-fast" waiting="0.00" lane="top_0" pos="9.08" speed="24.52" angle="258.11" x="44.30" y="129.48"/>
        <vehicle id="cfm-fast_3" eclass="HBEFA3/PC_G_EU4" CO2="9112.96" CO="116.13" HC="0.75" NOx="3.65" PMx="0.20" fuel="3.92" electricity="0.00" noise="72.68" route="routetop" type="cfm-fast" waiting="0.00" lane="top_0" pos="24.55" speed="24.51" angle="230.33" x="15.84" y="112.85"/>
        <vehicle id="cfm-fast_4" eclass="HBEFA3/PC_G_EU4" CO2="12889.62" CO="196.52" HC="1.22" NOx="5.41" PMx="0.30" fuel="5.54" electricity="0.00" noise="74.50" route="routetop" type="cfm-fast" waiting="0.00" lane="top_0" pos="40.09" speed="25.35" angle="202.39" x="-1.62" y="84.74"/>
        <vehicle id="cfm-fast_5" eclass="HBEFA3/PC_G_EU4" CO2="192237.49" CO="6893.36" HC="36.46" NOx="88.90" PMx="6.25" fuel="82.63" electricity="0.00" noise="124.38" route="routebottom" type="cfm-fast" waiting="0.00" lane="bottom_1" pos="17.68" speed="106.05" angle="62.63" x="98.10" y="8.18"/>
        <vehicle id="cfm-slow_0" eclass="HBEFA3/PC_G_EU4" CO2="13670.82" CO="217.79" HC="1.33" NOx="5.75" PMx="0.32" fuel="5.88" electricity="0.00" noise="75.13" route="routetop" type="cfm-slow" waiting="0.00" lane="left_0" pos="6.57" speed="26.63" angle="172.67" x="-3.48" y="49.54"/>
        <vehicle id="cfm-slow_1" eclass="HBEFA3/PC_G_EU4" CO2="10704.78" CO="163.11" HC="1.01" NOx="4.32" PMx="0.25" fuel="4.60" electricity="0.00" noise="74.37" route="routetop" type="cfm-slow" waiting="0.00" lane="left_0" pos="28.35" speed="27.88" angle="133.47" x="20.51" y="10.33"/>
        <vehicle id="cfm-slow_2" eclass="HBEFA3/PC_G_EU4" CO2="5650.99" CO="63.24" HC="0.43" NOx="1.92" PMx="0.12" fuel="2.43" electricity="0.00" noise="73.27" route="routebottom" type="cfm-slow" waiting="0.00" lane="bottom_0" pos="1.37" speed="28.59" angle="92.02" x="66.70" y="-4.87"/>
        <vehicle id="cfm-slow_3" eclass="HBEFA3/PC_G_EU4" CO2="0.00" CO="0.00" HC="0.00" NOx="0.00" PMx="0.00" fuel="0.00" electricity="0.00" noise="72.36" route="routebottom" type="cfm-slow" waiting="0.00" lane="bottom_0" pos="25.03" speed="28.55" angle="49.42" x="112.22" y="15.21"/>
        <vehicle id="cfm-slow_4" eclass="HBEFA3/PC_G_EU4" CO2="0.00" CO="0.00" HC="0.00" NOx="0.00" PMx="0.00" fuel="0.00" electricity="0.00" noise="71.61" route="routebottom" type="cfm-slow" waiting="0.00" lane="bottom_0" pos="48.59" speed="27.79" angle="7.07" x="132.20" y="60.54"/>
        <vehicle id="cfm-slow_5" eclass="HBEFA3/PC_G_EU4" CO2="0.00" CO="0.00" HC="0.00" NOx="0.00" PMx="0.00" fuel="0.00" electricity="0.00" noise="70.94" route="routebottom" type="cfm-slow" waiting="0.00" lane="right_0" pos="21.33" speed="26.59" angle="326.09" x="117.42" y="106.27"/>
    </timestep>
    <timestep time="8.07">
        <vehicle id="cfm-fast_0" eclass="HBEFA3/PC_G_EU4" CO2="0.00" CO="0.00" HC="0.00" NOx="0.00" PMx="0.00" fuel="0.00" electricity="0.00" noise="70.56" route="routebottom" type="cfm-fast" waiting="0.00" lane="right_0" pos="43.07" speed="25.34" angle="287.05" x="78.56" y="130.63"/>
        <vehicle id="cfm-fast_1" eclass="HBEFA3/PC_G_EU4" CO2="303460.27" CO="8584.28" HC="46.87" NOx="141.44" PMx="8.91" fuel="130.44" electricity="0.00" noise="143.34" route="routetop" type="cfm-fast" waiting="0.00" lane="top_1" pos="29.21" speed="97.14" angle="221.89" x="11.80" y="103.34"/>
        <vehicle id="cfm-fast_2" eclass="HBEFA3/PC_G_EU4" CO2="0.00" CO="0.00" HC="0.00" NOx="0.00" PMx="0.00" fuel="0.00" electricity="0.00" noise="71.05" route="routetop" type="cfm-fast" waiting="0.00" lane="top_0" pos="9.32" speed="24.52" angle="257.66" x="43.80" y="129.33"/>
        <vehicle id="cfm-fast_3" eclass="HBEFA3/PC_G_EU4" CO2="9149.78" CO="116.91" HC="0.76" NOx="3.66" PMx="0.20" fuel="3.93" electricity="0.00" noise="72.70" route="routetop" type="cfm-fast" waiting="0.00" lane="top_0" pos="24.80" speed="24.52" angle="229.88" x="15.47" y="112.48"/>
        <vehicle id="cfm-fast_4" eclass="HBEFA3/PC_G_EU4" CO2="12897.03" CO="196.72" HC="1.22" NOx="5.41" PMx="0.30" fuel="5.54" electricity="0.00" noise="74.51" route="routetop" type="cfm-fast" waiting="0.00" lane="top_0" pos="40.34" speed="25.36" angle="201.92" x="-1.78" y="84.22"/>
        <vehicle id="cfm-fast_5" eclass="HBEFA3/PC_G_EU4" CO2="190377.58" CO="6857.97" HC="36.26" NOx="88.02" PMx="6.21" fuel="81.84" electricity="0.00" noise="124.08" route="routebottom" type="cfm-fast" waiting="0.00" lane="bottom_1" pos="18.74" speed="106.09" angle="60.69" x="99.93" y="9.37"/>
        <vehicle id="cfm-slow_0" eclass="HBEFA3/PC_G_EU4" CO2="13644.01" CO="217.29" HC="1.33" NOx="5.74" PMx="0.32" fuel="5.86" electricity="0.00" noise="75.13" route="routetop" type="cfm-slow" waiting="0.00" lane="left_0" pos="6.83" speed="26.64" angle="172.16" x="-3.35" y="48.98"/>
        <vehicle id="cfm-slow_1" eclass="HBEFA3/PC_G_EU4" CO2="10656.37" CO="162.16" HC="1.01" NOx="4.30" PMx="0.25" fuel="4.58" electricity="0.00" noise="74.36" route="routetop" type="cfm-slow" waiting="0.00" lane="left_0" pos="28.63" speed="27.89" angle="132.96" x="20.98" y="9.96"/>
        <vehicle id="cfm-slow_2" eclass="HBEFA3/PC_G_EU4" CO2="5597.00" CO="62.13" HC="0.43" NOx="1.90" PMx="0.12" fuel="2.41" electricity="0.00" noise="73.26" route="routebottom" type="cfm-slow" waiting="0.00" lane="bottom_0" pos="1.65" speed="28.59" angle="91.50" x="67.32" y="-4.84"/>
        <vehicle id="cfm-slow_3" eclass="HBEFA3/PC_G_EU4" CO2="0.00" CO="0.00" HC="0.00" NOx="0.00" PMx="0.00" fuel="0.00" electricity="0.00" noise="72.35" route="routebottom" type="cfm-slow" waiting="0.00" lane="bottom_0" pos="25.32" speed="28.54" angle="48.89" x="112.66" y="15.65"/>
        <vehicle id="cfm-slow_4" eclass="HBEFA3/PC_G_EU4" CO2="0.00" CO="0.00" HC="0.00" NOx="0.00" PMx="0.00" fuel="0.00" electricity="0.00" noise="71.60" route="routebottom" type="cfm-slow" waiting="0.00" lane="bottom_0" pos="48.87" speed="27.78" angle="6.62" x="132.22" y="61.14"/>
        <vehicle id="cfm-slow_5" eclass="HBEFA3/PC_G_EU4" CO2="0.00" CO="0.00" HC="0.00" NOx="0.00" PMx="0.00" fuel="0.00" electricity="0.00" noise="70.94" route="routebottom" type="cfm-slow" waiting="0.00" lane="right_0" pos="21.59" speed="26.58" angle="325.60" x="117.07" y="106.72"/>
    </timestep>
    <timestep time="8.08">
        <vehicle id="cfm-fast_0" eclass="HBEFA3/PC_G_EU4" CO2="0.00" CO="0.00" HC="0.00" NOx="0.00" PMx="0.00" fuel="0.00" electricity="0.00" noise="70.57" route="routebottom" type="cfm-fast" waiting="0.00" lane="right_0" pos="43.32" speed="25.33" angle="286.59" x="78.02" y="130.75"/>
        <vehicle id="cfm-fast_1" eclass="HBEFA3/PC_G_EU4" CO2="302472.17" CO="8569.91" HC="46.78" NOx="140.98" PMx="8.89" fuel="130.02" electricity="0.00" noise="143.15" route="routetop" type="cfm-fast" waiting="0.00" lane="top_1" pos="30.18" speed="97.24" angle="220.12" x="10.62" y="101.74"/>
        <vehicle id="cfm-fast_2" eclass="HBEFA3/PC_G_EU4" CO2="0.00" CO="0.00" HC="0.00" NOx="0.00" PMx="0.00" fuel="0.00" electricity="0.00" noise="71.06" route="routetop" type="cfm-fast" waiting="0.00" lane="top_0" pos="9.57" speed="24.52" angle="257.22" x="43.29" y="129.17"/>
        <vehicle id="cfm-fast_3" eclass="HBEFA3/PC_G_EU4" CO2="9186.32" CO="117.69" HC="0.76" NOx="3.68" PMx="0.20" fuel="3.95" electricity="0.00" noise="72.72" route="routetop" type="cfm-fast" waiting="0.00" lane="top_0" pos="25.04" speed="24.53" angle="229.43" x="15.10" y="112.11"/>
        <vehicle id="cfm-fast_4" eclass="HBEFA3/PC_G_EU4" CO2="12904.14" CO="196.91" HC="1.22" NOx="5.42" PMx="0.30" fuel="5.55" electricity="0.00" noise="74.51" route="routetop" type="cfm-fast" waiting="0.00" lane="top_0" pos="40.59" speed="25.37" angle="201.44" x="-1.94" y="83.70"/>
        <vehicle id="cfm-fast_5" eclass="HBEFA3/PC_G_EU4" CO2="188550.28" CO="6823.21" HC="36.05" NOx="87.16" PMx="6.16" fuel="81.05" electricity="0.00" noise="123.80" route="routebottom" type="cfm-fast" waiting="0.00" lane="bottom_1" pos="19.80" speed="106.13" angle="58.78" x="101.72" y="10.61"/>
        <vehicle id="cfm-slow_0" eclass="HBEFA3/PC_G_EU4" CO2="13616.99" CO="216.80" HC="1.33" NOx="5.73" PMx="0.32" fuel="5.85" electricity="0.00" noise="75.12" route="routetop" type="cfm-slow" waiting="0.00" lane="left_0" pos="7.10" speed="26.65" angle="171.65" x="-3.22" y="48.42"/>
        <vehicle id="cfm-slow_1" eclass="HBEFA3/PC_G_EU4" CO2="10607.89" CO="161.20" HC="1.00" NOx="4.28" PMx="0.24" fuel="4.56" electricity="0.00" noise="74.34" route="routetop" type="cfm-slow" waiting="0.00" lane="left_0" pos="28.91" speed="27.90" angle="132.44" x="21.46" y="9.59"/>
        <vehicle id="cfm-slow_2" eclass="HBEFA3/PC_G_EU4" CO2="5543.14" CO="61.02" HC="0.42" NOx="1.87" PMx="0.11" fuel="2.38" electricity="0.00" noise="73.25" route="routebottom" type="cfm-slow" waiting="0.00" lane="bottom_0" pos="1.94" speed="28.59" angle="90.99" x="67.93" y="-4.80"/>
        <vehicle id="cfm-slow_3" eclass="HBEFA3/PC_G_EU4" CO2="0.00" CO="0.00" HC="0.00" NOx="0.00" PMx="0.00" fuel="0.00" electricity="0.00" noise="72.34" route="routebottom" type="cfm-slow" waiting="0.00" lane="bottom_0" pos="25.61" speed="28.53" angle="48.40" x="113.09" y="16.08"/>
        <vehicle id="cfm-slow_4" eclass="HBEFA3/PC_G_EU4" CO2="0.00" CO="0.00" HC="0.00" NOx="0.00" PMx="0.00" fuel="0.00" electricity="0.00" noise="71.60" route="routebottom" type="cfm-slow" waiting="0.00" lane="bottom_0" pos="49.15" speed="27.77" angle="6.10" x="132.24" y="61.73"/>
        <vehicle id="cfm-slow_5" eclass="HBEFA3/PC_G_EU4" CO2="0.00" CO="0.00" HC="0.00" NOx="0.00" PMx="0.00" fuel="0.00" electricity="0.00" noise="70.93" route="routebottom" type="cfm-slow" waiting="0.00" lane="right_0" pos="21.86" speed="26.56" angle="325.17" x="116.71" y="107.16"/>
    </timestep>
    <timestep time="8.09">
        <vehicle id="cfm-fast_0" eclass="HBEFA3/PC_G_EU4" CO2="0.00" CO="0.00" HC="0.00" NOx="0.00" PMx="0.00" fuel="0.00" electricity="0.00" noise="70.57" route="routebottom" type="cfm-fast" waiting="0.00" lane="right_0" pos="43.57" speed="25.32" angle="286.16" x="77.49" y="130.86"/>
        <vehicle id="cfm-fast_1" eclass="HBEFA3/PC_G_EU4" CO2="301475.62" CO="8555.34" HC="46.69" NOx="140.51" PMx="8.86" fuel="129.59" electricity="0.00" noise="142.96" route="routetop" type="cfm-fast" waiting="0.00" lane="top_1" pos="31.16" speed="97.33" angle="218.38" x="9.48" y="100.10"/>
        <vehicle id="cfm-fast_2" eclass="HBEFA3/PC_G_EU4" CO2="0.00" CO="0.00" HC="0.00" NOx="0.00" PMx="0.00" fuel="0.00" electricity="0.00" noise="71.07" route="routetop" type="cfm-fast" waiting="0.00" lane="top_0" pos="9.82" speed="24.52" angle="256.78" x="42.79" y="129.02"/>
        <vehicle id="cfm-fast_3" eclass="HBEFA3/PC_G_EU4" CO2="9222.60" CO="118.46" HC="0.77" NOx="3.70" PMx="0.20" fuel="3.96" electricity="0.00" noise="72.73" route="routetop" type="cfm-fast" waiting="0.00" lane="top_0" pos="25.29" speed="24.54" angle="228.98" x="14.72" y="111.73"/>
        <vehicle id="cfm-fast_4" eclass="HBEFA3/PC_G_EU4" CO2="12910.96" CO="197.10" HC="1.22" NOx="5.42" PMx="0.30" fuel="5.55" electricity="0.00" noise="74.52" route="routetop" type="cfm-fast" waiting="0.00" lane="top_0" pos="40.85" speed="25.38" angle="200.97" x="-2.11" y="83.18"/>
        <vehicle id="cfm-fast_5" eclass="HBEFA3/PC_G_EU4" CO2="186755.04" CO="6789.06" HC="35.85" NOx="86.31" PMx="6.11" fuel="80.28" electricity="0.00" noise="123.51" route="routebottom" type="cfm-fast" waiting="0.00" lane="bottom_1" pos="20.86" speed="106.17" angle="56.90" x="103.47" y="11.90"/>
        <vehicle id="cfm-slow_0" eclass="HBEFA3/PC_G_EU4" CO2="13589.77" CO="216.29" HC="1.32" NOx="5.71" PMx="0.32" fuel="5.84" electricity="0.00" noise="75.11" route="routetop" type="cfm-slow" waiting="0.00" lane="left_0" pos="7.37" speed="26.67" angle="171.14" x="-3.09" y="47.87"/>
        <vehicle id="cfm-slow_1" eclass="HBEFA3/PC_G_EU4" CO2="10559.34" CO="160.25" HC="1.00" NOx="4.25" PMx="0.24" fuel="4.54" electricity="0.00" noise="74.33" route="routetop" type="cfm-slow" waiting="0.00" lane="left_0" pos="29.19" speed="27.90" angle="131.92" x="21.93" y="9.22"/>
        <vehicle id="cfm-slow_2" eclass="HBEFA3/PC_G_EU4" CO2="5489.41" CO="59.92" HC="0.41" NOx="1.85" PMx="0.11" fuel="2.36" electricity="0.00" noise="73.24" route="routebottom" type="cfm-slow" waiting="0.00" lane="bottom_0" pos="2.23" speed="28.59" angle="90.48" x="68.54" y="-4.77"/>
        <vehicle id="cfm-slow_3" eclass="HBEFA3/PC_G_EU4" CO2="0.00" CO="0.00" HC="0.00" NOx="0.00" PMx="0.00" fuel="0.00" electricity="0.00" noise="72.33" route="routebottom" type="cfm-slow" waiting="0.00" lane="bottom_0" pos="25.89" speed="28.53" angle="47.90" x="113.51" y="16.53"/>
        <vehicle id="cfm-slow_4" eclass="HBEFA3/PC_G_EU4" CO2="0.00" CO="0.00" HC="0.00" NOx="0.00" PMx="0.00" fuel="0.00" electricity="0.00" noise="71.59" route="routebottom" type="cfm-slow" waiting="0.00" lane="bottom_0" pos="49.42" speed="27.76" angle="5.58" x="132.25" y="62.33"/>
        <vehicle id="cfm-slow_5" eclass="HBEFA3/PC_G_EU4" CO2="0.00" CO="0.00" HC="0.00" NOx="0.00" PMx="0.00" fuel="0.00" electricity="0.00" noise="70.93" route="routebottom" type="cfm-slow" waiting="0.00" lane="right_0" pos="22.12" speed="26.55" angle="324.66" x="116.34" y="107.60"/>
    </timestep>
    <timestep time="8.10">
        <vehicle id="cfm-fast_0" eclass="HBEFA3/PC_G_EU4" CO2="0.00" CO="0.00" HC="0.00" NOx="0.00" PMx="0.00" fuel="0.00" electricity="0.00" noise="70.57" route="routebottom" type="cfm-fast" waiting="0.00" lane="right_0" pos="43.83" speed="25.31" angle="285.70" x="76.96" y="130.97"/>
        <vehicle id="cfm-fast_1" eclass="HBEFA3/PC_G_EU4" CO2="300470.96" CO="8540.57" HC="46.60" NOx="140.03" PMx="8.84" fuel="129.16" electricity="0.00" noise="142.77" route="routetop" type="cfm-fast" waiting="0.00" lane="top_1" pos="32.13" speed="97.42" angle="216.70" x="8.38" y="98.44"/>
        <vehicle id="cfm-fast_2" eclass="HBEFA3/PC_G_EU4" CO2="0.00" CO="0.00" HC="0.00" NOx="0.00" PMx="0.00" fuel="0.00" electricity="0.00" noise="71.08" route="routetop" type="cfm-fast" waiting="0.00" lane="top_0" pos="10.06" speed="24.52" angle="256.33" x="42.29" y="128.86"/>
        <vehicle id="cfm-fast_3" eclass="HBEFA3/PC_G_EU4" CO2="9258.60" CO="119.22" HC="0.77" NOx="3.72" PMx="0.20" fuel="3.98" electricity="0.00" noise="72.75" route="routetop" type="cfm-fast" waiting="0.00" lane="top_0" pos="25.53" speed="24.54" angle="228.55" x="14.35" y="111.36"/>
        <vehicle id="cfm-fast_4" eclass="HBEFA3/PC_G_EU4" CO2="12917.48" CO="197.28" HC="1.22" NOx="5.42" PMx="0.30" fuel="5.55" electricity="0.00" noise="74.52" route="routetop" type="cfm-fast" waiting="0.00" lane="top_0" pos="41.10" speed="25.40" angle="200.56" x="-2.26" y="82.65"/>
        <vehicle id="cfm-fast_5" eclass="HBEFA3/PC_G_EU4" CO2="184991.32" CO="6755.51" HC="35.66" NOx="85.48" PMx="6.07" fuel="79.52" electricity="0.00" noise="123.24" route="routebottom" type="cfm-fast" waiting="0.00" lane="bottom_1" pos="21.93" speed="106.21" angle="55.02" x="105.17" y="13.25"/>
        <vehicle id="cfm-slow_0" eclass="HBEFA3/PC_G_EU4" CO2="13562.33" CO="215.79" HC="1.32" NOx="5.70" PMx="0.32" fuel="5.83" electricity="0.00" noise="75.10" route="routetop" type="cfm-slow" waiting="0.00" lane="left_0" pos="7.63" speed="26.68" angle="170.68" x="-2.97" y="47.31"/>
        <vehicle id="cfm-slow_1" eclass="HBEFA3/PC_G_EU4" CO2="10510.72" CO="159.29" HC="0.99" NOx="4.23" PMx="0.24" fuel="4.52" electricity="0.00" noise="74.32" route="routetop" type="cfm-slow" waiting="0.00" lane="left_0" pos="29.47" speed="27.91" angle="131.46" x="22.40" y="8.85"/>
        <vehicle id="cfm-slow_2" eclass="HBEFA3/PC_G_EU4" CO2="5435.82" CO="58.82" HC="0.41" NOx="1.82" PMx="0.11" fuel="2.34" electricity="0.00" noise="73.23" route="routebottom" type="cfm-slow" waiting="0.00" lane="bottom_0" pos="2.51" speed="28.59" angle="89.98" x="69.16" y="-4.73"/>
        <vehicle id="cfm-slow_3" eclass="HBEFA3/PC_G_EU4" CO2="0.00" CO="0.00" HC="0.00" NOx="0.00" PMx="0.00" fuel="0.00" electricity="0.00" noise="72.33" route="routebottom" type="cfm-slow" waiting="0.00" lane="bottom_0" pos="26.18" speed="28.52" angle="47.38" x="113.93" y="16.98"/>
        <vehicle id="cfm-slow_4" eclass="HBEFA3/PC_G_EU4" CO2="0.00" CO="0.00" HC="0.00" NOx="0.00" PMx="0.00" fuel="0.00" electricity="0.00" noise="71.58" route="routebottom" type="cfm-slow" waiting="0.00" lane="bottom_0" pos="49.70" speed="27.75" angle="5.06" x="132.26" y="62.93"/>
        <vehicle id="cfm-slow_5" eclass="HBEFA3/PC_G_EU4" CO2="0.00" CO="0.00" HC="0.00" NOx="0.00" PMx="0.00" fuel="0.00" electricity="0.00" noise="70.93" route="routebottom" type="cfm-slow" waiting="0.00" lane="right_0" pos="22.39" speed="26.54" angle="324.16" x="115.97" y="108.03"/>
    </timestep>
    <timestep time="8.11">
        <vehicle id="cfm-fast_0" eclass="HBEFA3/PC_G_EU4" CO2="0.00" CO="0.00" HC="0.00" NOx="0.00" PMx="0.00" fuel="0.00" electricity="0.00" noise="70.57" route="routebottom" type="cfm-fast" waiting="0.00" lane="right_0" pos="44.08" speed="25.31" angle="285.22" x="76.42" y="131.07"/>
        <vehicle id="cfm-fast_1" eclass="HBEFA3/PC_G_EU4" CO2="299458.52" CO="8525.62" HC="46.51" NOx="139.55" PMx="8.82" fuel="128.72" electricity="0.00" noise="142.58" route="routetop" type="cfm-fast" waiting="0.00" lane="top_1" pos="33.11" speed="97.52" angle="214.92" x="7.34" y="96.72"/>
        <vehicle id="cfm-fast_2" eclass="HBEFA3/PC_G_EU4" CO2="0.00" CO="0.00" HC="0.00" NOx="0.00" PMx="0.00" fuel="0.00" electricity="0.00" noise="71.10" route="routetop" type="cfm-fast" waiting="0.00" lane="top_0" pos="10.31" speed="24.52" angle="255.95" x="41.78" y="128.70"/>
        <vehicle id="cfm-fast_3" eclass="HBEFA3/PC_G_EU4" CO2="9294.35" CO="119.98" HC="0.78" NOx="3.73" PMx="0.20" fuel="4.00" electricity="0.00" noise="72.77" route="routetop" type="cfm-fast" waiting="0.00" lane="top_0" pos="25.78" speed="24.55" angle="228.14" x="13.98" y="110.98"/>
        <vehicle id="cfm-fast_4" eclass="HBEFA3/PC_G_EU4" CO2="12923.71" CO="197.45" HC="1.22" NOx="5.43" PMx="0.30" fuel="5.56" electricity="0.00" noise="74.53" route="routetop" type="cfm-fast" waiting="0.00" lane="top_0" pos="41.36" speed="25.41" angle="200.09" x="-2.40" y="82.13"/>
        <vehicle id="cfm-fast_5" eclass="HBEFA3/PC_G_EU4" CO2="183258.60" CO="6722.55" HC="35.46" NOx="84.66" PMx="6.02" fuel="78.77" electricity="0.00" noise="122.97" route="routebottom" type="cfm-fast" waiting="0.00" lane="bottom_1" pos="22.99" speed="106.25" angle="53.11" x="106.84" y="14.66"/>
        <vehicle id="cfm-slow_0" eclass="HBEFA3/PC_G_EU4" CO2="13534.68" CO="215.28" HC="1.32" NOx="5.69" PMx="0.32" fuel="5.82" electricity="0.00" noise="75.09" route="routetop" type="cfm-slow" waiting="0.00" lane="left_0" pos="7.90" speed="26.69" angle="170.20" x="-2.82" y="46.75"/>
        <vehicle id="cfm-slow_1" eclass="HBEFA3/PC_G_EU4" CO2="10462.03" CO="158.33" HC="0.98" NOx="4.21" PMx="0.24" fuel="4.50" electricity="0.00" noise="74.30" route="routetop" type="cfm-slow" waiting="0.00" lane="left_0" pos="29.75" speed="27.92" angle="130.96" x="22.89" y="8.49"/>
        <vehicle id="cfm-slow_2" eclass="HBEFA3/PC_G_EU4" CO2="5382.37" CO="57.72" HC="0.40" NOx="1.80" PMx="0.11" fuel="2.31" electricity="0.00" noise="73.22" route="routebottom" type="cfm-slow" waiting="0.00" lane="bottom_0" pos="2.80" speed="28.59" angle="89.48" x="69.77" y="-4.67"/>
        <vehicle id="cfm-slow_3" eclass="HBEFA3/PC_G_EU4" CO2="0.00" CO="0.00" HC="0.00" NOx="0.00" PMx="0.00" fuel="0.00" electricity="0.00" noise="72.32" route="routebottom" type="cfm-slow" waiting="0.00" lane="bottom_0" pos="26.46" speed="28.51" angle="46.86" x="114.34" y="17.43"/>
        <vehicle id="cfm-slow_4" eclass="HBEFA3/PC_G_EU4" CO2="0.00" CO="0.00" HC="0.00" NOx="0.00" PMx="0.00" fuel="0.00" electricity="0.00" noise="71.58" route="routebottom" type="cfm-slow" waiting="0.00" lane="bottom_0" pos="49.98" speed="27.74" angle="4.58" x="132.27" y="63.52"/>
        <vehicle id="cfm-slow_5" eclass="HBEFA3/PC_G_EU4" CO2="0.00" CO="0.00" HC="0.00" NOx="0.00" PMx="0.00" fuel="0.00" electricity="0.00" noise="70.92" route="routebottom" type="cfm-slow" waiting="0.00" lane="right_0" pos="22.65" speed="26.53" angle="323.66" x="115.61" y="108.47"/>
    </timestep>
    <timestep time="8.12">
        <vehicle id="cfm-fast_0" eclass="HBEFA3/PC_G_EU4" CO2="0.00" CO="0.00" HC="0.00" NOx="0.00" PMx="0.00" fuel="0.00" electricity="0.00" noise="70.57" route="routebottom" type="cfm-fast" waiting="0.00" lane="right_0" pos="44.33" speed="25.30" angle="284.74" x="75.89" y="131.16"/>
        <vehicle id="cfm-fast_1" eclass="HBEFA3/PC_G_EU4" CO2="298438.61" CO="8510.49" HC="46.42" NOx="139.07" PMx="8.79" fuel="128.28" electricity="0.00" noise="142.39" route="routetop" type="cfm-fast" waiting="0.00" lane="top_1" pos="34.08" speed="97.61" angle="213.19" x="6.36" y="94.98"/>
        <vehicle id="cfm-fast_2" eclass="HBEFA3/PC_G_EU4" CO2="0.00" CO="0.00" HC="0.00" NOx="0.00" PMx="0.00" fuel="0.00" electricity="0.00" noise="71.11" route="routetop" type="cfm-fast" waiting="0.00" lane="top_0" pos="10.55" speed="24.52" angle="255.48" x="41.29" y="128.52"/>
        <vehicle id="cfm-fast_3" eclass="HBEFA3/PC_G_EU4" CO2="9329.82" CO="120.73" HC="0.78" NOx="3.75" PMx="0.20" fuel="4.01" electricity="0.00" noise="72.78" route="routetop" type="cfm-fast" waiting="0.00" lane="top_0" pos="26.02" speed="24.56" angle="227.69" x="13.63" y="110.59"/>
        <vehicle id="cfm-fast_4" eclass="HBEFA3/PC_G_EU4" CO2="12929.64" CO="197.62" HC="1.22" NOx="5.43" PMx="0.30" fuel="5.56" electricity="0.00" noise="74.53" route="routetop" type="cfm-fast" waiting="0.00" lane="top_0" pos="41.61" speed="25.42" angle="199.62" x="-2.55" y="81.60"/>
        <vehicle id="cfm-fast_5" eclass="HBEFA3/PC_G_EU4" CO2="181556.36" CO="6690.17" HC="35.27" NOx="83.86" PMx="5.98" fuel="78.04" electricity="0.00" noise="122.70" route="routebottom" type="cfm-fast" waiting="0.00" lane="bottom_1" pos="24.05" speed="106.29" angle="51.24" x="108.44" y="16.13"/>
        <vehicle id="cfm-slow_0" eclass="HBEFA3/PC_G_EU4" CO2="13506.83" CO="214.76" HC="1.32" NOx="5.67" PMx="0.32" fuel="5.81" electricity="0.00" noise="75.08" route="routetop" type="cfm-slow" waiting="0.00" lane="left_0" pos="8.17" speed="26.71" angle="169.71" x="-2.67" y="46.19"/>
        <vehicle id="cfm-slow_1" eclass="HBEFA3/PC_G_EU4" CO2="10413.27" CO="157.36" HC="0.98" NOx="4.19" PMx="0.24" fuel="4.48" electricity="0.00" noise="74.29" route="routetop" type="cfm-slow" waiting="0.00" lane="left_0" pos="30.03" speed="27.93" angle="130.44" x="23.37" y="8.14"/>
        <vehicle id="cfm-slow_2" eclass="HBEFA3/PC_G_EU4" CO2="0.00" CO="0.00" HC="0.00" NOx="0.00" PMx="0.00" fuel="0.00" electricity="0.00" noise="73.21" route="routebottom" type="cfm-slow" waiting="0.00" lane="bottom_0" pos="3.08" speed="28.59" angle="88.96" x="70.38" y="-4.61"/>
        <vehicle id="cfm-slow_3" eclass="HBEFA3/PC_G_EU4" CO2="0.00" CO="0.00" HC="0.00" NOx="0.00" PMx="0.00" fuel="0.00" electricity="0.00" noise="72.31" route="routebottom" type="cfm-slow" waiting="0.00" lane="bottom_0" pos="26.75" speed="28.51" angle="46.34" x="114.76" y="17.88"/>
        <vehicle id="cfm-slow_4" eclass="HBEFA3/PC_G_EU4" CO2="0.00" CO="0.00" HC="0.00" NOx="0.00" PMx="0.00" fuel="0.00" electricity="0.00" noise="71.57" route="routebottom" type="cfm-slow" waiting="0.00" lane="right_0" pos="0.26" speed="27.73" angle="4.01" x="132.26" y="64.31"/>
        <vehicle id="cfm-slow_5" eclass="HBEFA3/PC_G_EU4" CO2="0.00" CO="0.00" HC="0.00" NOx="0.00" PMx="0.00" fuel="0.00" electricity="0.00" noise="70.92" route="routebottom" type="cfm-slow" waiting="0.00" lane="right_0" pos="22.92" speed="26.52" angle="323.15" x="115.24" y="108.91"/>
    </timestep>
    <timestep time="8.13">
        <vehicle id="cfm-fast_0" eclass="HBEFA3/PC_G_EU4" CO2="0.00" CO="0.00" HC="0.00" NOx="0.00" PMx="0.00" fuel="0.00" electricity="0.00" noise="70.58" route="routebottom" type="cfm-fast" waiting="0.00" lane="right_0" pos="44.59" speed="25.29" angle="284.25" x="75.35" y="131.26"/>
        <vehicle id="cfm-fast_1" eclass="HBEFA3/PC_G_EU4" CO2="297411.56" CO="8495.18" HC="46.32" NOx="138.59" PMx="8.77" fuel="127.84" electricity="0.00" noise="142.20" route="routetop" type="cfm-fast" waiting="0.00" lane="top_1" pos="35.06" speed="97.70" angle="211.47" x="5.43" y="93.21"/>
        <vehicle id="cfm-fast_2" eclass="HBEFA3/PC_G_EU4" CO2="4172.65" CO="14.43" HC="0.17" NOx="1.32" PMx="0.07" fuel="1.79" electricity="0.00" noise="71.12" route="routetop" type="cfm-fast" waiting="0.00" lane="top_0" pos="10.80" speed="24.52" angle="255.02" x="40.79" y="128.34"/>
        <vehicle id="cfm-fast_3" eclass="HBEFA3/PC_G_EU4" CO2="9365.02" CO="121.48" HC="0.79" NOx="3.77" PMx="0.20" fuel="4.03" electricity="0.00" noise="72.80" route="routetop" type="cfm-fast" waiting="0.00" lane="top_0" pos="26.27" speed="24.57" angle="227.23" x="13.27" y="110.20"/>
        <vehicle id="cfm-fast_4" eclass="HBEFA3/PC_G_EU4" CO2="12935.28" CO="197.78" HC="1.22" NOx="5.43" PMx="0.30" fuel="5.56" electricity="0.00" noise="74.54" route="routetop" type="cfm-fast" waiting="0.00" lane="top_0" pos="41.86" speed="25.44" angle="199.14" x="-2.69" y="81.07"/>
        <vehicle id="cfm-fast_5" eclass="HBEFA3/PC_G_EU4" CO2="179884.08" CO="6658.37" HC="35.09" NOx="83.07" PMx="5.94" fuel="77.32" electricity="0.00" noise="122.44" route="routebottom" type="cfm-fast" waiting="0.00" lane="bottom_1" pos="25.12" speed="106.32" angle="49.31" x="110.00" y="17.66"/>
        <vehicle id="cfm-slow_0" eclass="HBEFA3/PC_G_EU4" CO2="13478.77" CO="214.24" HC="1.31" NOx="5.66" PMx="0.32" fuel="5.79" electricity="0.00" noise="75.07" route="routetop" type="cfm-slow" waiting="0.00" lane="left_0" pos="8.43" speed="26.72" angle="169.23" x="-2.52" y="45.64"/>
        <vehicle id="cfm-slow_1" eclass="HBEFA3/PC_G_EU4" CO2="10364.45" CO="156.40" HC="0.97" NOx="4.16" PMx="0.24" fuel="4.46" electricity="0.00" noise="74.28" route="routetop" type="cfm-slow" waiting="0.00" lane="left_0" pos="30.31" speed="27.93" angle="129.93" x="23.86" y="7.79"/>
        <vehicle id="cfm-slow_2" eclass="HBEFA3/PC_G_EU4" CO2="0.00" CO="0.00" HC="0.00" NOx="0.00" PMx="0.00" fuel="0.00" electricity="0.00" noise="73.20" route="routebottom" type="cfm-slow" waiting="0.00" lane="bottom_0" pos="3.37" speed="28.59" angle="88.45" x="70.99" y="-4.55"/>
        <vehicle id="cfm-slow_3" eclass="HBEFA3/PC_G_EU4" CO2="0.00" CO="0.00" HC="0.00" NOx="0.00" PMx="0.00" fuel="0.00" electricity="0.00" noise="72.30" route="routebottom" type="cfm-slow" waiting="0.00" lane="bottom_0" pos="27.03" speed="28.50" angle="45.88" x="115.17" y="18.34"/>
        <vehicle id="cfm-slow_4" eclass="HBEFA3/PC_G_EU4" CO2="0.00" CO="0.00" HC="0.00" NOx="0.00" PMx="0.00" fuel="0.00" electricity="0.00" noise="71.56" route="routebottom" type="cfm-slow" waiting="0.00" lane="right_0" pos="0.53" speed="27.71" angle="3.50" x="132.25" y="64.91"/>
        <vehicle id="cfm-slow_5" eclass="HBEFA3/PC_G_EU4" CO2="0.00" CO="0.00" HC="0.00" NOx="0.00" PMx="0.00" fuel="0.00" electricity="0.00" noise="70.91" route="routebottom" type="cfm-slow" waiting="0.00" lane="right_0" pos="23.18" speed="26.50" angle="322.74" x="114.86" y="109.33"/>
    </timestep>
    <timestep time="8.14">
        <vehicle id="cfm-fast_0" eclass="HBEFA3/PC_G_EU4" CO2="0.00" CO="0.00" HC="0.00" NOx="0.00" PMx="0.00" fuel="0.00" electricity="0.00" noise="70.58" route="routebottom" type="cfm-fast" waiting="0.00" lane="right_0" pos="44.84" speed="25.28" angle="283.81" x="74.82" y="131.36"/>
        <vehicle id="cfm-fast_1" eclass="HBEFA3/PC_G_EU4" CO2="296377.67" CO="8479.70" HC="46.23" NOx="138.10" PMx="8.74" fuel="127.40" electricity="0.00" noise="142.00" route="routetop" type="cfm-fast" waiting="0.00" lane="top_1" pos="36.04" speed="97.79" angle="209.73" x="4.54" y="91.41"/>
        <vehicle id="cfm-fast_2" eclass="HBEFA3/PC_G_EU4" CO2="4222.60" CO="15.46" HC="0.17" NOx="1.34" PMx="0.07" fuel="1.82" electricity="0.00" noise="71.13" route="routetop" type="cfm-fast" waiting="0.00" lane="top_0" pos="11.04" speed="24.52" angle="254.55" x="40.30" y="128.16"/>
        <vehicle id="cfm-fast_3" eclass="HBEFA3/PC_G_EU4" CO2="9399.96" CO="122.22" HC="0.79" NOx="3.78" PMx="0.20" fuel="4.04" electricity="0.00" noise="72.82" route="routetop" type="cfm-fast" waiting="0.00" lane="top_0" pos="26.51" speed="24.58" angle="226.78" x="12.91" y="109.81"/>
        <vehicle id="cfm-fast_4" eclass="HBEFA3/PC_G_EU4" CO2="12940.62" CO="197.94" HC="1.22" NOx="5.43" PMx="0.30" fuel="5.56" electricity="0.00" noise="74.55" route="routetop" type="cfm-fast" waiting="0.00" lane="top_0" pos="42.12" speed="25.45" angle="198.67" x="-2.83" y="80.54"/>
        <vehicle id="cfm-fast_5" eclass="HBEFA3/PC_G_EU4" CO2="178241.27" CO="6627.13" HC="34.91" NOx="82.30" PMx="5.90" fuel="76.62" electricity="0.00" noise="122.18" route="routebottom" type="cfm-fast" waiting="0.00" lane="bottom_1" pos="26.18" speed="106.36" angle="47.40" x="111.51" y="19.23"/>
        <vehicle id="cfm-slow_0" eclass="HBEFA3/PC_G_EU4" CO2="13450.50" CO="213.72" HC="1.31" NOx="5.64" PMx="0.31" fuel="5.78" electricity="0.00" noise="75.07" route="routetop" type="cfm-slow" waiting="0.00" lane="left_0" pos="8.70" speed="26.73" angle="168.74" x="-2.37" y="45.08"/>
        <vehicle id="cfm-slow_1" eclass="HBEFA3/PC_G_EU4" CO2="10315.57" CO="155.43" HC="0.97" NOx="4.14" PMx="0.24" fuel="4.43" electricity="0.00" noise="74.26" route="routetop" type="cfm-slow" waiting="0.00" lane="left_0" pos="30.59" speed="27.94" angle="129.42" x="24.35" y="7.44"/>
        <vehicle id="cfm-slow_2" eclass="HBEFA3/PC_G_EU4" CO2="0.00" CO="0.00" HC="0.00" NOx="0.00" PMx="0.00" fuel="0.00" electricity="0.00" noise="73.18" route="routebottom" type="cfm-slow" waiting="0.00" lane="bottom_0" pos="3.66" speed="28.59" angle="87.94" x="71.61" y="-4.48"/>
        <vehicle id="cfm-slow_3" eclass="HBEFA3/PC_G_EU4" CO2="0.00" CO="0.00" HC="0.00" NOx="0.00" PMx="0.00" fuel="0.00" electricity="0.00" noise="72.29" route="routebottom" type="cfm-slow" waiting="0.00" lane="bottom_0" pos="27.32" speed="28.49" angle="45.35" x="115.56" y="18.81"/>
        <vehicle id="cfm-slow_4" eclass="HBEFA3/PC_G_EU4" CO2="0.00" CO="0.00" HC="0.00" NOx="0.00" PMx="0.00" fuel="0.00" electricity="0.00" noise="71.56" route="routebottom" type="cfm-slow" waiting="0.00" lane="right_0" pos="0.81" speed="27.70" angle="3.00" x="132.24" y="65.50"/>
        <vehicle id="cfm-slow_5" eclass="HBEFA3/PC_G_EU4" CO2="0.00" CO="0.00" HC="0.00" NOx="0.00" PMx="0.00" fuel="0.00" electricity="0.00" noise="70.91" route="routebottom" type="cfm-slow" waiting="0.00" lane="right_0" pos="23.45" speed="26.49" angle="322.27" x="114.47" y="109.75"/>
    </timestep>
    <timestep time="8.15">
        <vehicle id="cfm-fast_0" eclass="HBEFA3/PC_G_EU4" CO2="0.00" CO="0.00" HC="0.00" NOx="0.00" PMx="0.00" fuel="0.00" electricity="0.00" noise="70.58" route="routebottom" type="cfm-fast" waiting="0.00" lane="right_0" pos="45.09" speed="25.28" angle="283.39" x="74.28" y="131.44"/>
        <vehicle id="cfm-fast_1" eclass="HBEFA3/PC_G_EU4" CO2="295337.24" CO="8464.06" HC="46.13" NOx="137.61" PMx="8.72" fuel="126.95" electricity="0.00" noise="141.81" route="routetop" type="cfm-fast" waiting="0.00" lane="top_1" pos="37.02" speed="97.88" angle="207.88" x="3.72" y="89.58"/>
        <vehicle id="cfm-fast_2" eclass="HBEFA3/PC_G_EU4" CO2="4272.42" CO="16.48" HC="0.18" NOx="1.36" PMx="0.07" fuel="1.84" electricity="0.00" noise="71.15" route="routetop" type="cfm-fast" waiting="0.00" lane="top_0" pos="11.29" speed="24.52" angle="254.09" x="39.80" y="127.98"/>
        <vehicle id="cfm-fast_3" eclass="HBEFA3/PC_G_EU4" CO2="9434.63" CO="122.96" HC="0.79" NOx="3.80" PMx="0.20" fuel="4.06" electricity="0.00" noise="72.83" route="routetop" type="cfm-fast" waiting="0.00" lane="top_0" pos="26.76" speed="24.58" angle="226.32" x="12.55" y="109.42"/>
        <vehicle id="cfm-fast_4" eclass="HBEFA3/PC_G_EU4" CO2="12945.67" CO="198.09" HC="1.22" NOx="5.43" PMx="0.30" fuel="5.56" electricity="0.00" noise="74.55" route="routetop" type="cfm-fast" waiting="0.00" lane="top_0" pos="42.37" speed="25.46" angle="198.27" x="-2.97" y="80.01"/>
        <vehicle id="cfm-fast_5" eclass="HBEFA3/PC_G_EU4" CO2="176627.42" CO="6596.45" HC="34.73" NOx="81.53" PMx="5.85" fuel="75.92" electricity="0.00" noise="121.93" route="routebottom" type="cfm-fast" waiting="0.00" lane="bottom_1" pos="27.24" speed="106.40" angle="45.49" x="112.97" y="20.85"/>
        <vehicle id="cfm-slow_0" eclass="HBEFA3/PC_G_EU4" CO2="13422.04" CO="213.19" HC="1.31" NOx="5.63" PMx="0.31" fuel="5.77" electricity="0.00" noise="75.06" route="routetop" type="cfm-slow" waiting="0.00" lane="left_0" pos="8.97" speed="26.74" angle="168.30" x="-2.22" y="44.53"/>
        <vehicle id="cfm-slow_1" eclass="HBEFA3/PC_G_EU4" CO2="10266.62" CO="154.47" HC="0.96" NOx="4.12" PMx="0.24" fuel="4.41" electricity="0.00" noise="74.25" route="routetop" type="cfm-slow" waiting="0.00" lane="left_0" pos="30.87" speed="27.95" angle="128.97" x="24.84" y="7.09"/>
        <vehicle id="cfm-slow_2" eclass="HBEFA3/PC_G_EU4" CO2="0.00" CO="0.00" HC="0.00" NOx="0.00" PMx="0.00" fuel="0.00" electricity="0.00" noise="73.17" route="routebottom" type="cfm-slow" waiting="0.00" lane="bottom_0" pos="3.94" speed="28.59" angle="87.44" x="72.22" y="-4.41"/>
        <vehicle id="cfm-slow_3" eclass="HBEFA3/PC_G_EU4" CO2="0.00" CO="0.00" HC="0.00" NOx="0.00" PMx="0.00" fuel="0.00" electricity="0.00" noise="72.29" route="routebottom" type="cfm-slow" waiting="0.00" lane="bottom_0" pos="27.60" speed="28.48" angle="44.81" x="115.96" y="19.27"/>
        <vehicle id="cfm-slow_4" eclass="HBEFA3/PC_G_EU4" CO2="0.00" CO="0.00" HC="0.00" NOx="0.00" PMx="0.00" fuel="0.00" electricity="0.00" noise="71.55" route="routebottom" type="cfm-slow" waiting="0.00" lane="right_0" pos="1.09" speed="27.69" angle="2.50" x="132.23" y="66.10"/>
        <vehicle id="cfm-slow_5" eclass="HBEFA3/PC_G_EU4" CO2="0.00" CO="0.00" HC="0.00" NOx="0.00" PMx="0.00" fuel="0.00" electricity="0.00" noise="70.91" route="routebottom" type="cfm-slow" waiting="0.00" lane="right_0" pos="23.71" speed="26.48" angle="321.79" x="114.09" y="110.17"/>
    </timestep>
    <timestep time="8.16">
        <vehicle id="cfm-fast_0" eclass="HBEFA3/PC_G_EU4" CO2="0.00" CO="0.00" HC="0.00" NOx="0.00" PMx="0.00" fuel="0.00" electricity="0.00" noise="70.58" route="routebottom" type="cfm-fast" waiting="0.00" lane="right_0" pos="45.34" speed="25.27" angle="282.94" x="73.74" y="131.52"/>
        <vehicle id="cfm-fast_1" eclass="HBEFA3/PC_G_EU4" CO2="294290.58" CO="8448.27" HC="46.03" NOx="137.11" PMx="8.69" fuel="126.50" electricity="0.00" noise="141.61" route="routetop" type="cfm-fast" waiting="0.00" lane="top_1" pos="37.99" speed="97.97" angle="206.09" x="2.96" y="87.72"/>
        <vehicle id="cfm-fast_2" eclass="HBEFA3/PC_G_EU4" CO2="4322.09" CO="17.51" HC="0.19" NOx="1.39" PMx="0.07" fuel="1.86" electricity="0.00" noise="71.16" route="routetop" type="cfm-fast" waiting="0.00" lane="top_0" pos="11.53" speed="24.52" angle="253.69" x="39.30" y="127.80"/>
        <vehicle id="cfm-fast_3" eclass="HBEFA3/PC_G_EU4" CO2="9469.03" CO="123.69" HC="0.80" NOx="3.81" PMx="0.20" fuel="4.07" electricity="0.00" noise="72.85" route="routetop" type="cfm-fast" waiting="0.00" lane="top_0" pos="27.01" speed="24.59" angle="225.92" x="12.20" y="109.03"/>
        <vehicle id="cfm-fast_4" eclass="HBEFA3/PC_G_EU4" CO2="12950.43" CO="198.23" HC="1.23" NOx="5.44" PMx="0.30" fuel="5.57" electricity="0.00" noise="74.56" route="routetop" type="cfm-fast" waiting="0.00" lane="top_0" pos="42.63" speed="25.47" angle="197.81" x="-3.09" y="79.48"/>
        <vehicle id="cfm-fast_5" eclass="HBEFA3/PC_G_EU4" CO2="175042.04" CO="6566.30" HC="34.55" NOx="80.79" PMx="5.81" fuel="75.24" electricity="0.00" noise="121.68" route="routebottom" type="cfm-fast" waiting="0.00" lane="bottom_1" pos="28.31" speed="106.43" angle="43.53" x="114.38" y="22.52"/>
        <vehicle id="cfm-slow_0" eclass="HBEFA3/PC_G_EU4" CO2="13393.36" CO="212.66" HC="1.30" NOx="5.62" PMx="0.31" fuel="5.76" electricity="0.00" noise="75.05" route="routetop" type="cfm-slow" waiting="0.00" lane="left_0" pos="9.24" speed="26.75" angle="167.81" x="-2.05" y="43.98"/>
        <vehicle id="cfm-slow_1" eclass="HBEFA3/PC_G_EU4" CO2="10217.62" CO="153.50" HC="0.96" NOx="4.09" PMx="0.23" fuel="4.39" electricity="0.00" noise="74.24" route="routetop" type="cfm-slow" waiting="0.00" lane="left_0" pos="31.14" speed="27.96" angle="128.47" x="25.34" y="6.76"/>
        <vehicle id="cfm-slow_2" eclass="HBEFA3/PC_G_EU4" CO2="0.00" CO="0.00" HC="0.00" NOx="0.00" PMx="0.00" fuel="0.00" electricity="0.00" noise="73.16" route="routebottom" type="cfm-slow" waiting="0.00" lane="bottom_0" pos="4.23" speed="28.59" angle="86.92" x="72.83" y="-4.33"/>
        <vehicle id="cfm-slow_3" eclass="HBEFA3/PC_G_EU4" CO2="0.00" CO="0.00" HC="0.00" NOx="0.00" PMx="0.00" fuel="0.00" electricity="0.00" noise="72.28" route="routebottom" type="cfm-slow" waiting="0.00" lane="bottom_0" pos="27.89" speed="28.48" angle="44.28" x="116.36" y="19.74"/>
        <vehicle id="cfm-slow_4" eclass="HBEFA3/PC_G_EU4" CO2="0.00" CO="0.00" HC="0.00" NOx="0.00" PMx="0.00" fuel="0.00" electricity="0.00" noise="71.54" route="routebottom" type="cfm-slow" waiting="0.00" lane="right_0" pos="1.36" speed="27.68" angle="2.02" x="132.20" y="66.69"/>
        <vehicle id="cfm-slow_5" eclass="HBEFA3/PC_G_EU4" CO2="0.00" CO="0.00" HC="0.00" NOx="0.00" PMx="0.00" fuel="0.00" electricity="0.00" noise="70.90" route="routebottom" type="cfm-slow" waiting="0.00" lane="right_0" pos="23.98" speed="26.47" angle="321.31" x="113.70" y="110.59"/>
    </timestep>
    <timestep time="8.17">
        <vehicle id="cfm-fast_0" eclass="HBEFA3/PC_G_EU4" CO2="0.00" CO="0.00" HC="0.00" NOx="0.00" PMx="0.00" fuel="0.00" electricity="0.00" noise="70.59" route="routebottom" type="cfm-fast" waiting="0.00" lane="right_0" pos="45.60" speed="25.26" angle="282.48" x="73.20" y="131.60"/>
        <vehicle id="cfm-fast_1" eclass="HBEFA3/PC_G_EU4" CO2="293237.97" CO="8432.32" HC="45.93" NOx="136.61" PMx="8.67" fuel="126.05" electricity="0.00" noise="141.42" route="routetop" type="cfm-fast" waiting="0.00" lane="top_1" pos="38.98" speed="98.06" angle="204.33" x="2.25" y="85.84"/>
        <vehicle id="cfm-fast_2" eclass="HBEFA3/PC_G_EU4" CO2="4371.63" CO="18.53" HC="0.19" NOx="1.41" PMx="0.07" fuel="1.88" electricity="0.00" noise="71.17" route="routetop" type="cfm-fast" waiting="0.00" lane="top_0" pos="11.78" speed="24.52" angle="253.25" x="38.81" y="127.60"/>
        <vehicle id="cfm-fast_3" eclass="HBEFA3/PC_G_EU4" CO2="9503.16" CO="124.42" HC="0.80" NOx="3.83" PMx="0.21" fuel="4.08" electricity="0.00" noise="72.86" route="routetop" type="cfm-fast" waiting="0.00" lane="top_0" pos="27.25" speed="24.60" angle="225.46" x="11.86" y="108.63"/>
        <vehicle id="cfm-fast_4" eclass="HBEFA3/PC_G_EU4" CO2="12954.90" CO="198.37" HC="1.23" NOx="5.44" PMx="0.30" fuel="5.57" electricity="0.00" noise="74.56" route="routetop" type="cfm-fast" waiting="0.00" lane="top_0" pos="42.88" speed="25.49" angle="197.36" x="-3.21" y="78.94"/>
        <vehicle id="cfm-fast_5" eclass="HBEFA3/PC_G_EU4" CO2="173484.65" CO="6536.70" HC="34.38" NOx="80.05" PMx="5.77" fuel="74.57" electricity="0.00" noise="121.43" route="routebottom" type="cfm-fast" waiting="0.00" lane="bottom_1" pos="29.37" speed="106.47" angle="41.56" x="115.72" y="24.24"/>
        <vehicle id="cfm-slow_0" eclass="HBEFA3/PC_G_EU4" CO2="13364.49" CO="212.12" HC="1.30" NOx="5.60" PMx="0.31" fuel="5.74" electricity="0.00" noise="75.04" route="routetop" type="cfm-slow" waiting="0.00" lane="left_0" pos="9.50" speed="26.77" angle="167.31" x="-1.88" y="43.43"/>
        <vehicle id="cfm-slow_1" eclass="HBEFA3/PC_G_EU4" CO2="10168.56" CO="152.53" HC="0.95" NOx="4.07" PMx="0.23" fuel="4.37" electricity="0.00" noise="74.22" route="routetop" type="cfm-slow" waiting="0.00" lane="left_0" pos="31.42" speed="27.96" angle="127.96" x="25.84" y="6.43"/>
        <vehicle id="cfm-slow_2" eclass="HBEFA3/PC_G_EU4" CO2="0.00" CO="0.00" HC="0.00" NOx="0.00" PMx="0.00" fuel="0.00" electricity="0.00" noise="73.15" route="routebottom" type="cfm-slow" waiting="0.00" lane="bottom_0" pos="4.51" speed="28.59" angle="86.40" x="73.44" y="-4.24"/>
        <vehicle id="cfm-slow_3" eclass="HBEFA3/PC_G_EU4" CO2="0.00" CO="0.00" HC="0.00" NOx="0.00" PMx="0.00" fuel="0.00" electricity="0.00" noise="72.27" route="routebottom" type="cfm-slow" waiting="0.00" lane="bottom_0" pos="28.17" speed="28.47" angle="43.79" x="116.75" y="20.21"/>
        <vehicle id="cfm-slow_4" eclass="HBEFA3/PC_G_EU4" CO2="0.00" CO="0.00" HC="0.00" NOx="0.00" PMx="0.00" fuel="0.00" electricity="0.00" noise="71.54" route="routebottom" type="cfm-slow" waiting="0.00" lane="right_0" pos="1.64" speed="27.67" angle="1.53" x="132.17" y="67.29"/>
        <vehicle id="cfm-slow_5" eclass="HBEFA3/PC_G_EU4" CO2="0.00" CO="0.00" HC="0.00" NOx="0.00" PMx="0.00" fuel="0.00" electricity="0.00" noise="70.90" route="routebottom" type="cfm-slow" waiting="0.00" lane="right_0" pos="24.24" speed="26.46" angle="320.84" x="113.31" y="111.00"/>
    </timestep>
    <timestep time="8.18">
        <vehicle id="cfm-fast_0" eclass="HBEFA3/PC_G_EU4" CO2="0.00" CO="0.00" HC="0.00" NOx="0.00" PMx="0.00" fuel="0.00" electricity="0.00" noise="70.59" route="routebottom" type="cfm-fast" waiting="0.00" lane="right_0" pos="45.85" speed="25.25" angle="282.03" x="72.66" y="131.68"/>
        <vehicle id="cfm-fast_1" eclass="HBEFA3/PC_G_EU4" CO2="292179.71" CO="8416.23" HC="45.83" NOx="136.11" PMx="8.64" fuel="125.59" electricity="0.00" noise="141.22" route="routetop" type="cfm-fast" waiting="0.00" lane="top_1" pos="39.96" speed="98.15" angle="202.59" x="1.58" y="83.94"/>
        <vehicle id="cfm-fast_2" eclass="HBEFA3/PC_G_EU4" CO2="4421.02" CO="19.55" HC="0.20" NOx="1.43" PMx="0.07" fuel="1.90" electricity="0.00" noise="71.19" route="routetop" type="cfm-fast" waiting="0.00" lane="top_0" pos="12.02" speed="24.52" angle="252.80" x="38.32" y="127.41"/>
        <vehicle id="cfm-fast_3" eclass="HBEFA3/PC_G_EU4" CO2="9537.02" CO="125.14" HC="0.81" NOx="3.85" PMx="0.21" fuel="4.10" electricity="0.00" noise="72.88" route="routetop" type="cfm-fast" waiting="0.00" lane="top_0" pos="27.50" speed="24.61" angle="225.00" x="11.51" y="108.22"/>
        <vehicle id="cfm-fast_4" eclass="HBEFA3/PC_G_EU4" CO2="12959.07" CO="198.50" HC="1.23" NOx="5.44" PMx="0.30" fuel="5.57" electricity="0.00" noise="74.57" route="routetop" type="cfm-fast" waiting="0.00" lane="top_0" pos="43.14" speed="25.50" angle="196.90" x="-3.34" y="78.41"/>
        <vehicle id="cfm-fast_5" eclass="HBEFA3/PC_G_EU4" CO2="171954.78" CO="6507.62" HC="34.21" NOx="79.33" PMx="5.74" fuel="73.92" electricity="0.00" noise="121.20" route="routebottom" type="cfm-fast" waiting="0.00" lane="bottom_1" pos="30.44" speed="106.50" angle="39.70" x="117.01" y="26.00"/>
        <vehicle id="cfm-slow_0" eclass="HBEFA3/PC_G_EU4" CO2="13335.42" CO="211.58" HC="1.30" NOx="5.59" PMx="0.31" fuel="5.73" electricity="0.00" noise="75.03" route="routetop" type="cfm-slow" waiting="0.00" lane="left_0" pos="9.77" speed="26.78" angle="166.81" x="-1.71" y="42.88"/>
        <vehicle id="cfm-slow_1" eclass="HBEFA3/PC_G_EU4" CO2="10119.45" CO="151.55" HC="0.94" NOx="4.05" PMx="0.23" fuel="4.35" electricity="0.00" noise="74.21" route="routetop" type="cfm-slow" waiting="0.00" lane="left_0" pos="31.70" speed="27.97" angle="127.46" x="26.34" y="6.09"/>
        <vehicle id="cfm-slow_2" eclass="HBEFA3/PC_G_EU4" CO2="0.00" CO="0.00" HC="0.00" NOx="0.00" PMx="0.00" fuel="0.00" electricity="0.00" noise="73.14" route="routebottom" type="cfm-slow" waiting="0.00" lane="bottom_0" pos="4.80" speed="28.59" angle="85.89" x="74.05" y="-4.16"/>
        <vehicle id="cfm-slow_3" eclass="HBEFA3/PC_G_EU4" CO2="0.00" CO="0.00" HC="0.00" NOx="0.00" PMx="0.00" fuel="0.00" electricity="0.00" noise="72.26" route="routebottom" type="cfm-slow" waiting="0.00" lane="bottom_0" pos="28.46" speed="28.46" angle="43.28" x="117.13" y="20.69"/>
        <vehicle id="cfm-slow_4" eclass="HBEFA3/PC_G_EU4" CO2="0.00" CO="0.00" HC="0.00" NOx="0.00" PMx="0.00" fuel="0.00" electricity="0.00" noise="71.53" route="routebottom" type="cfm-slow" waiting="0.00" lane="right_0" pos="1.92" speed="27.66" angle="1.03" x="132.14" y="67.88"/>
        <vehicle id="cfm-slow_5" eclass="HBEFA3/PC_G_EU4" CO2="0.00" CO="0.00" HC="0.00" NOx="0.00" PMx="0.00" fuel="0.00" electricity="0.00" noise="70.89" route="routebottom" type="cfm-slow" waiting="0.00" lane="right_0" pos="24.51" speed="26.44" angle="320.40" x="112.92" y="111.41"/>
    </timestep>
    <timestep time="8.19">
        <vehicle id="cfm-fast_0" eclass="HBEFA3/PC_G_EU4" CO2="0.00" CO="0.00" HC="0.00" NOx="0.00" PMx="0.00" fuel="0.00" electricity="0.00" noise="70.59" route="routebottom" type="cfm-fast" waiting="0.00" lane="right_0" pos="46.10" speed="25.25" angle="281.59" x="72.13" y="131.75"/>
        <vehicle id="cfm-fast_1" eclass="HBEFA3/PC_G_EU4" CO2="291116.07" CO="8400.00" HC="45.73" NOx="135.61" PMx="8.62" fuel="125.14" electricity="0.00" noise="141.03" route="routetop" type="cfm-fast" waiting="0.00" lane="top_1" pos="40.94" speed="98.24" angle="200.77" x="0.99" y="82.02"/>
        <vehicle id="cfm-fast_2" eclass="HBEFA3/PC_G_EU4" CO2="4470.28" CO="20.56" HC="0.20" NOx="1.46" PMx="0.07" fuel="1.92" electricity="0.00" noise="71.20" route="routetop" type="cfm-fast" waiting="0.00" lane="top_0" pos="12.27" speed="24.52" angle="252.36" x="37.83" y="127.21"/>
        <vehicle id="cfm-fast_3" eclass="HBEFA3/PC_G_EU4" CO2="9570.61" CO="125.86" HC="0.81" NOx="3.86" PMx="0.21" fuel="4.11" electricity="0.00" noise="72.90" route="routetop" type="cfm-fast" waiting="0.00" lane="top_0" pos="27.74" speed="24.62" angle="224.54" x="11.17" y="107.82"/>
        <vehicle id="cfm-fast_4" eclass="HBEFA3/PC_G_EU4" CO2="12962.95" CO="198.63" HC="1.23" NOx="5.44" PMx="0.30" fuel="5.57" electricity="0.00" noise="74.57" route="routetop" type="cfm-fast" waiting="0.00" lane="top_0" pos="43.39" speed="25.51" angle="196.45" x="-3.46" y="77.87"/>
        <vehicle id="cfm-fast_5" eclass="HBEFA3/PC_G_EU4" CO2="170451.95" CO="6479.06" HC="34.04" NOx="78.62" PMx="5.70" fuel="73.27" electricity="0.00" noise="120.96" route="routebottom" type="cfm-fast" waiting="0.00" lane="bottom_1" pos="31.50" speed="106.53" angle="37.82" x="118.24" y="27.81"/>
        <vehicle id="cfm-slow_0" eclass="HBEFA3/PC_G_EU4" CO2="13306.15" CO="211.04" HC="1.29" NOx="5.58" PMx="0.31" fuel="5.72" electricity="0.00" noise="75.02" route="routetop" type="cfm-slow" waiting="0.00" lane="left_0" pos="10.04" speed="26.79" angle="166.32" x="-1.54" y="42.33"/>
        <vehicle id="cfm-slow_1" eclass="HBEFA3/PC_G_EU4" CO2="10070.28" CO="150.58" HC="0.94" NOx="4.02" PMx="0.23" fuel="4.33" electricity="0.00" noise="74.20" route="routetop" type="cfm-slow" waiting="0.00" lane="left_0" pos="31.98" speed="27.98" angle="126.98" x="26.85" y="5.76"/>
        <vehicle id="cfm-slow_2" eclass="HBEFA3/PC_G_EU4" CO2="0.00" CO="0.00" HC="0.00" NOx="0.00" PMx="0.00" fuel="0.00" electricity="0.00" noise="73.13" route="routebottom" type="cfm-slow" waiting="0.00" lane="bottom_0" pos="5.08" speed="28.59" angle="85.33" x="74.65" y="-4.07"/>
        <vehicle id="cfm-slow_3" eclass="HBEFA3/PC_G_EU4" CO2="0.00" CO="0.00" HC="0.00" NOx="0.00" PMx="0.00" fuel="0.00" electricity="0.00" noise="72.26" route="routebottom" type="cfm-slow" waiting="0.00" lane="bottom_0" pos="28.74" speed="28.46" angle="42.75" x="117.51" y="21.17"/>
        <vehicle id="cfm-slow_4" eclass="HBEFA3/PC_G_EU4" CO2="0.00" CO="0.00" HC="0.00" NOx="0.00" PMx="0.00" fuel="0.00" electricity="0.00" noise="71.53" route="routebottom" type="cfm-slow" waiting="0.00" lane="right_0" pos="2.19" speed="27.64" angle="0.54" x="132.10" y="68.47"/>
        <vehicle id="cfm-slow_5" eclass="HBEFA3/PC_G_EU4" CO2="0.00" CO="0.00" HC="0.00" NOx="0.00" PMx="0.00" fuel="0.00" electricity="0.00" noise="70.89" route="routebottom" type="cfm-slow" waiting="0.00" lane="right_0" pos="24.77" speed="26.43" angle="319.91" x="112.51" y="111.82"/>
    </timestep>
    <timestep time="8.20">
        <vehicle id="cfm-fast_0" eclass="HBEFA3/PC_G_EU4" CO2="0.00" CO="0.00" HC="0.00" NOx="0.00" PMx="0.00" fuel="0.00" electricity="0.00" noise="70.59" route="routebottom" type="cfm-fast" waiting="0.00" lane="right_0" pos="46.35" speed="25.24" angle="281.17" x="71.59" y="131.81"/>
        <vehicle id="cfm-fast_1" eclass="HBEFA3/PC_G_EU4" CO2="290047.33" CO="8383.64" HC="45.63" NOx="135.11" PMx="8.59" fuel="124.68" electricity="0.00" noise="140.83" route="routetop" type="cfm-fast" waiting="0.00" lane="top_1" pos="41.92" speed="98.32" angle="199.01" x="0.46" y="80.07"/>
        <vehicle id="cfm-fast_2" eclass="HBEFA3/PC_G_EU4" CO2="4519.39" CO="21.58" HC="0.21" NOx="1.48" PMx="0.08" fuel="1.94" electricity="0.00" noise="71.21" route="routetop" type="cfm-fast" waiting="0.00" lane="top_0" pos="12.51" speed="24.52" angle="251.91" x="37.34" y="127.02"/>
        <vehicle id="cfm-fast_3" eclass="HBEFA3/PC_G_EU4" CO2="9603.93" CO="126.57" HC="0.81" NOx="3.88" PMx="0.21" fuel="4.13" electricity="0.00" noise="72.91" route="routetop" type="cfm-fast" waiting="0.00" lane="top_0" pos="27.99" speed="24.63" angle="224.08" x="10.82" y="107.42"/>
        <vehicle id="cfm-fast_4" eclass="HBEFA3/PC_G_EU4" CO2="12966.55" CO="198.75" HC="1.23" NOx="5.44" PMx="0.30" fuel="5.57" electricity="0.00" noise="74.58" route="routetop" type="cfm-fast" waiting="0.00" lane="top_0" pos="43.65" speed="25.53" angle="196.05" x="-3.58" y="77.33"/>
        <vehicle id="cfm-fast_5" eclass="HBEFA3/PC_G_EU4" CO2="168975.71" CO="6451.00" HC="33.87" NOx="77.92" PMx="5.66" fuel="72.64" electricity="0.00" noise="120.73" route="routebottom" type="cfm-fast" waiting="0.00" lane="bottom_1" pos="32.57" speed="106.57" angle="35.91" x="119.41" y="29.65"/>
        <vehicle id="cfm-slow_0" eclass="HBEFA3/PC_G_EU4" CO2="13276.68" CO="210.49" HC="1.29" NOx="5.56" PMx="0.31" fuel="5.71" electricity="0.00" noise="75.01" route="routetop" type="cfm-slow" waiting="0.00" lane="left_0" pos="10.31" speed="26.80" angle="165.89" x="-1.37" y="41.78"/>
        <vehicle id="cfm-slow_1" eclass="HBEFA3/PC_G_EU4" CO2="10021.07" CO="149.61" HC="0.93" NOx="4.00" PMx="0.23" fuel="4.31" electricity="0.00" noise="74.18" route="routetop" type="cfm-slow" waiting="0.00" lane="left_0" pos="32.26" speed="27.98" angle="126.50" x="27.36" y="5.44"/>
        <vehicle id="cfm-slow_2" eclass="HBEFA3/PC_G_EU4" CO2="0.00" CO="0.00" HC="0.00" NOx="0.00" PMx="0.00" fuel="0.00" electricity="0.00" noise="73.12" route="routebottom" type="cfm-slow" waiting="0.00" lane="bottom_0" pos="5.37" speed="28.59" angle="84.81" x="75.26" y="-3.96"/>
        <vehicle id="cfm-slow_3" eclass="HBEFA3/PC_G_EU4" CO2="0.00" CO="0.00" HC="0.00" NOx="0.00" PMx="0.00" fuel="0.00" electricity="0.00" noise="72.25" route="routebottom" type="cfm-slow" waiting="0.00" lane="bottom_0" pos="29.02" speed="28.45" angle="42.22" x="117.89" y="21.65"/>
        <vehicle id="cfm-slow_4" eclass="HBEFA3/PC_G_EU4" CO2="0.00" CO="0.00" HC="0.00" NOx="0.00" PMx="0.00" fuel="0.00" electricity="0.00" noise="71.52" route="routebottom" type="cfm-slow" waiting="0.00" lane="right_0" pos="2.47" speed="27.63" angle="0.04" x="132.07" y="69.07"/>
        <vehicle id="cfm-slow_5" eclass="HBEFA3/PC_G_EU4" CO2="0.00" CO="0.00" HC="0.00" NOx="0.00" PMx="0.00" fuel="0.00" electricity="0.00" noise="70.89" route="routebottom" type="cfm-slow" waiting="0.00" lane="right_0" pos="25.03" speed="26.42" angle="319.42" x="112.11" y="112.22"/>
    </timestep>
    <timestep time="8.21">
        <vehicle id="cfm-fast_0" eclass="HBEFA3/PC_G_EU4" CO2="0.00" CO="0.00" HC="0.00" NOx="0.00" PMx="0.00" fuel="0.00" electricity="0.00" noise="70.60" route="routebottom" type="cfm-fast" waiting="0.00" lane="right_0" pos="46.61" speed="25.23" angle="280.71" x="71.05" y="131.87"/>
        <vehicle id="cfm-fast_1" eclass="HBEFA3/PC_G_EU4" CO2="288973.76" CO="8367.15" HC="45.53" NOx="134.60" PMx="8.57" fuel="124.22" electricity="0.00" noise="140.63" route="routetop" type="cfm-fast" waiting="0.00" lane="top_1" pos="42.91" speed="98.41" angle="197.28" x="-0.02" y="78.11"/>
        <vehicle id="cfm-fast_2" eclass="HBEFA3/PC_G_EU4" CO2="4568.35" CO="22.59" HC="0.22" NOx="1.50" PMx="0.08" fuel="1.96" electricity="0.00" noise="71.22" route="routetop" type="cfm-fast" waiting="0.00" lane="top_0" pos="12.76" speed="24.52" angle="251.51" x="36.86" y="126.82"/>
        <vehicle id="cfm-fast_3" eclass="HBEFA3/PC_G_EU4" CO2="9636.98" CO="127.27" HC="0.82" NOx="3.89" PMx="0.21" fuel="4.14" electricity="0.00" noise="72.93" route="routetop" type="cfm-fast" waiting="0.00" lane="top_0" pos="28.24" speed="24.63" angle="223.69" x="10.48" y="107.01"/>
        <vehicle id="cfm-fast_4" eclass="HBEFA3/PC_G_EU4" CO2="12969.85" CO="198.86" HC="1.23" NOx="5.44" PMx="0.30" fuel="5.58" electricity="0.00" noise="74.58" route="routetop" type="cfm-fast" waiting="0.00" lane="top_0" pos="43.90" speed="25.54" angle="195.57" x="-3.68" y="76.79"/>
        <vehicle id="cfm-fast_5" eclass="HBEFA3/PC_G_EU4" CO2="167525.61" CO="6423.45" HC="33.71" NOx="77.24" PMx="5.62" fuel="72.01" electricity="0.00" noise="120.50" route="routebottom" type="cfm-fast" waiting="0.00" lane="bottom_1" pos="33.63" speed="106.60" angle="33.99" x="120.51" y="31.54"/>
        <vehicle id="cfm-slow_0" eclass="HBEFA3/PC_G_EU4" CO2="13247.02" CO="209.93" HC="1.29" NOx="5.55" PMx="0.31" fuel="5.69" electricity="0.00" noise="75.00" route="routetop" type="cfm-slow" waiting="0.00" lane="left_0" pos="10.58" speed="26.82" angle="165.39" x="-1.17" y="41.24"/>
        <vehicle id="cfm-slow_1" eclass="HBEFA3/PC_G_EU4" CO2="9971.80" CO="148.63" HC="0.93" NOx="3.98" PMx="0.23" fuel="4.29" electricity="0.00" noise="74.17" route="routetop" type="cfm-slow" waiting="0.00" lane="left_0" pos="32.54" speed="27.99" angle="125.98" x="27.87" y="5.13"/>
        <vehicle id="cfm-slow_2" eclass="HBEFA3/PC_G_EU4" CO2="0.00" CO="0.00" HC="0.00" NOx="0.00" PMx="0.00" fuel="0.00" electricity="0.00" noise="73.11" route="routebottom" type="cfm-slow" waiting="0.00" lane="bottom_0" pos="5.66" speed="28.59" angle="84.29" x="75.86" y="-3.85"/>
        <vehicle id="cfm-slow_3" eclass="HBEFA3/PC_G_EU4" CO2="0.00" CO="0.00" HC="0.00" NOx="0.00" PMx="0.00" fuel="0.00" electricity="0.00" noise="72.24" route="routebottom" type="cfm-slow" waiting="0.00" lane="bottom_0" pos="29.31" speed="28.44" angle="41.70" x="118.26" y="22.14"/>
        <vehicle id="cfm-slow_4" eclass="HBEFA3/PC_G_EU4" CO2="0.00" CO="0.00" HC="0.00" NOx="0.00" PMx="0.00" fuel="0.00" electricity="0.00" noise="71.51" route="routebottom" type="cfm-slow" waiting="0.00" lane="right_0" pos="2.75" speed="27.62" angle="359.57" x="132.01" y="69.66"/>
        <vehicle id="cfm-slow_5" eclass="HBEFA3/PC_G_EU4" CO2="0.00" CO="0.00" HC="0.00" NOx="0.00" PMx="0.00" fuel="0.00" electricity="0.00" noise="70.88" route="routebottom" type="cfm-slow" waiting="0.00" lane="right_0" pos="25.30" speed="26.41" angle="318.93" x="111.71" y="112.62"/>
    </timestep>
    <timestep time="8.22">
        <vehicle id="cfm-fast_0" eclass="HBEFA3/PC_G_EU4" CO2="0.00" CO="0.00" HC="0.00" NOx="0.00" PMx="0.00" fuel="0.00" electricity="0.00" noise="70.60" route="routebottom" type="cfm-fast" waiting="0.00" lane="right_0" pos="46.86" speed="25.22" angle="280.24" x="70.51" y="131.92"/>
        <vehicle id="cfm-fast_1" eclass="HBEFA3/PC_G_EU4" CO2="287895.62" CO="8350.54" HC="45.43" NOx="134.09" PMx="8.54" fuel="123.75" electricity="0.00" noise="140.43" route="routetop" type="cfm-fast" waiting="0.00" lane="top_1" pos="43.89" speed="98.50" angle="195.54" x="-0.44" y="76.14"/>
        <vehicle id="cfm-fast_2" eclass="HBEFA3/PC_G_EU4" CO2="4617.17" CO="23.59" HC="0.22" NOx="1.53" PMx="0.08" fuel="1.98" electricity="0.00" noise="71.24" route="routetop" type="cfm-fast" waiting="0.00" lane="top_0" pos="13.00" speed="24.52" angle="251.08" x="36.37" y="126.61"/>
        <vehicle id="cfm-fast_3" eclass="HBEFA3/PC_G_EU4" CO2="9669.76" CO="127.97" HC="0.82" NOx="3.91" PMx="0.21" fuel="4.16" electricity="0.00" noise="72.94" route="routetop" type="cfm-fast" waiting="0.00" lane="top_0" pos="28.48" speed="24.64" angle="223.24" x="10.15" y="106.60"/>
        <vehicle id="cfm-fast_4" eclass="HBEFA3/PC_G_EU4" CO2="12972.86" CO="198.97" HC="1.23" NOx="5.45" PMx="0.30" fuel="5.58" electricity="0.00" noise="74.58" route="routetop" type="cfm-fast" waiting="0.00" lane="top_0" pos="44.16" speed="25.55" angle="195.09" x="-3.78" y="76.25"/>
        <vehicle id="cfm-fast_5" eclass="HBEFA3/PC_G_EU4" CO2="166101.18" CO="6396.38" HC="33.55" NOx="76.57" PMx="5.59" fuel="71.40" electricity="0.00" noise="120.28" route="routebottom" type="cfm-fast" waiting="0.00" lane="bottom_1" pos="34.70" speed="106.63" angle="32.11" x="121.57" y="33.45"/>
        <vehicle id="cfm-slow_0" eclass="HBEFA3/PC_G_EU4" CO2="13217.15" CO="209.37" HC="1.28" NOx="5.53" PMx="0.31" fuel="5.68" electricity="0.00" noise="74.99" route="routetop" type="cfm-slow" waiting="0.00" lane="left_0" pos="10.84" speed="26.83" angle="164.90" x="-0.98" y="40.69"/>
        <vehicle id="cfm-slow_1" eclass="HBEFA3/PC_G_EU4" CO2="9922.49" CO="147.65" HC="0.92" NOx="3.95" PMx="0.23" fuel="4.27" electricity="0.00" noise="74.16" route="routetop" type="cfm-slow" waiting="0.00" lane="left_0" pos="32.82" speed="28.00" angle="125.46" x="28.39" y="4.82"/>
        <vehicle id="cfm-slow_2" eclass="HBEFA3/PC_G_EU4" CO2="0.00" CO="0.00" HC="0.00" NOx="0.00" PMx="0.00" fuel="0.00" electricity="0.00" noise="73.10" route="routebottom" type="cfm-slow" waiting="0.00" lane="bottom_0" pos="5.94" speed="28.58" angle="83.77" x="76.47" y="-3.74"/>
        <vehicle id="cfm-slow_3" eclass="HBEFA3/PC_G_EU4" CO2="0.00" CO="0.00" HC="0.00" NOx="0.00" PMx="0.00" fuel="0.00" electricity="0.00" noise="72.23" route="routebottom" type="cfm-slow" waiting="0.00" lane="bottom_0" pos="29.59" speed="28.43" angle="41.24" x="118.63" y="22.62"/>
        <vehicle id="cfm-slow_4" eclass="HBEFA3/PC_G_EU4" CO2="0.00" CO="0.00" HC="0.00" NOx="0.00" PMx="0.00" fuel="0.00" electricity="0.00" noise="71.51" route="routebottom" type="cfm-slow" waiting="0.00" lane="right_0" pos="3.02" speed="27.61" angle="359.07" x="131.95" y="70.25"/>
        <vehicle id="cfm-slow_5" eclass="HBEFA3/PC_G_EU4" CO2="0.00" CO="0.00" HC="0.00" NOx="0.00" PMx="0.00" fuel="0.00" electricity="0.00" noise="70.88" route="routebottom" type="cfm-slow" waiting="0.00" lane="right_0" pos="25.56" speed="26.40" angle="318.47" x="111.31" y="113.02"/>
    </timestep>
    <timestep time="8.23">
        <vehicle id="cfm-fast_0" eclass="HBEFA3/PC_G_EU4" CO2="0.00" CO="0.00" HC="0.00" NOx="0.00" PMx="0.00" fuel="0.00" electricity="0.00" noise="70.60" route="routebottom" type="cfm-fast" waiting="0.00" lane="right_0" pos="47.11" speed="25.22" angle="279.78" x="69.97" y="131.98"/>
        <vehicle id="cfm-fast_1" eclass="HBEFA3/PC_G_EU4" CO2="286813.18" CO="8333.80" HC="45.33" NOx="133.58" PMx="8.51" fuel="123.29" electricity="0.00" noise="140.24" route="routetop" type="cfm-fast" waiting="0.00" lane="top_1" pos="44.88" speed="98.58" angle="193.78" x="-0.81" y="74.15"/>
        <vehicle id="cfm-fast_2" eclass="HBEFA3/PC_G_EU4" CO2="4665.85" CO="24.60" HC="0.23" NOx="1.55" PMx="0.08" fuel="2.01" electricity="0.00" noise="71.25" route="routetop" type="cfm-fast" waiting="0.00" lane="top_0" pos="13.25" speed="24.52" angle="250.63" x="35.89" y="126.39"/>
        <vehicle id="cfm-fast_3" eclass="HBEFA3/PC_G_EU4" CO2="9702.27" CO="128.67" HC="0.83" NOx="3.92" PMx="0.21" fuel="4.17" electricity="0.00" noise="72.96" route="routetop" type="cfm-fast" waiting="0.00" lane="top_0" pos="28.73" speed="24.65" angle="222.79" x="9.83" y="106.18"/>
        <vehicle id="cfm-fast_4" eclass="HBEFA3/PC_G_EU4" CO2="12975.58" CO="199.08" HC="1.23" NOx="5.45" PMx="0.30" fuel="5.58" electricity="0.00" noise="74.59" route="routetop" type="cfm-fast" waiting="0.00" lane="top_0" pos="44.42" speed="25.56" angle="194.62" x="-3.88" y="75.71"/>
        <vehicle id="cfm-fast_5" eclass="HBEFA3/PC_G_EU4" CO2="164702.01" CO="6369.80" HC="33.40" NOx="75.91" PMx="5.55" fuel="70.80" electricity="0.00" noise="120.06" route="routebottom" type="cfm-fast" waiting="0.00" lane="bottom_1" pos="35.77" speed="106.66" angle="30.13" x="122.54" y="35.41"/>
        <vehicle id="cfm-slow_0" eclass="HBEFA3/PC_G_EU4" CO2="13187.10" CO="208.81" HC="1.28" NOx="5.52" PMx="0.31" fuel="5.67" electricity="0.00" noise="74.98" route="routetop" type="cfm-slow" waiting="0.00" lane="left_0" pos="11.11" speed="26.84" angle="164.40" x="-0.78" y="40.15"/>
        <vehicle id="cfm-slow_1" eclass="HBEFA3/PC_G_EU4" CO2="9873.13" CO="146.67" HC="0.92" NOx="3.93" PMx="0.23" fuel="4.24" electricity="0.00" noise="74.15" route="routetop" type="cfm-slow" waiting="0.00" lane="left_0" pos="33.10" speed="28.00" angle="124.93" x="28.91" y="4.51"/>
        <vehicle id="cfm-slow_2" eclass="HBEFA3/PC_G_EU4" CO2="0.00" CO="0.00" HC="0.00" NOx="0.00" PMx="0.00" fuel="0.00" electricity="0.00" noise="73.09" route="routebottom" type="cfm-slow" waiting="0.00" lane="bottom_0" pos="6.23" speed="28.58" angle="83.24" x="77.07" y="-3.63"/>
        <vehicle id="cfm-slow_3" eclass="HBEFA3/PC_G_EU4" CO2="0.00" CO="0.00" HC="0.00" NOx="0.00" PMx="0.00" fuel="0.00" electricity="0.00" noise="72.22" route="routebottom" type="cfm-slow" waiting="0.00" lane="bottom_0" pos="29.88" speed="28.43" angle="40.71" x="118.99" y="23.12"/>
        <vehicle id="cfm-slow_4" eclass="HBEFA3/PC_G_EU4" CO2="0.00" CO="0.00" HC="0.00" NOx="0.00" PMx="0.00" fuel="0.00" electricity="0.00" noise="71.50" route="routebottom" type="cfm-slow" waiting="0.00" lane="right_0" pos="3.30" speed="27.60" angle="358.58" x="131.89" y="70.84"/>
        <vehicle id="cfm-slow_5" eclass="HBEFA3/PC_G_EU4" CO2="0.00" CO="0.00" HC="0.00" NOx="0.00" PMx="0.00" fuel="0.00" electricity="0.00" noise="70.88" route="routebottom" type="cfm-slow" waiting="0.00" lane="right_0" pos="25.83" speed="26.39" angle="318.02" x="110.90" y="113.41"/>
    </timestep>
    <timestep time="8.24">
        <vehicle id="cfm-fast_0" eclass="HBEFA3/PC_G_EU4" CO2="0.00" CO="0.00" HC="0.00" NOx="0.00" PMx="0.00" fuel="0.00" electricity="0.00" noise="70.61" route="routebottom" type="cfm-fast" waiting="0.00" lane="right_0" pos="47.36" speed="25.21" angle="279.33" x="69.43" y="132.03"/>
        <vehicle id="cfm-fast_1" eclass="HBEFA3/PC_G_EU4" CO2="285726.69" CO="8316.96" HC="45.22" NOx="133.06" PMx="8.49" fuel="122.82" electricity="0.00" noise="140.04" route="routetop" type="cfm-fast" waiting="0.00" lane="top_1" pos="45.86" speed="98.67" angle="191.98" x="-1.09" y="72.15"/>
        <vehicle id="cfm-fast_2" eclass="HBEFA3/PC_G_EU4" CO2="4714.37" CO="25.60" HC="0.23" NOx="1.57" PMx="0.08" fuel="2.03" electricity="0.00" noise="71.26" route="routetop" type="cfm-fast" waiting="0.00" lane="top_0" pos="13.49" speed="24.52" angle="250.18" x="35.41" y="126.18"/>
        <vehicle id="cfm-fast_3" eclass="HBEFA3/PC_G_EU4" CO2="9734.50" CO="129.35" HC="0.83" NOx="3.94" PMx="0.21" fuel="4.18" electricity="0.00" noise="72.97" route="routetop" type="cfm-fast" waiting="0.00" lane="top_0" pos="28.98" speed="24.66" angle="222.34" x="9.50" y="105.76"/>
        <vehicle id="cfm-fast_4" eclass="HBEFA3/PC_G_EU4" CO2="12978.02" CO="199.17" HC="1.23" NOx="5.45" PMx="0.30" fuel="5.58" electricity="0.00" noise="74.59" route="routetop" type="cfm-fast" waiting="0.00" lane="top_0" pos="44.67" speed="25.58" angle="194.14" x="-3.98" y="75.17"/>
        <vehicle id="cfm-fast_5" eclass="HBEFA3/PC_G_EU4" CO2="163327.65" CO="6343.69" HC="33.25" NOx="75.26" PMx="5.52" fuel="70.21" electricity="0.00" noise="119.85" route="routebottom" type="cfm-fast" waiting="0.00" lane="bottom_1" pos="36.83" speed="106.69" angle="28.16" x="123.45" y="37.40"/>
        <vehicle id="cfm-slow_0" eclass="HBEFA3/PC_G_EU4" CO2="13156.85" CO="208.25" HC="1.28" NOx="5.50" PMx="0.31" fuel="5.66" electricity="0.00" noise="74.97" route="routetop" type="cfm-slow" waiting="0.00" lane="left_0" pos="11.38" speed="26.85" angle="163.90" x="-0.59" y="39.60"/>
        <vehicle id="cfm-slow_1" eclass="HBEFA3/PC_G_EU4" CO2="9823.73" CO="145.69" HC="0.91" NOx="3.91" PMx="0.22" fuel="4.22" electricity="0.00" noise="74.13" route="routetop" type="cfm-slow" waiting="0.00" lane="left_0" pos="33.38" speed="28.01" angle="124.47" x="29.42" y="4.20"/>
        <vehicle id="cfm-slow_2" eclass="HBEFA3/PC_G_EU4" CO2="0.00" CO="0.00" HC="0.00" NOx="0.00" PMx="0.00" fuel="0.00" electricity="0.00" noise="73.08" route="routebottom" type="cfm-slow" waiting="0.00" lane="bottom_0" pos="6.51" speed="28.58" angle="82.77" x="77.68" y="-3.50"/>
        <vehicle id="cfm-slow_3" eclass="HBEFA3/PC_G_EU4" CO2="0.00" CO="0.00" HC="0.00" NOx="0.00" PMx="0.00" fuel="0.00" electricity="0.00" noise="72.22" route="routebottom" type="cfm-slow" waiting="0.00" lane="bottom_0" pos="30.16" speed="28.42" angle="40.19" x="119.35" y="23.61"/>
        <vehicle id="cfm-slow_4" eclass="HBEFA3/PC_G_EU4" CO2="0.00" CO="0.00" HC="0.00" NOx="0.00" PMx="0.00" fuel="0.00" electricity="0.00" noise="71.49" route="routebottom" type="cfm-slow" waiting="0.00" lane="right_0" pos="3.57" speed="27.59" angle="358.08" x="131.83" y="71.43"/>
        <vehicle id="cfm-slow_5" eclass="HBEFA3/PC_G_EU4" CO2="0.00" CO="0.00" HC="0.00" NOx="0.00" PMx="0.00" fuel="0.00" electricity="0.00" noise="70.87" route="routebottom" type="cfm-slow" waiting="0.00" lane="right_0" pos="26.09" speed="26.37" angle="317.54" x="110.48" y="113.80"/>
    </timestep>
    <timestep time="8.25">
        <vehicle id="cfm-fast_0" eclass="HBEFA3/PC_G_EU4" CO2="0.00" CO="0.00" HC="0.00" NOx="0.00" PMx="0.00" fuel="0.00" electricity="0.00" noise="70.61" route="routebottom" type="cfm-fast" waiting="0.00" lane="right_0" pos="47.61" speed="25.20" angle="278.91" x="68.89" y="132.08"/>
        <vehicle id="cfm-fast_1" eclass="HBEFA3/PC_G_EU4" CO2="284636.40" CO="8300.01" HC="45.12" NOx="132.55" PMx="8.46" fuel="122.35" electricity="0.00" noise="139.84" route="routetop" type="cfm-fast" waiting="0.00" lane="top_1" pos="46.85" speed="98.75" angle="190.20" x="-1.32" y="70.13"/>
        <vehicle id="cfm-fast_2" eclass="HBEFA3/PC_G_EU4" CO2="4762.75" CO="26.60" HC="0.24" NOx="1.59" PMx="0.08" fuel="2.05" electricity="0.00" noise="71.28" route="routetop" type="cfm-fast" waiting="0.00" lane="top_0" pos="13.74" speed="24.52" angle="249.74" x="34.93" y="125.96"/>
        <vehicle id="cfm-fast_3" eclass="HBEFA3/PC_G_EU4" CO2="9766.47" CO="130.04" HC="0.83" NOx="3.95" PMx="0.21" fuel="4.20" electricity="0.00" noise="72.99" route="routetop" type="cfm-fast" waiting="0.00" lane="top_0" pos="29.22" speed="24.67" angle="221.89" x="9.17" y="105.34"/>
        <vehicle id="cfm-fast_4" eclass="HBEFA3/PC_G_EU4" CO2="12980.16" CO="199.27" HC="1.23" NOx="5.45" PMx="0.30" fuel="5.58" electricity="0.00" noise="74.60" route="routetop" type="cfm-fast" waiting="0.00" lane="top_0" pos="44.93" speed="25.59" angle="193.74" x="-4.07" y="74.63"/>
        <vehicle id="cfm-fast_5" eclass="HBEFA3/PC_G_EU4" CO2="161977.67" CO="6318.05" HC="33.10" NOx="74.62" PMx="5.48" fuel="69.63" electricity="0.00" noise="119.64" route="routebottom" type="cfm-fast" waiting="0.00" lane="bottom_1" pos="37.90" speed="106.72" angle="26.25" x="124.29" y="39.42"/>
        <vehicle id="cfm-slow_0" eclass="HBEFA3/PC_G_EU4" CO2="13126.41" CO="207.68" HC="1.27" NOx="5.49" PMx="0.31" fuel="5.64" electricity="0.00" noise="74.96" route="routetop" type="cfm-slow" waiting="0.00" lane="left_0" pos="11.65" speed="26.86" angle="163.48" x="-0.38" y="39.06"/>
        <vehicle id="cfm-slow_1" eclass="HBEFA3/PC_G_EU4" CO2="9774.29" CO="144.71" HC="0.91" NOx="3.88" PMx="0.22" fuel="4.20" electricity="0.00" noise="74.12" route="routetop" type="cfm-slow" waiting="0.00" lane="left_0" pos="33.66" speed="28.01" angle="123.96" x="29.95" y="3.91"/>
        <vehicle id="cfm-slow_2" eclass="HBEFA3/PC_G_EU4" CO2="0.00" CO="0.00" HC="0.00" NOx="0.00" PMx="0.00" fuel="0.00" electricity="0.00" noise="73.07" route="routebottom" type="cfm-slow" waiting="0.00" lane="bottom_0" pos="6.80" speed="28.58" angle="82.22" x="78.28" y="-3.37"/>
        <vehicle id="cfm-slow_3" eclass="HBEFA3/PC_G_EU4" CO2="0.00" CO="0.00" HC="0.00" NOx="0.00" PMx="0.00" fuel="0.00" electricity="0.00" noise="72.21" route="routebottom" type="cfm-slow" waiting="0.00" lane="bottom_0" pos="30.45" speed="28.41" angle="39.67" x="119.71" y="24.11"/>
        <vehicle id="cfm-slow_4" eclass="HBEFA3/PC_G_EU4" CO2="0.00" CO="0.00" HC="0.00" NOx="0.00" PMx="0.00" fuel="0.00" electricity="0.00" noise="71.49" route="routebottom" type="cfm-slow" waiting="0.00" lane="right_0" pos="3.85" speed="27.57" angle="357.61" x="131.77" y="72.02"/>
        <vehicle id="cfm-slow_5" eclass="HBEFA3/PC_G_EU4" CO2="0.00" CO="0.00" HC="0.00" NOx="0.00" PMx="0.00" fuel="0.00" electricity="0.00" noise="70.87" route="routebottom" type="cfm-slow" waiting="0.00" lane="right_0" pos="26.35" speed="26.36" angle="317.06" x="110.06" y="114.18"/>
    </timestep>
    <timestep time="8.26">
        <vehicle id="cfm-fast_0" eclass="HBEFA3/PC_G_EU4" CO2="0.00" CO="0.00" HC="0.00" NOx="0.00" PMx="0.00" fuel="0.00" electricity="0.00" noise="70.61" route="routebottom" type="cfm-fast" waiting="0.00" lane="right_0" pos="47.87" speed="25.20" angle="278.44" x="68.35" y="132.11"/>
        <vehicle id="cfm-fast_1" eclass="HBEFA3/PC_G_EU4" CO2="283542.54" CO="8282.95" HC="45.02" NOx="132.03" PMx="8.44" fuel="121.88" electricity="0.00" noise="139.64" route="routetop" type="cfm-fast" waiting="0.00" lane="top_1" pos="47.84" speed="98.84" angle="188.43" x="-1.49" y="68.12"/>
        <vehicle id="cfm-fast_2" eclass="HBEFA3/PC_G_EU4" CO2="4810.98" CO="27.59" HC="0.24" NOx="1.62" PMx="0.08" fuel="2.07" electricity="0.00" noise="71.29" route="routetop" type="cfm-fast" waiting="0.00" lane="top_0" pos="13.98" speed="24.52" angle="249.31" x="34.45" y="125.75"/>
        <vehicle id="cfm-fast_3" eclass="HBEFA3/PC_G_EU4" CO2="9798.17" CO="130.72" HC="0.84" NOx="3.97" PMx="0.21" fuel="4.21" electricity="0.00" noise="73.00" route="routetop" type="cfm-fast" waiting="0.00" lane="top_0" pos="29.47" speed="24.68" angle="221.49" x="8.85" y="104.92"/>
        <vehicle id="cfm-fast_4" eclass="HBEFA3/PC_G_EU4" CO2="12982.02" CO="199.35" HC="1.23" NOx="5.45" PMx="0.30" fuel="5.58" electricity="0.00" noise="74.60" route="routetop" type="cfm-fast" waiting="0.00" lane="top_0" pos="45.18" speed="25.60" angle="193.27" x="-4.15" y="74.08"/>
        <vehicle id="cfm-fast_5" eclass="HBEFA3/PC_G_EU4" CO2="160651.65" CO="6292.87" HC="32.95" NOx="73.99" PMx="5.45" fuel="69.06" electricity="0.00" noise="119.44" route="routebottom" type="cfm-fast" waiting="0.00" lane="bottom_1" pos="38.97" speed="106.75" angle="24.36" x="125.07" y="41.47"/>
        <vehicle id="cfm-slow_0" eclass="HBEFA3/PC_G_EU4" CO2="13095.78" CO="207.10" HC="1.27" NOx="5.47" PMx="0.31" fuel="5.63" electricity="0.00" noise="74.96" route="routetop" type="cfm-slow" waiting="0.00" lane="left_0" pos="11.92" speed="26.88" angle="163.01" x="-0.17" y="38.53"/>
        <vehicle id="cfm-slow_1" eclass="HBEFA3/PC_G_EU4" CO2="9724.81" CO="143.73" HC="0.90" NOx="3.86" PMx="0.22" fuel="4.18" electricity="0.00" noise="74.11" route="routetop" type="cfm-slow" waiting="0.00" lane="left_0" pos="33.94" speed="28.02" angle="123.44" x="30.48" y="3.62"/>
        <vehicle id="cfm-slow_2" eclass="HBEFA3/PC_G_EU4" CO2="0.00" CO="0.00" HC="0.00" NOx="0.00" PMx="0.00" fuel="0.00" electricity="0.00" noise="73.06" route="routebottom" type="cfm-slow" waiting="0.00" lane="bottom_0" pos="7.09" speed="28.58" angle="81.67" x="78.88" y="-3.23"/>
        <vehicle id="cfm-slow_3" eclass="HBEFA3/PC_G_EU4" CO2="0.00" CO="0.00" HC="0.00" NOx="0.00" PMx="0.00" fuel="0.00" electricity="0.00" noise="72.20" route="routebottom" type="cfm-slow" waiting="0.00" lane="bottom_0" pos="30.73" speed="28.40" angle="39.19" x="120.07" y="24.60"/>
        <vehicle id="cfm-slow_4" eclass="HBEFA3/PC_G_EU4" CO2="0.00" CO="0.00" HC="0.00" NOx="0.00" PMx="0.00" fuel="0.00" electricity="0.00" noise="71.48" route="routebottom" type="cfm-slow" waiting="0.00" lane="right_0" pos="4.12" speed="27.56" angle="357.11" x="131.68" y="72.61"/>
        <vehicle id="cfm-slow_5" eclass="HBEFA3/PC_G_EU4" CO2="0.00" CO="0.00" HC="0.00" NOx="0.00" PMx="0.00" fuel="0.00" electricity="0.00" noise="70.87" route="routebottom" type="cfm-slow" waiting="0.00" lane="right_0" pos="26.62" speed="26.35" angle="316.58" x="109.65" y="114.57"/>
    </timestep>
    <timestep time="8.27">
        <vehicle id="cfm-fast_0" eclass="HBEFA3/PC_G_EU4" CO2="0.00" CO="0.00" HC="0.00" NOx="0.00" PMx="0.00" fuel="0.00" electricity="0.00" noise="70.62" route="routebottom" type="cfm-fast" waiting="0.00" lane="right_0" pos="48.12" speed="25.19" angle="277.97" x="67.81" y="132.14"/>
        <vehicle id="cfm-fast_1" eclass="HBEFA3/PC_G_EU4" CO2="282445.37" CO="8265.80" HC="44.91" NOx="131.51" PMx="8.41" fuel="121.41" electricity="0.00" noise="139.44" route="routetop" type="cfm-fast" waiting="0.00" lane="top_1" pos="48.83" speed="98.92" angle="186.67" x="-1.60" y="66.09"/>
        <vehicle id="cfm-fast_2" eclass="HBEFA3/PC_G_EU4" CO2="4859.05" CO="28.59" HC="0.25" NOx="1.64" PMx="0.08" fuel="2.09" electricity="0.00" noise="71.30" route="routetop" type="cfm-fast" waiting="0.00" lane="top_0" pos="14.23" speed="24.52" angle="248.89" x="33.97" y="125.52"/>
        <vehicle id="cfm-fast_3" eclass="HBEFA3/PC_G_EU4" CO2="9829.59" CO="131.39" HC="0.84" NOx="3.98" PMx="0.21" fuel="4.23" electricity="0.00" noise="73.02" route="routetop" type="cfm-fast" waiting="0.00" lane="top_0" pos="29.72" speed="24.69" angle="221.04" x="8.53" y="104.50"/>
        <vehicle id="cfm-fast_4" eclass="HBEFA3/PC_G_EU4" CO2="12983.59" CO="199.43" HC="1.23" NOx="5.45" PMx="0.30" fuel="5.58" electricity="0.00" noise="74.60" route="routetop" type="cfm-fast" waiting="0.00" lane="top_0" pos="45.44" speed="25.62" angle="192.80" x="-4.23" y="73.54"/>
        <vehicle id="cfm-fast_5" eclass="HBEFA3/PC_G_EU4" CO2="159349.19" CO="6268.14" HC="32.80" NOx="73.38" PMx="5.41" fuel="68.50" electricity="0.00" noise="119.23" route="routebottom" type="cfm-fast" waiting="0.00" lane="bottom_1" pos="40.04" speed="106.78" angle="22.49" x="125.79" y="43.53"/>
        <vehicle id="cfm-slow_0" eclass="HBEFA3/PC_G_EU4" CO2="13064.96" CO="206.52" HC="1.27" NOx="5.46" PMx="0.30" fuel="5.62" electricity="0.00" noise="74.95" route="routetop" type="cfm-slow" waiting="0.00" lane="left_0" pos="12.19" speed="26.89" angle="162.53" x="0.05" y="37.99"/>
        <vehicle id="cfm-slow_1" eclass="HBEFA3/PC_G_EU4" CO2="9675.30" CO="142.74" HC="0.89" NOx="3.83" PMx="0.22" fuel="4.16" electricity="0.00" noise="74.09" route="routetop" type="cfm-slow" waiting="0.00" lane="left_0" pos="34.22" speed="28.03" angle="122.93" x="31.01" y="3.33"/>
        <vehicle id="cfm-slow_2" eclass="HBEFA3/PC_G_EU4" CO2="0.00" CO="0.00" HC="0.00" NOx="0.00" PMx="0.00" fuel="0.00" electricity="0.00" noise="73.05" route="routebottom" type="cfm-slow" waiting="0.00" lane="bottom_0" pos="7.37" speed="28.58" angle="81.12" x="79.47" y="-3.09"/>
        <vehicle id="cfm-slow_3" eclass="HBEFA3/PC_G_EU4" CO2="0.00" CO="0.00" HC="0.00" NOx="0.00" PMx="0.00" fuel="0.00" electricity="0.00" noise="72.19" route="routebottom" type="cfm-slow" waiting="0.00" lane="bottom_0" pos="31.01" speed="28.40" angle="38.70" x="120.41" y="25.11"/>
        <vehicle id="cfm-slow_4" eclass="HBEFA3/PC_G_EU4" CO2="0.00" CO="0.00" HC="0.00" NOx="0.00" PMx="0.00" fuel="0.00" electricity="0.00" noise="71.48" route="routebottom" type="cfm-slow" waiting="0.00" lane="right_0" pos="4.40" speed="27.55" angle="356.61" x="131.60" y="73.20"/>
        <vehicle id="cfm-slow_5" eclass="HBEFA3/PC_G_EU4" CO2="0.00" CO="0.00" HC="0.00" NOx="0.00" PMx="0.00" fuel="0.00" electricity="0.00" noise="70.86" route="routebottom" type="cfm-slow" waiting="0.00" lane="right_0" pos="26.88" speed="26.34" angle="316.14" x="109.23" y="114.95"/>
    </timestep>
    <timestep time="8.28">
        <vehicle id="cfm-fast_0" eclass="HBEFA3/PC_G_EU4" CO2="0.00" CO="0.00" HC="0.00" NOx="0.00" PMx="0.00" fuel="0.00" electricity="0.00" noise="70.62" route="routebottom" type="cfm-fast" waiting="0.00" lane="right_0" pos="48.37" speed="25.18" angle="277.50" x="67.27" y="132.17"/>
        <vehicle id="cfm-fast_1" eclass="HBEFA3/PC_G_EU4" CO2="281345.12" CO="8248.56" HC="44.81" NOx="130.99" PMx="8.38" fuel="120.94" electricity="0.00" noise="139.24" route="routetop" type="cfm-fast" waiting="0.00" lane="top_1" pos="49.82" speed="99.00" angle="184.80" x="-1.64" y="64.06"/>
        <vehicle id="cfm-fast_2" eclass="HBEFA3/PC_G_EU4" CO2="4906.97" CO="29.58" HC="0.26" NOx="1.66" PMx="0.09" fuel="2.11" electricity="0.00" noise="71.32" route="routetop" type="cfm-fast" waiting="0.00" lane="top_0" pos="14.47" speed="24.52" angle="248.42" x="33.50" y="125.28"/>
        <vehicle id="cfm-fast_3" eclass="HBEFA3/PC_G_EU4" CO2="9860.75" CO="132.06" HC="0.85" NOx="4.00" PMx="0.22" fuel="4.24" electricity="0.00" noise="73.04" route="routetop" type="cfm-fast" waiting="0.00" lane="top_0" pos="29.96" speed="24.69" angle="220.59" x="8.22" y="104.06"/>
        <vehicle id="cfm-fast_4" eclass="HBEFA3/PC_G_EU4" CO2="12984.88" CO="199.50" HC="1.23" NOx="5.45" PMx="0.30" fuel="5.58" electricity="0.00" noise="74.61" route="routetop" type="cfm-fast" waiting="0.00" lane="top_0" pos="45.70" speed="25.63" angle="192.32" x="-4.30" y="72.99"/>
        <vehicle id="cfm-fast_5" eclass="HBEFA3/PC_G_EU4" CO2="158069.88" CO="6243.85" HC="32.66" NOx="72.78" PMx="5.38" fuel="67.95" electricity="0.00" noise="119.03" route="routebottom" type="cfm-fast" waiting="0.00" lane="bottom_1" pos="41.10" speed="106.81" angle="20.56" x="126.44" y="45.63"/>
        <vehicle id="cfm-slow_0" eclass="HBEFA3/PC_G_EU4" CO2="13033.95" CO="205.94" HC="1.26" NOx="5.44" PMx="0.30" fuel="5.60" electricity="0.00" noise="74.94" route="routetop" type="cfm-slow" waiting="0.00" lane="left_0" pos="12.46" speed="26.90" angle="162.05" x="0.26" y="37.45"/>
        <vehicle id="cfm-slow_1" eclass="HBEFA3/PC_G_EU4" CO2="9625.74" CO="141.76" HC="0.89" NOx="3.81" PMx="0.22" fuel="4.14" electricity="0.00" noise="74.08" route="routetop" type="cfm-slow" waiting="0.00" lane="left_0" pos="34.50" speed="28.03" angle="122.42" x="31.54" y="3.04"/>
        <vehicle id="cfm-slow_2" eclass="HBEFA3/PC_G_EU4" CO2="0.00" CO="0.00" HC="0.00" NOx="0.00" PMx="0.00" fuel="0.00" electricity="0.00" noise="73.04" route="routebottom" type="cfm-slow" waiting="0.00" lane="bottom_0" pos="7.66" speed="28.58" angle="80.65" x="80.07" y="-2.95"/>
        <vehicle id="cfm-slow_3" eclass="HBEFA3/PC_G_EU4" CO2="0.00" CO="0.00" HC="0.00" NOx="0.00" PMx="0.00" fuel="0.00" electricity="0.00" noise="72.19" route="routebottom" type="cfm-slow" waiting="0.00" lane="bottom_0" pos="31.30" speed="28.39" angle="38.19" x="120.75" y="25.62"/>
        <vehicle id="cfm-slow_4" eclass="HBEFA3/PC_G_EU4" CO2="0.00" CO="0.00" HC="0.00" NOx="0.00" PMx="0.00" fuel="0.00" electricity="0.00" noise="71.47" route="routebottom" type="cfm-slow" waiting="0.00" lane="right_0" pos="4.68" speed="27.54" angle="356.11" x="131.52" y="73.78"/>
        <vehicle id="cfm-slow_5" eclass="HBEFA3/PC_G_EU4" CO2="0.00" CO="0.00" HC="0.00" NOx="0.00" PMx="0.00" fuel="0.00" electricity="0.00" noise="70.86" route="routebottom" type="cfm-slow" waiting="0.00" lane="right_0" pos="27.14" speed="26.33" angle="315.67" x="108.80" y="115.32"/>
    </timestep>
    <timestep time="8.29">
        <vehicle id="cfm-fast_0" eclass="HBEFA3/PC_G_EU4" CO2="0.00" CO="0.00" HC="0.00" NOx="0.00" PMx="0.00" fuel="0.00" electricity="0.00" noise="70.62" route="routebottom" type="cfm-fast" waiting="0.00" lane="right_0" pos="48.62" speed="25.18" angle="277.03" x="66.72" y="132.20"/>
        <vehicle id="cfm-fast_1" eclass="HBEFA3/PC_G_EU4" CO2="280242.01" CO="8231.22" HC="44.70" NOx="130.47" PMx="8.36" fuel="120.46" electricity="0.00" noise="139.05" route="routetop" type="cfm-fast" waiting="0.00" lane="left_1" pos="0.81" speed="99.09" angle="183.01" x="-1.62" y="61.97"/>
        <vehicle id="cfm-fast_2" eclass="HBEFA3/PC_G_EU4" CO2="4954.74" CO="30.56" HC="0.26" NOx="1.69" PMx="0.09" fuel="2.13" electricity="0.00" noise="71.33" route="routetop" type="cfm-fast" waiting="0.00" lane="top_0" pos="14.72" speed="24.53" angle="247.95" x="33.03" y="125.04"/>
        <vehicle id="cfm-fast_3" eclass="HBEFA3/PC_G_EU4" CO2="9891.63" CO="132.72" HC="0.85" NOx="4.01" PMx="0.22" fuel="4.25" electricity="0.00" noise="73.05" route="routetop" type="cfm-fast" waiting="0.00" lane="top_0" pos="30.21" speed="24.70" angle="220.13" x="7.91" y="103.63"/>
        <vehicle id="cfm-fast_4" eclass="HBEFA3/PC_G_EU4" CO2="12985.87" CO="199.57" HC="1.23" NOx="5.45" PMx="0.30" fuel="5.58" electricity="0.00" noise="74.61" route="routetop" type="cfm-fast" waiting="0.00" lane="top_0" pos="45.95" speed="25.64" angle="191.85" x="-4.38" y="72.45"/>
        <vehicle id="cfm-fast_5" eclass="HBEFA3/PC_G_EU4" CO2="156813.31" CO="6220.00" HC="32.52" NOx="72.18" PMx="5.35" fuel="67.41" electricity="0.00" noise="118.84" route="routebottom" type="cfm-fast" waiting="0.00" lane="bottom_1" pos="42.17" speed="106.84" angle="18.56" x="126.99" y="47.74"/>
        <vehicle id="cfm-slow_0" eclass="HBEFA3/PC_G_EU4" CO2="13002.76" CO="205.36" HC="1.26" NOx="5.43" PMx="0.30" fuel="5.59" electricity="0.00" noise="74.93" route="routetop" type="cfm-slow" waiting="0.00" lane="left_0" pos="12.73" speed="26.91" angle="161.60" x="0.48" y="36.91"/>
        <vehicle id="cfm-slow_1" eclass="HBEFA3/PC_G_EU4" CO2="9576.16" CO="140.77" HC="0.88" NOx="3.79" PMx="0.22" fuel="4.12" electricity="0.00" noise="74.07" route="routetop" type="cfm-slow" waiting="0.00" lane="left_0" pos="34.79" speed="28.04" angle="121.95" x="32.07" y="2.76"/>
        <vehicle id="cfm-slow_2" eclass="HBEFA3/PC_G_EU4" CO2="0.00" CO="0.00" HC="0.00" NOx="0.00" PMx="0.00" fuel="0.00" electricity="0.00" noise="73.03" route="routebottom" type="cfm-slow" waiting="0.00" lane="bottom_0" pos="7.94" speed="28.58" angle="80.12" x="80.67" y="-2.80"/>
        <vehicle id="cfm-slow_3" eclass="HBEFA3/PC_G_EU4" CO2="0.00" CO="0.00" HC="0.00" NOx="0.00" PMx="0.00" fuel="0.00" electricity="0.00" noise="72.18" route="routebottom" type="cfm-slow" waiting="0.00" lane="bottom_0" pos="31.58" speed="28.38" angle="37.68" x="121.09" y="26.13"/>
        <vehicle id="cfm-slow_4" eclass="HBEFA3/PC_G_EU4" CO2="0.00" CO="0.00" HC="0.00" NOx="0.00" PMx="0.00" fuel="0.00" electricity="0.00" noise="71.46" route="routebottom" type="cfm-slow" waiting="0.00" lane="right_0" pos="4.95" speed="27.53" angle="355.61" x="131.43" y="74.37"/>
        <vehicle id="cfm-slow_5" eclass="HBEFA3/PC_G_EU4" CO2="0.00" CO="0.00" HC="0.00" NOx="0.00" PMx="0.00" fuel="0.00" electricity="0.00" noise="70.86" route="routebottom" type="cfm-slow" waiting="0.00" lane="right_0" pos="27.41" speed="26.32" angle="315.17" x="108.37" y="115.69"/>
    </timestep>
    <timestep time="8.30">
        <vehicle id="cfm-fast_0" eclass="HBEFA3/PC_G_EU4" CO2="0.00" CO="0.00" HC="0.00" NOx="0.00" PMx="0.00" fuel="0.00" electricity="0.00" noise="70.63" route="routebottom" type="cfm-fast" waiting="0.00" lane="right_0" pos="48.87" speed="25.17" angle="276.62" x="66.18" y="132.22"/>
        <vehicle id="cfm-fast_1" eclass="HBEFA3/PC_G_EU4" CO2="279136.28" CO="8213.81" HC="44.59" NOx="129.95" PMx="8.33" fuel="119.99" electricity="0.00" noise="138.85" route="routetop" type="cfm-fast" waiting="0.00" lane="left_1" pos="1.80" speed="99.17" angle="181.25" x="-1.53" y="59.94"/>
        <vehicle id="cfm-fast_2" eclass="HBEFA3/PC_G_EU4" CO2="5002.35" CO="31.55" HC="0.27" NOx="1.71" PMx="0.09" fuel="2.15" electricity="0.00" noise="71.34" route="routetop" type="cfm-fast" waiting="0.00" lane="top_0" pos="14.96" speed="24.53" angle="247.49" x="32.56" y="124.81"/>
        <vehicle id="cfm-fast_3" eclass="HBEFA3/PC_G_EU4" CO2="9922.24" CO="133.37" HC="0.85" NOx="4.03" PMx="0.22" fuel="4.27" electricity="0.00" noise="73.07" route="routetop" type="cfm-fast" waiting="0.00" lane="top_0" pos="30.46" speed="24.71" angle="219.67" x="7.60" y="103.20"/>
        <vehicle id="cfm-fast_4" eclass="HBEFA3/PC_G_EU4" CO2="12986.59" CO="199.64" HC="1.23" NOx="5.45" PMx="0.30" fuel="5.58" electricity="0.00" noise="74.61" route="routetop" type="cfm-fast" waiting="0.00" lane="top_0" pos="46.21" speed="25.65" angle="191.44" x="-4.45" y="71.90"/>
        <vehicle id="cfm-fast_5" eclass="HBEFA3/PC_G_EU4" CO2="155579.08" CO="6196.57" HC="32.38" NOx="71.60" PMx="5.32" fuel="66.88" electricity="0.00" noise="118.65" route="routebottom" type="cfm-fast" waiting="0.00" lane="bottom_1" pos="43.24" speed="106.87" angle="16.73" x="127.49" y="49.88"/>
        <vehicle id="cfm-slow_0" eclass="HBEFA3/PC_G_EU4" CO2="12971.38" CO="204.77" HC="1.26" NOx="5.41" PMx="0.30" fuel="5.58" electricity="0.00" noise="74.92" route="routetop" type="cfm-slow" waiting="0.00" lane="left_0" pos="12.99" speed="26.92" angle="161.13" x="0.71" y="36.38"/>
        <vehicle id="cfm-slow_1" eclass="HBEFA3/PC_G_EU4" CO2="9526.54" CO="139.78" HC="0.88" NOx="3.76" PMx="0.22" fuel="4.10" electricity="0.00" noise="74.05" route="routetop" type="cfm-slow" waiting="0.00" lane="left_0" pos="35.07" speed="28.05" angle="121.43" x="32.61" y="2.49"/>
        <vehicle id="cfm-slow_2" eclass="HBEFA3/PC_G_EU4" CO2="0.00" CO="0.00" HC="0.00" NOx="0.00" PMx="0.00" fuel="0.00" electricity="0.00" noise="73.02" route="routebottom" type="cfm-slow" waiting="0.00" lane="bottom_0" pos="8.23" speed="28.58" angle="79.60" x="81.26" y="-2.64"/>
        <vehicle id="cfm-slow_3" eclass="HBEFA3/PC_G_EU4" CO2="0.00" CO="0.00" HC="0.00" NOx="0.00" PMx="0.00" fuel="0.00" electricity="0.00" noise="72.17" route="routebottom" type="cfm-slow" waiting="0.00" lane="bottom_0" pos="31.86" speed="28.37" angle="37.17" x="121.43" y="26.63"/>
        <vehicle id="cfm-slow_4" eclass="HBEFA3/PC_G_EU4" CO2="0.00" CO="0.00" HC="0.00" NOx="0.00" PMx="0.00" fuel="0.00" electricity="0.00" noise="71.46" route="routebottom" type="cfm-slow" waiting="0.00" lane="right_0" pos="5.23" speed="27.52" angle="355.06" x="131.34" y="74.95"/>
        <vehicle id="cfm-slow_5" eclass="HBEFA3/PC_G_EU4" CO2="0.00" CO="0.00" HC="0.00" NOx="0.00" PMx="0.00" fuel="0.00" electricity="0.00" noise="70.85" route="routebottom" type="cfm-slow" waiting="0.00" lane="right_0" pos="27.67" speed="26.31" angle="314.68" x="107.94" y="116.06"/>
    </timestep>
    <timestep time="8.31">
        <vehicle id="cfm-fast_0" eclass="HBEFA3/PC_G_EU4" CO2="0.00" CO="0.00" HC="0.00" NOx="0.00" PMx="0.00" fuel="0.00" electricity="0.00" noise="70.63" route="routebottom" type="cfm-fast" waiting="0.00" lane="right_0" pos="49.13" speed="25.16" angle="276.15" x="65.64" y="132.23"/>
        <vehicle id="cfm-fast_1" eclass="HBEFA3/PC_G_EU4" CO2="278028.14" CO="8196.31" HC="44.49" NOx="129.43" PMx="8.30" fuel="119.51" electricity="0.00" noise="138.65" route="routetop" type="cfm-fast" waiting="0.00" lane="left_1" pos="2.79" speed="99.25" angle="179.48" x="-1.39" y="57.91"/>
        <vehicle id="cfm-fast_2" eclass="HBEFA3/PC_G_EU4" CO2="5049.81" CO="32.53" HC="0.27" NOx="1.73" PMx="0.09" fuel="2.17" electricity="0.00" noise="71.36" route="routetop" type="cfm-fast" waiting="0.00" lane="top_0" pos="15.21" speed="24.53" angle="247.02" x="32.08" y="124.57"/>
        <vehicle id="cfm-fast_3" eclass="HBEFA3/PC_G_EU4" CO2="9952.57" CO="134.03" HC="0.86" NOx="4.04" PMx="0.22" fuel="4.28" electricity="0.00" noise="73.08" route="routetop" type="cfm-fast" waiting="0.00" lane="top_0" pos="30.71" speed="24.72" angle="219.24" x="7.29" y="102.77"/>
        <vehicle id="cfm-fast_4" eclass="HBEFA3/PC_G_EU4" CO2="12987.02" CO="199.69" HC="1.23" NOx="5.45" PMx="0.30" fuel="5.58" electricity="0.00" noise="74.62" route="routetop" type="cfm-fast" waiting="0.00" lane="top_0" pos="46.47" speed="25.67" angle="190.96" x="-4.51" y="71.35"/>
        <vehicle id="cfm-fast_5" eclass="HBEFA3/PC_G_EU4" CO2="154366.82" CO="6173.57" HC="32.25" NOx="71.03" PMx="5.29" fuel="66.36" electricity="0.00" noise="118.46" route="routebottom" type="cfm-fast" waiting="0.00" lane="bottom_1" pos="44.31" speed="106.89" angle="14.77" x="127.92" y="52.03"/>
        <vehicle id="cfm-slow_0" eclass="HBEFA3/PC_G_EU4" CO2="12939.81" CO="204.17" HC="1.25" NOx="5.40" PMx="0.30" fuel="5.56" electricity="0.00" noise="74.91" route="routetop" type="cfm-slow" waiting="0.00" lane="left_0" pos="13.26" speed="26.93" angle="160.63" x="0.95" y="35.86"/>
        <vehicle id="cfm-slow_1" eclass="HBEFA3/PC_G_EU4" CO2="9476.89" CO="138.80" HC="0.87" NOx="3.74" PMx="0.21" fuel="4.07" electricity="0.00" noise="74.04" route="routetop" type="cfm-slow" waiting="0.00" lane="left_0" pos="35.35" speed="28.05" angle="120.91" x="33.15" y="2.22"/>
        <vehicle id="cfm-slow_2" eclass="HBEFA3/PC_G_EU4" CO2="0.00" CO="0.00" HC="0.00" NOx="0.00" PMx="0.00" fuel="0.00" electricity="0.00" noise="73.01" route="routebottom" type="cfm-slow" waiting="0.00" lane="bottom_0" pos="8.51" speed="28.58" angle="79.07" x="81.86" y="-2.48"/>
        <vehicle id="cfm-slow_3" eclass="HBEFA3/PC_G_EU4" CO2="0.00" CO="0.00" HC="0.00" NOx="0.00" PMx="0.00" fuel="0.00" electricity="0.00" noise="72.16" route="routebottom" type="cfm-slow" waiting="0.00" lane="bottom_0" pos="32.15" speed="28.36" angle="36.72" x="121.76" y="27.14"/>
        <vehicle id="cfm-slow_4" eclass="HBEFA3/PC_G_EU4" CO2="0.00" CO="0.00" HC="0.00" NOx="0.00" PMx="0.00" fuel="0.00" electricity="0.00" noise="71.45" route="routebottom" type="cfm-slow" waiting="0.00" lane="right_0" pos="5.50" speed="27.50" angle="354.55" x="131.23" y="75.53"/>
        <vehicle id="cfm-slow_5" eclass="HBEFA3/PC_G_EU4" CO2="0.00" CO="0.00" HC="0.00" NOx="0.00" PMx="0.00" fuel="0.00" electricity="0.00" noise="70.85" route="routebottom" type="cfm-slow" waiting="0.00" lane="right_0" pos="27.93" speed="26.30" angle="314.19" x="107.51" y="116.42"/>
    </timestep>
    <timestep time="8.32">
        <vehicle id="cfm-fast_0" eclass="HBEFA3/PC_G_EU4" CO2="0.00" CO="0.00" HC="0.00" NOx="0.00" PMx="0.00" fuel="0.00" electricity="0.00" noise="70.63" route="routebottom" type="cfm-fast" waiting="0.00" lane="right_0" pos="49.38" speed="25.16" angle="275.68" x="65.10" y="132.24"/>
        <vehicle id="cfm-fast_1" eclass="HBEFA3/PC_G_EU4" CO2="276917.80" CO="8178.74" HC="44.38" NOx="128.90" PMx="8.28" fuel="119.03" electricity="0.00" noise="138.45" route="routetop" type="cfm-fast" waiting="0.00" lane="left_1" pos="3.79" speed="99.33" angle="177.70" x="-1.19" y="55.88"/>
        <vehicle id="cfm-fast_2" eclass="HBEFA3/PC_G_EU4" CO2="5097.11" CO="33.51" HC="0.28" NOx="1.75" PMx="0.09" fuel="2.19" electricity="0.00" noise="71.37" route="routetop" type="cfm-fast" waiting="0.00" lane="top_0" pos="15.45" speed="24.53" angle="246.63" x="31.62" y="124.33"/>
        <vehicle id="cfm-fast_3" eclass="HBEFA3/PC_G_EU4" CO2="9982.64" CO="134.67" HC="0.86" NOx="4.05" PMx="0.22" fuel="4.29" electricity="0.00" noise="73.10" route="routetop" type="cfm-fast" waiting="0.00" lane="top_0" pos="30.95" speed="24.73" angle="218.82" x="6.99" y="102.33"/>
        <vehicle id="cfm-fast_4" eclass="HBEFA3/PC_G_EU4" CO2="12987.16" CO="199.74" HC="1.23" NOx="5.45" PMx="0.30" fuel="5.58" electricity="0.00" noise="74.62" route="routetop" type="cfm-fast" waiting="0.00" lane="top_0" pos="46.72" speed="25.68" angle="190.49" x="-4.57" y="70.80"/>
        <vehicle id="cfm-fast_5" eclass="HBEFA3/PC_G_EU4" CO2="153176.14" CO="6150.97" HC="32.12" NOx="70.47" PMx="5.26" fuel="65.84" electricity="0.00" noise="118.28" route="routebottom" type="cfm-fast" waiting="0.00" lane="bottom_1" pos="45.38" speed="106.92" angle="12.82" x="128.27" y="54.19"/>
        <vehicle id="cfm-slow_0" eclass="HBEFA3/PC_G_EU4" CO2="12908.07" CO="203.57" HC="1.25" NOx="5.38" PMx="0.30" fuel="5.55" electricity="0.00" noise="74.90" route="routetop" type="cfm-slow" waiting="0.00" lane="left_0" pos="13.53" speed="26.95" angle="160.13" x="1.18" y="35.33"/>
        <vehicle id="cfm-slow_1" eclass="HBEFA3/PC_G_EU4" CO2="9427.21" CO="137.81" HC="0.87" NOx="3.72" PMx="0.21" fuel="4.05" electricity="0.00" noise="74.03" route="routetop" type="cfm-slow" waiting="0.00" lane="left_0" pos="35.63" speed="28.06" angle="120.40" x="33.69" y="1.95"/>
        <vehicle id="cfm-slow_2" eclass="HBEFA3/PC_G_EU4" CO2="0.00" CO="0.00" HC="0.00" NOx="0.00" PMx="0.00" fuel="0.00" electricity="0.00" noise="73.00" route="routebottom" type="cfm-slow" waiting="0.00" lane="bottom_0" pos="8.80" speed="28.57" angle="78.55" x="82.45" y="-2.32"/>
        <vehicle id="cfm-slow_3" eclass="HBEFA3/PC_G_EU4" CO2="0.00" CO="0.00" HC="0.00" NOx="0.00" PMx="0.00" fuel="0.00" electricity="0.00" noise="72.16" route="routebottom" type="cfm-slow" waiting="0.00" lane="bottom_0" pos="32.43" speed="28.36" angle="36.19" x="122.07" y="27.67"/>
        <vehicle id="cfm-slow_4" eclass="HBEFA3/PC_G_EU4" CO2="0.00" CO="0.00" HC="0.00" NOx="0.00" PMx="0.00" fuel="0.00" electricity="0.00" noise="71.45" route="routebottom" type="cfm-slow" waiting="0.00" lane="right_0" pos="5.78" speed="27.49" angle="354.04" x="131.12" y="76.12"/>
        <vehicle id="cfm-slow_5" eclass="HBEFA3/PC_G_EU4" CO2="0.00" CO="0.00" HC="0.00" NOx="0.00" PMx="0.00" fuel="0.00" electricity="0.00" noise="70.85" route="routebottom" type="cfm-slow" waiting="0.00" lane="right_0" pos="28.20" speed="26.28" angle="313.75" x="107.08" y="116.79"/>
    </timestep>
    <timestep time="8.33">
        <vehicle id="cfm-fast_0" eclass="HBEFA3/PC_G_EU4" CO2="0.00" CO="0.00" HC="0.00" NOx="0.00" PMx="0.00" fuel="0.00" electricity="0.00" noise="70.64" route="routebottom" type="cfm-fast" waiting="0.00" lane="right_0" pos="49.63" speed="25.15" angle="275.21" x="64.56" y="132.25"/>
        <vehicle id="cfm-fast_1" eclass="HBEFA3/PC_G_EU4" CO2="275805.48" CO="8161.10" HC="44.27" NOx="128.38" PMx="8.25" fuel="118.56" electricity="0.00" noise="138.25" route="routetop" type="cfm-fast" waiting="0.00" lane="left_1" pos="4.78" speed="99.41" angle="175.90" x="-0.91" y="53.86"/>
        <vehicle id="cfm-fast_2" eclass="HBEFA3/PC_G_EU4" CO2="5144.25" CO="34.48" HC="0.28" NOx="1.77" PMx="0.09" fuel="2.21" electricity="0.00" noise="71.39" route="routetop" type="cfm-fast" waiting="0.00" lane="top_0" pos="15.70" speed="24.53" angle="246.19" x="31.15" y="124.07"/>
        <vehicle id="cfm-fast_3" eclass="HBEFA3/PC_G_EU4" CO2="10012.43" CO="135.31" HC="0.86" NOx="4.07" PMx="0.22" fuel="4.30" electricity="0.00" noise="73.11" route="routetop" type="cfm-fast" waiting="0.00" lane="top_0" pos="31.20" speed="24.74" angle="218.38" x="6.70" y="101.89"/>
        <vehicle id="cfm-fast_4" eclass="HBEFA3/PC_G_EU4" CO2="12987.03" CO="199.79" HC="1.23" NOx="5.45" PMx="0.30" fuel="5.58" electricity="0.00" noise="74.62" route="routetop" type="cfm-fast" waiting="0.00" lane="top_0" pos="46.98" speed="25.69" angle="190.02" x="-4.62" y="70.25"/>
        <vehicle id="cfm-fast_5" eclass="HBEFA3/PC_G_EU4" CO2="152006.67" CO="6128.78" HC="31.99" NOx="69.91" PMx="5.23" fuel="65.34" electricity="0.00" noise="118.10" route="routebottom" type="cfm-fast" waiting="0.00" lane="bottom_1" pos="46.45" speed="106.95" angle="10.94" x="128.56" y="56.37"/>
        <vehicle id="cfm-slow_0" eclass="HBEFA3/PC_G_EU4" CO2="12876.14" CO="202.97" HC="1.25" NOx="5.37" PMx="0.30" fuel="5.53" electricity="0.00" noise="74.89" route="routetop" type="cfm-slow" waiting="0.00" lane="left_0" pos="13.80" speed="26.96" angle="159.63" x="1.42" y="34.80"/>
        <vehicle id="cfm-slow_1" eclass="HBEFA3/PC_G_EU4" CO2="9377.51" CO="136.82" HC="0.86" NOx="3.69" PMx="0.21" fuel="4.03" electricity="0.00" noise="74.02" route="routetop" type="cfm-slow" waiting="0.00" lane="left_0" pos="35.91" speed="28.06" angle="119.93" x="34.23" y="1.68"/>
        <vehicle id="cfm-slow_2" eclass="HBEFA3/PC_G_EU4" CO2="0.00" CO="0.00" HC="0.00" NOx="0.00" PMx="0.00" fuel="0.00" electricity="0.00" noise="72.99" route="routebottom" type="cfm-slow" waiting="0.00" lane="bottom_0" pos="9.09" speed="28.57" angle="78.08" x="83.04" y="-2.15"/>
        <vehicle id="cfm-slow_3" eclass="HBEFA3/PC_G_EU4" CO2="0.00" CO="0.00" HC="0.00" NOx="0.00" PMx="0.00" fuel="0.00" electricity="0.00" noise="72.15" route="routebottom" type="cfm-slow" waiting="0.00" lane="bottom_0" pos="32.72" speed="28.35" angle="35.66" x="122.38" y="28.19"/>
        <vehicle id="cfm-slow_4" eclass="HBEFA3/PC_G_EU4" CO2="0.00" CO="0.00" HC="0.00" NOx="0.00" PMx="0.00" fuel="0.00" electricity="0.00" noise="71.44" route="routebottom" type="cfm-slow" waiting="0.00" lane="right_0" pos="6.05" speed="27.48" angle="353.52" x="131.02" y="76.70"/>
        <vehicle id="cfm-slow_5" eclass="HBEFA3/PC_G_EU4" CO2="0.00" CO="0.00" HC="0.00" NOx="0.00" PMx="0.00" fuel="0.00" electricity="0.00" noise="70.84" route="routebottom" type="cfm-slow" waiting="0.00" lane="right_0" pos="28.46" speed="26.27" angle="313.28" x="106.63" y="117.14"/>
    </timestep>
    <timestep time="8.34">
        <vehicle id="cfm-fast_0" eclass="HBEFA3/PC_G_EU4" CO2="0.00" CO="0.00" HC="0.00" NOx="0.00" PMx="0.00" fuel="0.00" electricity="0.00" noise="70.64" route="routebottom" type="cfm-fast" waiting="0.00" lane="right_0" pos="49.88" speed="25.14" angle="274.74" x="64.02" y="132.27"/>
        <vehicle id="cfm-fast_1" eclass="HBEFA3/PC_G_EU4" CO2="274691.39" CO="8143.39" HC="44.16" NOx="127.85" PMx="8.22" fuel="118.08" electricity="0.00" noise="138.05" route="routetop" type="cfm-fast" waiting="0.00" lane="left_1" pos="5.78" speed="99.49" angle="174.07" x="-0.56" y="51.85"/>
        <vehicle id="cfm-fast_2" eclass="HBEFA3/PC_G_EU4" CO2="5191.23" CO="35.45" HC="0.29" NOx="1.80" PMx="0.09" fuel="2.23" electricity="0.00" noise="71.40" route="routetop" type="cfm-fast" waiting="0.00" lane="top_0" pos="15.95" speed="24.53" angle="245.75" x="30.69" y="123.82"/>
        <vehicle id="cfm-fast_3" eclass="HBEFA3/PC_G_EU4" CO2="10041.95" CO="135.95" HC="0.87" NOx="4.08" PMx="0.22" fuel="4.32" electricity="0.00" noise="73.12" route="routetop" type="cfm-fast" waiting="0.00" lane="top_0" pos="31.45" speed="24.75" angle="217.93" x="6.40" y="101.44"/>
        <vehicle id="cfm-fast_4" eclass="HBEFA3/PC_G_EU4" CO2="12986.60" CO="199.83" HC="1.23" NOx="5.45" PMx="0.30" fuel="5.58" electricity="0.00" noise="74.63" route="routetop" type="cfm-fast" waiting="0.00" lane="top_0" pos="47.24" speed="25.70" angle="189.55" x="-4.68" y="69.70"/>
        <vehicle id="cfm-fast_5" eclass="HBEFA3/PC_G_EU4" CO2="150858.03" CO="6106.99" HC="31.86" NOx="69.37" PMx="5.20" fuel="64.85" electricity="0.00" noise="117.92" route="routebottom" type="cfm-fast" waiting="0.00" lane="bottom_1" pos="47.52" speed="106.97" angle="9.07" x="128.78" y="58.55"/>
        <vehicle id="cfm-slow_0" eclass="HBEFA3/PC_G_EU4" CO2="12844.03" CO="202.37" HC="1.24" NOx="5.35" PMx="0.30" fuel="5.52" electricity="0.00" noise="74.88" route="routetop" type="cfm-slow" waiting="0.00" lane="left_0" pos="14.07" speed="26.97" angle="159.18" x="1.66" y="34.27"/>
        <vehicle id="cfm-slow_1" eclass="HBEFA3/PC_G_EU4" CO2="9327.79" CO="135.83" HC="0.85" NOx="3.67" PMx="0.21" fuel="4.01" electricity="0.00" noise="74.00" route="routetop" type="cfm-slow" waiting="0.00" lane="left_0" pos="36.19" speed="28.07" angle="119.41" x="34.78" y="1.43"/>
        <vehicle id="cfm-slow_2" eclass="HBEFA3/PC_G_EU4" CO2="0.00" CO="0.00" HC="0.00" NOx="0.00" PMx="0.00" fuel="0.00" electricity="0.00" noise="72.98" route="routebottom" type="cfm-slow" waiting="0.00" lane="bottom_0" pos="9.37" speed="28.57" angle="77.55" x="83.63" y="-1.97"/>
        <vehicle id="cfm-slow_3" eclass="HBEFA3/PC_G_EU4" CO2="0.00" CO="0.00" HC="0.00" NOx="0.00" PMx="0.00" fuel="0.00" electricity="0.00" noise="72.14" route="routebottom" type="cfm-slow" waiting="0.00" lane="bottom_0" pos="33.00" speed="28.34" angle="35.13" x="122.70" y="28.72"/>
        <vehicle id="cfm-slow_4" eclass="HBEFA3/PC_G_EU4" CO2="0.00" CO="0.00" HC="0.00" NOx="0.00" PMx="0.00" fuel="0.00" electricity="0.00" noise="71.43" route="routebottom" type="cfm-slow" waiting="0.00" lane="right_0" pos="6.33" speed="27.47" angle="353.05" x="130.91" y="77.28"/>
        <vehicle id="cfm-slow_5" eclass="HBEFA3/PC_G_EU4" CO2="0.00" CO="0.00" HC="0.00" NOx="0.00" PMx="0.00" fuel="0.00" electricity="0.00" noise="70.84" route="routebottom" type="cfm-slow" waiting="0.00" lane="right_0" pos="28.72" speed="26.26" angle="312.80" x="106.19" y="117.49"/>
    </timestep>
    <timestep time="8.35">
        <vehicle id="cfm-fast_0" eclass="HBEFA3/PC_G_EU4" CO2="0.00" CO="0.00" HC="0.00" NOx="0.00" PMx="0.00" fuel="0.00" electricity="0.00" noise="70.65" route="routetop" type="cfm-fast" waiting="0.00" lane="top_0" pos="0.13" speed="25.14" angle="274.24" x="63.29" y="132.26"/>
        <vehicle id="cfm-fast_1" eclass="HBEFA3/PC_G_EU4" CO2="273575.72" CO="8125.62" HC="44.06" NOx="127.32" PMx="8.20" fuel="117.60" electricity="0.00" noise="137.86" route="routetop" type="cfm-fast" waiting="0.00" lane="left_1" pos="6.77" speed="99.57" angle="172.28" x="-0.16" y="49.85"/>
        <vehicle id="cfm-fast_2" eclass="HBEFA3/PC_G_EU4" CO2="5238.05" CO="36.42" HC="0.30" NOx="1.82" PMx="0.09" fuel="2.25" electricity="0.00" noise="71.41" route="routetop" type="cfm-fast" waiting="0.00" lane="top_0" pos="16.19" speed="24.53" angle="245.30" x="30.23" y="123.56"/>
        <vehicle id="cfm-fast_3" eclass="HBEFA3/PC_G_EU4" CO2="10071.20" CO="136.58" HC="0.87" NOx="4.09" PMx="0.22" fuel="4.33" electricity="0.00" noise="73.14" route="routetop" type="cfm-fast" waiting="0.00" lane="top_0" pos="31.70" speed="24.76" angle="217.48" x="6.11" y="101.00"/>
        <vehicle id="cfm-fast_4" eclass="HBEFA3/PC_G_EU4" CO2="12985.90" CO="199.86" HC="1.23" NOx="5.45" PMx="0.30" fuel="5.58" electricity="0.00" noise="74.63" route="routetop" type="cfm-fast" waiting="0.00" lane="top_0" pos="47.49" speed="25.72" angle="189.13" x="-4.73" y="69.15"/>
        <vehicle id="cfm-fast_5" eclass="HBEFA3/PC_G_EU4" CO2="149729.85" CO="6085.60" HC="31.73" NOx="68.84" PMx="5.17" fuel="64.36" electricity="0.00" noise="117.74" route="routebottom" type="cfm-fast" waiting="0.00" lane="bottom_1" pos="48.59" speed="107.00" angle="7.01" x="128.90" y="60.74"/>
        <vehicle id="cfm-slow_0" eclass="HBEFA3/PC_G_EU4" CO2="12811.74" CO="201.76" HC="1.24" NOx="5.34" PMx="0.30" fuel="5.51" electricity="0.00" noise="74.87" route="routetop" type="cfm-slow" waiting="0.00" lane="left_0" pos="14.34" speed="26.98" angle="158.68" x="1.92" y="33.75"/>
        <vehicle id="cfm-slow_1" eclass="HBEFA3/PC_G_EU4" CO2="9278.04" CO="134.83" HC="0.85" NOx="3.65" PMx="0.21" fuel="3.99" electricity="0.00" noise="73.99" route="routetop" type="cfm-slow" waiting="0.00" lane="left_0" pos="36.47" speed="28.07" angle="118.88" x="35.33" y="1.18"/>
        <vehicle id="cfm-slow_2" eclass="HBEFA3/PC_G_EU4" CO2="0.00" CO="0.00" HC="0.00" NOx="0.00" PMx="0.00" fuel="0.00" electricity="0.00" noise="72.97" route="routebottom" type="cfm-slow" waiting="0.00" lane="bottom_0" pos="9.66" speed="28.57" angle="77.03" x="84.22" y="-1.79"/>
        <vehicle id="cfm-slow_3" eclass="HBEFA3/PC_G_EU4" CO2="0.00" CO="0.00" HC="0.00" NOx="0.00" PMx="0.00" fuel="0.00" electricity="0.00" noise="72.13" route="routebottom" type="cfm-slow" waiting="0.00" lane="bottom_0" pos="33.28" speed="28.33" angle="34.63" x="123.01" y="29.24"/>
        <vehicle id="cfm-slow_4" eclass="HBEFA3/PC_G_EU4" CO2="0.00" CO="0.00" HC="0.00" NOx="0.00" PMx="0.00" fuel="0.00" electricity="0.00" noise="71.43" route="routebottom" type="cfm-slow" waiting="0.00" lane="right_0" pos="6.60" speed="27.46" angle="352.56" x="130.78" y="77.86"/>
        <vehicle id="cfm-slow_5" eclass="HBEFA3/PC_G_EU4" CO2="0.00" CO="0.00" HC="0.00" NOx="0.00" PMx="0.00" fuel="0.00" electricity="0.00" noise="70.84" route="routebottom" type="cfm-slow" waiting="0.00" lane="right_0" pos="28.98" speed="26.25" angle="312.32" x="105.74" y="117.83"/>
    </timestep>
    <timestep time="8.36">
        <vehicle id="cfm-fast_0" eclass="HBEFA3/PC_G_EU4" CO2="0.00" CO="0.00" HC="0.00" NOx="0.00" PMx="0.00" fuel="0.00" electricity="0.00" noise="70.65" route="routetop" type="cfm-fast" waiting="0.00" lane="top_0" pos="0.38" speed="25.13" angle="273.78" x="62.75" y="132.25"/>
        <vehicle id="cfm-fast_1" eclass="HBEFA3/PC_G_EU4" CO2="272458.69" CO="8107.79" HC="43.95" NOx="126.80" PMx="8.17" fuel="117.12" electricity="0.00" noise="137.66" route="routetop" type="cfm-fast" waiting="0.00" lane="left_1" pos="7.77" speed="99.65" angle="170.50" x="0.30" y="47.86"/>
        <vehicle id="cfm-fast_2" eclass="HBEFA3/PC_G_EU4" CO2="5284.71" CO="37.39" HC="0.30" NOx="1.84" PMx="0.10" fuel="2.27" electricity="0.00" noise="71.43" route="routetop" type="cfm-fast" waiting="0.00" lane="top_0" pos="16.44" speed="24.54" angle="244.86" x="29.77" y="123.31"/>
        <vehicle id="cfm-fast_3" eclass="HBEFA3/PC_G_EU4" CO2="10100.18" CO="137.20" HC="0.88" NOx="4.11" PMx="0.22" fuel="4.34" electricity="0.00" noise="73.15" route="routetop" type="cfm-fast" waiting="0.00" lane="top_0" pos="31.94" speed="24.77" angle="217.04" x="5.81" y="100.55"/>
        <vehicle id="cfm-fast_4" eclass="HBEFA3/PC_G_EU4" CO2="12984.92" CO="199.89" HC="1.23" NOx="5.45" PMx="0.30" fuel="5.58" electricity="0.00" noise="74.63" route="routetop" type="cfm-fast" waiting="0.00" lane="top_0" pos="47.75" speed="25.73" angle="188.64" x="-4.76" y="68.60"/>
        <vehicle id="cfm-fast_5" eclass="HBEFA3/PC_G_EU4" CO2="148621.80" CO="6064.58" HC="31.61" NOx="68.32" PMx="5.14" fuel="63.89" electricity="0.00" noise="117.57" route="routebottom" type="cfm-fast" waiting="0.00" lane="bottom_1" pos="49.66" speed="107.02" angle="5.10" x="128.96" y="62.93"/>
        <vehicle id="cfm-slow_0" eclass="HBEFA3/PC_G_EU4" CO2="12779.27" CO="201.14" HC="1.24" NOx="5.32" PMx="0.30" fuel="5.49" electricity="0.00" noise="74.86" route="routetop" type="cfm-slow" waiting="0.00" lane="left_0" pos="14.61" speed="26.99" angle="158.18" x="2.18" y="33.23"/>
        <vehicle id="cfm-slow_1" eclass="HBEFA3/PC_G_EU4" CO2="9228.27" CO="133.84" HC="0.84" NOx="3.62" PMx="0.21" fuel="3.97" electricity="0.00" noise="73.98" route="routetop" type="cfm-slow" waiting="0.00" lane="left_0" pos="36.75" speed="28.08" angle="118.36" x="35.88" y="0.93"/>
        <vehicle id="cfm-slow_2" eclass="HBEFA3/PC_G_EU4" CO2="0.00" CO="0.00" HC="0.00" NOx="0.00" PMx="0.00" fuel="0.00" electricity="0.00" noise="72.96" route="routebottom" type="cfm-slow" waiting="0.00" lane="bottom_0" pos="9.94" speed="28.57" angle="76.50" x="84.80" y="-1.60"/>
        <vehicle id="cfm-slow_3" eclass="HBEFA3/PC_G_EU4" CO2="0.00" CO="0.00" HC="0.00" NOx="0.00" PMx="0.00" fuel="0.00" electricity="0.00" noise="72.13" route="routebottom" type="cfm-slow" waiting="0.00" lane="bottom_0" pos="33.57" speed="28.32" angle="34.13" x="123.31" y="29.77"/>
        <vehicle id="cfm-slow_4" eclass="HBEFA3/PC_G_EU4" CO2="0.00" CO="0.00" HC="0.00" NOx="0.00" PMx="0.00" fuel="0.00" electricity="0.00" noise="71.42" route="routebottom" type="cfm-slow" waiting="0.00" lane="right_0" pos="6.87" speed="27.45" angle="352.04" x="130.65" y="78.43"/>
        <vehicle id="cfm-slow_5" eclass="HBEFA3/PC_G_EU4" CO2="0.00" CO="0.00" HC="0.00" NOx="0.00" PMx="0.00" fuel="0.00" electricity="0.00" noise="70.83" route="routebottom" type="cfm-slow" waiting="0.00" lane="right_0" pos="29.25" speed="26.24" angle="311.85" x="105.30" y="118.18"/>
    </timestep>
    <timestep time="8.37">
        <vehicle id="cfm-fast_0" eclass="HBEFA3/PC_G_EU4" CO2="0.00" CO="0.00" HC="0.00" NOx="0.00" PMx="0.00" fuel="0.00" electricity="0.00" noise="70.66" route="routetop" type="cfm-fast" waiting="0.00" lane="top_0" pos="0.63" speed="25.12" angle="273.33" x="62.21" y="132.24"/>
        <vehicle id="cfm-fast_1" eclass="HBEFA3/PC_G_EU4" CO2="271340.47" CO="8089.91" HC="43.84" NOx="126.27" PMx="8.14" fuel="116.64" electricity="0.00" noise="137.46" route="routetop" type="cfm-fast" waiting="0.00" lane="left_1" pos="8.77" speed="99.73" angle="168.64" x="0.82" y="45.88"/>
        <vehicle id="cfm-fast_2" eclass="HBEFA3/PC_G_EU4" CO2="5331.21" CO="38.35" HC="0.31" NOx="1.86" PMx="0.10" fuel="2.29" electricity="0.00" noise="71.44" route="routetop" type="cfm-fast" waiting="0.00" lane="top_0" pos="16.68" speed="24.54" angle="244.47" x="29.31" y="123.05"/>
        <vehicle id="cfm-fast_3" eclass="HBEFA3/PC_G_EU4" CO2="10128.88" CO="137.82" HC="0.88" NOx="4.12" PMx="0.22" fuel="4.35" electricity="0.00" noise="73.17" route="routetop" type="cfm-fast" waiting="0.00" lane="top_0" pos="32.19" speed="24.78" angle="216.64" x="5.53" y="100.10"/>
        <vehicle id="cfm-fast_4" eclass="HBEFA3/PC_G_EU4" CO2="12983.65" CO="199.91" HC="1.23" NOx="5.45" PMx="0.30" fuel="5.58" electricity="0.00" noise="74.63" route="routetop" type="cfm-fast" waiting="0.00" lane="top_0" pos="48.01" speed="25.74" angle="188.15" x="-4.80" y="68.04"/>
        <vehicle id="cfm-fast_5" eclass="HBEFA3/PC_G_EU4" CO2="147533.50" CO="6043.95" HC="31.49" NOx="67.80" PMx="5.11" fuel="63.42" electricity="0.00" noise="117.40" route="routebottom" type="cfm-fast" waiting="0.00" lane="right_1" pos="0.73" speed="107.05" angle="3.16" x="128.94" y="65.19"/>
        <vehicle id="cfm-slow_0" eclass="HBEFA3/PC_G_EU4" CO2="12746.63" CO="200.53" HC="1.23" NOx="5.31" PMx="0.30" fuel="5.48" electricity="0.00" noise="74.85" route="routetop" type="cfm-slow" waiting="0.00" lane="left_0" pos="14.88" speed="27.00" angle="157.67" x="2.44" y="32.71"/>
        <vehicle id="cfm-slow_1" eclass="HBEFA3/PC_G_EU4" CO2="9178.48" CO="132.85" HC="0.84" NOx="3.60" PMx="0.21" fuel="3.95" electricity="0.00" noise="73.97" route="routetop" type="cfm-slow" waiting="0.00" lane="left_0" pos="37.03" speed="28.09" angle="117.83" x="36.43" y="0.69"/>
        <vehicle id="cfm-slow_2" eclass="HBEFA3/PC_G_EU4" CO2="0.00" CO="0.00" HC="0.00" NOx="0.00" PMx="0.00" fuel="0.00" electricity="0.00" noise="72.95" route="routebottom" type="cfm-slow" waiting="0.00" lane="bottom_0" pos="10.23" speed="28.57" angle="76.05" x="85.39" y="-1.42"/>
        <vehicle id="cfm-slow_3" eclass="HBEFA3/PC_G_EU4" CO2="0.00" CO="0.00" HC="0.00" NOx="0.00" PMx="0.00" fuel="0.00" electricity="0.00" noise="72.12" route="routebottom" type="cfm-slow" waiting="0.00" lane="bottom_0" pos="33.85" speed="28.32" angle="33.61" x="123.60" y="30.30"/>
        <vehicle id="cfm-slow_4" eclass="HBEFA3/PC_G_EU4" CO2="0.00" CO="0.00" HC="0.00" NOx="0.00" PMx="0.00" fuel="0.00" electricity="0.00" noise="71.42" route="routebottom" type="cfm-slow" waiting="0.00" lane="right_0" pos="7.15" speed="27.43" angle="351.53" x="130.52" y="79.01"/>
        <vehicle id="cfm-slow_5" eclass="HBEFA3/PC_G_EU4" CO2="0.00" CO="0.00" HC="0.00" NOx="0.00" PMx="0.00" fuel="0.00" electricity="0.00" noise="70.83" route="routebottom" type="cfm-slow" waiting="0.00" lane="right_0" pos="29.51" speed="26.23" angle="311.43" x="104.85" y="118.53"/>
    </timestep>
    <timestep time="8.38">
        <vehicle id="cfm-fast_0" eclass="HBEFA3/PC_G_EU4" CO2="0.00" CO="0.00" HC="0.00" NOx="0.00" PMx="0.00" fuel="0.00" electricity="0.00" noise="70.66" route="routetop" type="cfm-fast" waiting="0.00" lane="top_0" pos="0.88" speed="25.12" angle="272.87" x="61.67" y="132.23"/>
        <vehicle id="cfm-fast_1" eclass="HBEFA3/PC_G_EU4" CO2="270221.26" CO="8071.98" HC="43.73" NOx="125.74" PMx="8.11" fuel="116.16" electricity="0.00" noise="137.26" route="routetop" type="cfm-fast" waiting="0.00" lane="left_1" pos="9.76" speed="99.81" angle="166.87" x="1.42" y="43.93"/>
        <vehicle id="cfm-fast_2" eclass="HBEFA3/PC_G_EU4" CO2="5377.54" CO="39.31" HC="0.31" NOx="1.88" PMx="0.10" fuel="2.31" electricity="0.00" noise="71.45" route="routetop" type="cfm-fast" waiting="0.00" lane="top_0" pos="16.93" speed="24.54" angle="244.03" x="28.85" y="122.78"/>
        <vehicle id="cfm-fast_3" eclass="HBEFA3/PC_G_EU4" CO2="10157.31" CO="138.43" HC="0.88" NOx="4.13" PMx="0.22" fuel="4.37" electricity="0.00" noise="73.18" route="routetop" type="cfm-fast" waiting="0.00" lane="top_0" pos="32.44" speed="24.78" angle="216.17" x="5.25" y="99.65"/>
        <vehicle id="cfm-fast_4" eclass="HBEFA3/PC_G_EU4" CO2="12982.11" CO="199.93" HC="1.23" NOx="5.45" PMx="0.30" fuel="5.58" electricity="0.00" noise="74.64" route="routetop" type="cfm-fast" waiting="0.00" lane="top_0" pos="48.27" speed="25.76" angle="187.66" x="-4.83" y="67.49"/>
        <vehicle id="cfm-fast_5" eclass="HBEFA3/PC_G_EU4" CO2="146464.61" CO="6023.68" HC="31.37" NOx="67.30" PMx="5.09" fuel="62.96" electricity="0.00" noise="117.24" route="routebottom" type="cfm-fast" waiting="0.00" lane="right_1" pos="1.80" speed="107.07" angle="1.25" x="128.86" y="67.38"/>
        <vehicle id="cfm-slow_0" eclass="HBEFA3/PC_G_EU4" CO2="12713.81" CO="199.91" HC="1.23" NOx="5.29" PMx="0.30" fuel="5.47" electricity="0.00" noise="74.84" route="routetop" type="cfm-slow" waiting="0.00" lane="left_0" pos="15.15" speed="27.01" angle="157.16" x="2.70" y="32.19"/>
        <vehicle id="cfm-slow_1" eclass="HBEFA3/PC_G_EU4" CO2="9128.68" CO="131.85" HC="0.83" NOx="3.58" PMx="0.21" fuel="3.92" electricity="0.00" noise="73.95" route="routetop" type="cfm-slow" waiting="0.00" lane="left_0" pos="37.31" speed="28.09" angle="117.39" x="36.99" y="0.45"/>
        <vehicle id="cfm-slow_2" eclass="HBEFA3/PC_G_EU4" CO2="0.00" CO="0.00" HC="0.00" NOx="0.00" PMx="0.00" fuel="0.00" electricity="0.00" noise="72.94" route="routebottom" type="cfm-slow" waiting="0.00" lane="bottom_0" pos="10.51" speed="28.56" angle="75.51" x="85.97" y="-1.22"/>
        <vehicle id="cfm-slow_3" eclass="HBEFA3/PC_G_EU4" CO2="0.00" CO="0.00" HC="0.00" NOx="0.00" PMx="0.00" fuel="0.00" electricity="0.00" noise="72.11" route="routebottom" type="cfm-slow" waiting="0.00" lane="bottom_0" pos="34.13" speed="28.31" angle="33.09" x="123.90" y="30.84"/>
        <vehicle id="cfm-slow_4" eclass="HBEFA3/PC_G_EU4" CO2="0.00" CO="0.00" HC="0.00" NOx="0.00" PMx="0.00" fuel="0.00" electricity="0.00" noise="71.41" route="routebottom" type="cfm-slow" waiting="0.00" lane="right_0" pos="7.42" speed="27.42" angle="351.02" x="130.39" y="79.58"/>
        <vehicle id="cfm-slow_5" eclass="HBEFA3/PC_G_EU4" CO2="0.00" CO="0.00" HC="0.00" NOx="0.00" PMx="0.00" fuel="0.00" electricity="0.00" noise="70.83" route="routebottom" type="cfm-slow" waiting="0.00" lane="right_0" pos="29.77" speed="26.22" angle="310.94" x="104.40" y="118.86"/>
    </timestep>
    <timestep time="8.39">
        <vehicle id="cfm-fast_0" eclass="HBEFA3/PC_G_EU4" CO2="0.00" CO="0.00" HC="0.00" NOx="0.00" PMx="0.00" fuel="0.00" electricity="0.00" noise="70.66" route="routetop" type="cfm-fast" waiting="0.00" lane="top_0" pos="1.14" speed="25.11" angle="272.42" x="61.13" y="132.22"/>
        <vehicle id="cfm-fast_1" eclass="HBEFA3/PC_G_EU4" CO2="269101.24" CO="8054.00" HC="43.62" NOx="125.21" PMx="8.09" fuel="115.67" electricity="0.00" noise="137.07" route="routetop" type="cfm-fast" waiting="0.00" lane="left_1" pos="10.76" speed="99.88" angle="165.08" x="2.07" y="41.98"/>
        <vehicle id="cfm-fast_2" eclass="HBEFA3/PC_G_EU4" CO2="5423.71" CO="40.26" HC="0.32" NOx="1.91" PMx="0.10" fuel="2.33" electricity="0.00" noise="71.47" route="routetop" type="cfm-fast" waiting="0.00" lane="top_0" pos="17.17" speed="24.54" angle="243.59" x="28.40" y="122.51"/>
        <vehicle id="cfm-fast_3" eclass="HBEFA3/PC_G_EU4" CO2="10185.46" CO="139.04" HC="0.89" NOx="4.15" PMx="0.22" fuel="4.38" electricity="0.00" noise="73.20" route="routetop" type="cfm-fast" waiting="0.00" lane="top_0" pos="32.69" speed="24.79" angle="215.70" x="4.98" y="99.19"/>
        <vehicle id="cfm-fast_4" eclass="HBEFA3/PC_G_EU4" CO2="12980.28" CO="199.94" HC="1.23" NOx="5.44" PMx="0.30" fuel="5.58" electricity="0.00" noise="74.64" route="routetop" type="cfm-fast" waiting="0.00" lane="top_0" pos="48.52" speed="25.77" angle="187.16" x="-4.86" y="66.94"/>
        <vehicle id="cfm-fast_5" eclass="HBEFA3/PC_G_EU4" CO2="145414.80" CO="6003.78" HC="31.26" NOx="66.80" PMx="5.06" fuel="62.51" electricity="0.00" noise="117.08" route="routebottom" type="cfm-fast" waiting="0.00" lane="right_1" pos="2.87" speed="107.10" angle="359.35" x="128.70" y="69.57"/>
        <vehicle id="cfm-slow_0" eclass="HBEFA3/PC_G_EU4" CO2="12680.82" CO="199.28" HC="1.22" NOx="5.28" PMx="0.30" fuel="5.45" electricity="0.00" noise="74.83" route="routetop" type="cfm-slow" waiting="0.00" lane="left_0" pos="15.42" speed="27.02" angle="156.73" x="2.96" y="31.67"/>
        <vehicle id="cfm-slow_1" eclass="HBEFA3/PC_G_EU4" CO2="9078.86" CO="130.86" HC="0.82" NOx="3.55" PMx="0.20" fuel="3.90" electricity="0.00" noise="73.94" route="routetop" type="cfm-slow" waiting="0.00" lane="left_0" pos="37.59" speed="28.10" angle="116.87" x="37.55" y="0.22"/>
        <vehicle id="cfm-slow_2" eclass="HBEFA3/PC_G_EU4" CO2="0.00" CO="0.00" HC="0.00" NOx="0.00" PMx="0.00" fuel="0.00" electricity="0.00" noise="72.93" route="routebottom" type="cfm-slow" waiting="0.00" lane="bottom_0" pos="10.80" speed="28.56" angle="74.98" x="86.55" y="-1.01"/>
        <vehicle id="cfm-slow_3" eclass="HBEFA3/PC_G_EU4" CO2="0.00" CO="0.00" HC="0.00" NOx="0.00" PMx="0.00" fuel="0.00" electricity="0.00" noise="72.11" route="routebottom" type="cfm-slow" waiting="0.00" lane="bottom_0" pos="34.41" speed="28.30" angle="32.57" x="124.19" y="31.37"/>
        <vehicle id="cfm-slow_4" eclass="HBEFA3/PC_G_EU4" CO2="0.00" CO="0.00" HC="0.00" NOx="0.00" PMx="0.00" fuel="0.00" electricity="0.00" noise="71.41" route="routebottom" type="cfm-slow" waiting="0.00" lane="right_0" pos="7.70" speed="27.41" angle="350.57" x="130.26" y="80.16"/>
        <vehicle id="cfm-slow_5" eclass="HBEFA3/PC_G_EU4" CO2="0.00" CO="0.00" HC="0.00" NOx="0.00" PMx="0.00" fuel="0.00" electricity="0.00" noise="70.83" route="routebottom" type="cfm-slow" waiting="0.00" lane="right_0" pos="30.03" speed="26.21" angle="310.45" x="103.94" y="119.19"/>
    </timestep>
    <timestep time="8.40">
        <vehicle id="cfm-fast_0" eclass="HBEFA3/PC_G_EU4" CO2="0.00" CO="0.00" HC="0.00" NOx="0.00" PMx="0.00" fuel="0.00" electricity="0.00" noise="70.67" route="routetop" type="cfm-fast" waiting="0.00" lane="top_0" pos="1.39" speed="25.11" angle="271.99" x="60.59" y="132.20"/>
        <vehicle id="cfm-fast_1" eclass="HBEFA3/PC_G_EU4" CO2="267980.60" CO="8035.98" HC="43.51" NOx="124.68" PMx="8.06" fuel="115.19" electricity="0.00" noise="136.87" route="routetop" type="cfm-fast" waiting="0.00" lane="left_1" pos="11.76" speed="99.96" angle="163.30" x="2.78" y="40.06"/>
        <vehicle id="cfm-fast_2" eclass="HBEFA3/PC_G_EU4" CO2="5469.72" CO="41.22" HC="0.32" NOx="1.93" PMx="0.10" fuel="2.35" electricity="0.00" noise="71.48" route="routetop" type="cfm-fast" waiting="0.00" lane="top_0" pos="17.42" speed="24.54" angle="243.14" x="27.95" y="122.24"/>
        <vehicle id="cfm-fast_3" eclass="HBEFA3/PC_G_EU4" CO2="10213.35" CO="139.64" HC="0.89" NOx="4.16" PMx="0.22" fuel="4.39" electricity="0.00" noise="73.21" route="routetop" type="cfm-fast" waiting="0.00" lane="top_0" pos="32.93" speed="24.80" angle="215.23" x="4.70" y="98.73"/>
        <vehicle id="cfm-fast_4" eclass="HBEFA3/PC_G_EU4" CO2="12978.18" CO="199.95" HC="1.23" NOx="5.44" PMx="0.30" fuel="5.58" electricity="0.00" noise="74.64" route="routetop" type="cfm-fast" waiting="0.00" lane="top_0" pos="48.78" speed="25.78" angle="186.74" x="-4.89" y="66.38"/>
        <vehicle id="cfm-fast_5" eclass="HBEFA3/PC_G_EU4" CO2="144383.73" CO="5984.24" HC="31.14" NOx="66.32" PMx="5.03" fuel="62.06" electricity="0.00" noise="116.92" route="routebottom" type="cfm-fast" waiting="0.00" lane="right_1" pos="3.94" speed="107.12" angle="357.44" x="128.47" y="71.75"/>
        <vehicle id="cfm-slow_0" eclass="HBEFA3/PC_G_EU4" CO2="12647.66" CO="198.65" HC="1.22" NOx="5.26" PMx="0.29" fuel="5.44" electricity="0.00" noise="74.82" route="routetop" type="cfm-slow" waiting="0.00" lane="left_0" pos="15.69" speed="27.04" angle="156.23" x="3.25" y="31.16"/>
        <vehicle id="cfm-slow_1" eclass="HBEFA3/PC_G_EU4" CO2="9029.03" CO="129.86" HC="0.82" NOx="3.53" PMx="0.20" fuel="3.88" electricity="0.00" noise="73.93" route="routetop" type="cfm-slow" waiting="0.00" lane="left_0" pos="37.87" speed="28.10" angle="116.35" x="38.11" y="-0.00"/>
        <vehicle id="cfm-slow_2" eclass="HBEFA3/PC_G_EU4" CO2="0.00" CO="0.00" HC="0.00" NOx="0.00" PMx="0.00" fuel="0.00" electricity="0.00" noise="72.92" route="routebottom" type="cfm-slow" waiting="0.00" lane="bottom_0" pos="11.09" speed="28.56" angle="74.45" x="87.13" y="-0.80"/>
        <vehicle id="cfm-slow_3" eclass="HBEFA3/PC_G_EU4" CO2="0.00" CO="0.00" HC="0.00" NOx="0.00" PMx="0.00" fuel="0.00" electricity="0.00" noise="72.10" route="routebottom" type="cfm-slow" waiting="0.00" lane="bottom_0" pos="34.70" speed="28.29" angle="32.11" x="124.48" y="31.91"/>
        <vehicle id="cfm-slow_4" eclass="HBEFA3/PC_G_EU4" CO2="0.00" CO="0.00" HC="0.00" NOx="0.00" PMx="0.00" fuel="0.00" electricity="0.00" noise="71.40" route="routebottom" type="cfm-slow" waiting="0.00" lane="right_0" pos="7.97" speed="27.40" angle="350.07" x="130.11" y="80.73"/>
        <vehicle id="cfm-slow_5" eclass="HBEFA3/PC_G_EU4" CO2="0.00" CO="0.00" HC="0.00" NOx="0.00" PMx="0.00" fuel="0.00" electricity="0.00" noise="70.82" route="routebottom" type="cfm-slow" waiting="0.00" lane="right_0" pos="30.30" speed="26.20" angle="309.97" x="103.48" y="119.52"/>
    </timestep>
    <timestep time="8.41">
        <vehicle id="cfm-fast_0" eclass="HBEFA3/PC_G_EU4" CO2="0.00" CO="0.00" HC="0.00" NOx="0.00" PMx="0.00" fuel="0.00" electricity="0.00" noise="70.67" route="routetop" type="cfm-fast" waiting="0.00" lane="top_0" pos="1.64" speed="25.10" angle="271.54" x="60.05" y="132.17"/>
        <vehicle id="cfm-fast_1" eclass="HBEFA3/PC_G_EU4" CO2="266859.52" CO="8017.91" HC="43.40" NOx="124.15" PMx="8.03" fuel="114.71" electricity="0.00" noise="136.67" route="routetop" type="cfm-fast" waiting="0.00" lane="left_1" pos="12.76" speed="100.04" angle="161.54" x="3.54" y="38.16"/>
        <vehicle id="cfm-fast_2" eclass="HBEFA3/PC_G_EU4" CO2="5515.55" CO="42.17" HC="0.33" NOx="1.95" PMx="0.10" fuel="2.37" electricity="0.00" noise="71.50" route="routetop" type="cfm-fast" waiting="0.00" lane="top_0" pos="17.66" speed="24.55" angle="242.70" x="27.49" y="121.97"/>
        <vehicle id="cfm-fast_3" eclass="HBEFA3/PC_G_EU4" CO2="10240.95" CO="140.24" HC="0.89" NOx="4.17" PMx="0.23" fuel="4.40" electricity="0.00" noise="73.22" route="routetop" type="cfm-fast" waiting="0.00" lane="top_0" pos="33.18" speed="24.81" angle="214.76" x="4.43" y="98.27"/>
        <vehicle id="cfm-fast_4" eclass="HBEFA3/PC_G_EU4" CO2="12975.80" CO="199.95" HC="1.23" NOx="5.44" PMx="0.30" fuel="5.58" electricity="0.00" noise="74.64" route="routetop" type="cfm-fast" waiting="0.00" lane="top_0" pos="49.04" speed="25.79" angle="186.27" x="-4.90" y="65.83"/>
        <vehicle id="cfm-fast_5" eclass="HBEFA3/PC_G_EU4" CO2="143371.06" CO="5965.05" HC="31.03" NOx="65.84" PMx="5.01" fuel="61.63" electricity="0.00" noise="116.76" route="routebottom" type="cfm-fast" waiting="0.00" lane="right_1" pos="5.01" speed="107.14" angle="355.47" x="128.16" y="73.93"/>
        <vehicle id="cfm-slow_0" eclass="HBEFA3/PC_G_EU4" CO2="12614.32" CO="198.02" HC="1.22" NOx="5.24" PMx="0.29" fuel="5.42" electricity="0.00" noise="74.81" route="routetop" type="cfm-slow" waiting="0.00" lane="left_0" pos="15.96" speed="27.05" angle="155.73" x="3.53" y="30.65"/>
        <vehicle id="cfm-slow_1" eclass="HBEFA3/PC_G_EU4" CO2="8979.19" CO="128.87" HC="0.81" NOx="3.50" PMx="0.20" fuel="3.86" electricity="0.00" noise="73.92" route="routetop" type="cfm-slow" waiting="0.00" lane="left_0" pos="38.15" speed="28.11" angle="115.84" x="38.67" y="-0.23"/>
        <vehicle id="cfm-slow_2" eclass="HBEFA3/PC_G_EU4" CO2="0.00" CO="0.00" HC="0.00" NOx="0.00" PMx="0.00" fuel="0.00" electricity="0.00" noise="72.91" route="routebottom" type="cfm-slow" waiting="0.00" lane="bottom_0" pos="11.37" speed="28.56" angle="73.92" x="87.70" y="-0.59"/>
        <vehicle id="cfm-slow_3" eclass="HBEFA3/PC_G_EU4" CO2="0.00" CO="0.00" HC="0.00" NOx="0.00" PMx="0.00" fuel="0.00" electricity="0.00" noise="72.09" route="routebottom" type="cfm-slow" waiting="0.00" lane="bottom_0" pos="34.98" speed="28.28" angle="31.60" x="124.75" y="32.45"/>
        <vehicle id="cfm-slow_4" eclass="HBEFA3/PC_G_EU4" CO2="0.00" CO="0.00" HC="0.00" NOx="0.00" PMx="0.00" fuel="0.00" electricity="0.00" noise="71.39" route="routebottom" type="cfm-slow" waiting="0.00" lane="right_0" pos="8.25" speed="27.39" angle="349.57" x="129.96" y="81.30"/>
        <vehicle id="cfm-slow_5" eclass="HBEFA3/PC_G_EU4" CO2="0.00" CO="0.00" HC="0.00" NOx="0.00" PMx="0.00" fuel="0.00" electricity="0.00" noise="70.82" route="routebottom" type="cfm-slow" waiting="0.00" lane="right_0" pos="30.56" speed="26.18" angle="309.48" x="103.02" y="119.84"/>
    </timestep>
    <timestep time="8.42">
        <vehicle id="cfm-fast_0" eclass="HBEFA3/PC_G_EU4" CO2="0.00" CO="0.00" HC="0.00" NOx="0.00" PMx="0.00" fuel="0.00" electricity="0.00" noise="70.68" route="routetop" type="cfm-fast" waiting="0.00" lane="top_0" pos="1.89" speed="25.10" angle="271.09" x="59.51" y="132.14"/>
        <vehicle id="cfm-fast_1" eclass="HBEFA3/PC_G_EU4" CO2="265738.16" CO="7999.82" HC="43.29" NOx="123.62" PMx="8.01" fuel="114.23" electricity="0.00" noise="136.48" route="routetop" type="cfm-fast" waiting="0.00" lane="left_1" pos="13.76" speed="100.11" angle="159.73" x="4.37" y="36.28"/>
        <vehicle id="cfm-fast_2" eclass="HBEFA3/PC_G_EU4" CO2="5561.22" CO="43.11" HC="0.33" NOx="1.97" PMx="0.10" fuel="2.39" electricity="0.00" noise="71.51" route="routetop" type="cfm-fast" waiting="0.00" lane="top_0" pos="17.91" speed="24.55" angle="242.31" x="27.04" y="121.70"/>
        <vehicle id="cfm-fast_3" eclass="HBEFA3/PC_G_EU4" CO2="10268.29" CO="140.83" HC="0.90" NOx="4.19" PMx="0.23" fuel="4.41" electricity="0.00" noise="73.24" route="routetop" type="cfm-fast" waiting="0.00" lane="top_0" pos="33.43" speed="24.82" angle="214.36" x="4.16" y="97.81"/>
        <vehicle id="cfm-fast_4" eclass="HBEFA3/PC_G_EU4" CO2="12973.14" CO="199.94" HC="1.23" NOx="5.44" PMx="0.30" fuel="5.58" electricity="0.00" noise="74.64" route="routetop" type="cfm-fast" waiting="0.00" lane="top_0" pos="49.30" speed="25.81" angle="185.80" x="-4.92" y="65.27"/>
        <vehicle id="cfm-fast_5" eclass="HBEFA3/PC_G_EU4" CO2="142376.47" CO="5946.21" HC="30.92" NOx="65.37" PMx="4.98" fuel="61.20" electricity="0.00" noise="116.61" route="routebottom" type="cfm-fast" waiting="0.00" lane="right_1" pos="6.09" speed="107.16" angle="353.54" x="127.77" y="76.09"/>
        <vehicle id="cfm-slow_0" eclass="HBEFA3/PC_G_EU4" CO2="12580.82" CO="197.38" HC="1.21" NOx="5.23" PMx="0.29" fuel="5.41" electricity="0.00" noise="74.80" route="routetop" type="cfm-slow" waiting="0.00" lane="left_0" pos="16.23" speed="27.06" angle="155.23" x="3.81" y="30.14"/>
        <vehicle id="cfm-slow_1" eclass="HBEFA3/PC_G_EU4" CO2="8929.34" CO="127.87" HC="0.81" NOx="3.48" PMx="0.20" fuel="3.84" electricity="0.00" noise="73.90" route="routetop" type="cfm-slow" waiting="0.00" lane="left_0" pos="38.44" speed="28.11" angle="115.35" x="39.23" y="-0.45"/>
        <vehicle id="cfm-slow_2" eclass="HBEFA3/PC_G_EU4" CO2="0.00" CO="0.00" HC="0.00" NOx="0.00" PMx="0.00" fuel="0.00" electricity="0.00" noise="72.90" route="routebottom" type="cfm-slow" waiting="0.00" lane="bottom_0" pos="11.66" speed="28.56" angle="73.46" x="88.28" y="-0.37"/>
        <vehicle id="cfm-slow_3" eclass="HBEFA3/PC_G_EU4" CO2="0.00" CO="0.00" HC="0.00" NOx="0.00" PMx="0.00" fuel="0.00" electricity="0.00" noise="72.08" route="routebottom" type="cfm-slow" waiting="0.00" lane="bottom_0" pos="35.26" speed="28.27" angle="31.09" x="125.03" y="32.99"/>
        <vehicle id="cfm-slow_4" eclass="HBEFA3/PC_G_EU4" CO2="0.00" CO="0.00" HC="0.00" NOx="0.00" PMx="0.00" fuel="0.00" electricity="0.00" noise="71.39" route="routebottom" type="cfm-slow" waiting="0.00" lane="right_0" pos="8.52" speed="27.38" angle="349.07" x="129.80" y="81.87"/>
        <vehicle id="cfm-slow_5" eclass="HBEFA3/PC_G_EU4" CO2="0.00" CO="0.00" HC="0.00" NOx="0.00" PMx="0.00" fuel="0.00" electricity="0.00" noise="70.82" route="routebottom" type="cfm-slow" waiting="0.00" lane="right_0" pos="30.82" speed="26.17" angle="309.05" x="102.56" y="120.17"/>
    </timestep>
    <timestep time="8.43">
        <vehicle id="cfm-fast_0" eclass="HBEFA3/PC_G_EU4" CO2="0.00" CO="0.00" HC="0.00" NOx="0.00" PMx="0.00" fuel="0.00" electricity="0.00" noise="70.68" route="routetop" type="cfm-fast" waiting="0.00" lane="top_0" pos="2.14" speed="25.09" angle="270.64" x="58.97" y="132.11"/>
        <vehicle id="cfm-fast_1" eclass="HBEFA3/PC_G_EU4" CO2="264616.70" CO="7981.69" HC="43.18" NOx="123.09" PMx="7.98" fuel="113.75" electricity="0.00" noise="136.28" route="routetop" type="cfm-fast" waiting="0.00" lane="left_1" pos="14.77" speed="100.19" angle="157.93" x="5.26" y="34.43"/>
        <vehicle id="cfm-fast_2" eclass="HBEFA3/PC_G_EU4" CO2="5606.72" CO="44.06" HC="0.34" NOx="1.99" PMx="0.10" fuel="2.41" electricity="0.00" noise="71.52" route="routetop" type="cfm-fast" waiting="0.00" lane="top_0" pos="18.15" speed="24.55" angle="241.85" x="26.60" y="121.40"/>
        <vehicle id="cfm-fast_3" eclass="HBEFA3/PC_G_EU4" CO2="10295.35" CO="141.42" HC="0.90" NOx="4.20" PMx="0.23" fuel="4.43" electricity="0.00" noise="73.25" route="routetop" type="cfm-fast" waiting="0.00" lane="top_0" pos="33.68" speed="24.83" angle="213.91" x="3.90" y="97.35"/>
        <vehicle id="cfm-fast_4" eclass="HBEFA3/PC_G_EU4" CO2="12970.20" CO="199.93" HC="1.23" NOx="5.44" PMx="0.30" fuel="5.58" electricity="0.00" noise="74.65" route="routetop" type="cfm-fast" waiting="0.00" lane="top_0" pos="49.55" speed="25.82" angle="185.33" x="-4.93" y="64.72"/>
        <vehicle id="cfm-fast_5" eclass="HBEFA3/PC_G_EU4" CO2="141399.65" CO="5927.71" HC="30.81" NOx="64.91" PMx="4.96" fuel="60.78" electricity="0.00" noise="116.46" route="routebottom" type="cfm-fast" waiting="0.00" lane="right_1" pos="7.16" speed="107.19" angle="351.56" x="127.31" y="78.24"/>
        <vehicle id="cfm-slow_0" eclass="HBEFA3/PC_G_EU4" CO2="12547.15" CO="196.74" HC="1.21" NOx="5.21" PMx="0.29" fuel="5.39" electricity="0.00" noise="74.79" route="routetop" type="cfm-slow" waiting="0.00" lane="left_0" pos="16.51" speed="27.07" angle="154.73" x="4.09" y="29.63"/>
        <vehicle id="cfm-slow_1" eclass="HBEFA3/PC_G_EU4" CO2="8879.48" CO="126.88" HC="0.80" NOx="3.46" PMx="0.20" fuel="3.82" electricity="0.00" noise="73.89" route="routetop" type="cfm-slow" waiting="0.00" lane="left_0" pos="38.72" speed="28.12" angle="114.86" x="39.80" y="-0.66"/>
        <vehicle id="cfm-slow_2" eclass="HBEFA3/PC_G_EU4" CO2="0.00" CO="0.00" HC="0.00" NOx="0.00" PMx="0.00" fuel="0.00" electricity="0.00" noise="72.89" route="routebottom" type="cfm-slow" waiting="0.00" lane="bottom_0" pos="11.94" speed="28.55" angle="72.95" x="88.85" y="-0.15"/>
        <vehicle id="cfm-slow_3" eclass="HBEFA3/PC_G_EU4" CO2="0.00" CO="0.00" HC="0.00" NOx="0.00" PMx="0.00" fuel="0.00" electricity="0.00" noise="72.08" route="routebottom" type="cfm-slow" waiting="0.00" lane="bottom_0" pos="35.55" speed="28.27" angle="30.57" x="125.30" y="33.54"/>
        <vehicle id="cfm-slow_4" eclass="HBEFA3/PC_G_EU4" CO2="0.00" CO="0.00" HC="0.00" NOx="0.00" PMx="0.00" fuel="0.00" electricity="0.00" noise="71.38" route="routebottom" type="cfm-slow" waiting="0.00" lane="right_0" pos="8.79" speed="27.36" angle="348.56" x="129.65" y="82.43"/>
        <vehicle id="cfm-slow_5" eclass="HBEFA3/PC_G_EU4" CO2="0.00" CO="0.00" HC="0.00" NOx="0.00" PMx="0.00" fuel="0.00" electricity="0.00" noise="70.82" route="routebottom" type="cfm-slow" waiting="0.00" lane="right_0" pos="31.08" speed="26.16" angle="308.58" x="102.10" y="120.48"/>
    </timestep>
    <timestep time="8.44">
        <vehicle id="cfm-fast_0" eclass="HBEFA3/PC_G_EU4" CO2="0.00" CO="0.00" HC="0.00" NOx="0.00" PMx="0.00" fuel="0.00" electricity="0.00" noise="70.69" route="routetop" type="cfm-fast" waiting="0.00" lane="top_0" pos="2.39" speed="25.08" angle="270.19" x="58.43" y="132.08"/>
        <vehicle id="cfm-fast_1" eclass="HBEFA3/PC_G_EU4" CO2="263495.30" CO="7963.53" HC="43.07" NOx="122.56" PMx="7.95" fuel="113.26" electricity="0.00" noise="136.08" route="routetop" type="cfm-fast" waiting="0.00" lane="left_1" pos="15.77" speed="100.26" angle="156.15" x="6.21" y="32.61"/>
        <vehicle id="cfm-fast_2" eclass="HBEFA3/PC_G_EU4" CO2="5652.05" CO="45.00" HC="0.35" NOx="2.01" PMx="0.10" fuel="2.43" electricity="0.00" noise="71.54" route="routetop" type="cfm-fast" waiting="0.00" lane="top_0" pos="18.40" speed="24.55" angle="241.37" x="26.16" y="121.11"/>
        <vehicle id="cfm-fast_3" eclass="HBEFA3/PC_G_EU4" CO2="10322.14" CO="142.00" HC="0.90" NOx="4.21" PMx="0.23" fuel="4.44" electricity="0.00" noise="73.27" route="routetop" type="cfm-fast" waiting="0.00" lane="top_0" pos="33.93" speed="24.84" angle="213.46" x="3.64" y="96.88"/>
        <vehicle id="cfm-fast_4" eclass="HBEFA3/PC_G_EU4" CO2="12966.99" CO="199.91" HC="1.23" NOx="5.44" PMx="0.30" fuel="5.57" electricity="0.00" noise="74.65" route="routetop" type="cfm-fast" waiting="0.00" lane="top_0" pos="49.81" speed="25.83" angle="184.86" x="-4.94" y="64.16"/>
        <vehicle id="cfm-fast_5" eclass="HBEFA3/PC_G_EU4" CO2="140440.28" CO="5909.54" HC="30.70" NOx="64.45" PMx="4.93" fuel="60.37" electricity="0.00" noise="116.31" route="routebottom" type="cfm-fast" waiting="0.00" lane="right_1" pos="8.23" speed="107.21" angle="349.64" x="126.79" y="80.37"/>
        <vehicle id="cfm-slow_0" eclass="HBEFA3/PC_G_EU4" CO2="12513.31" CO="196.10" HC="1.21" NOx="5.19" PMx="0.29" fuel="5.38" electricity="0.00" noise="74.78" route="routetop" type="cfm-slow" waiting="0.00" lane="left_0" pos="16.78" speed="27.08" angle="154.29" x="4.38" y="29.13"/>
        <vehicle id="cfm-slow_1" eclass="HBEFA3/PC_G_EU4" CO2="8829.62" CO="125.88" HC="0.80" NOx="3.43" PMx="0.20" fuel="3.80" electricity="0.00" noise="73.88" route="routetop" type="cfm-slow" waiting="0.00" lane="left_0" pos="39.00" speed="28.12" angle="114.34" x="40.37" y="-0.86"/>
        <vehicle id="cfm-slow_2" eclass="HBEFA3/PC_G_EU4" CO2="0.00" CO="0.00" HC="0.00" NOx="0.00" PMx="0.00" fuel="0.00" electricity="0.00" noise="72.88" route="routebottom" type="cfm-slow" waiting="0.00" lane="bottom_0" pos="12.23" speed="28.55" angle="72.44" x="89.42" y="0.08"/>
        <vehicle id="cfm-slow_3" eclass="HBEFA3/PC_G_EU4" CO2="0.00" CO="0.00" HC="0.00" NOx="0.00" PMx="0.00" fuel="0.00" electricity="0.00" noise="72.07" route="routebottom" type="cfm-slow" waiting="0.00" lane="bottom_0" pos="35.83" speed="28.26" angle="30.08" x="125.57" y="34.08"/>
        <vehicle id="cfm-slow_4" eclass="HBEFA3/PC_G_EU4" CO2="0.00" CO="0.00" HC="0.00" NOx="0.00" PMx="0.00" fuel="0.00" electricity="0.00" noise="71.38" route="routebottom" type="cfm-slow" waiting="0.00" lane="right_0" pos="9.07" speed="27.35" angle="348.13" x="129.49" y="83.00"/>
        <vehicle id="cfm-slow_5" eclass="HBEFA3/PC_G_EU4" CO2="0.00" CO="0.00" HC="0.00" NOx="0.00" PMx="0.00" fuel="0.00" electricity="0.00" noise="70.81" route="routebottom" type="cfm-slow" waiting="0.00" lane="right_0" pos="31.34" speed="26.15" angle="308.11" x="101.63" y="120.80"/>
    </timestep>
    <timestep time="8.45">
        <vehicle id="cfm-fast_0" eclass="HBEFA3/PC_G_EU4" CO2="0.00" CO="0.00" HC="0.00" NOx="0.00" PMx="0.00" fuel="0.00" electricity="0.00" noise="70.69" route="routetop" type="cfm-fast" waiting="0.00" lane="top_0" pos="2.64" speed="25.08" angle="269.76" x="57.89" y="132.03"/>
        <vehicle id="cfm-fast_1" eclass="HBEFA3/PC_G_EU4" CO2="262374.12" CO="7945.35" HC="42.96" NOx="122.03" PMx="7.92" fuel="112.78" electricity="0.00" noise="135.89" route="routetop" type="cfm-fast" waiting="0.00" lane="left_1" pos="16.77" speed="100.33" angle="154.35" x="7.22" y="30.81"/>
        <vehicle id="cfm-fast_2" eclass="HBEFA3/PC_G_EU4" CO2="5697.21" CO="45.93" HC="0.35" NOx="2.04" PMx="0.11" fuel="2.45" electricity="0.00" noise="71.55" route="routetop" type="cfm-fast" waiting="0.00" lane="top_0" pos="18.65" speed="24.56" angle="240.89" x="25.72" y="120.82"/>
        <vehicle id="cfm-fast_3" eclass="HBEFA3/PC_G_EU4" CO2="10348.66" CO="142.57" HC="0.91" NOx="4.22" PMx="0.23" fuel="4.45" electricity="0.00" noise="73.28" route="routetop" type="cfm-fast" waiting="0.00" lane="top_0" pos="34.18" speed="24.85" angle="213.01" x="3.38" y="96.41"/>
        <vehicle id="cfm-fast_4" eclass="HBEFA3/PC_G_EU4" CO2="12963.50" CO="199.89" HC="1.23" NOx="5.43" PMx="0.30" fuel="5.57" electricity="0.00" noise="74.65" route="routetop" type="cfm-fast" waiting="0.00" lane="left_0" pos="0.07" speed="25.84" angle="184.35" x="-4.95" y="63.42"/>
        <vehicle id="cfm-fast_5" eclass="HBEFA3/PC_G_EU4" CO2="139498.05" CO="5891.70" HC="30.60" NOx="64.01" PMx="4.91" fuel="59.96" electricity="0.00" noise="116.17" route="routebottom" type="cfm-fast" waiting="0.00" lane="right_1" pos="9.30" speed="107.23" angle="347.77" x="126.19" y="82.49"/>
        <vehicle id="cfm-slow_0" eclass="HBEFA3/PC_G_EU4" CO2="12479.30" CO="195.45" HC="1.20" NOx="5.18" PMx="0.29" fuel="5.36" electricity="0.00" noise="74.77" route="routetop" type="cfm-slow" waiting="0.00" lane="left_0" pos="17.05" speed="27.09" angle="153.79" x="4.68" y="28.63"/>
        <vehicle id="cfm-slow_1" eclass="HBEFA3/PC_G_EU4" CO2="8779.76" CO="124.88" HC="0.79" NOx="3.41" PMx="0.20" fuel="3.77" electricity="0.00" noise="73.87" route="routetop" type="cfm-slow" waiting="0.00" lane="left_0" pos="39.28" speed="28.13" angle="113.82" x="40.94" y="-1.07"/>
        <vehicle id="cfm-slow_2" eclass="HBEFA3/PC_G_EU4" CO2="0.00" CO="0.00" HC="0.00" NOx="0.00" PMx="0.00" fuel="0.00" electricity="0.00" noise="72.87" route="routebottom" type="cfm-slow" waiting="0.00" lane="bottom_0" pos="12.51" speed="28.55" angle="71.94" x="89.99" y="0.31"/>
        <vehicle id="cfm-slow_3" eclass="HBEFA3/PC_G_EU4" CO2="0.00" CO="0.00" HC="0.00" NOx="0.00" PMx="0.00" fuel="0.00" electricity="0.00" noise="72.06" route="routebottom" type="cfm-slow" waiting="0.00" lane="bottom_0" pos="36.11" speed="28.25" angle="29.58" x="125.83" y="34.63"/>
        <vehicle id="cfm-slow_4" eclass="HBEFA3/PC_G_EU4" CO2="0.00" CO="0.00" HC="0.00" NOx="0.00" PMx="0.00" fuel="0.00" electricity="0.00" noise="71.37" route="routebottom" type="cfm-slow" waiting="0.00" lane="right_0" pos="9.34" speed="27.34" angle="347.63" x="129.32" y="83.56"/>
        <vehicle id="cfm-slow_5" eclass="HBEFA3/PC_G_EU4" CO2="0.00" CO="0.00" HC="0.00" NOx="0.00" PMx="0.00" fuel="0.00" electricity="0.00" noise="70.81" route="routebottom" type="cfm-slow" waiting="0.00" lane="right_0" pos="31.60" speed="26.14" angle="307.64" x="101.16" y="121.11"/>
    </timestep>
    <timestep time="8.46">
        <vehicle id="cfm-fast_0" eclass="HBEFA3/PC_G_EU4" CO2="0.00" CO="0.00" HC="0.00" NOx="0.00" PMx="0.00" fuel="0.00" electricity="0.00" noise="70.70" route="routetop" type="cfm-fast" waiting="0.00" lane="top_0" pos="2.89" speed="25.07" angle="269.31" x="57.36" y="131.98"/>
        <vehicle id="cfm-fast_1" eclass="HBEFA3/PC_G_EU4" CO2="261253.33" CO="7927.14" HC="42.85" NOx="121.50" PMx="7.90" fuel="112.30" electricity="0.00" noise="135.69" route="routetop" type="cfm-fast" waiting="0.00" lane="left_1" pos="17.78" speed="100.41" angle="152.47" x="8.28" y="29.05"/>
        <vehicle id="cfm-fast_2" eclass="HBEFA3/PC_G_EU4" CO2="5742.19" CO="46.87" HC="0.36" NOx="2.06" PMx="0.11" fuel="2.47" electricity="0.00" noise="71.57" route="routetop" type="cfm-fast" waiting="0.00" lane="top_0" pos="18.89" speed="24.56" angle="240.42" x="25.28" y="120.52"/>
        <vehicle id="cfm-fast_3" eclass="HBEFA3/PC_G_EU4" CO2="10374.90" CO="143.14" HC="0.91" NOx="4.24" PMx="0.23" fuel="4.46" electricity="0.00" noise="73.29" route="routetop" type="cfm-fast" waiting="0.00" lane="top_0" pos="34.42" speed="24.86" angle="212.56" x="3.12" y="95.94"/>
        <vehicle id="cfm-fast_4" eclass="HBEFA3/PC_G_EU4" CO2="12959.74" CO="199.86" HC="1.23" NOx="5.43" PMx="0.30" fuel="5.57" electricity="0.00" noise="74.65" route="routetop" type="cfm-fast" waiting="0.00" lane="left_0" pos="0.33" speed="25.86" angle="183.88" x="-4.93" y="62.86"/>
        <vehicle id="cfm-fast_5" eclass="HBEFA3/PC_G_EU4" CO2="138572.66" CO="5874.18" HC="30.50" NOx="63.57" PMx="4.89" fuel="59.57" electricity="0.00" noise="116.03" route="routebottom" type="cfm-fast" waiting="0.00" lane="right_1" pos="10.37" speed="107.25" angle="345.86" x="125.53" y="84.59"/>
        <vehicle id="cfm-slow_0" eclass="HBEFA3/PC_G_EU4" CO2="12445.13" CO="194.80" HC="1.20" NOx="5.16" PMx="0.29" fuel="5.35" electricity="0.00" noise="74.76" route="routetop" type="cfm-slow" waiting="0.00" lane="left_0" pos="17.32" speed="27.10" angle="153.30" x="4.98" y="28.13"/>
        <vehicle id="cfm-slow_1" eclass="HBEFA3/PC_G_EU4" CO2="8729.89" CO="123.88" HC="0.78" NOx="3.39" PMx="0.20" fuel="3.75" electricity="0.00" noise="73.85" route="routetop" type="cfm-slow" waiting="0.00" lane="left_0" pos="39.56" speed="28.13" angle="113.30" x="41.51" y="-1.27"/>
        <vehicle id="cfm-slow_2" eclass="HBEFA3/PC_G_EU4" CO2="0.00" CO="0.00" HC="0.00" NOx="0.00" PMx="0.00" fuel="0.00" electricity="0.00" noise="72.86" route="routebottom" type="cfm-slow" waiting="0.00" lane="bottom_0" pos="12.80" speed="28.55" angle="71.48" x="90.56" y="0.54"/>
        <vehicle id="cfm-slow_3" eclass="HBEFA3/PC_G_EU4" CO2="0.00" CO="0.00" HC="0.00" NOx="0.00" PMx="0.00" fuel="0.00" electricity="0.00" noise="72.05" route="routebottom" type="cfm-slow" waiting="0.00" lane="bottom_0" pos="36.39" speed="28.24" angle="29.03" x="126.08" y="35.18"/>
        <vehicle id="cfm-slow_4" eclass="HBEFA3/PC_G_EU4" CO2="0.00" CO="0.00" HC="0.00" NOx="0.00" PMx="0.00" fuel="0.00" electricity="0.00" noise="71.37" route="routebottom" type="cfm-slow" waiting="0.00" lane="right_0" pos="9.61" speed="27.33" angle="347.14" x="129.14" y="84.12"/>
        <vehicle id="cfm-slow_5" eclass="HBEFA3/PC_G_EU4" CO2="0.00" CO="0.00" HC="0.00" NOx="0.00" PMx="0.00" fuel="0.00" electricity="0.00" noise="70.81" route="routebottom" type="cfm-slow" waiting="0.00" lane="right_0" pos="31.86" speed="26.13" angle="307.17" x="100.69" y="121.42"/>
    </timestep>
    <timestep time="8.47">
        <vehicle id="cfm-fast_0" eclass="HBEFA3/PC_G_EU4" CO2="0.00" CO="0.00" HC="0.00" NOx="0.00" PMx="0.00" fuel="0.00" electricity="0.00" noise="70.70" route="routetop" type="cfm-fast" waiting="0.00" lane="top_0" pos="3.14" speed="25.07" angle="268.86" x="56.82" y="131.93"/>
        <vehicle id="cfm-fast_1" eclass="HBEFA3/PC_G_EU4" CO2="260133.07" CO="7908.92" HC="42.74" NOx="120.98" PMx="7.87" fuel="111.82" electricity="0.00" noise="135.50" route="routetop" type="cfm-fast" waiting="0.00" lane="left_1" pos="18.78" speed="100.48" angle="150.62" x="9.41" y="27.33"/>
        <vehicle id="cfm-fast_2" eclass="HBEFA3/PC_G_EU4" CO2="5787.01" CO="47.80" HC="0.36" NOx="2.08" PMx="0.11" fuel="2.49" electricity="0.00" noise="71.58" route="routetop" type="cfm-fast" waiting="0.00" lane="top_0" pos="19.14" speed="24.56" angle="239.97" x="24.84" y="120.23"/>
        <vehicle id="cfm-fast_3" eclass="HBEFA3/PC_G_EU4" CO2="10400.87" CO="143.70" HC="0.91" NOx="4.25" PMx="0.23" fuel="4.47" electricity="0.00" noise="73.31" route="routetop" type="cfm-fast" waiting="0.00" lane="top_0" pos="34.67" speed="24.87" angle="212.16" x="2.87" y="95.47"/>
        <vehicle id="cfm-fast_4" eclass="HBEFA3/PC_G_EU4" CO2="12955.70" CO="199.83" HC="1.23" NOx="5.43" PMx="0.30" fuel="5.57" electricity="0.00" noise="74.65" route="routetop" type="cfm-fast" waiting="0.00" lane="left_0" pos="0.59" speed="25.87" angle="183.41" x="-4.92" y="62.30"/>
        <vehicle id="cfm-fast_5" eclass="HBEFA3/PC_G_EU4" CO2="137663.80" CO="5856.97" HC="30.40" NOx="63.14" PMx="4.86" fuel="59.18" electricity="0.00" noise="115.89" route="routebottom" type="cfm-fast" waiting="0.00" lane="right_1" pos="11.45" speed="107.27" angle="343.80" x="124.78" y="86.66"/>
        <vehicle id="cfm-slow_0" eclass="HBEFA3/PC_G_EU4" CO2="12410.80" CO="194.15" HC="1.19" NOx="5.15" PMx="0.29" fuel="5.33" electricity="0.00" noise="74.75" route="routetop" type="cfm-slow" waiting="0.00" lane="left_0" pos="17.59" speed="27.11" angle="152.80" x="5.28" y="27.63"/>
        <vehicle id="cfm-slow_1" eclass="HBEFA3/PC_G_EU4" CO2="8680.02" CO="122.88" HC="0.78" NOx="3.36" PMx="0.19" fuel="3.73" electricity="0.00" noise="73.84" route="routetop" type="cfm-slow" waiting="0.00" lane="left_0" pos="39.84" speed="28.14" angle="112.85" x="42.08" y="-1.47"/>
        <vehicle id="cfm-slow_2" eclass="HBEFA3/PC_G_EU4" CO2="0.00" CO="0.00" HC="0.00" NOx="0.00" PMx="0.00" fuel="0.00" electricity="0.00" noise="72.85" route="routebottom" type="cfm-slow" waiting="0.00" lane="bottom_0" pos="13.08" speed="28.55" angle="70.95" x="91.12" y="0.79"/>
        <vehicle id="cfm-slow_3" eclass="HBEFA3/PC_G_EU4" CO2="0.00" CO="0.00" HC="0.00" NOx="0.00" PMx="0.00" fuel="0.00" electricity="0.00" noise="72.05" route="routebottom" type="cfm-slow" waiting="0.00" lane="bottom_0" pos="36.68" speed="28.23" angle="28.48" x="126.33" y="35.74"/>
        <vehicle id="cfm-slow_4" eclass="HBEFA3/PC_G_EU4" CO2="0.00" CO="0.00" HC="0.00" NOx="0.00" PMx="0.00" fuel="0.00" electricity="0.00" noise="71.36" route="routebottom" type="cfm-slow" waiting="0.00" lane="right_0" pos="9.89" speed="27.32" angle="346.65" x="128.97" y="84.69"/>
        <vehicle id="cfm-slow_5" eclass="HBEFA3/PC_G_EU4" CO2="0.00" CO="0.00" HC="0.00" NOx="0.00" PMx="0.00" fuel="0.00" electricity="0.00" noise="70.81" route="routebottom" type="cfm-slow" waiting="0.00" lane="right_0" pos="32.13" speed="26.12" angle="306.76" x="100.22" y="121.73"/>
    </timestep>
    <timestep time="8.48">
        <vehicle id="cfm-fast_0" eclass="HBEFA3/PC_G_EU4" CO2="0.00" CO="0.00" HC="0.00" NOx="0.00" PMx="0.00" fuel="0.00" electricity="0.00" noise="70.71" route="routetop" type="cfm-fast" waiting="0.00" lane="top_0" pos="3.39" speed="25.06" angle="268.41" x="56.28" y="131.87"/>
        <vehicle id="cfm-fast_1" eclass="HBEFA3/PC_G_EU4" CO2="259013.50" CO="7890.67" HC="42.63" NOx="120.45" PMx="7.84" fuel="111.34" electricity="0.00" noise="135.31" route="routetop" type="cfm-fast" waiting="0.00" lane="left_1" pos="19.79" speed="100.55" angle="148.81" x="10.59" y="25.63"/>
        <vehicle id="cfm-fast_2" eclass="HBEFA3/PC_G_EU4" CO2="5831.65" CO="48.72" HC="0.37" NOx="2.10" PMx="0.11" fuel="2.51" electricity="0.00" noise="71.59" route="routetop" type="cfm-fast" waiting="0.00" lane="top_0" pos="19.38" speed="24.56" angle="239.56" x="24.41" y="119.92"/>
        <vehicle id="cfm-fast_3" eclass="HBEFA3/PC_G_EU4" CO2="10426.56" CO="144.26" HC="0.92" NOx="4.26" PMx="0.23" fuel="4.48" electricity="0.00" noise="73.32" route="routetop" type="cfm-fast" waiting="0.00" lane="top_0" pos="34.92" speed="24.88" angle="211.70" x="2.63" y="94.99"/>
        <vehicle id="cfm-fast_4" eclass="HBEFA3/PC_G_EU4" CO2="12951.39" CO="199.79" HC="1.23" NOx="5.43" PMx="0.30" fuel="5.57" electricity="0.00" noise="74.65" route="routetop" type="cfm-fast" waiting="0.00" lane="left_0" pos="0.85" speed="25.88" angle="182.94" x="-4.91" y="61.75"/>
        <vehicle id="cfm-fast_5" eclass="HBEFA3/PC_G_EU4" CO2="136771.19" CO="5840.08" HC="30.30" NOx="62.72" PMx="4.84" fuel="58.79" electricity="0.00" noise="115.75" route="routebottom" type="cfm-fast" waiting="0.00" lane="right_1" pos="12.52" speed="107.29" angle="341.94" x="123.97" y="88.70"/>
        <vehicle id="cfm-slow_0" eclass="HBEFA3/PC_G_EU4" CO2="12376.31" CO="193.49" HC="1.19" NOx="5.13" PMx="0.29" fuel="5.32" electricity="0.00" noise="74.74" route="routetop" type="cfm-slow" waiting="0.00" lane="left_0" pos="17.86" speed="27.12" angle="152.33" x="5.58" y="27.13"/>
        <vehicle id="cfm-slow_1" eclass="HBEFA3/PC_G_EU4" CO2="8630.16" CO="121.88" HC="0.77" NOx="3.34" PMx="0.19" fuel="3.71" electricity="0.00" noise="73.83" route="routetop" type="cfm-slow" waiting="0.00" lane="left_0" pos="40.12" speed="28.14" angle="112.32" x="42.66" y="-1.65"/>
        <vehicle id="cfm-slow_2" eclass="HBEFA3/PC_G_EU4" CO2="0.00" CO="0.00" HC="0.00" NOx="0.00" PMx="0.00" fuel="0.00" electricity="0.00" noise="72.84" route="routebottom" type="cfm-slow" waiting="0.00" lane="bottom_0" pos="13.37" speed="28.54" angle="70.42" x="91.68" y="1.04"/>
        <vehicle id="cfm-slow_3" eclass="HBEFA3/PC_G_EU4" CO2="0.00" CO="0.00" HC="0.00" NOx="0.00" PMx="0.00" fuel="0.00" electricity="0.00" noise="72.04" route="routebottom" type="cfm-slow" waiting="0.00" lane="bottom_0" pos="36.96" speed="28.22" angle="27.93" x="126.57" y="36.29"/>
        <vehicle id="cfm-slow_4" eclass="HBEFA3/PC_G_EU4" CO2="0.00" CO="0.00" HC="0.00" NOx="0.00" PMx="0.00" fuel="0.00" electricity="0.00" noise="71.35" route="routebottom" type="cfm-slow" waiting="0.00" lane="right_0" pos="10.16" speed="27.31" angle="346.19" x="128.80" y="85.25"/>
        <vehicle id="cfm-slow_5" eclass="HBEFA3/PC_G_EU4" CO2="0.00" CO="0.00" HC="0.00" NOx="0.00" PMx="0.00" fuel="0.00" electricity="0.00" noise="70.80" route="routebottom" type="cfm-slow" waiting="0.00" lane="right_0" pos="32.39" speed="26.11" angle="306.27" x="99.74" y="122.02"/>
    </timestep>
    <timestep time="8.49">
        <vehicle id="cfm-fast_0" eclass="HBEFA3/PC_G_EU4" CO2="0.00" CO="0.00" HC="0.00" NOx="0.00" PMx="0.00" fuel="0.00" electricity="0.00" noise="70.71" route="routetop" type="cfm-fast" waiting="0.00" lane="top_0" pos="3.64" speed="25.06" angle="267.96" x="55.75" y="131.82"/>
        <vehicle id="cfm-fast_1" eclass="HBEFA3/PC_G_EU4" CO2="257894.76" CO="7872.42" HC="42.52" NOx="119.92" PMx="7.81" fuel="110.86" electricity="0.00" noise="135.11" route="routetop" type="cfm-fast" waiting="0.00" lane="left_1" pos="20.79" speed="100.63" angle="147.05" x="11.81" y="23.97"/>
        <vehicle id="cfm-fast_2" eclass="HBEFA3/PC_G_EU4" CO2="5876.11" CO="49.64" HC="0.37" NOx="2.12" PMx="0.11" fuel="2.53" electricity="0.00" noise="71.61" route="routetop" type="cfm-fast" waiting="0.00" lane="top_0" pos="19.63" speed="24.57" angle="239.11" x="23.98" y="119.62"/>
        <vehicle id="cfm-fast_3" eclass="HBEFA3/PC_G_EU4" CO2="10451.98" CO="144.82" HC="0.92" NOx="4.27" PMx="0.23" fuel="4.49" electricity="0.00" noise="73.33" route="routetop" type="cfm-fast" waiting="0.00" lane="top_0" pos="35.17" speed="24.89" angle="211.25" x="2.39" y="94.52"/>
        <vehicle id="cfm-fast_4" eclass="HBEFA3/PC_G_EU4" CO2="12946.81" CO="199.74" HC="1.23" NOx="5.43" PMx="0.30" fuel="5.57" electricity="0.00" noise="74.65" route="routetop" type="cfm-fast" waiting="0.00" lane="left_0" pos="1.11" speed="25.89" angle="182.47" x="-4.90" y="61.19"/>
        <vehicle id="cfm-fast_5" eclass="HBEFA3/PC_G_EU4" CO2="135894.54" CO="5823.49" HC="30.20" NOx="62.31" PMx="4.82" fuel="58.42" electricity="0.00" noise="115.62" route="routebottom" type="cfm-fast" waiting="0.00" lane="right_1" pos="13.59" speed="107.31" angle="340.01" x="123.09" y="90.72"/>
        <vehicle id="cfm-slow_0" eclass="HBEFA3/PC_G_EU4" CO2="12341.66" CO="192.83" HC="1.19" NOx="5.11" PMx="0.29" fuel="5.31" electricity="0.00" noise="74.73" route="routetop" type="cfm-slow" waiting="0.00" lane="left_0" pos="18.13" speed="27.13" angle="151.86" x="5.90" y="26.64"/>
        <vehicle id="cfm-slow_1" eclass="HBEFA3/PC_G_EU4" CO2="8580.30" CO="120.88" HC="0.77" NOx="3.32" PMx="0.19" fuel="3.69" electricity="0.00" noise="73.82" route="routetop" type="cfm-slow" waiting="0.00" lane="left_0" pos="40.40" speed="28.15" angle="111.79" x="43.24" y="-1.83"/>
        <vehicle id="cfm-slow_2" eclass="HBEFA3/PC_G_EU4" CO2="0.00" CO="0.00" HC="0.00" NOx="0.00" PMx="0.00" fuel="0.00" electricity="0.00" noise="72.83" route="routebottom" type="cfm-slow" waiting="0.00" lane="bottom_0" pos="13.65" speed="28.54" angle="69.89" x="92.24" y="1.30"/>
        <vehicle id="cfm-slow_3" eclass="HBEFA3/PC_G_EU4" CO2="0.00" CO="0.00" HC="0.00" NOx="0.00" PMx="0.00" fuel="0.00" electricity="0.00" noise="72.03" route="routebottom" type="cfm-slow" waiting="0.00" lane="bottom_0" pos="37.24" speed="28.22" angle="27.47" x="126.82" y="36.85"/>
        <vehicle id="cfm-slow_4" eclass="HBEFA3/PC_G_EU4" CO2="0.00" CO="0.00" HC="0.00" NOx="0.00" PMx="0.00" fuel="0.00" electricity="0.00" noise="71.35" route="routebottom" type="cfm-slow" waiting="0.00" lane="right_0" pos="10.43" speed="27.30" angle="345.71" x="128.60" y="85.80"/>
        <vehicle id="cfm-slow_5" eclass="HBEFA3/PC_G_EU4" CO2="0.00" CO="0.00" HC="0.00" NOx="0.00" PMx="0.00" fuel="0.00" electricity="0.00" noise="70.80" route="routebottom" type="cfm-slow" waiting="0.00" lane="right_0" pos="32.65" speed="26.10" angle="305.77" x="99.26" y="122.30"/>
    </timestep>
    <timestep time="8.50">
        <vehicle id="cfm-fast_0" eclass="HBEFA3/PC_G_EU4" CO2="0.00" CO="0.00" HC="0.00" NOx="0.00" PMx="0.00" fuel="0.00" electricity="0.00" noise="70.72" route="routetop" type="cfm-fast" waiting="0.00" lane="top_0" pos="3.89" speed="25.05" angle="267.53" x="55.21" y="131.75"/>
        <vehicle id="cfm-fast_1" eclass="HBEFA3/PC_G_EU4" CO2="256777.01" CO="7854.16" HC="42.41" NOx="119.39" PMx="7.79" fuel="110.38" electricity="0.00" noise="134.92" route="routetop" type="cfm-fast" waiting="0.00" lane="left_1" pos="21.80" speed="100.70" angle="145.28" x="13.08" y="22.35"/>
        <vehicle id="cfm-fast_2" eclass="HBEFA3/PC_G_EU4" CO2="5920.40" CO="50.56" HC="0.38" NOx="2.14" PMx="0.11" fuel="2.54" electricity="0.00" noise="71.62" route="routetop" type="cfm-fast" waiting="0.00" lane="top_0" pos="19.87" speed="24.57" angle="238.66" x="23.55" y="119.31"/>
        <vehicle id="cfm-fast_3" eclass="HBEFA3/PC_G_EU4" CO2="10477.13" CO="145.36" HC="0.92" NOx="4.28" PMx="0.23" fuel="4.50" electricity="0.00" noise="73.35" route="routetop" type="cfm-fast" waiting="0.00" lane="top_0" pos="35.42" speed="24.90" angle="210.79" x="2.15" y="94.04"/>
        <vehicle id="cfm-fast_4" eclass="HBEFA3/PC_G_EU4" CO2="12941.96" CO="199.69" HC="1.23" NOx="5.42" PMx="0.30" fuel="5.56" electricity="0.00" noise="74.65" route="routetop" type="cfm-fast" waiting="0.00" lane="left_0" pos="1.37" speed="25.91" angle="182.02" x="-4.87" y="60.63"/>
        <vehicle id="cfm-fast_5" eclass="HBEFA3/PC_G_EU4" CO2="135033.56" CO="5807.21" HC="30.10" NOx="61.90" PMx="4.80" fuel="58.05" electricity="0.00" noise="115.48" route="routebottom" type="cfm-fast" waiting="0.00" lane="right_1" pos="14.67" speed="107.33" angle="338.06" x="122.15" y="92.71"/>
        <vehicle id="cfm-slow_0" eclass="HBEFA3/PC_G_EU4" CO2="12306.85" CO="192.17" HC="1.18" NOx="5.10" PMx="0.29" fuel="5.29" electricity="0.00" noise="74.72" route="routetop" type="cfm-slow" waiting="0.00" lane="left_0" pos="18.40" speed="27.14" angle="151.36" x="6.22" y="26.15"/>
        <vehicle id="cfm-slow_1" eclass="HBEFA3/PC_G_EU4" CO2="8530.45" CO="119.88" HC="0.76" NOx="3.29" PMx="0.19" fuel="3.67" electricity="0.00" noise="73.80" route="routetop" type="cfm-slow" waiting="0.00" lane="left_0" pos="40.69" speed="28.15" angle="111.26" x="43.82" y="-2.00"/>
        <vehicle id="cfm-slow_2" eclass="HBEFA3/PC_G_EU4" CO2="0.00" CO="0.00" HC="0.00" NOx="0.00" PMx="0.00" fuel="0.00" electricity="0.00" noise="72.82" route="routebottom" type="cfm-slow" waiting="0.00" lane="bottom_0" pos="13.94" speed="28.54" angle="69.37" x="92.80" y="1.55"/>
        <vehicle id="cfm-slow_3" eclass="HBEFA3/PC_G_EU4" CO2="0.00" CO="0.00" HC="0.00" NOx="0.00" PMx="0.00" fuel="0.00" electricity="0.00" noise="72.03" route="routebottom" type="cfm-slow" waiting="0.00" lane="bottom_0" pos="37.52" speed="28.21" angle="26.97" x="127.04" y="37.41"/>
        <vehicle id="cfm-slow_4" eclass="HBEFA3/PC_G_EU4" CO2="0.00" CO="0.00" HC="0.00" NOx="0.00" PMx="0.00" fuel="0.00" electricity="0.00" noise="71.34" route="routebottom" type="cfm-slow" waiting="0.00" lane="right_0" pos="10.70" speed="27.28" angle="345.19" x="128.40" y="86.35"/>
        <vehicle id="cfm-slow_5" eclass="HBEFA3/PC_G_EU4" CO2="0.00" CO="0.00" HC="0.00" NOx="0.00" PMx="0.00" fuel="0.00" electricity="0.00" noise="70.80" route="routebottom" type="cfm-slow" waiting="0.00" lane="right_0" pos="32.91" speed="26.09" angle="305.28" x="98.78" y="122.59"/>
    </timestep>
    <timestep time="8.51">
        <vehicle id="cfm-fast_0" eclass="HBEFA3/PC_G_EU4" CO2="0.00" CO="0.00" HC="0.00" NOx="0.00" PMx="0.00" fuel="0.00" electricity="0.00" noise="70.72" route="routetop" type="cfm-fast" waiting="0.00" lane="top_0" pos="4.14" speed="25.05" angle="267.08" x="54.68" y="131.68"/>
        <vehicle id="cfm-fast_1" eclass="HBEFA3/PC_G_EU4" CO2="255660.37" CO="7835.89" HC="42.30" NOx="118.86" PMx="7.76" fuel="109.90" electricity="0.00" noise="134.73" route="routetop" type="cfm-fast" waiting="0.00" lane="left_1" pos="22.81" speed="100.77" angle="143.39" x="14.42" y="20.77"/>
        <vehicle id="cfm-fast_2" eclass="HBEFA3/PC_G_EU4" CO2="5964.52" CO="51.48" HC="0.38" NOx="2.16" PMx="0.11" fuel="2.56" electricity="0.00" noise="71.64" route="routetop" type="cfm-fast" waiting="0.00" lane="top_0" pos="20.12" speed="24.57" angle="238.22" x="23.12" y="119.00"/>
        <vehicle id="cfm-fast_3" eclass="HBEFA3/PC_G_EU4" CO2="10502.00" CO="145.91" HC="0.93" NOx="4.29" PMx="0.23" fuel="4.51" electricity="0.00" noise="73.36" route="routetop" type="cfm-fast" waiting="0.00" lane="top_0" pos="35.67" speed="24.91" angle="210.33" x="1.91" y="93.56"/>
        <vehicle id="cfm-fast_4" eclass="HBEFA3/PC_G_EU4" CO2="12936.83" CO="199.64" HC="1.23" NOx="5.42" PMx="0.30" fuel="5.56" electricity="0.00" noise="74.65" route="routetop" type="cfm-fast" waiting="0.00" lane="left_0" pos="1.62" speed="25.92" angle="181.56" x="-4.84" y="60.08"/>
        <vehicle id="cfm-fast_5" eclass="HBEFA3/PC_G_EU4" CO2="134187.97" CO="5791.21" HC="30.01" NOx="61.50" PMx="4.77" fuel="57.68" electricity="0.00" noise="115.35" route="routebottom" type="cfm-fast" waiting="0.00" lane="right_1" pos="15.74" speed="107.35" angle="336.16" x="121.14" y="94.66"/>
        <vehicle id="cfm-slow_0" eclass="HBEFA3/PC_G_EU4" CO2="12271.88" CO="191.50" HC="1.18" NOx="5.08" PMx="0.28" fuel="5.28" electricity="0.00" noise="74.71" route="routetop" type="cfm-slow" waiting="0.00" lane="left_0" pos="18.67" speed="27.15" angle="150.85" x="6.54" y="25.67"/>
        <vehicle id="cfm-slow_1" eclass="HBEFA3/PC_G_EU4" CO2="8480.60" CO="118.88" HC="0.76" NOx="3.27" PMx="0.19" fuel="3.65" electricity="0.00" noise="73.79" route="routetop" type="cfm-slow" waiting="0.00" lane="left_0" pos="40.97" speed="28.15" angle="110.76" x="44.40" y="-2.18"/>
        <vehicle id="cfm-slow_2" eclass="HBEFA3/PC_G_EU4" CO2="0.00" CO="0.00" HC="0.00" NOx="0.00" PMx="0.00" fuel="0.00" electricity="0.00" noise="72.81" route="routebottom" type="cfm-slow" waiting="0.00" lane="bottom_0" pos="14.23" speed="28.54" angle="68.89" x="93.35" y="1.81"/>
        <vehicle id="cfm-slow_3" eclass="HBEFA3/PC_G_EU4" CO2="0.00" CO="0.00" HC="0.00" NOx="0.00" PMx="0.00" fuel="0.00" electricity="0.00" noise="72.02" route="routebottom" type="cfm-slow" waiting="0.00" lane="bottom_0" pos="37.80" speed="28.20" angle="26.46" x="127.27" y="37.98"/>
        <vehicle id="cfm-slow_4" eclass="HBEFA3/PC_G_EU4" CO2="0.00" CO="0.00" HC="0.00" NOx="0.00" PMx="0.00" fuel="0.00" electricity="0.00" noise="71.34" route="routebottom" type="cfm-slow" waiting="0.00" lane="right_0" pos="10.98" speed="27.27" angle="344.67" x="128.20" y="86.90"/>
        <vehicle id="cfm-slow_5" eclass="HBEFA3/PC_G_EU4" CO2="0.00" CO="0.00" HC="0.00" NOx="0.00" PMx="0.00" fuel="0.00" electricity="0.00" noise="70.80" route="routebottom" type="cfm-slow" waiting="0.00" lane="right_0" pos="33.17" speed="26.08" angle="304.78" x="98.30" y="122.88"/>
    </timestep>
    <timestep time="8.52">
        <vehicle id="cfm-fast_0" eclass="HBEFA3/PC_G_EU4" CO2="0.00" CO="0.00" HC="0.00" NOx="0.00" PMx="0.00" fuel="0.00" electricity="0.00" noise="70.73" route="routetop" type="cfm-fast" waiting="0.00" lane="top_0" pos="4.40" speed="25.04" angle="266.63" x="54.14" y="131.60"/>
        <vehicle id="cfm-fast_1" eclass="HBEFA3/PC_G_EU4" CO2="254544.99" CO="7817.61" HC="42.19" NOx="118.34" PMx="7.73" fuel="109.42" electricity="0.00" noise="134.54" route="routetop" type="cfm-fast" waiting="0.00" lane="left_1" pos="23.82" speed="100.84" angle="141.63" x="15.81" y="19.24"/>
        <vehicle id="cfm-fast_2" eclass="HBEFA3/PC_G_EU4" CO2="6008.45" CO="52.39" HC="0.39" NOx="2.18" PMx="0.11" fuel="2.58" electricity="0.00" noise="71.65" route="routetop" type="cfm-fast" waiting="0.00" lane="top_0" pos="20.36" speed="24.57" angle="237.77" x="22.70" y="118.69"/>
        <vehicle id="cfm-fast_3" eclass="HBEFA3/PC_G_EU4" CO2="10526.60" CO="146.44" HC="0.93" NOx="4.31" PMx="0.23" fuel="4.52" electricity="0.00" noise="73.37" route="routetop" type="cfm-fast" waiting="0.00" lane="top_0" pos="35.92" speed="24.92" angle="209.92" x="1.67" y="93.08"/>
        <vehicle id="cfm-fast_4" eclass="HBEFA3/PC_G_EU4" CO2="12931.44" CO="199.57" HC="1.23" NOx="5.42" PMx="0.30" fuel="5.56" electricity="0.00" noise="74.65" route="routetop" type="cfm-fast" waiting="0.00" lane="left_0" pos="1.88" speed="25.93" angle="181.09" x="-4.81" y="59.52"/>
        <vehicle id="cfm-fast_5" eclass="HBEFA3/PC_G_EU4" CO2="133357.50" CO="5775.51" HC="29.92" NOx="61.11" PMx="4.75" fuel="57.33" electricity="0.00" noise="115.23" route="routebottom" type="cfm-fast" waiting="0.00" lane="right_1" pos="16.81" speed="107.37" angle="334.28" x="120.06" y="96.58"/>
        <vehicle id="cfm-slow_0" eclass="HBEFA3/PC_G_EU4" CO2="12236.75" CO="190.83" HC="1.18" NOx="5.06" PMx="0.28" fuel="5.26" electricity="0.00" noise="74.69" route="routetop" type="cfm-slow" waiting="0.00" lane="left_0" pos="18.95" speed="27.16" angle="150.34" x="6.87" y="25.18"/>
        <vehicle id="cfm-slow_1" eclass="HBEFA3/PC_G_EU4" CO2="8430.76" CO="117.88" HC="0.75" NOx="3.24" PMx="0.19" fuel="3.62" electricity="0.00" noise="73.78" route="routetop" type="cfm-slow" waiting="0.00" lane="left_0" pos="41.25" speed="28.16" angle="110.27" x="44.98" y="-2.35"/>
        <vehicle id="cfm-slow_2" eclass="HBEFA3/PC_G_EU4" CO2="0.00" CO="0.00" HC="0.00" NOx="0.00" PMx="0.00" fuel="0.00" electricity="0.00" noise="72.80" route="routebottom" type="cfm-slow" waiting="0.00" lane="bottom_0" pos="14.51" speed="28.53" angle="68.36" x="93.90" y="2.08"/>
        <vehicle id="cfm-slow_3" eclass="HBEFA3/PC_G_EU4" CO2="0.00" CO="0.00" HC="0.00" NOx="0.00" PMx="0.00" fuel="0.00" electricity="0.00" noise="72.01" route="routebottom" type="cfm-slow" waiting="0.00" lane="bottom_0" pos="38.09" speed="28.19" angle="25.95" x="127.49" y="38.54"/>
        <vehicle id="cfm-slow_4" eclass="HBEFA3/PC_G_EU4" CO2="0.00" CO="0.00" HC="0.00" NOx="0.00" PMx="0.00" fuel="0.00" electricity="0.00" noise="71.33" route="routebottom" type="cfm-slow" waiting="0.00" lane="right_0" pos="11.25" speed="27.26" angle="344.15" x="128.00" y="87.46"/>
        <vehicle id="cfm-slow_5" eclass="HBEFA3/PC_G_EU4" CO2="0.00" CO="0.00" HC="0.00" NOx="0.00" PMx="0.00" fuel="0.00" electricity="0.00" noise="70.80" route="routebottom" type="cfm-slow" waiting="0.00" lane="right_0" pos="33.43" speed="26.07" angle="304.36" x="97.81" y="123.16"/>
    </timestep>
    <timestep time="8.53">
        <vehicle id="cfm-fast_0" eclass="HBEFA3/PC_G_EU4" CO2="0.00" CO="0.00" HC="0.00" NOx="0.00" PMx="0.00" fuel="0.00" electricity="0.00" noise="70.74" route="routetop" type="cfm-fast" waiting="0.00" lane="top_0" pos="4.65" speed="25.04" angle="266.17" x="53.61" y="131.53"/>
        <vehicle id="cfm-fast_1" eclass="HBEFA3/PC_G_EU4" CO2="253431.00" CO="7799.34" HC="42.08" NOx="117.81" PMx="7.71" fuel="108.94" electricity="0.00" noise="134.35" route="routetop" type="cfm-fast" waiting="0.00" lane="left_1" pos="24.82" speed="100.91" angle="139.84" x="17.24" y="17.74"/>
        <vehicle id="cfm-fast_2" eclass="HBEFA3/PC_G_EU4" CO2="6052.21" CO="53.30" HC="0.39" NOx="2.20" PMx="0.12" fuel="2.60" electricity="0.00" noise="71.67" route="routetop" type="cfm-fast" waiting="0.00" lane="top_0" pos="20.61" speed="24.58" angle="237.38" x="22.27" y="118.37"/>
        <vehicle id="cfm-fast_3" eclass="HBEFA3/PC_G_EU4" CO2="10550.92" CO="146.97" HC="0.93" NOx="4.32" PMx="0.23" fuel="4.54" electricity="0.00" noise="73.38" route="routetop" type="cfm-fast" waiting="0.00" lane="top_0" pos="36.17" speed="24.93" angle="209.46" x="1.45" y="92.59"/>
        <vehicle id="cfm-fast_4" eclass="HBEFA3/PC_G_EU4" CO2="12925.77" CO="199.51" HC="1.23" NOx="5.41" PMx="0.30" fuel="5.56" electricity="0.00" noise="74.66" route="routetop" type="cfm-fast" waiting="0.00" lane="left_0" pos="2.14" speed="25.94" angle="180.63" x="-4.78" y="58.96"/>
        <vehicle id="cfm-fast_5" eclass="HBEFA3/PC_G_EU4" CO2="132541.87" CO="5760.09" HC="29.83" NOx="60.73" PMx="4.73" fuel="56.97" electricity="0.00" noise="115.10" route="routebottom" type="cfm-fast" waiting="0.00" lane="right_1" pos="17.89" speed="107.39" angle="332.32" x="118.93" y="98.47"/>
        <vehicle id="cfm-slow_0" eclass="HBEFA3/PC_G_EU4" CO2="12201.47" CO="190.16" HC="1.17" NOx="5.05" PMx="0.28" fuel="5.24" electricity="0.00" noise="74.68" route="routetop" type="cfm-slow" waiting="0.00" lane="left_0" pos="19.22" speed="27.17" angle="149.89" x="7.19" y="24.69"/>
        <vehicle id="cfm-slow_1" eclass="HBEFA3/PC_G_EU4" CO2="8380.94" CO="116.88" HC="0.74" NOx="3.22" PMx="0.19" fuel="3.60" electricity="0.00" noise="73.77" route="routetop" type="cfm-slow" waiting="0.00" lane="left_0" pos="41.53" speed="28.16" angle="109.75" x="45.57" y="-2.50"/>
        <vehicle id="cfm-slow_2" eclass="HBEFA3/PC_G_EU4" CO2="0.00" CO="0.00" HC="0.00" NOx="0.00" PMx="0.00" fuel="0.00" electricity="0.00" noise="72.79" route="routebottom" type="cfm-slow" waiting="0.00" lane="bottom_0" pos="14.80" speed="28.53" angle="67.83" x="94.45" y="2.36"/>
        <vehicle id="cfm-slow_3" eclass="HBEFA3/PC_G_EU4" CO2="0.00" CO="0.00" HC="0.00" NOx="0.00" PMx="0.00" fuel="0.00" electricity="0.00" noise="72.01" route="routebottom" type="cfm-slow" waiting="0.00" lane="bottom_0" pos="38.37" speed="28.18" angle="25.45" x="127.72" y="39.10"/>
        <vehicle id="cfm-slow_4" eclass="HBEFA3/PC_G_EU4" CO2="0.00" CO="0.00" HC="0.00" NOx="0.00" PMx="0.00" fuel="0.00" electricity="0.00" noise="71.33" route="routebottom" type="cfm-slow" waiting="0.00" lane="right_0" pos="11.52" speed="27.25" angle="343.70" x="127.80" y="88.01"/>
        <vehicle id="cfm-slow_5" eclass="HBEFA3/PC_G_EU4" CO2="0.00" CO="0.00" HC="0.00" NOx="0.00" PMx="0.00" fuel="0.00" electricity="0.00" noise="70.79" route="routebottom" type="cfm-slow" waiting="0.00" lane="right_0" pos="33.69" speed="26.06" angle="303.88" x="97.32" y="123.43"/>
    </timestep>
    <timestep time="8.54">
        <vehicle id="cfm-fast_0" eclass="HBEFA3/PC_G_EU4" CO2="0.00" CO="0.00" HC="0.00" NOx="0.00" PMx="0.00" fuel="0.00" electricity="0.00" noise="70.74" route="routetop" type="cfm-fast" waiting="0.00" lane="top_0" pos="4.90" speed="25.03" angle="265.72" x="53.08" y="131.45"/>
        <vehicle id="cfm-fast_1" eclass="HBEFA3/PC_G_EU4" CO2="252318.54" CO="7781.06" HC="41.97" NOx="117.28" PMx="7.68" fuel="108.46" electricity="0.00" noise="134.16" route="routetop" type="cfm-fast" waiting="0.00" lane="left_1" pos="25.83" speed="100.98" angle="138.02" x="18.71" y="16.29"/>
        <vehicle id="cfm-fast_2" eclass="HBEFA3/PC_G_EU4" CO2="6095.79" CO="54.21" HC="0.40" NOx="2.22" PMx="0.12" fuel="2.62" electricity="0.00" noise="71.68" route="routetop" type="cfm-fast" waiting="0.00" lane="top_0" pos="20.86" speed="24.58" angle="236.93" x="21.86" y="118.04"/>
        <vehicle id="cfm-fast_3" eclass="HBEFA3/PC_G_EU4" CO2="10574.97" CO="147.50" HC="0.93" NOx="4.33" PMx="0.23" fuel="4.55" electricity="0.00" noise="73.40" route="routetop" type="cfm-fast" waiting="0.00" lane="top_0" pos="36.42" speed="24.94" angle="208.99" x="1.23" y="92.10"/>
        <vehicle id="cfm-fast_4" eclass="HBEFA3/PC_G_EU4" CO2="12919.84" CO="199.43" HC="1.23" NOx="5.41" PMx="0.30" fuel="5.55" electricity="0.00" noise="74.66" route="routetop" type="cfm-fast" waiting="0.00" lane="left_0" pos="2.40" speed="25.96" angle="180.16" x="-4.74" y="58.40"/>
        <vehicle id="cfm-fast_5" eclass="HBEFA3/PC_G_EU4" CO2="131740.83" CO="5744.95" HC="29.74" NOx="60.35" PMx="4.71" fuel="56.63" electricity="0.00" noise="114.98" route="routebottom" type="cfm-fast" waiting="0.00" lane="right_1" pos="18.96" speed="107.41" angle="330.32" x="117.71" y="100.31"/>
        <vehicle id="cfm-slow_0" eclass="HBEFA3/PC_G_EU4" CO2="12166.04" CO="189.48" HC="1.17" NOx="5.03" PMx="0.28" fuel="5.23" electricity="0.00" noise="74.67" route="routetop" type="cfm-slow" waiting="0.00" lane="left_0" pos="19.49" speed="27.18" angle="149.39" x="7.53" y="24.22"/>
        <vehicle id="cfm-slow_1" eclass="HBEFA3/PC_G_EU4" CO2="8331.13" CO="115.88" HC="0.74" NOx="3.20" PMx="0.19" fuel="3.58" electricity="0.00" noise="73.76" route="routetop" type="cfm-slow" waiting="0.00" lane="left_0" pos="41.81" speed="28.17" angle="109.23" x="46.15" y="-2.66"/>
        <vehicle id="cfm-slow_2" eclass="HBEFA3/PC_G_EU4" CO2="0.00" CO="0.00" HC="0.00" NOx="0.00" PMx="0.00" fuel="0.00" electricity="0.00" noise="72.78" route="routebottom" type="cfm-slow" waiting="0.00" lane="bottom_0" pos="15.08" speed="28.53" angle="67.29" x="95.00" y="2.63"/>
        <vehicle id="cfm-slow_3" eclass="HBEFA3/PC_G_EU4" CO2="0.00" CO="0.00" HC="0.00" NOx="0.00" PMx="0.00" fuel="0.00" electricity="0.00" noise="72.00" route="routebottom" type="cfm-slow" waiting="0.00" lane="bottom_0" pos="38.65" speed="28.17" angle="24.98" x="127.93" y="39.67"/>
        <vehicle id="cfm-slow_4" eclass="HBEFA3/PC_G_EU4" CO2="0.00" CO="0.00" HC="0.00" NOx="0.00" PMx="0.00" fuel="0.00" electricity="0.00" noise="71.32" route="routebottom" type="cfm-slow" waiting="0.00" lane="right_0" pos="11.80" speed="27.24" angle="343.20" x="127.59" y="88.55"/>
        <vehicle id="cfm-slow_5" eclass="HBEFA3/PC_G_EU4" CO2="0.00" CO="0.00" HC="0.00" NOx="0.00" PMx="0.00" fuel="0.00" electricity="0.00" noise="70.79" route="routebottom" type="cfm-slow" waiting="0.00" lane="right_0" pos="33.95" speed="26.05" angle="303.41" x="96.83" y="123.71"/>
    </timestep>
    <timestep time="8.55">
        <vehicle id="cfm-fast_0" eclass="HBEFA3/PC_G_EU4" CO2="0.00" CO="0.00" HC="0.00" NOx="0.00" PMx="0.00" fuel="0.00" electricity="0.00" noise="70.75" route="routetop" type="cfm-fast" waiting="0.00" lane="top_0" pos="5.15" speed="25.03" angle="265.22" x="52.55" y="131.37"/>
        <vehicle id="cfm-fast_1" eclass="HBEFA3/PC_G_EU4" CO2="251207.72" CO="7762.79" HC="41.86" NOx="116.76" PMx="7.65" fuel="107.98" electricity="0.00" noise="133.97" route="routetop" type="cfm-fast" waiting="0.00" lane="left_1" pos="26.84" speed="101.05" angle="136.17" x="20.23" y="14.89"/>
        <vehicle id="cfm-fast_2" eclass="HBEFA3/PC_G_EU4" CO2="6139.19" CO="55.11" HC="0.40" NOx="2.24" PMx="0.12" fuel="2.64" electricity="0.00" noise="71.69" route="routetop" type="cfm-fast" waiting="0.00" lane="top_0" pos="21.10" speed="24.58" angle="236.48" x="21.44" y="117.72"/>
        <vehicle id="cfm-fast_3" eclass="HBEFA3/PC_G_EU4" CO2="10598.75" CO="148.02" HC="0.94" NOx="4.34" PMx="0.23" fuel="4.56" electricity="0.00" noise="73.41" route="routetop" type="cfm-fast" waiting="0.00" lane="top_0" pos="36.67" speed="24.95" angle="208.52" x="1.01" y="91.61"/>
        <vehicle id="cfm-fast_4" eclass="HBEFA3/PC_G_EU4" CO2="12913.64" CO="199.36" HC="1.23" NOx="5.41" PMx="0.30" fuel="5.55" electricity="0.00" noise="74.66" route="routetop" type="cfm-fast" waiting="0.00" lane="left_0" pos="2.66" speed="25.97" angle="179.72" x="-4.70" y="57.85"/>
        <vehicle id="cfm-fast_5" eclass="HBEFA3/PC_G_EU4" CO2="130954.11" CO="5730.08" HC="29.65" NOx="59.98" PMx="4.69" fuel="56.29" electricity="0.00" noise="114.86" route="routebottom" type="cfm-fast" waiting="0.00" lane="right_1" pos="20.04" speed="107.43" angle="328.38" x="116.44" y="102.10"/>
        <vehicle id="cfm-slow_0" eclass="HBEFA3/PC_G_EU4" CO2="12130.46" CO="188.80" HC="1.16" NOx="5.01" PMx="0.28" fuel="5.21" electricity="0.00" noise="74.66" route="routetop" type="cfm-slow" waiting="0.00" lane="left_0" pos="19.76" speed="27.19" angle="148.89" x="7.88" y="23.74"/>
        <vehicle id="cfm-slow_1" eclass="HBEFA3/PC_G_EU4" CO2="8281.33" CO="114.88" HC="0.73" NOx="3.17" PMx="0.18" fuel="3.56" electricity="0.00" noise="73.74" route="routetop" type="cfm-slow" waiting="0.00" lane="left_0" pos="42.09" speed="28.17" angle="108.70" x="46.74" y="-2.82"/>
        <vehicle id="cfm-slow_2" eclass="HBEFA3/PC_G_EU4" CO2="0.00" CO="0.00" HC="0.00" NOx="0.00" PMx="0.00" fuel="0.00" electricity="0.00" noise="72.77" route="routebottom" type="cfm-slow" waiting="0.00" lane="bottom_0" pos="15.37" speed="28.52" angle="66.83" x="95.55" y="2.91"/>
        <vehicle id="cfm-slow_3" eclass="HBEFA3/PC_G_EU4" CO2="0.00" CO="0.00" HC="0.00" NOx="0.00" PMx="0.00" fuel="0.00" electricity="0.00" noise="71.99" route="routebottom" type="cfm-slow" waiting="0.00" lane="bottom_0" pos="38.93" speed="28.16" angle="24.48" x="128.14" y="40.24"/>
        <vehicle id="cfm-slow_4" eclass="HBEFA3/PC_G_EU4" CO2="0.00" CO="0.00" HC="0.00" NOx="0.00" PMx="0.00" fuel="0.00" electricity="0.00" noise="71.32" route="routebottom" type="cfm-slow" waiting="0.00" lane="right_0" pos="12.07" speed="27.23" angle="342.71" x="127.37" y="89.10"/>
        <vehicle id="cfm-slow_5" eclass="HBEFA3/PC_G_EU4" CO2="0.00" CO="0.00" HC="0.00" NOx="0.00" PMx="0.00" fuel="0.00" electricity="0.00" noise="70.79" route="routebottom" type="cfm-slow" waiting="0.00" lane="right_0" pos="34.21" speed="26.04" angle="302.94" x="96.34" y="123.98"/>
    </timestep>
    <timestep time="8.56">
        <vehicle id="cfm-fast_0" eclass="HBEFA3/PC_G_EU4" CO2="0.00" CO="0.00" HC="0.00" NOx="0.00" PMx="0.00" fuel="0.00" electricity="0.00" noise="70.75" route="routetop" type="cfm-fast" waiting="0.00" lane="top_0" pos="5.40" speed="25.02" angle="264.76" x="52.02" y="131.27"/>
        <vehicle id="cfm-fast_1" eclass="HBEFA3/PC_G_EU4" CO2="250098.67" CO="7744.53" HC="41.75" NOx="116.24" PMx="7.62" fuel="107.51" electricity="0.00" noise="133.78" route="routetop" type="cfm-fast" waiting="0.00" lane="left_1" pos="27.86" speed="101.12" angle="134.34" x="21.81" y="13.54"/>
        <vehicle id="cfm-fast_2" eclass="HBEFA3/PC_G_EU4" CO2="6182.41" CO="56.01" HC="0.41" NOx="2.26" PMx="0.12" fuel="2.66" electricity="0.00" noise="71.71" route="routetop" type="cfm-fast" waiting="0.00" lane="top_0" pos="21.35" speed="24.59" angle="236.03" x="21.02" y="117.39"/>
        <vehicle id="cfm-fast_3" eclass="HBEFA3/PC_G_EU4" CO2="10622.25" CO="148.53" HC="0.94" NOx="4.35" PMx="0.24" fuel="4.57" electricity="0.00" noise="73.42" route="routetop" type="cfm-fast" waiting="0.00" lane="top_0" pos="36.92" speed="24.96" angle="208.05" x="0.79" y="91.12"/>
        <vehicle id="cfm-fast_4" eclass="HBEFA3/PC_G_EU4" CO2="12907.17" CO="199.27" HC="1.23" NOx="5.41" PMx="0.30" fuel="5.55" electricity="0.00" noise="74.66" route="routetop" type="cfm-fast" waiting="0.00" lane="left_0" pos="2.92" speed="25.98" angle="179.25" x="-4.64" y="57.29"/>
        <vehicle id="cfm-fast_5" eclass="HBEFA3/PC_G_EU4" CO2="130181.45" CO="5715.48" HC="29.57" NOx="59.61" PMx="4.67" fuel="55.96" electricity="0.00" noise="114.74" route="routebottom" type="cfm-fast" waiting="0.00" lane="right_1" pos="21.11" speed="107.45" angle="326.45" x="115.11" y="103.86"/>
        <vehicle id="cfm-slow_0" eclass="HBEFA3/PC_G_EU4" CO2="12094.73" CO="188.11" HC="1.16" NOx="4.99" PMx="0.28" fuel="5.20" electricity="0.00" noise="74.65" route="routetop" type="cfm-slow" waiting="0.00" lane="left_0" pos="20.03" speed="27.20" angle="148.38" x="8.22" y="23.27"/>
        <vehicle id="cfm-slow_1" eclass="HBEFA3/PC_G_EU4" CO2="8231.56" CO="113.88" HC="0.73" NOx="3.15" PMx="0.18" fuel="3.54" electricity="0.00" noise="73.73" route="routetop" type="cfm-slow" waiting="0.00" lane="left_0" pos="42.38" speed="28.18" angle="108.24" x="47.32" y="-2.97"/>
        <vehicle id="cfm-slow_2" eclass="HBEFA3/PC_G_EU4" CO2="0.00" CO="0.00" HC="0.00" NOx="0.00" PMx="0.00" fuel="0.00" electricity="0.00" noise="72.77" route="routebottom" type="cfm-slow" waiting="0.00" lane="bottom_0" pos="15.65" speed="28.52" angle="66.31" x="96.09" y="3.20"/>
        <vehicle id="cfm-slow_3" eclass="HBEFA3/PC_G_EU4" CO2="0.00" CO="0.00" HC="0.00" NOx="0.00" PMx="0.00" fuel="0.00" electricity="0.00" noise="71.99" route="routebottom" type="cfm-slow" waiting="0.00" lane="bottom_0" pos="39.21" speed="28.15" angle="23.97" x="128.34" y="40.81"/>
        <vehicle id="cfm-slow_4" eclass="HBEFA3/PC_G_EU4" CO2="0.00" CO="0.00" HC="0.00" NOx="0.00" PMx="0.00" fuel="0.00" electricity="0.00" noise="71.31" route="routebottom" type="cfm-slow" waiting="0.00" lane="right_0" pos="12.34" speed="27.21" angle="342.21" x="127.15" y="89.64"/>
        <vehicle id="cfm-slow_5" eclass="HBEFA3/PC_G_EU4" CO2="0.00" CO="0.00" HC="0.00" NOx="0.00" PMx="0.00" fuel="0.00" electricity="0.00" noise="70.79" route="routebottom" type="cfm-slow" waiting="0.00" lane="right_0" pos="34.47" speed="26.03" angle="302.46" x="95.85" y="124.25"/>
    </timestep>
    <timestep time="8.57">
        <vehicle id="cfm-fast_0" eclass="HBEFA3/PC_G_EU4" CO2="0.00" CO="0.00" HC="0.00" NOx="0.00" PMx="0.00" fuel="0.00" electricity="0.00" noise="70.76" route="routetop" type="cfm-fast" waiting="0.00" lane="top_0" pos="5.65" speed="25.02" angle="264.29" x="51.49" y="131.17"/>
        <vehicle id="cfm-fast_1" eclass="HBEFA3/PC_G_EU4" CO2="248991.51" CO="7726.27" HC="41.64" NOx="115.71" PMx="7.60" fuel="107.03" electricity="0.00" noise="133.59" route="routetop" type="cfm-fast" waiting="0.00" lane="left_1" pos="28.87" speed="101.18" angle="132.53" x="23.42" y="12.24"/>
        <vehicle id="cfm-fast_2" eclass="HBEFA3/PC_G_EU4" CO2="6225.45" CO="56.90" HC="0.41" NOx="2.28" PMx="0.12" fuel="2.68" electricity="0.00" noise="71.72" route="routetop" type="cfm-fast" waiting="0.00" lane="top_0" pos="21.59" speed="24.59" angle="235.57" x="20.61" y="117.07"/>
        <vehicle id="cfm-fast_3" eclass="HBEFA3/PC_G_EU4" CO2="10645.47" CO="149.04" HC="0.94" NOx="4.36" PMx="0.24" fuel="4.58" electricity="0.00" noise="73.44" route="routetop" type="cfm-fast" waiting="0.00" lane="top_0" pos="37.17" speed="24.97" angle="207.64" x="0.57" y="90.63"/>
        <vehicle id="cfm-fast_4" eclass="HBEFA3/PC_G_EU4" CO2="12900.44" CO="199.18" HC="1.23" NOx="5.40" PMx="0.30" fuel="5.55" electricity="0.00" noise="74.66" route="routetop" type="cfm-fast" waiting="0.00" lane="left_0" pos="3.18" speed="25.99" angle="178.79" x="-4.59" y="56.73"/>
        <vehicle id="cfm-fast_5" eclass="HBEFA3/PC_G_EU4" CO2="129422.61" CO="5701.15" HC="29.48" NOx="59.25" PMx="4.65" fuel="55.63" electricity="0.00" noise="114.63" route="routebottom" type="cfm-fast" waiting="0.00" lane="right_1" pos="22.19" speed="107.47" angle="324.54" x="113.73" y="105.58"/>
        <vehicle id="cfm-slow_0" eclass="HBEFA3/PC_G_EU4" CO2="12058.85" CO="187.42" HC="1.16" NOx="4.98" PMx="0.28" fuel="5.18" electricity="0.00" noise="74.64" route="routetop" type="cfm-slow" waiting="0.00" lane="left_0" pos="20.31" speed="27.21" angle="147.88" x="8.56" y="22.79"/>
        <vehicle id="cfm-slow_1" eclass="HBEFA3/PC_G_EU4" CO2="8181.80" CO="112.88" HC="0.72" NOx="3.13" PMx="0.18" fuel="3.52" electricity="0.00" noise="73.72" route="routetop" type="cfm-slow" waiting="0.00" lane="left_0" pos="42.66" speed="28.18" angle="107.74" x="47.92" y="-3.11"/>
        <vehicle id="cfm-slow_2" eclass="HBEFA3/PC_G_EU4" CO2="0.00" CO="0.00" HC="0.00" NOx="0.00" PMx="0.00" fuel="0.00" electricity="0.00" noise="72.76" route="routebottom" type="cfm-slow" waiting="0.00" lane="bottom_0" pos="15.94" speed="28.52" angle="65.78" x="96.62" y="3.50"/>
        <vehicle id="cfm-slow_3" eclass="HBEFA3/PC_G_EU4" CO2="0.00" CO="0.00" HC="0.00" NOx="0.00" PMx="0.00" fuel="0.00" electricity="0.00" noise="71.98" route="routebottom" type="cfm-slow" waiting="0.00" lane="bottom_0" pos="39.49" speed="28.15" angle="23.46" x="128.55" y="41.38"/>
        <vehicle id="cfm-slow_4" eclass="HBEFA3/PC_G_EU4" CO2="0.00" CO="0.00" HC="0.00" NOx="0.00" PMx="0.00" fuel="0.00" electricity="0.00" noise="71.31" route="routebottom" type="cfm-slow" waiting="0.00" lane="right_0" pos="12.61" speed="27.20" angle="341.71" x="126.93" y="90.18"/>
        <vehicle id="cfm-slow_5" eclass="HBEFA3/PC_G_EU4" CO2="0.00" CO="0.00" HC="0.00" NOx="0.00" PMx="0.00" fuel="0.00" electricity="0.00" noise="70.79" route="routebottom" type="cfm-slow" waiting="0.00" lane="right_0" pos="34.73" speed="26.02" angle="302.06" x="95.36" y="124.51"/>
    </timestep>
    <timestep time="8.58">
        <vehicle id="cfm-fast_0" eclass="HBEFA3/PC_G_EU4" CO2="0.00" CO="0.00" HC="0.00" NOx="0.00" PMx="0.00" fuel="0.00" electricity="0.00" noise="70.76" route="routetop" type="cfm-fast" waiting="0.00" lane="top_0" pos="5.90" speed="25.01" angle="263.82" x="50.96" y="131.08"/>
        <vehicle id="cfm-fast_1" eclass="HBEFA3/PC_G_EU4" CO2="247886.37" CO="7708.03" HC="41.53" NOx="115.19" PMx="7.57" fuel="106.55" electricity="0.00" noise="133.40" route="routetop" type="cfm-fast" waiting="0.00" lane="left_1" pos="29.88" speed="101.25" angle="130.71" x="25.08" y="10.98"/>
        <vehicle id="cfm-fast_2" eclass="HBEFA3/PC_G_EU4" CO2="6268.30" CO="57.80" HC="0.42" NOx="2.30" PMx="0.12" fuel="2.69" electricity="0.00" noise="71.74" route="routetop" type="cfm-fast" waiting="0.00" lane="top_0" pos="21.84" speed="24.59" angle="235.17" x="20.19" y="116.74"/>
        <vehicle id="cfm-fast_3" eclass="HBEFA3/PC_G_EU4" CO2="10668.43" CO="149.55" HC="0.95" NOx="4.37" PMx="0.24" fuel="4.59" electricity="0.00" noise="73.45" route="routetop" type="cfm-fast" waiting="0.00" lane="top_0" pos="37.42" speed="24.98" angle="207.20" x="0.37" y="90.13"/>
        <vehicle id="cfm-fast_4" eclass="HBEFA3/PC_G_EU4" CO2="12893.44" CO="199.09" HC="1.23" NOx="5.40" PMx="0.30" fuel="5.54" electricity="0.00" noise="74.66" route="routetop" type="cfm-fast" waiting="0.00" lane="left_0" pos="3.44" speed="26.00" angle="178.32" x="-4.53" y="56.18"/>
        <vehicle id="cfm-fast_5" eclass="HBEFA3/PC_G_EU4" CO2="128677.33" CO="5687.08" HC="29.40" NOx="58.90" PMx="4.63" fuel="55.31" electricity="0.00" noise="114.51" route="routebottom" type="cfm-fast" waiting="0.00" lane="right_1" pos="23.26" speed="107.48" angle="322.66" x="112.30" y="107.25"/>
        <vehicle id="cfm-slow_0" eclass="HBEFA3/PC_G_EU4" CO2="12022.82" CO="186.73" HC="1.15" NOx="4.96" PMx="0.28" fuel="5.17" electricity="0.00" noise="74.63" route="routetop" type="cfm-slow" waiting="0.00" lane="left_0" pos="20.58" speed="27.22" angle="147.44" x="8.91" y="22.32"/>
        <vehicle id="cfm-slow_1" eclass="HBEFA3/PC_G_EU4" CO2="8132.06" CO="111.88" HC="0.72" NOx="3.10" PMx="0.18" fuel="3.50" electricity="0.00" noise="73.71" route="routetop" type="cfm-slow" waiting="0.00" lane="left_0" pos="42.94" speed="28.18" angle="107.24" x="48.51" y="-3.24"/>
        <vehicle id="cfm-slow_2" eclass="HBEFA3/PC_G_EU4" CO2="0.00" CO="0.00" HC="0.00" NOx="0.00" PMx="0.00" fuel="0.00" electricity="0.00" noise="72.75" route="routebottom" type="cfm-slow" waiting="0.00" lane="bottom_0" pos="16.22" speed="28.52" angle="65.25" x="97.16" y="3.80"/>
        <vehicle id="cfm-slow_3" eclass="HBEFA3/PC_G_EU4" CO2="0.00" CO="0.00" HC="0.00" NOx="0.00" PMx="0.00" fuel="0.00" electricity="0.00" noise="71.97" route="routebottom" type="cfm-slow" waiting="0.00" lane="bottom_0" pos="39.78" speed="28.14" angle="23.01" x="128.76" y="41.95"/>
        <vehicle id="cfm-slow_4" eclass="HBEFA3/PC_G_EU4" CO2="0.00" CO="0.00" HC="0.00" NOx="0.00" PMx="0.00" fuel="0.00" electricity="0.00" noise="71.30" route="routebottom" type="cfm-slow" waiting="0.00" lane="right_0" pos="12.88" speed="27.19" angle="341.28" x="126.71" y="90.72"/>
        <vehicle id="cfm-slow_5" eclass="HBEFA3/PC_G_EU4" CO2="0.00" CO="0.00" HC="0.00" NOx="0.00" PMx="0.00" fuel="0.00" electricity="0.00" noise="70.78" route="routebottom" type="cfm-slow" waiting="0.00" lane="right_0" pos="34.99" speed="26.01" angle="301.58" x="94.86" y="124.76"/>
    </timestep>
    <timestep time="8.59">
        <vehicle id="cfm-fast_0" eclass="HBEFA3/PC_G_EU4" CO2="0.00" CO="0.00" HC="0.00" NOx="0.00" PMx="0.00" fuel="0.00" electricity="0.00" noise="70.77" route="routetop" type="cfm-fast" waiting="0.00" lane="top_0" pos="6.15" speed="25.01" angle="263.35" x="50.43" y="130.98"/>
        <vehicle id="cfm-fast_1" eclass="HBEFA3/PC_G_EU4" CO2="246783.35" CO="7689.80" HC="41.42" NOx="114.67" PMx="7.54" fuel="106.08" electricity="0.00" noise="133.21" route="routetop" type="cfm-fast" waiting="0.00" lane="left_1" pos="30.89" speed="101.32" angle="128.89" x="26.77" y="9.78"/>
        <vehicle id="cfm-fast_2" eclass="HBEFA3/PC_G_EU4" CO2="6310.97" CO="58.68" HC="0.42" NOx="2.32" PMx="0.12" fuel="2.71" electricity="0.00" noise="71.75" route="routetop" type="cfm-fast" waiting="0.00" lane="top_0" pos="22.09" speed="24.60" angle="234.71" x="19.79" y="116.39"/>
        <vehicle id="cfm-fast_3" eclass="HBEFA3/PC_G_EU4" CO2="10691.11" CO="150.05" HC="0.95" NOx="4.38" PMx="0.24" fuel="4.60" electricity="0.00" noise="73.46" route="routetop" type="cfm-fast" waiting="0.00" lane="top_0" pos="37.66" speed="24.98" angle="206.74" x="0.17" y="89.63"/>
        <vehicle id="cfm-fast_4" eclass="HBEFA3/PC_G_EU4" CO2="12886.18" CO="198.99" HC="1.23" NOx="5.39" PMx="0.30" fuel="5.54" electricity="0.00" noise="74.66" route="routetop" type="cfm-fast" waiting="0.00" lane="left_0" pos="3.70" speed="26.02" angle="177.86" x="-4.47" y="55.62"/>
        <vehicle id="cfm-fast_5" eclass="HBEFA3/PC_G_EU4" CO2="127945.37" CO="5673.26" HC="29.32" NOx="58.56" PMx="4.62" fuel="55.00" electricity="0.00" noise="114.40" route="routebottom" type="cfm-fast" waiting="0.00" lane="right_1" pos="24.34" speed="107.50" angle="320.73" x="110.80" y="108.87"/>
        <vehicle id="cfm-slow_0" eclass="HBEFA3/PC_G_EU4" CO2="11986.64" CO="186.04" HC="1.15" NOx="4.94" PMx="0.28" fuel="5.15" electricity="0.00" noise="74.62" route="routetop" type="cfm-slow" waiting="0.00" lane="left_0" pos="20.85" speed="27.23" angle="146.94" x="9.27" y="21.86"/>
        <vehicle id="cfm-slow_1" eclass="HBEFA3/PC_G_EU4" CO2="8082.34" CO="110.88" HC="0.71" NOx="3.08" PMx="0.18" fuel="3.47" electricity="0.00" noise="73.70" route="routetop" type="cfm-slow" waiting="0.00" lane="left_0" pos="43.22" speed="28.19" angle="106.74" x="49.10" y="-3.38"/>
        <vehicle id="cfm-slow_2" eclass="HBEFA3/PC_G_EU4" CO2="0.00" CO="0.00" HC="0.00" NOx="0.00" PMx="0.00" fuel="0.00" electricity="0.00" noise="72.74" route="routebottom" type="cfm-slow" waiting="0.00" lane="bottom_0" pos="16.51" speed="28.51" angle="64.73" x="97.70" y="4.09"/>
        <vehicle id="cfm-slow_3" eclass="HBEFA3/PC_G_EU4" CO2="0.00" CO="0.00" HC="0.00" NOx="0.00" PMx="0.00" fuel="0.00" electricity="0.00" noise="71.96" route="routebottom" type="cfm-slow" waiting="0.00" lane="bottom_0" pos="40.06" speed="28.13" angle="22.47" x="128.93" y="42.53"/>
        <vehicle id="cfm-slow_4" eclass="HBEFA3/PC_G_EU4" CO2="0.00" CO="0.00" HC="0.00" NOx="0.00" PMx="0.00" fuel="0.00" electricity="0.00" noise="71.30" route="routebottom" type="cfm-slow" waiting="0.00" lane="right_0" pos="13.16" speed="27.18" angle="340.78" x="126.47" y="91.26"/>
        <vehicle id="cfm-slow_5" eclass="HBEFA3/PC_G_EU4" CO2="0.00" CO="0.00" HC="0.00" NOx="0.00" PMx="0.00" fuel="0.00" electricity="0.00" noise="70.78" route="routebottom" type="cfm-slow" waiting="0.00" lane="right_0" pos="35.25" speed="26.00" angle="301.11" x="94.36" y="125.01"/>
    </timestep>
    <timestep time="8.60">
        <vehicle id="cfm-fast_0" eclass="HBEFA3/PC_G_EU4" CO2="0.00" CO="0.00" HC="0.00" NOx="0.00" PMx="0.00" fuel="0.00" electricity="0.00" noise="70.78" route="routetop" type="cfm-fast" waiting="0.00" lane="top_0" pos="6.40" speed="25.00" angle="262.95" x="49.90" y="130.88"/>
        <vehicle id="cfm-fast_1" eclass="HBEFA3/PC_G_EU4" CO2="245682.57" CO="7671.59" HC="41.31" NOx="114.15" PMx="7.52" fuel="105.61" electricity="0.00" noise="133.03" route="routetop" type="cfm-fast" waiting="0.00" lane="left_1" pos="31.91" speed="101.38" angle="127.07" x="28.50" y="8.63"/>
        <vehicle id="cfm-fast_2" eclass="HBEFA3/PC_G_EU4" CO2="6353.45" CO="59.57" HC="0.43" NOx="2.34" PMx="0.12" fuel="2.73" electricity="0.00" noise="71.77" route="routetop" type="cfm-fast" waiting="0.00" lane="top_0" pos="22.33" speed="24.60" angle="234.25" x="19.38" y="116.05"/>
        <vehicle id="cfm-fast_3" eclass="HBEFA3/PC_G_EU4" CO2="10713.51" CO="150.54" HC="0.95" NOx="4.39" PMx="0.24" fuel="4.61" electricity="0.00" noise="73.47" route="routetop" type="cfm-fast" waiting="0.00" lane="top_0" pos="37.91" speed="24.99" angle="206.28" x="-0.03" y="89.13"/>
        <vehicle id="cfm-fast_4" eclass="HBEFA3/PC_G_EU4" CO2="12878.65" CO="198.89" HC="1.23" NOx="5.39" PMx="0.30" fuel="5.54" electricity="0.00" noise="74.66" route="routetop" type="cfm-fast" waiting="0.00" lane="left_0" pos="3.96" speed="26.03" angle="177.41" x="-4.40" y="55.07"/>
        <vehicle id="cfm-fast_5" eclass="HBEFA3/PC_G_EU4" CO2="127226.50" CO="5659.69" HC="29.24" NOx="58.22" PMx="4.60" fuel="54.69" electricity="0.00" noise="114.29" route="routebottom" type="cfm-fast" waiting="0.00" lane="right_1" pos="25.41" speed="107.52" angle="318.78" x="109.24" y="110.43"/>
        <vehicle id="cfm-slow_0" eclass="HBEFA3/PC_G_EU4" CO2="11950.33" CO="185.34" HC="1.14" NOx="4.93" PMx="0.28" fuel="5.14" electricity="0.00" noise="74.61" route="routetop" type="cfm-slow" waiting="0.00" lane="left_0" pos="21.12" speed="27.24" angle="146.43" x="9.63" y="21.40"/>
        <vehicle id="cfm-slow_1" eclass="HBEFA3/PC_G_EU4" CO2="8032.65" CO="109.88" HC="0.70" NOx="3.06" PMx="0.18" fuel="3.45" electricity="0.00" noise="73.69" route="routetop" type="cfm-slow" waiting="0.00" lane="left_0" pos="43.50" speed="28.19" angle="106.25" x="49.69" y="-3.51"/>
        <vehicle id="cfm-slow_2" eclass="HBEFA3/PC_G_EU4" CO2="0.00" CO="0.00" HC="0.00" NOx="0.00" PMx="0.00" fuel="0.00" electricity="0.00" noise="72.73" route="routebottom" type="cfm-slow" waiting="0.00" lane="bottom_0" pos="16.79" speed="28.51" angle="64.26" x="98.23" y="4.40"/>
        <vehicle id="cfm-slow_3" eclass="HBEFA3/PC_G_EU4" CO2="0.00" CO="0.00" HC="0.00" NOx="0.00" PMx="0.00" fuel="0.00" electricity="0.00" noise="71.96" route="routebottom" type="cfm-slow" waiting="0.00" lane="bottom_0" pos="40.34" speed="28.12" angle="21.94" x="129.11" y="43.10"/>
        <vehicle id="cfm-slow_4" eclass="HBEFA3/PC_G_EU4" CO2="0.00" CO="0.00" HC="0.00" NOx="0.00" PMx="0.00" fuel="0.00" electricity="0.00" noise="71.29" route="routebottom" type="cfm-slow" waiting="0.00" lane="right_0" pos="13.43" speed="27.17" angle="340.29" x="126.23" y="91.79"/>
        <vehicle id="cfm-slow_5" eclass="HBEFA3/PC_G_EU4" CO2="0.00" CO="0.00" HC="0.00" NOx="0.00" PMx="0.00" fuel="0.00" electricity="0.00" noise="70.78" route="routebottom" type="cfm-slow" waiting="0.00" lane="right_0" pos="35.51" speed="25.99" angle="300.64" x="93.86" y="125.26"/>
    </timestep>
    <timestep time="8.61">
        <vehicle id="cfm-fast_0" eclass="HBEFA3/PC_G_EU4" CO2="0.00" CO="0.00" HC="0.00" NOx="0.00" PMx="0.00" fuel="0.00" electricity="0.00" noise="70.78" route="routetop" type="cfm-fast" waiting="0.00" lane="top_0" pos="6.65" speed="25.00" angle="262.48" x="49.38" y="130.76"/>
        <vehicle id="cfm-fast_1" eclass="HBEFA3/PC_G_EU4" CO2="244584.14" CO="7653.40" HC="41.20" NOx="113.63" PMx="7.49" fuel="105.14" electricity="0.00" noise="132.84" route="routetop" type="cfm-fast" waiting="0.00" lane="left_1" pos="32.92" speed="101.45" angle="125.24" x="30.28" y="7.54"/>
        <vehicle id="cfm-fast_2" eclass="HBEFA3/PC_G_EU4" CO2="6395.76" CO="60.45" HC="0.43" NOx="2.36" PMx="0.12" fuel="2.75" electricity="0.00" noise="71.78" route="routetop" type="cfm-fast" waiting="0.00" lane="top_0" pos="22.58" speed="24.60" angle="233.79" x="18.98" y="115.71"/>
        <vehicle id="cfm-fast_3" eclass="HBEFA3/PC_G_EU4" CO2="10735.64" CO="151.03" HC="0.95" NOx="4.40" PMx="0.24" fuel="4.61" electricity="0.00" noise="73.48" route="routetop" type="cfm-fast" waiting="0.00" lane="top_0" pos="38.16" speed="25.00" angle="205.82" x="-0.23" y="88.63"/>
        <vehicle id="cfm-fast_4" eclass="HBEFA3/PC_G_EU4" CO2="12870.86" CO="198.77" HC="1.23" NOx="5.39" PMx="0.30" fuel="5.53" electricity="0.00" noise="74.66" route="routetop" type="cfm-fast" waiting="0.00" lane="left_0" pos="4.22" speed="26.04" angle="176.93" x="-4.33" y="54.51"/>
        <vehicle id="cfm-fast_5" eclass="HBEFA3/PC_G_EU4" CO2="126520.47" CO="5646.36" HC="29.16" NOx="57.88" PMx="4.58" fuel="54.39" electricity="0.00" noise="114.18" route="routebottom" type="cfm-fast" waiting="0.00" lane="right_1" pos="26.49" speed="107.53" angle="316.88" x="107.64" y="111.94"/>
        <vehicle id="cfm-slow_0" eclass="HBEFA3/PC_G_EU4" CO2="11913.87" CO="184.64" HC="1.14" NOx="4.91" PMx="0.28" fuel="5.12" electricity="0.00" noise="74.60" route="routetop" type="cfm-slow" waiting="0.00" lane="left_0" pos="21.40" speed="27.25" angle="145.93" x="9.99" y="20.94"/>
        <vehicle id="cfm-slow_1" eclass="HBEFA3/PC_G_EU4" CO2="7982.99" CO="108.88" HC="0.70" NOx="3.03" PMx="0.18" fuel="3.43" electricity="0.00" noise="73.67" route="routetop" type="cfm-slow" waiting="0.00" lane="left_0" pos="43.79" speed="28.20" angle="105.79" x="50.28" y="-3.63"/>
        <vehicle id="cfm-slow_2" eclass="HBEFA3/PC_G_EU4" CO2="0.00" CO="0.00" HC="0.00" NOx="0.00" PMx="0.00" fuel="0.00" electricity="0.00" noise="72.72" route="routebottom" type="cfm-slow" waiting="0.00" lane="bottom_0" pos="17.08" speed="28.51" angle="63.73" x="98.75" y="4.72"/>
        <vehicle id="cfm-slow_3" eclass="HBEFA3/PC_G_EU4" CO2="0.00" CO="0.00" HC="0.00" NOx="0.00" PMx="0.00" fuel="0.00" electricity="0.00" noise="71.95" route="routebottom" type="cfm-slow" waiting="0.00" lane="bottom_0" pos="40.62" speed="28.11" angle="21.40" x="129.29" y="43.68"/>
        <vehicle id="cfm-slow_4" eclass="HBEFA3/PC_G_EU4" CO2="0.00" CO="0.00" HC="0.00" NOx="0.00" PMx="0.00" fuel="0.00" electricity="0.00" noise="71.28" route="routebottom" type="cfm-slow" waiting="0.00" lane="right_0" pos="13.70" speed="27.16" angle="339.80" x="125.99" y="92.32"/>
        <vehicle id="cfm-slow_5" eclass="HBEFA3/PC_G_EU4" CO2="0.00" CO="0.00" HC="0.00" NOx="0.00" PMx="0.00" fuel="0.00" electricity="0.00" noise="70.78" route="routebottom" type="cfm-slow" waiting="0.00" lane="right_0" pos="35.77" speed="25.98" angle="300.17" x="93.36" y="125.52"/>
    </timestep>
    <timestep time="8.62">
        <vehicle id="cfm-fast_0" eclass="HBEFA3/PC_G_EU4" CO2="0.00" CO="0.00" HC="0.00" NOx="0.00" PMx="0.00" fuel="0.00" electricity="0.00" noise="70.79" route="routetop" type="cfm-fast" waiting="0.00" lane="top_0" pos="6.90" speed="25.00" angle="262.01" x="48.85" y="130.64"/>
        <vehicle id="cfm-fast_1" eclass="HBEFA3/PC_G_EU4" CO2="243488.17" CO="7635.23" HC="41.09" NOx="113.11" PMx="7.46" fuel="104.66" electricity="0.00" noise="132.66" route="routetop" type="cfm-fast" waiting="0.00" lane="left_1" pos="33.94" speed="101.52" angle="123.44" x="32.08" y="6.51"/>
        <vehicle id="cfm-fast_2" eclass="HBEFA3/PC_G_EU4" CO2="6437.87" CO="61.33" HC="0.44" NOx="2.38" PMx="0.13" fuel="2.77" electricity="0.00" noise="71.80" route="routetop" type="cfm-fast" waiting="0.00" lane="top_0" pos="22.82" speed="24.61" angle="233.33" x="18.57" y="115.37"/>
        <vehicle id="cfm-fast_3" eclass="HBEFA3/PC_G_EU4" CO2="10757.50" CO="151.51" HC="0.96" NOx="4.41" PMx="0.24" fuel="4.62" electricity="0.00" noise="73.50" route="routetop" type="cfm-fast" waiting="0.00" lane="top_0" pos="38.42" speed="25.01" angle="205.39" x="-0.43" y="88.13"/>
        <vehicle id="cfm-fast_4" eclass="HBEFA3/PC_G_EU4" CO2="12862.80" CO="198.66" HC="1.23" NOx="5.38" PMx="0.30" fuel="5.53" electricity="0.00" noise="74.66" route="routetop" type="cfm-fast" waiting="0.00" lane="left_0" pos="4.48" speed="26.05" angle="176.46" x="-4.25" y="53.95"/>
        <vehicle id="cfm-fast_5" eclass="HBEFA3/PC_G_EU4" CO2="125827.05" CO="5633.28" HC="29.08" NOx="57.56" PMx="4.56" fuel="54.09" electricity="0.00" noise="114.08" route="routebottom" type="cfm-fast" waiting="0.00" lane="right_1" pos="27.56" speed="107.55" angle="314.88" x="105.98" y="113.39"/>
        <vehicle id="cfm-slow_0" eclass="HBEFA3/PC_G_EU4" CO2="11877.26" CO="183.94" HC="1.14" NOx="4.89" PMx="0.27" fuel="5.11" electricity="0.00" noise="74.59" route="routetop" type="cfm-slow" waiting="0.00" lane="left_0" pos="21.67" speed="27.26" angle="145.44" x="10.36" y="20.48"/>
        <vehicle id="cfm-slow_1" eclass="HBEFA3/PC_G_EU4" CO2="7933.35" CO="107.88" HC="0.69" NOx="3.01" PMx="0.18" fuel="3.41" electricity="0.00" noise="73.66" route="routetop" type="cfm-slow" waiting="0.00" lane="left_0" pos="44.07" speed="28.20" angle="105.27" x="50.88" y="-3.74"/>
        <vehicle id="cfm-slow_2" eclass="HBEFA3/PC_G_EU4" CO2="0.00" CO="0.00" HC="0.00" NOx="0.00" PMx="0.00" fuel="0.00" electricity="0.00" noise="72.71" route="routebottom" type="cfm-slow" waiting="0.00" lane="bottom_0" pos="17.36" speed="28.50" angle="63.21" x="99.28" y="5.03"/>
        <vehicle id="cfm-slow_3" eclass="HBEFA3/PC_G_EU4" CO2="0.00" CO="0.00" HC="0.00" NOx="0.00" PMx="0.00" fuel="0.00" electricity="0.00" noise="71.94" route="routebottom" type="cfm-slow" waiting="0.00" lane="bottom_0" pos="40.90" speed="28.10" angle="20.86" x="129.47" y="44.26"/>
        <vehicle id="cfm-slow_4" eclass="HBEFA3/PC_G_EU4" CO2="0.00" CO="0.00" HC="0.00" NOx="0.00" PMx="0.00" fuel="0.00" electricity="0.00" noise="71.28" route="routebottom" type="cfm-slow" waiting="0.00" lane="right_0" pos="13.97" speed="27.15" angle="339.32" x="125.76" y="92.86"/>
        <vehicle id="cfm-slow_5" eclass="HBEFA3/PC_G_EU4" CO2="0.00" CO="0.00" HC="0.00" NOx="0.00" PMx="0.00" fuel="0.00" electricity="0.00" noise="70.78" route="routebottom" type="cfm-slow" waiting="0.00" lane="right_0" pos="36.03" speed="25.97" angle="299.74" x="92.85" y="125.76"/>
    </timestep>
    <timestep time="8.63">
        <vehicle id="cfm-fast_0" eclass="HBEFA3/PC_G_EU4" CO2="0.00" CO="0.00" HC="0.00" NOx="0.00" PMx="0.00" fuel="0.00" electricity="0.00" noise="70.80" route="routetop" type="cfm-fast" waiting="0.00" lane="top_0" pos="7.15" speed="24.99" angle="261.54" x="48.33" y="130.53"/>
        <vehicle id="cfm-fast_1" eclass="HBEFA3/PC_G_EU4" CO2="242394.74" CO="7617.08" HC="40.98" NOx="112.60" PMx="7.44" fuel="104.19" electricity="0.00" noise="132.47" route="routetop" type="cfm-fast" waiting="0.00" lane="left_1" pos="34.95" speed="101.58" angle="121.66" x="33.92" y="5.52"/>
        <vehicle id="cfm-fast_2" eclass="HBEFA3/PC_G_EU4" CO2="6479.80" CO="62.20" HC="0.44" NOx="2.40" PMx="0.13" fuel="2.79" electricity="0.00" noise="71.81" route="routetop" type="cfm-fast" waiting="0.00" lane="top_0" pos="23.07" speed="24.61" angle="232.95" x="18.17" y="115.03"/>
        <vehicle id="cfm-fast_3" eclass="HBEFA3/PC_G_EU4" CO2="10779.08" CO="151.99" HC="0.96" NOx="4.42" PMx="0.24" fuel="4.63" electricity="0.00" noise="73.51" route="routetop" type="cfm-fast" waiting="0.00" lane="top_0" pos="38.67" speed="25.02" angle="204.95" x="-0.62" y="87.63"/>
        <vehicle id="cfm-fast_4" eclass="HBEFA3/PC_G_EU4" CO2="12854.49" CO="198.54" HC="1.22" NOx="5.38" PMx="0.30" fuel="5.53" electricity="0.00" noise="74.65" route="routetop" type="cfm-fast" waiting="0.00" lane="left_0" pos="4.74" speed="26.07" angle="175.99" x="-4.17" y="53.40"/>
        <vehicle id="cfm-fast_5" eclass="HBEFA3/PC_G_EU4" CO2="125146.02" CO="5620.44" HC="29.01" NOx="57.24" PMx="4.55" fuel="53.80" electricity="0.00" noise="113.98" route="routebottom" type="cfm-fast" waiting="0.00" lane="right_1" pos="28.64" speed="107.57" angle="312.90" x="104.27" y="114.79"/>
        <vehicle id="cfm-slow_0" eclass="HBEFA3/PC_G_EU4" CO2="11840.52" CO="183.23" HC="1.13" NOx="4.87" PMx="0.27" fuel="5.09" electricity="0.00" noise="74.58" route="routetop" type="cfm-slow" waiting="0.00" lane="left_0" pos="21.94" speed="27.27" angle="144.98" x="10.73" y="20.02"/>
        <vehicle id="cfm-slow_1" eclass="HBEFA3/PC_G_EU4" CO2="7883.74" CO="106.88" HC="0.69" NOx="2.99" PMx="0.17" fuel="3.39" electricity="0.00" noise="73.65" route="routetop" type="cfm-slow" waiting="0.00" lane="left_0" pos="44.35" speed="28.20" angle="104.74" x="51.48" y="-3.85"/>
        <vehicle id="cfm-slow_2" eclass="HBEFA3/PC_G_EU4" CO2="0.00" CO="0.00" HC="0.00" NOx="0.00" PMx="0.00" fuel="0.00" electricity="0.00" noise="72.70" route="routebottom" type="cfm-slow" waiting="0.00" lane="bottom_0" pos="17.65" speed="28.50" angle="62.68" x="99.81" y="5.35"/>
        <vehicle id="cfm-slow_3" eclass="HBEFA3/PC_G_EU4" CO2="0.00" CO="0.00" HC="0.00" NOx="0.00" PMx="0.00" fuel="0.00" electricity="0.00" noise="71.94" route="routebottom" type="cfm-slow" waiting="0.00" lane="bottom_0" pos="41.18" speed="28.09" angle="20.41" x="129.64" y="44.84"/>
        <vehicle id="cfm-slow_4" eclass="HBEFA3/PC_G_EU4" CO2="0.00" CO="0.00" HC="0.00" NOx="0.00" PMx="0.00" fuel="0.00" electricity="0.00" noise="71.27" route="routebottom" type="cfm-slow" waiting="0.00" lane="right_0" pos="14.24" speed="27.13" angle="338.86" x="125.50" y="93.38"/>
        <vehicle id="cfm-slow_5" eclass="HBEFA3/PC_G_EU4" CO2="0.00" CO="0.00" HC="0.00" NOx="0.00" PMx="0.00" fuel="0.00" electricity="0.00" noise="70.78" route="routebottom" type="cfm-slow" waiting="0.00" lane="right_0" pos="36.29" speed="25.96" angle="299.24" x="92.34" y="125.98"/>
    </timestep>
    <timestep time="8.64">
        <vehicle id="cfm-fast_0" eclass="HBEFA3/PC_G_EU4" CO2="0.00" CO="0.00" HC="0.00" NOx="0.00" PMx="0.00" fuel="0.00" electricity="0.00" noise="70.80" route="routetop" type="cfm-fast" waiting="0.00" lane="top_0" pos="7.40" speed="24.99" angle="261.07" x="47.80" y="130.41"/>
        <vehicle id="cfm-fast_1" eclass="HBEFA3/PC_G_EU4" CO2="241303.98" CO="7598.95" HC="40.87" NOx="112.08" PMx="7.41" fuel="103.73" electricity="0.00" noise="132.29" route="routetop" type="cfm-fast" waiting="0.00" lane="left_1" pos="35.97" speed="101.64" angle="119.85" x="35.78" y="4.60"/>
        <vehicle id="cfm-fast_2" eclass="HBEFA3/PC_G_EU4" CO2="6521.54" CO="63.07" HC="0.45" NOx="2.42" PMx="0.13" fuel="2.80" electricity="0.00" noise="71.82" route="routetop" type="cfm-fast" waiting="0.00" lane="top_0" pos="23.32" speed="24.61" angle="232.51" x="17.78" y="114.67"/>
        <vehicle id="cfm-fast_3" eclass="HBEFA3/PC_G_EU4" CO2="10800.39" CO="152.46" HC="0.96" NOx="4.43" PMx="0.24" fuel="4.64" electricity="0.00" noise="73.52" route="routetop" type="cfm-fast" waiting="0.00" lane="top_0" pos="38.92" speed="25.03" angle="204.49" x="-0.80" y="87.12"/>
        <vehicle id="cfm-fast_4" eclass="HBEFA3/PC_G_EU4" CO2="12845.92" CO="198.41" HC="1.22" NOx="5.37" PMx="0.30" fuel="5.52" electricity="0.00" noise="74.65" route="routetop" type="cfm-fast" waiting="0.00" lane="left_0" pos="5.01" speed="26.08" angle="175.44" x="-4.10" y="52.84"/>
        <vehicle id="cfm-fast_5" eclass="HBEFA3/PC_G_EU4" CO2="124477.15" CO="5607.82" HC="28.94" NOx="56.92" PMx="4.53" fuel="53.51" electricity="0.00" noise="113.87" route="routebottom" type="cfm-fast" waiting="0.00" lane="right_1" pos="29.71" speed="107.58" angle="310.99" x="102.52" y="116.14"/>
        <vehicle id="cfm-slow_0" eclass="HBEFA3/PC_G_EU4" CO2="11803.64" CO="182.52" HC="1.13" NOx="4.86" PMx="0.27" fuel="5.07" electricity="0.00" noise="74.57" route="routetop" type="cfm-slow" waiting="0.00" lane="left_0" pos="22.21" speed="27.28" angle="144.47" x="11.11" y="19.58"/>
        <vehicle id="cfm-slow_1" eclass="HBEFA3/PC_G_EU4" CO2="7834.17" CO="105.88" HC="0.68" NOx="2.96" PMx="0.17" fuel="3.37" electricity="0.00" noise="73.64" route="routetop" type="cfm-slow" waiting="0.00" lane="left_0" pos="44.63" speed="28.21" angle="104.22" x="52.07" y="-3.96"/>
        <vehicle id="cfm-slow_2" eclass="HBEFA3/PC_G_EU4" CO2="0.00" CO="0.00" HC="0.00" NOx="0.00" PMx="0.00" fuel="0.00" electricity="0.00" noise="72.69" route="routebottom" type="cfm-slow" waiting="0.00" lane="bottom_0" pos="17.93" speed="28.50" angle="62.23" x="100.33" y="5.66"/>
        <vehicle id="cfm-slow_3" eclass="HBEFA3/PC_G_EU4" CO2="0.00" CO="0.00" HC="0.00" NOx="0.00" PMx="0.00" fuel="0.00" electricity="0.00" noise="71.93" route="routebottom" type="cfm-slow" waiting="0.00" lane="bottom_0" pos="41.46" speed="28.08" angle="19.90" x="129.80" y="45.42"/>
        <vehicle id="cfm-slow_4" eclass="HBEFA3/PC_G_EU4" CO2="0.00" CO="0.00" HC="0.00" NOx="0.00" PMx="0.00" fuel="0.00" electricity="0.00" noise="71.27" route="routebottom" type="cfm-slow" waiting="0.00" lane="right_0" pos="14.51" speed="27.12" angle="338.34" x="125.24" y="93.90"/>
        <vehicle id="cfm-slow_5" eclass="HBEFA3/PC_G_EU4" CO2="0.00" CO="0.00" HC="0.00" NOx="0.00" PMx="0.00" fuel="0.00" electricity="0.00" noise="70.78" route="routebottom" type="cfm-slow" waiting="0.00" lane="right_0" pos="36.55" speed="25.95" angle="298.73" x="91.83" y="126.21"/>
    </timestep>
    <timestep time="8.65">
        <vehicle id="cfm-fast_0" eclass="HBEFA3/PC_G_EU4" CO2="0.00" CO="0.00" HC="0.00" NOx="0.00" PMx="0.00" fuel="0.00" electricity="0.00" noise="70.81" route="routetop" type="cfm-fast" waiting="0.00" lane="top_0" pos="7.65" speed="24.98" angle="260.66" x="47.28" y="130.29"/>
        <vehicle id="cfm-fast_1" eclass="HBEFA3/PC_G_EU4" CO2="240215.97" CO="7580.86" HC="40.76" NOx="111.57" PMx="7.38" fuel="103.26" electricity="0.00" noise="132.10" route="routetop" type="cfm-fast" waiting="0.00" lane="left_1" pos="36.99" speed="101.71" angle="117.91" x="37.69" y="3.74"/>
        <vehicle id="cfm-fast_2" eclass="HBEFA3/PC_G_EU4" CO2="6563.09" CO="63.94" HC="0.45" NOx="2.44" PMx="0.13" fuel="2.82" electricity="0.00" noise="71.84" route="routetop" type="cfm-fast" waiting="0.00" lane="top_0" pos="23.56" speed="24.62" angle="232.07" x="17.39" y="114.31"/>
        <vehicle id="cfm-fast_3" eclass="HBEFA3/PC_G_EU4" CO2="10821.43" CO="152.92" HC="0.97" NOx="4.44" PMx="0.24" fuel="4.65" electricity="0.00" noise="73.53" route="routetop" type="cfm-fast" waiting="0.00" lane="top_0" pos="39.17" speed="25.04" angle="204.03" x="-0.98" y="86.62"/>
        <vehicle id="cfm-fast_4" eclass="HBEFA3/PC_G_EU4" CO2="12837.08" CO="198.28" HC="1.22" NOx="5.37" PMx="0.30" fuel="5.52" electricity="0.00" noise="74.65" route="routetop" type="cfm-fast" waiting="0.00" lane="left_0" pos="5.27" speed="26.09" angle="175.01" x="-4.00" y="52.29"/>
        <vehicle id="cfm-fast_5" eclass="HBEFA3/PC_G_EU4" CO2="123820.23" CO="5595.44" HC="28.86" NOx="56.61" PMx="4.51" fuel="53.23" electricity="0.00" noise="113.77" route="routebottom" type="cfm-fast" waiting="0.00" lane="right_1" pos="30.79" speed="107.60" angle="309.09" x="100.73" y="117.43"/>
        <vehicle id="cfm-slow_0" eclass="HBEFA3/PC_G_EU4" CO2="11766.63" CO="181.81" HC="1.12" NOx="4.84" PMx="0.27" fuel="5.06" electricity="0.00" noise="74.56" route="routetop" type="cfm-slow" waiting="0.00" lane="left_0" pos="22.49" speed="27.29" angle="143.97" x="11.49" y="19.13"/>
        <vehicle id="cfm-slow_1" eclass="HBEFA3/PC_G_EU4" CO2="7784.62" CO="104.88" HC="0.67" NOx="2.94" PMx="0.17" fuel="3.35" electricity="0.00" noise="73.63" route="routetop" type="cfm-slow" waiting="0.00" lane="left_0" pos="44.91" speed="28.21" angle="103.77" x="52.67" y="-4.07"/>
        <vehicle id="cfm-slow_2" eclass="HBEFA3/PC_G_EU4" CO2="0.00" CO="0.00" HC="0.00" NOx="0.00" PMx="0.00" fuel="0.00" electricity="0.00" noise="72.69" route="routebottom" type="cfm-slow" waiting="0.00" lane="bottom_0" pos="18.22" speed="28.49" angle="61.70" x="100.84" y="6.00"/>
        <vehicle id="cfm-slow_3" eclass="HBEFA3/PC_G_EU4" CO2="0.00" CO="0.00" HC="0.00" NOx="0.00" PMx="0.00" fuel="0.00" electricity="0.00" noise="71.92" route="routebottom" type="cfm-slow" waiting="0.00" lane="bottom_0" pos="41.74" speed="28.07" angle="19.39" x="129.95" y="46.01"/>
        <vehicle id="cfm-slow_4" eclass="HBEFA3/PC_G_EU4" CO2="0.00" CO="0.00" HC="0.00" NOx="0.00" PMx="0.00" fuel="0.00" electricity="0.00" noise="71.26" route="routebottom" type="cfm-slow" waiting="0.00" lane="right_0" pos="14.78" speed="27.11" angle="337.83" x="124.98" y="94.43"/>
        <vehicle id="cfm-slow_5" eclass="HBEFA3/PC_G_EU4" CO2="0.00" CO="0.00" HC="0.00" NOx="0.00" PMx="0.00" fuel="0.00" electricity="0.00" noise="70.78" route="routebottom" type="cfm-slow" waiting="0.00" lane="right_0" pos="36.81" speed="25.94" angle="298.23" x="91.32" y="126.44"/>
    </timestep>
    <timestep time="8.66">
        <vehicle id="cfm-fast_0" eclass="HBEFA3/PC_G_EU4" CO2="0.00" CO="0.00" HC="0.00" NOx="0.00" PMx="0.00" fuel="0.00" electricity="0.00" noise="70.82" route="routetop" type="cfm-fast" waiting="0.00" lane="top_0" pos="7.90" speed="24.98" angle="260.21" x="46.76" y="130.15"/>
        <vehicle id="cfm-fast_1" eclass="HBEFA3/PC_G_EU4" CO2="239130.82" CO="7562.79" HC="40.65" NOx="111.06" PMx="7.36" fuel="102.79" electricity="0.00" noise="131.92" route="routetop" type="cfm-fast" waiting="0.00" lane="left_1" pos="38.00" speed="101.77" angle="116.07" x="39.62" y="2.95"/>
        <vehicle id="cfm-fast_2" eclass="HBEFA3/PC_G_EU4" CO2="6604.45" CO="64.80" HC="0.46" NOx="2.46" PMx="0.13" fuel="2.84" electricity="0.00" noise="71.85" route="routetop" type="cfm-fast" waiting="0.00" lane="top_0" pos="23.81" speed="24.62" angle="231.62" x="17.00" y="113.95"/>
        <vehicle id="cfm-fast_3" eclass="HBEFA3/PC_G_EU4" CO2="10842.19" CO="153.38" HC="0.97" NOx="4.45" PMx="0.24" fuel="4.66" electricity="0.00" noise="73.54" route="routetop" type="cfm-fast" waiting="0.00" lane="top_0" pos="39.42" speed="25.05" angle="203.57" x="-1.17" y="86.11"/>
        <vehicle id="cfm-fast_4" eclass="HBEFA3/PC_G_EU4" CO2="12827.99" CO="198.14" HC="1.22" NOx="5.37" PMx="0.30" fuel="5.51" electricity="0.00" noise="74.65" route="routetop" type="cfm-fast" waiting="0.00" lane="left_0" pos="5.53" speed="26.10" angle="174.53" x="-3.90" y="51.74"/>
        <vehicle id="cfm-fast_5" eclass="HBEFA3/PC_G_EU4" CO2="123175.03" CO="5583.28" HC="28.79" NOx="56.31" PMx="4.49" fuel="52.95" electricity="0.00" noise="113.68" route="routebottom" type="cfm-fast" waiting="0.00" lane="right_1" pos="31.86" speed="107.61" angle="307.12" x="98.90" y="118.65"/>
        <vehicle id="cfm-slow_0" eclass="HBEFA3/PC_G_EU4" CO2="11729.48" CO="181.09" HC="1.12" NOx="4.82" PMx="0.27" fuel="5.04" electricity="0.00" noise="74.55" route="routetop" type="cfm-slow" waiting="0.00" lane="left_0" pos="22.76" speed="27.30" angle="143.46" x="11.87" y="18.68"/>
        <vehicle id="cfm-slow_1" eclass="HBEFA3/PC_G_EU4" CO2="7735.12" CO="103.88" HC="0.67" NOx="2.92" PMx="0.17" fuel="3.32" electricity="0.00" noise="73.62" route="routetop" type="cfm-slow" waiting="0.00" lane="left_0" pos="45.20" speed="28.21" angle="103.25" x="53.27" y="-4.16"/>
        <vehicle id="cfm-slow_2" eclass="HBEFA3/PC_G_EU4" CO2="0.00" CO="0.00" HC="0.00" NOx="0.00" PMx="0.00" fuel="0.00" electricity="0.00" noise="72.68" route="routebottom" type="cfm-slow" waiting="0.00" lane="bottom_0" pos="18.50" speed="28.49" angle="61.16" x="101.35" y="6.34"/>
        <vehicle id="cfm-slow_3" eclass="HBEFA3/PC_G_EU4" CO2="0.00" CO="0.00" HC="0.00" NOx="0.00" PMx="0.00" fuel="0.00" electricity="0.00" noise="71.92" route="routebottom" type="cfm-slow" waiting="0.00" lane="bottom_0" pos="42.02" speed="28.07" angle="18.87" x="130.11" y="46.59"/>
        <vehicle id="cfm-slow_4" eclass="HBEFA3/PC_G_EU4" CO2="0.00" CO="0.00" HC="0.00" NOx="0.00" PMx="0.00" fuel="0.00" electricity="0.00" noise="71.26" route="routebottom" type="cfm-slow" waiting="0.00" lane="right_0" pos="15.05" speed="27.10" angle="337.31" x="124.72" y="94.95"/>
        <vehicle id="cfm-slow_5" eclass="HBEFA3/PC_G_EU4" CO2="0.00" CO="0.00" HC="0.00" NOx="0.00" PMx="0.00" fuel="0.00" electricity="0.00" noise="70.77" route="routebottom" type="cfm-slow" waiting="0.00" lane="right_0" pos="37.07" speed="25.93" angle="297.73" x="90.81" y="126.67"/>
    </timestep>
    <timestep time="8.67">
        <vehicle id="cfm-fast_0" eclass="HBEFA3/PC_G_EU4" CO2="0.00" CO="0.00" HC="0.00" NOx="0.00" PMx="0.00" fuel="0.00" electricity="0.00" noise="70.82" route="routetop" type="cfm-fast" waiting="0.00" lane="top_0" pos="8.15" speed="24.98" angle="259.75" x="46.24" y="130.01"/>
        <vehicle id="cfm-fast_1" eclass="HBEFA3/PC_G_EU4" CO2="238048.60" CO="7544.76" HC="40.54" NOx="110.55" PMx="7.33" fuel="102.33" electricity="0.00" noise="131.74" route="routetop" type="cfm-fast" waiting="0.00" lane="left_1" pos="39.02" speed="101.84" angle="114.24" x="41.57" y="2.22"/>
        <vehicle id="cfm-fast_2" eclass="HBEFA3/PC_G_EU4" CO2="6645.62" CO="65.66" HC="0.46" NOx="2.48" PMx="0.13" fuel="2.86" electricity="0.00" noise="71.87" route="routetop" type="cfm-fast" waiting="0.00" lane="top_0" pos="24.05" speed="24.62" angle="231.18" x="16.62" y="113.59"/>
        <vehicle id="cfm-fast_3" eclass="HBEFA3/PC_G_EU4" CO2="10862.68" CO="153.84" HC="0.97" NOx="4.46" PMx="0.24" fuel="4.67" electricity="0.00" noise="73.55" route="routetop" type="cfm-fast" waiting="0.00" lane="top_0" pos="39.67" speed="25.06" angle="203.12" x="-1.35" y="85.60"/>
        <vehicle id="cfm-fast_4" eclass="HBEFA3/PC_G_EU4" CO2="12818.64" CO="198.00" HC="1.22" NOx="5.36" PMx="0.30" fuel="5.51" electricity="0.00" noise="74.65" route="routetop" type="cfm-fast" waiting="0.00" lane="left_0" pos="5.79" speed="26.11" angle="174.06" x="-3.80" y="51.19"/>
        <vehicle id="cfm-fast_5" eclass="HBEFA3/PC_G_EU4" CO2="122541.35" CO="5571.34" HC="28.72" NOx="56.01" PMx="4.48" fuel="52.68" electricity="0.00" noise="113.58" route="routebottom" type="cfm-fast" waiting="0.00" lane="right_1" pos="32.94" speed="107.63" angle="305.23" x="97.01" y="119.80"/>
        <vehicle id="cfm-slow_0" eclass="HBEFA3/PC_G_EU4" CO2="11692.19" CO="180.37" HC="1.11" NOx="4.80" PMx="0.27" fuel="5.03" electricity="0.00" noise="74.53" route="routetop" type="cfm-slow" waiting="0.00" lane="left_0" pos="23.03" speed="27.31" angle="142.99" x="12.25" y="18.23"/>
        <vehicle id="cfm-slow_1" eclass="HBEFA3/PC_G_EU4" CO2="7685.65" CO="102.88" HC="0.66" NOx="2.89" PMx="0.17" fuel="3.30" electricity="0.00" noise="73.60" route="routetop" type="cfm-slow" waiting="0.00" lane="left_0" pos="45.48" speed="28.22" angle="102.72" x="53.87" y="-4.24"/>
        <vehicle id="cfm-slow_2" eclass="HBEFA3/PC_G_EU4" CO2="0.00" CO="0.00" HC="0.00" NOx="0.00" PMx="0.00" fuel="0.00" electricity="0.00" noise="72.67" route="routebottom" type="cfm-slow" waiting="0.00" lane="bottom_0" pos="18.79" speed="28.49" angle="60.63" x="101.86" y="6.68"/>
        <vehicle id="cfm-slow_3" eclass="HBEFA3/PC_G_EU4" CO2="0.00" CO="0.00" HC="0.00" NOx="0.00" PMx="0.00" fuel="0.00" electricity="0.00" noise="71.91" route="routebottom" type="cfm-slow" waiting="0.00" lane="bottom_0" pos="42.30" speed="28.06" angle="18.41" x="130.26" y="47.17"/>
        <vehicle id="cfm-slow_4" eclass="HBEFA3/PC_G_EU4" CO2="0.00" CO="0.00" HC="0.00" NOx="0.00" PMx="0.00" fuel="0.00" electricity="0.00" noise="71.25" route="routebottom" type="cfm-slow" waiting="0.00" lane="right_0" pos="15.33" speed="27.09" angle="336.84" x="124.46" y="95.47"/>
        <vehicle id="cfm-slow_5" eclass="HBEFA3/PC_G_EU4" CO2="0.00" CO="0.00" HC="0.00" NOx="0.00" PMx="0.00" fuel="0.00" electricity="0.00" noise="70.77" route="routebottom" type="cfm-slow" waiting="0.00" lane="right_0" pos="37.33" speed="25.92" angle="297.32" x="90.30" y="126.89"/>
    </timestep>
    <timestep time="8.68">
        <vehicle id="cfm-fast_0" eclass="HBEFA3/PC_G_EU4" CO2="0.00" CO="0.00" HC="0.00" NOx="0.00" PMx="0.00" fuel="0.00" electricity="0.00" noise="70.83" route="routetop" type="cfm-fast" waiting="0.00" lane="top_0" pos="8.40" speed="24.97" angle="259.30" x="45.72" y="129.87"/>
        <vehicle id="cfm-fast_1" eclass="HBEFA3/PC_G_EU4" CO2="236969.42" CO="7526.76" HC="40.43" NOx="110.04" PMx="7.30" fuel="101.86" electricity="0.00" noise="131.56" route="routetop" type="cfm-fast" waiting="0.00" lane="left_1" pos="40.04" speed="101.90" angle="112.42" x="43.55" y="1.53"/>
        <vehicle id="cfm-fast_2" eclass="HBEFA3/PC_G_EU4" CO2="6686.61" CO="66.51" HC="0.47" NOx="2.50" PMx="0.13" fuel="2.87" electricity="0.00" noise="71.88" route="routetop" type="cfm-fast" waiting="0.00" lane="top_0" pos="24.30" speed="24.63" angle="230.77" x="16.23" y="113.23"/>
        <vehicle id="cfm-fast_3" eclass="HBEFA3/PC_G_EU4" CO2="10882.89" CO="154.29" HC="0.97" NOx="4.47" PMx="0.24" fuel="4.68" electricity="0.00" noise="73.56" route="routetop" type="cfm-fast" waiting="0.00" lane="top_0" pos="39.92" speed="25.07" angle="202.71" x="-1.52" y="85.09"/>
        <vehicle id="cfm-fast_4" eclass="HBEFA3/PC_G_EU4" CO2="12809.03" CO="197.85" HC="1.22" NOx="5.36" PMx="0.30" fuel="5.51" electricity="0.00" noise="74.65" route="routetop" type="cfm-fast" waiting="0.00" lane="left_0" pos="6.05" speed="26.13" angle="173.58" x="-3.70" y="50.63"/>
        <vehicle id="cfm-fast_5" eclass="HBEFA3/PC_G_EU4" CO2="121918.97" CO="5559.61" HC="28.65" NOx="55.71" PMx="4.46" fuel="52.41" electricity="0.00" noise="113.48" route="routebottom" type="cfm-fast" waiting="0.00" lane="right_1" pos="34.02" speed="107.64" angle="303.31" x="95.10" y="120.90"/>
        <vehicle id="cfm-slow_0" eclass="HBEFA3/PC_G_EU4" CO2="11654.78" CO="179.65" HC="1.11" NOx="4.78" PMx="0.27" fuel="5.01" electricity="0.00" noise="74.52" route="routetop" type="cfm-slow" waiting="0.00" lane="left_0" pos="23.31" speed="27.32" angle="142.52" x="12.64" y="17.80"/>
        <vehicle id="cfm-slow_1" eclass="HBEFA3/PC_G_EU4" CO2="7636.22" CO="101.88" HC="0.66" NOx="2.87" PMx="0.17" fuel="3.28" electricity="0.00" noise="73.59" route="routetop" type="cfm-slow" waiting="0.00" lane="left_0" pos="45.76" speed="28.22" angle="102.20" x="54.48" y="-4.32"/>
        <vehicle id="cfm-slow_2" eclass="HBEFA3/PC_G_EU4" CO2="0.00" CO="0.00" HC="0.00" NOx="0.00" PMx="0.00" fuel="0.00" electricity="0.00" noise="72.66" route="routebottom" type="cfm-slow" waiting="0.00" lane="bottom_0" pos="19.07" speed="28.48" angle="60.09" x="102.37" y="7.02"/>
        <vehicle id="cfm-slow_3" eclass="HBEFA3/PC_G_EU4" CO2="0.00" CO="0.00" HC="0.00" NOx="0.00" PMx="0.00" fuel="0.00" electricity="0.00" noise="71.90" route="routebottom" type="cfm-slow" waiting="0.00" lane="bottom_0" pos="42.58" speed="28.05" angle="17.91" x="130.40" y="47.76"/>
        <vehicle id="cfm-slow_4" eclass="HBEFA3/PC_G_EU4" CO2="0.00" CO="0.00" HC="0.00" NOx="0.00" PMx="0.00" fuel="0.00" electricity="0.00" noise="71.25" route="routebottom" type="cfm-slow" waiting="0.00" lane="right_0" pos="15.60" speed="27.08" angle="336.38" x="124.18" y="95.98"/>
        <vehicle id="cfm-slow_5" eclass="HBEFA3/PC_G_EU4" CO2="0.00" CO="0.00" HC="0.00" NOx="0.00" PMx="0.00" fuel="0.00" electricity="0.00" noise="70.77" route="routebottom" type="cfm-slow" waiting="0.00" lane="right_0" pos="37.59" speed="25.91" angle="296.85" x="89.78" y="127.09"/>
    </timestep>
    <timestep time="8.69">
        <vehicle id="cfm-fast_0" eclass="HBEFA3/PC_G_EU4" CO2="0.00" CO="0.00" HC="0.00" NOx="0.00" PMx="0.00" fuel="0.00" electricity="0.00" noise="70.84" route="routetop" type="cfm-fast" waiting="0.00" lane="top_0" pos="8.65" speed="24.97" angle="258.84" x="45.20" y="129.74"/>
        <vehicle id="cfm-fast_1" eclass="HBEFA3/PC_G_EU4" CO2="235893.36" CO="7508.79" HC="40.33" NOx="109.53" PMx="7.28" fuel="101.40" electricity="0.00" noise="131.38" route="routetop" type="cfm-fast" waiting="0.00" lane="left_1" pos="41.06" speed="101.96" angle="110.59" x="45.54" y="0.92"/>
        <vehicle id="cfm-fast_2" eclass="HBEFA3/PC_G_EU4" CO2="6727.39" CO="67.36" HC="0.47" NOx="2.52" PMx="0.13" fuel="2.89" electricity="0.00" noise="71.90" route="routetop" type="cfm-fast" waiting="0.00" lane="top_0" pos="24.55" speed="24.63" angle="230.34" x="15.85" y="112.86"/>
        <vehicle id="cfm-fast_3" eclass="HBEFA3/PC_G_EU4" CO2="10902.83" CO="154.73" HC="0.98" NOx="4.48" PMx="0.24" fuel="4.69" electricity="0.00" noise="73.58" route="routetop" type="cfm-fast" waiting="0.00" lane="top_0" pos="40.17" speed="25.08" angle="202.24" x="-1.68" y="84.57"/>
        <vehicle id="cfm-fast_4" eclass="HBEFA3/PC_G_EU4" CO2="12799.17" CO="197.70" HC="1.22" NOx="5.35" PMx="0.30" fuel="5.50" electricity="0.00" noise="74.65" route="routetop" type="cfm-fast" waiting="0.00" lane="left_0" pos="6.31" speed="26.14" angle="173.13" x="-3.60" y="50.08"/>
        <vehicle id="cfm-fast_5" eclass="HBEFA3/PC_G_EU4" CO2="121307.69" CO="5548.10" HC="28.58" NOx="55.42" PMx="4.45" fuel="52.15" electricity="0.00" noise="113.39" route="routebottom" type="cfm-fast" waiting="0.00" lane="right_1" pos="35.09" speed="107.66" angle="301.38" x="93.15" y="121.93"/>
        <vehicle id="cfm-slow_0" eclass="HBEFA3/PC_G_EU4" CO2="11617.23" CO="178.93" HC="1.11" NOx="4.77" PMx="0.27" fuel="4.99" electricity="0.00" noise="74.51" route="routetop" type="cfm-slow" waiting="0.00" lane="left_0" pos="23.58" speed="27.33" angle="142.03" x="13.04" y="17.36"/>
        <vehicle id="cfm-slow_1" eclass="HBEFA3/PC_G_EU4" CO2="7586.83" CO="100.89" HC="0.65" NOx="2.84" PMx="0.17" fuel="3.26" electricity="0.00" noise="73.58" route="routetop" type="cfm-slow" waiting="0.00" lane="left_0" pos="46.04" speed="28.22" angle="101.68" x="55.08" y="-4.41"/>
        <vehicle id="cfm-slow_2" eclass="HBEFA3/PC_G_EU4" CO2="0.00" CO="0.00" HC="0.00" NOx="0.00" PMx="0.00" fuel="0.00" electricity="0.00" noise="72.65" route="routebottom" type="cfm-slow" waiting="0.00" lane="bottom_0" pos="19.36" speed="28.48" angle="59.63" x="102.88" y="7.37"/>
        <vehicle id="cfm-slow_3" eclass="HBEFA3/PC_G_EU4" CO2="0.00" CO="0.00" HC="0.00" NOx="0.00" PMx="0.00" fuel="0.00" electricity="0.00" noise="71.90" route="routebottom" type="cfm-slow" waiting="0.00" lane="bottom_0" pos="42.86" speed="28.04" angle="17.40" x="130.53" y="48.35"/>
        <vehicle id="cfm-slow_4" eclass="HBEFA3/PC_G_EU4" CO2="0.00" CO="0.00" HC="0.00" NOx="0.00" PMx="0.00" fuel="0.00" electricity="0.00" noise="71.24" route="routebottom" type="cfm-slow" waiting="0.00" lane="right_0" pos="15.87" speed="27.07" angle="335.89" x="123.90" y="96.49"/>
        <vehicle id="cfm-slow_5" eclass="HBEFA3/PC_G_EU4" CO2="0.00" CO="0.00" HC="0.00" NOx="0.00" PMx="0.00" fuel="0.00" electricity="0.00" noise="70.77" route="routebottom" type="cfm-slow" waiting="0.00" lane="right_0" pos="37.85" speed="25.90" angle="296.39" x="89.27" y="127.30"/>
    </timestep>
    <timestep time="8.70">
        <vehicle id="cfm-fast_0" eclass="HBEFA3/PC_G_EU4" CO2="0.00" CO="0.00" HC="0.00" NOx="0.00" PMx="0.00" fuel="0.00" electricity="0.00" noise="70.84" route="routetop" type="cfm-fast" waiting="0.00" lane="top_0" pos="8.90" speed="24.96" angle="258.42" x="44.68" y="129.60"/>
        <vehicle id="cfm-fast_1" eclass="HBEFA3/PC_G_EU4" CO2="234820.51" CO="7490.86" HC="40.22" NOx="109.02" PMx="7.25" fuel="100.94" electricity="0.00" noise="131.20" route="routetop" type="cfm-fast" waiting="0.00" lane="left_1" pos="42.08" speed="102.02" angle="108.72" x="47.56" y="0.38"/>
        <vehicle id="cfm-fast_2" eclass="HBEFA3/PC_G_EU4" CO2="6767.99" CO="68.21" HC="0.48" NOx="2.54" PMx="0.13" fuel="2.91" electricity="0.00" noise="71.91" route="routetop" type="cfm-fast" waiting="0.00" lane="top_0" pos="24.79" speed="24.64" angle="229.89" x="15.47" y="112.48"/>
        <vehicle id="cfm-fast_3" eclass="HBEFA3/PC_G_EU4" CO2="10922.50" CO="155.17" HC="0.98" NOx="4.49" PMx="0.24" fuel="4.70" electricity="0.00" noise="73.59" route="routetop" type="cfm-fast" waiting="0.00" lane="top_0" pos="40.42" speed="25.09" angle="201.77" x="-1.83" y="84.06"/>
        <vehicle id="cfm-fast_4" eclass="HBEFA3/PC_G_EU4" CO2="12789.05" CO="197.54" HC="1.22" NOx="5.35" PMx="0.30" fuel="5.50" electricity="0.00" noise="74.65" route="routetop" type="cfm-fast" waiting="0.00" lane="left_0" pos="6.57" speed="26.15" angle="172.66" x="-3.48" y="49.53"/>
        <vehicle id="cfm-fast_5" eclass="HBEFA3/PC_G_EU4" CO2="120707.32" CO="5536.80" HC="28.52" NOx="55.14" PMx="4.43" fuel="51.89" electricity="0.00" noise="113.30" route="routebottom" type="cfm-fast" waiting="0.00" lane="right_1" pos="36.17" speed="107.67" angle="299.43" x="91.16" y="122.89"/>
        <vehicle id="cfm-slow_0" eclass="HBEFA3/PC_G_EU4" CO2="11579.55" CO="178.20" HC="1.10" NOx="4.75" PMx="0.27" fuel="4.98" electricity="0.00" noise="74.50" route="routetop" type="cfm-slow" waiting="0.00" lane="left_0" pos="23.85" speed="27.34" angle="141.54" x="13.44" y="16.93"/>
        <vehicle id="cfm-slow_1" eclass="HBEFA3/PC_G_EU4" CO2="7537.48" CO="99.89" HC="0.65" NOx="2.82" PMx="0.16" fuel="3.24" electricity="0.00" noise="73.57" route="routetop" type="cfm-slow" waiting="0.00" lane="left_0" pos="46.32" speed="28.23" angle="101.22" x="55.68" y="-4.48"/>
        <vehicle id="cfm-slow_2" eclass="HBEFA3/PC_G_EU4" CO2="0.00" CO="0.00" HC="0.00" NOx="0.00" PMx="0.00" fuel="0.00" electricity="0.00" noise="72.64" route="routebottom" type="cfm-slow" waiting="0.00" lane="bottom_0" pos="19.64" speed="28.47" angle="59.10" x="103.37" y="7.73"/>
        <vehicle id="cfm-slow_3" eclass="HBEFA3/PC_G_EU4" CO2="0.00" CO="0.00" HC="0.00" NOx="0.00" PMx="0.00" fuel="0.00" electricity="0.00" noise="71.89" route="routebottom" type="cfm-slow" waiting="0.00" lane="bottom_0" pos="43.15" speed="28.03" angle="16.90" x="130.66" y="48.94"/>
        <vehicle id="cfm-slow_4" eclass="HBEFA3/PC_G_EU4" CO2="0.00" CO="0.00" HC="0.00" NOx="0.00" PMx="0.00" fuel="0.00" electricity="0.00" noise="71.24" route="routebottom" type="cfm-slow" waiting="0.00" lane="right_0" pos="16.14" speed="27.05" angle="335.40" x="123.61" y="97.00"/>
        <vehicle id="cfm-slow_5" eclass="HBEFA3/PC_G_EU4" CO2="0.00" CO="0.00" HC="0.00" NOx="0.00" PMx="0.00" fuel="0.00" electricity="0.00" noise="70.77" route="routebottom" type="cfm-slow" waiting="0.00" lane="right_0" pos="38.11" speed="25.89" angle="295.92" x="88.75" y="127.51"/>
    </timestep>
    <timestep time="8.71">
        <vehicle id="cfm-fast_0" eclass="HBEFA3/PC_G_EU4" CO2="0.00" CO="0.00" HC="0.00" NOx="0.00" PMx="0.00" fuel="0.00" electricity="0.00" noise="70.85" route="routetop" type="cfm-fast" waiting="0.00" lane="top_0" pos="9.14" speed="24.96" angle="257.99" x="44.17" y="129.44"/>
        <vehicle id="cfm-fast_1" eclass="HBEFA3/PC_G_EU4" CO2="233750.94" CO="7472.97" HC="40.11" NOx="108.52" PMx="7.22" fuel="100.48" electricity="0.00" noise="131.02" route="routetop" type="cfm-fast" waiting="0.00" lane="left_1" pos="43.10" speed="102.08" angle="106.95" x="49.60" y="-0.10"/>
        <vehicle id="cfm-fast_2" eclass="HBEFA3/PC_G_EU4" CO2="6808.40" CO="69.06" HC="0.48" NOx="2.56" PMx="0.14" fuel="2.93" electricity="0.00" noise="71.93" route="routetop" type="cfm-fast" waiting="0.00" lane="top_0" pos="25.04" speed="24.64" angle="229.44" x="15.10" y="112.11"/>
        <vehicle id="cfm-fast_3" eclass="HBEFA3/PC_G_EU4" CO2="10941.89" CO="155.60" HC="0.98" NOx="4.50" PMx="0.24" fuel="4.70" electricity="0.00" noise="73.60" route="routetop" type="cfm-fast" waiting="0.00" lane="top_0" pos="40.67" speed="25.10" angle="201.30" x="-1.99" y="83.54"/>
        <vehicle id="cfm-fast_4" eclass="HBEFA3/PC_G_EU4" CO2="12778.67" CO="197.38" HC="1.22" NOx="5.34" PMx="0.30" fuel="5.49" electricity="0.00" noise="74.65" route="routetop" type="cfm-fast" waiting="0.00" lane="left_0" pos="6.83" speed="26.16" angle="172.16" x="-3.35" y="48.98"/>
        <vehicle id="cfm-fast_5" eclass="HBEFA3/PC_G_EU4" CO2="120117.64" CO="5525.70" HC="28.45" NOx="54.86" PMx="4.42" fuel="51.63" electricity="0.00" noise="113.21" route="routebottom" type="cfm-fast" waiting="0.00" lane="right_1" pos="37.25" speed="107.69" angle="297.46" x="89.14" y="123.80"/>
        <vehicle id="cfm-slow_0" eclass="HBEFA3/PC_G_EU4" CO2="11541.75" CO="177.47" HC="1.10" NOx="4.73" PMx="0.27" fuel="4.96" electricity="0.00" noise="74.49" route="routetop" type="cfm-slow" waiting="0.00" lane="left_0" pos="24.13" speed="27.35" angle="141.04" x="13.84" y="16.50"/>
        <vehicle id="cfm-slow_1" eclass="HBEFA3/PC_G_EU4" CO2="7488.18" CO="98.89" HC="0.64" NOx="2.80" PMx="0.16" fuel="3.22" electricity="0.00" noise="73.56" route="routetop" type="cfm-slow" waiting="0.00" lane="left_0" pos="46.61" speed="28.23" angle="100.70" x="56.28" y="-4.54"/>
        <vehicle id="cfm-slow_2" eclass="HBEFA3/PC_G_EU4" CO2="0.00" CO="0.00" HC="0.00" NOx="0.00" PMx="0.00" fuel="0.00" electricity="0.00" noise="72.63" route="routebottom" type="cfm-slow" waiting="0.00" lane="bottom_0" pos="19.93" speed="28.47" angle="58.58" x="103.87" y="8.09"/>
        <vehicle id="cfm-slow_3" eclass="HBEFA3/PC_G_EU4" CO2="0.00" CO="0.00" HC="0.00" NOx="0.00" PMx="0.00" fuel="0.00" electricity="0.00" noise="71.88" route="routebottom" type="cfm-slow" waiting="0.00" lane="bottom_0" pos="43.43" speed="28.02" angle="16.39" x="130.80" y="49.53"/>
        <vehicle id="cfm-slow_4" eclass="HBEFA3/PC_G_EU4" CO2="0.00" CO="0.00" HC="0.00" NOx="0.00" PMx="0.00" fuel="0.00" electricity="0.00" noise="71.23" route="routebottom" type="cfm-slow" waiting="0.00" lane="right_0" pos="16.41" speed="27.04" angle="334.91" x="123.33" y="97.51"/>
        <vehicle id="cfm-slow_5" eclass="HBEFA3/PC_G_EU4" CO2="0.00" CO="0.00" HC="0.00" NOx="0.00" PMx="0.00" fuel="0.00" electricity="0.00" noise="70.77" route="routebottom" type="cfm-slow" waiting="0.00" lane="right_0" pos="38.36" speed="25.88" angle="295.46" x="88.23" y="127.71"/>
    </timestep>
    <timestep time="8.72">
        <vehicle id="cfm-fast_0" eclass="HBEFA3/PC_G_EU4" CO2="0.00" CO="0.00" HC="0.00" NOx="0.00" PMx="0.00" fuel="0.00" electricity="0.00" noise="70.86" route="routetop" type="cfm-fast" waiting="0.00" lane="top_0" pos="9.39" speed="24.96" angle="257.54" x="43.65" y="129.28"/>
        <vehicle id="cfm-fast_1" eclass="HBEFA3/PC_G_EU4" CO2="232684.75" CO="7455.12" HC="40.00" NOx="108.01" PMx="7.20" fuel="100.02" electricity="0.00" noise="130.84" route="routetop" type="cfm-fast" waiting="0.00" lane="left_1" pos="44.12" speed="102.14" angle="105.13" x="51.65" y="-0.52"/>
        <vehicle id="cfm-fast_2" eclass="HBEFA3/PC_G_EU4" CO2="6848.61" CO="69.90" HC="0.49" NOx="2.58" PMx="0.14" fuel="2.94" electricity="0.00" noise="71.94" route="routetop" type="cfm-fast" waiting="0.00" lane="top_0" pos="25.29" speed="24.64" angle="228.98" x="14.72" y="111.73"/>
        <vehicle id="cfm-fast_3" eclass="HBEFA3/PC_G_EU4" CO2="10961.01" CO="156.03" HC="0.98" NOx="4.51" PMx="0.24" fuel="4.71" electricity="0.00" noise="73.61" route="routetop" type="cfm-fast" waiting="0.00" lane="top_0" pos="40.92" speed="25.12" angle="200.83" x="-2.15" y="83.02"/>
        <vehicle id="cfm-fast_4" eclass="HBEFA3/PC_G_EU4" CO2="12768.05" CO="197.21" HC="1.22" NOx="5.34" PMx="0.29" fuel="5.49" electricity="0.00" noise="74.65" route="routetop" type="cfm-fast" waiting="0.00" lane="left_0" pos="7.10" speed="26.17" angle="171.66" x="-3.22" y="48.43"/>
        <vehicle id="cfm-fast_5" eclass="HBEFA3/PC_G_EU4" CO2="119538.47" CO="5514.80" HC="28.39" NOx="54.59" PMx="4.40" fuel="51.39" electricity="0.00" noise="113.12" route="routebottom" type="cfm-fast" waiting="0.00" lane="right_1" pos="38.32" speed="107.70" angle="295.46" x="87.09" y="124.61"/>
        <vehicle id="cfm-slow_0" eclass="HBEFA3/PC_G_EU4" CO2="11503.82" CO="176.74" HC="1.09" NOx="4.71" PMx="0.27" fuel="4.94" electricity="0.00" noise="74.48" route="routetop" type="cfm-slow" waiting="0.00" lane="left_0" pos="24.40" speed="27.36" angle="140.61" x="14.24" y="16.07"/>
        <vehicle id="cfm-slow_1" eclass="HBEFA3/PC_G_EU4" CO2="7438.92" CO="97.90" HC="0.63" NOx="2.77" PMx="0.16" fuel="3.20" electricity="0.00" noise="73.55" route="routetop" type="cfm-slow" waiting="0.00" lane="left_0" pos="46.89" speed="28.23" angle="100.18" x="56.89" y="-4.60"/>
        <vehicle id="cfm-slow_2" eclass="HBEFA3/PC_G_EU4" CO2="0.00" CO="0.00" HC="0.00" NOx="0.00" PMx="0.00" fuel="0.00" electricity="0.00" noise="72.63" route="routebottom" type="cfm-slow" waiting="0.00" lane="bottom_0" pos="20.21" speed="28.47" angle="58.05" x="104.37" y="8.44"/>
        <vehicle id="cfm-slow_3" eclass="HBEFA3/PC_G_EU4" CO2="0.00" CO="0.00" HC="0.00" NOx="0.00" PMx="0.00" fuel="0.00" electricity="0.00" noise="71.88" route="routebottom" type="cfm-slow" waiting="0.00" lane="bottom_0" pos="43.71" speed="28.01" angle="15.93" x="130.92" y="50.12"/>
        <vehicle id="cfm-slow_4" eclass="HBEFA3/PC_G_EU4" CO2="0.00" CO="0.00" HC="0.00" NOx="0.00" PMx="0.00" fuel="0.00" electricity="0.00" noise="71.23" route="routebottom" type="cfm-slow" waiting="0.00" lane="right_0" pos="16.68" speed="27.03" angle="334.47" x="123.05" y="98.01"/>
        <vehicle id="cfm-slow_5" eclass="HBEFA3/PC_G_EU4" CO2="0.00" CO="0.00" HC="0.00" NOx="0.00" PMx="0.00" fuel="0.00" electricity="0.00" noise="70.77" route="routebottom" type="cfm-slow" waiting="0.00" lane="right_0" pos="38.62" speed="25.87" angle="295.04" x="87.71" y="127.91"/>
    </timestep>
    <timestep time="8.73">
        <vehicle id="cfm-fast_0" eclass="HBEFA3/PC_G_EU4" CO2="0.00" CO="0.00" HC="0.00" NOx="0.00" PMx="0.00" fuel="0.00" electricity="0.00" noise="70.87" route="routetop" type="cfm-fast" waiting="0.00" lane="top_0" pos="9.64" speed="24.95" angle="257.09" x="43.14" y="129.12"/>
        <vehicle id="cfm-fast_1" eclass="HBEFA3/PC_G_EU4" CO2="231621.99" CO="7437.31" HC="39.90" NOx="107.51" PMx="7.17" fuel="99.56" electricity="0.00" noise="130.67" route="routetop" type="cfm-fast" waiting="0.00" lane="left_1" pos="45.15" speed="102.20" angle="103.30" x="53.72" y="-0.88"/>
        <vehicle id="cfm-fast_2" eclass="HBEFA3/PC_G_EU4" CO2="6888.62" CO="70.73" HC="0.49" NOx="2.60" PMx="0.14" fuel="2.96" electricity="0.00" noise="71.95" route="routetop" type="cfm-fast" waiting="0.00" lane="top_0" pos="25.53" speed="24.65" angle="228.55" x="14.35" y="111.36"/>
        <vehicle id="cfm-fast_3" eclass="HBEFA3/PC_G_EU4" CO2="10979.85" CO="156.45" HC="0.99" NOx="4.51" PMx="0.25" fuel="4.72" electricity="0.00" noise="73.62" route="routetop" type="cfm-fast" waiting="0.00" lane="top_0" pos="41.17" speed="25.13" angle="200.42" x="-2.30" y="82.50"/>
        <vehicle id="cfm-fast_4" eclass="HBEFA3/PC_G_EU4" CO2="12757.17" CO="197.03" HC="1.22" NOx="5.33" PMx="0.29" fuel="5.48" electricity="0.00" noise="74.64" route="routetop" type="cfm-fast" waiting="0.00" lane="left_0" pos="7.36" speed="26.19" angle="171.15" x="-3.10" y="47.88"/>
        <vehicle id="cfm-fast_5" eclass="HBEFA3/PC_G_EU4" CO2="118969.62" CO="5504.10" HC="28.33" NOx="54.32" PMx="4.39" fuel="51.14" electricity="0.00" noise="113.04" route="routebottom" type="cfm-fast" waiting="0.00" lane="right_1" pos="39.40" speed="107.72" angle="293.59" x="85.02" y="125.38"/>
        <vehicle id="cfm-slow_0" eclass="HBEFA3/PC_G_EU4" CO2="11465.76" CO="176.00" HC="1.09" NOx="4.69" PMx="0.26" fuel="4.93" electricity="0.00" noise="74.47" route="routetop" type="cfm-slow" waiting="0.00" lane="left_0" pos="24.67" speed="27.37" angle="140.10" x="14.66" y="15.65"/>
        <vehicle id="cfm-slow_1" eclass="HBEFA3/PC_G_EU4" CO2="7389.71" CO="96.90" HC="0.63" NOx="2.75" PMx="0.16" fuel="3.18" electricity="0.00" noise="73.54" route="routetop" type="cfm-slow" waiting="0.00" lane="left_0" pos="47.17" speed="28.24" angle="99.67" x="57.49" y="-4.66"/>
        <vehicle id="cfm-slow_2" eclass="HBEFA3/PC_G_EU4" CO2="0.00" CO="0.00" HC="0.00" NOx="0.00" PMx="0.00" fuel="0.00" electricity="0.00" noise="72.62" route="routebottom" type="cfm-slow" waiting="0.00" lane="bottom_0" pos="20.50" speed="28.46" angle="57.59" x="104.87" y="8.80"/>
        <vehicle id="cfm-slow_3" eclass="HBEFA3/PC_G_EU4" CO2="0.00" CO="0.00" HC="0.00" NOx="0.00" PMx="0.00" fuel="0.00" electricity="0.00" noise="71.87" route="routebottom" type="cfm-slow" waiting="0.00" lane="bottom_0" pos="43.99" speed="28.00" angle="15.40" x="131.03" y="50.71"/>
        <vehicle id="cfm-slow_4" eclass="HBEFA3/PC_G_EU4" CO2="0.00" CO="0.00" HC="0.00" NOx="0.00" PMx="0.00" fuel="0.00" electricity="0.00" noise="71.23" route="routebottom" type="cfm-slow" waiting="0.00" lane="right_0" pos="16.95" speed="27.02" angle="333.98" x="122.75" y="98.51"/>
        <vehicle id="cfm-slow_5" eclass="HBEFA3/PC_G_EU4" CO2="0.00" CO="0.00" HC="0.00" NOx="0.00" PMx="0.00" fuel="0.00" electricity="0.00" noise="70.77" route="routebottom" type="cfm-slow" waiting="0.00" lane="right_0" pos="38.88" speed="25.86" angle="294.57" x="87.19" y="128.10"/>
    </timestep>
    <timestep time="8.74">
        <vehicle id="cfm-fast_0" eclass="HBEFA3/PC_G_EU4" CO2="0.00" CO="0.00" HC="0.00" NOx="0.00" PMx="0.00" fuel="0.00" electricity="0.00" noise="70.87" route="routetop" type="cfm-fast" waiting="0.00" lane="top_0" pos="9.89" speed="24.95" angle="256.63" x="42.63" y="128.97"/>
        <vehicle id="cfm-fast_1" eclass="HBEFA3/PC_G_EU4" CO2="230562.77" CO="7419.55" HC="39.79" NOx="107.01" PMx="7.15" fuel="99.11" electricity="0.00" noise="130.49" route="routetop" type="cfm-fast" waiting="0.00" lane="left_1" pos="46.17" speed="102.26" angle="101.49" x="55.79" y="-1.18"/>
        <vehicle id="cfm-fast_2" eclass="HBEFA3/PC_G_EU4" CO2="6928.44" CO="71.56" HC="0.50" NOx="2.61" PMx="0.14" fuel="2.98" electricity="0.00" noise="71.97" route="routetop" type="cfm-fast" waiting="0.00" lane="top_0" pos="25.78" speed="24.65" angle="228.14" x="13.98" y="110.98"/>
        <vehicle id="cfm-fast_3" eclass="HBEFA3/PC_G_EU4" CO2="10998.43" CO="156.87" HC="0.99" NOx="4.52" PMx="0.25" fuel="4.73" electricity="0.00" noise="73.63" route="routetop" type="cfm-fast" waiting="0.00" lane="top_0" pos="41.42" speed="25.14" angle="199.96" x="-2.44" y="81.98"/>
        <vehicle id="cfm-fast_4" eclass="HBEFA3/PC_G_EU4" CO2="12746.04" CO="196.86" HC="1.21" NOx="5.32" PMx="0.29" fuel="5.48" electricity="0.00" noise="74.64" route="routetop" type="cfm-fast" waiting="0.00" lane="left_0" pos="7.62" speed="26.20" angle="170.70" x="-2.97" y="47.33"/>
        <vehicle id="cfm-fast_5" eclass="HBEFA3/PC_G_EU4" CO2="118410.90" CO="5493.59" HC="28.27" NOx="54.06" PMx="4.37" fuel="50.90" electricity="0.00" noise="112.95" route="routebottom" type="cfm-fast" waiting="0.00" lane="right_1" pos="40.48" speed="107.73" angle="291.67" x="82.92" y="126.06"/>
        <vehicle id="cfm-slow_0" eclass="HBEFA3/PC_G_EU4" CO2="11427.59" CO="175.26" HC="1.08" NOx="4.68" PMx="0.26" fuel="4.91" electricity="0.00" noise="74.46" route="routetop" type="cfm-slow" waiting="0.00" lane="left_0" pos="24.95" speed="27.38" angle="139.60" x="15.07" y="15.24"/>
        <vehicle id="cfm-slow_1" eclass="HBEFA3/PC_G_EU4" CO2="7340.55" CO="95.90" HC="0.62" NOx="2.73" PMx="0.16" fuel="3.16" electricity="0.00" noise="73.52" route="routetop" type="cfm-slow" waiting="0.00" lane="left_0" pos="47.45" speed="28.24" angle="99.20" x="58.10" y="-4.72"/>
        <vehicle id="cfm-slow_2" eclass="HBEFA3/PC_G_EU4" CO2="0.00" CO="0.00" HC="0.00" NOx="0.00" PMx="0.00" fuel="0.00" electricity="0.00" noise="72.61" route="routebottom" type="cfm-slow" waiting="0.00" lane="bottom_0" pos="20.78" speed="28.46" angle="57.07" x="105.35" y="9.18"/>
        <vehicle id="cfm-slow_3" eclass="HBEFA3/PC_G_EU4" CO2="0.00" CO="0.00" HC="0.00" NOx="0.00" PMx="0.00" fuel="0.00" electricity="0.00" noise="71.86" route="routebottom" type="cfm-slow" waiting="0.00" lane="bottom_0" pos="44.27" speed="27.99" angle="14.87" x="131.14" y="51.30"/>
        <vehicle id="cfm-slow_4" eclass="HBEFA3/PC_G_EU4" CO2="0.00" CO="0.00" HC="0.00" NOx="0.00" PMx="0.00" fuel="0.00" electricity="0.00" noise="71.22" route="routebottom" type="cfm-slow" waiting="0.00" lane="right_0" pos="17.22" speed="27.01" angle="333.50" x="122.45" y="99.01"/>
        <vehicle id="cfm-slow_5" eclass="HBEFA3/PC_G_EU4" CO2="0.00" CO="0.00" HC="0.00" NOx="0.00" PMx="0.00" fuel="0.00" electricity="0.00" noise="70.77" route="routebottom" type="cfm-slow" waiting="0.00" lane="right_0" pos="39.14" speed="25.85" angle="294.10" x="86.67" y="128.29"/>
    </timestep>
    <timestep time="8.75">
        <vehicle id="cfm-fast_0" eclass="HBEFA3/PC_G_EU4" CO2="0.00" CO="0.00" HC="0.00" NOx="0.00" PMx="0.00" fuel="0.00" electricity="0.00" noise="70.88" route="routetop" type="cfm-fast" waiting="0.00" lane="top_0" pos="10.14" speed="24.95" angle="256.20" x="42.12" y="128.81"/>
        <vehicle id="cfm-fast_1" eclass="HBEFA3/PC_G_EU4" CO2="229507.13" CO="7401.83" HC="39.68" NOx="106.51" PMx="7.12" fuel="98.65" electricity="0.00" noise="130.32" route="routetop" type="cfm-fast" waiting="0.00" lane="left_1" pos="47.19" speed="102.32" angle="99.58" x="57.88" y="-1.39"/>
        <vehicle id="cfm-fast_2" eclass="HBEFA3/PC_G_EU4" CO2="6968.07" CO="72.39" HC="0.50" NOx="2.63" PMx="0.14" fuel="3.00" electricity="0.00" noise="71.98" route="routetop" type="cfm-fast" waiting="0.00" lane="top_0" pos="26.03" speed="24.66" angle="227.68" x="13.62" y="110.58"/>
        <vehicle id="cfm-fast_3" eclass="HBEFA3/PC_G_EU4" CO2="11016.73" CO="157.28" HC="0.99" NOx="4.53" PMx="0.25" fuel="4.74" electricity="0.00" noise="73.64" route="routetop" type="cfm-fast" waiting="0.00" lane="top_0" pos="41.68" speed="25.15" angle="199.49" x="-2.58" y="81.46"/>
        <vehicle id="cfm-fast_4" eclass="HBEFA3/PC_G_EU4" CO2="12734.65" CO="196.67" HC="1.21" NOx="5.32" PMx="0.29" fuel="5.47" electricity="0.00" noise="74.64" route="routetop" type="cfm-fast" waiting="0.00" lane="left_0" pos="7.88" speed="26.21" angle="170.24" x="-2.83" y="46.79"/>
        <vehicle id="cfm-fast_5" eclass="HBEFA3/PC_G_EU4" CO2="117862.12" CO="5483.28" HC="28.20" NOx="53.80" PMx="4.36" fuel="50.66" electricity="0.00" noise="112.87" route="routebottom" type="cfm-fast" waiting="0.00" lane="right_1" pos="41.56" speed="107.74" angle="289.71" x="80.80" y="126.67"/>
        <vehicle id="cfm-slow_0" eclass="HBEFA3/PC_G_EU4" CO2="11389.29" CO="174.52" HC="1.08" NOx="4.66" PMx="0.26" fuel="4.90" electricity="0.00" noise="74.45" route="routetop" type="cfm-slow" waiting="0.00" lane="left_0" pos="25.22" speed="27.39" angle="139.10" x="15.49" y="14.82"/>
        <vehicle id="cfm-slow_1" eclass="HBEFA3/PC_G_EU4" CO2="7291.44" CO="94.91" HC="0.62" NOx="2.71" PMx="0.16" fuel="3.13" electricity="0.00" noise="73.51" route="routetop" type="cfm-slow" waiting="0.00" lane="left_0" pos="47.74" speed="28.24" angle="98.67" x="58.70" y="-4.76"/>
        <vehicle id="cfm-slow_2" eclass="HBEFA3/PC_G_EU4" CO2="0.00" CO="0.00" HC="0.00" NOx="0.00" PMx="0.00" fuel="0.00" electricity="0.00" noise="72.60" route="routebottom" type="cfm-slow" waiting="0.00" lane="bottom_0" pos="21.06" speed="28.45" angle="56.56" x="105.83" y="9.56"/>
        <vehicle id="cfm-slow_3" eclass="HBEFA3/PC_G_EU4" CO2="0.00" CO="0.00" HC="0.00" NOx="0.00" PMx="0.00" fuel="0.00" electricity="0.00" noise="71.86" route="routebottom" type="cfm-slow" waiting="0.00" lane="bottom_0" pos="44.55" speed="27.98" angle="14.34" x="131.25" y="51.89"/>
        <vehicle id="cfm-slow_4" eclass="HBEFA3/PC_G_EU4" CO2="0.00" CO="0.00" HC="0.00" NOx="0.00" PMx="0.00" fuel="0.00" electricity="0.00" noise="71.22" route="routebottom" type="cfm-slow" waiting="0.00" lane="right_0" pos="17.49" speed="27.00" angle="333.01" x="122.15" y="99.51"/>
        <vehicle id="cfm-slow_5" eclass="HBEFA3/PC_G_EU4" CO2="0.00" CO="0.00" HC="0.00" NOx="0.00" PMx="0.00" fuel="0.00" electricity="0.00" noise="70.77" route="routebottom" type="cfm-slow" waiting="0.00" lane="right_0" pos="39.40" speed="25.85" angle="293.63" x="86.14" y="128.48"/>
    </timestep>
    <timestep time="8.76">
        <vehicle id="cfm-fast_0" eclass="HBEFA3/PC_G_EU4" CO2="0.00" CO="0.00" HC="0.00" NOx="0.00" PMx="0.00" fuel="0.00" electricity="0.00" noise="70.89" route="routetop" type="cfm-fast" waiting="0.00" lane="top_0" pos="10.39" speed="24.94" angle="255.78" x="41.61" y="128.63"/>
        <vehicle id="cfm-fast_1" eclass="HBEFA3/PC_G_EU4" CO2="228455.16" CO="7384.16" HC="39.58" NOx="106.01" PMx="7.09" fuel="98.20" electricity="0.00" noise="130.14" route="routetop" type="cfm-fast" waiting="0.00" lane="left_1" pos="48.22" speed="102.38" angle="97.74" x="59.97" y="-1.54"/>
        <vehicle id="cfm-fast_2" eclass="HBEFA3/PC_G_EU4" CO2="7007.50" CO="73.22" HC="0.51" NOx="2.65" PMx="0.14" fuel="3.01" electricity="0.00" noise="72.00" route="routetop" type="cfm-fast" waiting="0.00" lane="top_0" pos="26.27" speed="24.66" angle="227.23" x="13.26" y="110.19"/>
        <vehicle id="cfm-fast_3" eclass="HBEFA3/PC_G_EU4" CO2="11034.76" CO="157.68" HC="0.99" NOx="4.54" PMx="0.25" fuel="4.74" electricity="0.00" noise="73.65" route="routetop" type="cfm-fast" waiting="0.00" lane="top_0" pos="41.93" speed="25.16" angle="199.03" x="-2.72" y="80.94"/>
        <vehicle id="cfm-fast_4" eclass="HBEFA3/PC_G_EU4" CO2="12723.02" CO="196.48" HC="1.21" NOx="5.31" PMx="0.29" fuel="5.47" electricity="0.00" noise="74.64" route="routetop" type="cfm-fast" waiting="0.00" lane="left_0" pos="8.14" speed="26.22" angle="169.76" x="-2.68" y="46.24"/>
        <vehicle id="cfm-fast_5" eclass="HBEFA3/PC_G_EU4" CO2="117323.10" CO="5473.14" HC="28.15" NOx="53.54" PMx="4.35" fuel="50.43" electricity="0.00" noise="112.79" route="routebottom" type="cfm-fast" waiting="0.00" lane="right_1" pos="42.63" speed="107.76" angle="287.79" x="78.66" y="127.22"/>
        <vehicle id="cfm-slow_0" eclass="HBEFA3/PC_G_EU4" CO2="11350.87" CO="173.78" HC="1.08" NOx="4.64" PMx="0.26" fuel="4.88" electricity="0.00" noise="74.44" route="routetop" type="cfm-slow" waiting="0.00" lane="left_0" pos="25.49" speed="27.39" angle="138.60" x="15.91" y="14.40"/>
        <vehicle id="cfm-slow_1" eclass="HBEFA3/PC_G_EU4" CO2="7242.38" CO="93.92" HC="0.61" NOx="2.68" PMx="0.16" fuel="3.11" electricity="0.00" noise="73.50" route="routetop" type="cfm-slow" waiting="0.00" lane="left_0" pos="48.02" speed="28.24" angle="98.12" x="59.31" y="-4.80"/>
        <vehicle id="cfm-slow_2" eclass="HBEFA3/PC_G_EU4" CO2="0.00" CO="0.00" HC="0.00" NOx="0.00" PMx="0.00" fuel="0.00" electricity="0.00" noise="72.59" route="routebottom" type="cfm-slow" waiting="0.00" lane="bottom_0" pos="21.35" speed="28.45" angle="56.04" x="106.31" y="9.93"/>
        <vehicle id="cfm-slow_3" eclass="HBEFA3/PC_G_EU4" CO2="0.00" CO="0.00" HC="0.00" NOx="0.00" PMx="0.00" fuel="0.00" electricity="0.00" noise="71.85" route="routebottom" type="cfm-slow" waiting="0.00" lane="bottom_0" pos="44.82" speed="27.97" angle="13.84" x="131.36" y="52.49"/>
        <vehicle id="cfm-slow_4" eclass="HBEFA3/PC_G_EU4" CO2="0.00" CO="0.00" HC="0.00" NOx="0.00" PMx="0.00" fuel="0.00" electricity="0.00" noise="71.21" route="routebottom" type="cfm-slow" waiting="0.00" lane="right_0" pos="17.76" speed="26.99" angle="332.52" x="121.86" y="100.01"/>
        <vehicle id="cfm-slow_5" eclass="HBEFA3/PC_G_EU4" CO2="0.00" CO="0.00" HC="0.00" NOx="0.00" PMx="0.00" fuel="0.00" electricity="0.00" noise="70.77" route="routebottom" type="cfm-slow" waiting="0.00" lane="right_0" pos="39.66" speed="25.84" angle="293.18" x="85.62" y="128.67"/>
    </timestep>
    <timestep time="8.77">
        <vehicle id="cfm-fast_0" eclass="HBEFA3/PC_G_EU4" CO2="0.00" CO="0.00" HC="0.00" NOx="0.00" PMx="0.00" fuel="0.00" electricity="0.00" noise="70.90" route="routetop" type="cfm-fast" waiting="0.00" lane="top_0" pos="10.64" speed="24.94" angle="255.31" x="41.10" y="128.45"/>
        <vehicle id="cfm-fast_1" eclass="HBEFA3/PC_G_EU4" CO2="227406.93" CO="7366.54" HC="39.47" NOx="105.52" PMx="7.07" fuel="97.75" electricity="0.00" noise="129.97" route="routetop" type="cfm-fast" waiting="0.00" lane="left_1" pos="49.24" speed="102.44" angle="95.89" x="62.07" y="-1.62"/>
        <vehicle id="cfm-fast_2" eclass="HBEFA3/PC_G_EU4" CO2="7046.73" CO="74.04" HC="0.51" NOx="2.67" PMx="0.14" fuel="3.03" electricity="0.00" noise="72.01" route="routetop" type="cfm-fast" waiting="0.00" lane="top_0" pos="26.52" speed="24.67" angle="226.77" x="12.90" y="109.80"/>
        <vehicle id="cfm-fast_3" eclass="HBEFA3/PC_G_EU4" CO2="11052.51" CO="158.08" HC="0.99" NOx="4.55" PMx="0.25" fuel="4.75" electricity="0.00" noise="73.66" route="routetop" type="cfm-fast" waiting="0.00" lane="top_0" pos="42.18" speed="25.17" angle="198.56" x="-2.86" y="80.41"/>
        <vehicle id="cfm-fast_4" eclass="HBEFA3/PC_G_EU4" CO2="12711.14" CO="196.29" HC="1.21" NOx="5.31" PMx="0.29" fuel="5.46" electricity="0.00" noise="74.64" route="routetop" type="cfm-fast" waiting="0.00" lane="left_0" pos="8.41" speed="26.23" angle="169.28" x="-2.54" y="45.70"/>
        <vehicle id="cfm-fast_5" eclass="HBEFA3/PC_G_EU4" CO2="116793.66" CO="5463.20" HC="28.09" NOx="53.29" PMx="4.33" fuel="50.21" electricity="0.00" noise="112.71" route="routebottom" type="cfm-fast" waiting="0.00" lane="right_1" pos="43.71" speed="107.77" angle="285.92" x="76.50" y="127.70"/>
        <vehicle id="cfm-slow_0" eclass="HBEFA3/PC_G_EU4" CO2="11312.33" CO="173.03" HC="1.07" NOx="4.62" PMx="0.26" fuel="4.86" electricity="0.00" noise="74.43" route="routetop" type="cfm-slow" waiting="0.00" lane="left_0" pos="25.77" speed="27.40" angle="138.15" x="16.33" y="13.99"/>
        <vehicle id="cfm-slow_1" eclass="HBEFA3/PC_G_EU4" CO2="7193.38" CO="92.92" HC="0.61" NOx="2.66" PMx="0.16" fuel="3.09" electricity="0.00" noise="73.49" route="routetop" type="cfm-slow" waiting="0.00" lane="left_0" pos="48.30" speed="28.25" angle="97.58" x="59.92" y="-4.83"/>
        <vehicle id="cfm-slow_2" eclass="HBEFA3/PC_G_EU4" CO2="0.00" CO="0.00" HC="0.00" NOx="0.00" PMx="0.00" fuel="0.00" electricity="0.00" noise="72.58" route="routebottom" type="cfm-slow" waiting="0.00" lane="bottom_0" pos="21.63" speed="28.45" angle="55.52" x="106.79" y="10.31"/>
        <vehicle id="cfm-slow_3" eclass="HBEFA3/PC_G_EU4" CO2="0.00" CO="0.00" HC="0.00" NOx="0.00" PMx="0.00" fuel="0.00" electricity="0.00" noise="71.85" route="routebottom" type="cfm-slow" waiting="0.00" lane="bottom_0" pos="45.10" speed="27.96" angle="13.37" x="131.45" y="53.08"/>
        <vehicle id="cfm-slow_4" eclass="HBEFA3/PC_G_EU4" CO2="0.00" CO="0.00" HC="0.00" NOx="0.00" PMx="0.00" fuel="0.00" electricity="0.00" noise="71.21" route="routebottom" type="cfm-slow" waiting="0.00" lane="right_0" pos="18.03" speed="26.97" angle="332.09" x="121.55" y="100.50"/>
        <vehicle id="cfm-slow_5" eclass="HBEFA3/PC_G_EU4" CO2="0.00" CO="0.00" HC="0.00" NOx="0.00" PMx="0.00" fuel="0.00" electricity="0.00" noise="70.77" route="routebottom" type="cfm-slow" waiting="0.00" lane="right_0" pos="39.92" speed="25.83" angle="292.75" x="85.09" y="128.84"/>
    </timestep>
    <timestep time="8.78">
        <vehicle id="cfm-fast_0" eclass="HBEFA3/PC_G_EU4" CO2="0.00" CO="0.00" HC="0.00" NOx="0.00" PMx="0.00" fuel="0.00" electricity="0.00" noise="70.90" route="routetop" type="cfm-fast" waiting="0.00" lane="top_0" pos="10.89" speed="24.94" angle="254.84" x="40.60" y="128.27"/>
        <vehicle id="cfm-fast_1" eclass="HBEFA3/PC_G_EU4" CO2="226362.49" CO="7348.97" HC="39.36" NOx="105.03" PMx="7.04" fuel="97.30" electricity="0.00" noise="129.80" route="routebottom" type="cfm-fast" waiting="0.00" lane="bottom_1" pos="0.26" speed="102.50" angle="94.01" x="64.23" y="-1.64"/>
        <vehicle id="cfm-fast_2" eclass="HBEFA3/PC_G_EU4" CO2="7085.76" CO="74.85" HC="0.52" NOx="2.69" PMx="0.14" fuel="3.05" electricity="0.00" noise="72.03" route="routetop" type="cfm-fast" waiting="0.00" lane="top_0" pos="26.77" speed="24.67" angle="226.31" x="12.54" y="109.41"/>
        <vehicle id="cfm-fast_3" eclass="HBEFA3/PC_G_EU4" CO2="11069.99" CO="158.48" HC="1.00" NOx="4.56" PMx="0.25" fuel="4.76" electricity="0.00" noise="73.67" route="routetop" type="cfm-fast" waiting="0.00" lane="top_0" pos="42.43" speed="25.18" angle="198.16" x="-3.00" y="79.89"/>
        <vehicle id="cfm-fast_4" eclass="HBEFA3/PC_G_EU4" CO2="12699.02" CO="196.09" HC="1.21" NOx="5.30" PMx="0.29" fuel="5.46" electricity="0.00" noise="74.63" route="routetop" type="cfm-fast" waiting="0.00" lane="left_0" pos="8.67" speed="26.25" angle="168.80" x="-2.39" y="45.15"/>
        <vehicle id="cfm-fast_5" eclass="HBEFA3/PC_G_EU4" CO2="116273.63" CO="5453.43" HC="28.03" NOx="53.05" PMx="4.32" fuel="49.98" electricity="0.00" noise="112.63" route="routebottom" type="cfm-fast" waiting="0.00" lane="right_1" pos="44.79" speed="107.78" angle="283.85" x="74.33" y="128.10"/>
        <vehicle id="cfm-slow_0" eclass="HBEFA3/PC_G_EU4" CO2="11273.68" CO="172.28" HC="1.07" NOx="4.60" PMx="0.26" fuel="4.85" electricity="0.00" noise="74.42" route="routetop" type="cfm-slow" waiting="0.00" lane="left_0" pos="26.04" speed="27.41" angle="137.65" x="16.77" y="13.59"/>
        <vehicle id="cfm-slow_1" eclass="HBEFA3/PC_G_EU4" CO2="7144.44" CO="91.93" HC="0.60" NOx="2.64" PMx="0.15" fuel="3.07" electricity="0.00" noise="73.48" route="routetop" type="cfm-slow" waiting="0.00" lane="left_0" pos="48.58" speed="28.25" angle="97.04" x="60.52" y="-4.87"/>
        <vehicle id="cfm-slow_2" eclass="HBEFA3/PC_G_EU4" CO2="0.00" CO="0.00" HC="0.00" NOx="0.00" PMx="0.00" fuel="0.00" electricity="0.00" noise="72.58" route="routebottom" type="cfm-slow" waiting="0.00" lane="bottom_0" pos="21.92" speed="28.44" angle="55.05" x="107.27" y="10.70"/>
        <vehicle id="cfm-slow_3" eclass="HBEFA3/PC_G_EU4" CO2="0.00" CO="0.00" HC="0.00" NOx="0.00" PMx="0.00" fuel="0.00" electricity="0.00" noise="71.84" route="routebottom" type="cfm-slow" waiting="0.00" lane="bottom_0" pos="45.38" speed="27.95" angle="12.86" x="131.54" y="53.68"/>
        <vehicle id="cfm-slow_4" eclass="HBEFA3/PC_G_EU4" CO2="0.00" CO="0.00" HC="0.00" NOx="0.00" PMx="0.00" fuel="0.00" electricity="0.00" noise="71.20" route="routebottom" type="cfm-slow" waiting="0.00" lane="right_0" pos="18.30" speed="26.96" angle="331.56" x="121.23" y="100.98"/>
        <vehicle id="cfm-slow_5" eclass="HBEFA3/PC_G_EU4" CO2="0.00" CO="0.00" HC="0.00" NOx="0.00" PMx="0.00" fuel="0.00" electricity="0.00" noise="70.77" route="routebottom" type="cfm-slow" waiting="0.00" lane="right_0" pos="40.17" speed="25.82" angle="292.26" x="84.56" y="129.01"/>
    </timestep>
    <timestep time="8.79">
        <vehicle id="cfm-fast_0" eclass="HBEFA3/PC_G_EU4" CO2="0.00" CO="0.00" HC="0.00" NOx="0.00" PMx="0.00" fuel="0.00" electricity="0.00" noise="70.91" route="routetop" type="cfm-fast" waiting="0.00" lane="top_0" pos="11.14" speed="24.94" angle="254.37" x="40.09" y="128.09"/>
        <vehicle id="cfm-fast_1" eclass="HBEFA3/PC_G_EU4" CO2="225321.92" CO="7331.45" HC="39.26" NOx="104.54" PMx="7.02" fuel="96.86" electricity="0.00" noise="129.62" route="routebottom" type="cfm-fast" waiting="0.00" lane="bottom_1" pos="1.29" speed="102.55" angle="92.18" x="66.34" y="-1.60"/>
        <vehicle id="cfm-fast_2" eclass="HBEFA3/PC_G_EU4" CO2="7124.60" CO="75.67" HC="0.52" NOx="2.71" PMx="0.14" fuel="3.06" electricity="0.00" noise="72.04" route="routetop" type="cfm-fast" waiting="0.00" lane="top_0" pos="27.01" speed="24.68" angle="225.91" x="12.19" y="109.02"/>
        <vehicle id="cfm-fast_3" eclass="HBEFA3/PC_G_EU4" CO2="11087.20" CO="158.86" HC="1.00" NOx="4.56" PMx="0.25" fuel="4.77" electricity="0.00" noise="73.68" route="routetop" type="cfm-fast" waiting="0.00" lane="top_0" pos="42.68" speed="25.19" angle="197.71" x="-3.12" y="79.36"/>
        <vehicle id="cfm-fast_4" eclass="HBEFA3/PC_G_EU4" CO2="12686.64" CO="195.88" HC="1.21" NOx="5.29" PMx="0.29" fuel="5.45" electricity="0.00" noise="74.63" route="routetop" type="cfm-fast" waiting="0.00" lane="left_0" pos="8.93" speed="26.26" angle="168.37" x="-2.25" y="44.61"/>
        <vehicle id="cfm-fast_5" eclass="HBEFA3/PC_G_EU4" CO2="115762.84" CO="5443.84" HC="27.97" NOx="52.81" PMx="4.31" fuel="49.76" electricity="0.00" noise="112.55" route="routebottom" type="cfm-fast" waiting="0.00" lane="right_1" pos="45.87" speed="107.80" angle="281.92" x="72.14" y="128.41"/>
        <vehicle id="cfm-slow_0" eclass="HBEFA3/PC_G_EU4" CO2="11234.91" CO="171.53" HC="1.06" NOx="4.58" PMx="0.26" fuel="4.83" electricity="0.00" noise="74.40" route="routetop" type="cfm-slow" waiting="0.00" lane="left_0" pos="26.32" speed="27.42" angle="137.14" x="17.20" y="13.19"/>
        <vehicle id="cfm-slow_1" eclass="HBEFA3/PC_G_EU4" CO2="7095.55" CO="90.94" HC="0.59" NOx="2.61" PMx="0.15" fuel="3.05" electricity="0.00" noise="73.47" route="routetop" type="cfm-slow" waiting="0.00" lane="left_0" pos="48.87" speed="28.25" angle="96.57" x="61.13" y="-4.89"/>
        <vehicle id="cfm-slow_2" eclass="HBEFA3/PC_G_EU4" CO2="0.00" CO="0.00" HC="0.00" NOx="0.00" PMx="0.00" fuel="0.00" electricity="0.00" noise="72.57" route="routebottom" type="cfm-slow" waiting="0.00" lane="bottom_0" pos="22.20" speed="28.44" angle="54.51" x="107.73" y="11.09"/>
        <vehicle id="cfm-slow_3" eclass="HBEFA3/PC_G_EU4" CO2="0.00" CO="0.00" HC="0.00" NOx="0.00" PMx="0.00" fuel="0.00" electricity="0.00" noise="71.83" route="routebottom" type="cfm-slow" waiting="0.00" lane="bottom_0" pos="45.66" speed="27.95" angle="12.36" x="131.62" y="54.27"/>
        <vehicle id="cfm-slow_4" eclass="HBEFA3/PC_G_EU4" CO2="0.00" CO="0.00" HC="0.00" NOx="0.00" PMx="0.00" fuel="0.00" electricity="0.00" noise="71.20" route="routebottom" type="cfm-slow" waiting="0.00" lane="right_0" pos="18.57" speed="26.95" angle="331.04" x="120.91" y="101.47"/>
        <vehicle id="cfm-slow_5" eclass="HBEFA3/PC_G_EU4" CO2="0.00" CO="0.00" HC="0.00" NOx="0.00" PMx="0.00" fuel="0.00" electricity="0.00" noise="70.77" route="routebottom" type="cfm-slow" waiting="0.00" lane="right_0" pos="40.43" speed="25.81" angle="291.76" x="84.03" y="129.17"/>
    </timestep>
    <timestep time="8.80">
        <vehicle id="cfm-fast_0" eclass="HBEFA3/PC_G_EU4" CO2="0.00" CO="0.00" HC="0.00" NOx="0.00" PMx="0.00" fuel="0.00" electricity="0.00" noise="70.92" route="routetop" type="cfm-fast" waiting="0.00" lane="top_0" pos="11.39" speed="24.93" angle="253.90" x="39.59" y="127.90"/>
        <vehicle id="cfm-fast_1" eclass="HBEFA3/PC_G_EU4" CO2="224285.28" CO="7313.98" HC="39.15" NOx="104.05" PMx="6.99" fuel="96.41" electricity="0.00" noise="129.45" route="routebottom" type="cfm-fast" waiting="0.00" lane="bottom_1" pos="2.32" speed="102.61" angle="90.31" x="68.44" y="-1.47"/>
        <vehicle id="cfm-fast_2" eclass="HBEFA3/PC_G_EU4" CO2="7163.23" CO="76.48" HC="0.53" NOx="2.72" PMx="0.14" fuel="3.08" electricity="0.00" noise="72.06" route="routetop" type="cfm-fast" waiting="0.00" lane="top_0" pos="27.26" speed="24.68" angle="225.45" x="11.84" y="108.61"/>
        <vehicle id="cfm-fast_3" eclass="HBEFA3/PC_G_EU4" CO2="11104.14" CO="159.25" HC="1.00" NOx="4.57" PMx="0.25" fuel="4.77" electricity="0.00" noise="73.69" route="routetop" type="cfm-fast" waiting="0.00" lane="top_0" pos="42.93" speed="25.20" angle="197.27" x="-3.24" y="78.83"/>
        <vehicle id="cfm-fast_4" eclass="HBEFA3/PC_G_EU4" CO2="12674.02" CO="195.67" HC="1.21" NOx="5.29" PMx="0.29" fuel="5.45" electricity="0.00" noise="74.63" route="routetop" type="cfm-fast" waiting="0.00" lane="left_0" pos="9.19" speed="26.27" angle="167.88" x="-2.08" y="44.07"/>
        <vehicle id="cfm-fast_5" eclass="HBEFA3/PC_G_EU4" CO2="115261.12" CO="5434.42" HC="27.92" NOx="52.57" PMx="4.29" fuel="49.55" electricity="0.00" noise="112.48" route="routebottom" type="cfm-fast" waiting="0.00" lane="right_1" pos="46.95" speed="107.81" angle="280.04" x="69.94" y="128.66"/>
        <vehicle id="cfm-slow_0" eclass="HBEFA3/PC_G_EU4" CO2="11196.03" CO="170.77" HC="1.06" NOx="4.57" PMx="0.26" fuel="4.81" electricity="0.00" noise="74.39" route="routetop" type="cfm-slow" waiting="0.00" lane="left_0" pos="26.59" speed="27.43" angle="136.63" x="17.63" y="12.79"/>
        <vehicle id="cfm-slow_1" eclass="HBEFA3/PC_G_EU4" CO2="7046.73" CO="89.95" HC="0.59" NOx="2.59" PMx="0.15" fuel="3.03" electricity="0.00" noise="73.46" route="routetop" type="cfm-slow" waiting="0.00" lane="left_0" pos="49.15" speed="28.25" angle="96.06" x="61.74" y="-4.91"/>
        <vehicle id="cfm-slow_2" eclass="HBEFA3/PC_G_EU4" CO2="0.00" CO="0.00" HC="0.00" NOx="0.00" PMx="0.00" fuel="0.00" electricity="0.00" noise="72.56" route="routebottom" type="cfm-slow" waiting="0.00" lane="bottom_0" pos="22.49" speed="28.43" angle="53.97" x="108.20" y="11.49"/>
        <vehicle id="cfm-slow_3" eclass="HBEFA3/PC_G_EU4" CO2="0.00" CO="0.00" HC="0.00" NOx="0.00" PMx="0.00" fuel="0.00" electricity="0.00" noise="71.83" route="routebottom" type="cfm-slow" waiting="0.00" lane="bottom_0" pos="45.94" speed="27.94" angle="11.85" x="131.71" y="54.87"/>
        <vehicle id="cfm-slow_4" eclass="HBEFA3/PC_G_EU4" CO2="0.00" CO="0.00" HC="0.00" NOx="0.00" PMx="0.00" fuel="0.00" electricity="0.00" noise="71.19" route="routebottom" type="cfm-slow" waiting="0.00" lane="right_0" pos="18.84" speed="26.94" angle="330.51" x="120.58" y="101.95"/>
        <vehicle id="cfm-slow_5" eclass="HBEFA3/PC_G_EU4" CO2="0.00" CO="0.00" HC="0.00" NOx="0.00" PMx="0.00" fuel="0.00" electricity="0.00" noise="70.76" route="routebottom" type="cfm-slow" waiting="0.00" lane="right_0" pos="40.69" speed="25.80" angle="291.27" x="83.50" y="129.34"/>
    </timestep>
    <timestep time="8.81">
        <vehicle id="cfm-fast_0" eclass="HBEFA3/PC_G_EU4" CO2="0.00" CO="0.00" HC="0.00" NOx="0.00" PMx="0.00" fuel="0.00" electricity="0.00" noise="70.93" route="routetop" type="cfm-fast" waiting="0.00" lane="top_0" pos="11.64" speed="24.93" angle="253.50" x="39.09" y="127.71"/>
        <vehicle id="cfm-fast_1" eclass="HBEFA3/PC_G_EU4" CO2="223252.63" CO="7296.57" HC="39.05" NOx="103.56" PMx="6.97" fuel="95.97" electricity="0.00" noise="129.28" route="routebottom" type="cfm-fast" waiting="0.00" lane="bottom_1" pos="3.34" speed="102.67" angle="88.49" x="70.53" y="-1.28"/>
        <vehicle id="cfm-fast_2" eclass="HBEFA3/PC_G_EU4" CO2="7201.66" CO="77.28" HC="0.53" NOx="2.74" PMx="0.15" fuel="3.10" electricity="0.00" noise="72.07" route="routetop" type="cfm-fast" waiting="0.00" lane="top_0" pos="27.51" speed="24.68" angle="224.99" x="11.50" y="108.21"/>
        <vehicle id="cfm-fast_3" eclass="HBEFA3/PC_G_EU4" CO2="11120.80" CO="159.63" HC="1.00" NOx="4.58" PMx="0.25" fuel="4.78" electricity="0.00" noise="73.70" route="routetop" type="cfm-fast" waiting="0.00" lane="top_0" pos="43.19" speed="25.21" angle="196.82" x="-3.36" y="78.30"/>
        <vehicle id="cfm-fast_4" eclass="HBEFA3/PC_G_EU4" CO2="12661.16" CO="195.46" HC="1.21" NOx="5.28" PMx="0.29" fuel="5.44" electricity="0.00" noise="74.63" route="routetop" type="cfm-fast" waiting="0.00" lane="left_0" pos="9.46" speed="26.28" angle="167.40" x="-1.91" y="43.52"/>
        <vehicle id="cfm-fast_5" eclass="HBEFA3/PC_G_EU4" CO2="114768.30" CO="5425.17" HC="27.86" NOx="52.34" PMx="4.28" fuel="49.33" electricity="0.00" noise="112.40" route="routebottom" type="cfm-fast" waiting="0.00" lane="right_1" pos="48.02" speed="107.82" angle="278.09" x="67.74" y="128.84"/>
        <vehicle id="cfm-slow_0" eclass="HBEFA3/PC_G_EU4" CO2="11157.03" CO="170.01" HC="1.05" NOx="4.55" PMx="0.26" fuel="4.80" electricity="0.00" noise="74.38" route="routetop" type="cfm-slow" waiting="0.00" lane="left_0" pos="26.87" speed="27.44" angle="136.16" x="18.07" y="12.39"/>
        <vehicle id="cfm-slow_1" eclass="HBEFA3/PC_G_EU4" CO2="6997.96" CO="88.96" HC="0.58" NOx="2.57" PMx="0.15" fuel="3.01" electricity="0.00" noise="73.45" route="routetop" type="cfm-slow" waiting="0.00" lane="left_0" pos="49.43" speed="28.26" angle="95.54" x="62.35" y="-4.92"/>
        <vehicle id="cfm-slow_2" eclass="HBEFA3/PC_G_EU4" CO2="0.00" CO="0.00" HC="0.00" NOx="0.00" PMx="0.00" fuel="0.00" electricity="0.00" noise="72.55" route="routebottom" type="cfm-slow" waiting="0.00" lane="bottom_0" pos="22.77" speed="28.43" angle="53.44" x="108.67" y="11.89"/>
        <vehicle id="cfm-slow_3" eclass="HBEFA3/PC_G_EU4" CO2="0.00" CO="0.00" HC="0.00" NOx="0.00" PMx="0.00" fuel="0.00" electricity="0.00" noise="71.82" route="routebottom" type="cfm-slow" waiting="0.00" lane="bottom_0" pos="46.22" speed="27.93" angle="11.40" x="131.79" y="55.46"/>
        <vehicle id="cfm-slow_4" eclass="HBEFA3/PC_G_EU4" CO2="0.00" CO="0.00" HC="0.00" NOx="0.00" PMx="0.00" fuel="0.00" electricity="0.00" noise="71.19" route="routebottom" type="cfm-slow" waiting="0.00" lane="right_0" pos="19.11" speed="26.93" angle="330.00" x="120.26" y="102.43"/>
        <vehicle id="cfm-slow_5" eclass="HBEFA3/PC_G_EU4" CO2="0.00" CO="0.00" HC="0.00" NOx="0.00" PMx="0.00" fuel="0.00" electricity="0.00" noise="70.76" route="routebottom" type="cfm-slow" waiting="0.00" lane="right_0" pos="40.95" speed="25.79" angle="290.80" x="82.97" y="129.50"/>
    </timestep>
    <timestep time="8.82">
        <vehicle id="cfm-fast_0" eclass="HBEFA3/PC_G_EU4" CO2="0.00" CO="0.00" HC="0.00" NOx="0.00" PMx="0.00" fuel="0.00" electricity="0.00" noise="70.94" route="routetop" type="cfm-fast" waiting="0.00" lane="top_0" pos="11.89" speed="24.93" angle="253.04" x="38.59" y="127.51"/>
        <vehicle id="cfm-fast_1" eclass="HBEFA3/PC_G_EU4" CO2="222224.02" CO="7279.21" HC="38.95" NOx="103.07" PMx="6.94" fuel="95.52" electricity="0.00" noise="129.11" route="routebottom" type="cfm-fast" waiting="0.00" lane="bottom_1" pos="4.37" speed="102.72" angle="86.66" x="72.62" y="-1.03"/>
        <vehicle id="cfm-fast_2" eclass="HBEFA3/PC_G_EU4" CO2="7239.90" CO="78.08" HC="0.54" NOx="2.76" PMx="0.15" fuel="3.11" electricity="0.00" noise="72.08" route="routetop" type="cfm-fast" waiting="0.00" lane="top_0" pos="27.75" speed="24.69" angle="224.52" x="11.16" y="107.81"/>
        <vehicle id="cfm-fast_3" eclass="HBEFA3/PC_G_EU4" CO2="11137.19" CO="160.00" HC="1.01" NOx="4.59" PMx="0.25" fuel="4.79" electricity="0.00" noise="73.71" route="routetop" type="cfm-fast" waiting="0.00" lane="top_0" pos="43.44" speed="25.22" angle="196.37" x="-3.48" y="77.77"/>
        <vehicle id="cfm-fast_4" eclass="HBEFA3/PC_G_EU4" CO2="12648.05" CO="195.24" HC="1.20" NOx="5.28" PMx="0.29" fuel="5.44" electricity="0.00" noise="74.62" route="routetop" type="cfm-fast" waiting="0.00" lane="left_0" pos="9.72" speed="26.29" angle="166.91" x="-1.75" y="42.98"/>
        <vehicle id="cfm-fast_5" eclass="HBEFA3/PC_G_EU4" CO2="114284.21" CO="5416.09" HC="27.81" NOx="52.11" PMx="4.27" fuel="49.13" electricity="0.00" noise="112.33" route="routebottom" type="cfm-fast" waiting="0.00" lane="right_1" pos="49.10" speed="107.83" angle="276.12" x="65.53" y="128.93"/>
        <vehicle id="cfm-slow_0" eclass="HBEFA3/PC_G_EU4" CO2="11117.93" CO="169.25" HC="1.05" NOx="4.53" PMx="0.26" fuel="4.78" electricity="0.00" noise="74.37" route="routetop" type="cfm-slow" waiting="0.00" lane="left_0" pos="27.14" speed="27.45" angle="135.67" x="18.52" y="12.01"/>
        <vehicle id="cfm-slow_1" eclass="HBEFA3/PC_G_EU4" CO2="6949.26" CO="87.97" HC="0.58" NOx="2.54" PMx="0.15" fuel="2.99" electricity="0.00" noise="73.44" route="routetop" type="cfm-slow" waiting="0.00" lane="left_0" pos="49.71" speed="28.26" angle="95.03" x="62.95" y="-4.94"/>
        <vehicle id="cfm-slow_2" eclass="HBEFA3/PC_G_EU4" CO2="0.00" CO="0.00" HC="0.00" NOx="0.00" PMx="0.00" fuel="0.00" electricity="0.00" noise="72.54" route="routebottom" type="cfm-slow" waiting="0.00" lane="bottom_0" pos="23.06" speed="28.43" angle="52.96" x="109.13" y="12.28"/>
        <vehicle id="cfm-slow_3" eclass="HBEFA3/PC_G_EU4" CO2="0.00" CO="0.00" HC="0.00" NOx="0.00" PMx="0.00" fuel="0.00" electricity="0.00" noise="71.81" route="routebottom" type="cfm-slow" waiting="0.00" lane="bottom_0" pos="46.50" speed="27.92" angle="10.89" x="131.85" y="56.06"/>
        <vehicle id="cfm-slow_4" eclass="HBEFA3/PC_G_EU4" CO2="0.00" CO="0.00" HC="0.00" NOx="0.00" PMx="0.00" fuel="0.00" electricity="0.00" noise="71.18" route="routebottom" type="cfm-slow" waiting="0.00" lane="right_0" pos="19.38" speed="26.92" angle="329.56" x="119.93" y="102.90"/>
        <vehicle id="cfm-slow_5" eclass="HBEFA3/PC_G_EU4" CO2="0.00" CO="0.00" HC="0.00" NOx="0.00" PMx="0.00" fuel="0.00" electricity="0.00" noise="70.76" route="routebottom" type="cfm-slow" waiting="0.00" lane="right_0" pos="41.21" speed="25.78" angle="290.38" x="82.44" y="129.65"/>
    </timestep>
    <timestep time="8.83">
        <vehicle id="cfm-fast_0" eclass="HBEFA3/PC_G_EU4" CO2="0.00" CO="0.00" HC="0.00" NOx="0.00" PMx="0.00" fuel="0.00" electricity="0.00" noise="70.94" route="routetop" type="cfm-fast" waiting="0.00" lane="top_0" pos="12.14" speed="24.92" angle="252.59" x="38.09" y="127.31"/>
        <vehicle id="cfm-fast_1" eclass="HBEFA3/PC_G_EU4" CO2="221199.51" CO="7261.91" HC="38.84" NOx="102.59" PMx="6.92" fuel="95.08" electricity="0.00" noise="128.95" route="routebottom" type="cfm-fast" waiting="0.00" lane="bottom_1" pos="5.40" speed="102.78" angle="84.79" x="74.70" y="-0.70"/>
        <vehicle id="cfm-fast_2" eclass="HBEFA3/PC_G_EU4" CO2="7277.93" CO="78.88" HC="0.54" NOx="2.78" PMx="0.15" fuel="3.13" electricity="0.00" noise="72.10" route="routetop" type="cfm-fast" waiting="0.00" lane="top_0" pos="28.00" speed="24.69" angle="224.06" x="10.81" y="107.40"/>
        <vehicle id="cfm-fast_3" eclass="HBEFA3/PC_G_EU4" CO2="11153.31" CO="160.37" HC="1.01" NOx="4.59" PMx="0.25" fuel="4.79" electricity="0.00" noise="73.72" route="routetop" type="cfm-fast" waiting="0.00" lane="top_0" pos="43.69" speed="25.23" angle="195.97" x="-3.59" y="77.24"/>
        <vehicle id="cfm-fast_4" eclass="HBEFA3/PC_G_EU4" CO2="12634.70" CO="195.02" HC="1.20" NOx="5.27" PMx="0.29" fuel="5.43" electricity="0.00" noise="74.62" route="routetop" type="cfm-fast" waiting="0.00" lane="left_0" pos="9.98" speed="26.30" angle="166.42" x="-1.58" y="42.44"/>
        <vehicle id="cfm-fast_5" eclass="HBEFA3/PC_G_EU4" CO2="113808.71" CO="5407.18" HC="27.76" NOx="51.88" PMx="4.26" fuel="48.92" electricity="0.00" noise="112.26" route="routetop" type="cfm-fast" waiting="0.00" lane="top_1" pos="0.18" speed="107.85" angle="274.16" x="63.26" y="128.96"/>
        <vehicle id="cfm-slow_0" eclass="HBEFA3/PC_G_EU4" CO2="11078.72" CO="168.49" HC="1.05" NOx="4.51" PMx="0.25" fuel="4.76" electricity="0.00" noise="74.36" route="routetop" type="cfm-slow" waiting="0.00" lane="left_0" pos="27.42" speed="27.46" angle="135.16" x="18.97" y="11.63"/>
        <vehicle id="cfm-slow_1" eclass="HBEFA3/PC_G_EU4" CO2="6900.62" CO="86.98" HC="0.57" NOx="2.52" PMx="0.15" fuel="2.97" electricity="0.00" noise="73.42" route="routetop" type="cfm-slow" waiting="0.00" lane="left_0" pos="50.00" speed="28.26" angle="94.56" x="63.56" y="-4.95"/>
        <vehicle id="cfm-slow_2" eclass="HBEFA3/PC_G_EU4" CO2="0.00" CO="0.00" HC="0.00" NOx="0.00" PMx="0.00" fuel="0.00" electricity="0.00" noise="72.53" route="routebottom" type="cfm-slow" waiting="0.00" lane="bottom_0" pos="23.34" speed="28.42" angle="52.46" x="109.58" y="12.70"/>
        <vehicle id="cfm-slow_3" eclass="HBEFA3/PC_G_EU4" CO2="0.00" CO="0.00" HC="0.00" NOx="0.00" PMx="0.00" fuel="0.00" electricity="0.00" noise="71.81" route="routebottom" type="cfm-slow" waiting="0.00" lane="bottom_0" pos="46.78" speed="27.91" angle="10.38" x="131.91" y="56.66"/>
        <vehicle id="cfm-slow_4" eclass="HBEFA3/PC_G_EU4" CO2="0.00" CO="0.00" HC="0.00" NOx="0.00" PMx="0.00" fuel="0.00" electricity="0.00" noise="71.18" route="routebottom" type="cfm-slow" waiting="0.00" lane="right_0" pos="19.64" speed="26.91" angle="329.07" x="119.59" y="103.37"/>
        <vehicle id="cfm-slow_5" eclass="HBEFA3/PC_G_EU4" CO2="0.00" CO="0.00" HC="0.00" NOx="0.00" PMx="0.00" fuel="0.00" electricity="0.00" noise="70.76" route="routebottom" type="cfm-slow" waiting="0.00" lane="right_0" pos="41.46" speed="25.77" angle="289.91" x="81.90" y="129.79"/>
    </timestep>
    <timestep time="8.84">
        <vehicle id="cfm-fast_0" eclass="HBEFA3/PC_G_EU4" CO2="0.00" CO="0.00" HC="0.00" NOx="0.00" PMx="0.00" fuel="0.00" electricity="0.00" noise="70.95" route="routetop" type="cfm-fast" waiting="0.00" lane="top_0" pos="12.39" speed="24.92" angle="252.14" x="37.59" y="127.12"/>
        <vehicle id="cfm-fast_1" eclass="HBEFA3/PC_G_EU4" CO2="220179.17" CO="7244.67" HC="38.74" NOx="102.11" PMx="6.89" fuel="94.65" electricity="0.00" noise="128.78" route="routebottom" type="cfm-fast" waiting="0.00" lane="bottom_1" pos="6.43" speed="102.83" angle="82.92" x="76.78" y="-0.32"/>
        <vehicle id="cfm-fast_2" eclass="HBEFA3/PC_G_EU4" CO2="7315.76" CO="79.67" HC="0.54" NOx="2.80" PMx="0.15" fuel="3.14" electricity="0.00" noise="72.11" route="routetop" type="cfm-fast" waiting="0.00" lane="top_0" pos="28.25" speed="24.70" angle="223.67" x="10.47" y="107.00"/>
        <vehicle id="cfm-fast_3" eclass="HBEFA3/PC_G_EU4" CO2="11169.16" CO="160.73" HC="1.01" NOx="4.60" PMx="0.25" fuel="4.80" electricity="0.00" noise="73.73" route="routetop" type="cfm-fast" waiting="0.00" lane="top_0" pos="43.94" speed="25.24" angle="195.50" x="-3.69" y="76.71"/>
        <vehicle id="cfm-fast_4" eclass="HBEFA3/PC_G_EU4" CO2="12621.11" CO="194.79" HC="1.20" NOx="5.26" PMx="0.29" fuel="5.43" electricity="0.00" noise="74.62" route="routetop" type="cfm-fast" waiting="0.00" lane="left_0" pos="10.25" speed="26.32" angle="166.00" x="-1.41" y="41.90"/>
        <vehicle id="cfm-fast_5" eclass="HBEFA3/PC_G_EU4" CO2="113341.63" CO="5398.42" HC="27.71" NOx="51.66" PMx="4.25" fuel="48.72" electricity="0.00" noise="112.19" route="routetop" type="cfm-fast" waiting="0.00" lane="top_1" pos="1.26" speed="107.86" angle="272.23" x="61.05" y="128.92"/>
        <vehicle id="cfm-slow_0" eclass="HBEFA3/PC_G_EU4" CO2="11039.40" CO="167.73" HC="1.04" NOx="4.49" PMx="0.25" fuel="4.75" electricity="0.00" noise="74.35" route="routetop" type="cfm-slow" waiting="0.00" lane="left_0" pos="27.69" speed="27.46" angle="134.65" x="19.42" y="11.24"/>
        <vehicle id="cfm-slow_1" eclass="HBEFA3/PC_G_EU4" CO2="6852.05" CO="86.00" HC="0.57" NOx="2.50" PMx="0.15" fuel="2.95" electricity="0.00" noise="73.41" route="routebottom" type="cfm-slow" waiting="0.00" lane="bottom_0" pos="0.28" speed="28.26" angle="93.97" x="64.36" y="-4.94"/>
        <vehicle id="cfm-slow_2" eclass="HBEFA3/PC_G_EU4" CO2="0.00" CO="0.00" HC="0.00" NOx="0.00" PMx="0.00" fuel="0.00" electricity="0.00" noise="72.53" route="routebottom" type="cfm-slow" waiting="0.00" lane="bottom_0" pos="23.62" speed="28.42" angle="51.94" x="110.03" y="13.11"/>
        <vehicle id="cfm-slow_3" eclass="HBEFA3/PC_G_EU4" CO2="0.00" CO="0.00" HC="0.00" NOx="0.00" PMx="0.00" fuel="0.00" electricity="0.00" noise="71.80" route="routebottom" type="cfm-slow" waiting="0.00" lane="bottom_0" pos="47.06" speed="27.90" angle="9.87" x="131.97" y="57.25"/>
        <vehicle id="cfm-slow_4" eclass="HBEFA3/PC_G_EU4" CO2="0.00" CO="0.00" HC="0.00" NOx="0.00" PMx="0.00" fuel="0.00" electricity="0.00" noise="71.17" route="routebottom" type="cfm-slow" waiting="0.00" lane="right_0" pos="19.91" speed="26.90" angle="328.59" x="119.25" y="103.84"/>
        <vehicle id="cfm-slow_5" eclass="HBEFA3/PC_G_EU4" CO2="0.00" CO="0.00" HC="0.00" NOx="0.00" PMx="0.00" fuel="0.00" electricity="0.00" noise="70.76" route="routebottom" type="cfm-slow" waiting="0.00" lane="right_0" pos="41.72" speed="25.77" angle="289.44" x="81.37" y="129.94"/>
    </timestep>
    <timestep time="8.85">
        <vehicle id="cfm-fast_0" eclass="HBEFA3/PC_G_EU4" CO2="0.00" CO="0.00" HC="0.00" NOx="0.00" PMx="0.00" fuel="0.00" electricity="0.00" noise="70.96" route="routetop" type="cfm-fast" waiting="0.00" lane="top_0" pos="12.64" speed="24.92" angle="251.69" x="37.10" y="126.92"/>
        <vehicle id="cfm-fast_1" eclass="HBEFA3/PC_G_EU4" CO2="219163.03" CO="7227.48" HC="38.63" NOx="101.63" PMx="6.87" fuel="94.21" electricity="0.00" noise="128.61" route="routebottom" type="cfm-fast" waiting="0.00" lane="bottom_1" pos="7.46" speed="102.89" angle="81.03" x="78.84" y="0.15"/>
        <vehicle id="cfm-fast_2" eclass="HBEFA3/PC_G_EU4" CO2="7353.39" CO="80.46" HC="0.55" NOx="2.81" PMx="0.15" fuel="3.16" electricity="0.00" noise="72.13" route="routetop" type="cfm-fast" waiting="0.00" lane="top_0" pos="28.49" speed="24.70" angle="223.22" x="10.14" y="106.58"/>
        <vehicle id="cfm-fast_3" eclass="HBEFA3/PC_G_EU4" CO2="11184.74" CO="161.08" HC="1.01" NOx="4.61" PMx="0.25" fuel="4.81" electricity="0.00" noise="73.74" route="routetop" type="cfm-fast" waiting="0.00" lane="top_0" pos="44.20" speed="25.25" angle="195.03" x="-3.79" y="76.18"/>
        <vehicle id="cfm-fast_4" eclass="HBEFA3/PC_G_EU4" CO2="12607.27" CO="194.55" HC="1.20" NOx="5.26" PMx="0.29" fuel="5.42" electricity="0.00" noise="74.62" route="routetop" type="cfm-fast" waiting="0.00" lane="left_0" pos="10.51" speed="26.33" angle="165.52" x="-1.22" y="41.37"/>
        <vehicle id="cfm-fast_5" eclass="HBEFA3/PC_G_EU4" CO2="112882.81" CO="5389.82" HC="27.66" NOx="51.45" PMx="4.23" fuel="48.52" electricity="0.00" noise="112.12" route="routetop" type="cfm-fast" waiting="0.00" lane="top_1" pos="2.34" speed="107.87" angle="270.27" x="58.84" y="128.79"/>
        <vehicle id="cfm-slow_0" eclass="HBEFA3/PC_G_EU4" CO2="10999.97" CO="166.96" HC="1.04" NOx="4.47" PMx="0.25" fuel="4.73" electricity="0.00" noise="74.34" route="routetop" type="cfm-slow" waiting="0.00" lane="left_0" pos="27.96" speed="27.47" angle="134.13" x="19.87" y="10.86"/>
        <vehicle id="cfm-slow_1" eclass="HBEFA3/PC_G_EU4" CO2="6803.55" CO="85.01" HC="0.56" NOx="2.47" PMx="0.15" fuel="2.92" electricity="0.00" noise="73.40" route="routebottom" type="cfm-slow" waiting="0.00" lane="bottom_0" pos="0.56" speed="28.27" angle="93.45" x="64.97" y="-4.92"/>
        <vehicle id="cfm-slow_2" eclass="HBEFA3/PC_G_EU4" CO2="0.00" CO="0.00" HC="0.00" NOx="0.00" PMx="0.00" fuel="0.00" electricity="0.00" noise="72.52" route="routebottom" type="cfm-slow" waiting="0.00" lane="bottom_0" pos="23.91" speed="28.41" angle="51.43" x="110.48" y="13.53"/>
        <vehicle id="cfm-slow_3" eclass="HBEFA3/PC_G_EU4" CO2="0.00" CO="0.00" HC="0.00" NOx="0.00" PMx="0.00" fuel="0.00" electricity="0.00" noise="71.79" route="routebottom" type="cfm-slow" waiting="0.00" lane="bottom_0" pos="47.34" speed="27.89" angle="9.36" x="132.03" y="57.85"/>
        <vehicle id="cfm-slow_4" eclass="HBEFA3/PC_G_EU4" CO2="0.00" CO="0.00" HC="0.00" NOx="0.00" PMx="0.00" fuel="0.00" electricity="0.00" noise="71.17" route="routebottom" type="cfm-slow" waiting="0.00" lane="right_0" pos="20.18" speed="26.89" angle="328.10" x="118.92" y="104.31"/>
        <vehicle id="cfm-slow_5" eclass="HBEFA3/PC_G_EU4" CO2="0.00" CO="0.00" HC="0.00" NOx="0.00" PMx="0.00" fuel="0.00" electricity="0.00" noise="70.76" route="routebottom" type="cfm-slow" waiting="0.00" lane="right_0" pos="41.98" speed="25.76" angle="288.97" x="80.83" y="130.08"/>
    </timestep>
    <timestep time="8.86">
        <vehicle id="cfm-fast_0" eclass="HBEFA3/PC_G_EU4" CO2="0.00" CO="0.00" HC="0.00" NOx="0.00" PMx="0.00" fuel="0.00" electricity="0.00" noise="70.97" route="routetop" type="cfm-fast" waiting="0.00" lane="top_0" pos="12.89" speed="24.92" angle="251.29" x="36.60" y="126.71"/>
        <vehicle id="cfm-fast_1" eclass="HBEFA3/PC_G_EU4" CO2="218151.14" CO="7210.36" HC="38.53" NOx="101.15" PMx="6.84" fuel="93.77" electricity="0.00" noise="128.45" route="routebottom" type="cfm-fast" waiting="0.00" lane="bottom_1" pos="8.48" speed="102.94" angle="79.17" x="80.88" y="0.67"/>
        <vehicle id="cfm-fast_2" eclass="HBEFA3/PC_G_EU4" CO2="7390.81" CO="81.25" HC="0.55" NOx="2.83" PMx="0.15" fuel="3.18" electricity="0.00" noise="72.14" route="routetop" type="cfm-fast" waiting="0.00" lane="top_0" pos="28.74" speed="24.71" angle="222.77" x="9.81" y="106.16"/>
        <vehicle id="cfm-fast_3" eclass="HBEFA3/PC_G_EU4" CO2="11200.04" CO="161.43" HC="1.01" NOx="4.62" PMx="0.25" fuel="4.81" electricity="0.00" noise="73.75" route="routetop" type="cfm-fast" waiting="0.00" lane="top_0" pos="44.45" speed="25.26" angle="194.55" x="-3.89" y="75.64"/>
        <vehicle id="cfm-fast_4" eclass="HBEFA3/PC_G_EU4" CO2="12593.20" CO="194.31" HC="1.20" NOx="5.25" PMx="0.29" fuel="5.41" electricity="0.00" noise="74.61" route="routetop" type="cfm-fast" waiting="0.00" lane="left_0" pos="10.77" speed="26.34" angle="165.03" x="-1.03" y="40.84"/>
        <vehicle id="cfm-fast_5" eclass="HBEFA3/PC_G_EU4" CO2="112432.11" CO="5381.38" HC="27.61" NOx="51.23" PMx="4.22" fuel="48.33" electricity="0.00" noise="112.05" route="routetop" type="cfm-fast" waiting="0.00" lane="top_1" pos="3.42" speed="107.88" angle="268.36" x="56.64" y="128.59"/>
        <vehicle id="cfm-slow_0" eclass="HBEFA3/PC_G_EU4" CO2="10960.44" CO="166.19" HC="1.03" NOx="4.45" PMx="0.25" fuel="4.71" electricity="0.00" noise="74.33" route="routetop" type="cfm-slow" waiting="0.00" lane="left_0" pos="28.24" speed="27.48" angle="133.69" x="20.32" y="10.48"/>
        <vehicle id="cfm-slow_1" eclass="HBEFA3/PC_G_EU4" CO2="6755.12" CO="84.03" HC="0.55" NOx="2.45" PMx="0.14" fuel="2.90" electricity="0.00" noise="73.39" route="routebottom" type="cfm-slow" waiting="0.00" lane="bottom_0" pos="0.84" speed="28.27" angle="92.94" x="65.58" y="-4.91"/>
        <vehicle id="cfm-slow_2" eclass="HBEFA3/PC_G_EU4" CO2="0.00" CO="0.00" HC="0.00" NOx="0.00" PMx="0.00" fuel="0.00" electricity="0.00" noise="72.51" route="routebottom" type="cfm-slow" waiting="0.00" lane="bottom_0" pos="24.19" speed="28.41" angle="50.92" x="110.93" y="13.94"/>
        <vehicle id="cfm-slow_3" eclass="HBEFA3/PC_G_EU4" CO2="0.00" CO="0.00" HC="0.00" NOx="0.00" PMx="0.00" fuel="0.00" electricity="0.00" noise="71.79" route="routebottom" type="cfm-slow" waiting="0.00" lane="bottom_0" pos="47.62" speed="27.88" angle="8.91" x="132.08" y="58.45"/>
        <vehicle id="cfm-slow_4" eclass="HBEFA3/PC_G_EU4" CO2="0.00" CO="0.00" HC="0.00" NOx="0.00" PMx="0.00" fuel="0.00" electricity="0.00" noise="71.17" route="routebottom" type="cfm-slow" waiting="0.00" lane="right_0" pos="20.45" speed="26.87" angle="327.65" x="118.58" y="104.78"/>
        <vehicle id="cfm-slow_5" eclass="HBEFA3/PC_G_EU4" CO2="0.00" CO="0.00" HC="0.00" NOx="0.00" PMx="0.00" fuel="0.00" electricity="0.00" noise="70.76" route="routebottom" type="cfm-slow" waiting="0.00" lane="right_0" pos="42.24" speed="25.75" angle="288.52" x="80.30" y="130.22"/>
    </timestep>
    <timestep time="8.87">
        <vehicle id="cfm-fast_0" eclass="HBEFA3/PC_G_EU4" CO2="0.00" CO="0.00" HC="0.00" NOx="0.00" PMx="0.00" fuel="0.00" electricity="0.00" noise="70.98" route="routetop" type="cfm-fast" waiting="0.00" lane="top_0" pos="13.13" speed="24.91" angle="250.84" x="36.11" y="126.49"/>
        <vehicle id="cfm-fast_1" eclass="HBEFA3/PC_G_EU4" CO2="217143.57" CO="7193.30" HC="38.43" NOx="100.67" PMx="6.82" fuel="93.34" electricity="0.00" noise="128.28" route="routebottom" type="cfm-fast" waiting="0.00" lane="bottom_1" pos="9.51" speed="103.00" angle="77.33" x="82.91" y="1.26"/>
        <vehicle id="cfm-fast_2" eclass="HBEFA3/PC_G_EU4" CO2="7428.03" CO="82.03" HC="0.56" NOx="2.85" PMx="0.15" fuel="3.19" electricity="0.00" noise="72.16" route="routetop" type="cfm-fast" waiting="0.00" lane="top_0" pos="28.99" speed="24.71" angle="222.32" x="9.48" y="105.74"/>
        <vehicle id="cfm-fast_3" eclass="HBEFA3/PC_G_EU4" CO2="11215.08" CO="161.78" HC="1.02" NOx="4.62" PMx="0.25" fuel="4.82" electricity="0.00" noise="73.76" route="routetop" type="cfm-fast" waiting="0.00" lane="top_0" pos="44.70" speed="25.27" angle="194.08" x="-3.99" y="75.11"/>
        <vehicle id="cfm-fast_4" eclass="HBEFA3/PC_G_EU4" CO2="12578.89" CO="194.07" HC="1.20" NOx="5.24" PMx="0.29" fuel="5.41" electricity="0.00" noise="74.61" route="routetop" type="cfm-fast" waiting="0.00" lane="left_0" pos="11.04" speed="26.35" angle="164.54" x="-0.84" y="40.30"/>
        <vehicle id="cfm-fast_5" eclass="HBEFA3/PC_G_EU4" CO2="111989.37" CO="5373.09" HC="27.56" NOx="51.03" PMx="4.21" fuel="48.14" electricity="0.00" noise="111.99" route="routetop" type="cfm-fast" waiting="0.00" lane="top_1" pos="4.50" speed="107.89" angle="266.43" x="54.44" y="128.31"/>
        <vehicle id="cfm-slow_0" eclass="HBEFA3/PC_G_EU4" CO2="10920.80" CO="165.42" HC="1.03" NOx="4.43" PMx="0.25" fuel="4.69" electricity="0.00" noise="74.32" route="routetop" type="cfm-slow" waiting="0.00" lane="left_0" pos="28.51" speed="27.49" angle="133.18" x="20.78" y="10.11"/>
        <vehicle id="cfm-slow_1" eclass="HBEFA3/PC_G_EU4" CO2="6706.76" CO="83.04" HC="0.55" NOx="2.43" PMx="0.14" fuel="2.88" electricity="0.00" noise="73.38" route="routebottom" type="cfm-slow" waiting="0.00" lane="bottom_0" pos="1.13" speed="28.27" angle="92.43" x="66.18" y="-4.90"/>
        <vehicle id="cfm-slow_2" eclass="HBEFA3/PC_G_EU4" CO2="0.00" CO="0.00" HC="0.00" NOx="0.00" PMx="0.00" fuel="0.00" electricity="0.00" noise="72.50" route="routebottom" type="cfm-slow" waiting="0.00" lane="bottom_0" pos="24.48" speed="28.40" angle="50.45" x="111.37" y="14.36"/>
        <vehicle id="cfm-slow_3" eclass="HBEFA3/PC_G_EU4" CO2="0.00" CO="0.00" HC="0.00" NOx="0.00" PMx="0.00" fuel="0.00" electricity="0.00" noise="71.78" route="routebottom" type="cfm-slow" waiting="0.00" lane="bottom_0" pos="47.90" speed="27.87" angle="8.38" x="132.11" y="59.05"/>
        <vehicle id="cfm-slow_4" eclass="HBEFA3/PC_G_EU4" CO2="0.00" CO="0.00" HC="0.00" NOx="0.00" PMx="0.00" fuel="0.00" electricity="0.00" noise="71.16" route="routebottom" type="cfm-slow" waiting="0.00" lane="right_0" pos="20.72" speed="26.86" angle="327.19" x="118.23" y="105.24"/>
        <vehicle id="cfm-slow_5" eclass="HBEFA3/PC_G_EU4" CO2="0.00" CO="0.00" HC="0.00" NOx="0.00" PMx="0.00" fuel="0.00" electricity="0.00" noise="70.77" route="routebottom" type="cfm-slow" waiting="0.00" lane="right_0" pos="42.49" speed="25.74" angle="288.10" x="79.76" y="130.35"/>
    </timestep>
    <timestep time="8.88">
        <vehicle id="cfm-fast_0" eclass="HBEFA3/PC_G_EU4" CO2="0.00" CO="0.00" HC="0.00" NOx="0.00" PMx="0.00" fuel="0.00" electricity="0.00" noise="70.98" route="routetop" type="cfm-fast" waiting="0.00" lane="top_0" pos="13.38" speed="24.91" angle="250.38" x="35.62" y="126.27"/>
        <vehicle id="cfm-fast_1" eclass="HBEFA3/PC_G_EU4" CO2="216140.36" CO="7176.30" HC="38.33" NOx="100.20" PMx="6.79" fuel="92.91" electricity="0.00" noise="128.12" route="routebottom" type="cfm-fast" waiting="0.00" lane="bottom_1" pos="10.55" speed="103.05" angle="75.50" x="84.92" y="1.91"/>
        <vehicle id="cfm-fast_2" eclass="HBEFA3/PC_G_EU4" CO2="7465.05" CO="82.80" HC="0.56" NOx="2.87" PMx="0.15" fuel="3.21" electricity="0.00" noise="72.17" route="routetop" type="cfm-fast" waiting="0.00" lane="top_0" pos="29.24" speed="24.72" angle="221.87" x="9.16" y="105.32"/>
        <vehicle id="cfm-fast_3" eclass="HBEFA3/PC_G_EU4" CO2="11229.84" CO="162.12" HC="1.02" NOx="4.63" PMx="0.25" fuel="4.83" electricity="0.00" noise="73.77" route="routetop" type="cfm-fast" waiting="0.00" lane="top_0" pos="44.95" speed="25.28" angle="193.69" x="-4.08" y="74.57"/>
        <vehicle id="cfm-fast_4" eclass="HBEFA3/PC_G_EU4" CO2="12564.34" CO="193.82" HC="1.20" NOx="5.23" PMx="0.29" fuel="5.40" electricity="0.00" noise="74.61" route="routetop" type="cfm-fast" waiting="0.00" lane="left_0" pos="11.30" speed="26.36" angle="164.05" x="-0.65" y="39.77"/>
        <vehicle id="cfm-fast_5" eclass="HBEFA3/PC_G_EU4" CO2="111554.45" CO="5364.95" HC="27.51" NOx="50.82" PMx="4.20" fuel="47.95" electricity="0.00" noise="111.92" route="routetop" type="cfm-fast" waiting="0.00" lane="top_1" pos="5.57" speed="107.90" angle="264.47" x="52.26" y="127.96"/>
        <vehicle id="cfm-slow_0" eclass="HBEFA3/PC_G_EU4" CO2="10881.07" CO="164.64" HC="1.02" NOx="4.42" PMx="0.25" fuel="4.68" electricity="0.00" noise="74.31" route="routetop" type="cfm-slow" waiting="0.00" lane="left_0" pos="28.79" speed="27.50" angle="132.67" x="21.25" y="9.75"/>
        <vehicle id="cfm-slow_1" eclass="HBEFA3/PC_G_EU4" CO2="6658.47" CO="82.06" HC="0.54" NOx="2.41" PMx="0.14" fuel="2.86" electricity="0.00" noise="73.37" route="routebottom" type="cfm-slow" waiting="0.00" lane="bottom_0" pos="1.41" speed="28.27" angle="91.94" x="66.79" y="-4.87"/>
        <vehicle id="cfm-slow_2" eclass="HBEFA3/PC_G_EU4" CO2="0.00" CO="0.00" HC="0.00" NOx="0.00" PMx="0.00" fuel="0.00" electricity="0.00" noise="72.49" route="routebottom" type="cfm-slow" waiting="0.00" lane="bottom_0" pos="24.76" speed="28.40" angle="49.93" x="111.80" y="14.79"/>
        <vehicle id="cfm-slow_3" eclass="HBEFA3/PC_G_EU4" CO2="0.00" CO="0.00" HC="0.00" NOx="0.00" PMx="0.00" fuel="0.00" electricity="0.00" noise="71.78" route="routebottom" type="cfm-slow" waiting="0.00" lane="bottom_0" pos="48.17" speed="27.86" angle="7.86" x="132.15" y="59.64"/>
        <vehicle id="cfm-slow_4" eclass="HBEFA3/PC_G_EU4" CO2="0.00" CO="0.00" HC="0.00" NOx="0.00" PMx="0.00" fuel="0.00" electricity="0.00" noise="71.16" route="routebottom" type="cfm-slow" waiting="0.00" lane="right_0" pos="20.99" speed="26.85" angle="326.70" x="117.87" y="105.70"/>
        <vehicle id="cfm-slow_5" eclass="HBEFA3/PC_G_EU4" CO2="0.00" CO="0.00" HC="0.00" NOx="0.00" PMx="0.00" fuel="0.00" electricity="0.00" noise="70.77" route="routebottom" type="cfm-slow" waiting="0.00" lane="right_0" pos="42.75" speed="25.73" angle="287.63" x="79.22" y="130.48"/>
    </timestep>
    <timestep time="8.89">
        <vehicle id="cfm-fast_0" eclass="HBEFA3/PC_G_EU4" CO2="0.00" CO="0.00" HC="0.00" NOx="0.00" PMx="0.00" fuel="0.00" electricity="0.00" noise="70.99" route="routetop" type="cfm-fast" waiting="0.00" lane="top_0" pos="13.63" speed="24.91" angle="249.93" x="35.13" y="126.05"/>
        <vehicle id="cfm-fast_1" eclass="HBEFA3/PC_G_EU4" CO2="215141.54" CO="7159.36" HC="38.23" NOx="99.73" PMx="6.77" fuel="92.48" electricity="0.00" noise="127.96" route="routebottom" type="cfm-fast" waiting="0.00" lane="bottom_1" pos="11.58" speed="103.10" angle="73.65" x="86.90" y="2.63"/>
        <vehicle id="cfm-fast_2" eclass="HBEFA3/PC_G_EU4" CO2="7501.86" CO="83.58" HC="0.57" NOx="2.88" PMx="0.15" fuel="3.22" electricity="0.00" noise="72.18" route="routetop" type="cfm-fast" waiting="0.00" lane="top_0" pos="29.48" speed="24.72" angle="221.47" x="8.83" y="104.90"/>
        <vehicle id="cfm-fast_3" eclass="HBEFA3/PC_G_EU4" CO2="11244.34" CO="162.45" HC="1.02" NOx="4.64" PMx="0.25" fuel="4.83" electricity="0.00" noise="73.78" route="routetop" type="cfm-fast" waiting="0.00" lane="top_0" pos="45.21" speed="25.29" angle="193.22" x="-4.16" y="74.03"/>
        <vehicle id="cfm-fast_4" eclass="HBEFA3/PC_G_EU4" CO2="12549.55" CO="193.56" HC="1.19" NOx="5.23" PMx="0.29" fuel="5.39" electricity="0.00" noise="74.61" route="routetop" type="cfm-fast" waiting="0.00" lane="left_0" pos="11.56" speed="26.37" angle="163.64" x="-0.45" y="39.24"/>
        <vehicle id="cfm-fast_5" eclass="HBEFA3/PC_G_EU4" CO2="111127.21" CO="5356.95" HC="27.46" NOx="50.62" PMx="4.19" fuel="47.77" electricity="0.00" noise="111.86" route="routetop" type="cfm-fast" waiting="0.00" lane="top_1" pos="6.65" speed="107.91" angle="262.53" x="50.09" y="127.54"/>
        <vehicle id="cfm-slow_0" eclass="HBEFA3/PC_G_EU4" CO2="10841.24" CO="163.87" HC="1.02" NOx="4.40" PMx="0.25" fuel="4.66" electricity="0.00" noise="74.29" route="routetop" type="cfm-slow" waiting="0.00" lane="left_0" pos="29.06" speed="27.51" angle="132.16" x="21.72" y="9.38"/>
        <vehicle id="cfm-slow_1" eclass="HBEFA3/PC_G_EU4" CO2="6610.26" CO="81.08" HC="0.54" NOx="2.38" PMx="0.14" fuel="2.84" electricity="0.00" noise="73.36" route="routebottom" type="cfm-slow" waiting="0.00" lane="bottom_0" pos="1.69" speed="28.27" angle="91.44" x="67.40" y="-4.83"/>
        <vehicle id="cfm-slow_2" eclass="HBEFA3/PC_G_EU4" CO2="0.00" CO="0.00" HC="0.00" NOx="0.00" PMx="0.00" fuel="0.00" electricity="0.00" noise="72.49" route="routebottom" type="cfm-slow" waiting="0.00" lane="bottom_0" pos="25.04" speed="28.39" angle="49.40" x="112.24" y="15.23"/>
        <vehicle id="cfm-slow_3" eclass="HBEFA3/PC_G_EU4" CO2="0.00" CO="0.00" HC="0.00" NOx="0.00" PMx="0.00" fuel="0.00" electricity="0.00" noise="71.77" route="routebottom" type="cfm-slow" waiting="0.00" lane="bottom_0" pos="48.45" speed="27.85" angle="7.33" x="132.18" y="60.24"/>
        <vehicle id="cfm-slow_4" eclass="HBEFA3/PC_G_EU4" CO2="0.00" CO="0.00" HC="0.00" NOx="0.00" PMx="0.00" fuel="0.00" electricity="0.00" noise="71.15" route="routebottom" type="cfm-slow" waiting="0.00" lane="right_0" pos="21.26" speed="26.84" angle="326.21" x="117.51" y="106.15"/>
        <vehicle id="cfm-slow_5" eclass="HBEFA3/PC_G_EU4" CO2="0.00" CO="0.00" HC="0.00" NOx="0.00" PMx="0.00" fuel="0.00" electricity="0.00" noise="70.77" route="routebottom" type="cfm-slow" waiting="0.00" lane="right_0" pos="43.01" speed="25.72" angle="287.16" x="78.68" y="130.60"/>
    </timestep>
    <timestep time="8.90">
        <vehicle id="cfm-fast_0" eclass="HBEFA3/PC_G_EU4" CO2="0.00" CO="0.00" HC="0.00" NOx="0.00" PMx="0.00" fuel="0.00" electricity="0.00" noise="71.00" route="routetop" type="cfm-fast" waiting="0.00" lane="top_0" pos="13.88" speed="24.91" angle="249.47" x="34.64" y="125.84"/>
        <vehicle id="cfm-fast_1" eclass="HBEFA3/PC_G_EU4" CO2="214147.17" CO="7142.49" HC="38.12" NOx="99.26" PMx="6.74" fuel="92.05" electricity="0.00" noise="127.79" route="routebottom" type="cfm-fast" waiting="0.00" lane="bottom_1" pos="12.61" speed="103.16" angle="71.79" x="88.87" y="3.42"/>
        <vehicle id="cfm-fast_2" eclass="HBEFA3/PC_G_EU4" CO2="7538.46" CO="84.35" HC="0.57" NOx="2.90" PMx="0.15" fuel="3.24" electricity="0.00" noise="72.20" route="routetop" type="cfm-fast" waiting="0.00" lane="top_0" pos="29.73" speed="24.73" angle="221.02" x="8.52" y="104.47"/>
        <vehicle id="cfm-fast_3" eclass="HBEFA3/PC_G_EU4" CO2="11258.56" CO="162.78" HC="1.02" NOx="4.64" PMx="0.25" fuel="4.84" electricity="0.00" noise="73.78" route="routetop" type="cfm-fast" waiting="0.00" lane="top_0" pos="45.46" speed="25.30" angle="192.76" x="-4.23" y="73.49"/>
        <vehicle id="cfm-fast_4" eclass="HBEFA3/PC_G_EU4" CO2="12534.53" CO="193.30" HC="1.19" NOx="5.22" PMx="0.29" fuel="5.39" electricity="0.00" noise="74.60" route="routetop" type="cfm-fast" waiting="0.00" lane="left_0" pos="11.83" speed="26.39" angle="163.17" x="-0.24" y="38.71"/>
        <vehicle id="cfm-fast_5" eclass="HBEFA3/PC_G_EU4" CO2="110707.50" CO="5349.10" HC="27.42" NOx="50.42" PMx="4.18" fuel="47.59" electricity="0.00" noise="111.79" route="routetop" type="cfm-fast" waiting="0.00" lane="top_1" pos="7.73" speed="107.92" angle="260.52" x="47.93" y="127.04"/>
        <vehicle id="cfm-slow_0" eclass="HBEFA3/PC_G_EU4" CO2="10801.30" CO="163.09" HC="1.01" NOx="4.38" PMx="0.25" fuel="4.64" electricity="0.00" noise="74.28" route="routetop" type="cfm-slow" waiting="0.00" lane="left_0" pos="29.34" speed="27.51" angle="131.64" x="22.18" y="9.02"/>
        <vehicle id="cfm-slow_1" eclass="HBEFA3/PC_G_EU4" CO2="6562.13" CO="80.10" HC="0.53" NOx="2.36" PMx="0.14" fuel="2.82" electricity="0.00" noise="73.35" route="routebottom" type="cfm-slow" waiting="0.00" lane="bottom_0" pos="1.98" speed="28.27" angle="90.93" x="68.01" y="-4.80"/>
        <vehicle id="cfm-slow_2" eclass="HBEFA3/PC_G_EU4" CO2="0.00" CO="0.00" HC="0.00" NOx="0.00" PMx="0.00" fuel="0.00" electricity="0.00" noise="72.48" route="routebottom" type="cfm-slow" waiting="0.00" lane="bottom_0" pos="25.33" speed="28.39" angle="48.87" x="112.67" y="15.66"/>
        <vehicle id="cfm-slow_3" eclass="HBEFA3/PC_G_EU4" CO2="0.00" CO="0.00" HC="0.00" NOx="0.00" PMx="0.00" fuel="0.00" electricity="0.00" noise="71.76" route="routebottom" type="cfm-slow" waiting="0.00" lane="bottom_0" pos="48.73" speed="27.84" angle="6.86" x="132.22" y="60.84"/>
        <vehicle id="cfm-slow_4" eclass="HBEFA3/PC_G_EU4" CO2="0.00" CO="0.00" HC="0.00" NOx="0.00" PMx="0.00" fuel="0.00" electricity="0.00" noise="71.15" route="routebottom" type="cfm-slow" waiting="0.00" lane="right_0" pos="21.52" speed="26.83" angle="325.73" x="117.16" y="106.61"/>
        <vehicle id="cfm-slow_5" eclass="HBEFA3/PC_G_EU4" CO2="0.00" CO="0.00" HC="0.00" NOx="0.00" PMx="0.00" fuel="0.00" electricity="0.00" noise="70.77" route="routebottom" type="cfm-slow" waiting="0.00" lane="right_0" pos="43.26" speed="25.71" angle="286.69" x="78.14" y="130.72"/>
    </timestep>
    <timestep time="8.91">
        <vehicle id="cfm-fast_0" eclass="HBEFA3/PC_G_EU4" CO2="0.00" CO="0.00" HC="0.00" NOx="0.00" PMx="0.00" fuel="0.00" electricity="0.00" noise="71.01" route="routetop" type="cfm-fast" waiting="0.00" lane="top_0" pos="14.13" speed="24.90" angle="249.08" x="34.16" y="125.61"/>
        <vehicle id="cfm-fast_1" eclass="HBEFA3/PC_G_EU4" CO2="213157.28" CO="7125.69" HC="38.02" NOx="98.79" PMx="6.72" fuel="91.63" electricity="0.00" noise="127.63" route="routebottom" type="cfm-fast" waiting="0.00" lane="bottom_1" pos="13.64" speed="103.21" angle="69.96" x="90.81" y="4.27"/>
        <vehicle id="cfm-fast_2" eclass="HBEFA3/PC_G_EU4" CO2="7574.86" CO="85.11" HC="0.58" NOx="2.92" PMx="0.16" fuel="3.26" electricity="0.00" noise="72.21" route="routetop" type="cfm-fast" waiting="0.00" lane="top_0" pos="29.98" speed="24.73" angle="220.56" x="8.21" y="104.04"/>
        <vehicle id="cfm-fast_3" eclass="HBEFA3/PC_G_EU4" CO2="11272.51" CO="163.11" HC="1.02" NOx="4.65" PMx="0.25" fuel="4.85" electricity="0.00" noise="73.79" route="routetop" type="cfm-fast" waiting="0.00" lane="top_0" pos="45.71" speed="25.31" angle="192.29" x="-4.31" y="72.95"/>
        <vehicle id="cfm-fast_4" eclass="HBEFA3/PC_G_EU4" CO2="12519.27" CO="193.04" HC="1.19" NOx="5.21" PMx="0.29" fuel="5.38" electricity="0.00" noise="74.60" route="routetop" type="cfm-fast" waiting="0.00" lane="left_0" pos="12.09" speed="26.40" angle="162.70" x="-0.03" y="38.18"/>
        <vehicle id="cfm-fast_5" eclass="HBEFA3/PC_G_EU4" CO2="110295.19" CO="5341.39" HC="27.37" NOx="50.23" PMx="4.17" fuel="47.41" electricity="0.00" noise="111.73" route="routetop" type="cfm-fast" waiting="0.00" lane="top_1" pos="8.81" speed="107.94" angle="258.60" x="45.79" y="126.48"/>
        <vehicle id="cfm-slow_0" eclass="HBEFA3/PC_G_EU4" CO2="10761.28" CO="162.31" HC="1.01" NOx="4.36" PMx="0.25" fuel="4.63" electricity="0.00" noise="74.27" route="routetop" type="cfm-slow" waiting="0.00" lane="left_0" pos="29.61" speed="27.52" angle="131.20" x="22.65" y="8.66"/>
        <vehicle id="cfm-slow_1" eclass="HBEFA3/PC_G_EU4" CO2="6514.07" CO="79.12" HC="0.53" NOx="2.34" PMx="0.14" fuel="2.80" electricity="0.00" noise="73.34" route="routebottom" type="cfm-slow" waiting="0.00" lane="bottom_0" pos="2.26" speed="28.28" angle="90.42" x="68.61" y="-4.76"/>
        <vehicle id="cfm-slow_2" eclass="HBEFA3/PC_G_EU4" CO2="0.00" CO="0.00" HC="0.00" NOx="0.00" PMx="0.00" fuel="0.00" electricity="0.00" noise="72.47" route="routebottom" type="cfm-slow" waiting="0.00" lane="bottom_0" pos="25.61" speed="28.38" angle="48.40" x="113.10" y="16.09"/>
        <vehicle id="cfm-slow_3" eclass="HBEFA3/PC_G_EU4" CO2="0.00" CO="0.00" HC="0.00" NOx="0.00" PMx="0.00" fuel="0.00" electricity="0.00" noise="71.76" route="routebottom" type="cfm-slow" waiting="0.00" lane="bottom_0" pos="49.01" speed="27.83" angle="6.35" x="132.23" y="61.44"/>
        <vehicle id="cfm-slow_4" eclass="HBEFA3/PC_G_EU4" CO2="0.00" CO="0.00" HC="0.00" NOx="0.00" PMx="0.00" fuel="0.00" electricity="0.00" noise="71.14" route="routebottom" type="cfm-slow" waiting="0.00" lane="right_0" pos="21.79" speed="26.82" angle="325.29" x="116.80" y="107.06"/>
        <vehicle id="cfm-slow_5" eclass="HBEFA3/PC_G_EU4" CO2="0.00" CO="0.00" HC="0.00" NOx="0.00" PMx="0.00" fuel="0.00" electricity="0.00" noise="70.77" route="routebottom" type="cfm-slow" waiting="0.00" lane="right_0" pos="43.52" speed="25.71" angle="286.23" x="77.60" y="130.84"/>
    </timestep>
    <timestep time="8.92">
        <vehicle id="cfm-fast_0" eclass="HBEFA3/PC_G_EU4" CO2="0.00" CO="0.00" HC="0.00" NOx="0.00" PMx="0.00" fuel="0.00" electricity="0.00" noise="71.02" route="routetop" type="cfm-fast" waiting="0.00" lane="top_0" pos="14.38" speed="24.90" angle="248.60" x="33.68" y="125.37"/>
        <vehicle id="cfm-fast_1" eclass="HBEFA3/PC_G_EU4" CO2="212171.92" CO="7108.95" HC="37.92" NOx="98.33" PMx="6.69" fuel="91.20" electricity="0.00" noise="127.47" route="routebottom" type="cfm-fast" waiting="0.00" lane="bottom_1" pos="14.67" speed="103.26" angle="68.10" x="92.72" y="5.18"/>
        <vehicle id="cfm-fast_2" eclass="HBEFA3/PC_G_EU4" CO2="7611.05" CO="85.87" HC="0.58" NOx="2.93" PMx="0.16" fuel="3.27" electricity="0.00" noise="72.23" route="routetop" type="cfm-fast" waiting="0.00" lane="top_0" pos="30.23" speed="24.74" angle="220.10" x="7.90" y="103.61"/>
        <vehicle id="cfm-fast_3" eclass="HBEFA3/PC_G_EU4" CO2="11286.19" CO="163.42" HC="1.03" NOx="4.65" PMx="0.25" fuel="4.85" electricity="0.00" noise="73.80" route="routetop" type="cfm-fast" waiting="0.00" lane="top_0" pos="45.97" speed="25.32" angle="191.82" x="-4.38" y="72.41"/>
        <vehicle id="cfm-fast_4" eclass="HBEFA3/PC_G_EU4" CO2="12503.78" CO="192.77" HC="1.19" NOx="5.21" PMx="0.29" fuel="5.37" electricity="0.00" noise="74.60" route="routetop" type="cfm-fast" waiting="0.00" lane="left_0" pos="12.36" speed="26.41" angle="162.23" x="0.18" y="37.65"/>
        <vehicle id="cfm-fast_5" eclass="HBEFA3/PC_G_EU4" CO2="109890.13" CO="5333.82" HC="27.33" NOx="50.04" PMx="4.16" fuel="47.24" electricity="0.00" noise="111.67" route="routetop" type="cfm-fast" waiting="0.00" lane="top_1" pos="9.89" speed="107.95" angle="256.69" x="43.67" y="125.84"/>
        <vehicle id="cfm-slow_0" eclass="HBEFA3/PC_G_EU4" CO2="10721.15" CO="161.52" HC="1.00" NOx="4.34" PMx="0.25" fuel="4.61" electricity="0.00" noise="74.26" route="routetop" type="cfm-slow" waiting="0.00" lane="left_0" pos="29.89" speed="27.53" angle="130.70" x="23.13" y="8.32"/>
        <vehicle id="cfm-slow_1" eclass="HBEFA3/PC_G_EU4" CO2="6466.10" CO="78.14" HC="0.52" NOx="2.31" PMx="0.14" fuel="2.78" electricity="0.00" noise="73.33" route="routebottom" type="cfm-slow" waiting="0.00" lane="bottom_0" pos="2.54" speed="28.28" angle="89.94" x="69.22" y="-4.73"/>
        <vehicle id="cfm-slow_2" eclass="HBEFA3/PC_G_EU4" CO2="0.00" CO="0.00" HC="0.00" NOx="0.00" PMx="0.00" fuel="0.00" electricity="0.00" noise="72.46" route="routebottom" type="cfm-slow" waiting="0.00" lane="bottom_0" pos="25.90" speed="28.38" angle="47.89" x="113.52" y="16.54"/>
        <vehicle id="cfm-slow_3" eclass="HBEFA3/PC_G_EU4" CO2="0.00" CO="0.00" HC="0.00" NOx="0.00" PMx="0.00" fuel="0.00" electricity="0.00" noise="71.75" route="routebottom" type="cfm-slow" waiting="0.00" lane="bottom_0" pos="49.29" speed="27.82" angle="5.83" x="132.24" y="62.04"/>
        <vehicle id="cfm-slow_4" eclass="HBEFA3/PC_G_EU4" CO2="0.00" CO="0.00" HC="0.00" NOx="0.00" PMx="0.00" fuel="0.00" electricity="0.00" noise="71.14" route="routebottom" type="cfm-slow" waiting="0.00" lane="right_0" pos="22.06" speed="26.81" angle="324.78" x="116.43" y="107.50"/>
        <vehicle id="cfm-slow_5" eclass="HBEFA3/PC_G_EU4" CO2="0.00" CO="0.00" HC="0.00" NOx="0.00" PMx="0.00" fuel="0.00" electricity="0.00" noise="70.77" route="routebottom" type="cfm-slow" waiting="0.00" lane="right_0" pos="43.78" speed="25.70" angle="285.79" x="77.06" y="130.95"/>
    </timestep>
    <timestep time="8.93">
        <vehicle id="cfm-fast_0" eclass="HBEFA3/PC_G_EU4" CO2="0.00" CO="0.00" HC="0.00" NOx="0.00" PMx="0.00" fuel="0.00" electricity="0.00" noise="71.03" route="routetop" type="cfm-fast" waiting="0.00" lane="top_0" pos="14.63" speed="24.90" angle="248.13" x="33.20" y="125.13"/>
        <vehicle id="cfm-fast_1" eclass="HBEFA3/PC_G_EU4" CO2="211191.12" CO="7092.28" HC="37.82" NOx="97.86" PMx="6.67" fuel="90.78" electricity="0.00" noise="127.31" route="routebottom" type="cfm-fast" waiting="0.00" lane="bottom_1" pos="15.71" speed="103.31" angle="66.25" x="94.60" y="6.15"/>
        <vehicle id="cfm-fast_2" eclass="HBEFA3/PC_G_EU4" CO2="7647.03" CO="86.63" HC="0.58" NOx="2.95" PMx="0.16" fuel="3.29" electricity="0.00" noise="72.24" route="routetop" type="cfm-fast" waiting="0.00" lane="top_0" pos="30.47" speed="24.74" angle="219.64" x="7.58" y="103.18"/>
        <vehicle id="cfm-fast_3" eclass="HBEFA3/PC_G_EU4" CO2="11299.60" CO="163.74" HC="1.03" NOx="4.66" PMx="0.25" fuel="4.86" electricity="0.00" noise="73.81" route="routetop" type="cfm-fast" waiting="0.00" lane="top_0" pos="46.22" speed="25.33" angle="191.41" x="-4.46" y="71.87"/>
        <vehicle id="cfm-fast_4" eclass="HBEFA3/PC_G_EU4" CO2="12488.05" CO="192.50" HC="1.19" NOx="5.20" PMx="0.29" fuel="5.37" electricity="0.00" noise="74.59" route="routetop" type="cfm-fast" waiting="0.00" lane="left_0" pos="12.62" speed="26.42" angle="161.76" x="0.39" y="37.13"/>
        <vehicle id="cfm-fast_5" eclass="HBEFA3/PC_G_EU4" CO2="109492.20" CO="5326.38" HC="27.28" NOx="49.85" PMx="4.15" fuel="47.07" electricity="0.00" noise="111.61" route="routetop" type="cfm-fast" waiting="0.00" lane="top_1" pos="10.97" speed="107.96" angle="254.68" x="41.58" y="125.11"/>
        <vehicle id="cfm-slow_0" eclass="HBEFA3/PC_G_EU4" CO2="10680.94" CO="160.74" HC="1.00" NOx="4.32" PMx="0.24" fuel="4.59" electricity="0.00" noise="74.25" route="routetop" type="cfm-slow" waiting="0.00" lane="left_0" pos="30.17" speed="27.54" angle="130.19" x="23.62" y="7.97"/>
        <vehicle id="cfm-slow_1" eclass="HBEFA3/PC_G_EU4" CO2="6418.20" CO="77.16" HC="0.51" NOx="2.29" PMx="0.14" fuel="2.76" electricity="0.00" noise="73.32" route="routebottom" type="cfm-slow" waiting="0.00" lane="bottom_0" pos="2.82" speed="28.28" angle="89.43" x="69.83" y="-4.66"/>
        <vehicle id="cfm-slow_2" eclass="HBEFA3/PC_G_EU4" CO2="0.00" CO="0.00" HC="0.00" NOx="0.00" PMx="0.00" fuel="0.00" electricity="0.00" noise="72.45" route="routebottom" type="cfm-slow" waiting="0.00" lane="bottom_0" pos="26.18" speed="28.37" angle="47.37" x="113.93" y="16.98"/>
        <vehicle id="cfm-slow_3" eclass="HBEFA3/PC_G_EU4" CO2="0.00" CO="0.00" HC="0.00" NOx="0.00" PMx="0.00" fuel="0.00" electricity="0.00" noise="71.75" route="routebottom" type="cfm-slow" waiting="0.00" lane="bottom_0" pos="49.57" speed="27.81" angle="5.31" x="132.25" y="62.64"/>
        <vehicle id="cfm-slow_4" eclass="HBEFA3/PC_G_EU4" CO2="0.00" CO="0.00" HC="0.00" NOx="0.00" PMx="0.00" fuel="0.00" electricity="0.00" noise="71.14" route="routebottom" type="cfm-slow" waiting="0.00" lane="right_0" pos="22.33" speed="26.80" angle="324.27" x="116.06" y="107.94"/>
        <vehicle id="cfm-slow_5" eclass="HBEFA3/PC_G_EU4" CO2="0.00" CO="0.00" HC="0.00" NOx="0.00" PMx="0.00" fuel="0.00" electricity="0.00" noise="70.77" route="routebottom" type="cfm-slow" waiting="0.00" lane="right_0" pos="44.04" speed="25.69" angle="285.30" x="76.51" y="131.05"/>
    </timestep>
    <timestep time="8.94">
        <vehicle id="cfm-fast_0" eclass="HBEFA3/PC_G_EU4" CO2="0.00" CO="0.00" HC="0.00" NOx="0.00" PMx="0.00" fuel="0.00" electricity="0.00" noise="71.04" route="routetop" type="cfm-fast" waiting="0.00" lane="top_0" pos="14.88" speed="24.90" angle="247.65" x="32.72" y="124.89"/>
        <vehicle id="cfm-fast_1" eclass="HBEFA3/PC_G_EU4" CO2="210214.92" CO="7075.67" HC="37.72" NOx="97.40" PMx="6.65" fuel="90.36" electricity="0.00" noise="127.15" route="routebottom" type="cfm-fast" waiting="0.00" lane="bottom_1" pos="16.74" speed="103.36" angle="64.41" x="96.45" y="7.18"/>
        <vehicle id="cfm-fast_2" eclass="HBEFA3/PC_G_EU4" CO2="7682.81" CO="87.38" HC="0.59" NOx="2.97" PMx="0.16" fuel="3.30" electricity="0.00" noise="72.26" route="routetop" type="cfm-fast" waiting="0.00" lane="top_0" pos="30.72" speed="24.75" angle="219.22" x="7.27" y="102.74"/>
        <vehicle id="cfm-fast_3" eclass="HBEFA3/PC_G_EU4" CO2="11312.74" CO="164.04" HC="1.03" NOx="4.67" PMx="0.25" fuel="4.86" electricity="0.00" noise="73.82" route="routetop" type="cfm-fast" waiting="0.00" lane="top_0" pos="46.47" speed="25.34" angle="190.95" x="-4.51" y="71.33"/>
        <vehicle id="cfm-fast_4" eclass="HBEFA3/PC_G_EU4" CO2="12472.10" CO="192.22" HC="1.19" NOx="5.19" PMx="0.29" fuel="5.36" electricity="0.00" noise="74.59" route="routetop" type="cfm-fast" waiting="0.00" lane="left_0" pos="12.88" speed="26.43" angle="161.34" x="0.61" y="36.60"/>
        <vehicle id="cfm-fast_5" eclass="HBEFA3/PC_G_EU4" CO2="109101.27" CO="5319.08" HC="27.24" NOx="49.66" PMx="4.14" fuel="46.90" electricity="0.00" noise="111.55" route="routetop" type="cfm-fast" waiting="0.00" lane="top_1" pos="12.05" speed="107.97" angle="252.75" x="39.51" y="124.32"/>
        <vehicle id="cfm-slow_0" eclass="HBEFA3/PC_G_EU4" CO2="10640.63" CO="159.95" HC="1.00" NOx="4.30" PMx="0.24" fuel="4.57" electricity="0.00" noise="74.24" route="routetop" type="cfm-slow" waiting="0.00" lane="left_0" pos="30.44" speed="27.55" angle="129.69" x="24.10" y="7.62"/>
        <vehicle id="cfm-slow_1" eclass="HBEFA3/PC_G_EU4" CO2="6370.39" CO="76.19" HC="0.51" NOx="2.27" PMx="0.13" fuel="2.74" electricity="0.00" noise="73.31" route="routebottom" type="cfm-slow" waiting="0.00" lane="bottom_0" pos="3.11" speed="28.28" angle="88.92" x="70.43" y="-4.60"/>
        <vehicle id="cfm-slow_2" eclass="HBEFA3/PC_G_EU4" CO2="0.00" CO="0.00" HC="0.00" NOx="0.00" PMx="0.00" fuel="0.00" electricity="0.00" noise="72.45" route="routebottom" type="cfm-slow" waiting="0.00" lane="bottom_0" pos="26.46" speed="28.37" angle="46.85" x="114.35" y="17.43"/>
        <vehicle id="cfm-slow_3" eclass="HBEFA3/PC_G_EU4" CO2="0.00" CO="0.00" HC="0.00" NOx="0.00" PMx="0.00" fuel="0.00" electricity="0.00" noise="71.74" route="routebottom" type="cfm-slow" waiting="0.00" lane="bottom_0" pos="49.84" speed="27.80" angle="4.80" x="132.26" y="63.23"/>
        <vehicle id="cfm-slow_4" eclass="HBEFA3/PC_G_EU4" CO2="0.00" CO="0.00" HC="0.00" NOx="0.00" PMx="0.00" fuel="0.00" electricity="0.00" noise="71.13" route="routebottom" type="cfm-slow" waiting="0.00" lane="right_0" pos="22.60" speed="26.79" angle="323.76" x="115.68" y="108.38"/>
        <vehicle id="cfm-slow_5" eclass="HBEFA3/PC_G_EU4" CO2="0.00" CO="0.00" HC="0.00" NOx="0.00" PMx="0.00" fuel="0.00" electricity="0.00" noise="70.77" route="routebottom" type="cfm-slow" waiting="0.00" lane="right_0" pos="44.29" speed="25.68" angle="284.81" x="75.97" y="131.15"/>
    </timestep>
    <timestep time="8.95">
        <vehicle id="cfm-fast_0" eclass="HBEFA3/PC_G_EU4" CO2="0.00" CO="0.00" HC="0.00" NOx="0.00" PMx="0.00" fuel="0.00" electricity="0.00" noise="71.05" route="routetop" type="cfm-fast" waiting="0.00" lane="top_0" pos="15.13" speed="24.90" angle="247.17" x="32.24" y="124.65"/>
        <vehicle id="cfm-fast_1" eclass="HBEFA3/PC_G_EU4" CO2="209243.36" CO="7059.14" HC="37.62" NOx="96.94" PMx="6.62" fuel="89.94" electricity="0.00" noise="127.00" route="routebottom" type="cfm-fast" waiting="0.00" lane="bottom_1" pos="17.77" speed="103.41" angle="62.46" x="98.27" y="8.28"/>
        <vehicle id="cfm-fast_2" eclass="HBEFA3/PC_G_EU4" CO2="7718.37" CO="88.13" HC="0.59" NOx="2.98" PMx="0.16" fuel="3.32" electricity="0.00" noise="72.27" route="routetop" type="cfm-fast" waiting="0.00" lane="top_0" pos="30.97" speed="24.76" angle="218.79" x="6.98" y="102.30"/>
        <vehicle id="cfm-fast_3" eclass="HBEFA3/PC_G_EU4" CO2="11325.62" CO="164.35" HC="1.03" NOx="4.67" PMx="0.25" fuel="4.87" electricity="0.00" noise="73.83" route="routetop" type="cfm-fast" waiting="0.00" lane="top_0" pos="46.73" speed="25.35" angle="190.48" x="-4.57" y="70.79"/>
        <vehicle id="cfm-fast_4" eclass="HBEFA3/PC_G_EU4" CO2="12455.91" CO="191.93" HC="1.19" NOx="5.18" PMx="0.29" fuel="5.35" electricity="0.00" noise="74.58" route="routetop" type="cfm-fast" waiting="0.00" lane="left_0" pos="13.15" speed="26.44" angle="160.85" x="0.84" y="36.08"/>
        <vehicle id="cfm-fast_5" eclass="HBEFA3/PC_G_EU4" CO2="108717.19" CO="5311.91" HC="27.20" NOx="49.48" PMx="4.13" fuel="46.73" electricity="0.00" noise="111.49" route="routetop" type="cfm-fast" waiting="0.00" lane="top_1" pos="13.13" speed="107.98" angle="250.87" x="37.47" y="123.48"/>
        <vehicle id="cfm-slow_0" eclass="HBEFA3/PC_G_EU4" CO2="10600.23" CO="159.16" HC="0.99" NOx="4.28" PMx="0.24" fuel="4.56" electricity="0.00" noise="74.23" route="routetop" type="cfm-slow" waiting="0.00" lane="left_0" pos="30.72" speed="27.55" angle="129.22" x="24.58" y="7.27"/>
        <vehicle id="cfm-slow_1" eclass="HBEFA3/PC_G_EU4" CO2="6322.67" CO="75.22" HC="0.50" NOx="2.25" PMx="0.13" fuel="2.72" electricity="0.00" noise="73.30" route="routebottom" type="cfm-slow" waiting="0.00" lane="bottom_0" pos="3.39" speed="28.28" angle="88.41" x="71.04" y="-4.54"/>
        <vehicle id="cfm-slow_2" eclass="HBEFA3/PC_G_EU4" CO2="0.00" CO="0.00" HC="0.00" NOx="0.00" PMx="0.00" fuel="0.00" electricity="0.00" noise="72.44" route="routebottom" type="cfm-slow" waiting="0.00" lane="bottom_0" pos="26.75" speed="28.36" angle="46.34" x="114.76" y="17.88"/>
        <vehicle id="cfm-slow_3" eclass="HBEFA3/PC_G_EU4" CO2="0.00" CO="0.00" HC="0.00" NOx="0.00" PMx="0.00" fuel="0.00" electricity="0.00" noise="71.73" route="routebottom" type="cfm-slow" waiting="0.00" lane="right_0" pos="0.12" speed="27.79" angle="4.25" x="132.27" y="64.02"/>
        <vehicle id="cfm-slow_4" eclass="HBEFA3/PC_G_EU4" CO2="0.00" CO="0.00" HC="0.00" NOx="0.00" PMx="0.00" fuel="0.00" electricity="0.00" noise="71.13" route="routebottom" type="cfm-slow" waiting="0.00" lane="right_0" pos="22.86" speed="26.78" angle="323.25" x="115.31" y="108.82"/>
        <vehicle id="cfm-slow_5" eclass="HBEFA3/PC_G_EU4" CO2="0.00" CO="0.00" HC="0.00" NOx="0.00" PMx="0.00" fuel="0.00" electricity="0.00" noise="70.77" route="routebottom" type="cfm-slow" waiting="0.00" lane="right_0" pos="44.55" speed="25.67" angle="284.32" x="75.43" y="131.25"/>
    </timestep>
    <timestep time="8.96">
        <vehicle id="cfm-fast_0" eclass="HBEFA3/PC_G_EU4" CO2="0.00" CO="0.00" HC="0.00" NOx="0.00" PMx="0.00" fuel="0.00" electricity="0.00" noise="71.05" route="routetop" type="cfm-fast" waiting="0.00" lane="top_0" pos="15.38" speed="24.90" angle="246.77" x="31.77" y="124.41"/>
        <vehicle id="cfm-fast_1" eclass="HBEFA3/PC_G_EU4" CO2="208276.47" CO="7042.68" HC="37.53" NOx="96.49" PMx="6.60" fuel="89.53" electricity="0.00" noise="126.84" route="routebottom" type="cfm-fast" waiting="0.00" lane="bottom_1" pos="18.81" speed="103.46" angle="60.57" x="100.04" y="9.44"/>
        <vehicle id="cfm-fast_2" eclass="HBEFA3/PC_G_EU4" CO2="7753.73" CO="88.87" HC="0.60" NOx="3.00" PMx="0.16" fuel="3.33" electricity="0.00" noise="72.28" route="routetop" type="cfm-fast" waiting="0.00" lane="top_0" pos="31.22" speed="24.76" angle="218.35" x="6.68" y="101.86"/>
        <vehicle id="cfm-fast_3" eclass="HBEFA3/PC_G_EU4" CO2="11338.22" CO="164.64" HC="1.03" NOx="4.68" PMx="0.26" fuel="4.87" electricity="0.00" noise="73.84" route="routetop" type="cfm-fast" waiting="0.00" lane="top_0" pos="46.98" speed="25.36" angle="190.02" x="-4.62" y="70.25"/>
        <vehicle id="cfm-fast_4" eclass="HBEFA3/PC_G_EU4" CO2="12439.50" CO="191.65" HC="1.18" NOx="5.17" PMx="0.29" fuel="5.35" electricity="0.00" noise="74.58" route="routetop" type="cfm-fast" waiting="0.00" lane="left_0" pos="13.41" speed="26.45" angle="160.35" x="1.08" y="35.56"/>
        <vehicle id="cfm-fast_5" eclass="HBEFA3/PC_G_EU4" CO2="108339.86" CO="5304.87" HC="27.16" NOx="49.30" PMx="4.12" fuel="46.57" electricity="0.00" noise="111.44" route="routetop" type="cfm-fast" waiting="0.00" lane="top_1" pos="14.21" speed="107.99" angle="248.91" x="35.45" y="122.57"/>
        <vehicle id="cfm-slow_0" eclass="HBEFA3/PC_G_EU4" CO2="10559.75" CO="158.37" HC="0.99" NOx="4.26" PMx="0.24" fuel="4.54" electricity="0.00" noise="74.22" route="routetop" type="cfm-slow" waiting="0.00" lane="left_0" pos="30.99" speed="27.56" angle="128.75" x="25.07" y="6.94"/>
        <vehicle id="cfm-slow_1" eclass="HBEFA3/PC_G_EU4" CO2="6275.03" CO="74.24" HC="0.50" NOx="2.22" PMx="0.13" fuel="2.70" electricity="0.00" noise="73.29" route="routebottom" type="cfm-slow" waiting="0.00" lane="bottom_0" pos="3.67" speed="28.28" angle="87.91" x="71.64" y="-4.48"/>
        <vehicle id="cfm-slow_2" eclass="HBEFA3/PC_G_EU4" CO2="0.00" CO="0.00" HC="0.00" NOx="0.00" PMx="0.00" fuel="0.00" electricity="0.00" noise="72.43" route="routebottom" type="cfm-slow" waiting="0.00" lane="bottom_0" pos="27.03" speed="28.36" angle="45.88" x="115.17" y="18.33"/>
        <vehicle id="cfm-slow_3" eclass="HBEFA3/PC_G_EU4" CO2="0.00" CO="0.00" HC="0.00" NOx="0.00" PMx="0.00" fuel="0.00" electricity="0.00" noise="71.73" route="routebottom" type="cfm-slow" waiting="0.00" lane="right_0" pos="0.40" speed="27.78" angle="3.74" x="132.25" y="64.62"/>
        <vehicle id="cfm-slow_4" eclass="HBEFA3/PC_G_EU4" CO2="0.00" CO="0.00" HC="0.00" NOx="0.00" PMx="0.00" fuel="0.00" electricity="0.00" noise="71.12" route="routebottom" type="cfm-slow" waiting="0.00" lane="right_0" pos="23.13" speed="26.76" angle="322.83" x="114.93" y="109.25"/>
        <vehicle id="cfm-slow_5" eclass="HBEFA3/PC_G_EU4" CO2="0.00" CO="0.00" HC="0.00" NOx="0.00" PMx="0.00" fuel="0.00" electricity="0.00" noise="70.77" route="routebottom" type="cfm-slow" waiting="0.00" lane="right_0" pos="44.81" speed="25.67" angle="283.86" x="74.88" y="131.35"/>
    </timestep>
    <timestep time="8.97">
        <vehicle id="cfm-fast_0" eclass="HBEFA3/PC_G_EU4" CO2="0.00" CO="0.00" HC="0.00" NOx="0.00" PMx="0.00" fuel="0.00" electricity="0.00" noise="71.06" route="routetop" type="cfm-fast" waiting="0.00" lane="top_0" pos="15.62" speed="24.89" angle="246.33" x="31.30" y="124.15"/>
        <vehicle id="cfm-fast_1" eclass="HBEFA3/PC_G_EU4" CO2="207314.28" CO="7026.29" HC="37.43" NOx="96.03" PMx="6.57" fuel="89.12" electricity="0.00" noise="126.69" route="routebottom" type="cfm-fast" waiting="0.00" lane="bottom_1" pos="19.84" speed="103.51" angle="58.71" x="101.78" y="10.65"/>
        <vehicle id="cfm-fast_2" eclass="HBEFA3/PC_G_EU4" CO2="7788.88" CO="89.62" HC="0.60" NOx="3.02" PMx="0.16" fuel="3.35" electricity="0.00" noise="72.30" route="routetop" type="cfm-fast" waiting="0.00" lane="top_0" pos="31.46" speed="24.77" angle="217.90" x="6.38" y="101.41"/>
        <vehicle id="cfm-fast_3" eclass="HBEFA3/PC_G_EU4" CO2="11350.56" CO="164.93" HC="1.03" NOx="4.68" PMx="0.26" fuel="4.88" electricity="0.00" noise="73.84" route="routetop" type="cfm-fast" waiting="0.00" lane="top_0" pos="47.23" speed="25.37" angle="189.55" x="-4.68" y="69.70"/>
        <vehicle id="cfm-fast_4" eclass="HBEFA3/PC_G_EU4" CO2="12422.86" CO="191.35" HC="1.18" NOx="5.17" PMx="0.29" fuel="5.34" electricity="0.00" noise="74.58" route="routetop" type="cfm-fast" waiting="0.00" lane="left_0" pos="13.68" speed="26.46" angle="159.86" x="1.31" y="35.04"/>
        <vehicle id="cfm-fast_5" eclass="HBEFA3/PC_G_EU4" CO2="107969.13" CO="5297.95" HC="27.12" NOx="49.13" PMx="4.11" fuel="46.41" electricity="0.00" noise="111.38" route="routetop" type="cfm-fast" waiting="0.00" lane="top_1" pos="15.29" speed="108.00" angle="246.93" x="33.47" y="121.57"/>
        <vehicle id="cfm-slow_0" eclass="HBEFA3/PC_G_EU4" CO2="10519.18" CO="157.57" HC="0.98" NOx="4.24" PMx="0.24" fuel="4.52" electricity="0.00" noise="74.21" route="routetop" type="cfm-slow" waiting="0.00" lane="left_0" pos="31.27" speed="27.57" angle="128.25" x="25.56" y="6.61"/>
        <vehicle id="cfm-slow_1" eclass="HBEFA3/PC_G_EU4" CO2="6227.48" CO="73.27" HC="0.49" NOx="2.20" PMx="0.13" fuel="2.68" electricity="0.00" noise="73.28" route="routebottom" type="cfm-slow" waiting="0.00" lane="bottom_0" pos="3.96" speed="28.29" angle="87.41" x="72.25" y="-4.41"/>
        <vehicle id="cfm-slow_2" eclass="HBEFA3/PC_G_EU4" CO2="0.00" CO="0.00" HC="0.00" NOx="0.00" PMx="0.00" fuel="0.00" electricity="0.00" noise="72.42" route="routebottom" type="cfm-slow" waiting="0.00" lane="bottom_0" pos="27.31" speed="28.35" angle="45.35" x="115.56" y="18.80"/>
        <vehicle id="cfm-slow_3" eclass="HBEFA3/PC_G_EU4" CO2="0.00" CO="0.00" HC="0.00" NOx="0.00" PMx="0.00" fuel="0.00" electricity="0.00" noise="71.72" route="routebottom" type="cfm-slow" waiting="0.00" lane="right_0" pos="0.68" speed="27.77" angle="3.24" x="132.24" y="65.22"/>
        <vehicle id="cfm-slow_4" eclass="HBEFA3/PC_G_EU4" CO2="0.00" CO="0.00" HC="0.00" NOx="0.00" PMx="0.00" fuel="0.00" electricity="0.00" noise="71.12" route="routebottom" type="cfm-slow" waiting="0.00" lane="right_0" pos="23.40" speed="26.75" angle="322.35" x="114.54" y="109.68"/>
        <vehicle id="cfm-slow_5" eclass="HBEFA3/PC_G_EU4" CO2="0.00" CO="0.00" HC="0.00" NOx="0.00" PMx="0.00" fuel="0.00" electricity="0.00" noise="70.77" route="routebottom" type="cfm-slow" waiting="0.00" lane="right_0" pos="45.06" speed="25.66" angle="283.44" x="74.34" y="131.44"/>
    </timestep>
    <timestep time="8.98">
        <vehicle id="cfm-fast_0" eclass="HBEFA3/PC_G_EU4" CO2="0.00" CO="0.00" HC="0.00" NOx="0.00" PMx="0.00" fuel="0.00" electricity="0.00" noise="71.07" route="routetop" type="cfm-fast" waiting="0.00" lane="top_0" pos="15.87" speed="24.89" angle="245.88" x="30.83" y="123.89"/>
        <vehicle id="cfm-fast_1" eclass="HBEFA3/PC_G_EU4" CO2="206356.83" CO="7009.96" HC="37.33" NOx="95.58" PMx="6.55" fuel="88.70" electricity="0.00" noise="126.53" route="routebottom" type="cfm-fast" waiting="0.00" lane="bottom_1" pos="20.88" speed="103.56" angle="56.88" x="103.49" y="11.92"/>
        <vehicle id="cfm-fast_2" eclass="HBEFA3/PC_G_EU4" CO2="7823.81" CO="90.35" HC="0.61" NOx="3.03" PMx="0.16" fuel="3.36" electricity="0.00" noise="72.31" route="routetop" type="cfm-fast" waiting="0.00" lane="top_0" pos="31.71" speed="24.77" angle="217.45" x="6.09" y="100.97"/>
        <vehicle id="cfm-fast_3" eclass="HBEFA3/PC_G_EU4" CO2="11362.62" CO="165.22" HC="1.04" NOx="4.69" PMx="0.26" fuel="4.88" electricity="0.00" noise="73.85" route="routetop" type="cfm-fast" waiting="0.00" lane="top_0" pos="47.49" speed="25.38" angle="189.14" x="-4.73" y="69.16"/>
        <vehicle id="cfm-fast_4" eclass="HBEFA3/PC_G_EU4" CO2="12405.99" CO="191.06" HC="1.18" NOx="5.16" PMx="0.29" fuel="5.33" electricity="0.00" noise="74.57" route="routetop" type="cfm-fast" waiting="0.00" lane="left_0" pos="13.94" speed="26.48" angle="159.37" x="1.55" y="34.52"/>
        <vehicle id="cfm-fast_5" eclass="HBEFA3/PC_G_EU4" CO2="107604.90" CO="5291.16" HC="27.08" NOx="48.96" PMx="4.10" fuel="46.26" electricity="0.00" noise="111.33" route="routetop" type="cfm-fast" waiting="0.00" lane="top_1" pos="16.37" speed="108.01" angle="245.03" x="31.53" y="120.51"/>
        <vehicle id="cfm-slow_0" eclass="HBEFA3/PC_G_EU4" CO2="10478.52" CO="156.77" HC="0.98" NOx="4.22" PMx="0.24" fuel="4.50" electricity="0.00" noise="74.20" route="routetop" type="cfm-slow" waiting="0.00" lane="left_0" pos="31.54" speed="27.58" angle="127.75" x="26.06" y="6.29"/>
        <vehicle id="cfm-slow_1" eclass="HBEFA3/PC_G_EU4" CO2="6180.02" CO="72.30" HC="0.49" NOx="2.18" PMx="0.13" fuel="2.66" electricity="0.00" noise="73.27" route="routebottom" type="cfm-slow" waiting="0.00" lane="bottom_0" pos="4.24" speed="28.29" angle="86.90" x="72.85" y="-4.32"/>
        <vehicle id="cfm-slow_2" eclass="HBEFA3/PC_G_EU4" CO2="0.00" CO="0.00" HC="0.00" NOx="0.00" PMx="0.00" fuel="0.00" electricity="0.00" noise="72.42" route="routebottom" type="cfm-slow" waiting="0.00" lane="bottom_0" pos="27.60" speed="28.35" angle="44.82" x="115.95" y="19.27"/>
        <vehicle id="cfm-slow_3" eclass="HBEFA3/PC_G_EU4" CO2="0.00" CO="0.00" HC="0.00" NOx="0.00" PMx="0.00" fuel="0.00" electricity="0.00" noise="71.72" route="routebottom" type="cfm-slow" waiting="0.00" lane="right_0" pos="0.96" speed="27.76" angle="2.74" x="132.23" y="65.81"/>
        <vehicle id="cfm-slow_4" eclass="HBEFA3/PC_G_EU4" CO2="0.00" CO="0.00" HC="0.00" NOx="0.00" PMx="0.00" fuel="0.00" electricity="0.00" noise="71.12" route="routebottom" type="cfm-slow" waiting="0.00" lane="right_0" pos="23.67" speed="26.74" angle="321.87" x="114.15" y="110.10"/>
        <vehicle id="cfm-slow_5" eclass="HBEFA3/PC_G_EU4" CO2="0.00" CO="0.00" HC="0.00" NOx="0.00" PMx="0.00" fuel="0.00" electricity="0.00" noise="70.77" route="routebottom" type="cfm-slow" waiting="0.00" lane="right_0" pos="45.32" speed="25.65" angle="282.98" x="73.79" y="131.51"/>
    </timestep>
    <timestep time="8.99">
        <vehicle id="cfm-fast_0" eclass="HBEFA3/PC_G_EU4" CO2="0.00" CO="0.00" HC="0.00" NOx="0.00" PMx="0.00" fuel="0.00" electricity="0.00" noise="71.08" route="routetop" type="cfm-fast" waiting="0.00" lane="top_0" pos="16.12" speed="24.89" angle="245.43" x="30.36" y="123.63"/>
        <vehicle id="cfm-fast_1" eclass="HBEFA3/PC_G_EU4" CO2="205404.13" CO="6993.72" HC="37.23" NOx="95.13" PMx="6.53" fuel="88.29" electricity="0.00" noise="126.38" route="routebottom" type="cfm-fast" waiting="0.00" lane="bottom_1" pos="21.91" speed="103.61" angle="55.04" x="105.15" y="13.23"/>
        <vehicle id="cfm-fast_2" eclass="HBEFA3/PC_G_EU4" CO2="7858.54" CO="91.08" HC="0.61" NOx="3.05" PMx="0.16" fuel="3.38" electricity="0.00" noise="72.33" route="routetop" type="cfm-fast" waiting="0.00" lane="top_0" pos="31.96" speed="24.78" angle="217.02" x="5.79" y="100.53"/>
        <vehicle id="cfm-fast_3" eclass="HBEFA3/PC_G_EU4" CO2="11374.42" CO="165.50" HC="1.04" NOx="4.69" PMx="0.26" fuel="4.89" electricity="0.00" noise="73.86" route="routetop" type="cfm-fast" waiting="0.00" lane="top_0" pos="47.74" speed="25.40" angle="188.66" x="-4.76" y="68.61"/>
        <vehicle id="cfm-fast_4" eclass="HBEFA3/PC_G_EU4" CO2="12388.89" CO="190.75" HC="1.18" NOx="5.15" PMx="0.29" fuel="5.33" electricity="0.00" noise="74.57" route="routetop" type="cfm-fast" waiting="0.00" lane="left_0" pos="14.21" speed="26.49" angle="158.94" x="1.79" y="34.01"/>
        <vehicle id="cfm-fast_5" eclass="HBEFA3/PC_G_EU4" CO2="107247.04" CO="5284.49" HC="27.04" NOx="48.79" PMx="4.09" fuel="46.10" electricity="0.00" noise="111.27" route="routetop" type="cfm-fast" waiting="0.00" lane="top_1" pos="17.45" speed="108.02" angle="243.11" x="29.62" y="119.39"/>
        <vehicle id="cfm-slow_0" eclass="HBEFA3/PC_G_EU4" CO2="10437.78" CO="155.98" HC="0.97" NOx="4.20" PMx="0.24" fuel="4.49" electricity="0.00" noise="74.18" route="routetop" type="cfm-slow" waiting="0.00" lane="left_0" pos="31.82" speed="27.58" angle="127.25" x="26.55" y="5.96"/>
        <vehicle id="cfm-slow_1" eclass="HBEFA3/PC_G_EU4" CO2="6132.65" CO="71.33" HC="0.48" NOx="2.16" PMx="0.13" fuel="2.64" electricity="0.00" noise="73.26" route="routebottom" type="cfm-slow" waiting="0.00" lane="bottom_0" pos="4.52" speed="28.29" angle="86.39" x="73.45" y="-4.24"/>
        <vehicle id="cfm-slow_2" eclass="HBEFA3/PC_G_EU4" CO2="0.00" CO="0.00" HC="0.00" NOx="0.00" PMx="0.00" fuel="0.00" electricity="0.00" noise="72.41" route="routebottom" type="cfm-slow" waiting="0.00" lane="bottom_0" pos="27.88" speed="28.34" angle="44.29" x="116.35" y="19.73"/>
        <vehicle id="cfm-slow_3" eclass="HBEFA3/PC_G_EU4" CO2="0.00" CO="0.00" HC="0.00" NOx="0.00" PMx="0.00" fuel="0.00" electricity="0.00" noise="71.71" route="routebottom" type="cfm-slow" waiting="0.00" lane="right_0" pos="1.23" speed="27.75" angle="2.26" x="132.22" y="66.41"/>
        <vehicle id="cfm-slow_4" eclass="HBEFA3/PC_G_EU4" CO2="0.00" CO="0.00" HC="0.00" NOx="0.00" PMx="0.00" fuel="0.00" electricity="0.00" noise="71.11" route="routebottom" type="cfm-slow" waiting="0.00" lane="right_0" pos="23.93" speed="26.73" angle="321.39" x="113.76" y="110.52"/>
        <vehicle id="cfm-slow_5" eclass="HBEFA3/PC_G_EU4" CO2="0.00" CO="0.00" HC="0.00" NOx="0.00" PMx="0.00" fuel="0.00" electricity="0.00" noise="70.77" route="routebottom" type="cfm-slow" waiting="0.00" lane="right_0" pos="45.58" speed="25.64" angle="282.52" x="73.25" y="131.59"/>
    </timestep>
    <timestep time="9.00">
        <vehicle id="cfm-fast_0" eclass="HBEFA3/PC_G_EU4" CO2="0.00" CO="0.00" HC="0.00" NOx="0.00" PMx="0.00" fuel="0.00" electricity="0.00" noise="71.09" route="routetop" type="cfm-fast" waiting="0.00" lane="top_0" pos="16.37" speed="24.89" angle="244.98" x="29.89" y="123.37"/>
        <vehicle id="cfm-fast_1" eclass="HBEFA3/PC_G_EU4" CO2="204456.23" CO="6977.54" HC="37.14" NOx="94.68" PMx="6.50" fuel="87.89" electricity="0.00" noise="126.22" route="routebottom" type="cfm-fast" waiting="0.00" lane="bottom_1" pos="22.95" speed="103.66" angle="53.16" x="106.78" y="14.61"/>
        <vehicle id="cfm-fast_2" eclass="HBEFA3/PC_G_EU4" CO2="7893.05" CO="91.81" HC="0.61" NOx="3.07" PMx="0.16" fuel="3.39" electricity="0.00" noise="72.34" route="routetop" type="cfm-fast" waiting="0.00" lane="top_0" pos="32.21" speed="24.78" angle="216.61" x="5.51" y="100.08"/>
        <vehicle id="cfm-fast_3" eclass="HBEFA3/PC_G_EU4" CO2="11385.95" CO="165.77" HC="1.04" NOx="4.70" PMx="0.26" fuel="4.89" electricity="0.00" noise="73.87" route="routetop" type="cfm-fast" waiting="0.00" lane="top_0" pos="48.00" speed="25.41" angle="188.17" x="-4.79" y="68.07"/>
        <vehicle id="cfm-fast_4" eclass="HBEFA3/PC_G_EU4" CO2="12371.57" CO="190.45" HC="1.18" NOx="5.14" PMx="0.29" fuel="5.32" electricity="0.00" noise="74.57" route="routetop" type="cfm-fast" waiting="0.00" lane="left_0" pos="14.47" speed="26.50" angle="158.44" x="2.05" y="33.50"/>
        <vehicle id="cfm-fast_5" eclass="HBEFA3/PC_G_EU4" CO2="106895.43" CO="5277.94" HC="27.00" NOx="48.62" PMx="4.08" fuel="45.95" electricity="0.00" noise="111.22" route="routetop" type="cfm-fast" waiting="0.00" lane="top_1" pos="18.53" speed="108.03" angle="241.15" x="27.75" y="118.20"/>
        <vehicle id="cfm-slow_0" eclass="HBEFA3/PC_G_EU4" CO2="10396.96" CO="155.18" HC="0.97" NOx="4.18" PMx="0.24" fuel="4.47" electricity="0.00" noise="74.17" route="routetop" type="cfm-slow" waiting="0.00" lane="left_0" pos="32.09" speed="27.59" angle="126.82" x="27.05" y="5.63"/>
        <vehicle id="cfm-slow_1" eclass="HBEFA3/PC_G_EU4" CO2="6085.37" CO="70.37" HC="0.48" NOx="2.14" PMx="0.13" fuel="2.62" electricity="0.00" noise="73.25" route="routebottom" type="cfm-slow" waiting="0.00" lane="bottom_0" pos="4.80" speed="28.29" angle="85.88" x="74.06" y="-4.15"/>
        <vehicle id="cfm-slow_2" eclass="HBEFA3/PC_G_EU4" CO2="0.00" CO="0.00" HC="0.00" NOx="0.00" PMx="0.00" fuel="0.00" electricity="0.00" noise="72.40" route="routebottom" type="cfm-slow" waiting="0.00" lane="bottom_0" pos="28.16" speed="28.34" angle="43.80" x="116.74" y="20.20"/>
        <vehicle id="cfm-slow_3" eclass="HBEFA3/PC_G_EU4" CO2="0.00" CO="0.00" HC="0.00" NOx="0.00" PMx="0.00" fuel="0.00" electricity="0.00" noise="71.70" route="routebottom" type="cfm-slow" waiting="0.00" lane="right_0" pos="1.51" speed="27.74" angle="1.76" x="132.19" y="67.01"/>
        <vehicle id="cfm-slow_4" eclass="HBEFA3/PC_G_EU4" CO2="0.00" CO="0.00" HC="0.00" NOx="0.00" PMx="0.00" fuel="0.00" electricity="0.00" noise="71.11" route="routebottom" type="cfm-slow" waiting="0.00" lane="right_0" pos="24.20" speed="26.72" angle="320.91" x="113.37" y="110.94"/>
        <vehicle id="cfm-slow_5" eclass="HBEFA3/PC_G_EU4" CO2="0.00" CO="0.00" HC="0.00" NOx="0.00" PMx="0.00" fuel="0.00" electricity="0.00" noise="70.77" route="routebottom" type="cfm-slow" waiting="0.00" lane="right_0" pos="45.83" speed="25.63" angle="282.06" x="72.70" y="131.67"/>
    </timestep>
    <timestep time="9.01">
        <vehicle id="cfm-fast_0" eclass="HBEFA3/PC_G_EU4" CO2="0.00" CO="0.00" HC="0.00" NOx="0.00" PMx="0.00" fuel="0.00" electricity="0.00" noise="71.10" route="routetop" type="cfm-fast" waiting="0.00" lane="top_0" pos="16.62" speed="24.89" angle="244.57" x="29.42" y="123.11"/>
        <vehicle id="cfm-fast_1" eclass="HBEFA3/PC_G_EU4" CO2="203513.14" CO="6961.44" HC="37.04" NOx="94.24" PMx="6.48" fuel="87.48" electricity="0.00" noise="126.07" route="routebottom" type="cfm-fast" waiting="0.00" lane="bottom_1" pos="23.99" speed="103.71" angle="51.36" x="108.35" y="16.04"/>
        <vehicle id="cfm-fast_2" eclass="HBEFA3/PC_G_EU4" CO2="7927.36" CO="92.53" HC="0.62" NOx="3.08" PMx="0.16" fuel="3.41" electricity="0.00" noise="72.35" route="routetop" type="cfm-fast" waiting="0.00" lane="top_0" pos="32.45" speed="24.79" angle="216.14" x="5.24" y="99.62"/>
        <vehicle id="cfm-fast_3" eclass="HBEFA3/PC_G_EU4" CO2="11397.21" CO="166.04" HC="1.04" NOx="4.71" PMx="0.26" fuel="4.90" electricity="0.00" noise="73.87" route="routetop" type="cfm-fast" waiting="0.00" lane="top_0" pos="48.25" speed="25.42" angle="187.69" x="-4.83" y="67.52"/>
        <vehicle id="cfm-fast_4" eclass="HBEFA3/PC_G_EU4" CO2="12354.03" CO="190.13" HC="1.17" NOx="5.13" PMx="0.29" fuel="5.31" electricity="0.00" noise="74.56" route="routetop" type="cfm-fast" waiting="0.00" lane="left_0" pos="14.74" speed="26.51" angle="157.94" x="2.30" y="32.99"/>
        <vehicle id="cfm-fast_5" eclass="HBEFA3/PC_G_EU4" CO2="106549.96" CO="5271.51" HC="26.96" NOx="48.46" PMx="4.07" fuel="45.80" electricity="0.00" noise="111.17" route="routetop" type="cfm-fast" waiting="0.00" lane="top_1" pos="19.61" speed="108.04" angle="239.17" x="25.92" y="116.95"/>
        <vehicle id="cfm-slow_0" eclass="HBEFA3/PC_G_EU4" CO2="10356.06" CO="154.37" HC="0.96" NOx="4.17" PMx="0.24" fuel="4.45" electricity="0.00" noise="74.16" route="routetop" type="cfm-slow" waiting="0.00" lane="left_0" pos="32.37" speed="27.60" angle="126.30" x="27.55" y="5.32"/>
        <vehicle id="cfm-slow_1" eclass="HBEFA3/PC_G_EU4" CO2="6038.19" CO="69.40" HC="0.47" NOx="2.11" PMx="0.13" fuel="2.60" electricity="0.00" noise="73.24" route="routebottom" type="cfm-slow" waiting="0.00" lane="bottom_0" pos="5.09" speed="28.29" angle="85.33" x="74.66" y="-4.07"/>
        <vehicle id="cfm-slow_2" eclass="HBEFA3/PC_G_EU4" CO2="0.00" CO="0.00" HC="0.00" NOx="0.00" PMx="0.00" fuel="0.00" electricity="0.00" noise="72.39" route="routebottom" type="cfm-slow" waiting="0.00" lane="bottom_0" pos="28.45" speed="28.33" angle="43.29" x="117.12" y="20.68"/>
        <vehicle id="cfm-slow_3" eclass="HBEFA3/PC_G_EU4" CO2="0.00" CO="0.00" HC="0.00" NOx="0.00" PMx="0.00" fuel="0.00" electricity="0.00" noise="71.70" route="routebottom" type="cfm-slow" waiting="0.00" lane="right_0" pos="1.79" speed="27.73" angle="1.27" x="132.15" y="67.60"/>
        <vehicle id="cfm-slow_4" eclass="HBEFA3/PC_G_EU4" CO2="0.00" CO="0.00" HC="0.00" NOx="0.00" PMx="0.00" fuel="0.00" electricity="0.00" noise="71.11" route="routebottom" type="cfm-slow" waiting="0.00" lane="right_0" pos="24.47" speed="26.71" angle="320.47" x="112.97" y="111.36"/>
        <vehicle id="cfm-slow_5" eclass="HBEFA3/PC_G_EU4" CO2="0.00" CO="0.00" HC="0.00" NOx="0.00" PMx="0.00" fuel="0.00" electricity="0.00" noise="70.78" route="routebottom" type="cfm-slow" waiting="0.00" lane="right_0" pos="46.09" speed="25.63" angle="281.61" x="72.15" y="131.75"/>
    </timestep>
    <timestep time="9.02">
        <vehicle id="cfm-fast_0" eclass="HBEFA3/PC_G_EU4" CO2="0.00" CO="0.00" HC="0.00" NOx="0.00" PMx="0.00" fuel="0.00" electricity="0.00" noise="71.11" route="routetop" type="cfm-fast" waiting="0.00" lane="top_0" pos="16.87" speed="24.89" angle="244.13" x="28.96" y="122.84"/>
        <vehicle id="cfm-fast_1" eclass="HBEFA3/PC_G_EU4" CO2="202574.90" CO="6945.41" HC="36.94" NOx="93.79" PMx="6.46" fuel="87.08" electricity="0.00" noise="125.92" route="routebottom" type="cfm-fast" waiting="0.00" lane="bottom_1" pos="25.03" speed="103.76" angle="49.48" x="109.87" y="17.53"/>
        <vehicle id="cfm-fast_2" eclass="HBEFA3/PC_G_EU4" CO2="7961.45" CO="93.25" HC="0.62" NOx="3.10" PMx="0.17" fuel="3.42" electricity="0.00" noise="72.37" route="routetop" type="cfm-fast" waiting="0.00" lane="top_0" pos="32.70" speed="24.79" angle="215.67" x="4.96" y="99.16"/>
        <vehicle id="cfm-fast_3" eclass="HBEFA3/PC_G_EU4" CO2="11408.20" CO="166.31" HC="1.04" NOx="4.71" PMx="0.26" fuel="4.90" electricity="0.00" noise="73.88" route="routetop" type="cfm-fast" waiting="0.00" lane="top_0" pos="48.50" speed="25.43" angle="187.20" x="-4.86" y="66.98"/>
        <vehicle id="cfm-fast_4" eclass="HBEFA3/PC_G_EU4" CO2="12336.26" CO="189.82" HC="1.17" NOx="5.12" PMx="0.28" fuel="5.30" electricity="0.00" noise="74.56" route="routetop" type="cfm-fast" waiting="0.00" lane="left_0" pos="15.00" speed="26.52" angle="157.45" x="2.56" y="32.48"/>
        <vehicle id="cfm-fast_5" eclass="HBEFA3/PC_G_EU4" CO2="106210.51" CO="5265.19" HC="26.92" NOx="48.30" PMx="4.06" fuel="45.66" electricity="0.00" noise="111.12" route="routetop" type="cfm-fast" waiting="0.00" lane="top_1" pos="20.69" speed="108.04" angle="237.23" x="24.14" y="115.64"/>
        <vehicle id="cfm-slow_0" eclass="HBEFA3/PC_G_EU4" CO2="10315.08" CO="153.57" HC="0.96" NOx="4.15" PMx="0.24" fuel="4.43" electricity="0.00" noise="74.15" route="routetop" type="cfm-slow" waiting="0.00" lane="left_0" pos="32.65" speed="27.61" angle="125.79" x="28.06" y="5.02"/>
        <vehicle id="cfm-slow_1" eclass="HBEFA3/PC_G_EU4" CO2="5991.10" CO="68.44" HC="0.46" NOx="2.09" PMx="0.12" fuel="2.58" electricity="0.00" noise="73.22" route="routebottom" type="cfm-slow" waiting="0.00" lane="bottom_0" pos="5.37" speed="28.29" angle="84.81" x="75.26" y="-3.96"/>
        <vehicle id="cfm-slow_2" eclass="HBEFA3/PC_G_EU4" CO2="0.00" CO="0.00" HC="0.00" NOx="0.00" PMx="0.00" fuel="0.00" electricity="0.00" noise="72.39" route="routebottom" type="cfm-slow" waiting="0.00" lane="bottom_0" pos="28.73" speed="28.33" angle="42.77" x="117.50" y="21.16"/>
        <vehicle id="cfm-slow_3" eclass="HBEFA3/PC_G_EU4" CO2="0.00" CO="0.00" HC="0.00" NOx="0.00" PMx="0.00" fuel="0.00" electricity="0.00" noise="71.69" route="routebottom" type="cfm-slow" waiting="0.00" lane="right_0" pos="2.06" speed="27.72" angle="0.77" x="132.12" y="68.20"/>
        <vehicle id="cfm-slow_4" eclass="HBEFA3/PC_G_EU4" CO2="0.00" CO="0.00" HC="0.00" NOx="0.00" PMx="0.00" fuel="0.00" electricity="0.00" noise="71.10" route="routebottom" type="cfm-slow" waiting="0.00" lane="right_0" pos="24.74" speed="26.70" angle="319.98" x="112.57" y="111.76"/>
        <vehicle id="cfm-slow_5" eclass="HBEFA3/PC_G_EU4" CO2="0.00" CO="0.00" HC="0.00" NOx="0.00" PMx="0.00" fuel="0.00" electricity="0.00" noise="70.78" route="routebottom" type="cfm-slow" waiting="0.00" lane="right_0" pos="46.34" speed="25.62" angle="281.19" x="71.61" y="131.81"/>
    </timestep>
    <timestep time="9.03">
        <vehicle id="cfm-fast_0" eclass="HBEFA3/PC_G_EU4" CO2="0.00" CO="0.00" HC="0.00" NOx="0.00" PMx="0.00" fuel="0.00" electricity="0.00" noise="71.12" route="routetop" type="cfm-fast" waiting="0.00" lane="top_0" pos="17.12" speed="24.88" angle="243.68" x="28.50" y="122.57"/>
        <vehicle id="cfm-fast_1" eclass="HBEFA3/PC_G_EU4" CO2="201641.52" CO="6929.46" HC="36.85" NOx="93.35" PMx="6.43" fuel="86.68" electricity="0.00" noise="125.77" route="routebottom" type="cfm-fast" waiting="0.00" lane="bottom_1" pos="26.06" speed="103.80" angle="47.61" x="111.35" y="19.06"/>
        <vehicle id="cfm-fast_2" eclass="HBEFA3/PC_G_EU4" CO2="7995.32" CO="93.97" HC="0.63" NOx="3.11" PMx="0.17" fuel="3.44" electricity="0.00" noise="72.38" route="routetop" type="cfm-fast" waiting="0.00" lane="top_0" pos="32.95" speed="24.80" angle="215.20" x="4.69" y="98.70"/>
        <vehicle id="cfm-fast_3" eclass="HBEFA3/PC_G_EU4" CO2="11418.93" CO="166.57" HC="1.04" NOx="4.72" PMx="0.26" fuel="4.91" electricity="0.00" noise="73.89" route="routetop" type="cfm-fast" waiting="0.00" lane="top_0" pos="48.76" speed="25.44" angle="186.78" x="-4.89" y="66.43"/>
        <vehicle id="cfm-fast_4" eclass="HBEFA3/PC_G_EU4" CO2="12318.27" CO="189.50" HC="1.17" NOx="5.11" PMx="0.28" fuel="5.30" electricity="0.00" noise="74.55" route="routetop" type="cfm-fast" waiting="0.00" lane="left_0" pos="15.27" speed="26.53" angle="156.97" x="2.81" y="31.97"/>
        <vehicle id="cfm-fast_5" eclass="HBEFA3/PC_G_EU4" CO2="105876.97" CO="5258.98" HC="26.89" NOx="48.14" PMx="4.06" fuel="45.51" electricity="0.00" noise="111.07" route="routetop" type="cfm-fast" waiting="0.00" lane="top_1" pos="21.77" speed="108.05" angle="235.32" x="22.39" y="114.27"/>
        <vehicle id="cfm-slow_0" eclass="HBEFA3/PC_G_EU4" CO2="10274.02" CO="152.76" HC="0.95" NOx="4.13" PMx="0.23" fuel="4.42" electricity="0.00" noise="74.14" route="routetop" type="cfm-slow" waiting="0.00" lane="left_0" pos="32.92" speed="27.61" angle="125.27" x="28.57" y="4.71"/>
        <vehicle id="cfm-slow_1" eclass="HBEFA3/PC_G_EU4" CO2="5944.11" CO="67.48" HC="0.46" NOx="2.07" PMx="0.12" fuel="2.56" electricity="0.00" noise="73.21" route="routebottom" type="cfm-slow" waiting="0.00" lane="bottom_0" pos="5.65" speed="28.29" angle="84.30" x="75.86" y="-3.85"/>
        <vehicle id="cfm-slow_2" eclass="HBEFA3/PC_G_EU4" CO2="0.00" CO="0.00" HC="0.00" NOx="0.00" PMx="0.00" fuel="0.00" electricity="0.00" noise="72.38" route="routebottom" type="cfm-slow" waiting="0.00" lane="bottom_0" pos="29.01" speed="28.32" angle="42.24" x="117.87" y="21.64"/>
        <vehicle id="cfm-slow_3" eclass="HBEFA3/PC_G_EU4" CO2="0.00" CO="0.00" HC="0.00" NOx="0.00" PMx="0.00" fuel="0.00" electricity="0.00" noise="71.69" route="routebottom" type="cfm-slow" waiting="0.00" lane="right_0" pos="2.34" speed="27.71" angle="0.27" x="132.08" y="68.79"/>
        <vehicle id="cfm-slow_4" eclass="HBEFA3/PC_G_EU4" CO2="0.00" CO="0.00" HC="0.00" NOx="0.00" PMx="0.00" fuel="0.00" electricity="0.00" noise="71.10" route="routebottom" type="cfm-slow" waiting="0.00" lane="right_0" pos="25.00" speed="26.69" angle="319.48" x="112.16" y="112.17"/>
        <vehicle id="cfm-slow_5" eclass="HBEFA3/PC_G_EU4" CO2="0.00" CO="0.00" HC="0.00" NOx="0.00" PMx="0.00" fuel="0.00" electricity="0.00" noise="70.78" route="routebottom" type="cfm-slow" waiting="0.00" lane="right_0" pos="46.60" speed="25.61" angle="280.72" x="71.06" y="131.87"/>
    </timestep>
    <timestep time="9.04">
        <vehicle id="cfm-fast_0" eclass="HBEFA3/PC_G_EU4" CO2="0.00" CO="0.00" HC="0.00" NOx="0.00" PMx="0.00" fuel="0.00" electricity="0.00" noise="71.13" route="routetop" type="cfm-fast" waiting="0.00" lane="top_0" pos="17.37" speed="24.88" angle="243.23" x="28.04" y="122.29"/>
        <vehicle id="cfm-fast_1" eclass="HBEFA3/PC_G_EU4" CO2="200713.03" CO="6913.58" HC="36.75" NOx="92.91" PMx="6.41" fuel="86.28" electricity="0.00" noise="125.62" route="routebottom" type="cfm-fast" waiting="0.00" lane="bottom_1" pos="27.10" speed="103.85" angle="45.76" x="112.79" y="20.63"/>
        <vehicle id="cfm-fast_2" eclass="HBEFA3/PC_G_EU4" CO2="8028.99" CO="94.68" HC="0.63" NOx="3.13" PMx="0.17" fuel="3.45" electricity="0.00" noise="72.39" route="routetop" type="cfm-fast" waiting="0.00" lane="top_0" pos="33.20" speed="24.81" angle="214.73" x="4.41" y="98.25"/>
        <vehicle id="cfm-fast_3" eclass="HBEFA3/PC_G_EU4" CO2="11429.39" CO="166.82" HC="1.04" NOx="4.72" PMx="0.26" fuel="4.91" electricity="0.00" noise="73.90" route="routetop" type="cfm-fast" waiting="0.00" lane="top_0" pos="49.01" speed="25.45" angle="186.31" x="-4.90" y="65.88"/>
        <vehicle id="cfm-fast_4" eclass="HBEFA3/PC_G_EU4" CO2="12300.06" CO="189.17" HC="1.17" NOx="5.11" PMx="0.28" fuel="5.29" electricity="0.00" noise="74.55" route="routetop" type="cfm-fast" waiting="0.00" lane="left_0" pos="15.53" speed="26.54" angle="156.52" x="3.08" y="31.46"/>
        <vehicle id="cfm-fast_5" eclass="HBEFA3/PC_G_EU4" CO2="105549.23" CO="5252.88" HC="26.85" NOx="47.99" PMx="4.05" fuel="45.37" electricity="0.00" noise="111.02" route="routetop" type="cfm-fast" waiting="0.00" lane="top_1" pos="22.85" speed="108.06" angle="233.30" x="20.70" y="112.84"/>
        <vehicle id="cfm-slow_0" eclass="HBEFA3/PC_G_EU4" CO2="10232.89" CO="151.96" HC="0.95" NOx="4.11" PMx="0.23" fuel="4.40" electricity="0.00" noise="74.13" route="routetop" type="cfm-slow" waiting="0.00" lane="left_0" pos="33.20" speed="27.62" angle="124.75" x="29.08" y="4.41"/>
        <vehicle id="cfm-slow_1" eclass="HBEFA3/PC_G_EU4" CO2="5897.22" CO="66.52" HC="0.45" NOx="2.05" PMx="0.12" fuel="2.53" electricity="0.00" noise="73.20" route="routebottom" type="cfm-slow" waiting="0.00" lane="bottom_0" pos="5.94" speed="28.29" angle="83.78" x="76.45" y="-3.74"/>
        <vehicle id="cfm-slow_2" eclass="HBEFA3/PC_G_EU4" CO2="0.00" CO="0.00" HC="0.00" NOx="0.00" PMx="0.00" fuel="0.00" electricity="0.00" noise="72.37" route="routebottom" type="cfm-slow" waiting="0.00" lane="bottom_0" pos="29.30" speed="28.32" angle="41.72" x="118.25" y="22.12"/>
        <vehicle id="cfm-slow_3" eclass="HBEFA3/PC_G_EU4" CO2="0.00" CO="0.00" HC="0.00" NOx="0.00" PMx="0.00" fuel="0.00" electricity="0.00" noise="71.68" route="routebottom" type="cfm-slow" waiting="0.00" lane="right_0" pos="2.62" speed="27.70" angle="359.80" x="132.04" y="69.39"/>
        <vehicle id="cfm-slow_4" eclass="HBEFA3/PC_G_EU4" CO2="0.00" CO="0.00" HC="0.00" NOx="0.00" PMx="0.00" fuel="0.00" electricity="0.00" noise="71.09" route="routebottom" type="cfm-slow" waiting="0.00" lane="right_0" pos="25.27" speed="26.68" angle="318.99" x="111.76" y="112.57"/>
        <vehicle id="cfm-slow_5" eclass="HBEFA3/PC_G_EU4" CO2="0.00" CO="0.00" HC="0.00" NOx="0.00" PMx="0.00" fuel="0.00" electricity="0.00" noise="70.78" route="routebottom" type="cfm-slow" waiting="0.00" lane="right_0" pos="46.86" speed="25.60" angle="280.24" x="70.51" y="131.92"/>
    </timestep>
    <timestep time="9.05">
        <vehicle id="cfm-fast_0" eclass="HBEFA3/PC_G_EU4" CO2="0.00" CO="0.00" HC="0.00" NOx="0.00" PMx="0.00" fuel="0.00" electricity="0.00" noise="71.14" route="routetop" type="cfm-fast" waiting="0.00" lane="top_0" pos="17.62" speed="24.88" angle="242.79" x="27.58" y="122.02"/>
        <vehicle id="cfm-fast_1" eclass="HBEFA3/PC_G_EU4" CO2="199789.44" CO="6897.78" HC="36.66" NOx="92.48" PMx="6.39" fuel="85.88" electricity="0.00" noise="125.47" route="routebottom" type="cfm-fast" waiting="0.00" lane="bottom_1" pos="28.14" speed="103.90" angle="43.81" x="114.16" y="22.26"/>
        <vehicle id="cfm-fast_2" eclass="HBEFA3/PC_G_EU4" CO2="8062.43" CO="95.39" HC="0.63" NOx="3.15" PMx="0.17" fuel="3.47" electricity="0.00" noise="72.41" route="routetop" type="cfm-fast" waiting="0.00" lane="top_0" pos="33.45" speed="24.81" angle="214.33" x="4.14" y="97.78"/>
        <vehicle id="cfm-fast_3" eclass="HBEFA3/PC_G_EU4" CO2="11439.59" CO="167.07" HC="1.05" NOx="4.72" PMx="0.26" fuel="4.92" electricity="0.00" noise="73.90" route="routetop" type="cfm-fast" waiting="0.00" lane="top_0" pos="49.27" speed="25.46" angle="185.85" x="-4.91" y="65.33"/>
        <vehicle id="cfm-fast_4" eclass="HBEFA3/PC_G_EU4" CO2="12281.64" CO="188.84" HC="1.17" NOx="5.10" PMx="0.28" fuel="5.28" electricity="0.00" noise="74.54" route="routetop" type="cfm-fast" waiting="0.00" lane="left_0" pos="15.80" speed="26.55" angle="156.04" x="3.35" y="30.96"/>
        <vehicle id="cfm-fast_5" eclass="HBEFA3/PC_G_EU4" CO2="105227.18" CO="5246.90" HC="26.82" NOx="47.83" PMx="4.04" fuel="45.23" electricity="0.00" noise="110.97" route="routetop" type="cfm-fast" waiting="0.00" lane="top_1" pos="23.93" speed="108.07" angle="231.38" x="19.06" y="111.35"/>
        <vehicle id="cfm-slow_0" eclass="HBEFA3/PC_G_EU4" CO2="10191.68" CO="151.15" HC="0.94" NOx="4.09" PMx="0.23" fuel="4.38" electricity="0.00" noise="74.12" route="routetop" type="cfm-slow" waiting="0.00" lane="left_0" pos="33.48" speed="27.63" angle="124.30" x="29.60" y="4.11"/>
        <vehicle id="cfm-slow_1" eclass="HBEFA3/PC_G_EU4" CO2="5850.43" CO="65.56" HC="0.45" NOx="2.02" PMx="0.12" fuel="2.51" electricity="0.00" noise="73.19" route="routebottom" type="cfm-slow" waiting="0.00" lane="bottom_0" pos="6.22" speed="28.29" angle="83.26" x="77.05" y="-3.63"/>
        <vehicle id="cfm-slow_2" eclass="HBEFA3/PC_G_EU4" CO2="0.00" CO="0.00" HC="0.00" NOx="0.00" PMx="0.00" fuel="0.00" electricity="0.00" noise="72.36" route="routebottom" type="cfm-slow" waiting="0.00" lane="bottom_0" pos="29.58" speed="28.31" angle="41.26" x="118.62" y="22.60"/>
        <vehicle id="cfm-slow_3" eclass="HBEFA3/PC_G_EU4" CO2="0.00" CO="0.00" HC="0.00" NOx="0.00" PMx="0.00" fuel="0.00" electricity="0.00" noise="71.67" route="routebottom" type="cfm-slow" waiting="0.00" lane="right_0" pos="2.90" speed="27.69" angle="359.30" x="131.98" y="69.98"/>
        <vehicle id="cfm-slow_4" eclass="HBEFA3/PC_G_EU4" CO2="0.00" CO="0.00" HC="0.00" NOx="0.00" PMx="0.00" fuel="0.00" electricity="0.00" noise="71.09" route="routebottom" type="cfm-slow" waiting="0.00" lane="right_0" pos="25.54" speed="26.67" angle="318.50" x="111.35" y="112.98"/>
        <vehicle id="cfm-slow_5" eclass="HBEFA3/PC_G_EU4" CO2="0.00" CO="0.00" HC="0.00" NOx="0.00" PMx="0.00" fuel="0.00" electricity="0.00" noise="70.78" route="routebottom" type="cfm-slow" waiting="0.00" lane="right_0" pos="47.11" speed="25.60" angle="279.77" x="69.96" y="131.98"/>
    </timestep>
    <timestep time="9.06">
        <vehicle id="cfm-fast_0" eclass="HBEFA3/PC_G_EU4" CO2="0.00" CO="0.00" HC="0.00" NOx="0.00" PMx="0.00" fuel="0.00" electricity="0.00" noise="71.15" route="routetop" type="cfm-fast" waiting="0.00" lane="top_0" pos="17.86" speed="24.88" angle="242.37" x="27.12" y="121.74"/>
        <vehicle id="cfm-fast_1" eclass="HBEFA3/PC_G_EU4" CO2="198870.79" CO="6882.05" HC="36.56" NOx="92.04" PMx="6.37" fuel="85.49" electricity="0.00" noise="125.33" route="routebottom" type="cfm-fast" waiting="0.00" lane="bottom_1" pos="29.18" speed="103.94" angle="41.91" x="115.48" y="23.93"/>
        <vehicle id="cfm-fast_2" eclass="HBEFA3/PC_G_EU4" CO2="8095.67" CO="96.09" HC="0.64" NOx="3.16" PMx="0.17" fuel="3.48" electricity="0.00" noise="72.42" route="routetop" type="cfm-fast" waiting="0.00" lane="top_0" pos="33.69" speed="24.82" angle="213.88" x="3.88" y="97.32"/>
        <vehicle id="cfm-fast_3" eclass="HBEFA3/PC_G_EU4" CO2="11449.51" CO="167.31" HC="1.05" NOx="4.73" PMx="0.26" fuel="4.92" electricity="0.00" noise="73.91" route="routetop" type="cfm-fast" waiting="0.00" lane="top_0" pos="49.52" speed="25.47" angle="185.39" x="-4.93" y="64.79"/>
        <vehicle id="cfm-fast_4" eclass="HBEFA3/PC_G_EU4" CO2="12262.99" CO="188.51" HC="1.16" NOx="5.09" PMx="0.28" fuel="5.27" electricity="0.00" noise="74.54" route="routetop" type="cfm-fast" waiting="0.00" lane="left_0" pos="16.06" speed="26.56" angle="155.55" x="3.63" y="30.46"/>
        <vehicle id="cfm-fast_5" eclass="HBEFA3/PC_G_EU4" CO2="104910.73" CO="5241.02" HC="26.78" NOx="47.68" PMx="4.03" fuel="45.10" electricity="0.00" noise="110.93" route="routetop" type="cfm-fast" waiting="0.00" lane="top_1" pos="25.01" speed="108.08" angle="229.49" x="17.47" y="109.81"/>
        <vehicle id="cfm-slow_0" eclass="HBEFA3/PC_G_EU4" CO2="10150.41" CO="150.34" HC="0.94" NOx="4.07" PMx="0.23" fuel="4.36" electricity="0.00" noise="74.11" route="routetop" type="cfm-slow" waiting="0.00" lane="left_0" pos="33.75" speed="27.63" angle="123.80" x="30.12" y="3.82"/>
        <vehicle id="cfm-slow_1" eclass="HBEFA3/PC_G_EU4" CO2="5803.75" CO="64.60" HC="0.44" NOx="2.00" PMx="0.12" fuel="2.49" electricity="0.00" noise="73.18" route="routebottom" type="cfm-slow" waiting="0.00" lane="bottom_0" pos="6.50" speed="28.29" angle="82.79" x="77.65" y="-3.51"/>
        <vehicle id="cfm-slow_2" eclass="HBEFA3/PC_G_EU4" CO2="0.00" CO="0.00" HC="0.00" NOx="0.00" PMx="0.00" fuel="0.00" electricity="0.00" noise="72.36" route="routebottom" type="cfm-slow" waiting="0.00" lane="bottom_0" pos="29.86" speed="28.31" angle="40.74" x="118.97" y="23.09"/>
        <vehicle id="cfm-slow_3" eclass="HBEFA3/PC_G_EU4" CO2="0.00" CO="0.00" HC="0.00" NOx="0.00" PMx="0.00" fuel="0.00" electricity="0.00" noise="71.67" route="routebottom" type="cfm-slow" waiting="0.00" lane="right_0" pos="3.17" speed="27.69" angle="358.80" x="131.92" y="70.57"/>
        <vehicle id="cfm-slow_4" eclass="HBEFA3/PC_G_EU4" CO2="0.00" CO="0.00" HC="0.00" NOx="0.00" PMx="0.00" fuel="0.00" electricity="0.00" noise="71.09" route="routebottom" type="cfm-slow" waiting="0.00" lane="right_0" pos="25.80" speed="26.66" angle="318.06" x="110.93" y="113.38"/>
        <vehicle id="cfm-slow_5" eclass="HBEFA3/PC_G_EU4" CO2="0.00" CO="0.00" HC="0.00" NOx="0.00" PMx="0.00" fuel="0.00" electricity="0.00" noise="70.78" route="routebottom" type="cfm-slow" waiting="0.00" lane="right_0" pos="47.37" speed="25.59" angle="279.32" x="69.42" y="132.04"/>
    </timestep>
    <timestep time="9.07">
        <vehicle id="cfm-fast_0" eclass="HBEFA3/PC_G_EU4" CO2="0.00" CO="0.00" HC="0.00" NOx="0.00" PMx="0.00" fuel="0.00" electricity="0.00" noise="71.16" route="routetop" type="cfm-fast" waiting="0.00" lane="top_0" pos="18.11" speed="24.88" angle="241.93" x="26.67" y="121.45"/>
        <vehicle id="cfm-fast_1" eclass="HBEFA3/PC_G_EU4" CO2="197957.09" CO="6866.41" HC="36.47" NOx="91.61" PMx="6.34" fuel="85.09" electricity="0.00" noise="125.18" route="routebottom" type="cfm-fast" waiting="0.00" lane="bottom_1" pos="30.22" speed="103.99" angle="40.09" x="116.75" y="25.64"/>
        <vehicle id="cfm-fast_2" eclass="HBEFA3/PC_G_EU4" CO2="8128.69" CO="96.79" HC="0.64" NOx="3.18" PMx="0.17" fuel="3.49" electricity="0.00" noise="72.44" route="routetop" type="cfm-fast" waiting="0.00" lane="top_0" pos="33.94" speed="24.82" angle="213.43" x="3.63" y="96.85"/>
        <vehicle id="cfm-fast_3" eclass="HBEFA3/PC_G_EU4" CO2="11459.18" CO="167.55" HC="1.05" NOx="4.73" PMx="0.26" fuel="4.93" electricity="0.00" noise="73.92" route="routetop" type="cfm-fast" waiting="0.00" lane="top_0" pos="49.78" speed="25.48" angle="184.92" x="-4.94" y="64.24"/>
        <vehicle id="cfm-fast_4" eclass="HBEFA3/PC_G_EU4" CO2="12244.13" CO="188.17" HC="1.16" NOx="5.08" PMx="0.28" fuel="5.26" electricity="0.00" noise="74.54" route="routetop" type="cfm-fast" waiting="0.00" lane="left_0" pos="16.33" speed="26.57" angle="155.06" x="3.91" y="29.96"/>
        <vehicle id="cfm-fast_5" eclass="HBEFA3/PC_G_EU4" CO2="104599.76" CO="5235.24" HC="26.75" NOx="47.54" PMx="4.02" fuel="44.96" electricity="0.00" noise="110.88" route="routetop" type="cfm-fast" waiting="0.00" lane="top_1" pos="26.10" speed="108.09" angle="227.57" x="15.92" y="108.22"/>
        <vehicle id="cfm-slow_0" eclass="HBEFA3/PC_G_EU4" CO2="10109.06" CO="149.52" HC="0.93" NOx="4.05" PMx="0.23" fuel="4.35" electricity="0.00" noise="74.10" route="routetop" type="cfm-slow" waiting="0.00" lane="left_0" pos="34.03" speed="27.64" angle="123.29" x="30.64" y="3.53"/>
        <vehicle id="cfm-slow_1" eclass="HBEFA3/PC_G_EU4" CO2="5757.16" CO="63.65" HC="0.44" NOx="1.98" PMx="0.12" fuel="2.47" electricity="0.00" noise="73.17" route="routebottom" type="cfm-slow" waiting="0.00" lane="bottom_0" pos="6.78" speed="28.30" angle="82.25" x="78.24" y="-3.37"/>
        <vehicle id="cfm-slow_2" eclass="HBEFA3/PC_G_EU4" CO2="0.00" CO="0.00" HC="0.00" NOx="0.00" PMx="0.00" fuel="0.00" electricity="0.00" noise="72.35" route="routebottom" type="cfm-slow" waiting="0.00" lane="bottom_0" pos="30.15" speed="28.30" angle="40.22" x="119.33" y="23.59"/>
        <vehicle id="cfm-slow_3" eclass="HBEFA3/PC_G_EU4" CO2="0.00" CO="0.00" HC="0.00" NOx="0.00" PMx="0.00" fuel="0.00" electricity="0.00" noise="71.66" route="routebottom" type="cfm-slow" waiting="0.00" lane="right_0" pos="3.45" speed="27.68" angle="358.31" x="131.86" y="71.17"/>
        <vehicle id="cfm-slow_4" eclass="HBEFA3/PC_G_EU4" CO2="0.00" CO="0.00" HC="0.00" NOx="0.00" PMx="0.00" fuel="0.00" electricity="0.00" noise="71.08" route="routebottom" type="cfm-slow" waiting="0.00" lane="right_0" pos="26.07" speed="26.65" angle="317.58" x="110.51" y="113.77"/>
        <vehicle id="cfm-slow_5" eclass="HBEFA3/PC_G_EU4" CO2="0.00" CO="0.00" HC="0.00" NOx="0.00" PMx="0.00" fuel="0.00" electricity="0.00" noise="70.78" route="routebottom" type="cfm-slow" waiting="0.00" lane="right_0" pos="47.62" speed="25.58" angle="278.90" x="68.87" y="132.08"/>
    </timestep>
    <timestep time="9.08">
        <vehicle id="cfm-fast_0" eclass="HBEFA3/PC_G_EU4" CO2="0.00" CO="0.00" HC="0.00" NOx="0.00" PMx="0.00" fuel="0.00" electricity="0.00" noise="71.17" route="routetop" type="cfm-fast" waiting="0.00" lane="top_0" pos="18.36" speed="24.88" angle="241.45" x="26.23" y="121.16"/>
        <vehicle id="cfm-fast_1" eclass="HBEFA3/PC_G_EU4" CO2="197048.35" CO="6850.84" HC="36.38" NOx="91.18" PMx="6.32" fuel="84.70" electricity="0.00" noise="125.04" route="routebottom" type="cfm-fast" waiting="0.00" lane="bottom_1" pos="31.26" speed="104.03" angle="38.26" x="117.97" y="27.39"/>
        <vehicle id="cfm-fast_2" eclass="HBEFA3/PC_G_EU4" CO2="8161.49" CO="97.48" HC="0.65" NOx="3.19" PMx="0.17" fuel="3.51" electricity="0.00" noise="72.45" route="routetop" type="cfm-fast" waiting="0.00" lane="top_0" pos="34.19" speed="24.83" angle="212.98" x="3.37" y="96.38"/>
        <vehicle id="cfm-fast_3" eclass="HBEFA3/PC_G_EU4" CO2="11468.57" CO="167.78" HC="1.05" NOx="4.74" PMx="0.26" fuel="4.93" electricity="0.00" noise="73.92" route="routetop" type="cfm-fast" waiting="0.00" lane="left_0" pos="0.03" speed="25.49" angle="184.42" x="-4.95" y="63.50"/>
        <vehicle id="cfm-fast_4" eclass="HBEFA3/PC_G_EU4" CO2="12225.05" CO="187.82" HC="1.16" NOx="5.07" PMx="0.28" fuel="5.25" electricity="0.00" noise="74.53" route="routetop" type="cfm-fast" waiting="0.00" lane="left_0" pos="16.60" speed="26.59" angle="154.60" x="4.18" y="29.46"/>
        <vehicle id="cfm-fast_5" eclass="HBEFA3/PC_G_EU4" CO2="104294.17" CO="5229.57" HC="26.71" NOx="47.39" PMx="4.02" fuel="44.83" electricity="0.00" noise="110.83" route="routetop" type="cfm-fast" waiting="0.00" lane="top_1" pos="27.18" speed="108.10" angle="225.61" x="14.44" y="106.58"/>
        <vehicle id="cfm-slow_0" eclass="HBEFA3/PC_G_EU4" CO2="10067.64" CO="148.71" HC="0.93" NOx="4.03" PMx="0.23" fuel="4.33" electricity="0.00" noise="74.09" route="routetop" type="cfm-slow" waiting="0.00" lane="left_0" pos="34.30" speed="27.65" angle="122.78" x="31.16" y="3.25"/>
        <vehicle id="cfm-slow_1" eclass="HBEFA3/PC_G_EU4" CO2="5710.69" CO="62.69" HC="0.43" NOx="1.96" PMx="0.12" fuel="2.45" electricity="0.00" noise="73.16" route="routebottom" type="cfm-slow" waiting="0.00" lane="bottom_0" pos="7.07" speed="28.30" angle="81.71" x="78.84" y="-3.24"/>
        <vehicle id="cfm-slow_2" eclass="HBEFA3/PC_G_EU4" CO2="0.00" CO="0.00" HC="0.00" NOx="0.00" PMx="0.00" fuel="0.00" electricity="0.00" noise="72.34" route="routebottom" type="cfm-slow" waiting="0.00" lane="bottom_0" pos="30.43" speed="28.29" angle="39.70" x="119.69" y="24.08"/>
        <vehicle id="cfm-slow_3" eclass="HBEFA3/PC_G_EU4" CO2="0.00" CO="0.00" HC="0.00" NOx="0.00" PMx="0.00" fuel="0.00" electricity="0.00" noise="71.66" route="routebottom" type="cfm-slow" waiting="0.00" lane="right_0" pos="3.73" speed="27.67" angle="357.81" x="131.80" y="71.76"/>
        <vehicle id="cfm-slow_4" eclass="HBEFA3/PC_G_EU4" CO2="0.00" CO="0.00" HC="0.00" NOx="0.00" PMx="0.00" fuel="0.00" electricity="0.00" noise="71.08" route="routebottom" type="cfm-slow" waiting="0.00" lane="right_0" pos="26.34" speed="26.64" angle="317.09" x="110.09" y="114.16"/>
        <vehicle id="cfm-slow_5" eclass="HBEFA3/PC_G_EU4" CO2="0.00" CO="0.00" HC="0.00" NOx="0.00" PMx="0.00" fuel="0.00" electricity="0.00" noise="70.79" route="routebottom" type="cfm-slow" waiting="0.00" lane="right_0" pos="47.88" speed="25.58" angle="278.42" x="68.32" y="132.11"/>
    </timestep>
    <timestep time="9.09">
        <vehicle id="cfm-fast_0" eclass="HBEFA3/PC_G_EU4" CO2="0.00" CO="0.00" HC="0.00" NOx="0.00" PMx="0.00" fuel="0.00" electricity="0.00" noise="71.18" route="routetop" type="cfm-fast" waiting="0.00" lane="top_0" pos="18.61" speed="24.88" angle="240.96" x="25.78" y="120.86"/>
        <vehicle id="cfm-fast_1" eclass="HBEFA3/PC_G_EU4" CO2="196144.59" CO="6835.35" HC="36.28" NOx="90.76" PMx="6.30" fuel="84.31" electricity="0.00" noise="124.89" route="routebottom" type="cfm-fast" waiting="0.00" lane="bottom_1" pos="32.30" speed="104.08" angle="36.41" x="119.13" y="29.18"/>
        <vehicle id="cfm-fast_2" eclass="HBEFA3/PC_G_EU4" CO2="8194.08" CO="98.17" HC="0.65" NOx="3.21" PMx="0.17" fuel="3.52" electricity="0.00" noise="72.46" route="routetop" type="cfm-fast" waiting="0.00" lane="top_0" pos="34.44" speed="24.84" angle="212.53" x="3.11" y="95.92"/>
        <vehicle id="cfm-fast_3" eclass="HBEFA3/PC_G_EU4" CO2="11477.70" CO="168.01" HC="1.05" NOx="4.74" PMx="0.26" fuel="4.93" electricity="0.00" noise="73.93" route="routetop" type="cfm-fast" waiting="0.00" lane="left_0" pos="0.29" speed="25.50" angle="183.96" x="-4.94" y="62.95"/>
        <vehicle id="cfm-fast_4" eclass="HBEFA3/PC_G_EU4" CO2="12205.75" CO="187.48" HC="1.16" NOx="5.06" PMx="0.28" fuel="5.25" electricity="0.00" noise="74.53" route="routetop" type="cfm-fast" waiting="0.00" lane="left_0" pos="16.86" speed="26.60" angle="154.13" x="4.47" y="28.97"/>
        <vehicle id="cfm-fast_5" eclass="HBEFA3/PC_G_EU4" CO2="103993.86" CO="5223.99" HC="26.68" NOx="47.25" PMx="4.01" fuel="44.70" electricity="0.00" noise="110.79" route="routetop" type="cfm-fast" waiting="0.00" lane="top_1" pos="28.26" speed="108.11" angle="223.63" x="13.01" y="104.88"/>
        <vehicle id="cfm-slow_0" eclass="HBEFA3/PC_G_EU4" CO2="10026.16" CO="147.89" HC="0.93" NOx="4.01" PMx="0.23" fuel="4.31" electricity="0.00" noise="74.08" route="routetop" type="cfm-slow" waiting="0.00" lane="left_0" pos="34.58" speed="27.66" angle="122.31" x="31.68" y="2.96"/>
        <vehicle id="cfm-slow_1" eclass="HBEFA3/PC_G_EU4" CO2="5664.32" CO="61.74" HC="0.43" NOx="1.94" PMx="0.12" fuel="2.43" electricity="0.00" noise="73.15" route="routebottom" type="cfm-slow" waiting="0.00" lane="bottom_0" pos="7.35" speed="28.30" angle="81.17" x="79.43" y="-3.10"/>
        <vehicle id="cfm-slow_2" eclass="HBEFA3/PC_G_EU4" CO2="0.00" CO="0.00" HC="0.00" NOx="0.00" PMx="0.00" fuel="0.00" electricity="0.00" noise="72.33" route="routebottom" type="cfm-slow" waiting="0.00" lane="bottom_0" pos="30.71" speed="28.29" angle="39.22" x="120.04" y="24.57"/>
        <vehicle id="cfm-slow_3" eclass="HBEFA3/PC_G_EU4" CO2="0.00" CO="0.00" HC="0.00" NOx="0.00" PMx="0.00" fuel="0.00" electricity="0.00" noise="71.65" route="routebottom" type="cfm-slow" waiting="0.00" lane="right_0" pos="4.00" speed="27.66" angle="357.33" x="131.72" y="72.35"/>
        <vehicle id="cfm-slow_4" eclass="HBEFA3/PC_G_EU4" CO2="0.00" CO="0.00" HC="0.00" NOx="0.00" PMx="0.00" fuel="0.00" electricity="0.00" noise="71.08" route="routebottom" type="cfm-slow" waiting="0.00" lane="right_0" pos="26.60" speed="26.63" angle="316.61" x="109.67" y="114.54"/>
        <vehicle id="cfm-slow_5" eclass="HBEFA3/PC_G_EU4" CO2="0.00" CO="0.00" HC="0.00" NOx="0.00" PMx="0.00" fuel="0.00" electricity="0.00" noise="70.79" route="routebottom" type="cfm-slow" waiting="0.00" lane="right_0" pos="48.14" speed="25.57" angle="277.94" x="67.77" y="132.14"/>
    </timestep>
    <timestep time="9.10">
        <vehicle id="cfm-fast_0" eclass="HBEFA3/PC_G_EU4" CO2="0.00" CO="0.00" HC="0.00" NOx="0.00" PMx="0.00" fuel="0.00" electricity="0.00" noise="71.19" route="routetop" type="cfm-fast" waiting="0.00" lane="top_0" pos="18.86" speed="24.88" angle="240.48" x="25.34" y="120.56"/>
        <vehicle id="cfm-fast_1" eclass="HBEFA3/PC_G_EU4" CO2="195245.83" CO="6819.93" HC="36.19" NOx="90.33" PMx="6.28" fuel="83.93" electricity="0.00" noise="124.75" route="routebottom" type="cfm-fast" waiting="0.00" lane="bottom_1" pos="33.34" speed="104.12" angle="34.52" x="120.22" y="31.02"/>
        <vehicle id="cfm-fast_2" eclass="HBEFA3/PC_G_EU4" CO2="8226.46" CO="98.86" HC="0.65" NOx="3.22" PMx="0.17" fuel="3.54" electricity="0.00" noise="72.48" route="routetop" type="cfm-fast" waiting="0.00" lane="top_0" pos="34.69" speed="24.84" angle="212.14" x="2.85" y="95.45"/>
        <vehicle id="cfm-fast_3" eclass="HBEFA3/PC_G_EU4" CO2="11486.57" CO="168.23" HC="1.05" NOx="4.75" PMx="0.26" fuel="4.94" electricity="0.00" noise="73.94" route="routetop" type="cfm-fast" waiting="0.00" lane="left_0" pos="0.54" speed="25.51" angle="183.50" x="-4.92" y="62.40"/>
        <vehicle id="cfm-fast_4" eclass="HBEFA3/PC_G_EU4" CO2="12186.25" CO="187.12" HC="1.16" NOx="5.05" PMx="0.28" fuel="5.24" electricity="0.00" noise="74.52" route="routetop" type="cfm-fast" waiting="0.00" lane="left_0" pos="17.13" speed="26.61" angle="153.64" x="4.77" y="28.48"/>
        <vehicle id="cfm-fast_5" eclass="HBEFA3/PC_G_EU4" CO2="103698.74" CO="5218.52" HC="26.65" NOx="47.11" PMx="4.00" fuel="44.58" electricity="0.00" noise="110.74" route="routetop" type="cfm-fast" waiting="0.00" lane="top_1" pos="29.34" speed="108.11" angle="221.66" x="11.64" y="103.14"/>
        <vehicle id="cfm-slow_0" eclass="HBEFA3/PC_G_EU4" CO2="9984.61" CO="147.07" HC="0.92" NOx="3.99" PMx="0.23" fuel="4.29" electricity="0.00" noise="74.06" route="routetop" type="cfm-slow" waiting="0.00" lane="left_0" pos="34.86" speed="27.66" angle="121.82" x="32.21" y="2.69"/>
        <vehicle id="cfm-slow_1" eclass="HBEFA3/PC_G_EU4" CO2="5618.06" CO="60.79" HC="0.42" NOx="1.91" PMx="0.12" fuel="2.41" electricity="0.00" noise="73.15" route="routebottom" type="cfm-slow" waiting="0.00" lane="bottom_0" pos="7.63" speed="28.30" angle="80.68" x="80.02" y="-2.97"/>
        <vehicle id="cfm-slow_2" eclass="HBEFA3/PC_G_EU4" CO2="0.00" CO="0.00" HC="0.00" NOx="0.00" PMx="0.00" fuel="0.00" electricity="0.00" noise="72.33" route="routebottom" type="cfm-slow" waiting="0.00" lane="bottom_0" pos="30.99" speed="28.28" angle="38.73" x="120.39" y="25.08"/>
        <vehicle id="cfm-slow_3" eclass="HBEFA3/PC_G_EU4" CO2="0.00" CO="0.00" HC="0.00" NOx="0.00" PMx="0.00" fuel="0.00" electricity="0.00" noise="71.65" route="routebottom" type="cfm-slow" waiting="0.00" lane="right_0" pos="4.28" speed="27.65" angle="356.83" x="131.64" y="72.94"/>
        <vehicle id="cfm-slow_4" eclass="HBEFA3/PC_G_EU4" CO2="0.00" CO="0.00" HC="0.00" NOx="0.00" PMx="0.00" fuel="0.00" electricity="0.00" noise="71.07" route="routebottom" type="cfm-slow" waiting="0.00" lane="right_0" pos="26.87" speed="26.62" angle="316.16" x="109.25" y="114.93"/>
        <vehicle id="cfm-slow_5" eclass="HBEFA3/PC_G_EU4" CO2="0.00" CO="0.00" HC="0.00" NOx="0.00" PMx="0.00" fuel="0.00" electricity="0.00" noise="70.79" route="routebottom" type="cfm-slow" waiting="0.00" lane="right_0" pos="48.39" speed="25.56" angle="277.46" x="67.22" y="132.17"/>
    </timestep>
    <timestep time="9.11">
        <vehicle id="cfm-fast_0" eclass="HBEFA3/PC_G_EU4" CO2="0.00" CO="0.00" HC="0.00" NOx="0.00" PMx="0.00" fuel="0.00" electricity="0.00" noise="71.20" route="routetop" type="cfm-fast" waiting="0.00" lane="top_0" pos="19.11" speed="24.88" angle="240.01" x="24.89" y="120.26"/>
        <vehicle id="cfm-fast_1" eclass="HBEFA3/PC_G_EU4" CO2="194352.08" CO="6804.60" HC="36.10" NOx="89.91" PMx="6.25" fuel="83.54" electricity="0.00" noise="124.61" route="routebottom" type="cfm-fast" waiting="0.00" lane="bottom_1" pos="34.38" speed="104.17" angle="32.63" x="121.26" y="32.88"/>
        <vehicle id="cfm-fast_2" eclass="HBEFA3/PC_G_EU4" CO2="8258.61" CO="99.54" HC="0.66" NOx="3.24" PMx="0.17" fuel="3.55" electricity="0.00" noise="72.49" route="routetop" type="cfm-fast" waiting="0.00" lane="top_0" pos="34.94" speed="24.85" angle="211.68" x="2.61" y="94.97"/>
        <vehicle id="cfm-fast_3" eclass="HBEFA3/PC_G_EU4" CO2="11495.17" CO="168.44" HC="1.05" NOx="4.75" PMx="0.26" fuel="4.94" electricity="0.00" noise="73.94" route="routetop" type="cfm-fast" waiting="0.00" lane="left_0" pos="0.80" speed="25.52" angle="183.03" x="-4.91" y="61.85"/>
        <vehicle id="cfm-fast_4" eclass="HBEFA3/PC_G_EU4" CO2="12166.53" CO="186.77" HC="1.15" NOx="5.04" PMx="0.28" fuel="5.23" electricity="0.00" noise="74.52" route="routetop" type="cfm-fast" waiting="0.00" lane="left_0" pos="17.39" speed="26.62" angle="153.15" x="5.06" y="27.99"/>
        <vehicle id="cfm-fast_5" eclass="HBEFA3/PC_G_EU4" CO2="103408.70" CO="5213.14" HC="26.62" NOx="46.98" PMx="3.99" fuel="44.45" electricity="0.00" noise="110.70" route="routetop" type="cfm-fast" waiting="0.00" lane="top_1" pos="30.42" speed="108.12" angle="219.68" x="10.34" y="101.34"/>
        <vehicle id="cfm-slow_0" eclass="HBEFA3/PC_G_EU4" CO2="9942.99" CO="146.25" HC="0.92" NOx="3.97" PMx="0.23" fuel="4.27" electricity="0.00" noise="74.05" route="routetop" type="cfm-slow" waiting="0.00" lane="left_0" pos="35.13" speed="27.67" angle="121.31" x="32.74" y="2.42"/>
        <vehicle id="cfm-slow_1" eclass="HBEFA3/PC_G_EU4" CO2="5571.90" CO="59.85" HC="0.41" NOx="1.89" PMx="0.11" fuel="2.40" electricity="0.00" noise="73.14" route="routebottom" type="cfm-slow" waiting="0.00" lane="bottom_0" pos="7.92" speed="28.30" angle="80.17" x="80.61" y="-2.81"/>
        <vehicle id="cfm-slow_2" eclass="HBEFA3/PC_G_EU4" CO2="0.00" CO="0.00" HC="0.00" NOx="0.00" PMx="0.00" fuel="0.00" electricity="0.00" noise="72.32" route="routebottom" type="cfm-slow" waiting="0.00" lane="bottom_0" pos="31.28" speed="28.28" angle="38.22" x="120.72" y="25.58"/>
        <vehicle id="cfm-slow_3" eclass="HBEFA3/PC_G_EU4" CO2="0.00" CO="0.00" HC="0.00" NOx="0.00" PMx="0.00" fuel="0.00" electricity="0.00" noise="71.64" route="routebottom" type="cfm-slow" waiting="0.00" lane="right_0" pos="4.56" speed="27.64" angle="356.33" x="131.55" y="73.53"/>
        <vehicle id="cfm-slow_4" eclass="HBEFA3/PC_G_EU4" CO2="0.00" CO="0.00" HC="0.00" NOx="0.00" PMx="0.00" fuel="0.00" electricity="0.00" noise="71.07" route="routebottom" type="cfm-slow" waiting="0.00" lane="right_0" pos="27.13" speed="26.61" angle="315.69" x="108.82" y="115.31"/>
        <vehicle id="cfm-slow_5" eclass="HBEFA3/PC_G_EU4" CO2="0.00" CO="0.00" HC="0.00" NOx="0.00" PMx="0.00" fuel="0.00" electricity="0.00" noise="70.79" route="routebottom" type="cfm-slow" waiting="0.00" lane="right_0" pos="48.65" speed="25.55" angle="276.99" x="66.67" y="132.21"/>
    </timestep>
    <timestep time="9.12">
        <vehicle id="cfm-fast_0" eclass="HBEFA3/PC_G_EU4" CO2="0.00" CO="0.00" HC="0.00" NOx="0.00" PMx="0.00" fuel="0.00" electricity="0.00" noise="71.21" route="routetop" type="cfm-fast" waiting="0.00" lane="top_0" pos="19.36" speed="24.88" angle="239.60" x="24.45" y="119.96"/>
        <vehicle id="cfm-fast_1" eclass="HBEFA3/PC_G_EU4" CO2="193463.35" CO="6789.34" HC="36.01" NOx="89.49" PMx="6.23" fuel="83.16" electricity="0.00" noise="124.46" route="routebottom" type="cfm-fast" waiting="0.00" lane="bottom_1" pos="35.43" speed="104.21" angle="30.76" x="122.23" y="34.79"/>
        <vehicle id="cfm-fast_2" eclass="HBEFA3/PC_G_EU4" CO2="8290.55" CO="100.21" HC="0.66" NOx="3.25" PMx="0.17" fuel="3.56" electricity="0.00" noise="72.50" route="routetop" type="cfm-fast" waiting="0.00" lane="top_0" pos="35.18" speed="24.86" angle="211.22" x="2.38" y="94.49"/>
        <vehicle id="cfm-fast_3" eclass="HBEFA3/PC_G_EU4" CO2="11503.51" CO="168.65" HC="1.05" NOx="4.75" PMx="0.26" fuel="4.94" electricity="0.00" noise="73.95" route="routetop" type="cfm-fast" waiting="0.00" lane="left_0" pos="1.05" speed="25.53" angle="182.57" x="-4.90" y="61.30"/>
        <vehicle id="cfm-fast_4" eclass="HBEFA3/PC_G_EU4" CO2="12146.60" CO="186.40" HC="1.15" NOx="5.03" PMx="0.28" fuel="5.22" electricity="0.00" noise="74.51" route="routetop" type="cfm-fast" waiting="0.00" lane="left_0" pos="17.66" speed="26.63" angle="152.66" x="5.36" y="27.50"/>
        <vehicle id="cfm-fast_5" eclass="HBEFA3/PC_G_EU4" CO2="103123.66" CO="5207.86" HC="26.59" NOx="46.84" PMx="3.99" fuel="44.33" electricity="0.00" noise="110.66" route="routetop" type="cfm-fast" waiting="0.00" lane="top_1" pos="31.50" speed="108.13" angle="217.76" x="9.09" y="99.51"/>
        <vehicle id="cfm-slow_0" eclass="HBEFA3/PC_G_EU4" CO2="9901.32" CO="145.43" HC="0.91" NOx="3.95" PMx="0.22" fuel="4.26" electricity="0.00" noise="74.04" route="routetop" type="cfm-slow" waiting="0.00" lane="left_0" pos="35.41" speed="27.68" angle="120.79" x="33.28" y="2.16"/>
        <vehicle id="cfm-slow_1" eclass="HBEFA3/PC_G_EU4" CO2="5525.86" CO="58.90" HC="0.41" NOx="1.87" PMx="0.11" fuel="2.38" electricity="0.00" noise="73.13" route="routebottom" type="cfm-slow" waiting="0.00" lane="bottom_0" pos="8.20" speed="28.30" angle="79.65" x="81.20" y="-2.65"/>
        <vehicle id="cfm-slow_2" eclass="HBEFA3/PC_G_EU4" CO2="0.00" CO="0.00" HC="0.00" NOx="0.00" PMx="0.00" fuel="0.00" electricity="0.00" noise="72.31" route="routebottom" type="cfm-slow" waiting="0.00" lane="bottom_0" pos="31.56" speed="28.27" angle="37.71" x="121.06" y="26.09"/>
        <vehicle id="cfm-slow_3" eclass="HBEFA3/PC_G_EU4" CO2="0.00" CO="0.00" HC="0.00" NOx="0.00" PMx="0.00" fuel="0.00" electricity="0.00" noise="71.63" route="routebottom" type="cfm-slow" waiting="0.00" lane="right_0" pos="4.83" speed="27.63" angle="355.83" x="131.47" y="74.11"/>
        <vehicle id="cfm-slow_4" eclass="HBEFA3/PC_G_EU4" CO2="0.00" CO="0.00" HC="0.00" NOx="0.00" PMx="0.00" fuel="0.00" electricity="0.00" noise="71.07" route="routebottom" type="cfm-slow" waiting="0.00" lane="right_0" pos="27.40" speed="26.60" angle="315.19" x="108.38" y="115.68"/>
        <vehicle id="cfm-slow_5" eclass="HBEFA3/PC_G_EU4" CO2="0.00" CO="0.00" HC="0.00" NOx="0.00" PMx="0.00" fuel="0.00" electricity="0.00" noise="70.79" route="routebottom" type="cfm-slow" waiting="0.00" lane="right_0" pos="48.90" speed="25.55" angle="276.56" x="66.12" y="132.23"/>
    </timestep>
    <timestep time="9.13">
        <vehicle id="cfm-fast_0" eclass="HBEFA3/PC_G_EU4" CO2="0.00" CO="0.00" HC="0.00" NOx="0.00" PMx="0.00" fuel="0.00" electricity="0.00" noise="71.22" route="routetop" type="cfm-fast" waiting="0.00" lane="top_0" pos="19.61" speed="24.88" angle="239.15" x="24.02" y="119.64"/>
        <vehicle id="cfm-fast_1" eclass="HBEFA3/PC_G_EU4" CO2="192579.67" CO="6774.17" HC="35.92" NOx="89.07" PMx="6.21" fuel="82.78" electricity="0.00" noise="124.32" route="routebottom" type="cfm-fast" waiting="0.00" lane="bottom_1" pos="36.47" speed="104.25" angle="28.85" x="123.14" y="36.72"/>
        <vehicle id="cfm-fast_2" eclass="HBEFA3/PC_G_EU4" CO2="8322.27" CO="100.89" HC="0.67" NOx="3.27" PMx="0.18" fuel="3.58" electricity="0.00" noise="72.52" route="routetop" type="cfm-fast" waiting="0.00" lane="top_0" pos="35.43" speed="24.86" angle="210.76" x="2.14" y="94.01"/>
        <vehicle id="cfm-fast_3" eclass="HBEFA3/PC_G_EU4" CO2="11511.58" CO="168.86" HC="1.06" NOx="4.76" PMx="0.26" fuel="4.95" electricity="0.00" noise="73.96" route="routetop" type="cfm-fast" waiting="0.00" lane="left_0" pos="1.31" speed="25.54" angle="182.13" x="-4.88" y="60.76"/>
        <vehicle id="cfm-fast_4" eclass="HBEFA3/PC_G_EU4" CO2="12126.46" CO="186.04" HC="1.15" NOx="5.02" PMx="0.28" fuel="5.21" electricity="0.00" noise="74.51" route="routetop" type="cfm-fast" waiting="0.00" lane="left_0" pos="17.93" speed="26.64" angle="152.24" x="5.65" y="27.01"/>
        <vehicle id="cfm-fast_5" eclass="HBEFA3/PC_G_EU4" CO2="102843.52" CO="5202.67" HC="26.56" NOx="46.71" PMx="3.98" fuel="44.21" electricity="0.00" noise="110.62" route="routetop" type="cfm-fast" waiting="0.00" lane="top_1" pos="32.58" speed="108.14" angle="215.87" x="7.90" y="97.64"/>
        <vehicle id="cfm-slow_0" eclass="HBEFA3/PC_G_EU4" CO2="9859.58" CO="144.61" HC="0.91" NOx="3.93" PMx="0.22" fuel="4.24" electricity="0.00" noise="74.03" route="routetop" type="cfm-slow" waiting="0.00" lane="left_0" pos="35.69" speed="27.68" angle="120.28" x="33.81" y="1.89"/>
        <vehicle id="cfm-slow_1" eclass="HBEFA3/PC_G_EU4" CO2="5479.94" CO="57.96" HC="0.40" NOx="1.85" PMx="0.11" fuel="2.36" electricity="0.00" noise="73.12" route="routebottom" type="cfm-slow" waiting="0.00" lane="bottom_0" pos="8.48" speed="28.30" angle="79.13" x="81.79" y="-2.49"/>
        <vehicle id="cfm-slow_2" eclass="HBEFA3/PC_G_EU4" CO2="0.00" CO="0.00" HC="0.00" NOx="0.00" PMx="0.00" fuel="0.00" electricity="0.00" noise="72.30" route="routebottom" type="cfm-slow" waiting="0.00" lane="bottom_0" pos="31.84" speed="28.27" angle="37.21" x="121.40" y="26.59"/>
        <vehicle id="cfm-slow_3" eclass="HBEFA3/PC_G_EU4" CO2="0.00" CO="0.00" HC="0.00" NOx="0.00" PMx="0.00" fuel="0.00" electricity="0.00" noise="71.63" route="routebottom" type="cfm-slow" waiting="0.00" lane="right_0" pos="5.11" speed="27.62" angle="355.28" x="131.38" y="74.70"/>
        <vehicle id="cfm-slow_4" eclass="HBEFA3/PC_G_EU4" CO2="0.00" CO="0.00" HC="0.00" NOx="0.00" PMx="0.00" fuel="0.00" electricity="0.00" noise="71.06" route="routebottom" type="cfm-slow" waiting="0.00" lane="right_0" pos="27.67" speed="26.58" angle="314.69" x="107.95" y="116.05"/>
        <vehicle id="cfm-slow_5" eclass="HBEFA3/PC_G_EU4" CO2="0.00" CO="0.00" HC="0.00" NOx="0.00" PMx="0.00" fuel="0.00" electricity="0.00" noise="70.79" route="routebottom" type="cfm-slow" waiting="0.00" lane="right_0" pos="49.16" speed="25.54" angle="276.09" x="65.57" y="132.24"/>
    </timestep>
    <timestep time="9.14">
        <vehicle id="cfm-fast_0" eclass="HBEFA3/PC_G_EU4" CO2="0.00" CO="0.00" HC="0.00" NOx="0.00" PMx="0.00" fuel="0.00" electricity="0.00" noise="71.23" route="routetop" type="cfm-fast" waiting="0.00" lane="top_0" pos="19.85" speed="24.87" angle="238.70" x="23.59" y="119.33"/>
        <vehicle id="cfm-fast_1" eclass="HBEFA3/PC_G_EU4" CO2="191701.02" CO="6759.07" HC="35.83" NOx="88.66" PMx="6.19" fuel="82.40" electricity="0.00" noise="124.18" route="routebottom" type="cfm-fast" waiting="0.00" lane="bottom_1" pos="37.51" speed="104.30" angle="26.96" x="123.99" y="38.68"/>
        <vehicle id="cfm-fast_2" eclass="HBEFA3/PC_G_EU4" CO2="8353.77" CO="101.56" HC="0.67" NOx="3.28" PMx="0.18" fuel="3.59" electricity="0.00" noise="72.53" route="routetop" type="cfm-fast" waiting="0.00" lane="top_0" pos="35.68" speed="24.87" angle="210.30" x="1.90" y="93.53"/>
        <vehicle id="cfm-fast_3" eclass="HBEFA3/PC_G_EU4" CO2="11519.39" CO="169.06" HC="1.06" NOx="4.76" PMx="0.26" fuel="4.95" electricity="0.00" noise="73.96" route="routetop" type="cfm-fast" waiting="0.00" lane="left_0" pos="1.56" speed="25.55" angle="181.67" x="-4.85" y="60.21"/>
        <vehicle id="cfm-fast_4" eclass="HBEFA3/PC_G_EU4" CO2="12106.11" CO="185.67" HC="1.15" NOx="5.01" PMx="0.28" fuel="5.20" electricity="0.00" noise="74.50" route="routetop" type="cfm-fast" waiting="0.00" lane="left_0" pos="18.19" speed="26.65" angle="151.75" x="5.97" y="26.53"/>
        <vehicle id="cfm-fast_5" eclass="HBEFA3/PC_G_EU4" CO2="102568.18" CO="5197.57" HC="26.53" NOx="46.58" PMx="3.97" fuel="44.09" electricity="0.00" noise="110.58" route="routetop" type="cfm-fast" waiting="0.00" lane="top_1" pos="33.66" speed="108.15" angle="213.96" x="6.77" y="95.73"/>
        <vehicle id="cfm-slow_0" eclass="HBEFA3/PC_G_EU4" CO2="9817.79" CO="143.78" HC="0.90" NOx="3.91" PMx="0.22" fuel="4.22" electricity="0.00" noise="74.02" route="routetop" type="cfm-slow" waiting="0.00" lane="left_0" pos="35.97" speed="27.69" angle="119.83" x="34.34" y="1.63"/>
        <vehicle id="cfm-slow_1" eclass="HBEFA3/PC_G_EU4" CO2="5434.12" CO="57.02" HC="0.40" NOx="1.83" PMx="0.11" fuel="2.34" electricity="0.00" noise="73.11" route="routebottom" type="cfm-slow" waiting="0.00" lane="bottom_0" pos="8.76" speed="28.30" angle="78.61" x="82.38" y="-2.34"/>
        <vehicle id="cfm-slow_2" eclass="HBEFA3/PC_G_EU4" CO2="0.00" CO="0.00" HC="0.00" NOx="0.00" PMx="0.00" fuel="0.00" electricity="0.00" noise="72.30" route="routebottom" type="cfm-slow" waiting="0.00" lane="bottom_0" pos="32.13" speed="28.26" angle="36.76" x="121.73" y="27.10"/>
        <vehicle id="cfm-slow_3" eclass="HBEFA3/PC_G_EU4" CO2="0.00" CO="0.00" HC="0.00" NOx="0.00" PMx="0.00" fuel="0.00" electricity="0.00" noise="71.62" route="routebottom" type="cfm-slow" waiting="0.00" lane="right_0" pos="5.38" speed="27.61" angle="354.77" x="131.27" y="75.29"/>
        <vehicle id="cfm-slow_4" eclass="HBEFA3/PC_G_EU4" CO2="0.00" CO="0.00" HC="0.00" NOx="0.00" PMx="0.00" fuel="0.00" electricity="0.00" noise="71.06" route="routebottom" type="cfm-slow" waiting="0.00" lane="right_0" pos="27.93" speed="26.57" angle="314.19" x="107.51" y="116.42"/>
        <vehicle id="cfm-slow_5" eclass="HBEFA3/PC_G_EU4" CO2="0.00" CO="0.00" HC="0.00" NOx="0.00" PMx="0.00" fuel="0.00" electricity="0.00" noise="70.80" route="routebottom" type="cfm-slow" waiting="0.00" lane="right_0" pos="49.41" speed="25.53" angle="275.61" x="65.02" y="132.25"/>
    </timestep>
    <timestep time="9.15">
        <vehicle id="cfm-fast_0" eclass="HBEFA3/PC_G_EU4" CO2="0.00" CO="0.00" HC="0.00" NOx="0.00" PMx="0.00" fuel="0.00" electricity="0.00" noise="71.24" route="routetop" type="cfm-fast" waiting="0.00" lane="top_0" pos="20.10" speed="24.87" angle="238.25" x="23.15" y="119.02"/>
        <vehicle id="cfm-fast_1" eclass="HBEFA3/PC_G_EU4" CO2="190827.44" CO="6744.06" HC="35.74" NOx="88.25" PMx="6.17" fuel="82.03" electricity="0.00" noise="124.04" route="routebottom" type="cfm-fast" waiting="0.00" lane="bottom_1" pos="38.56" speed="104.34" angle="25.10" x="124.78" y="40.67"/>
        <vehicle id="cfm-fast_2" eclass="HBEFA3/PC_G_EU4" CO2="8385.06" CO="102.22" HC="0.67" NOx="3.30" PMx="0.18" fuel="3.60" electricity="0.00" noise="72.54" route="routetop" type="cfm-fast" waiting="0.00" lane="top_0" pos="35.93" speed="24.87" angle="209.90" x="1.66" y="93.05"/>
        <vehicle id="cfm-fast_3" eclass="HBEFA3/PC_G_EU4" CO2="11526.94" CO="169.25" HC="1.06" NOx="4.76" PMx="0.26" fuel="4.95" electricity="0.00" noise="73.97" route="routetop" type="cfm-fast" waiting="0.00" lane="left_0" pos="1.82" speed="25.57" angle="181.21" x="-4.82" y="59.66"/>
        <vehicle id="cfm-fast_4" eclass="HBEFA3/PC_G_EU4" CO2="12085.55" CO="185.29" HC="1.15" NOx="5.00" PMx="0.28" fuel="5.19" electricity="0.00" noise="74.50" route="routetop" type="cfm-fast" waiting="0.00" lane="left_0" pos="18.46" speed="26.66" angle="151.25" x="6.29" y="26.05"/>
        <vehicle id="cfm-fast_5" eclass="HBEFA3/PC_G_EU4" CO2="102297.57" CO="5192.57" HC="26.50" NOx="46.45" PMx="3.97" fuel="43.97" electricity="0.00" noise="110.54" route="routetop" type="cfm-fast" waiting="0.00" lane="top_1" pos="34.75" speed="108.15" angle="212.04" x="5.71" y="93.78"/>
        <vehicle id="cfm-slow_0" eclass="HBEFA3/PC_G_EU4" CO2="9775.93" CO="142.96" HC="0.90" NOx="3.89" PMx="0.22" fuel="4.20" electricity="0.00" noise="74.01" route="routetop" type="cfm-slow" waiting="0.00" lane="left_0" pos="36.24" speed="27.70" angle="119.31" x="34.89" y="1.38"/>
        <vehicle id="cfm-slow_1" eclass="HBEFA3/PC_G_EU4" CO2="5388.42" CO="56.08" HC="0.39" NOx="1.81" PMx="0.11" fuel="2.32" electricity="0.00" noise="73.10" route="routebottom" type="cfm-slow" waiting="0.00" lane="bottom_0" pos="9.05" speed="28.30" angle="78.15" x="82.96" y="-2.17"/>
        <vehicle id="cfm-slow_2" eclass="HBEFA3/PC_G_EU4" CO2="0.00" CO="0.00" HC="0.00" NOx="0.00" PMx="0.00" fuel="0.00" electricity="0.00" noise="72.29" route="routebottom" type="cfm-slow" waiting="0.00" lane="bottom_0" pos="32.41" speed="28.25" angle="36.24" x="122.04" y="27.62"/>
        <vehicle id="cfm-slow_3" eclass="HBEFA3/PC_G_EU4" CO2="0.00" CO="0.00" HC="0.00" NOx="0.00" PMx="0.00" fuel="0.00" electricity="0.00" noise="71.62" route="routebottom" type="cfm-slow" waiting="0.00" lane="right_0" pos="5.66" speed="27.60" angle="354.25" x="131.17" y="75.87"/>
        <vehicle id="cfm-slow_4" eclass="HBEFA3/PC_G_EU4" CO2="0.00" CO="0.00" HC="0.00" NOx="0.00" PMx="0.00" fuel="0.00" electricity="0.00" noise="71.06" route="routebottom" type="cfm-slow" waiting="0.00" lane="right_0" pos="28.20" speed="26.56" angle="313.75" x="107.08" y="116.79"/>
        <vehicle id="cfm-slow_5" eclass="HBEFA3/PC_G_EU4" CO2="0.00" CO="0.00" HC="0.00" NOx="0.00" PMx="0.00" fuel="0.00" electricity="0.00" noise="70.80" route="routebottom" type="cfm-slow" waiting="0.00" lane="right_0" pos="49.67" speed="25.53" angle="275.13" x="64.47" y="132.26"/>
    </timestep>
    <timestep time="9.16">
        <vehicle id="cfm-fast_0" eclass="HBEFA3/PC_G_EU4" CO2="0.00" CO="0.00" HC="0.00" NOx="0.00" PMx="0.00" fuel="0.00" electricity="0.00" noise="71.25" route="routetop" type="cfm-fast" waiting="0.00" lane="top_0" pos="20.35" speed="24.87" angle="237.80" x="22.72" y="118.70"/>
        <vehicle id="cfm-fast_1" eclass="HBEFA3/PC_G_EU4" CO2="189958.92" CO="6729.13" HC="35.65" NOx="87.84" PMx="6.15" fuel="81.66" electricity="0.00" noise="123.91" route="routebottom" type="cfm-fast" waiting="0.00" lane="bottom_1" pos="39.60" speed="104.38" angle="23.22" x="125.51" y="42.68"/>
        <vehicle id="cfm-fast_2" eclass="HBEFA3/PC_G_EU4" CO2="8416.12" CO="102.88" HC="0.68" NOx="3.31" PMx="0.18" fuel="3.62" electricity="0.00" noise="72.56" route="routetop" type="cfm-fast" waiting="0.00" lane="top_0" pos="36.18" speed="24.88" angle="209.43" x="1.44" y="92.56"/>
        <vehicle id="cfm-fast_3" eclass="HBEFA3/PC_G_EU4" CO2="11534.23" CO="169.44" HC="1.06" NOx="4.77" PMx="0.26" fuel="4.96" electricity="0.00" noise="73.98" route="routetop" type="cfm-fast" waiting="0.00" lane="left_0" pos="2.08" speed="25.58" angle="180.75" x="-4.79" y="59.11"/>
        <vehicle id="cfm-fast_4" eclass="HBEFA3/PC_G_EU4" CO2="12064.79" CO="184.91" HC="1.14" NOx="4.99" PMx="0.28" fuel="5.19" electricity="0.00" noise="74.49" route="routetop" type="cfm-fast" waiting="0.00" lane="left_0" pos="18.73" speed="26.67" angle="150.75" x="6.61" y="25.57"/>
        <vehicle id="cfm-fast_5" eclass="HBEFA3/PC_G_EU4" CO2="102031.59" CO="5187.65" HC="26.47" NOx="46.33" PMx="3.96" fuel="43.86" electricity="0.00" noise="110.50" route="routetop" type="cfm-fast" waiting="0.00" lane="top_1" pos="35.83" speed="108.16" angle="210.09" x="4.72" y="91.80"/>
        <vehicle id="cfm-slow_0" eclass="HBEFA3/PC_G_EU4" CO2="9734.02" CO="142.13" HC="0.89" NOx="3.87" PMx="0.22" fuel="4.18" electricity="0.00" noise="74.00" route="routetop" type="cfm-slow" waiting="0.00" lane="left_0" pos="36.52" speed="27.70" angle="118.79" x="35.43" y="1.14"/>
        <vehicle id="cfm-slow_1" eclass="HBEFA3/PC_G_EU4" CO2="5342.84" CO="55.14" HC="0.39" NOx="1.78" PMx="0.11" fuel="2.30" electricity="0.00" noise="73.09" route="routebottom" type="cfm-slow" waiting="0.00" lane="bottom_0" pos="9.33" speed="28.30" angle="77.63" x="83.54" y="-1.99"/>
        <vehicle id="cfm-slow_2" eclass="HBEFA3/PC_G_EU4" CO2="0.00" CO="0.00" HC="0.00" NOx="0.00" PMx="0.00" fuel="0.00" electricity="0.00" noise="72.28" route="routebottom" type="cfm-slow" waiting="0.00" lane="bottom_0" pos="32.69" speed="28.25" angle="35.71" x="122.36" y="28.15"/>
        <vehicle id="cfm-slow_3" eclass="HBEFA3/PC_G_EU4" CO2="0.00" CO="0.00" HC="0.00" NOx="0.00" PMx="0.00" fuel="0.00" electricity="0.00" noise="71.61" route="routebottom" type="cfm-slow" waiting="0.00" lane="right_0" pos="5.94" speed="27.59" angle="353.74" x="131.06" y="76.45"/>
        <vehicle id="cfm-slow_4" eclass="HBEFA3/PC_G_EU4" CO2="0.00" CO="0.00" HC="0.00" NOx="0.00" PMx="0.00" fuel="0.00" electricity="0.00" noise="71.05" route="routebottom" type="cfm-slow" waiting="0.00" lane="right_0" pos="28.46" speed="26.55" angle="313.28" x="106.63" y="117.14"/>
        <vehicle id="cfm-slow_5" eclass="HBEFA3/PC_G_EU4" CO2="0.00" CO="0.00" HC="0.00" NOx="0.00" PMx="0.00" fuel="0.00" electricity="0.00" noise="70.80" route="routebottom" type="cfm-slow" waiting="0.00" lane="right_0" pos="49.92" speed="25.52" angle="274.66" x="63.92" y="132.27"/>
    </timestep>
    <timestep time="9.17">
        <vehicle id="cfm-fast_0" eclass="HBEFA3/PC_G_EU4" CO2="0.00" CO="0.00" HC="0.00" NOx="0.00" PMx="0.00" fuel="0.00" electricity="0.00" noise="71.26" route="routetop" type="cfm-fast" waiting="0.00" lane="top_0" pos="20.60" speed="24.87" angle="237.40" x="22.29" y="118.38"/>
        <vehicle id="cfm-fast_1" eclass="HBEFA3/PC_G_EU4" CO2="189095.47" CO="6714.27" HC="35.56" NOx="87.43" PMx="6.12" fuel="81.28" electricity="0.00" noise="123.77" route="routebottom" type="cfm-fast" waiting="0.00" lane="bottom_1" pos="40.64" speed="104.42" angle="21.36" x="126.16" y="44.72"/>
        <vehicle id="cfm-fast_2" eclass="HBEFA3/PC_G_EU4" CO2="8446.97" CO="103.53" HC="0.68" NOx="3.33" PMx="0.18" fuel="3.63" electricity="0.00" noise="72.57" route="routetop" type="cfm-fast" waiting="0.00" lane="top_0" pos="36.43" speed="24.89" angle="208.97" x="1.22" y="92.07"/>
        <vehicle id="cfm-fast_3" eclass="HBEFA3/PC_G_EU4" CO2="11541.25" CO="169.63" HC="1.06" NOx="4.77" PMx="0.26" fuel="4.96" electricity="0.00" noise="73.98" route="routetop" type="cfm-fast" waiting="0.00" lane="left_0" pos="2.33" speed="25.59" angle="180.29" x="-4.75" y="58.56"/>
        <vehicle id="cfm-fast_4" eclass="HBEFA3/PC_G_EU4" CO2="12043.82" CO="184.53" HC="1.14" NOx="4.98" PMx="0.28" fuel="5.18" electricity="0.00" noise="74.49" route="routetop" type="cfm-fast" waiting="0.00" lane="left_0" pos="18.99" speed="26.68" angle="150.25" x="6.92" y="25.09"/>
        <vehicle id="cfm-fast_5" eclass="HBEFA3/PC_G_EU4" CO2="101770.15" CO="5182.82" HC="26.44" NOx="46.20" PMx="3.95" fuel="43.75" electricity="0.00" noise="110.46" route="routetop" type="cfm-fast" waiting="0.00" lane="top_1" pos="36.91" speed="108.17" angle="208.08" x="3.80" y="89.78"/>
        <vehicle id="cfm-slow_0" eclass="HBEFA3/PC_G_EU4" CO2="9692.06" CO="141.30" HC="0.89" NOx="3.85" PMx="0.22" fuel="4.17" electricity="0.00" noise="73.99" route="routetop" type="cfm-slow" waiting="0.00" lane="left_0" pos="36.80" speed="27.71" angle="118.27" x="35.97" y="0.89"/>
        <vehicle id="cfm-slow_1" eclass="HBEFA3/PC_G_EU4" CO2="5297.38" CO="54.20" HC="0.38" NOx="1.76" PMx="0.11" fuel="2.28" electricity="0.00" noise="73.08" route="routebottom" type="cfm-slow" waiting="0.00" lane="bottom_0" pos="9.61" speed="28.30" angle="77.11" x="84.13" y="-1.81"/>
        <vehicle id="cfm-slow_2" eclass="HBEFA3/PC_G_EU4" CO2="0.00" CO="0.00" HC="0.00" NOx="0.00" PMx="0.00" fuel="0.00" electricity="0.00" noise="72.28" route="routebottom" type="cfm-slow" waiting="0.00" lane="bottom_0" pos="32.97" speed="28.24" angle="35.18" x="122.67" y="28.67"/>
        <vehicle id="cfm-slow_3" eclass="HBEFA3/PC_G_EU4" CO2="0.00" CO="0.00" HC="0.00" NOx="0.00" PMx="0.00" fuel="0.00" electricity="0.00" noise="71.61" route="routebottom" type="cfm-slow" waiting="0.00" lane="right_0" pos="6.21" speed="27.58" angle="353.22" x="130.95" y="77.04"/>
        <vehicle id="cfm-slow_4" eclass="HBEFA3/PC_G_EU4" CO2="0.00" CO="0.00" HC="0.00" NOx="0.00" PMx="0.00" fuel="0.00" electricity="0.00" noise="71.05" route="routebottom" type="cfm-slow" waiting="0.00" lane="right_0" pos="28.73" speed="26.54" angle="312.79" x="106.18" y="117.49"/>
        <vehicle id="cfm-slow_5" eclass="HBEFA3/PC_G_EU4" CO2="0.00" CO="0.00" HC="0.00" NOx="0.00" PMx="0.00" fuel="0.00" electricity="0.00" noise="70.80" route="routetop" type="cfm-slow" waiting="0.00" lane="top_0" pos="0.18" speed="25.51" angle="274.15" x="63.19" y="132.26"/>
    </timestep>
    <timestep time="9.18">
        <vehicle id="cfm-fast_0" eclass="HBEFA3/PC_G_EU4" CO2="0.00" CO="0.00" HC="0.00" NOx="0.00" PMx="0.00" fuel="0.00" electricity="0.00" noise="71.27" route="routetop" type="cfm-fast" waiting="0.00" lane="top_0" pos="20.85" speed="24.87" angle="236.94" x="21.87" y="118.05"/>
        <vehicle id="cfm-fast_1" eclass="HBEFA3/PC_G_EU4" CO2="188237.11" CO="6699.50" HC="35.47" NOx="87.02" PMx="6.10" fuel="80.91" electricity="0.00" noise="123.63" route="routebottom" type="cfm-fast" waiting="0.00" lane="bottom_1" pos="41.69" speed="104.47" angle="19.47" x="126.74" y="46.78"/>
        <vehicle id="cfm-fast_2" eclass="HBEFA3/PC_G_EU4" CO2="8477.59" CO="104.18" HC="0.69" NOx="3.34" PMx="0.18" fuel="3.64" electricity="0.00" noise="72.58" route="routetop" type="cfm-fast" waiting="0.00" lane="top_0" pos="36.68" speed="24.89" angle="208.50" x="1.00" y="91.59"/>
        <vehicle id="cfm-fast_3" eclass="HBEFA3/PC_G_EU4" CO2="11548.01" CO="169.81" HC="1.06" NOx="4.77" PMx="0.26" fuel="4.96" electricity="0.00" noise="73.99" route="routetop" type="cfm-fast" waiting="0.00" lane="left_0" pos="2.59" speed="25.60" angle="179.85" x="-4.72" y="58.01"/>
        <vehicle id="cfm-fast_4" eclass="HBEFA3/PC_G_EU4" CO2="12022.65" CO="184.14" HC="1.14" NOx="4.97" PMx="0.28" fuel="5.17" electricity="0.00" noise="74.48" route="routetop" type="cfm-fast" waiting="0.00" lane="left_0" pos="19.26" speed="26.69" angle="149.81" x="7.25" y="24.62"/>
        <vehicle id="cfm-fast_5" eclass="HBEFA3/PC_G_EU4" CO2="101513.17" CO="5178.07" HC="26.41" NOx="46.08" PMx="3.95" fuel="43.64" electricity="0.00" noise="110.42" route="routetop" type="cfm-fast" waiting="0.00" lane="top_1" pos="37.99" speed="108.18" angle="206.10" x="2.96" y="87.73"/>
        <vehicle id="cfm-slow_0" eclass="HBEFA3/PC_G_EU4" CO2="9650.05" CO="140.47" HC="0.88" NOx="3.83" PMx="0.22" fuel="4.15" electricity="0.00" noise="73.98" route="routetop" type="cfm-slow" waiting="0.00" lane="left_0" pos="37.07" speed="27.72" angle="117.76" x="36.52" y="0.65"/>
        <vehicle id="cfm-slow_1" eclass="HBEFA3/PC_G_EU4" CO2="5252.04" CO="53.27" HC="0.38" NOx="1.74" PMx="0.11" fuel="2.26" electricity="0.00" noise="73.07" route="routebottom" type="cfm-slow" waiting="0.00" lane="bottom_0" pos="9.90" speed="28.30" angle="76.59" x="84.71" y="-1.63"/>
        <vehicle id="cfm-slow_2" eclass="HBEFA3/PC_G_EU4" CO2="0.00" CO="0.00" HC="0.00" NOx="0.00" PMx="0.00" fuel="0.00" electricity="0.00" noise="72.27" route="routebottom" type="cfm-slow" waiting="0.00" lane="bottom_0" pos="33.26" speed="28.24" angle="34.67" x="122.98" y="29.19"/>
        <vehicle id="cfm-slow_3" eclass="HBEFA3/PC_G_EU4" CO2="0.00" CO="0.00" HC="0.00" NOx="0.00" PMx="0.00" fuel="0.00" electricity="0.00" noise="71.60" route="routebottom" type="cfm-slow" waiting="0.00" lane="right_0" pos="6.49" speed="27.57" angle="352.77" x="130.84" y="77.62"/>
        <vehicle id="cfm-slow_4" eclass="HBEFA3/PC_G_EU4" CO2="0.00" CO="0.00" HC="0.00" NOx="0.00" PMx="0.00" fuel="0.00" electricity="0.00" noise="71.05" route="routebottom" type="cfm-slow" waiting="0.00" lane="right_0" pos="28.99" speed="26.53" angle="312.31" x="105.73" y="117.85"/>
        <vehicle id="cfm-slow_5" eclass="HBEFA3/PC_G_EU4" CO2="0.00" CO="0.00" HC="0.00" NOx="0.00" PMx="0.00" fuel="0.00" electricity="0.00" noise="70.81" route="routetop" type="cfm-slow" waiting="0.00" lane="top_0" pos="0.43" speed="25.51" angle="273.69" x="62.64" y="132.25"/>
    </timestep>
    <timestep time="9.19">
        <vehicle id="cfm-fast_0" eclass="HBEFA3/PC_G_EU4" CO2="0.00" CO="0.00" HC="0.00" NOx="0.00" PMx="0.00" fuel="0.00" electricity="0.00" noise="71.28" route="routetop" type="cfm-fast" waiting="0.00" lane="top_0" pos="21.10" speed="24.87" angle="236.48" x="21.45" y="117.72"/>
        <vehicle id="cfm-fast_1" eclass="HBEFA3/PC_G_EU4" CO2="187383.83" CO="6684.81" HC="35.38" NOx="86.62" PMx="6.08" fuel="80.55" electricity="0.00" noise="123.50" route="routebottom" type="cfm-fast" waiting="0.00" lane="bottom_1" pos="42.73" speed="104.51" angle="17.62" x="127.26" y="48.86"/>
        <vehicle id="cfm-fast_2" eclass="HBEFA3/PC_G_EU4" CO2="8508.00" CO="104.83" HC="0.69" NOx="3.35" PMx="0.18" fuel="3.66" electricity="0.00" noise="72.60" route="routetop" type="cfm-fast" waiting="0.00" lane="top_0" pos="36.93" speed="24.90" angle="208.03" x="0.78" y="91.10"/>
        <vehicle id="cfm-fast_3" eclass="HBEFA3/PC_G_EU4" CO2="11554.51" CO="169.98" HC="1.06" NOx="4.78" PMx="0.26" fuel="4.97" electricity="0.00" noise="73.99" route="routetop" type="cfm-fast" waiting="0.00" lane="left_0" pos="2.84" speed="25.61" angle="179.40" x="-4.66" y="57.46"/>
        <vehicle id="cfm-fast_4" eclass="HBEFA3/PC_G_EU4" CO2="12001.28" CO="183.75" HC="1.14" NOx="4.96" PMx="0.28" fuel="5.16" electricity="0.00" noise="74.48" route="routetop" type="cfm-fast" waiting="0.00" lane="left_0" pos="19.53" speed="26.70" angle="149.32" x="7.58" y="24.15"/>
        <vehicle id="cfm-fast_5" eclass="HBEFA3/PC_G_EU4" CO2="101260.57" CO="5173.40" HC="26.38" NOx="45.96" PMx="3.94" fuel="43.53" electricity="0.00" noise="110.38" route="routetop" type="cfm-fast" waiting="0.00" lane="top_1" pos="39.07" speed="108.18" angle="204.15" x="2.18" y="85.65"/>
        <vehicle id="cfm-slow_0" eclass="HBEFA3/PC_G_EU4" CO2="9607.98" CO="139.64" HC="0.88" NOx="3.81" PMx="0.22" fuel="4.13" electricity="0.00" noise="73.97" route="routetop" type="cfm-slow" waiting="0.00" lane="left_0" pos="37.35" speed="27.72" angle="117.31" x="37.07" y="0.42"/>
        <vehicle id="cfm-slow_1" eclass="HBEFA3/PC_G_EU4" CO2="0.00" CO="0.00" HC="0.00" NOx="0.00" PMx="0.00" fuel="0.00" electricity="0.00" noise="73.06" route="routebottom" type="cfm-slow" waiting="0.00" lane="bottom_0" pos="10.18" speed="28.30" angle="76.11" x="85.29" y="-1.45"/>
        <vehicle id="cfm-slow_2" eclass="HBEFA3/PC_G_EU4" CO2="0.00" CO="0.00" HC="0.00" NOx="0.00" PMx="0.00" fuel="0.00" electricity="0.00" noise="72.26" route="routebottom" type="cfm-slow" waiting="0.00" lane="bottom_0" pos="33.54" speed="28.23" angle="34.18" x="123.28" y="29.72"/>
        <vehicle id="cfm-slow_3" eclass="HBEFA3/PC_G_EU4" CO2="0.00" CO="0.00" HC="0.00" NOx="0.00" PMx="0.00" fuel="0.00" electricity="0.00" noise="71.60" route="routebottom" type="cfm-slow" waiting="0.00" lane="right_0" pos="6.76" speed="27.56" angle="352.25" x="130.71" y="78.20"/>
        <vehicle id="cfm-slow_4" eclass="HBEFA3/PC_G_EU4" CO2="0.00" CO="0.00" HC="0.00" NOx="0.00" PMx="0.00" fuel="0.00" electricity="0.00" noise="71.04" route="routebottom" type="cfm-slow" waiting="0.00" lane="right_0" pos="29.26" speed="26.52" angle="311.82" x="105.28" y="118.20"/>
        <vehicle id="cfm-slow_5" eclass="HBEFA3/PC_G_EU4" CO2="0.00" CO="0.00" HC="0.00" NOx="0.00" PMx="0.00" fuel="0.00" electricity="0.00" noise="70.81" route="routetop" type="cfm-slow" waiting="0.00" lane="top_0" pos="0.69" speed="25.50" angle="273.23" x="62.09" y="132.24"/>
    </timestep>
    <timestep time="9.20">
        <vehicle id="cfm-fast_0" eclass="HBEFA3/PC_G_EU4" CO2="0.00" CO="0.00" HC="0.00" NOx="0.00" PMx="0.00" fuel="0.00" electricity="0.00" noise="71.29" route="routetop" type="cfm-fast" waiting="0.00" lane="top_0" pos="21.35" speed="24.87" angle="236.03" x="21.02" y="117.39"/>
        <vehicle id="cfm-fast_1" eclass="HBEFA3/PC_G_EU4" CO2="186535.64" CO="6670.21" HC="35.30" NOx="86.22" PMx="6.06" fuel="80.18" electricity="0.00" noise="123.36" route="routebottom" type="cfm-fast" waiting="0.00" lane="bottom_1" pos="43.78" speed="104.55" angle="15.80" x="127.72" y="50.96"/>
        <vehicle id="cfm-fast_2" eclass="HBEFA3/PC_G_EU4" CO2="8538.18" CO="105.47" HC="0.69" NOx="3.37" PMx="0.18" fuel="3.67" electricity="0.00" noise="72.61" route="routetop" type="cfm-fast" waiting="0.00" lane="top_0" pos="37.18" speed="24.91" angle="207.63" x="0.56" y="90.61"/>
        <vehicle id="cfm-fast_3" eclass="HBEFA3/PC_G_EU4" CO2="11560.75" CO="170.15" HC="1.06" NOx="4.78" PMx="0.26" fuel="4.97" electricity="0.00" noise="74.00" route="routetop" type="cfm-fast" waiting="0.00" lane="left_0" pos="3.10" speed="25.62" angle="178.94" x="-4.60" y="56.91"/>
        <vehicle id="cfm-fast_4" eclass="HBEFA3/PC_G_EU4" CO2="11979.70" CO="183.36" HC="1.13" NOx="4.95" PMx="0.28" fuel="5.15" electricity="0.00" noise="74.47" route="routetop" type="cfm-fast" waiting="0.00" lane="left_0" pos="19.79" speed="26.71" angle="148.82" x="7.92" y="23.69"/>
        <vehicle id="cfm-fast_5" eclass="HBEFA3/PC_G_EU4" CO2="101012.26" CO="5168.82" HC="26.36" NOx="45.84" PMx="3.93" fuel="43.42" electricity="0.00" noise="110.35" route="routetop" type="cfm-fast" waiting="0.00" lane="top_1" pos="40.15" speed="108.19" angle="202.22" x="1.46" y="83.55"/>
        <vehicle id="cfm-slow_0" eclass="HBEFA3/PC_G_EU4" CO2="9565.87" CO="138.81" HC="0.87" NOx="3.79" PMx="0.22" fuel="4.11" electricity="0.00" noise="73.96" route="routetop" type="cfm-slow" waiting="0.00" lane="left_0" pos="37.63" speed="27.73" angle="116.80" x="37.62" y="0.19"/>
        <vehicle id="cfm-slow_1" eclass="HBEFA3/PC_G_EU4" CO2="0.00" CO="0.00" HC="0.00" NOx="0.00" PMx="0.00" fuel="0.00" electricity="0.00" noise="73.05" route="routebottom" type="cfm-slow" waiting="0.00" lane="bottom_0" pos="10.46" speed="28.30" angle="75.61" x="85.86" y="-1.25"/>
        <vehicle id="cfm-slow_2" eclass="HBEFA3/PC_G_EU4" CO2="0.00" CO="0.00" HC="0.00" NOx="0.00" PMx="0.00" fuel="0.00" electricity="0.00" noise="72.25" route="routebottom" type="cfm-slow" waiting="0.00" lane="bottom_0" pos="33.82" speed="28.22" angle="33.67" x="123.57" y="30.25"/>
        <vehicle id="cfm-slow_3" eclass="HBEFA3/PC_G_EU4" CO2="0.00" CO="0.00" HC="0.00" NOx="0.00" PMx="0.00" fuel="0.00" electricity="0.00" noise="71.59" route="routebottom" type="cfm-slow" waiting="0.00" lane="right_0" pos="7.04" speed="27.55" angle="351.74" x="130.58" y="78.78"/>
        <vehicle id="cfm-slow_4" eclass="HBEFA3/PC_G_EU4" CO2="0.00" CO="0.00" HC="0.00" NOx="0.00" PMx="0.00" fuel="0.00" electricity="0.00" noise="71.04" route="routebottom" type="cfm-slow" waiting="0.00" lane="right_0" pos="29.52" speed="26.51" angle="311.40" x="104.83" y="118.55"/>
        <vehicle id="cfm-slow_5" eclass="HBEFA3/PC_G_EU4" CO2="0.00" CO="0.00" HC="0.00" NOx="0.00" PMx="0.00" fuel="0.00" electricity="0.00" noise="70.81" route="routetop" type="cfm-slow" waiting="0.00" lane="top_0" pos="0.94" speed="25.49" angle="272.77" x="61.54" y="132.23"/>
    </timestep>
    <timestep time="9.21">
        <vehicle id="cfm-fast_0" eclass="HBEFA3/PC_G_EU4" CO2="0.00" CO="0.00" HC="0.00" NOx="0.00" PMx="0.00" fuel="0.00" electricity="0.00" noise="71.30" route="routetop" type="cfm-fast" waiting="0.00" lane="top_0" pos="21.60" speed="24.87" angle="235.57" x="20.60" y="117.06"/>
        <vehicle id="cfm-fast_1" eclass="HBEFA3/PC_G_EU4" CO2="185692.55" CO="6655.68" HC="35.21" NOx="85.82" PMx="6.04" fuel="79.82" electricity="0.00" noise="123.23" route="routebottom" type="cfm-fast" waiting="0.00" lane="bottom_1" pos="44.83" speed="104.59" angle="13.81" x="128.11" y="53.07"/>
        <vehicle id="cfm-fast_2" eclass="HBEFA3/PC_G_EU4" CO2="8568.15" CO="106.11" HC="0.70" NOx="3.38" PMx="0.18" fuel="3.68" electricity="0.00" noise="72.62" route="routetop" type="cfm-fast" waiting="0.00" lane="top_0" pos="37.42" speed="24.91" angle="207.19" x="0.36" y="90.11"/>
        <vehicle id="cfm-fast_3" eclass="HBEFA3/PC_G_EU4" CO2="11566.73" CO="170.31" HC="1.06" NOx="4.78" PMx="0.26" fuel="4.97" electricity="0.00" noise="74.00" route="routetop" type="cfm-fast" waiting="0.00" lane="left_0" pos="3.36" speed="25.63" angle="178.48" x="-4.55" y="56.36"/>
        <vehicle id="cfm-fast_4" eclass="HBEFA3/PC_G_EU4" CO2="11957.93" CO="182.96" HC="1.13" NOx="4.94" PMx="0.28" fuel="5.14" electricity="0.00" noise="74.46" route="routetop" type="cfm-fast" waiting="0.00" lane="left_0" pos="20.06" speed="26.72" angle="148.33" x="8.25" y="23.22"/>
        <vehicle id="cfm-fast_5" eclass="HBEFA3/PC_G_EU4" CO2="100768.17" CO="5164.32" HC="26.33" NOx="45.73" PMx="3.93" fuel="43.32" electricity="0.00" noise="110.31" route="routetop" type="cfm-fast" waiting="0.00" lane="top_1" pos="41.24" speed="108.20" angle="200.27" x="0.82" y="81.43"/>
        <vehicle id="cfm-slow_0" eclass="HBEFA3/PC_G_EU4" CO2="9523.71" CO="137.97" HC="0.87" NOx="3.77" PMx="0.22" fuel="4.09" electricity="0.00" noise="73.94" route="routetop" type="cfm-slow" waiting="0.00" lane="left_0" pos="37.91" speed="27.73" angle="116.29" x="38.17" y="-0.03"/>
        <vehicle id="cfm-slow_1" eclass="HBEFA3/PC_G_EU4" CO2="0.00" CO="0.00" HC="0.00" NOx="0.00" PMx="0.00" fuel="0.00" electricity="0.00" noise="73.04" route="routebottom" type="cfm-slow" waiting="0.00" lane="bottom_0" pos="10.75" speed="28.30" angle="75.08" x="86.44" y="-1.05"/>
        <vehicle id="cfm-slow_2" eclass="HBEFA3/PC_G_EU4" CO2="0.00" CO="0.00" HC="0.00" NOx="0.00" PMx="0.00" fuel="0.00" electricity="0.00" noise="72.25" route="routebottom" type="cfm-slow" waiting="0.00" lane="bottom_0" pos="34.10" speed="28.22" angle="33.15" x="123.86" y="30.78"/>
        <vehicle id="cfm-slow_3" eclass="HBEFA3/PC_G_EU4" CO2="0.00" CO="0.00" HC="0.00" NOx="0.00" PMx="0.00" fuel="0.00" electricity="0.00" noise="71.58" route="routebottom" type="cfm-slow" waiting="0.00" lane="right_0" pos="7.31" speed="27.54" angle="351.22" x="130.45" y="79.35"/>
        <vehicle id="cfm-slow_4" eclass="HBEFA3/PC_G_EU4" CO2="0.00" CO="0.00" HC="0.00" NOx="0.00" PMx="0.00" fuel="0.00" electricity="0.00" noise="71.04" route="routebottom" type="cfm-slow" waiting="0.00" lane="right_0" pos="29.79" speed="26.50" angle="310.91" x="104.37" y="118.88"/>
        <vehicle id="cfm-slow_5" eclass="HBEFA3/PC_G_EU4" CO2="0.00" CO="0.00" HC="0.00" NOx="0.00" PMx="0.00" fuel="0.00" electricity="0.00" noise="70.81" route="routetop" type="cfm-slow" waiting="0.00" lane="top_0" pos="1.20" speed="25.49" angle="272.31" x="60.99" y="132.22"/>
    </timestep>
    <timestep time="9.22">
        <vehicle id="cfm-fast_0" eclass="HBEFA3/PC_G_EU4" CO2="0.00" CO="0.00" HC="0.00" NOx="0.00" PMx="0.00" fuel="0.00" electricity="0.00" noise="71.31" route="routetop" type="cfm-fast" waiting="0.00" lane="top_0" pos="21.84" speed="24.87" angle="235.16" x="20.19" y="116.73"/>
        <vehicle id="cfm-fast_1" eclass="HBEFA3/PC_G_EU4" CO2="184854.55" CO="6641.24" HC="35.12" NOx="85.43" PMx="6.02" fuel="79.46" electricity="0.00" noise="123.10" route="routebottom" type="cfm-fast" waiting="0.00" lane="bottom_1" pos="45.87" speed="104.63" angle="11.92" x="128.41" y="55.19"/>
        <vehicle id="cfm-fast_2" eclass="HBEFA3/PC_G_EU4" CO2="8597.89" CO="106.74" HC="0.70" NOx="3.40" PMx="0.18" fuel="3.70" electricity="0.00" noise="72.64" route="routetop" type="cfm-fast" waiting="0.00" lane="top_0" pos="37.67" speed="24.92" angle="206.73" x="0.16" y="89.62"/>
        <vehicle id="cfm-fast_3" eclass="HBEFA3/PC_G_EU4" CO2="11572.44" CO="170.47" HC="1.06" NOx="4.78" PMx="0.26" fuel="4.97" electricity="0.00" noise="74.01" route="routetop" type="cfm-fast" waiting="0.00" lane="left_0" pos="3.61" speed="25.64" angle="178.02" x="-4.49" y="55.81"/>
        <vehicle id="cfm-fast_4" eclass="HBEFA3/PC_G_EU4" CO2="11935.95" CO="182.55" HC="1.13" NOx="4.93" PMx="0.27" fuel="5.13" electricity="0.00" noise="74.46" route="routetop" type="cfm-fast" waiting="0.00" lane="left_0" pos="20.33" speed="26.73" angle="147.83" x="8.59" y="22.75"/>
        <vehicle id="cfm-fast_5" eclass="HBEFA3/PC_G_EU4" CO2="100528.22" CO="5159.90" HC="26.30" NOx="45.62" PMx="3.92" fuel="43.21" electricity="0.00" noise="110.27" route="routetop" type="cfm-fast" waiting="0.00" lane="top_1" pos="42.32" speed="108.21" angle="198.34" x="0.25" y="79.29"/>
        <vehicle id="cfm-slow_0" eclass="HBEFA3/PC_G_EU4" CO2="9481.50" CO="137.14" HC="0.86" NOx="3.75" PMx="0.21" fuel="4.08" electricity="0.00" noise="73.93" route="routetop" type="cfm-slow" waiting="0.00" lane="left_0" pos="38.18" speed="27.74" angle="115.78" x="38.73" y="-0.25"/>
        <vehicle id="cfm-slow_1" eclass="HBEFA3/PC_G_EU4" CO2="0.00" CO="0.00" HC="0.00" NOx="0.00" PMx="0.00" fuel="0.00" electricity="0.00" noise="73.03" route="routebottom" type="cfm-slow" waiting="0.00" lane="bottom_0" pos="11.03" speed="28.30" angle="74.55" x="87.01" y="-0.84"/>
        <vehicle id="cfm-slow_2" eclass="HBEFA3/PC_G_EU4" CO2="0.00" CO="0.00" HC="0.00" NOx="0.00" PMx="0.00" fuel="0.00" electricity="0.00" noise="72.24" route="routebottom" type="cfm-slow" waiting="0.00" lane="bottom_0" pos="34.38" speed="28.21" angle="32.63" x="124.16" y="31.31"/>
        <vehicle id="cfm-slow_3" eclass="HBEFA3/PC_G_EU4" CO2="0.00" CO="0.00" HC="0.00" NOx="0.00" PMx="0.00" fuel="0.00" electricity="0.00" noise="71.58" route="routebottom" type="cfm-slow" waiting="0.00" lane="right_0" pos="7.59" speed="27.53" angle="350.74" x="130.32" y="79.93"/>
        <vehicle id="cfm-slow_4" eclass="HBEFA3/PC_G_EU4" CO2="0.00" CO="0.00" HC="0.00" NOx="0.00" PMx="0.00" fuel="0.00" electricity="0.00" noise="71.04" route="routebottom" type="cfm-slow" waiting="0.00" lane="right_0" pos="30.05" speed="26.49" angle="310.41" x="103.90" y="119.21"/>
        <vehicle id="cfm-slow_5" eclass="HBEFA3/PC_G_EU4" CO2="0.00" CO="0.00" HC="0.00" NOx="0.00" PMx="0.00" fuel="0.00" electricity="0.00" noise="70.82" route="routetop" type="cfm-slow" waiting="0.00" lane="top_0" pos="1.45" speed="25.48" angle="271.87" x="60.44" y="132.19"/>
    </timestep>
    <timestep time="9.23">
        <vehicle id="cfm-fast_0" eclass="HBEFA3/PC_G_EU4" CO2="4280.75" CO="17.71" HC="0.19" NOx="1.36" PMx="0.07" fuel="1.84" electricity="0.00" noise="71.32" route="routetop" type="cfm-fast" waiting="0.00" lane="top_0" pos="22.09" speed="24.87" angle="234.70" x="19.78" y="116.38"/>
        <vehicle id="cfm-fast_1" eclass="HBEFA3/PC_G_EU4" CO2="184021.66" CO="6626.88" HC="35.04" NOx="85.03" PMx="6.00" fuel="79.10" electricity="0.00" noise="122.97" route="routebottom" type="cfm-fast" waiting="0.00" lane="bottom_1" pos="46.92" speed="104.67" angle="10.10" x="128.66" y="57.32"/>
        <vehicle id="cfm-fast_2" eclass="HBEFA3/PC_G_EU4" CO2="8627.41" CO="107.37" HC="0.70" NOx="3.41" PMx="0.18" fuel="3.71" electricity="0.00" noise="72.65" route="routetop" type="cfm-fast" waiting="0.00" lane="top_0" pos="37.92" speed="24.93" angle="206.27" x="-0.04" y="89.12"/>
        <vehicle id="cfm-fast_3" eclass="HBEFA3/PC_G_EU4" CO2="11577.90" CO="170.62" HC="1.07" NOx="4.79" PMx="0.26" fuel="4.98" electricity="0.00" noise="74.01" route="routetop" type="cfm-fast" waiting="0.00" lane="left_0" pos="3.87" speed="25.65" angle="177.58" x="-4.43" y="55.27"/>
        <vehicle id="cfm-fast_4" eclass="HBEFA3/PC_G_EU4" CO2="11913.78" CO="182.14" HC="1.13" NOx="4.92" PMx="0.27" fuel="5.12" electricity="0.00" noise="74.45" route="routetop" type="cfm-fast" waiting="0.00" lane="left_0" pos="20.60" speed="26.74" angle="147.40" x="8.93" y="22.29"/>
        <vehicle id="cfm-fast_5" eclass="HBEFA3/PC_G_EU4" CO2="100292.32" CO="5155.55" HC="26.28" NOx="45.50" PMx="3.92" fuel="43.11" electricity="0.00" noise="110.24" route="routetop" type="cfm-fast" waiting="0.00" lane="top_1" pos="43.40" speed="108.21" angle="196.39" x="-0.24" y="77.12"/>
        <vehicle id="cfm-slow_0" eclass="HBEFA3/PC_G_EU4" CO2="9439.25" CO="136.30" HC="0.86" NOx="3.73" PMx="0.21" fuel="4.06" electricity="0.00" noise="73.92" route="routetop" type="cfm-slow" waiting="0.00" lane="left_0" pos="38.46" speed="27.75" angle="115.32" x="39.28" y="-0.47"/>
        <vehicle id="cfm-slow_1" eclass="HBEFA3/PC_G_EU4" CO2="0.00" CO="0.00" HC="0.00" NOx="0.00" PMx="0.00" fuel="0.00" electricity="0.00" noise="73.02" route="routebottom" type="cfm-slow" waiting="0.00" lane="bottom_0" pos="11.31" speed="28.30" angle="74.03" x="87.58" y="-0.64"/>
        <vehicle id="cfm-slow_2" eclass="HBEFA3/PC_G_EU4" CO2="0.00" CO="0.00" HC="0.00" NOx="0.00" PMx="0.00" fuel="0.00" electricity="0.00" noise="72.23" route="routebottom" type="cfm-slow" waiting="0.00" lane="bottom_0" pos="34.67" speed="28.20" angle="32.17" x="124.45" y="31.85"/>
        <vehicle id="cfm-slow_3" eclass="HBEFA3/PC_G_EU4" CO2="0.00" CO="0.00" HC="0.00" NOx="0.00" PMx="0.00" fuel="0.00" electricity="0.00" noise="71.57" route="routebottom" type="cfm-slow" waiting="0.00" lane="right_0" pos="7.86" speed="27.52" angle="350.27" x="130.17" y="80.50"/>
        <vehicle id="cfm-slow_4" eclass="HBEFA3/PC_G_EU4" CO2="0.00" CO="0.00" HC="0.00" NOx="0.00" PMx="0.00" fuel="0.00" electricity="0.00" noise="71.03" route="routebottom" type="cfm-slow" waiting="0.00" lane="right_0" pos="30.32" speed="26.48" angle="309.92" x="103.44" y="119.55"/>
        <vehicle id="cfm-slow_5" eclass="HBEFA3/PC_G_EU4" CO2="0.00" CO="0.00" HC="0.00" NOx="0.00" PMx="0.00" fuel="0.00" electricity="0.00" noise="70.82" route="routetop" type="cfm-slow" waiting="0.00" lane="top_0" pos="1.71" speed="25.47" angle="271.41" x="59.90" y="132.16"/>
    </timestep>
    <timestep time="9.24">
        <vehicle id="cfm-fast_0" eclass="HBEFA3/PC_G_EU4" CO2="4323.02" CO="18.58" HC="0.19" NOx="1.38" PMx="0.07" fuel="1.86" electricity="0.00" noise="71.33" route="routetop" type="cfm-fast" waiting="0.00" lane="top_0" pos="22.34" speed="24.87" angle="234.23" x="19.37" y="116.04"/>
        <vehicle id="cfm-fast_1" eclass="HBEFA3/PC_G_EU4" CO2="183193.87" CO="6612.60" HC="34.95" NOx="84.64" PMx="5.98" fuel="78.75" electricity="0.00" noise="122.84" route="routebottom" type="cfm-fast" waiting="0.00" lane="bottom_1" pos="47.97" speed="104.71" angle="8.21" x="128.83" y="59.46"/>
        <vehicle id="cfm-fast_2" eclass="HBEFA3/PC_G_EU4" CO2="8656.71" CO="108.00" HC="0.71" NOx="3.42" PMx="0.18" fuel="3.72" electricity="0.00" noise="72.66" route="routetop" type="cfm-fast" waiting="0.00" lane="top_0" pos="38.17" speed="24.93" angle="205.81" x="-0.24" y="88.62"/>
        <vehicle id="cfm-fast_3" eclass="HBEFA3/PC_G_EU4" CO2="11583.10" CO="170.77" HC="1.07" NOx="4.79" PMx="0.26" fuel="4.98" electricity="0.00" noise="74.02" route="routetop" type="cfm-fast" waiting="0.00" lane="left_0" pos="4.13" speed="25.66" angle="177.11" x="-4.36" y="54.72"/>
        <vehicle id="cfm-fast_4" eclass="HBEFA3/PC_G_EU4" CO2="11891.41" CO="181.73" HC="1.12" NOx="4.91" PMx="0.27" fuel="5.11" electricity="0.00" noise="74.45" route="routetop" type="cfm-fast" waiting="0.00" lane="left_0" pos="20.86" speed="26.75" angle="146.91" x="9.29" y="21.84"/>
        <vehicle id="cfm-fast_5" eclass="HBEFA3/PC_G_EU4" CO2="100060.41" CO="5151.28" HC="26.25" NOx="45.40" PMx="3.91" fuel="43.01" electricity="0.00" noise="110.20" route="routetop" type="cfm-fast" waiting="0.00" lane="top_1" pos="44.48" speed="108.22" angle="194.45" x="-0.66" y="74.94"/>
        <vehicle id="cfm-slow_0" eclass="HBEFA3/PC_G_EU4" CO2="9396.95" CO="135.46" HC="0.85" NOx="3.71" PMx="0.21" fuel="4.04" electricity="0.00" noise="73.91" route="routetop" type="cfm-slow" waiting="0.00" lane="left_0" pos="38.74" speed="27.75" angle="114.82" x="39.84" y="-0.67"/>
        <vehicle id="cfm-slow_1" eclass="HBEFA3/PC_G_EU4" CO2="0.00" CO="0.00" HC="0.00" NOx="0.00" PMx="0.00" fuel="0.00" electricity="0.00" noise="73.01" route="routebottom" type="cfm-slow" waiting="0.00" lane="bottom_0" pos="11.59" speed="28.30" angle="73.57" x="88.15" y="-0.42"/>
        <vehicle id="cfm-slow_2" eclass="HBEFA3/PC_G_EU4" CO2="0.00" CO="0.00" HC="0.00" NOx="0.00" PMx="0.00" fuel="0.00" electricity="0.00" noise="72.23" route="routebottom" type="cfm-slow" waiting="0.00" lane="bottom_0" pos="34.95" speed="28.20" angle="31.66" x="124.72" y="32.39"/>
        <vehicle id="cfm-slow_3" eclass="HBEFA3/PC_G_EU4" CO2="0.00" CO="0.00" HC="0.00" NOx="0.00" PMx="0.00" fuel="0.00" electricity="0.00" noise="71.57" route="routebottom" type="cfm-slow" waiting="0.00" lane="right_0" pos="8.14" speed="27.51" angle="349.76" x="130.02" y="81.08"/>
        <vehicle id="cfm-slow_4" eclass="HBEFA3/PC_G_EU4" CO2="0.00" CO="0.00" HC="0.00" NOx="0.00" PMx="0.00" fuel="0.00" electricity="0.00" noise="71.03" route="routebottom" type="cfm-slow" waiting="0.00" lane="right_0" pos="30.58" speed="26.47" angle="309.43" x="102.98" y="119.88"/>
        <vehicle id="cfm-slow_5" eclass="HBEFA3/PC_G_EU4" CO2="0.00" CO="0.00" HC="0.00" NOx="0.00" PMx="0.00" fuel="0.00" electricity="0.00" noise="70.82" route="routetop" type="cfm-slow" waiting="0.00" lane="top_0" pos="1.96" speed="25.47" angle="270.95" x="59.35" y="132.13"/>
    </timestep>
    <timestep time="9.25">
        <vehicle id="cfm-fast_0" eclass="HBEFA3/PC_G_EU4" CO2="4365.17" CO="19.45" HC="0.20" NOx="1.40" PMx="0.07" fuel="1.88" electricity="0.00" noise="71.34" route="routetop" type="cfm-fast" waiting="0.00" lane="top_0" pos="22.59" speed="24.87" angle="233.77" x="18.96" y="115.69"/>
        <vehicle id="cfm-fast_1" eclass="HBEFA3/PC_G_EU4" CO2="182371.18" CO="6598.40" HC="34.87" NOx="84.25" PMx="5.96" fuel="78.39" electricity="0.00" noise="122.71" route="routebottom" type="cfm-fast" waiting="0.00" lane="bottom_1" pos="49.01" speed="104.75" angle="6.28" x="128.93" y="61.61"/>
        <vehicle id="cfm-fast_2" eclass="HBEFA3/PC_G_EU4" CO2="8685.78" CO="108.62" HC="0.71" NOx="3.44" PMx="0.18" fuel="3.73" electricity="0.00" noise="72.68" route="routetop" type="cfm-fast" waiting="0.00" lane="top_0" pos="38.42" speed="24.94" angle="205.38" x="-0.44" y="88.12"/>
        <vehicle id="cfm-fast_3" eclass="HBEFA3/PC_G_EU4" CO2="11588.04" CO="170.91" HC="1.07" NOx="4.79" PMx="0.26" fuel="4.98" electricity="0.00" noise="74.02" route="routetop" type="cfm-fast" waiting="0.00" lane="left_0" pos="4.38" speed="25.67" angle="176.65" x="-4.28" y="54.17"/>
        <vehicle id="cfm-fast_4" eclass="HBEFA3/PC_G_EU4" CO2="11868.85" CO="181.31" HC="1.12" NOx="4.90" PMx="0.27" fuel="5.10" electricity="0.00" noise="74.44" route="routetop" type="cfm-fast" waiting="0.00" lane="left_0" pos="21.13" speed="26.76" angle="146.42" x="9.64" y="21.38"/>
        <vehicle id="cfm-fast_5" eclass="HBEFA3/PC_G_EU4" CO2="99832.41" CO="5147.08" HC="26.23" NOx="45.29" PMx="3.90" fuel="42.91" electricity="0.00" noise="110.17" route="routetop" type="cfm-fast" waiting="0.00" lane="top_1" pos="45.57" speed="108.23" angle="192.53" x="-1.01" y="72.75"/>
        <vehicle id="cfm-slow_0" eclass="HBEFA3/PC_G_EU4" CO2="9354.61" CO="134.62" HC="0.85" NOx="3.69" PMx="0.21" fuel="4.02" electricity="0.00" noise="73.90" route="routetop" type="cfm-slow" waiting="0.00" lane="left_0" pos="39.02" speed="27.76" angle="114.31" x="40.41" y="-0.88"/>
        <vehicle id="cfm-slow_1" eclass="HBEFA3/PC_G_EU4" CO2="0.00" CO="0.00" HC="0.00" NOx="0.00" PMx="0.00" fuel="0.00" electricity="0.00" noise="73.00" route="routebottom" type="cfm-slow" waiting="0.00" lane="bottom_0" pos="11.88" speed="28.30" angle="73.07" x="88.72" y="-0.20"/>
        <vehicle id="cfm-slow_2" eclass="HBEFA3/PC_G_EU4" CO2="0.00" CO="0.00" HC="0.00" NOx="0.00" PMx="0.00" fuel="0.00" electricity="0.00" noise="72.22" route="routebottom" type="cfm-slow" waiting="0.00" lane="bottom_0" pos="35.23" speed="28.19" angle="31.15" x="124.99" y="32.93"/>
        <vehicle id="cfm-slow_3" eclass="HBEFA3/PC_G_EU4" CO2="0.00" CO="0.00" HC="0.00" NOx="0.00" PMx="0.00" fuel="0.00" electricity="0.00" noise="71.56" route="routebottom" type="cfm-slow" waiting="0.00" lane="right_0" pos="8.41" speed="27.50" angle="349.26" x="129.86" y="81.65"/>
        <vehicle id="cfm-slow_4" eclass="HBEFA3/PC_G_EU4" CO2="0.00" CO="0.00" HC="0.00" NOx="0.00" PMx="0.00" fuel="0.00" electricity="0.00" noise="71.03" route="routebottom" type="cfm-slow" waiting="0.00" lane="right_0" pos="30.85" speed="26.46" angle="309.00" x="102.51" y="120.21"/>
        <vehicle id="cfm-slow_5" eclass="HBEFA3/PC_G_EU4" CO2="0.00" CO="0.00" HC="0.00" NOx="0.00" PMx="0.00" fuel="0.00" electricity="0.00" noise="70.82" route="routetop" type="cfm-slow" waiting="0.00" lane="top_0" pos="2.22" speed="25.46" angle="270.50" x="58.80" y="132.10"/>
    </timestep>
    <timestep time="9.26">
        <vehicle id="cfm-fast_0" eclass="HBEFA3/PC_G_EU4" CO2="4407.21" CO="20.32" HC="0.20" NOx="1.42" PMx="0.07" fuel="1.89" electricity="0.00" noise="71.35" route="routetop" type="cfm-fast" waiting="0.00" lane="top_0" pos="22.84" speed="24.87" angle="233.30" x="18.55" y="115.35"/>
        <vehicle id="cfm-fast_1" eclass="HBEFA3/PC_G_EU4" CO2="181553.60" CO="6584.29" HC="34.78" NOx="83.87" PMx="5.94" fuel="78.04" electricity="0.00" noise="122.58" route="routebottom" type="cfm-fast" waiting="0.00" lane="right_1" pos="0.06" speed="104.79" angle="4.38" x="128.97" y="63.81"/>
        <vehicle id="cfm-fast_2" eclass="HBEFA3/PC_G_EU4" CO2="8714.64" CO="109.23" HC="0.71" NOx="3.45" PMx="0.19" fuel="3.75" electricity="0.00" noise="72.69" route="routetop" type="cfm-fast" waiting="0.00" lane="top_0" pos="38.67" speed="24.95" angle="204.94" x="-0.62" y="87.62"/>
        <vehicle id="cfm-fast_3" eclass="HBEFA3/PC_G_EU4" CO2="11592.73" CO="171.05" HC="1.07" NOx="4.79" PMx="0.26" fuel="4.98" electricity="0.00" noise="74.03" route="routetop" type="cfm-fast" waiting="0.00" lane="left_0" pos="4.64" speed="25.68" angle="176.18" x="-4.20" y="53.62"/>
        <vehicle id="cfm-fast_4" eclass="HBEFA3/PC_G_EU4" CO2="11846.09" CO="180.89" HC="1.12" NOx="4.89" PMx="0.27" fuel="5.09" electricity="0.00" noise="74.44" route="routetop" type="cfm-fast" waiting="0.00" lane="left_0" pos="21.40" speed="26.77" angle="145.93" x="10.00" y="20.93"/>
        <vehicle id="cfm-fast_5" eclass="HBEFA3/PC_G_EU4" CO2="99608.24" CO="5142.96" HC="26.20" NOx="45.18" PMx="3.90" fuel="42.82" electricity="0.00" noise="110.14" route="routetop" type="cfm-fast" waiting="0.00" lane="top_1" pos="46.65" speed="108.23" angle="190.59" x="-1.28" y="70.55"/>
        <vehicle id="cfm-slow_0" eclass="HBEFA3/PC_G_EU4" CO2="9312.24" CO="133.78" HC="0.84" NOx="3.67" PMx="0.21" fuel="4.00" electricity="0.00" noise="73.89" route="routetop" type="cfm-slow" waiting="0.00" lane="left_0" pos="39.29" speed="27.76" angle="113.80" x="40.97" y="-1.08"/>
        <vehicle id="cfm-slow_1" eclass="HBEFA3/PC_G_EU4" CO2="0.00" CO="0.00" HC="0.00" NOx="0.00" PMx="0.00" fuel="0.00" electricity="0.00" noise="72.99" route="routebottom" type="cfm-slow" waiting="0.00" lane="bottom_0" pos="12.16" speed="28.30" angle="72.56" x="89.29" y="0.03"/>
        <vehicle id="cfm-slow_2" eclass="HBEFA3/PC_G_EU4" CO2="0.00" CO="0.00" HC="0.00" NOx="0.00" PMx="0.00" fuel="0.00" electricity="0.00" noise="72.21" route="routebottom" type="cfm-slow" waiting="0.00" lane="bottom_0" pos="35.51" speed="28.19" angle="30.64" x="125.27" y="33.47"/>
        <vehicle id="cfm-slow_3" eclass="HBEFA3/PC_G_EU4" CO2="0.00" CO="0.00" HC="0.00" NOx="0.00" PMx="0.00" fuel="0.00" electricity="0.00" noise="71.56" route="routebottom" type="cfm-slow" waiting="0.00" lane="right_0" pos="8.69" speed="27.49" angle="348.75" x="129.71" y="82.22"/>
        <vehicle id="cfm-slow_4" eclass="HBEFA3/PC_G_EU4" CO2="0.00" CO="0.00" HC="0.00" NOx="0.00" PMx="0.00" fuel="0.00" electricity="0.00" noise="71.02" route="routebottom" type="cfm-slow" waiting="0.00" lane="right_0" pos="31.11" speed="26.45" angle="308.53" x="102.04" y="120.52"/>
        <vehicle id="cfm-slow_5" eclass="HBEFA3/PC_G_EU4" CO2="0.00" CO="0.00" HC="0.00" NOx="0.00" PMx="0.00" fuel="0.00" electricity="0.00" noise="70.83" route="routetop" type="cfm-slow" waiting="0.00" lane="top_0" pos="2.47" speed="25.46" angle="270.04" x="58.26" y="132.07"/>
    </timestep>
    <timestep time="9.27">
        <vehicle id="cfm-fast_0" eclass="HBEFA3/PC_G_EU4" CO2="4449.12" CO="21.18" HC="0.21" NOx="1.44" PMx="0.07" fuel="1.91" electricity="0.00" noise="71.36" route="routetop" type="cfm-fast" waiting="0.00" lane="top_0" pos="23.09" speed="24.87" angle="232.92" x="18.14" y="115.00"/>
        <vehicle id="cfm-fast_1" eclass="HBEFA3/PC_G_EU4" CO2="180741.11" CO="6570.26" HC="34.70" NOx="83.48" PMx="5.92" fuel="77.69" electricity="0.00" noise="122.45" route="routebottom" type="cfm-fast" waiting="0.00" lane="right_1" pos="1.11" speed="104.83" angle="2.47" x="128.93" y="65.96"/>
        <vehicle id="cfm-fast_2" eclass="HBEFA3/PC_G_EU4" CO2="8743.27" CO="109.84" HC="0.72" NOx="3.46" PMx="0.19" fuel="3.76" electricity="0.00" noise="72.70" route="routetop" type="cfm-fast" waiting="0.00" lane="top_0" pos="38.92" speed="24.95" angle="204.48" x="-0.81" y="87.11"/>
        <vehicle id="cfm-fast_3" eclass="HBEFA3/PC_G_EU4" CO2="11597.15" CO="171.18" HC="1.07" NOx="4.79" PMx="0.26" fuel="4.99" electricity="0.00" noise="74.03" route="routetop" type="cfm-fast" waiting="0.00" lane="left_0" pos="4.90" speed="25.69" angle="175.72" x="-4.13" y="53.08"/>
        <vehicle id="cfm-fast_4" eclass="HBEFA3/PC_G_EU4" CO2="11823.14" CO="180.47" HC="1.12" NOx="4.88" PMx="0.27" fuel="5.08" electricity="0.00" noise="74.43" route="routetop" type="cfm-fast" waiting="0.00" lane="left_0" pos="21.67" speed="26.78" angle="145.44" x="10.36" y="20.48"/>
        <vehicle id="cfm-fast_5" eclass="HBEFA3/PC_G_EU4" CO2="99387.84" CO="5138.91" HC="26.18" NOx="45.08" PMx="3.89" fuel="42.72" electricity="0.00" noise="110.11" route="routetop" type="cfm-fast" waiting="0.00" lane="top_1" pos="47.73" speed="108.24" angle="188.63" x="-1.47" y="68.34"/>
        <vehicle id="cfm-slow_0" eclass="HBEFA3/PC_G_EU4" CO2="9269.83" CO="132.94" HC="0.84" NOx="3.65" PMx="0.21" fuel="3.98" electricity="0.00" noise="73.88" route="routetop" type="cfm-slow" waiting="0.00" lane="left_0" pos="39.57" speed="27.77" angle="113.28" x="41.53" y="-1.28"/>
        <vehicle id="cfm-slow_1" eclass="HBEFA3/PC_G_EU4" CO2="0.00" CO="0.00" HC="0.00" NOx="0.00" PMx="0.00" fuel="0.00" electricity="0.00" noise="72.98" route="routebottom" type="cfm-slow" waiting="0.00" lane="bottom_0" pos="12.44" speed="28.30" angle="72.06" x="89.85" y="0.25"/>
        <vehicle id="cfm-slow_2" eclass="HBEFA3/PC_G_EU4" CO2="0.00" CO="0.00" HC="0.00" NOx="0.00" PMx="0.00" fuel="0.00" electricity="0.00" noise="72.21" route="routebottom" type="cfm-slow" waiting="0.00" lane="bottom_0" pos="35.79" speed="28.18" angle="30.13" x="125.54" y="34.01"/>
        <vehicle id="cfm-slow_3" eclass="HBEFA3/PC_G_EU4" CO2="0.00" CO="0.00" HC="0.00" NOx="0.00" PMx="0.00" fuel="0.00" electricity="0.00" noise="71.55" route="routebottom" type="cfm-slow" waiting="0.00" lane="right_0" pos="8.96" speed="27.48" angle="348.31" x="129.55" y="82.79"/>
        <vehicle id="cfm-slow_4" eclass="HBEFA3/PC_G_EU4" CO2="0.00" CO="0.00" HC="0.00" NOx="0.00" PMx="0.00" fuel="0.00" electricity="0.00" noise="71.02" route="routebottom" type="cfm-slow" waiting="0.00" lane="right_0" pos="31.38" speed="26.44" angle="308.05" x="101.57" y="120.84"/>
        <vehicle id="cfm-slow_5" eclass="HBEFA3/PC_G_EU4" CO2="0.00" CO="0.00" HC="0.00" NOx="0.00" PMx="0.00" fuel="0.00" electricity="0.00" noise="70.83" route="routetop" type="cfm-slow" waiting="0.00" lane="top_0" pos="2.73" speed="25.45" angle="269.61" x="57.71" y="132.02"/>
    </timestep>
    <timestep time="9.28">
        <vehicle id="cfm-fast_0" eclass="HBEFA3/PC_G_EU4" CO2="4490.91" CO="22.04" HC="0.21" NOx="1.46" PMx="0.08" fuel="1.93" electricity="0.00" noise="71.37" route="routetop" type="cfm-fast" waiting="0.00" lane="top_0" pos="23.34" speed="24.87" angle="232.47" x="17.75" y="114.64"/>
        <vehicle id="cfm-fast_1" eclass="HBEFA3/PC_G_EU4" CO2="179933.73" CO="6556.31" HC="34.62" NOx="83.10" PMx="5.90" fuel="77.35" electricity="0.00" noise="122.32" route="routebottom" type="cfm-fast" waiting="0.00" lane="right_1" pos="2.16" speed="104.86" angle="0.60" x="128.82" y="68.11"/>
        <vehicle id="cfm-fast_2" eclass="HBEFA3/PC_G_EU4" CO2="8771.68" CO="110.45" HC="0.72" NOx="3.48" PMx="0.19" fuel="3.77" electricity="0.00" noise="72.71" route="routetop" type="cfm-fast" waiting="0.00" lane="top_0" pos="39.17" speed="24.96" angle="204.02" x="-0.99" y="86.61"/>
        <vehicle id="cfm-fast_3" eclass="HBEFA3/PC_G_EU4" CO2="11601.32" CO="171.30" HC="1.07" NOx="4.80" PMx="0.26" fuel="4.99" electricity="0.00" noise="74.04" route="routetop" type="cfm-fast" waiting="0.00" lane="left_0" pos="5.15" speed="25.70" angle="175.22" x="-4.05" y="52.53"/>
        <vehicle id="cfm-fast_4" eclass="HBEFA3/PC_G_EU4" CO2="11800.00" CO="180.04" HC="1.12" NOx="4.86" PMx="0.27" fuel="5.07" electricity="0.00" noise="74.42" route="routetop" type="cfm-fast" waiting="0.00" lane="left_0" pos="21.94" speed="26.79" angle="144.99" x="10.72" y="20.03"/>
        <vehicle id="cfm-fast_5" eclass="HBEFA3/PC_G_EU4" CO2="99171.13" CO="5134.93" HC="26.16" NOx="44.98" PMx="3.89" fuel="42.63" electricity="0.00" noise="110.07" route="routetop" type="cfm-fast" waiting="0.00" lane="top_1" pos="48.81" speed="108.25" angle="186.70" x="-1.60" y="66.12"/>
        <vehicle id="cfm-slow_0" eclass="HBEFA3/PC_G_EU4" CO2="9227.38" CO="132.10" HC="0.83" NOx="3.63" PMx="0.21" fuel="3.97" electricity="0.00" noise="73.87" route="routetop" type="cfm-slow" waiting="0.00" lane="left_0" pos="39.85" speed="27.78" angle="112.83" x="42.10" y="-1.47"/>
        <vehicle id="cfm-slow_1" eclass="HBEFA3/PC_G_EU4" CO2="0.00" CO="0.00" HC="0.00" NOx="0.00" PMx="0.00" fuel="0.00" electricity="0.00" noise="72.97" route="routebottom" type="cfm-slow" waiting="0.00" lane="bottom_0" pos="12.73" speed="28.30" angle="71.58" x="90.42" y="0.48"/>
        <vehicle id="cfm-slow_2" eclass="HBEFA3/PC_G_EU4" CO2="0.00" CO="0.00" HC="0.00" NOx="0.00" PMx="0.00" fuel="0.00" electricity="0.00" noise="72.20" route="routebottom" type="cfm-slow" waiting="0.00" lane="bottom_0" pos="36.08" speed="28.17" angle="29.65" x="125.80" y="34.56"/>
        <vehicle id="cfm-slow_3" eclass="HBEFA3/PC_G_EU4" CO2="0.00" CO="0.00" HC="0.00" NOx="0.00" PMx="0.00" fuel="0.00" electricity="0.00" noise="71.55" route="routebottom" type="cfm-slow" waiting="0.00" lane="right_0" pos="9.24" speed="27.47" angle="347.82" x="129.38" y="83.35"/>
        <vehicle id="cfm-slow_4" eclass="HBEFA3/PC_G_EU4" CO2="0.00" CO="0.00" HC="0.00" NOx="0.00" PMx="0.00" fuel="0.00" electricity="0.00" noise="71.02" route="routebottom" type="cfm-slow" waiting="0.00" lane="right_0" pos="31.64" speed="26.43" angle="307.57" x="101.09" y="121.16"/>
        <vehicle id="cfm-slow_5" eclass="HBEFA3/PC_G_EU4" CO2="0.00" CO="0.00" HC="0.00" NOx="0.00" PMx="0.00" fuel="0.00" electricity="0.00" noise="70.83" route="routetop" type="cfm-slow" waiting="0.00" lane="top_0" pos="2.98" speed="25.44" angle="269.15" x="57.17" y="131.96"/>
    </timestep>
    <timestep time="9.29">
        <vehicle id="cfm-fast_0" eclass="HBEFA3/PC_G_EU4" CO2="4532.57" CO="22.90" HC="0.22" NOx="1.48" PMx="0.08" fuel="1.95" electricity="0.00" noise="71.38" route="routetop" type="cfm-fast" waiting="0.00" lane="top_0" pos="23.59" speed="24.87" angle="232.02" x="17.36" y="114.28"/>
        <vehicle id="cfm-fast_1" eclass="HBEFA3/PC_G_EU4" CO2="179131.45" CO="6542.45" HC="34.53" NOx="82.72" PMx="5.88" fuel="77.00" electricity="0.00" noise="122.20" route="routebottom" type="cfm-fast" waiting="0.00" lane="right_1" pos="3.21" speed="104.90" angle="358.74" x="128.63" y="70.25"/>
        <vehicle id="cfm-fast_2" eclass="HBEFA3/PC_G_EU4" CO2="8799.86" CO="111.05" HC="0.72" NOx="3.49" PMx="0.19" fuel="3.78" electricity="0.00" noise="72.73" route="routetop" type="cfm-fast" waiting="0.00" lane="top_0" pos="39.42" speed="24.97" angle="203.56" x="-1.17" y="86.10"/>
        <vehicle id="cfm-fast_3" eclass="HBEFA3/PC_G_EU4" CO2="11605.23" CO="171.42" HC="1.07" NOx="4.80" PMx="0.26" fuel="4.99" electricity="0.00" noise="74.04" route="routetop" type="cfm-fast" waiting="0.00" lane="left_0" pos="5.41" speed="25.71" angle="174.75" x="-3.95" y="51.99"/>
        <vehicle id="cfm-fast_4" eclass="HBEFA3/PC_G_EU4" CO2="11776.67" CO="179.60" HC="1.11" NOx="4.85" PMx="0.27" fuel="5.06" electricity="0.00" noise="74.42" route="routetop" type="cfm-fast" waiting="0.00" lane="left_0" pos="22.20" speed="26.80" angle="144.49" x="11.09" y="19.59"/>
        <vehicle id="cfm-fast_5" eclass="HBEFA3/PC_G_EU4" CO2="98958.05" CO="5131.01" HC="26.13" NOx="44.88" PMx="3.88" fuel="42.54" electricity="0.00" noise="110.04" route="routetop" type="cfm-fast" waiting="0.00" lane="top_1" pos="49.89" speed="108.25" angle="184.66" x="-1.65" y="63.91"/>
        <vehicle id="cfm-slow_0" eclass="HBEFA3/PC_G_EU4" CO2="9184.89" CO="131.26" HC="0.83" NOx="3.61" PMx="0.21" fuel="3.95" electricity="0.00" noise="73.86" route="routetop" type="cfm-slow" waiting="0.00" lane="left_0" pos="40.13" speed="27.78" angle="112.31" x="42.67" y="-1.65"/>
        <vehicle id="cfm-slow_1" eclass="HBEFA3/PC_G_EU4" CO2="0.00" CO="0.00" HC="0.00" NOx="0.00" PMx="0.00" fuel="0.00" electricity="0.00" noise="72.97" route="routebottom" type="cfm-slow" waiting="0.00" lane="bottom_0" pos="13.01" speed="28.30" angle="71.09" x="90.97" y="0.73"/>
        <vehicle id="cfm-slow_2" eclass="HBEFA3/PC_G_EU4" CO2="0.00" CO="0.00" HC="0.00" NOx="0.00" PMx="0.00" fuel="0.00" electricity="0.00" noise="72.19" route="routebottom" type="cfm-slow" waiting="0.00" lane="bottom_0" pos="36.36" speed="28.17" angle="29.10" x="126.05" y="35.11"/>
        <vehicle id="cfm-slow_3" eclass="HBEFA3/PC_G_EU4" CO2="0.00" CO="0.00" HC="0.00" NOx="0.00" PMx="0.00" fuel="0.00" electricity="0.00" noise="71.54" route="routebottom" type="cfm-slow" waiting="0.00" lane="right_0" pos="9.51" speed="27.46" angle="347.32" x="129.21" y="83.92"/>
        <vehicle id="cfm-slow_4" eclass="HBEFA3/PC_G_EU4" CO2="0.00" CO="0.00" HC="0.00" NOx="0.00" PMx="0.00" fuel="0.00" electricity="0.00" noise="71.02" route="routebottom" type="cfm-slow" waiting="0.00" lane="right_0" pos="31.91" speed="26.42" angle="307.10" x="100.62" y="121.47"/>
        <vehicle id="cfm-slow_5" eclass="HBEFA3/PC_G_EU4" CO2="0.00" CO="0.00" HC="0.00" NOx="0.00" PMx="0.00" fuel="0.00" electricity="0.00" noise="70.84" route="routetop" type="cfm-slow" waiting="0.00" lane="top_0" pos="3.24" speed="25.44" angle="268.69" x="56.62" y="131.90"/>
    </timestep>
    <timestep time="9.30">
        <vehicle id="cfm-fast_0" eclass="HBEFA3/PC_G_EU4" CO2="4574.11" CO="23.76" HC="0.22" NOx="1.50" PMx="0.08" fuel="1.97" electricity="0.00" noise="71.39" route="routetop" type="cfm-fast" waiting="0.00" lane="top_0" pos="23.83" speed="24.87" angle="231.58" x="16.96" y="113.91"/>
        <vehicle id="cfm-fast_1" eclass="HBEFA3/PC_G_EU4" CO2="178334.26" CO="6528.67" HC="34.45" NOx="82.35" PMx="5.86" fuel="76.66" electricity="0.00" noise="122.07" route="routebottom" type="cfm-fast" waiting="0.00" lane="right_1" pos="4.26" speed="104.94" angle="356.87" x="128.38" y="72.39"/>
        <vehicle id="cfm-fast_2" eclass="HBEFA3/PC_G_EU4" CO2="8827.82" CO="111.65" HC="0.73" NOx="3.50" PMx="0.19" fuel="3.79" electricity="0.00" noise="72.74" route="routetop" type="cfm-fast" waiting="0.00" lane="top_0" pos="39.67" speed="24.97" angle="203.12" x="-1.35" y="85.60"/>
        <vehicle id="cfm-fast_3" eclass="HBEFA3/PC_G_EU4" CO2="11608.88" CO="171.54" HC="1.07" NOx="4.80" PMx="0.26" fuel="4.99" electricity="0.00" noise="74.05" route="routetop" type="cfm-fast" waiting="0.00" lane="left_0" pos="5.67" speed="25.72" angle="174.28" x="-3.85" y="51.44"/>
        <vehicle id="cfm-fast_4" eclass="HBEFA3/PC_G_EU4" CO2="11753.15" CO="179.17" HC="1.11" NOx="4.84" PMx="0.27" fuel="5.05" electricity="0.00" noise="74.41" route="routetop" type="cfm-fast" waiting="0.00" lane="left_0" pos="22.47" speed="26.81" angle="143.99" x="11.47" y="19.15"/>
        <vehicle id="cfm-fast_5" eclass="HBEFA3/PC_G_EU4" CO2="98748.52" CO="5127.17" HC="26.11" NOx="44.78" PMx="3.88" fuel="42.45" electricity="0.00" noise="110.01" route="routetop" type="cfm-fast" waiting="0.00" lane="left_1" pos="0.98" speed="108.26" angle="182.70" x="-1.61" y="61.63"/>
        <vehicle id="cfm-slow_0" eclass="HBEFA3/PC_G_EU4" CO2="9142.38" CO="130.41" HC="0.82" NOx="3.59" PMx="0.21" fuel="3.93" electricity="0.00" noise="73.85" route="routetop" type="cfm-slow" waiting="0.00" lane="left_0" pos="40.40" speed="27.79" angle="111.79" x="43.24" y="-1.83"/>
        <vehicle id="cfm-slow_1" eclass="HBEFA3/PC_G_EU4" CO2="0.00" CO="0.00" HC="0.00" NOx="0.00" PMx="0.00" fuel="0.00" electricity="0.00" noise="72.96" route="routebottom" type="cfm-slow" waiting="0.00" lane="bottom_0" pos="13.29" speed="28.29" angle="70.56" x="91.53" y="0.98"/>
        <vehicle id="cfm-slow_2" eclass="HBEFA3/PC_G_EU4" CO2="0.00" CO="0.00" HC="0.00" NOx="0.00" PMx="0.00" fuel="0.00" electricity="0.00" noise="72.18" route="routebottom" type="cfm-slow" waiting="0.00" lane="bottom_0" pos="36.64" speed="28.16" angle="28.55" x="126.29" y="35.67"/>
        <vehicle id="cfm-slow_3" eclass="HBEFA3/PC_G_EU4" CO2="0.00" CO="0.00" HC="0.00" NOx="0.00" PMx="0.00" fuel="0.00" electricity="0.00" noise="71.54" route="routebottom" type="cfm-slow" waiting="0.00" lane="right_0" pos="9.79" speed="27.45" angle="346.83" x="129.03" y="84.48"/>
        <vehicle id="cfm-slow_4" eclass="HBEFA3/PC_G_EU4" CO2="0.00" CO="0.00" HC="0.00" NOx="0.00" PMx="0.00" fuel="0.00" electricity="0.00" noise="71.01" route="routebottom" type="cfm-slow" waiting="0.00" lane="right_0" pos="32.17" speed="26.41" angle="306.68" x="100.14" y="121.78"/>
        <vehicle id="cfm-slow_5" eclass="HBEFA3/PC_G_EU4" CO2="0.00" CO="0.00" HC="0.00" NOx="0.00" PMx="0.00" fuel="0.00" electricity="0.00" noise="70.84" route="routetop" type="cfm-slow" waiting="0.00" lane="top_0" pos="3.49" speed="25.43" angle="268.24" x="56.08" y="131.85"/>
    </timestep>
    <timestep time="9.31">
        <vehicle id="cfm-fast_0" eclass="HBEFA3/PC_G_EU4" CO2="4615.52" CO="24.61" HC="0.23" NOx="1.52" PMx="0.08" fuel="1.98" electricity="0.00" noise="71.40" route="routetop" type="cfm-fast" waiting="0.00" lane="top_0" pos="24.08" speed="24.88" angle="231.13" x="16.57" y="113.55"/>
        <vehicle id="cfm-fast_1" eclass="HBEFA3/PC_G_EU4" CO2="177542.16" CO="6514.97" HC="34.37" NOx="81.97" PMx="5.84" fuel="76.32" electricity="0.00" noise="121.95" route="routebottom" type="cfm-fast" waiting="0.00" lane="right_1" pos="5.31" speed="104.98" angle="354.98" x="128.06" y="74.52"/>
        <vehicle id="cfm-fast_2" eclass="HBEFA3/PC_G_EU4" CO2="8855.55" CO="112.25" HC="0.73" NOx="3.52" PMx="0.19" fuel="3.81" electricity="0.00" noise="72.75" route="routetop" type="cfm-fast" waiting="0.00" lane="top_0" pos="39.92" speed="24.98" angle="202.70" x="-1.52" y="85.08"/>
        <vehicle id="cfm-fast_3" eclass="HBEFA3/PC_G_EU4" CO2="11612.28" CO="171.65" HC="1.07" NOx="4.80" PMx="0.26" fuel="4.99" electricity="0.00" noise="74.05" route="routetop" type="cfm-fast" waiting="0.00" lane="left_0" pos="5.92" speed="25.74" angle="173.81" x="-3.75" y="50.90"/>
        <vehicle id="cfm-fast_4" eclass="HBEFA3/PC_G_EU4" CO2="11729.44" CO="178.73" HC="1.11" NOx="4.83" PMx="0.27" fuel="5.04" electricity="0.00" noise="74.41" route="routetop" type="cfm-fast" waiting="0.00" lane="left_0" pos="22.74" speed="26.82" angle="143.49" x="11.84" y="18.71"/>
        <vehicle id="cfm-fast_5" eclass="HBEFA3/PC_G_EU4" CO2="98542.49" CO="5123.39" HC="26.09" NOx="44.68" PMx="3.87" fuel="42.36" electricity="0.00" noise="109.98" route="routetop" type="cfm-fast" waiting="0.00" lane="left_1" pos="2.06" speed="108.27" angle="180.78" x="-1.50" y="59.41"/>
        <vehicle id="cfm-slow_0" eclass="HBEFA3/PC_G_EU4" CO2="9099.83" CO="129.57" HC="0.82" NOx="3.57" PMx="0.20" fuel="3.91" electricity="0.00" noise="73.84" route="routetop" type="cfm-slow" waiting="0.00" lane="left_0" pos="40.68" speed="27.79" angle="111.27" x="43.81" y="-2.00"/>
        <vehicle id="cfm-slow_1" eclass="HBEFA3/PC_G_EU4" CO2="0.00" CO="0.00" HC="0.00" NOx="0.00" PMx="0.00" fuel="0.00" electricity="0.00" noise="72.95" route="routebottom" type="cfm-slow" waiting="0.00" lane="bottom_0" pos="13.58" speed="28.29" angle="70.04" x="92.08" y="1.23"/>
        <vehicle id="cfm-slow_2" eclass="HBEFA3/PC_G_EU4" CO2="0.00" CO="0.00" HC="0.00" NOx="0.00" PMx="0.00" fuel="0.00" electricity="0.00" noise="72.18" route="routebottom" type="cfm-slow" waiting="0.00" lane="bottom_0" pos="36.92" speed="28.15" angle="28.01" x="126.54" y="36.22"/>
        <vehicle id="cfm-slow_3" eclass="HBEFA3/PC_G_EU4" CO2="0.00" CO="0.00" HC="0.00" NOx="0.00" PMx="0.00" fuel="0.00" electricity="0.00" noise="71.53" route="routebottom" type="cfm-slow" waiting="0.00" lane="right_0" pos="10.06" speed="27.44" angle="346.33" x="128.86" y="85.05"/>
        <vehicle id="cfm-slow_4" eclass="HBEFA3/PC_G_EU4" CO2="0.00" CO="0.00" HC="0.00" NOx="0.00" PMx="0.00" fuel="0.00" electricity="0.00" noise="71.01" route="routebottom" type="cfm-slow" waiting="0.00" lane="right_0" pos="32.43" speed="26.40" angle="306.18" x="99.65" y="122.07"/>
        <vehicle id="cfm-slow_5" eclass="HBEFA3/PC_G_EU4" CO2="0.00" CO="0.00" HC="0.00" NOx="0.00" PMx="0.00" fuel="0.00" electricity="0.00" noise="70.84" route="routetop" type="cfm-slow" waiting="0.00" lane="top_0" pos="3.74" speed="25.43" angle="267.78" x="55.53" y="131.79"/>
    </timestep>
    <timestep time="9.32">
        <vehicle id="cfm-fast_0" eclass="HBEFA3/PC_G_EU4" CO2="4656.81" CO="25.47" HC="0.23" NOx="1.54" PMx="0.08" fuel="2.00" electricity="0.00" noise="71.41" route="routetop" type="cfm-fast" waiting="0.00" lane="top_0" pos="24.33" speed="24.88" angle="230.72" x="16.18" y="113.18"/>
        <vehicle id="cfm-fast_1" eclass="HBEFA3/PC_G_EU4" CO2="176755.15" CO="6501.36" HC="34.29" NOx="81.60" PMx="5.82" fuel="75.98" electricity="0.00" noise="121.82" route="routebottom" type="cfm-fast" waiting="0.00" lane="right_1" pos="6.36" speed="105.01" angle="353.08" x="127.68" y="76.64"/>
        <vehicle id="cfm-fast_2" eclass="HBEFA3/PC_G_EU4" CO2="8883.06" CO="112.83" HC="0.73" NOx="3.53" PMx="0.19" fuel="3.82" electricity="0.00" noise="72.76" route="routetop" type="cfm-fast" waiting="0.00" lane="top_0" pos="40.17" speed="24.99" angle="202.24" x="-1.68" y="84.57"/>
        <vehicle id="cfm-fast_3" eclass="HBEFA3/PC_G_EU4" CO2="11615.43" CO="171.76" HC="1.07" NOx="4.80" PMx="0.26" fuel="4.99" electricity="0.00" noise="74.06" route="routetop" type="cfm-fast" waiting="0.00" lane="left_0" pos="6.18" speed="25.75" angle="173.34" x="-3.65" y="50.35"/>
        <vehicle id="cfm-fast_4" eclass="HBEFA3/PC_G_EU4" CO2="11705.55" CO="178.28" HC="1.10" NOx="4.82" PMx="0.27" fuel="5.03" electricity="0.00" noise="74.40" route="routetop" type="cfm-fast" waiting="0.00" lane="left_0" pos="23.01" speed="26.83" angle="143.03" x="12.21" y="18.27"/>
        <vehicle id="cfm-fast_5" eclass="HBEFA3/PC_G_EU4" CO2="98339.88" CO="5119.68" HC="26.07" NOx="44.58" PMx="3.87" fuel="42.27" electricity="0.00" noise="109.95" route="routetop" type="cfm-fast" waiting="0.00" lane="left_1" pos="3.14" speed="108.27" angle="178.85" x="-1.32" y="57.20"/>
        <vehicle id="cfm-slow_0" eclass="HBEFA3/PC_G_EU4" CO2="9057.25" CO="128.72" HC="0.81" NOx="3.55" PMx="0.20" fuel="3.89" electricity="0.00" noise="73.83" route="routetop" type="cfm-slow" waiting="0.00" lane="left_0" pos="40.96" speed="27.80" angle="110.77" x="44.38" y="-2.18"/>
        <vehicle id="cfm-slow_1" eclass="HBEFA3/PC_G_EU4" CO2="0.00" CO="0.00" HC="0.00" NOx="0.00" PMx="0.00" fuel="0.00" electricity="0.00" noise="72.94" route="routebottom" type="cfm-slow" waiting="0.00" lane="bottom_0" pos="13.86" speed="28.29" angle="69.52" x="92.64" y="1.48"/>
        <vehicle id="cfm-slow_2" eclass="HBEFA3/PC_G_EU4" CO2="0.00" CO="0.00" HC="0.00" NOx="0.00" PMx="0.00" fuel="0.00" electricity="0.00" noise="72.17" route="routebottom" type="cfm-slow" waiting="0.00" lane="bottom_0" pos="37.20" speed="28.15" angle="27.54" x="126.79" y="36.77"/>
        <vehicle id="cfm-slow_3" eclass="HBEFA3/PC_G_EU4" CO2="0.00" CO="0.00" HC="0.00" NOx="0.00" PMx="0.00" fuel="0.00" electricity="0.00" noise="71.53" route="routebottom" type="cfm-slow" waiting="0.00" lane="right_0" pos="10.34" speed="27.43" angle="345.90" x="128.67" y="85.61"/>
        <vehicle id="cfm-slow_4" eclass="HBEFA3/PC_G_EU4" CO2="0.00" CO="0.00" HC="0.00" NOx="0.00" PMx="0.00" fuel="0.00" electricity="0.00" noise="71.01" route="routebottom" type="cfm-slow" waiting="0.00" lane="right_0" pos="32.70" speed="26.39" angle="305.68" x="99.17" y="122.36"/>
        <vehicle id="cfm-slow_5" eclass="HBEFA3/PC_G_EU4" CO2="0.00" CO="0.00" HC="0.00" NOx="0.00" PMx="0.00" fuel="0.00" electricity="0.00" noise="70.85" route="routetop" type="cfm-slow" waiting="0.00" lane="top_0" pos="4.00" speed="25.42" angle="267.35" x="54.99" y="131.72"/>
    </timestep>
    <timestep time="9.33">
        <vehicle id="cfm-fast_0" eclass="HBEFA3/PC_G_EU4" CO2="4697.97" CO="26.32" HC="0.24" NOx="1.56" PMx="0.08" fuel="2.02" electricity="0.00" noise="71.42" route="routetop" type="cfm-fast" waiting="0.00" lane="top_0" pos="24.58" speed="24.88" angle="230.28" x="15.80" y="112.81"/>
        <vehicle id="cfm-fast_1" eclass="HBEFA3/PC_G_EU4" CO2="175973.23" CO="6487.83" HC="34.21" NOx="81.23" PMx="5.80" fuel="75.64" electricity="0.00" noise="121.70" route="routebottom" type="cfm-fast" waiting="0.00" lane="right_1" pos="7.41" speed="105.05" angle="351.08" x="127.20" y="78.74"/>
        <vehicle id="cfm-fast_2" eclass="HBEFA3/PC_G_EU4" CO2="8910.35" CO="113.42" HC="0.74" NOx="3.54" PMx="0.19" fuel="3.83" electricity="0.00" noise="72.78" route="routetop" type="cfm-fast" waiting="0.00" lane="top_0" pos="40.42" speed="25.00" angle="201.77" x="-1.83" y="84.06"/>
        <vehicle id="cfm-fast_3" eclass="HBEFA3/PC_G_EU4" CO2="11618.32" CO="171.86" HC="1.07" NOx="4.80" PMx="0.26" fuel="4.99" electricity="0.00" noise="74.06" route="routetop" type="cfm-fast" waiting="0.00" lane="left_0" pos="6.44" speed="25.76" angle="172.92" x="-3.54" y="49.81"/>
        <vehicle id="cfm-fast_4" eclass="HBEFA3/PC_G_EU4" CO2="11681.47" CO="177.83" HC="1.10" NOx="4.81" PMx="0.27" fuel="5.02" electricity="0.00" noise="74.39" route="routetop" type="cfm-fast" waiting="0.00" lane="left_0" pos="23.28" speed="26.84" angle="142.57" x="12.60" y="17.84"/>
        <vehicle id="cfm-fast_5" eclass="HBEFA3/PC_G_EU4" CO2="98140.63" CO="5116.03" HC="26.05" NOx="44.49" PMx="3.86" fuel="42.19" electricity="0.00" noise="109.92" route="routetop" type="cfm-fast" waiting="0.00" lane="left_1" pos="4.23" speed="108.28" angle="176.92" x="-1.07" y="54.99"/>
        <vehicle id="cfm-slow_0" eclass="HBEFA3/PC_G_EU4" CO2="9014.65" CO="127.88" HC="0.81" NOx="3.53" PMx="0.20" fuel="3.87" electricity="0.00" noise="73.82" route="routetop" type="cfm-slow" waiting="0.00" lane="left_0" pos="41.24" speed="27.80" angle="110.30" x="44.96" y="-2.34"/>
        <vehicle id="cfm-slow_1" eclass="HBEFA3/PC_G_EU4" CO2="0.00" CO="0.00" HC="0.00" NOx="0.00" PMx="0.00" fuel="0.00" electricity="0.00" noise="72.93" route="routebottom" type="cfm-slow" waiting="0.00" lane="bottom_0" pos="14.14" speed="28.29" angle="69.05" x="93.19" y="1.73"/>
        <vehicle id="cfm-slow_2" eclass="HBEFA3/PC_G_EU4" CO2="0.00" CO="0.00" HC="0.00" NOx="0.00" PMx="0.00" fuel="0.00" electricity="0.00" noise="72.16" route="routebottom" type="cfm-slow" waiting="0.00" lane="bottom_0" pos="37.48" speed="28.14" angle="27.04" x="127.01" y="37.33"/>
        <vehicle id="cfm-slow_3" eclass="HBEFA3/PC_G_EU4" CO2="0.00" CO="0.00" HC="0.00" NOx="0.00" PMx="0.00" fuel="0.00" electricity="0.00" noise="71.52" route="routebottom" type="cfm-slow" waiting="0.00" lane="right_0" pos="10.61" speed="27.42" angle="345.37" x="128.47" y="86.16"/>
        <vehicle id="cfm-slow_4" eclass="HBEFA3/PC_G_EU4" CO2="0.00" CO="0.00" HC="0.00" NOx="0.00" PMx="0.00" fuel="0.00" electricity="0.00" noise="71.01" route="routebottom" type="cfm-slow" waiting="0.00" lane="right_0" pos="32.96" speed="26.38" angle="305.18" x="98.68" y="122.65"/>
        <vehicle id="cfm-slow_5" eclass="HBEFA3/PC_G_EU4" CO2="0.00" CO="0.00" HC="0.00" NOx="0.00" PMx="0.00" fuel="0.00" electricity="0.00" noise="70.85" route="routetop" type="cfm-slow" waiting="0.00" lane="top_0" pos="4.25" speed="25.41" angle="266.89" x="54.45" y="131.65"/>
    </timestep>
    <timestep time="9.34">
        <vehicle id="cfm-fast_0" eclass="HBEFA3/PC_G_EU4" CO2="4739.00" CO="27.16" HC="0.24" NOx="1.58" PMx="0.08" fuel="2.04" electricity="0.00" noise="71.43" route="routetop" type="cfm-fast" waiting="0.00" lane="top_0" pos="24.83" speed="24.88" angle="229.82" x="15.42" y="112.43"/>
        <vehicle id="cfm-fast_1" eclass="HBEFA3/PC_G_EU4" CO2="175196.38" CO="6474.38" HC="34.13" NOx="80.87" PMx="5.78" fuel="75.31" electricity="0.00" noise="121.58" route="routebottom" type="cfm-fast" waiting="0.00" lane="right_1" pos="8.46" speed="105.09" angle="349.23" x="126.67" y="80.83"/>
        <vehicle id="cfm-fast_2" eclass="HBEFA3/PC_G_EU4" CO2="8937.41" CO="114.00" HC="0.74" NOx="3.55" PMx="0.19" fuel="3.84" electricity="0.00" noise="72.79" route="routetop" type="cfm-fast" waiting="0.00" lane="top_0" pos="40.67" speed="25.00" angle="201.30" x="-1.99" y="83.54"/>
        <vehicle id="cfm-fast_3" eclass="HBEFA3/PC_G_EU4" CO2="11620.95" CO="171.95" HC="1.07" NOx="4.80" PMx="0.26" fuel="5.00" electricity="0.00" noise="74.06" route="routetop" type="cfm-fast" waiting="0.00" lane="left_0" pos="6.70" speed="25.77" angle="172.42" x="-3.42" y="49.27"/>
        <vehicle id="cfm-fast_4" eclass="HBEFA3/PC_G_EU4" CO2="11657.21" CO="177.38" HC="1.10" NOx="4.80" PMx="0.27" fuel="5.01" electricity="0.00" noise="74.39" route="routetop" type="cfm-fast" waiting="0.00" lane="left_0" pos="23.55" speed="26.85" angle="142.09" x="12.99" y="17.42"/>
        <vehicle id="cfm-fast_5" eclass="HBEFA3/PC_G_EU4" CO2="97944.68" CO="5112.44" HC="26.02" NOx="44.40" PMx="3.86" fuel="42.10" electricity="0.00" noise="109.89" route="routetop" type="cfm-fast" waiting="0.00" lane="left_1" pos="5.31" speed="108.28" angle="174.95" x="-0.74" y="52.80"/>
        <vehicle id="cfm-slow_0" eclass="HBEFA3/PC_G_EU4" CO2="8972.02" CO="127.03" HC="0.80" NOx="3.51" PMx="0.20" fuel="3.86" electricity="0.00" noise="73.81" route="routetop" type="cfm-slow" waiting="0.00" lane="left_0" pos="41.52" speed="27.81" angle="109.78" x="45.54" y="-2.50"/>
        <vehicle id="cfm-slow_1" eclass="HBEFA3/PC_G_EU4" CO2="0.00" CO="0.00" HC="0.00" NOx="0.00" PMx="0.00" fuel="0.00" electricity="0.00" noise="72.92" route="routebottom" type="cfm-slow" waiting="0.00" lane="bottom_0" pos="14.42" speed="28.29" angle="68.52" x="93.74" y="2.00"/>
        <vehicle id="cfm-slow_2" eclass="HBEFA3/PC_G_EU4" CO2="0.00" CO="0.00" HC="0.00" NOx="0.00" PMx="0.00" fuel="0.00" electricity="0.00" noise="72.16" route="routebottom" type="cfm-slow" waiting="0.00" lane="bottom_0" pos="37.76" speed="28.13" angle="26.53" x="127.24" y="37.90"/>
        <vehicle id="cfm-slow_3" eclass="HBEFA3/PC_G_EU4" CO2="0.00" CO="0.00" HC="0.00" NOx="0.00" PMx="0.00" fuel="0.00" electricity="0.00" noise="71.52" route="routebottom" type="cfm-slow" waiting="0.00" lane="right_0" pos="10.88" speed="27.41" angle="344.85" x="128.27" y="86.72"/>
        <vehicle id="cfm-slow_4" eclass="HBEFA3/PC_G_EU4" CO2="0.00" CO="0.00" HC="0.00" NOx="0.00" PMx="0.00" fuel="0.00" electricity="0.00" noise="71.00" route="routebottom" type="cfm-slow" waiting="0.00" lane="right_0" pos="33.23" speed="26.37" angle="304.68" x="98.19" y="122.94"/>
        <vehicle id="cfm-slow_5" eclass="HBEFA3/PC_G_EU4" CO2="0.00" CO="0.00" HC="0.00" NOx="0.00" PMx="0.00" fuel="0.00" electricity="0.00" noise="70.85" route="routetop" type="cfm-slow" waiting="0.00" lane="top_0" pos="4.51" speed="25.41" angle="266.43" x="53.91" y="131.57"/>
    </timestep>
    <timestep time="9.35">
        <vehicle id="cfm-fast_0" eclass="HBEFA3/PC_G_EU4" CO2="4779.90" CO="28.01" HC="0.25" NOx="1.59" PMx="0.08" fuel="2.05" electricity="0.00" noise="71.45" route="routetop" type="cfm-fast" waiting="0.00" lane="top_0" pos="25.08" speed="24.88" angle="229.37" x="15.04" y="112.05"/>
        <vehicle id="cfm-fast_1" eclass="HBEFA3/PC_G_EU4" CO2="174424.59" CO="6461.02" HC="34.05" NOx="80.50" PMx="5.76" fuel="74.98" electricity="0.00" noise="121.46" route="routebottom" type="cfm-fast" waiting="0.00" lane="right_1" pos="9.51" speed="105.12" angle="347.39" x="126.07" y="82.90"/>
        <vehicle id="cfm-fast_2" eclass="HBEFA3/PC_G_EU4" CO2="8964.24" CO="114.57" HC="0.74" NOx="3.57" PMx="0.19" fuel="3.85" electricity="0.00" noise="72.80" route="routetop" type="cfm-fast" waiting="0.00" lane="top_0" pos="40.92" speed="25.01" angle="200.84" x="-2.15" y="83.03"/>
        <vehicle id="cfm-fast_3" eclass="HBEFA3/PC_G_EU4" CO2="11623.33" CO="172.04" HC="1.07" NOx="4.80" PMx="0.26" fuel="5.00" electricity="0.00" noise="74.07" route="routetop" type="cfm-fast" waiting="0.00" lane="left_0" pos="6.96" speed="25.78" angle="171.93" x="-3.29" y="48.73"/>
        <vehicle id="cfm-fast_4" eclass="HBEFA3/PC_G_EU4" CO2="11632.77" CO="176.92" HC="1.10" NOx="4.78" PMx="0.27" fuel="5.00" electricity="0.00" noise="74.38" route="routetop" type="cfm-fast" waiting="0.00" lane="left_0" pos="23.81" speed="26.86" angle="141.61" x="13.38" y="16.99"/>
        <vehicle id="cfm-fast_5" eclass="HBEFA3/PC_G_EU4" CO2="97751.97" CO="5108.91" HC="26.00" NOx="44.31" PMx="3.85" fuel="42.02" electricity="0.00" noise="109.86" route="routetop" type="cfm-fast" waiting="0.00" lane="left_1" pos="6.39" speed="108.29" angle="172.98" x="-0.33" y="50.61"/>
        <vehicle id="cfm-slow_0" eclass="HBEFA3/PC_G_EU4" CO2="8929.36" CO="126.18" HC="0.80" NOx="3.49" PMx="0.20" fuel="3.84" electricity="0.00" noise="73.80" route="routetop" type="cfm-slow" waiting="0.00" lane="left_0" pos="41.79" speed="27.81" angle="109.26" x="46.11" y="-2.65"/>
        <vehicle id="cfm-slow_1" eclass="HBEFA3/PC_G_EU4" CO2="0.00" CO="0.00" HC="0.00" NOx="0.00" PMx="0.00" fuel="0.00" electricity="0.00" noise="72.91" route="routebottom" type="cfm-slow" waiting="0.00" lane="bottom_0" pos="14.71" speed="28.29" angle="67.99" x="94.28" y="2.27"/>
        <vehicle id="cfm-slow_2" eclass="HBEFA3/PC_G_EU4" CO2="0.00" CO="0.00" HC="0.00" NOx="0.00" PMx="0.00" fuel="0.00" electricity="0.00" noise="72.15" route="routebottom" type="cfm-slow" waiting="0.00" lane="bottom_0" pos="38.05" speed="28.13" angle="26.02" x="127.46" y="38.46"/>
        <vehicle id="cfm-slow_3" eclass="HBEFA3/PC_G_EU4" CO2="0.00" CO="0.00" HC="0.00" NOx="0.00" PMx="0.00" fuel="0.00" electricity="0.00" noise="71.51" route="routebottom" type="cfm-slow" waiting="0.00" lane="right_0" pos="11.16" speed="27.40" angle="344.33" x="128.07" y="87.27"/>
        <vehicle id="cfm-slow_4" eclass="HBEFA3/PC_G_EU4" CO2="0.00" CO="0.00" HC="0.00" NOx="0.00" PMx="0.00" fuel="0.00" electricity="0.00" noise="71.00" route="routebottom" type="cfm-slow" waiting="0.00" lane="right_0" pos="33.49" speed="26.36" angle="304.25" x="97.70" y="123.22"/>
        <vehicle id="cfm-slow_5" eclass="HBEFA3/PC_G_EU4" CO2="0.00" CO="0.00" HC="0.00" NOx="0.00" PMx="0.00" fuel="0.00" electricity="0.00" noise="70.86" route="routetop" type="cfm-slow" waiting="0.00" lane="top_0" pos="4.76" speed="25.40" angle="265.97" x="53.37" y="131.49"/>
    </timestep>
    <timestep time="9.36">
        <vehicle id="cfm-fast_0" eclass="HBEFA3/PC_G_EU4" CO2="4820.67" CO="28.85" HC="0.25" NOx="1.61" PMx="0.08" fuel="2.07" electricity="0.00" noise="71.46" route="routetop" type="cfm-fast" waiting="0.00" lane="top_0" pos="25.33" speed="24.88" angle="228.91" x="14.66" y="111.67"/>
        <vehicle id="cfm-fast_1" eclass="HBEFA3/PC_G_EU4" CO2="173657.87" CO="6447.74" HC="33.97" NOx="80.14" PMx="5.74" fuel="74.65" electricity="0.00" noise="121.34" route="routebottom" type="cfm-fast" waiting="0.00" lane="right_1" pos="10.56" speed="105.16" angle="345.50" x="125.40" y="84.95"/>
        <vehicle id="cfm-fast_2" eclass="HBEFA3/PC_G_EU4" CO2="8990.85" CO="115.15" HC="0.75" NOx="3.58" PMx="0.19" fuel="3.86" electricity="0.00" noise="72.81" route="routetop" type="cfm-fast" waiting="0.00" lane="top_0" pos="41.17" speed="25.02" angle="200.43" x="-2.30" y="82.51"/>
        <vehicle id="cfm-fast_3" eclass="HBEFA3/PC_G_EU4" CO2="11625.46" CO="172.13" HC="1.07" NOx="4.80" PMx="0.26" fuel="5.00" electricity="0.00" noise="74.07" route="routetop" type="cfm-fast" waiting="0.00" lane="left_0" pos="7.21" speed="25.79" angle="171.43" x="-3.17" y="48.19"/>
        <vehicle id="cfm-fast_4" eclass="HBEFA3/PC_G_EU4" CO2="11608.14" CO="176.46" HC="1.09" NOx="4.77" PMx="0.27" fuel="4.99" electricity="0.00" noise="74.37" route="routetop" type="cfm-fast" waiting="0.00" lane="left_0" pos="24.08" speed="26.87" angle="141.12" x="13.78" y="16.57"/>
        <vehicle id="cfm-fast_5" eclass="HBEFA3/PC_G_EU4" CO2="97562.43" CO="5105.45" HC="25.98" NOx="44.22" PMx="3.85" fuel="41.94" electricity="0.00" noise="109.84" route="routetop" type="cfm-fast" waiting="0.00" lane="left_1" pos="7.47" speed="108.30" angle="170.98" x="0.16" y="48.45"/>
        <vehicle id="cfm-slow_0" eclass="HBEFA3/PC_G_EU4" CO2="8886.68" CO="125.33" HC="0.79" NOx="3.47" PMx="0.20" fuel="3.82" electricity="0.00" noise="73.78" route="routetop" type="cfm-slow" waiting="0.00" lane="left_0" pos="42.07" speed="27.82" angle="108.74" x="46.69" y="-2.80"/>
        <vehicle id="cfm-slow_1" eclass="HBEFA3/PC_G_EU4" CO2="0.00" CO="0.00" HC="0.00" NOx="0.00" PMx="0.00" fuel="0.00" electricity="0.00" noise="72.90" route="routebottom" type="cfm-slow" waiting="0.00" lane="bottom_0" pos="14.99" speed="28.29" angle="67.47" x="94.83" y="2.54"/>
        <vehicle id="cfm-slow_2" eclass="HBEFA3/PC_G_EU4" CO2="0.00" CO="0.00" HC="0.00" NOx="0.00" PMx="0.00" fuel="0.00" electricity="0.00" noise="72.14" route="routebottom" type="cfm-slow" waiting="0.00" lane="bottom_0" pos="38.33" speed="28.12" angle="25.51" x="127.69" y="39.02"/>
        <vehicle id="cfm-slow_3" eclass="HBEFA3/PC_G_EU4" CO2="0.00" CO="0.00" HC="0.00" NOx="0.00" PMx="0.00" fuel="0.00" electricity="0.00" noise="71.51" route="routebottom" type="cfm-slow" waiting="0.00" lane="right_0" pos="11.43" speed="27.39" angle="343.83" x="127.87" y="87.82"/>
        <vehicle id="cfm-slow_4" eclass="HBEFA3/PC_G_EU4" CO2="0.00" CO="0.00" HC="0.00" NOx="0.00" PMx="0.00" fuel="0.00" electricity="0.00" noise="71.00" route="routebottom" type="cfm-slow" waiting="0.00" lane="right_0" pos="33.75" speed="26.36" angle="303.77" x="97.20" y="123.50"/>
        <vehicle id="cfm-slow_5" eclass="HBEFA3/PC_G_EU4" CO2="0.00" CO="0.00" HC="0.00" NOx="0.00" PMx="0.00" fuel="0.00" electricity="0.00" noise="70.86" route="routetop" type="cfm-slow" waiting="0.00" lane="top_0" pos="5.01" speed="25.40" angle="265.43" x="52.83" y="131.41"/>
    </timestep>
    <timestep time="9.37">
        <vehicle id="cfm-fast_0" eclass="HBEFA3/PC_G_EU4" CO2="4861.30" CO="29.69" HC="0.26" NOx="1.63" PMx="0.08" fuel="2.09" electricity="0.00" noise="71.47" route="routetop" type="cfm-fast" waiting="0.00" lane="top_0" pos="25.58" speed="24.88" angle="228.49" x="14.28" y="111.29"/>
        <vehicle id="cfm-fast_1" eclass="HBEFA3/PC_G_EU4" CO2="172896.21" CO="6434.55" HC="33.89" NOx="79.78" PMx="5.72" fuel="74.32" electricity="0.00" noise="121.22" route="routebottom" type="cfm-fast" waiting="0.00" lane="right_1" pos="11.61" speed="105.19" angle="343.54" x="124.66" y="86.97"/>
        <vehicle id="cfm-fast_2" eclass="HBEFA3/PC_G_EU4" CO2="9017.23" CO="115.71" HC="0.75" NOx="3.59" PMx="0.19" fuel="3.88" electricity="0.00" noise="72.82" route="routetop" type="cfm-fast" waiting="0.00" lane="top_0" pos="41.42" speed="25.02" angle="199.97" x="-2.44" y="81.99"/>
        <vehicle id="cfm-fast_3" eclass="HBEFA3/PC_G_EU4" CO2="11627.33" CO="172.21" HC="1.07" NOx="4.81" PMx="0.26" fuel="5.00" electricity="0.00" noise="74.08" route="routetop" type="cfm-fast" waiting="0.00" lane="left_0" pos="7.47" speed="25.80" angle="170.94" x="-3.04" y="47.65"/>
        <vehicle id="cfm-fast_4" eclass="HBEFA3/PC_G_EU4" CO2="11583.34" CO="176.00" HC="1.09" NOx="4.76" PMx="0.27" fuel="4.98" electricity="0.00" noise="74.37" route="routetop" type="cfm-fast" waiting="0.00" lane="left_0" pos="24.35" speed="26.88" angle="140.69" x="14.17" y="16.14"/>
        <vehicle id="cfm-fast_5" eclass="HBEFA3/PC_G_EU4" CO2="97376.01" CO="5102.04" HC="25.96" NOx="44.13" PMx="3.84" fuel="41.86" electricity="0.00" noise="109.81" route="routetop" type="cfm-fast" waiting="0.00" lane="left_1" pos="8.56" speed="108.30" angle="169.03" x="0.71" y="46.30"/>
        <vehicle id="cfm-slow_0" eclass="HBEFA3/PC_G_EU4" CO2="8843.98" CO="124.48" HC="0.79" NOx="3.45" PMx="0.20" fuel="3.80" electricity="0.00" noise="73.77" route="routetop" type="cfm-slow" waiting="0.00" lane="left_0" pos="42.35" speed="27.82" angle="108.29" x="47.27" y="-2.96"/>
        <vehicle id="cfm-slow_1" eclass="HBEFA3/PC_G_EU4" CO2="0.00" CO="0.00" HC="0.00" NOx="0.00" PMx="0.00" fuel="0.00" electricity="0.00" noise="72.89" route="routebottom" type="cfm-slow" waiting="0.00" lane="bottom_0" pos="15.27" speed="28.29" angle="66.96" x="95.37" y="2.82"/>
        <vehicle id="cfm-slow_2" eclass="HBEFA3/PC_G_EU4" CO2="0.00" CO="0.00" HC="0.00" NOx="0.00" PMx="0.00" fuel="0.00" electricity="0.00" noise="72.14" route="routebottom" type="cfm-slow" waiting="0.00" lane="bottom_0" pos="38.61" speed="28.11" angle="25.06" x="127.90" y="39.58"/>
        <vehicle id="cfm-slow_3" eclass="HBEFA3/PC_G_EU4" CO2="0.00" CO="0.00" HC="0.00" NOx="0.00" PMx="0.00" fuel="0.00" electricity="0.00" noise="71.50" route="routebottom" type="cfm-slow" waiting="0.00" lane="right_0" pos="11.71" speed="27.38" angle="343.36" x="127.66" y="88.37"/>
        <vehicle id="cfm-slow_4" eclass="HBEFA3/PC_G_EU4" CO2="0.00" CO="0.00" HC="0.00" NOx="0.00" PMx="0.00" fuel="0.00" electricity="0.00" noise="71.00" route="routebottom" type="cfm-slow" waiting="0.00" lane="right_0" pos="34.02" speed="26.35" angle="303.29" x="96.71" y="123.77"/>
        <vehicle id="cfm-slow_5" eclass="HBEFA3/PC_G_EU4" CO2="0.00" CO="0.00" HC="0.00" NOx="0.00" PMx="0.00" fuel="0.00" electricity="0.00" noise="70.86" route="routetop" type="cfm-slow" waiting="0.00" lane="top_0" pos="5.27" speed="25.39" angle="265.00" x="52.29" y="131.32"/>
    </timestep>
    <timestep time="9.38">
        <vehicle id="cfm-fast_0" eclass="HBEFA3/PC_G_EU4" CO2="4901.81" CO="30.53" HC="0.26" NOx="1.65" PMx="0.09" fuel="2.11" electricity="0.00" noise="71.48" route="routetop" type="cfm-fast" waiting="0.00" lane="top_0" pos="25.82" speed="24.88" angle="228.06" x="13.92" y="110.90"/>
        <vehicle id="cfm-fast_1" eclass="HBEFA3/PC_G_EU4" CO2="172139.59" CO="6421.43" HC="33.81" NOx="79.42" PMx="5.70" fuel="74.00" electricity="0.00" noise="121.10" route="routebottom" type="cfm-fast" waiting="0.00" lane="right_1" pos="12.66" speed="105.23" angle="341.69" x="123.86" y="88.98"/>
        <vehicle id="cfm-fast_2" eclass="HBEFA3/PC_G_EU4" CO2="9043.39" CO="116.27" HC="0.75" NOx="3.60" PMx="0.19" fuel="3.89" electricity="0.00" noise="72.84" route="routetop" type="cfm-fast" waiting="0.00" lane="top_0" pos="41.67" speed="25.03" angle="199.50" x="-2.58" y="81.47"/>
        <vehicle id="cfm-fast_3" eclass="HBEFA3/PC_G_EU4" CO2="11628.96" CO="172.28" HC="1.07" NOx="4.81" PMx="0.26" fuel="5.00" electricity="0.00" noise="74.08" route="routetop" type="cfm-fast" waiting="0.00" lane="left_0" pos="7.73" speed="25.81" angle="170.52" x="-2.91" y="47.11"/>
        <vehicle id="cfm-fast_4" eclass="HBEFA3/PC_G_EU4" CO2="11558.36" CO="175.53" HC="1.09" NOx="4.75" PMx="0.27" fuel="4.97" electricity="0.00" noise="74.36" route="routetop" type="cfm-fast" waiting="0.00" lane="left_0" pos="24.62" speed="26.89" angle="140.20" x="14.58" y="15.73"/>
        <vehicle id="cfm-fast_5" eclass="HBEFA3/PC_G_EU4" CO2="97192.65" CO="5098.69" HC="25.94" NOx="44.04" PMx="3.84" fuel="41.78" electricity="0.00" noise="109.78" route="routetop" type="cfm-fast" waiting="0.00" lane="left_1" pos="9.64" speed="108.31" angle="167.09" x="1.34" y="44.17"/>
        <vehicle id="cfm-slow_0" eclass="HBEFA3/PC_G_EU4" CO2="8801.26" CO="123.63" HC="0.78" NOx="3.43" PMx="0.20" fuel="3.78" electricity="0.00" noise="73.76" route="routetop" type="cfm-slow" waiting="0.00" lane="left_0" pos="42.63" speed="27.83" angle="107.79" x="47.86" y="-3.09"/>
        <vehicle id="cfm-slow_1" eclass="HBEFA3/PC_G_EU4" CO2="0.00" CO="0.00" HC="0.00" NOx="0.00" PMx="0.00" fuel="0.00" electricity="0.00" noise="72.88" route="routebottom" type="cfm-slow" waiting="0.00" lane="bottom_0" pos="15.56" speed="28.29" angle="66.48" x="95.91" y="3.10"/>
        <vehicle id="cfm-slow_2" eclass="HBEFA3/PC_G_EU4" CO2="0.00" CO="0.00" HC="0.00" NOx="0.00" PMx="0.00" fuel="0.00" electricity="0.00" noise="72.13" route="routebottom" type="cfm-slow" waiting="0.00" lane="bottom_0" pos="38.89" speed="28.11" angle="24.55" x="128.11" y="40.15"/>
        <vehicle id="cfm-slow_3" eclass="HBEFA3/PC_G_EU4" CO2="0.00" CO="0.00" HC="0.00" NOx="0.00" PMx="0.00" fuel="0.00" electricity="0.00" noise="71.50" route="routebottom" type="cfm-slow" waiting="0.00" lane="right_0" pos="11.98" speed="27.37" angle="342.87" x="127.44" y="88.92"/>
        <vehicle id="cfm-slow_4" eclass="HBEFA3/PC_G_EU4" CO2="0.00" CO="0.00" HC="0.00" NOx="0.00" PMx="0.00" fuel="0.00" electricity="0.00" noise="71.00" route="routebottom" type="cfm-slow" waiting="0.00" lane="right_0" pos="34.28" speed="26.34" angle="302.81" x="96.21" y="124.05"/>
        <vehicle id="cfm-slow_5" eclass="HBEFA3/PC_G_EU4" CO2="0.00" CO="0.00" HC="0.00" NOx="0.00" PMx="0.00" fuel="0.00" electricity="0.00" noise="70.87" route="routetop" type="cfm-slow" waiting="0.00" lane="top_0" pos="5.52" speed="25.39" angle="264.52" x="51.75" y="131.22"/>
    </timestep>
    <timestep time="9.39">
        <vehicle id="cfm-fast_0" eclass="HBEFA3/PC_G_EU4" CO2="4942.18" CO="31.36" HC="0.27" NOx="1.67" PMx="0.09" fuel="2.12" electricity="0.00" noise="71.49" route="routetop" type="cfm-fast" waiting="0.00" lane="top_0" pos="26.07" speed="24.88" angle="227.60" x="13.55" y="110.51"/>
        <vehicle id="cfm-fast_1" eclass="HBEFA3/PC_G_EU4" CO2="171388.01" CO="6408.40" HC="33.73" NOx="79.07" PMx="5.69" fuel="73.67" electricity="0.00" noise="120.99" route="routebottom" type="cfm-fast" waiting="0.00" lane="right_1" pos="13.72" speed="105.26" angle="339.78" x="122.99" y="90.95"/>
        <vehicle id="cfm-fast_2" eclass="HBEFA3/PC_G_EU4" CO2="9069.32" CO="116.83" HC="0.76" NOx="3.62" PMx="0.20" fuel="3.90" electricity="0.00" noise="72.85" route="routetop" type="cfm-fast" waiting="0.00" lane="top_0" pos="41.92" speed="25.04" angle="199.04" x="-2.72" y="80.95"/>
        <vehicle id="cfm-fast_3" eclass="HBEFA3/PC_G_EU4" CO2="11630.33" CO="172.35" HC="1.07" NOx="4.81" PMx="0.26" fuel="5.00" electricity="0.00" noise="74.08" route="routetop" type="cfm-fast" waiting="0.00" lane="left_0" pos="7.99" speed="25.82" angle="170.04" x="-2.77" y="46.57"/>
        <vehicle id="cfm-fast_4" eclass="HBEFA3/PC_G_EU4" CO2="11533.20" CO="175.06" HC="1.09" NOx="4.74" PMx="0.26" fuel="4.96" electricity="0.00" noise="74.36" route="routetop" type="cfm-fast" waiting="0.00" lane="left_0" pos="24.89" speed="26.90" angle="139.71" x="14.99" y="15.32"/>
        <vehicle id="cfm-fast_5" eclass="HBEFA3/PC_G_EU4" CO2="97012.29" CO="5095.40" HC="25.92" NOx="43.96" PMx="3.83" fuel="41.70" electricity="0.00" noise="109.76" route="routetop" type="cfm-fast" waiting="0.00" lane="left_1" pos="10.72" speed="108.31" angle="165.16" x="2.04" y="42.06"/>
        <vehicle id="cfm-slow_0" eclass="HBEFA3/PC_G_EU4" CO2="8758.52" CO="122.78" HC="0.78" NOx="3.41" PMx="0.20" fuel="3.76" electricity="0.00" noise="73.75" route="routetop" type="cfm-slow" waiting="0.00" lane="left_0" pos="42.91" speed="27.83" angle="107.30" x="48.44" y="-3.23"/>
        <vehicle id="cfm-slow_1" eclass="HBEFA3/PC_G_EU4" CO2="0.00" CO="0.00" HC="0.00" NOx="0.00" PMx="0.00" fuel="0.00" electricity="0.00" noise="72.88" route="routebottom" type="cfm-slow" waiting="0.00" lane="bottom_0" pos="15.84" speed="28.29" angle="65.96" x="96.44" y="3.40"/>
        <vehicle id="cfm-slow_2" eclass="HBEFA3/PC_G_EU4" CO2="0.00" CO="0.00" HC="0.00" NOx="0.00" PMx="0.00" fuel="0.00" electricity="0.00" noise="72.12" route="routebottom" type="cfm-slow" waiting="0.00" lane="bottom_0" pos="39.17" speed="28.10" angle="24.05" x="128.31" y="40.72"/>
        <vehicle id="cfm-slow_3" eclass="HBEFA3/PC_G_EU4" CO2="0.00" CO="0.00" HC="0.00" NOx="0.00" PMx="0.00" fuel="0.00" electricity="0.00" noise="71.49" route="routebottom" type="cfm-slow" waiting="0.00" lane="right_0" pos="12.25" speed="27.36" angle="342.37" x="127.22" y="89.47"/>
        <vehicle id="cfm-slow_4" eclass="HBEFA3/PC_G_EU4" CO2="0.00" CO="0.00" HC="0.00" NOx="0.00" PMx="0.00" fuel="0.00" electricity="0.00" noise="70.99" route="routebottom" type="cfm-slow" waiting="0.00" lane="right_0" pos="34.54" speed="26.33" angle="302.36" x="95.72" y="124.32"/>
        <vehicle id="cfm-slow_5" eclass="HBEFA3/PC_G_EU4" CO2="0.00" CO="0.00" HC="0.00" NOx="0.00" PMx="0.00" fuel="0.00" electricity="0.00" noise="70.87" route="routetop" type="cfm-slow" waiting="0.00" lane="top_0" pos="5.78" speed="25.38" angle="264.05" x="51.21" y="131.12"/>
    </timestep>
    <timestep time="9.40">
        <vehicle id="cfm-fast_0" eclass="HBEFA3/PC_G_EU4" CO2="4982.42" CO="32.19" HC="0.27" NOx="1.69" PMx="0.09" fuel="2.14" electricity="0.00" noise="71.50" route="routetop" type="cfm-fast" waiting="0.00" lane="top_0" pos="26.32" speed="24.88" angle="227.13" x="13.19" y="110.12"/>
        <vehicle id="cfm-fast_1" eclass="HBEFA3/PC_G_EU4" CO2="170641.46" CO="6395.46" HC="33.65" NOx="78.72" PMx="5.67" fuel="73.35" electricity="0.00" noise="120.87" route="routebottom" type="cfm-fast" waiting="0.00" lane="right_1" pos="14.77" speed="105.30" angle="337.86" x="122.05" y="92.90"/>
        <vehicle id="cfm-fast_2" eclass="HBEFA3/PC_G_EU4" CO2="9095.02" CO="117.39" HC="0.76" NOx="3.63" PMx="0.20" fuel="3.91" electricity="0.00" noise="72.86" route="routetop" type="cfm-fast" waiting="0.00" lane="top_0" pos="42.17" speed="25.05" angle="198.58" x="-2.86" y="80.43"/>
        <vehicle id="cfm-fast_3" eclass="HBEFA3/PC_G_EU4" CO2="11631.45" CO="172.41" HC="1.08" NOx="4.81" PMx="0.26" fuel="5.00" electricity="0.00" noise="74.09" route="routetop" type="cfm-fast" waiting="0.00" lane="left_0" pos="8.25" speed="25.83" angle="169.57" x="-2.63" y="46.03"/>
        <vehicle id="cfm-fast_4" eclass="HBEFA3/PC_G_EU4" CO2="11507.86" CO="174.58" HC="1.08" NOx="4.72" PMx="0.26" fuel="4.95" electricity="0.00" noise="74.35" route="routetop" type="cfm-fast" waiting="0.00" lane="left_0" pos="25.16" speed="26.91" angle="139.22" x="15.40" y="14.91"/>
        <vehicle id="cfm-fast_5" eclass="HBEFA3/PC_G_EU4" CO2="96834.87" CO="5092.16" HC="25.90" NOx="43.87" PMx="3.83" fuel="41.63" electricity="0.00" noise="109.73" route="routetop" type="cfm-fast" waiting="0.00" lane="left_1" pos="11.81" speed="108.32" angle="163.22" x="2.81" y="39.98"/>
        <vehicle id="cfm-slow_0" eclass="HBEFA3/PC_G_EU4" CO2="8715.76" CO="121.92" HC="0.77" NOx="3.39" PMx="0.19" fuel="3.75" electricity="0.00" noise="73.74" route="routetop" type="cfm-slow" waiting="0.00" lane="left_0" pos="43.19" speed="27.84" angle="106.81" x="49.02" y="-3.36"/>
        <vehicle id="cfm-slow_1" eclass="HBEFA3/PC_G_EU4" CO2="0.00" CO="0.00" HC="0.00" NOx="0.00" PMx="0.00" fuel="0.00" electricity="0.00" noise="72.87" route="routebottom" type="cfm-slow" waiting="0.00" lane="bottom_0" pos="16.12" speed="28.28" angle="65.44" x="96.97" y="3.69"/>
        <vehicle id="cfm-slow_2" eclass="HBEFA3/PC_G_EU4" CO2="0.00" CO="0.00" HC="0.00" NOx="0.00" PMx="0.00" fuel="0.00" electricity="0.00" noise="72.12" route="routebottom" type="cfm-slow" waiting="0.00" lane="bottom_0" pos="39.45" speed="28.09" angle="23.54" x="128.52" y="41.29"/>
        <vehicle id="cfm-slow_3" eclass="HBEFA3/PC_G_EU4" CO2="0.00" CO="0.00" HC="0.00" NOx="0.00" PMx="0.00" fuel="0.00" electricity="0.00" noise="71.49" route="routebottom" type="cfm-slow" waiting="0.00" lane="right_0" pos="12.53" speed="27.35" angle="341.87" x="127.00" y="90.01"/>
        <vehicle id="cfm-slow_4" eclass="HBEFA3/PC_G_EU4" CO2="0.00" CO="0.00" HC="0.00" NOx="0.00" PMx="0.00" fuel="0.00" electricity="0.00" noise="70.99" route="routebottom" type="cfm-slow" waiting="0.00" lane="right_0" pos="34.81" speed="26.32" angle="301.92" x="95.22" y="124.58"/>
        <vehicle id="cfm-slow_5" eclass="HBEFA3/PC_G_EU4" CO2="0.00" CO="0.00" HC="0.00" NOx="0.00" PMx="0.00" fuel="0.00" electricity="0.00" noise="70.87" route="routetop" type="cfm-slow" waiting="0.00" lane="top_0" pos="6.03" speed="25.38" angle="263.57" x="50.68" y="131.03"/>
    </timestep>
    <timestep time="9.41">
        <vehicle id="cfm-fast_0" eclass="HBEFA3/PC_G_EU4" CO2="5022.52" CO="33.02" HC="0.28" NOx="1.71" PMx="0.09" fuel="2.16" electricity="0.00" noise="71.51" route="routetop" type="cfm-fast" waiting="0.00" lane="top_0" pos="26.57" speed="24.88" angle="226.67" x="12.83" y="109.72"/>
        <vehicle id="cfm-fast_1" eclass="HBEFA3/PC_G_EU4" CO2="169899.92" CO="6382.59" HC="33.58" NOx="78.37" PMx="5.65" fuel="73.03" electricity="0.00" noise="120.75" route="routebottom" type="cfm-fast" waiting="0.00" lane="right_1" pos="15.82" speed="105.33" angle="336.01" x="121.05" y="94.81"/>
        <vehicle id="cfm-fast_2" eclass="HBEFA3/PC_G_EU4" CO2="9120.50" CO="117.93" HC="0.76" NOx="3.64" PMx="0.20" fuel="3.92" electricity="0.00" noise="72.87" route="routetop" type="cfm-fast" waiting="0.00" lane="top_0" pos="42.42" speed="25.05" angle="198.18" x="-2.99" y="79.91"/>
        <vehicle id="cfm-fast_3" eclass="HBEFA3/PC_G_EU4" CO2="11632.32" CO="172.47" HC="1.08" NOx="4.81" PMx="0.26" fuel="5.00" electricity="0.00" noise="74.09" route="routetop" type="cfm-fast" waiting="0.00" lane="left_0" pos="8.50" speed="25.84" angle="169.10" x="-2.48" y="45.49"/>
        <vehicle id="cfm-fast_4" eclass="HBEFA3/PC_G_EU4" CO2="11482.35" CO="174.10" HC="1.08" NOx="4.71" PMx="0.26" fuel="4.94" electricity="0.00" noise="74.34" route="routetop" type="cfm-fast" waiting="0.00" lane="left_0" pos="25.43" speed="26.92" angle="138.72" x="15.81" y="14.50"/>
        <vehicle id="cfm-fast_5" eclass="HBEFA3/PC_G_EU4" CO2="96660.35" CO="5088.98" HC="25.89" NOx="43.79" PMx="3.82" fuel="41.55" electricity="0.00" noise="109.70" route="routetop" type="cfm-fast" waiting="0.00" lane="left_1" pos="12.89" speed="108.33" angle="161.33" x="3.64" y="37.92"/>
        <vehicle id="cfm-slow_0" eclass="HBEFA3/PC_G_EU4" CO2="8672.99" CO="121.07" HC="0.77" NOx="3.37" PMx="0.19" fuel="3.73" electricity="0.00" noise="73.73" route="routetop" type="cfm-slow" waiting="0.00" lane="left_0" pos="43.46" speed="27.84" angle="106.31" x="49.61" y="-3.49"/>
        <vehicle id="cfm-slow_1" eclass="HBEFA3/PC_G_EU4" CO2="0.00" CO="0.00" HC="0.00" NOx="0.00" PMx="0.00" fuel="0.00" electricity="0.00" noise="72.86" route="routebottom" type="cfm-slow" waiting="0.00" lane="bottom_0" pos="16.40" speed="28.28" angle="64.92" x="97.50" y="3.99"/>
        <vehicle id="cfm-slow_2" eclass="HBEFA3/PC_G_EU4" CO2="0.00" CO="0.00" HC="0.00" NOx="0.00" PMx="0.00" fuel="0.00" electricity="0.00" noise="72.11" route="routebottom" type="cfm-slow" waiting="0.00" lane="bottom_0" pos="39.73" speed="28.09" angle="23.08" x="128.72" y="41.86"/>
        <vehicle id="cfm-slow_3" eclass="HBEFA3/PC_G_EU4" CO2="0.00" CO="0.00" HC="0.00" NOx="0.00" PMx="0.00" fuel="0.00" electricity="0.00" noise="71.48" route="routebottom" type="cfm-slow" waiting="0.00" lane="right_0" pos="12.80" speed="27.34" angle="341.43" x="126.78" y="90.56"/>
        <vehicle id="cfm-slow_4" eclass="HBEFA3/PC_G_EU4" CO2="0.00" CO="0.00" HC="0.00" NOx="0.00" PMx="0.00" fuel="0.00" electricity="0.00" noise="70.99" route="routebottom" type="cfm-slow" waiting="0.00" lane="right_0" pos="35.07" speed="26.31" angle="301.45" x="94.71" y="124.84"/>
        <vehicle id="cfm-slow_5" eclass="HBEFA3/PC_G_EU4" CO2="0.00" CO="0.00" HC="0.00" NOx="0.00" PMx="0.00" fuel="0.00" electricity="0.00" noise="70.88" route="routetop" type="cfm-slow" waiting="0.00" lane="top_0" pos="6.28" speed="25.37" angle="263.12" x="50.14" y="130.93"/>
    </timestep>
    <timestep time="9.42">
        <vehicle id="cfm-fast_0" eclass="HBEFA3/PC_G_EU4" CO2="5062.49" CO="33.85" HC="0.28" NOx="1.73" PMx="0.09" fuel="2.18" electricity="0.00" noise="71.52" route="routetop" type="cfm-fast" waiting="0.00" lane="top_0" pos="26.82" speed="24.89" angle="226.22" x="12.47" y="109.33"/>
        <vehicle id="cfm-fast_1" eclass="HBEFA3/PC_G_EU4" CO2="169163.40" CO="6369.81" HC="33.50" NOx="78.02" PMx="5.63" fuel="72.72" electricity="0.00" noise="120.64" route="routebottom" type="cfm-fast" waiting="0.00" lane="right_1" pos="16.88" speed="105.37" angle="334.16" x="120.00" y="96.69"/>
        <vehicle id="cfm-fast_2" eclass="HBEFA3/PC_G_EU4" CO2="9145.74" CO="118.48" HC="0.77" NOx="3.65" PMx="0.20" fuel="3.93" electricity="0.00" noise="72.88" route="routetop" type="cfm-fast" waiting="0.00" lane="top_0" pos="42.67" speed="25.06" angle="197.73" x="-3.11" y="79.38"/>
        <vehicle id="cfm-fast_3" eclass="HBEFA3/PC_G_EU4" CO2="11632.94" CO="172.53" HC="1.08" NOx="4.81" PMx="0.26" fuel="5.00" electricity="0.00" noise="74.09" route="routetop" type="cfm-fast" waiting="0.00" lane="left_0" pos="8.76" speed="25.85" angle="168.62" x="-2.34" y="44.96"/>
        <vehicle id="cfm-fast_4" eclass="HBEFA3/PC_G_EU4" CO2="11456.67" CO="173.62" HC="1.08" NOx="4.70" PMx="0.26" fuel="4.92" electricity="0.00" noise="74.34" route="routetop" type="cfm-fast" waiting="0.00" lane="left_0" pos="25.70" speed="26.93" angle="138.29" x="16.22" y="14.10"/>
        <vehicle id="cfm-fast_5" eclass="HBEFA3/PC_G_EU4" CO2="96488.66" CO="5085.86" HC="25.87" NOx="43.71" PMx="3.82" fuel="41.48" electricity="0.00" noise="109.68" route="routetop" type="cfm-fast" waiting="0.00" lane="left_1" pos="13.97" speed="108.33" angle="159.35" x="4.55" y="35.89"/>
        <vehicle id="cfm-slow_0" eclass="HBEFA3/PC_G_EU4" CO2="8630.21" CO="120.22" HC="0.77" NOx="3.35" PMx="0.19" fuel="3.71" electricity="0.00" noise="73.72" route="routetop" type="cfm-slow" waiting="0.00" lane="left_0" pos="43.74" speed="27.85" angle="105.87" x="50.19" y="-3.62"/>
        <vehicle id="cfm-slow_1" eclass="HBEFA3/PC_G_EU4" CO2="0.00" CO="0.00" HC="0.00" NOx="0.00" PMx="0.00" fuel="0.00" electricity="0.00" noise="72.85" route="routebottom" type="cfm-slow" waiting="0.00" lane="bottom_0" pos="16.69" speed="28.28" angle="64.45" x="98.03" y="4.28"/>
        <vehicle id="cfm-slow_2" eclass="HBEFA3/PC_G_EU4" CO2="0.00" CO="0.00" HC="0.00" NOx="0.00" PMx="0.00" fuel="0.00" electricity="0.00" noise="72.10" route="routebottom" type="cfm-slow" waiting="0.00" lane="bottom_0" pos="40.01" speed="28.08" angle="22.56" x="128.91" y="42.43"/>
        <vehicle id="cfm-slow_3" eclass="HBEFA3/PC_G_EU4" CO2="0.00" CO="0.00" HC="0.00" NOx="0.00" PMx="0.00" fuel="0.00" electricity="0.00" noise="71.48" route="routebottom" type="cfm-slow" waiting="0.00" lane="right_0" pos="13.07" speed="27.33" angle="340.93" x="126.54" y="91.09"/>
        <vehicle id="cfm-slow_4" eclass="HBEFA3/PC_G_EU4" CO2="0.00" CO="0.00" HC="0.00" NOx="0.00" PMx="0.00" fuel="0.00" electricity="0.00" noise="70.99" route="routebottom" type="cfm-slow" waiting="0.00" lane="right_0" pos="35.33" speed="26.30" angle="300.97" x="94.20" y="125.09"/>
        <vehicle id="cfm-slow_5" eclass="HBEFA3/PC_G_EU4" CO2="0.00" CO="0.00" HC="0.00" NOx="0.00" PMx="0.00" fuel="0.00" electricity="0.00" noise="70.88" route="routetop" type="cfm-slow" waiting="0.00" lane="top_0" pos="6.54" speed="25.37" angle="262.69" x="49.61" y="130.81"/>
    </timestep>
    <timestep time="9.43">
        <vehicle id="cfm-fast_0" eclass="HBEFA3/PC_G_EU4" CO2="5102.32" CO="34.67" HC="0.28" NOx="1.75" PMx="0.09" fuel="2.19" electricity="0.00" noise="71.53" route="routetop" type="cfm-fast" waiting="0.00" lane="top_0" pos="27.07" speed="24.89" angle="225.81" x="12.11" y="108.93"/>
        <vehicle id="cfm-fast_1" eclass="HBEFA3/PC_G_EU4" CO2="168431.87" CO="6357.12" HC="33.43" NOx="77.67" PMx="5.61" fuel="72.40" electricity="0.00" noise="120.53" route="routebottom" type="cfm-fast" waiting="0.00" lane="right_1" pos="17.93" speed="105.40" angle="332.27" x="118.88" y="98.55"/>
        <vehicle id="cfm-fast_2" eclass="HBEFA3/PC_G_EU4" CO2="9170.76" CO="119.02" HC="0.77" NOx="3.66" PMx="0.20" fuel="3.94" electricity="0.00" noise="72.90" route="routetop" type="cfm-fast" waiting="0.00" lane="top_0" pos="42.92" speed="25.07" angle="197.29" x="-3.23" y="78.86"/>
        <vehicle id="cfm-fast_3" eclass="HBEFA3/PC_G_EU4" CO2="11633.31" CO="172.58" HC="1.08" NOx="4.81" PMx="0.26" fuel="5.00" electricity="0.00" noise="74.10" route="routetop" type="cfm-fast" waiting="0.00" lane="left_0" pos="9.02" speed="25.86" angle="168.21" x="-2.19" y="44.42"/>
        <vehicle id="cfm-fast_4" eclass="HBEFA3/PC_G_EU4" CO2="11430.82" CO="173.13" HC="1.07" NOx="4.69" PMx="0.26" fuel="4.91" electricity="0.00" noise="74.33" route="routetop" type="cfm-fast" waiting="0.00" lane="left_0" pos="25.97" speed="26.94" angle="137.79" x="16.65" y="13.71"/>
        <vehicle id="cfm-fast_5" eclass="HBEFA3/PC_G_EU4" CO2="96319.75" CO="5082.78" HC="25.85" NOx="43.63" PMx="3.82" fuel="41.40" electricity="0.00" noise="109.65" route="routetop" type="cfm-fast" waiting="0.00" lane="left_1" pos="15.06" speed="108.34" angle="157.39" x="5.53" y="33.90"/>
        <vehicle id="cfm-slow_0" eclass="HBEFA3/PC_G_EU4" CO2="8587.41" CO="119.36" HC="0.76" NOx="3.33" PMx="0.19" fuel="3.69" electricity="0.00" noise="73.71" route="routetop" type="cfm-slow" waiting="0.00" lane="left_0" pos="44.02" speed="27.85" angle="105.35" x="50.78" y="-3.72"/>
        <vehicle id="cfm-slow_1" eclass="HBEFA3/PC_G_EU4" CO2="0.00" CO="0.00" HC="0.00" NOx="0.00" PMx="0.00" fuel="0.00" electricity="0.00" noise="72.84" route="routebottom" type="cfm-slow" waiting="0.00" lane="bottom_0" pos="16.97" speed="28.28" angle="63.93" x="98.56" y="4.60"/>
        <vehicle id="cfm-slow_2" eclass="HBEFA3/PC_G_EU4" CO2="0.00" CO="0.00" HC="0.00" NOx="0.00" PMx="0.00" fuel="0.00" electricity="0.00" noise="72.10" route="routebottom" type="cfm-slow" waiting="0.00" lane="bottom_0" pos="40.29" speed="28.07" angle="22.02" x="129.08" y="43.01"/>
        <vehicle id="cfm-slow_3" eclass="HBEFA3/PC_G_EU4" CO2="0.00" CO="0.00" HC="0.00" NOx="0.00" PMx="0.00" fuel="0.00" electricity="0.00" noise="71.47" route="routebottom" type="cfm-slow" waiting="0.00" lane="right_0" pos="13.35" speed="27.32" angle="340.44" x="126.30" y="91.63"/>
        <vehicle id="cfm-slow_4" eclass="HBEFA3/PC_G_EU4" CO2="0.00" CO="0.00" HC="0.00" NOx="0.00" PMx="0.00" fuel="0.00" electricity="0.00" noise="70.99" route="routebottom" type="cfm-slow" waiting="0.00" lane="right_0" pos="35.59" speed="26.29" angle="300.49" x="93.70" y="125.34"/>
        <vehicle id="cfm-slow_5" eclass="HBEFA3/PC_G_EU4" CO2="0.00" CO="0.00" HC="0.00" NOx="0.00" PMx="0.00" fuel="0.00" electricity="0.00" noise="70.89" route="routetop" type="cfm-slow" waiting="0.00" lane="top_0" pos="6.79" speed="25.36" angle="262.21" x="49.07" y="130.69"/>
    </timestep>
    <timestep time="9.44">
        <vehicle id="cfm-fast_0" eclass="HBEFA3/PC_G_EU4" CO2="5142.01" CO="35.49" HC="0.29" NOx="1.77" PMx="0.09" fuel="2.21" electricity="0.00" noise="71.55" route="routetop" type="cfm-fast" waiting="0.00" lane="top_0" pos="27.32" speed="24.89" angle="225.34" x="11.76" y="108.52"/>
        <vehicle id="cfm-fast_1" eclass="HBEFA3/PC_G_EU4" CO2="167705.32" CO="6344.50" HC="33.35" NOx="77.33" PMx="5.59" fuel="72.09" electricity="0.00" noise="120.41" route="routebottom" type="cfm-fast" waiting="0.00" lane="right_1" pos="18.99" speed="105.43" angle="330.28" x="117.69" y="100.35"/>
        <vehicle id="cfm-fast_2" eclass="HBEFA3/PC_G_EU4" CO2="9195.56" CO="119.55" HC="0.77" NOx="3.67" PMx="0.20" fuel="3.95" electricity="0.00" noise="72.91" route="routetop" type="cfm-fast" waiting="0.00" lane="top_0" pos="43.17" speed="25.08" angle="196.84" x="-3.35" y="78.33"/>
        <vehicle id="cfm-fast_3" eclass="HBEFA3/PC_G_EU4" CO2="11633.43" CO="172.62" HC="1.08" NOx="4.81" PMx="0.26" fuel="5.00" electricity="0.00" noise="74.10" route="routetop" type="cfm-fast" waiting="0.00" lane="left_0" pos="9.28" speed="25.87" angle="167.73" x="-2.03" y="43.89"/>
        <vehicle id="cfm-fast_4" eclass="HBEFA3/PC_G_EU4" CO2="11404.79" CO="172.64" HC="1.07" NOx="4.67" PMx="0.26" fuel="4.90" electricity="0.00" noise="74.32" route="routetop" type="cfm-fast" waiting="0.00" lane="left_0" pos="26.24" speed="26.95" angle="137.29" x="17.07" y="13.31"/>
        <vehicle id="cfm-fast_5" eclass="HBEFA3/PC_G_EU4" CO2="96153.57" CO="5079.76" HC="25.83" NOx="43.55" PMx="3.81" fuel="41.33" electricity="0.00" noise="109.63" route="routetop" type="cfm-fast" waiting="0.00" lane="left_1" pos="16.14" speed="108.34" angle="155.46" x="6.58" y="31.94"/>
        <vehicle id="cfm-slow_0" eclass="HBEFA3/PC_G_EU4" CO2="8544.61" CO="118.51" HC="0.76" NOx="3.30" PMx="0.19" fuel="3.67" electricity="0.00" noise="73.70" route="routetop" type="cfm-slow" waiting="0.00" lane="left_0" pos="44.30" speed="27.86" angle="104.84" x="51.37" y="-3.83"/>
        <vehicle id="cfm-slow_1" eclass="HBEFA3/PC_G_EU4" CO2="0.00" CO="0.00" HC="0.00" NOx="0.00" PMx="0.00" fuel="0.00" electricity="0.00" noise="72.83" route="routebottom" type="cfm-slow" waiting="0.00" lane="bottom_0" pos="17.25" speed="28.28" angle="63.41" x="99.08" y="4.91"/>
        <vehicle id="cfm-slow_2" eclass="HBEFA3/PC_G_EU4" CO2="0.00" CO="0.00" HC="0.00" NOx="0.00" PMx="0.00" fuel="0.00" electricity="0.00" noise="72.09" route="routebottom" type="cfm-slow" waiting="0.00" lane="bottom_0" pos="40.57" speed="28.06" angle="21.49" x="129.26" y="43.59"/>
        <vehicle id="cfm-slow_3" eclass="HBEFA3/PC_G_EU4" CO2="0.00" CO="0.00" HC="0.00" NOx="0.00" PMx="0.00" fuel="0.00" electricity="0.00" noise="71.47" route="routebottom" type="cfm-slow" waiting="0.00" lane="right_0" pos="13.62" speed="27.31" angle="339.94" x="126.06" y="92.17"/>
        <vehicle id="cfm-slow_4" eclass="HBEFA3/PC_G_EU4" CO2="0.00" CO="0.00" HC="0.00" NOx="0.00" PMx="0.00" fuel="0.00" electricity="0.00" noise="70.98" route="routebottom" type="cfm-slow" waiting="0.00" lane="right_0" pos="35.86" speed="26.28" angle="300.05" x="93.19" y="125.60"/>
        <vehicle id="cfm-slow_5" eclass="HBEFA3/PC_G_EU4" CO2="0.00" CO="0.00" HC="0.00" NOx="0.00" PMx="0.00" fuel="0.00" electricity="0.00" noise="70.89" route="routetop" type="cfm-slow" waiting="0.00" lane="top_0" pos="7.04" speed="25.36" angle="261.73" x="48.54" y="130.57"/>
    </timestep>
    <timestep time="9.45">
        <vehicle id="cfm-fast_0" eclass="HBEFA3/PC_G_EU4" CO2="5181.57" CO="36.31" HC="0.29" NOx="1.78" PMx="0.09" fuel="2.23" electricity="0.00" noise="71.56" route="routetop" type="cfm-fast" waiting="0.00" lane="top_0" pos="27.57" speed="24.89" angle="224.87" x="11.42" y="108.11"/>
        <vehicle id="cfm-fast_1" eclass="HBEFA3/PC_G_EU4" CO2="166983.75" CO="6331.97" HC="33.28" NOx="76.99" PMx="5.58" fuel="71.78" electricity="0.00" noise="120.30" route="routebottom" type="cfm-fast" waiting="0.00" lane="right_1" pos="20.04" speed="105.47" angle="328.37" x="116.43" y="102.11"/>
        <vehicle id="cfm-fast_2" eclass="HBEFA3/PC_G_EU4" CO2="9220.12" CO="120.08" HC="0.78" NOx="3.69" PMx="0.20" fuel="3.96" electricity="0.00" noise="72.92" route="routetop" type="cfm-fast" waiting="0.00" lane="top_0" pos="43.42" speed="25.08" angle="196.39" x="-3.47" y="77.80"/>
        <vehicle id="cfm-fast_3" eclass="HBEFA3/PC_G_EU4" CO2="11633.31" CO="172.66" HC="1.08" NOx="4.81" PMx="0.26" fuel="5.00" electricity="0.00" noise="74.10" route="routetop" type="cfm-fast" waiting="0.00" lane="left_0" pos="9.54" speed="25.88" angle="167.25" x="-1.86" y="43.36"/>
        <vehicle id="cfm-fast_4" eclass="HBEFA3/PC_G_EU4" CO2="11378.60" CO="172.15" HC="1.07" NOx="4.66" PMx="0.26" fuel="4.89" electricity="0.00" noise="74.32" route="routetop" type="cfm-fast" waiting="0.00" lane="left_0" pos="26.51" speed="26.96" angle="136.79" x="17.50" y="12.92"/>
        <vehicle id="cfm-fast_5" eclass="HBEFA3/PC_G_EU4" CO2="95990.08" CO="5076.79" HC="25.81" NOx="43.47" PMx="3.81" fuel="41.26" electricity="0.00" noise="109.61" route="routetop" type="cfm-fast" waiting="0.00" lane="left_1" pos="17.22" speed="108.35" angle="153.50" x="7.70" y="30.02"/>
        <vehicle id="cfm-slow_0" eclass="HBEFA3/PC_G_EU4" CO2="8501.79" CO="117.65" HC="0.75" NOx="3.28" PMx="0.19" fuel="3.65" electricity="0.00" noise="73.69" route="routetop" type="cfm-slow" waiting="0.00" lane="left_0" pos="44.58" speed="27.86" angle="104.32" x="51.96" y="-3.94"/>
        <vehicle id="cfm-slow_1" eclass="HBEFA3/PC_G_EU4" CO2="0.00" CO="0.00" HC="0.00" NOx="0.00" PMx="0.00" fuel="0.00" electricity="0.00" noise="72.82" route="routebottom" type="cfm-slow" waiting="0.00" lane="bottom_0" pos="17.54" speed="28.28" angle="62.89" x="99.60" y="5.22"/>
        <vehicle id="cfm-slow_2" eclass="HBEFA3/PC_G_EU4" CO2="0.00" CO="0.00" HC="0.00" NOx="0.00" PMx="0.00" fuel="0.00" electricity="0.00" noise="72.09" route="routebottom" type="cfm-slow" waiting="0.00" lane="bottom_0" pos="40.85" speed="28.06" angle="20.95" x="129.44" y="44.17"/>
        <vehicle id="cfm-slow_3" eclass="HBEFA3/PC_G_EU4" CO2="0.00" CO="0.00" HC="0.00" NOx="0.00" PMx="0.00" fuel="0.00" electricity="0.00" noise="71.46" route="routebottom" type="cfm-slow" waiting="0.00" lane="right_0" pos="13.89" speed="27.30" angle="339.45" x="125.82" y="92.70"/>
        <vehicle id="cfm-slow_4" eclass="HBEFA3/PC_G_EU4" CO2="0.00" CO="0.00" HC="0.00" NOx="0.00" PMx="0.00" fuel="0.00" electricity="0.00" noise="70.98" route="routebottom" type="cfm-slow" waiting="0.00" lane="right_0" pos="36.12" speed="26.27" angle="299.57" x="92.68" y="125.83"/>
        <vehicle id="cfm-slow_5" eclass="HBEFA3/PC_G_EU4" CO2="0.00" CO="0.00" HC="0.00" NOx="0.00" PMx="0.00" fuel="0.00" electricity="0.00" noise="70.90" route="routetop" type="cfm-slow" waiting="0.00" lane="top_0" pos="7.30" speed="25.35" angle="261.25" x="48.01" y="130.45"/>
    </timestep>
    <timestep time="9.46">
        <vehicle id="cfm-fast_0" eclass="HBEFA3/PC_G_EU4" CO2="5220.98" CO="37.13" HC="0.30" NOx="1.80" PMx="0.09" fuel="2.24" electricity="0.00" noise="71.57" route="routetop" type="cfm-fast" waiting="0.00" lane="top_0" pos="27.82" speed="24.89" angle="224.41" x="11.07" y="107.71"/>
        <vehicle id="cfm-fast_1" eclass="HBEFA3/PC_G_EU4" CO2="166267.14" CO="6319.52" HC="33.20" NOx="76.65" PMx="5.56" fuel="71.47" electricity="0.00" noise="120.19" route="routebottom" type="cfm-fast" waiting="0.00" lane="right_1" pos="21.09" speed="105.50" angle="326.48" x="115.13" y="103.84"/>
        <vehicle id="cfm-fast_2" eclass="HBEFA3/PC_G_EU4" CO2="9244.46" CO="120.61" HC="0.78" NOx="3.70" PMx="0.20" fuel="3.97" electricity="0.00" noise="72.93" route="routetop" type="cfm-fast" waiting="0.00" lane="top_0" pos="43.68" speed="25.09" angle="196.00" x="-3.59" y="77.28"/>
        <vehicle id="cfm-fast_3" eclass="HBEFA3/PC_G_EU4" CO2="11632.93" CO="172.69" HC="1.08" NOx="4.81" PMx="0.26" fuel="5.00" electricity="0.00" noise="74.10" route="routetop" type="cfm-fast" waiting="0.00" lane="left_0" pos="9.80" speed="25.89" angle="166.77" x="-1.70" y="42.82"/>
        <vehicle id="cfm-fast_4" eclass="HBEFA3/PC_G_EU4" CO2="11352.24" CO="171.65" HC="1.07" NOx="4.65" PMx="0.26" fuel="4.88" electricity="0.00" noise="74.31" route="routetop" type="cfm-fast" waiting="0.00" lane="left_0" pos="26.78" speed="26.97" angle="136.29" x="17.93" y="12.53"/>
        <vehicle id="cfm-fast_5" eclass="HBEFA3/PC_G_EU4" CO2="95829.21" CO="5073.86" HC="25.80" NOx="43.40" PMx="3.80" fuel="41.19" electricity="0.00" noise="109.58" route="routetop" type="cfm-fast" waiting="0.00" lane="left_1" pos="18.31" speed="108.35" angle="151.53" x="8.87" y="28.13"/>
        <vehicle id="cfm-slow_0" eclass="HBEFA3/PC_G_EU4" CO2="8458.97" CO="116.80" HC="0.75" NOx="3.26" PMx="0.19" fuel="3.64" electricity="0.00" noise="73.68" route="routetop" type="cfm-slow" waiting="0.00" lane="left_0" pos="44.86" speed="27.87" angle="103.85" x="52.55" y="-4.05"/>
        <vehicle id="cfm-slow_1" eclass="HBEFA3/PC_G_EU4" CO2="0.00" CO="0.00" HC="0.00" NOx="0.00" PMx="0.00" fuel="0.00" electricity="0.00" noise="72.82" route="routebottom" type="cfm-slow" waiting="0.00" lane="bottom_0" pos="17.82" speed="28.28" angle="62.38" x="100.12" y="5.54"/>
        <vehicle id="cfm-slow_2" eclass="HBEFA3/PC_G_EU4" CO2="0.00" CO="0.00" HC="0.00" NOx="0.00" PMx="0.00" fuel="0.00" electricity="0.00" noise="72.08" route="routebottom" type="cfm-slow" waiting="0.00" lane="bottom_0" pos="41.13" speed="28.05" angle="20.50" x="129.61" y="44.74"/>
        <vehicle id="cfm-slow_3" eclass="HBEFA3/PC_G_EU4" CO2="0.00" CO="0.00" HC="0.00" NOx="0.00" PMx="0.00" fuel="0.00" electricity="0.00" noise="71.46" route="routebottom" type="cfm-slow" waiting="0.00" lane="right_0" pos="14.17" speed="27.29" angle="339.00" x="125.58" y="93.24"/>
        <vehicle id="cfm-slow_4" eclass="HBEFA3/PC_G_EU4" CO2="0.00" CO="0.00" HC="0.00" NOx="0.00" PMx="0.00" fuel="0.00" electricity="0.00" noise="70.98" route="routebottom" type="cfm-slow" waiting="0.00" lane="right_0" pos="36.38" speed="26.26" angle="299.06" x="92.16" y="126.06"/>
        <vehicle id="cfm-slow_5" eclass="HBEFA3/PC_G_EU4" CO2="0.00" CO="0.00" HC="0.00" NOx="0.00" PMx="0.00" fuel="0.00" electricity="0.00" noise="70.90" route="routetop" type="cfm-slow" waiting="0.00" lane="top_0" pos="7.55" speed="25.35" angle="260.79" x="47.48" y="130.33"/>
    </timestep>
    <timestep time="9.47">
        <vehicle id="cfm-fast_0" eclass="HBEFA3/PC_G_EU4" CO2="5260.26" CO="37.94" HC="0.30" NOx="1.82" PMx="0.10" fuel="2.26" electricity="0.00" noise="71.58" route="routetop" type="cfm-fast" waiting="0.00" lane="top_0" pos="28.06" speed="24.89" angle="223.94" x="10.72" y="107.30"/>
        <vehicle id="cfm-fast_1" eclass="HBEFA3/PC_G_EU4" CO2="165555.48" CO="6307.16" HC="33.13" NOx="76.32" PMx="5.54" fuel="71.17" electricity="0.00" noise="120.08" route="routebottom" type="cfm-fast" waiting="0.00" lane="right_1" pos="22.15" speed="105.53" angle="324.61" x="113.78" y="105.52"/>
        <vehicle id="cfm-fast_2" eclass="HBEFA3/PC_G_EU4" CO2="9268.56" CO="121.13" HC="0.78" NOx="3.71" PMx="0.20" fuel="3.98" electricity="0.00" noise="72.94" route="routetop" type="cfm-fast" waiting="0.00" lane="top_0" pos="43.93" speed="25.10" angle="195.53" x="-3.69" y="76.75"/>
        <vehicle id="cfm-fast_3" eclass="HBEFA3/PC_G_EU4" CO2="11632.32" CO="172.72" HC="1.08" NOx="4.81" PMx="0.26" fuel="5.00" electricity="0.00" noise="74.11" route="routetop" type="cfm-fast" waiting="0.00" lane="left_0" pos="10.06" speed="25.90" angle="166.29" x="-1.53" y="42.29"/>
        <vehicle id="cfm-fast_4" eclass="HBEFA3/PC_G_EU4" CO2="11325.71" CO="171.15" HC="1.06" NOx="4.64" PMx="0.26" fuel="4.87" electricity="0.00" noise="74.30" route="routetop" type="cfm-fast" waiting="0.00" lane="left_0" pos="27.04" speed="26.98" angle="135.85" x="18.36" y="12.14"/>
        <vehicle id="cfm-fast_5" eclass="HBEFA3/PC_G_EU4" CO2="95670.93" CO="5070.99" HC="25.78" NOx="43.32" PMx="3.80" fuel="41.13" electricity="0.00" noise="109.56" route="routetop" type="cfm-fast" waiting="0.00" lane="left_1" pos="19.39" speed="108.36" angle="149.54" x="10.11" y="26.29"/>
        <vehicle id="cfm-slow_0" eclass="HBEFA3/PC_G_EU4" CO2="8416.15" CO="115.94" HC="0.74" NOx="3.24" PMx="0.19" fuel="3.62" electricity="0.00" noise="73.67" route="routetop" type="cfm-slow" waiting="0.00" lane="left_0" pos="45.14" speed="27.87" angle="103.36" x="53.14" y="-4.14"/>
        <vehicle id="cfm-slow_1" eclass="HBEFA3/PC_G_EU4" CO2="0.00" CO="0.00" HC="0.00" NOx="0.00" PMx="0.00" fuel="0.00" electricity="0.00" noise="72.81" route="routebottom" type="cfm-slow" waiting="0.00" lane="bottom_0" pos="18.10" speed="28.27" angle="61.91" x="100.63" y="5.87"/>
        <vehicle id="cfm-slow_2" eclass="HBEFA3/PC_G_EU4" CO2="0.00" CO="0.00" HC="0.00" NOx="0.00" PMx="0.00" fuel="0.00" electricity="0.00" noise="72.07" route="routebottom" type="cfm-slow" waiting="0.00" lane="bottom_0" pos="41.42" speed="28.04" angle="19.98" x="129.77" y="45.33"/>
        <vehicle id="cfm-slow_3" eclass="HBEFA3/PC_G_EU4" CO2="0.00" CO="0.00" HC="0.00" NOx="0.00" PMx="0.00" fuel="0.00" electricity="0.00" noise="71.45" route="routebottom" type="cfm-slow" waiting="0.00" lane="right_0" pos="14.44" speed="27.28" angle="338.48" x="125.31" y="93.76"/>
        <vehicle id="cfm-slow_4" eclass="HBEFA3/PC_G_EU4" CO2="0.00" CO="0.00" HC="0.00" NOx="0.00" PMx="0.00" fuel="0.00" electricity="0.00" noise="70.98" route="routebottom" type="cfm-slow" waiting="0.00" lane="right_0" pos="36.65" speed="26.25" angle="298.55" x="91.65" y="126.30"/>
        <vehicle id="cfm-slow_5" eclass="HBEFA3/PC_G_EU4" CO2="0.00" CO="0.00" HC="0.00" NOx="0.00" PMx="0.00" fuel="0.00" electricity="0.00" noise="70.90" route="routetop" type="cfm-slow" waiting="0.00" lane="top_0" pos="7.80" speed="25.34" angle="260.38" x="46.95" y="130.20"/>
    </timestep>
    <timestep time="9.48">
        <vehicle id="cfm-fast_0" eclass="HBEFA3/PC_G_EU4" CO2="5299.39" CO="38.75" HC="0.31" NOx="1.84" PMx="0.10" fuel="2.28" electricity="0.00" noise="71.59" route="routetop" type="cfm-fast" waiting="0.00" lane="top_0" pos="28.31" speed="24.89" angle="223.55" x="10.38" y="106.88"/>
        <vehicle id="cfm-fast_1" eclass="HBEFA3/PC_G_EU4" CO2="164848.75" CO="6294.87" HC="33.05" NOx="75.98" PMx="5.52" fuel="70.86" electricity="0.00" noise="119.97" route="routebottom" type="cfm-fast" waiting="0.00" lane="right_1" pos="23.21" speed="105.56" angle="322.76" x="112.37" y="107.17"/>
        <vehicle id="cfm-fast_2" eclass="HBEFA3/PC_G_EU4" CO2="9292.44" CO="121.65" HC="0.79" NOx="3.72" PMx="0.20" fuel="3.99" electricity="0.00" noise="72.95" route="routetop" type="cfm-fast" waiting="0.00" lane="top_0" pos="44.18" speed="25.11" angle="195.06" x="-3.78" y="76.22"/>
        <vehicle id="cfm-fast_3" eclass="HBEFA3/PC_G_EU4" CO2="11631.45" CO="172.75" HC="1.08" NOx="4.80" PMx="0.26" fuel="5.00" electricity="0.00" noise="74.11" route="routetop" type="cfm-fast" waiting="0.00" lane="left_0" pos="10.32" speed="25.92" angle="165.88" x="-1.36" y="41.76"/>
        <vehicle id="cfm-fast_4" eclass="HBEFA3/PC_G_EU4" CO2="11299.02" CO="170.64" HC="1.06" NOx="4.62" PMx="0.26" fuel="4.86" electricity="0.00" noise="74.29" route="routetop" type="cfm-fast" waiting="0.00" lane="left_0" pos="27.31" speed="26.99" angle="135.35" x="18.80" y="11.77"/>
        <vehicle id="cfm-fast_5" eclass="HBEFA3/PC_G_EU4" CO2="95515.17" CO="5068.16" HC="25.76" NOx="43.25" PMx="3.79" fuel="41.06" electricity="0.00" noise="109.54" route="routetop" type="cfm-fast" waiting="0.00" lane="left_1" pos="20.47" speed="108.36" angle="147.60" x="11.41" y="24.49"/>
        <vehicle id="cfm-slow_0" eclass="HBEFA3/PC_G_EU4" CO2="8373.32" CO="115.08" HC="0.74" NOx="3.22" PMx="0.19" fuel="3.60" electricity="0.00" noise="73.66" route="routetop" type="cfm-slow" waiting="0.00" lane="left_0" pos="45.41" speed="27.88" angle="102.84" x="53.74" y="-4.22"/>
        <vehicle id="cfm-slow_1" eclass="HBEFA3/PC_G_EU4" CO2="0.00" CO="0.00" HC="0.00" NOx="0.00" PMx="0.00" fuel="0.00" electricity="0.00" noise="72.80" route="routebottom" type="cfm-slow" waiting="0.00" lane="bottom_0" pos="18.38" speed="28.27" angle="61.38" x="101.14" y="6.20"/>
        <vehicle id="cfm-slow_2" eclass="HBEFA3/PC_G_EU4" CO2="0.00" CO="0.00" HC="0.00" NOx="0.00" PMx="0.00" fuel="0.00" electricity="0.00" noise="72.07" route="routebottom" type="cfm-slow" waiting="0.00" lane="bottom_0" pos="41.70" speed="28.04" angle="19.47" x="129.92" y="45.91"/>
        <vehicle id="cfm-slow_3" eclass="HBEFA3/PC_G_EU4" CO2="0.00" CO="0.00" HC="0.00" NOx="0.00" PMx="0.00" fuel="0.00" electricity="0.00" noise="71.45" route="routebottom" type="cfm-slow" waiting="0.00" lane="right_0" pos="14.71" speed="27.27" angle="337.96" x="125.05" y="94.29"/>
        <vehicle id="cfm-slow_4" eclass="HBEFA3/PC_G_EU4" CO2="0.00" CO="0.00" HC="0.00" NOx="0.00" PMx="0.00" fuel="0.00" electricity="0.00" noise="70.98" route="routebottom" type="cfm-slow" waiting="0.00" lane="right_0" pos="36.91" speed="26.24" angle="298.04" x="91.13" y="126.53"/>
        <vehicle id="cfm-slow_5" eclass="HBEFA3/PC_G_EU4" CO2="0.00" CO="0.00" HC="0.00" NOx="0.00" PMx="0.00" fuel="0.00" electricity="0.00" noise="70.91" route="routetop" type="cfm-slow" waiting="0.00" lane="top_0" pos="8.06" speed="25.34" angle="259.91" x="46.42" y="130.06"/>
    </timestep>
    <timestep time="9.49">
        <vehicle id="cfm-fast_0" eclass="HBEFA3/PC_G_EU4" CO2="5338.38" CO="39.56" HC="0.31" NOx="1.86" PMx="0.10" fuel="2.29" electricity="0.00" noise="71.60" route="routetop" type="cfm-fast" waiting="0.00" lane="top_0" pos="28.56" speed="24.90" angle="223.10" x="10.05" y="106.46"/>
        <vehicle id="cfm-fast_1" eclass="HBEFA3/PC_G_EU4" CO2="164146.95" CO="6282.67" HC="32.98" NOx="75.65" PMx="5.51" fuel="70.56" electricity="0.00" noise="119.86" route="routebottom" type="cfm-fast" waiting="0.00" lane="right_1" pos="24.26" speed="105.60" angle="320.84" x="110.90" y="108.76"/>
        <vehicle id="cfm-fast_2" eclass="HBEFA3/PC_G_EU4" CO2="9316.09" CO="122.16" HC="0.79" NOx="3.73" PMx="0.20" fuel="4.00" electricity="0.00" noise="72.97" route="routetop" type="cfm-fast" waiting="0.00" lane="top_0" pos="44.43" speed="25.11" angle="194.59" x="-3.88" y="75.68"/>
        <vehicle id="cfm-fast_3" eclass="HBEFA3/PC_G_EU4" CO2="11630.34" CO="172.77" HC="1.08" NOx="4.80" PMx="0.26" fuel="5.00" electricity="0.00" noise="74.11" route="routetop" type="cfm-fast" waiting="0.00" lane="left_0" pos="10.58" speed="25.93" angle="165.40" x="-1.17" y="41.24"/>
        <vehicle id="cfm-fast_4" eclass="HBEFA3/PC_G_EU4" CO2="11272.17" CO="170.14" HC="1.06" NOx="4.61" PMx="0.26" fuel="4.85" electricity="0.00" noise="74.29" route="routetop" type="cfm-fast" waiting="0.00" lane="left_0" pos="27.58" speed="26.99" angle="134.84" x="19.24" y="11.39"/>
        <vehicle id="cfm-fast_5" eclass="HBEFA3/PC_G_EU4" CO2="95361.91" CO="5065.39" HC="25.75" NOx="43.18" PMx="3.79" fuel="40.99" electricity="0.00" noise="109.51" route="routetop" type="cfm-fast" waiting="0.00" lane="left_1" pos="21.56" speed="108.37" angle="145.66" x="12.78" y="22.74"/>
        <vehicle id="cfm-slow_0" eclass="HBEFA3/PC_G_EU4" CO2="8330.48" CO="114.23" HC="0.73" NOx="3.20" PMx="0.18" fuel="3.58" electricity="0.00" noise="73.65" route="routetop" type="cfm-slow" waiting="0.00" lane="left_0" pos="45.69" speed="27.88" angle="102.32" x="54.33" y="-4.30"/>
        <vehicle id="cfm-slow_1" eclass="HBEFA3/PC_G_EU4" CO2="0.00" CO="0.00" HC="0.00" NOx="0.00" PMx="0.00" fuel="0.00" electricity="0.00" noise="72.79" route="routebottom" type="cfm-slow" waiting="0.00" lane="bottom_0" pos="18.67" speed="28.27" angle="60.85" x="101.65" y="6.54"/>
        <vehicle id="cfm-slow_2" eclass="HBEFA3/PC_G_EU4" CO2="0.00" CO="0.00" HC="0.00" NOx="0.00" PMx="0.00" fuel="0.00" electricity="0.00" noise="72.06" route="routebottom" type="cfm-slow" waiting="0.00" lane="bottom_0" pos="41.98" speed="28.03" angle="18.96" x="130.08" y="46.49"/>
        <vehicle id="cfm-slow_3" eclass="HBEFA3/PC_G_EU4" CO2="0.00" CO="0.00" HC="0.00" NOx="0.00" PMx="0.00" fuel="0.00" electricity="0.00" noise="71.44" route="routebottom" type="cfm-slow" waiting="0.00" lane="right_0" pos="14.98" speed="27.26" angle="337.44" x="124.79" y="94.81"/>
        <vehicle id="cfm-slow_4" eclass="HBEFA3/PC_G_EU4" CO2="0.00" CO="0.00" HC="0.00" NOx="0.00" PMx="0.00" fuel="0.00" electricity="0.00" noise="70.98" route="routebottom" type="cfm-slow" waiting="0.00" lane="right_0" pos="37.17" speed="26.23" angle="297.59" x="90.62" y="126.76"/>
        <vehicle id="cfm-slow_5" eclass="HBEFA3/PC_G_EU4" CO2="0.00" CO="0.00" HC="0.00" NOx="0.00" PMx="0.00" fuel="0.00" electricity="0.00" noise="70.91" route="routetop" type="cfm-slow" waiting="0.00" lane="top_0" pos="8.31" speed="25.33" angle="259.45" x="45.90" y="129.92"/>
    </timestep>
    <timestep time="9.50">
        <vehicle id="cfm-fast_0" eclass="HBEFA3/PC_G_EU4" CO2="5377.23" CO="40.37" HC="0.32" NOx="1.88" PMx="0.10" fuel="2.31" electricity="0.00" noise="71.61" route="routetop" type="cfm-fast" waiting="0.00" lane="top_0" pos="28.81" speed="24.90" angle="222.65" x="9.72" y="106.04"/>
        <vehicle id="cfm-fast_1" eclass="HBEFA3/PC_G_EU4" CO2="163450.05" CO="6270.55" HC="32.91" NOx="75.32" PMx="5.49" fuel="70.26" electricity="0.00" noise="119.75" route="routebottom" type="cfm-fast" waiting="0.00" lane="right_1" pos="25.32" speed="105.63" angle="318.95" x="109.37" y="110.30"/>
        <vehicle id="cfm-fast_2" eclass="HBEFA3/PC_G_EU4" CO2="9339.51" CO="122.67" HC="0.79" NOx="3.74" PMx="0.20" fuel="4.01" electricity="0.00" noise="72.98" route="routetop" type="cfm-fast" waiting="0.00" lane="top_0" pos="44.68" speed="25.12" angle="194.12" x="-3.98" y="75.15"/>
        <vehicle id="cfm-fast_3" eclass="HBEFA3/PC_G_EU4" CO2="11628.98" CO="172.78" HC="1.08" NOx="4.80" PMx="0.26" fuel="5.00" electricity="0.00" noise="74.11" route="routetop" type="cfm-fast" waiting="0.00" lane="left_0" pos="10.83" speed="25.94" angle="164.91" x="-0.98" y="40.71"/>
        <vehicle id="cfm-fast_4" eclass="HBEFA3/PC_G_EU4" CO2="11245.15" CO="169.62" HC="1.05" NOx="4.60" PMx="0.26" fuel="4.83" electricity="0.00" noise="74.28" route="routetop" type="cfm-fast" waiting="0.00" lane="left_0" pos="27.85" speed="27.00" angle="134.34" x="19.69" y="11.01"/>
        <vehicle id="cfm-fast_5" eclass="HBEFA3/PC_G_EU4" CO2="95211.08" CO="5062.65" HC="25.73" NOx="43.11" PMx="3.79" fuel="40.93" electricity="0.00" noise="109.49" route="routetop" type="cfm-fast" waiting="0.00" lane="left_1" pos="22.64" speed="108.37" angle="143.70" x="14.20" y="21.03"/>
        <vehicle id="cfm-slow_0" eclass="HBEFA3/PC_G_EU4" CO2="8287.65" CO="113.37" HC="0.73" NOx="3.18" PMx="0.18" fuel="3.56" electricity="0.00" noise="73.64" route="routetop" type="cfm-slow" waiting="0.00" lane="left_0" pos="45.97" speed="27.89" angle="101.81" x="54.93" y="-4.39"/>
        <vehicle id="cfm-slow_1" eclass="HBEFA3/PC_G_EU4" CO2="0.00" CO="0.00" HC="0.00" NOx="0.00" PMx="0.00" fuel="0.00" electricity="0.00" noise="72.78" route="routebottom" type="cfm-slow" waiting="0.00" lane="bottom_0" pos="18.95" speed="28.27" angle="60.32" x="102.15" y="6.88"/>
        <vehicle id="cfm-slow_2" eclass="HBEFA3/PC_G_EU4" CO2="0.00" CO="0.00" HC="0.00" NOx="0.00" PMx="0.00" fuel="0.00" electricity="0.00" noise="72.05" route="routebottom" type="cfm-slow" waiting="0.00" lane="bottom_0" pos="42.26" speed="28.02" angle="18.47" x="130.24" y="47.07"/>
        <vehicle id="cfm-slow_3" eclass="HBEFA3/PC_G_EU4" CO2="0.00" CO="0.00" HC="0.00" NOx="0.00" PMx="0.00" fuel="0.00" electricity="0.00" noise="71.44" route="routebottom" type="cfm-slow" waiting="0.00" lane="right_0" pos="15.26" speed="27.25" angle="336.94" x="124.52" y="95.33"/>
        <vehicle id="cfm-slow_4" eclass="HBEFA3/PC_G_EU4" CO2="0.00" CO="0.00" HC="0.00" NOx="0.00" PMx="0.00" fuel="0.00" electricity="0.00" noise="70.97" route="routebottom" type="cfm-slow" waiting="0.00" lane="right_0" pos="37.43" speed="26.22" angle="297.13" x="90.09" y="126.97"/>
        <vehicle id="cfm-slow_5" eclass="HBEFA3/PC_G_EU4" CO2="0.00" CO="0.00" HC="0.00" NOx="0.00" PMx="0.00" fuel="0.00" electricity="0.00" noise="70.92" route="routetop" type="cfm-slow" waiting="0.00" lane="top_0" pos="8.56" speed="25.33" angle="258.99" x="45.37" y="129.78"/>
    </timestep>
    <timestep time="9.51">
        <vehicle id="cfm-fast_0" eclass="HBEFA3/PC_G_EU4" CO2="5415.93" CO="41.17" HC="0.32" NOx="1.89" PMx="0.10" fuel="2.33" electricity="0.00" noise="71.62" route="routetop" type="cfm-fast" waiting="0.00" lane="top_0" pos="29.06" speed="24.90" angle="222.19" x="9.39" y="105.62"/>
        <vehicle id="cfm-fast_1" eclass="HBEFA3/PC_G_EU4" CO2="162758.04" CO="6258.52" HC="32.84" NOx="74.99" PMx="5.47" fuel="69.96" electricity="0.00" noise="119.65" route="routebottom" type="cfm-fast" waiting="0.00" lane="right_1" pos="26.37" speed="105.66" angle="317.08" x="107.80" y="111.79"/>
        <vehicle id="cfm-fast_2" eclass="HBEFA3/PC_G_EU4" CO2="9362.70" CO="123.17" HC="0.79" NOx="3.75" PMx="0.20" fuel="4.02" electricity="0.00" noise="72.99" route="routetop" type="cfm-fast" waiting="0.00" lane="top_0" pos="44.93" speed="25.13" angle="193.73" x="-4.08" y="74.62"/>
        <vehicle id="cfm-fast_3" eclass="HBEFA3/PC_G_EU4" CO2="11627.38" CO="172.79" HC="1.08" NOx="4.80" PMx="0.26" fuel="5.00" electricity="0.00" noise="74.12" route="routetop" type="cfm-fast" waiting="0.00" lane="left_0" pos="11.09" speed="25.95" angle="164.43" x="-0.80" y="40.19"/>
        <vehicle id="cfm-fast_4" eclass="HBEFA3/PC_G_EU4" CO2="11217.97" CO="169.11" HC="1.05" NOx="4.59" PMx="0.26" fuel="4.82" electricity="0.00" noise="74.27" route="routetop" type="cfm-fast" waiting="0.00" lane="left_0" pos="28.12" speed="27.01" angle="133.86" x="20.13" y="10.64"/>
        <vehicle id="cfm-fast_5" eclass="HBEFA3/PC_G_EU4" CO2="95062.64" CO="5059.97" HC="25.71" NOx="43.04" PMx="3.78" fuel="40.86" electricity="0.00" noise="109.47" route="routetop" type="cfm-fast" waiting="0.00" lane="left_1" pos="23.73" speed="108.38" angle="141.79" x="15.68" y="19.37"/>
        <vehicle id="cfm-slow_0" eclass="HBEFA3/PC_G_EU4" CO2="8244.82" CO="112.51" HC="0.72" NOx="3.16" PMx="0.18" fuel="3.54" electricity="0.00" noise="73.63" route="routetop" type="cfm-slow" waiting="0.00" lane="left_0" pos="46.25" speed="27.89" angle="101.35" x="55.52" y="-4.46"/>
        <vehicle id="cfm-slow_1" eclass="HBEFA3/PC_G_EU4" CO2="0.00" CO="0.00" HC="0.00" NOx="0.00" PMx="0.00" fuel="0.00" electricity="0.00" noise="72.77" route="routebottom" type="cfm-slow" waiting="0.00" lane="bottom_0" pos="19.23" speed="28.27" angle="59.86" x="102.66" y="7.21"/>
        <vehicle id="cfm-slow_2" eclass="HBEFA3/PC_G_EU4" CO2="0.00" CO="0.00" HC="0.00" NOx="0.00" PMx="0.00" fuel="0.00" electricity="0.00" noise="72.05" route="routebottom" type="cfm-slow" waiting="0.00" lane="bottom_0" pos="42.54" speed="28.01" angle="18.00" x="130.38" y="47.66"/>
        <vehicle id="cfm-slow_3" eclass="HBEFA3/PC_G_EU4" CO2="0.00" CO="0.00" HC="0.00" NOx="0.00" PMx="0.00" fuel="0.00" electricity="0.00" noise="71.43" route="routebottom" type="cfm-slow" waiting="0.00" lane="right_0" pos="15.53" speed="27.24" angle="336.50" x="124.25" y="95.85"/>
        <vehicle id="cfm-slow_4" eclass="HBEFA3/PC_G_EU4" CO2="0.00" CO="0.00" HC="0.00" NOx="0.00" PMx="0.00" fuel="0.00" electricity="0.00" noise="70.97" route="routebottom" type="cfm-slow" waiting="0.00" lane="right_0" pos="37.69" speed="26.22" angle="296.66" x="89.57" y="127.18"/>
        <vehicle id="cfm-slow_5" eclass="HBEFA3/PC_G_EU4" CO2="0.00" CO="0.00" HC="0.00" NOx="0.00" PMx="0.00" fuel="0.00" electricity="0.00" noise="70.92" route="routetop" type="cfm-slow" waiting="0.00" lane="top_0" pos="8.82" speed="25.32" angle="258.53" x="44.84" y="129.64"/>
    </timestep>
    <timestep time="9.52">
        <vehicle id="cfm-fast_0" eclass="HBEFA3/PC_G_EU4" CO2="5454.49" CO="41.97" HC="0.33" NOx="1.91" PMx="0.10" fuel="2.34" electricity="0.00" noise="71.64" route="routetop" type="cfm-fast" waiting="0.00" lane="top_0" pos="29.31" speed="24.90" angle="221.74" x="9.06" y="105.20"/>
        <vehicle id="cfm-fast_1" eclass="HBEFA3/PC_G_EU4" CO2="162070.91" CO="6246.56" HC="32.77" NOx="74.67" PMx="5.45" fuel="69.67" electricity="0.00" noise="119.54" route="routebottom" type="cfm-fast" waiting="0.00" lane="right_1" pos="27.43" speed="105.69" angle="315.13" x="106.18" y="113.22"/>
        <vehicle id="cfm-fast_2" eclass="HBEFA3/PC_G_EU4" CO2="9385.67" CO="123.67" HC="0.80" NOx="3.76" PMx="0.20" fuel="4.03" electricity="0.00" noise="73.00" route="routetop" type="cfm-fast" waiting="0.00" lane="top_0" pos="45.18" speed="25.14" angle="193.27" x="-4.15" y="74.08"/>
        <vehicle id="cfm-fast_3" eclass="HBEFA3/PC_G_EU4" CO2="11625.54" CO="172.79" HC="1.08" NOx="4.80" PMx="0.26" fuel="5.00" electricity="0.00" noise="74.12" route="routetop" type="cfm-fast" waiting="0.00" lane="left_0" pos="11.35" speed="25.96" angle="163.95" x="-0.61" y="39.66"/>
        <vehicle id="cfm-fast_4" eclass="HBEFA3/PC_G_EU4" CO2="11190.64" CO="168.59" HC="1.05" NOx="4.57" PMx="0.26" fuel="4.81" electricity="0.00" noise="74.27" route="routetop" type="cfm-fast" waiting="0.00" lane="left_0" pos="28.40" speed="27.02" angle="133.40" x="20.58" y="10.27"/>
        <vehicle id="cfm-fast_5" eclass="HBEFA3/PC_G_EU4" CO2="94916.55" CO="5057.32" HC="25.70" NOx="42.97" PMx="3.78" fuel="40.80" electricity="0.00" noise="109.45" route="routetop" type="cfm-fast" waiting="0.00" lane="left_1" pos="24.81" speed="108.38" angle="139.87" x="17.21" y="17.77"/>
        <vehicle id="cfm-slow_0" eclass="HBEFA3/PC_G_EU4" CO2="8201.99" CO="111.65" HC="0.72" NOx="3.14" PMx="0.18" fuel="3.53" electricity="0.00" noise="73.62" route="routetop" type="cfm-slow" waiting="0.00" lane="left_0" pos="46.53" speed="27.89" angle="100.84" x="56.12" y="-4.52"/>
        <vehicle id="cfm-slow_1" eclass="HBEFA3/PC_G_EU4" CO2="0.00" CO="0.00" HC="0.00" NOx="0.00" PMx="0.00" fuel="0.00" electricity="0.00" noise="72.77" route="routebottom" type="cfm-slow" waiting="0.00" lane="bottom_0" pos="19.51" speed="28.26" angle="59.34" x="103.15" y="7.57"/>
        <vehicle id="cfm-slow_2" eclass="HBEFA3/PC_G_EU4" CO2="0.00" CO="0.00" HC="0.00" NOx="0.00" PMx="0.00" fuel="0.00" electricity="0.00" noise="72.04" route="routebottom" type="cfm-slow" waiting="0.00" lane="bottom_0" pos="42.82" speed="28.01" angle="17.49" x="130.51" y="48.25"/>
        <vehicle id="cfm-slow_3" eclass="HBEFA3/PC_G_EU4" CO2="0.00" CO="0.00" HC="0.00" NOx="0.00" PMx="0.00" fuel="0.00" electricity="0.00" noise="71.43" route="routebottom" type="cfm-slow" waiting="0.00" lane="right_0" pos="15.80" speed="27.23" angle="336.01" x="123.96" y="96.36"/>
        <vehicle id="cfm-slow_4" eclass="HBEFA3/PC_G_EU4" CO2="0.00" CO="0.00" HC="0.00" NOx="0.00" PMx="0.00" fuel="0.00" electricity="0.00" noise="70.97" route="routebottom" type="cfm-slow" waiting="0.00" lane="right_0" pos="37.96" speed="26.21" angle="296.19" x="89.05" y="127.39"/>
        <vehicle id="cfm-slow_5" eclass="HBEFA3/PC_G_EU4" CO2="0.00" CO="0.00" HC="0.00" NOx="0.00" PMx="0.00" fuel="0.00" electricity="0.00" noise="70.93" route="routetop" type="cfm-slow" waiting="0.00" lane="top_0" pos="9.07" speed="25.32" angle="258.12" x="44.32" y="129.49"/>
    </timestep>
    <timestep time="9.53">
        <vehicle id="cfm-fast_0" eclass="HBEFA3/PC_G_EU4" CO2="5492.91" CO="42.77" HC="0.33" NOx="1.93" PMx="0.10" fuel="2.36" electricity="0.00" noise="71.65" route="routetop" type="cfm-fast" waiting="0.00" lane="top_0" pos="29.56" speed="24.90" angle="221.34" x="8.73" y="104.77"/>
        <vehicle id="cfm-fast_1" eclass="HBEFA3/PC_G_EU4" CO2="161388.64" CO="6234.69" HC="32.70" NOx="74.35" PMx="5.44" fuel="69.37" electricity="0.00" noise="119.43" route="routebottom" type="cfm-fast" waiting="0.00" lane="right_1" pos="28.49" speed="105.72" angle="313.17" x="104.51" y="114.60"/>
        <vehicle id="cfm-fast_2" eclass="HBEFA3/PC_G_EU4" CO2="9408.40" CO="124.16" HC="0.80" NOx="3.77" PMx="0.20" fuel="4.04" electricity="0.00" noise="73.01" route="routetop" type="cfm-fast" waiting="0.00" lane="top_0" pos="45.43" speed="25.15" angle="192.80" x="-4.22" y="73.55"/>
        <vehicle id="cfm-fast_3" eclass="HBEFA3/PC_G_EU4" CO2="11623.45" CO="172.79" HC="1.08" NOx="4.80" PMx="0.26" fuel="5.00" electricity="0.00" noise="74.12" route="routetop" type="cfm-fast" waiting="0.00" lane="left_0" pos="11.61" speed="25.97" angle="163.55" x="-0.41" y="39.14"/>
        <vehicle id="cfm-fast_4" eclass="HBEFA3/PC_G_EU4" CO2="11163.14" CO="168.07" HC="1.04" NOx="4.56" PMx="0.26" fuel="4.80" electricity="0.00" noise="74.26" route="routetop" type="cfm-fast" waiting="0.00" lane="left_0" pos="28.67" speed="27.03" angle="132.89" x="21.04" y="9.91"/>
        <vehicle id="cfm-fast_5" eclass="HBEFA3/PC_G_EU4" CO2="94772.77" CO="5054.72" HC="25.68" NOx="42.90" PMx="3.78" fuel="40.74" electricity="0.00" noise="109.43" route="routetop" type="cfm-fast" waiting="0.00" lane="left_1" pos="25.89" speed="108.39" angle="137.91" x="18.80" y="16.21"/>
        <vehicle id="cfm-slow_0" eclass="HBEFA3/PC_G_EU4" CO2="8159.16" CO="110.80" HC="0.71" NOx="3.12" PMx="0.18" fuel="3.51" electricity="0.00" noise="73.61" route="routetop" type="cfm-slow" waiting="0.00" lane="left_0" pos="46.81" speed="27.90" angle="100.33" x="56.72" y="-4.58"/>
        <vehicle id="cfm-slow_1" eclass="HBEFA3/PC_G_EU4" CO2="0.00" CO="0.00" HC="0.00" NOx="0.00" PMx="0.00" fuel="0.00" electricity="0.00" noise="72.76" route="routebottom" type="cfm-slow" waiting="0.00" lane="bottom_0" pos="19.80" speed="28.26" angle="58.81" x="103.65" y="7.92"/>
        <vehicle id="cfm-slow_2" eclass="HBEFA3/PC_G_EU4" CO2="0.00" CO="0.00" HC="0.00" NOx="0.00" PMx="0.00" fuel="0.00" electricity="0.00" noise="72.03" route="routebottom" type="cfm-slow" waiting="0.00" lane="bottom_0" pos="43.10" speed="28.00" angle="16.98" x="130.64" y="48.84"/>
        <vehicle id="cfm-slow_3" eclass="HBEFA3/PC_G_EU4" CO2="0.00" CO="0.00" HC="0.00" NOx="0.00" PMx="0.00" fuel="0.00" electricity="0.00" noise="71.42" route="routebottom" type="cfm-slow" waiting="0.00" lane="right_0" pos="16.07" speed="27.22" angle="335.52" x="123.68" y="96.88"/>
        <vehicle id="cfm-slow_4" eclass="HBEFA3/PC_G_EU4" CO2="0.00" CO="0.00" HC="0.00" NOx="0.00" PMx="0.00" fuel="0.00" electricity="0.00" noise="70.97" route="routebottom" type="cfm-slow" waiting="0.00" lane="right_0" pos="38.22" speed="26.20" angle="295.72" x="88.52" y="127.60"/>
        <vehicle id="cfm-slow_5" eclass="HBEFA3/PC_G_EU4" CO2="0.00" CO="0.00" HC="0.00" NOx="0.00" PMx="0.00" fuel="0.00" electricity="0.00" noise="70.93" route="routetop" type="cfm-slow" waiting="0.00" lane="top_0" pos="9.32" speed="25.31" angle="257.67" x="43.80" y="129.33"/>
    </timestep>
    <timestep time="9.54">
        <vehicle id="cfm-fast_0" eclass="HBEFA3/PC_G_EU4" CO2="5531.18" CO="43.56" HC="0.34" NOx="1.95" PMx="0.10" fuel="2.38" electricity="0.00" noise="71.66" route="routetop" type="cfm-fast" waiting="0.00" lane="top_0" pos="29.81" speed="24.91" angle="220.88" x="8.42" y="104.34"/>
        <vehicle id="cfm-fast_1" eclass="HBEFA3/PC_G_EU4" CO2="160711.21" CO="6222.89" HC="32.62" NOx="74.03" PMx="5.42" fuel="69.08" electricity="0.00" noise="119.33" route="routebottom" type="cfm-fast" waiting="0.00" lane="right_1" pos="29.55" speed="105.75" angle="311.30" x="102.80" y="115.94"/>
        <vehicle id="cfm-fast_2" eclass="HBEFA3/PC_G_EU4" CO2="9430.90" CO="124.65" HC="0.80" NOx="3.78" PMx="0.20" fuel="4.05" electricity="0.00" noise="73.02" route="routetop" type="cfm-fast" waiting="0.00" lane="top_0" pos="45.69" speed="25.15" angle="192.34" x="-4.30" y="73.01"/>
        <vehicle id="cfm-fast_3" eclass="HBEFA3/PC_G_EU4" CO2="11621.12" CO="172.79" HC="1.08" NOx="4.80" PMx="0.26" fuel="5.00" electricity="0.00" noise="74.12" route="routetop" type="cfm-fast" waiting="0.00" lane="left_0" pos="11.87" speed="25.98" angle="163.09" x="-0.21" y="38.62"/>
        <vehicle id="cfm-fast_4" eclass="HBEFA3/PC_G_EU4" CO2="11135.49" CO="167.54" HC="1.04" NOx="4.55" PMx="0.25" fuel="4.79" electricity="0.00" noise="74.25" route="routetop" type="cfm-fast" waiting="0.00" lane="left_0" pos="28.94" speed="27.04" angle="132.39" x="21.50" y="9.55"/>
        <vehicle id="cfm-fast_5" eclass="HBEFA3/PC_G_EU4" CO2="94631.24" CO="5052.17" HC="25.67" NOx="42.83" PMx="3.77" fuel="40.68" electricity="0.00" noise="109.41" route="routetop" type="cfm-fast" waiting="0.00" lane="left_1" pos="26.98" speed="108.39" angle="135.96" x="20.44" y="14.71"/>
        <vehicle id="cfm-slow_0" eclass="HBEFA3/PC_G_EU4" CO2="8116.34" CO="109.94" HC="0.71" NOx="3.10" PMx="0.18" fuel="3.49" electricity="0.00" noise="73.60" route="routetop" type="cfm-slow" waiting="0.00" lane="left_0" pos="47.09" speed="27.90" angle="99.82" x="57.31" y="-4.65"/>
        <vehicle id="cfm-slow_1" eclass="HBEFA3/PC_G_EU4" CO2="0.00" CO="0.00" HC="0.00" NOx="0.00" PMx="0.00" fuel="0.00" electricity="0.00" noise="72.75" route="routebottom" type="cfm-slow" waiting="0.00" lane="bottom_0" pos="20.08" speed="28.26" angle="58.29" x="104.14" y="8.28"/>
        <vehicle id="cfm-slow_2" eclass="HBEFA3/PC_G_EU4" CO2="0.00" CO="0.00" HC="0.00" NOx="0.00" PMx="0.00" fuel="0.00" electricity="0.00" noise="72.03" route="routebottom" type="cfm-slow" waiting="0.00" lane="bottom_0" pos="43.38" speed="27.99" angle="16.48" x="130.77" y="49.42"/>
        <vehicle id="cfm-slow_3" eclass="HBEFA3/PC_G_EU4" CO2="0.00" CO="0.00" HC="0.00" NOx="0.00" PMx="0.00" fuel="0.00" electricity="0.00" noise="71.42" route="routebottom" type="cfm-slow" waiting="0.00" lane="right_0" pos="16.34" speed="27.21" angle="335.02" x="123.40" y="97.39"/>
        <vehicle id="cfm-slow_4" eclass="HBEFA3/PC_G_EU4" CO2="0.00" CO="0.00" HC="0.00" NOx="0.00" PMx="0.00" fuel="0.00" electricity="0.00" noise="70.97" route="routebottom" type="cfm-slow" waiting="0.00" lane="right_0" pos="38.48" speed="26.19" angle="295.29" x="88.00" y="127.81"/>
        <vehicle id="cfm-slow_5" eclass="HBEFA3/PC_G_EU4" CO2="0.00" CO="0.00" HC="0.00" NOx="0.00" PMx="0.00" fuel="0.00" electricity="0.00" noise="70.94" route="routetop" type="cfm-slow" waiting="0.00" lane="top_0" pos="9.58" speed="25.31" angle="257.21" x="43.28" y="129.17"/>
    </timestep>
    <timestep time="9.55">
        <vehicle id="cfm-fast_0" eclass="HBEFA3/PC_G_EU4" CO2="5569.30" CO="44.35" HC="0.34" NOx="1.97" PMx="0.10" fuel="2.39" electricity="0.00" noise="71.67" route="routetop" type="cfm-fast" waiting="0.00" lane="top_0" pos="30.06" speed="24.91" angle="220.41" x="8.11" y="103.90"/>
        <vehicle id="cfm-fast_1" eclass="HBEFA3/PC_G_EU4" CO2="160038.62" CO="6211.18" HC="32.55" NOx="73.71" PMx="5.40" fuel="68.79" electricity="0.00" noise="119.23" route="routebottom" type="cfm-fast" waiting="0.00" lane="right_1" pos="30.60" speed="105.78" angle="309.37" x="101.04" y="117.21"/>
        <vehicle id="cfm-fast_2" eclass="HBEFA3/PC_G_EU4" CO2="9453.17" CO="125.14" HC="0.80" NOx="3.79" PMx="0.21" fuel="4.06" electricity="0.00" noise="73.03" route="routetop" type="cfm-fast" waiting="0.00" lane="top_0" pos="45.94" speed="25.16" angle="191.88" x="-4.37" y="72.48"/>
        <vehicle id="cfm-fast_3" eclass="HBEFA3/PC_G_EU4" CO2="11618.55" CO="172.77" HC="1.08" NOx="4.80" PMx="0.26" fuel="4.99" electricity="0.00" noise="74.12" route="routetop" type="cfm-fast" waiting="0.00" lane="left_0" pos="12.13" speed="25.99" angle="162.63" x="0.00" y="38.10"/>
        <vehicle id="cfm-fast_4" eclass="HBEFA3/PC_G_EU4" CO2="11107.69" CO="167.01" HC="1.04" NOx="4.53" PMx="0.25" fuel="4.77" electricity="0.00" noise="74.24" route="routetop" type="cfm-fast" waiting="0.00" lane="left_0" pos="29.21" speed="27.05" angle="131.89" x="21.96" y="9.20"/>
        <vehicle id="cfm-fast_5" eclass="HBEFA3/PC_G_EU4" CO2="94491.94" CO="5049.65" HC="25.65" NOx="42.77" PMx="3.77" fuel="40.62" electricity="0.00" noise="109.39" route="routetop" type="cfm-fast" waiting="0.00" lane="left_1" pos="28.06" speed="108.40" angle="133.97" x="22.13" y="13.27"/>
        <vehicle id="cfm-slow_0" eclass="HBEFA3/PC_G_EU4" CO2="8073.53" CO="109.08" HC="0.70" NOx="3.08" PMx="0.18" fuel="3.47" electricity="0.00" noise="73.59" route="routetop" type="cfm-slow" waiting="0.00" lane="left_0" pos="47.37" speed="27.91" angle="99.32" x="57.91" y="-4.71"/>
        <vehicle id="cfm-slow_1" eclass="HBEFA3/PC_G_EU4" CO2="0.00" CO="0.00" HC="0.00" NOx="0.00" PMx="0.00" fuel="0.00" electricity="0.00" noise="72.74" route="routebottom" type="cfm-slow" waiting="0.00" lane="bottom_0" pos="20.36" speed="28.26" angle="57.77" x="104.63" y="8.63"/>
        <vehicle id="cfm-slow_2" eclass="HBEFA3/PC_G_EU4" CO2="0.00" CO="0.00" HC="0.00" NOx="0.00" PMx="0.00" fuel="0.00" electricity="0.00" noise="72.02" route="routebottom" type="cfm-slow" waiting="0.00" lane="bottom_0" pos="43.66" speed="27.98" angle="16.02" x="130.90" y="50.01"/>
        <vehicle id="cfm-slow_3" eclass="HBEFA3/PC_G_EU4" CO2="0.00" CO="0.00" HC="0.00" NOx="0.00" PMx="0.00" fuel="0.00" electricity="0.00" noise="71.41" route="routebottom" type="cfm-slow" waiting="0.00" lane="right_0" pos="16.62" speed="27.20" angle="334.57" x="123.11" y="97.90"/>
        <vehicle id="cfm-slow_4" eclass="HBEFA3/PC_G_EU4" CO2="0.00" CO="0.00" HC="0.00" NOx="0.00" PMx="0.00" fuel="0.00" electricity="0.00" noise="70.97" route="routebottom" type="cfm-slow" waiting="0.00" lane="right_0" pos="38.74" speed="26.18" angle="294.82" x="87.47" y="128.00"/>
        <vehicle id="cfm-slow_5" eclass="HBEFA3/PC_G_EU4" CO2="0.00" CO="0.00" HC="0.00" NOx="0.00" PMx="0.00" fuel="0.00" electricity="0.00" noise="70.94" route="routetop" type="cfm-slow" waiting="0.00" lane="top_0" pos="9.83" speed="25.30" angle="256.75" x="42.76" y="129.01"/>
    </timestep>
    <timestep time="9.56">
        <vehicle id="cfm-fast_0" eclass="HBEFA3/PC_G_EU4" CO2="5607.27" CO="45.14" HC="0.34" NOx="1.98" PMx="0.10" fuel="2.41" electricity="0.00" noise="71.68" route="routetop" type="cfm-fast" waiting="0.00" lane="top_0" pos="30.31" speed="24.91" angle="219.95" x="7.79" y="103.47"/>
        <vehicle id="cfm-fast_1" eclass="HBEFA3/PC_G_EU4" CO2="159370.84" CO="6199.55" HC="32.49" NOx="73.40" PMx="5.39" fuel="68.51" electricity="0.00" noise="119.12" route="routebottom" type="cfm-fast" waiting="0.00" lane="right_1" pos="31.66" speed="105.81" angle="307.49" x="99.24" y="118.42"/>
        <vehicle id="cfm-fast_2" eclass="HBEFA3/PC_G_EU4" CO2="9475.22" CO="125.62" HC="0.81" NOx="3.80" PMx="0.21" fuel="4.07" electricity="0.00" noise="73.04" route="routetop" type="cfm-fast" waiting="0.00" lane="top_0" pos="46.19" speed="25.17" angle="191.47" x="-4.45" y="71.94"/>
        <vehicle id="cfm-fast_3" eclass="HBEFA3/PC_G_EU4" CO2="11615.74" CO="172.76" HC="1.08" NOx="4.80" PMx="0.26" fuel="4.99" electricity="0.00" noise="74.13" route="routetop" type="cfm-fast" waiting="0.00" lane="left_0" pos="12.39" speed="26.00" angle="162.17" x="0.21" y="37.58"/>
        <vehicle id="cfm-fast_4" eclass="HBEFA3/PC_G_EU4" CO2="11079.73" CO="166.48" HC="1.04" NOx="4.52" PMx="0.25" fuel="4.76" electricity="0.00" noise="74.24" route="routetop" type="cfm-fast" waiting="0.00" lane="left_0" pos="29.48" speed="27.06" angle="131.44" x="22.42" y="8.84"/>
        <vehicle id="cfm-fast_5" eclass="HBEFA3/PC_G_EU4" CO2="94354.81" CO="5047.18" HC="25.64" NOx="42.70" PMx="3.77" fuel="40.56" electricity="0.00" noise="109.37" route="routetop" type="cfm-fast" waiting="0.00" lane="left_1" pos="29.15" speed="108.40" angle="132.02" x="23.87" y="11.89"/>
        <vehicle id="cfm-slow_0" eclass="HBEFA3/PC_G_EU4" CO2="8030.73" CO="108.22" HC="0.70" NOx="3.06" PMx="0.18" fuel="3.45" electricity="0.00" noise="73.58" route="routetop" type="cfm-slow" waiting="0.00" lane="left_0" pos="47.65" speed="27.91" angle="98.84" x="58.51" y="-4.75"/>
        <vehicle id="cfm-slow_1" eclass="HBEFA3/PC_G_EU4" CO2="0.00" CO="0.00" HC="0.00" NOx="0.00" PMx="0.00" fuel="0.00" electricity="0.00" noise="72.73" route="routebottom" type="cfm-slow" waiting="0.00" lane="bottom_0" pos="20.64" speed="28.26" angle="57.32" x="105.12" y="9.00"/>
        <vehicle id="cfm-slow_2" eclass="HBEFA3/PC_G_EU4" CO2="0.00" CO="0.00" HC="0.00" NOx="0.00" PMx="0.00" fuel="0.00" electricity="0.00" noise="72.02" route="routebottom" type="cfm-slow" waiting="0.00" lane="bottom_0" pos="43.94" speed="27.98" angle="15.49" x="131.01" y="50.60"/>
        <vehicle id="cfm-slow_3" eclass="HBEFA3/PC_G_EU4" CO2="0.00" CO="0.00" HC="0.00" NOx="0.00" PMx="0.00" fuel="0.00" electricity="0.00" noise="71.41" route="routebottom" type="cfm-slow" waiting="0.00" lane="right_0" pos="16.89" speed="27.19" angle="334.09" x="122.82" y="98.40"/>
        <vehicle id="cfm-slow_4" eclass="HBEFA3/PC_G_EU4" CO2="0.00" CO="0.00" HC="0.00" NOx="0.00" PMx="0.00" fuel="0.00" electricity="0.00" noise="70.97" route="routebottom" type="cfm-slow" waiting="0.00" lane="right_0" pos="39.00" speed="26.17" angle="294.35" x="86.94" y="128.19"/>
        <vehicle id="cfm-slow_5" eclass="HBEFA3/PC_G_EU4" CO2="0.00" CO="0.00" HC="0.00" NOx="0.00" PMx="0.00" fuel="0.00" electricity="0.00" noise="70.95" route="routetop" type="cfm-slow" waiting="0.00" lane="top_0" pos="10.08" speed="25.30" angle="256.29" x="42.24" y="128.85"/>
    </timestep>
    <timestep time="9.57">
        <vehicle id="cfm-fast_0" eclass="HBEFA3/PC_G_EU4" CO2="5645.10" CO="45.92" HC="0.35" NOx="2.00" PMx="0.11" fuel="2.43" electricity="0.00" noise="71.69" route="routetop" type="cfm-fast" waiting="0.00" lane="top_0" pos="30.55" speed="24.91" angle="219.49" x="7.48" y="103.03"/>
        <vehicle id="cfm-fast_1" eclass="HBEFA3/PC_G_EU4" CO2="158707.85" CO="6188.00" HC="32.42" NOx="73.08" PMx="5.37" fuel="68.22" electricity="0.00" noise="119.02" route="routebottom" type="cfm-fast" waiting="0.00" lane="right_1" pos="32.72" speed="105.84" angle="305.63" x="97.40" y="119.57"/>
        <vehicle id="cfm-fast_2" eclass="HBEFA3/PC_G_EU4" CO2="9497.03" CO="126.09" HC="0.81" NOx="3.81" PMx="0.21" fuel="4.08" electricity="0.00" noise="73.05" route="routetop" type="cfm-fast" waiting="0.00" lane="top_0" pos="46.44" speed="25.18" angle="191.01" x="-4.50" y="71.40"/>
        <vehicle id="cfm-fast_3" eclass="HBEFA3/PC_G_EU4" CO2="11612.69" CO="172.74" HC="1.08" NOx="4.79" PMx="0.26" fuel="4.99" electricity="0.00" noise="74.13" route="routetop" type="cfm-fast" waiting="0.00" lane="left_0" pos="12.65" speed="26.01" angle="161.71" x="0.42" y="37.06"/>
        <vehicle id="cfm-fast_4" eclass="HBEFA3/PC_G_EU4" CO2="11051.62" CO="165.95" HC="1.03" NOx="4.51" PMx="0.25" fuel="4.75" electricity="0.00" noise="74.23" route="routetop" type="cfm-fast" waiting="0.00" lane="left_0" pos="29.75" speed="27.07" angle="130.96" x="22.89" y="8.49"/>
        <vehicle id="cfm-fast_5" eclass="HBEFA3/PC_G_EU4" CO2="94219.83" CO="5044.75" HC="25.62" NOx="42.64" PMx="3.76" fuel="40.50" electricity="0.00" noise="109.35" route="routetop" type="cfm-fast" waiting="0.00" lane="left_1" pos="30.23" speed="108.41" angle="130.06" x="25.66" y="10.57"/>
        <vehicle id="cfm-slow_0" eclass="HBEFA3/PC_G_EU4" CO2="7987.93" CO="107.36" HC="0.69" NOx="3.04" PMx="0.18" fuel="3.43" electricity="0.00" noise="73.57" route="routetop" type="cfm-slow" waiting="0.00" lane="left_0" pos="47.93" speed="27.91" angle="98.30" x="59.11" y="-4.79"/>
        <vehicle id="cfm-slow_1" eclass="HBEFA3/PC_G_EU4" CO2="0.00" CO="0.00" HC="0.00" NOx="0.00" PMx="0.00" fuel="0.00" electricity="0.00" noise="72.72" route="routebottom" type="cfm-slow" waiting="0.00" lane="bottom_0" pos="20.93" speed="28.25" angle="56.81" x="105.60" y="9.37"/>
        <vehicle id="cfm-slow_2" eclass="HBEFA3/PC_G_EU4" CO2="0.00" CO="0.00" HC="0.00" NOx="0.00" PMx="0.00" fuel="0.00" electricity="0.00" noise="72.01" route="routebottom" type="cfm-slow" waiting="0.00" lane="bottom_0" pos="44.22" speed="27.97" angle="14.96" x="131.12" y="51.20"/>
        <vehicle id="cfm-slow_3" eclass="HBEFA3/PC_G_EU4" CO2="0.00" CO="0.00" HC="0.00" NOx="0.00" PMx="0.00" fuel="0.00" electricity="0.00" noise="71.40" route="routebottom" type="cfm-slow" waiting="0.00" lane="right_0" pos="17.16" speed="27.18" angle="333.60" x="122.52" y="98.90"/>
        <vehicle id="cfm-slow_4" eclass="HBEFA3/PC_G_EU4" CO2="0.00" CO="0.00" HC="0.00" NOx="0.00" PMx="0.00" fuel="0.00" electricity="0.00" noise="70.96" route="routebottom" type="cfm-slow" waiting="0.00" lane="right_0" pos="39.27" speed="26.16" angle="293.87" x="86.41" y="128.38"/>
        <vehicle id="cfm-slow_5" eclass="HBEFA3/PC_G_EU4" CO2="0.00" CO="0.00" HC="0.00" NOx="0.00" PMx="0.00" fuel="0.00" electricity="0.00" noise="70.95" route="routetop" type="cfm-slow" waiting="0.00" lane="top_0" pos="10.34" speed="25.30" angle="255.89" x="41.72" y="128.67"/>
    </timestep>
    <timestep time="9.58">
        <vehicle id="cfm-fast_0" eclass="HBEFA3/PC_G_EU4" CO2="5682.77" CO="46.71" HC="0.35" NOx="2.02" PMx="0.11" fuel="2.44" electricity="0.00" noise="71.71" route="routetop" type="cfm-fast" waiting="0.00" lane="top_0" pos="30.80" speed="24.91" angle="219.09" x="7.17" y="102.60"/>
        <vehicle id="cfm-fast_1" eclass="HBEFA3/PC_G_EU4" CO2="158049.64" CO="6176.53" HC="32.35" NOx="72.77" PMx="5.35" fuel="67.94" electricity="0.00" noise="118.92" route="routebottom" type="cfm-fast" waiting="0.00" lane="right_1" pos="33.78" speed="105.87" angle="303.75" x="95.52" y="120.66"/>
        <vehicle id="cfm-fast_2" eclass="HBEFA3/PC_G_EU4" CO2="9518.61" CO="126.56" HC="0.81" NOx="3.82" PMx="0.21" fuel="4.09" electricity="0.00" noise="73.06" route="routetop" type="cfm-fast" waiting="0.00" lane="top_0" pos="46.69" speed="25.18" angle="190.55" x="-4.56" y="70.86"/>
        <vehicle id="cfm-fast_3" eclass="HBEFA3/PC_G_EU4" CO2="11609.40" CO="172.71" HC="1.08" NOx="4.79" PMx="0.26" fuel="4.99" electricity="0.00" noise="74.13" route="routetop" type="cfm-fast" waiting="0.00" lane="left_0" pos="12.91" speed="26.02" angle="161.29" x="0.64" y="36.54"/>
        <vehicle id="cfm-fast_4" eclass="HBEFA3/PC_G_EU4" CO2="11023.36" CO="165.41" HC="1.03" NOx="4.49" PMx="0.25" fuel="4.74" electricity="0.00" noise="74.22" route="routetop" type="cfm-fast" waiting="0.00" lane="left_0" pos="30.02" speed="27.08" angle="130.46" x="23.36" y="8.15"/>
        <vehicle id="cfm-fast_5" eclass="HBEFA3/PC_G_EU4" CO2="94086.93" CO="5042.35" HC="25.61" NOx="42.58" PMx="3.76" fuel="40.44" electricity="0.00" noise="109.33" route="routetop" type="cfm-fast" waiting="0.00" lane="left_1" pos="31.31" speed="108.41" angle="128.14" x="27.49" y="9.30"/>
        <vehicle id="cfm-slow_0" eclass="HBEFA3/PC_G_EU4" CO2="7945.15" CO="106.50" HC="0.69" NOx="3.02" PMx="0.17" fuel="3.42" electricity="0.00" noise="73.56" route="routetop" type="cfm-slow" waiting="0.00" lane="left_0" pos="48.20" speed="27.92" angle="97.77" x="59.71" y="-4.82"/>
        <vehicle id="cfm-slow_1" eclass="HBEFA3/PC_G_EU4" CO2="0.00" CO="0.00" HC="0.00" NOx="0.00" PMx="0.00" fuel="0.00" electricity="0.00" noise="72.72" route="routebottom" type="cfm-slow" waiting="0.00" lane="bottom_0" pos="21.21" speed="28.25" angle="56.29" x="106.08" y="9.75"/>
        <vehicle id="cfm-slow_2" eclass="HBEFA3/PC_G_EU4" CO2="0.00" CO="0.00" HC="0.00" NOx="0.00" PMx="0.00" fuel="0.00" electricity="0.00" noise="72.00" route="routebottom" type="cfm-slow" waiting="0.00" lane="bottom_0" pos="44.50" speed="27.96" angle="14.43" x="131.23" y="51.79"/>
        <vehicle id="cfm-slow_3" eclass="HBEFA3/PC_G_EU4" CO2="0.00" CO="0.00" HC="0.00" NOx="0.00" PMx="0.00" fuel="0.00" electricity="0.00" noise="71.40" route="routebottom" type="cfm-slow" waiting="0.00" lane="right_0" pos="17.43" speed="27.17" angle="333.11" x="122.22" y="99.41"/>
        <vehicle id="cfm-slow_4" eclass="HBEFA3/PC_G_EU4" CO2="0.00" CO="0.00" HC="0.00" NOx="0.00" PMx="0.00" fuel="0.00" electricity="0.00" noise="70.96" route="routebottom" type="cfm-slow" waiting="0.00" lane="right_0" pos="39.53" speed="26.15" angle="293.40" x="85.88" y="128.57"/>
        <vehicle id="cfm-slow_5" eclass="HBEFA3/PC_G_EU4" CO2="0.00" CO="0.00" HC="0.00" NOx="0.00" PMx="0.00" fuel="0.00" electricity="0.00" noise="70.96" route="routetop" type="cfm-slow" waiting="0.00" lane="top_0" pos="10.59" speed="25.29" angle="255.41" x="41.21" y="128.49"/>
    </timestep>
    <timestep time="9.59">
        <vehicle id="cfm-fast_0" eclass="HBEFA3/PC_G_EU4" CO2="5720.30" CO="47.49" HC="0.36" NOx="2.04" PMx="0.11" fuel="2.46" electricity="0.00" noise="71.72" route="routetop" type="cfm-fast" waiting="0.00" lane="top_0" pos="31.05" speed="24.92" angle="218.64" x="6.87" y="102.15"/>
        <vehicle id="cfm-fast_1" eclass="HBEFA3/PC_G_EU4" CO2="157396.20" CO="6165.14" HC="32.28" NOx="72.46" PMx="5.34" fuel="67.66" electricity="0.00" noise="118.82" route="routebottom" type="cfm-fast" waiting="0.00" lane="right_1" pos="34.84" speed="105.90" angle="301.86" x="93.61" y="121.69"/>
        <vehicle id="cfm-fast_2" eclass="HBEFA3/PC_G_EU4" CO2="9539.96" CO="127.03" HC="0.82" NOx="3.83" PMx="0.21" fuel="4.10" electricity="0.00" noise="73.08" route="routetop" type="cfm-fast" waiting="0.00" lane="top_0" pos="46.94" speed="25.19" angle="190.08" x="-4.61" y="70.32"/>
        <vehicle id="cfm-fast_3" eclass="HBEFA3/PC_G_EU4" CO2="11605.87" CO="172.68" HC="1.08" NOx="4.79" PMx="0.26" fuel="4.99" electricity="0.00" noise="74.13" route="routetop" type="cfm-fast" waiting="0.00" lane="left_0" pos="13.17" speed="26.03" angle="160.80" x="0.87" y="36.03"/>
        <vehicle id="cfm-fast_4" eclass="HBEFA3/PC_G_EU4" CO2="10994.95" CO="164.86" HC="1.03" NOx="4.48" PMx="0.25" fuel="4.73" electricity="0.00" noise="74.22" route="routetop" type="cfm-fast" waiting="0.00" lane="left_0" pos="30.29" speed="27.08" angle="129.96" x="23.83" y="7.81"/>
        <vehicle id="cfm-fast_5" eclass="HBEFA3/PC_G_EU4" CO2="93956.10" CO="5040.00" HC="25.60" NOx="42.51" PMx="3.76" fuel="40.39" electricity="0.00" noise="109.31" route="routetop" type="cfm-fast" waiting="0.00" lane="left_1" pos="32.40" speed="108.42" angle="126.22" x="29.35" y="8.10"/>
        <vehicle id="cfm-slow_0" eclass="HBEFA3/PC_G_EU4" CO2="7902.39" CO="105.64" HC="0.68" NOx="3.00" PMx="0.17" fuel="3.40" electricity="0.00" noise="73.55" route="routetop" type="cfm-slow" waiting="0.00" lane="left_0" pos="48.48" speed="27.92" angle="97.23" x="60.31" y="-4.86"/>
        <vehicle id="cfm-slow_1" eclass="HBEFA3/PC_G_EU4" CO2="0.00" CO="0.00" HC="0.00" NOx="0.00" PMx="0.00" fuel="0.00" electricity="0.00" noise="72.71" route="routebottom" type="cfm-slow" waiting="0.00" lane="bottom_0" pos="21.49" speed="28.25" angle="55.78" x="106.56" y="10.12"/>
        <vehicle id="cfm-slow_2" eclass="HBEFA3/PC_G_EU4" CO2="0.00" CO="0.00" HC="0.00" NOx="0.00" PMx="0.00" fuel="0.00" electricity="0.00" noise="72.00" route="routebottom" type="cfm-slow" waiting="0.00" lane="bottom_0" pos="44.77" speed="27.96" angle="13.91" x="131.34" y="52.38"/>
        <vehicle id="cfm-slow_3" eclass="HBEFA3/PC_G_EU4" CO2="0.00" CO="0.00" HC="0.00" NOx="0.00" PMx="0.00" fuel="0.00" electricity="0.00" noise="71.40" route="routebottom" type="cfm-slow" waiting="0.00" lane="right_0" pos="17.70" speed="27.16" angle="332.62" x="121.92" y="99.91"/>
        <vehicle id="cfm-slow_4" eclass="HBEFA3/PC_G_EU4" CO2="0.00" CO="0.00" HC="0.00" NOx="0.00" PMx="0.00" fuel="0.00" electricity="0.00" noise="70.96" route="routebottom" type="cfm-slow" waiting="0.00" lane="right_0" pos="39.79" speed="26.15" angle="292.99" x="85.35" y="128.76"/>
        <vehicle id="cfm-slow_5" eclass="HBEFA3/PC_G_EU4" CO2="0.00" CO="0.00" HC="0.00" NOx="0.00" PMx="0.00" fuel="0.00" electricity="0.00" noise="70.96" route="routetop" type="cfm-slow" waiting="0.00" lane="top_0" pos="10.84" speed="25.29" angle="254.93" x="40.70" y="128.30"/>
    </timestep>
    <timestep time="9.60">
        <vehicle id="cfm-fast_0" eclass="HBEFA3/PC_G_EU4" CO2="5757.68" CO="48.26" HC="0.36" NOx="2.06" PMx="0.11" fuel="2.47" electricity="0.00" noise="71.73" route="routetop" type="cfm-fast" waiting="0.00" lane="top_0" pos="31.30" speed="24.92" angle="218.19" x="6.58" y="101.70"/>
        <vehicle id="cfm-fast_1" eclass="HBEFA3/PC_G_EU4" CO2="156747.50" CO="6153.84" HC="32.21" NOx="72.16" PMx="5.32" fuel="67.38" electricity="0.00" noise="118.72" route="routebottom" type="cfm-fast" waiting="0.00" lane="right_1" pos="35.90" speed="105.93" angle="299.94" x="91.67" y="122.66"/>
        <vehicle id="cfm-fast_2" eclass="HBEFA3/PC_G_EU4" CO2="9561.08" CO="127.49" HC="0.82" NOx="3.84" PMx="0.21" fuel="4.11" electricity="0.00" noise="73.09" route="routetop" type="cfm-fast" waiting="0.00" lane="top_0" pos="47.20" speed="25.20" angle="189.62" x="-4.67" y="69.78"/>
        <vehicle id="cfm-fast_3" eclass="HBEFA3/PC_G_EU4" CO2="11602.10" CO="172.65" HC="1.08" NOx="4.79" PMx="0.26" fuel="4.99" electricity="0.00" noise="74.13" route="routetop" type="cfm-fast" waiting="0.00" lane="left_0" pos="13.43" speed="26.04" angle="160.32" x="1.10" y="35.52"/>
        <vehicle id="cfm-fast_4" eclass="HBEFA3/PC_G_EU4" CO2="10966.39" CO="164.32" HC="1.02" NOx="4.46" PMx="0.25" fuel="4.71" electricity="0.00" noise="74.21" route="routetop" type="cfm-fast" waiting="0.00" lane="left_0" pos="30.56" speed="27.09" angle="129.47" x="24.30" y="7.47"/>
        <vehicle id="cfm-fast_5" eclass="HBEFA3/PC_G_EU4" CO2="93827.29" CO="5037.68" HC="25.58" NOx="42.45" PMx="3.75" fuel="40.33" electricity="0.00" noise="109.29" route="routetop" type="cfm-fast" waiting="0.00" lane="left_1" pos="33.48" speed="108.42" angle="124.27" x="31.26" y="6.96"/>
        <vehicle id="cfm-slow_0" eclass="HBEFA3/PC_G_EU4" CO2="7859.63" CO="104.79" HC="0.68" NOx="2.98" PMx="0.17" fuel="3.38" electricity="0.00" noise="73.54" route="routetop" type="cfm-slow" waiting="0.00" lane="left_0" pos="48.76" speed="27.93" angle="96.76" x="60.91" y="-4.89"/>
        <vehicle id="cfm-slow_1" eclass="HBEFA3/PC_G_EU4" CO2="0.00" CO="0.00" HC="0.00" NOx="0.00" PMx="0.00" fuel="0.00" electricity="0.00" noise="72.70" route="routebottom" type="cfm-slow" waiting="0.00" lane="bottom_0" pos="21.77" speed="28.25" angle="55.32" x="107.03" y="10.50"/>
        <vehicle id="cfm-slow_2" eclass="HBEFA3/PC_G_EU4" CO2="0.00" CO="0.00" HC="0.00" NOx="0.00" PMx="0.00" fuel="0.00" electricity="0.00" noise="71.99" route="routebottom" type="cfm-slow" waiting="0.00" lane="bottom_0" pos="45.05" speed="27.95" angle="13.46" x="131.43" y="52.97"/>
        <vehicle id="cfm-slow_3" eclass="HBEFA3/PC_G_EU4" CO2="0.00" CO="0.00" HC="0.00" NOx="0.00" PMx="0.00" fuel="0.00" electricity="0.00" noise="71.39" route="routebottom" type="cfm-slow" waiting="0.00" lane="right_0" pos="17.98" speed="27.15" angle="332.19" x="121.61" y="100.41"/>
        <vehicle id="cfm-slow_4" eclass="HBEFA3/PC_G_EU4" CO2="0.00" CO="0.00" HC="0.00" NOx="0.00" PMx="0.00" fuel="0.00" electricity="0.00" noise="70.96" route="routebottom" type="cfm-slow" waiting="0.00" lane="right_0" pos="40.05" speed="26.14" angle="292.49" x="84.82" y="128.93"/>
        <vehicle id="cfm-slow_5" eclass="HBEFA3/PC_G_EU4" CO2="0.00" CO="0.00" HC="0.00" NOx="0.00" PMx="0.00" fuel="0.00" electricity="0.00" noise="70.97" route="routetop" type="cfm-slow" waiting="0.00" lane="top_0" pos="11.09" speed="25.28" angle="254.45" x="40.19" y="128.12"/>
    </timestep>
    <timestep time="9.61">
        <vehicle id="cfm-fast_0" eclass="HBEFA3/PC_G_EU4" CO2="5794.90" CO="49.04" HC="0.37" NOx="2.07" PMx="0.11" fuel="2.49" electricity="0.00" noise="71.74" route="routetop" type="cfm-fast" waiting="0.00" lane="top_0" pos="31.55" speed="24.92" angle="217.74" x="6.28" y="101.26"/>
        <vehicle id="cfm-fast_1" eclass="HBEFA3/PC_G_EU4" CO2="156103.52" CO="6142.61" HC="32.15" NOx="71.85" PMx="5.31" fuel="67.10" electricity="0.00" noise="118.62" route="routebottom" type="cfm-fast" waiting="0.00" lane="right_1" pos="36.96" speed="105.96" angle="297.94" x="89.69" y="123.56"/>
        <vehicle id="cfm-fast_2" eclass="HBEFA3/PC_G_EU4" CO2="9581.97" CO="127.95" HC="0.82" NOx="3.85" PMx="0.21" fuel="4.12" electricity="0.00" noise="73.10" route="routetop" type="cfm-fast" waiting="0.00" lane="top_0" pos="47.45" speed="25.21" angle="189.20" x="-4.72" y="69.24"/>
        <vehicle id="cfm-fast_3" eclass="HBEFA3/PC_G_EU4" CO2="11598.09" CO="172.61" HC="1.08" NOx="4.79" PMx="0.26" fuel="4.99" electricity="0.00" noise="74.13" route="routetop" type="cfm-fast" waiting="0.00" lane="left_0" pos="13.69" speed="26.05" angle="159.83" x="1.33" y="35.01"/>
        <vehicle id="cfm-fast_4" eclass="HBEFA3/PC_G_EU4" CO2="10937.68" CO="163.77" HC="1.02" NOx="4.45" PMx="0.25" fuel="4.70" electricity="0.00" noise="74.20" route="routetop" type="cfm-fast" waiting="0.00" lane="left_0" pos="30.83" speed="27.10" angle="129.03" x="24.78" y="7.13"/>
        <vehicle id="cfm-fast_5" eclass="HBEFA3/PC_G_EU4" CO2="93700.45" CO="5035.40" HC="25.57" NOx="42.39" PMx="3.75" fuel="40.28" electricity="0.00" noise="109.27" route="routetop" type="cfm-fast" waiting="0.00" lane="left_1" pos="34.57" speed="108.43" angle="122.34" x="33.21" y="5.88"/>
        <vehicle id="cfm-slow_0" eclass="HBEFA3/PC_G_EU4" CO2="7816.90" CO="103.93" HC="0.67" NOx="2.96" PMx="0.17" fuel="3.36" electricity="0.00" noise="73.53" route="routetop" type="cfm-slow" waiting="0.00" lane="left_0" pos="49.04" speed="27.93" angle="96.25" x="61.51" y="-4.90"/>
        <vehicle id="cfm-slow_1" eclass="HBEFA3/PC_G_EU4" CO2="0.00" CO="0.00" HC="0.00" NOx="0.00" PMx="0.00" fuel="0.00" electricity="0.00" noise="72.69" route="routebottom" type="cfm-slow" waiting="0.00" lane="bottom_0" pos="22.06" speed="28.24" angle="54.79" x="107.50" y="10.89"/>
        <vehicle id="cfm-slow_2" eclass="HBEFA3/PC_G_EU4" CO2="0.00" CO="0.00" HC="0.00" NOx="0.00" PMx="0.00" fuel="0.00" electricity="0.00" noise="71.98" route="routebottom" type="cfm-slow" waiting="0.00" lane="bottom_0" pos="45.33" speed="27.94" angle="12.96" x="131.52" y="53.57"/>
        <vehicle id="cfm-slow_3" eclass="HBEFA3/PC_G_EU4" CO2="0.00" CO="0.00" HC="0.00" NOx="0.00" PMx="0.00" fuel="0.00" electricity="0.00" noise="71.39" route="routebottom" type="cfm-slow" waiting="0.00" lane="right_0" pos="18.25" speed="27.14" angle="331.66" x="121.29" y="100.89"/>
        <vehicle id="cfm-slow_4" eclass="HBEFA3/PC_G_EU4" CO2="0.00" CO="0.00" HC="0.00" NOx="0.00" PMx="0.00" fuel="0.00" electricity="0.00" noise="70.96" route="routebottom" type="cfm-slow" waiting="0.00" lane="right_0" pos="40.31" speed="26.13" angle="291.99" x="84.28" y="129.10"/>
        <vehicle id="cfm-slow_5" eclass="HBEFA3/PC_G_EU4" CO2="0.00" CO="0.00" HC="0.00" NOx="0.00" PMx="0.00" fuel="0.00" electricity="0.00" noise="70.97" route="routetop" type="cfm-slow" waiting="0.00" lane="top_0" pos="11.35" speed="25.28" angle="253.97" x="39.68" y="127.94"/>
    </timestep>
    <timestep time="9.62">
        <vehicle id="cfm-fast_0" eclass="HBEFA3/PC_G_EU4" CO2="5831.97" CO="49.81" HC="0.37" NOx="2.09" PMx="0.11" fuel="2.51" electricity="0.00" noise="71.75" route="routetop" type="cfm-fast" waiting="0.00" lane="top_0" pos="31.80" speed="24.92" angle="217.29" x="5.98" y="100.81"/>
        <vehicle id="cfm-fast_1" eclass="HBEFA3/PC_G_EU4" CO2="155464.26" CO="6131.46" HC="32.08" NOx="71.55" PMx="5.29" fuel="66.83" electricity="0.00" noise="118.52" route="routebottom" type="cfm-fast" waiting="0.00" lane="right_1" pos="38.02" speed="105.98" angle="296.04" x="87.68" y="124.38"/>
        <vehicle id="cfm-fast_2" eclass="HBEFA3/PC_G_EU4" CO2="9602.63" CO="128.40" HC="0.82" NOx="3.86" PMx="0.21" fuel="4.13" electricity="0.00" noise="73.11" route="routetop" type="cfm-fast" waiting="0.00" lane="top_0" pos="47.70" speed="25.22" angle="188.74" x="-4.76" y="68.70"/>
        <vehicle id="cfm-fast_3" eclass="HBEFA3/PC_G_EU4" CO2="11593.85" CO="172.56" HC="1.08" NOx="4.78" PMx="0.26" fuel="4.98" electricity="0.00" noise="74.14" route="routetop" type="cfm-fast" waiting="0.00" lane="left_0" pos="13.95" speed="26.06" angle="159.35" x="1.56" y="34.50"/>
        <vehicle id="cfm-fast_4" eclass="HBEFA3/PC_G_EU4" CO2="10908.83" CO="163.22" HC="1.02" NOx="4.44" PMx="0.25" fuel="4.69" electricity="0.00" noise="74.19" route="routetop" type="cfm-fast" waiting="0.00" lane="left_0" pos="31.10" speed="27.11" angle="128.55" x="25.27" y="6.81"/>
        <vehicle id="cfm-fast_5" eclass="HBEFA3/PC_G_EU4" CO2="93575.57" CO="5033.16" HC="25.56" NOx="42.33" PMx="3.75" fuel="40.22" electricity="0.00" noise="109.25" route="routetop" type="cfm-fast" waiting="0.00" lane="left_1" pos="35.65" speed="108.43" angle="120.39" x="35.20" y="4.88"/>
        <vehicle id="cfm-slow_0" eclass="HBEFA3/PC_G_EU4" CO2="7774.18" CO="103.07" HC="0.67" NOx="2.94" PMx="0.17" fuel="3.34" electricity="0.00" noise="73.52" route="routetop" type="cfm-slow" waiting="0.00" lane="left_0" pos="49.32" speed="27.93" angle="95.74" x="62.11" y="-4.92"/>
        <vehicle id="cfm-slow_1" eclass="HBEFA3/PC_G_EU4" CO2="0.00" CO="0.00" HC="0.00" NOx="0.00" PMx="0.00" fuel="0.00" electricity="0.00" noise="72.68" route="routebottom" type="cfm-slow" waiting="0.00" lane="bottom_0" pos="22.34" speed="28.24" angle="54.25" x="107.96" y="11.29"/>
        <vehicle id="cfm-slow_2" eclass="HBEFA3/PC_G_EU4" CO2="0.00" CO="0.00" HC="0.00" NOx="0.00" PMx="0.00" fuel="0.00" electricity="0.00" noise="71.98" route="routebottom" type="cfm-slow" waiting="0.00" lane="bottom_0" pos="45.61" speed="27.93" angle="12.45" x="131.60" y="54.16"/>
        <vehicle id="cfm-slow_3" eclass="HBEFA3/PC_G_EU4" CO2="0.00" CO="0.00" HC="0.00" NOx="0.00" PMx="0.00" fuel="0.00" electricity="0.00" noise="71.38" route="routebottom" type="cfm-slow" waiting="0.00" lane="right_0" pos="18.52" speed="27.13" angle="331.13" x="120.96" y="101.38"/>
        <vehicle id="cfm-slow_4" eclass="HBEFA3/PC_G_EU4" CO2="0.00" CO="0.00" HC="0.00" NOx="0.00" PMx="0.00" fuel="0.00" electricity="0.00" noise="70.96" route="routebottom" type="cfm-slow" waiting="0.00" lane="right_0" pos="40.57" speed="26.12" angle="291.50" x="83.74" y="129.26"/>
        <vehicle id="cfm-slow_5" eclass="HBEFA3/PC_G_EU4" CO2="0.00" CO="0.00" HC="0.00" NOx="0.00" PMx="0.00" fuel="0.00" electricity="0.00" noise="70.98" route="routetop" type="cfm-slow" waiting="0.00" lane="top_0" pos="11.60" speed="25.27" angle="253.57" x="39.17" y="127.74"/>
    </timestep>
    <timestep time="9.63">
        <vehicle id="cfm-fast_0" eclass="HBEFA3/PC_G_EU4" CO2="5868.89" CO="50.58" HC="0.38" NOx="2.11" PMx="0.11" fuel="2.52" electricity="0.00" noise="71.76" route="routetop" type="cfm-fast" waiting="0.00" lane="top_0" pos="32.05" speed="24.93" angle="216.90" x="5.69" y="100.36"/>
        <vehicle id="cfm-fast_1" eclass="HBEFA3/PC_G_EU4" CO2="154829.68" CO="6120.39" HC="32.01" NOx="71.25" PMx="5.27" fuel="66.55" electricity="0.00" noise="118.42" route="routebottom" type="cfm-fast" waiting="0.00" lane="right_1" pos="39.08" speed="106.01" angle="294.17" x="85.65" y="125.15"/>
        <vehicle id="cfm-fast_2" eclass="HBEFA3/PC_G_EU4" CO2="9623.06" CO="128.85" HC="0.83" NOx="3.87" PMx="0.21" fuel="4.14" electricity="0.00" noise="73.12" route="routetop" type="cfm-fast" waiting="0.00" lane="top_0" pos="47.95" speed="25.22" angle="188.25" x="-4.79" y="68.16"/>
        <vehicle id="cfm-fast_3" eclass="HBEFA3/PC_G_EU4" CO2="11589.37" CO="172.51" HC="1.07" NOx="4.78" PMx="0.26" fuel="4.98" electricity="0.00" noise="74.14" route="routetop" type="cfm-fast" waiting="0.00" lane="left_0" pos="14.22" speed="26.07" angle="158.92" x="1.80" y="33.99"/>
        <vehicle id="cfm-fast_4" eclass="HBEFA3/PC_G_EU4" CO2="10879.84" CO="162.67" HC="1.01" NOx="4.42" PMx="0.25" fuel="4.68" electricity="0.00" noise="74.19" route="routetop" type="cfm-fast" waiting="0.00" lane="left_0" pos="31.37" speed="27.12" angle="128.06" x="25.75" y="6.49"/>
        <vehicle id="cfm-fast_5" eclass="HBEFA3/PC_G_EU4" CO2="93452.59" CO="5030.95" HC="25.54" NOx="42.28" PMx="3.74" fuel="40.17" electricity="0.00" noise="109.23" route="routetop" type="cfm-fast" waiting="0.00" lane="left_1" pos="36.73" speed="108.44" angle="118.39" x="37.21" y="3.95"/>
        <vehicle id="cfm-slow_0" eclass="HBEFA3/PC_G_EU4" CO2="7731.49" CO="102.21" HC="0.66" NOx="2.92" PMx="0.17" fuel="3.32" electricity="0.00" noise="73.51" route="routetop" type="cfm-slow" waiting="0.00" lane="left_0" pos="49.60" speed="27.94" angle="95.23" x="62.71" y="-4.93"/>
        <vehicle id="cfm-slow_1" eclass="HBEFA3/PC_G_EU4" CO2="0.00" CO="0.00" HC="0.00" NOx="0.00" PMx="0.00" fuel="0.00" electricity="0.00" noise="72.68" route="routebottom" type="cfm-slow" waiting="0.00" lane="bottom_0" pos="22.62" speed="28.24" angle="53.72" x="108.42" y="11.68"/>
        <vehicle id="cfm-slow_2" eclass="HBEFA3/PC_G_EU4" CO2="0.00" CO="0.00" HC="0.00" NOx="0.00" PMx="0.00" fuel="0.00" electricity="0.00" noise="71.97" route="routebottom" type="cfm-slow" waiting="0.00" lane="bottom_0" pos="45.89" speed="27.93" angle="11.94" x="131.69" y="54.76"/>
        <vehicle id="cfm-slow_3" eclass="HBEFA3/PC_G_EU4" CO2="0.00" CO="0.00" HC="0.00" NOx="0.00" PMx="0.00" fuel="0.00" electricity="0.00" noise="71.38" route="routebottom" type="cfm-slow" waiting="0.00" lane="right_0" pos="18.79" speed="27.12" angle="330.61" x="120.64" y="101.86"/>
        <vehicle id="cfm-slow_4" eclass="HBEFA3/PC_G_EU4" CO2="0.00" CO="0.00" HC="0.00" NOx="0.00" PMx="0.00" fuel="0.00" electricity="0.00" noise="70.96" route="routebottom" type="cfm-slow" waiting="0.00" lane="right_0" pos="40.83" speed="26.11" angle="291.00" x="83.21" y="129.43"/>
        <vehicle id="cfm-slow_5" eclass="HBEFA3/PC_G_EU4" CO2="0.00" CO="0.00" HC="0.00" NOx="0.00" PMx="0.00" fuel="0.00" electricity="0.00" noise="70.98" route="routetop" type="cfm-slow" waiting="0.00" lane="top_0" pos="11.85" speed="25.27" angle="253.11" x="38.66" y="127.54"/>
    </timestep>
    <timestep time="9.64">
        <vehicle id="cfm-fast_0" eclass="HBEFA3/PC_G_EU4" CO2="5905.66" CO="51.34" HC="0.38" NOx="2.12" PMx="0.11" fuel="2.54" electricity="0.00" noise="71.77" route="routetop" type="cfm-fast" waiting="0.00" lane="top_0" pos="32.30" speed="24.93" angle="216.43" x="5.41" y="99.90"/>
        <vehicle id="cfm-fast_1" eclass="HBEFA3/PC_G_EU4" CO2="154199.77" CO="6109.40" HC="31.95" NOx="70.95" PMx="5.26" fuel="66.28" electricity="0.00" noise="118.33" route="routebottom" type="cfm-fast" waiting="0.00" lane="right_1" pos="40.14" speed="106.04" angle="292.31" x="83.59" y="125.86"/>
        <vehicle id="cfm-fast_2" eclass="HBEFA3/PC_G_EU4" CO2="9643.26" CO="129.29" HC="0.83" NOx="3.88" PMx="0.21" fuel="4.15" electricity="0.00" noise="73.13" route="routetop" type="cfm-fast" waiting="0.00" lane="top_0" pos="48.21" speed="25.23" angle="187.77" x="-4.82" y="67.62"/>
        <vehicle id="cfm-fast_3" eclass="HBEFA3/PC_G_EU4" CO2="11584.66" CO="172.46" HC="1.07" NOx="4.78" PMx="0.26" fuel="4.98" electricity="0.00" noise="74.14" route="routetop" type="cfm-fast" waiting="0.00" lane="left_0" pos="14.48" speed="26.08" angle="158.43" x="2.05" y="33.49"/>
        <vehicle id="cfm-fast_4" eclass="HBEFA3/PC_G_EU4" CO2="10850.70" CO="162.11" HC="1.01" NOx="4.41" PMx="0.25" fuel="4.66" electricity="0.00" noise="74.18" route="routetop" type="cfm-fast" waiting="0.00" lane="left_0" pos="31.64" speed="27.13" angle="127.57" x="26.24" y="6.16"/>
        <vehicle id="cfm-fast_5" eclass="HBEFA3/PC_G_EU4" CO2="93331.49" CO="5028.78" HC="25.53" NOx="42.22" PMx="3.74" fuel="40.12" electricity="0.00" noise="109.22" route="routetop" type="cfm-fast" waiting="0.00" lane="left_1" pos="37.82" speed="108.44" angle="116.42" x="39.27" y="3.09"/>
        <vehicle id="cfm-slow_0" eclass="HBEFA3/PC_G_EU4" CO2="7688.81" CO="101.35" HC="0.66" NOx="2.90" PMx="0.17" fuel="3.31" electricity="0.00" noise="73.50" route="routetop" type="cfm-slow" waiting="0.00" lane="left_0" pos="49.88" speed="27.94" angle="94.72" x="63.31" y="-4.94"/>
        <vehicle id="cfm-slow_1" eclass="HBEFA3/PC_G_EU4" CO2="0.00" CO="0.00" HC="0.00" NOx="0.00" PMx="0.00" fuel="0.00" electricity="0.00" noise="72.67" route="routebottom" type="cfm-slow" waiting="0.00" lane="bottom_0" pos="22.90" speed="28.24" angle="53.18" x="108.88" y="12.07"/>
        <vehicle id="cfm-slow_2" eclass="HBEFA3/PC_G_EU4" CO2="0.00" CO="0.00" HC="0.00" NOx="0.00" PMx="0.00" fuel="0.00" electricity="0.00" noise="71.97" route="routebottom" type="cfm-slow" waiting="0.00" lane="bottom_0" pos="46.17" speed="27.92" angle="11.49" x="131.77" y="55.35"/>
        <vehicle id="cfm-slow_3" eclass="HBEFA3/PC_G_EU4" CO2="0.00" CO="0.00" HC="0.00" NOx="0.00" PMx="0.00" fuel="0.00" electricity="0.00" noise="71.37" route="routebottom" type="cfm-slow" waiting="0.00" lane="right_0" pos="19.06" speed="27.11" angle="330.08" x="120.32" y="102.35"/>
        <vehicle id="cfm-slow_4" eclass="HBEFA3/PC_G_EU4" CO2="0.00" CO="0.00" HC="0.00" NOx="0.00" PMx="0.00" fuel="0.00" electricity="0.00" noise="70.96" route="routebottom" type="cfm-slow" waiting="0.00" lane="right_0" pos="41.09" speed="26.10" angle="290.58" x="82.67" y="129.59"/>
        <vehicle id="cfm-slow_5" eclass="HBEFA3/PC_G_EU4" CO2="0.00" CO="0.00" HC="0.00" NOx="0.00" PMx="0.00" fuel="0.00" electricity="0.00" noise="70.99" route="routetop" type="cfm-slow" waiting="0.00" lane="top_0" pos="12.11" speed="25.27" angle="252.65" x="38.16" y="127.34"/>
    </timestep>
    <timestep time="9.65">
        <vehicle id="cfm-fast_0" eclass="HBEFA3/PC_G_EU4" CO2="5942.27" CO="52.10" HC="0.38" NOx="2.14" PMx="0.11" fuel="2.55" electricity="0.00" noise="71.79" route="routetop" type="cfm-fast" waiting="0.00" lane="top_0" pos="32.55" speed="24.93" angle="215.96" x="5.13" y="99.44"/>
        <vehicle id="cfm-fast_1" eclass="HBEFA3/PC_G_EU4" CO2="153574.51" CO="6098.48" HC="31.88" NOx="70.66" PMx="5.24" fuel="66.02" electricity="0.00" noise="118.23" route="routebottom" type="cfm-fast" waiting="0.00" lane="right_1" pos="41.20" speed="106.07" angle="290.38" x="81.51" y="126.48"/>
        <vehicle id="cfm-fast_2" eclass="HBEFA3/PC_G_EU4" CO2="9663.23" CO="129.73" HC="0.83" NOx="3.89" PMx="0.21" fuel="4.15" electricity="0.00" noise="73.14" route="routetop" type="cfm-fast" waiting="0.00" lane="top_0" pos="48.46" speed="25.24" angle="187.29" x="-4.85" y="67.08"/>
        <vehicle id="cfm-fast_3" eclass="HBEFA3/PC_G_EU4" CO2="11579.71" CO="172.40" HC="1.07" NOx="4.78" PMx="0.26" fuel="4.98" electricity="0.00" noise="74.14" route="routetop" type="cfm-fast" waiting="0.00" lane="left_0" pos="14.74" speed="26.09" angle="157.94" x="2.30" y="32.99"/>
        <vehicle id="cfm-fast_4" eclass="HBEFA3/PC_G_EU4" CO2="10821.42" CO="161.55" HC="1.01" NOx="4.40" PMx="0.25" fuel="4.65" electricity="0.00" noise="74.17" route="routetop" type="cfm-fast" waiting="0.00" lane="left_0" pos="31.92" speed="27.13" angle="127.08" x="26.72" y="5.84"/>
        <vehicle id="cfm-fast_5" eclass="HBEFA3/PC_G_EU4" CO2="93212.22" CO="5026.64" HC="25.52" NOx="42.16" PMx="3.74" fuel="40.07" electricity="0.00" noise="109.20" route="routetop" type="cfm-fast" waiting="0.00" lane="left_1" pos="38.90" speed="108.44" angle="114.46" x="41.34" y="2.30"/>
        <vehicle id="cfm-slow_0" eclass="HBEFA3/PC_G_EU4" CO2="7646.16" CO="100.49" HC="0.65" NOx="2.88" PMx="0.17" fuel="3.29" electricity="0.00" noise="73.49" route="routebottom" type="cfm-slow" waiting="0.00" lane="bottom_0" pos="0.16" speed="27.94" angle="94.18" x="64.10" y="-4.94"/>
        <vehicle id="cfm-slow_1" eclass="HBEFA3/PC_G_EU4" CO2="0.00" CO="0.00" HC="0.00" NOx="0.00" PMx="0.00" fuel="0.00" electricity="0.00" noise="72.66" route="routebottom" type="cfm-slow" waiting="0.00" lane="bottom_0" pos="23.19" speed="28.23" angle="52.73" x="109.34" y="12.48"/>
        <vehicle id="cfm-slow_2" eclass="HBEFA3/PC_G_EU4" CO2="0.00" CO="0.00" HC="0.00" NOx="0.00" PMx="0.00" fuel="0.00" electricity="0.00" noise="71.96" route="routebottom" type="cfm-slow" waiting="0.00" lane="bottom_0" pos="46.45" speed="27.91" angle="10.99" x="131.84" y="55.95"/>
        <vehicle id="cfm-slow_3" eclass="HBEFA3/PC_G_EU4" CO2="0.00" CO="0.00" HC="0.00" NOx="0.00" PMx="0.00" fuel="0.00" electricity="0.00" noise="71.37" route="routebottom" type="cfm-slow" waiting="0.00" lane="right_0" pos="19.33" speed="27.10" angle="329.64" x="119.99" y="102.83"/>
        <vehicle id="cfm-slow_4" eclass="HBEFA3/PC_G_EU4" CO2="0.00" CO="0.00" HC="0.00" NOx="0.00" PMx="0.00" fuel="0.00" electricity="0.00" noise="70.96" route="routebottom" type="cfm-slow" waiting="0.00" lane="right_0" pos="41.36" speed="26.09" angle="290.10" x="82.13" y="129.73"/>
        <vehicle id="cfm-slow_5" eclass="HBEFA3/PC_G_EU4" CO2="0.00" CO="0.00" HC="0.00" NOx="0.00" PMx="0.00" fuel="0.00" electricity="0.00" noise="70.99" route="routetop" type="cfm-slow" waiting="0.00" lane="top_0" pos="12.36" speed="25.26" angle="252.19" x="37.65" y="127.14"/>
    </timestep>
    <timestep time="9.66">
        <vehicle id="cfm-fast_0" eclass="HBEFA3/PC_G_EU4" CO2="5978.73" CO="52.86" HC="0.39" NOx="2.16" PMx="0.11" fuel="2.57" electricity="0.00" noise="71.80" route="routetop" type="cfm-fast" waiting="0.00" lane="top_0" pos="32.80" speed="24.93" angle="215.49" x="4.86" y="98.98"/>
        <vehicle id="cfm-fast_1" eclass="HBEFA3/PC_G_EU4" CO2="152953.88" CO="6087.65" HC="31.82" NOx="70.37" PMx="5.23" fuel="65.75" electricity="0.00" noise="118.14" route="routebottom" type="cfm-fast" waiting="0.00" lane="right_1" pos="42.26" speed="106.10" angle="288.43" x="79.41" y="127.04"/>
        <vehicle id="cfm-fast_2" eclass="HBEFA3/PC_G_EU4" CO2="9682.96" CO="130.16" HC="0.83" NOx="3.90" PMx="0.21" fuel="4.16" electricity="0.00" noise="73.15" route="routetop" type="cfm-fast" waiting="0.00" lane="top_0" pos="48.71" speed="25.25" angle="186.85" x="-4.88" y="66.53"/>
        <vehicle id="cfm-fast_3" eclass="HBEFA3/PC_G_EU4" CO2="11574.53" CO="172.33" HC="1.07" NOx="4.77" PMx="0.26" fuel="4.98" electricity="0.00" noise="74.14" route="routetop" type="cfm-fast" waiting="0.00" lane="left_0" pos="15.00" speed="26.10" angle="157.45" x="2.55" y="32.49"/>
        <vehicle id="cfm-fast_4" eclass="HBEFA3/PC_G_EU4" CO2="10792.00" CO="160.98" HC="1.00" NOx="4.38" PMx="0.25" fuel="4.64" electricity="0.00" noise="74.16" route="routetop" type="cfm-fast" waiting="0.00" lane="left_0" pos="32.19" speed="27.14" angle="126.64" x="27.22" y="5.53"/>
        <vehicle id="cfm-fast_5" eclass="HBEFA3/PC_G_EU4" CO2="93094.76" CO="5024.54" HC="25.50" NOx="42.11" PMx="3.73" fuel="40.02" electricity="0.00" noise="109.18" route="routetop" type="cfm-fast" waiting="0.00" lane="left_1" pos="39.99" speed="108.45" angle="112.52" x="43.44" y="1.57"/>
        <vehicle id="cfm-slow_0" eclass="HBEFA3/PC_G_EU4" CO2="7603.53" CO="99.63" HC="0.65" NOx="2.86" PMx="0.17" fuel="3.27" electricity="0.00" noise="73.48" route="routebottom" type="cfm-slow" waiting="0.00" lane="bottom_0" pos="0.44" speed="27.95" angle="93.68" x="64.70" y="-4.93"/>
        <vehicle id="cfm-slow_1" eclass="HBEFA3/PC_G_EU4" CO2="0.00" CO="0.00" HC="0.00" NOx="0.00" PMx="0.00" fuel="0.00" electricity="0.00" noise="72.65" route="routebottom" type="cfm-slow" waiting="0.00" lane="bottom_0" pos="23.47" speed="28.23" angle="52.22" x="109.79" y="12.89"/>
        <vehicle id="cfm-slow_2" eclass="HBEFA3/PC_G_EU4" CO2="0.00" CO="0.00" HC="0.00" NOx="0.00" PMx="0.00" fuel="0.00" electricity="0.00" noise="71.95" route="routebottom" type="cfm-slow" waiting="0.00" lane="bottom_0" pos="46.73" speed="27.90" angle="10.48" x="131.90" y="56.55"/>
        <vehicle id="cfm-slow_3" eclass="HBEFA3/PC_G_EU4" CO2="0.00" CO="0.00" HC="0.00" NOx="0.00" PMx="0.00" fuel="0.00" electricity="0.00" noise="71.37" route="routebottom" type="cfm-slow" waiting="0.00" lane="right_0" pos="19.60" speed="27.09" angle="329.15" x="119.64" y="103.30"/>
        <vehicle id="cfm-slow_4" eclass="HBEFA3/PC_G_EU4" CO2="0.00" CO="0.00" HC="0.00" NOx="0.00" PMx="0.00" fuel="0.00" electricity="0.00" noise="70.96" route="routebottom" type="cfm-slow" waiting="0.00" lane="right_0" pos="41.62" speed="26.09" angle="289.63" x="81.58" y="129.88"/>
        <vehicle id="cfm-slow_5" eclass="HBEFA3/PC_G_EU4" CO2="0.00" CO="0.00" HC="0.00" NOx="0.00" PMx="0.00" fuel="0.00" electricity="0.00" noise="71.00" route="routetop" type="cfm-slow" waiting="0.00" lane="top_0" pos="12.61" speed="25.26" angle="251.73" x="37.15" y="126.94"/>
    </timestep>
    <timestep time="9.67">
        <vehicle id="cfm-fast_0" eclass="HBEFA3/PC_G_EU4" CO2="6015.03" CO="53.62" HC="0.39" NOx="2.18" PMx="0.12" fuel="2.59" electricity="0.00" noise="71.81" route="routetop" type="cfm-fast" waiting="0.00" lane="top_0" pos="33.05" speed="24.94" angle="215.02" x="4.58" y="98.53"/>
        <vehicle id="cfm-fast_1" eclass="HBEFA3/PC_G_EU4" CO2="152337.86" CO="6076.89" HC="31.75" NOx="70.07" PMx="5.21" fuel="65.48" electricity="0.00" noise="118.04" route="routebottom" type="cfm-fast" waiting="0.00" lane="right_1" pos="43.32" speed="106.12" angle="286.58" x="77.29" y="127.53"/>
        <vehicle id="cfm-fast_2" eclass="HBEFA3/PC_G_EU4" CO2="9702.47" CO="130.59" HC="0.84" NOx="3.91" PMx="0.21" fuel="4.17" electricity="0.00" noise="73.16" route="routetop" type="cfm-fast" waiting="0.00" lane="top_0" pos="48.96" speed="25.26" angle="186.41" x="-4.90" y="65.99"/>
        <vehicle id="cfm-fast_3" eclass="HBEFA3/PC_G_EU4" CO2="11569.11" CO="172.26" HC="1.07" NOx="4.77" PMx="0.26" fuel="4.97" electricity="0.00" noise="74.14" route="routetop" type="cfm-fast" waiting="0.00" lane="left_0" pos="15.26" speed="26.11" angle="156.98" x="2.80" y="31.98"/>
        <vehicle id="cfm-fast_4" eclass="HBEFA3/PC_G_EU4" CO2="10762.45" CO="160.42" HC="1.00" NOx="4.37" PMx="0.25" fuel="4.63" electricity="0.00" noise="74.15" route="routetop" type="cfm-fast" waiting="0.00" lane="left_0" pos="32.46" speed="27.15" angle="126.14" x="27.72" y="5.23"/>
        <vehicle id="cfm-fast_5" eclass="HBEFA3/PC_G_EU4" CO2="92979.07" CO="5022.47" HC="25.49" NOx="42.05" PMx="3.73" fuel="39.97" electricity="0.00" noise="109.17" route="routetop" type="cfm-fast" waiting="0.00" lane="left_1" pos="41.07" speed="108.45" angle="110.57" x="45.56" y="0.91"/>
        <vehicle id="cfm-slow_0" eclass="HBEFA3/PC_G_EU4" CO2="7560.93" CO="98.78" HC="0.64" NOx="2.84" PMx="0.16" fuel="3.25" electricity="0.00" noise="73.47" route="routebottom" type="cfm-slow" waiting="0.00" lane="bottom_0" pos="0.72" speed="27.95" angle="93.17" x="65.31" y="-4.92"/>
        <vehicle id="cfm-slow_1" eclass="HBEFA3/PC_G_EU4" CO2="0.00" CO="0.00" HC="0.00" NOx="0.00" PMx="0.00" fuel="0.00" electricity="0.00" noise="72.64" route="routebottom" type="cfm-slow" waiting="0.00" lane="bottom_0" pos="23.75" speed="28.23" angle="51.71" x="110.23" y="13.30"/>
        <vehicle id="cfm-slow_2" eclass="HBEFA3/PC_G_EU4" CO2="0.00" CO="0.00" HC="0.00" NOx="0.00" PMx="0.00" fuel="0.00" electricity="0.00" noise="71.95" route="routebottom" type="cfm-slow" waiting="0.00" lane="bottom_0" pos="47.01" speed="27.89" angle="9.96" x="131.96" y="57.14"/>
        <vehicle id="cfm-slow_3" eclass="HBEFA3/PC_G_EU4" CO2="0.00" CO="0.00" HC="0.00" NOx="0.00" PMx="0.00" fuel="0.00" electricity="0.00" noise="71.36" route="routebottom" type="cfm-slow" waiting="0.00" lane="right_0" pos="19.87" speed="27.08" angle="328.66" x="119.30" y="103.77"/>
        <vehicle id="cfm-slow_4" eclass="HBEFA3/PC_G_EU4" CO2="0.00" CO="0.00" HC="0.00" NOx="0.00" PMx="0.00" fuel="0.00" electricity="0.00" noise="70.95" route="routebottom" type="cfm-slow" waiting="0.00" lane="right_0" pos="41.88" speed="26.08" angle="289.16" x="81.04" y="130.02"/>
        <vehicle id="cfm-slow_5" eclass="HBEFA3/PC_G_EU4" CO2="0.00" CO="0.00" HC="0.00" NOx="0.00" PMx="0.00" fuel="0.00" electricity="0.00" noise="71.00" route="routetop" type="cfm-slow" waiting="0.00" lane="top_0" pos="12.86" speed="25.26" angle="251.33" x="36.65" y="126.73"/>
    </timestep>
    <timestep time="9.68">
        <vehicle id="cfm-fast_0" eclass="HBEFA3/PC_G_EU4" CO2="6051.17" CO="54.37" HC="0.40" NOx="2.19" PMx="0.12" fuel="2.60" electricity="0.00" noise="71.82" route="routetop" type="cfm-fast" waiting="0.00" lane="top_0" pos="33.30" speed="24.94" angle="214.58" x="4.30" y="98.07"/>
        <vehicle id="cfm-fast_1" eclass="HBEFA3/PC_G_EU4" CO2="151726.44" CO="6066.21" HC="31.69" NOx="69.79" PMx="5.20" fuel="65.22" electricity="0.00" noise="117.95" route="routebottom" type="cfm-fast" waiting="0.00" lane="right_1" pos="44.38" speed="106.15" angle="284.62" x="75.15" y="127.95"/>
        <vehicle id="cfm-fast_2" eclass="HBEFA3/PC_G_EU4" CO2="9721.74" CO="131.02" HC="0.84" NOx="3.92" PMx="0.21" fuel="4.18" electricity="0.00" noise="73.17" route="routetop" type="cfm-fast" waiting="0.00" lane="top_0" pos="49.22" speed="25.26" angle="185.95" x="-4.91" y="65.45"/>
        <vehicle id="cfm-fast_3" eclass="HBEFA3/PC_G_EU4" CO2="11563.46" CO="172.19" HC="1.07" NOx="4.77" PMx="0.26" fuel="4.97" electricity="0.00" noise="74.14" route="routetop" type="cfm-fast" waiting="0.00" lane="left_0" pos="15.52" speed="26.12" angle="156.55" x="3.07" y="31.49"/>
        <vehicle id="cfm-fast_4" eclass="HBEFA3/PC_G_EU4" CO2="10732.76" CO="159.85" HC="1.00" NOx="4.35" PMx="0.24" fuel="4.61" electricity="0.00" noise="74.15" route="routetop" type="cfm-fast" waiting="0.00" lane="left_0" pos="32.73" speed="27.16" angle="125.63" x="28.22" y="4.93"/>
        <vehicle id="cfm-fast_5" eclass="HBEFA3/PC_G_EU4" CO2="92865.12" CO="5020.43" HC="25.48" NOx="42.00" PMx="3.73" fuel="39.92" electricity="0.00" noise="109.15" route="routetop" type="cfm-fast" waiting="0.00" lane="left_1" pos="42.16" speed="108.46" angle="108.58" x="47.71" y="0.33"/>
        <vehicle id="cfm-slow_0" eclass="HBEFA3/PC_G_EU4" CO2="7518.35" CO="97.92" HC="0.64" NOx="2.82" PMx="0.16" fuel="3.23" electricity="0.00" noise="73.46" route="routebottom" type="cfm-slow" waiting="0.00" lane="bottom_0" pos="1.00" speed="27.95" angle="92.66" x="65.91" y="-4.90"/>
        <vehicle id="cfm-slow_1" eclass="HBEFA3/PC_G_EU4" CO2="0.00" CO="0.00" HC="0.00" NOx="0.00" PMx="0.00" fuel="0.00" electricity="0.00" noise="72.64" route="routebottom" type="cfm-slow" waiting="0.00" lane="bottom_0" pos="24.03" speed="28.23" angle="51.20" x="110.68" y="13.71"/>
        <vehicle id="cfm-slow_2" eclass="HBEFA3/PC_G_EU4" CO2="0.00" CO="0.00" HC="0.00" NOx="0.00" PMx="0.00" fuel="0.00" electricity="0.00" noise="71.94" route="routebottom" type="cfm-slow" waiting="0.00" lane="bottom_0" pos="47.29" speed="27.89" angle="9.45" x="132.02" y="57.74"/>
        <vehicle id="cfm-slow_3" eclass="HBEFA3/PC_G_EU4" CO2="0.00" CO="0.00" HC="0.00" NOx="0.00" PMx="0.00" fuel="0.00" electricity="0.00" noise="71.36" route="routebottom" type="cfm-slow" waiting="0.00" lane="right_0" pos="20.14" speed="27.07" angle="328.17" x="118.97" y="104.25"/>
        <vehicle id="cfm-slow_4" eclass="HBEFA3/PC_G_EU4" CO2="0.00" CO="0.00" HC="0.00" NOx="0.00" PMx="0.00" fuel="0.00" electricity="0.00" noise="70.95" route="routebottom" type="cfm-slow" waiting="0.00" lane="right_0" pos="42.14" speed="26.07" angle="288.68" x="80.50" y="130.17"/>
        <vehicle id="cfm-slow_5" eclass="HBEFA3/PC_G_EU4" CO2="0.00" CO="0.00" HC="0.00" NOx="0.00" PMx="0.00" fuel="0.00" electricity="0.00" noise="71.01" route="routetop" type="cfm-slow" waiting="0.00" lane="top_0" pos="13.12" speed="25.25" angle="250.87" x="36.15" y="126.51"/>
    </timestep>
    <timestep time="9.69">
        <vehicle id="cfm-fast_0" eclass="HBEFA3/PC_G_EU4" CO2="6087.16" CO="55.12" HC="0.40" NOx="2.21" PMx="0.12" fuel="2.62" electricity="0.00" noise="71.83" route="routetop" type="cfm-fast" waiting="0.00" lane="top_0" pos="33.55" speed="24.94" angle="214.15" x="4.04" y="97.60"/>
        <vehicle id="cfm-fast_1" eclass="HBEFA3/PC_G_EU4" CO2="151119.58" CO="6055.61" HC="31.63" NOx="69.50" PMx="5.18" fuel="64.96" electricity="0.00" noise="117.86" route="routebottom" type="cfm-fast" waiting="0.00" lane="right_1" pos="45.44" speed="106.18" angle="282.70" x="73.00" y="128.29"/>
        <vehicle id="cfm-fast_2" eclass="HBEFA3/PC_G_EU4" CO2="9740.78" CO="131.44" HC="0.84" NOx="3.93" PMx="0.21" fuel="4.19" electricity="0.00" noise="73.18" route="routetop" type="cfm-fast" waiting="0.00" lane="top_0" pos="49.47" speed="25.27" angle="185.48" x="-4.92" y="64.90"/>
        <vehicle id="cfm-fast_3" eclass="HBEFA3/PC_G_EU4" CO2="11557.58" CO="172.11" HC="1.07" NOx="4.76" PMx="0.26" fuel="4.97" electricity="0.00" noise="74.14" route="routetop" type="cfm-fast" waiting="0.00" lane="left_0" pos="15.78" speed="26.13" angle="156.07" x="3.34" y="31.00"/>
        <vehicle id="cfm-fast_4" eclass="HBEFA3/PC_G_EU4" CO2="10702.93" CO="159.27" HC="0.99" NOx="4.34" PMx="0.24" fuel="4.60" electricity="0.00" noise="74.14" route="routetop" type="cfm-fast" waiting="0.00" lane="left_0" pos="33.00" speed="27.17" angle="125.12" x="28.72" y="4.63"/>
        <vehicle id="cfm-fast_5" eclass="HBEFA3/PC_G_EU4" CO2="92752.87" CO="5018.43" HC="25.47" NOx="41.95" PMx="3.73" fuel="39.87" electricity="0.00" noise="109.13" route="routetop" type="cfm-fast" waiting="0.00" lane="left_1" pos="43.24" speed="108.46" angle="106.70" x="49.88" y="-0.17"/>
        <vehicle id="cfm-slow_0" eclass="HBEFA3/PC_G_EU4" CO2="7475.81" CO="97.06" HC="0.63" NOx="2.80" PMx="0.16" fuel="3.21" electricity="0.00" noise="73.45" route="routebottom" type="cfm-slow" waiting="0.00" lane="bottom_0" pos="1.28" speed="27.96" angle="92.18" x="66.51" y="-4.88"/>
        <vehicle id="cfm-slow_1" eclass="HBEFA3/PC_G_EU4" CO2="0.00" CO="0.00" HC="0.00" NOx="0.00" PMx="0.00" fuel="0.00" electricity="0.00" noise="72.63" route="routebottom" type="cfm-slow" waiting="0.00" lane="bottom_0" pos="24.32" speed="28.22" angle="50.73" x="111.13" y="14.12"/>
        <vehicle id="cfm-slow_2" eclass="HBEFA3/PC_G_EU4" CO2="0.00" CO="0.00" HC="0.00" NOx="0.00" PMx="0.00" fuel="0.00" electricity="0.00" noise="71.94" route="routebottom" type="cfm-slow" waiting="0.00" lane="bottom_0" pos="47.57" speed="27.88" angle="9.00" x="132.07" y="58.34"/>
        <vehicle id="cfm-slow_3" eclass="HBEFA3/PC_G_EU4" CO2="0.00" CO="0.00" HC="0.00" NOx="0.00" PMx="0.00" fuel="0.00" electricity="0.00" noise="71.35" route="routebottom" type="cfm-slow" waiting="0.00" lane="right_0" pos="20.41" speed="27.06" angle="327.70" x="118.63" y="104.72"/>
        <vehicle id="cfm-slow_4" eclass="HBEFA3/PC_G_EU4" CO2="0.00" CO="0.00" HC="0.00" NOx="0.00" PMx="0.00" fuel="0.00" electricity="0.00" noise="70.95" route="routebottom" type="cfm-slow" waiting="0.00" lane="right_0" pos="42.40" speed="26.06" angle="288.27" x="79.96" y="130.31"/>
        <vehicle id="cfm-slow_5" eclass="HBEFA3/PC_G_EU4" CO2="0.00" CO="0.00" HC="0.00" NOx="0.00" PMx="0.00" fuel="0.00" electricity="0.00" noise="71.02" route="routetop" type="cfm-slow" waiting="0.00" lane="top_0" pos="13.37" speed="25.25" angle="250.41" x="35.65" y="126.29"/>
    </timestep>
    <timestep time="9.70">
        <vehicle id="cfm-fast_0" eclass="HBEFA3/PC_G_EU4" CO2="6122.99" CO="55.87" HC="0.41" NOx="2.23" PMx="0.12" fuel="2.63" electricity="0.00" noise="71.84" route="routetop" type="cfm-fast" waiting="0.00" lane="top_0" pos="33.80" speed="24.94" angle="213.70" x="3.78" y="97.13"/>
        <vehicle id="cfm-fast_1" eclass="HBEFA3/PC_G_EU4" CO2="150517.28" CO="6045.09" HC="31.56" NOx="69.22" PMx="5.17" fuel="64.70" electricity="0.00" noise="117.76" route="routebottom" type="cfm-fast" waiting="0.00" lane="right_1" pos="46.51" speed="106.20" angle="280.83" x="70.84" y="128.57"/>
        <vehicle id="cfm-fast_2" eclass="HBEFA3/PC_G_EU4" CO2="9759.59" CO="131.85" HC="0.84" NOx="3.94" PMx="0.21" fuel="4.20" electricity="0.00" noise="73.19" route="routetop" type="cfm-fast" waiting="0.00" lane="top_0" pos="49.72" speed="25.28" angle="185.02" x="-4.94" y="64.36"/>
        <vehicle id="cfm-fast_3" eclass="HBEFA3/PC_G_EU4" CO2="11551.47" CO="172.03" HC="1.07" NOx="4.76" PMx="0.26" fuel="4.97" electricity="0.00" noise="74.14" route="routetop" type="cfm-fast" waiting="0.00" lane="left_0" pos="16.04" speed="26.14" angle="155.58" x="3.61" y="30.50"/>
        <vehicle id="cfm-fast_4" eclass="HBEFA3/PC_G_EU4" CO2="10672.97" CO="158.70" HC="0.99" NOx="4.32" PMx="0.24" fuel="4.59" electricity="0.00" noise="74.13" route="routetop" type="cfm-fast" waiting="0.00" lane="left_0" pos="33.27" speed="27.18" angle="124.64" x="29.22" y="4.32"/>
        <vehicle id="cfm-fast_5" eclass="HBEFA3/PC_G_EU4" CO2="92642.30" CO="5016.45" HC="25.46" NOx="41.89" PMx="3.72" fuel="39.82" electricity="0.00" noise="109.12" route="routetop" type="cfm-fast" waiting="0.00" lane="left_1" pos="44.33" speed="108.47" angle="104.75" x="52.06" y="-0.60"/>
        <vehicle id="cfm-slow_0" eclass="HBEFA3/PC_G_EU4" CO2="7433.29" CO="96.20" HC="0.63" NOx="2.78" PMx="0.16" fuel="3.20" electricity="0.00" noise="73.44" route="routebottom" type="cfm-slow" waiting="0.00" lane="bottom_0" pos="1.56" speed="27.96" angle="91.68" x="67.11" y="-4.85"/>
        <vehicle id="cfm-slow_1" eclass="HBEFA3/PC_G_EU4" CO2="0.00" CO="0.00" HC="0.00" NOx="0.00" PMx="0.00" fuel="0.00" electricity="0.00" noise="72.62" route="routebottom" type="cfm-slow" waiting="0.00" lane="bottom_0" pos="24.60" speed="28.22" angle="50.23" x="111.56" y="14.55"/>
        <vehicle id="cfm-slow_2" eclass="HBEFA3/PC_G_EU4" CO2="0.00" CO="0.00" HC="0.00" NOx="0.00" PMx="0.00" fuel="0.00" electricity="0.00" noise="71.93" route="routebottom" type="cfm-slow" waiting="0.00" lane="bottom_0" pos="47.84" speed="27.87" angle="8.48" x="132.11" y="58.94"/>
        <vehicle id="cfm-slow_3" eclass="HBEFA3/PC_G_EU4" CO2="0.00" CO="0.00" HC="0.00" NOx="0.00" PMx="0.00" fuel="0.00" electricity="0.00" noise="71.35" route="routebottom" type="cfm-slow" waiting="0.00" lane="right_0" pos="20.68" speed="27.05" angle="327.25" x="118.27" y="105.18"/>
        <vehicle id="cfm-slow_4" eclass="HBEFA3/PC_G_EU4" CO2="0.00" CO="0.00" HC="0.00" NOx="0.00" PMx="0.00" fuel="0.00" electricity="0.00" noise="70.95" route="routebottom" type="cfm-slow" waiting="0.00" lane="right_0" pos="42.66" speed="26.05" angle="287.79" x="79.41" y="130.43"/>
        <vehicle id="cfm-slow_5" eclass="HBEFA3/PC_G_EU4" CO2="0.00" CO="0.00" HC="0.00" NOx="0.00" PMx="0.00" fuel="0.00" electricity="0.00" noise="71.02" route="routetop" type="cfm-slow" waiting="0.00" lane="top_0" pos="13.62" speed="25.25" angle="249.95" x="35.16" y="126.07"/>
    </timestep>
    <timestep time="9.71">
        <vehicle id="cfm-fast_0" eclass="HBEFA3/PC_G_EU4" CO2="6158.66" CO="56.61" HC="0.41" NOx="2.24" PMx="0.12" fuel="2.65" electricity="0.00" noise="71.86" route="routetop" type="cfm-fast" waiting="0.00" lane="top_0" pos="34.04" speed="24.95" angle="213.25" x="3.52" y="96.66"/>
        <vehicle id="cfm-fast_1" eclass="HBEFA3/PC_G_EU4" CO2="149919.51" CO="6034.65" HC="31.50" NOx="68.93" PMx="5.15" fuel="64.44" electricity="0.00" noise="117.67" route="routebottom" type="cfm-fast" waiting="0.00" lane="right_1" pos="47.57" speed="106.23" angle="278.97" x="68.67" y="128.78"/>
        <vehicle id="cfm-fast_2" eclass="HBEFA3/PC_G_EU4" CO2="9778.17" CO="132.26" HC="0.85" NOx="3.94" PMx="0.21" fuel="4.20" electricity="0.00" noise="73.20" route="routetop" type="cfm-fast" waiting="0.00" lane="top_0" pos="49.97" speed="25.29" angle="184.59" x="-4.95" y="63.82"/>
        <vehicle id="cfm-fast_3" eclass="HBEFA3/PC_G_EU4" CO2="11545.13" CO="171.94" HC="1.07" NOx="4.76" PMx="0.26" fuel="4.96" electricity="0.00" noise="74.14" route="routetop" type="cfm-fast" waiting="0.00" lane="left_0" pos="16.31" speed="26.15" angle="155.10" x="3.88" y="30.01"/>
        <vehicle id="cfm-fast_4" eclass="HBEFA3/PC_G_EU4" CO2="10642.88" CO="158.12" HC="0.99" NOx="4.31" PMx="0.24" fuel="4.57" electricity="0.00" noise="74.12" route="routetop" type="cfm-fast" waiting="0.00" lane="left_0" pos="33.55" speed="27.18" angle="124.17" x="29.73" y="4.04"/>
        <vehicle id="cfm-fast_5" eclass="HBEFA3/PC_G_EU4" CO2="92533.37" CO="5014.51" HC="25.45" NOx="41.84" PMx="3.72" fuel="39.78" electricity="0.00" noise="109.10" route="routetop" type="cfm-fast" waiting="0.00" lane="left_1" pos="45.41" speed="108.47" angle="102.81" x="54.25" y="-0.96"/>
        <vehicle id="cfm-slow_0" eclass="HBEFA3/PC_G_EU4" CO2="7390.81" CO="95.35" HC="0.62" NOx="2.76" PMx="0.16" fuel="3.18" electricity="0.00" noise="73.43" route="routebottom" type="cfm-slow" waiting="0.00" lane="bottom_0" pos="1.84" speed="27.96" angle="91.18" x="67.71" y="-4.82"/>
        <vehicle id="cfm-slow_1" eclass="HBEFA3/PC_G_EU4" CO2="0.00" CO="0.00" HC="0.00" NOx="0.00" PMx="0.00" fuel="0.00" electricity="0.00" noise="72.61" route="routebottom" type="cfm-slow" waiting="0.00" lane="bottom_0" pos="24.88" speed="28.22" angle="49.70" x="111.99" y="14.98"/>
        <vehicle id="cfm-slow_2" eclass="HBEFA3/PC_G_EU4" CO2="0.00" CO="0.00" HC="0.00" NOx="0.00" PMx="0.00" fuel="0.00" electricity="0.00" noise="71.92" route="routebottom" type="cfm-slow" waiting="0.00" lane="bottom_0" pos="48.12" speed="27.86" angle="7.95" x="132.14" y="59.54"/>
        <vehicle id="cfm-slow_3" eclass="HBEFA3/PC_G_EU4" CO2="0.00" CO="0.00" HC="0.00" NOx="0.00" PMx="0.00" fuel="0.00" electricity="0.00" noise="71.34" route="routebottom" type="cfm-slow" waiting="0.00" lane="right_0" pos="20.95" speed="27.04" angle="326.76" x="117.91" y="105.64"/>
        <vehicle id="cfm-slow_4" eclass="HBEFA3/PC_G_EU4" CO2="0.00" CO="0.00" HC="0.00" NOx="0.00" PMx="0.00" fuel="0.00" electricity="0.00" noise="70.95" route="routebottom" type="cfm-slow" waiting="0.00" lane="right_0" pos="42.92" speed="26.04" angle="287.32" x="78.86" y="130.56"/>
        <vehicle id="cfm-slow_5" eclass="HBEFA3/PC_G_EU4" CO2="0.00" CO="0.00" HC="0.00" NOx="0.00" PMx="0.00" fuel="0.00" electricity="0.00" noise="71.03" route="routetop" type="cfm-slow" waiting="0.00" lane="top_0" pos="13.87" speed="25.24" angle="249.49" x="34.66" y="125.84"/>
    </timestep>
    <timestep time="9.72">
        <vehicle id="cfm-fast_0" eclass="HBEFA3/PC_G_EU4" CO2="6194.17" CO="57.35" HC="0.42" NOx="2.26" PMx="0.12" fuel="2.66" electricity="0.00" noise="71.87" route="routetop" type="cfm-fast" waiting="0.00" lane="top_0" pos="34.29" speed="24.95" angle="212.79" x="3.26" y="96.19"/>
        <vehicle id="cfm-fast_1" eclass="HBEFA3/PC_G_EU4" CO2="149326.24" CO="6024.28" HC="31.44" NOx="68.65" PMx="5.14" fuel="64.19" electricity="0.00" noise="117.58" route="routebottom" type="cfm-fast" waiting="0.00" lane="right_1" pos="48.63" speed="106.26" angle="276.94" x="66.50" y="128.91"/>
        <vehicle id="cfm-fast_2" eclass="HBEFA3/PC_G_EU4" CO2="9796.52" CO="132.67" HC="0.85" NOx="3.95" PMx="0.21" fuel="4.21" electricity="0.00" noise="73.21" route="routetop" type="cfm-fast" waiting="0.00" lane="left_0" pos="0.23" speed="25.30" angle="184.07" x="-4.94" y="63.08"/>
        <vehicle id="cfm-fast_3" eclass="HBEFA3/PC_G_EU4" CO2="11538.57" CO="171.85" HC="1.07" NOx="4.76" PMx="0.26" fuel="4.96" electricity="0.00" noise="74.14" route="routetop" type="cfm-fast" waiting="0.00" lane="left_0" pos="16.57" speed="26.16" angle="154.64" x="4.15" y="29.52"/>
        <vehicle id="cfm-fast_4" eclass="HBEFA3/PC_G_EU4" CO2="10612.66" CO="157.54" HC="0.98" NOx="4.30" PMx="0.24" fuel="4.56" electricity="0.00" noise="74.12" route="routetop" type="cfm-fast" waiting="0.00" lane="left_0" pos="33.82" speed="27.19" angle="123.67" x="30.24" y="3.75"/>
        <vehicle id="cfm-fast_5" eclass="HBEFA3/PC_G_EU4" CO2="92426.06" CO="5012.60" HC="25.43" NOx="41.79" PMx="3.72" fuel="39.73" electricity="0.00" noise="109.09" route="routetop" type="cfm-fast" waiting="0.00" lane="left_1" pos="46.50" speed="108.47" angle="100.87" x="56.46" y="-1.25"/>
        <vehicle id="cfm-slow_0" eclass="HBEFA3/PC_G_EU4" CO2="7348.36" CO="94.49" HC="0.62" NOx="2.74" PMx="0.16" fuel="3.16" electricity="0.00" noise="73.42" route="routebottom" type="cfm-slow" waiting="0.00" lane="bottom_0" pos="2.12" speed="27.97" angle="90.68" x="68.31" y="-4.78"/>
        <vehicle id="cfm-slow_1" eclass="HBEFA3/PC_G_EU4" CO2="0.00" CO="0.00" HC="0.00" NOx="0.00" PMx="0.00" fuel="0.00" electricity="0.00" noise="72.61" route="routebottom" type="cfm-slow" waiting="0.00" lane="bottom_0" pos="25.16" speed="28.21" angle="49.18" x="112.42" y="15.41"/>
        <vehicle id="cfm-slow_2" eclass="HBEFA3/PC_G_EU4" CO2="0.00" CO="0.00" HC="0.00" NOx="0.00" PMx="0.00" fuel="0.00" electricity="0.00" noise="71.92" route="routebottom" type="cfm-slow" waiting="0.00" lane="bottom_0" pos="48.40" speed="27.86" angle="7.43" x="132.17" y="60.13"/>
        <vehicle id="cfm-slow_3" eclass="HBEFA3/PC_G_EU4" CO2="0.00" CO="0.00" HC="0.00" NOx="0.00" PMx="0.00" fuel="0.00" electricity="0.00" noise="71.34" route="routebottom" type="cfm-slow" waiting="0.00" lane="right_0" pos="21.23" speed="27.03" angle="326.27" x="117.56" y="106.10"/>
        <vehicle id="cfm-slow_4" eclass="HBEFA3/PC_G_EU4" CO2="0.00" CO="0.00" HC="0.00" NOx="0.00" PMx="0.00" fuel="0.00" electricity="0.00" noise="70.95" route="routebottom" type="cfm-slow" waiting="0.00" lane="right_0" pos="43.18" speed="26.04" angle="286.84" x="78.32" y="130.68"/>
        <vehicle id="cfm-slow_5" eclass="HBEFA3/PC_G_EU4" CO2="0.00" CO="0.00" HC="0.00" NOx="0.00" PMx="0.00" fuel="0.00" electricity="0.00" noise="71.03" route="routetop" type="cfm-slow" waiting="0.00" lane="top_0" pos="14.13" speed="25.24" angle="249.09" x="34.17" y="125.62"/>
    </timestep>
    <timestep time="9.73">
        <vehicle id="cfm-fast_0" eclass="HBEFA3/PC_G_EU4" CO2="6229.52" CO="58.09" HC="0.42" NOx="2.28" PMx="0.12" fuel="2.68" electricity="0.00" noise="71.88" route="routetop" type="cfm-fast" waiting="0.00" lane="top_0" pos="34.54" speed="24.95" angle="212.36" x="3.00" y="95.72"/>
        <vehicle id="cfm-fast_1" eclass="HBEFA3/PC_G_EU4" CO2="148737.47" CO="6013.98" HC="31.38" NOx="68.37" PMx="5.12" fuel="63.94" electricity="0.00" noise="117.49" route="routebottom" type="cfm-fast" waiting="0.00" lane="right_1" pos="49.69" speed="106.28" angle="275.03" x="64.32" y="128.96"/>
        <vehicle id="cfm-fast_2" eclass="HBEFA3/PC_G_EU4" CO2="9814.63" CO="133.07" HC="0.85" NOx="3.96" PMx="0.22" fuel="4.22" electricity="0.00" noise="73.22" route="routetop" type="cfm-fast" waiting="0.00" lane="left_0" pos="0.48" speed="25.31" angle="183.61" x="-4.93" y="62.54"/>
        <vehicle id="cfm-fast_3" eclass="HBEFA3/PC_G_EU4" CO2="11531.77" CO="171.75" HC="1.07" NOx="4.75" PMx="0.26" fuel="4.96" electricity="0.00" noise="74.14" route="routetop" type="cfm-fast" waiting="0.00" lane="left_0" pos="16.83" speed="26.17" angle="154.20" x="4.44" y="29.03"/>
        <vehicle id="cfm-fast_4" eclass="HBEFA3/PC_G_EU4" CO2="10582.30" CO="156.95" HC="0.98" NOx="4.28" PMx="0.24" fuel="4.55" electricity="0.00" noise="74.11" route="routetop" type="cfm-fast" waiting="0.00" lane="left_0" pos="34.09" speed="27.20" angle="123.17" x="30.75" y="3.47"/>
        <vehicle id="cfm-fast_5" eclass="HBEFA3/PC_G_EU4" CO2="92320.32" CO="5010.72" HC="25.42" NOx="41.74" PMx="3.71" fuel="39.69" electricity="0.00" noise="109.07" route="routetop" type="cfm-fast" waiting="0.00" lane="left_1" pos="47.58" speed="108.48" angle="98.92" x="58.67" y="-1.46"/>
        <vehicle id="cfm-slow_0" eclass="HBEFA3/PC_G_EU4" CO2="7305.94" CO="93.63" HC="0.61" NOx="2.72" PMx="0.16" fuel="3.14" electricity="0.00" noise="73.41" route="routebottom" type="cfm-slow" waiting="0.00" lane="bottom_0" pos="2.40" speed="27.97" angle="90.17" x="68.91" y="-4.75"/>
        <vehicle id="cfm-slow_1" eclass="HBEFA3/PC_G_EU4" CO2="0.00" CO="0.00" HC="0.00" NOx="0.00" PMx="0.00" fuel="0.00" electricity="0.00" noise="72.60" route="routebottom" type="cfm-slow" waiting="0.00" lane="bottom_0" pos="25.44" speed="28.21" angle="48.65" x="112.85" y="15.84"/>
        <vehicle id="cfm-slow_2" eclass="HBEFA3/PC_G_EU4" CO2="0.00" CO="0.00" HC="0.00" NOx="0.00" PMx="0.00" fuel="0.00" electricity="0.00" noise="71.91" route="routebottom" type="cfm-slow" waiting="0.00" lane="bottom_0" pos="48.68" speed="27.85" angle="6.93" x="132.21" y="60.73"/>
        <vehicle id="cfm-slow_3" eclass="HBEFA3/PC_G_EU4" CO2="0.00" CO="0.00" HC="0.00" NOx="0.00" PMx="0.00" fuel="0.00" electricity="0.00" noise="71.34" route="routebottom" type="cfm-slow" waiting="0.00" lane="right_0" pos="21.50" speed="27.02" angle="325.78" x="117.20" y="106.56"/>
        <vehicle id="cfm-slow_4" eclass="HBEFA3/PC_G_EU4" CO2="0.00" CO="0.00" HC="0.00" NOx="0.00" PMx="0.00" fuel="0.00" electricity="0.00" noise="70.95" route="routebottom" type="cfm-slow" waiting="0.00" lane="right_0" pos="43.44" speed="26.03" angle="286.37" x="77.77" y="130.80"/>
        <vehicle id="cfm-slow_5" eclass="HBEFA3/PC_G_EU4" CO2="0.00" CO="0.00" HC="0.00" NOx="0.00" PMx="0.00" fuel="0.00" electricity="0.00" noise="71.04" route="routetop" type="cfm-slow" waiting="0.00" lane="top_0" pos="14.38" speed="25.24" angle="248.61" x="33.68" y="125.37"/>
    </timestep>
    <timestep time="9.74">
        <vehicle id="cfm-fast_0" eclass="HBEFA3/PC_G_EU4" CO2="6264.71" CO="58.82" HC="0.42" NOx="2.29" PMx="0.12" fuel="2.69" electricity="0.00" noise="71.89" route="routetop" type="cfm-fast" waiting="0.00" lane="top_0" pos="34.79" speed="24.96" angle="211.94" x="2.75" y="95.24"/>
        <vehicle id="cfm-fast_1" eclass="HBEFA3/PC_G_EU4" CO2="148153.16" CO="6003.77" HC="31.32" NOx="68.10" PMx="5.11" fuel="63.68" electricity="0.00" noise="117.40" route="routetop" type="cfm-fast" waiting="0.00" lane="top_1" pos="0.76" speed="106.31" angle="273.11" x="62.08" y="128.94"/>
        <vehicle id="cfm-fast_2" eclass="HBEFA3/PC_G_EU4" CO2="9832.52" CO="133.47" HC="0.85" NOx="3.97" PMx="0.22" fuel="4.23" electricity="0.00" noise="73.23" route="routetop" type="cfm-fast" waiting="0.00" lane="left_0" pos="0.73" speed="25.31" angle="183.15" x="-4.91" y="61.99"/>
        <vehicle id="cfm-fast_3" eclass="HBEFA3/PC_G_EU4" CO2="11524.74" CO="171.65" HC="1.07" NOx="4.75" PMx="0.26" fuel="4.95" electricity="0.00" noise="74.14" route="routetop" type="cfm-fast" waiting="0.00" lane="left_0" pos="17.09" speed="26.18" angle="153.71" x="4.73" y="28.55"/>
        <vehicle id="cfm-fast_4" eclass="HBEFA3/PC_G_EU4" CO2="10551.82" CO="156.37" HC="0.98" NOx="4.27" PMx="0.24" fuel="4.54" electricity="0.00" noise="74.10" route="routetop" type="cfm-fast" waiting="0.00" lane="left_0" pos="34.36" speed="27.21" angle="122.68" x="31.27" y="3.19"/>
        <vehicle id="cfm-fast_5" eclass="HBEFA3/PC_G_EU4" CO2="92216.14" CO="5008.86" HC="25.41" NOx="41.69" PMx="3.71" fuel="39.64" electricity="0.00" noise="109.06" route="routetop" type="cfm-fast" waiting="0.00" lane="left_1" pos="48.67" speed="108.48" angle="96.94" x="60.89" y="-1.59"/>
        <vehicle id="cfm-slow_0" eclass="HBEFA3/PC_G_EU4" CO2="7263.57" CO="92.78" HC="0.61" NOx="2.70" PMx="0.16" fuel="3.12" electricity="0.00" noise="73.40" route="routebottom" type="cfm-slow" waiting="0.00" lane="bottom_0" pos="2.68" speed="27.97" angle="89.69" x="69.51" y="-4.70"/>
        <vehicle id="cfm-slow_1" eclass="HBEFA3/PC_G_EU4" CO2="0.00" CO="0.00" HC="0.00" NOx="0.00" PMx="0.00" fuel="0.00" electricity="0.00" noise="72.59" route="routebottom" type="cfm-slow" waiting="0.00" lane="bottom_0" pos="25.73" speed="28.21" angle="48.20" x="113.27" y="16.27"/>
        <vehicle id="cfm-slow_2" eclass="HBEFA3/PC_G_EU4" CO2="0.00" CO="0.00" HC="0.00" NOx="0.00" PMx="0.00" fuel="0.00" electricity="0.00" noise="71.91" route="routebottom" type="cfm-slow" waiting="0.00" lane="bottom_0" pos="48.96" speed="27.84" angle="6.45" x="132.23" y="61.33"/>
        <vehicle id="cfm-slow_3" eclass="HBEFA3/PC_G_EU4" CO2="0.00" CO="0.00" HC="0.00" NOx="0.00" PMx="0.00" fuel="0.00" electricity="0.00" noise="71.33" route="routebottom" type="cfm-slow" waiting="0.00" lane="right_0" pos="21.77" speed="27.01" angle="325.33" x="116.84" y="107.01"/>
        <vehicle id="cfm-slow_4" eclass="HBEFA3/PC_G_EU4" CO2="0.00" CO="0.00" HC="0.00" NOx="0.00" PMx="0.00" fuel="0.00" electricity="0.00" noise="70.95" route="routebottom" type="cfm-slow" waiting="0.00" lane="right_0" pos="43.70" speed="26.02" angle="285.94" x="77.22" y="130.92"/>
        <vehicle id="cfm-slow_5" eclass="HBEFA3/PC_G_EU4" CO2="0.00" CO="0.00" HC="0.00" NOx="0.00" PMx="0.00" fuel="0.00" electricity="0.00" noise="71.04" route="routetop" type="cfm-slow" waiting="0.00" lane="top_0" pos="14.63" speed="25.23" angle="248.12" x="33.20" y="125.13"/>
    </timestep>
    <timestep time="9.75">
        <vehicle id="cfm-fast_0" eclass="HBEFA3/PC_G_EU4" CO2="6299.74" CO="59.55" HC="0.43" NOx="2.31" PMx="0.12" fuel="2.71" electricity="0.00" noise="71.90" route="routetop" type="cfm-fast" waiting="0.00" lane="top_0" pos="35.04" speed="24.96" angle="211.48" x="2.51" y="94.76"/>
        <vehicle id="cfm-fast_1" eclass="HBEFA3/PC_G_EU4" CO2="147573.30" CO="5993.62" HC="31.26" NOx="67.83" PMx="5.09" fuel="63.44" electricity="0.00" noise="117.31" route="routetop" type="cfm-fast" waiting="0.00" lane="top_1" pos="1.82" speed="106.33" angle="271.21" x="59.90" y="128.86"/>
        <vehicle id="cfm-fast_2" eclass="HBEFA3/PC_G_EU4" CO2="9850.17" CO="133.86" HC="0.85" NOx="3.98" PMx="0.22" fuel="4.23" electricity="0.00" noise="73.23" route="routetop" type="cfm-fast" waiting="0.00" lane="left_0" pos="0.99" speed="25.32" angle="182.69" x="-4.90" y="61.45"/>
        <vehicle id="cfm-fast_3" eclass="HBEFA3/PC_G_EU4" CO2="11517.49" CO="171.54" HC="1.07" NOx="4.74" PMx="0.26" fuel="4.95" electricity="0.00" noise="74.14" route="routetop" type="cfm-fast" waiting="0.00" lane="left_0" pos="17.35" speed="26.19" angle="153.23" x="5.02" y="28.07"/>
        <vehicle id="cfm-fast_4" eclass="HBEFA3/PC_G_EU4" CO2="10521.22" CO="155.78" HC="0.97" NOx="4.25" PMx="0.24" fuel="4.52" electricity="0.00" noise="74.09" route="routetop" type="cfm-fast" waiting="0.00" lane="left_0" pos="34.63" speed="27.22" angle="122.23" x="31.78" y="2.91"/>
        <vehicle id="cfm-fast_5" eclass="HBEFA3/PC_G_EU4" CO2="92113.49" CO="5007.04" HC="25.40" NOx="41.64" PMx="3.71" fuel="39.60" electricity="0.00" noise="109.04" route="routetop" type="cfm-fast" waiting="0.00" lane="left_1" pos="49.75" speed="108.49" angle="94.94" x="63.12" y="-1.64"/>
        <vehicle id="cfm-slow_0" eclass="HBEFA3/PC_G_EU4" CO2="7221.23" CO="91.92" HC="0.60" NOx="2.68" PMx="0.16" fuel="3.10" electricity="0.00" noise="73.39" route="routebottom" type="cfm-slow" waiting="0.00" lane="bottom_0" pos="2.96" speed="27.98" angle="89.19" x="70.11" y="-4.64"/>
        <vehicle id="cfm-slow_1" eclass="HBEFA3/PC_G_EU4" CO2="0.00" CO="0.00" HC="0.00" NOx="0.00" PMx="0.00" fuel="0.00" electricity="0.00" noise="72.58" route="routebottom" type="cfm-slow" waiting="0.00" lane="bottom_0" pos="26.01" speed="28.21" angle="47.68" x="113.68" y="16.72"/>
        <vehicle id="cfm-slow_2" eclass="HBEFA3/PC_G_EU4" CO2="0.00" CO="0.00" HC="0.00" NOx="0.00" PMx="0.00" fuel="0.00" electricity="0.00" noise="71.90" route="routebottom" type="cfm-slow" waiting="0.00" lane="bottom_0" pos="49.24" speed="27.83" angle="5.93" x="132.24" y="61.93"/>
        <vehicle id="cfm-slow_3" eclass="HBEFA3/PC_G_EU4" CO2="0.00" CO="0.00" HC="0.00" NOx="0.00" PMx="0.00" fuel="0.00" electricity="0.00" noise="71.33" route="routebottom" type="cfm-slow" waiting="0.00" lane="right_0" pos="22.04" speed="27.00" angle="324.83" x="116.46" y="107.46"/>
        <vehicle id="cfm-slow_4" eclass="HBEFA3/PC_G_EU4" CO2="0.00" CO="0.00" HC="0.00" NOx="0.00" PMx="0.00" fuel="0.00" electricity="0.00" noise="70.95" route="routebottom" type="cfm-slow" waiting="0.00" lane="right_0" pos="43.96" speed="26.01" angle="285.45" x="76.67" y="131.02"/>
        <vehicle id="cfm-slow_5" eclass="HBEFA3/PC_G_EU4" CO2="0.00" CO="0.00" HC="0.00" NOx="0.00" PMx="0.00" fuel="0.00" electricity="0.00" noise="71.05" route="routetop" type="cfm-slow" waiting="0.00" lane="top_0" pos="14.88" speed="25.23" angle="247.64" x="32.71" y="124.89"/>
    </timestep>
    <timestep time="9.76">
        <vehicle id="cfm-fast_0" eclass="HBEFA3/PC_G_EU4" CO2="6334.60" CO="60.28" HC="0.43" NOx="2.33" PMx="0.12" fuel="2.72" electricity="0.00" noise="71.91" route="routetop" type="cfm-fast" waiting="0.00" lane="top_0" pos="35.29" speed="24.96" angle="211.02" x="2.27" y="94.28"/>
        <vehicle id="cfm-fast_1" eclass="HBEFA3/PC_G_EU4" CO2="146997.87" CO="5983.56" HC="31.20" NOx="67.55" PMx="5.08" fuel="63.19" electricity="0.00" noise="117.23" route="routetop" type="cfm-fast" waiting="0.00" lane="top_1" pos="2.88" speed="106.36" angle="269.33" x="57.73" y="128.70"/>
        <vehicle id="cfm-fast_2" eclass="HBEFA3/PC_G_EU4" CO2="9867.59" CO="134.25" HC="0.86" NOx="3.99" PMx="0.22" fuel="4.24" electricity="0.00" noise="73.24" route="routetop" type="cfm-fast" waiting="0.00" lane="left_0" pos="1.24" speed="25.33" angle="182.25" x="-4.89" y="60.90"/>
        <vehicle id="cfm-fast_3" eclass="HBEFA3/PC_G_EU4" CO2="11510.02" CO="171.43" HC="1.07" NOx="4.74" PMx="0.26" fuel="4.95" electricity="0.00" noise="74.14" route="routetop" type="cfm-fast" waiting="0.00" lane="left_0" pos="17.61" speed="26.20" angle="152.75" x="5.31" y="27.58"/>
        <vehicle id="cfm-fast_4" eclass="HBEFA3/PC_G_EU4" CO2="10490.49" CO="155.18" HC="0.97" NOx="4.24" PMx="0.24" fuel="4.51" electricity="0.00" noise="74.08" route="routetop" type="cfm-fast" waiting="0.00" lane="left_0" pos="34.91" speed="27.22" angle="121.73" x="32.30" y="2.64"/>
        <vehicle id="cfm-fast_5" eclass="HBEFA3/PC_G_EU4" CO2="92012.33" CO="5005.24" HC="25.39" NOx="41.60" PMx="3.71" fuel="39.55" electricity="0.00" noise="109.03" route="routebottom" type="cfm-fast" waiting="0.00" lane="bottom_1" pos="0.84" speed="108.49" angle="92.97" x="65.40" y="-1.62"/>
        <vehicle id="cfm-slow_0" eclass="HBEFA3/PC_G_EU4" CO2="7178.93" CO="91.07" HC="0.60" NOx="2.66" PMx="0.15" fuel="3.09" electricity="0.00" noise="73.38" route="routebottom" type="cfm-slow" waiting="0.00" lane="bottom_0" pos="3.24" speed="27.98" angle="88.69" x="70.71" y="-4.57"/>
        <vehicle id="cfm-slow_1" eclass="HBEFA3/PC_G_EU4" CO2="0.00" CO="0.00" HC="0.00" NOx="0.00" PMx="0.00" fuel="0.00" electricity="0.00" noise="72.57" route="routebottom" type="cfm-slow" waiting="0.00" lane="bottom_0" pos="26.29" speed="28.20" angle="47.17" x="114.09" y="17.16"/>
        <vehicle id="cfm-slow_2" eclass="HBEFA3/PC_G_EU4" CO2="0.00" CO="0.00" HC="0.00" NOx="0.00" PMx="0.00" fuel="0.00" electricity="0.00" noise="71.90" route="routebottom" type="cfm-slow" waiting="0.00" lane="bottom_0" pos="49.52" speed="27.82" angle="5.41" x="132.25" y="62.53"/>
        <vehicle id="cfm-slow_3" eclass="HBEFA3/PC_G_EU4" CO2="0.00" CO="0.00" HC="0.00" NOx="0.00" PMx="0.00" fuel="0.00" electricity="0.00" noise="71.32" route="routebottom" type="cfm-slow" waiting="0.00" lane="right_0" pos="22.31" speed="26.99" angle="324.32" x="116.09" y="107.90"/>
        <vehicle id="cfm-slow_4" eclass="HBEFA3/PC_G_EU4" CO2="0.00" CO="0.00" HC="0.00" NOx="0.00" PMx="0.00" fuel="0.00" electricity="0.00" noise="70.95" route="routebottom" type="cfm-slow" waiting="0.00" lane="right_0" pos="44.22" speed="26.00" angle="284.95" x="76.12" y="131.12"/>
        <vehicle id="cfm-slow_5" eclass="HBEFA3/PC_G_EU4" CO2="0.00" CO="0.00" HC="0.00" NOx="0.00" PMx="0.00" fuel="0.00" electricity="0.00" noise="71.06" route="routetop" type="cfm-slow" waiting="0.00" lane="top_0" pos="15.13" speed="25.23" angle="247.16" x="32.23" y="124.64"/>
    </timestep>
    <timestep time="9.77">
        <vehicle id="cfm-fast_0" eclass="HBEFA3/PC_G_EU4" CO2="6369.31" CO="61.01" HC="0.44" NOx="2.34" PMx="0.12" fuel="2.74" electricity="0.00" noise="71.93" route="routetop" type="cfm-fast" waiting="0.00" lane="top_0" pos="35.54" speed="24.97" angle="210.56" x="2.03" y="93.80"/>
        <vehicle id="cfm-fast_1" eclass="HBEFA3/PC_G_EU4" CO2="146426.84" CO="5973.57" HC="31.14" NOx="67.28" PMx="5.07" fuel="62.94" electricity="0.00" noise="117.14" route="routetop" type="cfm-fast" waiting="0.00" lane="top_1" pos="3.95" speed="106.38" angle="267.43" x="55.56" y="128.47"/>
        <vehicle id="cfm-fast_2" eclass="HBEFA3/PC_G_EU4" CO2="9884.78" CO="134.63" HC="0.86" NOx="3.99" PMx="0.22" fuel="4.25" electricity="0.00" noise="73.25" route="routetop" type="cfm-fast" waiting="0.00" lane="left_0" pos="1.49" speed="25.34" angle="181.80" x="-4.86" y="60.36"/>
        <vehicle id="cfm-fast_3" eclass="HBEFA3/PC_G_EU4" CO2="11502.31" CO="171.31" HC="1.07" NOx="4.74" PMx="0.26" fuel="4.94" electricity="0.00" noise="74.14" route="routetop" type="cfm-fast" waiting="0.00" lane="left_0" pos="17.88" speed="26.21" angle="152.31" x="5.60" y="27.10"/>
        <vehicle id="cfm-fast_4" eclass="HBEFA3/PC_G_EU4" CO2="10459.63" CO="154.59" HC="0.97" NOx="4.22" PMx="0.24" fuel="4.50" electricity="0.00" noise="74.08" route="routetop" type="cfm-fast" waiting="0.00" lane="left_0" pos="35.18" speed="27.23" angle="121.23" x="32.83" y="2.38"/>
        <vehicle id="cfm-fast_5" eclass="HBEFA3/PC_G_EU4" CO2="91912.64" CO="5003.47" HC="25.38" NOx="41.55" PMx="3.70" fuel="39.51" electricity="0.00" noise="109.01" route="routebottom" type="cfm-fast" waiting="0.00" lane="bottom_1" pos="1.92" speed="108.49" angle="91.04" x="67.62" y="-1.52"/>
        <vehicle id="cfm-slow_0" eclass="HBEFA3/PC_G_EU4" CO2="7136.67" CO="90.21" HC="0.59" NOx="2.64" PMx="0.15" fuel="3.07" electricity="0.00" noise="73.37" route="routebottom" type="cfm-slow" waiting="0.00" lane="bottom_0" pos="3.52" speed="27.98" angle="88.19" x="71.31" y="-4.51"/>
        <vehicle id="cfm-slow_1" eclass="HBEFA3/PC_G_EU4" CO2="0.00" CO="0.00" HC="0.00" NOx="0.00" PMx="0.00" fuel="0.00" electricity="0.00" noise="72.57" route="routebottom" type="cfm-slow" waiting="0.00" lane="bottom_0" pos="26.57" speed="28.20" angle="46.65" x="114.51" y="17.61"/>
        <vehicle id="cfm-slow_2" eclass="HBEFA3/PC_G_EU4" CO2="0.00" CO="0.00" HC="0.00" NOx="0.00" PMx="0.00" fuel="0.00" electricity="0.00" noise="71.89" route="routebottom" type="cfm-slow" waiting="0.00" lane="bottom_0" pos="49.79" speed="27.82" angle="4.89" x="132.26" y="63.13"/>
        <vehicle id="cfm-slow_3" eclass="HBEFA3/PC_G_EU4" CO2="0.00" CO="0.00" HC="0.00" NOx="0.00" PMx="0.00" fuel="0.00" electricity="0.00" noise="71.32" route="routebottom" type="cfm-slow" waiting="0.00" lane="right_0" pos="22.58" speed="26.98" angle="323.80" x="115.71" y="108.34"/>
        <vehicle id="cfm-slow_4" eclass="HBEFA3/PC_G_EU4" CO2="0.00" CO="0.00" HC="0.00" NOx="0.00" PMx="0.00" fuel="0.00" electricity="0.00" noise="70.95" route="routebottom" type="cfm-slow" waiting="0.00" lane="right_0" pos="44.48" speed="26.00" angle="284.45" x="75.57" y="131.22"/>
        <vehicle id="cfm-slow_5" eclass="HBEFA3/PC_G_EU4" CO2="0.00" CO="0.00" HC="0.00" NOx="0.00" PMx="0.00" fuel="0.00" electricity="0.00" noise="71.06" route="routetop" type="cfm-slow" waiting="0.00" lane="top_0" pos="15.39" speed="25.22" angle="246.75" x="31.74" y="124.40"/>
    </timestep>
    <timestep time="9.78">
        <vehicle id="cfm-fast_0" eclass="HBEFA3/PC_G_EU4" CO2="6403.85" CO="61.73" HC="0.44" NOx="2.36" PMx="0.13" fuel="2.75" electricity="0.00" noise="71.94" route="routetop" type="cfm-fast" waiting="0.00" lane="top_0" pos="35.79" speed="24.97" angle="210.10" x="1.79" y="93.32"/>
        <vehicle id="cfm-fast_1" eclass="HBEFA3/PC_G_EU4" CO2="145860.19" CO="5963.65" HC="31.08" NOx="67.02" PMx="5.05" fuel="62.70" electricity="0.00" noise="117.05" route="routetop" type="cfm-fast" waiting="0.00" lane="top_1" pos="5.01" speed="106.41" angle="265.46" x="53.40" y="128.16"/>
        <vehicle id="cfm-fast_2" eclass="HBEFA3/PC_G_EU4" CO2="9901.74" CO="135.01" HC="0.86" NOx="4.00" PMx="0.22" fuel="4.26" electricity="0.00" noise="73.26" route="routetop" type="cfm-fast" waiting="0.00" lane="left_0" pos="1.75" speed="25.35" angle="181.34" x="-4.83" y="59.81"/>
        <vehicle id="cfm-fast_3" eclass="HBEFA3/PC_G_EU4" CO2="11494.39" CO="171.19" HC="1.07" NOx="4.73" PMx="0.26" fuel="4.94" electricity="0.00" noise="74.14" route="routetop" type="cfm-fast" waiting="0.00" lane="left_0" pos="18.14" speed="26.22" angle="151.85" x="5.91" y="26.63"/>
        <vehicle id="cfm-fast_4" eclass="HBEFA3/PC_G_EU4" CO2="10428.65" CO="153.99" HC="0.96" NOx="4.21" PMx="0.24" fuel="4.48" electricity="0.00" noise="74.07" route="routetop" type="cfm-fast" waiting="0.00" lane="left_0" pos="35.45" speed="27.24" angle="120.72" x="33.35" y="2.12"/>
        <vehicle id="cfm-fast_5" eclass="HBEFA3/PC_G_EU4" CO2="91814.39" CO="5001.73" HC="25.37" NOx="41.50" PMx="3.70" fuel="39.47" electricity="0.00" noise="109.00" route="routebottom" type="cfm-fast" waiting="0.00" lane="bottom_1" pos="3.01" speed="108.50" angle="89.10" x="69.84" y="-1.35"/>
        <vehicle id="cfm-slow_0" eclass="HBEFA3/PC_G_EU4" CO2="7094.45" CO="89.36" HC="0.59" NOx="2.62" PMx="0.15" fuel="3.05" electricity="0.00" noise="73.36" route="routebottom" type="cfm-slow" waiting="0.00" lane="bottom_0" pos="3.80" speed="27.98" angle="87.70" x="71.91" y="-4.45"/>
        <vehicle id="cfm-slow_1" eclass="HBEFA3/PC_G_EU4" CO2="0.00" CO="0.00" HC="0.00" NOx="0.00" PMx="0.00" fuel="0.00" electricity="0.00" noise="72.56" route="routebottom" type="cfm-slow" waiting="0.00" lane="bottom_0" pos="26.85" speed="28.20" angle="46.17" x="114.92" y="18.05"/>
        <vehicle id="cfm-slow_2" eclass="HBEFA3/PC_G_EU4" CO2="0.00" CO="0.00" HC="0.00" NOx="0.00" PMx="0.00" fuel="0.00" electricity="0.00" noise="71.88" route="routebottom" type="cfm-slow" waiting="0.00" lane="right_0" pos="0.07" speed="27.81" angle="4.34" x="132.27" y="63.91"/>
        <vehicle id="cfm-slow_3" eclass="HBEFA3/PC_G_EU4" CO2="0.00" CO="0.00" HC="0.00" NOx="0.00" PMx="0.00" fuel="0.00" electricity="0.00" noise="71.32" route="routebottom" type="cfm-slow" waiting="0.00" lane="right_0" pos="22.85" speed="26.97" angle="323.29" x="115.34" y="108.79"/>
        <vehicle id="cfm-slow_4" eclass="HBEFA3/PC_G_EU4" CO2="0.00" CO="0.00" HC="0.00" NOx="0.00" PMx="0.00" fuel="0.00" electricity="0.00" noise="70.95" route="routebottom" type="cfm-slow" waiting="0.00" lane="right_0" pos="44.74" speed="25.99" angle="283.96" x="75.02" y="131.32"/>
        <vehicle id="cfm-slow_5" eclass="HBEFA3/PC_G_EU4" CO2="0.00" CO="0.00" HC="0.00" NOx="0.00" PMx="0.00" fuel="0.00" electricity="0.00" noise="71.07" route="routetop" type="cfm-slow" waiting="0.00" lane="top_0" pos="15.64" speed="25.22" angle="246.30" x="31.27" y="124.13"/>
    </timestep>
    <timestep time="9.79">
        <vehicle id="cfm-fast_0" eclass="HBEFA3/PC_G_EU4" CO2="6438.23" CO="62.45" HC="0.44" NOx="2.38" PMx="0.13" fuel="2.77" electricity="0.00" noise="71.95" route="routetop" type="cfm-fast" waiting="0.00" lane="top_0" pos="36.04" speed="24.97" angle="209.69" x="1.56" y="92.83"/>
        <vehicle id="cfm-fast_1" eclass="HBEFA3/PC_G_EU4" CO2="145297.90" CO="5953.81" HC="31.02" NOx="66.75" PMx="5.04" fuel="62.46" electricity="0.00" noise="116.97" route="routetop" type="cfm-fast" waiting="0.00" lane="top_1" pos="6.08" speed="106.43" angle="263.55" x="51.25" y="127.78"/>
        <vehicle id="cfm-fast_2" eclass="HBEFA3/PC_G_EU4" CO2="9918.47" CO="135.38" HC="0.86" NOx="4.01" PMx="0.22" fuel="4.26" electricity="0.00" noise="73.27" route="routetop" type="cfm-fast" waiting="0.00" lane="left_0" pos="2.00" speed="25.36" angle="180.89" x="-4.79" y="59.27"/>
        <vehicle id="cfm-fast_3" eclass="HBEFA3/PC_G_EU4" CO2="11486.24" CO="171.07" HC="1.07" NOx="4.73" PMx="0.26" fuel="4.94" electricity="0.00" noise="74.14" route="routetop" type="cfm-fast" waiting="0.00" lane="left_0" pos="18.40" speed="26.23" angle="151.36" x="6.22" y="26.16"/>
        <vehicle id="cfm-fast_4" eclass="HBEFA3/PC_G_EU4" CO2="10397.56" CO="153.39" HC="0.96" NOx="4.19" PMx="0.24" fuel="4.47" electricity="0.00" noise="74.06" route="routetop" type="cfm-fast" waiting="0.00" lane="left_0" pos="35.72" speed="27.25" angle="120.22" x="33.88" y="1.86"/>
        <vehicle id="cfm-fast_5" eclass="HBEFA3/PC_G_EU4" CO2="91717.56" CO="5000.01" HC="25.36" NOx="41.46" PMx="3.70" fuel="39.43" electricity="0.00" noise="108.98" route="routebottom" type="cfm-fast" waiting="0.00" lane="bottom_1" pos="4.09" speed="108.50" angle="87.17" x="72.05" y="-1.11"/>
        <vehicle id="cfm-slow_0" eclass="HBEFA3/PC_G_EU4" CO2="7052.28" CO="88.50" HC="0.58" NOx="2.60" PMx="0.15" fuel="3.03" electricity="0.00" noise="73.35" route="routebottom" type="cfm-slow" waiting="0.00" lane="bottom_0" pos="4.08" speed="27.99" angle="87.20" x="72.50" y="-4.37"/>
        <vehicle id="cfm-slow_1" eclass="HBEFA3/PC_G_EU4" CO2="0.00" CO="0.00" HC="0.00" NOx="0.00" PMx="0.00" fuel="0.00" electricity="0.00" noise="72.55" route="routebottom" type="cfm-slow" waiting="0.00" lane="bottom_0" pos="27.14" speed="28.19" angle="45.68" x="115.32" y="18.51"/>
        <vehicle id="cfm-slow_2" eclass="HBEFA3/PC_G_EU4" CO2="0.00" CO="0.00" HC="0.00" NOx="0.00" PMx="0.00" fuel="0.00" electricity="0.00" noise="71.88" route="routebottom" type="cfm-slow" waiting="0.00" lane="right_0" pos="0.35" speed="27.80" angle="3.83" x="132.26" y="64.51"/>
        <vehicle id="cfm-slow_3" eclass="HBEFA3/PC_G_EU4" CO2="0.00" CO="0.00" HC="0.00" NOx="0.00" PMx="0.00" fuel="0.00" electricity="0.00" noise="71.31" route="routebottom" type="cfm-slow" waiting="0.00" lane="right_0" pos="23.11" speed="26.96" angle="322.87" x="114.96" y="109.23"/>
        <vehicle id="cfm-slow_4" eclass="HBEFA3/PC_G_EU4" CO2="0.00" CO="0.00" HC="0.00" NOx="0.00" PMx="0.00" fuel="0.00" electricity="0.00" noise="70.95" route="routebottom" type="cfm-slow" waiting="0.00" lane="right_0" pos="45.00" speed="25.98" angle="283.55" x="74.47" y="131.42"/>
        <vehicle id="cfm-slow_5" eclass="HBEFA3/PC_G_EU4" CO2="0.00" CO="0.00" HC="0.00" NOx="0.00" PMx="0.00" fuel="0.00" electricity="0.00" noise="71.08" route="routetop" type="cfm-slow" waiting="0.00" lane="top_0" pos="15.89" speed="25.22" angle="245.84" x="30.79" y="123.87"/>
    </timestep>
    <timestep time="9.80">
        <vehicle id="cfm-fast_0" eclass="HBEFA3/PC_G_EU4" CO2="6472.44" CO="63.16" HC="0.45" NOx="2.39" PMx="0.13" fuel="2.78" electricity="0.00" noise="71.96" route="routetop" type="cfm-fast" waiting="0.00" lane="top_0" pos="36.29" speed="24.98" angle="209.22" x="1.34" y="92.34"/>
        <vehicle id="cfm-fast_1" eclass="HBEFA3/PC_G_EU4" CO2="144739.95" CO="5944.04" HC="30.96" NOx="66.49" PMx="5.02" fuel="62.22" electricity="0.00" noise="116.88" route="routetop" type="cfm-fast" waiting="0.00" lane="top_1" pos="7.14" speed="106.45" angle="261.59" x="49.12" y="127.32"/>
        <vehicle id="cfm-fast_2" eclass="HBEFA3/PC_G_EU4" CO2="9934.96" CO="135.75" HC="0.87" NOx="4.02" PMx="0.22" fuel="4.27" electricity="0.00" noise="73.28" route="routetop" type="cfm-fast" waiting="0.00" lane="left_0" pos="2.25" speed="25.36" angle="180.43" x="-4.76" y="58.73"/>
        <vehicle id="cfm-fast_3" eclass="HBEFA3/PC_G_EU4" CO2="11477.86" CO="170.94" HC="1.06" NOx="4.72" PMx="0.26" fuel="4.93" electricity="0.00" noise="74.14" route="routetop" type="cfm-fast" waiting="0.00" lane="left_0" pos="18.66" speed="26.24" angle="150.87" x="6.53" y="25.69"/>
        <vehicle id="cfm-fast_4" eclass="HBEFA3/PC_G_EU4" CO2="10366.34" CO="152.78" HC="0.96" NOx="4.18" PMx="0.24" fuel="4.46" electricity="0.00" noise="74.05" route="routetop" type="cfm-fast" waiting="0.00" lane="left_0" pos="36.00" speed="27.26" angle="119.77" x="34.40" y="1.60"/>
        <vehicle id="cfm-fast_5" eclass="HBEFA3/PC_G_EU4" CO2="91622.12" CO="4998.32" HC="25.35" NOx="41.41" PMx="3.70" fuel="39.39" electricity="0.00" noise="108.97" route="routebottom" type="cfm-fast" waiting="0.00" lane="bottom_1" pos="5.18" speed="108.50" angle="85.21" x="74.26" y="-0.79"/>
        <vehicle id="cfm-slow_0" eclass="HBEFA3/PC_G_EU4" CO2="7010.16" CO="87.65" HC="0.58" NOx="2.58" PMx="0.15" fuel="3.01" electricity="0.00" noise="73.34" route="routebottom" type="cfm-slow" waiting="0.00" lane="bottom_0" pos="4.36" speed="27.99" angle="86.69" x="73.10" y="-4.29"/>
        <vehicle id="cfm-slow_1" eclass="HBEFA3/PC_G_EU4" CO2="0.00" CO="0.00" HC="0.00" NOx="0.00" PMx="0.00" fuel="0.00" electricity="0.00" noise="72.54" route="routebottom" type="cfm-slow" waiting="0.00" lane="bottom_0" pos="27.42" speed="28.19" angle="45.15" x="115.71" y="18.97"/>
        <vehicle id="cfm-slow_2" eclass="HBEFA3/PC_G_EU4" CO2="0.00" CO="0.00" HC="0.00" NOx="0.00" PMx="0.00" fuel="0.00" electricity="0.00" noise="71.87" route="routebottom" type="cfm-slow" waiting="0.00" lane="right_0" pos="0.63" speed="27.79" angle="3.33" x="132.24" y="65.11"/>
        <vehicle id="cfm-slow_3" eclass="HBEFA3/PC_G_EU4" CO2="0.00" CO="0.00" HC="0.00" NOx="0.00" PMx="0.00" fuel="0.00" electricity="0.00" noise="71.31" route="routebottom" type="cfm-slow" waiting="0.00" lane="right_0" pos="23.38" speed="26.95" angle="322.38" x="114.57" y="109.65"/>
        <vehicle id="cfm-slow_4" eclass="HBEFA3/PC_G_EU4" CO2="0.00" CO="0.00" HC="0.00" NOx="0.00" PMx="0.00" fuel="0.00" electricity="0.00" noise="70.95" route="routebottom" type="cfm-slow" waiting="0.00" lane="right_0" pos="45.26" speed="25.97" angle="283.09" x="73.92" y="131.50"/>
        <vehicle id="cfm-slow_5" eclass="HBEFA3/PC_G_EU4" CO2="0.00" CO="0.00" HC="0.00" NOx="0.00" PMx="0.00" fuel="0.00" electricity="0.00" noise="71.08" route="routetop" type="cfm-slow" waiting="0.00" lane="top_0" pos="16.14" speed="25.21" angle="245.39" x="30.32" y="123.61"/>
    </timestep>
    <timestep time="9.81">
        <vehicle id="cfm-fast_0" eclass="HBEFA3/PC_G_EU4" CO2="6506.49" CO="63.87" HC="0.45" NOx="2.41" PMx="0.13" fuel="2.80" electricity="0.00" noise="71.97" route="routetop" type="cfm-fast" waiting="0.00" lane="top_0" pos="36.54" speed="24.98" angle="208.76" x="1.12" y="91.85"/>
        <vehicle id="cfm-fast_1" eclass="HBEFA3/PC_G_EU4" CO2="144186.31" CO="5934.35" HC="30.90" NOx="66.23" PMx="5.01" fuel="61.98" electricity="0.00" noise="116.80" route="routetop" type="cfm-fast" waiting="0.00" lane="top_1" pos="8.20" speed="106.48" angle="259.68" x="47.00" y="126.80"/>
        <vehicle id="cfm-fast_2" eclass="HBEFA3/PC_G_EU4" CO2="9951.23" CO="136.12" HC="0.87" NOx="4.02" PMx="0.22" fuel="4.28" electricity="0.00" noise="73.29" route="routetop" type="cfm-fast" waiting="0.00" lane="left_0" pos="2.51" speed="25.37" angle="179.99" x="-4.73" y="58.18"/>
        <vehicle id="cfm-fast_3" eclass="HBEFA3/PC_G_EU4" CO2="11469.27" CO="170.80" HC="1.06" NOx="4.72" PMx="0.26" fuel="4.93" electricity="0.00" noise="74.14" route="routetop" type="cfm-fast" waiting="0.00" lane="left_0" pos="18.93" speed="26.25" angle="150.37" x="6.84" y="25.21"/>
        <vehicle id="cfm-fast_4" eclass="HBEFA3/PC_G_EU4" CO2="10335.01" CO="152.18" HC="0.95" NOx="4.16" PMx="0.23" fuel="4.44" electricity="0.00" noise="74.04" route="routetop" type="cfm-fast" waiting="0.00" lane="left_0" pos="36.27" speed="27.26" angle="119.26" x="34.94" y="1.36"/>
        <vehicle id="cfm-fast_5" eclass="HBEFA3/PC_G_EU4" CO2="91528.04" CO="4996.66" HC="25.34" NOx="41.37" PMx="3.70" fuel="39.34" electricity="0.00" noise="108.96" route="routebottom" type="cfm-fast" waiting="0.00" lane="bottom_1" pos="6.26" speed="108.51" angle="83.17" x="76.44" y="-0.38"/>
        <vehicle id="cfm-slow_0" eclass="HBEFA3/PC_G_EU4" CO2="6968.08" CO="86.80" HC="0.57" NOx="2.56" PMx="0.15" fuel="3.00" electricity="0.00" noise="73.33" route="routebottom" type="cfm-slow" waiting="0.00" lane="bottom_0" pos="4.64" speed="27.99" angle="86.18" x="73.70" y="-4.20"/>
        <vehicle id="cfm-slow_1" eclass="HBEFA3/PC_G_EU4" CO2="0.00" CO="0.00" HC="0.00" NOx="0.00" PMx="0.00" fuel="0.00" electricity="0.00" noise="72.54" route="routebottom" type="cfm-slow" waiting="0.00" lane="bottom_0" pos="27.70" speed="28.19" angle="44.63" x="116.10" y="19.44"/>
        <vehicle id="cfm-slow_2" eclass="HBEFA3/PC_G_EU4" CO2="0.00" CO="0.00" HC="0.00" NOx="0.00" PMx="0.00" fuel="0.00" electricity="0.00" noise="71.87" route="routebottom" type="cfm-slow" waiting="0.00" lane="right_0" pos="0.91" speed="27.78" angle="2.83" x="132.23" y="65.71"/>
        <vehicle id="cfm-slow_3" eclass="HBEFA3/PC_G_EU4" CO2="0.00" CO="0.00" HC="0.00" NOx="0.00" PMx="0.00" fuel="0.00" electricity="0.00" noise="71.31" route="routebottom" type="cfm-slow" waiting="0.00" lane="right_0" pos="23.65" speed="26.94" angle="321.90" x="114.17" y="110.08"/>
        <vehicle id="cfm-slow_4" eclass="HBEFA3/PC_G_EU4" CO2="0.00" CO="0.00" HC="0.00" NOx="0.00" PMx="0.00" fuel="0.00" electricity="0.00" noise="70.95" route="routebottom" type="cfm-slow" waiting="0.00" lane="right_0" pos="45.52" speed="25.97" angle="282.62" x="73.37" y="131.57"/>
        <vehicle id="cfm-slow_5" eclass="HBEFA3/PC_G_EU4" CO2="0.00" CO="0.00" HC="0.00" NOx="0.00" PMx="0.00" fuel="0.00" electricity="0.00" noise="71.09" route="routetop" type="cfm-slow" waiting="0.00" lane="top_0" pos="16.40" speed="25.21" angle="244.93" x="29.84" y="123.35"/>
    </timestep>
    <timestep time="9.82">
        <vehicle id="cfm-fast_0" eclass="HBEFA3/PC_G_EU4" CO2="6540.37" CO="64.58" HC="0.46" NOx="2.42" PMx="0.13" fuel="2.81" electricity="0.00" noise="71.98" route="routetop" type="cfm-fast" waiting="0.00" lane="top_0" pos="36.79" speed="24.98" angle="208.29" x="0.90" y="91.36"/>
        <vehicle id="cfm-fast_1" eclass="HBEFA3/PC_G_EU4" CO2="143636.97" CO="5924.73" HC="30.85" NOx="65.97" PMx="5.00" fuel="61.74" electricity="0.00" noise="116.71" route="routetop" type="cfm-fast" waiting="0.00" lane="top_1" pos="9.27" speed="106.50" angle="257.83" x="44.89" y="126.21"/>
        <vehicle id="cfm-fast_2" eclass="HBEFA3/PC_G_EU4" CO2="9967.26" CO="136.48" HC="0.87" NOx="4.03" PMx="0.22" fuel="4.28" electricity="0.00" noise="73.30" route="routetop" type="cfm-fast" waiting="0.00" lane="left_0" pos="2.76" speed="25.38" angle="179.54" x="-4.68" y="57.64"/>
        <vehicle id="cfm-fast_3" eclass="HBEFA3/PC_G_EU4" CO2="11460.45" CO="170.67" HC="1.06" NOx="4.72" PMx="0.26" fuel="4.93" electricity="0.00" noise="74.14" route="routetop" type="cfm-fast" waiting="0.00" lane="left_0" pos="19.19" speed="26.26" angle="149.93" x="7.16" y="24.74"/>
        <vehicle id="cfm-fast_4" eclass="HBEFA3/PC_G_EU4" CO2="10303.56" CO="151.57" HC="0.95" NOx="4.15" PMx="0.23" fuel="4.43" electricity="0.00" noise="74.04" route="routetop" type="cfm-fast" waiting="0.00" lane="left_0" pos="36.54" speed="27.27" angle="118.75" x="35.47" y="1.12"/>
        <vehicle id="cfm-fast_5" eclass="HBEFA3/PC_G_EU4" CO2="91435.30" CO="4995.02" HC="25.33" NOx="41.32" PMx="3.69" fuel="39.31" electricity="0.00" noise="108.94" route="routebottom" type="cfm-fast" waiting="0.00" lane="bottom_1" pos="7.35" speed="108.51" angle="81.23" x="78.62" y="0.10"/>
        <vehicle id="cfm-slow_0" eclass="HBEFA3/PC_G_EU4" CO2="6926.05" CO="85.95" HC="0.57" NOx="2.54" PMx="0.15" fuel="2.98" electricity="0.00" noise="73.32" route="routebottom" type="cfm-slow" waiting="0.00" lane="bottom_0" pos="4.92" speed="27.99" angle="85.68" x="74.29" y="-4.12"/>
        <vehicle id="cfm-slow_1" eclass="HBEFA3/PC_G_EU4" CO2="0.00" CO="0.00" HC="0.00" NOx="0.00" PMx="0.00" fuel="0.00" electricity="0.00" noise="72.53" route="routebottom" type="cfm-slow" waiting="0.00" lane="bottom_0" pos="27.98" speed="28.18" angle="44.10" x="116.49" y="19.90"/>
        <vehicle id="cfm-slow_2" eclass="HBEFA3/PC_G_EU4" CO2="0.00" CO="0.00" HC="0.00" NOx="0.00" PMx="0.00" fuel="0.00" electricity="0.00" noise="71.86" route="routebottom" type="cfm-slow" waiting="0.00" lane="right_0" pos="1.18" speed="27.78" angle="2.33" x="132.22" y="66.31"/>
        <vehicle id="cfm-slow_3" eclass="HBEFA3/PC_G_EU4" CO2="0.00" CO="0.00" HC="0.00" NOx="0.00" PMx="0.00" fuel="0.00" electricity="0.00" noise="71.30" route="routebottom" type="cfm-slow" waiting="0.00" lane="right_0" pos="23.92" speed="26.93" angle="321.41" x="113.78" y="110.50"/>
        <vehicle id="cfm-slow_4" eclass="HBEFA3/PC_G_EU4" CO2="0.00" CO="0.00" HC="0.00" NOx="0.00" PMx="0.00" fuel="0.00" electricity="0.00" noise="70.95" route="routebottom" type="cfm-slow" waiting="0.00" lane="right_0" pos="45.78" speed="25.96" angle="282.15" x="72.81" y="131.65"/>
        <vehicle id="cfm-slow_5" eclass="HBEFA3/PC_G_EU4" CO2="0.00" CO="0.00" HC="0.00" NOx="0.00" PMx="0.00" fuel="0.00" electricity="0.00" noise="71.10" route="routetop" type="cfm-slow" waiting="0.00" lane="top_0" pos="16.65" speed="25.21" angle="244.53" x="29.37" y="123.09"/>
    </timestep>
    <timestep time="9.83">
        <vehicle id="cfm-fast_0" eclass="HBEFA3/PC_G_EU4" CO2="6574.08" CO="65.29" HC="0.46" NOx="2.44" PMx="0.13" fuel="2.83" electricity="0.00" noise="72.00" route="routetop" type="cfm-fast" waiting="0.00" lane="top_0" pos="37.04" speed="24.99" angle="207.82" x="0.68" y="90.87"/>
        <vehicle id="cfm-fast_1" eclass="HBEFA3/PC_G_EU4" CO2="143091.89" CO="5915.18" HC="30.79" NOx="65.71" PMx="4.98" fuel="61.51" electricity="0.00" noise="116.63" route="routetop" type="cfm-fast" waiting="0.00" lane="top_1" pos="10.33" speed="106.53" angle="255.92" x="42.81" y="125.56"/>
        <vehicle id="cfm-fast_2" eclass="HBEFA3/PC_G_EU4" CO2="9983.06" CO="136.83" HC="0.87" NOx="4.04" PMx="0.22" fuel="4.29" electricity="0.00" noise="73.31" route="routetop" type="cfm-fast" waiting="0.00" lane="left_0" pos="3.02" speed="25.39" angle="179.09" x="-4.62" y="57.09"/>
        <vehicle id="cfm-fast_3" eclass="HBEFA3/PC_G_EU4" CO2="11451.42" CO="170.52" HC="1.06" NOx="4.71" PMx="0.26" fuel="4.92" electricity="0.00" noise="74.14" route="routetop" type="cfm-fast" waiting="0.00" lane="left_0" pos="19.45" speed="26.27" angle="149.46" x="7.49" y="24.28"/>
        <vehicle id="cfm-fast_4" eclass="HBEFA3/PC_G_EU4" CO2="10271.99" CO="150.96" HC="0.95" NOx="4.13" PMx="0.23" fuel="4.42" electricity="0.00" noise="74.03" route="routetop" type="cfm-fast" waiting="0.00" lane="left_0" pos="36.81" speed="27.28" angle="118.24" x="36.01" y="0.88"/>
        <vehicle id="cfm-fast_5" eclass="HBEFA3/PC_G_EU4" CO2="91343.87" CO="4993.40" HC="25.32" NOx="41.28" PMx="3.69" fuel="39.27" electricity="0.00" noise="108.93" route="routebottom" type="cfm-fast" waiting="0.00" lane="bottom_1" pos="8.43" speed="108.52" angle="79.27" x="80.77" y="0.65"/>
        <vehicle id="cfm-slow_0" eclass="HBEFA3/PC_G_EU4" CO2="6884.07" CO="85.10" HC="0.56" NOx="2.52" PMx="0.15" fuel="2.96" electricity="0.00" noise="73.31" route="routebottom" type="cfm-slow" waiting="0.00" lane="bottom_0" pos="5.19" speed="28.00" angle="85.13" x="74.89" y="-4.03"/>
        <vehicle id="cfm-slow_1" eclass="HBEFA3/PC_G_EU4" CO2="0.00" CO="0.00" HC="0.00" NOx="0.00" PMx="0.00" fuel="0.00" electricity="0.00" noise="72.52" route="routebottom" type="cfm-slow" waiting="0.00" lane="bottom_0" pos="28.26" speed="28.18" angle="43.63" x="116.88" y="20.37"/>
        <vehicle id="cfm-slow_2" eclass="HBEFA3/PC_G_EU4" CO2="0.00" CO="0.00" HC="0.00" NOx="0.00" PMx="0.00" fuel="0.00" electricity="0.00" noise="71.86" route="routebottom" type="cfm-slow" waiting="0.00" lane="right_0" pos="1.46" speed="27.77" angle="1.85" x="132.19" y="66.90"/>
        <vehicle id="cfm-slow_3" eclass="HBEFA3/PC_G_EU4" CO2="0.00" CO="0.00" HC="0.00" NOx="0.00" PMx="0.00" fuel="0.00" electricity="0.00" noise="71.30" route="routebottom" type="cfm-slow" waiting="0.00" lane="right_0" pos="24.19" speed="26.92" angle="320.93" x="113.38" y="110.93"/>
        <vehicle id="cfm-slow_4" eclass="HBEFA3/PC_G_EU4" CO2="0.00" CO="0.00" HC="0.00" NOx="0.00" PMx="0.00" fuel="0.00" electricity="0.00" noise="70.95" route="routebottom" type="cfm-slow" waiting="0.00" lane="right_0" pos="46.04" speed="25.95" angle="281.68" x="72.26" y="131.73"/>
        <vehicle id="cfm-slow_5" eclass="HBEFA3/PC_G_EU4" CO2="0.00" CO="0.00" HC="0.00" NOx="0.00" PMx="0.00" fuel="0.00" electricity="0.00" noise="71.10" route="routetop" type="cfm-slow" waiting="0.00" lane="top_0" pos="16.90" speed="25.21" angle="244.08" x="28.90" y="122.81"/>
    </timestep>
    <timestep time="9.84">
        <vehicle id="cfm-fast_0" eclass="HBEFA3/PC_G_EU4" CO2="6607.63" CO="65.99" HC="0.46" NOx="2.45" PMx="0.13" fuel="2.84" electricity="0.00" noise="72.01" route="routetop" type="cfm-fast" waiting="0.00" lane="top_0" pos="37.29" speed="24.99" angle="207.43" x="0.47" y="90.38"/>
        <vehicle id="cfm-fast_1" eclass="HBEFA3/PC_G_EU4" CO2="142551.07" CO="5905.71" HC="30.73" NOx="65.45" PMx="4.97" fuel="61.28" electricity="0.00" noise="116.55" route="routetop" type="cfm-fast" waiting="0.00" lane="top_1" pos="11.40" speed="106.55" angle="253.85" x="40.76" y="124.81"/>
        <vehicle id="cfm-fast_2" eclass="HBEFA3/PC_G_EU4" CO2="9998.63" CO="137.18" HC="0.87" NOx="4.05" PMx="0.22" fuel="4.30" electricity="0.00" noise="73.32" route="routetop" type="cfm-fast" waiting="0.00" lane="left_0" pos="3.27" speed="25.40" angle="178.63" x="-4.57" y="56.55"/>
        <vehicle id="cfm-fast_3" eclass="HBEFA3/PC_G_EU4" CO2="11442.16" CO="170.37" HC="1.06" NOx="4.71" PMx="0.26" fuel="4.92" electricity="0.00" noise="74.14" route="routetop" type="cfm-fast" waiting="0.00" lane="left_0" pos="19.71" speed="26.28" angle="148.97" x="7.82" y="23.83"/>
        <vehicle id="cfm-fast_4" eclass="HBEFA3/PC_G_EU4" CO2="10240.32" CO="150.34" HC="0.94" NOx="4.12" PMx="0.23" fuel="4.40" electricity="0.00" noise="74.02" route="routetop" type="cfm-fast" waiting="0.00" lane="left_0" pos="37.09" speed="27.29" angle="117.74" x="36.54" y="0.64"/>
        <vehicle id="cfm-fast_5" eclass="HBEFA3/PC_G_EU4" CO2="91253.73" CO="4991.81" HC="25.31" NOx="41.24" PMx="3.69" fuel="39.23" electricity="0.00" noise="108.92" route="routebottom" type="cfm-fast" waiting="0.00" lane="bottom_1" pos="9.52" speed="108.52" angle="77.32" x="82.91" y="1.26"/>
        <vehicle id="cfm-slow_0" eclass="HBEFA3/PC_G_EU4" CO2="6842.14" CO="84.25" HC="0.56" NOx="2.50" PMx="0.15" fuel="2.94" electricity="0.00" noise="73.30" route="routebottom" type="cfm-slow" waiting="0.00" lane="bottom_0" pos="5.47" speed="28.00" angle="84.62" x="75.48" y="-3.92"/>
        <vehicle id="cfm-slow_1" eclass="HBEFA3/PC_G_EU4" CO2="0.00" CO="0.00" HC="0.00" NOx="0.00" PMx="0.00" fuel="0.00" electricity="0.00" noise="72.52" route="routebottom" type="cfm-slow" waiting="0.00" lane="bottom_0" pos="28.55" speed="28.17" angle="43.11" x="117.25" y="20.84"/>
        <vehicle id="cfm-slow_2" eclass="HBEFA3/PC_G_EU4" CO2="0.00" CO="0.00" HC="0.00" NOx="0.00" PMx="0.00" fuel="0.00" electricity="0.00" noise="71.85" route="routebottom" type="cfm-slow" waiting="0.00" lane="right_0" pos="1.74" speed="27.76" angle="1.35" x="132.16" y="67.50"/>
        <vehicle id="cfm-slow_3" eclass="HBEFA3/PC_G_EU4" CO2="0.00" CO="0.00" HC="0.00" NOx="0.00" PMx="0.00" fuel="0.00" electricity="0.00" noise="71.29" route="routebottom" type="cfm-slow" waiting="0.00" lane="right_0" pos="24.46" speed="26.91" angle="320.49" x="112.98" y="111.35"/>
        <vehicle id="cfm-slow_4" eclass="HBEFA3/PC_G_EU4" CO2="0.00" CO="0.00" HC="0.00" NOx="0.00" PMx="0.00" fuel="0.00" electricity="0.00" noise="70.95" route="routebottom" type="cfm-slow" waiting="0.00" lane="right_0" pos="46.30" speed="25.94" angle="281.27" x="71.71" y="131.80"/>
        <vehicle id="cfm-slow_5" eclass="HBEFA3/PC_G_EU4" CO2="0.00" CO="0.00" HC="0.00" NOx="0.00" PMx="0.00" fuel="0.00" electricity="0.00" noise="71.11" route="routetop" type="cfm-slow" waiting="0.00" lane="top_0" pos="17.15" speed="25.20" angle="243.62" x="28.44" y="122.53"/>
    </timestep>
    <timestep time="9.85">
        <vehicle id="cfm-fast_0" eclass="HBEFA3/PC_G_EU4" CO2="6641.01" CO="66.69" HC="0.47" NOx="2.47" PMx="0.13" fuel="2.85" electricity="0.00" noise="72.02" route="routetop" type="cfm-fast" waiting="0.00" lane="top_0" pos="37.54" speed="24.99" angle="206.97" x="0.27" y="89.88"/>
        <vehicle id="cfm-fast_1" eclass="HBEFA3/PC_G_EU4" CO2="142014.47" CO="5896.31" HC="30.68" NOx="65.20" PMx="4.96" fuel="61.05" electricity="0.00" noise="116.47" route="routetop" type="cfm-fast" waiting="0.00" lane="top_1" pos="12.47" speed="106.57" angle="252.03" x="38.72" y="124.01"/>
        <vehicle id="cfm-fast_2" eclass="HBEFA3/PC_G_EU4" CO2="10013.97" CO="137.53" HC="0.88" NOx="4.05" PMx="0.22" fuel="4.30" electricity="0.00" noise="73.32" route="routetop" type="cfm-fast" waiting="0.00" lane="left_0" pos="3.52" speed="25.41" angle="178.18" x="-4.51" y="56.01"/>
        <vehicle id="cfm-fast_3" eclass="HBEFA3/PC_G_EU4" CO2="11432.69" CO="170.22" HC="1.06" NOx="4.70" PMx="0.26" fuel="4.91" electricity="0.00" noise="74.14" route="routetop" type="cfm-fast" waiting="0.00" lane="left_0" pos="19.98" speed="26.29" angle="148.49" x="8.15" y="23.37"/>
        <vehicle id="cfm-fast_4" eclass="HBEFA3/PC_G_EU4" CO2="10208.53" CO="149.73" HC="0.94" NOx="4.10" PMx="0.23" fuel="4.39" electricity="0.00" noise="74.01" route="routetop" type="cfm-fast" waiting="0.00" lane="left_0" pos="37.36" speed="27.29" angle="117.30" x="37.08" y="0.41"/>
        <vehicle id="cfm-fast_5" eclass="HBEFA3/PC_G_EU4" CO2="91164.86" CO="4990.25" HC="25.30" NOx="41.20" PMx="3.69" fuel="39.19" electricity="0.00" noise="108.90" route="routebottom" type="cfm-fast" waiting="0.00" lane="bottom_1" pos="10.60" speed="108.52" angle="75.40" x="85.02" y="1.95"/>
        <vehicle id="cfm-slow_0" eclass="HBEFA3/PC_G_EU4" CO2="6800.26" CO="83.40" HC="0.55" NOx="2.48" PMx="0.14" fuel="2.92" electricity="0.00" noise="73.30" route="routebottom" type="cfm-slow" waiting="0.00" lane="bottom_0" pos="5.75" speed="28.00" angle="84.11" x="76.07" y="-3.81"/>
        <vehicle id="cfm-slow_1" eclass="HBEFA3/PC_G_EU4" CO2="0.00" CO="0.00" HC="0.00" NOx="0.00" PMx="0.00" fuel="0.00" electricity="0.00" noise="72.51" route="routebottom" type="cfm-slow" waiting="0.00" lane="bottom_0" pos="28.83" speed="28.17" angle="42.59" x="117.62" y="21.32"/>
        <vehicle id="cfm-slow_2" eclass="HBEFA3/PC_G_EU4" CO2="0.00" CO="0.00" HC="0.00" NOx="0.00" PMx="0.00" fuel="0.00" electricity="0.00" noise="71.84" route="routebottom" type="cfm-slow" waiting="0.00" lane="right_0" pos="2.02" speed="27.75" angle="0.86" x="132.12" y="68.09"/>
        <vehicle id="cfm-slow_3" eclass="HBEFA3/PC_G_EU4" CO2="0.00" CO="0.00" HC="0.00" NOx="0.00" PMx="0.00" fuel="0.00" electricity="0.00" noise="71.29" route="routebottom" type="cfm-slow" waiting="0.00" lane="right_0" pos="24.73" speed="26.91" angle="319.99" x="112.58" y="111.75"/>
        <vehicle id="cfm-slow_4" eclass="HBEFA3/PC_G_EU4" CO2="0.00" CO="0.00" HC="0.00" NOx="0.00" PMx="0.00" fuel="0.00" electricity="0.00" noise="70.95" route="routebottom" type="cfm-slow" waiting="0.00" lane="right_0" pos="46.56" speed="25.93" angle="280.79" x="71.15" y="131.86"/>
        <vehicle id="cfm-slow_5" eclass="HBEFA3/PC_G_EU4" CO2="0.00" CO="0.00" HC="0.00" NOx="0.00" PMx="0.00" fuel="0.00" electricity="0.00" noise="71.12" route="routetop" type="cfm-slow" waiting="0.00" lane="top_0" pos="17.40" speed="25.20" angle="243.17" x="27.97" y="122.25"/>
    </timestep>
    <timestep time="9.86">
        <vehicle id="cfm-fast_0" eclass="HBEFA3/PC_G_EU4" CO2="6674.22" CO="67.38" HC="0.47" NOx="2.49" PMx="0.13" fuel="2.87" electricity="0.00" noise="72.03" route="routetop" type="cfm-fast" waiting="0.00" lane="top_0" pos="37.79" speed="25.00" angle="206.51" x="0.07" y="89.38"/>
        <vehicle id="cfm-fast_1" eclass="HBEFA3/PC_G_EU4" CO2="141482.08" CO="5886.98" HC="30.62" NOx="64.95" PMx="4.94" fuel="60.82" electricity="0.00" noise="116.39" route="routetop" type="cfm-fast" waiting="0.00" lane="top_1" pos="13.53" speed="106.59" angle="250.12" x="36.72" y="123.14"/>
        <vehicle id="cfm-fast_2" eclass="HBEFA3/PC_G_EU4" CO2="10029.08" CO="137.87" HC="0.88" NOx="4.06" PMx="0.22" fuel="4.31" electricity="0.00" noise="73.33" route="routetop" type="cfm-fast" waiting="0.00" lane="left_0" pos="3.78" speed="25.41" angle="177.73" x="-4.46" y="55.46"/>
        <vehicle id="cfm-fast_3" eclass="HBEFA3/PC_G_EU4" CO2="11423.00" CO="170.06" HC="1.06" NOx="4.70" PMx="0.26" fuel="4.91" electricity="0.00" noise="74.14" route="routetop" type="cfm-fast" waiting="0.00" lane="left_0" pos="20.24" speed="26.30" angle="148.00" x="8.48" y="22.91"/>
        <vehicle id="cfm-fast_4" eclass="HBEFA3/PC_G_EU4" CO2="10176.63" CO="149.11" HC="0.93" NOx="4.09" PMx="0.23" fuel="4.37" electricity="0.00" noise="74.00" route="routetop" type="cfm-fast" waiting="0.00" lane="left_0" pos="37.63" speed="27.30" angle="116.80" x="37.63" y="0.19"/>
        <vehicle id="cfm-fast_5" eclass="HBEFA3/PC_G_EU4" CO2="91077.23" CO="4988.70" HC="25.29" NOx="41.15" PMx="3.68" fuel="39.15" electricity="0.00" noise="108.89" route="routebottom" type="cfm-fast" waiting="0.00" lane="bottom_1" pos="11.69" speed="108.53" angle="73.45" x="87.11" y="2.72"/>
        <vehicle id="cfm-slow_0" eclass="HBEFA3/PC_G_EU4" CO2="6758.44" CO="82.55" HC="0.55" NOx="2.46" PMx="0.14" fuel="2.91" electricity="0.00" noise="73.29" route="routebottom" type="cfm-slow" waiting="0.00" lane="bottom_0" pos="6.03" speed="28.00" angle="83.60" x="76.67" y="-3.70"/>
        <vehicle id="cfm-slow_1" eclass="HBEFA3/PC_G_EU4" CO2="0.00" CO="0.00" HC="0.00" NOx="0.00" PMx="0.00" fuel="0.00" electricity="0.00" noise="72.50" route="routebottom" type="cfm-slow" waiting="0.00" lane="bottom_0" pos="29.11" speed="28.17" angle="42.07" x="118.00" y="21.80"/>
        <vehicle id="cfm-slow_2" eclass="HBEFA3/PC_G_EU4" CO2="0.00" CO="0.00" HC="0.00" NOx="0.00" PMx="0.00" fuel="0.00" electricity="0.00" noise="71.84" route="routebottom" type="cfm-slow" waiting="0.00" lane="right_0" pos="2.29" speed="27.74" angle="0.36" x="132.09" y="68.69"/>
        <vehicle id="cfm-slow_3" eclass="HBEFA3/PC_G_EU4" CO2="0.00" CO="0.00" HC="0.00" NOx="0.00" PMx="0.00" fuel="0.00" electricity="0.00" noise="71.29" route="routebottom" type="cfm-slow" waiting="0.00" lane="right_0" pos="25.00" speed="26.90" angle="319.49" x="112.17" y="112.16"/>
        <vehicle id="cfm-slow_4" eclass="HBEFA3/PC_G_EU4" CO2="0.00" CO="0.00" HC="0.00" NOx="0.00" PMx="0.00" fuel="0.00" electricity="0.00" noise="70.95" route="routebottom" type="cfm-slow" waiting="0.00" lane="right_0" pos="46.82" speed="25.93" angle="280.32" x="70.60" y="131.92"/>
        <vehicle id="cfm-slow_5" eclass="HBEFA3/PC_G_EU4" CO2="0.00" CO="0.00" HC="0.00" NOx="0.00" PMx="0.00" fuel="0.00" electricity="0.00" noise="71.12" route="routetop" type="cfm-slow" waiting="0.00" lane="top_0" pos="17.66" speed="25.20" angle="242.71" x="27.51" y="121.97"/>
    </timestep>
    <timestep time="9.87">
        <vehicle id="cfm-fast_0" eclass="HBEFA3/PC_G_EU4" CO2="6707.27" CO="68.08" HC="0.48" NOx="2.50" PMx="0.13" fuel="2.88" electricity="0.00" noise="72.04" route="routetop" type="cfm-fast" waiting="0.00" lane="top_0" pos="38.04" speed="25.00" angle="206.05" x="-0.13" y="88.88"/>
        <vehicle id="cfm-fast_1" eclass="HBEFA3/PC_G_EU4" CO2="140953.86" CO="5877.72" HC="30.57" NOx="64.70" PMx="4.93" fuel="60.59" electricity="0.00" noise="116.31" route="routetop" type="cfm-fast" waiting="0.00" lane="top_1" pos="14.60" speed="106.62" angle="248.19" x="34.74" y="122.21"/>
        <vehicle id="cfm-fast_2" eclass="HBEFA3/PC_G_EU4" CO2="10043.95" CO="138.21" HC="0.88" NOx="4.07" PMx="0.22" fuel="4.32" electricity="0.00" noise="73.34" route="routetop" type="cfm-fast" waiting="0.00" lane="left_0" pos="4.03" speed="25.42" angle="177.28" x="-4.38" y="54.92"/>
        <vehicle id="cfm-fast_3" eclass="HBEFA3/PC_G_EU4" CO2="11413.09" CO="169.90" HC="1.06" NOx="4.69" PMx="0.26" fuel="4.91" electricity="0.00" noise="74.14" route="routetop" type="cfm-fast" waiting="0.00" lane="left_0" pos="20.50" speed="26.31" angle="147.57" x="8.81" y="22.45"/>
        <vehicle id="cfm-fast_4" eclass="HBEFA3/PC_G_EU4" CO2="10144.62" CO="148.49" HC="0.93" NOx="4.07" PMx="0.23" fuel="4.36" electricity="0.00" noise="74.00" route="routetop" type="cfm-fast" waiting="0.00" lane="left_0" pos="37.91" speed="27.31" angle="116.29" x="38.18" y="-0.03"/>
        <vehicle id="cfm-fast_5" eclass="HBEFA3/PC_G_EU4" CO2="90990.83" CO="4987.18" HC="25.28" NOx="41.11" PMx="3.68" fuel="39.11" electricity="0.00" noise="108.88" route="routebottom" type="cfm-fast" waiting="0.00" lane="bottom_1" pos="12.77" speed="108.53" angle="71.53" x="89.18" y="3.54"/>
        <vehicle id="cfm-slow_0" eclass="HBEFA3/PC_G_EU4" CO2="6716.67" CO="81.70" HC="0.54" NOx="2.44" PMx="0.14" fuel="2.89" electricity="0.00" noise="73.28" route="routebottom" type="cfm-slow" waiting="0.00" lane="bottom_0" pos="6.32" speed="28.00" angle="83.12" x="77.26" y="-3.59"/>
        <vehicle id="cfm-slow_1" eclass="HBEFA3/PC_G_EU4" CO2="0.00" CO="0.00" HC="0.00" NOx="0.00" PMx="0.00" fuel="0.00" electricity="0.00" noise="72.49" route="routebottom" type="cfm-slow" waiting="0.00" lane="bottom_0" pos="29.39" speed="28.16" angle="41.56" x="118.37" y="22.27"/>
        <vehicle id="cfm-slow_2" eclass="HBEFA3/PC_G_EU4" CO2="0.00" CO="0.00" HC="0.00" NOx="0.00" PMx="0.00" fuel="0.00" electricity="0.00" noise="71.83" route="routebottom" type="cfm-slow" waiting="0.00" lane="right_0" pos="2.57" speed="27.74" angle="359.88" x="132.05" y="69.29"/>
        <vehicle id="cfm-slow_3" eclass="HBEFA3/PC_G_EU4" CO2="0.00" CO="0.00" HC="0.00" NOx="0.00" PMx="0.00" fuel="0.00" electricity="0.00" noise="71.28" route="routebottom" type="cfm-slow" waiting="0.00" lane="right_0" pos="25.27" speed="26.89" angle="318.99" x="111.76" y="112.57"/>
        <vehicle id="cfm-slow_4" eclass="HBEFA3/PC_G_EU4" CO2="0.00" CO="0.00" HC="0.00" NOx="0.00" PMx="0.00" fuel="0.00" electricity="0.00" noise="70.95" route="routebottom" type="cfm-slow" waiting="0.00" lane="right_0" pos="47.08" speed="25.92" angle="279.84" x="70.04" y="131.97"/>
        <vehicle id="cfm-slow_5" eclass="HBEFA3/PC_G_EU4" CO2="0.00" CO="0.00" HC="0.00" NOx="0.00" PMx="0.00" fuel="0.00" electricity="0.00" noise="71.13" route="routetop" type="cfm-slow" waiting="0.00" lane="top_0" pos="17.91" speed="25.20" angle="242.31" x="27.04" y="121.70"/>
    </timestep>
    <timestep time="9.88">
        <vehicle id="cfm-fast_0" eclass="HBEFA3/PC_G_EU4" CO2="6740.14" CO="68.76" HC="0.48" NOx="2.52" PMx="0.13" fuel="2.90" electricity="0.00" noise="72.05" route="routetop" type="cfm-fast" waiting="0.00" lane="top_0" pos="38.29" speed="25.00" angle="205.59" x="-0.33" y="88.38"/>
        <vehicle id="cfm-fast_1" eclass="HBEFA3/PC_G_EU4" CO2="140429.80" CO="5868.53" HC="30.51" NOx="64.45" PMx="4.92" fuel="60.37" electricity="0.00" noise="116.23" route="routetop" type="cfm-fast" waiting="0.00" lane="top_1" pos="15.66" speed="106.64" angle="246.30" x="32.80" y="121.21"/>
        <vehicle id="cfm-fast_2" eclass="HBEFA3/PC_G_EU4" CO2="10058.60" CO="138.54" HC="0.88" NOx="4.07" PMx="0.22" fuel="4.32" electricity="0.00" noise="73.35" route="routetop" type="cfm-fast" waiting="0.00" lane="left_0" pos="4.29" speed="25.43" angle="176.82" x="-4.31" y="54.38"/>
        <vehicle id="cfm-fast_3" eclass="HBEFA3/PC_G_EU4" CO2="11402.97" CO="169.74" HC="1.06" NOx="4.69" PMx="0.26" fuel="4.90" electricity="0.00" noise="74.14" route="routetop" type="cfm-fast" waiting="0.00" lane="left_0" pos="20.77" speed="26.32" angle="147.09" x="9.16" y="22.00"/>
        <vehicle id="cfm-fast_4" eclass="HBEFA3/PC_G_EU4" CO2="10112.50" CO="147.86" HC="0.93" NOx="4.06" PMx="0.23" fuel="4.35" electricity="0.00" noise="73.99" route="routetop" type="cfm-fast" waiting="0.00" lane="left_0" pos="38.18" speed="27.31" angle="115.79" x="38.72" y="-0.25"/>
        <vehicle id="cfm-fast_5" eclass="HBEFA3/PC_G_EU4" CO2="90905.62" CO="4985.68" HC="25.27" NOx="41.07" PMx="3.68" fuel="39.08" electricity="0.00" noise="108.87" route="routebottom" type="cfm-fast" waiting="0.00" lane="bottom_1" pos="13.86" speed="108.53" angle="69.56" x="91.21" y="4.45"/>
        <vehicle id="cfm-slow_0" eclass="HBEFA3/PC_G_EU4" CO2="6674.96" CO="80.86" HC="0.54" NOx="2.42" PMx="0.14" fuel="2.87" electricity="0.00" noise="73.27" route="routebottom" type="cfm-slow" waiting="0.00" lane="bottom_0" pos="6.60" speed="28.01" angle="82.61" x="77.85" y="-3.46"/>
        <vehicle id="cfm-slow_1" eclass="HBEFA3/PC_G_EU4" CO2="0.00" CO="0.00" HC="0.00" NOx="0.00" PMx="0.00" fuel="0.00" electricity="0.00" noise="72.49" route="routebottom" type="cfm-slow" waiting="0.00" lane="bottom_0" pos="29.67" speed="28.16" angle="41.09" x="118.73" y="22.76"/>
        <vehicle id="cfm-slow_2" eclass="HBEFA3/PC_G_EU4" CO2="0.00" CO="0.00" HC="0.00" NOx="0.00" PMx="0.00" fuel="0.00" electricity="0.00" noise="71.83" route="routebottom" type="cfm-slow" waiting="0.00" lane="right_0" pos="2.85" speed="27.73" angle="359.39" x="131.99" y="69.88"/>
        <vehicle id="cfm-slow_3" eclass="HBEFA3/PC_G_EU4" CO2="0.00" CO="0.00" HC="0.00" NOx="0.00" PMx="0.00" fuel="0.00" electricity="0.00" noise="71.28" route="routebottom" type="cfm-slow" waiting="0.00" lane="right_0" pos="25.54" speed="26.88" angle="318.50" x="111.35" y="112.98"/>
        <vehicle id="cfm-slow_4" eclass="HBEFA3/PC_G_EU4" CO2="0.00" CO="0.00" HC="0.00" NOx="0.00" PMx="0.00" fuel="0.00" electricity="0.00" noise="70.95" route="routebottom" type="cfm-slow" waiting="0.00" lane="right_0" pos="47.33" speed="25.91" angle="279.37" x="69.49" y="132.03"/>
        <vehicle id="cfm-slow_5" eclass="HBEFA3/PC_G_EU4" CO2="0.00" CO="0.00" HC="0.00" NOx="0.00" PMx="0.00" fuel="0.00" electricity="0.00" noise="71.14" route="routetop" type="cfm-slow" waiting="0.00" lane="top_0" pos="18.16" speed="25.19" angle="241.84" x="26.59" y="121.40"/>
    </timestep>
    <timestep time="9.89">
        <vehicle id="cfm-fast_0" eclass="HBEFA3/PC_G_EU4" CO2="6772.85" CO="69.45" HC="0.48" NOx="2.53" PMx="0.14" fuel="2.91" electricity="0.00" noise="72.07" route="routetop" type="cfm-fast" waiting="0.00" lane="top_0" pos="38.54" speed="25.01" angle="205.19" x="-0.53" y="87.88"/>
        <vehicle id="cfm-fast_1" eclass="HBEFA3/PC_G_EU4" CO2="139909.88" CO="5859.42" HC="30.46" NOx="64.21" PMx="4.90" fuel="60.14" electricity="0.00" noise="116.15" route="routetop" type="cfm-fast" waiting="0.00" lane="top_1" pos="16.73" speed="106.66" angle="244.43" x="30.88" y="120.15"/>
        <vehicle id="cfm-fast_2" eclass="HBEFA3/PC_G_EU4" CO2="10073.01" CO="138.87" HC="0.88" NOx="4.08" PMx="0.22" fuel="4.33" electricity="0.00" noise="73.36" route="routetop" type="cfm-fast" waiting="0.00" lane="left_0" pos="4.54" speed="25.44" angle="176.36" x="-4.23" y="53.84"/>
        <vehicle id="cfm-fast_3" eclass="HBEFA3/PC_G_EU4" CO2="11392.63" CO="169.57" HC="1.06" NOx="4.68" PMx="0.26" fuel="4.90" electricity="0.00" noise="74.14" route="routetop" type="cfm-fast" waiting="0.00" lane="left_0" pos="21.03" speed="26.33" angle="146.61" x="9.51" y="21.56"/>
        <vehicle id="cfm-fast_4" eclass="HBEFA3/PC_G_EU4" CO2="10080.28" CO="147.24" HC="0.92" NOx="4.04" PMx="0.23" fuel="4.33" electricity="0.00" noise="73.98" route="routetop" type="cfm-fast" waiting="0.00" lane="left_0" pos="38.45" speed="27.32" angle="115.33" x="39.27" y="-0.46"/>
        <vehicle id="cfm-fast_5" eclass="HBEFA3/PC_G_EU4" CO2="90821.58" CO="4984.20" HC="25.26" NOx="41.03" PMx="3.68" fuel="39.04" electricity="0.00" noise="108.85" route="routebottom" type="cfm-fast" waiting="0.00" lane="bottom_1" pos="14.94" speed="108.54" angle="67.59" x="93.21" y="5.43"/>
        <vehicle id="cfm-slow_0" eclass="HBEFA3/PC_G_EU4" CO2="6633.31" CO="80.01" HC="0.53" NOx="2.40" PMx="0.14" fuel="2.85" electricity="0.00" noise="73.26" route="routebottom" type="cfm-slow" waiting="0.00" lane="bottom_0" pos="6.88" speed="28.01" angle="82.07" x="78.43" y="-3.33"/>
        <vehicle id="cfm-slow_1" eclass="HBEFA3/PC_G_EU4" CO2="0.00" CO="0.00" HC="0.00" NOx="0.00" PMx="0.00" fuel="0.00" electricity="0.00" noise="72.48" route="routebottom" type="cfm-slow" waiting="0.00" lane="bottom_0" pos="29.95" speed="28.16" angle="40.57" x="119.09" y="23.25"/>
        <vehicle id="cfm-slow_2" eclass="HBEFA3/PC_G_EU4" CO2="0.00" CO="0.00" HC="0.00" NOx="0.00" PMx="0.00" fuel="0.00" electricity="0.00" noise="71.82" route="routebottom" type="cfm-slow" waiting="0.00" lane="right_0" pos="3.13" speed="27.72" angle="358.89" x="131.93" y="70.47"/>
        <vehicle id="cfm-slow_3" eclass="HBEFA3/PC_G_EU4" CO2="0.00" CO="0.00" HC="0.00" NOx="0.00" PMx="0.00" fuel="0.00" electricity="0.00" noise="71.28" route="routebottom" type="cfm-slow" waiting="0.00" lane="right_0" pos="25.81" speed="26.87" angle="318.06" x="110.93" y="113.38"/>
        <vehicle id="cfm-slow_4" eclass="HBEFA3/PC_G_EU4" CO2="0.00" CO="0.00" HC="0.00" NOx="0.00" PMx="0.00" fuel="0.00" electricity="0.00" noise="70.95" route="routebottom" type="cfm-slow" waiting="0.00" lane="right_0" pos="47.59" speed="25.91" angle="278.95" x="68.93" y="132.07"/>
        <vehicle id="cfm-slow_5" eclass="HBEFA3/PC_G_EU4" CO2="0.00" CO="0.00" HC="0.00" NOx="0.00" PMx="0.00" fuel="0.00" electricity="0.00" noise="71.14" route="routetop" type="cfm-slow" waiting="0.00" lane="top_0" pos="18.41" speed="25.19" angle="241.35" x="26.14" y="121.10"/>
    </timestep>
    <timestep time="9.90">
        <vehicle id="cfm-fast_0" eclass="HBEFA3/PC_G_EU4" CO2="6805.38" CO="70.13" HC="0.49" NOx="2.55" PMx="0.14" fuel="2.93" electricity="0.00" noise="72.08" route="routetop" type="cfm-fast" waiting="0.00" lane="top_0" pos="38.79" speed="25.01" angle="204.72" x="-0.71" y="87.38"/>
        <vehicle id="cfm-fast_1" eclass="HBEFA3/PC_G_EU4" CO2="139394.07" CO="5850.37" HC="30.40" NOx="63.96" PMx="4.89" fuel="59.92" electricity="0.00" noise="116.07" route="routetop" type="cfm-fast" waiting="0.00" lane="top_1" pos="17.80" speed="106.68" angle="242.47" x="29.01" y="119.02"/>
        <vehicle id="cfm-fast_2" eclass="HBEFA3/PC_G_EU4" CO2="10087.19" CO="139.19" HC="0.89" NOx="4.09" PMx="0.22" fuel="4.34" electricity="0.00" noise="73.37" route="routetop" type="cfm-fast" waiting="0.00" lane="left_0" pos="4.79" speed="25.45" angle="175.90" x="-4.16" y="53.29"/>
        <vehicle id="cfm-fast_3" eclass="HBEFA3/PC_G_EU4" CO2="11382.08" CO="169.39" HC="1.06" NOx="4.68" PMx="0.26" fuel="4.89" electricity="0.00" noise="74.13" route="routetop" type="cfm-fast" waiting="0.00" lane="left_0" pos="21.29" speed="26.34" angle="146.12" x="9.86" y="21.11"/>
        <vehicle id="cfm-fast_4" eclass="HBEFA3/PC_G_EU4" CO2="10047.96" CO="146.61" HC="0.92" NOx="4.03" PMx="0.23" fuel="4.32" electricity="0.00" noise="73.97" route="routetop" type="cfm-fast" waiting="0.00" lane="left_0" pos="38.73" speed="27.33" angle="114.84" x="39.82" y="-0.67"/>
        <vehicle id="cfm-fast_5" eclass="HBEFA3/PC_G_EU4" CO2="90738.71" CO="4982.75" HC="25.26" NOx="41.00" PMx="3.68" fuel="39.01" electricity="0.00" noise="108.84" route="routebottom" type="cfm-fast" waiting="0.00" lane="bottom_1" pos="16.03" speed="108.54" angle="65.67" x="95.18" y="6.47"/>
        <vehicle id="cfm-slow_0" eclass="HBEFA3/PC_G_EU4" CO2="6591.72" CO="79.17" HC="0.53" NOx="2.38" PMx="0.14" fuel="2.83" electricity="0.00" noise="73.25" route="routebottom" type="cfm-slow" waiting="0.00" lane="bottom_0" pos="7.16" speed="28.01" angle="81.54" x="79.02" y="-3.19"/>
        <vehicle id="cfm-slow_1" eclass="HBEFA3/PC_G_EU4" CO2="0.00" CO="0.00" HC="0.00" NOx="0.00" PMx="0.00" fuel="0.00" electricity="0.00" noise="72.47" route="routebottom" type="cfm-slow" waiting="0.00" lane="bottom_0" pos="30.24" speed="28.15" angle="40.06" x="119.44" y="23.74"/>
        <vehicle id="cfm-slow_2" eclass="HBEFA3/PC_G_EU4" CO2="0.00" CO="0.00" HC="0.00" NOx="0.00" PMx="0.00" fuel="0.00" electricity="0.00" noise="71.82" route="routebottom" type="cfm-slow" waiting="0.00" lane="right_0" pos="3.40" speed="27.71" angle="358.39" x="131.87" y="71.07"/>
        <vehicle id="cfm-slow_3" eclass="HBEFA3/PC_G_EU4" CO2="0.00" CO="0.00" HC="0.00" NOx="0.00" PMx="0.00" fuel="0.00" electricity="0.00" noise="71.27" route="routebottom" type="cfm-slow" waiting="0.00" lane="right_0" pos="26.07" speed="26.86" angle="317.57" x="110.51" y="113.77"/>
        <vehicle id="cfm-slow_4" eclass="HBEFA3/PC_G_EU4" CO2="0.00" CO="0.00" HC="0.00" NOx="0.00" PMx="0.00" fuel="0.00" electricity="0.00" noise="70.95" route="routebottom" type="cfm-slow" waiting="0.00" lane="right_0" pos="47.85" speed="25.90" angle="278.47" x="68.38" y="132.11"/>
        <vehicle id="cfm-slow_5" eclass="HBEFA3/PC_G_EU4" CO2="0.00" CO="0.00" HC="0.00" NOx="0.00" PMx="0.00" fuel="0.00" electricity="0.00" noise="71.15" route="routetop" type="cfm-slow" waiting="0.00" lane="top_0" pos="18.66" speed="25.19" angle="240.86" x="25.69" y="120.79"/>
    </timestep>
    <timestep time="9.91">
        <vehicle id="cfm-fast_0" eclass="HBEFA3/PC_G_EU4" CO2="6837.74" CO="70.81" HC="0.49" NOx="2.56" PMx="0.14" fuel="2.94" electricity="0.00" noise="72.09" route="routetop" type="cfm-fast" waiting="0.00" lane="top_0" pos="39.04" speed="25.02" angle="204.26" x="-0.89" y="86.87"/>
        <vehicle id="cfm-fast_1" eclass="HBEFA3/PC_G_EU4" CO2="138882.35" CO="5841.40" HC="30.35" NOx="63.72" PMx="4.88" fuel="59.70" electricity="0.00" noise="115.99" route="routetop" type="cfm-fast" waiting="0.00" lane="top_1" pos="18.87" speed="106.71" angle="240.51" x="27.18" y="117.82"/>
        <vehicle id="cfm-fast_2" eclass="HBEFA3/PC_G_EU4" CO2="10101.15" CO="139.51" HC="0.89" NOx="4.09" PMx="0.22" fuel="4.34" electricity="0.00" noise="73.37" route="routetop" type="cfm-fast" waiting="0.00" lane="left_0" pos="5.05" speed="25.46" angle="175.38" x="-4.08" y="52.75"/>
        <vehicle id="cfm-fast_3" eclass="HBEFA3/PC_G_EU4" CO2="11371.32" CO="169.21" HC="1.05" NOx="4.67" PMx="0.26" fuel="4.89" electricity="0.00" noise="74.13" route="routetop" type="cfm-fast" waiting="0.00" lane="left_0" pos="21.56" speed="26.35" angle="145.64" x="10.21" y="20.66"/>
        <vehicle id="cfm-fast_4" eclass="HBEFA3/PC_G_EU4" CO2="10015.53" CO="145.98" HC="0.92" NOx="4.01" PMx="0.23" fuel="4.31" electricity="0.00" noise="73.96" route="routetop" type="cfm-fast" waiting="0.00" lane="left_0" pos="39.00" speed="27.34" angle="114.34" x="40.37" y="-0.86"/>
        <vehicle id="cfm-fast_5" eclass="HBEFA3/PC_G_EU4" CO2="90656.96" CO="4981.31" HC="25.25" NOx="40.96" PMx="3.67" fuel="38.97" electricity="0.00" noise="108.83" route="routebottom" type="cfm-fast" waiting="0.00" lane="bottom_1" pos="17.11" speed="108.54" angle="63.71" x="97.11" y="7.58"/>
        <vehicle id="cfm-slow_0" eclass="HBEFA3/PC_G_EU4" CO2="6550.19" CO="78.32" HC="0.52" NOx="2.36" PMx="0.14" fuel="2.82" electricity="0.00" noise="73.24" route="routebottom" type="cfm-slow" waiting="0.00" lane="bottom_0" pos="7.44" speed="28.01" angle="81.00" x="79.61" y="-3.06"/>
        <vehicle id="cfm-slow_1" eclass="HBEFA3/PC_G_EU4" CO2="0.00" CO="0.00" HC="0.00" NOx="0.00" PMx="0.00" fuel="0.00" electricity="0.00" noise="72.46" route="routebottom" type="cfm-slow" waiting="0.00" lane="bottom_0" pos="30.52" speed="28.15" angle="39.54" x="119.80" y="24.23"/>
        <vehicle id="cfm-slow_2" eclass="HBEFA3/PC_G_EU4" CO2="0.00" CO="0.00" HC="0.00" NOx="0.00" PMx="0.00" fuel="0.00" electricity="0.00" noise="71.81" route="routebottom" type="cfm-slow" waiting="0.00" lane="right_0" pos="3.68" speed="27.70" angle="357.89" x="131.81" y="71.66"/>
        <vehicle id="cfm-slow_3" eclass="HBEFA3/PC_G_EU4" CO2="0.00" CO="0.00" HC="0.00" NOx="0.00" PMx="0.00" fuel="0.00" electricity="0.00" noise="71.27" route="routebottom" type="cfm-slow" waiting="0.00" lane="right_0" pos="26.34" speed="26.85" angle="317.08" x="110.08" y="114.17"/>
        <vehicle id="cfm-slow_4" eclass="HBEFA3/PC_G_EU4" CO2="0.00" CO="0.00" HC="0.00" NOx="0.00" PMx="0.00" fuel="0.00" electricity="0.00" noise="70.95" route="routebottom" type="cfm-slow" waiting="0.00" lane="right_0" pos="48.11" speed="25.89" angle="277.98" x="67.82" y="132.14"/>
        <vehicle id="cfm-slow_5" eclass="HBEFA3/PC_G_EU4" CO2="0.00" CO="0.00" HC="0.00" NOx="0.00" PMx="0.00" fuel="0.00" electricity="0.00" noise="71.16" route="routetop" type="cfm-slow" waiting="0.00" lane="top_0" pos="18.92" speed="25.19" angle="240.37" x="25.24" y="120.49"/>
    </timestep>
    <timestep time="9.92">
        <vehicle id="cfm-fast_0" eclass="HBEFA3/PC_G_EU4" CO2="6869.93" CO="71.49" HC="0.50" NOx="2.58" PMx="0.14" fuel="2.95" electricity="0.00" noise="72.10" route="routetop" type="cfm-fast" waiting="0.00" lane="top_0" pos="39.29" speed="25.02" angle="203.80" x="-1.07" y="86.36"/>
        <vehicle id="cfm-fast_1" eclass="HBEFA3/PC_G_EU4" CO2="138374.69" CO="5832.49" HC="30.30" NOx="63.48" PMx="4.87" fuel="59.48" electricity="0.00" noise="115.92" route="routetop" type="cfm-fast" waiting="0.00" lane="top_1" pos="19.93" speed="106.73" angle="238.57" x="25.39" y="116.56"/>
        <vehicle id="cfm-fast_2" eclass="HBEFA3/PC_G_EU4" CO2="10114.87" CO="139.82" HC="0.89" NOx="4.10" PMx="0.22" fuel="4.35" electricity="0.00" noise="73.38" route="routetop" type="cfm-fast" waiting="0.00" lane="left_0" pos="5.30" speed="25.47" angle="174.94" x="-3.99" y="52.21"/>
        <vehicle id="cfm-fast_3" eclass="HBEFA3/PC_G_EU4" CO2="11360.34" CO="169.03" HC="1.05" NOx="4.67" PMx="0.26" fuel="4.88" electricity="0.00" noise="74.13" route="routetop" type="cfm-fast" waiting="0.00" lane="left_0" pos="21.82" speed="26.36" angle="145.21" x="10.56" y="20.22"/>
        <vehicle id="cfm-fast_4" eclass="HBEFA3/PC_G_EU4" CO2="9983.00" CO="145.34" HC="0.91" NOx="3.99" PMx="0.23" fuel="4.29" electricity="0.00" noise="73.96" route="routetop" type="cfm-fast" waiting="0.00" lane="left_0" pos="39.27" speed="27.34" angle="113.83" x="40.93" y="-1.06"/>
        <vehicle id="cfm-fast_5" eclass="HBEFA3/PC_G_EU4" CO2="90576.33" CO="4979.90" HC="25.24" NOx="40.92" PMx="3.67" fuel="38.94" electricity="0.00" noise="108.82" route="routebottom" type="cfm-fast" waiting="0.00" lane="bottom_1" pos="18.20" speed="108.55" angle="61.72" x="99.00" y="8.75"/>
        <vehicle id="cfm-slow_0" eclass="HBEFA3/PC_G_EU4" CO2="6508.73" CO="77.48" HC="0.52" NOx="2.34" PMx="0.14" fuel="2.80" electricity="0.00" noise="73.23" route="routebottom" type="cfm-slow" waiting="0.00" lane="bottom_0" pos="7.72" speed="28.01" angle="80.54" x="80.20" y="-2.92"/>
        <vehicle id="cfm-slow_1" eclass="HBEFA3/PC_G_EU4" CO2="0.00" CO="0.00" HC="0.00" NOx="0.00" PMx="0.00" fuel="0.00" electricity="0.00" noise="72.46" route="routebottom" type="cfm-slow" waiting="0.00" lane="bottom_0" pos="30.80" speed="28.14" angle="39.08" x="120.15" y="24.73"/>
        <vehicle id="cfm-slow_2" eclass="HBEFA3/PC_G_EU4" CO2="0.00" CO="0.00" HC="0.00" NOx="0.00" PMx="0.00" fuel="0.00" electricity="0.00" noise="71.81" route="routebottom" type="cfm-slow" waiting="0.00" lane="right_0" pos="3.96" speed="27.70" angle="357.41" x="131.73" y="72.25"/>
        <vehicle id="cfm-slow_3" eclass="HBEFA3/PC_G_EU4" CO2="0.00" CO="0.00" HC="0.00" NOx="0.00" PMx="0.00" fuel="0.00" electricity="0.00" noise="71.27" route="routebottom" type="cfm-slow" waiting="0.00" lane="right_0" pos="26.61" speed="26.84" angle="316.59" x="109.66" y="114.56"/>
        <vehicle id="cfm-slow_4" eclass="HBEFA3/PC_G_EU4" CO2="0.00" CO="0.00" HC="0.00" NOx="0.00" PMx="0.00" fuel="0.00" electricity="0.00" noise="70.95" route="routebottom" type="cfm-slow" waiting="0.00" lane="right_0" pos="48.37" speed="25.88" angle="277.50" x="67.26" y="132.17"/>
        <vehicle id="cfm-slow_5" eclass="HBEFA3/PC_G_EU4" CO2="0.00" CO="0.00" HC="0.00" NOx="0.00" PMx="0.00" fuel="0.00" electricity="0.00" noise="71.16" route="routetop" type="cfm-slow" waiting="0.00" lane="top_0" pos="19.17" speed="25.18" angle="239.92" x="24.79" y="120.19"/>
    </timestep>
    <timestep time="9.93">
        <vehicle id="cfm-fast_0" eclass="HBEFA3/PC_G_EU4" CO2="6901.95" CO="72.16" HC="0.50" NOx="2.59" PMx="0.14" fuel="2.97" electricity="0.00" noise="72.11" route="routetop" type="cfm-fast" waiting="0.00" lane="top_0" pos="39.54" speed="25.02" angle="203.34" x="-1.26" y="85.86"/>
        <vehicle id="cfm-fast_1" eclass="HBEFA3/PC_G_EU4" CO2="137871.07" CO="5823.66" HC="30.25" NOx="63.24" PMx="4.85" fuel="59.27" electricity="0.00" noise="115.84" route="routetop" type="cfm-fast" waiting="0.00" lane="top_1" pos="21.00" speed="106.75" angle="236.67" x="23.64" y="115.25"/>
        <vehicle id="cfm-fast_2" eclass="HBEFA3/PC_G_EU4" CO2="10128.36" CO="140.13" HC="0.89" NOx="4.11" PMx="0.22" fuel="4.35" electricity="0.00" noise="73.39" route="routetop" type="cfm-fast" waiting="0.00" lane="left_0" pos="5.56" speed="25.47" angle="174.48" x="-3.89" y="51.67"/>
        <vehicle id="cfm-fast_3" eclass="HBEFA3/PC_G_EU4" CO2="11349.16" CO="168.84" HC="1.05" NOx="4.66" PMx="0.26" fuel="4.88" electricity="0.00" noise="74.13" route="routetop" type="cfm-fast" waiting="0.00" lane="left_0" pos="22.08" speed="26.37" angle="144.72" x="10.93" y="19.79"/>
        <vehicle id="cfm-fast_4" eclass="HBEFA3/PC_G_EU4" CO2="9950.37" CO="144.71" HC="0.91" NOx="3.98" PMx="0.22" fuel="4.28" electricity="0.00" noise="73.95" route="routetop" type="cfm-fast" waiting="0.00" lane="left_0" pos="39.55" speed="27.35" angle="113.33" x="41.48" y="-1.26"/>
        <vehicle id="cfm-fast_5" eclass="HBEFA3/PC_G_EU4" CO2="90496.79" CO="4978.51" HC="25.23" NOx="40.88" PMx="3.67" fuel="38.90" electricity="0.00" noise="108.81" route="routebottom" type="cfm-fast" waiting="0.00" lane="bottom_1" pos="19.28" speed="108.55" angle="59.73" x="100.85" y="9.98"/>
        <vehicle id="cfm-slow_0" eclass="HBEFA3/PC_G_EU4" CO2="6467.33" CO="76.64" HC="0.51" NOx="2.32" PMx="0.14" fuel="2.78" electricity="0.00" noise="73.22" route="routebottom" type="cfm-slow" waiting="0.00" lane="bottom_0" pos="8.00" speed="28.02" angle="80.03" x="80.78" y="-2.77"/>
        <vehicle id="cfm-slow_1" eclass="HBEFA3/PC_G_EU4" CO2="0.00" CO="0.00" HC="0.00" NOx="0.00" PMx="0.00" fuel="0.00" electricity="0.00" noise="72.45" route="routebottom" type="cfm-slow" waiting="0.00" lane="bottom_0" pos="31.08" speed="28.14" angle="38.58" x="120.49" y="25.23"/>
        <vehicle id="cfm-slow_2" eclass="HBEFA3/PC_G_EU4" CO2="0.00" CO="0.00" HC="0.00" NOx="0.00" PMx="0.00" fuel="0.00" electricity="0.00" noise="71.80" route="routebottom" type="cfm-slow" waiting="0.00" lane="right_0" pos="4.23" speed="27.69" angle="356.91" x="131.65" y="72.84"/>
        <vehicle id="cfm-slow_3" eclass="HBEFA3/PC_G_EU4" CO2="0.00" CO="0.00" HC="0.00" NOx="0.00" PMx="0.00" fuel="0.00" electricity="0.00" noise="71.26" route="routebottom" type="cfm-slow" waiting="0.00" lane="right_0" pos="26.88" speed="26.83" angle="316.14" x="109.23" y="114.95"/>
        <vehicle id="cfm-slow_4" eclass="HBEFA3/PC_G_EU4" CO2="0.00" CO="0.00" HC="0.00" NOx="0.00" PMx="0.00" fuel="0.00" electricity="0.00" noise="70.96" route="routebottom" type="cfm-slow" waiting="0.00" lane="right_0" pos="48.63" speed="25.88" angle="277.01" x="66.71" y="132.20"/>
        <vehicle id="cfm-slow_5" eclass="HBEFA3/PC_G_EU4" CO2="0.00" CO="0.00" HC="0.00" NOx="0.00" PMx="0.00" fuel="0.00" electricity="0.00" noise="71.17" route="routetop" type="cfm-slow" waiting="0.00" lane="top_0" pos="19.42" speed="25.18" angle="239.49" x="24.35" y="119.88"/>
    </timestep>
    <timestep time="9.94">
        <vehicle id="cfm-fast_0" eclass="HBEFA3/PC_G_EU4" CO2="6933.80" CO="72.83" HC="0.50" NOx="2.61" PMx="0.14" fuel="2.98" electricity="0.00" noise="72.12" route="routetop" type="cfm-fast" waiting="0.00" lane="top_0" pos="39.79" speed="25.03" angle="202.94" x="-1.44" y="85.35"/>
        <vehicle id="cfm-fast_1" eclass="HBEFA3/PC_G_EU4" CO2="137371.47" CO="5814.89" HC="30.19" NOx="63.01" PMx="4.84" fuel="59.05" electricity="0.00" noise="115.76" route="routetop" type="cfm-fast" waiting="0.00" lane="top_1" pos="22.07" speed="106.77" angle="234.77" x="21.93" y="113.88"/>
        <vehicle id="cfm-fast_2" eclass="HBEFA3/PC_G_EU4" CO2="10141.62" CO="140.43" HC="0.89" NOx="4.11" PMx="0.22" fuel="4.36" electricity="0.00" noise="73.40" route="routetop" type="cfm-fast" waiting="0.00" lane="left_0" pos="5.81" speed="25.48" angle="174.01" x="-3.79" y="51.13"/>
        <vehicle id="cfm-fast_3" eclass="HBEFA3/PC_G_EU4" CO2="11337.76" CO="168.65" HC="1.05" NOx="4.66" PMx="0.26" fuel="4.87" electricity="0.00" noise="74.13" route="routetop" type="cfm-fast" waiting="0.00" lane="left_0" pos="22.35" speed="26.38" angle="144.22" x="11.30" y="19.35"/>
        <vehicle id="cfm-fast_4" eclass="HBEFA3/PC_G_EU4" CO2="9917.65" CO="144.07" HC="0.91" NOx="3.96" PMx="0.22" fuel="4.26" electricity="0.00" noise="73.94" route="routetop" type="cfm-fast" waiting="0.00" lane="left_0" pos="39.82" speed="27.36" angle="112.89" x="42.04" y="-1.45"/>
        <vehicle id="cfm-fast_5" eclass="HBEFA3/PC_G_EU4" CO2="90418.32" CO="4977.13" HC="25.22" NOx="40.84" PMx="3.67" fuel="38.87" electricity="0.00" noise="108.80" route="routebottom" type="cfm-fast" waiting="0.00" lane="bottom_1" pos="20.37" speed="108.55" angle="57.75" x="102.66" y="11.28"/>
        <vehicle id="cfm-slow_0" eclass="HBEFA3/PC_G_EU4" CO2="6425.99" CO="75.80" HC="0.51" NOx="2.30" PMx="0.14" fuel="2.76" electricity="0.00" noise="73.21" route="routebottom" type="cfm-slow" waiting="0.00" lane="bottom_0" pos="8.28" speed="28.02" angle="79.51" x="81.36" y="-2.61"/>
        <vehicle id="cfm-slow_1" eclass="HBEFA3/PC_G_EU4" CO2="0.00" CO="0.00" HC="0.00" NOx="0.00" PMx="0.00" fuel="0.00" electricity="0.00" noise="72.44" route="routebottom" type="cfm-slow" waiting="0.00" lane="bottom_0" pos="31.36" speed="28.14" angle="38.07" x="120.82" y="25.73"/>
        <vehicle id="cfm-slow_2" eclass="HBEFA3/PC_G_EU4" CO2="0.00" CO="0.00" HC="0.00" NOx="0.00" PMx="0.00" fuel="0.00" electricity="0.00" noise="71.80" route="routebottom" type="cfm-slow" waiting="0.00" lane="right_0" pos="4.51" speed="27.68" angle="356.41" x="131.57" y="73.43"/>
        <vehicle id="cfm-slow_3" eclass="HBEFA3/PC_G_EU4" CO2="0.00" CO="0.00" HC="0.00" NOx="0.00" PMx="0.00" fuel="0.00" electricity="0.00" noise="71.26" route="routebottom" type="cfm-slow" waiting="0.00" lane="right_0" pos="27.15" speed="26.82" angle="315.66" x="108.80" y="115.33"/>
        <vehicle id="cfm-slow_4" eclass="HBEFA3/PC_G_EU4" CO2="0.00" CO="0.00" HC="0.00" NOx="0.00" PMx="0.00" fuel="0.00" electricity="0.00" noise="70.96" route="routebottom" type="cfm-slow" waiting="0.00" lane="right_0" pos="48.89" speed="25.87" angle="276.59" x="66.15" y="132.23"/>
        <vehicle id="cfm-slow_5" eclass="HBEFA3/PC_G_EU4" CO2="0.00" CO="0.00" HC="0.00" NOx="0.00" PMx="0.00" fuel="0.00" electricity="0.00" noise="71.18" route="routetop" type="cfm-slow" waiting="0.00" lane="top_0" pos="19.67" speed="25.18" angle="239.03" x="23.91" y="119.56"/>
    </timestep>
    <timestep time="9.95">
        <vehicle id="cfm-fast_0" eclass="HBEFA3/PC_G_EU4" CO2="6965.47" CO="73.49" HC="0.51" NOx="2.62" PMx="0.14" fuel="2.99" electricity="0.00" noise="72.13" route="routetop" type="cfm-fast" waiting="0.00" lane="top_0" pos="40.04" speed="25.03" angle="202.47" x="-1.59" y="84.83"/>
        <vehicle id="cfm-fast_1" eclass="HBEFA3/PC_G_EU4" CO2="136875.87" CO="5806.19" HC="30.14" NOx="62.78" PMx="4.83" fuel="58.84" electricity="0.00" noise="115.69" route="routetop" type="cfm-fast" waiting="0.00" lane="top_1" pos="23.14" speed="106.79" angle="232.85" x="20.26" y="112.47"/>
        <vehicle id="cfm-fast_2" eclass="HBEFA3/PC_G_EU4" CO2="10154.65" CO="140.73" HC="0.89" NOx="4.12" PMx="0.22" fuel="4.37" electricity="0.00" noise="73.40" route="routetop" type="cfm-fast" waiting="0.00" lane="left_0" pos="6.07" speed="25.49" angle="173.55" x="-3.69" y="50.59"/>
        <vehicle id="cfm-fast_3" eclass="HBEFA3/PC_G_EU4" CO2="11326.15" CO="168.45" HC="1.05" NOx="4.65" PMx="0.26" fuel="4.87" electricity="0.00" noise="74.13" route="routetop" type="cfm-fast" waiting="0.00" lane="left_0" pos="22.61" speed="26.39" angle="143.73" x="11.66" y="18.92"/>
        <vehicle id="cfm-fast_4" eclass="HBEFA3/PC_G_EU4" CO2="9884.82" CO="143.43" HC="0.90" NOx="3.95" PMx="0.22" fuel="4.25" electricity="0.00" noise="73.93" route="routetop" type="cfm-fast" waiting="0.00" lane="left_0" pos="40.09" speed="27.36" angle="112.38" x="42.60" y="-1.63"/>
        <vehicle id="cfm-fast_5" eclass="HBEFA3/PC_G_EU4" CO2="90340.91" CO="4975.78" HC="25.21" NOx="40.81" PMx="3.67" fuel="38.83" electricity="0.00" noise="108.79" route="routebottom" type="cfm-fast" waiting="0.00" lane="bottom_1" pos="21.46" speed="108.56" angle="55.82" x="104.42" y="12.65"/>
        <vehicle id="cfm-slow_0" eclass="HBEFA3/PC_G_EU4" CO2="6384.72" CO="74.96" HC="0.50" NOx="2.28" PMx="0.13" fuel="2.74" electricity="0.00" noise="73.20" route="routebottom" type="cfm-slow" waiting="0.00" lane="bottom_0" pos="8.56" speed="28.02" angle="79.00" x="81.94" y="-2.45"/>
        <vehicle id="cfm-slow_1" eclass="HBEFA3/PC_G_EU4" CO2="0.00" CO="0.00" HC="0.00" NOx="0.00" PMx="0.00" fuel="0.00" electricity="0.00" noise="72.44" route="routebottom" type="cfm-slow" waiting="0.00" lane="bottom_0" pos="31.64" speed="28.13" angle="37.57" x="121.16" y="26.23"/>
        <vehicle id="cfm-slow_2" eclass="HBEFA3/PC_G_EU4" CO2="0.00" CO="0.00" HC="0.00" NOx="0.00" PMx="0.00" fuel="0.00" electricity="0.00" noise="71.79" route="routebottom" type="cfm-slow" waiting="0.00" lane="right_0" pos="4.79" speed="27.67" angle="355.91" x="131.48" y="74.02"/>
        <vehicle id="cfm-slow_3" eclass="HBEFA3/PC_G_EU4" CO2="0.00" CO="0.00" HC="0.00" NOx="0.00" PMx="0.00" fuel="0.00" electricity="0.00" noise="71.26" route="routebottom" type="cfm-slow" waiting="0.00" lane="right_0" pos="27.42" speed="26.81" angle="315.16" x="108.36" y="115.70"/>
        <vehicle id="cfm-slow_4" eclass="HBEFA3/PC_G_EU4" CO2="0.00" CO="0.00" HC="0.00" NOx="0.00" PMx="0.00" fuel="0.00" electricity="0.00" noise="70.96" route="routebottom" type="cfm-slow" waiting="0.00" lane="right_0" pos="49.15" speed="25.86" angle="276.11" x="65.60" y="132.24"/>
        <vehicle id="cfm-slow_5" eclass="HBEFA3/PC_G_EU4" CO2="0.00" CO="0.00" HC="0.00" NOx="0.00" PMx="0.00" fuel="0.00" electricity="0.00" noise="71.18" route="routetop" type="cfm-slow" waiting="0.00" lane="top_0" pos="19.92" speed="25.18" angle="238.57" x="23.47" y="119.24"/>
    </timestep>
    <timestep time="9.96">
        <vehicle id="cfm-fast_0" eclass="HBEFA3/PC_G_EU4" CO2="6996.97" CO="74.15" HC="0.51" NOx="2.64" PMx="0.14" fuel="3.01" electricity="0.00" noise="72.15" route="routetop" type="cfm-fast" waiting="0.00" lane="top_0" pos="40.29" speed="25.04" angle="202.01" x="-1.75" y="84.32"/>
        <vehicle id="cfm-fast_1" eclass="HBEFA3/PC_G_EU4" CO2="136384.24" CO="5797.56" HC="30.09" NOx="62.54" PMx="4.82" fuel="58.63" electricity="0.00" noise="115.62" route="routetop" type="cfm-fast" waiting="0.00" lane="top_1" pos="24.20" speed="106.81" angle="230.89" x="18.65" y="110.98"/>
        <vehicle id="cfm-fast_2" eclass="HBEFA3/PC_G_EU4" CO2="10167.45" CO="141.03" HC="0.90" NOx="4.12" PMx="0.23" fuel="4.37" electricity="0.00" noise="73.41" route="routetop" type="cfm-fast" waiting="0.00" lane="left_0" pos="6.32" speed="25.50" angle="173.12" x="-3.59" y="50.05"/>
        <vehicle id="cfm-fast_3" eclass="HBEFA3/PC_G_EU4" CO2="11314.34" CO="168.25" HC="1.05" NOx="4.64" PMx="0.26" fuel="4.86" electricity="0.00" noise="74.13" route="routetop" type="cfm-fast" waiting="0.00" lane="left_0" pos="22.88" speed="26.40" angle="143.24" x="12.03" y="18.49"/>
        <vehicle id="cfm-fast_4" eclass="HBEFA3/PC_G_EU4" CO2="9851.90" CO="142.79" HC="0.90" NOx="3.93" PMx="0.22" fuel="4.23" electricity="0.00" noise="73.92" route="routetop" type="cfm-fast" waiting="0.00" lane="left_0" pos="40.37" speed="27.37" angle="111.86" x="43.16" y="-1.80"/>
        <vehicle id="cfm-fast_5" eclass="HBEFA3/PC_G_EU4" CO2="90264.53" CO="4974.45" HC="25.21" NOx="40.77" PMx="3.66" fuel="38.80" electricity="0.00" noise="108.77" route="routebottom" type="cfm-fast" waiting="0.00" lane="bottom_1" pos="22.54" speed="108.56" angle="53.90" x="106.13" y="14.06"/>
        <vehicle id="cfm-slow_0" eclass="HBEFA3/PC_G_EU4" CO2="6343.52" CO="74.12" HC="0.50" NOx="2.26" PMx="0.13" fuel="2.73" electricity="0.00" noise="73.19" route="routebottom" type="cfm-slow" waiting="0.00" lane="bottom_0" pos="8.84" speed="28.02" angle="78.50" x="82.52" y="-2.30"/>
        <vehicle id="cfm-slow_1" eclass="HBEFA3/PC_G_EU4" CO2="0.00" CO="0.00" HC="0.00" NOx="0.00" PMx="0.00" fuel="0.00" electricity="0.00" noise="72.43" route="routebottom" type="cfm-slow" waiting="0.00" lane="bottom_0" pos="31.92" speed="28.13" angle="37.06" x="121.50" y="26.74"/>
        <vehicle id="cfm-slow_2" eclass="HBEFA3/PC_G_EU4" CO2="0.00" CO="0.00" HC="0.00" NOx="0.00" PMx="0.00" fuel="0.00" electricity="0.00" noise="71.78" route="routebottom" type="cfm-slow" waiting="0.00" lane="right_0" pos="5.06" speed="27.66" angle="355.36" x="131.40" y="74.61"/>
        <vehicle id="cfm-slow_3" eclass="HBEFA3/PC_G_EU4" CO2="0.00" CO="0.00" HC="0.00" NOx="0.00" PMx="0.00" fuel="0.00" electricity="0.00" noise="71.25" route="routebottom" type="cfm-slow" waiting="0.00" lane="right_0" pos="27.68" speed="26.80" angle="314.66" x="107.92" y="116.07"/>
        <vehicle id="cfm-slow_4" eclass="HBEFA3/PC_G_EU4" CO2="0.00" CO="0.00" HC="0.00" NOx="0.00" PMx="0.00" fuel="0.00" electricity="0.00" noise="70.96" route="routebottom" type="cfm-slow" waiting="0.00" lane="right_0" pos="49.41" speed="25.86" angle="275.62" x="65.04" y="132.25"/>
        <vehicle id="cfm-slow_5" eclass="HBEFA3/PC_G_EU4" CO2="0.00" CO="0.00" HC="0.00" NOx="0.00" PMx="0.00" fuel="0.00" electricity="0.00" noise="71.19" route="routetop" type="cfm-slow" waiting="0.00" lane="top_0" pos="20.17" speed="25.18" angle="238.12" x="23.03" y="118.93"/>
    </timestep>
    <timestep time="9.97">
        <vehicle id="cfm-fast_0" eclass="HBEFA3/PC_G_EU4" CO2="7028.29" CO="74.81" HC="0.52" NOx="2.65" PMx="0.14" fuel="3.02" electricity="0.00" noise="72.16" route="routetop" type="cfm-fast" waiting="0.00" lane="top_0" pos="40.54" speed="25.04" angle="201.54" x="-1.91" y="83.80"/>
        <vehicle id="cfm-fast_1" eclass="HBEFA3/PC_G_EU4" CO2="135896.56" CO="5789.00" HC="30.04" NOx="62.31" PMx="4.80" fuel="58.42" electricity="0.00" noise="115.54" route="routetop" type="cfm-fast" waiting="0.00" lane="top_1" pos="25.27" speed="106.83" angle="229.02" x="17.09" y="109.44"/>
        <vehicle id="cfm-fast_2" eclass="HBEFA3/PC_G_EU4" CO2="10180.02" CO="141.32" HC="0.90" NOx="4.13" PMx="0.23" fuel="4.38" electricity="0.00" noise="73.42" route="routetop" type="cfm-fast" waiting="0.00" lane="left_0" pos="6.58" speed="25.51" angle="172.65" x="-3.47" y="49.52"/>
        <vehicle id="cfm-fast_3" eclass="HBEFA3/PC_G_EU4" CO2="11302.31" CO="168.05" HC="1.05" NOx="4.64" PMx="0.26" fuel="4.86" electricity="0.00" noise="74.12" route="routetop" type="cfm-fast" waiting="0.00" lane="left_0" pos="23.14" speed="26.41" angle="142.82" x="12.40" y="18.06"/>
        <vehicle id="cfm-fast_4" eclass="HBEFA3/PC_G_EU4" CO2="9818.89" CO="142.14" HC="0.89" NOx="3.92" PMx="0.22" fuel="4.22" electricity="0.00" noise="73.91" route="routetop" type="cfm-fast" waiting="0.00" lane="left_0" pos="40.64" speed="27.38" angle="111.35" x="43.73" y="-1.98"/>
        <vehicle id="cfm-fast_5" eclass="HBEFA3/PC_G_EU4" CO2="90189.17" CO="4973.13" HC="25.20" NOx="40.74" PMx="3.66" fuel="38.77" electricity="0.00" noise="108.76" route="routebottom" type="cfm-fast" waiting="0.00" lane="bottom_1" pos="23.63" speed="108.56" angle="52.01" x="107.80" y="15.54"/>
        <vehicle id="cfm-slow_0" eclass="HBEFA3/PC_G_EU4" CO2="6302.39" CO="73.28" HC="0.49" NOx="2.24" PMx="0.13" fuel="2.71" electricity="0.00" noise="73.19" route="routebottom" type="cfm-slow" waiting="0.00" lane="bottom_0" pos="9.12" speed="28.02" angle="78.02" x="83.10" y="-2.13"/>
        <vehicle id="cfm-slow_1" eclass="HBEFA3/PC_G_EU4" CO2="0.00" CO="0.00" HC="0.00" NOx="0.00" PMx="0.00" fuel="0.00" electricity="0.00" noise="72.42" route="routebottom" type="cfm-slow" waiting="0.00" lane="bottom_0" pos="32.21" speed="28.12" angle="36.61" x="121.82" y="27.25"/>
        <vehicle id="cfm-slow_2" eclass="HBEFA3/PC_G_EU4" CO2="0.00" CO="0.00" HC="0.00" NOx="0.00" PMx="0.00" fuel="0.00" electricity="0.00" noise="71.78" route="routebottom" type="cfm-slow" waiting="0.00" lane="right_0" pos="5.34" speed="27.66" angle="354.85" x="131.29" y="75.19"/>
        <vehicle id="cfm-slow_3" eclass="HBEFA3/PC_G_EU4" CO2="0.00" CO="0.00" HC="0.00" NOx="0.00" PMx="0.00" fuel="0.00" electricity="0.00" noise="71.25" route="routebottom" type="cfm-slow" waiting="0.00" lane="right_0" pos="27.95" speed="26.79" angle="314.15" x="107.48" y="116.45"/>
        <vehicle id="cfm-slow_4" eclass="HBEFA3/PC_G_EU4" CO2="0.00" CO="0.00" HC="0.00" NOx="0.00" PMx="0.00" fuel="0.00" electricity="0.00" noise="70.96" route="routebottom" type="cfm-slow" waiting="0.00" lane="right_0" pos="49.66" speed="25.85" angle="275.14" x="64.48" y="132.26"/>
        <vehicle id="cfm-slow_5" eclass="HBEFA3/PC_G_EU4" CO2="0.00" CO="0.00" HC="0.00" NOx="0.00" PMx="0.00" fuel="0.00" electricity="0.00" noise="71.20" route="routetop" type="cfm-slow" waiting="0.00" lane="top_0" pos="20.43" speed="25.18" angle="237.68" x="22.59" y="118.61"/>
    </timestep>
    <timestep time="9.98">
        <vehicle id="cfm-fast_0" eclass="HBEFA3/PC_G_EU4" CO2="7059.44" CO="75.47" HC="0.52" NOx="2.67" PMx="0.14" fuel="3.03" electricity="0.00" noise="72.17" route="routetop" type="cfm-fast" waiting="0.00" lane="top_0" pos="40.79" speed="25.04" angle="201.07" x="-2.07" y="83.29"/>
        <vehicle id="cfm-fast_1" eclass="HBEFA3/PC_G_EU4" CO2="135412.80" CO="5780.51" HC="29.99" NOx="62.08" PMx="4.79" fuel="58.21" electricity="0.00" noise="115.47" route="routetop" type="cfm-fast" waiting="0.00" lane="top_1" pos="26.34" speed="106.85" angle="227.12" x="15.58" y="107.85"/>
        <vehicle id="cfm-fast_2" eclass="HBEFA3/PC_G_EU4" CO2="10192.36" CO="141.60" HC="0.90" NOx="4.13" PMx="0.23" fuel="4.38" electricity="0.00" noise="73.43" route="routetop" type="cfm-fast" waiting="0.00" lane="left_0" pos="6.83" speed="25.52" angle="172.16" x="-3.35" y="48.98"/>
        <vehicle id="cfm-fast_3" eclass="HBEFA3/PC_G_EU4" CO2="11290.08" CO="167.84" HC="1.05" NOx="4.63" PMx="0.26" fuel="4.85" electricity="0.00" noise="74.12" route="routetop" type="cfm-fast" waiting="0.00" lane="left_0" pos="23.40" speed="26.42" angle="142.34" x="12.79" y="17.64"/>
        <vehicle id="cfm-fast_4" eclass="HBEFA3/PC_G_EU4" CO2="9785.79" CO="141.50" HC="0.89" NOx="3.90" PMx="0.22" fuel="4.21" electricity="0.00" noise="73.91" route="routetop" type="cfm-fast" waiting="0.00" lane="left_0" pos="40.91" speed="27.38" angle="110.84" x="44.29" y="-2.15"/>
        <vehicle id="cfm-fast_5" eclass="HBEFA3/PC_G_EU4" CO2="90114.81" CO="4971.83" HC="25.19" NOx="40.70" PMx="3.66" fuel="38.74" electricity="0.00" noise="108.75" route="routebottom" type="cfm-fast" waiting="0.00" lane="bottom_1" pos="24.71" speed="108.57" angle="50.07" x="109.42" y="17.07"/>
        <vehicle id="cfm-slow_0" eclass="HBEFA3/PC_G_EU4" CO2="6261.33" CO="72.44" HC="0.49" NOx="2.22" PMx="0.13" fuel="2.69" electricity="0.00" noise="73.18" route="routebottom" type="cfm-slow" waiting="0.00" lane="bottom_0" pos="9.40" speed="28.02" angle="77.51" x="83.68" y="-1.95"/>
        <vehicle id="cfm-slow_1" eclass="HBEFA3/PC_G_EU4" CO2="0.00" CO="0.00" HC="0.00" NOx="0.00" PMx="0.00" fuel="0.00" electricity="0.00" noise="72.41" route="routebottom" type="cfm-slow" waiting="0.00" lane="bottom_0" pos="32.49" speed="28.12" angle="36.09" x="122.13" y="27.77"/>
        <vehicle id="cfm-slow_2" eclass="HBEFA3/PC_G_EU4" CO2="0.00" CO="0.00" HC="0.00" NOx="0.00" PMx="0.00" fuel="0.00" electricity="0.00" noise="71.77" route="routebottom" type="cfm-slow" waiting="0.00" lane="right_0" pos="5.62" speed="27.65" angle="354.33" x="131.18" y="75.78"/>
        <vehicle id="cfm-slow_3" eclass="HBEFA3/PC_G_EU4" CO2="0.00" CO="0.00" HC="0.00" NOx="0.00" PMx="0.00" fuel="0.00" electricity="0.00" noise="71.25" route="routebottom" type="cfm-slow" waiting="0.00" lane="right_0" pos="28.22" speed="26.78" angle="313.72" x="107.04" y="116.82"/>
        <vehicle id="cfm-slow_4" eclass="HBEFA3/PC_G_EU4" CO2="0.00" CO="0.00" HC="0.00" NOx="0.00" PMx="0.00" fuel="0.00" electricity="0.00" noise="70.96" route="routebottom" type="cfm-slow" waiting="0.00" lane="right_0" pos="49.92" speed="25.84" angle="274.66" x="63.93" y="132.27"/>
        <vehicle id="cfm-slow_5" eclass="HBEFA3/PC_G_EU4" CO2="0.00" CO="0.00" HC="0.00" NOx="0.00" PMx="0.00" fuel="0.00" electricity="0.00" noise="71.21" route="routetop" type="cfm-slow" waiting="0.00" lane="top_0" pos="20.68" speed="25.17" angle="237.26" x="22.16" y="118.28"/>
    </timestep>
    <timestep time="9.99">
        <vehicle id="cfm-fast_0" eclass="HBEFA3/PC_G_EU4" CO2="7090.42" CO="76.12" HC="0.52" NOx="2.68" PMx="0.14" fuel="3.05" electricity="0.00" noise="72.18" route="routetop" type="cfm-fast" waiting="0.00" lane="top_0" pos="41.04" speed="25.05" angle="200.66" x="-2.23" y="82.77"/>
        <vehicle id="cfm-fast_1" eclass="HBEFA3/PC_G_EU4" CO2="134932.95" CO="5772.08" HC="29.94" NOx="61.86" PMx="4.78" fuel="58.00" electricity="0.00" noise="115.40" route="routetop" type="cfm-fast" waiting="0.00" lane="top_1" pos="27.41" speed="106.87" angle="225.17" x="14.13" y="106.21"/>
        <vehicle id="cfm-fast_2" eclass="HBEFA3/PC_G_EU4" CO2="10204.47" CO="141.89" HC="0.90" NOx="4.14" PMx="0.23" fuel="4.39" electricity="0.00" noise="73.43" route="routetop" type="cfm-fast" waiting="0.00" lane="left_0" pos="7.09" speed="25.53" angle="171.67" x="-3.23" y="48.45"/>
        <vehicle id="cfm-fast_3" eclass="HBEFA3/PC_G_EU4" CO2="11277.65" CO="167.62" HC="1.05" NOx="4.63" PMx="0.26" fuel="4.85" electricity="0.00" noise="74.12" route="routetop" type="cfm-fast" waiting="0.00" lane="left_0" pos="23.67" speed="26.43" angle="141.87" x="13.17" y="17.22"/>
        <vehicle id="cfm-fast_4" eclass="HBEFA3/PC_G_EU4" CO2="9752.59" CO="140.85" HC="0.89" NOx="3.89" PMx="0.22" fuel="4.19" electricity="0.00" noise="73.90" route="routetop" type="cfm-fast" waiting="0.00" lane="left_0" pos="41.19" speed="27.39" angle="110.39" x="44.85" y="-2.31"/>
        <vehicle id="cfm-fast_5" eclass="HBEFA3/PC_G_EU4" CO2="90041.42" CO="4970.55" HC="25.18" NOx="40.67" PMx="3.66" fuel="38.71" electricity="0.00" noise="108.74" route="routebottom" type="cfm-fast" waiting="0.00" lane="bottom_1" pos="25.80" speed="108.57" angle="48.09" x="110.98" y="18.66"/>
        <vehicle id="cfm-slow_0" eclass="HBEFA3/PC_G_EU4" CO2="6220.34" CO="71.61" HC="0.48" NOx="2.20" PMx="0.13" fuel="2.67" electricity="0.00" noise="73.17" route="routebottom" type="cfm-slow" waiting="0.00" lane="bottom_0" pos="9.68" speed="28.03" angle="76.99" x="84.26" y="-1.77"/>
        <vehicle id="cfm-slow_1" eclass="HBEFA3/PC_G_EU4" CO2="0.00" CO="0.00" HC="0.00" NOx="0.00" PMx="0.00" fuel="0.00" electricity="0.00" noise="72.41" route="routebottom" type="cfm-slow" waiting="0.00" lane="bottom_0" pos="32.77" speed="28.12" angle="35.56" x="122.44" y="28.29"/>
        <vehicle id="cfm-slow_2" eclass="HBEFA3/PC_G_EU4" CO2="0.00" CO="0.00" HC="0.00" NOx="0.00" PMx="0.00" fuel="0.00" electricity="0.00" noise="71.77" route="routebottom" type="cfm-slow" waiting="0.00" lane="right_0" pos="5.89" speed="27.64" angle="353.82" x="131.08" y="76.36"/>
        <vehicle id="cfm-slow_3" eclass="HBEFA3/PC_G_EU4" CO2="0.00" CO="0.00" HC="0.00" NOx="0.00" PMx="0.00" fuel="0.00" electricity="0.00" noise="71.24" route="routebottom" type="cfm-slow" waiting="0.00" lane="right_0" pos="28.49" speed="26.77" angle="313.23" x="106.59" y="117.17"/>
        <vehicle id="cfm-slow_4" eclass="HBEFA3/PC_G_EU4" CO2="0.00" CO="0.00" HC="0.00" NOx="0.00" PMx="0.00" fuel="0.00" electricity="0.00" noise="70.96" route="routetop" type="cfm-slow" waiting="0.00" lane="top_0" pos="0.18" speed="25.83" angle="274.15" x="63.18" y="132.26"/>
        <vehicle id="cfm-slow_5" eclass="HBEFA3/PC_G_EU4" CO2="0.00" CO="0.00" HC="0.00" NOx="0.00" PMx="0.00" fuel="0.00" electricity="0.00" noise="71.21" route="routetop" type="cfm-slow" waiting="0.00" lane="top_0" pos="20.93" speed="25.17" angle="236.79" x="21.73" y="117.95"/>
    </timestep>
    <timestep time="10.00">
        <vehicle id="cfm-fast_0" eclass="HBEFA3/PC_G_EU4" CO2="7121.22" CO="76.77" HC="0.53" NOx="2.70" PMx="0.14" fuel="3.06" electricity="0.00" noise="72.19" route="routetop" type="cfm-fast" waiting="0.00" lane="top_0" pos="41.29" speed="25.05" angle="200.20" x="-2.37" y="82.25"/>
        <vehicle id="cfm-fast_1" eclass="HBEFA3/PC_G_EU4" CO2="134456.97" CO="5763.72" HC="29.89" NOx="61.63" PMx="4.77" fuel="57.80" electricity="0.00" noise="115.32" route="routetop" type="cfm-fast" waiting="0.00" lane="top_1" pos="28.48" speed="106.89" angle="223.23" x="12.73" y="104.53"/>
        <vehicle id="cfm-fast_2" eclass="HBEFA3/PC_G_EU4" CO2="10216.35" CO="142.16" HC="0.90" NOx="4.15" PMx="0.23" fuel="4.39" electricity="0.00" noise="73.44" route="routetop" type="cfm-fast" waiting="0.00" lane="left_0" pos="7.34" speed="25.54" angle="171.18" x="-3.10" y="47.91"/>
        <vehicle id="cfm-fast_3" eclass="HBEFA3/PC_G_EU4" CO2="11265.01" CO="167.41" HC="1.04" NOx="4.62" PMx="0.26" fuel="4.84" electricity="0.00" noise="74.12" route="routetop" type="cfm-fast" waiting="0.00" lane="left_0" pos="23.93" speed="26.44" angle="141.39" x="13.56" y="16.80"/>
        <vehicle id="cfm-fast_4" eclass="HBEFA3/PC_G_EU4" CO2="9719.31" CO="140.20" HC="0.88" NOx="3.87" PMx="0.22" fuel="4.18" electricity="0.00" noise="73.89" route="routetop" type="cfm-fast" waiting="0.00" lane="left_0" pos="41.46" speed="27.40" angle="109.88" x="45.42" y="-2.47"/>
        <vehicle id="cfm-fast_5" eclass="HBEFA3/PC_G_EU4" CO2="89969.00" CO="4969.29" HC="25.18" NOx="40.63" PMx="3.66" fuel="38.67" electricity="0.00" noise="108.73" route="routebottom" type="cfm-fast" waiting="0.00" lane="bottom_1" pos="26.88" speed="108.57" angle="46.16" x="112.49" y="20.29"/>
        <vehicle id="cfm-slow_0" eclass="HBEFA3/PC_G_EU4" CO2="6179.43" CO="70.77" HC="0.48" NOx="2.19" PMx="0.13" fuel="2.66" electricity="0.00" noise="73.16" route="routebottom" type="cfm-slow" waiting="0.00" lane="bottom_0" pos="9.96" speed="28.03" angle="76.47" x="84.83" y="-1.60"/>
        <vehicle id="cfm-slow_1" eclass="HBEFA3/PC_G_EU4" CO2="0.00" CO="0.00" HC="0.00" NOx="0.00" PMx="0.00" fuel="0.00" electricity="0.00" noise="72.40" route="routebottom" type="cfm-slow" waiting="0.00" lane="bottom_0" pos="33.05" speed="28.11" angle="35.04" x="122.75" y="28.81"/>
        <vehicle id="cfm-slow_2" eclass="HBEFA3/PC_G_EU4" CO2="0.00" CO="0.00" HC="0.00" NOx="0.00" PMx="0.00" fuel="0.00" electricity="0.00" noise="71.76" route="routebottom" type="cfm-slow" waiting="0.00" lane="right_0" pos="6.17" speed="27.63" angle="353.30" x="130.97" y="76.95"/>
        <vehicle id="cfm-slow_3" eclass="HBEFA3/PC_G_EU4" CO2="0.00" CO="0.00" HC="0.00" NOx="0.00" PMx="0.00" fuel="0.00" electricity="0.00" noise="71.24" route="routebottom" type="cfm-slow" waiting="0.00" lane="right_0" pos="28.75" speed="26.76" angle="312.74" x="106.13" y="117.53"/>
        <vehicle id="cfm-slow_4" eclass="HBEFA3/PC_G_EU4" CO2="0.00" CO="0.00" HC="0.00" NOx="0.00" PMx="0.00" fuel="0.00" electricity="0.00" noise="70.96" route="routetop" type="cfm-slow" waiting="0.00" lane="top_0" pos="0.44" speed="25.83" angle="273.68" x="62.63" y="132.25"/>
        <vehicle id="cfm-slow_5" eclass="HBEFA3/PC_G_EU4" CO2="0.00" CO="0.00" HC="0.00" NOx="0.00" PMx="0.00" fuel="0.00" electricity="0.00" noise="71.22" route="routetop" type="cfm-slow" waiting="0.00" lane="top_0" pos="21.18" speed="25.17" angle="236.33" x="21.31" y="117.61"/>
    </timestep>
    <timestep time="10.01">
        <vehicle id="cfm-fast_0" eclass="HBEFA3/PC_G_EU4" CO2="2624.72" CO="164.78" HC="0.81" NOx="1.20" PMx="0.07" fuel="1.13" electricity="0.00" noise="55.94" route="routeright" type="cfm-fast" waiting="0.00" lane="right_0" pos="46.00" speed="0.00" angle="281.75" x="72.34" y="131.72"/>
        <vehicle id="cfm-fast_1" eclass="HBEFA3/PC_G_EU4" CO2="2624.72" CO="164.78" HC="0.81" NOx="1.20" PMx="0.07" fuel="1.13" electricity="0.00" noise="55.94" route="routetop" type="cfm-fast" waiting="0.00" lane="top_0" pos="11.83" speed="0.00" angle="253.14" x="38.70" y="127.56"/>
        <vehicle id="cfm-fast_2" eclass="HBEFA3/PC_G_EU4" CO2="2624.72" CO="164.78" HC="0.81" NOx="1.20" PMx="0.07" fuel="1.13" electricity="0.00" noise="55.94" route="routetop" type="cfm-fast" waiting="0.00" lane="top_0" pos="27.67" speed="0.00" angle="224.69" x="11.28" y="107.95"/>
        <vehicle id="cfm-fast_3" eclass="HBEFA3/PC_G_EU4" CO2="2624.72" CO="164.78" HC="0.81" NOx="1.20" PMx="0.07" fuel="1.13" electricity="0.00" noise="55.94" route="routetop" type="cfm-fast" waiting="0.00" lane="top_0" pos="43.50" speed="0.00" angle="196.26" x="-3.51" y="77.65"/>
        <vehicle id="cfm-fast_4" eclass="HBEFA3/PC_G_EU4" CO2="2624.72" CO="164.78" HC="0.81" NOx="1.20" PMx="0.07" fuel="1.13" electricity="0.00" noise="55.94" route="routeleft" type="cfm-fast" waiting="0.00" lane="left_0" pos="9.33" speed="0.00" angle="167.63" x="-1.99" y="43.78"/>
        <vehicle id="cfm-fast_5" eclass="HBEFA3/PC_G_EU4" CO2="2624.72" CO="164.78" HC="0.81" NOx="1.20" PMx="0.07" fuel="1.13" electricity="0.00" noise="55.94" route="routeleft" type="cfm-fast" waiting="0.00" lane="left_0" pos="25.17" speed="0.00" angle="139.20" x="15.41" y="14.90"/>
        <vehicle id="cfm-slow_0" eclass="HBEFA3/PC_G_EU4" CO2="2624.72" CO="164.78" HC="0.81" NOx="1.20" PMx="0.07" fuel="1.13" electricity="0.00" noise="55.94" route="routebottom" type="cfm-slow" waiting="0.00" lane="bottom_0" pos="1.00" speed="0.00" angle="92.66" x="65.91" y="-4.90"/>
        <vehicle id="cfm-slow_1" eclass="HBEFA3/PC_G_EU4" CO2="2624.72" CO="164.78" HC="0.81" NOx="1.20" PMx="0.07" fuel="1.13" electricity="0.00" noise="55.94" route="routebottom" type="cfm-slow" waiting="0.00" lane="bottom_0" pos="16.83" speed="0.00" angle="64.18" x="98.30" y="4.45"/>
        <vehicle id="cfm-slow_2" eclass="HBEFA3/PC_G_EU4" CO2="2624.72" CO="164.78" HC="0.81" NOx="1.20" PMx="0.07" fuel="1.13" electricity="0.00" noise="55.94" route="routebottom" type="cfm-slow" waiting="0.00" lane="bottom_0" pos="32.67" speed="0.00" angle="35.75" x="122.33" y="28.10"/>
        <vehicle id="cfm-slow_3" eclass="HBEFA3/PC_G_EU4" CO2="2624.72" CO="164.78" HC="0.81" NOx="1.20" PMx="0.07" fuel="1.13" electricity="0.00" noise="55.94" route="routebottom" type="cfm-slow" waiting="0.00" lane="bottom_0" pos="48.50" speed="0.00" angle="7.24" x="132.19" y="60.34"/>
        <vehicle id="cfm-slow_4" eclass="HBEFA3/PC_G_EU4" CO2="2624.72" CO="164.78" HC="0.81" NOx="1.20" PMx="0.07" fuel="1.13" electricity="0.00" noise="55.94" route="routeright" type="cfm-slow" waiting="0.00" lane="right_0" pos="14.33" speed="0.00" angle="338.68" x="125.41" y="93.56"/>
        <vehicle id="cfm-slow_5" eclass="HBEFA3/PC_G_EU4" CO2="2624.72" CO="164.78" HC="0.81" NOx="1.20" PMx="0.07" fuel="1.13" electricity="0.00" noise="55.94" route="routeright" type="cfm-slow" waiting="0.00" lane="right_0" pos="30.17" speed="0.00" angle="310.20" x="103.71" y="119.35"/>
    </timestep>
    <timestep time="10.02">
        <vehicle id="cfm-fast_0" eclass="HBEFA3/PC_G_EU4" CO2="2638.90" CO="164.61" HC="0.81" NOx="1.21" PMx="0.07" fuel="1.13" electricity="0.00" noise="67.36" route="routeright" type="cfm-fast" waiting="0.01" lane="right_0" pos="46.00" speed="0.03" angle="281.75" x="72.34" y="131.72"/>
        <vehicle id="cfm-fast_1" eclass="HBEFA3/PC_G_EU4" CO2="2638.93" CO="164.61" HC="0.81" NOx="1.21" PMx="0.07" fuel="1.13" electricity="0.00" noise="67.37" route="routetop" type="cfm-fast" waiting="0.01" lane="top_0" pos="11.83" speed="0.03" angle="253.14" x="38.70" y="127.56"/>
        <vehicle id="cfm-fast_2" eclass="HBEFA3/PC_G_EU4" CO2="2638.83" CO="164.61" HC="0.81" NOx="1.21" PMx="0.07" fuel="1.13" electricity="0.00" noise="67.34" route="routetop" type="cfm-fast" waiting="0.01" lane="top_0" pos="27.67" speed="0.03" angle="224.69" x="11.28" y="107.95"/>
        <vehicle id="cfm-fast_3" eclass="HBEFA3/PC_G_EU4" CO2="2638.89" CO="164.61" HC="0.81" NOx="1.21" PMx="0.07" fuel="1.13" electricity="0.00" noise="67.36" route="routetop" type="cfm-fast" waiting="0.01" lane="top_0" pos="43.50" speed="0.03" angle="196.26" x="-3.51" y="77.65"/>
        <vehicle id="cfm-fast_4" eclass="HBEFA3/PC_G_EU4" CO2="2638.82" CO="164.61" HC="0.81" NOx="1.21" PMx="0.07" fuel="1.13" electricity="0.00" noise="67.33" route="routeleft" type="cfm-fast" waiting="0.01" lane="left_0" pos="9.33" speed="0.03" angle="167.63" x="-1.99" y="43.78"/>
        <vehicle id="cfm-fast_5" eclass="HBEFA3/PC_G_EU4" CO2="2638.91" CO="164.61" HC="0.81" NOx="1.21" PMx="0.07" fuel="1.13" electricity="0.00" noise="67.37" route="routeleft" type="cfm-fast" waiting="0.01" lane="left_0" pos="25.17" speed="0.03" angle="139.20" x="15.41" y="14.90"/>
        <vehicle id="cfm-slow_0" eclass="HBEFA3/PC_G_EU4" CO2="2638.91" CO="164.61" HC="0.81" NOx="1.21" PMx="0.07" fuel="1.13" electricity="0.00" noise="67.37" route="routebottom" type="cfm-slow" waiting="0.01" lane="bottom_0" pos="1.00" speed="0.03" angle="92.66" x="65.91" y="-4.90"/>
        <vehicle id="cfm-slow_1" eclass="HBEFA3/PC_G_EU4" CO2="2638.96" CO="164.61" HC="0.81" NOx="1.21" PMx="0.07" fuel="1.13" electricity="0.00" noise="67.38" route="routebottom" type="cfm-slow" waiting="0.01" lane="bottom_0" pos="16.83" speed="0.03" angle="64.18" x="98.30" y="4.45"/>
        <vehicle id="cfm-slow_2" eclass="HBEFA3/PC_G_EU4" CO2="2638.85" CO="164.61" HC="0.81" NOx="1.21" PMx="0.07" fuel="1.13" electricity="0.00" noise="67.34" route="routebottom" type="cfm-slow" waiting="0.01" lane="bottom_0" pos="32.67" speed="0.03" angle="35.75" x="122.33" y="28.10"/>
        <vehicle id="cfm-slow_3" eclass="HBEFA3/PC_G_EU4" CO2="2638.85" CO="164.61" HC="0.81" NOx="1.21" PMx="0.07" fuel="1.13" electricity="0.00" noise="67.34" route="routebottom" type="cfm-slow" waiting="0.01" lane="bottom_0" pos="48.50" speed="0.03" angle="7.24" x="132.19" y="60.34"/>
        <vehicle id="cfm-slow_4" eclass="HBEFA3/PC_G_EU4" CO2="2638.92" CO="164.61" HC="0.81" NOx="1.21" PMx="0.07" fuel="1.13" electricity="0.00" noise="67.37" route="routeright" type="cfm-slow" waiting="0.01" lane="right_0" pos="14.33" speed="0.03" angle="338.68" x="125.41" y="93.56"/>
        <vehicle id="cfm-slow_5" eclass="HBEFA3/PC_G_EU4" CO2="2638.92" CO="164.61" HC="0.81" NOx="1.21" PMx="0.07" fuel="1.13" electricity="0.00" noise="67.37" route="routeright" type="cfm-slow" waiting="0.01" lane="right_0" pos="30.17" speed="0.03" angle="310.20" x="103.70" y="119.35"/>
    </timestep>
</emission-export>
