<?xml version="1.0" encoding="UTF-8"?>

<!-- generated on Mon Feb 27 12:53:31 2017 by SUMO Version 0.29.0
<?xml version="1.0" encoding="UTF-8"?>

<configuration xmlns:xsi="http://www.w3.org/2001/XMLSchema-instance" xsi:noNamespaceSchemaLocation="http://sumo.dlr.de/xsd/sumoConfiguration.xsd">

    <input>
        <net-file value="tests/debug/cfg/test-two-lane-two-controller-200m2l.net.xml"/>
        <route-files value="tests/debug/cfg/test-two-lane-two-controller-200m2l.rou.xml"/>
        <additional-files value="tests/debug/cfg/test-two-lane-two-controller-200m2l.add.xml"/>
    </input>

    <output>
        <netstate-dump value="tests/debug/cfg/data/test-two-lane-two-controller-200m2l.netstate.xml"/>
        <emission-output value="tests/debug/cfg/data/test-two-lane-two-controller-200m2l.emission.xml"/>
        <amitran-output value="tests/debug/cfg/data/test-two-lane-two-controller-200m2l.amitran.xml"/>
        <lanechange-output value="tests/debug/cfg/data/test-two-lane-two-controller-200m2l.lanechange.xml"/>
    </output>

    <time>
        <begin value="0"/>
        <end value="1000"/>
        <step-length value="0.01"/>
    </time>

    <traci_server>
        <remote-port value="8873"/>
    </traci_server>

    <gui_only>
        <gui-settings-file value="tests/debug/cfg/test-two-lane-two-controller-200m2l.gui.cfg"/>
    </gui_only>

</configuration>
-->

<netstate xmlns:xsi="http://www.w3.org/2001/XMLSchema-instance" xsi:noNamespaceSchemaLocation="http://sumo.dlr.de/xsd/netstate_file.xsd">
    <timestep time="0.00">
        <edge id="bottom">
            <lane id="bottom_0">
                <vehicle id="cfm-slow_0" pos="1.00" speed="0.00"/>
                <vehicle id="cfm-slow_1" pos="16.83" speed="0.00"/>
                <vehicle id="cfm-slow_2" pos="32.67" speed="0.00"/>
                <vehicle id="cfm-slow_3" pos="48.50" speed="0.00"/>
            </lane>
            <lane id="bottom_1"/>
        </edge>
        <edge id="left">
            <lane id="left_0">
                <vehicle id="cfm-fast_4" pos="9.33" speed="0.00"/>
                <vehicle id="cfm-fast_5" pos="25.17" speed="0.00"/>
            </lane>
            <lane id="left_1"/>
        </edge>
        <edge id="right">
            <lane id="right_0">
                <vehicle id="cfm-slow_4" pos="14.33" speed="0.00"/>
                <vehicle id="cfm-slow_5" pos="30.17" speed="0.00"/>
                <vehicle id="cfm-fast_0" pos="46.00" speed="0.00"/>
            </lane>
            <lane id="right_1"/>
        </edge>
        <edge id="top">
            <lane id="top_0">
                <vehicle id="cfm-fast_1" pos="11.83" speed="0.00"/>
                <vehicle id="cfm-fast_2" pos="27.67" speed="0.00"/>
                <vehicle id="cfm-fast_3" pos="43.50" speed="0.00"/>
            </lane>
            <lane id="top_1"/>
        </edge>
    </timestep>
    <timestep time="0.01">
        <edge id="bottom">
            <lane id="bottom_0">
                <vehicle id="cfm-slow_0" pos="1.00" speed="0.14"/>
                <vehicle id="cfm-slow_1" pos="16.83" speed="0.14"/>
                <vehicle id="cfm-slow_2" pos="32.67" speed="0.14"/>
                <vehicle id="cfm-slow_3" pos="48.50" speed="0.14"/>
            </lane>
            <lane id="bottom_1"/>
        </edge>
        <edge id="left">
            <lane id="left_0">
                <vehicle id="cfm-fast_4" pos="9.33" speed="0.14"/>
                <vehicle id="cfm-fast_5" pos="25.17" speed="0.14"/>
            </lane>
            <lane id="left_1"/>
        </edge>
        <edge id="right">
            <lane id="right_0">
                <vehicle id="cfm-slow_4" pos="14.33" speed="0.14"/>
                <vehicle id="cfm-slow_5" pos="30.17" speed="0.14"/>
                <vehicle id="cfm-fast_0" pos="46.00" speed="0.14"/>
            </lane>
            <lane id="right_1"/>
        </edge>
        <edge id="top">
            <lane id="top_0">
                <vehicle id="cfm-fast_1" pos="11.83" speed="0.14"/>
                <vehicle id="cfm-fast_2" pos="27.67" speed="0.14"/>
                <vehicle id="cfm-fast_3" pos="43.50" speed="0.14"/>
            </lane>
            <lane id="top_1"/>
        </edge>
    </timestep>
    <timestep time="0.02">
        <edge id="bottom">
            <lane id="bottom_0">
                <vehicle id="cfm-slow_0" pos="1.00" speed="0.27"/>
                <vehicle id="cfm-slow_1" pos="16.84" speed="0.27"/>
                <vehicle id="cfm-slow_2" pos="32.67" speed="0.27"/>
                <vehicle id="cfm-slow_3" pos="48.50" speed="0.27"/>
            </lane>
            <lane id="bottom_1"/>
        </edge>
        <edge id="left">
            <lane id="left_0">
                <vehicle id="cfm-fast_4" pos="9.34" speed="0.27"/>
                <vehicle id="cfm-fast_5" pos="25.17" speed="0.27"/>
            </lane>
            <lane id="left_1"/>
        </edge>
        <edge id="right">
            <lane id="right_0">
                <vehicle id="cfm-slow_4" pos="14.34" speed="0.27"/>
                <vehicle id="cfm-slow_5" pos="30.17" speed="0.27"/>
                <vehicle id="cfm-fast_0" pos="46.00" speed="0.27"/>
            </lane>
            <lane id="right_1"/>
        </edge>
        <edge id="top">
            <lane id="top_0">
                <vehicle id="cfm-fast_1" pos="11.84" speed="0.27"/>
                <vehicle id="cfm-fast_2" pos="27.67" speed="0.27"/>
                <vehicle id="cfm-fast_3" pos="43.50" speed="0.27"/>
            </lane>
            <lane id="top_1"/>
        </edge>
    </timestep>
    <timestep time="0.03">
        <edge id="bottom">
            <lane id="bottom_0">
                <vehicle id="cfm-slow_0" pos="1.01" speed="0.41"/>
                <vehicle id="cfm-slow_1" pos="16.84" speed="0.41"/>
                <vehicle id="cfm-slow_2" pos="32.67" speed="0.41"/>
                <vehicle id="cfm-slow_3" pos="48.51" speed="0.41"/>
            </lane>
            <lane id="bottom_1"/>
        </edge>
        <edge id="left">
            <lane id="left_0">
                <vehicle id="cfm-fast_4" pos="9.34" speed="0.41"/>
                <vehicle id="cfm-fast_5" pos="25.17" speed="0.41"/>
            </lane>
            <lane id="left_1"/>
        </edge>
        <edge id="right">
            <lane id="right_0">
                <vehicle id="cfm-slow_4" pos="14.34" speed="0.41"/>
                <vehicle id="cfm-slow_5" pos="30.17" speed="0.41"/>
                <vehicle id="cfm-fast_0" pos="46.01" speed="0.41"/>
            </lane>
            <lane id="right_1"/>
        </edge>
        <edge id="top">
            <lane id="top_0">
                <vehicle id="cfm-fast_1" pos="11.84" speed="0.41"/>
                <vehicle id="cfm-fast_2" pos="27.67" speed="0.41"/>
                <vehicle id="cfm-fast_3" pos="43.51" speed="0.41"/>
            </lane>
            <lane id="top_1"/>
        </edge>
    </timestep>
    <timestep time="0.04">
        <edge id="bottom">
            <lane id="bottom_0">
                <vehicle id="cfm-slow_0" pos="1.01" speed="0.55"/>
                <vehicle id="cfm-slow_1" pos="16.85" speed="0.55"/>
                <vehicle id="cfm-slow_2" pos="32.68" speed="0.55"/>
                <vehicle id="cfm-slow_3" pos="48.51" speed="0.55"/>
            </lane>
            <lane id="bottom_1"/>
        </edge>
        <edge id="left">
            <lane id="left_0">
                <vehicle id="cfm-fast_4" pos="9.35" speed="0.55"/>
                <vehicle id="cfm-fast_5" pos="25.18" speed="0.55"/>
            </lane>
            <lane id="left_1"/>
        </edge>
        <edge id="right">
            <lane id="right_0">
                <vehicle id="cfm-slow_4" pos="14.35" speed="0.55"/>
                <vehicle id="cfm-slow_5" pos="30.18" speed="0.55"/>
                <vehicle id="cfm-fast_0" pos="46.01" speed="0.55"/>
            </lane>
            <lane id="right_1"/>
        </edge>
        <edge id="top">
            <lane id="top_0">
                <vehicle id="cfm-fast_1" pos="11.85" speed="0.55"/>
                <vehicle id="cfm-fast_2" pos="27.68" speed="0.55"/>
                <vehicle id="cfm-fast_3" pos="43.51" speed="0.55"/>
            </lane>
            <lane id="top_1"/>
        </edge>
    </timestep>
    <timestep time="0.05">
        <edge id="bottom">
            <lane id="bottom_0">
                <vehicle id="cfm-slow_0" pos="1.02" speed="0.68"/>
                <vehicle id="cfm-slow_1" pos="16.85" speed="0.68"/>
                <vehicle id="cfm-slow_2" pos="32.69" speed="0.68"/>
                <vehicle id="cfm-slow_3" pos="48.52" speed="0.68"/>
            </lane>
            <lane id="bottom_1"/>
        </edge>
        <edge id="left">
            <lane id="left_0">
                <vehicle id="cfm-fast_4" pos="9.35" speed="0.68"/>
                <vehicle id="cfm-fast_5" pos="25.19" speed="0.68"/>
            </lane>
            <lane id="left_1"/>
        </edge>
        <edge id="right">
            <lane id="right_0">
                <vehicle id="cfm-slow_4" pos="14.35" speed="0.68"/>
                <vehicle id="cfm-slow_5" pos="30.19" speed="0.68"/>
                <vehicle id="cfm-fast_0" pos="46.02" speed="0.68"/>
            </lane>
            <lane id="right_1"/>
        </edge>
        <edge id="top">
            <lane id="top_0">
                <vehicle id="cfm-fast_1" pos="11.85" speed="0.68"/>
                <vehicle id="cfm-fast_2" pos="27.69" speed="0.68"/>
                <vehicle id="cfm-fast_3" pos="43.52" speed="0.68"/>
            </lane>
            <lane id="top_1"/>
        </edge>
    </timestep>
    <timestep time="0.06">
        <edge id="bottom">
            <lane id="bottom_0">
                <vehicle id="cfm-slow_0" pos="1.03" speed="0.82"/>
                <vehicle id="cfm-slow_1" pos="16.86" speed="0.82"/>
                <vehicle id="cfm-slow_2" pos="32.70" speed="0.82"/>
                <vehicle id="cfm-slow_3" pos="48.53" speed="0.82"/>
            </lane>
            <lane id="bottom_1"/>
        </edge>
        <edge id="left">
            <lane id="left_0">
                <vehicle id="cfm-fast_4" pos="9.36" speed="0.82"/>
                <vehicle id="cfm-fast_5" pos="25.20" speed="0.82"/>
            </lane>
            <lane id="left_1"/>
        </edge>
        <edge id="right">
            <lane id="right_0">
                <vehicle id="cfm-slow_4" pos="14.36" speed="0.82"/>
                <vehicle id="cfm-slow_5" pos="30.20" speed="0.82"/>
                <vehicle id="cfm-fast_0" pos="46.03" speed="0.82"/>
            </lane>
            <lane id="right_1"/>
        </edge>
        <edge id="top">
            <lane id="top_0">
                <vehicle id="cfm-fast_1" pos="11.86" speed="0.82"/>
                <vehicle id="cfm-fast_2" pos="27.70" speed="0.82"/>
                <vehicle id="cfm-fast_3" pos="43.53" speed="0.82"/>
            </lane>
            <lane id="top_1"/>
        </edge>
    </timestep>
    <timestep time="0.07">
        <edge id="bottom">
            <lane id="bottom_0">
                <vehicle id="cfm-slow_0" pos="1.04" speed="0.95"/>
                <vehicle id="cfm-slow_1" pos="16.87" speed="0.95"/>
                <vehicle id="cfm-slow_2" pos="32.70" speed="0.95"/>
                <vehicle id="cfm-slow_3" pos="48.54" speed="0.95"/>
            </lane>
            <lane id="bottom_1"/>
        </edge>
        <edge id="left">
            <lane id="left_0">
                <vehicle id="cfm-fast_4" pos="9.37" speed="0.95"/>
                <vehicle id="cfm-fast_5" pos="25.20" speed="0.95"/>
            </lane>
            <lane id="left_1"/>
        </edge>
        <edge id="right">
            <lane id="right_0">
                <vehicle id="cfm-slow_4" pos="14.37" speed="0.95"/>
                <vehicle id="cfm-slow_5" pos="30.20" speed="0.95"/>
                <vehicle id="cfm-fast_0" pos="46.04" speed="0.95"/>
            </lane>
            <lane id="right_1"/>
        </edge>
        <edge id="top">
            <lane id="top_0">
                <vehicle id="cfm-fast_1" pos="11.87" speed="0.95"/>
                <vehicle id="cfm-fast_2" pos="27.70" speed="0.95"/>
                <vehicle id="cfm-fast_3" pos="43.54" speed="0.95"/>
            </lane>
            <lane id="top_1"/>
        </edge>
    </timestep>
    <timestep time="0.08">
        <edge id="bottom">
            <lane id="bottom_0">
                <vehicle id="cfm-slow_0" pos="1.05" speed="1.09"/>
                <vehicle id="cfm-slow_1" pos="16.88" speed="1.09"/>
                <vehicle id="cfm-slow_2" pos="32.72" speed="1.09"/>
                <vehicle id="cfm-slow_3" pos="48.55" speed="1.09"/>
            </lane>
            <lane id="bottom_1"/>
        </edge>
        <edge id="left">
            <lane id="left_0">
                <vehicle id="cfm-fast_4" pos="9.38" speed="1.09"/>
                <vehicle id="cfm-fast_5" pos="25.22" speed="1.09"/>
            </lane>
            <lane id="left_1"/>
        </edge>
        <edge id="right">
            <lane id="right_0">
                <vehicle id="cfm-slow_4" pos="14.38" speed="1.09"/>
                <vehicle id="cfm-slow_5" pos="30.22" speed="1.09"/>
                <vehicle id="cfm-fast_0" pos="46.05" speed="1.09"/>
            </lane>
            <lane id="right_1"/>
        </edge>
        <edge id="top">
            <lane id="top_0">
                <vehicle id="cfm-fast_1" pos="11.88" speed="1.09"/>
                <vehicle id="cfm-fast_2" pos="27.72" speed="1.09"/>
                <vehicle id="cfm-fast_3" pos="43.55" speed="1.09"/>
            </lane>
            <lane id="top_1"/>
        </edge>
    </timestep>
    <timestep time="0.09">
        <edge id="bottom">
            <lane id="bottom_0">
                <vehicle id="cfm-slow_0" pos="1.06" speed="1.23"/>
                <vehicle id="cfm-slow_1" pos="16.89" speed="1.23"/>
                <vehicle id="cfm-slow_2" pos="32.73" speed="1.23"/>
                <vehicle id="cfm-slow_3" pos="48.56" speed="1.23"/>
            </lane>
            <lane id="bottom_1"/>
        </edge>
        <edge id="left">
            <lane id="left_0">
                <vehicle id="cfm-fast_4" pos="9.39" speed="1.23"/>
                <vehicle id="cfm-fast_5" pos="25.23" speed="1.23"/>
            </lane>
            <lane id="left_1"/>
        </edge>
        <edge id="right">
            <lane id="right_0">
                <vehicle id="cfm-slow_4" pos="14.39" speed="1.23"/>
                <vehicle id="cfm-slow_5" pos="30.23" speed="1.23"/>
                <vehicle id="cfm-fast_0" pos="46.06" speed="1.23"/>
            </lane>
            <lane id="right_1"/>
        </edge>
        <edge id="top">
            <lane id="top_0">
                <vehicle id="cfm-fast_1" pos="11.89" speed="1.23"/>
                <vehicle id="cfm-fast_2" pos="27.73" speed="1.23"/>
                <vehicle id="cfm-fast_3" pos="43.56" speed="1.23"/>
            </lane>
            <lane id="top_1"/>
        </edge>
    </timestep>
    <timestep time="0.10">
        <edge id="bottom">
            <lane id="bottom_0">
                <vehicle id="cfm-slow_0" pos="1.08" speed="1.36"/>
                <vehicle id="cfm-slow_1" pos="16.91" speed="1.36"/>
                <vehicle id="cfm-slow_2" pos="32.74" speed="1.36"/>
                <vehicle id="cfm-slow_3" pos="48.58" speed="1.36"/>
            </lane>
            <lane id="bottom_1"/>
        </edge>
        <edge id="left">
            <lane id="left_0">
                <vehicle id="cfm-fast_4" pos="9.41" speed="1.36"/>
                <vehicle id="cfm-fast_5" pos="25.24" speed="1.36"/>
            </lane>
            <lane id="left_1"/>
        </edge>
        <edge id="right">
            <lane id="right_0">
                <vehicle id="cfm-slow_4" pos="14.41" speed="1.36"/>
                <vehicle id="cfm-slow_5" pos="30.24" speed="1.36"/>
                <vehicle id="cfm-fast_0" pos="46.08" speed="1.36"/>
            </lane>
            <lane id="right_1"/>
        </edge>
        <edge id="top">
            <lane id="top_0">
                <vehicle id="cfm-fast_1" pos="11.91" speed="1.36"/>
                <vehicle id="cfm-fast_2" pos="27.74" speed="1.36"/>
                <vehicle id="cfm-fast_3" pos="43.58" speed="1.36"/>
            </lane>
            <lane id="top_1"/>
        </edge>
    </timestep>
    <timestep time="0.11">
        <edge id="bottom">
            <lane id="bottom_0">
                <vehicle id="cfm-slow_0" pos="1.09" speed="1.50"/>
                <vehicle id="cfm-slow_1" pos="16.92" speed="1.50"/>
                <vehicle id="cfm-slow_2" pos="32.76" speed="1.50"/>
                <vehicle id="cfm-slow_3" pos="48.59" speed="1.50"/>
            </lane>
            <lane id="bottom_1"/>
        </edge>
        <edge id="left">
            <lane id="left_0">
                <vehicle id="cfm-fast_4" pos="9.42" speed="1.50"/>
                <vehicle id="cfm-fast_5" pos="25.26" speed="1.50"/>
            </lane>
            <lane id="left_1"/>
        </edge>
        <edge id="right">
            <lane id="right_0">
                <vehicle id="cfm-slow_4" pos="14.42" speed="1.50"/>
                <vehicle id="cfm-slow_5" pos="30.26" speed="1.50"/>
                <vehicle id="cfm-fast_0" pos="46.09" speed="1.50"/>
            </lane>
            <lane id="right_1"/>
        </edge>
        <edge id="top">
            <lane id="top_0">
                <vehicle id="cfm-fast_1" pos="11.92" speed="1.50"/>
                <vehicle id="cfm-fast_2" pos="27.76" speed="1.50"/>
                <vehicle id="cfm-fast_3" pos="43.59" speed="1.50"/>
            </lane>
            <lane id="top_1"/>
        </edge>
    </timestep>
    <timestep time="0.12">
        <edge id="bottom">
            <lane id="bottom_0">
                <vehicle id="cfm-slow_0" pos="1.11" speed="1.64"/>
                <vehicle id="cfm-slow_1" pos="16.94" speed="1.64"/>
                <vehicle id="cfm-slow_2" pos="32.77" speed="1.64"/>
                <vehicle id="cfm-slow_3" pos="48.61" speed="1.64"/>
            </lane>
            <lane id="bottom_1"/>
        </edge>
        <edge id="left">
            <lane id="left_0">
                <vehicle id="cfm-fast_4" pos="9.44" speed="1.64"/>
                <vehicle id="cfm-fast_5" pos="25.27" speed="1.64"/>
            </lane>
            <lane id="left_1"/>
        </edge>
        <edge id="right">
            <lane id="right_0">
                <vehicle id="cfm-slow_4" pos="14.44" speed="1.64"/>
                <vehicle id="cfm-slow_5" pos="30.27" speed="1.64"/>
                <vehicle id="cfm-fast_0" pos="46.11" speed="1.64"/>
            </lane>
            <lane id="right_1"/>
        </edge>
        <edge id="top">
            <lane id="top_0">
                <vehicle id="cfm-fast_1" pos="11.94" speed="1.64"/>
                <vehicle id="cfm-fast_2" pos="27.77" speed="1.64"/>
                <vehicle id="cfm-fast_3" pos="43.61" speed="1.64"/>
            </lane>
            <lane id="top_1"/>
        </edge>
    </timestep>
    <timestep time="0.13">
        <edge id="bottom">
            <lane id="bottom_0">
                <vehicle id="cfm-slow_0" pos="1.12" speed="1.77"/>
                <vehicle id="cfm-slow_1" pos="16.96" speed="1.77"/>
                <vehicle id="cfm-slow_2" pos="32.79" speed="1.77"/>
                <vehicle id="cfm-slow_3" pos="48.62" speed="1.77"/>
            </lane>
            <lane id="bottom_1"/>
        </edge>
        <edge id="left">
            <lane id="left_0">
                <vehicle id="cfm-fast_4" pos="9.46" speed="1.77"/>
                <vehicle id="cfm-fast_5" pos="25.29" speed="1.77"/>
            </lane>
            <lane id="left_1"/>
        </edge>
        <edge id="right">
            <lane id="right_0">
                <vehicle id="cfm-slow_4" pos="14.46" speed="1.77"/>
                <vehicle id="cfm-slow_5" pos="30.29" speed="1.77"/>
                <vehicle id="cfm-fast_0" pos="46.12" speed="1.77"/>
            </lane>
            <lane id="right_1"/>
        </edge>
        <edge id="top">
            <lane id="top_0">
                <vehicle id="cfm-fast_1" pos="11.96" speed="1.77"/>
                <vehicle id="cfm-fast_2" pos="27.79" speed="1.77"/>
                <vehicle id="cfm-fast_3" pos="43.62" speed="1.77"/>
            </lane>
            <lane id="top_1"/>
        </edge>
    </timestep>
    <timestep time="0.14">
        <edge id="bottom">
            <lane id="bottom_0">
                <vehicle id="cfm-slow_0" pos="1.14" speed="1.91"/>
                <vehicle id="cfm-slow_1" pos="16.98" speed="1.91"/>
                <vehicle id="cfm-slow_2" pos="32.81" speed="1.91"/>
                <vehicle id="cfm-slow_3" pos="48.64" speed="1.91"/>
            </lane>
            <lane id="bottom_1"/>
        </edge>
        <edge id="left">
            <lane id="left_0">
                <vehicle id="cfm-fast_4" pos="9.48" speed="1.91"/>
                <vehicle id="cfm-fast_5" pos="25.31" speed="1.91"/>
            </lane>
            <lane id="left_1"/>
        </edge>
        <edge id="right">
            <lane id="right_0">
                <vehicle id="cfm-slow_4" pos="14.48" speed="1.91"/>
                <vehicle id="cfm-slow_5" pos="30.31" speed="1.91"/>
                <vehicle id="cfm-fast_0" pos="46.14" speed="1.91"/>
            </lane>
            <lane id="right_1"/>
        </edge>
        <edge id="top">
            <lane id="top_0">
                <vehicle id="cfm-fast_1" pos="11.98" speed="1.91"/>
                <vehicle id="cfm-fast_2" pos="27.81" speed="1.91"/>
                <vehicle id="cfm-fast_3" pos="43.64" speed="1.91"/>
            </lane>
            <lane id="top_1"/>
        </edge>
    </timestep>
    <timestep time="0.15">
        <edge id="bottom">
            <lane id="bottom_0">
                <vehicle id="cfm-slow_0" pos="1.16" speed="2.05"/>
                <vehicle id="cfm-slow_1" pos="17.00" speed="2.05"/>
                <vehicle id="cfm-slow_2" pos="32.83" speed="2.05"/>
                <vehicle id="cfm-slow_3" pos="48.66" speed="2.05"/>
            </lane>
            <lane id="bottom_1"/>
        </edge>
        <edge id="left">
            <lane id="left_0">
                <vehicle id="cfm-fast_4" pos="9.50" speed="2.05"/>
                <vehicle id="cfm-fast_5" pos="25.33" speed="2.05"/>
            </lane>
            <lane id="left_1"/>
        </edge>
        <edge id="right">
            <lane id="right_0">
                <vehicle id="cfm-slow_4" pos="14.50" speed="2.05"/>
                <vehicle id="cfm-slow_5" pos="30.33" speed="2.05"/>
                <vehicle id="cfm-fast_0" pos="46.16" speed="2.05"/>
            </lane>
            <lane id="right_1"/>
        </edge>
        <edge id="top">
            <lane id="top_0">
                <vehicle id="cfm-fast_1" pos="12.00" speed="2.05"/>
                <vehicle id="cfm-fast_2" pos="27.83" speed="2.05"/>
                <vehicle id="cfm-fast_3" pos="43.66" speed="2.05"/>
            </lane>
            <lane id="top_1"/>
        </edge>
    </timestep>
    <timestep time="0.16">
        <edge id="bottom">
            <lane id="bottom_0">
                <vehicle id="cfm-slow_0" pos="1.19" speed="2.18"/>
                <vehicle id="cfm-slow_1" pos="17.02" speed="2.18"/>
                <vehicle id="cfm-slow_2" pos="32.85" speed="2.18"/>
                <vehicle id="cfm-slow_3" pos="48.69" speed="2.18"/>
            </lane>
            <lane id="bottom_1"/>
        </edge>
        <edge id="left">
            <lane id="left_0">
                <vehicle id="cfm-fast_4" pos="9.52" speed="2.18"/>
                <vehicle id="cfm-fast_5" pos="25.35" speed="2.18"/>
            </lane>
            <lane id="left_1"/>
        </edge>
        <edge id="right">
            <lane id="right_0">
                <vehicle id="cfm-slow_4" pos="14.52" speed="2.18"/>
                <vehicle id="cfm-slow_5" pos="30.35" speed="2.18"/>
                <vehicle id="cfm-fast_0" pos="46.19" speed="2.18"/>
            </lane>
            <lane id="right_1"/>
        </edge>
        <edge id="top">
            <lane id="top_0">
                <vehicle id="cfm-fast_1" pos="12.02" speed="2.18"/>
                <vehicle id="cfm-fast_2" pos="27.85" speed="2.18"/>
                <vehicle id="cfm-fast_3" pos="43.69" speed="2.18"/>
            </lane>
            <lane id="top_1"/>
        </edge>
    </timestep>
    <timestep time="0.17">
        <edge id="bottom">
            <lane id="bottom_0">
                <vehicle id="cfm-slow_0" pos="1.21" speed="2.32"/>
                <vehicle id="cfm-slow_1" pos="17.04" speed="2.32"/>
                <vehicle id="cfm-slow_2" pos="32.88" speed="2.32"/>
                <vehicle id="cfm-slow_3" pos="48.71" speed="2.32"/>
            </lane>
            <lane id="bottom_1"/>
        </edge>
        <edge id="left">
            <lane id="left_0">
                <vehicle id="cfm-fast_4" pos="9.54" speed="2.32"/>
                <vehicle id="cfm-fast_5" pos="25.38" speed="2.32"/>
            </lane>
            <lane id="left_1"/>
        </edge>
        <edge id="right">
            <lane id="right_0">
                <vehicle id="cfm-slow_4" pos="14.54" speed="2.32"/>
                <vehicle id="cfm-slow_5" pos="30.38" speed="2.32"/>
                <vehicle id="cfm-fast_0" pos="46.21" speed="2.32"/>
            </lane>
            <lane id="right_1"/>
        </edge>
        <edge id="top">
            <lane id="top_0">
                <vehicle id="cfm-fast_1" pos="12.04" speed="2.32"/>
                <vehicle id="cfm-fast_2" pos="27.88" speed="2.32"/>
                <vehicle id="cfm-fast_3" pos="43.71" speed="2.32"/>
            </lane>
            <lane id="top_1"/>
        </edge>
    </timestep>
    <timestep time="0.18">
        <edge id="bottom">
            <lane id="bottom_0">
                <vehicle id="cfm-slow_0" pos="1.23" speed="2.45"/>
                <vehicle id="cfm-slow_1" pos="17.07" speed="2.45"/>
                <vehicle id="cfm-slow_2" pos="32.90" speed="2.45"/>
                <vehicle id="cfm-slow_3" pos="48.73" speed="2.45"/>
            </lane>
            <lane id="bottom_1"/>
        </edge>
        <edge id="left">
            <lane id="left_0">
                <vehicle id="cfm-fast_4" pos="9.57" speed="2.45"/>
                <vehicle id="cfm-fast_5" pos="25.40" speed="2.45"/>
            </lane>
            <lane id="left_1"/>
        </edge>
        <edge id="right">
            <lane id="right_0">
                <vehicle id="cfm-slow_4" pos="14.57" speed="2.45"/>
                <vehicle id="cfm-slow_5" pos="30.40" speed="2.45"/>
                <vehicle id="cfm-fast_0" pos="46.23" speed="2.45"/>
            </lane>
            <lane id="right_1"/>
        </edge>
        <edge id="top">
            <lane id="top_0">
                <vehicle id="cfm-fast_1" pos="12.07" speed="2.45"/>
                <vehicle id="cfm-fast_2" pos="27.90" speed="2.45"/>
                <vehicle id="cfm-fast_3" pos="43.73" speed="2.45"/>
            </lane>
            <lane id="top_1"/>
        </edge>
    </timestep>
    <timestep time="0.19">
        <edge id="bottom">
            <lane id="bottom_0">
                <vehicle id="cfm-slow_0" pos="1.26" speed="2.59"/>
                <vehicle id="cfm-slow_1" pos="17.09" speed="2.59"/>
                <vehicle id="cfm-slow_2" pos="32.93" speed="2.59"/>
                <vehicle id="cfm-slow_3" pos="48.76" speed="2.59"/>
            </lane>
            <lane id="bottom_1"/>
        </edge>
        <edge id="left">
            <lane id="left_0">
                <vehicle id="cfm-fast_4" pos="9.59" speed="2.59"/>
                <vehicle id="cfm-fast_5" pos="25.43" speed="2.59"/>
            </lane>
            <lane id="left_1"/>
        </edge>
        <edge id="right">
            <lane id="right_0">
                <vehicle id="cfm-slow_4" pos="14.59" speed="2.59"/>
                <vehicle id="cfm-slow_5" pos="30.43" speed="2.59"/>
                <vehicle id="cfm-fast_0" pos="46.26" speed="2.59"/>
            </lane>
            <lane id="right_1"/>
        </edge>
        <edge id="top">
            <lane id="top_0">
                <vehicle id="cfm-fast_1" pos="12.09" speed="2.59"/>
                <vehicle id="cfm-fast_2" pos="27.93" speed="2.59"/>
                <vehicle id="cfm-fast_3" pos="43.76" speed="2.59"/>
            </lane>
            <lane id="top_1"/>
        </edge>
    </timestep>
    <timestep time="0.20">
        <edge id="bottom">
            <lane id="bottom_0">
                <vehicle id="cfm-slow_0" pos="1.29" speed="2.73"/>
                <vehicle id="cfm-slow_1" pos="17.12" speed="2.73"/>
                <vehicle id="cfm-slow_2" pos="32.95" speed="2.73"/>
                <vehicle id="cfm-slow_3" pos="48.79" speed="2.73"/>
            </lane>
            <lane id="bottom_1"/>
        </edge>
        <edge id="left">
            <lane id="left_0">
                <vehicle id="cfm-fast_4" pos="9.62" speed="2.73"/>
                <vehicle id="cfm-fast_5" pos="25.45" speed="2.73"/>
            </lane>
            <lane id="left_1"/>
        </edge>
        <edge id="right">
            <lane id="right_0">
                <vehicle id="cfm-slow_4" pos="14.62" speed="2.73"/>
                <vehicle id="cfm-slow_5" pos="30.45" speed="2.73"/>
                <vehicle id="cfm-fast_0" pos="46.29" speed="2.73"/>
            </lane>
            <lane id="right_1"/>
        </edge>
        <edge id="top">
            <lane id="top_0">
                <vehicle id="cfm-fast_1" pos="12.12" speed="2.73"/>
                <vehicle id="cfm-fast_2" pos="27.95" speed="2.73"/>
                <vehicle id="cfm-fast_3" pos="43.79" speed="2.73"/>
            </lane>
            <lane id="top_1"/>
        </edge>
    </timestep>
    <timestep time="0.21">
        <edge id="bottom">
            <lane id="bottom_0">
                <vehicle id="cfm-slow_0" pos="1.32" speed="2.86"/>
                <vehicle id="cfm-slow_1" pos="17.15" speed="2.86"/>
                <vehicle id="cfm-slow_2" pos="32.98" speed="2.86"/>
                <vehicle id="cfm-slow_3" pos="48.82" speed="2.86"/>
            </lane>
            <lane id="bottom_1"/>
        </edge>
        <edge id="left">
            <lane id="left_0">
                <vehicle id="cfm-fast_4" pos="9.65" speed="2.86"/>
                <vehicle id="cfm-fast_5" pos="25.48" speed="2.86"/>
            </lane>
            <lane id="left_1"/>
        </edge>
        <edge id="right">
            <lane id="right_0">
                <vehicle id="cfm-slow_4" pos="14.65" speed="2.86"/>
                <vehicle id="cfm-slow_5" pos="30.48" speed="2.86"/>
                <vehicle id="cfm-fast_0" pos="46.31" speed="2.86"/>
            </lane>
            <lane id="right_1"/>
        </edge>
        <edge id="top">
            <lane id="top_0">
                <vehicle id="cfm-fast_1" pos="12.15" speed="2.86"/>
                <vehicle id="cfm-fast_2" pos="27.98" speed="2.86"/>
                <vehicle id="cfm-fast_3" pos="43.81" speed="2.86"/>
            </lane>
            <lane id="top_1"/>
        </edge>
    </timestep>
    <timestep time="0.22">
        <edge id="bottom">
            <lane id="bottom_0">
                <vehicle id="cfm-slow_0" pos="1.35" speed="3.00"/>
                <vehicle id="cfm-slow_1" pos="17.18" speed="3.00"/>
                <vehicle id="cfm-slow_2" pos="33.01" speed="3.00"/>
                <vehicle id="cfm-slow_3" pos="48.85" speed="3.00"/>
            </lane>
            <lane id="bottom_1"/>
        </edge>
        <edge id="left">
            <lane id="left_0">
                <vehicle id="cfm-fast_4" pos="9.68" speed="3.00"/>
                <vehicle id="cfm-fast_5" pos="25.51" speed="3.00"/>
            </lane>
            <lane id="left_1"/>
        </edge>
        <edge id="right">
            <lane id="right_0">
                <vehicle id="cfm-slow_4" pos="14.68" speed="3.00"/>
                <vehicle id="cfm-slow_5" pos="30.51" speed="3.00"/>
                <vehicle id="cfm-fast_0" pos="46.34" speed="3.00"/>
            </lane>
            <lane id="right_1"/>
        </edge>
        <edge id="top">
            <lane id="top_0">
                <vehicle id="cfm-fast_1" pos="12.18" speed="3.00"/>
                <vehicle id="cfm-fast_2" pos="28.01" speed="3.00"/>
                <vehicle id="cfm-fast_3" pos="43.84" speed="3.00"/>
            </lane>
            <lane id="top_1"/>
        </edge>
    </timestep>
    <timestep time="0.23">
        <edge id="bottom">
            <lane id="bottom_0">
                <vehicle id="cfm-slow_0" pos="1.38" speed="3.14"/>
                <vehicle id="cfm-slow_1" pos="17.21" speed="3.14"/>
                <vehicle id="cfm-slow_2" pos="33.04" speed="3.14"/>
                <vehicle id="cfm-slow_3" pos="48.88" speed="3.14"/>
            </lane>
            <lane id="bottom_1"/>
        </edge>
        <edge id="left">
            <lane id="left_0">
                <vehicle id="cfm-fast_4" pos="9.71" speed="3.14"/>
                <vehicle id="cfm-fast_5" pos="25.54" speed="3.14"/>
            </lane>
            <lane id="left_1"/>
        </edge>
        <edge id="right">
            <lane id="right_0">
                <vehicle id="cfm-slow_4" pos="14.71" speed="3.14"/>
                <vehicle id="cfm-slow_5" pos="30.54" speed="3.14"/>
                <vehicle id="cfm-fast_0" pos="46.38" speed="3.14"/>
            </lane>
            <lane id="right_1"/>
        </edge>
        <edge id="top">
            <lane id="top_0">
                <vehicle id="cfm-fast_1" pos="12.21" speed="3.14"/>
                <vehicle id="cfm-fast_2" pos="28.04" speed="3.14"/>
                <vehicle id="cfm-fast_3" pos="43.88" speed="3.14"/>
            </lane>
            <lane id="top_1"/>
        </edge>
    </timestep>
    <timestep time="0.24">
        <edge id="bottom">
            <lane id="bottom_0">
                <vehicle id="cfm-slow_0" pos="1.41" speed="3.27"/>
                <vehicle id="cfm-slow_1" pos="17.24" speed="3.27"/>
                <vehicle id="cfm-slow_2" pos="33.08" speed="3.27"/>
                <vehicle id="cfm-slow_3" pos="48.91" speed="3.27"/>
            </lane>
            <lane id="bottom_1"/>
        </edge>
        <edge id="left">
            <lane id="left_0">
                <vehicle id="cfm-fast_4" pos="9.74" speed="3.27"/>
                <vehicle id="cfm-fast_5" pos="25.58" speed="3.27"/>
            </lane>
            <lane id="left_1"/>
        </edge>
        <edge id="right">
            <lane id="right_0">
                <vehicle id="cfm-slow_4" pos="14.74" speed="3.27"/>
                <vehicle id="cfm-slow_5" pos="30.58" speed="3.27"/>
                <vehicle id="cfm-fast_0" pos="46.41" speed="3.27"/>
            </lane>
            <lane id="right_1"/>
        </edge>
        <edge id="top">
            <lane id="top_0">
                <vehicle id="cfm-fast_1" pos="12.24" speed="3.27"/>
                <vehicle id="cfm-fast_2" pos="28.08" speed="3.27"/>
                <vehicle id="cfm-fast_3" pos="43.91" speed="3.27"/>
            </lane>
            <lane id="top_1"/>
        </edge>
    </timestep>
    <timestep time="0.25">
        <edge id="bottom">
            <lane id="bottom_0">
                <vehicle id="cfm-slow_0" pos="1.44" speed="3.41"/>
                <vehicle id="cfm-slow_1" pos="17.28" speed="3.41"/>
                <vehicle id="cfm-slow_2" pos="33.11" speed="3.41"/>
                <vehicle id="cfm-slow_3" pos="48.94" speed="3.41"/>
            </lane>
            <lane id="bottom_1"/>
        </edge>
        <edge id="left">
            <lane id="left_0">
                <vehicle id="cfm-fast_4" pos="9.78" speed="3.41"/>
                <vehicle id="cfm-fast_5" pos="25.61" speed="3.41"/>
            </lane>
            <lane id="left_1"/>
        </edge>
        <edge id="right">
            <lane id="right_0">
                <vehicle id="cfm-slow_4" pos="14.78" speed="3.41"/>
                <vehicle id="cfm-slow_5" pos="30.61" speed="3.41"/>
                <vehicle id="cfm-fast_0" pos="46.44" speed="3.41"/>
            </lane>
            <lane id="right_1"/>
        </edge>
        <edge id="top">
            <lane id="top_0">
                <vehicle id="cfm-fast_1" pos="12.28" speed="3.41"/>
                <vehicle id="cfm-fast_2" pos="28.11" speed="3.41"/>
                <vehicle id="cfm-fast_3" pos="43.94" speed="3.41"/>
            </lane>
            <lane id="top_1"/>
        </edge>
    </timestep>
    <timestep time="0.26">
        <edge id="bottom">
            <lane id="bottom_0">
                <vehicle id="cfm-slow_0" pos="1.48" speed="3.55"/>
                <vehicle id="cfm-slow_1" pos="17.31" speed="3.55"/>
                <vehicle id="cfm-slow_2" pos="33.15" speed="3.55"/>
                <vehicle id="cfm-slow_3" pos="48.98" speed="3.55"/>
            </lane>
            <lane id="bottom_1"/>
        </edge>
        <edge id="left">
            <lane id="left_0">
                <vehicle id="cfm-fast_4" pos="9.81" speed="3.55"/>
                <vehicle id="cfm-fast_5" pos="25.65" speed="3.55"/>
            </lane>
            <lane id="left_1"/>
        </edge>
        <edge id="right">
            <lane id="right_0">
                <vehicle id="cfm-slow_4" pos="14.81" speed="3.55"/>
                <vehicle id="cfm-slow_5" pos="30.65" speed="3.55"/>
                <vehicle id="cfm-fast_0" pos="46.48" speed="3.55"/>
            </lane>
            <lane id="right_1"/>
        </edge>
        <edge id="top">
            <lane id="top_0">
                <vehicle id="cfm-fast_1" pos="12.31" speed="3.55"/>
                <vehicle id="cfm-fast_2" pos="28.15" speed="3.55"/>
                <vehicle id="cfm-fast_3" pos="43.98" speed="3.55"/>
            </lane>
            <lane id="top_1"/>
        </edge>
    </timestep>
    <timestep time="0.27">
        <edge id="bottom">
            <lane id="bottom_0">
                <vehicle id="cfm-slow_0" pos="1.52" speed="3.68"/>
                <vehicle id="cfm-slow_1" pos="17.35" speed="3.68"/>
                <vehicle id="cfm-slow_2" pos="33.18" speed="3.68"/>
                <vehicle id="cfm-slow_3" pos="49.02" speed="3.68"/>
            </lane>
            <lane id="bottom_1"/>
        </edge>
        <edge id="left">
            <lane id="left_0">
                <vehicle id="cfm-fast_4" pos="9.85" speed="3.68"/>
                <vehicle id="cfm-fast_5" pos="25.68" speed="3.68"/>
            </lane>
            <lane id="left_1"/>
        </edge>
        <edge id="right">
            <lane id="right_0">
                <vehicle id="cfm-slow_4" pos="14.85" speed="3.68"/>
                <vehicle id="cfm-slow_5" pos="30.68" speed="3.68"/>
                <vehicle id="cfm-fast_0" pos="46.52" speed="3.68"/>
            </lane>
            <lane id="right_1"/>
        </edge>
        <edge id="top">
            <lane id="top_0">
                <vehicle id="cfm-fast_1" pos="12.35" speed="3.68"/>
                <vehicle id="cfm-fast_2" pos="28.18" speed="3.68"/>
                <vehicle id="cfm-fast_3" pos="44.02" speed="3.68"/>
            </lane>
            <lane id="top_1"/>
        </edge>
    </timestep>
    <timestep time="0.28">
        <edge id="bottom">
            <lane id="bottom_0">
                <vehicle id="cfm-slow_0" pos="1.55" speed="3.82"/>
                <vehicle id="cfm-slow_1" pos="17.39" speed="3.82"/>
                <vehicle id="cfm-slow_2" pos="33.22" speed="3.82"/>
                <vehicle id="cfm-slow_3" pos="49.05" speed="3.82"/>
            </lane>
            <lane id="bottom_1"/>
        </edge>
        <edge id="left">
            <lane id="left_0">
                <vehicle id="cfm-fast_4" pos="9.89" speed="3.82"/>
                <vehicle id="cfm-fast_5" pos="25.72" speed="3.82"/>
            </lane>
            <lane id="left_1"/>
        </edge>
        <edge id="right">
            <lane id="right_0">
                <vehicle id="cfm-slow_4" pos="14.89" speed="3.82"/>
                <vehicle id="cfm-slow_5" pos="30.72" speed="3.82"/>
                <vehicle id="cfm-fast_0" pos="46.55" speed="3.82"/>
            </lane>
            <lane id="right_1"/>
        </edge>
        <edge id="top">
            <lane id="top_0">
                <vehicle id="cfm-fast_1" pos="12.39" speed="3.82"/>
                <vehicle id="cfm-fast_2" pos="28.22" speed="3.82"/>
                <vehicle id="cfm-fast_3" pos="44.05" speed="3.82"/>
            </lane>
            <lane id="top_1"/>
        </edge>
    </timestep>
    <timestep time="0.29">
        <edge id="bottom">
            <lane id="bottom_0">
                <vehicle id="cfm-slow_0" pos="1.59" speed="3.95"/>
                <vehicle id="cfm-slow_1" pos="17.43" speed="3.95"/>
                <vehicle id="cfm-slow_2" pos="33.26" speed="3.95"/>
                <vehicle id="cfm-slow_3" pos="49.09" speed="3.95"/>
            </lane>
            <lane id="bottom_1"/>
        </edge>
        <edge id="left">
            <lane id="left_0">
                <vehicle id="cfm-fast_4" pos="9.93" speed="3.95"/>
                <vehicle id="cfm-fast_5" pos="25.76" speed="3.95"/>
            </lane>
            <lane id="left_1"/>
        </edge>
        <edge id="right">
            <lane id="right_0">
                <vehicle id="cfm-slow_4" pos="14.93" speed="3.95"/>
                <vehicle id="cfm-slow_5" pos="30.76" speed="3.95"/>
                <vehicle id="cfm-fast_0" pos="46.59" speed="3.95"/>
            </lane>
            <lane id="right_1"/>
        </edge>
        <edge id="top">
            <lane id="top_0">
                <vehicle id="cfm-fast_1" pos="12.43" speed="3.95"/>
                <vehicle id="cfm-fast_2" pos="28.26" speed="3.95"/>
                <vehicle id="cfm-fast_3" pos="44.09" speed="3.95"/>
            </lane>
            <lane id="top_1"/>
        </edge>
    </timestep>
    <timestep time="0.30">
        <edge id="bottom">
            <lane id="bottom_0">
                <vehicle id="cfm-slow_0" pos="1.63" speed="4.09"/>
                <vehicle id="cfm-slow_1" pos="17.47" speed="4.09"/>
                <vehicle id="cfm-slow_2" pos="33.30" speed="4.09"/>
                <vehicle id="cfm-slow_3" pos="49.13" speed="4.09"/>
            </lane>
            <lane id="bottom_1"/>
        </edge>
        <edge id="left">
            <lane id="left_0">
                <vehicle id="cfm-fast_4" pos="9.97" speed="4.09"/>
                <vehicle id="cfm-fast_5" pos="25.80" speed="4.09"/>
            </lane>
            <lane id="left_1"/>
        </edge>
        <edge id="right">
            <lane id="right_0">
                <vehicle id="cfm-slow_4" pos="14.97" speed="4.09"/>
                <vehicle id="cfm-slow_5" pos="30.80" speed="4.09"/>
                <vehicle id="cfm-fast_0" pos="46.63" speed="4.09"/>
            </lane>
            <lane id="right_1"/>
        </edge>
        <edge id="top">
            <lane id="top_0">
                <vehicle id="cfm-fast_1" pos="12.47" speed="4.09"/>
                <vehicle id="cfm-fast_2" pos="28.30" speed="4.09"/>
                <vehicle id="cfm-fast_3" pos="44.13" speed="4.09"/>
            </lane>
            <lane id="top_1"/>
        </edge>
    </timestep>
    <timestep time="0.31">
        <edge id="bottom">
            <lane id="bottom_0">
                <vehicle id="cfm-slow_0" pos="1.68" speed="4.23"/>
                <vehicle id="cfm-slow_1" pos="17.51" speed="4.23"/>
                <vehicle id="cfm-slow_2" pos="33.34" speed="4.23"/>
                <vehicle id="cfm-slow_3" pos="49.18" speed="4.23"/>
            </lane>
            <lane id="bottom_1"/>
        </edge>
        <edge id="left">
            <lane id="left_0">
                <vehicle id="cfm-fast_4" pos="10.01" speed="4.23"/>
                <vehicle id="cfm-fast_5" pos="25.84" speed="4.23"/>
            </lane>
            <lane id="left_1"/>
        </edge>
        <edge id="right">
            <lane id="right_0">
                <vehicle id="cfm-slow_4" pos="15.01" speed="4.23"/>
                <vehicle id="cfm-slow_5" pos="30.84" speed="4.23"/>
                <vehicle id="cfm-fast_0" pos="46.68" speed="4.23"/>
            </lane>
            <lane id="right_1"/>
        </edge>
        <edge id="top">
            <lane id="top_0">
                <vehicle id="cfm-fast_1" pos="12.51" speed="4.23"/>
                <vehicle id="cfm-fast_2" pos="28.34" speed="4.23"/>
                <vehicle id="cfm-fast_3" pos="44.18" speed="4.23"/>
            </lane>
            <lane id="top_1"/>
        </edge>
    </timestep>
    <timestep time="0.32">
        <edge id="bottom">
            <lane id="bottom_0">
                <vehicle id="cfm-slow_0" pos="1.72" speed="4.36"/>
                <vehicle id="cfm-slow_1" pos="17.55" speed="4.36"/>
                <vehicle id="cfm-slow_2" pos="33.39" speed="4.36"/>
                <vehicle id="cfm-slow_3" pos="49.22" speed="4.36"/>
            </lane>
            <lane id="bottom_1"/>
        </edge>
        <edge id="left">
            <lane id="left_0">
                <vehicle id="cfm-fast_4" pos="10.05" speed="4.36"/>
                <vehicle id="cfm-fast_5" pos="25.89" speed="4.36"/>
            </lane>
            <lane id="left_1"/>
        </edge>
        <edge id="right">
            <lane id="right_0">
                <vehicle id="cfm-slow_4" pos="15.05" speed="4.36"/>
                <vehicle id="cfm-slow_5" pos="30.89" speed="4.36"/>
                <vehicle id="cfm-fast_0" pos="46.72" speed="4.36"/>
            </lane>
            <lane id="right_1"/>
        </edge>
        <edge id="top">
            <lane id="top_0">
                <vehicle id="cfm-fast_1" pos="12.55" speed="4.36"/>
                <vehicle id="cfm-fast_2" pos="28.39" speed="4.36"/>
                <vehicle id="cfm-fast_3" pos="44.22" speed="4.36"/>
            </lane>
            <lane id="top_1"/>
        </edge>
    </timestep>
    <timestep time="0.33">
        <edge id="bottom">
            <lane id="bottom_0">
                <vehicle id="cfm-slow_0" pos="1.76" speed="4.50"/>
                <vehicle id="cfm-slow_1" pos="17.60" speed="4.50"/>
                <vehicle id="cfm-slow_2" pos="33.43" speed="4.50"/>
                <vehicle id="cfm-slow_3" pos="49.27" speed="4.50"/>
            </lane>
            <lane id="bottom_1"/>
        </edge>
        <edge id="left">
            <lane id="left_0">
                <vehicle id="cfm-fast_4" pos="10.10" speed="4.50"/>
                <vehicle id="cfm-fast_5" pos="25.93" speed="4.50"/>
            </lane>
            <lane id="left_1"/>
        </edge>
        <edge id="right">
            <lane id="right_0">
                <vehicle id="cfm-slow_4" pos="15.10" speed="4.50"/>
                <vehicle id="cfm-slow_5" pos="30.93" speed="4.50"/>
                <vehicle id="cfm-fast_0" pos="46.77" speed="4.50"/>
            </lane>
            <lane id="right_1"/>
        </edge>
        <edge id="top">
            <lane id="top_0">
                <vehicle id="cfm-fast_1" pos="12.60" speed="4.50"/>
                <vehicle id="cfm-fast_2" pos="28.43" speed="4.50"/>
                <vehicle id="cfm-fast_3" pos="44.27" speed="4.50"/>
            </lane>
            <lane id="top_1"/>
        </edge>
    </timestep>
    <timestep time="0.34">
        <edge id="bottom">
            <lane id="bottom_0">
                <vehicle id="cfm-slow_0" pos="1.81" speed="4.64"/>
                <vehicle id="cfm-slow_1" pos="17.64" speed="4.64"/>
                <vehicle id="cfm-slow_2" pos="33.48" speed="4.64"/>
                <vehicle id="cfm-slow_3" pos="49.31" speed="4.64"/>
            </lane>
            <lane id="bottom_1"/>
        </edge>
        <edge id="left">
            <lane id="left_0">
                <vehicle id="cfm-fast_4" pos="10.14" speed="4.64"/>
                <vehicle id="cfm-fast_5" pos="25.98" speed="4.64"/>
            </lane>
            <lane id="left_1"/>
        </edge>
        <edge id="right">
            <lane id="right_0">
                <vehicle id="cfm-slow_4" pos="15.14" speed="4.64"/>
                <vehicle id="cfm-slow_5" pos="30.98" speed="4.64"/>
                <vehicle id="cfm-fast_0" pos="46.81" speed="4.64"/>
            </lane>
            <lane id="right_1"/>
        </edge>
        <edge id="top">
            <lane id="top_0">
                <vehicle id="cfm-fast_1" pos="12.64" speed="4.64"/>
                <vehicle id="cfm-fast_2" pos="28.48" speed="4.64"/>
                <vehicle id="cfm-fast_3" pos="44.31" speed="4.64"/>
            </lane>
            <lane id="top_1"/>
        </edge>
    </timestep>
    <timestep time="0.35">
        <edge id="bottom">
            <lane id="bottom_0">
                <vehicle id="cfm-slow_0" pos="1.86" speed="4.77"/>
                <vehicle id="cfm-slow_1" pos="17.69" speed="4.77"/>
                <vehicle id="cfm-slow_2" pos="33.53" speed="4.77"/>
                <vehicle id="cfm-slow_3" pos="49.36" speed="4.77"/>
            </lane>
            <lane id="bottom_1"/>
        </edge>
        <edge id="left">
            <lane id="left_0">
                <vehicle id="cfm-fast_4" pos="10.19" speed="4.77"/>
                <vehicle id="cfm-fast_5" pos="26.03" speed="4.77"/>
            </lane>
            <lane id="left_1"/>
        </edge>
        <edge id="right">
            <lane id="right_0">
                <vehicle id="cfm-slow_4" pos="15.19" speed="4.77"/>
                <vehicle id="cfm-slow_5" pos="31.03" speed="4.77"/>
                <vehicle id="cfm-fast_0" pos="46.86" speed="4.77"/>
            </lane>
            <lane id="right_1"/>
        </edge>
        <edge id="top">
            <lane id="top_0">
                <vehicle id="cfm-fast_1" pos="12.69" speed="4.77"/>
                <vehicle id="cfm-fast_2" pos="28.53" speed="4.77"/>
                <vehicle id="cfm-fast_3" pos="44.36" speed="4.77"/>
            </lane>
            <lane id="top_1"/>
        </edge>
    </timestep>
    <timestep time="0.36">
        <edge id="bottom">
            <lane id="bottom_0">
                <vehicle id="cfm-slow_0" pos="1.91" speed="4.91"/>
                <vehicle id="cfm-slow_1" pos="17.74" speed="4.91"/>
                <vehicle id="cfm-slow_2" pos="33.57" speed="4.91"/>
                <vehicle id="cfm-slow_3" pos="49.41" speed="4.91"/>
            </lane>
            <lane id="bottom_1"/>
        </edge>
        <edge id="left">
            <lane id="left_0">
                <vehicle id="cfm-fast_4" pos="10.24" speed="4.91"/>
                <vehicle id="cfm-fast_5" pos="26.07" speed="4.91"/>
            </lane>
            <lane id="left_1"/>
        </edge>
        <edge id="right">
            <lane id="right_0">
                <vehicle id="cfm-slow_4" pos="15.24" speed="4.91"/>
                <vehicle id="cfm-slow_5" pos="31.07" speed="4.91"/>
                <vehicle id="cfm-fast_0" pos="46.91" speed="4.91"/>
            </lane>
            <lane id="right_1"/>
        </edge>
        <edge id="top">
            <lane id="top_0">
                <vehicle id="cfm-fast_1" pos="12.74" speed="4.91"/>
                <vehicle id="cfm-fast_2" pos="28.57" speed="4.91"/>
                <vehicle id="cfm-fast_3" pos="44.41" speed="4.91"/>
            </lane>
            <lane id="top_1"/>
        </edge>
    </timestep>
    <timestep time="0.37">
        <edge id="bottom">
            <lane id="bottom_0">
                <vehicle id="cfm-slow_0" pos="1.96" speed="5.05"/>
                <vehicle id="cfm-slow_1" pos="17.79" speed="5.05"/>
                <vehicle id="cfm-slow_2" pos="33.63" speed="5.05"/>
                <vehicle id="cfm-slow_3" pos="49.46" speed="5.05"/>
            </lane>
            <lane id="bottom_1"/>
        </edge>
        <edge id="left">
            <lane id="left_0">
                <vehicle id="cfm-fast_4" pos="10.29" speed="5.05"/>
                <vehicle id="cfm-fast_5" pos="26.13" speed="5.05"/>
            </lane>
            <lane id="left_1"/>
        </edge>
        <edge id="right">
            <lane id="right_0">
                <vehicle id="cfm-slow_4" pos="15.29" speed="5.05"/>
                <vehicle id="cfm-slow_5" pos="31.13" speed="5.05"/>
                <vehicle id="cfm-fast_0" pos="46.96" speed="5.05"/>
            </lane>
            <lane id="right_1"/>
        </edge>
        <edge id="top">
            <lane id="top_0">
                <vehicle id="cfm-fast_1" pos="12.79" speed="5.05"/>
                <vehicle id="cfm-fast_2" pos="28.63" speed="5.05"/>
                <vehicle id="cfm-fast_3" pos="44.46" speed="5.05"/>
            </lane>
            <lane id="top_1"/>
        </edge>
    </timestep>
    <timestep time="0.38">
        <edge id="bottom">
            <lane id="bottom_0">
                <vehicle id="cfm-slow_0" pos="2.01" speed="5.18"/>
                <vehicle id="cfm-slow_1" pos="17.84" speed="5.18"/>
                <vehicle id="cfm-slow_2" pos="33.68" speed="5.18"/>
                <vehicle id="cfm-slow_3" pos="49.51" speed="5.18"/>
            </lane>
            <lane id="bottom_1"/>
        </edge>
        <edge id="left">
            <lane id="left_0">
                <vehicle id="cfm-fast_4" pos="10.34" speed="5.18"/>
                <vehicle id="cfm-fast_5" pos="26.18" speed="5.18"/>
            </lane>
            <lane id="left_1"/>
        </edge>
        <edge id="right">
            <lane id="right_0">
                <vehicle id="cfm-slow_4" pos="15.34" speed="5.18"/>
                <vehicle id="cfm-slow_5" pos="31.18" speed="5.18"/>
                <vehicle id="cfm-fast_0" pos="47.01" speed="5.18"/>
            </lane>
            <lane id="right_1"/>
        </edge>
        <edge id="top">
            <lane id="top_0">
                <vehicle id="cfm-fast_1" pos="12.84" speed="5.18"/>
                <vehicle id="cfm-fast_2" pos="28.68" speed="5.18"/>
                <vehicle id="cfm-fast_3" pos="44.51" speed="5.18"/>
            </lane>
            <lane id="top_1"/>
        </edge>
    </timestep>
    <timestep time="0.39">
        <edge id="bottom">
            <lane id="bottom_0">
                <vehicle id="cfm-slow_0" pos="2.06" speed="5.32"/>
                <vehicle id="cfm-slow_1" pos="17.90" speed="5.32"/>
                <vehicle id="cfm-slow_2" pos="33.73" speed="5.32"/>
                <vehicle id="cfm-slow_3" pos="49.56" speed="5.32"/>
            </lane>
            <lane id="bottom_1"/>
        </edge>
        <edge id="left">
            <lane id="left_0">
                <vehicle id="cfm-fast_4" pos="10.40" speed="5.32"/>
                <vehicle id="cfm-fast_5" pos="26.23" speed="5.32"/>
            </lane>
            <lane id="left_1"/>
        </edge>
        <edge id="right">
            <lane id="right_0">
                <vehicle id="cfm-slow_4" pos="15.40" speed="5.32"/>
                <vehicle id="cfm-slow_5" pos="31.23" speed="5.32"/>
                <vehicle id="cfm-fast_0" pos="47.06" speed="5.32"/>
            </lane>
            <lane id="right_1"/>
        </edge>
        <edge id="top">
            <lane id="top_0">
                <vehicle id="cfm-fast_1" pos="12.90" speed="5.32"/>
                <vehicle id="cfm-fast_2" pos="28.73" speed="5.32"/>
                <vehicle id="cfm-fast_3" pos="44.56" speed="5.32"/>
            </lane>
            <lane id="top_1"/>
        </edge>
    </timestep>
    <timestep time="0.40">
        <edge id="bottom">
            <lane id="bottom_0">
                <vehicle id="cfm-slow_0" pos="2.12" speed="5.45"/>
                <vehicle id="cfm-slow_1" pos="17.95" speed="5.45"/>
                <vehicle id="cfm-slow_2" pos="33.78" speed="5.45"/>
                <vehicle id="cfm-slow_3" pos="49.62" speed="5.45"/>
            </lane>
            <lane id="bottom_1"/>
        </edge>
        <edge id="left">
            <lane id="left_0">
                <vehicle id="cfm-fast_4" pos="10.45" speed="5.45"/>
                <vehicle id="cfm-fast_5" pos="26.28" speed="5.45"/>
            </lane>
            <lane id="left_1"/>
        </edge>
        <edge id="right">
            <lane id="right_0">
                <vehicle id="cfm-slow_4" pos="15.45" speed="5.45"/>
                <vehicle id="cfm-slow_5" pos="31.28" speed="5.45"/>
                <vehicle id="cfm-fast_0" pos="47.12" speed="5.45"/>
            </lane>
            <lane id="right_1"/>
        </edge>
        <edge id="top">
            <lane id="top_0">
                <vehicle id="cfm-fast_1" pos="12.95" speed="5.45"/>
                <vehicle id="cfm-fast_2" pos="28.78" speed="5.45"/>
                <vehicle id="cfm-fast_3" pos="44.62" speed="5.45"/>
            </lane>
            <lane id="top_1"/>
        </edge>
    </timestep>
    <timestep time="0.41">
        <edge id="bottom">
            <lane id="bottom_0">
                <vehicle id="cfm-slow_0" pos="2.17" speed="5.59"/>
                <vehicle id="cfm-slow_1" pos="18.01" speed="5.59"/>
                <vehicle id="cfm-slow_2" pos="33.84" speed="5.59"/>
                <vehicle id="cfm-slow_3" pos="49.67" speed="5.59"/>
            </lane>
            <lane id="bottom_1"/>
        </edge>
        <edge id="left">
            <lane id="left_0">
                <vehicle id="cfm-fast_4" pos="10.51" speed="5.59"/>
                <vehicle id="cfm-fast_5" pos="26.34" speed="5.59"/>
            </lane>
            <lane id="left_1"/>
        </edge>
        <edge id="right">
            <lane id="right_0">
                <vehicle id="cfm-slow_4" pos="15.51" speed="5.59"/>
                <vehicle id="cfm-slow_5" pos="31.34" speed="5.59"/>
                <vehicle id="cfm-fast_0" pos="47.17" speed="5.59"/>
            </lane>
            <lane id="right_1"/>
        </edge>
        <edge id="top">
            <lane id="top_0">
                <vehicle id="cfm-fast_1" pos="13.01" speed="5.59"/>
                <vehicle id="cfm-fast_2" pos="28.84" speed="5.59"/>
                <vehicle id="cfm-fast_3" pos="44.67" speed="5.59"/>
            </lane>
            <lane id="top_1"/>
        </edge>
    </timestep>
    <timestep time="0.42">
        <edge id="bottom">
            <lane id="bottom_0">
                <vehicle id="cfm-slow_0" pos="2.23" speed="5.73"/>
                <vehicle id="cfm-slow_1" pos="18.06" speed="5.73"/>
                <vehicle id="cfm-slow_2" pos="33.90" speed="5.73"/>
                <vehicle id="cfm-slow_3" pos="49.73" speed="5.73"/>
            </lane>
            <lane id="bottom_1"/>
        </edge>
        <edge id="left">
            <lane id="left_0">
                <vehicle id="cfm-fast_4" pos="10.56" speed="5.73"/>
                <vehicle id="cfm-fast_5" pos="26.40" speed="5.73"/>
            </lane>
            <lane id="left_1"/>
        </edge>
        <edge id="right">
            <lane id="right_0">
                <vehicle id="cfm-slow_4" pos="15.56" speed="5.73"/>
                <vehicle id="cfm-slow_5" pos="31.40" speed="5.73"/>
                <vehicle id="cfm-fast_0" pos="47.23" speed="5.73"/>
            </lane>
            <lane id="right_1"/>
        </edge>
        <edge id="top">
            <lane id="top_0">
                <vehicle id="cfm-fast_1" pos="13.06" speed="5.73"/>
                <vehicle id="cfm-fast_2" pos="28.90" speed="5.73"/>
                <vehicle id="cfm-fast_3" pos="44.73" speed="5.73"/>
            </lane>
            <lane id="top_1"/>
        </edge>
    </timestep>
    <timestep time="0.43">
        <edge id="bottom">
            <lane id="bottom_0">
                <vehicle id="cfm-slow_0" pos="2.29" speed="5.86"/>
                <vehicle id="cfm-slow_1" pos="18.12" speed="5.86"/>
                <vehicle id="cfm-slow_2" pos="33.96" speed="5.86"/>
                <vehicle id="cfm-slow_3" pos="49.79" speed="5.86"/>
            </lane>
            <lane id="bottom_1"/>
        </edge>
        <edge id="left">
            <lane id="left_0">
                <vehicle id="cfm-fast_4" pos="10.62" speed="5.86"/>
                <vehicle id="cfm-fast_5" pos="26.46" speed="5.86"/>
            </lane>
            <lane id="left_1"/>
        </edge>
        <edge id="right">
            <lane id="right_0">
                <vehicle id="cfm-slow_4" pos="15.62" speed="5.86"/>
                <vehicle id="cfm-slow_5" pos="31.46" speed="5.86"/>
                <vehicle id="cfm-fast_0" pos="47.29" speed="5.86"/>
            </lane>
            <lane id="right_1"/>
        </edge>
        <edge id="top">
            <lane id="top_0">
                <vehicle id="cfm-fast_1" pos="13.12" speed="5.86"/>
                <vehicle id="cfm-fast_2" pos="28.96" speed="5.86"/>
                <vehicle id="cfm-fast_3" pos="44.79" speed="5.86"/>
            </lane>
            <lane id="top_1"/>
        </edge>
    </timestep>
    <timestep time="0.44">
        <edge id="bottom">
            <lane id="bottom_0">
                <vehicle id="cfm-slow_0" pos="2.35" speed="6.00"/>
                <vehicle id="cfm-slow_1" pos="18.18" speed="6.00"/>
                <vehicle id="cfm-slow_2" pos="34.02" speed="6.00"/>
                <vehicle id="cfm-slow_3" pos="49.85" speed="6.00"/>
            </lane>
            <lane id="bottom_1"/>
        </edge>
        <edge id="left">
            <lane id="left_0">
                <vehicle id="cfm-fast_4" pos="10.68" speed="6.00"/>
                <vehicle id="cfm-fast_5" pos="26.52" speed="6.00"/>
            </lane>
            <lane id="left_1"/>
        </edge>
        <edge id="right">
            <lane id="right_0">
                <vehicle id="cfm-slow_4" pos="15.68" speed="6.00"/>
                <vehicle id="cfm-slow_5" pos="31.52" speed="6.00"/>
                <vehicle id="cfm-fast_0" pos="47.35" speed="6.00"/>
            </lane>
            <lane id="right_1"/>
        </edge>
        <edge id="top">
            <lane id="top_0">
                <vehicle id="cfm-fast_1" pos="13.18" speed="6.00"/>
                <vehicle id="cfm-fast_2" pos="29.02" speed="6.00"/>
                <vehicle id="cfm-fast_3" pos="44.85" speed="6.00"/>
            </lane>
            <lane id="top_1"/>
        </edge>
    </timestep>
    <timestep time="0.45">
        <edge id="bottom">
            <lane id="bottom_0">
                <vehicle id="cfm-slow_0" pos="2.41" speed="6.13"/>
                <vehicle id="cfm-slow_1" pos="18.24" speed="6.13"/>
                <vehicle id="cfm-slow_2" pos="34.08" speed="6.13"/>
                <vehicle id="cfm-slow_3" pos="49.91" speed="6.13"/>
            </lane>
            <lane id="bottom_1"/>
        </edge>
        <edge id="left">
            <lane id="left_0">
                <vehicle id="cfm-fast_4" pos="10.74" speed="6.14"/>
                <vehicle id="cfm-fast_5" pos="26.58" speed="6.14"/>
            </lane>
            <lane id="left_1"/>
        </edge>
        <edge id="right">
            <lane id="right_0">
                <vehicle id="cfm-slow_4" pos="15.74" speed="6.13"/>
                <vehicle id="cfm-slow_5" pos="31.58" speed="6.13"/>
                <vehicle id="cfm-fast_0" pos="47.41" speed="6.14"/>
            </lane>
            <lane id="right_1"/>
        </edge>
        <edge id="top">
            <lane id="top_0">
                <vehicle id="cfm-fast_1" pos="13.24" speed="6.14"/>
                <vehicle id="cfm-fast_2" pos="29.08" speed="6.14"/>
                <vehicle id="cfm-fast_3" pos="44.91" speed="6.14"/>
            </lane>
            <lane id="top_1"/>
        </edge>
    </timestep>
    <timestep time="0.46">
        <edge id="bottom">
            <lane id="bottom_0">
                <vehicle id="cfm-slow_0" pos="2.47" speed="6.27"/>
                <vehicle id="cfm-slow_1" pos="18.31" speed="6.27"/>
                <vehicle id="cfm-slow_2" pos="34.14" speed="6.27"/>
                <vehicle id="cfm-slow_3" pos="49.97" speed="6.27"/>
            </lane>
            <lane id="bottom_1"/>
        </edge>
        <edge id="left">
            <lane id="left_0">
                <vehicle id="cfm-fast_4" pos="10.81" speed="6.27"/>
                <vehicle id="cfm-fast_5" pos="26.64" speed="6.27"/>
            </lane>
            <lane id="left_1"/>
        </edge>
        <edge id="right">
            <lane id="right_0">
                <vehicle id="cfm-slow_4" pos="15.81" speed="6.27"/>
                <vehicle id="cfm-slow_5" pos="31.64" speed="6.27"/>
                <vehicle id="cfm-fast_0" pos="47.47" speed="6.27"/>
            </lane>
            <lane id="right_1"/>
        </edge>
        <edge id="top">
            <lane id="top_0">
                <vehicle id="cfm-fast_1" pos="13.31" speed="6.27"/>
                <vehicle id="cfm-fast_2" pos="29.14" speed="6.27"/>
                <vehicle id="cfm-fast_3" pos="44.97" speed="6.27"/>
            </lane>
            <lane id="top_1"/>
        </edge>
    </timestep>
    <timestep time="0.47">
        <edge id="bottom">
            <lane id="bottom_0">
                <vehicle id="cfm-slow_0" pos="2.54" speed="6.40"/>
                <vehicle id="cfm-slow_1" pos="18.37" speed="6.40"/>
                <vehicle id="cfm-slow_2" pos="34.20" speed="6.40"/>
            </lane>
            <lane id="bottom_1"/>
        </edge>
        <edge id="left">
            <lane id="left_0">
                <vehicle id="cfm-fast_4" pos="10.87" speed="6.41"/>
                <vehicle id="cfm-fast_5" pos="26.70" speed="6.41"/>
            </lane>
            <lane id="left_1"/>
        </edge>
        <edge id="right">
            <lane id="right_0">
                <vehicle id="cfm-slow_3" pos="0.04" speed="6.40"/>
                <vehicle id="cfm-slow_4" pos="15.87" speed="6.40"/>
                <vehicle id="cfm-slow_5" pos="31.70" speed="6.40"/>
                <vehicle id="cfm-fast_0" pos="47.54" speed="6.41"/>
            </lane>
            <lane id="right_1"/>
        </edge>
        <edge id="top">
            <lane id="top_0">
                <vehicle id="cfm-fast_1" pos="13.37" speed="6.41"/>
                <vehicle id="cfm-fast_2" pos="29.20" speed="6.41"/>
                <vehicle id="cfm-fast_3" pos="45.04" speed="6.41"/>
            </lane>
            <lane id="top_1"/>
        </edge>
    </timestep>
    <timestep time="0.48">
        <edge id="bottom">
            <lane id="bottom_0">
                <vehicle id="cfm-slow_0" pos="2.60" speed="6.53"/>
                <vehicle id="cfm-slow_1" pos="18.44" speed="6.53"/>
                <vehicle id="cfm-slow_2" pos="34.27" speed="6.53"/>
            </lane>
            <lane id="bottom_1"/>
        </edge>
        <edge id="left">
            <lane id="left_0">
                <vehicle id="cfm-fast_4" pos="10.94" speed="6.55"/>
                <vehicle id="cfm-fast_5" pos="26.77" speed="6.55"/>
            </lane>
            <lane id="left_1"/>
        </edge>
        <edge id="right">
            <lane id="right_0">
                <vehicle id="cfm-slow_3" pos="0.10" speed="6.53"/>
                <vehicle id="cfm-slow_4" pos="15.94" speed="6.53"/>
                <vehicle id="cfm-slow_5" pos="31.77" speed="6.53"/>
                <vehicle id="cfm-fast_0" pos="47.60" speed="6.55"/>
            </lane>
            <lane id="right_1"/>
        </edge>
        <edge id="top">
            <lane id="top_0">
                <vehicle id="cfm-fast_1" pos="13.44" speed="6.55"/>
                <vehicle id="cfm-fast_2" pos="29.27" speed="6.55"/>
                <vehicle id="cfm-fast_3" pos="45.10" speed="6.55"/>
            </lane>
            <lane id="top_1"/>
        </edge>
    </timestep>
    <timestep time="0.49">
        <edge id="bottom">
            <lane id="bottom_0">
                <vehicle id="cfm-slow_0" pos="2.67" speed="6.66"/>
                <vehicle id="cfm-slow_1" pos="18.50" speed="6.66"/>
                <vehicle id="cfm-slow_2" pos="34.34" speed="6.66"/>
            </lane>
            <lane id="bottom_1"/>
        </edge>
        <edge id="left">
            <lane id="left_0">
                <vehicle id="cfm-fast_4" pos="11.00" speed="6.68"/>
                <vehicle id="cfm-fast_5" pos="26.84" speed="6.68"/>
            </lane>
            <lane id="left_1"/>
        </edge>
        <edge id="right">
            <lane id="right_0">
                <vehicle id="cfm-slow_3" pos="0.17" speed="6.66"/>
                <vehicle id="cfm-slow_4" pos="16.00" speed="6.66"/>
                <vehicle id="cfm-slow_5" pos="31.84" speed="6.66"/>
                <vehicle id="cfm-fast_0" pos="47.67" speed="6.68"/>
            </lane>
            <lane id="right_1"/>
        </edge>
        <edge id="top">
            <lane id="top_0">
                <vehicle id="cfm-fast_1" pos="13.50" speed="6.68"/>
                <vehicle id="cfm-fast_2" pos="29.34" speed="6.68"/>
                <vehicle id="cfm-fast_3" pos="45.17" speed="6.68"/>
            </lane>
            <lane id="top_1"/>
        </edge>
    </timestep>
    <timestep time="0.50">
        <edge id="bottom">
            <lane id="bottom_0">
                <vehicle id="cfm-slow_0" pos="2.74" speed="6.79"/>
                <vehicle id="cfm-slow_1" pos="18.57" speed="6.79"/>
                <vehicle id="cfm-slow_2" pos="34.40" speed="6.79"/>
            </lane>
            <lane id="bottom_1"/>
        </edge>
        <edge id="left">
            <lane id="left_0">
                <vehicle id="cfm-fast_4" pos="11.07" speed="6.82"/>
                <vehicle id="cfm-fast_5" pos="26.91" speed="6.82"/>
            </lane>
            <lane id="left_1"/>
        </edge>
        <edge id="right">
            <lane id="right_0">
                <vehicle id="cfm-slow_3" pos="0.24" speed="6.79"/>
                <vehicle id="cfm-slow_4" pos="16.07" speed="6.79"/>
                <vehicle id="cfm-slow_5" pos="31.90" speed="6.79"/>
                <vehicle id="cfm-fast_0" pos="47.74" speed="6.82"/>
            </lane>
            <lane id="right_1"/>
        </edge>
        <edge id="top">
            <lane id="top_0">
                <vehicle id="cfm-fast_1" pos="13.57" speed="6.82"/>
                <vehicle id="cfm-fast_2" pos="29.41" speed="6.82"/>
                <vehicle id="cfm-fast_3" pos="45.24" speed="6.82"/>
            </lane>
            <lane id="top_1"/>
        </edge>
    </timestep>
    <timestep time="0.51">
        <edge id="bottom">
            <lane id="bottom_0">
                <vehicle id="cfm-slow_0" pos="2.81" speed="6.92"/>
                <vehicle id="cfm-slow_1" pos="18.64" speed="6.92"/>
                <vehicle id="cfm-slow_2" pos="34.47" speed="6.92"/>
            </lane>
            <lane id="bottom_1"/>
        </edge>
        <edge id="left">
            <lane id="left_0">
                <vehicle id="cfm-fast_4" pos="11.14" speed="6.95"/>
                <vehicle id="cfm-fast_5" pos="26.97" speed="6.95"/>
            </lane>
            <lane id="left_1"/>
        </edge>
        <edge id="right">
            <lane id="right_0">
                <vehicle id="cfm-slow_3" pos="0.31" speed="6.92"/>
                <vehicle id="cfm-slow_4" pos="16.14" speed="6.92"/>
                <vehicle id="cfm-slow_5" pos="31.97" speed="6.92"/>
                <vehicle id="cfm-fast_0" pos="47.81" speed="6.95"/>
            </lane>
            <lane id="right_1"/>
        </edge>
        <edge id="top">
            <lane id="top_0">
                <vehicle id="cfm-fast_1" pos="13.64" speed="6.95"/>
                <vehicle id="cfm-fast_2" pos="29.47" speed="6.95"/>
                <vehicle id="cfm-fast_3" pos="45.31" speed="6.95"/>
            </lane>
            <lane id="top_1"/>
        </edge>
    </timestep>
    <timestep time="0.52">
        <edge id="bottom">
            <lane id="bottom_0">
                <vehicle id="cfm-slow_0" pos="2.88" speed="7.04"/>
                <vehicle id="cfm-slow_1" pos="18.71" speed="7.04"/>
                <vehicle id="cfm-slow_2" pos="34.54" speed="7.04"/>
            </lane>
            <lane id="bottom_1"/>
        </edge>
        <edge id="left">
            <lane id="left_0">
                <vehicle id="cfm-fast_4" pos="11.21" speed="7.09"/>
                <vehicle id="cfm-fast_5" pos="27.05" speed="7.09"/>
            </lane>
            <lane id="left_1"/>
        </edge>
        <edge id="right">
            <lane id="right_0">
                <vehicle id="cfm-slow_3" pos="0.38" speed="7.04"/>
                <vehicle id="cfm-slow_4" pos="16.21" speed="7.04"/>
                <vehicle id="cfm-slow_5" pos="32.04" speed="7.05"/>
                <vehicle id="cfm-fast_0" pos="47.88" speed="7.09"/>
            </lane>
            <lane id="right_1"/>
        </edge>
        <edge id="top">
            <lane id="top_0">
                <vehicle id="cfm-fast_1" pos="13.71" speed="7.09"/>
                <vehicle id="cfm-fast_2" pos="29.55" speed="7.09"/>
                <vehicle id="cfm-fast_3" pos="45.38" speed="7.09"/>
            </lane>
            <lane id="top_1"/>
        </edge>
    </timestep>
    <timestep time="0.53">
        <edge id="bottom">
            <lane id="bottom_0">
                <vehicle id="cfm-slow_0" pos="2.95" speed="7.17"/>
                <vehicle id="cfm-slow_1" pos="18.78" speed="7.17"/>
                <vehicle id="cfm-slow_2" pos="34.62" speed="7.17"/>
            </lane>
            <lane id="bottom_1"/>
        </edge>
        <edge id="left">
            <lane id="left_0">
                <vehicle id="cfm-fast_4" pos="11.28" speed="7.23"/>
                <vehicle id="cfm-fast_5" pos="27.12" speed="7.23"/>
            </lane>
            <lane id="left_1"/>
        </edge>
        <edge id="right">
            <lane id="right_0">
                <vehicle id="cfm-slow_3" pos="0.45" speed="7.17"/>
                <vehicle id="cfm-slow_4" pos="16.28" speed="7.17"/>
                <vehicle id="cfm-slow_5" pos="32.12" speed="7.17"/>
                <vehicle id="cfm-fast_0" pos="47.95" speed="7.23"/>
            </lane>
            <lane id="right_1"/>
        </edge>
        <edge id="top">
            <lane id="top_0">
                <vehicle id="cfm-fast_1" pos="13.78" speed="7.23"/>
                <vehicle id="cfm-fast_2" pos="29.62" speed="7.23"/>
                <vehicle id="cfm-fast_3" pos="45.45" speed="7.23"/>
            </lane>
            <lane id="top_1"/>
        </edge>
    </timestep>
    <timestep time="0.54">
        <edge id="bottom">
            <lane id="bottom_0">
                <vehicle id="cfm-slow_0" pos="3.02" speed="7.29"/>
                <vehicle id="cfm-slow_1" pos="18.86" speed="7.29"/>
                <vehicle id="cfm-slow_2" pos="34.69" speed="7.29"/>
            </lane>
            <lane id="bottom_1"/>
        </edge>
        <edge id="left">
            <lane id="left_0">
                <vehicle id="cfm-fast_4" pos="11.36" speed="7.36"/>
                <vehicle id="cfm-fast_5" pos="27.19" speed="7.36"/>
            </lane>
            <lane id="left_1"/>
        </edge>
        <edge id="right">
            <lane id="right_0">
                <vehicle id="cfm-slow_3" pos="0.52" speed="7.29"/>
                <vehicle id="cfm-slow_4" pos="16.36" speed="7.29"/>
                <vehicle id="cfm-slow_5" pos="32.19" speed="7.30"/>
                <vehicle id="cfm-fast_0" pos="48.02" speed="7.36"/>
            </lane>
            <lane id="right_1"/>
        </edge>
        <edge id="top">
            <lane id="top_0">
                <vehicle id="cfm-fast_1" pos="13.86" speed="7.36"/>
                <vehicle id="cfm-fast_2" pos="29.69" speed="7.36"/>
                <vehicle id="cfm-fast_3" pos="45.52" speed="7.36"/>
            </lane>
            <lane id="top_1"/>
        </edge>
    </timestep>
    <timestep time="0.55">
        <edge id="bottom">
            <lane id="bottom_0">
                <vehicle id="cfm-slow_0" pos="3.10" speed="7.42"/>
                <vehicle id="cfm-slow_1" pos="18.93" speed="7.42"/>
                <vehicle id="cfm-slow_2" pos="34.76" speed="7.42"/>
            </lane>
            <lane id="bottom_1"/>
        </edge>
        <edge id="left">
            <lane id="left_0">
                <vehicle id="cfm-fast_4" pos="11.43" speed="7.50"/>
                <vehicle id="cfm-fast_5" pos="27.27" speed="7.50"/>
            </lane>
            <lane id="left_1"/>
        </edge>
        <edge id="right">
            <lane id="right_0">
                <vehicle id="cfm-slow_3" pos="0.60" speed="7.42"/>
                <vehicle id="cfm-slow_4" pos="16.43" speed="7.42"/>
                <vehicle id="cfm-slow_5" pos="32.26" speed="7.42"/>
                <vehicle id="cfm-fast_0" pos="48.10" speed="7.50"/>
            </lane>
            <lane id="right_1"/>
        </edge>
        <edge id="top">
            <lane id="top_0">
                <vehicle id="cfm-fast_1" pos="13.93" speed="7.50"/>
                <vehicle id="cfm-fast_2" pos="29.77" speed="7.50"/>
                <vehicle id="cfm-fast_3" pos="45.60" speed="7.50"/>
            </lane>
            <lane id="top_1"/>
        </edge>
    </timestep>
    <timestep time="0.56">
        <edge id="bottom">
            <lane id="bottom_0">
                <vehicle id="cfm-slow_0" pos="3.17" speed="7.54"/>
                <vehicle id="cfm-slow_1" pos="19.01" speed="7.54"/>
                <vehicle id="cfm-slow_2" pos="34.84" speed="7.54"/>
            </lane>
            <lane id="bottom_1"/>
        </edge>
        <edge id="left">
            <lane id="left_0">
                <vehicle id="cfm-fast_4" pos="11.51" speed="7.64"/>
                <vehicle id="cfm-fast_5" pos="27.34" speed="7.64"/>
            </lane>
            <lane id="left_1"/>
        </edge>
        <edge id="right">
            <lane id="right_0">
                <vehicle id="cfm-slow_3" pos="0.67" speed="7.54"/>
                <vehicle id="cfm-slow_4" pos="16.51" speed="7.54"/>
                <vehicle id="cfm-slow_5" pos="32.34" speed="7.54"/>
                <vehicle id="cfm-fast_0" pos="48.18" speed="7.64"/>
            </lane>
            <lane id="right_1"/>
        </edge>
        <edge id="top">
            <lane id="top_0">
                <vehicle id="cfm-fast_1" pos="14.01" speed="7.64"/>
                <vehicle id="cfm-fast_2" pos="29.84" speed="7.64"/>
                <vehicle id="cfm-fast_3" pos="45.68" speed="7.64"/>
            </lane>
            <lane id="top_1"/>
        </edge>
    </timestep>
    <timestep time="0.57">
        <edge id="bottom">
            <lane id="bottom_0">
                <vehicle id="cfm-slow_0" pos="3.25" speed="7.66"/>
                <vehicle id="cfm-slow_1" pos="19.08" speed="7.66"/>
                <vehicle id="cfm-slow_2" pos="34.91" speed="7.66"/>
            </lane>
            <lane id="bottom_1"/>
        </edge>
        <edge id="left">
            <lane id="left_0">
                <vehicle id="cfm-fast_4" pos="11.59" speed="7.77"/>
                <vehicle id="cfm-fast_5" pos="27.42" speed="7.77"/>
            </lane>
            <lane id="left_1"/>
        </edge>
        <edge id="right">
            <lane id="right_0">
                <vehicle id="cfm-slow_3" pos="0.75" speed="7.66"/>
                <vehicle id="cfm-slow_4" pos="16.58" speed="7.66"/>
                <vehicle id="cfm-slow_5" pos="32.42" speed="7.66"/>
                <vehicle id="cfm-fast_0" pos="48.25" speed="7.77"/>
            </lane>
            <lane id="right_1"/>
        </edge>
        <edge id="top">
            <lane id="top_0">
                <vehicle id="cfm-fast_1" pos="14.09" speed="7.77"/>
                <vehicle id="cfm-fast_2" pos="29.92" speed="7.77"/>
                <vehicle id="cfm-fast_3" pos="45.75" speed="7.77"/>
            </lane>
            <lane id="top_1"/>
        </edge>
    </timestep>
    <timestep time="0.58">
        <edge id="bottom">
            <lane id="bottom_0">
                <vehicle id="cfm-slow_0" pos="3.33" speed="7.78"/>
                <vehicle id="cfm-slow_1" pos="19.16" speed="7.78"/>
                <vehicle id="cfm-slow_2" pos="34.99" speed="7.78"/>
            </lane>
            <lane id="bottom_1"/>
        </edge>
        <edge id="left">
            <lane id="left_0">
                <vehicle id="cfm-fast_4" pos="11.67" speed="7.91"/>
                <vehicle id="cfm-fast_5" pos="27.50" speed="7.91"/>
            </lane>
            <lane id="left_1"/>
        </edge>
        <edge id="right">
            <lane id="right_0">
                <vehicle id="cfm-slow_3" pos="0.83" speed="7.78"/>
                <vehicle id="cfm-slow_4" pos="16.66" speed="7.78"/>
                <vehicle id="cfm-slow_5" pos="32.49" speed="7.79"/>
                <vehicle id="cfm-fast_0" pos="48.33" speed="7.91"/>
            </lane>
            <lane id="right_1"/>
        </edge>
        <edge id="top">
            <lane id="top_0">
                <vehicle id="cfm-fast_1" pos="14.17" speed="7.91"/>
                <vehicle id="cfm-fast_2" pos="30.00" speed="7.91"/>
                <vehicle id="cfm-fast_3" pos="45.83" speed="7.91"/>
            </lane>
            <lane id="top_1"/>
        </edge>
    </timestep>
    <timestep time="0.59">
        <edge id="bottom">
            <lane id="bottom_0">
                <vehicle id="cfm-slow_0" pos="3.41" speed="7.90"/>
                <vehicle id="cfm-slow_1" pos="19.24" speed="7.90"/>
                <vehicle id="cfm-slow_2" pos="35.07" speed="7.90"/>
            </lane>
            <lane id="bottom_1"/>
        </edge>
        <edge id="left">
            <lane id="left_0">
                <vehicle id="cfm-fast_4" pos="11.75" speed="8.05"/>
                <vehicle id="cfm-fast_5" pos="27.58" speed="8.05"/>
            </lane>
            <lane id="left_1"/>
        </edge>
        <edge id="right">
            <lane id="right_0">
                <vehicle id="cfm-slow_3" pos="0.91" speed="7.90"/>
                <vehicle id="cfm-slow_4" pos="16.74" speed="7.90"/>
                <vehicle id="cfm-slow_5" pos="32.57" speed="7.91"/>
                <vehicle id="cfm-fast_0" pos="48.41" speed="8.05"/>
            </lane>
            <lane id="right_1"/>
        </edge>
        <edge id="top">
            <lane id="top_0">
                <vehicle id="cfm-fast_1" pos="14.25" speed="8.05"/>
                <vehicle id="cfm-fast_2" pos="30.08" speed="8.05"/>
                <vehicle id="cfm-fast_3" pos="45.91" speed="8.05"/>
            </lane>
            <lane id="top_1"/>
        </edge>
    </timestep>
    <timestep time="0.60">
        <edge id="bottom">
            <lane id="bottom_0">
                <vehicle id="cfm-slow_0" pos="3.49" speed="8.02"/>
                <vehicle id="cfm-slow_1" pos="19.32" speed="8.02"/>
                <vehicle id="cfm-slow_2" pos="35.15" speed="8.02"/>
            </lane>
            <lane id="bottom_1"/>
        </edge>
        <edge id="left">
            <lane id="left_0">
                <vehicle id="cfm-fast_4" pos="11.83" speed="8.18"/>
                <vehicle id="cfm-fast_5" pos="27.66" speed="8.18"/>
            </lane>
            <lane id="left_1"/>
        </edge>
        <edge id="right">
            <lane id="right_0">
                <vehicle id="cfm-slow_3" pos="0.99" speed="8.02"/>
                <vehicle id="cfm-slow_4" pos="16.82" speed="8.02"/>
                <vehicle id="cfm-slow_5" pos="32.65" speed="8.02"/>
                <vehicle id="cfm-fast_0" pos="48.50" speed="8.18"/>
            </lane>
            <lane id="right_1"/>
        </edge>
        <edge id="top">
            <lane id="top_0">
                <vehicle id="cfm-fast_1" pos="14.33" speed="8.18"/>
                <vehicle id="cfm-fast_2" pos="30.16" speed="8.18"/>
                <vehicle id="cfm-fast_3" pos="46.00" speed="8.18"/>
            </lane>
            <lane id="top_1"/>
        </edge>
    </timestep>
    <timestep time="0.61">
        <edge id="bottom">
            <lane id="bottom_0">
                <vehicle id="cfm-slow_0" pos="3.57" speed="8.13"/>
                <vehicle id="cfm-slow_1" pos="19.40" speed="8.13"/>
                <vehicle id="cfm-slow_2" pos="35.23" speed="8.13"/>
            </lane>
            <lane id="bottom_1"/>
        </edge>
        <edge id="left">
            <lane id="left_0">
                <vehicle id="cfm-fast_4" pos="11.91" speed="8.32"/>
                <vehicle id="cfm-fast_5" pos="27.75" speed="8.32"/>
            </lane>
            <lane id="left_1"/>
        </edge>
        <edge id="right">
            <lane id="right_0">
                <vehicle id="cfm-slow_3" pos="1.07" speed="8.13"/>
                <vehicle id="cfm-slow_4" pos="16.90" speed="8.13"/>
                <vehicle id="cfm-slow_5" pos="32.73" speed="8.14"/>
                <vehicle id="cfm-fast_0" pos="48.58" speed="8.32"/>
            </lane>
            <lane id="right_1"/>
        </edge>
        <edge id="top">
            <lane id="top_0">
                <vehicle id="cfm-fast_1" pos="14.41" speed="8.32"/>
                <vehicle id="cfm-fast_2" pos="30.25" speed="8.32"/>
                <vehicle id="cfm-fast_3" pos="46.08" speed="8.32"/>
            </lane>
            <lane id="top_1"/>
        </edge>
    </timestep>
    <timestep time="0.62">
        <edge id="bottom">
            <lane id="bottom_0">
                <vehicle id="cfm-slow_0" pos="3.65" speed="8.25"/>
                <vehicle id="cfm-slow_1" pos="19.48" speed="8.25"/>
                <vehicle id="cfm-slow_2" pos="35.32" speed="8.25"/>
            </lane>
            <lane id="bottom_1"/>
        </edge>
        <edge id="left">
            <lane id="left_0">
                <vehicle id="cfm-fast_4" pos="12.00" speed="8.45"/>
                <vehicle id="cfm-fast_5" pos="27.83" speed="8.45"/>
            </lane>
            <lane id="left_1"/>
        </edge>
        <edge id="right">
            <lane id="right_0">
                <vehicle id="cfm-slow_3" pos="1.15" speed="8.25"/>
                <vehicle id="cfm-slow_4" pos="16.98" speed="8.25"/>
                <vehicle id="cfm-slow_5" pos="32.82" speed="8.26"/>
                <vehicle id="cfm-fast_0" pos="48.66" speed="8.45"/>
            </lane>
            <lane id="right_1"/>
        </edge>
        <edge id="top">
            <lane id="top_0">
                <vehicle id="cfm-fast_1" pos="14.50" speed="8.45"/>
                <vehicle id="cfm-fast_2" pos="30.33" speed="8.45"/>
                <vehicle id="cfm-fast_3" pos="46.16" speed="8.45"/>
            </lane>
            <lane id="top_1"/>
        </edge>
    </timestep>
    <timestep time="0.63">
        <edge id="bottom">
            <lane id="bottom_0">
                <vehicle id="cfm-slow_0" pos="3.73" speed="8.36"/>
                <vehicle id="cfm-slow_1" pos="19.57" speed="8.36"/>
                <vehicle id="cfm-slow_2" pos="35.40" speed="8.36"/>
            </lane>
            <lane id="bottom_1"/>
        </edge>
        <edge id="left">
            <lane id="left_0">
                <vehicle id="cfm-fast_4" pos="12.08" speed="8.59"/>
                <vehicle id="cfm-fast_5" pos="27.92" speed="8.59"/>
            </lane>
            <lane id="left_1"/>
        </edge>
        <edge id="right">
            <lane id="right_0">
                <vehicle id="cfm-slow_3" pos="1.23" speed="8.36"/>
                <vehicle id="cfm-slow_4" pos="17.07" speed="8.36"/>
                <vehicle id="cfm-slow_5" pos="32.90" speed="8.38"/>
                <vehicle id="cfm-fast_0" pos="48.75" speed="8.59"/>
            </lane>
            <lane id="right_1"/>
        </edge>
        <edge id="top">
            <lane id="top_0">
                <vehicle id="cfm-fast_1" pos="14.58" speed="8.59"/>
                <vehicle id="cfm-fast_2" pos="30.42" speed="8.59"/>
                <vehicle id="cfm-fast_3" pos="46.25" speed="8.59"/>
            </lane>
            <lane id="top_1"/>
        </edge>
    </timestep>
    <timestep time="0.64">
        <edge id="bottom">
            <lane id="bottom_0">
                <vehicle id="cfm-slow_0" pos="3.82" speed="8.48"/>
                <vehicle id="cfm-slow_1" pos="19.65" speed="8.48"/>
                <vehicle id="cfm-slow_2" pos="35.48" speed="8.48"/>
            </lane>
            <lane id="bottom_1"/>
        </edge>
        <edge id="left">
            <lane id="left_0">
                <vehicle id="cfm-fast_4" pos="12.17" speed="8.73"/>
                <vehicle id="cfm-fast_5" pos="28.00" speed="8.73"/>
            </lane>
            <lane id="left_1"/>
        </edge>
        <edge id="right">
            <lane id="right_0">
                <vehicle id="cfm-slow_3" pos="1.32" speed="8.48"/>
                <vehicle id="cfm-slow_4" pos="17.15" speed="8.48"/>
                <vehicle id="cfm-slow_5" pos="32.98" speed="8.49"/>
                <vehicle id="cfm-fast_0" pos="48.84" speed="8.73"/>
            </lane>
            <lane id="right_1"/>
        </edge>
        <edge id="top">
            <lane id="top_0">
                <vehicle id="cfm-fast_1" pos="14.67" speed="8.73"/>
                <vehicle id="cfm-fast_2" pos="30.50" speed="8.73"/>
                <vehicle id="cfm-fast_3" pos="46.34" speed="8.73"/>
            </lane>
            <lane id="top_1"/>
        </edge>
    </timestep>
    <timestep time="0.65">
        <edge id="bottom">
            <lane id="bottom_0">
                <vehicle id="cfm-slow_0" pos="3.90" speed="8.59"/>
                <vehicle id="cfm-slow_1" pos="19.74" speed="8.59"/>
                <vehicle id="cfm-slow_2" pos="35.57" speed="8.59"/>
            </lane>
            <lane id="bottom_1"/>
        </edge>
        <edge id="left">
            <lane id="left_0">
                <vehicle id="cfm-fast_4" pos="12.26" speed="8.86"/>
                <vehicle id="cfm-fast_5" pos="28.09" speed="8.86"/>
            </lane>
            <lane id="left_1"/>
        </edge>
        <edge id="right">
            <lane id="right_0">
                <vehicle id="cfm-slow_3" pos="1.40" speed="8.59"/>
                <vehicle id="cfm-slow_4" pos="17.24" speed="8.59"/>
                <vehicle id="cfm-slow_5" pos="33.07" speed="8.61"/>
                <vehicle id="cfm-fast_0" pos="48.92" speed="8.86"/>
            </lane>
            <lane id="right_1"/>
        </edge>
        <edge id="top">
            <lane id="top_0">
                <vehicle id="cfm-fast_1" pos="14.76" speed="8.86"/>
                <vehicle id="cfm-fast_2" pos="30.59" speed="8.86"/>
                <vehicle id="cfm-fast_3" pos="46.42" speed="8.86"/>
            </lane>
            <lane id="top_1"/>
        </edge>
    </timestep>
    <timestep time="0.66">
        <edge id="bottom">
            <lane id="bottom_0">
                <vehicle id="cfm-slow_0" pos="3.99" speed="8.70"/>
                <vehicle id="cfm-slow_1" pos="19.82" speed="8.70"/>
                <vehicle id="cfm-slow_2" pos="35.66" speed="8.70"/>
            </lane>
            <lane id="bottom_1"/>
        </edge>
        <edge id="left">
            <lane id="left_0">
                <vehicle id="cfm-fast_4" pos="12.35" speed="9.00"/>
                <vehicle id="cfm-fast_5" pos="28.18" speed="9.00"/>
            </lane>
            <lane id="left_1"/>
        </edge>
        <edge id="right">
            <lane id="right_0">
                <vehicle id="cfm-slow_3" pos="1.49" speed="8.70"/>
                <vehicle id="cfm-slow_4" pos="17.32" speed="8.70"/>
                <vehicle id="cfm-slow_5" pos="33.16" speed="8.72"/>
                <vehicle id="cfm-fast_0" pos="49.02" speed="9.00"/>
            </lane>
            <lane id="right_1"/>
        </edge>
        <edge id="top">
            <lane id="top_0">
                <vehicle id="cfm-fast_1" pos="14.85" speed="9.00"/>
                <vehicle id="cfm-fast_2" pos="30.68" speed="9.00"/>
                <vehicle id="cfm-fast_3" pos="46.52" speed="9.00"/>
            </lane>
            <lane id="top_1"/>
        </edge>
    </timestep>
    <timestep time="0.67">
        <edge id="bottom">
            <lane id="bottom_0">
                <vehicle id="cfm-slow_0" pos="4.08" speed="8.81"/>
                <vehicle id="cfm-slow_1" pos="19.91" speed="8.81"/>
                <vehicle id="cfm-slow_2" pos="35.75" speed="8.81"/>
            </lane>
            <lane id="bottom_1"/>
        </edge>
        <edge id="left">
            <lane id="left_0">
                <vehicle id="cfm-fast_4" pos="12.44" speed="9.14"/>
                <vehicle id="cfm-fast_5" pos="28.27" speed="9.14"/>
            </lane>
            <lane id="left_1"/>
        </edge>
        <edge id="right">
            <lane id="right_0">
                <vehicle id="cfm-slow_3" pos="1.58" speed="8.81"/>
                <vehicle id="cfm-slow_4" pos="17.41" speed="8.81"/>
                <vehicle id="cfm-slow_5" pos="33.25" speed="8.83"/>
                <vehicle id="cfm-fast_0" pos="49.11" speed="9.14"/>
            </lane>
            <lane id="right_1"/>
        </edge>
        <edge id="top">
            <lane id="top_0">
                <vehicle id="cfm-fast_1" pos="14.94" speed="9.14"/>
                <vehicle id="cfm-fast_2" pos="30.77" speed="9.14"/>
                <vehicle id="cfm-fast_3" pos="46.61" speed="9.14"/>
            </lane>
            <lane id="top_1"/>
        </edge>
    </timestep>
    <timestep time="0.68">
        <edge id="bottom">
            <lane id="bottom_0">
                <vehicle id="cfm-slow_0" pos="4.17" speed="8.92"/>
                <vehicle id="cfm-slow_1" pos="20.00" speed="8.92"/>
                <vehicle id="cfm-slow_2" pos="35.83" speed="8.92"/>
            </lane>
            <lane id="bottom_1"/>
        </edge>
        <edge id="left">
            <lane id="left_0">
                <vehicle id="cfm-fast_4" pos="12.53" speed="9.27"/>
                <vehicle id="cfm-fast_5" pos="28.37" speed="9.27"/>
            </lane>
            <lane id="left_1"/>
        </edge>
        <edge id="right">
            <lane id="right_0">
                <vehicle id="cfm-slow_3" pos="1.67" speed="8.92"/>
                <vehicle id="cfm-slow_4" pos="17.50" speed="8.92"/>
                <vehicle id="cfm-slow_5" pos="33.34" speed="8.94"/>
                <vehicle id="cfm-fast_0" pos="49.20" speed="9.27"/>
            </lane>
            <lane id="right_1"/>
        </edge>
        <edge id="top">
            <lane id="top_0">
                <vehicle id="cfm-fast_1" pos="15.03" speed="9.27"/>
                <vehicle id="cfm-fast_2" pos="30.87" speed="9.27"/>
                <vehicle id="cfm-fast_3" pos="46.70" speed="9.27"/>
            </lane>
            <lane id="top_1"/>
        </edge>
    </timestep>
    <timestep time="0.69">
        <edge id="bottom">
            <lane id="bottom_0">
                <vehicle id="cfm-slow_0" pos="4.26" speed="9.03"/>
                <vehicle id="cfm-slow_1" pos="20.09" speed="9.03"/>
                <vehicle id="cfm-slow_2" pos="35.92" speed="9.03"/>
            </lane>
            <lane id="bottom_1"/>
        </edge>
        <edge id="left">
            <lane id="left_0">
                <vehicle id="cfm-fast_4" pos="12.63" speed="9.41"/>
                <vehicle id="cfm-fast_5" pos="28.46" speed="9.41"/>
            </lane>
            <lane id="left_1"/>
        </edge>
        <edge id="right">
            <lane id="right_0">
                <vehicle id="cfm-slow_3" pos="1.76" speed="9.03"/>
                <vehicle id="cfm-slow_4" pos="17.59" speed="9.03"/>
                <vehicle id="cfm-slow_5" pos="33.43" speed="9.06"/>
                <vehicle id="cfm-fast_0" pos="49.29" speed="9.41"/>
            </lane>
            <lane id="right_1"/>
        </edge>
        <edge id="top">
            <lane id="top_0">
                <vehicle id="cfm-fast_1" pos="15.13" speed="9.41"/>
                <vehicle id="cfm-fast_2" pos="30.96" speed="9.41"/>
                <vehicle id="cfm-fast_3" pos="46.79" speed="9.41"/>
            </lane>
            <lane id="top_1"/>
        </edge>
    </timestep>
    <timestep time="0.70">
        <edge id="bottom">
            <lane id="bottom_0">
                <vehicle id="cfm-slow_0" pos="4.35" speed="9.13"/>
                <vehicle id="cfm-slow_1" pos="20.18" speed="9.13"/>
                <vehicle id="cfm-slow_2" pos="36.02" speed="9.13"/>
            </lane>
            <lane id="bottom_1"/>
        </edge>
        <edge id="left">
            <lane id="left_0">
                <vehicle id="cfm-fast_4" pos="12.72" speed="9.55"/>
                <vehicle id="cfm-fast_5" pos="28.56" speed="9.55"/>
            </lane>
            <lane id="left_1"/>
        </edge>
        <edge id="right">
            <lane id="right_0">
                <vehicle id="cfm-slow_3" pos="1.85" speed="9.14"/>
                <vehicle id="cfm-slow_4" pos="17.68" speed="9.14"/>
                <vehicle id="cfm-slow_5" pos="33.52" speed="9.17"/>
                <vehicle id="cfm-fast_0" pos="49.39" speed="9.55"/>
            </lane>
            <lane id="right_1"/>
        </edge>
        <edge id="top">
            <lane id="top_0">
                <vehicle id="cfm-fast_1" pos="15.22" speed="9.55"/>
                <vehicle id="cfm-fast_2" pos="31.06" speed="9.55"/>
                <vehicle id="cfm-fast_3" pos="46.89" speed="9.55"/>
            </lane>
            <lane id="top_1"/>
        </edge>
    </timestep>
    <timestep time="0.71">
        <edge id="bottom">
            <lane id="bottom_0">
                <vehicle id="cfm-slow_0" pos="4.44" speed="9.24"/>
                <vehicle id="cfm-slow_1" pos="20.28" speed="9.24"/>
                <vehicle id="cfm-slow_2" pos="36.11" speed="9.24"/>
            </lane>
            <lane id="bottom_1"/>
        </edge>
        <edge id="left">
            <lane id="left_0">
                <vehicle id="cfm-fast_4" pos="12.82" speed="9.68"/>
                <vehicle id="cfm-fast_5" pos="28.65" speed="9.68"/>
            </lane>
            <lane id="left_1"/>
        </edge>
        <edge id="right">
            <lane id="right_0">
                <vehicle id="cfm-slow_3" pos="1.94" speed="9.24"/>
                <vehicle id="cfm-slow_4" pos="17.78" speed="9.24"/>
                <vehicle id="cfm-slow_5" pos="33.61" speed="9.28"/>
                <vehicle id="cfm-fast_0" pos="49.49" speed="9.68"/>
            </lane>
            <lane id="right_1"/>
        </edge>
        <edge id="top">
            <lane id="top_0">
                <vehicle id="cfm-fast_1" pos="15.32" speed="9.68"/>
                <vehicle id="cfm-fast_2" pos="31.15" speed="9.68"/>
                <vehicle id="cfm-fast_3" pos="46.99" speed="9.68"/>
            </lane>
            <lane id="top_1"/>
        </edge>
    </timestep>
    <timestep time="0.72">
        <edge id="bottom">
            <lane id="bottom_0">
                <vehicle id="cfm-slow_0" pos="4.54" speed="9.35"/>
                <vehicle id="cfm-slow_1" pos="20.37" speed="9.35"/>
                <vehicle id="cfm-slow_2" pos="36.20" speed="9.35"/>
            </lane>
            <lane id="bottom_1"/>
        </edge>
        <edge id="left">
            <lane id="left_0">
                <vehicle id="cfm-fast_4" pos="12.92" speed="9.82"/>
                <vehicle id="cfm-fast_5" pos="28.75" speed="9.82"/>
            </lane>
            <lane id="left_1"/>
        </edge>
        <edge id="right">
            <lane id="right_0">
                <vehicle id="cfm-slow_3" pos="2.04" speed="9.35"/>
                <vehicle id="cfm-slow_4" pos="17.87" speed="9.35"/>
                <vehicle id="cfm-slow_5" pos="33.70" speed="9.38"/>
                <vehicle id="cfm-fast_0" pos="49.58" speed="9.82"/>
            </lane>
            <lane id="right_1"/>
        </edge>
        <edge id="top">
            <lane id="top_0">
                <vehicle id="cfm-fast_1" pos="15.42" speed="9.82"/>
                <vehicle id="cfm-fast_2" pos="31.25" speed="9.82"/>
                <vehicle id="cfm-fast_3" pos="47.08" speed="9.82"/>
            </lane>
            <lane id="top_1"/>
        </edge>
    </timestep>
    <timestep time="0.73">
        <edge id="bottom">
            <lane id="bottom_0">
                <vehicle id="cfm-slow_0" pos="4.63" speed="9.45"/>
                <vehicle id="cfm-slow_1" pos="20.46" speed="9.45"/>
                <vehicle id="cfm-slow_2" pos="36.30" speed="9.45"/>
            </lane>
            <lane id="bottom_1"/>
        </edge>
        <edge id="left">
            <lane id="left_0">
                <vehicle id="cfm-fast_4" pos="13.02" speed="9.95"/>
                <vehicle id="cfm-fast_5" pos="28.85" speed="9.95"/>
            </lane>
            <lane id="left_1"/>
        </edge>
        <edge id="right">
            <lane id="right_0">
                <vehicle id="cfm-slow_3" pos="2.13" speed="9.45"/>
                <vehicle id="cfm-slow_4" pos="17.96" speed="9.45"/>
                <vehicle id="cfm-slow_5" pos="33.80" speed="9.49"/>
                <vehicle id="cfm-fast_0" pos="49.68" speed="9.95"/>
            </lane>
            <lane id="right_1"/>
        </edge>
        <edge id="top">
            <lane id="top_0">
                <vehicle id="cfm-fast_1" pos="15.52" speed="9.95"/>
                <vehicle id="cfm-fast_2" pos="31.35" speed="9.95"/>
                <vehicle id="cfm-fast_3" pos="47.18" speed="9.95"/>
            </lane>
            <lane id="top_1"/>
        </edge>
    </timestep>
    <timestep time="0.74">
        <edge id="bottom">
            <lane id="bottom_0">
                <vehicle id="cfm-slow_0" pos="4.73" speed="9.55"/>
                <vehicle id="cfm-slow_1" pos="20.56" speed="9.55"/>
                <vehicle id="cfm-slow_2" pos="36.39" speed="9.55"/>
            </lane>
            <lane id="bottom_1"/>
        </edge>
        <edge id="left">
            <lane id="left_0">
                <vehicle id="cfm-fast_4" pos="13.12" speed="10.09"/>
                <vehicle id="cfm-fast_5" pos="28.95" speed="10.09"/>
            </lane>
            <lane id="left_1"/>
        </edge>
        <edge id="right">
            <lane id="right_0">
                <vehicle id="cfm-slow_3" pos="2.23" speed="9.55"/>
                <vehicle id="cfm-slow_4" pos="18.06" speed="9.56"/>
                <vehicle id="cfm-slow_5" pos="33.90" speed="9.60"/>
                <vehicle id="cfm-fast_0" pos="49.78" speed="10.09"/>
            </lane>
            <lane id="right_1"/>
        </edge>
        <edge id="top">
            <lane id="top_0">
                <vehicle id="cfm-fast_1" pos="15.62" speed="10.09"/>
                <vehicle id="cfm-fast_2" pos="31.45" speed="10.09"/>
                <vehicle id="cfm-fast_3" pos="47.28" speed="10.09"/>
            </lane>
            <lane id="top_1"/>
        </edge>
    </timestep>
    <timestep time="0.75">
        <edge id="bottom">
            <lane id="bottom_0">
                <vehicle id="cfm-slow_0" pos="4.82" speed="9.66"/>
                <vehicle id="cfm-slow_1" pos="20.66" speed="9.66"/>
                <vehicle id="cfm-slow_2" pos="36.49" speed="9.66"/>
            </lane>
            <lane id="bottom_1"/>
        </edge>
        <edge id="left">
            <lane id="left_0">
                <vehicle id="cfm-fast_4" pos="13.22" speed="10.22"/>
                <vehicle id="cfm-fast_5" pos="29.05" speed="10.23"/>
            </lane>
            <lane id="left_1"/>
        </edge>
        <edge id="right">
            <lane id="right_0">
                <vehicle id="cfm-slow_3" pos="2.32" speed="9.66"/>
                <vehicle id="cfm-slow_4" pos="18.16" speed="9.66"/>
                <vehicle id="cfm-slow_5" pos="33.99" speed="9.71"/>
                <vehicle id="cfm-fast_0" pos="49.89" speed="10.22"/>
            </lane>
            <lane id="right_1"/>
        </edge>
        <edge id="top">
            <lane id="top_0">
                <vehicle id="cfm-fast_1" pos="15.72" speed="10.22"/>
                <vehicle id="cfm-fast_2" pos="31.55" speed="10.22"/>
                <vehicle id="cfm-fast_3" pos="47.39" speed="10.22"/>
            </lane>
            <lane id="top_1"/>
        </edge>
    </timestep>
    <timestep time="0.76">
        <edge id="bottom">
            <lane id="bottom_0">
                <vehicle id="cfm-slow_0" pos="4.92" speed="9.76"/>
                <vehicle id="cfm-slow_1" pos="20.75" speed="9.76"/>
                <vehicle id="cfm-slow_2" pos="36.59" speed="9.76"/>
            </lane>
            <lane id="bottom_1"/>
        </edge>
        <edge id="left">
            <lane id="left_0">
                <vehicle id="cfm-fast_4" pos="13.32" speed="10.36"/>
                <vehicle id="cfm-fast_5" pos="29.16" speed="10.36"/>
            </lane>
            <lane id="left_1"/>
        </edge>
        <edge id="right">
            <lane id="right_0">
                <vehicle id="cfm-slow_3" pos="2.42" speed="9.76"/>
                <vehicle id="cfm-slow_4" pos="18.25" speed="9.76"/>
                <vehicle id="cfm-slow_5" pos="34.09" speed="9.81"/>
                <vehicle id="cfm-fast_0" pos="49.99" speed="10.36"/>
            </lane>
            <lane id="right_1"/>
        </edge>
        <edge id="top">
            <lane id="top_0">
                <vehicle id="cfm-fast_1" pos="15.82" speed="10.36"/>
                <vehicle id="cfm-fast_2" pos="31.66" speed="10.36"/>
                <vehicle id="cfm-fast_3" pos="47.49" speed="10.36"/>
            </lane>
            <lane id="top_1"/>
        </edge>
    </timestep>
    <timestep time="0.77">
        <edge id="bottom">
            <lane id="bottom_0">
                <vehicle id="cfm-slow_0" pos="5.02" speed="9.86"/>
                <vehicle id="cfm-slow_1" pos="20.85" speed="9.86"/>
                <vehicle id="cfm-slow_2" pos="36.68" speed="9.86"/>
            </lane>
            <lane id="bottom_1"/>
        </edge>
        <edge id="left">
            <lane id="left_0">
                <vehicle id="cfm-fast_4" pos="13.43" speed="10.49"/>
                <vehicle id="cfm-fast_5" pos="29.26" speed="10.50"/>
            </lane>
            <lane id="left_1"/>
        </edge>
        <edge id="right">
            <lane id="right_0">
                <vehicle id="cfm-slow_3" pos="2.52" speed="9.86"/>
                <vehicle id="cfm-slow_4" pos="18.35" speed="9.86"/>
                <vehicle id="cfm-slow_5" pos="34.19" speed="9.92"/>
            </lane>
            <lane id="right_1"/>
        </edge>
        <edge id="top">
            <lane id="top_0">
                <vehicle id="cfm-fast_0" pos="0.09" speed="10.49"/>
                <vehicle id="cfm-fast_1" pos="15.93" speed="10.49"/>
                <vehicle id="cfm-fast_2" pos="31.76" speed="10.49"/>
                <vehicle id="cfm-fast_3" pos="47.59" speed="10.49"/>
            </lane>
            <lane id="top_1"/>
        </edge>
    </timestep>
    <timestep time="0.78">
        <edge id="bottom">
            <lane id="bottom_0">
                <vehicle id="cfm-slow_0" pos="5.12" speed="9.96"/>
                <vehicle id="cfm-slow_1" pos="20.95" speed="9.96"/>
                <vehicle id="cfm-slow_2" pos="36.78" speed="9.96"/>
            </lane>
            <lane id="bottom_1"/>
        </edge>
        <edge id="left">
            <lane id="left_0">
                <vehicle id="cfm-fast_4" pos="13.53" speed="10.62"/>
                <vehicle id="cfm-fast_5" pos="29.37" speed="10.64"/>
            </lane>
            <lane id="left_1"/>
        </edge>
        <edge id="right">
            <lane id="right_0">
                <vehicle id="cfm-slow_3" pos="2.62" speed="9.96"/>
                <vehicle id="cfm-slow_4" pos="18.45" speed="9.96"/>
                <vehicle id="cfm-slow_5" pos="34.29" speed="10.03"/>
            </lane>
            <lane id="right_1"/>
        </edge>
        <edge id="top">
            <lane id="top_0">
                <vehicle id="cfm-fast_0" pos="0.20" speed="10.62"/>
                <vehicle id="cfm-fast_1" pos="16.03" speed="10.62"/>
                <vehicle id="cfm-fast_2" pos="31.87" speed="10.62"/>
                <vehicle id="cfm-fast_3" pos="47.70" speed="10.62"/>
            </lane>
            <lane id="top_1"/>
        </edge>
    </timestep>
    <timestep time="0.79">
        <edge id="bottom">
            <lane id="bottom_0">
                <vehicle id="cfm-slow_0" pos="5.22" speed="10.06"/>
                <vehicle id="cfm-slow_1" pos="21.05" speed="10.06"/>
                <vehicle id="cfm-slow_2" pos="36.88" speed="10.06"/>
            </lane>
            <lane id="bottom_1"/>
        </edge>
        <edge id="left">
            <lane id="left_0">
                <vehicle id="cfm-fast_4" pos="13.64" speed="10.75"/>
                <vehicle id="cfm-fast_5" pos="29.48" speed="10.77"/>
            </lane>
            <lane id="left_1"/>
        </edge>
        <edge id="right">
            <lane id="right_0">
                <vehicle id="cfm-slow_3" pos="2.72" speed="10.06"/>
                <vehicle id="cfm-slow_4" pos="18.55" speed="10.06"/>
                <vehicle id="cfm-slow_5" pos="34.39" speed="10.13"/>
            </lane>
            <lane id="right_1"/>
        </edge>
        <edge id="top">
            <lane id="top_0">
                <vehicle id="cfm-fast_0" pos="0.31" speed="10.75"/>
                <vehicle id="cfm-fast_1" pos="16.14" speed="10.75"/>
                <vehicle id="cfm-fast_2" pos="31.98" speed="10.75"/>
                <vehicle id="cfm-fast_3" pos="47.81" speed="10.75"/>
            </lane>
            <lane id="top_1"/>
        </edge>
    </timestep>
    <timestep time="0.80">
        <edge id="bottom">
            <lane id="bottom_0">
                <vehicle id="cfm-slow_0" pos="5.32" speed="10.16"/>
                <vehicle id="cfm-slow_1" pos="21.15" speed="10.16"/>
                <vehicle id="cfm-slow_2" pos="36.99" speed="10.16"/>
            </lane>
            <lane id="bottom_1"/>
        </edge>
        <edge id="left">
            <lane id="left_0">
                <vehicle id="cfm-fast_4" pos="13.75" speed="10.88"/>
                <vehicle id="cfm-fast_5" pos="29.58" speed="10.91"/>
            </lane>
            <lane id="left_1"/>
        </edge>
        <edge id="right">
            <lane id="right_0">
                <vehicle id="cfm-slow_3" pos="2.82" speed="10.16"/>
                <vehicle id="cfm-slow_4" pos="18.65" speed="10.16"/>
                <vehicle id="cfm-slow_5" pos="34.49" speed="10.23"/>
            </lane>
            <lane id="right_1"/>
        </edge>
        <edge id="top">
            <lane id="top_0">
                <vehicle id="cfm-fast_0" pos="0.42" speed="10.88"/>
                <vehicle id="cfm-fast_1" pos="16.25" speed="10.88"/>
                <vehicle id="cfm-fast_2" pos="32.08" speed="10.88"/>
                <vehicle id="cfm-fast_3" pos="47.92" speed="10.88"/>
            </lane>
            <lane id="top_1"/>
        </edge>
    </timestep>
    <timestep time="0.81">
        <edge id="bottom">
            <lane id="bottom_0">
                <vehicle id="cfm-slow_0" pos="5.42" speed="10.25"/>
                <vehicle id="cfm-slow_1" pos="21.26" speed="10.25"/>
                <vehicle id="cfm-slow_2" pos="37.09" speed="10.25"/>
            </lane>
            <lane id="bottom_1"/>
        </edge>
        <edge id="left">
            <lane id="left_0">
                <vehicle id="cfm-fast_4" pos="13.86" speed="11.00"/>
                <vehicle id="cfm-fast_5" pos="29.70" speed="11.05"/>
            </lane>
            <lane id="left_1"/>
        </edge>
        <edge id="right">
            <lane id="right_0">
                <vehicle id="cfm-slow_3" pos="2.92" speed="10.25"/>
                <vehicle id="cfm-slow_4" pos="18.76" speed="10.26"/>
                <vehicle id="cfm-slow_5" pos="34.60" speed="10.34"/>
            </lane>
            <lane id="right_1"/>
        </edge>
        <edge id="top">
            <lane id="top_0">
                <vehicle id="cfm-fast_0" pos="0.53" speed="11.00"/>
                <vehicle id="cfm-fast_1" pos="16.36" speed="11.00"/>
                <vehicle id="cfm-fast_2" pos="32.19" speed="11.00"/>
                <vehicle id="cfm-fast_3" pos="48.03" speed="11.00"/>
            </lane>
            <lane id="top_1"/>
        </edge>
    </timestep>
    <timestep time="0.82">
        <edge id="bottom">
            <lane id="bottom_0">
                <vehicle id="cfm-slow_0" pos="5.53" speed="10.35"/>
                <vehicle id="cfm-slow_1" pos="21.36" speed="10.35"/>
                <vehicle id="cfm-slow_2" pos="37.19" speed="10.35"/>
            </lane>
            <lane id="bottom_1"/>
        </edge>
        <edge id="left">
            <lane id="left_0">
                <vehicle id="cfm-fast_4" pos="13.97" speed="11.13"/>
                <vehicle id="cfm-fast_5" pos="29.81" speed="11.18"/>
            </lane>
            <lane id="left_1"/>
        </edge>
        <edge id="right">
            <lane id="right_0">
                <vehicle id="cfm-slow_3" pos="3.03" speed="10.35"/>
                <vehicle id="cfm-slow_4" pos="18.86" speed="10.36"/>
                <vehicle id="cfm-slow_5" pos="34.70" speed="10.44"/>
            </lane>
            <lane id="right_1"/>
        </edge>
        <edge id="top">
            <lane id="top_0">
                <vehicle id="cfm-fast_0" pos="0.64" speed="11.13"/>
                <vehicle id="cfm-fast_1" pos="16.47" speed="11.13"/>
                <vehicle id="cfm-fast_2" pos="32.31" speed="11.13"/>
                <vehicle id="cfm-fast_3" pos="48.14" speed="11.13"/>
            </lane>
            <lane id="top_1"/>
        </edge>
    </timestep>
    <timestep time="0.83">
        <edge id="bottom">
            <lane id="bottom_0">
                <vehicle id="cfm-slow_0" pos="5.63" speed="10.44"/>
                <vehicle id="cfm-slow_1" pos="21.46" speed="10.44"/>
                <vehicle id="cfm-slow_2" pos="37.30" speed="10.44"/>
            </lane>
            <lane id="bottom_1"/>
        </edge>
        <edge id="left">
            <lane id="left_0">
                <vehicle id="cfm-fast_4" pos="14.08" speed="11.25"/>
                <vehicle id="cfm-fast_5" pos="29.92" speed="11.32"/>
            </lane>
            <lane id="left_1"/>
        </edge>
        <edge id="right">
            <lane id="right_0">
                <vehicle id="cfm-slow_3" pos="3.13" speed="10.45"/>
                <vehicle id="cfm-slow_4" pos="18.96" speed="10.45"/>
                <vehicle id="cfm-slow_5" pos="34.81" speed="10.54"/>
            </lane>
            <lane id="right_1"/>
        </edge>
        <edge id="top">
            <lane id="top_0">
                <vehicle id="cfm-fast_0" pos="0.75" speed="11.25"/>
                <vehicle id="cfm-fast_1" pos="16.58" speed="11.25"/>
                <vehicle id="cfm-fast_2" pos="32.42" speed="11.25"/>
                <vehicle id="cfm-fast_3" pos="48.25" speed="11.25"/>
            </lane>
            <lane id="top_1"/>
        </edge>
    </timestep>
    <timestep time="0.84">
        <edge id="bottom">
            <lane id="bottom_0">
                <vehicle id="cfm-slow_0" pos="5.74" speed="10.54"/>
                <vehicle id="cfm-slow_1" pos="21.57" speed="10.54"/>
                <vehicle id="cfm-slow_2" pos="37.40" speed="10.54"/>
            </lane>
            <lane id="bottom_1"/>
        </edge>
        <edge id="left">
            <lane id="left_0">
                <vehicle id="cfm-fast_4" pos="14.20" speed="11.38"/>
                <vehicle id="cfm-fast_5" pos="30.03" speed="11.45"/>
            </lane>
            <lane id="left_1"/>
        </edge>
        <edge id="right">
            <lane id="right_0">
                <vehicle id="cfm-slow_3" pos="3.24" speed="10.54"/>
                <vehicle id="cfm-slow_4" pos="19.07" speed="10.55"/>
                <vehicle id="cfm-slow_5" pos="34.91" speed="10.64"/>
            </lane>
            <lane id="right_1"/>
        </edge>
        <edge id="top">
            <lane id="top_0">
                <vehicle id="cfm-fast_0" pos="0.86" speed="11.38"/>
                <vehicle id="cfm-fast_1" pos="16.70" speed="11.38"/>
                <vehicle id="cfm-fast_2" pos="32.53" speed="11.38"/>
                <vehicle id="cfm-fast_3" pos="48.36" speed="11.38"/>
            </lane>
            <lane id="top_1"/>
        </edge>
    </timestep>
    <timestep time="0.85">
        <edge id="bottom">
            <lane id="bottom_0">
                <vehicle id="cfm-slow_0" pos="5.84" speed="10.63"/>
                <vehicle id="cfm-slow_1" pos="21.68" speed="10.63"/>
                <vehicle id="cfm-slow_2" pos="37.51" speed="10.63"/>
            </lane>
            <lane id="bottom_1"/>
        </edge>
        <edge id="left">
            <lane id="left_0">
                <vehicle id="cfm-fast_4" pos="14.31" speed="11.50"/>
                <vehicle id="cfm-fast_5" pos="30.15" speed="11.59"/>
            </lane>
            <lane id="left_1"/>
        </edge>
        <edge id="right">
            <lane id="right_0">
                <vehicle id="cfm-slow_3" pos="3.34" speed="10.63"/>
                <vehicle id="cfm-slow_4" pos="19.18" speed="10.64"/>
                <vehicle id="cfm-slow_5" pos="35.02" speed="10.74"/>
            </lane>
            <lane id="right_1"/>
        </edge>
        <edge id="top">
            <lane id="top_0">
                <vehicle id="cfm-fast_0" pos="0.98" speed="11.50"/>
                <vehicle id="cfm-fast_1" pos="16.81" speed="11.50"/>
                <vehicle id="cfm-fast_2" pos="32.65" speed="11.50"/>
                <vehicle id="cfm-fast_3" pos="48.48" speed="11.50"/>
            </lane>
            <lane id="top_1"/>
        </edge>
    </timestep>
    <timestep time="0.86">
        <edge id="bottom">
            <lane id="bottom_0">
                <vehicle id="cfm-slow_0" pos="5.95" speed="10.73"/>
                <vehicle id="cfm-slow_1" pos="21.78" speed="10.73"/>
                <vehicle id="cfm-slow_2" pos="37.62" speed="10.73"/>
            </lane>
            <lane id="bottom_1"/>
        </edge>
        <edge id="left">
            <lane id="left_0">
                <vehicle id="cfm-fast_4" pos="14.43" speed="11.62"/>
                <vehicle id="cfm-fast_5" pos="30.27" speed="11.73"/>
            </lane>
            <lane id="left_1"/>
        </edge>
        <edge id="right">
            <lane id="right_0">
                <vehicle id="cfm-slow_3" pos="3.45" speed="10.73"/>
                <vehicle id="cfm-slow_4" pos="19.28" speed="10.74"/>
                <vehicle id="cfm-slow_5" pos="35.13" speed="10.84"/>
            </lane>
            <lane id="right_1"/>
        </edge>
        <edge id="top">
            <lane id="top_0">
                <vehicle id="cfm-fast_0" pos="1.10" speed="11.62"/>
                <vehicle id="cfm-fast_1" pos="16.93" speed="11.62"/>
                <vehicle id="cfm-fast_2" pos="32.76" speed="11.62"/>
                <vehicle id="cfm-fast_3" pos="48.60" speed="11.62"/>
            </lane>
            <lane id="top_1"/>
        </edge>
    </timestep>
    <timestep time="0.87">
        <edge id="bottom">
            <lane id="bottom_0">
                <vehicle id="cfm-slow_0" pos="6.06" speed="10.82"/>
                <vehicle id="cfm-slow_1" pos="21.89" speed="10.82"/>
                <vehicle id="cfm-slow_2" pos="37.72" speed="10.82"/>
            </lane>
            <lane id="bottom_1"/>
        </edge>
        <edge id="left">
            <lane id="left_0">
                <vehicle id="cfm-fast_4" pos="14.55" speed="11.75"/>
                <vehicle id="cfm-fast_5" pos="30.39" speed="11.86"/>
            </lane>
            <lane id="left_1"/>
        </edge>
        <edge id="right">
            <lane id="right_0">
                <vehicle id="cfm-slow_3" pos="3.56" speed="10.82"/>
                <vehicle id="cfm-slow_4" pos="19.39" speed="10.83"/>
                <vehicle id="cfm-slow_5" pos="35.24" speed="10.94"/>
            </lane>
            <lane id="right_1"/>
        </edge>
        <edge id="top">
            <lane id="top_0">
                <vehicle id="cfm-fast_0" pos="1.21" speed="11.74"/>
                <vehicle id="cfm-fast_1" pos="17.05" speed="11.74"/>
                <vehicle id="cfm-fast_2" pos="32.88" speed="11.74"/>
                <vehicle id="cfm-fast_3" pos="48.71" speed="11.74"/>
            </lane>
            <lane id="top_1"/>
        </edge>
    </timestep>
    <timestep time="0.88">
        <edge id="bottom">
            <lane id="bottom_0">
                <vehicle id="cfm-slow_0" pos="6.17" speed="10.91"/>
                <vehicle id="cfm-slow_1" pos="22.00" speed="10.91"/>
                <vehicle id="cfm-slow_2" pos="37.83" speed="10.91"/>
            </lane>
            <lane id="bottom_1"/>
        </edge>
        <edge id="left">
            <lane id="left_0">
                <vehicle id="cfm-fast_4" pos="14.67" speed="11.87"/>
                <vehicle id="cfm-fast_5" pos="30.51" speed="12.00"/>
            </lane>
            <lane id="left_1"/>
        </edge>
        <edge id="right">
            <lane id="right_0">
                <vehicle id="cfm-slow_3" pos="3.67" speed="10.91"/>
                <vehicle id="cfm-slow_4" pos="19.50" speed="10.92"/>
                <vehicle id="cfm-slow_5" pos="35.35" speed="11.04"/>
            </lane>
            <lane id="right_1"/>
        </edge>
        <edge id="top">
            <lane id="top_0">
                <vehicle id="cfm-fast_0" pos="1.33" speed="11.86"/>
                <vehicle id="cfm-fast_1" pos="17.17" speed="11.86"/>
                <vehicle id="cfm-fast_2" pos="33.00" speed="11.86"/>
                <vehicle id="cfm-fast_3" pos="48.83" speed="11.86"/>
            </lane>
            <lane id="top_1"/>
        </edge>
    </timestep>
    <timestep time="0.89">
        <edge id="bottom">
            <lane id="bottom_0">
                <vehicle id="cfm-slow_0" pos="6.28" speed="11.00"/>
                <vehicle id="cfm-slow_1" pos="22.11" speed="11.00"/>
                <vehicle id="cfm-slow_2" pos="37.94" speed="11.00"/>
            </lane>
            <lane id="bottom_1"/>
        </edge>
        <edge id="left">
            <lane id="left_0">
                <vehicle id="cfm-fast_4" pos="14.79" speed="11.98"/>
                <vehicle id="cfm-fast_5" pos="30.63" speed="12.14"/>
            </lane>
            <lane id="left_1"/>
        </edge>
        <edge id="right">
            <lane id="right_0">
                <vehicle id="cfm-slow_3" pos="3.78" speed="11.00"/>
                <vehicle id="cfm-slow_4" pos="19.61" speed="11.01"/>
                <vehicle id="cfm-slow_5" pos="35.46" speed="11.14"/>
            </lane>
            <lane id="right_1"/>
        </edge>
        <edge id="top">
            <lane id="top_0">
                <vehicle id="cfm-fast_0" pos="1.45" speed="11.98"/>
                <vehicle id="cfm-fast_1" pos="17.29" speed="11.98"/>
                <vehicle id="cfm-fast_2" pos="33.12" speed="11.98"/>
                <vehicle id="cfm-fast_3" pos="48.95" speed="11.98"/>
            </lane>
            <lane id="top_1"/>
        </edge>
    </timestep>
    <timestep time="0.90">
        <edge id="bottom">
            <lane id="bottom_0">
                <vehicle id="cfm-slow_0" pos="6.39" speed="11.09"/>
                <vehicle id="cfm-slow_1" pos="22.22" speed="11.09"/>
                <vehicle id="cfm-slow_2" pos="38.05" speed="11.09"/>
            </lane>
            <lane id="bottom_1"/>
        </edge>
        <edge id="left">
            <lane id="left_0">
                <vehicle id="cfm-fast_4" pos="14.91" speed="12.10"/>
                <vehicle id="cfm-fast_5" pos="30.75" speed="12.27"/>
            </lane>
            <lane id="left_1"/>
        </edge>
        <edge id="right">
            <lane id="right_0">
                <vehicle id="cfm-slow_3" pos="3.89" speed="11.09"/>
                <vehicle id="cfm-slow_4" pos="19.72" speed="11.10"/>
                <vehicle id="cfm-slow_5" pos="35.57" speed="11.23"/>
            </lane>
            <lane id="right_1"/>
        </edge>
        <edge id="top">
            <lane id="top_0">
                <vehicle id="cfm-fast_0" pos="1.57" speed="12.09"/>
                <vehicle id="cfm-fast_1" pos="17.41" speed="12.09"/>
                <vehicle id="cfm-fast_2" pos="33.24" speed="12.09"/>
                <vehicle id="cfm-fast_3" pos="49.07" speed="12.09"/>
            </lane>
            <lane id="top_1"/>
        </edge>
    </timestep>
    <timestep time="0.91">
        <edge id="bottom">
            <lane id="bottom_0">
                <vehicle id="cfm-slow_0" pos="6.50" speed="11.18"/>
                <vehicle id="cfm-slow_1" pos="22.33" speed="11.18"/>
                <vehicle id="cfm-slow_2" pos="38.17" speed="11.18"/>
            </lane>
            <lane id="bottom_1"/>
        </edge>
        <edge id="left">
            <lane id="left_0">
                <vehicle id="cfm-fast_4" pos="15.03" speed="12.22"/>
                <vehicle id="cfm-fast_5" pos="30.87" speed="12.41"/>
            </lane>
            <lane id="left_1"/>
        </edge>
        <edge id="right">
            <lane id="right_0">
                <vehicle id="cfm-slow_3" pos="4.00" speed="11.18"/>
                <vehicle id="cfm-slow_4" pos="19.83" speed="11.19"/>
                <vehicle id="cfm-slow_5" pos="35.69" speed="11.33"/>
            </lane>
            <lane id="right_1"/>
        </edge>
        <edge id="top">
            <lane id="top_0">
                <vehicle id="cfm-fast_0" pos="1.69" speed="12.21"/>
                <vehicle id="cfm-fast_1" pos="17.53" speed="12.21"/>
                <vehicle id="cfm-fast_2" pos="33.36" speed="12.21"/>
                <vehicle id="cfm-fast_3" pos="49.19" speed="12.21"/>
            </lane>
            <lane id="top_1"/>
        </edge>
    </timestep>
    <timestep time="0.92">
        <edge id="bottom">
            <lane id="bottom_0">
                <vehicle id="cfm-slow_0" pos="6.61" speed="11.26"/>
                <vehicle id="cfm-slow_1" pos="22.44" speed="11.26"/>
                <vehicle id="cfm-slow_2" pos="38.28" speed="11.26"/>
            </lane>
            <lane id="bottom_1"/>
        </edge>
        <edge id="left">
            <lane id="left_0">
                <vehicle id="cfm-fast_4" pos="15.15" speed="12.34"/>
                <vehicle id="cfm-fast_5" pos="31.00" speed="12.55"/>
            </lane>
            <lane id="left_1"/>
        </edge>
        <edge id="right">
            <lane id="right_0">
                <vehicle id="cfm-slow_3" pos="4.11" speed="11.27"/>
                <vehicle id="cfm-slow_4" pos="19.95" speed="11.28"/>
                <vehicle id="cfm-slow_5" pos="35.80" speed="11.43"/>
            </lane>
            <lane id="right_1"/>
        </edge>
        <edge id="top">
            <lane id="top_0">
                <vehicle id="cfm-fast_0" pos="1.82" speed="12.32"/>
                <vehicle id="cfm-fast_1" pos="17.65" speed="12.32"/>
                <vehicle id="cfm-fast_2" pos="33.48" speed="12.32"/>
                <vehicle id="cfm-fast_3" pos="49.32" speed="12.33"/>
            </lane>
            <lane id="top_1"/>
        </edge>
    </timestep>
    <timestep time="0.93">
        <edge id="bottom">
            <lane id="bottom_0">
                <vehicle id="cfm-slow_0" pos="6.73" speed="11.35"/>
                <vehicle id="cfm-slow_1" pos="22.56" speed="11.35"/>
                <vehicle id="cfm-slow_2" pos="38.39" speed="11.35"/>
            </lane>
            <lane id="bottom_1"/>
        </edge>
        <edge id="left">
            <lane id="left_0">
                <vehicle id="cfm-fast_4" pos="15.28" speed="12.45"/>
                <vehicle id="cfm-fast_5" pos="31.13" speed="12.68"/>
            </lane>
            <lane id="left_1"/>
        </edge>
        <edge id="right">
            <lane id="right_0">
                <vehicle id="cfm-slow_3" pos="4.23" speed="11.35"/>
                <vehicle id="cfm-slow_4" pos="20.06" speed="11.37"/>
                <vehicle id="cfm-slow_5" pos="35.92" speed="11.52"/>
            </lane>
            <lane id="right_1"/>
        </edge>
        <edge id="top">
            <lane id="top_0">
                <vehicle id="cfm-fast_0" pos="1.94" speed="12.44"/>
                <vehicle id="cfm-fast_1" pos="17.78" speed="12.44"/>
                <vehicle id="cfm-fast_2" pos="33.61" speed="12.44"/>
                <vehicle id="cfm-fast_3" pos="49.44" speed="12.44"/>
            </lane>
            <lane id="top_1"/>
        </edge>
    </timestep>
    <timestep time="0.94">
        <edge id="bottom">
            <lane id="bottom_0">
                <vehicle id="cfm-slow_0" pos="6.84" speed="11.44"/>
                <vehicle id="cfm-slow_1" pos="22.67" speed="11.44"/>
                <vehicle id="cfm-slow_2" pos="38.51" speed="11.44"/>
            </lane>
            <lane id="bottom_1"/>
        </edge>
        <edge id="left">
            <lane id="left_0">
                <vehicle id="cfm-fast_4" pos="15.40" speed="12.57"/>
                <vehicle id="cfm-fast_5" pos="31.26" speed="12.82"/>
            </lane>
            <lane id="left_1"/>
        </edge>
        <edge id="right">
            <lane id="right_0">
                <vehicle id="cfm-slow_3" pos="4.34" speed="11.44"/>
                <vehicle id="cfm-slow_4" pos="20.18" speed="11.46"/>
                <vehicle id="cfm-slow_5" pos="36.03" speed="11.62"/>
            </lane>
            <lane id="right_1"/>
        </edge>
        <edge id="top">
            <lane id="top_0">
                <vehicle id="cfm-fast_0" pos="2.07" speed="12.55"/>
                <vehicle id="cfm-fast_1" pos="17.90" speed="12.55"/>
                <vehicle id="cfm-fast_2" pos="33.73" speed="12.55"/>
                <vehicle id="cfm-fast_3" pos="49.57" speed="12.55"/>
            </lane>
            <lane id="top_1"/>
        </edge>
    </timestep>
    <timestep time="0.95">
        <edge id="bottom">
            <lane id="bottom_0">
                <vehicle id="cfm-slow_0" pos="6.95" speed="11.52"/>
                <vehicle id="cfm-slow_1" pos="22.79" speed="11.52"/>
                <vehicle id="cfm-slow_2" pos="38.62" speed="11.52"/>
            </lane>
            <lane id="bottom_1"/>
        </edge>
        <edge id="left">
            <lane id="left_0">
                <vehicle id="cfm-fast_4" pos="15.53" speed="12.68"/>
                <vehicle id="cfm-fast_5" pos="31.38" speed="12.95"/>
            </lane>
            <lane id="left_1"/>
        </edge>
        <edge id="right">
            <lane id="right_0">
                <vehicle id="cfm-slow_3" pos="4.45" speed="11.52"/>
                <vehicle id="cfm-slow_4" pos="20.29" speed="11.54"/>
                <vehicle id="cfm-slow_5" pos="36.15" speed="11.71"/>
            </lane>
            <lane id="right_1"/>
        </edge>
        <edge id="top">
            <lane id="top_0">
                <vehicle id="cfm-fast_0" pos="2.19" speed="12.66"/>
                <vehicle id="cfm-fast_1" pos="18.03" speed="12.66"/>
                <vehicle id="cfm-fast_2" pos="33.86" speed="12.66"/>
                <vehicle id="cfm-fast_3" pos="49.69" speed="12.66"/>
            </lane>
            <lane id="top_1"/>
        </edge>
    </timestep>
    <timestep time="0.96">
        <edge id="bottom">
            <lane id="bottom_0">
                <vehicle id="cfm-slow_0" pos="7.07" speed="11.61"/>
                <vehicle id="cfm-slow_1" pos="22.90" speed="11.61"/>
                <vehicle id="cfm-slow_2" pos="38.74" speed="11.61"/>
            </lane>
            <lane id="bottom_1"/>
        </edge>
        <edge id="left">
            <lane id="left_0">
                <vehicle id="cfm-fast_4" pos="15.66" speed="12.79"/>
                <vehicle id="cfm-fast_5" pos="31.52" speed="13.09"/>
            </lane>
            <lane id="left_1"/>
        </edge>
        <edge id="right">
            <lane id="right_0">
                <vehicle id="cfm-slow_3" pos="4.57" speed="11.61"/>
                <vehicle id="cfm-slow_4" pos="20.41" speed="11.63"/>
                <vehicle id="cfm-slow_5" pos="36.27" speed="11.80"/>
            </lane>
            <lane id="right_1"/>
        </edge>
        <edge id="top">
            <lane id="top_0">
                <vehicle id="cfm-fast_0" pos="2.32" speed="12.77"/>
                <vehicle id="cfm-fast_1" pos="18.16" speed="12.77"/>
                <vehicle id="cfm-fast_2" pos="33.99" speed="12.77"/>
                <vehicle id="cfm-fast_3" pos="49.82" speed="12.77"/>
            </lane>
            <lane id="top_1"/>
        </edge>
    </timestep>
    <timestep time="0.97">
        <edge id="bottom">
            <lane id="bottom_0">
                <vehicle id="cfm-slow_0" pos="7.19" speed="11.69"/>
                <vehicle id="cfm-slow_1" pos="23.02" speed="11.69"/>
                <vehicle id="cfm-slow_2" pos="38.85" speed="11.69"/>
            </lane>
            <lane id="bottom_1"/>
        </edge>
        <edge id="left">
            <lane id="left_0">
                <vehicle id="cfm-fast_4" pos="15.79" speed="12.91"/>
                <vehicle id="cfm-fast_5" pos="31.65" speed="13.23"/>
            </lane>
            <lane id="left_1"/>
        </edge>
        <edge id="right">
            <lane id="right_0">
                <vehicle id="cfm-slow_3" pos="4.69" speed="11.69"/>
                <vehicle id="cfm-slow_4" pos="20.52" speed="11.72"/>
                <vehicle id="cfm-slow_5" pos="36.39" speed="11.90"/>
            </lane>
            <lane id="right_1"/>
        </edge>
        <edge id="top">
            <lane id="top_0">
                <vehicle id="cfm-fast_0" pos="2.45" speed="12.88"/>
                <vehicle id="cfm-fast_1" pos="18.28" speed="12.88"/>
                <vehicle id="cfm-fast_2" pos="34.12" speed="12.88"/>
                <vehicle id="cfm-fast_3" pos="49.95" speed="12.88"/>
            </lane>
            <lane id="top_1"/>
        </edge>
    </timestep>
    <timestep time="0.98">
        <edge id="bottom">
            <lane id="bottom_0">
                <vehicle id="cfm-slow_0" pos="7.31" speed="11.77"/>
                <vehicle id="cfm-slow_1" pos="23.14" speed="11.77"/>
                <vehicle id="cfm-slow_2" pos="38.97" speed="11.77"/>
            </lane>
            <lane id="bottom_1"/>
        </edge>
        <edge id="left">
            <lane id="left_0">
                <vehicle id="cfm-fast_3" pos="0.08" speed="12.99"/>
                <vehicle id="cfm-fast_4" pos="15.92" speed="13.02"/>
                <vehicle id="cfm-fast_5" pos="31.78" speed="13.36"/>
            </lane>
            <lane id="left_1"/>
        </edge>
        <edge id="right">
            <lane id="right_0">
                <vehicle id="cfm-slow_3" pos="4.81" speed="11.78"/>
                <vehicle id="cfm-slow_4" pos="20.64" speed="11.80"/>
                <vehicle id="cfm-slow_5" pos="36.51" speed="11.99"/>
            </lane>
            <lane id="right_1"/>
        </edge>
        <edge id="top">
            <lane id="top_0">
                <vehicle id="cfm-fast_0" pos="2.58" speed="12.99"/>
                <vehicle id="cfm-fast_1" pos="18.41" speed="12.99"/>
                <vehicle id="cfm-fast_2" pos="34.25" speed="12.99"/>
            </lane>
            <lane id="top_1"/>
        </edge>
    </timestep>
    <timestep time="0.99">
        <edge id="bottom">
            <lane id="bottom_0">
                <vehicle id="cfm-slow_0" pos="7.42" speed="11.86"/>
                <vehicle id="cfm-slow_1" pos="23.26" speed="11.86"/>
                <vehicle id="cfm-slow_2" pos="39.09" speed="11.86"/>
            </lane>
            <lane id="bottom_1"/>
        </edge>
        <edge id="left">
            <lane id="left_0">
                <vehicle id="cfm-fast_3" pos="0.21" speed="13.10"/>
                <vehicle id="cfm-fast_4" pos="16.05" speed="13.13"/>
                <vehicle id="cfm-fast_5" pos="31.92" speed="13.50"/>
            </lane>
            <lane id="left_1"/>
        </edge>
        <edge id="right">
            <lane id="right_0">
                <vehicle id="cfm-slow_3" pos="4.92" speed="11.86"/>
                <vehicle id="cfm-slow_4" pos="20.76" speed="11.89"/>
                <vehicle id="cfm-slow_5" pos="36.63" speed="12.08"/>
            </lane>
            <lane id="right_1"/>
        </edge>
        <edge id="top">
            <lane id="top_0">
                <vehicle id="cfm-fast_0" pos="2.71" speed="13.10"/>
                <vehicle id="cfm-fast_1" pos="18.55" speed="13.10"/>
                <vehicle id="cfm-fast_2" pos="34.38" speed="13.10"/>
            </lane>
            <lane id="top_1"/>
        </edge>
    </timestep>
    <timestep time="1.00">
        <edge id="bottom">
            <lane id="bottom_0">
                <vehicle id="cfm-slow_0" pos="7.54" speed="11.94"/>
                <vehicle id="cfm-slow_1" pos="23.38" speed="11.94"/>
                <vehicle id="cfm-slow_2" pos="39.21" speed="11.94"/>
            </lane>
            <lane id="bottom_1"/>
        </edge>
        <edge id="left">
            <lane id="left_0">
                <vehicle id="cfm-fast_3" pos="0.34" speed="13.21"/>
                <vehicle id="cfm-fast_4" pos="16.18" speed="13.24"/>
            </lane>
            <lane id="left_1">
                <vehicle id="cfm-fast_5" pos="32.05" speed="13.64"/>
            </lane>
        </edge>
        <edge id="right">
            <lane id="right_0">
                <vehicle id="cfm-slow_3" pos="5.04" speed="11.94"/>
                <vehicle id="cfm-slow_4" pos="20.88" speed="11.97"/>
                <vehicle id="cfm-slow_5" pos="36.75" speed="12.17"/>
            </lane>
            <lane id="right_1"/>
        </edge>
        <edge id="top">
            <lane id="top_0">
                <vehicle id="cfm-fast_0" pos="2.84" speed="13.21"/>
                <vehicle id="cfm-fast_2" pos="34.51" speed="13.21"/>
            </lane>
            <lane id="top_1">
                <vehicle id="cfm-fast_1" pos="18.68" speed="13.21"/>
            </lane>
        </edge>
    </timestep>
    <timestep time="1.01">
        <edge id="bottom">
            <lane id="bottom_0">
                <vehicle id="cfm-slow_0" pos="7.66" speed="12.02"/>
                <vehicle id="cfm-slow_1" pos="23.50" speed="12.02"/>
                <vehicle id="cfm-slow_2" pos="39.33" speed="12.02"/>
            </lane>
            <lane id="bottom_1"/>
        </edge>
        <edge id="left">
            <lane id="left_0">
                <vehicle id="cfm-fast_3" pos="0.48" speed="13.31"/>
                <vehicle id="cfm-fast_4" pos="16.31" speed="13.38"/>
            </lane>
            <lane id="left_1">
                <vehicle id="cfm-fast_5" pos="32.19" speed="13.77"/>
            </lane>
        </edge>
        <edge id="right">
            <lane id="right_0">
                <vehicle id="cfm-slow_3" pos="5.16" speed="12.02"/>
                <vehicle id="cfm-slow_4" pos="21.00" speed="12.05"/>
                <vehicle id="cfm-slow_5" pos="36.87" speed="12.26"/>
            </lane>
            <lane id="right_1"/>
        </edge>
        <edge id="top">
            <lane id="top_0">
                <vehicle id="cfm-fast_0" pos="2.98" speed="13.34"/>
                <vehicle id="cfm-fast_2" pos="34.64" speed="13.31"/>
            </lane>
            <lane id="top_1">
                <vehicle id="cfm-fast_1" pos="18.81" speed="13.34"/>
            </lane>
        </edge>
    </timestep>
    <timestep time="1.02">
        <edge id="bottom">
            <lane id="bottom_0">
                <vehicle id="cfm-slow_0" pos="7.78" speed="12.10"/>
                <vehicle id="cfm-slow_1" pos="23.62" speed="12.10"/>
                <vehicle id="cfm-slow_2" pos="39.45" speed="12.10"/>
            </lane>
            <lane id="bottom_1"/>
        </edge>
        <edge id="left">
            <lane id="left_0">
                <vehicle id="cfm-fast_3" pos="0.61" speed="13.42"/>
                <vehicle id="cfm-fast_4" pos="16.45" speed="13.51"/>
            </lane>
            <lane id="left_1">
                <vehicle id="cfm-fast_5" pos="32.33" speed="13.91"/>
            </lane>
        </edge>
        <edge id="right">
            <lane id="right_0">
                <vehicle id="cfm-slow_3" pos="5.29" speed="12.10"/>
                <vehicle id="cfm-slow_4" pos="21.12" speed="12.13"/>
                <vehicle id="cfm-slow_5" pos="36.99" speed="12.35"/>
            </lane>
            <lane id="right_1"/>
        </edge>
        <edge id="top">
            <lane id="top_0">
                <vehicle id="cfm-fast_0" pos="3.11" speed="13.48"/>
                <vehicle id="cfm-fast_2" pos="34.78" speed="13.42"/>
            </lane>
            <lane id="top_1">
                <vehicle id="cfm-fast_1" pos="18.95" speed="13.48"/>
            </lane>
        </edge>
    </timestep>
    <timestep time="1.03">
        <edge id="bottom">
            <lane id="bottom_0">
                <vehicle id="cfm-slow_0" pos="7.91" speed="12.18"/>
                <vehicle id="cfm-slow_1" pos="23.74" speed="12.18"/>
                <vehicle id="cfm-slow_2" pos="39.57" speed="12.18"/>
            </lane>
            <lane id="bottom_1"/>
        </edge>
        <edge id="left">
            <lane id="left_0">
                <vehicle id="cfm-fast_3" pos="0.75" speed="13.52"/>
                <vehicle id="cfm-fast_4" pos="16.59" speed="13.65"/>
            </lane>
            <lane id="left_1">
                <vehicle id="cfm-fast_5" pos="32.47" speed="14.05"/>
            </lane>
        </edge>
        <edge id="right">
            <lane id="right_0">
                <vehicle id="cfm-slow_3" pos="5.41" speed="12.18"/>
                <vehicle id="cfm-slow_4" pos="21.24" speed="12.21"/>
                <vehicle id="cfm-slow_5" pos="37.12" speed="12.44"/>
            </lane>
            <lane id="right_1"/>
        </edge>
        <edge id="top">
            <lane id="top_0">
                <vehicle id="cfm-fast_0" pos="3.25" speed="13.62"/>
                <vehicle id="cfm-fast_2" pos="34.91" speed="13.52"/>
            </lane>
            <lane id="top_1">
                <vehicle id="cfm-fast_1" pos="19.08" speed="13.62"/>
            </lane>
        </edge>
    </timestep>
    <timestep time="1.04">
        <edge id="bottom">
            <lane id="bottom_0">
                <vehicle id="cfm-slow_0" pos="8.03" speed="12.26"/>
                <vehicle id="cfm-slow_1" pos="23.86" speed="12.26"/>
                <vehicle id="cfm-slow_2" pos="39.70" speed="12.26"/>
            </lane>
            <lane id="bottom_1"/>
        </edge>
        <edge id="left">
            <lane id="left_0">
                <vehicle id="cfm-fast_3" pos="0.88" speed="13.63"/>
                <vehicle id="cfm-fast_4" pos="16.72" speed="13.78"/>
            </lane>
            <lane id="left_1">
                <vehicle id="cfm-fast_5" pos="32.61" speed="14.18"/>
            </lane>
        </edge>
        <edge id="right">
            <lane id="right_0">
                <vehicle id="cfm-slow_3" pos="5.53" speed="12.26"/>
                <vehicle id="cfm-slow_4" pos="21.37" speed="12.30"/>
                <vehicle id="cfm-slow_5" pos="37.24" speed="12.53"/>
            </lane>
            <lane id="right_1"/>
        </edge>
        <edge id="top">
            <lane id="top_0">
                <vehicle id="cfm-fast_0" pos="3.39" speed="13.75"/>
                <vehicle id="cfm-fast_2" pos="35.05" speed="13.62"/>
            </lane>
            <lane id="top_1">
                <vehicle id="cfm-fast_1" pos="19.22" speed="13.75"/>
            </lane>
        </edge>
    </timestep>
    <timestep time="1.05">
        <edge id="bottom">
            <lane id="bottom_0">
                <vehicle id="cfm-slow_0" pos="8.15" speed="12.34"/>
                <vehicle id="cfm-slow_1" pos="23.99" speed="12.34"/>
                <vehicle id="cfm-slow_2" pos="39.82" speed="12.34"/>
            </lane>
            <lane id="bottom_1"/>
        </edge>
        <edge id="left">
            <lane id="left_0">
                <vehicle id="cfm-fast_3" pos="1.02" speed="13.73"/>
                <vehicle id="cfm-fast_4" pos="16.86" speed="13.92"/>
            </lane>
            <lane id="left_1">
                <vehicle id="cfm-fast_5" pos="32.76" speed="14.32"/>
            </lane>
        </edge>
        <edge id="right">
            <lane id="right_0">
                <vehicle id="cfm-slow_3" pos="5.65" speed="12.34"/>
                <vehicle id="cfm-slow_4" pos="21.49" speed="12.38"/>
                <vehicle id="cfm-slow_5" pos="37.37" speed="12.62"/>
            </lane>
            <lane id="right_1"/>
        </edge>
        <edge id="top">
            <lane id="top_0">
                <vehicle id="cfm-fast_0" pos="3.52" speed="13.89"/>
                <vehicle id="cfm-fast_2" pos="35.19" speed="13.73"/>
            </lane>
            <lane id="top_1">
                <vehicle id="cfm-fast_1" pos="19.36" speed="13.89"/>
            </lane>
        </edge>
    </timestep>
    <timestep time="1.06">
        <edge id="bottom">
            <lane id="bottom_0">
                <vehicle id="cfm-slow_0" pos="8.28" speed="12.41"/>
                <vehicle id="cfm-slow_1" pos="24.11" speed="12.41"/>
                <vehicle id="cfm-slow_2" pos="39.94" speed="12.41"/>
            </lane>
            <lane id="bottom_1"/>
        </edge>
        <edge id="left">
            <lane id="left_0">
                <vehicle id="cfm-fast_3" pos="1.16" speed="13.83"/>
                <vehicle id="cfm-fast_4" pos="17.00" speed="14.06"/>
            </lane>
            <lane id="left_1">
                <vehicle id="cfm-fast_5" pos="32.90" speed="14.45"/>
            </lane>
        </edge>
        <edge id="right">
            <lane id="right_0">
                <vehicle id="cfm-slow_3" pos="5.78" speed="12.42"/>
                <vehicle id="cfm-slow_4" pos="21.62" speed="12.46"/>
                <vehicle id="cfm-slow_5" pos="37.50" speed="12.71"/>
            </lane>
            <lane id="right_1"/>
        </edge>
        <edge id="top">
            <lane id="top_0">
                <vehicle id="cfm-fast_0" pos="3.67" speed="14.02"/>
                <vehicle id="cfm-fast_2" pos="35.33" speed="13.83"/>
            </lane>
            <lane id="top_1">
                <vehicle id="cfm-fast_1" pos="19.50" speed="14.02"/>
            </lane>
        </edge>
    </timestep>
    <timestep time="1.07">
        <edge id="bottom">
            <lane id="bottom_0">
                <vehicle id="cfm-slow_0" pos="8.40" speed="12.49"/>
                <vehicle id="cfm-slow_1" pos="24.23" speed="12.49"/>
                <vehicle id="cfm-slow_2" pos="40.07" speed="12.49"/>
            </lane>
            <lane id="bottom_1"/>
        </edge>
        <edge id="left">
            <lane id="left_0">
                <vehicle id="cfm-fast_3" pos="1.30" speed="13.94"/>
                <vehicle id="cfm-fast_4" pos="17.14" speed="14.19"/>
            </lane>
            <lane id="left_1">
                <vehicle id="cfm-fast_5" pos="33.05" speed="14.59"/>
            </lane>
        </edge>
        <edge id="right">
            <lane id="right_0">
                <vehicle id="cfm-slow_3" pos="5.90" speed="12.49"/>
                <vehicle id="cfm-slow_4" pos="21.74" speed="12.53"/>
                <vehicle id="cfm-slow_5" pos="37.63" speed="12.80"/>
            </lane>
            <lane id="right_1"/>
        </edge>
        <edge id="top">
            <lane id="top_0">
                <vehicle id="cfm-fast_0" pos="3.81" speed="14.16"/>
                <vehicle id="cfm-fast_2" pos="35.46" speed="13.93"/>
            </lane>
            <lane id="top_1">
                <vehicle id="cfm-fast_1" pos="19.64" speed="14.16"/>
            </lane>
        </edge>
    </timestep>
    <timestep time="1.08">
        <edge id="bottom">
            <lane id="bottom_0">
                <vehicle id="cfm-slow_0" pos="8.53" speed="12.57"/>
                <vehicle id="cfm-slow_1" pos="24.36" speed="12.57"/>
                <vehicle id="cfm-slow_2" pos="40.19" speed="12.57"/>
            </lane>
            <lane id="bottom_1"/>
        </edge>
        <edge id="left">
            <lane id="left_0">
                <vehicle id="cfm-fast_3" pos="1.44" speed="14.04"/>
                <vehicle id="cfm-fast_4" pos="17.29" speed="14.33"/>
            </lane>
            <lane id="left_1">
                <vehicle id="cfm-fast_5" pos="33.19" speed="14.73"/>
            </lane>
        </edge>
        <edge id="right">
            <lane id="right_0">
                <vehicle id="cfm-slow_3" pos="6.03" speed="12.57"/>
                <vehicle id="cfm-slow_4" pos="21.87" speed="12.61"/>
                <vehicle id="cfm-slow_5" pos="37.75" speed="12.89"/>
            </lane>
            <lane id="right_1"/>
        </edge>
        <edge id="top">
            <lane id="top_0">
                <vehicle id="cfm-fast_0" pos="3.95" speed="14.30"/>
                <vehicle id="cfm-fast_2" pos="35.60" speed="14.03"/>
            </lane>
            <lane id="top_1">
                <vehicle id="cfm-fast_1" pos="19.78" speed="14.30"/>
            </lane>
        </edge>
    </timestep>
    <timestep time="1.09">
        <edge id="bottom">
            <lane id="bottom_0">
                <vehicle id="cfm-slow_0" pos="8.65" speed="12.64"/>
                <vehicle id="cfm-slow_1" pos="24.49" speed="12.64"/>
                <vehicle id="cfm-slow_2" pos="40.32" speed="12.64"/>
            </lane>
            <lane id="bottom_1"/>
        </edge>
        <edge id="left">
            <lane id="left_0">
                <vehicle id="cfm-fast_3" pos="1.58" speed="14.14"/>
                <vehicle id="cfm-fast_4" pos="17.43" speed="14.47"/>
            </lane>
            <lane id="left_1">
                <vehicle id="cfm-fast_5" pos="33.34" speed="14.86"/>
            </lane>
        </edge>
        <edge id="right">
            <lane id="right_0">
                <vehicle id="cfm-slow_3" pos="6.15" speed="12.65"/>
                <vehicle id="cfm-slow_4" pos="21.99" speed="12.69"/>
                <vehicle id="cfm-slow_5" pos="37.88" speed="12.98"/>
            </lane>
            <lane id="right_1"/>
        </edge>
        <edge id="top">
            <lane id="top_0">
                <vehicle id="cfm-fast_0" pos="4.09" speed="14.43"/>
                <vehicle id="cfm-fast_2" pos="35.75" speed="14.12"/>
            </lane>
            <lane id="top_1">
                <vehicle id="cfm-fast_1" pos="19.93" speed="14.43"/>
            </lane>
        </edge>
    </timestep>
    <timestep time="1.10">
        <edge id="bottom">
            <lane id="bottom_0">
                <vehicle id="cfm-slow_0" pos="8.78" speed="12.71"/>
                <vehicle id="cfm-slow_1" pos="24.61" speed="12.71"/>
                <vehicle id="cfm-slow_2" pos="40.45" speed="12.72"/>
            </lane>
            <lane id="bottom_1"/>
        </edge>
        <edge id="left">
            <lane id="left_0">
                <vehicle id="cfm-fast_3" pos="1.72" speed="14.24"/>
                <vehicle id="cfm-fast_4" pos="17.58" speed="14.60"/>
            </lane>
            <lane id="left_1">
                <vehicle id="cfm-fast_5" pos="33.49" speed="15.00"/>
            </lane>
        </edge>
        <edge id="right">
            <lane id="right_0">
                <vehicle id="cfm-slow_3" pos="6.28" speed="12.72"/>
                <vehicle id="cfm-slow_4" pos="22.12" speed="12.77"/>
                <vehicle id="cfm-slow_5" pos="38.01" speed="13.06"/>
            </lane>
            <lane id="right_1"/>
        </edge>
        <edge id="top">
            <lane id="top_0">
                <vehicle id="cfm-fast_0" pos="4.24" speed="14.57"/>
                <vehicle id="cfm-fast_2" pos="35.89" speed="14.22"/>
            </lane>
            <lane id="top_1">
                <vehicle id="cfm-fast_1" pos="20.07" speed="14.57"/>
            </lane>
        </edge>
    </timestep>
    <timestep time="1.11">
        <edge id="bottom">
            <lane id="bottom_0">
                <vehicle id="cfm-slow_0" pos="8.91" speed="12.79"/>
                <vehicle id="cfm-slow_1" pos="24.74" speed="12.79"/>
                <vehicle id="cfm-slow_2" pos="40.58" speed="12.79"/>
            </lane>
            <lane id="bottom_1"/>
        </edge>
        <edge id="left">
            <lane id="left_0">
                <vehicle id="cfm-fast_3" pos="1.87" speed="14.34"/>
                <vehicle id="cfm-fast_4" pos="17.73" speed="14.74"/>
            </lane>
            <lane id="left_1">
                <vehicle id="cfm-fast_5" pos="33.64" speed="15.14"/>
            </lane>
        </edge>
        <edge id="right">
            <lane id="right_0">
                <vehicle id="cfm-slow_3" pos="6.41" speed="12.80"/>
                <vehicle id="cfm-slow_4" pos="22.25" speed="12.84"/>
                <vehicle id="cfm-slow_5" pos="38.15" speed="13.15"/>
            </lane>
            <lane id="right_1"/>
        </edge>
        <edge id="top">
            <lane id="top_0">
                <vehicle id="cfm-fast_0" pos="4.39" speed="14.71"/>
                <vehicle id="cfm-fast_2" pos="36.03" speed="14.32"/>
            </lane>
            <lane id="top_1">
                <vehicle id="cfm-fast_1" pos="20.22" speed="14.71"/>
            </lane>
        </edge>
    </timestep>
    <timestep time="1.12">
        <edge id="bottom">
            <lane id="bottom_0">
                <vehicle id="cfm-slow_0" pos="9.04" speed="12.86"/>
                <vehicle id="cfm-slow_1" pos="24.87" speed="12.86"/>
                <vehicle id="cfm-slow_2" pos="40.70" speed="12.86"/>
            </lane>
            <lane id="bottom_1"/>
        </edge>
        <edge id="left">
            <lane id="left_0">
                <vehicle id="cfm-fast_3" pos="2.01" speed="14.44"/>
                <vehicle id="cfm-fast_4" pos="17.87" speed="14.88"/>
            </lane>
            <lane id="left_1">
                <vehicle id="cfm-fast_5" pos="33.80" speed="15.27"/>
            </lane>
        </edge>
        <edge id="right">
            <lane id="right_0">
                <vehicle id="cfm-slow_3" pos="6.54" speed="12.87"/>
                <vehicle id="cfm-slow_4" pos="22.38" speed="12.92"/>
                <vehicle id="cfm-slow_5" pos="38.28" speed="13.24"/>
            </lane>
            <lane id="right_1"/>
        </edge>
        <edge id="top">
            <lane id="top_0">
                <vehicle id="cfm-fast_0" pos="4.54" speed="14.84"/>
                <vehicle id="cfm-fast_2" pos="36.18" speed="14.41"/>
            </lane>
            <lane id="top_1">
                <vehicle id="cfm-fast_1" pos="20.37" speed="14.84"/>
            </lane>
        </edge>
    </timestep>
    <timestep time="1.13">
        <edge id="bottom">
            <lane id="bottom_0">
                <vehicle id="cfm-slow_0" pos="9.17" speed="12.93"/>
                <vehicle id="cfm-slow_1" pos="25.00" speed="12.93"/>
                <vehicle id="cfm-slow_2" pos="40.83" speed="12.93"/>
            </lane>
            <lane id="bottom_1"/>
        </edge>
        <edge id="left">
            <lane id="left_0">
                <vehicle id="cfm-fast_3" pos="2.16" speed="14.54"/>
                <vehicle id="cfm-fast_4" pos="18.03" speed="15.01"/>
            </lane>
            <lane id="left_1">
                <vehicle id="cfm-fast_5" pos="33.95" speed="15.41"/>
            </lane>
        </edge>
        <edge id="right">
            <lane id="right_0">
                <vehicle id="cfm-slow_3" pos="6.67" speed="12.94"/>
                <vehicle id="cfm-slow_4" pos="22.51" speed="13.00"/>
                <vehicle id="cfm-slow_5" pos="38.41" speed="13.33"/>
            </lane>
            <lane id="right_1"/>
        </edge>
        <edge id="top">
            <lane id="top_0">
                <vehicle id="cfm-fast_0" pos="4.68" speed="14.98"/>
                <vehicle id="cfm-fast_2" pos="36.32" speed="14.51"/>
            </lane>
            <lane id="top_1">
                <vehicle id="cfm-fast_1" pos="20.52" speed="14.98"/>
            </lane>
        </edge>
    </timestep>
    <timestep time="1.14">
        <edge id="bottom">
            <lane id="bottom_0">
                <vehicle id="cfm-slow_0" pos="9.30" speed="13.01"/>
                <vehicle id="cfm-slow_1" pos="25.13" speed="13.01"/>
                <vehicle id="cfm-slow_2" pos="40.96" speed="13.01"/>
            </lane>
            <lane id="bottom_1"/>
        </edge>
        <edge id="left">
            <lane id="left_0">
                <vehicle id="cfm-fast_3" pos="2.30" speed="14.64"/>
                <vehicle id="cfm-fast_4" pos="18.18" speed="15.15"/>
            </lane>
            <lane id="left_1">
                <vehicle id="cfm-fast_5" pos="34.11" speed="15.55"/>
            </lane>
        </edge>
        <edge id="right">
            <lane id="right_0">
                <vehicle id="cfm-slow_3" pos="6.80" speed="13.01"/>
                <vehicle id="cfm-slow_4" pos="22.64" speed="13.07"/>
                <vehicle id="cfm-slow_5" pos="38.55" speed="13.42"/>
            </lane>
            <lane id="right_1"/>
        </edge>
        <edge id="top">
            <lane id="top_0">
                <vehicle id="cfm-fast_0" pos="4.84" speed="15.12"/>
                <vehicle id="cfm-fast_2" pos="36.47" speed="14.60"/>
            </lane>
            <lane id="top_1">
                <vehicle id="cfm-fast_1" pos="20.67" speed="15.12"/>
            </lane>
        </edge>
    </timestep>
    <timestep time="1.15">
        <edge id="bottom">
            <lane id="bottom_0">
                <vehicle id="cfm-slow_0" pos="9.43" speed="13.08"/>
                <vehicle id="cfm-slow_1" pos="25.26" speed="13.08"/>
                <vehicle id="cfm-slow_2" pos="41.09" speed="13.08"/>
            </lane>
            <lane id="bottom_1"/>
        </edge>
        <edge id="left">
            <lane id="left_0">
                <vehicle id="cfm-fast_3" pos="2.45" speed="14.73"/>
                <vehicle id="cfm-fast_4" pos="18.33" speed="15.28"/>
            </lane>
            <lane id="left_1">
                <vehicle id="cfm-fast_5" pos="34.26" speed="15.68"/>
            </lane>
        </edge>
        <edge id="right">
            <lane id="right_0">
                <vehicle id="cfm-slow_3" pos="6.93" speed="13.09"/>
                <vehicle id="cfm-slow_4" pos="22.77" speed="13.14"/>
                <vehicle id="cfm-slow_5" pos="38.68" speed="13.50"/>
            </lane>
            <lane id="right_1"/>
        </edge>
        <edge id="top">
            <lane id="top_0">
                <vehicle id="cfm-fast_0" pos="4.99" speed="15.25"/>
                <vehicle id="cfm-fast_2" pos="36.61" speed="14.70"/>
            </lane>
            <lane id="top_1">
                <vehicle id="cfm-fast_1" pos="20.82" speed="15.25"/>
            </lane>
        </edge>
    </timestep>
    <timestep time="1.16">
        <edge id="bottom">
            <lane id="bottom_0">
                <vehicle id="cfm-slow_0" pos="9.56" speed="13.15"/>
                <vehicle id="cfm-slow_1" pos="25.39" speed="13.15"/>
                <vehicle id="cfm-slow_2" pos="41.23" speed="13.15"/>
            </lane>
            <lane id="bottom_1"/>
        </edge>
        <edge id="left">
            <lane id="left_0">
                <vehicle id="cfm-fast_3" pos="2.60" speed="14.83"/>
                <vehicle id="cfm-fast_4" pos="18.48" speed="15.42"/>
            </lane>
            <lane id="left_1">
                <vehicle id="cfm-fast_5" pos="34.42" speed="15.82"/>
            </lane>
        </edge>
        <edge id="right">
            <lane id="right_0">
                <vehicle id="cfm-slow_3" pos="7.06" speed="13.16"/>
                <vehicle id="cfm-slow_4" pos="22.90" speed="13.22"/>
                <vehicle id="cfm-slow_5" pos="38.82" speed="13.59"/>
            </lane>
            <lane id="right_1"/>
        </edge>
        <edge id="top">
            <lane id="top_0">
                <vehicle id="cfm-fast_0" pos="5.14" speed="15.39"/>
                <vehicle id="cfm-fast_2" pos="36.76" speed="14.79"/>
            </lane>
            <lane id="top_1">
                <vehicle id="cfm-fast_1" pos="20.98" speed="15.39"/>
            </lane>
        </edge>
    </timestep>
    <timestep time="1.17">
        <edge id="bottom">
            <lane id="bottom_0">
                <vehicle id="cfm-slow_0" pos="9.69" speed="13.22"/>
                <vehicle id="cfm-slow_1" pos="25.52" speed="13.22"/>
                <vehicle id="cfm-slow_2" pos="41.36" speed="13.22"/>
            </lane>
            <lane id="bottom_1"/>
        </edge>
        <edge id="left">
            <lane id="left_0">
                <vehicle id="cfm-fast_3" pos="2.75" speed="14.93"/>
                <vehicle id="cfm-fast_4" pos="18.64" speed="15.56"/>
            </lane>
            <lane id="left_1">
                <vehicle id="cfm-fast_5" pos="34.58" speed="15.95"/>
            </lane>
        </edge>
        <edge id="right">
            <lane id="right_0">
                <vehicle id="cfm-slow_3" pos="7.19" speed="13.23"/>
                <vehicle id="cfm-slow_4" pos="23.04" speed="13.29"/>
                <vehicle id="cfm-slow_5" pos="38.95" speed="13.68"/>
            </lane>
            <lane id="right_1"/>
        </edge>
        <edge id="top">
            <lane id="top_0">
                <vehicle id="cfm-fast_0" pos="5.30" speed="15.52"/>
                <vehicle id="cfm-fast_2" pos="36.91" speed="14.88"/>
            </lane>
            <lane id="top_1">
                <vehicle id="cfm-fast_1" pos="21.13" speed="15.52"/>
            </lane>
        </edge>
    </timestep>
    <timestep time="1.18">
        <edge id="bottom">
            <lane id="bottom_0">
                <vehicle id="cfm-slow_0" pos="9.82" speed="13.29"/>
                <vehicle id="cfm-slow_1" pos="25.66" speed="13.29"/>
                <vehicle id="cfm-slow_2" pos="41.49" speed="13.29"/>
            </lane>
            <lane id="bottom_1"/>
        </edge>
        <edge id="left">
            <lane id="left_0">
                <vehicle id="cfm-fast_3" pos="2.90" speed="15.02"/>
                <vehicle id="cfm-fast_4" pos="18.80" speed="15.69"/>
            </lane>
            <lane id="left_1">
                <vehicle id="cfm-fast_5" pos="34.74" speed="16.09"/>
            </lane>
        </edge>
        <edge id="right">
            <lane id="right_0">
                <vehicle id="cfm-slow_3" pos="7.33" speed="13.30"/>
                <vehicle id="cfm-slow_4" pos="23.17" speed="13.36"/>
                <vehicle id="cfm-slow_5" pos="39.09" speed="13.76"/>
            </lane>
            <lane id="right_1"/>
        </edge>
        <edge id="top">
            <lane id="top_0">
                <vehicle id="cfm-fast_0" pos="5.45" speed="15.66"/>
                <vehicle id="cfm-fast_2" pos="37.06" speed="14.97"/>
            </lane>
            <lane id="top_1">
                <vehicle id="cfm-fast_1" pos="21.29" speed="15.66"/>
            </lane>
        </edge>
    </timestep>
    <timestep time="1.19">
        <edge id="bottom">
            <lane id="bottom_0">
                <vehicle id="cfm-slow_0" pos="9.96" speed="13.36"/>
                <vehicle id="cfm-slow_1" pos="25.79" speed="13.36"/>
                <vehicle id="cfm-slow_2" pos="41.62" speed="13.36"/>
            </lane>
            <lane id="bottom_1"/>
        </edge>
        <edge id="left">
            <lane id="left_0">
                <vehicle id="cfm-fast_3" pos="3.05" speed="15.12"/>
                <vehicle id="cfm-fast_4" pos="18.95" speed="15.83"/>
            </lane>
            <lane id="left_1">
                <vehicle id="cfm-fast_5" pos="34.90" speed="16.23"/>
            </lane>
        </edge>
        <edge id="right">
            <lane id="right_0">
                <vehicle id="cfm-slow_3" pos="7.46" speed="13.37"/>
                <vehicle id="cfm-slow_4" pos="23.30" speed="13.44"/>
                <vehicle id="cfm-slow_5" pos="39.23" speed="13.85"/>
            </lane>
            <lane id="right_1"/>
        </edge>
        <edge id="top">
            <lane id="top_0">
                <vehicle id="cfm-fast_0" pos="5.61" speed="15.80"/>
                <vehicle id="cfm-fast_2" pos="37.21" speed="15.06"/>
            </lane>
            <lane id="top_1">
                <vehicle id="cfm-fast_1" pos="21.45" speed="15.80"/>
            </lane>
        </edge>
    </timestep>
    <timestep time="1.20">
        <edge id="bottom">
            <lane id="bottom_0">
                <vehicle id="cfm-slow_0" pos="10.09" speed="13.42"/>
                <vehicle id="cfm-slow_1" pos="25.92" speed="13.42"/>
                <vehicle id="cfm-slow_2" pos="41.76" speed="13.42"/>
            </lane>
            <lane id="bottom_1"/>
        </edge>
        <edge id="left">
            <lane id="left_0">
                <vehicle id="cfm-fast_3" pos="3.20" speed="15.21"/>
                <vehicle id="cfm-fast_4" pos="19.11" speed="15.97"/>
            </lane>
            <lane id="left_1">
                <vehicle id="cfm-fast_5" pos="35.07" speed="16.36"/>
            </lane>
        </edge>
        <edge id="right">
            <lane id="right_0">
                <vehicle id="cfm-slow_3" pos="7.59" speed="13.43"/>
                <vehicle id="cfm-slow_4" pos="23.44" speed="13.51"/>
                <vehicle id="cfm-slow_5" pos="39.37" speed="13.93"/>
            </lane>
            <lane id="right_1"/>
        </edge>
        <edge id="top">
            <lane id="top_0">
                <vehicle id="cfm-fast_0" pos="5.77" speed="15.93"/>
                <vehicle id="cfm-fast_2" pos="37.36" speed="15.15"/>
            </lane>
            <lane id="top_1">
                <vehicle id="cfm-fast_1" pos="21.61" speed="15.93"/>
            </lane>
        </edge>
    </timestep>
    <timestep time="1.21">
        <edge id="bottom">
            <lane id="bottom_0">
                <vehicle id="cfm-slow_0" pos="10.23" speed="13.49"/>
                <vehicle id="cfm-slow_1" pos="26.06" speed="13.49"/>
                <vehicle id="cfm-slow_2" pos="41.89" speed="13.49"/>
            </lane>
            <lane id="bottom_1"/>
        </edge>
        <edge id="left">
            <lane id="left_0">
                <vehicle id="cfm-fast_3" pos="3.35" speed="15.31"/>
                <vehicle id="cfm-fast_4" pos="19.28" speed="16.10"/>
            </lane>
            <lane id="left_1">
                <vehicle id="cfm-fast_5" pos="35.23" speed="16.50"/>
            </lane>
        </edge>
        <edge id="right">
            <lane id="right_0">
                <vehicle id="cfm-slow_3" pos="7.73" speed="13.50"/>
                <vehicle id="cfm-slow_4" pos="23.58" speed="13.58"/>
                <vehicle id="cfm-slow_5" pos="39.51" speed="14.02"/>
            </lane>
            <lane id="right_1"/>
        </edge>
        <edge id="top">
            <lane id="top_0">
                <vehicle id="cfm-fast_0" pos="5.93" speed="16.07"/>
                <vehicle id="cfm-fast_2" pos="37.51" speed="15.24"/>
            </lane>
            <lane id="top_1">
                <vehicle id="cfm-fast_1" pos="21.77" speed="16.07"/>
            </lane>
        </edge>
    </timestep>
    <timestep time="1.22">
        <edge id="bottom">
            <lane id="bottom_0">
                <vehicle id="cfm-slow_0" pos="10.36" speed="13.56"/>
                <vehicle id="cfm-slow_1" pos="26.20" speed="13.56"/>
                <vehicle id="cfm-slow_2" pos="42.03" speed="13.56"/>
            </lane>
            <lane id="bottom_1"/>
        </edge>
        <edge id="left">
            <lane id="left_0">
                <vehicle id="cfm-fast_3" pos="3.51" speed="15.40"/>
                <vehicle id="cfm-fast_4" pos="19.44" speed="16.24"/>
            </lane>
            <lane id="left_1">
                <vehicle id="cfm-fast_5" pos="35.40" speed="16.64"/>
            </lane>
        </edge>
        <edge id="right">
            <lane id="right_0">
                <vehicle id="cfm-slow_3" pos="7.86" speed="13.57"/>
                <vehicle id="cfm-slow_4" pos="23.71" speed="13.65"/>
                <vehicle id="cfm-slow_5" pos="39.65" speed="14.11"/>
            </lane>
            <lane id="right_1"/>
        </edge>
        <edge id="top">
            <lane id="top_0">
                <vehicle id="cfm-fast_0" pos="6.09" speed="16.21"/>
                <vehicle id="cfm-fast_2" pos="37.67" speed="15.33"/>
            </lane>
            <lane id="top_1">
                <vehicle id="cfm-fast_1" pos="21.93" speed="16.21"/>
            </lane>
        </edge>
    </timestep>
    <timestep time="1.23">
        <edge id="bottom">
            <lane id="bottom_0">
                <vehicle id="cfm-slow_0" pos="10.50" speed="13.62"/>
                <vehicle id="cfm-slow_1" pos="26.33" speed="13.62"/>
                <vehicle id="cfm-slow_2" pos="42.17" speed="13.63"/>
            </lane>
            <lane id="bottom_1"/>
        </edge>
        <edge id="left">
            <lane id="left_0">
                <vehicle id="cfm-fast_3" pos="3.66" speed="15.50"/>
                <vehicle id="cfm-fast_4" pos="19.60" speed="16.38"/>
            </lane>
            <lane id="left_1">
                <vehicle id="cfm-fast_5" pos="35.57" speed="16.77"/>
            </lane>
        </edge>
        <edge id="right">
            <lane id="right_0">
                <vehicle id="cfm-slow_3" pos="8.00" speed="13.64"/>
                <vehicle id="cfm-slow_4" pos="23.85" speed="13.72"/>
                <vehicle id="cfm-slow_5" pos="39.79" speed="14.19"/>
            </lane>
            <lane id="right_1"/>
        </edge>
        <edge id="top">
            <lane id="top_0">
                <vehicle id="cfm-fast_0" pos="6.26" speed="16.34"/>
                <vehicle id="cfm-fast_2" pos="37.82" speed="15.41"/>
            </lane>
            <lane id="top_1">
                <vehicle id="cfm-fast_1" pos="22.09" speed="16.34"/>
            </lane>
        </edge>
    </timestep>
    <timestep time="1.24">
        <edge id="bottom">
            <lane id="bottom_0">
                <vehicle id="cfm-slow_0" pos="10.64" speed="13.69"/>
                <vehicle id="cfm-slow_1" pos="26.47" speed="13.69"/>
                <vehicle id="cfm-slow_2" pos="42.30" speed="13.69"/>
            </lane>
            <lane id="bottom_1"/>
        </edge>
        <edge id="left">
            <lane id="left_0">
                <vehicle id="cfm-fast_3" pos="3.82" speed="15.59"/>
                <vehicle id="cfm-fast_4" pos="19.77" speed="16.51"/>
            </lane>
            <lane id="left_1">
                <vehicle id="cfm-fast_5" pos="35.73" speed="16.91"/>
            </lane>
        </edge>
        <edge id="right">
            <lane id="right_0">
                <vehicle id="cfm-slow_3" pos="8.14" speed="13.70"/>
                <vehicle id="cfm-slow_4" pos="23.99" speed="13.79"/>
                <vehicle id="cfm-slow_5" pos="39.94" speed="14.28"/>
            </lane>
            <lane id="right_1"/>
        </edge>
        <edge id="top">
            <lane id="top_0">
                <vehicle id="cfm-fast_0" pos="6.42" speed="16.48"/>
                <vehicle id="cfm-fast_2" pos="37.98" speed="15.50"/>
            </lane>
            <lane id="top_1">
                <vehicle id="cfm-fast_1" pos="22.26" speed="16.48"/>
            </lane>
        </edge>
    </timestep>
    <timestep time="1.25">
        <edge id="bottom">
            <lane id="bottom_0">
                <vehicle id="cfm-slow_0" pos="10.77" speed="13.75"/>
                <vehicle id="cfm-slow_1" pos="26.61" speed="13.75"/>
                <vehicle id="cfm-slow_2" pos="42.44" speed="13.76"/>
            </lane>
            <lane id="bottom_1"/>
        </edge>
        <edge id="left">
            <lane id="left_0">
                <vehicle id="cfm-fast_3" pos="3.98" speed="15.69"/>
                <vehicle id="cfm-fast_4" pos="19.93" speed="16.65"/>
            </lane>
            <lane id="left_1">
                <vehicle id="cfm-fast_5" pos="35.91" speed="17.05"/>
            </lane>
        </edge>
        <edge id="right">
            <lane id="right_0">
                <vehicle id="cfm-slow_3" pos="8.28" speed="13.77"/>
                <vehicle id="cfm-slow_4" pos="24.13" speed="13.86"/>
                <vehicle id="cfm-slow_5" pos="40.08" speed="14.36"/>
            </lane>
            <lane id="right_1"/>
        </edge>
        <edge id="top">
            <lane id="top_0">
                <vehicle id="cfm-fast_0" pos="6.59" speed="16.62"/>
                <vehicle id="cfm-fast_2" pos="38.13" speed="15.59"/>
            </lane>
            <lane id="top_1">
                <vehicle id="cfm-fast_1" pos="22.42" speed="16.62"/>
            </lane>
        </edge>
    </timestep>
    <timestep time="1.26">
        <edge id="bottom">
            <lane id="bottom_0">
                <vehicle id="cfm-slow_0" pos="10.91" speed="13.82"/>
                <vehicle id="cfm-slow_1" pos="26.74" speed="13.82"/>
                <vehicle id="cfm-slow_2" pos="42.58" speed="13.82"/>
            </lane>
            <lane id="bottom_1"/>
        </edge>
        <edge id="left">
            <lane id="left_0">
                <vehicle id="cfm-fast_3" pos="4.13" speed="15.78"/>
                <vehicle id="cfm-fast_4" pos="20.10" speed="16.78"/>
            </lane>
            <lane id="left_1">
                <vehicle id="cfm-fast_5" pos="36.08" speed="17.18"/>
            </lane>
        </edge>
        <edge id="right">
            <lane id="right_0">
                <vehicle id="cfm-slow_3" pos="8.41" speed="13.83"/>
                <vehicle id="cfm-slow_4" pos="24.27" speed="13.93"/>
                <vehicle id="cfm-slow_5" pos="40.22" speed="14.45"/>
            </lane>
            <lane id="right_1"/>
        </edge>
        <edge id="top">
            <lane id="top_0">
                <vehicle id="cfm-fast_0" pos="6.76" speed="16.75"/>
                <vehicle id="cfm-fast_2" pos="38.29" speed="15.67"/>
            </lane>
            <lane id="top_1">
                <vehicle id="cfm-fast_1" pos="22.59" speed="16.75"/>
            </lane>
        </edge>
    </timestep>
    <timestep time="1.27">
        <edge id="bottom">
            <lane id="bottom_0">
                <vehicle id="cfm-slow_0" pos="11.05" speed="13.88"/>
                <vehicle id="cfm-slow_1" pos="26.88" speed="13.88"/>
                <vehicle id="cfm-slow_2" pos="42.72" speed="13.88"/>
            </lane>
            <lane id="bottom_1"/>
        </edge>
        <edge id="left">
            <lane id="left_0">
                <vehicle id="cfm-fast_3" pos="4.29" speed="15.87"/>
                <vehicle id="cfm-fast_4" pos="20.27" speed="16.92"/>
            </lane>
            <lane id="left_1">
                <vehicle id="cfm-fast_5" pos="36.25" speed="17.32"/>
            </lane>
        </edge>
        <edge id="right">
            <lane id="right_0">
                <vehicle id="cfm-slow_3" pos="8.55" speed="13.90"/>
                <vehicle id="cfm-slow_4" pos="24.41" speed="14.00"/>
                <vehicle id="cfm-slow_5" pos="40.37" speed="14.53"/>
            </lane>
            <lane id="right_1"/>
        </edge>
        <edge id="top">
            <lane id="top_0">
                <vehicle id="cfm-fast_0" pos="6.93" speed="16.89"/>
                <vehicle id="cfm-fast_2" pos="38.45" speed="15.76"/>
            </lane>
            <lane id="top_1">
                <vehicle id="cfm-fast_1" pos="22.76" speed="16.89"/>
            </lane>
        </edge>
    </timestep>
    <timestep time="1.28">
        <edge id="bottom">
            <lane id="bottom_0">
                <vehicle id="cfm-slow_0" pos="11.19" speed="13.95"/>
                <vehicle id="cfm-slow_1" pos="27.02" speed="13.95"/>
                <vehicle id="cfm-slow_2" pos="42.86" speed="13.95"/>
            </lane>
            <lane id="bottom_1"/>
        </edge>
        <edge id="left">
            <lane id="left_0">
                <vehicle id="cfm-fast_3" pos="4.45" speed="15.96"/>
                <vehicle id="cfm-fast_4" pos="20.44" speed="17.06"/>
            </lane>
            <lane id="left_1">
                <vehicle id="cfm-fast_5" pos="36.42" speed="17.45"/>
            </lane>
        </edge>
        <edge id="right">
            <lane id="right_0">
                <vehicle id="cfm-slow_3" pos="8.69" speed="13.96"/>
                <vehicle id="cfm-slow_4" pos="24.55" speed="14.07"/>
                <vehicle id="cfm-slow_5" pos="40.52" speed="14.62"/>
            </lane>
            <lane id="right_1"/>
        </edge>
        <edge id="top">
            <lane id="top_0">
                <vehicle id="cfm-fast_0" pos="7.10" speed="17.02"/>
                <vehicle id="cfm-fast_2" pos="38.61" speed="15.84"/>
            </lane>
            <lane id="top_1">
                <vehicle id="cfm-fast_1" pos="22.93" speed="17.02"/>
            </lane>
        </edge>
    </timestep>
    <timestep time="1.29">
        <edge id="bottom">
            <lane id="bottom_0">
                <vehicle id="cfm-slow_0" pos="11.33" speed="14.01"/>
                <vehicle id="cfm-slow_1" pos="27.16" speed="14.01"/>
                <vehicle id="cfm-slow_2" pos="43.00" speed="14.01"/>
            </lane>
            <lane id="bottom_1"/>
        </edge>
        <edge id="left">
            <lane id="left_0">
                <vehicle id="cfm-fast_3" pos="4.61" speed="16.06"/>
                <vehicle id="cfm-fast_4" pos="20.61" speed="17.19"/>
            </lane>
            <lane id="left_1">
                <vehicle id="cfm-fast_5" pos="36.60" speed="17.59"/>
            </lane>
        </edge>
        <edge id="right">
            <lane id="right_0">
                <vehicle id="cfm-slow_3" pos="8.83" speed="14.03"/>
                <vehicle id="cfm-slow_4" pos="24.69" speed="14.13"/>
                <vehicle id="cfm-slow_5" pos="40.66" speed="14.70"/>
            </lane>
            <lane id="right_1"/>
        </edge>
        <edge id="top">
            <lane id="top_0">
                <vehicle id="cfm-fast_0" pos="7.27" speed="17.16"/>
                <vehicle id="cfm-fast_2" pos="38.76" speed="15.92"/>
            </lane>
            <lane id="top_1">
                <vehicle id="cfm-fast_1" pos="23.10" speed="17.16"/>
            </lane>
        </edge>
    </timestep>
    <timestep time="1.30">
        <edge id="bottom">
            <lane id="bottom_0">
                <vehicle id="cfm-slow_0" pos="11.47" speed="14.07"/>
                <vehicle id="cfm-slow_1" pos="27.30" speed="14.07"/>
                <vehicle id="cfm-slow_2" pos="43.14" speed="14.07"/>
            </lane>
            <lane id="bottom_1"/>
        </edge>
        <edge id="left">
            <lane id="left_0">
                <vehicle id="cfm-fast_3" pos="4.77" speed="16.15"/>
                <vehicle id="cfm-fast_4" pos="20.79" speed="17.33"/>
            </lane>
            <lane id="left_1">
                <vehicle id="cfm-fast_5" pos="36.78" speed="17.73"/>
            </lane>
        </edge>
        <edge id="right">
            <lane id="right_0">
                <vehicle id="cfm-slow_3" pos="8.97" speed="14.09"/>
                <vehicle id="cfm-slow_4" pos="24.83" speed="14.20"/>
                <vehicle id="cfm-slow_5" pos="40.81" speed="14.79"/>
            </lane>
            <lane id="right_1"/>
        </edge>
        <edge id="top">
            <lane id="top_0">
                <vehicle id="cfm-fast_0" pos="7.44" speed="17.30"/>
                <vehicle id="cfm-fast_2" pos="38.92" speed="16.01"/>
            </lane>
            <lane id="top_1">
                <vehicle id="cfm-fast_1" pos="23.27" speed="17.30"/>
            </lane>
        </edge>
    </timestep>
    <timestep time="1.31">
        <edge id="bottom">
            <lane id="bottom_0">
                <vehicle id="cfm-slow_0" pos="11.61" speed="14.13"/>
                <vehicle id="cfm-slow_1" pos="27.44" speed="14.13"/>
                <vehicle id="cfm-slow_2" pos="43.28" speed="14.13"/>
            </lane>
            <lane id="bottom_1"/>
        </edge>
        <edge id="left">
            <lane id="left_0">
                <vehicle id="cfm-fast_3" pos="4.94" speed="16.24"/>
                <vehicle id="cfm-fast_4" pos="20.96" speed="17.47"/>
            </lane>
            <lane id="left_1">
                <vehicle id="cfm-fast_5" pos="36.96" speed="17.86"/>
            </lane>
        </edge>
        <edge id="right">
            <lane id="right_0">
                <vehicle id="cfm-slow_3" pos="9.11" speed="14.15"/>
                <vehicle id="cfm-slow_4" pos="24.97" speed="14.27"/>
                <vehicle id="cfm-slow_5" pos="40.96" speed="14.87"/>
            </lane>
            <lane id="right_1"/>
        </edge>
        <edge id="top">
            <lane id="top_0">
                <vehicle id="cfm-fast_0" pos="7.61" speed="17.43"/>
                <vehicle id="cfm-fast_2" pos="39.09" speed="16.09"/>
            </lane>
            <lane id="top_1">
                <vehicle id="cfm-fast_1" pos="23.45" speed="17.43"/>
            </lane>
        </edge>
    </timestep>
    <timestep time="1.32">
        <edge id="bottom">
            <lane id="bottom_0">
                <vehicle id="cfm-slow_0" pos="11.75" speed="14.19"/>
                <vehicle id="cfm-slow_1" pos="27.59" speed="14.19"/>
                <vehicle id="cfm-slow_2" pos="43.42" speed="14.20"/>
            </lane>
            <lane id="bottom_1"/>
        </edge>
        <edge id="left">
            <lane id="left_0">
                <vehicle id="cfm-fast_3" pos="5.10" speed="16.33"/>
                <vehicle id="cfm-fast_4" pos="21.14" speed="17.60"/>
            </lane>
            <lane id="left_1">
                <vehicle id="cfm-fast_5" pos="37.14" speed="18.00"/>
            </lane>
        </edge>
        <edge id="right">
            <lane id="right_0">
                <vehicle id="cfm-slow_3" pos="9.26" speed="14.21"/>
                <vehicle id="cfm-slow_4" pos="25.12" speed="14.34"/>
                <vehicle id="cfm-slow_5" pos="41.11" speed="14.96"/>
            </lane>
            <lane id="right_1"/>
        </edge>
        <edge id="top">
            <lane id="top_0">
                <vehicle id="cfm-fast_0" pos="7.79" speed="17.57"/>
                <vehicle id="cfm-fast_2" pos="39.25" speed="16.17"/>
            </lane>
            <lane id="top_1">
                <vehicle id="cfm-fast_1" pos="23.62" speed="17.57"/>
            </lane>
        </edge>
    </timestep>
    <timestep time="1.33">
        <edge id="bottom">
            <lane id="bottom_0">
                <vehicle id="cfm-slow_0" pos="11.90" speed="14.25"/>
                <vehicle id="cfm-slow_1" pos="27.73" speed="14.25"/>
                <vehicle id="cfm-slow_2" pos="43.56" speed="14.26"/>
            </lane>
            <lane id="bottom_1"/>
        </edge>
        <edge id="left">
            <lane id="left_0">
                <vehicle id="cfm-fast_3" pos="5.26" speed="16.42"/>
                <vehicle id="cfm-fast_4" pos="21.31" speed="17.74"/>
            </lane>
            <lane id="left_1">
                <vehicle id="cfm-fast_5" pos="37.32" speed="18.14"/>
            </lane>
        </edge>
        <edge id="right">
            <lane id="right_0">
                <vehicle id="cfm-slow_3" pos="9.40" speed="14.28"/>
                <vehicle id="cfm-slow_4" pos="25.26" speed="14.40"/>
                <vehicle id="cfm-slow_5" pos="41.26" speed="15.04"/>
            </lane>
            <lane id="right_1"/>
        </edge>
        <edge id="top">
            <lane id="top_0">
                <vehicle id="cfm-fast_0" pos="7.97" speed="17.71"/>
                <vehicle id="cfm-fast_2" pos="39.41" speed="16.25"/>
            </lane>
            <lane id="top_1">
                <vehicle id="cfm-fast_1" pos="23.80" speed="17.71"/>
            </lane>
        </edge>
    </timestep>
    <timestep time="1.34">
        <edge id="bottom">
            <lane id="bottom_0">
                <vehicle id="cfm-slow_0" pos="12.04" speed="14.31"/>
                <vehicle id="cfm-slow_1" pos="27.87" speed="14.31"/>
                <vehicle id="cfm-slow_2" pos="43.71" speed="14.32"/>
            </lane>
            <lane id="bottom_1"/>
        </edge>
        <edge id="left">
            <lane id="left_0">
                <vehicle id="cfm-fast_3" pos="5.43" speed="16.51"/>
                <vehicle id="cfm-fast_4" pos="21.49" speed="17.88"/>
            </lane>
            <lane id="left_1">
                <vehicle id="cfm-fast_5" pos="37.50" speed="18.27"/>
            </lane>
        </edge>
        <edge id="right">
            <lane id="right_0">
                <vehicle id="cfm-slow_3" pos="9.54" speed="14.34"/>
                <vehicle id="cfm-slow_4" pos="25.40" speed="14.47"/>
                <vehicle id="cfm-slow_5" pos="41.41" speed="15.13"/>
            </lane>
            <lane id="right_1"/>
        </edge>
        <edge id="top">
            <lane id="top_0">
                <vehicle id="cfm-fast_0" pos="8.15" speed="17.84"/>
                <vehicle id="cfm-fast_2" pos="39.57" speed="16.33"/>
            </lane>
            <lane id="top_1">
                <vehicle id="cfm-fast_1" pos="23.98" speed="17.84"/>
            </lane>
        </edge>
    </timestep>
    <timestep time="1.35">
        <edge id="bottom">
            <lane id="bottom_0">
                <vehicle id="cfm-slow_0" pos="12.18" speed="14.37"/>
                <vehicle id="cfm-slow_1" pos="28.02" speed="14.37"/>
                <vehicle id="cfm-slow_2" pos="43.85" speed="14.38"/>
            </lane>
            <lane id="bottom_1"/>
        </edge>
        <edge id="left">
            <lane id="left_0">
                <vehicle id="cfm-fast_3" pos="5.59" speed="16.60"/>
                <vehicle id="cfm-fast_4" pos="21.67" speed="18.01"/>
            </lane>
            <lane id="left_1">
                <vehicle id="cfm-fast_5" pos="37.68" speed="18.41"/>
            </lane>
        </edge>
        <edge id="right">
            <lane id="right_0">
                <vehicle id="cfm-slow_3" pos="9.69" speed="14.40"/>
                <vehicle id="cfm-slow_4" pos="25.55" speed="14.53"/>
                <vehicle id="cfm-slow_5" pos="41.56" speed="15.21"/>
            </lane>
            <lane id="right_1"/>
        </edge>
        <edge id="top">
            <lane id="top_0">
                <vehicle id="cfm-fast_0" pos="8.33" speed="17.98"/>
                <vehicle id="cfm-fast_2" pos="39.74" speed="16.41"/>
            </lane>
            <lane id="top_1">
                <vehicle id="cfm-fast_1" pos="24.16" speed="17.98"/>
            </lane>
        </edge>
    </timestep>
    <timestep time="1.36">
        <edge id="bottom">
            <lane id="bottom_0">
                <vehicle id="cfm-slow_0" pos="12.33" speed="14.43"/>
                <vehicle id="cfm-slow_1" pos="28.16" speed="14.43"/>
                <vehicle id="cfm-slow_2" pos="43.99" speed="14.43"/>
            </lane>
            <lane id="bottom_1"/>
        </edge>
        <edge id="left">
            <lane id="left_0">
                <vehicle id="cfm-fast_3" pos="5.76" speed="16.69"/>
                <vehicle id="cfm-fast_4" pos="21.85" speed="18.15"/>
            </lane>
            <lane id="left_1">
                <vehicle id="cfm-fast_5" pos="37.87" speed="18.55"/>
            </lane>
        </edge>
        <edge id="right">
            <lane id="right_0">
                <vehicle id="cfm-slow_3" pos="9.83" speed="14.46"/>
                <vehicle id="cfm-slow_4" pos="25.70" speed="14.60"/>
                <vehicle id="cfm-slow_5" pos="41.72" speed="15.30"/>
            </lane>
            <lane id="right_1"/>
        </edge>
        <edge id="top">
            <lane id="top_0">
                <vehicle id="cfm-fast_0" pos="8.51" speed="18.12"/>
                <vehicle id="cfm-fast_2" pos="39.90" speed="16.49"/>
            </lane>
            <lane id="top_1">
                <vehicle id="cfm-fast_1" pos="24.34" speed="18.12"/>
            </lane>
        </edge>
    </timestep>
    <timestep time="1.37">
        <edge id="bottom">
            <lane id="bottom_0">
                <vehicle id="cfm-slow_0" pos="12.47" speed="14.49"/>
                <vehicle id="cfm-slow_1" pos="28.31" speed="14.49"/>
                <vehicle id="cfm-slow_2" pos="44.14" speed="14.49"/>
            </lane>
            <lane id="bottom_1"/>
        </edge>
        <edge id="left">
            <lane id="left_0">
                <vehicle id="cfm-fast_3" pos="5.93" speed="16.78"/>
                <vehicle id="cfm-fast_4" pos="22.04" speed="18.28"/>
            </lane>
            <lane id="left_1">
                <vehicle id="cfm-fast_5" pos="38.06" speed="18.68"/>
            </lane>
        </edge>
        <edge id="right">
            <lane id="right_0">
                <vehicle id="cfm-slow_3" pos="9.98" speed="14.52"/>
                <vehicle id="cfm-slow_4" pos="25.84" speed="14.66"/>
                <vehicle id="cfm-slow_5" pos="41.87" speed="15.38"/>
            </lane>
            <lane id="right_1"/>
        </edge>
        <edge id="top">
            <lane id="top_0">
                <vehicle id="cfm-fast_0" pos="8.69" speed="18.25"/>
                <vehicle id="cfm-fast_2" pos="40.07" speed="16.56"/>
            </lane>
            <lane id="top_1">
                <vehicle id="cfm-fast_1" pos="24.52" speed="18.25"/>
            </lane>
        </edge>
    </timestep>
    <timestep time="1.38">
        <edge id="bottom">
            <lane id="bottom_0">
                <vehicle id="cfm-slow_0" pos="12.62" speed="14.55"/>
                <vehicle id="cfm-slow_1" pos="28.45" speed="14.55"/>
                <vehicle id="cfm-slow_2" pos="44.28" speed="14.55"/>
            </lane>
            <lane id="bottom_1"/>
        </edge>
        <edge id="left">
            <lane id="left_0">
                <vehicle id="cfm-fast_3" pos="6.10" speed="16.87"/>
                <vehicle id="cfm-fast_4" pos="22.22" speed="18.42"/>
            </lane>
            <lane id="left_1">
                <vehicle id="cfm-fast_5" pos="38.25" speed="18.82"/>
            </lane>
        </edge>
        <edge id="right">
            <lane id="right_0">
                <vehicle id="cfm-slow_3" pos="10.12" speed="14.58"/>
                <vehicle id="cfm-slow_4" pos="25.99" speed="14.73"/>
                <vehicle id="cfm-slow_5" pos="42.02" speed="15.47"/>
            </lane>
            <lane id="right_1"/>
        </edge>
        <edge id="top">
            <lane id="top_0">
                <vehicle id="cfm-fast_0" pos="8.87" speed="18.39"/>
                <vehicle id="cfm-fast_2" pos="40.23" speed="16.64"/>
            </lane>
            <lane id="top_1">
                <vehicle id="cfm-fast_1" pos="24.71" speed="18.39"/>
            </lane>
        </edge>
    </timestep>
    <timestep time="1.39">
        <edge id="bottom">
            <lane id="bottom_0">
                <vehicle id="cfm-slow_0" pos="12.76" speed="14.60"/>
                <vehicle id="cfm-slow_1" pos="28.60" speed="14.60"/>
                <vehicle id="cfm-slow_2" pos="44.43" speed="14.61"/>
            </lane>
            <lane id="bottom_1"/>
        </edge>
        <edge id="left">
            <lane id="left_0">
                <vehicle id="cfm-fast_3" pos="6.27" speed="16.96"/>
                <vehicle id="cfm-fast_4" pos="22.41" speed="18.56"/>
            </lane>
            <lane id="left_1">
                <vehicle id="cfm-fast_5" pos="38.43" speed="18.95"/>
            </lane>
        </edge>
        <edge id="right">
            <lane id="right_0">
                <vehicle id="cfm-slow_3" pos="10.27" speed="14.63"/>
                <vehicle id="cfm-slow_4" pos="26.14" speed="14.79"/>
                <vehicle id="cfm-slow_5" pos="42.18" speed="15.55"/>
            </lane>
            <lane id="right_1"/>
        </edge>
        <edge id="top">
            <lane id="top_0">
                <vehicle id="cfm-fast_0" pos="9.06" speed="18.52"/>
                <vehicle id="cfm-fast_2" pos="40.40" speed="16.72"/>
            </lane>
            <lane id="top_1">
                <vehicle id="cfm-fast_1" pos="24.89" speed="18.52"/>
            </lane>
        </edge>
    </timestep>
    <timestep time="1.40">
        <edge id="bottom">
            <lane id="bottom_0">
                <vehicle id="cfm-slow_0" pos="12.91" speed="14.66"/>
                <vehicle id="cfm-slow_1" pos="28.74" speed="14.66"/>
                <vehicle id="cfm-slow_2" pos="44.58" speed="14.66"/>
            </lane>
            <lane id="bottom_1"/>
        </edge>
        <edge id="left">
            <lane id="left_0">
                <vehicle id="cfm-fast_3" pos="6.44" speed="17.05"/>
                <vehicle id="cfm-fast_4" pos="22.59" speed="18.69"/>
            </lane>
            <lane id="left_1">
                <vehicle id="cfm-fast_5" pos="38.63" speed="19.09"/>
            </lane>
        </edge>
        <edge id="right">
            <lane id="right_0">
                <vehicle id="cfm-slow_3" pos="10.42" speed="14.69"/>
                <vehicle id="cfm-slow_4" pos="26.29" speed="14.85"/>
                <vehicle id="cfm-slow_5" pos="42.34" speed="15.64"/>
            </lane>
            <lane id="right_1"/>
        </edge>
        <edge id="top">
            <lane id="top_0">
                <vehicle id="cfm-fast_0" pos="9.24" speed="18.66"/>
                <vehicle id="cfm-fast_2" pos="40.57" speed="16.79"/>
            </lane>
            <lane id="top_1">
                <vehicle id="cfm-fast_1" pos="25.08" speed="18.66"/>
            </lane>
        </edge>
    </timestep>
    <timestep time="1.41">
        <edge id="bottom">
            <lane id="bottom_0">
                <vehicle id="cfm-slow_0" pos="13.06" speed="14.72"/>
                <vehicle id="cfm-slow_1" pos="28.89" speed="14.72"/>
                <vehicle id="cfm-slow_2" pos="44.72" speed="14.72"/>
            </lane>
            <lane id="bottom_1"/>
        </edge>
        <edge id="left">
            <lane id="left_0">
                <vehicle id="cfm-fast_3" pos="6.61" speed="17.14"/>
                <vehicle id="cfm-fast_4" pos="22.78" speed="18.83"/>
            </lane>
            <lane id="left_1">
                <vehicle id="cfm-fast_5" pos="38.82" speed="19.23"/>
            </lane>
        </edge>
        <edge id="right">
            <lane id="right_0">
                <vehicle id="cfm-slow_3" pos="10.56" speed="14.75"/>
                <vehicle id="cfm-slow_4" pos="26.43" speed="14.92"/>
                <vehicle id="cfm-slow_5" pos="42.49" speed="15.72"/>
            </lane>
            <lane id="right_1"/>
        </edge>
        <edge id="top">
            <lane id="top_0">
                <vehicle id="cfm-fast_0" pos="9.43" speed="18.80"/>
                <vehicle id="cfm-fast_2" pos="40.74" speed="16.87"/>
            </lane>
            <lane id="top_1">
                <vehicle id="cfm-fast_1" pos="25.27" speed="18.80"/>
            </lane>
        </edge>
    </timestep>
    <timestep time="1.42">
        <edge id="bottom">
            <lane id="bottom_0">
                <vehicle id="cfm-slow_0" pos="13.20" speed="14.77"/>
                <vehicle id="cfm-slow_1" pos="29.04" speed="14.77"/>
                <vehicle id="cfm-slow_2" pos="44.87" speed="14.78"/>
            </lane>
            <lane id="bottom_1"/>
        </edge>
        <edge id="left">
            <lane id="left_0">
                <vehicle id="cfm-fast_3" pos="6.78" speed="17.22"/>
                <vehicle id="cfm-fast_4" pos="22.97" speed="18.97"/>
            </lane>
            <lane id="left_1">
                <vehicle id="cfm-fast_5" pos="39.01" speed="19.36"/>
            </lane>
        </edge>
        <edge id="right">
            <lane id="right_0">
                <vehicle id="cfm-slow_3" pos="10.71" speed="14.81"/>
                <vehicle id="cfm-slow_4" pos="26.58" speed="14.98"/>
                <vehicle id="cfm-slow_5" pos="42.65" speed="15.81"/>
            </lane>
            <lane id="right_1"/>
        </edge>
        <edge id="top">
            <lane id="top_0">
                <vehicle id="cfm-fast_0" pos="9.62" speed="18.93"/>
                <vehicle id="cfm-fast_2" pos="40.91" speed="16.95"/>
            </lane>
            <lane id="top_1">
                <vehicle id="cfm-fast_1" pos="25.46" speed="18.93"/>
            </lane>
        </edge>
    </timestep>
    <timestep time="1.43">
        <edge id="bottom">
            <lane id="bottom_0">
                <vehicle id="cfm-slow_0" pos="13.35" speed="14.83"/>
                <vehicle id="cfm-slow_1" pos="29.19" speed="14.83"/>
                <vehicle id="cfm-slow_2" pos="45.02" speed="14.83"/>
            </lane>
            <lane id="bottom_1"/>
        </edge>
        <edge id="left">
            <lane id="left_0">
                <vehicle id="cfm-fast_3" pos="6.95" speed="17.31"/>
                <vehicle id="cfm-fast_4" pos="23.16" speed="19.10"/>
            </lane>
            <lane id="left_1">
                <vehicle id="cfm-fast_5" pos="39.21" speed="19.50"/>
            </lane>
        </edge>
        <edge id="right">
            <lane id="right_0">
                <vehicle id="cfm-slow_3" pos="10.86" speed="14.86"/>
                <vehicle id="cfm-slow_4" pos="26.74" speed="15.04"/>
                <vehicle id="cfm-slow_5" pos="42.81" speed="15.89"/>
            </lane>
            <lane id="right_1"/>
        </edge>
        <edge id="top">
            <lane id="top_0">
                <vehicle id="cfm-fast_0" pos="9.81" speed="19.07"/>
                <vehicle id="cfm-fast_2" pos="41.08" speed="17.02"/>
            </lane>
            <lane id="top_1">
                <vehicle id="cfm-fast_1" pos="25.65" speed="19.07"/>
            </lane>
        </edge>
    </timestep>
    <timestep time="1.44">
        <edge id="bottom">
            <lane id="bottom_0">
                <vehicle id="cfm-slow_0" pos="13.50" speed="14.88"/>
                <vehicle id="cfm-slow_1" pos="29.34" speed="14.88"/>
                <vehicle id="cfm-slow_2" pos="45.17" speed="14.89"/>
            </lane>
            <lane id="bottom_1"/>
        </edge>
        <edge id="left">
            <lane id="left_0">
                <vehicle id="cfm-fast_3" pos="7.13" speed="17.40"/>
                <vehicle id="cfm-fast_4" pos="23.36" speed="19.24"/>
            </lane>
            <lane id="left_1">
                <vehicle id="cfm-fast_5" pos="39.40" speed="19.64"/>
            </lane>
        </edge>
        <edge id="right">
            <lane id="right_0">
                <vehicle id="cfm-slow_3" pos="11.01" speed="14.92"/>
                <vehicle id="cfm-slow_4" pos="26.89" speed="15.11"/>
                <vehicle id="cfm-slow_5" pos="42.97" speed="15.97"/>
            </lane>
            <lane id="right_1"/>
        </edge>
        <edge id="top">
            <lane id="top_0">
                <vehicle id="cfm-fast_0" pos="10.00" speed="19.21"/>
                <vehicle id="cfm-fast_2" pos="41.25" speed="17.09"/>
            </lane>
            <lane id="top_1">
                <vehicle id="cfm-fast_1" pos="25.84" speed="19.21"/>
            </lane>
        </edge>
    </timestep>
    <timestep time="1.45">
        <edge id="bottom">
            <lane id="bottom_0">
                <vehicle id="cfm-slow_0" pos="13.65" speed="14.94"/>
                <vehicle id="cfm-slow_1" pos="29.48" speed="14.94"/>
                <vehicle id="cfm-slow_2" pos="45.32" speed="14.94"/>
            </lane>
            <lane id="bottom_1"/>
        </edge>
        <edge id="left">
            <lane id="left_0">
                <vehicle id="cfm-fast_3" pos="7.30" speed="17.49"/>
                <vehicle id="cfm-fast_4" pos="23.55" speed="19.38"/>
            </lane>
            <lane id="left_1">
                <vehicle id="cfm-fast_5" pos="39.60" speed="19.77"/>
            </lane>
        </edge>
        <edge id="right">
            <lane id="right_0">
                <vehicle id="cfm-slow_3" pos="11.16" speed="14.98"/>
                <vehicle id="cfm-slow_4" pos="27.04" speed="15.17"/>
                <vehicle id="cfm-slow_5" pos="43.13" speed="16.06"/>
            </lane>
            <lane id="right_1"/>
        </edge>
        <edge id="top">
            <lane id="top_0">
                <vehicle id="cfm-fast_0" pos="10.20" speed="19.34"/>
                <vehicle id="cfm-fast_2" pos="41.42" speed="17.17"/>
            </lane>
            <lane id="top_1">
                <vehicle id="cfm-fast_1" pos="26.03" speed="19.34"/>
            </lane>
        </edge>
    </timestep>
    <timestep time="1.46">
        <edge id="bottom">
            <lane id="bottom_0">
                <vehicle id="cfm-slow_0" pos="13.80" speed="14.99"/>
                <vehicle id="cfm-slow_1" pos="29.63" speed="14.99"/>
                <vehicle id="cfm-slow_2" pos="45.47" speed="15.00"/>
            </lane>
            <lane id="bottom_1"/>
        </edge>
        <edge id="left">
            <lane id="left_0">
                <vehicle id="cfm-fast_3" pos="7.48" speed="17.58"/>
                <vehicle id="cfm-fast_4" pos="23.74" speed="19.51"/>
            </lane>
            <lane id="left_1">
                <vehicle id="cfm-fast_5" pos="39.80" speed="19.91"/>
            </lane>
        </edge>
        <edge id="right">
            <lane id="right_0">
                <vehicle id="cfm-slow_3" pos="11.31" speed="15.03"/>
                <vehicle id="cfm-slow_4" pos="27.19" speed="15.23"/>
                <vehicle id="cfm-slow_5" pos="43.29" speed="16.14"/>
            </lane>
            <lane id="right_1"/>
        </edge>
        <edge id="top">
            <lane id="top_0">
                <vehicle id="cfm-fast_0" pos="10.39" speed="19.48"/>
                <vehicle id="cfm-fast_2" pos="41.59" speed="17.24"/>
            </lane>
            <lane id="top_1">
                <vehicle id="cfm-fast_1" pos="26.23" speed="19.48"/>
            </lane>
        </edge>
    </timestep>
    <timestep time="1.47">
        <edge id="bottom">
            <lane id="bottom_0">
                <vehicle id="cfm-slow_0" pos="13.95" speed="15.04"/>
                <vehicle id="cfm-slow_1" pos="29.78" speed="15.04"/>
                <vehicle id="cfm-slow_2" pos="45.62" speed="15.05"/>
            </lane>
            <lane id="bottom_1"/>
        </edge>
        <edge id="left">
            <lane id="left_0">
                <vehicle id="cfm-fast_3" pos="7.66" speed="17.66"/>
                <vehicle id="cfm-fast_4" pos="23.94" speed="19.65"/>
            </lane>
            <lane id="left_1">
                <vehicle id="cfm-fast_5" pos="40.00" speed="20.05"/>
            </lane>
        </edge>
        <edge id="right">
            <lane id="right_0">
                <vehicle id="cfm-slow_3" pos="11.46" speed="15.09"/>
                <vehicle id="cfm-slow_4" pos="27.34" speed="15.29"/>
                <vehicle id="cfm-slow_5" pos="43.45" speed="16.23"/>
            </lane>
            <lane id="right_1"/>
        </edge>
        <edge id="top">
            <lane id="top_0">
                <vehicle id="cfm-fast_0" pos="10.59" speed="19.62"/>
                <vehicle id="cfm-fast_2" pos="41.77" speed="17.31"/>
            </lane>
            <lane id="top_1">
                <vehicle id="cfm-fast_1" pos="26.42" speed="19.62"/>
            </lane>
        </edge>
    </timestep>
    <timestep time="1.48">
        <edge id="bottom">
            <lane id="bottom_0">
                <vehicle id="cfm-slow_0" pos="14.10" speed="15.10"/>
                <vehicle id="cfm-slow_1" pos="29.94" speed="15.10"/>
                <vehicle id="cfm-slow_2" pos="45.77" speed="15.10"/>
            </lane>
            <lane id="bottom_1"/>
        </edge>
        <edge id="left">
            <lane id="left_0">
                <vehicle id="cfm-fast_3" pos="7.83" speed="17.75"/>
                <vehicle id="cfm-fast_4" pos="24.14" speed="19.78"/>
            </lane>
            <lane id="left_1">
                <vehicle id="cfm-fast_5" pos="40.20" speed="20.18"/>
            </lane>
        </edge>
        <edge id="right">
            <lane id="right_0">
                <vehicle id="cfm-slow_3" pos="11.61" speed="15.14"/>
                <vehicle id="cfm-slow_4" pos="27.50" speed="15.35"/>
                <vehicle id="cfm-slow_5" pos="43.62" speed="16.31"/>
            </lane>
            <lane id="right_1"/>
        </edge>
        <edge id="top">
            <lane id="top_0">
                <vehicle id="cfm-fast_0" pos="10.79" speed="19.75"/>
                <vehicle id="cfm-fast_2" pos="41.94" speed="17.39"/>
            </lane>
            <lane id="top_1">
                <vehicle id="cfm-fast_1" pos="26.62" speed="19.75"/>
            </lane>
        </edge>
    </timestep>
    <timestep time="1.49">
        <edge id="bottom">
            <lane id="bottom_0">
                <vehicle id="cfm-slow_0" pos="14.25" speed="15.15"/>
                <vehicle id="cfm-slow_1" pos="30.09" speed="15.15"/>
                <vehicle id="cfm-slow_2" pos="45.92" speed="15.15"/>
            </lane>
            <lane id="bottom_1"/>
        </edge>
        <edge id="left">
            <lane id="left_0">
                <vehicle id="cfm-fast_3" pos="8.01" speed="17.84"/>
                <vehicle id="cfm-fast_4" pos="24.34" speed="19.92"/>
            </lane>
            <lane id="left_1">
                <vehicle id="cfm-fast_5" pos="40.41" speed="20.32"/>
            </lane>
        </edge>
        <edge id="right">
            <lane id="right_0">
                <vehicle id="cfm-slow_3" pos="11.76" speed="15.20"/>
                <vehicle id="cfm-slow_4" pos="27.65" speed="15.42"/>
                <vehicle id="cfm-slow_5" pos="43.78" speed="16.40"/>
            </lane>
            <lane id="right_1"/>
        </edge>
        <edge id="top">
            <lane id="top_0">
                <vehicle id="cfm-fast_0" pos="10.99" speed="19.89"/>
                <vehicle id="cfm-fast_2" pos="42.11" speed="17.46"/>
            </lane>
            <lane id="top_1">
                <vehicle id="cfm-fast_1" pos="26.82" speed="19.89"/>
            </lane>
        </edge>
    </timestep>
    <timestep time="1.50">
        <edge id="bottom">
            <lane id="bottom_0">
                <vehicle id="cfm-slow_0" pos="14.41" speed="15.20"/>
                <vehicle id="cfm-slow_1" pos="30.24" speed="15.20"/>
                <vehicle id="cfm-slow_2" pos="46.07" speed="15.21"/>
            </lane>
            <lane id="bottom_1"/>
        </edge>
        <edge id="left">
            <lane id="left_0">
                <vehicle id="cfm-fast_3" pos="8.19" speed="17.93"/>
                <vehicle id="cfm-fast_4" pos="24.54" speed="20.06"/>
            </lane>
            <lane id="left_1">
                <vehicle id="cfm-fast_5" pos="40.61" speed="20.45"/>
            </lane>
        </edge>
        <edge id="right">
            <lane id="right_0">
                <vehicle id="cfm-slow_3" pos="11.92" speed="15.25"/>
                <vehicle id="cfm-slow_4" pos="27.81" speed="15.48"/>
                <vehicle id="cfm-slow_5" pos="43.95" speed="16.48"/>
            </lane>
            <lane id="right_1"/>
        </edge>
        <edge id="top">
            <lane id="top_0">
                <vehicle id="cfm-fast_0" pos="11.19" speed="20.02"/>
                <vehicle id="cfm-fast_2" pos="42.29" speed="17.53"/>
            </lane>
            <lane id="top_1">
                <vehicle id="cfm-fast_1" pos="27.02" speed="20.02"/>
            </lane>
        </edge>
    </timestep>
    <timestep time="1.51">
        <edge id="bottom">
            <lane id="bottom_0">
                <vehicle id="cfm-slow_0" pos="14.56" speed="15.25"/>
                <vehicle id="cfm-slow_1" pos="30.39" speed="15.25"/>
                <vehicle id="cfm-slow_2" pos="46.23" speed="15.26"/>
            </lane>
            <lane id="bottom_1"/>
        </edge>
        <edge id="left">
            <lane id="left_0">
                <vehicle id="cfm-fast_3" pos="8.37" speed="18.01"/>
                <vehicle id="cfm-fast_4" pos="24.74" speed="20.19"/>
            </lane>
            <lane id="left_1">
                <vehicle id="cfm-fast_5" pos="40.82" speed="20.59"/>
            </lane>
        </edge>
        <edge id="right">
            <lane id="right_0">
                <vehicle id="cfm-slow_3" pos="12.07" speed="15.30"/>
                <vehicle id="cfm-slow_4" pos="27.96" speed="15.54"/>
                <vehicle id="cfm-slow_5" pos="44.11" speed="16.57"/>
            </lane>
            <lane id="right_1"/>
        </edge>
        <edge id="top">
            <lane id="top_0">
                <vehicle id="cfm-fast_0" pos="11.39" speed="20.16"/>
                <vehicle id="cfm-fast_2" pos="42.47" speed="17.60"/>
            </lane>
            <lane id="top_1">
                <vehicle id="cfm-fast_1" pos="27.22" speed="20.16"/>
            </lane>
        </edge>
    </timestep>
    <timestep time="1.52">
        <edge id="bottom">
            <lane id="bottom_0">
                <vehicle id="cfm-slow_0" pos="14.71" speed="15.30"/>
                <vehicle id="cfm-slow_1" pos="30.54" speed="15.30"/>
                <vehicle id="cfm-slow_2" pos="46.38" speed="15.31"/>
            </lane>
            <lane id="bottom_1"/>
        </edge>
        <edge id="left">
            <lane id="left_0">
                <vehicle id="cfm-fast_3" pos="8.55" speed="18.10"/>
                <vehicle id="cfm-fast_4" pos="24.94" speed="20.33"/>
            </lane>
            <lane id="left_1">
                <vehicle id="cfm-fast_5" pos="41.02" speed="20.73"/>
            </lane>
        </edge>
        <edge id="right">
            <lane id="right_0">
                <vehicle id="cfm-slow_3" pos="12.22" speed="15.36"/>
                <vehicle id="cfm-slow_4" pos="28.12" speed="15.60"/>
                <vehicle id="cfm-slow_5" pos="44.28" speed="16.65"/>
            </lane>
            <lane id="right_1"/>
        </edge>
        <edge id="top">
            <lane id="top_0">
                <vehicle id="cfm-fast_0" pos="11.59" speed="20.30"/>
                <vehicle id="cfm-fast_2" pos="42.64" speed="17.67"/>
            </lane>
            <lane id="top_1">
                <vehicle id="cfm-fast_1" pos="27.42" speed="20.30"/>
            </lane>
        </edge>
    </timestep>
    <timestep time="1.53">
        <edge id="bottom">
            <lane id="bottom_0">
                <vehicle id="cfm-slow_0" pos="14.87" speed="15.35"/>
                <vehicle id="cfm-slow_1" pos="30.70" speed="15.35"/>
                <vehicle id="cfm-slow_2" pos="46.53" speed="15.36"/>
            </lane>
            <lane id="bottom_1"/>
        </edge>
        <edge id="left">
            <lane id="left_0">
                <vehicle id="cfm-fast_3" pos="8.73" speed="18.19"/>
                <vehicle id="cfm-fast_4" pos="25.15" speed="20.47"/>
            </lane>
            <lane id="left_1">
                <vehicle id="cfm-fast_5" pos="41.23" speed="20.86"/>
            </lane>
        </edge>
        <edge id="right">
            <lane id="right_0">
                <vehicle id="cfm-slow_3" pos="12.38" speed="15.41"/>
                <vehicle id="cfm-slow_4" pos="28.27" speed="15.66"/>
                <vehicle id="cfm-slow_5" pos="44.45" speed="16.74"/>
            </lane>
            <lane id="right_1"/>
        </edge>
        <edge id="top">
            <lane id="top_0">
                <vehicle id="cfm-fast_0" pos="11.79" speed="20.43"/>
                <vehicle id="cfm-fast_2" pos="42.82" speed="17.74"/>
            </lane>
            <lane id="top_1">
                <vehicle id="cfm-fast_1" pos="27.63" speed="20.43"/>
            </lane>
        </edge>
    </timestep>
    <timestep time="1.54">
        <edge id="bottom">
            <lane id="bottom_0">
                <vehicle id="cfm-slow_0" pos="15.02" speed="15.40"/>
                <vehicle id="cfm-slow_1" pos="30.85" speed="15.40"/>
                <vehicle id="cfm-slow_2" pos="46.69" speed="15.41"/>
            </lane>
            <lane id="bottom_1"/>
        </edge>
        <edge id="left">
            <lane id="left_0">
                <vehicle id="cfm-fast_3" pos="8.92" speed="18.27"/>
                <vehicle id="cfm-fast_4" pos="25.35" speed="20.60"/>
            </lane>
            <lane id="left_1">
                <vehicle id="cfm-fast_5" pos="41.44" speed="21.00"/>
            </lane>
        </edge>
        <edge id="right">
            <lane id="right_0">
                <vehicle id="cfm-slow_3" pos="12.53" speed="15.46"/>
                <vehicle id="cfm-slow_4" pos="28.43" speed="15.72"/>
                <vehicle id="cfm-slow_5" pos="44.61" speed="16.82"/>
            </lane>
            <lane id="right_1"/>
        </edge>
        <edge id="top">
            <lane id="top_0">
                <vehicle id="cfm-fast_0" pos="12.00" speed="20.57"/>
                <vehicle id="cfm-fast_2" pos="43.00" speed="17.81"/>
            </lane>
            <lane id="top_1">
                <vehicle id="cfm-fast_1" pos="27.83" speed="20.57"/>
            </lane>
        </edge>
    </timestep>
    <timestep time="1.55">
        <edge id="bottom">
            <lane id="bottom_0">
                <vehicle id="cfm-slow_0" pos="15.17" speed="15.45"/>
                <vehicle id="cfm-slow_1" pos="31.01" speed="15.45"/>
                <vehicle id="cfm-slow_2" pos="46.84" speed="15.46"/>
            </lane>
            <lane id="bottom_1"/>
        </edge>
        <edge id="left">
            <lane id="left_0">
                <vehicle id="cfm-fast_3" pos="9.10" speed="18.36"/>
                <vehicle id="cfm-fast_4" pos="25.56" speed="20.74"/>
            </lane>
            <lane id="left_1">
                <vehicle id="cfm-fast_5" pos="41.65" speed="21.14"/>
            </lane>
        </edge>
        <edge id="right">
            <lane id="right_0">
                <vehicle id="cfm-slow_3" pos="12.69" speed="15.51"/>
                <vehicle id="cfm-slow_4" pos="28.59" speed="15.78"/>
                <vehicle id="cfm-slow_5" pos="44.78" speed="16.90"/>
            </lane>
            <lane id="right_1"/>
        </edge>
        <edge id="top">
            <lane id="top_0">
                <vehicle id="cfm-fast_0" pos="12.21" speed="20.71"/>
                <vehicle id="cfm-fast_2" pos="43.18" speed="17.88"/>
            </lane>
            <lane id="top_1">
                <vehicle id="cfm-fast_1" pos="28.04" speed="20.71"/>
            </lane>
        </edge>
    </timestep>
    <timestep time="1.56">
        <edge id="bottom">
            <lane id="bottom_0">
                <vehicle id="cfm-slow_0" pos="15.33" speed="15.50"/>
                <vehicle id="cfm-slow_1" pos="31.16" speed="15.50"/>
                <vehicle id="cfm-slow_2" pos="47.00" speed="15.51"/>
            </lane>
            <lane id="bottom_1"/>
        </edge>
        <edge id="left">
            <lane id="left_0">
                <vehicle id="cfm-fast_3" pos="9.28" speed="18.44"/>
                <vehicle id="cfm-fast_4" pos="25.77" speed="20.88"/>
            </lane>
            <lane id="left_1">
                <vehicle id="cfm-fast_5" pos="41.87" speed="21.27"/>
            </lane>
        </edge>
        <edge id="right">
            <lane id="right_0">
                <vehicle id="cfm-slow_3" pos="12.84" speed="15.56"/>
                <vehicle id="cfm-slow_4" pos="28.75" speed="15.84"/>
                <vehicle id="cfm-slow_5" pos="44.95" speed="16.99"/>
            </lane>
            <lane id="right_1"/>
        </edge>
        <edge id="top">
            <lane id="top_0">
                <vehicle id="cfm-fast_0" pos="12.42" speed="20.84"/>
                <vehicle id="cfm-fast_2" pos="43.36" speed="17.95"/>
            </lane>
            <lane id="top_1">
                <vehicle id="cfm-fast_1" pos="28.25" speed="20.84"/>
            </lane>
        </edge>
    </timestep>
    <timestep time="1.57">
        <edge id="bottom">
            <lane id="bottom_0">
                <vehicle id="cfm-slow_0" pos="15.48" speed="15.55"/>
                <vehicle id="cfm-slow_1" pos="31.32" speed="15.55"/>
                <vehicle id="cfm-slow_2" pos="47.15" speed="15.56"/>
            </lane>
            <lane id="bottom_1"/>
        </edge>
        <edge id="left">
            <lane id="left_0">
                <vehicle id="cfm-fast_3" pos="9.47" speed="18.53"/>
                <vehicle id="cfm-fast_4" pos="25.98" speed="21.01"/>
            </lane>
            <lane id="left_1">
                <vehicle id="cfm-fast_5" pos="42.08" speed="21.41"/>
            </lane>
        </edge>
        <edge id="right">
            <lane id="right_0">
                <vehicle id="cfm-slow_3" pos="13.00" speed="15.61"/>
                <vehicle id="cfm-slow_4" pos="28.91" speed="15.90"/>
                <vehicle id="cfm-slow_5" pos="45.12" speed="17.07"/>
            </lane>
            <lane id="right_1"/>
        </edge>
        <edge id="top">
            <lane id="top_0">
                <vehicle id="cfm-fast_0" pos="12.63" speed="20.98"/>
                <vehicle id="cfm-fast_2" pos="43.54" speed="18.01"/>
            </lane>
            <lane id="top_1">
                <vehicle id="cfm-fast_1" pos="28.46" speed="20.98"/>
            </lane>
        </edge>
    </timestep>
    <timestep time="1.58">
        <edge id="bottom">
            <lane id="bottom_0">
                <vehicle id="cfm-slow_0" pos="15.64" speed="15.60"/>
                <vehicle id="cfm-slow_1" pos="31.47" speed="15.60"/>
                <vehicle id="cfm-slow_2" pos="47.31" speed="15.61"/>
            </lane>
            <lane id="bottom_1"/>
        </edge>
        <edge id="left">
            <lane id="left_0">
                <vehicle id="cfm-fast_3" pos="9.66" speed="18.62"/>
                <vehicle id="cfm-fast_4" pos="26.19" speed="21.15"/>
            </lane>
            <lane id="left_1">
                <vehicle id="cfm-fast_5" pos="42.30" speed="21.55"/>
            </lane>
        </edge>
        <edge id="right">
            <lane id="right_0">
                <vehicle id="cfm-slow_3" pos="13.15" speed="15.67"/>
                <vehicle id="cfm-slow_4" pos="29.07" speed="15.95"/>
                <vehicle id="cfm-slow_5" pos="45.29" speed="17.16"/>
            </lane>
            <lane id="right_1"/>
        </edge>
        <edge id="top">
            <lane id="top_0">
                <vehicle id="cfm-fast_0" pos="12.84" speed="21.12"/>
                <vehicle id="cfm-fast_2" pos="43.72" speed="18.08"/>
            </lane>
            <lane id="top_1">
                <vehicle id="cfm-fast_1" pos="28.67" speed="21.12"/>
            </lane>
        </edge>
    </timestep>
    <timestep time="1.59">
        <edge id="bottom">
            <lane id="bottom_0">
                <vehicle id="cfm-slow_0" pos="15.80" speed="15.64"/>
                <vehicle id="cfm-slow_1" pos="31.63" speed="15.65"/>
                <vehicle id="cfm-slow_2" pos="47.47" speed="15.66"/>
            </lane>
            <lane id="bottom_1"/>
        </edge>
        <edge id="left">
            <lane id="left_0">
                <vehicle id="cfm-fast_3" pos="9.84" speed="18.70"/>
                <vehicle id="cfm-fast_4" pos="26.40" speed="21.28"/>
            </lane>
            <lane id="left_1">
                <vehicle id="cfm-fast_5" pos="42.51" speed="21.68"/>
            </lane>
        </edge>
        <edge id="right">
            <lane id="right_0">
                <vehicle id="cfm-slow_3" pos="13.31" speed="15.72"/>
                <vehicle id="cfm-slow_4" pos="29.23" speed="16.01"/>
                <vehicle id="cfm-slow_5" pos="45.47" speed="17.24"/>
            </lane>
            <lane id="right_1"/>
        </edge>
        <edge id="top">
            <lane id="top_0">
                <vehicle id="cfm-fast_0" pos="13.05" speed="21.25"/>
                <vehicle id="cfm-fast_2" pos="43.90" speed="18.15"/>
            </lane>
            <lane id="top_1">
                <vehicle id="cfm-fast_1" pos="28.88" speed="21.25"/>
            </lane>
        </edge>
    </timestep>
    <timestep time="1.60">
        <edge id="bottom">
            <lane id="bottom_0">
                <vehicle id="cfm-slow_0" pos="15.95" speed="15.69"/>
                <vehicle id="cfm-slow_1" pos="31.79" speed="15.69"/>
                <vehicle id="cfm-slow_2" pos="47.62" speed="15.70"/>
            </lane>
            <lane id="bottom_1"/>
        </edge>
        <edge id="left">
            <lane id="left_0">
                <vehicle id="cfm-fast_3" pos="10.03" speed="18.79"/>
                <vehicle id="cfm-fast_4" pos="26.62" speed="21.42"/>
            </lane>
            <lane id="left_1">
                <vehicle id="cfm-fast_5" pos="42.73" speed="21.82"/>
            </lane>
        </edge>
        <edge id="right">
            <lane id="right_0">
                <vehicle id="cfm-slow_3" pos="13.47" speed="15.77"/>
                <vehicle id="cfm-slow_4" pos="29.39" speed="16.07"/>
                <vehicle id="cfm-slow_5" pos="45.64" speed="17.33"/>
            </lane>
            <lane id="right_1"/>
        </edge>
        <edge id="top">
            <lane id="top_0">
                <vehicle id="cfm-fast_0" pos="13.26" speed="21.39"/>
                <vehicle id="cfm-fast_2" pos="44.08" speed="18.21"/>
            </lane>
            <lane id="top_1">
                <vehicle id="cfm-fast_1" pos="29.10" speed="21.39"/>
            </lane>
        </edge>
    </timestep>
    <timestep time="1.61">
        <edge id="bottom">
            <lane id="bottom_0">
                <vehicle id="cfm-slow_0" pos="16.11" speed="15.74"/>
                <vehicle id="cfm-slow_1" pos="31.94" speed="15.74"/>
                <vehicle id="cfm-slow_2" pos="47.78" speed="15.75"/>
            </lane>
            <lane id="bottom_1"/>
        </edge>
        <edge id="left">
            <lane id="left_0">
                <vehicle id="cfm-fast_3" pos="10.22" speed="18.87"/>
                <vehicle id="cfm-fast_4" pos="26.83" speed="21.56"/>
            </lane>
            <lane id="left_1">
                <vehicle id="cfm-fast_5" pos="42.95" speed="21.95"/>
            </lane>
        </edge>
        <edge id="right">
            <lane id="right_0">
                <vehicle id="cfm-slow_3" pos="13.63" speed="15.82"/>
                <vehicle id="cfm-slow_4" pos="29.55" speed="16.13"/>
                <vehicle id="cfm-slow_5" pos="45.81" speed="17.41"/>
            </lane>
            <lane id="right_1"/>
        </edge>
        <edge id="top">
            <lane id="top_0">
                <vehicle id="cfm-fast_0" pos="13.48" speed="21.52"/>
                <vehicle id="cfm-fast_2" pos="44.26" speed="18.28"/>
            </lane>
            <lane id="top_1">
                <vehicle id="cfm-fast_1" pos="29.31" speed="21.52"/>
            </lane>
        </edge>
    </timestep>
    <timestep time="1.62">
        <edge id="bottom">
            <lane id="bottom_0">
                <vehicle id="cfm-slow_0" pos="16.27" speed="15.78"/>
                <vehicle id="cfm-slow_1" pos="32.10" speed="15.79"/>
                <vehicle id="cfm-slow_2" pos="47.94" speed="15.80"/>
            </lane>
            <lane id="bottom_1"/>
        </edge>
        <edge id="left">
            <lane id="left_0">
                <vehicle id="cfm-fast_3" pos="10.41" speed="18.96"/>
                <vehicle id="cfm-fast_4" pos="27.05" speed="21.69"/>
            </lane>
            <lane id="left_1">
                <vehicle id="cfm-fast_5" pos="43.17" speed="22.09"/>
            </lane>
        </edge>
        <edge id="right">
            <lane id="right_0">
                <vehicle id="cfm-slow_3" pos="13.79" speed="15.86"/>
                <vehicle id="cfm-slow_4" pos="29.71" speed="16.19"/>
                <vehicle id="cfm-slow_5" pos="45.99" speed="17.50"/>
            </lane>
            <lane id="right_1"/>
        </edge>
        <edge id="top">
            <lane id="top_0">
                <vehicle id="cfm-fast_0" pos="13.70" speed="21.66"/>
                <vehicle id="cfm-fast_2" pos="44.45" speed="18.35"/>
            </lane>
            <lane id="top_1">
                <vehicle id="cfm-fast_1" pos="29.53" speed="21.66"/>
            </lane>
        </edge>
    </timestep>
    <timestep time="1.63">
        <edge id="bottom">
            <lane id="bottom_0">
                <vehicle id="cfm-slow_0" pos="16.43" speed="15.83"/>
                <vehicle id="cfm-slow_1" pos="32.26" speed="15.83"/>
                <vehicle id="cfm-slow_2" pos="48.10" speed="15.84"/>
            </lane>
            <lane id="bottom_1"/>
        </edge>
        <edge id="left">
            <lane id="left_0">
                <vehicle id="cfm-fast_3" pos="10.60" speed="19.05"/>
                <vehicle id="cfm-fast_4" pos="27.27" speed="21.83"/>
            </lane>
            <lane id="left_1">
                <vehicle id="cfm-fast_5" pos="43.39" speed="22.23"/>
            </lane>
        </edge>
        <edge id="right">
            <lane id="right_0">
                <vehicle id="cfm-slow_3" pos="13.95" speed="15.91"/>
                <vehicle id="cfm-slow_4" pos="29.87" speed="16.25"/>
                <vehicle id="cfm-slow_5" pos="46.17" speed="17.58"/>
            </lane>
            <lane id="right_1"/>
        </edge>
        <edge id="top">
            <lane id="top_0">
                <vehicle id="cfm-fast_0" pos="13.91" speed="21.79"/>
                <vehicle id="cfm-fast_2" pos="44.63" speed="18.41"/>
            </lane>
            <lane id="top_1">
                <vehicle id="cfm-fast_1" pos="29.75" speed="21.80"/>
            </lane>
        </edge>
    </timestep>
    <timestep time="1.64">
        <edge id="bottom">
            <lane id="bottom_0">
                <vehicle id="cfm-slow_0" pos="16.59" speed="15.88"/>
                <vehicle id="cfm-slow_1" pos="32.42" speed="15.88"/>
                <vehicle id="cfm-slow_2" pos="48.26" speed="15.89"/>
            </lane>
            <lane id="bottom_1"/>
        </edge>
        <edge id="left">
            <lane id="left_0">
                <vehicle id="cfm-fast_3" pos="10.79" speed="19.13"/>
                <vehicle id="cfm-fast_4" pos="27.49" speed="21.97"/>
            </lane>
            <lane id="left_1">
                <vehicle id="cfm-fast_5" pos="43.62" speed="22.36"/>
            </lane>
        </edge>
        <edge id="right">
            <lane id="right_0">
                <vehicle id="cfm-slow_3" pos="14.11" speed="15.96"/>
                <vehicle id="cfm-slow_4" pos="30.03" speed="16.31"/>
                <vehicle id="cfm-slow_5" pos="46.34" speed="17.67"/>
            </lane>
            <lane id="right_1"/>
        </edge>
        <edge id="top">
            <lane id="top_0">
                <vehicle id="cfm-fast_0" pos="14.13" speed="21.93"/>
                <vehicle id="cfm-fast_2" pos="44.82" speed="18.48"/>
            </lane>
            <lane id="top_1">
                <vehicle id="cfm-fast_1" pos="29.97" speed="21.93"/>
            </lane>
        </edge>
    </timestep>
    <timestep time="1.65">
        <edge id="bottom">
            <lane id="bottom_0">
                <vehicle id="cfm-slow_0" pos="16.74" speed="15.92"/>
                <vehicle id="cfm-slow_1" pos="32.58" speed="15.92"/>
                <vehicle id="cfm-slow_2" pos="48.41" speed="15.94"/>
            </lane>
            <lane id="bottom_1"/>
        </edge>
        <edge id="left">
            <lane id="left_0">
                <vehicle id="cfm-fast_3" pos="10.98" speed="19.22"/>
                <vehicle id="cfm-fast_4" pos="27.71" speed="22.10"/>
            </lane>
            <lane id="left_1">
                <vehicle id="cfm-fast_5" pos="43.84" speed="22.50"/>
            </lane>
        </edge>
        <edge id="right">
            <lane id="right_0">
                <vehicle id="cfm-slow_3" pos="14.27" speed="16.01"/>
                <vehicle id="cfm-slow_4" pos="30.20" speed="16.36"/>
                <vehicle id="cfm-slow_5" pos="46.52" speed="17.75"/>
            </lane>
            <lane id="right_1"/>
        </edge>
        <edge id="top">
            <lane id="top_0">
                <vehicle id="cfm-fast_0" pos="14.35" speed="22.06"/>
                <vehicle id="cfm-fast_2" pos="45.00" speed="18.54"/>
            </lane>
            <lane id="top_1">
                <vehicle id="cfm-fast_1" pos="30.19" speed="22.07"/>
            </lane>
        </edge>
    </timestep>
    <timestep time="1.66">
        <edge id="bottom">
            <lane id="bottom_0">
                <vehicle id="cfm-slow_0" pos="16.90" speed="15.97"/>
                <vehicle id="cfm-slow_1" pos="32.74" speed="15.97"/>
                <vehicle id="cfm-slow_2" pos="48.57" speed="15.98"/>
            </lane>
            <lane id="bottom_1"/>
        </edge>
        <edge id="left">
            <lane id="left_0">
                <vehicle id="cfm-fast_3" pos="11.18" speed="19.30"/>
                <vehicle id="cfm-fast_4" pos="27.93" speed="22.24"/>
            </lane>
            <lane id="left_1">
                <vehicle id="cfm-fast_5" pos="44.07" speed="22.64"/>
            </lane>
        </edge>
        <edge id="right">
            <lane id="right_0">
                <vehicle id="cfm-slow_3" pos="14.43" speed="16.06"/>
                <vehicle id="cfm-slow_4" pos="30.36" speed="16.42"/>
                <vehicle id="cfm-slow_5" pos="46.70" speed="17.84"/>
            </lane>
            <lane id="right_1"/>
        </edge>
        <edge id="top">
            <lane id="top_0">
                <vehicle id="cfm-fast_0" pos="14.57" speed="22.19"/>
                <vehicle id="cfm-fast_2" pos="45.19" speed="18.61"/>
            </lane>
            <lane id="top_1">
                <vehicle id="cfm-fast_1" pos="30.41" speed="22.21"/>
            </lane>
        </edge>
    </timestep>
    <timestep time="1.67">
        <edge id="bottom">
            <lane id="bottom_0">
                <vehicle id="cfm-slow_0" pos="17.06" speed="16.01"/>
                <vehicle id="cfm-slow_1" pos="32.90" speed="16.01"/>
                <vehicle id="cfm-slow_2" pos="48.73" speed="16.03"/>
            </lane>
            <lane id="bottom_1"/>
        </edge>
        <edge id="left">
            <lane id="left_0">
                <vehicle id="cfm-fast_3" pos="11.37" speed="19.39"/>
                <vehicle id="cfm-fast_4" pos="28.16" speed="22.38"/>
            </lane>
            <lane id="left_1">
                <vehicle id="cfm-fast_5" pos="44.30" speed="22.77"/>
            </lane>
        </edge>
        <edge id="right">
            <lane id="right_0">
                <vehicle id="cfm-slow_3" pos="14.59" speed="16.11"/>
                <vehicle id="cfm-slow_4" pos="30.53" speed="16.48"/>
                <vehicle id="cfm-slow_5" pos="46.88" speed="17.93"/>
            </lane>
            <lane id="right_1"/>
        </edge>
        <edge id="top">
            <lane id="top_0">
                <vehicle id="cfm-fast_0" pos="14.80" speed="22.31"/>
                <vehicle id="cfm-fast_2" pos="45.37" speed="18.67"/>
            </lane>
            <lane id="top_1">
                <vehicle id="cfm-fast_1" pos="30.63" speed="22.34"/>
            </lane>
        </edge>
    </timestep>
    <timestep time="1.68">
        <edge id="bottom">
            <lane id="bottom_0">
                <vehicle id="cfm-slow_0" pos="17.23" speed="16.05"/>
                <vehicle id="cfm-slow_1" pos="33.06" speed="16.06"/>
                <vehicle id="cfm-slow_2" pos="48.90" speed="16.07"/>
            </lane>
            <lane id="bottom_1"/>
        </edge>
        <edge id="left">
            <lane id="left_0">
                <vehicle id="cfm-fast_3" pos="11.56" speed="19.47"/>
                <vehicle id="cfm-fast_4" pos="28.38" speed="22.51"/>
            </lane>
            <lane id="left_1">
                <vehicle id="cfm-fast_5" pos="44.52" speed="22.91"/>
            </lane>
        </edge>
        <edge id="right">
            <lane id="right_0">
                <vehicle id="cfm-slow_3" pos="14.75" speed="16.15"/>
                <vehicle id="cfm-slow_4" pos="30.69" speed="16.54"/>
                <vehicle id="cfm-slow_5" pos="47.06" speed="18.01"/>
            </lane>
            <lane id="right_1"/>
        </edge>
        <edge id="top">
            <lane id="top_0">
                <vehicle id="cfm-fast_0" pos="15.02" speed="22.43"/>
                <vehicle id="cfm-fast_2" pos="45.56" speed="18.74"/>
            </lane>
            <lane id="top_1">
                <vehicle id="cfm-fast_1" pos="30.86" speed="22.48"/>
            </lane>
        </edge>
    </timestep>
    <timestep time="1.69">
        <edge id="bottom">
            <lane id="bottom_0">
                <vehicle id="cfm-slow_0" pos="17.39" speed="16.10"/>
                <vehicle id="cfm-slow_1" pos="33.22" speed="16.10"/>
                <vehicle id="cfm-slow_2" pos="49.06" speed="16.12"/>
            </lane>
            <lane id="bottom_1"/>
        </edge>
        <edge id="left">
            <lane id="left_0">
                <vehicle id="cfm-fast_3" pos="11.76" speed="19.56"/>
                <vehicle id="cfm-fast_4" pos="28.61" speed="22.65"/>
            </lane>
            <lane id="left_1">
                <vehicle id="cfm-fast_5" pos="44.76" speed="23.05"/>
            </lane>
        </edge>
        <edge id="right">
            <lane id="right_0">
                <vehicle id="cfm-slow_3" pos="14.91" speed="16.20"/>
                <vehicle id="cfm-slow_4" pos="30.86" speed="16.59"/>
                <vehicle id="cfm-slow_5" pos="47.24" speed="18.10"/>
            </lane>
            <lane id="right_1"/>
        </edge>
        <edge id="top">
            <lane id="top_0">
                <vehicle id="cfm-fast_0" pos="15.25" speed="22.56"/>
                <vehicle id="cfm-fast_2" pos="45.75" speed="18.80"/>
            </lane>
            <lane id="top_1">
                <vehicle id="cfm-fast_1" pos="31.08" speed="22.62"/>
            </lane>
        </edge>
    </timestep>
    <timestep time="1.70">
        <edge id="bottom">
            <lane id="bottom_0">
                <vehicle id="cfm-slow_0" pos="17.55" speed="16.14"/>
                <vehicle id="cfm-slow_1" pos="33.38" speed="16.14"/>
                <vehicle id="cfm-slow_2" pos="49.22" speed="16.16"/>
            </lane>
            <lane id="bottom_1"/>
        </edge>
        <edge id="left">
            <lane id="left_0">
                <vehicle id="cfm-fast_3" pos="11.96" speed="19.64"/>
                <vehicle id="cfm-fast_4" pos="28.84" speed="22.78"/>
            </lane>
            <lane id="left_1">
                <vehicle id="cfm-fast_5" pos="44.99" speed="23.18"/>
            </lane>
        </edge>
        <edge id="right">
            <lane id="right_0">
                <vehicle id="cfm-slow_3" pos="15.07" speed="16.25"/>
                <vehicle id="cfm-slow_4" pos="31.03" speed="16.65"/>
                <vehicle id="cfm-slow_5" pos="47.42" speed="18.18"/>
            </lane>
            <lane id="right_1"/>
        </edge>
        <edge id="top">
            <lane id="top_0">
                <vehicle id="cfm-fast_0" pos="15.47" speed="22.68"/>
                <vehicle id="cfm-fast_2" pos="45.94" speed="18.86"/>
            </lane>
            <lane id="top_1">
                <vehicle id="cfm-fast_1" pos="31.31" speed="22.75"/>
            </lane>
        </edge>
    </timestep>
    <timestep time="1.71">
        <edge id="bottom">
            <lane id="bottom_0">
                <vehicle id="cfm-slow_0" pos="17.71" speed="16.18"/>
                <vehicle id="cfm-slow_1" pos="33.54" speed="16.19"/>
                <vehicle id="cfm-slow_2" pos="49.38" speed="16.20"/>
            </lane>
            <lane id="bottom_1"/>
        </edge>
        <edge id="left">
            <lane id="left_0">
                <vehicle id="cfm-fast_3" pos="12.15" speed="19.73"/>
                <vehicle id="cfm-fast_4" pos="29.07" speed="22.92"/>
            </lane>
            <lane id="left_1">
                <vehicle id="cfm-fast_5" pos="45.22" speed="23.32"/>
            </lane>
        </edge>
        <edge id="right">
            <lane id="right_0">
                <vehicle id="cfm-slow_3" pos="15.24" speed="16.29"/>
                <vehicle id="cfm-slow_4" pos="31.19" speed="16.71"/>
                <vehicle id="cfm-slow_5" pos="47.60" speed="18.27"/>
            </lane>
            <lane id="right_1"/>
        </edge>
        <edge id="top">
            <lane id="top_0">
                <vehicle id="cfm-fast_0" pos="15.70" speed="22.79"/>
                <vehicle id="cfm-fast_2" pos="46.13" speed="18.93"/>
            </lane>
            <lane id="top_1">
                <vehicle id="cfm-fast_1" pos="31.54" speed="22.89"/>
            </lane>
        </edge>
    </timestep>
    <timestep time="1.72">
        <edge id="bottom">
            <lane id="bottom_0">
                <vehicle id="cfm-slow_0" pos="17.87" speed="16.23"/>
                <vehicle id="cfm-slow_1" pos="33.71" speed="16.23"/>
                <vehicle id="cfm-slow_2" pos="49.54" speed="16.25"/>
            </lane>
            <lane id="bottom_1"/>
        </edge>
        <edge id="left">
            <lane id="left_0">
                <vehicle id="cfm-fast_3" pos="12.35" speed="19.81"/>
                <vehicle id="cfm-fast_4" pos="29.30" speed="23.06"/>
            </lane>
            <lane id="left_1">
                <vehicle id="cfm-fast_5" pos="45.45" speed="23.45"/>
            </lane>
        </edge>
        <edge id="right">
            <lane id="right_0">
                <vehicle id="cfm-slow_3" pos="15.40" speed="16.34"/>
                <vehicle id="cfm-slow_4" pos="31.36" speed="16.76"/>
                <vehicle id="cfm-slow_5" pos="47.79" speed="18.35"/>
            </lane>
            <lane id="right_1"/>
        </edge>
        <edge id="top">
            <lane id="top_0">
                <vehicle id="cfm-fast_0" pos="15.93" speed="22.91"/>
                <vehicle id="cfm-fast_2" pos="46.32" speed="18.99"/>
            </lane>
            <lane id="top_1">
                <vehicle id="cfm-fast_1" pos="31.77" speed="23.02"/>
            </lane>
        </edge>
    </timestep>
    <timestep time="1.73">
        <edge id="bottom">
            <lane id="bottom_0">
                <vehicle id="cfm-slow_0" pos="18.03" speed="16.27"/>
                <vehicle id="cfm-slow_1" pos="33.87" speed="16.27"/>
                <vehicle id="cfm-slow_2" pos="49.71" speed="16.29"/>
            </lane>
            <lane id="bottom_1"/>
        </edge>
        <edge id="left">
            <lane id="left_0">
                <vehicle id="cfm-fast_3" pos="12.55" speed="19.90"/>
                <vehicle id="cfm-fast_4" pos="29.53" speed="23.19"/>
            </lane>
            <lane id="left_1">
                <vehicle id="cfm-fast_5" pos="45.69" speed="23.59"/>
            </lane>
        </edge>
        <edge id="right">
            <lane id="right_0">
                <vehicle id="cfm-slow_3" pos="15.56" speed="16.39"/>
                <vehicle id="cfm-slow_4" pos="31.53" speed="16.82"/>
                <vehicle id="cfm-slow_5" pos="47.97" speed="18.44"/>
            </lane>
            <lane id="right_1"/>
        </edge>
        <edge id="top">
            <lane id="top_0">
                <vehicle id="cfm-fast_0" pos="16.16" speed="23.02"/>
                <vehicle id="cfm-fast_2" pos="46.51" speed="19.05"/>
            </lane>
            <lane id="top_1">
                <vehicle id="cfm-fast_1" pos="32.00" speed="23.16"/>
            </lane>
        </edge>
    </timestep>
    <timestep time="1.74">
        <edge id="bottom">
            <lane id="bottom_0">
                <vehicle id="cfm-slow_0" pos="18.20" speed="16.31"/>
                <vehicle id="cfm-slow_1" pos="34.03" speed="16.31"/>
                <vehicle id="cfm-slow_2" pos="49.87" speed="16.33"/>
            </lane>
            <lane id="bottom_1"/>
        </edge>
        <edge id="left">
            <lane id="left_0">
                <vehicle id="cfm-fast_3" pos="12.75" speed="19.98"/>
                <vehicle id="cfm-fast_4" pos="29.76" speed="23.33"/>
            </lane>
            <lane id="left_1">
                <vehicle id="cfm-fast_5" pos="45.93" speed="23.73"/>
            </lane>
        </edge>
        <edge id="right">
            <lane id="right_0">
                <vehicle id="cfm-slow_3" pos="15.73" speed="16.43"/>
                <vehicle id="cfm-slow_4" pos="31.70" speed="16.88"/>
                <vehicle id="cfm-slow_5" pos="48.16" speed="18.52"/>
            </lane>
            <lane id="right_1"/>
        </edge>
        <edge id="top">
            <lane id="top_0">
                <vehicle id="cfm-fast_0" pos="16.39" speed="23.14"/>
                <vehicle id="cfm-fast_2" pos="46.70" speed="19.11"/>
            </lane>
            <lane id="top_1">
                <vehicle id="cfm-fast_1" pos="32.23" speed="23.30"/>
            </lane>
        </edge>
    </timestep>
    <timestep time="1.75">
        <edge id="bottom">
            <lane id="bottom_0">
                <vehicle id="cfm-slow_0" pos="18.36" speed="16.35"/>
                <vehicle id="cfm-slow_1" pos="34.19" speed="16.35"/>
            </lane>
            <lane id="bottom_1"/>
        </edge>
        <edge id="left">
            <lane id="left_0">
                <vehicle id="cfm-fast_3" pos="12.95" speed="20.07"/>
                <vehicle id="cfm-fast_4" pos="30.00" speed="23.47"/>
            </lane>
            <lane id="left_1">
                <vehicle id="cfm-fast_5" pos="46.17" speed="23.86"/>
            </lane>
        </edge>
        <edge id="right">
            <lane id="right_0">
                <vehicle id="cfm-slow_2" pos="0.03" speed="16.37"/>
                <vehicle id="cfm-slow_3" pos="15.89" speed="16.48"/>
                <vehicle id="cfm-slow_4" pos="31.87" speed="16.93"/>
                <vehicle id="cfm-slow_5" pos="48.34" speed="18.61"/>
            </lane>
            <lane id="right_1"/>
        </edge>
        <edge id="top">
            <lane id="top_0">
                <vehicle id="cfm-fast_0" pos="16.63" speed="23.25"/>
                <vehicle id="cfm-fast_2" pos="46.89" speed="19.18"/>
            </lane>
            <lane id="top_1">
                <vehicle id="cfm-fast_1" pos="32.47" speed="23.43"/>
            </lane>
        </edge>
    </timestep>
    <timestep time="1.76">
        <edge id="bottom">
            <lane id="bottom_0">
                <vehicle id="cfm-slow_0" pos="18.52" speed="16.39"/>
                <vehicle id="cfm-slow_1" pos="34.36" speed="16.39"/>
            </lane>
            <lane id="bottom_1"/>
        </edge>
        <edge id="left">
            <lane id="left_0">
                <vehicle id="cfm-fast_3" pos="13.15" speed="20.15"/>
                <vehicle id="cfm-fast_4" pos="30.23" speed="23.60"/>
            </lane>
            <lane id="left_1">
                <vehicle id="cfm-fast_5" pos="46.41" speed="24.00"/>
            </lane>
        </edge>
        <edge id="right">
            <lane id="right_0">
                <vehicle id="cfm-slow_2" pos="0.20" speed="16.41"/>
                <vehicle id="cfm-slow_3" pos="16.06" speed="16.52"/>
                <vehicle id="cfm-slow_4" pos="32.04" speed="16.99"/>
                <vehicle id="cfm-slow_5" pos="48.53" speed="18.69"/>
            </lane>
            <lane id="right_1"/>
        </edge>
        <edge id="top">
            <lane id="top_0">
                <vehicle id="cfm-fast_0" pos="16.86" speed="23.36"/>
                <vehicle id="cfm-fast_2" pos="47.08" speed="19.24"/>
            </lane>
            <lane id="top_1">
                <vehicle id="cfm-fast_1" pos="32.70" speed="23.57"/>
            </lane>
        </edge>
    </timestep>
    <timestep time="1.77">
        <edge id="bottom">
            <lane id="bottom_0">
                <vehicle id="cfm-slow_0" pos="18.69" speed="16.43"/>
                <vehicle id="cfm-slow_1" pos="34.52" speed="16.43"/>
            </lane>
            <lane id="bottom_1"/>
        </edge>
        <edge id="left">
            <lane id="left_0">
                <vehicle id="cfm-fast_3" pos="13.36" speed="20.24"/>
                <vehicle id="cfm-fast_4" pos="30.47" speed="23.74"/>
            </lane>
            <lane id="left_1">
                <vehicle id="cfm-fast_5" pos="46.65" speed="24.14"/>
            </lane>
        </edge>
        <edge id="right">
            <lane id="right_0">
                <vehicle id="cfm-slow_2" pos="0.36" speed="16.46"/>
                <vehicle id="cfm-slow_3" pos="16.22" speed="16.57"/>
                <vehicle id="cfm-slow_4" pos="32.21" speed="17.05"/>
                <vehicle id="cfm-slow_5" pos="48.72" speed="18.78"/>
            </lane>
            <lane id="right_1"/>
        </edge>
        <edge id="top">
            <lane id="top_0">
                <vehicle id="cfm-fast_0" pos="17.09" speed="23.46"/>
                <vehicle id="cfm-fast_2" pos="47.28" speed="19.30"/>
            </lane>
            <lane id="top_1">
                <vehicle id="cfm-fast_1" pos="32.94" speed="23.71"/>
            </lane>
        </edge>
    </timestep>
    <timestep time="1.78">
        <edge id="bottom">
            <lane id="bottom_0">
                <vehicle id="cfm-slow_0" pos="18.85" speed="16.47"/>
                <vehicle id="cfm-slow_1" pos="34.69" speed="16.47"/>
            </lane>
            <lane id="bottom_1"/>
        </edge>
        <edge id="left">
            <lane id="left_0">
                <vehicle id="cfm-fast_3" pos="13.56" speed="20.33"/>
                <vehicle id="cfm-fast_4" pos="30.71" speed="23.88"/>
            </lane>
            <lane id="left_1">
                <vehicle id="cfm-fast_5" pos="46.89" speed="24.27"/>
            </lane>
        </edge>
        <edge id="right">
            <lane id="right_0">
                <vehicle id="cfm-slow_2" pos="0.53" speed="16.50"/>
                <vehicle id="cfm-slow_3" pos="16.39" speed="16.61"/>
                <vehicle id="cfm-slow_4" pos="32.38" speed="17.10"/>
                <vehicle id="cfm-slow_5" pos="48.91" speed="18.86"/>
            </lane>
            <lane id="right_1"/>
        </edge>
        <edge id="top">
            <lane id="top_0">
                <vehicle id="cfm-fast_0" pos="17.33" speed="23.57"/>
                <vehicle id="cfm-fast_2" pos="47.47" speed="19.36"/>
            </lane>
            <lane id="top_1">
                <vehicle id="cfm-fast_1" pos="33.18" speed="23.84"/>
            </lane>
        </edge>
    </timestep>
    <timestep time="1.79">
        <edge id="bottom">
            <lane id="bottom_0">
                <vehicle id="cfm-slow_0" pos="19.02" speed="16.51"/>
                <vehicle id="cfm-slow_1" pos="34.85" speed="16.51"/>
            </lane>
            <lane id="bottom_1"/>
        </edge>
        <edge id="left">
            <lane id="left_0">
                <vehicle id="cfm-fast_3" pos="13.76" speed="20.41"/>
                <vehicle id="cfm-fast_4" pos="30.95" speed="24.01"/>
            </lane>
            <lane id="left_1">
                <vehicle id="cfm-fast_5" pos="47.13" speed="24.41"/>
            </lane>
        </edge>
        <edge id="right">
            <lane id="right_0">
                <vehicle id="cfm-slow_2" pos="0.69" speed="16.54"/>
                <vehicle id="cfm-slow_3" pos="16.56" speed="16.65"/>
                <vehicle id="cfm-slow_4" pos="32.55" speed="17.16"/>
                <vehicle id="cfm-slow_5" pos="49.09" speed="18.94"/>
            </lane>
            <lane id="right_1"/>
        </edge>
        <edge id="top">
            <lane id="top_0">
                <vehicle id="cfm-fast_0" pos="17.57" speed="23.67"/>
                <vehicle id="cfm-fast_2" pos="47.66" speed="19.42"/>
            </lane>
            <lane id="top_1">
                <vehicle id="cfm-fast_1" pos="33.42" speed="23.98"/>
            </lane>
        </edge>
    </timestep>
    <timestep time="1.80">
        <edge id="bottom">
            <lane id="bottom_0">
                <vehicle id="cfm-slow_0" pos="19.18" speed="16.55"/>
                <vehicle id="cfm-slow_1" pos="35.02" speed="16.55"/>
            </lane>
            <lane id="bottom_1"/>
        </edge>
        <edge id="left">
            <lane id="left_0">
                <vehicle id="cfm-fast_3" pos="13.97" speed="20.50"/>
                <vehicle id="cfm-fast_4" pos="31.19" speed="24.15"/>
            </lane>
            <lane id="left_1">
                <vehicle id="cfm-fast_5" pos="47.38" speed="24.55"/>
            </lane>
        </edge>
        <edge id="right">
            <lane id="right_0">
                <vehicle id="cfm-slow_2" pos="0.86" speed="16.58"/>
                <vehicle id="cfm-slow_3" pos="16.72" speed="16.70"/>
                <vehicle id="cfm-slow_4" pos="32.72" speed="17.22"/>
                <vehicle id="cfm-slow_5" pos="49.29" speed="19.03"/>
            </lane>
            <lane id="right_1"/>
        </edge>
        <edge id="top">
            <lane id="top_0">
                <vehicle id="cfm-fast_0" pos="17.80" speed="23.77"/>
                <vehicle id="cfm-fast_2" pos="47.86" speed="19.48"/>
            </lane>
            <lane id="top_1">
                <vehicle id="cfm-fast_1" pos="33.66" speed="24.12"/>
            </lane>
        </edge>
    </timestep>
    <timestep time="1.81">
        <edge id="bottom">
            <lane id="bottom_0">
                <vehicle id="cfm-slow_0" pos="19.35" speed="16.59"/>
                <vehicle id="cfm-slow_1" pos="35.18" speed="16.59"/>
            </lane>
            <lane id="bottom_1"/>
        </edge>
        <edge id="left">
            <lane id="left_0">
                <vehicle id="cfm-fast_3" pos="14.17" speed="20.58"/>
                <vehicle id="cfm-fast_4" pos="31.43" speed="24.28"/>
            </lane>
            <lane id="left_1">
                <vehicle id="cfm-fast_5" pos="47.63" speed="24.68"/>
            </lane>
        </edge>
        <edge id="right">
            <lane id="right_0">
                <vehicle id="cfm-slow_2" pos="1.02" speed="16.62"/>
                <vehicle id="cfm-slow_3" pos="16.89" speed="16.74"/>
                <vehicle id="cfm-slow_4" pos="32.89" speed="17.27"/>
                <vehicle id="cfm-slow_5" pos="49.48" speed="19.11"/>
            </lane>
            <lane id="right_1"/>
        </edge>
        <edge id="top">
            <lane id="top_0">
                <vehicle id="cfm-fast_0" pos="18.04" speed="23.87"/>
                <vehicle id="cfm-fast_2" pos="48.05" speed="19.54"/>
            </lane>
            <lane id="top_1">
                <vehicle id="cfm-fast_1" pos="33.90" speed="24.25"/>
            </lane>
        </edge>
    </timestep>
    <timestep time="1.82">
        <edge id="bottom">
            <lane id="bottom_0">
                <vehicle id="cfm-slow_0" pos="19.52" speed="16.63"/>
                <vehicle id="cfm-slow_1" pos="35.35" speed="16.63"/>
            </lane>
            <lane id="bottom_1"/>
        </edge>
        <edge id="left">
            <lane id="left_0">
                <vehicle id="cfm-fast_3" pos="14.38" speed="20.67"/>
                <vehicle id="cfm-fast_4" pos="31.68" speed="24.42"/>
            </lane>
            <lane id="left_1">
                <vehicle id="cfm-fast_5" pos="47.88" speed="24.82"/>
            </lane>
        </edge>
        <edge id="right">
            <lane id="right_0">
                <vehicle id="cfm-slow_2" pos="1.19" speed="16.66"/>
                <vehicle id="cfm-slow_3" pos="17.06" speed="16.79"/>
                <vehicle id="cfm-slow_4" pos="33.07" speed="17.33"/>
                <vehicle id="cfm-slow_5" pos="49.67" speed="19.20"/>
            </lane>
            <lane id="right_1"/>
        </edge>
        <edge id="top">
            <lane id="top_0">
                <vehicle id="cfm-fast_0" pos="18.28" speed="23.97"/>
                <vehicle id="cfm-fast_2" pos="48.25" speed="19.60"/>
            </lane>
            <lane id="top_1">
                <vehicle id="cfm-fast_1" pos="34.15" speed="24.39"/>
            </lane>
        </edge>
    </timestep>
    <timestep time="1.83">
        <edge id="bottom">
            <lane id="bottom_0">
                <vehicle id="cfm-slow_0" pos="19.68" speed="16.67"/>
                <vehicle id="cfm-slow_1" pos="35.52" speed="16.67"/>
            </lane>
            <lane id="bottom_1"/>
        </edge>
        <edge id="left">
            <lane id="left_0">
                <vehicle id="cfm-fast_3" pos="14.59" speed="20.75"/>
                <vehicle id="cfm-fast_4" pos="31.92" speed="24.55"/>
            </lane>
            <lane id="left_1">
                <vehicle id="cfm-fast_5" pos="48.12" speed="24.95"/>
            </lane>
        </edge>
        <edge id="right">
            <lane id="right_0">
                <vehicle id="cfm-slow_2" pos="1.36" speed="16.70"/>
                <vehicle id="cfm-slow_3" pos="17.23" speed="16.83"/>
                <vehicle id="cfm-slow_4" pos="33.24" speed="17.38"/>
                <vehicle id="cfm-slow_5" pos="49.86" speed="19.28"/>
            </lane>
            <lane id="right_1"/>
        </edge>
        <edge id="top">
            <lane id="top_0">
                <vehicle id="cfm-fast_0" pos="18.52" speed="24.07"/>
                <vehicle id="cfm-fast_2" pos="48.45" speed="19.66"/>
            </lane>
            <lane id="top_1">
                <vehicle id="cfm-fast_1" pos="34.39" speed="24.52"/>
            </lane>
        </edge>
    </timestep>
    <timestep time="1.84">
        <edge id="bottom">
            <lane id="bottom_0">
                <vehicle id="cfm-slow_0" pos="19.85" speed="16.70"/>
                <vehicle id="cfm-slow_1" pos="35.68" speed="16.71"/>
            </lane>
            <lane id="bottom_1"/>
        </edge>
        <edge id="left">
            <lane id="left_0">
                <vehicle id="cfm-fast_3" pos="14.80" speed="20.84"/>
                <vehicle id="cfm-fast_4" pos="32.17" speed="24.68"/>
            </lane>
            <lane id="left_1">
                <vehicle id="cfm-fast_5" pos="48.38" speed="25.09"/>
            </lane>
        </edge>
        <edge id="right">
            <lane id="right_0">
                <vehicle id="cfm-slow_2" pos="1.52" speed="16.74"/>
                <vehicle id="cfm-slow_3" pos="17.40" speed="16.87"/>
                <vehicle id="cfm-slow_4" pos="33.42" speed="17.44"/>
            </lane>
            <lane id="right_1"/>
        </edge>
        <edge id="top">
            <lane id="top_0">
                <vehicle id="cfm-slow_5" pos="0.05" speed="19.36"/>
                <vehicle id="cfm-fast_0" pos="18.76" speed="24.16"/>
                <vehicle id="cfm-fast_2" pos="48.64" speed="19.72"/>
            </lane>
            <lane id="top_1">
                <vehicle id="cfm-fast_1" pos="34.64" speed="24.66"/>
            </lane>
        </edge>
    </timestep>
    <timestep time="1.85">
        <edge id="bottom">
            <lane id="bottom_0">
                <vehicle id="cfm-slow_0" pos="20.02" speed="16.74"/>
                <vehicle id="cfm-slow_1" pos="35.85" speed="16.75"/>
            </lane>
            <lane id="bottom_1"/>
        </edge>
        <edge id="left">
            <lane id="left_0">
                <vehicle id="cfm-fast_3" pos="15.01" speed="20.92"/>
                <vehicle id="cfm-fast_4" pos="32.42" speed="24.81"/>
            </lane>
            <lane id="left_1">
                <vehicle id="cfm-fast_5" pos="48.63" speed="25.23"/>
            </lane>
        </edge>
        <edge id="right">
            <lane id="right_0">
                <vehicle id="cfm-slow_2" pos="1.69" speed="16.78"/>
                <vehicle id="cfm-slow_3" pos="17.56" speed="16.92"/>
                <vehicle id="cfm-slow_4" pos="33.59" speed="17.50"/>
            </lane>
            <lane id="right_1"/>
        </edge>
        <edge id="top">
            <lane id="top_0">
                <vehicle id="cfm-slow_5" pos="0.25" speed="19.45"/>
                <vehicle id="cfm-fast_0" pos="19.01" speed="24.26"/>
                <vehicle id="cfm-fast_2" pos="48.84" speed="19.78"/>
            </lane>
            <lane id="top_1">
                <vehicle id="cfm-fast_1" pos="34.89" speed="24.80"/>
            </lane>
        </edge>
    </timestep>
    <timestep time="1.86">
        <edge id="bottom">
            <lane id="bottom_0">
                <vehicle id="cfm-slow_0" pos="20.19" speed="16.78"/>
                <vehicle id="cfm-slow_1" pos="36.02" speed="16.78"/>
            </lane>
            <lane id="bottom_1"/>
        </edge>
        <edge id="left">
            <lane id="left_0">
                <vehicle id="cfm-fast_3" pos="15.22" speed="21.01"/>
                <vehicle id="cfm-fast_4" pos="32.67" speed="24.94"/>
            </lane>
            <lane id="left_1">
                <vehicle id="cfm-fast_5" pos="48.88" speed="25.36"/>
            </lane>
        </edge>
        <edge id="right">
            <lane id="right_0">
                <vehicle id="cfm-slow_2" pos="1.86" speed="16.81"/>
                <vehicle id="cfm-slow_3" pos="17.73" speed="16.96"/>
                <vehicle id="cfm-slow_4" pos="33.77" speed="17.55"/>
            </lane>
            <lane id="right_1"/>
        </edge>
        <edge id="top">
            <lane id="top_0">
                <vehicle id="cfm-slow_5" pos="0.44" speed="19.53"/>
                <vehicle id="cfm-fast_0" pos="19.25" speed="24.35"/>
                <vehicle id="cfm-fast_2" pos="49.04" speed="19.84"/>
            </lane>
            <lane id="top_1">
                <vehicle id="cfm-fast_1" pos="35.14" speed="24.93"/>
            </lane>
        </edge>
    </timestep>
    <timestep time="1.87">
        <edge id="bottom">
            <lane id="bottom_0">
                <vehicle id="cfm-slow_0" pos="20.35" speed="16.82"/>
                <vehicle id="cfm-slow_1" pos="36.19" speed="16.82"/>
            </lane>
            <lane id="bottom_1"/>
        </edge>
        <edge id="left">
            <lane id="left_0">
                <vehicle id="cfm-fast_3" pos="15.43" speed="21.09"/>
                <vehicle id="cfm-fast_4" pos="32.92" speed="25.06"/>
            </lane>
            <lane id="left_1">
                <vehicle id="cfm-fast_5" pos="49.14" speed="25.50"/>
            </lane>
        </edge>
        <edge id="right">
            <lane id="right_0">
                <vehicle id="cfm-slow_2" pos="2.03" speed="16.85"/>
                <vehicle id="cfm-slow_3" pos="17.90" speed="17.00"/>
                <vehicle id="cfm-slow_4" pos="33.94" speed="17.61"/>
            </lane>
            <lane id="right_1"/>
        </edge>
        <edge id="top">
            <lane id="top_0">
                <vehicle id="cfm-slow_5" pos="0.64" speed="19.61"/>
                <vehicle id="cfm-fast_0" pos="19.50" speed="24.44"/>
                <vehicle id="cfm-fast_2" pos="49.24" speed="19.90"/>
            </lane>
            <lane id="top_1">
                <vehicle id="cfm-fast_1" pos="35.39" speed="25.07"/>
            </lane>
        </edge>
    </timestep>
    <timestep time="1.88">
        <edge id="bottom">
            <lane id="bottom_0">
                <vehicle id="cfm-slow_0" pos="20.52" speed="16.85"/>
                <vehicle id="cfm-slow_1" pos="36.36" speed="16.86"/>
            </lane>
            <lane id="bottom_1"/>
        </edge>
        <edge id="left">
            <lane id="left_0">
                <vehicle id="cfm-fast_3" pos="15.64" speed="21.18"/>
                <vehicle id="cfm-fast_4" pos="33.17" speed="25.18"/>
            </lane>
            <lane id="left_1">
                <vehicle id="cfm-fast_5" pos="49.39" speed="25.64"/>
            </lane>
        </edge>
        <edge id="right">
            <lane id="right_0">
                <vehicle id="cfm-slow_2" pos="2.20" speed="16.89"/>
                <vehicle id="cfm-slow_3" pos="18.07" speed="17.04"/>
                <vehicle id="cfm-slow_4" pos="34.12" speed="17.66"/>
            </lane>
            <lane id="right_1"/>
        </edge>
        <edge id="top">
            <lane id="top_0">
                <vehicle id="cfm-slow_5" pos="0.84" speed="19.69"/>
                <vehicle id="cfm-fast_0" pos="19.74" speed="24.53"/>
                <vehicle id="cfm-fast_2" pos="49.44" speed="19.96"/>
            </lane>
            <lane id="top_1">
                <vehicle id="cfm-fast_1" pos="35.64" speed="25.21"/>
            </lane>
        </edge>
    </timestep>
    <timestep time="1.89">
        <edge id="bottom">
            <lane id="bottom_0">
                <vehicle id="cfm-slow_0" pos="20.69" speed="16.89"/>
                <vehicle id="cfm-slow_1" pos="36.53" speed="16.89"/>
            </lane>
            <lane id="bottom_1"/>
        </edge>
        <edge id="left">
            <lane id="left_0">
                <vehicle id="cfm-fast_3" pos="15.85" speed="21.26"/>
                <vehicle id="cfm-fast_4" pos="33.42" speed="25.29"/>
            </lane>
            <lane id="left_1">
                <vehicle id="cfm-fast_5" pos="49.65" speed="25.77"/>
            </lane>
        </edge>
        <edge id="right">
            <lane id="right_0">
                <vehicle id="cfm-slow_2" pos="2.37" speed="16.93"/>
                <vehicle id="cfm-slow_3" pos="18.25" speed="17.08"/>
                <vehicle id="cfm-slow_4" pos="34.30" speed="17.72"/>
            </lane>
            <lane id="right_1"/>
        </edge>
        <edge id="top">
            <lane id="top_0">
                <vehicle id="cfm-slow_5" pos="1.04" speed="19.78"/>
                <vehicle id="cfm-fast_0" pos="19.99" speed="24.61"/>
                <vehicle id="cfm-fast_2" pos="49.64" speed="20.02"/>
            </lane>
            <lane id="top_1">
                <vehicle id="cfm-fast_1" pos="35.89" speed="25.34"/>
            </lane>
        </edge>
    </timestep>
    <timestep time="1.90">
        <edge id="bottom">
            <lane id="bottom_0">
                <vehicle id="cfm-slow_0" pos="20.86" speed="16.92"/>
                <vehicle id="cfm-slow_1" pos="36.69" speed="16.93"/>
            </lane>
            <lane id="bottom_1"/>
        </edge>
        <edge id="left">
            <lane id="left_0">
                <vehicle id="cfm-fast_3" pos="16.06" speed="21.35"/>
                <vehicle id="cfm-fast_4" pos="33.68" speed="25.41"/>
            </lane>
            <lane id="left_1">
                <vehicle id="cfm-fast_5" pos="49.91" speed="25.91"/>
            </lane>
        </edge>
        <edge id="right">
            <lane id="right_0">
                <vehicle id="cfm-slow_2" pos="2.54" speed="16.97"/>
                <vehicle id="cfm-slow_3" pos="18.42" speed="17.13"/>
                <vehicle id="cfm-slow_4" pos="34.47" speed="17.77"/>
            </lane>
            <lane id="right_1"/>
        </edge>
        <edge id="top">
            <lane id="top_0">
                <vehicle id="cfm-slow_5" pos="1.23" speed="19.86"/>
                <vehicle id="cfm-fast_0" pos="20.23" speed="24.70"/>
                <vehicle id="cfm-fast_2" pos="49.84" speed="20.08"/>
            </lane>
            <lane id="top_1">
                <vehicle id="cfm-fast_1" pos="36.15" speed="25.48"/>
            </lane>
        </edge>
    </timestep>
    <timestep time="1.91">
        <edge id="bottom">
            <lane id="bottom_0">
                <vehicle id="cfm-slow_0" pos="21.03" speed="16.96"/>
                <vehicle id="cfm-slow_1" pos="36.86" speed="16.97"/>
            </lane>
            <lane id="bottom_1">
                <vehicle id="cfm-fast_5" pos="0.17" speed="26.05"/>
            </lane>
        </edge>
        <edge id="left">
            <lane id="left_0">
                <vehicle id="cfm-fast_2" pos="0.04" speed="20.13"/>
                <vehicle id="cfm-fast_3" pos="16.28" speed="21.43"/>
                <vehicle id="cfm-fast_4" pos="33.93" speed="25.52"/>
            </lane>
            <lane id="left_1"/>
        </edge>
        <edge id="right">
            <lane id="right_0">
                <vehicle id="cfm-slow_2" pos="2.71" speed="17.00"/>
                <vehicle id="cfm-slow_3" pos="18.59" speed="17.17"/>
                <vehicle id="cfm-slow_4" pos="34.65" speed="17.83"/>
            </lane>
            <lane id="right_1"/>
        </edge>
        <edge id="top">
            <lane id="top_0">
                <vehicle id="cfm-slow_5" pos="1.43" speed="19.94"/>
                <vehicle id="cfm-fast_0" pos="20.48" speed="24.78"/>
            </lane>
            <lane id="top_1">
                <vehicle id="cfm-fast_1" pos="36.40" speed="25.62"/>
            </lane>
        </edge>
    </timestep>
    <timestep time="1.92">
        <edge id="bottom">
            <lane id="bottom_0">
                <vehicle id="cfm-slow_0" pos="21.20" speed="17.00"/>
                <vehicle id="cfm-slow_1" pos="37.03" speed="17.00"/>
            </lane>
            <lane id="bottom_1">
                <vehicle id="cfm-fast_5" pos="0.43" speed="26.18"/>
            </lane>
        </edge>
        <edge id="left">
            <lane id="left_0">
                <vehicle id="cfm-fast_2" pos="0.24" speed="20.19"/>
                <vehicle id="cfm-fast_3" pos="16.49" speed="21.52"/>
                <vehicle id="cfm-fast_4" pos="34.19" speed="25.63"/>
            </lane>
            <lane id="left_1"/>
        </edge>
        <edge id="right">
            <lane id="right_0">
                <vehicle id="cfm-slow_2" pos="2.88" speed="17.04"/>
                <vehicle id="cfm-slow_3" pos="18.76" speed="17.21"/>
                <vehicle id="cfm-slow_4" pos="34.83" speed="17.88"/>
            </lane>
            <lane id="right_1"/>
        </edge>
        <edge id="top">
            <lane id="top_0">
                <vehicle id="cfm-slow_5" pos="1.63" speed="20.02"/>
                <vehicle id="cfm-fast_0" pos="20.73" speed="24.87"/>
            </lane>
            <lane id="top_1">
                <vehicle id="cfm-fast_1" pos="36.66" speed="25.75"/>
            </lane>
        </edge>
    </timestep>
    <timestep time="1.93">
        <edge id="bottom">
            <lane id="bottom_0">
                <vehicle id="cfm-slow_0" pos="21.37" speed="17.03"/>
                <vehicle id="cfm-slow_1" pos="37.20" speed="17.04"/>
            </lane>
            <lane id="bottom_1">
                <vehicle id="cfm-fast_5" pos="0.70" speed="26.32"/>
            </lane>
        </edge>
        <edge id="left">
            <lane id="left_0">
                <vehicle id="cfm-fast_2" pos="0.44" speed="20.25"/>
                <vehicle id="cfm-fast_3" pos="16.71" speed="21.60"/>
                <vehicle id="cfm-fast_4" pos="34.44" speed="25.74"/>
            </lane>
            <lane id="left_1"/>
        </edge>
        <edge id="right">
            <lane id="right_0">
                <vehicle id="cfm-slow_2" pos="3.05" speed="17.08"/>
                <vehicle id="cfm-slow_3" pos="18.93" speed="17.25"/>
                <vehicle id="cfm-slow_4" pos="35.01" speed="17.94"/>
            </lane>
            <lane id="right_1"/>
        </edge>
        <edge id="top">
            <lane id="top_0">
                <vehicle id="cfm-slow_5" pos="1.83" speed="20.10"/>
                <vehicle id="cfm-fast_0" pos="20.98" speed="24.95"/>
            </lane>
            <lane id="top_1">
                <vehicle id="cfm-fast_1" pos="36.92" speed="25.89"/>
            </lane>
        </edge>
    </timestep>
    <timestep time="1.94">
        <edge id="bottom">
            <lane id="bottom_0">
                <vehicle id="cfm-slow_0" pos="21.54" speed="17.06"/>
                <vehicle id="cfm-slow_1" pos="37.38" speed="17.07"/>
            </lane>
            <lane id="bottom_1">
                <vehicle id="cfm-fast_5" pos="0.96" speed="26.45"/>
            </lane>
        </edge>
        <edge id="left">
            <lane id="left_0">
                <vehicle id="cfm-fast_2" pos="0.65" speed="20.31"/>
                <vehicle id="cfm-fast_3" pos="16.93" speed="21.69"/>
                <vehicle id="cfm-fast_4" pos="34.70" speed="25.84"/>
            </lane>
            <lane id="left_1"/>
        </edge>
        <edge id="right">
            <lane id="right_0">
                <vehicle id="cfm-slow_2" pos="3.22" speed="17.11"/>
                <vehicle id="cfm-slow_3" pos="19.11" speed="17.29"/>
                <vehicle id="cfm-slow_4" pos="35.19" speed="17.99"/>
            </lane>
            <lane id="right_1"/>
        </edge>
        <edge id="top">
            <lane id="top_0">
                <vehicle id="cfm-slow_5" pos="2.04" speed="20.18"/>
                <vehicle id="cfm-fast_0" pos="21.23" speed="25.03"/>
            </lane>
            <lane id="top_1">
                <vehicle id="cfm-fast_1" pos="37.18" speed="26.02"/>
            </lane>
        </edge>
    </timestep>
    <timestep time="1.95">
        <edge id="bottom">
            <lane id="bottom_0">
                <vehicle id="cfm-slow_0" pos="21.71" speed="17.10"/>
                <vehicle id="cfm-slow_1" pos="37.55" speed="17.11"/>
            </lane>
            <lane id="bottom_1">
                <vehicle id="cfm-fast_5" pos="1.23" speed="26.59"/>
            </lane>
        </edge>
        <edge id="left">
            <lane id="left_0">
                <vehicle id="cfm-fast_2" pos="0.85" speed="20.37"/>
                <vehicle id="cfm-fast_3" pos="17.14" speed="21.77"/>
                <vehicle id="cfm-fast_4" pos="34.96" speed="25.94"/>
            </lane>
            <lane id="left_1"/>
        </edge>
        <edge id="right">
            <lane id="right_0">
                <vehicle id="cfm-slow_2" pos="3.39" speed="17.15"/>
                <vehicle id="cfm-slow_3" pos="19.28" speed="17.33"/>
                <vehicle id="cfm-slow_4" pos="35.37" speed="18.05"/>
            </lane>
            <lane id="right_1"/>
        </edge>
        <edge id="top">
            <lane id="top_0">
                <vehicle id="cfm-slow_5" pos="2.24" speed="20.26"/>
                <vehicle id="cfm-fast_0" pos="21.48" speed="25.11"/>
            </lane>
            <lane id="top_1">
                <vehicle id="cfm-fast_1" pos="37.44" speed="26.16"/>
            </lane>
        </edge>
    </timestep>
    <timestep time="1.96">
        <edge id="bottom">
            <lane id="bottom_0">
                <vehicle id="cfm-slow_0" pos="21.88" speed="17.13"/>
                <vehicle id="cfm-slow_1" pos="37.72" speed="17.14"/>
            </lane>
            <lane id="bottom_1">
                <vehicle id="cfm-fast_5" pos="1.49" speed="26.73"/>
            </lane>
        </edge>
        <edge id="left">
            <lane id="left_0">
                <vehicle id="cfm-fast_2" pos="1.06" speed="20.42"/>
                <vehicle id="cfm-fast_3" pos="17.36" speed="21.85"/>
                <vehicle id="cfm-fast_4" pos="35.22" speed="26.04"/>
            </lane>
            <lane id="left_1"/>
        </edge>
        <edge id="right">
            <lane id="right_0">
                <vehicle id="cfm-slow_2" pos="3.56" speed="17.18"/>
                <vehicle id="cfm-slow_3" pos="19.45" speed="17.37"/>
                <vehicle id="cfm-slow_4" pos="35.55" speed="18.10"/>
            </lane>
            <lane id="right_1"/>
        </edge>
        <edge id="top">
            <lane id="top_0">
                <vehicle id="cfm-slow_5" pos="2.44" speed="20.34"/>
                <vehicle id="cfm-fast_0" pos="21.73" speed="25.19"/>
            </lane>
            <lane id="top_1">
                <vehicle id="cfm-fast_1" pos="37.70" speed="26.30"/>
            </lane>
        </edge>
    </timestep>
    <timestep time="1.97">
        <edge id="bottom">
            <lane id="bottom_0">
                <vehicle id="cfm-slow_0" pos="22.05" speed="17.17"/>
                <vehicle id="cfm-slow_1" pos="37.89" speed="17.18"/>
            </lane>
            <lane id="bottom_1">
                <vehicle id="cfm-fast_5" pos="1.76" speed="26.86"/>
            </lane>
        </edge>
        <edge id="left">
            <lane id="left_0">
                <vehicle id="cfm-fast_2" pos="1.26" speed="20.48"/>
                <vehicle id="cfm-fast_3" pos="17.58" speed="21.94"/>
                <vehicle id="cfm-fast_4" pos="35.48" speed="26.14"/>
            </lane>
            <lane id="left_1"/>
        </edge>
        <edge id="right">
            <lane id="right_0">
                <vehicle id="cfm-slow_2" pos="3.73" speed="17.22"/>
                <vehicle id="cfm-slow_3" pos="19.63" speed="17.41"/>
                <vehicle id="cfm-slow_4" pos="35.73" speed="18.16"/>
            </lane>
            <lane id="right_1"/>
        </edge>
        <edge id="top">
            <lane id="top_0">
                <vehicle id="cfm-slow_5" pos="2.65" speed="20.42"/>
                <vehicle id="cfm-fast_0" pos="21.99" speed="25.26"/>
            </lane>
            <lane id="top_1">
                <vehicle id="cfm-fast_1" pos="37.97" speed="26.43"/>
            </lane>
        </edge>
    </timestep>
    <timestep time="1.98">
        <edge id="bottom">
            <lane id="bottom_0">
                <vehicle id="cfm-slow_0" pos="22.23" speed="17.20"/>
                <vehicle id="cfm-slow_1" pos="38.06" speed="17.21"/>
            </lane>
            <lane id="bottom_1">
                <vehicle id="cfm-fast_5" pos="2.03" speed="27.00"/>
            </lane>
        </edge>
        <edge id="left">
            <lane id="left_0">
                <vehicle id="cfm-fast_2" pos="1.47" speed="20.54"/>
                <vehicle id="cfm-fast_3" pos="17.80" speed="22.02"/>
                <vehicle id="cfm-fast_4" pos="35.75" speed="26.23"/>
            </lane>
            <lane id="left_1"/>
        </edge>
        <edge id="right">
            <lane id="right_0">
                <vehicle id="cfm-slow_2" pos="3.91" speed="17.25"/>
                <vehicle id="cfm-slow_3" pos="19.80" speed="17.45"/>
                <vehicle id="cfm-slow_4" pos="35.92" speed="18.21"/>
            </lane>
            <lane id="right_1"/>
        </edge>
        <edge id="top">
            <lane id="top_0">
                <vehicle id="cfm-slow_5" pos="2.85" speed="20.50"/>
                <vehicle id="cfm-fast_0" pos="22.24" speed="25.34"/>
            </lane>
            <lane id="top_1">
                <vehicle id="cfm-fast_1" pos="38.23" speed="26.57"/>
            </lane>
        </edge>
    </timestep>
    <timestep time="1.99">
        <edge id="bottom">
            <lane id="bottom_0">
                <vehicle id="cfm-slow_0" pos="22.40" speed="17.23"/>
                <vehicle id="cfm-slow_1" pos="38.23" speed="17.24"/>
            </lane>
            <lane id="bottom_1">
                <vehicle id="cfm-fast_5" pos="2.30" speed="27.14"/>
            </lane>
        </edge>
        <edge id="left">
            <lane id="left_0">
                <vehicle id="cfm-fast_2" pos="1.67" speed="20.60"/>
                <vehicle id="cfm-fast_3" pos="18.02" speed="22.10"/>
                <vehicle id="cfm-fast_4" pos="36.01" speed="26.33"/>
            </lane>
            <lane id="left_1"/>
        </edge>
        <edge id="right">
            <lane id="right_0">
                <vehicle id="cfm-slow_2" pos="4.08" speed="17.29"/>
                <vehicle id="cfm-slow_3" pos="19.98" speed="17.49"/>
                <vehicle id="cfm-slow_4" pos="36.10" speed="18.27"/>
            </lane>
            <lane id="right_1"/>
        </edge>
        <edge id="top">
            <lane id="top_0">
                <vehicle id="cfm-slow_5" pos="3.06" speed="20.58"/>
                <vehicle id="cfm-fast_0" pos="22.49" speed="25.41"/>
            </lane>
            <lane id="top_1">
                <vehicle id="cfm-fast_1" pos="38.50" speed="26.71"/>
            </lane>
        </edge>
    </timestep>
    <timestep time="2.00">
        <edge id="bottom">
            <lane id="bottom_0">
                <vehicle id="cfm-slow_0" pos="22.57" speed="17.27"/>
                <vehicle id="cfm-slow_1" pos="38.41" speed="17.28"/>
            </lane>
            <lane id="bottom_1">
                <vehicle id="cfm-fast_5" pos="2.58" speed="27.27"/>
            </lane>
        </edge>
        <edge id="left">
            <lane id="left_0">
                <vehicle id="cfm-fast_2" pos="1.88" speed="20.65"/>
                <vehicle id="cfm-fast_3" pos="18.25" speed="22.19"/>
                <vehicle id="cfm-fast_4" pos="36.27" speed="26.42"/>
            </lane>
            <lane id="left_1"/>
        </edge>
        <edge id="right">
            <lane id="right_0">
                <vehicle id="cfm-slow_2" pos="4.25" speed="17.32"/>
                <vehicle id="cfm-slow_3" pos="20.15" speed="17.53"/>
                <vehicle id="cfm-slow_4" pos="36.28" speed="18.32"/>
            </lane>
            <lane id="right_1"/>
        </edge>
        <edge id="top">
            <lane id="top_0">
                <vehicle id="cfm-slow_5" pos="3.26" speed="20.66"/>
                <vehicle id="cfm-fast_0" pos="22.75" speed="25.48"/>
            </lane>
            <lane id="top_1">
                <vehicle id="cfm-fast_1" pos="38.77" speed="26.84"/>
            </lane>
        </edge>
    </timestep>
    <timestep time="2.01">
        <edge id="bottom">
            <lane id="bottom_0">
                <vehicle id="cfm-slow_0" pos="22.74" speed="17.30"/>
                <vehicle id="cfm-slow_1" pos="38.58" speed="17.31"/>
            </lane>
            <lane id="bottom_1">
                <vehicle id="cfm-fast_5" pos="2.85" speed="27.41"/>
            </lane>
        </edge>
        <edge id="left">
            <lane id="left_0">
                <vehicle id="cfm-fast_2" pos="2.09" speed="20.71"/>
                <vehicle id="cfm-fast_3" pos="18.47" speed="22.27"/>
                <vehicle id="cfm-fast_4" pos="36.54" speed="26.51"/>
            </lane>
            <lane id="left_1"/>
        </edge>
        <edge id="right">
            <lane id="right_0">
                <vehicle id="cfm-slow_2" pos="4.43" speed="17.36"/>
                <vehicle id="cfm-slow_3" pos="20.33" speed="17.57"/>
                <vehicle id="cfm-slow_4" pos="36.47" speed="18.38"/>
            </lane>
            <lane id="right_1"/>
        </edge>
        <edge id="top">
            <lane id="top_0">
                <vehicle id="cfm-slow_5" pos="3.47" speed="20.74"/>
                <vehicle id="cfm-fast_0" pos="23.00" speed="25.55"/>
            </lane>
            <lane id="top_1">
                <vehicle id="cfm-fast_1" pos="39.04" speed="26.98"/>
            </lane>
        </edge>
    </timestep>
    <timestep time="2.02">
        <edge id="bottom">
            <lane id="bottom_0">
                <vehicle id="cfm-slow_0" pos="22.92" speed="17.33"/>
                <vehicle id="cfm-slow_1" pos="38.75" speed="17.34"/>
            </lane>
            <lane id="bottom_1">
                <vehicle id="cfm-fast_5" pos="3.13" speed="27.55"/>
            </lane>
        </edge>
        <edge id="left">
            <lane id="left_0">
                <vehicle id="cfm-fast_2" pos="2.29" speed="20.77"/>
                <vehicle id="cfm-fast_3" pos="18.69" speed="22.35"/>
                <vehicle id="cfm-fast_4" pos="36.80" speed="26.59"/>
            </lane>
            <lane id="left_1"/>
        </edge>
        <edge id="right">
            <lane id="right_0">
                <vehicle id="cfm-slow_2" pos="4.60" speed="17.39"/>
                <vehicle id="cfm-slow_3" pos="20.50" speed="17.61"/>
                <vehicle id="cfm-slow_4" pos="36.65" speed="18.43"/>
            </lane>
            <lane id="right_1"/>
        </edge>
        <edge id="top">
            <lane id="top_0">
                <vehicle id="cfm-slow_5" pos="3.68" speed="20.82"/>
                <vehicle id="cfm-fast_0" pos="23.26" speed="25.62"/>
            </lane>
            <lane id="top_1">
                <vehicle id="cfm-fast_1" pos="39.31" speed="27.12"/>
            </lane>
        </edge>
    </timestep>
    <timestep time="2.03">
        <edge id="bottom">
            <lane id="bottom_0">
                <vehicle id="cfm-slow_0" pos="23.09" speed="17.36"/>
                <vehicle id="cfm-slow_1" pos="38.93" speed="17.37"/>
            </lane>
            <lane id="bottom_1">
                <vehicle id="cfm-fast_5" pos="3.40" speed="27.68"/>
            </lane>
        </edge>
        <edge id="left">
            <lane id="left_0">
                <vehicle id="cfm-fast_2" pos="2.50" speed="20.82"/>
                <vehicle id="cfm-fast_3" pos="18.92" speed="22.43"/>
                <vehicle id="cfm-fast_4" pos="37.07" speed="26.68"/>
            </lane>
            <lane id="left_1"/>
        </edge>
        <edge id="right">
            <lane id="right_0">
                <vehicle id="cfm-slow_2" pos="4.77" speed="17.43"/>
                <vehicle id="cfm-slow_3" pos="20.68" speed="17.65"/>
                <vehicle id="cfm-slow_4" pos="36.83" speed="18.49"/>
            </lane>
            <lane id="right_1"/>
        </edge>
        <edge id="top">
            <lane id="top_0">
                <vehicle id="cfm-slow_5" pos="3.89" speed="20.90"/>
                <vehicle id="cfm-fast_0" pos="23.52" speed="25.69"/>
            </lane>
            <lane id="top_1">
                <vehicle id="cfm-fast_1" pos="39.58" speed="27.25"/>
            </lane>
        </edge>
    </timestep>
    <timestep time="2.04">
        <edge id="bottom">
            <lane id="bottom_0">
                <vehicle id="cfm-slow_0" pos="23.27" speed="17.39"/>
                <vehicle id="cfm-slow_1" pos="39.10" speed="17.41"/>
            </lane>
            <lane id="bottom_1">
                <vehicle id="cfm-fast_5" pos="3.68" speed="27.82"/>
            </lane>
        </edge>
        <edge id="left">
            <lane id="left_0">
                <vehicle id="cfm-fast_2" pos="2.71" speed="20.88"/>
                <vehicle id="cfm-fast_3" pos="19.14" speed="22.51"/>
                <vehicle id="cfm-fast_4" pos="37.34" speed="26.76"/>
            </lane>
            <lane id="left_1"/>
        </edge>
        <edge id="right">
            <lane id="right_0">
                <vehicle id="cfm-slow_2" pos="4.95" speed="17.46"/>
                <vehicle id="cfm-slow_3" pos="20.86" speed="17.69"/>
                <vehicle id="cfm-slow_4" pos="37.02" speed="18.54"/>
            </lane>
            <lane id="right_1"/>
        </edge>
        <edge id="top">
            <lane id="top_0">
                <vehicle id="cfm-slow_5" pos="4.10" speed="20.97"/>
                <vehicle id="cfm-fast_0" pos="23.77" speed="25.76"/>
            </lane>
            <lane id="top_1">
                <vehicle id="cfm-fast_1" pos="39.86" speed="27.39"/>
            </lane>
        </edge>
    </timestep>
    <timestep time="2.05">
        <edge id="bottom">
            <lane id="bottom_0">
                <vehicle id="cfm-slow_0" pos="23.44" speed="17.43"/>
                <vehicle id="cfm-slow_1" pos="39.28" speed="17.44"/>
            </lane>
            <lane id="bottom_1">
                <vehicle id="cfm-fast_5" pos="3.96" speed="27.95"/>
            </lane>
        </edge>
        <edge id="left">
            <lane id="left_0">
                <vehicle id="cfm-fast_2" pos="2.92" speed="20.93"/>
                <vehicle id="cfm-fast_3" pos="19.37" speed="22.60"/>
                <vehicle id="cfm-fast_4" pos="37.61" speed="26.84"/>
            </lane>
            <lane id="left_1"/>
        </edge>
        <edge id="right">
            <lane id="right_0">
                <vehicle id="cfm-slow_2" pos="5.12" speed="17.49"/>
                <vehicle id="cfm-slow_3" pos="21.03" speed="17.73"/>
                <vehicle id="cfm-slow_4" pos="37.21" speed="18.59"/>
            </lane>
            <lane id="right_1"/>
        </edge>
        <edge id="top">
            <lane id="top_0">
                <vehicle id="cfm-slow_5" pos="4.31" speed="21.05"/>
                <vehicle id="cfm-fast_0" pos="24.03" speed="25.83"/>
            </lane>
            <lane id="top_1">
                <vehicle id="cfm-fast_1" pos="40.13" speed="27.52"/>
            </lane>
        </edge>
    </timestep>
    <timestep time="2.06">
        <edge id="bottom">
            <lane id="bottom_0">
                <vehicle id="cfm-slow_0" pos="23.61" speed="17.46"/>
                <vehicle id="cfm-slow_1" pos="39.45" speed="17.47"/>
            </lane>
            <lane id="bottom_1">
                <vehicle id="cfm-fast_5" pos="4.24" speed="28.09"/>
            </lane>
        </edge>
        <edge id="left">
            <lane id="left_0">
                <vehicle id="cfm-fast_2" pos="3.13" speed="20.99"/>
                <vehicle id="cfm-fast_3" pos="19.59" speed="22.68"/>
                <vehicle id="cfm-fast_4" pos="37.88" speed="26.92"/>
            </lane>
            <lane id="left_1"/>
        </edge>
        <edge id="right">
            <lane id="right_0">
                <vehicle id="cfm-slow_2" pos="5.30" speed="17.53"/>
                <vehicle id="cfm-slow_3" pos="21.21" speed="17.77"/>
                <vehicle id="cfm-slow_4" pos="37.39" speed="18.65"/>
            </lane>
            <lane id="right_1"/>
        </edge>
        <edge id="top">
            <lane id="top_0">
                <vehicle id="cfm-slow_5" pos="4.52" speed="21.13"/>
                <vehicle id="cfm-fast_0" pos="24.29" speed="25.89"/>
            </lane>
            <lane id="top_1">
                <vehicle id="cfm-fast_1" pos="40.41" speed="27.66"/>
            </lane>
        </edge>
    </timestep>
    <timestep time="2.07">
        <edge id="bottom">
            <lane id="bottom_0">
                <vehicle id="cfm-slow_0" pos="23.79" speed="17.49"/>
                <vehicle id="cfm-slow_1" pos="39.63" speed="17.50"/>
            </lane>
            <lane id="bottom_1">
                <vehicle id="cfm-fast_5" pos="4.52" speed="28.23"/>
            </lane>
        </edge>
        <edge id="left">
            <lane id="left_0">
                <vehicle id="cfm-fast_2" pos="3.34" speed="21.05"/>
                <vehicle id="cfm-fast_3" pos="19.82" speed="22.76"/>
                <vehicle id="cfm-fast_4" pos="38.15" speed="26.99"/>
            </lane>
            <lane id="left_1"/>
        </edge>
        <edge id="right">
            <lane id="right_0">
                <vehicle id="cfm-slow_2" pos="5.48" speed="17.56"/>
                <vehicle id="cfm-slow_3" pos="21.39" speed="17.81"/>
                <vehicle id="cfm-slow_4" pos="37.58" speed="18.70"/>
            </lane>
            <lane id="right_1"/>
        </edge>
        <edge id="top">
            <lane id="top_0">
                <vehicle id="cfm-slow_5" pos="4.73" speed="21.20"/>
                <vehicle id="cfm-fast_0" pos="24.55" speed="25.95"/>
            </lane>
            <lane id="top_1">
                <vehicle id="cfm-fast_1" pos="40.69" speed="27.80"/>
            </lane>
        </edge>
    </timestep>
    <timestep time="2.08">
        <edge id="bottom">
            <lane id="bottom_0">
                <vehicle id="cfm-slow_0" pos="23.96" speed="17.52"/>
                <vehicle id="cfm-slow_1" pos="39.80" speed="17.53"/>
            </lane>
            <lane id="bottom_1">
                <vehicle id="cfm-fast_5" pos="4.81" speed="28.36"/>
            </lane>
        </edge>
        <edge id="left">
            <lane id="left_0">
                <vehicle id="cfm-fast_2" pos="3.55" speed="21.10"/>
                <vehicle id="cfm-fast_3" pos="20.05" speed="22.84"/>
                <vehicle id="cfm-fast_4" pos="38.42" speed="27.07"/>
            </lane>
            <lane id="left_1"/>
        </edge>
        <edge id="right">
            <lane id="right_0">
                <vehicle id="cfm-slow_2" pos="5.65" speed="17.59"/>
                <vehicle id="cfm-slow_3" pos="21.57" speed="17.85"/>
                <vehicle id="cfm-slow_4" pos="37.77" speed="18.76"/>
            </lane>
            <lane id="right_1"/>
        </edge>
        <edge id="top">
            <lane id="top_0">
                <vehicle id="cfm-slow_5" pos="4.95" speed="21.28"/>
                <vehicle id="cfm-fast_0" pos="24.81" speed="26.02"/>
            </lane>
            <lane id="top_1">
                <vehicle id="cfm-fast_1" pos="40.97" speed="27.93"/>
            </lane>
        </edge>
    </timestep>
    <timestep time="2.09">
        <edge id="bottom">
            <lane id="bottom_0">
                <vehicle id="cfm-slow_0" pos="24.14" speed="17.55"/>
                <vehicle id="cfm-slow_1" pos="39.98" speed="17.56"/>
            </lane>
            <lane id="bottom_1">
                <vehicle id="cfm-fast_5" pos="5.09" speed="28.50"/>
            </lane>
        </edge>
        <edge id="left">
            <lane id="left_0">
                <vehicle id="cfm-fast_2" pos="3.76" speed="21.16"/>
                <vehicle id="cfm-fast_3" pos="20.28" speed="22.92"/>
                <vehicle id="cfm-fast_4" pos="38.69" speed="27.14"/>
            </lane>
            <lane id="left_1"/>
        </edge>
        <edge id="right">
            <lane id="right_0">
                <vehicle id="cfm-slow_2" pos="5.83" speed="17.62"/>
                <vehicle id="cfm-slow_3" pos="21.75" speed="17.89"/>
                <vehicle id="cfm-slow_4" pos="37.95" speed="18.81"/>
            </lane>
            <lane id="right_1"/>
        </edge>
        <edge id="top">
            <lane id="top_0">
                <vehicle id="cfm-slow_5" pos="5.16" speed="21.36"/>
                <vehicle id="cfm-fast_0" pos="25.07" speed="26.08"/>
            </lane>
            <lane id="top_1">
                <vehicle id="cfm-fast_1" pos="41.25" speed="28.07"/>
            </lane>
        </edge>
    </timestep>
    <timestep time="2.10">
        <edge id="bottom">
            <lane id="bottom_0">
                <vehicle id="cfm-slow_0" pos="24.32" speed="17.58"/>
                <vehicle id="cfm-slow_1" pos="40.15" speed="17.59"/>
            </lane>
            <lane id="bottom_1">
                <vehicle id="cfm-fast_5" pos="5.38" speed="28.64"/>
            </lane>
        </edge>
        <edge id="left">
            <lane id="left_0">
                <vehicle id="cfm-fast_2" pos="3.97" speed="21.21"/>
                <vehicle id="cfm-fast_3" pos="20.51" speed="23.00"/>
                <vehicle id="cfm-fast_4" pos="38.96" speed="27.21"/>
            </lane>
            <lane id="left_1"/>
        </edge>
        <edge id="right">
            <lane id="right_0">
                <vehicle id="cfm-slow_2" pos="6.00" speed="17.66"/>
                <vehicle id="cfm-slow_3" pos="21.93" speed="17.93"/>
                <vehicle id="cfm-slow_4" pos="38.14" speed="18.86"/>
            </lane>
            <lane id="right_1"/>
        </edge>
        <edge id="top">
            <lane id="top_0">
                <vehicle id="cfm-slow_5" pos="5.37" speed="21.43"/>
                <vehicle id="cfm-fast_0" pos="25.33" speed="26.14"/>
            </lane>
            <lane id="top_1">
                <vehicle id="cfm-fast_1" pos="41.53" speed="28.21"/>
            </lane>
        </edge>
    </timestep>
    <timestep time="2.11">
        <edge id="bottom">
            <lane id="bottom_0">
                <vehicle id="cfm-slow_0" pos="24.49" speed="17.61"/>
                <vehicle id="cfm-slow_1" pos="40.33" speed="17.62"/>
            </lane>
            <lane id="bottom_1">
                <vehicle id="cfm-fast_5" pos="5.67" speed="28.77"/>
            </lane>
        </edge>
        <edge id="left">
            <lane id="left_0">
                <vehicle id="cfm-fast_2" pos="4.19" speed="21.27"/>
                <vehicle id="cfm-fast_3" pos="20.74" speed="23.07"/>
                <vehicle id="cfm-fast_4" pos="39.23" speed="27.28"/>
            </lane>
            <lane id="left_1"/>
        </edge>
        <edge id="right">
            <lane id="right_0">
                <vehicle id="cfm-slow_2" pos="6.18" speed="17.69"/>
                <vehicle id="cfm-slow_3" pos="22.11" speed="17.96"/>
                <vehicle id="cfm-slow_4" pos="38.33" speed="18.92"/>
            </lane>
            <lane id="right_1"/>
        </edge>
        <edge id="top">
            <lane id="top_0">
                <vehicle id="cfm-slow_5" pos="5.59" speed="21.51"/>
                <vehicle id="cfm-fast_0" pos="25.59" speed="26.20"/>
            </lane>
            <lane id="top_1">
                <vehicle id="cfm-fast_1" pos="41.81" speed="28.34"/>
            </lane>
        </edge>
    </timestep>
    <timestep time="2.12">
        <edge id="bottom">
            <lane id="bottom_0">
                <vehicle id="cfm-slow_0" pos="24.67" speed="17.64"/>
                <vehicle id="cfm-slow_1" pos="40.51" speed="17.65"/>
            </lane>
            <lane id="bottom_1">
                <vehicle id="cfm-fast_5" pos="5.95" speed="28.91"/>
            </lane>
        </edge>
        <edge id="left">
            <lane id="left_0">
                <vehicle id="cfm-fast_2" pos="4.40" speed="21.32"/>
                <vehicle id="cfm-fast_3" pos="20.97" speed="23.15"/>
                <vehicle id="cfm-fast_4" pos="39.51" speed="27.34"/>
            </lane>
            <lane id="left_1"/>
        </edge>
        <edge id="right">
            <lane id="right_0">
                <vehicle id="cfm-slow_2" pos="6.36" speed="17.72"/>
                <vehicle id="cfm-slow_3" pos="22.29" speed="18.00"/>
                <vehicle id="cfm-slow_4" pos="38.52" speed="18.97"/>
            </lane>
            <lane id="right_1"/>
        </edge>
        <edge id="top">
            <lane id="top_0">
                <vehicle id="cfm-slow_5" pos="5.80" speed="21.58"/>
                <vehicle id="cfm-fast_0" pos="25.86" speed="26.26"/>
            </lane>
            <lane id="top_1">
                <vehicle id="cfm-fast_1" pos="42.10" speed="28.48"/>
            </lane>
        </edge>
    </timestep>
    <timestep time="2.13">
        <edge id="bottom">
            <lane id="bottom_0">
                <vehicle id="cfm-slow_0" pos="24.84" speed="17.67"/>
                <vehicle id="cfm-slow_1" pos="40.68" speed="17.68"/>
            </lane>
            <lane id="bottom_1">
                <vehicle id="cfm-fast_5" pos="6.25" speed="29.05"/>
            </lane>
        </edge>
        <edge id="left">
            <lane id="left_0">
                <vehicle id="cfm-fast_2" pos="4.61" speed="21.38"/>
                <vehicle id="cfm-fast_3" pos="21.20" speed="23.23"/>
                <vehicle id="cfm-fast_4" pos="39.78" speed="27.41"/>
            </lane>
            <lane id="left_1"/>
        </edge>
        <edge id="right">
            <lane id="right_0">
                <vehicle id="cfm-slow_2" pos="6.54" speed="17.75"/>
                <vehicle id="cfm-slow_3" pos="22.47" speed="18.04"/>
                <vehicle id="cfm-slow_4" pos="38.71" speed="19.03"/>
            </lane>
            <lane id="right_1"/>
        </edge>
        <edge id="top">
            <lane id="top_0">
                <vehicle id="cfm-slow_5" pos="6.02" speed="21.65"/>
                <vehicle id="cfm-fast_0" pos="26.12" speed="26.32"/>
            </lane>
            <lane id="top_1">
                <vehicle id="cfm-fast_1" pos="42.38" speed="28.62"/>
            </lane>
        </edge>
    </timestep>
    <timestep time="2.14">
        <edge id="bottom">
            <lane id="bottom_0">
                <vehicle id="cfm-slow_0" pos="25.02" speed="17.70"/>
                <vehicle id="cfm-slow_1" pos="40.86" speed="17.71"/>
            </lane>
            <lane id="bottom_1">
                <vehicle id="cfm-fast_5" pos="6.54" speed="29.18"/>
            </lane>
        </edge>
        <edge id="left">
            <lane id="left_0">
                <vehicle id="cfm-fast_2" pos="4.83" speed="21.44"/>
                <vehicle id="cfm-fast_3" pos="21.44" speed="23.31"/>
                <vehicle id="cfm-fast_4" pos="40.06" speed="27.47"/>
            </lane>
            <lane id="left_1"/>
        </edge>
        <edge id="right">
            <lane id="right_0">
                <vehicle id="cfm-slow_2" pos="6.71" speed="17.78"/>
                <vehicle id="cfm-slow_3" pos="22.65" speed="18.08"/>
                <vehicle id="cfm-slow_4" pos="38.90" speed="19.08"/>
            </lane>
            <lane id="right_1"/>
        </edge>
        <edge id="top">
            <lane id="top_0">
                <vehicle id="cfm-slow_5" pos="6.24" speed="21.73"/>
                <vehicle id="cfm-fast_0" pos="26.38" speed="26.37"/>
            </lane>
            <lane id="top_1">
                <vehicle id="cfm-fast_1" pos="42.67" speed="28.75"/>
            </lane>
        </edge>
    </timestep>
    <timestep time="2.15">
        <edge id="bottom">
            <lane id="bottom_0">
                <vehicle id="cfm-slow_0" pos="25.20" speed="17.73"/>
                <vehicle id="cfm-slow_1" pos="41.04" speed="17.74"/>
            </lane>
            <lane id="bottom_1">
                <vehicle id="cfm-fast_5" pos="6.83" speed="29.32"/>
            </lane>
        </edge>
        <edge id="left">
            <lane id="left_0">
                <vehicle id="cfm-fast_2" pos="5.04" speed="21.49"/>
                <vehicle id="cfm-fast_3" pos="21.67" speed="23.39"/>
                <vehicle id="cfm-fast_4" pos="40.33" speed="27.53"/>
            </lane>
            <lane id="left_1"/>
        </edge>
        <edge id="right">
            <lane id="right_0">
                <vehicle id="cfm-slow_2" pos="6.89" speed="17.82"/>
                <vehicle id="cfm-slow_3" pos="22.83" speed="18.12"/>
                <vehicle id="cfm-slow_4" pos="39.09" speed="19.13"/>
            </lane>
            <lane id="right_1"/>
        </edge>
        <edge id="top">
            <lane id="top_0">
                <vehicle id="cfm-slow_5" pos="6.46" speed="21.80"/>
                <vehicle id="cfm-fast_0" pos="26.65" speed="26.43"/>
            </lane>
            <lane id="top_1">
                <vehicle id="cfm-fast_1" pos="42.96" speed="28.89"/>
            </lane>
        </edge>
    </timestep>
    <timestep time="2.16">
        <edge id="bottom">
            <lane id="bottom_0">
                <vehicle id="cfm-slow_0" pos="25.38" speed="17.75"/>
                <vehicle id="cfm-slow_1" pos="41.21" speed="17.77"/>
            </lane>
            <lane id="bottom_1">
                <vehicle id="cfm-fast_5" pos="7.12" speed="29.45"/>
            </lane>
        </edge>
        <edge id="left">
            <lane id="left_0">
                <vehicle id="cfm-fast_2" pos="5.26" speed="21.55"/>
                <vehicle id="cfm-fast_3" pos="21.91" speed="23.46"/>
                <vehicle id="cfm-fast_4" pos="40.61" speed="27.59"/>
            </lane>
            <lane id="left_1"/>
        </edge>
        <edge id="right">
            <lane id="right_0">
                <vehicle id="cfm-slow_2" pos="7.07" speed="17.85"/>
                <vehicle id="cfm-slow_3" pos="23.01" speed="18.16"/>
                <vehicle id="cfm-slow_4" pos="39.29" speed="19.19"/>
            </lane>
            <lane id="right_1"/>
        </edge>
        <edge id="top">
            <lane id="top_0">
                <vehicle id="cfm-slow_5" pos="6.67" speed="21.87"/>
                <vehicle id="cfm-fast_0" pos="26.91" speed="26.48"/>
            </lane>
            <lane id="top_1">
                <vehicle id="cfm-fast_1" pos="43.25" speed="29.02"/>
            </lane>
        </edge>
    </timestep>
    <timestep time="2.17">
        <edge id="bottom">
            <lane id="bottom_0">
                <vehicle id="cfm-slow_0" pos="25.55" speed="17.78"/>
                <vehicle id="cfm-slow_1" pos="41.39" speed="17.80"/>
            </lane>
            <lane id="bottom_1">
                <vehicle id="cfm-fast_5" pos="7.42" speed="29.59"/>
            </lane>
        </edge>
        <edge id="left">
            <lane id="left_0">
                <vehicle id="cfm-fast_2" pos="5.48" speed="21.60"/>
                <vehicle id="cfm-fast_3" pos="22.14" speed="23.54"/>
                <vehicle id="cfm-fast_4" pos="40.88" speed="27.65"/>
            </lane>
            <lane id="left_1"/>
        </edge>
        <edge id="right">
            <lane id="right_0">
                <vehicle id="cfm-slow_2" pos="7.25" speed="17.88"/>
                <vehicle id="cfm-slow_3" pos="23.19" speed="18.19"/>
                <vehicle id="cfm-slow_4" pos="39.48" speed="19.24"/>
            </lane>
            <lane id="right_1"/>
        </edge>
        <edge id="top">
            <lane id="top_0">
                <vehicle id="cfm-slow_5" pos="6.89" speed="21.95"/>
                <vehicle id="cfm-fast_0" pos="27.18" speed="26.54"/>
            </lane>
            <lane id="top_1">
                <vehicle id="cfm-fast_1" pos="43.54" speed="29.16"/>
            </lane>
        </edge>
    </timestep>
    <timestep time="2.18">
        <edge id="bottom">
            <lane id="bottom_0">
                <vehicle id="cfm-slow_0" pos="25.73" speed="17.81"/>
                <vehicle id="cfm-slow_1" pos="41.57" speed="17.83"/>
            </lane>
            <lane id="bottom_1">
                <vehicle id="cfm-fast_5" pos="7.72" speed="29.73"/>
            </lane>
        </edge>
        <edge id="left">
            <lane id="left_0">
                <vehicle id="cfm-fast_2" pos="5.69" speed="21.65"/>
                <vehicle id="cfm-fast_3" pos="22.38" speed="23.61"/>
                <vehicle id="cfm-fast_4" pos="41.16" speed="27.71"/>
            </lane>
            <lane id="left_1"/>
        </edge>
        <edge id="right">
            <lane id="right_0">
                <vehicle id="cfm-slow_2" pos="7.43" speed="17.91"/>
                <vehicle id="cfm-slow_3" pos="23.37" speed="18.23"/>
                <vehicle id="cfm-slow_4" pos="39.67" speed="19.29"/>
            </lane>
            <lane id="right_1"/>
        </edge>
        <edge id="top">
            <lane id="top_0">
                <vehicle id="cfm-slow_5" pos="7.11" speed="22.02"/>
                <vehicle id="cfm-fast_0" pos="27.44" speed="26.59"/>
            </lane>
            <lane id="top_1">
                <vehicle id="cfm-fast_1" pos="43.83" speed="29.30"/>
            </lane>
        </edge>
    </timestep>
    <timestep time="2.19">
        <edge id="bottom">
            <lane id="bottom_0">
                <vehicle id="cfm-slow_0" pos="25.91" speed="17.84"/>
                <vehicle id="cfm-slow_1" pos="41.75" speed="17.86"/>
            </lane>
            <lane id="bottom_1">
                <vehicle id="cfm-fast_5" pos="8.02" speed="29.86"/>
            </lane>
        </edge>
        <edge id="left">
            <lane id="left_0">
                <vehicle id="cfm-fast_2" pos="5.91" speed="21.71"/>
                <vehicle id="cfm-fast_3" pos="22.61" speed="23.69"/>
                <vehicle id="cfm-fast_4" pos="41.44" speed="27.76"/>
            </lane>
            <lane id="left_1"/>
        </edge>
        <edge id="right">
            <lane id="right_0">
                <vehicle id="cfm-slow_2" pos="7.61" speed="17.94"/>
                <vehicle id="cfm-slow_3" pos="23.56" speed="18.27"/>
                <vehicle id="cfm-slow_4" pos="39.87" speed="19.35"/>
            </lane>
            <lane id="right_1"/>
        </edge>
        <edge id="top">
            <lane id="top_0">
                <vehicle id="cfm-slow_5" pos="7.33" speed="22.09"/>
                <vehicle id="cfm-fast_0" pos="27.71" speed="26.64"/>
            </lane>
            <lane id="top_1">
                <vehicle id="cfm-fast_1" pos="44.13" speed="29.43"/>
            </lane>
        </edge>
    </timestep>
    <timestep time="2.20">
        <edge id="bottom">
            <lane id="bottom_0">
                <vehicle id="cfm-slow_0" pos="26.09" speed="17.86"/>
                <vehicle id="cfm-slow_1" pos="41.93" speed="17.88"/>
            </lane>
            <lane id="bottom_1">
                <vehicle id="cfm-fast_5" pos="8.32" speed="30.00"/>
            </lane>
        </edge>
        <edge id="left">
            <lane id="left_0">
                <vehicle id="cfm-fast_2" pos="6.13" speed="21.76"/>
                <vehicle id="cfm-fast_3" pos="22.85" speed="23.76"/>
                <vehicle id="cfm-fast_4" pos="41.72" speed="27.81"/>
            </lane>
            <lane id="left_1"/>
        </edge>
        <edge id="right">
            <lane id="right_0">
                <vehicle id="cfm-slow_2" pos="7.79" speed="17.97"/>
                <vehicle id="cfm-slow_3" pos="23.74" speed="18.31"/>
                <vehicle id="cfm-slow_4" pos="40.06" speed="19.40"/>
            </lane>
            <lane id="right_1"/>
        </edge>
        <edge id="top">
            <lane id="top_0">
                <vehicle id="cfm-slow_5" pos="7.56" speed="22.16"/>
                <vehicle id="cfm-fast_0" pos="27.98" speed="26.69"/>
            </lane>
            <lane id="top_1">
                <vehicle id="cfm-fast_1" pos="44.42" speed="29.57"/>
            </lane>
        </edge>
    </timestep>
    <timestep time="2.21">
        <edge id="bottom">
            <lane id="bottom_0">
                <vehicle id="cfm-slow_0" pos="26.27" speed="17.89"/>
                <vehicle id="cfm-slow_1" pos="42.11" speed="17.91"/>
            </lane>
            <lane id="bottom_1">
                <vehicle id="cfm-fast_5" pos="8.62" speed="30.14"/>
            </lane>
        </edge>
        <edge id="left">
            <lane id="left_0">
                <vehicle id="cfm-fast_2" pos="6.34" speed="21.82"/>
                <vehicle id="cfm-fast_3" pos="23.09" speed="23.84"/>
                <vehicle id="cfm-fast_4" pos="42.00" speed="27.86"/>
            </lane>
            <lane id="left_1"/>
        </edge>
        <edge id="right">
            <lane id="right_0">
                <vehicle id="cfm-slow_2" pos="7.97" speed="18.00"/>
                <vehicle id="cfm-slow_3" pos="23.92" speed="18.34"/>
                <vehicle id="cfm-slow_4" pos="40.25" speed="19.45"/>
            </lane>
            <lane id="right_1"/>
        </edge>
        <edge id="top">
            <lane id="top_0">
                <vehicle id="cfm-slow_5" pos="7.78" speed="22.23"/>
                <vehicle id="cfm-fast_0" pos="28.25" speed="26.74"/>
            </lane>
            <lane id="top_1">
                <vehicle id="cfm-fast_1" pos="44.72" speed="29.71"/>
            </lane>
        </edge>
    </timestep>
    <timestep time="2.22">
        <edge id="bottom">
            <lane id="bottom_0">
                <vehicle id="cfm-slow_0" pos="26.45" speed="17.92"/>
                <vehicle id="cfm-slow_1" pos="42.29" speed="17.94"/>
            </lane>
            <lane id="bottom_1">
                <vehicle id="cfm-fast_5" pos="8.92" speed="30.27"/>
            </lane>
        </edge>
        <edge id="left">
            <lane id="left_0">
                <vehicle id="cfm-fast_2" pos="6.56" speed="21.87"/>
                <vehicle id="cfm-fast_3" pos="23.33" speed="23.91"/>
                <vehicle id="cfm-fast_4" pos="42.27" speed="27.91"/>
            </lane>
            <lane id="left_1"/>
        </edge>
        <edge id="right">
            <lane id="right_0">
                <vehicle id="cfm-slow_2" pos="8.15" speed="18.03"/>
                <vehicle id="cfm-slow_3" pos="24.11" speed="18.38"/>
                <vehicle id="cfm-slow_4" pos="40.45" speed="19.51"/>
            </lane>
            <lane id="right_1"/>
        </edge>
        <edge id="top">
            <lane id="top_0">
                <vehicle id="cfm-slow_5" pos="8.00" speed="22.30"/>
                <vehicle id="cfm-fast_0" pos="28.51" speed="26.79"/>
            </lane>
            <lane id="top_1">
                <vehicle id="cfm-fast_1" pos="45.02" speed="29.84"/>
            </lane>
        </edge>
    </timestep>
    <timestep time="2.23">
        <edge id="bottom">
            <lane id="bottom_0">
                <vehicle id="cfm-slow_0" pos="26.63" speed="17.95"/>
                <vehicle id="cfm-slow_1" pos="42.47" speed="17.97"/>
            </lane>
            <lane id="bottom_1">
                <vehicle id="cfm-fast_5" pos="9.22" speed="30.41"/>
            </lane>
        </edge>
        <edge id="left">
            <lane id="left_0">
                <vehicle id="cfm-fast_2" pos="6.78" speed="21.93"/>
                <vehicle id="cfm-fast_3" pos="23.57" speed="23.98"/>
                <vehicle id="cfm-fast_4" pos="42.55" speed="27.96"/>
            </lane>
            <lane id="left_1"/>
        </edge>
        <edge id="right">
            <lane id="right_0">
                <vehicle id="cfm-slow_2" pos="8.33" speed="18.06"/>
                <vehicle id="cfm-slow_3" pos="24.29" speed="18.42"/>
                <vehicle id="cfm-slow_4" pos="40.64" speed="19.56"/>
            </lane>
            <lane id="right_1"/>
        </edge>
        <edge id="top">
            <lane id="top_0">
                <vehicle id="cfm-slow_5" pos="8.23" speed="22.37"/>
                <vehicle id="cfm-fast_0" pos="28.78" speed="26.84"/>
            </lane>
            <lane id="top_1">
                <vehicle id="cfm-fast_1" pos="45.32" speed="29.98"/>
            </lane>
        </edge>
    </timestep>
    <timestep time="2.24">
        <edge id="bottom">
            <lane id="bottom_0">
                <vehicle id="cfm-slow_0" pos="26.81" speed="17.97"/>
                <vehicle id="cfm-slow_1" pos="42.65" speed="17.99"/>
            </lane>
            <lane id="bottom_1">
                <vehicle id="cfm-fast_5" pos="9.53" speed="30.55"/>
            </lane>
        </edge>
        <edge id="left">
            <lane id="left_0">
                <vehicle id="cfm-fast_2" pos="7.00" speed="21.98"/>
                <vehicle id="cfm-fast_3" pos="23.81" speed="24.06"/>
                <vehicle id="cfm-fast_4" pos="42.83" speed="28.01"/>
            </lane>
            <lane id="left_1"/>
        </edge>
        <edge id="right">
            <lane id="right_0">
                <vehicle id="cfm-slow_2" pos="8.51" speed="18.09"/>
                <vehicle id="cfm-slow_3" pos="24.48" speed="18.45"/>
                <vehicle id="cfm-slow_4" pos="40.84" speed="19.61"/>
            </lane>
            <lane id="right_1"/>
        </edge>
        <edge id="top">
            <lane id="top_0">
                <vehicle id="cfm-slow_5" pos="8.45" speed="22.44"/>
                <vehicle id="cfm-fast_0" pos="29.05" speed="26.89"/>
            </lane>
            <lane id="top_1">
                <vehicle id="cfm-fast_1" pos="45.62" speed="30.12"/>
            </lane>
        </edge>
    </timestep>
    <timestep time="2.25">
        <edge id="bottom">
            <lane id="bottom_0">
                <vehicle id="cfm-slow_0" pos="26.99" speed="18.00"/>
                <vehicle id="cfm-slow_1" pos="42.83" speed="18.02"/>
            </lane>
            <lane id="bottom_1">
                <vehicle id="cfm-fast_5" pos="9.84" speed="30.68"/>
            </lane>
        </edge>
        <edge id="left">
            <lane id="left_0">
                <vehicle id="cfm-fast_2" pos="7.22" speed="22.03"/>
                <vehicle id="cfm-fast_3" pos="24.05" speed="24.13"/>
                <vehicle id="cfm-fast_4" pos="43.11" speed="28.05"/>
            </lane>
            <lane id="left_1"/>
        </edge>
        <edge id="right">
            <lane id="right_0">
                <vehicle id="cfm-slow_2" pos="8.69" speed="18.12"/>
                <vehicle id="cfm-slow_3" pos="24.66" speed="18.49"/>
                <vehicle id="cfm-slow_4" pos="41.04" speed="19.67"/>
            </lane>
            <lane id="right_1"/>
        </edge>
        <edge id="top">
            <lane id="top_0">
                <vehicle id="cfm-slow_5" pos="8.68" speed="22.51"/>
                <vehicle id="cfm-fast_0" pos="29.32" speed="26.94"/>
            </lane>
            <lane id="top_1">
                <vehicle id="cfm-fast_1" pos="45.92" speed="30.25"/>
            </lane>
        </edge>
    </timestep>
    <timestep time="2.26">
        <edge id="bottom">
            <lane id="bottom_0">
                <vehicle id="cfm-slow_0" pos="27.17" speed="18.02"/>
                <vehicle id="cfm-slow_1" pos="43.01" speed="18.05"/>
            </lane>
            <lane id="bottom_1">
                <vehicle id="cfm-fast_5" pos="10.15" speed="30.82"/>
            </lane>
        </edge>
        <edge id="left">
            <lane id="left_0">
                <vehicle id="cfm-fast_2" pos="7.44" speed="22.09"/>
                <vehicle id="cfm-fast_3" pos="24.29" speed="24.20"/>
                <vehicle id="cfm-fast_4" pos="43.40" speed="28.10"/>
            </lane>
            <lane id="left_1"/>
        </edge>
        <edge id="right">
            <lane id="right_0">
                <vehicle id="cfm-slow_2" pos="8.87" speed="18.15"/>
                <vehicle id="cfm-slow_3" pos="24.85" speed="18.53"/>
                <vehicle id="cfm-slow_4" pos="41.23" speed="19.72"/>
            </lane>
            <lane id="right_1"/>
        </edge>
        <edge id="top">
            <lane id="top_0">
                <vehicle id="cfm-slow_5" pos="8.90" speed="22.58"/>
                <vehicle id="cfm-fast_0" pos="29.59" speed="26.98"/>
            </lane>
            <lane id="top_1">
                <vehicle id="cfm-fast_1" pos="46.23" speed="30.39"/>
            </lane>
        </edge>
    </timestep>
    <timestep time="2.27">
        <edge id="bottom">
            <lane id="bottom_0">
                <vehicle id="cfm-slow_0" pos="27.35" speed="18.05"/>
                <vehicle id="cfm-slow_1" pos="43.19" speed="18.07"/>
            </lane>
            <lane id="bottom_1">
                <vehicle id="cfm-fast_5" pos="10.45" speed="30.95"/>
            </lane>
        </edge>
        <edge id="left">
            <lane id="left_0">
                <vehicle id="cfm-fast_2" pos="7.67" speed="22.14"/>
                <vehicle id="cfm-fast_3" pos="24.54" speed="24.27"/>
                <vehicle id="cfm-fast_4" pos="43.68" speed="28.14"/>
            </lane>
            <lane id="left_1"/>
        </edge>
        <edge id="right">
            <lane id="right_0">
                <vehicle id="cfm-slow_2" pos="9.05" speed="18.18"/>
                <vehicle id="cfm-slow_3" pos="25.03" speed="18.57"/>
                <vehicle id="cfm-slow_4" pos="41.43" speed="19.77"/>
            </lane>
            <lane id="right_1"/>
        </edge>
        <edge id="top">
            <lane id="top_0">
                <vehicle id="cfm-slow_5" pos="9.13" speed="22.65"/>
                <vehicle id="cfm-fast_0" pos="29.86" speed="27.03"/>
            </lane>
            <lane id="top_1">
                <vehicle id="cfm-fast_1" pos="46.53" speed="30.52"/>
            </lane>
        </edge>
    </timestep>
    <timestep time="2.28">
        <edge id="bottom">
            <lane id="bottom_0">
                <vehicle id="cfm-slow_0" pos="27.53" speed="18.08"/>
                <vehicle id="cfm-slow_1" pos="43.37" speed="18.10"/>
            </lane>
            <lane id="bottom_1">
                <vehicle id="cfm-fast_5" pos="10.77" speed="31.09"/>
            </lane>
        </edge>
        <edge id="left">
            <lane id="left_0">
                <vehicle id="cfm-fast_2" pos="7.89" speed="22.19"/>
                <vehicle id="cfm-fast_3" pos="24.78" speed="24.34"/>
                <vehicle id="cfm-fast_4" pos="43.96" speed="28.18"/>
            </lane>
            <lane id="left_1"/>
        </edge>
        <edge id="right">
            <lane id="right_0">
                <vehicle id="cfm-slow_2" pos="9.24" speed="18.21"/>
                <vehicle id="cfm-slow_3" pos="25.22" speed="18.60"/>
                <vehicle id="cfm-slow_4" pos="41.63" speed="19.82"/>
            </lane>
            <lane id="right_1"/>
        </edge>
        <edge id="top">
            <lane id="top_0">
                <vehicle id="cfm-slow_5" pos="9.35" speed="22.72"/>
                <vehicle id="cfm-fast_0" pos="30.13" speed="27.07"/>
            </lane>
            <lane id="top_1">
                <vehicle id="cfm-fast_1" pos="46.84" speed="30.66"/>
            </lane>
        </edge>
    </timestep>
    <timestep time="2.29">
        <edge id="bottom">
            <lane id="bottom_0">
                <vehicle id="cfm-slow_0" pos="27.71" speed="18.10"/>
                <vehicle id="cfm-slow_1" pos="43.55" speed="18.13"/>
            </lane>
            <lane id="bottom_1">
                <vehicle id="cfm-fast_5" pos="11.08" speed="31.23"/>
            </lane>
        </edge>
        <edge id="left">
            <lane id="left_0">
                <vehicle id="cfm-fast_2" pos="8.11" speed="22.25"/>
                <vehicle id="cfm-fast_3" pos="25.02" speed="24.41"/>
                <vehicle id="cfm-fast_4" pos="44.24" speed="28.22"/>
            </lane>
            <lane id="left_1"/>
        </edge>
        <edge id="right">
            <lane id="right_0">
                <vehicle id="cfm-slow_2" pos="9.42" speed="18.23"/>
                <vehicle id="cfm-slow_3" pos="25.40" speed="18.64"/>
                <vehicle id="cfm-slow_4" pos="41.83" speed="19.88"/>
            </lane>
            <lane id="right_1"/>
        </edge>
        <edge id="top">
            <lane id="top_0">
                <vehicle id="cfm-slow_5" pos="9.58" speed="22.78"/>
                <vehicle id="cfm-fast_0" pos="30.40" speed="27.12"/>
            </lane>
            <lane id="top_1">
                <vehicle id="cfm-fast_1" pos="47.15" speed="30.80"/>
            </lane>
        </edge>
    </timestep>
    <timestep time="2.30">
        <edge id="bottom">
            <lane id="bottom_0">
                <vehicle id="cfm-slow_0" pos="27.89" speed="18.13"/>
                <vehicle id="cfm-slow_1" pos="43.73" speed="18.15"/>
            </lane>
            <lane id="bottom_1">
                <vehicle id="cfm-fast_5" pos="11.39" speed="31.36"/>
            </lane>
        </edge>
        <edge id="left">
            <lane id="left_0">
                <vehicle id="cfm-fast_2" pos="8.33" speed="22.30"/>
                <vehicle id="cfm-fast_3" pos="25.27" speed="24.48"/>
                <vehicle id="cfm-fast_4" pos="44.52" speed="28.25"/>
            </lane>
            <lane id="left_1"/>
        </edge>
        <edge id="right">
            <lane id="right_0">
                <vehicle id="cfm-slow_2" pos="9.60" speed="18.26"/>
                <vehicle id="cfm-slow_3" pos="25.59" speed="18.68"/>
                <vehicle id="cfm-slow_4" pos="42.03" speed="19.93"/>
            </lane>
            <lane id="right_1"/>
        </edge>
        <edge id="top">
            <lane id="top_0">
                <vehicle id="cfm-slow_5" pos="9.81" speed="22.85"/>
                <vehicle id="cfm-fast_0" pos="30.67" speed="27.16"/>
            </lane>
            <lane id="top_1">
                <vehicle id="cfm-fast_1" pos="47.46" speed="30.93"/>
            </lane>
        </edge>
    </timestep>
    <timestep time="2.31">
        <edge id="bottom">
            <lane id="bottom_0">
                <vehicle id="cfm-slow_0" pos="28.07" speed="18.15"/>
                <vehicle id="cfm-slow_1" pos="43.91" speed="18.18"/>
            </lane>
            <lane id="bottom_1">
                <vehicle id="cfm-fast_5" pos="11.71" speed="31.50"/>
            </lane>
        </edge>
        <edge id="left">
            <lane id="left_0">
                <vehicle id="cfm-fast_2" pos="8.56" speed="22.35"/>
                <vehicle id="cfm-fast_3" pos="25.51" speed="24.55"/>
                <vehicle id="cfm-fast_4" pos="44.81" speed="28.29"/>
            </lane>
            <lane id="left_1"/>
        </edge>
        <edge id="right">
            <lane id="right_0">
                <vehicle id="cfm-slow_2" pos="9.78" speed="18.29"/>
                <vehicle id="cfm-slow_3" pos="25.78" speed="18.71"/>
                <vehicle id="cfm-slow_4" pos="42.23" speed="19.98"/>
            </lane>
            <lane id="right_1"/>
        </edge>
        <edge id="top">
            <lane id="top_0">
                <vehicle id="cfm-slow_5" pos="10.04" speed="22.92"/>
                <vehicle id="cfm-fast_0" pos="30.95" speed="27.20"/>
            </lane>
            <lane id="top_1">
                <vehicle id="cfm-fast_1" pos="47.77" speed="31.07"/>
            </lane>
        </edge>
    </timestep>
    <timestep time="2.32">
        <edge id="bottom">
            <lane id="bottom_0">
                <vehicle id="cfm-slow_0" pos="28.25" speed="18.18"/>
                <vehicle id="cfm-slow_1" pos="44.09" speed="18.20"/>
            </lane>
            <lane id="bottom_1">
                <vehicle id="cfm-fast_5" pos="12.02" speed="31.64"/>
            </lane>
        </edge>
        <edge id="left">
            <lane id="left_0">
                <vehicle id="cfm-fast_2" pos="8.78" speed="22.40"/>
                <vehicle id="cfm-fast_3" pos="25.76" speed="24.62"/>
                <vehicle id="cfm-fast_4" pos="45.09" speed="28.33"/>
            </lane>
            <lane id="left_1"/>
        </edge>
        <edge id="right">
            <lane id="right_0">
                <vehicle id="cfm-slow_2" pos="9.97" speed="18.32"/>
                <vehicle id="cfm-slow_3" pos="25.97" speed="18.75"/>
                <vehicle id="cfm-slow_4" pos="42.43" speed="20.03"/>
            </lane>
            <lane id="right_1"/>
        </edge>
        <edge id="top">
            <lane id="top_0">
                <vehicle id="cfm-slow_5" pos="10.27" speed="22.98"/>
                <vehicle id="cfm-fast_0" pos="31.22" speed="27.24"/>
            </lane>
            <lane id="top_1">
                <vehicle id="cfm-fast_1" pos="48.08" speed="31.21"/>
            </lane>
        </edge>
    </timestep>
    <timestep time="2.33">
        <edge id="bottom">
            <lane id="bottom_0">
                <vehicle id="cfm-slow_0" pos="28.44" speed="18.20"/>
                <vehicle id="cfm-slow_1" pos="44.28" speed="18.23"/>
            </lane>
            <lane id="bottom_1">
                <vehicle id="cfm-fast_5" pos="12.34" speed="31.77"/>
            </lane>
        </edge>
        <edge id="left">
            <lane id="left_0">
                <vehicle id="cfm-fast_2" pos="9.00" speed="22.46"/>
                <vehicle id="cfm-fast_3" pos="26.01" speed="24.68"/>
                <vehicle id="cfm-fast_4" pos="45.37" speed="28.36"/>
            </lane>
            <lane id="left_1"/>
        </edge>
        <edge id="right">
            <lane id="right_0">
                <vehicle id="cfm-slow_2" pos="10.15" speed="18.35"/>
                <vehicle id="cfm-slow_3" pos="26.15" speed="18.78"/>
                <vehicle id="cfm-slow_4" pos="42.63" speed="20.09"/>
            </lane>
            <lane id="right_1"/>
        </edge>
        <edge id="top">
            <lane id="top_0">
                <vehicle id="cfm-slow_5" pos="10.50" speed="23.05"/>
                <vehicle id="cfm-fast_0" pos="31.49" speed="27.28"/>
            </lane>
            <lane id="top_1">
                <vehicle id="cfm-fast_1" pos="48.39" speed="31.34"/>
            </lane>
        </edge>
    </timestep>
    <timestep time="2.34">
        <edge id="bottom">
            <lane id="bottom_0">
                <vehicle id="cfm-slow_0" pos="28.62" speed="18.22"/>
                <vehicle id="cfm-slow_1" pos="44.46" speed="18.25"/>
            </lane>
            <lane id="bottom_1">
                <vehicle id="cfm-fast_5" pos="12.66" speed="31.91"/>
            </lane>
        </edge>
        <edge id="left">
            <lane id="left_0">
                <vehicle id="cfm-fast_2" pos="9.23" speed="22.51"/>
                <vehicle id="cfm-fast_3" pos="26.25" speed="24.75"/>
                <vehicle id="cfm-fast_4" pos="45.66" speed="28.39"/>
            </lane>
            <lane id="left_1"/>
        </edge>
        <edge id="right">
            <lane id="right_0">
                <vehicle id="cfm-slow_2" pos="10.33" speed="18.38"/>
                <vehicle id="cfm-slow_3" pos="26.34" speed="18.82"/>
                <vehicle id="cfm-slow_4" pos="42.83" speed="20.14"/>
            </lane>
            <lane id="right_1"/>
        </edge>
        <edge id="top">
            <lane id="top_0">
                <vehicle id="cfm-slow_5" pos="10.73" speed="23.11"/>
                <vehicle id="cfm-fast_0" pos="31.76" speed="27.32"/>
            </lane>
            <lane id="top_1">
                <vehicle id="cfm-fast_1" pos="48.71" speed="31.48"/>
            </lane>
        </edge>
    </timestep>
    <timestep time="2.35">
        <edge id="bottom">
            <lane id="bottom_0">
                <vehicle id="cfm-slow_0" pos="28.80" speed="18.25"/>
                <vehicle id="cfm-slow_1" pos="44.64" speed="18.28"/>
            </lane>
            <lane id="bottom_1">
                <vehicle id="cfm-fast_5" pos="12.98" speed="32.05"/>
            </lane>
        </edge>
        <edge id="left">
            <lane id="left_0">
                <vehicle id="cfm-fast_2" pos="9.46" speed="22.56"/>
                <vehicle id="cfm-fast_3" pos="26.50" speed="24.82"/>
                <vehicle id="cfm-fast_4" pos="45.94" speed="28.42"/>
            </lane>
            <lane id="left_1"/>
        </edge>
        <edge id="right">
            <lane id="right_0">
                <vehicle id="cfm-slow_2" pos="10.52" speed="18.40"/>
                <vehicle id="cfm-slow_3" pos="26.53" speed="18.86"/>
                <vehicle id="cfm-slow_4" pos="43.03" speed="20.19"/>
            </lane>
            <lane id="right_1"/>
        </edge>
        <edge id="top">
            <lane id="top_0">
                <vehicle id="cfm-slow_5" pos="10.96" speed="23.18"/>
                <vehicle id="cfm-fast_0" pos="32.04" speed="27.36"/>
            </lane>
            <lane id="top_1">
                <vehicle id="cfm-fast_1" pos="49.02" speed="31.62"/>
            </lane>
        </edge>
    </timestep>
    <timestep time="2.36">
        <edge id="bottom">
            <lane id="bottom_0">
                <vehicle id="cfm-slow_0" pos="28.98" speed="18.27"/>
                <vehicle id="cfm-slow_1" pos="44.83" speed="18.30"/>
            </lane>
            <lane id="bottom_1">
                <vehicle id="cfm-fast_5" pos="13.30" speed="32.18"/>
            </lane>
        </edge>
        <edge id="left">
            <lane id="left_0">
                <vehicle id="cfm-fast_2" pos="9.68" speed="22.61"/>
                <vehicle id="cfm-fast_3" pos="26.75" speed="24.88"/>
                <vehicle id="cfm-fast_4" pos="46.23" speed="28.45"/>
            </lane>
            <lane id="left_1"/>
        </edge>
        <edge id="right">
            <lane id="right_0">
                <vehicle id="cfm-slow_2" pos="10.70" speed="18.43"/>
                <vehicle id="cfm-slow_3" pos="26.72" speed="18.89"/>
                <vehicle id="cfm-slow_4" pos="43.24" speed="20.24"/>
            </lane>
            <lane id="right_1"/>
        </edge>
        <edge id="top">
            <lane id="top_0">
                <vehicle id="cfm-slow_5" pos="11.20" speed="23.24"/>
                <vehicle id="cfm-fast_0" pos="32.31" speed="27.40"/>
            </lane>
            <lane id="top_1">
                <vehicle id="cfm-fast_1" pos="49.34" speed="31.75"/>
            </lane>
        </edge>
    </timestep>
    <timestep time="2.37">
        <edge id="bottom">
            <lane id="bottom_0">
                <vehicle id="cfm-slow_0" pos="29.17" speed="18.30"/>
                <vehicle id="cfm-slow_1" pos="45.01" speed="18.33"/>
            </lane>
            <lane id="bottom_1">
                <vehicle id="cfm-fast_5" pos="13.63" speed="32.32"/>
            </lane>
        </edge>
        <edge id="left">
            <lane id="left_0">
                <vehicle id="cfm-fast_2" pos="9.91" speed="22.67"/>
                <vehicle id="cfm-fast_3" pos="27.00" speed="24.95"/>
                <vehicle id="cfm-fast_4" pos="46.51" speed="28.48"/>
            </lane>
            <lane id="left_1"/>
        </edge>
        <edge id="right">
            <lane id="right_0">
                <vehicle id="cfm-slow_2" pos="10.89" speed="18.46"/>
                <vehicle id="cfm-slow_3" pos="26.91" speed="18.93"/>
                <vehicle id="cfm-slow_4" pos="43.44" speed="20.30"/>
            </lane>
            <lane id="right_1"/>
        </edge>
        <edge id="top">
            <lane id="top_0">
                <vehicle id="cfm-slow_5" pos="11.43" speed="23.31"/>
                <vehicle id="cfm-fast_0" pos="32.59" speed="27.44"/>
            </lane>
            <lane id="top_1">
                <vehicle id="cfm-fast_1" pos="49.66" speed="31.89"/>
            </lane>
        </edge>
    </timestep>
    <timestep time="2.38">
        <edge id="bottom">
            <lane id="bottom_0">
                <vehicle id="cfm-slow_0" pos="29.35" speed="18.32"/>
                <vehicle id="cfm-slow_1" pos="45.19" speed="18.35"/>
            </lane>
            <lane id="bottom_1">
                <vehicle id="cfm-fast_5" pos="13.95" speed="32.45"/>
            </lane>
        </edge>
        <edge id="left">
            <lane id="left_0">
                <vehicle id="cfm-fast_2" pos="10.14" speed="22.72"/>
                <vehicle id="cfm-fast_3" pos="27.25" speed="25.01"/>
                <vehicle id="cfm-fast_4" pos="46.80" speed="28.51"/>
            </lane>
            <lane id="left_1"/>
        </edge>
        <edge id="right">
            <lane id="right_0">
                <vehicle id="cfm-slow_2" pos="11.07" speed="18.49"/>
                <vehicle id="cfm-slow_3" pos="27.10" speed="18.97"/>
                <vehicle id="cfm-slow_4" pos="43.64" speed="20.35"/>
            </lane>
            <lane id="right_1"/>
        </edge>
        <edge id="top">
            <lane id="top_0">
                <vehicle id="cfm-slow_5" pos="11.66" speed="23.37"/>
                <vehicle id="cfm-fast_0" pos="32.86" speed="27.48"/>
            </lane>
            <lane id="top_1">
                <vehicle id="cfm-fast_1" pos="49.98" speed="32.02"/>
            </lane>
        </edge>
    </timestep>
    <timestep time="2.39">
        <edge id="bottom">
            <lane id="bottom_0">
                <vehicle id="cfm-slow_0" pos="29.53" speed="18.34"/>
                <vehicle id="cfm-slow_1" pos="45.38" speed="18.38"/>
            </lane>
            <lane id="bottom_1">
                <vehicle id="cfm-fast_5" pos="14.28" speed="32.59"/>
            </lane>
        </edge>
        <edge id="left">
            <lane id="left_0">
                <vehicle id="cfm-fast_2" pos="10.36" speed="22.77"/>
                <vehicle id="cfm-fast_3" pos="27.50" speed="25.08"/>
                <vehicle id="cfm-fast_4" pos="47.08" speed="28.53"/>
            </lane>
            <lane id="left_1">
                <vehicle id="cfm-fast_1" pos="0.30" speed="32.16"/>
            </lane>
        </edge>
        <edge id="right">
            <lane id="right_0">
                <vehicle id="cfm-slow_2" pos="11.26" speed="18.52"/>
                <vehicle id="cfm-slow_3" pos="27.29" speed="19.00"/>
                <vehicle id="cfm-slow_4" pos="43.85" speed="20.40"/>
            </lane>
            <lane id="right_1"/>
        </edge>
        <edge id="top">
            <lane id="top_0">
                <vehicle id="cfm-slow_5" pos="11.90" speed="23.43"/>
                <vehicle id="cfm-fast_0" pos="33.14" speed="27.51"/>
            </lane>
            <lane id="top_1"/>
        </edge>
    </timestep>
    <timestep time="2.40">
        <edge id="bottom">
            <lane id="bottom_0">
                <vehicle id="cfm-slow_0" pos="29.72" speed="18.37"/>
                <vehicle id="cfm-slow_1" pos="45.56" speed="18.40"/>
            </lane>
            <lane id="bottom_1">
                <vehicle id="cfm-fast_5" pos="14.60" speed="32.73"/>
            </lane>
        </edge>
        <edge id="left">
            <lane id="left_0">
                <vehicle id="cfm-fast_2" pos="10.59" speed="22.82"/>
                <vehicle id="cfm-fast_3" pos="27.75" speed="25.14"/>
                <vehicle id="cfm-fast_4" pos="47.37" speed="28.56"/>
            </lane>
            <lane id="left_1">
                <vehicle id="cfm-fast_1" pos="0.62" speed="32.30"/>
            </lane>
        </edge>
        <edge id="right">
            <lane id="right_0">
                <vehicle id="cfm-slow_2" pos="11.44" speed="18.54"/>
                <vehicle id="cfm-slow_3" pos="27.48" speed="19.04"/>
                <vehicle id="cfm-slow_4" pos="44.05" speed="20.45"/>
            </lane>
            <lane id="right_1"/>
        </edge>
        <edge id="top">
            <lane id="top_0">
                <vehicle id="cfm-slow_5" pos="12.13" speed="23.50"/>
                <vehicle id="cfm-fast_0" pos="33.41" speed="27.55"/>
            </lane>
            <lane id="top_1"/>
        </edge>
    </timestep>
    <timestep time="2.41">
        <edge id="bottom">
            <lane id="bottom_0">
                <vehicle id="cfm-slow_0" pos="29.90" speed="18.39"/>
                <vehicle id="cfm-slow_1" pos="45.74" speed="18.42"/>
            </lane>
            <lane id="bottom_1">
                <vehicle id="cfm-fast_5" pos="14.93" speed="32.86"/>
            </lane>
        </edge>
        <edge id="left">
            <lane id="left_0">
                <vehicle id="cfm-fast_2" pos="10.82" speed="22.87"/>
                <vehicle id="cfm-fast_3" pos="28.00" speed="25.20"/>
                <vehicle id="cfm-fast_4" pos="47.65" speed="28.58"/>
            </lane>
            <lane id="left_1">
                <vehicle id="cfm-fast_1" pos="0.95" speed="32.43"/>
            </lane>
        </edge>
        <edge id="right">
            <lane id="right_0">
                <vehicle id="cfm-slow_2" pos="11.63" speed="18.57"/>
                <vehicle id="cfm-slow_3" pos="27.67" speed="19.07"/>
                <vehicle id="cfm-slow_4" pos="44.26" speed="20.50"/>
            </lane>
            <lane id="right_1"/>
        </edge>
        <edge id="top">
            <lane id="top_0">
                <vehicle id="cfm-slow_5" pos="12.37" speed="23.56"/>
                <vehicle id="cfm-fast_0" pos="33.69" speed="27.58"/>
            </lane>
            <lane id="top_1"/>
        </edge>
    </timestep>
    <timestep time="2.42">
        <edge id="bottom">
            <lane id="bottom_0">
                <vehicle id="cfm-slow_0" pos="30.08" speed="18.41"/>
                <vehicle id="cfm-slow_1" pos="45.93" speed="18.45"/>
            </lane>
            <lane id="bottom_1">
                <vehicle id="cfm-fast_5" pos="15.26" speed="33.00"/>
            </lane>
        </edge>
        <edge id="left">
            <lane id="left_0">
                <vehicle id="cfm-fast_2" pos="11.05" speed="22.92"/>
                <vehicle id="cfm-fast_3" pos="28.26" speed="25.26"/>
                <vehicle id="cfm-fast_4" pos="47.94" speed="28.60"/>
            </lane>
            <lane id="left_1">
                <vehicle id="cfm-fast_1" pos="1.27" speed="32.57"/>
            </lane>
        </edge>
        <edge id="right">
            <lane id="right_0">
                <vehicle id="cfm-slow_2" pos="11.81" speed="18.60"/>
                <vehicle id="cfm-slow_3" pos="27.86" speed="19.11"/>
                <vehicle id="cfm-slow_4" pos="44.46" speed="20.55"/>
            </lane>
            <lane id="right_1"/>
        </edge>
        <edge id="top">
            <lane id="top_0">
                <vehicle id="cfm-slow_5" pos="12.60" speed="23.62"/>
                <vehicle id="cfm-fast_0" pos="33.96" speed="27.62"/>
            </lane>
            <lane id="top_1"/>
        </edge>
    </timestep>
    <timestep time="2.43">
        <edge id="bottom">
            <lane id="bottom_0">
                <vehicle id="cfm-slow_0" pos="30.27" speed="18.43"/>
                <vehicle id="cfm-slow_1" pos="46.11" speed="18.47"/>
            </lane>
            <lane id="bottom_1">
                <vehicle id="cfm-fast_5" pos="15.59" speed="33.14"/>
            </lane>
        </edge>
        <edge id="left">
            <lane id="left_0">
                <vehicle id="cfm-fast_2" pos="11.28" speed="22.98"/>
                <vehicle id="cfm-fast_3" pos="28.51" speed="25.33"/>
                <vehicle id="cfm-fast_4" pos="48.22" speed="28.63"/>
            </lane>
            <lane id="left_1">
                <vehicle id="cfm-fast_1" pos="1.60" speed="32.71"/>
            </lane>
        </edge>
        <edge id="right">
            <lane id="right_0">
                <vehicle id="cfm-slow_2" pos="12.00" speed="18.62"/>
                <vehicle id="cfm-slow_3" pos="28.05" speed="19.14"/>
                <vehicle id="cfm-slow_4" pos="44.67" speed="20.61"/>
            </lane>
            <lane id="right_1"/>
        </edge>
        <edge id="top">
            <lane id="top_0">
                <vehicle id="cfm-slow_5" pos="12.84" speed="23.68"/>
                <vehicle id="cfm-fast_0" pos="34.24" speed="27.65"/>
            </lane>
            <lane id="top_1"/>
        </edge>
    </timestep>
    <timestep time="2.44">
        <edge id="bottom">
            <lane id="bottom_0">
                <vehicle id="cfm-slow_0" pos="30.45" speed="18.46"/>
                <vehicle id="cfm-slow_1" pos="46.30" speed="18.50"/>
            </lane>
            <lane id="bottom_1">
                <vehicle id="cfm-fast_5" pos="15.93" speed="33.27"/>
            </lane>
        </edge>
        <edge id="left">
            <lane id="left_0">
                <vehicle id="cfm-fast_2" pos="11.51" speed="23.03"/>
                <vehicle id="cfm-fast_3" pos="28.76" speed="25.39"/>
                <vehicle id="cfm-fast_4" pos="48.51" speed="28.65"/>
            </lane>
            <lane id="left_1">
                <vehicle id="cfm-fast_1" pos="1.93" speed="32.84"/>
            </lane>
        </edge>
        <edge id="right">
            <lane id="right_0">
                <vehicle id="cfm-slow_2" pos="12.19" speed="18.65"/>
                <vehicle id="cfm-slow_3" pos="28.24" speed="19.18"/>
                <vehicle id="cfm-slow_4" pos="44.87" speed="20.66"/>
            </lane>
            <lane id="right_1"/>
        </edge>
        <edge id="top">
            <lane id="top_0">
                <vehicle id="cfm-slow_5" pos="13.08" speed="23.74"/>
                <vehicle id="cfm-fast_0" pos="34.52" speed="27.69"/>
            </lane>
            <lane id="top_1"/>
        </edge>
    </timestep>
    <timestep time="2.45">
        <edge id="bottom">
            <lane id="bottom_0">
                <vehicle id="cfm-slow_0" pos="30.64" speed="18.48"/>
                <vehicle id="cfm-slow_1" pos="46.48" speed="18.52"/>
            </lane>
            <lane id="bottom_1">
                <vehicle id="cfm-fast_5" pos="16.26" speed="33.41"/>
            </lane>
        </edge>
        <edge id="left">
            <lane id="left_0">
                <vehicle id="cfm-fast_2" pos="11.74" speed="23.08"/>
                <vehicle id="cfm-fast_3" pos="29.02" speed="25.45"/>
                <vehicle id="cfm-fast_4" pos="48.80" speed="28.67"/>
            </lane>
            <lane id="left_1">
                <vehicle id="cfm-fast_1" pos="2.26" speed="32.98"/>
            </lane>
        </edge>
        <edge id="right">
            <lane id="right_0">
                <vehicle id="cfm-slow_2" pos="12.37" speed="18.68"/>
                <vehicle id="cfm-slow_3" pos="28.44" speed="19.22"/>
                <vehicle id="cfm-slow_4" pos="45.08" speed="20.71"/>
            </lane>
            <lane id="right_1"/>
        </edge>
        <edge id="top">
            <lane id="top_0">
                <vehicle id="cfm-slow_5" pos="13.32" speed="23.80"/>
                <vehicle id="cfm-fast_0" pos="34.79" speed="27.72"/>
            </lane>
            <lane id="top_1"/>
        </edge>
    </timestep>
    <timestep time="2.46">
        <edge id="bottom">
            <lane id="bottom_0">
                <vehicle id="cfm-slow_0" pos="30.82" speed="18.50"/>
                <vehicle id="cfm-slow_1" pos="46.67" speed="18.54"/>
            </lane>
            <lane id="bottom_1">
                <vehicle id="cfm-fast_5" pos="16.60" speed="33.55"/>
            </lane>
        </edge>
        <edge id="left">
            <lane id="left_0">
                <vehicle id="cfm-fast_2" pos="11.97" speed="23.13"/>
                <vehicle id="cfm-fast_3" pos="29.27" speed="25.51"/>
                <vehicle id="cfm-fast_4" pos="49.08" speed="28.68"/>
            </lane>
            <lane id="left_1">
                <vehicle id="cfm-fast_1" pos="2.59" speed="33.12"/>
            </lane>
        </edge>
        <edge id="right">
            <lane id="right_0">
                <vehicle id="cfm-slow_2" pos="12.56" speed="18.70"/>
                <vehicle id="cfm-slow_3" pos="28.63" speed="19.25"/>
                <vehicle id="cfm-slow_4" pos="45.29" speed="20.76"/>
            </lane>
            <lane id="right_1"/>
        </edge>
        <edge id="top">
            <lane id="top_0">
                <vehicle id="cfm-slow_5" pos="13.55" speed="23.86"/>
                <vehicle id="cfm-fast_0" pos="35.07" speed="27.75"/>
            </lane>
            <lane id="top_1"/>
        </edge>
    </timestep>
    <timestep time="2.47">
        <edge id="bottom">
            <lane id="bottom_0">
                <vehicle id="cfm-slow_0" pos="31.01" speed="18.52"/>
                <vehicle id="cfm-slow_1" pos="46.85" speed="18.56"/>
            </lane>
            <lane id="bottom_1">
                <vehicle id="cfm-fast_5" pos="16.93" speed="33.68"/>
            </lane>
        </edge>
        <edge id="left">
            <lane id="left_0">
                <vehicle id="cfm-fast_2" pos="12.20" speed="23.18"/>
                <vehicle id="cfm-fast_3" pos="29.53" speed="25.57"/>
                <vehicle id="cfm-fast_4" pos="49.37" speed="28.70"/>
            </lane>
            <lane id="left_1">
                <vehicle id="cfm-fast_1" pos="2.92" speed="33.25"/>
            </lane>
        </edge>
        <edge id="right">
            <lane id="right_0">
                <vehicle id="cfm-slow_2" pos="12.75" speed="18.73"/>
                <vehicle id="cfm-slow_3" pos="28.82" speed="19.29"/>
                <vehicle id="cfm-slow_4" pos="45.50" speed="20.81"/>
            </lane>
            <lane id="right_1"/>
        </edge>
        <edge id="top">
            <lane id="top_0">
                <vehicle id="cfm-slow_5" pos="13.79" speed="23.92"/>
                <vehicle id="cfm-fast_0" pos="35.35" speed="27.79"/>
            </lane>
            <lane id="top_1"/>
        </edge>
    </timestep>
    <timestep time="2.48">
        <edge id="bottom">
            <lane id="bottom_0">
                <vehicle id="cfm-slow_0" pos="31.19" speed="18.54"/>
                <vehicle id="cfm-slow_1" pos="47.04" speed="18.59"/>
            </lane>
            <lane id="bottom_1">
                <vehicle id="cfm-fast_5" pos="17.27" speed="33.82"/>
            </lane>
        </edge>
        <edge id="left">
            <lane id="left_0">
                <vehicle id="cfm-fast_2" pos="12.44" speed="23.23"/>
                <vehicle id="cfm-fast_3" pos="29.79" speed="25.62"/>
                <vehicle id="cfm-fast_4" pos="49.66" speed="28.72"/>
            </lane>
            <lane id="left_1">
                <vehicle id="cfm-fast_1" pos="3.26" speed="33.39"/>
            </lane>
        </edge>
        <edge id="right">
            <lane id="right_0">
                <vehicle id="cfm-slow_2" pos="12.94" speed="18.76"/>
                <vehicle id="cfm-slow_3" pos="29.01" speed="19.32"/>
                <vehicle id="cfm-slow_4" pos="45.70" speed="20.86"/>
            </lane>
            <lane id="right_1"/>
        </edge>
        <edge id="top">
            <lane id="top_0">
                <vehicle id="cfm-slow_5" pos="14.03" speed="23.98"/>
                <vehicle id="cfm-fast_0" pos="35.63" speed="27.82"/>
            </lane>
            <lane id="top_1"/>
        </edge>
    </timestep>
    <timestep time="2.49">
        <edge id="bottom">
            <lane id="bottom_0">
                <vehicle id="cfm-slow_0" pos="31.38" speed="18.56"/>
                <vehicle id="cfm-slow_1" pos="47.23" speed="18.61"/>
            </lane>
            <lane id="bottom_1">
                <vehicle id="cfm-fast_5" pos="17.61" speed="33.95"/>
            </lane>
        </edge>
        <edge id="left">
            <lane id="left_0">
                <vehicle id="cfm-fast_2" pos="12.67" speed="23.28"/>
                <vehicle id="cfm-fast_3" pos="30.04" speed="25.68"/>
                <vehicle id="cfm-fast_4" pos="49.95" speed="28.73"/>
            </lane>
            <lane id="left_1">
                <vehicle id="cfm-fast_1" pos="3.59" speed="33.52"/>
            </lane>
        </edge>
        <edge id="right">
            <lane id="right_0">
                <vehicle id="cfm-slow_2" pos="13.12" speed="18.78"/>
                <vehicle id="cfm-slow_3" pos="29.21" speed="19.36"/>
                <vehicle id="cfm-slow_4" pos="45.91" speed="20.91"/>
            </lane>
            <lane id="right_1"/>
        </edge>
        <edge id="top">
            <lane id="top_0">
                <vehicle id="cfm-slow_5" pos="14.27" speed="24.04"/>
                <vehicle id="cfm-fast_0" pos="35.91" speed="27.85"/>
            </lane>
            <lane id="top_1"/>
        </edge>
    </timestep>
    <timestep time="2.50">
        <edge id="bottom">
            <lane id="bottom_0">
                <vehicle id="cfm-fast_4" pos="0.23" speed="28.75"/>
                <vehicle id="cfm-slow_0" pos="31.57" speed="18.59"/>
                <vehicle id="cfm-slow_1" pos="47.41" speed="18.63"/>
            </lane>
            <lane id="bottom_1">
                <vehicle id="cfm-fast_5" pos="17.95" speed="34.09"/>
            </lane>
        </edge>
        <edge id="left">
            <lane id="left_0">
                <vehicle id="cfm-fast_2" pos="12.90" speed="23.33"/>
                <vehicle id="cfm-fast_3" pos="30.30" speed="25.74"/>
            </lane>
            <lane id="left_1">
                <vehicle id="cfm-fast_1" pos="3.93" speed="33.66"/>
            </lane>
        </edge>
        <edge id="right">
            <lane id="right_0">
                <vehicle id="cfm-slow_2" pos="13.31" speed="18.81"/>
                <vehicle id="cfm-slow_3" pos="29.40" speed="19.39"/>
                <vehicle id="cfm-slow_4" pos="46.12" speed="20.96"/>
            </lane>
            <lane id="right_1"/>
        </edge>
        <edge id="top">
            <lane id="top_0">
                <vehicle id="cfm-slow_5" pos="14.52" speed="24.10"/>
                <vehicle id="cfm-fast_0" pos="36.19" speed="27.88"/>
            </lane>
            <lane id="top_1"/>
        </edge>
    </timestep>
    <timestep time="2.51">
        <edge id="bottom">
            <lane id="bottom_0">
                <vehicle id="cfm-fast_4" pos="0.52" speed="28.76"/>
                <vehicle id="cfm-slow_0" pos="31.75" speed="18.61"/>
                <vehicle id="cfm-slow_1" pos="47.60" speed="18.65"/>
            </lane>
            <lane id="bottom_1">
                <vehicle id="cfm-fast_5" pos="18.29" speed="34.23"/>
            </lane>
        </edge>
        <edge id="left">
            <lane id="left_0">
                <vehicle id="cfm-fast_2" pos="13.14" speed="23.38"/>
                <vehicle id="cfm-fast_3" pos="30.56" speed="25.79"/>
            </lane>
            <lane id="left_1">
                <vehicle id="cfm-fast_1" pos="4.27" speed="33.80"/>
            </lane>
        </edge>
        <edge id="right">
            <lane id="right_0">
                <vehicle id="cfm-slow_2" pos="13.50" speed="18.84"/>
                <vehicle id="cfm-slow_3" pos="29.60" speed="19.43"/>
                <vehicle id="cfm-slow_4" pos="46.33" speed="21.01"/>
            </lane>
            <lane id="right_1"/>
        </edge>
        <edge id="top">
            <lane id="top_0">
                <vehicle id="cfm-slow_5" pos="14.76" speed="24.16"/>
                <vehicle id="cfm-fast_0" pos="36.46" speed="27.91"/>
            </lane>
            <lane id="top_1"/>
        </edge>
    </timestep>
    <timestep time="2.52">
        <edge id="bottom">
            <lane id="bottom_0">
                <vehicle id="cfm-fast_4" pos="0.81" speed="28.77"/>
                <vehicle id="cfm-slow_0" pos="31.94" speed="18.63"/>
                <vehicle id="cfm-slow_1" pos="47.79" speed="18.68"/>
            </lane>
            <lane id="bottom_1">
                <vehicle id="cfm-fast_5" pos="18.64" speed="34.36"/>
            </lane>
        </edge>
        <edge id="left">
            <lane id="left_0">
                <vehicle id="cfm-fast_2" pos="13.37" speed="23.43"/>
                <vehicle id="cfm-fast_3" pos="30.82" speed="25.85"/>
            </lane>
            <lane id="left_1">
                <vehicle id="cfm-fast_1" pos="4.61" speed="33.93"/>
            </lane>
        </edge>
        <edge id="right">
            <lane id="right_0">
                <vehicle id="cfm-slow_2" pos="13.69" speed="18.86"/>
                <vehicle id="cfm-slow_3" pos="29.79" speed="19.46"/>
                <vehicle id="cfm-slow_4" pos="46.54" speed="21.06"/>
            </lane>
            <lane id="right_1"/>
        </edge>
        <edge id="top">
            <lane id="top_0">
                <vehicle id="cfm-slow_5" pos="15.00" speed="24.21"/>
                <vehicle id="cfm-fast_0" pos="36.74" speed="27.94"/>
            </lane>
            <lane id="top_1"/>
        </edge>
    </timestep>
    <timestep time="2.53">
        <edge id="bottom">
            <lane id="bottom_0">
                <vehicle id="cfm-fast_4" pos="1.10" speed="28.78"/>
                <vehicle id="cfm-slow_0" pos="32.12" speed="18.65"/>
                <vehicle id="cfm-slow_1" pos="47.97" speed="18.70"/>
            </lane>
            <lane id="bottom_1">
                <vehicle id="cfm-fast_5" pos="18.98" speed="34.50"/>
            </lane>
        </edge>
        <edge id="left">
            <lane id="left_0">
                <vehicle id="cfm-fast_2" pos="13.60" speed="23.48"/>
                <vehicle id="cfm-fast_3" pos="31.08" speed="25.91"/>
            </lane>
            <lane id="left_1">
                <vehicle id="cfm-fast_1" pos="4.95" speed="34.07"/>
            </lane>
        </edge>
        <edge id="right">
            <lane id="right_0">
                <vehicle id="cfm-slow_2" pos="13.88" speed="18.89"/>
                <vehicle id="cfm-slow_3" pos="29.99" speed="19.50"/>
                <vehicle id="cfm-slow_4" pos="46.76" speed="21.11"/>
            </lane>
            <lane id="right_1"/>
        </edge>
        <edge id="top">
            <lane id="top_0">
                <vehicle id="cfm-slow_5" pos="15.24" speed="24.27"/>
                <vehicle id="cfm-fast_0" pos="37.02" speed="27.97"/>
            </lane>
            <lane id="top_1"/>
        </edge>
    </timestep>
    <timestep time="2.54">
        <edge id="bottom">
            <lane id="bottom_0">
                <vehicle id="cfm-fast_4" pos="1.38" speed="28.79"/>
                <vehicle id="cfm-slow_0" pos="32.31" speed="18.67"/>
                <vehicle id="cfm-slow_1" pos="48.16" speed="18.72"/>
            </lane>
            <lane id="bottom_1">
                <vehicle id="cfm-fast_5" pos="19.33" speed="34.64"/>
            </lane>
        </edge>
        <edge id="left">
            <lane id="left_0">
                <vehicle id="cfm-fast_2" pos="13.84" speed="23.53"/>
                <vehicle id="cfm-fast_3" pos="31.33" speed="25.96"/>
            </lane>
            <lane id="left_1">
                <vehicle id="cfm-fast_1" pos="5.29" speed="34.21"/>
            </lane>
        </edge>
        <edge id="right">
            <lane id="right_0">
                <vehicle id="cfm-slow_2" pos="14.07" speed="18.91"/>
                <vehicle id="cfm-slow_3" pos="30.18" speed="19.54"/>
                <vehicle id="cfm-slow_4" pos="46.97" speed="21.16"/>
            </lane>
            <lane id="right_1"/>
        </edge>
        <edge id="top">
            <lane id="top_0">
                <vehicle id="cfm-slow_5" pos="15.48" speed="24.33"/>
                <vehicle id="cfm-fast_0" pos="37.30" speed="27.99"/>
            </lane>
            <lane id="top_1"/>
        </edge>
    </timestep>
    <timestep time="2.55">
        <edge id="bottom">
            <lane id="bottom_0">
                <vehicle id="cfm-fast_4" pos="1.67" speed="28.80"/>
                <vehicle id="cfm-slow_0" pos="32.50" speed="18.69"/>
                <vehicle id="cfm-slow_1" pos="48.35" speed="18.74"/>
            </lane>
            <lane id="bottom_1">
                <vehicle id="cfm-fast_5" pos="19.68" speed="34.77"/>
            </lane>
        </edge>
        <edge id="left">
            <lane id="left_0">
                <vehicle id="cfm-fast_2" pos="14.08" speed="23.58"/>
                <vehicle id="cfm-fast_3" pos="31.59" speed="26.01"/>
            </lane>
            <lane id="left_1">
                <vehicle id="cfm-fast_1" pos="5.63" speed="34.34"/>
            </lane>
        </edge>
        <edge id="right">
            <lane id="right_0">
                <vehicle id="cfm-slow_2" pos="14.26" speed="18.94"/>
                <vehicle id="cfm-slow_3" pos="30.38" speed="19.57"/>
                <vehicle id="cfm-slow_4" pos="47.18" speed="21.21"/>
            </lane>
            <lane id="right_1"/>
        </edge>
        <edge id="top">
            <lane id="top_0">
                <vehicle id="cfm-slow_5" pos="15.73" speed="24.38"/>
                <vehicle id="cfm-fast_0" pos="37.58" speed="28.02"/>
            </lane>
            <lane id="top_1"/>
        </edge>
    </timestep>
    <timestep time="2.56">
        <edge id="bottom">
            <lane id="bottom_0">
                <vehicle id="cfm-fast_4" pos="1.96" speed="28.81"/>
                <vehicle id="cfm-slow_0" pos="32.68" speed="18.71"/>
                <vehicle id="cfm-slow_1" pos="48.54" speed="18.76"/>
            </lane>
            <lane id="bottom_1">
                <vehicle id="cfm-fast_5" pos="20.02" speed="34.91"/>
            </lane>
        </edge>
        <edge id="left">
            <lane id="left_0">
                <vehicle id="cfm-fast_2" pos="14.31" speed="23.63"/>
                <vehicle id="cfm-fast_3" pos="31.86" speed="26.07"/>
            </lane>
            <lane id="left_1">
                <vehicle id="cfm-fast_1" pos="5.98" speed="34.48"/>
            </lane>
        </edge>
        <edge id="right">
            <lane id="right_0">
                <vehicle id="cfm-slow_2" pos="14.45" speed="18.96"/>
                <vehicle id="cfm-slow_3" pos="30.57" speed="19.61"/>
                <vehicle id="cfm-slow_4" pos="47.39" speed="21.26"/>
            </lane>
            <lane id="right_1"/>
        </edge>
        <edge id="top">
            <lane id="top_0">
                <vehicle id="cfm-slow_5" pos="15.97" speed="24.44"/>
                <vehicle id="cfm-fast_0" pos="37.86" speed="28.05"/>
            </lane>
            <lane id="top_1"/>
        </edge>
    </timestep>
    <timestep time="2.57">
        <edge id="bottom">
            <lane id="bottom_0">
                <vehicle id="cfm-fast_4" pos="2.25" speed="28.82"/>
                <vehicle id="cfm-slow_0" pos="32.87" speed="18.73"/>
                <vehicle id="cfm-slow_1" pos="48.72" speed="18.78"/>
            </lane>
            <lane id="bottom_1">
                <vehicle id="cfm-fast_5" pos="20.38" speed="35.05"/>
            </lane>
        </edge>
        <edge id="left">
            <lane id="left_0">
                <vehicle id="cfm-fast_2" pos="14.55" speed="23.67"/>
                <vehicle id="cfm-fast_3" pos="32.12" speed="26.12"/>
            </lane>
            <lane id="left_1">
                <vehicle id="cfm-fast_1" pos="6.32" speed="34.62"/>
            </lane>
        </edge>
        <edge id="right">
            <lane id="right_0">
                <vehicle id="cfm-slow_2" pos="14.63" speed="18.99"/>
                <vehicle id="cfm-slow_3" pos="30.77" speed="19.64"/>
                <vehicle id="cfm-slow_4" pos="47.61" speed="21.31"/>
            </lane>
            <lane id="right_1"/>
        </edge>
        <edge id="top">
            <lane id="top_0">
                <vehicle id="cfm-slow_5" pos="16.22" speed="24.49"/>
                <vehicle id="cfm-fast_0" pos="38.14" speed="28.08"/>
            </lane>
            <lane id="top_1"/>
        </edge>
    </timestep>
    <timestep time="2.58">
        <edge id="bottom">
            <lane id="bottom_0">
                <vehicle id="cfm-fast_4" pos="2.54" speed="28.82"/>
                <vehicle id="cfm-slow_0" pos="33.06" speed="18.75"/>
                <vehicle id="cfm-slow_1" pos="48.91" speed="18.81"/>
            </lane>
            <lane id="bottom_1">
                <vehicle id="cfm-fast_5" pos="20.73" speed="35.18"/>
            </lane>
        </edge>
        <edge id="left">
            <lane id="left_0">
                <vehicle id="cfm-fast_2" pos="14.79" speed="23.72"/>
                <vehicle id="cfm-fast_3" pos="32.38" speed="26.17"/>
            </lane>
            <lane id="left_1">
                <vehicle id="cfm-fast_1" pos="6.67" speed="34.75"/>
            </lane>
        </edge>
        <edge id="right">
            <lane id="right_0">
                <vehicle id="cfm-slow_2" pos="14.83" speed="19.01"/>
                <vehicle id="cfm-slow_3" pos="30.97" speed="19.68"/>
                <vehicle id="cfm-slow_4" pos="47.82" speed="21.36"/>
            </lane>
            <lane id="right_1"/>
        </edge>
        <edge id="top">
            <lane id="top_0">
                <vehicle id="cfm-slow_5" pos="16.46" speed="24.55"/>
                <vehicle id="cfm-fast_0" pos="38.43" speed="28.10"/>
            </lane>
            <lane id="top_1"/>
        </edge>
    </timestep>
    <timestep time="2.59">
        <edge id="bottom">
            <lane id="bottom_0">
                <vehicle id="cfm-fast_4" pos="2.83" speed="28.83"/>
                <vehicle id="cfm-slow_0" pos="33.25" speed="18.77"/>
                <vehicle id="cfm-slow_1" pos="49.10" speed="18.83"/>
            </lane>
            <lane id="bottom_1">
                <vehicle id="cfm-fast_5" pos="21.08" speed="35.32"/>
            </lane>
        </edge>
        <edge id="left">
            <lane id="left_0">
                <vehicle id="cfm-fast_2" pos="15.02" speed="23.77"/>
                <vehicle id="cfm-fast_3" pos="32.64" speed="26.22"/>
            </lane>
            <lane id="left_1">
                <vehicle id="cfm-fast_1" pos="7.02" speed="34.89"/>
            </lane>
        </edge>
        <edge id="right">
            <lane id="right_0">
                <vehicle id="cfm-slow_2" pos="15.02" speed="19.04"/>
                <vehicle id="cfm-slow_3" pos="31.16" speed="19.71"/>
                <vehicle id="cfm-slow_4" pos="48.03" speed="21.41"/>
            </lane>
            <lane id="right_1"/>
        </edge>
        <edge id="top">
            <lane id="top_0">
                <vehicle id="cfm-slow_5" pos="16.71" speed="24.60"/>
                <vehicle id="cfm-fast_0" pos="38.71" speed="28.13"/>
            </lane>
            <lane id="top_1"/>
        </edge>
    </timestep>
    <timestep time="2.60">
        <edge id="bottom">
            <lane id="bottom_0">
                <vehicle id="cfm-fast_4" pos="3.11" speed="28.83"/>
                <vehicle id="cfm-slow_0" pos="33.44" speed="18.79"/>
                <vehicle id="cfm-slow_1" pos="49.29" speed="18.85"/>
            </lane>
            <lane id="bottom_1">
                <vehicle id="cfm-fast_5" pos="21.43" speed="35.45"/>
            </lane>
        </edge>
        <edge id="left">
            <lane id="left_0">
                <vehicle id="cfm-fast_2" pos="15.26" speed="23.82"/>
                <vehicle id="cfm-fast_3" pos="32.90" speed="26.27"/>
            </lane>
            <lane id="left_1">
                <vehicle id="cfm-fast_1" pos="7.37" speed="35.02"/>
            </lane>
        </edge>
        <edge id="right">
            <lane id="right_0">
                <vehicle id="cfm-slow_2" pos="15.21" speed="19.07"/>
                <vehicle id="cfm-slow_3" pos="31.36" speed="19.75"/>
                <vehicle id="cfm-slow_4" pos="48.25" speed="21.46"/>
            </lane>
            <lane id="right_1"/>
        </edge>
        <edge id="top">
            <lane id="top_0">
                <vehicle id="cfm-slow_5" pos="16.96" speed="24.66"/>
                <vehicle id="cfm-fast_0" pos="38.99" speed="28.16"/>
            </lane>
            <lane id="top_1"/>
        </edge>
    </timestep>
    <timestep time="2.61">
        <edge id="bottom">
            <lane id="bottom_0">
                <vehicle id="cfm-fast_4" pos="3.40" speed="28.84"/>
                <vehicle id="cfm-slow_0" pos="33.62" speed="18.81"/>
                <vehicle id="cfm-slow_1" pos="49.48" speed="18.87"/>
            </lane>
            <lane id="bottom_1">
                <vehicle id="cfm-fast_5" pos="21.79" speed="35.59"/>
            </lane>
        </edge>
        <edge id="left">
            <lane id="left_0">
                <vehicle id="cfm-fast_2" pos="15.50" speed="23.87"/>
                <vehicle id="cfm-fast_3" pos="33.17" speed="26.32"/>
            </lane>
            <lane id="left_1">
                <vehicle id="cfm-fast_1" pos="7.72" speed="35.16"/>
            </lane>
        </edge>
        <edge id="right">
            <lane id="right_0">
                <vehicle id="cfm-slow_2" pos="15.40" speed="19.09"/>
                <vehicle id="cfm-slow_3" pos="31.56" speed="19.78"/>
                <vehicle id="cfm-slow_4" pos="48.46" speed="21.51"/>
            </lane>
            <lane id="right_1"/>
        </edge>
        <edge id="top">
            <lane id="top_0">
                <vehicle id="cfm-slow_5" pos="17.20" speed="24.71"/>
                <vehicle id="cfm-fast_0" pos="39.27" speed="28.18"/>
            </lane>
            <lane id="top_1"/>
        </edge>
    </timestep>
    <timestep time="2.62">
        <edge id="bottom">
            <lane id="bottom_0">
                <vehicle id="cfm-fast_4" pos="3.69" speed="28.84"/>
                <vehicle id="cfm-slow_0" pos="33.81" speed="18.83"/>
                <vehicle id="cfm-slow_1" pos="49.67" speed="18.89"/>
            </lane>
            <lane id="bottom_1">
                <vehicle id="cfm-fast_5" pos="22.15" speed="35.73"/>
            </lane>
        </edge>
        <edge id="left">
            <lane id="left_0">
                <vehicle id="cfm-fast_2" pos="15.74" speed="23.91"/>
                <vehicle id="cfm-fast_3" pos="33.43" speed="26.37"/>
            </lane>
            <lane id="left_1">
                <vehicle id="cfm-fast_1" pos="8.08" speed="35.30"/>
            </lane>
        </edge>
        <edge id="right">
            <lane id="right_0">
                <vehicle id="cfm-slow_2" pos="15.59" speed="19.12"/>
                <vehicle id="cfm-slow_3" pos="31.76" speed="19.82"/>
                <vehicle id="cfm-slow_4" pos="48.68" speed="21.56"/>
            </lane>
            <lane id="right_1"/>
        </edge>
        <edge id="top">
            <lane id="top_0">
                <vehicle id="cfm-slow_5" pos="17.45" speed="24.76"/>
                <vehicle id="cfm-fast_0" pos="39.55" speed="28.21"/>
            </lane>
            <lane id="top_1"/>
        </edge>
    </timestep>
    <timestep time="2.63">
        <edge id="bottom">
            <lane id="bottom_0">
                <vehicle id="cfm-fast_4" pos="3.98" speed="28.84"/>
                <vehicle id="cfm-slow_0" pos="34.00" speed="18.85"/>
                <vehicle id="cfm-slow_1" pos="49.85" speed="18.91"/>
            </lane>
            <lane id="bottom_1">
                <vehicle id="cfm-fast_5" pos="22.51" speed="35.86"/>
            </lane>
        </edge>
        <edge id="left">
            <lane id="left_0">
                <vehicle id="cfm-fast_2" pos="15.98" speed="23.96"/>
                <vehicle id="cfm-fast_3" pos="33.69" speed="26.42"/>
            </lane>
            <lane id="left_1">
                <vehicle id="cfm-fast_1" pos="8.43" speed="35.43"/>
            </lane>
        </edge>
        <edge id="right">
            <lane id="right_0">
                <vehicle id="cfm-slow_2" pos="15.78" speed="19.14"/>
                <vehicle id="cfm-slow_3" pos="31.96" speed="19.85"/>
                <vehicle id="cfm-slow_4" pos="48.89" speed="21.61"/>
            </lane>
            <lane id="right_1"/>
        </edge>
        <edge id="top">
            <lane id="top_0">
                <vehicle id="cfm-slow_5" pos="17.70" speed="24.82"/>
                <vehicle id="cfm-fast_0" pos="39.83" speed="28.23"/>
            </lane>
            <lane id="top_1"/>
        </edge>
    </timestep>
    <timestep time="2.64">
        <edge id="bottom">
            <lane id="bottom_0">
                <vehicle id="cfm-fast_4" pos="4.27" speed="28.84"/>
                <vehicle id="cfm-slow_0" pos="34.19" speed="18.86"/>
            </lane>
            <lane id="bottom_1">
                <vehicle id="cfm-fast_5" pos="22.87" speed="36.00"/>
            </lane>
        </edge>
        <edge id="left">
            <lane id="left_0">
                <vehicle id="cfm-fast_2" pos="16.22" speed="24.01"/>
                <vehicle id="cfm-fast_3" pos="33.96" speed="26.47"/>
            </lane>
            <lane id="left_1">
                <vehicle id="cfm-fast_1" pos="8.79" speed="35.57"/>
            </lane>
        </edge>
        <edge id="right">
            <lane id="right_0">
                <vehicle id="cfm-slow_1" pos="0.04" speed="18.93"/>
                <vehicle id="cfm-slow_2" pos="15.97" speed="19.17"/>
                <vehicle id="cfm-slow_3" pos="32.15" speed="19.89"/>
                <vehicle id="cfm-slow_4" pos="49.11" speed="21.66"/>
            </lane>
            <lane id="right_1"/>
        </edge>
        <edge id="top">
            <lane id="top_0">
                <vehicle id="cfm-slow_5" pos="17.95" speed="24.87"/>
                <vehicle id="cfm-fast_0" pos="40.12" speed="28.25"/>
            </lane>
            <lane id="top_1"/>
        </edge>
    </timestep>
    <timestep time="2.65">
        <edge id="bottom">
            <lane id="bottom_0">
                <vehicle id="cfm-fast_4" pos="4.56" speed="28.85"/>
                <vehicle id="cfm-slow_0" pos="34.38" speed="18.88"/>
            </lane>
            <lane id="bottom_1">
                <vehicle id="cfm-fast_5" pos="23.23" speed="36.14"/>
            </lane>
        </edge>
        <edge id="left">
            <lane id="left_0">
                <vehicle id="cfm-fast_2" pos="16.46" speed="24.06"/>
                <vehicle id="cfm-fast_3" pos="34.22" speed="26.52"/>
            </lane>
            <lane id="left_1">
                <vehicle id="cfm-fast_1" pos="9.14" speed="35.71"/>
            </lane>
        </edge>
        <edge id="right">
            <lane id="right_0">
                <vehicle id="cfm-slow_1" pos="0.23" speed="18.95"/>
                <vehicle id="cfm-slow_2" pos="16.16" speed="19.19"/>
                <vehicle id="cfm-slow_3" pos="32.35" speed="19.92"/>
                <vehicle id="cfm-slow_4" pos="49.33" speed="21.71"/>
            </lane>
            <lane id="right_1"/>
        </edge>
        <edge id="top">
            <lane id="top_0">
                <vehicle id="cfm-slow_5" pos="18.20" speed="24.92"/>
                <vehicle id="cfm-fast_0" pos="40.40" speed="28.28"/>
            </lane>
            <lane id="top_1"/>
        </edge>
    </timestep>
    <timestep time="2.66">
        <edge id="bottom">
            <lane id="bottom_0">
                <vehicle id="cfm-fast_4" pos="4.84" speed="28.85"/>
                <vehicle id="cfm-slow_0" pos="34.57" speed="18.90"/>
            </lane>
            <lane id="bottom_1">
                <vehicle id="cfm-fast_5" pos="23.59" speed="36.27"/>
            </lane>
        </edge>
        <edge id="left">
            <lane id="left_0">
                <vehicle id="cfm-fast_2" pos="16.70" speed="24.10"/>
                <vehicle id="cfm-fast_3" pos="34.49" speed="26.56"/>
            </lane>
            <lane id="left_1">
                <vehicle id="cfm-fast_1" pos="9.50" speed="35.84"/>
            </lane>
        </edge>
        <edge id="right">
            <lane id="right_0">
                <vehicle id="cfm-slow_1" pos="0.42" speed="18.97"/>
                <vehicle id="cfm-slow_2" pos="16.36" speed="19.22"/>
                <vehicle id="cfm-slow_3" pos="32.55" speed="19.96"/>
                <vehicle id="cfm-slow_4" pos="49.55" speed="21.76"/>
            </lane>
            <lane id="right_1"/>
        </edge>
        <edge id="top">
            <lane id="top_0">
                <vehicle id="cfm-slow_5" pos="18.45" speed="24.97"/>
                <vehicle id="cfm-fast_0" pos="40.68" speed="28.30"/>
            </lane>
            <lane id="top_1"/>
        </edge>
    </timestep>
    <timestep time="2.67">
        <edge id="bottom">
            <lane id="bottom_0">
                <vehicle id="cfm-fast_4" pos="5.13" speed="28.84"/>
                <vehicle id="cfm-slow_0" pos="34.76" speed="18.92"/>
            </lane>
            <lane id="bottom_1">
                <vehicle id="cfm-fast_5" pos="23.95" speed="36.41"/>
            </lane>
        </edge>
        <edge id="left">
            <lane id="left_0">
                <vehicle id="cfm-fast_2" pos="16.94" speed="24.15"/>
                <vehicle id="cfm-fast_3" pos="34.76" speed="26.61"/>
            </lane>
            <lane id="left_1">
                <vehicle id="cfm-fast_1" pos="9.86" speed="35.98"/>
            </lane>
        </edge>
        <edge id="right">
            <lane id="right_0">
                <vehicle id="cfm-slow_1" pos="0.61" speed="18.99"/>
                <vehicle id="cfm-slow_2" pos="16.55" speed="19.24"/>
                <vehicle id="cfm-slow_3" pos="32.75" speed="19.99"/>
                <vehicle id="cfm-slow_4" pos="49.76" speed="21.81"/>
            </lane>
            <lane id="right_1"/>
        </edge>
        <edge id="top">
            <lane id="top_0">
                <vehicle id="cfm-slow_5" pos="18.70" speed="25.02"/>
                <vehicle id="cfm-fast_0" pos="40.97" speed="28.32"/>
            </lane>
            <lane id="top_1"/>
        </edge>
    </timestep>
    <timestep time="2.68">
        <edge id="bottom">
            <lane id="bottom_0">
                <vehicle id="cfm-fast_4" pos="5.42" speed="28.84"/>
                <vehicle id="cfm-slow_0" pos="34.95" speed="18.94"/>
            </lane>
            <lane id="bottom_1">
                <vehicle id="cfm-fast_5" pos="24.32" speed="36.55"/>
            </lane>
        </edge>
        <edge id="left">
            <lane id="left_0">
                <vehicle id="cfm-fast_2" pos="17.18" speed="24.20"/>
                <vehicle id="cfm-fast_3" pos="35.02" speed="26.66"/>
            </lane>
            <lane id="left_1">
                <vehicle id="cfm-fast_1" pos="10.22" speed="36.12"/>
            </lane>
        </edge>
        <edge id="right">
            <lane id="right_0">
                <vehicle id="cfm-slow_1" pos="0.80" speed="19.01"/>
                <vehicle id="cfm-slow_2" pos="16.74" speed="19.27"/>
                <vehicle id="cfm-slow_3" pos="32.95" speed="20.03"/>
                <vehicle id="cfm-slow_4" pos="49.98" speed="21.86"/>
            </lane>
            <lane id="right_1"/>
        </edge>
        <edge id="top">
            <lane id="top_0">
                <vehicle id="cfm-slow_5" pos="18.95" speed="25.07"/>
                <vehicle id="cfm-fast_0" pos="41.25" speed="28.35"/>
            </lane>
            <lane id="top_1"/>
        </edge>
    </timestep>
    <timestep time="2.69">
        <edge id="bottom">
            <lane id="bottom_0">
                <vehicle id="cfm-fast_4" pos="5.71" speed="28.84"/>
                <vehicle id="cfm-slow_0" pos="35.13" speed="18.96"/>
            </lane>
            <lane id="bottom_1">
                <vehicle id="cfm-fast_5" pos="24.69" speed="36.68"/>
            </lane>
        </edge>
        <edge id="left">
            <lane id="left_0">
                <vehicle id="cfm-fast_2" pos="17.43" speed="24.24"/>
                <vehicle id="cfm-fast_3" pos="35.29" speed="26.70"/>
            </lane>
            <lane id="left_1">
                <vehicle id="cfm-fast_1" pos="10.58" speed="36.25"/>
            </lane>
        </edge>
        <edge id="right">
            <lane id="right_0">
                <vehicle id="cfm-slow_1" pos="0.99" speed="19.03"/>
                <vehicle id="cfm-slow_2" pos="16.93" speed="19.29"/>
                <vehicle id="cfm-slow_3" pos="33.15" speed="20.06"/>
            </lane>
            <lane id="right_1"/>
        </edge>
        <edge id="top">
            <lane id="top_0">
                <vehicle id="cfm-slow_4" pos="0.20" speed="21.90"/>
                <vehicle id="cfm-slow_5" pos="19.20" speed="25.12"/>
                <vehicle id="cfm-fast_0" pos="41.53" speed="28.37"/>
            </lane>
            <lane id="top_1"/>
        </edge>
    </timestep>
    <timestep time="2.70">
        <edge id="bottom">
            <lane id="bottom_0">
                <vehicle id="cfm-fast_4" pos="6.00" speed="28.84"/>
                <vehicle id="cfm-slow_0" pos="35.32" speed="18.97"/>
            </lane>
            <lane id="bottom_1">
                <vehicle id="cfm-fast_5" pos="25.06" speed="36.82"/>
            </lane>
        </edge>
        <edge id="left">
            <lane id="left_0">
                <vehicle id="cfm-fast_2" pos="17.67" speed="24.29"/>
                <vehicle id="cfm-fast_3" pos="35.56" speed="26.74"/>
            </lane>
            <lane id="left_1">
                <vehicle id="cfm-fast_1" pos="10.95" speed="36.39"/>
            </lane>
        </edge>
        <edge id="right">
            <lane id="right_0">
                <vehicle id="cfm-slow_1" pos="1.18" speed="19.05"/>
                <vehicle id="cfm-slow_2" pos="17.13" speed="19.31"/>
                <vehicle id="cfm-slow_3" pos="33.35" speed="20.10"/>
            </lane>
            <lane id="right_1"/>
        </edge>
        <edge id="top">
            <lane id="top_0">
                <vehicle id="cfm-slow_4" pos="0.42" speed="21.95"/>
                <vehicle id="cfm-slow_5" pos="19.45" speed="25.17"/>
                <vehicle id="cfm-fast_0" pos="41.82" speed="28.39"/>
            </lane>
            <lane id="top_1"/>
        </edge>
    </timestep>
    <timestep time="2.71">
        <edge id="bottom">
            <lane id="bottom_0">
                <vehicle id="cfm-fast_4" pos="6.29" speed="28.84"/>
                <vehicle id="cfm-slow_0" pos="35.51" speed="18.99"/>
            </lane>
            <lane id="bottom_1">
                <vehicle id="cfm-fast_5" pos="25.42" speed="36.95"/>
            </lane>
        </edge>
        <edge id="left">
            <lane id="left_0">
                <vehicle id="cfm-fast_2" pos="17.91" speed="24.34"/>
                <vehicle id="cfm-fast_3" pos="35.83" speed="26.79"/>
            </lane>
            <lane id="left_1">
                <vehicle id="cfm-fast_1" pos="11.31" speed="36.52"/>
            </lane>
        </edge>
        <edge id="right">
            <lane id="right_0">
                <vehicle id="cfm-slow_1" pos="1.37" speed="19.07"/>
                <vehicle id="cfm-slow_2" pos="17.32" speed="19.34"/>
                <vehicle id="cfm-slow_3" pos="33.56" speed="20.13"/>
            </lane>
            <lane id="right_1"/>
        </edge>
        <edge id="top">
            <lane id="top_0">
                <vehicle id="cfm-slow_4" pos="0.64" speed="22.00"/>
                <vehicle id="cfm-slow_5" pos="19.70" speed="25.22"/>
                <vehicle id="cfm-fast_0" pos="42.10" speed="28.41"/>
            </lane>
            <lane id="top_1"/>
        </edge>
    </timestep>
    <timestep time="2.72">
        <edge id="bottom">
            <lane id="bottom_0">
                <vehicle id="cfm-fast_4" pos="6.57" speed="28.83"/>
                <vehicle id="cfm-slow_0" pos="35.70" speed="19.01"/>
            </lane>
            <lane id="bottom_1">
                <vehicle id="cfm-fast_5" pos="25.80" speed="37.09"/>
            </lane>
        </edge>
        <edge id="left">
            <lane id="left_0">
                <vehicle id="cfm-fast_2" pos="18.16" speed="24.38"/>
                <vehicle id="cfm-fast_3" pos="36.09" speed="26.83"/>
            </lane>
            <lane id="left_1">
                <vehicle id="cfm-fast_1" pos="11.68" speed="36.66"/>
            </lane>
        </edge>
        <edge id="right">
            <lane id="right_0">
                <vehicle id="cfm-slow_1" pos="1.57" speed="19.09"/>
                <vehicle id="cfm-slow_2" pos="17.51" speed="19.36"/>
                <vehicle id="cfm-slow_3" pos="33.76" speed="20.17"/>
            </lane>
            <lane id="right_1"/>
        </edge>
        <edge id="top">
            <lane id="top_0">
                <vehicle id="cfm-slow_4" pos="0.86" speed="22.05"/>
                <vehicle id="cfm-slow_5" pos="19.96" speed="25.27"/>
                <vehicle id="cfm-fast_0" pos="42.39" speed="28.43"/>
            </lane>
            <lane id="top_1"/>
        </edge>
    </timestep>
    <timestep time="2.73">
        <edge id="bottom">
            <lane id="bottom_0">
                <vehicle id="cfm-fast_4" pos="6.86" speed="28.83"/>
                <vehicle id="cfm-slow_0" pos="35.89" speed="19.03"/>
            </lane>
            <lane id="bottom_1">
                <vehicle id="cfm-fast_5" pos="26.17" speed="37.23"/>
            </lane>
        </edge>
        <edge id="left">
            <lane id="left_0">
                <vehicle id="cfm-fast_2" pos="18.40" speed="24.43"/>
                <vehicle id="cfm-fast_3" pos="36.36" speed="26.87"/>
            </lane>
            <lane id="left_1">
                <vehicle id="cfm-fast_1" pos="12.05" speed="36.80"/>
            </lane>
        </edge>
        <edge id="right">
            <lane id="right_0">
                <vehicle id="cfm-slow_1" pos="1.76" speed="19.11"/>
                <vehicle id="cfm-slow_2" pos="17.71" speed="19.39"/>
                <vehicle id="cfm-slow_3" pos="33.96" speed="20.20"/>
            </lane>
            <lane id="right_1"/>
        </edge>
        <edge id="top">
            <lane id="top_0">
                <vehicle id="cfm-slow_4" pos="1.08" speed="22.10"/>
                <vehicle id="cfm-slow_5" pos="20.21" speed="25.32"/>
                <vehicle id="cfm-fast_0" pos="42.67" speed="28.45"/>
            </lane>
            <lane id="top_1"/>
        </edge>
    </timestep>
    <timestep time="2.74">
        <edge id="bottom">
            <lane id="bottom_0">
                <vehicle id="cfm-fast_4" pos="7.15" speed="28.82"/>
                <vehicle id="cfm-slow_0" pos="36.09" speed="19.04"/>
            </lane>
            <lane id="bottom_1">
                <vehicle id="cfm-fast_5" pos="26.54" speed="37.36"/>
            </lane>
        </edge>
        <edge id="left">
            <lane id="left_0">
                <vehicle id="cfm-fast_2" pos="18.65" speed="24.47"/>
                <vehicle id="cfm-fast_3" pos="36.63" speed="26.91"/>
            </lane>
            <lane id="left_1">
                <vehicle id="cfm-fast_1" pos="12.42" speed="36.93"/>
            </lane>
        </edge>
        <edge id="right">
            <lane id="right_0">
                <vehicle id="cfm-slow_1" pos="1.95" speed="19.13"/>
                <vehicle id="cfm-slow_2" pos="17.90" speed="19.41"/>
                <vehicle id="cfm-slow_3" pos="34.16" speed="20.23"/>
            </lane>
            <lane id="right_1"/>
        </edge>
        <edge id="top">
            <lane id="top_0">
                <vehicle id="cfm-slow_4" pos="1.30" speed="22.14"/>
                <vehicle id="cfm-slow_5" pos="20.46" speed="25.37"/>
                <vehicle id="cfm-fast_0" pos="42.96" speed="28.47"/>
            </lane>
            <lane id="top_1"/>
        </edge>
    </timestep>
    <timestep time="2.75">
        <edge id="bottom">
            <lane id="bottom_0">
                <vehicle id="cfm-fast_4" pos="7.44" speed="28.82"/>
                <vehicle id="cfm-slow_0" pos="36.28" speed="19.06"/>
            </lane>
            <lane id="bottom_1">
                <vehicle id="cfm-fast_5" pos="26.92" speed="37.50"/>
            </lane>
        </edge>
        <edge id="left">
            <lane id="left_0">
                <vehicle id="cfm-fast_2" pos="18.89" speed="24.52"/>
                <vehicle id="cfm-fast_3" pos="36.90" speed="26.96"/>
            </lane>
            <lane id="left_1">
                <vehicle id="cfm-fast_1" pos="12.79" speed="37.07"/>
            </lane>
        </edge>
        <edge id="right">
            <lane id="right_0">
                <vehicle id="cfm-slow_1" pos="2.14" speed="19.15"/>
                <vehicle id="cfm-slow_2" pos="18.10" speed="19.44"/>
                <vehicle id="cfm-slow_3" pos="34.36" speed="20.27"/>
            </lane>
            <lane id="right_1"/>
        </edge>
        <edge id="top">
            <lane id="top_0">
                <vehicle id="cfm-slow_4" pos="1.53" speed="22.19"/>
                <vehicle id="cfm-slow_5" pos="20.72" speed="25.41"/>
                <vehicle id="cfm-fast_0" pos="43.24" speed="28.49"/>
            </lane>
            <lane id="top_1"/>
        </edge>
    </timestep>
    <timestep time="2.76">
        <edge id="bottom">
            <lane id="bottom_0">
                <vehicle id="cfm-fast_4" pos="7.73" speed="28.81"/>
                <vehicle id="cfm-slow_0" pos="36.47" speed="19.08"/>
            </lane>
            <lane id="bottom_1">
                <vehicle id="cfm-fast_5" pos="27.29" speed="37.64"/>
            </lane>
        </edge>
        <edge id="left">
            <lane id="left_0">
                <vehicle id="cfm-fast_2" pos="19.14" speed="24.56"/>
                <vehicle id="cfm-fast_3" pos="37.17" speed="27.00"/>
            </lane>
            <lane id="left_1">
                <vehicle id="cfm-fast_1" pos="13.16" speed="37.21"/>
            </lane>
        </edge>
        <edge id="right">
            <lane id="right_0">
                <vehicle id="cfm-slow_1" pos="2.33" speed="19.17"/>
                <vehicle id="cfm-slow_2" pos="18.29" speed="19.46"/>
                <vehicle id="cfm-slow_3" pos="34.57" speed="20.30"/>
            </lane>
            <lane id="right_1"/>
        </edge>
        <edge id="top">
            <lane id="top_0">
                <vehicle id="cfm-slow_4" pos="1.75" speed="22.24"/>
                <vehicle id="cfm-slow_5" pos="20.97" speed="25.46"/>
                <vehicle id="cfm-fast_0" pos="43.53" speed="28.51"/>
            </lane>
            <lane id="top_1"/>
        </edge>
    </timestep>
    <timestep time="2.77">
        <edge id="bottom">
            <lane id="bottom_0">
                <vehicle id="cfm-fast_4" pos="8.02" speed="28.80"/>
                <vehicle id="cfm-slow_0" pos="36.66" speed="19.10"/>
            </lane>
            <lane id="bottom_1">
                <vehicle id="cfm-fast_5" pos="27.67" speed="37.77"/>
            </lane>
        </edge>
        <edge id="left">
            <lane id="left_0">
                <vehicle id="cfm-fast_2" pos="19.38" speed="24.61"/>
                <vehicle id="cfm-fast_3" pos="37.44" speed="27.04"/>
            </lane>
            <lane id="left_1">
                <vehicle id="cfm-fast_1" pos="13.53" speed="37.34"/>
            </lane>
        </edge>
        <edge id="right">
            <lane id="right_0">
                <vehicle id="cfm-slow_1" pos="2.52" speed="19.18"/>
                <vehicle id="cfm-slow_2" pos="18.49" speed="19.48"/>
                <vehicle id="cfm-slow_3" pos="34.77" speed="20.34"/>
            </lane>
            <lane id="right_1"/>
        </edge>
        <edge id="top">
            <lane id="top_0">
                <vehicle id="cfm-slow_4" pos="1.97" speed="22.29"/>
                <vehicle id="cfm-slow_5" pos="21.23" speed="25.51"/>
                <vehicle id="cfm-fast_0" pos="43.81" speed="28.53"/>
            </lane>
            <lane id="top_1"/>
        </edge>
    </timestep>
    <timestep time="2.78">
        <edge id="bottom">
            <lane id="bottom_0">
                <vehicle id="cfm-fast_4" pos="8.30" speed="28.79"/>
                <vehicle id="cfm-slow_0" pos="36.85" speed="19.11"/>
            </lane>
            <lane id="bottom_1">
                <vehicle id="cfm-fast_5" pos="28.05" speed="37.91"/>
            </lane>
        </edge>
        <edge id="left">
            <lane id="left_0">
                <vehicle id="cfm-fast_2" pos="19.63" speed="24.65"/>
                <vehicle id="cfm-fast_3" pos="37.71" speed="27.07"/>
            </lane>
            <lane id="left_1">
                <vehicle id="cfm-fast_1" pos="13.91" speed="37.48"/>
            </lane>
        </edge>
        <edge id="right">
            <lane id="right_0">
                <vehicle id="cfm-slow_1" pos="2.72" speed="19.20"/>
                <vehicle id="cfm-slow_2" pos="18.68" speed="19.51"/>
                <vehicle id="cfm-slow_3" pos="34.97" speed="20.37"/>
            </lane>
            <lane id="right_1"/>
        </edge>
        <edge id="top">
            <lane id="top_0">
                <vehicle id="cfm-slow_4" pos="2.19" speed="22.33"/>
                <vehicle id="cfm-slow_5" pos="21.48" speed="25.55"/>
                <vehicle id="cfm-fast_0" pos="44.10" speed="28.55"/>
            </lane>
            <lane id="top_1"/>
        </edge>
    </timestep>
    <timestep time="2.79">
        <edge id="bottom">
            <lane id="bottom_0">
                <vehicle id="cfm-fast_4" pos="8.59" speed="28.78"/>
                <vehicle id="cfm-slow_0" pos="37.04" speed="19.13"/>
            </lane>
            <lane id="bottom_1">
                <vehicle id="cfm-fast_5" pos="28.43" speed="38.05"/>
            </lane>
        </edge>
        <edge id="left">
            <lane id="left_0">
                <vehicle id="cfm-fast_2" pos="19.88" speed="24.70"/>
                <vehicle id="cfm-fast_3" pos="37.98" speed="27.11"/>
            </lane>
            <lane id="left_1">
                <vehicle id="cfm-fast_1" pos="14.28" speed="37.62"/>
            </lane>
        </edge>
        <edge id="right">
            <lane id="right_0">
                <vehicle id="cfm-slow_1" pos="2.91" speed="19.22"/>
                <vehicle id="cfm-slow_2" pos="18.88" speed="19.53"/>
                <vehicle id="cfm-slow_3" pos="35.18" speed="20.41"/>
            </lane>
            <lane id="right_1"/>
        </edge>
        <edge id="top">
            <lane id="top_0">
                <vehicle id="cfm-slow_4" pos="2.42" speed="22.38"/>
                <vehicle id="cfm-slow_5" pos="21.74" speed="25.60"/>
                <vehicle id="cfm-fast_0" pos="44.38" speed="28.57"/>
            </lane>
            <lane id="top_1"/>
        </edge>
    </timestep>
    <timestep time="2.80">
        <edge id="bottom">
            <lane id="bottom_0">
                <vehicle id="cfm-fast_4" pos="8.88" speed="28.78"/>
                <vehicle id="cfm-slow_0" pos="37.23" speed="19.15"/>
            </lane>
            <lane id="bottom_1">
                <vehicle id="cfm-fast_5" pos="28.81" speed="38.18"/>
            </lane>
        </edge>
        <edge id="left">
            <lane id="left_0">
                <vehicle id="cfm-fast_2" pos="20.12" speed="24.74"/>
                <vehicle id="cfm-fast_3" pos="38.25" speed="27.15"/>
            </lane>
            <lane id="left_1">
                <vehicle id="cfm-fast_1" pos="14.66" speed="37.75"/>
            </lane>
        </edge>
        <edge id="right">
            <lane id="right_0">
                <vehicle id="cfm-slow_1" pos="3.10" speed="19.24"/>
                <vehicle id="cfm-slow_2" pos="19.07" speed="19.56"/>
                <vehicle id="cfm-slow_3" pos="35.38" speed="20.44"/>
            </lane>
            <lane id="right_1"/>
        </edge>
        <edge id="top">
            <lane id="top_0">
                <vehicle id="cfm-slow_4" pos="2.64" speed="22.43"/>
                <vehicle id="cfm-slow_5" pos="21.99" speed="25.65"/>
                <vehicle id="cfm-fast_0" pos="44.67" speed="28.59"/>
            </lane>
            <lane id="top_1"/>
        </edge>
    </timestep>
    <timestep time="2.81">
        <edge id="bottom">
            <lane id="bottom_0">
                <vehicle id="cfm-fast_4" pos="9.17" speed="28.77"/>
                <vehicle id="cfm-slow_0" pos="37.42" speed="19.16"/>
            </lane>
            <lane id="bottom_1">
                <vehicle id="cfm-fast_5" pos="29.20" speed="38.32"/>
            </lane>
        </edge>
        <edge id="left">
            <lane id="left_0">
                <vehicle id="cfm-fast_2" pos="20.37" speed="24.78"/>
                <vehicle id="cfm-fast_3" pos="38.53" speed="27.19"/>
            </lane>
            <lane id="left_1">
                <vehicle id="cfm-fast_1" pos="15.04" speed="37.89"/>
            </lane>
        </edge>
        <edge id="right">
            <lane id="right_0">
                <vehicle id="cfm-slow_1" pos="3.29" speed="19.26"/>
                <vehicle id="cfm-slow_2" pos="19.27" speed="19.58"/>
                <vehicle id="cfm-slow_3" pos="35.59" speed="20.48"/>
            </lane>
            <lane id="right_1"/>
        </edge>
        <edge id="top">
            <lane id="top_0">
                <vehicle id="cfm-slow_4" pos="2.87" speed="22.47"/>
                <vehicle id="cfm-slow_5" pos="22.25" speed="25.69"/>
                <vehicle id="cfm-fast_0" pos="44.95" speed="28.61"/>
            </lane>
            <lane id="top_1"/>
        </edge>
    </timestep>
    <timestep time="2.82">
        <edge id="bottom">
            <lane id="bottom_0">
                <vehicle id="cfm-fast_4" pos="9.45" speed="28.76"/>
                <vehicle id="cfm-slow_0" pos="37.61" speed="19.18"/>
            </lane>
            <lane id="bottom_1">
                <vehicle id="cfm-fast_5" pos="29.58" speed="38.45"/>
            </lane>
        </edge>
        <edge id="left">
            <lane id="left_0">
                <vehicle id="cfm-fast_2" pos="20.62" speed="24.83"/>
                <vehicle id="cfm-fast_3" pos="38.80" speed="27.23"/>
            </lane>
            <lane id="left_1">
                <vehicle id="cfm-fast_1" pos="15.42" speed="38.02"/>
            </lane>
        </edge>
        <edge id="right">
            <lane id="right_0">
                <vehicle id="cfm-slow_1" pos="3.49" speed="19.28"/>
                <vehicle id="cfm-slow_2" pos="19.46" speed="19.60"/>
                <vehicle id="cfm-slow_3" pos="35.79" speed="20.51"/>
            </lane>
            <lane id="right_1"/>
        </edge>
        <edge id="top">
            <lane id="top_0">
                <vehicle id="cfm-slow_4" pos="3.09" speed="22.52"/>
                <vehicle id="cfm-slow_5" pos="22.51" speed="25.74"/>
                <vehicle id="cfm-fast_0" pos="45.24" speed="28.63"/>
            </lane>
            <lane id="top_1"/>
        </edge>
    </timestep>
    <timestep time="2.83">
        <edge id="bottom">
            <lane id="bottom_0">
                <vehicle id="cfm-fast_4" pos="9.74" speed="28.75"/>
                <vehicle id="cfm-slow_0" pos="37.81" speed="19.20"/>
            </lane>
            <lane id="bottom_1">
                <vehicle id="cfm-fast_5" pos="29.97" speed="38.59"/>
            </lane>
        </edge>
        <edge id="left">
            <lane id="left_0">
                <vehicle id="cfm-fast_2" pos="20.87" speed="24.87"/>
                <vehicle id="cfm-fast_3" pos="39.07" speed="27.26"/>
            </lane>
            <lane id="left_1">
                <vehicle id="cfm-fast_1" pos="15.80" speed="38.16"/>
            </lane>
        </edge>
        <edge id="right">
            <lane id="right_0">
                <vehicle id="cfm-slow_1" pos="3.68" speed="19.30"/>
                <vehicle id="cfm-slow_2" pos="19.66" speed="19.63"/>
                <vehicle id="cfm-slow_3" pos="36.00" speed="20.55"/>
            </lane>
            <lane id="right_1"/>
        </edge>
        <edge id="top">
            <lane id="top_0">
                <vehicle id="cfm-slow_4" pos="3.32" speed="22.57"/>
                <vehicle id="cfm-slow_5" pos="22.77" speed="25.78"/>
                <vehicle id="cfm-fast_0" pos="45.53" speed="28.64"/>
            </lane>
            <lane id="top_1"/>
        </edge>
    </timestep>
    <timestep time="2.84">
        <edge id="bottom">
            <lane id="bottom_0">
                <vehicle id="cfm-fast_4" pos="10.03" speed="28.73"/>
                <vehicle id="cfm-slow_0" pos="38.00" speed="19.21"/>
            </lane>
            <lane id="bottom_1">
                <vehicle id="cfm-fast_5" pos="30.35" speed="38.73"/>
            </lane>
        </edge>
        <edge id="left">
            <lane id="left_0">
                <vehicle id="cfm-fast_2" pos="21.12" speed="24.91"/>
                <vehicle id="cfm-fast_3" pos="39.34" speed="27.30"/>
            </lane>
            <lane id="left_1">
                <vehicle id="cfm-fast_1" pos="16.19" speed="38.30"/>
            </lane>
        </edge>
        <edge id="right">
            <lane id="right_0">
                <vehicle id="cfm-slow_1" pos="3.87" speed="19.32"/>
                <vehicle id="cfm-slow_2" pos="19.86" speed="19.65"/>
                <vehicle id="cfm-slow_3" pos="36.20" speed="20.58"/>
            </lane>
            <lane id="right_1"/>
        </edge>
        <edge id="top">
            <lane id="top_0">
                <vehicle id="cfm-slow_4" pos="3.54" speed="22.61"/>
                <vehicle id="cfm-slow_5" pos="23.02" speed="25.82"/>
                <vehicle id="cfm-fast_0" pos="45.81" speed="28.66"/>
            </lane>
            <lane id="top_1"/>
        </edge>
    </timestep>
    <timestep time="2.85">
        <edge id="bottom">
            <lane id="bottom_0">
                <vehicle id="cfm-fast_4" pos="10.32" speed="28.72"/>
                <vehicle id="cfm-slow_0" pos="38.19" speed="19.23"/>
            </lane>
            <lane id="bottom_1">
                <vehicle id="cfm-fast_5" pos="30.74" speed="38.86"/>
            </lane>
        </edge>
        <edge id="left">
            <lane id="left_0">
                <vehicle id="cfm-fast_2" pos="21.37" speed="24.96"/>
                <vehicle id="cfm-fast_3" pos="39.62" speed="27.33"/>
            </lane>
            <lane id="left_1">
                <vehicle id="cfm-fast_1" pos="16.57" speed="38.43"/>
            </lane>
        </edge>
        <edge id="right">
            <lane id="right_0">
                <vehicle id="cfm-slow_1" pos="4.06" speed="19.33"/>
                <vehicle id="cfm-slow_2" pos="20.05" speed="19.68"/>
                <vehicle id="cfm-slow_3" pos="36.41" speed="20.62"/>
            </lane>
            <lane id="right_1"/>
        </edge>
        <edge id="top">
            <lane id="top_0">
                <vehicle id="cfm-slow_4" pos="3.77" speed="22.66"/>
                <vehicle id="cfm-slow_5" pos="23.28" speed="25.87"/>
                <vehicle id="cfm-fast_0" pos="46.10" speed="28.68"/>
            </lane>
            <lane id="top_1"/>
        </edge>
    </timestep>
    <timestep time="2.86">
        <edge id="bottom">
            <lane id="bottom_0">
                <vehicle id="cfm-fast_4" pos="10.60" speed="28.71"/>
                <vehicle id="cfm-slow_0" pos="38.38" speed="19.24"/>
            </lane>
            <lane id="bottom_1">
                <vehicle id="cfm-fast_5" pos="31.13" speed="39.00"/>
            </lane>
        </edge>
        <edge id="left">
            <lane id="left_0">
                <vehicle id="cfm-fast_2" pos="21.62" speed="25.00"/>
                <vehicle id="cfm-fast_3" pos="39.89" speed="27.37"/>
            </lane>
            <lane id="left_1">
                <vehicle id="cfm-fast_1" pos="16.96" speed="38.57"/>
            </lane>
        </edge>
        <edge id="right">
            <lane id="right_0">
                <vehicle id="cfm-slow_1" pos="4.26" speed="19.35"/>
                <vehicle id="cfm-slow_2" pos="20.25" speed="19.70"/>
                <vehicle id="cfm-slow_3" pos="36.62" speed="20.65"/>
            </lane>
            <lane id="right_1"/>
        </edge>
        <edge id="top">
            <lane id="top_0">
                <vehicle id="cfm-slow_4" pos="4.00" speed="22.71"/>
                <vehicle id="cfm-slow_5" pos="23.54" speed="25.91"/>
                <vehicle id="cfm-fast_0" pos="46.39" speed="28.70"/>
            </lane>
            <lane id="top_1"/>
        </edge>
    </timestep>
    <timestep time="2.87">
        <edge id="bottom">
            <lane id="bottom_0">
                <vehicle id="cfm-fast_4" pos="10.89" speed="28.70"/>
                <vehicle id="cfm-slow_0" pos="38.58" speed="19.26"/>
            </lane>
            <lane id="bottom_1">
                <vehicle id="cfm-fast_5" pos="31.52" speed="39.14"/>
            </lane>
        </edge>
        <edge id="left">
            <lane id="left_0">
                <vehicle id="cfm-fast_2" pos="21.87" speed="25.04"/>
                <vehicle id="cfm-fast_3" pos="40.17" speed="27.40"/>
            </lane>
            <lane id="left_1">
                <vehicle id="cfm-fast_1" pos="17.34" speed="38.71"/>
            </lane>
        </edge>
        <edge id="right">
            <lane id="right_0">
                <vehicle id="cfm-slow_1" pos="4.45" speed="19.37"/>
                <vehicle id="cfm-slow_2" pos="20.45" speed="19.72"/>
                <vehicle id="cfm-slow_3" pos="36.82" speed="20.68"/>
            </lane>
            <lane id="right_1"/>
        </edge>
        <edge id="top">
            <lane id="top_0">
                <vehicle id="cfm-slow_4" pos="4.23" speed="22.75"/>
                <vehicle id="cfm-slow_5" pos="23.80" speed="25.95"/>
                <vehicle id="cfm-fast_0" pos="46.67" speed="28.71"/>
            </lane>
            <lane id="top_1"/>
        </edge>
    </timestep>
    <timestep time="2.88">
        <edge id="bottom">
            <lane id="bottom_0">
                <vehicle id="cfm-fast_4" pos="11.18" speed="28.68"/>
                <vehicle id="cfm-slow_0" pos="38.77" speed="19.28"/>
            </lane>
            <lane id="bottom_1">
                <vehicle id="cfm-fast_5" pos="31.92" speed="39.27"/>
            </lane>
        </edge>
        <edge id="left">
            <lane id="left_0">
                <vehicle id="cfm-fast_2" pos="22.12" speed="25.08"/>
                <vehicle id="cfm-fast_3" pos="40.44" speed="27.43"/>
            </lane>
            <lane id="left_1">
                <vehicle id="cfm-fast_1" pos="17.73" speed="38.84"/>
            </lane>
        </edge>
        <edge id="right">
            <lane id="right_0">
                <vehicle id="cfm-slow_1" pos="4.65" speed="19.39"/>
                <vehicle id="cfm-slow_2" pos="20.64" speed="19.75"/>
                <vehicle id="cfm-slow_3" pos="37.03" speed="20.72"/>
            </lane>
            <lane id="right_1"/>
        </edge>
        <edge id="top">
            <lane id="top_0">
                <vehicle id="cfm-slow_4" pos="4.45" speed="22.80"/>
                <vehicle id="cfm-slow_5" pos="24.06" speed="26.00"/>
                <vehicle id="cfm-fast_0" pos="46.96" speed="28.73"/>
            </lane>
            <lane id="top_1"/>
        </edge>
    </timestep>
    <timestep time="2.89">
        <edge id="bottom">
            <lane id="bottom_0">
                <vehicle id="cfm-fast_4" pos="11.46" speed="28.67"/>
                <vehicle id="cfm-slow_0" pos="38.96" speed="19.29"/>
            </lane>
            <lane id="bottom_1">
                <vehicle id="cfm-fast_5" pos="32.31" speed="39.41"/>
            </lane>
        </edge>
        <edge id="left">
            <lane id="left_0">
                <vehicle id="cfm-fast_2" pos="22.37" speed="25.12"/>
                <vehicle id="cfm-fast_3" pos="40.71" speed="27.46"/>
            </lane>
            <lane id="left_1">
                <vehicle id="cfm-fast_1" pos="18.12" speed="38.98"/>
            </lane>
        </edge>
        <edge id="right">
            <lane id="right_0">
                <vehicle id="cfm-slow_1" pos="4.84" speed="19.41"/>
                <vehicle id="cfm-slow_2" pos="20.84" speed="19.77"/>
                <vehicle id="cfm-slow_3" pos="37.24" speed="20.75"/>
            </lane>
            <lane id="right_1"/>
        </edge>
        <edge id="top">
            <lane id="top_0">
                <vehicle id="cfm-slow_4" pos="4.68" speed="22.84"/>
                <vehicle id="cfm-slow_5" pos="24.32" speed="26.04"/>
                <vehicle id="cfm-fast_0" pos="47.25" speed="28.75"/>
            </lane>
            <lane id="top_1"/>
        </edge>
    </timestep>
    <timestep time="2.90">
        <edge id="bottom">
            <lane id="bottom_0">
                <vehicle id="cfm-fast_4" pos="11.75" speed="28.66"/>
                <vehicle id="cfm-slow_0" pos="39.15" speed="19.31"/>
            </lane>
            <lane id="bottom_1">
                <vehicle id="cfm-fast_5" pos="32.71" speed="39.55"/>
            </lane>
        </edge>
        <edge id="left">
            <lane id="left_0">
                <vehicle id="cfm-fast_2" pos="22.62" speed="25.16"/>
                <vehicle id="cfm-fast_3" pos="40.99" speed="27.50"/>
            </lane>
            <lane id="left_1">
                <vehicle id="cfm-fast_1" pos="18.51" speed="39.12"/>
            </lane>
        </edge>
        <edge id="right">
            <lane id="right_0">
                <vehicle id="cfm-slow_1" pos="5.03" speed="19.42"/>
                <vehicle id="cfm-slow_2" pos="21.04" speed="19.80"/>
                <vehicle id="cfm-slow_3" pos="37.45" speed="20.79"/>
            </lane>
            <lane id="right_1"/>
        </edge>
        <edge id="top">
            <lane id="top_0">
                <vehicle id="cfm-slow_4" pos="4.91" speed="22.89"/>
                <vehicle id="cfm-slow_5" pos="24.58" speed="26.08"/>
                <vehicle id="cfm-fast_0" pos="47.54" speed="28.76"/>
            </lane>
            <lane id="top_1"/>
        </edge>
    </timestep>
    <timestep time="2.91">
        <edge id="bottom">
            <lane id="bottom_0">
                <vehicle id="cfm-fast_4" pos="12.04" speed="28.64"/>
                <vehicle id="cfm-slow_0" pos="39.35" speed="19.32"/>
            </lane>
            <lane id="bottom_1">
                <vehicle id="cfm-fast_5" pos="33.10" speed="39.68"/>
            </lane>
        </edge>
        <edge id="left">
            <lane id="left_0">
                <vehicle id="cfm-fast_2" pos="22.87" speed="25.21"/>
                <vehicle id="cfm-fast_3" pos="41.26" speed="27.53"/>
            </lane>
            <lane id="left_1">
                <vehicle id="cfm-fast_1" pos="18.90" speed="39.25"/>
            </lane>
        </edge>
        <edge id="right">
            <lane id="right_0">
                <vehicle id="cfm-slow_1" pos="5.23" speed="19.44"/>
                <vehicle id="cfm-slow_2" pos="21.24" speed="19.82"/>
                <vehicle id="cfm-slow_3" pos="37.65" speed="20.82"/>
            </lane>
            <lane id="right_1"/>
        </edge>
        <edge id="top">
            <lane id="top_0">
                <vehicle id="cfm-slow_4" pos="5.14" speed="22.93"/>
                <vehicle id="cfm-slow_5" pos="24.84" speed="26.12"/>
                <vehicle id="cfm-fast_0" pos="47.82" speed="28.78"/>
            </lane>
            <lane id="top_1"/>
        </edge>
    </timestep>
    <timestep time="2.92">
        <edge id="bottom">
            <lane id="bottom_0">
                <vehicle id="cfm-fast_4" pos="12.32" speed="28.63"/>
                <vehicle id="cfm-slow_0" pos="39.54" speed="19.34"/>
            </lane>
            <lane id="bottom_1">
                <vehicle id="cfm-fast_5" pos="33.50" speed="39.82"/>
            </lane>
        </edge>
        <edge id="left">
            <lane id="left_0">
                <vehicle id="cfm-fast_2" pos="23.13" speed="25.25"/>
                <vehicle id="cfm-fast_3" pos="41.54" speed="27.56"/>
            </lane>
            <lane id="left_1">
                <vehicle id="cfm-fast_1" pos="19.30" speed="39.39"/>
            </lane>
        </edge>
        <edge id="right">
            <lane id="right_0">
                <vehicle id="cfm-slow_1" pos="5.42" speed="19.46"/>
                <vehicle id="cfm-slow_2" pos="21.44" speed="19.84"/>
                <vehicle id="cfm-slow_3" pos="37.86" speed="20.86"/>
            </lane>
            <lane id="right_1"/>
        </edge>
        <edge id="top">
            <lane id="top_0">
                <vehicle id="cfm-slow_4" pos="5.37" speed="22.98"/>
                <vehicle id="cfm-slow_5" pos="25.11" speed="26.16"/>
                <vehicle id="cfm-fast_0" pos="48.11" speed="28.79"/>
            </lane>
            <lane id="top_1"/>
        </edge>
    </timestep>
    <timestep time="2.93">
        <edge id="bottom">
            <lane id="bottom_0">
                <vehicle id="cfm-fast_4" pos="12.61" speed="28.61"/>
                <vehicle id="cfm-slow_0" pos="39.74" speed="19.35"/>
            </lane>
            <lane id="bottom_1">
                <vehicle id="cfm-fast_5" pos="33.90" speed="39.95"/>
            </lane>
        </edge>
        <edge id="left">
            <lane id="left_0">
                <vehicle id="cfm-fast_2" pos="23.38" speed="25.29"/>
                <vehicle id="cfm-fast_3" pos="41.82" speed="27.59"/>
            </lane>
            <lane id="left_1">
                <vehicle id="cfm-fast_1" pos="19.69" speed="39.52"/>
            </lane>
        </edge>
        <edge id="right">
            <lane id="right_0">
                <vehicle id="cfm-slow_1" pos="5.62" speed="19.48"/>
                <vehicle id="cfm-slow_2" pos="21.64" speed="19.87"/>
                <vehicle id="cfm-slow_3" pos="38.07" speed="20.89"/>
            </lane>
            <lane id="right_1"/>
        </edge>
        <edge id="top">
            <lane id="top_0">
                <vehicle id="cfm-slow_4" pos="5.60" speed="23.02"/>
                <vehicle id="cfm-slow_5" pos="25.37" speed="26.20"/>
                <vehicle id="cfm-fast_0" pos="48.40" speed="28.81"/>
            </lane>
            <lane id="top_1"/>
        </edge>
    </timestep>
    <timestep time="2.94">
        <edge id="bottom">
            <lane id="bottom_0">
                <vehicle id="cfm-fast_4" pos="12.89" speed="28.60"/>
                <vehicle id="cfm-slow_0" pos="39.93" speed="19.37"/>
            </lane>
            <lane id="bottom_1">
                <vehicle id="cfm-fast_5" pos="34.30" speed="40.09"/>
            </lane>
        </edge>
        <edge id="left">
            <lane id="left_0">
                <vehicle id="cfm-fast_2" pos="23.63" speed="25.33"/>
                <vehicle id="cfm-fast_3" pos="42.09" speed="27.62"/>
            </lane>
            <lane id="left_1">
                <vehicle id="cfm-fast_1" pos="20.09" speed="39.66"/>
            </lane>
        </edge>
        <edge id="right">
            <lane id="right_0">
                <vehicle id="cfm-slow_1" pos="5.81" speed="19.49"/>
                <vehicle id="cfm-slow_2" pos="21.83" speed="19.89"/>
                <vehicle id="cfm-slow_3" pos="38.28" speed="20.92"/>
            </lane>
            <lane id="right_1"/>
        </edge>
        <edge id="top">
            <lane id="top_0">
                <vehicle id="cfm-slow_4" pos="5.83" speed="23.07"/>
                <vehicle id="cfm-slow_5" pos="25.63" speed="26.24"/>
                <vehicle id="cfm-fast_0" pos="48.69" speed="28.82"/>
            </lane>
            <lane id="top_1"/>
        </edge>
    </timestep>
    <timestep time="2.95">
        <edge id="bottom">
            <lane id="bottom_0">
                <vehicle id="cfm-fast_4" pos="13.18" speed="28.58"/>
                <vehicle id="cfm-slow_0" pos="40.12" speed="19.38"/>
            </lane>
            <lane id="bottom_1">
                <vehicle id="cfm-fast_5" pos="34.70" speed="40.23"/>
            </lane>
        </edge>
        <edge id="left">
            <lane id="left_0">
                <vehicle id="cfm-fast_2" pos="23.89" speed="25.37"/>
                <vehicle id="cfm-fast_3" pos="42.37" speed="27.65"/>
            </lane>
            <lane id="left_1">
                <vehicle id="cfm-fast_1" pos="20.49" speed="39.80"/>
            </lane>
        </edge>
        <edge id="right">
            <lane id="right_0">
                <vehicle id="cfm-slow_1" pos="6.01" speed="19.51"/>
                <vehicle id="cfm-slow_2" pos="22.03" speed="19.91"/>
                <vehicle id="cfm-slow_3" pos="38.49" speed="20.96"/>
            </lane>
            <lane id="right_1"/>
        </edge>
        <edge id="top">
            <lane id="top_0">
                <vehicle id="cfm-slow_4" pos="6.06" speed="23.11"/>
                <vehicle id="cfm-slow_5" pos="25.89" speed="26.28"/>
                <vehicle id="cfm-fast_0" pos="48.98" speed="28.84"/>
            </lane>
            <lane id="top_1"/>
        </edge>
    </timestep>
    <timestep time="2.96">
        <edge id="bottom">
            <lane id="bottom_0">
                <vehicle id="cfm-fast_4" pos="13.47" speed="28.56"/>
                <vehicle id="cfm-slow_0" pos="40.32" speed="19.40"/>
            </lane>
            <lane id="bottom_1">
                <vehicle id="cfm-fast_5" pos="35.11" speed="40.36"/>
            </lane>
        </edge>
        <edge id="left">
            <lane id="left_0">
                <vehicle id="cfm-fast_2" pos="24.14" speed="25.41"/>
                <vehicle id="cfm-fast_3" pos="42.65" speed="27.67"/>
            </lane>
            <lane id="left_1">
                <vehicle id="cfm-fast_1" pos="20.89" speed="39.93"/>
            </lane>
        </edge>
        <edge id="right">
            <lane id="right_0">
                <vehicle id="cfm-slow_1" pos="6.20" speed="19.53"/>
                <vehicle id="cfm-slow_2" pos="22.23" speed="19.94"/>
                <vehicle id="cfm-slow_3" pos="38.70" speed="20.99"/>
            </lane>
            <lane id="right_1"/>
        </edge>
        <edge id="top">
            <lane id="top_0">
                <vehicle id="cfm-slow_4" pos="6.29" speed="23.16"/>
                <vehicle id="cfm-slow_5" pos="26.16" speed="26.32"/>
                <vehicle id="cfm-fast_0" pos="49.27" speed="28.85"/>
            </lane>
            <lane id="top_1"/>
        </edge>
    </timestep>
    <timestep time="2.97">
        <edge id="bottom">
            <lane id="bottom_0">
                <vehicle id="cfm-fast_4" pos="13.75" speed="28.55"/>
                <vehicle id="cfm-slow_0" pos="40.51" speed="19.41"/>
            </lane>
            <lane id="bottom_1">
                <vehicle id="cfm-fast_5" pos="35.51" speed="40.50"/>
            </lane>
        </edge>
        <edge id="left">
            <lane id="left_0">
                <vehicle id="cfm-fast_2" pos="24.39" speed="25.45"/>
                <vehicle id="cfm-fast_3" pos="42.92" speed="27.70"/>
            </lane>
            <lane id="left_1">
                <vehicle id="cfm-fast_1" pos="21.29" speed="40.07"/>
            </lane>
        </edge>
        <edge id="right">
            <lane id="right_0">
                <vehicle id="cfm-slow_1" pos="6.40" speed="19.55"/>
                <vehicle id="cfm-slow_2" pos="22.43" speed="19.96"/>
                <vehicle id="cfm-slow_3" pos="38.91" speed="21.03"/>
            </lane>
            <lane id="right_1"/>
        </edge>
        <edge id="top">
            <lane id="top_0">
                <vehicle id="cfm-slow_4" pos="6.53" speed="23.20"/>
                <vehicle id="cfm-slow_5" pos="26.42" speed="26.36"/>
                <vehicle id="cfm-fast_0" pos="49.55" speed="28.87"/>
            </lane>
            <lane id="top_1"/>
        </edge>
    </timestep>
    <timestep time="2.98">
        <edge id="bottom">
            <lane id="bottom_0">
                <vehicle id="cfm-fast_4" pos="14.04" speed="28.53"/>
                <vehicle id="cfm-slow_0" pos="40.70" speed="19.43"/>
            </lane>
            <lane id="bottom_1">
                <vehicle id="cfm-fast_5" pos="35.92" speed="40.64"/>
            </lane>
        </edge>
        <edge id="left">
            <lane id="left_0">
                <vehicle id="cfm-fast_2" pos="24.65" speed="25.49"/>
                <vehicle id="cfm-fast_3" pos="43.20" speed="27.73"/>
            </lane>
            <lane id="left_1">
                <vehicle id="cfm-fast_1" pos="21.69" speed="40.21"/>
            </lane>
        </edge>
        <edge id="right">
            <lane id="right_0">
                <vehicle id="cfm-slow_1" pos="6.59" speed="19.56"/>
                <vehicle id="cfm-slow_2" pos="22.63" speed="19.98"/>
                <vehicle id="cfm-slow_3" pos="39.12" speed="21.06"/>
            </lane>
            <lane id="right_1"/>
        </edge>
        <edge id="top">
            <lane id="top_0">
                <vehicle id="cfm-slow_4" pos="6.76" speed="23.25"/>
                <vehicle id="cfm-slow_5" pos="26.68" speed="26.40"/>
                <vehicle id="cfm-fast_0" pos="49.84" speed="28.88"/>
            </lane>
            <lane id="top_1"/>
        </edge>
    </timestep>
    <timestep time="2.99">
        <edge id="bottom">
            <lane id="bottom_0">
                <vehicle id="cfm-fast_4" pos="14.32" speed="28.51"/>
                <vehicle id="cfm-slow_0" pos="40.90" speed="19.44"/>
            </lane>
            <lane id="bottom_1">
                <vehicle id="cfm-fast_5" pos="36.33" speed="40.77"/>
            </lane>
        </edge>
        <edge id="left">
            <lane id="left_0">
                <vehicle id="cfm-fast_0" pos="0.13" speed="28.89"/>
                <vehicle id="cfm-fast_2" pos="24.90" speed="25.53"/>
                <vehicle id="cfm-fast_3" pos="43.48" speed="27.76"/>
            </lane>
            <lane id="left_1">
                <vehicle id="cfm-fast_1" pos="22.09" speed="40.34"/>
            </lane>
        </edge>
        <edge id="right">
            <lane id="right_0">
                <vehicle id="cfm-slow_1" pos="6.79" speed="19.58"/>
                <vehicle id="cfm-slow_2" pos="22.83" speed="20.01"/>
                <vehicle id="cfm-slow_3" pos="39.33" speed="21.10"/>
            </lane>
            <lane id="right_1"/>
        </edge>
        <edge id="top">
            <lane id="top_0">
                <vehicle id="cfm-slow_4" pos="6.99" speed="23.29"/>
                <vehicle id="cfm-slow_5" pos="26.95" speed="26.44"/>
            </lane>
            <lane id="top_1"/>
        </edge>
    </timestep>
    <timestep time="3.00">
        <edge id="bottom">
            <lane id="bottom_0">
                <vehicle id="cfm-fast_4" pos="14.61" speed="28.49"/>
                <vehicle id="cfm-slow_0" pos="41.09" speed="19.46"/>
            </lane>
            <lane id="bottom_1">
                <vehicle id="cfm-fast_5" pos="36.73" speed="40.91"/>
            </lane>
        </edge>
        <edge id="left">
            <lane id="left_0">
                <vehicle id="cfm-fast_0" pos="0.42" speed="28.91"/>
                <vehicle id="cfm-fast_2" pos="25.16" speed="25.57"/>
                <vehicle id="cfm-fast_3" pos="43.75" speed="27.78"/>
            </lane>
            <lane id="left_1">
                <vehicle id="cfm-fast_1" pos="22.50" speed="40.48"/>
            </lane>
        </edge>
        <edge id="right">
            <lane id="right_0">
                <vehicle id="cfm-slow_1" pos="6.99" speed="19.60"/>
                <vehicle id="cfm-slow_2" pos="23.03" speed="20.03"/>
                <vehicle id="cfm-slow_3" pos="39.54" speed="21.13"/>
            </lane>
            <lane id="right_1"/>
        </edge>
        <edge id="top">
            <lane id="top_0">
                <vehicle id="cfm-slow_4" pos="7.22" speed="23.33"/>
                <vehicle id="cfm-slow_5" pos="27.21" speed="26.48"/>
            </lane>
            <lane id="top_1"/>
        </edge>
    </timestep>
    <timestep time="3.01">
        <edge id="bottom">
            <lane id="bottom_0">
                <vehicle id="cfm-fast_4" pos="14.89" speed="28.47"/>
                <vehicle id="cfm-slow_0" pos="41.29" speed="19.47"/>
            </lane>
            <lane id="bottom_1">
                <vehicle id="cfm-fast_5" pos="37.15" speed="41.05"/>
            </lane>
        </edge>
        <edge id="left">
            <lane id="left_0">
                <vehicle id="cfm-fast_0" pos="0.71" speed="28.92"/>
                <vehicle id="cfm-fast_2" pos="25.42" speed="25.60"/>
                <vehicle id="cfm-fast_3" pos="44.03" speed="27.81"/>
            </lane>
            <lane id="left_1">
                <vehicle id="cfm-fast_1" pos="22.90" speed="40.62"/>
            </lane>
        </edge>
        <edge id="right">
            <lane id="right_0">
                <vehicle id="cfm-slow_1" pos="7.18" speed="19.61"/>
                <vehicle id="cfm-slow_2" pos="23.23" speed="20.05"/>
                <vehicle id="cfm-slow_3" pos="39.76" speed="21.16"/>
            </lane>
            <lane id="right_1"/>
        </edge>
        <edge id="top">
            <lane id="top_0">
                <vehicle id="cfm-slow_4" pos="7.46" speed="23.38"/>
                <vehicle id="cfm-slow_5" pos="27.48" speed="26.52"/>
            </lane>
            <lane id="top_1"/>
        </edge>
    </timestep>
    <timestep time="3.02">
        <edge id="bottom">
            <lane id="bottom_0">
                <vehicle id="cfm-fast_4" pos="15.18" speed="28.45"/>
                <vehicle id="cfm-slow_0" pos="41.48" speed="19.48"/>
            </lane>
            <lane id="bottom_1">
                <vehicle id="cfm-fast_5" pos="37.56" speed="41.18"/>
            </lane>
        </edge>
        <edge id="left">
            <lane id="left_0">
                <vehicle id="cfm-fast_0" pos="1.00" speed="28.94"/>
                <vehicle id="cfm-fast_2" pos="25.67" speed="25.64"/>
                <vehicle id="cfm-fast_3" pos="44.31" speed="27.83"/>
            </lane>
            <lane id="left_1">
                <vehicle id="cfm-fast_1" pos="23.31" speed="40.75"/>
            </lane>
        </edge>
        <edge id="right">
            <lane id="right_0">
                <vehicle id="cfm-slow_1" pos="7.38" speed="19.63"/>
                <vehicle id="cfm-slow_2" pos="23.43" speed="20.08"/>
                <vehicle id="cfm-slow_3" pos="39.97" speed="21.20"/>
            </lane>
            <lane id="right_1"/>
        </edge>
        <edge id="top">
            <lane id="top_0">
                <vehicle id="cfm-slow_4" pos="7.69" speed="23.42"/>
                <vehicle id="cfm-slow_5" pos="27.74" speed="26.55"/>
            </lane>
            <lane id="top_1"/>
        </edge>
    </timestep>
    <timestep time="3.03">
        <edge id="bottom">
            <lane id="bottom_0">
                <vehicle id="cfm-fast_4" pos="15.46" speed="28.44"/>
                <vehicle id="cfm-slow_0" pos="41.68" speed="19.50"/>
            </lane>
            <lane id="bottom_1">
                <vehicle id="cfm-fast_5" pos="37.97" speed="41.32"/>
            </lane>
        </edge>
        <edge id="left">
            <lane id="left_0">
                <vehicle id="cfm-fast_0" pos="1.29" speed="28.95"/>
                <vehicle id="cfm-fast_2" pos="25.93" speed="25.68"/>
                <vehicle id="cfm-fast_3" pos="44.59" speed="27.86"/>
            </lane>
            <lane id="left_1">
                <vehicle id="cfm-fast_1" pos="23.72" speed="40.89"/>
            </lane>
        </edge>
        <edge id="right">
            <lane id="right_0">
                <vehicle id="cfm-slow_1" pos="7.57" speed="19.65"/>
                <vehicle id="cfm-slow_2" pos="23.63" speed="20.10"/>
                <vehicle id="cfm-slow_3" pos="40.18" speed="21.23"/>
            </lane>
            <lane id="right_1"/>
        </edge>
        <edge id="top">
            <lane id="top_0">
                <vehicle id="cfm-slow_4" pos="7.93" speed="23.46"/>
                <vehicle id="cfm-slow_5" pos="28.01" speed="26.59"/>
            </lane>
            <lane id="top_1"/>
        </edge>
    </timestep>
    <timestep time="3.04">
        <edge id="bottom">
            <lane id="bottom_0">
                <vehicle id="cfm-fast_4" pos="15.74" speed="28.42"/>
                <vehicle id="cfm-slow_0" pos="41.87" speed="19.51"/>
            </lane>
            <lane id="bottom_1">
                <vehicle id="cfm-fast_5" pos="38.38" speed="41.45"/>
            </lane>
        </edge>
        <edge id="left">
            <lane id="left_0">
                <vehicle id="cfm-fast_0" pos="1.58" speed="28.96"/>
                <vehicle id="cfm-fast_2" pos="26.19" speed="25.72"/>
                <vehicle id="cfm-fast_3" pos="44.87" speed="27.88"/>
            </lane>
            <lane id="left_1">
                <vehicle id="cfm-fast_1" pos="24.13" speed="41.02"/>
            </lane>
        </edge>
        <edge id="right">
            <lane id="right_0">
                <vehicle id="cfm-slow_1" pos="7.77" speed="19.67"/>
                <vehicle id="cfm-slow_2" pos="23.84" speed="20.12"/>
                <vehicle id="cfm-slow_3" pos="40.39" speed="21.27"/>
            </lane>
            <lane id="right_1"/>
        </edge>
        <edge id="top">
            <lane id="top_0">
                <vehicle id="cfm-slow_4" pos="8.16" speed="23.51"/>
                <vehicle id="cfm-slow_5" pos="28.28" speed="26.63"/>
            </lane>
            <lane id="top_1"/>
        </edge>
    </timestep>
    <timestep time="3.05">
        <edge id="bottom">
            <lane id="bottom_0">
                <vehicle id="cfm-fast_4" pos="16.03" speed="28.40"/>
                <vehicle id="cfm-slow_0" pos="42.07" speed="19.53"/>
            </lane>
            <lane id="bottom_1">
                <vehicle id="cfm-fast_5" pos="38.80" speed="41.59"/>
            </lane>
        </edge>
        <edge id="left">
            <lane id="left_0">
                <vehicle id="cfm-fast_0" pos="1.87" speed="28.97"/>
                <vehicle id="cfm-fast_2" pos="26.44" speed="25.76"/>
                <vehicle id="cfm-fast_3" pos="45.15" speed="27.90"/>
            </lane>
            <lane id="left_1">
                <vehicle id="cfm-fast_1" pos="24.54" speed="41.16"/>
            </lane>
        </edge>
        <edge id="right">
            <lane id="right_0">
                <vehicle id="cfm-slow_1" pos="7.97" speed="19.68"/>
                <vehicle id="cfm-slow_2" pos="24.04" speed="20.15"/>
                <vehicle id="cfm-slow_3" pos="40.61" speed="21.30"/>
            </lane>
            <lane id="right_1"/>
        </edge>
        <edge id="top">
            <lane id="top_0">
                <vehicle id="cfm-slow_4" pos="8.40" speed="23.55"/>
                <vehicle id="cfm-slow_5" pos="28.54" speed="26.66"/>
            </lane>
            <lane id="top_1"/>
        </edge>
    </timestep>
    <timestep time="3.06">
        <edge id="bottom">
            <lane id="bottom_0">
                <vehicle id="cfm-fast_4" pos="16.31" speed="28.38"/>
                <vehicle id="cfm-slow_0" pos="42.26" speed="19.54"/>
            </lane>
            <lane id="bottom_1">
                <vehicle id="cfm-fast_5" pos="39.22" speed="41.73"/>
            </lane>
        </edge>
        <edge id="left">
            <lane id="left_0">
                <vehicle id="cfm-fast_0" pos="2.16" speed="28.99"/>
                <vehicle id="cfm-fast_2" pos="26.70" speed="25.79"/>
                <vehicle id="cfm-fast_3" pos="45.43" speed="27.92"/>
            </lane>
            <lane id="left_1">
                <vehicle id="cfm-fast_1" pos="24.96" speed="41.30"/>
            </lane>
        </edge>
        <edge id="right">
            <lane id="right_0">
                <vehicle id="cfm-slow_1" pos="8.17" speed="19.70"/>
                <vehicle id="cfm-slow_2" pos="24.24" speed="20.17"/>
                <vehicle id="cfm-slow_3" pos="40.82" speed="21.33"/>
            </lane>
            <lane id="right_1"/>
        </edge>
        <edge id="top">
            <lane id="top_0">
                <vehicle id="cfm-slow_4" pos="8.63" speed="23.59"/>
                <vehicle id="cfm-slow_5" pos="28.81" speed="26.70"/>
            </lane>
            <lane id="top_1"/>
        </edge>
    </timestep>
    <timestep time="3.07">
        <edge id="bottom">
            <lane id="bottom_0">
                <vehicle id="cfm-fast_4" pos="16.60" speed="28.36"/>
                <vehicle id="cfm-slow_0" pos="42.46" speed="19.55"/>
            </lane>
            <lane id="bottom_1">
                <vehicle id="cfm-fast_5" pos="39.64" speed="41.86"/>
            </lane>
        </edge>
        <edge id="left">
            <lane id="left_0">
                <vehicle id="cfm-fast_0" pos="2.45" speed="29.00"/>
                <vehicle id="cfm-fast_2" pos="26.96" speed="25.83"/>
                <vehicle id="cfm-fast_3" pos="45.71" speed="27.95"/>
            </lane>
            <lane id="left_1">
                <vehicle id="cfm-fast_1" pos="25.37" speed="41.43"/>
            </lane>
        </edge>
        <edge id="right">
            <lane id="right_0">
                <vehicle id="cfm-slow_1" pos="8.36" speed="19.72"/>
                <vehicle id="cfm-slow_2" pos="24.44" speed="20.19"/>
                <vehicle id="cfm-slow_3" pos="41.03" speed="21.37"/>
            </lane>
            <lane id="right_1"/>
        </edge>
        <edge id="top">
            <lane id="top_0">
                <vehicle id="cfm-slow_4" pos="8.87" speed="23.64"/>
                <vehicle id="cfm-slow_5" pos="29.08" speed="26.74"/>
            </lane>
            <lane id="top_1"/>
        </edge>
    </timestep>
    <timestep time="3.08">
        <edge id="bottom">
            <lane id="bottom_0">
                <vehicle id="cfm-fast_4" pos="16.88" speed="28.33"/>
                <vehicle id="cfm-slow_0" pos="42.66" speed="19.57"/>
            </lane>
            <lane id="bottom_1">
                <vehicle id="cfm-fast_5" pos="40.06" speed="42.00"/>
            </lane>
        </edge>
        <edge id="left">
            <lane id="left_0">
                <vehicle id="cfm-fast_0" pos="2.74" speed="29.01"/>
                <vehicle id="cfm-fast_2" pos="27.22" speed="25.87"/>
                <vehicle id="cfm-fast_3" pos="45.99" speed="27.97"/>
            </lane>
            <lane id="left_1">
                <vehicle id="cfm-fast_1" pos="25.79" speed="41.57"/>
            </lane>
        </edge>
        <edge id="right">
            <lane id="right_0">
                <vehicle id="cfm-slow_1" pos="8.56" speed="19.73"/>
                <vehicle id="cfm-slow_2" pos="24.64" speed="20.22"/>
                <vehicle id="cfm-slow_3" pos="41.25" speed="21.40"/>
            </lane>
            <lane id="right_1"/>
        </edge>
        <edge id="top">
            <lane id="top_0">
                <vehicle id="cfm-slow_4" pos="9.11" speed="23.68"/>
                <vehicle id="cfm-slow_5" pos="29.34" speed="26.77"/>
            </lane>
            <lane id="top_1"/>
        </edge>
    </timestep>
    <timestep time="3.09">
        <edge id="bottom">
            <lane id="bottom_0">
                <vehicle id="cfm-fast_4" pos="17.16" speed="28.31"/>
                <vehicle id="cfm-slow_0" pos="42.85" speed="19.58"/>
            </lane>
            <lane id="bottom_1">
                <vehicle id="cfm-fast_5" pos="40.48" speed="42.14"/>
            </lane>
        </edge>
        <edge id="left">
            <lane id="left_0">
                <vehicle id="cfm-fast_0" pos="3.03" speed="29.02"/>
                <vehicle id="cfm-fast_2" pos="27.48" speed="25.90"/>
                <vehicle id="cfm-fast_3" pos="46.27" speed="27.99"/>
            </lane>
            <lane id="left_1">
                <vehicle id="cfm-fast_1" pos="26.20" speed="41.71"/>
            </lane>
        </edge>
        <edge id="right">
            <lane id="right_0">
                <vehicle id="cfm-slow_1" pos="8.76" speed="19.75"/>
                <vehicle id="cfm-slow_2" pos="24.85" speed="20.24"/>
                <vehicle id="cfm-slow_3" pos="41.46" speed="21.44"/>
            </lane>
            <lane id="right_1"/>
        </edge>
        <edge id="top">
            <lane id="top_0">
                <vehicle id="cfm-slow_4" pos="9.34" speed="23.72"/>
                <vehicle id="cfm-slow_5" pos="29.61" speed="26.81"/>
            </lane>
            <lane id="top_1"/>
        </edge>
    </timestep>
    <timestep time="3.10">
        <edge id="bottom">
            <lane id="bottom_0">
                <vehicle id="cfm-fast_4" pos="17.45" speed="28.29"/>
                <vehicle id="cfm-slow_0" pos="43.05" speed="19.59"/>
            </lane>
            <lane id="bottom_1">
                <vehicle id="cfm-fast_5" pos="40.90" speed="42.27"/>
            </lane>
        </edge>
        <edge id="left">
            <lane id="left_0">
                <vehicle id="cfm-fast_0" pos="3.32" speed="29.04"/>
                <vehicle id="cfm-fast_2" pos="27.74" speed="25.94"/>
                <vehicle id="cfm-fast_3" pos="46.55" speed="28.01"/>
            </lane>
            <lane id="left_1">
                <vehicle id="cfm-fast_1" pos="26.62" speed="41.84"/>
            </lane>
        </edge>
        <edge id="right">
            <lane id="right_0">
                <vehicle id="cfm-slow_1" pos="8.96" speed="19.77"/>
                <vehicle id="cfm-slow_2" pos="25.05" speed="20.26"/>
                <vehicle id="cfm-slow_3" pos="41.68" speed="21.47"/>
            </lane>
            <lane id="right_1"/>
        </edge>
        <edge id="top">
            <lane id="top_0">
                <vehicle id="cfm-slow_4" pos="9.58" speed="23.76"/>
                <vehicle id="cfm-slow_5" pos="29.88" speed="26.84"/>
            </lane>
            <lane id="top_1"/>
        </edge>
    </timestep>
    <timestep time="3.11">
        <edge id="bottom">
            <lane id="bottom_0">
                <vehicle id="cfm-fast_4" pos="17.73" speed="28.27"/>
                <vehicle id="cfm-slow_0" pos="43.24" speed="19.61"/>
            </lane>
            <lane id="bottom_1">
                <vehicle id="cfm-fast_5" pos="41.32" speed="42.41"/>
            </lane>
        </edge>
        <edge id="left">
            <lane id="left_0">
                <vehicle id="cfm-fast_0" pos="3.61" speed="29.05"/>
                <vehicle id="cfm-fast_2" pos="28.00" speed="25.97"/>
                <vehicle id="cfm-fast_3" pos="46.83" speed="28.03"/>
            </lane>
            <lane id="left_1">
                <vehicle id="cfm-fast_1" pos="27.04" speed="41.98"/>
            </lane>
        </edge>
        <edge id="right">
            <lane id="right_0">
                <vehicle id="cfm-slow_1" pos="9.15" speed="19.78"/>
                <vehicle id="cfm-slow_2" pos="25.25" speed="20.29"/>
                <vehicle id="cfm-slow_3" pos="41.89" speed="21.50"/>
            </lane>
            <lane id="right_1"/>
        </edge>
        <edge id="top">
            <lane id="top_0">
                <vehicle id="cfm-slow_4" pos="9.82" speed="23.80"/>
                <vehicle id="cfm-slow_5" pos="30.15" speed="26.88"/>
            </lane>
            <lane id="top_1"/>
        </edge>
    </timestep>
    <timestep time="3.12">
        <edge id="bottom">
            <lane id="bottom_0">
                <vehicle id="cfm-fast_4" pos="18.01" speed="28.25"/>
                <vehicle id="cfm-slow_0" pos="43.44" speed="19.62"/>
            </lane>
            <lane id="bottom_1">
                <vehicle id="cfm-fast_5" pos="41.75" speed="42.55"/>
            </lane>
        </edge>
        <edge id="left">
            <lane id="left_0">
                <vehicle id="cfm-fast_0" pos="3.90" speed="29.06"/>
                <vehicle id="cfm-fast_2" pos="28.26" speed="26.01"/>
                <vehicle id="cfm-fast_3" pos="47.11" speed="28.05"/>
            </lane>
            <lane id="left_1">
                <vehicle id="cfm-fast_1" pos="27.46" speed="42.12"/>
            </lane>
        </edge>
        <edge id="right">
            <lane id="right_0">
                <vehicle id="cfm-slow_1" pos="9.35" speed="19.80"/>
                <vehicle id="cfm-slow_2" pos="25.45" speed="20.31"/>
                <vehicle id="cfm-slow_3" pos="42.11" speed="21.54"/>
            </lane>
            <lane id="right_1"/>
        </edge>
        <edge id="top">
            <lane id="top_0">
                <vehicle id="cfm-slow_4" pos="10.06" speed="23.85"/>
                <vehicle id="cfm-slow_5" pos="30.42" speed="26.91"/>
            </lane>
            <lane id="top_1"/>
        </edge>
    </timestep>
    <timestep time="3.13">
        <edge id="bottom">
            <lane id="bottom_0">
                <vehicle id="cfm-fast_4" pos="18.29" speed="28.23"/>
                <vehicle id="cfm-slow_0" pos="43.64" speed="19.64"/>
            </lane>
            <lane id="bottom_1">
                <vehicle id="cfm-fast_5" pos="42.18" speed="42.68"/>
            </lane>
        </edge>
        <edge id="left">
            <lane id="left_0">
                <vehicle id="cfm-fast_0" pos="4.19" speed="29.07"/>
                <vehicle id="cfm-fast_2" pos="28.52" speed="26.05"/>
                <vehicle id="cfm-fast_3" pos="47.39" speed="28.07"/>
            </lane>
            <lane id="left_1">
                <vehicle id="cfm-fast_1" pos="27.88" speed="42.25"/>
            </lane>
        </edge>
        <edge id="right">
            <lane id="right_0">
                <vehicle id="cfm-slow_1" pos="9.55" speed="19.82"/>
                <vehicle id="cfm-slow_2" pos="25.66" speed="20.33"/>
                <vehicle id="cfm-slow_3" pos="42.32" speed="21.57"/>
            </lane>
            <lane id="right_1"/>
        </edge>
        <edge id="top">
            <lane id="top_0">
                <vehicle id="cfm-slow_4" pos="10.30" speed="23.89"/>
                <vehicle id="cfm-slow_5" pos="30.69" speed="26.94"/>
            </lane>
            <lane id="top_1"/>
        </edge>
    </timestep>
    <timestep time="3.14">
        <edge id="bottom">
            <lane id="bottom_0">
                <vehicle id="cfm-fast_4" pos="18.58" speed="28.20"/>
                <vehicle id="cfm-slow_0" pos="43.83" speed="19.65"/>
            </lane>
            <lane id="bottom_1">
                <vehicle id="cfm-fast_5" pos="42.61" speed="42.82"/>
            </lane>
        </edge>
        <edge id="left">
            <lane id="left_0">
                <vehicle id="cfm-fast_0" pos="4.48" speed="29.08"/>
                <vehicle id="cfm-fast_2" pos="28.78" speed="26.08"/>
                <vehicle id="cfm-fast_3" pos="47.67" speed="28.08"/>
            </lane>
            <lane id="left_1">
                <vehicle id="cfm-fast_1" pos="28.31" speed="42.39"/>
            </lane>
        </edge>
        <edge id="right">
            <lane id="right_0">
                <vehicle id="cfm-slow_1" pos="9.75" speed="19.83"/>
                <vehicle id="cfm-slow_2" pos="25.86" speed="20.36"/>
                <vehicle id="cfm-slow_3" pos="42.54" speed="21.61"/>
            </lane>
            <lane id="right_1"/>
        </edge>
        <edge id="top">
            <lane id="top_0">
                <vehicle id="cfm-slow_4" pos="10.54" speed="23.93"/>
                <vehicle id="cfm-slow_5" pos="30.96" speed="26.98"/>
            </lane>
            <lane id="top_1"/>
        </edge>
    </timestep>
    <timestep time="3.15">
        <edge id="bottom">
            <lane id="bottom_0">
                <vehicle id="cfm-fast_4" pos="18.86" speed="28.18"/>
                <vehicle id="cfm-slow_0" pos="44.03" speed="19.66"/>
            </lane>
            <lane id="bottom_1">
                <vehicle id="cfm-fast_5" pos="43.03" speed="42.95"/>
            </lane>
        </edge>
        <edge id="left">
            <lane id="left_0">
                <vehicle id="cfm-fast_0" pos="4.77" speed="29.09"/>
                <vehicle id="cfm-fast_2" pos="29.04" speed="26.12"/>
                <vehicle id="cfm-fast_3" pos="47.95" speed="28.10"/>
            </lane>
            <lane id="left_1">
                <vehicle id="cfm-fast_1" pos="28.73" speed="42.52"/>
            </lane>
        </edge>
        <edge id="right">
            <lane id="right_0">
                <vehicle id="cfm-slow_1" pos="9.95" speed="19.85"/>
                <vehicle id="cfm-slow_2" pos="26.07" speed="20.38"/>
                <vehicle id="cfm-slow_3" pos="42.75" speed="21.64"/>
            </lane>
            <lane id="right_1"/>
        </edge>
        <edge id="top">
            <lane id="top_0">
                <vehicle id="cfm-slow_4" pos="10.78" speed="23.97"/>
                <vehicle id="cfm-slow_5" pos="31.23" speed="27.01"/>
            </lane>
            <lane id="top_1"/>
        </edge>
    </timestep>
    <timestep time="3.16">
        <edge id="bottom">
            <lane id="bottom_0">
                <vehicle id="cfm-fast_4" pos="19.14" speed="28.16"/>
                <vehicle id="cfm-slow_0" pos="44.23" speed="19.67"/>
            </lane>
            <lane id="bottom_1">
                <vehicle id="cfm-fast_5" pos="43.47" speed="43.09"/>
            </lane>
        </edge>
        <edge id="left">
            <lane id="left_0">
                <vehicle id="cfm-fast_0" pos="5.06" speed="29.10"/>
                <vehicle id="cfm-fast_2" pos="29.30" speed="26.15"/>
                <vehicle id="cfm-fast_3" pos="48.23" speed="28.12"/>
            </lane>
            <lane id="left_1">
                <vehicle id="cfm-fast_1" pos="29.16" speed="42.66"/>
            </lane>
        </edge>
        <edge id="right">
            <lane id="right_0">
                <vehicle id="cfm-slow_1" pos="10.14" speed="19.87"/>
                <vehicle id="cfm-slow_2" pos="26.27" speed="20.40"/>
                <vehicle id="cfm-slow_3" pos="42.97" speed="21.67"/>
            </lane>
            <lane id="right_1"/>
        </edge>
        <edge id="top">
            <lane id="top_0">
                <vehicle id="cfm-slow_4" pos="11.02" speed="24.01"/>
                <vehicle id="cfm-slow_5" pos="31.50" speed="27.04"/>
            </lane>
            <lane id="top_1"/>
        </edge>
    </timestep>
    <timestep time="3.17">
        <edge id="bottom">
            <lane id="bottom_0">
                <vehicle id="cfm-fast_4" pos="19.42" speed="28.13"/>
                <vehicle id="cfm-slow_0" pos="44.42" speed="19.69"/>
            </lane>
            <lane id="bottom_1">
                <vehicle id="cfm-fast_5" pos="43.90" speed="43.23"/>
            </lane>
        </edge>
        <edge id="left">
            <lane id="left_0">
                <vehicle id="cfm-fast_0" pos="5.35" speed="29.11"/>
                <vehicle id="cfm-fast_2" pos="29.56" speed="26.18"/>
                <vehicle id="cfm-fast_3" pos="48.51" speed="28.14"/>
            </lane>
            <lane id="left_1">
                <vehicle id="cfm-fast_1" pos="29.59" speed="42.80"/>
            </lane>
        </edge>
        <edge id="right">
            <lane id="right_0">
                <vehicle id="cfm-slow_1" pos="10.34" speed="19.88"/>
                <vehicle id="cfm-slow_2" pos="26.47" speed="20.43"/>
                <vehicle id="cfm-slow_3" pos="43.19" speed="21.71"/>
            </lane>
            <lane id="right_1"/>
        </edge>
        <edge id="top">
            <lane id="top_0">
                <vehicle id="cfm-slow_4" pos="11.26" speed="24.05"/>
                <vehicle id="cfm-slow_5" pos="31.77" speed="27.08"/>
            </lane>
            <lane id="top_1"/>
        </edge>
    </timestep>
    <timestep time="3.18">
        <edge id="bottom">
            <lane id="bottom_0">
                <vehicle id="cfm-fast_4" pos="19.70" speed="28.11"/>
                <vehicle id="cfm-slow_0" pos="44.62" speed="19.70"/>
            </lane>
            <lane id="bottom_1">
                <vehicle id="cfm-fast_5" pos="44.33" speed="43.36"/>
            </lane>
        </edge>
        <edge id="left">
            <lane id="left_0">
                <vehicle id="cfm-fast_0" pos="5.65" speed="29.12"/>
                <vehicle id="cfm-fast_2" pos="29.82" speed="26.22"/>
                <vehicle id="cfm-fast_3" pos="48.79" speed="28.15"/>
            </lane>
            <lane id="left_1">
                <vehicle id="cfm-fast_1" pos="30.02" speed="42.93"/>
            </lane>
        </edge>
        <edge id="right">
            <lane id="right_0">
                <vehicle id="cfm-slow_1" pos="10.54" speed="19.90"/>
                <vehicle id="cfm-slow_2" pos="26.68" speed="20.45"/>
                <vehicle id="cfm-slow_3" pos="43.41" speed="21.74"/>
            </lane>
            <lane id="right_1"/>
        </edge>
        <edge id="top">
            <lane id="top_0">
                <vehicle id="cfm-slow_4" pos="11.50" speed="24.09"/>
                <vehicle id="cfm-slow_5" pos="32.04" speed="27.11"/>
            </lane>
            <lane id="top_1"/>
        </edge>
    </timestep>
    <timestep time="3.19">
        <edge id="bottom">
            <lane id="bottom_0">
                <vehicle id="cfm-fast_4" pos="19.98" speed="28.09"/>
                <vehicle id="cfm-slow_0" pos="44.82" speed="19.71"/>
            </lane>
            <lane id="bottom_1">
                <vehicle id="cfm-fast_5" pos="44.77" speed="43.50"/>
            </lane>
        </edge>
        <edge id="left">
            <lane id="left_0">
                <vehicle id="cfm-fast_0" pos="5.94" speed="29.13"/>
                <vehicle id="cfm-fast_2" pos="30.09" speed="26.25"/>
                <vehicle id="cfm-fast_3" pos="49.08" speed="28.17"/>
            </lane>
            <lane id="left_1">
                <vehicle id="cfm-fast_1" pos="30.45" speed="43.07"/>
            </lane>
        </edge>
        <edge id="right">
            <lane id="right_0">
                <vehicle id="cfm-slow_1" pos="10.74" speed="19.91"/>
                <vehicle id="cfm-slow_2" pos="26.88" speed="20.47"/>
                <vehicle id="cfm-slow_3" pos="43.62" speed="21.77"/>
            </lane>
            <lane id="right_1"/>
        </edge>
        <edge id="top">
            <lane id="top_0">
                <vehicle id="cfm-slow_4" pos="11.74" speed="24.13"/>
                <vehicle id="cfm-slow_5" pos="32.31" speed="27.14"/>
            </lane>
            <lane id="top_1"/>
        </edge>
    </timestep>
    <timestep time="3.20">
        <edge id="bottom">
            <lane id="bottom_0">
                <vehicle id="cfm-fast_4" pos="20.26" speed="28.06"/>
                <vehicle id="cfm-slow_0" pos="45.01" speed="19.73"/>
            </lane>
            <lane id="bottom_1">
                <vehicle id="cfm-fast_5" pos="45.20" speed="43.64"/>
            </lane>
        </edge>
        <edge id="left">
            <lane id="left_0">
                <vehicle id="cfm-fast_0" pos="6.23" speed="29.14"/>
                <vehicle id="cfm-fast_2" pos="30.35" speed="26.28"/>
                <vehicle id="cfm-fast_3" pos="49.36" speed="28.18"/>
            </lane>
            <lane id="left_1">
                <vehicle id="cfm-fast_1" pos="30.88" speed="43.21"/>
            </lane>
        </edge>
        <edge id="right">
            <lane id="right_0">
                <vehicle id="cfm-slow_1" pos="10.94" speed="19.93"/>
                <vehicle id="cfm-slow_2" pos="27.09" speed="20.50"/>
                <vehicle id="cfm-slow_3" pos="43.84" speed="21.81"/>
            </lane>
            <lane id="right_1"/>
        </edge>
        <edge id="top">
            <lane id="top_0">
                <vehicle id="cfm-slow_4" pos="11.98" speed="24.17"/>
                <vehicle id="cfm-slow_5" pos="32.58" speed="27.17"/>
            </lane>
            <lane id="top_1"/>
        </edge>
    </timestep>
    <timestep time="3.21">
        <edge id="bottom">
            <lane id="bottom_0">
                <vehicle id="cfm-fast_4" pos="20.54" speed="28.04"/>
                <vehicle id="cfm-slow_0" pos="45.21" speed="19.74"/>
            </lane>
            <lane id="bottom_1">
                <vehicle id="cfm-fast_5" pos="45.64" speed="43.77"/>
            </lane>
        </edge>
        <edge id="left">
            <lane id="left_0">
                <vehicle id="cfm-fast_0" pos="6.52" speed="29.15"/>
                <vehicle id="cfm-fast_2" pos="30.61" speed="26.32"/>
                <vehicle id="cfm-fast_3" pos="49.64" speed="28.20"/>
            </lane>
            <lane id="left_1">
                <vehicle id="cfm-fast_1" pos="31.31" speed="43.34"/>
            </lane>
        </edge>
        <edge id="right">
            <lane id="right_0">
                <vehicle id="cfm-slow_1" pos="11.14" speed="19.95"/>
                <vehicle id="cfm-slow_2" pos="27.29" speed="20.52"/>
                <vehicle id="cfm-slow_3" pos="44.06" speed="21.84"/>
            </lane>
            <lane id="right_1"/>
        </edge>
        <edge id="top">
            <lane id="top_0">
                <vehicle id="cfm-slow_4" pos="12.22" speed="24.21"/>
                <vehicle id="cfm-slow_5" pos="32.86" speed="27.20"/>
            </lane>
            <lane id="top_1"/>
        </edge>
    </timestep>
    <timestep time="3.22">
        <edge id="bottom">
            <lane id="bottom_0">
                <vehicle id="cfm-fast_4" pos="20.82" speed="28.02"/>
                <vehicle id="cfm-slow_0" pos="45.41" speed="19.75"/>
            </lane>
            <lane id="bottom_1">
                <vehicle id="cfm-fast_5" pos="46.08" speed="43.91"/>
            </lane>
        </edge>
        <edge id="left">
            <lane id="left_0">
                <vehicle id="cfm-fast_0" pos="6.81" speed="29.16"/>
                <vehicle id="cfm-fast_2" pos="30.88" speed="26.35"/>
                <vehicle id="cfm-fast_3" pos="49.92" speed="28.21"/>
            </lane>
            <lane id="left_1">
                <vehicle id="cfm-fast_1" pos="31.75" speed="43.48"/>
            </lane>
        </edge>
        <edge id="right">
            <lane id="right_0">
                <vehicle id="cfm-slow_1" pos="11.34" speed="19.96"/>
                <vehicle id="cfm-slow_2" pos="27.50" speed="20.54"/>
                <vehicle id="cfm-slow_3" pos="44.28" speed="21.87"/>
            </lane>
            <lane id="right_1"/>
        </edge>
        <edge id="top">
            <lane id="top_0">
                <vehicle id="cfm-slow_4" pos="12.46" speed="24.25"/>
                <vehicle id="cfm-slow_5" pos="33.13" speed="27.23"/>
            </lane>
            <lane id="top_1"/>
        </edge>
    </timestep>
    <timestep time="3.23">
        <edge id="bottom">
            <lane id="bottom_0">
                <vehicle id="cfm-fast_3" pos="0.20" speed="28.23"/>
                <vehicle id="cfm-fast_4" pos="21.10" speed="27.99"/>
                <vehicle id="cfm-slow_0" pos="45.61" speed="19.76"/>
            </lane>
            <lane id="bottom_1">
                <vehicle id="cfm-fast_5" pos="46.52" speed="44.05"/>
            </lane>
        </edge>
        <edge id="left">
            <lane id="left_0">
                <vehicle id="cfm-fast_0" pos="7.10" speed="29.17"/>
                <vehicle id="cfm-fast_2" pos="31.14" speed="26.38"/>
            </lane>
            <lane id="left_1">
                <vehicle id="cfm-fast_1" pos="32.18" speed="43.62"/>
            </lane>
        </edge>
        <edge id="right">
            <lane id="right_0">
                <vehicle id="cfm-slow_1" pos="11.54" speed="19.98"/>
                <vehicle id="cfm-slow_2" pos="27.70" speed="20.57"/>
                <vehicle id="cfm-slow_3" pos="44.50" speed="21.91"/>
            </lane>
            <lane id="right_1"/>
        </edge>
        <edge id="top">
            <lane id="top_0">
                <vehicle id="cfm-slow_4" pos="12.71" speed="24.29"/>
                <vehicle id="cfm-slow_5" pos="33.40" speed="27.26"/>
            </lane>
            <lane id="top_1"/>
        </edge>
    </timestep>
    <timestep time="3.24">
        <edge id="bottom">
            <lane id="bottom_0">
                <vehicle id="cfm-fast_3" pos="0.49" speed="28.24"/>
                <vehicle id="cfm-fast_4" pos="21.38" speed="27.97"/>
                <vehicle id="cfm-slow_0" pos="45.80" speed="19.78"/>
            </lane>
            <lane id="bottom_1">
                <vehicle id="cfm-fast_5" pos="46.96" speed="44.18"/>
            </lane>
        </edge>
        <edge id="left">
            <lane id="left_0">
                <vehicle id="cfm-fast_0" pos="7.40" speed="29.18"/>
                <vehicle id="cfm-fast_2" pos="31.40" speed="26.41"/>
            </lane>
            <lane id="left_1">
                <vehicle id="cfm-fast_1" pos="32.62" speed="43.75"/>
            </lane>
        </edge>
        <edge id="right">
            <lane id="right_0">
                <vehicle id="cfm-slow_1" pos="11.74" speed="20.00"/>
                <vehicle id="cfm-slow_2" pos="27.91" speed="20.59"/>
                <vehicle id="cfm-slow_3" pos="44.72" speed="21.94"/>
            </lane>
            <lane id="right_1"/>
        </edge>
        <edge id="top">
            <lane id="top_0">
                <vehicle id="cfm-slow_4" pos="12.95" speed="24.33"/>
                <vehicle id="cfm-slow_5" pos="33.67" speed="27.29"/>
            </lane>
            <lane id="top_1"/>
        </edge>
    </timestep>
    <timestep time="3.25">
        <edge id="bottom">
            <lane id="bottom_0">
                <vehicle id="cfm-fast_3" pos="0.77" speed="28.25"/>
                <vehicle id="cfm-fast_4" pos="21.66" speed="27.94"/>
                <vehicle id="cfm-slow_0" pos="46.00" speed="19.79"/>
            </lane>
            <lane id="bottom_1">
                <vehicle id="cfm-fast_5" pos="47.41" speed="44.32"/>
            </lane>
        </edge>
        <edge id="left">
            <lane id="left_0">
                <vehicle id="cfm-fast_0" pos="7.69" speed="29.19"/>
                <vehicle id="cfm-fast_2" pos="31.67" speed="26.45"/>
            </lane>
            <lane id="left_1">
                <vehicle id="cfm-fast_1" pos="33.06" speed="43.89"/>
            </lane>
        </edge>
        <edge id="right">
            <lane id="right_0">
                <vehicle id="cfm-slow_1" pos="11.94" speed="20.01"/>
                <vehicle id="cfm-slow_2" pos="28.12" speed="20.61"/>
                <vehicle id="cfm-slow_3" pos="44.94" speed="21.98"/>
            </lane>
            <lane id="right_1"/>
        </edge>
        <edge id="top">
            <lane id="top_0">
                <vehicle id="cfm-slow_4" pos="13.19" speed="24.37"/>
                <vehicle id="cfm-slow_5" pos="33.95" speed="27.33"/>
            </lane>
            <lane id="top_1"/>
        </edge>
    </timestep>
    <timestep time="3.26">
        <edge id="bottom">
            <lane id="bottom_0">
                <vehicle id="cfm-fast_3" pos="1.05" speed="28.26"/>
                <vehicle id="cfm-fast_4" pos="21.94" speed="27.92"/>
                <vehicle id="cfm-slow_0" pos="46.20" speed="19.80"/>
            </lane>
            <lane id="bottom_1">
                <vehicle id="cfm-fast_5" pos="47.85" speed="44.45"/>
            </lane>
        </edge>
        <edge id="left">
            <lane id="left_0">
                <vehicle id="cfm-fast_0" pos="7.98" speed="29.20"/>
                <vehicle id="cfm-fast_2" pos="31.93" speed="26.48"/>
            </lane>
            <lane id="left_1">
                <vehicle id="cfm-fast_1" pos="33.50" speed="44.02"/>
            </lane>
        </edge>
        <edge id="right">
            <lane id="right_0">
                <vehicle id="cfm-slow_1" pos="12.14" speed="20.03"/>
                <vehicle id="cfm-slow_2" pos="28.32" speed="20.64"/>
                <vehicle id="cfm-slow_3" pos="45.16" speed="22.01"/>
            </lane>
            <lane id="right_1"/>
        </edge>
        <edge id="top">
            <lane id="top_0">
                <vehicle id="cfm-slow_4" pos="13.44" speed="24.41"/>
                <vehicle id="cfm-slow_5" pos="34.22" speed="27.35"/>
            </lane>
            <lane id="top_1"/>
        </edge>
    </timestep>
    <timestep time="3.27">
        <edge id="bottom">
            <lane id="bottom_0">
                <vehicle id="cfm-fast_3" pos="1.33" speed="28.27"/>
                <vehicle id="cfm-fast_4" pos="22.22" speed="27.89"/>
                <vehicle id="cfm-slow_0" pos="46.40" speed="19.81"/>
            </lane>
            <lane id="bottom_1">
                <vehicle id="cfm-fast_5" pos="48.30" speed="44.59"/>
            </lane>
        </edge>
        <edge id="left">
            <lane id="left_0">
                <vehicle id="cfm-fast_0" pos="8.27" speed="29.21"/>
                <vehicle id="cfm-fast_2" pos="32.20" speed="26.51"/>
            </lane>
            <lane id="left_1">
                <vehicle id="cfm-fast_1" pos="33.94" speed="44.16"/>
            </lane>
        </edge>
        <edge id="right">
            <lane id="right_0">
                <vehicle id="cfm-slow_1" pos="12.34" speed="20.04"/>
                <vehicle id="cfm-slow_2" pos="28.53" speed="20.66"/>
                <vehicle id="cfm-slow_3" pos="45.38" speed="22.04"/>
            </lane>
            <lane id="right_1"/>
        </edge>
        <edge id="top">
            <lane id="top_0">
                <vehicle id="cfm-slow_4" pos="13.68" speed="24.45"/>
                <vehicle id="cfm-slow_5" pos="34.49" speed="27.38"/>
            </lane>
            <lane id="top_1"/>
        </edge>
    </timestep>
    <timestep time="3.28">
        <edge id="bottom">
            <lane id="bottom_0">
                <vehicle id="cfm-fast_3" pos="1.62" speed="28.29"/>
                <vehicle id="cfm-fast_4" pos="22.50" speed="27.87"/>
                <vehicle id="cfm-slow_0" pos="46.60" speed="19.83"/>
            </lane>
            <lane id="bottom_1">
                <vehicle id="cfm-fast_5" pos="48.74" speed="44.73"/>
            </lane>
        </edge>
        <edge id="left">
            <lane id="left_0">
                <vehicle id="cfm-fast_0" pos="8.56" speed="29.22"/>
                <vehicle id="cfm-fast_2" pos="32.46" speed="26.54"/>
            </lane>
            <lane id="left_1">
                <vehicle id="cfm-fast_1" pos="34.39" speed="44.30"/>
            </lane>
        </edge>
        <edge id="right">
            <lane id="right_0">
                <vehicle id="cfm-slow_1" pos="12.54" speed="20.06"/>
                <vehicle id="cfm-slow_2" pos="28.74" speed="20.68"/>
                <vehicle id="cfm-slow_3" pos="45.60" speed="22.08"/>
            </lane>
            <lane id="right_1"/>
        </edge>
        <edge id="top">
            <lane id="top_0">
                <vehicle id="cfm-slow_4" pos="13.93" speed="24.49"/>
                <vehicle id="cfm-slow_5" pos="34.77" speed="27.41"/>
            </lane>
            <lane id="top_1"/>
        </edge>
    </timestep>
    <timestep time="3.29">
        <edge id="bottom">
            <lane id="bottom_0">
                <vehicle id="cfm-fast_3" pos="1.90" speed="28.30"/>
                <vehicle id="cfm-fast_4" pos="22.78" speed="27.84"/>
                <vehicle id="cfm-slow_0" pos="46.79" speed="19.84"/>
            </lane>
            <lane id="bottom_1">
                <vehicle id="cfm-fast_5" pos="49.19" speed="44.86"/>
            </lane>
        </edge>
        <edge id="left">
            <lane id="left_0">
                <vehicle id="cfm-fast_0" pos="8.86" speed="29.23"/>
                <vehicle id="cfm-fast_2" pos="32.73" speed="26.57"/>
            </lane>
            <lane id="left_1">
                <vehicle id="cfm-fast_1" pos="34.83" speed="44.43"/>
            </lane>
        </edge>
        <edge id="right">
            <lane id="right_0">
                <vehicle id="cfm-slow_1" pos="12.74" speed="20.08"/>
                <vehicle id="cfm-slow_2" pos="28.94" speed="20.71"/>
                <vehicle id="cfm-slow_3" pos="45.82" speed="22.11"/>
            </lane>
            <lane id="right_1"/>
        </edge>
        <edge id="top">
            <lane id="top_0">
                <vehicle id="cfm-slow_4" pos="14.17" speed="24.53"/>
                <vehicle id="cfm-slow_5" pos="35.04" speed="27.44"/>
            </lane>
            <lane id="top_1"/>
        </edge>
    </timestep>
    <timestep time="3.30">
        <edge id="bottom">
            <lane id="bottom_0">
                <vehicle id="cfm-fast_3" pos="2.18" speed="28.31"/>
                <vehicle id="cfm-fast_4" pos="23.06" speed="27.81"/>
                <vehicle id="cfm-slow_0" pos="46.99" speed="19.85"/>
            </lane>
            <lane id="bottom_1">
                <vehicle id="cfm-fast_5" pos="49.64" speed="45.00"/>
            </lane>
        </edge>
        <edge id="left">
            <lane id="left_0">
                <vehicle id="cfm-fast_0" pos="9.15" speed="29.24"/>
                <vehicle id="cfm-fast_2" pos="33.00" speed="26.60"/>
            </lane>
            <lane id="left_1">
                <vehicle id="cfm-fast_1" pos="35.28" speed="44.57"/>
            </lane>
        </edge>
        <edge id="right">
            <lane id="right_0">
                <vehicle id="cfm-slow_1" pos="12.94" speed="20.09"/>
                <vehicle id="cfm-slow_2" pos="29.15" speed="20.73"/>
                <vehicle id="cfm-slow_3" pos="46.04" speed="22.14"/>
            </lane>
            <lane id="right_1"/>
        </edge>
        <edge id="top">
            <lane id="top_0">
                <vehicle id="cfm-slow_4" pos="14.42" speed="24.57"/>
                <vehicle id="cfm-slow_5" pos="35.32" speed="27.47"/>
            </lane>
            <lane id="top_1"/>
        </edge>
    </timestep>
    <timestep time="3.31">
        <edge id="bottom">
            <lane id="bottom_0">
                <vehicle id="cfm-fast_3" pos="2.47" speed="28.32"/>
                <vehicle id="cfm-fast_4" pos="23.33" speed="27.79"/>
                <vehicle id="cfm-slow_0" pos="47.19" speed="19.86"/>
            </lane>
            <lane id="bottom_1"/>
        </edge>
        <edge id="left">
            <lane id="left_0">
                <vehicle id="cfm-fast_0" pos="9.44" speed="29.25"/>
                <vehicle id="cfm-fast_2" pos="33.26" speed="26.63"/>
            </lane>
            <lane id="left_1">
                <vehicle id="cfm-fast_1" pos="35.72" speed="44.71"/>
            </lane>
        </edge>
        <edge id="right">
            <lane id="right_0">
                <vehicle id="cfm-slow_1" pos="13.14" speed="20.11"/>
                <vehicle id="cfm-slow_2" pos="29.36" speed="20.75"/>
                <vehicle id="cfm-slow_3" pos="46.26" speed="22.18"/>
            </lane>
            <lane id="right_1">
                <vehicle id="cfm-fast_5" pos="0.09" speed="45.14"/>
            </lane>
        </edge>
        <edge id="top">
            <lane id="top_0">
                <vehicle id="cfm-slow_4" pos="14.67" speed="24.61"/>
                <vehicle id="cfm-slow_5" pos="35.59" speed="27.50"/>
            </lane>
            <lane id="top_1"/>
        </edge>
    </timestep>
    <timestep time="3.32">
        <edge id="bottom">
            <lane id="bottom_0">
                <vehicle id="cfm-fast_3" pos="2.75" speed="28.33"/>
                <vehicle id="cfm-fast_4" pos="23.61" speed="27.76"/>
                <vehicle id="cfm-slow_0" pos="47.39" speed="19.88"/>
            </lane>
            <lane id="bottom_1"/>
        </edge>
        <edge id="left">
            <lane id="left_0">
                <vehicle id="cfm-fast_0" pos="9.73" speed="29.26"/>
                <vehicle id="cfm-fast_2" pos="33.53" speed="26.66"/>
            </lane>
            <lane id="left_1">
                <vehicle id="cfm-fast_1" pos="36.17" speed="44.84"/>
            </lane>
        </edge>
        <edge id="right">
            <lane id="right_0">
                <vehicle id="cfm-slow_1" pos="13.35" speed="20.12"/>
                <vehicle id="cfm-slow_2" pos="29.57" speed="20.78"/>
                <vehicle id="cfm-slow_3" pos="46.48" speed="22.21"/>
            </lane>
            <lane id="right_1">
                <vehicle id="cfm-fast_5" pos="0.55" speed="45.27"/>
            </lane>
        </edge>
        <edge id="top">
            <lane id="top_0">
                <vehicle id="cfm-slow_4" pos="14.91" speed="24.65"/>
                <vehicle id="cfm-slow_5" pos="35.87" speed="27.53"/>
            </lane>
            <lane id="top_1"/>
        </edge>
    </timestep>
    <timestep time="3.33">
        <edge id="bottom">
            <lane id="bottom_0">
                <vehicle id="cfm-fast_3" pos="3.03" speed="28.33"/>
                <vehicle id="cfm-fast_4" pos="23.89" speed="27.74"/>
                <vehicle id="cfm-slow_0" pos="47.59" speed="19.89"/>
            </lane>
            <lane id="bottom_1"/>
        </edge>
        <edge id="left">
            <lane id="left_0">
                <vehicle id="cfm-fast_0" pos="10.03" speed="29.27"/>
                <vehicle id="cfm-fast_2" pos="33.80" speed="26.69"/>
            </lane>
            <lane id="left_1">
                <vehicle id="cfm-fast_1" pos="36.62" speed="44.98"/>
            </lane>
        </edge>
        <edge id="right">
            <lane id="right_0">
                <vehicle id="cfm-slow_1" pos="13.55" speed="20.14"/>
                <vehicle id="cfm-slow_2" pos="29.77" speed="20.80"/>
                <vehicle id="cfm-slow_3" pos="46.71" speed="22.24"/>
            </lane>
            <lane id="right_1">
                <vehicle id="cfm-fast_5" pos="1.00" speed="45.41"/>
            </lane>
        </edge>
        <edge id="top">
            <lane id="top_0">
                <vehicle id="cfm-slow_4" pos="15.16" speed="24.68"/>
                <vehicle id="cfm-slow_5" pos="36.14" speed="27.56"/>
            </lane>
            <lane id="top_1"/>
        </edge>
    </timestep>
    <timestep time="3.34">
        <edge id="bottom">
            <lane id="bottom_0">
                <vehicle id="cfm-fast_3" pos="3.32" speed="28.34"/>
                <vehicle id="cfm-fast_4" pos="24.17" speed="27.71"/>
                <vehicle id="cfm-slow_0" pos="47.79" speed="19.90"/>
            </lane>
            <lane id="bottom_1"/>
        </edge>
        <edge id="left">
            <lane id="left_0">
                <vehicle id="cfm-fast_0" pos="10.32" speed="29.27"/>
                <vehicle id="cfm-fast_2" pos="34.06" speed="26.72"/>
            </lane>
            <lane id="left_1">
                <vehicle id="cfm-fast_1" pos="37.07" speed="45.12"/>
            </lane>
        </edge>
        <edge id="right">
            <lane id="right_0">
                <vehicle id="cfm-slow_1" pos="13.75" speed="20.16"/>
                <vehicle id="cfm-slow_2" pos="29.98" speed="20.82"/>
                <vehicle id="cfm-slow_3" pos="46.93" speed="22.28"/>
            </lane>
            <lane id="right_1">
                <vehicle id="cfm-fast_5" pos="1.46" speed="45.55"/>
            </lane>
        </edge>
        <edge id="top">
            <lane id="top_0">
                <vehicle id="cfm-slow_4" pos="15.41" speed="24.72"/>
                <vehicle id="cfm-slow_5" pos="36.42" speed="27.58"/>
            </lane>
            <lane id="top_1"/>
        </edge>
    </timestep>
    <timestep time="3.35">
        <edge id="bottom">
            <lane id="bottom_0">
                <vehicle id="cfm-fast_3" pos="3.60" speed="28.35"/>
                <vehicle id="cfm-fast_4" pos="24.44" speed="27.68"/>
                <vehicle id="cfm-slow_0" pos="47.99" speed="19.91"/>
            </lane>
            <lane id="bottom_1"/>
        </edge>
        <edge id="left">
            <lane id="left_0">
                <vehicle id="cfm-fast_0" pos="10.61" speed="29.28"/>
                <vehicle id="cfm-fast_2" pos="34.33" speed="26.75"/>
            </lane>
            <lane id="left_1">
                <vehicle id="cfm-fast_1" pos="37.53" speed="45.25"/>
            </lane>
        </edge>
        <edge id="right">
            <lane id="right_0">
                <vehicle id="cfm-slow_1" pos="13.95" speed="20.17"/>
                <vehicle id="cfm-slow_2" pos="30.19" speed="20.85"/>
                <vehicle id="cfm-slow_3" pos="47.15" speed="22.31"/>
            </lane>
            <lane id="right_1">
                <vehicle id="cfm-fast_5" pos="1.91" speed="45.68"/>
            </lane>
        </edge>
        <edge id="top">
            <lane id="top_0">
                <vehicle id="cfm-slow_4" pos="15.65" speed="24.76"/>
                <vehicle id="cfm-slow_5" pos="36.70" speed="27.61"/>
            </lane>
            <lane id="top_1"/>
        </edge>
    </timestep>
    <timestep time="3.36">
        <edge id="bottom">
            <lane id="bottom_0">
                <vehicle id="cfm-fast_3" pos="3.88" speed="28.36"/>
                <vehicle id="cfm-fast_4" pos="24.72" speed="27.66"/>
                <vehicle id="cfm-slow_0" pos="48.19" speed="19.92"/>
            </lane>
            <lane id="bottom_1"/>
        </edge>
        <edge id="left">
            <lane id="left_0">
                <vehicle id="cfm-fast_0" pos="10.90" speed="29.29"/>
                <vehicle id="cfm-fast_2" pos="34.60" speed="26.78"/>
            </lane>
            <lane id="left_1">
                <vehicle id="cfm-fast_1" pos="37.98" speed="45.39"/>
            </lane>
        </edge>
        <edge id="right">
            <lane id="right_0">
                <vehicle id="cfm-slow_1" pos="14.15" speed="20.19"/>
                <vehicle id="cfm-slow_2" pos="30.40" speed="20.87"/>
                <vehicle id="cfm-slow_3" pos="47.38" speed="22.34"/>
            </lane>
            <lane id="right_1">
                <vehicle id="cfm-fast_5" pos="2.37" speed="45.82"/>
            </lane>
        </edge>
        <edge id="top">
            <lane id="top_0">
                <vehicle id="cfm-slow_4" pos="15.90" speed="24.80"/>
                <vehicle id="cfm-slow_5" pos="36.97" speed="27.64"/>
            </lane>
            <lane id="top_1"/>
        </edge>
    </timestep>
    <timestep time="3.37">
        <edge id="bottom">
            <lane id="bottom_0">
                <vehicle id="cfm-fast_3" pos="4.17" speed="28.37"/>
                <vehicle id="cfm-fast_4" pos="24.99" speed="27.63"/>
                <vehicle id="cfm-slow_0" pos="48.39" speed="19.94"/>
            </lane>
            <lane id="bottom_1"/>
        </edge>
        <edge id="left">
            <lane id="left_0">
                <vehicle id="cfm-fast_0" pos="11.20" speed="29.30"/>
                <vehicle id="cfm-fast_2" pos="34.87" speed="26.80"/>
            </lane>
            <lane id="left_1">
                <vehicle id="cfm-fast_1" pos="38.43" speed="45.52"/>
            </lane>
        </edge>
        <edge id="right">
            <lane id="right_0">
                <vehicle id="cfm-slow_1" pos="14.35" speed="20.20"/>
                <vehicle id="cfm-slow_2" pos="30.61" speed="20.90"/>
                <vehicle id="cfm-slow_3" pos="47.60" speed="22.37"/>
            </lane>
            <lane id="right_1">
                <vehicle id="cfm-fast_5" pos="2.83" speed="45.95"/>
            </lane>
        </edge>
        <edge id="top">
            <lane id="top_0">
                <vehicle id="cfm-slow_4" pos="16.15" speed="24.83"/>
                <vehicle id="cfm-slow_5" pos="37.25" speed="27.66"/>
            </lane>
            <lane id="top_1"/>
        </edge>
    </timestep>
    <timestep time="3.38">
        <edge id="bottom">
            <lane id="bottom_0">
                <vehicle id="cfm-fast_3" pos="4.45" speed="28.37"/>
                <vehicle id="cfm-fast_4" pos="25.27" speed="27.60"/>
                <vehicle id="cfm-slow_0" pos="48.59" speed="19.95"/>
            </lane>
            <lane id="bottom_1"/>
        </edge>
        <edge id="left">
            <lane id="left_0">
                <vehicle id="cfm-fast_0" pos="11.49" speed="29.31"/>
                <vehicle id="cfm-fast_2" pos="35.13" speed="26.83"/>
            </lane>
            <lane id="left_1">
                <vehicle id="cfm-fast_1" pos="38.89" speed="45.66"/>
            </lane>
        </edge>
        <edge id="right">
            <lane id="right_0">
                <vehicle id="cfm-slow_1" pos="14.56" speed="20.22"/>
                <vehicle id="cfm-slow_2" pos="30.82" speed="20.92"/>
                <vehicle id="cfm-slow_3" pos="47.82" speed="22.41"/>
            </lane>
            <lane id="right_1">
                <vehicle id="cfm-fast_5" pos="3.29" speed="46.09"/>
            </lane>
        </edge>
        <edge id="top">
            <lane id="top_0">
                <vehicle id="cfm-slow_4" pos="16.40" speed="24.87"/>
                <vehicle id="cfm-slow_5" pos="37.53" speed="27.69"/>
            </lane>
            <lane id="top_1"/>
        </edge>
    </timestep>
    <timestep time="3.39">
        <edge id="bottom">
            <lane id="bottom_0">
                <vehicle id="cfm-fast_3" pos="4.73" speed="28.38"/>
                <vehicle id="cfm-fast_4" pos="25.55" speed="27.58"/>
                <vehicle id="cfm-slow_0" pos="48.79" speed="19.96"/>
            </lane>
            <lane id="bottom_1"/>
        </edge>
        <edge id="left">
            <lane id="left_0">
                <vehicle id="cfm-fast_0" pos="11.78" speed="29.31"/>
                <vehicle id="cfm-fast_2" pos="35.40" speed="26.86"/>
            </lane>
            <lane id="left_1">
                <vehicle id="cfm-fast_1" pos="39.35" speed="45.80"/>
            </lane>
        </edge>
        <edge id="right">
            <lane id="right_0">
                <vehicle id="cfm-slow_1" pos="14.76" speed="20.23"/>
                <vehicle id="cfm-slow_2" pos="31.03" speed="20.94"/>
                <vehicle id="cfm-slow_3" pos="48.05" speed="22.44"/>
            </lane>
            <lane id="right_1">
                <vehicle id="cfm-fast_5" pos="3.75" speed="46.23"/>
            </lane>
        </edge>
        <edge id="top">
            <lane id="top_0">
                <vehicle id="cfm-slow_4" pos="16.65" speed="24.91"/>
                <vehicle id="cfm-slow_5" pos="37.80" speed="27.72"/>
            </lane>
            <lane id="top_1"/>
        </edge>
    </timestep>
    <timestep time="3.40">
        <edge id="bottom">
            <lane id="bottom_0">
                <vehicle id="cfm-fast_3" pos="5.02" speed="28.38"/>
                <vehicle id="cfm-fast_4" pos="25.82" speed="27.55"/>
                <vehicle id="cfm-slow_0" pos="48.99" speed="19.97"/>
            </lane>
            <lane id="bottom_1"/>
        </edge>
        <edge id="left">
            <lane id="left_0">
                <vehicle id="cfm-fast_0" pos="12.08" speed="29.32"/>
                <vehicle id="cfm-fast_2" pos="35.67" speed="26.89"/>
            </lane>
            <lane id="left_1">
                <vehicle id="cfm-fast_1" pos="39.81" speed="45.93"/>
            </lane>
        </edge>
        <edge id="right">
            <lane id="right_0">
                <vehicle id="cfm-slow_1" pos="14.96" speed="20.25"/>
                <vehicle id="cfm-slow_2" pos="31.24" speed="20.97"/>
                <vehicle id="cfm-slow_3" pos="48.27" speed="22.47"/>
            </lane>
            <lane id="right_1">
                <vehicle id="cfm-fast_5" pos="4.22" speed="46.36"/>
            </lane>
        </edge>
        <edge id="top">
            <lane id="top_0">
                <vehicle id="cfm-slow_4" pos="16.90" speed="24.95"/>
                <vehicle id="cfm-slow_5" pos="38.08" speed="27.74"/>
            </lane>
            <lane id="top_1"/>
        </edge>
    </timestep>
    <timestep time="3.41">
        <edge id="bottom">
            <lane id="bottom_0">
                <vehicle id="cfm-fast_3" pos="5.30" speed="28.39"/>
                <vehicle id="cfm-fast_4" pos="26.10" speed="27.52"/>
                <vehicle id="cfm-slow_0" pos="49.19" speed="19.98"/>
            </lane>
            <lane id="bottom_1"/>
        </edge>
        <edge id="left">
            <lane id="left_0">
                <vehicle id="cfm-fast_0" pos="12.37" speed="29.33"/>
                <vehicle id="cfm-fast_2" pos="35.94" speed="26.91"/>
            </lane>
            <lane id="left_1">
                <vehicle id="cfm-fast_1" pos="40.27" speed="46.07"/>
            </lane>
        </edge>
        <edge id="right">
            <lane id="right_0">
                <vehicle id="cfm-slow_1" pos="15.16" speed="20.27"/>
                <vehicle id="cfm-slow_2" pos="31.45" speed="20.99"/>
                <vehicle id="cfm-slow_3" pos="48.50" speed="22.51"/>
            </lane>
            <lane id="right_1">
                <vehicle id="cfm-fast_5" pos="4.68" speed="46.50"/>
            </lane>
        </edge>
        <edge id="top">
            <lane id="top_0">
                <vehicle id="cfm-slow_4" pos="17.15" speed="24.98"/>
                <vehicle id="cfm-slow_5" pos="38.36" speed="27.77"/>
            </lane>
            <lane id="top_1"/>
        </edge>
    </timestep>
    <timestep time="3.42">
        <edge id="bottom">
            <lane id="bottom_0">
                <vehicle id="cfm-fast_3" pos="5.59" speed="28.39"/>
                <vehicle id="cfm-fast_4" pos="26.37" speed="27.50"/>
                <vehicle id="cfm-slow_0" pos="49.38" speed="19.99"/>
            </lane>
            <lane id="bottom_1"/>
        </edge>
        <edge id="left">
            <lane id="left_0">
                <vehicle id="cfm-fast_0" pos="12.66" speed="29.34"/>
                <vehicle id="cfm-fast_2" pos="36.21" speed="26.94"/>
            </lane>
            <lane id="left_1">
                <vehicle id="cfm-fast_1" pos="40.73" speed="46.21"/>
            </lane>
        </edge>
        <edge id="right">
            <lane id="right_0">
                <vehicle id="cfm-slow_1" pos="15.37" speed="20.28"/>
                <vehicle id="cfm-slow_2" pos="31.66" speed="21.01"/>
                <vehicle id="cfm-slow_3" pos="48.72" speed="22.54"/>
            </lane>
            <lane id="right_1">
                <vehicle id="cfm-fast_5" pos="5.15" speed="46.64"/>
            </lane>
        </edge>
        <edge id="top">
            <lane id="top_0">
                <vehicle id="cfm-slow_4" pos="17.40" speed="25.02"/>
                <vehicle id="cfm-slow_5" pos="38.64" speed="27.79"/>
            </lane>
            <lane id="top_1"/>
        </edge>
    </timestep>
    <timestep time="3.43">
        <edge id="bottom">
            <lane id="bottom_0">
                <vehicle id="cfm-fast_3" pos="5.87" speed="28.40"/>
                <vehicle id="cfm-fast_4" pos="26.65" speed="27.47"/>
                <vehicle id="cfm-slow_0" pos="49.59" speed="20.01"/>
            </lane>
            <lane id="bottom_1"/>
        </edge>
        <edge id="left">
            <lane id="left_0">
                <vehicle id="cfm-fast_0" pos="12.96" speed="29.34"/>
                <vehicle id="cfm-fast_2" pos="36.48" speed="26.97"/>
            </lane>
            <lane id="left_1">
                <vehicle id="cfm-fast_1" pos="41.19" speed="46.34"/>
            </lane>
        </edge>
        <edge id="right">
            <lane id="right_0">
                <vehicle id="cfm-slow_1" pos="15.57" speed="20.30"/>
                <vehicle id="cfm-slow_2" pos="31.87" speed="21.04"/>
                <vehicle id="cfm-slow_3" pos="48.95" speed="22.57"/>
            </lane>
            <lane id="right_1">
                <vehicle id="cfm-fast_5" pos="5.62" speed="46.77"/>
            </lane>
        </edge>
        <edge id="top">
            <lane id="top_0">
                <vehicle id="cfm-slow_4" pos="17.65" speed="25.05"/>
                <vehicle id="cfm-slow_5" pos="38.91" speed="27.82"/>
            </lane>
            <lane id="top_1"/>
        </edge>
    </timestep>
    <timestep time="3.44">
        <edge id="bottom">
            <lane id="bottom_0">
                <vehicle id="cfm-fast_3" pos="6.15" speed="28.40"/>
                <vehicle id="cfm-fast_4" pos="26.92" speed="27.44"/>
                <vehicle id="cfm-slow_0" pos="49.79" speed="20.02"/>
            </lane>
            <lane id="bottom_1"/>
        </edge>
        <edge id="left">
            <lane id="left_0">
                <vehicle id="cfm-fast_0" pos="13.25" speed="29.35"/>
                <vehicle id="cfm-fast_2" pos="36.75" speed="26.99"/>
            </lane>
            <lane id="left_1">
                <vehicle id="cfm-fast_1" pos="41.66" speed="46.48"/>
            </lane>
        </edge>
        <edge id="right">
            <lane id="right_0">
                <vehicle id="cfm-slow_1" pos="15.77" speed="20.31"/>
                <vehicle id="cfm-slow_2" pos="32.08" speed="21.06"/>
                <vehicle id="cfm-slow_3" pos="49.18" speed="22.61"/>
            </lane>
            <lane id="right_1">
                <vehicle id="cfm-fast_5" pos="6.08" speed="46.91"/>
            </lane>
        </edge>
        <edge id="top">
            <lane id="top_0">
                <vehicle id="cfm-slow_4" pos="17.90" speed="25.09"/>
                <vehicle id="cfm-slow_5" pos="39.19" speed="27.85"/>
            </lane>
            <lane id="top_1"/>
        </edge>
    </timestep>
    <timestep time="3.45">
        <edge id="bottom">
            <lane id="bottom_0">
                <vehicle id="cfm-fast_3" pos="6.44" speed="28.41"/>
                <vehicle id="cfm-fast_4" pos="27.20" speed="27.41"/>
                <vehicle id="cfm-slow_0" pos="49.99" speed="20.03"/>
            </lane>
            <lane id="bottom_1"/>
        </edge>
        <edge id="left">
            <lane id="left_0">
                <vehicle id="cfm-fast_0" pos="13.54" speed="29.36"/>
                <vehicle id="cfm-fast_2" pos="37.02" speed="27.02"/>
            </lane>
            <lane id="left_1">
                <vehicle id="cfm-fast_1" pos="42.13" speed="46.62"/>
            </lane>
        </edge>
        <edge id="right">
            <lane id="right_0">
                <vehicle id="cfm-slow_1" pos="15.98" speed="20.33"/>
                <vehicle id="cfm-slow_2" pos="32.29" speed="21.08"/>
                <vehicle id="cfm-slow_3" pos="49.40" speed="22.64"/>
            </lane>
            <lane id="right_1">
                <vehicle id="cfm-fast_5" pos="6.56" speed="47.05"/>
            </lane>
        </edge>
        <edge id="top">
            <lane id="top_0">
                <vehicle id="cfm-slow_4" pos="18.15" speed="25.13"/>
                <vehicle id="cfm-slow_5" pos="39.47" speed="27.87"/>
            </lane>
            <lane id="top_1"/>
        </edge>
    </timestep>
    <timestep time="3.46">
        <edge id="bottom">
            <lane id="bottom_0">
                <vehicle id="cfm-fast_3" pos="6.72" speed="28.41"/>
                <vehicle id="cfm-fast_4" pos="27.47" speed="27.39"/>
            </lane>
            <lane id="bottom_1"/>
        </edge>
        <edge id="left">
            <lane id="left_0">
                <vehicle id="cfm-fast_0" pos="13.84" speed="29.37"/>
                <vehicle id="cfm-fast_2" pos="37.29" speed="27.04"/>
            </lane>
            <lane id="left_1">
                <vehicle id="cfm-fast_1" pos="42.59" speed="46.75"/>
            </lane>
        </edge>
        <edge id="right">
            <lane id="right_0">
                <vehicle id="cfm-slow_0" pos="0.19" speed="20.04"/>
                <vehicle id="cfm-slow_1" pos="16.18" speed="20.35"/>
                <vehicle id="cfm-slow_2" pos="32.50" speed="21.11"/>
                <vehicle id="cfm-slow_3" pos="49.63" speed="22.67"/>
            </lane>
            <lane id="right_1">
                <vehicle id="cfm-fast_5" pos="7.03" speed="47.18"/>
            </lane>
        </edge>
        <edge id="top">
            <lane id="top_0">
                <vehicle id="cfm-slow_4" pos="18.40" speed="25.16"/>
                <vehicle id="cfm-slow_5" pos="39.75" speed="27.89"/>
            </lane>
            <lane id="top_1"/>
        </edge>
    </timestep>
    <timestep time="3.47">
        <edge id="bottom">
            <lane id="bottom_0">
                <vehicle id="cfm-fast_3" pos="7.01" speed="28.41"/>
                <vehicle id="cfm-fast_4" pos="27.74" speed="27.36"/>
            </lane>
            <lane id="bottom_1"/>
        </edge>
        <edge id="left">
            <lane id="left_0">
                <vehicle id="cfm-fast_0" pos="14.13" speed="29.37"/>
                <vehicle id="cfm-fast_2" pos="37.56" speed="27.07"/>
            </lane>
            <lane id="left_1">
                <vehicle id="cfm-fast_1" pos="43.06" speed="46.89"/>
            </lane>
        </edge>
        <edge id="right">
            <lane id="right_0">
                <vehicle id="cfm-slow_0" pos="0.39" speed="20.05"/>
                <vehicle id="cfm-slow_1" pos="16.38" speed="20.36"/>
                <vehicle id="cfm-slow_2" pos="32.71" speed="21.13"/>
                <vehicle id="cfm-slow_3" pos="49.86" speed="22.70"/>
            </lane>
            <lane id="right_1">
                <vehicle id="cfm-fast_5" pos="7.50" speed="47.32"/>
            </lane>
        </edge>
        <edge id="top">
            <lane id="top_0">
                <vehicle id="cfm-slow_4" pos="18.65" speed="25.20"/>
                <vehicle id="cfm-slow_5" pos="40.03" speed="27.92"/>
            </lane>
            <lane id="top_1"/>
        </edge>
    </timestep>
    <timestep time="3.48">
        <edge id="bottom">
            <lane id="bottom_0">
                <vehicle id="cfm-fast_3" pos="7.29" speed="28.42"/>
                <vehicle id="cfm-fast_4" pos="28.02" speed="27.33"/>
            </lane>
            <lane id="bottom_1"/>
        </edge>
        <edge id="left">
            <lane id="left_0">
                <vehicle id="cfm-fast_0" pos="14.43" speed="29.38"/>
                <vehicle id="cfm-fast_2" pos="37.83" speed="27.09"/>
            </lane>
            <lane id="left_1">
                <vehicle id="cfm-fast_1" pos="43.53" speed="47.02"/>
            </lane>
        </edge>
        <edge id="right">
            <lane id="right_0">
                <vehicle id="cfm-slow_0" pos="0.59" speed="20.06"/>
                <vehicle id="cfm-slow_1" pos="16.59" speed="20.38"/>
                <vehicle id="cfm-slow_2" pos="32.92" speed="21.15"/>
            </lane>
            <lane id="right_1">
                <vehicle id="cfm-fast_5" pos="7.97" speed="47.45"/>
            </lane>
        </edge>
        <edge id="top">
            <lane id="top_0">
                <vehicle id="cfm-slow_3" pos="0.08" speed="22.74"/>
                <vehicle id="cfm-slow_4" pos="18.91" speed="25.23"/>
                <vehicle id="cfm-slow_5" pos="40.31" speed="27.94"/>
            </lane>
            <lane id="top_1"/>
        </edge>
    </timestep>
    <timestep time="3.49">
        <edge id="bottom">
            <lane id="bottom_0">
                <vehicle id="cfm-fast_3" pos="7.57" speed="28.42"/>
                <vehicle id="cfm-fast_4" pos="28.29" speed="27.31"/>
            </lane>
            <lane id="bottom_1"/>
        </edge>
        <edge id="left">
            <lane id="left_0">
                <vehicle id="cfm-fast_0" pos="14.72" speed="29.39"/>
                <vehicle id="cfm-fast_2" pos="38.10" speed="27.12"/>
            </lane>
            <lane id="left_1">
                <vehicle id="cfm-fast_1" pos="44.00" speed="47.16"/>
            </lane>
        </edge>
        <edge id="right">
            <lane id="right_0">
                <vehicle id="cfm-slow_0" pos="0.79" speed="20.07"/>
                <vehicle id="cfm-slow_1" pos="16.79" speed="20.39"/>
                <vehicle id="cfm-slow_2" pos="33.13" speed="21.18"/>
            </lane>
            <lane id="right_1">
                <vehicle id="cfm-fast_5" pos="8.45" speed="47.59"/>
            </lane>
        </edge>
        <edge id="top">
            <lane id="top_0">
                <vehicle id="cfm-slow_3" pos="0.31" speed="22.77"/>
                <vehicle id="cfm-slow_4" pos="19.16" speed="25.27"/>
                <vehicle id="cfm-slow_5" pos="40.59" speed="27.97"/>
            </lane>
            <lane id="top_1"/>
        </edge>
    </timestep>
    <timestep time="3.50">
        <edge id="bottom">
            <lane id="bottom_0">
                <vehicle id="cfm-fast_3" pos="7.86" speed="28.42"/>
                <vehicle id="cfm-fast_4" pos="28.56" speed="27.28"/>
            </lane>
            <lane id="bottom_1"/>
        </edge>
        <edge id="left">
            <lane id="left_0">
                <vehicle id="cfm-fast_0" pos="15.01" speed="29.39"/>
                <vehicle id="cfm-fast_2" pos="38.37" speed="27.14"/>
            </lane>
            <lane id="left_1">
                <vehicle id="cfm-fast_1" pos="44.48" speed="47.30"/>
            </lane>
        </edge>
        <edge id="right">
            <lane id="right_0">
                <vehicle id="cfm-slow_0" pos="0.99" speed="20.09"/>
                <vehicle id="cfm-slow_1" pos="16.99" speed="20.41"/>
                <vehicle id="cfm-slow_2" pos="33.35" speed="21.20"/>
            </lane>
            <lane id="right_1">
                <vehicle id="cfm-fast_5" pos="8.93" speed="47.73"/>
            </lane>
        </edge>
        <edge id="top">
            <lane id="top_0">
                <vehicle id="cfm-slow_3" pos="0.54" speed="22.80"/>
                <vehicle id="cfm-slow_4" pos="19.41" speed="25.30"/>
                <vehicle id="cfm-slow_5" pos="40.87" speed="27.99"/>
            </lane>
            <lane id="top_1"/>
        </edge>
    </timestep>
    <timestep time="3.51">
        <edge id="bottom">
            <lane id="bottom_0">
                <vehicle id="cfm-fast_3" pos="8.14" speed="28.42"/>
                <vehicle id="cfm-fast_4" pos="28.83" speed="27.25"/>
            </lane>
            <lane id="bottom_1"/>
        </edge>
        <edge id="left">
            <lane id="left_0">
                <vehicle id="cfm-fast_0" pos="15.31" speed="29.40"/>
                <vehicle id="cfm-fast_2" pos="38.65" speed="27.16"/>
            </lane>
            <lane id="left_1">
                <vehicle id="cfm-fast_1" pos="44.95" speed="47.43"/>
            </lane>
        </edge>
        <edge id="right">
            <lane id="right_0">
                <vehicle id="cfm-slow_0" pos="1.19" speed="20.10"/>
                <vehicle id="cfm-slow_1" pos="17.20" speed="20.42"/>
                <vehicle id="cfm-slow_2" pos="33.56" speed="21.22"/>
            </lane>
            <lane id="right_1">
                <vehicle id="cfm-fast_5" pos="9.41" speed="47.86"/>
            </lane>
        </edge>
        <edge id="top">
            <lane id="top_0">
                <vehicle id="cfm-slow_3" pos="0.77" speed="22.83"/>
                <vehicle id="cfm-slow_4" pos="19.66" speed="25.34"/>
                <vehicle id="cfm-slow_5" pos="41.15" speed="28.01"/>
            </lane>
            <lane id="top_1"/>
        </edge>
    </timestep>
    <timestep time="3.52">
        <edge id="bottom">
            <lane id="bottom_0">
                <vehicle id="cfm-fast_3" pos="8.43" speed="28.42"/>
                <vehicle id="cfm-fast_4" pos="29.11" speed="27.22"/>
            </lane>
            <lane id="bottom_1"/>
        </edge>
        <edge id="left">
            <lane id="left_0">
                <vehicle id="cfm-fast_0" pos="15.60" speed="29.41"/>
                <vehicle id="cfm-fast_2" pos="38.92" speed="27.19"/>
            </lane>
            <lane id="left_1">
                <vehicle id="cfm-fast_1" pos="45.43" speed="47.57"/>
            </lane>
        </edge>
        <edge id="right">
            <lane id="right_0">
                <vehicle id="cfm-slow_0" pos="1.39" speed="20.11"/>
                <vehicle id="cfm-slow_1" pos="17.40" speed="20.44"/>
                <vehicle id="cfm-slow_2" pos="33.77" speed="21.25"/>
            </lane>
            <lane id="right_1">
                <vehicle id="cfm-fast_5" pos="9.89" speed="48.00"/>
            </lane>
        </edge>
        <edge id="top">
            <lane id="top_0">
                <vehicle id="cfm-slow_3" pos="1.00" speed="22.87"/>
                <vehicle id="cfm-slow_4" pos="19.92" speed="25.37"/>
                <vehicle id="cfm-slow_5" pos="41.43" speed="28.04"/>
            </lane>
            <lane id="top_1"/>
        </edge>
    </timestep>
    <timestep time="3.53">
        <edge id="bottom">
            <lane id="bottom_0">
                <vehicle id="cfm-fast_3" pos="8.71" speed="28.42"/>
                <vehicle id="cfm-fast_4" pos="29.38" speed="27.19"/>
            </lane>
            <lane id="bottom_1"/>
        </edge>
        <edge id="left">
            <lane id="left_0">
                <vehicle id="cfm-fast_0" pos="15.90" speed="29.41"/>
                <vehicle id="cfm-fast_2" pos="39.19" speed="27.21"/>
            </lane>
            <lane id="left_1">
                <vehicle id="cfm-fast_1" pos="45.90" speed="47.71"/>
            </lane>
        </edge>
        <edge id="right">
            <lane id="right_0">
                <vehicle id="cfm-slow_0" pos="1.59" speed="20.12"/>
                <vehicle id="cfm-slow_1" pos="17.61" speed="20.46"/>
                <vehicle id="cfm-slow_2" pos="33.98" speed="21.27"/>
            </lane>
            <lane id="right_1">
                <vehicle id="cfm-fast_5" pos="10.37" speed="48.14"/>
            </lane>
        </edge>
        <edge id="top">
            <lane id="top_0">
                <vehicle id="cfm-slow_3" pos="1.22" speed="22.90"/>
                <vehicle id="cfm-slow_4" pos="20.17" speed="25.41"/>
                <vehicle id="cfm-slow_5" pos="41.71" speed="28.06"/>
            </lane>
            <lane id="top_1"/>
        </edge>
    </timestep>
    <timestep time="3.54">
        <edge id="bottom">
            <lane id="bottom_0">
                <vehicle id="cfm-fast_3" pos="9.00" speed="28.42"/>
                <vehicle id="cfm-fast_4" pos="29.65" speed="27.17"/>
            </lane>
            <lane id="bottom_1"/>
        </edge>
        <edge id="left">
            <lane id="left_0">
                <vehicle id="cfm-fast_0" pos="16.19" speed="29.42"/>
                <vehicle id="cfm-fast_2" pos="39.46" speed="27.23"/>
            </lane>
            <lane id="left_1">
                <vehicle id="cfm-fast_1" pos="46.38" speed="47.84"/>
            </lane>
        </edge>
        <edge id="right">
            <lane id="right_0">
                <vehicle id="cfm-slow_0" pos="1.79" speed="20.13"/>
                <vehicle id="cfm-slow_1" pos="17.81" speed="20.47"/>
                <vehicle id="cfm-slow_2" pos="34.20" speed="21.29"/>
            </lane>
            <lane id="right_1">
                <vehicle id="cfm-fast_5" pos="10.85" speed="48.27"/>
            </lane>
        </edge>
        <edge id="top">
            <lane id="top_0">
                <vehicle id="cfm-slow_3" pos="1.45" speed="22.93"/>
                <vehicle id="cfm-slow_4" pos="20.43" speed="25.44"/>
                <vehicle id="cfm-slow_5" pos="41.99" speed="28.08"/>
            </lane>
            <lane id="top_1"/>
        </edge>
    </timestep>
    <timestep time="3.55">
        <edge id="bottom">
            <lane id="bottom_0">
                <vehicle id="cfm-fast_3" pos="9.28" speed="28.42"/>
                <vehicle id="cfm-fast_4" pos="29.92" speed="27.14"/>
            </lane>
            <lane id="bottom_1"/>
        </edge>
        <edge id="left">
            <lane id="left_0">
                <vehicle id="cfm-fast_0" pos="16.48" speed="29.42"/>
                <vehicle id="cfm-fast_2" pos="39.74" speed="27.26"/>
            </lane>
            <lane id="left_1">
                <vehicle id="cfm-fast_1" pos="46.86" speed="47.98"/>
            </lane>
        </edge>
        <edge id="right">
            <lane id="right_0">
                <vehicle id="cfm-slow_0" pos="1.99" speed="20.14"/>
                <vehicle id="cfm-slow_1" pos="18.02" speed="20.49"/>
                <vehicle id="cfm-slow_2" pos="34.41" speed="21.32"/>
            </lane>
            <lane id="right_1">
                <vehicle id="cfm-fast_5" pos="11.33" speed="48.41"/>
            </lane>
        </edge>
        <edge id="top">
            <lane id="top_0">
                <vehicle id="cfm-slow_3" pos="1.68" speed="22.96"/>
                <vehicle id="cfm-slow_4" pos="20.68" speed="25.48"/>
                <vehicle id="cfm-slow_5" pos="42.27" speed="28.10"/>
            </lane>
            <lane id="top_1"/>
        </edge>
    </timestep>
    <timestep time="3.56">
        <edge id="bottom">
            <lane id="bottom_0">
                <vehicle id="cfm-fast_3" pos="9.56" speed="28.42"/>
                <vehicle id="cfm-fast_4" pos="30.19" speed="27.11"/>
            </lane>
            <lane id="bottom_1"/>
        </edge>
        <edge id="left">
            <lane id="left_0">
                <vehicle id="cfm-fast_0" pos="16.78" speed="29.43"/>
                <vehicle id="cfm-fast_2" pos="40.01" speed="27.28"/>
            </lane>
            <lane id="left_1">
                <vehicle id="cfm-fast_1" pos="47.34" speed="48.12"/>
            </lane>
        </edge>
        <edge id="right">
            <lane id="right_0">
                <vehicle id="cfm-slow_0" pos="2.20" speed="20.15"/>
                <vehicle id="cfm-slow_1" pos="18.22" speed="20.50"/>
                <vehicle id="cfm-slow_2" pos="34.62" speed="21.34"/>
            </lane>
            <lane id="right_1">
                <vehicle id="cfm-fast_5" pos="11.82" speed="48.55"/>
            </lane>
        </edge>
        <edge id="top">
            <lane id="top_0">
                <vehicle id="cfm-slow_3" pos="1.91" speed="23.00"/>
                <vehicle id="cfm-slow_4" pos="20.94" speed="25.51"/>
                <vehicle id="cfm-slow_5" pos="42.55" speed="28.13"/>
            </lane>
            <lane id="top_1"/>
        </edge>
    </timestep>
    <timestep time="3.57">
        <edge id="bottom">
            <lane id="bottom_0">
                <vehicle id="cfm-fast_3" pos="9.85" speed="28.42"/>
                <vehicle id="cfm-fast_4" pos="30.46" speed="27.08"/>
            </lane>
            <lane id="bottom_1"/>
        </edge>
        <edge id="left">
            <lane id="left_0">
                <vehicle id="cfm-fast_0" pos="17.07" speed="29.44"/>
                <vehicle id="cfm-fast_2" pos="40.28" speed="27.30"/>
            </lane>
            <lane id="left_1">
                <vehicle id="cfm-fast_1" pos="47.83" speed="48.25"/>
            </lane>
        </edge>
        <edge id="right">
            <lane id="right_0">
                <vehicle id="cfm-slow_0" pos="2.40" speed="20.16"/>
                <vehicle id="cfm-slow_1" pos="18.43" speed="20.52"/>
                <vehicle id="cfm-slow_2" pos="34.84" speed="21.37"/>
            </lane>
            <lane id="right_1">
                <vehicle id="cfm-fast_5" pos="12.31" speed="48.68"/>
            </lane>
        </edge>
        <edge id="top">
            <lane id="top_0">
                <vehicle id="cfm-slow_3" pos="2.14" speed="23.03"/>
                <vehicle id="cfm-slow_4" pos="21.19" speed="25.54"/>
                <vehicle id="cfm-slow_5" pos="42.83" speed="28.15"/>
            </lane>
            <lane id="top_1"/>
        </edge>
    </timestep>
    <timestep time="3.58">
        <edge id="bottom">
            <lane id="bottom_0">
                <vehicle id="cfm-fast_3" pos="10.13" speed="28.42"/>
                <vehicle id="cfm-fast_4" pos="30.73" speed="27.06"/>
            </lane>
            <lane id="bottom_1"/>
        </edge>
        <edge id="left">
            <lane id="left_0">
                <vehicle id="cfm-fast_0" pos="17.37" speed="29.44"/>
                <vehicle id="cfm-fast_2" pos="40.55" speed="27.32"/>
            </lane>
            <lane id="left_1">
                <vehicle id="cfm-fast_1" pos="48.31" speed="48.39"/>
            </lane>
        </edge>
        <edge id="right">
            <lane id="right_0">
                <vehicle id="cfm-slow_0" pos="2.60" speed="20.18"/>
                <vehicle id="cfm-slow_1" pos="18.63" speed="20.53"/>
                <vehicle id="cfm-slow_2" pos="35.05" speed="21.39"/>
            </lane>
            <lane id="right_1">
                <vehicle id="cfm-fast_5" pos="12.80" speed="48.82"/>
            </lane>
        </edge>
        <edge id="top">
            <lane id="top_0">
                <vehicle id="cfm-slow_3" pos="2.37" speed="23.06"/>
                <vehicle id="cfm-slow_4" pos="21.45" speed="25.58"/>
                <vehicle id="cfm-slow_5" pos="43.12" speed="28.17"/>
            </lane>
            <lane id="top_1"/>
        </edge>
    </timestep>
    <timestep time="3.59">
        <edge id="bottom">
            <lane id="bottom_0">
                <vehicle id="cfm-fast_3" pos="10.42" speed="28.42"/>
                <vehicle id="cfm-fast_4" pos="31.00" speed="27.03"/>
            </lane>
            <lane id="bottom_1"/>
        </edge>
        <edge id="left">
            <lane id="left_0">
                <vehicle id="cfm-fast_0" pos="17.66" speed="29.45"/>
                <vehicle id="cfm-fast_2" pos="40.83" speed="27.34"/>
            </lane>
            <lane id="left_1">
                <vehicle id="cfm-fast_1" pos="48.79" speed="48.52"/>
            </lane>
        </edge>
        <edge id="right">
            <lane id="right_0">
                <vehicle id="cfm-slow_0" pos="2.80" speed="20.19"/>
                <vehicle id="cfm-slow_1" pos="18.84" speed="20.55"/>
                <vehicle id="cfm-slow_2" pos="35.26" speed="21.41"/>
            </lane>
            <lane id="right_1">
                <vehicle id="cfm-fast_5" pos="13.28" speed="48.95"/>
            </lane>
        </edge>
        <edge id="top">
            <lane id="top_0">
                <vehicle id="cfm-slow_3" pos="2.61" speed="23.09"/>
                <vehicle id="cfm-slow_4" pos="21.70" speed="25.61"/>
                <vehicle id="cfm-slow_5" pos="43.40" speed="28.19"/>
            </lane>
            <lane id="top_1"/>
        </edge>
    </timestep>
    <timestep time="3.60">
        <edge id="bottom">
            <lane id="bottom_0">
                <vehicle id="cfm-fast_3" pos="10.70" speed="28.42"/>
                <vehicle id="cfm-fast_4" pos="31.27" speed="27.00"/>
            </lane>
            <lane id="bottom_1"/>
        </edge>
        <edge id="left">
            <lane id="left_0">
                <vehicle id="cfm-fast_0" pos="17.96" speed="29.45"/>
                <vehicle id="cfm-fast_2" pos="41.10" speed="27.37"/>
            </lane>
            <lane id="left_1">
                <vehicle id="cfm-fast_1" pos="49.28" speed="48.66"/>
            </lane>
        </edge>
        <edge id="right">
            <lane id="right_0">
                <vehicle id="cfm-slow_0" pos="3.00" speed="20.20"/>
                <vehicle id="cfm-slow_1" pos="19.04" speed="20.57"/>
                <vehicle id="cfm-slow_2" pos="35.48" speed="21.44"/>
            </lane>
            <lane id="right_1">
                <vehicle id="cfm-fast_5" pos="13.78" speed="49.09"/>
            </lane>
        </edge>
        <edge id="top">
            <lane id="top_0">
                <vehicle id="cfm-slow_3" pos="2.84" speed="23.12"/>
                <vehicle id="cfm-slow_4" pos="21.96" speed="25.64"/>
                <vehicle id="cfm-slow_5" pos="43.68" speed="28.21"/>
            </lane>
            <lane id="top_1"/>
        </edge>
    </timestep>
    <timestep time="3.61">
        <edge id="bottom">
            <lane id="bottom_0">
                <vehicle id="cfm-fast_3" pos="10.98" speed="28.41"/>
                <vehicle id="cfm-fast_4" pos="31.54" speed="26.97"/>
            </lane>
            <lane id="bottom_1"/>
        </edge>
        <edge id="left">
            <lane id="left_0">
                <vehicle id="cfm-fast_0" pos="18.25" speed="29.46"/>
                <vehicle id="cfm-fast_2" pos="41.38" speed="27.39"/>
            </lane>
            <lane id="left_1">
                <vehicle id="cfm-fast_1" pos="49.77" speed="48.80"/>
            </lane>
        </edge>
        <edge id="right">
            <lane id="right_0">
                <vehicle id="cfm-slow_0" pos="3.21" speed="20.21"/>
                <vehicle id="cfm-slow_1" pos="19.25" speed="20.58"/>
                <vehicle id="cfm-slow_2" pos="35.69" speed="21.46"/>
            </lane>
            <lane id="right_1">
                <vehicle id="cfm-fast_5" pos="14.27" speed="49.23"/>
            </lane>
        </edge>
        <edge id="top">
            <lane id="top_0">
                <vehicle id="cfm-slow_3" pos="3.07" speed="23.16"/>
                <vehicle id="cfm-slow_4" pos="22.22" speed="25.68"/>
                <vehicle id="cfm-slow_5" pos="43.96" speed="28.23"/>
            </lane>
            <lane id="top_1"/>
        </edge>
    </timestep>
    <timestep time="3.62">
        <edge id="bottom">
            <lane id="bottom_0">
                <vehicle id="cfm-fast_3" pos="11.27" speed="28.41"/>
                <vehicle id="cfm-fast_4" pos="31.81" speed="26.94"/>
            </lane>
            <lane id="bottom_1">
                <vehicle id="cfm-fast_1" pos="0.26" speed="48.93"/>
            </lane>
        </edge>
        <edge id="left">
            <lane id="left_0">
                <vehicle id="cfm-fast_0" pos="18.55" speed="29.46"/>
                <vehicle id="cfm-fast_2" pos="41.65" speed="27.41"/>
            </lane>
            <lane id="left_1"/>
        </edge>
        <edge id="right">
            <lane id="right_0">
                <vehicle id="cfm-slow_0" pos="3.41" speed="20.22"/>
                <vehicle id="cfm-slow_1" pos="19.46" speed="20.60"/>
                <vehicle id="cfm-slow_2" pos="35.91" speed="21.48"/>
            </lane>
            <lane id="right_1">
                <vehicle id="cfm-fast_5" pos="14.76" speed="49.36"/>
            </lane>
        </edge>
        <edge id="top">
            <lane id="top_0">
                <vehicle id="cfm-slow_3" pos="3.30" speed="23.19"/>
                <vehicle id="cfm-slow_4" pos="22.47" speed="25.71"/>
                <vehicle id="cfm-slow_5" pos="44.24" speed="28.25"/>
            </lane>
            <lane id="top_1"/>
        </edge>
    </timestep>
    <timestep time="3.63">
        <edge id="bottom">
            <lane id="bottom_0">
                <vehicle id="cfm-fast_3" pos="11.55" speed="28.41"/>
                <vehicle id="cfm-fast_4" pos="32.08" speed="26.92"/>
            </lane>
            <lane id="bottom_1">
                <vehicle id="cfm-fast_1" pos="0.75" speed="49.07"/>
            </lane>
        </edge>
        <edge id="left">
            <lane id="left_0">
                <vehicle id="cfm-fast_0" pos="18.84" speed="29.47"/>
                <vehicle id="cfm-fast_2" pos="41.92" speed="27.43"/>
            </lane>
            <lane id="left_1"/>
        </edge>
        <edge id="right">
            <lane id="right_0">
                <vehicle id="cfm-slow_0" pos="3.61" speed="20.23"/>
                <vehicle id="cfm-slow_1" pos="19.66" speed="20.61"/>
                <vehicle id="cfm-slow_2" pos="36.12" speed="21.51"/>
            </lane>
            <lane id="right_1">
                <vehicle id="cfm-fast_5" pos="15.26" speed="49.50"/>
            </lane>
        </edge>
        <edge id="top">
            <lane id="top_0">
                <vehicle id="cfm-slow_3" pos="3.53" speed="23.22"/>
                <vehicle id="cfm-slow_4" pos="22.73" speed="25.74"/>
                <vehicle id="cfm-slow_5" pos="44.53" speed="28.27"/>
            </lane>
            <lane id="top_1"/>
        </edge>
    </timestep>
    <timestep time="3.64">
        <edge id="bottom">
            <lane id="bottom_0">
                <vehicle id="cfm-fast_3" pos="11.84" speed="28.40"/>
                <vehicle id="cfm-fast_4" pos="32.35" speed="26.89"/>
            </lane>
            <lane id="bottom_1">
                <vehicle id="cfm-fast_1" pos="1.24" speed="49.21"/>
            </lane>
        </edge>
        <edge id="left">
            <lane id="left_0">
                <vehicle id="cfm-fast_0" pos="19.13" speed="29.48"/>
                <vehicle id="cfm-fast_2" pos="42.20" speed="27.45"/>
            </lane>
            <lane id="left_1"/>
        </edge>
        <edge id="right">
            <lane id="right_0">
                <vehicle id="cfm-slow_0" pos="3.81" speed="20.24"/>
                <vehicle id="cfm-slow_1" pos="19.87" speed="20.63"/>
                <vehicle id="cfm-slow_2" pos="36.34" speed="21.53"/>
            </lane>
            <lane id="right_1">
                <vehicle id="cfm-fast_5" pos="15.75" speed="49.64"/>
            </lane>
        </edge>
        <edge id="top">
            <lane id="top_0">
                <vehicle id="cfm-slow_3" pos="3.76" speed="23.25"/>
                <vehicle id="cfm-slow_4" pos="22.99" speed="25.78"/>
                <vehicle id="cfm-slow_5" pos="44.81" speed="28.29"/>
            </lane>
            <lane id="top_1"/>
        </edge>
    </timestep>
    <timestep time="3.65">
        <edge id="bottom">
            <lane id="bottom_0">
                <vehicle id="cfm-fast_3" pos="12.12" speed="28.40"/>
                <vehicle id="cfm-fast_4" pos="32.62" speed="26.86"/>
            </lane>
            <lane id="bottom_1">
                <vehicle id="cfm-fast_1" pos="1.73" speed="49.34"/>
            </lane>
        </edge>
        <edge id="left">
            <lane id="left_0">
                <vehicle id="cfm-fast_0" pos="19.43" speed="29.48"/>
                <vehicle id="cfm-fast_2" pos="42.47" speed="27.47"/>
            </lane>
            <lane id="left_1"/>
        </edge>
        <edge id="right">
            <lane id="right_0">
                <vehicle id="cfm-slow_0" pos="4.01" speed="20.25"/>
                <vehicle id="cfm-slow_1" pos="20.07" speed="20.65"/>
                <vehicle id="cfm-slow_2" pos="36.55" speed="21.56"/>
            </lane>
            <lane id="right_1">
                <vehicle id="cfm-fast_5" pos="16.25" speed="49.77"/>
            </lane>
        </edge>
        <edge id="top">
            <lane id="top_0">
                <vehicle id="cfm-slow_3" pos="4.00" speed="23.28"/>
                <vehicle id="cfm-slow_4" pos="23.25" speed="25.81"/>
                <vehicle id="cfm-slow_5" pos="45.09" speed="28.31"/>
            </lane>
            <lane id="top_1"/>
        </edge>
    </timestep>
    <timestep time="3.66">
        <edge id="bottom">
            <lane id="bottom_0">
                <vehicle id="cfm-fast_3" pos="12.40" speed="28.40"/>
                <vehicle id="cfm-fast_4" pos="32.89" speed="26.83"/>
            </lane>
            <lane id="bottom_1">
                <vehicle id="cfm-fast_1" pos="2.23" speed="49.48"/>
            </lane>
        </edge>
        <edge id="left">
            <lane id="left_0">
                <vehicle id="cfm-fast_0" pos="19.72" speed="29.49"/>
                <vehicle id="cfm-fast_2" pos="42.75" speed="27.49"/>
            </lane>
            <lane id="left_1"/>
        </edge>
        <edge id="right">
            <lane id="right_0">
                <vehicle id="cfm-slow_0" pos="4.22" speed="20.26"/>
                <vehicle id="cfm-slow_1" pos="20.28" speed="20.66"/>
                <vehicle id="cfm-slow_2" pos="36.77" speed="21.58"/>
            </lane>
            <lane id="right_1">
                <vehicle id="cfm-fast_5" pos="16.75" speed="49.91"/>
            </lane>
        </edge>
        <edge id="top">
            <lane id="top_0">
                <vehicle id="cfm-slow_3" pos="4.23" speed="23.32"/>
                <vehicle id="cfm-slow_4" pos="23.51" speed="25.84"/>
                <vehicle id="cfm-slow_5" pos="45.38" speed="28.33"/>
            </lane>
            <lane id="top_1"/>
        </edge>
    </timestep>
    <timestep time="3.67">
        <edge id="bottom">
            <lane id="bottom_0">
                <vehicle id="cfm-fast_3" pos="12.69" speed="28.39"/>
                <vehicle id="cfm-fast_4" pos="33.16" speed="26.80"/>
            </lane>
            <lane id="bottom_1">
                <vehicle id="cfm-fast_1" pos="2.73" speed="49.62"/>
            </lane>
        </edge>
        <edge id="left">
            <lane id="left_0">
                <vehicle id="cfm-fast_0" pos="20.02" speed="29.49"/>
                <vehicle id="cfm-fast_2" pos="43.02" speed="27.50"/>
            </lane>
            <lane id="left_1"/>
        </edge>
        <edge id="right">
            <lane id="right_0">
                <vehicle id="cfm-slow_0" pos="4.42" speed="20.27"/>
                <vehicle id="cfm-slow_1" pos="20.49" speed="20.68"/>
                <vehicle id="cfm-slow_2" pos="36.99" speed="21.60"/>
            </lane>
            <lane id="right_1">
                <vehicle id="cfm-fast_5" pos="17.25" speed="50.05"/>
            </lane>
        </edge>
        <edge id="top">
            <lane id="top_0">
                <vehicle id="cfm-slow_3" pos="4.46" speed="23.35"/>
                <vehicle id="cfm-slow_4" pos="23.77" speed="25.87"/>
                <vehicle id="cfm-slow_5" pos="45.66" speed="28.35"/>
            </lane>
            <lane id="top_1"/>
        </edge>
    </timestep>
    <timestep time="3.68">
        <edge id="bottom">
            <lane id="bottom_0">
                <vehicle id="cfm-fast_3" pos="12.97" speed="28.39"/>
                <vehicle id="cfm-fast_4" pos="33.42" speed="26.78"/>
            </lane>
            <lane id="bottom_1">
                <vehicle id="cfm-fast_1" pos="3.22" speed="49.75"/>
            </lane>
        </edge>
        <edge id="left">
            <lane id="left_0">
                <vehicle id="cfm-fast_0" pos="20.31" speed="29.49"/>
                <vehicle id="cfm-fast_2" pos="43.30" speed="27.52"/>
            </lane>
            <lane id="left_1"/>
        </edge>
        <edge id="right">
            <lane id="right_0">
                <vehicle id="cfm-slow_0" pos="4.62" speed="20.28"/>
                <vehicle id="cfm-slow_1" pos="20.69" speed="20.69"/>
                <vehicle id="cfm-slow_2" pos="37.20" speed="21.63"/>
            </lane>
            <lane id="right_1">
                <vehicle id="cfm-fast_5" pos="17.75" speed="50.18"/>
            </lane>
        </edge>
        <edge id="top">
            <lane id="top_0">
                <vehicle id="cfm-slow_3" pos="4.70" speed="23.38"/>
                <vehicle id="cfm-slow_4" pos="24.02" speed="25.90"/>
                <vehicle id="cfm-slow_5" pos="45.94" speed="28.37"/>
            </lane>
            <lane id="top_1"/>
        </edge>
    </timestep>
    <timestep time="3.69">
        <edge id="bottom">
            <lane id="bottom_0">
                <vehicle id="cfm-fast_3" pos="13.26" speed="28.38"/>
                <vehicle id="cfm-fast_4" pos="33.69" speed="26.75"/>
            </lane>
            <lane id="bottom_1">
                <vehicle id="cfm-fast_1" pos="3.72" speed="49.89"/>
            </lane>
        </edge>
        <edge id="left">
            <lane id="left_0">
                <vehicle id="cfm-fast_0" pos="20.61" speed="29.50"/>
                <vehicle id="cfm-fast_2" pos="43.57" speed="27.54"/>
            </lane>
            <lane id="left_1"/>
        </edge>
        <edge id="right">
            <lane id="right_0">
                <vehicle id="cfm-slow_0" pos="4.83" speed="20.30"/>
                <vehicle id="cfm-slow_1" pos="20.90" speed="20.71"/>
                <vehicle id="cfm-slow_2" pos="37.42" speed="21.65"/>
            </lane>
            <lane id="right_1">
                <vehicle id="cfm-fast_5" pos="18.26" speed="50.32"/>
            </lane>
        </edge>
        <edge id="top">
            <lane id="top_0">
                <vehicle id="cfm-slow_3" pos="4.93" speed="23.41"/>
                <vehicle id="cfm-slow_4" pos="24.28" speed="25.94"/>
                <vehicle id="cfm-slow_5" pos="46.23" speed="28.39"/>
            </lane>
            <lane id="top_1"/>
        </edge>
    </timestep>
    <timestep time="3.70">
        <edge id="bottom">
            <lane id="bottom_0">
                <vehicle id="cfm-fast_3" pos="13.54" speed="28.38"/>
                <vehicle id="cfm-fast_4" pos="33.96" speed="26.72"/>
            </lane>
            <lane id="bottom_1">
                <vehicle id="cfm-fast_1" pos="4.22" speed="50.02"/>
            </lane>
        </edge>
        <edge id="left">
            <lane id="left_0">
                <vehicle id="cfm-fast_0" pos="20.90" speed="29.50"/>
                <vehicle id="cfm-fast_2" pos="43.85" speed="27.56"/>
            </lane>
            <lane id="left_1"/>
        </edge>
        <edge id="right">
            <lane id="right_0">
                <vehicle id="cfm-slow_0" pos="5.03" speed="20.31"/>
                <vehicle id="cfm-slow_1" pos="21.11" speed="20.72"/>
                <vehicle id="cfm-slow_2" pos="37.64" speed="21.67"/>
            </lane>
            <lane id="right_1">
                <vehicle id="cfm-fast_5" pos="18.76" speed="50.45"/>
            </lane>
        </edge>
        <edge id="top">
            <lane id="top_0">
                <vehicle id="cfm-slow_3" pos="5.17" speed="23.44"/>
                <vehicle id="cfm-slow_4" pos="24.54" speed="25.97"/>
                <vehicle id="cfm-slow_5" pos="46.51" speed="28.41"/>
            </lane>
            <lane id="top_1"/>
        </edge>
    </timestep>
    <timestep time="3.71">
        <edge id="bottom">
            <lane id="bottom_0">
                <vehicle id="cfm-fast_3" pos="13.82" speed="28.37"/>
                <vehicle id="cfm-fast_4" pos="34.23" speed="26.69"/>
            </lane>
            <lane id="bottom_1">
                <vehicle id="cfm-fast_1" pos="4.72" speed="50.16"/>
            </lane>
        </edge>
        <edge id="left">
            <lane id="left_0">
                <vehicle id="cfm-fast_0" pos="21.20" speed="29.51"/>
                <vehicle id="cfm-fast_2" pos="44.12" speed="27.58"/>
            </lane>
            <lane id="left_1"/>
        </edge>
        <edge id="right">
            <lane id="right_0">
                <vehicle id="cfm-slow_0" pos="5.23" speed="20.32"/>
                <vehicle id="cfm-slow_1" pos="21.32" speed="20.74"/>
                <vehicle id="cfm-slow_2" pos="37.85" speed="21.70"/>
            </lane>
            <lane id="right_1">
                <vehicle id="cfm-fast_5" pos="19.27" speed="50.59"/>
            </lane>
        </edge>
        <edge id="top">
            <lane id="top_0">
                <vehicle id="cfm-slow_3" pos="5.40" speed="23.47"/>
                <vehicle id="cfm-slow_4" pos="24.80" speed="26.00"/>
                <vehicle id="cfm-slow_5" pos="46.80" speed="28.43"/>
            </lane>
            <lane id="top_1"/>
        </edge>
    </timestep>
    <timestep time="3.72">
        <edge id="bottom">
            <lane id="bottom_0">
                <vehicle id="cfm-fast_3" pos="14.11" speed="28.37"/>
                <vehicle id="cfm-fast_4" pos="34.49" speed="26.66"/>
            </lane>
            <lane id="bottom_1">
                <vehicle id="cfm-fast_1" pos="5.23" speed="50.30"/>
            </lane>
        </edge>
        <edge id="left">
            <lane id="left_0">
                <vehicle id="cfm-fast_0" pos="21.49" speed="29.51"/>
                <vehicle id="cfm-fast_2" pos="44.40" speed="27.59"/>
            </lane>
            <lane id="left_1"/>
        </edge>
        <edge id="right">
            <lane id="right_0">
                <vehicle id="cfm-slow_0" pos="5.44" speed="20.33"/>
                <vehicle id="cfm-slow_1" pos="21.52" speed="20.76"/>
                <vehicle id="cfm-slow_2" pos="38.07" speed="21.72"/>
            </lane>
            <lane id="right_1">
                <vehicle id="cfm-fast_5" pos="19.77" speed="50.73"/>
            </lane>
        </edge>
        <edge id="top">
            <lane id="top_0">
                <vehicle id="cfm-slow_3" pos="5.64" speed="23.50"/>
                <vehicle id="cfm-slow_4" pos="25.06" speed="26.03"/>
                <vehicle id="cfm-slow_5" pos="47.08" speed="28.45"/>
            </lane>
            <lane id="top_1"/>
        </edge>
    </timestep>
    <timestep time="3.73">
        <edge id="bottom">
            <lane id="bottom_0">
                <vehicle id="cfm-fast_3" pos="14.39" speed="28.36"/>
                <vehicle id="cfm-fast_4" pos="34.76" speed="26.64"/>
            </lane>
            <lane id="bottom_1">
                <vehicle id="cfm-fast_1" pos="5.73" speed="50.43"/>
            </lane>
        </edge>
        <edge id="left">
            <lane id="left_0">
                <vehicle id="cfm-fast_0" pos="21.79" speed="29.52"/>
                <vehicle id="cfm-fast_2" pos="44.68" speed="27.61"/>
            </lane>
            <lane id="left_1"/>
        </edge>
        <edge id="right">
            <lane id="right_0">
                <vehicle id="cfm-slow_0" pos="5.64" speed="20.34"/>
                <vehicle id="cfm-slow_1" pos="21.73" speed="20.77"/>
                <vehicle id="cfm-slow_2" pos="38.29" speed="21.75"/>
            </lane>
            <lane id="right_1">
                <vehicle id="cfm-fast_5" pos="20.28" speed="50.86"/>
            </lane>
        </edge>
        <edge id="top">
            <lane id="top_0">
                <vehicle id="cfm-slow_3" pos="5.87" speed="23.54"/>
                <vehicle id="cfm-slow_4" pos="25.32" speed="26.06"/>
                <vehicle id="cfm-slow_5" pos="47.37" speed="28.47"/>
            </lane>
            <lane id="top_1"/>
        </edge>
    </timestep>
    <timestep time="3.74">
        <edge id="bottom">
            <lane id="bottom_0">
                <vehicle id="cfm-fast_3" pos="14.67" speed="28.35"/>
                <vehicle id="cfm-fast_4" pos="35.03" speed="26.61"/>
            </lane>
            <lane id="bottom_1">
                <vehicle id="cfm-fast_1" pos="6.24" speed="50.57"/>
            </lane>
        </edge>
        <edge id="left">
            <lane id="left_0">
                <vehicle id="cfm-fast_0" pos="22.08" speed="29.52"/>
                <vehicle id="cfm-fast_2" pos="44.95" speed="27.63"/>
            </lane>
            <lane id="left_1"/>
        </edge>
        <edge id="right">
            <lane id="right_0">
                <vehicle id="cfm-slow_0" pos="5.84" speed="20.35"/>
                <vehicle id="cfm-slow_1" pos="21.94" speed="20.79"/>
                <vehicle id="cfm-slow_2" pos="38.51" speed="21.77"/>
            </lane>
            <lane id="right_1">
                <vehicle id="cfm-fast_5" pos="20.79" speed="51.00"/>
            </lane>
        </edge>
        <edge id="top">
            <lane id="top_0">
                <vehicle id="cfm-slow_3" pos="6.11" speed="23.57"/>
                <vehicle id="cfm-slow_4" pos="25.58" speed="26.09"/>
                <vehicle id="cfm-slow_5" pos="47.65" speed="28.49"/>
            </lane>
            <lane id="top_1"/>
        </edge>
    </timestep>
    <timestep time="3.75">
        <edge id="bottom">
            <lane id="bottom_0">
                <vehicle id="cfm-fast_3" pos="14.96" speed="28.35"/>
                <vehicle id="cfm-fast_4" pos="35.29" speed="26.58"/>
            </lane>
            <lane id="bottom_1">
                <vehicle id="cfm-fast_1" pos="6.74" speed="50.71"/>
            </lane>
        </edge>
        <edge id="left">
            <lane id="left_0">
                <vehicle id="cfm-fast_0" pos="22.38" speed="29.53"/>
                <vehicle id="cfm-fast_2" pos="45.23" speed="27.64"/>
            </lane>
            <lane id="left_1"/>
        </edge>
        <edge id="right">
            <lane id="right_0">
                <vehicle id="cfm-slow_0" pos="6.05" speed="20.36"/>
                <vehicle id="cfm-slow_1" pos="22.15" speed="20.80"/>
                <vehicle id="cfm-slow_2" pos="38.72" speed="21.79"/>
            </lane>
            <lane id="right_1">
                <vehicle id="cfm-fast_5" pos="21.30" speed="51.14"/>
            </lane>
        </edge>
        <edge id="top">
            <lane id="top_0">
                <vehicle id="cfm-slow_3" pos="6.34" speed="23.60"/>
                <vehicle id="cfm-slow_4" pos="25.85" speed="26.12"/>
                <vehicle id="cfm-slow_5" pos="47.93" speed="28.50"/>
            </lane>
            <lane id="top_1"/>
        </edge>
    </timestep>
    <timestep time="3.76">
        <edge id="bottom">
            <lane id="bottom_0">
                <vehicle id="cfm-fast_3" pos="15.24" speed="28.34"/>
                <vehicle id="cfm-fast_4" pos="35.56" speed="26.55"/>
            </lane>
            <lane id="bottom_1">
                <vehicle id="cfm-fast_1" pos="7.25" speed="50.84"/>
            </lane>
        </edge>
        <edge id="left">
            <lane id="left_0">
                <vehicle id="cfm-fast_0" pos="22.68" speed="29.53"/>
                <vehicle id="cfm-fast_2" pos="45.51" speed="27.66"/>
            </lane>
            <lane id="left_1"/>
        </edge>
        <edge id="right">
            <lane id="right_0">
                <vehicle id="cfm-slow_0" pos="6.25" speed="20.37"/>
                <vehicle id="cfm-slow_1" pos="22.36" speed="20.82"/>
                <vehicle id="cfm-slow_2" pos="38.94" speed="21.82"/>
            </lane>
            <lane id="right_1">
                <vehicle id="cfm-fast_5" pos="21.82" speed="51.27"/>
            </lane>
        </edge>
        <edge id="top">
            <lane id="top_0">
                <vehicle id="cfm-slow_3" pos="6.58" speed="23.63"/>
                <vehicle id="cfm-slow_4" pos="26.11" speed="26.15"/>
                <vehicle id="cfm-slow_5" pos="48.22" speed="28.52"/>
            </lane>
            <lane id="top_1"/>
        </edge>
    </timestep>
    <timestep time="3.77">
        <edge id="bottom">
            <lane id="bottom_0">
                <vehicle id="cfm-fast_3" pos="15.52" speed="28.33"/>
                <vehicle id="cfm-fast_4" pos="35.82" speed="26.53"/>
            </lane>
            <lane id="bottom_1">
                <vehicle id="cfm-fast_1" pos="7.76" speed="50.98"/>
            </lane>
        </edge>
        <edge id="left">
            <lane id="left_0">
                <vehicle id="cfm-fast_0" pos="22.97" speed="29.53"/>
                <vehicle id="cfm-fast_2" pos="45.78" speed="27.68"/>
            </lane>
            <lane id="left_1"/>
        </edge>
        <edge id="right">
            <lane id="right_0">
                <vehicle id="cfm-slow_0" pos="6.45" speed="20.38"/>
                <vehicle id="cfm-slow_1" pos="22.56" speed="20.84"/>
                <vehicle id="cfm-slow_2" pos="39.16" speed="21.84"/>
            </lane>
            <lane id="right_1">
                <vehicle id="cfm-fast_5" pos="22.33" speed="51.41"/>
            </lane>
        </edge>
        <edge id="top">
            <lane id="top_0">
                <vehicle id="cfm-slow_3" pos="6.82" speed="23.66"/>
                <vehicle id="cfm-slow_4" pos="26.37" speed="26.18"/>
                <vehicle id="cfm-slow_5" pos="48.51" speed="28.54"/>
            </lane>
            <lane id="top_1"/>
        </edge>
    </timestep>
    <timestep time="3.78">
        <edge id="bottom">
            <lane id="bottom_0">
                <vehicle id="cfm-fast_3" pos="15.81" speed="28.32"/>
                <vehicle id="cfm-fast_4" pos="36.09" speed="26.50"/>
            </lane>
            <lane id="bottom_1">
                <vehicle id="cfm-fast_1" pos="8.27" speed="51.12"/>
            </lane>
        </edge>
        <edge id="left">
            <lane id="left_0">
                <vehicle id="cfm-fast_0" pos="23.27" speed="29.54"/>
                <vehicle id="cfm-fast_2" pos="46.06" speed="27.69"/>
            </lane>
            <lane id="left_1"/>
        </edge>
        <edge id="right">
            <lane id="right_0">
                <vehicle id="cfm-slow_0" pos="6.66" speed="20.39"/>
                <vehicle id="cfm-slow_1" pos="22.77" speed="20.85"/>
                <vehicle id="cfm-slow_2" pos="39.38" speed="21.87"/>
            </lane>
            <lane id="right_1">
                <vehicle id="cfm-fast_5" pos="22.85" speed="51.55"/>
            </lane>
        </edge>
        <edge id="top">
            <lane id="top_0">
                <vehicle id="cfm-slow_3" pos="7.05" speed="23.69"/>
                <vehicle id="cfm-slow_4" pos="26.63" speed="26.21"/>
                <vehicle id="cfm-slow_5" pos="48.79" speed="28.56"/>
            </lane>
            <lane id="top_1"/>
        </edge>
    </timestep>
    <timestep time="3.79">
        <edge id="bottom">
            <lane id="bottom_0">
                <vehicle id="cfm-fast_3" pos="16.09" speed="28.32"/>
                <vehicle id="cfm-fast_4" pos="36.35" speed="26.47"/>
            </lane>
            <lane id="bottom_1">
                <vehicle id="cfm-fast_1" pos="8.79" speed="51.25"/>
            </lane>
        </edge>
        <edge id="left">
            <lane id="left_0">
                <vehicle id="cfm-fast_0" pos="23.56" speed="29.54"/>
                <vehicle id="cfm-fast_2" pos="46.34" speed="27.71"/>
            </lane>
            <lane id="left_1"/>
        </edge>
        <edge id="right">
            <lane id="right_0">
                <vehicle id="cfm-slow_0" pos="6.86" speed="20.40"/>
                <vehicle id="cfm-slow_1" pos="22.98" speed="20.87"/>
                <vehicle id="cfm-slow_2" pos="39.60" speed="21.89"/>
            </lane>
            <lane id="right_1">
                <vehicle id="cfm-fast_5" pos="23.36" speed="51.68"/>
            </lane>
        </edge>
        <edge id="top">
            <lane id="top_0">
                <vehicle id="cfm-slow_3" pos="7.29" speed="23.72"/>
                <vehicle id="cfm-slow_4" pos="26.89" speed="26.24"/>
                <vehicle id="cfm-slow_5" pos="49.08" speed="28.57"/>
            </lane>
            <lane id="top_1"/>
        </edge>
    </timestep>
    <timestep time="3.80">
        <edge id="bottom">
            <lane id="bottom_0">
                <vehicle id="cfm-fast_3" pos="16.37" speed="28.31"/>
                <vehicle id="cfm-fast_4" pos="36.62" speed="26.44"/>
            </lane>
            <lane id="bottom_1">
                <vehicle id="cfm-fast_1" pos="9.30" speed="51.39"/>
            </lane>
        </edge>
        <edge id="left">
            <lane id="left_0">
                <vehicle id="cfm-fast_0" pos="23.86" speed="29.54"/>
                <vehicle id="cfm-fast_2" pos="46.61" speed="27.72"/>
            </lane>
            <lane id="left_1"/>
        </edge>
        <edge id="right">
            <lane id="right_0">
                <vehicle id="cfm-slow_0" pos="7.07" speed="20.41"/>
                <vehicle id="cfm-slow_1" pos="23.19" speed="20.88"/>
                <vehicle id="cfm-slow_2" pos="39.82" speed="21.91"/>
            </lane>
            <lane id="right_1">
                <vehicle id="cfm-fast_5" pos="23.88" speed="51.82"/>
            </lane>
        </edge>
        <edge id="top">
            <lane id="top_0">
                <vehicle id="cfm-slow_3" pos="7.53" speed="23.75"/>
                <vehicle id="cfm-slow_4" pos="27.16" speed="26.27"/>
                <vehicle id="cfm-slow_5" pos="49.36" speed="28.59"/>
            </lane>
            <lane id="top_1"/>
        </edge>
    </timestep>
    <timestep time="3.81">
        <edge id="bottom">
            <lane id="bottom_0">
                <vehicle id="cfm-fast_3" pos="16.66" speed="28.30"/>
                <vehicle id="cfm-fast_4" pos="36.88" speed="26.42"/>
            </lane>
            <lane id="bottom_1">
                <vehicle id="cfm-fast_1" pos="9.81" speed="51.52"/>
            </lane>
        </edge>
        <edge id="left">
            <lane id="left_0">
                <vehicle id="cfm-fast_0" pos="24.15" speed="29.55"/>
                <vehicle id="cfm-fast_2" pos="46.89" speed="27.74"/>
            </lane>
            <lane id="left_1"/>
        </edge>
        <edge id="right">
            <lane id="right_0">
                <vehicle id="cfm-slow_0" pos="7.27" speed="20.43"/>
                <vehicle id="cfm-slow_1" pos="23.40" speed="20.90"/>
                <vehicle id="cfm-slow_2" pos="40.04" speed="21.94"/>
            </lane>
            <lane id="right_1">
                <vehicle id="cfm-fast_5" pos="24.40" speed="51.95"/>
            </lane>
        </edge>
        <edge id="top">
            <lane id="top_0">
                <vehicle id="cfm-slow_3" pos="7.77" speed="23.78"/>
                <vehicle id="cfm-slow_4" pos="27.42" speed="26.30"/>
                <vehicle id="cfm-slow_5" pos="49.65" speed="28.61"/>
            </lane>
            <lane id="top_1"/>
        </edge>
    </timestep>
    <timestep time="3.82">
        <edge id="bottom">
            <lane id="bottom_0">
                <vehicle id="cfm-fast_3" pos="16.94" speed="28.29"/>
                <vehicle id="cfm-fast_4" pos="37.14" speed="26.39"/>
            </lane>
            <lane id="bottom_1">
                <vehicle id="cfm-fast_1" pos="10.33" speed="51.66"/>
            </lane>
        </edge>
        <edge id="left">
            <lane id="left_0">
                <vehicle id="cfm-fast_0" pos="24.45" speed="29.55"/>
                <vehicle id="cfm-fast_2" pos="47.17" speed="27.75"/>
            </lane>
            <lane id="left_1"/>
        </edge>
        <edge id="right">
            <lane id="right_0">
                <vehicle id="cfm-slow_0" pos="7.47" speed="20.44"/>
                <vehicle id="cfm-slow_1" pos="23.61" speed="20.92"/>
                <vehicle id="cfm-slow_2" pos="40.26" speed="21.96"/>
            </lane>
            <lane id="right_1">
                <vehicle id="cfm-fast_5" pos="24.92" speed="52.09"/>
            </lane>
        </edge>
        <edge id="top">
            <lane id="top_0">
                <vehicle id="cfm-slow_3" pos="8.00" speed="23.82"/>
                <vehicle id="cfm-slow_4" pos="27.68" speed="26.33"/>
                <vehicle id="cfm-slow_5" pos="49.94" speed="28.63"/>
            </lane>
            <lane id="top_1"/>
        </edge>
    </timestep>
    <timestep time="3.83">
        <edge id="bottom">
            <lane id="bottom_0">
                <vehicle id="cfm-fast_3" pos="17.22" speed="28.28"/>
                <vehicle id="cfm-fast_4" pos="37.41" speed="26.36"/>
            </lane>
            <lane id="bottom_1">
                <vehicle id="cfm-fast_1" pos="10.85" speed="51.80"/>
            </lane>
        </edge>
        <edge id="left">
            <lane id="left_0">
                <vehicle id="cfm-slow_5" pos="0.22" speed="28.64"/>
                <vehicle id="cfm-fast_0" pos="24.74" speed="29.56"/>
                <vehicle id="cfm-fast_2" pos="47.45" speed="27.77"/>
            </lane>
            <lane id="left_1"/>
        </edge>
        <edge id="right">
            <lane id="right_0">
                <vehicle id="cfm-slow_0" pos="7.68" speed="20.45"/>
                <vehicle id="cfm-slow_1" pos="23.82" speed="20.93"/>
                <vehicle id="cfm-slow_2" pos="40.48" speed="21.99"/>
            </lane>
            <lane id="right_1">
                <vehicle id="cfm-fast_5" pos="25.44" speed="52.23"/>
            </lane>
        </edge>
        <edge id="top">
            <lane id="top_0">
                <vehicle id="cfm-slow_3" pos="8.24" speed="23.85"/>
                <vehicle id="cfm-slow_4" pos="27.95" speed="26.36"/>
            </lane>
            <lane id="top_1"/>
        </edge>
    </timestep>
    <timestep time="3.84">
        <edge id="bottom">
            <lane id="bottom_0">
                <vehicle id="cfm-fast_3" pos="17.51" speed="28.27"/>
                <vehicle id="cfm-fast_4" pos="37.67" speed="26.33"/>
            </lane>
            <lane id="bottom_1">
                <vehicle id="cfm-fast_1" pos="11.37" speed="51.93"/>
            </lane>
        </edge>
        <edge id="left">
            <lane id="left_0">
                <vehicle id="cfm-slow_5" pos="0.51" speed="28.66"/>
                <vehicle id="cfm-fast_0" pos="25.04" speed="29.56"/>
                <vehicle id="cfm-fast_2" pos="47.72" speed="27.78"/>
            </lane>
            <lane id="left_1"/>
        </edge>
        <edge id="right">
            <lane id="right_0">
                <vehicle id="cfm-slow_0" pos="7.88" speed="20.46"/>
                <vehicle id="cfm-slow_1" pos="24.03" speed="20.95"/>
                <vehicle id="cfm-slow_2" pos="40.70" speed="22.01"/>
            </lane>
            <lane id="right_1">
                <vehicle id="cfm-fast_5" pos="25.97" speed="52.36"/>
            </lane>
        </edge>
        <edge id="top">
            <lane id="top_0">
                <vehicle id="cfm-slow_3" pos="8.48" speed="23.88"/>
                <vehicle id="cfm-slow_4" pos="28.21" speed="26.39"/>
            </lane>
            <lane id="top_1"/>
        </edge>
    </timestep>
    <timestep time="3.85">
        <edge id="bottom">
            <lane id="bottom_0">
                <vehicle id="cfm-fast_3" pos="17.79" speed="28.26"/>
                <vehicle id="cfm-fast_4" pos="37.93" speed="26.31"/>
            </lane>
            <lane id="bottom_1">
                <vehicle id="cfm-fast_1" pos="11.89" speed="52.07"/>
            </lane>
        </edge>
        <edge id="left">
            <lane id="left_0">
                <vehicle id="cfm-slow_5" pos="0.79" speed="28.67"/>
                <vehicle id="cfm-fast_0" pos="25.33" speed="29.56"/>
                <vehicle id="cfm-fast_2" pos="48.00" speed="27.79"/>
            </lane>
            <lane id="left_1"/>
        </edge>
        <edge id="right">
            <lane id="right_0">
                <vehicle id="cfm-slow_0" pos="8.09" speed="20.47"/>
                <vehicle id="cfm-slow_1" pos="24.24" speed="20.97"/>
                <vehicle id="cfm-slow_2" pos="40.92" speed="22.03"/>
            </lane>
            <lane id="right_1">
                <vehicle id="cfm-fast_5" pos="26.49" speed="52.50"/>
            </lane>
        </edge>
        <edge id="top">
            <lane id="top_0">
                <vehicle id="cfm-slow_3" pos="8.72" speed="23.91"/>
                <vehicle id="cfm-slow_4" pos="28.47" speed="26.42"/>
            </lane>
            <lane id="top_1"/>
        </edge>
    </timestep>
    <timestep time="3.86">
        <edge id="bottom">
            <lane id="bottom_0">
                <vehicle id="cfm-fast_3" pos="18.07" speed="28.25"/>
                <vehicle id="cfm-fast_4" pos="38.20" speed="26.28"/>
            </lane>
            <lane id="bottom_1">
                <vehicle id="cfm-fast_1" pos="12.41" speed="52.21"/>
            </lane>
        </edge>
        <edge id="left">
            <lane id="left_0">
                <vehicle id="cfm-slow_5" pos="1.08" speed="28.69"/>
                <vehicle id="cfm-fast_0" pos="25.63" speed="29.56"/>
                <vehicle id="cfm-fast_2" pos="48.28" speed="27.81"/>
            </lane>
            <lane id="left_1"/>
        </edge>
        <edge id="right">
            <lane id="right_0">
                <vehicle id="cfm-slow_0" pos="8.29" speed="20.48"/>
                <vehicle id="cfm-slow_1" pos="24.45" speed="20.98"/>
                <vehicle id="cfm-slow_2" pos="41.14" speed="22.06"/>
            </lane>
            <lane id="right_1">
                <vehicle id="cfm-fast_5" pos="27.02" speed="52.64"/>
            </lane>
        </edge>
        <edge id="top">
            <lane id="top_0">
                <vehicle id="cfm-slow_3" pos="8.96" speed="23.94"/>
                <vehicle id="cfm-slow_4" pos="28.74" speed="26.45"/>
            </lane>
            <lane id="top_1"/>
        </edge>
    </timestep>
    <timestep time="3.87">
        <edge id="bottom">
            <lane id="bottom_0">
                <vehicle id="cfm-fast_3" pos="18.35" speed="28.24"/>
                <vehicle id="cfm-fast_4" pos="38.46" speed="26.25"/>
            </lane>
            <lane id="bottom_1">
                <vehicle id="cfm-fast_1" pos="12.94" speed="52.34"/>
            </lane>
        </edge>
        <edge id="left">
            <lane id="left_0">
                <vehicle id="cfm-slow_5" pos="1.37" speed="28.71"/>
                <vehicle id="cfm-fast_0" pos="25.93" speed="29.57"/>
                <vehicle id="cfm-fast_2" pos="48.56" speed="27.82"/>
            </lane>
            <lane id="left_1"/>
        </edge>
        <edge id="right">
            <lane id="right_0">
                <vehicle id="cfm-slow_0" pos="8.50" speed="20.49"/>
                <vehicle id="cfm-slow_1" pos="24.66" speed="21.00"/>
                <vehicle id="cfm-slow_2" pos="41.36" speed="22.08"/>
            </lane>
            <lane id="right_1">
                <vehicle id="cfm-fast_5" pos="27.55" speed="52.77"/>
            </lane>
        </edge>
        <edge id="top">
            <lane id="top_0">
                <vehicle id="cfm-slow_3" pos="9.20" speed="23.97"/>
                <vehicle id="cfm-slow_4" pos="29.00" speed="26.48"/>
            </lane>
            <lane id="top_1"/>
        </edge>
    </timestep>
    <timestep time="3.88">
        <edge id="bottom">
            <lane id="bottom_0">
                <vehicle id="cfm-fast_3" pos="18.64" speed="28.23"/>
                <vehicle id="cfm-fast_4" pos="38.72" speed="26.22"/>
            </lane>
            <lane id="bottom_1">
                <vehicle id="cfm-fast_1" pos="13.46" speed="52.48"/>
            </lane>
        </edge>
        <edge id="left">
            <lane id="left_0">
                <vehicle id="cfm-slow_5" pos="1.66" speed="28.72"/>
                <vehicle id="cfm-fast_0" pos="26.22" speed="29.57"/>
                <vehicle id="cfm-fast_2" pos="48.84" speed="27.83"/>
            </lane>
            <lane id="left_1"/>
        </edge>
        <edge id="right">
            <lane id="right_0">
                <vehicle id="cfm-slow_0" pos="8.70" speed="20.50"/>
                <vehicle id="cfm-slow_1" pos="24.87" speed="21.01"/>
                <vehicle id="cfm-slow_2" pos="41.58" speed="22.11"/>
            </lane>
            <lane id="right_1">
                <vehicle id="cfm-fast_5" pos="28.07" speed="52.91"/>
            </lane>
        </edge>
        <edge id="top">
            <lane id="top_0">
                <vehicle id="cfm-slow_3" pos="9.44" speed="24.00"/>
                <vehicle id="cfm-slow_4" pos="29.27" speed="26.50"/>
            </lane>
            <lane id="top_1"/>
        </edge>
    </timestep>
    <timestep time="3.89">
        <edge id="bottom">
            <lane id="bottom_0">
                <vehicle id="cfm-fast_3" pos="18.92" speed="28.22"/>
                <vehicle id="cfm-fast_4" pos="38.98" speed="26.20"/>
            </lane>
            <lane id="bottom_1">
                <vehicle id="cfm-fast_1" pos="13.99" speed="52.62"/>
            </lane>
        </edge>
        <edge id="left">
            <lane id="left_0">
                <vehicle id="cfm-slow_5" pos="1.94" speed="28.74"/>
                <vehicle id="cfm-fast_0" pos="26.52" speed="29.57"/>
                <vehicle id="cfm-fast_2" pos="49.12" speed="27.85"/>
            </lane>
            <lane id="left_1"/>
        </edge>
        <edge id="right">
            <lane id="right_0">
                <vehicle id="cfm-slow_0" pos="8.91" speed="20.51"/>
                <vehicle id="cfm-slow_1" pos="25.08" speed="21.03"/>
                <vehicle id="cfm-slow_2" pos="41.80" speed="22.13"/>
            </lane>
            <lane id="right_1">
                <vehicle id="cfm-fast_5" pos="28.61" speed="53.05"/>
            </lane>
        </edge>
        <edge id="top">
            <lane id="top_0">
                <vehicle id="cfm-slow_3" pos="9.68" speed="24.03"/>
                <vehicle id="cfm-slow_4" pos="29.53" speed="26.53"/>
            </lane>
            <lane id="top_1"/>
        </edge>
    </timestep>
    <timestep time="3.90">
        <edge id="bottom">
            <lane id="bottom_0">
                <vehicle id="cfm-fast_3" pos="19.20" speed="28.21"/>
                <vehicle id="cfm-fast_4" pos="39.25" speed="26.17"/>
            </lane>
            <lane id="bottom_1">
                <vehicle id="cfm-fast_1" pos="14.51" speed="52.75"/>
            </lane>
        </edge>
        <edge id="left">
            <lane id="left_0">
                <vehicle id="cfm-slow_5" pos="2.23" speed="28.75"/>
                <vehicle id="cfm-fast_0" pos="26.81" speed="29.58"/>
                <vehicle id="cfm-fast_2" pos="49.39" speed="27.86"/>
            </lane>
            <lane id="left_1"/>
        </edge>
        <edge id="right">
            <lane id="right_0">
                <vehicle id="cfm-slow_0" pos="9.11" speed="20.52"/>
                <vehicle id="cfm-slow_1" pos="25.29" speed="21.05"/>
                <vehicle id="cfm-slow_2" pos="42.02" speed="22.15"/>
            </lane>
            <lane id="right_1">
                <vehicle id="cfm-fast_5" pos="29.14" speed="53.18"/>
            </lane>
        </edge>
        <edge id="top">
            <lane id="top_0">
                <vehicle id="cfm-slow_3" pos="9.92" speed="24.06"/>
                <vehicle id="cfm-slow_4" pos="29.80" speed="26.56"/>
            </lane>
            <lane id="top_1"/>
        </edge>
    </timestep>
    <timestep time="3.91">
        <edge id="bottom">
            <lane id="bottom_0">
                <vehicle id="cfm-fast_3" pos="19.48" speed="28.20"/>
                <vehicle id="cfm-fast_4" pos="39.51" speed="26.14"/>
            </lane>
            <lane id="bottom_1">
                <vehicle id="cfm-fast_1" pos="15.04" speed="52.89"/>
            </lane>
        </edge>
        <edge id="left">
            <lane id="left_0">
                <vehicle id="cfm-slow_5" pos="2.52" speed="28.77"/>
                <vehicle id="cfm-fast_0" pos="27.11" speed="29.58"/>
                <vehicle id="cfm-fast_2" pos="49.67" speed="27.87"/>
            </lane>
            <lane id="left_1"/>
        </edge>
        <edge id="right">
            <lane id="right_0">
                <vehicle id="cfm-slow_0" pos="9.32" speed="20.53"/>
                <vehicle id="cfm-slow_1" pos="25.50" speed="21.06"/>
                <vehicle id="cfm-slow_2" pos="42.24" speed="22.18"/>
            </lane>
            <lane id="right_1">
                <vehicle id="cfm-fast_5" pos="29.67" speed="53.32"/>
            </lane>
        </edge>
        <edge id="top">
            <lane id="top_0">
                <vehicle id="cfm-slow_3" pos="10.16" speed="24.09"/>
                <vehicle id="cfm-slow_4" pos="30.07" speed="26.59"/>
            </lane>
            <lane id="top_1"/>
        </edge>
    </timestep>
    <timestep time="3.92">
        <edge id="bottom">
            <lane id="bottom_0">
                <vehicle id="cfm-fast_3" pos="19.76" speed="28.19"/>
                <vehicle id="cfm-fast_4" pos="39.77" speed="26.12"/>
            </lane>
            <lane id="bottom_1">
                <vehicle id="cfm-fast_1" pos="15.57" speed="53.02"/>
            </lane>
        </edge>
        <edge id="left">
            <lane id="left_0">
                <vehicle id="cfm-slow_5" pos="2.81" speed="28.78"/>
                <vehicle id="cfm-fast_0" pos="27.40" speed="29.58"/>
                <vehicle id="cfm-fast_2" pos="49.95" speed="27.88"/>
            </lane>
            <lane id="left_1"/>
        </edge>
        <edge id="right">
            <lane id="right_0">
                <vehicle id="cfm-slow_0" pos="9.52" speed="20.54"/>
                <vehicle id="cfm-slow_1" pos="25.71" speed="21.08"/>
                <vehicle id="cfm-slow_2" pos="42.46" speed="22.20"/>
            </lane>
            <lane id="right_1">
                <vehicle id="cfm-fast_5" pos="30.20" speed="53.45"/>
            </lane>
        </edge>
        <edge id="top">
            <lane id="top_0">
                <vehicle id="cfm-slow_3" pos="10.40" speed="24.12"/>
                <vehicle id="cfm-slow_4" pos="30.33" speed="26.62"/>
            </lane>
            <lane id="top_1"/>
        </edge>
    </timestep>
    <timestep time="3.93">
        <edge id="bottom">
            <lane id="bottom_0">
                <vehicle id="cfm-fast_2" pos="0.23" speed="27.89"/>
                <vehicle id="cfm-fast_3" pos="20.05" speed="28.18"/>
                <vehicle id="cfm-fast_4" pos="40.03" speed="26.09"/>
            </lane>
            <lane id="bottom_1">
                <vehicle id="cfm-fast_1" pos="16.10" speed="53.16"/>
            </lane>
        </edge>
        <edge id="left">
            <lane id="left_0">
                <vehicle id="cfm-slow_5" pos="3.09" speed="28.80"/>
                <vehicle id="cfm-fast_0" pos="27.70" speed="29.58"/>
            </lane>
            <lane id="left_1"/>
        </edge>
        <edge id="right">
            <lane id="right_0">
                <vehicle id="cfm-slow_0" pos="9.73" speed="20.55"/>
                <vehicle id="cfm-slow_1" pos="25.92" speed="21.10"/>
                <vehicle id="cfm-slow_2" pos="42.69" speed="22.23"/>
            </lane>
            <lane id="right_1">
                <vehicle id="cfm-fast_5" pos="30.74" speed="53.59"/>
            </lane>
        </edge>
        <edge id="top">
            <lane id="top_0">
                <vehicle id="cfm-slow_3" pos="10.64" speed="24.15"/>
                <vehicle id="cfm-slow_4" pos="30.60" speed="26.64"/>
            </lane>
            <lane id="top_1"/>
        </edge>
    </timestep>
    <timestep time="3.94">
        <edge id="bottom">
            <lane id="bottom_0">
                <vehicle id="cfm-fast_2" pos="0.51" speed="27.90"/>
                <vehicle id="cfm-fast_3" pos="20.33" speed="28.17"/>
                <vehicle id="cfm-fast_4" pos="40.29" speed="26.06"/>
            </lane>
            <lane id="bottom_1">
                <vehicle id="cfm-fast_1" pos="16.64" speed="53.30"/>
            </lane>
        </edge>
        <edge id="left">
            <lane id="left_0">
                <vehicle id="cfm-slow_5" pos="3.38" speed="28.81"/>
                <vehicle id="cfm-fast_0" pos="28.00" speed="29.59"/>
            </lane>
            <lane id="left_1"/>
        </edge>
        <edge id="right">
            <lane id="right_0">
                <vehicle id="cfm-slow_0" pos="9.94" speed="20.56"/>
                <vehicle id="cfm-slow_1" pos="26.13" speed="21.11"/>
                <vehicle id="cfm-slow_2" pos="42.91" speed="22.25"/>
            </lane>
            <lane id="right_1">
                <vehicle id="cfm-fast_5" pos="31.28" speed="53.73"/>
            </lane>
        </edge>
        <edge id="top">
            <lane id="top_0">
                <vehicle id="cfm-slow_3" pos="10.89" speed="24.18"/>
                <vehicle id="cfm-slow_4" pos="30.87" speed="26.67"/>
            </lane>
            <lane id="top_1"/>
        </edge>
    </timestep>
    <timestep time="3.95">
        <edge id="bottom">
            <lane id="bottom_0">
                <vehicle id="cfm-fast_2" pos="0.79" speed="27.91"/>
                <vehicle id="cfm-fast_3" pos="20.61" speed="28.15"/>
                <vehicle id="cfm-fast_4" pos="40.55" speed="26.04"/>
            </lane>
            <lane id="bottom_1">
                <vehicle id="cfm-fast_1" pos="17.17" speed="53.43"/>
            </lane>
        </edge>
        <edge id="left">
            <lane id="left_0">
                <vehicle id="cfm-slow_5" pos="3.67" speed="28.83"/>
                <vehicle id="cfm-fast_0" pos="28.29" speed="29.59"/>
            </lane>
            <lane id="left_1"/>
        </edge>
        <edge id="right">
            <lane id="right_0">
                <vehicle id="cfm-slow_0" pos="10.14" speed="20.58"/>
                <vehicle id="cfm-slow_1" pos="26.34" speed="21.13"/>
                <vehicle id="cfm-slow_2" pos="43.13" speed="22.27"/>
            </lane>
            <lane id="right_1">
                <vehicle id="cfm-fast_5" pos="31.82" speed="53.86"/>
            </lane>
        </edge>
        <edge id="top">
            <lane id="top_0">
                <vehicle id="cfm-slow_3" pos="11.13" speed="24.21"/>
                <vehicle id="cfm-slow_4" pos="31.13" speed="26.70"/>
            </lane>
            <lane id="top_1"/>
        </edge>
    </timestep>
    <timestep time="3.96">
        <edge id="bottom">
            <lane id="bottom_0">
                <vehicle id="cfm-fast_2" pos="1.07" speed="27.92"/>
                <vehicle id="cfm-fast_3" pos="20.89" speed="28.14"/>
                <vehicle id="cfm-fast_4" pos="40.81" speed="26.01"/>
            </lane>
            <lane id="bottom_1">
                <vehicle id="cfm-fast_1" pos="17.71" speed="53.57"/>
            </lane>
        </edge>
        <edge id="left">
            <lane id="left_0">
                <vehicle id="cfm-slow_5" pos="3.96" speed="28.84"/>
                <vehicle id="cfm-fast_0" pos="28.59" speed="29.59"/>
            </lane>
            <lane id="left_1"/>
        </edge>
        <edge id="right">
            <lane id="right_0">
                <vehicle id="cfm-slow_0" pos="10.35" speed="20.59"/>
                <vehicle id="cfm-slow_1" pos="26.55" speed="21.14"/>
                <vehicle id="cfm-slow_2" pos="43.36" speed="22.30"/>
            </lane>
            <lane id="right_1">
                <vehicle id="cfm-fast_5" pos="32.36" speed="54.00"/>
            </lane>
        </edge>
        <edge id="top">
            <lane id="top_0">
                <vehicle id="cfm-slow_3" pos="11.37" speed="24.24"/>
                <vehicle id="cfm-slow_4" pos="31.40" speed="26.73"/>
            </lane>
            <lane id="top_1"/>
        </edge>
    </timestep>
    <timestep time="3.97">
        <edge id="bottom">
            <lane id="bottom_0">
                <vehicle id="cfm-fast_2" pos="1.35" speed="27.93"/>
                <vehicle id="cfm-fast_3" pos="21.17" speed="28.13"/>
                <vehicle id="cfm-fast_4" pos="41.07" speed="25.98"/>
            </lane>
            <lane id="bottom_1">
                <vehicle id="cfm-fast_1" pos="18.24" speed="53.71"/>
            </lane>
        </edge>
        <edge id="left">
            <lane id="left_0">
                <vehicle id="cfm-slow_5" pos="4.25" speed="28.85"/>
                <vehicle id="cfm-fast_0" pos="28.88" speed="29.59"/>
            </lane>
            <lane id="left_1"/>
        </edge>
        <edge id="right">
            <lane id="right_0">
                <vehicle id="cfm-slow_0" pos="10.55" speed="20.60"/>
                <vehicle id="cfm-slow_1" pos="26.77" speed="21.16"/>
                <vehicle id="cfm-slow_2" pos="43.58" speed="22.32"/>
            </lane>
            <lane id="right_1">
                <vehicle id="cfm-fast_5" pos="32.90" speed="54.14"/>
            </lane>
        </edge>
        <edge id="top">
            <lane id="top_0">
                <vehicle id="cfm-slow_3" pos="11.61" speed="24.27"/>
                <vehicle id="cfm-slow_4" pos="31.67" speed="26.75"/>
            </lane>
            <lane id="top_1"/>
        </edge>
    </timestep>
    <timestep time="3.98">
        <edge id="bottom">
            <lane id="bottom_0">
                <vehicle id="cfm-fast_2" pos="1.63" speed="27.94"/>
                <vehicle id="cfm-fast_3" pos="21.45" speed="28.12"/>
                <vehicle id="cfm-fast_4" pos="41.33" speed="25.96"/>
            </lane>
            <lane id="bottom_1">
                <vehicle id="cfm-fast_1" pos="18.78" speed="53.84"/>
            </lane>
        </edge>
        <edge id="left">
            <lane id="left_0">
                <vehicle id="cfm-slow_5" pos="4.54" speed="28.87"/>
                <vehicle id="cfm-fast_0" pos="29.18" speed="29.59"/>
            </lane>
            <lane id="left_1"/>
        </edge>
        <edge id="right">
            <lane id="right_0">
                <vehicle id="cfm-slow_0" pos="10.76" speed="20.61"/>
                <vehicle id="cfm-slow_1" pos="26.98" speed="21.18"/>
                <vehicle id="cfm-slow_2" pos="43.80" speed="22.35"/>
            </lane>
            <lane id="right_1">
                <vehicle id="cfm-fast_5" pos="33.44" speed="54.27"/>
            </lane>
        </edge>
        <edge id="top">
            <lane id="top_0">
                <vehicle id="cfm-slow_3" pos="11.86" speed="24.30"/>
                <vehicle id="cfm-slow_4" pos="31.93" speed="26.78"/>
            </lane>
            <lane id="top_1"/>
        </edge>
    </timestep>
    <timestep time="3.99">
        <edge id="bottom">
            <lane id="bottom_0">
                <vehicle id="cfm-fast_2" pos="1.91" speed="27.95"/>
                <vehicle id="cfm-fast_3" pos="21.73" speed="28.10"/>
                <vehicle id="cfm-fast_4" pos="41.59" speed="25.93"/>
            </lane>
            <lane id="bottom_1">
                <vehicle id="cfm-fast_1" pos="19.32" speed="53.98"/>
            </lane>
        </edge>
        <edge id="left">
            <lane id="left_0">
                <vehicle id="cfm-slow_5" pos="4.83" speed="28.88"/>
                <vehicle id="cfm-fast_0" pos="29.48" speed="29.60"/>
            </lane>
            <lane id="left_1"/>
        </edge>
        <edge id="right">
            <lane id="right_0">
                <vehicle id="cfm-slow_0" pos="10.96" speed="20.62"/>
                <vehicle id="cfm-slow_1" pos="27.19" speed="21.19"/>
                <vehicle id="cfm-slow_2" pos="44.03" speed="22.37"/>
            </lane>
            <lane id="right_1">
                <vehicle id="cfm-fast_5" pos="33.98" speed="54.41"/>
            </lane>
        </edge>
        <edge id="top">
            <lane id="top_0">
                <vehicle id="cfm-slow_3" pos="12.10" speed="24.33"/>
                <vehicle id="cfm-slow_4" pos="32.20" speed="26.81"/>
            </lane>
            <lane id="top_1"/>
        </edge>
    </timestep>
    <timestep time="4.00">
        <edge id="bottom">
            <lane id="bottom_0">
                <vehicle id="cfm-fast_2" pos="2.19" speed="27.96"/>
                <vehicle id="cfm-fast_3" pos="22.01" speed="28.09"/>
                <vehicle id="cfm-fast_4" pos="41.85" speed="25.91"/>
            </lane>
            <lane id="bottom_1">
                <vehicle id="cfm-fast_1" pos="19.86" speed="54.12"/>
            </lane>
        </edge>
        <edge id="left">
            <lane id="left_0">
                <vehicle id="cfm-slow_5" pos="5.11" speed="28.89"/>
                <vehicle id="cfm-fast_0" pos="29.77" speed="29.60"/>
            </lane>
            <lane id="left_1"/>
        </edge>
        <edge id="right">
            <lane id="right_0">
                <vehicle id="cfm-slow_0" pos="11.17" speed="20.63"/>
                <vehicle id="cfm-slow_1" pos="27.40" speed="21.21"/>
                <vehicle id="cfm-slow_2" pos="44.25" speed="22.40"/>
            </lane>
            <lane id="right_1">
                <vehicle id="cfm-fast_5" pos="34.53" speed="54.55"/>
            </lane>
        </edge>
        <edge id="top">
            <lane id="top_0">
                <vehicle id="cfm-slow_3" pos="12.34" speed="24.36"/>
                <vehicle id="cfm-slow_4" pos="32.47" speed="26.83"/>
            </lane>
            <lane id="top_1"/>
        </edge>
    </timestep>
    <timestep time="4.01">
        <edge id="bottom">
            <lane id="bottom_0">
                <vehicle id="cfm-fast_2" pos="2.47" speed="27.97"/>
                <vehicle id="cfm-fast_3" pos="22.30" speed="28.08"/>
                <vehicle id="cfm-fast_4" pos="42.11" speed="25.88"/>
            </lane>
            <lane id="bottom_1">
                <vehicle id="cfm-fast_1" pos="20.41" speed="54.25"/>
            </lane>
        </edge>
        <edge id="left">
            <lane id="left_0">
                <vehicle id="cfm-slow_5" pos="5.40" speed="28.91"/>
                <vehicle id="cfm-fast_0" pos="30.07" speed="29.60"/>
            </lane>
            <lane id="left_1"/>
        </edge>
        <edge id="right">
            <lane id="right_0">
                <vehicle id="cfm-slow_0" pos="11.38" speed="20.64"/>
                <vehicle id="cfm-slow_1" pos="27.61" speed="21.23"/>
                <vehicle id="cfm-slow_2" pos="44.47" speed="22.42"/>
            </lane>
            <lane id="right_1">
                <vehicle id="cfm-fast_5" pos="35.08" speed="54.68"/>
            </lane>
        </edge>
        <edge id="top">
            <lane id="top_0">
                <vehicle id="cfm-slow_3" pos="12.59" speed="24.39"/>
                <vehicle id="cfm-slow_4" pos="32.74" speed="26.86"/>
            </lane>
            <lane id="top_1"/>
        </edge>
    </timestep>
    <timestep time="4.02">
        <edge id="bottom">
            <lane id="bottom_0">
                <vehicle id="cfm-fast_2" pos="2.75" speed="27.98"/>
                <vehicle id="cfm-fast_3" pos="22.58" speed="28.07"/>
                <vehicle id="cfm-fast_4" pos="42.37" speed="25.85"/>
            </lane>
            <lane id="bottom_1">
                <vehicle id="cfm-fast_1" pos="20.95" speed="54.39"/>
            </lane>
        </edge>
        <edge id="left">
            <lane id="left_0">
                <vehicle id="cfm-slow_5" pos="5.69" speed="28.92"/>
                <vehicle id="cfm-fast_0" pos="30.36" speed="29.60"/>
            </lane>
            <lane id="left_1"/>
        </edge>
        <edge id="right">
            <lane id="right_0">
                <vehicle id="cfm-slow_0" pos="11.58" speed="20.65"/>
                <vehicle id="cfm-slow_1" pos="27.83" speed="21.24"/>
                <vehicle id="cfm-slow_2" pos="44.70" speed="22.44"/>
            </lane>
            <lane id="right_1">
                <vehicle id="cfm-fast_5" pos="35.63" speed="54.82"/>
            </lane>
        </edge>
        <edge id="top">
            <lane id="top_0">
                <vehicle id="cfm-slow_3" pos="12.83" speed="24.42"/>
                <vehicle id="cfm-slow_4" pos="33.01" speed="26.88"/>
            </lane>
            <lane id="top_1"/>
        </edge>
    </timestep>
    <timestep time="4.03">
        <edge id="bottom">
            <lane id="bottom_0">
                <vehicle id="cfm-fast_2" pos="3.03" speed="27.99"/>
                <vehicle id="cfm-fast_3" pos="22.86" speed="28.05"/>
                <vehicle id="cfm-fast_4" pos="42.62" speed="25.83"/>
            </lane>
            <lane id="bottom_1">
                <vehicle id="cfm-fast_1" pos="21.50" speed="54.52"/>
            </lane>
        </edge>
        <edge id="left">
            <lane id="left_0">
                <vehicle id="cfm-slow_5" pos="5.98" speed="28.93"/>
                <vehicle id="cfm-fast_0" pos="30.66" speed="29.60"/>
            </lane>
            <lane id="left_1"/>
        </edge>
        <edge id="right">
            <lane id="right_0">
                <vehicle id="cfm-slow_0" pos="11.79" speed="20.66"/>
                <vehicle id="cfm-slow_1" pos="28.04" speed="21.26"/>
                <vehicle id="cfm-slow_2" pos="44.92" speed="22.47"/>
            </lane>
            <lane id="right_1">
                <vehicle id="cfm-fast_5" pos="36.17" speed="54.95"/>
            </lane>
        </edge>
        <edge id="top">
            <lane id="top_0">
                <vehicle id="cfm-slow_3" pos="13.07" speed="24.45"/>
                <vehicle id="cfm-slow_4" pos="33.28" speed="26.91"/>
            </lane>
            <lane id="top_1"/>
        </edge>
    </timestep>
    <timestep time="4.04">
        <edge id="bottom">
            <lane id="bottom_0">
                <vehicle id="cfm-fast_2" pos="3.31" speed="28.00"/>
                <vehicle id="cfm-fast_3" pos="23.14" speed="28.04"/>
                <vehicle id="cfm-fast_4" pos="42.88" speed="25.80"/>
            </lane>
            <lane id="bottom_1">
                <vehicle id="cfm-fast_1" pos="22.04" speed="54.66"/>
            </lane>
        </edge>
        <edge id="left">
            <lane id="left_0">
                <vehicle id="cfm-slow_5" pos="6.27" speed="28.95"/>
                <vehicle id="cfm-fast_0" pos="30.96" speed="29.60"/>
            </lane>
            <lane id="left_1"/>
        </edge>
        <edge id="right">
            <lane id="right_0">
                <vehicle id="cfm-slow_0" pos="12.00" speed="20.67"/>
                <vehicle id="cfm-slow_1" pos="28.25" speed="21.28"/>
                <vehicle id="cfm-slow_2" pos="45.15" speed="22.49"/>
            </lane>
            <lane id="right_1">
                <vehicle id="cfm-fast_5" pos="36.73" speed="55.09"/>
            </lane>
        </edge>
        <edge id="top">
            <lane id="top_0">
                <vehicle id="cfm-slow_3" pos="13.32" speed="24.48"/>
                <vehicle id="cfm-slow_4" pos="33.55" speed="26.93"/>
            </lane>
            <lane id="top_1"/>
        </edge>
    </timestep>
    <timestep time="4.05">
        <edge id="bottom">
            <lane id="bottom_0">
                <vehicle id="cfm-fast_2" pos="3.59" speed="28.01"/>
                <vehicle id="cfm-fast_3" pos="23.42" speed="28.02"/>
                <vehicle id="cfm-fast_4" pos="43.14" speed="25.78"/>
            </lane>
            <lane id="bottom_1">
                <vehicle id="cfm-fast_1" pos="22.59" speed="54.80"/>
            </lane>
        </edge>
        <edge id="left">
            <lane id="left_0">
                <vehicle id="cfm-slow_5" pos="6.56" speed="28.96"/>
                <vehicle id="cfm-fast_0" pos="31.25" speed="29.61"/>
            </lane>
            <lane id="left_1"/>
        </edge>
        <edge id="right">
            <lane id="right_0">
                <vehicle id="cfm-slow_0" pos="12.20" speed="20.68"/>
                <vehicle id="cfm-slow_1" pos="28.46" speed="21.29"/>
                <vehicle id="cfm-slow_2" pos="45.37" speed="22.52"/>
            </lane>
            <lane id="right_1">
                <vehicle id="cfm-fast_5" pos="37.28" speed="55.23"/>
            </lane>
        </edge>
        <edge id="top">
            <lane id="top_0">
                <vehicle id="cfm-slow_3" pos="13.56" speed="24.50"/>
                <vehicle id="cfm-slow_4" pos="33.82" speed="26.96"/>
            </lane>
            <lane id="top_1"/>
        </edge>
    </timestep>
    <timestep time="4.06">
        <edge id="bottom">
            <lane id="bottom_0">
                <vehicle id="cfm-fast_2" pos="3.87" speed="28.01"/>
                <vehicle id="cfm-fast_3" pos="23.70" speed="28.01"/>
                <vehicle id="cfm-fast_4" pos="43.40" speed="25.75"/>
            </lane>
            <lane id="bottom_1">
                <vehicle id="cfm-fast_1" pos="23.14" speed="54.93"/>
            </lane>
        </edge>
        <edge id="left">
            <lane id="left_0">
                <vehicle id="cfm-slow_5" pos="6.85" speed="28.97"/>
                <vehicle id="cfm-fast_0" pos="31.55" speed="29.61"/>
            </lane>
            <lane id="left_1"/>
        </edge>
        <edge id="right">
            <lane id="right_0">
                <vehicle id="cfm-slow_0" pos="12.41" speed="20.69"/>
                <vehicle id="cfm-slow_1" pos="28.68" speed="21.31"/>
                <vehicle id="cfm-slow_2" pos="45.60" speed="22.54"/>
            </lane>
            <lane id="right_1">
                <vehicle id="cfm-fast_5" pos="37.83" speed="55.36"/>
            </lane>
        </edge>
        <edge id="top">
            <lane id="top_0">
                <vehicle id="cfm-slow_3" pos="13.81" speed="24.53"/>
                <vehicle id="cfm-slow_4" pos="34.09" speed="26.99"/>
            </lane>
            <lane id="top_1"/>
        </edge>
    </timestep>
    <timestep time="4.07">
        <edge id="bottom">
            <lane id="bottom_0">
                <vehicle id="cfm-fast_2" pos="4.15" speed="28.02"/>
                <vehicle id="cfm-fast_3" pos="23.98" speed="28.00"/>
                <vehicle id="cfm-fast_4" pos="43.65" speed="25.73"/>
            </lane>
            <lane id="bottom_1">
                <vehicle id="cfm-fast_1" pos="23.69" speed="55.07"/>
            </lane>
        </edge>
        <edge id="left">
            <lane id="left_0">
                <vehicle id="cfm-slow_5" pos="7.14" speed="28.98"/>
                <vehicle id="cfm-fast_0" pos="31.84" speed="29.61"/>
            </lane>
            <lane id="left_1"/>
        </edge>
        <edge id="right">
            <lane id="right_0">
                <vehicle id="cfm-slow_0" pos="12.62" speed="20.70"/>
                <vehicle id="cfm-slow_1" pos="28.89" speed="21.33"/>
                <vehicle id="cfm-slow_2" pos="45.82" speed="22.56"/>
            </lane>
            <lane id="right_1">
                <vehicle id="cfm-fast_5" pos="38.39" speed="55.50"/>
            </lane>
        </edge>
        <edge id="top">
            <lane id="top_0">
                <vehicle id="cfm-slow_3" pos="14.06" speed="24.56"/>
                <vehicle id="cfm-slow_4" pos="34.36" speed="27.01"/>
            </lane>
            <lane id="top_1"/>
        </edge>
    </timestep>
    <timestep time="4.08">
        <edge id="bottom">
            <lane id="bottom_0">
                <vehicle id="cfm-fast_2" pos="4.43" speed="28.03"/>
                <vehicle id="cfm-fast_3" pos="24.26" speed="27.98"/>
                <vehicle id="cfm-fast_4" pos="43.91" speed="25.70"/>
            </lane>
            <lane id="bottom_1">
                <vehicle id="cfm-fast_1" pos="24.24" speed="55.21"/>
            </lane>
        </edge>
        <edge id="left">
            <lane id="left_0">
                <vehicle id="cfm-slow_5" pos="7.43" speed="29.00"/>
                <vehicle id="cfm-fast_0" pos="32.14" speed="29.61"/>
            </lane>
            <lane id="left_1"/>
        </edge>
        <edge id="right">
            <lane id="right_0">
                <vehicle id="cfm-slow_0" pos="12.83" speed="20.72"/>
                <vehicle id="cfm-slow_1" pos="29.10" speed="21.34"/>
                <vehicle id="cfm-slow_2" pos="46.05" speed="22.59"/>
            </lane>
            <lane id="right_1">
                <vehicle id="cfm-fast_5" pos="38.94" speed="55.64"/>
            </lane>
        </edge>
        <edge id="top">
            <lane id="top_0">
                <vehicle id="cfm-slow_3" pos="14.30" speed="24.59"/>
                <vehicle id="cfm-slow_4" pos="34.63" speed="27.04"/>
            </lane>
            <lane id="top_1"/>
        </edge>
    </timestep>
    <timestep time="4.09">
        <edge id="bottom">
            <lane id="bottom_0">
                <vehicle id="cfm-fast_2" pos="4.71" speed="28.03"/>
                <vehicle id="cfm-fast_3" pos="24.54" speed="27.97"/>
                <vehicle id="cfm-fast_4" pos="44.17" speed="25.68"/>
            </lane>
            <lane id="bottom_1">
                <vehicle id="cfm-fast_1" pos="24.80" speed="55.34"/>
            </lane>
        </edge>
        <edge id="left">
            <lane id="left_0">
                <vehicle id="cfm-slow_5" pos="7.72" speed="29.01"/>
                <vehicle id="cfm-fast_0" pos="32.44" speed="29.61"/>
            </lane>
            <lane id="left_1"/>
        </edge>
        <edge id="right">
            <lane id="right_0">
                <vehicle id="cfm-slow_0" pos="13.03" speed="20.73"/>
                <vehicle id="cfm-slow_1" pos="29.32" speed="21.36"/>
                <vehicle id="cfm-slow_2" pos="46.28" speed="22.61"/>
            </lane>
            <lane id="right_1">
                <vehicle id="cfm-fast_5" pos="39.50" speed="55.77"/>
            </lane>
        </edge>
        <edge id="top">
            <lane id="top_0">
                <vehicle id="cfm-slow_3" pos="14.55" speed="24.62"/>
                <vehicle id="cfm-slow_4" pos="34.90" speed="27.06"/>
            </lane>
            <lane id="top_1"/>
        </edge>
    </timestep>
    <timestep time="4.10">
        <edge id="bottom">
            <lane id="bottom_0">
                <vehicle id="cfm-fast_2" pos="4.99" speed="28.04"/>
                <vehicle id="cfm-fast_3" pos="24.82" speed="27.95"/>
                <vehicle id="cfm-fast_4" pos="44.42" speed="25.65"/>
            </lane>
            <lane id="bottom_1">
                <vehicle id="cfm-fast_1" pos="25.35" speed="55.48"/>
            </lane>
        </edge>
        <edge id="left">
            <lane id="left_0">
                <vehicle id="cfm-slow_5" pos="8.01" speed="29.02"/>
                <vehicle id="cfm-fast_0" pos="32.73" speed="29.61"/>
            </lane>
            <lane id="left_1"/>
        </edge>
        <edge id="right">
            <lane id="right_0">
                <vehicle id="cfm-slow_0" pos="13.24" speed="20.74"/>
                <vehicle id="cfm-slow_1" pos="29.53" speed="21.38"/>
                <vehicle id="cfm-slow_2" pos="46.50" speed="22.64"/>
            </lane>
            <lane id="right_1">
                <vehicle id="cfm-fast_5" pos="40.06" speed="55.91"/>
            </lane>
        </edge>
        <edge id="top">
            <lane id="top_0">
                <vehicle id="cfm-slow_3" pos="14.79" speed="24.65"/>
                <vehicle id="cfm-slow_4" pos="35.17" speed="27.09"/>
            </lane>
            <lane id="top_1"/>
        </edge>
    </timestep>
    <timestep time="4.11">
        <edge id="bottom">
            <lane id="bottom_0">
                <vehicle id="cfm-fast_2" pos="5.27" speed="28.05"/>
                <vehicle id="cfm-fast_3" pos="25.10" speed="27.94"/>
                <vehicle id="cfm-fast_4" pos="44.68" speed="25.63"/>
            </lane>
            <lane id="bottom_1">
                <vehicle id="cfm-fast_1" pos="25.91" speed="55.62"/>
            </lane>
        </edge>
        <edge id="left">
            <lane id="left_0">
                <vehicle id="cfm-slow_5" pos="8.30" speed="29.03"/>
                <vehicle id="cfm-fast_0" pos="33.03" speed="29.61"/>
            </lane>
            <lane id="left_1"/>
        </edge>
        <edge id="right">
            <lane id="right_0">
                <vehicle id="cfm-slow_0" pos="13.45" speed="20.75"/>
                <vehicle id="cfm-slow_1" pos="29.75" speed="21.39"/>
                <vehicle id="cfm-slow_2" pos="46.73" speed="22.66"/>
            </lane>
            <lane id="right_1">
                <vehicle id="cfm-fast_5" pos="40.62" speed="56.05"/>
            </lane>
        </edge>
        <edge id="top">
            <lane id="top_0">
                <vehicle id="cfm-slow_3" pos="15.04" speed="24.68"/>
                <vehicle id="cfm-slow_4" pos="35.44" speed="27.11"/>
            </lane>
            <lane id="top_1"/>
        </edge>
    </timestep>
    <timestep time="4.12">
        <edge id="bottom">
            <lane id="bottom_0">
                <vehicle id="cfm-fast_2" pos="5.55" speed="28.05"/>
                <vehicle id="cfm-fast_3" pos="25.37" speed="27.92"/>
                <vehicle id="cfm-fast_4" pos="44.94" speed="25.60"/>
            </lane>
            <lane id="bottom_1">
                <vehicle id="cfm-fast_1" pos="26.46" speed="55.75"/>
            </lane>
        </edge>
        <edge id="left">
            <lane id="left_0">
                <vehicle id="cfm-slow_5" pos="8.59" speed="29.04"/>
                <vehicle id="cfm-fast_0" pos="33.32" speed="29.61"/>
            </lane>
            <lane id="left_1"/>
        </edge>
        <edge id="right">
            <lane id="right_0">
                <vehicle id="cfm-slow_0" pos="13.66" speed="20.76"/>
                <vehicle id="cfm-slow_1" pos="29.96" speed="21.41"/>
                <vehicle id="cfm-slow_2" pos="46.96" speed="22.69"/>
            </lane>
            <lane id="right_1">
                <vehicle id="cfm-fast_5" pos="41.18" speed="56.18"/>
            </lane>
        </edge>
        <edge id="top">
            <lane id="top_0">
                <vehicle id="cfm-slow_3" pos="15.29" speed="24.71"/>
                <vehicle id="cfm-slow_4" pos="35.71" speed="27.13"/>
            </lane>
            <lane id="top_1"/>
        </edge>
    </timestep>
    <timestep time="4.13">
        <edge id="bottom">
            <lane id="bottom_0">
                <vehicle id="cfm-fast_2" pos="5.83" speed="28.06"/>
                <vehicle id="cfm-fast_3" pos="25.65" speed="27.91"/>
                <vehicle id="cfm-fast_4" pos="45.19" speed="25.58"/>
            </lane>
            <lane id="bottom_1">
                <vehicle id="cfm-fast_1" pos="27.02" speed="55.89"/>
            </lane>
        </edge>
        <edge id="left">
            <lane id="left_0">
                <vehicle id="cfm-slow_5" pos="8.88" speed="29.06"/>
                <vehicle id="cfm-fast_0" pos="33.62" speed="29.61"/>
            </lane>
            <lane id="left_1"/>
        </edge>
        <edge id="right">
            <lane id="right_0">
                <vehicle id="cfm-slow_0" pos="13.86" speed="20.77"/>
                <vehicle id="cfm-slow_1" pos="30.17" speed="21.43"/>
                <vehicle id="cfm-slow_2" pos="47.18" speed="22.71"/>
            </lane>
            <lane id="right_1">
                <vehicle id="cfm-fast_5" pos="41.75" speed="56.32"/>
            </lane>
        </edge>
        <edge id="top">
            <lane id="top_0">
                <vehicle id="cfm-slow_3" pos="15.54" speed="24.74"/>
                <vehicle id="cfm-slow_4" pos="35.98" speed="27.16"/>
            </lane>
            <lane id="top_1"/>
        </edge>
    </timestep>
    <timestep time="4.14">
        <edge id="bottom">
            <lane id="bottom_0">
                <vehicle id="cfm-fast_2" pos="6.11" speed="28.07"/>
                <vehicle id="cfm-fast_3" pos="25.93" speed="27.89"/>
                <vehicle id="cfm-fast_4" pos="45.45" speed="25.55"/>
            </lane>
            <lane id="bottom_1">
                <vehicle id="cfm-fast_1" pos="27.58" speed="56.02"/>
            </lane>
        </edge>
        <edge id="left">
            <lane id="left_0">
                <vehicle id="cfm-slow_5" pos="9.17" speed="29.07"/>
                <vehicle id="cfm-fast_0" pos="33.92" speed="29.61"/>
            </lane>
            <lane id="left_1"/>
        </edge>
        <edge id="right">
            <lane id="right_0">
                <vehicle id="cfm-slow_0" pos="14.07" speed="20.78"/>
                <vehicle id="cfm-slow_1" pos="30.39" speed="21.45"/>
                <vehicle id="cfm-slow_2" pos="47.41" speed="22.73"/>
            </lane>
            <lane id="right_1">
                <vehicle id="cfm-fast_5" pos="42.31" speed="56.45"/>
            </lane>
        </edge>
        <edge id="top">
            <lane id="top_0">
                <vehicle id="cfm-slow_3" pos="15.78" speed="24.76"/>
                <vehicle id="cfm-slow_4" pos="36.25" speed="27.18"/>
            </lane>
            <lane id="top_1"/>
        </edge>
    </timestep>
    <timestep time="4.15">
        <edge id="bottom">
            <lane id="bottom_0">
                <vehicle id="cfm-fast_2" pos="6.39" speed="28.07"/>
                <vehicle id="cfm-fast_3" pos="26.21" speed="27.88"/>
                <vehicle id="cfm-fast_4" pos="45.70" speed="25.53"/>
            </lane>
            <lane id="bottom_1">
                <vehicle id="cfm-fast_1" pos="28.14" speed="56.16"/>
            </lane>
        </edge>
        <edge id="left">
            <lane id="left_0">
                <vehicle id="cfm-slow_5" pos="9.46" speed="29.08"/>
                <vehicle id="cfm-fast_0" pos="34.21" speed="29.61"/>
            </lane>
            <lane id="left_1"/>
        </edge>
        <edge id="right">
            <lane id="right_0">
                <vehicle id="cfm-slow_0" pos="14.28" speed="20.79"/>
                <vehicle id="cfm-slow_1" pos="30.60" speed="21.46"/>
                <vehicle id="cfm-slow_2" pos="47.64" speed="22.76"/>
            </lane>
            <lane id="right_1">
                <vehicle id="cfm-fast_5" pos="42.88" speed="56.59"/>
            </lane>
        </edge>
        <edge id="top">
            <lane id="top_0">
                <vehicle id="cfm-slow_3" pos="16.03" speed="24.79"/>
                <vehicle id="cfm-slow_4" pos="36.53" speed="27.21"/>
            </lane>
            <lane id="top_1"/>
        </edge>
    </timestep>
    <timestep time="4.16">
        <edge id="bottom">
            <lane id="bottom_0">
                <vehicle id="cfm-fast_2" pos="6.67" speed="28.08"/>
                <vehicle id="cfm-fast_3" pos="26.49" speed="27.86"/>
                <vehicle id="cfm-fast_4" pos="45.96" speed="25.50"/>
            </lane>
            <lane id="bottom_1">
                <vehicle id="cfm-fast_1" pos="28.71" speed="56.30"/>
            </lane>
        </edge>
        <edge id="left">
            <lane id="left_0">
                <vehicle id="cfm-slow_5" pos="9.75" speed="29.09"/>
                <vehicle id="cfm-fast_0" pos="34.51" speed="29.61"/>
            </lane>
            <lane id="left_1"/>
        </edge>
        <edge id="right">
            <lane id="right_0">
                <vehicle id="cfm-slow_0" pos="14.49" speed="20.80"/>
                <vehicle id="cfm-slow_1" pos="30.82" speed="21.48"/>
                <vehicle id="cfm-slow_2" pos="47.87" speed="22.78"/>
            </lane>
            <lane id="right_1">
                <vehicle id="cfm-fast_5" pos="43.44" speed="56.73"/>
            </lane>
        </edge>
        <edge id="top">
            <lane id="top_0">
                <vehicle id="cfm-slow_3" pos="16.28" speed="24.82"/>
                <vehicle id="cfm-slow_4" pos="36.80" speed="27.23"/>
            </lane>
            <lane id="top_1"/>
        </edge>
    </timestep>
    <timestep time="4.17">
        <edge id="bottom">
            <lane id="bottom_0">
                <vehicle id="cfm-fast_2" pos="6.95" speed="28.08"/>
                <vehicle id="cfm-fast_3" pos="26.77" speed="27.84"/>
                <vehicle id="cfm-fast_4" pos="46.21" speed="25.48"/>
            </lane>
            <lane id="bottom_1">
                <vehicle id="cfm-fast_1" pos="29.27" speed="56.43"/>
            </lane>
        </edge>
        <edge id="left">
            <lane id="left_0">
                <vehicle id="cfm-slow_5" pos="10.05" speed="29.10"/>
                <vehicle id="cfm-fast_0" pos="34.81" speed="29.61"/>
            </lane>
            <lane id="left_1"/>
        </edge>
        <edge id="right">
            <lane id="right_0">
                <vehicle id="cfm-slow_0" pos="14.69" speed="20.81"/>
                <vehicle id="cfm-slow_1" pos="31.03" speed="21.50"/>
                <vehicle id="cfm-slow_2" pos="48.09" speed="22.81"/>
            </lane>
            <lane id="right_1">
                <vehicle id="cfm-fast_5" pos="44.01" speed="56.86"/>
            </lane>
        </edge>
        <edge id="top">
            <lane id="top_0">
                <vehicle id="cfm-slow_3" pos="16.53" speed="24.85"/>
                <vehicle id="cfm-slow_4" pos="37.07" speed="27.25"/>
            </lane>
            <lane id="top_1"/>
        </edge>
    </timestep>
    <timestep time="4.18">
        <edge id="bottom">
            <lane id="bottom_0">
                <vehicle id="cfm-fast_2" pos="7.23" speed="28.08"/>
                <vehicle id="cfm-fast_3" pos="27.05" speed="27.83"/>
                <vehicle id="cfm-fast_4" pos="46.47" speed="25.45"/>
            </lane>
            <lane id="bottom_1">
                <vehicle id="cfm-fast_1" pos="29.84" speed="56.57"/>
            </lane>
        </edge>
        <edge id="left">
            <lane id="left_0">
                <vehicle id="cfm-slow_5" pos="10.34" speed="29.11"/>
                <vehicle id="cfm-fast_0" pos="35.10" speed="29.61"/>
            </lane>
            <lane id="left_1"/>
        </edge>
        <edge id="right">
            <lane id="right_0">
                <vehicle id="cfm-slow_0" pos="14.90" speed="20.82"/>
                <vehicle id="cfm-slow_1" pos="31.25" speed="21.51"/>
                <vehicle id="cfm-slow_2" pos="48.32" speed="22.83"/>
            </lane>
            <lane id="right_1">
                <vehicle id="cfm-fast_5" pos="44.58" speed="57.00"/>
            </lane>
        </edge>
        <edge id="top">
            <lane id="top_0">
                <vehicle id="cfm-slow_3" pos="16.78" speed="24.88"/>
                <vehicle id="cfm-slow_4" pos="37.34" speed="27.28"/>
            </lane>
            <lane id="top_1"/>
        </edge>
    </timestep>
    <timestep time="4.19">
        <edge id="bottom">
            <lane id="bottom_0">
                <vehicle id="cfm-fast_2" pos="7.51" speed="28.09"/>
                <vehicle id="cfm-fast_3" pos="27.33" speed="27.81"/>
                <vehicle id="cfm-fast_4" pos="46.72" speed="25.43"/>
            </lane>
            <lane id="bottom_1">
                <vehicle id="cfm-fast_1" pos="30.40" speed="56.71"/>
            </lane>
        </edge>
        <edge id="left">
            <lane id="left_0">
                <vehicle id="cfm-slow_5" pos="10.63" speed="29.12"/>
                <vehicle id="cfm-fast_0" pos="35.40" speed="29.61"/>
            </lane>
            <lane id="left_1"/>
        </edge>
        <edge id="right">
            <lane id="right_0">
                <vehicle id="cfm-slow_0" pos="15.11" speed="20.84"/>
                <vehicle id="cfm-slow_1" pos="31.46" speed="21.53"/>
                <vehicle id="cfm-slow_2" pos="48.55" speed="22.86"/>
            </lane>
            <lane id="right_1">
                <vehicle id="cfm-fast_5" pos="45.15" speed="57.14"/>
            </lane>
        </edge>
        <edge id="top">
            <lane id="top_0">
                <vehicle id="cfm-slow_3" pos="17.03" speed="24.91"/>
                <vehicle id="cfm-slow_4" pos="37.62" speed="27.30"/>
            </lane>
            <lane id="top_1"/>
        </edge>
    </timestep>
    <timestep time="4.20">
        <edge id="bottom">
            <lane id="bottom_0">
                <vehicle id="cfm-fast_2" pos="7.79" speed="28.09"/>
                <vehicle id="cfm-fast_3" pos="27.60" speed="27.80"/>
                <vehicle id="cfm-fast_4" pos="46.98" speed="25.41"/>
            </lane>
            <lane id="bottom_1">
                <vehicle id="cfm-fast_1" pos="30.97" speed="56.84"/>
            </lane>
        </edge>
        <edge id="left">
            <lane id="left_0">
                <vehicle id="cfm-slow_5" pos="10.92" speed="29.13"/>
                <vehicle id="cfm-fast_0" pos="35.69" speed="29.61"/>
            </lane>
            <lane id="left_1"/>
        </edge>
        <edge id="right">
            <lane id="right_0">
                <vehicle id="cfm-slow_0" pos="15.32" speed="20.85"/>
                <vehicle id="cfm-slow_1" pos="31.68" speed="21.55"/>
                <vehicle id="cfm-slow_2" pos="48.78" speed="22.88"/>
            </lane>
            <lane id="right_1">
                <vehicle id="cfm-fast_5" pos="45.73" speed="57.27"/>
            </lane>
        </edge>
        <edge id="top">
            <lane id="top_0">
                <vehicle id="cfm-slow_3" pos="17.28" speed="24.93"/>
                <vehicle id="cfm-slow_4" pos="37.89" speed="27.32"/>
            </lane>
            <lane id="top_1"/>
        </edge>
    </timestep>
    <timestep time="4.21">
        <edge id="bottom">
            <lane id="bottom_0">
                <vehicle id="cfm-fast_2" pos="8.07" speed="28.10"/>
                <vehicle id="cfm-fast_3" pos="27.88" speed="27.78"/>
                <vehicle id="cfm-fast_4" pos="47.23" speed="25.38"/>
            </lane>
            <lane id="bottom_1">
                <vehicle id="cfm-fast_1" pos="31.54" speed="56.98"/>
            </lane>
        </edge>
        <edge id="left">
            <lane id="left_0">
                <vehicle id="cfm-slow_5" pos="11.21" speed="29.14"/>
                <vehicle id="cfm-fast_0" pos="35.99" speed="29.61"/>
            </lane>
            <lane id="left_1"/>
        </edge>
        <edge id="right">
            <lane id="right_0">
                <vehicle id="cfm-slow_0" pos="15.53" speed="20.86"/>
                <vehicle id="cfm-slow_1" pos="31.89" speed="21.56"/>
                <vehicle id="cfm-slow_2" pos="49.01" speed="22.90"/>
            </lane>
            <lane id="right_1">
                <vehicle id="cfm-fast_5" pos="46.30" speed="57.41"/>
            </lane>
        </edge>
        <edge id="top">
            <lane id="top_0">
                <vehicle id="cfm-slow_3" pos="17.52" speed="24.96"/>
                <vehicle id="cfm-slow_4" pos="38.16" speed="27.35"/>
            </lane>
            <lane id="top_1"/>
        </edge>
    </timestep>
    <timestep time="4.22">
        <edge id="bottom">
            <lane id="bottom_0">
                <vehicle id="cfm-fast_2" pos="8.36" speed="28.10"/>
                <vehicle id="cfm-fast_3" pos="28.16" speed="27.76"/>
                <vehicle id="cfm-fast_4" pos="47.48" speed="25.36"/>
            </lane>
            <lane id="bottom_1">
                <vehicle id="cfm-fast_1" pos="32.11" speed="57.12"/>
            </lane>
        </edge>
        <edge id="left">
            <lane id="left_0">
                <vehicle id="cfm-slow_5" pos="11.50" speed="29.15"/>
                <vehicle id="cfm-fast_0" pos="36.29" speed="29.61"/>
            </lane>
            <lane id="left_1"/>
        </edge>
        <edge id="right">
            <lane id="right_0">
                <vehicle id="cfm-slow_0" pos="15.74" speed="20.87"/>
                <vehicle id="cfm-slow_1" pos="32.11" speed="21.58"/>
                <vehicle id="cfm-slow_2" pos="49.24" speed="22.93"/>
            </lane>
            <lane id="right_1">
                <vehicle id="cfm-fast_5" pos="46.88" speed="57.55"/>
            </lane>
        </edge>
        <edge id="top">
            <lane id="top_0">
                <vehicle id="cfm-slow_3" pos="17.77" speed="24.99"/>
                <vehicle id="cfm-slow_4" pos="38.44" speed="27.37"/>
            </lane>
            <lane id="top_1"/>
        </edge>
    </timestep>
    <timestep time="4.23">
        <edge id="bottom">
            <lane id="bottom_0">
                <vehicle id="cfm-fast_2" pos="8.64" speed="28.10"/>
                <vehicle id="cfm-fast_3" pos="28.44" speed="27.75"/>
                <vehicle id="cfm-fast_4" pos="47.74" speed="25.33"/>
            </lane>
            <lane id="bottom_1">
                <vehicle id="cfm-fast_1" pos="32.69" speed="57.25"/>
            </lane>
        </edge>
        <edge id="left">
            <lane id="left_0">
                <vehicle id="cfm-slow_5" pos="11.79" speed="29.16"/>
                <vehicle id="cfm-fast_0" pos="36.58" speed="29.61"/>
            </lane>
            <lane id="left_1"/>
        </edge>
        <edge id="right">
            <lane id="right_0">
                <vehicle id="cfm-slow_0" pos="15.95" speed="20.88"/>
                <vehicle id="cfm-slow_1" pos="32.33" speed="21.60"/>
                <vehicle id="cfm-slow_2" pos="49.47" speed="22.95"/>
            </lane>
            <lane id="right_1">
                <vehicle id="cfm-fast_5" pos="47.45" speed="57.68"/>
            </lane>
        </edge>
        <edge id="top">
            <lane id="top_0">
                <vehicle id="cfm-slow_3" pos="18.02" speed="25.02"/>
                <vehicle id="cfm-slow_4" pos="38.71" speed="27.39"/>
            </lane>
            <lane id="top_1"/>
        </edge>
    </timestep>
    <timestep time="4.24">
        <edge id="bottom">
            <lane id="bottom_0">
                <vehicle id="cfm-fast_2" pos="8.92" speed="28.11"/>
                <vehicle id="cfm-fast_3" pos="28.71" speed="27.73"/>
                <vehicle id="cfm-fast_4" pos="47.99" speed="25.31"/>
            </lane>
            <lane id="bottom_1">
                <vehicle id="cfm-fast_1" pos="33.26" speed="57.39"/>
            </lane>
        </edge>
        <edge id="left">
            <lane id="left_0">
                <vehicle id="cfm-slow_5" pos="12.09" speed="29.17"/>
                <vehicle id="cfm-fast_0" pos="36.88" speed="29.61"/>
            </lane>
            <lane id="left_1"/>
        </edge>
        <edge id="right">
            <lane id="right_0">
                <vehicle id="cfm-slow_0" pos="16.15" speed="20.89"/>
                <vehicle id="cfm-slow_1" pos="32.54" speed="21.62"/>
                <vehicle id="cfm-slow_2" pos="49.70" speed="22.98"/>
            </lane>
            <lane id="right_1">
                <vehicle id="cfm-fast_5" pos="48.03" speed="57.82"/>
            </lane>
        </edge>
        <edge id="top">
            <lane id="top_0">
                <vehicle id="cfm-slow_3" pos="18.28" speed="25.04"/>
                <vehicle id="cfm-slow_4" pos="38.99" speed="27.41"/>
            </lane>
            <lane id="top_1"/>
        </edge>
    </timestep>
    <timestep time="4.25">
        <edge id="bottom">
            <lane id="bottom_0">
                <vehicle id="cfm-fast_2" pos="9.20" speed="28.11"/>
                <vehicle id="cfm-fast_3" pos="28.99" speed="27.71"/>
                <vehicle id="cfm-fast_4" pos="48.24" speed="25.29"/>
            </lane>
            <lane id="bottom_1">
                <vehicle id="cfm-fast_1" pos="33.84" speed="57.52"/>
            </lane>
        </edge>
        <edge id="left">
            <lane id="left_0">
                <vehicle id="cfm-slow_5" pos="12.38" speed="29.18"/>
                <vehicle id="cfm-fast_0" pos="37.17" speed="29.61"/>
            </lane>
            <lane id="left_1"/>
        </edge>
        <edge id="right">
            <lane id="right_0">
                <vehicle id="cfm-slow_0" pos="16.36" speed="20.90"/>
                <vehicle id="cfm-slow_1" pos="32.76" speed="21.63"/>
                <vehicle id="cfm-slow_2" pos="49.93" speed="23.00"/>
            </lane>
            <lane id="right_1">
                <vehicle id="cfm-fast_5" pos="48.61" speed="57.95"/>
            </lane>
        </edge>
        <edge id="top">
            <lane id="top_0">
                <vehicle id="cfm-slow_3" pos="18.53" speed="25.07"/>
                <vehicle id="cfm-slow_4" pos="39.26" speed="27.44"/>
            </lane>
            <lane id="top_1"/>
        </edge>
    </timestep>
    <timestep time="4.26">
        <edge id="bottom">
            <lane id="bottom_0">
                <vehicle id="cfm-fast_2" pos="9.48" speed="28.11"/>
                <vehicle id="cfm-fast_3" pos="29.27" speed="27.69"/>
                <vehicle id="cfm-fast_4" pos="48.50" speed="25.26"/>
            </lane>
            <lane id="bottom_1">
                <vehicle id="cfm-fast_1" pos="34.41" speed="57.66"/>
            </lane>
        </edge>
        <edge id="left">
            <lane id="left_0">
                <vehicle id="cfm-slow_5" pos="12.67" speed="29.19"/>
                <vehicle id="cfm-fast_0" pos="37.47" speed="29.61"/>
            </lane>
            <lane id="left_1"/>
        </edge>
        <edge id="right">
            <lane id="right_0">
                <vehicle id="cfm-slow_0" pos="16.57" speed="20.91"/>
                <vehicle id="cfm-slow_1" pos="32.98" speed="21.65"/>
            </lane>
            <lane id="right_1">
                <vehicle id="cfm-fast_5" pos="49.19" speed="58.09"/>
            </lane>
        </edge>
        <edge id="top">
            <lane id="top_0">
                <vehicle id="cfm-slow_2" pos="0.16" speed="23.03"/>
                <vehicle id="cfm-slow_3" pos="18.78" speed="25.10"/>
                <vehicle id="cfm-slow_4" pos="39.53" speed="27.46"/>
            </lane>
            <lane id="top_1"/>
        </edge>
    </timestep>
    <timestep time="4.27">
        <edge id="bottom">
            <lane id="bottom_0">
                <vehicle id="cfm-fast_2" pos="9.76" speed="28.11"/>
                <vehicle id="cfm-fast_3" pos="29.54" speed="27.68"/>
                <vehicle id="cfm-fast_4" pos="48.75" speed="25.24"/>
            </lane>
            <lane id="bottom_1">
                <vehicle id="cfm-fast_1" pos="34.99" speed="57.80"/>
            </lane>
        </edge>
        <edge id="left">
            <lane id="left_0">
                <vehicle id="cfm-slow_5" pos="12.96" speed="29.20"/>
                <vehicle id="cfm-fast_0" pos="37.77" speed="29.61"/>
            </lane>
            <lane id="left_1"/>
        </edge>
        <edge id="right">
            <lane id="right_0">
                <vehicle id="cfm-slow_0" pos="16.78" speed="20.92"/>
                <vehicle id="cfm-slow_1" pos="33.19" speed="21.67"/>
            </lane>
            <lane id="right_1">
                <vehicle id="cfm-fast_5" pos="49.77" speed="58.23"/>
            </lane>
        </edge>
        <edge id="top">
            <lane id="top_0">
                <vehicle id="cfm-slow_2" pos="0.39" speed="23.05"/>
                <vehicle id="cfm-slow_3" pos="19.03" speed="25.13"/>
                <vehicle id="cfm-slow_4" pos="39.81" speed="27.48"/>
            </lane>
            <lane id="top_1"/>
        </edge>
    </timestep>
    <timestep time="4.28">
        <edge id="bottom">
            <lane id="bottom_0">
                <vehicle id="cfm-fast_2" pos="10.04" speed="28.12"/>
                <vehicle id="cfm-fast_3" pos="29.82" speed="27.66"/>
                <vehicle id="cfm-fast_4" pos="49.00" speed="25.22"/>
            </lane>
            <lane id="bottom_1">
                <vehicle id="cfm-fast_1" pos="35.57" speed="57.93"/>
            </lane>
        </edge>
        <edge id="left">
            <lane id="left_0">
                <vehicle id="cfm-slow_5" pos="13.25" speed="29.21"/>
                <vehicle id="cfm-fast_0" pos="38.06" speed="29.61"/>
            </lane>
            <lane id="left_1"/>
        </edge>
        <edge id="right">
            <lane id="right_0">
                <vehicle id="cfm-slow_0" pos="16.99" speed="20.94"/>
                <vehicle id="cfm-slow_1" pos="33.41" speed="21.69"/>
            </lane>
            <lane id="right_1"/>
        </edge>
        <edge id="top">
            <lane id="top_0">
                <vehicle id="cfm-slow_2" pos="0.62" speed="23.07"/>
                <vehicle id="cfm-slow_3" pos="19.28" speed="25.15"/>
                <vehicle id="cfm-slow_4" pos="40.08" speed="27.50"/>
            </lane>
            <lane id="top_1">
                <vehicle id="cfm-fast_5" pos="0.36" speed="58.36"/>
            </lane>
        </edge>
    </timestep>
    <timestep time="4.29">
        <edge id="bottom">
            <lane id="bottom_0">
                <vehicle id="cfm-fast_2" pos="10.32" speed="28.12"/>
                <vehicle id="cfm-fast_3" pos="30.10" speed="27.64"/>
                <vehicle id="cfm-fast_4" pos="49.25" speed="25.20"/>
            </lane>
            <lane id="bottom_1">
                <vehicle id="cfm-fast_1" pos="36.15" speed="58.07"/>
            </lane>
        </edge>
        <edge id="left">
            <lane id="left_0">
                <vehicle id="cfm-slow_5" pos="13.55" speed="29.22"/>
                <vehicle id="cfm-fast_0" pos="38.36" speed="29.61"/>
            </lane>
            <lane id="left_1"/>
        </edge>
        <edge id="right">
            <lane id="right_0">
                <vehicle id="cfm-slow_0" pos="17.20" speed="20.95"/>
                <vehicle id="cfm-slow_1" pos="33.63" speed="21.70"/>
            </lane>
            <lane id="right_1"/>
        </edge>
        <edge id="top">
            <lane id="top_0">
                <vehicle id="cfm-slow_2" pos="0.85" speed="23.10"/>
                <vehicle id="cfm-slow_3" pos="19.53" speed="25.18"/>
                <vehicle id="cfm-slow_4" pos="40.36" speed="27.52"/>
            </lane>
            <lane id="top_1">
                <vehicle id="cfm-fast_5" pos="0.94" speed="58.50"/>
            </lane>
        </edge>
    </timestep>
    <timestep time="4.30">
        <edge id="bottom">
            <lane id="bottom_0">
                <vehicle id="cfm-fast_2" pos="10.60" speed="28.12"/>
                <vehicle id="cfm-fast_3" pos="30.37" speed="27.62"/>
                <vehicle id="cfm-fast_4" pos="49.50" speed="25.17"/>
            </lane>
            <lane id="bottom_1">
                <vehicle id="cfm-fast_1" pos="36.73" speed="58.21"/>
            </lane>
        </edge>
        <edge id="left">
            <lane id="left_0">
                <vehicle id="cfm-slow_5" pos="13.84" speed="29.23"/>
                <vehicle id="cfm-fast_0" pos="38.65" speed="29.61"/>
            </lane>
            <lane id="left_1"/>
        </edge>
        <edge id="right">
            <lane id="right_0">
                <vehicle id="cfm-slow_0" pos="17.41" speed="20.96"/>
                <vehicle id="cfm-slow_1" pos="33.84" speed="21.72"/>
            </lane>
            <lane id="right_1"/>
        </edge>
        <edge id="top">
            <lane id="top_0">
                <vehicle id="cfm-slow_2" pos="1.08" speed="23.12"/>
                <vehicle id="cfm-slow_3" pos="19.78" speed="25.21"/>
                <vehicle id="cfm-slow_4" pos="40.63" speed="27.54"/>
            </lane>
            <lane id="top_1">
                <vehicle id="cfm-fast_5" pos="1.53" speed="58.64"/>
            </lane>
        </edge>
    </timestep>
    <timestep time="4.31">
        <edge id="bottom">
            <lane id="bottom_0">
                <vehicle id="cfm-fast_2" pos="10.89" speed="28.12"/>
                <vehicle id="cfm-fast_3" pos="30.65" speed="27.61"/>
                <vehicle id="cfm-fast_4" pos="49.76" speed="25.15"/>
            </lane>
            <lane id="bottom_1">
                <vehicle id="cfm-fast_1" pos="37.32" speed="58.34"/>
            </lane>
        </edge>
        <edge id="left">
            <lane id="left_0">
                <vehicle id="cfm-slow_5" pos="14.13" speed="29.24"/>
                <vehicle id="cfm-fast_0" pos="38.95" speed="29.60"/>
            </lane>
            <lane id="left_1"/>
        </edge>
        <edge id="right">
            <lane id="right_0">
                <vehicle id="cfm-slow_0" pos="17.62" speed="20.97"/>
                <vehicle id="cfm-slow_1" pos="34.06" speed="21.74"/>
            </lane>
            <lane id="right_1"/>
        </edge>
        <edge id="top">
            <lane id="top_0">
                <vehicle id="cfm-slow_2" pos="1.31" speed="23.15"/>
                <vehicle id="cfm-slow_3" pos="20.04" speed="25.24"/>
                <vehicle id="cfm-slow_4" pos="40.91" speed="27.57"/>
            </lane>
            <lane id="top_1">
                <vehicle id="cfm-fast_5" pos="2.12" speed="58.77"/>
            </lane>
        </edge>
    </timestep>
    <timestep time="4.32">
        <edge id="bottom">
            <lane id="bottom_0">
                <vehicle id="cfm-fast_2" pos="11.17" speed="28.12"/>
                <vehicle id="cfm-fast_3" pos="30.93" speed="27.59"/>
            </lane>
            <lane id="bottom_1">
                <vehicle id="cfm-fast_1" pos="37.90" speed="58.48"/>
            </lane>
        </edge>
        <edge id="left">
            <lane id="left_0">
                <vehicle id="cfm-slow_5" pos="14.42" speed="29.24"/>
                <vehicle id="cfm-fast_0" pos="39.25" speed="29.60"/>
            </lane>
            <lane id="left_1"/>
        </edge>
        <edge id="right">
            <lane id="right_0">
                <vehicle id="cfm-fast_4" pos="0.01" speed="25.13"/>
                <vehicle id="cfm-slow_0" pos="17.83" speed="20.98"/>
                <vehicle id="cfm-slow_1" pos="34.28" speed="21.76"/>
            </lane>
            <lane id="right_1"/>
        </edge>
        <edge id="top">
            <lane id="top_0">
                <vehicle id="cfm-slow_2" pos="1.54" speed="23.17"/>
                <vehicle id="cfm-slow_3" pos="20.29" speed="25.26"/>
                <vehicle id="cfm-slow_4" pos="41.19" speed="27.59"/>
            </lane>
            <lane id="top_1">
                <vehicle id="cfm-fast_5" pos="2.70" speed="58.91"/>
            </lane>
        </edge>
    </timestep>
    <timestep time="4.33">
        <edge id="bottom">
            <lane id="bottom_0">
                <vehicle id="cfm-fast_2" pos="11.45" speed="28.12"/>
                <vehicle id="cfm-fast_3" pos="31.20" speed="27.57"/>
            </lane>
            <lane id="bottom_1">
                <vehicle id="cfm-fast_1" pos="38.49" speed="58.62"/>
            </lane>
        </edge>
        <edge id="left">
            <lane id="left_0">
                <vehicle id="cfm-slow_5" pos="14.71" speed="29.25"/>
                <vehicle id="cfm-fast_0" pos="39.54" speed="29.60"/>
            </lane>
            <lane id="left_1"/>
        </edge>
        <edge id="right">
            <lane id="right_0">
                <vehicle id="cfm-fast_4" pos="0.26" speed="25.11"/>
                <vehicle id="cfm-slow_0" pos="18.04" speed="20.99"/>
                <vehicle id="cfm-slow_1" pos="34.50" speed="21.77"/>
            </lane>
            <lane id="right_1"/>
        </edge>
        <edge id="top">
            <lane id="top_0">
                <vehicle id="cfm-slow_2" pos="1.78" speed="23.20"/>
                <vehicle id="cfm-slow_3" pos="20.54" speed="25.29"/>
                <vehicle id="cfm-slow_4" pos="41.46" speed="27.61"/>
            </lane>
            <lane id="top_1">
                <vehicle id="cfm-fast_5" pos="3.30" speed="59.05"/>
            </lane>
        </edge>
    </timestep>
    <timestep time="4.34">
        <edge id="bottom">
            <lane id="bottom_0">
                <vehicle id="cfm-fast_2" pos="11.73" speed="28.12"/>
                <vehicle id="cfm-fast_3" pos="31.48" speed="27.55"/>
            </lane>
            <lane id="bottom_1">
                <vehicle id="cfm-fast_1" pos="39.07" speed="58.75"/>
            </lane>
        </edge>
        <edge id="left">
            <lane id="left_0">
                <vehicle id="cfm-slow_5" pos="15.01" speed="29.26"/>
                <vehicle id="cfm-fast_0" pos="39.84" speed="29.60"/>
            </lane>
            <lane id="left_1"/>
        </edge>
        <edge id="right">
            <lane id="right_0">
                <vehicle id="cfm-fast_4" pos="0.51" speed="25.08"/>
                <vehicle id="cfm-slow_0" pos="18.25" speed="21.00"/>
                <vehicle id="cfm-slow_1" pos="34.71" speed="21.79"/>
            </lane>
            <lane id="right_1"/>
        </edge>
        <edge id="top">
            <lane id="top_0">
                <vehicle id="cfm-slow_2" pos="2.01" speed="23.22"/>
                <vehicle id="cfm-slow_3" pos="20.79" speed="25.32"/>
                <vehicle id="cfm-slow_4" pos="41.74" speed="27.63"/>
            </lane>
            <lane id="top_1">
                <vehicle id="cfm-fast_5" pos="3.89" speed="59.18"/>
            </lane>
        </edge>
    </timestep>
    <timestep time="4.35">
        <edge id="bottom">
            <lane id="bottom_0">
                <vehicle id="cfm-fast_2" pos="12.01" speed="28.12"/>
                <vehicle id="cfm-fast_3" pos="31.75" speed="27.54"/>
            </lane>
            <lane id="bottom_1">
                <vehicle id="cfm-fast_1" pos="39.66" speed="58.89"/>
            </lane>
        </edge>
        <edge id="left">
            <lane id="left_0">
                <vehicle id="cfm-slow_5" pos="15.30" speed="29.27"/>
                <vehicle id="cfm-fast_0" pos="40.13" speed="29.60"/>
            </lane>
            <lane id="left_1"/>
        </edge>
        <edge id="right">
            <lane id="right_0">
                <vehicle id="cfm-fast_4" pos="0.76" speed="25.06"/>
                <vehicle id="cfm-slow_0" pos="18.46" speed="21.01"/>
                <vehicle id="cfm-slow_1" pos="34.93" speed="21.81"/>
            </lane>
            <lane id="right_1"/>
        </edge>
        <edge id="top">
            <lane id="top_0">
                <vehicle id="cfm-slow_2" pos="2.24" speed="23.24"/>
                <vehicle id="cfm-slow_3" pos="21.05" speed="25.34"/>
                <vehicle id="cfm-slow_4" pos="42.02" speed="27.65"/>
            </lane>
            <lane id="top_1">
                <vehicle id="cfm-fast_5" pos="4.48" speed="59.32"/>
            </lane>
        </edge>
    </timestep>
    <timestep time="4.36">
        <edge id="bottom">
            <lane id="bottom_0">
                <vehicle id="cfm-fast_2" pos="12.29" speed="28.13"/>
                <vehicle id="cfm-fast_3" pos="32.03" speed="27.52"/>
            </lane>
            <lane id="bottom_1">
                <vehicle id="cfm-fast_1" pos="40.25" speed="59.02"/>
            </lane>
        </edge>
        <edge id="left">
            <lane id="left_0">
                <vehicle id="cfm-slow_5" pos="15.59" speed="29.28"/>
                <vehicle id="cfm-fast_0" pos="40.43" speed="29.60"/>
            </lane>
            <lane id="left_1"/>
        </edge>
        <edge id="right">
            <lane id="right_0">
                <vehicle id="cfm-fast_4" pos="1.01" speed="25.04"/>
                <vehicle id="cfm-slow_0" pos="18.67" speed="21.03"/>
                <vehicle id="cfm-slow_1" pos="35.15" speed="21.83"/>
            </lane>
            <lane id="right_1"/>
        </edge>
        <edge id="top">
            <lane id="top_0">
                <vehicle id="cfm-slow_2" pos="2.47" speed="23.27"/>
                <vehicle id="cfm-slow_3" pos="21.30" speed="25.37"/>
                <vehicle id="cfm-slow_4" pos="42.29" speed="27.67"/>
            </lane>
            <lane id="top_1">
                <vehicle id="cfm-fast_5" pos="5.07" speed="59.45"/>
            </lane>
        </edge>
    </timestep>
    <timestep time="4.37">
        <edge id="bottom">
            <lane id="bottom_0">
                <vehicle id="cfm-fast_2" pos="12.57" speed="28.13"/>
                <vehicle id="cfm-fast_3" pos="32.30" speed="27.50"/>
            </lane>
            <lane id="bottom_1">
                <vehicle id="cfm-fast_1" pos="40.84" speed="59.16"/>
            </lane>
        </edge>
        <edge id="left">
            <lane id="left_0">
                <vehicle id="cfm-slow_5" pos="15.89" speed="29.29"/>
                <vehicle id="cfm-fast_0" pos="40.73" speed="29.59"/>
            </lane>
            <lane id="left_1"/>
        </edge>
        <edge id="right">
            <lane id="right_0">
                <vehicle id="cfm-fast_4" pos="1.26" speed="25.02"/>
                <vehicle id="cfm-slow_0" pos="18.88" speed="21.04"/>
                <vehicle id="cfm-slow_1" pos="35.37" speed="21.84"/>
            </lane>
            <lane id="right_1"/>
        </edge>
        <edge id="top">
            <lane id="top_0">
                <vehicle id="cfm-slow_2" pos="2.71" speed="23.29"/>
                <vehicle id="cfm-slow_3" pos="21.56" speed="25.40"/>
                <vehicle id="cfm-slow_4" pos="42.57" speed="27.69"/>
            </lane>
            <lane id="top_1">
                <vehicle id="cfm-fast_5" pos="5.67" speed="59.59"/>
            </lane>
        </edge>
    </timestep>
    <timestep time="4.38">
        <edge id="bottom">
            <lane id="bottom_0">
                <vehicle id="cfm-fast_2" pos="12.85" speed="28.12"/>
                <vehicle id="cfm-fast_3" pos="32.58" speed="27.48"/>
            </lane>
            <lane id="bottom_1">
                <vehicle id="cfm-fast_1" pos="41.44" speed="59.30"/>
            </lane>
        </edge>
        <edge id="left">
            <lane id="left_0">
                <vehicle id="cfm-slow_5" pos="16.18" speed="29.29"/>
                <vehicle id="cfm-fast_0" pos="41.02" speed="29.59"/>
            </lane>
            <lane id="left_1"/>
        </edge>
        <edge id="right">
            <lane id="right_0">
                <vehicle id="cfm-fast_4" pos="1.51" speed="25.00"/>
                <vehicle id="cfm-slow_0" pos="19.09" speed="21.05"/>
                <vehicle id="cfm-slow_1" pos="35.59" speed="21.86"/>
            </lane>
            <lane id="right_1"/>
        </edge>
        <edge id="top">
            <lane id="top_0">
                <vehicle id="cfm-slow_2" pos="2.94" speed="23.32"/>
                <vehicle id="cfm-slow_3" pos="21.81" speed="25.42"/>
                <vehicle id="cfm-slow_4" pos="42.85" speed="27.71"/>
            </lane>
            <lane id="top_1">
                <vehicle id="cfm-fast_5" pos="6.27" speed="59.73"/>
            </lane>
        </edge>
    </timestep>
    <timestep time="4.39">
        <edge id="bottom">
            <lane id="bottom_0">
                <vehicle id="cfm-fast_2" pos="13.14" speed="28.12"/>
                <vehicle id="cfm-fast_3" pos="32.85" speed="27.46"/>
            </lane>
            <lane id="bottom_1">
                <vehicle id="cfm-fast_1" pos="42.03" speed="59.43"/>
            </lane>
        </edge>
        <edge id="left">
            <lane id="left_0">
                <vehicle id="cfm-slow_5" pos="16.47" speed="29.30"/>
                <vehicle id="cfm-fast_0" pos="41.32" speed="29.59"/>
            </lane>
            <lane id="left_1"/>
        </edge>
        <edge id="right">
            <lane id="right_0">
                <vehicle id="cfm-fast_4" pos="1.76" speed="24.97"/>
                <vehicle id="cfm-slow_0" pos="19.30" speed="21.06"/>
                <vehicle id="cfm-slow_1" pos="35.81" speed="21.88"/>
            </lane>
            <lane id="right_1"/>
        </edge>
        <edge id="top">
            <lane id="top_0">
                <vehicle id="cfm-slow_2" pos="3.17" speed="23.34"/>
                <vehicle id="cfm-slow_3" pos="22.06" speed="25.45"/>
                <vehicle id="cfm-slow_4" pos="43.12" speed="27.73"/>
            </lane>
            <lane id="top_1">
                <vehicle id="cfm-fast_5" pos="6.87" speed="59.86"/>
            </lane>
        </edge>
    </timestep>
    <timestep time="4.40">
        <edge id="bottom">
            <lane id="bottom_0">
                <vehicle id="cfm-fast_2" pos="13.42" speed="28.12"/>
                <vehicle id="cfm-fast_3" pos="33.13" speed="27.44"/>
            </lane>
            <lane id="bottom_1">
                <vehicle id="cfm-fast_1" pos="42.63" speed="59.57"/>
            </lane>
        </edge>
        <edge id="left">
            <lane id="left_0">
                <vehicle id="cfm-slow_5" pos="16.76" speed="29.31"/>
                <vehicle id="cfm-fast_0" pos="41.61" speed="29.59"/>
            </lane>
            <lane id="left_1"/>
        </edge>
        <edge id="right">
            <lane id="right_0">
                <vehicle id="cfm-fast_4" pos="2.01" speed="24.95"/>
                <vehicle id="cfm-slow_0" pos="19.51" speed="21.07"/>
                <vehicle id="cfm-slow_1" pos="36.02" speed="21.90"/>
            </lane>
            <lane id="right_1"/>
        </edge>
        <edge id="top">
            <lane id="top_0">
                <vehicle id="cfm-slow_2" pos="3.41" speed="23.36"/>
                <vehicle id="cfm-slow_3" pos="22.32" speed="25.48"/>
                <vehicle id="cfm-slow_4" pos="43.40" speed="27.75"/>
            </lane>
            <lane id="top_1">
                <vehicle id="cfm-fast_5" pos="7.47" speed="60.00"/>
            </lane>
        </edge>
    </timestep>
    <timestep time="4.41">
        <edge id="bottom">
            <lane id="bottom_0">
                <vehicle id="cfm-fast_2" pos="13.70" speed="28.12"/>
                <vehicle id="cfm-fast_3" pos="33.40" speed="27.42"/>
            </lane>
            <lane id="bottom_1">
                <vehicle id="cfm-fast_1" pos="43.22" speed="59.70"/>
            </lane>
        </edge>
        <edge id="left">
            <lane id="left_0">
                <vehicle id="cfm-slow_5" pos="17.06" speed="29.32"/>
                <vehicle id="cfm-fast_0" pos="41.91" speed="29.59"/>
            </lane>
            <lane id="left_1"/>
        </edge>
        <edge id="right">
            <lane id="right_0">
                <vehicle id="cfm-fast_4" pos="2.26" speed="24.93"/>
                <vehicle id="cfm-slow_0" pos="19.72" speed="21.08"/>
                <vehicle id="cfm-slow_1" pos="36.24" speed="21.91"/>
            </lane>
            <lane id="right_1"/>
        </edge>
        <edge id="top">
            <lane id="top_0">
                <vehicle id="cfm-slow_2" pos="3.64" speed="23.39"/>
                <vehicle id="cfm-slow_3" pos="22.57" speed="25.50"/>
                <vehicle id="cfm-slow_4" pos="43.68" speed="27.77"/>
            </lane>
            <lane id="top_1">
                <vehicle id="cfm-fast_5" pos="8.07" speed="60.14"/>
            </lane>
        </edge>
    </timestep>
    <timestep time="4.42">
        <edge id="bottom">
            <lane id="bottom_0">
                <vehicle id="cfm-fast_2" pos="13.98" speed="28.12"/>
                <vehicle id="cfm-fast_3" pos="33.67" speed="27.41"/>
            </lane>
            <lane id="bottom_1">
                <vehicle id="cfm-fast_1" pos="43.82" speed="59.83"/>
            </lane>
        </edge>
        <edge id="left">
            <lane id="left_0">
                <vehicle id="cfm-slow_5" pos="17.35" speed="29.32"/>
                <vehicle id="cfm-fast_0" pos="42.21" speed="29.58"/>
            </lane>
            <lane id="left_1"/>
        </edge>
        <edge id="right">
            <lane id="right_0">
                <vehicle id="cfm-fast_4" pos="2.51" speed="24.91"/>
                <vehicle id="cfm-slow_0" pos="19.93" speed="21.09"/>
                <vehicle id="cfm-slow_1" pos="36.46" speed="21.93"/>
            </lane>
            <lane id="right_1"/>
        </edge>
        <edge id="top">
            <lane id="top_0">
                <vehicle id="cfm-slow_2" pos="3.87" speed="23.41"/>
                <vehicle id="cfm-slow_3" pos="22.83" speed="25.53"/>
                <vehicle id="cfm-slow_4" pos="43.96" speed="27.79"/>
            </lane>
            <lane id="top_1">
                <vehicle id="cfm-fast_5" pos="8.67" speed="60.27"/>
            </lane>
        </edge>
    </timestep>
    <timestep time="4.43">
        <edge id="bottom">
            <lane id="bottom_0">
                <vehicle id="cfm-fast_2" pos="14.26" speed="28.12"/>
                <vehicle id="cfm-fast_3" pos="33.95" speed="27.39"/>
            </lane>
            <lane id="bottom_1">
                <vehicle id="cfm-fast_1" pos="44.42" speed="59.97"/>
            </lane>
        </edge>
        <edge id="left">
            <lane id="left_0">
                <vehicle id="cfm-slow_5" pos="17.64" speed="29.33"/>
                <vehicle id="cfm-fast_0" pos="42.50" speed="29.58"/>
            </lane>
            <lane id="left_1"/>
        </edge>
        <edge id="right">
            <lane id="right_0">
                <vehicle id="cfm-fast_4" pos="2.76" speed="24.89"/>
                <vehicle id="cfm-slow_0" pos="20.15" speed="21.11"/>
                <vehicle id="cfm-slow_1" pos="36.68" speed="21.95"/>
            </lane>
            <lane id="right_1"/>
        </edge>
        <edge id="top">
            <lane id="top_0">
                <vehicle id="cfm-slow_2" pos="4.11" speed="23.44"/>
                <vehicle id="cfm-slow_3" pos="23.09" speed="25.55"/>
                <vehicle id="cfm-slow_4" pos="44.23" speed="27.81"/>
            </lane>
            <lane id="top_1">
                <vehicle id="cfm-fast_5" pos="9.27" speed="60.41"/>
            </lane>
        </edge>
    </timestep>
    <timestep time="4.44">
        <edge id="bottom">
            <lane id="bottom_0">
                <vehicle id="cfm-fast_2" pos="14.54" speed="28.12"/>
                <vehicle id="cfm-fast_3" pos="34.22" speed="27.37"/>
            </lane>
            <lane id="bottom_1">
                <vehicle id="cfm-fast_1" pos="45.02" speed="60.10"/>
            </lane>
        </edge>
        <edge id="left">
            <lane id="left_0">
                <vehicle id="cfm-slow_5" pos="17.94" speed="29.34"/>
                <vehicle id="cfm-fast_0" pos="42.80" speed="29.58"/>
            </lane>
            <lane id="left_1"/>
        </edge>
        <edge id="right">
            <lane id="right_0">
                <vehicle id="cfm-fast_4" pos="3.00" speed="24.87"/>
                <vehicle id="cfm-slow_0" pos="20.36" speed="21.12"/>
                <vehicle id="cfm-slow_1" pos="36.90" speed="21.97"/>
            </lane>
            <lane id="right_1"/>
        </edge>
        <edge id="top">
            <lane id="top_0">
                <vehicle id="cfm-slow_2" pos="4.34" speed="23.46"/>
                <vehicle id="cfm-slow_3" pos="23.34" speed="25.58"/>
                <vehicle id="cfm-slow_4" pos="44.51" speed="27.83"/>
            </lane>
            <lane id="top_1">
                <vehicle id="cfm-fast_5" pos="9.88" speed="60.55"/>
            </lane>
        </edge>
    </timestep>
    <timestep time="4.45">
        <edge id="bottom">
            <lane id="bottom_0">
                <vehicle id="cfm-fast_2" pos="14.82" speed="28.12"/>
                <vehicle id="cfm-fast_3" pos="34.50" speed="27.35"/>
            </lane>
            <lane id="bottom_1">
                <vehicle id="cfm-fast_1" pos="45.63" speed="60.22"/>
            </lane>
        </edge>
        <edge id="left">
            <lane id="left_0">
                <vehicle id="cfm-slow_5" pos="18.23" speed="29.34"/>
                <vehicle id="cfm-fast_0" pos="43.09" speed="29.58"/>
            </lane>
            <lane id="left_1"/>
        </edge>
        <edge id="right">
            <lane id="right_0">
                <vehicle id="cfm-fast_4" pos="3.25" speed="24.85"/>
                <vehicle id="cfm-slow_0" pos="20.57" speed="21.13"/>
                <vehicle id="cfm-slow_1" pos="37.12" speed="21.99"/>
            </lane>
            <lane id="right_1"/>
        </edge>
        <edge id="top">
            <lane id="top_0">
                <vehicle id="cfm-slow_2" pos="4.58" speed="23.49"/>
                <vehicle id="cfm-slow_3" pos="23.60" speed="25.61"/>
                <vehicle id="cfm-slow_4" pos="44.79" speed="27.85"/>
            </lane>
            <lane id="top_1">
                <vehicle id="cfm-fast_5" pos="10.49" speed="60.68"/>
            </lane>
        </edge>
    </timestep>
    <timestep time="4.46">
        <edge id="bottom">
            <lane id="bottom_0">
                <vehicle id="cfm-fast_2" pos="15.10" speed="28.12"/>
                <vehicle id="cfm-fast_3" pos="34.77" speed="27.33"/>
            </lane>
            <lane id="bottom_1">
                <vehicle id="cfm-fast_1" pos="46.23" speed="60.35"/>
            </lane>
        </edge>
        <edge id="left">
            <lane id="left_0">
                <vehicle id="cfm-slow_5" pos="18.52" speed="29.35"/>
                <vehicle id="cfm-fast_0" pos="43.39" speed="29.57"/>
            </lane>
            <lane id="left_1"/>
        </edge>
        <edge id="right">
            <lane id="right_0">
                <vehicle id="cfm-fast_4" pos="3.50" speed="24.83"/>
                <vehicle id="cfm-slow_0" pos="20.78" speed="21.14"/>
                <vehicle id="cfm-slow_1" pos="37.34" speed="22.00"/>
            </lane>
            <lane id="right_1"/>
        </edge>
        <edge id="top">
            <lane id="top_0">
                <vehicle id="cfm-slow_2" pos="4.81" speed="23.51"/>
                <vehicle id="cfm-slow_3" pos="23.85" speed="25.63"/>
                <vehicle id="cfm-slow_4" pos="45.07" speed="27.87"/>
            </lane>
            <lane id="top_1">
                <vehicle id="cfm-fast_5" pos="11.10" speed="60.82"/>
            </lane>
        </edge>
    </timestep>
    <timestep time="4.47">
        <edge id="bottom">
            <lane id="bottom_0">
                <vehicle id="cfm-fast_2" pos="15.39" speed="28.11"/>
                <vehicle id="cfm-fast_3" pos="35.04" speed="27.31"/>
            </lane>
            <lane id="bottom_1">
                <vehicle id="cfm-fast_1" pos="46.83" speed="60.48"/>
            </lane>
        </edge>
        <edge id="left">
            <lane id="left_0">
                <vehicle id="cfm-slow_5" pos="18.82" speed="29.36"/>
                <vehicle id="cfm-fast_0" pos="43.68" speed="29.57"/>
            </lane>
            <lane id="left_1"/>
        </edge>
        <edge id="right">
            <lane id="right_0">
                <vehicle id="cfm-fast_4" pos="3.75" speed="24.81"/>
                <vehicle id="cfm-slow_0" pos="20.99" speed="21.15"/>
                <vehicle id="cfm-slow_1" pos="37.56" speed="22.02"/>
            </lane>
            <lane id="right_1"/>
        </edge>
        <edge id="top">
            <lane id="top_0">
                <vehicle id="cfm-slow_2" pos="5.05" speed="23.53"/>
                <vehicle id="cfm-slow_3" pos="24.11" speed="25.66"/>
                <vehicle id="cfm-slow_4" pos="45.35" speed="27.89"/>
            </lane>
            <lane id="top_1">
                <vehicle id="cfm-fast_5" pos="11.70" speed="60.95"/>
            </lane>
        </edge>
    </timestep>
    <timestep time="4.48">
        <edge id="bottom">
            <lane id="bottom_0">
                <vehicle id="cfm-fast_2" pos="15.67" speed="28.11"/>
                <vehicle id="cfm-fast_3" pos="35.31" speed="27.29"/>
            </lane>
            <lane id="bottom_1">
                <vehicle id="cfm-fast_1" pos="47.44" speed="60.61"/>
            </lane>
        </edge>
        <edge id="left">
            <lane id="left_0">
                <vehicle id="cfm-slow_5" pos="19.11" speed="29.36"/>
                <vehicle id="cfm-fast_0" pos="43.98" speed="29.57"/>
            </lane>
            <lane id="left_1"/>
        </edge>
        <edge id="right">
            <lane id="right_0">
                <vehicle id="cfm-fast_4" pos="4.00" speed="24.79"/>
                <vehicle id="cfm-slow_0" pos="21.20" speed="21.16"/>
                <vehicle id="cfm-slow_1" pos="37.78" speed="22.04"/>
            </lane>
            <lane id="right_1"/>
        </edge>
        <edge id="top">
            <lane id="top_0">
                <vehicle id="cfm-slow_2" pos="5.28" speed="23.56"/>
                <vehicle id="cfm-slow_3" pos="24.37" speed="25.68"/>
                <vehicle id="cfm-slow_4" pos="45.63" speed="27.90"/>
            </lane>
            <lane id="top_1">
                <vehicle id="cfm-fast_5" pos="12.32" speed="61.09"/>
            </lane>
        </edge>
    </timestep>
    <timestep time="4.49">
        <edge id="bottom">
            <lane id="bottom_0">
                <vehicle id="cfm-fast_2" pos="15.95" speed="28.11"/>
                <vehicle id="cfm-fast_3" pos="35.59" speed="27.27"/>
            </lane>
            <lane id="bottom_1">
                <vehicle id="cfm-fast_1" pos="48.05" speed="60.73"/>
            </lane>
        </edge>
        <edge id="left">
            <lane id="left_0">
                <vehicle id="cfm-slow_5" pos="19.41" speed="29.37"/>
                <vehicle id="cfm-fast_0" pos="44.28" speed="29.56"/>
            </lane>
            <lane id="left_1"/>
        </edge>
        <edge id="right">
            <lane id="right_0">
                <vehicle id="cfm-fast_4" pos="4.25" speed="24.77"/>
                <vehicle id="cfm-slow_0" pos="21.41" speed="21.18"/>
                <vehicle id="cfm-slow_1" pos="38.00" speed="22.06"/>
            </lane>
            <lane id="right_1"/>
        </edge>
        <edge id="top">
            <lane id="top_0">
                <vehicle id="cfm-slow_2" pos="5.52" speed="23.58"/>
                <vehicle id="cfm-slow_3" pos="24.62" speed="25.71"/>
                <vehicle id="cfm-slow_4" pos="45.91" speed="27.92"/>
            </lane>
            <lane id="top_1">
                <vehicle id="cfm-fast_5" pos="12.93" speed="61.23"/>
            </lane>
        </edge>
    </timestep>
    <timestep time="4.50">
        <edge id="bottom">
            <lane id="bottom_0">
                <vehicle id="cfm-fast_2" pos="16.23" speed="28.11"/>
                <vehicle id="cfm-fast_3" pos="35.86" speed="27.25"/>
            </lane>
            <lane id="bottom_1">
                <vehicle id="cfm-fast_1" pos="48.66" speed="60.86"/>
            </lane>
        </edge>
        <edge id="left">
            <lane id="left_0">
                <vehicle id="cfm-slow_5" pos="19.70" speed="29.38"/>
                <vehicle id="cfm-fast_0" pos="44.57" speed="29.56"/>
            </lane>
            <lane id="left_1"/>
        </edge>
        <edge id="right">
            <lane id="right_0">
                <vehicle id="cfm-fast_4" pos="4.49" speed="24.75"/>
                <vehicle id="cfm-slow_0" pos="21.63" speed="21.19"/>
                <vehicle id="cfm-slow_1" pos="38.22" speed="22.08"/>
            </lane>
            <lane id="right_1"/>
        </edge>
        <edge id="top">
            <lane id="top_0">
                <vehicle id="cfm-slow_2" pos="5.76" speed="23.61"/>
                <vehicle id="cfm-slow_3" pos="24.88" speed="25.73"/>
                <vehicle id="cfm-slow_4" pos="46.19" speed="27.94"/>
            </lane>
            <lane id="top_1">
                <vehicle id="cfm-fast_5" pos="13.54" speed="61.36"/>
            </lane>
        </edge>
    </timestep>
    <timestep time="4.51">
        <edge id="bottom">
            <lane id="bottom_0">
                <vehicle id="cfm-fast_2" pos="16.51" speed="28.10"/>
                <vehicle id="cfm-fast_3" pos="36.13" speed="27.23"/>
            </lane>
            <lane id="bottom_1">
                <vehicle id="cfm-fast_1" pos="49.27" speed="60.98"/>
            </lane>
        </edge>
        <edge id="left">
            <lane id="left_0">
                <vehicle id="cfm-slow_5" pos="19.99" speed="29.38"/>
                <vehicle id="cfm-fast_0" pos="44.87" speed="29.56"/>
            </lane>
            <lane id="left_1"/>
        </edge>
        <edge id="right">
            <lane id="right_0">
                <vehicle id="cfm-fast_4" pos="4.74" speed="24.73"/>
                <vehicle id="cfm-slow_0" pos="21.84" speed="21.20"/>
                <vehicle id="cfm-slow_1" pos="38.45" speed="22.09"/>
            </lane>
            <lane id="right_1"/>
        </edge>
        <edge id="top">
            <lane id="top_0">
                <vehicle id="cfm-slow_2" pos="5.99" speed="23.63"/>
                <vehicle id="cfm-slow_3" pos="25.14" speed="25.76"/>
                <vehicle id="cfm-slow_4" pos="46.47" speed="27.96"/>
            </lane>
            <lane id="top_1">
                <vehicle id="cfm-fast_5" pos="14.16" speed="61.50"/>
            </lane>
        </edge>
    </timestep>
    <timestep time="4.52">
        <edge id="bottom">
            <lane id="bottom_0">
                <vehicle id="cfm-fast_2" pos="16.79" speed="28.10"/>
                <vehicle id="cfm-fast_3" pos="36.40" speed="27.22"/>
            </lane>
            <lane id="bottom_1">
                <vehicle id="cfm-fast_1" pos="49.88" speed="61.10"/>
            </lane>
        </edge>
        <edge id="left">
            <lane id="left_0">
                <vehicle id="cfm-slow_5" pos="20.29" speed="29.39"/>
                <vehicle id="cfm-fast_0" pos="45.16" speed="29.55"/>
            </lane>
            <lane id="left_1"/>
        </edge>
        <edge id="right">
            <lane id="right_0">
                <vehicle id="cfm-fast_4" pos="4.99" speed="24.71"/>
                <vehicle id="cfm-slow_0" pos="22.05" speed="21.21"/>
                <vehicle id="cfm-slow_1" pos="38.67" speed="22.11"/>
            </lane>
            <lane id="right_1"/>
        </edge>
        <edge id="top">
            <lane id="top_0">
                <vehicle id="cfm-slow_2" pos="6.23" speed="23.65"/>
                <vehicle id="cfm-slow_3" pos="25.40" speed="25.78"/>
                <vehicle id="cfm-slow_4" pos="46.75" speed="27.98"/>
            </lane>
            <lane id="top_1">
                <vehicle id="cfm-fast_5" pos="14.77" speed="61.64"/>
            </lane>
        </edge>
    </timestep>
    <timestep time="4.53">
        <edge id="bottom">
            <lane id="bottom_0">
                <vehicle id="cfm-fast_2" pos="17.07" speed="28.10"/>
                <vehicle id="cfm-fast_3" pos="36.68" speed="27.20"/>
            </lane>
            <lane id="bottom_1"/>
        </edge>
        <edge id="left">
            <lane id="left_0">
                <vehicle id="cfm-slow_5" pos="20.58" speed="29.40"/>
                <vehicle id="cfm-fast_0" pos="45.46" speed="29.55"/>
            </lane>
            <lane id="left_1"/>
        </edge>
        <edge id="right">
            <lane id="right_0">
                <vehicle id="cfm-fast_4" pos="5.23" speed="24.69"/>
                <vehicle id="cfm-slow_0" pos="22.26" speed="21.22"/>
                <vehicle id="cfm-slow_1" pos="38.89" speed="22.13"/>
            </lane>
            <lane id="right_1">
                <vehicle id="cfm-fast_1" pos="0.49" speed="61.22"/>
            </lane>
        </edge>
        <edge id="top">
            <lane id="top_0">
                <vehicle id="cfm-slow_2" pos="6.47" speed="23.68"/>
                <vehicle id="cfm-slow_3" pos="25.65" speed="25.81"/>
                <vehicle id="cfm-slow_4" pos="47.03" speed="28.00"/>
            </lane>
            <lane id="top_1">
                <vehicle id="cfm-fast_5" pos="15.39" speed="61.77"/>
            </lane>
        </edge>
    </timestep>
    <timestep time="4.54">
        <edge id="bottom">
            <lane id="bottom_0">
                <vehicle id="cfm-fast_2" pos="17.35" speed="28.09"/>
                <vehicle id="cfm-fast_3" pos="36.95" speed="27.18"/>
            </lane>
            <lane id="bottom_1"/>
        </edge>
        <edge id="left">
            <lane id="left_0">
                <vehicle id="cfm-slow_5" pos="20.88" speed="29.40"/>
                <vehicle id="cfm-fast_0" pos="45.75" speed="29.55"/>
            </lane>
            <lane id="left_1"/>
        </edge>
        <edge id="right">
            <lane id="right_0">
                <vehicle id="cfm-fast_4" pos="5.48" speed="24.67"/>
                <vehicle id="cfm-slow_0" pos="22.47" speed="21.24"/>
                <vehicle id="cfm-slow_1" pos="39.11" speed="22.15"/>
            </lane>
            <lane id="right_1">
                <vehicle id="cfm-fast_1" pos="1.10" speed="61.34"/>
            </lane>
        </edge>
        <edge id="top">
            <lane id="top_0">
                <vehicle id="cfm-slow_2" pos="6.70" speed="23.70"/>
                <vehicle id="cfm-slow_3" pos="25.91" speed="25.83"/>
                <vehicle id="cfm-slow_4" pos="47.31" speed="28.01"/>
            </lane>
            <lane id="top_1">
                <vehicle id="cfm-fast_5" pos="16.01" speed="61.91"/>
            </lane>
        </edge>
    </timestep>
    <timestep time="4.55">
        <edge id="bottom">
            <lane id="bottom_0">
                <vehicle id="cfm-fast_2" pos="17.63" speed="28.09"/>
                <vehicle id="cfm-fast_3" pos="37.22" speed="27.16"/>
            </lane>
            <lane id="bottom_1"/>
        </edge>
        <edge id="left">
            <lane id="left_0">
                <vehicle id="cfm-slow_5" pos="21.17" speed="29.41"/>
                <vehicle id="cfm-fast_0" pos="46.05" speed="29.54"/>
            </lane>
            <lane id="left_1"/>
        </edge>
        <edge id="right">
            <lane id="right_0">
                <vehicle id="cfm-fast_4" pos="5.73" speed="24.65"/>
                <vehicle id="cfm-slow_0" pos="22.69" speed="21.25"/>
                <vehicle id="cfm-slow_1" pos="39.33" speed="22.17"/>
            </lane>
            <lane id="right_1">
                <vehicle id="cfm-fast_1" pos="1.72" speed="61.46"/>
            </lane>
        </edge>
        <edge id="top">
            <lane id="top_0">
                <vehicle id="cfm-slow_2" pos="6.94" speed="23.73"/>
                <vehicle id="cfm-slow_3" pos="26.17" speed="25.86"/>
                <vehicle id="cfm-slow_4" pos="47.59" speed="28.03"/>
            </lane>
            <lane id="top_1">
                <vehicle id="cfm-fast_5" pos="16.63" speed="62.05"/>
            </lane>
        </edge>
    </timestep>
    <timestep time="4.56">
        <edge id="bottom">
            <lane id="bottom_0">
                <vehicle id="cfm-fast_2" pos="17.91" speed="28.08"/>
                <vehicle id="cfm-fast_3" pos="37.49" speed="27.14"/>
            </lane>
            <lane id="bottom_1"/>
        </edge>
        <edge id="left">
            <lane id="left_0">
                <vehicle id="cfm-slow_5" pos="21.46" speed="29.41"/>
                <vehicle id="cfm-fast_0" pos="46.34" speed="29.54"/>
            </lane>
            <lane id="left_1"/>
        </edge>
        <edge id="right">
            <lane id="right_0">
                <vehicle id="cfm-fast_4" pos="5.97" speed="24.63"/>
                <vehicle id="cfm-slow_0" pos="22.90" speed="21.26"/>
                <vehicle id="cfm-slow_1" pos="39.55" speed="22.18"/>
            </lane>
            <lane id="right_1">
                <vehicle id="cfm-fast_1" pos="2.33" speed="61.58"/>
            </lane>
        </edge>
        <edge id="top">
            <lane id="top_0">
                <vehicle id="cfm-slow_2" pos="7.18" speed="23.75"/>
                <vehicle id="cfm-slow_3" pos="26.43" speed="25.88"/>
                <vehicle id="cfm-slow_4" pos="47.87" speed="28.05"/>
            </lane>
            <lane id="top_1">
                <vehicle id="cfm-fast_5" pos="17.25" speed="62.18"/>
            </lane>
        </edge>
    </timestep>
    <timestep time="4.57">
        <edge id="bottom">
            <lane id="bottom_0">
                <vehicle id="cfm-fast_2" pos="18.20" speed="28.08"/>
                <vehicle id="cfm-fast_3" pos="37.76" speed="27.12"/>
            </lane>
            <lane id="bottom_1"/>
        </edge>
        <edge id="left">
            <lane id="left_0">
                <vehicle id="cfm-slow_5" pos="21.76" speed="29.42"/>
                <vehicle id="cfm-fast_0" pos="46.64" speed="29.54"/>
            </lane>
            <lane id="left_1"/>
        </edge>
        <edge id="right">
            <lane id="right_0">
                <vehicle id="cfm-fast_4" pos="6.22" speed="24.61"/>
                <vehicle id="cfm-slow_0" pos="23.11" speed="21.27"/>
                <vehicle id="cfm-slow_1" pos="39.77" speed="22.20"/>
            </lane>
            <lane id="right_1">
                <vehicle id="cfm-fast_1" pos="2.95" speed="61.70"/>
            </lane>
        </edge>
        <edge id="top">
            <lane id="top_0">
                <vehicle id="cfm-slow_2" pos="7.42" speed="23.77"/>
                <vehicle id="cfm-slow_3" pos="26.69" speed="25.91"/>
                <vehicle id="cfm-slow_4" pos="48.15" speed="28.07"/>
            </lane>
            <lane id="top_1">
                <vehicle id="cfm-fast_5" pos="17.88" speed="62.32"/>
            </lane>
        </edge>
    </timestep>
    <timestep time="4.58">
        <edge id="bottom">
            <lane id="bottom_0">
                <vehicle id="cfm-fast_2" pos="18.48" speed="28.08"/>
                <vehicle id="cfm-fast_3" pos="38.03" speed="27.10"/>
            </lane>
            <lane id="bottom_1"/>
        </edge>
        <edge id="left">
            <lane id="left_0">
                <vehicle id="cfm-slow_5" pos="22.05" speed="29.42"/>
                <vehicle id="cfm-fast_0" pos="46.94" speed="29.53"/>
            </lane>
            <lane id="left_1"/>
        </edge>
        <edge id="right">
            <lane id="right_0">
                <vehicle id="cfm-fast_4" pos="6.47" speed="24.59"/>
                <vehicle id="cfm-slow_0" pos="23.33" speed="21.28"/>
                <vehicle id="cfm-slow_1" pos="40.00" speed="22.22"/>
            </lane>
            <lane id="right_1">
                <vehicle id="cfm-fast_1" pos="3.57" speed="61.81"/>
            </lane>
        </edge>
        <edge id="top">
            <lane id="top_0">
                <vehicle id="cfm-slow_2" pos="7.65" speed="23.80"/>
                <vehicle id="cfm-slow_3" pos="26.95" speed="25.93"/>
                <vehicle id="cfm-slow_4" pos="48.43" speed="28.08"/>
            </lane>
            <lane id="top_1">
                <vehicle id="cfm-fast_5" pos="18.50" speed="62.45"/>
            </lane>
        </edge>
    </timestep>
    <timestep time="4.59">
        <edge id="bottom">
            <lane id="bottom_0">
                <vehicle id="cfm-fast_2" pos="18.76" speed="28.07"/>
                <vehicle id="cfm-fast_3" pos="38.30" speed="27.08"/>
            </lane>
            <lane id="bottom_1"/>
        </edge>
        <edge id="left">
            <lane id="left_0">
                <vehicle id="cfm-slow_5" pos="22.35" speed="29.43"/>
                <vehicle id="cfm-fast_0" pos="47.23" speed="29.53"/>
            </lane>
            <lane id="left_1"/>
        </edge>
        <edge id="right">
            <lane id="right_0">
                <vehicle id="cfm-fast_4" pos="6.71" speed="24.58"/>
                <vehicle id="cfm-slow_0" pos="23.54" speed="21.29"/>
                <vehicle id="cfm-slow_1" pos="40.22" speed="22.24"/>
            </lane>
            <lane id="right_1">
                <vehicle id="cfm-fast_1" pos="4.19" speed="61.93"/>
            </lane>
        </edge>
        <edge id="top">
            <lane id="top_0">
                <vehicle id="cfm-slow_2" pos="7.89" speed="23.82"/>
                <vehicle id="cfm-slow_3" pos="27.21" speed="25.96"/>
                <vehicle id="cfm-slow_4" pos="48.71" speed="28.10"/>
            </lane>
            <lane id="top_1">
                <vehicle id="cfm-fast_5" pos="19.13" speed="62.59"/>
            </lane>
        </edge>
    </timestep>
    <timestep time="4.60">
        <edge id="bottom">
            <lane id="bottom_0">
                <vehicle id="cfm-fast_2" pos="19.04" speed="28.07"/>
                <vehicle id="cfm-fast_3" pos="38.57" speed="27.06"/>
            </lane>
            <lane id="bottom_1"/>
        </edge>
        <edge id="left">
            <lane id="left_0">
                <vehicle id="cfm-slow_5" pos="22.64" speed="29.43"/>
                <vehicle id="cfm-fast_0" pos="47.53" speed="29.52"/>
            </lane>
            <lane id="left_1"/>
        </edge>
        <edge id="right">
            <lane id="right_0">
                <vehicle id="cfm-fast_4" pos="6.96" speed="24.56"/>
                <vehicle id="cfm-slow_0" pos="23.75" speed="21.31"/>
                <vehicle id="cfm-slow_1" pos="40.44" speed="22.26"/>
            </lane>
            <lane id="right_1">
                <vehicle id="cfm-fast_1" pos="4.81" speed="62.05"/>
            </lane>
        </edge>
        <edge id="top">
            <lane id="top_0">
                <vehicle id="cfm-slow_2" pos="8.13" speed="23.85"/>
                <vehicle id="cfm-slow_3" pos="27.47" speed="25.98"/>
                <vehicle id="cfm-slow_4" pos="48.99" speed="28.12"/>
            </lane>
            <lane id="top_1">
                <vehicle id="cfm-fast_5" pos="19.75" speed="62.73"/>
            </lane>
        </edge>
    </timestep>
    <timestep time="4.61">
        <edge id="bottom">
            <lane id="bottom_0">
                <vehicle id="cfm-fast_2" pos="19.32" speed="28.06"/>
                <vehicle id="cfm-fast_3" pos="38.84" speed="27.04"/>
            </lane>
            <lane id="bottom_1"/>
        </edge>
        <edge id="left">
            <lane id="left_0">
                <vehicle id="cfm-slow_5" pos="22.93" speed="29.44"/>
                <vehicle id="cfm-fast_0" pos="47.82" speed="29.52"/>
            </lane>
            <lane id="left_1"/>
        </edge>
        <edge id="right">
            <lane id="right_0">
                <vehicle id="cfm-fast_4" pos="7.20" speed="24.54"/>
                <vehicle id="cfm-slow_0" pos="23.96" speed="21.32"/>
                <vehicle id="cfm-slow_1" pos="40.66" speed="22.28"/>
            </lane>
            <lane id="right_1">
                <vehicle id="cfm-fast_1" pos="5.43" speed="62.16"/>
            </lane>
        </edge>
        <edge id="top">
            <lane id="top_0">
                <vehicle id="cfm-slow_2" pos="8.37" speed="23.87"/>
                <vehicle id="cfm-slow_3" pos="27.73" speed="26.01"/>
                <vehicle id="cfm-slow_4" pos="49.27" speed="28.13"/>
            </lane>
            <lane id="top_1">
                <vehicle id="cfm-fast_5" pos="20.38" speed="62.86"/>
            </lane>
        </edge>
    </timestep>
    <timestep time="4.62">
        <edge id="bottom">
            <lane id="bottom_0">
                <vehicle id="cfm-fast_2" pos="19.60" speed="28.06"/>
                <vehicle id="cfm-fast_3" pos="39.12" speed="27.02"/>
            </lane>
            <lane id="bottom_1"/>
        </edge>
        <edge id="left">
            <lane id="left_0">
                <vehicle id="cfm-slow_5" pos="23.23" speed="29.44"/>
                <vehicle id="cfm-fast_0" pos="48.12" speed="29.52"/>
            </lane>
            <lane id="left_1"/>
        </edge>
        <edge id="right">
            <lane id="right_0">
                <vehicle id="cfm-fast_4" pos="7.45" speed="24.52"/>
                <vehicle id="cfm-slow_0" pos="24.18" speed="21.33"/>
                <vehicle id="cfm-slow_1" pos="40.89" speed="22.29"/>
            </lane>
            <lane id="right_1">
                <vehicle id="cfm-fast_1" pos="6.05" speed="62.27"/>
            </lane>
        </edge>
        <edge id="top">
            <lane id="top_0">
                <vehicle id="cfm-slow_2" pos="8.61" speed="23.89"/>
                <vehicle id="cfm-slow_3" pos="27.99" speed="26.03"/>
                <vehicle id="cfm-slow_4" pos="49.55" speed="28.15"/>
            </lane>
            <lane id="top_1">
                <vehicle id="cfm-fast_5" pos="21.01" speed="63.00"/>
            </lane>
        </edge>
    </timestep>
    <timestep time="4.63">
        <edge id="bottom">
            <lane id="bottom_0">
                <vehicle id="cfm-fast_2" pos="19.88" speed="28.05"/>
                <vehicle id="cfm-fast_3" pos="39.39" speed="27.00"/>
            </lane>
            <lane id="bottom_1"/>
        </edge>
        <edge id="left">
            <lane id="left_0">
                <vehicle id="cfm-slow_5" pos="23.52" speed="29.45"/>
                <vehicle id="cfm-fast_0" pos="48.41" speed="29.51"/>
            </lane>
            <lane id="left_1"/>
        </edge>
        <edge id="right">
            <lane id="right_0">
                <vehicle id="cfm-fast_4" pos="7.69" speed="24.50"/>
                <vehicle id="cfm-slow_0" pos="24.39" speed="21.34"/>
                <vehicle id="cfm-slow_1" pos="41.11" speed="22.31"/>
            </lane>
            <lane id="right_1">
                <vehicle id="cfm-fast_1" pos="6.68" speed="62.39"/>
            </lane>
        </edge>
        <edge id="top">
            <lane id="top_0">
                <vehicle id="cfm-slow_2" pos="8.85" speed="23.92"/>
                <vehicle id="cfm-slow_3" pos="28.25" speed="26.05"/>
                <vehicle id="cfm-slow_4" pos="49.83" speed="28.17"/>
            </lane>
            <lane id="top_1">
                <vehicle id="cfm-fast_5" pos="21.64" speed="63.14"/>
            </lane>
        </edge>
    </timestep>
    <timestep time="4.64">
        <edge id="bottom">
            <lane id="bottom_0">
                <vehicle id="cfm-fast_2" pos="20.16" speed="28.05"/>
                <vehicle id="cfm-fast_3" pos="39.65" speed="26.98"/>
            </lane>
            <lane id="bottom_1"/>
        </edge>
        <edge id="left">
            <lane id="left_0">
                <vehicle id="cfm-slow_4" pos="0.12" speed="28.18"/>
                <vehicle id="cfm-slow_5" pos="23.82" speed="29.45"/>
                <vehicle id="cfm-fast_0" pos="48.71" speed="29.51"/>
            </lane>
            <lane id="left_1"/>
        </edge>
        <edge id="right">
            <lane id="right_0">
                <vehicle id="cfm-fast_4" pos="7.94" speed="24.48"/>
                <vehicle id="cfm-slow_0" pos="24.60" speed="21.36"/>
                <vehicle id="cfm-slow_1" pos="41.33" speed="22.33"/>
            </lane>
            <lane id="right_1">
                <vehicle id="cfm-fast_1" pos="7.30" speed="62.50"/>
            </lane>
        </edge>
        <edge id="top">
            <lane id="top_0">
                <vehicle id="cfm-slow_2" pos="9.09" speed="23.94"/>
                <vehicle id="cfm-slow_3" pos="28.51" speed="26.08"/>
            </lane>
            <lane id="top_1">
                <vehicle id="cfm-fast_5" pos="22.28" speed="63.27"/>
            </lane>
        </edge>
    </timestep>
    <timestep time="4.65">
        <edge id="bottom">
            <lane id="bottom_0">
                <vehicle id="cfm-fast_2" pos="20.44" speed="28.04"/>
                <vehicle id="cfm-fast_3" pos="39.92" speed="26.96"/>
            </lane>
            <lane id="bottom_1"/>
        </edge>
        <edge id="left">
            <lane id="left_0">
                <vehicle id="cfm-slow_4" pos="0.40" speed="28.20"/>
                <vehicle id="cfm-slow_5" pos="24.11" speed="29.46"/>
                <vehicle id="cfm-fast_0" pos="49.00" speed="29.50"/>
            </lane>
            <lane id="left_1"/>
        </edge>
        <edge id="right">
            <lane id="right_0">
                <vehicle id="cfm-fast_4" pos="8.18" speed="24.47"/>
                <vehicle id="cfm-slow_0" pos="24.82" speed="21.37"/>
                <vehicle id="cfm-slow_1" pos="41.56" speed="22.35"/>
            </lane>
            <lane id="right_1">
                <vehicle id="cfm-fast_1" pos="7.93" speed="62.61"/>
            </lane>
        </edge>
        <edge id="top">
            <lane id="top_0">
                <vehicle id="cfm-slow_2" pos="9.33" speed="23.97"/>
                <vehicle id="cfm-slow_3" pos="28.77" speed="26.10"/>
            </lane>
            <lane id="top_1">
                <vehicle id="cfm-fast_5" pos="22.91" speed="63.41"/>
            </lane>
        </edge>
    </timestep>
    <timestep time="4.66">
        <edge id="bottom">
            <lane id="bottom_0">
                <vehicle id="cfm-fast_2" pos="20.72" speed="28.03"/>
                <vehicle id="cfm-fast_3" pos="40.19" speed="26.94"/>
            </lane>
            <lane id="bottom_1"/>
        </edge>
        <edge id="left">
            <lane id="left_0">
                <vehicle id="cfm-slow_4" pos="0.68" speed="28.22"/>
                <vehicle id="cfm-slow_5" pos="24.41" speed="29.46"/>
                <vehicle id="cfm-fast_0" pos="49.30" speed="29.50"/>
            </lane>
            <lane id="left_1"/>
        </edge>
        <edge id="right">
            <lane id="right_0">
                <vehicle id="cfm-fast_4" pos="8.43" speed="24.45"/>
                <vehicle id="cfm-slow_0" pos="25.03" speed="21.38"/>
                <vehicle id="cfm-slow_1" pos="41.78" speed="22.37"/>
            </lane>
            <lane id="right_1">
                <vehicle id="cfm-fast_1" pos="8.55" speed="62.72"/>
            </lane>
        </edge>
        <edge id="top">
            <lane id="top_0">
                <vehicle id="cfm-slow_2" pos="9.57" speed="23.99"/>
                <vehicle id="cfm-slow_3" pos="29.03" speed="26.13"/>
            </lane>
            <lane id="top_1">
                <vehicle id="cfm-fast_5" pos="23.55" speed="63.55"/>
            </lane>
        </edge>
    </timestep>
    <timestep time="4.67">
        <edge id="bottom">
            <lane id="bottom_0">
                <vehicle id="cfm-fast_2" pos="21.00" speed="28.03"/>
                <vehicle id="cfm-fast_3" pos="40.46" speed="26.92"/>
            </lane>
            <lane id="bottom_1"/>
        </edge>
        <edge id="left">
            <lane id="left_0">
                <vehicle id="cfm-slow_4" pos="0.96" speed="28.23"/>
                <vehicle id="cfm-slow_5" pos="24.70" speed="29.47"/>
                <vehicle id="cfm-fast_0" pos="49.59" speed="29.49"/>
            </lane>
            <lane id="left_1"/>
        </edge>
        <edge id="right">
            <lane id="right_0">
                <vehicle id="cfm-fast_4" pos="8.67" speed="24.43"/>
                <vehicle id="cfm-slow_0" pos="25.25" speed="21.39"/>
                <vehicle id="cfm-slow_1" pos="42.00" speed="22.39"/>
            </lane>
            <lane id="right_1">
                <vehicle id="cfm-fast_1" pos="9.18" speed="62.83"/>
            </lane>
        </edge>
        <edge id="top">
            <lane id="top_0">
                <vehicle id="cfm-slow_2" pos="9.81" speed="24.01"/>
                <vehicle id="cfm-slow_3" pos="29.29" speed="26.15"/>
            </lane>
            <lane id="top_1">
                <vehicle id="cfm-fast_5" pos="24.18" speed="63.68"/>
            </lane>
        </edge>
    </timestep>
    <timestep time="4.68">
        <edge id="bottom">
            <lane id="bottom_0">
                <vehicle id="cfm-fast_2" pos="21.28" speed="28.02"/>
                <vehicle id="cfm-fast_3" pos="40.73" speed="26.90"/>
            </lane>
            <lane id="bottom_1"/>
        </edge>
        <edge id="left">
            <lane id="left_0">
                <vehicle id="cfm-slow_4" pos="1.25" speed="28.25"/>
                <vehicle id="cfm-slow_5" pos="25.00" speed="29.47"/>
                <vehicle id="cfm-fast_0" pos="49.89" speed="29.49"/>
            </lane>
            <lane id="left_1"/>
        </edge>
        <edge id="right">
            <lane id="right_0">
                <vehicle id="cfm-fast_4" pos="8.91" speed="24.41"/>
                <vehicle id="cfm-slow_0" pos="25.46" speed="21.41"/>
                <vehicle id="cfm-slow_1" pos="42.23" speed="22.40"/>
            </lane>
            <lane id="right_1">
                <vehicle id="cfm-fast_1" pos="9.81" speed="62.94"/>
            </lane>
        </edge>
        <edge id="top">
            <lane id="top_0">
                <vehicle id="cfm-slow_2" pos="10.05" speed="24.04"/>
                <vehicle id="cfm-slow_3" pos="29.56" speed="26.17"/>
            </lane>
            <lane id="top_1">
                <vehicle id="cfm-fast_5" pos="24.82" speed="63.82"/>
            </lane>
        </edge>
    </timestep>
    <timestep time="4.69">
        <edge id="bottom">
            <lane id="bottom_0">
                <vehicle id="cfm-fast_0" pos="0.18" speed="29.48"/>
                <vehicle id="cfm-fast_2" pos="21.56" speed="28.02"/>
                <vehicle id="cfm-fast_3" pos="41.00" speed="26.88"/>
            </lane>
            <lane id="bottom_1"/>
        </edge>
        <edge id="left">
            <lane id="left_0">
                <vehicle id="cfm-slow_4" pos="1.53" speed="28.26"/>
                <vehicle id="cfm-slow_5" pos="25.29" speed="29.47"/>
            </lane>
            <lane id="left_1"/>
        </edge>
        <edge id="right">
            <lane id="right_0">
                <vehicle id="cfm-fast_4" pos="9.16" speed="24.40"/>
                <vehicle id="cfm-slow_0" pos="25.67" speed="21.42"/>
                <vehicle id="cfm-slow_1" pos="42.45" speed="22.42"/>
            </lane>
            <lane id="right_1">
                <vehicle id="cfm-fast_1" pos="10.44" speed="63.05"/>
            </lane>
        </edge>
        <edge id="top">
            <lane id="top_0">
                <vehicle id="cfm-slow_2" pos="10.29" speed="24.06"/>
                <vehicle id="cfm-slow_3" pos="29.82" speed="26.20"/>
            </lane>
            <lane id="top_1">
                <vehicle id="cfm-fast_5" pos="25.46" speed="63.95"/>
            </lane>
        </edge>
    </timestep>
    <timestep time="4.70">
        <edge id="bottom">
            <lane id="bottom_0">
                <vehicle id="cfm-fast_0" pos="0.48" speed="29.48"/>
                <vehicle id="cfm-fast_2" pos="21.84" speed="28.01"/>
                <vehicle id="cfm-fast_3" pos="41.27" speed="26.86"/>
            </lane>
            <lane id="bottom_1"/>
        </edge>
        <edge id="left">
            <lane id="left_0">
                <vehicle id="cfm-slow_4" pos="1.81" speed="28.28"/>
                <vehicle id="cfm-slow_5" pos="25.59" speed="29.48"/>
            </lane>
            <lane id="left_1"/>
        </edge>
        <edge id="right">
            <lane id="right_0">
                <vehicle id="cfm-fast_4" pos="9.40" speed="24.38"/>
                <vehicle id="cfm-slow_0" pos="25.89" speed="21.43"/>
                <vehicle id="cfm-slow_1" pos="42.68" speed="22.44"/>
            </lane>
            <lane id="right_1">
                <vehicle id="cfm-fast_1" pos="11.07" speed="63.16"/>
            </lane>
        </edge>
        <edge id="top">
            <lane id="top_0">
                <vehicle id="cfm-slow_2" pos="10.53" speed="24.08"/>
                <vehicle id="cfm-slow_3" pos="30.08" speed="26.22"/>
            </lane>
            <lane id="top_1">
                <vehicle id="cfm-fast_5" pos="26.10" speed="64.09"/>
            </lane>
        </edge>
    </timestep>
    <timestep time="4.71">
        <edge id="bottom">
            <lane id="bottom_0">
                <vehicle id="cfm-fast_0" pos="0.77" speed="29.47"/>
                <vehicle id="cfm-fast_2" pos="22.12" speed="28.00"/>
                <vehicle id="cfm-fast_3" pos="41.54" speed="26.84"/>
            </lane>
            <lane id="bottom_1"/>
        </edge>
        <edge id="left">
            <lane id="left_0">
                <vehicle id="cfm-slow_4" pos="2.09" speed="28.29"/>
                <vehicle id="cfm-slow_5" pos="25.88" speed="29.48"/>
            </lane>
            <lane id="left_1"/>
        </edge>
        <edge id="right">
            <lane id="right_0">
                <vehicle id="cfm-fast_4" pos="9.65" speed="24.36"/>
                <vehicle id="cfm-slow_0" pos="26.10" speed="21.44"/>
                <vehicle id="cfm-slow_1" pos="42.90" speed="22.46"/>
            </lane>
            <lane id="right_1">
                <vehicle id="cfm-fast_1" pos="11.71" speed="63.26"/>
            </lane>
        </edge>
        <edge id="top">
            <lane id="top_0">
                <vehicle id="cfm-slow_2" pos="10.77" speed="24.11"/>
                <vehicle id="cfm-slow_3" pos="30.34" speed="26.24"/>
            </lane>
            <lane id="top_1">
                <vehicle id="cfm-fast_5" pos="26.74" speed="64.23"/>
            </lane>
        </edge>
    </timestep>
    <timestep time="4.72">
        <edge id="bottom">
            <lane id="bottom_0">
                <vehicle id="cfm-fast_0" pos="1.07" speed="29.47"/>
                <vehicle id="cfm-fast_2" pos="22.40" speed="28.00"/>
                <vehicle id="cfm-fast_3" pos="41.81" speed="26.82"/>
            </lane>
            <lane id="bottom_1"/>
        </edge>
        <edge id="left">
            <lane id="left_0">
                <vehicle id="cfm-slow_4" pos="2.38" speed="28.31"/>
                <vehicle id="cfm-slow_5" pos="26.18" speed="29.48"/>
            </lane>
            <lane id="left_1"/>
        </edge>
        <edge id="right">
            <lane id="right_0">
                <vehicle id="cfm-fast_4" pos="9.89" speed="24.35"/>
                <vehicle id="cfm-slow_0" pos="26.32" speed="21.45"/>
                <vehicle id="cfm-slow_1" pos="43.13" speed="22.48"/>
            </lane>
            <lane id="right_1">
                <vehicle id="cfm-fast_1" pos="12.34" speed="63.37"/>
            </lane>
        </edge>
        <edge id="top">
            <lane id="top_0">
                <vehicle id="cfm-slow_2" pos="11.01" speed="24.13"/>
                <vehicle id="cfm-slow_3" pos="30.60" speed="26.27"/>
            </lane>
            <lane id="top_1">
                <vehicle id="cfm-fast_5" pos="27.39" speed="64.36"/>
            </lane>
        </edge>
    </timestep>
    <timestep time="4.73">
        <edge id="bottom">
            <lane id="bottom_0">
                <vehicle id="cfm-fast_0" pos="1.36" speed="29.46"/>
                <vehicle id="cfm-fast_2" pos="22.68" speed="27.99"/>
                <vehicle id="cfm-fast_3" pos="42.07" speed="26.80"/>
            </lane>
            <lane id="bottom_1"/>
        </edge>
        <edge id="left">
            <lane id="left_0">
                <vehicle id="cfm-slow_4" pos="2.66" speed="28.32"/>
                <vehicle id="cfm-slow_5" pos="26.47" speed="29.49"/>
            </lane>
            <lane id="left_1"/>
        </edge>
        <edge id="right">
            <lane id="right_0">
                <vehicle id="cfm-fast_4" pos="10.13" speed="24.33"/>
                <vehicle id="cfm-slow_0" pos="26.53" speed="21.47"/>
                <vehicle id="cfm-slow_1" pos="43.35" speed="22.50"/>
            </lane>
            <lane id="right_1">
                <vehicle id="cfm-fast_1" pos="12.98" speed="63.48"/>
            </lane>
        </edge>
        <edge id="top">
            <lane id="top_0">
                <vehicle id="cfm-slow_2" pos="11.25" speed="24.15"/>
                <vehicle id="cfm-slow_3" pos="30.87" speed="26.29"/>
            </lane>
            <lane id="top_1">
                <vehicle id="cfm-fast_5" pos="28.03" speed="64.50"/>
            </lane>
        </edge>
    </timestep>
    <timestep time="4.74">
        <edge id="bottom">
            <lane id="bottom_0">
                <vehicle id="cfm-fast_0" pos="1.65" speed="29.45"/>
                <vehicle id="cfm-fast_2" pos="22.96" speed="27.98"/>
                <vehicle id="cfm-fast_3" pos="42.34" speed="26.78"/>
            </lane>
            <lane id="bottom_1"/>
        </edge>
        <edge id="left">
            <lane id="left_0">
                <vehicle id="cfm-slow_4" pos="2.94" speed="28.34"/>
                <vehicle id="cfm-slow_5" pos="26.77" speed="29.49"/>
            </lane>
            <lane id="left_1"/>
        </edge>
        <edge id="right">
            <lane id="right_0">
                <vehicle id="cfm-fast_4" pos="10.38" speed="24.31"/>
                <vehicle id="cfm-slow_0" pos="26.75" speed="21.48"/>
                <vehicle id="cfm-slow_1" pos="43.58" speed="22.52"/>
            </lane>
            <lane id="right_1">
                <vehicle id="cfm-fast_1" pos="13.61" speed="63.58"/>
            </lane>
        </edge>
        <edge id="top">
            <lane id="top_0">
                <vehicle id="cfm-slow_2" pos="11.49" speed="24.18"/>
                <vehicle id="cfm-slow_3" pos="31.13" speed="26.31"/>
            </lane>
            <lane id="top_1">
                <vehicle id="cfm-fast_5" pos="28.68" speed="64.64"/>
            </lane>
        </edge>
    </timestep>
    <timestep time="4.75">
        <edge id="bottom">
            <lane id="bottom_0">
                <vehicle id="cfm-fast_0" pos="1.95" speed="29.45"/>
                <vehicle id="cfm-fast_2" pos="23.24" speed="27.98"/>
                <vehicle id="cfm-fast_3" pos="42.61" speed="26.76"/>
            </lane>
            <lane id="bottom_1"/>
        </edge>
        <edge id="left">
            <lane id="left_0">
                <vehicle id="cfm-slow_4" pos="3.23" speed="28.35"/>
                <vehicle id="cfm-slow_5" pos="27.06" speed="29.50"/>
            </lane>
            <lane id="left_1"/>
        </edge>
        <edge id="right">
            <lane id="right_0">
                <vehicle id="cfm-fast_4" pos="10.62" speed="24.30"/>
                <vehicle id="cfm-slow_0" pos="26.96" speed="21.49"/>
                <vehicle id="cfm-slow_1" pos="43.80" speed="22.54"/>
            </lane>
            <lane id="right_1">
                <vehicle id="cfm-fast_1" pos="14.25" speed="63.69"/>
            </lane>
        </edge>
        <edge id="top">
            <lane id="top_0">
                <vehicle id="cfm-slow_2" pos="11.74" speed="24.20"/>
                <vehicle id="cfm-slow_3" pos="31.39" speed="26.34"/>
            </lane>
            <lane id="top_1">
                <vehicle id="cfm-fast_5" pos="29.33" speed="64.77"/>
            </lane>
        </edge>
    </timestep>
    <timestep time="4.76">
        <edge id="bottom">
            <lane id="bottom_0">
                <vehicle id="cfm-fast_0" pos="2.24" speed="29.44"/>
                <vehicle id="cfm-fast_2" pos="23.52" speed="27.97"/>
                <vehicle id="cfm-fast_3" pos="42.88" speed="26.74"/>
            </lane>
            <lane id="bottom_1"/>
        </edge>
        <edge id="left">
            <lane id="left_0">
                <vehicle id="cfm-slow_4" pos="3.51" speed="28.37"/>
                <vehicle id="cfm-slow_5" pos="27.36" speed="29.50"/>
            </lane>
            <lane id="left_1"/>
        </edge>
        <edge id="right">
            <lane id="right_0">
                <vehicle id="cfm-fast_4" pos="10.86" speed="24.28"/>
                <vehicle id="cfm-slow_0" pos="27.18" speed="21.51"/>
                <vehicle id="cfm-slow_1" pos="44.03" speed="22.55"/>
            </lane>
            <lane id="right_1">
                <vehicle id="cfm-fast_1" pos="14.89" speed="63.79"/>
            </lane>
        </edge>
        <edge id="top">
            <lane id="top_0">
                <vehicle id="cfm-slow_2" pos="11.98" speed="24.23"/>
                <vehicle id="cfm-slow_3" pos="31.66" speed="26.36"/>
            </lane>
            <lane id="top_1">
                <vehicle id="cfm-fast_5" pos="29.97" speed="64.91"/>
            </lane>
        </edge>
    </timestep>
    <timestep time="4.77">
        <edge id="bottom">
            <lane id="bottom_0">
                <vehicle id="cfm-fast_0" pos="2.54" speed="29.44"/>
                <vehicle id="cfm-fast_2" pos="23.80" speed="27.96"/>
                <vehicle id="cfm-fast_3" pos="43.14" speed="26.72"/>
            </lane>
            <lane id="bottom_1"/>
        </edge>
        <edge id="left">
            <lane id="left_0">
                <vehicle id="cfm-slow_4" pos="3.79" speed="28.38"/>
                <vehicle id="cfm-slow_5" pos="27.65" speed="29.50"/>
            </lane>
            <lane id="left_1"/>
        </edge>
        <edge id="right">
            <lane id="right_0">
                <vehicle id="cfm-fast_4" pos="11.10" speed="24.27"/>
                <vehicle id="cfm-slow_0" pos="27.39" speed="21.52"/>
                <vehicle id="cfm-slow_1" pos="44.25" speed="22.57"/>
            </lane>
            <lane id="right_1">
                <vehicle id="cfm-fast_1" pos="15.52" speed="63.89"/>
            </lane>
        </edge>
        <edge id="top">
            <lane id="top_0">
                <vehicle id="cfm-slow_2" pos="12.22" speed="24.25"/>
                <vehicle id="cfm-slow_3" pos="31.92" speed="26.38"/>
            </lane>
            <lane id="top_1">
                <vehicle id="cfm-fast_5" pos="30.63" speed="65.05"/>
            </lane>
        </edge>
    </timestep>
    <timestep time="4.78">
        <edge id="bottom">
            <lane id="bottom_0">
                <vehicle id="cfm-fast_0" pos="2.83" speed="29.43"/>
                <vehicle id="cfm-fast_2" pos="24.08" speed="27.95"/>
                <vehicle id="cfm-fast_3" pos="43.41" speed="26.70"/>
            </lane>
            <lane id="bottom_1"/>
        </edge>
        <edge id="left">
            <lane id="left_0">
                <vehicle id="cfm-slow_4" pos="4.08" speed="28.40"/>
                <vehicle id="cfm-slow_5" pos="27.95" speed="29.50"/>
            </lane>
            <lane id="left_1"/>
        </edge>
        <edge id="right">
            <lane id="right_0">
                <vehicle id="cfm-fast_4" pos="11.35" speed="24.25"/>
                <vehicle id="cfm-slow_0" pos="27.61" speed="21.53"/>
                <vehicle id="cfm-slow_1" pos="44.48" speed="22.59"/>
            </lane>
            <lane id="right_1">
                <vehicle id="cfm-fast_1" pos="16.16" speed="64.00"/>
            </lane>
        </edge>
        <edge id="top">
            <lane id="top_0">
                <vehicle id="cfm-slow_2" pos="12.46" speed="24.27"/>
                <vehicle id="cfm-slow_3" pos="32.19" speed="26.40"/>
            </lane>
            <lane id="top_1">
                <vehicle id="cfm-fast_5" pos="31.28" speed="65.18"/>
            </lane>
        </edge>
    </timestep>
    <timestep time="4.79">
        <edge id="bottom">
            <lane id="bottom_0">
                <vehicle id="cfm-fast_0" pos="3.13" speed="29.43"/>
                <vehicle id="cfm-fast_2" pos="24.36" speed="27.94"/>
                <vehicle id="cfm-fast_3" pos="43.68" speed="26.68"/>
            </lane>
            <lane id="bottom_1"/>
        </edge>
        <edge id="left">
            <lane id="left_0">
                <vehicle id="cfm-slow_4" pos="4.36" speed="28.41"/>
                <vehicle id="cfm-slow_5" pos="28.24" speed="29.51"/>
            </lane>
            <lane id="left_1"/>
        </edge>
        <edge id="right">
            <lane id="right_0">
                <vehicle id="cfm-fast_4" pos="11.59" speed="24.24"/>
                <vehicle id="cfm-slow_0" pos="27.82" speed="21.54"/>
                <vehicle id="cfm-slow_1" pos="44.71" speed="22.61"/>
            </lane>
            <lane id="right_1">
                <vehicle id="cfm-fast_1" pos="16.81" speed="64.10"/>
            </lane>
        </edge>
        <edge id="top">
            <lane id="top_0">
                <vehicle id="cfm-slow_2" pos="12.71" speed="24.30"/>
                <vehicle id="cfm-slow_3" pos="32.45" speed="26.43"/>
            </lane>
            <lane id="top_1">
                <vehicle id="cfm-fast_5" pos="31.93" speed="65.32"/>
            </lane>
        </edge>
    </timestep>
    <timestep time="4.80">
        <edge id="bottom">
            <lane id="bottom_0">
                <vehicle id="cfm-fast_0" pos="3.42" speed="29.42"/>
                <vehicle id="cfm-fast_2" pos="24.64" speed="27.94"/>
                <vehicle id="cfm-fast_3" pos="43.94" speed="26.66"/>
            </lane>
            <lane id="bottom_1"/>
        </edge>
        <edge id="left">
            <lane id="left_0">
                <vehicle id="cfm-slow_4" pos="4.65" speed="28.43"/>
                <vehicle id="cfm-slow_5" pos="28.54" speed="29.51"/>
            </lane>
            <lane id="left_1"/>
        </edge>
        <edge id="right">
            <lane id="right_0">
                <vehicle id="cfm-fast_4" pos="11.83" speed="24.22"/>
                <vehicle id="cfm-slow_0" pos="28.04" speed="21.56"/>
                <vehicle id="cfm-slow_1" pos="44.93" speed="22.63"/>
            </lane>
            <lane id="right_1">
                <vehicle id="cfm-fast_1" pos="17.45" speed="64.20"/>
            </lane>
        </edge>
        <edge id="top">
            <lane id="top_0">
                <vehicle id="cfm-slow_2" pos="12.95" speed="24.32"/>
                <vehicle id="cfm-slow_3" pos="32.71" speed="26.45"/>
            </lane>
            <lane id="top_1">
                <vehicle id="cfm-fast_5" pos="32.58" speed="65.45"/>
            </lane>
        </edge>
    </timestep>
    <timestep time="4.81">
        <edge id="bottom">
            <lane id="bottom_0">
                <vehicle id="cfm-fast_0" pos="3.71" speed="29.41"/>
                <vehicle id="cfm-fast_2" pos="24.92" speed="27.93"/>
                <vehicle id="cfm-fast_3" pos="44.21" speed="26.64"/>
            </lane>
            <lane id="bottom_1"/>
        </edge>
        <edge id="left">
            <lane id="left_0">
                <vehicle id="cfm-slow_4" pos="4.93" speed="28.44"/>
                <vehicle id="cfm-slow_5" pos="28.83" speed="29.51"/>
            </lane>
            <lane id="left_1"/>
        </edge>
        <edge id="right">
            <lane id="right_0">
                <vehicle id="cfm-fast_4" pos="12.07" speed="24.20"/>
                <vehicle id="cfm-slow_0" pos="28.25" speed="21.57"/>
                <vehicle id="cfm-slow_1" pos="45.16" speed="22.65"/>
            </lane>
            <lane id="right_1">
                <vehicle id="cfm-fast_1" pos="18.09" speed="64.30"/>
            </lane>
        </edge>
        <edge id="top">
            <lane id="top_0">
                <vehicle id="cfm-slow_2" pos="13.19" speed="24.34"/>
                <vehicle id="cfm-slow_3" pos="32.98" speed="26.47"/>
            </lane>
            <lane id="top_1">
                <vehicle id="cfm-fast_5" pos="33.24" speed="65.59"/>
            </lane>
        </edge>
    </timestep>
    <timestep time="4.82">
        <edge id="bottom">
            <lane id="bottom_0">
                <vehicle id="cfm-fast_0" pos="4.01" speed="29.41"/>
                <vehicle id="cfm-fast_2" pos="25.20" speed="27.92"/>
                <vehicle id="cfm-fast_3" pos="44.48" speed="26.62"/>
            </lane>
            <lane id="bottom_1"/>
        </edge>
        <edge id="left">
            <lane id="left_0">
                <vehicle id="cfm-slow_4" pos="5.22" speed="28.45"/>
                <vehicle id="cfm-slow_5" pos="29.13" speed="29.51"/>
            </lane>
            <lane id="left_1"/>
        </edge>
        <edge id="right">
            <lane id="right_0">
                <vehicle id="cfm-fast_4" pos="12.32" speed="24.19"/>
                <vehicle id="cfm-slow_0" pos="28.47" speed="21.58"/>
                <vehicle id="cfm-slow_1" pos="45.39" speed="22.67"/>
            </lane>
            <lane id="right_1">
                <vehicle id="cfm-fast_1" pos="18.73" speed="64.41"/>
            </lane>
        </edge>
        <edge id="top">
            <lane id="top_0">
                <vehicle id="cfm-slow_2" pos="13.44" speed="24.37"/>
                <vehicle id="cfm-slow_3" pos="33.24" speed="26.49"/>
            </lane>
            <lane id="top_1">
                <vehicle id="cfm-fast_5" pos="33.90" speed="65.73"/>
            </lane>
        </edge>
    </timestep>
    <timestep time="4.83">
        <edge id="bottom">
            <lane id="bottom_0">
                <vehicle id="cfm-fast_0" pos="4.30" speed="29.40"/>
                <vehicle id="cfm-fast_2" pos="25.48" speed="27.91"/>
                <vehicle id="cfm-fast_3" pos="44.74" speed="26.60"/>
            </lane>
            <lane id="bottom_1"/>
        </edge>
        <edge id="left">
            <lane id="left_0">
                <vehicle id="cfm-slow_4" pos="5.50" speed="28.47"/>
                <vehicle id="cfm-slow_5" pos="29.42" speed="29.52"/>
            </lane>
            <lane id="left_1"/>
        </edge>
        <edge id="right">
            <lane id="right_0">
                <vehicle id="cfm-fast_4" pos="12.56" speed="24.17"/>
                <vehicle id="cfm-slow_0" pos="28.69" speed="21.59"/>
                <vehicle id="cfm-slow_1" pos="45.61" speed="22.69"/>
            </lane>
            <lane id="right_1">
                <vehicle id="cfm-fast_1" pos="19.38" speed="64.51"/>
            </lane>
        </edge>
        <edge id="top">
            <lane id="top_0">
                <vehicle id="cfm-slow_2" pos="13.68" speed="24.39"/>
                <vehicle id="cfm-slow_3" pos="33.51" speed="26.52"/>
            </lane>
            <lane id="top_1">
                <vehicle id="cfm-fast_5" pos="34.56" speed="65.86"/>
            </lane>
        </edge>
    </timestep>
    <timestep time="4.84">
        <edge id="bottom">
            <lane id="bottom_0">
                <vehicle id="cfm-fast_0" pos="4.60" speed="29.39"/>
                <vehicle id="cfm-fast_2" pos="25.75" speed="27.90"/>
                <vehicle id="cfm-fast_3" pos="45.01" speed="26.58"/>
            </lane>
            <lane id="bottom_1"/>
        </edge>
        <edge id="left">
            <lane id="left_0">
                <vehicle id="cfm-slow_4" pos="5.79" speed="28.48"/>
                <vehicle id="cfm-slow_5" pos="29.72" speed="29.52"/>
            </lane>
            <lane id="left_1"/>
        </edge>
        <edge id="right">
            <lane id="right_0">
                <vehicle id="cfm-fast_4" pos="12.80" speed="24.16"/>
                <vehicle id="cfm-slow_0" pos="28.90" speed="21.61"/>
                <vehicle id="cfm-slow_1" pos="45.84" speed="22.71"/>
            </lane>
            <lane id="right_1">
                <vehicle id="cfm-fast_1" pos="20.03" speed="64.61"/>
            </lane>
        </edge>
        <edge id="top">
            <lane id="top_0">
                <vehicle id="cfm-slow_2" pos="13.92" speed="24.41"/>
                <vehicle id="cfm-slow_3" pos="33.77" speed="26.54"/>
            </lane>
            <lane id="top_1">
                <vehicle id="cfm-fast_5" pos="35.22" speed="66.00"/>
            </lane>
        </edge>
    </timestep>
    <timestep time="4.85">
        <edge id="bottom">
            <lane id="bottom_0">
                <vehicle id="cfm-fast_0" pos="4.89" speed="29.39"/>
                <vehicle id="cfm-fast_2" pos="26.03" speed="27.89"/>
                <vehicle id="cfm-fast_3" pos="45.27" speed="26.56"/>
            </lane>
            <lane id="bottom_1"/>
        </edge>
        <edge id="left">
            <lane id="left_0">
                <vehicle id="cfm-slow_4" pos="6.07" speed="28.50"/>
                <vehicle id="cfm-slow_5" pos="30.01" speed="29.52"/>
            </lane>
            <lane id="left_1"/>
        </edge>
        <edge id="right">
            <lane id="right_0">
                <vehicle id="cfm-fast_4" pos="13.04" speed="24.15"/>
                <vehicle id="cfm-slow_0" pos="29.12" speed="21.62"/>
                <vehicle id="cfm-slow_1" pos="46.07" speed="22.72"/>
            </lane>
            <lane id="right_1">
                <vehicle id="cfm-fast_1" pos="20.67" speed="64.71"/>
            </lane>
        </edge>
        <edge id="top">
            <lane id="top_0">
                <vehicle id="cfm-slow_2" pos="14.17" speed="24.44"/>
                <vehicle id="cfm-slow_3" pos="34.04" speed="26.56"/>
            </lane>
            <lane id="top_1">
                <vehicle id="cfm-fast_5" pos="35.88" speed="66.14"/>
            </lane>
        </edge>
    </timestep>
    <timestep time="4.86">
        <edge id="bottom">
            <lane id="bottom_0">
                <vehicle id="cfm-fast_0" pos="5.18" speed="29.38"/>
                <vehicle id="cfm-fast_2" pos="26.31" speed="27.88"/>
                <vehicle id="cfm-fast_3" pos="45.54" speed="26.54"/>
            </lane>
            <lane id="bottom_1"/>
        </edge>
        <edge id="left">
            <lane id="left_0">
                <vehicle id="cfm-slow_4" pos="6.36" speed="28.51"/>
                <vehicle id="cfm-slow_5" pos="30.31" speed="29.52"/>
            </lane>
            <lane id="left_1"/>
        </edge>
        <edge id="right">
            <lane id="right_0">
                <vehicle id="cfm-fast_4" pos="13.28" speed="24.13"/>
                <vehicle id="cfm-slow_0" pos="29.33" speed="21.63"/>
                <vehicle id="cfm-slow_1" pos="46.29" speed="22.74"/>
            </lane>
            <lane id="right_1">
                <vehicle id="cfm-fast_1" pos="21.32" speed="64.81"/>
            </lane>
        </edge>
        <edge id="top">
            <lane id="top_0">
                <vehicle id="cfm-slow_2" pos="14.41" speed="24.46"/>
                <vehicle id="cfm-slow_3" pos="34.31" speed="26.58"/>
            </lane>
            <lane id="top_1">
                <vehicle id="cfm-fast_5" pos="36.54" speed="66.27"/>
            </lane>
        </edge>
    </timestep>
    <timestep time="4.87">
        <edge id="bottom">
            <lane id="bottom_0">
                <vehicle id="cfm-fast_0" pos="5.48" speed="29.37"/>
                <vehicle id="cfm-fast_2" pos="26.59" speed="27.88"/>
                <vehicle id="cfm-fast_3" pos="45.80" speed="26.52"/>
            </lane>
            <lane id="bottom_1"/>
        </edge>
        <edge id="left">
            <lane id="left_0">
                <vehicle id="cfm-slow_4" pos="6.64" speed="28.52"/>
                <vehicle id="cfm-slow_5" pos="30.60" speed="29.53"/>
            </lane>
            <lane id="left_1"/>
        </edge>
        <edge id="right">
            <lane id="right_0">
                <vehicle id="cfm-fast_4" pos="13.52" speed="24.12"/>
                <vehicle id="cfm-slow_0" pos="29.55" speed="21.65"/>
                <vehicle id="cfm-slow_1" pos="46.52" speed="22.76"/>
            </lane>
            <lane id="right_1">
                <vehicle id="cfm-fast_1" pos="21.97" speed="64.90"/>
            </lane>
        </edge>
        <edge id="top">
            <lane id="top_0">
                <vehicle id="cfm-slow_2" pos="14.66" speed="24.48"/>
                <vehicle id="cfm-slow_3" pos="34.57" speed="26.60"/>
            </lane>
            <lane id="top_1">
                <vehicle id="cfm-fast_5" pos="37.20" speed="66.41"/>
            </lane>
        </edge>
    </timestep>
    <timestep time="4.88">
        <edge id="bottom">
            <lane id="bottom_0">
                <vehicle id="cfm-fast_0" pos="5.77" speed="29.37"/>
                <vehicle id="cfm-fast_2" pos="26.87" speed="27.87"/>
                <vehicle id="cfm-fast_3" pos="46.07" speed="26.50"/>
            </lane>
            <lane id="bottom_1"/>
        </edge>
        <edge id="left">
            <lane id="left_0">
                <vehicle id="cfm-slow_4" pos="6.93" speed="28.54"/>
                <vehicle id="cfm-slow_5" pos="30.90" speed="29.53"/>
            </lane>
            <lane id="left_1"/>
        </edge>
        <edge id="right">
            <lane id="right_0">
                <vehicle id="cfm-fast_4" pos="13.76" speed="24.10"/>
                <vehicle id="cfm-slow_0" pos="29.77" speed="21.66"/>
                <vehicle id="cfm-slow_1" pos="46.75" speed="22.78"/>
            </lane>
            <lane id="right_1">
                <vehicle id="cfm-fast_1" pos="22.62" speed="65.00"/>
            </lane>
        </edge>
        <edge id="top">
            <lane id="top_0">
                <vehicle id="cfm-slow_2" pos="14.90" speed="24.51"/>
                <vehicle id="cfm-slow_3" pos="34.84" speed="26.63"/>
            </lane>
            <lane id="top_1">
                <vehicle id="cfm-fast_5" pos="37.87" speed="66.55"/>
            </lane>
        </edge>
    </timestep>
    <timestep time="4.89">
        <edge id="bottom">
            <lane id="bottom_0">
                <vehicle id="cfm-fast_0" pos="6.07" speed="29.36"/>
                <vehicle id="cfm-fast_2" pos="27.15" speed="27.86"/>
                <vehicle id="cfm-fast_3" pos="46.33" speed="26.48"/>
            </lane>
            <lane id="bottom_1"/>
        </edge>
        <edge id="left">
            <lane id="left_0">
                <vehicle id="cfm-slow_4" pos="7.21" speed="28.55"/>
                <vehicle id="cfm-slow_5" pos="31.19" speed="29.53"/>
            </lane>
            <lane id="left_1"/>
        </edge>
        <edge id="right">
            <lane id="right_0">
                <vehicle id="cfm-fast_4" pos="14.00" speed="24.09"/>
                <vehicle id="cfm-slow_0" pos="29.98" speed="21.67"/>
                <vehicle id="cfm-slow_1" pos="46.98" speed="22.80"/>
            </lane>
            <lane id="right_1">
                <vehicle id="cfm-fast_1" pos="23.27" speed="65.10"/>
            </lane>
        </edge>
        <edge id="top">
            <lane id="top_0">
                <vehicle id="cfm-slow_2" pos="15.15" speed="24.53"/>
                <vehicle id="cfm-slow_3" pos="35.10" speed="26.65"/>
            </lane>
            <lane id="top_1">
                <vehicle id="cfm-fast_5" pos="38.54" speed="66.68"/>
            </lane>
        </edge>
    </timestep>
    <timestep time="4.90">
        <edge id="bottom">
            <lane id="bottom_0">
                <vehicle id="cfm-fast_0" pos="6.36" speed="29.35"/>
                <vehicle id="cfm-fast_2" pos="27.43" speed="27.85"/>
                <vehicle id="cfm-fast_3" pos="46.60" speed="26.46"/>
            </lane>
            <lane id="bottom_1"/>
        </edge>
        <edge id="left">
            <lane id="left_0">
                <vehicle id="cfm-slow_4" pos="7.50" speed="28.56"/>
                <vehicle id="cfm-slow_5" pos="31.49" speed="29.53"/>
            </lane>
            <lane id="left_1"/>
        </edge>
        <edge id="right">
            <lane id="right_0">
                <vehicle id="cfm-fast_4" pos="14.25" speed="24.07"/>
                <vehicle id="cfm-slow_0" pos="30.20" speed="21.69"/>
                <vehicle id="cfm-slow_1" pos="47.21" speed="22.82"/>
            </lane>
            <lane id="right_1">
                <vehicle id="cfm-fast_1" pos="23.92" speed="65.20"/>
            </lane>
        </edge>
        <edge id="top">
            <lane id="top_0">
                <vehicle id="cfm-slow_2" pos="15.39" speed="24.55"/>
                <vehicle id="cfm-slow_3" pos="35.37" speed="26.67"/>
            </lane>
            <lane id="top_1">
                <vehicle id="cfm-fast_5" pos="39.21" speed="66.82"/>
            </lane>
        </edge>
    </timestep>
    <timestep time="4.91">
        <edge id="bottom">
            <lane id="bottom_0">
                <vehicle id="cfm-fast_0" pos="6.65" speed="29.35"/>
                <vehicle id="cfm-fast_2" pos="27.71" speed="27.84"/>
                <vehicle id="cfm-fast_3" pos="46.86" speed="26.44"/>
            </lane>
            <lane id="bottom_1"/>
        </edge>
        <edge id="left">
            <lane id="left_0">
                <vehicle id="cfm-slow_4" pos="7.78" speed="28.57"/>
                <vehicle id="cfm-slow_5" pos="31.78" speed="29.53"/>
            </lane>
            <lane id="left_1"/>
        </edge>
        <edge id="right">
            <lane id="right_0">
                <vehicle id="cfm-fast_4" pos="14.49" speed="24.06"/>
                <vehicle id="cfm-slow_0" pos="30.42" speed="21.70"/>
                <vehicle id="cfm-slow_1" pos="47.43" speed="22.84"/>
            </lane>
            <lane id="right_1">
                <vehicle id="cfm-fast_1" pos="24.58" speed="65.30"/>
            </lane>
        </edge>
        <edge id="top">
            <lane id="top_0">
                <vehicle id="cfm-slow_2" pos="15.64" speed="24.58"/>
                <vehicle id="cfm-slow_3" pos="35.64" speed="26.69"/>
            </lane>
            <lane id="top_1">
                <vehicle id="cfm-fast_5" pos="39.87" speed="66.95"/>
            </lane>
        </edge>
    </timestep>
    <timestep time="4.92">
        <edge id="bottom">
            <lane id="bottom_0">
                <vehicle id="cfm-fast_0" pos="6.95" speed="29.34"/>
                <vehicle id="cfm-fast_2" pos="27.98" speed="27.83"/>
                <vehicle id="cfm-fast_3" pos="47.13" speed="26.42"/>
            </lane>
            <lane id="bottom_1"/>
        </edge>
        <edge id="left">
            <lane id="left_0">
                <vehicle id="cfm-slow_4" pos="8.07" speed="28.59"/>
                <vehicle id="cfm-slow_5" pos="32.08" speed="29.53"/>
            </lane>
            <lane id="left_1"/>
        </edge>
        <edge id="right">
            <lane id="right_0">
                <vehicle id="cfm-fast_4" pos="14.73" speed="24.05"/>
                <vehicle id="cfm-slow_0" pos="30.64" speed="21.71"/>
                <vehicle id="cfm-slow_1" pos="47.66" speed="22.86"/>
            </lane>
            <lane id="right_1">
                <vehicle id="cfm-fast_1" pos="25.23" speed="65.39"/>
            </lane>
        </edge>
        <edge id="top">
            <lane id="top_0">
                <vehicle id="cfm-slow_2" pos="15.89" speed="24.60"/>
                <vehicle id="cfm-slow_3" pos="35.91" speed="26.71"/>
            </lane>
            <lane id="top_1">
                <vehicle id="cfm-fast_5" pos="40.55" speed="67.09"/>
            </lane>
        </edge>
    </timestep>
    <timestep time="4.93">
        <edge id="bottom">
            <lane id="bottom_0">
                <vehicle id="cfm-fast_0" pos="7.24" speed="29.33"/>
                <vehicle id="cfm-fast_2" pos="28.26" speed="27.82"/>
                <vehicle id="cfm-fast_3" pos="47.39" speed="26.40"/>
            </lane>
            <lane id="bottom_1"/>
        </edge>
        <edge id="left">
            <lane id="left_0">
                <vehicle id="cfm-slow_4" pos="8.35" speed="28.60"/>
                <vehicle id="cfm-slow_5" pos="32.37" speed="29.53"/>
            </lane>
            <lane id="left_1"/>
        </edge>
        <edge id="right">
            <lane id="right_0">
                <vehicle id="cfm-fast_4" pos="14.97" speed="24.03"/>
                <vehicle id="cfm-slow_0" pos="30.85" speed="21.73"/>
                <vehicle id="cfm-slow_1" pos="47.89" speed="22.88"/>
            </lane>
            <lane id="right_1">
                <vehicle id="cfm-fast_1" pos="25.89" speed="65.49"/>
            </lane>
        </edge>
        <edge id="top">
            <lane id="top_0">
                <vehicle id="cfm-slow_2" pos="16.13" speed="24.62"/>
                <vehicle id="cfm-slow_3" pos="36.17" speed="26.73"/>
            </lane>
            <lane id="top_1">
                <vehicle id="cfm-fast_5" pos="41.22" speed="67.23"/>
            </lane>
        </edge>
    </timestep>
    <timestep time="4.94">
        <edge id="bottom">
            <lane id="bottom_0">
                <vehicle id="cfm-fast_0" pos="7.53" speed="29.32"/>
                <vehicle id="cfm-fast_2" pos="28.54" speed="27.81"/>
                <vehicle id="cfm-fast_3" pos="47.66" speed="26.38"/>
            </lane>
            <lane id="bottom_1"/>
        </edge>
        <edge id="left">
            <lane id="left_0">
                <vehicle id="cfm-slow_4" pos="8.64" speed="28.61"/>
                <vehicle id="cfm-slow_5" pos="32.67" speed="29.54"/>
            </lane>
            <lane id="left_1"/>
        </edge>
        <edge id="right">
            <lane id="right_0">
                <vehicle id="cfm-fast_4" pos="15.21" speed="24.02"/>
                <vehicle id="cfm-slow_0" pos="31.07" speed="21.74"/>
                <vehicle id="cfm-slow_1" pos="48.12" speed="22.90"/>
            </lane>
            <lane id="right_1">
                <vehicle id="cfm-fast_1" pos="26.54" speed="65.59"/>
            </lane>
        </edge>
        <edge id="top">
            <lane id="top_0">
                <vehicle id="cfm-slow_2" pos="16.38" speed="24.64"/>
                <vehicle id="cfm-slow_3" pos="36.44" speed="26.75"/>
            </lane>
            <lane id="top_1">
                <vehicle id="cfm-fast_5" pos="41.89" speed="67.36"/>
            </lane>
        </edge>
    </timestep>
    <timestep time="4.95">
        <edge id="bottom">
            <lane id="bottom_0">
                <vehicle id="cfm-fast_0" pos="7.83" speed="29.32"/>
                <vehicle id="cfm-fast_2" pos="28.82" speed="27.80"/>
                <vehicle id="cfm-fast_3" pos="47.92" speed="26.36"/>
            </lane>
            <lane id="bottom_1"/>
        </edge>
        <edge id="left">
            <lane id="left_0">
                <vehicle id="cfm-slow_4" pos="8.93" speed="28.62"/>
                <vehicle id="cfm-slow_5" pos="32.96" speed="29.54"/>
            </lane>
            <lane id="left_1"/>
        </edge>
        <edge id="right">
            <lane id="right_0">
                <vehicle id="cfm-fast_4" pos="15.45" speed="24.01"/>
                <vehicle id="cfm-slow_0" pos="31.29" speed="21.75"/>
                <vehicle id="cfm-slow_1" pos="48.35" speed="22.92"/>
            </lane>
            <lane id="right_1">
                <vehicle id="cfm-fast_1" pos="27.20" speed="65.68"/>
            </lane>
        </edge>
        <edge id="top">
            <lane id="top_0">
                <vehicle id="cfm-slow_2" pos="16.62" speed="24.67"/>
                <vehicle id="cfm-slow_3" pos="36.71" speed="26.77"/>
            </lane>
            <lane id="top_1">
                <vehicle id="cfm-fast_5" pos="42.57" speed="67.50"/>
            </lane>
        </edge>
    </timestep>
    <timestep time="4.96">
        <edge id="bottom">
            <lane id="bottom_0">
                <vehicle id="cfm-fast_0" pos="8.12" speed="29.31"/>
                <vehicle id="cfm-fast_2" pos="29.10" speed="27.79"/>
                <vehicle id="cfm-fast_3" pos="48.18" speed="26.34"/>
            </lane>
            <lane id="bottom_1"/>
        </edge>
        <edge id="left">
            <lane id="left_0">
                <vehicle id="cfm-slow_4" pos="9.21" speed="28.64"/>
                <vehicle id="cfm-slow_5" pos="33.26" speed="29.54"/>
            </lane>
            <lane id="left_1"/>
        </edge>
        <edge id="right">
            <lane id="right_0">
                <vehicle id="cfm-fast_4" pos="15.69" speed="23.99"/>
                <vehicle id="cfm-slow_0" pos="31.51" speed="21.77"/>
                <vehicle id="cfm-slow_1" pos="48.58" speed="22.93"/>
            </lane>
            <lane id="right_1">
                <vehicle id="cfm-fast_1" pos="27.86" speed="65.78"/>
            </lane>
        </edge>
        <edge id="top">
            <lane id="top_0">
                <vehicle id="cfm-slow_2" pos="16.87" speed="24.69"/>
                <vehicle id="cfm-slow_3" pos="36.98" speed="26.80"/>
            </lane>
            <lane id="top_1">
                <vehicle id="cfm-fast_5" pos="43.24" speed="67.64"/>
            </lane>
        </edge>
    </timestep>
    <timestep time="4.97">
        <edge id="bottom">
            <lane id="bottom_0">
                <vehicle id="cfm-fast_0" pos="8.41" speed="29.30"/>
                <vehicle id="cfm-fast_2" pos="29.37" speed="27.78"/>
                <vehicle id="cfm-fast_3" pos="48.45" speed="26.32"/>
            </lane>
            <lane id="bottom_1"/>
        </edge>
        <edge id="left">
            <lane id="left_0">
                <vehicle id="cfm-slow_4" pos="9.50" speed="28.65"/>
                <vehicle id="cfm-slow_5" pos="33.56" speed="29.54"/>
            </lane>
            <lane id="left_1"/>
        </edge>
        <edge id="right">
            <lane id="right_0">
                <vehicle id="cfm-fast_4" pos="15.93" speed="23.98"/>
                <vehicle id="cfm-slow_0" pos="31.72" speed="21.78"/>
                <vehicle id="cfm-slow_1" pos="48.81" speed="22.95"/>
            </lane>
            <lane id="right_1">
                <vehicle id="cfm-fast_1" pos="28.51" speed="65.87"/>
            </lane>
        </edge>
        <edge id="top">
            <lane id="top_0">
                <vehicle id="cfm-slow_2" pos="17.12" speed="24.71"/>
                <vehicle id="cfm-slow_3" pos="37.24" speed="26.82"/>
            </lane>
            <lane id="top_1">
                <vehicle id="cfm-fast_5" pos="43.92" speed="67.77"/>
            </lane>
        </edge>
    </timestep>
    <timestep time="4.98">
        <edge id="bottom">
            <lane id="bottom_0">
                <vehicle id="cfm-fast_0" pos="8.70" speed="29.29"/>
                <vehicle id="cfm-fast_2" pos="29.65" speed="27.77"/>
                <vehicle id="cfm-fast_3" pos="48.71" speed="26.30"/>
            </lane>
            <lane id="bottom_1"/>
        </edge>
        <edge id="left">
            <lane id="left_0">
                <vehicle id="cfm-slow_4" pos="9.79" speed="28.66"/>
                <vehicle id="cfm-slow_5" pos="33.85" speed="29.54"/>
            </lane>
            <lane id="left_1"/>
        </edge>
        <edge id="right">
            <lane id="right_0">
                <vehicle id="cfm-fast_4" pos="16.17" speed="23.97"/>
                <vehicle id="cfm-slow_0" pos="31.94" speed="21.79"/>
                <vehicle id="cfm-slow_1" pos="49.04" speed="22.97"/>
            </lane>
            <lane id="right_1">
                <vehicle id="cfm-fast_1" pos="29.17" speed="65.97"/>
            </lane>
        </edge>
        <edge id="top">
            <lane id="top_0">
                <vehicle id="cfm-slow_2" pos="17.37" speed="24.74"/>
                <vehicle id="cfm-slow_3" pos="37.51" speed="26.84"/>
            </lane>
            <lane id="top_1">
                <vehicle id="cfm-fast_5" pos="44.60" speed="67.91"/>
            </lane>
        </edge>
    </timestep>
    <timestep time="4.99">
        <edge id="bottom">
            <lane id="bottom_0">
                <vehicle id="cfm-fast_0" pos="9.00" speed="29.28"/>
                <vehicle id="cfm-fast_2" pos="29.93" speed="27.76"/>
                <vehicle id="cfm-fast_3" pos="48.97" speed="26.28"/>
            </lane>
            <lane id="bottom_1"/>
        </edge>
        <edge id="left">
            <lane id="left_0">
                <vehicle id="cfm-slow_4" pos="10.07" speed="28.67"/>
                <vehicle id="cfm-slow_5" pos="34.15" speed="29.54"/>
            </lane>
            <lane id="left_1"/>
        </edge>
        <edge id="right">
            <lane id="right_0">
                <vehicle id="cfm-fast_4" pos="16.41" speed="23.96"/>
                <vehicle id="cfm-slow_0" pos="32.16" speed="21.81"/>
                <vehicle id="cfm-slow_1" pos="49.27" speed="22.99"/>
            </lane>
            <lane id="right_1">
                <vehicle id="cfm-fast_1" pos="29.83" speed="66.06"/>
            </lane>
        </edge>
        <edge id="top">
            <lane id="top_0">
                <vehicle id="cfm-slow_2" pos="17.61" speed="24.76"/>
                <vehicle id="cfm-slow_3" pos="37.78" speed="26.86"/>
            </lane>
            <lane id="top_1">
                <vehicle id="cfm-fast_5" pos="45.28" speed="68.05"/>
            </lane>
        </edge>
    </timestep>
    <timestep time="5.00">
        <edge id="bottom">
            <lane id="bottom_0">
                <vehicle id="cfm-fast_0" pos="9.29" speed="29.28"/>
                <vehicle id="cfm-fast_2" pos="30.21" speed="27.74"/>
                <vehicle id="cfm-fast_3" pos="49.23" speed="26.26"/>
            </lane>
            <lane id="bottom_1"/>
        </edge>
        <edge id="left">
            <lane id="left_0">
                <vehicle id="cfm-slow_4" pos="10.36" speed="28.68"/>
                <vehicle id="cfm-slow_5" pos="34.44" speed="29.54"/>
            </lane>
            <lane id="left_1"/>
        </edge>
        <edge id="right">
            <lane id="right_0">
                <vehicle id="cfm-fast_4" pos="16.65" speed="23.94"/>
                <vehicle id="cfm-slow_0" pos="32.38" speed="21.82"/>
                <vehicle id="cfm-slow_1" pos="49.50" speed="23.01"/>
            </lane>
            <lane id="right_1">
                <vehicle id="cfm-fast_1" pos="30.50" speed="66.16"/>
            </lane>
        </edge>
        <edge id="top">
            <lane id="top_0">
                <vehicle id="cfm-slow_2" pos="17.86" speed="24.78"/>
                <vehicle id="cfm-slow_3" pos="38.05" speed="26.88"/>
            </lane>
            <lane id="top_1">
                <vehicle id="cfm-fast_5" pos="45.96" speed="68.18"/>
            </lane>
        </edge>
    </timestep>
    <timestep time="5.01">
        <edge id="bottom">
            <lane id="bottom_0">
                <vehicle id="cfm-fast_0" pos="9.58" speed="29.27"/>
                <vehicle id="cfm-fast_2" pos="30.48" speed="27.73"/>
                <vehicle id="cfm-fast_3" pos="49.50" speed="26.24"/>
            </lane>
            <lane id="bottom_1"/>
        </edge>
        <edge id="left">
            <lane id="left_0">
                <vehicle id="cfm-slow_4" pos="10.65" speed="28.69"/>
                <vehicle id="cfm-slow_5" pos="34.74" speed="29.54"/>
            </lane>
            <lane id="left_1"/>
        </edge>
        <edge id="right">
            <lane id="right_0">
                <vehicle id="cfm-fast_4" pos="16.89" speed="23.93"/>
                <vehicle id="cfm-slow_0" pos="32.60" speed="21.83"/>
                <vehicle id="cfm-slow_1" pos="49.73" speed="23.03"/>
            </lane>
            <lane id="right_1">
                <vehicle id="cfm-fast_1" pos="31.16" speed="66.25"/>
            </lane>
        </edge>
        <edge id="top">
            <lane id="top_0">
                <vehicle id="cfm-slow_2" pos="18.11" speed="24.80"/>
                <vehicle id="cfm-slow_3" pos="38.32" speed="26.90"/>
            </lane>
            <lane id="top_1">
                <vehicle id="cfm-fast_5" pos="46.65" speed="68.32"/>
            </lane>
        </edge>
    </timestep>
    <timestep time="5.02">
        <edge id="bottom">
            <lane id="bottom_0">
                <vehicle id="cfm-fast_0" pos="9.88" speed="29.26"/>
                <vehicle id="cfm-fast_2" pos="30.76" speed="27.72"/>
                <vehicle id="cfm-fast_3" pos="49.76" speed="26.22"/>
            </lane>
            <lane id="bottom_1"/>
        </edge>
        <edge id="left">
            <lane id="left_0">
                <vehicle id="cfm-slow_4" pos="10.93" speed="28.71"/>
                <vehicle id="cfm-slow_5" pos="35.03" speed="29.54"/>
            </lane>
            <lane id="left_1"/>
        </edge>
        <edge id="right">
            <lane id="right_0">
                <vehicle id="cfm-fast_4" pos="17.12" speed="23.92"/>
                <vehicle id="cfm-slow_0" pos="32.81" speed="21.85"/>
                <vehicle id="cfm-slow_1" pos="49.96" speed="23.05"/>
            </lane>
            <lane id="right_1">
                <vehicle id="cfm-fast_1" pos="31.82" speed="66.34"/>
            </lane>
        </edge>
        <edge id="top">
            <lane id="top_0">
                <vehicle id="cfm-slow_2" pos="18.36" speed="24.83"/>
                <vehicle id="cfm-slow_3" pos="38.59" speed="26.92"/>
            </lane>
            <lane id="top_1">
                <vehicle id="cfm-fast_5" pos="47.33" speed="68.45"/>
            </lane>
        </edge>
    </timestep>
    <timestep time="5.03">
        <edge id="bottom">
            <lane id="bottom_0">
                <vehicle id="cfm-fast_0" pos="10.17" speed="29.25"/>
                <vehicle id="cfm-fast_2" pos="31.04" speed="27.71"/>
            </lane>
            <lane id="bottom_1"/>
        </edge>
        <edge id="left">
            <lane id="left_0">
                <vehicle id="cfm-slow_4" pos="11.22" speed="28.72"/>
                <vehicle id="cfm-slow_5" pos="35.33" speed="29.54"/>
            </lane>
            <lane id="left_1"/>
        </edge>
        <edge id="right">
            <lane id="right_0">
                <vehicle id="cfm-fast_3" pos="0.02" speed="26.20"/>
                <vehicle id="cfm-fast_4" pos="17.36" speed="23.91"/>
                <vehicle id="cfm-slow_0" pos="33.03" speed="21.86"/>
            </lane>
            <lane id="right_1">
                <vehicle id="cfm-fast_1" pos="32.49" speed="66.44"/>
            </lane>
        </edge>
        <edge id="top">
            <lane id="top_0">
                <vehicle id="cfm-slow_1" pos="0.19" speed="23.07"/>
                <vehicle id="cfm-slow_2" pos="18.61" speed="24.85"/>
                <vehicle id="cfm-slow_3" pos="38.86" speed="26.94"/>
            </lane>
            <lane id="top_1">
                <vehicle id="cfm-fast_5" pos="48.02" speed="68.59"/>
            </lane>
        </edge>
    </timestep>
    <timestep time="5.04">
        <edge id="bottom">
            <lane id="bottom_0">
                <vehicle id="cfm-fast_0" pos="10.46" speed="29.24"/>
                <vehicle id="cfm-fast_2" pos="31.31" speed="27.70"/>
            </lane>
            <lane id="bottom_1"/>
        </edge>
        <edge id="left">
            <lane id="left_0">
                <vehicle id="cfm-slow_4" pos="11.51" speed="28.73"/>
                <vehicle id="cfm-slow_5" pos="35.62" speed="29.54"/>
            </lane>
            <lane id="left_1"/>
        </edge>
        <edge id="right">
            <lane id="right_0">
                <vehicle id="cfm-fast_3" pos="0.28" speed="26.18"/>
                <vehicle id="cfm-fast_4" pos="17.60" speed="23.90"/>
                <vehicle id="cfm-slow_0" pos="33.25" speed="21.87"/>
            </lane>
            <lane id="right_1">
                <vehicle id="cfm-fast_1" pos="33.15" speed="66.53"/>
            </lane>
        </edge>
        <edge id="top">
            <lane id="top_0">
                <vehicle id="cfm-slow_1" pos="0.42" speed="23.09"/>
                <vehicle id="cfm-slow_2" pos="18.86" speed="24.87"/>
                <vehicle id="cfm-slow_3" pos="39.13" speed="26.96"/>
            </lane>
            <lane id="top_1">
                <vehicle id="cfm-fast_5" pos="48.70" speed="68.73"/>
            </lane>
        </edge>
    </timestep>
    <timestep time="5.05">
        <edge id="bottom">
            <lane id="bottom_0">
                <vehicle id="cfm-fast_0" pos="10.75" speed="29.24"/>
                <vehicle id="cfm-fast_2" pos="31.59" speed="27.69"/>
            </lane>
            <lane id="bottom_1"/>
        </edge>
        <edge id="left">
            <lane id="left_0">
                <vehicle id="cfm-slow_4" pos="11.80" speed="28.74"/>
                <vehicle id="cfm-slow_5" pos="35.92" speed="29.54"/>
            </lane>
            <lane id="left_1"/>
        </edge>
        <edge id="right">
            <lane id="right_0">
                <vehicle id="cfm-fast_3" pos="0.54" speed="26.16"/>
                <vehicle id="cfm-fast_4" pos="17.84" speed="23.89"/>
                <vehicle id="cfm-slow_0" pos="33.47" speed="21.89"/>
            </lane>
            <lane id="right_1">
                <vehicle id="cfm-fast_1" pos="33.82" speed="66.62"/>
            </lane>
        </edge>
        <edge id="top">
            <lane id="top_0">
                <vehicle id="cfm-slow_1" pos="0.65" speed="23.11"/>
                <vehicle id="cfm-slow_2" pos="19.10" speed="24.90"/>
                <vehicle id="cfm-slow_3" pos="39.40" speed="26.98"/>
            </lane>
            <lane id="top_1">
                <vehicle id="cfm-fast_5" pos="49.39" speed="68.86"/>
            </lane>
        </edge>
    </timestep>
    <timestep time="5.06">
        <edge id="bottom">
            <lane id="bottom_0">
                <vehicle id="cfm-fast_0" pos="11.04" speed="29.23"/>
                <vehicle id="cfm-fast_2" pos="31.87" speed="27.68"/>
            </lane>
            <lane id="bottom_1"/>
        </edge>
        <edge id="left">
            <lane id="left_0">
                <vehicle id="cfm-slow_4" pos="12.08" speed="28.75"/>
                <vehicle id="cfm-slow_5" pos="36.21" speed="29.54"/>
            </lane>
            <lane id="left_1">
                <vehicle id="cfm-fast_5" pos="0.08" speed="69.00"/>
            </lane>
        </edge>
        <edge id="right">
            <lane id="right_0">
                <vehicle id="cfm-fast_3" pos="0.81" speed="26.14"/>
                <vehicle id="cfm-fast_4" pos="18.08" speed="23.87"/>
                <vehicle id="cfm-slow_0" pos="33.69" speed="21.90"/>
            </lane>
            <lane id="right_1">
                <vehicle id="cfm-fast_1" pos="34.49" speed="66.72"/>
            </lane>
        </edge>
        <edge id="top">
            <lane id="top_0">
                <vehicle id="cfm-slow_1" pos="0.88" speed="23.13"/>
                <vehicle id="cfm-slow_2" pos="19.35" speed="24.92"/>
                <vehicle id="cfm-slow_3" pos="39.67" speed="27.00"/>
            </lane>
            <lane id="top_1"/>
        </edge>
    </timestep>
    <timestep time="5.07">
        <edge id="bottom">
            <lane id="bottom_0">
                <vehicle id="cfm-fast_0" pos="11.34" speed="29.22"/>
                <vehicle id="cfm-fast_2" pos="32.15" speed="27.67"/>
            </lane>
            <lane id="bottom_1"/>
        </edge>
        <edge id="left">
            <lane id="left_0">
                <vehicle id="cfm-slow_4" pos="12.37" speed="28.76"/>
                <vehicle id="cfm-slow_5" pos="36.51" speed="29.54"/>
            </lane>
            <lane id="left_1">
                <vehicle id="cfm-fast_5" pos="0.77" speed="69.14"/>
            </lane>
        </edge>
        <edge id="right">
            <lane id="right_0">
                <vehicle id="cfm-fast_3" pos="1.07" speed="26.12"/>
                <vehicle id="cfm-fast_4" pos="18.32" speed="23.86"/>
                <vehicle id="cfm-slow_0" pos="33.91" speed="21.92"/>
            </lane>
            <lane id="right_1">
                <vehicle id="cfm-fast_1" pos="35.15" speed="66.81"/>
            </lane>
        </edge>
        <edge id="top">
            <lane id="top_0">
                <vehicle id="cfm-slow_1" pos="1.11" speed="23.15"/>
                <vehicle id="cfm-slow_2" pos="19.60" speed="24.94"/>
                <vehicle id="cfm-slow_3" pos="39.94" speed="27.02"/>
            </lane>
            <lane id="top_1"/>
        </edge>
    </timestep>
    <timestep time="5.08">
        <edge id="bottom">
            <lane id="bottom_0">
                <vehicle id="cfm-fast_0" pos="11.63" speed="29.21"/>
                <vehicle id="cfm-fast_2" pos="32.42" speed="27.65"/>
            </lane>
            <lane id="bottom_1"/>
        </edge>
        <edge id="left">
            <lane id="left_0">
                <vehicle id="cfm-slow_4" pos="12.66" speed="28.77"/>
                <vehicle id="cfm-slow_5" pos="36.81" speed="29.54"/>
            </lane>
            <lane id="left_1">
                <vehicle id="cfm-fast_5" pos="1.47" speed="69.27"/>
            </lane>
        </edge>
        <edge id="right">
            <lane id="right_0">
                <vehicle id="cfm-fast_3" pos="1.33" speed="26.10"/>
                <vehicle id="cfm-fast_4" pos="18.56" speed="23.85"/>
                <vehicle id="cfm-slow_0" pos="34.13" speed="21.93"/>
            </lane>
            <lane id="right_1">
                <vehicle id="cfm-fast_1" pos="35.82" speed="66.90"/>
            </lane>
        </edge>
        <edge id="top">
            <lane id="top_0">
                <vehicle id="cfm-slow_1" pos="1.35" speed="23.17"/>
                <vehicle id="cfm-slow_2" pos="19.85" speed="24.96"/>
                <vehicle id="cfm-slow_3" pos="40.21" speed="27.04"/>
            </lane>
            <lane id="top_1"/>
        </edge>
    </timestep>
    <timestep time="5.09">
        <edge id="bottom">
            <lane id="bottom_0">
                <vehicle id="cfm-fast_0" pos="11.92" speed="29.20"/>
                <vehicle id="cfm-fast_2" pos="32.70" speed="27.64"/>
            </lane>
            <lane id="bottom_1"/>
        </edge>
        <edge id="left">
            <lane id="left_0">
                <vehicle id="cfm-slow_4" pos="12.95" speed="28.78"/>
                <vehicle id="cfm-slow_5" pos="37.10" speed="29.54"/>
            </lane>
            <lane id="left_1">
                <vehicle id="cfm-fast_5" pos="2.16" speed="69.41"/>
            </lane>
        </edge>
        <edge id="right">
            <lane id="right_0">
                <vehicle id="cfm-fast_3" pos="1.59" speed="26.08"/>
                <vehicle id="cfm-fast_4" pos="18.80" speed="23.84"/>
                <vehicle id="cfm-slow_0" pos="34.35" speed="21.94"/>
            </lane>
            <lane id="right_1">
                <vehicle id="cfm-fast_1" pos="36.49" speed="66.99"/>
            </lane>
        </edge>
        <edge id="top">
            <lane id="top_0">
                <vehicle id="cfm-slow_1" pos="1.58" speed="23.19"/>
                <vehicle id="cfm-slow_2" pos="20.10" speed="24.99"/>
                <vehicle id="cfm-slow_3" pos="40.48" speed="27.06"/>
            </lane>
            <lane id="top_1"/>
        </edge>
    </timestep>
    <timestep time="5.10">
        <edge id="bottom">
            <lane id="bottom_0">
                <vehicle id="cfm-fast_0" pos="12.21" speed="29.19"/>
                <vehicle id="cfm-fast_2" pos="32.97" speed="27.63"/>
            </lane>
            <lane id="bottom_1"/>
        </edge>
        <edge id="left">
            <lane id="left_0">
                <vehicle id="cfm-slow_4" pos="13.23" speed="28.79"/>
                <vehicle id="cfm-slow_5" pos="37.40" speed="29.54"/>
            </lane>
            <lane id="left_1">
                <vehicle id="cfm-fast_5" pos="2.86" speed="69.55"/>
            </lane>
        </edge>
        <edge id="right">
            <lane id="right_0">
                <vehicle id="cfm-fast_3" pos="1.85" speed="26.06"/>
                <vehicle id="cfm-fast_4" pos="19.03" speed="23.83"/>
                <vehicle id="cfm-slow_0" pos="34.57" speed="21.96"/>
            </lane>
            <lane id="right_1">
                <vehicle id="cfm-fast_1" pos="37.16" speed="67.08"/>
            </lane>
        </edge>
        <edge id="top">
            <lane id="top_0">
                <vehicle id="cfm-slow_1" pos="1.81" speed="23.21"/>
                <vehicle id="cfm-slow_2" pos="20.35" speed="25.01"/>
                <vehicle id="cfm-slow_3" pos="40.75" speed="27.08"/>
            </lane>
            <lane id="top_1"/>
        </edge>
    </timestep>
    <timestep time="5.11">
        <edge id="bottom">
            <lane id="bottom_0">
                <vehicle id="cfm-fast_0" pos="12.50" speed="29.18"/>
                <vehicle id="cfm-fast_2" pos="33.25" speed="27.62"/>
            </lane>
            <lane id="bottom_1"/>
        </edge>
        <edge id="left">
            <lane id="left_0">
                <vehicle id="cfm-slow_4" pos="13.52" speed="28.80"/>
                <vehicle id="cfm-slow_5" pos="37.69" speed="29.54"/>
            </lane>
            <lane id="left_1">
                <vehicle id="cfm-fast_5" pos="3.55" speed="69.68"/>
            </lane>
        </edge>
        <edge id="right">
            <lane id="right_0">
                <vehicle id="cfm-fast_3" pos="2.11" speed="26.05"/>
                <vehicle id="cfm-fast_4" pos="19.27" speed="23.82"/>
                <vehicle id="cfm-slow_0" pos="34.79" speed="21.97"/>
            </lane>
            <lane id="right_1">
                <vehicle id="cfm-fast_1" pos="37.83" speed="67.18"/>
            </lane>
        </edge>
        <edge id="top">
            <lane id="top_0">
                <vehicle id="cfm-slow_1" pos="2.04" speed="23.22"/>
                <vehicle id="cfm-slow_2" pos="20.60" speed="25.03"/>
                <vehicle id="cfm-slow_3" pos="41.02" speed="27.10"/>
            </lane>
            <lane id="top_1"/>
        </edge>
    </timestep>
    <timestep time="5.12">
        <edge id="bottom">
            <lane id="bottom_0">
                <vehicle id="cfm-fast_0" pos="12.80" speed="29.17"/>
                <vehicle id="cfm-fast_2" pos="33.53" speed="27.61"/>
            </lane>
            <lane id="bottom_1"/>
        </edge>
        <edge id="left">
            <lane id="left_0">
                <vehicle id="cfm-slow_4" pos="13.81" speed="28.81"/>
                <vehicle id="cfm-slow_5" pos="37.99" speed="29.54"/>
            </lane>
            <lane id="left_1">
                <vehicle id="cfm-fast_5" pos="4.25" speed="69.82"/>
            </lane>
        </edge>
        <edge id="right">
            <lane id="right_0">
                <vehicle id="cfm-fast_3" pos="2.37" speed="26.03"/>
                <vehicle id="cfm-fast_4" pos="19.51" speed="23.81"/>
                <vehicle id="cfm-slow_0" pos="35.01" speed="21.98"/>
            </lane>
            <lane id="right_1">
                <vehicle id="cfm-fast_1" pos="38.51" speed="67.27"/>
            </lane>
        </edge>
        <edge id="top">
            <lane id="top_0">
                <vehicle id="cfm-slow_1" pos="2.27" speed="23.24"/>
                <vehicle id="cfm-slow_2" pos="20.85" speed="25.05"/>
                <vehicle id="cfm-slow_3" pos="41.29" speed="27.12"/>
            </lane>
            <lane id="top_1"/>
        </edge>
    </timestep>
    <timestep time="5.13">
        <edge id="bottom">
            <lane id="bottom_0">
                <vehicle id="cfm-fast_0" pos="13.09" speed="29.16"/>
                <vehicle id="cfm-fast_2" pos="33.80" speed="27.59"/>
            </lane>
            <lane id="bottom_1"/>
        </edge>
        <edge id="left">
            <lane id="left_0">
                <vehicle id="cfm-slow_4" pos="14.10" speed="28.82"/>
                <vehicle id="cfm-slow_5" pos="38.28" speed="29.54"/>
            </lane>
            <lane id="left_1">
                <vehicle id="cfm-fast_5" pos="4.95" speed="69.95"/>
            </lane>
        </edge>
        <edge id="right">
            <lane id="right_0">
                <vehicle id="cfm-fast_3" pos="2.63" speed="26.01"/>
                <vehicle id="cfm-fast_4" pos="19.75" speed="23.80"/>
                <vehicle id="cfm-slow_0" pos="35.23" speed="22.00"/>
            </lane>
            <lane id="right_1">
                <vehicle id="cfm-fast_1" pos="39.18" speed="67.36"/>
            </lane>
        </edge>
        <edge id="top">
            <lane id="top_0">
                <vehicle id="cfm-slow_1" pos="2.51" speed="23.26"/>
                <vehicle id="cfm-slow_2" pos="21.10" speed="25.07"/>
                <vehicle id="cfm-slow_3" pos="41.56" speed="27.13"/>
            </lane>
            <lane id="top_1"/>
        </edge>
    </timestep>
    <timestep time="5.14">
        <edge id="bottom">
            <lane id="bottom_0">
                <vehicle id="cfm-fast_0" pos="13.38" speed="29.16"/>
                <vehicle id="cfm-fast_2" pos="34.08" speed="27.58"/>
            </lane>
            <lane id="bottom_1"/>
        </edge>
        <edge id="left">
            <lane id="left_0">
                <vehicle id="cfm-slow_4" pos="14.39" speed="28.83"/>
                <vehicle id="cfm-slow_5" pos="38.58" speed="29.54"/>
            </lane>
            <lane id="left_1">
                <vehicle id="cfm-fast_5" pos="5.65" speed="70.09"/>
            </lane>
        </edge>
        <edge id="right">
            <lane id="right_0">
                <vehicle id="cfm-fast_3" pos="2.89" speed="25.99"/>
                <vehicle id="cfm-fast_4" pos="19.99" speed="23.79"/>
                <vehicle id="cfm-slow_0" pos="35.45" speed="22.01"/>
            </lane>
            <lane id="right_1">
                <vehicle id="cfm-fast_1" pos="39.86" speed="67.45"/>
            </lane>
        </edge>
        <edge id="top">
            <lane id="top_0">
                <vehicle id="cfm-slow_1" pos="2.74" speed="23.28"/>
                <vehicle id="cfm-slow_2" pos="21.35" speed="25.10"/>
                <vehicle id="cfm-slow_3" pos="41.83" speed="27.15"/>
            </lane>
            <lane id="top_1"/>
        </edge>
    </timestep>
    <timestep time="5.15">
        <edge id="bottom">
            <lane id="bottom_0">
                <vehicle id="cfm-fast_0" pos="13.67" speed="29.15"/>
                <vehicle id="cfm-fast_2" pos="34.35" speed="27.57"/>
            </lane>
            <lane id="bottom_1"/>
        </edge>
        <edge id="left">
            <lane id="left_0">
                <vehicle id="cfm-slow_4" pos="14.68" speed="28.84"/>
                <vehicle id="cfm-slow_5" pos="38.87" speed="29.54"/>
            </lane>
            <lane id="left_1">
                <vehicle id="cfm-fast_5" pos="6.35" speed="70.23"/>
            </lane>
        </edge>
        <edge id="right">
            <lane id="right_0">
                <vehicle id="cfm-fast_3" pos="3.15" speed="25.97"/>
                <vehicle id="cfm-fast_4" pos="20.22" speed="23.78"/>
                <vehicle id="cfm-slow_0" pos="35.67" speed="22.03"/>
            </lane>
            <lane id="right_1">
                <vehicle id="cfm-fast_1" pos="40.53" speed="67.54"/>
            </lane>
        </edge>
        <edge id="top">
            <lane id="top_0">
                <vehicle id="cfm-slow_1" pos="2.97" speed="23.30"/>
                <vehicle id="cfm-slow_2" pos="21.61" speed="25.12"/>
                <vehicle id="cfm-slow_3" pos="42.11" speed="27.17"/>
            </lane>
            <lane id="top_1"/>
        </edge>
    </timestep>
    <timestep time="5.16">
        <edge id="bottom">
            <lane id="bottom_0">
                <vehicle id="cfm-fast_0" pos="13.96" speed="29.14"/>
                <vehicle id="cfm-fast_2" pos="34.63" speed="27.56"/>
            </lane>
            <lane id="bottom_1"/>
        </edge>
        <edge id="left">
            <lane id="left_0">
                <vehicle id="cfm-slow_4" pos="14.96" speed="28.85"/>
                <vehicle id="cfm-slow_5" pos="39.17" speed="29.53"/>
            </lane>
            <lane id="left_1">
                <vehicle id="cfm-fast_5" pos="7.06" speed="70.36"/>
            </lane>
        </edge>
        <edge id="right">
            <lane id="right_0">
                <vehicle id="cfm-fast_3" pos="3.41" speed="25.95"/>
                <vehicle id="cfm-fast_4" pos="20.46" speed="23.77"/>
                <vehicle id="cfm-slow_0" pos="35.89" speed="22.04"/>
            </lane>
            <lane id="right_1">
                <vehicle id="cfm-fast_1" pos="41.21" speed="67.63"/>
            </lane>
        </edge>
        <edge id="top">
            <lane id="top_0">
                <vehicle id="cfm-slow_1" pos="3.21" speed="23.32"/>
                <vehicle id="cfm-slow_2" pos="21.86" speed="25.14"/>
                <vehicle id="cfm-slow_3" pos="42.38" speed="27.19"/>
            </lane>
            <lane id="top_1"/>
        </edge>
    </timestep>
    <timestep time="5.17">
        <edge id="bottom">
            <lane id="bottom_0">
                <vehicle id="cfm-fast_0" pos="14.25" speed="29.13"/>
                <vehicle id="cfm-fast_2" pos="34.91" speed="27.54"/>
            </lane>
            <lane id="bottom_1"/>
        </edge>
        <edge id="left">
            <lane id="left_0">
                <vehicle id="cfm-slow_4" pos="15.25" speed="28.86"/>
                <vehicle id="cfm-slow_5" pos="39.46" speed="29.53"/>
            </lane>
            <lane id="left_1">
                <vehicle id="cfm-fast_5" pos="7.76" speed="70.50"/>
            </lane>
        </edge>
        <edge id="right">
            <lane id="right_0">
                <vehicle id="cfm-fast_3" pos="3.67" speed="25.93"/>
                <vehicle id="cfm-fast_4" pos="20.70" speed="23.76"/>
                <vehicle id="cfm-slow_0" pos="36.11" speed="22.06"/>
            </lane>
            <lane id="right_1">
                <vehicle id="cfm-fast_1" pos="41.88" speed="67.72"/>
            </lane>
        </edge>
        <edge id="top">
            <lane id="top_0">
                <vehicle id="cfm-slow_1" pos="3.44" speed="23.34"/>
                <vehicle id="cfm-slow_2" pos="22.11" speed="25.16"/>
                <vehicle id="cfm-slow_3" pos="42.65" speed="27.21"/>
            </lane>
            <lane id="top_1"/>
        </edge>
    </timestep>
    <timestep time="5.18">
        <edge id="bottom">
            <lane id="bottom_0">
                <vehicle id="cfm-fast_0" pos="14.55" speed="29.12"/>
                <vehicle id="cfm-fast_2" pos="35.18" speed="27.53"/>
            </lane>
            <lane id="bottom_1"/>
        </edge>
        <edge id="left">
            <lane id="left_0">
                <vehicle id="cfm-slow_4" pos="15.54" speed="28.87"/>
                <vehicle id="cfm-slow_5" pos="39.76" speed="29.53"/>
            </lane>
            <lane id="left_1">
                <vehicle id="cfm-fast_5" pos="8.47" speed="70.64"/>
            </lane>
        </edge>
        <edge id="right">
            <lane id="right_0">
                <vehicle id="cfm-fast_3" pos="3.93" speed="25.91"/>
                <vehicle id="cfm-fast_4" pos="20.94" speed="23.75"/>
                <vehicle id="cfm-slow_0" pos="36.33" speed="22.07"/>
            </lane>
            <lane id="right_1">
                <vehicle id="cfm-fast_1" pos="42.56" speed="67.81"/>
            </lane>
        </edge>
        <edge id="top">
            <lane id="top_0">
                <vehicle id="cfm-slow_1" pos="3.67" speed="23.36"/>
                <vehicle id="cfm-slow_2" pos="22.36" speed="25.19"/>
                <vehicle id="cfm-slow_3" pos="42.92" speed="27.23"/>
            </lane>
            <lane id="top_1"/>
        </edge>
    </timestep>
    <timestep time="5.19">
        <edge id="bottom">
            <lane id="bottom_0">
                <vehicle id="cfm-fast_0" pos="14.84" speed="29.11"/>
                <vehicle id="cfm-fast_2" pos="35.46" speed="27.52"/>
            </lane>
            <lane id="bottom_1"/>
        </edge>
        <edge id="left">
            <lane id="left_0">
                <vehicle id="cfm-slow_4" pos="15.83" speed="28.88"/>
                <vehicle id="cfm-slow_5" pos="40.05" speed="29.53"/>
            </lane>
            <lane id="left_1">
                <vehicle id="cfm-fast_5" pos="9.18" speed="70.77"/>
            </lane>
        </edge>
        <edge id="right">
            <lane id="right_0">
                <vehicle id="cfm-fast_3" pos="4.19" speed="25.89"/>
                <vehicle id="cfm-fast_4" pos="21.17" speed="23.74"/>
                <vehicle id="cfm-slow_0" pos="36.55" speed="22.08"/>
            </lane>
            <lane id="right_1">
                <vehicle id="cfm-fast_1" pos="43.24" speed="67.90"/>
            </lane>
        </edge>
        <edge id="top">
            <lane id="top_0">
                <vehicle id="cfm-slow_1" pos="3.91" speed="23.38"/>
                <vehicle id="cfm-slow_2" pos="22.61" speed="25.21"/>
                <vehicle id="cfm-slow_3" pos="43.19" speed="27.25"/>
            </lane>
            <lane id="top_1"/>
        </edge>
    </timestep>
    <timestep time="5.20">
        <edge id="bottom">
            <lane id="bottom_0">
                <vehicle id="cfm-fast_0" pos="15.13" speed="29.10"/>
                <vehicle id="cfm-fast_2" pos="35.73" speed="27.51"/>
            </lane>
            <lane id="bottom_1"/>
        </edge>
        <edge id="left">
            <lane id="left_0">
                <vehicle id="cfm-slow_4" pos="16.12" speed="28.89"/>
                <vehicle id="cfm-slow_5" pos="40.35" speed="29.53"/>
            </lane>
            <lane id="left_1">
                <vehicle id="cfm-fast_5" pos="9.88" speed="70.91"/>
            </lane>
        </edge>
        <edge id="right">
            <lane id="right_0">
                <vehicle id="cfm-fast_3" pos="4.45" speed="25.87"/>
                <vehicle id="cfm-fast_4" pos="21.41" speed="23.73"/>
                <vehicle id="cfm-slow_0" pos="36.77" speed="22.10"/>
            </lane>
            <lane id="right_1">
                <vehicle id="cfm-fast_1" pos="43.92" speed="67.99"/>
            </lane>
        </edge>
        <edge id="top">
            <lane id="top_0">
                <vehicle id="cfm-slow_1" pos="4.14" speed="23.40"/>
                <vehicle id="cfm-slow_2" pos="22.87" speed="25.23"/>
                <vehicle id="cfm-slow_3" pos="43.47" speed="27.27"/>
            </lane>
            <lane id="top_1"/>
        </edge>
    </timestep>
    <timestep time="5.21">
        <edge id="bottom">
            <lane id="bottom_0">
                <vehicle id="cfm-fast_0" pos="15.42" speed="29.09"/>
                <vehicle id="cfm-fast_2" pos="36.01" speed="27.49"/>
            </lane>
            <lane id="bottom_1"/>
        </edge>
        <edge id="left">
            <lane id="left_0">
                <vehicle id="cfm-slow_4" pos="16.41" speed="28.90"/>
                <vehicle id="cfm-slow_5" pos="40.64" speed="29.53"/>
            </lane>
            <lane id="left_1">
                <vehicle id="cfm-fast_5" pos="10.60" speed="71.05"/>
            </lane>
        </edge>
        <edge id="right">
            <lane id="right_0">
                <vehicle id="cfm-fast_3" pos="4.70" speed="25.86"/>
                <vehicle id="cfm-fast_4" pos="21.65" speed="23.72"/>
                <vehicle id="cfm-slow_0" pos="36.99" speed="22.11"/>
            </lane>
            <lane id="right_1">
                <vehicle id="cfm-fast_1" pos="44.60" speed="68.08"/>
            </lane>
        </edge>
        <edge id="top">
            <lane id="top_0">
                <vehicle id="cfm-slow_1" pos="4.38" speed="23.42"/>
                <vehicle id="cfm-slow_2" pos="23.12" speed="25.25"/>
                <vehicle id="cfm-slow_3" pos="43.74" speed="27.28"/>
            </lane>
            <lane id="top_1"/>
        </edge>
    </timestep>
    <timestep time="5.22">
        <edge id="bottom">
            <lane id="bottom_0">
                <vehicle id="cfm-fast_0" pos="15.71" speed="29.08"/>
                <vehicle id="cfm-fast_2" pos="36.28" speed="27.48"/>
            </lane>
            <lane id="bottom_1"/>
        </edge>
        <edge id="left">
            <lane id="left_0">
                <vehicle id="cfm-slow_4" pos="16.70" speed="28.91"/>
                <vehicle id="cfm-slow_5" pos="40.94" speed="29.53"/>
            </lane>
            <lane id="left_1">
                <vehicle id="cfm-fast_5" pos="11.31" speed="71.18"/>
            </lane>
        </edge>
        <edge id="right">
            <lane id="right_0">
                <vehicle id="cfm-fast_3" pos="4.96" speed="25.84"/>
                <vehicle id="cfm-fast_4" pos="21.89" speed="23.71"/>
                <vehicle id="cfm-slow_0" pos="37.21" speed="22.13"/>
            </lane>
            <lane id="right_1">
                <vehicle id="cfm-fast_1" pos="45.28" speed="68.17"/>
            </lane>
        </edge>
        <edge id="top">
            <lane id="top_0">
                <vehicle id="cfm-slow_1" pos="4.61" speed="23.44"/>
                <vehicle id="cfm-slow_2" pos="23.37" speed="25.27"/>
                <vehicle id="cfm-slow_3" pos="44.01" speed="27.30"/>
            </lane>
            <lane id="top_1"/>
        </edge>
    </timestep>
    <timestep time="5.23">
        <edge id="bottom">
            <lane id="bottom_0">
                <vehicle id="cfm-fast_0" pos="16.00" speed="29.07"/>
                <vehicle id="cfm-fast_2" pos="36.56" speed="27.47"/>
            </lane>
            <lane id="bottom_1"/>
        </edge>
        <edge id="left">
            <lane id="left_0">
                <vehicle id="cfm-slow_4" pos="16.99" speed="28.91"/>
                <vehicle id="cfm-slow_5" pos="41.24" speed="29.52"/>
            </lane>
            <lane id="left_1">
                <vehicle id="cfm-fast_5" pos="12.02" speed="71.32"/>
            </lane>
        </edge>
        <edge id="right">
            <lane id="right_0">
                <vehicle id="cfm-fast_3" pos="5.22" speed="25.82"/>
                <vehicle id="cfm-fast_4" pos="22.12" speed="23.70"/>
                <vehicle id="cfm-slow_0" pos="37.43" speed="22.14"/>
            </lane>
            <lane id="right_1">
                <vehicle id="cfm-fast_1" pos="45.97" speed="68.26"/>
            </lane>
        </edge>
        <edge id="top">
            <lane id="top_0">
                <vehicle id="cfm-slow_1" pos="4.84" speed="23.46"/>
                <vehicle id="cfm-slow_2" pos="23.62" speed="25.29"/>
                <vehicle id="cfm-slow_3" pos="44.29" speed="27.32"/>
            </lane>
            <lane id="top_1"/>
        </edge>
    </timestep>
    <timestep time="5.24">
        <edge id="bottom">
            <lane id="bottom_0">
                <vehicle id="cfm-fast_0" pos="16.29" speed="29.06"/>
                <vehicle id="cfm-fast_2" pos="36.83" speed="27.45"/>
            </lane>
            <lane id="bottom_1"/>
        </edge>
        <edge id="left">
            <lane id="left_0">
                <vehicle id="cfm-slow_4" pos="17.28" speed="28.92"/>
                <vehicle id="cfm-slow_5" pos="41.53" speed="29.52"/>
            </lane>
            <lane id="left_1">
                <vehicle id="cfm-fast_5" pos="12.73" speed="71.45"/>
            </lane>
        </edge>
        <edge id="right">
            <lane id="right_0">
                <vehicle id="cfm-fast_3" pos="5.48" speed="25.80"/>
                <vehicle id="cfm-fast_4" pos="22.36" speed="23.69"/>
                <vehicle id="cfm-slow_0" pos="37.66" speed="22.16"/>
            </lane>
            <lane id="right_1">
                <vehicle id="cfm-fast_1" pos="46.65" speed="68.35"/>
            </lane>
        </edge>
        <edge id="top">
            <lane id="top_0">
                <vehicle id="cfm-slow_1" pos="5.08" speed="23.48"/>
                <vehicle id="cfm-slow_2" pos="23.88" speed="25.32"/>
                <vehicle id="cfm-slow_3" pos="44.56" speed="27.34"/>
            </lane>
            <lane id="top_1"/>
        </edge>
    </timestep>
    <timestep time="5.25">
        <edge id="bottom">
            <lane id="bottom_0">
                <vehicle id="cfm-fast_0" pos="16.58" speed="29.05"/>
                <vehicle id="cfm-fast_2" pos="37.10" speed="27.44"/>
            </lane>
            <lane id="bottom_1"/>
        </edge>
        <edge id="left">
            <lane id="left_0">
                <vehicle id="cfm-slow_4" pos="17.56" speed="28.93"/>
                <vehicle id="cfm-slow_5" pos="41.83" speed="29.52"/>
            </lane>
            <lane id="left_1">
                <vehicle id="cfm-fast_5" pos="13.45" speed="71.59"/>
            </lane>
        </edge>
        <edge id="right">
            <lane id="right_0">
                <vehicle id="cfm-fast_3" pos="5.74" speed="25.78"/>
                <vehicle id="cfm-fast_4" pos="22.60" speed="23.69"/>
                <vehicle id="cfm-slow_0" pos="37.88" speed="22.17"/>
            </lane>
            <lane id="right_1">
                <vehicle id="cfm-fast_1" pos="47.33" speed="68.44"/>
            </lane>
        </edge>
        <edge id="top">
            <lane id="top_0">
                <vehicle id="cfm-slow_1" pos="5.31" speed="23.50"/>
                <vehicle id="cfm-slow_2" pos="24.13" speed="25.34"/>
                <vehicle id="cfm-slow_3" pos="44.83" speed="27.36"/>
            </lane>
            <lane id="top_1"/>
        </edge>
    </timestep>
    <timestep time="5.26">
        <edge id="bottom">
            <lane id="bottom_0">
                <vehicle id="cfm-fast_0" pos="16.87" speed="29.04"/>
                <vehicle id="cfm-fast_2" pos="37.38" speed="27.43"/>
            </lane>
            <lane id="bottom_1"/>
        </edge>
        <edge id="left">
            <lane id="left_0">
                <vehicle id="cfm-slow_4" pos="17.85" speed="28.94"/>
                <vehicle id="cfm-slow_5" pos="42.12" speed="29.52"/>
            </lane>
            <lane id="left_1">
                <vehicle id="cfm-fast_5" pos="14.17" speed="71.73"/>
            </lane>
        </edge>
        <edge id="right">
            <lane id="right_0">
                <vehicle id="cfm-fast_3" pos="5.99" speed="25.76"/>
                <vehicle id="cfm-fast_4" pos="22.83" speed="23.68"/>
                <vehicle id="cfm-slow_0" pos="38.10" speed="22.18"/>
            </lane>
            <lane id="right_1">
                <vehicle id="cfm-fast_1" pos="48.02" speed="68.53"/>
            </lane>
        </edge>
        <edge id="top">
            <lane id="top_0">
                <vehicle id="cfm-slow_1" pos="5.55" speed="23.52"/>
                <vehicle id="cfm-slow_2" pos="24.38" speed="25.36"/>
                <vehicle id="cfm-slow_3" pos="45.11" speed="27.37"/>
            </lane>
            <lane id="top_1"/>
        </edge>
    </timestep>
    <timestep time="5.27">
        <edge id="bottom">
            <lane id="bottom_0">
                <vehicle id="cfm-fast_0" pos="17.16" speed="29.03"/>
                <vehicle id="cfm-fast_2" pos="37.65" speed="27.41"/>
            </lane>
            <lane id="bottom_1"/>
        </edge>
        <edge id="left">
            <lane id="left_0">
                <vehicle id="cfm-slow_4" pos="18.14" speed="28.95"/>
                <vehicle id="cfm-slow_5" pos="42.42" speed="29.52"/>
            </lane>
            <lane id="left_1">
                <vehicle id="cfm-fast_5" pos="14.89" speed="71.86"/>
            </lane>
        </edge>
        <edge id="right">
            <lane id="right_0">
                <vehicle id="cfm-fast_3" pos="6.25" speed="25.75"/>
                <vehicle id="cfm-fast_4" pos="23.07" speed="23.67"/>
                <vehicle id="cfm-slow_0" pos="38.32" speed="22.20"/>
            </lane>
            <lane id="right_1">
                <vehicle id="cfm-fast_1" pos="48.71" speed="68.62"/>
            </lane>
        </edge>
        <edge id="top">
            <lane id="top_0">
                <vehicle id="cfm-slow_1" pos="5.78" speed="23.54"/>
                <vehicle id="cfm-slow_2" pos="24.64" speed="25.38"/>
                <vehicle id="cfm-slow_3" pos="45.38" speed="27.39"/>
            </lane>
            <lane id="top_1"/>
        </edge>
    </timestep>
    <timestep time="5.28">
        <edge id="bottom">
            <lane id="bottom_0">
                <vehicle id="cfm-fast_0" pos="17.45" speed="29.02"/>
                <vehicle id="cfm-fast_2" pos="37.93" speed="27.40"/>
            </lane>
            <lane id="bottom_1"/>
        </edge>
        <edge id="left">
            <lane id="left_0">
                <vehicle id="cfm-slow_4" pos="18.43" speed="28.96"/>
                <vehicle id="cfm-slow_5" pos="42.71" speed="29.51"/>
            </lane>
            <lane id="left_1">
                <vehicle id="cfm-fast_5" pos="15.61" speed="72.00"/>
            </lane>
        </edge>
        <edge id="right">
            <lane id="right_0">
                <vehicle id="cfm-fast_3" pos="6.51" speed="25.73"/>
                <vehicle id="cfm-fast_4" pos="23.31" speed="23.66"/>
                <vehicle id="cfm-slow_0" pos="38.54" speed="22.21"/>
            </lane>
            <lane id="right_1">
                <vehicle id="cfm-fast_1" pos="49.39" speed="68.71"/>
            </lane>
        </edge>
        <edge id="top">
            <lane id="top_0">
                <vehicle id="cfm-slow_1" pos="6.02" speed="23.56"/>
                <vehicle id="cfm-slow_2" pos="24.89" speed="25.40"/>
                <vehicle id="cfm-slow_3" pos="45.65" speed="27.41"/>
            </lane>
            <lane id="top_1"/>
        </edge>
    </timestep>
    <timestep time="5.29">
        <edge id="bottom">
            <lane id="bottom_0">
                <vehicle id="cfm-fast_0" pos="17.74" speed="29.01"/>
                <vehicle id="cfm-fast_2" pos="38.20" speed="27.39"/>
            </lane>
            <lane id="bottom_1"/>
        </edge>
        <edge id="left">
            <lane id="left_0">
                <vehicle id="cfm-slow_4" pos="18.72" speed="28.96"/>
                <vehicle id="cfm-slow_5" pos="43.01" speed="29.51"/>
            </lane>
            <lane id="left_1">
                <vehicle id="cfm-fast_5" pos="16.33" speed="72.14"/>
            </lane>
        </edge>
        <edge id="right">
            <lane id="right_0">
                <vehicle id="cfm-fast_3" pos="6.77" speed="25.71"/>
                <vehicle id="cfm-fast_4" pos="23.54" speed="23.65"/>
                <vehicle id="cfm-slow_0" pos="38.77" speed="22.23"/>
            </lane>
            <lane id="right_1"/>
        </edge>
        <edge id="top">
            <lane id="top_0">
                <vehicle id="cfm-slow_1" pos="6.26" speed="23.58"/>
                <vehicle id="cfm-slow_2" pos="25.15" speed="25.42"/>
                <vehicle id="cfm-slow_3" pos="45.93" speed="27.43"/>
            </lane>
            <lane id="top_1">
                <vehicle id="cfm-fast_1" pos="0.08" speed="68.80"/>
            </lane>
        </edge>
    </timestep>
    <timestep time="5.30">
        <edge id="bottom">
            <lane id="bottom_0">
                <vehicle id="cfm-fast_0" pos="18.03" speed="29.00"/>
                <vehicle id="cfm-fast_2" pos="38.47" speed="27.37"/>
            </lane>
            <lane id="bottom_1"/>
        </edge>
        <edge id="left">
            <lane id="left_0">
                <vehicle id="cfm-slow_4" pos="19.01" speed="28.97"/>
                <vehicle id="cfm-slow_5" pos="43.30" speed="29.51"/>
            </lane>
            <lane id="left_1">
                <vehicle id="cfm-fast_5" pos="17.05" speed="72.27"/>
            </lane>
        </edge>
        <edge id="right">
            <lane id="right_0">
                <vehicle id="cfm-fast_3" pos="7.02" speed="25.69"/>
                <vehicle id="cfm-fast_4" pos="23.78" speed="23.65"/>
                <vehicle id="cfm-slow_0" pos="38.99" speed="22.24"/>
            </lane>
            <lane id="right_1"/>
        </edge>
        <edge id="top">
            <lane id="top_0">
                <vehicle id="cfm-slow_1" pos="6.49" speed="23.60"/>
                <vehicle id="cfm-slow_2" pos="25.40" speed="25.45"/>
                <vehicle id="cfm-slow_3" pos="46.20" speed="27.44"/>
            </lane>
            <lane id="top_1">
                <vehicle id="cfm-fast_1" pos="0.77" speed="68.89"/>
            </lane>
        </edge>
    </timestep>
    <timestep time="5.31">
        <edge id="bottom">
            <lane id="bottom_0">
                <vehicle id="cfm-fast_0" pos="18.32" speed="28.98"/>
                <vehicle id="cfm-fast_2" pos="38.75" speed="27.36"/>
            </lane>
            <lane id="bottom_1"/>
        </edge>
        <edge id="left">
            <lane id="left_0">
                <vehicle id="cfm-slow_4" pos="19.30" speed="28.98"/>
                <vehicle id="cfm-slow_5" pos="43.60" speed="29.51"/>
            </lane>
            <lane id="left_1">
                <vehicle id="cfm-fast_5" pos="17.77" speed="72.41"/>
            </lane>
        </edge>
        <edge id="right">
            <lane id="right_0">
                <vehicle id="cfm-fast_3" pos="7.28" speed="25.67"/>
                <vehicle id="cfm-fast_4" pos="24.02" speed="23.64"/>
                <vehicle id="cfm-slow_0" pos="39.21" speed="22.26"/>
            </lane>
            <lane id="right_1"/>
        </edge>
        <edge id="top">
            <lane id="top_0">
                <vehicle id="cfm-slow_1" pos="6.73" speed="23.62"/>
                <vehicle id="cfm-slow_2" pos="25.65" speed="25.47"/>
                <vehicle id="cfm-slow_3" pos="46.48" speed="27.46"/>
            </lane>
            <lane id="top_1">
                <vehicle id="cfm-fast_1" pos="1.46" speed="68.97"/>
            </lane>
        </edge>
    </timestep>
    <timestep time="5.32">
        <edge id="bottom">
            <lane id="bottom_0">
                <vehicle id="cfm-fast_0" pos="18.61" speed="28.97"/>
                <vehicle id="cfm-fast_2" pos="39.02" speed="27.35"/>
            </lane>
            <lane id="bottom_1"/>
        </edge>
        <edge id="left">
            <lane id="left_0">
                <vehicle id="cfm-slow_4" pos="19.59" speed="28.99"/>
                <vehicle id="cfm-slow_5" pos="43.89" speed="29.50"/>
            </lane>
            <lane id="left_1">
                <vehicle id="cfm-fast_5" pos="18.50" speed="72.55"/>
            </lane>
        </edge>
        <edge id="right">
            <lane id="right_0">
                <vehicle id="cfm-fast_3" pos="7.54" speed="25.66"/>
                <vehicle id="cfm-fast_4" pos="24.25" speed="23.63"/>
                <vehicle id="cfm-slow_0" pos="39.43" speed="22.27"/>
            </lane>
            <lane id="right_1"/>
        </edge>
        <edge id="top">
            <lane id="top_0">
                <vehicle id="cfm-slow_1" pos="6.96" speed="23.64"/>
                <vehicle id="cfm-slow_2" pos="25.91" speed="25.49"/>
                <vehicle id="cfm-slow_3" pos="46.75" speed="27.48"/>
            </lane>
            <lane id="top_1">
                <vehicle id="cfm-fast_1" pos="2.15" speed="69.06"/>
            </lane>
        </edge>
    </timestep>
    <timestep time="5.33">
        <edge id="bottom">
            <lane id="bottom_0">
                <vehicle id="cfm-fast_0" pos="18.90" speed="28.96"/>
                <vehicle id="cfm-fast_2" pos="39.29" speed="27.33"/>
            </lane>
            <lane id="bottom_1"/>
        </edge>
        <edge id="left">
            <lane id="left_0">
                <vehicle id="cfm-slow_4" pos="19.88" speed="28.99"/>
                <vehicle id="cfm-slow_5" pos="44.19" speed="29.50"/>
            </lane>
            <lane id="left_1">
                <vehicle id="cfm-fast_5" pos="19.23" speed="72.68"/>
            </lane>
        </edge>
        <edge id="right">
            <lane id="right_0">
                <vehicle id="cfm-fast_3" pos="7.79" speed="25.64"/>
                <vehicle id="cfm-fast_4" pos="24.49" speed="23.62"/>
                <vehicle id="cfm-slow_0" pos="39.66" speed="22.29"/>
            </lane>
            <lane id="right_1"/>
        </edge>
        <edge id="top">
            <lane id="top_0">
                <vehicle id="cfm-slow_1" pos="7.20" speed="23.66"/>
                <vehicle id="cfm-slow_2" pos="26.16" speed="25.51"/>
                <vehicle id="cfm-slow_3" pos="47.03" speed="27.49"/>
            </lane>
            <lane id="top_1">
                <vehicle id="cfm-fast_1" pos="2.84" speed="69.15"/>
            </lane>
        </edge>
    </timestep>
    <timestep time="5.34">
        <edge id="bottom">
            <lane id="bottom_0">
                <vehicle id="cfm-fast_0" pos="19.19" speed="28.95"/>
                <vehicle id="cfm-fast_2" pos="39.57" speed="27.32"/>
            </lane>
            <lane id="bottom_1"/>
        </edge>
        <edge id="left">
            <lane id="left_0">
                <vehicle id="cfm-slow_4" pos="20.17" speed="29.00"/>
                <vehicle id="cfm-slow_5" pos="44.48" speed="29.50"/>
            </lane>
            <lane id="left_1">
                <vehicle id="cfm-fast_5" pos="19.96" speed="72.82"/>
            </lane>
        </edge>
        <edge id="right">
            <lane id="right_0">
                <vehicle id="cfm-fast_3" pos="8.05" speed="25.62"/>
                <vehicle id="cfm-fast_4" pos="24.72" speed="23.62"/>
                <vehicle id="cfm-slow_0" pos="39.88" speed="22.30"/>
            </lane>
            <lane id="right_1"/>
        </edge>
        <edge id="top">
            <lane id="top_0">
                <vehicle id="cfm-slow_1" pos="7.44" speed="23.67"/>
                <vehicle id="cfm-slow_2" pos="26.42" speed="25.53"/>
                <vehicle id="cfm-slow_3" pos="47.30" speed="27.51"/>
            </lane>
            <lane id="top_1">
                <vehicle id="cfm-fast_1" pos="3.53" speed="69.24"/>
            </lane>
        </edge>
    </timestep>
    <timestep time="5.35">
        <edge id="bottom">
            <lane id="bottom_0">
                <vehicle id="cfm-fast_0" pos="19.48" speed="28.94"/>
                <vehicle id="cfm-fast_2" pos="39.84" speed="27.30"/>
            </lane>
            <lane id="bottom_1"/>
        </edge>
        <edge id="left">
            <lane id="left_0">
                <vehicle id="cfm-slow_4" pos="20.46" speed="29.01"/>
                <vehicle id="cfm-slow_5" pos="44.78" speed="29.49"/>
            </lane>
            <lane id="left_1">
                <vehicle id="cfm-fast_5" pos="20.68" speed="72.95"/>
            </lane>
        </edge>
        <edge id="right">
            <lane id="right_0">
                <vehicle id="cfm-fast_3" pos="8.30" speed="25.60"/>
                <vehicle id="cfm-fast_4" pos="24.96" speed="23.61"/>
                <vehicle id="cfm-slow_0" pos="40.10" speed="22.32"/>
            </lane>
            <lane id="right_1"/>
        </edge>
        <edge id="top">
            <lane id="top_0">
                <vehicle id="cfm-slow_1" pos="7.67" speed="23.69"/>
                <vehicle id="cfm-slow_2" pos="26.68" speed="25.55"/>
                <vehicle id="cfm-slow_3" pos="47.58" speed="27.53"/>
            </lane>
            <lane id="top_1">
                <vehicle id="cfm-fast_1" pos="4.23" speed="69.33"/>
            </lane>
        </edge>
    </timestep>
    <timestep time="5.36">
        <edge id="bottom">
            <lane id="bottom_0">
                <vehicle id="cfm-fast_0" pos="19.77" speed="28.93"/>
                <vehicle id="cfm-fast_2" pos="40.11" speed="27.29"/>
            </lane>
            <lane id="bottom_1"/>
        </edge>
        <edge id="left">
            <lane id="left_0">
                <vehicle id="cfm-slow_4" pos="20.75" speed="29.02"/>
                <vehicle id="cfm-slow_5" pos="45.07" speed="29.49"/>
            </lane>
            <lane id="left_1">
                <vehicle id="cfm-fast_5" pos="21.42" speed="73.09"/>
            </lane>
        </edge>
        <edge id="right">
            <lane id="right_0">
                <vehicle id="cfm-fast_3" pos="8.56" speed="25.58"/>
                <vehicle id="cfm-fast_4" pos="25.20" speed="23.60"/>
                <vehicle id="cfm-slow_0" pos="40.33" speed="22.33"/>
            </lane>
            <lane id="right_1"/>
        </edge>
        <edge id="top">
            <lane id="top_0">
                <vehicle id="cfm-slow_1" pos="7.91" speed="23.71"/>
                <vehicle id="cfm-slow_2" pos="26.93" speed="25.57"/>
                <vehicle id="cfm-slow_3" pos="47.85" speed="27.54"/>
            </lane>
            <lane id="top_1">
                <vehicle id="cfm-fast_1" pos="4.92" speed="69.42"/>
            </lane>
        </edge>
    </timestep>
    <timestep time="5.37">
        <edge id="bottom">
            <lane id="bottom_0">
                <vehicle id="cfm-fast_0" pos="20.06" speed="28.92"/>
                <vehicle id="cfm-fast_2" pos="40.39" speed="27.28"/>
            </lane>
            <lane id="bottom_1"/>
        </edge>
        <edge id="left">
            <lane id="left_0">
                <vehicle id="cfm-slow_4" pos="21.04" speed="29.02"/>
                <vehicle id="cfm-slow_5" pos="45.37" speed="29.49"/>
            </lane>
            <lane id="left_1">
                <vehicle id="cfm-fast_5" pos="22.15" speed="73.23"/>
            </lane>
        </edge>
        <edge id="right">
            <lane id="right_0">
                <vehicle id="cfm-fast_3" pos="8.82" speed="25.57"/>
                <vehicle id="cfm-fast_4" pos="25.43" speed="23.60"/>
                <vehicle id="cfm-slow_0" pos="40.55" speed="22.35"/>
            </lane>
            <lane id="right_1"/>
        </edge>
        <edge id="top">
            <lane id="top_0">
                <vehicle id="cfm-slow_1" pos="8.15" speed="23.73"/>
                <vehicle id="cfm-slow_2" pos="27.19" speed="25.59"/>
                <vehicle id="cfm-slow_3" pos="48.13" speed="27.56"/>
            </lane>
            <lane id="top_1">
                <vehicle id="cfm-fast_1" pos="5.62" speed="69.51"/>
            </lane>
        </edge>
    </timestep>
    <timestep time="5.38">
        <edge id="bottom">
            <lane id="bottom_0">
                <vehicle id="cfm-fast_0" pos="20.35" speed="28.91"/>
                <vehicle id="cfm-fast_2" pos="40.66" speed="27.26"/>
            </lane>
            <lane id="bottom_1"/>
        </edge>
        <edge id="left">
            <lane id="left_0">
                <vehicle id="cfm-slow_4" pos="21.33" speed="29.03"/>
                <vehicle id="cfm-slow_5" pos="45.66" speed="29.48"/>
            </lane>
            <lane id="left_1">
                <vehicle id="cfm-fast_5" pos="22.88" speed="73.36"/>
            </lane>
        </edge>
        <edge id="right">
            <lane id="right_0">
                <vehicle id="cfm-fast_3" pos="9.07" speed="25.55"/>
                <vehicle id="cfm-fast_4" pos="25.67" speed="23.59"/>
                <vehicle id="cfm-slow_0" pos="40.77" speed="22.36"/>
            </lane>
            <lane id="right_1"/>
        </edge>
        <edge id="top">
            <lane id="top_0">
                <vehicle id="cfm-slow_1" pos="8.39" speed="23.75"/>
                <vehicle id="cfm-slow_2" pos="27.44" speed="25.62"/>
                <vehicle id="cfm-slow_3" pos="48.40" speed="27.58"/>
            </lane>
            <lane id="top_1">
                <vehicle id="cfm-fast_1" pos="6.31" speed="69.60"/>
            </lane>
        </edge>
    </timestep>
    <timestep time="5.39">
        <edge id="bottom">
            <lane id="bottom_0">
                <vehicle id="cfm-fast_0" pos="20.64" speed="28.90"/>
                <vehicle id="cfm-fast_2" pos="40.93" speed="27.25"/>
            </lane>
            <lane id="bottom_1"/>
        </edge>
        <edge id="left">
            <lane id="left_0">
                <vehicle id="cfm-slow_4" pos="21.62" speed="29.04"/>
                <vehicle id="cfm-slow_5" pos="45.96" speed="29.48"/>
            </lane>
            <lane id="left_1">
                <vehicle id="cfm-fast_5" pos="23.62" speed="73.50"/>
            </lane>
        </edge>
        <edge id="right">
            <lane id="right_0">
                <vehicle id="cfm-fast_3" pos="9.33" speed="25.53"/>
                <vehicle id="cfm-fast_4" pos="25.90" speed="23.58"/>
                <vehicle id="cfm-slow_0" pos="41.00" speed="22.38"/>
            </lane>
            <lane id="right_1"/>
        </edge>
        <edge id="top">
            <lane id="top_0">
                <vehicle id="cfm-slow_1" pos="8.62" speed="23.77"/>
                <vehicle id="cfm-slow_2" pos="27.70" speed="25.64"/>
                <vehicle id="cfm-slow_3" pos="48.68" speed="27.59"/>
            </lane>
            <lane id="top_1">
                <vehicle id="cfm-fast_1" pos="7.01" speed="69.68"/>
            </lane>
        </edge>
    </timestep>
    <timestep time="5.40">
        <edge id="bottom">
            <lane id="bottom_0">
                <vehicle id="cfm-fast_0" pos="20.92" speed="28.88"/>
                <vehicle id="cfm-fast_2" pos="41.20" speed="27.23"/>
            </lane>
            <lane id="bottom_1"/>
        </edge>
        <edge id="left">
            <lane id="left_0">
                <vehicle id="cfm-slow_4" pos="21.91" speed="29.04"/>
                <vehicle id="cfm-slow_5" pos="46.25" speed="29.48"/>
            </lane>
            <lane id="left_1">
                <vehicle id="cfm-fast_5" pos="24.35" speed="73.64"/>
            </lane>
        </edge>
        <edge id="right">
            <lane id="right_0">
                <vehicle id="cfm-fast_3" pos="9.58" speed="25.51"/>
                <vehicle id="cfm-fast_4" pos="26.14" speed="23.58"/>
                <vehicle id="cfm-slow_0" pos="41.22" speed="22.39"/>
            </lane>
            <lane id="right_1"/>
        </edge>
        <edge id="top">
            <lane id="top_0">
                <vehicle id="cfm-slow_1" pos="8.86" speed="23.79"/>
                <vehicle id="cfm-slow_2" pos="27.96" speed="25.66"/>
                <vehicle id="cfm-slow_3" pos="48.96" speed="27.61"/>
            </lane>
            <lane id="top_1">
                <vehicle id="cfm-fast_1" pos="7.71" speed="69.77"/>
            </lane>
        </edge>
    </timestep>
    <timestep time="5.41">
        <edge id="bottom">
            <lane id="bottom_0">
                <vehicle id="cfm-fast_0" pos="21.21" speed="28.87"/>
                <vehicle id="cfm-fast_2" pos="41.48" speed="27.22"/>
            </lane>
            <lane id="bottom_1"/>
        </edge>
        <edge id="left">
            <lane id="left_0">
                <vehicle id="cfm-slow_4" pos="22.20" speed="29.05"/>
                <vehicle id="cfm-slow_5" pos="46.55" speed="29.47"/>
            </lane>
            <lane id="left_1">
                <vehicle id="cfm-fast_5" pos="25.09" speed="73.77"/>
            </lane>
        </edge>
        <edge id="right">
            <lane id="right_0">
                <vehicle id="cfm-fast_3" pos="9.84" speed="25.50"/>
                <vehicle id="cfm-fast_4" pos="26.38" speed="23.57"/>
                <vehicle id="cfm-slow_0" pos="41.44" speed="22.41"/>
            </lane>
            <lane id="right_1"/>
        </edge>
        <edge id="top">
            <lane id="top_0">
                <vehicle id="cfm-slow_1" pos="9.10" speed="23.81"/>
                <vehicle id="cfm-slow_2" pos="28.21" speed="25.68"/>
                <vehicle id="cfm-slow_3" pos="49.23" speed="27.63"/>
            </lane>
            <lane id="top_1">
                <vehicle id="cfm-fast_1" pos="8.41" speed="69.86"/>
            </lane>
        </edge>
    </timestep>
    <timestep time="5.42">
        <edge id="bottom">
            <lane id="bottom_0">
                <vehicle id="cfm-fast_0" pos="21.50" speed="28.86"/>
                <vehicle id="cfm-fast_2" pos="41.75" speed="27.20"/>
            </lane>
            <lane id="bottom_1"/>
        </edge>
        <edge id="left">
            <lane id="left_0">
                <vehicle id="cfm-slow_4" pos="22.49" speed="29.06"/>
                <vehicle id="cfm-slow_5" pos="46.84" speed="29.47"/>
            </lane>
            <lane id="left_1">
                <vehicle id="cfm-fast_5" pos="25.83" speed="73.91"/>
            </lane>
        </edge>
        <edge id="right">
            <lane id="right_0">
                <vehicle id="cfm-fast_3" pos="10.09" speed="25.48"/>
                <vehicle id="cfm-fast_4" pos="26.61" speed="23.56"/>
                <vehicle id="cfm-slow_0" pos="41.67" speed="22.42"/>
            </lane>
            <lane id="right_1"/>
        </edge>
        <edge id="top">
            <lane id="top_0">
                <vehicle id="cfm-slow_1" pos="9.34" speed="23.83"/>
                <vehicle id="cfm-slow_2" pos="28.47" speed="25.70"/>
                <vehicle id="cfm-slow_3" pos="49.51" speed="27.64"/>
            </lane>
            <lane id="top_1">
                <vehicle id="cfm-fast_1" pos="9.11" speed="69.95"/>
            </lane>
        </edge>
    </timestep>
    <timestep time="5.43">
        <edge id="bottom">
            <lane id="bottom_0">
                <vehicle id="cfm-fast_0" pos="21.79" speed="28.85"/>
                <vehicle id="cfm-fast_2" pos="42.02" speed="27.19"/>
            </lane>
            <lane id="bottom_1"/>
        </edge>
        <edge id="left">
            <lane id="left_0">
                <vehicle id="cfm-slow_4" pos="22.79" speed="29.06"/>
                <vehicle id="cfm-slow_5" pos="47.13" speed="29.47"/>
            </lane>
            <lane id="left_1">
                <vehicle id="cfm-fast_5" pos="26.57" speed="74.05"/>
            </lane>
        </edge>
        <edge id="right">
            <lane id="right_0">
                <vehicle id="cfm-fast_3" pos="10.35" speed="25.46"/>
                <vehicle id="cfm-fast_4" pos="26.85" speed="23.56"/>
                <vehicle id="cfm-slow_0" pos="41.89" speed="22.44"/>
            </lane>
            <lane id="right_1"/>
        </edge>
        <edge id="top">
            <lane id="top_0">
                <vehicle id="cfm-slow_1" pos="9.58" speed="23.85"/>
                <vehicle id="cfm-slow_2" pos="28.73" speed="25.72"/>
                <vehicle id="cfm-slow_3" pos="49.79" speed="27.66"/>
            </lane>
            <lane id="top_1">
                <vehicle id="cfm-fast_1" pos="9.81" speed="70.04"/>
            </lane>
        </edge>
    </timestep>
    <timestep time="5.44">
        <edge id="bottom">
            <lane id="bottom_0">
                <vehicle id="cfm-fast_0" pos="22.08" speed="28.84"/>
                <vehicle id="cfm-fast_2" pos="42.29" speed="27.18"/>
            </lane>
            <lane id="bottom_1"/>
        </edge>
        <edge id="left">
            <lane id="left_0">
                <vehicle id="cfm-slow_3" pos="0.06" speed="27.67"/>
                <vehicle id="cfm-slow_4" pos="23.08" speed="29.07"/>
                <vehicle id="cfm-slow_5" pos="47.43" speed="29.46"/>
            </lane>
            <lane id="left_1">
                <vehicle id="cfm-fast_5" pos="27.31" speed="74.18"/>
            </lane>
        </edge>
        <edge id="right">
            <lane id="right_0">
                <vehicle id="cfm-fast_3" pos="10.60" speed="25.45"/>
                <vehicle id="cfm-fast_4" pos="27.08" speed="23.55"/>
                <vehicle id="cfm-slow_0" pos="42.12" speed="22.45"/>
            </lane>
            <lane id="right_1"/>
        </edge>
        <edge id="top">
            <lane id="top_0">
                <vehicle id="cfm-slow_1" pos="9.82" speed="23.87"/>
                <vehicle id="cfm-slow_2" pos="28.98" speed="25.74"/>
            </lane>
            <lane id="top_1">
                <vehicle id="cfm-fast_1" pos="10.51" speed="70.13"/>
            </lane>
        </edge>
    </timestep>
    <timestep time="5.45">
        <edge id="bottom">
            <lane id="bottom_0">
                <vehicle id="cfm-fast_0" pos="22.37" speed="28.83"/>
                <vehicle id="cfm-fast_2" pos="42.56" speed="27.16"/>
            </lane>
            <lane id="bottom_1"/>
        </edge>
        <edge id="left">
            <lane id="left_0">
                <vehicle id="cfm-slow_3" pos="0.34" speed="27.69"/>
                <vehicle id="cfm-slow_4" pos="23.37" speed="29.08"/>
                <vehicle id="cfm-slow_5" pos="47.72" speed="29.46"/>
            </lane>
            <lane id="left_1">
                <vehicle id="cfm-fast_5" pos="28.06" speed="74.32"/>
            </lane>
        </edge>
        <edge id="right">
            <lane id="right_0">
                <vehicle id="cfm-fast_3" pos="10.85" speed="25.43"/>
                <vehicle id="cfm-fast_4" pos="27.32" speed="23.55"/>
                <vehicle id="cfm-slow_0" pos="42.34" speed="22.47"/>
            </lane>
            <lane id="right_1"/>
        </edge>
        <edge id="top">
            <lane id="top_0">
                <vehicle id="cfm-slow_1" pos="10.05" speed="23.89"/>
                <vehicle id="cfm-slow_2" pos="29.24" speed="25.76"/>
            </lane>
            <lane id="top_1">
                <vehicle id="cfm-fast_1" pos="11.21" speed="70.22"/>
            </lane>
        </edge>
    </timestep>
    <timestep time="5.46">
        <edge id="bottom">
            <lane id="bottom_0">
                <vehicle id="cfm-fast_0" pos="22.66" speed="28.82"/>
                <vehicle id="cfm-fast_2" pos="42.83" speed="27.15"/>
            </lane>
            <lane id="bottom_1"/>
        </edge>
        <edge id="left">
            <lane id="left_0">
                <vehicle id="cfm-slow_3" pos="0.62" speed="27.71"/>
                <vehicle id="cfm-slow_4" pos="23.66" speed="29.08"/>
                <vehicle id="cfm-slow_5" pos="48.02" speed="29.45"/>
            </lane>
            <lane id="left_1">
                <vehicle id="cfm-fast_5" pos="28.80" speed="74.45"/>
            </lane>
        </edge>
        <edge id="right">
            <lane id="right_0">
                <vehicle id="cfm-fast_3" pos="11.11" speed="25.41"/>
                <vehicle id="cfm-fast_4" pos="27.55" speed="23.54"/>
                <vehicle id="cfm-slow_0" pos="42.57" speed="22.48"/>
            </lane>
            <lane id="right_1"/>
        </edge>
        <edge id="top">
            <lane id="top_0">
                <vehicle id="cfm-slow_1" pos="10.29" speed="23.91"/>
                <vehicle id="cfm-slow_2" pos="29.50" speed="25.78"/>
            </lane>
            <lane id="top_1">
                <vehicle id="cfm-fast_1" pos="11.91" speed="70.30"/>
            </lane>
        </edge>
    </timestep>
    <timestep time="5.47">
        <edge id="bottom">
            <lane id="bottom_0">
                <vehicle id="cfm-fast_0" pos="22.94" speed="28.80"/>
                <vehicle id="cfm-fast_2" pos="43.11" speed="27.13"/>
            </lane>
            <lane id="bottom_1"/>
        </edge>
        <edge id="left">
            <lane id="left_0">
                <vehicle id="cfm-slow_3" pos="0.89" speed="27.72"/>
                <vehicle id="cfm-slow_4" pos="23.95" speed="29.09"/>
                <vehicle id="cfm-slow_5" pos="48.31" speed="29.45"/>
            </lane>
            <lane id="left_1">
                <vehicle id="cfm-fast_5" pos="29.55" speed="74.59"/>
            </lane>
        </edge>
        <edge id="right">
            <lane id="right_0">
                <vehicle id="cfm-fast_3" pos="11.36" speed="25.40"/>
                <vehicle id="cfm-fast_4" pos="27.79" speed="23.54"/>
                <vehicle id="cfm-slow_0" pos="42.79" speed="22.50"/>
            </lane>
            <lane id="right_1"/>
        </edge>
        <edge id="top">
            <lane id="top_0">
                <vehicle id="cfm-slow_1" pos="10.53" speed="23.93"/>
                <vehicle id="cfm-slow_2" pos="29.76" speed="25.80"/>
            </lane>
            <lane id="top_1">
                <vehicle id="cfm-fast_1" pos="12.62" speed="70.39"/>
            </lane>
        </edge>
    </timestep>
    <timestep time="5.48">
        <edge id="bottom">
            <lane id="bottom_0">
                <vehicle id="cfm-fast_0" pos="23.23" speed="28.79"/>
                <vehicle id="cfm-fast_2" pos="43.38" speed="27.12"/>
            </lane>
            <lane id="bottom_1"/>
        </edge>
        <edge id="left">
            <lane id="left_0">
                <vehicle id="cfm-slow_3" pos="1.17" speed="27.74"/>
                <vehicle id="cfm-slow_4" pos="24.24" speed="29.09"/>
                <vehicle id="cfm-slow_5" pos="48.61" speed="29.45"/>
            </lane>
            <lane id="left_1">
                <vehicle id="cfm-fast_5" pos="30.29" speed="74.73"/>
            </lane>
        </edge>
        <edge id="right">
            <lane id="right_0">
                <vehicle id="cfm-fast_3" pos="11.62" speed="25.38"/>
                <vehicle id="cfm-fast_4" pos="28.02" speed="23.53"/>
                <vehicle id="cfm-slow_0" pos="43.02" speed="22.51"/>
            </lane>
            <lane id="right_1"/>
        </edge>
        <edge id="top">
            <lane id="top_0">
                <vehicle id="cfm-slow_1" pos="10.77" speed="23.95"/>
                <vehicle id="cfm-slow_2" pos="30.02" speed="25.82"/>
            </lane>
            <lane id="top_1">
                <vehicle id="cfm-fast_1" pos="13.32" speed="70.48"/>
            </lane>
        </edge>
    </timestep>
    <timestep time="5.49">
        <edge id="bottom">
            <lane id="bottom_0">
                <vehicle id="cfm-fast_0" pos="23.52" speed="28.78"/>
                <vehicle id="cfm-fast_2" pos="43.65" speed="27.10"/>
            </lane>
            <lane id="bottom_1"/>
        </edge>
        <edge id="left">
            <lane id="left_0">
                <vehicle id="cfm-slow_3" pos="1.45" speed="27.75"/>
                <vehicle id="cfm-slow_4" pos="24.53" speed="29.10"/>
                <vehicle id="cfm-slow_5" pos="48.90" speed="29.44"/>
            </lane>
            <lane id="left_1">
                <vehicle id="cfm-fast_5" pos="31.04" speed="74.86"/>
            </lane>
        </edge>
        <edge id="right">
            <lane id="right_0">
                <vehicle id="cfm-fast_3" pos="11.87" speed="25.36"/>
                <vehicle id="cfm-fast_4" pos="28.26" speed="23.53"/>
                <vehicle id="cfm-slow_0" pos="43.24" speed="22.53"/>
            </lane>
            <lane id="right_1"/>
        </edge>
        <edge id="top">
            <lane id="top_0">
                <vehicle id="cfm-slow_1" pos="11.01" speed="23.97"/>
                <vehicle id="cfm-slow_2" pos="30.27" speed="25.84"/>
            </lane>
            <lane id="top_1">
                <vehicle id="cfm-fast_1" pos="14.03" speed="70.57"/>
            </lane>
        </edge>
    </timestep>
    <timestep time="5.50">
        <edge id="bottom">
            <lane id="bottom_0">
                <vehicle id="cfm-fast_0" pos="23.81" speed="28.77"/>
                <vehicle id="cfm-fast_2" pos="43.92" speed="27.09"/>
            </lane>
            <lane id="bottom_1"/>
        </edge>
        <edge id="left">
            <lane id="left_0">
                <vehicle id="cfm-slow_3" pos="1.73" speed="27.77"/>
                <vehicle id="cfm-slow_4" pos="24.82" speed="29.10"/>
                <vehicle id="cfm-slow_5" pos="49.20" speed="29.44"/>
            </lane>
            <lane id="left_1">
                <vehicle id="cfm-fast_5" pos="31.79" speed="75.00"/>
            </lane>
        </edge>
        <edge id="right">
            <lane id="right_0">
                <vehicle id="cfm-fast_3" pos="12.12" speed="25.35"/>
                <vehicle id="cfm-fast_4" pos="28.49" speed="23.52"/>
                <vehicle id="cfm-slow_0" pos="43.47" speed="22.54"/>
            </lane>
            <lane id="right_1"/>
        </edge>
        <edge id="top">
            <lane id="top_0">
                <vehicle id="cfm-slow_1" pos="11.25" speed="23.99"/>
                <vehicle id="cfm-slow_2" pos="30.53" speed="25.86"/>
            </lane>
            <lane id="top_1">
                <vehicle id="cfm-fast_1" pos="14.73" speed="70.66"/>
            </lane>
        </edge>
    </timestep>
    <timestep time="5.51">
        <edge id="bottom">
            <lane id="bottom_0">
                <vehicle id="cfm-fast_0" pos="24.09" speed="28.76"/>
                <vehicle id="cfm-fast_2" pos="44.19" speed="27.07"/>
            </lane>
            <lane id="bottom_1"/>
        </edge>
        <edge id="left">
            <lane id="left_0">
                <vehicle id="cfm-slow_3" pos="2.00" speed="27.78"/>
                <vehicle id="cfm-slow_4" pos="25.11" speed="29.11"/>
                <vehicle id="cfm-slow_5" pos="49.49" speed="29.43"/>
            </lane>
            <lane id="left_1">
                <vehicle id="cfm-fast_5" pos="32.54" speed="75.14"/>
            </lane>
        </edge>
        <edge id="right">
            <lane id="right_0">
                <vehicle id="cfm-fast_3" pos="12.38" speed="25.33"/>
                <vehicle id="cfm-fast_4" pos="28.73" speed="23.52"/>
                <vehicle id="cfm-slow_0" pos="43.69" speed="22.56"/>
            </lane>
            <lane id="right_1"/>
        </edge>
        <edge id="top">
            <lane id="top_0">
                <vehicle id="cfm-slow_1" pos="11.49" speed="24.01"/>
                <vehicle id="cfm-slow_2" pos="30.79" speed="25.88"/>
            </lane>
            <lane id="top_1">
                <vehicle id="cfm-fast_1" pos="15.44" speed="70.75"/>
            </lane>
        </edge>
    </timestep>
    <timestep time="5.52">
        <edge id="bottom">
            <lane id="bottom_0">
                <vehicle id="cfm-fast_0" pos="24.38" speed="28.74"/>
                <vehicle id="cfm-fast_2" pos="44.46" speed="27.06"/>
            </lane>
            <lane id="bottom_1"/>
        </edge>
        <edge id="left">
            <lane id="left_0">
                <vehicle id="cfm-slow_3" pos="2.28" speed="27.80"/>
                <vehicle id="cfm-slow_4" pos="25.40" speed="29.12"/>
                <vehicle id="cfm-slow_5" pos="49.78" speed="29.43"/>
            </lane>
            <lane id="left_1">
                <vehicle id="cfm-fast_5" pos="33.30" speed="75.27"/>
            </lane>
        </edge>
        <edge id="right">
            <lane id="right_0">
                <vehicle id="cfm-fast_3" pos="12.63" speed="25.31"/>
                <vehicle id="cfm-fast_4" pos="28.96" speed="23.51"/>
                <vehicle id="cfm-slow_0" pos="43.92" speed="22.57"/>
            </lane>
            <lane id="right_1"/>
        </edge>
        <edge id="top">
            <lane id="top_0">
                <vehicle id="cfm-slow_1" pos="11.73" speed="24.03"/>
                <vehicle id="cfm-slow_2" pos="31.05" speed="25.90"/>
            </lane>
            <lane id="top_1">
                <vehicle id="cfm-fast_1" pos="16.15" speed="70.83"/>
            </lane>
        </edge>
    </timestep>
    <timestep time="5.53">
        <edge id="bottom">
            <lane id="bottom_0">
                <vehicle id="cfm-slow_5" pos="0.08" speed="29.42"/>
                <vehicle id="cfm-fast_0" pos="24.67" speed="28.73"/>
                <vehicle id="cfm-fast_2" pos="44.73" speed="27.04"/>
            </lane>
            <lane id="bottom_1"/>
        </edge>
        <edge id="left">
            <lane id="left_0">
                <vehicle id="cfm-slow_3" pos="2.56" speed="27.81"/>
                <vehicle id="cfm-slow_4" pos="25.69" speed="29.12"/>
            </lane>
            <lane id="left_1">
                <vehicle id="cfm-fast_5" pos="34.05" speed="75.41"/>
            </lane>
        </edge>
        <edge id="right">
            <lane id="right_0">
                <vehicle id="cfm-fast_3" pos="12.88" speed="25.30"/>
                <vehicle id="cfm-fast_4" pos="29.20" speed="23.51"/>
                <vehicle id="cfm-slow_0" pos="44.14" speed="22.59"/>
            </lane>
            <lane id="right_1"/>
        </edge>
        <edge id="top">
            <lane id="top_0">
                <vehicle id="cfm-slow_1" pos="11.97" speed="24.05"/>
                <vehicle id="cfm-slow_2" pos="31.31" speed="25.92"/>
            </lane>
            <lane id="top_1">
                <vehicle id="cfm-fast_1" pos="16.86" speed="70.92"/>
            </lane>
        </edge>
    </timestep>
    <timestep time="5.54">
        <edge id="bottom">
            <lane id="bottom_0">
                <vehicle id="cfm-slow_5" pos="0.37" speed="29.42"/>
                <vehicle id="cfm-fast_0" pos="24.96" speed="28.72"/>
                <vehicle id="cfm-fast_2" pos="45.00" speed="27.03"/>
            </lane>
            <lane id="bottom_1"/>
        </edge>
        <edge id="left">
            <lane id="left_0">
                <vehicle id="cfm-slow_3" pos="2.84" speed="27.83"/>
                <vehicle id="cfm-slow_4" pos="25.99" speed="29.13"/>
            </lane>
            <lane id="left_1">
                <vehicle id="cfm-fast_5" pos="34.81" speed="75.55"/>
            </lane>
        </edge>
        <edge id="right">
            <lane id="right_0">
                <vehicle id="cfm-fast_3" pos="13.14" speed="25.28"/>
                <vehicle id="cfm-fast_4" pos="29.43" speed="23.50"/>
                <vehicle id="cfm-slow_0" pos="44.37" speed="22.60"/>
            </lane>
            <lane id="right_1"/>
        </edge>
        <edge id="top">
            <lane id="top_0">
                <vehicle id="cfm-slow_1" pos="12.21" speed="24.07"/>
                <vehicle id="cfm-slow_2" pos="31.57" speed="25.94"/>
            </lane>
            <lane id="top_1">
                <vehicle id="cfm-fast_1" pos="17.57" speed="71.01"/>
            </lane>
        </edge>
    </timestep>
    <timestep time="5.55">
        <edge id="bottom">
            <lane id="bottom_0">
                <vehicle id="cfm-slow_5" pos="0.67" speed="29.41"/>
                <vehicle id="cfm-fast_0" pos="25.24" speed="28.71"/>
                <vehicle id="cfm-fast_2" pos="45.27" speed="27.01"/>
            </lane>
            <lane id="bottom_1"/>
        </edge>
        <edge id="left">
            <lane id="left_0">
                <vehicle id="cfm-slow_3" pos="3.12" speed="27.84"/>
                <vehicle id="cfm-slow_4" pos="26.28" speed="29.13"/>
            </lane>
            <lane id="left_1">
                <vehicle id="cfm-fast_5" pos="35.56" speed="75.68"/>
            </lane>
        </edge>
        <edge id="right">
            <lane id="right_0">
                <vehicle id="cfm-fast_3" pos="13.39" speed="25.27"/>
                <vehicle id="cfm-fast_4" pos="29.67" speed="23.50"/>
                <vehicle id="cfm-slow_0" pos="44.60" speed="22.62"/>
            </lane>
            <lane id="right_1"/>
        </edge>
        <edge id="top">
            <lane id="top_0">
                <vehicle id="cfm-slow_1" pos="12.45" speed="24.09"/>
                <vehicle id="cfm-slow_2" pos="31.83" speed="25.96"/>
            </lane>
            <lane id="top_1">
                <vehicle id="cfm-fast_1" pos="18.28" speed="71.10"/>
            </lane>
        </edge>
    </timestep>
    <timestep time="5.56">
        <edge id="bottom">
            <lane id="bottom_0">
                <vehicle id="cfm-slow_5" pos="0.96" speed="29.41"/>
                <vehicle id="cfm-fast_0" pos="25.53" speed="28.69"/>
                <vehicle id="cfm-fast_2" pos="45.54" speed="27.00"/>
            </lane>
            <lane id="bottom_1"/>
        </edge>
        <edge id="left">
            <lane id="left_0">
                <vehicle id="cfm-slow_3" pos="3.40" speed="27.86"/>
                <vehicle id="cfm-slow_4" pos="26.57" speed="29.14"/>
            </lane>
            <lane id="left_1">
                <vehicle id="cfm-fast_5" pos="36.32" speed="75.82"/>
            </lane>
        </edge>
        <edge id="right">
            <lane id="right_0">
                <vehicle id="cfm-fast_3" pos="13.64" speed="25.25"/>
                <vehicle id="cfm-fast_4" pos="29.90" speed="23.49"/>
                <vehicle id="cfm-slow_0" pos="44.82" speed="22.64"/>
            </lane>
            <lane id="right_1"/>
        </edge>
        <edge id="top">
            <lane id="top_0">
                <vehicle id="cfm-slow_1" pos="12.70" speed="24.11"/>
                <vehicle id="cfm-slow_2" pos="32.09" speed="25.98"/>
            </lane>
            <lane id="top_1">
                <vehicle id="cfm-fast_1" pos="18.99" speed="71.19"/>
            </lane>
        </edge>
    </timestep>
    <timestep time="5.57">
        <edge id="bottom">
            <lane id="bottom_0">
                <vehicle id="cfm-slow_5" pos="1.26" speed="29.40"/>
                <vehicle id="cfm-fast_0" pos="25.82" speed="28.68"/>
                <vehicle id="cfm-fast_2" pos="45.81" speed="26.98"/>
            </lane>
            <lane id="bottom_1"/>
        </edge>
        <edge id="left">
            <lane id="left_0">
                <vehicle id="cfm-slow_3" pos="3.67" speed="27.87"/>
                <vehicle id="cfm-slow_4" pos="26.86" speed="29.14"/>
            </lane>
            <lane id="left_1">
                <vehicle id="cfm-fast_5" pos="37.08" speed="75.95"/>
            </lane>
        </edge>
        <edge id="right">
            <lane id="right_0">
                <vehicle id="cfm-fast_3" pos="13.89" speed="25.23"/>
                <vehicle id="cfm-fast_4" pos="30.14" speed="23.49"/>
                <vehicle id="cfm-slow_0" pos="45.05" speed="22.65"/>
            </lane>
            <lane id="right_1"/>
        </edge>
        <edge id="top">
            <lane id="top_0">
                <vehicle id="cfm-slow_1" pos="12.94" speed="24.13"/>
                <vehicle id="cfm-slow_2" pos="32.35" speed="26.00"/>
            </lane>
            <lane id="top_1">
                <vehicle id="cfm-fast_1" pos="19.70" speed="71.28"/>
            </lane>
        </edge>
    </timestep>
    <timestep time="5.58">
        <edge id="bottom">
            <lane id="bottom_0">
                <vehicle id="cfm-slow_5" pos="1.55" speed="29.40"/>
                <vehicle id="cfm-fast_0" pos="26.10" speed="28.67"/>
                <vehicle id="cfm-fast_2" pos="46.08" speed="26.97"/>
            </lane>
            <lane id="bottom_1"/>
        </edge>
        <edge id="left">
            <lane id="left_0">
                <vehicle id="cfm-slow_3" pos="3.95" speed="27.89"/>
                <vehicle id="cfm-slow_4" pos="27.15" speed="29.15"/>
            </lane>
            <lane id="left_1">
                <vehicle id="cfm-fast_5" pos="37.84" speed="76.09"/>
            </lane>
        </edge>
        <edge id="right">
            <lane id="right_0">
                <vehicle id="cfm-fast_3" pos="14.15" speed="25.22"/>
                <vehicle id="cfm-fast_4" pos="30.37" speed="23.49"/>
                <vehicle id="cfm-slow_0" pos="45.28" speed="22.67"/>
            </lane>
            <lane id="right_1"/>
        </edge>
        <edge id="top">
            <lane id="top_0">
                <vehicle id="cfm-slow_1" pos="13.18" speed="24.15"/>
                <vehicle id="cfm-slow_2" pos="32.61" speed="26.02"/>
            </lane>
            <lane id="top_1">
                <vehicle id="cfm-fast_1" pos="20.42" speed="71.37"/>
            </lane>
        </edge>
    </timestep>
    <timestep time="5.59">
        <edge id="bottom">
            <lane id="bottom_0">
                <vehicle id="cfm-slow_5" pos="1.84" speed="29.39"/>
                <vehicle id="cfm-fast_0" pos="26.39" speed="28.66"/>
                <vehicle id="cfm-fast_2" pos="46.35" speed="26.95"/>
            </lane>
            <lane id="bottom_1"/>
        </edge>
        <edge id="left">
            <lane id="left_0">
                <vehicle id="cfm-slow_3" pos="4.23" speed="27.90"/>
                <vehicle id="cfm-slow_4" pos="27.44" speed="29.15"/>
            </lane>
            <lane id="left_1">
                <vehicle id="cfm-fast_5" pos="38.60" speed="76.23"/>
            </lane>
        </edge>
        <edge id="right">
            <lane id="right_0">
                <vehicle id="cfm-fast_3" pos="14.40" speed="25.20"/>
                <vehicle id="cfm-fast_4" pos="30.61" speed="23.48"/>
                <vehicle id="cfm-slow_0" pos="45.50" speed="22.68"/>
            </lane>
            <lane id="right_1"/>
        </edge>
        <edge id="top">
            <lane id="top_0">
                <vehicle id="cfm-slow_1" pos="13.42" speed="24.17"/>
                <vehicle id="cfm-slow_2" pos="32.87" speed="26.04"/>
            </lane>
            <lane id="top_1">
                <vehicle id="cfm-fast_1" pos="21.13" speed="71.46"/>
            </lane>
        </edge>
    </timestep>
    <timestep time="5.60">
        <edge id="bottom">
            <lane id="bottom_0">
                <vehicle id="cfm-slow_5" pos="2.14" speed="29.39"/>
                <vehicle id="cfm-fast_0" pos="26.68" speed="28.64"/>
                <vehicle id="cfm-fast_2" pos="46.62" speed="26.94"/>
            </lane>
            <lane id="bottom_1"/>
        </edge>
        <edge id="left">
            <lane id="left_0">
                <vehicle id="cfm-slow_3" pos="4.51" speed="27.91"/>
                <vehicle id="cfm-slow_4" pos="27.73" speed="29.15"/>
            </lane>
            <lane id="left_1">
                <vehicle id="cfm-fast_5" pos="39.37" speed="76.36"/>
            </lane>
        </edge>
        <edge id="right">
            <lane id="right_0">
                <vehicle id="cfm-fast_3" pos="14.65" speed="25.19"/>
                <vehicle id="cfm-fast_4" pos="30.84" speed="23.48"/>
                <vehicle id="cfm-slow_0" pos="45.73" speed="22.70"/>
            </lane>
            <lane id="right_1"/>
        </edge>
        <edge id="top">
            <lane id="top_0">
                <vehicle id="cfm-slow_1" pos="13.66" speed="24.19"/>
                <vehicle id="cfm-slow_2" pos="33.13" speed="26.06"/>
            </lane>
            <lane id="top_1">
                <vehicle id="cfm-fast_1" pos="21.85" speed="71.55"/>
            </lane>
        </edge>
    </timestep>
    <timestep time="5.61">
        <edge id="bottom">
            <lane id="bottom_0">
                <vehicle id="cfm-slow_5" pos="2.43" speed="29.38"/>
                <vehicle id="cfm-fast_0" pos="26.96" speed="28.63"/>
                <vehicle id="cfm-fast_2" pos="46.89" speed="26.92"/>
            </lane>
            <lane id="bottom_1"/>
        </edge>
        <edge id="left">
            <lane id="left_0">
                <vehicle id="cfm-slow_3" pos="4.79" speed="27.93"/>
                <vehicle id="cfm-slow_4" pos="28.03" speed="29.16"/>
            </lane>
            <lane id="left_1">
                <vehicle id="cfm-fast_5" pos="40.13" speed="76.50"/>
            </lane>
        </edge>
        <edge id="right">
            <lane id="right_0">
                <vehicle id="cfm-fast_3" pos="14.90" speed="25.17"/>
                <vehicle id="cfm-fast_4" pos="31.08" speed="23.48"/>
                <vehicle id="cfm-slow_0" pos="45.96" speed="22.71"/>
            </lane>
            <lane id="right_1"/>
        </edge>
        <edge id="top">
            <lane id="top_0">
                <vehicle id="cfm-slow_1" pos="13.90" speed="24.21"/>
                <vehicle id="cfm-slow_2" pos="33.39" speed="26.08"/>
            </lane>
            <lane id="top_1">
                <vehicle id="cfm-fast_1" pos="22.56" speed="71.63"/>
            </lane>
        </edge>
    </timestep>
    <timestep time="5.62">
        <edge id="bottom">
            <lane id="bottom_0">
                <vehicle id="cfm-slow_5" pos="2.72" speed="29.38"/>
                <vehicle id="cfm-fast_0" pos="27.25" speed="28.62"/>
                <vehicle id="cfm-fast_2" pos="47.16" speed="26.91"/>
            </lane>
            <lane id="bottom_1"/>
        </edge>
        <edge id="left">
            <lane id="left_0">
                <vehicle id="cfm-slow_3" pos="5.07" speed="27.94"/>
                <vehicle id="cfm-slow_4" pos="28.32" speed="29.16"/>
            </lane>
            <lane id="left_1">
                <vehicle id="cfm-fast_5" pos="40.90" speed="76.64"/>
            </lane>
        </edge>
        <edge id="right">
            <lane id="right_0">
                <vehicle id="cfm-fast_3" pos="15.15" speed="25.16"/>
                <vehicle id="cfm-fast_4" pos="31.31" speed="23.47"/>
                <vehicle id="cfm-slow_0" pos="46.18" speed="22.73"/>
            </lane>
            <lane id="right_1"/>
        </edge>
        <edge id="top">
            <lane id="top_0">
                <vehicle id="cfm-slow_1" pos="14.15" speed="24.23"/>
                <vehicle id="cfm-slow_2" pos="33.65" speed="26.10"/>
            </lane>
            <lane id="top_1">
                <vehicle id="cfm-fast_1" pos="23.28" speed="71.72"/>
            </lane>
        </edge>
    </timestep>
    <timestep time="5.63">
        <edge id="bottom">
            <lane id="bottom_0">
                <vehicle id="cfm-slow_5" pos="3.02" speed="29.37"/>
                <vehicle id="cfm-fast_0" pos="27.54" speed="28.60"/>
                <vehicle id="cfm-fast_2" pos="47.43" speed="26.89"/>
            </lane>
            <lane id="bottom_1"/>
        </edge>
        <edge id="left">
            <lane id="left_0">
                <vehicle id="cfm-slow_3" pos="5.35" speed="27.96"/>
                <vehicle id="cfm-slow_4" pos="28.61" speed="29.17"/>
            </lane>
            <lane id="left_1">
                <vehicle id="cfm-fast_5" pos="41.67" speed="76.77"/>
            </lane>
        </edge>
        <edge id="right">
            <lane id="right_0">
                <vehicle id="cfm-fast_3" pos="15.40" speed="25.14"/>
                <vehicle id="cfm-fast_4" pos="31.55" speed="23.47"/>
                <vehicle id="cfm-slow_0" pos="46.41" speed="22.74"/>
            </lane>
            <lane id="right_1"/>
        </edge>
        <edge id="top">
            <lane id="top_0">
                <vehicle id="cfm-slow_1" pos="14.39" speed="24.25"/>
                <vehicle id="cfm-slow_2" pos="33.91" speed="26.12"/>
            </lane>
            <lane id="top_1">
                <vehicle id="cfm-fast_1" pos="24.00" speed="71.81"/>
            </lane>
        </edge>
    </timestep>
    <timestep time="5.64">
        <edge id="bottom">
            <lane id="bottom_0">
                <vehicle id="cfm-slow_5" pos="3.31" speed="29.37"/>
                <vehicle id="cfm-fast_0" pos="27.82" speed="28.59"/>
                <vehicle id="cfm-fast_2" pos="47.70" speed="26.88"/>
            </lane>
            <lane id="bottom_1"/>
        </edge>
        <edge id="left">
            <lane id="left_0">
                <vehicle id="cfm-slow_3" pos="5.63" speed="27.97"/>
                <vehicle id="cfm-slow_4" pos="28.90" speed="29.17"/>
            </lane>
            <lane id="left_1">
                <vehicle id="cfm-fast_5" pos="42.43" speed="76.91"/>
            </lane>
        </edge>
        <edge id="right">
            <lane id="right_0">
                <vehicle id="cfm-fast_3" pos="15.66" speed="25.13"/>
                <vehicle id="cfm-fast_4" pos="31.78" speed="23.47"/>
                <vehicle id="cfm-slow_0" pos="46.64" speed="22.76"/>
            </lane>
            <lane id="right_1"/>
        </edge>
        <edge id="top">
            <lane id="top_0">
                <vehicle id="cfm-slow_1" pos="14.63" speed="24.27"/>
                <vehicle id="cfm-slow_2" pos="34.18" speed="26.14"/>
            </lane>
            <lane id="top_1">
                <vehicle id="cfm-fast_1" pos="24.72" speed="71.90"/>
            </lane>
        </edge>
    </timestep>
    <timestep time="5.65">
        <edge id="bottom">
            <lane id="bottom_0">
                <vehicle id="cfm-slow_5" pos="3.61" speed="29.36"/>
                <vehicle id="cfm-fast_0" pos="28.11" speed="28.58"/>
                <vehicle id="cfm-fast_2" pos="47.96" speed="26.86"/>
            </lane>
            <lane id="bottom_1"/>
        </edge>
        <edge id="left">
            <lane id="left_0">
                <vehicle id="cfm-slow_3" pos="5.91" speed="27.98"/>
                <vehicle id="cfm-slow_4" pos="29.19" speed="29.18"/>
            </lane>
            <lane id="left_1">
                <vehicle id="cfm-fast_5" pos="43.21" speed="77.05"/>
            </lane>
        </edge>
        <edge id="right">
            <lane id="right_0">
                <vehicle id="cfm-fast_3" pos="15.91" speed="25.11"/>
                <vehicle id="cfm-fast_4" pos="32.02" speed="23.46"/>
                <vehicle id="cfm-slow_0" pos="46.87" speed="22.78"/>
            </lane>
            <lane id="right_1"/>
        </edge>
        <edge id="top">
            <lane id="top_0">
                <vehicle id="cfm-slow_1" pos="14.87" speed="24.28"/>
                <vehicle id="cfm-slow_2" pos="34.44" speed="26.16"/>
            </lane>
            <lane id="top_1">
                <vehicle id="cfm-fast_1" pos="25.44" speed="71.99"/>
            </lane>
        </edge>
    </timestep>
    <timestep time="5.66">
        <edge id="bottom">
            <lane id="bottom_0">
                <vehicle id="cfm-slow_5" pos="3.90" speed="29.35"/>
                <vehicle id="cfm-fast_0" pos="28.39" speed="28.57"/>
                <vehicle id="cfm-fast_2" pos="48.23" speed="26.85"/>
            </lane>
            <lane id="bottom_1"/>
        </edge>
        <edge id="left">
            <lane id="left_0">
                <vehicle id="cfm-slow_3" pos="6.19" speed="28.00"/>
                <vehicle id="cfm-slow_4" pos="29.48" speed="29.18"/>
            </lane>
            <lane id="left_1">
                <vehicle id="cfm-fast_5" pos="43.98" speed="77.18"/>
            </lane>
        </edge>
        <edge id="right">
            <lane id="right_0">
                <vehicle id="cfm-fast_3" pos="16.16" speed="25.10"/>
                <vehicle id="cfm-fast_4" pos="32.25" speed="23.46"/>
                <vehicle id="cfm-slow_0" pos="47.10" speed="22.79"/>
            </lane>
            <lane id="right_1"/>
        </edge>
        <edge id="top">
            <lane id="top_0">
                <vehicle id="cfm-slow_1" pos="15.12" speed="24.30"/>
                <vehicle id="cfm-slow_2" pos="34.70" speed="26.18"/>
            </lane>
            <lane id="top_1">
                <vehicle id="cfm-fast_1" pos="26.16" speed="72.08"/>
            </lane>
        </edge>
    </timestep>
    <timestep time="5.67">
        <edge id="bottom">
            <lane id="bottom_0">
                <vehicle id="cfm-slow_5" pos="4.19" speed="29.35"/>
                <vehicle id="cfm-fast_0" pos="28.68" speed="28.55"/>
                <vehicle id="cfm-fast_2" pos="48.50" speed="26.83"/>
            </lane>
            <lane id="bottom_1"/>
        </edge>
        <edge id="left">
            <lane id="left_0">
                <vehicle id="cfm-slow_3" pos="6.47" speed="28.01"/>
                <vehicle id="cfm-slow_4" pos="29.78" speed="29.18"/>
            </lane>
            <lane id="left_1">
                <vehicle id="cfm-fast_5" pos="44.75" speed="77.32"/>
            </lane>
        </edge>
        <edge id="right">
            <lane id="right_0">
                <vehicle id="cfm-fast_3" pos="16.41" speed="25.08"/>
                <vehicle id="cfm-fast_4" pos="32.49" speed="23.46"/>
                <vehicle id="cfm-slow_0" pos="47.32" speed="22.81"/>
            </lane>
            <lane id="right_1"/>
        </edge>
        <edge id="top">
            <lane id="top_0">
                <vehicle id="cfm-slow_1" pos="15.36" speed="24.32"/>
                <vehicle id="cfm-slow_2" pos="34.96" speed="26.20"/>
            </lane>
            <lane id="top_1">
                <vehicle id="cfm-fast_1" pos="26.88" speed="72.17"/>
            </lane>
        </edge>
    </timestep>
    <timestep time="5.68">
        <edge id="bottom">
            <lane id="bottom_0">
                <vehicle id="cfm-slow_5" pos="4.49" speed="29.34"/>
                <vehicle id="cfm-fast_0" pos="28.96" speed="28.54"/>
                <vehicle id="cfm-fast_2" pos="48.77" speed="26.82"/>
            </lane>
            <lane id="bottom_1"/>
        </edge>
        <edge id="left">
            <lane id="left_0">
                <vehicle id="cfm-slow_3" pos="6.75" speed="28.02"/>
                <vehicle id="cfm-slow_4" pos="30.07" speed="29.19"/>
            </lane>
            <lane id="left_1">
                <vehicle id="cfm-fast_5" pos="45.52" speed="77.45"/>
            </lane>
        </edge>
        <edge id="right">
            <lane id="right_0">
                <vehicle id="cfm-fast_3" pos="16.66" speed="25.07"/>
                <vehicle id="cfm-fast_4" pos="32.72" speed="23.46"/>
                <vehicle id="cfm-slow_0" pos="47.55" speed="22.82"/>
            </lane>
            <lane id="right_1"/>
        </edge>
        <edge id="top">
            <lane id="top_0">
                <vehicle id="cfm-slow_1" pos="15.60" speed="24.34"/>
                <vehicle id="cfm-slow_2" pos="35.22" speed="26.22"/>
            </lane>
            <lane id="top_1">
                <vehicle id="cfm-fast_1" pos="27.60" speed="72.26"/>
            </lane>
        </edge>
    </timestep>
    <timestep time="5.69">
        <edge id="bottom">
            <lane id="bottom_0">
                <vehicle id="cfm-slow_5" pos="4.78" speed="29.34"/>
                <vehicle id="cfm-fast_0" pos="29.25" speed="28.53"/>
                <vehicle id="cfm-fast_2" pos="49.04" speed="26.80"/>
            </lane>
            <lane id="bottom_1"/>
        </edge>
        <edge id="left">
            <lane id="left_0">
                <vehicle id="cfm-slow_3" pos="7.03" speed="28.04"/>
                <vehicle id="cfm-slow_4" pos="30.36" speed="29.19"/>
            </lane>
            <lane id="left_1">
                <vehicle id="cfm-fast_5" pos="46.30" speed="77.59"/>
            </lane>
        </edge>
        <edge id="right">
            <lane id="right_0">
                <vehicle id="cfm-fast_3" pos="16.91" speed="25.05"/>
                <vehicle id="cfm-fast_4" pos="32.96" speed="23.45"/>
                <vehicle id="cfm-slow_0" pos="47.78" speed="22.84"/>
            </lane>
            <lane id="right_1"/>
        </edge>
        <edge id="top">
            <lane id="top_0">
                <vehicle id="cfm-slow_1" pos="15.85" speed="24.36"/>
                <vehicle id="cfm-slow_2" pos="35.49" speed="26.24"/>
            </lane>
            <lane id="top_1">
                <vehicle id="cfm-fast_1" pos="28.33" speed="72.35"/>
            </lane>
        </edge>
    </timestep>
    <timestep time="5.70">
        <edge id="bottom">
            <lane id="bottom_0">
                <vehicle id="cfm-slow_5" pos="5.07" speed="29.33"/>
                <vehicle id="cfm-fast_0" pos="29.53" speed="28.51"/>
                <vehicle id="cfm-fast_2" pos="49.31" speed="26.79"/>
            </lane>
            <lane id="bottom_1"/>
        </edge>
        <edge id="left">
            <lane id="left_0">
                <vehicle id="cfm-slow_3" pos="7.31" speed="28.05"/>
                <vehicle id="cfm-slow_4" pos="30.65" speed="29.19"/>
            </lane>
            <lane id="left_1">
                <vehicle id="cfm-fast_5" pos="47.08" speed="77.73"/>
            </lane>
        </edge>
        <edge id="right">
            <lane id="right_0">
                <vehicle id="cfm-fast_3" pos="17.16" speed="25.04"/>
                <vehicle id="cfm-fast_4" pos="33.19" speed="23.45"/>
                <vehicle id="cfm-slow_0" pos="48.01" speed="22.86"/>
            </lane>
            <lane id="right_1"/>
        </edge>
        <edge id="top">
            <lane id="top_0">
                <vehicle id="cfm-slow_1" pos="16.09" speed="24.38"/>
                <vehicle id="cfm-slow_2" pos="35.75" speed="26.26"/>
            </lane>
            <lane id="top_1">
                <vehicle id="cfm-fast_1" pos="29.05" speed="72.44"/>
            </lane>
        </edge>
    </timestep>
    <timestep time="5.71">
        <edge id="bottom">
            <lane id="bottom_0">
                <vehicle id="cfm-slow_5" pos="5.37" speed="29.32"/>
                <vehicle id="cfm-fast_0" pos="29.82" speed="28.50"/>
                <vehicle id="cfm-fast_2" pos="49.57" speed="26.77"/>
            </lane>
            <lane id="bottom_1"/>
        </edge>
        <edge id="left">
            <lane id="left_0">
                <vehicle id="cfm-slow_3" pos="7.59" speed="28.06"/>
                <vehicle id="cfm-slow_4" pos="30.94" speed="29.20"/>
            </lane>
            <lane id="left_1">
                <vehicle id="cfm-fast_5" pos="47.86" speed="77.86"/>
            </lane>
        </edge>
        <edge id="right">
            <lane id="right_0">
                <vehicle id="cfm-fast_3" pos="17.41" speed="25.02"/>
                <vehicle id="cfm-fast_4" pos="33.42" speed="23.45"/>
                <vehicle id="cfm-slow_0" pos="48.24" speed="22.87"/>
            </lane>
            <lane id="right_1"/>
        </edge>
        <edge id="top">
            <lane id="top_0">
                <vehicle id="cfm-slow_1" pos="16.34" speed="24.40"/>
                <vehicle id="cfm-slow_2" pos="36.01" speed="26.28"/>
            </lane>
            <lane id="top_1">
                <vehicle id="cfm-fast_1" pos="29.78" speed="72.53"/>
            </lane>
        </edge>
    </timestep>
    <timestep time="5.72">
        <edge id="bottom">
            <lane id="bottom_0">
                <vehicle id="cfm-slow_5" pos="5.66" speed="29.32"/>
                <vehicle id="cfm-fast_0" pos="30.10" speed="28.49"/>
                <vehicle id="cfm-fast_2" pos="49.84" speed="26.76"/>
            </lane>
            <lane id="bottom_1"/>
        </edge>
        <edge id="left">
            <lane id="left_0">
                <vehicle id="cfm-slow_3" pos="7.87" speed="28.08"/>
                <vehicle id="cfm-slow_4" pos="31.24" speed="29.20"/>
            </lane>
            <lane id="left_1">
                <vehicle id="cfm-fast_5" pos="48.64" speed="78.00"/>
            </lane>
        </edge>
        <edge id="right">
            <lane id="right_0">
                <vehicle id="cfm-fast_3" pos="17.66" speed="25.01"/>
                <vehicle id="cfm-fast_4" pos="33.66" speed="23.45"/>
                <vehicle id="cfm-slow_0" pos="48.47" speed="22.89"/>
            </lane>
            <lane id="right_1"/>
        </edge>
        <edge id="top">
            <lane id="top_0">
                <vehicle id="cfm-slow_1" pos="16.58" speed="24.42"/>
                <vehicle id="cfm-slow_2" pos="36.27" speed="26.30"/>
            </lane>
            <lane id="top_1">
                <vehicle id="cfm-fast_1" pos="30.50" speed="72.62"/>
            </lane>
        </edge>
    </timestep>
    <timestep time="5.73">
        <edge id="bottom">
            <lane id="bottom_0">
                <vehicle id="cfm-slow_5" pos="5.95" speed="29.31"/>
                <vehicle id="cfm-fast_0" pos="30.39" speed="28.47"/>
            </lane>
            <lane id="bottom_1"/>
        </edge>
        <edge id="left">
            <lane id="left_0">
                <vehicle id="cfm-slow_3" pos="8.15" speed="28.09"/>
                <vehicle id="cfm-slow_4" pos="31.53" speed="29.20"/>
            </lane>
            <lane id="left_1">
                <vehicle id="cfm-fast_5" pos="49.42" speed="78.14"/>
            </lane>
        </edge>
        <edge id="right">
            <lane id="right_0">
                <vehicle id="cfm-fast_2" pos="0.11" speed="26.74"/>
                <vehicle id="cfm-fast_3" pos="17.91" speed="24.99"/>
                <vehicle id="cfm-fast_4" pos="33.89" speed="23.45"/>
                <vehicle id="cfm-slow_0" pos="48.70" speed="22.90"/>
            </lane>
            <lane id="right_1"/>
        </edge>
        <edge id="top">
            <lane id="top_0">
                <vehicle id="cfm-slow_1" pos="16.82" speed="24.44"/>
                <vehicle id="cfm-slow_2" pos="36.54" speed="26.32"/>
            </lane>
            <lane id="top_1">
                <vehicle id="cfm-fast_1" pos="31.23" speed="72.71"/>
            </lane>
        </edge>
    </timestep>
    <timestep time="5.74">
        <edge id="bottom">
            <lane id="bottom_0">
                <vehicle id="cfm-slow_5" pos="6.25" speed="29.30"/>
                <vehicle id="cfm-fast_0" pos="30.67" speed="28.46"/>
            </lane>
            <lane id="bottom_1">
                <vehicle id="cfm-fast_5" pos="0.20" speed="78.27"/>
            </lane>
        </edge>
        <edge id="left">
            <lane id="left_0">
                <vehicle id="cfm-slow_3" pos="8.43" speed="28.10"/>
                <vehicle id="cfm-slow_4" pos="31.82" speed="29.21"/>
            </lane>
            <lane id="left_1"/>
        </edge>
        <edge id="right">
            <lane id="right_0">
                <vehicle id="cfm-fast_2" pos="0.38" speed="26.73"/>
                <vehicle id="cfm-fast_3" pos="18.16" speed="24.98"/>
                <vehicle id="cfm-fast_4" pos="34.13" speed="23.44"/>
                <vehicle id="cfm-slow_0" pos="48.92" speed="22.92"/>
            </lane>
            <lane id="right_1"/>
        </edge>
        <edge id="top">
            <lane id="top_0">
                <vehicle id="cfm-slow_1" pos="17.07" speed="24.46"/>
                <vehicle id="cfm-slow_2" pos="36.80" speed="26.33"/>
            </lane>
            <lane id="top_1">
                <vehicle id="cfm-fast_1" pos="31.96" speed="72.80"/>
            </lane>
        </edge>
    </timestep>
    <timestep time="5.75">
        <edge id="bottom">
            <lane id="bottom_0">
                <vehicle id="cfm-slow_5" pos="6.54" speed="29.30"/>
                <vehicle id="cfm-fast_0" pos="30.96" speed="28.45"/>
            </lane>
            <lane id="bottom_1">
                <vehicle id="cfm-fast_5" pos="0.98" speed="78.41"/>
            </lane>
        </edge>
        <edge id="left">
            <lane id="left_0">
                <vehicle id="cfm-slow_3" pos="8.71" speed="28.11"/>
                <vehicle id="cfm-slow_4" pos="32.11" speed="29.21"/>
            </lane>
            <lane id="left_1"/>
        </edge>
        <edge id="right">
            <lane id="right_0">
                <vehicle id="cfm-fast_2" pos="0.64" speed="26.71"/>
                <vehicle id="cfm-fast_3" pos="18.41" speed="24.96"/>
                <vehicle id="cfm-fast_4" pos="34.36" speed="23.44"/>
                <vehicle id="cfm-slow_0" pos="49.15" speed="22.94"/>
            </lane>
            <lane id="right_1"/>
        </edge>
        <edge id="top">
            <lane id="top_0">
                <vehicle id="cfm-slow_1" pos="17.31" speed="24.48"/>
                <vehicle id="cfm-slow_2" pos="37.06" speed="26.35"/>
            </lane>
            <lane id="top_1">
                <vehicle id="cfm-fast_1" pos="32.69" speed="72.89"/>
            </lane>
        </edge>
    </timestep>
    <timestep time="5.76">
        <edge id="bottom">
            <lane id="bottom_0">
                <vehicle id="cfm-slow_5" pos="6.83" speed="29.29"/>
                <vehicle id="cfm-fast_0" pos="31.24" speed="28.43"/>
            </lane>
            <lane id="bottom_1">
                <vehicle id="cfm-fast_5" pos="1.77" speed="78.55"/>
            </lane>
        </edge>
        <edge id="left">
            <lane id="left_0">
                <vehicle id="cfm-slow_3" pos="9.00" speed="28.13"/>
                <vehicle id="cfm-slow_4" pos="32.40" speed="29.21"/>
            </lane>
            <lane id="left_1"/>
        </edge>
        <edge id="right">
            <lane id="right_0">
                <vehicle id="cfm-fast_2" pos="0.91" speed="26.69"/>
                <vehicle id="cfm-fast_3" pos="18.66" speed="24.95"/>
                <vehicle id="cfm-fast_4" pos="34.60" speed="23.44"/>
                <vehicle id="cfm-slow_0" pos="49.38" speed="22.95"/>
            </lane>
            <lane id="right_1"/>
        </edge>
        <edge id="top">
            <lane id="top_0">
                <vehicle id="cfm-slow_1" pos="17.56" speed="24.50"/>
                <vehicle id="cfm-slow_2" pos="37.33" speed="26.37"/>
            </lane>
            <lane id="top_1">
                <vehicle id="cfm-fast_1" pos="33.42" speed="72.98"/>
            </lane>
        </edge>
    </timestep>
    <timestep time="5.77">
        <edge id="bottom">
            <lane id="bottom_0">
                <vehicle id="cfm-slow_5" pos="7.12" speed="29.28"/>
                <vehicle id="cfm-fast_0" pos="31.53" speed="28.42"/>
            </lane>
            <lane id="bottom_1">
                <vehicle id="cfm-fast_5" pos="2.56" speed="78.68"/>
            </lane>
        </edge>
        <edge id="left">
            <lane id="left_0">
                <vehicle id="cfm-slow_3" pos="9.28" speed="28.14"/>
                <vehicle id="cfm-slow_4" pos="32.70" speed="29.21"/>
            </lane>
            <lane id="left_1"/>
        </edge>
        <edge id="right">
            <lane id="right_0">
                <vehicle id="cfm-fast_2" pos="1.18" speed="26.68"/>
                <vehicle id="cfm-fast_3" pos="18.91" speed="24.94"/>
                <vehicle id="cfm-fast_4" pos="34.83" speed="23.44"/>
                <vehicle id="cfm-slow_0" pos="49.61" speed="22.97"/>
            </lane>
            <lane id="right_1"/>
        </edge>
        <edge id="top">
            <lane id="top_0">
                <vehicle id="cfm-slow_1" pos="17.80" speed="24.52"/>
                <vehicle id="cfm-slow_2" pos="37.59" speed="26.39"/>
            </lane>
            <lane id="top_1">
                <vehicle id="cfm-fast_1" pos="34.15" speed="73.07"/>
            </lane>
        </edge>
    </timestep>
    <timestep time="5.78">
        <edge id="bottom">
            <lane id="bottom_0">
                <vehicle id="cfm-slow_5" pos="7.42" speed="29.28"/>
                <vehicle id="cfm-fast_0" pos="31.81" speed="28.40"/>
            </lane>
            <lane id="bottom_1">
                <vehicle id="cfm-fast_5" pos="3.35" speed="78.82"/>
            </lane>
        </edge>
        <edge id="left">
            <lane id="left_0">
                <vehicle id="cfm-slow_3" pos="9.56" speed="28.15"/>
                <vehicle id="cfm-slow_4" pos="32.99" speed="29.22"/>
            </lane>
            <lane id="left_1"/>
        </edge>
        <edge id="right">
            <lane id="right_0">
                <vehicle id="cfm-fast_2" pos="1.44" speed="26.66"/>
                <vehicle id="cfm-fast_3" pos="19.16" speed="24.92"/>
                <vehicle id="cfm-fast_4" pos="35.07" speed="23.44"/>
                <vehicle id="cfm-slow_0" pos="49.84" speed="22.98"/>
            </lane>
            <lane id="right_1"/>
        </edge>
        <edge id="top">
            <lane id="top_0">
                <vehicle id="cfm-slow_1" pos="18.05" speed="24.54"/>
                <vehicle id="cfm-slow_2" pos="37.86" speed="26.41"/>
            </lane>
            <lane id="top_1">
                <vehicle id="cfm-fast_1" pos="34.88" speed="73.16"/>
            </lane>
        </edge>
    </timestep>
    <timestep time="5.79">
        <edge id="bottom">
            <lane id="bottom_0">
                <vehicle id="cfm-slow_5" pos="7.71" speed="29.27"/>
                <vehicle id="cfm-fast_0" pos="32.09" speed="28.39"/>
            </lane>
            <lane id="bottom_1">
                <vehicle id="cfm-fast_5" pos="4.13" speed="78.95"/>
            </lane>
        </edge>
        <edge id="left">
            <lane id="left_0">
                <vehicle id="cfm-slow_3" pos="9.84" speed="28.16"/>
                <vehicle id="cfm-slow_4" pos="33.28" speed="29.22"/>
            </lane>
            <lane id="left_1"/>
        </edge>
        <edge id="right">
            <lane id="right_0">
                <vehicle id="cfm-fast_2" pos="1.71" speed="26.65"/>
                <vehicle id="cfm-fast_3" pos="19.41" speed="24.91"/>
                <vehicle id="cfm-fast_4" pos="35.30" speed="23.44"/>
            </lane>
            <lane id="right_1"/>
        </edge>
        <edge id="top">
            <lane id="top_0">
                <vehicle id="cfm-slow_0" pos="0.07" speed="23.00"/>
                <vehicle id="cfm-slow_1" pos="18.29" speed="24.56"/>
                <vehicle id="cfm-slow_2" pos="38.12" speed="26.43"/>
            </lane>
            <lane id="top_1">
                <vehicle id="cfm-fast_1" pos="35.61" speed="73.25"/>
            </lane>
        </edge>
    </timestep>
    <timestep time="5.80">
        <edge id="bottom">
            <lane id="bottom_0">
                <vehicle id="cfm-slow_5" pos="8.00" speed="29.26"/>
                <vehicle id="cfm-fast_0" pos="32.38" speed="28.38"/>
            </lane>
            <lane id="bottom_1">
                <vehicle id="cfm-fast_5" pos="4.93" speed="79.09"/>
            </lane>
        </edge>
        <edge id="left">
            <lane id="left_0">
                <vehicle id="cfm-slow_3" pos="10.12" speed="28.18"/>
                <vehicle id="cfm-slow_4" pos="33.57" speed="29.22"/>
            </lane>
            <lane id="left_1"/>
        </edge>
        <edge id="right">
            <lane id="right_0">
                <vehicle id="cfm-fast_2" pos="1.98" speed="26.63"/>
                <vehicle id="cfm-fast_3" pos="19.66" speed="24.90"/>
                <vehicle id="cfm-fast_4" pos="35.53" speed="23.44"/>
            </lane>
            <lane id="right_1"/>
        </edge>
        <edge id="top">
            <lane id="top_0">
                <vehicle id="cfm-slow_0" pos="0.30" speed="23.02"/>
                <vehicle id="cfm-slow_1" pos="18.54" speed="24.58"/>
                <vehicle id="cfm-slow_2" pos="38.38" speed="26.45"/>
            </lane>
            <lane id="top_1">
                <vehicle id="cfm-fast_1" pos="36.34" speed="73.34"/>
            </lane>
        </edge>
    </timestep>
    <timestep time="5.81">
        <edge id="bottom">
            <lane id="bottom_0">
                <vehicle id="cfm-slow_5" pos="8.29" speed="29.26"/>
                <vehicle id="cfm-fast_0" pos="32.66" speed="28.36"/>
            </lane>
            <lane id="bottom_1">
                <vehicle id="cfm-fast_5" pos="5.72" speed="79.23"/>
            </lane>
        </edge>
        <edge id="left">
            <lane id="left_0">
                <vehicle id="cfm-slow_3" pos="10.40" speed="28.19"/>
                <vehicle id="cfm-slow_4" pos="33.87" speed="29.22"/>
            </lane>
            <lane id="left_1"/>
        </edge>
        <edge id="right">
            <lane id="right_0">
                <vehicle id="cfm-fast_2" pos="2.24" speed="26.62"/>
                <vehicle id="cfm-fast_3" pos="19.90" speed="24.88"/>
                <vehicle id="cfm-fast_4" pos="35.77" speed="23.44"/>
            </lane>
            <lane id="right_1"/>
        </edge>
        <edge id="top">
            <lane id="top_0">
                <vehicle id="cfm-slow_0" pos="0.53" speed="23.03"/>
                <vehicle id="cfm-slow_1" pos="18.79" speed="24.60"/>
                <vehicle id="cfm-slow_2" pos="38.65" speed="26.46"/>
            </lane>
            <lane id="top_1">
                <vehicle id="cfm-fast_1" pos="37.08" speed="73.43"/>
            </lane>
        </edge>
    </timestep>
    <timestep time="5.82">
        <edge id="bottom">
            <lane id="bottom_0">
                <vehicle id="cfm-slow_5" pos="8.59" speed="29.25"/>
                <vehicle id="cfm-fast_0" pos="32.95" speed="28.35"/>
            </lane>
            <lane id="bottom_1">
                <vehicle id="cfm-fast_5" pos="6.51" speed="79.36"/>
            </lane>
        </edge>
        <edge id="left">
            <lane id="left_0">
                <vehicle id="cfm-slow_3" pos="10.69" speed="28.20"/>
                <vehicle id="cfm-slow_4" pos="34.16" speed="29.23"/>
            </lane>
            <lane id="left_1"/>
        </edge>
        <edge id="right">
            <lane id="right_0">
                <vehicle id="cfm-fast_2" pos="2.51" speed="26.60"/>
                <vehicle id="cfm-fast_3" pos="20.15" speed="24.87"/>
                <vehicle id="cfm-fast_4" pos="36.00" speed="23.43"/>
            </lane>
            <lane id="right_1"/>
        </edge>
        <edge id="top">
            <lane id="top_0">
                <vehicle id="cfm-slow_0" pos="0.76" speed="23.05"/>
                <vehicle id="cfm-slow_1" pos="19.03" speed="24.62"/>
                <vehicle id="cfm-slow_2" pos="38.91" speed="26.48"/>
            </lane>
            <lane id="top_1">
                <vehicle id="cfm-fast_1" pos="37.81" speed="73.52"/>
            </lane>
        </edge>
    </timestep>
    <timestep time="5.83">
        <edge id="bottom">
            <lane id="bottom_0">
                <vehicle id="cfm-slow_5" pos="8.88" speed="29.24"/>
                <vehicle id="cfm-fast_0" pos="33.23" speed="28.34"/>
            </lane>
            <lane id="bottom_1">
                <vehicle id="cfm-fast_5" pos="7.31" speed="79.50"/>
            </lane>
        </edge>
        <edge id="left">
            <lane id="left_0">
                <vehicle id="cfm-slow_3" pos="10.97" speed="28.21"/>
                <vehicle id="cfm-slow_4" pos="34.45" speed="29.23"/>
            </lane>
            <lane id="left_1"/>
        </edge>
        <edge id="right">
            <lane id="right_0">
                <vehicle id="cfm-fast_2" pos="2.77" speed="26.59"/>
                <vehicle id="cfm-fast_3" pos="20.40" speed="24.86"/>
                <vehicle id="cfm-fast_4" pos="36.24" speed="23.43"/>
            </lane>
            <lane id="right_1"/>
        </edge>
        <edge id="top">
            <lane id="top_0">
                <vehicle id="cfm-slow_0" pos="0.99" speed="23.07"/>
                <vehicle id="cfm-slow_1" pos="19.28" speed="24.64"/>
                <vehicle id="cfm-slow_2" pos="39.18" speed="26.50"/>
            </lane>
            <lane id="top_1">
                <vehicle id="cfm-fast_1" pos="38.55" speed="73.61"/>
            </lane>
        </edge>
    </timestep>
    <timestep time="5.84">
        <edge id="bottom">
            <lane id="bottom_0">
                <vehicle id="cfm-slow_5" pos="9.17" speed="29.24"/>
                <vehicle id="cfm-fast_0" pos="33.51" speed="28.32"/>
            </lane>
            <lane id="bottom_1">
                <vehicle id="cfm-fast_5" pos="8.10" speed="79.64"/>
            </lane>
        </edge>
        <edge id="left">
            <lane id="left_0">
                <vehicle id="cfm-slow_3" pos="11.25" speed="28.22"/>
                <vehicle id="cfm-slow_4" pos="34.74" speed="29.23"/>
            </lane>
            <lane id="left_1"/>
        </edge>
        <edge id="right">
            <lane id="right_0">
                <vehicle id="cfm-fast_2" pos="3.04" speed="26.57"/>
                <vehicle id="cfm-fast_3" pos="20.65" speed="24.84"/>
                <vehicle id="cfm-fast_4" pos="36.47" speed="23.43"/>
            </lane>
            <lane id="right_1"/>
        </edge>
        <edge id="top">
            <lane id="top_0">
                <vehicle id="cfm-slow_0" pos="1.23" speed="23.08"/>
                <vehicle id="cfm-slow_1" pos="19.53" speed="24.65"/>
                <vehicle id="cfm-slow_2" pos="39.44" speed="26.52"/>
            </lane>
            <lane id="top_1">
                <vehicle id="cfm-fast_1" pos="39.29" speed="73.70"/>
            </lane>
        </edge>
    </timestep>
    <timestep time="5.85">
        <edge id="bottom">
            <lane id="bottom_0">
                <vehicle id="cfm-slow_5" pos="9.46" speed="29.23"/>
                <vehicle id="cfm-fast_0" pos="33.79" speed="28.31"/>
            </lane>
            <lane id="bottom_1">
                <vehicle id="cfm-fast_5" pos="8.90" speed="79.77"/>
            </lane>
        </edge>
        <edge id="left">
            <lane id="left_0">
                <vehicle id="cfm-slow_3" pos="11.53" speed="28.24"/>
                <vehicle id="cfm-slow_4" pos="35.03" speed="29.23"/>
            </lane>
            <lane id="left_1"/>
        </edge>
        <edge id="right">
            <lane id="right_0">
                <vehicle id="cfm-fast_2" pos="3.30" speed="26.56"/>
                <vehicle id="cfm-fast_3" pos="20.90" speed="24.83"/>
                <vehicle id="cfm-fast_4" pos="36.71" speed="23.43"/>
            </lane>
            <lane id="right_1"/>
        </edge>
        <edge id="top">
            <lane id="top_0">
                <vehicle id="cfm-slow_0" pos="1.46" speed="23.10"/>
                <vehicle id="cfm-slow_1" pos="19.77" speed="24.67"/>
                <vehicle id="cfm-slow_2" pos="39.71" speed="26.54"/>
            </lane>
            <lane id="top_1">
                <vehicle id="cfm-fast_1" pos="40.03" speed="73.80"/>
            </lane>
        </edge>
    </timestep>
    <timestep time="5.86">
        <edge id="bottom">
            <lane id="bottom_0">
                <vehicle id="cfm-slow_5" pos="9.76" speed="29.22"/>
                <vehicle id="cfm-fast_0" pos="34.08" speed="28.29"/>
            </lane>
            <lane id="bottom_1">
                <vehicle id="cfm-fast_5" pos="9.70" speed="79.91"/>
            </lane>
        </edge>
        <edge id="left">
            <lane id="left_0">
                <vehicle id="cfm-slow_3" pos="11.82" speed="28.25"/>
                <vehicle id="cfm-slow_4" pos="35.33" speed="29.23"/>
            </lane>
            <lane id="left_1"/>
        </edge>
        <edge id="right">
            <lane id="right_0">
                <vehicle id="cfm-fast_2" pos="3.57" speed="26.54"/>
                <vehicle id="cfm-fast_3" pos="21.15" speed="24.82"/>
                <vehicle id="cfm-fast_4" pos="36.94" speed="23.43"/>
            </lane>
            <lane id="right_1"/>
        </edge>
        <edge id="top">
            <lane id="top_0">
                <vehicle id="cfm-slow_0" pos="1.69" speed="23.11"/>
                <vehicle id="cfm-slow_1" pos="20.02" speed="24.69"/>
                <vehicle id="cfm-slow_2" pos="39.97" speed="26.55"/>
            </lane>
            <lane id="top_1">
                <vehicle id="cfm-fast_1" pos="40.76" speed="73.89"/>
            </lane>
        </edge>
    </timestep>
    <timestep time="5.87">
        <edge id="bottom">
            <lane id="bottom_0">
                <vehicle id="cfm-slow_5" pos="10.05" speed="29.21"/>
                <vehicle id="cfm-fast_0" pos="34.36" speed="28.28"/>
            </lane>
            <lane id="bottom_1">
                <vehicle id="cfm-fast_5" pos="10.50" speed="80.05"/>
            </lane>
        </edge>
        <edge id="left">
            <lane id="left_0">
                <vehicle id="cfm-slow_3" pos="12.10" speed="28.26"/>
                <vehicle id="cfm-slow_4" pos="35.62" speed="29.24"/>
            </lane>
            <lane id="left_1"/>
        </edge>
        <edge id="right">
            <lane id="right_0">
                <vehicle id="cfm-fast_2" pos="3.84" speed="26.53"/>
                <vehicle id="cfm-fast_3" pos="21.39" speed="24.80"/>
                <vehicle id="cfm-fast_4" pos="37.17" speed="23.43"/>
            </lane>
            <lane id="right_1"/>
        </edge>
        <edge id="top">
            <lane id="top_0">
                <vehicle id="cfm-slow_0" pos="1.92" speed="23.13"/>
                <vehicle id="cfm-slow_1" pos="20.27" speed="24.71"/>
                <vehicle id="cfm-slow_2" pos="40.24" speed="26.57"/>
            </lane>
            <lane id="top_1">
                <vehicle id="cfm-fast_1" pos="41.50" speed="73.98"/>
            </lane>
        </edge>
    </timestep>
    <timestep time="5.88">
        <edge id="bottom">
            <lane id="bottom_0">
                <vehicle id="cfm-slow_5" pos="10.34" speed="29.21"/>
                <vehicle id="cfm-fast_0" pos="34.64" speed="28.26"/>
            </lane>
            <lane id="bottom_1">
                <vehicle id="cfm-fast_5" pos="11.30" speed="80.18"/>
            </lane>
        </edge>
        <edge id="left">
            <lane id="left_0">
                <vehicle id="cfm-slow_3" pos="12.38" speed="28.27"/>
                <vehicle id="cfm-slow_4" pos="35.91" speed="29.24"/>
            </lane>
            <lane id="left_1"/>
        </edge>
        <edge id="right">
            <lane id="right_0">
                <vehicle id="cfm-fast_2" pos="4.10" speed="26.51"/>
                <vehicle id="cfm-fast_3" pos="21.64" speed="24.79"/>
                <vehicle id="cfm-fast_4" pos="37.41" speed="23.43"/>
            </lane>
            <lane id="right_1"/>
        </edge>
        <edge id="top">
            <lane id="top_0">
                <vehicle id="cfm-slow_0" pos="2.15" speed="23.15"/>
                <vehicle id="cfm-slow_1" pos="20.51" speed="24.73"/>
                <vehicle id="cfm-slow_2" pos="40.51" speed="26.59"/>
            </lane>
            <lane id="top_1">
                <vehicle id="cfm-fast_1" pos="42.24" speed="74.07"/>
            </lane>
        </edge>
    </timestep>
    <timestep time="5.89">
        <edge id="bottom">
            <lane id="bottom_0">
                <vehicle id="cfm-slow_5" pos="10.63" speed="29.20"/>
                <vehicle id="cfm-fast_0" pos="34.93" speed="28.25"/>
            </lane>
            <lane id="bottom_1">
                <vehicle id="cfm-fast_5" pos="12.11" speed="80.32"/>
            </lane>
        </edge>
        <edge id="left">
            <lane id="left_0">
                <vehicle id="cfm-slow_3" pos="12.66" speed="28.28"/>
                <vehicle id="cfm-slow_4" pos="36.20" speed="29.24"/>
            </lane>
            <lane id="left_1"/>
        </edge>
        <edge id="right">
            <lane id="right_0">
                <vehicle id="cfm-fast_2" pos="4.37" speed="26.50"/>
                <vehicle id="cfm-fast_3" pos="21.89" speed="24.78"/>
                <vehicle id="cfm-fast_4" pos="37.64" speed="23.43"/>
            </lane>
            <lane id="right_1"/>
        </edge>
        <edge id="top">
            <lane id="top_0">
                <vehicle id="cfm-slow_0" pos="2.38" speed="23.16"/>
                <vehicle id="cfm-slow_1" pos="20.76" speed="24.75"/>
                <vehicle id="cfm-slow_2" pos="40.77" speed="26.61"/>
            </lane>
            <lane id="top_1">
                <vehicle id="cfm-fast_1" pos="42.99" speed="74.16"/>
            </lane>
        </edge>
    </timestep>
    <timestep time="5.90">
        <edge id="bottom">
            <lane id="bottom_0">
                <vehicle id="cfm-slow_5" pos="10.92" speed="29.19"/>
                <vehicle id="cfm-fast_0" pos="35.21" speed="28.24"/>
            </lane>
            <lane id="bottom_1">
                <vehicle id="cfm-fast_5" pos="12.91" speed="80.45"/>
            </lane>
        </edge>
        <edge id="left">
            <lane id="left_0">
                <vehicle id="cfm-slow_3" pos="12.95" speed="28.29"/>
                <vehicle id="cfm-slow_4" pos="36.50" speed="29.24"/>
            </lane>
            <lane id="left_1"/>
        </edge>
        <edge id="right">
            <lane id="right_0">
                <vehicle id="cfm-fast_2" pos="4.63" speed="26.48"/>
                <vehicle id="cfm-fast_3" pos="22.14" speed="24.77"/>
                <vehicle id="cfm-fast_4" pos="37.88" speed="23.43"/>
            </lane>
            <lane id="right_1"/>
        </edge>
        <edge id="top">
            <lane id="top_0">
                <vehicle id="cfm-slow_0" pos="2.61" speed="23.18"/>
                <vehicle id="cfm-slow_1" pos="21.01" speed="24.77"/>
                <vehicle id="cfm-slow_2" pos="41.04" speed="26.63"/>
            </lane>
            <lane id="top_1">
                <vehicle id="cfm-fast_1" pos="43.73" speed="74.25"/>
            </lane>
        </edge>
    </timestep>
    <timestep time="5.91">
        <edge id="bottom">
            <lane id="bottom_0">
                <vehicle id="cfm-slow_5" pos="11.22" speed="29.18"/>
                <vehicle id="cfm-fast_0" pos="35.49" speed="28.22"/>
            </lane>
            <lane id="bottom_1">
                <vehicle id="cfm-fast_5" pos="13.72" speed="80.59"/>
            </lane>
        </edge>
        <edge id="left">
            <lane id="left_0">
                <vehicle id="cfm-slow_3" pos="13.23" speed="28.30"/>
                <vehicle id="cfm-slow_4" pos="36.79" speed="29.24"/>
            </lane>
            <lane id="left_1"/>
        </edge>
        <edge id="right">
            <lane id="right_0">
                <vehicle id="cfm-fast_2" pos="4.89" speed="26.46"/>
                <vehicle id="cfm-fast_3" pos="22.39" speed="24.75"/>
                <vehicle id="cfm-fast_4" pos="38.11" speed="23.43"/>
            </lane>
            <lane id="right_1"/>
        </edge>
        <edge id="top">
            <lane id="top_0">
                <vehicle id="cfm-slow_0" pos="2.85" speed="23.20"/>
                <vehicle id="cfm-slow_1" pos="21.26" speed="24.79"/>
                <vehicle id="cfm-slow_2" pos="41.31" speed="26.64"/>
            </lane>
            <lane id="top_1">
                <vehicle id="cfm-fast_1" pos="44.47" speed="74.35"/>
            </lane>
        </edge>
    </timestep>
    <timestep time="5.92">
        <edge id="bottom">
            <lane id="bottom_0">
                <vehicle id="cfm-slow_5" pos="11.51" speed="29.17"/>
                <vehicle id="cfm-fast_0" pos="35.77" speed="28.21"/>
            </lane>
            <lane id="bottom_1">
                <vehicle id="cfm-fast_5" pos="14.52" speed="80.73"/>
            </lane>
        </edge>
        <edge id="left">
            <lane id="left_0">
                <vehicle id="cfm-slow_3" pos="13.51" speed="28.31"/>
                <vehicle id="cfm-slow_4" pos="37.08" speed="29.24"/>
            </lane>
            <lane id="left_1"/>
        </edge>
        <edge id="right">
            <lane id="right_0">
                <vehicle id="cfm-fast_2" pos="5.16" speed="26.45"/>
                <vehicle id="cfm-fast_3" pos="22.63" speed="24.74"/>
                <vehicle id="cfm-fast_4" pos="38.35" speed="23.43"/>
            </lane>
            <lane id="right_1"/>
        </edge>
        <edge id="top">
            <lane id="top_0">
                <vehicle id="cfm-slow_0" pos="3.08" speed="23.21"/>
                <vehicle id="cfm-slow_1" pos="21.50" speed="24.81"/>
                <vehicle id="cfm-slow_2" pos="41.57" speed="26.66"/>
            </lane>
            <lane id="top_1">
                <vehicle id="cfm-fast_1" pos="45.22" speed="74.44"/>
            </lane>
        </edge>
    </timestep>
    <timestep time="5.93">
        <edge id="bottom">
            <lane id="bottom_0">
                <vehicle id="cfm-slow_5" pos="11.80" speed="29.17"/>
                <vehicle id="cfm-fast_0" pos="36.05" speed="28.19"/>
            </lane>
            <lane id="bottom_1">
                <vehicle id="cfm-fast_5" pos="15.33" speed="80.86"/>
            </lane>
        </edge>
        <edge id="left">
            <lane id="left_0">
                <vehicle id="cfm-slow_3" pos="13.80" speed="28.32"/>
                <vehicle id="cfm-slow_4" pos="37.37" speed="29.24"/>
            </lane>
            <lane id="left_1"/>
        </edge>
        <edge id="right">
            <lane id="right_0">
                <vehicle id="cfm-fast_2" pos="5.42" speed="26.43"/>
                <vehicle id="cfm-fast_3" pos="22.88" speed="24.73"/>
                <vehicle id="cfm-fast_4" pos="38.58" speed="23.44"/>
            </lane>
            <lane id="right_1"/>
        </edge>
        <edge id="top">
            <lane id="top_0">
                <vehicle id="cfm-slow_0" pos="3.31" speed="23.23"/>
                <vehicle id="cfm-slow_1" pos="21.75" speed="24.83"/>
                <vehicle id="cfm-slow_2" pos="41.84" speed="26.68"/>
            </lane>
            <lane id="top_1">
                <vehicle id="cfm-fast_1" pos="45.96" speed="74.53"/>
            </lane>
        </edge>
    </timestep>
    <timestep time="5.94">
        <edge id="bottom">
            <lane id="bottom_0">
                <vehicle id="cfm-slow_5" pos="12.09" speed="29.16"/>
                <vehicle id="cfm-fast_0" pos="36.34" speed="28.18"/>
            </lane>
            <lane id="bottom_1">
                <vehicle id="cfm-fast_5" pos="16.14" speed="81.00"/>
            </lane>
        </edge>
        <edge id="left">
            <lane id="left_0">
                <vehicle id="cfm-slow_3" pos="14.08" speed="28.33"/>
                <vehicle id="cfm-slow_4" pos="37.67" speed="29.24"/>
            </lane>
            <lane id="left_1"/>
        </edge>
        <edge id="right">
            <lane id="right_0">
                <vehicle id="cfm-fast_2" pos="5.69" speed="26.42"/>
                <vehicle id="cfm-fast_3" pos="23.13" speed="24.72"/>
                <vehicle id="cfm-fast_4" pos="38.82" speed="23.44"/>
            </lane>
            <lane id="right_1"/>
        </edge>
        <edge id="top">
            <lane id="top_0">
                <vehicle id="cfm-slow_0" pos="3.54" speed="23.25"/>
                <vehicle id="cfm-slow_1" pos="22.00" speed="24.85"/>
                <vehicle id="cfm-slow_2" pos="42.11" speed="26.70"/>
            </lane>
            <lane id="top_1">
                <vehicle id="cfm-fast_1" pos="46.71" speed="74.62"/>
            </lane>
        </edge>
    </timestep>
    <timestep time="5.95">
        <edge id="bottom">
            <lane id="bottom_0">
                <vehicle id="cfm-slow_5" pos="12.38" speed="29.15"/>
                <vehicle id="cfm-fast_0" pos="36.62" speed="28.16"/>
            </lane>
            <lane id="bottom_1">
                <vehicle id="cfm-fast_5" pos="16.95" speed="81.14"/>
            </lane>
        </edge>
        <edge id="left">
            <lane id="left_0">
                <vehicle id="cfm-slow_3" pos="14.36" speed="28.35"/>
                <vehicle id="cfm-slow_4" pos="37.96" speed="29.25"/>
            </lane>
            <lane id="left_1"/>
        </edge>
        <edge id="right">
            <lane id="right_0">
                <vehicle id="cfm-fast_2" pos="5.95" speed="26.40"/>
                <vehicle id="cfm-fast_3" pos="23.37" speed="24.71"/>
                <vehicle id="cfm-fast_4" pos="39.05" speed="23.44"/>
            </lane>
            <lane id="right_1"/>
        </edge>
        <edge id="top">
            <lane id="top_0">
                <vehicle id="cfm-slow_0" pos="3.78" speed="23.26"/>
                <vehicle id="cfm-slow_1" pos="22.25" speed="24.87"/>
                <vehicle id="cfm-slow_2" pos="42.37" speed="26.71"/>
            </lane>
            <lane id="top_1">
                <vehicle id="cfm-fast_1" pos="47.46" speed="74.72"/>
            </lane>
        </edge>
    </timestep>
    <timestep time="5.96">
        <edge id="bottom">
            <lane id="bottom_0">
                <vehicle id="cfm-slow_5" pos="12.67" speed="29.14"/>
                <vehicle id="cfm-fast_0" pos="36.90" speed="28.15"/>
            </lane>
            <lane id="bottom_1">
                <vehicle id="cfm-fast_5" pos="17.77" speed="81.27"/>
            </lane>
        </edge>
        <edge id="left">
            <lane id="left_0">
                <vehicle id="cfm-slow_3" pos="14.65" speed="28.36"/>
                <vehicle id="cfm-slow_4" pos="38.25" speed="29.25"/>
            </lane>
            <lane id="left_1"/>
        </edge>
        <edge id="right">
            <lane id="right_0">
                <vehicle id="cfm-fast_2" pos="6.22" speed="26.39"/>
                <vehicle id="cfm-fast_3" pos="23.62" speed="24.69"/>
                <vehicle id="cfm-fast_4" pos="39.28" speed="23.44"/>
            </lane>
            <lane id="right_1"/>
        </edge>
        <edge id="top">
            <lane id="top_0">
                <vehicle id="cfm-slow_0" pos="4.01" speed="23.28"/>
                <vehicle id="cfm-slow_1" pos="22.50" speed="24.89"/>
                <vehicle id="cfm-slow_2" pos="42.64" speed="26.73"/>
            </lane>
            <lane id="top_1">
                <vehicle id="cfm-fast_1" pos="48.20" speed="74.81"/>
            </lane>
        </edge>
    </timestep>
    <timestep time="5.97">
        <edge id="bottom">
            <lane id="bottom_0">
                <vehicle id="cfm-slow_5" pos="12.97" speed="29.13"/>
                <vehicle id="cfm-fast_0" pos="37.18" speed="28.14"/>
            </lane>
            <lane id="bottom_1">
                <vehicle id="cfm-fast_5" pos="18.58" speed="81.41"/>
            </lane>
        </edge>
        <edge id="left">
            <lane id="left_0">
                <vehicle id="cfm-slow_3" pos="14.93" speed="28.37"/>
                <vehicle id="cfm-slow_4" pos="38.54" speed="29.25"/>
            </lane>
            <lane id="left_1"/>
        </edge>
        <edge id="right">
            <lane id="right_0">
                <vehicle id="cfm-fast_2" pos="6.48" speed="26.37"/>
                <vehicle id="cfm-fast_3" pos="23.87" speed="24.68"/>
                <vehicle id="cfm-fast_4" pos="39.52" speed="23.44"/>
            </lane>
            <lane id="right_1"/>
        </edge>
        <edge id="top">
            <lane id="top_0">
                <vehicle id="cfm-slow_0" pos="4.24" speed="23.29"/>
                <vehicle id="cfm-slow_1" pos="22.75" speed="24.90"/>
                <vehicle id="cfm-slow_2" pos="42.91" speed="26.75"/>
            </lane>
            <lane id="top_1">
                <vehicle id="cfm-fast_1" pos="48.95" speed="74.90"/>
            </lane>
        </edge>
    </timestep>
    <timestep time="5.98">
        <edge id="bottom">
            <lane id="bottom_0">
                <vehicle id="cfm-slow_5" pos="13.26" speed="29.13"/>
                <vehicle id="cfm-fast_0" pos="37.46" speed="28.12"/>
            </lane>
            <lane id="bottom_1">
                <vehicle id="cfm-fast_5" pos="19.40" speed="81.55"/>
            </lane>
        </edge>
        <edge id="left">
            <lane id="left_0">
                <vehicle id="cfm-slow_3" pos="15.21" speed="28.38"/>
                <vehicle id="cfm-slow_4" pos="38.84" speed="29.25"/>
            </lane>
            <lane id="left_1"/>
        </edge>
        <edge id="right">
            <lane id="right_0">
                <vehicle id="cfm-fast_2" pos="6.74" speed="26.36"/>
                <vehicle id="cfm-fast_3" pos="24.12" speed="24.67"/>
                <vehicle id="cfm-fast_4" pos="39.75" speed="23.44"/>
            </lane>
            <lane id="right_1"/>
        </edge>
        <edge id="top">
            <lane id="top_0">
                <vehicle id="cfm-slow_0" pos="4.47" speed="23.31"/>
                <vehicle id="cfm-slow_1" pos="23.00" speed="24.92"/>
                <vehicle id="cfm-slow_2" pos="43.18" speed="26.77"/>
            </lane>
            <lane id="top_1">
                <vehicle id="cfm-fast_1" pos="49.70" speed="74.99"/>
            </lane>
        </edge>
    </timestep>
    <timestep time="5.99">
        <edge id="bottom">
            <lane id="bottom_0">
                <vehicle id="cfm-slow_5" pos="13.55" speed="29.12"/>
                <vehicle id="cfm-fast_0" pos="37.74" speed="28.11"/>
            </lane>
            <lane id="bottom_1">
                <vehicle id="cfm-fast_5" pos="20.21" speed="81.68"/>
            </lane>
        </edge>
        <edge id="left">
            <lane id="left_0">
                <vehicle id="cfm-slow_3" pos="15.50" speed="28.39"/>
                <vehicle id="cfm-slow_4" pos="39.13" speed="29.25"/>
            </lane>
            <lane id="left_1">
                <vehicle id="cfm-fast_1" pos="0.45" speed="75.09"/>
            </lane>
        </edge>
        <edge id="right">
            <lane id="right_0">
                <vehicle id="cfm-fast_2" pos="7.01" speed="26.34"/>
                <vehicle id="cfm-fast_3" pos="24.36" speed="24.66"/>
                <vehicle id="cfm-fast_4" pos="39.99" speed="23.44"/>
            </lane>
            <lane id="right_1"/>
        </edge>
        <edge id="top">
            <lane id="top_0">
                <vehicle id="cfm-slow_0" pos="4.71" speed="23.33"/>
                <vehicle id="cfm-slow_1" pos="23.25" speed="24.94"/>
                <vehicle id="cfm-slow_2" pos="43.44" speed="26.78"/>
            </lane>
            <lane id="top_1"/>
        </edge>
    </timestep>
    <timestep time="6.00">
        <edge id="bottom">
            <lane id="bottom_0">
                <vehicle id="cfm-slow_5" pos="13.84" speed="29.11"/>
                <vehicle id="cfm-fast_0" pos="38.02" speed="28.09"/>
            </lane>
            <lane id="bottom_1">
                <vehicle id="cfm-fast_5" pos="21.03" speed="81.82"/>
            </lane>
        </edge>
        <edge id="left">
            <lane id="left_0">
                <vehicle id="cfm-slow_3" pos="15.78" speed="28.40"/>
                <vehicle id="cfm-slow_4" pos="39.42" speed="29.25"/>
            </lane>
            <lane id="left_1">
                <vehicle id="cfm-fast_1" pos="1.21" speed="75.18"/>
            </lane>
        </edge>
        <edge id="right">
            <lane id="right_0">
                <vehicle id="cfm-fast_2" pos="7.27" speed="26.33"/>
                <vehicle id="cfm-fast_3" pos="24.61" speed="24.65"/>
                <vehicle id="cfm-fast_4" pos="40.22" speed="23.44"/>
            </lane>
            <lane id="right_1"/>
        </edge>
        <edge id="top">
            <lane id="top_0">
                <vehicle id="cfm-slow_0" pos="4.94" speed="23.34"/>
                <vehicle id="cfm-slow_1" pos="23.50" speed="24.96"/>
                <vehicle id="cfm-slow_2" pos="43.71" speed="26.80"/>
            </lane>
            <lane id="top_1"/>
        </edge>
    </timestep>
    <timestep time="6.01">
        <edge id="bottom">
            <lane id="bottom_0">
                <vehicle id="cfm-slow_5" pos="14.13" speed="29.10"/>
                <vehicle id="cfm-fast_0" pos="38.30" speed="28.08"/>
            </lane>
            <lane id="bottom_1">
                <vehicle id="cfm-fast_5" pos="21.85" speed="81.95"/>
            </lane>
        </edge>
        <edge id="left">
            <lane id="left_0">
                <vehicle id="cfm-slow_3" pos="16.07" speed="28.41"/>
                <vehicle id="cfm-slow_4" pos="39.71" speed="29.25"/>
            </lane>
            <lane id="left_1">
                <vehicle id="cfm-fast_1" pos="1.96" speed="75.27"/>
            </lane>
        </edge>
        <edge id="right">
            <lane id="right_0">
                <vehicle id="cfm-fast_2" pos="7.53" speed="26.31"/>
                <vehicle id="cfm-fast_3" pos="24.85" speed="24.64"/>
                <vehicle id="cfm-fast_4" pos="40.46" speed="23.45"/>
            </lane>
            <lane id="right_1"/>
        </edge>
        <edge id="top">
            <lane id="top_0">
                <vehicle id="cfm-slow_0" pos="5.17" speed="23.36"/>
                <vehicle id="cfm-slow_1" pos="23.75" speed="24.98"/>
                <vehicle id="cfm-slow_2" pos="43.98" speed="26.82"/>
            </lane>
            <lane id="top_1"/>
        </edge>
    </timestep>
    <timestep time="6.02">
        <edge id="bottom">
            <lane id="bottom_0">
                <vehicle id="cfm-slow_5" pos="14.42" speed="29.09"/>
                <vehicle id="cfm-fast_0" pos="38.59" speed="28.06"/>
            </lane>
            <lane id="bottom_1">
                <vehicle id="cfm-fast_5" pos="22.67" speed="82.09"/>
            </lane>
        </edge>
        <edge id="left">
            <lane id="left_0">
                <vehicle id="cfm-slow_3" pos="16.35" speed="28.42"/>
                <vehicle id="cfm-slow_4" pos="40.01" speed="29.25"/>
            </lane>
            <lane id="left_1">
                <vehicle id="cfm-fast_1" pos="2.71" speed="75.37"/>
            </lane>
        </edge>
        <edge id="right">
            <lane id="right_0">
                <vehicle id="cfm-fast_2" pos="7.80" speed="26.30"/>
                <vehicle id="cfm-fast_3" pos="25.10" speed="24.63"/>
                <vehicle id="cfm-fast_4" pos="40.69" speed="23.45"/>
            </lane>
            <lane id="right_1"/>
        </edge>
        <edge id="top">
            <lane id="top_0">
                <vehicle id="cfm-slow_0" pos="5.41" speed="23.38"/>
                <vehicle id="cfm-slow_1" pos="24.00" speed="25.00"/>
                <vehicle id="cfm-slow_2" pos="44.25" speed="26.83"/>
            </lane>
            <lane id="top_1"/>
        </edge>
    </timestep>
    <timestep time="6.03">
        <edge id="bottom">
            <lane id="bottom_0">
                <vehicle id="cfm-slow_5" pos="14.71" speed="29.08"/>
                <vehicle id="cfm-fast_0" pos="38.87" speed="28.05"/>
            </lane>
            <lane id="bottom_1">
                <vehicle id="cfm-fast_5" pos="23.49" speed="82.23"/>
            </lane>
        </edge>
        <edge id="left">
            <lane id="left_0">
                <vehicle id="cfm-slow_3" pos="16.63" speed="28.43"/>
                <vehicle id="cfm-slow_4" pos="40.30" speed="29.25"/>
            </lane>
            <lane id="left_1">
                <vehicle id="cfm-fast_1" pos="3.47" speed="75.46"/>
            </lane>
        </edge>
        <edge id="right">
            <lane id="right_0">
                <vehicle id="cfm-fast_2" pos="8.06" speed="26.28"/>
                <vehicle id="cfm-fast_3" pos="25.35" speed="24.61"/>
                <vehicle id="cfm-fast_4" pos="40.92" speed="23.45"/>
            </lane>
            <lane id="right_1"/>
        </edge>
        <edge id="top">
            <lane id="top_0">
                <vehicle id="cfm-slow_0" pos="5.64" speed="23.39"/>
                <vehicle id="cfm-slow_1" pos="24.25" speed="25.02"/>
                <vehicle id="cfm-slow_2" pos="44.52" speed="26.85"/>
            </lane>
            <lane id="top_1"/>
        </edge>
    </timestep>
    <timestep time="6.04">
        <edge id="bottom">
            <lane id="bottom_0">
                <vehicle id="cfm-slow_5" pos="15.00" speed="29.07"/>
                <vehicle id="cfm-fast_0" pos="39.15" speed="28.03"/>
            </lane>
            <lane id="bottom_1">
                <vehicle id="cfm-fast_5" pos="24.32" speed="82.36"/>
            </lane>
        </edge>
        <edge id="left">
            <lane id="left_0">
                <vehicle id="cfm-slow_3" pos="16.92" speed="28.44"/>
                <vehicle id="cfm-slow_4" pos="40.59" speed="29.25"/>
            </lane>
            <lane id="left_1">
                <vehicle id="cfm-fast_1" pos="4.22" speed="75.56"/>
            </lane>
        </edge>
        <edge id="right">
            <lane id="right_0">
                <vehicle id="cfm-fast_2" pos="8.32" speed="26.27"/>
                <vehicle id="cfm-fast_3" pos="25.59" speed="24.60"/>
                <vehicle id="cfm-fast_4" pos="41.16" speed="23.45"/>
            </lane>
            <lane id="right_1"/>
        </edge>
        <edge id="top">
            <lane id="top_0">
                <vehicle id="cfm-slow_0" pos="5.88" speed="23.41"/>
                <vehicle id="cfm-slow_1" pos="24.50" speed="25.04"/>
                <vehicle id="cfm-slow_2" pos="44.78" speed="26.87"/>
            </lane>
            <lane id="top_1"/>
        </edge>
    </timestep>
    <timestep time="6.05">
        <edge id="bottom">
            <lane id="bottom_0">
                <vehicle id="cfm-slow_5" pos="15.29" speed="29.07"/>
                <vehicle id="cfm-fast_0" pos="39.43" speed="28.02"/>
            </lane>
            <lane id="bottom_1">
                <vehicle id="cfm-fast_5" pos="25.14" speed="82.50"/>
            </lane>
        </edge>
        <edge id="left">
            <lane id="left_0">
                <vehicle id="cfm-slow_3" pos="17.20" speed="28.45"/>
                <vehicle id="cfm-slow_4" pos="40.88" speed="29.25"/>
            </lane>
            <lane id="left_1">
                <vehicle id="cfm-fast_1" pos="4.98" speed="75.65"/>
            </lane>
        </edge>
        <edge id="right">
            <lane id="right_0">
                <vehicle id="cfm-fast_2" pos="8.58" speed="26.25"/>
                <vehicle id="cfm-fast_3" pos="25.84" speed="24.59"/>
                <vehicle id="cfm-fast_4" pos="41.39" speed="23.45"/>
            </lane>
            <lane id="right_1"/>
        </edge>
        <edge id="top">
            <lane id="top_0">
                <vehicle id="cfm-slow_0" pos="6.11" speed="23.43"/>
                <vehicle id="cfm-slow_1" pos="24.75" speed="25.06"/>
                <vehicle id="cfm-slow_2" pos="45.05" speed="26.88"/>
            </lane>
            <lane id="top_1"/>
        </edge>
    </timestep>
    <timestep time="6.06">
        <edge id="bottom">
            <lane id="bottom_0">
                <vehicle id="cfm-slow_5" pos="15.58" speed="29.06"/>
                <vehicle id="cfm-fast_0" pos="39.71" speed="28.00"/>
            </lane>
            <lane id="bottom_1">
                <vehicle id="cfm-fast_5" pos="25.97" speed="82.64"/>
            </lane>
        </edge>
        <edge id="left">
            <lane id="left_0">
                <vehicle id="cfm-slow_3" pos="17.49" speed="28.45"/>
                <vehicle id="cfm-slow_4" pos="41.18" speed="29.25"/>
            </lane>
            <lane id="left_1">
                <vehicle id="cfm-fast_1" pos="5.74" speed="75.74"/>
            </lane>
        </edge>
        <edge id="right">
            <lane id="right_0">
                <vehicle id="cfm-fast_2" pos="8.85" speed="26.24"/>
                <vehicle id="cfm-fast_3" pos="26.08" speed="24.58"/>
                <vehicle id="cfm-fast_4" pos="41.63" speed="23.45"/>
            </lane>
            <lane id="right_1"/>
        </edge>
        <edge id="top">
            <lane id="top_0">
                <vehicle id="cfm-slow_0" pos="6.35" speed="23.44"/>
                <vehicle id="cfm-slow_1" pos="25.00" speed="25.08"/>
                <vehicle id="cfm-slow_2" pos="45.32" speed="26.90"/>
            </lane>
            <lane id="top_1"/>
        </edge>
    </timestep>
    <timestep time="6.07">
        <edge id="bottom">
            <lane id="bottom_0">
                <vehicle id="cfm-slow_5" pos="15.87" speed="29.05"/>
                <vehicle id="cfm-fast_0" pos="39.99" speed="27.99"/>
            </lane>
            <lane id="bottom_1">
                <vehicle id="cfm-fast_5" pos="26.80" speed="82.77"/>
            </lane>
        </edge>
        <edge id="left">
            <lane id="left_0">
                <vehicle id="cfm-slow_3" pos="17.77" speed="28.46"/>
                <vehicle id="cfm-slow_4" pos="41.47" speed="29.25"/>
            </lane>
            <lane id="left_1">
                <vehicle id="cfm-fast_1" pos="6.49" speed="75.84"/>
            </lane>
        </edge>
        <edge id="right">
            <lane id="right_0">
                <vehicle id="cfm-fast_2" pos="9.11" speed="26.22"/>
                <vehicle id="cfm-fast_3" pos="26.33" speed="24.57"/>
                <vehicle id="cfm-fast_4" pos="41.86" speed="23.46"/>
            </lane>
            <lane id="right_1"/>
        </edge>
        <edge id="top">
            <lane id="top_0">
                <vehicle id="cfm-slow_0" pos="6.58" speed="23.46"/>
                <vehicle id="cfm-slow_1" pos="25.25" speed="25.09"/>
                <vehicle id="cfm-slow_2" pos="45.59" speed="26.92"/>
            </lane>
            <lane id="top_1"/>
        </edge>
    </timestep>
    <timestep time="6.08">
        <edge id="bottom">
            <lane id="bottom_0">
                <vehicle id="cfm-slow_5" pos="16.16" speed="29.04"/>
                <vehicle id="cfm-fast_0" pos="40.27" speed="27.97"/>
            </lane>
            <lane id="bottom_1">
                <vehicle id="cfm-fast_5" pos="27.62" speed="82.91"/>
            </lane>
        </edge>
        <edge id="left">
            <lane id="left_0">
                <vehicle id="cfm-slow_3" pos="18.06" speed="28.47"/>
                <vehicle id="cfm-slow_4" pos="41.76" speed="29.25"/>
            </lane>
            <lane id="left_1">
                <vehicle id="cfm-fast_1" pos="7.25" speed="75.93"/>
            </lane>
        </edge>
        <edge id="right">
            <lane id="right_0">
                <vehicle id="cfm-fast_2" pos="9.37" speed="26.21"/>
                <vehicle id="cfm-fast_3" pos="26.58" speed="24.56"/>
                <vehicle id="cfm-fast_4" pos="42.10" speed="23.46"/>
            </lane>
            <lane id="right_1"/>
        </edge>
        <edge id="top">
            <lane id="top_0">
                <vehicle id="cfm-slow_0" pos="6.81" speed="23.48"/>
                <vehicle id="cfm-slow_1" pos="25.50" speed="25.11"/>
                <vehicle id="cfm-slow_2" pos="45.86" speed="26.93"/>
            </lane>
            <lane id="top_1"/>
        </edge>
    </timestep>
    <timestep time="6.09">
        <edge id="bottom">
            <lane id="bottom_0">
                <vehicle id="cfm-slow_5" pos="16.45" speed="29.03"/>
                <vehicle id="cfm-fast_0" pos="40.55" speed="27.96"/>
            </lane>
            <lane id="bottom_1">
                <vehicle id="cfm-fast_5" pos="28.46" speed="83.05"/>
            </lane>
        </edge>
        <edge id="left">
            <lane id="left_0">
                <vehicle id="cfm-slow_3" pos="18.34" speed="28.48"/>
                <vehicle id="cfm-slow_4" pos="42.05" speed="29.25"/>
            </lane>
            <lane id="left_1">
                <vehicle id="cfm-fast_1" pos="8.01" speed="76.03"/>
            </lane>
        </edge>
        <edge id="right">
            <lane id="right_0">
                <vehicle id="cfm-fast_2" pos="9.63" speed="26.19"/>
                <vehicle id="cfm-fast_3" pos="26.82" speed="24.55"/>
                <vehicle id="cfm-fast_4" pos="42.33" speed="23.46"/>
            </lane>
            <lane id="right_1"/>
        </edge>
        <edge id="top">
            <lane id="top_0">
                <vehicle id="cfm-slow_0" pos="7.05" speed="23.49"/>
                <vehicle id="cfm-slow_1" pos="25.75" speed="25.13"/>
                <vehicle id="cfm-slow_2" pos="46.13" speed="26.95"/>
            </lane>
            <lane id="top_1"/>
        </edge>
    </timestep>
    <timestep time="6.10">
        <edge id="bottom">
            <lane id="bottom_0">
                <vehicle id="cfm-slow_5" pos="16.75" speed="29.02"/>
                <vehicle id="cfm-fast_0" pos="40.82" speed="27.94"/>
            </lane>
            <lane id="bottom_1">
                <vehicle id="cfm-fast_5" pos="29.29" speed="83.18"/>
            </lane>
        </edge>
        <edge id="left">
            <lane id="left_0">
                <vehicle id="cfm-slow_3" pos="18.63" speed="28.49"/>
                <vehicle id="cfm-slow_4" pos="42.35" speed="29.25"/>
            </lane>
            <lane id="left_1">
                <vehicle id="cfm-fast_1" pos="8.78" speed="76.12"/>
            </lane>
        </edge>
        <edge id="right">
            <lane id="right_0">
                <vehicle id="cfm-fast_2" pos="9.89" speed="26.18"/>
                <vehicle id="cfm-fast_3" pos="27.07" speed="24.54"/>
                <vehicle id="cfm-fast_4" pos="42.57" speed="23.46"/>
            </lane>
            <lane id="right_1"/>
        </edge>
        <edge id="top">
            <lane id="top_0">
                <vehicle id="cfm-slow_0" pos="7.28" speed="23.51"/>
                <vehicle id="cfm-slow_1" pos="26.00" speed="25.15"/>
                <vehicle id="cfm-slow_2" pos="46.40" speed="26.97"/>
            </lane>
            <lane id="top_1"/>
        </edge>
    </timestep>
    <timestep time="6.11">
        <edge id="bottom">
            <lane id="bottom_0">
                <vehicle id="cfm-slow_5" pos="17.04" speed="29.01"/>
                <vehicle id="cfm-fast_0" pos="41.10" speed="27.93"/>
            </lane>
            <lane id="bottom_1">
                <vehicle id="cfm-fast_5" pos="30.12" speed="83.32"/>
            </lane>
        </edge>
        <edge id="left">
            <lane id="left_0">
                <vehicle id="cfm-slow_3" pos="18.91" speed="28.50"/>
                <vehicle id="cfm-slow_4" pos="42.64" speed="29.25"/>
            </lane>
            <lane id="left_1">
                <vehicle id="cfm-fast_1" pos="9.54" speed="76.22"/>
            </lane>
        </edge>
        <edge id="right">
            <lane id="right_0">
                <vehicle id="cfm-fast_2" pos="10.16" speed="26.16"/>
                <vehicle id="cfm-fast_3" pos="27.31" speed="24.53"/>
                <vehicle id="cfm-fast_4" pos="42.80" speed="23.47"/>
            </lane>
            <lane id="right_1"/>
        </edge>
        <edge id="top">
            <lane id="top_0">
                <vehicle id="cfm-slow_0" pos="7.52" speed="23.53"/>
                <vehicle id="cfm-slow_1" pos="26.25" speed="25.17"/>
                <vehicle id="cfm-slow_2" pos="46.67" speed="26.98"/>
            </lane>
            <lane id="top_1"/>
        </edge>
    </timestep>
    <timestep time="6.12">
        <edge id="bottom">
            <lane id="bottom_0">
                <vehicle id="cfm-slow_5" pos="17.33" speed="29.00"/>
                <vehicle id="cfm-fast_0" pos="41.38" speed="27.91"/>
            </lane>
            <lane id="bottom_1">
                <vehicle id="cfm-fast_5" pos="30.95" speed="83.45"/>
            </lane>
        </edge>
        <edge id="left">
            <lane id="left_0">
                <vehicle id="cfm-slow_3" pos="19.20" speed="28.51"/>
                <vehicle id="cfm-slow_4" pos="42.93" speed="29.25"/>
            </lane>
            <lane id="left_1">
                <vehicle id="cfm-fast_1" pos="10.30" speed="76.31"/>
            </lane>
        </edge>
        <edge id="right">
            <lane id="right_0">
                <vehicle id="cfm-fast_2" pos="10.42" speed="26.15"/>
                <vehicle id="cfm-fast_3" pos="27.56" speed="24.52"/>
                <vehicle id="cfm-fast_4" pos="43.04" speed="23.47"/>
            </lane>
            <lane id="right_1"/>
        </edge>
        <edge id="top">
            <lane id="top_0">
                <vehicle id="cfm-slow_0" pos="7.76" speed="23.55"/>
                <vehicle id="cfm-slow_1" pos="26.51" speed="25.19"/>
                <vehicle id="cfm-slow_2" pos="46.94" speed="27.00"/>
            </lane>
            <lane id="top_1"/>
        </edge>
    </timestep>
    <timestep time="6.13">
        <edge id="bottom">
            <lane id="bottom_0">
                <vehicle id="cfm-slow_5" pos="17.62" speed="28.99"/>
                <vehicle id="cfm-fast_0" pos="41.66" speed="27.90"/>
            </lane>
            <lane id="bottom_1">
                <vehicle id="cfm-fast_5" pos="31.79" speed="83.59"/>
            </lane>
        </edge>
        <edge id="left">
            <lane id="left_0">
                <vehicle id="cfm-slow_3" pos="19.48" speed="28.52"/>
                <vehicle id="cfm-slow_4" pos="43.22" speed="29.24"/>
            </lane>
            <lane id="left_1">
                <vehicle id="cfm-fast_1" pos="11.06" speed="76.41"/>
            </lane>
        </edge>
        <edge id="right">
            <lane id="right_0">
                <vehicle id="cfm-fast_2" pos="10.68" speed="26.13"/>
                <vehicle id="cfm-fast_3" pos="27.80" speed="24.51"/>
                <vehicle id="cfm-fast_4" pos="43.27" speed="23.47"/>
            </lane>
            <lane id="right_1"/>
        </edge>
        <edge id="top">
            <lane id="top_0">
                <vehicle id="cfm-slow_0" pos="7.99" speed="23.56"/>
                <vehicle id="cfm-slow_1" pos="26.76" speed="25.21"/>
                <vehicle id="cfm-slow_2" pos="47.21" speed="27.01"/>
            </lane>
            <lane id="top_1"/>
        </edge>
    </timestep>
    <timestep time="6.14">
        <edge id="bottom">
            <lane id="bottom_0">
                <vehicle id="cfm-slow_5" pos="17.91" speed="28.98"/>
                <vehicle id="cfm-fast_0" pos="41.94" speed="27.88"/>
            </lane>
            <lane id="bottom_1">
                <vehicle id="cfm-fast_5" pos="32.63" speed="83.73"/>
            </lane>
        </edge>
        <edge id="left">
            <lane id="left_0">
                <vehicle id="cfm-slow_3" pos="19.77" speed="28.53"/>
                <vehicle id="cfm-slow_4" pos="43.52" speed="29.24"/>
            </lane>
            <lane id="left_1">
                <vehicle id="cfm-fast_1" pos="11.83" speed="76.50"/>
            </lane>
        </edge>
        <edge id="right">
            <lane id="right_0">
                <vehicle id="cfm-fast_2" pos="10.94" speed="26.12"/>
                <vehicle id="cfm-fast_3" pos="28.05" speed="24.50"/>
                <vehicle id="cfm-fast_4" pos="43.51" speed="23.48"/>
            </lane>
            <lane id="right_1"/>
        </edge>
        <edge id="top">
            <lane id="top_0">
                <vehicle id="cfm-slow_0" pos="8.23" speed="23.58"/>
                <vehicle id="cfm-slow_1" pos="27.01" speed="25.23"/>
                <vehicle id="cfm-slow_2" pos="47.48" speed="27.03"/>
            </lane>
            <lane id="top_1"/>
        </edge>
    </timestep>
    <timestep time="6.15">
        <edge id="bottom">
            <lane id="bottom_0">
                <vehicle id="cfm-slow_5" pos="18.19" speed="28.97"/>
                <vehicle id="cfm-fast_0" pos="42.22" speed="27.87"/>
            </lane>
            <lane id="bottom_1">
                <vehicle id="cfm-fast_5" pos="33.47" speed="83.86"/>
            </lane>
        </edge>
        <edge id="left">
            <lane id="left_0">
                <vehicle id="cfm-slow_3" pos="20.05" speed="28.54"/>
                <vehicle id="cfm-slow_4" pos="43.81" speed="29.24"/>
            </lane>
            <lane id="left_1">
                <vehicle id="cfm-fast_1" pos="12.60" speed="76.60"/>
            </lane>
        </edge>
        <edge id="right">
            <lane id="right_0">
                <vehicle id="cfm-fast_2" pos="11.20" speed="26.10"/>
                <vehicle id="cfm-fast_3" pos="28.29" speed="24.49"/>
                <vehicle id="cfm-fast_4" pos="43.74" speed="23.48"/>
            </lane>
            <lane id="right_1"/>
        </edge>
        <edge id="top">
            <lane id="top_0">
                <vehicle id="cfm-slow_0" pos="8.46" speed="23.60"/>
                <vehicle id="cfm-slow_1" pos="27.26" speed="25.24"/>
                <vehicle id="cfm-slow_2" pos="47.75" speed="27.05"/>
            </lane>
            <lane id="top_1"/>
        </edge>
    </timestep>
    <timestep time="6.16">
        <edge id="bottom">
            <lane id="bottom_0">
                <vehicle id="cfm-slow_5" pos="18.48" speed="28.96"/>
                <vehicle id="cfm-fast_0" pos="42.50" speed="27.85"/>
            </lane>
            <lane id="bottom_1">
                <vehicle id="cfm-fast_5" pos="34.31" speed="84.00"/>
            </lane>
        </edge>
        <edge id="left">
            <lane id="left_0">
                <vehicle id="cfm-slow_3" pos="20.34" speed="28.54"/>
                <vehicle id="cfm-slow_4" pos="44.10" speed="29.24"/>
            </lane>
            <lane id="left_1">
                <vehicle id="cfm-fast_1" pos="13.36" speed="76.70"/>
            </lane>
        </edge>
        <edge id="right">
            <lane id="right_0">
                <vehicle id="cfm-fast_2" pos="11.46" speed="26.09"/>
                <vehicle id="cfm-fast_3" pos="28.54" speed="24.48"/>
                <vehicle id="cfm-fast_4" pos="43.98" speed="23.48"/>
            </lane>
            <lane id="right_1"/>
        </edge>
        <edge id="top">
            <lane id="top_0">
                <vehicle id="cfm-slow_0" pos="8.70" speed="23.61"/>
                <vehicle id="cfm-slow_1" pos="27.52" speed="25.26"/>
                <vehicle id="cfm-slow_2" pos="48.02" speed="27.06"/>
            </lane>
            <lane id="top_1"/>
        </edge>
    </timestep>
    <timestep time="6.17">
        <edge id="bottom">
            <lane id="bottom_0">
                <vehicle id="cfm-slow_5" pos="18.77" speed="28.95"/>
                <vehicle id="cfm-fast_0" pos="42.78" speed="27.84"/>
            </lane>
            <lane id="bottom_1">
                <vehicle id="cfm-fast_5" pos="35.15" speed="84.14"/>
            </lane>
        </edge>
        <edge id="left">
            <lane id="left_0">
                <vehicle id="cfm-slow_3" pos="20.62" speed="28.55"/>
                <vehicle id="cfm-slow_4" pos="44.39" speed="29.24"/>
            </lane>
            <lane id="left_1">
                <vehicle id="cfm-fast_1" pos="14.13" speed="76.79"/>
            </lane>
        </edge>
        <edge id="right">
            <lane id="right_0">
                <vehicle id="cfm-fast_2" pos="11.72" speed="26.07"/>
                <vehicle id="cfm-fast_3" pos="28.78" speed="24.47"/>
                <vehicle id="cfm-fast_4" pos="44.21" speed="23.49"/>
            </lane>
            <lane id="right_1"/>
        </edge>
        <edge id="top">
            <lane id="top_0">
                <vehicle id="cfm-slow_0" pos="8.94" speed="23.63"/>
                <vehicle id="cfm-slow_1" pos="27.77" speed="25.28"/>
                <vehicle id="cfm-slow_2" pos="48.29" speed="27.08"/>
            </lane>
            <lane id="top_1"/>
        </edge>
    </timestep>
    <timestep time="6.18">
        <edge id="bottom">
            <lane id="bottom_0">
                <vehicle id="cfm-slow_5" pos="19.06" speed="28.94"/>
                <vehicle id="cfm-fast_0" pos="43.05" speed="27.82"/>
            </lane>
            <lane id="bottom_1">
                <vehicle id="cfm-fast_5" pos="35.99" speed="84.27"/>
            </lane>
        </edge>
        <edge id="left">
            <lane id="left_0">
                <vehicle id="cfm-slow_3" pos="20.91" speed="28.56"/>
                <vehicle id="cfm-slow_4" pos="44.69" speed="29.24"/>
            </lane>
            <lane id="left_1">
                <vehicle id="cfm-fast_1" pos="14.90" speed="76.89"/>
            </lane>
        </edge>
        <edge id="right">
            <lane id="right_0">
                <vehicle id="cfm-fast_2" pos="11.98" speed="26.06"/>
                <vehicle id="cfm-fast_3" pos="29.03" speed="24.46"/>
                <vehicle id="cfm-fast_4" pos="44.45" speed="23.49"/>
            </lane>
            <lane id="right_1"/>
        </edge>
        <edge id="top">
            <lane id="top_0">
                <vehicle id="cfm-slow_0" pos="9.17" speed="23.65"/>
                <vehicle id="cfm-slow_1" pos="28.02" speed="25.30"/>
                <vehicle id="cfm-slow_2" pos="48.56" speed="27.09"/>
            </lane>
            <lane id="top_1"/>
        </edge>
    </timestep>
    <timestep time="6.19">
        <edge id="bottom">
            <lane id="bottom_0">
                <vehicle id="cfm-slow_5" pos="19.35" speed="28.93"/>
                <vehicle id="cfm-fast_0" pos="43.33" speed="27.81"/>
            </lane>
            <lane id="bottom_1">
                <vehicle id="cfm-fast_5" pos="36.83" speed="84.41"/>
            </lane>
        </edge>
        <edge id="left">
            <lane id="left_0">
                <vehicle id="cfm-slow_3" pos="21.19" speed="28.57"/>
                <vehicle id="cfm-slow_4" pos="44.98" speed="29.24"/>
            </lane>
            <lane id="left_1">
                <vehicle id="cfm-fast_1" pos="15.67" speed="76.98"/>
            </lane>
        </edge>
        <edge id="right">
            <lane id="right_0">
                <vehicle id="cfm-fast_2" pos="12.24" speed="26.04"/>
                <vehicle id="cfm-fast_3" pos="29.27" speed="24.45"/>
                <vehicle id="cfm-fast_4" pos="44.68" speed="23.49"/>
            </lane>
            <lane id="right_1"/>
        </edge>
        <edge id="top">
            <lane id="top_0">
                <vehicle id="cfm-slow_0" pos="9.41" speed="23.66"/>
                <vehicle id="cfm-slow_1" pos="28.28" speed="25.32"/>
                <vehicle id="cfm-slow_2" pos="48.83" speed="27.11"/>
            </lane>
            <lane id="top_1"/>
        </edge>
    </timestep>
    <timestep time="6.20">
        <edge id="bottom">
            <lane id="bottom_0">
                <vehicle id="cfm-slow_5" pos="19.64" speed="28.92"/>
                <vehicle id="cfm-fast_0" pos="43.61" speed="27.79"/>
            </lane>
            <lane id="bottom_1">
                <vehicle id="cfm-fast_5" pos="37.68" speed="84.55"/>
            </lane>
        </edge>
        <edge id="left">
            <lane id="left_0">
                <vehicle id="cfm-slow_3" pos="21.48" speed="28.58"/>
                <vehicle id="cfm-slow_4" pos="45.27" speed="29.24"/>
            </lane>
            <lane id="left_1">
                <vehicle id="cfm-fast_1" pos="16.44" speed="77.08"/>
            </lane>
        </edge>
        <edge id="right">
            <lane id="right_0">
                <vehicle id="cfm-fast_2" pos="12.50" speed="26.03"/>
                <vehicle id="cfm-fast_3" pos="29.52" speed="24.44"/>
                <vehicle id="cfm-fast_4" pos="44.92" speed="23.50"/>
            </lane>
            <lane id="right_1"/>
        </edge>
        <edge id="top">
            <lane id="top_0">
                <vehicle id="cfm-slow_0" pos="9.64" speed="23.68"/>
                <vehicle id="cfm-slow_1" pos="28.53" speed="25.34"/>
                <vehicle id="cfm-slow_2" pos="49.11" speed="27.13"/>
            </lane>
            <lane id="top_1"/>
        </edge>
    </timestep>
    <timestep time="6.21">
        <edge id="bottom">
            <lane id="bottom_0">
                <vehicle id="cfm-slow_5" pos="19.93" speed="28.91"/>
                <vehicle id="cfm-fast_0" pos="43.89" speed="27.78"/>
            </lane>
            <lane id="bottom_1">
                <vehicle id="cfm-fast_5" pos="38.53" speed="84.68"/>
            </lane>
        </edge>
        <edge id="left">
            <lane id="left_0">
                <vehicle id="cfm-slow_3" pos="21.77" speed="28.58"/>
                <vehicle id="cfm-slow_4" pos="45.56" speed="29.23"/>
            </lane>
            <lane id="left_1">
                <vehicle id="cfm-fast_1" pos="17.21" speed="77.18"/>
            </lane>
        </edge>
        <edge id="right">
            <lane id="right_0">
                <vehicle id="cfm-fast_2" pos="12.76" speed="26.01"/>
                <vehicle id="cfm-fast_3" pos="29.76" speed="24.43"/>
                <vehicle id="cfm-fast_4" pos="45.15" speed="23.50"/>
            </lane>
            <lane id="right_1"/>
        </edge>
        <edge id="top">
            <lane id="top_0">
                <vehicle id="cfm-slow_0" pos="9.88" speed="23.70"/>
                <vehicle id="cfm-slow_1" pos="28.78" speed="25.36"/>
                <vehicle id="cfm-slow_2" pos="49.38" speed="27.14"/>
            </lane>
            <lane id="top_1"/>
        </edge>
    </timestep>
    <timestep time="6.22">
        <edge id="bottom">
            <lane id="bottom_0">
                <vehicle id="cfm-slow_5" pos="20.22" speed="28.90"/>
                <vehicle id="cfm-fast_0" pos="44.17" speed="27.76"/>
            </lane>
            <lane id="bottom_1">
                <vehicle id="cfm-fast_5" pos="39.38" speed="84.82"/>
            </lane>
        </edge>
        <edge id="left">
            <lane id="left_0">
                <vehicle id="cfm-slow_3" pos="22.05" speed="28.59"/>
                <vehicle id="cfm-slow_4" pos="45.85" speed="29.23"/>
            </lane>
            <lane id="left_1">
                <vehicle id="cfm-fast_1" pos="17.98" speed="77.27"/>
            </lane>
        </edge>
        <edge id="right">
            <lane id="right_0">
                <vehicle id="cfm-fast_2" pos="13.02" speed="26.00"/>
                <vehicle id="cfm-fast_3" pos="30.00" speed="24.43"/>
                <vehicle id="cfm-fast_4" pos="45.39" speed="23.50"/>
            </lane>
            <lane id="right_1"/>
        </edge>
        <edge id="top">
            <lane id="top_0">
                <vehicle id="cfm-slow_0" pos="10.12" speed="23.71"/>
                <vehicle id="cfm-slow_1" pos="29.04" speed="25.37"/>
                <vehicle id="cfm-slow_2" pos="49.65" speed="27.16"/>
            </lane>
            <lane id="top_1"/>
        </edge>
    </timestep>
    <timestep time="6.23">
        <edge id="bottom">
            <lane id="bottom_0">
                <vehicle id="cfm-slow_5" pos="20.51" speed="28.89"/>
                <vehicle id="cfm-fast_0" pos="44.44" speed="27.75"/>
            </lane>
            <lane id="bottom_1">
                <vehicle id="cfm-fast_5" pos="40.22" speed="84.95"/>
            </lane>
        </edge>
        <edge id="left">
            <lane id="left_0">
                <vehicle id="cfm-slow_3" pos="22.34" speed="28.60"/>
                <vehicle id="cfm-slow_4" pos="46.15" speed="29.23"/>
            </lane>
            <lane id="left_1">
                <vehicle id="cfm-fast_1" pos="18.76" speed="77.37"/>
            </lane>
        </edge>
        <edge id="right">
            <lane id="right_0">
                <vehicle id="cfm-fast_2" pos="13.28" speed="25.99"/>
                <vehicle id="cfm-fast_3" pos="30.25" speed="24.42"/>
                <vehicle id="cfm-fast_4" pos="45.62" speed="23.51"/>
            </lane>
            <lane id="right_1"/>
        </edge>
        <edge id="top">
            <lane id="top_0">
                <vehicle id="cfm-slow_0" pos="10.36" speed="23.73"/>
                <vehicle id="cfm-slow_1" pos="29.29" speed="25.39"/>
                <vehicle id="cfm-slow_2" pos="49.92" speed="27.17"/>
            </lane>
            <lane id="top_1"/>
        </edge>
    </timestep>
    <timestep time="6.24">
        <edge id="bottom">
            <lane id="bottom_0">
                <vehicle id="cfm-slow_5" pos="20.80" speed="28.88"/>
                <vehicle id="cfm-fast_0" pos="44.72" speed="27.73"/>
            </lane>
            <lane id="bottom_1">
                <vehicle id="cfm-fast_5" pos="41.08" speed="85.09"/>
            </lane>
        </edge>
        <edge id="left">
            <lane id="left_0">
                <vehicle id="cfm-slow_2" pos="0.19" speed="27.19"/>
                <vehicle id="cfm-slow_3" pos="22.62" speed="28.61"/>
                <vehicle id="cfm-slow_4" pos="46.44" speed="29.23"/>
            </lane>
            <lane id="left_1">
                <vehicle id="cfm-fast_1" pos="19.53" speed="77.47"/>
            </lane>
        </edge>
        <edge id="right">
            <lane id="right_0">
                <vehicle id="cfm-fast_2" pos="13.54" speed="25.97"/>
                <vehicle id="cfm-fast_3" pos="30.49" speed="24.41"/>
                <vehicle id="cfm-fast_4" pos="45.86" speed="23.51"/>
            </lane>
            <lane id="right_1"/>
        </edge>
        <edge id="top">
            <lane id="top_0">
                <vehicle id="cfm-slow_0" pos="10.59" speed="23.75"/>
                <vehicle id="cfm-slow_1" pos="29.54" speed="25.41"/>
            </lane>
            <lane id="top_1"/>
        </edge>
    </timestep>
    <timestep time="6.25">
        <edge id="bottom">
            <lane id="bottom_0">
                <vehicle id="cfm-slow_5" pos="21.09" speed="28.87"/>
                <vehicle id="cfm-fast_0" pos="45.00" speed="27.72"/>
            </lane>
            <lane id="bottom_1">
                <vehicle id="cfm-fast_5" pos="41.93" speed="85.23"/>
            </lane>
        </edge>
        <edge id="left">
            <lane id="left_0">
                <vehicle id="cfm-slow_2" pos="0.46" speed="27.20"/>
                <vehicle id="cfm-slow_3" pos="22.91" speed="28.62"/>
                <vehicle id="cfm-slow_4" pos="46.73" speed="29.23"/>
            </lane>
            <lane id="left_1">
                <vehicle id="cfm-fast_1" pos="20.31" speed="77.56"/>
            </lane>
        </edge>
        <edge id="right">
            <lane id="right_0">
                <vehicle id="cfm-fast_2" pos="13.80" speed="25.96"/>
                <vehicle id="cfm-fast_3" pos="30.74" speed="24.40"/>
                <vehicle id="cfm-fast_4" pos="46.09" speed="23.52"/>
            </lane>
            <lane id="right_1"/>
        </edge>
        <edge id="top">
            <lane id="top_0">
                <vehicle id="cfm-slow_0" pos="10.83" speed="23.76"/>
                <vehicle id="cfm-slow_1" pos="29.80" speed="25.43"/>
            </lane>
            <lane id="top_1"/>
        </edge>
    </timestep>
    <timestep time="6.26">
        <edge id="bottom">
            <lane id="bottom_0">
                <vehicle id="cfm-slow_5" pos="21.38" speed="28.86"/>
                <vehicle id="cfm-fast_0" pos="45.28" speed="27.70"/>
            </lane>
            <lane id="bottom_1">
                <vehicle id="cfm-fast_5" pos="42.78" speed="85.36"/>
            </lane>
        </edge>
        <edge id="left">
            <lane id="left_0">
                <vehicle id="cfm-slow_2" pos="0.74" speed="27.22"/>
                <vehicle id="cfm-slow_3" pos="23.20" speed="28.62"/>
                <vehicle id="cfm-slow_4" pos="47.02" speed="29.22"/>
            </lane>
            <lane id="left_1">
                <vehicle id="cfm-fast_1" pos="21.08" speed="77.66"/>
            </lane>
        </edge>
        <edge id="right">
            <lane id="right_0">
                <vehicle id="cfm-fast_2" pos="14.06" speed="25.94"/>
                <vehicle id="cfm-fast_3" pos="30.98" speed="24.39"/>
                <vehicle id="cfm-fast_4" pos="46.33" speed="23.52"/>
            </lane>
            <lane id="right_1"/>
        </edge>
        <edge id="top">
            <lane id="top_0">
                <vehicle id="cfm-slow_0" pos="11.07" speed="23.78"/>
                <vehicle id="cfm-slow_1" pos="30.05" speed="25.45"/>
            </lane>
            <lane id="top_1"/>
        </edge>
    </timestep>
    <timestep time="6.27">
        <edge id="bottom">
            <lane id="bottom_0">
                <vehicle id="cfm-slow_5" pos="21.66" speed="28.85"/>
                <vehicle id="cfm-fast_0" pos="45.55" speed="27.69"/>
            </lane>
            <lane id="bottom_1">
                <vehicle id="cfm-fast_5" pos="43.64" speed="85.50"/>
            </lane>
        </edge>
        <edge id="left">
            <lane id="left_0">
                <vehicle id="cfm-slow_2" pos="1.01" speed="27.23"/>
                <vehicle id="cfm-slow_3" pos="23.48" speed="28.63"/>
                <vehicle id="cfm-slow_4" pos="47.32" speed="29.22"/>
            </lane>
            <lane id="left_1">
                <vehicle id="cfm-fast_1" pos="21.86" speed="77.76"/>
            </lane>
        </edge>
        <edge id="right">
            <lane id="right_0">
                <vehicle id="cfm-fast_2" pos="14.32" speed="25.93"/>
                <vehicle id="cfm-fast_3" pos="31.22" speed="24.38"/>
                <vehicle id="cfm-fast_4" pos="46.56" speed="23.53"/>
            </lane>
            <lane id="right_1"/>
        </edge>
        <edge id="top">
            <lane id="top_0">
                <vehicle id="cfm-slow_0" pos="11.31" speed="23.80"/>
                <vehicle id="cfm-slow_1" pos="30.31" speed="25.47"/>
            </lane>
            <lane id="top_1"/>
        </edge>
    </timestep>
    <timestep time="6.28">
        <edge id="bottom">
            <lane id="bottom_0">
                <vehicle id="cfm-slow_5" pos="21.95" speed="28.84"/>
                <vehicle id="cfm-fast_0" pos="45.83" speed="27.67"/>
            </lane>
            <lane id="bottom_1">
                <vehicle id="cfm-fast_5" pos="44.49" speed="85.64"/>
            </lane>
        </edge>
        <edge id="left">
            <lane id="left_0">
                <vehicle id="cfm-slow_2" pos="1.28" speed="27.25"/>
                <vehicle id="cfm-slow_3" pos="23.77" speed="28.64"/>
                <vehicle id="cfm-slow_4" pos="47.61" speed="29.22"/>
            </lane>
            <lane id="left_1">
                <vehicle id="cfm-fast_1" pos="22.64" speed="77.86"/>
            </lane>
        </edge>
        <edge id="right">
            <lane id="right_0">
                <vehicle id="cfm-fast_2" pos="14.58" speed="25.91"/>
                <vehicle id="cfm-fast_3" pos="31.47" speed="24.38"/>
                <vehicle id="cfm-fast_4" pos="46.80" speed="23.53"/>
            </lane>
            <lane id="right_1"/>
        </edge>
        <edge id="top">
            <lane id="top_0">
                <vehicle id="cfm-slow_0" pos="11.55" speed="23.82"/>
                <vehicle id="cfm-slow_1" pos="30.56" speed="25.48"/>
            </lane>
            <lane id="top_1"/>
        </edge>
    </timestep>
    <timestep time="6.29">
        <edge id="bottom">
            <lane id="bottom_0">
                <vehicle id="cfm-slow_5" pos="22.24" speed="28.83"/>
                <vehicle id="cfm-fast_0" pos="46.11" speed="27.66"/>
            </lane>
            <lane id="bottom_1">
                <vehicle id="cfm-fast_5" pos="45.35" speed="85.77"/>
            </lane>
        </edge>
        <edge id="left">
            <lane id="left_0">
                <vehicle id="cfm-slow_2" pos="1.55" speed="27.26"/>
                <vehicle id="cfm-slow_3" pos="24.06" speed="28.64"/>
                <vehicle id="cfm-slow_4" pos="47.90" speed="29.22"/>
            </lane>
            <lane id="left_1">
                <vehicle id="cfm-fast_1" pos="23.42" speed="77.96"/>
            </lane>
        </edge>
        <edge id="right">
            <lane id="right_0">
                <vehicle id="cfm-fast_2" pos="14.84" speed="25.90"/>
                <vehicle id="cfm-fast_3" pos="31.71" speed="24.37"/>
                <vehicle id="cfm-fast_4" pos="47.03" speed="23.53"/>
            </lane>
            <lane id="right_1"/>
        </edge>
        <edge id="top">
            <lane id="top_0">
                <vehicle id="cfm-slow_0" pos="11.78" speed="23.83"/>
                <vehicle id="cfm-slow_1" pos="30.82" speed="25.50"/>
            </lane>
            <lane id="top_1"/>
        </edge>
    </timestep>
    <timestep time="6.30">
        <edge id="bottom">
            <lane id="bottom_0">
                <vehicle id="cfm-slow_5" pos="22.53" speed="28.82"/>
                <vehicle id="cfm-fast_0" pos="46.38" speed="27.64"/>
            </lane>
            <lane id="bottom_1">
                <vehicle id="cfm-fast_5" pos="46.21" speed="85.91"/>
            </lane>
        </edge>
        <edge id="left">
            <lane id="left_0">
                <vehicle id="cfm-slow_2" pos="1.83" speed="27.28"/>
                <vehicle id="cfm-slow_3" pos="24.34" speed="28.65"/>
                <vehicle id="cfm-slow_4" pos="48.19" speed="29.22"/>
            </lane>
            <lane id="left_1">
                <vehicle id="cfm-fast_1" pos="24.20" speed="78.05"/>
            </lane>
        </edge>
        <edge id="right">
            <lane id="right_0">
                <vehicle id="cfm-fast_2" pos="15.10" speed="25.89"/>
                <vehicle id="cfm-fast_3" pos="31.96" speed="24.36"/>
                <vehicle id="cfm-fast_4" pos="47.27" speed="23.54"/>
            </lane>
            <lane id="right_1"/>
        </edge>
        <edge id="top">
            <lane id="top_0">
                <vehicle id="cfm-slow_0" pos="12.02" speed="23.85"/>
                <vehicle id="cfm-slow_1" pos="31.07" speed="25.52"/>
            </lane>
            <lane id="top_1"/>
        </edge>
    </timestep>
    <timestep time="6.31">
        <edge id="bottom">
            <lane id="bottom_0">
                <vehicle id="cfm-slow_5" pos="22.82" speed="28.81"/>
                <vehicle id="cfm-fast_0" pos="46.66" speed="27.63"/>
            </lane>
            <lane id="bottom_1">
                <vehicle id="cfm-fast_5" pos="47.07" speed="86.05"/>
            </lane>
        </edge>
        <edge id="left">
            <lane id="left_0">
                <vehicle id="cfm-slow_2" pos="2.10" speed="27.29"/>
                <vehicle id="cfm-slow_3" pos="24.63" speed="28.66"/>
                <vehicle id="cfm-slow_4" pos="48.48" speed="29.21"/>
            </lane>
            <lane id="left_1">
                <vehicle id="cfm-fast_1" pos="24.98" speed="78.15"/>
            </lane>
        </edge>
        <edge id="right">
            <lane id="right_0">
                <vehicle id="cfm-fast_2" pos="15.36" speed="25.87"/>
                <vehicle id="cfm-fast_3" pos="32.20" speed="24.35"/>
                <vehicle id="cfm-fast_4" pos="47.50" speed="23.54"/>
            </lane>
            <lane id="right_1"/>
        </edge>
        <edge id="top">
            <lane id="top_0">
                <vehicle id="cfm-slow_0" pos="12.26" speed="23.87"/>
                <vehicle id="cfm-slow_1" pos="31.33" speed="25.54"/>
            </lane>
            <lane id="top_1"/>
        </edge>
    </timestep>
    <timestep time="6.32">
        <edge id="bottom">
            <lane id="bottom_0">
                <vehicle id="cfm-slow_5" pos="23.11" speed="28.80"/>
                <vehicle id="cfm-fast_0" pos="46.93" speed="27.61"/>
            </lane>
            <lane id="bottom_1">
                <vehicle id="cfm-fast_5" pos="47.93" speed="86.18"/>
            </lane>
        </edge>
        <edge id="left">
            <lane id="left_0">
                <vehicle id="cfm-slow_2" pos="2.37" speed="27.31"/>
                <vehicle id="cfm-slow_3" pos="24.92" speed="28.67"/>
                <vehicle id="cfm-slow_4" pos="48.78" speed="29.21"/>
            </lane>
            <lane id="left_1">
                <vehicle id="cfm-fast_1" pos="25.77" speed="78.25"/>
            </lane>
        </edge>
        <edge id="right">
            <lane id="right_0">
                <vehicle id="cfm-fast_2" pos="15.62" speed="25.86"/>
                <vehicle id="cfm-fast_3" pos="32.44" speed="24.34"/>
                <vehicle id="cfm-fast_4" pos="47.74" speed="23.55"/>
            </lane>
            <lane id="right_1"/>
        </edge>
        <edge id="top">
            <lane id="top_0">
                <vehicle id="cfm-slow_0" pos="12.50" speed="23.88"/>
                <vehicle id="cfm-slow_1" pos="31.58" speed="25.56"/>
            </lane>
            <lane id="top_1"/>
        </edge>
    </timestep>
    <timestep time="6.33">
        <edge id="bottom">
            <lane id="bottom_0">
                <vehicle id="cfm-slow_5" pos="23.39" speed="28.79"/>
                <vehicle id="cfm-fast_0" pos="47.21" speed="27.60"/>
            </lane>
            <lane id="bottom_1">
                <vehicle id="cfm-fast_5" pos="48.80" speed="86.32"/>
            </lane>
        </edge>
        <edge id="left">
            <lane id="left_0">
                <vehicle id="cfm-slow_2" pos="2.65" speed="27.32"/>
                <vehicle id="cfm-slow_3" pos="25.20" speed="28.67"/>
                <vehicle id="cfm-slow_4" pos="49.07" speed="29.21"/>
            </lane>
            <lane id="left_1">
                <vehicle id="cfm-fast_1" pos="26.55" speed="78.35"/>
            </lane>
        </edge>
        <edge id="right">
            <lane id="right_0">
                <vehicle id="cfm-fast_2" pos="15.87" speed="25.84"/>
                <vehicle id="cfm-fast_3" pos="32.69" speed="24.34"/>
                <vehicle id="cfm-fast_4" pos="47.97" speed="23.55"/>
            </lane>
            <lane id="right_1"/>
        </edge>
        <edge id="top">
            <lane id="top_0">
                <vehicle id="cfm-slow_0" pos="12.74" speed="23.90"/>
                <vehicle id="cfm-slow_1" pos="31.84" speed="25.57"/>
            </lane>
            <lane id="top_1"/>
        </edge>
    </timestep>
    <timestep time="6.34">
        <edge id="bottom">
            <lane id="bottom_0">
                <vehicle id="cfm-slow_5" pos="23.68" speed="28.78"/>
                <vehicle id="cfm-fast_0" pos="47.49" speed="27.58"/>
            </lane>
            <lane id="bottom_1">
                <vehicle id="cfm-fast_5" pos="49.66" speed="86.45"/>
            </lane>
        </edge>
        <edge id="left">
            <lane id="left_0">
                <vehicle id="cfm-slow_2" pos="2.92" speed="27.33"/>
                <vehicle id="cfm-slow_3" pos="25.49" speed="28.68"/>
                <vehicle id="cfm-slow_4" pos="49.36" speed="29.21"/>
            </lane>
            <lane id="left_1">
                <vehicle id="cfm-fast_1" pos="27.33" speed="78.45"/>
            </lane>
        </edge>
        <edge id="right">
            <lane id="right_0">
                <vehicle id="cfm-fast_2" pos="16.13" speed="25.83"/>
                <vehicle id="cfm-fast_3" pos="32.93" speed="24.33"/>
                <vehicle id="cfm-fast_4" pos="48.21" speed="23.56"/>
            </lane>
            <lane id="right_1"/>
        </edge>
        <edge id="top">
            <lane id="top_0">
                <vehicle id="cfm-slow_0" pos="12.98" speed="23.92"/>
                <vehicle id="cfm-slow_1" pos="32.09" speed="25.59"/>
            </lane>
            <lane id="top_1"/>
        </edge>
    </timestep>
    <timestep time="6.35">
        <edge id="bottom">
            <lane id="bottom_0">
                <vehicle id="cfm-slow_5" pos="23.97" speed="28.77"/>
                <vehicle id="cfm-fast_0" pos="47.76" speed="27.57"/>
            </lane>
            <lane id="bottom_1"/>
        </edge>
        <edge id="left">
            <lane id="left_0">
                <vehicle id="cfm-slow_2" pos="3.19" speed="27.35"/>
                <vehicle id="cfm-slow_3" pos="25.78" speed="28.68"/>
                <vehicle id="cfm-slow_4" pos="49.65" speed="29.20"/>
            </lane>
            <lane id="left_1">
                <vehicle id="cfm-fast_1" pos="28.12" speed="78.55"/>
            </lane>
        </edge>
        <edge id="right">
            <lane id="right_0">
                <vehicle id="cfm-fast_2" pos="16.39" speed="25.81"/>
                <vehicle id="cfm-fast_3" pos="33.17" speed="24.32"/>
                <vehicle id="cfm-fast_4" pos="48.44" speed="23.56"/>
            </lane>
            <lane id="right_1">
                <vehicle id="cfm-fast_5" pos="0.53" speed="86.59"/>
            </lane>
        </edge>
        <edge id="top">
            <lane id="top_0">
                <vehicle id="cfm-slow_0" pos="13.22" speed="23.93"/>
                <vehicle id="cfm-slow_1" pos="32.35" speed="25.61"/>
            </lane>
            <lane id="top_1"/>
        </edge>
    </timestep>
    <timestep time="6.36">
        <edge id="bottom">
            <lane id="bottom_0">
                <vehicle id="cfm-slow_5" pos="24.26" speed="28.76"/>
                <vehicle id="cfm-fast_0" pos="48.04" speed="27.55"/>
            </lane>
            <lane id="bottom_1"/>
        </edge>
        <edge id="left">
            <lane id="left_0">
                <vehicle id="cfm-slow_2" pos="3.47" speed="27.36"/>
                <vehicle id="cfm-slow_3" pos="26.06" speed="28.69"/>
                <vehicle id="cfm-slow_4" pos="49.95" speed="29.20"/>
            </lane>
            <lane id="left_1">
                <vehicle id="cfm-fast_1" pos="28.91" speed="78.65"/>
            </lane>
        </edge>
        <edge id="right">
            <lane id="right_0">
                <vehicle id="cfm-fast_2" pos="16.65" speed="25.80"/>
                <vehicle id="cfm-fast_3" pos="33.42" speed="24.31"/>
                <vehicle id="cfm-fast_4" pos="48.68" speed="23.57"/>
            </lane>
            <lane id="right_1">
                <vehicle id="cfm-fast_5" pos="1.39" speed="86.73"/>
            </lane>
        </edge>
        <edge id="top">
            <lane id="top_0">
                <vehicle id="cfm-slow_0" pos="13.46" speed="23.95"/>
                <vehicle id="cfm-slow_1" pos="32.61" speed="25.63"/>
            </lane>
            <lane id="top_1"/>
        </edge>
    </timestep>
    <timestep time="6.37">
        <edge id="bottom">
            <lane id="bottom_0">
                <vehicle id="cfm-slow_4" pos="0.24" speed="29.20"/>
                <vehicle id="cfm-slow_5" pos="24.54" speed="28.75"/>
                <vehicle id="cfm-fast_0" pos="48.31" speed="27.53"/>
            </lane>
            <lane id="bottom_1"/>
        </edge>
        <edge id="left">
            <lane id="left_0">
                <vehicle id="cfm-slow_2" pos="3.74" speed="27.38"/>
                <vehicle id="cfm-slow_3" pos="26.35" speed="28.70"/>
            </lane>
            <lane id="left_1">
                <vehicle id="cfm-fast_1" pos="29.69" speed="78.74"/>
            </lane>
        </edge>
        <edge id="right">
            <lane id="right_0">
                <vehicle id="cfm-fast_2" pos="16.91" speed="25.79"/>
                <vehicle id="cfm-fast_3" pos="33.66" speed="24.31"/>
                <vehicle id="cfm-fast_4" pos="48.92" speed="23.57"/>
            </lane>
            <lane id="right_1">
                <vehicle id="cfm-fast_5" pos="2.26" speed="86.86"/>
            </lane>
        </edge>
        <edge id="top">
            <lane id="top_0">
                <vehicle id="cfm-slow_0" pos="13.70" speed="23.97"/>
                <vehicle id="cfm-slow_1" pos="32.86" speed="25.65"/>
            </lane>
            <lane id="top_1"/>
        </edge>
    </timestep>
    <timestep time="6.38">
        <edge id="bottom">
            <lane id="bottom_0">
                <vehicle id="cfm-slow_4" pos="0.53" speed="29.19"/>
                <vehicle id="cfm-slow_5" pos="24.83" speed="28.74"/>
                <vehicle id="cfm-fast_0" pos="48.59" speed="27.52"/>
            </lane>
            <lane id="bottom_1"/>
        </edge>
        <edge id="left">
            <lane id="left_0">
                <vehicle id="cfm-slow_2" pos="4.01" speed="27.39"/>
                <vehicle id="cfm-slow_3" pos="26.64" speed="28.70"/>
            </lane>
            <lane id="left_1">
                <vehicle id="cfm-fast_1" pos="30.48" speed="78.84"/>
            </lane>
        </edge>
        <edge id="right">
            <lane id="right_0">
                <vehicle id="cfm-fast_2" pos="17.16" speed="25.77"/>
                <vehicle id="cfm-fast_3" pos="33.90" speed="24.30"/>
                <vehicle id="cfm-fast_4" pos="49.15" speed="23.58"/>
            </lane>
            <lane id="right_1">
                <vehicle id="cfm-fast_5" pos="3.13" speed="87.00"/>
            </lane>
        </edge>
        <edge id="top">
            <lane id="top_0">
                <vehicle id="cfm-slow_0" pos="13.94" speed="23.99"/>
                <vehicle id="cfm-slow_1" pos="33.12" speed="25.66"/>
            </lane>
            <lane id="top_1"/>
        </edge>
    </timestep>
    <timestep time="6.39">
        <edge id="bottom">
            <lane id="bottom_0">
                <vehicle id="cfm-slow_4" pos="0.82" speed="29.19"/>
                <vehicle id="cfm-slow_5" pos="25.12" speed="28.73"/>
                <vehicle id="cfm-fast_0" pos="48.86" speed="27.50"/>
            </lane>
            <lane id="bottom_1"/>
        </edge>
        <edge id="left">
            <lane id="left_0">
                <vehicle id="cfm-slow_2" pos="4.29" speed="27.41"/>
                <vehicle id="cfm-slow_3" pos="26.92" speed="28.71"/>
            </lane>
            <lane id="left_1">
                <vehicle id="cfm-fast_1" pos="31.27" speed="78.94"/>
            </lane>
        </edge>
        <edge id="right">
            <lane id="right_0">
                <vehicle id="cfm-fast_2" pos="17.42" speed="25.76"/>
                <vehicle id="cfm-fast_3" pos="34.14" speed="24.29"/>
                <vehicle id="cfm-fast_4" pos="49.39" speed="23.59"/>
            </lane>
            <lane id="right_1">
                <vehicle id="cfm-fast_5" pos="4.00" speed="87.14"/>
            </lane>
        </edge>
        <edge id="top">
            <lane id="top_0">
                <vehicle id="cfm-slow_0" pos="14.18" speed="24.00"/>
                <vehicle id="cfm-slow_1" pos="33.38" speed="25.68"/>
            </lane>
            <lane id="top_1"/>
        </edge>
    </timestep>
    <timestep time="6.40">
        <edge id="bottom">
            <lane id="bottom_0">
                <vehicle id="cfm-slow_4" pos="1.11" speed="29.19"/>
                <vehicle id="cfm-slow_5" pos="25.41" speed="28.72"/>
                <vehicle id="cfm-fast_0" pos="49.14" speed="27.49"/>
            </lane>
            <lane id="bottom_1"/>
        </edge>
        <edge id="left">
            <lane id="left_0">
                <vehicle id="cfm-slow_2" pos="4.56" speed="27.42"/>
                <vehicle id="cfm-slow_3" pos="27.21" speed="28.72"/>
            </lane>
            <lane id="left_1">
                <vehicle id="cfm-fast_1" pos="32.06" speed="79.04"/>
            </lane>
        </edge>
        <edge id="right">
            <lane id="right_0">
                <vehicle id="cfm-fast_2" pos="17.68" speed="25.75"/>
                <vehicle id="cfm-fast_3" pos="34.39" speed="24.29"/>
                <vehicle id="cfm-fast_4" pos="49.62" speed="23.59"/>
            </lane>
            <lane id="right_1">
                <vehicle id="cfm-fast_5" pos="4.88" speed="87.27"/>
            </lane>
        </edge>
        <edge id="top">
            <lane id="top_0">
                <vehicle id="cfm-slow_0" pos="14.42" speed="24.02"/>
                <vehicle id="cfm-slow_1" pos="33.63" speed="25.70"/>
            </lane>
            <lane id="top_1"/>
        </edge>
    </timestep>
    <timestep time="6.41">
        <edge id="bottom">
            <lane id="bottom_0">
                <vehicle id="cfm-slow_4" pos="1.40" speed="29.18"/>
                <vehicle id="cfm-slow_5" pos="25.69" speed="28.71"/>
                <vehicle id="cfm-fast_0" pos="49.41" speed="27.47"/>
            </lane>
            <lane id="bottom_1"/>
        </edge>
        <edge id="left">
            <lane id="left_0">
                <vehicle id="cfm-slow_2" pos="4.84" speed="27.43"/>
                <vehicle id="cfm-slow_3" pos="27.50" speed="28.72"/>
            </lane>
            <lane id="left_1">
                <vehicle id="cfm-fast_1" pos="32.85" speed="79.14"/>
            </lane>
        </edge>
        <edge id="right">
            <lane id="right_0">
                <vehicle id="cfm-fast_2" pos="17.94" speed="25.73"/>
                <vehicle id="cfm-fast_3" pos="34.63" speed="24.28"/>
                <vehicle id="cfm-fast_4" pos="49.86" speed="23.60"/>
            </lane>
            <lane id="right_1">
                <vehicle id="cfm-fast_5" pos="5.75" speed="87.41"/>
            </lane>
        </edge>
        <edge id="top">
            <lane id="top_0">
                <vehicle id="cfm-slow_0" pos="14.66" speed="24.04"/>
                <vehicle id="cfm-slow_1" pos="33.89" speed="25.72"/>
            </lane>
            <lane id="top_1"/>
        </edge>
    </timestep>
    <timestep time="6.42">
        <edge id="bottom">
            <lane id="bottom_0">
                <vehicle id="cfm-slow_4" pos="1.70" speed="29.18"/>
                <vehicle id="cfm-slow_5" pos="25.98" speed="28.69"/>
                <vehicle id="cfm-fast_0" pos="49.69" speed="27.46"/>
            </lane>
            <lane id="bottom_1"/>
        </edge>
        <edge id="left">
            <lane id="left_0">
                <vehicle id="cfm-slow_2" pos="5.11" speed="27.45"/>
                <vehicle id="cfm-slow_3" pos="27.79" speed="28.73"/>
            </lane>
            <lane id="left_1">
                <vehicle id="cfm-fast_1" pos="33.64" speed="79.24"/>
            </lane>
        </edge>
        <edge id="right">
            <lane id="right_0">
                <vehicle id="cfm-fast_2" pos="18.19" speed="25.72"/>
                <vehicle id="cfm-fast_3" pos="34.87" speed="24.27"/>
            </lane>
            <lane id="right_1">
                <vehicle id="cfm-fast_5" pos="6.63" speed="87.55"/>
            </lane>
        </edge>
        <edge id="top">
            <lane id="top_0">
                <vehicle id="cfm-fast_4" pos="0.10" speed="23.60"/>
                <vehicle id="cfm-slow_0" pos="14.90" speed="24.05"/>
                <vehicle id="cfm-slow_1" pos="34.15" speed="25.73"/>
            </lane>
            <lane id="top_1"/>
        </edge>
    </timestep>
    <timestep time="6.43">
        <edge id="bottom">
            <lane id="bottom_0">
                <vehicle id="cfm-slow_4" pos="1.99" speed="29.18"/>
                <vehicle id="cfm-slow_5" pos="26.27" speed="28.68"/>
                <vehicle id="cfm-fast_0" pos="49.96" speed="27.44"/>
            </lane>
            <lane id="bottom_1"/>
        </edge>
        <edge id="left">
            <lane id="left_0">
                <vehicle id="cfm-slow_2" pos="5.39" speed="27.46"/>
                <vehicle id="cfm-slow_3" pos="28.07" speed="28.73"/>
            </lane>
            <lane id="left_1">
                <vehicle id="cfm-fast_1" pos="34.44" speed="79.34"/>
            </lane>
        </edge>
        <edge id="right">
            <lane id="right_0">
                <vehicle id="cfm-fast_2" pos="18.45" speed="25.71"/>
                <vehicle id="cfm-fast_3" pos="35.12" speed="24.27"/>
            </lane>
            <lane id="right_1">
                <vehicle id="cfm-fast_5" pos="7.50" speed="87.68"/>
            </lane>
        </edge>
        <edge id="top">
            <lane id="top_0">
                <vehicle id="cfm-fast_4" pos="0.33" speed="23.61"/>
                <vehicle id="cfm-slow_0" pos="15.14" speed="24.07"/>
                <vehicle id="cfm-slow_1" pos="34.41" speed="25.75"/>
            </lane>
            <lane id="top_1"/>
        </edge>
    </timestep>
    <timestep time="6.44">
        <edge id="bottom">
            <lane id="bottom_0">
                <vehicle id="cfm-slow_4" pos="2.28" speed="29.17"/>
                <vehicle id="cfm-slow_5" pos="26.55" speed="28.67"/>
            </lane>
            <lane id="bottom_1"/>
        </edge>
        <edge id="left">
            <lane id="left_0">
                <vehicle id="cfm-slow_2" pos="5.66" speed="27.47"/>
                <vehicle id="cfm-slow_3" pos="28.36" speed="28.74"/>
            </lane>
            <lane id="left_1">
                <vehicle id="cfm-fast_1" pos="35.23" speed="79.44"/>
            </lane>
        </edge>
        <edge id="right">
            <lane id="right_0">
                <vehicle id="cfm-fast_0" pos="0.24" speed="27.43"/>
                <vehicle id="cfm-fast_2" pos="18.71" speed="25.69"/>
                <vehicle id="cfm-fast_3" pos="35.36" speed="24.26"/>
            </lane>
            <lane id="right_1">
                <vehicle id="cfm-fast_5" pos="8.38" speed="87.82"/>
            </lane>
        </edge>
        <edge id="top">
            <lane id="top_0">
                <vehicle id="cfm-fast_4" pos="0.57" speed="23.61"/>
                <vehicle id="cfm-slow_0" pos="15.38" speed="24.09"/>
                <vehicle id="cfm-slow_1" pos="34.66" speed="25.77"/>
            </lane>
            <lane id="top_1"/>
        </edge>
    </timestep>
    <timestep time="6.45">
        <edge id="bottom">
            <lane id="bottom_0">
                <vehicle id="cfm-slow_4" pos="2.57" speed="29.17"/>
                <vehicle id="cfm-slow_5" pos="26.84" speed="28.66"/>
            </lane>
            <lane id="bottom_1"/>
        </edge>
        <edge id="left">
            <lane id="left_0">
                <vehicle id="cfm-slow_2" pos="5.94" speed="27.49"/>
                <vehicle id="cfm-slow_3" pos="28.65" speed="28.75"/>
            </lane>
            <lane id="left_1">
                <vehicle id="cfm-fast_1" pos="36.03" speed="79.55"/>
            </lane>
        </edge>
        <edge id="right">
            <lane id="right_0">
                <vehicle id="cfm-fast_0" pos="0.51" speed="27.41"/>
                <vehicle id="cfm-fast_2" pos="18.96" speed="25.68"/>
                <vehicle id="cfm-fast_3" pos="35.60" speed="24.25"/>
            </lane>
            <lane id="right_1">
                <vehicle id="cfm-fast_5" pos="9.26" speed="87.95"/>
            </lane>
        </edge>
        <edge id="top">
            <lane id="top_0">
                <vehicle id="cfm-fast_4" pos="0.80" speed="23.62"/>
                <vehicle id="cfm-slow_0" pos="15.62" speed="24.11"/>
                <vehicle id="cfm-slow_1" pos="34.92" speed="25.79"/>
            </lane>
            <lane id="top_1"/>
        </edge>
    </timestep>
    <timestep time="6.46">
        <edge id="bottom">
            <lane id="bottom_0">
                <vehicle id="cfm-slow_4" pos="2.86" speed="29.17"/>
                <vehicle id="cfm-slow_5" pos="27.13" speed="28.65"/>
            </lane>
            <lane id="bottom_1"/>
        </edge>
        <edge id="left">
            <lane id="left_0">
                <vehicle id="cfm-slow_2" pos="6.21" speed="27.50"/>
                <vehicle id="cfm-slow_3" pos="28.94" speed="28.75"/>
            </lane>
            <lane id="left_1">
                <vehicle id="cfm-fast_1" pos="36.82" speed="79.65"/>
            </lane>
        </edge>
        <edge id="right">
            <lane id="right_0">
                <vehicle id="cfm-fast_0" pos="0.78" speed="27.40"/>
                <vehicle id="cfm-fast_2" pos="19.22" speed="25.67"/>
                <vehicle id="cfm-fast_3" pos="35.84" speed="24.25"/>
            </lane>
            <lane id="right_1">
                <vehicle id="cfm-fast_5" pos="10.14" speed="88.09"/>
            </lane>
        </edge>
        <edge id="top">
            <lane id="top_0">
                <vehicle id="cfm-fast_4" pos="1.04" speed="23.63"/>
                <vehicle id="cfm-slow_0" pos="15.86" speed="24.12"/>
                <vehicle id="cfm-slow_1" pos="35.18" speed="25.80"/>
            </lane>
            <lane id="top_1"/>
        </edge>
    </timestep>
    <timestep time="6.47">
        <edge id="bottom">
            <lane id="bottom_0">
                <vehicle id="cfm-slow_4" pos="3.15" speed="29.16"/>
                <vehicle id="cfm-slow_5" pos="27.41" speed="28.64"/>
            </lane>
            <lane id="bottom_1"/>
        </edge>
        <edge id="left">
            <lane id="left_0">
                <vehicle id="cfm-slow_2" pos="6.49" speed="27.51"/>
                <vehicle id="cfm-slow_3" pos="29.22" speed="28.76"/>
            </lane>
            <lane id="left_1">
                <vehicle id="cfm-fast_1" pos="37.62" speed="79.75"/>
            </lane>
        </edge>
        <edge id="right">
            <lane id="right_0">
                <vehicle id="cfm-fast_0" pos="1.06" speed="27.38"/>
                <vehicle id="cfm-fast_2" pos="19.48" speed="25.65"/>
                <vehicle id="cfm-fast_3" pos="36.09" speed="24.24"/>
            </lane>
            <lane id="right_1">
                <vehicle id="cfm-fast_5" pos="11.02" speed="88.23"/>
            </lane>
        </edge>
        <edge id="top">
            <lane id="top_0">
                <vehicle id="cfm-fast_4" pos="1.28" speed="23.63"/>
                <vehicle id="cfm-slow_0" pos="16.10" speed="24.14"/>
                <vehicle id="cfm-slow_1" pos="35.44" speed="25.82"/>
            </lane>
            <lane id="top_1"/>
        </edge>
    </timestep>
    <timestep time="6.48">
        <edge id="bottom">
            <lane id="bottom_0">
                <vehicle id="cfm-slow_4" pos="3.45" speed="29.16"/>
                <vehicle id="cfm-slow_5" pos="27.70" speed="28.63"/>
            </lane>
            <lane id="bottom_1"/>
        </edge>
        <edge id="left">
            <lane id="left_0">
                <vehicle id="cfm-slow_2" pos="6.76" speed="27.53"/>
                <vehicle id="cfm-slow_3" pos="29.51" speed="28.76"/>
            </lane>
            <lane id="left_1">
                <vehicle id="cfm-fast_1" pos="38.42" speed="79.85"/>
            </lane>
        </edge>
        <edge id="right">
            <lane id="right_0">
                <vehicle id="cfm-fast_0" pos="1.33" speed="27.37"/>
                <vehicle id="cfm-fast_2" pos="19.73" speed="25.64"/>
                <vehicle id="cfm-fast_3" pos="36.33" speed="24.23"/>
            </lane>
            <lane id="right_1">
                <vehicle id="cfm-fast_5" pos="11.91" speed="88.36"/>
            </lane>
        </edge>
        <edge id="top">
            <lane id="top_0">
                <vehicle id="cfm-fast_4" pos="1.51" speed="23.64"/>
                <vehicle id="cfm-slow_0" pos="16.34" speed="24.16"/>
                <vehicle id="cfm-slow_1" pos="35.70" speed="25.84"/>
            </lane>
            <lane id="top_1"/>
        </edge>
    </timestep>
    <timestep time="6.49">
        <edge id="bottom">
            <lane id="bottom_0">
                <vehicle id="cfm-slow_4" pos="3.74" speed="29.15"/>
                <vehicle id="cfm-slow_5" pos="27.98" speed="28.62"/>
            </lane>
            <lane id="bottom_1"/>
        </edge>
        <edge id="left">
            <lane id="left_0">
                <vehicle id="cfm-slow_2" pos="7.04" speed="27.54"/>
                <vehicle id="cfm-slow_3" pos="29.80" speed="28.77"/>
            </lane>
            <lane id="left_1">
                <vehicle id="cfm-fast_1" pos="39.22" speed="79.95"/>
            </lane>
        </edge>
        <edge id="right">
            <lane id="right_0">
                <vehicle id="cfm-fast_0" pos="1.60" speed="27.35"/>
                <vehicle id="cfm-fast_2" pos="19.99" speed="25.63"/>
                <vehicle id="cfm-fast_3" pos="36.57" speed="24.23"/>
            </lane>
            <lane id="right_1">
                <vehicle id="cfm-fast_5" pos="12.79" speed="88.50"/>
            </lane>
        </edge>
        <edge id="top">
            <lane id="top_0">
                <vehicle id="cfm-fast_4" pos="1.75" speed="23.65"/>
                <vehicle id="cfm-slow_0" pos="16.59" speed="24.17"/>
                <vehicle id="cfm-slow_1" pos="35.95" speed="25.86"/>
            </lane>
            <lane id="top_1"/>
        </edge>
    </timestep>
    <timestep time="6.50">
        <edge id="bottom">
            <lane id="bottom_0">
                <vehicle id="cfm-slow_4" pos="4.03" speed="29.15"/>
                <vehicle id="cfm-slow_5" pos="28.27" speed="28.60"/>
            </lane>
            <lane id="bottom_1"/>
        </edge>
        <edge id="left">
            <lane id="left_0">
                <vehicle id="cfm-slow_2" pos="7.31" speed="27.55"/>
                <vehicle id="cfm-slow_3" pos="30.09" speed="28.77"/>
            </lane>
            <lane id="left_1">
                <vehicle id="cfm-fast_1" pos="40.02" speed="80.05"/>
            </lane>
        </edge>
        <edge id="right">
            <lane id="right_0">
                <vehicle id="cfm-fast_0" pos="1.88" speed="27.33"/>
                <vehicle id="cfm-fast_2" pos="20.25" speed="25.61"/>
                <vehicle id="cfm-fast_3" pos="36.81" speed="24.22"/>
            </lane>
            <lane id="right_1">
                <vehicle id="cfm-fast_5" pos="13.68" speed="88.64"/>
            </lane>
        </edge>
        <edge id="top">
            <lane id="top_0">
                <vehicle id="cfm-fast_4" pos="1.99" speed="23.65"/>
                <vehicle id="cfm-slow_0" pos="16.83" speed="24.19"/>
                <vehicle id="cfm-slow_1" pos="36.21" speed="25.87"/>
            </lane>
            <lane id="top_1"/>
        </edge>
    </timestep>
    <timestep time="6.51">
        <edge id="bottom">
            <lane id="bottom_0">
                <vehicle id="cfm-slow_4" pos="4.32" speed="29.15"/>
                <vehicle id="cfm-slow_5" pos="28.56" speed="28.59"/>
            </lane>
            <lane id="bottom_1"/>
        </edge>
        <edge id="left">
            <lane id="left_0">
                <vehicle id="cfm-slow_2" pos="7.59" speed="27.57"/>
                <vehicle id="cfm-slow_3" pos="30.37" speed="28.78"/>
            </lane>
            <lane id="left_1">
                <vehicle id="cfm-fast_1" pos="40.82" speed="80.15"/>
            </lane>
        </edge>
        <edge id="right">
            <lane id="right_0">
                <vehicle id="cfm-fast_0" pos="2.15" speed="27.32"/>
                <vehicle id="cfm-fast_2" pos="20.50" speed="25.60"/>
                <vehicle id="cfm-fast_3" pos="37.05" speed="24.22"/>
            </lane>
            <lane id="right_1">
                <vehicle id="cfm-fast_5" pos="14.57" speed="88.77"/>
            </lane>
        </edge>
        <edge id="top">
            <lane id="top_0">
                <vehicle id="cfm-fast_4" pos="2.22" speed="23.66"/>
                <vehicle id="cfm-slow_0" pos="17.07" speed="24.21"/>
                <vehicle id="cfm-slow_1" pos="36.47" speed="25.89"/>
            </lane>
            <lane id="top_1"/>
        </edge>
    </timestep>
    <timestep time="6.52">
        <edge id="bottom">
            <lane id="bottom_0">
                <vehicle id="cfm-slow_4" pos="4.61" speed="29.14"/>
                <vehicle id="cfm-slow_5" pos="28.84" speed="28.58"/>
            </lane>
            <lane id="bottom_1"/>
        </edge>
        <edge id="left">
            <lane id="left_0">
                <vehicle id="cfm-slow_2" pos="7.86" speed="27.58"/>
                <vehicle id="cfm-slow_3" pos="30.66" speed="28.78"/>
            </lane>
            <lane id="left_1">
                <vehicle id="cfm-fast_1" pos="41.62" speed="80.26"/>
            </lane>
        </edge>
        <edge id="right">
            <lane id="right_0">
                <vehicle id="cfm-fast_0" pos="2.42" speed="27.30"/>
                <vehicle id="cfm-fast_2" pos="20.76" speed="25.59"/>
                <vehicle id="cfm-fast_3" pos="37.30" speed="24.21"/>
            </lane>
            <lane id="right_1">
                <vehicle id="cfm-fast_5" pos="15.45" speed="88.91"/>
            </lane>
        </edge>
        <edge id="top">
            <lane id="top_0">
                <vehicle id="cfm-fast_4" pos="2.46" speed="23.67"/>
                <vehicle id="cfm-slow_0" pos="17.31" speed="24.22"/>
                <vehicle id="cfm-slow_1" pos="36.73" speed="25.91"/>
            </lane>
            <lane id="top_1"/>
        </edge>
    </timestep>
    <timestep time="6.53">
        <edge id="bottom">
            <lane id="bottom_0">
                <vehicle id="cfm-slow_4" pos="4.90" speed="29.14"/>
                <vehicle id="cfm-slow_5" pos="29.13" speed="28.57"/>
            </lane>
            <lane id="bottom_1"/>
        </edge>
        <edge id="left">
            <lane id="left_0">
                <vehicle id="cfm-slow_2" pos="8.14" speed="27.59"/>
                <vehicle id="cfm-slow_3" pos="30.95" speed="28.79"/>
            </lane>
            <lane id="left_1">
                <vehicle id="cfm-fast_1" pos="42.43" speed="80.36"/>
            </lane>
        </edge>
        <edge id="right">
            <lane id="right_0">
                <vehicle id="cfm-fast_0" pos="2.70" speed="27.29"/>
                <vehicle id="cfm-fast_2" pos="21.01" speed="25.57"/>
                <vehicle id="cfm-fast_3" pos="37.54" speed="24.21"/>
            </lane>
            <lane id="right_1">
                <vehicle id="cfm-fast_5" pos="16.35" speed="89.05"/>
            </lane>
        </edge>
        <edge id="top">
            <lane id="top_0">
                <vehicle id="cfm-fast_4" pos="2.70" speed="23.67"/>
                <vehicle id="cfm-slow_0" pos="17.55" speed="24.24"/>
                <vehicle id="cfm-slow_1" pos="36.99" speed="25.93"/>
            </lane>
            <lane id="top_1"/>
        </edge>
    </timestep>
    <timestep time="6.54">
        <edge id="bottom">
            <lane id="bottom_0">
                <vehicle id="cfm-slow_4" pos="5.20" speed="29.13"/>
                <vehicle id="cfm-slow_5" pos="29.41" speed="28.56"/>
            </lane>
            <lane id="bottom_1"/>
        </edge>
        <edge id="left">
            <lane id="left_0">
                <vehicle id="cfm-slow_2" pos="8.42" speed="27.61"/>
                <vehicle id="cfm-slow_3" pos="31.24" speed="28.79"/>
            </lane>
            <lane id="left_1">
                <vehicle id="cfm-fast_1" pos="43.23" speed="80.46"/>
            </lane>
        </edge>
        <edge id="right">
            <lane id="right_0">
                <vehicle id="cfm-fast_0" pos="2.97" speed="27.27"/>
                <vehicle id="cfm-fast_2" pos="21.27" speed="25.56"/>
                <vehicle id="cfm-fast_3" pos="37.78" speed="24.20"/>
            </lane>
            <lane id="right_1">
                <vehicle id="cfm-fast_5" pos="17.24" speed="89.18"/>
            </lane>
        </edge>
        <edge id="top">
            <lane id="top_0">
                <vehicle id="cfm-fast_4" pos="2.93" speed="23.68"/>
                <vehicle id="cfm-slow_0" pos="17.80" speed="24.26"/>
                <vehicle id="cfm-slow_1" pos="37.25" speed="25.94"/>
            </lane>
            <lane id="top_1"/>
        </edge>
    </timestep>
    <timestep time="6.55">
        <edge id="bottom">
            <lane id="bottom_0">
                <vehicle id="cfm-slow_4" pos="5.49" speed="29.13"/>
                <vehicle id="cfm-slow_5" pos="29.70" speed="28.55"/>
            </lane>
            <lane id="bottom_1"/>
        </edge>
        <edge id="left">
            <lane id="left_0">
                <vehicle id="cfm-slow_2" pos="8.69" speed="27.62"/>
                <vehicle id="cfm-slow_3" pos="31.53" speed="28.80"/>
            </lane>
            <lane id="left_1">
                <vehicle id="cfm-fast_1" pos="44.04" speed="80.56"/>
            </lane>
        </edge>
        <edge id="right">
            <lane id="right_0">
                <vehicle id="cfm-fast_0" pos="3.24" speed="27.26"/>
                <vehicle id="cfm-fast_2" pos="21.53" speed="25.55"/>
                <vehicle id="cfm-fast_3" pos="38.02" speed="24.20"/>
            </lane>
            <lane id="right_1">
                <vehicle id="cfm-fast_5" pos="18.13" speed="89.32"/>
            </lane>
        </edge>
        <edge id="top">
            <lane id="top_0">
                <vehicle id="cfm-fast_4" pos="3.17" speed="23.69"/>
                <vehicle id="cfm-slow_0" pos="18.04" speed="24.28"/>
                <vehicle id="cfm-slow_1" pos="37.51" speed="25.96"/>
            </lane>
            <lane id="top_1"/>
        </edge>
    </timestep>
    <timestep time="6.56">
        <edge id="bottom">
            <lane id="bottom_0">
                <vehicle id="cfm-slow_4" pos="5.78" speed="29.12"/>
                <vehicle id="cfm-slow_5" pos="29.98" speed="28.53"/>
            </lane>
            <lane id="bottom_1"/>
        </edge>
        <edge id="left">
            <lane id="left_0">
                <vehicle id="cfm-slow_2" pos="8.97" speed="27.63"/>
                <vehicle id="cfm-slow_3" pos="31.81" speed="28.80"/>
            </lane>
            <lane id="left_1">
                <vehicle id="cfm-fast_1" pos="44.85" speed="80.66"/>
            </lane>
        </edge>
        <edge id="right">
            <lane id="right_0">
                <vehicle id="cfm-fast_0" pos="3.52" speed="27.24"/>
                <vehicle id="cfm-fast_2" pos="21.78" speed="25.53"/>
                <vehicle id="cfm-fast_3" pos="38.26" speed="24.19"/>
            </lane>
            <lane id="right_1">
                <vehicle id="cfm-fast_5" pos="19.02" speed="89.45"/>
            </lane>
        </edge>
        <edge id="top">
            <lane id="top_0">
                <vehicle id="cfm-fast_4" pos="3.41" speed="23.69"/>
                <vehicle id="cfm-slow_0" pos="18.28" speed="24.29"/>
                <vehicle id="cfm-slow_1" pos="37.77" speed="25.98"/>
            </lane>
            <lane id="top_1"/>
        </edge>
    </timestep>
    <timestep time="6.57">
        <edge id="bottom">
            <lane id="bottom_0">
                <vehicle id="cfm-slow_4" pos="6.07" speed="29.12"/>
                <vehicle id="cfm-slow_5" pos="30.27" speed="28.52"/>
            </lane>
            <lane id="bottom_1"/>
        </edge>
        <edge id="left">
            <lane id="left_0">
                <vehicle id="cfm-slow_2" pos="9.24" speed="27.64"/>
                <vehicle id="cfm-slow_3" pos="32.10" speed="28.80"/>
            </lane>
            <lane id="left_1">
                <vehicle id="cfm-fast_1" pos="45.65" speed="80.77"/>
            </lane>
        </edge>
        <edge id="right">
            <lane id="right_0">
                <vehicle id="cfm-fast_0" pos="3.79" speed="27.23"/>
                <vehicle id="cfm-fast_2" pos="22.04" speed="25.52"/>
                <vehicle id="cfm-fast_3" pos="38.51" speed="24.19"/>
            </lane>
            <lane id="right_1">
                <vehicle id="cfm-fast_5" pos="19.92" speed="89.59"/>
            </lane>
        </edge>
        <edge id="top">
            <lane id="top_0">
                <vehicle id="cfm-fast_4" pos="3.64" speed="23.70"/>
                <vehicle id="cfm-slow_0" pos="18.53" speed="24.31"/>
                <vehicle id="cfm-slow_1" pos="38.03" speed="25.99"/>
            </lane>
            <lane id="top_1"/>
        </edge>
    </timestep>
    <timestep time="6.58">
        <edge id="bottom">
            <lane id="bottom_0">
                <vehicle id="cfm-slow_4" pos="6.36" speed="29.11"/>
                <vehicle id="cfm-slow_5" pos="30.55" speed="28.51"/>
            </lane>
            <lane id="bottom_1"/>
        </edge>
        <edge id="left">
            <lane id="left_0">
                <vehicle id="cfm-slow_2" pos="9.52" speed="27.66"/>
                <vehicle id="cfm-slow_3" pos="32.39" speed="28.81"/>
            </lane>
            <lane id="left_1">
                <vehicle id="cfm-fast_1" pos="46.46" speed="80.87"/>
            </lane>
        </edge>
        <edge id="right">
            <lane id="right_0">
                <vehicle id="cfm-fast_0" pos="4.06" speed="27.21"/>
                <vehicle id="cfm-fast_2" pos="22.29" speed="25.51"/>
                <vehicle id="cfm-fast_3" pos="38.75" speed="24.18"/>
            </lane>
            <lane id="right_1">
                <vehicle id="cfm-fast_5" pos="20.82" speed="89.73"/>
            </lane>
        </edge>
        <edge id="top">
            <lane id="top_0">
                <vehicle id="cfm-fast_4" pos="3.88" speed="23.71"/>
                <vehicle id="cfm-slow_0" pos="18.77" speed="24.33"/>
                <vehicle id="cfm-slow_1" pos="38.29" speed="26.01"/>
            </lane>
            <lane id="top_1"/>
        </edge>
    </timestep>
    <timestep time="6.59">
        <edge id="bottom">
            <lane id="bottom_0">
                <vehicle id="cfm-slow_4" pos="6.65" speed="29.11"/>
                <vehicle id="cfm-slow_5" pos="30.84" speed="28.50"/>
            </lane>
            <lane id="bottom_1"/>
        </edge>
        <edge id="left">
            <lane id="left_0">
                <vehicle id="cfm-slow_2" pos="9.80" speed="27.67"/>
                <vehicle id="cfm-slow_3" pos="32.68" speed="28.81"/>
            </lane>
            <lane id="left_1">
                <vehicle id="cfm-fast_1" pos="47.27" speed="80.97"/>
            </lane>
        </edge>
        <edge id="right">
            <lane id="right_0">
                <vehicle id="cfm-fast_0" pos="4.33" speed="27.20"/>
                <vehicle id="cfm-fast_2" pos="22.55" speed="25.50"/>
                <vehicle id="cfm-fast_3" pos="38.99" speed="24.18"/>
            </lane>
            <lane id="right_1">
                <vehicle id="cfm-fast_5" pos="21.72" speed="89.86"/>
            </lane>
        </edge>
        <edge id="top">
            <lane id="top_0">
                <vehicle id="cfm-fast_4" pos="4.12" speed="23.72"/>
                <vehicle id="cfm-slow_0" pos="19.01" speed="24.34"/>
                <vehicle id="cfm-slow_1" pos="38.55" speed="26.03"/>
            </lane>
            <lane id="top_1"/>
        </edge>
    </timestep>
    <timestep time="6.60">
        <edge id="bottom">
            <lane id="bottom_0">
                <vehicle id="cfm-slow_4" pos="6.94" speed="29.11"/>
                <vehicle id="cfm-slow_5" pos="31.12" speed="28.49"/>
            </lane>
            <lane id="bottom_1"/>
        </edge>
        <edge id="left">
            <lane id="left_0">
                <vehicle id="cfm-slow_2" pos="10.07" speed="27.68"/>
                <vehicle id="cfm-slow_3" pos="32.97" speed="28.82"/>
            </lane>
            <lane id="left_1">
                <vehicle id="cfm-fast_1" pos="48.08" speed="81.08"/>
            </lane>
        </edge>
        <edge id="right">
            <lane id="right_0">
                <vehicle id="cfm-fast_0" pos="4.60" speed="27.18"/>
                <vehicle id="cfm-fast_2" pos="22.80" speed="25.48"/>
                <vehicle id="cfm-fast_3" pos="39.23" speed="24.17"/>
            </lane>
            <lane id="right_1">
                <vehicle id="cfm-fast_5" pos="22.62" speed="90.00"/>
            </lane>
        </edge>
        <edge id="top">
            <lane id="top_0">
                <vehicle id="cfm-fast_4" pos="4.36" speed="23.72"/>
                <vehicle id="cfm-slow_0" pos="19.26" speed="24.36"/>
                <vehicle id="cfm-slow_1" pos="38.81" speed="26.05"/>
            </lane>
            <lane id="top_1"/>
        </edge>
    </timestep>
    <timestep time="6.61">
        <edge id="bottom">
            <lane id="bottom_0">
                <vehicle id="cfm-slow_4" pos="7.23" speed="29.10"/>
                <vehicle id="cfm-slow_5" pos="31.41" speed="28.47"/>
            </lane>
            <lane id="bottom_1"/>
        </edge>
        <edge id="left">
            <lane id="left_0">
                <vehicle id="cfm-slow_2" pos="10.35" speed="27.69"/>
                <vehicle id="cfm-slow_3" pos="33.25" speed="28.82"/>
            </lane>
            <lane id="left_1">
                <vehicle id="cfm-fast_1" pos="48.89" speed="81.18"/>
            </lane>
        </edge>
        <edge id="right">
            <lane id="right_0">
                <vehicle id="cfm-fast_0" pos="4.87" speed="27.17"/>
                <vehicle id="cfm-fast_2" pos="23.06" speed="25.47"/>
                <vehicle id="cfm-fast_3" pos="39.47" speed="24.17"/>
            </lane>
            <lane id="right_1">
                <vehicle id="cfm-fast_5" pos="23.52" speed="90.14"/>
            </lane>
        </edge>
        <edge id="top">
            <lane id="top_0">
                <vehicle id="cfm-fast_4" pos="4.59" speed="23.73"/>
                <vehicle id="cfm-slow_0" pos="19.50" speed="24.38"/>
                <vehicle id="cfm-slow_1" pos="39.07" speed="26.06"/>
            </lane>
            <lane id="top_1"/>
        </edge>
    </timestep>
    <timestep time="6.62">
        <edge id="bottom">
            <lane id="bottom_0">
                <vehicle id="cfm-slow_4" pos="7.52" speed="29.10"/>
                <vehicle id="cfm-slow_5" pos="31.69" speed="28.46"/>
            </lane>
            <lane id="bottom_1"/>
        </edge>
        <edge id="left">
            <lane id="left_0">
                <vehicle id="cfm-slow_2" pos="10.63" speed="27.71"/>
                <vehicle id="cfm-slow_3" pos="33.54" speed="28.83"/>
            </lane>
            <lane id="left_1">
                <vehicle id="cfm-fast_1" pos="49.71" speed="81.28"/>
            </lane>
        </edge>
        <edge id="right">
            <lane id="right_0">
                <vehicle id="cfm-fast_0" pos="5.15" speed="27.15"/>
                <vehicle id="cfm-fast_2" pos="23.31" speed="25.46"/>
                <vehicle id="cfm-fast_3" pos="39.71" speed="24.16"/>
            </lane>
            <lane id="right_1">
                <vehicle id="cfm-fast_5" pos="24.42" speed="90.27"/>
            </lane>
        </edge>
        <edge id="top">
            <lane id="top_0">
                <vehicle id="cfm-fast_4" pos="4.83" speed="23.74"/>
                <vehicle id="cfm-slow_0" pos="19.74" speed="24.40"/>
                <vehicle id="cfm-slow_1" pos="39.33" speed="26.08"/>
            </lane>
            <lane id="top_1"/>
        </edge>
    </timestep>
    <timestep time="6.63">
        <edge id="bottom">
            <lane id="bottom_0">
                <vehicle id="cfm-slow_4" pos="7.81" speed="29.09"/>
                <vehicle id="cfm-slow_5" pos="31.98" speed="28.45"/>
            </lane>
            <lane id="bottom_1">
                <vehicle id="cfm-fast_1" pos="0.52" speed="81.39"/>
            </lane>
        </edge>
        <edge id="left">
            <lane id="left_0">
                <vehicle id="cfm-slow_2" pos="10.91" speed="27.72"/>
                <vehicle id="cfm-slow_3" pos="33.83" speed="28.83"/>
            </lane>
            <lane id="left_1"/>
        </edge>
        <edge id="right">
            <lane id="right_0">
                <vehicle id="cfm-fast_0" pos="5.42" speed="27.14"/>
                <vehicle id="cfm-fast_2" pos="23.56" speed="25.45"/>
                <vehicle id="cfm-fast_3" pos="39.96" speed="24.16"/>
            </lane>
            <lane id="right_1">
                <vehicle id="cfm-fast_5" pos="25.32" speed="90.41"/>
            </lane>
        </edge>
        <edge id="top">
            <lane id="top_0">
                <vehicle id="cfm-fast_4" pos="5.07" speed="23.74"/>
                <vehicle id="cfm-slow_0" pos="19.99" speed="24.41"/>
                <vehicle id="cfm-slow_1" pos="39.59" speed="26.10"/>
            </lane>
            <lane id="top_1"/>
        </edge>
    </timestep>
    <timestep time="6.64">
        <edge id="bottom">
            <lane id="bottom_0">
                <vehicle id="cfm-slow_4" pos="8.11" speed="29.09"/>
                <vehicle id="cfm-slow_5" pos="32.26" speed="28.44"/>
            </lane>
            <lane id="bottom_1">
                <vehicle id="cfm-fast_1" pos="1.34" speed="81.49"/>
            </lane>
        </edge>
        <edge id="left">
            <lane id="left_0">
                <vehicle id="cfm-slow_2" pos="11.18" speed="27.73"/>
                <vehicle id="cfm-slow_3" pos="34.12" speed="28.83"/>
            </lane>
            <lane id="left_1"/>
        </edge>
        <edge id="right">
            <lane id="right_0">
                <vehicle id="cfm-fast_0" pos="5.69" speed="27.12"/>
                <vehicle id="cfm-fast_2" pos="23.82" speed="25.44"/>
                <vehicle id="cfm-fast_3" pos="40.20" speed="24.15"/>
            </lane>
            <lane id="right_1">
                <vehicle id="cfm-fast_5" pos="26.23" speed="90.55"/>
            </lane>
        </edge>
        <edge id="top">
            <lane id="top_0">
                <vehicle id="cfm-fast_4" pos="5.30" speed="23.75"/>
                <vehicle id="cfm-slow_0" pos="20.23" speed="24.43"/>
                <vehicle id="cfm-slow_1" pos="39.85" speed="26.11"/>
            </lane>
            <lane id="top_1"/>
        </edge>
    </timestep>
    <timestep time="6.65">
        <edge id="bottom">
            <lane id="bottom_0">
                <vehicle id="cfm-slow_4" pos="8.40" speed="29.08"/>
                <vehicle id="cfm-slow_5" pos="32.55" speed="28.43"/>
            </lane>
            <lane id="bottom_1">
                <vehicle id="cfm-fast_1" pos="2.15" speed="81.60"/>
            </lane>
        </edge>
        <edge id="left">
            <lane id="left_0">
                <vehicle id="cfm-slow_2" pos="11.46" speed="27.74"/>
                <vehicle id="cfm-slow_3" pos="34.41" speed="28.84"/>
            </lane>
            <lane id="left_1"/>
        </edge>
        <edge id="right">
            <lane id="right_0">
                <vehicle id="cfm-fast_0" pos="5.96" speed="27.11"/>
                <vehicle id="cfm-fast_2" pos="24.07" speed="25.42"/>
                <vehicle id="cfm-fast_3" pos="40.44" speed="24.15"/>
            </lane>
            <lane id="right_1">
                <vehicle id="cfm-fast_5" pos="27.14" speed="90.68"/>
            </lane>
        </edge>
        <edge id="top">
            <lane id="top_0">
                <vehicle id="cfm-fast_4" pos="5.54" speed="23.76"/>
                <vehicle id="cfm-slow_0" pos="20.48" speed="24.45"/>
                <vehicle id="cfm-slow_1" pos="40.12" speed="26.13"/>
            </lane>
            <lane id="top_1"/>
        </edge>
    </timestep>
    <timestep time="6.66">
        <edge id="bottom">
            <lane id="bottom_0">
                <vehicle id="cfm-slow_4" pos="8.69" speed="29.07"/>
                <vehicle id="cfm-slow_5" pos="32.83" speed="28.41"/>
            </lane>
            <lane id="bottom_1">
                <vehicle id="cfm-fast_1" pos="2.97" speed="81.70"/>
            </lane>
        </edge>
        <edge id="left">
            <lane id="left_0">
                <vehicle id="cfm-slow_2" pos="11.74" speed="27.75"/>
                <vehicle id="cfm-slow_3" pos="34.70" speed="28.84"/>
            </lane>
            <lane id="left_1"/>
        </edge>
        <edge id="right">
            <lane id="right_0">
                <vehicle id="cfm-fast_0" pos="6.23" speed="27.09"/>
                <vehicle id="cfm-fast_2" pos="24.33" speed="25.41"/>
                <vehicle id="cfm-fast_3" pos="40.68" speed="24.15"/>
            </lane>
            <lane id="right_1">
                <vehicle id="cfm-fast_5" pos="28.05" speed="90.82"/>
            </lane>
        </edge>
        <edge id="top">
            <lane id="top_0">
                <vehicle id="cfm-fast_4" pos="5.78" speed="23.77"/>
                <vehicle id="cfm-slow_0" pos="20.72" speed="24.46"/>
                <vehicle id="cfm-slow_1" pos="40.38" speed="26.15"/>
            </lane>
            <lane id="top_1"/>
        </edge>
    </timestep>
    <timestep time="6.67">
        <edge id="bottom">
            <lane id="bottom_0">
                <vehicle id="cfm-slow_4" pos="8.98" speed="29.07"/>
                <vehicle id="cfm-slow_5" pos="33.12" speed="28.40"/>
            </lane>
            <lane id="bottom_1">
                <vehicle id="cfm-fast_1" pos="3.79" speed="81.80"/>
            </lane>
        </edge>
        <edge id="left">
            <lane id="left_0">
                <vehicle id="cfm-slow_2" pos="12.02" speed="27.77"/>
                <vehicle id="cfm-slow_3" pos="34.98" speed="28.84"/>
            </lane>
            <lane id="left_1"/>
        </edge>
        <edge id="right">
            <lane id="right_0">
                <vehicle id="cfm-fast_0" pos="6.50" speed="27.07"/>
                <vehicle id="cfm-fast_2" pos="24.58" speed="25.40"/>
                <vehicle id="cfm-fast_3" pos="40.92" speed="24.14"/>
            </lane>
            <lane id="right_1">
                <vehicle id="cfm-fast_5" pos="28.95" speed="90.95"/>
            </lane>
        </edge>
        <edge id="top">
            <lane id="top_0">
                <vehicle id="cfm-fast_4" pos="6.02" speed="23.78"/>
                <vehicle id="cfm-slow_0" pos="20.97" speed="24.48"/>
                <vehicle id="cfm-slow_1" pos="40.64" speed="26.16"/>
            </lane>
            <lane id="top_1"/>
        </edge>
    </timestep>
    <timestep time="6.68">
        <edge id="bottom">
            <lane id="bottom_0">
                <vehicle id="cfm-slow_4" pos="9.27" speed="29.06"/>
                <vehicle id="cfm-slow_5" pos="33.40" speed="28.39"/>
            </lane>
            <lane id="bottom_1">
                <vehicle id="cfm-fast_1" pos="4.61" speed="81.91"/>
            </lane>
        </edge>
        <edge id="left">
            <lane id="left_0">
                <vehicle id="cfm-slow_2" pos="12.29" speed="27.78"/>
                <vehicle id="cfm-slow_3" pos="35.27" speed="28.85"/>
            </lane>
            <lane id="left_1"/>
        </edge>
        <edge id="right">
            <lane id="right_0">
                <vehicle id="cfm-fast_0" pos="6.77" speed="27.06"/>
                <vehicle id="cfm-fast_2" pos="24.84" speed="25.39"/>
                <vehicle id="cfm-fast_3" pos="41.16" speed="24.14"/>
            </lane>
            <lane id="right_1">
                <vehicle id="cfm-fast_5" pos="29.87" speed="91.09"/>
            </lane>
        </edge>
        <edge id="top">
            <lane id="top_0">
                <vehicle id="cfm-fast_4" pos="6.26" speed="23.78"/>
                <vehicle id="cfm-slow_0" pos="21.21" speed="24.50"/>
                <vehicle id="cfm-slow_1" pos="40.90" speed="26.18"/>
            </lane>
            <lane id="top_1"/>
        </edge>
    </timestep>
    <timestep time="6.69">
        <edge id="bottom">
            <lane id="bottom_0">
                <vehicle id="cfm-slow_4" pos="9.56" speed="29.06"/>
                <vehicle id="cfm-slow_5" pos="33.68" speed="28.38"/>
            </lane>
            <lane id="bottom_1">
                <vehicle id="cfm-fast_1" pos="5.43" speed="82.01"/>
            </lane>
        </edge>
        <edge id="left">
            <lane id="left_0">
                <vehicle id="cfm-slow_2" pos="12.57" speed="27.79"/>
                <vehicle id="cfm-slow_3" pos="35.56" speed="28.85"/>
            </lane>
            <lane id="left_1"/>
        </edge>
        <edge id="right">
            <lane id="right_0">
                <vehicle id="cfm-fast_0" pos="7.04" speed="27.04"/>
                <vehicle id="cfm-fast_2" pos="25.09" speed="25.38"/>
                <vehicle id="cfm-fast_3" pos="41.40" speed="24.13"/>
            </lane>
            <lane id="right_1">
                <vehicle id="cfm-fast_5" pos="30.78" speed="91.23"/>
            </lane>
        </edge>
        <edge id="top">
            <lane id="top_0">
                <vehicle id="cfm-fast_4" pos="6.49" speed="23.79"/>
                <vehicle id="cfm-slow_0" pos="21.46" speed="24.51"/>
                <vehicle id="cfm-slow_1" pos="41.16" speed="26.20"/>
            </lane>
            <lane id="top_1"/>
        </edge>
    </timestep>
    <timestep time="6.70">
        <edge id="bottom">
            <lane id="bottom_0">
                <vehicle id="cfm-slow_4" pos="9.85" speed="29.05"/>
                <vehicle id="cfm-slow_5" pos="33.97" speed="28.37"/>
            </lane>
            <lane id="bottom_1">
                <vehicle id="cfm-fast_1" pos="6.25" speed="82.12"/>
            </lane>
        </edge>
        <edge id="left">
            <lane id="left_0">
                <vehicle id="cfm-slow_2" pos="12.85" speed="27.80"/>
                <vehicle id="cfm-slow_3" pos="35.85" speed="28.85"/>
            </lane>
            <lane id="left_1"/>
        </edge>
        <edge id="right">
            <lane id="right_0">
                <vehicle id="cfm-fast_0" pos="7.31" speed="27.03"/>
                <vehicle id="cfm-fast_2" pos="25.34" speed="25.36"/>
                <vehicle id="cfm-fast_3" pos="41.65" speed="24.13"/>
            </lane>
            <lane id="right_1">
                <vehicle id="cfm-fast_5" pos="31.69" speed="91.36"/>
            </lane>
        </edge>
        <edge id="top">
            <lane id="top_0">
                <vehicle id="cfm-fast_4" pos="6.73" speed="23.80"/>
                <vehicle id="cfm-slow_0" pos="21.70" speed="24.53"/>
                <vehicle id="cfm-slow_1" pos="41.42" speed="26.21"/>
            </lane>
            <lane id="top_1"/>
        </edge>
    </timestep>
    <timestep time="6.71">
        <edge id="bottom">
            <lane id="bottom_0">
                <vehicle id="cfm-slow_4" pos="10.14" speed="29.05"/>
                <vehicle id="cfm-slow_5" pos="34.25" speed="28.35"/>
            </lane>
            <lane id="bottom_1">
                <vehicle id="cfm-fast_1" pos="7.07" speed="82.22"/>
            </lane>
        </edge>
        <edge id="left">
            <lane id="left_0">
                <vehicle id="cfm-slow_2" pos="13.13" speed="27.81"/>
                <vehicle id="cfm-slow_3" pos="36.14" speed="28.86"/>
            </lane>
            <lane id="left_1"/>
        </edge>
        <edge id="right">
            <lane id="right_0">
                <vehicle id="cfm-fast_0" pos="7.58" speed="27.01"/>
                <vehicle id="cfm-fast_2" pos="25.60" speed="25.35"/>
                <vehicle id="cfm-fast_3" pos="41.89" speed="24.13"/>
            </lane>
            <lane id="right_1">
                <vehicle id="cfm-fast_5" pos="32.61" speed="91.50"/>
            </lane>
        </edge>
        <edge id="top">
            <lane id="top_0">
                <vehicle id="cfm-fast_4" pos="6.97" speed="23.81"/>
                <vehicle id="cfm-slow_0" pos="21.95" speed="24.55"/>
                <vehicle id="cfm-slow_1" pos="41.69" speed="26.23"/>
            </lane>
            <lane id="top_1"/>
        </edge>
    </timestep>
    <timestep time="6.72">
        <edge id="bottom">
            <lane id="bottom_0">
                <vehicle id="cfm-slow_4" pos="10.43" speed="29.04"/>
                <vehicle id="cfm-slow_5" pos="34.53" speed="28.34"/>
            </lane>
            <lane id="bottom_1">
                <vehicle id="cfm-fast_1" pos="7.89" speed="82.33"/>
            </lane>
        </edge>
        <edge id="left">
            <lane id="left_0">
                <vehicle id="cfm-slow_2" pos="13.41" speed="27.82"/>
                <vehicle id="cfm-slow_3" pos="36.43" speed="28.86"/>
            </lane>
            <lane id="left_1"/>
        </edge>
        <edge id="right">
            <lane id="right_0">
                <vehicle id="cfm-fast_0" pos="7.85" speed="27.00"/>
                <vehicle id="cfm-fast_2" pos="25.85" speed="25.34"/>
                <vehicle id="cfm-fast_3" pos="42.13" speed="24.12"/>
            </lane>
            <lane id="right_1">
                <vehicle id="cfm-fast_5" pos="33.52" speed="91.64"/>
            </lane>
        </edge>
        <edge id="top">
            <lane id="top_0">
                <vehicle id="cfm-fast_4" pos="7.21" speed="23.82"/>
                <vehicle id="cfm-slow_0" pos="22.19" speed="24.57"/>
                <vehicle id="cfm-slow_1" pos="41.95" speed="26.24"/>
            </lane>
            <lane id="top_1"/>
        </edge>
    </timestep>
    <timestep time="6.73">
        <edge id="bottom">
            <lane id="bottom_0">
                <vehicle id="cfm-slow_4" pos="10.72" speed="29.04"/>
                <vehicle id="cfm-slow_5" pos="34.82" speed="28.33"/>
            </lane>
            <lane id="bottom_1">
                <vehicle id="cfm-fast_1" pos="8.72" speed="82.44"/>
            </lane>
        </edge>
        <edge id="left">
            <lane id="left_0">
                <vehicle id="cfm-slow_2" pos="13.68" speed="27.83"/>
                <vehicle id="cfm-slow_3" pos="36.72" speed="28.86"/>
            </lane>
            <lane id="left_1"/>
        </edge>
        <edge id="right">
            <lane id="right_0">
                <vehicle id="cfm-fast_0" pos="8.12" speed="26.98"/>
                <vehicle id="cfm-fast_2" pos="26.10" speed="25.33"/>
                <vehicle id="cfm-fast_3" pos="42.37" speed="24.12"/>
            </lane>
            <lane id="right_1">
                <vehicle id="cfm-fast_5" pos="34.44" speed="91.77"/>
            </lane>
        </edge>
        <edge id="top">
            <lane id="top_0">
                <vehicle id="cfm-fast_4" pos="7.45" speed="23.83"/>
                <vehicle id="cfm-slow_0" pos="22.44" speed="24.58"/>
                <vehicle id="cfm-slow_1" pos="42.21" speed="26.26"/>
            </lane>
            <lane id="top_1"/>
        </edge>
    </timestep>
    <timestep time="6.74">
        <edge id="bottom">
            <lane id="bottom_0">
                <vehicle id="cfm-slow_4" pos="11.01" speed="29.03"/>
                <vehicle id="cfm-slow_5" pos="35.10" speed="28.32"/>
            </lane>
            <lane id="bottom_1">
                <vehicle id="cfm-fast_1" pos="9.54" speed="82.54"/>
            </lane>
        </edge>
        <edge id="left">
            <lane id="left_0">
                <vehicle id="cfm-slow_2" pos="13.96" speed="27.85"/>
                <vehicle id="cfm-slow_3" pos="37.00" speed="28.87"/>
            </lane>
            <lane id="left_1"/>
        </edge>
        <edge id="right">
            <lane id="right_0">
                <vehicle id="cfm-fast_0" pos="8.39" speed="26.97"/>
                <vehicle id="cfm-fast_2" pos="26.36" speed="25.32"/>
                <vehicle id="cfm-fast_3" pos="42.61" speed="24.12"/>
            </lane>
            <lane id="right_1">
                <vehicle id="cfm-fast_5" pos="35.36" speed="91.91"/>
            </lane>
        </edge>
        <edge id="top">
            <lane id="top_0">
                <vehicle id="cfm-fast_4" pos="7.68" speed="23.83"/>
                <vehicle id="cfm-slow_0" pos="22.68" speed="24.60"/>
                <vehicle id="cfm-slow_1" pos="42.47" speed="26.28"/>
            </lane>
            <lane id="top_1"/>
        </edge>
    </timestep>
    <timestep time="6.75">
        <edge id="bottom">
            <lane id="bottom_0">
                <vehicle id="cfm-slow_4" pos="11.30" speed="29.02"/>
                <vehicle id="cfm-slow_5" pos="35.38" speed="28.30"/>
            </lane>
            <lane id="bottom_1">
                <vehicle id="cfm-fast_1" pos="10.37" speed="82.65"/>
            </lane>
        </edge>
        <edge id="left">
            <lane id="left_0">
                <vehicle id="cfm-slow_2" pos="14.24" speed="27.86"/>
                <vehicle id="cfm-slow_3" pos="37.29" speed="28.87"/>
            </lane>
            <lane id="left_1"/>
        </edge>
        <edge id="right">
            <lane id="right_0">
                <vehicle id="cfm-fast_0" pos="8.66" speed="26.95"/>
                <vehicle id="cfm-fast_2" pos="26.61" speed="25.31"/>
                <vehicle id="cfm-fast_3" pos="42.85" speed="24.12"/>
            </lane>
            <lane id="right_1">
                <vehicle id="cfm-fast_5" pos="36.28" speed="92.05"/>
            </lane>
        </edge>
        <edge id="top">
            <lane id="top_0">
                <vehicle id="cfm-fast_4" pos="7.92" speed="23.84"/>
                <vehicle id="cfm-slow_0" pos="22.93" speed="24.62"/>
                <vehicle id="cfm-slow_1" pos="42.74" speed="26.29"/>
            </lane>
            <lane id="top_1"/>
        </edge>
    </timestep>
    <timestep time="6.76">
        <edge id="bottom">
            <lane id="bottom_0">
                <vehicle id="cfm-slow_4" pos="11.59" speed="29.02"/>
                <vehicle id="cfm-slow_5" pos="35.67" speed="28.29"/>
            </lane>
            <lane id="bottom_1">
                <vehicle id="cfm-fast_1" pos="11.20" speed="82.75"/>
            </lane>
        </edge>
        <edge id="left">
            <lane id="left_0">
                <vehicle id="cfm-slow_2" pos="14.52" speed="27.87"/>
                <vehicle id="cfm-slow_3" pos="37.58" speed="28.87"/>
            </lane>
            <lane id="left_1"/>
        </edge>
        <edge id="right">
            <lane id="right_0">
                <vehicle id="cfm-fast_0" pos="8.93" speed="26.94"/>
                <vehicle id="cfm-fast_2" pos="26.86" speed="25.29"/>
                <vehicle id="cfm-fast_3" pos="43.09" speed="24.11"/>
            </lane>
            <lane id="right_1">
                <vehicle id="cfm-fast_5" pos="37.20" speed="92.18"/>
            </lane>
        </edge>
        <edge id="top">
            <lane id="top_0">
                <vehicle id="cfm-fast_4" pos="8.16" speed="23.85"/>
                <vehicle id="cfm-slow_0" pos="23.18" speed="24.63"/>
                <vehicle id="cfm-slow_1" pos="43.00" speed="26.31"/>
            </lane>
            <lane id="top_1"/>
        </edge>
    </timestep>
    <timestep time="6.77">
        <edge id="bottom">
            <lane id="bottom_0">
                <vehicle id="cfm-slow_4" pos="11.88" speed="29.01"/>
                <vehicle id="cfm-slow_5" pos="35.95" speed="28.28"/>
            </lane>
            <lane id="bottom_1">
                <vehicle id="cfm-fast_1" pos="12.02" speed="82.86"/>
            </lane>
        </edge>
        <edge id="left">
            <lane id="left_0">
                <vehicle id="cfm-slow_2" pos="14.80" speed="27.88"/>
                <vehicle id="cfm-slow_3" pos="37.87" speed="28.87"/>
            </lane>
            <lane id="left_1"/>
        </edge>
        <edge id="right">
            <lane id="right_0">
                <vehicle id="cfm-fast_0" pos="9.20" speed="26.92"/>
                <vehicle id="cfm-fast_2" pos="27.11" speed="25.28"/>
                <vehicle id="cfm-fast_3" pos="43.33" speed="24.11"/>
            </lane>
            <lane id="right_1">
                <vehicle id="cfm-fast_5" pos="38.13" speed="92.32"/>
            </lane>
        </edge>
        <edge id="top">
            <lane id="top_0">
                <vehicle id="cfm-fast_4" pos="8.40" speed="23.86"/>
                <vehicle id="cfm-slow_0" pos="23.42" speed="24.65"/>
                <vehicle id="cfm-slow_1" pos="43.26" speed="26.33"/>
            </lane>
            <lane id="top_1"/>
        </edge>
    </timestep>
    <timestep time="6.78">
        <edge id="bottom">
            <lane id="bottom_0">
                <vehicle id="cfm-slow_4" pos="12.17" speed="29.01"/>
                <vehicle id="cfm-slow_5" pos="36.23" speed="28.27"/>
            </lane>
            <lane id="bottom_1">
                <vehicle id="cfm-fast_1" pos="12.85" speed="82.97"/>
            </lane>
        </edge>
        <edge id="left">
            <lane id="left_0">
                <vehicle id="cfm-slow_2" pos="15.08" speed="27.89"/>
                <vehicle id="cfm-slow_3" pos="38.16" speed="28.88"/>
            </lane>
            <lane id="left_1"/>
        </edge>
        <edge id="right">
            <lane id="right_0">
                <vehicle id="cfm-fast_0" pos="9.47" speed="26.91"/>
                <vehicle id="cfm-fast_2" pos="27.37" speed="25.27"/>
                <vehicle id="cfm-fast_3" pos="43.58" speed="24.11"/>
            </lane>
            <lane id="right_1">
                <vehicle id="cfm-fast_5" pos="39.05" speed="92.45"/>
            </lane>
        </edge>
        <edge id="top">
            <lane id="top_0">
                <vehicle id="cfm-fast_4" pos="8.64" speed="23.87"/>
                <vehicle id="cfm-slow_0" pos="23.67" speed="24.67"/>
                <vehicle id="cfm-slow_1" pos="43.53" speed="26.34"/>
            </lane>
            <lane id="top_1"/>
        </edge>
    </timestep>
    <timestep time="6.79">
        <edge id="bottom">
            <lane id="bottom_0">
                <vehicle id="cfm-slow_4" pos="12.46" speed="29.00"/>
                <vehicle id="cfm-slow_5" pos="36.51" speed="28.25"/>
            </lane>
            <lane id="bottom_1">
                <vehicle id="cfm-fast_1" pos="13.69" speed="83.07"/>
            </lane>
        </edge>
        <edge id="left">
            <lane id="left_0">
                <vehicle id="cfm-slow_2" pos="15.36" speed="27.90"/>
                <vehicle id="cfm-slow_3" pos="38.45" speed="28.88"/>
            </lane>
            <lane id="left_1"/>
        </edge>
        <edge id="right">
            <lane id="right_0">
                <vehicle id="cfm-fast_0" pos="9.74" speed="26.89"/>
                <vehicle id="cfm-fast_2" pos="27.62" speed="25.26"/>
                <vehicle id="cfm-fast_3" pos="43.82" speed="24.10"/>
            </lane>
            <lane id="right_1">
                <vehicle id="cfm-fast_5" pos="39.98" speed="92.59"/>
            </lane>
        </edge>
        <edge id="top">
            <lane id="top_0">
                <vehicle id="cfm-fast_4" pos="8.88" speed="23.88"/>
                <vehicle id="cfm-slow_0" pos="23.92" speed="24.68"/>
                <vehicle id="cfm-slow_1" pos="43.79" speed="26.36"/>
            </lane>
            <lane id="top_1"/>
        </edge>
    </timestep>
    <timestep time="6.80">
        <edge id="bottom">
            <lane id="bottom_0">
                <vehicle id="cfm-slow_4" pos="12.75" speed="28.99"/>
                <vehicle id="cfm-slow_5" pos="36.80" speed="28.24"/>
            </lane>
            <lane id="bottom_1">
                <vehicle id="cfm-fast_1" pos="14.52" speed="83.18"/>
            </lane>
        </edge>
        <edge id="left">
            <lane id="left_0">
                <vehicle id="cfm-slow_2" pos="15.64" speed="27.91"/>
                <vehicle id="cfm-slow_3" pos="38.74" speed="28.88"/>
            </lane>
            <lane id="left_1"/>
        </edge>
        <edge id="right">
            <lane id="right_0">
                <vehicle id="cfm-fast_0" pos="10.01" speed="26.88"/>
                <vehicle id="cfm-fast_2" pos="27.87" speed="25.25"/>
                <vehicle id="cfm-fast_3" pos="44.06" speed="24.10"/>
            </lane>
            <lane id="right_1">
                <vehicle id="cfm-fast_5" pos="40.90" speed="92.73"/>
            </lane>
        </edge>
        <edge id="top">
            <lane id="top_0">
                <vehicle id="cfm-fast_4" pos="9.12" speed="23.89"/>
                <vehicle id="cfm-slow_0" pos="24.16" speed="24.70"/>
                <vehicle id="cfm-slow_1" pos="44.05" speed="26.37"/>
            </lane>
            <lane id="top_1"/>
        </edge>
    </timestep>
    <timestep time="6.81">
        <edge id="bottom">
            <lane id="bottom_0">
                <vehicle id="cfm-slow_4" pos="13.04" speed="28.99"/>
                <vehicle id="cfm-slow_5" pos="37.08" speed="28.23"/>
            </lane>
            <lane id="bottom_1">
                <vehicle id="cfm-fast_1" pos="15.35" speed="83.29"/>
            </lane>
        </edge>
        <edge id="left">
            <lane id="left_0">
                <vehicle id="cfm-slow_2" pos="15.91" speed="27.92"/>
                <vehicle id="cfm-slow_3" pos="39.03" speed="28.88"/>
            </lane>
            <lane id="left_1"/>
        </edge>
        <edge id="right">
            <lane id="right_0">
                <vehicle id="cfm-fast_0" pos="10.28" speed="26.86"/>
                <vehicle id="cfm-fast_2" pos="28.13" speed="25.24"/>
                <vehicle id="cfm-fast_3" pos="44.30" speed="24.10"/>
            </lane>
            <lane id="right_1">
                <vehicle id="cfm-fast_5" pos="41.83" speed="92.86"/>
            </lane>
        </edge>
        <edge id="top">
            <lane id="top_0">
                <vehicle id="cfm-fast_4" pos="9.36" speed="23.89"/>
                <vehicle id="cfm-slow_0" pos="24.41" speed="24.72"/>
                <vehicle id="cfm-slow_1" pos="44.32" speed="26.39"/>
            </lane>
            <lane id="top_1"/>
        </edge>
    </timestep>
    <timestep time="6.82">
        <edge id="bottom">
            <lane id="bottom_0">
                <vehicle id="cfm-slow_4" pos="13.33" speed="28.98"/>
                <vehicle id="cfm-slow_5" pos="37.36" speed="28.22"/>
            </lane>
            <lane id="bottom_1">
                <vehicle id="cfm-fast_1" pos="16.18" speed="83.39"/>
            </lane>
        </edge>
        <edge id="left">
            <lane id="left_0">
                <vehicle id="cfm-slow_2" pos="16.19" speed="27.93"/>
                <vehicle id="cfm-slow_3" pos="39.31" speed="28.89"/>
            </lane>
            <lane id="left_1"/>
        </edge>
        <edge id="right">
            <lane id="right_0">
                <vehicle id="cfm-fast_0" pos="10.54" speed="26.85"/>
                <vehicle id="cfm-fast_2" pos="28.38" speed="25.23"/>
                <vehicle id="cfm-fast_3" pos="44.54" speed="24.10"/>
            </lane>
            <lane id="right_1">
                <vehicle id="cfm-fast_5" pos="42.76" speed="93.00"/>
            </lane>
        </edge>
        <edge id="top">
            <lane id="top_0">
                <vehicle id="cfm-fast_4" pos="9.59" speed="23.90"/>
                <vehicle id="cfm-slow_0" pos="24.66" speed="24.74"/>
                <vehicle id="cfm-slow_1" pos="44.58" speed="26.41"/>
            </lane>
            <lane id="top_1"/>
        </edge>
    </timestep>
    <timestep time="6.83">
        <edge id="bottom">
            <lane id="bottom_0">
                <vehicle id="cfm-slow_4" pos="13.62" speed="28.97"/>
                <vehicle id="cfm-slow_5" pos="37.64" speed="28.20"/>
            </lane>
            <lane id="bottom_1">
                <vehicle id="cfm-fast_1" pos="17.02" speed="83.50"/>
            </lane>
        </edge>
        <edge id="left">
            <lane id="left_0">
                <vehicle id="cfm-slow_2" pos="16.47" speed="27.94"/>
                <vehicle id="cfm-slow_3" pos="39.60" speed="28.89"/>
            </lane>
            <lane id="left_1"/>
        </edge>
        <edge id="right">
            <lane id="right_0">
                <vehicle id="cfm-fast_0" pos="10.81" speed="26.83"/>
                <vehicle id="cfm-fast_2" pos="28.63" speed="25.22"/>
                <vehicle id="cfm-fast_3" pos="44.78" speed="24.10"/>
            </lane>
            <lane id="right_1">
                <vehicle id="cfm-fast_5" pos="43.69" speed="93.14"/>
            </lane>
        </edge>
        <edge id="top">
            <lane id="top_0">
                <vehicle id="cfm-fast_4" pos="9.83" speed="23.91"/>
                <vehicle id="cfm-slow_0" pos="24.91" speed="24.75"/>
                <vehicle id="cfm-slow_1" pos="44.85" speed="26.42"/>
            </lane>
            <lane id="top_1"/>
        </edge>
    </timestep>
    <timestep time="6.84">
        <edge id="bottom">
            <lane id="bottom_0">
                <vehicle id="cfm-slow_4" pos="13.91" speed="28.97"/>
                <vehicle id="cfm-slow_5" pos="37.92" speed="28.19"/>
            </lane>
            <lane id="bottom_1">
                <vehicle id="cfm-fast_1" pos="17.85" speed="83.61"/>
            </lane>
        </edge>
        <edge id="left">
            <lane id="left_0">
                <vehicle id="cfm-slow_2" pos="16.75" speed="27.95"/>
                <vehicle id="cfm-slow_3" pos="39.89" speed="28.89"/>
            </lane>
            <lane id="left_1"/>
        </edge>
        <edge id="right">
            <lane id="right_0">
                <vehicle id="cfm-fast_0" pos="11.08" speed="26.82"/>
                <vehicle id="cfm-fast_2" pos="28.88" speed="25.21"/>
                <vehicle id="cfm-fast_3" pos="45.02" speed="24.09"/>
            </lane>
            <lane id="right_1">
                <vehicle id="cfm-fast_5" pos="44.63" speed="93.27"/>
            </lane>
        </edge>
        <edge id="top">
            <lane id="top_0">
                <vehicle id="cfm-fast_4" pos="10.07" speed="23.92"/>
                <vehicle id="cfm-slow_0" pos="25.15" speed="24.77"/>
                <vehicle id="cfm-slow_1" pos="45.11" speed="26.44"/>
            </lane>
            <lane id="top_1"/>
        </edge>
    </timestep>
    <timestep time="6.85">
        <edge id="bottom">
            <lane id="bottom_0">
                <vehicle id="cfm-slow_4" pos="14.20" speed="28.96"/>
                <vehicle id="cfm-slow_5" pos="38.21" speed="28.18"/>
            </lane>
            <lane id="bottom_1">
                <vehicle id="cfm-fast_1" pos="18.69" speed="83.71"/>
            </lane>
        </edge>
        <edge id="left">
            <lane id="left_0">
                <vehicle id="cfm-slow_2" pos="17.03" speed="27.96"/>
                <vehicle id="cfm-slow_3" pos="40.18" speed="28.89"/>
            </lane>
            <lane id="left_1"/>
        </edge>
        <edge id="right">
            <lane id="right_0">
                <vehicle id="cfm-fast_0" pos="11.35" speed="26.80"/>
                <vehicle id="cfm-fast_2" pos="29.13" speed="25.19"/>
                <vehicle id="cfm-fast_3" pos="45.26" speed="24.09"/>
            </lane>
            <lane id="right_1">
                <vehicle id="cfm-fast_5" pos="45.56" speed="93.41"/>
            </lane>
        </edge>
        <edge id="top">
            <lane id="top_0">
                <vehicle id="cfm-fast_4" pos="10.31" speed="23.93"/>
                <vehicle id="cfm-slow_0" pos="25.40" speed="24.79"/>
                <vehicle id="cfm-slow_1" pos="45.38" speed="26.45"/>
            </lane>
            <lane id="top_1"/>
        </edge>
    </timestep>
    <timestep time="6.86">
        <edge id="bottom">
            <lane id="bottom_0">
                <vehicle id="cfm-slow_4" pos="14.49" speed="28.95"/>
                <vehicle id="cfm-slow_5" pos="38.49" speed="28.16"/>
            </lane>
            <lane id="bottom_1">
                <vehicle id="cfm-fast_1" pos="19.53" speed="83.82"/>
            </lane>
        </edge>
        <edge id="left">
            <lane id="left_0">
                <vehicle id="cfm-slow_2" pos="17.31" speed="27.97"/>
                <vehicle id="cfm-slow_3" pos="40.47" speed="28.89"/>
            </lane>
            <lane id="left_1"/>
        </edge>
        <edge id="right">
            <lane id="right_0">
                <vehicle id="cfm-fast_0" pos="11.62" speed="26.79"/>
                <vehicle id="cfm-fast_2" pos="29.39" speed="25.18"/>
                <vehicle id="cfm-fast_3" pos="45.50" speed="24.09"/>
            </lane>
            <lane id="right_1">
                <vehicle id="cfm-fast_5" pos="46.50" speed="93.55"/>
            </lane>
        </edge>
        <edge id="top">
            <lane id="top_0">
                <vehicle id="cfm-fast_4" pos="10.55" speed="23.94"/>
                <vehicle id="cfm-slow_0" pos="25.65" speed="24.80"/>
                <vehicle id="cfm-slow_1" pos="45.64" speed="26.47"/>
            </lane>
            <lane id="top_1"/>
        </edge>
    </timestep>
    <timestep time="6.87">
        <edge id="bottom">
            <lane id="bottom_0">
                <vehicle id="cfm-slow_4" pos="14.78" speed="28.95"/>
                <vehicle id="cfm-slow_5" pos="38.77" speed="28.15"/>
            </lane>
            <lane id="bottom_1">
                <vehicle id="cfm-fast_1" pos="20.37" speed="83.93"/>
            </lane>
        </edge>
        <edge id="left">
            <lane id="left_0">
                <vehicle id="cfm-slow_2" pos="17.59" speed="27.98"/>
                <vehicle id="cfm-slow_3" pos="40.76" speed="28.90"/>
            </lane>
            <lane id="left_1"/>
        </edge>
        <edge id="right">
            <lane id="right_0">
                <vehicle id="cfm-fast_0" pos="11.89" speed="26.77"/>
                <vehicle id="cfm-fast_2" pos="29.64" speed="25.17"/>
                <vehicle id="cfm-fast_3" pos="45.74" speed="24.09"/>
            </lane>
            <lane id="right_1">
                <vehicle id="cfm-fast_5" pos="47.43" speed="93.68"/>
            </lane>
        </edge>
        <edge id="top">
            <lane id="top_0">
                <vehicle id="cfm-fast_4" pos="10.79" speed="23.95"/>
                <vehicle id="cfm-slow_0" pos="25.90" speed="24.82"/>
                <vehicle id="cfm-slow_1" pos="45.91" speed="26.48"/>
            </lane>
            <lane id="top_1"/>
        </edge>
    </timestep>
    <timestep time="6.88">
        <edge id="bottom">
            <lane id="bottom_0">
                <vehicle id="cfm-slow_4" pos="15.07" speed="28.94"/>
                <vehicle id="cfm-slow_5" pos="39.05" speed="28.14"/>
            </lane>
            <lane id="bottom_1">
                <vehicle id="cfm-fast_1" pos="21.21" speed="84.04"/>
            </lane>
        </edge>
        <edge id="left">
            <lane id="left_0">
                <vehicle id="cfm-slow_2" pos="17.87" speed="27.99"/>
                <vehicle id="cfm-slow_3" pos="41.05" speed="28.90"/>
            </lane>
            <lane id="left_1"/>
        </edge>
        <edge id="right">
            <lane id="right_0">
                <vehicle id="cfm-fast_0" pos="12.15" speed="26.76"/>
                <vehicle id="cfm-fast_2" pos="29.89" speed="25.16"/>
                <vehicle id="cfm-fast_3" pos="45.99" speed="24.09"/>
            </lane>
            <lane id="right_1">
                <vehicle id="cfm-fast_5" pos="48.37" speed="93.82"/>
            </lane>
        </edge>
        <edge id="top">
            <lane id="top_0">
                <vehicle id="cfm-fast_4" pos="11.03" speed="23.96"/>
                <vehicle id="cfm-slow_0" pos="26.15" speed="24.84"/>
                <vehicle id="cfm-slow_1" pos="46.17" speed="26.50"/>
            </lane>
            <lane id="top_1"/>
        </edge>
    </timestep>
    <timestep time="6.89">
        <edge id="bottom">
            <lane id="bottom_0">
                <vehicle id="cfm-slow_4" pos="15.36" speed="28.93"/>
                <vehicle id="cfm-slow_5" pos="39.33" speed="28.13"/>
            </lane>
            <lane id="bottom_1">
                <vehicle id="cfm-fast_1" pos="22.05" speed="84.15"/>
            </lane>
        </edge>
        <edge id="left">
            <lane id="left_0">
                <vehicle id="cfm-slow_2" pos="18.15" speed="28.00"/>
                <vehicle id="cfm-slow_3" pos="41.34" speed="28.90"/>
            </lane>
            <lane id="left_1"/>
        </edge>
        <edge id="right">
            <lane id="right_0">
                <vehicle id="cfm-fast_0" pos="12.42" speed="26.75"/>
                <vehicle id="cfm-fast_2" pos="30.14" speed="25.15"/>
                <vehicle id="cfm-fast_3" pos="46.23" speed="24.08"/>
            </lane>
            <lane id="right_1">
                <vehicle id="cfm-fast_5" pos="49.31" speed="93.95"/>
            </lane>
        </edge>
        <edge id="top">
            <lane id="top_0">
                <vehicle id="cfm-fast_4" pos="11.27" speed="23.97"/>
                <vehicle id="cfm-slow_0" pos="26.40" speed="24.85"/>
                <vehicle id="cfm-slow_1" pos="46.44" speed="26.51"/>
            </lane>
            <lane id="top_1"/>
        </edge>
    </timestep>
    <timestep time="6.90">
        <edge id="bottom">
            <lane id="bottom_0">
                <vehicle id="cfm-slow_4" pos="15.65" speed="28.93"/>
                <vehicle id="cfm-slow_5" pos="39.61" speed="28.11"/>
            </lane>
            <lane id="bottom_1">
                <vehicle id="cfm-fast_1" pos="22.89" speed="84.25"/>
            </lane>
        </edge>
        <edge id="left">
            <lane id="left_0">
                <vehicle id="cfm-slow_2" pos="18.43" speed="28.01"/>
                <vehicle id="cfm-slow_3" pos="41.63" speed="28.90"/>
            </lane>
            <lane id="left_1"/>
        </edge>
        <edge id="right">
            <lane id="right_0">
                <vehicle id="cfm-fast_0" pos="12.69" speed="26.73"/>
                <vehicle id="cfm-fast_2" pos="30.39" speed="25.14"/>
                <vehicle id="cfm-fast_3" pos="46.47" speed="24.08"/>
            </lane>
            <lane id="right_1"/>
        </edge>
        <edge id="top">
            <lane id="top_0">
                <vehicle id="cfm-fast_4" pos="11.51" speed="23.98"/>
                <vehicle id="cfm-slow_0" pos="26.64" speed="24.87"/>
                <vehicle id="cfm-slow_1" pos="46.70" speed="26.53"/>
            </lane>
            <lane id="top_1">
                <vehicle id="cfm-fast_5" pos="0.25" speed="94.09"/>
            </lane>
        </edge>
    </timestep>
    <timestep time="6.91">
        <edge id="bottom">
            <lane id="bottom_0">
                <vehicle id="cfm-slow_4" pos="15.94" speed="28.92"/>
                <vehicle id="cfm-slow_5" pos="39.89" speed="28.10"/>
            </lane>
            <lane id="bottom_1">
                <vehicle id="cfm-fast_1" pos="23.74" speed="84.36"/>
            </lane>
        </edge>
        <edge id="left">
            <lane id="left_0">
                <vehicle id="cfm-slow_2" pos="18.71" speed="28.02"/>
                <vehicle id="cfm-slow_3" pos="41.91" speed="28.90"/>
            </lane>
            <lane id="left_1"/>
        </edge>
        <edge id="right">
            <lane id="right_0">
                <vehicle id="cfm-fast_0" pos="12.95" speed="26.72"/>
                <vehicle id="cfm-fast_2" pos="30.64" speed="25.13"/>
                <vehicle id="cfm-fast_3" pos="46.71" speed="24.08"/>
            </lane>
            <lane id="right_1"/>
        </edge>
        <edge id="top">
            <lane id="top_0">
                <vehicle id="cfm-fast_4" pos="11.75" speed="23.99"/>
                <vehicle id="cfm-slow_0" pos="26.89" speed="24.89"/>
                <vehicle id="cfm-slow_1" pos="46.97" speed="26.54"/>
            </lane>
            <lane id="top_1">
                <vehicle id="cfm-fast_5" pos="1.19" speed="94.23"/>
            </lane>
        </edge>
    </timestep>
    <timestep time="6.92">
        <edge id="bottom">
            <lane id="bottom_0">
                <vehicle id="cfm-slow_4" pos="16.23" speed="28.91"/>
                <vehicle id="cfm-slow_5" pos="40.18" speed="28.09"/>
            </lane>
            <lane id="bottom_1">
                <vehicle id="cfm-fast_1" pos="24.58" speed="84.47"/>
            </lane>
        </edge>
        <edge id="left">
            <lane id="left_0">
                <vehicle id="cfm-slow_2" pos="18.99" speed="28.03"/>
                <vehicle id="cfm-slow_3" pos="42.20" speed="28.90"/>
            </lane>
            <lane id="left_1"/>
        </edge>
        <edge id="right">
            <lane id="right_0">
                <vehicle id="cfm-fast_0" pos="13.22" speed="26.70"/>
                <vehicle id="cfm-fast_2" pos="30.89" speed="25.12"/>
                <vehicle id="cfm-fast_3" pos="46.95" speed="24.08"/>
            </lane>
            <lane id="right_1"/>
        </edge>
        <edge id="top">
            <lane id="top_0">
                <vehicle id="cfm-fast_4" pos="11.99" speed="24.00"/>
                <vehicle id="cfm-slow_0" pos="27.14" speed="24.90"/>
                <vehicle id="cfm-slow_1" pos="47.23" speed="26.56"/>
            </lane>
            <lane id="top_1">
                <vehicle id="cfm-fast_5" pos="2.14" speed="94.36"/>
            </lane>
        </edge>
    </timestep>
    <timestep time="6.93">
        <edge id="bottom">
            <lane id="bottom_0">
                <vehicle id="cfm-slow_4" pos="16.51" speed="28.90"/>
                <vehicle id="cfm-slow_5" pos="40.46" speed="28.07"/>
            </lane>
            <lane id="bottom_1">
                <vehicle id="cfm-fast_1" pos="25.43" speed="84.58"/>
            </lane>
        </edge>
        <edge id="left">
            <lane id="left_0">
                <vehicle id="cfm-slow_2" pos="19.27" speed="28.04"/>
                <vehicle id="cfm-slow_3" pos="42.49" speed="28.90"/>
            </lane>
            <lane id="left_1"/>
        </edge>
        <edge id="right">
            <lane id="right_0">
                <vehicle id="cfm-fast_0" pos="13.49" speed="26.69"/>
                <vehicle id="cfm-fast_2" pos="31.15" speed="25.11"/>
                <vehicle id="cfm-fast_3" pos="47.19" speed="24.08"/>
            </lane>
            <lane id="right_1"/>
        </edge>
        <edge id="top">
            <lane id="top_0">
                <vehicle id="cfm-fast_4" pos="12.23" speed="24.01"/>
                <vehicle id="cfm-slow_0" pos="27.39" speed="24.92"/>
                <vehicle id="cfm-slow_1" pos="47.50" speed="26.58"/>
            </lane>
            <lane id="top_1">
                <vehicle id="cfm-fast_5" pos="3.08" speed="94.50"/>
            </lane>
        </edge>
    </timestep>
    <timestep time="6.94">
        <edge id="bottom">
            <lane id="bottom_0">
                <vehicle id="cfm-slow_4" pos="16.80" speed="28.90"/>
                <vehicle id="cfm-slow_5" pos="40.74" speed="28.06"/>
            </lane>
            <lane id="bottom_1">
                <vehicle id="cfm-fast_1" pos="26.27" speed="84.69"/>
            </lane>
        </edge>
        <edge id="left">
            <lane id="left_0">
                <vehicle id="cfm-slow_2" pos="19.55" speed="28.05"/>
                <vehicle id="cfm-slow_3" pos="42.78" speed="28.90"/>
            </lane>
            <lane id="left_1"/>
        </edge>
        <edge id="right">
            <lane id="right_0">
                <vehicle id="cfm-fast_0" pos="13.76" speed="26.67"/>
                <vehicle id="cfm-fast_2" pos="31.40" speed="25.10"/>
                <vehicle id="cfm-fast_3" pos="47.43" speed="24.08"/>
            </lane>
            <lane id="right_1"/>
        </edge>
        <edge id="top">
            <lane id="top_0">
                <vehicle id="cfm-fast_4" pos="12.47" speed="24.02"/>
                <vehicle id="cfm-slow_0" pos="27.64" speed="24.94"/>
                <vehicle id="cfm-slow_1" pos="47.76" speed="26.59"/>
            </lane>
            <lane id="top_1">
                <vehicle id="cfm-fast_5" pos="4.03" speed="94.64"/>
            </lane>
        </edge>
    </timestep>
    <timestep time="6.95">
        <edge id="bottom">
            <lane id="bottom_0">
                <vehicle id="cfm-slow_4" pos="17.09" speed="28.89"/>
                <vehicle id="cfm-slow_5" pos="41.02" speed="28.05"/>
            </lane>
            <lane id="bottom_1">
                <vehicle id="cfm-fast_1" pos="27.12" speed="84.80"/>
            </lane>
        </edge>
        <edge id="left">
            <lane id="left_0">
                <vehicle id="cfm-slow_2" pos="19.83" speed="28.06"/>
                <vehicle id="cfm-slow_3" pos="43.07" speed="28.91"/>
            </lane>
            <lane id="left_1"/>
        </edge>
        <edge id="right">
            <lane id="right_0">
                <vehicle id="cfm-fast_0" pos="14.02" speed="26.66"/>
                <vehicle id="cfm-fast_2" pos="31.65" speed="25.09"/>
                <vehicle id="cfm-fast_3" pos="47.67" speed="24.08"/>
            </lane>
            <lane id="right_1"/>
        </edge>
        <edge id="top">
            <lane id="top_0">
                <vehicle id="cfm-fast_4" pos="12.71" speed="24.03"/>
                <vehicle id="cfm-slow_0" pos="27.89" speed="24.95"/>
                <vehicle id="cfm-slow_1" pos="48.03" speed="26.61"/>
            </lane>
            <lane id="top_1">
                <vehicle id="cfm-fast_5" pos="4.98" speed="94.77"/>
            </lane>
        </edge>
    </timestep>
    <timestep time="6.96">
        <edge id="bottom">
            <lane id="bottom_0">
                <vehicle id="cfm-slow_4" pos="17.38" speed="28.88"/>
                <vehicle id="cfm-slow_5" pos="41.30" speed="28.04"/>
            </lane>
            <lane id="bottom_1">
                <vehicle id="cfm-fast_1" pos="27.97" speed="84.91"/>
            </lane>
        </edge>
        <edge id="left">
            <lane id="left_0">
                <vehicle id="cfm-slow_2" pos="20.11" speed="28.07"/>
                <vehicle id="cfm-slow_3" pos="43.36" speed="28.91"/>
            </lane>
            <lane id="left_1"/>
        </edge>
        <edge id="right">
            <lane id="right_0">
                <vehicle id="cfm-fast_0" pos="14.29" speed="26.64"/>
                <vehicle id="cfm-fast_2" pos="31.90" speed="25.08"/>
                <vehicle id="cfm-fast_3" pos="47.91" speed="24.08"/>
            </lane>
            <lane id="right_1"/>
        </edge>
        <edge id="top">
            <lane id="top_0">
                <vehicle id="cfm-fast_4" pos="12.95" speed="24.04"/>
                <vehicle id="cfm-slow_0" pos="28.14" speed="24.97"/>
                <vehicle id="cfm-slow_1" pos="48.30" speed="26.62"/>
            </lane>
            <lane id="top_1">
                <vehicle id="cfm-fast_5" pos="5.92" speed="94.91"/>
            </lane>
        </edge>
    </timestep>
    <timestep time="6.97">
        <edge id="bottom">
            <lane id="bottom_0">
                <vehicle id="cfm-slow_4" pos="17.67" speed="28.88"/>
                <vehicle id="cfm-slow_5" pos="41.58" speed="28.02"/>
            </lane>
            <lane id="bottom_1">
                <vehicle id="cfm-fast_1" pos="28.82" speed="85.02"/>
            </lane>
        </edge>
        <edge id="left">
            <lane id="left_0">
                <vehicle id="cfm-slow_2" pos="20.40" speed="28.08"/>
                <vehicle id="cfm-slow_3" pos="43.65" speed="28.91"/>
            </lane>
            <lane id="left_1"/>
        </edge>
        <edge id="right">
            <lane id="right_0">
                <vehicle id="cfm-fast_0" pos="14.55" speed="26.63"/>
                <vehicle id="cfm-fast_2" pos="32.15" speed="25.07"/>
                <vehicle id="cfm-fast_3" pos="48.15" speed="24.08"/>
            </lane>
            <lane id="right_1"/>
        </edge>
        <edge id="top">
            <lane id="top_0">
                <vehicle id="cfm-fast_4" pos="13.19" speed="24.05"/>
                <vehicle id="cfm-slow_0" pos="28.39" speed="24.99"/>
                <vehicle id="cfm-slow_1" pos="48.56" speed="26.64"/>
            </lane>
            <lane id="top_1">
                <vehicle id="cfm-fast_5" pos="6.88" speed="95.05"/>
            </lane>
        </edge>
    </timestep>
    <timestep time="6.98">
        <edge id="bottom">
            <lane id="bottom_0">
                <vehicle id="cfm-slow_4" pos="17.96" speed="28.87"/>
                <vehicle id="cfm-slow_5" pos="41.86" speed="28.01"/>
            </lane>
            <lane id="bottom_1">
                <vehicle id="cfm-fast_1" pos="29.67" speed="85.13"/>
            </lane>
        </edge>
        <edge id="left">
            <lane id="left_0">
                <vehicle id="cfm-slow_2" pos="20.68" speed="28.09"/>
                <vehicle id="cfm-slow_3" pos="43.94" speed="28.91"/>
            </lane>
            <lane id="left_1"/>
        </edge>
        <edge id="right">
            <lane id="right_0">
                <vehicle id="cfm-fast_0" pos="14.82" speed="26.61"/>
                <vehicle id="cfm-fast_2" pos="32.40" speed="25.06"/>
                <vehicle id="cfm-fast_3" pos="48.39" speed="24.08"/>
            </lane>
            <lane id="right_1"/>
        </edge>
        <edge id="top">
            <lane id="top_0">
                <vehicle id="cfm-fast_4" pos="13.43" speed="24.06"/>
                <vehicle id="cfm-slow_0" pos="28.64" speed="25.00"/>
                <vehicle id="cfm-slow_1" pos="48.83" speed="26.65"/>
            </lane>
            <lane id="top_1">
                <vehicle id="cfm-fast_5" pos="7.83" speed="95.18"/>
            </lane>
        </edge>
    </timestep>
    <timestep time="6.99">
        <edge id="bottom">
            <lane id="bottom_0">
                <vehicle id="cfm-slow_4" pos="18.25" speed="28.86"/>
                <vehicle id="cfm-slow_5" pos="42.14" speed="28.00"/>
            </lane>
            <lane id="bottom_1">
                <vehicle id="cfm-fast_1" pos="30.53" speed="85.24"/>
            </lane>
        </edge>
        <edge id="left">
            <lane id="left_0">
                <vehicle id="cfm-slow_2" pos="20.96" speed="28.10"/>
                <vehicle id="cfm-slow_3" pos="44.23" speed="28.91"/>
            </lane>
            <lane id="left_1"/>
        </edge>
        <edge id="right">
            <lane id="right_0">
                <vehicle id="cfm-fast_0" pos="15.09" speed="26.60"/>
                <vehicle id="cfm-fast_2" pos="32.65" speed="25.05"/>
                <vehicle id="cfm-fast_3" pos="48.63" speed="24.07"/>
            </lane>
            <lane id="right_1"/>
        </edge>
        <edge id="top">
            <lane id="top_0">
                <vehicle id="cfm-fast_4" pos="13.67" speed="24.07"/>
                <vehicle id="cfm-slow_0" pos="28.89" speed="25.02"/>
                <vehicle id="cfm-slow_1" pos="49.09" speed="26.67"/>
            </lane>
            <lane id="top_1">
                <vehicle id="cfm-fast_5" pos="8.78" speed="95.32"/>
            </lane>
        </edge>
    </timestep>
    <timestep time="7.00">
        <edge id="bottom">
            <lane id="bottom_0">
                <vehicle id="cfm-slow_4" pos="18.54" speed="28.85"/>
                <vehicle id="cfm-slow_5" pos="42.42" speed="27.98"/>
            </lane>
            <lane id="bottom_1">
                <vehicle id="cfm-fast_1" pos="31.38" speed="85.35"/>
            </lane>
        </edge>
        <edge id="left">
            <lane id="left_0">
                <vehicle id="cfm-slow_2" pos="21.24" speed="28.11"/>
                <vehicle id="cfm-slow_3" pos="44.52" speed="28.91"/>
            </lane>
            <lane id="left_1"/>
        </edge>
        <edge id="right">
            <lane id="right_0">
                <vehicle id="cfm-fast_0" pos="15.35" speed="26.59"/>
                <vehicle id="cfm-fast_2" pos="32.90" speed="25.04"/>
                <vehicle id="cfm-fast_3" pos="48.87" speed="24.07"/>
            </lane>
            <lane id="right_1"/>
        </edge>
        <edge id="top">
            <lane id="top_0">
                <vehicle id="cfm-fast_4" pos="13.91" speed="24.08"/>
                <vehicle id="cfm-slow_0" pos="29.14" speed="25.04"/>
                <vehicle id="cfm-slow_1" pos="49.36" speed="26.68"/>
            </lane>
            <lane id="top_1">
                <vehicle id="cfm-fast_5" pos="9.73" speed="95.45"/>
            </lane>
        </edge>
    </timestep>
    <timestep time="7.01">
        <edge id="bottom">
            <lane id="bottom_0">
                <vehicle id="cfm-slow_4" pos="18.82" speed="28.85"/>
                <vehicle id="cfm-slow_5" pos="42.70" speed="27.97"/>
            </lane>
            <lane id="bottom_1">
                <vehicle id="cfm-fast_1" pos="32.23" speed="85.46"/>
            </lane>
        </edge>
        <edge id="left">
            <lane id="left_0">
                <vehicle id="cfm-slow_2" pos="21.52" speed="28.11"/>
                <vehicle id="cfm-slow_3" pos="44.81" speed="28.91"/>
            </lane>
            <lane id="left_1"/>
        </edge>
        <edge id="right">
            <lane id="right_0">
                <vehicle id="cfm-fast_0" pos="15.62" speed="26.57"/>
                <vehicle id="cfm-fast_2" pos="33.15" speed="25.03"/>
                <vehicle id="cfm-fast_3" pos="49.12" speed="24.07"/>
            </lane>
            <lane id="right_1"/>
        </edge>
        <edge id="top">
            <lane id="top_0">
                <vehicle id="cfm-fast_4" pos="14.15" speed="24.09"/>
                <vehicle id="cfm-slow_0" pos="29.39" speed="25.05"/>
                <vehicle id="cfm-slow_1" pos="49.63" speed="26.69"/>
            </lane>
            <lane id="top_1">
                <vehicle id="cfm-fast_5" pos="10.69" speed="95.59"/>
            </lane>
        </edge>
    </timestep>
    <timestep time="7.02">
        <edge id="bottom">
            <lane id="bottom_0">
                <vehicle id="cfm-slow_4" pos="19.11" speed="28.84"/>
                <vehicle id="cfm-slow_5" pos="42.98" speed="27.96"/>
            </lane>
            <lane id="bottom_1">
                <vehicle id="cfm-fast_1" pos="33.09" speed="85.57"/>
            </lane>
        </edge>
        <edge id="left">
            <lane id="left_0">
                <vehicle id="cfm-slow_2" pos="21.80" speed="28.12"/>
                <vehicle id="cfm-slow_3" pos="45.09" speed="28.91"/>
            </lane>
            <lane id="left_1"/>
        </edge>
        <edge id="right">
            <lane id="right_0">
                <vehicle id="cfm-fast_0" pos="15.88" speed="26.56"/>
                <vehicle id="cfm-fast_2" pos="33.40" speed="25.02"/>
                <vehicle id="cfm-fast_3" pos="49.36" speed="24.07"/>
            </lane>
            <lane id="right_1"/>
        </edge>
        <edge id="top">
            <lane id="top_0">
                <vehicle id="cfm-fast_4" pos="14.39" speed="24.10"/>
                <vehicle id="cfm-slow_0" pos="29.64" speed="25.07"/>
                <vehicle id="cfm-slow_1" pos="49.90" speed="26.71"/>
            </lane>
            <lane id="top_1">
                <vehicle id="cfm-fast_5" pos="11.65" speed="95.73"/>
            </lane>
        </edge>
    </timestep>
    <timestep time="7.03">
        <edge id="bottom">
            <lane id="bottom_0">
                <vehicle id="cfm-slow_4" pos="19.40" speed="28.83"/>
                <vehicle id="cfm-slow_5" pos="43.26" speed="27.94"/>
            </lane>
            <lane id="bottom_1">
                <vehicle id="cfm-fast_1" pos="33.95" speed="85.68"/>
            </lane>
        </edge>
        <edge id="left">
            <lane id="left_0">
                <vehicle id="cfm-slow_1" pos="0.16" speed="26.72"/>
                <vehicle id="cfm-slow_2" pos="22.08" speed="28.13"/>
                <vehicle id="cfm-slow_3" pos="45.38" speed="28.91"/>
            </lane>
            <lane id="left_1"/>
        </edge>
        <edge id="right">
            <lane id="right_0">
                <vehicle id="cfm-fast_0" pos="16.15" speed="26.54"/>
                <vehicle id="cfm-fast_2" pos="33.65" speed="25.02"/>
                <vehicle id="cfm-fast_3" pos="49.60" speed="24.07"/>
            </lane>
            <lane id="right_1"/>
        </edge>
        <edge id="top">
            <lane id="top_0">
                <vehicle id="cfm-fast_4" pos="14.64" speed="24.11"/>
                <vehicle id="cfm-slow_0" pos="29.89" speed="25.09"/>
            </lane>
            <lane id="top_1">
                <vehicle id="cfm-fast_5" pos="12.61" speed="95.86"/>
            </lane>
        </edge>
    </timestep>
    <timestep time="7.04">
        <edge id="bottom">
            <lane id="bottom_0">
                <vehicle id="cfm-slow_4" pos="19.69" speed="28.82"/>
                <vehicle id="cfm-slow_5" pos="43.54" speed="27.93"/>
            </lane>
            <lane id="bottom_1">
                <vehicle id="cfm-fast_1" pos="34.80" speed="85.79"/>
            </lane>
        </edge>
        <edge id="left">
            <lane id="left_0">
                <vehicle id="cfm-slow_1" pos="0.43" speed="26.74"/>
                <vehicle id="cfm-slow_2" pos="22.36" speed="28.14"/>
                <vehicle id="cfm-slow_3" pos="45.67" speed="28.91"/>
            </lane>
            <lane id="left_1"/>
        </edge>
        <edge id="right">
            <lane id="right_0">
                <vehicle id="cfm-fast_0" pos="16.41" speed="26.53"/>
                <vehicle id="cfm-fast_2" pos="33.90" speed="25.01"/>
                <vehicle id="cfm-fast_3" pos="49.84" speed="24.07"/>
            </lane>
            <lane id="right_1"/>
        </edge>
        <edge id="top">
            <lane id="top_0">
                <vehicle id="cfm-fast_4" pos="14.88" speed="24.12"/>
                <vehicle id="cfm-slow_0" pos="30.14" speed="25.10"/>
            </lane>
            <lane id="top_1">
                <vehicle id="cfm-fast_5" pos="13.57" speed="96.00"/>
            </lane>
        </edge>
    </timestep>
    <timestep time="7.05">
        <edge id="bottom">
            <lane id="bottom_0">
                <vehicle id="cfm-slow_4" pos="19.98" speed="28.81"/>
                <vehicle id="cfm-slow_5" pos="43.81" speed="27.92"/>
            </lane>
            <lane id="bottom_1">
                <vehicle id="cfm-fast_1" pos="35.66" speed="85.90"/>
            </lane>
        </edge>
        <edge id="left">
            <lane id="left_0">
                <vehicle id="cfm-slow_1" pos="0.70" speed="26.75"/>
                <vehicle id="cfm-slow_2" pos="22.64" speed="28.15"/>
                <vehicle id="cfm-slow_3" pos="45.96" speed="28.91"/>
            </lane>
            <lane id="left_1"/>
        </edge>
        <edge id="right">
            <lane id="right_0">
                <vehicle id="cfm-fast_0" pos="16.68" speed="26.51"/>
                <vehicle id="cfm-fast_2" pos="34.15" speed="25.00"/>
            </lane>
            <lane id="right_1"/>
        </edge>
        <edge id="top">
            <lane id="top_0">
                <vehicle id="cfm-fast_3" pos="0.08" speed="24.07"/>
                <vehicle id="cfm-fast_4" pos="15.12" speed="24.13"/>
                <vehicle id="cfm-slow_0" pos="30.39" speed="25.12"/>
            </lane>
            <lane id="top_1">
                <vehicle id="cfm-fast_5" pos="14.53" speed="96.14"/>
            </lane>
        </edge>
    </timestep>
    <timestep time="7.06">
        <edge id="bottom">
            <lane id="bottom_0">
                <vehicle id="cfm-slow_4" pos="20.27" speed="28.81"/>
                <vehicle id="cfm-slow_5" pos="44.09" speed="27.90"/>
            </lane>
            <lane id="bottom_1">
                <vehicle id="cfm-fast_1" pos="36.52" speed="86.01"/>
            </lane>
        </edge>
        <edge id="left">
            <lane id="left_0">
                <vehicle id="cfm-slow_1" pos="0.97" speed="26.77"/>
                <vehicle id="cfm-slow_2" pos="22.93" speed="28.16"/>
                <vehicle id="cfm-slow_3" pos="46.25" speed="28.91"/>
            </lane>
            <lane id="left_1"/>
        </edge>
        <edge id="right">
            <lane id="right_0">
                <vehicle id="cfm-fast_0" pos="16.94" speed="26.50"/>
                <vehicle id="cfm-fast_2" pos="34.40" speed="24.99"/>
            </lane>
            <lane id="right_1"/>
        </edge>
        <edge id="top">
            <lane id="top_0">
                <vehicle id="cfm-fast_3" pos="0.32" speed="24.07"/>
                <vehicle id="cfm-fast_4" pos="15.36" speed="24.14"/>
                <vehicle id="cfm-slow_0" pos="30.65" speed="25.14"/>
            </lane>
            <lane id="top_1">
                <vehicle id="cfm-fast_5" pos="15.49" speed="96.27"/>
            </lane>
        </edge>
    </timestep>
    <timestep time="7.07">
        <edge id="bottom">
            <lane id="bottom_0">
                <vehicle id="cfm-slow_4" pos="20.55" speed="28.80"/>
                <vehicle id="cfm-slow_5" pos="44.37" speed="27.89"/>
            </lane>
            <lane id="bottom_1">
                <vehicle id="cfm-fast_1" pos="37.38" speed="86.12"/>
            </lane>
        </edge>
        <edge id="left">
            <lane id="left_0">
                <vehicle id="cfm-slow_1" pos="1.23" speed="26.78"/>
                <vehicle id="cfm-slow_2" pos="23.21" speed="28.17"/>
                <vehicle id="cfm-slow_3" pos="46.54" speed="28.91"/>
            </lane>
            <lane id="left_1"/>
        </edge>
        <edge id="right">
            <lane id="right_0">
                <vehicle id="cfm-fast_0" pos="17.21" speed="26.49"/>
                <vehicle id="cfm-fast_2" pos="34.65" speed="24.98"/>
            </lane>
            <lane id="right_1"/>
        </edge>
        <edge id="top">
            <lane id="top_0">
                <vehicle id="cfm-fast_3" pos="0.56" speed="24.07"/>
                <vehicle id="cfm-fast_4" pos="15.60" speed="24.15"/>
                <vehicle id="cfm-slow_0" pos="30.90" speed="25.15"/>
            </lane>
            <lane id="top_1">
                <vehicle id="cfm-fast_5" pos="16.45" speed="96.41"/>
            </lane>
        </edge>
    </timestep>
    <timestep time="7.08">
        <edge id="bottom">
            <lane id="bottom_0">
                <vehicle id="cfm-slow_4" pos="20.84" speed="28.79"/>
                <vehicle id="cfm-slow_5" pos="44.65" speed="27.88"/>
            </lane>
            <lane id="bottom_1">
                <vehicle id="cfm-fast_1" pos="38.25" speed="86.23"/>
            </lane>
        </edge>
        <edge id="left">
            <lane id="left_0">
                <vehicle id="cfm-slow_1" pos="1.50" speed="26.80"/>
                <vehicle id="cfm-slow_2" pos="23.49" speed="28.17"/>
                <vehicle id="cfm-slow_3" pos="46.83" speed="28.91"/>
            </lane>
            <lane id="left_1"/>
        </edge>
        <edge id="right">
            <lane id="right_0">
                <vehicle id="cfm-fast_0" pos="17.47" speed="26.47"/>
                <vehicle id="cfm-fast_2" pos="34.90" speed="24.97"/>
            </lane>
            <lane id="right_1"/>
        </edge>
        <edge id="top">
            <lane id="top_0">
                <vehicle id="cfm-fast_3" pos="0.80" speed="24.07"/>
                <vehicle id="cfm-fast_4" pos="15.84" speed="24.16"/>
                <vehicle id="cfm-slow_0" pos="31.15" speed="25.17"/>
            </lane>
            <lane id="top_1">
                <vehicle id="cfm-fast_5" pos="17.42" speed="96.55"/>
            </lane>
        </edge>
    </timestep>
    <timestep time="7.09">
        <edge id="bottom">
            <lane id="bottom_0">
                <vehicle id="cfm-slow_4" pos="21.13" speed="28.78"/>
                <vehicle id="cfm-slow_5" pos="44.93" speed="27.86"/>
            </lane>
            <lane id="bottom_1">
                <vehicle id="cfm-fast_1" pos="39.11" speed="86.34"/>
            </lane>
        </edge>
        <edge id="left">
            <lane id="left_0">
                <vehicle id="cfm-slow_1" pos="1.77" speed="26.81"/>
                <vehicle id="cfm-slow_2" pos="23.77" speed="28.18"/>
                <vehicle id="cfm-slow_3" pos="47.12" speed="28.91"/>
            </lane>
            <lane id="left_1"/>
        </edge>
        <edge id="right">
            <lane id="right_0">
                <vehicle id="cfm-fast_0" pos="17.74" speed="26.46"/>
                <vehicle id="cfm-fast_2" pos="35.15" speed="24.96"/>
            </lane>
            <lane id="right_1"/>
        </edge>
        <edge id="top">
            <lane id="top_0">
                <vehicle id="cfm-fast_3" pos="1.04" speed="24.08"/>
                <vehicle id="cfm-fast_4" pos="16.08" speed="24.17"/>
                <vehicle id="cfm-slow_0" pos="31.40" speed="25.19"/>
            </lane>
            <lane id="top_1">
                <vehicle id="cfm-fast_5" pos="18.39" speed="96.68"/>
            </lane>
        </edge>
    </timestep>
    <timestep time="7.10">
        <edge id="bottom">
            <lane id="bottom_0">
                <vehicle id="cfm-slow_4" pos="21.42" speed="28.77"/>
                <vehicle id="cfm-slow_5" pos="45.21" speed="27.85"/>
            </lane>
            <lane id="bottom_1">
                <vehicle id="cfm-fast_1" pos="39.97" speed="86.46"/>
            </lane>
        </edge>
        <edge id="left">
            <lane id="left_0">
                <vehicle id="cfm-slow_1" pos="2.04" speed="26.82"/>
                <vehicle id="cfm-slow_2" pos="24.05" speed="28.19"/>
                <vehicle id="cfm-slow_3" pos="47.41" speed="28.91"/>
            </lane>
            <lane id="left_1"/>
        </edge>
        <edge id="right">
            <lane id="right_0">
                <vehicle id="cfm-fast_0" pos="18.00" speed="26.44"/>
                <vehicle id="cfm-fast_2" pos="35.40" speed="24.95"/>
            </lane>
            <lane id="right_1"/>
        </edge>
        <edge id="top">
            <lane id="top_0">
                <vehicle id="cfm-fast_3" pos="1.28" speed="24.08"/>
                <vehicle id="cfm-fast_4" pos="16.33" speed="24.18"/>
                <vehicle id="cfm-slow_0" pos="31.65" speed="25.20"/>
            </lane>
            <lane id="top_1">
                <vehicle id="cfm-fast_5" pos="19.36" speed="96.82"/>
            </lane>
        </edge>
    </timestep>
    <timestep time="7.11">
        <edge id="bottom">
            <lane id="bottom_0">
                <vehicle id="cfm-slow_4" pos="21.70" speed="28.77"/>
                <vehicle id="cfm-slow_5" pos="45.49" speed="27.84"/>
            </lane>
            <lane id="bottom_1">
                <vehicle id="cfm-fast_1" pos="40.84" speed="86.57"/>
            </lane>
        </edge>
        <edge id="left">
            <lane id="left_0">
                <vehicle id="cfm-slow_1" pos="2.31" speed="26.84"/>
                <vehicle id="cfm-slow_2" pos="24.34" speed="28.20"/>
                <vehicle id="cfm-slow_3" pos="47.70" speed="28.91"/>
            </lane>
            <lane id="left_1"/>
        </edge>
        <edge id="right">
            <lane id="right_0">
                <vehicle id="cfm-fast_0" pos="18.27" speed="26.43"/>
                <vehicle id="cfm-fast_2" pos="35.65" speed="24.94"/>
            </lane>
            <lane id="right_1"/>
        </edge>
        <edge id="top">
            <lane id="top_0">
                <vehicle id="cfm-fast_3" pos="1.52" speed="24.08"/>
                <vehicle id="cfm-fast_4" pos="16.57" speed="24.19"/>
                <vehicle id="cfm-slow_0" pos="31.91" speed="25.22"/>
            </lane>
            <lane id="top_1">
                <vehicle id="cfm-fast_5" pos="20.32" speed="96.95"/>
            </lane>
        </edge>
    </timestep>
    <timestep time="7.12">
        <edge id="bottom">
            <lane id="bottom_0">
                <vehicle id="cfm-slow_4" pos="21.99" speed="28.76"/>
                <vehicle id="cfm-slow_5" pos="45.77" speed="27.82"/>
            </lane>
            <lane id="bottom_1">
                <vehicle id="cfm-fast_1" pos="41.71" speed="86.68"/>
            </lane>
        </edge>
        <edge id="left">
            <lane id="left_0">
                <vehicle id="cfm-slow_1" pos="2.57" speed="26.85"/>
                <vehicle id="cfm-slow_2" pos="24.62" speed="28.21"/>
                <vehicle id="cfm-slow_3" pos="47.99" speed="28.91"/>
            </lane>
            <lane id="left_1"/>
        </edge>
        <edge id="right">
            <lane id="right_0">
                <vehicle id="cfm-fast_0" pos="18.53" speed="26.42"/>
                <vehicle id="cfm-fast_2" pos="35.90" speed="24.94"/>
            </lane>
            <lane id="right_1"/>
        </edge>
        <edge id="top">
            <lane id="top_0">
                <vehicle id="cfm-fast_3" pos="1.76" speed="24.08"/>
                <vehicle id="cfm-fast_4" pos="16.81" speed="24.20"/>
                <vehicle id="cfm-slow_0" pos="32.16" speed="25.24"/>
            </lane>
            <lane id="top_1">
                <vehicle id="cfm-fast_5" pos="21.30" speed="97.09"/>
            </lane>
        </edge>
    </timestep>
    <timestep time="7.13">
        <edge id="bottom">
            <lane id="bottom_0">
                <vehicle id="cfm-slow_4" pos="22.28" speed="28.75"/>
                <vehicle id="cfm-slow_5" pos="46.04" speed="27.81"/>
            </lane>
            <lane id="bottom_1">
                <vehicle id="cfm-fast_1" pos="42.58" speed="86.79"/>
            </lane>
        </edge>
        <edge id="left">
            <lane id="left_0">
                <vehicle id="cfm-slow_1" pos="2.84" speed="26.87"/>
                <vehicle id="cfm-slow_2" pos="24.90" speed="28.21"/>
                <vehicle id="cfm-slow_3" pos="48.27" speed="28.91"/>
            </lane>
            <lane id="left_1"/>
        </edge>
        <edge id="right">
            <lane id="right_0">
                <vehicle id="cfm-fast_0" pos="18.80" speed="26.40"/>
                <vehicle id="cfm-fast_2" pos="36.15" speed="24.93"/>
            </lane>
            <lane id="right_1"/>
        </edge>
        <edge id="top">
            <lane id="top_0">
                <vehicle id="cfm-fast_3" pos="2.00" speed="24.08"/>
                <vehicle id="cfm-fast_4" pos="17.05" speed="24.21"/>
                <vehicle id="cfm-slow_0" pos="32.41" speed="25.25"/>
            </lane>
            <lane id="top_1">
                <vehicle id="cfm-fast_5" pos="22.27" speed="97.23"/>
            </lane>
        </edge>
    </timestep>
    <timestep time="7.14">
        <edge id="bottom">
            <lane id="bottom_0">
                <vehicle id="cfm-slow_4" pos="22.57" speed="28.74"/>
                <vehicle id="cfm-slow_5" pos="46.32" speed="27.80"/>
            </lane>
            <lane id="bottom_1">
                <vehicle id="cfm-fast_1" pos="43.44" speed="86.90"/>
            </lane>
        </edge>
        <edge id="left">
            <lane id="left_0">
                <vehicle id="cfm-slow_1" pos="3.11" speed="26.88"/>
                <vehicle id="cfm-slow_2" pos="25.18" speed="28.22"/>
                <vehicle id="cfm-slow_3" pos="48.56" speed="28.91"/>
            </lane>
            <lane id="left_1"/>
        </edge>
        <edge id="right">
            <lane id="right_0">
                <vehicle id="cfm-fast_0" pos="19.06" speed="26.39"/>
                <vehicle id="cfm-fast_2" pos="36.40" speed="24.92"/>
            </lane>
            <lane id="right_1"/>
        </edge>
        <edge id="top">
            <lane id="top_0">
                <vehicle id="cfm-fast_3" pos="2.24" speed="24.08"/>
                <vehicle id="cfm-fast_4" pos="17.29" speed="24.22"/>
                <vehicle id="cfm-slow_0" pos="32.66" speed="25.27"/>
            </lane>
            <lane id="top_1">
                <vehicle id="cfm-fast_5" pos="23.24" speed="97.36"/>
            </lane>
        </edge>
    </timestep>
    <timestep time="7.15">
        <edge id="bottom">
            <lane id="bottom_0">
                <vehicle id="cfm-slow_4" pos="22.85" speed="28.73"/>
                <vehicle id="cfm-slow_5" pos="46.60" speed="27.78"/>
            </lane>
            <lane id="bottom_1">
                <vehicle id="cfm-fast_1" pos="44.31" speed="87.02"/>
            </lane>
        </edge>
        <edge id="left">
            <lane id="left_0">
                <vehicle id="cfm-slow_1" pos="3.38" speed="26.90"/>
                <vehicle id="cfm-slow_2" pos="25.46" speed="28.23"/>
                <vehicle id="cfm-slow_3" pos="48.85" speed="28.91"/>
            </lane>
            <lane id="left_1"/>
        </edge>
        <edge id="right">
            <lane id="right_0">
                <vehicle id="cfm-fast_0" pos="19.32" speed="26.37"/>
                <vehicle id="cfm-fast_2" pos="36.65" speed="24.91"/>
            </lane>
            <lane id="right_1"/>
        </edge>
        <edge id="top">
            <lane id="top_0">
                <vehicle id="cfm-fast_3" pos="2.49" speed="24.08"/>
                <vehicle id="cfm-fast_4" pos="17.54" speed="24.23"/>
                <vehicle id="cfm-slow_0" pos="32.92" speed="25.28"/>
            </lane>
            <lane id="top_1">
                <vehicle id="cfm-fast_5" pos="24.22" speed="97.50"/>
            </lane>
        </edge>
    </timestep>
    <timestep time="7.16">
        <edge id="bottom">
            <lane id="bottom_0">
                <vehicle id="cfm-slow_4" pos="23.14" speed="28.72"/>
                <vehicle id="cfm-slow_5" pos="46.88" speed="27.77"/>
            </lane>
            <lane id="bottom_1">
                <vehicle id="cfm-fast_1" pos="45.19" speed="87.13"/>
            </lane>
        </edge>
        <edge id="left">
            <lane id="left_0">
                <vehicle id="cfm-slow_1" pos="3.65" speed="26.91"/>
                <vehicle id="cfm-slow_2" pos="25.75" speed="28.24"/>
                <vehicle id="cfm-slow_3" pos="49.14" speed="28.91"/>
            </lane>
            <lane id="left_1"/>
        </edge>
        <edge id="right">
            <lane id="right_0">
                <vehicle id="cfm-fast_0" pos="19.59" speed="26.36"/>
                <vehicle id="cfm-fast_2" pos="36.90" speed="24.90"/>
            </lane>
            <lane id="right_1"/>
        </edge>
        <edge id="top">
            <lane id="top_0">
                <vehicle id="cfm-fast_3" pos="2.73" speed="24.08"/>
                <vehicle id="cfm-fast_4" pos="17.78" speed="24.24"/>
                <vehicle id="cfm-slow_0" pos="33.17" speed="25.30"/>
            </lane>
            <lane id="top_1">
                <vehicle id="cfm-fast_5" pos="25.19" speed="97.64"/>
            </lane>
        </edge>
    </timestep>
    <timestep time="7.17">
        <edge id="bottom">
            <lane id="bottom_0">
                <vehicle id="cfm-slow_4" pos="23.43" speed="28.72"/>
                <vehicle id="cfm-slow_5" pos="47.15" speed="27.76"/>
            </lane>
            <lane id="bottom_1">
                <vehicle id="cfm-fast_1" pos="46.06" speed="87.24"/>
            </lane>
        </edge>
        <edge id="left">
            <lane id="left_0">
                <vehicle id="cfm-slow_1" pos="3.92" speed="26.92"/>
                <vehicle id="cfm-slow_2" pos="26.03" speed="28.24"/>
                <vehicle id="cfm-slow_3" pos="49.43" speed="28.91"/>
            </lane>
            <lane id="left_1"/>
        </edge>
        <edge id="right">
            <lane id="right_0">
                <vehicle id="cfm-fast_0" pos="19.85" speed="26.35"/>
                <vehicle id="cfm-fast_2" pos="37.14" speed="24.89"/>
            </lane>
            <lane id="right_1"/>
        </edge>
        <edge id="top">
            <lane id="top_0">
                <vehicle id="cfm-fast_3" pos="2.97" speed="24.08"/>
                <vehicle id="cfm-fast_4" pos="18.02" speed="24.25"/>
                <vehicle id="cfm-slow_0" pos="33.42" speed="25.32"/>
            </lane>
            <lane id="top_1">
                <vehicle id="cfm-fast_5" pos="26.17" speed="97.77"/>
            </lane>
        </edge>
    </timestep>
    <timestep time="7.18">
        <edge id="bottom">
            <lane id="bottom_0">
                <vehicle id="cfm-slow_4" pos="23.72" speed="28.71"/>
                <vehicle id="cfm-slow_5" pos="47.43" speed="27.74"/>
            </lane>
            <lane id="bottom_1">
                <vehicle id="cfm-fast_1" pos="46.93" speed="87.35"/>
            </lane>
        </edge>
        <edge id="left">
            <lane id="left_0">
                <vehicle id="cfm-slow_1" pos="4.19" speed="26.94"/>
                <vehicle id="cfm-slow_2" pos="26.31" speed="28.25"/>
                <vehicle id="cfm-slow_3" pos="49.72" speed="28.91"/>
            </lane>
            <lane id="left_1"/>
        </edge>
        <edge id="right">
            <lane id="right_0">
                <vehicle id="cfm-fast_0" pos="20.11" speed="26.33"/>
                <vehicle id="cfm-fast_2" pos="37.39" speed="24.89"/>
            </lane>
            <lane id="right_1"/>
        </edge>
        <edge id="top">
            <lane id="top_0">
                <vehicle id="cfm-fast_3" pos="3.21" speed="24.08"/>
                <vehicle id="cfm-fast_4" pos="18.26" speed="24.27"/>
                <vehicle id="cfm-slow_0" pos="33.68" speed="25.33"/>
            </lane>
            <lane id="top_1">
                <vehicle id="cfm-fast_5" pos="27.15" speed="97.91"/>
            </lane>
        </edge>
    </timestep>
    <timestep time="7.19">
        <edge id="bottom">
            <lane id="bottom_0">
                <vehicle id="cfm-slow_3" pos="0.01" speed="28.90"/>
                <vehicle id="cfm-slow_4" pos="24.00" speed="28.70"/>
                <vehicle id="cfm-slow_5" pos="47.71" speed="27.73"/>
            </lane>
            <lane id="bottom_1">
                <vehicle id="cfm-fast_1" pos="47.81" speed="87.47"/>
            </lane>
        </edge>
        <edge id="left">
            <lane id="left_0">
                <vehicle id="cfm-slow_1" pos="4.46" speed="26.95"/>
                <vehicle id="cfm-slow_2" pos="26.59" speed="28.26"/>
            </lane>
            <lane id="left_1"/>
        </edge>
        <edge id="right">
            <lane id="right_0">
                <vehicle id="cfm-fast_0" pos="20.38" speed="26.32"/>
                <vehicle id="cfm-fast_2" pos="37.64" speed="24.88"/>
            </lane>
            <lane id="right_1"/>
        </edge>
        <edge id="top">
            <lane id="top_0">
                <vehicle id="cfm-fast_3" pos="3.45" speed="24.08"/>
                <vehicle id="cfm-fast_4" pos="18.51" speed="24.28"/>
                <vehicle id="cfm-slow_0" pos="33.93" speed="25.35"/>
            </lane>
            <lane id="top_1">
                <vehicle id="cfm-fast_5" pos="28.13" speed="98.05"/>
            </lane>
        </edge>
    </timestep>
    <timestep time="7.20">
        <edge id="bottom">
            <lane id="bottom_0">
                <vehicle id="cfm-slow_3" pos="0.30" speed="28.90"/>
                <vehicle id="cfm-slow_4" pos="24.29" speed="28.69"/>
                <vehicle id="cfm-slow_5" pos="47.99" speed="27.72"/>
            </lane>
            <lane id="bottom_1">
                <vehicle id="cfm-fast_1" pos="48.68" speed="87.58"/>
            </lane>
        </edge>
        <edge id="left">
            <lane id="left_0">
                <vehicle id="cfm-slow_1" pos="4.73" speed="26.96"/>
                <vehicle id="cfm-slow_2" pos="26.88" speed="28.27"/>
            </lane>
            <lane id="left_1"/>
        </edge>
        <edge id="right">
            <lane id="right_0">
                <vehicle id="cfm-fast_0" pos="20.64" speed="26.31"/>
                <vehicle id="cfm-fast_2" pos="37.89" speed="24.87"/>
            </lane>
            <lane id="right_1"/>
        </edge>
        <edge id="top">
            <lane id="top_0">
                <vehicle id="cfm-fast_3" pos="3.69" speed="24.09"/>
                <vehicle id="cfm-fast_4" pos="18.75" speed="24.29"/>
                <vehicle id="cfm-slow_0" pos="34.18" speed="25.37"/>
            </lane>
            <lane id="top_1">
                <vehicle id="cfm-fast_5" pos="29.11" speed="98.18"/>
            </lane>
        </edge>
    </timestep>
    <timestep time="7.21">
        <edge id="bottom">
            <lane id="bottom_0">
                <vehicle id="cfm-slow_3" pos="0.59" speed="28.90"/>
                <vehicle id="cfm-slow_4" pos="24.58" speed="28.68"/>
                <vehicle id="cfm-slow_5" pos="48.26" speed="27.70"/>
            </lane>
            <lane id="bottom_1">
                <vehicle id="cfm-fast_1" pos="49.56" speed="87.69"/>
            </lane>
        </edge>
        <edge id="left">
            <lane id="left_0">
                <vehicle id="cfm-slow_1" pos="5.00" speed="26.98"/>
                <vehicle id="cfm-slow_2" pos="27.16" speed="28.27"/>
            </lane>
            <lane id="left_1"/>
        </edge>
        <edge id="right">
            <lane id="right_0">
                <vehicle id="cfm-fast_0" pos="20.90" speed="26.29"/>
                <vehicle id="cfm-fast_2" pos="38.14" speed="24.86"/>
            </lane>
            <lane id="right_1"/>
        </edge>
        <edge id="top">
            <lane id="top_0">
                <vehicle id="cfm-fast_3" pos="3.93" speed="24.09"/>
                <vehicle id="cfm-fast_4" pos="18.99" speed="24.30"/>
                <vehicle id="cfm-slow_0" pos="34.44" speed="25.38"/>
            </lane>
            <lane id="top_1">
                <vehicle id="cfm-fast_5" pos="30.10" speed="98.32"/>
            </lane>
        </edge>
    </timestep>
    <timestep time="7.22">
        <edge id="bottom">
            <lane id="bottom_0">
                <vehicle id="cfm-slow_3" pos="0.88" speed="28.90"/>
                <vehicle id="cfm-slow_4" pos="24.86" speed="28.67"/>
                <vehicle id="cfm-slow_5" pos="48.54" speed="27.69"/>
            </lane>
            <lane id="bottom_1"/>
        </edge>
        <edge id="left">
            <lane id="left_0">
                <vehicle id="cfm-slow_1" pos="5.27" speed="26.99"/>
                <vehicle id="cfm-slow_2" pos="27.44" speed="28.28"/>
            </lane>
            <lane id="left_1"/>
        </edge>
        <edge id="right">
            <lane id="right_0">
                <vehicle id="cfm-fast_0" pos="21.17" speed="26.28"/>
                <vehicle id="cfm-fast_2" pos="38.39" speed="24.85"/>
            </lane>
            <lane id="right_1">
                <vehicle id="cfm-fast_1" pos="0.44" speed="87.81"/>
            </lane>
        </edge>
        <edge id="top">
            <lane id="top_0">
                <vehicle id="cfm-fast_3" pos="4.17" speed="24.09"/>
                <vehicle id="cfm-fast_4" pos="19.24" speed="24.31"/>
                <vehicle id="cfm-slow_0" pos="34.69" speed="25.40"/>
            </lane>
            <lane id="top_1">
                <vehicle id="cfm-fast_5" pos="31.08" speed="98.45"/>
            </lane>
        </edge>
    </timestep>
    <timestep time="7.23">
        <edge id="bottom">
            <lane id="bottom_0">
                <vehicle id="cfm-slow_3" pos="1.16" speed="28.90"/>
                <vehicle id="cfm-slow_4" pos="25.15" speed="28.66"/>
                <vehicle id="cfm-slow_5" pos="48.82" speed="27.68"/>
            </lane>
            <lane id="bottom_1"/>
        </edge>
        <edge id="left">
            <lane id="left_0">
                <vehicle id="cfm-slow_1" pos="5.54" speed="27.00"/>
                <vehicle id="cfm-slow_2" pos="27.73" speed="28.29"/>
            </lane>
            <lane id="left_1"/>
        </edge>
        <edge id="right">
            <lane id="right_0">
                <vehicle id="cfm-fast_0" pos="21.43" speed="26.26"/>
                <vehicle id="cfm-fast_2" pos="38.64" speed="24.85"/>
            </lane>
            <lane id="right_1">
                <vehicle id="cfm-fast_1" pos="1.32" speed="87.92"/>
            </lane>
        </edge>
        <edge id="top">
            <lane id="top_0">
                <vehicle id="cfm-fast_3" pos="4.41" speed="24.09"/>
                <vehicle id="cfm-fast_4" pos="19.48" speed="24.32"/>
                <vehicle id="cfm-slow_0" pos="34.94" speed="25.41"/>
            </lane>
            <lane id="top_1">
                <vehicle id="cfm-fast_5" pos="32.07" speed="98.59"/>
            </lane>
        </edge>
    </timestep>
    <timestep time="7.24">
        <edge id="bottom">
            <lane id="bottom_0">
                <vehicle id="cfm-slow_3" pos="1.45" speed="28.90"/>
                <vehicle id="cfm-slow_4" pos="25.44" speed="28.65"/>
                <vehicle id="cfm-slow_5" pos="49.09" speed="27.66"/>
            </lane>
            <lane id="bottom_1"/>
        </edge>
        <edge id="left">
            <lane id="left_0">
                <vehicle id="cfm-slow_1" pos="5.81" speed="27.02"/>
                <vehicle id="cfm-slow_2" pos="28.01" speed="28.30"/>
            </lane>
            <lane id="left_1"/>
        </edge>
        <edge id="right">
            <lane id="right_0">
                <vehicle id="cfm-fast_0" pos="21.69" speed="26.25"/>
                <vehicle id="cfm-fast_2" pos="38.88" speed="24.84"/>
            </lane>
            <lane id="right_1">
                <vehicle id="cfm-fast_1" pos="2.20" speed="88.03"/>
            </lane>
        </edge>
        <edge id="top">
            <lane id="top_0">
                <vehicle id="cfm-fast_3" pos="4.65" speed="24.09"/>
                <vehicle id="cfm-fast_4" pos="19.72" speed="24.33"/>
                <vehicle id="cfm-slow_0" pos="35.20" speed="25.43"/>
            </lane>
            <lane id="top_1">
                <vehicle id="cfm-fast_5" pos="33.05" speed="98.73"/>
            </lane>
        </edge>
    </timestep>
    <timestep time="7.25">
        <edge id="bottom">
            <lane id="bottom_0">
                <vehicle id="cfm-slow_3" pos="1.74" speed="28.90"/>
                <vehicle id="cfm-slow_4" pos="25.72" speed="28.64"/>
                <vehicle id="cfm-slow_5" pos="49.37" speed="27.65"/>
            </lane>
            <lane id="bottom_1"/>
        </edge>
        <edge id="left">
            <lane id="left_0">
                <vehicle id="cfm-slow_1" pos="6.08" speed="27.03"/>
                <vehicle id="cfm-slow_2" pos="28.29" speed="28.30"/>
            </lane>
            <lane id="left_1"/>
        </edge>
        <edge id="right">
            <lane id="right_0">
                <vehicle id="cfm-fast_0" pos="21.95" speed="26.24"/>
                <vehicle id="cfm-fast_2" pos="39.13" speed="24.83"/>
            </lane>
            <lane id="right_1">
                <vehicle id="cfm-fast_1" pos="3.08" speed="88.15"/>
            </lane>
        </edge>
        <edge id="top">
            <lane id="top_0">
                <vehicle id="cfm-fast_3" pos="4.89" speed="24.10"/>
                <vehicle id="cfm-fast_4" pos="19.97" speed="24.34"/>
                <vehicle id="cfm-slow_0" pos="35.45" speed="25.45"/>
            </lane>
            <lane id="top_1">
                <vehicle id="cfm-fast_5" pos="34.04" speed="98.86"/>
            </lane>
        </edge>
    </timestep>
    <timestep time="7.26">
        <edge id="bottom">
            <lane id="bottom_0">
                <vehicle id="cfm-slow_3" pos="2.03" speed="28.90"/>
                <vehicle id="cfm-slow_4" pos="26.01" speed="28.64"/>
                <vehicle id="cfm-slow_5" pos="49.65" speed="27.64"/>
            </lane>
            <lane id="bottom_1"/>
        </edge>
        <edge id="left">
            <lane id="left_0">
                <vehicle id="cfm-slow_1" pos="6.35" speed="27.04"/>
                <vehicle id="cfm-slow_2" pos="28.57" speed="28.31"/>
            </lane>
            <lane id="left_1"/>
        </edge>
        <edge id="right">
            <lane id="right_0">
                <vehicle id="cfm-fast_0" pos="22.22" speed="26.22"/>
                <vehicle id="cfm-fast_2" pos="39.38" speed="24.83"/>
            </lane>
            <lane id="right_1">
                <vehicle id="cfm-fast_1" pos="3.96" speed="88.26"/>
            </lane>
        </edge>
        <edge id="top">
            <lane id="top_0">
                <vehicle id="cfm-fast_3" pos="5.14" speed="24.10"/>
                <vehicle id="cfm-fast_4" pos="20.21" speed="24.35"/>
                <vehicle id="cfm-slow_0" pos="35.71" speed="25.46"/>
            </lane>
            <lane id="top_1">
                <vehicle id="cfm-fast_5" pos="35.03" speed="99.00"/>
            </lane>
        </edge>
    </timestep>
    <timestep time="7.27">
        <edge id="bottom">
            <lane id="bottom_0">
                <vehicle id="cfm-slow_3" pos="2.32" speed="28.89"/>
                <vehicle id="cfm-slow_4" pos="26.30" speed="28.63"/>
                <vehicle id="cfm-slow_5" pos="49.92" speed="27.62"/>
            </lane>
            <lane id="bottom_1"/>
        </edge>
        <edge id="left">
            <lane id="left_0">
                <vehicle id="cfm-slow_1" pos="6.62" speed="27.06"/>
                <vehicle id="cfm-slow_2" pos="28.86" speed="28.32"/>
            </lane>
            <lane id="left_1"/>
        </edge>
        <edge id="right">
            <lane id="right_0">
                <vehicle id="cfm-fast_0" pos="22.48" speed="26.21"/>
                <vehicle id="cfm-fast_2" pos="39.63" speed="24.82"/>
            </lane>
            <lane id="right_1">
                <vehicle id="cfm-fast_1" pos="4.84" speed="88.38"/>
            </lane>
        </edge>
        <edge id="top">
            <lane id="top_0">
                <vehicle id="cfm-fast_3" pos="5.38" speed="24.10"/>
                <vehicle id="cfm-fast_4" pos="20.45" speed="24.37"/>
                <vehicle id="cfm-slow_0" pos="35.96" speed="25.48"/>
            </lane>
            <lane id="top_1">
                <vehicle id="cfm-fast_5" pos="36.02" speed="99.14"/>
            </lane>
        </edge>
    </timestep>
    <timestep time="7.28">
        <edge id="bottom">
            <lane id="bottom_0">
                <vehicle id="cfm-slow_3" pos="2.61" speed="28.89"/>
                <vehicle id="cfm-slow_4" pos="26.58" speed="28.62"/>
            </lane>
            <lane id="bottom_1"/>
        </edge>
        <edge id="left">
            <lane id="left_0">
                <vehicle id="cfm-slow_1" pos="6.89" speed="27.07"/>
                <vehicle id="cfm-slow_2" pos="29.14" speed="28.32"/>
            </lane>
            <lane id="left_1"/>
        </edge>
        <edge id="right">
            <lane id="right_0">
                <vehicle id="cfm-slow_5" pos="0.20" speed="27.61"/>
                <vehicle id="cfm-fast_0" pos="22.74" speed="26.20"/>
                <vehicle id="cfm-fast_2" pos="39.88" speed="24.81"/>
            </lane>
            <lane id="right_1">
                <vehicle id="cfm-fast_1" pos="5.73" speed="88.49"/>
            </lane>
        </edge>
        <edge id="top">
            <lane id="top_0">
                <vehicle id="cfm-fast_3" pos="5.62" speed="24.10"/>
                <vehicle id="cfm-fast_4" pos="20.70" speed="24.38"/>
                <vehicle id="cfm-slow_0" pos="36.22" speed="25.49"/>
            </lane>
            <lane id="top_1">
                <vehicle id="cfm-fast_5" pos="37.02" speed="99.27"/>
            </lane>
        </edge>
    </timestep>
    <timestep time="7.29">
        <edge id="bottom">
            <lane id="bottom_0">
                <vehicle id="cfm-slow_3" pos="2.90" speed="28.89"/>
                <vehicle id="cfm-slow_4" pos="26.87" speed="28.61"/>
            </lane>
            <lane id="bottom_1"/>
        </edge>
        <edge id="left">
            <lane id="left_0">
                <vehicle id="cfm-slow_1" pos="7.16" speed="27.08"/>
                <vehicle id="cfm-slow_2" pos="29.42" speed="28.33"/>
            </lane>
            <lane id="left_1"/>
        </edge>
        <edge id="right">
            <lane id="right_0">
                <vehicle id="cfm-slow_5" pos="0.47" speed="27.60"/>
                <vehicle id="cfm-fast_0" pos="23.00" speed="26.19"/>
                <vehicle id="cfm-fast_2" pos="40.13" speed="24.80"/>
            </lane>
            <lane id="right_1">
                <vehicle id="cfm-fast_1" pos="6.62" speed="88.60"/>
            </lane>
        </edge>
        <edge id="top">
            <lane id="top_0">
                <vehicle id="cfm-fast_3" pos="5.86" speed="24.10"/>
                <vehicle id="cfm-fast_4" pos="20.94" speed="24.39"/>
                <vehicle id="cfm-slow_0" pos="36.47" speed="25.51"/>
            </lane>
            <lane id="top_1">
                <vehicle id="cfm-fast_5" pos="38.01" speed="99.41"/>
            </lane>
        </edge>
    </timestep>
    <timestep time="7.30">
        <edge id="bottom">
            <lane id="bottom_0">
                <vehicle id="cfm-slow_3" pos="3.19" speed="28.89"/>
                <vehicle id="cfm-slow_4" pos="27.15" speed="28.60"/>
            </lane>
            <lane id="bottom_1"/>
        </edge>
        <edge id="left">
            <lane id="left_0">
                <vehicle id="cfm-slow_1" pos="7.43" speed="27.10"/>
                <vehicle id="cfm-slow_2" pos="29.71" speed="28.34"/>
            </lane>
            <lane id="left_1"/>
        </edge>
        <edge id="right">
            <lane id="right_0">
                <vehicle id="cfm-slow_5" pos="0.75" speed="27.58"/>
                <vehicle id="cfm-fast_0" pos="23.26" speed="26.17"/>
                <vehicle id="cfm-fast_2" pos="40.37" speed="24.80"/>
            </lane>
            <lane id="right_1">
                <vehicle id="cfm-fast_1" pos="7.50" speed="88.72"/>
            </lane>
        </edge>
        <edge id="top">
            <lane id="top_0">
                <vehicle id="cfm-fast_3" pos="6.10" speed="24.11"/>
                <vehicle id="cfm-fast_4" pos="21.18" speed="24.40"/>
                <vehicle id="cfm-slow_0" pos="36.73" speed="25.53"/>
            </lane>
            <lane id="top_1">
                <vehicle id="cfm-fast_5" pos="39.01" speed="99.55"/>
            </lane>
        </edge>
    </timestep>
    <timestep time="7.31">
        <edge id="bottom">
            <lane id="bottom_0">
                <vehicle id="cfm-slow_3" pos="3.48" speed="28.89"/>
                <vehicle id="cfm-slow_4" pos="27.44" speed="28.59"/>
            </lane>
            <lane id="bottom_1"/>
        </edge>
        <edge id="left">
            <lane id="left_0">
                <vehicle id="cfm-slow_1" pos="7.70" speed="27.11"/>
                <vehicle id="cfm-slow_2" pos="29.99" speed="28.34"/>
            </lane>
            <lane id="left_1"/>
        </edge>
        <edge id="right">
            <lane id="right_0">
                <vehicle id="cfm-slow_5" pos="1.03" speed="27.57"/>
                <vehicle id="cfm-fast_0" pos="23.52" speed="26.16"/>
                <vehicle id="cfm-fast_2" pos="40.62" speed="24.79"/>
            </lane>
            <lane id="right_1">
                <vehicle id="cfm-fast_1" pos="8.39" speed="88.83"/>
            </lane>
        </edge>
        <edge id="top">
            <lane id="top_0">
                <vehicle id="cfm-fast_3" pos="6.34" speed="24.11"/>
                <vehicle id="cfm-fast_4" pos="21.43" speed="24.41"/>
                <vehicle id="cfm-slow_0" pos="36.98" speed="25.54"/>
            </lane>
            <lane id="top_1">
                <vehicle id="cfm-fast_5" pos="40.00" speed="99.68"/>
            </lane>
        </edge>
    </timestep>
    <timestep time="7.32">
        <edge id="bottom">
            <lane id="bottom_0">
                <vehicle id="cfm-slow_3" pos="3.77" speed="28.88"/>
                <vehicle id="cfm-slow_4" pos="27.73" speed="28.58"/>
            </lane>
            <lane id="bottom_1"/>
        </edge>
        <edge id="left">
            <lane id="left_0">
                <vehicle id="cfm-slow_1" pos="7.97" speed="27.12"/>
                <vehicle id="cfm-slow_2" pos="30.27" speed="28.35"/>
            </lane>
            <lane id="left_1"/>
        </edge>
        <edge id="right">
            <lane id="right_0">
                <vehicle id="cfm-slow_5" pos="1.30" speed="27.56"/>
                <vehicle id="cfm-fast_0" pos="23.79" speed="26.15"/>
                <vehicle id="cfm-fast_2" pos="40.87" speed="24.78"/>
            </lane>
            <lane id="right_1">
                <vehicle id="cfm-fast_1" pos="9.28" speed="88.95"/>
            </lane>
        </edge>
        <edge id="top">
            <lane id="top_0">
                <vehicle id="cfm-fast_3" pos="6.58" speed="24.11"/>
                <vehicle id="cfm-fast_4" pos="21.67" speed="24.42"/>
                <vehicle id="cfm-slow_0" pos="37.24" speed="25.56"/>
            </lane>
            <lane id="top_1">
                <vehicle id="cfm-fast_5" pos="41.00" speed="99.82"/>
            </lane>
        </edge>
    </timestep>
    <timestep time="7.33">
        <edge id="bottom">
            <lane id="bottom_0">
                <vehicle id="cfm-slow_3" pos="4.05" speed="28.88"/>
                <vehicle id="cfm-slow_4" pos="28.01" speed="28.57"/>
            </lane>
            <lane id="bottom_1"/>
        </edge>
        <edge id="left">
            <lane id="left_0">
                <vehicle id="cfm-slow_1" pos="8.25" speed="27.13"/>
                <vehicle id="cfm-slow_2" pos="30.56" speed="28.35"/>
            </lane>
            <lane id="left_1"/>
        </edge>
        <edge id="right">
            <lane id="right_0">
                <vehicle id="cfm-slow_5" pos="1.58" speed="27.54"/>
                <vehicle id="cfm-fast_0" pos="24.05" speed="26.13"/>
                <vehicle id="cfm-fast_2" pos="41.12" speed="24.78"/>
            </lane>
            <lane id="right_1">
                <vehicle id="cfm-fast_1" pos="10.17" speed="89.06"/>
            </lane>
        </edge>
        <edge id="top">
            <lane id="top_0">
                <vehicle id="cfm-fast_3" pos="6.82" speed="24.11"/>
                <vehicle id="cfm-fast_4" pos="21.92" speed="24.44"/>
                <vehicle id="cfm-slow_0" pos="37.49" speed="25.57"/>
            </lane>
            <lane id="top_1">
                <vehicle id="cfm-fast_5" pos="42.00" speed="99.95"/>
            </lane>
        </edge>
    </timestep>
    <timestep time="7.34">
        <edge id="bottom">
            <lane id="bottom_0">
                <vehicle id="cfm-slow_3" pos="4.34" speed="28.88"/>
                <vehicle id="cfm-slow_4" pos="28.30" speed="28.56"/>
            </lane>
            <lane id="bottom_1"/>
        </edge>
        <edge id="left">
            <lane id="left_0">
                <vehicle id="cfm-slow_1" pos="8.52" speed="27.15"/>
                <vehicle id="cfm-slow_2" pos="30.84" speed="28.36"/>
            </lane>
            <lane id="left_1"/>
        </edge>
        <edge id="right">
            <lane id="right_0">
                <vehicle id="cfm-slow_5" pos="1.85" speed="27.53"/>
                <vehicle id="cfm-fast_0" pos="24.31" speed="26.12"/>
                <vehicle id="cfm-fast_2" pos="41.36" speed="24.77"/>
            </lane>
            <lane id="right_1">
                <vehicle id="cfm-fast_1" pos="11.06" speed="89.18"/>
            </lane>
        </edge>
        <edge id="top">
            <lane id="top_0">
                <vehicle id="cfm-fast_3" pos="7.06" speed="24.12"/>
                <vehicle id="cfm-fast_4" pos="22.16" speed="24.45"/>
                <vehicle id="cfm-slow_0" pos="37.75" speed="25.59"/>
            </lane>
            <lane id="top_1">
                <vehicle id="cfm-fast_5" pos="43.00" speed="100.09"/>
            </lane>
        </edge>
    </timestep>
    <timestep time="7.35">
        <edge id="bottom">
            <lane id="bottom_0">
                <vehicle id="cfm-slow_3" pos="4.63" speed="28.88"/>
                <vehicle id="cfm-slow_4" pos="28.58" speed="28.55"/>
            </lane>
            <lane id="bottom_1"/>
        </edge>
        <edge id="left">
            <lane id="left_0">
                <vehicle id="cfm-slow_1" pos="8.79" speed="27.16"/>
                <vehicle id="cfm-slow_2" pos="31.12" speed="28.37"/>
            </lane>
            <lane id="left_1"/>
        </edge>
        <edge id="right">
            <lane id="right_0">
                <vehicle id="cfm-slow_5" pos="2.13" speed="27.52"/>
                <vehicle id="cfm-fast_0" pos="24.57" speed="26.11"/>
                <vehicle id="cfm-fast_2" pos="41.61" speed="24.76"/>
            </lane>
            <lane id="right_1">
                <vehicle id="cfm-fast_1" pos="11.96" speed="89.29"/>
            </lane>
        </edge>
        <edge id="top">
            <lane id="top_0">
                <vehicle id="cfm-fast_3" pos="7.31" speed="24.12"/>
                <vehicle id="cfm-fast_4" pos="22.41" speed="24.46"/>
                <vehicle id="cfm-slow_0" pos="38.01" speed="25.61"/>
            </lane>
            <lane id="top_1">
                <vehicle id="cfm-fast_5" pos="44.00" speed="100.23"/>
            </lane>
        </edge>
    </timestep>
    <timestep time="7.36">
        <edge id="bottom">
            <lane id="bottom_0">
                <vehicle id="cfm-slow_3" pos="4.92" speed="28.88"/>
                <vehicle id="cfm-slow_4" pos="28.87" speed="28.54"/>
            </lane>
            <lane id="bottom_1"/>
        </edge>
        <edge id="left">
            <lane id="left_0">
                <vehicle id="cfm-slow_1" pos="9.06" speed="27.17"/>
                <vehicle id="cfm-slow_2" pos="31.41" speed="28.37"/>
            </lane>
            <lane id="left_1"/>
        </edge>
        <edge id="right">
            <lane id="right_0">
                <vehicle id="cfm-slow_5" pos="2.40" speed="27.50"/>
                <vehicle id="cfm-fast_0" pos="24.83" speed="26.09"/>
                <vehicle id="cfm-fast_2" pos="41.86" speed="24.76"/>
            </lane>
            <lane id="right_1">
                <vehicle id="cfm-fast_1" pos="12.85" speed="89.41"/>
            </lane>
        </edge>
        <edge id="top">
            <lane id="top_0">
                <vehicle id="cfm-fast_3" pos="7.55" speed="24.12"/>
                <vehicle id="cfm-fast_4" pos="22.65" speed="24.47"/>
                <vehicle id="cfm-slow_0" pos="38.26" speed="25.62"/>
            </lane>
            <lane id="top_1">
                <vehicle id="cfm-fast_5" pos="45.01" speed="100.36"/>
            </lane>
        </edge>
    </timestep>
    <timestep time="7.37">
        <edge id="bottom">
            <lane id="bottom_0">
                <vehicle id="cfm-slow_3" pos="5.21" speed="28.87"/>
                <vehicle id="cfm-slow_4" pos="29.15" speed="28.53"/>
            </lane>
            <lane id="bottom_1"/>
        </edge>
        <edge id="left">
            <lane id="left_0">
                <vehicle id="cfm-slow_1" pos="9.33" speed="27.18"/>
                <vehicle id="cfm-slow_2" pos="31.69" speed="28.38"/>
            </lane>
            <lane id="left_1"/>
        </edge>
        <edge id="right">
            <lane id="right_0">
                <vehicle id="cfm-slow_5" pos="2.68" speed="27.49"/>
                <vehicle id="cfm-fast_0" pos="25.09" speed="26.08"/>
                <vehicle id="cfm-fast_2" pos="42.11" speed="24.75"/>
            </lane>
            <lane id="right_1">
                <vehicle id="cfm-fast_1" pos="13.75" speed="89.52"/>
            </lane>
        </edge>
        <edge id="top">
            <lane id="top_0">
                <vehicle id="cfm-fast_3" pos="7.79" speed="24.13"/>
                <vehicle id="cfm-fast_4" pos="22.90" speed="24.48"/>
                <vehicle id="cfm-slow_0" pos="38.52" speed="25.64"/>
            </lane>
            <lane id="top_1">
                <vehicle id="cfm-fast_5" pos="46.01" speed="100.50"/>
            </lane>
        </edge>
    </timestep>
    <timestep time="7.38">
        <edge id="bottom">
            <lane id="bottom_0">
                <vehicle id="cfm-slow_3" pos="5.50" speed="28.87"/>
                <vehicle id="cfm-slow_4" pos="29.44" speed="28.52"/>
            </lane>
            <lane id="bottom_1"/>
        </edge>
        <edge id="left">
            <lane id="left_0">
                <vehicle id="cfm-slow_1" pos="9.60" speed="27.20"/>
                <vehicle id="cfm-slow_2" pos="31.98" speed="28.38"/>
            </lane>
            <lane id="left_1"/>
        </edge>
        <edge id="right">
            <lane id="right_0">
                <vehicle id="cfm-slow_5" pos="2.95" speed="27.47"/>
                <vehicle id="cfm-fast_0" pos="25.35" speed="26.07"/>
                <vehicle id="cfm-fast_2" pos="42.35" speed="24.74"/>
            </lane>
            <lane id="right_1">
                <vehicle id="cfm-fast_1" pos="14.64" speed="89.64"/>
            </lane>
        </edge>
        <edge id="top">
            <lane id="top_0">
                <vehicle id="cfm-fast_3" pos="8.03" speed="24.13"/>
                <vehicle id="cfm-fast_4" pos="23.14" speed="24.49"/>
                <vehicle id="cfm-slow_0" pos="38.78" speed="25.65"/>
            </lane>
            <lane id="top_1">
                <vehicle id="cfm-fast_5" pos="47.02" speed="100.64"/>
            </lane>
        </edge>
    </timestep>
    <timestep time="7.39">
        <edge id="bottom">
            <lane id="bottom_0">
                <vehicle id="cfm-slow_3" pos="5.79" speed="28.87"/>
                <vehicle id="cfm-slow_4" pos="29.72" speed="28.51"/>
            </lane>
            <lane id="bottom_1"/>
        </edge>
        <edge id="left">
            <lane id="left_0">
                <vehicle id="cfm-slow_1" pos="9.88" speed="27.21"/>
                <vehicle id="cfm-slow_2" pos="32.26" speed="28.39"/>
            </lane>
            <lane id="left_1"/>
        </edge>
        <edge id="right">
            <lane id="right_0">
                <vehicle id="cfm-slow_5" pos="3.23" speed="27.46"/>
                <vehicle id="cfm-fast_0" pos="25.61" speed="26.06"/>
                <vehicle id="cfm-fast_2" pos="42.60" speed="24.74"/>
            </lane>
            <lane id="right_1">
                <vehicle id="cfm-fast_1" pos="15.54" speed="89.76"/>
            </lane>
        </edge>
        <edge id="top">
            <lane id="top_0">
                <vehicle id="cfm-fast_3" pos="8.27" speed="24.13"/>
                <vehicle id="cfm-fast_4" pos="23.39" speed="24.51"/>
                <vehicle id="cfm-slow_0" pos="39.03" speed="25.67"/>
            </lane>
            <lane id="top_1">
                <vehicle id="cfm-fast_5" pos="48.03" speed="100.77"/>
            </lane>
        </edge>
    </timestep>
    <timestep time="7.40">
        <edge id="bottom">
            <lane id="bottom_0">
                <vehicle id="cfm-slow_3" pos="6.08" speed="28.87"/>
                <vehicle id="cfm-slow_4" pos="30.01" speed="28.50"/>
            </lane>
            <lane id="bottom_1"/>
        </edge>
        <edge id="left">
            <lane id="left_0">
                <vehicle id="cfm-slow_1" pos="10.15" speed="27.22"/>
                <vehicle id="cfm-slow_2" pos="32.54" speed="28.39"/>
            </lane>
            <lane id="left_1"/>
        </edge>
        <edge id="right">
            <lane id="right_0">
                <vehicle id="cfm-slow_5" pos="3.50" speed="27.45"/>
                <vehicle id="cfm-fast_0" pos="25.87" speed="26.04"/>
                <vehicle id="cfm-fast_2" pos="42.85" speed="24.73"/>
            </lane>
            <lane id="right_1">
                <vehicle id="cfm-fast_1" pos="16.44" speed="89.87"/>
            </lane>
        </edge>
        <edge id="top">
            <lane id="top_0">
                <vehicle id="cfm-fast_3" pos="8.51" speed="24.14"/>
                <vehicle id="cfm-fast_4" pos="23.63" speed="24.52"/>
                <vehicle id="cfm-slow_0" pos="39.29" speed="25.68"/>
            </lane>
            <lane id="top_1">
                <vehicle id="cfm-fast_5" pos="49.03" speed="100.91"/>
            </lane>
        </edge>
    </timestep>
    <timestep time="7.41">
        <edge id="bottom">
            <lane id="bottom_0">
                <vehicle id="cfm-slow_3" pos="6.36" speed="28.86"/>
                <vehicle id="cfm-slow_4" pos="30.29" speed="28.49"/>
            </lane>
            <lane id="bottom_1"/>
        </edge>
        <edge id="left">
            <lane id="left_0">
                <vehicle id="cfm-slow_1" pos="10.42" speed="27.23"/>
                <vehicle id="cfm-slow_2" pos="32.83" speed="28.40"/>
            </lane>
            <lane id="left_1">
                <vehicle id="cfm-fast_5" pos="0.05" speed="101.04"/>
            </lane>
        </edge>
        <edge id="right">
            <lane id="right_0">
                <vehicle id="cfm-slow_5" pos="3.78" speed="27.43"/>
                <vehicle id="cfm-fast_0" pos="26.13" speed="26.03"/>
                <vehicle id="cfm-fast_2" pos="43.10" speed="24.73"/>
            </lane>
            <lane id="right_1">
                <vehicle id="cfm-fast_1" pos="17.34" speed="89.99"/>
            </lane>
        </edge>
        <edge id="top">
            <lane id="top_0">
                <vehicle id="cfm-fast_3" pos="8.75" speed="24.14"/>
                <vehicle id="cfm-fast_4" pos="23.88" speed="24.53"/>
                <vehicle id="cfm-slow_0" pos="39.55" speed="25.70"/>
            </lane>
            <lane id="top_1"/>
        </edge>
    </timestep>
    <timestep time="7.42">
        <edge id="bottom">
            <lane id="bottom_0">
                <vehicle id="cfm-slow_3" pos="6.65" speed="28.86"/>
                <vehicle id="cfm-slow_4" pos="30.58" speed="28.49"/>
            </lane>
            <lane id="bottom_1"/>
        </edge>
        <edge id="left">
            <lane id="left_0">
                <vehicle id="cfm-slow_1" pos="10.69" speed="27.25"/>
                <vehicle id="cfm-slow_2" pos="33.11" speed="28.41"/>
            </lane>
            <lane id="left_1">
                <vehicle id="cfm-fast_5" pos="1.06" speed="101.17"/>
            </lane>
        </edge>
        <edge id="right">
            <lane id="right_0">
                <vehicle id="cfm-slow_5" pos="4.05" speed="27.42"/>
                <vehicle id="cfm-fast_0" pos="26.39" speed="26.02"/>
                <vehicle id="cfm-fast_2" pos="43.34" speed="24.72"/>
            </lane>
            <lane id="right_1">
                <vehicle id="cfm-fast_1" pos="18.24" speed="90.10"/>
            </lane>
        </edge>
        <edge id="top">
            <lane id="top_0">
                <vehicle id="cfm-fast_3" pos="8.99" speed="24.14"/>
                <vehicle id="cfm-fast_4" pos="24.12" speed="24.54"/>
                <vehicle id="cfm-slow_0" pos="39.80" speed="25.71"/>
            </lane>
            <lane id="top_1"/>
        </edge>
    </timestep>
    <timestep time="7.43">
        <edge id="bottom">
            <lane id="bottom_0">
                <vehicle id="cfm-slow_3" pos="6.94" speed="28.86"/>
                <vehicle id="cfm-slow_4" pos="30.86" speed="28.48"/>
            </lane>
            <lane id="bottom_1"/>
        </edge>
        <edge id="left">
            <lane id="left_0">
                <vehicle id="cfm-slow_1" pos="10.97" speed="27.26"/>
                <vehicle id="cfm-slow_2" pos="33.40" speed="28.41"/>
            </lane>
            <lane id="left_1">
                <vehicle id="cfm-fast_5" pos="2.07" speed="101.29"/>
            </lane>
        </edge>
        <edge id="right">
            <lane id="right_0">
                <vehicle id="cfm-slow_5" pos="4.32" speed="27.41"/>
                <vehicle id="cfm-fast_0" pos="26.65" speed="26.01"/>
                <vehicle id="cfm-fast_2" pos="43.59" speed="24.71"/>
            </lane>
            <lane id="right_1">
                <vehicle id="cfm-fast_1" pos="19.14" speed="90.22"/>
            </lane>
        </edge>
        <edge id="top">
            <lane id="top_0">
                <vehicle id="cfm-fast_3" pos="9.24" speed="24.15"/>
                <vehicle id="cfm-fast_4" pos="24.37" speed="24.55"/>
                <vehicle id="cfm-slow_0" pos="40.06" speed="25.73"/>
            </lane>
            <lane id="top_1"/>
        </edge>
    </timestep>
    <timestep time="7.44">
        <edge id="bottom">
            <lane id="bottom_0">
                <vehicle id="cfm-slow_3" pos="7.23" speed="28.85"/>
                <vehicle id="cfm-slow_4" pos="31.15" speed="28.47"/>
            </lane>
            <lane id="bottom_1"/>
        </edge>
        <edge id="left">
            <lane id="left_0">
                <vehicle id="cfm-slow_1" pos="11.24" speed="27.27"/>
                <vehicle id="cfm-slow_2" pos="33.68" speed="28.42"/>
            </lane>
            <lane id="left_1">
                <vehicle id="cfm-fast_5" pos="3.08" speed="101.42"/>
            </lane>
        </edge>
        <edge id="right">
            <lane id="right_0">
                <vehicle id="cfm-slow_5" pos="4.60" speed="27.39"/>
                <vehicle id="cfm-fast_0" pos="26.91" speed="25.99"/>
                <vehicle id="cfm-fast_2" pos="43.84" speed="24.71"/>
            </lane>
            <lane id="right_1">
                <vehicle id="cfm-fast_1" pos="20.04" speed="90.34"/>
            </lane>
        </edge>
        <edge id="top">
            <lane id="top_0">
                <vehicle id="cfm-fast_3" pos="9.48" speed="24.15"/>
                <vehicle id="cfm-fast_4" pos="24.61" speed="24.57"/>
                <vehicle id="cfm-slow_0" pos="40.32" speed="25.75"/>
            </lane>
            <lane id="top_1"/>
        </edge>
    </timestep>
    <timestep time="7.45">
        <edge id="bottom">
            <lane id="bottom_0">
                <vehicle id="cfm-slow_3" pos="7.52" speed="28.85"/>
                <vehicle id="cfm-slow_4" pos="31.43" speed="28.46"/>
            </lane>
            <lane id="bottom_1"/>
        </edge>
        <edge id="left">
            <lane id="left_0">
                <vehicle id="cfm-slow_1" pos="11.51" speed="27.28"/>
                <vehicle id="cfm-slow_2" pos="33.96" speed="28.42"/>
            </lane>
            <lane id="left_1">
                <vehicle id="cfm-fast_5" pos="4.10" speed="101.54"/>
            </lane>
        </edge>
        <edge id="right">
            <lane id="right_0">
                <vehicle id="cfm-slow_5" pos="4.87" speed="27.38"/>
                <vehicle id="cfm-fast_0" pos="27.17" speed="25.98"/>
                <vehicle id="cfm-fast_2" pos="44.08" speed="24.70"/>
            </lane>
            <lane id="right_1">
                <vehicle id="cfm-fast_1" pos="20.95" speed="90.45"/>
            </lane>
        </edge>
        <edge id="top">
            <lane id="top_0">
                <vehicle id="cfm-fast_3" pos="9.72" speed="24.15"/>
                <vehicle id="cfm-fast_4" pos="24.86" speed="24.58"/>
                <vehicle id="cfm-slow_0" pos="40.58" speed="25.76"/>
            </lane>
            <lane id="top_1"/>
        </edge>
    </timestep>
    <timestep time="7.46">
        <edge id="bottom">
            <lane id="bottom_0">
                <vehicle id="cfm-slow_3" pos="7.81" speed="28.85"/>
                <vehicle id="cfm-slow_4" pos="31.72" speed="28.45"/>
            </lane>
            <lane id="bottom_1"/>
        </edge>
        <edge id="left">
            <lane id="left_0">
                <vehicle id="cfm-slow_1" pos="11.78" speed="27.29"/>
                <vehicle id="cfm-slow_2" pos="34.25" speed="28.43"/>
            </lane>
            <lane id="left_1">
                <vehicle id="cfm-fast_5" pos="5.12" speed="101.66"/>
            </lane>
        </edge>
        <edge id="right">
            <lane id="right_0">
                <vehicle id="cfm-slow_5" pos="5.15" speed="27.37"/>
                <vehicle id="cfm-fast_0" pos="27.43" speed="25.97"/>
                <vehicle id="cfm-fast_2" pos="44.33" speed="24.70"/>
            </lane>
            <lane id="right_1">
                <vehicle id="cfm-fast_1" pos="21.85" speed="90.57"/>
            </lane>
        </edge>
        <edge id="top">
            <lane id="top_0">
                <vehicle id="cfm-fast_3" pos="9.96" speed="24.16"/>
                <vehicle id="cfm-fast_4" pos="25.10" speed="24.59"/>
                <vehicle id="cfm-slow_0" pos="40.83" speed="25.78"/>
            </lane>
            <lane id="top_1"/>
        </edge>
    </timestep>
    <timestep time="7.47">
        <edge id="bottom">
            <lane id="bottom_0">
                <vehicle id="cfm-slow_3" pos="8.09" speed="28.85"/>
                <vehicle id="cfm-slow_4" pos="32.00" speed="28.44"/>
            </lane>
            <lane id="bottom_1"/>
        </edge>
        <edge id="left">
            <lane id="left_0">
                <vehicle id="cfm-slow_1" pos="12.06" speed="27.31"/>
                <vehicle id="cfm-slow_2" pos="34.53" speed="28.43"/>
            </lane>
            <lane id="left_1">
                <vehicle id="cfm-fast_5" pos="6.13" speed="101.78"/>
            </lane>
        </edge>
        <edge id="right">
            <lane id="right_0">
                <vehicle id="cfm-slow_5" pos="5.42" speed="27.35"/>
                <vehicle id="cfm-fast_0" pos="27.69" speed="25.96"/>
                <vehicle id="cfm-fast_2" pos="44.58" speed="24.69"/>
            </lane>
            <lane id="right_1">
                <vehicle id="cfm-fast_1" pos="22.76" speed="90.68"/>
            </lane>
        </edge>
        <edge id="top">
            <lane id="top_0">
                <vehicle id="cfm-fast_3" pos="10.20" speed="24.16"/>
                <vehicle id="cfm-fast_4" pos="25.35" speed="24.60"/>
                <vehicle id="cfm-slow_0" pos="41.09" speed="25.79"/>
            </lane>
            <lane id="top_1"/>
        </edge>
    </timestep>
    <timestep time="7.48">
        <edge id="bottom">
            <lane id="bottom_0">
                <vehicle id="cfm-slow_3" pos="8.38" speed="28.84"/>
                <vehicle id="cfm-slow_4" pos="32.29" speed="28.43"/>
            </lane>
            <lane id="bottom_1"/>
        </edge>
        <edge id="left">
            <lane id="left_0">
                <vehicle id="cfm-slow_1" pos="12.33" speed="27.32"/>
                <vehicle id="cfm-slow_2" pos="34.82" speed="28.44"/>
            </lane>
            <lane id="left_1">
                <vehicle id="cfm-fast_5" pos="7.15" speed="101.89"/>
            </lane>
        </edge>
        <edge id="right">
            <lane id="right_0">
                <vehicle id="cfm-slow_5" pos="5.69" speed="27.34"/>
                <vehicle id="cfm-fast_0" pos="27.95" speed="25.94"/>
                <vehicle id="cfm-fast_2" pos="44.83" speed="24.69"/>
            </lane>
            <lane id="right_1">
                <vehicle id="cfm-fast_1" pos="23.67" speed="90.80"/>
            </lane>
        </edge>
        <edge id="top">
            <lane id="top_0">
                <vehicle id="cfm-fast_3" pos="10.44" speed="24.16"/>
                <vehicle id="cfm-fast_4" pos="25.60" speed="24.61"/>
                <vehicle id="cfm-slow_0" pos="41.35" speed="25.81"/>
            </lane>
            <lane id="top_1"/>
        </edge>
    </timestep>
    <timestep time="7.49">
        <edge id="bottom">
            <lane id="bottom_0">
                <vehicle id="cfm-slow_3" pos="8.67" speed="28.84"/>
                <vehicle id="cfm-slow_4" pos="32.57" speed="28.42"/>
            </lane>
            <lane id="bottom_1"/>
        </edge>
        <edge id="left">
            <lane id="left_0">
                <vehicle id="cfm-slow_1" pos="12.60" speed="27.33"/>
                <vehicle id="cfm-slow_2" pos="35.10" speed="28.44"/>
            </lane>
            <lane id="left_1">
                <vehicle id="cfm-fast_5" pos="8.17" speed="102.01"/>
            </lane>
        </edge>
        <edge id="right">
            <lane id="right_0">
                <vehicle id="cfm-slow_5" pos="5.97" speed="27.33"/>
                <vehicle id="cfm-fast_0" pos="28.21" speed="25.93"/>
                <vehicle id="cfm-fast_2" pos="45.07" speed="24.68"/>
            </lane>
            <lane id="right_1">
                <vehicle id="cfm-fast_1" pos="24.58" speed="90.92"/>
            </lane>
        </edge>
        <edge id="top">
            <lane id="top_0">
                <vehicle id="cfm-fast_3" pos="10.69" speed="24.17"/>
                <vehicle id="cfm-fast_4" pos="25.84" speed="24.63"/>
                <vehicle id="cfm-slow_0" pos="41.61" speed="25.82"/>
            </lane>
            <lane id="top_1"/>
        </edge>
    </timestep>
    <timestep time="7.50">
        <edge id="bottom">
            <lane id="bottom_0">
                <vehicle id="cfm-slow_3" pos="8.96" speed="28.84"/>
                <vehicle id="cfm-slow_4" pos="32.85" speed="28.41"/>
            </lane>
            <lane id="bottom_1"/>
        </edge>
        <edge id="left">
            <lane id="left_0">
                <vehicle id="cfm-slow_1" pos="12.88" speed="27.34"/>
                <vehicle id="cfm-slow_2" pos="35.39" speed="28.45"/>
            </lane>
            <lane id="left_1">
                <vehicle id="cfm-fast_5" pos="9.19" speed="102.12"/>
            </lane>
        </edge>
        <edge id="right">
            <lane id="right_0">
                <vehicle id="cfm-slow_5" pos="6.24" speed="27.31"/>
                <vehicle id="cfm-fast_0" pos="28.47" speed="25.92"/>
                <vehicle id="cfm-fast_2" pos="45.32" speed="24.67"/>
            </lane>
            <lane id="right_1">
                <vehicle id="cfm-fast_1" pos="25.49" speed="91.03"/>
            </lane>
        </edge>
        <edge id="top">
            <lane id="top_0">
                <vehicle id="cfm-fast_3" pos="10.93" speed="24.17"/>
                <vehicle id="cfm-fast_4" pos="26.09" speed="24.64"/>
                <vehicle id="cfm-slow_0" pos="41.87" speed="25.84"/>
            </lane>
            <lane id="top_1"/>
        </edge>
    </timestep>
    <timestep time="7.51">
        <edge id="bottom">
            <lane id="bottom_0">
                <vehicle id="cfm-slow_3" pos="9.25" speed="28.83"/>
                <vehicle id="cfm-slow_4" pos="33.14" speed="28.40"/>
            </lane>
            <lane id="bottom_1"/>
        </edge>
        <edge id="left">
            <lane id="left_0">
                <vehicle id="cfm-slow_1" pos="13.15" speed="27.35"/>
                <vehicle id="cfm-slow_2" pos="35.67" speed="28.45"/>
            </lane>
            <lane id="left_1">
                <vehicle id="cfm-fast_5" pos="10.22" speed="102.23"/>
            </lane>
        </edge>
        <edge id="right">
            <lane id="right_0">
                <vehicle id="cfm-slow_5" pos="6.51" speed="27.30"/>
                <vehicle id="cfm-fast_0" pos="28.73" speed="25.91"/>
                <vehicle id="cfm-fast_2" pos="45.57" speed="24.67"/>
            </lane>
            <lane id="right_1">
                <vehicle id="cfm-fast_1" pos="26.40" speed="91.15"/>
            </lane>
        </edge>
        <edge id="top">
            <lane id="top_0">
                <vehicle id="cfm-fast_3" pos="11.17" speed="24.18"/>
                <vehicle id="cfm-fast_4" pos="26.34" speed="24.65"/>
                <vehicle id="cfm-slow_0" pos="42.12" speed="25.85"/>
            </lane>
            <lane id="top_1"/>
        </edge>
    </timestep>
    <timestep time="7.52">
        <edge id="bottom">
            <lane id="bottom_0">
                <vehicle id="cfm-slow_3" pos="9.54" speed="28.83"/>
                <vehicle id="cfm-slow_4" pos="33.42" speed="28.39"/>
            </lane>
            <lane id="bottom_1"/>
        </edge>
        <edge id="left">
            <lane id="left_0">
                <vehicle id="cfm-slow_1" pos="13.42" speed="27.36"/>
                <vehicle id="cfm-slow_2" pos="35.96" speed="28.46"/>
            </lane>
            <lane id="left_1">
                <vehicle id="cfm-fast_5" pos="11.24" speed="102.34"/>
            </lane>
        </edge>
        <edge id="right">
            <lane id="right_0">
                <vehicle id="cfm-slow_5" pos="6.78" speed="27.29"/>
                <vehicle id="cfm-fast_0" pos="28.99" speed="25.90"/>
                <vehicle id="cfm-fast_2" pos="45.81" speed="24.66"/>
            </lane>
            <lane id="right_1">
                <vehicle id="cfm-fast_1" pos="27.31" speed="91.26"/>
            </lane>
        </edge>
        <edge id="top">
            <lane id="top_0">
                <vehicle id="cfm-fast_3" pos="11.41" speed="24.18"/>
                <vehicle id="cfm-fast_4" pos="26.58" speed="24.66"/>
                <vehicle id="cfm-slow_0" pos="42.38" speed="25.87"/>
            </lane>
            <lane id="top_1"/>
        </edge>
    </timestep>
    <timestep time="7.53">
        <edge id="bottom">
            <lane id="bottom_0">
                <vehicle id="cfm-slow_3" pos="9.82" speed="28.83"/>
                <vehicle id="cfm-slow_4" pos="33.71" speed="28.38"/>
            </lane>
            <lane id="bottom_1"/>
        </edge>
        <edge id="left">
            <lane id="left_0">
                <vehicle id="cfm-slow_1" pos="13.70" speed="27.38"/>
                <vehicle id="cfm-slow_2" pos="36.24" speed="28.46"/>
            </lane>
            <lane id="left_1">
                <vehicle id="cfm-fast_5" pos="12.26" speed="102.44"/>
            </lane>
        </edge>
        <edge id="right">
            <lane id="right_0">
                <vehicle id="cfm-slow_5" pos="7.06" speed="27.27"/>
                <vehicle id="cfm-fast_0" pos="29.25" speed="25.89"/>
                <vehicle id="cfm-fast_2" pos="46.06" speed="24.66"/>
            </lane>
            <lane id="right_1">
                <vehicle id="cfm-fast_1" pos="28.23" speed="91.38"/>
            </lane>
        </edge>
        <edge id="top">
            <lane id="top_0">
                <vehicle id="cfm-fast_3" pos="11.65" speed="24.18"/>
                <vehicle id="cfm-fast_4" pos="26.83" speed="24.67"/>
                <vehicle id="cfm-slow_0" pos="42.64" speed="25.88"/>
            </lane>
            <lane id="top_1"/>
        </edge>
    </timestep>
    <timestep time="7.54">
        <edge id="bottom">
            <lane id="bottom_0">
                <vehicle id="cfm-slow_3" pos="10.11" speed="28.82"/>
                <vehicle id="cfm-slow_4" pos="33.99" speed="28.36"/>
            </lane>
            <lane id="bottom_1"/>
        </edge>
        <edge id="left">
            <lane id="left_0">
                <vehicle id="cfm-slow_1" pos="13.97" speed="27.39"/>
                <vehicle id="cfm-slow_2" pos="36.52" speed="28.46"/>
            </lane>
            <lane id="left_1">
                <vehicle id="cfm-fast_5" pos="13.29" speed="102.55"/>
            </lane>
        </edge>
        <edge id="right">
            <lane id="right_0">
                <vehicle id="cfm-slow_5" pos="7.33" speed="27.26"/>
                <vehicle id="cfm-fast_0" pos="29.51" speed="25.87"/>
                <vehicle id="cfm-fast_2" pos="46.31" speed="24.65"/>
            </lane>
            <lane id="right_1">
                <vehicle id="cfm-fast_1" pos="29.14" speed="91.50"/>
            </lane>
        </edge>
        <edge id="top">
            <lane id="top_0">
                <vehicle id="cfm-fast_3" pos="11.89" speed="24.19"/>
                <vehicle id="cfm-fast_4" pos="27.08" speed="24.69"/>
                <vehicle id="cfm-slow_0" pos="42.90" speed="25.90"/>
            </lane>
            <lane id="top_1"/>
        </edge>
    </timestep>
    <timestep time="7.55">
        <edge id="bottom">
            <lane id="bottom_0">
                <vehicle id="cfm-slow_3" pos="10.40" speed="28.82"/>
                <vehicle id="cfm-slow_4" pos="34.27" speed="28.35"/>
            </lane>
            <lane id="bottom_1"/>
        </edge>
        <edge id="left">
            <lane id="left_0">
                <vehicle id="cfm-slow_1" pos="14.25" speed="27.40"/>
                <vehicle id="cfm-slow_2" pos="36.81" speed="28.47"/>
            </lane>
            <lane id="left_1">
                <vehicle id="cfm-fast_5" pos="14.32" speed="102.65"/>
            </lane>
        </edge>
        <edge id="right">
            <lane id="right_0">
                <vehicle id="cfm-slow_5" pos="7.60" speed="27.25"/>
                <vehicle id="cfm-fast_0" pos="29.76" speed="25.86"/>
                <vehicle id="cfm-fast_2" pos="46.55" speed="24.65"/>
            </lane>
            <lane id="right_1">
                <vehicle id="cfm-fast_1" pos="30.06" speed="91.61"/>
            </lane>
        </edge>
        <edge id="top">
            <lane id="top_0">
                <vehicle id="cfm-fast_3" pos="12.14" speed="24.19"/>
                <vehicle id="cfm-fast_4" pos="27.32" speed="24.70"/>
                <vehicle id="cfm-slow_0" pos="43.16" speed="25.91"/>
            </lane>
            <lane id="top_1"/>
        </edge>
    </timestep>
    <timestep time="7.56">
        <edge id="bottom">
            <lane id="bottom_0">
                <vehicle id="cfm-slow_3" pos="10.69" speed="28.81"/>
                <vehicle id="cfm-slow_4" pos="34.56" speed="28.34"/>
            </lane>
            <lane id="bottom_1"/>
        </edge>
        <edge id="left">
            <lane id="left_0">
                <vehicle id="cfm-slow_1" pos="14.52" speed="27.41"/>
                <vehicle id="cfm-slow_2" pos="37.09" speed="28.47"/>
            </lane>
            <lane id="left_1">
                <vehicle id="cfm-fast_5" pos="15.34" speed="102.75"/>
            </lane>
        </edge>
        <edge id="right">
            <lane id="right_0">
                <vehicle id="cfm-slow_5" pos="7.88" speed="27.23"/>
                <vehicle id="cfm-fast_0" pos="30.02" speed="25.85"/>
                <vehicle id="cfm-fast_2" pos="46.80" speed="24.65"/>
            </lane>
            <lane id="right_1">
                <vehicle id="cfm-fast_1" pos="30.97" speed="91.73"/>
            </lane>
        </edge>
        <edge id="top">
            <lane id="top_0">
                <vehicle id="cfm-fast_3" pos="12.38" speed="24.20"/>
                <vehicle id="cfm-fast_4" pos="27.57" speed="24.71"/>
                <vehicle id="cfm-slow_0" pos="43.42" speed="25.93"/>
            </lane>
            <lane id="top_1"/>
        </edge>
    </timestep>
    <timestep time="7.57">
        <edge id="bottom">
            <lane id="bottom_0">
                <vehicle id="cfm-slow_3" pos="10.98" speed="28.81"/>
                <vehicle id="cfm-slow_4" pos="34.84" speed="28.33"/>
            </lane>
            <lane id="bottom_1"/>
        </edge>
        <edge id="left">
            <lane id="left_0">
                <vehicle id="cfm-slow_1" pos="14.79" speed="27.42"/>
                <vehicle id="cfm-slow_2" pos="37.38" speed="28.48"/>
            </lane>
            <lane id="left_1">
                <vehicle id="cfm-fast_5" pos="16.37" speed="102.85"/>
            </lane>
        </edge>
        <edge id="right">
            <lane id="right_0">
                <vehicle id="cfm-slow_5" pos="8.15" speed="27.22"/>
                <vehicle id="cfm-fast_0" pos="30.28" speed="25.84"/>
                <vehicle id="cfm-fast_2" pos="47.04" speed="24.64"/>
            </lane>
            <lane id="right_1">
                <vehicle id="cfm-fast_1" pos="31.89" speed="91.84"/>
            </lane>
        </edge>
        <edge id="top">
            <lane id="top_0">
                <vehicle id="cfm-fast_3" pos="12.62" speed="24.20"/>
                <vehicle id="cfm-fast_4" pos="27.82" speed="24.72"/>
                <vehicle id="cfm-slow_0" pos="43.68" speed="25.94"/>
            </lane>
            <lane id="top_1"/>
        </edge>
    </timestep>
    <timestep time="7.58">
        <edge id="bottom">
            <lane id="bottom_0">
                <vehicle id="cfm-slow_3" pos="11.27" speed="28.81"/>
                <vehicle id="cfm-slow_4" pos="35.12" speed="28.32"/>
            </lane>
            <lane id="bottom_1"/>
        </edge>
        <edge id="left">
            <lane id="left_0">
                <vehicle id="cfm-slow_1" pos="15.07" speed="27.43"/>
                <vehicle id="cfm-slow_2" pos="37.66" speed="28.48"/>
            </lane>
            <lane id="left_1">
                <vehicle id="cfm-fast_5" pos="17.40" speed="102.95"/>
            </lane>
        </edge>
        <edge id="right">
            <lane id="right_0">
                <vehicle id="cfm-slow_5" pos="8.42" speed="27.21"/>
                <vehicle id="cfm-fast_0" pos="30.54" speed="25.83"/>
                <vehicle id="cfm-fast_2" pos="47.29" speed="24.64"/>
            </lane>
            <lane id="right_1">
                <vehicle id="cfm-fast_1" pos="32.81" speed="91.96"/>
            </lane>
        </edge>
        <edge id="top">
            <lane id="top_0">
                <vehicle id="cfm-fast_3" pos="12.86" speed="24.21"/>
                <vehicle id="cfm-fast_4" pos="28.07" speed="24.74"/>
                <vehicle id="cfm-slow_0" pos="43.94" speed="25.96"/>
            </lane>
            <lane id="top_1"/>
        </edge>
    </timestep>
    <timestep time="7.59">
        <edge id="bottom">
            <lane id="bottom_0">
                <vehicle id="cfm-slow_3" pos="11.55" speed="28.80"/>
                <vehicle id="cfm-slow_4" pos="35.41" speed="28.31"/>
            </lane>
            <lane id="bottom_1"/>
        </edge>
        <edge id="left">
            <lane id="left_0">
                <vehicle id="cfm-slow_1" pos="15.34" speed="27.44"/>
                <vehicle id="cfm-slow_2" pos="37.95" speed="28.49"/>
            </lane>
            <lane id="left_1">
                <vehicle id="cfm-fast_5" pos="18.43" speed="103.04"/>
            </lane>
        </edge>
        <edge id="right">
            <lane id="right_0">
                <vehicle id="cfm-slow_5" pos="8.69" speed="27.19"/>
                <vehicle id="cfm-fast_0" pos="30.80" speed="25.82"/>
                <vehicle id="cfm-fast_2" pos="47.54" speed="24.63"/>
            </lane>
            <lane id="right_1">
                <vehicle id="cfm-fast_1" pos="33.73" speed="92.07"/>
            </lane>
        </edge>
        <edge id="top">
            <lane id="top_0">
                <vehicle id="cfm-fast_3" pos="13.10" speed="24.21"/>
                <vehicle id="cfm-fast_4" pos="28.31" speed="24.75"/>
                <vehicle id="cfm-slow_0" pos="44.20" speed="25.97"/>
            </lane>
            <lane id="top_1"/>
        </edge>
    </timestep>
    <timestep time="7.60">
        <edge id="bottom">
            <lane id="bottom_0">
                <vehicle id="cfm-slow_3" pos="11.84" speed="28.80"/>
                <vehicle id="cfm-slow_4" pos="35.69" speed="28.30"/>
            </lane>
            <lane id="bottom_1"/>
        </edge>
        <edge id="left">
            <lane id="left_0">
                <vehicle id="cfm-slow_1" pos="15.62" speed="27.45"/>
                <vehicle id="cfm-slow_2" pos="38.23" speed="28.49"/>
            </lane>
            <lane id="left_1">
                <vehicle id="cfm-fast_5" pos="19.46" speed="103.14"/>
            </lane>
        </edge>
        <edge id="right">
            <lane id="right_0">
                <vehicle id="cfm-slow_5" pos="8.96" speed="27.18"/>
                <vehicle id="cfm-fast_0" pos="31.06" speed="25.80"/>
                <vehicle id="cfm-fast_2" pos="47.78" speed="24.63"/>
            </lane>
            <lane id="right_1">
                <vehicle id="cfm-fast_1" pos="34.66" speed="92.19"/>
            </lane>
        </edge>
        <edge id="top">
            <lane id="top_0">
                <vehicle id="cfm-fast_3" pos="13.35" speed="24.22"/>
                <vehicle id="cfm-fast_4" pos="28.56" speed="24.76"/>
                <vehicle id="cfm-slow_0" pos="44.46" speed="25.99"/>
            </lane>
            <lane id="top_1"/>
        </edge>
    </timestep>
    <timestep time="7.61">
        <edge id="bottom">
            <lane id="bottom_0">
                <vehicle id="cfm-slow_3" pos="12.13" speed="28.79"/>
                <vehicle id="cfm-slow_4" pos="35.97" speed="28.29"/>
            </lane>
            <lane id="bottom_1"/>
        </edge>
        <edge id="left">
            <lane id="left_0">
                <vehicle id="cfm-slow_1" pos="15.89" speed="27.47"/>
                <vehicle id="cfm-slow_2" pos="38.52" speed="28.49"/>
            </lane>
            <lane id="left_1">
                <vehicle id="cfm-fast_5" pos="20.50" speed="103.23"/>
            </lane>
        </edge>
        <edge id="right">
            <lane id="right_0">
                <vehicle id="cfm-slow_5" pos="9.23" speed="27.17"/>
                <vehicle id="cfm-fast_0" pos="31.31" speed="25.79"/>
                <vehicle id="cfm-fast_2" pos="48.03" speed="24.62"/>
            </lane>
            <lane id="right_1">
                <vehicle id="cfm-fast_1" pos="35.58" speed="92.30"/>
            </lane>
        </edge>
        <edge id="top">
            <lane id="top_0">
                <vehicle id="cfm-fast_3" pos="13.59" speed="24.22"/>
                <vehicle id="cfm-fast_4" pos="28.81" speed="24.77"/>
                <vehicle id="cfm-slow_0" pos="44.72" speed="26.00"/>
            </lane>
            <lane id="top_1"/>
        </edge>
    </timestep>
    <timestep time="7.62">
        <edge id="bottom">
            <lane id="bottom_0">
                <vehicle id="cfm-slow_3" pos="12.42" speed="28.79"/>
                <vehicle id="cfm-slow_4" pos="36.25" speed="28.28"/>
            </lane>
            <lane id="bottom_1"/>
        </edge>
        <edge id="left">
            <lane id="left_0">
                <vehicle id="cfm-slow_1" pos="16.17" speed="27.48"/>
                <vehicle id="cfm-slow_2" pos="38.80" speed="28.50"/>
            </lane>
            <lane id="left_1">
                <vehicle id="cfm-fast_5" pos="21.53" speed="103.32"/>
            </lane>
        </edge>
        <edge id="right">
            <lane id="right_0">
                <vehicle id="cfm-slow_5" pos="9.51" speed="27.15"/>
                <vehicle id="cfm-fast_0" pos="31.57" speed="25.78"/>
                <vehicle id="cfm-fast_2" pos="48.28" speed="24.62"/>
            </lane>
            <lane id="right_1">
                <vehicle id="cfm-fast_1" pos="36.50" speed="92.41"/>
            </lane>
        </edge>
        <edge id="top">
            <lane id="top_0">
                <vehicle id="cfm-fast_3" pos="13.83" speed="24.23"/>
                <vehicle id="cfm-fast_4" pos="29.06" speed="24.79"/>
                <vehicle id="cfm-slow_0" pos="44.98" speed="26.02"/>
            </lane>
            <lane id="top_1"/>
        </edge>
    </timestep>
    <timestep time="7.63">
        <edge id="bottom">
            <lane id="bottom_0">
                <vehicle id="cfm-slow_3" pos="12.71" speed="28.79"/>
                <vehicle id="cfm-slow_4" pos="36.54" speed="28.27"/>
            </lane>
            <lane id="bottom_1"/>
        </edge>
        <edge id="left">
            <lane id="left_0">
                <vehicle id="cfm-slow_1" pos="16.44" speed="27.49"/>
                <vehicle id="cfm-slow_2" pos="39.09" speed="28.50"/>
            </lane>
            <lane id="left_1">
                <vehicle id="cfm-fast_5" pos="22.56" speed="103.41"/>
            </lane>
        </edge>
        <edge id="right">
            <lane id="right_0">
                <vehicle id="cfm-slow_5" pos="9.78" speed="27.14"/>
                <vehicle id="cfm-fast_0" pos="31.83" speed="25.77"/>
                <vehicle id="cfm-fast_2" pos="48.52" speed="24.61"/>
            </lane>
            <lane id="right_1">
                <vehicle id="cfm-fast_1" pos="37.43" speed="92.53"/>
            </lane>
        </edge>
        <edge id="top">
            <lane id="top_0">
                <vehicle id="cfm-fast_3" pos="14.07" speed="24.23"/>
                <vehicle id="cfm-fast_4" pos="29.30" speed="24.80"/>
                <vehicle id="cfm-slow_0" pos="45.24" speed="26.03"/>
            </lane>
            <lane id="top_1"/>
        </edge>
    </timestep>
    <timestep time="7.64">
        <edge id="bottom">
            <lane id="bottom_0">
                <vehicle id="cfm-slow_3" pos="12.99" speed="28.78"/>
                <vehicle id="cfm-slow_4" pos="36.82" speed="28.26"/>
            </lane>
            <lane id="bottom_1"/>
        </edge>
        <edge id="left">
            <lane id="left_0">
                <vehicle id="cfm-slow_1" pos="16.72" speed="27.50"/>
                <vehicle id="cfm-slow_2" pos="39.37" speed="28.50"/>
            </lane>
            <lane id="left_1">
                <vehicle id="cfm-fast_5" pos="23.60" speed="103.49"/>
            </lane>
        </edge>
        <edge id="right">
            <lane id="right_0">
                <vehicle id="cfm-slow_5" pos="10.05" speed="27.13"/>
                <vehicle id="cfm-fast_0" pos="32.09" speed="25.76"/>
                <vehicle id="cfm-fast_2" pos="48.77" speed="24.61"/>
            </lane>
            <lane id="right_1">
                <vehicle id="cfm-fast_1" pos="38.35" speed="92.64"/>
            </lane>
        </edge>
        <edge id="top">
            <lane id="top_0">
                <vehicle id="cfm-fast_3" pos="14.32" speed="24.24"/>
                <vehicle id="cfm-fast_4" pos="29.55" speed="24.81"/>
                <vehicle id="cfm-slow_0" pos="45.50" speed="26.05"/>
            </lane>
            <lane id="top_1"/>
        </edge>
    </timestep>
    <timestep time="7.65">
        <edge id="bottom">
            <lane id="bottom_0">
                <vehicle id="cfm-slow_3" pos="13.28" speed="28.78"/>
                <vehicle id="cfm-slow_4" pos="37.10" speed="28.25"/>
            </lane>
            <lane id="bottom_1"/>
        </edge>
        <edge id="left">
            <lane id="left_0">
                <vehicle id="cfm-slow_1" pos="16.99" speed="27.51"/>
                <vehicle id="cfm-slow_2" pos="39.66" speed="28.51"/>
            </lane>
            <lane id="left_1">
                <vehicle id="cfm-fast_5" pos="24.63" speed="103.58"/>
            </lane>
        </edge>
        <edge id="right">
            <lane id="right_0">
                <vehicle id="cfm-slow_5" pos="10.32" speed="27.11"/>
                <vehicle id="cfm-fast_0" pos="32.34" speed="25.75"/>
                <vehicle id="cfm-fast_2" pos="49.01" speed="24.61"/>
            </lane>
            <lane id="right_1">
                <vehicle id="cfm-fast_1" pos="39.28" speed="92.76"/>
            </lane>
        </edge>
        <edge id="top">
            <lane id="top_0">
                <vehicle id="cfm-fast_3" pos="14.56" speed="24.24"/>
                <vehicle id="cfm-fast_4" pos="29.80" speed="24.82"/>
                <vehicle id="cfm-slow_0" pos="45.76" speed="26.06"/>
            </lane>
            <lane id="top_1"/>
        </edge>
    </timestep>
    <timestep time="7.66">
        <edge id="bottom">
            <lane id="bottom_0">
                <vehicle id="cfm-slow_3" pos="13.57" speed="28.77"/>
                <vehicle id="cfm-slow_4" pos="37.38" speed="28.24"/>
            </lane>
            <lane id="bottom_1"/>
        </edge>
        <edge id="left">
            <lane id="left_0">
                <vehicle id="cfm-slow_1" pos="17.27" speed="27.52"/>
                <vehicle id="cfm-slow_2" pos="39.94" speed="28.51"/>
            </lane>
            <lane id="left_1">
                <vehicle id="cfm-fast_5" pos="25.67" speed="103.66"/>
            </lane>
        </edge>
        <edge id="right">
            <lane id="right_0">
                <vehicle id="cfm-slow_5" pos="10.59" speed="27.10"/>
                <vehicle id="cfm-fast_0" pos="32.60" speed="25.74"/>
                <vehicle id="cfm-fast_2" pos="49.26" speed="24.60"/>
            </lane>
            <lane id="right_1">
                <vehicle id="cfm-fast_1" pos="40.21" speed="92.87"/>
            </lane>
        </edge>
        <edge id="top">
            <lane id="top_0">
                <vehicle id="cfm-fast_3" pos="14.80" speed="24.25"/>
                <vehicle id="cfm-fast_4" pos="30.05" speed="24.84"/>
                <vehicle id="cfm-slow_0" pos="46.02" speed="26.08"/>
            </lane>
            <lane id="top_1"/>
        </edge>
    </timestep>
    <timestep time="7.67">
        <edge id="bottom">
            <lane id="bottom_0">
                <vehicle id="cfm-slow_3" pos="13.86" speed="28.77"/>
                <vehicle id="cfm-slow_4" pos="37.67" speed="28.23"/>
            </lane>
            <lane id="bottom_1"/>
        </edge>
        <edge id="left">
            <lane id="left_0">
                <vehicle id="cfm-slow_1" pos="17.54" speed="27.53"/>
                <vehicle id="cfm-slow_2" pos="40.23" speed="28.52"/>
            </lane>
            <lane id="left_1">
                <vehicle id="cfm-fast_5" pos="26.71" speed="103.75"/>
            </lane>
        </edge>
        <edge id="right">
            <lane id="right_0">
                <vehicle id="cfm-slow_5" pos="10.86" speed="27.09"/>
                <vehicle id="cfm-fast_0" pos="32.86" speed="25.73"/>
                <vehicle id="cfm-fast_2" pos="49.51" speed="24.60"/>
            </lane>
            <lane id="right_1">
                <vehicle id="cfm-fast_1" pos="41.14" speed="92.98"/>
            </lane>
        </edge>
        <edge id="top">
            <lane id="top_0">
                <vehicle id="cfm-fast_3" pos="15.04" speed="24.25"/>
                <vehicle id="cfm-fast_4" pos="30.30" speed="24.85"/>
                <vehicle id="cfm-slow_0" pos="46.28" speed="26.09"/>
            </lane>
            <lane id="top_1"/>
        </edge>
    </timestep>
    <timestep time="7.68">
        <edge id="bottom">
            <lane id="bottom_0">
                <vehicle id="cfm-slow_3" pos="14.14" speed="28.76"/>
                <vehicle id="cfm-slow_4" pos="37.95" speed="28.22"/>
            </lane>
            <lane id="bottom_1"/>
        </edge>
        <edge id="left">
            <lane id="left_0">
                <vehicle id="cfm-slow_1" pos="17.82" speed="27.54"/>
                <vehicle id="cfm-slow_2" pos="40.51" speed="28.52"/>
            </lane>
            <lane id="left_1">
                <vehicle id="cfm-fast_5" pos="27.75" speed="103.83"/>
            </lane>
        </edge>
        <edge id="right">
            <lane id="right_0">
                <vehicle id="cfm-slow_5" pos="11.13" speed="27.07"/>
                <vehicle id="cfm-fast_0" pos="33.12" speed="25.71"/>
                <vehicle id="cfm-fast_2" pos="49.75" speed="24.59"/>
            </lane>
            <lane id="right_1">
                <vehicle id="cfm-fast_1" pos="42.07" speed="93.09"/>
            </lane>
        </edge>
        <edge id="top">
            <lane id="top_0">
                <vehicle id="cfm-fast_3" pos="15.29" speed="24.26"/>
                <vehicle id="cfm-fast_4" pos="30.55" speed="24.86"/>
                <vehicle id="cfm-slow_0" pos="46.54" speed="26.11"/>
            </lane>
            <lane id="top_1"/>
        </edge>
    </timestep>
    <timestep time="7.69">
        <edge id="bottom">
            <lane id="bottom_0">
                <vehicle id="cfm-slow_3" pos="14.43" speed="28.76"/>
                <vehicle id="cfm-slow_4" pos="38.23" speed="28.21"/>
            </lane>
            <lane id="bottom_1"/>
        </edge>
        <edge id="left">
            <lane id="left_0">
                <vehicle id="cfm-slow_1" pos="18.09" speed="27.55"/>
                <vehicle id="cfm-slow_2" pos="40.80" speed="28.52"/>
            </lane>
            <lane id="left_1">
                <vehicle id="cfm-fast_5" pos="28.79" speed="103.91"/>
            </lane>
        </edge>
        <edge id="right">
            <lane id="right_0">
                <vehicle id="cfm-slow_5" pos="11.40" speed="27.06"/>
                <vehicle id="cfm-fast_0" pos="33.37" speed="25.70"/>
                <vehicle id="cfm-fast_2" pos="50.00" speed="24.59"/>
            </lane>
            <lane id="right_1">
                <vehicle id="cfm-fast_1" pos="43.00" speed="93.20"/>
            </lane>
        </edge>
        <edge id="top">
            <lane id="top_0">
                <vehicle id="cfm-fast_3" pos="15.53" speed="24.26"/>
                <vehicle id="cfm-fast_4" pos="30.79" speed="24.87"/>
                <vehicle id="cfm-slow_0" pos="46.80" speed="26.12"/>
            </lane>
            <lane id="top_1"/>
        </edge>
    </timestep>
    <timestep time="7.70">
        <edge id="bottom">
            <lane id="bottom_0">
                <vehicle id="cfm-slow_3" pos="14.72" speed="28.76"/>
                <vehicle id="cfm-slow_4" pos="38.51" speed="28.20"/>
            </lane>
            <lane id="bottom_1"/>
        </edge>
        <edge id="left">
            <lane id="left_0">
                <vehicle id="cfm-slow_1" pos="18.37" speed="27.56"/>
                <vehicle id="cfm-slow_2" pos="41.08" speed="28.52"/>
            </lane>
            <lane id="left_1">
                <vehicle id="cfm-fast_5" pos="29.82" speed="103.98"/>
            </lane>
        </edge>
        <edge id="right">
            <lane id="right_0">
                <vehicle id="cfm-slow_5" pos="11.67" speed="27.05"/>
                <vehicle id="cfm-fast_0" pos="33.63" speed="25.69"/>
            </lane>
            <lane id="right_1">
                <vehicle id="cfm-fast_1" pos="43.94" speed="93.32"/>
            </lane>
        </edge>
        <edge id="top">
            <lane id="top_0">
                <vehicle id="cfm-fast_2" pos="0.24" speed="24.59"/>
                <vehicle id="cfm-fast_3" pos="15.77" speed="24.27"/>
                <vehicle id="cfm-fast_4" pos="31.04" speed="24.89"/>
                <vehicle id="cfm-slow_0" pos="47.06" speed="26.14"/>
            </lane>
            <lane id="top_1"/>
        </edge>
    </timestep>
    <timestep time="7.71">
        <edge id="bottom">
            <lane id="bottom_0">
                <vehicle id="cfm-slow_3" pos="15.01" speed="28.75"/>
                <vehicle id="cfm-slow_4" pos="38.79" speed="28.19"/>
            </lane>
            <lane id="bottom_1"/>
        </edge>
        <edge id="left">
            <lane id="left_0">
                <vehicle id="cfm-slow_1" pos="18.64" speed="27.57"/>
                <vehicle id="cfm-slow_2" pos="41.37" speed="28.53"/>
            </lane>
            <lane id="left_1">
                <vehicle id="cfm-fast_5" pos="30.87" speed="104.06"/>
            </lane>
        </edge>
        <edge id="right">
            <lane id="right_0">
                <vehicle id="cfm-slow_5" pos="11.94" speed="27.03"/>
                <vehicle id="cfm-fast_0" pos="33.89" speed="25.68"/>
            </lane>
            <lane id="right_1">
                <vehicle id="cfm-fast_1" pos="44.87" speed="93.43"/>
            </lane>
        </edge>
        <edge id="top">
            <lane id="top_0">
                <vehicle id="cfm-fast_2" pos="0.49" speed="24.58"/>
                <vehicle id="cfm-fast_3" pos="16.01" speed="24.27"/>
                <vehicle id="cfm-fast_4" pos="31.29" speed="24.90"/>
                <vehicle id="cfm-slow_0" pos="47.33" speed="26.15"/>
            </lane>
            <lane id="top_1"/>
        </edge>
    </timestep>
    <timestep time="7.72">
        <edge id="bottom">
            <lane id="bottom_0">
                <vehicle id="cfm-slow_3" pos="15.29" speed="28.75"/>
                <vehicle id="cfm-slow_4" pos="39.08" speed="28.18"/>
            </lane>
            <lane id="bottom_1"/>
        </edge>
        <edge id="left">
            <lane id="left_0">
                <vehicle id="cfm-slow_1" pos="18.92" speed="27.58"/>
                <vehicle id="cfm-slow_2" pos="41.66" speed="28.53"/>
            </lane>
            <lane id="left_1">
                <vehicle id="cfm-fast_5" pos="31.91" speed="104.14"/>
            </lane>
        </edge>
        <edge id="right">
            <lane id="right_0">
                <vehicle id="cfm-slow_5" pos="12.21" speed="27.02"/>
                <vehicle id="cfm-fast_0" pos="34.14" speed="25.67"/>
            </lane>
            <lane id="right_1">
                <vehicle id="cfm-fast_1" pos="45.81" speed="93.54"/>
            </lane>
        </edge>
        <edge id="top">
            <lane id="top_0">
                <vehicle id="cfm-fast_2" pos="0.74" speed="24.58"/>
                <vehicle id="cfm-fast_3" pos="16.26" speed="24.28"/>
                <vehicle id="cfm-fast_4" pos="31.54" speed="24.91"/>
                <vehicle id="cfm-slow_0" pos="47.59" speed="26.16"/>
            </lane>
            <lane id="top_1"/>
        </edge>
    </timestep>
    <timestep time="7.73">
        <edge id="bottom">
            <lane id="bottom_0">
                <vehicle id="cfm-slow_3" pos="15.58" speed="28.74"/>
                <vehicle id="cfm-slow_4" pos="39.36" speed="28.16"/>
            </lane>
            <lane id="bottom_1"/>
        </edge>
        <edge id="left">
            <lane id="left_0">
                <vehicle id="cfm-slow_1" pos="19.20" speed="27.59"/>
                <vehicle id="cfm-slow_2" pos="41.94" speed="28.53"/>
            </lane>
            <lane id="left_1">
                <vehicle id="cfm-fast_5" pos="32.95" speed="104.21"/>
            </lane>
        </edge>
        <edge id="right">
            <lane id="right_0">
                <vehicle id="cfm-slow_5" pos="12.48" speed="27.01"/>
                <vehicle id="cfm-fast_0" pos="34.40" speed="25.66"/>
            </lane>
            <lane id="right_1">
                <vehicle id="cfm-fast_1" pos="46.74" speed="93.65"/>
            </lane>
        </edge>
        <edge id="top">
            <lane id="top_0">
                <vehicle id="cfm-fast_2" pos="0.98" speed="24.58"/>
                <vehicle id="cfm-fast_3" pos="16.50" speed="24.29"/>
                <vehicle id="cfm-fast_4" pos="31.79" speed="24.92"/>
                <vehicle id="cfm-slow_0" pos="47.85" speed="26.18"/>
            </lane>
            <lane id="top_1"/>
        </edge>
    </timestep>
    <timestep time="7.74">
        <edge id="bottom">
            <lane id="bottom_0">
                <vehicle id="cfm-slow_3" pos="15.87" speed="28.74"/>
                <vehicle id="cfm-slow_4" pos="39.64" speed="28.15"/>
            </lane>
            <lane id="bottom_1"/>
        </edge>
        <edge id="left">
            <lane id="left_0">
                <vehicle id="cfm-slow_1" pos="19.47" speed="27.60"/>
                <vehicle id="cfm-slow_2" pos="42.23" speed="28.54"/>
            </lane>
            <lane id="left_1">
                <vehicle id="cfm-fast_5" pos="33.99" speed="104.28"/>
            </lane>
        </edge>
        <edge id="right">
            <lane id="right_0">
                <vehicle id="cfm-slow_5" pos="12.75" speed="27.00"/>
                <vehicle id="cfm-fast_0" pos="34.66" speed="25.65"/>
            </lane>
            <lane id="right_1">
                <vehicle id="cfm-fast_1" pos="47.68" speed="93.76"/>
            </lane>
        </edge>
        <edge id="top">
            <lane id="top_0">
                <vehicle id="cfm-fast_2" pos="1.23" speed="24.57"/>
                <vehicle id="cfm-fast_3" pos="16.74" speed="24.29"/>
                <vehicle id="cfm-fast_4" pos="32.04" speed="24.94"/>
                <vehicle id="cfm-slow_0" pos="48.11" speed="26.19"/>
            </lane>
            <lane id="top_1"/>
        </edge>
    </timestep>
    <timestep time="7.75">
        <edge id="bottom">
            <lane id="bottom_0">
                <vehicle id="cfm-slow_3" pos="16.16" speed="28.73"/>
                <vehicle id="cfm-slow_4" pos="39.92" speed="28.14"/>
            </lane>
            <lane id="bottom_1"/>
        </edge>
        <edge id="left">
            <lane id="left_0">
                <vehicle id="cfm-slow_1" pos="19.75" speed="27.61"/>
                <vehicle id="cfm-slow_2" pos="42.51" speed="28.54"/>
            </lane>
            <lane id="left_1">
                <vehicle id="cfm-fast_5" pos="35.04" speed="104.36"/>
            </lane>
        </edge>
        <edge id="right">
            <lane id="right_0">
                <vehicle id="cfm-slow_5" pos="13.02" speed="26.98"/>
                <vehicle id="cfm-fast_0" pos="34.91" speed="25.64"/>
            </lane>
            <lane id="right_1">
                <vehicle id="cfm-fast_1" pos="48.62" speed="93.87"/>
            </lane>
        </edge>
        <edge id="top">
            <lane id="top_0">
                <vehicle id="cfm-fast_2" pos="1.47" speed="24.57"/>
                <vehicle id="cfm-fast_3" pos="16.99" speed="24.30"/>
                <vehicle id="cfm-fast_4" pos="32.29" speed="24.95"/>
                <vehicle id="cfm-slow_0" pos="48.37" speed="26.21"/>
            </lane>
            <lane id="top_1"/>
        </edge>
    </timestep>
    <timestep time="7.76">
        <edge id="bottom">
            <lane id="bottom_0">
                <vehicle id="cfm-slow_3" pos="16.44" speed="28.73"/>
                <vehicle id="cfm-slow_4" pos="40.20" speed="28.13"/>
            </lane>
            <lane id="bottom_1"/>
        </edge>
        <edge id="left">
            <lane id="left_0">
                <vehicle id="cfm-slow_1" pos="20.02" speed="27.62"/>
                <vehicle id="cfm-slow_2" pos="42.80" speed="28.54"/>
            </lane>
            <lane id="left_1">
                <vehicle id="cfm-fast_5" pos="36.08" speed="104.43"/>
            </lane>
        </edge>
        <edge id="right">
            <lane id="right_0">
                <vehicle id="cfm-slow_5" pos="13.29" speed="26.97"/>
                <vehicle id="cfm-fast_0" pos="35.17" speed="25.63"/>
            </lane>
            <lane id="right_1">
                <vehicle id="cfm-fast_1" pos="49.56" speed="93.98"/>
            </lane>
        </edge>
        <edge id="top">
            <lane id="top_0">
                <vehicle id="cfm-fast_2" pos="1.72" speed="24.57"/>
                <vehicle id="cfm-fast_3" pos="17.23" speed="24.30"/>
                <vehicle id="cfm-fast_4" pos="32.54" speed="24.96"/>
                <vehicle id="cfm-slow_0" pos="48.64" speed="26.22"/>
            </lane>
            <lane id="top_1"/>
        </edge>
    </timestep>
    <timestep time="7.77">
        <edge id="bottom">
            <lane id="bottom_0">
                <vehicle id="cfm-slow_3" pos="16.73" speed="28.72"/>
                <vehicle id="cfm-slow_4" pos="40.48" speed="28.12"/>
            </lane>
            <lane id="bottom_1"/>
        </edge>
        <edge id="left">
            <lane id="left_0">
                <vehicle id="cfm-slow_1" pos="20.30" speed="27.63"/>
                <vehicle id="cfm-slow_2" pos="43.08" speed="28.54"/>
            </lane>
            <lane id="left_1">
                <vehicle id="cfm-fast_5" pos="37.12" speed="104.50"/>
            </lane>
        </edge>
        <edge id="right">
            <lane id="right_0">
                <vehicle id="cfm-slow_5" pos="13.56" speed="26.96"/>
                <vehicle id="cfm-fast_0" pos="35.43" speed="25.62"/>
            </lane>
            <lane id="right_1"/>
        </edge>
        <edge id="top">
            <lane id="top_0">
                <vehicle id="cfm-fast_2" pos="1.96" speed="24.57"/>
                <vehicle id="cfm-fast_3" pos="17.47" speed="24.31"/>
                <vehicle id="cfm-fast_4" pos="32.79" speed="24.97"/>
                <vehicle id="cfm-slow_0" pos="48.90" speed="26.24"/>
            </lane>
            <lane id="top_1">
                <vehicle id="cfm-fast_1" pos="0.50" speed="94.09"/>
            </lane>
        </edge>
    </timestep>
    <timestep time="7.78">
        <edge id="bottom">
            <lane id="bottom_0">
                <vehicle id="cfm-slow_3" pos="17.02" speed="28.72"/>
                <vehicle id="cfm-slow_4" pos="40.76" speed="28.11"/>
            </lane>
            <lane id="bottom_1"/>
        </edge>
        <edge id="left">
            <lane id="left_0">
                <vehicle id="cfm-slow_1" pos="20.58" speed="27.64"/>
                <vehicle id="cfm-slow_2" pos="43.37" speed="28.55"/>
            </lane>
            <lane id="left_1">
                <vehicle id="cfm-fast_5" pos="38.17" speed="104.56"/>
            </lane>
        </edge>
        <edge id="right">
            <lane id="right_0">
                <vehicle id="cfm-slow_5" pos="13.83" speed="26.94"/>
                <vehicle id="cfm-fast_0" pos="35.68" speed="25.61"/>
            </lane>
            <lane id="right_1"/>
        </edge>
        <edge id="top">
            <lane id="top_0">
                <vehicle id="cfm-fast_2" pos="2.21" speed="24.56"/>
                <vehicle id="cfm-fast_3" pos="17.71" speed="24.32"/>
                <vehicle id="cfm-fast_4" pos="33.04" speed="24.99"/>
                <vehicle id="cfm-slow_0" pos="49.16" speed="26.25"/>
            </lane>
            <lane id="top_1">
                <vehicle id="cfm-fast_1" pos="1.44" speed="94.20"/>
            </lane>
        </edge>
    </timestep>
    <timestep time="7.79">
        <edge id="bottom">
            <lane id="bottom_0">
                <vehicle id="cfm-slow_3" pos="17.30" speed="28.71"/>
                <vehicle id="cfm-slow_4" pos="41.05" speed="28.10"/>
            </lane>
            <lane id="bottom_1"/>
        </edge>
        <edge id="left">
            <lane id="left_0">
                <vehicle id="cfm-slow_1" pos="20.85" speed="27.65"/>
                <vehicle id="cfm-slow_2" pos="43.65" speed="28.55"/>
            </lane>
            <lane id="left_1">
                <vehicle id="cfm-fast_5" pos="39.22" speed="104.63"/>
            </lane>
        </edge>
        <edge id="right">
            <lane id="right_0">
                <vehicle id="cfm-slow_5" pos="14.10" speed="26.93"/>
                <vehicle id="cfm-fast_0" pos="35.94" speed="25.60"/>
            </lane>
            <lane id="right_1"/>
        </edge>
        <edge id="top">
            <lane id="top_0">
                <vehicle id="cfm-fast_2" pos="2.46" speed="24.56"/>
                <vehicle id="cfm-fast_3" pos="17.96" speed="24.32"/>
                <vehicle id="cfm-fast_4" pos="33.29" speed="25.00"/>
                <vehicle id="cfm-slow_0" pos="49.42" speed="26.26"/>
            </lane>
            <lane id="top_1">
                <vehicle id="cfm-fast_1" pos="2.38" speed="94.30"/>
            </lane>
        </edge>
    </timestep>
    <timestep time="7.80">
        <edge id="bottom">
            <lane id="bottom_0">
                <vehicle id="cfm-slow_3" pos="17.59" speed="28.71"/>
                <vehicle id="cfm-slow_4" pos="41.33" speed="28.09"/>
            </lane>
            <lane id="bottom_1"/>
        </edge>
        <edge id="left">
            <lane id="left_0">
                <vehicle id="cfm-slow_1" pos="21.13" speed="27.66"/>
                <vehicle id="cfm-slow_2" pos="43.94" speed="28.55"/>
            </lane>
            <lane id="left_1">
                <vehicle id="cfm-fast_5" pos="40.26" speed="104.70"/>
            </lane>
        </edge>
        <edge id="right">
            <lane id="right_0">
                <vehicle id="cfm-slow_5" pos="14.37" speed="26.92"/>
                <vehicle id="cfm-fast_0" pos="36.19" speed="25.59"/>
            </lane>
            <lane id="right_1"/>
        </edge>
        <edge id="top">
            <lane id="top_0">
                <vehicle id="cfm-fast_2" pos="2.70" speed="24.56"/>
                <vehicle id="cfm-fast_3" pos="18.20" speed="24.33"/>
                <vehicle id="cfm-fast_4" pos="33.54" speed="25.01"/>
                <vehicle id="cfm-slow_0" pos="49.69" speed="26.28"/>
            </lane>
            <lane id="top_1">
                <vehicle id="cfm-fast_1" pos="3.33" speed="94.41"/>
            </lane>
        </edge>
    </timestep>
    <timestep time="7.81">
        <edge id="bottom">
            <lane id="bottom_0">
                <vehicle id="cfm-slow_3" pos="17.88" speed="28.70"/>
                <vehicle id="cfm-slow_4" pos="41.61" speed="28.08"/>
            </lane>
            <lane id="bottom_1"/>
        </edge>
        <edge id="left">
            <lane id="left_0">
                <vehicle id="cfm-slow_1" pos="21.41" speed="27.67"/>
                <vehicle id="cfm-slow_2" pos="44.22" speed="28.55"/>
            </lane>
            <lane id="left_1">
                <vehicle id="cfm-fast_5" pos="41.31" speed="104.76"/>
            </lane>
        </edge>
        <edge id="right">
            <lane id="right_0">
                <vehicle id="cfm-slow_5" pos="14.64" speed="26.90"/>
                <vehicle id="cfm-fast_0" pos="36.45" speed="25.58"/>
            </lane>
            <lane id="right_1"/>
        </edge>
        <edge id="top">
            <lane id="top_0">
                <vehicle id="cfm-fast_2" pos="2.95" speed="24.55"/>
                <vehicle id="cfm-fast_3" pos="18.44" speed="24.33"/>
                <vehicle id="cfm-fast_4" pos="33.79" speed="25.02"/>
                <vehicle id="cfm-slow_0" pos="49.95" speed="26.29"/>
            </lane>
            <lane id="top_1">
                <vehicle id="cfm-fast_1" pos="4.27" speed="94.52"/>
            </lane>
        </edge>
    </timestep>
    <timestep time="7.82">
        <edge id="bottom">
            <lane id="bottom_0">
                <vehicle id="cfm-slow_3" pos="18.17" speed="28.69"/>
                <vehicle id="cfm-slow_4" pos="41.89" speed="28.07"/>
            </lane>
            <lane id="bottom_1"/>
        </edge>
        <edge id="left">
            <lane id="left_0">
                <vehicle id="cfm-slow_0" pos="0.21" speed="26.31"/>
                <vehicle id="cfm-slow_1" pos="21.68" speed="27.68"/>
                <vehicle id="cfm-slow_2" pos="44.51" speed="28.56"/>
            </lane>
            <lane id="left_1">
                <vehicle id="cfm-fast_5" pos="42.36" speed="104.82"/>
            </lane>
        </edge>
        <edge id="right">
            <lane id="right_0">
                <vehicle id="cfm-slow_5" pos="14.91" speed="26.89"/>
                <vehicle id="cfm-fast_0" pos="36.71" speed="25.57"/>
            </lane>
            <lane id="right_1"/>
        </edge>
        <edge id="top">
            <lane id="top_0">
                <vehicle id="cfm-fast_2" pos="3.19" speed="24.55"/>
                <vehicle id="cfm-fast_3" pos="18.69" speed="24.34"/>
                <vehicle id="cfm-fast_4" pos="34.04" speed="25.04"/>
            </lane>
            <lane id="top_1">
                <vehicle id="cfm-fast_1" pos="5.22" speed="94.63"/>
            </lane>
        </edge>
    </timestep>
    <timestep time="7.83">
        <edge id="bottom">
            <lane id="bottom_0">
                <vehicle id="cfm-slow_3" pos="18.45" speed="28.69"/>
                <vehicle id="cfm-slow_4" pos="42.17" speed="28.05"/>
            </lane>
            <lane id="bottom_1"/>
        </edge>
        <edge id="left">
            <lane id="left_0">
                <vehicle id="cfm-slow_0" pos="0.48" speed="26.32"/>
                <vehicle id="cfm-slow_1" pos="21.96" speed="27.69"/>
                <vehicle id="cfm-slow_2" pos="44.80" speed="28.56"/>
            </lane>
            <lane id="left_1">
                <vehicle id="cfm-fast_5" pos="43.41" speed="104.89"/>
            </lane>
        </edge>
        <edge id="right">
            <lane id="right_0">
                <vehicle id="cfm-slow_5" pos="15.18" speed="26.88"/>
                <vehicle id="cfm-fast_0" pos="36.96" speed="25.56"/>
            </lane>
            <lane id="right_1"/>
        </edge>
        <edge id="top">
            <lane id="top_0">
                <vehicle id="cfm-fast_2" pos="3.44" speed="24.55"/>
                <vehicle id="cfm-fast_3" pos="18.93" speed="24.35"/>
                <vehicle id="cfm-fast_4" pos="34.29" speed="25.05"/>
            </lane>
            <lane id="top_1">
                <vehicle id="cfm-fast_1" pos="6.17" speed="94.73"/>
            </lane>
        </edge>
    </timestep>
    <timestep time="7.84">
        <edge id="bottom">
            <lane id="bottom_0">
                <vehicle id="cfm-slow_3" pos="18.74" speed="28.68"/>
                <vehicle id="cfm-slow_4" pos="42.45" speed="28.04"/>
            </lane>
            <lane id="bottom_1"/>
        </edge>
        <edge id="left">
            <lane id="left_0">
                <vehicle id="cfm-slow_0" pos="0.74" speed="26.33"/>
                <vehicle id="cfm-slow_1" pos="22.24" speed="27.70"/>
                <vehicle id="cfm-slow_2" pos="45.08" speed="28.56"/>
            </lane>
            <lane id="left_1">
                <vehicle id="cfm-fast_5" pos="44.46" speed="104.95"/>
            </lane>
        </edge>
        <edge id="right">
            <lane id="right_0">
                <vehicle id="cfm-slow_5" pos="15.45" speed="26.87"/>
                <vehicle id="cfm-fast_0" pos="37.22" speed="25.55"/>
            </lane>
            <lane id="right_1"/>
        </edge>
        <edge id="top">
            <lane id="top_0">
                <vehicle id="cfm-fast_2" pos="3.68" speed="24.55"/>
                <vehicle id="cfm-fast_3" pos="19.18" speed="24.35"/>
                <vehicle id="cfm-fast_4" pos="34.54" speed="25.06"/>
            </lane>
            <lane id="top_1">
                <vehicle id="cfm-fast_1" pos="7.12" speed="94.84"/>
            </lane>
        </edge>
    </timestep>
    <timestep time="7.85">
        <edge id="bottom">
            <lane id="bottom_0">
                <vehicle id="cfm-slow_3" pos="19.03" speed="28.68"/>
                <vehicle id="cfm-slow_4" pos="42.73" speed="28.03"/>
            </lane>
            <lane id="bottom_1"/>
        </edge>
        <edge id="left">
            <lane id="left_0">
                <vehicle id="cfm-slow_0" pos="1.00" speed="26.35"/>
                <vehicle id="cfm-slow_1" pos="22.51" speed="27.71"/>
                <vehicle id="cfm-slow_2" pos="45.37" speed="28.56"/>
            </lane>
            <lane id="left_1">
                <vehicle id="cfm-fast_5" pos="45.51" speed="105.01"/>
            </lane>
        </edge>
        <edge id="right">
            <lane id="right_0">
                <vehicle id="cfm-slow_5" pos="15.72" speed="26.85"/>
                <vehicle id="cfm-fast_0" pos="37.47" speed="25.54"/>
            </lane>
            <lane id="right_1"/>
        </edge>
        <edge id="top">
            <lane id="top_0">
                <vehicle id="cfm-fast_2" pos="3.93" speed="24.54"/>
                <vehicle id="cfm-fast_3" pos="19.42" speed="24.36"/>
                <vehicle id="cfm-fast_4" pos="34.79" speed="25.08"/>
            </lane>
            <lane id="top_1">
                <vehicle id="cfm-fast_1" pos="8.07" speed="94.94"/>
            </lane>
        </edge>
    </timestep>
    <timestep time="7.86">
        <edge id="bottom">
            <lane id="bottom_0">
                <vehicle id="cfm-slow_3" pos="19.31" speed="28.67"/>
                <vehicle id="cfm-slow_4" pos="43.01" speed="28.02"/>
            </lane>
            <lane id="bottom_1"/>
        </edge>
        <edge id="left">
            <lane id="left_0">
                <vehicle id="cfm-slow_0" pos="1.27" speed="26.36"/>
                <vehicle id="cfm-slow_1" pos="22.79" speed="27.71"/>
                <vehicle id="cfm-slow_2" pos="45.65" speed="28.56"/>
            </lane>
            <lane id="left_1">
                <vehicle id="cfm-fast_5" pos="46.56" speed="105.07"/>
            </lane>
        </edge>
        <edge id="right">
            <lane id="right_0">
                <vehicle id="cfm-slow_5" pos="15.98" speed="26.84"/>
                <vehicle id="cfm-fast_0" pos="37.73" speed="25.53"/>
            </lane>
            <lane id="right_1"/>
        </edge>
        <edge id="top">
            <lane id="top_0">
                <vehicle id="cfm-fast_2" pos="4.17" speed="24.54"/>
                <vehicle id="cfm-fast_3" pos="19.66" speed="24.37"/>
                <vehicle id="cfm-fast_4" pos="35.04" speed="25.09"/>
            </lane>
            <lane id="top_1">
                <vehicle id="cfm-fast_1" pos="9.02" speed="95.05"/>
            </lane>
        </edge>
    </timestep>
    <timestep time="7.87">
        <edge id="bottom">
            <lane id="bottom_0">
                <vehicle id="cfm-slow_3" pos="19.60" speed="28.67"/>
                <vehicle id="cfm-slow_4" pos="43.29" speed="28.01"/>
            </lane>
            <lane id="bottom_1"/>
        </edge>
        <edge id="left">
            <lane id="left_0">
                <vehicle id="cfm-slow_0" pos="1.53" speed="26.38"/>
                <vehicle id="cfm-slow_1" pos="23.07" speed="27.72"/>
                <vehicle id="cfm-slow_2" pos="45.94" speed="28.57"/>
            </lane>
            <lane id="left_1">
                <vehicle id="cfm-fast_5" pos="47.61" speed="105.12"/>
            </lane>
        </edge>
        <edge id="right">
            <lane id="right_0">
                <vehicle id="cfm-slow_5" pos="16.25" speed="26.83"/>
                <vehicle id="cfm-fast_0" pos="37.98" speed="25.52"/>
            </lane>
            <lane id="right_1"/>
        </edge>
        <edge id="top">
            <lane id="top_0">
                <vehicle id="cfm-fast_2" pos="4.42" speed="24.54"/>
                <vehicle id="cfm-fast_3" pos="19.91" speed="24.37"/>
                <vehicle id="cfm-fast_4" pos="35.29" speed="25.10"/>
            </lane>
            <lane id="top_1">
                <vehicle id="cfm-fast_1" pos="9.97" speed="95.15"/>
            </lane>
        </edge>
    </timestep>
    <timestep time="7.88">
        <edge id="bottom">
            <lane id="bottom_0">
                <vehicle id="cfm-slow_3" pos="19.89" speed="28.66"/>
                <vehicle id="cfm-slow_4" pos="43.57" speed="28.00"/>
            </lane>
            <lane id="bottom_1"/>
        </edge>
        <edge id="left">
            <lane id="left_0">
                <vehicle id="cfm-slow_0" pos="1.79" speed="26.39"/>
                <vehicle id="cfm-slow_1" pos="23.35" speed="27.73"/>
                <vehicle id="cfm-slow_2" pos="46.22" speed="28.57"/>
            </lane>
            <lane id="left_1">
                <vehicle id="cfm-fast_5" pos="48.66" speed="105.18"/>
            </lane>
        </edge>
        <edge id="right">
            <lane id="right_0">
                <vehicle id="cfm-slow_5" pos="16.52" speed="26.81"/>
                <vehicle id="cfm-fast_0" pos="38.24" speed="25.51"/>
            </lane>
            <lane id="right_1"/>
        </edge>
        <edge id="top">
            <lane id="top_0">
                <vehicle id="cfm-fast_2" pos="4.67" speed="24.54"/>
                <vehicle id="cfm-fast_3" pos="20.15" speed="24.38"/>
                <vehicle id="cfm-fast_4" pos="35.54" speed="25.11"/>
            </lane>
            <lane id="top_1">
                <vehicle id="cfm-fast_1" pos="10.92" speed="95.26"/>
            </lane>
        </edge>
    </timestep>
    <timestep time="7.89">
        <edge id="bottom">
            <lane id="bottom_0">
                <vehicle id="cfm-slow_3" pos="20.17" speed="28.65"/>
                <vehicle id="cfm-slow_4" pos="43.85" speed="27.99"/>
            </lane>
            <lane id="bottom_1"/>
        </edge>
        <edge id="left">
            <lane id="left_0">
                <vehicle id="cfm-slow_0" pos="2.06" speed="26.40"/>
                <vehicle id="cfm-slow_1" pos="23.62" speed="27.74"/>
                <vehicle id="cfm-slow_2" pos="46.51" speed="28.57"/>
            </lane>
            <lane id="left_1">
                <vehicle id="cfm-fast_5" pos="49.71" speed="105.24"/>
            </lane>
        </edge>
        <edge id="right">
            <lane id="right_0">
                <vehicle id="cfm-slow_5" pos="16.79" speed="26.80"/>
                <vehicle id="cfm-fast_0" pos="38.49" speed="25.50"/>
            </lane>
            <lane id="right_1"/>
        </edge>
        <edge id="top">
            <lane id="top_0">
                <vehicle id="cfm-fast_2" pos="4.91" speed="24.54"/>
                <vehicle id="cfm-fast_3" pos="20.39" speed="24.39"/>
                <vehicle id="cfm-fast_4" pos="35.80" speed="25.13"/>
            </lane>
            <lane id="top_1">
                <vehicle id="cfm-fast_1" pos="11.87" speed="95.36"/>
            </lane>
        </edge>
    </timestep>
    <timestep time="7.90">
        <edge id="bottom">
            <lane id="bottom_0">
                <vehicle id="cfm-slow_3" pos="20.46" speed="28.65"/>
                <vehicle id="cfm-slow_4" pos="44.13" speed="27.98"/>
            </lane>
            <lane id="bottom_1">
                <vehicle id="cfm-fast_5" pos="0.77" speed="105.29"/>
            </lane>
        </edge>
        <edge id="left">
            <lane id="left_0">
                <vehicle id="cfm-slow_0" pos="2.32" speed="26.42"/>
                <vehicle id="cfm-slow_1" pos="23.90" speed="27.75"/>
                <vehicle id="cfm-slow_2" pos="46.80" speed="28.57"/>
            </lane>
            <lane id="left_1"/>
        </edge>
        <edge id="right">
            <lane id="right_0">
                <vehicle id="cfm-slow_5" pos="17.06" speed="26.79"/>
                <vehicle id="cfm-fast_0" pos="38.75" speed="25.49"/>
            </lane>
            <lane id="right_1"/>
        </edge>
        <edge id="top">
            <lane id="top_0">
                <vehicle id="cfm-fast_2" pos="5.16" speed="24.53"/>
                <vehicle id="cfm-fast_3" pos="20.64" speed="24.39"/>
                <vehicle id="cfm-fast_4" pos="36.05" speed="25.14"/>
            </lane>
            <lane id="top_1">
                <vehicle id="cfm-fast_1" pos="12.83" speed="95.47"/>
            </lane>
        </edge>
    </timestep>
    <timestep time="7.91">
        <edge id="bottom">
            <lane id="bottom_0">
                <vehicle id="cfm-slow_3" pos="20.75" speed="28.64"/>
                <vehicle id="cfm-slow_4" pos="44.41" speed="27.97"/>
            </lane>
            <lane id="bottom_1">
                <vehicle id="cfm-fast_5" pos="1.82" speed="105.35"/>
            </lane>
        </edge>
        <edge id="left">
            <lane id="left_0">
                <vehicle id="cfm-slow_0" pos="2.59" speed="26.43"/>
                <vehicle id="cfm-slow_1" pos="24.18" speed="27.76"/>
                <vehicle id="cfm-slow_2" pos="47.08" speed="28.57"/>
            </lane>
            <lane id="left_1"/>
        </edge>
        <edge id="right">
            <lane id="right_0">
                <vehicle id="cfm-slow_5" pos="17.32" speed="26.78"/>
                <vehicle id="cfm-fast_0" pos="39.00" speed="25.48"/>
            </lane>
            <lane id="right_1"/>
        </edge>
        <edge id="top">
            <lane id="top_0">
                <vehicle id="cfm-fast_2" pos="5.40" speed="24.53"/>
                <vehicle id="cfm-fast_3" pos="20.88" speed="24.40"/>
                <vehicle id="cfm-fast_4" pos="36.30" speed="25.15"/>
            </lane>
            <lane id="top_1">
                <vehicle id="cfm-fast_1" pos="13.78" speed="95.57"/>
            </lane>
        </edge>
    </timestep>
    <timestep time="7.92">
        <edge id="bottom">
            <lane id="bottom_0">
                <vehicle id="cfm-slow_3" pos="21.03" speed="28.64"/>
                <vehicle id="cfm-slow_4" pos="44.69" speed="27.95"/>
            </lane>
            <lane id="bottom_1">
                <vehicle id="cfm-fast_5" pos="2.87" speed="105.40"/>
            </lane>
        </edge>
        <edge id="left">
            <lane id="left_0">
                <vehicle id="cfm-slow_0" pos="2.85" speed="26.44"/>
                <vehicle id="cfm-slow_1" pos="24.46" speed="27.77"/>
                <vehicle id="cfm-slow_2" pos="47.37" speed="28.57"/>
            </lane>
            <lane id="left_1"/>
        </edge>
        <edge id="right">
            <lane id="right_0">
                <vehicle id="cfm-slow_5" pos="17.59" speed="26.76"/>
                <vehicle id="cfm-fast_0" pos="39.26" speed="25.47"/>
            </lane>
            <lane id="right_1"/>
        </edge>
        <edge id="top">
            <lane id="top_0">
                <vehicle id="cfm-fast_2" pos="5.65" speed="24.53"/>
                <vehicle id="cfm-fast_3" pos="21.13" speed="24.41"/>
                <vehicle id="cfm-fast_4" pos="36.55" speed="25.17"/>
            </lane>
            <lane id="top_1">
                <vehicle id="cfm-fast_1" pos="14.74" speed="95.67"/>
            </lane>
        </edge>
    </timestep>
    <timestep time="7.93">
        <edge id="bottom">
            <lane id="bottom_0">
                <vehicle id="cfm-slow_3" pos="21.32" speed="28.63"/>
                <vehicle id="cfm-slow_4" pos="44.97" speed="27.94"/>
            </lane>
            <lane id="bottom_1">
                <vehicle id="cfm-fast_5" pos="3.93" speed="105.45"/>
            </lane>
        </edge>
        <edge id="left">
            <lane id="left_0">
                <vehicle id="cfm-slow_0" pos="3.12" speed="26.46"/>
                <vehicle id="cfm-slow_1" pos="24.73" speed="27.78"/>
                <vehicle id="cfm-slow_2" pos="47.65" speed="28.58"/>
            </lane>
            <lane id="left_1"/>
        </edge>
        <edge id="right">
            <lane id="right_0">
                <vehicle id="cfm-slow_5" pos="17.86" speed="26.75"/>
                <vehicle id="cfm-fast_0" pos="39.51" speed="25.46"/>
            </lane>
            <lane id="right_1"/>
        </edge>
        <edge id="top">
            <lane id="top_0">
                <vehicle id="cfm-fast_2" pos="5.89" speed="24.53"/>
                <vehicle id="cfm-fast_3" pos="21.37" speed="24.42"/>
                <vehicle id="cfm-fast_4" pos="36.80" speed="25.18"/>
            </lane>
            <lane id="top_1">
                <vehicle id="cfm-fast_1" pos="15.70" speed="95.77"/>
            </lane>
        </edge>
    </timestep>
    <timestep time="7.94">
        <edge id="bottom">
            <lane id="bottom_0">
                <vehicle id="cfm-slow_3" pos="21.60" speed="28.63"/>
                <vehicle id="cfm-slow_4" pos="45.25" speed="27.93"/>
            </lane>
            <lane id="bottom_1">
                <vehicle id="cfm-fast_5" pos="4.98" speed="105.50"/>
            </lane>
        </edge>
        <edge id="left">
            <lane id="left_0">
                <vehicle id="cfm-slow_0" pos="3.38" speed="26.47"/>
                <vehicle id="cfm-slow_1" pos="25.01" speed="27.78"/>
                <vehicle id="cfm-slow_2" pos="47.94" speed="28.58"/>
            </lane>
            <lane id="left_1"/>
        </edge>
        <edge id="right">
            <lane id="right_0">
                <vehicle id="cfm-slow_5" pos="18.13" speed="26.74"/>
                <vehicle id="cfm-fast_0" pos="39.77" speed="25.45"/>
            </lane>
            <lane id="right_1"/>
        </edge>
        <edge id="top">
            <lane id="top_0">
                <vehicle id="cfm-fast_2" pos="6.14" speed="24.53"/>
                <vehicle id="cfm-fast_3" pos="21.61" speed="24.42"/>
                <vehicle id="cfm-fast_4" pos="37.05" speed="25.19"/>
            </lane>
            <lane id="top_1">
                <vehicle id="cfm-fast_1" pos="16.66" speed="95.87"/>
            </lane>
        </edge>
    </timestep>
    <timestep time="7.95">
        <edge id="bottom">
            <lane id="bottom_0">
                <vehicle id="cfm-slow_3" pos="21.89" speed="28.62"/>
                <vehicle id="cfm-slow_4" pos="45.53" speed="27.92"/>
            </lane>
            <lane id="bottom_1">
                <vehicle id="cfm-fast_5" pos="6.04" speed="105.55"/>
            </lane>
        </edge>
        <edge id="left">
            <lane id="left_0">
                <vehicle id="cfm-slow_0" pos="3.64" speed="26.48"/>
                <vehicle id="cfm-slow_1" pos="25.29" speed="27.79"/>
                <vehicle id="cfm-slow_2" pos="48.22" speed="28.58"/>
            </lane>
            <lane id="left_1"/>
        </edge>
        <edge id="right">
            <lane id="right_0">
                <vehicle id="cfm-slow_5" pos="18.39" speed="26.73"/>
                <vehicle id="cfm-fast_0" pos="40.02" speed="25.44"/>
            </lane>
            <lane id="right_1"/>
        </edge>
        <edge id="top">
            <lane id="top_0">
                <vehicle id="cfm-fast_2" pos="6.38" speed="24.53"/>
                <vehicle id="cfm-fast_3" pos="21.86" speed="24.43"/>
                <vehicle id="cfm-fast_4" pos="37.31" speed="25.20"/>
            </lane>
            <lane id="top_1">
                <vehicle id="cfm-fast_1" pos="17.62" speed="95.97"/>
            </lane>
        </edge>
    </timestep>
    <timestep time="7.96">
        <edge id="bottom">
            <lane id="bottom_0">
                <vehicle id="cfm-slow_3" pos="22.18" speed="28.61"/>
                <vehicle id="cfm-slow_4" pos="45.81" speed="27.91"/>
            </lane>
            <lane id="bottom_1">
                <vehicle id="cfm-fast_5" pos="7.10" speed="105.60"/>
            </lane>
        </edge>
        <edge id="left">
            <lane id="left_0">
                <vehicle id="cfm-slow_0" pos="3.91" speed="26.50"/>
                <vehicle id="cfm-slow_1" pos="25.57" speed="27.80"/>
                <vehicle id="cfm-slow_2" pos="48.51" speed="28.58"/>
            </lane>
            <lane id="left_1"/>
        </edge>
        <edge id="right">
            <lane id="right_0">
                <vehicle id="cfm-slow_5" pos="18.66" speed="26.71"/>
                <vehicle id="cfm-fast_0" pos="40.27" speed="25.43"/>
            </lane>
            <lane id="right_1"/>
        </edge>
        <edge id="top">
            <lane id="top_0">
                <vehicle id="cfm-fast_2" pos="6.63" speed="24.53"/>
                <vehicle id="cfm-fast_3" pos="22.10" speed="24.44"/>
                <vehicle id="cfm-fast_4" pos="37.56" speed="25.22"/>
            </lane>
            <lane id="top_1">
                <vehicle id="cfm-fast_1" pos="18.58" speed="96.07"/>
            </lane>
        </edge>
    </timestep>
    <timestep time="7.97">
        <edge id="bottom">
            <lane id="bottom_0">
                <vehicle id="cfm-slow_3" pos="22.46" speed="28.61"/>
                <vehicle id="cfm-slow_4" pos="46.08" speed="27.90"/>
            </lane>
            <lane id="bottom_1">
                <vehicle id="cfm-fast_5" pos="8.15" speed="105.65"/>
            </lane>
        </edge>
        <edge id="left">
            <lane id="left_0">
                <vehicle id="cfm-slow_0" pos="4.17" speed="26.51"/>
                <vehicle id="cfm-slow_1" pos="25.85" speed="27.81"/>
                <vehicle id="cfm-slow_2" pos="48.80" speed="28.58"/>
            </lane>
            <lane id="left_1"/>
        </edge>
        <edge id="right">
            <lane id="right_0">
                <vehicle id="cfm-slow_5" pos="18.93" speed="26.70"/>
                <vehicle id="cfm-fast_0" pos="40.53" speed="25.43"/>
            </lane>
            <lane id="right_1"/>
        </edge>
        <edge id="top">
            <lane id="top_0">
                <vehicle id="cfm-fast_2" pos="6.87" speed="24.52"/>
                <vehicle id="cfm-fast_3" pos="22.35" speed="24.44"/>
                <vehicle id="cfm-fast_4" pos="37.81" speed="25.23"/>
            </lane>
            <lane id="top_1">
                <vehicle id="cfm-fast_1" pos="19.54" speed="96.17"/>
            </lane>
        </edge>
    </timestep>
    <timestep time="7.98">
        <edge id="bottom">
            <lane id="bottom_0">
                <vehicle id="cfm-slow_3" pos="22.75" speed="28.60"/>
                <vehicle id="cfm-slow_4" pos="46.36" speed="27.89"/>
            </lane>
            <lane id="bottom_1">
                <vehicle id="cfm-fast_5" pos="9.21" speed="105.70"/>
            </lane>
        </edge>
        <edge id="left">
            <lane id="left_0">
                <vehicle id="cfm-slow_0" pos="4.44" speed="26.52"/>
                <vehicle id="cfm-slow_1" pos="26.12" speed="27.82"/>
                <vehicle id="cfm-slow_2" pos="49.08" speed="28.58"/>
            </lane>
            <lane id="left_1"/>
        </edge>
        <edge id="right">
            <lane id="right_0">
                <vehicle id="cfm-slow_5" pos="19.19" speed="26.69"/>
                <vehicle id="cfm-fast_0" pos="40.78" speed="25.42"/>
            </lane>
            <lane id="right_1"/>
        </edge>
        <edge id="top">
            <lane id="top_0">
                <vehicle id="cfm-fast_2" pos="7.12" speed="24.52"/>
                <vehicle id="cfm-fast_3" pos="22.59" speed="24.45"/>
                <vehicle id="cfm-fast_4" pos="38.06" speed="25.24"/>
            </lane>
            <lane id="top_1">
                <vehicle id="cfm-fast_1" pos="20.50" speed="96.27"/>
            </lane>
        </edge>
    </timestep>
    <timestep time="7.99">
        <edge id="bottom">
            <lane id="bottom_0">
                <vehicle id="cfm-slow_3" pos="23.04" speed="28.59"/>
                <vehicle id="cfm-slow_4" pos="46.64" speed="27.87"/>
            </lane>
            <lane id="bottom_1">
                <vehicle id="cfm-fast_5" pos="10.27" speed="105.75"/>
            </lane>
        </edge>
        <edge id="left">
            <lane id="left_0">
                <vehicle id="cfm-slow_0" pos="4.71" speed="26.54"/>
                <vehicle id="cfm-slow_1" pos="26.40" speed="27.83"/>
                <vehicle id="cfm-slow_2" pos="49.37" speed="28.58"/>
            </lane>
            <lane id="left_1"/>
        </edge>
        <edge id="right">
            <lane id="right_0">
                <vehicle id="cfm-slow_5" pos="19.46" speed="26.68"/>
                <vehicle id="cfm-fast_0" pos="41.04" speed="25.41"/>
            </lane>
            <lane id="right_1"/>
        </edge>
        <edge id="top">
            <lane id="top_0">
                <vehicle id="cfm-fast_2" pos="7.36" speed="24.52"/>
                <vehicle id="cfm-fast_3" pos="22.84" speed="24.46"/>
                <vehicle id="cfm-fast_4" pos="38.32" speed="25.26"/>
            </lane>
            <lane id="top_1">
                <vehicle id="cfm-fast_1" pos="21.47" speed="96.37"/>
            </lane>
        </edge>
    </timestep>
    <timestep time="8.00">
        <edge id="bottom">
            <lane id="bottom_0">
                <vehicle id="cfm-slow_3" pos="23.32" speed="28.59"/>
                <vehicle id="cfm-slow_4" pos="46.92" speed="27.86"/>
            </lane>
            <lane id="bottom_1">
                <vehicle id="cfm-fast_5" pos="11.32" speed="105.79"/>
            </lane>
        </edge>
        <edge id="left">
            <lane id="left_0">
                <vehicle id="cfm-slow_0" pos="4.97" speed="26.55"/>
                <vehicle id="cfm-slow_1" pos="26.68" speed="27.83"/>
                <vehicle id="cfm-slow_2" pos="49.65" speed="28.58"/>
            </lane>
            <lane id="left_1"/>
        </edge>
        <edge id="right">
            <lane id="right_0">
                <vehicle id="cfm-slow_5" pos="19.73" speed="26.66"/>
                <vehicle id="cfm-fast_0" pos="41.29" speed="25.40"/>
            </lane>
            <lane id="right_1"/>
        </edge>
        <edge id="top">
            <lane id="top_0">
                <vehicle id="cfm-fast_2" pos="7.61" speed="24.52"/>
                <vehicle id="cfm-fast_3" pos="23.08" speed="24.47"/>
                <vehicle id="cfm-fast_4" pos="38.57" speed="25.27"/>
            </lane>
            <lane id="top_1">
                <vehicle id="cfm-fast_1" pos="22.43" speed="96.47"/>
            </lane>
        </edge>
    </timestep>
    <timestep time="8.01">
        <edge id="bottom">
            <lane id="bottom_0">
                <vehicle id="cfm-slow_3" pos="23.61" speed="28.58"/>
                <vehicle id="cfm-slow_4" pos="47.20" speed="27.85"/>
            </lane>
            <lane id="bottom_1">
                <vehicle id="cfm-fast_5" pos="12.38" speed="105.84"/>
            </lane>
        </edge>
        <edge id="left">
            <lane id="left_0">
                <vehicle id="cfm-slow_0" pos="5.24" speed="26.56"/>
                <vehicle id="cfm-slow_1" pos="26.96" speed="27.84"/>
                <vehicle id="cfm-slow_2" pos="49.94" speed="28.58"/>
            </lane>
            <lane id="left_1"/>
        </edge>
        <edge id="right">
            <lane id="right_0">
                <vehicle id="cfm-slow_5" pos="19.99" speed="26.65"/>
                <vehicle id="cfm-fast_0" pos="41.55" speed="25.39"/>
            </lane>
            <lane id="right_1"/>
        </edge>
        <edge id="top">
            <lane id="top_0">
                <vehicle id="cfm-fast_2" pos="7.85" speed="24.52"/>
                <vehicle id="cfm-fast_3" pos="23.33" speed="24.47"/>
                <vehicle id="cfm-fast_4" pos="38.82" speed="25.28"/>
            </lane>
            <lane id="top_1">
                <vehicle id="cfm-fast_1" pos="23.40" speed="96.57"/>
            </lane>
        </edge>
    </timestep>
    <timestep time="8.02">
        <edge id="bottom">
            <lane id="bottom_0">
                <vehicle id="cfm-slow_2" pos="0.22" speed="28.59"/>
                <vehicle id="cfm-slow_3" pos="23.89" speed="28.57"/>
                <vehicle id="cfm-slow_4" pos="47.48" speed="27.84"/>
            </lane>
            <lane id="bottom_1">
                <vehicle id="cfm-fast_5" pos="13.44" speed="105.88"/>
            </lane>
        </edge>
        <edge id="left">
            <lane id="left_0">
                <vehicle id="cfm-slow_0" pos="5.50" speed="26.58"/>
                <vehicle id="cfm-slow_1" pos="27.24" speed="27.85"/>
            </lane>
            <lane id="left_1"/>
        </edge>
        <edge id="right">
            <lane id="right_0">
                <vehicle id="cfm-slow_5" pos="20.26" speed="26.64"/>
                <vehicle id="cfm-fast_0" pos="41.80" speed="25.38"/>
            </lane>
            <lane id="right_1"/>
        </edge>
        <edge id="top">
            <lane id="top_0">
                <vehicle id="cfm-fast_2" pos="8.10" speed="24.52"/>
                <vehicle id="cfm-fast_3" pos="23.57" speed="24.48"/>
                <vehicle id="cfm-fast_4" pos="39.07" speed="25.29"/>
            </lane>
            <lane id="top_1">
                <vehicle id="cfm-fast_1" pos="24.36" speed="96.66"/>
            </lane>
        </edge>
    </timestep>
    <timestep time="8.03">
        <edge id="bottom">
            <lane id="bottom_0">
                <vehicle id="cfm-slow_2" pos="0.51" speed="28.59"/>
                <vehicle id="cfm-slow_3" pos="24.18" speed="28.57"/>
                <vehicle id="cfm-slow_4" pos="47.76" speed="27.83"/>
            </lane>
            <lane id="bottom_1">
                <vehicle id="cfm-fast_5" pos="14.50" speed="105.93"/>
            </lane>
        </edge>
        <edge id="left">
            <lane id="left_0">
                <vehicle id="cfm-slow_0" pos="5.77" speed="26.59"/>
                <vehicle id="cfm-slow_1" pos="27.52" speed="27.86"/>
            </lane>
            <lane id="left_1"/>
        </edge>
        <edge id="right">
            <lane id="right_0">
                <vehicle id="cfm-slow_5" pos="20.53" speed="26.63"/>
                <vehicle id="cfm-fast_0" pos="42.05" speed="25.37"/>
            </lane>
            <lane id="right_1"/>
        </edge>
        <edge id="top">
            <lane id="top_0">
                <vehicle id="cfm-fast_2" pos="8.34" speed="24.52"/>
                <vehicle id="cfm-fast_3" pos="23.82" speed="24.49"/>
                <vehicle id="cfm-fast_4" pos="39.33" speed="25.31"/>
            </lane>
            <lane id="top_1">
                <vehicle id="cfm-fast_1" pos="25.33" speed="96.76"/>
            </lane>
        </edge>
    </timestep>
    <timestep time="8.04">
        <edge id="bottom">
            <lane id="bottom_0">
                <vehicle id="cfm-slow_2" pos="0.80" speed="28.59"/>
                <vehicle id="cfm-slow_3" pos="24.46" speed="28.56"/>
                <vehicle id="cfm-slow_4" pos="48.03" speed="27.82"/>
            </lane>
            <lane id="bottom_1">
                <vehicle id="cfm-fast_5" pos="15.56" speed="105.97"/>
            </lane>
        </edge>
        <edge id="left">
            <lane id="left_0">
                <vehicle id="cfm-slow_0" pos="6.03" speed="26.60"/>
                <vehicle id="cfm-slow_1" pos="27.80" speed="27.87"/>
            </lane>
            <lane id="left_1"/>
        </edge>
        <edge id="right">
            <lane id="right_0">
                <vehicle id="cfm-slow_5" pos="20.79" speed="26.61"/>
                <vehicle id="cfm-fast_0" pos="42.31" speed="25.36"/>
            </lane>
            <lane id="right_1"/>
        </edge>
        <edge id="top">
            <lane id="top_0">
                <vehicle id="cfm-fast_2" pos="8.59" speed="24.52"/>
                <vehicle id="cfm-fast_3" pos="24.06" speed="24.50"/>
                <vehicle id="cfm-fast_4" pos="39.58" speed="25.32"/>
            </lane>
            <lane id="top_1">
                <vehicle id="cfm-fast_1" pos="26.30" speed="96.86"/>
            </lane>
        </edge>
    </timestep>
    <timestep time="8.05">
        <edge id="bottom">
            <lane id="bottom_0">
                <vehicle id="cfm-slow_2" pos="1.08" speed="28.59"/>
                <vehicle id="cfm-slow_3" pos="24.75" speed="28.55"/>
                <vehicle id="cfm-slow_4" pos="48.31" speed="27.81"/>
            </lane>
            <lane id="bottom_1">
                <vehicle id="cfm-fast_5" pos="16.62" speed="106.01"/>
            </lane>
        </edge>
        <edge id="left">
            <lane id="left_0">
                <vehicle id="cfm-slow_0" pos="6.30" speed="26.62"/>
                <vehicle id="cfm-slow_1" pos="28.07" speed="27.87"/>
            </lane>
            <lane id="left_1"/>
        </edge>
        <edge id="right">
            <lane id="right_0">
                <vehicle id="cfm-slow_5" pos="21.06" speed="26.60"/>
                <vehicle id="cfm-fast_0" pos="42.56" speed="25.36"/>
            </lane>
            <lane id="right_1"/>
        </edge>
        <edge id="top">
            <lane id="top_0">
                <vehicle id="cfm-fast_2" pos="8.83" speed="24.52"/>
                <vehicle id="cfm-fast_3" pos="24.31" speed="24.50"/>
                <vehicle id="cfm-fast_4" pos="39.83" speed="25.33"/>
            </lane>
            <lane id="top_1">
                <vehicle id="cfm-fast_1" pos="27.27" speed="96.95"/>
            </lane>
        </edge>
    </timestep>
    <timestep time="8.06">
        <edge id="bottom">
            <lane id="bottom_0">
                <vehicle id="cfm-slow_2" pos="1.37" speed="28.59"/>
                <vehicle id="cfm-slow_3" pos="25.03" speed="28.55"/>
                <vehicle id="cfm-slow_4" pos="48.59" speed="27.79"/>
            </lane>
            <lane id="bottom_1">
                <vehicle id="cfm-fast_5" pos="17.68" speed="106.05"/>
            </lane>
        </edge>
        <edge id="left">
            <lane id="left_0">
                <vehicle id="cfm-slow_0" pos="6.57" speed="26.63"/>
                <vehicle id="cfm-slow_1" pos="28.35" speed="27.88"/>
            </lane>
            <lane id="left_1"/>
        </edge>
        <edge id="right">
            <lane id="right_0">
                <vehicle id="cfm-slow_5" pos="21.33" speed="26.59"/>
                <vehicle id="cfm-fast_0" pos="42.81" speed="25.35"/>
            </lane>
            <lane id="right_1"/>
        </edge>
        <edge id="top">
            <lane id="top_0">
                <vehicle id="cfm-fast_2" pos="9.08" speed="24.52"/>
                <vehicle id="cfm-fast_3" pos="24.55" speed="24.51"/>
                <vehicle id="cfm-fast_4" pos="40.09" speed="25.35"/>
            </lane>
            <lane id="top_1">
                <vehicle id="cfm-fast_1" pos="28.24" speed="97.05"/>
            </lane>
        </edge>
    </timestep>
    <timestep time="8.07">
        <edge id="bottom">
            <lane id="bottom_0">
                <vehicle id="cfm-slow_2" pos="1.65" speed="28.59"/>
                <vehicle id="cfm-slow_3" pos="25.32" speed="28.54"/>
                <vehicle id="cfm-slow_4" pos="48.87" speed="27.78"/>
            </lane>
            <lane id="bottom_1">
                <vehicle id="cfm-fast_5" pos="18.74" speed="106.09"/>
            </lane>
        </edge>
        <edge id="left">
            <lane id="left_0">
                <vehicle id="cfm-slow_0" pos="6.83" speed="26.64"/>
                <vehicle id="cfm-slow_1" pos="28.63" speed="27.89"/>
            </lane>
            <lane id="left_1"/>
        </edge>
        <edge id="right">
            <lane id="right_0">
                <vehicle id="cfm-slow_5" pos="21.59" speed="26.58"/>
                <vehicle id="cfm-fast_0" pos="43.07" speed="25.34"/>
            </lane>
            <lane id="right_1"/>
        </edge>
        <edge id="top">
            <lane id="top_0">
                <vehicle id="cfm-fast_2" pos="9.32" speed="24.52"/>
                <vehicle id="cfm-fast_3" pos="24.80" speed="24.52"/>
                <vehicle id="cfm-fast_4" pos="40.34" speed="25.36"/>
            </lane>
            <lane id="top_1">
                <vehicle id="cfm-fast_1" pos="29.21" speed="97.14"/>
            </lane>
        </edge>
    </timestep>
    <timestep time="8.08">
        <edge id="bottom">
            <lane id="bottom_0">
                <vehicle id="cfm-slow_2" pos="1.94" speed="28.59"/>
                <vehicle id="cfm-slow_3" pos="25.61" speed="28.53"/>
                <vehicle id="cfm-slow_4" pos="49.15" speed="27.77"/>
            </lane>
            <lane id="bottom_1">
                <vehicle id="cfm-fast_5" pos="19.80" speed="106.13"/>
            </lane>
        </edge>
        <edge id="left">
            <lane id="left_0">
                <vehicle id="cfm-slow_0" pos="7.10" speed="26.65"/>
                <vehicle id="cfm-slow_1" pos="28.91" speed="27.90"/>
            </lane>
            <lane id="left_1"/>
        </edge>
        <edge id="right">
            <lane id="right_0">
                <vehicle id="cfm-slow_5" pos="21.86" speed="26.56"/>
                <vehicle id="cfm-fast_0" pos="43.32" speed="25.33"/>
            </lane>
            <lane id="right_1"/>
        </edge>
        <edge id="top">
            <lane id="top_0">
                <vehicle id="cfm-fast_2" pos="9.57" speed="24.52"/>
                <vehicle id="cfm-fast_3" pos="25.04" speed="24.53"/>
                <vehicle id="cfm-fast_4" pos="40.59" speed="25.37"/>
            </lane>
            <lane id="top_1">
                <vehicle id="cfm-fast_1" pos="30.18" speed="97.24"/>
            </lane>
        </edge>
    </timestep>
    <timestep time="8.09">
        <edge id="bottom">
            <lane id="bottom_0">
                <vehicle id="cfm-slow_2" pos="2.23" speed="28.59"/>
                <vehicle id="cfm-slow_3" pos="25.89" speed="28.53"/>
                <vehicle id="cfm-slow_4" pos="49.42" speed="27.76"/>
            </lane>
            <lane id="bottom_1">
                <vehicle id="cfm-fast_5" pos="20.86" speed="106.17"/>
            </lane>
        </edge>
        <edge id="left">
            <lane id="left_0">
                <vehicle id="cfm-slow_0" pos="7.37" speed="26.67"/>
                <vehicle id="cfm-slow_1" pos="29.19" speed="27.90"/>
            </lane>
            <lane id="left_1"/>
        </edge>
        <edge id="right">
            <lane id="right_0">
                <vehicle id="cfm-slow_5" pos="22.12" speed="26.55"/>
                <vehicle id="cfm-fast_0" pos="43.57" speed="25.32"/>
            </lane>
            <lane id="right_1"/>
        </edge>
        <edge id="top">
            <lane id="top_0">
                <vehicle id="cfm-fast_2" pos="9.82" speed="24.52"/>
                <vehicle id="cfm-fast_3" pos="25.29" speed="24.54"/>
                <vehicle id="cfm-fast_4" pos="40.85" speed="25.38"/>
            </lane>
            <lane id="top_1">
                <vehicle id="cfm-fast_1" pos="31.16" speed="97.33"/>
            </lane>
        </edge>
    </timestep>
    <timestep time="8.10">
        <edge id="bottom">
            <lane id="bottom_0">
                <vehicle id="cfm-slow_2" pos="2.51" speed="28.59"/>
                <vehicle id="cfm-slow_3" pos="26.18" speed="28.52"/>
                <vehicle id="cfm-slow_4" pos="49.70" speed="27.75"/>
            </lane>
            <lane id="bottom_1">
                <vehicle id="cfm-fast_5" pos="21.93" speed="106.21"/>
            </lane>
        </edge>
        <edge id="left">
            <lane id="left_0">
                <vehicle id="cfm-slow_0" pos="7.63" speed="26.68"/>
                <vehicle id="cfm-slow_1" pos="29.47" speed="27.91"/>
            </lane>
            <lane id="left_1"/>
        </edge>
        <edge id="right">
            <lane id="right_0">
                <vehicle id="cfm-slow_5" pos="22.39" speed="26.54"/>
                <vehicle id="cfm-fast_0" pos="43.83" speed="25.31"/>
            </lane>
            <lane id="right_1"/>
        </edge>
        <edge id="top">
            <lane id="top_0">
                <vehicle id="cfm-fast_2" pos="10.06" speed="24.52"/>
                <vehicle id="cfm-fast_3" pos="25.53" speed="24.54"/>
                <vehicle id="cfm-fast_4" pos="41.10" speed="25.40"/>
            </lane>
            <lane id="top_1">
                <vehicle id="cfm-fast_1" pos="32.13" speed="97.42"/>
            </lane>
        </edge>
    </timestep>
    <timestep time="8.11">
        <edge id="bottom">
            <lane id="bottom_0">
                <vehicle id="cfm-slow_2" pos="2.80" speed="28.59"/>
                <vehicle id="cfm-slow_3" pos="26.46" speed="28.51"/>
                <vehicle id="cfm-slow_4" pos="49.98" speed="27.74"/>
            </lane>
            <lane id="bottom_1">
                <vehicle id="cfm-fast_5" pos="22.99" speed="106.25"/>
            </lane>
        </edge>
        <edge id="left">
            <lane id="left_0">
                <vehicle id="cfm-slow_0" pos="7.90" speed="26.69"/>
                <vehicle id="cfm-slow_1" pos="29.75" speed="27.92"/>
            </lane>
            <lane id="left_1"/>
        </edge>
        <edge id="right">
            <lane id="right_0">
                <vehicle id="cfm-slow_5" pos="22.65" speed="26.53"/>
                <vehicle id="cfm-fast_0" pos="44.08" speed="25.31"/>
            </lane>
            <lane id="right_1"/>
        </edge>
        <edge id="top">
            <lane id="top_0">
                <vehicle id="cfm-fast_2" pos="10.31" speed="24.52"/>
                <vehicle id="cfm-fast_3" pos="25.78" speed="24.55"/>
                <vehicle id="cfm-fast_4" pos="41.36" speed="25.41"/>
            </lane>
            <lane id="top_1">
                <vehicle id="cfm-fast_1" pos="33.11" speed="97.52"/>
            </lane>
        </edge>
    </timestep>
    <timestep time="8.12">
        <edge id="bottom">
            <lane id="bottom_0">
                <vehicle id="cfm-slow_2" pos="3.08" speed="28.59"/>
                <vehicle id="cfm-slow_3" pos="26.75" speed="28.51"/>
            </lane>
            <lane id="bottom_1">
                <vehicle id="cfm-fast_5" pos="24.05" speed="106.29"/>
            </lane>
        </edge>
        <edge id="left">
            <lane id="left_0">
                <vehicle id="cfm-slow_0" pos="8.17" speed="26.71"/>
                <vehicle id="cfm-slow_1" pos="30.03" speed="27.93"/>
            </lane>
            <lane id="left_1"/>
        </edge>
        <edge id="right">
            <lane id="right_0">
                <vehicle id="cfm-slow_4" pos="0.26" speed="27.73"/>
                <vehicle id="cfm-slow_5" pos="22.92" speed="26.52"/>
                <vehicle id="cfm-fast_0" pos="44.33" speed="25.30"/>
            </lane>
            <lane id="right_1"/>
        </edge>
        <edge id="top">
            <lane id="top_0">
                <vehicle id="cfm-fast_2" pos="10.55" speed="24.52"/>
                <vehicle id="cfm-fast_3" pos="26.02" speed="24.56"/>
                <vehicle id="cfm-fast_4" pos="41.61" speed="25.42"/>
            </lane>
            <lane id="top_1">
                <vehicle id="cfm-fast_1" pos="34.08" speed="97.61"/>
            </lane>
        </edge>
    </timestep>
    <timestep time="8.13">
        <edge id="bottom">
            <lane id="bottom_0">
                <vehicle id="cfm-slow_2" pos="3.37" speed="28.59"/>
                <vehicle id="cfm-slow_3" pos="27.03" speed="28.50"/>
            </lane>
            <lane id="bottom_1">
                <vehicle id="cfm-fast_5" pos="25.12" speed="106.32"/>
            </lane>
        </edge>
        <edge id="left">
            <lane id="left_0">
                <vehicle id="cfm-slow_0" pos="8.43" speed="26.72"/>
                <vehicle id="cfm-slow_1" pos="30.31" speed="27.93"/>
            </lane>
            <lane id="left_1"/>
        </edge>
        <edge id="right">
            <lane id="right_0">
                <vehicle id="cfm-slow_4" pos="0.53" speed="27.71"/>
                <vehicle id="cfm-slow_5" pos="23.18" speed="26.50"/>
                <vehicle id="cfm-fast_0" pos="44.59" speed="25.29"/>
            </lane>
            <lane id="right_1"/>
        </edge>
        <edge id="top">
            <lane id="top_0">
                <vehicle id="cfm-fast_2" pos="10.80" speed="24.52"/>
                <vehicle id="cfm-fast_3" pos="26.27" speed="24.57"/>
                <vehicle id="cfm-fast_4" pos="41.86" speed="25.44"/>
            </lane>
            <lane id="top_1">
                <vehicle id="cfm-fast_1" pos="35.06" speed="97.70"/>
            </lane>
        </edge>
    </timestep>
    <timestep time="8.14">
        <edge id="bottom">
            <lane id="bottom_0">
                <vehicle id="cfm-slow_2" pos="3.66" speed="28.59"/>
                <vehicle id="cfm-slow_3" pos="27.32" speed="28.49"/>
            </lane>
            <lane id="bottom_1">
                <vehicle id="cfm-fast_5" pos="26.18" speed="106.36"/>
            </lane>
        </edge>
        <edge id="left">
            <lane id="left_0">
                <vehicle id="cfm-slow_0" pos="8.70" speed="26.73"/>
                <vehicle id="cfm-slow_1" pos="30.59" speed="27.94"/>
            </lane>
            <lane id="left_1"/>
        </edge>
        <edge id="right">
            <lane id="right_0">
                <vehicle id="cfm-slow_4" pos="0.81" speed="27.70"/>
                <vehicle id="cfm-slow_5" pos="23.45" speed="26.49"/>
                <vehicle id="cfm-fast_0" pos="44.84" speed="25.28"/>
            </lane>
            <lane id="right_1"/>
        </edge>
        <edge id="top">
            <lane id="top_0">
                <vehicle id="cfm-fast_2" pos="11.04" speed="24.52"/>
                <vehicle id="cfm-fast_3" pos="26.51" speed="24.58"/>
                <vehicle id="cfm-fast_4" pos="42.12" speed="25.45"/>
            </lane>
            <lane id="top_1">
                <vehicle id="cfm-fast_1" pos="36.04" speed="97.79"/>
            </lane>
        </edge>
    </timestep>
    <timestep time="8.15">
        <edge id="bottom">
            <lane id="bottom_0">
                <vehicle id="cfm-slow_2" pos="3.94" speed="28.59"/>
                <vehicle id="cfm-slow_3" pos="27.60" speed="28.48"/>
            </lane>
            <lane id="bottom_1">
                <vehicle id="cfm-fast_5" pos="27.24" speed="106.40"/>
            </lane>
        </edge>
        <edge id="left">
            <lane id="left_0">
                <vehicle id="cfm-slow_0" pos="8.97" speed="26.74"/>
                <vehicle id="cfm-slow_1" pos="30.87" speed="27.95"/>
            </lane>
            <lane id="left_1"/>
        </edge>
        <edge id="right">
            <lane id="right_0">
                <vehicle id="cfm-slow_4" pos="1.09" speed="27.69"/>
                <vehicle id="cfm-slow_5" pos="23.71" speed="26.48"/>
                <vehicle id="cfm-fast_0" pos="45.09" speed="25.28"/>
            </lane>
            <lane id="right_1"/>
        </edge>
        <edge id="top">
            <lane id="top_0">
                <vehicle id="cfm-fast_2" pos="11.29" speed="24.52"/>
                <vehicle id="cfm-fast_3" pos="26.76" speed="24.58"/>
                <vehicle id="cfm-fast_4" pos="42.37" speed="25.46"/>
            </lane>
            <lane id="top_1">
                <vehicle id="cfm-fast_1" pos="37.02" speed="97.88"/>
            </lane>
        </edge>
    </timestep>
    <timestep time="8.16">
        <edge id="bottom">
            <lane id="bottom_0">
                <vehicle id="cfm-slow_2" pos="4.23" speed="28.59"/>
                <vehicle id="cfm-slow_3" pos="27.89" speed="28.48"/>
            </lane>
            <lane id="bottom_1">
                <vehicle id="cfm-fast_5" pos="28.31" speed="106.43"/>
            </lane>
        </edge>
        <edge id="left">
            <lane id="left_0">
                <vehicle id="cfm-slow_0" pos="9.24" speed="26.75"/>
                <vehicle id="cfm-slow_1" pos="31.14" speed="27.96"/>
            </lane>
            <lane id="left_1"/>
        </edge>
        <edge id="right">
            <lane id="right_0">
                <vehicle id="cfm-slow_4" pos="1.36" speed="27.68"/>
                <vehicle id="cfm-slow_5" pos="23.98" speed="26.47"/>
                <vehicle id="cfm-fast_0" pos="45.34" speed="25.27"/>
            </lane>
            <lane id="right_1"/>
        </edge>
        <edge id="top">
            <lane id="top_0">
                <vehicle id="cfm-fast_2" pos="11.53" speed="24.52"/>
                <vehicle id="cfm-fast_3" pos="27.01" speed="24.59"/>
                <vehicle id="cfm-fast_4" pos="42.63" speed="25.47"/>
            </lane>
            <lane id="top_1">
                <vehicle id="cfm-fast_1" pos="37.99" speed="97.97"/>
            </lane>
        </edge>
    </timestep>
    <timestep time="8.17">
        <edge id="bottom">
            <lane id="bottom_0">
                <vehicle id="cfm-slow_2" pos="4.51" speed="28.59"/>
                <vehicle id="cfm-slow_3" pos="28.17" speed="28.47"/>
            </lane>
            <lane id="bottom_1">
                <vehicle id="cfm-fast_5" pos="29.37" speed="106.47"/>
            </lane>
        </edge>
        <edge id="left">
            <lane id="left_0">
                <vehicle id="cfm-slow_0" pos="9.50" speed="26.77"/>
                <vehicle id="cfm-slow_1" pos="31.42" speed="27.96"/>
            </lane>
            <lane id="left_1"/>
        </edge>
        <edge id="right">
            <lane id="right_0">
                <vehicle id="cfm-slow_4" pos="1.64" speed="27.67"/>
                <vehicle id="cfm-slow_5" pos="24.24" speed="26.46"/>
                <vehicle id="cfm-fast_0" pos="45.60" speed="25.26"/>
            </lane>
            <lane id="right_1"/>
        </edge>
        <edge id="top">
            <lane id="top_0">
                <vehicle id="cfm-fast_2" pos="11.78" speed="24.52"/>
                <vehicle id="cfm-fast_3" pos="27.25" speed="24.60"/>
                <vehicle id="cfm-fast_4" pos="42.88" speed="25.49"/>
            </lane>
            <lane id="top_1">
                <vehicle id="cfm-fast_1" pos="38.98" speed="98.06"/>
            </lane>
        </edge>
    </timestep>
    <timestep time="8.18">
        <edge id="bottom">
            <lane id="bottom_0">
                <vehicle id="cfm-slow_2" pos="4.80" speed="28.59"/>
                <vehicle id="cfm-slow_3" pos="28.46" speed="28.46"/>
            </lane>
            <lane id="bottom_1">
                <vehicle id="cfm-fast_5" pos="30.44" speed="106.50"/>
            </lane>
        </edge>
        <edge id="left">
            <lane id="left_0">
                <vehicle id="cfm-slow_0" pos="9.77" speed="26.78"/>
                <vehicle id="cfm-slow_1" pos="31.70" speed="27.97"/>
            </lane>
            <lane id="left_1"/>
        </edge>
        <edge id="right">
            <lane id="right_0">
                <vehicle id="cfm-slow_4" pos="1.92" speed="27.66"/>
                <vehicle id="cfm-slow_5" pos="24.51" speed="26.44"/>
                <vehicle id="cfm-fast_0" pos="45.85" speed="25.25"/>
            </lane>
            <lane id="right_1"/>
        </edge>
        <edge id="top">
            <lane id="top_0">
                <vehicle id="cfm-fast_2" pos="12.02" speed="24.52"/>
                <vehicle id="cfm-fast_3" pos="27.50" speed="24.61"/>
                <vehicle id="cfm-fast_4" pos="43.14" speed="25.50"/>
            </lane>
            <lane id="top_1">
                <vehicle id="cfm-fast_1" pos="39.96" speed="98.15"/>
            </lane>
        </edge>
    </timestep>
    <timestep time="8.19">
        <edge id="bottom">
            <lane id="bottom_0">
                <vehicle id="cfm-slow_2" pos="5.08" speed="28.59"/>
                <vehicle id="cfm-slow_3" pos="28.74" speed="28.46"/>
            </lane>
            <lane id="bottom_1">
                <vehicle id="cfm-fast_5" pos="31.50" speed="106.53"/>
            </lane>
        </edge>
        <edge id="left">
            <lane id="left_0">
                <vehicle id="cfm-slow_0" pos="10.04" speed="26.79"/>
                <vehicle id="cfm-slow_1" pos="31.98" speed="27.98"/>
            </lane>
            <lane id="left_1"/>
        </edge>
        <edge id="right">
            <lane id="right_0">
                <vehicle id="cfm-slow_4" pos="2.19" speed="27.64"/>
                <vehicle id="cfm-slow_5" pos="24.77" speed="26.43"/>
                <vehicle id="cfm-fast_0" pos="46.10" speed="25.25"/>
            </lane>
            <lane id="right_1"/>
        </edge>
        <edge id="top">
            <lane id="top_0">
                <vehicle id="cfm-fast_2" pos="12.27" speed="24.52"/>
                <vehicle id="cfm-fast_3" pos="27.74" speed="24.62"/>
                <vehicle id="cfm-fast_4" pos="43.39" speed="25.51"/>
            </lane>
            <lane id="top_1">
                <vehicle id="cfm-fast_1" pos="40.94" speed="98.24"/>
            </lane>
        </edge>
    </timestep>
    <timestep time="8.20">
        <edge id="bottom">
            <lane id="bottom_0">
                <vehicle id="cfm-slow_2" pos="5.37" speed="28.59"/>
                <vehicle id="cfm-slow_3" pos="29.02" speed="28.45"/>
            </lane>
            <lane id="bottom_1">
                <vehicle id="cfm-fast_5" pos="32.57" speed="106.57"/>
            </lane>
        </edge>
        <edge id="left">
            <lane id="left_0">
                <vehicle id="cfm-slow_0" pos="10.31" speed="26.80"/>
                <vehicle id="cfm-slow_1" pos="32.26" speed="27.98"/>
            </lane>
            <lane id="left_1"/>
        </edge>
        <edge id="right">
            <lane id="right_0">
                <vehicle id="cfm-slow_4" pos="2.47" speed="27.63"/>
                <vehicle id="cfm-slow_5" pos="25.03" speed="26.42"/>
                <vehicle id="cfm-fast_0" pos="46.35" speed="25.24"/>
            </lane>
            <lane id="right_1"/>
        </edge>
        <edge id="top">
            <lane id="top_0">
                <vehicle id="cfm-fast_2" pos="12.51" speed="24.52"/>
                <vehicle id="cfm-fast_3" pos="27.99" speed="24.63"/>
                <vehicle id="cfm-fast_4" pos="43.65" speed="25.53"/>
            </lane>
            <lane id="top_1">
                <vehicle id="cfm-fast_1" pos="41.92" speed="98.32"/>
            </lane>
        </edge>
    </timestep>
    <timestep time="8.21">
        <edge id="bottom">
            <lane id="bottom_0">
                <vehicle id="cfm-slow_2" pos="5.66" speed="28.59"/>
                <vehicle id="cfm-slow_3" pos="29.31" speed="28.44"/>
            </lane>
            <lane id="bottom_1">
                <vehicle id="cfm-fast_5" pos="33.63" speed="106.60"/>
            </lane>
        </edge>
        <edge id="left">
            <lane id="left_0">
                <vehicle id="cfm-slow_0" pos="10.58" speed="26.82"/>
                <vehicle id="cfm-slow_1" pos="32.54" speed="27.99"/>
            </lane>
            <lane id="left_1"/>
        </edge>
        <edge id="right">
            <lane id="right_0">
                <vehicle id="cfm-slow_4" pos="2.75" speed="27.62"/>
                <vehicle id="cfm-slow_5" pos="25.30" speed="26.41"/>
                <vehicle id="cfm-fast_0" pos="46.61" speed="25.23"/>
            </lane>
            <lane id="right_1"/>
        </edge>
        <edge id="top">
            <lane id="top_0">
                <vehicle id="cfm-fast_2" pos="12.76" speed="24.52"/>
                <vehicle id="cfm-fast_3" pos="28.24" speed="24.63"/>
                <vehicle id="cfm-fast_4" pos="43.90" speed="25.54"/>
            </lane>
            <lane id="top_1">
                <vehicle id="cfm-fast_1" pos="42.91" speed="98.41"/>
            </lane>
        </edge>
    </timestep>
    <timestep time="8.22">
        <edge id="bottom">
            <lane id="bottom_0">
                <vehicle id="cfm-slow_2" pos="5.94" speed="28.58"/>
                <vehicle id="cfm-slow_3" pos="29.59" speed="28.43"/>
            </lane>
            <lane id="bottom_1">
                <vehicle id="cfm-fast_5" pos="34.70" speed="106.63"/>
            </lane>
        </edge>
        <edge id="left">
            <lane id="left_0">
                <vehicle id="cfm-slow_0" pos="10.84" speed="26.83"/>
                <vehicle id="cfm-slow_1" pos="32.82" speed="28.00"/>
            </lane>
            <lane id="left_1"/>
        </edge>
        <edge id="right">
            <lane id="right_0">
                <vehicle id="cfm-slow_4" pos="3.02" speed="27.61"/>
                <vehicle id="cfm-slow_5" pos="25.56" speed="26.40"/>
                <vehicle id="cfm-fast_0" pos="46.86" speed="25.22"/>
            </lane>
            <lane id="right_1"/>
        </edge>
        <edge id="top">
            <lane id="top_0">
                <vehicle id="cfm-fast_2" pos="13.00" speed="24.52"/>
                <vehicle id="cfm-fast_3" pos="28.48" speed="24.64"/>
                <vehicle id="cfm-fast_4" pos="44.16" speed="25.55"/>
            </lane>
            <lane id="top_1">
                <vehicle id="cfm-fast_1" pos="43.89" speed="98.50"/>
            </lane>
        </edge>
    </timestep>
    <timestep time="8.23">
        <edge id="bottom">
            <lane id="bottom_0">
                <vehicle id="cfm-slow_2" pos="6.23" speed="28.58"/>
                <vehicle id="cfm-slow_3" pos="29.88" speed="28.43"/>
            </lane>
            <lane id="bottom_1">
                <vehicle id="cfm-fast_5" pos="35.77" speed="106.66"/>
            </lane>
        </edge>
        <edge id="left">
            <lane id="left_0">
                <vehicle id="cfm-slow_0" pos="11.11" speed="26.84"/>
                <vehicle id="cfm-slow_1" pos="33.10" speed="28.00"/>
            </lane>
            <lane id="left_1"/>
        </edge>
        <edge id="right">
            <lane id="right_0">
                <vehicle id="cfm-slow_4" pos="3.30" speed="27.60"/>
                <vehicle id="cfm-slow_5" pos="25.83" speed="26.39"/>
                <vehicle id="cfm-fast_0" pos="47.11" speed="25.22"/>
            </lane>
            <lane id="right_1"/>
        </edge>
        <edge id="top">
            <lane id="top_0">
                <vehicle id="cfm-fast_2" pos="13.25" speed="24.52"/>
                <vehicle id="cfm-fast_3" pos="28.73" speed="24.65"/>
                <vehicle id="cfm-fast_4" pos="44.42" speed="25.56"/>
            </lane>
            <lane id="top_1">
                <vehicle id="cfm-fast_1" pos="44.88" speed="98.58"/>
            </lane>
        </edge>
    </timestep>
    <timestep time="8.24">
        <edge id="bottom">
            <lane id="bottom_0">
                <vehicle id="cfm-slow_2" pos="6.51" speed="28.58"/>
                <vehicle id="cfm-slow_3" pos="30.16" speed="28.42"/>
            </lane>
            <lane id="bottom_1">
                <vehicle id="cfm-fast_5" pos="36.83" speed="106.69"/>
            </lane>
        </edge>
        <edge id="left">
            <lane id="left_0">
                <vehicle id="cfm-slow_0" pos="11.38" speed="26.85"/>
                <vehicle id="cfm-slow_1" pos="33.38" speed="28.01"/>
            </lane>
            <lane id="left_1"/>
        </edge>
        <edge id="right">
            <lane id="right_0">
                <vehicle id="cfm-slow_4" pos="3.57" speed="27.59"/>
                <vehicle id="cfm-slow_5" pos="26.09" speed="26.37"/>
                <vehicle id="cfm-fast_0" pos="47.36" speed="25.21"/>
            </lane>
            <lane id="right_1"/>
        </edge>
        <edge id="top">
            <lane id="top_0">
                <vehicle id="cfm-fast_2" pos="13.49" speed="24.52"/>
                <vehicle id="cfm-fast_3" pos="28.98" speed="24.66"/>
                <vehicle id="cfm-fast_4" pos="44.67" speed="25.58"/>
            </lane>
            <lane id="top_1">
                <vehicle id="cfm-fast_1" pos="45.86" speed="98.67"/>
            </lane>
        </edge>
    </timestep>
    <timestep time="8.25">
        <edge id="bottom">
            <lane id="bottom_0">
                <vehicle id="cfm-slow_2" pos="6.80" speed="28.58"/>
                <vehicle id="cfm-slow_3" pos="30.45" speed="28.41"/>
            </lane>
            <lane id="bottom_1">
                <vehicle id="cfm-fast_5" pos="37.90" speed="106.72"/>
            </lane>
        </edge>
        <edge id="left">
            <lane id="left_0">
                <vehicle id="cfm-slow_0" pos="11.65" speed="26.86"/>
                <vehicle id="cfm-slow_1" pos="33.66" speed="28.01"/>
            </lane>
            <lane id="left_1"/>
        </edge>
        <edge id="right">
            <lane id="right_0">
                <vehicle id="cfm-slow_4" pos="3.85" speed="27.57"/>
                <vehicle id="cfm-slow_5" pos="26.35" speed="26.36"/>
                <vehicle id="cfm-fast_0" pos="47.61" speed="25.20"/>
            </lane>
            <lane id="right_1"/>
        </edge>
        <edge id="top">
            <lane id="top_0">
                <vehicle id="cfm-fast_2" pos="13.74" speed="24.52"/>
                <vehicle id="cfm-fast_3" pos="29.22" speed="24.67"/>
                <vehicle id="cfm-fast_4" pos="44.93" speed="25.59"/>
            </lane>
            <lane id="top_1">
                <vehicle id="cfm-fast_1" pos="46.85" speed="98.75"/>
            </lane>
        </edge>
    </timestep>
    <timestep time="8.26">
        <edge id="bottom">
            <lane id="bottom_0">
                <vehicle id="cfm-slow_2" pos="7.09" speed="28.58"/>
                <vehicle id="cfm-slow_3" pos="30.73" speed="28.40"/>
            </lane>
            <lane id="bottom_1">
                <vehicle id="cfm-fast_5" pos="38.97" speed="106.75"/>
            </lane>
        </edge>
        <edge id="left">
            <lane id="left_0">
                <vehicle id="cfm-slow_0" pos="11.92" speed="26.88"/>
                <vehicle id="cfm-slow_1" pos="33.94" speed="28.02"/>
            </lane>
            <lane id="left_1"/>
        </edge>
        <edge id="right">
            <lane id="right_0">
                <vehicle id="cfm-slow_4" pos="4.12" speed="27.56"/>
                <vehicle id="cfm-slow_5" pos="26.62" speed="26.35"/>
                <vehicle id="cfm-fast_0" pos="47.87" speed="25.20"/>
            </lane>
            <lane id="right_1"/>
        </edge>
        <edge id="top">
            <lane id="top_0">
                <vehicle id="cfm-fast_2" pos="13.98" speed="24.52"/>
                <vehicle id="cfm-fast_3" pos="29.47" speed="24.68"/>
                <vehicle id="cfm-fast_4" pos="45.18" speed="25.60"/>
            </lane>
            <lane id="top_1">
                <vehicle id="cfm-fast_1" pos="47.84" speed="98.84"/>
            </lane>
        </edge>
    </timestep>
    <timestep time="8.27">
        <edge id="bottom">
            <lane id="bottom_0">
                <vehicle id="cfm-slow_2" pos="7.37" speed="28.58"/>
                <vehicle id="cfm-slow_3" pos="31.01" speed="28.40"/>
            </lane>
            <lane id="bottom_1">
                <vehicle id="cfm-fast_5" pos="40.04" speed="106.78"/>
            </lane>
        </edge>
        <edge id="left">
            <lane id="left_0">
                <vehicle id="cfm-slow_0" pos="12.19" speed="26.89"/>
                <vehicle id="cfm-slow_1" pos="34.22" speed="28.03"/>
            </lane>
            <lane id="left_1"/>
        </edge>
        <edge id="right">
            <lane id="right_0">
                <vehicle id="cfm-slow_4" pos="4.40" speed="27.55"/>
                <vehicle id="cfm-slow_5" pos="26.88" speed="26.34"/>
                <vehicle id="cfm-fast_0" pos="48.12" speed="25.19"/>
            </lane>
            <lane id="right_1"/>
        </edge>
        <edge id="top">
            <lane id="top_0">
                <vehicle id="cfm-fast_2" pos="14.23" speed="24.52"/>
                <vehicle id="cfm-fast_3" pos="29.72" speed="24.69"/>
                <vehicle id="cfm-fast_4" pos="45.44" speed="25.62"/>
            </lane>
            <lane id="top_1">
                <vehicle id="cfm-fast_1" pos="48.83" speed="98.92"/>
            </lane>
        </edge>
    </timestep>
    <timestep time="8.28">
        <edge id="bottom">
            <lane id="bottom_0">
                <vehicle id="cfm-slow_2" pos="7.66" speed="28.58"/>
                <vehicle id="cfm-slow_3" pos="31.30" speed="28.39"/>
            </lane>
            <lane id="bottom_1">
                <vehicle id="cfm-fast_5" pos="41.10" speed="106.81"/>
            </lane>
        </edge>
        <edge id="left">
            <lane id="left_0">
                <vehicle id="cfm-slow_0" pos="12.46" speed="26.90"/>
                <vehicle id="cfm-slow_1" pos="34.50" speed="28.03"/>
            </lane>
            <lane id="left_1"/>
        </edge>
        <edge id="right">
            <lane id="right_0">
                <vehicle id="cfm-slow_4" pos="4.68" speed="27.54"/>
                <vehicle id="cfm-slow_5" pos="27.14" speed="26.33"/>
                <vehicle id="cfm-fast_0" pos="48.37" speed="25.18"/>
            </lane>
            <lane id="right_1"/>
        </edge>
        <edge id="top">
            <lane id="top_0">
                <vehicle id="cfm-fast_2" pos="14.47" speed="24.52"/>
                <vehicle id="cfm-fast_3" pos="29.96" speed="24.69"/>
                <vehicle id="cfm-fast_4" pos="45.70" speed="25.63"/>
            </lane>
            <lane id="top_1">
                <vehicle id="cfm-fast_1" pos="49.82" speed="99.00"/>
            </lane>
        </edge>
    </timestep>
    <timestep time="8.29">
        <edge id="bottom">
            <lane id="bottom_0">
                <vehicle id="cfm-slow_2" pos="7.94" speed="28.58"/>
                <vehicle id="cfm-slow_3" pos="31.58" speed="28.38"/>
            </lane>
            <lane id="bottom_1">
                <vehicle id="cfm-fast_5" pos="42.17" speed="106.84"/>
            </lane>
        </edge>
        <edge id="left">
            <lane id="left_0">
                <vehicle id="cfm-slow_0" pos="12.73" speed="26.91"/>
                <vehicle id="cfm-slow_1" pos="34.79" speed="28.04"/>
            </lane>
            <lane id="left_1">
                <vehicle id="cfm-fast_1" pos="0.81" speed="99.09"/>
            </lane>
        </edge>
        <edge id="right">
            <lane id="right_0">
                <vehicle id="cfm-slow_4" pos="4.95" speed="27.53"/>
                <vehicle id="cfm-slow_5" pos="27.41" speed="26.32"/>
                <vehicle id="cfm-fast_0" pos="48.62" speed="25.18"/>
            </lane>
            <lane id="right_1"/>
        </edge>
        <edge id="top">
            <lane id="top_0">
                <vehicle id="cfm-fast_2" pos="14.72" speed="24.53"/>
                <vehicle id="cfm-fast_3" pos="30.21" speed="24.70"/>
                <vehicle id="cfm-fast_4" pos="45.95" speed="25.64"/>
            </lane>
            <lane id="top_1"/>
        </edge>
    </timestep>
    <timestep time="8.30">
        <edge id="bottom">
            <lane id="bottom_0">
                <vehicle id="cfm-slow_2" pos="8.23" speed="28.58"/>
                <vehicle id="cfm-slow_3" pos="31.86" speed="28.37"/>
            </lane>
            <lane id="bottom_1">
                <vehicle id="cfm-fast_5" pos="43.24" speed="106.87"/>
            </lane>
        </edge>
        <edge id="left">
            <lane id="left_0">
                <vehicle id="cfm-slow_0" pos="12.99" speed="26.92"/>
                <vehicle id="cfm-slow_1" pos="35.07" speed="28.05"/>
            </lane>
            <lane id="left_1">
                <vehicle id="cfm-fast_1" pos="1.80" speed="99.17"/>
            </lane>
        </edge>
        <edge id="right">
            <lane id="right_0">
                <vehicle id="cfm-slow_4" pos="5.23" speed="27.52"/>
                <vehicle id="cfm-slow_5" pos="27.67" speed="26.31"/>
                <vehicle id="cfm-fast_0" pos="48.87" speed="25.17"/>
            </lane>
            <lane id="right_1"/>
        </edge>
        <edge id="top">
            <lane id="top_0">
                <vehicle id="cfm-fast_2" pos="14.96" speed="24.53"/>
                <vehicle id="cfm-fast_3" pos="30.46" speed="24.71"/>
                <vehicle id="cfm-fast_4" pos="46.21" speed="25.65"/>
            </lane>
            <lane id="top_1"/>
        </edge>
    </timestep>
    <timestep time="8.31">
        <edge id="bottom">
            <lane id="bottom_0">
                <vehicle id="cfm-slow_2" pos="8.51" speed="28.58"/>
                <vehicle id="cfm-slow_3" pos="32.15" speed="28.36"/>
            </lane>
            <lane id="bottom_1">
                <vehicle id="cfm-fast_5" pos="44.31" speed="106.89"/>
            </lane>
        </edge>
        <edge id="left">
            <lane id="left_0">
                <vehicle id="cfm-slow_0" pos="13.26" speed="26.93"/>
                <vehicle id="cfm-slow_1" pos="35.35" speed="28.05"/>
            </lane>
            <lane id="left_1">
                <vehicle id="cfm-fast_1" pos="2.79" speed="99.25"/>
            </lane>
        </edge>
        <edge id="right">
            <lane id="right_0">
                <vehicle id="cfm-slow_4" pos="5.50" speed="27.50"/>
                <vehicle id="cfm-slow_5" pos="27.93" speed="26.30"/>
                <vehicle id="cfm-fast_0" pos="49.13" speed="25.16"/>
            </lane>
            <lane id="right_1"/>
        </edge>
        <edge id="top">
            <lane id="top_0">
                <vehicle id="cfm-fast_2" pos="15.21" speed="24.53"/>
                <vehicle id="cfm-fast_3" pos="30.71" speed="24.72"/>
                <vehicle id="cfm-fast_4" pos="46.47" speed="25.67"/>
            </lane>
            <lane id="top_1"/>
        </edge>
    </timestep>
    <timestep time="8.32">
        <edge id="bottom">
            <lane id="bottom_0">
                <vehicle id="cfm-slow_2" pos="8.80" speed="28.57"/>
                <vehicle id="cfm-slow_3" pos="32.43" speed="28.36"/>
            </lane>
            <lane id="bottom_1">
                <vehicle id="cfm-fast_5" pos="45.38" speed="106.92"/>
            </lane>
        </edge>
        <edge id="left">
            <lane id="left_0">
                <vehicle id="cfm-slow_0" pos="13.53" speed="26.95"/>
                <vehicle id="cfm-slow_1" pos="35.63" speed="28.06"/>
            </lane>
            <lane id="left_1">
                <vehicle id="cfm-fast_1" pos="3.79" speed="99.33"/>
            </lane>
        </edge>
        <edge id="right">
            <lane id="right_0">
                <vehicle id="cfm-slow_4" pos="5.78" speed="27.49"/>
                <vehicle id="cfm-slow_5" pos="28.20" speed="26.28"/>
                <vehicle id="cfm-fast_0" pos="49.38" speed="25.16"/>
            </lane>
            <lane id="right_1"/>
        </edge>
        <edge id="top">
            <lane id="top_0">
                <vehicle id="cfm-fast_2" pos="15.45" speed="24.53"/>
                <vehicle id="cfm-fast_3" pos="30.95" speed="24.73"/>
                <vehicle id="cfm-fast_4" pos="46.72" speed="25.68"/>
            </lane>
            <lane id="top_1"/>
        </edge>
    </timestep>
    <timestep time="8.33">
        <edge id="bottom">
            <lane id="bottom_0">
                <vehicle id="cfm-slow_2" pos="9.09" speed="28.57"/>
                <vehicle id="cfm-slow_3" pos="32.72" speed="28.35"/>
            </lane>
            <lane id="bottom_1">
                <vehicle id="cfm-fast_5" pos="46.45" speed="106.95"/>
            </lane>
        </edge>
        <edge id="left">
            <lane id="left_0">
                <vehicle id="cfm-slow_0" pos="13.80" speed="26.96"/>
                <vehicle id="cfm-slow_1" pos="35.91" speed="28.06"/>
            </lane>
            <lane id="left_1">
                <vehicle id="cfm-fast_1" pos="4.78" speed="99.41"/>
            </lane>
        </edge>
        <edge id="right">
            <lane id="right_0">
                <vehicle id="cfm-slow_4" pos="6.05" speed="27.48"/>
                <vehicle id="cfm-slow_5" pos="28.46" speed="26.27"/>
                <vehicle id="cfm-fast_0" pos="49.63" speed="25.15"/>
            </lane>
            <lane id="right_1"/>
        </edge>
        <edge id="top">
            <lane id="top_0">
                <vehicle id="cfm-fast_2" pos="15.70" speed="24.53"/>
                <vehicle id="cfm-fast_3" pos="31.20" speed="24.74"/>
                <vehicle id="cfm-fast_4" pos="46.98" speed="25.69"/>
            </lane>
            <lane id="top_1"/>
        </edge>
    </timestep>
    <timestep time="8.34">
        <edge id="bottom">
            <lane id="bottom_0">
                <vehicle id="cfm-slow_2" pos="9.37" speed="28.57"/>
                <vehicle id="cfm-slow_3" pos="33.00" speed="28.34"/>
            </lane>
            <lane id="bottom_1">
                <vehicle id="cfm-fast_5" pos="47.52" speed="106.97"/>
            </lane>
        </edge>
        <edge id="left">
            <lane id="left_0">
                <vehicle id="cfm-slow_0" pos="14.07" speed="26.97"/>
                <vehicle id="cfm-slow_1" pos="36.19" speed="28.07"/>
            </lane>
            <lane id="left_1">
                <vehicle id="cfm-fast_1" pos="5.78" speed="99.49"/>
            </lane>
        </edge>
        <edge id="right">
            <lane id="right_0">
                <vehicle id="cfm-slow_4" pos="6.33" speed="27.47"/>
                <vehicle id="cfm-slow_5" pos="28.72" speed="26.26"/>
                <vehicle id="cfm-fast_0" pos="49.88" speed="25.14"/>
            </lane>
            <lane id="right_1"/>
        </edge>
        <edge id="top">
            <lane id="top_0">
                <vehicle id="cfm-fast_2" pos="15.95" speed="24.53"/>
                <vehicle id="cfm-fast_3" pos="31.45" speed="24.75"/>
                <vehicle id="cfm-fast_4" pos="47.24" speed="25.70"/>
            </lane>
            <lane id="top_1"/>
        </edge>
    </timestep>
    <timestep time="8.35">
        <edge id="bottom">
            <lane id="bottom_0">
                <vehicle id="cfm-slow_2" pos="9.66" speed="28.57"/>
                <vehicle id="cfm-slow_3" pos="33.28" speed="28.33"/>
            </lane>
            <lane id="bottom_1">
                <vehicle id="cfm-fast_5" pos="48.59" speed="107.00"/>
            </lane>
        </edge>
        <edge id="left">
            <lane id="left_0">
                <vehicle id="cfm-slow_0" pos="14.34" speed="26.98"/>
                <vehicle id="cfm-slow_1" pos="36.47" speed="28.07"/>
            </lane>
            <lane id="left_1">
                <vehicle id="cfm-fast_1" pos="6.77" speed="99.57"/>
            </lane>
        </edge>
        <edge id="right">
            <lane id="right_0">
                <vehicle id="cfm-slow_4" pos="6.60" speed="27.46"/>
                <vehicle id="cfm-slow_5" pos="28.98" speed="26.25"/>
            </lane>
            <lane id="right_1"/>
        </edge>
        <edge id="top">
            <lane id="top_0">
                <vehicle id="cfm-fast_0" pos="0.13" speed="25.14"/>
                <vehicle id="cfm-fast_2" pos="16.19" speed="24.53"/>
                <vehicle id="cfm-fast_3" pos="31.70" speed="24.76"/>
                <vehicle id="cfm-fast_4" pos="47.49" speed="25.72"/>
            </lane>
            <lane id="top_1"/>
        </edge>
    </timestep>
    <timestep time="8.36">
        <edge id="bottom">
            <lane id="bottom_0">
                <vehicle id="cfm-slow_2" pos="9.94" speed="28.57"/>
                <vehicle id="cfm-slow_3" pos="33.57" speed="28.32"/>
            </lane>
            <lane id="bottom_1">
                <vehicle id="cfm-fast_5" pos="49.66" speed="107.02"/>
            </lane>
        </edge>
        <edge id="left">
            <lane id="left_0">
                <vehicle id="cfm-slow_0" pos="14.61" speed="26.99"/>
                <vehicle id="cfm-slow_1" pos="36.75" speed="28.08"/>
            </lane>
            <lane id="left_1">
                <vehicle id="cfm-fast_1" pos="7.77" speed="99.65"/>
            </lane>
        </edge>
        <edge id="right">
            <lane id="right_0">
                <vehicle id="cfm-slow_4" pos="6.87" speed="27.45"/>
                <vehicle id="cfm-slow_5" pos="29.25" speed="26.24"/>
            </lane>
            <lane id="right_1"/>
        </edge>
        <edge id="top">
            <lane id="top_0">
                <vehicle id="cfm-fast_0" pos="0.38" speed="25.13"/>
                <vehicle id="cfm-fast_2" pos="16.44" speed="24.54"/>
                <vehicle id="cfm-fast_3" pos="31.94" speed="24.77"/>
                <vehicle id="cfm-fast_4" pos="47.75" speed="25.73"/>
            </lane>
            <lane id="top_1"/>
        </edge>
    </timestep>
    <timestep time="8.37">
        <edge id="bottom">
            <lane id="bottom_0">
                <vehicle id="cfm-slow_2" pos="10.23" speed="28.57"/>
                <vehicle id="cfm-slow_3" pos="33.85" speed="28.32"/>
            </lane>
            <lane id="bottom_1"/>
        </edge>
        <edge id="left">
            <lane id="left_0">
                <vehicle id="cfm-slow_0" pos="14.88" speed="27.00"/>
                <vehicle id="cfm-slow_1" pos="37.03" speed="28.09"/>
            </lane>
            <lane id="left_1">
                <vehicle id="cfm-fast_1" pos="8.77" speed="99.73"/>
            </lane>
        </edge>
        <edge id="right">
            <lane id="right_0">
                <vehicle id="cfm-slow_4" pos="7.15" speed="27.43"/>
                <vehicle id="cfm-slow_5" pos="29.51" speed="26.23"/>
            </lane>
            <lane id="right_1">
                <vehicle id="cfm-fast_5" pos="0.73" speed="107.05"/>
            </lane>
        </edge>
        <edge id="top">
            <lane id="top_0">
                <vehicle id="cfm-fast_0" pos="0.63" speed="25.12"/>
                <vehicle id="cfm-fast_2" pos="16.68" speed="24.54"/>
                <vehicle id="cfm-fast_3" pos="32.19" speed="24.78"/>
                <vehicle id="cfm-fast_4" pos="48.01" speed="25.74"/>
            </lane>
            <lane id="top_1"/>
        </edge>
    </timestep>
    <timestep time="8.38">
        <edge id="bottom">
            <lane id="bottom_0">
                <vehicle id="cfm-slow_2" pos="10.51" speed="28.56"/>
                <vehicle id="cfm-slow_3" pos="34.13" speed="28.31"/>
            </lane>
            <lane id="bottom_1"/>
        </edge>
        <edge id="left">
            <lane id="left_0">
                <vehicle id="cfm-slow_0" pos="15.15" speed="27.01"/>
                <vehicle id="cfm-slow_1" pos="37.31" speed="28.09"/>
            </lane>
            <lane id="left_1">
                <vehicle id="cfm-fast_1" pos="9.76" speed="99.81"/>
            </lane>
        </edge>
        <edge id="right">
            <lane id="right_0">
                <vehicle id="cfm-slow_4" pos="7.42" speed="27.42"/>
                <vehicle id="cfm-slow_5" pos="29.77" speed="26.22"/>
            </lane>
            <lane id="right_1">
                <vehicle id="cfm-fast_5" pos="1.80" speed="107.07"/>
            </lane>
        </edge>
        <edge id="top">
            <lane id="top_0">
                <vehicle id="cfm-fast_0" pos="0.88" speed="25.12"/>
                <vehicle id="cfm-fast_2" pos="16.93" speed="24.54"/>
                <vehicle id="cfm-fast_3" pos="32.44" speed="24.78"/>
                <vehicle id="cfm-fast_4" pos="48.27" speed="25.76"/>
            </lane>
            <lane id="top_1"/>
        </edge>
    </timestep>
    <timestep time="8.39">
        <edge id="bottom">
            <lane id="bottom_0">
                <vehicle id="cfm-slow_2" pos="10.80" speed="28.56"/>
                <vehicle id="cfm-slow_3" pos="34.41" speed="28.30"/>
            </lane>
            <lane id="bottom_1"/>
        </edge>
        <edge id="left">
            <lane id="left_0">
                <vehicle id="cfm-slow_0" pos="15.42" speed="27.02"/>
                <vehicle id="cfm-slow_1" pos="37.59" speed="28.10"/>
            </lane>
            <lane id="left_1">
                <vehicle id="cfm-fast_1" pos="10.76" speed="99.88"/>
            </lane>
        </edge>
        <edge id="right">
            <lane id="right_0">
                <vehicle id="cfm-slow_4" pos="7.70" speed="27.41"/>
                <vehicle id="cfm-slow_5" pos="30.03" speed="26.21"/>
            </lane>
            <lane id="right_1">
                <vehicle id="cfm-fast_5" pos="2.87" speed="107.10"/>
            </lane>
        </edge>
        <edge id="top">
            <lane id="top_0">
                <vehicle id="cfm-fast_0" pos="1.14" speed="25.11"/>
                <vehicle id="cfm-fast_2" pos="17.17" speed="24.54"/>
                <vehicle id="cfm-fast_3" pos="32.69" speed="24.79"/>
                <vehicle id="cfm-fast_4" pos="48.52" speed="25.77"/>
            </lane>
            <lane id="top_1"/>
        </edge>
    </timestep>
    <timestep time="8.40">
        <edge id="bottom">
            <lane id="bottom_0">
                <vehicle id="cfm-slow_2" pos="11.09" speed="28.56"/>
                <vehicle id="cfm-slow_3" pos="34.70" speed="28.29"/>
            </lane>
            <lane id="bottom_1"/>
        </edge>
        <edge id="left">
            <lane id="left_0">
                <vehicle id="cfm-slow_0" pos="15.69" speed="27.04"/>
                <vehicle id="cfm-slow_1" pos="37.87" speed="28.10"/>
            </lane>
            <lane id="left_1">
                <vehicle id="cfm-fast_1" pos="11.76" speed="99.96"/>
            </lane>
        </edge>
        <edge id="right">
            <lane id="right_0">
                <vehicle id="cfm-slow_4" pos="7.97" speed="27.40"/>
                <vehicle id="cfm-slow_5" pos="30.30" speed="26.20"/>
            </lane>
            <lane id="right_1">
                <vehicle id="cfm-fast_5" pos="3.94" speed="107.12"/>
            </lane>
        </edge>
        <edge id="top">
            <lane id="top_0">
                <vehicle id="cfm-fast_0" pos="1.39" speed="25.11"/>
                <vehicle id="cfm-fast_2" pos="17.42" speed="24.54"/>
                <vehicle id="cfm-fast_3" pos="32.93" speed="24.80"/>
                <vehicle id="cfm-fast_4" pos="48.78" speed="25.78"/>
            </lane>
            <lane id="top_1"/>
        </edge>
    </timestep>
    <timestep time="8.41">
        <edge id="bottom">
            <lane id="bottom_0">
                <vehicle id="cfm-slow_2" pos="11.37" speed="28.56"/>
                <vehicle id="cfm-slow_3" pos="34.98" speed="28.28"/>
            </lane>
            <lane id="bottom_1"/>
        </edge>
        <edge id="left">
            <lane id="left_0">
                <vehicle id="cfm-slow_0" pos="15.96" speed="27.05"/>
                <vehicle id="cfm-slow_1" pos="38.15" speed="28.11"/>
            </lane>
            <lane id="left_1">
                <vehicle id="cfm-fast_1" pos="12.76" speed="100.04"/>
            </lane>
        </edge>
        <edge id="right">
            <lane id="right_0">
                <vehicle id="cfm-slow_4" pos="8.25" speed="27.39"/>
                <vehicle id="cfm-slow_5" pos="30.56" speed="26.18"/>
            </lane>
            <lane id="right_1">
                <vehicle id="cfm-fast_5" pos="5.01" speed="107.14"/>
            </lane>
        </edge>
        <edge id="top">
            <lane id="top_0">
                <vehicle id="cfm-fast_0" pos="1.64" speed="25.10"/>
                <vehicle id="cfm-fast_2" pos="17.66" speed="24.55"/>
                <vehicle id="cfm-fast_3" pos="33.18" speed="24.81"/>
                <vehicle id="cfm-fast_4" pos="49.04" speed="25.79"/>
            </lane>
            <lane id="top_1"/>
        </edge>
    </timestep>
    <timestep time="8.42">
        <edge id="bottom">
            <lane id="bottom_0">
                <vehicle id="cfm-slow_2" pos="11.66" speed="28.56"/>
                <vehicle id="cfm-slow_3" pos="35.26" speed="28.27"/>
            </lane>
            <lane id="bottom_1"/>
        </edge>
        <edge id="left">
            <lane id="left_0">
                <vehicle id="cfm-slow_0" pos="16.23" speed="27.06"/>
                <vehicle id="cfm-slow_1" pos="38.44" speed="28.11"/>
            </lane>
            <lane id="left_1">
                <vehicle id="cfm-fast_1" pos="13.76" speed="100.11"/>
            </lane>
        </edge>
        <edge id="right">
            <lane id="right_0">
                <vehicle id="cfm-slow_4" pos="8.52" speed="27.38"/>
                <vehicle id="cfm-slow_5" pos="30.82" speed="26.17"/>
            </lane>
            <lane id="right_1">
                <vehicle id="cfm-fast_5" pos="6.09" speed="107.16"/>
            </lane>
        </edge>
        <edge id="top">
            <lane id="top_0">
                <vehicle id="cfm-fast_0" pos="1.89" speed="25.10"/>
                <vehicle id="cfm-fast_2" pos="17.91" speed="24.55"/>
                <vehicle id="cfm-fast_3" pos="33.43" speed="24.82"/>
                <vehicle id="cfm-fast_4" pos="49.30" speed="25.81"/>
            </lane>
            <lane id="top_1"/>
        </edge>
    </timestep>
    <timestep time="8.43">
        <edge id="bottom">
            <lane id="bottom_0">
                <vehicle id="cfm-slow_2" pos="11.94" speed="28.55"/>
                <vehicle id="cfm-slow_3" pos="35.55" speed="28.27"/>
            </lane>
            <lane id="bottom_1"/>
        </edge>
        <edge id="left">
            <lane id="left_0">
                <vehicle id="cfm-slow_0" pos="16.51" speed="27.07"/>
                <vehicle id="cfm-slow_1" pos="38.72" speed="28.12"/>
            </lane>
            <lane id="left_1">
                <vehicle id="cfm-fast_1" pos="14.77" speed="100.19"/>
            </lane>
        </edge>
        <edge id="right">
            <lane id="right_0">
                <vehicle id="cfm-slow_4" pos="8.79" speed="27.36"/>
                <vehicle id="cfm-slow_5" pos="31.08" speed="26.16"/>
            </lane>
            <lane id="right_1">
                <vehicle id="cfm-fast_5" pos="7.16" speed="107.19"/>
            </lane>
        </edge>
        <edge id="top">
            <lane id="top_0">
                <vehicle id="cfm-fast_0" pos="2.14" speed="25.09"/>
                <vehicle id="cfm-fast_2" pos="18.15" speed="24.55"/>
                <vehicle id="cfm-fast_3" pos="33.68" speed="24.83"/>
                <vehicle id="cfm-fast_4" pos="49.55" speed="25.82"/>
            </lane>
            <lane id="top_1"/>
        </edge>
    </timestep>
    <timestep time="8.44">
        <edge id="bottom">
            <lane id="bottom_0">
                <vehicle id="cfm-slow_2" pos="12.23" speed="28.55"/>
                <vehicle id="cfm-slow_3" pos="35.83" speed="28.26"/>
            </lane>
            <lane id="bottom_1"/>
        </edge>
        <edge id="left">
            <lane id="left_0">
                <vehicle id="cfm-slow_0" pos="16.78" speed="27.08"/>
                <vehicle id="cfm-slow_1" pos="39.00" speed="28.12"/>
            </lane>
            <lane id="left_1">
                <vehicle id="cfm-fast_1" pos="15.77" speed="100.26"/>
            </lane>
        </edge>
        <edge id="right">
            <lane id="right_0">
                <vehicle id="cfm-slow_4" pos="9.07" speed="27.35"/>
                <vehicle id="cfm-slow_5" pos="31.34" speed="26.15"/>
            </lane>
            <lane id="right_1">
                <vehicle id="cfm-fast_5" pos="8.23" speed="107.21"/>
            </lane>
        </edge>
        <edge id="top">
            <lane id="top_0">
                <vehicle id="cfm-fast_0" pos="2.39" speed="25.08"/>
                <vehicle id="cfm-fast_2" pos="18.40" speed="24.55"/>
                <vehicle id="cfm-fast_3" pos="33.93" speed="24.84"/>
                <vehicle id="cfm-fast_4" pos="49.81" speed="25.83"/>
            </lane>
            <lane id="top_1"/>
        </edge>
    </timestep>
    <timestep time="8.45">
        <edge id="bottom">
            <lane id="bottom_0">
                <vehicle id="cfm-slow_2" pos="12.51" speed="28.55"/>
                <vehicle id="cfm-slow_3" pos="36.11" speed="28.25"/>
            </lane>
            <lane id="bottom_1"/>
        </edge>
        <edge id="left">
            <lane id="left_0">
                <vehicle id="cfm-fast_4" pos="0.07" speed="25.84"/>
                <vehicle id="cfm-slow_0" pos="17.05" speed="27.09"/>
                <vehicle id="cfm-slow_1" pos="39.28" speed="28.13"/>
            </lane>
            <lane id="left_1">
                <vehicle id="cfm-fast_1" pos="16.77" speed="100.33"/>
            </lane>
        </edge>
        <edge id="right">
            <lane id="right_0">
                <vehicle id="cfm-slow_4" pos="9.34" speed="27.34"/>
                <vehicle id="cfm-slow_5" pos="31.60" speed="26.14"/>
            </lane>
            <lane id="right_1">
                <vehicle id="cfm-fast_5" pos="9.30" speed="107.23"/>
            </lane>
        </edge>
        <edge id="top">
            <lane id="top_0">
                <vehicle id="cfm-fast_0" pos="2.64" speed="25.08"/>
                <vehicle id="cfm-fast_2" pos="18.65" speed="24.56"/>
                <vehicle id="cfm-fast_3" pos="34.18" speed="24.85"/>
            </lane>
            <lane id="top_1"/>
        </edge>
    </timestep>
    <timestep time="8.46">
        <edge id="bottom">
            <lane id="bottom_0">
                <vehicle id="cfm-slow_2" pos="12.80" speed="28.55"/>
                <vehicle id="cfm-slow_3" pos="36.39" speed="28.24"/>
            </lane>
            <lane id="bottom_1"/>
        </edge>
        <edge id="left">
            <lane id="left_0">
                <vehicle id="cfm-fast_4" pos="0.33" speed="25.86"/>
                <vehicle id="cfm-slow_0" pos="17.32" speed="27.10"/>
                <vehicle id="cfm-slow_1" pos="39.56" speed="28.13"/>
            </lane>
            <lane id="left_1">
                <vehicle id="cfm-fast_1" pos="17.78" speed="100.41"/>
            </lane>
        </edge>
        <edge id="right">
            <lane id="right_0">
                <vehicle id="cfm-slow_4" pos="9.61" speed="27.33"/>
                <vehicle id="cfm-slow_5" pos="31.86" speed="26.13"/>
            </lane>
            <lane id="right_1">
                <vehicle id="cfm-fast_5" pos="10.37" speed="107.25"/>
            </lane>
        </edge>
        <edge id="top">
            <lane id="top_0">
                <vehicle id="cfm-fast_0" pos="2.89" speed="25.07"/>
                <vehicle id="cfm-fast_2" pos="18.89" speed="24.56"/>
                <vehicle id="cfm-fast_3" pos="34.42" speed="24.86"/>
            </lane>
            <lane id="top_1"/>
        </edge>
    </timestep>
    <timestep time="8.47">
        <edge id="bottom">
            <lane id="bottom_0">
                <vehicle id="cfm-slow_2" pos="13.08" speed="28.55"/>
                <vehicle id="cfm-slow_3" pos="36.68" speed="28.23"/>
            </lane>
            <lane id="bottom_1"/>
        </edge>
        <edge id="left">
            <lane id="left_0">
                <vehicle id="cfm-fast_4" pos="0.59" speed="25.87"/>
                <vehicle id="cfm-slow_0" pos="17.59" speed="27.11"/>
                <vehicle id="cfm-slow_1" pos="39.84" speed="28.14"/>
            </lane>
            <lane id="left_1">
                <vehicle id="cfm-fast_1" pos="18.78" speed="100.48"/>
            </lane>
        </edge>
        <edge id="right">
            <lane id="right_0">
                <vehicle id="cfm-slow_4" pos="9.89" speed="27.32"/>
                <vehicle id="cfm-slow_5" pos="32.13" speed="26.12"/>
            </lane>
            <lane id="right_1">
                <vehicle id="cfm-fast_5" pos="11.45" speed="107.27"/>
            </lane>
        </edge>
        <edge id="top">
            <lane id="top_0">
                <vehicle id="cfm-fast_0" pos="3.14" speed="25.07"/>
                <vehicle id="cfm-fast_2" pos="19.14" speed="24.56"/>
                <vehicle id="cfm-fast_3" pos="34.67" speed="24.87"/>
            </lane>
            <lane id="top_1"/>
        </edge>
    </timestep>
    <timestep time="8.48">
        <edge id="bottom">
            <lane id="bottom_0">
                <vehicle id="cfm-slow_2" pos="13.37" speed="28.54"/>
                <vehicle id="cfm-slow_3" pos="36.96" speed="28.22"/>
            </lane>
            <lane id="bottom_1"/>
        </edge>
        <edge id="left">
            <lane id="left_0">
                <vehicle id="cfm-fast_4" pos="0.85" speed="25.88"/>
                <vehicle id="cfm-slow_0" pos="17.86" speed="27.12"/>
                <vehicle id="cfm-slow_1" pos="40.12" speed="28.14"/>
            </lane>
            <lane id="left_1">
                <vehicle id="cfm-fast_1" pos="19.79" speed="100.55"/>
            </lane>
        </edge>
        <edge id="right">
            <lane id="right_0">
                <vehicle id="cfm-slow_4" pos="10.16" speed="27.31"/>
                <vehicle id="cfm-slow_5" pos="32.39" speed="26.11"/>
            </lane>
            <lane id="right_1">
                <vehicle id="cfm-fast_5" pos="12.52" speed="107.29"/>
            </lane>
        </edge>
        <edge id="top">
            <lane id="top_0">
                <vehicle id="cfm-fast_0" pos="3.39" speed="25.06"/>
                <vehicle id="cfm-fast_2" pos="19.38" speed="24.56"/>
                <vehicle id="cfm-fast_3" pos="34.92" speed="24.88"/>
            </lane>
            <lane id="top_1"/>
        </edge>
    </timestep>
    <timestep time="8.49">
        <edge id="bottom">
            <lane id="bottom_0">
                <vehicle id="cfm-slow_2" pos="13.65" speed="28.54"/>
                <vehicle id="cfm-slow_3" pos="37.24" speed="28.22"/>
            </lane>
            <lane id="bottom_1"/>
        </edge>
        <edge id="left">
            <lane id="left_0">
                <vehicle id="cfm-fast_4" pos="1.11" speed="25.89"/>
                <vehicle id="cfm-slow_0" pos="18.13" speed="27.13"/>
                <vehicle id="cfm-slow_1" pos="40.40" speed="28.15"/>
            </lane>
            <lane id="left_1">
                <vehicle id="cfm-fast_1" pos="20.79" speed="100.63"/>
            </lane>
        </edge>
        <edge id="right">
            <lane id="right_0">
                <vehicle id="cfm-slow_4" pos="10.43" speed="27.30"/>
                <vehicle id="cfm-slow_5" pos="32.65" speed="26.10"/>
            </lane>
            <lane id="right_1">
                <vehicle id="cfm-fast_5" pos="13.59" speed="107.31"/>
            </lane>
        </edge>
        <edge id="top">
            <lane id="top_0">
                <vehicle id="cfm-fast_0" pos="3.64" speed="25.06"/>
                <vehicle id="cfm-fast_2" pos="19.63" speed="24.57"/>
                <vehicle id="cfm-fast_3" pos="35.17" speed="24.89"/>
            </lane>
            <lane id="top_1"/>
        </edge>
    </timestep>
    <timestep time="8.50">
        <edge id="bottom">
            <lane id="bottom_0">
                <vehicle id="cfm-slow_2" pos="13.94" speed="28.54"/>
                <vehicle id="cfm-slow_3" pos="37.52" speed="28.21"/>
            </lane>
            <lane id="bottom_1"/>
        </edge>
        <edge id="left">
            <lane id="left_0">
                <vehicle id="cfm-fast_4" pos="1.37" speed="25.91"/>
                <vehicle id="cfm-slow_0" pos="18.40" speed="27.14"/>
                <vehicle id="cfm-slow_1" pos="40.69" speed="28.15"/>
            </lane>
            <lane id="left_1">
                <vehicle id="cfm-fast_1" pos="21.80" speed="100.70"/>
            </lane>
        </edge>
        <edge id="right">
            <lane id="right_0">
                <vehicle id="cfm-slow_4" pos="10.70" speed="27.28"/>
                <vehicle id="cfm-slow_5" pos="32.91" speed="26.09"/>
            </lane>
            <lane id="right_1">
                <vehicle id="cfm-fast_5" pos="14.67" speed="107.33"/>
            </lane>
        </edge>
        <edge id="top">
            <lane id="top_0">
                <vehicle id="cfm-fast_0" pos="3.89" speed="25.05"/>
                <vehicle id="cfm-fast_2" pos="19.87" speed="24.57"/>
                <vehicle id="cfm-fast_3" pos="35.42" speed="24.90"/>
            </lane>
            <lane id="top_1"/>
        </edge>
    </timestep>
    <timestep time="8.51">
        <edge id="bottom">
            <lane id="bottom_0">
                <vehicle id="cfm-slow_2" pos="14.23" speed="28.54"/>
                <vehicle id="cfm-slow_3" pos="37.80" speed="28.20"/>
            </lane>
            <lane id="bottom_1"/>
        </edge>
        <edge id="left">
            <lane id="left_0">
                <vehicle id="cfm-fast_4" pos="1.62" speed="25.92"/>
                <vehicle id="cfm-slow_0" pos="18.67" speed="27.15"/>
                <vehicle id="cfm-slow_1" pos="40.97" speed="28.15"/>
            </lane>
            <lane id="left_1">
                <vehicle id="cfm-fast_1" pos="22.81" speed="100.77"/>
            </lane>
        </edge>
        <edge id="right">
            <lane id="right_0">
                <vehicle id="cfm-slow_4" pos="10.98" speed="27.27"/>
                <vehicle id="cfm-slow_5" pos="33.17" speed="26.08"/>
            </lane>
            <lane id="right_1">
                <vehicle id="cfm-fast_5" pos="15.74" speed="107.35"/>
            </lane>
        </edge>
        <edge id="top">
            <lane id="top_0">
                <vehicle id="cfm-fast_0" pos="4.14" speed="25.05"/>
                <vehicle id="cfm-fast_2" pos="20.12" speed="24.57"/>
                <vehicle id="cfm-fast_3" pos="35.67" speed="24.91"/>
            </lane>
            <lane id="top_1"/>
        </edge>
    </timestep>
    <timestep time="8.52">
        <edge id="bottom">
            <lane id="bottom_0">
                <vehicle id="cfm-slow_2" pos="14.51" speed="28.53"/>
                <vehicle id="cfm-slow_3" pos="38.09" speed="28.19"/>
            </lane>
            <lane id="bottom_1"/>
        </edge>
        <edge id="left">
            <lane id="left_0">
                <vehicle id="cfm-fast_4" pos="1.88" speed="25.93"/>
                <vehicle id="cfm-slow_0" pos="18.95" speed="27.16"/>
                <vehicle id="cfm-slow_1" pos="41.25" speed="28.16"/>
            </lane>
            <lane id="left_1">
                <vehicle id="cfm-fast_1" pos="23.82" speed="100.84"/>
            </lane>
        </edge>
        <edge id="right">
            <lane id="right_0">
                <vehicle id="cfm-slow_4" pos="11.25" speed="27.26"/>
                <vehicle id="cfm-slow_5" pos="33.43" speed="26.07"/>
            </lane>
            <lane id="right_1">
                <vehicle id="cfm-fast_5" pos="16.81" speed="107.37"/>
            </lane>
        </edge>
        <edge id="top">
            <lane id="top_0">
                <vehicle id="cfm-fast_0" pos="4.40" speed="25.04"/>
                <vehicle id="cfm-fast_2" pos="20.36" speed="24.57"/>
                <vehicle id="cfm-fast_3" pos="35.92" speed="24.92"/>
            </lane>
            <lane id="top_1"/>
        </edge>
    </timestep>
    <timestep time="8.53">
        <edge id="bottom">
            <lane id="bottom_0">
                <vehicle id="cfm-slow_2" pos="14.80" speed="28.53"/>
                <vehicle id="cfm-slow_3" pos="38.37" speed="28.18"/>
            </lane>
            <lane id="bottom_1"/>
        </edge>
        <edge id="left">
            <lane id="left_0">
                <vehicle id="cfm-fast_4" pos="2.14" speed="25.94"/>
                <vehicle id="cfm-slow_0" pos="19.22" speed="27.17"/>
                <vehicle id="cfm-slow_1" pos="41.53" speed="28.16"/>
            </lane>
            <lane id="left_1">
                <vehicle id="cfm-fast_1" pos="24.82" speed="100.91"/>
            </lane>
        </edge>
        <edge id="right">
            <lane id="right_0">
                <vehicle id="cfm-slow_4" pos="11.52" speed="27.25"/>
                <vehicle id="cfm-slow_5" pos="33.69" speed="26.06"/>
            </lane>
            <lane id="right_1">
                <vehicle id="cfm-fast_5" pos="17.89" speed="107.39"/>
            </lane>
        </edge>
        <edge id="top">
            <lane id="top_0">
                <vehicle id="cfm-fast_0" pos="4.65" speed="25.04"/>
                <vehicle id="cfm-fast_2" pos="20.61" speed="24.58"/>
                <vehicle id="cfm-fast_3" pos="36.17" speed="24.93"/>
            </lane>
            <lane id="top_1"/>
        </edge>
    </timestep>
    <timestep time="8.54">
        <edge id="bottom">
            <lane id="bottom_0">
                <vehicle id="cfm-slow_2" pos="15.08" speed="28.53"/>
                <vehicle id="cfm-slow_3" pos="38.65" speed="28.17"/>
            </lane>
            <lane id="bottom_1"/>
        </edge>
        <edge id="left">
            <lane id="left_0">
                <vehicle id="cfm-fast_4" pos="2.40" speed="25.96"/>
                <vehicle id="cfm-slow_0" pos="19.49" speed="27.18"/>
                <vehicle id="cfm-slow_1" pos="41.81" speed="28.17"/>
            </lane>
            <lane id="left_1">
                <vehicle id="cfm-fast_1" pos="25.83" speed="100.98"/>
            </lane>
        </edge>
        <edge id="right">
            <lane id="right_0">
                <vehicle id="cfm-slow_4" pos="11.80" speed="27.24"/>
                <vehicle id="cfm-slow_5" pos="33.95" speed="26.05"/>
            </lane>
            <lane id="right_1">
                <vehicle id="cfm-fast_5" pos="18.96" speed="107.41"/>
            </lane>
        </edge>
        <edge id="top">
            <lane id="top_0">
                <vehicle id="cfm-fast_0" pos="4.90" speed="25.03"/>
                <vehicle id="cfm-fast_2" pos="20.86" speed="24.58"/>
                <vehicle id="cfm-fast_3" pos="36.42" speed="24.94"/>
            </lane>
            <lane id="top_1"/>
        </edge>
    </timestep>
    <timestep time="8.55">
        <edge id="bottom">
            <lane id="bottom_0">
                <vehicle id="cfm-slow_2" pos="15.37" speed="28.52"/>
                <vehicle id="cfm-slow_3" pos="38.93" speed="28.16"/>
            </lane>
            <lane id="bottom_1"/>
        </edge>
        <edge id="left">
            <lane id="left_0">
                <vehicle id="cfm-fast_4" pos="2.66" speed="25.97"/>
                <vehicle id="cfm-slow_0" pos="19.76" speed="27.19"/>
                <vehicle id="cfm-slow_1" pos="42.09" speed="28.17"/>
            </lane>
            <lane id="left_1">
                <vehicle id="cfm-fast_1" pos="26.84" speed="101.05"/>
            </lane>
        </edge>
        <edge id="right">
            <lane id="right_0">
                <vehicle id="cfm-slow_4" pos="12.07" speed="27.23"/>
                <vehicle id="cfm-slow_5" pos="34.21" speed="26.04"/>
            </lane>
            <lane id="right_1">
                <vehicle id="cfm-fast_5" pos="20.04" speed="107.43"/>
            </lane>
        </edge>
        <edge id="top">
            <lane id="top_0">
                <vehicle id="cfm-fast_0" pos="5.15" speed="25.03"/>
                <vehicle id="cfm-fast_2" pos="21.10" speed="24.58"/>
                <vehicle id="cfm-fast_3" pos="36.67" speed="24.95"/>
            </lane>
            <lane id="top_1"/>
        </edge>
    </timestep>
    <timestep time="8.56">
        <edge id="bottom">
            <lane id="bottom_0">
                <vehicle id="cfm-slow_2" pos="15.65" speed="28.52"/>
                <vehicle id="cfm-slow_3" pos="39.21" speed="28.15"/>
            </lane>
            <lane id="bottom_1"/>
        </edge>
        <edge id="left">
            <lane id="left_0">
                <vehicle id="cfm-fast_4" pos="2.92" speed="25.98"/>
                <vehicle id="cfm-slow_0" pos="20.03" speed="27.20"/>
                <vehicle id="cfm-slow_1" pos="42.38" speed="28.18"/>
            </lane>
            <lane id="left_1">
                <vehicle id="cfm-fast_1" pos="27.86" speed="101.12"/>
            </lane>
        </edge>
        <edge id="right">
            <lane id="right_0">
                <vehicle id="cfm-slow_4" pos="12.34" speed="27.21"/>
                <vehicle id="cfm-slow_5" pos="34.47" speed="26.03"/>
            </lane>
            <lane id="right_1">
                <vehicle id="cfm-fast_5" pos="21.11" speed="107.45"/>
            </lane>
        </edge>
        <edge id="top">
            <lane id="top_0">
                <vehicle id="cfm-fast_0" pos="5.40" speed="25.02"/>
                <vehicle id="cfm-fast_2" pos="21.35" speed="24.59"/>
                <vehicle id="cfm-fast_3" pos="36.92" speed="24.96"/>
            </lane>
            <lane id="top_1"/>
        </edge>
    </timestep>
    <timestep time="8.57">
        <edge id="bottom">
            <lane id="bottom_0">
                <vehicle id="cfm-slow_2" pos="15.94" speed="28.52"/>
                <vehicle id="cfm-slow_3" pos="39.49" speed="28.15"/>
            </lane>
            <lane id="bottom_1"/>
        </edge>
        <edge id="left">
            <lane id="left_0">
                <vehicle id="cfm-fast_4" pos="3.18" speed="25.99"/>
                <vehicle id="cfm-slow_0" pos="20.31" speed="27.21"/>
                <vehicle id="cfm-slow_1" pos="42.66" speed="28.18"/>
            </lane>
            <lane id="left_1">
                <vehicle id="cfm-fast_1" pos="28.87" speed="101.18"/>
            </lane>
        </edge>
        <edge id="right">
            <lane id="right_0">
                <vehicle id="cfm-slow_4" pos="12.61" speed="27.20"/>
                <vehicle id="cfm-slow_5" pos="34.73" speed="26.02"/>
            </lane>
            <lane id="right_1">
                <vehicle id="cfm-fast_5" pos="22.19" speed="107.47"/>
            </lane>
        </edge>
        <edge id="top">
            <lane id="top_0">
                <vehicle id="cfm-fast_0" pos="5.65" speed="25.02"/>
                <vehicle id="cfm-fast_2" pos="21.59" speed="24.59"/>
                <vehicle id="cfm-fast_3" pos="37.17" speed="24.97"/>
            </lane>
            <lane id="top_1"/>
        </edge>
    </timestep>
    <timestep time="8.58">
        <edge id="bottom">
            <lane id="bottom_0">
                <vehicle id="cfm-slow_2" pos="16.22" speed="28.52"/>
                <vehicle id="cfm-slow_3" pos="39.78" speed="28.14"/>
            </lane>
            <lane id="bottom_1"/>
        </edge>
        <edge id="left">
            <lane id="left_0">
                <vehicle id="cfm-fast_4" pos="3.44" speed="26.00"/>
                <vehicle id="cfm-slow_0" pos="20.58" speed="27.22"/>
                <vehicle id="cfm-slow_1" pos="42.94" speed="28.18"/>
            </lane>
            <lane id="left_1">
                <vehicle id="cfm-fast_1" pos="29.88" speed="101.25"/>
            </lane>
        </edge>
        <edge id="right">
            <lane id="right_0">
                <vehicle id="cfm-slow_4" pos="12.88" speed="27.19"/>
                <vehicle id="cfm-slow_5" pos="34.99" speed="26.01"/>
            </lane>
            <lane id="right_1">
                <vehicle id="cfm-fast_5" pos="23.26" speed="107.48"/>
            </lane>
        </edge>
        <edge id="top">
            <lane id="top_0">
                <vehicle id="cfm-fast_0" pos="5.90" speed="25.01"/>
                <vehicle id="cfm-fast_2" pos="21.84" speed="24.59"/>
                <vehicle id="cfm-fast_3" pos="37.42" speed="24.98"/>
            </lane>
            <lane id="top_1"/>
        </edge>
    </timestep>
    <timestep time="8.59">
        <edge id="bottom">
            <lane id="bottom_0">
                <vehicle id="cfm-slow_2" pos="16.51" speed="28.51"/>
                <vehicle id="cfm-slow_3" pos="40.06" speed="28.13"/>
            </lane>
            <lane id="bottom_1"/>
        </edge>
        <edge id="left">
            <lane id="left_0">
                <vehicle id="cfm-fast_4" pos="3.70" speed="26.02"/>
                <vehicle id="cfm-slow_0" pos="20.85" speed="27.23"/>
                <vehicle id="cfm-slow_1" pos="43.22" speed="28.19"/>
            </lane>
            <lane id="left_1">
                <vehicle id="cfm-fast_1" pos="30.89" speed="101.32"/>
            </lane>
        </edge>
        <edge id="right">
            <lane id="right_0">
                <vehicle id="cfm-slow_4" pos="13.16" speed="27.18"/>
                <vehicle id="cfm-slow_5" pos="35.25" speed="26.00"/>
            </lane>
            <lane id="right_1">
                <vehicle id="cfm-fast_5" pos="24.34" speed="107.50"/>
            </lane>
        </edge>
        <edge id="top">
            <lane id="top_0">
                <vehicle id="cfm-fast_0" pos="6.15" speed="25.01"/>
                <vehicle id="cfm-fast_2" pos="22.09" speed="24.60"/>
                <vehicle id="cfm-fast_3" pos="37.66" speed="24.98"/>
            </lane>
            <lane id="top_1"/>
        </edge>
    </timestep>
    <timestep time="8.60">
        <edge id="bottom">
            <lane id="bottom_0">
                <vehicle id="cfm-slow_2" pos="16.79" speed="28.51"/>
                <vehicle id="cfm-slow_3" pos="40.34" speed="28.12"/>
            </lane>
            <lane id="bottom_1"/>
        </edge>
        <edge id="left">
            <lane id="left_0">
                <vehicle id="cfm-fast_4" pos="3.96" speed="26.03"/>
                <vehicle id="cfm-slow_0" pos="21.12" speed="27.24"/>
                <vehicle id="cfm-slow_1" pos="43.50" speed="28.19"/>
            </lane>
            <lane id="left_1">
                <vehicle id="cfm-fast_1" pos="31.91" speed="101.38"/>
            </lane>
        </edge>
        <edge id="right">
            <lane id="right_0">
                <vehicle id="cfm-slow_4" pos="13.43" speed="27.17"/>
                <vehicle id="cfm-slow_5" pos="35.51" speed="25.99"/>
            </lane>
            <lane id="right_1">
                <vehicle id="cfm-fast_5" pos="25.41" speed="107.52"/>
            </lane>
        </edge>
        <edge id="top">
            <lane id="top_0">
                <vehicle id="cfm-fast_0" pos="6.40" speed="25.00"/>
                <vehicle id="cfm-fast_2" pos="22.33" speed="24.60"/>
                <vehicle id="cfm-fast_3" pos="37.91" speed="24.99"/>
            </lane>
            <lane id="top_1"/>
        </edge>
    </timestep>
    <timestep time="8.61">
        <edge id="bottom">
            <lane id="bottom_0">
                <vehicle id="cfm-slow_2" pos="17.08" speed="28.51"/>
                <vehicle id="cfm-slow_3" pos="40.62" speed="28.11"/>
            </lane>
            <lane id="bottom_1"/>
        </edge>
        <edge id="left">
            <lane id="left_0">
                <vehicle id="cfm-fast_4" pos="4.22" speed="26.04"/>
                <vehicle id="cfm-slow_0" pos="21.40" speed="27.25"/>
                <vehicle id="cfm-slow_1" pos="43.79" speed="28.20"/>
            </lane>
            <lane id="left_1">
                <vehicle id="cfm-fast_1" pos="32.92" speed="101.45"/>
            </lane>
        </edge>
        <edge id="right">
            <lane id="right_0">
                <vehicle id="cfm-slow_4" pos="13.70" speed="27.16"/>
                <vehicle id="cfm-slow_5" pos="35.77" speed="25.98"/>
            </lane>
            <lane id="right_1">
                <vehicle id="cfm-fast_5" pos="26.49" speed="107.53"/>
            </lane>
        </edge>
        <edge id="top">
            <lane id="top_0">
                <vehicle id="cfm-fast_0" pos="6.65" speed="25.00"/>
                <vehicle id="cfm-fast_2" pos="22.58" speed="24.60"/>
                <vehicle id="cfm-fast_3" pos="38.16" speed="25.00"/>
            </lane>
            <lane id="top_1"/>
        </edge>
    </timestep>
    <timestep time="8.62">
        <edge id="bottom">
            <lane id="bottom_0">
                <vehicle id="cfm-slow_2" pos="17.36" speed="28.50"/>
                <vehicle id="cfm-slow_3" pos="40.90" speed="28.10"/>
            </lane>
            <lane id="bottom_1"/>
        </edge>
        <edge id="left">
            <lane id="left_0">
                <vehicle id="cfm-fast_4" pos="4.48" speed="26.05"/>
                <vehicle id="cfm-slow_0" pos="21.67" speed="27.26"/>
                <vehicle id="cfm-slow_1" pos="44.07" speed="28.20"/>
            </lane>
            <lane id="left_1">
                <vehicle id="cfm-fast_1" pos="33.94" speed="101.52"/>
            </lane>
        </edge>
        <edge id="right">
            <lane id="right_0">
                <vehicle id="cfm-slow_4" pos="13.97" speed="27.15"/>
                <vehicle id="cfm-slow_5" pos="36.03" speed="25.97"/>
            </lane>
            <lane id="right_1">
                <vehicle id="cfm-fast_5" pos="27.56" speed="107.55"/>
            </lane>
        </edge>
        <edge id="top">
            <lane id="top_0">
                <vehicle id="cfm-fast_0" pos="6.90" speed="25.00"/>
                <vehicle id="cfm-fast_2" pos="22.82" speed="24.61"/>
                <vehicle id="cfm-fast_3" pos="38.42" speed="25.01"/>
            </lane>
            <lane id="top_1"/>
        </edge>
    </timestep>
    <timestep time="8.63">
        <edge id="bottom">
            <lane id="bottom_0">
                <vehicle id="cfm-slow_2" pos="17.65" speed="28.50"/>
                <vehicle id="cfm-slow_3" pos="41.18" speed="28.09"/>
            </lane>
            <lane id="bottom_1"/>
        </edge>
        <edge id="left">
            <lane id="left_0">
                <vehicle id="cfm-fast_4" pos="4.74" speed="26.07"/>
                <vehicle id="cfm-slow_0" pos="21.94" speed="27.27"/>
                <vehicle id="cfm-slow_1" pos="44.35" speed="28.20"/>
            </lane>
            <lane id="left_1">
                <vehicle id="cfm-fast_1" pos="34.95" speed="101.58"/>
            </lane>
        </edge>
        <edge id="right">
            <lane id="right_0">
                <vehicle id="cfm-slow_4" pos="14.24" speed="27.13"/>
                <vehicle id="cfm-slow_5" pos="36.29" speed="25.96"/>
            </lane>
            <lane id="right_1">
                <vehicle id="cfm-fast_5" pos="28.64" speed="107.57"/>
            </lane>
        </edge>
        <edge id="top">
            <lane id="top_0">
                <vehicle id="cfm-fast_0" pos="7.15" speed="24.99"/>
                <vehicle id="cfm-fast_2" pos="23.07" speed="24.61"/>
                <vehicle id="cfm-fast_3" pos="38.67" speed="25.02"/>
            </lane>
            <lane id="top_1"/>
        </edge>
    </timestep>
    <timestep time="8.64">
        <edge id="bottom">
            <lane id="bottom_0">
                <vehicle id="cfm-slow_2" pos="17.93" speed="28.50"/>
                <vehicle id="cfm-slow_3" pos="41.46" speed="28.08"/>
            </lane>
            <lane id="bottom_1"/>
        </edge>
        <edge id="left">
            <lane id="left_0">
                <vehicle id="cfm-fast_4" pos="5.01" speed="26.08"/>
                <vehicle id="cfm-slow_0" pos="22.21" speed="27.28"/>
                <vehicle id="cfm-slow_1" pos="44.63" speed="28.21"/>
            </lane>
            <lane id="left_1">
                <vehicle id="cfm-fast_1" pos="35.97" speed="101.64"/>
            </lane>
        </edge>
        <edge id="right">
            <lane id="right_0">
                <vehicle id="cfm-slow_4" pos="14.51" speed="27.12"/>
                <vehicle id="cfm-slow_5" pos="36.55" speed="25.95"/>
            </lane>
            <lane id="right_1">
                <vehicle id="cfm-fast_5" pos="29.71" speed="107.58"/>
            </lane>
        </edge>
        <edge id="top">
            <lane id="top_0">
                <vehicle id="cfm-fast_0" pos="7.40" speed="24.99"/>
                <vehicle id="cfm-fast_2" pos="23.32" speed="24.61"/>
                <vehicle id="cfm-fast_3" pos="38.92" speed="25.03"/>
            </lane>
            <lane id="top_1"/>
        </edge>
    </timestep>
    <timestep time="8.65">
        <edge id="bottom">
            <lane id="bottom_0">
                <vehicle id="cfm-slow_2" pos="18.22" speed="28.49"/>
                <vehicle id="cfm-slow_3" pos="41.74" speed="28.07"/>
            </lane>
            <lane id="bottom_1"/>
        </edge>
        <edge id="left">
            <lane id="left_0">
                <vehicle id="cfm-fast_4" pos="5.27" speed="26.09"/>
                <vehicle id="cfm-slow_0" pos="22.49" speed="27.29"/>
                <vehicle id="cfm-slow_1" pos="44.91" speed="28.21"/>
            </lane>
            <lane id="left_1">
                <vehicle id="cfm-fast_1" pos="36.99" speed="101.71"/>
            </lane>
        </edge>
        <edge id="right">
            <lane id="right_0">
                <vehicle id="cfm-slow_4" pos="14.78" speed="27.11"/>
                <vehicle id="cfm-slow_5" pos="36.81" speed="25.94"/>
            </lane>
            <lane id="right_1">
                <vehicle id="cfm-fast_5" pos="30.79" speed="107.60"/>
            </lane>
        </edge>
        <edge id="top">
            <lane id="top_0">
                <vehicle id="cfm-fast_0" pos="7.65" speed="24.98"/>
                <vehicle id="cfm-fast_2" pos="23.56" speed="24.62"/>
                <vehicle id="cfm-fast_3" pos="39.17" speed="25.04"/>
            </lane>
            <lane id="top_1"/>
        </edge>
    </timestep>
    <timestep time="8.66">
        <edge id="bottom">
            <lane id="bottom_0">
                <vehicle id="cfm-slow_2" pos="18.50" speed="28.49"/>
                <vehicle id="cfm-slow_3" pos="42.02" speed="28.07"/>
            </lane>
            <lane id="bottom_1"/>
        </edge>
        <edge id="left">
            <lane id="left_0">
                <vehicle id="cfm-fast_4" pos="5.53" speed="26.10"/>
                <vehicle id="cfm-slow_0" pos="22.76" speed="27.30"/>
                <vehicle id="cfm-slow_1" pos="45.20" speed="28.21"/>
            </lane>
            <lane id="left_1">
                <vehicle id="cfm-fast_1" pos="38.00" speed="101.77"/>
            </lane>
        </edge>
        <edge id="right">
            <lane id="right_0">
                <vehicle id="cfm-slow_4" pos="15.05" speed="27.10"/>
                <vehicle id="cfm-slow_5" pos="37.07" speed="25.93"/>
            </lane>
            <lane id="right_1">
                <vehicle id="cfm-fast_5" pos="31.86" speed="107.61"/>
            </lane>
        </edge>
        <edge id="top">
            <lane id="top_0">
                <vehicle id="cfm-fast_0" pos="7.90" speed="24.98"/>
                <vehicle id="cfm-fast_2" pos="23.81" speed="24.62"/>
                <vehicle id="cfm-fast_3" pos="39.42" speed="25.05"/>
            </lane>
            <lane id="top_1"/>
        </edge>
    </timestep>
    <timestep time="8.67">
        <edge id="bottom">
            <lane id="bottom_0">
                <vehicle id="cfm-slow_2" pos="18.79" speed="28.49"/>
                <vehicle id="cfm-slow_3" pos="42.30" speed="28.06"/>
            </lane>
            <lane id="bottom_1"/>
        </edge>
        <edge id="left">
            <lane id="left_0">
                <vehicle id="cfm-fast_4" pos="5.79" speed="26.11"/>
                <vehicle id="cfm-slow_0" pos="23.03" speed="27.31"/>
                <vehicle id="cfm-slow_1" pos="45.48" speed="28.22"/>
            </lane>
            <lane id="left_1">
                <vehicle id="cfm-fast_1" pos="39.02" speed="101.84"/>
            </lane>
        </edge>
        <edge id="right">
            <lane id="right_0">
                <vehicle id="cfm-slow_4" pos="15.33" speed="27.09"/>
                <vehicle id="cfm-slow_5" pos="37.33" speed="25.92"/>
            </lane>
            <lane id="right_1">
                <vehicle id="cfm-fast_5" pos="32.94" speed="107.63"/>
            </lane>
        </edge>
        <edge id="top">
            <lane id="top_0">
                <vehicle id="cfm-fast_0" pos="8.15" speed="24.98"/>
                <vehicle id="cfm-fast_2" pos="24.05" speed="24.62"/>
                <vehicle id="cfm-fast_3" pos="39.67" speed="25.06"/>
            </lane>
            <lane id="top_1"/>
        </edge>
    </timestep>
    <timestep time="8.68">
        <edge id="bottom">
            <lane id="bottom_0">
                <vehicle id="cfm-slow_2" pos="19.07" speed="28.48"/>
                <vehicle id="cfm-slow_3" pos="42.58" speed="28.05"/>
            </lane>
            <lane id="bottom_1"/>
        </edge>
        <edge id="left">
            <lane id="left_0">
                <vehicle id="cfm-fast_4" pos="6.05" speed="26.13"/>
                <vehicle id="cfm-slow_0" pos="23.31" speed="27.32"/>
                <vehicle id="cfm-slow_1" pos="45.76" speed="28.22"/>
            </lane>
            <lane id="left_1">
                <vehicle id="cfm-fast_1" pos="40.04" speed="101.90"/>
            </lane>
        </edge>
        <edge id="right">
            <lane id="right_0">
                <vehicle id="cfm-slow_4" pos="15.60" speed="27.08"/>
                <vehicle id="cfm-slow_5" pos="37.59" speed="25.91"/>
            </lane>
            <lane id="right_1">
                <vehicle id="cfm-fast_5" pos="34.02" speed="107.64"/>
            </lane>
        </edge>
        <edge id="top">
            <lane id="top_0">
                <vehicle id="cfm-fast_0" pos="8.40" speed="24.97"/>
                <vehicle id="cfm-fast_2" pos="24.30" speed="24.63"/>
                <vehicle id="cfm-fast_3" pos="39.92" speed="25.07"/>
            </lane>
            <lane id="top_1"/>
        </edge>
    </timestep>
    <timestep time="8.69">
        <edge id="bottom">
            <lane id="bottom_0">
                <vehicle id="cfm-slow_2" pos="19.36" speed="28.48"/>
                <vehicle id="cfm-slow_3" pos="42.86" speed="28.04"/>
            </lane>
            <lane id="bottom_1"/>
        </edge>
        <edge id="left">
            <lane id="left_0">
                <vehicle id="cfm-fast_4" pos="6.31" speed="26.14"/>
                <vehicle id="cfm-slow_0" pos="23.58" speed="27.33"/>
                <vehicle id="cfm-slow_1" pos="46.04" speed="28.22"/>
            </lane>
            <lane id="left_1">
                <vehicle id="cfm-fast_1" pos="41.06" speed="101.96"/>
            </lane>
        </edge>
        <edge id="right">
            <lane id="right_0">
                <vehicle id="cfm-slow_4" pos="15.87" speed="27.07"/>
                <vehicle id="cfm-slow_5" pos="37.85" speed="25.90"/>
            </lane>
            <lane id="right_1">
                <vehicle id="cfm-fast_5" pos="35.09" speed="107.66"/>
            </lane>
        </edge>
        <edge id="top">
            <lane id="top_0">
                <vehicle id="cfm-fast_0" pos="8.65" speed="24.97"/>
                <vehicle id="cfm-fast_2" pos="24.55" speed="24.63"/>
                <vehicle id="cfm-fast_3" pos="40.17" speed="25.08"/>
            </lane>
            <lane id="top_1"/>
        </edge>
    </timestep>
    <timestep time="8.70">
        <edge id="bottom">
            <lane id="bottom_0">
                <vehicle id="cfm-slow_2" pos="19.64" speed="28.47"/>
                <vehicle id="cfm-slow_3" pos="43.15" speed="28.03"/>
            </lane>
            <lane id="bottom_1"/>
        </edge>
        <edge id="left">
            <lane id="left_0">
                <vehicle id="cfm-fast_4" pos="6.57" speed="26.15"/>
                <vehicle id="cfm-slow_0" pos="23.85" speed="27.34"/>
                <vehicle id="cfm-slow_1" pos="46.32" speed="28.23"/>
            </lane>
            <lane id="left_1">
                <vehicle id="cfm-fast_1" pos="42.08" speed="102.02"/>
            </lane>
        </edge>
        <edge id="right">
            <lane id="right_0">
                <vehicle id="cfm-slow_4" pos="16.14" speed="27.05"/>
                <vehicle id="cfm-slow_5" pos="38.11" speed="25.89"/>
            </lane>
            <lane id="right_1">
                <vehicle id="cfm-fast_5" pos="36.17" speed="107.67"/>
            </lane>
        </edge>
        <edge id="top">
            <lane id="top_0">
                <vehicle id="cfm-fast_0" pos="8.90" speed="24.96"/>
                <vehicle id="cfm-fast_2" pos="24.79" speed="24.64"/>
                <vehicle id="cfm-fast_3" pos="40.42" speed="25.09"/>
            </lane>
            <lane id="top_1"/>
        </edge>
    </timestep>
    <timestep time="8.71">
        <edge id="bottom">
            <lane id="bottom_0">
                <vehicle id="cfm-slow_2" pos="19.93" speed="28.47"/>
                <vehicle id="cfm-slow_3" pos="43.43" speed="28.02"/>
            </lane>
            <lane id="bottom_1"/>
        </edge>
        <edge id="left">
            <lane id="left_0">
                <vehicle id="cfm-fast_4" pos="6.83" speed="26.16"/>
                <vehicle id="cfm-slow_0" pos="24.13" speed="27.35"/>
                <vehicle id="cfm-slow_1" pos="46.61" speed="28.23"/>
            </lane>
            <lane id="left_1">
                <vehicle id="cfm-fast_1" pos="43.10" speed="102.08"/>
            </lane>
        </edge>
        <edge id="right">
            <lane id="right_0">
                <vehicle id="cfm-slow_4" pos="16.41" speed="27.04"/>
                <vehicle id="cfm-slow_5" pos="38.36" speed="25.88"/>
            </lane>
            <lane id="right_1">
                <vehicle id="cfm-fast_5" pos="37.25" speed="107.69"/>
            </lane>
        </edge>
        <edge id="top">
            <lane id="top_0">
                <vehicle id="cfm-fast_0" pos="9.14" speed="24.96"/>
                <vehicle id="cfm-fast_2" pos="25.04" speed="24.64"/>
                <vehicle id="cfm-fast_3" pos="40.67" speed="25.10"/>
            </lane>
            <lane id="top_1"/>
        </edge>
    </timestep>
    <timestep time="8.72">
        <edge id="bottom">
            <lane id="bottom_0">
                <vehicle id="cfm-slow_2" pos="20.21" speed="28.47"/>
                <vehicle id="cfm-slow_3" pos="43.71" speed="28.01"/>
            </lane>
            <lane id="bottom_1"/>
        </edge>
        <edge id="left">
            <lane id="left_0">
                <vehicle id="cfm-fast_4" pos="7.10" speed="26.17"/>
                <vehicle id="cfm-slow_0" pos="24.40" speed="27.36"/>
                <vehicle id="cfm-slow_1" pos="46.89" speed="28.23"/>
            </lane>
            <lane id="left_1">
                <vehicle id="cfm-fast_1" pos="44.12" speed="102.14"/>
            </lane>
        </edge>
        <edge id="right">
            <lane id="right_0">
                <vehicle id="cfm-slow_4" pos="16.68" speed="27.03"/>
                <vehicle id="cfm-slow_5" pos="38.62" speed="25.87"/>
            </lane>
            <lane id="right_1">
                <vehicle id="cfm-fast_5" pos="38.32" speed="107.70"/>
            </lane>
        </edge>
        <edge id="top">
            <lane id="top_0">
                <vehicle id="cfm-fast_0" pos="9.39" speed="24.96"/>
                <vehicle id="cfm-fast_2" pos="25.29" speed="24.64"/>
                <vehicle id="cfm-fast_3" pos="40.92" speed="25.12"/>
            </lane>
            <lane id="top_1"/>
        </edge>
    </timestep>
    <timestep time="8.73">
        <edge id="bottom">
            <lane id="bottom_0">
                <vehicle id="cfm-slow_2" pos="20.50" speed="28.46"/>
                <vehicle id="cfm-slow_3" pos="43.99" speed="28.00"/>
            </lane>
            <lane id="bottom_1"/>
        </edge>
        <edge id="left">
            <lane id="left_0">
                <vehicle id="cfm-fast_4" pos="7.36" speed="26.19"/>
                <vehicle id="cfm-slow_0" pos="24.67" speed="27.37"/>
                <vehicle id="cfm-slow_1" pos="47.17" speed="28.24"/>
            </lane>
            <lane id="left_1">
                <vehicle id="cfm-fast_1" pos="45.15" speed="102.20"/>
            </lane>
        </edge>
        <edge id="right">
            <lane id="right_0">
                <vehicle id="cfm-slow_4" pos="16.95" speed="27.02"/>
                <vehicle id="cfm-slow_5" pos="38.88" speed="25.86"/>
            </lane>
            <lane id="right_1">
                <vehicle id="cfm-fast_5" pos="39.40" speed="107.72"/>
            </lane>
        </edge>
        <edge id="top">
            <lane id="top_0">
                <vehicle id="cfm-fast_0" pos="9.64" speed="24.95"/>
                <vehicle id="cfm-fast_2" pos="25.53" speed="24.65"/>
                <vehicle id="cfm-fast_3" pos="41.17" speed="25.13"/>
            </lane>
            <lane id="top_1"/>
        </edge>
    </timestep>
    <timestep time="8.74">
        <edge id="bottom">
            <lane id="bottom_0">
                <vehicle id="cfm-slow_2" pos="20.78" speed="28.46"/>
                <vehicle id="cfm-slow_3" pos="44.27" speed="27.99"/>
            </lane>
            <lane id="bottom_1"/>
        </edge>
        <edge id="left">
            <lane id="left_0">
                <vehicle id="cfm-fast_4" pos="7.62" speed="26.20"/>
                <vehicle id="cfm-slow_0" pos="24.95" speed="27.38"/>
                <vehicle id="cfm-slow_1" pos="47.45" speed="28.24"/>
            </lane>
            <lane id="left_1">
                <vehicle id="cfm-fast_1" pos="46.17" speed="102.26"/>
            </lane>
        </edge>
        <edge id="right">
            <lane id="right_0">
                <vehicle id="cfm-slow_4" pos="17.22" speed="27.01"/>
                <vehicle id="cfm-slow_5" pos="39.14" speed="25.85"/>
            </lane>
            <lane id="right_1">
                <vehicle id="cfm-fast_5" pos="40.48" speed="107.73"/>
            </lane>
        </edge>
        <edge id="top">
            <lane id="top_0">
                <vehicle id="cfm-fast_0" pos="9.89" speed="24.95"/>
                <vehicle id="cfm-fast_2" pos="25.78" speed="24.65"/>
                <vehicle id="cfm-fast_3" pos="41.42" speed="25.14"/>
            </lane>
            <lane id="top_1"/>
        </edge>
    </timestep>
    <timestep time="8.75">
        <edge id="bottom">
            <lane id="bottom_0">
                <vehicle id="cfm-slow_2" pos="21.06" speed="28.45"/>
                <vehicle id="cfm-slow_3" pos="44.55" speed="27.98"/>
            </lane>
            <lane id="bottom_1"/>
        </edge>
        <edge id="left">
            <lane id="left_0">
                <vehicle id="cfm-fast_4" pos="7.88" speed="26.21"/>
                <vehicle id="cfm-slow_0" pos="25.22" speed="27.39"/>
                <vehicle id="cfm-slow_1" pos="47.74" speed="28.24"/>
            </lane>
            <lane id="left_1">
                <vehicle id="cfm-fast_1" pos="47.19" speed="102.32"/>
            </lane>
        </edge>
        <edge id="right">
            <lane id="right_0">
                <vehicle id="cfm-slow_4" pos="17.49" speed="27.00"/>
                <vehicle id="cfm-slow_5" pos="39.40" speed="25.85"/>
            </lane>
            <lane id="right_1">
                <vehicle id="cfm-fast_5" pos="41.56" speed="107.74"/>
            </lane>
        </edge>
        <edge id="top">
            <lane id="top_0">
                <vehicle id="cfm-fast_0" pos="10.14" speed="24.95"/>
                <vehicle id="cfm-fast_2" pos="26.03" speed="24.66"/>
                <vehicle id="cfm-fast_3" pos="41.68" speed="25.15"/>
            </lane>
            <lane id="top_1"/>
        </edge>
    </timestep>
    <timestep time="8.76">
        <edge id="bottom">
            <lane id="bottom_0">
                <vehicle id="cfm-slow_2" pos="21.35" speed="28.45"/>
                <vehicle id="cfm-slow_3" pos="44.82" speed="27.97"/>
            </lane>
            <lane id="bottom_1"/>
        </edge>
        <edge id="left">
            <lane id="left_0">
                <vehicle id="cfm-fast_4" pos="8.14" speed="26.22"/>
                <vehicle id="cfm-slow_0" pos="25.49" speed="27.39"/>
                <vehicle id="cfm-slow_1" pos="48.02" speed="28.24"/>
            </lane>
            <lane id="left_1">
                <vehicle id="cfm-fast_1" pos="48.22" speed="102.38"/>
            </lane>
        </edge>
        <edge id="right">
            <lane id="right_0">
                <vehicle id="cfm-slow_4" pos="17.76" speed="26.99"/>
                <vehicle id="cfm-slow_5" pos="39.66" speed="25.84"/>
            </lane>
            <lane id="right_1">
                <vehicle id="cfm-fast_5" pos="42.63" speed="107.76"/>
            </lane>
        </edge>
        <edge id="top">
            <lane id="top_0">
                <vehicle id="cfm-fast_0" pos="10.39" speed="24.94"/>
                <vehicle id="cfm-fast_2" pos="26.27" speed="24.66"/>
                <vehicle id="cfm-fast_3" pos="41.93" speed="25.16"/>
            </lane>
            <lane id="top_1"/>
        </edge>
    </timestep>
    <timestep time="8.77">
        <edge id="bottom">
            <lane id="bottom_0">
                <vehicle id="cfm-slow_2" pos="21.63" speed="28.45"/>
                <vehicle id="cfm-slow_3" pos="45.10" speed="27.96"/>
            </lane>
            <lane id="bottom_1"/>
        </edge>
        <edge id="left">
            <lane id="left_0">
                <vehicle id="cfm-fast_4" pos="8.41" speed="26.23"/>
                <vehicle id="cfm-slow_0" pos="25.77" speed="27.40"/>
                <vehicle id="cfm-slow_1" pos="48.30" speed="28.25"/>
            </lane>
            <lane id="left_1">
                <vehicle id="cfm-fast_1" pos="49.24" speed="102.44"/>
            </lane>
        </edge>
        <edge id="right">
            <lane id="right_0">
                <vehicle id="cfm-slow_4" pos="18.03" speed="26.97"/>
                <vehicle id="cfm-slow_5" pos="39.92" speed="25.83"/>
            </lane>
            <lane id="right_1">
                <vehicle id="cfm-fast_5" pos="43.71" speed="107.77"/>
            </lane>
        </edge>
        <edge id="top">
            <lane id="top_0">
                <vehicle id="cfm-fast_0" pos="10.64" speed="24.94"/>
                <vehicle id="cfm-fast_2" pos="26.52" speed="24.67"/>
                <vehicle id="cfm-fast_3" pos="42.18" speed="25.17"/>
            </lane>
            <lane id="top_1"/>
        </edge>
    </timestep>
    <timestep time="8.78">
        <edge id="bottom">
            <lane id="bottom_0">
                <vehicle id="cfm-slow_2" pos="21.92" speed="28.44"/>
                <vehicle id="cfm-slow_3" pos="45.38" speed="27.95"/>
            </lane>
            <lane id="bottom_1">
                <vehicle id="cfm-fast_1" pos="0.26" speed="102.50"/>
            </lane>
        </edge>
        <edge id="left">
            <lane id="left_0">
                <vehicle id="cfm-fast_4" pos="8.67" speed="26.25"/>
                <vehicle id="cfm-slow_0" pos="26.04" speed="27.41"/>
                <vehicle id="cfm-slow_1" pos="48.58" speed="28.25"/>
            </lane>
            <lane id="left_1"/>
        </edge>
        <edge id="right">
            <lane id="right_0">
                <vehicle id="cfm-slow_4" pos="18.30" speed="26.96"/>
                <vehicle id="cfm-slow_5" pos="40.17" speed="25.82"/>
            </lane>
            <lane id="right_1">
                <vehicle id="cfm-fast_5" pos="44.79" speed="107.78"/>
            </lane>
        </edge>
        <edge id="top">
            <lane id="top_0">
                <vehicle id="cfm-fast_0" pos="10.89" speed="24.94"/>
                <vehicle id="cfm-fast_2" pos="26.77" speed="24.67"/>
                <vehicle id="cfm-fast_3" pos="42.43" speed="25.18"/>
            </lane>
            <lane id="top_1"/>
        </edge>
    </timestep>
    <timestep time="8.79">
        <edge id="bottom">
            <lane id="bottom_0">
                <vehicle id="cfm-slow_2" pos="22.20" speed="28.44"/>
                <vehicle id="cfm-slow_3" pos="45.66" speed="27.95"/>
            </lane>
            <lane id="bottom_1">
                <vehicle id="cfm-fast_1" pos="1.29" speed="102.55"/>
            </lane>
        </edge>
        <edge id="left">
            <lane id="left_0">
                <vehicle id="cfm-fast_4" pos="8.93" speed="26.26"/>
                <vehicle id="cfm-slow_0" pos="26.32" speed="27.42"/>
                <vehicle id="cfm-slow_1" pos="48.87" speed="28.25"/>
            </lane>
            <lane id="left_1"/>
        </edge>
        <edge id="right">
            <lane id="right_0">
                <vehicle id="cfm-slow_4" pos="18.57" speed="26.95"/>
                <vehicle id="cfm-slow_5" pos="40.43" speed="25.81"/>
            </lane>
            <lane id="right_1">
                <vehicle id="cfm-fast_5" pos="45.87" speed="107.80"/>
            </lane>
        </edge>
        <edge id="top">
            <lane id="top_0">
                <vehicle id="cfm-fast_0" pos="11.14" speed="24.94"/>
                <vehicle id="cfm-fast_2" pos="27.01" speed="24.68"/>
                <vehicle id="cfm-fast_3" pos="42.68" speed="25.19"/>
            </lane>
            <lane id="top_1"/>
        </edge>
    </timestep>
    <timestep time="8.80">
        <edge id="bottom">
            <lane id="bottom_0">
                <vehicle id="cfm-slow_2" pos="22.49" speed="28.43"/>
                <vehicle id="cfm-slow_3" pos="45.94" speed="27.94"/>
            </lane>
            <lane id="bottom_1">
                <vehicle id="cfm-fast_1" pos="2.32" speed="102.61"/>
            </lane>
        </edge>
        <edge id="left">
            <lane id="left_0">
                <vehicle id="cfm-fast_4" pos="9.19" speed="26.27"/>
                <vehicle id="cfm-slow_0" pos="26.59" speed="27.43"/>
                <vehicle id="cfm-slow_1" pos="49.15" speed="28.25"/>
            </lane>
            <lane id="left_1"/>
        </edge>
        <edge id="right">
            <lane id="right_0">
                <vehicle id="cfm-slow_4" pos="18.84" speed="26.94"/>
                <vehicle id="cfm-slow_5" pos="40.69" speed="25.80"/>
            </lane>
            <lane id="right_1">
                <vehicle id="cfm-fast_5" pos="46.95" speed="107.81"/>
            </lane>
        </edge>
        <edge id="top">
            <lane id="top_0">
                <vehicle id="cfm-fast_0" pos="11.39" speed="24.93"/>
                <vehicle id="cfm-fast_2" pos="27.26" speed="24.68"/>
                <vehicle id="cfm-fast_3" pos="42.93" speed="25.20"/>
            </lane>
            <lane id="top_1"/>
        </edge>
    </timestep>
    <timestep time="8.81">
        <edge id="bottom">
            <lane id="bottom_0">
                <vehicle id="cfm-slow_2" pos="22.77" speed="28.43"/>
                <vehicle id="cfm-slow_3" pos="46.22" speed="27.93"/>
            </lane>
            <lane id="bottom_1">
                <vehicle id="cfm-fast_1" pos="3.34" speed="102.67"/>
            </lane>
        </edge>
        <edge id="left">
            <lane id="left_0">
                <vehicle id="cfm-fast_4" pos="9.46" speed="26.28"/>
                <vehicle id="cfm-slow_0" pos="26.87" speed="27.44"/>
                <vehicle id="cfm-slow_1" pos="49.43" speed="28.26"/>
            </lane>
            <lane id="left_1"/>
        </edge>
        <edge id="right">
            <lane id="right_0">
                <vehicle id="cfm-slow_4" pos="19.11" speed="26.93"/>
                <vehicle id="cfm-slow_5" pos="40.95" speed="25.79"/>
            </lane>
            <lane id="right_1">
                <vehicle id="cfm-fast_5" pos="48.02" speed="107.82"/>
            </lane>
        </edge>
        <edge id="top">
            <lane id="top_0">
                <vehicle id="cfm-fast_0" pos="11.64" speed="24.93"/>
                <vehicle id="cfm-fast_2" pos="27.51" speed="24.68"/>
                <vehicle id="cfm-fast_3" pos="43.19" speed="25.21"/>
            </lane>
            <lane id="top_1"/>
        </edge>
    </timestep>
    <timestep time="8.82">
        <edge id="bottom">
            <lane id="bottom_0">
                <vehicle id="cfm-slow_2" pos="23.06" speed="28.43"/>
                <vehicle id="cfm-slow_3" pos="46.50" speed="27.92"/>
            </lane>
            <lane id="bottom_1">
                <vehicle id="cfm-fast_1" pos="4.37" speed="102.72"/>
            </lane>
        </edge>
        <edge id="left">
            <lane id="left_0">
                <vehicle id="cfm-fast_4" pos="9.72" speed="26.29"/>
                <vehicle id="cfm-slow_0" pos="27.14" speed="27.45"/>
                <vehicle id="cfm-slow_1" pos="49.71" speed="28.26"/>
            </lane>
            <lane id="left_1"/>
        </edge>
        <edge id="right">
            <lane id="right_0">
                <vehicle id="cfm-slow_4" pos="19.38" speed="26.92"/>
                <vehicle id="cfm-slow_5" pos="41.21" speed="25.78"/>
            </lane>
            <lane id="right_1">
                <vehicle id="cfm-fast_5" pos="49.10" speed="107.83"/>
            </lane>
        </edge>
        <edge id="top">
            <lane id="top_0">
                <vehicle id="cfm-fast_0" pos="11.89" speed="24.93"/>
                <vehicle id="cfm-fast_2" pos="27.75" speed="24.69"/>
                <vehicle id="cfm-fast_3" pos="43.44" speed="25.22"/>
            </lane>
            <lane id="top_1"/>
        </edge>
    </timestep>
    <timestep time="8.83">
        <edge id="bottom">
            <lane id="bottom_0">
                <vehicle id="cfm-slow_2" pos="23.34" speed="28.42"/>
                <vehicle id="cfm-slow_3" pos="46.78" speed="27.91"/>
            </lane>
            <lane id="bottom_1">
                <vehicle id="cfm-fast_1" pos="5.40" speed="102.78"/>
            </lane>
        </edge>
        <edge id="left">
            <lane id="left_0">
                <vehicle id="cfm-fast_4" pos="9.98" speed="26.30"/>
                <vehicle id="cfm-slow_0" pos="27.42" speed="27.46"/>
                <vehicle id="cfm-slow_1" pos="50.00" speed="28.26"/>
            </lane>
            <lane id="left_1"/>
        </edge>
        <edge id="right">
            <lane id="right_0">
                <vehicle id="cfm-slow_4" pos="19.64" speed="26.91"/>
                <vehicle id="cfm-slow_5" pos="41.46" speed="25.77"/>
            </lane>
            <lane id="right_1"/>
        </edge>
        <edge id="top">
            <lane id="top_0">
                <vehicle id="cfm-fast_0" pos="12.14" speed="24.92"/>
                <vehicle id="cfm-fast_2" pos="28.00" speed="24.69"/>
                <vehicle id="cfm-fast_3" pos="43.69" speed="25.23"/>
            </lane>
            <lane id="top_1">
                <vehicle id="cfm-fast_5" pos="0.18" speed="107.85"/>
            </lane>
        </edge>
    </timestep>
    <timestep time="8.84">
        <edge id="bottom">
            <lane id="bottom_0">
                <vehicle id="cfm-slow_1" pos="0.28" speed="28.26"/>
                <vehicle id="cfm-slow_2" pos="23.62" speed="28.42"/>
                <vehicle id="cfm-slow_3" pos="47.06" speed="27.90"/>
            </lane>
            <lane id="bottom_1">
                <vehicle id="cfm-fast_1" pos="6.43" speed="102.83"/>
            </lane>
        </edge>
        <edge id="left">
            <lane id="left_0">
                <vehicle id="cfm-fast_4" pos="10.25" speed="26.32"/>
                <vehicle id="cfm-slow_0" pos="27.69" speed="27.46"/>
            </lane>
            <lane id="left_1"/>
        </edge>
        <edge id="right">
            <lane id="right_0">
                <vehicle id="cfm-slow_4" pos="19.91" speed="26.90"/>
                <vehicle id="cfm-slow_5" pos="41.72" speed="25.77"/>
            </lane>
            <lane id="right_1"/>
        </edge>
        <edge id="top">
            <lane id="top_0">
                <vehicle id="cfm-fast_0" pos="12.39" speed="24.92"/>
                <vehicle id="cfm-fast_2" pos="28.25" speed="24.70"/>
                <vehicle id="cfm-fast_3" pos="43.94" speed="25.24"/>
            </lane>
            <lane id="top_1">
                <vehicle id="cfm-fast_5" pos="1.26" speed="107.86"/>
            </lane>
        </edge>
    </timestep>
    <timestep time="8.85">
        <edge id="bottom">
            <lane id="bottom_0">
                <vehicle id="cfm-slow_1" pos="0.56" speed="28.27"/>
                <vehicle id="cfm-slow_2" pos="23.91" speed="28.41"/>
                <vehicle id="cfm-slow_3" pos="47.34" speed="27.89"/>
            </lane>
            <lane id="bottom_1">
                <vehicle id="cfm-fast_1" pos="7.46" speed="102.89"/>
            </lane>
        </edge>
        <edge id="left">
            <lane id="left_0">
                <vehicle id="cfm-fast_4" pos="10.51" speed="26.33"/>
                <vehicle id="cfm-slow_0" pos="27.96" speed="27.47"/>
            </lane>
            <lane id="left_1"/>
        </edge>
        <edge id="right">
            <lane id="right_0">
                <vehicle id="cfm-slow_4" pos="20.18" speed="26.89"/>
                <vehicle id="cfm-slow_5" pos="41.98" speed="25.76"/>
            </lane>
            <lane id="right_1"/>
        </edge>
        <edge id="top">
            <lane id="top_0">
                <vehicle id="cfm-fast_0" pos="12.64" speed="24.92"/>
                <vehicle id="cfm-fast_2" pos="28.49" speed="24.70"/>
                <vehicle id="cfm-fast_3" pos="44.20" speed="25.25"/>
            </lane>
            <lane id="top_1">
                <vehicle id="cfm-fast_5" pos="2.34" speed="107.87"/>
            </lane>
        </edge>
    </timestep>
    <timestep time="8.86">
        <edge id="bottom">
            <lane id="bottom_0">
                <vehicle id="cfm-slow_1" pos="0.84" speed="28.27"/>
                <vehicle id="cfm-slow_2" pos="24.19" speed="28.41"/>
                <vehicle id="cfm-slow_3" pos="47.62" speed="27.88"/>
            </lane>
            <lane id="bottom_1">
                <vehicle id="cfm-fast_1" pos="8.48" speed="102.94"/>
            </lane>
        </edge>
        <edge id="left">
            <lane id="left_0">
                <vehicle id="cfm-fast_4" pos="10.77" speed="26.34"/>
                <vehicle id="cfm-slow_0" pos="28.24" speed="27.48"/>
            </lane>
            <lane id="left_1"/>
        </edge>
        <edge id="right">
            <lane id="right_0">
                <vehicle id="cfm-slow_4" pos="20.45" speed="26.87"/>
                <vehicle id="cfm-slow_5" pos="42.24" speed="25.75"/>
            </lane>
            <lane id="right_1"/>
        </edge>
        <edge id="top">
            <lane id="top_0">
                <vehicle id="cfm-fast_0" pos="12.89" speed="24.92"/>
                <vehicle id="cfm-fast_2" pos="28.74" speed="24.71"/>
                <vehicle id="cfm-fast_3" pos="44.45" speed="25.26"/>
            </lane>
            <lane id="top_1">
                <vehicle id="cfm-fast_5" pos="3.42" speed="107.88"/>
            </lane>
        </edge>
    </timestep>
    <timestep time="8.87">
        <edge id="bottom">
            <lane id="bottom_0">
                <vehicle id="cfm-slow_1" pos="1.13" speed="28.27"/>
                <vehicle id="cfm-slow_2" pos="24.48" speed="28.40"/>
                <vehicle id="cfm-slow_3" pos="47.90" speed="27.87"/>
            </lane>
            <lane id="bottom_1">
                <vehicle id="cfm-fast_1" pos="9.51" speed="103.00"/>
            </lane>
        </edge>
        <edge id="left">
            <lane id="left_0">
                <vehicle id="cfm-fast_4" pos="11.04" speed="26.35"/>
                <vehicle id="cfm-slow_0" pos="28.51" speed="27.49"/>
            </lane>
            <lane id="left_1"/>
        </edge>
        <edge id="right">
            <lane id="right_0">
                <vehicle id="cfm-slow_4" pos="20.72" speed="26.86"/>
                <vehicle id="cfm-slow_5" pos="42.49" speed="25.74"/>
            </lane>
            <lane id="right_1"/>
        </edge>
        <edge id="top">
            <lane id="top_0">
                <vehicle id="cfm-fast_0" pos="13.13" speed="24.91"/>
                <vehicle id="cfm-fast_2" pos="28.99" speed="24.71"/>
                <vehicle id="cfm-fast_3" pos="44.70" speed="25.27"/>
            </lane>
            <lane id="top_1">
                <vehicle id="cfm-fast_5" pos="4.50" speed="107.89"/>
            </lane>
        </edge>
    </timestep>
    <timestep time="8.88">
        <edge id="bottom">
            <lane id="bottom_0">
                <vehicle id="cfm-slow_1" pos="1.41" speed="28.27"/>
                <vehicle id="cfm-slow_2" pos="24.76" speed="28.40"/>
                <vehicle id="cfm-slow_3" pos="48.17" speed="27.86"/>
            </lane>
            <lane id="bottom_1">
                <vehicle id="cfm-fast_1" pos="10.55" speed="103.05"/>
            </lane>
        </edge>
        <edge id="left">
            <lane id="left_0">
                <vehicle id="cfm-fast_4" pos="11.30" speed="26.36"/>
                <vehicle id="cfm-slow_0" pos="28.79" speed="27.50"/>
            </lane>
            <lane id="left_1"/>
        </edge>
        <edge id="right">
            <lane id="right_0">
                <vehicle id="cfm-slow_4" pos="20.99" speed="26.85"/>
                <vehicle id="cfm-slow_5" pos="42.75" speed="25.73"/>
            </lane>
            <lane id="right_1"/>
        </edge>
        <edge id="top">
            <lane id="top_0">
                <vehicle id="cfm-fast_0" pos="13.38" speed="24.91"/>
                <vehicle id="cfm-fast_2" pos="29.24" speed="24.72"/>
                <vehicle id="cfm-fast_3" pos="44.95" speed="25.28"/>
            </lane>
            <lane id="top_1">
                <vehicle id="cfm-fast_5" pos="5.57" speed="107.90"/>
            </lane>
        </edge>
    </timestep>
    <timestep time="8.89">
        <edge id="bottom">
            <lane id="bottom_0">
                <vehicle id="cfm-slow_1" pos="1.69" speed="28.27"/>
                <vehicle id="cfm-slow_2" pos="25.04" speed="28.39"/>
                <vehicle id="cfm-slow_3" pos="48.45" speed="27.85"/>
            </lane>
            <lane id="bottom_1">
                <vehicle id="cfm-fast_1" pos="11.58" speed="103.10"/>
            </lane>
        </edge>
        <edge id="left">
            <lane id="left_0">
                <vehicle id="cfm-fast_4" pos="11.56" speed="26.37"/>
                <vehicle id="cfm-slow_0" pos="29.06" speed="27.51"/>
            </lane>
            <lane id="left_1"/>
        </edge>
        <edge id="right">
            <lane id="right_0">
                <vehicle id="cfm-slow_4" pos="21.26" speed="26.84"/>
                <vehicle id="cfm-slow_5" pos="43.01" speed="25.72"/>
            </lane>
            <lane id="right_1"/>
        </edge>
        <edge id="top">
            <lane id="top_0">
                <vehicle id="cfm-fast_0" pos="13.63" speed="24.91"/>
                <vehicle id="cfm-fast_2" pos="29.48" speed="24.72"/>
                <vehicle id="cfm-fast_3" pos="45.21" speed="25.29"/>
            </lane>
            <lane id="top_1">
                <vehicle id="cfm-fast_5" pos="6.65" speed="107.91"/>
            </lane>
        </edge>
    </timestep>
    <timestep time="8.90">
        <edge id="bottom">
            <lane id="bottom_0">
                <vehicle id="cfm-slow_1" pos="1.98" speed="28.27"/>
                <vehicle id="cfm-slow_2" pos="25.33" speed="28.39"/>
                <vehicle id="cfm-slow_3" pos="48.73" speed="27.84"/>
            </lane>
            <lane id="bottom_1">
                <vehicle id="cfm-fast_1" pos="12.61" speed="103.16"/>
            </lane>
        </edge>
        <edge id="left">
            <lane id="left_0">
                <vehicle id="cfm-fast_4" pos="11.83" speed="26.39"/>
                <vehicle id="cfm-slow_0" pos="29.34" speed="27.51"/>
            </lane>
            <lane id="left_1"/>
        </edge>
        <edge id="right">
            <lane id="right_0">
                <vehicle id="cfm-slow_4" pos="21.52" speed="26.83"/>
                <vehicle id="cfm-slow_5" pos="43.26" speed="25.71"/>
            </lane>
            <lane id="right_1"/>
        </edge>
        <edge id="top">
            <lane id="top_0">
                <vehicle id="cfm-fast_0" pos="13.88" speed="24.91"/>
                <vehicle id="cfm-fast_2" pos="29.73" speed="24.73"/>
                <vehicle id="cfm-fast_3" pos="45.46" speed="25.30"/>
            </lane>
            <lane id="top_1">
                <vehicle id="cfm-fast_5" pos="7.73" speed="107.92"/>
            </lane>
        </edge>
    </timestep>
    <timestep time="8.91">
        <edge id="bottom">
            <lane id="bottom_0">
                <vehicle id="cfm-slow_1" pos="2.26" speed="28.28"/>
                <vehicle id="cfm-slow_2" pos="25.61" speed="28.38"/>
                <vehicle id="cfm-slow_3" pos="49.01" speed="27.83"/>
            </lane>
            <lane id="bottom_1">
                <vehicle id="cfm-fast_1" pos="13.64" speed="103.21"/>
            </lane>
        </edge>
        <edge id="left">
            <lane id="left_0">
                <vehicle id="cfm-fast_4" pos="12.09" speed="26.40"/>
                <vehicle id="cfm-slow_0" pos="29.61" speed="27.52"/>
            </lane>
            <lane id="left_1"/>
        </edge>
        <edge id="right">
            <lane id="right_0">
                <vehicle id="cfm-slow_4" pos="21.79" speed="26.82"/>
                <vehicle id="cfm-slow_5" pos="43.52" speed="25.71"/>
            </lane>
            <lane id="right_1"/>
        </edge>
        <edge id="top">
            <lane id="top_0">
                <vehicle id="cfm-fast_0" pos="14.13" speed="24.90"/>
                <vehicle id="cfm-fast_2" pos="29.98" speed="24.73"/>
                <vehicle id="cfm-fast_3" pos="45.71" speed="25.31"/>
            </lane>
            <lane id="top_1">
                <vehicle id="cfm-fast_5" pos="8.81" speed="107.94"/>
            </lane>
        </edge>
    </timestep>
    <timestep time="8.92">
        <edge id="bottom">
            <lane id="bottom_0">
                <vehicle id="cfm-slow_1" pos="2.54" speed="28.28"/>
                <vehicle id="cfm-slow_2" pos="25.90" speed="28.38"/>
                <vehicle id="cfm-slow_3" pos="49.29" speed="27.82"/>
            </lane>
            <lane id="bottom_1">
                <vehicle id="cfm-fast_1" pos="14.67" speed="103.26"/>
            </lane>
        </edge>
        <edge id="left">
            <lane id="left_0">
                <vehicle id="cfm-fast_4" pos="12.36" speed="26.41"/>
                <vehicle id="cfm-slow_0" pos="29.89" speed="27.53"/>
            </lane>
            <lane id="left_1"/>
        </edge>
        <edge id="right">
            <lane id="right_0">
                <vehicle id="cfm-slow_4" pos="22.06" speed="26.81"/>
                <vehicle id="cfm-slow_5" pos="43.78" speed="25.70"/>
            </lane>
            <lane id="right_1"/>
        </edge>
        <edge id="top">
            <lane id="top_0">
                <vehicle id="cfm-fast_0" pos="14.38" speed="24.90"/>
                <vehicle id="cfm-fast_2" pos="30.23" speed="24.74"/>
                <vehicle id="cfm-fast_3" pos="45.97" speed="25.32"/>
            </lane>
            <lane id="top_1">
                <vehicle id="cfm-fast_5" pos="9.89" speed="107.95"/>
            </lane>
        </edge>
    </timestep>
    <timestep time="8.93">
        <edge id="bottom">
            <lane id="bottom_0">
                <vehicle id="cfm-slow_1" pos="2.82" speed="28.28"/>
                <vehicle id="cfm-slow_2" pos="26.18" speed="28.37"/>
                <vehicle id="cfm-slow_3" pos="49.57" speed="27.81"/>
            </lane>
            <lane id="bottom_1">
                <vehicle id="cfm-fast_1" pos="15.71" speed="103.31"/>
            </lane>
        </edge>
        <edge id="left">
            <lane id="left_0">
                <vehicle id="cfm-fast_4" pos="12.62" speed="26.42"/>
                <vehicle id="cfm-slow_0" pos="30.17" speed="27.54"/>
            </lane>
            <lane id="left_1"/>
        </edge>
        <edge id="right">
            <lane id="right_0">
                <vehicle id="cfm-slow_4" pos="22.33" speed="26.80"/>
                <vehicle id="cfm-slow_5" pos="44.04" speed="25.69"/>
            </lane>
            <lane id="right_1"/>
        </edge>
        <edge id="top">
            <lane id="top_0">
                <vehicle id="cfm-fast_0" pos="14.63" speed="24.90"/>
                <vehicle id="cfm-fast_2" pos="30.47" speed="24.74"/>
                <vehicle id="cfm-fast_3" pos="46.22" speed="25.33"/>
            </lane>
            <lane id="top_1">
                <vehicle id="cfm-fast_5" pos="10.97" speed="107.96"/>
            </lane>
        </edge>
    </timestep>
    <timestep time="8.94">
        <edge id="bottom">
            <lane id="bottom_0">
                <vehicle id="cfm-slow_1" pos="3.11" speed="28.28"/>
                <vehicle id="cfm-slow_2" pos="26.46" speed="28.37"/>
                <vehicle id="cfm-slow_3" pos="49.84" speed="27.80"/>
            </lane>
            <lane id="bottom_1">
                <vehicle id="cfm-fast_1" pos="16.74" speed="103.36"/>
            </lane>
        </edge>
        <edge id="left">
            <lane id="left_0">
                <vehicle id="cfm-fast_4" pos="12.88" speed="26.43"/>
                <vehicle id="cfm-slow_0" pos="30.44" speed="27.55"/>
            </lane>
            <lane id="left_1"/>
        </edge>
        <edge id="right">
            <lane id="right_0">
                <vehicle id="cfm-slow_4" pos="22.60" speed="26.79"/>
                <vehicle id="cfm-slow_5" pos="44.29" speed="25.68"/>
            </lane>
            <lane id="right_1"/>
        </edge>
        <edge id="top">
            <lane id="top_0">
                <vehicle id="cfm-fast_0" pos="14.88" speed="24.90"/>
                <vehicle id="cfm-fast_2" pos="30.72" speed="24.75"/>
                <vehicle id="cfm-fast_3" pos="46.47" speed="25.34"/>
            </lane>
            <lane id="top_1">
                <vehicle id="cfm-fast_5" pos="12.05" speed="107.97"/>
            </lane>
        </edge>
    </timestep>
    <timestep time="8.95">
        <edge id="bottom">
            <lane id="bottom_0">
                <vehicle id="cfm-slow_1" pos="3.39" speed="28.28"/>
                <vehicle id="cfm-slow_2" pos="26.75" speed="28.36"/>
            </lane>
            <lane id="bottom_1">
                <vehicle id="cfm-fast_1" pos="17.77" speed="103.41"/>
            </lane>
        </edge>
        <edge id="left">
            <lane id="left_0">
                <vehicle id="cfm-fast_4" pos="13.15" speed="26.44"/>
                <vehicle id="cfm-slow_0" pos="30.72" speed="27.55"/>
            </lane>
            <lane id="left_1"/>
        </edge>
        <edge id="right">
            <lane id="right_0">
                <vehicle id="cfm-slow_3" pos="0.12" speed="27.79"/>
                <vehicle id="cfm-slow_4" pos="22.86" speed="26.78"/>
                <vehicle id="cfm-slow_5" pos="44.55" speed="25.67"/>
            </lane>
            <lane id="right_1"/>
        </edge>
        <edge id="top">
            <lane id="top_0">
                <vehicle id="cfm-fast_0" pos="15.13" speed="24.90"/>
                <vehicle id="cfm-fast_2" pos="30.97" speed="24.76"/>
                <vehicle id="cfm-fast_3" pos="46.73" speed="25.35"/>
            </lane>
            <lane id="top_1">
                <vehicle id="cfm-fast_5" pos="13.13" speed="107.98"/>
            </lane>
        </edge>
    </timestep>
    <timestep time="8.96">
        <edge id="bottom">
            <lane id="bottom_0">
                <vehicle id="cfm-slow_1" pos="3.67" speed="28.28"/>
                <vehicle id="cfm-slow_2" pos="27.03" speed="28.36"/>
            </lane>
            <lane id="bottom_1">
                <vehicle id="cfm-fast_1" pos="18.81" speed="103.46"/>
            </lane>
        </edge>
        <edge id="left">
            <lane id="left_0">
                <vehicle id="cfm-fast_4" pos="13.41" speed="26.45"/>
                <vehicle id="cfm-slow_0" pos="30.99" speed="27.56"/>
            </lane>
            <lane id="left_1"/>
        </edge>
        <edge id="right">
            <lane id="right_0">
                <vehicle id="cfm-slow_3" pos="0.40" speed="27.78"/>
                <vehicle id="cfm-slow_4" pos="23.13" speed="26.76"/>
                <vehicle id="cfm-slow_5" pos="44.81" speed="25.67"/>
            </lane>
            <lane id="right_1"/>
        </edge>
        <edge id="top">
            <lane id="top_0">
                <vehicle id="cfm-fast_0" pos="15.38" speed="24.90"/>
                <vehicle id="cfm-fast_2" pos="31.22" speed="24.76"/>
                <vehicle id="cfm-fast_3" pos="46.98" speed="25.36"/>
            </lane>
            <lane id="top_1">
                <vehicle id="cfm-fast_5" pos="14.21" speed="107.99"/>
            </lane>
        </edge>
    </timestep>
    <timestep time="8.97">
        <edge id="bottom">
            <lane id="bottom_0">
                <vehicle id="cfm-slow_1" pos="3.96" speed="28.29"/>
                <vehicle id="cfm-slow_2" pos="27.31" speed="28.35"/>
            </lane>
            <lane id="bottom_1">
                <vehicle id="cfm-fast_1" pos="19.84" speed="103.51"/>
            </lane>
        </edge>
        <edge id="left">
            <lane id="left_0">
                <vehicle id="cfm-fast_4" pos="13.68" speed="26.46"/>
                <vehicle id="cfm-slow_0" pos="31.27" speed="27.57"/>
            </lane>
            <lane id="left_1"/>
        </edge>
        <edge id="right">
            <lane id="right_0">
                <vehicle id="cfm-slow_3" pos="0.68" speed="27.77"/>
                <vehicle id="cfm-slow_4" pos="23.40" speed="26.75"/>
                <vehicle id="cfm-slow_5" pos="45.06" speed="25.66"/>
            </lane>
            <lane id="right_1"/>
        </edge>
        <edge id="top">
            <lane id="top_0">
                <vehicle id="cfm-fast_0" pos="15.62" speed="24.89"/>
                <vehicle id="cfm-fast_2" pos="31.46" speed="24.77"/>
                <vehicle id="cfm-fast_3" pos="47.23" speed="25.37"/>
            </lane>
            <lane id="top_1">
                <vehicle id="cfm-fast_5" pos="15.29" speed="108.00"/>
            </lane>
        </edge>
    </timestep>
    <timestep time="8.98">
        <edge id="bottom">
            <lane id="bottom_0">
                <vehicle id="cfm-slow_1" pos="4.24" speed="28.29"/>
                <vehicle id="cfm-slow_2" pos="27.60" speed="28.35"/>
            </lane>
            <lane id="bottom_1">
                <vehicle id="cfm-fast_1" pos="20.88" speed="103.56"/>
            </lane>
        </edge>
        <edge id="left">
            <lane id="left_0">
                <vehicle id="cfm-fast_4" pos="13.94" speed="26.48"/>
                <vehicle id="cfm-slow_0" pos="31.54" speed="27.58"/>
            </lane>
            <lane id="left_1"/>
        </edge>
        <edge id="right">
            <lane id="right_0">
                <vehicle id="cfm-slow_3" pos="0.96" speed="27.76"/>
                <vehicle id="cfm-slow_4" pos="23.67" speed="26.74"/>
                <vehicle id="cfm-slow_5" pos="45.32" speed="25.65"/>
            </lane>
            <lane id="right_1"/>
        </edge>
        <edge id="top">
            <lane id="top_0">
                <vehicle id="cfm-fast_0" pos="15.87" speed="24.89"/>
                <vehicle id="cfm-fast_2" pos="31.71" speed="24.77"/>
                <vehicle id="cfm-fast_3" pos="47.49" speed="25.38"/>
            </lane>
            <lane id="top_1">
                <vehicle id="cfm-fast_5" pos="16.37" speed="108.01"/>
            </lane>
        </edge>
    </timestep>
    <timestep time="8.99">
        <edge id="bottom">
            <lane id="bottom_0">
                <vehicle id="cfm-slow_1" pos="4.52" speed="28.29"/>
                <vehicle id="cfm-slow_2" pos="27.88" speed="28.34"/>
            </lane>
            <lane id="bottom_1">
                <vehicle id="cfm-fast_1" pos="21.91" speed="103.61"/>
            </lane>
        </edge>
        <edge id="left">
            <lane id="left_0">
                <vehicle id="cfm-fast_4" pos="14.21" speed="26.49"/>
                <vehicle id="cfm-slow_0" pos="31.82" speed="27.58"/>
            </lane>
            <lane id="left_1"/>
        </edge>
        <edge id="right">
            <lane id="right_0">
                <vehicle id="cfm-slow_3" pos="1.23" speed="27.75"/>
                <vehicle id="cfm-slow_4" pos="23.93" speed="26.73"/>
                <vehicle id="cfm-slow_5" pos="45.58" speed="25.64"/>
            </lane>
            <lane id="right_1"/>
        </edge>
        <edge id="top">
            <lane id="top_0">
                <vehicle id="cfm-fast_0" pos="16.12" speed="24.89"/>
                <vehicle id="cfm-fast_2" pos="31.96" speed="24.78"/>
                <vehicle id="cfm-fast_3" pos="47.74" speed="25.40"/>
            </lane>
            <lane id="top_1">
                <vehicle id="cfm-fast_5" pos="17.45" speed="108.02"/>
            </lane>
        </edge>
    </timestep>
    <timestep time="9.00">
        <edge id="bottom">
            <lane id="bottom_0">
                <vehicle id="cfm-slow_1" pos="4.80" speed="28.29"/>
                <vehicle id="cfm-slow_2" pos="28.16" speed="28.34"/>
            </lane>
            <lane id="bottom_1">
                <vehicle id="cfm-fast_1" pos="22.95" speed="103.66"/>
            </lane>
        </edge>
        <edge id="left">
            <lane id="left_0">
                <vehicle id="cfm-fast_4" pos="14.47" speed="26.50"/>
                <vehicle id="cfm-slow_0" pos="32.09" speed="27.59"/>
            </lane>
            <lane id="left_1"/>
        </edge>
        <edge id="right">
            <lane id="right_0">
                <vehicle id="cfm-slow_3" pos="1.51" speed="27.74"/>
                <vehicle id="cfm-slow_4" pos="24.20" speed="26.72"/>
                <vehicle id="cfm-slow_5" pos="45.83" speed="25.63"/>
            </lane>
            <lane id="right_1"/>
        </edge>
        <edge id="top">
            <lane id="top_0">
                <vehicle id="cfm-fast_0" pos="16.37" speed="24.89"/>
                <vehicle id="cfm-fast_2" pos="32.21" speed="24.78"/>
                <vehicle id="cfm-fast_3" pos="48.00" speed="25.41"/>
            </lane>
            <lane id="top_1">
                <vehicle id="cfm-fast_5" pos="18.53" speed="108.03"/>
            </lane>
        </edge>
    </timestep>
    <timestep time="9.01">
        <edge id="bottom">
            <lane id="bottom_0">
                <vehicle id="cfm-slow_1" pos="5.09" speed="28.29"/>
                <vehicle id="cfm-slow_2" pos="28.45" speed="28.33"/>
            </lane>
            <lane id="bottom_1">
                <vehicle id="cfm-fast_1" pos="23.99" speed="103.71"/>
            </lane>
        </edge>
        <edge id="left">
            <lane id="left_0">
                <vehicle id="cfm-fast_4" pos="14.74" speed="26.51"/>
                <vehicle id="cfm-slow_0" pos="32.37" speed="27.60"/>
            </lane>
            <lane id="left_1"/>
        </edge>
        <edge id="right">
            <lane id="right_0">
                <vehicle id="cfm-slow_3" pos="1.79" speed="27.73"/>
                <vehicle id="cfm-slow_4" pos="24.47" speed="26.71"/>
                <vehicle id="cfm-slow_5" pos="46.09" speed="25.63"/>
            </lane>
            <lane id="right_1"/>
        </edge>
        <edge id="top">
            <lane id="top_0">
                <vehicle id="cfm-fast_0" pos="16.62" speed="24.89"/>
                <vehicle id="cfm-fast_2" pos="32.45" speed="24.79"/>
                <vehicle id="cfm-fast_3" pos="48.25" speed="25.42"/>
            </lane>
            <lane id="top_1">
                <vehicle id="cfm-fast_5" pos="19.61" speed="108.04"/>
            </lane>
        </edge>
    </timestep>
    <timestep time="9.02">
        <edge id="bottom">
            <lane id="bottom_0">
                <vehicle id="cfm-slow_1" pos="5.37" speed="28.29"/>
                <vehicle id="cfm-slow_2" pos="28.73" speed="28.33"/>
            </lane>
            <lane id="bottom_1">
                <vehicle id="cfm-fast_1" pos="25.03" speed="103.76"/>
            </lane>
        </edge>
        <edge id="left">
            <lane id="left_0">
                <vehicle id="cfm-fast_4" pos="15.00" speed="26.52"/>
                <vehicle id="cfm-slow_0" pos="32.65" speed="27.61"/>
            </lane>
            <lane id="left_1"/>
        </edge>
        <edge id="right">
            <lane id="right_0">
                <vehicle id="cfm-slow_3" pos="2.06" speed="27.72"/>
                <vehicle id="cfm-slow_4" pos="24.74" speed="26.70"/>
                <vehicle id="cfm-slow_5" pos="46.34" speed="25.62"/>
            </lane>
            <lane id="right_1"/>
        </edge>
        <edge id="top">
            <lane id="top_0">
                <vehicle id="cfm-fast_0" pos="16.87" speed="24.89"/>
                <vehicle id="cfm-fast_2" pos="32.70" speed="24.79"/>
                <vehicle id="cfm-fast_3" pos="48.50" speed="25.43"/>
            </lane>
            <lane id="top_1">
                <vehicle id="cfm-fast_5" pos="20.69" speed="108.04"/>
            </lane>
        </edge>
    </timestep>
    <timestep time="9.03">
        <edge id="bottom">
            <lane id="bottom_0">
                <vehicle id="cfm-slow_1" pos="5.65" speed="28.29"/>
                <vehicle id="cfm-slow_2" pos="29.01" speed="28.32"/>
            </lane>
            <lane id="bottom_1">
                <vehicle id="cfm-fast_1" pos="26.06" speed="103.80"/>
            </lane>
        </edge>
        <edge id="left">
            <lane id="left_0">
                <vehicle id="cfm-fast_4" pos="15.27" speed="26.53"/>
                <vehicle id="cfm-slow_0" pos="32.92" speed="27.61"/>
            </lane>
            <lane id="left_1"/>
        </edge>
        <edge id="right">
            <lane id="right_0">
                <vehicle id="cfm-slow_3" pos="2.34" speed="27.71"/>
                <vehicle id="cfm-slow_4" pos="25.00" speed="26.69"/>
                <vehicle id="cfm-slow_5" pos="46.60" speed="25.61"/>
            </lane>
            <lane id="right_1"/>
        </edge>
        <edge id="top">
            <lane id="top_0">
                <vehicle id="cfm-fast_0" pos="17.12" speed="24.88"/>
                <vehicle id="cfm-fast_2" pos="32.95" speed="24.80"/>
                <vehicle id="cfm-fast_3" pos="48.76" speed="25.44"/>
            </lane>
            <lane id="top_1">
                <vehicle id="cfm-fast_5" pos="21.77" speed="108.05"/>
            </lane>
        </edge>
    </timestep>
    <timestep time="9.04">
        <edge id="bottom">
            <lane id="bottom_0">
                <vehicle id="cfm-slow_1" pos="5.94" speed="28.29"/>
                <vehicle id="cfm-slow_2" pos="29.30" speed="28.32"/>
            </lane>
            <lane id="bottom_1">
                <vehicle id="cfm-fast_1" pos="27.10" speed="103.85"/>
            </lane>
        </edge>
        <edge id="left">
            <lane id="left_0">
                <vehicle id="cfm-fast_4" pos="15.53" speed="26.54"/>
                <vehicle id="cfm-slow_0" pos="33.20" speed="27.62"/>
            </lane>
            <lane id="left_1"/>
        </edge>
        <edge id="right">
            <lane id="right_0">
                <vehicle id="cfm-slow_3" pos="2.62" speed="27.70"/>
                <vehicle id="cfm-slow_4" pos="25.27" speed="26.68"/>
                <vehicle id="cfm-slow_5" pos="46.86" speed="25.60"/>
            </lane>
            <lane id="right_1"/>
        </edge>
        <edge id="top">
            <lane id="top_0">
                <vehicle id="cfm-fast_0" pos="17.37" speed="24.88"/>
                <vehicle id="cfm-fast_2" pos="33.20" speed="24.81"/>
                <vehicle id="cfm-fast_3" pos="49.01" speed="25.45"/>
            </lane>
            <lane id="top_1">
                <vehicle id="cfm-fast_5" pos="22.85" speed="108.06"/>
            </lane>
        </edge>
    </timestep>
    <timestep time="9.05">
        <edge id="bottom">
            <lane id="bottom_0">
                <vehicle id="cfm-slow_1" pos="6.22" speed="28.29"/>
                <vehicle id="cfm-slow_2" pos="29.58" speed="28.31"/>
            </lane>
            <lane id="bottom_1">
                <vehicle id="cfm-fast_1" pos="28.14" speed="103.90"/>
            </lane>
        </edge>
        <edge id="left">
            <lane id="left_0">
                <vehicle id="cfm-fast_4" pos="15.80" speed="26.55"/>
                <vehicle id="cfm-slow_0" pos="33.48" speed="27.63"/>
            </lane>
            <lane id="left_1"/>
        </edge>
        <edge id="right">
            <lane id="right_0">
                <vehicle id="cfm-slow_3" pos="2.90" speed="27.69"/>
                <vehicle id="cfm-slow_4" pos="25.54" speed="26.67"/>
                <vehicle id="cfm-slow_5" pos="47.11" speed="25.60"/>
            </lane>
            <lane id="right_1"/>
        </edge>
        <edge id="top">
            <lane id="top_0">
                <vehicle id="cfm-fast_0" pos="17.62" speed="24.88"/>
                <vehicle id="cfm-fast_2" pos="33.45" speed="24.81"/>
                <vehicle id="cfm-fast_3" pos="49.27" speed="25.46"/>
            </lane>
            <lane id="top_1">
                <vehicle id="cfm-fast_5" pos="23.93" speed="108.07"/>
            </lane>
        </edge>
    </timestep>
    <timestep time="9.06">
        <edge id="bottom">
            <lane id="bottom_0">
                <vehicle id="cfm-slow_1" pos="6.50" speed="28.29"/>
                <vehicle id="cfm-slow_2" pos="29.86" speed="28.31"/>
            </lane>
            <lane id="bottom_1">
                <vehicle id="cfm-fast_1" pos="29.18" speed="103.94"/>
            </lane>
        </edge>
        <edge id="left">
            <lane id="left_0">
                <vehicle id="cfm-fast_4" pos="16.06" speed="26.56"/>
                <vehicle id="cfm-slow_0" pos="33.75" speed="27.63"/>
            </lane>
            <lane id="left_1"/>
        </edge>
        <edge id="right">
            <lane id="right_0">
                <vehicle id="cfm-slow_3" pos="3.17" speed="27.69"/>
                <vehicle id="cfm-slow_4" pos="25.80" speed="26.66"/>
                <vehicle id="cfm-slow_5" pos="47.37" speed="25.59"/>
            </lane>
            <lane id="right_1"/>
        </edge>
        <edge id="top">
            <lane id="top_0">
                <vehicle id="cfm-fast_0" pos="17.86" speed="24.88"/>
                <vehicle id="cfm-fast_2" pos="33.69" speed="24.82"/>
                <vehicle id="cfm-fast_3" pos="49.52" speed="25.47"/>
            </lane>
            <lane id="top_1">
                <vehicle id="cfm-fast_5" pos="25.01" speed="108.08"/>
            </lane>
        </edge>
    </timestep>
    <timestep time="9.07">
        <edge id="bottom">
            <lane id="bottom_0">
                <vehicle id="cfm-slow_1" pos="6.78" speed="28.30"/>
                <vehicle id="cfm-slow_2" pos="30.15" speed="28.30"/>
            </lane>
            <lane id="bottom_1">
                <vehicle id="cfm-fast_1" pos="30.22" speed="103.99"/>
            </lane>
        </edge>
        <edge id="left">
            <lane id="left_0">
                <vehicle id="cfm-fast_4" pos="16.33" speed="26.57"/>
                <vehicle id="cfm-slow_0" pos="34.03" speed="27.64"/>
            </lane>
            <lane id="left_1"/>
        </edge>
        <edge id="right">
            <lane id="right_0">
                <vehicle id="cfm-slow_3" pos="3.45" speed="27.68"/>
                <vehicle id="cfm-slow_4" pos="26.07" speed="26.65"/>
                <vehicle id="cfm-slow_5" pos="47.62" speed="25.58"/>
            </lane>
            <lane id="right_1"/>
        </edge>
        <edge id="top">
            <lane id="top_0">
                <vehicle id="cfm-fast_0" pos="18.11" speed="24.88"/>
                <vehicle id="cfm-fast_2" pos="33.94" speed="24.82"/>
                <vehicle id="cfm-fast_3" pos="49.78" speed="25.48"/>
            </lane>
            <lane id="top_1">
                <vehicle id="cfm-fast_5" pos="26.10" speed="108.09"/>
            </lane>
        </edge>
    </timestep>
    <timestep time="9.08">
        <edge id="bottom">
            <lane id="bottom_0">
                <vehicle id="cfm-slow_1" pos="7.07" speed="28.30"/>
                <vehicle id="cfm-slow_2" pos="30.43" speed="28.29"/>
            </lane>
            <lane id="bottom_1">
                <vehicle id="cfm-fast_1" pos="31.26" speed="104.03"/>
            </lane>
        </edge>
        <edge id="left">
            <lane id="left_0">
                <vehicle id="cfm-fast_3" pos="0.03" speed="25.49"/>
                <vehicle id="cfm-fast_4" pos="16.60" speed="26.59"/>
                <vehicle id="cfm-slow_0" pos="34.30" speed="27.65"/>
            </lane>
            <lane id="left_1"/>
        </edge>
        <edge id="right">
            <lane id="right_0">
                <vehicle id="cfm-slow_3" pos="3.73" speed="27.67"/>
                <vehicle id="cfm-slow_4" pos="26.34" speed="26.64"/>
                <vehicle id="cfm-slow_5" pos="47.88" speed="25.58"/>
            </lane>
            <lane id="right_1"/>
        </edge>
        <edge id="top">
            <lane id="top_0">
                <vehicle id="cfm-fast_0" pos="18.36" speed="24.88"/>
                <vehicle id="cfm-fast_2" pos="34.19" speed="24.83"/>
            </lane>
            <lane id="top_1">
                <vehicle id="cfm-fast_5" pos="27.18" speed="108.10"/>
            </lane>
        </edge>
    </timestep>
    <timestep time="9.09">
        <edge id="bottom">
            <lane id="bottom_0">
                <vehicle id="cfm-slow_1" pos="7.35" speed="28.30"/>
                <vehicle id="cfm-slow_2" pos="30.71" speed="28.29"/>
            </lane>
            <lane id="bottom_1">
                <vehicle id="cfm-fast_1" pos="32.30" speed="104.08"/>
            </lane>
        </edge>
        <edge id="left">
            <lane id="left_0">
                <vehicle id="cfm-fast_3" pos="0.29" speed="25.50"/>
                <vehicle id="cfm-fast_4" pos="16.86" speed="26.60"/>
                <vehicle id="cfm-slow_0" pos="34.58" speed="27.66"/>
            </lane>
            <lane id="left_1"/>
        </edge>
        <edge id="right">
            <lane id="right_0">
                <vehicle id="cfm-slow_3" pos="4.00" speed="27.66"/>
                <vehicle id="cfm-slow_4" pos="26.60" speed="26.63"/>
                <vehicle id="cfm-slow_5" pos="48.14" speed="25.57"/>
            </lane>
            <lane id="right_1"/>
        </edge>
        <edge id="top">
            <lane id="top_0">
                <vehicle id="cfm-fast_0" pos="18.61" speed="24.88"/>
                <vehicle id="cfm-fast_2" pos="34.44" speed="24.84"/>
            </lane>
            <lane id="top_1">
                <vehicle id="cfm-fast_5" pos="28.26" speed="108.11"/>
            </lane>
        </edge>
    </timestep>
    <timestep time="9.10">
        <edge id="bottom">
            <lane id="bottom_0">
                <vehicle id="cfm-slow_1" pos="7.63" speed="28.30"/>
                <vehicle id="cfm-slow_2" pos="30.99" speed="28.28"/>
            </lane>
            <lane id="bottom_1">
                <vehicle id="cfm-fast_1" pos="33.34" speed="104.12"/>
            </lane>
        </edge>
        <edge id="left">
            <lane id="left_0">
                <vehicle id="cfm-fast_3" pos="0.54" speed="25.51"/>
                <vehicle id="cfm-fast_4" pos="17.13" speed="26.61"/>
                <vehicle id="cfm-slow_0" pos="34.86" speed="27.66"/>
            </lane>
            <lane id="left_1"/>
        </edge>
        <edge id="right">
            <lane id="right_0">
                <vehicle id="cfm-slow_3" pos="4.28" speed="27.65"/>
                <vehicle id="cfm-slow_4" pos="26.87" speed="26.62"/>
                <vehicle id="cfm-slow_5" pos="48.39" speed="25.56"/>
            </lane>
            <lane id="right_1"/>
        </edge>
        <edge id="top">
            <lane id="top_0">
                <vehicle id="cfm-fast_0" pos="18.86" speed="24.88"/>
                <vehicle id="cfm-fast_2" pos="34.69" speed="24.84"/>
            </lane>
            <lane id="top_1">
                <vehicle id="cfm-fast_5" pos="29.34" speed="108.11"/>
            </lane>
        </edge>
    </timestep>
    <timestep time="9.11">
        <edge id="bottom">
            <lane id="bottom_0">
                <vehicle id="cfm-slow_1" pos="7.92" speed="28.30"/>
                <vehicle id="cfm-slow_2" pos="31.28" speed="28.28"/>
            </lane>
            <lane id="bottom_1">
                <vehicle id="cfm-fast_1" pos="34.38" speed="104.17"/>
            </lane>
        </edge>
        <edge id="left">
            <lane id="left_0">
                <vehicle id="cfm-fast_3" pos="0.80" speed="25.52"/>
                <vehicle id="cfm-fast_4" pos="17.39" speed="26.62"/>
                <vehicle id="cfm-slow_0" pos="35.13" speed="27.67"/>
            </lane>
            <lane id="left_1"/>
        </edge>
        <edge id="right">
            <lane id="right_0">
                <vehicle id="cfm-slow_3" pos="4.56" speed="27.64"/>
                <vehicle id="cfm-slow_4" pos="27.13" speed="26.61"/>
                <vehicle id="cfm-slow_5" pos="48.65" speed="25.55"/>
            </lane>
            <lane id="right_1"/>
        </edge>
        <edge id="top">
            <lane id="top_0">
                <vehicle id="cfm-fast_0" pos="19.11" speed="24.88"/>
                <vehicle id="cfm-fast_2" pos="34.94" speed="24.85"/>
            </lane>
            <lane id="top_1">
                <vehicle id="cfm-fast_5" pos="30.42" speed="108.12"/>
            </lane>
        </edge>
    </timestep>
    <timestep time="9.12">
        <edge id="bottom">
            <lane id="bottom_0">
                <vehicle id="cfm-slow_1" pos="8.20" speed="28.30"/>
                <vehicle id="cfm-slow_2" pos="31.56" speed="28.27"/>
            </lane>
            <lane id="bottom_1">
                <vehicle id="cfm-fast_1" pos="35.43" speed="104.21"/>
            </lane>
        </edge>
        <edge id="left">
            <lane id="left_0">
                <vehicle id="cfm-fast_3" pos="1.05" speed="25.53"/>
                <vehicle id="cfm-fast_4" pos="17.66" speed="26.63"/>
                <vehicle id="cfm-slow_0" pos="35.41" speed="27.68"/>
            </lane>
            <lane id="left_1"/>
        </edge>
        <edge id="right">
            <lane id="right_0">
                <vehicle id="cfm-slow_3" pos="4.83" speed="27.63"/>
                <vehicle id="cfm-slow_4" pos="27.40" speed="26.60"/>
                <vehicle id="cfm-slow_5" pos="48.90" speed="25.55"/>
            </lane>
            <lane id="right_1"/>
        </edge>
        <edge id="top">
            <lane id="top_0">
                <vehicle id="cfm-fast_0" pos="19.36" speed="24.88"/>
                <vehicle id="cfm-fast_2" pos="35.18" speed="24.86"/>
            </lane>
            <lane id="top_1">
                <vehicle id="cfm-fast_5" pos="31.50" speed="108.13"/>
            </lane>
        </edge>
    </timestep>
    <timestep time="9.13">
        <edge id="bottom">
            <lane id="bottom_0">
                <vehicle id="cfm-slow_1" pos="8.48" speed="28.30"/>
                <vehicle id="cfm-slow_2" pos="31.84" speed="28.27"/>
            </lane>
            <lane id="bottom_1">
                <vehicle id="cfm-fast_1" pos="36.47" speed="104.25"/>
            </lane>
        </edge>
        <edge id="left">
            <lane id="left_0">
                <vehicle id="cfm-fast_3" pos="1.31" speed="25.54"/>
                <vehicle id="cfm-fast_4" pos="17.93" speed="26.64"/>
                <vehicle id="cfm-slow_0" pos="35.69" speed="27.68"/>
            </lane>
            <lane id="left_1"/>
        </edge>
        <edge id="right">
            <lane id="right_0">
                <vehicle id="cfm-slow_3" pos="5.11" speed="27.62"/>
                <vehicle id="cfm-slow_4" pos="27.67" speed="26.58"/>
                <vehicle id="cfm-slow_5" pos="49.16" speed="25.54"/>
            </lane>
            <lane id="right_1"/>
        </edge>
        <edge id="top">
            <lane id="top_0">
                <vehicle id="cfm-fast_0" pos="19.61" speed="24.88"/>
                <vehicle id="cfm-fast_2" pos="35.43" speed="24.86"/>
            </lane>
            <lane id="top_1">
                <vehicle id="cfm-fast_5" pos="32.58" speed="108.14"/>
            </lane>
        </edge>
    </timestep>
    <timestep time="9.14">
        <edge id="bottom">
            <lane id="bottom_0">
                <vehicle id="cfm-slow_1" pos="8.76" speed="28.30"/>
                <vehicle id="cfm-slow_2" pos="32.13" speed="28.26"/>
            </lane>
            <lane id="bottom_1">
                <vehicle id="cfm-fast_1" pos="37.51" speed="104.30"/>
            </lane>
        </edge>
        <edge id="left">
            <lane id="left_0">
                <vehicle id="cfm-fast_3" pos="1.56" speed="25.55"/>
                <vehicle id="cfm-fast_4" pos="18.19" speed="26.65"/>
                <vehicle id="cfm-slow_0" pos="35.97" speed="27.69"/>
            </lane>
            <lane id="left_1"/>
        </edge>
        <edge id="right">
            <lane id="right_0">
                <vehicle id="cfm-slow_3" pos="5.38" speed="27.61"/>
                <vehicle id="cfm-slow_4" pos="27.93" speed="26.57"/>
                <vehicle id="cfm-slow_5" pos="49.41" speed="25.53"/>
            </lane>
            <lane id="right_1"/>
        </edge>
        <edge id="top">
            <lane id="top_0">
                <vehicle id="cfm-fast_0" pos="19.85" speed="24.87"/>
                <vehicle id="cfm-fast_2" pos="35.68" speed="24.87"/>
            </lane>
            <lane id="top_1">
                <vehicle id="cfm-fast_5" pos="33.66" speed="108.15"/>
            </lane>
        </edge>
    </timestep>
    <timestep time="9.15">
        <edge id="bottom">
            <lane id="bottom_0">
                <vehicle id="cfm-slow_1" pos="9.05" speed="28.30"/>
                <vehicle id="cfm-slow_2" pos="32.41" speed="28.25"/>
            </lane>
            <lane id="bottom_1">
                <vehicle id="cfm-fast_1" pos="38.56" speed="104.34"/>
            </lane>
        </edge>
        <edge id="left">
            <lane id="left_0">
                <vehicle id="cfm-fast_3" pos="1.82" speed="25.57"/>
                <vehicle id="cfm-fast_4" pos="18.46" speed="26.66"/>
                <vehicle id="cfm-slow_0" pos="36.24" speed="27.70"/>
            </lane>
            <lane id="left_1"/>
        </edge>
        <edge id="right">
            <lane id="right_0">
                <vehicle id="cfm-slow_3" pos="5.66" speed="27.60"/>
                <vehicle id="cfm-slow_4" pos="28.20" speed="26.56"/>
                <vehicle id="cfm-slow_5" pos="49.67" speed="25.53"/>
            </lane>
            <lane id="right_1"/>
        </edge>
        <edge id="top">
            <lane id="top_0">
                <vehicle id="cfm-fast_0" pos="20.10" speed="24.87"/>
                <vehicle id="cfm-fast_2" pos="35.93" speed="24.87"/>
            </lane>
            <lane id="top_1">
                <vehicle id="cfm-fast_5" pos="34.75" speed="108.15"/>
            </lane>
        </edge>
    </timestep>
    <timestep time="9.16">
        <edge id="bottom">
            <lane id="bottom_0">
                <vehicle id="cfm-slow_1" pos="9.33" speed="28.30"/>
                <vehicle id="cfm-slow_2" pos="32.69" speed="28.25"/>
            </lane>
            <lane id="bottom_1">
                <vehicle id="cfm-fast_1" pos="39.60" speed="104.38"/>
            </lane>
        </edge>
        <edge id="left">
            <lane id="left_0">
                <vehicle id="cfm-fast_3" pos="2.08" speed="25.58"/>
                <vehicle id="cfm-fast_4" pos="18.73" speed="26.67"/>
                <vehicle id="cfm-slow_0" pos="36.52" speed="27.70"/>
            </lane>
            <lane id="left_1"/>
        </edge>
        <edge id="right">
            <lane id="right_0">
                <vehicle id="cfm-slow_3" pos="5.94" speed="27.59"/>
                <vehicle id="cfm-slow_4" pos="28.46" speed="26.55"/>
                <vehicle id="cfm-slow_5" pos="49.92" speed="25.52"/>
            </lane>
            <lane id="right_1"/>
        </edge>
        <edge id="top">
            <lane id="top_0">
                <vehicle id="cfm-fast_0" pos="20.35" speed="24.87"/>
                <vehicle id="cfm-fast_2" pos="36.18" speed="24.88"/>
            </lane>
            <lane id="top_1">
                <vehicle id="cfm-fast_5" pos="35.83" speed="108.16"/>
            </lane>
        </edge>
    </timestep>
    <timestep time="9.17">
        <edge id="bottom">
            <lane id="bottom_0">
                <vehicle id="cfm-slow_1" pos="9.61" speed="28.30"/>
                <vehicle id="cfm-slow_2" pos="32.97" speed="28.24"/>
            </lane>
            <lane id="bottom_1">
                <vehicle id="cfm-fast_1" pos="40.64" speed="104.42"/>
            </lane>
        </edge>
        <edge id="left">
            <lane id="left_0">
                <vehicle id="cfm-fast_3" pos="2.33" speed="25.59"/>
                <vehicle id="cfm-fast_4" pos="18.99" speed="26.68"/>
                <vehicle id="cfm-slow_0" pos="36.80" speed="27.71"/>
            </lane>
            <lane id="left_1"/>
        </edge>
        <edge id="right">
            <lane id="right_0">
                <vehicle id="cfm-slow_3" pos="6.21" speed="27.58"/>
                <vehicle id="cfm-slow_4" pos="28.73" speed="26.54"/>
            </lane>
            <lane id="right_1"/>
        </edge>
        <edge id="top">
            <lane id="top_0">
                <vehicle id="cfm-slow_5" pos="0.18" speed="25.51"/>
                <vehicle id="cfm-fast_0" pos="20.60" speed="24.87"/>
                <vehicle id="cfm-fast_2" pos="36.43" speed="24.89"/>
            </lane>
            <lane id="top_1">
                <vehicle id="cfm-fast_5" pos="36.91" speed="108.17"/>
            </lane>
        </edge>
    </timestep>
    <timestep time="9.18">
        <edge id="bottom">
            <lane id="bottom_0">
                <vehicle id="cfm-slow_1" pos="9.90" speed="28.30"/>
                <vehicle id="cfm-slow_2" pos="33.26" speed="28.24"/>
            </lane>
            <lane id="bottom_1">
                <vehicle id="cfm-fast_1" pos="41.69" speed="104.47"/>
            </lane>
        </edge>
        <edge id="left">
            <lane id="left_0">
                <vehicle id="cfm-fast_3" pos="2.59" speed="25.60"/>
                <vehicle id="cfm-fast_4" pos="19.26" speed="26.69"/>
                <vehicle id="cfm-slow_0" pos="37.07" speed="27.72"/>
            </lane>
            <lane id="left_1"/>
        </edge>
        <edge id="right">
            <lane id="right_0">
                <vehicle id="cfm-slow_3" pos="6.49" speed="27.57"/>
                <vehicle id="cfm-slow_4" pos="28.99" speed="26.53"/>
            </lane>
            <lane id="right_1"/>
        </edge>
        <edge id="top">
            <lane id="top_0">
                <vehicle id="cfm-slow_5" pos="0.43" speed="25.51"/>
                <vehicle id="cfm-fast_0" pos="20.85" speed="24.87"/>
                <vehicle id="cfm-fast_2" pos="36.68" speed="24.89"/>
            </lane>
            <lane id="top_1">
                <vehicle id="cfm-fast_5" pos="37.99" speed="108.18"/>
            </lane>
        </edge>
    </timestep>
    <timestep time="9.19">
        <edge id="bottom">
            <lane id="bottom_0">
                <vehicle id="cfm-slow_1" pos="10.18" speed="28.30"/>
                <vehicle id="cfm-slow_2" pos="33.54" speed="28.23"/>
            </lane>
            <lane id="bottom_1">
                <vehicle id="cfm-fast_1" pos="42.73" speed="104.51"/>
            </lane>
        </edge>
        <edge id="left">
            <lane id="left_0">
                <vehicle id="cfm-fast_3" pos="2.84" speed="25.61"/>
                <vehicle id="cfm-fast_4" pos="19.53" speed="26.70"/>
                <vehicle id="cfm-slow_0" pos="37.35" speed="27.72"/>
            </lane>
            <lane id="left_1"/>
        </edge>
        <edge id="right">
            <lane id="right_0">
                <vehicle id="cfm-slow_3" pos="6.76" speed="27.56"/>
                <vehicle id="cfm-slow_4" pos="29.26" speed="26.52"/>
            </lane>
            <lane id="right_1"/>
        </edge>
        <edge id="top">
            <lane id="top_0">
                <vehicle id="cfm-slow_5" pos="0.69" speed="25.50"/>
                <vehicle id="cfm-fast_0" pos="21.10" speed="24.87"/>
                <vehicle id="cfm-fast_2" pos="36.93" speed="24.90"/>
            </lane>
            <lane id="top_1">
                <vehicle id="cfm-fast_5" pos="39.07" speed="108.18"/>
            </lane>
        </edge>
    </timestep>
    <timestep time="9.20">
        <edge id="bottom">
            <lane id="bottom_0">
                <vehicle id="cfm-slow_1" pos="10.46" speed="28.30"/>
                <vehicle id="cfm-slow_2" pos="33.82" speed="28.22"/>
            </lane>
            <lane id="bottom_1">
                <vehicle id="cfm-fast_1" pos="43.78" speed="104.55"/>
            </lane>
        </edge>
        <edge id="left">
            <lane id="left_0">
                <vehicle id="cfm-fast_3" pos="3.10" speed="25.62"/>
                <vehicle id="cfm-fast_4" pos="19.79" speed="26.71"/>
                <vehicle id="cfm-slow_0" pos="37.63" speed="27.73"/>
            </lane>
            <lane id="left_1"/>
        </edge>
        <edge id="right">
            <lane id="right_0">
                <vehicle id="cfm-slow_3" pos="7.04" speed="27.55"/>
                <vehicle id="cfm-slow_4" pos="29.52" speed="26.51"/>
            </lane>
            <lane id="right_1"/>
        </edge>
        <edge id="top">
            <lane id="top_0">
                <vehicle id="cfm-slow_5" pos="0.94" speed="25.49"/>
                <vehicle id="cfm-fast_0" pos="21.35" speed="24.87"/>
                <vehicle id="cfm-fast_2" pos="37.18" speed="24.91"/>
            </lane>
            <lane id="top_1">
                <vehicle id="cfm-fast_5" pos="40.15" speed="108.19"/>
            </lane>
        </edge>
    </timestep>
    <timestep time="9.21">
        <edge id="bottom">
            <lane id="bottom_0">
                <vehicle id="cfm-slow_1" pos="10.75" speed="28.30"/>
                <vehicle id="cfm-slow_2" pos="34.10" speed="28.22"/>
            </lane>
            <lane id="bottom_1">
                <vehicle id="cfm-fast_1" pos="44.83" speed="104.59"/>
            </lane>
        </edge>
        <edge id="left">
            <lane id="left_0">
                <vehicle id="cfm-fast_3" pos="3.36" speed="25.63"/>
                <vehicle id="cfm-fast_4" pos="20.06" speed="26.72"/>
                <vehicle id="cfm-slow_0" pos="37.91" speed="27.73"/>
            </lane>
            <lane id="left_1"/>
        </edge>
        <edge id="right">
            <lane id="right_0">
                <vehicle id="cfm-slow_3" pos="7.31" speed="27.54"/>
                <vehicle id="cfm-slow_4" pos="29.79" speed="26.50"/>
            </lane>
            <lane id="right_1"/>
        </edge>
        <edge id="top">
            <lane id="top_0">
                <vehicle id="cfm-slow_5" pos="1.20" speed="25.49"/>
                <vehicle id="cfm-fast_0" pos="21.60" speed="24.87"/>
                <vehicle id="cfm-fast_2" pos="37.42" speed="24.91"/>
            </lane>
            <lane id="top_1">
                <vehicle id="cfm-fast_5" pos="41.24" speed="108.20"/>
            </lane>
        </edge>
    </timestep>
    <timestep time="9.22">
        <edge id="bottom">
            <lane id="bottom_0">
                <vehicle id="cfm-slow_1" pos="11.03" speed="28.30"/>
                <vehicle id="cfm-slow_2" pos="34.38" speed="28.21"/>
            </lane>
            <lane id="bottom_1">
                <vehicle id="cfm-fast_1" pos="45.87" speed="104.63"/>
            </lane>
        </edge>
        <edge id="left">
            <lane id="left_0">
                <vehicle id="cfm-fast_3" pos="3.61" speed="25.64"/>
                <vehicle id="cfm-fast_4" pos="20.33" speed="26.73"/>
                <vehicle id="cfm-slow_0" pos="38.18" speed="27.74"/>
            </lane>
            <lane id="left_1"/>
        </edge>
        <edge id="right">
            <lane id="right_0">
                <vehicle id="cfm-slow_3" pos="7.59" speed="27.53"/>
                <vehicle id="cfm-slow_4" pos="30.05" speed="26.49"/>
            </lane>
            <lane id="right_1"/>
        </edge>
        <edge id="top">
            <lane id="top_0">
                <vehicle id="cfm-slow_5" pos="1.45" speed="25.48"/>
                <vehicle id="cfm-fast_0" pos="21.84" speed="24.87"/>
                <vehicle id="cfm-fast_2" pos="37.67" speed="24.92"/>
            </lane>
            <lane id="top_1">
                <vehicle id="cfm-fast_5" pos="42.32" speed="108.21"/>
            </lane>
        </edge>
    </timestep>
    <timestep time="9.23">
        <edge id="bottom">
            <lane id="bottom_0">
                <vehicle id="cfm-slow_1" pos="11.31" speed="28.30"/>
                <vehicle id="cfm-slow_2" pos="34.67" speed="28.20"/>
            </lane>
            <lane id="bottom_1">
                <vehicle id="cfm-fast_1" pos="46.92" speed="104.67"/>
            </lane>
        </edge>
        <edge id="left">
            <lane id="left_0">
                <vehicle id="cfm-fast_3" pos="3.87" speed="25.65"/>
                <vehicle id="cfm-fast_4" pos="20.60" speed="26.74"/>
                <vehicle id="cfm-slow_0" pos="38.46" speed="27.75"/>
            </lane>
            <lane id="left_1"/>
        </edge>
        <edge id="right">
            <lane id="right_0">
                <vehicle id="cfm-slow_3" pos="7.86" speed="27.52"/>
                <vehicle id="cfm-slow_4" pos="30.32" speed="26.48"/>
            </lane>
            <lane id="right_1"/>
        </edge>
        <edge id="top">
            <lane id="top_0">
                <vehicle id="cfm-slow_5" pos="1.71" speed="25.47"/>
                <vehicle id="cfm-fast_0" pos="22.09" speed="24.87"/>
                <vehicle id="cfm-fast_2" pos="37.92" speed="24.93"/>
            </lane>
            <lane id="top_1">
                <vehicle id="cfm-fast_5" pos="43.40" speed="108.21"/>
            </lane>
        </edge>
    </timestep>
    <timestep time="9.24">
        <edge id="bottom">
            <lane id="bottom_0">
                <vehicle id="cfm-slow_1" pos="11.59" speed="28.30"/>
                <vehicle id="cfm-slow_2" pos="34.95" speed="28.20"/>
            </lane>
            <lane id="bottom_1">
                <vehicle id="cfm-fast_1" pos="47.97" speed="104.71"/>
            </lane>
        </edge>
        <edge id="left">
            <lane id="left_0">
                <vehicle id="cfm-fast_3" pos="4.13" speed="25.66"/>
                <vehicle id="cfm-fast_4" pos="20.86" speed="26.75"/>
                <vehicle id="cfm-slow_0" pos="38.74" speed="27.75"/>
            </lane>
            <lane id="left_1"/>
        </edge>
        <edge id="right">
            <lane id="right_0">
                <vehicle id="cfm-slow_3" pos="8.14" speed="27.51"/>
                <vehicle id="cfm-slow_4" pos="30.58" speed="26.47"/>
            </lane>
            <lane id="right_1"/>
        </edge>
        <edge id="top">
            <lane id="top_0">
                <vehicle id="cfm-slow_5" pos="1.96" speed="25.47"/>
                <vehicle id="cfm-fast_0" pos="22.34" speed="24.87"/>
                <vehicle id="cfm-fast_2" pos="38.17" speed="24.93"/>
            </lane>
            <lane id="top_1">
                <vehicle id="cfm-fast_5" pos="44.48" speed="108.22"/>
            </lane>
        </edge>
    </timestep>
    <timestep time="9.25">
        <edge id="bottom">
            <lane id="bottom_0">
                <vehicle id="cfm-slow_1" pos="11.88" speed="28.30"/>
                <vehicle id="cfm-slow_2" pos="35.23" speed="28.19"/>
            </lane>
            <lane id="bottom_1">
                <vehicle id="cfm-fast_1" pos="49.01" speed="104.75"/>
            </lane>
        </edge>
        <edge id="left">
            <lane id="left_0">
                <vehicle id="cfm-fast_3" pos="4.38" speed="25.67"/>
                <vehicle id="cfm-fast_4" pos="21.13" speed="26.76"/>
                <vehicle id="cfm-slow_0" pos="39.02" speed="27.76"/>
            </lane>
            <lane id="left_1"/>
        </edge>
        <edge id="right">
            <lane id="right_0">
                <vehicle id="cfm-slow_3" pos="8.41" speed="27.50"/>
                <vehicle id="cfm-slow_4" pos="30.85" speed="26.46"/>
            </lane>
            <lane id="right_1"/>
        </edge>
        <edge id="top">
            <lane id="top_0">
                <vehicle id="cfm-slow_5" pos="2.22" speed="25.46"/>
                <vehicle id="cfm-fast_0" pos="22.59" speed="24.87"/>
                <vehicle id="cfm-fast_2" pos="38.42" speed="24.94"/>
            </lane>
            <lane id="top_1">
                <vehicle id="cfm-fast_5" pos="45.57" speed="108.23"/>
            </lane>
        </edge>
    </timestep>
    <timestep time="9.26">
        <edge id="bottom">
            <lane id="bottom_0">
                <vehicle id="cfm-slow_1" pos="12.16" speed="28.30"/>
                <vehicle id="cfm-slow_2" pos="35.51" speed="28.19"/>
            </lane>
            <lane id="bottom_1"/>
        </edge>
        <edge id="left">
            <lane id="left_0">
                <vehicle id="cfm-fast_3" pos="4.64" speed="25.68"/>
                <vehicle id="cfm-fast_4" pos="21.40" speed="26.77"/>
                <vehicle id="cfm-slow_0" pos="39.29" speed="27.76"/>
            </lane>
            <lane id="left_1"/>
        </edge>
        <edge id="right">
            <lane id="right_0">
                <vehicle id="cfm-slow_3" pos="8.69" speed="27.49"/>
                <vehicle id="cfm-slow_4" pos="31.11" speed="26.45"/>
            </lane>
            <lane id="right_1">
                <vehicle id="cfm-fast_1" pos="0.06" speed="104.79"/>
            </lane>
        </edge>
        <edge id="top">
            <lane id="top_0">
                <vehicle id="cfm-slow_5" pos="2.47" speed="25.46"/>
                <vehicle id="cfm-fast_0" pos="22.84" speed="24.87"/>
                <vehicle id="cfm-fast_2" pos="38.67" speed="24.95"/>
            </lane>
            <lane id="top_1">
                <vehicle id="cfm-fast_5" pos="46.65" speed="108.23"/>
            </lane>
        </edge>
    </timestep>
    <timestep time="9.27">
        <edge id="bottom">
            <lane id="bottom_0">
                <vehicle id="cfm-slow_1" pos="12.44" speed="28.30"/>
                <vehicle id="cfm-slow_2" pos="35.79" speed="28.18"/>
            </lane>
            <lane id="bottom_1"/>
        </edge>
        <edge id="left">
            <lane id="left_0">
                <vehicle id="cfm-fast_3" pos="4.90" speed="25.69"/>
                <vehicle id="cfm-fast_4" pos="21.67" speed="26.78"/>
                <vehicle id="cfm-slow_0" pos="39.57" speed="27.77"/>
            </lane>
            <lane id="left_1"/>
        </edge>
        <edge id="right">
            <lane id="right_0">
                <vehicle id="cfm-slow_3" pos="8.96" speed="27.48"/>
                <vehicle id="cfm-slow_4" pos="31.38" speed="26.44"/>
            </lane>
            <lane id="right_1">
                <vehicle id="cfm-fast_1" pos="1.11" speed="104.83"/>
            </lane>
        </edge>
        <edge id="top">
            <lane id="top_0">
                <vehicle id="cfm-slow_5" pos="2.73" speed="25.45"/>
                <vehicle id="cfm-fast_0" pos="23.09" speed="24.87"/>
                <vehicle id="cfm-fast_2" pos="38.92" speed="24.95"/>
            </lane>
            <lane id="top_1">
                <vehicle id="cfm-fast_5" pos="47.73" speed="108.24"/>
            </lane>
        </edge>
    </timestep>
    <timestep time="9.28">
        <edge id="bottom">
            <lane id="bottom_0">
                <vehicle id="cfm-slow_1" pos="12.73" speed="28.30"/>
                <vehicle id="cfm-slow_2" pos="36.08" speed="28.17"/>
            </lane>
            <lane id="bottom_1"/>
        </edge>
        <edge id="left">
            <lane id="left_0">
                <vehicle id="cfm-fast_3" pos="5.15" speed="25.70"/>
                <vehicle id="cfm-fast_4" pos="21.94" speed="26.79"/>
                <vehicle id="cfm-slow_0" pos="39.85" speed="27.78"/>
            </lane>
            <lane id="left_1"/>
        </edge>
        <edge id="right">
            <lane id="right_0">
                <vehicle id="cfm-slow_3" pos="9.24" speed="27.47"/>
                <vehicle id="cfm-slow_4" pos="31.64" speed="26.43"/>
            </lane>
            <lane id="right_1">
                <vehicle id="cfm-fast_1" pos="2.16" speed="104.86"/>
            </lane>
        </edge>
        <edge id="top">
            <lane id="top_0">
                <vehicle id="cfm-slow_5" pos="2.98" speed="25.44"/>
                <vehicle id="cfm-fast_0" pos="23.34" speed="24.87"/>
                <vehicle id="cfm-fast_2" pos="39.17" speed="24.96"/>
            </lane>
            <lane id="top_1">
                <vehicle id="cfm-fast_5" pos="48.81" speed="108.25"/>
            </lane>
        </edge>
    </timestep>
    <timestep time="9.29">
        <edge id="bottom">
            <lane id="bottom_0">
                <vehicle id="cfm-slow_1" pos="13.01" speed="28.30"/>
                <vehicle id="cfm-slow_2" pos="36.36" speed="28.17"/>
            </lane>
            <lane id="bottom_1"/>
        </edge>
        <edge id="left">
            <lane id="left_0">
                <vehicle id="cfm-fast_3" pos="5.41" speed="25.71"/>
                <vehicle id="cfm-fast_4" pos="22.20" speed="26.80"/>
                <vehicle id="cfm-slow_0" pos="40.13" speed="27.78"/>
            </lane>
            <lane id="left_1"/>
        </edge>
        <edge id="right">
            <lane id="right_0">
                <vehicle id="cfm-slow_3" pos="9.51" speed="27.46"/>
                <vehicle id="cfm-slow_4" pos="31.91" speed="26.42"/>
            </lane>
            <lane id="right_1">
                <vehicle id="cfm-fast_1" pos="3.21" speed="104.90"/>
            </lane>
        </edge>
        <edge id="top">
            <lane id="top_0">
                <vehicle id="cfm-slow_5" pos="3.24" speed="25.44"/>
                <vehicle id="cfm-fast_0" pos="23.59" speed="24.87"/>
                <vehicle id="cfm-fast_2" pos="39.42" speed="24.97"/>
            </lane>
            <lane id="top_1">
                <vehicle id="cfm-fast_5" pos="49.89" speed="108.25"/>
            </lane>
        </edge>
    </timestep>
    <timestep time="9.30">
        <edge id="bottom">
            <lane id="bottom_0">
                <vehicle id="cfm-slow_1" pos="13.29" speed="28.29"/>
                <vehicle id="cfm-slow_2" pos="36.64" speed="28.16"/>
            </lane>
            <lane id="bottom_1"/>
        </edge>
        <edge id="left">
            <lane id="left_0">
                <vehicle id="cfm-fast_3" pos="5.67" speed="25.72"/>
                <vehicle id="cfm-fast_4" pos="22.47" speed="26.81"/>
                <vehicle id="cfm-slow_0" pos="40.40" speed="27.79"/>
            </lane>
            <lane id="left_1">
                <vehicle id="cfm-fast_5" pos="0.98" speed="108.26"/>
            </lane>
        </edge>
        <edge id="right">
            <lane id="right_0">
                <vehicle id="cfm-slow_3" pos="9.79" speed="27.45"/>
                <vehicle id="cfm-slow_4" pos="32.17" speed="26.41"/>
            </lane>
            <lane id="right_1">
                <vehicle id="cfm-fast_1" pos="4.26" speed="104.94"/>
            </lane>
        </edge>
        <edge id="top">
            <lane id="top_0">
                <vehicle id="cfm-slow_5" pos="3.49" speed="25.43"/>
                <vehicle id="cfm-fast_0" pos="23.83" speed="24.87"/>
                <vehicle id="cfm-fast_2" pos="39.67" speed="24.97"/>
            </lane>
            <lane id="top_1"/>
        </edge>
    </timestep>
    <timestep time="9.31">
        <edge id="bottom">
            <lane id="bottom_0">
                <vehicle id="cfm-slow_1" pos="13.58" speed="28.29"/>
                <vehicle id="cfm-slow_2" pos="36.92" speed="28.15"/>
            </lane>
            <lane id="bottom_1"/>
        </edge>
        <edge id="left">
            <lane id="left_0">
                <vehicle id="cfm-fast_3" pos="5.92" speed="25.74"/>
                <vehicle id="cfm-fast_4" pos="22.74" speed="26.82"/>
                <vehicle id="cfm-slow_0" pos="40.68" speed="27.79"/>
            </lane>
            <lane id="left_1">
                <vehicle id="cfm-fast_5" pos="2.06" speed="108.27"/>
            </lane>
        </edge>
        <edge id="right">
            <lane id="right_0">
                <vehicle id="cfm-slow_3" pos="10.06" speed="27.44"/>
                <vehicle id="cfm-slow_4" pos="32.43" speed="26.40"/>
            </lane>
            <lane id="right_1">
                <vehicle id="cfm-fast_1" pos="5.31" speed="104.98"/>
            </lane>
        </edge>
        <edge id="top">
            <lane id="top_0">
                <vehicle id="cfm-slow_5" pos="3.74" speed="25.43"/>
                <vehicle id="cfm-fast_0" pos="24.08" speed="24.88"/>
                <vehicle id="cfm-fast_2" pos="39.92" speed="24.98"/>
            </lane>
            <lane id="top_1"/>
        </edge>
    </timestep>
    <timestep time="9.32">
        <edge id="bottom">
            <lane id="bottom_0">
                <vehicle id="cfm-slow_1" pos="13.86" speed="28.29"/>
                <vehicle id="cfm-slow_2" pos="37.20" speed="28.15"/>
            </lane>
            <lane id="bottom_1"/>
        </edge>
        <edge id="left">
            <lane id="left_0">
                <vehicle id="cfm-fast_3" pos="6.18" speed="25.75"/>
                <vehicle id="cfm-fast_4" pos="23.01" speed="26.83"/>
                <vehicle id="cfm-slow_0" pos="40.96" speed="27.80"/>
            </lane>
            <lane id="left_1">
                <vehicle id="cfm-fast_5" pos="3.14" speed="108.27"/>
            </lane>
        </edge>
        <edge id="right">
            <lane id="right_0">
                <vehicle id="cfm-slow_3" pos="10.34" speed="27.43"/>
                <vehicle id="cfm-slow_4" pos="32.70" speed="26.39"/>
            </lane>
            <lane id="right_1">
                <vehicle id="cfm-fast_1" pos="6.36" speed="105.01"/>
            </lane>
        </edge>
        <edge id="top">
            <lane id="top_0">
                <vehicle id="cfm-slow_5" pos="4.00" speed="25.42"/>
                <vehicle id="cfm-fast_0" pos="24.33" speed="24.88"/>
                <vehicle id="cfm-fast_2" pos="40.17" speed="24.99"/>
            </lane>
            <lane id="top_1"/>
        </edge>
    </timestep>
    <timestep time="9.33">
        <edge id="bottom">
            <lane id="bottom_0">
                <vehicle id="cfm-slow_1" pos="14.14" speed="28.29"/>
                <vehicle id="cfm-slow_2" pos="37.48" speed="28.14"/>
            </lane>
            <lane id="bottom_1"/>
        </edge>
        <edge id="left">
            <lane id="left_0">
                <vehicle id="cfm-fast_3" pos="6.44" speed="25.76"/>
                <vehicle id="cfm-fast_4" pos="23.28" speed="26.84"/>
                <vehicle id="cfm-slow_0" pos="41.24" speed="27.80"/>
            </lane>
            <lane id="left_1">
                <vehicle id="cfm-fast_5" pos="4.23" speed="108.28"/>
            </lane>
        </edge>
        <edge id="right">
            <lane id="right_0">
                <vehicle id="cfm-slow_3" pos="10.61" speed="27.42"/>
                <vehicle id="cfm-slow_4" pos="32.96" speed="26.38"/>
            </lane>
            <lane id="right_1">
                <vehicle id="cfm-fast_1" pos="7.41" speed="105.05"/>
            </lane>
        </edge>
        <edge id="top">
            <lane id="top_0">
                <vehicle id="cfm-slow_5" pos="4.25" speed="25.41"/>
                <vehicle id="cfm-fast_0" pos="24.58" speed="24.88"/>
                <vehicle id="cfm-fast_2" pos="40.42" speed="25.00"/>
            </lane>
            <lane id="top_1"/>
        </edge>
    </timestep>
    <timestep time="9.34">
        <edge id="bottom">
            <lane id="bottom_0">
                <vehicle id="cfm-slow_1" pos="14.42" speed="28.29"/>
                <vehicle id="cfm-slow_2" pos="37.76" speed="28.13"/>
            </lane>
            <lane id="bottom_1"/>
        </edge>
        <edge id="left">
            <lane id="left_0">
                <vehicle id="cfm-fast_3" pos="6.70" speed="25.77"/>
                <vehicle id="cfm-fast_4" pos="23.55" speed="26.85"/>
                <vehicle id="cfm-slow_0" pos="41.52" speed="27.81"/>
            </lane>
            <lane id="left_1">
                <vehicle id="cfm-fast_5" pos="5.31" speed="108.28"/>
            </lane>
        </edge>
        <edge id="right">
            <lane id="right_0">
                <vehicle id="cfm-slow_3" pos="10.88" speed="27.41"/>
                <vehicle id="cfm-slow_4" pos="33.23" speed="26.37"/>
            </lane>
            <lane id="right_1">
                <vehicle id="cfm-fast_1" pos="8.46" speed="105.09"/>
            </lane>
        </edge>
        <edge id="top">
            <lane id="top_0">
                <vehicle id="cfm-slow_5" pos="4.51" speed="25.41"/>
                <vehicle id="cfm-fast_0" pos="24.83" speed="24.88"/>
                <vehicle id="cfm-fast_2" pos="40.67" speed="25.00"/>
            </lane>
            <lane id="top_1"/>
        </edge>
    </timestep>
    <timestep time="9.35">
        <edge id="bottom">
            <lane id="bottom_0">
                <vehicle id="cfm-slow_1" pos="14.71" speed="28.29"/>
                <vehicle id="cfm-slow_2" pos="38.05" speed="28.13"/>
            </lane>
            <lane id="bottom_1"/>
        </edge>
        <edge id="left">
            <lane id="left_0">
                <vehicle id="cfm-fast_3" pos="6.96" speed="25.78"/>
                <vehicle id="cfm-fast_4" pos="23.81" speed="26.86"/>
                <vehicle id="cfm-slow_0" pos="41.79" speed="27.81"/>
            </lane>
            <lane id="left_1">
                <vehicle id="cfm-fast_5" pos="6.39" speed="108.29"/>
            </lane>
        </edge>
        <edge id="right">
            <lane id="right_0">
                <vehicle id="cfm-slow_3" pos="11.16" speed="27.40"/>
                <vehicle id="cfm-slow_4" pos="33.49" speed="26.36"/>
            </lane>
            <lane id="right_1">
                <vehicle id="cfm-fast_1" pos="9.51" speed="105.12"/>
            </lane>
        </edge>
        <edge id="top">
            <lane id="top_0">
                <vehicle id="cfm-slow_5" pos="4.76" speed="25.40"/>
                <vehicle id="cfm-fast_0" pos="25.08" speed="24.88"/>
                <vehicle id="cfm-fast_2" pos="40.92" speed="25.01"/>
            </lane>
            <lane id="top_1"/>
        </edge>
    </timestep>
    <timestep time="9.36">
        <edge id="bottom">
            <lane id="bottom_0">
                <vehicle id="cfm-slow_1" pos="14.99" speed="28.29"/>
                <vehicle id="cfm-slow_2" pos="38.33" speed="28.12"/>
            </lane>
            <lane id="bottom_1"/>
        </edge>
        <edge id="left">
            <lane id="left_0">
                <vehicle id="cfm-fast_3" pos="7.21" speed="25.79"/>
                <vehicle id="cfm-fast_4" pos="24.08" speed="26.87"/>
                <vehicle id="cfm-slow_0" pos="42.07" speed="27.82"/>
            </lane>
            <lane id="left_1">
                <vehicle id="cfm-fast_5" pos="7.47" speed="108.30"/>
            </lane>
        </edge>
        <edge id="right">
            <lane id="right_0">
                <vehicle id="cfm-slow_3" pos="11.43" speed="27.39"/>
                <vehicle id="cfm-slow_4" pos="33.75" speed="26.36"/>
            </lane>
            <lane id="right_1">
                <vehicle id="cfm-fast_1" pos="10.56" speed="105.16"/>
            </lane>
        </edge>
        <edge id="top">
            <lane id="top_0">
                <vehicle id="cfm-slow_5" pos="5.01" speed="25.40"/>
                <vehicle id="cfm-fast_0" pos="25.33" speed="24.88"/>
                <vehicle id="cfm-fast_2" pos="41.17" speed="25.02"/>
            </lane>
            <lane id="top_1"/>
        </edge>
    </timestep>
    <timestep time="9.37">
        <edge id="bottom">
            <lane id="bottom_0">
                <vehicle id="cfm-slow_1" pos="15.27" speed="28.29"/>
                <vehicle id="cfm-slow_2" pos="38.61" speed="28.11"/>
            </lane>
            <lane id="bottom_1"/>
        </edge>
        <edge id="left">
            <lane id="left_0">
                <vehicle id="cfm-fast_3" pos="7.47" speed="25.80"/>
                <vehicle id="cfm-fast_4" pos="24.35" speed="26.88"/>
                <vehicle id="cfm-slow_0" pos="42.35" speed="27.82"/>
            </lane>
            <lane id="left_1">
                <vehicle id="cfm-fast_5" pos="8.56" speed="108.30"/>
            </lane>
        </edge>
        <edge id="right">
            <lane id="right_0">
                <vehicle id="cfm-slow_3" pos="11.71" speed="27.38"/>
                <vehicle id="cfm-slow_4" pos="34.02" speed="26.35"/>
            </lane>
            <lane id="right_1">
                <vehicle id="cfm-fast_1" pos="11.61" speed="105.19"/>
            </lane>
        </edge>
        <edge id="top">
            <lane id="top_0">
                <vehicle id="cfm-slow_5" pos="5.27" speed="25.39"/>
                <vehicle id="cfm-fast_0" pos="25.58" speed="24.88"/>
                <vehicle id="cfm-fast_2" pos="41.42" speed="25.02"/>
            </lane>
            <lane id="top_1"/>
        </edge>
    </timestep>
    <timestep time="9.38">
        <edge id="bottom">
            <lane id="bottom_0">
                <vehicle id="cfm-slow_1" pos="15.56" speed="28.29"/>
                <vehicle id="cfm-slow_2" pos="38.89" speed="28.11"/>
            </lane>
            <lane id="bottom_1"/>
        </edge>
        <edge id="left">
            <lane id="left_0">
                <vehicle id="cfm-fast_3" pos="7.73" speed="25.81"/>
                <vehicle id="cfm-fast_4" pos="24.62" speed="26.89"/>
                <vehicle id="cfm-slow_0" pos="42.63" speed="27.83"/>
            </lane>
            <lane id="left_1">
                <vehicle id="cfm-fast_5" pos="9.64" speed="108.31"/>
            </lane>
        </edge>
        <edge id="right">
            <lane id="right_0">
                <vehicle id="cfm-slow_3" pos="11.98" speed="27.37"/>
                <vehicle id="cfm-slow_4" pos="34.28" speed="26.34"/>
            </lane>
            <lane id="right_1">
                <vehicle id="cfm-fast_1" pos="12.66" speed="105.23"/>
            </lane>
        </edge>
        <edge id="top">
            <lane id="top_0">
                <vehicle id="cfm-slow_5" pos="5.52" speed="25.39"/>
                <vehicle id="cfm-fast_0" pos="25.82" speed="24.88"/>
                <vehicle id="cfm-fast_2" pos="41.67" speed="25.03"/>
            </lane>
            <lane id="top_1"/>
        </edge>
    </timestep>
    <timestep time="9.39">
        <edge id="bottom">
            <lane id="bottom_0">
                <vehicle id="cfm-slow_1" pos="15.84" speed="28.29"/>
                <vehicle id="cfm-slow_2" pos="39.17" speed="28.10"/>
            </lane>
            <lane id="bottom_1"/>
        </edge>
        <edge id="left">
            <lane id="left_0">
                <vehicle id="cfm-fast_3" pos="7.99" speed="25.82"/>
                <vehicle id="cfm-fast_4" pos="24.89" speed="26.90"/>
                <vehicle id="cfm-slow_0" pos="42.91" speed="27.83"/>
            </lane>
            <lane id="left_1">
                <vehicle id="cfm-fast_5" pos="10.72" speed="108.31"/>
            </lane>
        </edge>
        <edge id="right">
            <lane id="right_0">
                <vehicle id="cfm-slow_3" pos="12.25" speed="27.36"/>
                <vehicle id="cfm-slow_4" pos="34.54" speed="26.33"/>
            </lane>
            <lane id="right_1">
                <vehicle id="cfm-fast_1" pos="13.72" speed="105.26"/>
            </lane>
        </edge>
        <edge id="top">
            <lane id="top_0">
                <vehicle id="cfm-slow_5" pos="5.78" speed="25.38"/>
                <vehicle id="cfm-fast_0" pos="26.07" speed="24.88"/>
                <vehicle id="cfm-fast_2" pos="41.92" speed="25.04"/>
            </lane>
            <lane id="top_1"/>
        </edge>
    </timestep>
    <timestep time="9.40">
        <edge id="bottom">
            <lane id="bottom_0">
                <vehicle id="cfm-slow_1" pos="16.12" speed="28.28"/>
                <vehicle id="cfm-slow_2" pos="39.45" speed="28.09"/>
            </lane>
            <lane id="bottom_1"/>
        </edge>
        <edge id="left">
            <lane id="left_0">
                <vehicle id="cfm-fast_3" pos="8.25" speed="25.83"/>
                <vehicle id="cfm-fast_4" pos="25.16" speed="26.91"/>
                <vehicle id="cfm-slow_0" pos="43.19" speed="27.84"/>
            </lane>
            <lane id="left_1">
                <vehicle id="cfm-fast_5" pos="11.81" speed="108.32"/>
            </lane>
        </edge>
        <edge id="right">
            <lane id="right_0">
                <vehicle id="cfm-slow_3" pos="12.53" speed="27.35"/>
                <vehicle id="cfm-slow_4" pos="34.81" speed="26.32"/>
            </lane>
            <lane id="right_1">
                <vehicle id="cfm-fast_1" pos="14.77" speed="105.30"/>
            </lane>
        </edge>
        <edge id="top">
            <lane id="top_0">
                <vehicle id="cfm-slow_5" pos="6.03" speed="25.38"/>
                <vehicle id="cfm-fast_0" pos="26.32" speed="24.88"/>
                <vehicle id="cfm-fast_2" pos="42.17" speed="25.05"/>
            </lane>
            <lane id="top_1"/>
        </edge>
    </timestep>
    <timestep time="9.41">
        <edge id="bottom">
            <lane id="bottom_0">
                <vehicle id="cfm-slow_1" pos="16.40" speed="28.28"/>
                <vehicle id="cfm-slow_2" pos="39.73" speed="28.09"/>
            </lane>
            <lane id="bottom_1"/>
        </edge>
        <edge id="left">
            <lane id="left_0">
                <vehicle id="cfm-fast_3" pos="8.50" speed="25.84"/>
                <vehicle id="cfm-fast_4" pos="25.43" speed="26.92"/>
                <vehicle id="cfm-slow_0" pos="43.46" speed="27.84"/>
            </lane>
            <lane id="left_1">
                <vehicle id="cfm-fast_5" pos="12.89" speed="108.33"/>
            </lane>
        </edge>
        <edge id="right">
            <lane id="right_0">
                <vehicle id="cfm-slow_3" pos="12.80" speed="27.34"/>
                <vehicle id="cfm-slow_4" pos="35.07" speed="26.31"/>
            </lane>
            <lane id="right_1">
                <vehicle id="cfm-fast_1" pos="15.82" speed="105.33"/>
            </lane>
        </edge>
        <edge id="top">
            <lane id="top_0">
                <vehicle id="cfm-slow_5" pos="6.28" speed="25.37"/>
                <vehicle id="cfm-fast_0" pos="26.57" speed="24.88"/>
                <vehicle id="cfm-fast_2" pos="42.42" speed="25.05"/>
            </lane>
            <lane id="top_1"/>
        </edge>
    </timestep>
    <timestep time="9.42">
        <edge id="bottom">
            <lane id="bottom_0">
                <vehicle id="cfm-slow_1" pos="16.69" speed="28.28"/>
                <vehicle id="cfm-slow_2" pos="40.01" speed="28.08"/>
            </lane>
            <lane id="bottom_1"/>
        </edge>
        <edge id="left">
            <lane id="left_0">
                <vehicle id="cfm-fast_3" pos="8.76" speed="25.85"/>
                <vehicle id="cfm-fast_4" pos="25.70" speed="26.93"/>
                <vehicle id="cfm-slow_0" pos="43.74" speed="27.85"/>
            </lane>
            <lane id="left_1">
                <vehicle id="cfm-fast_5" pos="13.97" speed="108.33"/>
            </lane>
        </edge>
        <edge id="right">
            <lane id="right_0">
                <vehicle id="cfm-slow_3" pos="13.07" speed="27.33"/>
                <vehicle id="cfm-slow_4" pos="35.33" speed="26.30"/>
            </lane>
            <lane id="right_1">
                <vehicle id="cfm-fast_1" pos="16.88" speed="105.37"/>
            </lane>
        </edge>
        <edge id="top">
            <lane id="top_0">
                <vehicle id="cfm-slow_5" pos="6.54" speed="25.37"/>
                <vehicle id="cfm-fast_0" pos="26.82" speed="24.89"/>
                <vehicle id="cfm-fast_2" pos="42.67" speed="25.06"/>
            </lane>
            <lane id="top_1"/>
        </edge>
    </timestep>
    <timestep time="9.43">
        <edge id="bottom">
            <lane id="bottom_0">
                <vehicle id="cfm-slow_1" pos="16.97" speed="28.28"/>
                <vehicle id="cfm-slow_2" pos="40.29" speed="28.07"/>
            </lane>
            <lane id="bottom_1"/>
        </edge>
        <edge id="left">
            <lane id="left_0">
                <vehicle id="cfm-fast_3" pos="9.02" speed="25.86"/>
                <vehicle id="cfm-fast_4" pos="25.97" speed="26.94"/>
                <vehicle id="cfm-slow_0" pos="44.02" speed="27.85"/>
            </lane>
            <lane id="left_1">
                <vehicle id="cfm-fast_5" pos="15.06" speed="108.34"/>
            </lane>
        </edge>
        <edge id="right">
            <lane id="right_0">
                <vehicle id="cfm-slow_3" pos="13.35" speed="27.32"/>
                <vehicle id="cfm-slow_4" pos="35.59" speed="26.29"/>
            </lane>
            <lane id="right_1">
                <vehicle id="cfm-fast_1" pos="17.93" speed="105.40"/>
            </lane>
        </edge>
        <edge id="top">
            <lane id="top_0">
                <vehicle id="cfm-slow_5" pos="6.79" speed="25.36"/>
                <vehicle id="cfm-fast_0" pos="27.07" speed="24.89"/>
                <vehicle id="cfm-fast_2" pos="42.92" speed="25.07"/>
            </lane>
            <lane id="top_1"/>
        </edge>
    </timestep>
    <timestep time="9.44">
        <edge id="bottom">
            <lane id="bottom_0">
                <vehicle id="cfm-slow_1" pos="17.25" speed="28.28"/>
                <vehicle id="cfm-slow_2" pos="40.57" speed="28.06"/>
            </lane>
            <lane id="bottom_1"/>
        </edge>
        <edge id="left">
            <lane id="left_0">
                <vehicle id="cfm-fast_3" pos="9.28" speed="25.87"/>
                <vehicle id="cfm-fast_4" pos="26.24" speed="26.95"/>
                <vehicle id="cfm-slow_0" pos="44.30" speed="27.86"/>
            </lane>
            <lane id="left_1">
                <vehicle id="cfm-fast_5" pos="16.14" speed="108.34"/>
            </lane>
        </edge>
        <edge id="right">
            <lane id="right_0">
                <vehicle id="cfm-slow_3" pos="13.62" speed="27.31"/>
                <vehicle id="cfm-slow_4" pos="35.86" speed="26.28"/>
            </lane>
            <lane id="right_1">
                <vehicle id="cfm-fast_1" pos="18.99" speed="105.43"/>
            </lane>
        </edge>
        <edge id="top">
            <lane id="top_0">
                <vehicle id="cfm-slow_5" pos="7.04" speed="25.36"/>
                <vehicle id="cfm-fast_0" pos="27.32" speed="24.89"/>
                <vehicle id="cfm-fast_2" pos="43.17" speed="25.08"/>
            </lane>
            <lane id="top_1"/>
        </edge>
    </timestep>
    <timestep time="9.45">
        <edge id="bottom">
            <lane id="bottom_0">
                <vehicle id="cfm-slow_1" pos="17.54" speed="28.28"/>
                <vehicle id="cfm-slow_2" pos="40.85" speed="28.06"/>
            </lane>
            <lane id="bottom_1"/>
        </edge>
        <edge id="left">
            <lane id="left_0">
                <vehicle id="cfm-fast_3" pos="9.54" speed="25.88"/>
                <vehicle id="cfm-fast_4" pos="26.51" speed="26.96"/>
                <vehicle id="cfm-slow_0" pos="44.58" speed="27.86"/>
            </lane>
            <lane id="left_1">
                <vehicle id="cfm-fast_5" pos="17.22" speed="108.35"/>
            </lane>
        </edge>
        <edge id="right">
            <lane id="right_0">
                <vehicle id="cfm-slow_3" pos="13.89" speed="27.30"/>
                <vehicle id="cfm-slow_4" pos="36.12" speed="26.27"/>
            </lane>
            <lane id="right_1">
                <vehicle id="cfm-fast_1" pos="20.04" speed="105.47"/>
            </lane>
        </edge>
        <edge id="top">
            <lane id="top_0">
                <vehicle id="cfm-slow_5" pos="7.30" speed="25.35"/>
                <vehicle id="cfm-fast_0" pos="27.57" speed="24.89"/>
                <vehicle id="cfm-fast_2" pos="43.42" speed="25.08"/>
            </lane>
            <lane id="top_1"/>
        </edge>
    </timestep>
    <timestep time="9.46">
        <edge id="bottom">
            <lane id="bottom_0">
                <vehicle id="cfm-slow_1" pos="17.82" speed="28.28"/>
                <vehicle id="cfm-slow_2" pos="41.13" speed="28.05"/>
            </lane>
            <lane id="bottom_1"/>
        </edge>
        <edge id="left">
            <lane id="left_0">
                <vehicle id="cfm-fast_3" pos="9.80" speed="25.89"/>
                <vehicle id="cfm-fast_4" pos="26.78" speed="26.97"/>
                <vehicle id="cfm-slow_0" pos="44.86" speed="27.87"/>
            </lane>
            <lane id="left_1">
                <vehicle id="cfm-fast_5" pos="18.31" speed="108.35"/>
            </lane>
        </edge>
        <edge id="right">
            <lane id="right_0">
                <vehicle id="cfm-slow_3" pos="14.17" speed="27.29"/>
                <vehicle id="cfm-slow_4" pos="36.38" speed="26.26"/>
            </lane>
            <lane id="right_1">
                <vehicle id="cfm-fast_1" pos="21.09" speed="105.50"/>
            </lane>
        </edge>
        <edge id="top">
            <lane id="top_0">
                <vehicle id="cfm-slow_5" pos="7.55" speed="25.35"/>
                <vehicle id="cfm-fast_0" pos="27.82" speed="24.89"/>
                <vehicle id="cfm-fast_2" pos="43.68" speed="25.09"/>
            </lane>
            <lane id="top_1"/>
        </edge>
    </timestep>
    <timestep time="9.47">
        <edge id="bottom">
            <lane id="bottom_0">
                <vehicle id="cfm-slow_1" pos="18.10" speed="28.27"/>
                <vehicle id="cfm-slow_2" pos="41.42" speed="28.04"/>
            </lane>
            <lane id="bottom_1"/>
        </edge>
        <edge id="left">
            <lane id="left_0">
                <vehicle id="cfm-fast_3" pos="10.06" speed="25.90"/>
                <vehicle id="cfm-fast_4" pos="27.04" speed="26.98"/>
                <vehicle id="cfm-slow_0" pos="45.14" speed="27.87"/>
            </lane>
            <lane id="left_1">
                <vehicle id="cfm-fast_5" pos="19.39" speed="108.36"/>
            </lane>
        </edge>
        <edge id="right">
            <lane id="right_0">
                <vehicle id="cfm-slow_3" pos="14.44" speed="27.28"/>
                <vehicle id="cfm-slow_4" pos="36.65" speed="26.25"/>
            </lane>
            <lane id="right_1">
                <vehicle id="cfm-fast_1" pos="22.15" speed="105.53"/>
            </lane>
        </edge>
        <edge id="top">
            <lane id="top_0">
                <vehicle id="cfm-slow_5" pos="7.80" speed="25.34"/>
                <vehicle id="cfm-fast_0" pos="28.06" speed="24.89"/>
                <vehicle id="cfm-fast_2" pos="43.93" speed="25.10"/>
            </lane>
            <lane id="top_1"/>
        </edge>
    </timestep>
    <timestep time="9.48">
        <edge id="bottom">
            <lane id="bottom_0">
                <vehicle id="cfm-slow_1" pos="18.38" speed="28.27"/>
                <vehicle id="cfm-slow_2" pos="41.70" speed="28.04"/>
            </lane>
            <lane id="bottom_1"/>
        </edge>
        <edge id="left">
            <lane id="left_0">
                <vehicle id="cfm-fast_3" pos="10.32" speed="25.92"/>
                <vehicle id="cfm-fast_4" pos="27.31" speed="26.99"/>
                <vehicle id="cfm-slow_0" pos="45.41" speed="27.88"/>
            </lane>
            <lane id="left_1">
                <vehicle id="cfm-fast_5" pos="20.47" speed="108.36"/>
            </lane>
        </edge>
        <edge id="right">
            <lane id="right_0">
                <vehicle id="cfm-slow_3" pos="14.71" speed="27.27"/>
                <vehicle id="cfm-slow_4" pos="36.91" speed="26.24"/>
            </lane>
            <lane id="right_1">
                <vehicle id="cfm-fast_1" pos="23.21" speed="105.56"/>
            </lane>
        </edge>
        <edge id="top">
            <lane id="top_0">
                <vehicle id="cfm-slow_5" pos="8.06" speed="25.34"/>
                <vehicle id="cfm-fast_0" pos="28.31" speed="24.89"/>
                <vehicle id="cfm-fast_2" pos="44.18" speed="25.11"/>
            </lane>
            <lane id="top_1"/>
        </edge>
    </timestep>
    <timestep time="9.49">
        <edge id="bottom">
            <lane id="bottom_0">
                <vehicle id="cfm-slow_1" pos="18.67" speed="28.27"/>
                <vehicle id="cfm-slow_2" pos="41.98" speed="28.03"/>
            </lane>
            <lane id="bottom_1"/>
        </edge>
        <edge id="left">
            <lane id="left_0">
                <vehicle id="cfm-fast_3" pos="10.58" speed="25.93"/>
                <vehicle id="cfm-fast_4" pos="27.58" speed="26.99"/>
                <vehicle id="cfm-slow_0" pos="45.69" speed="27.88"/>
            </lane>
            <lane id="left_1">
                <vehicle id="cfm-fast_5" pos="21.56" speed="108.37"/>
            </lane>
        </edge>
        <edge id="right">
            <lane id="right_0">
                <vehicle id="cfm-slow_3" pos="14.98" speed="27.26"/>
                <vehicle id="cfm-slow_4" pos="37.17" speed="26.23"/>
            </lane>
            <lane id="right_1">
                <vehicle id="cfm-fast_1" pos="24.26" speed="105.60"/>
            </lane>
        </edge>
        <edge id="top">
            <lane id="top_0">
                <vehicle id="cfm-slow_5" pos="8.31" speed="25.33"/>
                <vehicle id="cfm-fast_0" pos="28.56" speed="24.90"/>
                <vehicle id="cfm-fast_2" pos="44.43" speed="25.11"/>
            </lane>
            <lane id="top_1"/>
        </edge>
    </timestep>
    <timestep time="9.50">
        <edge id="bottom">
            <lane id="bottom_0">
                <vehicle id="cfm-slow_1" pos="18.95" speed="28.27"/>
                <vehicle id="cfm-slow_2" pos="42.26" speed="28.02"/>
            </lane>
            <lane id="bottom_1"/>
        </edge>
        <edge id="left">
            <lane id="left_0">
                <vehicle id="cfm-fast_3" pos="10.83" speed="25.94"/>
                <vehicle id="cfm-fast_4" pos="27.85" speed="27.00"/>
                <vehicle id="cfm-slow_0" pos="45.97" speed="27.89"/>
            </lane>
            <lane id="left_1">
                <vehicle id="cfm-fast_5" pos="22.64" speed="108.37"/>
            </lane>
        </edge>
        <edge id="right">
            <lane id="right_0">
                <vehicle id="cfm-slow_3" pos="15.26" speed="27.25"/>
                <vehicle id="cfm-slow_4" pos="37.43" speed="26.22"/>
            </lane>
            <lane id="right_1">
                <vehicle id="cfm-fast_1" pos="25.32" speed="105.63"/>
            </lane>
        </edge>
        <edge id="top">
            <lane id="top_0">
                <vehicle id="cfm-slow_5" pos="8.56" speed="25.33"/>
                <vehicle id="cfm-fast_0" pos="28.81" speed="24.90"/>
                <vehicle id="cfm-fast_2" pos="44.68" speed="25.12"/>
            </lane>
            <lane id="top_1"/>
        </edge>
    </timestep>
    <timestep time="9.51">
        <edge id="bottom">
            <lane id="bottom_0">
                <vehicle id="cfm-slow_1" pos="19.23" speed="28.27"/>
                <vehicle id="cfm-slow_2" pos="42.54" speed="28.01"/>
            </lane>
            <lane id="bottom_1"/>
        </edge>
        <edge id="left">
            <lane id="left_0">
                <vehicle id="cfm-fast_3" pos="11.09" speed="25.95"/>
                <vehicle id="cfm-fast_4" pos="28.12" speed="27.01"/>
                <vehicle id="cfm-slow_0" pos="46.25" speed="27.89"/>
            </lane>
            <lane id="left_1">
                <vehicle id="cfm-fast_5" pos="23.73" speed="108.38"/>
            </lane>
        </edge>
        <edge id="right">
            <lane id="right_0">
                <vehicle id="cfm-slow_3" pos="15.53" speed="27.24"/>
                <vehicle id="cfm-slow_4" pos="37.69" speed="26.22"/>
            </lane>
            <lane id="right_1">
                <vehicle id="cfm-fast_1" pos="26.37" speed="105.66"/>
            </lane>
        </edge>
        <edge id="top">
            <lane id="top_0">
                <vehicle id="cfm-slow_5" pos="8.82" speed="25.32"/>
                <vehicle id="cfm-fast_0" pos="29.06" speed="24.90"/>
                <vehicle id="cfm-fast_2" pos="44.93" speed="25.13"/>
            </lane>
            <lane id="top_1"/>
        </edge>
    </timestep>
    <timestep time="9.52">
        <edge id="bottom">
            <lane id="bottom_0">
                <vehicle id="cfm-slow_1" pos="19.51" speed="28.26"/>
                <vehicle id="cfm-slow_2" pos="42.82" speed="28.01"/>
            </lane>
            <lane id="bottom_1"/>
        </edge>
        <edge id="left">
            <lane id="left_0">
                <vehicle id="cfm-fast_3" pos="11.35" speed="25.96"/>
                <vehicle id="cfm-fast_4" pos="28.40" speed="27.02"/>
                <vehicle id="cfm-slow_0" pos="46.53" speed="27.89"/>
            </lane>
            <lane id="left_1">
                <vehicle id="cfm-fast_5" pos="24.81" speed="108.38"/>
            </lane>
        </edge>
        <edge id="right">
            <lane id="right_0">
                <vehicle id="cfm-slow_3" pos="15.80" speed="27.23"/>
                <vehicle id="cfm-slow_4" pos="37.96" speed="26.21"/>
            </lane>
            <lane id="right_1">
                <vehicle id="cfm-fast_1" pos="27.43" speed="105.69"/>
            </lane>
        </edge>
        <edge id="top">
            <lane id="top_0">
                <vehicle id="cfm-slow_5" pos="9.07" speed="25.32"/>
                <vehicle id="cfm-fast_0" pos="29.31" speed="24.90"/>
                <vehicle id="cfm-fast_2" pos="45.18" speed="25.14"/>
            </lane>
            <lane id="top_1"/>
        </edge>
    </timestep>
    <timestep time="9.53">
        <edge id="bottom">
            <lane id="bottom_0">
                <vehicle id="cfm-slow_1" pos="19.80" speed="28.26"/>
                <vehicle id="cfm-slow_2" pos="43.10" speed="28.00"/>
            </lane>
            <lane id="bottom_1"/>
        </edge>
        <edge id="left">
            <lane id="left_0">
                <vehicle id="cfm-fast_3" pos="11.61" speed="25.97"/>
                <vehicle id="cfm-fast_4" pos="28.67" speed="27.03"/>
                <vehicle id="cfm-slow_0" pos="46.81" speed="27.90"/>
            </lane>
            <lane id="left_1">
                <vehicle id="cfm-fast_5" pos="25.89" speed="108.39"/>
            </lane>
        </edge>
        <edge id="right">
            <lane id="right_0">
                <vehicle id="cfm-slow_3" pos="16.07" speed="27.22"/>
                <vehicle id="cfm-slow_4" pos="38.22" speed="26.20"/>
            </lane>
            <lane id="right_1">
                <vehicle id="cfm-fast_1" pos="28.49" speed="105.72"/>
            </lane>
        </edge>
        <edge id="top">
            <lane id="top_0">
                <vehicle id="cfm-slow_5" pos="9.32" speed="25.31"/>
                <vehicle id="cfm-fast_0" pos="29.56" speed="24.90"/>
                <vehicle id="cfm-fast_2" pos="45.43" speed="25.15"/>
            </lane>
            <lane id="top_1"/>
        </edge>
    </timestep>
    <timestep time="9.54">
        <edge id="bottom">
            <lane id="bottom_0">
                <vehicle id="cfm-slow_1" pos="20.08" speed="28.26"/>
                <vehicle id="cfm-slow_2" pos="43.38" speed="27.99"/>
            </lane>
            <lane id="bottom_1"/>
        </edge>
        <edge id="left">
            <lane id="left_0">
                <vehicle id="cfm-fast_3" pos="11.87" speed="25.98"/>
                <vehicle id="cfm-fast_4" pos="28.94" speed="27.04"/>
                <vehicle id="cfm-slow_0" pos="47.09" speed="27.90"/>
            </lane>
            <lane id="left_1">
                <vehicle id="cfm-fast_5" pos="26.98" speed="108.39"/>
            </lane>
        </edge>
        <edge id="right">
            <lane id="right_0">
                <vehicle id="cfm-slow_3" pos="16.34" speed="27.21"/>
                <vehicle id="cfm-slow_4" pos="38.48" speed="26.19"/>
            </lane>
            <lane id="right_1">
                <vehicle id="cfm-fast_1" pos="29.55" speed="105.75"/>
            </lane>
        </edge>
        <edge id="top">
            <lane id="top_0">
                <vehicle id="cfm-slow_5" pos="9.58" speed="25.31"/>
                <vehicle id="cfm-fast_0" pos="29.81" speed="24.91"/>
                <vehicle id="cfm-fast_2" pos="45.69" speed="25.15"/>
            </lane>
            <lane id="top_1"/>
        </edge>
    </timestep>
    <timestep time="9.55">
        <edge id="bottom">
            <lane id="bottom_0">
                <vehicle id="cfm-slow_1" pos="20.36" speed="28.26"/>
                <vehicle id="cfm-slow_2" pos="43.66" speed="27.98"/>
            </lane>
            <lane id="bottom_1"/>
        </edge>
        <edge id="left">
            <lane id="left_0">
                <vehicle id="cfm-fast_3" pos="12.13" speed="25.99"/>
                <vehicle id="cfm-fast_4" pos="29.21" speed="27.05"/>
                <vehicle id="cfm-slow_0" pos="47.37" speed="27.91"/>
            </lane>
            <lane id="left_1">
                <vehicle id="cfm-fast_5" pos="28.06" speed="108.40"/>
            </lane>
        </edge>
        <edge id="right">
            <lane id="right_0">
                <vehicle id="cfm-slow_3" pos="16.62" speed="27.20"/>
                <vehicle id="cfm-slow_4" pos="38.74" speed="26.18"/>
            </lane>
            <lane id="right_1">
                <vehicle id="cfm-fast_1" pos="30.60" speed="105.78"/>
            </lane>
        </edge>
        <edge id="top">
            <lane id="top_0">
                <vehicle id="cfm-slow_5" pos="9.83" speed="25.30"/>
                <vehicle id="cfm-fast_0" pos="30.06" speed="24.91"/>
                <vehicle id="cfm-fast_2" pos="45.94" speed="25.16"/>
            </lane>
            <lane id="top_1"/>
        </edge>
    </timestep>
    <timestep time="9.56">
        <edge id="bottom">
            <lane id="bottom_0">
                <vehicle id="cfm-slow_1" pos="20.64" speed="28.26"/>
                <vehicle id="cfm-slow_2" pos="43.94" speed="27.98"/>
            </lane>
            <lane id="bottom_1"/>
        </edge>
        <edge id="left">
            <lane id="left_0">
                <vehicle id="cfm-fast_3" pos="12.39" speed="26.00"/>
                <vehicle id="cfm-fast_4" pos="29.48" speed="27.06"/>
                <vehicle id="cfm-slow_0" pos="47.65" speed="27.91"/>
            </lane>
            <lane id="left_1">
                <vehicle id="cfm-fast_5" pos="29.15" speed="108.40"/>
            </lane>
        </edge>
        <edge id="right">
            <lane id="right_0">
                <vehicle id="cfm-slow_3" pos="16.89" speed="27.19"/>
                <vehicle id="cfm-slow_4" pos="39.00" speed="26.17"/>
            </lane>
            <lane id="right_1">
                <vehicle id="cfm-fast_1" pos="31.66" speed="105.81"/>
            </lane>
        </edge>
        <edge id="top">
            <lane id="top_0">
                <vehicle id="cfm-slow_5" pos="10.08" speed="25.30"/>
                <vehicle id="cfm-fast_0" pos="30.31" speed="24.91"/>
                <vehicle id="cfm-fast_2" pos="46.19" speed="25.17"/>
            </lane>
            <lane id="top_1"/>
        </edge>
    </timestep>
    <timestep time="9.57">
        <edge id="bottom">
            <lane id="bottom_0">
                <vehicle id="cfm-slow_1" pos="20.93" speed="28.25"/>
                <vehicle id="cfm-slow_2" pos="44.22" speed="27.97"/>
            </lane>
            <lane id="bottom_1"/>
        </edge>
        <edge id="left">
            <lane id="left_0">
                <vehicle id="cfm-fast_3" pos="12.65" speed="26.01"/>
                <vehicle id="cfm-fast_4" pos="29.75" speed="27.07"/>
                <vehicle id="cfm-slow_0" pos="47.93" speed="27.91"/>
            </lane>
            <lane id="left_1">
                <vehicle id="cfm-fast_5" pos="30.23" speed="108.41"/>
            </lane>
        </edge>
        <edge id="right">
            <lane id="right_0">
                <vehicle id="cfm-slow_3" pos="17.16" speed="27.18"/>
                <vehicle id="cfm-slow_4" pos="39.27" speed="26.16"/>
            </lane>
            <lane id="right_1">
                <vehicle id="cfm-fast_1" pos="32.72" speed="105.84"/>
            </lane>
        </edge>
        <edge id="top">
            <lane id="top_0">
                <vehicle id="cfm-slow_5" pos="10.34" speed="25.30"/>
                <vehicle id="cfm-fast_0" pos="30.55" speed="24.91"/>
                <vehicle id="cfm-fast_2" pos="46.44" speed="25.18"/>
            </lane>
            <lane id="top_1"/>
        </edge>
    </timestep>
    <timestep time="9.58">
        <edge id="bottom">
            <lane id="bottom_0">
                <vehicle id="cfm-slow_1" pos="21.21" speed="28.25"/>
                <vehicle id="cfm-slow_2" pos="44.50" speed="27.96"/>
            </lane>
            <lane id="bottom_1"/>
        </edge>
        <edge id="left">
            <lane id="left_0">
                <vehicle id="cfm-fast_3" pos="12.91" speed="26.02"/>
                <vehicle id="cfm-fast_4" pos="30.02" speed="27.08"/>
                <vehicle id="cfm-slow_0" pos="48.20" speed="27.92"/>
            </lane>
            <lane id="left_1">
                <vehicle id="cfm-fast_5" pos="31.31" speed="108.41"/>
            </lane>
        </edge>
        <edge id="right">
            <lane id="right_0">
                <vehicle id="cfm-slow_3" pos="17.43" speed="27.17"/>
                <vehicle id="cfm-slow_4" pos="39.53" speed="26.15"/>
            </lane>
            <lane id="right_1">
                <vehicle id="cfm-fast_1" pos="33.78" speed="105.87"/>
            </lane>
        </edge>
        <edge id="top">
            <lane id="top_0">
                <vehicle id="cfm-slow_5" pos="10.59" speed="25.29"/>
                <vehicle id="cfm-fast_0" pos="30.80" speed="24.91"/>
                <vehicle id="cfm-fast_2" pos="46.69" speed="25.18"/>
            </lane>
            <lane id="top_1"/>
        </edge>
    </timestep>
    <timestep time="9.59">
        <edge id="bottom">
            <lane id="bottom_0">
                <vehicle id="cfm-slow_1" pos="21.49" speed="28.25"/>
                <vehicle id="cfm-slow_2" pos="44.77" speed="27.96"/>
            </lane>
            <lane id="bottom_1"/>
        </edge>
        <edge id="left">
            <lane id="left_0">
                <vehicle id="cfm-fast_3" pos="13.17" speed="26.03"/>
                <vehicle id="cfm-fast_4" pos="30.29" speed="27.08"/>
                <vehicle id="cfm-slow_0" pos="48.48" speed="27.92"/>
            </lane>
            <lane id="left_1">
                <vehicle id="cfm-fast_5" pos="32.40" speed="108.42"/>
            </lane>
        </edge>
        <edge id="right">
            <lane id="right_0">
                <vehicle id="cfm-slow_3" pos="17.70" speed="27.16"/>
                <vehicle id="cfm-slow_4" pos="39.79" speed="26.15"/>
            </lane>
            <lane id="right_1">
                <vehicle id="cfm-fast_1" pos="34.84" speed="105.90"/>
            </lane>
        </edge>
        <edge id="top">
            <lane id="top_0">
                <vehicle id="cfm-slow_5" pos="10.84" speed="25.29"/>
                <vehicle id="cfm-fast_0" pos="31.05" speed="24.92"/>
                <vehicle id="cfm-fast_2" pos="46.94" speed="25.19"/>
            </lane>
            <lane id="top_1"/>
        </edge>
    </timestep>
    <timestep time="9.60">
        <edge id="bottom">
            <lane id="bottom_0">
                <vehicle id="cfm-slow_1" pos="21.77" speed="28.25"/>
                <vehicle id="cfm-slow_2" pos="45.05" speed="27.95"/>
            </lane>
            <lane id="bottom_1"/>
        </edge>
        <edge id="left">
            <lane id="left_0">
                <vehicle id="cfm-fast_3" pos="13.43" speed="26.04"/>
                <vehicle id="cfm-fast_4" pos="30.56" speed="27.09"/>
                <vehicle id="cfm-slow_0" pos="48.76" speed="27.93"/>
            </lane>
            <lane id="left_1">
                <vehicle id="cfm-fast_5" pos="33.48" speed="108.42"/>
            </lane>
        </edge>
        <edge id="right">
            <lane id="right_0">
                <vehicle id="cfm-slow_3" pos="17.98" speed="27.15"/>
                <vehicle id="cfm-slow_4" pos="40.05" speed="26.14"/>
            </lane>
            <lane id="right_1">
                <vehicle id="cfm-fast_1" pos="35.90" speed="105.93"/>
            </lane>
        </edge>
        <edge id="top">
            <lane id="top_0">
                <vehicle id="cfm-slow_5" pos="11.09" speed="25.28"/>
                <vehicle id="cfm-fast_0" pos="31.30" speed="24.92"/>
                <vehicle id="cfm-fast_2" pos="47.20" speed="25.20"/>
            </lane>
            <lane id="top_1"/>
        </edge>
    </timestep>
    <timestep time="9.61">
        <edge id="bottom">
            <lane id="bottom_0">
                <vehicle id="cfm-slow_1" pos="22.06" speed="28.24"/>
                <vehicle id="cfm-slow_2" pos="45.33" speed="27.94"/>
            </lane>
            <lane id="bottom_1"/>
        </edge>
        <edge id="left">
            <lane id="left_0">
                <vehicle id="cfm-fast_3" pos="13.69" speed="26.05"/>
                <vehicle id="cfm-fast_4" pos="30.83" speed="27.10"/>
                <vehicle id="cfm-slow_0" pos="49.04" speed="27.93"/>
            </lane>
            <lane id="left_1">
                <vehicle id="cfm-fast_5" pos="34.57" speed="108.43"/>
            </lane>
        </edge>
        <edge id="right">
            <lane id="right_0">
                <vehicle id="cfm-slow_3" pos="18.25" speed="27.14"/>
                <vehicle id="cfm-slow_4" pos="40.31" speed="26.13"/>
            </lane>
            <lane id="right_1">
                <vehicle id="cfm-fast_1" pos="36.96" speed="105.96"/>
            </lane>
        </edge>
        <edge id="top">
            <lane id="top_0">
                <vehicle id="cfm-slow_5" pos="11.35" speed="25.28"/>
                <vehicle id="cfm-fast_0" pos="31.55" speed="24.92"/>
                <vehicle id="cfm-fast_2" pos="47.45" speed="25.21"/>
            </lane>
            <lane id="top_1"/>
        </edge>
    </timestep>
    <timestep time="9.62">
        <edge id="bottom">
            <lane id="bottom_0">
                <vehicle id="cfm-slow_1" pos="22.34" speed="28.24"/>
                <vehicle id="cfm-slow_2" pos="45.61" speed="27.93"/>
            </lane>
            <lane id="bottom_1"/>
        </edge>
        <edge id="left">
            <lane id="left_0">
                <vehicle id="cfm-fast_3" pos="13.95" speed="26.06"/>
                <vehicle id="cfm-fast_4" pos="31.10" speed="27.11"/>
                <vehicle id="cfm-slow_0" pos="49.32" speed="27.93"/>
            </lane>
            <lane id="left_1">
                <vehicle id="cfm-fast_5" pos="35.65" speed="108.43"/>
            </lane>
        </edge>
        <edge id="right">
            <lane id="right_0">
                <vehicle id="cfm-slow_3" pos="18.52" speed="27.13"/>
                <vehicle id="cfm-slow_4" pos="40.57" speed="26.12"/>
            </lane>
            <lane id="right_1">
                <vehicle id="cfm-fast_1" pos="38.02" speed="105.98"/>
            </lane>
        </edge>
        <edge id="top">
            <lane id="top_0">
                <vehicle id="cfm-slow_5" pos="11.60" speed="25.27"/>
                <vehicle id="cfm-fast_0" pos="31.80" speed="24.92"/>
                <vehicle id="cfm-fast_2" pos="47.70" speed="25.22"/>
            </lane>
            <lane id="top_1"/>
        </edge>
    </timestep>
    <timestep time="9.63">
        <edge id="bottom">
            <lane id="bottom_0">
                <vehicle id="cfm-slow_1" pos="22.62" speed="28.24"/>
                <vehicle id="cfm-slow_2" pos="45.89" speed="27.93"/>
            </lane>
            <lane id="bottom_1"/>
        </edge>
        <edge id="left">
            <lane id="left_0">
                <vehicle id="cfm-fast_3" pos="14.22" speed="26.07"/>
                <vehicle id="cfm-fast_4" pos="31.37" speed="27.12"/>
                <vehicle id="cfm-slow_0" pos="49.60" speed="27.94"/>
            </lane>
            <lane id="left_1">
                <vehicle id="cfm-fast_5" pos="36.73" speed="108.44"/>
            </lane>
        </edge>
        <edge id="right">
            <lane id="right_0">
                <vehicle id="cfm-slow_3" pos="18.79" speed="27.12"/>
                <vehicle id="cfm-slow_4" pos="40.83" speed="26.11"/>
            </lane>
            <lane id="right_1">
                <vehicle id="cfm-fast_1" pos="39.08" speed="106.01"/>
            </lane>
        </edge>
        <edge id="top">
            <lane id="top_0">
                <vehicle id="cfm-slow_5" pos="11.85" speed="25.27"/>
                <vehicle id="cfm-fast_0" pos="32.05" speed="24.93"/>
                <vehicle id="cfm-fast_2" pos="47.95" speed="25.22"/>
            </lane>
            <lane id="top_1"/>
        </edge>
    </timestep>
    <timestep time="9.64">
        <edge id="bottom">
            <lane id="bottom_0">
                <vehicle id="cfm-slow_1" pos="22.90" speed="28.24"/>
                <vehicle id="cfm-slow_2" pos="46.17" speed="27.92"/>
            </lane>
            <lane id="bottom_1"/>
        </edge>
        <edge id="left">
            <lane id="left_0">
                <vehicle id="cfm-fast_3" pos="14.48" speed="26.08"/>
                <vehicle id="cfm-fast_4" pos="31.64" speed="27.13"/>
                <vehicle id="cfm-slow_0" pos="49.88" speed="27.94"/>
            </lane>
            <lane id="left_1">
                <vehicle id="cfm-fast_5" pos="37.82" speed="108.44"/>
            </lane>
        </edge>
        <edge id="right">
            <lane id="right_0">
                <vehicle id="cfm-slow_3" pos="19.06" speed="27.11"/>
                <vehicle id="cfm-slow_4" pos="41.09" speed="26.10"/>
            </lane>
            <lane id="right_1">
                <vehicle id="cfm-fast_1" pos="40.14" speed="106.04"/>
            </lane>
        </edge>
        <edge id="top">
            <lane id="top_0">
                <vehicle id="cfm-slow_5" pos="12.11" speed="25.27"/>
                <vehicle id="cfm-fast_0" pos="32.30" speed="24.93"/>
                <vehicle id="cfm-fast_2" pos="48.21" speed="25.23"/>
            </lane>
            <lane id="top_1"/>
        </edge>
    </timestep>
    <timestep time="9.65">
        <edge id="bottom">
            <lane id="bottom_0">
                <vehicle id="cfm-slow_0" pos="0.16" speed="27.94"/>
                <vehicle id="cfm-slow_1" pos="23.19" speed="28.23"/>
                <vehicle id="cfm-slow_2" pos="46.45" speed="27.91"/>
            </lane>
            <lane id="bottom_1"/>
        </edge>
        <edge id="left">
            <lane id="left_0">
                <vehicle id="cfm-fast_3" pos="14.74" speed="26.09"/>
                <vehicle id="cfm-fast_4" pos="31.92" speed="27.13"/>
            </lane>
            <lane id="left_1">
                <vehicle id="cfm-fast_5" pos="38.90" speed="108.44"/>
            </lane>
        </edge>
        <edge id="right">
            <lane id="right_0">
                <vehicle id="cfm-slow_3" pos="19.33" speed="27.10"/>
                <vehicle id="cfm-slow_4" pos="41.36" speed="26.09"/>
            </lane>
            <lane id="right_1">
                <vehicle id="cfm-fast_1" pos="41.20" speed="106.07"/>
            </lane>
        </edge>
        <edge id="top">
            <lane id="top_0">
                <vehicle id="cfm-slow_5" pos="12.36" speed="25.26"/>
                <vehicle id="cfm-fast_0" pos="32.55" speed="24.93"/>
                <vehicle id="cfm-fast_2" pos="48.46" speed="25.24"/>
            </lane>
            <lane id="top_1"/>
        </edge>
    </timestep>
    <timestep time="9.66">
        <edge id="bottom">
            <lane id="bottom_0">
                <vehicle id="cfm-slow_0" pos="0.44" speed="27.95"/>
                <vehicle id="cfm-slow_1" pos="23.47" speed="28.23"/>
                <vehicle id="cfm-slow_2" pos="46.73" speed="27.90"/>
            </lane>
            <lane id="bottom_1"/>
        </edge>
        <edge id="left">
            <lane id="left_0">
                <vehicle id="cfm-fast_3" pos="15.00" speed="26.10"/>
                <vehicle id="cfm-fast_4" pos="32.19" speed="27.14"/>
            </lane>
            <lane id="left_1">
                <vehicle id="cfm-fast_5" pos="39.99" speed="108.45"/>
            </lane>
        </edge>
        <edge id="right">
            <lane id="right_0">
                <vehicle id="cfm-slow_3" pos="19.60" speed="27.09"/>
                <vehicle id="cfm-slow_4" pos="41.62" speed="26.09"/>
            </lane>
            <lane id="right_1">
                <vehicle id="cfm-fast_1" pos="42.26" speed="106.10"/>
            </lane>
        </edge>
        <edge id="top">
            <lane id="top_0">
                <vehicle id="cfm-slow_5" pos="12.61" speed="25.26"/>
                <vehicle id="cfm-fast_0" pos="32.80" speed="24.93"/>
                <vehicle id="cfm-fast_2" pos="48.71" speed="25.25"/>
            </lane>
            <lane id="top_1"/>
        </edge>
    </timestep>
    <timestep time="9.67">
        <edge id="bottom">
            <lane id="bottom_0">
                <vehicle id="cfm-slow_0" pos="0.72" speed="27.95"/>
                <vehicle id="cfm-slow_1" pos="23.75" speed="28.23"/>
                <vehicle id="cfm-slow_2" pos="47.01" speed="27.89"/>
            </lane>
            <lane id="bottom_1"/>
        </edge>
        <edge id="left">
            <lane id="left_0">
                <vehicle id="cfm-fast_3" pos="15.26" speed="26.11"/>
                <vehicle id="cfm-fast_4" pos="32.46" speed="27.15"/>
            </lane>
            <lane id="left_1">
                <vehicle id="cfm-fast_5" pos="41.07" speed="108.45"/>
            </lane>
        </edge>
        <edge id="right">
            <lane id="right_0">
                <vehicle id="cfm-slow_3" pos="19.87" speed="27.08"/>
                <vehicle id="cfm-slow_4" pos="41.88" speed="26.08"/>
            </lane>
            <lane id="right_1">
                <vehicle id="cfm-fast_1" pos="43.32" speed="106.12"/>
            </lane>
        </edge>
        <edge id="top">
            <lane id="top_0">
                <vehicle id="cfm-slow_5" pos="12.86" speed="25.26"/>
                <vehicle id="cfm-fast_0" pos="33.05" speed="24.94"/>
                <vehicle id="cfm-fast_2" pos="48.96" speed="25.26"/>
            </lane>
            <lane id="top_1"/>
        </edge>
    </timestep>
    <timestep time="9.68">
        <edge id="bottom">
            <lane id="bottom_0">
                <vehicle id="cfm-slow_0" pos="1.00" speed="27.95"/>
                <vehicle id="cfm-slow_1" pos="24.03" speed="28.23"/>
                <vehicle id="cfm-slow_2" pos="47.29" speed="27.89"/>
            </lane>
            <lane id="bottom_1"/>
        </edge>
        <edge id="left">
            <lane id="left_0">
                <vehicle id="cfm-fast_3" pos="15.52" speed="26.12"/>
                <vehicle id="cfm-fast_4" pos="32.73" speed="27.16"/>
            </lane>
            <lane id="left_1">
                <vehicle id="cfm-fast_5" pos="42.16" speed="108.46"/>
            </lane>
        </edge>
        <edge id="right">
            <lane id="right_0">
                <vehicle id="cfm-slow_3" pos="20.14" speed="27.07"/>
                <vehicle id="cfm-slow_4" pos="42.14" speed="26.07"/>
            </lane>
            <lane id="right_1">
                <vehicle id="cfm-fast_1" pos="44.38" speed="106.15"/>
            </lane>
        </edge>
        <edge id="top">
            <lane id="top_0">
                <vehicle id="cfm-slow_5" pos="13.12" speed="25.25"/>
                <vehicle id="cfm-fast_0" pos="33.30" speed="24.94"/>
                <vehicle id="cfm-fast_2" pos="49.22" speed="25.26"/>
            </lane>
            <lane id="top_1"/>
        </edge>
    </timestep>
    <timestep time="9.69">
        <edge id="bottom">
            <lane id="bottom_0">
                <vehicle id="cfm-slow_0" pos="1.28" speed="27.96"/>
                <vehicle id="cfm-slow_1" pos="24.32" speed="28.22"/>
                <vehicle id="cfm-slow_2" pos="47.57" speed="27.88"/>
            </lane>
            <lane id="bottom_1"/>
        </edge>
        <edge id="left">
            <lane id="left_0">
                <vehicle id="cfm-fast_3" pos="15.78" speed="26.13"/>
                <vehicle id="cfm-fast_4" pos="33.00" speed="27.17"/>
            </lane>
            <lane id="left_1">
                <vehicle id="cfm-fast_5" pos="43.24" speed="108.46"/>
            </lane>
        </edge>
        <edge id="right">
            <lane id="right_0">
                <vehicle id="cfm-slow_3" pos="20.41" speed="27.06"/>
                <vehicle id="cfm-slow_4" pos="42.40" speed="26.06"/>
            </lane>
            <lane id="right_1">
                <vehicle id="cfm-fast_1" pos="45.44" speed="106.18"/>
            </lane>
        </edge>
        <edge id="top">
            <lane id="top_0">
                <vehicle id="cfm-slow_5" pos="13.37" speed="25.25"/>
                <vehicle id="cfm-fast_0" pos="33.55" speed="24.94"/>
                <vehicle id="cfm-fast_2" pos="49.47" speed="25.27"/>
            </lane>
            <lane id="top_1"/>
        </edge>
    </timestep>
    <timestep time="9.70">
        <edge id="bottom">
            <lane id="bottom_0">
                <vehicle id="cfm-slow_0" pos="1.56" speed="27.96"/>
                <vehicle id="cfm-slow_1" pos="24.60" speed="28.22"/>
                <vehicle id="cfm-slow_2" pos="47.84" speed="27.87"/>
            </lane>
            <lane id="bottom_1"/>
        </edge>
        <edge id="left">
            <lane id="left_0">
                <vehicle id="cfm-fast_3" pos="16.04" speed="26.14"/>
                <vehicle id="cfm-fast_4" pos="33.27" speed="27.18"/>
            </lane>
            <lane id="left_1">
                <vehicle id="cfm-fast_5" pos="44.33" speed="108.47"/>
            </lane>
        </edge>
        <edge id="right">
            <lane id="right_0">
                <vehicle id="cfm-slow_3" pos="20.68" speed="27.05"/>
                <vehicle id="cfm-slow_4" pos="42.66" speed="26.05"/>
            </lane>
            <lane id="right_1">
                <vehicle id="cfm-fast_1" pos="46.51" speed="106.20"/>
            </lane>
        </edge>
        <edge id="top">
            <lane id="top_0">
                <vehicle id="cfm-slow_5" pos="13.62" speed="25.25"/>
                <vehicle id="cfm-fast_0" pos="33.80" speed="24.94"/>
                <vehicle id="cfm-fast_2" pos="49.72" speed="25.28"/>
            </lane>
            <lane id="top_1"/>
        </edge>
    </timestep>
    <timestep time="9.71">
        <edge id="bottom">
            <lane id="bottom_0">
                <vehicle id="cfm-slow_0" pos="1.84" speed="27.96"/>
                <vehicle id="cfm-slow_1" pos="24.88" speed="28.22"/>
                <vehicle id="cfm-slow_2" pos="48.12" speed="27.86"/>
            </lane>
            <lane id="bottom_1"/>
        </edge>
        <edge id="left">
            <lane id="left_0">
                <vehicle id="cfm-fast_3" pos="16.31" speed="26.15"/>
                <vehicle id="cfm-fast_4" pos="33.55" speed="27.18"/>
            </lane>
            <lane id="left_1">
                <vehicle id="cfm-fast_5" pos="45.41" speed="108.47"/>
            </lane>
        </edge>
        <edge id="right">
            <lane id="right_0">
                <vehicle id="cfm-slow_3" pos="20.95" speed="27.04"/>
                <vehicle id="cfm-slow_4" pos="42.92" speed="26.04"/>
            </lane>
            <lane id="right_1">
                <vehicle id="cfm-fast_1" pos="47.57" speed="106.23"/>
            </lane>
        </edge>
        <edge id="top">
            <lane id="top_0">
                <vehicle id="cfm-slow_5" pos="13.87" speed="25.24"/>
                <vehicle id="cfm-fast_0" pos="34.04" speed="24.95"/>
                <vehicle id="cfm-fast_2" pos="49.97" speed="25.29"/>
            </lane>
            <lane id="top_1"/>
        </edge>
    </timestep>
    <timestep time="9.72">
        <edge id="bottom">
            <lane id="bottom_0">
                <vehicle id="cfm-slow_0" pos="2.12" speed="27.97"/>
                <vehicle id="cfm-slow_1" pos="25.16" speed="28.21"/>
                <vehicle id="cfm-slow_2" pos="48.40" speed="27.86"/>
            </lane>
            <lane id="bottom_1"/>
        </edge>
        <edge id="left">
            <lane id="left_0">
                <vehicle id="cfm-fast_2" pos="0.23" speed="25.30"/>
                <vehicle id="cfm-fast_3" pos="16.57" speed="26.16"/>
                <vehicle id="cfm-fast_4" pos="33.82" speed="27.19"/>
            </lane>
            <lane id="left_1">
                <vehicle id="cfm-fast_5" pos="46.50" speed="108.47"/>
            </lane>
        </edge>
        <edge id="right">
            <lane id="right_0">
                <vehicle id="cfm-slow_3" pos="21.23" speed="27.03"/>
                <vehicle id="cfm-slow_4" pos="43.18" speed="26.04"/>
            </lane>
            <lane id="right_1">
                <vehicle id="cfm-fast_1" pos="48.63" speed="106.26"/>
            </lane>
        </edge>
        <edge id="top">
            <lane id="top_0">
                <vehicle id="cfm-slow_5" pos="14.13" speed="25.24"/>
                <vehicle id="cfm-fast_0" pos="34.29" speed="24.95"/>
            </lane>
            <lane id="top_1"/>
        </edge>
    </timestep>
    <timestep time="9.73">
        <edge id="bottom">
            <lane id="bottom_0">
                <vehicle id="cfm-slow_0" pos="2.40" speed="27.97"/>
                <vehicle id="cfm-slow_1" pos="25.44" speed="28.21"/>
                <vehicle id="cfm-slow_2" pos="48.68" speed="27.85"/>
            </lane>
            <lane id="bottom_1"/>
        </edge>
        <edge id="left">
            <lane id="left_0">
                <vehicle id="cfm-fast_2" pos="0.48" speed="25.31"/>
                <vehicle id="cfm-fast_3" pos="16.83" speed="26.17"/>
                <vehicle id="cfm-fast_4" pos="34.09" speed="27.20"/>
            </lane>
            <lane id="left_1">
                <vehicle id="cfm-fast_5" pos="47.58" speed="108.48"/>
            </lane>
        </edge>
        <edge id="right">
            <lane id="right_0">
                <vehicle id="cfm-slow_3" pos="21.50" speed="27.02"/>
                <vehicle id="cfm-slow_4" pos="43.44" speed="26.03"/>
            </lane>
            <lane id="right_1">
                <vehicle id="cfm-fast_1" pos="49.69" speed="106.28"/>
            </lane>
        </edge>
        <edge id="top">
            <lane id="top_0">
                <vehicle id="cfm-slow_5" pos="14.38" speed="25.24"/>
                <vehicle id="cfm-fast_0" pos="34.54" speed="24.95"/>
            </lane>
            <lane id="top_1"/>
        </edge>
    </timestep>
    <timestep time="9.74">
        <edge id="bottom">
            <lane id="bottom_0">
                <vehicle id="cfm-slow_0" pos="2.68" speed="27.97"/>
                <vehicle id="cfm-slow_1" pos="25.73" speed="28.21"/>
                <vehicle id="cfm-slow_2" pos="48.96" speed="27.84"/>
            </lane>
            <lane id="bottom_1"/>
        </edge>
        <edge id="left">
            <lane id="left_0">
                <vehicle id="cfm-fast_2" pos="0.73" speed="25.31"/>
                <vehicle id="cfm-fast_3" pos="17.09" speed="26.18"/>
                <vehicle id="cfm-fast_4" pos="34.36" speed="27.21"/>
            </lane>
            <lane id="left_1">
                <vehicle id="cfm-fast_5" pos="48.67" speed="108.48"/>
            </lane>
        </edge>
        <edge id="right">
            <lane id="right_0">
                <vehicle id="cfm-slow_3" pos="21.77" speed="27.01"/>
                <vehicle id="cfm-slow_4" pos="43.70" speed="26.02"/>
            </lane>
            <lane id="right_1"/>
        </edge>
        <edge id="top">
            <lane id="top_0">
                <vehicle id="cfm-slow_5" pos="14.63" speed="25.23"/>
                <vehicle id="cfm-fast_0" pos="34.79" speed="24.96"/>
            </lane>
            <lane id="top_1">
                <vehicle id="cfm-fast_1" pos="0.76" speed="106.31"/>
            </lane>
        </edge>
    </timestep>
    <timestep time="9.75">
        <edge id="bottom">
            <lane id="bottom_0">
                <vehicle id="cfm-slow_0" pos="2.96" speed="27.98"/>
                <vehicle id="cfm-slow_1" pos="26.01" speed="28.21"/>
                <vehicle id="cfm-slow_2" pos="49.24" speed="27.83"/>
            </lane>
            <lane id="bottom_1"/>
        </edge>
        <edge id="left">
            <lane id="left_0">
                <vehicle id="cfm-fast_2" pos="0.99" speed="25.32"/>
                <vehicle id="cfm-fast_3" pos="17.35" speed="26.19"/>
                <vehicle id="cfm-fast_4" pos="34.63" speed="27.22"/>
            </lane>
            <lane id="left_1">
                <vehicle id="cfm-fast_5" pos="49.75" speed="108.49"/>
            </lane>
        </edge>
        <edge id="right">
            <lane id="right_0">
                <vehicle id="cfm-slow_3" pos="22.04" speed="27.00"/>
                <vehicle id="cfm-slow_4" pos="43.96" speed="26.01"/>
            </lane>
            <lane id="right_1"/>
        </edge>
        <edge id="top">
            <lane id="top_0">
                <vehicle id="cfm-slow_5" pos="14.88" speed="25.23"/>
                <vehicle id="cfm-fast_0" pos="35.04" speed="24.96"/>
            </lane>
            <lane id="top_1">
                <vehicle id="cfm-fast_1" pos="1.82" speed="106.33"/>
            </lane>
        </edge>
    </timestep>
    <timestep time="9.76">
        <edge id="bottom">
            <lane id="bottom_0">
                <vehicle id="cfm-slow_0" pos="3.24" speed="27.98"/>
                <vehicle id="cfm-slow_1" pos="26.29" speed="28.20"/>
                <vehicle id="cfm-slow_2" pos="49.52" speed="27.82"/>
            </lane>
            <lane id="bottom_1">
                <vehicle id="cfm-fast_5" pos="0.84" speed="108.49"/>
            </lane>
        </edge>
        <edge id="left">
            <lane id="left_0">
                <vehicle id="cfm-fast_2" pos="1.24" speed="25.33"/>
                <vehicle id="cfm-fast_3" pos="17.61" speed="26.20"/>
                <vehicle id="cfm-fast_4" pos="34.91" speed="27.22"/>
            </lane>
            <lane id="left_1"/>
        </edge>
        <edge id="right">
            <lane id="right_0">
                <vehicle id="cfm-slow_3" pos="22.31" speed="26.99"/>
                <vehicle id="cfm-slow_4" pos="44.22" speed="26.00"/>
            </lane>
            <lane id="right_1"/>
        </edge>
        <edge id="top">
            <lane id="top_0">
                <vehicle id="cfm-slow_5" pos="15.13" speed="25.23"/>
                <vehicle id="cfm-fast_0" pos="35.29" speed="24.96"/>
            </lane>
            <lane id="top_1">
                <vehicle id="cfm-fast_1" pos="2.88" speed="106.36"/>
            </lane>
        </edge>
    </timestep>
    <timestep time="9.77">
        <edge id="bottom">
            <lane id="bottom_0">
                <vehicle id="cfm-slow_0" pos="3.52" speed="27.98"/>
                <vehicle id="cfm-slow_1" pos="26.57" speed="28.20"/>
                <vehicle id="cfm-slow_2" pos="49.79" speed="27.82"/>
            </lane>
            <lane id="bottom_1">
                <vehicle id="cfm-fast_5" pos="1.92" speed="108.49"/>
            </lane>
        </edge>
        <edge id="left">
            <lane id="left_0">
                <vehicle id="cfm-fast_2" pos="1.49" speed="25.34"/>
                <vehicle id="cfm-fast_3" pos="17.88" speed="26.21"/>
                <vehicle id="cfm-fast_4" pos="35.18" speed="27.23"/>
            </lane>
            <lane id="left_1"/>
        </edge>
        <edge id="right">
            <lane id="right_0">
                <vehicle id="cfm-slow_3" pos="22.58" speed="26.98"/>
                <vehicle id="cfm-slow_4" pos="44.48" speed="26.00"/>
            </lane>
            <lane id="right_1"/>
        </edge>
        <edge id="top">
            <lane id="top_0">
                <vehicle id="cfm-slow_5" pos="15.39" speed="25.22"/>
                <vehicle id="cfm-fast_0" pos="35.54" speed="24.97"/>
            </lane>
            <lane id="top_1">
                <vehicle id="cfm-fast_1" pos="3.95" speed="106.38"/>
            </lane>
        </edge>
    </timestep>
    <timestep time="9.78">
        <edge id="bottom">
            <lane id="bottom_0">
                <vehicle id="cfm-slow_0" pos="3.80" speed="27.98"/>
                <vehicle id="cfm-slow_1" pos="26.85" speed="28.20"/>
            </lane>
            <lane id="bottom_1">
                <vehicle id="cfm-fast_5" pos="3.01" speed="108.50"/>
            </lane>
        </edge>
        <edge id="left">
            <lane id="left_0">
                <vehicle id="cfm-fast_2" pos="1.75" speed="25.35"/>
                <vehicle id="cfm-fast_3" pos="18.14" speed="26.22"/>
                <vehicle id="cfm-fast_4" pos="35.45" speed="27.24"/>
            </lane>
            <lane id="left_1"/>
        </edge>
        <edge id="right">
            <lane id="right_0">
                <vehicle id="cfm-slow_2" pos="0.07" speed="27.81"/>
                <vehicle id="cfm-slow_3" pos="22.85" speed="26.97"/>
                <vehicle id="cfm-slow_4" pos="44.74" speed="25.99"/>
            </lane>
            <lane id="right_1"/>
        </edge>
        <edge id="top">
            <lane id="top_0">
                <vehicle id="cfm-slow_5" pos="15.64" speed="25.22"/>
                <vehicle id="cfm-fast_0" pos="35.79" speed="24.97"/>
            </lane>
            <lane id="top_1">
                <vehicle id="cfm-fast_1" pos="5.01" speed="106.41"/>
            </lane>
        </edge>
    </timestep>
    <timestep time="9.79">
        <edge id="bottom">
            <lane id="bottom_0">
                <vehicle id="cfm-slow_0" pos="4.08" speed="27.99"/>
                <vehicle id="cfm-slow_1" pos="27.14" speed="28.19"/>
            </lane>
            <lane id="bottom_1">
                <vehicle id="cfm-fast_5" pos="4.09" speed="108.50"/>
            </lane>
        </edge>
        <edge id="left">
            <lane id="left_0">
                <vehicle id="cfm-fast_2" pos="2.00" speed="25.36"/>
                <vehicle id="cfm-fast_3" pos="18.40" speed="26.23"/>
                <vehicle id="cfm-fast_4" pos="35.72" speed="27.25"/>
            </lane>
            <lane id="left_1"/>
        </edge>
        <edge id="right">
            <lane id="right_0">
                <vehicle id="cfm-slow_2" pos="0.35" speed="27.80"/>
                <vehicle id="cfm-slow_3" pos="23.11" speed="26.96"/>
                <vehicle id="cfm-slow_4" pos="45.00" speed="25.98"/>
            </lane>
            <lane id="right_1"/>
        </edge>
        <edge id="top">
            <lane id="top_0">
                <vehicle id="cfm-slow_5" pos="15.89" speed="25.22"/>
                <vehicle id="cfm-fast_0" pos="36.04" speed="24.97"/>
            </lane>
            <lane id="top_1">
                <vehicle id="cfm-fast_1" pos="6.08" speed="106.43"/>
            </lane>
        </edge>
    </timestep>
    <timestep time="9.80">
        <edge id="bottom">
            <lane id="bottom_0">
                <vehicle id="cfm-slow_0" pos="4.36" speed="27.99"/>
                <vehicle id="cfm-slow_1" pos="27.42" speed="28.19"/>
            </lane>
            <lane id="bottom_1">
                <vehicle id="cfm-fast_5" pos="5.18" speed="108.50"/>
            </lane>
        </edge>
        <edge id="left">
            <lane id="left_0">
                <vehicle id="cfm-fast_2" pos="2.25" speed="25.36"/>
                <vehicle id="cfm-fast_3" pos="18.66" speed="26.24"/>
                <vehicle id="cfm-fast_4" pos="36.00" speed="27.26"/>
            </lane>
            <lane id="left_1"/>
        </edge>
        <edge id="right">
            <lane id="right_0">
                <vehicle id="cfm-slow_2" pos="0.63" speed="27.79"/>
                <vehicle id="cfm-slow_3" pos="23.38" speed="26.95"/>
                <vehicle id="cfm-slow_4" pos="45.26" speed="25.97"/>
            </lane>
            <lane id="right_1"/>
        </edge>
        <edge id="top">
            <lane id="top_0">
                <vehicle id="cfm-slow_5" pos="16.14" speed="25.21"/>
                <vehicle id="cfm-fast_0" pos="36.29" speed="24.98"/>
            </lane>
            <lane id="top_1">
                <vehicle id="cfm-fast_1" pos="7.14" speed="106.45"/>
            </lane>
        </edge>
    </timestep>
    <timestep time="9.81">
        <edge id="bottom">
            <lane id="bottom_0">
                <vehicle id="cfm-slow_0" pos="4.64" speed="27.99"/>
                <vehicle id="cfm-slow_1" pos="27.70" speed="28.19"/>
            </lane>
            <lane id="bottom_1">
                <vehicle id="cfm-fast_5" pos="6.26" speed="108.51"/>
            </lane>
        </edge>
        <edge id="left">
            <lane id="left_0">
                <vehicle id="cfm-fast_2" pos="2.51" speed="25.37"/>
                <vehicle id="cfm-fast_3" pos="18.93" speed="26.25"/>
                <vehicle id="cfm-fast_4" pos="36.27" speed="27.26"/>
            </lane>
            <lane id="left_1"/>
        </edge>
        <edge id="right">
            <lane id="right_0">
                <vehicle id="cfm-slow_2" pos="0.91" speed="27.78"/>
                <vehicle id="cfm-slow_3" pos="23.65" speed="26.94"/>
                <vehicle id="cfm-slow_4" pos="45.52" speed="25.97"/>
            </lane>
            <lane id="right_1"/>
        </edge>
        <edge id="top">
            <lane id="top_0">
                <vehicle id="cfm-slow_5" pos="16.40" speed="25.21"/>
                <vehicle id="cfm-fast_0" pos="36.54" speed="24.98"/>
            </lane>
            <lane id="top_1">
                <vehicle id="cfm-fast_1" pos="8.20" speed="106.48"/>
            </lane>
        </edge>
    </timestep>
    <timestep time="9.82">
        <edge id="bottom">
            <lane id="bottom_0">
                <vehicle id="cfm-slow_0" pos="4.92" speed="27.99"/>
                <vehicle id="cfm-slow_1" pos="27.98" speed="28.18"/>
            </lane>
            <lane id="bottom_1">
                <vehicle id="cfm-fast_5" pos="7.35" speed="108.51"/>
            </lane>
        </edge>
        <edge id="left">
            <lane id="left_0">
                <vehicle id="cfm-fast_2" pos="2.76" speed="25.38"/>
                <vehicle id="cfm-fast_3" pos="19.19" speed="26.26"/>
                <vehicle id="cfm-fast_4" pos="36.54" speed="27.27"/>
            </lane>
            <lane id="left_1"/>
        </edge>
        <edge id="right">
            <lane id="right_0">
                <vehicle id="cfm-slow_2" pos="1.18" speed="27.78"/>
                <vehicle id="cfm-slow_3" pos="23.92" speed="26.93"/>
                <vehicle id="cfm-slow_4" pos="45.78" speed="25.96"/>
            </lane>
            <lane id="right_1"/>
        </edge>
        <edge id="top">
            <lane id="top_0">
                <vehicle id="cfm-slow_5" pos="16.65" speed="25.21"/>
                <vehicle id="cfm-fast_0" pos="36.79" speed="24.98"/>
            </lane>
            <lane id="top_1">
                <vehicle id="cfm-fast_1" pos="9.27" speed="106.50"/>
            </lane>
        </edge>
    </timestep>
    <timestep time="9.83">
        <edge id="bottom">
            <lane id="bottom_0">
                <vehicle id="cfm-slow_0" pos="5.19" speed="28.00"/>
                <vehicle id="cfm-slow_1" pos="28.26" speed="28.18"/>
            </lane>
            <lane id="bottom_1">
                <vehicle id="cfm-fast_5" pos="8.43" speed="108.52"/>
            </lane>
        </edge>
        <edge id="left">
            <lane id="left_0">
                <vehicle id="cfm-fast_2" pos="3.02" speed="25.39"/>
                <vehicle id="cfm-fast_3" pos="19.45" speed="26.27"/>
                <vehicle id="cfm-fast_4" pos="36.81" speed="27.28"/>
            </lane>
            <lane id="left_1"/>
        </edge>
        <edge id="right">
            <lane id="right_0">
                <vehicle id="cfm-slow_2" pos="1.46" speed="27.77"/>
                <vehicle id="cfm-slow_3" pos="24.19" speed="26.92"/>
                <vehicle id="cfm-slow_4" pos="46.04" speed="25.95"/>
            </lane>
            <lane id="right_1"/>
        </edge>
        <edge id="top">
            <lane id="top_0">
                <vehicle id="cfm-slow_5" pos="16.90" speed="25.21"/>
                <vehicle id="cfm-fast_0" pos="37.04" speed="24.99"/>
            </lane>
            <lane id="top_1">
                <vehicle id="cfm-fast_1" pos="10.33" speed="106.53"/>
            </lane>
        </edge>
    </timestep>
    <timestep time="9.84">
        <edge id="bottom">
            <lane id="bottom_0">
                <vehicle id="cfm-slow_0" pos="5.47" speed="28.00"/>
                <vehicle id="cfm-slow_1" pos="28.55" speed="28.17"/>
            </lane>
            <lane id="bottom_1">
                <vehicle id="cfm-fast_5" pos="9.52" speed="108.52"/>
            </lane>
        </edge>
        <edge id="left">
            <lane id="left_0">
                <vehicle id="cfm-fast_2" pos="3.27" speed="25.40"/>
                <vehicle id="cfm-fast_3" pos="19.71" speed="26.28"/>
                <vehicle id="cfm-fast_4" pos="37.09" speed="27.29"/>
            </lane>
            <lane id="left_1"/>
        </edge>
        <edge id="right">
            <lane id="right_0">
                <vehicle id="cfm-slow_2" pos="1.74" speed="27.76"/>
                <vehicle id="cfm-slow_3" pos="24.46" speed="26.91"/>
                <vehicle id="cfm-slow_4" pos="46.30" speed="25.94"/>
            </lane>
            <lane id="right_1"/>
        </edge>
        <edge id="top">
            <lane id="top_0">
                <vehicle id="cfm-slow_5" pos="17.15" speed="25.20"/>
                <vehicle id="cfm-fast_0" pos="37.29" speed="24.99"/>
            </lane>
            <lane id="top_1">
                <vehicle id="cfm-fast_1" pos="11.40" speed="106.55"/>
            </lane>
        </edge>
    </timestep>
    <timestep time="9.85">
        <edge id="bottom">
            <lane id="bottom_0">
                <vehicle id="cfm-slow_0" pos="5.75" speed="28.00"/>
                <vehicle id="cfm-slow_1" pos="28.83" speed="28.17"/>
            </lane>
            <lane id="bottom_1">
                <vehicle id="cfm-fast_5" pos="10.60" speed="108.52"/>
            </lane>
        </edge>
        <edge id="left">
            <lane id="left_0">
                <vehicle id="cfm-fast_2" pos="3.52" speed="25.41"/>
                <vehicle id="cfm-fast_3" pos="19.98" speed="26.29"/>
                <vehicle id="cfm-fast_4" pos="37.36" speed="27.29"/>
            </lane>
            <lane id="left_1"/>
        </edge>
        <edge id="right">
            <lane id="right_0">
                <vehicle id="cfm-slow_2" pos="2.02" speed="27.75"/>
                <vehicle id="cfm-slow_3" pos="24.73" speed="26.91"/>
                <vehicle id="cfm-slow_4" pos="46.56" speed="25.93"/>
            </lane>
            <lane id="right_1"/>
        </edge>
        <edge id="top">
            <lane id="top_0">
                <vehicle id="cfm-slow_5" pos="17.40" speed="25.20"/>
                <vehicle id="cfm-fast_0" pos="37.54" speed="24.99"/>
            </lane>
            <lane id="top_1">
                <vehicle id="cfm-fast_1" pos="12.47" speed="106.57"/>
            </lane>
        </edge>
    </timestep>
    <timestep time="9.86">
        <edge id="bottom">
            <lane id="bottom_0">
                <vehicle id="cfm-slow_0" pos="6.03" speed="28.00"/>
                <vehicle id="cfm-slow_1" pos="29.11" speed="28.17"/>
            </lane>
            <lane id="bottom_1">
                <vehicle id="cfm-fast_5" pos="11.69" speed="108.53"/>
            </lane>
        </edge>
        <edge id="left">
            <lane id="left_0">
                <vehicle id="cfm-fast_2" pos="3.78" speed="25.41"/>
                <vehicle id="cfm-fast_3" pos="20.24" speed="26.30"/>
                <vehicle id="cfm-fast_4" pos="37.63" speed="27.30"/>
            </lane>
            <lane id="left_1"/>
        </edge>
        <edge id="right">
            <lane id="right_0">
                <vehicle id="cfm-slow_2" pos="2.29" speed="27.74"/>
                <vehicle id="cfm-slow_3" pos="25.00" speed="26.90"/>
                <vehicle id="cfm-slow_4" pos="46.82" speed="25.93"/>
            </lane>
            <lane id="right_1"/>
        </edge>
        <edge id="top">
            <lane id="top_0">
                <vehicle id="cfm-slow_5" pos="17.66" speed="25.20"/>
                <vehicle id="cfm-fast_0" pos="37.79" speed="25.00"/>
            </lane>
            <lane id="top_1">
                <vehicle id="cfm-fast_1" pos="13.53" speed="106.59"/>
            </lane>
        </edge>
    </timestep>
    <timestep time="9.87">
        <edge id="bottom">
            <lane id="bottom_0">
                <vehicle id="cfm-slow_0" pos="6.32" speed="28.00"/>
                <vehicle id="cfm-slow_1" pos="29.39" speed="28.16"/>
            </lane>
            <lane id="bottom_1">
                <vehicle id="cfm-fast_5" pos="12.77" speed="108.53"/>
            </lane>
        </edge>
        <edge id="left">
            <lane id="left_0">
                <vehicle id="cfm-fast_2" pos="4.03" speed="25.42"/>
                <vehicle id="cfm-fast_3" pos="20.50" speed="26.31"/>
                <vehicle id="cfm-fast_4" pos="37.91" speed="27.31"/>
            </lane>
            <lane id="left_1"/>
        </edge>
        <edge id="right">
            <lane id="right_0">
                <vehicle id="cfm-slow_2" pos="2.57" speed="27.74"/>
                <vehicle id="cfm-slow_3" pos="25.27" speed="26.89"/>
                <vehicle id="cfm-slow_4" pos="47.08" speed="25.92"/>
            </lane>
            <lane id="right_1"/>
        </edge>
        <edge id="top">
            <lane id="top_0">
                <vehicle id="cfm-slow_5" pos="17.91" speed="25.20"/>
                <vehicle id="cfm-fast_0" pos="38.04" speed="25.00"/>
            </lane>
            <lane id="top_1">
                <vehicle id="cfm-fast_1" pos="14.60" speed="106.62"/>
            </lane>
        </edge>
    </timestep>
    <timestep time="9.88">
        <edge id="bottom">
            <lane id="bottom_0">
                <vehicle id="cfm-slow_0" pos="6.60" speed="28.01"/>
                <vehicle id="cfm-slow_1" pos="29.67" speed="28.16"/>
            </lane>
            <lane id="bottom_1">
                <vehicle id="cfm-fast_5" pos="13.86" speed="108.53"/>
            </lane>
        </edge>
        <edge id="left">
            <lane id="left_0">
                <vehicle id="cfm-fast_2" pos="4.29" speed="25.43"/>
                <vehicle id="cfm-fast_3" pos="20.77" speed="26.32"/>
                <vehicle id="cfm-fast_4" pos="38.18" speed="27.31"/>
            </lane>
            <lane id="left_1"/>
        </edge>
        <edge id="right">
            <lane id="right_0">
                <vehicle id="cfm-slow_2" pos="2.85" speed="27.73"/>
                <vehicle id="cfm-slow_3" pos="25.54" speed="26.88"/>
                <vehicle id="cfm-slow_4" pos="47.33" speed="25.91"/>
            </lane>
            <lane id="right_1"/>
        </edge>
        <edge id="top">
            <lane id="top_0">
                <vehicle id="cfm-slow_5" pos="18.16" speed="25.19"/>
                <vehicle id="cfm-fast_0" pos="38.29" speed="25.00"/>
            </lane>
            <lane id="top_1">
                <vehicle id="cfm-fast_1" pos="15.66" speed="106.64"/>
            </lane>
        </edge>
    </timestep>
    <timestep time="9.89">
        <edge id="bottom">
            <lane id="bottom_0">
                <vehicle id="cfm-slow_0" pos="6.88" speed="28.01"/>
                <vehicle id="cfm-slow_1" pos="29.95" speed="28.16"/>
            </lane>
            <lane id="bottom_1">
                <vehicle id="cfm-fast_5" pos="14.94" speed="108.54"/>
            </lane>
        </edge>
        <edge id="left">
            <lane id="left_0">
                <vehicle id="cfm-fast_2" pos="4.54" speed="25.44"/>
                <vehicle id="cfm-fast_3" pos="21.03" speed="26.33"/>
                <vehicle id="cfm-fast_4" pos="38.45" speed="27.32"/>
            </lane>
            <lane id="left_1"/>
        </edge>
        <edge id="right">
            <lane id="right_0">
                <vehicle id="cfm-slow_2" pos="3.13" speed="27.72"/>
                <vehicle id="cfm-slow_3" pos="25.81" speed="26.87"/>
                <vehicle id="cfm-slow_4" pos="47.59" speed="25.91"/>
            </lane>
            <lane id="right_1"/>
        </edge>
        <edge id="top">
            <lane id="top_0">
                <vehicle id="cfm-slow_5" pos="18.41" speed="25.19"/>
                <vehicle id="cfm-fast_0" pos="38.54" speed="25.01"/>
            </lane>
            <lane id="top_1">
                <vehicle id="cfm-fast_1" pos="16.73" speed="106.66"/>
            </lane>
        </edge>
    </timestep>
    <timestep time="9.90">
        <edge id="bottom">
            <lane id="bottom_0">
                <vehicle id="cfm-slow_0" pos="7.16" speed="28.01"/>
                <vehicle id="cfm-slow_1" pos="30.24" speed="28.15"/>
            </lane>
            <lane id="bottom_1">
                <vehicle id="cfm-fast_5" pos="16.03" speed="108.54"/>
            </lane>
        </edge>
        <edge id="left">
            <lane id="left_0">
                <vehicle id="cfm-fast_2" pos="4.79" speed="25.45"/>
                <vehicle id="cfm-fast_3" pos="21.29" speed="26.34"/>
                <vehicle id="cfm-fast_4" pos="38.73" speed="27.33"/>
            </lane>
            <lane id="left_1"/>
        </edge>
        <edge id="right">
            <lane id="right_0">
                <vehicle id="cfm-slow_2" pos="3.40" speed="27.71"/>
                <vehicle id="cfm-slow_3" pos="26.07" speed="26.86"/>
                <vehicle id="cfm-slow_4" pos="47.85" speed="25.90"/>
            </lane>
            <lane id="right_1"/>
        </edge>
        <edge id="top">
            <lane id="top_0">
                <vehicle id="cfm-slow_5" pos="18.66" speed="25.19"/>
                <vehicle id="cfm-fast_0" pos="38.79" speed="25.01"/>
            </lane>
            <lane id="top_1">
                <vehicle id="cfm-fast_1" pos="17.80" speed="106.68"/>
            </lane>
        </edge>
    </timestep>
    <timestep time="9.91">
        <edge id="bottom">
            <lane id="bottom_0">
                <vehicle id="cfm-slow_0" pos="7.44" speed="28.01"/>
                <vehicle id="cfm-slow_1" pos="30.52" speed="28.15"/>
            </lane>
            <lane id="bottom_1">
                <vehicle id="cfm-fast_5" pos="17.11" speed="108.54"/>
            </lane>
        </edge>
        <edge id="left">
            <lane id="left_0">
                <vehicle id="cfm-fast_2" pos="5.05" speed="25.46"/>
                <vehicle id="cfm-fast_3" pos="21.56" speed="26.35"/>
                <vehicle id="cfm-fast_4" pos="39.00" speed="27.34"/>
            </lane>
            <lane id="left_1"/>
        </edge>
        <edge id="right">
            <lane id="right_0">
                <vehicle id="cfm-slow_2" pos="3.68" speed="27.70"/>
                <vehicle id="cfm-slow_3" pos="26.34" speed="26.85"/>
                <vehicle id="cfm-slow_4" pos="48.11" speed="25.89"/>
            </lane>
            <lane id="right_1"/>
        </edge>
        <edge id="top">
            <lane id="top_0">
                <vehicle id="cfm-slow_5" pos="18.92" speed="25.19"/>
                <vehicle id="cfm-fast_0" pos="39.04" speed="25.02"/>
            </lane>
            <lane id="top_1">
                <vehicle id="cfm-fast_1" pos="18.87" speed="106.71"/>
            </lane>
        </edge>
    </timestep>
    <timestep time="9.92">
        <edge id="bottom">
            <lane id="bottom_0">
                <vehicle id="cfm-slow_0" pos="7.72" speed="28.01"/>
                <vehicle id="cfm-slow_1" pos="30.80" speed="28.14"/>
            </lane>
            <lane id="bottom_1">
                <vehicle id="cfm-fast_5" pos="18.20" speed="108.55"/>
            </lane>
        </edge>
        <edge id="left">
            <lane id="left_0">
                <vehicle id="cfm-fast_2" pos="5.30" speed="25.47"/>
                <vehicle id="cfm-fast_3" pos="21.82" speed="26.36"/>
                <vehicle id="cfm-fast_4" pos="39.27" speed="27.34"/>
            </lane>
            <lane id="left_1"/>
        </edge>
        <edge id="right">
            <lane id="right_0">
                <vehicle id="cfm-slow_2" pos="3.96" speed="27.70"/>
                <vehicle id="cfm-slow_3" pos="26.61" speed="26.84"/>
                <vehicle id="cfm-slow_4" pos="48.37" speed="25.88"/>
            </lane>
            <lane id="right_1"/>
        </edge>
        <edge id="top">
            <lane id="top_0">
                <vehicle id="cfm-slow_5" pos="19.17" speed="25.18"/>
                <vehicle id="cfm-fast_0" pos="39.29" speed="25.02"/>
            </lane>
            <lane id="top_1">
                <vehicle id="cfm-fast_1" pos="19.93" speed="106.73"/>
            </lane>
        </edge>
    </timestep>
    <timestep time="9.93">
        <edge id="bottom">
            <lane id="bottom_0">
                <vehicle id="cfm-slow_0" pos="8.00" speed="28.02"/>
                <vehicle id="cfm-slow_1" pos="31.08" speed="28.14"/>
            </lane>
            <lane id="bottom_1">
                <vehicle id="cfm-fast_5" pos="19.28" speed="108.55"/>
            </lane>
        </edge>
        <edge id="left">
            <lane id="left_0">
                <vehicle id="cfm-fast_2" pos="5.56" speed="25.47"/>
                <vehicle id="cfm-fast_3" pos="22.08" speed="26.37"/>
                <vehicle id="cfm-fast_4" pos="39.55" speed="27.35"/>
            </lane>
            <lane id="left_1"/>
        </edge>
        <edge id="right">
            <lane id="right_0">
                <vehicle id="cfm-slow_2" pos="4.23" speed="27.69"/>
                <vehicle id="cfm-slow_3" pos="26.88" speed="26.83"/>
                <vehicle id="cfm-slow_4" pos="48.63" speed="25.88"/>
            </lane>
            <lane id="right_1"/>
        </edge>
        <edge id="top">
            <lane id="top_0">
                <vehicle id="cfm-slow_5" pos="19.42" speed="25.18"/>
                <vehicle id="cfm-fast_0" pos="39.54" speed="25.02"/>
            </lane>
            <lane id="top_1">
                <vehicle id="cfm-fast_1" pos="21.00" speed="106.75"/>
            </lane>
        </edge>
    </timestep>
    <timestep time="9.94">
        <edge id="bottom">
            <lane id="bottom_0">
                <vehicle id="cfm-slow_0" pos="8.28" speed="28.02"/>
                <vehicle id="cfm-slow_1" pos="31.36" speed="28.14"/>
            </lane>
            <lane id="bottom_1">
                <vehicle id="cfm-fast_5" pos="20.37" speed="108.55"/>
            </lane>
        </edge>
        <edge id="left">
            <lane id="left_0">
                <vehicle id="cfm-fast_2" pos="5.81" speed="25.48"/>
                <vehicle id="cfm-fast_3" pos="22.35" speed="26.38"/>
                <vehicle id="cfm-fast_4" pos="39.82" speed="27.36"/>
            </lane>
            <lane id="left_1"/>
        </edge>
        <edge id="right">
            <lane id="right_0">
                <vehicle id="cfm-slow_2" pos="4.51" speed="27.68"/>
                <vehicle id="cfm-slow_3" pos="27.15" speed="26.82"/>
                <vehicle id="cfm-slow_4" pos="48.89" speed="25.87"/>
            </lane>
            <lane id="right_1"/>
        </edge>
        <edge id="top">
            <lane id="top_0">
                <vehicle id="cfm-slow_5" pos="19.67" speed="25.18"/>
                <vehicle id="cfm-fast_0" pos="39.79" speed="25.03"/>
            </lane>
            <lane id="top_1">
                <vehicle id="cfm-fast_1" pos="22.07" speed="106.77"/>
            </lane>
        </edge>
    </timestep>
    <timestep time="9.95">
        <edge id="bottom">
            <lane id="bottom_0">
                <vehicle id="cfm-slow_0" pos="8.56" speed="28.02"/>
                <vehicle id="cfm-slow_1" pos="31.64" speed="28.13"/>
            </lane>
            <lane id="bottom_1">
                <vehicle id="cfm-fast_5" pos="21.46" speed="108.56"/>
            </lane>
        </edge>
        <edge id="left">
            <lane id="left_0">
                <vehicle id="cfm-fast_2" pos="6.07" speed="25.49"/>
                <vehicle id="cfm-fast_3" pos="22.61" speed="26.39"/>
                <vehicle id="cfm-fast_4" pos="40.09" speed="27.36"/>
            </lane>
            <lane id="left_1"/>
        </edge>
        <edge id="right">
            <lane id="right_0">
                <vehicle id="cfm-slow_2" pos="4.79" speed="27.67"/>
                <vehicle id="cfm-slow_3" pos="27.42" speed="26.81"/>
                <vehicle id="cfm-slow_4" pos="49.15" speed="25.86"/>
            </lane>
            <lane id="right_1"/>
        </edge>
        <edge id="top">
            <lane id="top_0">
                <vehicle id="cfm-slow_5" pos="19.92" speed="25.18"/>
                <vehicle id="cfm-fast_0" pos="40.04" speed="25.03"/>
            </lane>
            <lane id="top_1">
                <vehicle id="cfm-fast_1" pos="23.14" speed="106.79"/>
            </lane>
        </edge>
    </timestep>
    <timestep time="9.96">
        <edge id="bottom">
            <lane id="bottom_0">
                <vehicle id="cfm-slow_0" pos="8.84" speed="28.02"/>
                <vehicle id="cfm-slow_1" pos="31.92" speed="28.13"/>
            </lane>
            <lane id="bottom_1">
                <vehicle id="cfm-fast_5" pos="22.54" speed="108.56"/>
            </lane>
        </edge>
        <edge id="left">
            <lane id="left_0">
                <vehicle id="cfm-fast_2" pos="6.32" speed="25.50"/>
                <vehicle id="cfm-fast_3" pos="22.88" speed="26.40"/>
                <vehicle id="cfm-fast_4" pos="40.37" speed="27.37"/>
            </lane>
            <lane id="left_1"/>
        </edge>
        <edge id="right">
            <lane id="right_0">
                <vehicle id="cfm-slow_2" pos="5.06" speed="27.66"/>
                <vehicle id="cfm-slow_3" pos="27.68" speed="26.80"/>
                <vehicle id="cfm-slow_4" pos="49.41" speed="25.86"/>
            </lane>
            <lane id="right_1"/>
        </edge>
        <edge id="top">
            <lane id="top_0">
                <vehicle id="cfm-slow_5" pos="20.17" speed="25.18"/>
                <vehicle id="cfm-fast_0" pos="40.29" speed="25.04"/>
            </lane>
            <lane id="top_1">
                <vehicle id="cfm-fast_1" pos="24.20" speed="106.81"/>
            </lane>
        </edge>
    </timestep>
    <timestep time="9.97">
        <edge id="bottom">
            <lane id="bottom_0">
                <vehicle id="cfm-slow_0" pos="9.12" speed="28.02"/>
                <vehicle id="cfm-slow_1" pos="32.21" speed="28.12"/>
            </lane>
            <lane id="bottom_1">
                <vehicle id="cfm-fast_5" pos="23.63" speed="108.56"/>
            </lane>
        </edge>
        <edge id="left">
            <lane id="left_0">
                <vehicle id="cfm-fast_2" pos="6.58" speed="25.51"/>
                <vehicle id="cfm-fast_3" pos="23.14" speed="26.41"/>
                <vehicle id="cfm-fast_4" pos="40.64" speed="27.38"/>
            </lane>
            <lane id="left_1"/>
        </edge>
        <edge id="right">
            <lane id="right_0">
                <vehicle id="cfm-slow_2" pos="5.34" speed="27.66"/>
                <vehicle id="cfm-slow_3" pos="27.95" speed="26.79"/>
                <vehicle id="cfm-slow_4" pos="49.66" speed="25.85"/>
            </lane>
            <lane id="right_1"/>
        </edge>
        <edge id="top">
            <lane id="top_0">
                <vehicle id="cfm-slow_5" pos="20.43" speed="25.18"/>
                <vehicle id="cfm-fast_0" pos="40.54" speed="25.04"/>
            </lane>
            <lane id="top_1">
                <vehicle id="cfm-fast_1" pos="25.27" speed="106.83"/>
            </lane>
        </edge>
    </timestep>
    <timestep time="9.98">
        <edge id="bottom">
            <lane id="bottom_0">
                <vehicle id="cfm-slow_0" pos="9.40" speed="28.02"/>
                <vehicle id="cfm-slow_1" pos="32.49" speed="28.12"/>
            </lane>
            <lane id="bottom_1">
                <vehicle id="cfm-fast_5" pos="24.71" speed="108.57"/>
            </lane>
        </edge>
        <edge id="left">
            <lane id="left_0">
                <vehicle id="cfm-fast_2" pos="6.83" speed="25.52"/>
                <vehicle id="cfm-fast_3" pos="23.40" speed="26.42"/>
                <vehicle id="cfm-fast_4" pos="40.91" speed="27.38"/>
            </lane>
            <lane id="left_1"/>
        </edge>
        <edge id="right">
            <lane id="right_0">
                <vehicle id="cfm-slow_2" pos="5.62" speed="27.65"/>
                <vehicle id="cfm-slow_3" pos="28.22" speed="26.78"/>
                <vehicle id="cfm-slow_4" pos="49.92" speed="25.84"/>
            </lane>
            <lane id="right_1"/>
        </edge>
        <edge id="top">
            <lane id="top_0">
                <vehicle id="cfm-slow_5" pos="20.68" speed="25.17"/>
                <vehicle id="cfm-fast_0" pos="40.79" speed="25.04"/>
            </lane>
            <lane id="top_1">
                <vehicle id="cfm-fast_1" pos="26.34" speed="106.85"/>
            </lane>
        </edge>
    </timestep>
    <timestep time="9.99">
        <edge id="bottom">
            <lane id="bottom_0">
                <vehicle id="cfm-slow_0" pos="9.68" speed="28.03"/>
                <vehicle id="cfm-slow_1" pos="32.77" speed="28.12"/>
            </lane>
            <lane id="bottom_1">
                <vehicle id="cfm-fast_5" pos="25.80" speed="108.57"/>
            </lane>
        </edge>
        <edge id="left">
            <lane id="left_0">
                <vehicle id="cfm-fast_2" pos="7.09" speed="25.53"/>
                <vehicle id="cfm-fast_3" pos="23.67" speed="26.43"/>
                <vehicle id="cfm-fast_4" pos="41.19" speed="27.39"/>
            </lane>
            <lane id="left_1"/>
        </edge>
        <edge id="right">
            <lane id="right_0">
                <vehicle id="cfm-slow_2" pos="5.89" speed="27.64"/>
                <vehicle id="cfm-slow_3" pos="28.49" speed="26.77"/>
            </lane>
            <lane id="right_1"/>
        </edge>
        <edge id="top">
            <lane id="top_0">
                <vehicle id="cfm-slow_4" pos="0.18" speed="25.83"/>
                <vehicle id="cfm-slow_5" pos="20.93" speed="25.17"/>
                <vehicle id="cfm-fast_0" pos="41.04" speed="25.05"/>
            </lane>
            <lane id="top_1">
                <vehicle id="cfm-fast_1" pos="27.41" speed="106.87"/>
            </lane>
        </edge>
    </timestep>
    <timestep time="10.00">
        <edge id="bottom">
            <lane id="bottom_0">
                <vehicle id="cfm-slow_0" pos="9.96" speed="28.03"/>
                <vehicle id="cfm-slow_1" pos="33.05" speed="28.11"/>
            </lane>
            <lane id="bottom_1">
                <vehicle id="cfm-fast_5" pos="26.88" speed="108.57"/>
            </lane>
        </edge>
        <edge id="left">
            <lane id="left_0">
                <vehicle id="cfm-fast_2" pos="7.34" speed="25.54"/>
                <vehicle id="cfm-fast_3" pos="23.93" speed="26.44"/>
                <vehicle id="cfm-fast_4" pos="41.46" speed="27.40"/>
            </lane>
            <lane id="left_1"/>
        </edge>
        <edge id="right">
            <lane id="right_0">
                <vehicle id="cfm-slow_2" pos="6.17" speed="27.63"/>
                <vehicle id="cfm-slow_3" pos="28.75" speed="26.76"/>
            </lane>
            <lane id="right_1"/>
        </edge>
        <edge id="top">
            <lane id="top_0">
                <vehicle id="cfm-slow_4" pos="0.44" speed="25.83"/>
                <vehicle id="cfm-slow_5" pos="21.18" speed="25.17"/>
                <vehicle id="cfm-fast_0" pos="41.29" speed="25.05"/>
            </lane>
            <lane id="top_1">
                <vehicle id="cfm-fast_1" pos="28.48" speed="106.89"/>
            </lane>
        </edge>
    </timestep>
    <timestep time="10.01">
        <edge id="bottom">
            <lane id="bottom_0">
                <vehicle id="cfm-slow_0" pos="1.00" speed="0.00"/>
                <vehicle id="cfm-slow_1" pos="16.83" speed="0.00"/>
                <vehicle id="cfm-slow_2" pos="32.67" speed="0.00"/>
                <vehicle id="cfm-slow_3" pos="48.50" speed="0.00"/>
            </lane>
            <lane id="bottom_1"/>
        </edge>
        <edge id="left">
            <lane id="left_0">
                <vehicle id="cfm-fast_4" pos="9.33" speed="0.00"/>
                <vehicle id="cfm-fast_5" pos="25.17" speed="0.00"/>
            </lane>
            <lane id="left_1"/>
        </edge>
        <edge id="right">
            <lane id="right_0">
                <vehicle id="cfm-slow_4" pos="14.33" speed="0.00"/>
                <vehicle id="cfm-slow_5" pos="30.17" speed="0.00"/>
                <vehicle id="cfm-fast_0" pos="46.00" speed="0.00"/>
            </lane>
            <lane id="right_1"/>
        </edge>
        <edge id="top">
            <lane id="top_0">
                <vehicle id="cfm-fast_1" pos="11.83" speed="0.00"/>
                <vehicle id="cfm-fast_2" pos="27.67" speed="0.00"/>
                <vehicle id="cfm-fast_3" pos="43.50" speed="0.00"/>
            </lane>
            <lane id="top_1"/>
        </edge>
    </timestep>
    <timestep time="10.02">
        <edge id="bottom">
            <lane id="bottom_0">
                <vehicle id="cfm-slow_0" pos="1.00" speed="0.03"/>
                <vehicle id="cfm-slow_1" pos="16.83" speed="0.03"/>
                <vehicle id="cfm-slow_2" pos="32.67" speed="0.03"/>
                <vehicle id="cfm-slow_3" pos="48.50" speed="0.03"/>
            </lane>
            <lane id="bottom_1"/>
        </edge>
        <edge id="left">
            <lane id="left_0">
                <vehicle id="cfm-fast_4" pos="9.33" speed="0.03"/>
                <vehicle id="cfm-fast_5" pos="25.17" speed="0.03"/>
            </lane>
            <lane id="left_1"/>
        </edge>
        <edge id="right">
            <lane id="right_0">
                <vehicle id="cfm-slow_4" pos="14.33" speed="0.03"/>
                <vehicle id="cfm-slow_5" pos="30.17" speed="0.03"/>
                <vehicle id="cfm-fast_0" pos="46.00" speed="0.03"/>
            </lane>
            <lane id="right_1"/>
        </edge>
        <edge id="top">
            <lane id="top_0">
                <vehicle id="cfm-fast_1" pos="11.83" speed="0.03"/>
                <vehicle id="cfm-fast_2" pos="27.67" speed="0.03"/>
                <vehicle id="cfm-fast_3" pos="43.50" speed="0.03"/>
            </lane>
            <lane id="top_1"/>
        </edge>
    </timestep>
</netstate>
